{
  "Plan": {
    "Node Type": "Aggregate",
    "Strategy": "Plain",
    "Partial Mode": "Simple",
    "Parallel Aware": false,
    "Startup Cost": 3595638.71,
    "Total Cost": 3595638.72,
    "Plan Rows": 1,
    "Plan Width": 128,
    "Actual Startup Time": 20595.578,
    "Actual Total Time": 20595.826,
    "Actual Rows": 1,
    "Actual Loops": 1,
    "Plans": [
      {
        "Node Type": "Merge Join",
        "Parent Relationship": "Outer",
        "Parallel Aware": false,
        "Join Type": "Inner",
        "Startup Cost": 3595638.63,
        "Total Cost": 3595638.7,
        "Plan Rows": 1,
        "Plan Width": 81,
        "Actual Startup Time": 20580.812,
        "Actual Total Time": 20594.766,
        "Actual Rows": 8024,
        "Actual Loops": 1,
        "Inner Unique": true,
        "Merge Cond": "(mk.keyword_id = k.id)",
        "Plans": [
          {
            "Node Type": "Sort",
            "Parent Relationship": "Outer",
            "Parallel Aware": false,
            "Startup Cost": 3592173.84,
            "Total Cost": 3592173.85,
            "Plan Rows": 5,
            "Plan Width": 85,
            "Actual Startup Time": 20559.286,
            "Actual Total Time": 20568.75,
            "Actual Rows": 52074,
            "Actual Loops": 1,
            "Sort Key": [
              "mk.keyword_id"
            ],
            "Sort Method": "quicksort",
            "Sort Space Used": 49340,
            "Sort Space Type": "Memory",
            "Plans": [
              {
                "Node Type": "Merge Join",
                "Parent Relationship": "Outer",
                "Parallel Aware": false,
                "Join Type": "Inner",
                "Startup Cost": 3592173.71,
                "Total Cost": 3592173.78,
                "Plan Rows": 5,
                "Plan Width": 85,
                "Actual Startup Time": 20387.506,
                "Actual Total Time": 20442.628,
                "Actual Rows": 338545,
                "Actual Loops": 1,
                "Inner Unique": false,
                "Merge Cond": "(cct2.id = cc.status_id)",
                "Plans": [
                  {
                    "Node Type": "Sort",
                    "Parent Relationship": "Outer",
                    "Parallel Aware": false,
                    "Startup Cost": 1.06,
                    "Total Cost": 1.06,
                    "Plan Rows": 1,
                    "Plan Width": 4,
                    "Actual Startup Time": 0.039,
                    "Actual Total Time": 0.042,
                    "Actual Rows": 1,
                    "Actual Loops": 1,
                    "Sort Key": [
                      "cct2.id"
                    ],
                    "Sort Method": "quicksort",
                    "Sort Space Used": 25,
                    "Sort Space Type": "Memory",
                    "Plans": [
                      {
                        "Node Type": "Seq Scan",
                        "Parent Relationship": "Outer",
                        "Parallel Aware": false,
                        "Relation Name": "comp_cast_type",
                        "Alias": "cct2",
                        "Startup Cost": 0.0,
                        "Total Cost": 1.05,
                        "Plan Rows": 1,
                        "Plan Width": 4,
                        "Actual Startup Time": 0.019,
                        "Actual Total Time": 0.021,
                        "Actual Rows": 1,
                        "Actual Loops": 1,
                        "Filter": "((kind)::text = 'complete+verified'::text)",
                        "Rows Removed by Filter": 3
                      }
                    ]
                  },
                  {
                    "Node Type": "Sort",
                    "Parent Relationship": "Inner",
                    "Parallel Aware": false,
                    "Startup Cost": 3592172.65,
                    "Total Cost": 3592172.67,
                    "Plan Rows": 10,
                    "Plan Width": 89,
                    "Actual Startup Time": 20367.51,
                    "Actual Total Time": 20389.348,
                    "Actual Rows": 572018,
                    "Actual Loops": 1,
                    "Sort Key": [
                      "cc.status_id"
                    ],
                    "Sort Method": "quicksort",
                    "Sort Space Used": 94661,
                    "Sort Space Type": "Memory",
                    "Plans": [
                      {
                        "Node Type": "Merge Join",
                        "Parent Relationship": "Outer",
                        "Parallel Aware": false,
                        "Join Type": "Inner",
                        "Startup Cost": 3592172.16,
                        "Total Cost": 3592172.48,
                        "Plan Rows": 10,
                        "Plan Width": 89,
                        "Actual Startup Time": 20111.764,
                        "Actual Total Time": 20214.583,
                        "Actual Rows": 572018,
                        "Actual Loops": 1,
                        "Inner Unique": true,
                        "Merge Cond": "(cc.subject_id = cct1.id)",
                        "Plans": [
                          {
                            "Node Type": "Sort",
                            "Parent Relationship": "Outer",
                            "Parallel Aware": false,
                            "Startup Cost": 3592171.1,
                            "Total Cost": 3592171.21,
                            "Plan Rows": 42,
                            "Plan Width": 93,
                            "Actual Startup Time": 20111.726,
                            "Actual Total Time": 20135.313,
                            "Actual Rows": 572019,
                            "Actual Loops": 1,
                            "Sort Key": [
                              "cc.subject_id"
                            ],
                            "Sort Method": "quicksort",
                            "Sort Space Used": 128241,
                            "Sort Space Type": "Memory",
                            "Plans": [
                              {
                                "Node Type": "Merge Join",
                                "Parent Relationship": "Outer",
                                "Parallel Aware": false,
                                "Join Type": "Inner",
                                "Startup Cost": 3585184.02,
                                "Total Cost": 3592169.97,
                                "Plan Rows": 42,
                                "Plan Width": 93,
                                "Actual Startup Time": 19673.76,
                                "Actual Total Time": 19901.134,
                                "Actual Rows": 771899,
                                "Actual Loops": 1,
                                "Inner Unique": false,
                                "Merge Cond": "(cc.movie_id = t.id)",
                                "Plans": [
                                  {
                                    "Node Type": "Index Scan",
                                    "Parent Relationship": "Outer",
                                    "Parallel Aware": false,
                                    "Scan Direction": "Forward",
                                    "Index Name": "movie_id_complete_cast",
                                    "Relation Name": "complete_cast",
                                    "Alias": "cc",
                                    "Startup Cost": 0.42,
                                    "Total Cost": 6650.11,
                                    "Plan Rows": 135086,
                                    "Plan Width": 12,
                                    "Actual Startup Time": 0.024,
                                    "Actual Total Time": 43.264,
                                    "Actual Rows": 132440,
                                    "Actual Loops": 1
                                  },
                                  {
                                    "Node Type": "Sort",
                                    "Parent Relationship": "Inner",
                                    "Parallel Aware": false,
                                    "Startup Cost": 3585183.6,
                                    "Total Cost": 3585184.33,
                                    "Plan Rows": 289,
                                    "Plan Width": 105,
                                    "Actual Startup Time": 19673.242,
                                    "Actual Total Time": 19716.23,
                                    "Actual Rows": 1137796,
                                    "Actual Loops": 1,
                                    "Sort Key": [
                                      "ci.movie_id"
                                    ],
                                    "Sort Method": "quicksort",
                                    "Sort Space Used": 157089,
                                    "Sort Space Type": "Memory",
                                    "Plans": [
                                      {
                                        "Node Type": "Merge Join",
                                        "Parent Relationship": "Outer",
                                        "Parallel Aware": false,
                                        "Join Type": "Inner",
                                        "Startup Cost": 3585006.87,
                                        "Total Cost": 3585171.79,
                                        "Plan Rows": 289,
                                        "Plan Width": 105,
                                        "Actual Startup Time": 19195.225,
                                        "Actual Total Time": 19385.222,
                                        "Actual Rows": 941053,
                                        "Actual Loops": 1,
                                        "Inner Unique": false,
                                        "Merge Cond": "(it2.id = mi_idx.info_type_id)",
                                        "Plans": [
                                          {
                                            "Node Type": "Sort",
                                            "Parent Relationship": "Outer",
                                            "Parallel Aware": false,
                                            "Startup Cost": 2.42,
                                            "Total Cost": 2.43,
                                            "Plan Rows": 1,
                                            "Plan Width": 4,
                                            "Actual Startup Time": 0.039,
                                            "Actual Total Time": 0.04,
                                            "Actual Rows": 1,
                                            "Actual Loops": 1,
                                            "Sort Key": [
                                              "it2.id"
                                            ],
                                            "Sort Method": "quicksort",
                                            "Sort Space Used": 25,
                                            "Sort Space Type": "Memory",
                                            "Plans": [
                                              {
                                                "Node Type": "Seq Scan",
                                                "Parent Relationship": "Outer",
                                                "Parallel Aware": false,
                                                "Relation Name": "info_type",
                                                "Alias": "it2",
                                                "Startup Cost": 0.0,
                                                "Total Cost": 2.41,
                                                "Plan Rows": 1,
                                                "Plan Width": 4,
                                                "Actual Startup Time": 0.024,
                                                "Actual Total Time": 0.025,
                                                "Actual Rows": 1,
                                                "Actual Loops": 1,
                                                "Filter": "((info)::text = 'votes'::text)",
                                                "Rows Removed by Filter": 112
                                              }
                                            ]
                                          },
                                          {
                                            "Node Type": "Sort",
                                            "Parent Relationship": "Inner",
                                            "Parallel Aware": false,
                                            "Startup Cost": 3585004.44,
                                            "Total Cost": 3585085.47,
                                            "Plan Rows": 32410,
                                            "Plan Width": 109,
                                            "Actual Startup Time": 19073.14,
                                            "Actual Total Time": 19179.737,
                                            "Actual Rows": 1882107,
                                            "Actual Loops": 1,
                                            "Sort Key": [
                                              "mi_idx.info_type_id"
                                            ],
                                            "Sort Method": "quicksort",
                                            "Sort Space Used": 500360,
                                            "Sort Space Type": "Memory",
                                            "Plans": [
                                              {
                                                "Node Type": "Merge Join",
                                                "Parent Relationship": "Outer",
                                                "Parallel Aware": false,
                                                "Join Type": "Inner",
                                                "Startup Cost": 3569460.47,
                                                "Total Cost": 3582576.26,
                                                "Plan Rows": 32410,
                                                "Plan Width": 109,
                                                "Actual Startup Time": 16817.723,
                                                "Actual Total Time": 18087.717,
                                                "Actual Rows": 2850661,
                                                "Actual Loops": 1,
                                                "Inner Unique": true,
                                                "Merge Cond": "(mi.movie_id = t.id)",
                                                "Plans": [
                                                  {
                                                    "Node Type": "Sort",
                                                    "Parent Relationship": "Outer",
                                                    "Parallel Aware": false,
                                                    "Startup Cost": 3239271.93,
                                                    "Total Cost": 3239352.96,
                                                    "Plan Rows": 32410,
                                                    "Plan Width": 88,
                                                    "Actual Startup Time": 15693.181,
                                                    "Actual Total Time": 15852.54,
                                                    "Actual Rows": 2850661,
                                                    "Actual Loops": 1,
                                                    "Sort Key": [
                                                      "ci.movie_id"
                                                    ],
                                                    "Sort Method": "quicksort",
                                                    "Sort Space Used": 488247,
                                                    "Sort Space Type": "Memory",
                                                    "Plans": [
                                                      {
                                                        "Node Type": "Merge Join",
                                                        "Parent Relationship": "Outer",
                                                        "Parallel Aware": false,
                                                        "Join Type": "Inner",
                                                        "Startup Cost": 3218211.09,
                                                        "Total Cost": 3236843.75,
                                                        "Plan Rows": 32410,
                                                        "Plan Width": 88,
                                                        "Actual Startup Time": 14269.215,
                                                        "Actual Total Time": 14775.146,
                                                        "Actual Rows": 2850661,
                                                        "Actual Loops": 1,
                                                        "Inner Unique": false,
                                                        "Merge Cond": "(it1.id = mi.info_type_id)",
                                                        "Plans": [
                                                          {
                                                            "Node Type": "Sort",
                                                            "Parent Relationship": "Outer",
                                                            "Parallel Aware": false,
                                                            "Startup Cost": 2.42,
                                                            "Total Cost": 2.43,
                                                            "Plan Rows": 1,
                                                            "Plan Width": 4,
                                                            "Actual Startup Time": 0.028,
                                                            "Actual Total Time": 0.029,
                                                            "Actual Rows": 1,
                                                            "Actual Loops": 1,
                                                            "Sort Key": [
                                                              "it1.id"
                                                            ],
                                                            "Sort Method": "quicksort",
                                                            "Sort Space Used": 25,
                                                            "Sort Space Type": "Memory",
                                                            "Plans": [
                                                              {
                                                                "Node Type": "Seq Scan",
                                                                "Parent Relationship": "Outer",
                                                                "Parallel Aware": false,
                                                                "Relation Name": "info_type",
                                                                "Alias": "it1",
                                                                "Startup Cost": 0.0,
                                                                "Total Cost": 2.41,
                                                                "Plan Rows": 1,
                                                                "Plan Width": 4,
                                                                "Actual Startup Time": 0.006,
                                                                "Actual Total Time": 0.014,
                                                                "Actual Rows": 1,
                                                                "Actual Loops": 1,
                                                                "Filter": "((info)::text = 'genres'::text)",
                                                                "Rows Removed by Filter": 112
                                                              }
                                                            ]
                                                          },
                                                          {
                                                            "Node Type": "Sort",
                                                            "Parent Relationship": "Inner",
                                                            "Parallel Aware": false,
                                                            "Startup Cost": 3218208.67,
                                                            "Total Cost": 3227362.97,
                                                            "Plan Rows": 3661721,
                                                            "Plan Width": 92,
                                                            "Actual Startup Time": 14269.177,
                                                            "Actual Total Time": 14379.152,
                                                            "Actual Rows": 2850662,
                                                            "Actual Loops": 1,
                                                            "Sort Key": [
                                                              "mi.info_type_id"
                                                            ],
                                                            "Sort Method": "quicksort",
                                                            "Sort Space Used": 559793,
                                                            "Sort Space Type": "Memory",
                                                            "Plans": [
                                                              {
                                                                "Node Type": "Merge Join",
                                                                "Parent Relationship": "Outer",
                                                                "Parallel Aware": false,
                                                                "Join Type": "Inner",
                                                                "Startup Cost": 2730209.22,
                                                                "Total Cost": 2819006.19,
                                                                "Plan Rows": 3661721,
                                                                "Plan Width": 92,
                                                                "Actual Startup Time": 12254.83,
                                                                "Actual Total Time": 13238.739,
                                                                "Actual Rows": 3285356,
                                                                "Actual Loops": 1,
                                                                "Inner Unique": true,
                                                                "Merge Cond": "(ci.person_id = n.id)",
                                                                "Plans": [
                                                                  {
                                                                    "Node Type": "Sort",
                                                                    "Parent Relationship": "Outer",
                                                                    "Parallel Aware": false,
                                                                    "Startup Cost": 2441343.45,
                                                                    "Total Cost": 2463177.53,
                                                                    "Plan Rows": 8733633,
                                                                    "Plan Width": 81,
                                                                    "Actual Startup Time": 10963.823,
                                                                    "Actual Total Time": 11146.427,
                                                                    "Actual Rows": 3285357,
                                                                    "Actual Loops": 1,
                                                                    "Sort Key": [
                                                                      "ci.person_id"
                                                                    ],
                                                                    "Sort Method": "quicksort",
                                                                    "Sort Space Used": 717536,
                                                                    "Sort Space Type": "Memory",
                                                                    "Plans": [
                                                                      {
                                                                        "Node Type": "Merge Join",
                                                                        "Parent Relationship": "Outer",
                                                                        "Parallel Aware": false,
                                                                        "Join Type": "Inner",
                                                                        "Startup Cost": 836842.72,
                                                                        "Total Cost": 1434436.33,
                                                                        "Plan Rows": 8733633,
                                                                        "Plan Width": 81,
                                                                        "Actual Startup Time": 3241.432,
                                                                        "Actual Total Time": 9418.271,
                                                                        "Actual Rows": 5130269,
                                                                        "Actual Loops": 1,
                                                                        "Inner Unique": false,
                                                                        "Merge Cond": "(mi.movie_id = mi_idx.movie_id)",
                                                                        "Plans": [
                                                                          {
                                                                            "Node Type": "Sort",
                                                                            "Parent Relationship": "Outer",
                                                                            "Parallel Aware": false,
                                                                            "Startup Cost": 250537.29,
                                                                            "Total Cost": 251010.31,
                                                                            "Plan Rows": 189208,
                                                                            "Plan Width": 51,
                                                                            "Actual Startup Time": 916.439,
                                                                            "Actual Total Time": 933.244,
                                                                            "Actual Rows": 188946,
                                                                            "Actual Loops": 1,
                                                                            "Sort Key": [
                                                                              "mi.movie_id"
                                                                            ],
                                                                            "Sort Method": "quicksort",
                                                                            "Sort Space Used": 16323,
                                                                            "Sort Space Type": "Memory",
                                                                            "Plans": [
                                                                              {
                                                                                "Node Type": "Gather",
                                                                                "Parent Relationship": "Outer",
                                                                                "Parallel Aware": false,
                                                                                "Startup Cost": 1000.0,
                                                                                "Total Cost": 233953.57,
                                                                                "Plan Rows": 189208,
                                                                                "Plan Width": 51,
                                                                                "Actual Startup Time": 550.492,
                                                                                "Actual Total Time": 856.536,
                                                                                "Actual Rows": 188971,
                                                                                "Actual Loops": 1,
                                                                                "Workers Planned": 5,
                                                                                "Workers Launched": 5,
                                                                                "Single Copy": false,
                                                                                "Plans": [
                                                                                  {
                                                                                    "Node Type": "Seq Scan",
                                                                                    "Parent Relationship": "Outer",
                                                                                    "Parallel Aware": true,
                                                                                    "Relation Name": "movie_info",
                                                                                    "Alias": "mi",
                                                                                    "Startup Cost": 0.0,
                                                                                    "Total Cost": 214032.77,
                                                                                    "Plan Rows": 37842,
                                                                                    "Plan Width": 51,
                                                                                    "Actual Startup Time": 512.902,
                                                                                    "Actual Total Time": 844.973,
                                                                                    "Actual Rows": 31495,
                                                                                    "Actual Loops": 6,
                                                                                    "Filter": "(info = ANY ('{Horror,Action,Sci-Fi,Thriller,Crime,War}'::text[]))",
                                                                                    "Rows Removed by Filter": 2441125
                                                                                  }
                                                                                ]
                                                                              }
                                                                            ]
                                                                          },
                                                                          {
                                                                            "Node Type": "Materialize",
                                                                            "Parent Relationship": "Inner",
                                                                            "Parallel Aware": false,
                                                                            "Startup Cost": 586305.41,
                                                                            "Total Cost": 1071376.46,
                                                                            "Plan Rows": 16664845,
                                                                            "Plan Width": 30,
                                                                            "Actual Startup Time": 2315.696,
                                                                            "Actual Total Time": 7441.93,
                                                                            "Actual Rows": 9217776,
                                                                            "Actual Loops": 1,
                                                                            "Plans": [
                                                                              {
                                                                                "Node Type": "Merge Join",
                                                                                "Parent Relationship": "Outer",
                                                                                "Parallel Aware": false,
                                                                                "Join Type": "Inner",
                                                                                "Startup Cost": 586305.41,
                                                                                "Total Cost": 1029714.34,
                                                                                "Plan Rows": 16664845,
                                                                                "Plan Width": 30,
                                                                                "Actual Startup Time": 2315.682,
                                                                                "Actual Total Time": 5721.498,
                                                                                "Actual Rows": 6806711,
                                                                                "Actual Loops": 1,
                                                                                "Inner Unique": false,
                                                                                "Merge Cond": "(mi_idx.movie_id = ci.movie_id)",
                                                                                "Plans": [
                                                                                  {
                                                                                    "Node Type": "Index Scan",
                                                                                    "Parent Relationship": "Outer",
                                                                                    "Parallel Aware": false,
                                                                                    "Scan Direction": "Forward",
                                                                                    "Index Name": "movie_id_movie_info_idx",
                                                                                    "Relation Name": "movie_info_idx",
                                                                                    "Alias": "mi_idx",
                                                                                    "Startup Cost": 0.43,
                                                                                    "Total Cost": 53622.74,
                                                                                    "Plan Rows": 1380035,
                                                                                    "Plan Width": 14,
                                                                                    "Actual Startup Time": 0.028,
                                                                                    "Actual Total Time": 241.134,
                                                                                    "Actual Rows": 1380012,
                                                                                    "Actual Loops": 1
                                                                                  },
                                                                                  {
                                                                                    "Node Type": "Materialize",
                                                                                    "Parent Relationship": "Inner",
                                                                                    "Parallel Aware": false,
                                                                                    "Startup Cost": 586292.65,
                                                                                    "Total Cost": 870052.69,
                                                                                    "Plan Rows": 5446054,
                                                                                    "Plan Width": 16,
                                                                                    "Actual Startup Time": 2315.645,
                                                                                    "Actual Total Time": 4567.097,
                                                                                    "Actual Rows": 7167087,
                                                                                    "Actual Loops": 1,
                                                                                    "Plans": [
                                                                                      {
                                                                                        "Node Type": "Merge Join",
                                                                                        "Parent Relationship": "Outer",
                                                                                        "Parallel Aware": false,
                                                                                        "Join Type": "Inner",
                                                                                        "Startup Cost": 586292.65,
                                                                                        "Total Cost": 856437.56,
                                                                                        "Plan Rows": 5446054,
                                                                                        "Plan Width": 16,
                                                                                        "Actual Startup Time": 2315.631,
                                                                                        "Actual Total Time": 3917.853,
                                                                                        "Actual Rows": 2619220,
                                                                                        "Actual Loops": 1,
                                                                                        "Inner Unique": false,
                                                                                        "Merge Cond": "(mk.movie_id = ci.movie_id)",
                                                                                        "Plans": [
                                                                                          {
                                                                                            "Node Type": "Index Scan",
                                                                                            "Parent Relationship": "Outer",
                                                                                            "Parallel Aware": false,
                                                                                            "Scan Direction": "Forward",
                                                                                            "Index Name": "movie_id_movie_keyword",
                                                                                            "Relation Name": "movie_keyword",
                                                                                            "Alias": "mk",
                                                                                            "Startup Cost": 0.43,
                                                                                            "Total Cost": 177148.48,
                                                                                            "Plan Rows": 4523930,
                                                                                            "Plan Width": 8,
                                                                                            "Actual Startup Time": 0.02,
                                                                                            "Actual Total Time": 627.711,
                                                                                            "Actual Rows": 4523928,
                                                                                            "Actual Loops": 1
                                                                                          },
                                                                                          {
                                                                                            "Node Type": "Sort",
                                                                                            "Parent Relationship": "Inner",
                                                                                            "Parallel Aware": false,
                                                                                            "Startup Cost": 586290.45,
                                                                                            "Total Cost": 589209.2,
                                                                                            "Plan Rows": 1167502,
                                                                                            "Plan Width": 8,
                                                                                            "Actual Startup Time": 2315.584,
                                                                                            "Actual Total Time": 2606.304,
                                                                                            "Actual Rows": 3645679,
                                                                                            "Actual Loops": 1,
                                                                                            "Sort Key": [
                                                                                              "ci.movie_id"
                                                                                            ],
                                                                                            "Sort Method": "quicksort",
                                                                                            "Sort Space Used": 107499,
                                                                                            "Sort Space Type": "Memory",
                                                                                            "Plans": [
                                                                                              {
                                                                                                "Node Type": "Gather",
                                                                                                "Parent Relationship": "Outer",
                                                                                                "Parallel Aware": false,
                                                                                                "Startup Cost": 1000.0,
                                                                                                "Total Cost": 468635.47,
                                                                                                "Plan Rows": 1167502,
                                                                                                "Plan Width": 8,
                                                                                                "Actual Startup Time": 77.441,
                                                                                                "Actual Total Time": 2020.963,
                                                                                                "Actual Rows": 1244716,
                                                                                                "Actual Loops": 1,
                                                                                                "Workers Planned": 6,
                                                                                                "Workers Launched": 2,
                                                                                                "Single Copy": false,
                                                                                                "Plans": [
                                                                                                  {
                                                                                                    "Node Type": "Seq Scan",
                                                                                                    "Parent Relationship": "Outer",
                                                                                                    "Parallel Aware": true,
                                                                                                    "Relation Name": "cast_info",
                                                                                                    "Alias": "ci",
                                                                                                    "Startup Cost": 0.0,
                                                                                                    "Total Cost": 350885.27,
                                                                                                    "Plan Rows": 194584,
                                                                                                    "Plan Width": 8,
                                                                                                    "Actual Startup Time": 184.107,
                                                                                                    "Actual Total Time": 1811.227,
                                                                                                    "Actual Rows": 414905,
                                                                                                    "Actual Loops": 3,
                                                                                                    "Filter": "(note = ANY ('{(writer),\"(head writer)\",\"(written by)\",(story),\"(story editor)\"}'::text[]))",
                                                                                                    "Rows Removed by Filter": 11666543
                                                                                                  }
                                                                                                ]
                                                                                              }
                                                                                            ]
                                                                                          }
                                                                                        ]
                                                                                      }
                                                                                    ]
                                                                                  }
                                                                                ]
                                                                              }
                                                                            ]
                                                                          }
                                                                        ]
                                                                      }
                                                                    ]
                                                                  },
                                                                  {
                                                                    "Node Type": "Sort",
                                                                    "Parent Relationship": "Inner",
                                                                    "Parallel Aware": false,
                                                                    "Startup Cost": 288864.92,
                                                                    "Total Cost": 293233.03,
                                                                    "Plan Rows": 1747242,
                                                                    "Plan Width": 19,
                                                                    "Actual Startup Time": 1290.813,
                                                                    "Actual Total Time": 1456.973,
                                                                    "Actual Rows": 1739579,
                                                                    "Actual Loops": 1,
                                                                    "Sort Key": [
                                                                      "n.id"
                                                                    ],
                                                                    "Sort Method": "quicksort",
                                                                    "Sort Space Used": 176730,
                                                                    "Sort Space Type": "Memory",
                                                                    "Plans": [
                                                                      {
                                                                        "Node Type": "Seq Scan",
                                                                        "Parent Relationship": "Outer",
                                                                        "Parallel Aware": false,
                                                                        "Relation Name": "name",
                                                                        "Alias": "n",
                                                                        "Startup Cost": 0.0,
                                                                        "Total Cost": 107705.21,
                                                                        "Plan Rows": 1747242,
                                                                        "Plan Width": 19,
                                                                        "Actual Startup Time": 0.04,
                                                                        "Actual Total Time": 745.707,
                                                                        "Actual Rows": 1739579,
                                                                        "Actual Loops": 1,
                                                                        "Filter": "((gender)::text = 'm'::text)",
                                                                        "Rows Removed by Filter": 2427912
                                                                      }
                                                                    ]
                                                                  }
                                                                ]
                                                              }
                                                            ]
                                                          }
                                                        ]
                                                      }
                                                    ]
                                                  },
                                                  {
                                                    "Node Type": "Sort",
                                                    "Parent Relationship": "Inner",
                                                    "Parallel Aware": false,
                                                    "Startup Cost": 330188.2,
                                                    "Total Cost": 336509.47,
                                                    "Plan Rows": 2528509,
                                                    "Plan Width": 21,
                                                    "Actual Startup Time": 1121.16,
                                                    "Actual Total Time": 1513.834,
                                                    "Actual Rows": 2525669,
                                                    "Actual Loops": 1,
                                                    "Sort Key": [
                                                      "t.id"
                                                    ],
                                                    "Sort Method": "quicksort",
                                                    "Sort Space Used": 275055,
                                                    "Sort Space Type": "Memory",
                                                    "Plans": [
                                                      {
                                                        "Node Type": "Seq Scan",
                                                        "Parent Relationship": "Outer",
                                                        "Parallel Aware": false,
                                                        "Relation Name": "title",
                                                        "Alias": "t",
                                                        "Startup Cost": 0.0,
                                                        "Total Cost": 61283.09,
                                                        "Plan Rows": 2528509,
                                                        "Plan Width": 21,
                                                        "Actual Startup Time": 0.032,
                                                        "Actual Total Time": 316.169,
                                                        "Actual Rows": 2528312,
                                                        "Actual Loops": 1
                                                      }
                                                    ]
                                                  }
                                                ]
                                              }
                                            ]
                                          }
                                        ]
                                      }
                                    ]
                                  }
                                ]
                              }
                            ]
                          },
                          {
                            "Node Type": "Sort",
                            "Parent Relationship": "Inner",
                            "Parallel Aware": false,
                            "Startup Cost": 1.06,
                            "Total Cost": 1.06,
                            "Plan Rows": 1,
                            "Plan Width": 4,
                            "Actual Startup Time": 0.033,
                            "Actual Total Time": 0.035,
                            "Actual Rows": 1,
                            "Actual Loops": 1,
                            "Sort Key": [
                              "cct1.id"
                            ],
                            "Sort Method": "quicksort",
                            "Sort Space Used": 25,
                            "Sort Space Type": "Memory",
                            "Plans": [
                              {
                                "Node Type": "Seq Scan",
                                "Parent Relationship": "Outer",
                                "Parallel Aware": false,
                                "Relation Name": "comp_cast_type",
                                "Alias": "cct1",
                                "Startup Cost": 0.0,
                                "Total Cost": 1.05,
                                "Plan Rows": 1,
                                "Plan Width": 4,
                                "Actual Startup Time": 0.02,
                                "Actual Total Time": 0.021,
                                "Actual Rows": 1,
                                "Actual Loops": 1,
                                "Filter": "((kind)::text = 'cast'::text)",
                                "Rows Removed by Filter": 3
                              }
                            ]
                          }
                        ]
                      }
                    ]
                  }
                ]
              }
            ]
          },
          {
            "Node Type": "Sort",
            "Parent Relationship": "Inner",
            "Parallel Aware": false,
            "Startup Cost": 3464.79,
            "Total Cost": 3464.8,
            "Plan Rows": 7,
            "Plan Width": 4,
            "Actual Startup Time": 19.491,
            "Actual Total Time": 19.493,
            "Actual Rows": 7,
            "Actual Loops": 1,
            "Sort Key": [
              "k.id"
            ],
            "Sort Method": "quicksort",
            "Sort Space Used": 25,
            "Sort Space Type": "Memory",
            "Plans": [
              {
                "Node Type": "Seq Scan",
                "Parent Relationship": "Outer",
                "Parallel Aware": false,
                "Relation Name": "keyword",
                "Alias": "k",
                "Startup Cost": 0.0,
                "Total Cost": 3464.69,
                "Plan Rows": 7,
                "Plan Width": 4,
                "Actual Startup Time": 0.59,
                "Actual Total Time": 19.475,
                "Actual Rows": 7,
                "Actual Loops": 1,
                "Filter": "(keyword = ANY ('{murder,violence,blood,gore,death,female-nudity,hospital}'::text[]))",
                "Rows Removed by Filter": 134163
              }
            ]
          }
        ]
      }
    ]
  },
  "Planning Time": 98.586,
  "Triggers": [],
  "Execution Time": 20779.187
}