[
  {
    "Plan": {
      "Node Type": "Aggregate",
      "Strategy": "Plain",
      "Partial Mode": "Finalize",
      "Parallel Aware": false,
      "Startup Cost": 344241.17,
      "Total Cost": 344241.18,
      "Plan Rows": 1,
      "Plan Width": 8,
      "Actual Startup Time": 926.968,
      "Actual Total Time": 986.744,
      "Actual Rows": 1,
      "Actual Loops": 1,
      "Plans": [
        {
          "Node Type": "Gather",
          "Parent Relationship": "Outer",
          "Parallel Aware": false,
          "Startup Cost": 344240.54,
          "Total Cost": 344241.15,
          "Plan Rows": 6,
          "Plan Width": 8,
          "Actual Startup Time": 926.867,
          "Actual Total Time": 986.733,
          "Actual Rows": 7,
          "Actual Loops": 1,
          "Workers Planned": 6,
          "Workers Launched": 6,
          "Single Copy": false,
          "Plans": [
            {
              "Node Type": "Aggregate",
              "Strategy": "Plain",
              "Partial Mode": "Partial",
              "Parent Relationship": "Outer",
              "Parallel Aware": false,
              "Startup Cost": 343240.54,
              "Total Cost": 343240.55,
              "Plan Rows": 1,
              "Plan Width": 8,
              "Actual Startup Time": 916.451,
              "Actual Total Time": 916.452,
              "Actual Rows": 1,
              "Actual Loops": 7,
              "Plans": [
                {
                  "Node Type": "Seq Scan",
                  "Parent Relationship": "Outer",
                  "Parallel Aware": true,
                  "Relation Name": "cast_info",
                  "Alias": "ci",
                  "Startup Cost": 0.0,
                  "Total Cost": 328162.03,
                  "Plan Rows": 6031406,
                  "Plan Width": 0,
                  "Actual Startup Time": 0.858,
                  "Actual Total Time": 682.084,
                  "Actual Rows": 5172741,
                  "Actual Loops": 7,
                  "Filter": "(person_id > 4731)",
                  "Rows Removed by Filter": 5022
                }
              ]
            }
          ]
        }
      ]
    },
    "Planning Time": 0.229,
    "Triggers": [],
    "Execution Time": 986.812
  }
]