[
  {
    "Plan": {
      "Node Type": "Aggregate",
      "Strategy": "Plain",
      "Partial Mode": "Finalize",
      "Parallel Aware": false,
      "Startup Cost": 34924.29,
      "Total Cost": 34924.3,
      "Plan Rows": 1,
      "Plan Width": 8,
      "Actual Startup Time": 167.351,
      "Actual Total Time": 189.469,
      "Actual Rows": 1,
      "Actual Loops": 1,
      "Plans": [
        {
          "Node Type": "Gather",
          "Parent Relationship": "Outer",
          "Parallel Aware": false,
          "Startup Cost": 34924.07,
          "Total Cost": 34924.28,
          "Plan Rows": 2,
          "Plan Width": 8,
          "Actual Startup Time": 167.136,
          "Actual Total Time": 189.459,
          "Actual Rows": 3,
          "Actual Loops": 1,
          "Workers Planned": 2,
          "Workers Launched": 2,
          "Single Copy": false,
          "Plans": [
            {
              "Node Type": "Aggregate",
              "Strategy": "Plain",
              "Partial Mode": "Partial",
              "Parent Relationship": "Outer",
              "Parallel Aware": false,
              "Startup Cost": 33924.07,
              "Total Cost": 33924.08,
              "Plan Rows": 1,
              "Plan Width": 8,
              "Actual Startup Time": 158.993,
              "Actual Total Time": 158.996,
              "Actual Rows": 1,
              "Actual Loops": 3,
              "Plans": [
                {
                  "Node Type": "Nested Loop",
                  "Parent Relationship": "Outer",
                  "Parallel Aware": false,
                  "Join Type": "Inner",
                  "Startup Cost": 119.37,
                  "Total Cost": 33891.0,
                  "Plan Rows": 13227,
                  "Plan Width": 0,
                  "Actual Startup Time": 2.911,
                  "Actual Total Time": 149.444,
                  "Actual Rows": 173611,
                  "Actual Loops": 3,
                  "Inner Unique": false,
                  "Plans": [
                    {
                      "Node Type": "Nested Loop",
                      "Parent Relationship": "Outer",
                      "Parallel Aware": false,
                      "Join Type": "Inner",
                      "Startup Cost": 118.94,
                      "Total Cost": 29520.74,
                      "Plan Rows": 2262,
                      "Plan Width": 8,
                      "Actual Startup Time": 2.716,
                      "Actual Total Time": 24.299,
                      "Actual Rows": 1635,
                      "Actual Loops": 3,
                      "Inner Unique": true,
                      "Plans": [
                        {
                          "Node Type": "Bitmap Heap Scan",
                          "Parent Relationship": "Outer",
                          "Parallel Aware": true,
                          "Relation Name": "movie_keyword",
                          "Alias": "mk",
                          "Startup Cost": 118.51,
                          "Total Cost": 13140.73,
                          "Plan Rows": 2262,
                          "Plan Width": 4,
                          "Actual Startup Time": 2.533,
                          "Actual Total Time": 9.26,
                          "Actual Rows": 1635,
                          "Actual Loops": 3,
                          "Recheck Cond": "(keyword_id = 24382)",
                          "Rows Removed by Index Recheck": 0,
                          "Exact Heap Blocks": 1717,
                          "Lossy Heap Blocks": 0,
                          "Plans": [
                            {
                              "Node Type": "Bitmap Index Scan",
                              "Parent Relationship": "Outer",
                              "Parallel Aware": false,
                              "Index Name": "keyword_id_movie_keyword",
                              "Startup Cost": 0.0,
                              "Total Cost": 117.15,
                              "Plan Rows": 5429,
                              "Plan Width": 0,
                              "Actual Startup Time": 5.293,
                              "Actual Total Time": 5.294,
                              "Actual Rows": 4904,
                              "Actual Loops": 1,
                              "Index Cond": "(keyword_id = 24382)"
                            }
                          ]
                        },
                        {
                          "Node Type": "Index Only Scan",
                          "Parent Relationship": "Inner",
                          "Parallel Aware": false,
                          "Scan Direction": "Forward",
                          "Index Name": "title_pkey",
                          "Relation Name": "title",
                          "Alias": "t",
                          "Startup Cost": 0.43,
                          "Total Cost": 7.24,
                          "Plan Rows": 1,
                          "Plan Width": 4,
                          "Actual Startup Time": 0.009,
                          "Actual Total Time": 0.009,
                          "Actual Rows": 1,
                          "Actual Loops": 4904,
                          "Index Cond": "(id = mk.movie_id)",
                          "Rows Removed by Index Recheck": 0,
                          "Heap Fetches": 4904
                        }
                      ]
                    },
                    {
                      "Node Type": "Index Only Scan",
                      "Parent Relationship": "Inner",
                      "Parallel Aware": false,
                      "Scan Direction": "Forward",
                      "Index Name": "movie_id_movie_info",
                      "Relation Name": "movie_info",
                      "Alias": "mi",
                      "Startup Cost": 0.43,
                      "Total Cost": 1.51,
                      "Plan Rows": 42,
                      "Plan Width": 4,
                      "Actual Startup Time": 0.014,
                      "Actual Total Time": 0.068,
                      "Actual Rows": 106,
                      "Actual Loops": 4904,
                      "Index Cond": "(movie_id = t.id)",
                      "Rows Removed by Index Recheck": 0,
                      "Heap Fetches": 520833
                    }
                  ]
                }
              ]
            }
          ]
        }
      ]
    },
    "Planning Time": 1.449,
    "Triggers": [],
    "Execution Time": 189.588
  }
]