[
  {
    "Plan": {
      "Node Type": "Aggregate",
      "Strategy": "Plain",
      "Partial Mode": "Finalize",
      "Parallel Aware": false,
      "Startup Cost": 342190.93,
      "Total Cost": 342190.94,
      "Plan Rows": 1,
      "Plan Width": 8,
      "Actual Startup Time": 822.896,
      "Actual Total Time": 852.101,
      "Actual Rows": 1,
      "Actual Loops": 1,
      "Plans": [
        {
          "Node Type": "Gather",
          "Parent Relationship": "Outer",
          "Parallel Aware": false,
          "Startup Cost": 342190.31,
          "Total Cost": 342190.92,
          "Plan Rows": 6,
          "Plan Width": 8,
          "Actual Startup Time": 822.761,
          "Actual Total Time": 852.093,
          "Actual Rows": 7,
          "Actual Loops": 1,
          "Workers Planned": 6,
          "Workers Launched": 6,
          "Single Copy": false,
          "Plans": [
            {
              "Node Type": "Aggregate",
              "Strategy": "Plain",
              "Partial Mode": "Partial",
              "Parent Relationship": "Outer",
              "Parallel Aware": false,
              "Startup Cost": 341190.31,
              "Total Cost": 341190.32,
              "Plan Rows": 1,
              "Plan Width": 8,
              "Actual Startup Time": 818.903,
              "Actual Total Time": 818.904,
              "Actual Rows": 1,
              "Actual Loops": 7,
              "Plans": [
                {
                  "Node Type": "Seq Scan",
                  "Parent Relationship": "Outer",
                  "Parallel Aware": true,
                  "Relation Name": "cast_info",
                  "Alias": "ci",
                  "Startup Cost": 0.0,
                  "Total Cost": 328213.62,
                  "Plan Rows": 5190677,
                  "Plan Width": 0,
                  "Actual Startup Time": 54.972,
                  "Actual Total Time": 609.311,
                  "Actual Rows": 4434578,
                  "Actual Loops": 7,
                  "Filter": "(person_id > 503109)",
                  "Rows Removed by Filter": 743186
                }
              ]
            }
          ]
        }
      ]
    },
    "Planning Time": 0.099,
    "Triggers": [],
    "Execution Time": 852.154
  }
]