[
    {
        "Bao": {
            "Bao prediction": "NaN",
            "Bao recommended hint": "(no hint)"
        }
    },
    {
        "Plan": {
            "Node Type": "Aggregate",
            "Strategy": "Plain",
            "Partial Mode": "Finalize",
            "Parallel Aware": false,
            "Startup Cost": 23940.68,
            "Total Cost": 23940.69,
            "Plan Rows": 1,
            "Plan Width": 8,
            "Actual Startup Time": 35.395,
            "Actual Total Time": 38.985,
            "Actual Rows": 1,
            "Actual Loops": 1,
            "Output": [
                "count(*)"
            ],
            "Plans": [
                {
                    "Node Type": "Gather",
                    "Parent Relationship": "Outer",
                    "Parallel Aware": false,
                    "Startup Cost": 23940.36,
                    "Total Cost": 23940.67,
                    "Plan Rows": 3,
                    "Plan Width": 8,
                    "Actual Startup Time": 35.261,
                    "Actual Total Time": 38.978,
                    "Actual Rows": 4,
                    "Actual Loops": 1,
                    "Output": [
                        "(PARTIAL count(*))"
                    ],
                    "Workers Planned": 3,
                    "Workers Launched": 3,
                    "Single Copy": false,
                    "Plans": [
                        {
                            "Node Type": "Aggregate",
                            "Strategy": "Plain",
                            "Partial Mode": "Partial",
                            "Parent Relationship": "Outer",
                            "Parallel Aware": false,
                            "Startup Cost": 22940.36,
                            "Total Cost": 22940.37,
                            "Plan Rows": 1,
                            "Plan Width": 8,
                            "Actual Startup Time": 26.238,
                            "Actual Total Time": 26.239,
                            "Actual Rows": 1,
                            "Actual Loops": 4,
                            "Output": [
                                "PARTIAL count(*)"
                            ],
                            "Workers": [
                                {
                                    "Worker Number": 0,
                                    "Actual Startup Time": 22.883,
                                    "Actual Total Time": 22.884,
                                    "Actual Rows": 1,
                                    "Actual Loops": 1
                                },
                                {
                                    "Worker Number": 1,
                                    "Actual Startup Time": 23.391,
                                    "Actual Total Time": 23.392,
                                    "Actual Rows": 1,
                                    "Actual Loops": 1
                                },
                                {
                                    "Worker Number": 2,
                                    "Actual Startup Time": 24.034,
                                    "Actual Total Time": 24.036,
                                    "Actual Rows": 1,
                                    "Actual Loops": 1
                                }
                            ],
                            "Plans": [
                                {
                                    "Node Type": "Bitmap Heap Scan",
                                    "Parent Relationship": "Outer",
                                    "Parallel Aware": true,
                                    "Relation Name": "movie_companies",
                                    "Schema": "public",
                                    "Alias": "mc",
                                    "Startup Cost": 3393.18,
                                    "Total Cost": 22814.16,
                                    "Plan Rows": 50479,
                                    "Plan Width": 0,
                                    "Actual Startup Time": 2.401,
                                    "Actual Total Time": 23.431,
                                    "Actual Rows": 39757,
                                    "Actual Loops": 4,
                                    "Recheck Cond": "(mc.company_id > 128217)",
                                    "Rows Removed by Index Recheck": 0,
                                    "Exact Heap Blocks": 2695,
                                    "Lossy Heap Blocks": 0,
                                    "Workers": [
                                        {
                                            "Worker Number": 0,
                                            "Actual Startup Time": 0.178,
                                            "Actual Total Time": 20.724,
                                            "Actual Rows": 17262,
                                            "Actual Loops": 1
                                        },
                                        {
                                            "Worker Number": 1,
                                            "Actual Startup Time": 0.165,
                                            "Actual Total Time": 21.152,
                                            "Actual Rows": 17203,
                                            "Actual Loops": 1
                                        },
                                        {
                                            "Worker Number": 2,
                                            "Actual Startup Time": 0.201,
                                            "Actual Total Time": 21.685,
                                            "Actual Rows": 18026,
                                            "Actual Loops": 1
                                        }
                                    ],
                                    "Plans": [
                                        {
                                            "Node Type": "Bitmap Index Scan",
                                            "Parent Relationship": "Outer",
                                            "Parallel Aware": false,
                                            "Index Name": "company_id_movie_companies",
                                            "Startup Cost": 0.0,
                                            "Total Cost": 3354.06,
                                            "Plan Rows": 156484,
                                            "Plan Width": 0,
                                            "Actual Startup Time": 8.291,
                                            "Actual Total Time": 8.291,
                                            "Actual Rows": 159028,
                                            "Actual Loops": 1,
                                            "Index Cond": "(mc.company_id > 128217)"
                                        }
                                    ]
                                }
                            ]
                        }
                    ]
                }
            ]
        },
        "Planning Time": 183.308,
        "Triggers": [],
        "Execution Time": 39.086
    }
]