[
  {
    "Plan": {
      "Node Type": "Aggregate",
      "Strategy": "Plain",
      "Partial Mode": "Finalize",
      "Parallel Aware": false,
      "Startup Cost": 79096.33,
      "Total Cost": 79096.34,
      "Plan Rows": 1,
      "Plan Width": 8,
      "Actual Startup Time": 304.642,
      "Actual Total Time": 320.119,
      "Actual Rows": 1,
      "Actual Loops": 1,
      "Plans": [
        {
          "Node Type": "Gather",
          "Parent Relationship": "Outer",
          "Parallel Aware": false,
          "Startup Cost": 79096.02,
          "Total Cost": 79096.33,
          "Plan Rows": 3,
          "Plan Width": 8,
          "Actual Startup Time": 301.887,
          "Actual Total Time": 320.107,
          "Actual Rows": 4,
          "Actual Loops": 1,
          "Workers Planned": 3,
          "Workers Launched": 3,
          "Single Copy": false,
          "Plans": [
            {
              "Node Type": "Aggregate",
              "Strategy": "Plain",
              "Partial Mode": "Partial",
              "Parent Relationship": "Outer",
              "Parallel Aware": false,
              "Startup Cost": 78096.02,
              "Total Cost": 78096.03,
              "Plan Rows": 1,
              "Plan Width": 8,
              "Actual Startup Time": 293.178,
              "Actual Total Time": 293.181,
              "Actual Rows": 1,
              "Actual Loops": 4,
              "Plans": [
                {
                  "Node Type": "Hash Join",
                  "Parent Relationship": "Outer",
                  "Parallel Aware": true,
                  "Join Type": "Inner",
                  "Startup Cost": 48017.21,
                  "Total Cost": 77916.07,
                  "Plan Rows": 71980,
                  "Plan Width": 0,
                  "Actual Startup Time": 181.312,
                  "Actual Total Time": 290.829,
                  "Actual Rows": 57320,
                  "Actual Loops": 4,
                  "Inner Unique": true,
                  "Hash Cond": "(mc.movie_id = t.id)",
                  "Plans": [
                    {
                      "Node Type": "Seq Scan",
                      "Parent Relationship": "Outer",
                      "Parallel Aware": true,
                      "Relation Name": "movie_companies",
                      "Alias": "mc",
                      "Startup Cost": 0.0,
                      "Total Cost": 29310.68,
                      "Plan Rows": 224066,
                      "Plan Width": 4,
                      "Actual Startup Time": 0.02,
                      "Actual Total Time": 61.066,
                      "Actual Rows": 172490,
                      "Actual Loops": 4,
                      "Filter": "(company_id < 1263)",
                      "Rows Removed by Filter": 479793
                    },
                    {
                      "Node Type": "Hash",
                      "Parent Relationship": "Inner",
                      "Parallel Aware": true,
                      "Startup Cost": 45479.1,
                      "Total Cost": 45479.1,
                      "Plan Rows": 203049,
                      "Plan Width": 4,
                      "Actual Startup Time": 176.05,
                      "Actual Total Time": 176.05,
                      "Actual Rows": 184690,
                      "Actual Loops": 4,
                      "Hash Buckets": 1048576,
                      "Original Hash Buckets": 1048576,
                      "Hash Batches": 1,
                      "Original Hash Batches": 1,
                      "Peak Memory Usage": 37152,
                      "Plans": [
                        {
                          "Node Type": "Seq Scan",
                          "Parent Relationship": "Outer",
                          "Parallel Aware": true,
                          "Relation Name": "title",
                          "Alias": "t",
                          "Startup Cost": 0.0,
                          "Total Cost": 45479.1,
                          "Plan Rows": 203049,
                          "Plan Width": 4,
                          "Actual Startup Time": 0.04,
                          "Actual Total Time": 104.474,
                          "Actual Rows": 184690,
                          "Actual Loops": 4,
                          "Filter": "((production_year < 2005) AND (kind_id = 7))",
                          "Rows Removed by Filter": 447388
                        }
                      ]
                    }
                  ]
                }
              ]
            }
          ]
        }
      ]
    },
    "Planning Time": 0.585,
    "Triggers": [],
    "Execution Time": 320.195
  }
]