[
  {
    "Plan": {
      "Node Type": "Aggregate",
      "Strategy": "Plain",
      "Partial Mode": "Finalize",
      "Parallel Aware": false,
      "Startup Cost": 39702.32,
      "Total Cost": 39702.33,
      "Plan Rows": 1,
      "Plan Width": 8,
      "Actual Startup Time": 43.967,
      "Actual Total Time": 48.207,
      "Actual Rows": 1,
      "Actual Loops": 1,
      "Plans": [
        {
          "Node Type": "Gather",
          "Parent Relationship": "Outer",
          "Parallel Aware": false,
          "Startup Cost": 39701.9,
          "Total Cost": 39702.31,
          "Plan Rows": 4,
          "Plan Width": 8,
          "Actual Startup Time": 43.77,
          "Actual Total Time": 48.201,
          "Actual Rows": 5,
          "Actual Loops": 1,
          "Workers Planned": 4,
          "Workers Launched": 4,
          "Single Copy": false,
          "Plans": [
            {
              "Node Type": "Aggregate",
              "Strategy": "Plain",
              "Partial Mode": "Partial",
              "Parent Relationship": "Outer",
              "Parallel Aware": false,
              "Startup Cost": 38701.9,
              "Total Cost": 38701.91,
              "Plan Rows": 1,
              "Plan Width": 8,
              "Actual Startup Time": 36.84,
              "Actual Total Time": 36.841,
              "Actual Rows": 1,
              "Actual Loops": 5,
              "Plans": [
                {
                  "Node Type": "Bitmap Heap Scan",
                  "Parent Relationship": "Outer",
                  "Parallel Aware": true,
                  "Relation Name": "title",
                  "Alias": "t",
                  "Startup Cost": 2190.49,
                  "Total Cost": 38643.92,
                  "Plan Rows": 23192,
                  "Plan Width": 0,
                  "Actual Startup Time": 4.561,
                  "Actual Total Time": 35.005,
                  "Actual Rows": 23533,
                  "Actual Loops": 5,
                  "Recheck Cond": "(kind_id = 4)",
                  "Rows Removed by Index Recheck": 0,
                  "Filter": "(production_year > 1981)",
                  "Rows Removed by Filter": 114,
                  "Exact Heap Blocks": 5174,
                  "Lossy Heap Blocks": 0,
                  "Plans": [
                    {
                      "Node Type": "Bitmap Index Scan",
                      "Parent Relationship": "Outer",
                      "Parallel Aware": false,
                      "Index Name": "kind_id_title",
                      "Startup Cost": 0.0,
                      "Total Cost": 2167.3,
                      "Plan Rows": 121449,
                      "Plan Width": 0,
                      "Actual Startup Time": 8.568,
                      "Actual Total Time": 8.568,
                      "Actual Rows": 118234,
                      "Actual Loops": 1,
                      "Index Cond": "(kind_id = 4)"
                    }
                  ]
                }
              ]
            }
          ]
        }
      ]
    },
    "Planning Time": 0.093,
    "Triggers": [],
    "Execution Time": 48.244
  }
]