[
  {
    "Plan": {
      "Node Type": "Aggregate",
      "Strategy": "Plain",
      "Partial Mode": "Finalize",
      "Parallel Aware": false,
      "Startup Cost": 39719.25,
      "Total Cost": 39719.26,
      "Plan Rows": 1,
      "Plan Width": 8,
      "Actual Startup Time": 64.157,
      "Actual Total Time": 69.464,
      "Actual Rows": 1,
      "Actual Loops": 1,
      "Plans": [
        {
          "Node Type": "Gather",
          "Parent Relationship": "Outer",
          "Parallel Aware": false,
          "Startup Cost": 39718.83,
          "Total Cost": 39719.24,
          "Plan Rows": 4,
          "Plan Width": 8,
          "Actual Startup Time": 63.907,
          "Actual Total Time": 69.457,
          "Actual Rows": 5,
          "Actual Loops": 1,
          "Workers Planned": 4,
          "Workers Launched": 4,
          "Single Copy": false,
          "Plans": [
            {
              "Node Type": "Aggregate",
              "Strategy": "Plain",
              "Partial Mode": "Partial",
              "Parent Relationship": "Outer",
              "Parallel Aware": false,
              "Startup Cost": 38718.83,
              "Total Cost": 38718.84,
              "Plan Rows": 1,
              "Plan Width": 8,
              "Actual Startup Time": 55.479,
              "Actual Total Time": 55.481,
              "Actual Rows": 1,
              "Actual Loops": 5,
              "Plans": [
                {
                  "Node Type": "Bitmap Heap Scan",
                  "Parent Relationship": "Outer",
                  "Parallel Aware": true,
                  "Relation Name": "title",
                  "Alias": "t",
                  "Startup Cost": 2204.26,
                  "Total Cost": 38660.52,
                  "Plan Rows": 23324,
                  "Plan Width": 0,
                  "Actual Startup Time": 16.584,
                  "Actual Total Time": 53.252,
                  "Actual Rows": 23533,
                  "Actual Loops": 5,
                  "Recheck Cond": "(kind_id = 4)",
                  "Rows Removed by Index Recheck": 0,
                  "Filter": "(production_year > 1981)",
                  "Rows Removed by Filter": 114,
                  "Exact Heap Blocks": 7179,
                  "Lossy Heap Blocks": 0,
                  "Plans": [
                    {
                      "Node Type": "Bitmap Index Scan",
                      "Parent Relationship": "Outer",
                      "Parallel Aware": false,
                      "Index Name": "kind_id_title",
                      "Startup Cost": 0.0,
                      "Total Cost": 2180.94,
                      "Plan Rows": 122201,
                      "Plan Width": 0,
                      "Actual Startup Time": 19.275,
                      "Actual Total Time": 19.275,
                      "Actual Rows": 118234,
                      "Actual Loops": 1,
                      "Index Cond": "(kind_id = 4)"
                    }
                  ]
                }
              ]
            }
          ]
        }
      ]
    },
    "Planning Time": 0.193,
    "Triggers": [],
    "Execution Time": 69.538
  }
]