[
  {
    "Plan": {
      "Node Type": "Aggregate",
      "Strategy": "Plain",
      "Partial Mode": "Finalize",
      "Parallel Aware": false,
      "Startup Cost": 340167.23,
      "Total Cost": 340167.24,
      "Plan Rows": 1,
      "Plan Width": 8,
      "Actual Startup Time": 461.045,
      "Actual Total Time": 484.282,
      "Actual Rows": 1,
      "Actual Loops": 1,
      "Plans": [
        {
          "Node Type": "Gather",
          "Parent Relationship": "Outer",
          "Parallel Aware": false,
          "Startup Cost": 340166.6,
          "Total Cost": 340167.21,
          "Plan Rows": 6,
          "Plan Width": 8,
          "Actual Startup Time": 460.95,
          "Actual Total Time": 484.27,
          "Actual Rows": 7,
          "Actual Loops": 1,
          "Workers Planned": 6,
          "Workers Launched": 6,
          "Single Copy": false,
          "Plans": [
            {
              "Node Type": "Aggregate",
              "Strategy": "Plain",
              "Partial Mode": "Partial",
              "Parent Relationship": "Outer",
              "Parallel Aware": false,
              "Startup Cost": 339166.6,
              "Total Cost": 339166.61,
              "Plan Rows": 1,
              "Plan Width": 8,
              "Actual Startup Time": 451.814,
              "Actual Total Time": 451.815,
              "Actual Rows": 1,
              "Actual Loops": 7,
              "Plans": [
                {
                  "Node Type": "Index Scan",
                  "Parent Relationship": "Outer",
                  "Parallel Aware": true,
                  "Scan Direction": "Forward",
                  "Index Name": "role_id_cast_info",
                  "Relation Name": "cast_info",
                  "Alias": "ci",
                  "Startup Cost": 0.56,
                  "Total Cost": 335235.55,
                  "Plan Rows": 1572421,
                  "Plan Width": 0,
                  "Actual Startup Time": 207.086,
                  "Actual Total Time": 409.051,
                  "Actual Rows": 885931,
                  "Actual Loops": 7,
                  "Index Cond": "(role_id = 1)",
                  "Rows Removed by Index Recheck": 0,
                  "Filter": "(person_id > 882774)",
                  "Rows Removed by Filter": 924167
                }
              ]
            }
          ]
        }
      ]
    },
    "Planning Time": 0.172,
    "Triggers": [],
    "Execution Time": 484.338
  }
]