[
  {
    "Plan": {
      "Node Type": "Aggregate",
      "Strategy": "Plain",
      "Partial Mode": "Finalize",
      "Parallel Aware": false,
      "Startup Cost": 331934.26,
      "Total Cost": 331934.27,
      "Plan Rows": 1,
      "Plan Width": 8,
      "Actual Startup Time": 597.404,
      "Actual Total Time": 639.955,
      "Actual Rows": 1,
      "Actual Loops": 1,
      "Plans": [
        {
          "Node Type": "Gather",
          "Parent Relationship": "Outer",
          "Parallel Aware": false,
          "Startup Cost": 331933.63,
          "Total Cost": 331934.24,
          "Plan Rows": 6,
          "Plan Width": 8,
          "Actual Startup Time": 597.226,
          "Actual Total Time": 639.941,
          "Actual Rows": 7,
          "Actual Loops": 1,
          "Workers Planned": 6,
          "Workers Launched": 6,
          "Single Copy": false,
          "Plans": [
            {
              "Node Type": "Aggregate",
              "Strategy": "Plain",
              "Partial Mode": "Partial",
              "Parent Relationship": "Outer",
              "Parallel Aware": false,
              "Startup Cost": 330933.63,
              "Total Cost": 330933.64,
              "Plan Rows": 1,
              "Plan Width": 8,
              "Actual Startup Time": 590.762,
              "Actual Total Time": 590.764,
              "Actual Rows": 1,
              "Actual Loops": 7,
              "Plans": [
                {
                  "Node Type": "Seq Scan",
                  "Parent Relationship": "Outer",
                  "Parallel Aware": true,
                  "Relation Name": "cast_info",
                  "Alias": "ci",
                  "Startup Cost": 0.0,
                  "Total Cost": 328211.39,
                  "Plan Rows": 1088897,
                  "Plan Width": 0,
                  "Actual Startup Time": 345.283,
                  "Actual Total Time": 546.369,
                  "Actual Rows": 923037,
                  "Actual Loops": 7,
                  "Filter": "(person_id > 3010075)",
                  "Rows Removed by Filter": 4254727
                }
              ]
            }
          ]
        }
      ]
    },
    "Planning Time": 0.127,
    "Triggers": [],
    "Execution Time": 640.003
  }
]