[
  {
    "Plan": {
      "Node Type": "Aggregate",
      "Strategy": "Plain",
      "Partial Mode": "Finalize",
      "Parallel Aware": false,
      "Startup Cost": 33488.63,
      "Total Cost": 33488.64,
      "Plan Rows": 1,
      "Plan Width": 8,
      "Actual Startup Time": 109.243,
      "Actual Total Time": 117.209,
      "Actual Rows": 1,
      "Actual Loops": 1,
      "Plans": [
        {
          "Node Type": "Gather",
          "Parent Relationship": "Outer",
          "Parallel Aware": false,
          "Startup Cost": 33488.31,
          "Total Cost": 33488.62,
          "Plan Rows": 3,
          "Plan Width": 8,
          "Actual Startup Time": 109.112,
          "Actual Total Time": 117.202,
          "Actual Rows": 4,
          "Actual Loops": 1,
          "Workers Planned": 3,
          "Workers Launched": 3,
          "Single Copy": false,
          "Plans": [
            {
              "Node Type": "Aggregate",
              "Strategy": "Plain",
              "Partial Mode": "Partial",
              "Parent Relationship": "Outer",
              "Parallel Aware": false,
              "Startup Cost": 32488.31,
              "Total Cost": 32488.32,
              "Plan Rows": 1,
              "Plan Width": 8,
              "Actual Startup Time": 101.974,
              "Actual Total Time": 101.976,
              "Actual Rows": 1,
              "Actual Loops": 4,
              "Plans": [
                {
                  "Node Type": "Seq Scan",
                  "Parent Relationship": "Outer",
                  "Parallel Aware": true,
                  "Relation Name": "movie_companies",
                  "Alias": "mc",
                  "Startup Cost": 0.0,
                  "Total Cost": 31414.82,
                  "Plan Rows": 429398,
                  "Plan Width": 0,
                  "Actual Startup Time": 47.534,
                  "Actual Total Time": 87.132,
                  "Actual Rows": 332710,
                  "Actual Loops": 4,
                  "Filter": "((company_id < 231074) AND (company_type_id > 1))",
                  "Rows Removed by Filter": 319572
                }
              ]
            }
          ]
        }
      ]
    },
    "Planning Time": 0.214,
    "Triggers": [],
    "Execution Time": 117.27
  }
]