{
  "Plan": {
    "Node Type": "Aggregate",
    "Strategy": "Plain",
    "Partial Mode": "Finalize",
    "Parallel Aware": false,
    "Startup Cost": 122174.89,
    "Total Cost": 122174.9,
    "Plan Rows": 1,
    "Plan Width": 8,
    "Actual Startup Time": 796.685,
    "Actual Total Time": 818.824,
    "Actual Rows": 1,
    "Actual Loops": 1,
    "Plans": [
      {
        "Node Type": "Gather",
        "Parent Relationship": "Outer",
        "Parallel Aware": false,
        "Startup Cost": 122174.78,
        "Total Cost": 122174.89,
        "Plan Rows": 1,
        "Plan Width": 8,
        "Actual Startup Time": 790.07,
        "Actual Total Time": 818.814,
        "Actual Rows": 2,
        "Actual Loops": 1,
        "Workers Planned": 1,
        "Workers Launched": 1,
        "Single Copy": false,
        "Plans": [
          {
            "Node Type": "Aggregate",
            "Strategy": "Plain",
            "Partial Mode": "Partial",
            "Parent Relationship": "Outer",
            "Parallel Aware": false,
            "Startup Cost": 121174.78,
            "Total Cost": 121174.79,
            "Plan Rows": 1,
            "Plan Width": 8,
            "Actual Startup Time": 778.21,
            "Actual Total Time": 778.214,
            "Actual Rows": 1,
            "Actual Loops": 2,
            "Plans": [
              {
                "Node Type": "Hash Join",
                "Parent Relationship": "Outer",
                "Parallel Aware": true,
                "Join Type": "Inner",
                "Startup Cost": 87771.14,
                "Total Cost": 119905.32,
                "Plan Rows": 507781,
                "Plan Width": 0,
                "Actual Startup Time": 561.053,
                "Actual Total Time": 759.272,
                "Actual Rows": 435314,
                "Actual Loops": 2,
                "Inner Unique": true,
                "Hash Cond": "(mk.movie_id = t.id)",
                "Plans": [
                  {
                    "Node Type": "Bitmap Heap Scan",
                    "Parent Relationship": "Outer",
                    "Parallel Aware": true,
                    "Relation Name": "movie_keyword",
                    "Alias": "mk",
                    "Startup Cost": 18310.44,
                    "Total Cost": 49111.7,
                    "Plan Rows": 507781,
                    "Plan Width": 4,
                    "Actual Startup Time": 44.069,
                    "Actual Total Time": 126.675,
                    "Actual Rows": 435314,
                    "Actual Loops": 2,
                    "Recheck Cond": "(keyword_id < 827)",
                    "Rows Removed by Index Recheck": 0,
                    "Exact Heap Blocks": 13318,
                    "Lossy Heap Blocks": 0,
                    "Plans": [
                      {
                        "Node Type": "Bitmap Index Scan",
                        "Parent Relationship": "Outer",
                        "Parallel Aware": false,
                        "Index Name": "keyword_id_movie_keyword",
                        "Startup Cost": 0.0,
                        "Total Cost": 18094.63,
                        "Plan Rows": 863227,
                        "Plan Width": 0,
                        "Actual Startup Time": 40.452,
                        "Actual Total Time": 40.453,
                        "Actual Rows": 870627,
                        "Actual Loops": 1,
                        "Index Cond": "(keyword_id < 827)"
                      }
                    ]
                  },
                  {
                    "Node Type": "Hash",
                    "Parent Relationship": "Inner",
                    "Parallel Aware": true,
                    "Startup Cost": 50870.31,
                    "Total Cost": 50870.31,
                    "Plan Rows": 1487231,
                    "Plan Width": 4,
                    "Actual Startup Time": 495.261,
                    "Actual Total Time": 495.262,
                    "Actual Rows": 1264156,
                    "Actual Loops": 2,
                    "Hash Buckets": 4194304,
                    "Original Hash Buckets": 4194304,
                    "Hash Batches": 1,
                    "Original Hash Batches": 1,
                    "Peak Memory Usage": 131712,
                    "Plans": [
                      {
                        "Node Type": "Seq Scan",
                        "Parent Relationship": "Outer",
                        "Parallel Aware": true,
                        "Relation Name": "title",
                        "Alias": "t",
                        "Startup Cost": 0.0,
                        "Total Cost": 50870.31,
                        "Plan Rows": 1487231,
                        "Plan Width": 4,
                        "Actual Startup Time": 0.024,
                        "Actual Total Time": 150.482,
                        "Actual Rows": 1264156,
                        "Actual Loops": 2
                      }
                    ]
                  }
                ]
              }
            ]
          }
        ]
      }
    ]
  },
  "Planning Time": 0.648,
  "Triggers": [],
  "Execution Time": 818.912
}