[
  {
    "Plan": {
      "Node Type": "Aggregate",
      "Strategy": "Plain",
      "Partial Mode": "Finalize",
      "Parallel Aware": false,
      "Startup Cost": 29600.33,
      "Total Cost": 29600.34,
      "Plan Rows": 1,
      "Plan Width": 8,
      "Actual Startup Time": 52.345,
      "Actual Total Time": 56.824,
      "Actual Rows": 1,
      "Actual Loops": 1,
      "Plans": [
        {
          "Node Type": "Gather",
          "Parent Relationship": "Outer",
          "Parallel Aware": false,
          "Startup Cost": 29600.01,
          "Total Cost": 29600.32,
          "Plan Rows": 3,
          "Plan Width": 8,
          "Actual Startup Time": 52.133,
          "Actual Total Time": 56.819,
          "Actual Rows": 4,
          "Actual Loops": 1,
          "Workers Planned": 3,
          "Workers Launched": 3,
          "Single Copy": false,
          "Plans": [
            {
              "Node Type": "Aggregate",
              "Strategy": "Plain",
              "Partial Mode": "Partial",
              "Parent Relationship": "Outer",
              "Parallel Aware": false,
              "Startup Cost": 28600.01,
              "Total Cost": 28600.02,
              "Plan Rows": 1,
              "Plan Width": 8,
              "Actual Startup Time": 49.528,
              "Actual Total Time": 49.529,
              "Actual Rows": 1,
              "Actual Loops": 4,
              "Plans": [
                {
                  "Node Type": "Bitmap Heap Scan",
                  "Parent Relationship": "Outer",
                  "Parallel Aware": true,
                  "Relation Name": "movie_keyword",
                  "Alias": "mk",
                  "Startup Cost": 3376.67,
                  "Total Cost": 28471.79,
                  "Plan Rows": 51290,
                  "Plan Width": 0,
                  "Actual Startup Time": 12.003,
                  "Actual Total Time": 47.545,
                  "Actual Rows": 37765,
                  "Actual Loops": 4,
                  "Recheck Cond": "(keyword_id > 73803)",
                  "Rows Removed by Index Recheck": 0,
                  "Exact Heap Blocks": 8165,
                  "Lossy Heap Blocks": 0,
                  "Plans": [
                    {
                      "Node Type": "Bitmap Index Scan",
                      "Parent Relationship": "Outer",
                      "Parallel Aware": false,
                      "Index Name": "keyword_id_movie_keyword",
                      "Startup Cost": 0.0,
                      "Total Cost": 3336.92,
                      "Plan Rows": 158998,
                      "Plan Width": 0,
                      "Actual Startup Time": 11.326,
                      "Actual Total Time": 11.327,
                      "Actual Rows": 151060,
                      "Actual Loops": 1,
                      "Index Cond": "(keyword_id > 73803)"
                    }
                  ]
                }
              ]
            }
          ]
        }
      ]
    },
    "Planning Time": 0.068,
    "Triggers": [],
    "Execution Time": 56.848
  }
]