[
  {
    "Plan": {
      "Node Type": "Aggregate",
      "Strategy": "Plain",
      "Partial Mode": "Finalize",
      "Parallel Aware": false,
      "Startup Cost": 349511.51,
      "Total Cost": 349511.52,
      "Plan Rows": 1,
      "Plan Width": 8,
      "Actual Startup Time": 830.782,
      "Actual Total Time": 878.715,
      "Actual Rows": 1,
      "Actual Loops": 1,
      "Plans": [
        {
          "Node Type": "Gather",
          "Parent Relationship": "Outer",
          "Parallel Aware": false,
          "Startup Cost": 349510.88,
          "Total Cost": 349511.49,
          "Plan Rows": 6,
          "Plan Width": 8,
          "Actual Startup Time": 830.57,
          "Actual Total Time": 878.699,
          "Actual Rows": 7,
          "Actual Loops": 1,
          "Workers Planned": 6,
          "Workers Launched": 6,
          "Single Copy": false,
          "Plans": [
            {
              "Node Type": "Aggregate",
              "Strategy": "Plain",
              "Partial Mode": "Partial",
              "Parent Relationship": "Outer",
              "Parallel Aware": false,
              "Startup Cost": 348510.88,
              "Total Cost": 348510.89,
              "Plan Rows": 1,
              "Plan Width": 8,
              "Actual Startup Time": 824.269,
              "Actual Total Time": 824.271,
              "Actual Rows": 1,
              "Actual Loops": 7,
              "Plans": [
                {
                  "Node Type": "Seq Scan",
                  "Parent Relationship": "Outer",
                  "Parallel Aware": true,
                  "Relation Name": "cast_info",
                  "Alias": "ci",
                  "Startup Cost": 0.0,
                  "Total Cost": 343316.27,
                  "Plan Rows": 2077844,
                  "Plan Width": 0,
                  "Actual Startup Time": 219.067,
                  "Actual Total Time": 694.59,
                  "Actual Rows": 2680041,
                  "Actual Loops": 7,
                  "Filter": "((person_id > 1701204) AND (role_id > 1))",
                  "Rows Removed by Filter": 2497723
                }
              ]
            }
          ]
        }
      ]
    },
    "Planning Time": 0.227,
    "Triggers": [],
    "Execution Time": 878.761
  }
]