[
  {
    "Plan": {
      "Node Type": "Aggregate",
      "Strategy": "Plain",
      "Partial Mode": "Finalize",
      "Parallel Aware": false,
      "Startup Cost": 349469.91,
      "Total Cost": 349469.92,
      "Plan Rows": 1,
      "Plan Width": 8,
      "Actual Startup Time": 776.691,
      "Actual Total Time": 833.824,
      "Actual Rows": 1,
      "Actual Loops": 1,
      "Plans": [
        {
          "Node Type": "Gather",
          "Parent Relationship": "Outer",
          "Parallel Aware": false,
          "Startup Cost": 349469.28,
          "Total Cost": 349469.89,
          "Plan Rows": 6,
          "Plan Width": 8,
          "Actual Startup Time": 776.572,
          "Actual Total Time": 833.813,
          "Actual Rows": 7,
          "Actual Loops": 1,
          "Workers Planned": 6,
          "Workers Launched": 6,
          "Single Copy": false,
          "Plans": [
            {
              "Node Type": "Aggregate",
              "Strategy": "Plain",
              "Partial Mode": "Partial",
              "Parent Relationship": "Outer",
              "Parallel Aware": false,
              "Startup Cost": 348469.28,
              "Total Cost": 348469.29,
              "Plan Rows": 1,
              "Plan Width": 8,
              "Actual Startup Time": 767.088,
              "Actual Total Time": 767.089,
              "Actual Rows": 1,
              "Actual Loops": 7,
              "Plans": [
                {
                  "Node Type": "Seq Scan",
                  "Parent Relationship": "Outer",
                  "Parallel Aware": true,
                  "Relation Name": "cast_info",
                  "Alias": "ci",
                  "Startup Cost": 0.0,
                  "Total Cost": 343257.03,
                  "Plan Rows": 2084901,
                  "Plan Width": 0,
                  "Actual Startup Time": 210.993,
                  "Actual Total Time": 656.398,
                  "Actual Rows": 2680041,
                  "Actual Loops": 7,
                  "Filter": "((person_id > 1701204) AND (role_id > 1))",
                  "Rows Removed by Filter": 2497723
                }
              ]
            }
          ]
        }
      ]
    },
    "Planning Time": 0.245,
    "Triggers": [],
    "Execution Time": 833.898
  }
]