[
  {
    "Plan": {
      "Node Type": "Aggregate",
      "Strategy": "Plain",
      "Partial Mode": "Finalize",
      "Parallel Aware": false,
      "Startup Cost": 859683.89,
      "Total Cost": 859683.9,
      "Plan Rows": 1,
      "Plan Width": 96,
      "Actual Startup Time": 6670.713,
      "Actual Total Time": 6815.18,
      "Actual Rows": 1,
      "Actual Loops": 1,
      "Plans": [
        {
          "Node Type": "Gather",
          "Parent Relationship": "Outer",
          "Parallel Aware": false,
          "Startup Cost": 859683.78,
          "Total Cost": 859683.89,
          "Plan Rows": 1,
          "Plan Width": 96,
          "Actual Startup Time": 6670.062,
          "Actual Total Time": 6815.167,
          "Actual Rows": 2,
          "Actual Loops": 1,
          "Workers Planned": 1,
          "Workers Launched": 1,
          "Single Copy": false,
          "Plans": [
            {
              "Node Type": "Aggregate",
              "Strategy": "Plain",
              "Partial Mode": "Partial",
              "Parent Relationship": "Outer",
              "Parallel Aware": false,
              "Startup Cost": 858683.78,
              "Total Cost": 858683.79,
              "Plan Rows": 1,
              "Plan Width": 96,
              "Actual Startup Time": 6661.325,
              "Actual Total Time": 6661.369,
              "Actual Rows": 1,
              "Actual Loops": 2,
              "Plans": [
                {
                  "Node Type": "Hash Join",
                  "Parent Relationship": "Outer",
                  "Parallel Aware": false,
                  "Join Type": "Inner",
                  "Startup Cost": 853773.49,
                  "Total Cost": 858683.77,
                  "Plan Rows": 1,
                  "Plan Width": 48,
                  "Actual Startup Time": 6638.681,
                  "Actual Total Time": 6661.349,
                  "Actual Rows": 8,
                  "Actual Loops": 2,
                  "Inner Unique": true,
                  "Hash Cond": "(ci.role_id = rt.id)",
                  "Plans": [
                    {
                      "Node Type": "Hash Join",
                      "Parent Relationship": "Outer",
                      "Parallel Aware": true,
                      "Join Type": "Inner",
                      "Startup Cost": 853772.33,
                      "Total Cost": 858682.6,
                      "Plan Rows": 1,
                      "Plan Width": 52,
                      "Actual Startup Time": 6638.07,
                      "Actual Total Time": 6660.731,
                      "Actual Rows": 8,
                      "Actual Loops": 2,
                      "Inner Unique": false,
                      "Hash Cond": "(cn.id = mc.company_id)",
                      "Plans": [
                        {
                          "Node Type": "Seq Scan",
                          "Parent Relationship": "Outer",
                          "Parallel Aware": true,
                          "Relation Name": "company_name",
                          "Alias": "cn",
                          "Startup Cost": 0.0,
                          "Total Cost": 4722.92,
                          "Plan Rows": 49958,
                          "Plan Width": 4,
                          "Actual Startup Time": 0.025,
                          "Actual Total Time": 22.656,
                          "Actual Rows": 42422,
                          "Actual Loops": 2,
                          "Filter": "((country_code)::text = '[us]'::text)",
                          "Rows Removed by Filter": 75077
                        },
                        {
                          "Node Type": "Hash",
                          "Parent Relationship": "Inner",
                          "Parallel Aware": true,
                          "Startup Cost": 853772.32,
                          "Total Cost": 853772.32,
                          "Plan Rows": 1,
                          "Plan Width": 56,
                          "Actual Startup Time": 6634.72,
                          "Actual Total Time": 6634.76,
                          "Actual Rows": 33,
                          "Actual Loops": 2,
                          "Hash Buckets": 1024,
                          "Original Hash Buckets": 1024,
                          "Hash Batches": 1,
                          "Original Hash Batches": 1,
                          "Peak Memory Usage": 72,
                          "Plans": [
                            {
                              "Node Type": "Hash Join",
                              "Parent Relationship": "Outer",
                              "Parallel Aware": true,
                              "Join Type": "Inner",
                              "Startup Cost": 838692.96,
                              "Total Cost": 853772.32,
                              "Plan Rows": 1,
                              "Plan Width": 56,
                              "Actual Startup Time": 6553.107,
                              "Actual Total Time": 6634.584,
                              "Actual Rows": 33,
                              "Actual Loops": 2,
                              "Inner Unique": false,
                              "Hash Cond": "(n.id = ci.person_id)",
                              "Plans": [
                                {
                                  "Node Type": "Hash Join",
                                  "Parent Relationship": "Outer",
                                  "Parallel Aware": true,
                                  "Join Type": "Inner",
                                  "Startup Cost": 71390.82,
                                  "Total Cost": 86457.61,
                                  "Plan Rows": 3349,
                                  "Plan Width": 23,
                                  "Actual Startup Time": 457.896,
                                  "Actual Total Time": 595.381,
                                  "Actual Rows": 5262,
                                  "Actual Loops": 2,
                                  "Inner Unique": true,
                                  "Hash Cond": "(an.person_id = n.id)",
                                  "Plans": [
                                    {
                                      "Node Type": "Seq Scan",
                                      "Parent Relationship": "Outer",
                                      "Parallel Aware": true,
                                      "Relation Name": "aka_name",
                                      "Alias": "an",
                                      "Startup Cost": 0.0,
                                      "Total Cost": 14303.56,
                                      "Plan Rows": 290756,
                                      "Plan Width": 4,
                                      "Actual Startup Time": 0.014,
                                      "Actual Total Time": 75.361,
                                      "Actual Rows": 450672,
                                      "Actual Loops": 2
                                    },
                                    {
                                      "Node Type": "Hash",
                                      "Parent Relationship": "Inner",
                                      "Parallel Aware": true,
                                      "Startup Cost": 71240.82,
                                      "Total Cost": 71240.82,
                                      "Plan Rows": 12000,
                                      "Plan Width": 19,
                                      "Actual Startup Time": 457.53,
                                      "Actual Total Time": 457.531,
                                      "Actual Rows": 25006,
                                      "Actual Loops": 2,
                                      "Hash Buckets": 65536,
                                      "Original Hash Buckets": 65536,
                                      "Hash Batches": 1,
                                      "Original Hash Batches": 1,
                                      "Peak Memory Usage": 3264,
                                      "Plans": [
                                        {
                                          "Node Type": "Seq Scan",
                                          "Parent Relationship": "Outer",
                                          "Parallel Aware": true,
                                          "Relation Name": "name",
                                          "Alias": "n",
                                          "Startup Cost": 0.0,
                                          "Total Cost": 71240.82,
                                          "Plan Rows": 12000,
                                          "Plan Width": 19,
                                          "Actual Startup Time": 190.044,
                                          "Actual Total Time": 446.38,
                                          "Actual Rows": 25006,
                                          "Actual Loops": 2,
                                          "Filter": "((name ~~ '%An%'::text) AND ((gender)::text = 'f'::text))",
                                          "Rows Removed by Filter": 2058740
                                        }
                                      ]
                                    }
                                  ]
                                },
                                {
                                  "Node Type": "Hash",
                                  "Parent Relationship": "Inner",
                                  "Parallel Aware": true,
                                  "Startup Cost": 767302.12,
                                  "Total Cost": 767302.12,
                                  "Plan Rows": 1,
                                  "Plan Width": 49,
                                  "Actual Startup Time": 6038.61,
                                  "Actual Total Time": 6038.644,
                                  "Actual Rows": 11,
                                  "Actual Loops": 2,
                                  "Hash Buckets": 1024,
                                  "Original Hash Buckets": 1024,
                                  "Hash Batches": 1,
                                  "Original Hash Batches": 1,
                                  "Peak Memory Usage": 40,
                                  "Plans": [
                                    {
                                      "Node Type": "Hash Join",
                                      "Parent Relationship": "Outer",
                                      "Parallel Aware": true,
                                      "Join Type": "Inner",
                                      "Startup Cost": 567993.0,
                                      "Total Cost": 767302.12,
                                      "Plan Rows": 1,
                                      "Plan Width": 49,
                                      "Actual Startup Time": 5618.583,
                                      "Actual Total Time": 6038.618,
                                      "Actual Rows": 11,
                                      "Actual Loops": 2,
                                      "Inner Unique": false,
                                      "Hash Cond": "(mi.movie_id = t.id)",
                                      "Plans": [
                                        {
                                          "Node Type": "Hash Join",
                                          "Parent Relationship": "Outer",
                                          "Parallel Aware": false,
                                          "Join Type": "Inner",
                                          "Startup Cost": 2.43,
                                          "Total Cost": 199308.97,
                                          "Plan Rows": 686,
                                          "Plan Width": 4,
                                          "Actual Startup Time": 315.073,
                                          "Actual Total Time": 1408.287,
                                          "Actual Rows": 193810,
                                          "Actual Loops": 2,
                                          "Inner Unique": true,
                                          "Hash Cond": "(mi.info_type_id = it.id)",
                                          "Plans": [
                                            {
                                              "Node Type": "Seq Scan",
                                              "Parent Relationship": "Outer",
                                              "Parallel Aware": true,
                                              "Relation Name": "movie_info",
                                              "Alias": "mi",
                                              "Startup Cost": 0.0,
                                              "Total Cost": 199095.43,
                                              "Plan Rows": 77518,
                                              "Plan Width": 8,
                                              "Actual Startup Time": 134.496,
                                              "Actual Total Time": 1380.737,
                                              "Actual Rows": 193842,
                                              "Actual Loops": 2,
                                              "Filter": "(info ~~ 'USA:%200%'::text)",
                                              "Rows Removed by Filter": 7224018
                                            },
                                            {
                                              "Node Type": "Hash",
                                              "Parent Relationship": "Inner",
                                              "Parallel Aware": false,
                                              "Startup Cost": 2.41,
                                              "Total Cost": 2.41,
                                              "Plan Rows": 1,
                                              "Plan Width": 4,
                                              "Actual Startup Time": 0.029,
                                              "Actual Total Time": 0.03,
                                              "Actual Rows": 1,
                                              "Actual Loops": 2,
                                              "Hash Buckets": 1024,
                                              "Original Hash Buckets": 1024,
                                              "Hash Batches": 1,
                                              "Original Hash Batches": 1,
                                              "Peak Memory Usage": 9,
                                              "Plans": [
                                                {
                                                  "Node Type": "Seq Scan",
                                                  "Parent Relationship": "Outer",
                                                  "Parallel Aware": false,
                                                  "Relation Name": "info_type",
                                                  "Alias": "it",
                                                  "Startup Cost": 0.0,
                                                  "Total Cost": 2.41,
                                                  "Plan Rows": 1,
                                                  "Plan Width": 4,
                                                  "Actual Startup Time": 0.016,
                                                  "Actual Total Time": 0.021,
                                                  "Actual Rows": 1,
                                                  "Actual Loops": 2,
                                                  "Filter": "((info)::text = 'release dates'::text)",
                                                  "Rows Removed by Filter": 112
                                                }
                                              ]
                                            }
                                          ]
                                        },
                                        {
                                          "Node Type": "Hash",
                                          "Parent Relationship": "Inner",
                                          "Parallel Aware": true,
                                          "Startup Cost": 567990.56,
                                          "Total Cost": 567990.56,
                                          "Plan Rows": 1,
                                          "Plan Width": 69,
                                          "Actual Startup Time": 4617.531,
                                          "Actual Total Time": 4617.56,
                                          "Actual Rows": 11,
                                          "Actual Loops": 2,
                                          "Hash Buckets": 1024,
                                          "Original Hash Buckets": 1024,
                                          "Hash Batches": 1,
                                          "Original Hash Batches": 1,
                                          "Peak Memory Usage": 40,
                                          "Plans": [
                                            {
                                              "Node Type": "Hash Join",
                                              "Parent Relationship": "Outer",
                                              "Parallel Aware": true,
                                              "Join Type": "Inner",
                                              "Startup Cost": 507502.76,
                                              "Total Cost": 567990.56,
                                              "Plan Rows": 1,
                                              "Plan Width": 69,
                                              "Actual Startup Time": 4417.473,
                                              "Actual Total Time": 4617.515,
                                              "Actual Rows": 11,
                                              "Actual Loops": 2,
                                              "Inner Unique": false,
                                              "Hash Cond": "(pi.person_id = ci.person_id)",
                                              "Plans": [
                                                {
                                                  "Node Type": "Hash Join",
                                                  "Parent Relationship": "Outer",
                                                  "Parallel Aware": false,
                                                  "Join Type": "Inner",
                                                  "Startup Cost": 2.43,
                                                  "Total Cost": 60465.67,
                                                  "Plan Rows": 6546,
                                                  "Plan Width": 4,
                                                  "Actual Startup Time": 0.116,
                                                  "Actual Total Time": 404.407,
                                                  "Actual Rows": 71172,
                                                  "Actual Loops": 2,
                                                  "Inner Unique": true,
                                                  "Hash Cond": "(pi.info_type_id = it3.id)",
                                                  "Plans": [
                                                    {
                                                      "Node Type": "Seq Scan",
                                                      "Parent Relationship": "Outer",
                                                      "Parallel Aware": true,
                                                      "Relation Name": "person_info",
                                                      "Alias": "pi",
                                                      "Startup Cost": 0.0,
                                                      "Total Cost": 58448.55,
                                                      "Plan Rows": 739755,
                                                      "Plan Width": 8,
                                                      "Actual Startup Time": 0.024,
                                                      "Actual Total Time": 289.348,
                                                      "Actual Rows": 1481832,
                                                      "Actual Loops": 2
                                                    },
                                                    {
                                                      "Node Type": "Hash",
                                                      "Parent Relationship": "Inner",
                                                      "Parallel Aware": false,
                                                      "Startup Cost": 2.41,
                                                      "Total Cost": 2.41,
                                                      "Plan Rows": 1,
                                                      "Plan Width": 4,
                                                      "Actual Startup Time": 0.045,
                                                      "Actual Total Time": 0.046,
                                                      "Actual Rows": 1,
                                                      "Actual Loops": 2,
                                                      "Hash Buckets": 1024,
                                                      "Original Hash Buckets": 1024,
                                                      "Hash Batches": 1,
                                                      "Original Hash Batches": 1,
                                                      "Peak Memory Usage": 9,
                                                      "Plans": [
                                                        {
                                                          "Node Type": "Seq Scan",
                                                          "Parent Relationship": "Outer",
                                                          "Parallel Aware": false,
                                                          "Relation Name": "info_type",
                                                          "Alias": "it3",
                                                          "Startup Cost": 0.0,
                                                          "Total Cost": 2.41,
                                                          "Plan Rows": 1,
                                                          "Plan Width": 4,
                                                          "Actual Startup Time": 0.032,
                                                          "Actual Total Time": 0.037,
                                                          "Actual Rows": 1,
                                                          "Actual Loops": 2,
                                                          "Filter": "((info)::text = 'height'::text)",
                                                          "Rows Removed by Filter": 112
                                                        }
                                                      ]
                                                    }
                                                  ]
                                                },
                                                {
                                                  "Node Type": "Hash",
                                                  "Parent Relationship": "Inner",
                                                  "Parallel Aware": true,
                                                  "Startup Cost": 507500.32,
                                                  "Total Cost": 507500.32,
                                                  "Plan Rows": 1,
                                                  "Plan Width": 65,
                                                  "Actual Startup Time": 4206.583,
                                                  "Actual Total Time": 4206.608,
                                                  "Actual Rows": 11,
                                                  "Actual Loops": 2,
                                                  "Hash Buckets": 1024,
                                                  "Original Hash Buckets": 1024,
                                                  "Hash Batches": 1,
                                                  "Original Hash Batches": 1,
                                                  "Peak Memory Usage": 40,
                                                  "Plans": [
                                                    {
                                                      "Node Type": "Hash Join",
                                                      "Parent Relationship": "Outer",
                                                      "Parallel Aware": true,
                                                      "Join Type": "Inner",
                                                      "Startup Cost": 171343.41,
                                                      "Total Cost": 507500.32,
                                                      "Plan Rows": 1,
                                                      "Plan Width": 65,
                                                      "Actual Startup Time": 3302.13,
                                                      "Actual Total Time": 4206.551,
                                                      "Actual Rows": 11,
                                                      "Actual Loops": 2,
                                                      "Inner Unique": false,
                                                      "Hash Cond": "(ci.movie_id = t.id)",
                                                      "Plans": [
                                                        {
                                                          "Node Type": "Hash Join",
                                                          "Parent Relationship": "Outer",
                                                          "Parallel Aware": true,
                                                          "Join Type": "Inner",
                                                          "Startup Cost": 46261.57,
                                                          "Total Cost": 382418.46,
                                                          "Plan Rows": 1,
                                                          "Plan Width": 28,
                                                          "Actual Startup Time": 823.532,
                                                          "Actual Total Time": 3139.452,
                                                          "Actual Rows": 38,
                                                          "Actual Loops": 2,
                                                          "Inner Unique": true,
                                                          "Hash Cond": "(ci.person_role_id = chn.id)",
                                                          "Plans": [
                                                            {
                                                              "Node Type": "Seq Scan",
                                                              "Parent Relationship": "Outer",
                                                              "Parallel Aware": true,
                                                              "Relation Name": "cast_info",
                                                              "Alias": "ci",
                                                              "Startup Cost": 0.0,
                                                              "Total Cost": 335786.72,
                                                              "Plan Rows": 141018,
                                                              "Plan Width": 16,
                                                              "Actual Startup Time": 0.033,
                                                              "Actual Total Time": 2815.821,
                                                              "Actual Rows": 418350,
                                                              "Actual Loops": 2,
                                                              "Filter": "(note = ANY ('{(voice),\"(voice) (uncredited)\",\"(voice: English version)\"}'::text[]))",
                                                              "Rows Removed by Filter": 17703822
                                                            },
                                                            {
                                                              "Node Type": "Hash",
                                                              "Parent Relationship": "Inner",
                                                              "Parallel Aware": true,
                                                              "Startup Cost": 46261.56,
                                                              "Total Cost": 46261.56,
                                                              "Plan Rows": 1,
                                                              "Plan Width": 20,
                                                              "Actual Startup Time": 284.155,
                                                              "Actual Total Time": 284.155,
                                                              "Actual Rows": 0,
                                                              "Actual Loops": 2,
                                                              "Hash Buckets": 1024,
                                                              "Original Hash Buckets": 1024,
                                                              "Hash Batches": 1,
                                                              "Original Hash Batches": 1,
                                                              "Peak Memory Usage": 40,
                                                              "Plans": [
                                                                {
                                                                  "Node Type": "Seq Scan",
                                                                  "Parent Relationship": "Outer",
                                                                  "Parallel Aware": true,
                                                                  "Relation Name": "char_name",
                                                                  "Alias": "chn",
                                                                  "Startup Cost": 0.0,
                                                                  "Total Cost": 46261.56,
                                                                  "Plan Rows": 1,
                                                                  "Plan Width": 20,
                                                                  "Actual Startup Time": 151.168,
                                                                  "Actual Total Time": 284.128,
                                                                  "Actual Rows": 0,
                                                                  "Actual Loops": 2,
                                                                  "Filter": "(name = 'Queen'::text)",
                                                                  "Rows Removed by Filter": 1570169
                                                                }
                                                              ]
                                                            }
                                                          ]
                                                        },
                                                        {
                                                          "Node Type": "Hash",
                                                          "Parent Relationship": "Inner",
                                                          "Parallel Aware": true,
                                                          "Startup Cost": 125081.83,
                                                          "Total Cost": 125081.83,
                                                          "Plan Rows": 1,
                                                          "Plan Width": 37,
                                                          "Actual Startup Time": 1066.995,
                                                          "Actual Total Time": 1067.014,
                                                          "Actual Rows": 11,
                                                          "Actual Loops": 2,
                                                          "Hash Buckets": 1024,
                                                          "Original Hash Buckets": 1024,
                                                          "Hash Batches": 1,
                                                          "Original Hash Batches": 1,
                                                          "Peak Memory Usage": 40,
                                                          "Plans": [
                                                            {
                                                              "Node Type": "Hash Join",
                                                              "Parent Relationship": "Outer",
                                                              "Parallel Aware": true,
                                                              "Join Type": "Inner",
                                                              "Startup Cost": 82203.58,
                                                              "Total Cost": 125081.83,
                                                              "Plan Rows": 1,
                                                              "Plan Width": 37,
                                                              "Actual Startup Time": 1011.135,
                                                              "Actual Total Time": 1066.981,
                                                              "Actual Rows": 11,
                                                              "Actual Loops": 2,
                                                              "Inner Unique": false,
                                                              "Hash Cond": "(mk.movie_id = t.id)",
                                                              "Plans": [
                                                                {
                                                                  "Node Type": "Hash Join",
                                                                  "Parent Relationship": "Outer",
                                                                  "Parallel Aware": false,
                                                                  "Join Type": "Inner",
                                                                  "Startup Cost": 2626.14,
                                                                  "Total Cost": 45504.33,
                                                                  "Plan Rows": 11,
                                                                  "Plan Width": 4,
                                                                  "Actual Startup Time": 18.585,
                                                                  "Actual Total Time": 463.072,
                                                                  "Actual Rows": 207,
                                                                  "Actual Loops": 2,
                                                                  "Inner Unique": true,
                                                                  "Hash Cond": "(mk.keyword_id = k.id)",
                                                                  "Plans": [
                                                                    {
                                                                      "Node Type": "Seq Scan",
                                                                      "Parent Relationship": "Outer",
                                                                      "Parallel Aware": true,
                                                                      "Relation Name": "movie_keyword",
                                                                      "Alias": "mk",
                                                                      "Startup Cost": 0.0,
                                                                      "Total Cost": 39047.32,
                                                                      "Plan Rows": 1459332,
                                                                      "Plan Width": 8,
                                                                      "Actual Startup Time": 0.033,
                                                                      "Actual Total Time": 268.434,
                                                                      "Actual Rows": 2261965,
                                                                      "Actual Loops": 2
                                                                    },
                                                                    {
                                                                      "Node Type": "Hash",
                                                                      "Parent Relationship": "Inner",
                                                                      "Parallel Aware": false,
                                                                      "Startup Cost": 2626.12,
                                                                      "Total Cost": 2626.12,
                                                                      "Plan Rows": 1,
                                                                      "Plan Width": 4,
                                                                      "Actual Startup Time": 15.507,
                                                                      "Actual Total Time": 15.508,
                                                                      "Actual Rows": 1,
                                                                      "Actual Loops": 2,
                                                                      "Hash Buckets": 1024,
                                                                      "Original Hash Buckets": 1024,
                                                                      "Hash Batches": 1,
                                                                      "Original Hash Batches": 1,
                                                                      "Peak Memory Usage": 9,
                                                                      "Plans": [
                                                                        {
                                                                          "Node Type": "Seq Scan",
                                                                          "Parent Relationship": "Outer",
                                                                          "Parallel Aware": false,
                                                                          "Relation Name": "keyword",
                                                                          "Alias": "k",
                                                                          "Startup Cost": 0.0,
                                                                          "Total Cost": 2626.12,
                                                                          "Plan Rows": 1,
                                                                          "Plan Width": 4,
                                                                          "Actual Startup Time": 0.085,
                                                                          "Actual Total Time": 15.499,
                                                                          "Actual Rows": 1,
                                                                          "Actual Loops": 2,
                                                                          "Filter": "(keyword = 'computer-animation'::text)",
                                                                          "Rows Removed by Filter": 134169
                                                                        }
                                                                      ]
                                                                    }
                                                                  ]
                                                                },
                                                                {
                                                                  "Node Type": "Hash",
                                                                  "Parent Relationship": "Inner",
                                                                  "Parallel Aware": true,
                                                                  "Startup Cost": 79577.43,
                                                                  "Total Cost": 79577.43,
                                                                  "Plan Rows": 1,
                                                                  "Plan Width": 33,
                                                                  "Actual Startup Time": 603.676,
                                                                  "Actual Total Time": 603.69,
                                                                  "Actual Rows": 11,
                                                                  "Actual Loops": 2,
                                                                  "Hash Buckets": 1024,
                                                                  "Original Hash Buckets": 1024,
                                                                  "Hash Batches": 1,
                                                                  "Original Hash Batches": 1,
                                                                  "Peak Memory Usage": 72,
                                                                  "Plans": [
                                                                    {
                                                                      "Node Type": "Hash Join",
                                                                      "Parent Relationship": "Outer",
                                                                      "Parallel Aware": false,
                                                                      "Join Type": "Inner",
                                                                      "Startup Cost": 50161.53,
                                                                      "Total Cost": 79577.43,
                                                                      "Plan Rows": 1,
                                                                      "Plan Width": 33,
                                                                      "Actual Startup Time": 510.299,
                                                                      "Actual Total Time": 603.598,
                                                                      "Actual Rows": 11,
                                                                      "Actual Loops": 2,
                                                                      "Inner Unique": false,
                                                                      "Hash Cond": "(t.id = cc.movie_id)",
                                                                      "Plans": [
                                                                        {
                                                                          "Node Type": "Hash Join",
                                                                          "Parent Relationship": "Outer",
                                                                          "Parallel Aware": true,
                                                                          "Join Type": "Inner",
                                                                          "Startup Cost": 47059.11,
                                                                          "Total Cost": 76475.0,
                                                                          "Plan Rows": 1,
                                                                          "Plan Width": 29,
                                                                          "Actual Startup Time": 464.038,
                                                                          "Actual Total Time": 557.322,
                                                                          "Actual Rows": 12,
                                                                          "Actual Loops": 2,
                                                                          "Inner Unique": true,
                                                                          "Hash Cond": "(mc.movie_id = t.id)",
                                                                          "Plans": [
                                                                            {
                                                                              "Node Type": "Seq Scan",
                                                                              "Parent Relationship": "Outer",
                                                                              "Parallel Aware": true,
                                                                              "Relation Name": "movie_companies",
                                                                              "Alias": "mc",
                                                                              "Startup Cost": 0.0,
                                                                              "Total Cost": 27206.55,
                                                                              "Plan Rows": 841655,
                                                                              "Plan Width": 8,
                                                                              "Actual Startup Time": 0.024,
                                                                              "Actual Total Time": 185.531,
                                                                              "Actual Rows": 1304564,
                                                                              "Actual Loops": 2
                                                                            },
                                                                            {
                                                                              "Node Type": "Hash",
                                                                              "Parent Relationship": "Inner",
                                                                              "Parallel Aware": true,
                                                                              "Startup Cost": 47059.1,
                                                                              "Total Cost": 47059.1,
                                                                              "Plan Rows": 1,
                                                                              "Plan Width": 21,
                                                                              "Actual Startup Time": 270.001,
                                                                              "Actual Total Time": 270.002,
                                                                              "Actual Rows": 1,
                                                                              "Actual Loops": 2,
                                                                              "Hash Buckets": 1024,
                                                                              "Original Hash Buckets": 1024,
                                                                              "Hash Batches": 1,
                                                                              "Original Hash Batches": 1,
                                                                              "Peak Memory Usage": 72,
                                                                              "Plans": [
                                                                                {
                                                                                  "Node Type": "Seq Scan",
                                                                                  "Parent Relationship": "Outer",
                                                                                  "Parallel Aware": true,
                                                                                  "Relation Name": "title",
                                                                                  "Alias": "t",
                                                                                  "Startup Cost": 0.0,
                                                                                  "Total Cost": 47059.1,
                                                                                  "Plan Rows": 1,
                                                                                  "Plan Width": 21,
                                                                                  "Actual Startup Time": 235.921,
                                                                                  "Actual Total Time": 269.957,
                                                                                  "Actual Rows": 1,
                                                                                  "Actual Loops": 2,
                                                                                  "Filter": "((production_year >= 2000) AND (production_year <= 2005) AND (title = 'Shrek 2'::text))",
                                                                                  "Rows Removed by Filter": 1264155
                                                                                }
                                                                              ]
                                                                            }
                                                                          ]
                                                                        },
                                                                        {
                                                                          "Node Type": "Hash",
                                                                          "Parent Relationship": "Inner",
                                                                          "Parallel Aware": false,
                                                                          "Startup Cost": 2996.88,
                                                                          "Total Cost": 2996.88,
                                                                          "Plan Rows": 8443,
                                                                          "Plan Width": 4,
                                                                          "Actual Startup Time": 46.08,
                                                                          "Actual Total Time": 46.089,
                                                                          "Actual Rows": 17879,
                                                                          "Actual Loops": 2,
                                                                          "Hash Buckets": 32768,
                                                                          "Original Hash Buckets": 16384,
                                                                          "Hash Batches": 1,
                                                                          "Original Hash Batches": 1,
                                                                          "Peak Memory Usage": 885,
                                                                          "Plans": [
                                                                            {
                                                                              "Node Type": "Hash Join",
                                                                              "Parent Relationship": "Outer",
                                                                              "Parallel Aware": false,
                                                                              "Join Type": "Inner",
                                                                              "Startup Cost": 2.12,
                                                                              "Total Cost": 2996.88,
                                                                              "Plan Rows": 8443,
                                                                              "Plan Width": 4,
                                                                              "Actual Startup Time": 0.174,
                                                                              "Actual Total Time": 42.568,
                                                                              "Actual Rows": 17879,
                                                                              "Actual Loops": 2,
                                                                              "Inner Unique": true,
                                                                              "Hash Cond": "(cc.status_id = cct2.id)",
                                                                              "Plans": [
                                                                                {
                                                                                  "Node Type": "Hash Join",
                                                                                  "Parent Relationship": "Outer",
                                                                                  "Parallel Aware": false,
                                                                                  "Join Type": "Inner",
                                                                                  "Startup Cost": 1.06,
                                                                                  "Total Cost": 2813.24,
                                                                                  "Plan Rows": 33772,
                                                                                  "Plan Width": 8,
                                                                                  "Actual Startup Time": 0.08,
                                                                                  "Actual Total Time": 35.665,
                                                                                  "Actual Rows": 85941,
                                                                                  "Actual Loops": 2,
                                                                                  "Inner Unique": true,
                                                                                  "Hash Cond": "(cc.subject_id = cct1.id)",
                                                                                  "Plans": [
                                                                                    {
                                                                                      "Node Type": "Seq Scan",
                                                                                      "Parent Relationship": "Outer",
                                                                                      "Parallel Aware": false,
                                                                                      "Relation Name": "complete_cast",
                                                                                      "Alias": "cc",
                                                                                      "Startup Cost": 0.0,
                                                                                      "Total Cost": 2081.86,
                                                                                      "Plan Rows": 135086,
                                                                                      "Plan Width": 12,
                                                                                      "Actual Startup Time": 0.035,
                                                                                      "Actual Total Time": 17.524,
                                                                                      "Actual Rows": 135086,
                                                                                      "Actual Loops": 2
                                                                                    },
                                                                                    {
                                                                                      "Node Type": "Hash",
                                                                                      "Parent Relationship": "Inner",
                                                                                      "Parallel Aware": false,
                                                                                      "Startup Cost": 1.05,
                                                                                      "Total Cost": 1.05,
                                                                                      "Plan Rows": 1,
                                                                                      "Plan Width": 4,
                                                                                      "Actual Startup Time": 0.014,
                                                                                      "Actual Total Time": 0.015,
                                                                                      "Actual Rows": 1,
                                                                                      "Actual Loops": 2,
                                                                                      "Hash Buckets": 1024,
                                                                                      "Original Hash Buckets": 1024,
                                                                                      "Hash Batches": 1,
                                                                                      "Original Hash Batches": 1,
                                                                                      "Peak Memory Usage": 9,
                                                                                      "Plans": [
                                                                                        {
                                                                                          "Node Type": "Seq Scan",
                                                                                          "Parent Relationship": "Outer",
                                                                                          "Parallel Aware": false,
                                                                                          "Relation Name": "comp_cast_type",
                                                                                          "Alias": "cct1",
                                                                                          "Startup Cost": 0.0,
                                                                                          "Total Cost": 1.05,
                                                                                          "Plan Rows": 1,
                                                                                          "Plan Width": 4,
                                                                                          "Actual Startup Time": 0.006,
                                                                                          "Actual Total Time": 0.008,
                                                                                          "Actual Rows": 1,
                                                                                          "Actual Loops": 2,
                                                                                          "Filter": "((kind)::text = 'cast'::text)",
                                                                                          "Rows Removed by Filter": 3
                                                                                        }
                                                                                      ]
                                                                                    }
                                                                                  ]
                                                                                },
                                                                                {
                                                                                  "Node Type": "Hash",
                                                                                  "Parent Relationship": "Inner",
                                                                                  "Parallel Aware": false,
                                                                                  "Startup Cost": 1.05,
                                                                                  "Total Cost": 1.05,
                                                                                  "Plan Rows": 1,
                                                                                  "Plan Width": 4,
                                                                                  "Actual Startup Time": 0.057,
                                                                                  "Actual Total Time": 0.058,
                                                                                  "Actual Rows": 1,
                                                                                  "Actual Loops": 2,
                                                                                  "Hash Buckets": 1024,
                                                                                  "Original Hash Buckets": 1024,
                                                                                  "Hash Batches": 1,
                                                                                  "Original Hash Batches": 1,
                                                                                  "Peak Memory Usage": 9,
                                                                                  "Plans": [
                                                                                    {
                                                                                      "Node Type": "Seq Scan",
                                                                                      "Parent Relationship": "Outer",
                                                                                      "Parallel Aware": false,
                                                                                      "Relation Name": "comp_cast_type",
                                                                                      "Alias": "cct2",
                                                                                      "Startup Cost": 0.0,
                                                                                      "Total Cost": 1.05,
                                                                                      "Plan Rows": 1,
                                                                                      "Plan Width": 4,
                                                                                      "Actual Startup Time": 0.042,
                                                                                      "Actual Total Time": 0.044,
                                                                                      "Actual Rows": 1,
                                                                                      "Actual Loops": 2,
                                                                                      "Filter": "((kind)::text = 'complete+verified'::text)",
                                                                                      "Rows Removed by Filter": 3
                                                                                    }
                                                                                  ]
                                                                                }
                                                                              ]
                                                                            }
                                                                          ]
                                                                        }
                                                                      ]
                                                                    }
                                                                  ]
                                                                }
                                                              ]
                                                            }
                                                          ]
                                                        }
                                                      ]
                                                    }
                                                  ]
                                                }
                                              ]
                                            }
                                          ]
                                        }
                                      ]
                                    }
                                  ]
                                }
                              ]
                            }
                          ]
                        }
                      ]
                    },
                    {
                      "Node Type": "Hash",
                      "Parent Relationship": "Inner",
                      "Parallel Aware": false,
                      "Startup Cost": 1.15,
                      "Total Cost": 1.15,
                      "Plan Rows": 1,
                      "Plan Width": 4,
                      "Actual Startup Time": 0.092,
                      "Actual Total Time": 0.093,
                      "Actual Rows": 1,
                      "Actual Loops": 2,
                      "Hash Buckets": 1024,
                      "Original Hash Buckets": 1024,
                      "Hash Batches": 1,
                      "Original Hash Batches": 1,
                      "Peak Memory Usage": 9,
                      "Plans": [
                        {
                          "Node Type": "Seq Scan",
                          "Parent Relationship": "Outer",
                          "Parallel Aware": false,
                          "Relation Name": "role_type",
                          "Alias": "rt",
                          "Startup Cost": 0.0,
                          "Total Cost": 1.15,
                          "Plan Rows": 1,
                          "Plan Width": 4,
                          "Actual Startup Time": 0.066,
                          "Actual Total Time": 0.07,
                          "Actual Rows": 1,
                          "Actual Loops": 2,
                          "Filter": "((role)::text = 'actress'::text)",
                          "Rows Removed by Filter": 11
                        }
                      ]
                    }
                  ]
                }
              ]
            }
          ]
        }
      ]
    },
    "Planning Time": 3520.834,
    "Triggers": [],
    "Execution Time": 6816.111
  }
]