[
  {
    "Plan": {
      "Node Type": "Aggregate",
      "Strategy": "Plain",
      "Partial Mode": "Finalize",
      "Parallel Aware": false,
      "Startup Cost": 273788.55,
      "Total Cost": 273788.56,
      "Plan Rows": 1,
      "Plan Width": 8,
      "Actual Startup Time": 72.592,
      "Actual Total Time": 77.577,
      "Actual Rows": 1,
      "Actual Loops": 1,
      "Plans": [
        {
          "Node Type": "Gather",
          "Parent Relationship": "Outer",
          "Parallel Aware": false,
          "Startup Cost": 273788.02,
          "Total Cost": 273788.53,
          "Plan Rows": 5,
          "Plan Width": 8,
          "Actual Startup Time": 72.379,
          "Actual Total Time": 77.57,
          "Actual Rows": 6,
          "Actual Loops": 1,
          "Workers Planned": 5,
          "Workers Launched": 5,
          "Single Copy": false,
          "Plans": [
            {
              "Node Type": "Aggregate",
              "Strategy": "Plain",
              "Partial Mode": "Partial",
              "Parent Relationship": "Outer",
              "Parallel Aware": false,
              "Startup Cost": 272788.02,
              "Total Cost": 272788.03,
              "Plan Rows": 1,
              "Plan Width": 8,
              "Actual Startup Time": 62.881,
              "Actual Total Time": 62.882,
              "Actual Rows": 1,
              "Actual Loops": 6,
              "Plans": [
                {
                  "Node Type": "Bitmap Heap Scan",
                  "Parent Relationship": "Outer",
                  "Parallel Aware": true,
                  "Relation Name": "cast_info",
                  "Alias": "ci",
                  "Startup Cost": 9140.07,
                  "Total Cost": 272653.07,
                  "Plan Rows": 53981,
                  "Plan Width": 0,
                  "Actual Startup Time": 24.38,
                  "Actual Total Time": 57.521,
                  "Actual Rows": 62785,
                  "Actual Loops": 6,
                  "Recheck Cond": "(person_id > 3992031)",
                  "Rows Removed by Index Recheck": 0,
                  "Filter": "(role_id > 1)",
                  "Rows Removed by Filter": 0,
                  "Exact Heap Blocks": 2232,
                  "Lossy Heap Blocks": 0,
                  "Plans": [
                    {
                      "Node Type": "Bitmap Index Scan",
                      "Parent Relationship": "Outer",
                      "Parallel Aware": false,
                      "Index Name": "person_id_cast_info",
                      "Startup Cost": 0.0,
                      "Total Cost": 9072.59,
                      "Plan Rows": 415470,
                      "Plan Width": 0,
                      "Actual Startup Time": 31.948,
                      "Actual Total Time": 31.948,
                      "Actual Rows": 376708,
                      "Actual Loops": 1,
                      "Index Cond": "(person_id > 3992031)"
                    }
                  ]
                }
              ]
            }
          ]
        }
      ]
    },
    "Planning Time": 0.304,
    "Triggers": [],
    "Execution Time": 77.642
  }
]