[
  {
    "Plan": {
      "Node Type": "Aggregate",
      "Strategy": "Plain",
      "Partial Mode": "Finalize",
      "Parallel Aware": false,
      "Startup Cost": 275137.2,
      "Total Cost": 275137.21,
      "Plan Rows": 1,
      "Plan Width": 8,
      "Actual Startup Time": 75.61,
      "Actual Total Time": 79.414,
      "Actual Rows": 1,
      "Actual Loops": 1,
      "Plans": [
        {
          "Node Type": "Gather",
          "Parent Relationship": "Outer",
          "Parallel Aware": false,
          "Startup Cost": 275136.68,
          "Total Cost": 275137.19,
          "Plan Rows": 5,
          "Plan Width": 8,
          "Actual Startup Time": 75.344,
          "Actual Total Time": 79.404,
          "Actual Rows": 6,
          "Actual Loops": 1,
          "Workers Planned": 5,
          "Workers Launched": 5,
          "Single Copy": false,
          "Plans": [
            {
              "Node Type": "Aggregate",
              "Strategy": "Plain",
              "Partial Mode": "Partial",
              "Parent Relationship": "Outer",
              "Parallel Aware": false,
              "Startup Cost": 274136.68,
              "Total Cost": 274136.69,
              "Plan Rows": 1,
              "Plan Width": 8,
              "Actual Startup Time": 66.148,
              "Actual Total Time": 66.15,
              "Actual Rows": 1,
              "Actual Loops": 6,
              "Plans": [
                {
                  "Node Type": "Bitmap Heap Scan",
                  "Parent Relationship": "Outer",
                  "Parallel Aware": true,
                  "Relation Name": "cast_info",
                  "Alias": "ci",
                  "Startup Cost": 8513.5,
                  "Total Cost": 274009.85,
                  "Plan Rows": 50729,
                  "Plan Width": 0,
                  "Actual Startup Time": 27.639,
                  "Actual Total Time": 60.363,
                  "Actual Rows": 62785,
                  "Actual Loops": 6,
                  "Recheck Cond": "(person_id > 3992031)",
                  "Rows Removed by Index Recheck": 0,
                  "Filter": "(role_id > 1)",
                  "Rows Removed by Filter": 0,
                  "Exact Heap Blocks": 1707,
                  "Lossy Heap Blocks": 0,
                  "Plans": [
                    {
                      "Node Type": "Bitmap Index Scan",
                      "Parent Relationship": "Outer",
                      "Parallel Aware": false,
                      "Index Name": "person_id_cast_info",
                      "Startup Cost": 0.0,
                      "Total Cost": 8450.09,
                      "Plan Rows": 386870,
                      "Plan Width": 0,
                      "Actual Startup Time": 34.704,
                      "Actual Total Time": 34.704,
                      "Actual Rows": 376708,
                      "Actual Loops": 1,
                      "Index Cond": "(person_id > 3992031)"
                    }
                  ]
                }
              ]
            }
          ]
        }
      ]
    },
    "Planning Time": 0.355,
    "Triggers": [],
    "Execution Time": 79.495
  }
]