{
  "Plan": {
    "Node Type": "Aggregate",
    "Strategy": "Plain",
    "Partial Mode": "Finalize",
    "Parallel Aware": false,
    "Startup Cost": 261748.14,
    "Total Cost": 261748.15,
    "Plan Rows": 1,
    "Plan Width": 8,
    "Actual Startup Time": 751.83,
    "Actual Total Time": 764.205,
    "Actual Rows": 1,
    "Actual Loops": 1,
    "Plans": [
      {
        "Node Type": "Gather",
        "Parent Relationship": "Outer",
        "Parallel Aware": false,
        "Startup Cost": 261748.03,
        "Total Cost": 261748.14,
        "Plan Rows": 1,
        "Plan Width": 8,
        "Actual Startup Time": 747.544,
        "Actual Total Time": 764.196,
        "Actual Rows": 2,
        "Actual Loops": 1,
        "Workers Planned": 1,
        "Workers Launched": 1,
        "Single Copy": false,
        "Plans": [
          {
            "Node Type": "Aggregate",
            "Strategy": "Plain",
            "Partial Mode": "Partial",
            "Parent Relationship": "Outer",
            "Parallel Aware": false,
            "Startup Cost": 260748.03,
            "Total Cost": 260748.04,
            "Plan Rows": 1,
            "Plan Width": 8,
            "Actual Startup Time": 739.568,
            "Actual Total Time": 739.572,
            "Actual Rows": 1,
            "Actual Loops": 2,
            "Plans": [
              {
                "Node Type": "Hash Join",
                "Parent Relationship": "Outer",
                "Parallel Aware": true,
                "Join Type": "Inner",
                "Startup Cost": 86622.76,
                "Total Cost": 259830.98,
                "Plan Rows": 366820,
                "Plan Width": 0,
                "Actual Startup Time": 426.3,
                "Actual Total Time": 722.883,
                "Actual Rows": 380982,
                "Actual Loops": 2,
                "Inner Unique": true,
                "Hash Cond": "(mi.movie_id = t.id)",
                "Plans": [
                  {
                    "Node Type": "Bitmap Heap Scan",
                    "Parent Relationship": "Outer",
                    "Parallel Aware": true,
                    "Relation Name": "movie_info",
                    "Alias": "mi",
                    "Startup Cost": 22837.73,
                    "Total Cost": 194099.51,
                    "Plan Rows": 741502,
                    "Plan Width": 4,
                    "Actual Startup Time": 40.096,
                    "Actual Total Time": 103.943,
                    "Actual Rows": 644464,
                    "Actual Loops": 2,
                    "Recheck Cond": "(info_type_id = 2)",
                    "Rows Removed by Index Recheck": 0,
                    "Exact Heap Blocks": 4568,
                    "Lossy Heap Blocks": 0,
                    "Plans": [
                      {
                        "Node Type": "Bitmap Index Scan",
                        "Parent Relationship": "Outer",
                        "Parallel Aware": false,
                        "Index Name": "info_type_id_movie_info",
                        "Startup Cost": 0.0,
                        "Total Cost": 22522.59,
                        "Plan Rows": 1260554,
                        "Plan Width": 0,
                        "Actual Startup Time": 38.756,
                        "Actual Total Time": 38.757,
                        "Actual Rows": 1288928,
                        "Actual Loops": 1,
                        "Index Cond": "(info_type_id = 2)"
                      }
                    ]
                  },
                  {
                    "Node Type": "Hash",
                    "Parent Relationship": "Inner",
                    "Parallel Aware": true,
                    "Startup Cost": 54588.39,
                    "Total Cost": 54588.39,
                    "Plan Rows": 735731,
                    "Plan Width": 4,
                    "Actual Startup Time": 371.457,
                    "Actual Total Time": 371.458,
                    "Actual Rows": 631850,
                    "Actual Loops": 2,
                    "Hash Buckets": 2097152,
                    "Original Hash Buckets": 2097152,
                    "Hash Batches": 1,
                    "Original Hash Batches": 1,
                    "Peak Memory Usage": 65856,
                    "Plans": [
                      {
                        "Node Type": "Seq Scan",
                        "Parent Relationship": "Outer",
                        "Parallel Aware": true,
                        "Relation Name": "title",
                        "Alias": "t",
                        "Startup Cost": 0.0,
                        "Total Cost": 54588.39,
                        "Plan Rows": 735731,
                        "Plan Width": 4,
                        "Actual Startup Time": 0.034,
                        "Actual Total Time": 171.34,
                        "Actual Rows": 631850,
                        "Actual Loops": 2,
                        "Filter": "(production_year < 2004)",
                        "Rows Removed by Filter": 632306
                      }
                    ]
                  }
                ]
              }
            ]
          }
        ]
      }
    ]
  },
  "Planning Time": 0.648,
  "Triggers": [],
  "Execution Time": 764.3
}