[
  {
    "Plan": {
      "Node Type": "Aggregate",
      "Strategy": "Plain",
      "Partial Mode": "Finalize",
      "Parallel Aware": false,
      "Startup Cost": 247019.19,
      "Total Cost": 247019.2,
      "Plan Rows": 1,
      "Plan Width": 8,
      "Actual Startup Time": 827.818,
      "Actual Total Time": 875.226,
      "Actual Rows": 1,
      "Actual Loops": 1,
      "Plans": [
        {
          "Node Type": "Gather",
          "Parent Relationship": "Outer",
          "Parallel Aware": false,
          "Startup Cost": 247018.67,
          "Total Cost": 247019.18,
          "Plan Rows": 5,
          "Plan Width": 8,
          "Actual Startup Time": 825.017,
          "Actual Total Time": 875.209,
          "Actual Rows": 6,
          "Actual Loops": 1,
          "Workers Planned": 5,
          "Workers Launched": 5,
          "Single Copy": false,
          "Plans": [
            {
              "Node Type": "Aggregate",
              "Strategy": "Plain",
              "Partial Mode": "Partial",
              "Parent Relationship": "Outer",
              "Parallel Aware": false,
              "Startup Cost": 246018.67,
              "Total Cost": 246018.68,
              "Plan Rows": 1,
              "Plan Width": 8,
              "Actual Startup Time": 818.308,
              "Actual Total Time": 818.373,
              "Actual Rows": 1,
              "Actual Loops": 6,
              "Plans": [
                {
                  "Node Type": "Hash Join",
                  "Parent Relationship": "Outer",
                  "Parallel Aware": true,
                  "Join Type": "Inner",
                  "Startup Cost": 46025.96,
                  "Total Cost": 245505.37,
                  "Plan Rows": 205320,
                  "Plan Width": 0,
                  "Actual Startup Time": 119.138,
                  "Actual Total Time": 790.419,
                  "Actual Rows": 628616,
                  "Actual Loops": 6,
                  "Inner Unique": true,
                  "Hash Cond": "(mi.movie_id = t.id)",
                  "Plans": [
                    {
                      "Node Type": "Seq Scan",
                      "Parent Relationship": "Outer",
                      "Parallel Aware": true,
                      "Relation Name": "movie_info",
                      "Alias": "mi",
                      "Startup Cost": 0.0,
                      "Total Cost": 191685.19,
                      "Plan Rows": 2969219,
                      "Plan Width": 4,
                      "Actual Startup Time": 0.029,
                      "Actual Total Time": 299.009,
                      "Actual Rows": 2472620,
                      "Actual Loops": 6
                    },
                    {
                      "Node Type": "Hash",
                      "Parent Relationship": "Inner",
                      "Parallel Aware": true,
                      "Startup Cost": 45479.59,
                      "Total Cost": 45479.59,
                      "Plan Rows": 43710,
                      "Plan Width": 4,
                      "Actual Startup Time": 106.814,
                      "Actual Total Time": 106.815,
                      "Actual Rows": 52594,
                      "Actual Loops": 6,
                      "Hash Buckets": 524288,
                      "Original Hash Buckets": 262144,
                      "Hash Batches": 1,
                      "Original Hash Batches": 1,
                      "Peak Memory Usage": 18560,
                      "Plans": [
                        {
                          "Node Type": "Seq Scan",
                          "Parent Relationship": "Outer",
                          "Parallel Aware": true,
                          "Relation Name": "title",
                          "Alias": "t",
                          "Startup Cost": 0.0,
                          "Total Cost": 45479.59,
                          "Plan Rows": 43710,
                          "Plan Width": 4,
                          "Actual Startup Time": 44.991,
                          "Actual Total Time": 78.303,
                          "Actual Rows": 52594,
                          "Actual Loops": 6,
                          "Filter": "((production_year < 1990) AND (kind_id = 1))",
                          "Rows Removed by Filter": 368791
                        }
                      ]
                    }
                  ]
                }
              ]
            }
          ]
        }
      ]
    },
    "Planning Time": 0.203,
    "Triggers": [],
    "Execution Time": 875.275
  }
]