{
  "Plan": {
    "Node Type": "Aggregate",
    "Strategy": "Plain",
    "Partial Mode": "Finalize",
    "Parallel Aware": false,
    "Startup Cost": 643311.54,
    "Total Cost": 643311.55,
    "Plan Rows": 1,
    "Plan Width": 8,
    "Actual Startup Time": 2381.818,
    "Actual Total Time": 2435.593,
    "Actual Rows": 1,
    "Actual Loops": 1,
    "Plans": [
      {
        "Node Type": "Gather",
        "Parent Relationship": "Outer",
        "Parallel Aware": false,
        "Startup Cost": 643311.43,
        "Total Cost": 643311.54,
        "Plan Rows": 1,
        "Plan Width": 8,
        "Actual Startup Time": 2381.67,
        "Actual Total Time": 2435.583,
        "Actual Rows": 2,
        "Actual Loops": 1,
        "Workers Planned": 1,
        "Workers Launched": 1,
        "Single Copy": false,
        "Plans": [
          {
            "Node Type": "Aggregate",
            "Strategy": "Plain",
            "Partial Mode": "Partial",
            "Parent Relationship": "Outer",
            "Parallel Aware": false,
            "Startup Cost": 642311.43,
            "Total Cost": 642311.44,
            "Plan Rows": 1,
            "Plan Width": 8,
            "Actual Startup Time": 2375.721,
            "Actual Total Time": 2375.725,
            "Actual Rows": 1,
            "Actual Loops": 2,
            "Plans": [
              {
                "Node Type": "Hash Join",
                "Parent Relationship": "Outer",
                "Parallel Aware": true,
                "Join Type": "Inner",
                "Startup Cost": 58427.01,
                "Total Cost": 642240.61,
                "Plan Rows": 28325,
                "Plan Width": 0,
                "Actual Startup Time": 164.324,
                "Actual Total Time": 2373.678,
                "Actual Rows": 29903,
                "Actual Loops": 2,
                "Inner Unique": true,
                "Hash Cond": "(ci.movie_id = t.id)",
                "Plans": [
                  {
                    "Node Type": "Seq Scan",
                    "Parent Relationship": "Outer",
                    "Parallel Aware": true,
                    "Relation Name": "cast_info",
                    "Alias": "ci",
                    "Startup Cost": 0.0,
                    "Total Cost": 572345.93,
                    "Plan Rows": 4368631,
                    "Plan Width": 4,
                    "Actual Startup Time": 0.018,
                    "Actual Total Time": 1797.177,
                    "Actual Rows": 4908338,
                    "Actual Loops": 2,
                    "Filter": "((person_id < 1337172) AND (role_id < 3))",
                    "Rows Removed by Filter": 13213834
                  },
                  {
                    "Node Type": "Hash",
                    "Parent Relationship": "Inner",
                    "Parallel Aware": true,
                    "Startup Cost": 58306.47,
                    "Total Cost": 58306.47,
                    "Plan Rows": 9643,
                    "Plan Width": 4,
                    "Actual Startup Time": 163.021,
                    "Actual Total Time": 163.022,
                    "Actual Rows": 7360,
                    "Actual Loops": 2,
                    "Hash Buckets": 32768,
                    "Original Hash Buckets": 32768,
                    "Hash Batches": 1,
                    "Original Hash Batches": 1,
                    "Peak Memory Usage": 864,
                    "Plans": [
                      {
                        "Node Type": "Seq Scan",
                        "Parent Relationship": "Outer",
                        "Parallel Aware": true,
                        "Relation Name": "title",
                        "Alias": "t",
                        "Startup Cost": 0.0,
                        "Total Cost": 58306.47,
                        "Plan Rows": 9643,
                        "Plan Width": 4,
                        "Actual Startup Time": 0.046,
                        "Actual Total Time": 159.588,
                        "Actual Rows": 7360,
                        "Actual Loops": 2,
                        "Filter": "((kind_id = 7) AND (production_year = 1992))",
                        "Rows Removed by Filter": 1256796
                      }
                    ]
                  }
                ]
              }
            ]
          }
        ]
      }
    ]
  },
  "Planning Time": 0.532,
  "Triggers": [],
  "Execution Time": 2435.68
}