{
  "Plan": {
    "Node Type": "Aggregate",
    "Strategy": "Plain",
    "Partial Mode": "Finalize",
    "Parallel Aware": false,
    "Startup Cost": 2225033.01,
    "Total Cost": 2225033.02,
    "Plan Rows": 1,
    "Plan Width": 8,
    "Actual Startup Time": 16006.065,
    "Actual Total Time": 16110.067,
    "Actual Rows": 1,
    "Actual Loops": 1,
    "Plans": [
      {
        "Node Type": "Gather",
        "Parent Relationship": "Outer",
        "Parallel Aware": false,
        "Startup Cost": 2225032.89,
        "Total Cost": 2225033.0,
        "Plan Rows": 1,
        "Plan Width": 8,
        "Actual Startup Time": 16005.969,
        "Actual Total Time": 16110.053,
        "Actual Rows": 2,
        "Actual Loops": 1,
        "Workers Planned": 1,
        "Workers Launched": 1,
        "Single Copy": false,
        "Plans": [
          {
            "Node Type": "Aggregate",
            "Strategy": "Plain",
            "Partial Mode": "Partial",
            "Parent Relationship": "Outer",
            "Parallel Aware": false,
            "Startup Cost": 2224032.89,
            "Total Cost": 2224032.9,
            "Plan Rows": 1,
            "Plan Width": 8,
            "Actual Startup Time": 16000.335,
            "Actual Total Time": 16000.336,
            "Actual Rows": 1,
            "Actual Loops": 2,
            "Plans": [
              {
                "Node Type": "Merge Join",
                "Parent Relationship": "Outer",
                "Parallel Aware": false,
                "Join Type": "Inner",
                "Startup Cost": 43.64,
                "Total Cost": 2204886.48,
                "Plan Rows": 7658565,
                "Plan Width": 0,
                "Actual Startup Time": 3.924,
                "Actual Total Time": 15700.214,
                "Actual Rows": 6407071,
                "Actual Loops": 2,
                "Inner Unique": true,
                "Merge Cond": "(ci.movie_id = t.id)",
                "Plans": [
                  {
                    "Node Type": "Index Scan",
                    "Parent Relationship": "Outer",
                    "Parallel Aware": true,
                    "Scan Direction": "Forward",
                    "Index Name": "movie_id_cast_info",
                    "Relation Name": "cast_info",
                    "Alias": "ci",
                    "Startup Cost": 0.56,
                    "Total Cost": 1978621.64,
                    "Plan Rows": 11579905,
                    "Plan Width": 4,
                    "Actual Startup Time": 0.256,
                    "Actual Total Time": 13155.128,
                    "Actual Rows": 9850036,
                    "Actual Loops": 2,
                    "Filter": "(person_id > 1638143)",
                    "Rows Removed by Filter": 8272136
                  },
                  {
                    "Node Type": "Index Scan",
                    "Parent Relationship": "Inner",
                    "Parallel Aware": false,
                    "Scan Direction": "Forward",
                    "Index Name": "title_pkey",
                    "Relation Name": "title",
                    "Alias": "t",
                    "Startup Cost": 0.43,
                    "Total Cost": 116660.7,
                    "Plan Rows": 1672129,
                    "Plan Width": 4,
                    "Actual Startup Time": 0.137,
                    "Actual Total Time": 1509.623,
                    "Actual Rows": 1673078,
                    "Actual Loops": 2,
                    "Filter": "(kind_id > 3)",
                    "Rows Removed by Filter": 853008
                  }
                ]
              }
            ]
          }
        ]
      }
    ]
  },
  "Planning Time": 0.587,
  "Triggers": [],
  "Execution Time": 16110.178
}