[
  {
    "Plan": {
      "Node Type": "Aggregate",
      "Strategy": "Plain",
      "Partial Mode": "Finalize",
      "Parallel Aware": false,
      "Startup Cost": 60247.79,
      "Total Cost": 60247.8,
      "Plan Rows": 1,
      "Plan Width": 8,
      "Actual Startup Time": 191.963,
      "Actual Total Time": 215.669,
      "Actual Rows": 1,
      "Actual Loops": 1,
      "Plans": [
        {
          "Node Type": "Gather",
          "Parent Relationship": "Outer",
          "Parallel Aware": false,
          "Startup Cost": 60247.58,
          "Total Cost": 60247.79,
          "Plan Rows": 2,
          "Plan Width": 8,
          "Actual Startup Time": 191.619,
          "Actual Total Time": 215.661,
          "Actual Rows": 3,
          "Actual Loops": 1,
          "Workers Planned": 2,
          "Workers Launched": 2,
          "Single Copy": false,
          "Plans": [
            {
              "Node Type": "Aggregate",
              "Strategy": "Plain",
              "Partial Mode": "Partial",
              "Parent Relationship": "Outer",
              "Parallel Aware": false,
              "Startup Cost": 59247.58,
              "Total Cost": 59247.59,
              "Plan Rows": 1,
              "Plan Width": 8,
              "Actual Startup Time": 187.054,
              "Actual Total Time": 187.057,
              "Actual Rows": 1,
              "Actual Loops": 3,
              "Plans": [
                {
                  "Node Type": "Hash Join",
                  "Parent Relationship": "Outer",
                  "Parallel Aware": true,
                  "Join Type": "Inner",
                  "Startup Cost": 44029.36,
                  "Total Cost": 59223.92,
                  "Plan Rows": 9463,
                  "Plan Width": 0,
                  "Actual Startup Time": 141.379,
                  "Actual Total Time": 186.851,
                  "Actual Rows": 3834,
                  "Actual Loops": 3,
                  "Inner Unique": true,
                  "Hash Cond": "(mi_idx.movie_id = t.id)",
                  "Plans": [
                    {
                      "Node Type": "Seq Scan",
                      "Parent Relationship": "Outer",
                      "Parallel Aware": true,
                      "Relation Name": "movie_info_idx",
                      "Alias": "mi_idx",
                      "Startup Cost": 0.0,
                      "Total Cost": 13685.15,
                      "Plan Rows": 575015,
                      "Plan Width": 4,
                      "Actual Startup Time": 0.01,
                      "Actual Total Time": 37.308,
                      "Actual Rows": 460012,
                      "Actual Loops": 3
                    },
                    {
                      "Node Type": "Hash",
                      "Parent Relationship": "Inner",
                      "Parallel Aware": true,
                      "Startup Cost": 43899.32,
                      "Total Cost": 43899.32,
                      "Plan Rows": 10403,
                      "Plan Width": 4,
                      "Actual Startup Time": 111.171,
                      "Actual Total Time": 111.172,
                      "Actual Rows": 14273,
                      "Actual Loops": 3,
                      "Hash Buckets": 65536,
                      "Original Hash Buckets": 65536,
                      "Hash Batches": 1,
                      "Original Hash Batches": 1,
                      "Peak Memory Usage": 2240,
                      "Plans": [
                        {
                          "Node Type": "Seq Scan",
                          "Parent Relationship": "Outer",
                          "Parallel Aware": true,
                          "Relation Name": "title",
                          "Alias": "t",
                          "Startup Cost": 0.0,
                          "Total Cost": 43899.32,
                          "Plan Rows": 10403,
                          "Plan Width": 4,
                          "Actual Startup Time": 61.018,
                          "Actual Total Time": 106.727,
                          "Actual Rows": 14273,
                          "Actual Loops": 3,
                          "Filter": "(production_year < 1913)",
                          "Rows Removed by Filter": 828497
                        }
                      ]
                    }
                  ]
                }
              ]
            }
          ]
        }
      ]
    },
    "Planning Time": 0.287,
    "Triggers": [],
    "Execution Time": 215.709
  }
]