[
  {
    "Plan": {
      "Node Type": "Aggregate",
      "Strategy": "Plain",
      "Partial Mode": "Finalize",
      "Parallel Aware": false,
      "Startup Cost": 23483.38,
      "Total Cost": 23483.39,
      "Plan Rows": 1,
      "Plan Width": 8,
      "Actual Startup Time": 32.935,
      "Actual Total Time": 37.145,
      "Actual Rows": 1,
      "Actual Loops": 1,
      "Plans": [
        {
          "Node Type": "Gather",
          "Parent Relationship": "Outer",
          "Parallel Aware": false,
          "Startup Cost": 23483.16,
          "Total Cost": 23483.37,
          "Plan Rows": 2,
          "Plan Width": 8,
          "Actual Startup Time": 32.787,
          "Actual Total Time": 37.137,
          "Actual Rows": 3,
          "Actual Loops": 1,
          "Workers Planned": 2,
          "Workers Launched": 2,
          "Single Copy": false,
          "Plans": [
            {
              "Node Type": "Aggregate",
              "Strategy": "Plain",
              "Partial Mode": "Partial",
              "Parent Relationship": "Outer",
              "Parallel Aware": false,
              "Startup Cost": 22483.16,
              "Total Cost": 22483.17,
              "Plan Rows": 1,
              "Plan Width": 8,
              "Actual Startup Time": 24.518,
              "Actual Total Time": 24.52,
              "Actual Rows": 1,
              "Actual Loops": 3,
              "Plans": [
                {
                  "Node Type": "Nested Loop",
                  "Parent Relationship": "Outer",
                  "Parallel Aware": false,
                  "Join Type": "Inner",
                  "Startup Cost": 131.17,
                  "Total Cost": 22483.1,
                  "Plan Rows": 24,
                  "Plan Width": 0,
                  "Actual Startup Time": 23.541,
                  "Actual Total Time": 24.512,
                  "Actual Rows": 37,
                  "Actual Loops": 3,
                  "Inner Unique": false,
                  "Plans": [
                    {
                      "Node Type": "Nested Loop",
                      "Parent Relationship": "Outer",
                      "Parallel Aware": false,
                      "Join Type": "Inner",
                      "Startup Cost": 130.61,
                      "Total Cost": 22238.45,
                      "Plan Rows": 2,
                      "Plan Width": 8,
                      "Actual Startup Time": 23.532,
                      "Actual Total Time": 24.397,
                      "Actual Rows": 1,
                      "Actual Loops": 3,
                      "Inner Unique": true,
                      "Plans": [
                        {
                          "Node Type": "Bitmap Heap Scan",
                          "Parent Relationship": "Outer",
                          "Parallel Aware": true,
                          "Relation Name": "movie_companies",
                          "Alias": "mc",
                          "Startup Cost": 130.18,
                          "Total Cost": 12720.2,
                          "Plan Rows": 1231,
                          "Plan Width": 4,
                          "Actual Startup Time": 1.131,
                          "Actual Total Time": 3.55,
                          "Actual Rows": 2050,
                          "Actual Loops": 3,
                          "Recheck Cond": "(company_id = 145)",
                          "Rows Removed by Index Recheck": 0,
                          "Filter": "(company_type_id = 1)",
                          "Rows Removed by Filter": 18,
                          "Exact Heap Blocks": 555,
                          "Lossy Heap Blocks": 0,
                          "Plans": [
                            {
                              "Node Type": "Bitmap Index Scan",
                              "Parent Relationship": "Outer",
                              "Parallel Aware": false,
                              "Index Name": "company_id_movie_companies",
                              "Startup Cost": 0.0,
                              "Total Cost": 129.44,
                              "Plan Rows": 6001,
                              "Plan Width": 0,
                              "Actual Startup Time": 2.796,
                              "Actual Total Time": 2.796,
                              "Actual Rows": 6205,
                              "Actual Loops": 1,
                              "Index Cond": "(company_id = 145)"
                            }
                          ]
                        },
                        {
                          "Node Type": "Index Scan",
                          "Parent Relationship": "Inner",
                          "Parallel Aware": false,
                          "Scan Direction": "Forward",
                          "Index Name": "title_pkey",
                          "Relation Name": "title",
                          "Alias": "t",
                          "Startup Cost": 0.43,
                          "Total Cost": 7.73,
                          "Plan Rows": 1,
                          "Plan Width": 4,
                          "Actual Startup Time": 0.01,
                          "Actual Total Time": 0.01,
                          "Actual Rows": 0,
                          "Actual Loops": 6150,
                          "Index Cond": "(id = mc.movie_id)",
                          "Rows Removed by Index Recheck": 0,
                          "Filter": "((kind_id = 1) AND (production_year = 1965))",
                          "Rows Removed by Filter": 1
                        }
                      ]
                    },
                    {
                      "Node Type": "Index Only Scan",
                      "Parent Relationship": "Inner",
                      "Parallel Aware": false,
                      "Scan Direction": "Forward",
                      "Index Name": "movie_id_cast_info",
                      "Relation Name": "cast_info",
                      "Alias": "ci",
                      "Startup Cost": 0.56,
                      "Total Cost": 121.96,
                      "Plan Rows": 37,
                      "Plan Width": 4,
                      "Actual Startup Time": 0.019,
                      "Actual Total Time": 0.162,
                      "Actual Rows": 55,
                      "Actual Loops": 2,
                      "Index Cond": "(movie_id = t.id)",
                      "Rows Removed by Index Recheck": 0,
                      "Heap Fetches": 110
                    }
                  ]
                }
              ]
            }
          ]
        }
      ]
    },
    "Planning Time": 1.516,
    "Triggers": [],
    "Execution Time": 37.246
  }
]