[
  {
    "Plan": {
      "Node Type": "Aggregate",
      "Strategy": "Plain",
      "Partial Mode": "Finalize",
      "Parallel Aware": false,
      "Startup Cost": 92956.34,
      "Total Cost": 92956.35,
      "Plan Rows": 1,
      "Plan Width": 8,
      "Actual Startup Time": 383.794,
      "Actual Total Time": 400.363,
      "Actual Rows": 1,
      "Actual Loops": 1,
      "Plans": [
        {
          "Node Type": "Gather",
          "Parent Relationship": "Outer",
          "Parallel Aware": false,
          "Startup Cost": 92956.02,
          "Total Cost": 92956.33,
          "Plan Rows": 3,
          "Plan Width": 8,
          "Actual Startup Time": 381.445,
          "Actual Total Time": 400.354,
          "Actual Rows": 4,
          "Actual Loops": 1,
          "Workers Planned": 3,
          "Workers Launched": 3,
          "Single Copy": false,
          "Plans": [
            {
              "Node Type": "Aggregate",
              "Strategy": "Plain",
              "Partial Mode": "Partial",
              "Parent Relationship": "Outer",
              "Parallel Aware": false,
              "Startup Cost": 91956.02,
              "Total Cost": 91956.03,
              "Plan Rows": 1,
              "Plan Width": 8,
              "Actual Startup Time": 373.069,
              "Actual Total Time": 373.072,
              "Actual Rows": 1,
              "Actual Loops": 4,
              "Plans": [
                {
                  "Node Type": "Hash Join",
                  "Parent Relationship": "Outer",
                  "Parallel Aware": true,
                  "Join Type": "Inner",
                  "Startup Cost": 45763.83,
                  "Total Cost": 91314.27,
                  "Plan Rows": 256700,
                  "Plan Width": 0,
                  "Actual Startup Time": 160.948,
                  "Actual Total Time": 361.626,
                  "Actual Rows": 281681,
                  "Actual Loops": 4,
                  "Inner Unique": true,
                  "Hash Cond": "(mk.movie_id = t.id)",
                  "Plans": [
                    {
                      "Node Type": "Seq Scan",
                      "Parent Relationship": "Outer",
                      "Parallel Aware": true,
                      "Relation Name": "movie_keyword",
                      "Alias": "mk",
                      "Startup Cost": 0.0,
                      "Total Cost": 42695.65,
                      "Plan Rows": 1087540,
                      "Plan Width": 4,
                      "Actual Startup Time": 0.027,
                      "Actual Total Time": 107.909,
                      "Actual Rows": 841516,
                      "Actual Loops": 4,
                      "Filter": "(keyword_id < 16134)",
                      "Rows Removed by Filter": 289467
                    },
                    {
                      "Node Type": "Hash",
                      "Parent Relationship": "Inner",
                      "Parallel Aware": true,
                      "Startup Cost": 43898.92,
                      "Total Cost": 43898.92,
                      "Plan Rows": 149193,
                      "Plan Width": 4,
                      "Actual Startup Time": 155.852,
                      "Actual Total Time": 155.853,
                      "Actual Rows": 150853,
                      "Actual Loops": 4,
                      "Hash Buckets": 1048576,
                      "Original Hash Buckets": 1048576,
                      "Hash Batches": 1,
                      "Original Hash Batches": 1,
                      "Peak Memory Usage": 31872,
                      "Plans": [
                        {
                          "Node Type": "Seq Scan",
                          "Parent Relationship": "Outer",
                          "Parallel Aware": true,
                          "Relation Name": "title",
                          "Alias": "t",
                          "Startup Cost": 0.0,
                          "Total Cost": 43898.92,
                          "Plan Rows": 149193,
                          "Plan Width": 4,
                          "Actual Startup Time": 0.046,
                          "Actual Total Time": 99.504,
                          "Actual Rows": 150853,
                          "Actual Loops": 4,
                          "Filter": "(production_year < 1986)",
                          "Rows Removed by Filter": 481225
                        }
                      ]
                    }
                  ]
                }
              ]
            }
          ]
        }
      ]
    },
    "Planning Time": 0.586,
    "Triggers": [],
    "Execution Time": 400.433
  }
]