{
  "Plan": {
    "Node Type": "Aggregate",
    "Strategy": "Plain",
    "Partial Mode": "Finalize",
    "Parallel Aware": false,
    "Startup Cost": 124045.89,
    "Total Cost": 124045.9,
    "Plan Rows": 1,
    "Plan Width": 8,
    "Actual Startup Time": 494.856,
    "Actual Total Time": 533.539,
    "Actual Rows": 1,
    "Actual Loops": 1,
    "Plans": [
      {
        "Node Type": "Gather",
        "Parent Relationship": "Outer",
        "Parallel Aware": false,
        "Startup Cost": 124045.78,
        "Total Cost": 124045.89,
        "Plan Rows": 1,
        "Plan Width": 8,
        "Actual Startup Time": 494.442,
        "Actual Total Time": 533.531,
        "Actual Rows": 2,
        "Actual Loops": 1,
        "Workers Planned": 1,
        "Workers Launched": 1,
        "Single Copy": false,
        "Plans": [
          {
            "Node Type": "Aggregate",
            "Strategy": "Plain",
            "Partial Mode": "Partial",
            "Parent Relationship": "Outer",
            "Parallel Aware": false,
            "Startup Cost": 123045.78,
            "Total Cost": 123045.79,
            "Plan Rows": 1,
            "Plan Width": 8,
            "Actual Startup Time": 490.194,
            "Actual Total Time": 490.198,
            "Actual Rows": 1,
            "Actual Loops": 2,
            "Plans": [
              {
                "Node Type": "Nested Loop",
                "Parent Relationship": "Outer",
                "Parallel Aware": false,
                "Join Type": "Inner",
                "Startup Cost": 39806.39,
                "Total Cost": 122827.45,
                "Plan Rows": 87331,
                "Plan Width": 0,
                "Actual Startup Time": 153.758,
                "Actual Total Time": 478.565,
                "Actual Rows": 252327,
                "Actual Loops": 2,
                "Inner Unique": false,
                "Join Filter": "(t.id = mi.movie_id)",
                "Rows Removed by Join Filter": 0,
                "Plans": [
                  {
                    "Node Type": "Hash Join",
                    "Parent Relationship": "Outer",
                    "Parallel Aware": true,
                    "Join Type": "Inner",
                    "Startup Cost": 39805.95,
                    "Total Cost": 82990.98,
                    "Plan Rows": 14935,
                    "Plan Width": 8,
                    "Actual Startup Time": 153.683,
                    "Actual Total Time": 243.605,
                    "Actual Rows": 27391,
                    "Actual Loops": 2,
                    "Inner Unique": true,
                    "Hash Cond": "(mc.movie_id = t.id)",
                    "Plans": [
                      {
                        "Node Type": "Seq Scan",
                        "Parent Relationship": "Outer",
                        "Parallel Aware": true,
                        "Relation Name": "movie_companies",
                        "Alias": "mc",
                        "Startup Cost": 0.0,
                        "Total Cost": 41811.73,
                        "Plan Rows": 523162,
                        "Plan Width": 4,
                        "Actual Startup Time": 47.318,
                        "Actual Total Time": 110.89,
                        "Actual Rows": 542540,
                        "Actual Loops": 2,
                        "Filter": "((company_id > 2383) AND (company_type_id = 2))",
                        "Rows Removed by Filter": 762024
                      },
                      {
                        "Node Type": "Hash",
                        "Parent Relationship": "Inner",
                        "Parallel Aware": true,
                        "Startup Cost": 39275.23,
                        "Total Cost": 39275.23,
                        "Plan Rows": 42458,
                        "Plan Width": 4,
                        "Actual Startup Time": 64.357,
                        "Actual Total Time": 64.359,
                        "Actual Rows": 47167,
                        "Actual Loops": 2,
                        "Hash Buckets": 131072,
                        "Original Hash Buckets": 131072,
                        "Hash Batches": 1,
                        "Original Hash Batches": 1,
                        "Peak Memory Usage": 4768,
                        "Plans": [
                          {
                            "Node Type": "Bitmap Heap Scan",
                            "Parent Relationship": "Outer",
                            "Parallel Aware": true,
                            "Relation Name": "title",
                            "Alias": "t",
                            "Startup Cost": 2198.98,
                            "Total Cost": 39275.23,
                            "Plan Rows": 42458,
                            "Plan Width": 4,
                            "Actual Startup Time": 16.329,
                            "Actual Total Time": 53.18,
                            "Actual Rows": 47167,
                            "Actual Loops": 2,
                            "Recheck Cond": "(kind_id = 4)",
                            "Rows Removed by Index Recheck": 0,
                            "Filter": "(production_year > 1998)",
                            "Rows Removed by Filter": 11950,
                            "Exact Heap Blocks": 10233,
                            "Lossy Heap Blocks": 0,
                            "Plans": [
                              {
                                "Node Type": "Bitmap Index Scan",
                                "Parent Relationship": "Outer",
                                "Parallel Aware": false,
                                "Index Name": "kind_id_title",
                                "Startup Cost": 0.0,
                                "Total Cost": 2180.94,
                                "Plan Rows": 122201,
                                "Plan Width": 0,
                                "Actual Startup Time": 14.716,
                                "Actual Total Time": 14.716,
                                "Actual Rows": 118234,
                                "Actual Loops": 1,
                                "Index Cond": "(kind_id = 4)"
                              }
                            ]
                          }
                        ]
                      }
                    ]
                  },
                  {
                    "Node Type": "Index Only Scan",
                    "Parent Relationship": "Inner",
                    "Parallel Aware": false,
                    "Scan Direction": "Forward",
                    "Index Name": "movie_id_movie_info",
                    "Relation Name": "movie_info",
                    "Alias": "mi",
                    "Startup Cost": 0.43,
                    "Total Cost": 2.14,
                    "Plan Rows": 42,
                    "Plan Width": 4,
                    "Actual Startup Time": 0.003,
                    "Actual Total Time": 0.008,
                    "Actual Rows": 9,
                    "Actual Loops": 54782,
                    "Index Cond": "(movie_id = mc.movie_id)",
                    "Rows Removed by Index Recheck": 0,
                    "Heap Fetches": 504654
                  }
                ]
              }
            ]
          }
        ]
      }
    ]
  },
  "Planning Time": 0.881,
  "Triggers": [],
  "Execution Time": 533.646
}