[
  {
    "Plan": {
      "Node Type": "Aggregate",
      "Strategy": "Plain",
      "Partial Mode": "Finalize",
      "Parallel Aware": false,
      "Startup Cost": 55477.17,
      "Total Cost": 55477.18,
      "Plan Rows": 1,
      "Plan Width": 8,
      "Actual Startup Time": 43.492,
      "Actual Total Time": 49.407,
      "Actual Rows": 1,
      "Actual Loops": 1,
      "Plans": [
        {
          "Node Type": "Gather",
          "Parent Relationship": "Outer",
          "Parallel Aware": false,
          "Startup Cost": 55476.85,
          "Total Cost": 55477.16,
          "Plan Rows": 3,
          "Plan Width": 8,
          "Actual Startup Time": 43.326,
          "Actual Total Time": 49.398,
          "Actual Rows": 4,
          "Actual Loops": 1,
          "Workers Planned": 3,
          "Workers Launched": 3,
          "Single Copy": false,
          "Plans": [
            {
              "Node Type": "Aggregate",
              "Strategy": "Plain",
              "Partial Mode": "Partial",
              "Parent Relationship": "Outer",
              "Parallel Aware": false,
              "Startup Cost": 54476.85,
              "Total Cost": 54476.86,
              "Plan Rows": 1,
              "Plan Width": 8,
              "Actual Startup Time": 36.486,
              "Actual Total Time": 36.488,
              "Actual Rows": 1,
              "Actual Loops": 4,
              "Plans": [
                {
                  "Node Type": "Nested Loop",
                  "Parent Relationship": "Outer",
                  "Parallel Aware": false,
                  "Join Type": "Inner",
                  "Startup Cost": 353.47,
                  "Total Cost": 54463.47,
                  "Plan Rows": 5353,
                  "Plan Width": 0,
                  "Actual Startup Time": 2.388,
                  "Actual Total Time": 36.015,
                  "Actual Rows": 3688,
                  "Actual Loops": 4,
                  "Inner Unique": true,
                  "Plans": [
                    {
                      "Node Type": "Bitmap Heap Scan",
                      "Parent Relationship": "Outer",
                      "Parallel Aware": true,
                      "Relation Name": "movie_keyword",
                      "Alias": "mk",
                      "Startup Cost": 353.04,
                      "Total Cost": 23522.97,
                      "Plan Rows": 5353,
                      "Plan Width": 4,
                      "Actual Startup Time": 2.214,
                      "Actual Total Time": 11.91,
                      "Actual Rows": 3688,
                      "Actual Loops": 4,
                      "Recheck Cond": "(keyword_id > 121331)",
                      "Rows Removed by Index Recheck": 0,
                      "Exact Heap Blocks": 2205,
                      "Lossy Heap Blocks": 0,
                      "Plans": [
                        {
                          "Node Type": "Bitmap Index Scan",
                          "Parent Relationship": "Outer",
                          "Parallel Aware": false,
                          "Index Name": "keyword_id_movie_keyword",
                          "Startup Cost": 0.0,
                          "Total Cost": 348.89,
                          "Plan Rows": 16594,
                          "Plan Width": 0,
                          "Actual Startup Time": 5.859,
                          "Actual Total Time": 5.86,
                          "Actual Rows": 14753,
                          "Actual Loops": 1,
                          "Index Cond": "(keyword_id > 121331)"
                        }
                      ]
                    },
                    {
                      "Node Type": "Index Only Scan",
                      "Parent Relationship": "Inner",
                      "Parallel Aware": false,
                      "Scan Direction": "Forward",
                      "Index Name": "title_pkey",
                      "Relation Name": "title",
                      "Alias": "t",
                      "Startup Cost": 0.43,
                      "Total Cost": 5.78,
                      "Plan Rows": 1,
                      "Plan Width": 4,
                      "Actual Startup Time": 0.006,
                      "Actual Total Time": 0.006,
                      "Actual Rows": 1,
                      "Actual Loops": 14753,
                      "Index Cond": "(id = mk.movie_id)",
                      "Rows Removed by Index Recheck": 0,
                      "Heap Fetches": 14753
                    }
                  ]
                }
              ]
            }
          ]
        }
      ]
    },
    "Planning Time": 0.683,
    "Triggers": [],
    "Execution Time": 49.506
  }
]