[
    {
        "Bao": {
            "Bao prediction": "NaN",
            "Bao recommended hint": "(no hint)"
        }
    },
    {
        "Plan": {
            "Node Type": "Aggregate",
            "Strategy": "Plain",
            "Partial Mode": "Finalize",
            "Parallel Aware": false,
            "Startup Cost": 85974.25,
            "Total Cost": 85974.26,
            "Plan Rows": 1,
            "Plan Width": 8,
            "Actual Startup Time": 356.722,
            "Actual Total Time": 370.725,
            "Actual Rows": 1,
            "Actual Loops": 1,
            "Output": [
                "count(*)"
            ],
            "Plans": [
                {
                    "Node Type": "Gather",
                    "Parent Relationship": "Outer",
                    "Parallel Aware": false,
                    "Startup Cost": 85973.93,
                    "Total Cost": 85974.24,
                    "Plan Rows": 3,
                    "Plan Width": 8,
                    "Actual Startup Time": 353.359,
                    "Actual Total Time": 370.715,
                    "Actual Rows": 4,
                    "Actual Loops": 1,
                    "Output": [
                        "(PARTIAL count(*))"
                    ],
                    "Workers Planned": 3,
                    "Workers Launched": 3,
                    "Single Copy": false,
                    "Plans": [
                        {
                            "Node Type": "Aggregate",
                            "Strategy": "Plain",
                            "Partial Mode": "Partial",
                            "Parent Relationship": "Outer",
                            "Parallel Aware": false,
                            "Startup Cost": 84973.93,
                            "Total Cost": 84973.94,
                            "Plan Rows": 1,
                            "Plan Width": 8,
                            "Actual Startup Time": 344.546,
                            "Actual Total Time": 344.549,
                            "Actual Rows": 1,
                            "Actual Loops": 4,
                            "Output": [
                                "PARTIAL count(*)"
                            ],
                            "Workers": [
                                {
                                    "Worker Number": 0,
                                    "Actual Startup Time": 341.37,
                                    "Actual Total Time": 341.374,
                                    "Actual Rows": 1,
                                    "Actual Loops": 1
                                },
                                {
                                    "Worker Number": 1,
                                    "Actual Startup Time": 342.04,
                                    "Actual Total Time": 342.044,
                                    "Actual Rows": 1,
                                    "Actual Loops": 1
                                },
                                {
                                    "Worker Number": 2,
                                    "Actual Startup Time": 341.87,
                                    "Actual Total Time": 341.874,
                                    "Actual Rows": 1,
                                    "Actual Loops": 1
                                }
                            ],
                            "Plans": [
                                {
                                    "Node Type": "Hash Join",
                                    "Parent Relationship": "Outer",
                                    "Parallel Aware": true,
                                    "Join Type": "Inner",
                                    "Startup Cost": 57726.67,
                                    "Total Cost": 84850.01,
                                    "Plan Rows": 49570,
                                    "Plan Width": 0,
                                    "Actual Startup Time": 229.958,
                                    "Actual Total Time": 340.909,
                                    "Actual Rows": 52953,
                                    "Actual Loops": 4,
                                    "Inner Unique": true,
                                    "Hash Cond": "(mk.movie_id = t.id)",
                                    "Workers": [
                                        {
                                            "Worker Number": 0,
                                            "Actual Startup Time": 227.029,
                                            "Actual Total Time": 337.993,
                                            "Actual Rows": 56044,
                                            "Actual Loops": 1
                                        },
                                        {
                                            "Worker Number": 1,
                                            "Actual Startup Time": 227.172,
                                            "Actual Total Time": 338.252,
                                            "Actual Rows": 41863,
                                            "Actual Loops": 1
                                        },
                                        {
                                            "Worker Number": 2,
                                            "Actual Startup Time": 227.162,
                                            "Actual Total Time": 338.179,
                                            "Actual Rows": 46154,
                                            "Actual Loops": 1
                                        }
                                    ],
                                    "Plans": [
                                        {
                                            "Node Type": "Bitmap Heap Scan",
                                            "Parent Relationship": "Outer",
                                            "Parallel Aware": true,
                                            "Relation Name": "movie_keyword",
                                            "Schema": "public",
                                            "Alias": "mk",
                                            "Startup Cost": 11608.5,
                                            "Total Cost": 38268.56,
                                            "Plan Rows": 176485,
                                            "Plan Width": 4,
                                            "Actual Startup Time": 61.52,
                                            "Actual Total Time": 127.116,
                                            "Actual Rows": 136876,
                                            "Actual Loops": 4,
                                            "Output": [
                                                "mk.id",
                                                "mk.movie_id",
                                                "mk.keyword_id"
                                            ],
                                            "Recheck Cond": "(mk.keyword_id < 394)",
                                            "Rows Removed by Index Recheck": 0,
                                            "Exact Heap Blocks": 7798,
                                            "Lossy Heap Blocks": 0,
                                            "Workers": [
                                                {
                                                    "Worker Number": 0,
                                                    "Actual Startup Time": 61.504,
                                                    "Actual Total Time": 128.379,
                                                    "Actual Rows": 142031,
                                                    "Actual Loops": 1
                                                },
                                                {
                                                    "Worker Number": 1,
                                                    "Actual Startup Time": 61.585,
                                                    "Actual Total Time": 129.51,
                                                    "Actual Rows": 107997,
                                                    "Actual Loops": 1
                                                },
                                                {
                                                    "Worker Number": 2,
                                                    "Actual Startup Time": 61.34,
                                                    "Actual Total Time": 129.537,
                                                    "Actual Rows": 125175,
                                                    "Actual Loops": 1
                                                }
                                            ],
                                            "Plans": [
                                                {
                                                    "Node Type": "Bitmap Index Scan",
                                                    "Parent Relationship": "Outer",
                                                    "Parallel Aware": false,
                                                    "Index Name": "keyword_id_movie_keyword",
                                                    "Startup Cost": 0.0,
                                                    "Total Cost": 11471.72,
                                                    "Plan Rows": 547105,
                                                    "Plan Width": 0,
                                                    "Actual Startup Time": 55.697,
                                                    "Actual Total Time": 55.698,
                                                    "Actual Rows": 547506,
                                                    "Actual Loops": 1,
                                                    "Index Cond": "(mk.keyword_id < 394)",
                                                    "Workers": [
                                                        {
                                                            "Worker Number": 2,
                                                            "Actual Startup Time": 55.697,
                                                            "Actual Total Time": 55.698,
                                                            "Actual Rows": 547506,
                                                            "Actual Loops": 1
                                                        }
                                                    ]
                                                }
                                            ]
                                        },
                                        {
                                            "Node Type": "Hash",
                                            "Parent Relationship": "Inner",
                                            "Parallel Aware": true,
                                            "Startup Cost": 43899.01,
                                            "Total Cost": 43899.01,
                                            "Plan Rows": 177533,
                                            "Plan Width": 4,
                                            "Actual Startup Time": 165.375,
                                            "Actual Total Time": 165.376,
                                            "Actual Rows": 176796,
                                            "Actual Loops": 4,
                                            "Output": [
                                                "t.id"
                                            ],
                                            "Hash Buckets": 1048576,
                                            "Original Hash Buckets": 1048576,
                                            "Hash Batches": 1,
                                            "Original Hash Batches": 1,
                                            "Peak Memory Usage": 35904,
                                            "Workers": [
                                                {
                                                    "Worker Number": 0,
                                                    "Actual Startup Time": 164.847,
                                                    "Actual Total Time": 164.848,
                                                    "Actual Rows": 189765,
                                                    "Actual Loops": 1
                                                },
                                                {
                                                    "Worker Number": 1,
                                                    "Actual Startup Time": 165.013,
                                                    "Actual Total Time": 165.014,
                                                    "Actual Rows": 135980,
                                                    "Actual Loops": 1
                                                },
                                                {
                                                    "Worker Number": 2,
                                                    "Actual Startup Time": 165.359,
                                                    "Actual Total Time": 165.36,
                                                    "Actual Rows": 133883,
                                                    "Actual Loops": 1
                                                }
                                            ],
                                            "Plans": [
                                                {
                                                    "Node Type": "Seq Scan",
                                                    "Parent Relationship": "Outer",
                                                    "Parallel Aware": true,
                                                    "Relation Name": "title",
                                                    "Schema": "public",
                                                    "Alias": "t",
                                                    "Startup Cost": 0.0,
                                                    "Total Cost": 43899.01,
                                                    "Plan Rows": 177533,
                                                    "Plan Width": 4,
                                                    "Actual Startup Time": 0.039,
                                                    "Actual Total Time": 101.319,
                                                    "Actual Rows": 176796,
                                                    "Actual Loops": 4,
                                                    "Output": [
                                                        "t.id"
                                                    ],
                                                    "Filter": "(t.production_year < 1991)",
                                                    "Rows Removed by Filter": 455282,
                                                    "Workers": [
                                                        {
                                                            "Worker Number": 0,
                                                            "Actual Startup Time": 0.047,
                                                            "Actual Total Time": 100.008,
                                                            "Actual Rows": 189765,
                                                            "Actual Loops": 1
                                                        },
                                                        {
                                                            "Worker Number": 1,
                                                            "Actual Startup Time": 0.049,
                                                            "Actual Total Time": 104.311,
                                                            "Actual Rows": 135980,
                                                            "Actual Loops": 1
                                                        },
                                                        {
                                                            "Worker Number": 2,
                                                            "Actual Startup Time": 0.046,
                                                            "Actual Total Time": 105.828,
                                                            "Actual Rows": 133883,
                                                            "Actual Loops": 1
                                                        }
                                                    ]
                                                }
                                            ]
                                        }
                                    ]
                                }
                            ]
                        }
                    ]
                }
            ]
        },
        "Planning Time": 220.639,
        "Triggers": [],
        "Execution Time": 370.845
    }
]