[
  {
    "Plan": {
      "Node Type": "Aggregate",
      "Strategy": "Plain",
      "Partial Mode": "Finalize",
      "Parallel Aware": false,
      "Startup Cost": 346539.57,
      "Total Cost": 346539.58,
      "Plan Rows": 1,
      "Plan Width": 8,
      "Actual Startup Time": 606.604,
      "Actual Total Time": 637.12,
      "Actual Rows": 1,
      "Actual Loops": 1,
      "Plans": [
        {
          "Node Type": "Gather",
          "Parent Relationship": "Outer",
          "Parallel Aware": false,
          "Startup Cost": 346538.95,
          "Total Cost": 346539.55,
          "Plan Rows": 6,
          "Plan Width": 8,
          "Actual Startup Time": 606.503,
          "Actual Total Time": 637.113,
          "Actual Rows": 7,
          "Actual Loops": 1,
          "Workers Planned": 6,
          "Workers Launched": 6,
          "Single Copy": false,
          "Plans": [
            {
              "Node Type": "Aggregate",
              "Strategy": "Plain",
              "Partial Mode": "Partial",
              "Parent Relationship": "Outer",
              "Parallel Aware": false,
              "Startup Cost": 345538.95,
              "Total Cost": 345538.96,
              "Plan Rows": 1,
              "Plan Width": 8,
              "Actual Startup Time": 599.804,
              "Actual Total Time": 599.806,
              "Actual Rows": 1,
              "Actual Loops": 7,
              "Plans": [
                {
                  "Node Type": "Seq Scan",
                  "Parent Relationship": "Outer",
                  "Parallel Aware": true,
                  "Relation Name": "cast_info",
                  "Alias": "ci",
                  "Startup Cost": 0.0,
                  "Total Cost": 343318.94,
                  "Plan Rows": 888002,
                  "Plan Width": 0,
                  "Actual Startup Time": 209.91,
                  "Actual Total Time": 583.105,
                  "Actual Rows": 334062,
                  "Actual Loops": 7,
                  "Filter": "((person_id < 824003) AND (role_id > 1))",
                  "Rows Removed by Filter": 4843702
                }
              ]
            }
          ]
        }
      ]
    },
    "Planning Time": 0.084,
    "Triggers": [],
    "Execution Time": 637.15
  }
]