[
  {
    "Plan": {
      "Node Type": "Aggregate",
      "Strategy": "Plain",
      "Partial Mode": "Finalize",
      "Parallel Aware": false,
      "Startup Cost": 346513.66,
      "Total Cost": 346513.67,
      "Plan Rows": 1,
      "Plan Width": 8,
      "Actual Startup Time": 745.463,
      "Actual Total Time": 809.867,
      "Actual Rows": 1,
      "Actual Loops": 1,
      "Plans": [
        {
          "Node Type": "Gather",
          "Parent Relationship": "Outer",
          "Parallel Aware": false,
          "Startup Cost": 346513.04,
          "Total Cost": 346513.65,
          "Plan Rows": 6,
          "Plan Width": 8,
          "Actual Startup Time": 745.338,
          "Actual Total Time": 809.858,
          "Actual Rows": 7,
          "Actual Loops": 1,
          "Workers Planned": 6,
          "Workers Launched": 6,
          "Single Copy": false,
          "Plans": [
            {
              "Node Type": "Aggregate",
              "Strategy": "Plain",
              "Partial Mode": "Partial",
              "Parent Relationship": "Outer",
              "Parallel Aware": false,
              "Startup Cost": 345513.04,
              "Total Cost": 345513.05,
              "Plan Rows": 1,
              "Plan Width": 8,
              "Actual Startup Time": 734.873,
              "Actual Total Time": 734.874,
              "Actual Rows": 1,
              "Actual Loops": 7,
              "Plans": [
                {
                  "Node Type": "Seq Scan",
                  "Parent Relationship": "Outer",
                  "Parallel Aware": true,
                  "Relation Name": "cast_info",
                  "Alias": "ci",
                  "Startup Cost": 0.0,
                  "Total Cost": 343257.03,
                  "Plan Rows": 902404,
                  "Plan Width": 0,
                  "Actual Startup Time": 264.112,
                  "Actual Total Time": 716.488,
                  "Actual Rows": 334062,
                  "Actual Loops": 7,
                  "Filter": "((person_id < 824003) AND (role_id > 1))",
                  "Rows Removed by Filter": 4843702
                }
              ]
            }
          ]
        }
      ]
    },
    "Planning Time": 0.173,
    "Triggers": [],
    "Execution Time": 809.927
  }
]