[
  {
    "Plan": {
      "Node Type": "Aggregate",
      "Strategy": "Plain",
      "Partial Mode": "Finalize",
      "Parallel Aware": false,
      "Startup Cost": 31629.45,
      "Total Cost": 31629.46,
      "Plan Rows": 1,
      "Plan Width": 8,
      "Actual Startup Time": 115.808,
      "Actual Total Time": 124.736,
      "Actual Rows": 1,
      "Actual Loops": 1,
      "Plans": [
        {
          "Node Type": "Gather",
          "Parent Relationship": "Outer",
          "Parallel Aware": false,
          "Startup Cost": 31629.14,
          "Total Cost": 31629.45,
          "Plan Rows": 3,
          "Plan Width": 8,
          "Actual Startup Time": 115.699,
          "Actual Total Time": 124.728,
          "Actual Rows": 4,
          "Actual Loops": 1,
          "Workers Planned": 3,
          "Workers Launched": 3,
          "Single Copy": false,
          "Plans": [
            {
              "Node Type": "Aggregate",
              "Strategy": "Plain",
              "Partial Mode": "Partial",
              "Parent Relationship": "Outer",
              "Parallel Aware": false,
              "Startup Cost": 30629.14,
              "Total Cost": 30629.15,
              "Plan Rows": 1,
              "Plan Width": 8,
              "Actual Startup Time": 110.079,
              "Actual Total Time": 110.08,
              "Actual Rows": 1,
              "Actual Loops": 4,
              "Plans": [
                {
                  "Node Type": "Seq Scan",
                  "Parent Relationship": "Outer",
                  "Parallel Aware": true,
                  "Relation Name": "movie_companies",
                  "Alias": "mc",
                  "Startup Cost": 0.0,
                  "Total Cost": 29310.68,
                  "Plan Rows": 527382,
                  "Plan Width": 0,
                  "Actual Startup Time": 3.6,
                  "Actual Total Time": 88.276,
                  "Actual Rows": 408280,
                  "Actual Loops": 4,
                  "Filter": "(company_id > 4264)",
                  "Rows Removed by Filter": 244002
                }
              ]
            }
          ]
        }
      ]
    },
    "Planning Time": 0.202,
    "Triggers": [],
    "Execution Time": 124.793
  }
]