{
    "Plan": {
        "Node Type": "Aggregate",
        "Strategy": "Plain",
        "Partial Mode": "Finalize",
        "Parallel Aware": false,
        "Startup Cost": 415312.91,
        "Total Cost": 415312.92,
        "Plan Rows": 1,
        "Plan Width": 8,
        "Actual Startup Time": 1120.089,
        "Actual Total Time": 1160.973,
        "Actual Rows": 1,
        "Actual Loops": 1,
        "Output": [
            "count(*)"
        ],
        "Plans": [
            {
                "Node Type": "Gather",
                "Parent Relationship": "Outer",
                "Parallel Aware": false,
                "Startup Cost": 415312.29,
                "Total Cost": 415312.9,
                "Plan Rows": 6,
                "Plan Width": 8,
                "Actual Startup Time": 1085.476,
                "Actual Total Time": 1160.962,
                "Actual Rows": 7,
                "Actual Loops": 1,
                "Output": [
                    "(PARTIAL count(*))"
                ],
                "Workers Planned": 6,
                "Workers Launched": 6,
                "Single Copy": false,
                "Plans": [
                    {
                        "Node Type": "Aggregate",
                        "Strategy": "Plain",
                        "Partial Mode": "Partial",
                        "Parent Relationship": "Outer",
                        "Parallel Aware": false,
                        "Startup Cost": 414312.29,
                        "Total Cost": 414312.3,
                        "Plan Rows": 1,
                        "Plan Width": 8,
                        "Actual Startup Time": 1068.555,
                        "Actual Total Time": 1068.561,
                        "Actual Rows": 1,
                        "Actual Loops": 7,
                        "Output": [
                            "PARTIAL count(*)"
                        ],
                        "Workers": [
                            {
                                "Worker Number": 0,
                                "Actual Startup Time": 1065.69,
                                "Actual Total Time": 1065.696,
                                "Actual Rows": 1,
                                "Actual Loops": 1
                            },
                            {
                                "Worker Number": 1,
                                "Actual Startup Time": 1065.686,
                                "Actual Total Time": 1065.692,
                                "Actual Rows": 1,
                                "Actual Loops": 1
                            },
                            {
                                "Worker Number": 2,
                                "Actual Startup Time": 1066.002,
                                "Actual Total Time": 1066.007,
                                "Actual Rows": 1,
                                "Actual Loops": 1
                            },
                            {
                                "Worker Number": 3,
                                "Actual Startup Time": 1066.031,
                                "Actual Total Time": 1066.036,
                                "Actual Rows": 1,
                                "Actual Loops": 1
                            },
                            {
                                "Worker Number": 4,
                                "Actual Startup Time": 1066.005,
                                "Actual Total Time": 1066.01,
                                "Actual Rows": 1,
                                "Actual Loops": 1
                            },
                            {
                                "Worker Number": 5,
                                "Actual Startup Time": 1066.065,
                                "Actual Total Time": 1066.071,
                                "Actual Rows": 1,
                                "Actual Loops": 1
                            }
                        ],
                        "Plans": [
                            {
                                "Node Type": "Hash Join",
                                "Parent Relationship": "Outer",
                                "Parallel Aware": true,
                                "Join Type": "Inner",
                                "Startup Cost": 86021.25,
                                "Total Cost": 413197.49,
                                "Plan Rows": 445920,
                                "Plan Width": 0,
                                "Actual Startup Time": 471.908,
                                "Actual Total Time": 1049.747,
                                "Actual Rows": 432214,
                                "Actual Loops": 7,
                                "Inner Unique": false,
                                "Hash Cond": "(ci.movie_id = t.id)",
                                "Workers": [
                                    {
                                        "Worker Number": 0,
                                        "Actual Startup Time": 469.098,
                                        "Actual Total Time": 1048.397,
                                        "Actual Rows": 424052,
                                        "Actual Loops": 1
                                    },
                                    {
                                        "Worker Number": 1,
                                        "Actual Startup Time": 469.4,
                                        "Actual Total Time": 1048.005,
                                        "Actual Rows": 435099,
                                        "Actual Loops": 1
                                    },
                                    {
                                        "Worker Number": 2,
                                        "Actual Startup Time": 469.645,
                                        "Actual Total Time": 1047.733,
                                        "Actual Rows": 461064,
                                        "Actual Loops": 1
                                    },
                                    {
                                        "Worker Number": 3,
                                        "Actual Startup Time": 469.505,
                                        "Actual Total Time": 1047.374,
                                        "Actual Rows": 463327,
                                        "Actual Loops": 1
                                    },
                                    {
                                        "Worker Number": 4,
                                        "Actual Startup Time": 469.642,
                                        "Actual Total Time": 1045.192,
                                        "Actual Rows": 318146,
                                        "Actual Loops": 1
                                    },
                                    {
                                        "Worker Number": 5,
                                        "Actual Startup Time": 469.628,
                                        "Actual Total Time": 1047.031,
                                        "Actual Rows": 422013,
                                        "Actual Loops": 1
                                    }
                                ],
                                "Plans": [
                                    {
                                        "Node Type": "Index Scan",
                                        "Parent Relationship": "Outer",
                                        "Parallel Aware": true,
                                        "Scan Direction": "Forward",
                                        "Index Name": "role_id_cast_info",
                                        "Relation Name": "cast_info",
                                        "Schema": "public",
                                        "Alias": "ci",
                                        "Startup Cost": 0.56,
                                        "Total Cost": 322560.04,
                                        "Plan Rows": 847551,
                                        "Plan Width": 4,
                                        "Actual Startup Time": 0.274,
                                        "Actual Total Time": 359.636,
                                        "Actual Rows": 443500,
                                        "Actual Loops": 7,
                                        "Output": [
                                            "ci.id",
                                            "ci.person_id",
                                            "ci.movie_id",
                                            "ci.person_role_id",
                                            "ci.note",
                                            "ci.nr_order",
                                            "ci.role_id"
                                        ],
                                        "Index Cond": "(ci.role_id > 3)",
                                        "Rows Removed by Index Recheck": 0,
                                        "Filter": "(ci.person_id < 1508065)",
                                        "Rows Removed by Filter": 1287021,
                                        "Workers": [
                                            {
                                                "Worker Number": 0,
                                                "Actual Startup Time": 0.085,
                                                "Actual Total Time": 365.607,
                                                "Actual Rows": 441015,
                                                "Actual Loops": 1
                                            },
                                            {
                                                "Worker Number": 1,
                                                "Actual Startup Time": 0.445,
                                                "Actual Total Time": 360.436,
                                                "Actual Rows": 440578,
                                                "Actual Loops": 1
                                            },
                                            {
                                                "Worker Number": 2,
                                                "Actual Startup Time": 0.399,
                                                "Actual Total Time": 360.25,
                                                "Actual Rows": 465413,
                                                "Actual Loops": 1
                                            },
                                            {
                                                "Worker Number": 3,
                                                "Actual Startup Time": 0.221,
                                                "Actual Total Time": 360.984,
                                                "Actual Rows": 474165,
                                                "Actual Loops": 1
                                            },
                                            {
                                                "Worker Number": 4,
                                                "Actual Startup Time": 0.345,
                                                "Actual Total Time": 376.835,
                                                "Actual Rows": 327996,
                                                "Actual Loops": 1
                                            },
                                            {
                                                "Worker Number": 5,
                                                "Actual Startup Time": 0.265,
                                                "Actual Total Time": 364.782,
                                                "Actual Rows": 441749,
                                                "Actual Loops": 1
                                            }
                                        ]
                                    },
                                    {
                                        "Node Type": "Hash",
                                        "Parent Relationship": "Inner",
                                        "Parallel Aware": true,
                                        "Startup Cost": 80656.88,
                                        "Total Cost": 80656.88,
                                        "Plan Rows": 429104,
                                        "Plan Width": 8,
                                        "Actual Startup Time": 467.067,
                                        "Actual Total Time": 467.071,
                                        "Actual Rows": 190698,
                                        "Actual Loops": 7,
                                        "Output": [
                                            "t.id",
                                            "mc.movie_id"
                                        ],
                                        "Hash Buckets": 2097152,
                                        "Original Hash Buckets": 2097152,
                                        "Hash Batches": 1,
                                        "Original Hash Batches": 1,
                                        "Peak Memory Usage": 68736,
                                        "Workers": [
                                            {
                                                "Worker Number": 0,
                                                "Actual Startup Time": 468.417,
                                                "Actual Total Time": 468.422,
                                                "Actual Rows": 187898,
                                                "Actual Loops": 1
                                            },
                                            {
                                                "Worker Number": 1,
                                                "Actual Startup Time": 468.503,
                                                "Actual Total Time": 468.507,
                                                "Actual Rows": 189347,
                                                "Actual Loops": 1
                                            },
                                            {
                                                "Worker Number": 2,
                                                "Actual Startup Time": 468.831,
                                                "Actual Total Time": 468.834,
                                                "Actual Rows": 202959,
                                                "Actual Loops": 1
                                            },
                                            {
                                                "Worker Number": 3,
                                                "Actual Startup Time": 468.876,
                                                "Actual Total Time": 468.88,
                                                "Actual Rows": 204785,
                                                "Actual Loops": 1
                                            },
                                            {
                                                "Worker Number": 4,
                                                "Actual Startup Time": 468.891,
                                                "Actual Total Time": 468.894,
                                                "Actual Rows": 147722,
                                                "Actual Loops": 1
                                            },
                                            {
                                                "Worker Number": 5,
                                                "Actual Startup Time": 468.962,
                                                "Actual Total Time": 468.966,
                                                "Actual Rows": 204630,
                                                "Actual Loops": 1
                                            }
                                        ],
                                        "Plans": [
                                            {
                                                "Node Type": "Hash Join",
                                                "Parent Relationship": "Outer",
                                                "Parallel Aware": true,
                                                "Join Type": "Inner",
                                                "Startup Cost": 50219.81,
                                                "Total Cost": 80656.88,
                                                "Plan Rows": 429104,
                                                "Plan Width": 8,
                                                "Actual Startup Time": 282.321,
                                                "Actual Total Time": 387.379,
                                                "Actual Rows": 190698,
                                                "Actual Loops": 7,
                                                "Output": [
                                                    "t.id",
                                                    "mc.movie_id"
                                                ],
                                                "Inner Unique": true,
                                                "Hash Cond": "(mc.movie_id = t.id)",
                                                "Workers": [
                                                    {
                                                        "Worker Number": 0,
                                                        "Actual Startup Time": 282.319,
                                                        "Actual Total Time": 389.5,
                                                        "Actual Rows": 187898,
                                                        "Actual Loops": 1
                                                    },
                                                    {
                                                        "Worker Number": 1,
                                                        "Actual Startup Time": 282.317,
                                                        "Actual Total Time": 387.857,
                                                        "Actual Rows": 189347,
                                                        "Actual Loops": 1
                                                    },
                                                    {
                                                        "Worker Number": 2,
                                                        "Actual Startup Time": 282.303,
                                                        "Actual Total Time": 386.534,
                                                        "Actual Rows": 202959,
                                                        "Actual Loops": 1
                                                    },
                                                    {
                                                        "Worker Number": 3,
                                                        "Actual Startup Time": 282.298,
                                                        "Actual Total Time": 386.142,
                                                        "Actual Rows": 204785,
                                                        "Actual Loops": 1
                                                    },
                                                    {
                                                        "Worker Number": 4,
                                                        "Actual Startup Time": 282.305,
                                                        "Actual Total Time": 387.152,
                                                        "Actual Rows": 147722,
                                                        "Actual Loops": 1
                                                    },
                                                    {
                                                        "Worker Number": 5,
                                                        "Actual Startup Time": 282.283,
                                                        "Actual Total Time": 386.71,
                                                        "Actual Rows": 204630,
                                                        "Actual Loops": 1
                                                    }
                                                ],
                                                "Plans": [
                                                    {
                                                        "Node Type": "Seq Scan",
                                                        "Parent Relationship": "Outer",
                                                        "Parallel Aware": true,
                                                        "Relation Name": "movie_companies",
                                                        "Schema": "public",
                                                        "Alias": "mc",
                                                        "Startup Cost": 0.0,
                                                        "Total Cost": 29310.68,
                                                        "Plan Rows": 429104,
                                                        "Plan Width": 4,
                                                        "Actual Startup Time": 20.665,
                                                        "Actual Total Time": 46.346,
                                                        "Actual Rows": 190698,
                                                        "Actual Loops": 7,
                                                        "Output": [
                                                            "mc.id",
                                                            "mc.movie_id",
                                                            "mc.company_id",
                                                            "mc.company_type_id",
                                                            "mc.note"
                                                        ],
                                                        "Filter": "(mc.company_type_id = 2)",
                                                        "Rows Removed by Filter": 182035,
                                                        "Workers": [
                                                            {
                                                                "Worker Number": 0,
                                                                "Actual Startup Time": 20.719,
                                                                "Actual Total Time": 46.116,
                                                                "Actual Rows": 187898,
                                                                "Actual Loops": 1
                                                            },
                                                            {
                                                                "Worker Number": 1,
                                                                "Actual Startup Time": 20.721,
                                                                "Actual Total Time": 46.293,
                                                                "Actual Rows": 189347,
                                                                "Actual Loops": 1
                                                            },
                                                            {
                                                                "Worker Number": 2,
                                                                "Actual Startup Time": 20.724,
                                                                "Actual Total Time": 46.57,
                                                                "Actual Rows": 202959,
                                                                "Actual Loops": 1
                                                            },
                                                            {
                                                                "Worker Number": 3,
                                                                "Actual Startup Time": 20.638,
                                                                "Actual Total Time": 46.637,
                                                                "Actual Rows": 204785,
                                                                "Actual Loops": 1
                                                            },
                                                            {
                                                                "Worker Number": 4,
                                                                "Actual Startup Time": 20.615,
                                                                "Actual Total Time": 49.745,
                                                                "Actual Rows": 147722,
                                                                "Actual Loops": 1
                                                            },
                                                            {
                                                                "Worker Number": 5,
                                                                "Actual Startup Time": 20.615,
                                                                "Actual Total Time": 46.185,
                                                                "Actual Rows": 204630,
                                                                "Actual Loops": 1
                                                            }
                                                        ]
                                                    },
                                                    {
                                                        "Node Type": "Hash",
                                                        "Parent Relationship": "Inner",
                                                        "Parallel Aware": true,
                                                        "Startup Cost": 42318.81,
                                                        "Total Cost": 42318.81,
                                                        "Plan Rows": 632080,
                                                        "Plan Width": 4,
                                                        "Actual Startup Time": 257.483,
                                                        "Actual Total Time": 257.485,
                                                        "Actual Rows": 361187,
                                                        "Actual Loops": 7,
                                                        "Output": [
                                                            "t.id"
                                                        ],
                                                        "Hash Buckets": 4194304,
                                                        "Original Hash Buckets": 4194304,
                                                        "Hash Batches": 1,
                                                        "Original Hash Batches": 1,
                                                        "Peak Memory Usage": 131744,
                                                        "Workers": [
                                                            {
                                                                "Worker Number": 0,
                                                                "Actual Startup Time": 261.385,
                                                                "Actual Total Time": 261.386,
                                                                "Actual Rows": 339379,
                                                                "Actual Loops": 1
                                                            },
                                                            {
                                                                "Worker Number": 1,
                                                                "Actual Startup Time": 261.377,
                                                                "Actual Total Time": 261.378,
                                                                "Actual Rows": 349890,
                                                                "Actual Loops": 1
                                                            },
                                                            {
                                                                "Worker Number": 2,
                                                                "Actual Startup Time": 261.495,
                                                                "Actual Total Time": 261.496,
                                                                "Actual Rows": 364634,
                                                                "Actual Loops": 1
                                                            },
                                                            {
                                                                "Worker Number": 3,
                                                                "Actual Startup Time": 261.351,
                                                                "Actual Total Time": 261.352,
                                                                "Actual Rows": 369455,
                                                                "Actual Loops": 1
                                                            },
                                                            {
                                                                "Worker Number": 4,
                                                                "Actual Startup Time": 261.352,
                                                                "Actual Total Time": 261.354,
                                                                "Actual Rows": 276140,
                                                                "Actual Loops": 1
                                                            },
                                                            {
                                                                "Worker Number": 5,
                                                                "Actual Startup Time": 261.373,
                                                                "Actual Total Time": 261.374,
                                                                "Actual Rows": 359526,
                                                                "Actual Loops": 1
                                                            }
                                                        ],
                                                        "Plans": [
                                                            {
                                                                "Node Type": "Seq Scan",
                                                                "Parent Relationship": "Outer",
                                                                "Parallel Aware": true,
                                                                "Relation Name": "title",
                                                                "Schema": "public",
                                                                "Alias": "t",
                                                                "Startup Cost": 0.0,
                                                                "Total Cost": 42318.81,
                                                                "Plan Rows": 632080,
                                                                "Plan Width": 4,
                                                                "Actual Startup Time": 0.062,
                                                                "Actual Total Time": 69.636,
                                                                "Actual Rows": 361187,
                                                                "Actual Loops": 7,
                                                                "Output": [
                                                                    "t.id"
                                                                ],
                                                                "Workers": [
                                                                    {
                                                                        "Worker Number": 0,
                                                                        "Actual Startup Time": 0.076,
                                                                        "Actual Total Time": 72.227,
                                                                        "Actual Rows": 339379,
                                                                        "Actual Loops": 1
                                                                    },
                                                                    {
                                                                        "Worker Number": 1,
                                                                        "Actual Startup Time": 0.073,
                                                                        "Actual Total Time": 72.35,
                                                                        "Actual Rows": 349890,
                                                                        "Actual Loops": 1
                                                                    },
                                                                    {
                                                                        "Worker Number": 2,
                                                                        "Actual Startup Time": 0.066,
                                                                        "Actual Total Time": 69.777,
                                                                        "Actual Rows": 364634,
                                                                        "Actual Loops": 1
                                                                    },
                                                                    {
                                                                        "Worker Number": 3,
                                                                        "Actual Startup Time": 0.067,
                                                                        "Actual Total Time": 70.339,
                                                                        "Actual Rows": 369455,
                                                                        "Actual Loops": 1
                                                                    },
                                                                    {
                                                                        "Worker Number": 4,
                                                                        "Actual Startup Time": 0.073,
                                                                        "Actual Total Time": 74.461,
                                                                        "Actual Rows": 276140,
                                                                        "Actual Loops": 1
                                                                    },
                                                                    {
                                                                        "Worker Number": 5,
                                                                        "Actual Startup Time": 0.06,
                                                                        "Actual Total Time": 69.587,
                                                                        "Actual Rows": 359526,
                                                                        "Actual Loops": 1
                                                                    }
                                                                ]
                                                            }
                                                        ]
                                                    }
                                                ]
                                            }
                                        ]
                                    }
                                ]
                            }
                        ]
                    }
                ]
            }
        ]
    },
    "Planning Time": 1.711,
    "Triggers": [],
    "Execution Time": 1161.081
}