[
    {
        "Bao": {
            "Bao prediction": 459.002,
            "Bao recommended hint": "SET enable_mergejoin TO off; SET enable_indexscan TO off; "
        }
    },
    {
        "Plan": {
            "Node Type": "Aggregate",
            "Strategy": "Plain",
            "Partial Mode": "Finalize",
            "Parallel Aware": false,
            "Startup Cost": 346423.49,
            "Total Cost": 346423.51,
            "Plan Rows": 1,
            "Plan Width": 8,
            "Actual Startup Time": 663.761,
            "Actual Total Time": 689.699,
            "Actual Rows": 1,
            "Actual Loops": 1,
            "Output": [
                "count(*)"
            ],
            "Plans": [
                {
                    "Node Type": "Gather",
                    "Parent Relationship": "Outer",
                    "Parallel Aware": false,
                    "Startup Cost": 346422.87,
                    "Total Cost": 346423.48,
                    "Plan Rows": 6,
                    "Plan Width": 8,
                    "Actual Startup Time": 663.632,
                    "Actual Total Time": 689.689,
                    "Actual Rows": 7,
                    "Actual Loops": 1,
                    "Output": [
                        "(PARTIAL count(*))"
                    ],
                    "Workers Planned": 6,
                    "Workers Launched": 6,
                    "Single Copy": false,
                    "Plans": [
                        {
                            "Node Type": "Aggregate",
                            "Strategy": "Plain",
                            "Partial Mode": "Partial",
                            "Parent Relationship": "Outer",
                            "Parallel Aware": false,
                            "Startup Cost": 345422.87,
                            "Total Cost": 345422.88,
                            "Plan Rows": 1,
                            "Plan Width": 8,
                            "Actual Startup Time": 654.095,
                            "Actual Total Time": 654.096,
                            "Actual Rows": 1,
                            "Actual Loops": 7,
                            "Output": [
                                "PARTIAL count(*)"
                            ],
                            "Workers": [
                                {
                                    "Worker Number": 0,
                                    "Actual Startup Time": 651.752,
                                    "Actual Total Time": 651.753,
                                    "Actual Rows": 1,
                                    "Actual Loops": 1
                                },
                                {
                                    "Worker Number": 1,
                                    "Actual Startup Time": 652.076,
                                    "Actual Total Time": 652.077,
                                    "Actual Rows": 1,
                                    "Actual Loops": 1
                                },
                                {
                                    "Worker Number": 2,
                                    "Actual Startup Time": 652.596,
                                    "Actual Total Time": 652.597,
                                    "Actual Rows": 1,
                                    "Actual Loops": 1
                                },
                                {
                                    "Worker Number": 3,
                                    "Actual Startup Time": 652.825,
                                    "Actual Total Time": 652.826,
                                    "Actual Rows": 1,
                                    "Actual Loops": 1
                                },
                                {
                                    "Worker Number": 4,
                                    "Actual Startup Time": 652.927,
                                    "Actual Total Time": 652.929,
                                    "Actual Rows": 1,
                                    "Actual Loops": 1
                                },
                                {
                                    "Worker Number": 5,
                                    "Actual Startup Time": 653.645,
                                    "Actual Total Time": 653.646,
                                    "Actual Rows": 1,
                                    "Actual Loops": 1
                                }
                            ],
                            "Plans": [
                                {
                                    "Node Type": "Seq Scan",
                                    "Parent Relationship": "Outer",
                                    "Parallel Aware": true,
                                    "Relation Name": "cast_info",
                                    "Schema": "public",
                                    "Alias": "ci",
                                    "Startup Cost": 0.0,
                                    "Total Cost": 343318.94,
                                    "Plan Rows": 841572,
                                    "Plan Width": 0,
                                    "Actual Startup Time": 220.909,
                                    "Actual Total Time": 614.752,
                                    "Actual Rows": 847538,
                                    "Actual Loops": 7,
                                    "Output": [
                                        "id",
                                        "person_id",
                                        "movie_id",
                                        "person_role_id",
                                        "note",
                                        "nr_order",
                                        "role_id"
                                    ],
                                    "Filter": "((ci.person_id < 2502064) AND (ci.role_id = 2))",
                                    "Rows Removed by Filter": 4330225,
                                    "Workers": [
                                        {
                                            "Worker Number": 0,
                                            "Actual Startup Time": 218.562,
                                            "Actual Total Time": 612.528,
                                            "Actual Rows": 595349,
                                            "Actual Loops": 1
                                        },
                                        {
                                            "Worker Number": 1,
                                            "Actual Startup Time": 218.889,
                                            "Actual Total Time": 613.684,
                                            "Actual Rows": 903785,
                                            "Actual Loops": 1
                                        },
                                        {
                                            "Worker Number": 2,
                                            "Actual Startup Time": 219.415,
                                            "Actual Total Time": 613.85,
                                            "Actual Rows": 929445,
                                            "Actual Loops": 1
                                        },
                                        {
                                            "Worker Number": 3,
                                            "Actual Startup Time": 219.64,
                                            "Actual Total Time": 614.058,
                                            "Actual Rows": 928710,
                                            "Actual Loops": 1
                                        },
                                        {
                                            "Worker Number": 4,
                                            "Actual Startup Time": 219.753,
                                            "Actual Total Time": 613.608,
                                            "Actual Rows": 596468,
                                            "Actual Loops": 1
                                        },
                                        {
                                            "Worker Number": 5,
                                            "Actual Startup Time": 220.457,
                                            "Actual Total Time": 615.227,
                                            "Actual Rows": 906032,
                                            "Actual Loops": 1
                                        }
                                    ]
                                }
                            ]
                        }
                    ]
                }
            ]
        },
        "Planning Time": 1252.949,
        "Triggers": [],
        "Execution Time": 689.797
    }
]