[
  {
    "Plan": {
      "Node Type": "Aggregate",
      "Strategy": "Plain",
      "Partial Mode": "Finalize",
      "Parallel Aware": false,
      "Startup Cost": 33399.04,
      "Total Cost": 33399.05,
      "Plan Rows": 1,
      "Plan Width": 8,
      "Actual Startup Time": 103.832,
      "Actual Total Time": 111.809,
      "Actual Rows": 1,
      "Actual Loops": 1,
      "Plans": [
        {
          "Node Type": "Gather",
          "Parent Relationship": "Outer",
          "Parallel Aware": false,
          "Startup Cost": 33398.72,
          "Total Cost": 33399.03,
          "Plan Rows": 3,
          "Plan Width": 8,
          "Actual Startup Time": 103.754,
          "Actual Total Time": 111.802,
          "Actual Rows": 4,
          "Actual Loops": 1,
          "Workers Planned": 3,
          "Workers Launched": 3,
          "Single Copy": false,
          "Plans": [
            {
              "Node Type": "Aggregate",
              "Strategy": "Plain",
              "Partial Mode": "Partial",
              "Parent Relationship": "Outer",
              "Parallel Aware": false,
              "Startup Cost": 32398.72,
              "Total Cost": 32398.73,
              "Plan Rows": 1,
              "Plan Width": 8,
              "Actual Startup Time": 97.662,
              "Actual Total Time": 97.663,
              "Actual Rows": 1,
              "Actual Loops": 4,
              "Plans": [
                {
                  "Node Type": "Seq Scan",
                  "Parent Relationship": "Outer",
                  "Parallel Aware": true,
                  "Relation Name": "movie_companies",
                  "Alias": "mc",
                  "Startup Cost": 0.0,
                  "Total Cost": 31414.82,
                  "Plan Rows": 393560,
                  "Plan Width": 0,
                  "Actual Startup Time": 47.936,
                  "Actual Total Time": 85.659,
                  "Actual Rows": 283593,
                  "Actual Loops": 4,
                  "Filter": "((company_id < 113269) AND (company_type_id = 2))",
                  "Rows Removed by Filter": 368689
                }
              ]
            }
          ]
        }
      ]
    },
    "Planning Time": 0.146,
    "Triggers": [],
    "Execution Time": 111.848
  }
]