{
  "Plan": {
    "Node Type": "Aggregate",
    "Strategy": "Plain",
    "Partial Mode": "Finalize",
    "Parallel Aware": false,
    "Startup Cost": 102047.21,
    "Total Cost": 102047.22,
    "Plan Rows": 1,
    "Plan Width": 8,
    "Actual Startup Time": 303.586,
    "Actual Total Time": 316.033,
    "Actual Rows": 1,
    "Actual Loops": 1,
    "Plans": [
      {
        "Node Type": "Gather",
        "Parent Relationship": "Outer",
        "Parallel Aware": false,
        "Startup Cost": 102047.1,
        "Total Cost": 102047.21,
        "Plan Rows": 1,
        "Plan Width": 8,
        "Actual Startup Time": 303.381,
        "Actual Total Time": 316.025,
        "Actual Rows": 2,
        "Actual Loops": 1,
        "Workers Planned": 1,
        "Workers Launched": 1,
        "Single Copy": false,
        "Plans": [
          {
            "Node Type": "Aggregate",
            "Strategy": "Plain",
            "Partial Mode": "Partial",
            "Parent Relationship": "Outer",
            "Parallel Aware": false,
            "Startup Cost": 101047.1,
            "Total Cost": 101047.11,
            "Plan Rows": 1,
            "Plan Width": 8,
            "Actual Startup Time": 297.656,
            "Actual Total Time": 297.66,
            "Actual Rows": 1,
            "Actual Loops": 2,
            "Plans": [
              {
                "Node Type": "Hash Join",
                "Parent Relationship": "Outer",
                "Parallel Aware": true,
                "Join Type": "Inner",
                "Startup Cost": 58499.41,
                "Total Cost": 101039.9,
                "Plan Rows": 2881,
                "Plan Width": 0,
                "Actual Startup Time": 198.8,
                "Actual Total Time": 297.228,
                "Actual Rows": 8342,
                "Actual Loops": 2,
                "Inner Unique": true,
                "Hash Cond": "(mc.movie_id = t.id)",
                "Plans": [
                  {
                    "Node Type": "Seq Scan",
                    "Parent Relationship": "Outer",
                    "Parallel Aware": true,
                    "Relation Name": "movie_companies",
                    "Alias": "mc",
                    "Startup Cost": 0.0,
                    "Total Cost": 41811.73,
                    "Plan Rows": 277625,
                    "Plan Width": 4,
                    "Actual Startup Time": 49.245,
                    "Actual Total Time": 113.055,
                    "Actual Rows": 398076,
                    "Actual Loops": 2,
                    "Filter": "((company_id > 18968) AND (company_type_id > 1))",
                    "Rows Removed by Filter": 906488
                  },
                  {
                    "Node Type": "Hash",
                    "Parent Relationship": "Inner",
                    "Parallel Aware": true,
                    "Startup Cost": 58306.47,
                    "Total Cost": 58306.47,
                    "Plan Rows": 15435,
                    "Plan Width": 4,
                    "Actual Startup Time": 148.216,
                    "Actual Total Time": 148.216,
                    "Actual Rows": 11963,
                    "Actual Loops": 2,
                    "Hash Buckets": 32768,
                    "Original Hash Buckets": 32768,
                    "Hash Batches": 1,
                    "Original Hash Batches": 1,
                    "Peak Memory Usage": 1216,
                    "Plans": [
                      {
                        "Node Type": "Seq Scan",
                        "Parent Relationship": "Outer",
                        "Parallel Aware": true,
                        "Relation Name": "title",
                        "Alias": "t",
                        "Startup Cost": 0.0,
                        "Total Cost": 58306.47,
                        "Plan Rows": 15435,
                        "Plan Width": 4,
                        "Actual Startup Time": 0.513,
                        "Actual Total Time": 144.032,
                        "Actual Rows": 11963,
                        "Actual Loops": 2,
                        "Filter": "((kind_id < 7) AND (production_year = 2003))",
                        "Rows Removed by Filter": 1252193
                      }
                    ]
                  }
                ]
              }
            ]
          }
        ]
      }
    ]
  },
  "Planning Time": 0.486,
  "Triggers": [],
  "Execution Time": 316.105
}