[
  {
    "Plan": {
      "Node Type": "Aggregate",
      "Strategy": "Plain",
      "Partial Mode": "Finalize",
      "Parallel Aware": false,
      "Startup Cost": 90883.98,
      "Total Cost": 90883.99,
      "Plan Rows": 1,
      "Plan Width": 8,
      "Actual Startup Time": 252.95,
      "Actual Total Time": 272.536,
      "Actual Rows": 1,
      "Actual Loops": 1,
      "Plans": [
        {
          "Node Type": "Gather",
          "Parent Relationship": "Outer",
          "Parallel Aware": false,
          "Startup Cost": 90883.66,
          "Total Cost": 90883.97,
          "Plan Rows": 3,
          "Plan Width": 8,
          "Actual Startup Time": 252.658,
          "Actual Total Time": 272.516,
          "Actual Rows": 4,
          "Actual Loops": 1,
          "Workers Planned": 3,
          "Workers Launched": 3,
          "Single Copy": false,
          "Plans": [
            {
              "Node Type": "Aggregate",
              "Strategy": "Plain",
              "Partial Mode": "Partial",
              "Parent Relationship": "Outer",
              "Parallel Aware": false,
              "Startup Cost": 89883.66,
              "Total Cost": 89883.67,
              "Plan Rows": 1,
              "Plan Width": 8,
              "Actual Startup Time": 244.049,
              "Actual Total Time": 244.052,
              "Actual Rows": 1,
              "Actual Loops": 4,
              "Plans": [
                {
                  "Node Type": "Hash Join",
                  "Parent Relationship": "Outer",
                  "Parallel Aware": true,
                  "Join Type": "Inner",
                  "Startup Cost": 45583.71,
                  "Total Cost": 89863.68,
                  "Plan Rows": 7992,
                  "Plan Width": 0,
                  "Actual Startup Time": 103.135,
                  "Actual Total Time": 243.327,
                  "Actual Rows": 13431,
                  "Actual Loops": 4,
                  "Inner Unique": true,
                  "Hash Cond": "(mk.movie_id = t.id)",
                  "Plans": [
                    {
                      "Node Type": "Seq Scan",
                      "Parent Relationship": "Outer",
                      "Parallel Aware": true,
                      "Relation Name": "movie_keyword",
                      "Alias": "mk",
                      "Startup Cost": 0.0,
                      "Total Cost": 42695.65,
                      "Plan Rows": 603550,
                      "Plan Width": 4,
                      "Actual Startup Time": 0.455,
                      "Actual Total Time": 105.831,
                      "Actual Rows": 468601,
                      "Actual Loops": 4,
                      "Filter": "(keyword_id > 7333)",
                      "Rows Removed by Filter": 662382
                    },
                    {
                      "Node Type": "Hash",
                      "Parent Relationship": "Inner",
                      "Parallel Aware": true,
                      "Startup Cost": 45479.1,
                      "Total Cost": 45479.1,
                      "Plan Rows": 8369,
                      "Plan Width": 4,
                      "Actual Startup Time": 100.797,
                      "Actual Total Time": 100.798,
                      "Actual Rows": 7028,
                      "Actual Loops": 4,
                      "Hash Buckets": 65536,
                      "Original Hash Buckets": 65536,
                      "Hash Batches": 1,
                      "Original Hash Batches": 1,
                      "Peak Memory Usage": 1696,
                      "Plans": [
                        {
                          "Node Type": "Seq Scan",
                          "Parent Relationship": "Outer",
                          "Parallel Aware": true,
                          "Relation Name": "title",
                          "Alias": "t",
                          "Startup Cost": 0.0,
                          "Total Cost": 45479.1,
                          "Plan Rows": 8369,
                          "Plan Width": 4,
                          "Actual Startup Time": 0.221,
                          "Actual Total Time": 97.638,
                          "Actual Rows": 7028,
                          "Actual Loops": 4,
                          "Filter": "((kind_id < 7) AND (production_year = 2004))",
                          "Rows Removed by Filter": 625050
                        }
                      ]
                    }
                  ]
                }
              ]
            }
          ]
        }
      ]
    },
    "Planning Time": 0.623,
    "Triggers": [],
    "Execution Time": 272.611
  }
]