{
  "Plan": {
    "Node Type": "Aggregate",
    "Strategy": "Plain",
    "Partial Mode": "Finalize",
    "Parallel Aware": false,
    "Startup Cost": 331232.41,
    "Total Cost": 331232.42,
    "Plan Rows": 1,
    "Plan Width": 8,
    "Actual Startup Time": 1335.02,
    "Actual Total Time": 1376.349,
    "Actual Rows": 1,
    "Actual Loops": 1,
    "Plans": [
      {
        "Node Type": "Gather",
        "Parent Relationship": "Outer",
        "Parallel Aware": false,
        "Startup Cost": 331232.3,
        "Total Cost": 331232.41,
        "Plan Rows": 1,
        "Plan Width": 8,
        "Actual Startup Time": 1334.749,
        "Actual Total Time": 1376.329,
        "Actual Rows": 2,
        "Actual Loops": 1,
        "Workers Planned": 1,
        "Workers Launched": 1,
        "Single Copy": false,
        "Plans": [
          {
            "Node Type": "Aggregate",
            "Strategy": "Plain",
            "Partial Mode": "Partial",
            "Parent Relationship": "Outer",
            "Parallel Aware": false,
            "Startup Cost": 330232.3,
            "Total Cost": 330232.31,
            "Plan Rows": 1,
            "Plan Width": 8,
            "Actual Startup Time": 1329.08,
            "Actual Total Time": 1329.084,
            "Actual Rows": 1,
            "Actual Loops": 2,
            "Plans": [
              {
                "Node Type": "Hash Join",
                "Parent Relationship": "Outer",
                "Parallel Aware": true,
                "Join Type": "Inner",
                "Startup Cost": 58372.08,
                "Total Cost": 330155.57,
                "Plan Rows": 30691,
                "Plan Width": 0,
                "Actual Startup Time": 144.489,
                "Actual Total Time": 1326.511,
                "Actual Rows": 50266,
                "Actual Loops": 2,
                "Inner Unique": true,
                "Hash Cond": "(mi.movie_id = t.id)",
                "Plans": [
                  {
                    "Node Type": "Seq Scan",
                    "Parent Relationship": "Outer",
                    "Parallel Aware": true,
                    "Relation Name": "movie_info",
                    "Alias": "mi",
                    "Startup Cost": 0.0,
                    "Total Cost": 248955.74,
                    "Plan Rows": 8696274,
                    "Plan Width": 4,
                    "Actual Startup Time": 0.009,
                    "Actual Total Time": 627.683,
                    "Actual Rows": 7417860,
                    "Actual Loops": 2
                  },
                  {
                    "Node Type": "Hash",
                    "Parent Relationship": "Inner",
                    "Parallel Aware": true,
                    "Startup Cost": 58306.47,
                    "Total Cost": 58306.47,
                    "Plan Rows": 5249,
                    "Plan Width": 4,
                    "Actual Startup Time": 142.53,
                    "Actual Total Time": 142.531,
                    "Actual Rows": 4704,
                    "Actual Loops": 2,
                    "Hash Buckets": 16384,
                    "Original Hash Buckets": 16384,
                    "Hash Batches": 1,
                    "Original Hash Batches": 1,
                    "Peak Memory Usage": 512,
                    "Plans": [
                      {
                        "Node Type": "Seq Scan",
                        "Parent Relationship": "Outer",
                        "Parallel Aware": true,
                        "Relation Name": "title",
                        "Alias": "t",
                        "Startup Cost": 0.0,
                        "Total Cost": 58306.47,
                        "Plan Rows": 5249,
                        "Plan Width": 4,
                        "Actual Startup Time": 0.809,
                        "Actual Total Time": 140.677,
                        "Actual Rows": 4704,
                        "Actual Loops": 2,
                        "Filter": "((kind_id < 7) AND (production_year = 1990))",
                        "Rows Removed by Filter": 1259452
                      }
                    ]
                  }
                ]
              }
            ]
          }
        ]
      }
    ]
  },
  "Planning Time": 0.53,
  "Triggers": [],
  "Execution Time": 1376.426
}