[
  {
    "Plan": {
      "Node Type": "Aggregate",
      "Strategy": "Plain",
      "Partial Mode": "Finalize",
      "Parallel Aware": false,
      "Startup Cost": 44924.08,
      "Total Cost": 44924.09,
      "Plan Rows": 1,
      "Plan Width": 8,
      "Actual Startup Time": 140.978,
      "Actual Total Time": 153.268,
      "Actual Rows": 1,
      "Actual Loops": 1,
      "Plans": [
        {
          "Node Type": "Gather",
          "Parent Relationship": "Outer",
          "Parallel Aware": false,
          "Startup Cost": 44923.76,
          "Total Cost": 44924.07,
          "Plan Rows": 3,
          "Plan Width": 8,
          "Actual Startup Time": 140.843,
          "Actual Total Time": 153.252,
          "Actual Rows": 4,
          "Actual Loops": 1,
          "Workers Planned": 3,
          "Workers Launched": 3,
          "Single Copy": false,
          "Plans": [
            {
              "Node Type": "Aggregate",
              "Strategy": "Plain",
              "Partial Mode": "Partial",
              "Parent Relationship": "Outer",
              "Parallel Aware": false,
              "Startup Cost": 43923.76,
              "Total Cost": 43923.77,
              "Plan Rows": 1,
              "Plan Width": 8,
              "Actual Startup Time": 136.916,
              "Actual Total Time": 136.917,
              "Actual Rows": 1,
              "Actual Loops": 4,
              "Plans": [
                {
                  "Node Type": "Seq Scan",
                  "Parent Relationship": "Outer",
                  "Parallel Aware": true,
                  "Relation Name": "movie_keyword",
                  "Alias": "mk",
                  "Startup Cost": 0.0,
                  "Total Cost": 42695.65,
                  "Plan Rows": 491243,
                  "Plan Width": 0,
                  "Actual Startup Time": 0.034,
                  "Actual Total Time": 116.654,
                  "Actual Rows": 378622,
                  "Actual Loops": 4,
                  "Filter": "(keyword_id < 2197)",
                  "Rows Removed by Filter": 752360
                }
              ]
            }
          ]
        }
      ]
    },
    "Planning Time": 0.091,
    "Triggers": [],
    "Execution Time": 153.301
  }
]