[
  {
    "Plan": {
      "Node Type": "Aggregate",
      "Strategy": "Plain",
      "Partial Mode": "Finalize",
      "Parallel Aware": false,
      "Startup Cost": 318331.82,
      "Total Cost": 318331.83,
      "Plan Rows": 1,
      "Plan Width": 8,
      "Actual Startup Time": 288.991,
      "Actual Total Time": 338.057,
      "Actual Rows": 1,
      "Actual Loops": 1,
      "Plans": [
        {
          "Node Type": "Gather",
          "Parent Relationship": "Outer",
          "Parallel Aware": false,
          "Startup Cost": 318331.4,
          "Total Cost": 318331.81,
          "Plan Rows": 4,
          "Plan Width": 8,
          "Actual Startup Time": 288.829,
          "Actual Total Time": 338.044,
          "Actual Rows": 5,
          "Actual Loops": 1,
          "Workers Planned": 4,
          "Workers Launched": 4,
          "Single Copy": false,
          "Plans": [
            {
              "Node Type": "Aggregate",
              "Strategy": "Plain",
              "Partial Mode": "Partial",
              "Parent Relationship": "Outer",
              "Parallel Aware": false,
              "Startup Cost": 317331.4,
              "Total Cost": 317331.41,
              "Plan Rows": 1,
              "Plan Width": 8,
              "Actual Startup Time": 278.821,
              "Actual Total Time": 278.823,
              "Actual Rows": 1,
              "Actual Loops": 5,
              "Plans": [
                {
                  "Node Type": "Nested Loop",
                  "Parent Relationship": "Outer",
                  "Parallel Aware": false,
                  "Join Type": "Inner",
                  "Startup Cost": 0.56,
                  "Total Cost": 317284.13,
                  "Plan Rows": 18909,
                  "Plan Width": 0,
                  "Actual Startup Time": 0.979,
                  "Actual Total Time": 276.809,
                  "Actual Rows": 17081,
                  "Actual Loops": 5,
                  "Inner Unique": false,
                  "Plans": [
                    {
                      "Node Type": "Seq Scan",
                      "Parent Relationship": "Outer",
                      "Parallel Aware": true,
                      "Relation Name": "title",
                      "Alias": "t",
                      "Startup Cost": 0.0,
                      "Total Cost": 45479.1,
                      "Plan Rows": 3586,
                      "Plan Width": 4,
                      "Actual Startup Time": 0.433,
                      "Actual Total Time": 79.522,
                      "Actual Rows": 2442,
                      "Actual Loops": 5,
                      "Filter": "((kind_id < 7) AND (production_year = 1996))",
                      "Rows Removed by Filter": 503221
                    },
                    {
                      "Node Type": "Index Scan",
                      "Parent Relationship": "Inner",
                      "Parallel Aware": false,
                      "Scan Direction": "Forward",
                      "Index Name": "movie_id_cast_info",
                      "Relation Name": "cast_info",
                      "Alias": "ci",
                      "Startup Cost": 0.56,
                      "Total Cost": 75.66,
                      "Plan Rows": 14,
                      "Plan Width": 4,
                      "Actual Startup Time": 0.053,
                      "Actual Total Time": 0.079,
                      "Actual Rows": 7,
                      "Actual Loops": 12208,
                      "Index Cond": "(movie_id = t.id)",
                      "Rows Removed by Index Recheck": 0,
                      "Filter": "((person_id > 671215) AND (role_id > 2))",
                      "Rows Removed by Filter": 11
                    }
                  ]
                }
              ]
            }
          ]
        }
      ]
    },
    "Planning Time": 0.72,
    "Triggers": [],
    "Execution Time": 338.197
  }
]