[
    {
        "Bao": {
            "Bao prediction": "NaN",
            "Bao recommended hint": "(no hint)"
        }
    },
    {
        "Plan": {
            "Node Type": "Aggregate",
            "Strategy": "Plain",
            "Partial Mode": "Finalize",
            "Parallel Aware": false,
            "Startup Cost": 32023.53,
            "Total Cost": 32023.54,
            "Plan Rows": 1,
            "Plan Width": 8,
            "Actual Startup Time": 83.926,
            "Actual Total Time": 90.348,
            "Actual Rows": 1,
            "Actual Loops": 1,
            "Output": [
                "count(*)"
            ],
            "Plans": [
                {
                    "Node Type": "Gather",
                    "Parent Relationship": "Outer",
                    "Parallel Aware": false,
                    "Startup Cost": 32023.21,
                    "Total Cost": 32023.52,
                    "Plan Rows": 3,
                    "Plan Width": 8,
                    "Actual Startup Time": 83.68,
                    "Actual Total Time": 90.339,
                    "Actual Rows": 4,
                    "Actual Loops": 1,
                    "Output": [
                        "(PARTIAL count(*))"
                    ],
                    "Workers Planned": 3,
                    "Workers Launched": 3,
                    "Single Copy": false,
                    "Plans": [
                        {
                            "Node Type": "Aggregate",
                            "Strategy": "Plain",
                            "Partial Mode": "Partial",
                            "Parent Relationship": "Outer",
                            "Parallel Aware": false,
                            "Startup Cost": 31023.21,
                            "Total Cost": 31023.22,
                            "Plan Rows": 1,
                            "Plan Width": 8,
                            "Actual Startup Time": 74.937,
                            "Actual Total Time": 74.938,
                            "Actual Rows": 1,
                            "Actual Loops": 4,
                            "Output": [
                                "PARTIAL count(*)"
                            ],
                            "Workers": [
                                {
                                    "Worker Number": 0,
                                    "Actual Startup Time": 71.665,
                                    "Actual Total Time": 71.666,
                                    "Actual Rows": 1,
                                    "Actual Loops": 1
                                },
                                {
                                    "Worker Number": 1,
                                    "Actual Startup Time": 72.303,
                                    "Actual Total Time": 72.304,
                                    "Actual Rows": 1,
                                    "Actual Loops": 1
                                },
                                {
                                    "Worker Number": 2,
                                    "Actual Startup Time": 72.528,
                                    "Actual Total Time": 72.529,
                                    "Actual Rows": 1,
                                    "Actual Loops": 1
                                }
                            ],
                            "Plans": [
                                {
                                    "Node Type": "Bitmap Heap Scan",
                                    "Parent Relationship": "Outer",
                                    "Parallel Aware": true,
                                    "Relation Name": "movie_keyword",
                                    "Schema": "public",
                                    "Alias": "mk",
                                    "Startup Cost": 5349.7,
                                    "Total Cost": 30819.96,
                                    "Plan Rows": 81301,
                                    "Plan Width": 0,
                                    "Actual Startup Time": 15.78,
                                    "Actual Total Time": 70.991,
                                    "Actual Rows": 61901,
                                    "Actual Loops": 4,
                                    "Recheck Cond": "(mk.keyword_id > 60849)",
                                    "Rows Removed by Index Recheck": 0,
                                    "Exact Heap Blocks": 11181,
                                    "Lossy Heap Blocks": 0,
                                    "Workers": [
                                        {
                                            "Worker Number": 0,
                                            "Actual Startup Time": 12.633,
                                            "Actual Total Time": 68.463,
                                            "Actual Rows": 37982,
                                            "Actual Loops": 1
                                        },
                                        {
                                            "Worker Number": 1,
                                            "Actual Startup Time": 13.171,
                                            "Actual Total Time": 68.857,
                                            "Actual Rows": 40473,
                                            "Actual Loops": 1
                                        },
                                        {
                                            "Worker Number": 2,
                                            "Actual Startup Time": 13.456,
                                            "Actual Total Time": 69.145,
                                            "Actual Rows": 39343,
                                            "Actual Loops": 1
                                        }
                                    ],
                                    "Plans": [
                                        {
                                            "Node Type": "Bitmap Index Scan",
                                            "Parent Relationship": "Outer",
                                            "Parallel Aware": false,
                                            "Index Name": "keyword_id_movie_keyword",
                                            "Startup Cost": 0.0,
                                            "Total Cost": 5286.69,
                                            "Plan Rows": 252034,
                                            "Plan Width": 0,
                                            "Actual Startup Time": 20.821,
                                            "Actual Total Time": 20.821,
                                            "Actual Rows": 247603,
                                            "Actual Loops": 1,
                                            "Index Cond": "(mk.keyword_id > 60849)"
                                        }
                                    ]
                                }
                            ]
                        }
                    ]
                }
            ]
        },
        "Planning Time": 205.914,
        "Triggers": [],
        "Execution Time": 90.449
    }
]