[
  {
    "Plan": {
      "Node Type": "Aggregate",
      "Strategy": "Plain",
      "Partial Mode": "Finalize",
      "Parallel Aware": false,
      "Startup Cost": 285564.16,
      "Total Cost": 285564.17,
      "Plan Rows": 1,
      "Plan Width": 8,
      "Actual Startup Time": 1003.349,
      "Actual Total Time": 1049.616,
      "Actual Rows": 1,
      "Actual Loops": 1,
      "Plans": [
        {
          "Node Type": "Gather",
          "Parent Relationship": "Outer",
          "Parallel Aware": false,
          "Startup Cost": 285563.64,
          "Total Cost": 285564.15,
          "Plan Rows": 5,
          "Plan Width": 8,
          "Actual Startup Time": 995.62,
          "Actual Total Time": 1049.601,
          "Actual Rows": 6,
          "Actual Loops": 1,
          "Workers Planned": 5,
          "Workers Launched": 5,
          "Single Copy": false,
          "Plans": [
            {
              "Node Type": "Aggregate",
              "Strategy": "Plain",
              "Partial Mode": "Partial",
              "Parent Relationship": "Outer",
              "Parallel Aware": false,
              "Startup Cost": 284563.64,
              "Total Cost": 284563.65,
              "Plan Rows": 1,
              "Plan Width": 8,
              "Actual Startup Time": 984.984,
              "Actual Total Time": 985.271,
              "Actual Rows": 1,
              "Actual Loops": 6,
              "Plans": [
                {
                  "Node Type": "Hash Join",
                  "Parent Relationship": "Outer",
                  "Parallel Aware": true,
                  "Join Type": "Inner",
                  "Startup Cost": 80138.15,
                  "Total Cost": 284081.61,
                  "Plan Rows": 192813,
                  "Plan Width": 0,
                  "Actual Startup Time": 315.856,
                  "Actual Total Time": 923.397,
                  "Actual Rows": 1451467,
                  "Actual Loops": 6,
                  "Inner Unique": false,
                  "Hash Cond": "(mi.movie_id = t.id)",
                  "Plans": [
                    {
                      "Node Type": "Seq Scan",
                      "Parent Relationship": "Outer",
                      "Parallel Aware": true,
                      "Relation Name": "movie_info",
                      "Alias": "mi",
                      "Startup Cost": 0.0,
                      "Total Cost": 198952.16,
                      "Plan Rows": 1165150,
                      "Plan Width": 4,
                      "Actual Startup Time": 0.017,
                      "Actual Total Time": 328.242,
                      "Actual Rows": 980827,
                      "Actual Loops": 6,
                      "Filter": "(info_type_id < 7)",
                      "Rows Removed by Filter": 1491793
                    },
                    {
                      "Node Type": "Hash",
                      "Parent Relationship": "Inner",
                      "Parallel Aware": true,
                      "Startup Cost": 78451.09,
                      "Total Cost": 78451.09,
                      "Plan Rows": 134965,
                      "Plan Width": 8,
                      "Actual Startup Time": 312.298,
                      "Actual Total Time": 312.584,
                      "Actual Rows": 136876,
                      "Actual Loops": 6,
                      "Hash Buckets": 1048576,
                      "Original Hash Buckets": 524288,
                      "Hash Batches": 1,
                      "Original Hash Batches": 1,
                      "Peak Memory Usage": 44512,
                      "Plans": [
                        {
                          "Node Type": "Hash Join",
                          "Parent Relationship": "Outer",
                          "Parallel Aware": true,
                          "Join Type": "Inner",
                          "Startup Cost": 48052.82,
                          "Total Cost": 78451.09,
                          "Plan Rows": 134965,
                          "Plan Width": 8,
                          "Actual Startup Time": 151.576,
                          "Actual Total Time": 260.526,
                          "Actual Rows": 136876,
                          "Actual Loops": 6,
                          "Inner Unique": true,
                          "Hash Cond": "(mc.movie_id = t.id)",
                          "Plans": [
                            {
                              "Node Type": "Seq Scan",
                              "Parent Relationship": "Outer",
                              "Parallel Aware": true,
                              "Relation Name": "movie_companies",
                              "Alias": "mc",
                              "Startup Cost": 0.0,
                              "Total Cost": 29310.68,
                              "Plan Rows": 414318,
                              "Plan Width": 4,
                              "Actual Startup Time": 0.024,
                              "Actual Total Time": 52.108,
                              "Actual Rows": 212374,
                              "Actual Loops": 6,
                              "Filter": "(company_type_id = 1)",
                              "Rows Removed by Filter": 222480
                            },
                            {
                              "Node Type": "Hash",
                              "Parent Relationship": "Inner",
                              "Parallel Aware": true,
                              "Startup Cost": 45479.1,
                              "Total Cost": 45479.1,
                              "Plan Rows": 205898,
                              "Plan Width": 4,
                              "Actual Startup Time": 149.345,
                              "Actual Total Time": 149.346,
                              "Actual Rows": 136387,
                              "Actual Loops": 6,
                              "Hash Buckets": 1048576,
                              "Original Hash Buckets": 1048576,
                              "Hash Batches": 1,
                              "Original Hash Batches": 1,
                              "Peak Memory Usage": 40288,
                              "Plans": [
                                {
                                  "Node Type": "Seq Scan",
                                  "Parent Relationship": "Outer",
                                  "Parallel Aware": true,
                                  "Relation Name": "title",
                                  "Alias": "t",
                                  "Startup Cost": 0.0,
                                  "Total Cost": 45479.1,
                                  "Plan Rows": 205898,
                                  "Plan Width": 4,
                                  "Actual Startup Time": 0.078,
                                  "Actual Total Time": 88.632,
                                  "Actual Rows": 136387,
                                  "Actual Loops": 6,
                                  "Filter": "((kind_id < 4) AND (production_year > 1910))",
                                  "Rows Removed by Filter": 284999
                                }
                              ]
                            }
                          ]
                        }
                      ]
                    }
                  ]
                }
              ]
            }
          ]
        }
      ]
    },
    "Planning Time": 1.495,
    "Triggers": [],
    "Execution Time": 1049.798
  }
]