[
  {
    "Plan": {
      "Node Type": "Aggregate",
      "Strategy": "Plain",
      "Partial Mode": "Finalize",
      "Parallel Aware": false,
      "Startup Cost": 252603.24,
      "Total Cost": 252603.25,
      "Plan Rows": 1,
      "Plan Width": 8,
      "Actual Startup Time": 697.138,
      "Actual Total Time": 742.776,
      "Actual Rows": 1,
      "Actual Loops": 1,
      "Plans": [
        {
          "Node Type": "Gather",
          "Parent Relationship": "Outer",
          "Parallel Aware": false,
          "Startup Cost": 252602.72,
          "Total Cost": 252603.23,
          "Plan Rows": 5,
          "Plan Width": 8,
          "Actual Startup Time": 694.341,
          "Actual Total Time": 742.766,
          "Actual Rows": 6,
          "Actual Loops": 1,
          "Workers Planned": 5,
          "Workers Launched": 5,
          "Single Copy": false,
          "Plans": [
            {
              "Node Type": "Aggregate",
              "Strategy": "Plain",
              "Partial Mode": "Partial",
              "Parent Relationship": "Outer",
              "Parallel Aware": false,
              "Startup Cost": 251602.72,
              "Total Cost": 251602.73,
              "Plan Rows": 1,
              "Plan Width": 8,
              "Actual Startup Time": 685.009,
              "Actual Total Time": 685.012,
              "Actual Rows": 1,
              "Actual Loops": 6,
              "Plans": [
                {
                  "Node Type": "Hash Join",
                  "Parent Relationship": "Outer",
                  "Parallel Aware": true,
                  "Join Type": "Inner",
                  "Startup Cost": 46687.74,
                  "Total Cost": 250844.46,
                  "Plan Rows": 303301,
                  "Plan Width": 0,
                  "Actual Startup Time": 124.07,
                  "Actual Total Time": 678.17,
                  "Actual Rows": 145765,
                  "Actual Loops": 6,
                  "Inner Unique": true,
                  "Hash Cond": "(mi.movie_id = t.id)",
                  "Plans": [
                    {
                      "Node Type": "Seq Scan",
                      "Parent Relationship": "Outer",
                      "Parallel Aware": true,
                      "Relation Name": "movie_info",
                      "Alias": "mi",
                      "Startup Cost": 0.0,
                      "Total Cost": 198952.16,
                      "Plan Rows": 1982687,
                      "Plan Width": 4,
                      "Actual Startup Time": 17.628,
                      "Actual Total Time": 357.594,
                      "Actual Rows": 1651959,
                      "Actual Loops": 6,
                      "Filter": "(info_type_id > 4)",
                      "Rows Removed by Filter": 820661
                    },
                    {
                      "Node Type": "Hash",
                      "Parent Relationship": "Inner",
                      "Parallel Aware": true,
                      "Startup Cost": 45479.1,
                      "Total Cost": 45479.1,
                      "Plan Rows": 96691,
                      "Plan Width": 4,
                      "Actual Startup Time": 103.487,
                      "Actual Total Time": 103.487,
                      "Actual Rows": 46225,
                      "Actual Loops": 6,
                      "Hash Buckets": 524288,
                      "Original Hash Buckets": 524288,
                      "Hash Batches": 1,
                      "Original Hash Batches": 1,
                      "Peak Memory Usage": 15040,
                      "Plans": [
                        {
                          "Node Type": "Seq Scan",
                          "Parent Relationship": "Outer",
                          "Parallel Aware": true,
                          "Relation Name": "title",
                          "Alias": "t",
                          "Startup Cost": 0.0,
                          "Total Cost": 45479.1,
                          "Plan Rows": 96691,
                          "Plan Width": 4,
                          "Actual Startup Time": 0.048,
                          "Actual Total Time": 81.339,
                          "Actual Rows": 46225,
                          "Actual Loops": 6,
                          "Filter": "((production_year < 1988) AND (kind_id = 7))",
                          "Rows Removed by Filter": 375160
                        }
                      ]
                    }
                  ]
                }
              ]
            }
          ]
        }
      ]
    },
    "Planning Time": 0.512,
    "Triggers": [],
    "Execution Time": 742.845
  }
]