{
  "Plan": {
    "Node Type": "Aggregate",
    "Strategy": "Plain",
    "Partial Mode": "Finalize",
    "Parallel Aware": false,
    "Startup Cost": 606322.03,
    "Total Cost": 606322.04,
    "Plan Rows": 1,
    "Plan Width": 8,
    "Actual Startup Time": 6655.418,
    "Actual Total Time": 6709.685,
    "Actual Rows": 1,
    "Actual Loops": 1,
    "Plans": [
      {
        "Node Type": "Gather",
        "Parent Relationship": "Outer",
        "Parallel Aware": false,
        "Startup Cost": 606321.92,
        "Total Cost": 606322.03,
        "Plan Rows": 1,
        "Plan Width": 8,
        "Actual Startup Time": 6653.36,
        "Actual Total Time": 6709.676,
        "Actual Rows": 2,
        "Actual Loops": 1,
        "Workers Planned": 1,
        "Workers Launched": 1,
        "Single Copy": false,
        "Plans": [
          {
            "Node Type": "Aggregate",
            "Strategy": "Plain",
            "Partial Mode": "Partial",
            "Parent Relationship": "Outer",
            "Parallel Aware": false,
            "Startup Cost": 605321.92,
            "Total Cost": 605321.93,
            "Plan Rows": 1,
            "Plan Width": 8,
            "Actual Startup Time": 6647.764,
            "Actual Total Time": 6647.767,
            "Actual Rows": 1,
            "Actual Loops": 2,
            "Plans": [
              {
                "Node Type": "Hash Join",
                "Parent Relationship": "Outer",
                "Parallel Aware": true,
                "Join Type": "Inner",
                "Startup Cost": 64846.39,
                "Total Cost": 586579.75,
                "Plan Rows": 7496869,
                "Plan Width": 0,
                "Actual Startup Time": 290.965,
                "Actual Total Time": 6355.163,
                "Actual Rows": 7106630,
                "Actual Loops": 2,
                "Inner Unique": true,
                "Hash Cond": "(ci.movie_id = t.id)",
                "Plans": [
                  {
                    "Node Type": "Seq Scan",
                    "Parent Relationship": "Outer",
                    "Parallel Aware": true,
                    "Relation Name": "cast_info",
                    "Alias": "ci",
                    "Startup Cost": 0.0,
                    "Total Cost": 465792.95,
                    "Plan Rows": 21310595,
                    "Plan Width": 4,
                    "Actual Startup Time": 0.013,
                    "Actual Total Time": 1322.227,
                    "Actual Rows": 18122172,
                    "Actual Loops": 2
                  },
                  {
                    "Node Type": "Hash",
                    "Parent Relationship": "Inner",
                    "Parallel Aware": true,
                    "Startup Cost": 58306.47,
                    "Total Cost": 58306.47,
                    "Plan Rows": 523194,
                    "Plan Width": 4,
                    "Actual Startup Time": 281.185,
                    "Actual Total Time": 281.186,
                    "Actual Rows": 473864,
                    "Actual Loops": 2,
                    "Hash Buckets": 1048576,
                    "Original Hash Buckets": 1048576,
                    "Hash Batches": 1,
                    "Original Hash Batches": 1,
                    "Peak Memory Usage": 45312,
                    "Plans": [
                      {
                        "Node Type": "Seq Scan",
                        "Parent Relationship": "Outer",
                        "Parallel Aware": true,
                        "Relation Name": "title",
                        "Alias": "t",
                        "Startup Cost": 0.0,
                        "Total Cost": 58306.47,
                        "Plan Rows": 523194,
                        "Plan Width": 4,
                        "Actual Startup Time": 0.038,
                        "Actual Total Time": 161.915,
                        "Actual Rows": 473864,
                        "Actual Loops": 2,
                        "Filter": "((kind_id > 1) AND (production_year > 2003))",
                        "Rows Removed by Filter": 790292
                      }
                    ]
                  }
                ]
              }
            ]
          }
        ]
      }
    ]
  },
  "Planning Time": 0.753,
  "Triggers": [],
  "Execution Time": 6709.766
}