[
  {
    "Plan": {
      "Node Type": "Aggregate",
      "Strategy": "Plain",
      "Partial Mode": "Finalize",
      "Parallel Aware": false,
      "Startup Cost": 44984.63,
      "Total Cost": 44984.64,
      "Plan Rows": 1,
      "Plan Width": 8,
      "Actual Startup Time": 144.403,
      "Actual Total Time": 152.13,
      "Actual Rows": 1,
      "Actual Loops": 1,
      "Plans": [
        {
          "Node Type": "Gather",
          "Parent Relationship": "Outer",
          "Parallel Aware": false,
          "Startup Cost": 44984.32,
          "Total Cost": 44984.63,
          "Plan Rows": 3,
          "Plan Width": 8,
          "Actual Startup Time": 144.301,
          "Actual Total Time": 152.122,
          "Actual Rows": 4,
          "Actual Loops": 1,
          "Workers Planned": 3,
          "Workers Launched": 3,
          "Single Copy": false,
          "Plans": [
            {
              "Node Type": "Aggregate",
              "Strategy": "Plain",
              "Partial Mode": "Partial",
              "Parent Relationship": "Outer",
              "Parallel Aware": false,
              "Startup Cost": 43984.32,
              "Total Cost": 43984.33,
              "Plan Rows": 1,
              "Plan Width": 8,
              "Actual Startup Time": 136.309,
              "Actual Total Time": 136.31,
              "Actual Rows": 1,
              "Actual Loops": 4,
              "Plans": [
                {
                  "Node Type": "Seq Scan",
                  "Parent Relationship": "Outer",
                  "Parallel Aware": true,
                  "Relation Name": "movie_keyword",
                  "Alias": "mk",
                  "Startup Cost": 0.0,
                  "Total Cost": 42695.65,
                  "Plan Rows": 515465,
                  "Plan Width": 0,
                  "Actual Startup Time": 1.432,
                  "Actual Total Time": 114.99,
                  "Actual Rows": 400456,
                  "Actual Loops": 4,
                  "Filter": "(keyword_id > 9542)",
                  "Rows Removed by Filter": 730527
                }
              ]
            }
          ]
        }
      ]
    },
    "Planning Time": 0.182,
    "Triggers": [],
    "Execution Time": 152.185
  }
]