{
  "Plan": {
    "Node Type": "Aggregate",
    "Strategy": "Plain",
    "Partial Mode": "Finalize",
    "Parallel Aware": false,
    "Startup Cost": 703553.45,
    "Total Cost": 703553.46,
    "Plan Rows": 1,
    "Plan Width": 8,
    "Actual Startup Time": 3778.759,
    "Actual Total Time": 3837.419,
    "Actual Rows": 1,
    "Actual Loops": 1,
    "Plans": [
      {
        "Node Type": "Gather",
        "Parent Relationship": "Outer",
        "Parallel Aware": false,
        "Startup Cost": 703553.34,
        "Total Cost": 703553.45,
        "Plan Rows": 1,
        "Plan Width": 8,
        "Actual Startup Time": 3776.986,
        "Actual Total Time": 3837.412,
        "Actual Rows": 2,
        "Actual Loops": 1,
        "Workers Planned": 1,
        "Workers Launched": 1,
        "Single Copy": false,
        "Plans": [
          {
            "Node Type": "Aggregate",
            "Strategy": "Plain",
            "Partial Mode": "Partial",
            "Parent Relationship": "Outer",
            "Parallel Aware": false,
            "Startup Cost": 702553.34,
            "Total Cost": 702553.35,
            "Plan Rows": 1,
            "Plan Width": 8,
            "Actual Startup Time": 3772.222,
            "Actual Total Time": 3772.227,
            "Actual Rows": 1,
            "Actual Loops": 2,
            "Plans": [
              {
                "Node Type": "Hash Join",
                "Parent Relationship": "Outer",
                "Parallel Aware": true,
                "Join Type": "Inner",
                "Startup Cost": 126714.23,
                "Total Cost": 693566.78,
                "Plan Rows": 3594625,
                "Plan Width": 0,
                "Actual Startup Time": 517.087,
                "Actual Total Time": 3709.112,
                "Actual Rows": 1451899,
                "Actual Loops": 2,
                "Inner Unique": false,
                "Hash Cond": "(ci.movie_id = t.id)",
                "Plans": [
                  {
                    "Node Type": "Seq Scan",
                    "Parent Relationship": "Outer",
                    "Parallel Aware": true,
                    "Relation Name": "cast_info",
                    "Alias": "ci",
                    "Startup Cost": 0.0,
                    "Total Cost": 465792.95,
                    "Plan Rows": 21310595,
                    "Plan Width": 4,
                    "Actual Startup Time": 0.015,
                    "Actual Total Time": 1291.316,
                    "Actual Rows": 18122172,
                    "Actual Loops": 2
                  },
                  {
                    "Node Type": "Hash",
                    "Parent Relationship": "Inner",
                    "Parallel Aware": true,
                    "Startup Cost": 123578.44,
                    "Total Cost": 123578.44,
                    "Plan Rows": 250863,
                    "Plan Width": 8,
                    "Actual Startup Time": 511.819,
                    "Actual Total Time": 511.823,
                    "Actual Rows": 69998,
                    "Actual Loops": 2,
                    "Hash Buckets": 524288,
                    "Original Hash Buckets": 524288,
                    "Hash Batches": 1,
                    "Original Hash Batches": 1,
                    "Peak Memory Usage": 9632,
                    "Plans": [
                      {
                        "Node Type": "Hash Join",
                        "Parent Relationship": "Outer",
                        "Parallel Aware": true,
                        "Join Type": "Inner",
                        "Startup Cost": 63505.63,
                        "Total Cost": 123578.44,
                        "Plan Rows": 250863,
                        "Plan Width": 8,
                        "Actual Startup Time": 236.079,
                        "Actual Total Time": 494.503,
                        "Actual Rows": 69998,
                        "Actual Loops": 2,
                        "Inner Unique": true,
                        "Hash Cond": "(mk.movie_id = t.id)",
                        "Plans": [
                          {
                            "Node Type": "Seq Scan",
                            "Parent Relationship": "Outer",
                            "Parallel Aware": true,
                            "Relation Name": "movie_keyword",
                            "Alias": "mk",
                            "Startup Cost": 0.0,
                            "Total Cost": 57718.19,
                            "Plan Rows": 896999,
                            "Plan Width": 4,
                            "Actual Startup Time": 0.014,
                            "Actual Total Time": 163.605,
                            "Actual Rows": 772072,
                            "Actual Loops": 2,
                            "Filter": "(keyword_id < 2276)",
                            "Rows Removed by Filter": 1489894
                          },
                          {
                            "Node Type": "Hash",
                            "Parent Relationship": "Inner",
                            "Parallel Aware": true,
                            "Startup Cost": 58306.47,
                            "Total Cost": 58306.47,
                            "Plan Rows": 415933,
                            "Plan Width": 4,
                            "Actual Startup Time": 229.085,
                            "Actual Total Time": 229.086,
                            "Actual Rows": 297214,
                            "Actual Loops": 2,
                            "Hash Buckets": 1048576,
                            "Original Hash Buckets": 1048576,
                            "Hash Batches": 1,
                            "Original Hash Batches": 1,
                            "Peak Memory Usage": 31488,
                            "Plans": [
                              {
                                "Node Type": "Seq Scan",
                                "Parent Relationship": "Outer",
                                "Parallel Aware": true,
                                "Relation Name": "title",
                                "Alias": "t",
                                "Startup Cost": 0.0,
                                "Total Cost": 58306.47,
                                "Plan Rows": 415933,
                                "Plan Width": 4,
                                "Actual Startup Time": 0.03,
                                "Actual Total Time": 146.933,
                                "Actual Rows": 297214,
                                "Actual Loops": 2,
                                "Filter": "((kind_id > 3) AND (production_year < 2001))",
                                "Rows Removed by Filter": 966942
                              }
                            ]
                          }
                        ]
                      }
                    ]
                  }
                ]
              }
            ]
          }
        ]
      }
    ]
  },
  "Planning Time": 0.946,
  "Triggers": [],
  "Execution Time": 3837.511
}