[
  {
    "Plan": {
      "Node Type": "Aggregate",
      "Strategy": "Plain",
      "Partial Mode": "Finalize",
      "Parallel Aware": false,
      "Startup Cost": 44335.85,
      "Total Cost": 44335.86,
      "Plan Rows": 1,
      "Plan Width": 8,
      "Actual Startup Time": 108.12,
      "Actual Total Time": 117.671,
      "Actual Rows": 1,
      "Actual Loops": 1,
      "Plans": [
        {
          "Node Type": "Gather",
          "Parent Relationship": "Outer",
          "Parallel Aware": false,
          "Startup Cost": 44335.53,
          "Total Cost": 44335.84,
          "Plan Rows": 3,
          "Plan Width": 8,
          "Actual Startup Time": 107.992,
          "Actual Total Time": 117.661,
          "Actual Rows": 4,
          "Actual Loops": 1,
          "Workers Planned": 3,
          "Workers Launched": 3,
          "Single Copy": false,
          "Plans": [
            {
              "Node Type": "Aggregate",
              "Strategy": "Plain",
              "Partial Mode": "Partial",
              "Parent Relationship": "Outer",
              "Parallel Aware": false,
              "Startup Cost": 43335.53,
              "Total Cost": 43335.54,
              "Plan Rows": 1,
              "Plan Width": 8,
              "Actual Startup Time": 103.546,
              "Actual Total Time": 103.547,
              "Actual Rows": 1,
              "Actual Loops": 4,
              "Plans": [
                {
                  "Node Type": "Seq Scan",
                  "Parent Relationship": "Outer",
                  "Parallel Aware": true,
                  "Relation Name": "movie_keyword",
                  "Alias": "mk",
                  "Startup Cost": 0.0,
                  "Total Cost": 42695.65,
                  "Plan Rows": 255952,
                  "Plan Width": 0,
                  "Actual Startup Time": 3.301,
                  "Actual Total Time": 94.157,
                  "Actual Rows": 196706,
                  "Actual Loops": 4,
                  "Filter": "(keyword_id > 23931)",
                  "Rows Removed by Filter": 934276
                }
              ]
            }
          ]
        }
      ]
    },
    "Planning Time": 0.174,
    "Triggers": [],
    "Execution Time": 117.725
  }
]