[
  {
    "Plan": {
      "Node Type": "Aggregate",
      "Strategy": "Plain",
      "Partial Mode": "Finalize",
      "Parallel Aware": false,
      "Startup Cost": 138601.16,
      "Total Cost": 138601.17,
      "Plan Rows": 1,
      "Plan Width": 8,
      "Actual Startup Time": 987.68,
      "Actual Total Time": 1008.037,
      "Actual Rows": 1,
      "Actual Loops": 1,
      "Plans": [
        {
          "Node Type": "Gather",
          "Parent Relationship": "Outer",
          "Parallel Aware": false,
          "Startup Cost": 138600.84,
          "Total Cost": 138601.15,
          "Plan Rows": 3,
          "Plan Width": 8,
          "Actual Startup Time": 980.835,
          "Actual Total Time": 1008.029,
          "Actual Rows": 4,
          "Actual Loops": 1,
          "Workers Planned": 3,
          "Workers Launched": 3,
          "Single Copy": false,
          "Plans": [
            {
              "Node Type": "Aggregate",
              "Strategy": "Plain",
              "Partial Mode": "Partial",
              "Parent Relationship": "Outer",
              "Parallel Aware": false,
              "Startup Cost": 137600.84,
              "Total Cost": 137600.85,
              "Plan Rows": 1,
              "Plan Width": 8,
              "Actual Startup Time": 967.392,
              "Actual Total Time": 967.4,
              "Actual Rows": 1,
              "Actual Loops": 4,
              "Plans": [
                {
                  "Node Type": "Hash Join",
                  "Parent Relationship": "Outer",
                  "Parallel Aware": true,
                  "Join Type": "Inner",
                  "Startup Cost": 88100.68,
                  "Total Cost": 135426.33,
                  "Plan Rows": 869807,
                  "Plan Width": 0,
                  "Actual Startup Time": 630.265,
                  "Actual Total Time": 919.186,
                  "Actual Rows": 1134518,
                  "Actual Loops": 4,
                  "Inner Unique": false,
                  "Hash Cond": "(mk.movie_id = t.id)",
                  "Plans": [
                    {
                      "Node Type": "Seq Scan",
                      "Parent Relationship": "Outer",
                      "Parallel Aware": true,
                      "Relation Name": "movie_keyword",
                      "Alias": "mk",
                      "Startup Cost": 0.0,
                      "Total Cost": 39047.32,
                      "Plan Rows": 1459332,
                      "Plan Width": 4,
                      "Actual Startup Time": 0.028,
                      "Actual Total Time": 89.539,
                      "Actual Rows": 1130982,
                      "Actual Loops": 4
                    },
                    {
                      "Node Type": "Hash",
                      "Parent Relationship": "Inner",
                      "Parallel Aware": true,
                      "Startup Cost": 82024.3,
                      "Total Cost": 82024.3,
                      "Plan Rows": 486110,
                      "Plan Width": 8,
                      "Actual Startup Time": 622.361,
                      "Actual Total Time": 622.368,
                      "Actual Rows": 297336,
                      "Actual Loops": 4,
                      "Hash Buckets": 2097152,
                      "Original Hash Buckets": 2097152,
                      "Hash Batches": 1,
                      "Original Hash Batches": 1,
                      "Peak Memory Usage": 62976,
                      "Plans": [
                        {
                          "Node Type": "Hash Join",
                          "Parent Relationship": "Outer",
                          "Parallel Aware": true,
                          "Join Type": "Inner",
                          "Startup Cost": 50829.2,
                          "Total Cost": 82024.3,
                          "Plan Rows": 486110,
                          "Plan Width": 8,
                          "Actual Startup Time": 274.2,
                          "Actual Total Time": 523.202,
                          "Actual Rows": 297336,
                          "Actual Loops": 4,
                          "Inner Unique": true,
                          "Hash Cond": "(mc.movie_id = t.id)",
                          "Plans": [
                            {
                              "Node Type": "Seq Scan",
                              "Parent Relationship": "Outer",
                              "Parallel Aware": true,
                              "Relation Name": "movie_companies",
                              "Alias": "mc",
                              "Startup Cost": 0.0,
                              "Total Cost": 29310.68,
                              "Plan Rows": 717876,
                              "Plan Width": 4,
                              "Actual Startup Time": 0.018,
                              "Actual Total Time": 77.908,
                              "Actual Rows": 554720,
                              "Actual Loops": 4,
                              "Filter": "(company_id < 83238)",
                              "Rows Removed by Filter": 97562
                            },
                            {
                              "Node Type": "Hash",
                              "Parent Relationship": "Inner",
                              "Parallel Aware": true,
                              "Startup Cost": 45479.1,
                              "Total Cost": 45479.1,
                              "Plan Rows": 428008,
                              "Plan Width": 4,
                              "Actual Startup Time": 268.949,
                              "Actual Total Time": 268.953,
                              "Actual Rows": 449922,
                              "Actual Loops": 4,
                              "Hash Buckets": 2097152,
                              "Original Hash Buckets": 2097152,
                              "Hash Batches": 1,
                              "Original Hash Batches": 1,
                              "Peak Memory Usage": 86848,
                              "Plans": [
                                {
                                  "Node Type": "Seq Scan",
                                  "Parent Relationship": "Outer",
                                  "Parallel Aware": true,
                                  "Relation Name": "title",
                                  "Alias": "t",
                                  "Startup Cost": 0.0,
                                  "Total Cost": 45479.1,
                                  "Plan Rows": 428008,
                                  "Plan Width": 4,
                                  "Actual Startup Time": 0.046,
                                  "Actual Total Time": 112.501,
                                  "Actual Rows": 449922,
                                  "Actual Loops": 4,
                                  "Filter": "((kind_id > 1) AND (production_year > 1938))",
                                  "Rows Removed by Filter": 182156
                                }
                              ]
                            }
                          ]
                        }
                      ]
                    }
                  ]
                }
              ]
            }
          ]
        }
      ]
    },
    "Planning Time": 1.429,
    "Triggers": [],
    "Execution Time": 1008.121
  }
]