[
    {
        "Bao": {
            "Bao prediction": "NaN",
            "Bao recommended hint": "(no hint)"
        }
    },
    {
        "Plan": {
            "Node Type": "Aggregate",
            "Strategy": "Plain",
            "Partial Mode": "Finalize",
            "Parallel Aware": false,
            "Startup Cost": 31141.31,
            "Total Cost": 31141.32,
            "Plan Rows": 1,
            "Plan Width": 8,
            "Actual Startup Time": 91.383,
            "Actual Total Time": 96.384,
            "Actual Rows": 1,
            "Actual Loops": 1,
            "Output": [
                "count(*)"
            ],
            "Plans": [
                {
                    "Node Type": "Gather",
                    "Parent Relationship": "Outer",
                    "Parallel Aware": false,
                    "Startup Cost": 31140.99,
                    "Total Cost": 31141.3,
                    "Plan Rows": 3,
                    "Plan Width": 8,
                    "Actual Startup Time": 91.082,
                    "Actual Total Time": 96.376,
                    "Actual Rows": 4,
                    "Actual Loops": 1,
                    "Output": [
                        "(PARTIAL count(*))"
                    ],
                    "Workers Planned": 3,
                    "Workers Launched": 3,
                    "Single Copy": false,
                    "Plans": [
                        {
                            "Node Type": "Aggregate",
                            "Strategy": "Plain",
                            "Partial Mode": "Partial",
                            "Parent Relationship": "Outer",
                            "Parallel Aware": false,
                            "Startup Cost": 30140.99,
                            "Total Cost": 30141.0,
                            "Plan Rows": 1,
                            "Plan Width": 8,
                            "Actual Startup Time": 82.171,
                            "Actual Total Time": 82.172,
                            "Actual Rows": 1,
                            "Actual Loops": 4,
                            "Output": [
                                "PARTIAL count(*)"
                            ],
                            "Workers": [
                                {
                                    "Worker Number": 0,
                                    "Actual Startup Time": 79.205,
                                    "Actual Total Time": 79.206,
                                    "Actual Rows": 1,
                                    "Actual Loops": 1
                                },
                                {
                                    "Worker Number": 1,
                                    "Actual Startup Time": 79.388,
                                    "Actual Total Time": 79.39,
                                    "Actual Rows": 1,
                                    "Actual Loops": 1
                                },
                                {
                                    "Worker Number": 2,
                                    "Actual Startup Time": 79.406,
                                    "Actual Total Time": 79.407,
                                    "Actual Rows": 1,
                                    "Actual Loops": 1
                                }
                            ],
                            "Plans": [
                                {
                                    "Node Type": "Bitmap Heap Scan",
                                    "Parent Relationship": "Outer",
                                    "Parallel Aware": true,
                                    "Relation Name": "movie_companies",
                                    "Schema": "public",
                                    "Alias": "mc",
                                    "Startup Cost": 9127.26,
                                    "Total Cost": 29966.84,
                                    "Plan Rows": 69663,
                                    "Plan Width": 0,
                                    "Actual Startup Time": 66.135,
                                    "Actual Total Time": 80.837,
                                    "Actual Rows": 24707,
                                    "Actual Loops": 4,
                                    "Recheck Cond": "(mc.company_id < 302)",
                                    "Rows Removed by Index Recheck": 0,
                                    "Filter": "(mc.company_type_id = 2)",
                                    "Rows Removed by Filter": 80802,
                                    "Exact Heap Blocks": 10222,
                                    "Lossy Heap Blocks": 0,
                                    "Workers": [
                                        {
                                            "Worker Number": 0,
                                            "Actual Startup Time": 63.168,
                                            "Actual Total Time": 77.985,
                                            "Actual Rows": 15909,
                                            "Actual Loops": 1
                                        },
                                        {
                                            "Worker Number": 1,
                                            "Actual Startup Time": 63.361,
                                            "Actual Total Time": 78.145,
                                            "Actual Rows": 20577,
                                            "Actual Loops": 1
                                        },
                                        {
                                            "Worker Number": 2,
                                            "Actual Startup Time": 63.368,
                                            "Actual Total Time": 78.203,
                                            "Actual Rows": 21113,
                                            "Actual Loops": 1
                                        }
                                    ],
                                    "Plans": [
                                        {
                                            "Node Type": "Bitmap Index Scan",
                                            "Parent Relationship": "Outer",
                                            "Parallel Aware": false,
                                            "Index Name": "company_id_movie_companies",
                                            "Startup Cost": 0.0,
                                            "Total Cost": 9073.27,
                                            "Plan Rows": 423579,
                                            "Plan Width": 0,
                                            "Actual Startup Time": 33.651,
                                            "Actual Total Time": 33.651,
                                            "Actual Rows": 422035,
                                            "Actual Loops": 1,
                                            "Index Cond": "(mc.company_id < 302)"
                                        }
                                    ]
                                }
                            ]
                        }
                    ]
                }
            ]
        },
        "Planning Time": 190.607,
        "Triggers": [],
        "Execution Time": 96.466
    }
]