{
  "Plan": {
    "Node Type": "Aggregate",
    "Strategy": "Plain",
    "Partial Mode": "Finalize",
    "Parallel Aware": false,
    "Startup Cost": 111854.2,
    "Total Cost": 111854.21,
    "Plan Rows": 1,
    "Plan Width": 8,
    "Actual Startup Time": 381.201,
    "Actual Total Time": 392.261,
    "Actual Rows": 1,
    "Actual Loops": 1,
    "Plans": [
      {
        "Node Type": "Gather",
        "Parent Relationship": "Outer",
        "Parallel Aware": false,
        "Startup Cost": 111854.09,
        "Total Cost": 111854.2,
        "Plan Rows": 1,
        "Plan Width": 8,
        "Actual Startup Time": 380.129,
        "Actual Total Time": 392.253,
        "Actual Rows": 2,
        "Actual Loops": 1,
        "Workers Planned": 1,
        "Workers Launched": 1,
        "Single Copy": false,
        "Plans": [
          {
            "Node Type": "Aggregate",
            "Strategy": "Plain",
            "Partial Mode": "Partial",
            "Parent Relationship": "Outer",
            "Parallel Aware": false,
            "Startup Cost": 110854.09,
            "Total Cost": 110854.1,
            "Plan Rows": 1,
            "Plan Width": 8,
            "Actual Startup Time": 373.856,
            "Actual Total Time": 373.863,
            "Actual Rows": 1,
            "Actual Loops": 2,
            "Plans": [
              {
                "Node Type": "Hash Join",
                "Parent Relationship": "Outer",
                "Parallel Aware": true,
                "Join Type": "Inner",
                "Startup Cost": 91620.3,
                "Total Cost": 110813.31,
                "Plan Rows": 16313,
                "Plan Width": 0,
                "Actual Startup Time": 301.697,
                "Actual Total Time": 369.808,
                "Actual Rows": 103856,
                "Actual Loops": 2,
                "Inner Unique": false,
                "Hash Cond": "(mi_idx.movie_id = t.id)",
                "Plans": [
                  {
                    "Node Type": "Seq Scan",
                    "Parent Relationship": "Outer",
                    "Parallel Aware": true,
                    "Relation Name": "movie_info_idx",
                    "Alias": "mi_idx",
                    "Startup Cost": 0.0,
                    "Total Cost": 16052.85,
                    "Plan Rows": 811785,
                    "Plan Width": 4,
                    "Actual Startup Time": 0.022,
                    "Actual Total Time": 45.807,
                    "Actual Rows": 690018,
                    "Actual Loops": 2
                  },
                  {
                    "Node Type": "Hash",
                    "Parent Relationship": "Inner",
                    "Parallel Aware": true,
                    "Startup Cost": 91246.73,
                    "Total Cost": 91246.73,
                    "Plan Rows": 29886,
                    "Plan Width": 8,
                    "Actual Startup Time": 260.941,
                    "Actual Total Time": 260.946,
                    "Actual Rows": 40024,
                    "Actual Loops": 2,
                    "Hash Buckets": 131072,
                    "Original Hash Buckets": 65536,
                    "Hash Batches": 1,
                    "Original Hash Batches": 1,
                    "Peak Memory Usage": 4704,
                    "Plans": [
                      {
                        "Node Type": "Hash Join",
                        "Parent Relationship": "Outer",
                        "Parallel Aware": true,
                        "Join Type": "Inner",
                        "Startup Cost": 63764.68,
                        "Total Cost": 91246.73,
                        "Plan Rows": 29886,
                        "Plan Width": 8,
                        "Actual Startup Time": 179.176,
                        "Actual Total Time": 250.821,
                        "Actual Rows": 40024,
                        "Actual Loops": 2,
                        "Inner Unique": true,
                        "Hash Cond": "(mk.movie_id = t.id)",
                        "Plans": [
                          {
                            "Node Type": "Bitmap Heap Scan",
                            "Parent Relationship": "Outer",
                            "Parallel Aware": true,
                            "Relation Name": "movie_keyword",
                            "Alias": "mk",
                            "Startup Cost": 7222.08,
                            "Total Cost": 34178.6,
                            "Plan Rows": 200201,
                            "Plan Width": 4,
                            "Actual Startup Time": 21.941,
                            "Actual Total Time": 80.546,
                            "Actual Rows": 179601,
                            "Actual Loops": 2,
                            "Recheck Cond": "(keyword_id < 323)",
                            "Rows Removed by Index Recheck": 0,
                            "Exact Heap Blocks": 14140,
                            "Lossy Heap Blocks": 0,
                            "Plans": [
                              {
                                "Node Type": "Bitmap Index Scan",
                                "Parent Relationship": "Outer",
                                "Parallel Aware": false,
                                "Index Name": "keyword_id_movie_keyword",
                                "Startup Cost": 0.0,
                                "Total Cost": 7137.0,
                                "Plan Rows": 340342,
                                "Plan Width": 0,
                                "Actual Startup Time": 18.357,
                                "Actual Total Time": 18.357,
                                "Actual Rows": 359202,
                                "Actual Loops": 1,
                                "Index Cond": "(keyword_id < 323)"
                              }
                            ]
                          },
                          {
                            "Node Type": "Hash",
                            "Parent Relationship": "Inner",
                            "Parallel Aware": true,
                            "Startup Cost": 53767.46,
                            "Total Cost": 53767.46,
                            "Plan Rows": 222011,
                            "Plan Width": 4,
                            "Actual Startup Time": 130.903,
                            "Actual Total Time": 130.904,
                            "Actual Rows": 141058,
                            "Actual Loops": 2,
                            "Hash Buckets": 524288,
                            "Original Hash Buckets": 524288,
                            "Hash Batches": 1,
                            "Original Hash Batches": 1,
                            "Peak Memory Usage": 15168,
                            "Plans": [
                              {
                                "Node Type": "Bitmap Heap Scan",
                                "Parent Relationship": "Outer",
                                "Parallel Aware": true,
                                "Relation Name": "title",
                                "Alias": "t",
                                "Startup Cost": 11917.2,
                                "Total Cost": 53767.46,
                                "Plan Rows": 222011,
                                "Plan Width": 4,
                                "Actual Startup Time": 35.791,
                                "Actual Total Time": 98.611,
                                "Actual Rows": 141058,
                                "Actual Loops": 2,
                                "Recheck Cond": "(kind_id < 2)",
                                "Rows Removed by Index Recheck": 0,
                                "Filter": "(production_year > 1999)",
                                "Rows Removed by Filter": 190355,
                                "Exact Heap Blocks": 8221,
                                "Lossy Heap Blocks": 0,
                                "Plans": [
                                  {
                                    "Node Type": "Bitmap Index Scan",
                                    "Parent Relationship": "Outer",
                                    "Parallel Aware": false,
                                    "Index Name": "kind_id_title",
                                    "Startup Cost": 0.0,
                                    "Total Cost": 11822.85,
                                    "Plan Rows": 663256,
                                    "Plan Width": 0,
                                    "Actual Startup Time": 33.963,
                                    "Actual Total Time": 33.963,
                                    "Actual Rows": 662825,
                                    "Actual Loops": 1,
                                    "Index Cond": "(kind_id < 2)"
                                  }
                                ]
                              }
                            ]
                          }
                        ]
                      }
                    ]
                  }
                ]
              }
            ]
          }
        ]
      }
    ]
  },
  "Planning Time": 1.107,
  "Triggers": [],
  "Execution Time": 392.376
}