{
  "Plan": {
    "Node Type": "Aggregate",
    "Strategy": "Plain",
    "Partial Mode": "Finalize",
    "Parallel Aware": false,
    "Startup Cost": 90530.01,
    "Total Cost": 90530.02,
    "Plan Rows": 1,
    "Plan Width": 8,
    "Actual Startup Time": 668.544,
    "Actual Total Time": 755.637,
    "Actual Rows": 1,
    "Actual Loops": 1,
    "Plans": [
      {
        "Node Type": "Gather",
        "Parent Relationship": "Outer",
        "Parallel Aware": false,
        "Startup Cost": 90529.9,
        "Total Cost": 90530.01,
        "Plan Rows": 1,
        "Plan Width": 8,
        "Actual Startup Time": 668.471,
        "Actual Total Time": 755.625,
        "Actual Rows": 2,
        "Actual Loops": 1,
        "Workers Planned": 1,
        "Workers Launched": 1,
        "Single Copy": false,
        "Plans": [
          {
            "Node Type": "Aggregate",
            "Strategy": "Plain",
            "Partial Mode": "Partial",
            "Parent Relationship": "Outer",
            "Parallel Aware": false,
            "Startup Cost": 89529.9,
            "Total Cost": 89529.91,
            "Plan Rows": 1,
            "Plan Width": 8,
            "Actual Startup Time": 661.546,
            "Actual Total Time": 661.549,
            "Actual Rows": 1,
            "Actual Loops": 2,
            "Plans": [
              {
                "Node Type": "Nested Loop",
                "Parent Relationship": "Outer",
                "Parallel Aware": false,
                "Join Type": "Inner",
                "Startup Cost": 296.69,
                "Total Cost": 89238.26,
                "Plan Rows": 116655,
                "Plan Width": 0,
                "Actual Startup Time": 3.883,
                "Actual Total Time": 629.759,
                "Actual Rows": 404704,
                "Actual Loops": 2,
                "Inner Unique": false,
                "Plans": [
                  {
                    "Node Type": "Nested Loop",
                    "Parent Relationship": "Outer",
                    "Parallel Aware": false,
                    "Join Type": "Inner",
                    "Startup Cost": 296.12,
                    "Total Cost": 71424.97,
                    "Plan Rows": 8141,
                    "Plan Width": 8,
                    "Actual Startup Time": 3.592,
                    "Actual Total Time": 40.382,
                    "Actual Rows": 6005,
                    "Actual Loops": 2,
                    "Inner Unique": true,
                    "Plans": [
                      {
                        "Node Type": "Bitmap Heap Scan",
                        "Parent Relationship": "Outer",
                        "Parallel Aware": true,
                        "Relation Name": "movie_keyword",
                        "Alias": "mk",
                        "Startup Cost": 295.69,
                        "Total Cost": 22053.45,
                        "Plan Rows": 8141,
                        "Plan Width": 4,
                        "Actual Startup Time": 3.432,
                        "Actual Total Time": 13.21,
                        "Actual Rows": 6005,
                        "Actual Loops": 2,
                        "Recheck Cond": "(keyword_id > 123462)",
                        "Rows Removed by Index Recheck": 0,
                        "Exact Heap Blocks": 2449,
                        "Lossy Heap Blocks": 0,
                        "Plans": [
                          {
                            "Node Type": "Bitmap Index Scan",
                            "Parent Relationship": "Outer",
                            "Parallel Aware": false,
                            "Index Name": "keyword_id_movie_keyword",
                            "Startup Cost": 0.0,
                            "Total Cost": 292.23,
                            "Plan Rows": 13840,
                            "Plan Width": 0,
                            "Actual Startup Time": 4.905,
                            "Actual Total Time": 4.906,
                            "Actual Rows": 12010,
                            "Actual Loops": 1,
                            "Index Cond": "(keyword_id > 123462)"
                          }
                        ]
                      },
                      {
                        "Node Type": "Index Only Scan",
                        "Parent Relationship": "Inner",
                        "Parallel Aware": false,
                        "Scan Direction": "Forward",
                        "Index Name": "title_pkey",
                        "Relation Name": "title",
                        "Alias": "t",
                        "Startup Cost": 0.43,
                        "Total Cost": 6.06,
                        "Plan Rows": 1,
                        "Plan Width": 4,
                        "Actual Startup Time": 0.004,
                        "Actual Total Time": 0.004,
                        "Actual Rows": 1,
                        "Actual Loops": 12010,
                        "Index Cond": "(id = mk.movie_id)",
                        "Rows Removed by Index Recheck": 0,
                        "Heap Fetches": 12010
                      }
                    ]
                  },
                  {
                    "Node Type": "Index Only Scan",
                    "Parent Relationship": "Inner",
                    "Parallel Aware": false,
                    "Scan Direction": "Forward",
                    "Index Name": "movie_id_cast_info",
                    "Relation Name": "cast_info",
                    "Alias": "ci",
                    "Startup Cost": 0.56,
                    "Total Cost": 1.82,
                    "Plan Rows": 37,
                    "Plan Width": 4,
                    "Actual Startup Time": 0.009,
                    "Actual Total Time": 0.09,
                    "Actual Rows": 67,
                    "Actual Loops": 12010,
                    "Index Cond": "(movie_id = t.id)",
                    "Rows Removed by Index Recheck": 0,
                    "Heap Fetches": 809407
                  }
                ]
              }
            ]
          }
        ]
      }
    ]
  },
  "Planning Time": 0.947,
  "Triggers": [],
  "Execution Time": 755.769
}