[
  {
    "Plan": {
      "Node Type": "Aggregate",
      "Strategy": "Plain",
      "Partial Mode": "Finalize",
      "Parallel Aware": false,
      "Startup Cost": 340784.9,
      "Total Cost": 340784.91,
      "Plan Rows": 1,
      "Plan Width": 8,
      "Actual Startup Time": 836.547,
      "Actual Total Time": 895.62,
      "Actual Rows": 1,
      "Actual Loops": 1,
      "Plans": [
        {
          "Node Type": "Gather",
          "Parent Relationship": "Outer",
          "Parallel Aware": false,
          "Startup Cost": 340784.28,
          "Total Cost": 340784.89,
          "Plan Rows": 6,
          "Plan Width": 8,
          "Actual Startup Time": 836.421,
          "Actual Total Time": 895.61,
          "Actual Rows": 7,
          "Actual Loops": 1,
          "Workers Planned": 6,
          "Workers Launched": 6,
          "Single Copy": false,
          "Plans": [
            {
              "Node Type": "Aggregate",
              "Strategy": "Plain",
              "Partial Mode": "Partial",
              "Parent Relationship": "Outer",
              "Parallel Aware": false,
              "Startup Cost": 339784.28,
              "Total Cost": 339784.29,
              "Plan Rows": 1,
              "Plan Width": 8,
              "Actual Startup Time": 828.714,
              "Actual Total Time": 828.715,
              "Actual Rows": 1,
              "Actual Loops": 7,
              "Plans": [
                {
                  "Node Type": "Seq Scan",
                  "Parent Relationship": "Outer",
                  "Parallel Aware": true,
                  "Relation Name": "cast_info",
                  "Alias": "ci",
                  "Startup Cost": 0.0,
                  "Total Cost": 328162.03,
                  "Plan Rows": 4648900,
                  "Plan Width": 0,
                  "Actual Startup Time": 0.043,
                  "Actual Total Time": 647.658,
                  "Actual Rows": 4000409,
                  "Actual Loops": 7,
                  "Filter": "(person_id < 2858204)",
                  "Rows Removed by Filter": 1177354
                }
              ]
            }
          ]
        }
      ]
    },
    "Planning Time": 0.187,
    "Triggers": [],
    "Execution Time": 895.683
  }
]