{
  "Plan": {
    "Node Type": "Aggregate",
    "Strategy": "Plain",
    "Partial Mode": "Finalize",
    "Parallel Aware": false,
    "Startup Cost": 1159155.09,
    "Total Cost": 1159155.1,
    "Plan Rows": 1,
    "Plan Width": 8,
    "Actual Startup Time": 22681.383,
    "Actual Total Time": 22781.668,
    "Actual Rows": 1,
    "Actual Loops": 1,
    "Plans": [
      {
        "Node Type": "Gather",
        "Parent Relationship": "Outer",
        "Parallel Aware": false,
        "Startup Cost": 1159154.97,
        "Total Cost": 1159155.08,
        "Plan Rows": 1,
        "Plan Width": 8,
        "Actual Startup Time": 22670.982,
        "Actual Total Time": 22781.659,
        "Actual Rows": 2,
        "Actual Loops": 1,
        "Workers Planned": 1,
        "Workers Launched": 1,
        "Single Copy": false,
        "Plans": [
          {
            "Node Type": "Aggregate",
            "Strategy": "Plain",
            "Partial Mode": "Partial",
            "Parent Relationship": "Outer",
            "Parallel Aware": false,
            "Startup Cost": 1158154.97,
            "Total Cost": 1158154.98,
            "Plan Rows": 1,
            "Plan Width": 8,
            "Actual Startup Time": 22650.971,
            "Actual Total Time": 22650.976,
            "Actual Rows": 1,
            "Actual Loops": 2,
            "Plans": [
              {
                "Node Type": "Hash Join",
                "Parent Relationship": "Outer",
                "Parallel Aware": true,
                "Join Type": "Inner",
                "Startup Cost": 627293.95,
                "Total Cost": 1106498.28,
                "Plan Rows": 20662679,
                "Plan Width": 0,
                "Actual Startup Time": 6470.842,
                "Actual Total Time": 19248.405,
                "Actual Rows": 88541380,
                "Actual Loops": 2,
                "Inner Unique": false,
                "Hash Cond": "(mi.movie_id = t.id)",
                "Plans": [
                  {
                    "Node Type": "Seq Scan",
                    "Parent Relationship": "Outer",
                    "Parallel Aware": true,
                    "Relation Name": "movie_info",
                    "Alias": "mi",
                    "Startup Cost": 0.0,
                    "Total Cost": 248955.74,
                    "Plan Rows": 8696274,
                    "Plan Width": 4,
                    "Actual Startup Time": 0.016,
                    "Actual Total Time": 673.999,
                    "Actual Rows": 7417860,
                    "Actual Loops": 2
                  },
                  {
                    "Node Type": "Hash",
                    "Parent Relationship": "Inner",
                    "Parallel Aware": true,
                    "Startup Cost": 583122.47,
                    "Total Cost": 583122.47,
                    "Plan Rows": 3533718,
                    "Plan Width": 8,
                    "Actual Startup Time": 6434.05,
                    "Actual Total Time": 6434.054,
                    "Actual Rows": 3643033,
                    "Actual Loops": 2,
                    "Hash Buckets": 8388608,
                    "Original Hash Buckets": 8388608,
                    "Hash Batches": 1,
                    "Original Hash Batches": 1,
                    "Peak Memory Usage": 350592,
                    "Plans": [
                      {
                        "Node Type": "Hash Join",
                        "Parent Relationship": "Outer",
                        "Parallel Aware": true,
                        "Join Type": "Inner",
                        "Startup Cost": 61389.12,
                        "Total Cost": 583122.47,
                        "Plan Rows": 3533718,
                        "Plan Width": 8,
                        "Actual Startup Time": 202.43,
                        "Actual Total Time": 5267.22,
                        "Actual Rows": 3643033,
                        "Actual Loops": 2,
                        "Inner Unique": true,
                        "Hash Cond": "(ci.movie_id = t.id)",
                        "Plans": [
                          {
                            "Node Type": "Seq Scan",
                            "Parent Relationship": "Outer",
                            "Parallel Aware": true,
                            "Relation Name": "cast_info",
                            "Alias": "ci",
                            "Startup Cost": 0.0,
                            "Total Cost": 465792.95,
                            "Plan Rows": 21310595,
                            "Plan Width": 4,
                            "Actual Startup Time": 0.012,
                            "Actual Total Time": 1353.951,
                            "Actual Rows": 18122172,
                            "Actual Loops": 2
                          },
                          {
                            "Node Type": "Hash",
                            "Parent Relationship": "Inner",
                            "Parallel Aware": true,
                            "Startup Cost": 58306.47,
                            "Total Cost": 58306.47,
                            "Plan Rows": 246612,
                            "Plan Width": 4,
                            "Actual Startup Time": 200.943,
                            "Actual Total Time": 200.944,
                            "Actual Rows": 258984,
                            "Actual Loops": 2,
                            "Hash Buckets": 524288,
                            "Original Hash Buckets": 524288,
                            "Hash Batches": 1,
                            "Original Hash Batches": 1,
                            "Peak Memory Usage": 24384,
                            "Plans": [
                              {
                                "Node Type": "Seq Scan",
                                "Parent Relationship": "Outer",
                                "Parallel Aware": true,
                                "Relation Name": "title",
                                "Alias": "t",
                                "Startup Cost": 0.0,
                                "Total Cost": 58306.47,
                                "Plan Rows": 246612,
                                "Plan Width": 4,
                                "Actual Startup Time": 0.042,
                                "Actual Total Time": 146.508,
                                "Actual Rows": 258984,
                                "Actual Loops": 2,
                                "Filter": "((kind_id < 7) AND (production_year < 2001))",
                                "Rows Removed by Filter": 1005172
                              }
                            ]
                          }
                        ]
                      }
                    ]
                  }
                ]
              }
            ]
          }
        ]
      }
    ]
  },
  "Planning Time": 1.019,
  "Triggers": [],
  "Execution Time": 22781.773
}