[
    {
        "Bao": {
            "Bao prediction": "NaN",
            "Bao recommended hint": "(no hint)"
        }
    },
    {
        "Plan": {
            "Node Type": "Aggregate",
            "Strategy": "Plain",
            "Partial Mode": "Simple",
            "Parallel Aware": false,
            "Startup Cost": 21424.88,
            "Total Cost": 21424.89,
            "Plan Rows": 1,
            "Plan Width": 8,
            "Actual Startup Time": 20.52,
            "Actual Total Time": 20.521,
            "Actual Rows": 1,
            "Actual Loops": 1,
            "Output": [
                "count(*)"
            ],
            "Plans": [
                {
                    "Node Type": "Bitmap Heap Scan",
                    "Parent Relationship": "Outer",
                    "Parallel Aware": false,
                    "Relation Name": "movie_companies",
                    "Schema": "public",
                    "Alias": "mc",
                    "Startup Cost": 1557.22,
                    "Total Cost": 21245.27,
                    "Plan Rows": 71844,
                    "Plan Width": 0,
                    "Actual Startup Time": 4.173,
                    "Actual Total Time": 17.267,
                    "Actual Rows": 73563,
                    "Actual Loops": 1,
                    "Recheck Cond": "(mc.company_id > 174240)",
                    "Rows Removed by Index Recheck": 0,
                    "Exact Heap Blocks": 2538,
                    "Lossy Heap Blocks": 0,
                    "Plans": [
                        {
                            "Node Type": "Bitmap Index Scan",
                            "Parent Relationship": "Outer",
                            "Parallel Aware": false,
                            "Index Name": "company_id_movie_companies",
                            "Startup Cost": 0.0,
                            "Total Cost": 1539.26,
                            "Plan Rows": 71844,
                            "Plan Width": 0,
                            "Actual Startup Time": 3.827,
                            "Actual Total Time": 3.827,
                            "Actual Rows": 73563,
                            "Actual Loops": 1,
                            "Index Cond": "(mc.company_id > 174240)"
                        }
                    ]
                }
            ]
        },
        "Planning Time": 182.518,
        "Triggers": [],
        "Execution Time": 20.611
    }
]