{
  "Plan": {
    "Node Type": "Aggregate",
    "Strategy": "Plain",
    "Partial Mode": "Finalize",
    "Parallel Aware": false,
    "Startup Cost": 121566.31,
    "Total Cost": 121566.32,
    "Plan Rows": 1,
    "Plan Width": 8,
    "Actual Startup Time": 507.032,
    "Actual Total Time": 520.398,
    "Actual Rows": 1,
    "Actual Loops": 1,
    "Plans": [
      {
        "Node Type": "Gather",
        "Parent Relationship": "Outer",
        "Parallel Aware": false,
        "Startup Cost": 121566.2,
        "Total Cost": 121566.31,
        "Plan Rows": 1,
        "Plan Width": 8,
        "Actual Startup Time": 506.049,
        "Actual Total Time": 520.39,
        "Actual Rows": 2,
        "Actual Loops": 1,
        "Workers Planned": 1,
        "Workers Launched": 1,
        "Single Copy": false,
        "Plans": [
          {
            "Node Type": "Aggregate",
            "Strategy": "Plain",
            "Partial Mode": "Partial",
            "Parent Relationship": "Outer",
            "Parallel Aware": false,
            "Startup Cost": 120566.2,
            "Total Cost": 120566.21,
            "Plan Rows": 1,
            "Plan Width": 8,
            "Actual Startup Time": 500.088,
            "Actual Total Time": 500.249,
            "Actual Rows": 1,
            "Actual Loops": 2,
            "Plans": [
              {
                "Node Type": "Hash Join",
                "Parent Relationship": "Outer",
                "Parallel Aware": true,
                "Join Type": "Inner",
                "Startup Cost": 75993.95,
                "Total Cost": 120467.14,
                "Plan Rows": 39626,
                "Plan Width": 0,
                "Actual Startup Time": 369.018,
                "Actual Total Time": 496.419,
                "Actual Rows": 89060,
                "Actual Loops": 2,
                "Inner Unique": false,
                "Hash Cond": "(mc.movie_id = t.id)",
                "Plans": [
                  {
                    "Node Type": "Seq Scan",
                    "Parent Relationship": "Outer",
                    "Parallel Aware": true,
                    "Relation Name": "movie_companies",
                    "Alias": "mc",
                    "Startup Cost": 0.0,
                    "Total Cost": 41811.73,
                    "Plan Rows": 647562,
                    "Plan Width": 4,
                    "Actual Startup Time": 48.22,
                    "Actual Total Time": 113.074,
                    "Actual Rows": 615326,
                    "Actual Loops": 2,
                    "Filter": "((company_id > 319) AND (company_type_id = 2))",
                    "Rows Removed by Filter": 689238
                  },
                  {
                    "Node Type": "Hash",
                    "Parent Relationship": "Inner",
                    "Parallel Aware": true,
                    "Startup Cost": 74856.34,
                    "Total Cost": 74856.34,
                    "Plan Rows": 91009,
                    "Plan Width": 8,
                    "Actual Startup Time": 317.137,
                    "Actual Total Time": 317.296,
                    "Actual Rows": 85076,
                    "Actual Loops": 2,
                    "Hash Buckets": 262144,
                    "Original Hash Buckets": 262144,
                    "Hash Batches": 1,
                    "Original Hash Batches": 1,
                    "Peak Memory Usage": 8736,
                    "Plans": [
                      {
                        "Node Type": "Hash Join",
                        "Parent Relationship": "Outer",
                        "Parallel Aware": true,
                        "Join Type": "Inner",
                        "Startup Cost": 56672.55,
                        "Total Cost": 74856.34,
                        "Plan Rows": 91009,
                        "Plan Width": 8,
                        "Actual Startup Time": 178.04,
                        "Actual Total Time": 300.545,
                        "Actual Rows": 85076,
                        "Actual Loops": 2,
                        "Inner Unique": true,
                        "Hash Cond": "(mi_idx.movie_id = t.id)",
                        "Plans": [
                          {
                            "Node Type": "Seq Scan",
                            "Parent Relationship": "Outer",
                            "Parallel Aware": true,
                            "Relation Name": "movie_info_idx",
                            "Alias": "mi_idx",
                            "Startup Cost": 0.0,
                            "Total Cost": 16052.85,
                            "Plan Rows": 811785,
                            "Plan Width": 4,
                            "Actual Startup Time": 0.018,
                            "Actual Total Time": 46.594,
                            "Actual Rows": 690018,
                            "Actual Loops": 2
                          },
                          {
                            "Node Type": "Hash",
                            "Parent Relationship": "Inner",
                            "Parallel Aware": true,
                            "Startup Cost": 54588.39,
                            "Total Cost": 54588.39,
                            "Plan Rows": 166733,
                            "Plan Width": 4,
                            "Actual Startup Time": 174.15,
                            "Actual Total Time": 174.151,
                            "Actual Rows": 148236,
                            "Actual Loops": 2,
                            "Hash Buckets": 524288,
                            "Original Hash Buckets": 524288,
                            "Hash Batches": 1,
                            "Original Hash Batches": 1,
                            "Peak Memory Usage": 15744,
                            "Plans": [
                              {
                                "Node Type": "Seq Scan",
                                "Parent Relationship": "Outer",
                                "Parallel Aware": true,
                                "Relation Name": "title",
                                "Alias": "t",
                                "Startup Cost": 0.0,
                                "Total Cost": 54588.39,
                                "Plan Rows": 166733,
                                "Plan Width": 4,
                                "Actual Startup Time": 0.031,
                                "Actual Total Time": 135.871,
                                "Actual Rows": 148236,
                                "Actual Loops": 2,
                                "Filter": "(production_year < 1965)",
                                "Rows Removed by Filter": 1115920
                              }
                            ]
                          }
                        ]
                      }
                    ]
                  }
                ]
              }
            ]
          }
        ]
      }
    ]
  },
  "Planning Time": 0.964,
  "Triggers": [],
  "Execution Time": 520.478
}