[
  {
    "Plan": {
      "Node Type": "Aggregate",
      "Strategy": "Plain",
      "Partial Mode": "Finalize",
      "Parallel Aware": false,
      "Startup Cost": 31177.4,
      "Total Cost": 31177.41,
      "Plan Rows": 1,
      "Plan Width": 8,
      "Actual Startup Time": 93.119,
      "Actual Total Time": 101.775,
      "Actual Rows": 1,
      "Actual Loops": 1,
      "Plans": [
        {
          "Node Type": "Gather",
          "Parent Relationship": "Outer",
          "Parallel Aware": false,
          "Startup Cost": 31177.08,
          "Total Cost": 31177.39,
          "Plan Rows": 3,
          "Plan Width": 8,
          "Actual Startup Time": 92.96,
          "Actual Total Time": 101.759,
          "Actual Rows": 4,
          "Actual Loops": 1,
          "Workers Planned": 3,
          "Workers Launched": 3,
          "Single Copy": false,
          "Plans": [
            {
              "Node Type": "Aggregate",
              "Strategy": "Plain",
              "Partial Mode": "Partial",
              "Parent Relationship": "Outer",
              "Parallel Aware": false,
              "Startup Cost": 30177.08,
              "Total Cost": 30177.09,
              "Plan Rows": 1,
              "Plan Width": 8,
              "Actual Startup Time": 88.085,
              "Actual Total Time": 88.086,
              "Actual Rows": 1,
              "Actual Loops": 4,
              "Plans": [
                {
                  "Node Type": "Seq Scan",
                  "Parent Relationship": "Outer",
                  "Parallel Aware": true,
                  "Relation Name": "movie_companies",
                  "Alias": "mc",
                  "Startup Cost": 0.0,
                  "Total Cost": 29310.68,
                  "Plan Rows": 346559,
                  "Plan Width": 0,
                  "Actual Startup Time": 0.023,
                  "Actual Total Time": 74.52,
                  "Actual Rows": 270113,
                  "Actual Loops": 4,
                  "Filter": "(company_id < 6926)",
                  "Rows Removed by Filter": 382169
                }
              ]
            }
          ]
        }
      ]
    },
    "Planning Time": 0.093,
    "Triggers": [],
    "Execution Time": 101.804
  }
]