[
    {
        "Bao": {
            "Bao prediction": "NaN",
            "Bao recommended hint": "(no hint)"
        }
    },
    {
        "Plan": {
            "Node Type": "Aggregate",
            "Strategy": "Plain",
            "Partial Mode": "Finalize",
            "Parallel Aware": false,
            "Startup Cost": 32427.98,
            "Total Cost": 32427.99,
            "Plan Rows": 1,
            "Plan Width": 8,
            "Actual Startup Time": 88.256,
            "Actual Total Time": 94.175,
            "Actual Rows": 1,
            "Actual Loops": 1,
            "Output": [
                "count(*)"
            ],
            "Plans": [
                {
                    "Node Type": "Gather",
                    "Parent Relationship": "Outer",
                    "Parallel Aware": false,
                    "Startup Cost": 32427.66,
                    "Total Cost": 32427.97,
                    "Plan Rows": 3,
                    "Plan Width": 8,
                    "Actual Startup Time": 87.986,
                    "Actual Total Time": 94.168,
                    "Actual Rows": 4,
                    "Actual Loops": 1,
                    "Output": [
                        "(PARTIAL count(*))"
                    ],
                    "Workers Planned": 3,
                    "Workers Launched": 3,
                    "Single Copy": false,
                    "Plans": [
                        {
                            "Node Type": "Aggregate",
                            "Strategy": "Plain",
                            "Partial Mode": "Partial",
                            "Parent Relationship": "Outer",
                            "Parallel Aware": false,
                            "Startup Cost": 31427.66,
                            "Total Cost": 31427.67,
                            "Plan Rows": 1,
                            "Plan Width": 8,
                            "Actual Startup Time": 79.582,
                            "Actual Total Time": 79.584,
                            "Actual Rows": 1,
                            "Actual Loops": 4,
                            "Output": [
                                "PARTIAL count(*)"
                            ],
                            "Workers": [
                                {
                                    "Worker Number": 0,
                                    "Actual Startup Time": 76.554,
                                    "Actual Total Time": 76.556,
                                    "Actual Rows": 1,
                                    "Actual Loops": 1
                                },
                                {
                                    "Worker Number": 1,
                                    "Actual Startup Time": 77.014,
                                    "Actual Total Time": 77.016,
                                    "Actual Rows": 1,
                                    "Actual Loops": 1
                                },
                                {
                                    "Worker Number": 2,
                                    "Actual Startup Time": 77.07,
                                    "Actual Total Time": 77.071,
                                    "Actual Rows": 1,
                                    "Actual Loops": 1
                                }
                            ],
                            "Plans": [
                                {
                                    "Node Type": "Bitmap Heap Scan",
                                    "Parent Relationship": "Outer",
                                    "Parallel Aware": true,
                                    "Relation Name": "movie_keyword",
                                    "Schema": "public",
                                    "Alias": "mk",
                                    "Startup Cost": 5678.63,
                                    "Total Cost": 31211.82,
                                    "Plan Rows": 86335,
                                    "Plan Width": 0,
                                    "Actual Startup Time": 17.381,
                                    "Actual Total Time": 75.467,
                                    "Actual Rows": 66752,
                                    "Actual Loops": 4,
                                    "Recheck Cond": "(mk.keyword_id > 58734)",
                                    "Rows Removed by Index Recheck": 0,
                                    "Exact Heap Blocks": 10841,
                                    "Lossy Heap Blocks": 0,
                                    "Workers": [
                                        {
                                            "Worker Number": 0,
                                            "Actual Startup Time": 14.517,
                                            "Actual Total Time": 72.997,
                                            "Actual Rows": 41597,
                                            "Actual Loops": 1
                                        },
                                        {
                                            "Worker Number": 1,
                                            "Actual Startup Time": 14.973,
                                            "Actual Total Time": 73.345,
                                            "Actual Rows": 45620,
                                            "Actual Loops": 1
                                        },
                                        {
                                            "Worker Number": 2,
                                            "Actual Startup Time": 14.851,
                                            "Actual Total Time": 73.396,
                                            "Actual Rows": 45781,
                                            "Actual Loops": 1
                                        }
                                    ],
                                    "Plans": [
                                        {
                                            "Node Type": "Bitmap Index Scan",
                                            "Parent Relationship": "Outer",
                                            "Parallel Aware": false,
                                            "Index Name": "keyword_id_movie_keyword",
                                            "Startup Cost": 0.0,
                                            "Total Cost": 5611.72,
                                            "Plan Rows": 267639,
                                            "Plan Width": 0,
                                            "Actual Startup Time": 22.008,
                                            "Actual Total Time": 22.009,
                                            "Actual Rows": 267008,
                                            "Actual Loops": 1,
                                            "Index Cond": "(mk.keyword_id > 58734)"
                                        }
                                    ]
                                }
                            ]
                        }
                    ]
                }
            ]
        },
        "Planning Time": 236.312,
        "Triggers": [],
        "Execution Time": 94.233
    }
]