{
  "Plan": {
    "Node Type": "Aggregate",
    "Strategy": "Plain",
    "Partial Mode": "Finalize",
    "Parallel Aware": false,
    "Startup Cost": 121796.92,
    "Total Cost": 121796.93,
    "Plan Rows": 1,
    "Plan Width": 8,
    "Actual Startup Time": 812.37,
    "Actual Total Time": 831.236,
    "Actual Rows": 1,
    "Actual Loops": 1,
    "Plans": [
      {
        "Node Type": "Gather",
        "Parent Relationship": "Outer",
        "Parallel Aware": false,
        "Startup Cost": 121796.8,
        "Total Cost": 121796.91,
        "Plan Rows": 1,
        "Plan Width": 8,
        "Actual Startup Time": 809.299,
        "Actual Total Time": 831.228,
        "Actual Rows": 2,
        "Actual Loops": 1,
        "Workers Planned": 1,
        "Workers Launched": 1,
        "Single Copy": false,
        "Plans": [
          {
            "Node Type": "Aggregate",
            "Strategy": "Plain",
            "Partial Mode": "Partial",
            "Parent Relationship": "Outer",
            "Parallel Aware": false,
            "Startup Cost": 120796.8,
            "Total Cost": 120796.81,
            "Plan Rows": 1,
            "Plan Width": 8,
            "Actual Startup Time": 796.844,
            "Actual Total Time": 796.848,
            "Actual Rows": 1,
            "Actual Loops": 2,
            "Plans": [
              {
                "Node Type": "Hash Join",
                "Parent Relationship": "Outer",
                "Parallel Aware": true,
                "Join Type": "Inner",
                "Startup Cost": 87517.9,
                "Total Cost": 119545.04,
                "Plan Rows": 500704,
                "Plan Width": 0,
                "Actual Startup Time": 596.085,
                "Actual Total Time": 778.711,
                "Actual Rows": 421110,
                "Actual Loops": 2,
                "Inner Unique": true,
                "Hash Cond": "(mk.movie_id = t.id)",
                "Plans": [
                  {
                    "Node Type": "Bitmap Heap Scan",
                    "Parent Relationship": "Outer",
                    "Parallel Aware": true,
                    "Relation Name": "movie_keyword",
                    "Alias": "mk",
                    "Startup Cost": 18057.2,
                    "Total Cost": 48770.0,
                    "Plan Rows": 500704,
                    "Plan Width": 4,
                    "Actual Startup Time": 48.164,
                    "Actual Total Time": 130.138,
                    "Actual Rows": 421110,
                    "Actual Loops": 2,
                    "Recheck Cond": "(keyword_id > 21787)",
                    "Rows Removed by Index Recheck": 0,
                    "Exact Heap Blocks": 13272,
                    "Lossy Heap Blocks": 0,
                    "Plans": [
                      {
                        "Node Type": "Bitmap Index Scan",
                        "Parent Relationship": "Outer",
                        "Parallel Aware": false,
                        "Index Name": "keyword_id_movie_keyword",
                        "Startup Cost": 0.0,
                        "Total Cost": 17844.4,
                        "Plan Rows": 851196,
                        "Plan Width": 0,
                        "Actual Startup Time": 44.508,
                        "Actual Total Time": 44.509,
                        "Actual Rows": 842219,
                        "Actual Loops": 1,
                        "Index Cond": "(keyword_id > 21787)"
                      }
                    ]
                  },
                  {
                    "Node Type": "Hash",
                    "Parent Relationship": "Inner",
                    "Parallel Aware": true,
                    "Startup Cost": 50870.31,
                    "Total Cost": 50870.31,
                    "Plan Rows": 1487231,
                    "Plan Width": 4,
                    "Actual Startup Time": 525.823,
                    "Actual Total Time": 525.824,
                    "Actual Rows": 1264156,
                    "Actual Loops": 2,
                    "Hash Buckets": 4194304,
                    "Original Hash Buckets": 4194304,
                    "Hash Batches": 1,
                    "Original Hash Batches": 1,
                    "Peak Memory Usage": 131712,
                    "Plans": [
                      {
                        "Node Type": "Seq Scan",
                        "Parent Relationship": "Outer",
                        "Parallel Aware": true,
                        "Relation Name": "title",
                        "Alias": "t",
                        "Startup Cost": 0.0,
                        "Total Cost": 50870.31,
                        "Plan Rows": 1487231,
                        "Plan Width": 4,
                        "Actual Startup Time": 0.023,
                        "Actual Total Time": 148.948,
                        "Actual Rows": 1264156,
                        "Actual Loops": 2
                      }
                    ]
                  }
                ]
              }
            ]
          }
        ]
      }
    ]
  },
  "Planning Time": 0.719,
  "Triggers": [],
  "Execution Time": 831.33
}