[
  {
    "Plan": {
      "Node Type": "Aggregate",
      "Strategy": "Plain",
      "Partial Mode": "Finalize",
      "Parallel Aware": false,
      "Startup Cost": 48826.95,
      "Total Cost": 48826.96,
      "Plan Rows": 1,
      "Plan Width": 8,
      "Actual Startup Time": 391.135,
      "Actual Total Time": 446.628,
      "Actual Rows": 1,
      "Actual Loops": 1,
      "Plans": [
        {
          "Node Type": "Gather",
          "Parent Relationship": "Outer",
          "Parallel Aware": false,
          "Startup Cost": 48826.73,
          "Total Cost": 48826.94,
          "Plan Rows": 2,
          "Plan Width": 8,
          "Actual Startup Time": 390.853,
          "Actual Total Time": 446.613,
          "Actual Rows": 3,
          "Actual Loops": 1,
          "Workers Planned": 2,
          "Workers Launched": 2,
          "Single Copy": false,
          "Plans": [
            {
              "Node Type": "Aggregate",
              "Strategy": "Plain",
              "Partial Mode": "Partial",
              "Parent Relationship": "Outer",
              "Parallel Aware": false,
              "Startup Cost": 47826.73,
              "Total Cost": 47826.74,
              "Plan Rows": 1,
              "Plan Width": 8,
              "Actual Startup Time": 382.786,
              "Actual Total Time": 382.789,
              "Actual Rows": 1,
              "Actual Loops": 3,
              "Plans": [
                {
                  "Node Type": "Nested Loop",
                  "Parent Relationship": "Outer",
                  "Parallel Aware": false,
                  "Join Type": "Inner",
                  "Startup Cost": 177.71,
                  "Total Cost": 47764.54,
                  "Plan Rows": 24877,
                  "Plan Width": 0,
                  "Actual Startup Time": 5.706,
                  "Actual Total Time": 377.687,
                  "Actual Rows": 87194,
                  "Actual Loops": 3,
                  "Inner Unique": false,
                  "Plans": [
                    {
                      "Node Type": "Nested Loop",
                      "Parent Relationship": "Outer",
                      "Parallel Aware": false,
                      "Join Type": "Inner",
                      "Startup Cost": 177.14,
                      "Total Cost": 40539.44,
                      "Plan Rows": 3456,
                      "Plan Width": 8,
                      "Actual Startup Time": 5.481,
                      "Actual Total Time": 43.691,
                      "Actual Rows": 3213,
                      "Actual Loops": 3,
                      "Inner Unique": true,
                      "Plans": [
                        {
                          "Node Type": "Bitmap Heap Scan",
                          "Parent Relationship": "Outer",
                          "Parallel Aware": true,
                          "Relation Name": "movie_keyword",
                          "Alias": "mk",
                          "Startup Cost": 176.71,
                          "Total Cost": 17130.16,
                          "Plan Rows": 3456,
                          "Plan Width": 4,
                          "Actual Startup Time": 5.277,
                          "Actual Total Time": 17.197,
                          "Actual Rows": 3213,
                          "Actual Loops": 3,
                          "Recheck Cond": "(keyword_id = 236)",
                          "Rows Removed by Index Recheck": 0,
                          "Exact Heap Blocks": 4226,
                          "Lossy Heap Blocks": 0,
                          "Plans": [
                            {
                              "Node Type": "Bitmap Index Scan",
                              "Parent Relationship": "Outer",
                              "Parallel Aware": false,
                              "Index Name": "keyword_id_movie_keyword",
                              "Startup Cost": 0.0,
                              "Total Cost": 174.64,
                              "Plan Rows": 8294,
                              "Plan Width": 0,
                              "Actual Startup Time": 7.759,
                              "Actual Total Time": 7.76,
                              "Actual Rows": 9638,
                              "Actual Loops": 1,
                              "Index Cond": "(keyword_id = 236)"
                            }
                          ]
                        },
                        {
                          "Node Type": "Index Only Scan",
                          "Parent Relationship": "Inner",
                          "Parallel Aware": false,
                          "Scan Direction": "Forward",
                          "Index Name": "title_pkey",
                          "Relation Name": "title",
                          "Alias": "t",
                          "Startup Cost": 0.43,
                          "Total Cost": 6.77,
                          "Plan Rows": 1,
                          "Plan Width": 4,
                          "Actual Startup Time": 0.008,
                          "Actual Total Time": 0.008,
                          "Actual Rows": 1,
                          "Actual Loops": 9638,
                          "Index Cond": "(id = mk.movie_id)",
                          "Rows Removed by Index Recheck": 0,
                          "Heap Fetches": 9638
                        }
                      ]
                    },
                    {
                      "Node Type": "Index Scan",
                      "Parent Relationship": "Inner",
                      "Parallel Aware": false,
                      "Scan Direction": "Forward",
                      "Index Name": "movie_id_cast_info",
                      "Relation Name": "cast_info",
                      "Alias": "ci",
                      "Startup Cost": 0.56,
                      "Total Cost": 1.91,
                      "Plan Rows": 18,
                      "Plan Width": 4,
                      "Actual Startup Time": 0.043,
                      "Actual Total Time": 0.101,
                      "Actual Rows": 27,
                      "Actual Loops": 9638,
                      "Index Cond": "(movie_id = t.id)",
                      "Rows Removed by Index Recheck": 0,
                      "Filter": "(person_id > 1791611)",
                      "Rows Removed by Filter": 27
                    }
                  ]
                }
              ]
            }
          ]
        }
      ]
    },
    "Planning Time": 1.34,
    "Triggers": [],
    "Execution Time": 446.743
  }
]