[
  {
    "Plan": {
      "Node Type": "Aggregate",
      "Strategy": "Plain",
      "Partial Mode": "Finalize",
      "Parallel Aware": false,
      "Startup Cost": 296464.73,
      "Total Cost": 296464.74,
      "Plan Rows": 1,
      "Plan Width": 8,
      "Actual Startup Time": 1473.724,
      "Actual Total Time": 1521.659,
      "Actual Rows": 1,
      "Actual Loops": 1,
      "Plans": [
        {
          "Node Type": "Gather",
          "Parent Relationship": "Outer",
          "Parallel Aware": false,
          "Startup Cost": 296464.21,
          "Total Cost": 296464.72,
          "Plan Rows": 5,
          "Plan Width": 8,
          "Actual Startup Time": 1459.703,
          "Actual Total Time": 1521.648,
          "Actual Rows": 6,
          "Actual Loops": 1,
          "Workers Planned": 5,
          "Workers Launched": 5,
          "Single Copy": false,
          "Plans": [
            {
              "Node Type": "Aggregate",
              "Strategy": "Plain",
              "Partial Mode": "Partial",
              "Parent Relationship": "Outer",
              "Parallel Aware": false,
              "Startup Cost": 295464.21,
              "Total Cost": 295464.22,
              "Plan Rows": 1,
              "Plan Width": 8,
              "Actual Startup Time": 1446.05,
              "Actual Total Time": 1446.327,
              "Actual Rows": 1,
              "Actual Loops": 6,
              "Plans": [
                {
                  "Node Type": "Hash Join",
                  "Parent Relationship": "Outer",
                  "Parallel Aware": true,
                  "Join Type": "Inner",
                  "Startup Cost": 86075.0,
                  "Total Cost": 292093.64,
                  "Plan Rows": 1348226,
                  "Plan Width": 0,
                  "Actual Startup Time": 393.952,
                  "Actual Total Time": 1353.61,
                  "Actual Rows": 2242107,
                  "Actual Loops": 6,
                  "Inner Unique": false,
                  "Hash Cond": "(mi.movie_id = t.id)",
                  "Plans": [
                    {
                      "Node Type": "Seq Scan",
                      "Parent Relationship": "Outer",
                      "Parallel Aware": true,
                      "Relation Name": "movie_info",
                      "Alias": "mi",
                      "Startup Cost": 0.0,
                      "Total Cost": 191560.33,
                      "Plan Rows": 2956733,
                      "Plan Width": 4,
                      "Actual Startup Time": 0.027,
                      "Actual Total Time": 296.408,
                      "Actual Rows": 2472620,
                      "Actual Loops": 6
                    },
                    {
                      "Node Type": "Hash",
                      "Parent Relationship": "Inner",
                      "Parallel Aware": true,
                      "Startup Cost": 82472.3,
                      "Total Cost": 82472.3,
                      "Plan Rows": 288216,
                      "Plan Width": 8,
                      "Actual Startup Time": 387.695,
                      "Actual Total Time": 387.971,
                      "Actual Rows": 165859,
                      "Actual Loops": 6,
                      "Hash Buckets": 2097152,
                      "Original Hash Buckets": 2097152,
                      "Hash Batches": 1,
                      "Original Hash Batches": 1,
                      "Peak Memory Usage": 55392,
                      "Plans": [
                        {
                          "Node Type": "Hash Join",
                          "Parent Relationship": "Outer",
                          "Parallel Aware": true,
                          "Join Type": "Inner",
                          "Startup Cost": 36063.47,
                          "Total Cost": 82472.3,
                          "Plan Rows": 288216,
                          "Plan Width": 8,
                          "Actual Startup Time": 132.849,
                          "Actual Total Time": 321.503,
                          "Actual Rows": 165859,
                          "Actual Loops": 6,
                          "Inner Unique": false,
                          "Hash Cond": "(t.id = mc.movie_id)",
                          "Plans": [
                            {
                              "Node Type": "Seq Scan",
                              "Parent Relationship": "Outer",
                              "Parallel Aware": true,
                              "Relation Name": "title",
                              "Alias": "t",
                              "Startup Cost": 0.0,
                              "Total Cost": 42318.73,
                              "Plan Rows": 632073,
                              "Plan Width": 4,
                              "Actual Startup Time": 0.013,
                              "Actual Total Time": 57.85,
                              "Actual Rows": 421385,
                              "Actual Loops": 6
                            },
                            {
                              "Node Type": "Hash",
                              "Parent Relationship": "Inner",
                              "Parallel Aware": true,
                              "Startup Cost": 31414.82,
                              "Total Cost": 31414.82,
                              "Plan Rows": 371892,
                              "Plan Width": 4,
                              "Actual Startup Time": 130.505,
                              "Actual Total Time": 130.506,
                              "Actual Rows": 165859,
                              "Actual Loops": 6,
                              "Hash Buckets": 2097152,
                              "Original Hash Buckets": 2097152,
                              "Hash Batches": 1,
                              "Original Hash Batches": 1,
                              "Peak Memory Usage": 55456,
                              "Plans": [
                                {
                                  "Node Type": "Seq Scan",
                                  "Parent Relationship": "Outer",
                                  "Parallel Aware": true,
                                  "Relation Name": "movie_companies",
                                  "Alias": "mc",
                                  "Startup Cost": 0.0,
                                  "Total Cost": 31414.82,
                                  "Plan Rows": 371892,
                                  "Plan Width": 4,
                                  "Actual Startup Time": 42.068,
                                  "Actual Total Time": 70.676,
                                  "Actual Rows": 165859,
                                  "Actual Loops": 6,
                                  "Filter": "((company_id < 89342) AND (company_type_id = 2))",
                                  "Rows Removed by Filter": 268996
                                }
                              ]
                            }
                          ]
                        }
                      ]
                    }
                  ]
                }
              ]
            }
          ]
        }
      ]
    },
    "Planning Time": 1.477,
    "Triggers": [],
    "Execution Time": 1521.757
  }
]