[
  {
    "Plan": {
      "Node Type": "Aggregate",
      "Strategy": "Plain",
      "Partial Mode": "Finalize",
      "Parallel Aware": false,
      "Startup Cost": 335844.01,
      "Total Cost": 335844.02,
      "Plan Rows": 1,
      "Plan Width": 8,
      "Actual Startup Time": 813.516,
      "Actual Total Time": 877.252,
      "Actual Rows": 1,
      "Actual Loops": 1,
      "Plans": [
        {
          "Node Type": "Gather",
          "Parent Relationship": "Outer",
          "Parallel Aware": false,
          "Startup Cost": 335843.38,
          "Total Cost": 335843.99,
          "Plan Rows": 6,
          "Plan Width": 8,
          "Actual Startup Time": 813.343,
          "Actual Total Time": 877.235,
          "Actual Rows": 7,
          "Actual Loops": 1,
          "Workers Planned": 6,
          "Workers Launched": 6,
          "Single Copy": false,
          "Plans": [
            {
              "Node Type": "Aggregate",
              "Strategy": "Plain",
              "Partial Mode": "Partial",
              "Parent Relationship": "Outer",
              "Parallel Aware": false,
              "Startup Cost": 334843.38,
              "Total Cost": 334843.39,
              "Plan Rows": 1,
              "Plan Width": 8,
              "Actual Startup Time": 803.19,
              "Actual Total Time": 803.192,
              "Actual Rows": 1,
              "Actual Loops": 7,
              "Plans": [
                {
                  "Node Type": "Seq Scan",
                  "Parent Relationship": "Outer",
                  "Parallel Aware": true,
                  "Relation Name": "cast_info",
                  "Alias": "ci",
                  "Startup Cost": 0.0,
                  "Total Cost": 328211.39,
                  "Plan Rows": 2652796,
                  "Plan Width": 0,
                  "Actual Startup Time": 0.073,
                  "Actual Total Time": 681.495,
                  "Actual Rows": 2298665,
                  "Actual Loops": 7,
                  "Filter": "(person_id < 1593437)",
                  "Rows Removed by Filter": 2879098
                }
              ]
            }
          ]
        }
      ]
    },
    "Planning Time": 0.21,
    "Triggers": [],
    "Execution Time": 877.377
  }
]