[
  {
    "Plan": {
      "Node Type": "Aggregate",
      "Strategy": "Plain",
      "Partial Mode": "Finalize",
      "Parallel Aware": false,
      "Startup Cost": 335873.27,
      "Total Cost": 335873.28,
      "Plan Rows": 1,
      "Plan Width": 8,
      "Actual Startup Time": 680.447,
      "Actual Total Time": 738.867,
      "Actual Rows": 1,
      "Actual Loops": 1,
      "Plans": [
        {
          "Node Type": "Gather",
          "Parent Relationship": "Outer",
          "Parallel Aware": false,
          "Startup Cost": 335872.65,
          "Total Cost": 335873.26,
          "Plan Rows": 6,
          "Plan Width": 8,
          "Actual Startup Time": 680.344,
          "Actual Total Time": 738.858,
          "Actual Rows": 7,
          "Actual Loops": 1,
          "Workers Planned": 6,
          "Workers Launched": 6,
          "Single Copy": false,
          "Plans": [
            {
              "Node Type": "Aggregate",
              "Strategy": "Plain",
              "Partial Mode": "Partial",
              "Parent Relationship": "Outer",
              "Parallel Aware": false,
              "Startup Cost": 334872.65,
              "Total Cost": 334872.66,
              "Plan Rows": 1,
              "Plan Width": 8,
              "Actual Startup Time": 671.378,
              "Actual Total Time": 671.379,
              "Actual Rows": 1,
              "Actual Loops": 7,
              "Plans": [
                {
                  "Node Type": "Seq Scan",
                  "Parent Relationship": "Outer",
                  "Parallel Aware": true,
                  "Relation Name": "cast_info",
                  "Alias": "ci",
                  "Startup Cost": 0.0,
                  "Total Cost": 328162.03,
                  "Plan Rows": 2684249,
                  "Plan Width": 0,
                  "Actual Startup Time": 0.048,
                  "Actual Total Time": 572.798,
                  "Actual Rows": 2298665,
                  "Actual Loops": 7,
                  "Filter": "(person_id < 1593437)",
                  "Rows Removed by Filter": 2879098
                }
              ]
            }
          ]
        }
      ]
    },
    "Planning Time": 0.195,
    "Triggers": [],
    "Execution Time": 738.939
  }
]