{
  "Plan": {
    "Node Type": "Aggregate",
    "Strategy": "Plain",
    "Partial Mode": "Finalize",
    "Parallel Aware": false,
    "Startup Cost": 1317429.56,
    "Total Cost": 1317429.57,
    "Plan Rows": 1,
    "Plan Width": 8,
    "Actual Startup Time": 5213.949,
    "Actual Total Time": 5249.916,
    "Actual Rows": 1,
    "Actual Loops": 1,
    "Plans": [
      {
        "Node Type": "Gather",
        "Parent Relationship": "Outer",
        "Parallel Aware": false,
        "Startup Cost": 1317429.45,
        "Total Cost": 1317429.56,
        "Plan Rows": 1,
        "Plan Width": 8,
        "Actual Startup Time": 5207.748,
        "Actual Total Time": 5249.909,
        "Actual Rows": 2,
        "Actual Loops": 1,
        "Workers Planned": 1,
        "Workers Launched": 1,
        "Single Copy": false,
        "Plans": [
          {
            "Node Type": "Aggregate",
            "Strategy": "Plain",
            "Partial Mode": "Partial",
            "Parent Relationship": "Outer",
            "Parallel Aware": false,
            "Startup Cost": 1316429.45,
            "Total Cost": 1316429.46,
            "Plan Rows": 1,
            "Plan Width": 8,
            "Actual Startup Time": 5189.382,
            "Actual Total Time": 5189.388,
            "Actual Rows": 1,
            "Actual Loops": 2,
            "Plans": [
              {
                "Node Type": "Merge Join",
                "Parent Relationship": "Outer",
                "Parallel Aware": false,
                "Join Type": "Inner",
                "Startup Cost": 1241201.94,
                "Total Cost": 1308011.01,
                "Plan Rows": 3367378,
                "Plan Width": 0,
                "Actual Startup Time": 3971.608,
                "Actual Total Time": 5034.557,
                "Actual Rows": 3952674,
                "Actual Loops": 2,
                "Inner Unique": false,
                "Merge Cond": "(t.id = mc.movie_id)",
                "Plans": [
                  {
                    "Node Type": "Sort",
                    "Parent Relationship": "Outer",
                    "Parallel Aware": false,
                    "Startup Cost": 918250.61,
                    "Total Cost": 926408.23,
                    "Plan Rows": 3263049,
                    "Plan Width": 8,
                    "Actual Startup Time": 3217.313,
                    "Actual Total Time": 3443.245,
                    "Actual Rows": 2651851,
                    "Actual Loops": 2,
                    "Sort Key": [
                      "t.id"
                    ],
                    "Sort Method": "quicksort",
                    "Sort Space Used": 225162,
                    "Sort Space Type": "Memory",
                    "Workers": [
                      {
                        "Worker Number": 0,
                        "Sort Method": "quicksort",
                        "Sort Space Used": 220077,
                        "Sort Space Type": "Memory"
                      }
                    ],
                    "Plans": [
                      {
                        "Node Type": "Hash Join",
                        "Parent Relationship": "Outer",
                        "Parallel Aware": true,
                        "Join Type": "Inner",
                        "Startup Cost": 242213.42,
                        "Total Cost": 565224.78,
                        "Plan Rows": 3263049,
                        "Plan Width": 8,
                        "Actual Startup Time": 670.846,
                        "Actual Total Time": 2575.559,
                        "Actual Rows": 2652056,
                        "Actual Loops": 2,
                        "Inner Unique": true,
                        "Hash Cond": "(ci.movie_id = t.id)",
                        "Plans": [
                          {
                            "Node Type": "Bitmap Heap Scan",
                            "Parent Relationship": "Outer",
                            "Parallel Aware": true,
                            "Relation Name": "cast_info",
                            "Alias": "ci",
                            "Startup Cost": 174578.29,
                            "Total Cost": 485384.58,
                            "Plan Rows": 4649543,
                            "Plan Width": 4,
                            "Actual Startup Time": 268.329,
                            "Actual Total Time": 707.37,
                            "Actual Rows": 3916334,
                            "Actual Loops": 2,
                            "Recheck Cond": "(person_id > 2894662)",
                            "Rows Removed by Index Recheck": 0,
                            "Exact Heap Blocks": 47940,
                            "Lossy Heap Blocks": 0,
                            "Plans": [
                              {
                                "Node Type": "Bitmap Index Scan",
                                "Parent Relationship": "Outer",
                                "Parallel Aware": false,
                                "Index Name": "person_id_cast_info",
                                "Startup Cost": 0.0,
                                "Total Cost": 172602.24,
                                "Plan Rows": 7904223,
                                "Plan Width": 0,
                                "Actual Startup Time": 252.227,
                                "Actual Total Time": 252.228,
                                "Actual Rows": 7832667,
                                "Actual Loops": 1,
                                "Index Cond": "(person_id > 2894662)"
                              }
                            ]
                          },
                          {
                            "Node Type": "Hash",
                            "Parent Relationship": "Inner",
                            "Parallel Aware": true,
                            "Startup Cost": 54588.39,
                            "Total Cost": 54588.39,
                            "Plan Rows": 1043739,
                            "Plan Width": 4,
                            "Actual Startup Time": 388.05,
                            "Actual Total Time": 388.051,
                            "Actual Rows": 887318,
                            "Actual Loops": 2,
                            "Hash Buckets": 2097152,
                            "Original Hash Buckets": 2097152,
                            "Hash Batches": 1,
                            "Original Hash Batches": 1,
                            "Peak Memory Usage": 85824,
                            "Plans": [
                              {
                                "Node Type": "Seq Scan",
                                "Parent Relationship": "Outer",
                                "Parallel Aware": true,
                                "Relation Name": "title",
                                "Alias": "t",
                                "Startup Cost": 0.0,
                                "Total Cost": 54588.39,
                                "Plan Rows": 1043739,
                                "Plan Width": 4,
                                "Actual Startup Time": 0.03,
                                "Actual Total Time": 167.295,
                                "Actual Rows": 887318,
                                "Actual Loops": 2,
                                "Filter": "(kind_id > 2)",
                                "Rows Removed by Filter": 376838
                              }
                            ]
                          }
                        ]
                      }
                    ]
                  },
                  {
                    "Node Type": "Sort",
                    "Parent Relationship": "Inner",
                    "Parallel Aware": false,
                    "Startup Cost": 322951.0,
                    "Total Cost": 329473.82,
                    "Plan Rows": 2609129,
                    "Plan Width": 4,
                    "Actual Startup Time": 754.251,
                    "Actual Total Time": 961.229,
                    "Actual Rows": 5797666,
                    "Actual Loops": 2,
                    "Sort Key": [
                      "mc.movie_id"
                    ],
                    "Sort Method": "quicksort",
                    "Sort Space Used": 220607,
                    "Sort Space Type": "Memory",
                    "Workers": [
                      {
                        "Worker Number": 0,
                        "Sort Method": "quicksort",
                        "Sort Space Used": 220607,
                        "Sort Space Type": "Memory"
                      }
                    ],
                    "Plans": [
                      {
                        "Node Type": "Seq Scan",
                        "Parent Relationship": "Outer",
                        "Parallel Aware": false,
                        "Relation Name": "movie_companies",
                        "Alias": "mc",
                        "Startup Cost": 0.0,
                        "Total Cost": 44881.29,
                        "Plan Rows": 2609129,
                        "Plan Width": 4,
                        "Actual Startup Time": 0.039,
                        "Actual Total Time": 228.297,
                        "Actual Rows": 2609129,
                        "Actual Loops": 2
                      }
                    ]
                  }
                ]
              }
            ]
          }
        ]
      }
    ]
  },
  "Planning Time": 1.046,
  "Triggers": [],
  "Execution Time": 5275.132
}