[
  {
    "Plan": {
      "Node Type": "Aggregate",
      "Strategy": "Plain",
      "Partial Mode": "Finalize",
      "Parallel Aware": false,
      "Startup Cost": 60755.97,
      "Total Cost": 60755.98,
      "Plan Rows": 1,
      "Plan Width": 8,
      "Actual Startup Time": 143.677,
      "Actual Total Time": 157.753,
      "Actual Rows": 1,
      "Actual Loops": 1,
      "Plans": [
        {
          "Node Type": "Gather",
          "Parent Relationship": "Outer",
          "Parallel Aware": false,
          "Startup Cost": 60755.75,
          "Total Cost": 60755.96,
          "Plan Rows": 2,
          "Plan Width": 8,
          "Actual Startup Time": 143.428,
          "Actual Total Time": 157.745,
          "Actual Rows": 3,
          "Actual Loops": 1,
          "Workers Planned": 2,
          "Workers Launched": 2,
          "Single Copy": false,
          "Plans": [
            {
              "Node Type": "Aggregate",
              "Strategy": "Plain",
              "Partial Mode": "Partial",
              "Parent Relationship": "Outer",
              "Parallel Aware": false,
              "Startup Cost": 59755.75,
              "Total Cost": 59755.76,
              "Plan Rows": 1,
              "Plan Width": 8,
              "Actual Startup Time": 135.194,
              "Actual Total Time": 135.198,
              "Actual Rows": 1,
              "Actual Loops": 3,
              "Plans": [
                {
                  "Node Type": "Nested Loop",
                  "Parent Relationship": "Outer",
                  "Parallel Aware": false,
                  "Join Type": "Inner",
                  "Startup Cost": 38278.01,
                  "Total Cost": 59732.03,
                  "Plan Rows": 9488,
                  "Plan Width": 0,
                  "Actual Startup Time": 72.36,
                  "Actual Total Time": 134.422,
                  "Actual Rows": 11649,
                  "Actual Loops": 3,
                  "Inner Unique": false,
                  "Join Filter": "(t.id = mi.movie_id)",
                  "Rows Removed by Join Filter": 0,
                  "Plans": [
                    {
                      "Node Type": "Hash Join",
                      "Parent Relationship": "Outer",
                      "Parallel Aware": true,
                      "Join Type": "Inner",
                      "Startup Cost": 38277.57,
                      "Total Cost": 53897.51,
                      "Plan Rows": 1622,
                      "Plan Width": 8,
                      "Actual Startup Time": 72.28,
                      "Actual Total Time": 102.189,
                      "Actual Rows": 1218,
                      "Actual Loops": 3,
                      "Inner Unique": true,
                      "Hash Cond": "(mi_idx.movie_id = t.id)",
                      "Plans": [
                        {
                          "Node Type": "Seq Scan",
                          "Parent Relationship": "Outer",
                          "Parallel Aware": true,
                          "Relation Name": "movie_info_idx",
                          "Alias": "mi_idx",
                          "Startup Cost": 0.0,
                          "Total Cost": 15122.68,
                          "Plan Rows": 189429,
                          "Plan Width": 4,
                          "Actual Startup Time": 0.024,
                          "Actual Total Time": 36.539,
                          "Actual Rows": 153308,
                          "Actual Loops": 3,
                          "Filter": "(info_type_id = 99)",
                          "Rows Removed by Filter": 306703
                        },
                        {
                          "Node Type": "Hash",
                          "Parent Relationship": "Inner",
                          "Parallel Aware": true,
                          "Startup Cost": 38209.9,
                          "Total Cost": 38209.9,
                          "Plan Rows": 5414,
                          "Plan Width": 4,
                          "Actual Startup Time": 50.757,
                          "Actual Total Time": 50.758,
                          "Actual Rows": 3855,
                          "Actual Loops": 3,
                          "Hash Buckets": 32768,
                          "Original Hash Buckets": 32768,
                          "Hash Batches": 1,
                          "Original Hash Batches": 1,
                          "Peak Memory Usage": 736,
                          "Plans": [
                            {
                              "Node Type": "Bitmap Heap Scan",
                              "Parent Relationship": "Outer",
                              "Parallel Aware": true,
                              "Relation Name": "title",
                              "Alias": "t",
                              "Startup Cost": 1828.55,
                              "Total Cost": 38209.9,
                              "Plan Rows": 5414,
                              "Plan Width": 4,
                              "Actual Startup Time": 13.861,
                              "Actual Total Time": 48.821,
                              "Actual Rows": 3855,
                              "Actual Loops": 3,
                              "Recheck Cond": "(kind_id = 3)",
                              "Rows Removed by Index Recheck": 0,
                              "Filter": "(production_year > 2009)",
                              "Rows Removed by Filter": 29657,
                              "Exact Heap Blocks": 9528,
                              "Lossy Heap Blocks": 0,
                              "Plans": [
                                {
                                  "Node Type": "Bitmap Index Scan",
                                  "Parent Relationship": "Outer",
                                  "Parallel Aware": false,
                                  "Index Name": "kind_id_title",
                                  "Startup Cost": 0.0,
                                  "Total Cost": 1823.13,
                                  "Plan Rows": 102227,
                                  "Plan Width": 0,
                                  "Actual Startup Time": 15.26,
                                  "Actual Total Time": 15.26,
                                  "Actual Rows": 100537,
                                  "Actual Loops": 1,
                                  "Index Cond": "(kind_id = 3)"
                                }
                              ]
                            }
                          ]
                        }
                      ]
                    },
                    {
                      "Node Type": "Index Only Scan",
                      "Parent Relationship": "Inner",
                      "Parallel Aware": false,
                      "Scan Direction": "Forward",
                      "Index Name": "movie_id_movie_info",
                      "Relation Name": "movie_info",
                      "Alias": "mi",
                      "Startup Cost": 0.43,
                      "Total Cost": 3.07,
                      "Plan Rows": 42,
                      "Plan Width": 4,
                      "Actual Startup Time": 0.009,
                      "Actual Total Time": 0.025,
                      "Actual Rows": 10,
                      "Actual Loops": 3654,
                      "Index Cond": "(movie_id = mi_idx.movie_id)",
                      "Rows Removed by Index Recheck": 0,
                      "Heap Fetches": 34947
                    }
                  ]
                }
              ]
            }
          ]
        }
      ]
    },
    "Planning Time": 1.451,
    "Triggers": [],
    "Execution Time": 157.862
  }
]