[
    {
        "Bao": {
            "Bao prediction": "NaN",
            "Bao recommended hint": "(no hint)"
        }
    },
    {
        "Plan": {
            "Node Type": "Aggregate",
            "Strategy": "Plain",
            "Partial Mode": "Finalize",
            "Parallel Aware": false,
            "Startup Cost": 186593.46,
            "Total Cost": 186593.47,
            "Plan Rows": 1,
            "Plan Width": 8,
            "Actual Startup Time": 1128.258,
            "Actual Total Time": 1178.989,
            "Actual Rows": 1,
            "Actual Loops": 1,
            "Output": [
                "count(*)"
            ],
            "Plans": [
                {
                    "Node Type": "Gather",
                    "Parent Relationship": "Outer",
                    "Parallel Aware": false,
                    "Startup Cost": 186593.04,
                    "Total Cost": 186593.45,
                    "Plan Rows": 4,
                    "Plan Width": 8,
                    "Actual Startup Time": 1125.515,
                    "Actual Total Time": 1178.97,
                    "Actual Rows": 5,
                    "Actual Loops": 1,
                    "Output": [
                        "(PARTIAL count(*))"
                    ],
                    "Workers Planned": 4,
                    "Workers Launched": 4,
                    "Single Copy": false,
                    "Plans": [
                        {
                            "Node Type": "Aggregate",
                            "Strategy": "Plain",
                            "Partial Mode": "Partial",
                            "Parent Relationship": "Outer",
                            "Parallel Aware": false,
                            "Startup Cost": 185593.04,
                            "Total Cost": 185593.05,
                            "Plan Rows": 1,
                            "Plan Width": 8,
                            "Actual Startup Time": 1115.634,
                            "Actual Total Time": 1115.685,
                            "Actual Rows": 1,
                            "Actual Loops": 5,
                            "Output": [
                                "PARTIAL count(*)"
                            ],
                            "Workers": [
                                {
                                    "Worker Number": 0,
                                    "Actual Startup Time": 1113.127,
                                    "Actual Total Time": 1113.13,
                                    "Actual Rows": 1,
                                    "Actual Loops": 1
                                },
                                {
                                    "Worker Number": 1,
                                    "Actual Startup Time": 1113.568,
                                    "Actual Total Time": 1113.571,
                                    "Actual Rows": 1,
                                    "Actual Loops": 1
                                },
                                {
                                    "Worker Number": 2,
                                    "Actual Startup Time": 1113.365,
                                    "Actual Total Time": 1113.368,
                                    "Actual Rows": 1,
                                    "Actual Loops": 1
                                },
                                {
                                    "Worker Number": 3,
                                    "Actual Startup Time": 1113.357,
                                    "Actual Total Time": 1113.361,
                                    "Actual Rows": 1,
                                    "Actual Loops": 1
                                }
                            ],
                            "Plans": [
                                {
                                    "Node Type": "Nested Loop",
                                    "Parent Relationship": "Outer",
                                    "Parallel Aware": false,
                                    "Join Type": "Inner",
                                    "Startup Cost": 32439.83,
                                    "Total Cost": 185290.35,
                                    "Plan Rows": 121077,
                                    "Plan Width": 0,
                                    "Actual Startup Time": 98.224,
                                    "Actual Total Time": 1101.85,
                                    "Actual Rows": 239731,
                                    "Actual Loops": 5,
                                    "Inner Unique": false,
                                    "Workers": [
                                        {
                                            "Worker Number": 0,
                                            "Actual Startup Time": 95.754,
                                            "Actual Total Time": 1099.303,
                                            "Actual Rows": 227319,
                                            "Actual Loops": 1
                                        },
                                        {
                                            "Worker Number": 1,
                                            "Actual Startup Time": 95.958,
                                            "Actual Total Time": 1099.624,
                                            "Actual Rows": 228588,
                                            "Actual Loops": 1
                                        },
                                        {
                                            "Worker Number": 2,
                                            "Actual Startup Time": 96.082,
                                            "Actual Total Time": 1100.415,
                                            "Actual Rows": 224195,
                                            "Actual Loops": 1
                                        },
                                        {
                                            "Worker Number": 3,
                                            "Actual Startup Time": 95.996,
                                            "Actual Total Time": 1100.35,
                                            "Actual Rows": 226312,
                                            "Actual Loops": 1
                                        }
                                    ],
                                    "Plans": [
                                        {
                                            "Node Type": "Hash Join",
                                            "Parent Relationship": "Outer",
                                            "Parallel Aware": true,
                                            "Join Type": "Inner",
                                            "Startup Cost": 32439.39,
                                            "Total Cost": 78123.51,
                                            "Plan Rows": 63524,
                                            "Plan Width": 8,
                                            "Actual Startup Time": 98.126,
                                            "Actual Total Time": 316.228,
                                            "Actual Rows": 75171,
                                            "Actual Loops": 5,
                                            "Output": [
                                                "t.id",
                                                "mc.movie_id"
                                            ],
                                            "Inner Unique": false,
                                            "Hash Cond": "(t.id = mc.movie_id)",
                                            "Workers": [
                                                {
                                                    "Worker Number": 0,
                                                    "Actual Startup Time": 95.667,
                                                    "Actual Total Time": 311.527,
                                                    "Actual Rows": 71286,
                                                    "Actual Loops": 1
                                                },
                                                {
                                                    "Worker Number": 1,
                                                    "Actual Startup Time": 95.85,
                                                    "Actual Total Time": 313.018,
                                                    "Actual Rows": 71902,
                                                    "Actual Loops": 1
                                                },
                                                {
                                                    "Worker Number": 2,
                                                    "Actual Startup Time": 95.916,
                                                    "Actual Total Time": 305.616,
                                                    "Actual Rows": 70760,
                                                    "Actual Loops": 1
                                                },
                                                {
                                                    "Worker Number": 3,
                                                    "Actual Startup Time": 95.917,
                                                    "Actual Total Time": 302.474,
                                                    "Actual Rows": 71288,
                                                    "Actual Loops": 1
                                                }
                                            ],
                                            "Plans": [
                                                {
                                                    "Node Type": "Seq Scan",
                                                    "Parent Relationship": "Outer",
                                                    "Parallel Aware": true,
                                                    "Relation Name": "title",
                                                    "Schema": "public",
                                                    "Alias": "t",
                                                    "Startup Cost": 0.0,
                                                    "Total Cost": 42318.81,
                                                    "Plan Rows": 632080,
                                                    "Plan Width": 4,
                                                    "Actual Startup Time": 0.013,
                                                    "Actual Total Time": 55.874,
                                                    "Actual Rows": 505662,
                                                    "Actual Loops": 5,
                                                    "Output": [
                                                        "t.id",
                                                        "t.title",
                                                        "t.imdb_index",
                                                        "t.kind_id",
                                                        "t.production_year",
                                                        "t.imdb_id",
                                                        "t.phonetic_code",
                                                        "t.episode_of_id",
                                                        "t.season_nr",
                                                        "t.episode_nr",
                                                        "t.series_years",
                                                        "t.md5sum"
                                                    ],
                                                    "Workers": [
                                                        {
                                                            "Worker Number": 0,
                                                            "Actual Startup Time": 0.014,
                                                            "Actual Total Time": 57.609,
                                                            "Actual Rows": 476521,
                                                            "Actual Loops": 1
                                                        },
                                                        {
                                                            "Worker Number": 1,
                                                            "Actual Startup Time": 0.014,
                                                            "Actual Total Time": 58.706,
                                                            "Actual Rows": 484375,
                                                            "Actual Loops": 1
                                                        },
                                                        {
                                                            "Worker Number": 2,
                                                            "Actual Startup Time": 0.015,
                                                            "Actual Total Time": 55.894,
                                                            "Actual Rows": 473149,
                                                            "Actual Loops": 1
                                                        },
                                                        {
                                                            "Worker Number": 3,
                                                            "Actual Startup Time": 0.015,
                                                            "Actual Total Time": 55.2,
                                                            "Actual Rows": 472037,
                                                            "Actual Loops": 1
                                                        }
                                                    ]
                                                },
                                                {
                                                    "Node Type": "Hash",
                                                    "Parent Relationship": "Inner",
                                                    "Parallel Aware": true,
                                                    "Startup Cost": 31414.82,
                                                    "Total Cost": 31414.82,
                                                    "Plan Rows": 81966,
                                                    "Plan Width": 4,
                                                    "Actual Startup Time": 96.329,
                                                    "Actual Total Time": 96.33,
                                                    "Actual Rows": 75171,
                                                    "Actual Loops": 5,
                                                    "Output": [
                                                        "mc.movie_id"
                                                    ],
                                                    "Hash Buckets": 524288,
                                                    "Original Hash Buckets": 262144,
                                                    "Hash Batches": 1,
                                                    "Original Hash Batches": 1,
                                                    "Peak Memory Usage": 20928,
                                                    "Workers": [
                                                        {
                                                            "Worker Number": 0,
                                                            "Actual Startup Time": 95.201,
                                                            "Actual Total Time": 95.202,
                                                            "Actual Rows": 68004,
                                                            "Actual Loops": 1
                                                        },
                                                        {
                                                            "Worker Number": 1,
                                                            "Actual Startup Time": 95.349,
                                                            "Actual Total Time": 95.35,
                                                            "Actual Rows": 68266,
                                                            "Actual Loops": 1
                                                        },
                                                        {
                                                            "Worker Number": 2,
                                                            "Actual Startup Time": 95.337,
                                                            "Actual Total Time": 95.338,
                                                            "Actual Rows": 72673,
                                                            "Actual Loops": 1
                                                        },
                                                        {
                                                            "Worker Number": 3,
                                                            "Actual Startup Time": 95.345,
                                                            "Actual Total Time": 95.346,
                                                            "Actual Rows": 74498,
                                                            "Actual Loops": 1
                                                        }
                                                    ],
                                                    "Plans": [
                                                        {
                                                            "Node Type": "Seq Scan",
                                                            "Parent Relationship": "Outer",
                                                            "Parallel Aware": true,
                                                            "Relation Name": "movie_companies",
                                                            "Schema": "public",
                                                            "Alias": "mc",
                                                            "Startup Cost": 0.0,
                                                            "Total Cost": 31414.82,
                                                            "Plan Rows": 81966,
                                                            "Plan Width": 4,
                                                            "Actual Startup Time": 0.08,
                                                            "Actual Total Time": 60.606,
                                                            "Actual Rows": 75171,
                                                            "Actual Loops": 5,
                                                            "Output": [
                                                                "mc.movie_id"
                                                            ],
                                                            "Filter": "((mc.company_id < 474) AND (mc.company_type_id = 1))",
                                                            "Rows Removed by Filter": 446655,
                                                            "Workers": [
                                                                {
                                                                    "Worker Number": 0,
                                                                    "Actual Startup Time": 0.072,
                                                                    "Actual Total Time": 61.167,
                                                                    "Actual Rows": 68004,
                                                                    "Actual Loops": 1
                                                                },
                                                                {
                                                                    "Worker Number": 1,
                                                                    "Actual Startup Time": 0.104,
                                                                    "Actual Total Time": 61.147,
                                                                    "Actual Rows": 68266,
                                                                    "Actual Loops": 1
                                                                },
                                                                {
                                                                    "Worker Number": 2,
                                                                    "Actual Startup Time": 0.103,
                                                                    "Actual Total Time": 60.474,
                                                                    "Actual Rows": 72673,
                                                                    "Actual Loops": 1
                                                                },
                                                                {
                                                                    "Worker Number": 3,
                                                                    "Actual Startup Time": 0.094,
                                                                    "Actual Total Time": 60.149,
                                                                    "Actual Rows": 74498,
                                                                    "Actual Loops": 1
                                                                }
                                                            ]
                                                        }
                                                    ]
                                                }
                                            ]
                                        },
                                        {
                                            "Node Type": "Index Scan",
                                            "Parent Relationship": "Inner",
                                            "Parallel Aware": false,
                                            "Scan Direction": "Forward",
                                            "Index Name": "movie_id_movie_info",
                                            "Relation Name": "movie_info",
                                            "Schema": "public",
                                            "Alias": "mi",
                                            "Startup Cost": 0.43,
                                            "Total Cost": 1.56,
                                            "Plan Rows": 13,
                                            "Plan Width": 4,
                                            "Actual Startup Time": 0.004,
                                            "Actual Total Time": 0.01,
                                            "Actual Rows": 3,
                                            "Actual Loops": 375853,
                                            "Output": [
                                                "mi.id",
                                                "mi.movie_id",
                                                "mi.info_type_id",
                                                "mi.info",
                                                "mi.note"
                                            ],
                                            "Index Cond": "(mi.movie_id = t.id)",
                                            "Rows Removed by Index Recheck": 0,
                                            "Filter": "(mi.info_type_id < 5)",
                                            "Rows Removed by Filter": 18,
                                            "Workers": [
                                                {
                                                    "Worker Number": 0,
                                                    "Actual Startup Time": 0.005,
                                                    "Actual Total Time": 0.011,
                                                    "Actual Rows": 3,
                                                    "Actual Loops": 71286
                                                },
                                                {
                                                    "Worker Number": 1,
                                                    "Actual Startup Time": 0.005,
                                                    "Actual Total Time": 0.01,
                                                    "Actual Rows": 3,
                                                    "Actual Loops": 71902
                                                },
                                                {
                                                    "Worker Number": 2,
                                                    "Actual Startup Time": 0.005,
                                                    "Actual Total Time": 0.011,
                                                    "Actual Rows": 3,
                                                    "Actual Loops": 70760
                                                },
                                                {
                                                    "Worker Number": 3,
                                                    "Actual Startup Time": 0.005,
                                                    "Actual Total Time": 0.011,
                                                    "Actual Rows": 3,
                                                    "Actual Loops": 71288
                                                }
                                            ]
                                        }
                                    ]
                                }
                            ]
                        }
                    ]
                }
            ]
        },
        "Planning Time": 188.988,
        "Triggers": [],
        "Execution Time": 1179.12
    }
]