[
  {
    "Plan": {
      "Node Type": "Aggregate",
      "Strategy": "Plain",
      "Partial Mode": "Finalize",
      "Parallel Aware": false,
      "Startup Cost": 45970.53,
      "Total Cost": 45970.54,
      "Plan Rows": 1,
      "Plan Width": 8,
      "Actual Startup Time": 152.031,
      "Actual Total Time": 160.899,
      "Actual Rows": 1,
      "Actual Loops": 1,
      "Plans": [
        {
          "Node Type": "Gather",
          "Parent Relationship": "Outer",
          "Parallel Aware": false,
          "Startup Cost": 45970.22,
          "Total Cost": 45970.53,
          "Plan Rows": 3,
          "Plan Width": 8,
          "Actual Startup Time": 151.907,
          "Actual Total Time": 160.892,
          "Actual Rows": 4,
          "Actual Loops": 1,
          "Workers Planned": 3,
          "Workers Launched": 3,
          "Single Copy": false,
          "Plans": [
            {
              "Node Type": "Aggregate",
              "Strategy": "Plain",
              "Partial Mode": "Partial",
              "Parent Relationship": "Outer",
              "Parallel Aware": false,
              "Startup Cost": 44970.22,
              "Total Cost": 44970.23,
              "Plan Rows": 1,
              "Plan Width": 8,
              "Actual Startup Time": 147.896,
              "Actual Total Time": 147.897,
              "Actual Rows": 1,
              "Actual Loops": 4,
              "Plans": [
                {
                  "Node Type": "Seq Scan",
                  "Parent Relationship": "Outer",
                  "Parallel Aware": true,
                  "Relation Name": "movie_keyword",
                  "Alias": "mk",
                  "Startup Cost": 0.0,
                  "Total Cost": 42695.65,
                  "Plan Rows": 909825,
                  "Plan Width": 0,
                  "Actual Startup Time": 0.029,
                  "Actual Total Time": 116.029,
                  "Actual Rows": 707428,
                  "Actual Loops": 4,
                  "Filter": "(keyword_id < 8528)",
                  "Rows Removed by Filter": 423554
                }
              ]
            }
          ]
        }
      ]
    },
    "Planning Time": 0.114,
    "Triggers": [],
    "Execution Time": 160.933
  }
]