[
  {
    "Plan": {
      "Node Type": "Aggregate",
      "Strategy": "Plain",
      "Partial Mode": "Finalize",
      "Parallel Aware": false,
      "Startup Cost": 52117.23,
      "Total Cost": 52117.24,
      "Plan Rows": 1,
      "Plan Width": 8,
      "Actual Startup Time": 48.835,
      "Actual Total Time": 54.704,
      "Actual Rows": 1,
      "Actual Loops": 1,
      "Plans": [
        {
          "Node Type": "Gather",
          "Parent Relationship": "Outer",
          "Parallel Aware": false,
          "Startup Cost": 52116.91,
          "Total Cost": 52117.22,
          "Plan Rows": 3,
          "Plan Width": 8,
          "Actual Startup Time": 48.646,
          "Actual Total Time": 54.691,
          "Actual Rows": 4,
          "Actual Loops": 1,
          "Workers Planned": 3,
          "Workers Launched": 3,
          "Single Copy": false,
          "Plans": [
            {
              "Node Type": "Aggregate",
              "Strategy": "Plain",
              "Partial Mode": "Partial",
              "Parent Relationship": "Outer",
              "Parallel Aware": false,
              "Startup Cost": 51116.91,
              "Total Cost": 51116.92,
              "Plan Rows": 1,
              "Plan Width": 8,
              "Actual Startup Time": 39.483,
              "Actual Total Time": 39.485,
              "Actual Rows": 1,
              "Actual Loops": 4,
              "Plans": [
                {
                  "Node Type": "Nested Loop",
                  "Parent Relationship": "Outer",
                  "Parallel Aware": false,
                  "Join Type": "Inner",
                  "Startup Cost": 236.49,
                  "Total Cost": 51103.73,
                  "Plan Rows": 5271,
                  "Plan Width": 0,
                  "Actual Startup Time": 1.79,
                  "Actual Total Time": 38.599,
                  "Actual Rows": 13372,
                  "Actual Loops": 4,
                  "Inner Unique": false,
                  "Plans": [
                    {
                      "Node Type": "Bitmap Heap Scan",
                      "Parent Relationship": "Outer",
                      "Parallel Aware": true,
                      "Relation Name": "title",
                      "Alias": "t",
                      "Startup Cost": 236.06,
                      "Total Cost": 26052.38,
                      "Plan Rows": 2955,
                      "Plan Width": 4,
                      "Actual Startup Time": 1.468,
                      "Actual Total Time": 14.137,
                      "Actual Rows": 2214,
                      "Actual Loops": 4,
                      "Recheck Cond": "(kind_id = 6)",
                      "Rows Removed by Index Recheck": 0,
                      "Filter": "(production_year > 1989)",
                      "Rows Removed by Filter": 936,
                      "Exact Heap Blocks": 5281,
                      "Lossy Heap Blocks": 0,
                      "Plans": [
                        {
                          "Node Type": "Bitmap Index Scan",
                          "Parent Relationship": "Outer",
                          "Parallel Aware": false,
                          "Index Name": "kind_id_title",
                          "Startup Cost": 0.0,
                          "Total Cost": 233.77,
                          "Plan Rows": 12979,
                          "Plan Width": 0,
                          "Actual Startup Time": 3.625,
                          "Actual Total Time": 3.626,
                          "Actual Rows": 12600,
                          "Actual Loops": 1,
                          "Index Cond": "(kind_id = 6)"
                        }
                      ]
                    },
                    {
                      "Node Type": "Index Scan",
                      "Parent Relationship": "Inner",
                      "Parallel Aware": false,
                      "Scan Direction": "Forward",
                      "Index Name": "movie_id_movie_keyword",
                      "Relation Name": "movie_keyword",
                      "Alias": "mk",
                      "Startup Cost": 0.43,
                      "Total Cost": 8.02,
                      "Plan Rows": 46,
                      "Plan Width": 4,
                      "Actual Startup Time": 0.009,
                      "Actual Total Time": 0.01,
                      "Actual Rows": 6,
                      "Actual Loops": 8858,
                      "Index Cond": "(movie_id = t.id)",
                      "Rows Removed by Index Recheck": 0,
                      "Filter": "(keyword_id > 1)",
                      "Rows Removed by Filter": 0
                    }
                  ]
                }
              ]
            }
          ]
        }
      ]
    },
    "Planning Time": 0.268,
    "Triggers": [],
    "Execution Time": 54.75
  }
]