[
  {
    "Plan": {
      "Node Type": "Aggregate",
      "Strategy": "Plain",
      "Partial Mode": "Finalize",
      "Parallel Aware": false,
      "Startup Cost": 343177.74,
      "Total Cost": 343177.75,
      "Plan Rows": 1,
      "Plan Width": 8,
      "Actual Startup Time": 893.704,
      "Actual Total Time": 943.117,
      "Actual Rows": 1,
      "Actual Loops": 1,
      "Plans": [
        {
          "Node Type": "Gather",
          "Parent Relationship": "Outer",
          "Parallel Aware": false,
          "Startup Cost": 343177.12,
          "Total Cost": 343177.73,
          "Plan Rows": 6,
          "Plan Width": 8,
          "Actual Startup Time": 893.489,
          "Actual Total Time": 943.1,
          "Actual Rows": 7,
          "Actual Loops": 1,
          "Workers Planned": 6,
          "Workers Launched": 6,
          "Single Copy": false,
          "Plans": [
            {
              "Node Type": "Aggregate",
              "Strategy": "Plain",
              "Partial Mode": "Partial",
              "Parent Relationship": "Outer",
              "Parallel Aware": false,
              "Startup Cost": 342177.12,
              "Total Cost": 342177.13,
              "Plan Rows": 1,
              "Plan Width": 8,
              "Actual Startup Time": 885.568,
              "Actual Total Time": 885.569,
              "Actual Rows": 1,
              "Actual Loops": 7,
              "Plans": [
                {
                  "Node Type": "Seq Scan",
                  "Parent Relationship": "Outer",
                  "Parallel Aware": true,
                  "Relation Name": "cast_info",
                  "Alias": "ci",
                  "Startup Cost": 0.0,
                  "Total Cost": 328211.39,
                  "Plan Rows": 5586290,
                  "Plan Width": 0,
                  "Actual Startup Time": 0.055,
                  "Actual Total Time": 653.234,
                  "Actual Rows": 4801985,
                  "Actual Loops": 7,
                  "Filter": "(person_id < 3553639)",
                  "Rows Removed by Filter": 375778
                }
              ]
            }
          ]
        }
      ]
    },
    "Planning Time": 0.269,
    "Triggers": [],
    "Execution Time": 943.192
  }
]