[
  {
    "Plan": {
      "Node Type": "Aggregate",
      "Strategy": "Plain",
      "Partial Mode": "Finalize",
      "Parallel Aware": false,
      "Startup Cost": 127118.06,
      "Total Cost": 127118.07,
      "Plan Rows": 1,
      "Plan Width": 8,
      "Actual Startup Time": 840.54,
      "Actual Total Time": 865.042,
      "Actual Rows": 1,
      "Actual Loops": 1,
      "Plans": [
        {
          "Node Type": "Gather",
          "Parent Relationship": "Outer",
          "Parallel Aware": false,
          "Startup Cost": 127117.74,
          "Total Cost": 127118.05,
          "Plan Rows": 3,
          "Plan Width": 8,
          "Actual Startup Time": 822.179,
          "Actual Total Time": 865.031,
          "Actual Rows": 4,
          "Actual Loops": 1,
          "Workers Planned": 3,
          "Workers Launched": 3,
          "Single Copy": false,
          "Plans": [
            {
              "Node Type": "Aggregate",
              "Strategy": "Plain",
              "Partial Mode": "Partial",
              "Parent Relationship": "Outer",
              "Parallel Aware": false,
              "Startup Cost": 126117.74,
              "Total Cost": 126117.75,
              "Plan Rows": 1,
              "Plan Width": 8,
              "Actual Startup Time": 813.282,
              "Actual Total Time": 813.427,
              "Actual Rows": 1,
              "Actual Loops": 4,
              "Plans": [
                {
                  "Node Type": "Hash Join",
                  "Parent Relationship": "Outer",
                  "Parallel Aware": true,
                  "Join Type": "Inner",
                  "Startup Cost": 94500.42,
                  "Total Cost": 125569.97,
                  "Plan Rows": 219109,
                  "Plan Width": 0,
                  "Actual Startup Time": 537.251,
                  "Actual Total Time": 763.257,
                  "Actual Rows": 1278830,
                  "Actual Loops": 4,
                  "Inner Unique": false,
                  "Hash Cond": "(mc.movie_id = t.id)",
                  "Plans": [
                    {
                      "Node Type": "Seq Scan",
                      "Parent Relationship": "Outer",
                      "Parallel Aware": true,
                      "Relation Name": "movie_companies",
                      "Alias": "mc",
                      "Startup Cost": 0.0,
                      "Total Cost": 27206.55,
                      "Plan Rows": 841655,
                      "Plan Width": 4,
                      "Actual Startup Time": 0.03,
                      "Actual Total Time": 54.345,
                      "Actual Rows": 652282,
                      "Actual Loops": 4
                    },
                    {
                      "Node Type": "Hash",
                      "Parent Relationship": "Inner",
                      "Parallel Aware": true,
                      "Startup Cost": 91846.42,
                      "Total Cost": 91846.42,
                      "Plan Rows": 212320,
                      "Plan Width": 8,
                      "Actual Startup Time": 526.651,
                      "Actual Total Time": 526.794,
                      "Actual Rows": 162302,
                      "Actual Loops": 4,
                      "Hash Buckets": 1048576,
                      "Original Hash Buckets": 1048576,
                      "Hash Batches": 1,
                      "Original Hash Batches": 1,
                      "Peak Memory Usage": 33664,
                      "Plans": [
                        {
                          "Node Type": "Hash Join",
                          "Parent Relationship": "Outer",
                          "Parallel Aware": true,
                          "Join Type": "Inner",
                          "Startup Cost": 64181.07,
                          "Total Cost": 91846.42,
                          "Plan Rows": 212320,
                          "Plan Width": 8,
                          "Actual Startup Time": 366.793,
                          "Actual Total Time": 472.804,
                          "Actual Rows": 162302,
                          "Actual Loops": 4,
                          "Inner Unique": true,
                          "Hash Cond": "(mk.movie_id = t.id)",
                          "Plans": [
                            {
                              "Node Type": "Bitmap Heap Scan",
                              "Parent Relationship": "Outer",
                              "Parallel Aware": true,
                              "Relation Name": "movie_keyword",
                              "Alias": "mk",
                              "Startup Cost": 13961.43,
                              "Total Cost": 41069.43,
                              "Plan Rows": 212320,
                              "Plan Width": 4,
                              "Actual Startup Time": 40.677,
                              "Actual Total Time": 96.327,
                              "Actual Rows": 162302,
                              "Actual Loops": 4,
                              "Recheck Cond": "(keyword_id > 29018)",
                              "Rows Removed by Index Recheck": 0,
                              "Exact Heap Blocks": 6645,
                              "Lossy Heap Blocks": 0,
                              "Plans": [
                                {
                                  "Node Type": "Bitmap Index Scan",
                                  "Parent Relationship": "Outer",
                                  "Parallel Aware": false,
                                  "Index Name": "keyword_id_movie_keyword",
                                  "Startup Cost": 0.0,
                                  "Total Cost": 13796.88,
                                  "Plan Rows": 658193,
                                  "Plan Width": 0,
                                  "Actual Startup Time": 36.843,
                                  "Actual Total Time": 36.844,
                                  "Actual Rows": 649208,
                                  "Actual Loops": 1,
                                  "Index Cond": "(keyword_id > 29018)"
                                }
                              ]
                            },
                            {
                              "Node Type": "Hash",
                              "Parent Relationship": "Inner",
                              "Parallel Aware": true,
                              "Startup Cost": 42318.73,
                              "Total Cost": 42318.73,
                              "Plan Rows": 632073,
                              "Plan Width": 4,
                              "Actual Startup Time": 318.4,
                              "Actual Total Time": 318.401,
                              "Actual Rows": 632078,
                              "Actual Loops": 4,
                              "Hash Buckets": 4194304,
                              "Original Hash Buckets": 4194304,
                              "Hash Batches": 1,
                              "Original Hash Batches": 1,
                              "Peak Memory Usage": 131776,
                              "Plans": [
                                {
                                  "Node Type": "Seq Scan",
                                  "Parent Relationship": "Outer",
                                  "Parallel Aware": true,
                                  "Relation Name": "title",
                                  "Alias": "t",
                                  "Startup Cost": 0.0,
                                  "Total Cost": 42318.73,
                                  "Plan Rows": 632073,
                                  "Plan Width": 4,
                                  "Actual Startup Time": 0.037,
                                  "Actual Total Time": 93.163,
                                  "Actual Rows": 632078,
                                  "Actual Loops": 4
                                }
                              ]
                            }
                          ]
                        }
                      ]
                    }
                  ]
                }
              ]
            }
          ]
        }
      ]
    },
    "Planning Time": 1.369,
    "Triggers": [],
    "Execution Time": 865.145
  }
]