{
  "Plan": {
    "Node Type": "Aggregate",
    "Strategy": "Plain",
    "Partial Mode": "Finalize",
    "Parallel Aware": false,
    "Startup Cost": 293699.29,
    "Total Cost": 293699.3,
    "Plan Rows": 1,
    "Plan Width": 8,
    "Actual Startup Time": 1317.015,
    "Actual Total Time": 1331.572,
    "Actual Rows": 1,
    "Actual Loops": 1,
    "Plans": [
      {
        "Node Type": "Gather",
        "Parent Relationship": "Outer",
        "Parallel Aware": false,
        "Startup Cost": 293699.18,
        "Total Cost": 293699.29,
        "Plan Rows": 1,
        "Plan Width": 8,
        "Actual Startup Time": 1263.49,
        "Actual Total Time": 1331.562,
        "Actual Rows": 2,
        "Actual Loops": 1,
        "Workers Planned": 1,
        "Workers Launched": 1,
        "Single Copy": false,
        "Plans": [
          {
            "Node Type": "Aggregate",
            "Strategy": "Plain",
            "Partial Mode": "Partial",
            "Parent Relationship": "Outer",
            "Parallel Aware": false,
            "Startup Cost": 292699.18,
            "Total Cost": 292699.19,
            "Plan Rows": 1,
            "Plan Width": 8,
            "Actual Startup Time": 1280.686,
            "Actual Total Time": 1280.695,
            "Actual Rows": 1,
            "Actual Loops": 2,
            "Plans": [
              {
                "Node Type": "Merge Join",
                "Parent Relationship": "Outer",
                "Parallel Aware": false,
                "Join Type": "Inner",
                "Startup Cost": 288573.22,
                "Total Cost": 292624.7,
                "Plan Rows": 29792,
                "Plan Width": 0,
                "Actual Startup Time": 1175.888,
                "Actual Total Time": 1275.793,
                "Actual Rows": 114001,
                "Actual Loops": 2,
                "Inner Unique": false,
                "Merge Cond": "(ci.movie_id = t.id)",
                "Plans": [
                  {
                    "Node Type": "Sort",
                    "Parent Relationship": "Outer",
                    "Parallel Aware": false,
                    "Startup Cost": 190913.69,
                    "Total Cost": 192492.62,
                    "Plan Rows": 631569,
                    "Plan Width": 4,
                    "Actual Startup Time": 572.637,
                    "Actual Total Time": 658.784,
                    "Actual Rows": 1000304,
                    "Actual Loops": 2,
                    "Sort Key": [
                      "ci.movie_id"
                    ],
                    "Sort Method": "quicksort",
                    "Sort Space Used": 98305,
                    "Sort Space Type": "Memory",
                    "Workers": [
                      {
                        "Worker Number": 0,
                        "Sort Method": "quicksort",
                        "Sort Space Used": 69211,
                        "Sort Space Type": "Memory"
                      }
                    ],
                    "Plans": [
                      {
                        "Node Type": "Index Scan",
                        "Parent Relationship": "Outer",
                        "Parallel Aware": true,
                        "Scan Direction": "Forward",
                        "Index Name": "role_id_cast_info",
                        "Relation Name": "cast_info",
                        "Alias": "ci",
                        "Startup Cost": 0.56,
                        "Total Cost": 130066.5,
                        "Plan Rows": 631569,
                        "Plan Width": 4,
                        "Actual Startup Time": 58.258,
                        "Actual Total Time": 334.461,
                        "Actual Rows": 1000392,
                        "Actual Loops": 2,
                        "Index Cond": "(role_id = 3)",
                        "Rows Removed by Index Recheck": 0,
                        "Filter": "(person_id > 2753574)",
                        "Rows Removed by Filter": 1003627
                      }
                    ]
                  },
                  {
                    "Node Type": "Sort",
                    "Parent Relationship": "Inner",
                    "Parallel Aware": false,
                    "Startup Cost": 97659.46,
                    "Total Cost": 97957.63,
                    "Plan Rows": 119265,
                    "Plan Width": 8,
                    "Actual Startup Time": 519.904,
                    "Actual Total Time": 531.101,
                    "Actual Rows": 251578,
                    "Actual Loops": 2,
                    "Sort Key": [
                      "t.id"
                    ],
                    "Sort Method": "quicksort",
                    "Sort Space Used": 15983,
                    "Sort Space Type": "Memory",
                    "Workers": [
                      {
                        "Worker Number": 0,
                        "Sort Method": "quicksort",
                        "Sort Space Used": 15983,
                        "Sort Space Type": "Memory"
                      }
                    ],
                    "Plans": [
                      {
                        "Node Type": "Hash Join",
                        "Parent Relationship": "Outer",
                        "Parallel Aware": false,
                        "Join Type": "Inner",
                        "Startup Cost": 72791.87,
                        "Total Cost": 87603.15,
                        "Plan Rows": 119265,
                        "Plan Width": 8,
                        "Actual Startup Time": 334.069,
                        "Actual Total Time": 476.968,
                        "Actual Rows": 209880,
                        "Actual Loops": 2,
                        "Inner Unique": true,
                        "Hash Cond": "(mi_idx.movie_id = t.id)",
                        "Plans": [
                          {
                            "Node Type": "Bitmap Heap Scan",
                            "Parent Relationship": "Outer",
                            "Parallel Aware": false,
                            "Relation Name": "movie_info_idx",
                            "Alias": "mi_idx",
                            "Startup Cost": 8223.81,
                            "Total Cost": 21841.68,
                            "Plan Rows": 454630,
                            "Plan Width": 4,
                            "Actual Startup Time": 20.881,
                            "Actual Total Time": 70.798,
                            "Actual Rows": 459925,
                            "Actual Loops": 2,
                            "Recheck Cond": "(info_type_id < 100)",
                            "Rows Removed by Index Recheck": 0,
                            "Exact Heap Blocks": 7934,
                            "Lossy Heap Blocks": 0,
                            "Plans": [
                              {
                                "Node Type": "Bitmap Index Scan",
                                "Parent Relationship": "Outer",
                                "Parallel Aware": false,
                                "Index Name": "info_type_id_movie_info_idx",
                                "Startup Cost": 0.0,
                                "Total Cost": 8110.15,
                                "Plan Rows": 454630,
                                "Plan Width": 0,
                                "Actual Startup Time": 19.955,
                                "Actual Total Time": 19.956,
                                "Actual Rows": 459925,
                                "Actual Loops": 2,
                                "Index Cond": "(info_type_id < 100)"
                              }
                            ]
                          },
                          {
                            "Node Type": "Hash",
                            "Parent Relationship": "Inner",
                            "Parallel Aware": false,
                            "Startup Cost": 56277.36,
                            "Total Cost": 56277.36,
                            "Plan Rows": 663256,
                            "Plan Width": 4,
                            "Actual Startup Time": 243.814,
                            "Actual Total Time": 243.816,
                            "Actual Rows": 662825,
                            "Actual Loops": 2,
                            "Hash Buckets": 1048576,
                            "Original Hash Buckets": 1048576,
                            "Hash Batches": 1,
                            "Original Hash Batches": 1,
                            "Peak Memory Usage": 31495,
                            "Plans": [
                              {
                                "Node Type": "Bitmap Heap Scan",
                                "Parent Relationship": "Outer",
                                "Parallel Aware": false,
                                "Relation Name": "title",
                                "Alias": "t",
                                "Startup Cost": 11988.66,
                                "Total Cost": 56277.36,
                                "Plan Rows": 663256,
                                "Plan Width": 4,
                                "Actual Startup Time": 20.212,
                                "Actual Total Time": 110.727,
                                "Actual Rows": 662825,
                                "Actual Loops": 2,
                                "Recheck Cond": "(kind_id = 1)",
                                "Rows Removed by Index Recheck": 0,
                                "Exact Heap Blocks": 12863,
                                "Lossy Heap Blocks": 0,
                                "Plans": [
                                  {
                                    "Node Type": "Bitmap Index Scan",
                                    "Parent Relationship": "Outer",
                                    "Parallel Aware": false,
                                    "Index Name": "kind_id_title",
                                    "Startup Cost": 0.0,
                                    "Total Cost": 11822.85,
                                    "Plan Rows": 663256,
                                    "Plan Width": 0,
                                    "Actual Startup Time": 18.752,
                                    "Actual Total Time": 18.752,
                                    "Actual Rows": 662825,
                                    "Actual Loops": 2,
                                    "Index Cond": "(kind_id = 1)"
                                  }
                                ]
                              }
                            ]
                          }
                        ]
                      }
                    ]
                  }
                ]
              }
            ]
          }
        ]
      }
    ]
  },
  "Planning Time": 1.205,
  "Triggers": [],
  "Execution Time": 1340.781
}