[
  {
    "Plan": {
      "Node Type": "Aggregate",
      "Strategy": "Plain",
      "Partial Mode": "Finalize",
      "Parallel Aware": false,
      "Startup Cost": 44525.71,
      "Total Cost": 44525.72,
      "Plan Rows": 1,
      "Plan Width": 8,
      "Actual Startup Time": 133.011,
      "Actual Total Time": 141.91,
      "Actual Rows": 1,
      "Actual Loops": 1,
      "Plans": [
        {
          "Node Type": "Gather",
          "Parent Relationship": "Outer",
          "Parallel Aware": false,
          "Startup Cost": 44525.4,
          "Total Cost": 44525.71,
          "Plan Rows": 3,
          "Plan Width": 8,
          "Actual Startup Time": 132.896,
          "Actual Total Time": 141.901,
          "Actual Rows": 4,
          "Actual Loops": 1,
          "Workers Planned": 3,
          "Workers Launched": 3,
          "Single Copy": false,
          "Plans": [
            {
              "Node Type": "Aggregate",
              "Strategy": "Plain",
              "Partial Mode": "Partial",
              "Parent Relationship": "Outer",
              "Parallel Aware": false,
              "Startup Cost": 43525.4,
              "Total Cost": 43525.41,
              "Plan Rows": 1,
              "Plan Width": 8,
              "Actual Startup Time": 126.342,
              "Actual Total Time": 126.343,
              "Actual Rows": 1,
              "Actual Loops": 4,
              "Plans": [
                {
                  "Node Type": "Seq Scan",
                  "Parent Relationship": "Outer",
                  "Parallel Aware": true,
                  "Relation Name": "movie_keyword",
                  "Alias": "mk",
                  "Startup Cost": 0.0,
                  "Total Cost": 42695.65,
                  "Plan Rows": 331897,
                  "Plan Width": 0,
                  "Actual Startup Time": 3.595,
                  "Actual Total Time": 112.742,
                  "Actual Rows": 256318,
                  "Actual Loops": 4,
                  "Filter": "(keyword_id > 17491)",
                  "Rows Removed by Filter": 874664
                }
              ]
            }
          ]
        }
      ]
    },
    "Planning Time": 0.186,
    "Triggers": [],
    "Execution Time": 141.966
  }
]