[
  {
    "Plan": {
      "Node Type": "Aggregate",
      "Strategy": "Plain",
      "Partial Mode": "Finalize",
      "Parallel Aware": false,
      "Startup Cost": 339897.93,
      "Total Cost": 339897.94,
      "Plan Rows": 1,
      "Plan Width": 8,
      "Actual Startup Time": 759.207,
      "Actual Total Time": 815.009,
      "Actual Rows": 1,
      "Actual Loops": 1,
      "Plans": [
        {
          "Node Type": "Gather",
          "Parent Relationship": "Outer",
          "Parallel Aware": false,
          "Startup Cost": 339897.31,
          "Total Cost": 339897.92,
          "Plan Rows": 6,
          "Plan Width": 8,
          "Actual Startup Time": 759.077,
          "Actual Total Time": 815.0,
          "Actual Rows": 7,
          "Actual Loops": 1,
          "Workers Planned": 6,
          "Workers Launched": 6,
          "Single Copy": false,
          "Plans": [
            {
              "Node Type": "Aggregate",
              "Strategy": "Plain",
              "Partial Mode": "Partial",
              "Parent Relationship": "Outer",
              "Parallel Aware": false,
              "Startup Cost": 338897.31,
              "Total Cost": 338897.32,
              "Plan Rows": 1,
              "Plan Width": 8,
              "Actual Startup Time": 750.751,
              "Actual Total Time": 750.752,
              "Actual Rows": 1,
              "Actual Loops": 7,
              "Plans": [
                {
                  "Node Type": "Seq Scan",
                  "Parent Relationship": "Outer",
                  "Parallel Aware": true,
                  "Relation Name": "cast_info",
                  "Alias": "ci",
                  "Startup Cost": 0.0,
                  "Total Cost": 328162.03,
                  "Plan Rows": 4294113,
                  "Plan Width": 0,
                  "Actual Startup Time": 113.03,
                  "Actual Total Time": 600.985,
                  "Actual Rows": 3676976,
                  "Actual Loops": 7,
                  "Filter": "(person_id > 1031778)",
                  "Rows Removed by Filter": 1500787
                }
              ]
            }
          ]
        }
      ]
    },
    "Planning Time": 0.127,
    "Triggers": [],
    "Execution Time": 815.064
  }
]