[
  {
    "Plan": {
      "Node Type": "Aggregate",
      "Strategy": "Plain",
      "Partial Mode": "Finalize",
      "Parallel Aware": false,
      "Startup Cost": 250975.03,
      "Total Cost": 250975.04,
      "Plan Rows": 1,
      "Plan Width": 8,
      "Actual Startup Time": 1473.463,
      "Actual Total Time": 1552.648,
      "Actual Rows": 1,
      "Actual Loops": 1,
      "Plans": [
        {
          "Node Type": "Gather",
          "Parent Relationship": "Outer",
          "Parallel Aware": false,
          "Startup Cost": 250974.71,
          "Total Cost": 250975.02,
          "Plan Rows": 3,
          "Plan Width": 8,
          "Actual Startup Time": 1471.921,
          "Actual Total Time": 1552.64,
          "Actual Rows": 4,
          "Actual Loops": 1,
          "Workers Planned": 3,
          "Workers Launched": 3,
          "Single Copy": false,
          "Plans": [
            {
              "Node Type": "Aggregate",
              "Strategy": "Plain",
              "Partial Mode": "Partial",
              "Parent Relationship": "Outer",
              "Parallel Aware": false,
              "Startup Cost": 249974.71,
              "Total Cost": 249974.72,
              "Plan Rows": 1,
              "Plan Width": 8,
              "Actual Startup Time": 1462.044,
              "Actual Total Time": 1462.047,
              "Actual Rows": 1,
              "Actual Loops": 4,
              "Plans": [
                {
                  "Node Type": "Nested Loop",
                  "Parent Relationship": "Outer",
                  "Parallel Aware": false,
                  "Join Type": "Inner",
                  "Startup Cost": 57814.39,
                  "Total Cost": 248616.5,
                  "Plan Rows": 543284,
                  "Plan Width": 0,
                  "Actual Startup Time": 179.143,
                  "Actual Total Time": 1405.82,
                  "Actual Rows": 1233978,
                  "Actual Loops": 4,
                  "Inner Unique": false,
                  "Join Filter": "(t.id = ci.movie_id)",
                  "Rows Removed by Join Filter": 0,
                  "Plans": [
                    {
                      "Node Type": "Hash Join",
                      "Parent Relationship": "Outer",
                      "Parallel Aware": true,
                      "Join Type": "Inner",
                      "Startup Cost": 57813.82,
                      "Total Cost": 85099.97,
                      "Plan Rows": 37915,
                      "Plan Width": 8,
                      "Actual Startup Time": 179.016,
                      "Actual Total Time": 275.888,
                      "Actual Rows": 42150,
                      "Actual Loops": 4,
                      "Inner Unique": true,
                      "Hash Cond": "(mk.movie_id = t.id)",
                      "Plans": [
                        {
                          "Node Type": "Bitmap Heap Scan",
                          "Parent Relationship": "Outer",
                          "Parallel Aware": true,
                          "Relation Name": "movie_keyword",
                          "Alias": "mk",
                          "Startup Cost": 12315.11,
                          "Total Cost": 39109.73,
                          "Plan Rows": 187250,
                          "Plan Width": 4,
                          "Actual Startup Time": 36.08,
                          "Actual Total Time": 81.601,
                          "Actual Rows": 147710,
                          "Actual Loops": 4,
                          "Recheck Cond": "(keyword_id < 430)",
                          "Rows Removed by Index Recheck": 0,
                          "Exact Heap Blocks": 8088,
                          "Lossy Heap Blocks": 0,
                          "Plans": [
                            {
                              "Node Type": "Bitmap Index Scan",
                              "Parent Relationship": "Outer",
                              "Parallel Aware": false,
                              "Index Name": "keyword_id_movie_keyword",
                              "Startup Cost": 0.0,
                              "Total Cost": 12169.99,
                              "Plan Rows": 580474,
                              "Plan Width": 0,
                              "Actual Startup Time": 32.384,
                              "Actual Total Time": 32.384,
                              "Actual Rows": 590840,
                              "Actual Loops": 1,
                              "Index Cond": "(keyword_id < 430)"
                            }
                          ]
                        },
                        {
                          "Node Type": "Hash",
                          "Parent Relationship": "Inner",
                          "Parallel Aware": true,
                          "Startup Cost": 43898.92,
                          "Total Cost": 43898.92,
                          "Plan Rows": 127984,
                          "Plan Width": 4,
                          "Actual Startup Time": 139.6,
                          "Actual Total Time": 139.6,
                          "Actual Rows": 130934,
                          "Actual Loops": 4,
                          "Hash Buckets": 524288,
                          "Original Hash Buckets": 524288,
                          "Hash Batches": 1,
                          "Original Hash Batches": 1,
                          "Peak Memory Usage": 24640,
                          "Plans": [
                            {
                              "Node Type": "Seq Scan",
                              "Parent Relationship": "Outer",
                              "Parallel Aware": true,
                              "Relation Name": "title",
                              "Alias": "t",
                              "Startup Cost": 0.0,
                              "Total Cost": 43898.92,
                              "Plan Rows": 127984,
                              "Plan Width": 4,
                              "Actual Startup Time": 0.048,
                              "Actual Total Time": 96.224,
                              "Actual Rows": 130934,
                              "Actual Loops": 4,
                              "Filter": "(production_year < 1981)",
                              "Rows Removed by Filter": 501144
                            }
                          ]
                        }
                      ]
                    },
                    {
                      "Node Type": "Index Only Scan",
                      "Parent Relationship": "Inner",
                      "Parallel Aware": false,
                      "Scan Direction": "Forward",
                      "Index Name": "movie_id_cast_info",
                      "Relation Name": "cast_info",
                      "Alias": "ci",
                      "Startup Cost": 0.56,
                      "Total Cost": 3.85,
                      "Plan Rows": 37,
                      "Plan Width": 4,
                      "Actual Startup Time": 0.004,
                      "Actual Total Time": 0.024,
                      "Actual Rows": 29,
                      "Actual Loops": 168602,
                      "Index Cond": "(movie_id = mk.movie_id)",
                      "Rows Removed by Index Recheck": 0,
                      "Heap Fetches": 4935912
                    }
                  ]
                }
              ]
            }
          ]
        }
      ]
    },
    "Planning Time": 1.301,
    "Triggers": [],
    "Execution Time": 1552.782
  }
]