[
  {
    "Plan": {
      "Node Type": "Aggregate",
      "Strategy": "Plain",
      "Partial Mode": "Finalize",
      "Parallel Aware": false,
      "Startup Cost": 427060.43,
      "Total Cost": 427060.44,
      "Plan Rows": 1,
      "Plan Width": 8,
      "Actual Startup Time": 1706.596,
      "Actual Total Time": 1747.728,
      "Actual Rows": 1,
      "Actual Loops": 1,
      "Plans": [
        {
          "Node Type": "Gather",
          "Parent Relationship": "Outer",
          "Parallel Aware": false,
          "Startup Cost": 427060.11,
          "Total Cost": 427060.42,
          "Plan Rows": 3,
          "Plan Width": 8,
          "Actual Startup Time": 1678.814,
          "Actual Total Time": 1747.717,
          "Actual Rows": 4,
          "Actual Loops": 1,
          "Workers Planned": 3,
          "Workers Launched": 3,
          "Single Copy": false,
          "Plans": [
            {
              "Node Type": "Aggregate",
              "Strategy": "Plain",
              "Partial Mode": "Partial",
              "Parent Relationship": "Outer",
              "Parallel Aware": false,
              "Startup Cost": 426060.11,
              "Total Cost": 426060.12,
              "Plan Rows": 1,
              "Plan Width": 8,
              "Actual Startup Time": 1658.743,
              "Actual Total Time": 1658.938,
              "Actual Rows": 1,
              "Actual Loops": 4,
              "Plans": [
                {
                  "Node Type": "Hash Join",
                  "Parent Relationship": "Outer",
                  "Parallel Aware": true,
                  "Join Type": "Inner",
                  "Startup Cost": 392403.26,
                  "Total Cost": 424762.04,
                  "Plan Rows": 519226,
                  "Plan Width": 0,
                  "Actual Startup Time": 1306.125,
                  "Actual Total Time": 1617.949,
                  "Actual Rows": 1042693,
                  "Actual Loops": 4,
                  "Inner Unique": false,
                  "Hash Cond": "(mc.movie_id = t.id)",
                  "Plans": [
                    {
                      "Node Type": "Seq Scan",
                      "Parent Relationship": "Outer",
                      "Parallel Aware": true,
                      "Relation Name": "movie_companies",
                      "Alias": "mc",
                      "Startup Cost": 0.0,
                      "Total Cost": 29310.68,
                      "Plan Rows": 582058,
                      "Plan Width": 4,
                      "Actual Startup Time": 0.423,
                      "Actual Total Time": 67.061,
                      "Actual Rows": 452678,
                      "Actual Loops": 4,
                      "Filter": "(company_id > 1736)",
                      "Rows Removed by Filter": 199604
                    },
                    {
                      "Node Type": "Hash",
                      "Parent Relationship": "Inner",
                      "Parallel Aware": true,
                      "Startup Cost": 387704.58,
                      "Total Cost": 387704.58,
                      "Plan Rows": 375895,
                      "Plan Width": 8,
                      "Actual Startup Time": 1293.972,
                      "Actual Total Time": 1294.165,
                      "Actual Rows": 706665,
                      "Actual Loops": 4,
                      "Hash Buckets": 4194304,
                      "Original Hash Buckets": 4194304,
                      "Hash Batches": 1,
                      "Original Hash Batches": 1,
                      "Peak Memory Usage": 143392,
                      "Plans": [
                        {
                          "Node Type": "Hash Join",
                          "Parent Relationship": "Outer",
                          "Parallel Aware": true,
                          "Join Type": "Inner",
                          "Startup Cost": 125479.15,
                          "Total Cost": 387704.58,
                          "Plan Rows": 375895,
                          "Plan Width": 8,
                          "Actual Startup Time": 504.445,
                          "Actual Total Time": 1011.905,
                          "Actual Rows": 706665,
                          "Actual Loops": 4,
                          "Inner Unique": true,
                          "Hash Cond": "(ci.movie_id = t.id)",
                          "Plans": [
                            {
                              "Node Type": "Bitmap Heap Scan",
                              "Parent Relationship": "Outer",
                              "Parallel Aware": true,
                              "Relation Name": "cast_info",
                              "Alias": "ci",
                              "Startup Cost": 75259.51,
                              "Total Cost": 336498.21,
                              "Plan Rows": 375895,
                              "Plan Width": 4,
                              "Actual Startup Time": 157.307,
                              "Actual Total Time": 310.608,
                              "Actual Rows": 706665,
                              "Actual Loops": 4,
                              "Recheck Cond": "(person_id < 339163)",
                              "Rows Removed by Index Recheck": 0,
                              "Filter": "(role_id < 4)",
                              "Rows Removed by Filter": 180406,
                              "Exact Heap Blocks": 10924,
                              "Lossy Heap Blocks": 0,
                              "Plans": [
                                {
                                  "Node Type": "Bitmap Index Scan",
                                  "Parent Relationship": "Outer",
                                  "Parallel Aware": false,
                                  "Index Name": "person_id_cast_info",
                                  "Startup Cost": 0.0,
                                  "Total Cost": 74695.67,
                                  "Plan Rows": 3420680,
                                  "Plan Width": 0,
                                  "Actual Startup Time": 151.077,
                                  "Actual Total Time": 151.077,
                                  "Actual Rows": 3548284,
                                  "Actual Loops": 1,
                                  "Index Cond": "(person_id < 339163)"
                                }
                              ]
                            },
                            {
                              "Node Type": "Hash",
                              "Parent Relationship": "Inner",
                              "Parallel Aware": true,
                              "Startup Cost": 42318.73,
                              "Total Cost": 42318.73,
                              "Plan Rows": 632073,
                              "Plan Width": 4,
                              "Actual Startup Time": 341.077,
                              "Actual Total Time": 341.078,
                              "Actual Rows": 632078,
                              "Actual Loops": 4,
                              "Hash Buckets": 4194304,
                              "Original Hash Buckets": 4194304,
                              "Hash Batches": 1,
                              "Original Hash Batches": 1,
                              "Peak Memory Usage": 131744,
                              "Plans": [
                                {
                                  "Node Type": "Seq Scan",
                                  "Parent Relationship": "Outer",
                                  "Parallel Aware": true,
                                  "Relation Name": "title",
                                  "Alias": "t",
                                  "Startup Cost": 0.0,
                                  "Total Cost": 42318.73,
                                  "Plan Rows": 632073,
                                  "Plan Width": 4,
                                  "Actual Startup Time": 0.047,
                                  "Actual Total Time": 97.587,
                                  "Actual Rows": 632078,
                                  "Actual Loops": 4
                                }
                              ]
                            }
                          ]
                        }
                      ]
                    }
                  ]
                }
              ]
            }
          ]
        }
      ]
    },
    "Planning Time": 1.542,
    "Triggers": [],
    "Execution Time": 1747.838
  }
]