[
  {
    "Plan": {
      "Node Type": "Aggregate",
      "Strategy": "Plain",
      "Partial Mode": "Finalize",
      "Parallel Aware": false,
      "Startup Cost": 32829.96,
      "Total Cost": 32829.97,
      "Plan Rows": 1,
      "Plan Width": 8,
      "Actual Startup Time": 107.767,
      "Actual Total Time": 116.221,
      "Actual Rows": 1,
      "Actual Loops": 1,
      "Plans": [
        {
          "Node Type": "Gather",
          "Parent Relationship": "Outer",
          "Parallel Aware": false,
          "Startup Cost": 32829.64,
          "Total Cost": 32829.95,
          "Plan Rows": 3,
          "Plan Width": 8,
          "Actual Startup Time": 107.686,
          "Actual Total Time": 116.21,
          "Actual Rows": 4,
          "Actual Loops": 1,
          "Workers Planned": 3,
          "Workers Launched": 3,
          "Single Copy": false,
          "Plans": [
            {
              "Node Type": "Aggregate",
              "Strategy": "Plain",
              "Partial Mode": "Partial",
              "Parent Relationship": "Outer",
              "Parallel Aware": false,
              "Startup Cost": 31829.64,
              "Total Cost": 31829.65,
              "Plan Rows": 1,
              "Plan Width": 8,
              "Actual Startup Time": 99.88,
              "Actual Total Time": 99.882,
              "Actual Rows": 1,
              "Actual Loops": 4,
              "Plans": [
                {
                  "Node Type": "Seq Scan",
                  "Parent Relationship": "Outer",
                  "Parallel Aware": true,
                  "Relation Name": "movie_companies",
                  "Alias": "mc",
                  "Startup Cost": 0.0,
                  "Total Cost": 31414.82,
                  "Plan Rows": 165930,
                  "Plan Width": 0,
                  "Actual Startup Time": 0.045,
                  "Actual Total Time": 86.754,
                  "Actual Rows": 181162,
                  "Actual Loops": 4,
                  "Filter": "((company_id < 6036) AND (company_type_id < 2))",
                  "Rows Removed by Filter": 471120
                }
              ]
            }
          ]
        }
      ]
    },
    "Planning Time": 0.187,
    "Triggers": [],
    "Execution Time": 116.279
  }
]