{
  "Plan": {
    "Node Type": "Aggregate",
    "Strategy": "Plain",
    "Partial Mode": "Finalize",
    "Parallel Aware": false,
    "Startup Cost": 166835.42,
    "Total Cost": 166835.43,
    "Plan Rows": 1,
    "Plan Width": 8,
    "Actual Startup Time": 503.204,
    "Actual Total Time": 555.159,
    "Actual Rows": 1,
    "Actual Loops": 1,
    "Plans": [
      {
        "Node Type": "Gather",
        "Parent Relationship": "Outer",
        "Parallel Aware": false,
        "Startup Cost": 166835.3,
        "Total Cost": 166835.41,
        "Plan Rows": 1,
        "Plan Width": 8,
        "Actual Startup Time": 502.682,
        "Actual Total Time": 555.152,
        "Actual Rows": 2,
        "Actual Loops": 1,
        "Workers Planned": 1,
        "Workers Launched": 1,
        "Single Copy": false,
        "Plans": [
          {
            "Node Type": "Aggregate",
            "Strategy": "Plain",
            "Partial Mode": "Partial",
            "Parent Relationship": "Outer",
            "Parallel Aware": false,
            "Startup Cost": 165835.3,
            "Total Cost": 165835.31,
            "Plan Rows": 1,
            "Plan Width": 8,
            "Actual Startup Time": 496.602,
            "Actual Total Time": 496.607,
            "Actual Rows": 1,
            "Actual Loops": 2,
            "Plans": [
              {
                "Node Type": "Nested Loop",
                "Parent Relationship": "Outer",
                "Parallel Aware": false,
                "Join Type": "Inner",
                "Startup Cost": 28112.59,
                "Total Cost": 165367.27,
                "Plan Rows": 187213,
                "Plan Width": 0,
                "Actual Startup Time": 84.781,
                "Actual Total Time": 487.858,
                "Actual Rows": 174698,
                "Actual Loops": 2,
                "Inner Unique": false,
                "Plans": [
                  {
                    "Node Type": "Hash Join",
                    "Parent Relationship": "Outer",
                    "Parallel Aware": true,
                    "Join Type": "Inner",
                    "Startup Cost": 28112.16,
                    "Total Cost": 86533.83,
                    "Plan Rows": 32017,
                    "Plan Width": 8,
                    "Actual Startup Time": 84.715,
                    "Actual Total Time": 270.08,
                    "Actual Rows": 14267,
                    "Actual Loops": 2,
                    "Inner Unique": false,
                    "Hash Cond": "(t.id = mc.movie_id)",
                    "Plans": [
                      {
                        "Node Type": "Seq Scan",
                        "Parent Relationship": "Outer",
                        "Parallel Aware": true,
                        "Relation Name": "title",
                        "Alias": "t",
                        "Startup Cost": 0.0,
                        "Total Cost": 54588.39,
                        "Plan Rows": 583193,
                        "Plan Width": 4,
                        "Actual Startup Time": 0.011,
                        "Actual Total Time": 123.875,
                        "Actual Rows": 492524,
                        "Actual Loops": 2,
                        "Filter": "(kind_id < 7)",
                        "Rows Removed by Filter": 771632
                      },
                      {
                        "Node Type": "Hash",
                        "Parent Relationship": "Inner",
                        "Parallel Aware": true,
                        "Startup Cost": 27091.56,
                        "Total Cost": 27091.56,
                        "Plan Rows": 81648,
                        "Plan Width": 4,
                        "Actual Startup Time": 81.334,
                        "Actual Total Time": 81.336,
                        "Actual Rows": 32005,
                        "Actual Loops": 2,
                        "Hash Buckets": 262144,
                        "Original Hash Buckets": 262144,
                        "Hash Batches": 1,
                        "Original Hash Batches": 1,
                        "Peak Memory Usage": 4576,
                        "Plans": [
                          {
                            "Node Type": "Bitmap Heap Scan",
                            "Parent Relationship": "Outer",
                            "Parallel Aware": true,
                            "Relation Name": "movie_companies",
                            "Alias": "mc",
                            "Startup Cost": 5889.44,
                            "Total Cost": 27091.56,
                            "Plan Rows": 81648,
                            "Plan Width": 4,
                            "Actual Startup Time": 60.836,
                            "Actual Total Time": 74.68,
                            "Actual Rows": 32005,
                            "Actual Loops": 2,
                            "Recheck Cond": "(company_id < 145)",
                            "Rows Removed by Index Recheck": 0,
                            "Filter": "(company_type_id = 2)",
                            "Rows Removed by Filter": 103711,
                            "Exact Heap Blocks": 13986,
                            "Lossy Heap Blocks": 0,
                            "Plans": [
                              {
                                "Node Type": "Bitmap Index Scan",
                                "Parent Relationship": "Outer",
                                "Parallel Aware": false,
                                "Index Name": "company_id_movie_companies",
                                "Startup Cost": 0.0,
                                "Total Cost": 5854.74,
                                "Plan Rows": 273374,
                                "Plan Width": 0,
                                "Actual Startup Time": 26.273,
                                "Actual Total Time": 26.274,
                                "Actual Rows": 271432,
                                "Actual Loops": 1,
                                "Index Cond": "(company_id < 145)"
                              }
                            ]
                          }
                        ]
                      }
                    ]
                  },
                  {
                    "Node Type": "Index Only Scan",
                    "Parent Relationship": "Inner",
                    "Parallel Aware": false,
                    "Scan Direction": "Forward",
                    "Index Name": "movie_id_movie_info",
                    "Relation Name": "movie_info",
                    "Alias": "mi",
                    "Startup Cost": 0.43,
                    "Total Cost": 2.04,
                    "Plan Rows": 42,
                    "Plan Width": 4,
                    "Actual Startup Time": 0.005,
                    "Actual Total Time": 0.014,
                    "Actual Rows": 12,
                    "Actual Loops": 28534,
                    "Index Cond": "(movie_id = t.id)",
                    "Rows Removed by Index Recheck": 0,
                    "Heap Fetches": 349397
                  }
                ]
              }
            ]
          }
        ]
      }
    ]
  },
  "Planning Time": 1.01,
  "Triggers": [],
  "Execution Time": 555.286
}