[
  {
    "Plan": {
      "Node Type": "Aggregate",
      "Strategy": "Plain",
      "Partial Mode": "Finalize",
      "Parallel Aware": false,
      "Startup Cost": 32088.61,
      "Total Cost": 32088.62,
      "Plan Rows": 1,
      "Plan Width": 8,
      "Actual Startup Time": 136.369,
      "Actual Total Time": 147.616,
      "Actual Rows": 1,
      "Actual Loops": 1,
      "Plans": [
        {
          "Node Type": "Gather",
          "Parent Relationship": "Outer",
          "Parallel Aware": false,
          "Startup Cost": 32088.3,
          "Total Cost": 32088.61,
          "Plan Rows": 3,
          "Plan Width": 8,
          "Actual Startup Time": 136.254,
          "Actual Total Time": 147.607,
          "Actual Rows": 4,
          "Actual Loops": 1,
          "Workers Planned": 3,
          "Workers Launched": 3,
          "Single Copy": false,
          "Plans": [
            {
              "Node Type": "Aggregate",
              "Strategy": "Plain",
              "Partial Mode": "Partial",
              "Parent Relationship": "Outer",
              "Parallel Aware": false,
              "Startup Cost": 31088.3,
              "Total Cost": 31088.31,
              "Plan Rows": 1,
              "Plan Width": 8,
              "Actual Startup Time": 131.779,
              "Actual Total Time": 131.78,
              "Actual Rows": 1,
              "Actual Loops": 4,
              "Plans": [
                {
                  "Node Type": "Seq Scan",
                  "Parent Relationship": "Outer",
                  "Parallel Aware": true,
                  "Relation Name": "movie_companies",
                  "Alias": "mc",
                  "Startup Cost": 0.0,
                  "Total Cost": 29310.68,
                  "Plan Rows": 711046,
                  "Plan Width": 0,
                  "Actual Startup Time": 0.026,
                  "Actual Total Time": 98.52,
                  "Actual Rows": 551432,
                  "Actual Loops": 4,
                  "Filter": "(company_id < 81883)",
                  "Rows Removed by Filter": 100850
                }
              ]
            }
          ]
        }
      ]
    },
    "Planning Time": 0.19,
    "Triggers": [],
    "Execution Time": 147.678
  }
]