[
  {
    "Plan": {
      "Node Type": "Aggregate",
      "Strategy": "Plain",
      "Partial Mode": "Finalize",
      "Parallel Aware": false,
      "Startup Cost": 32093.74,
      "Total Cost": 32093.75,
      "Plan Rows": 1,
      "Plan Width": 8,
      "Actual Startup Time": 111.356,
      "Actual Total Time": 119.772,
      "Actual Rows": 1,
      "Actual Loops": 1,
      "Plans": [
        {
          "Node Type": "Gather",
          "Parent Relationship": "Outer",
          "Parallel Aware": false,
          "Startup Cost": 32093.43,
          "Total Cost": 32093.74,
          "Plan Rows": 3,
          "Plan Width": 8,
          "Actual Startup Time": 111.243,
          "Actual Total Time": 119.765,
          "Actual Rows": 4,
          "Actual Loops": 1,
          "Workers Planned": 3,
          "Workers Launched": 3,
          "Single Copy": false,
          "Plans": [
            {
              "Node Type": "Aggregate",
              "Strategy": "Plain",
              "Partial Mode": "Partial",
              "Parent Relationship": "Outer",
              "Parallel Aware": false,
              "Startup Cost": 31093.43,
              "Total Cost": 31093.44,
              "Plan Rows": 1,
              "Plan Width": 8,
              "Actual Startup Time": 105.615,
              "Actual Total Time": 105.616,
              "Actual Rows": 1,
              "Actual Loops": 4,
              "Plans": [
                {
                  "Node Type": "Seq Scan",
                  "Parent Relationship": "Outer",
                  "Parallel Aware": true,
                  "Relation Name": "movie_companies",
                  "Alias": "mc",
                  "Startup Cost": 0.0,
                  "Total Cost": 29310.68,
                  "Plan Rows": 713098,
                  "Plan Width": 0,
                  "Actual Startup Time": 0.031,
                  "Actual Total Time": 79.763,
                  "Actual Rows": 551432,
                  "Actual Loops": 4,
                  "Filter": "(company_id < 81883)",
                  "Rows Removed by Filter": 100850
                }
              ]
            }
          ]
        }
      ]
    },
    "Planning Time": 0.132,
    "Triggers": [],
    "Execution Time": 119.845
  }
]