[
  {
    "Plan": {
      "Node Type": "Aggregate",
      "Strategy": "Plain",
      "Partial Mode": "Finalize",
      "Parallel Aware": false,
      "Startup Cost": 287512.0,
      "Total Cost": 287512.01,
      "Plan Rows": 1,
      "Plan Width": 8,
      "Actual Startup Time": 1060.282,
      "Actual Total Time": 1108.918,
      "Actual Rows": 1,
      "Actual Loops": 1,
      "Plans": [
        {
          "Node Type": "Gather",
          "Parent Relationship": "Outer",
          "Parallel Aware": false,
          "Startup Cost": 287511.48,
          "Total Cost": 287511.99,
          "Plan Rows": 5,
          "Plan Width": 8,
          "Actual Startup Time": 1055.454,
          "Actual Total Time": 1108.904,
          "Actual Rows": 6,
          "Actual Loops": 1,
          "Workers Planned": 5,
          "Workers Launched": 5,
          "Single Copy": false,
          "Plans": [
            {
              "Node Type": "Aggregate",
              "Strategy": "Plain",
              "Partial Mode": "Partial",
              "Parent Relationship": "Outer",
              "Parallel Aware": false,
              "Startup Cost": 286511.48,
              "Total Cost": 286511.49,
              "Plan Rows": 1,
              "Plan Width": 8,
              "Actual Startup Time": 1045.028,
              "Actual Total Time": 1045.098,
              "Actual Rows": 1,
              "Actual Loops": 6,
              "Plans": [
                {
                  "Node Type": "Hash Join",
                  "Parent Relationship": "Outer",
                  "Parallel Aware": true,
                  "Join Type": "Inner",
                  "Startup Cost": 78875.46,
                  "Total Cost": 285548.45,
                  "Plan Rows": 385211,
                  "Plan Width": 0,
                  "Actual Startup Time": 292.569,
                  "Actual Total Time": 975.803,
                  "Actual Rows": 1773604,
                  "Actual Loops": 6,
                  "Inner Unique": false,
                  "Hash Cond": "(mi.movie_id = t.id)",
                  "Plans": [
                    {
                      "Node Type": "Seq Scan",
                      "Parent Relationship": "Outer",
                      "Parallel Aware": true,
                      "Relation Name": "movie_info",
                      "Alias": "mi",
                      "Startup Cost": 0.0,
                      "Total Cost": 198952.16,
                      "Plan Rows": 1727521,
                      "Plan Width": 4,
                      "Actual Startup Time": 0.035,
                      "Actual Total Time": 321.15,
                      "Actual Rows": 1458715,
                      "Actual Loops": 6,
                      "Filter": "(info_type_id < 11)",
                      "Rows Removed by Filter": 1013905
                    },
                    {
                      "Node Type": "Hash",
                      "Parent Relationship": "Inner",
                      "Parallel Aware": true,
                      "Startup Cost": 76602.19,
                      "Total Cost": 76602.19,
                      "Plan Rows": 181862,
                      "Plan Width": 8,
                      "Actual Startup Time": 287.372,
                      "Actual Total Time": 287.441,
                      "Actual Rows": 136786,
                      "Actual Loops": 6,
                      "Hash Buckets": 1048576,
                      "Original Hash Buckets": 1048576,
                      "Hash Batches": 1,
                      "Original Hash Batches": 1,
                      "Peak Memory Usage": 40384,
                      "Plans": [
                        {
                          "Node Type": "Hash Join",
                          "Parent Relationship": "Outer",
                          "Parallel Aware": true,
                          "Join Type": "Inner",
                          "Startup Cost": 47186.3,
                          "Total Cost": 76602.19,
                          "Plan Rows": 181862,
                          "Plan Width": 8,
                          "Actual Startup Time": 120.031,
                          "Actual Total Time": 243.44,
                          "Actual Rows": 136786,
                          "Actual Loops": 6,
                          "Inner Unique": true,
                          "Hash Cond": "(mc.movie_id = t.id)",
                          "Plans": [
                            {
                              "Node Type": "Seq Scan",
                              "Parent Relationship": "Outer",
                              "Parallel Aware": true,
                              "Relation Name": "movie_companies",
                              "Alias": "mc",
                              "Startup Cost": 0.0,
                              "Total Cost": 27206.55,
                              "Plan Rows": 841655,
                              "Plan Width": 4,
                              "Actual Startup Time": 0.022,
                              "Actual Total Time": 41.921,
                              "Actual Rows": 434855,
                              "Actual Loops": 6
                            },
                            {
                              "Node Type": "Hash",
                              "Parent Relationship": "Inner",
                              "Parallel Aware": true,
                              "Startup Cost": 45479.1,
                              "Total Cost": 45479.1,
                              "Plan Rows": 136576,
                              "Plan Width": 4,
                              "Actual Startup Time": 118.177,
                              "Actual Total Time": 118.178,
                              "Actual Rows": 70646,
                              "Actual Loops": 6,
                              "Hash Buckets": 1048576,
                              "Original Hash Buckets": 1048576,
                              "Hash Batches": 1,
                              "Original Hash Batches": 1,
                              "Peak Memory Usage": 24864,
                              "Plans": [
                                {
                                  "Node Type": "Seq Scan",
                                  "Parent Relationship": "Outer",
                                  "Parallel Aware": true,
                                  "Relation Name": "title",
                                  "Alias": "t",
                                  "Startup Cost": 0.0,
                                  "Total Cost": 45479.1,
                                  "Plan Rows": 136576,
                                  "Plan Width": 4,
                                  "Actual Startup Time": 0.048,
                                  "Actual Total Time": 81.909,
                                  "Actual Rows": 70646,
                                  "Actual Loops": 6,
                                  "Filter": "((kind_id < 4) AND (production_year > 1995))",
                                  "Rows Removed by Filter": 350739
                                }
                              ]
                            }
                          ]
                        }
                      ]
                    }
                  ]
                }
              ]
            }
          ]
        }
      ]
    },
    "Planning Time": 1.409,
    "Triggers": [],
    "Execution Time": 1109.018
  }
]