[
  {
    "Plan": {
      "Node Type": "Aggregate",
      "Strategy": "Plain",
      "Partial Mode": "Finalize",
      "Parallel Aware": false,
      "Startup Cost": 18701.89,
      "Total Cost": 18701.9,
      "Plan Rows": 1,
      "Plan Width": 8,
      "Actual Startup Time": 12.987,
      "Actual Total Time": 15.004,
      "Actual Rows": 1,
      "Actual Loops": 1,
      "Plans": [
        {
          "Node Type": "Gather",
          "Parent Relationship": "Outer",
          "Parallel Aware": false,
          "Startup Cost": 18701.67,
          "Total Cost": 18701.88,
          "Plan Rows": 2,
          "Plan Width": 8,
          "Actual Startup Time": 12.646,
          "Actual Total Time": 14.993,
          "Actual Rows": 3,
          "Actual Loops": 1,
          "Workers Planned": 2,
          "Workers Launched": 2,
          "Single Copy": false,
          "Plans": [
            {
              "Node Type": "Aggregate",
              "Strategy": "Plain",
              "Partial Mode": "Partial",
              "Parent Relationship": "Outer",
              "Parallel Aware": false,
              "Startup Cost": 17701.67,
              "Total Cost": 17701.68,
              "Plan Rows": 1,
              "Plan Width": 8,
              "Actual Startup Time": 6.773,
              "Actual Total Time": 6.775,
              "Actual Rows": 1,
              "Actual Loops": 3,
              "Plans": [
                {
                  "Node Type": "Nested Loop",
                  "Parent Relationship": "Outer",
                  "Parallel Aware": false,
                  "Join Type": "Inner",
                  "Startup Cost": 98.03,
                  "Total Cost": 17700.8,
                  "Plan Rows": 349,
                  "Plan Width": 0,
                  "Actual Startup Time": 3.614,
                  "Actual Total Time": 6.758,
                  "Actual Rows": 42,
                  "Actual Loops": 3,
                  "Inner Unique": true,
                  "Plans": [
                    {
                      "Node Type": "Bitmap Heap Scan",
                      "Parent Relationship": "Outer",
                      "Parallel Aware": true,
                      "Relation Name": "movie_companies",
                      "Alias": "mc",
                      "Startup Cost": 97.6,
                      "Total Cost": 10390.55,
                      "Plan Rows": 926,
                      "Plan Width": 4,
                      "Actual Startup Time": 2.774,
                      "Actual Total Time": 3.582,
                      "Actual Rows": 226,
                      "Actual Loops": 3,
                      "Recheck Cond": "(company_id = 82)",
                      "Rows Removed by Index Recheck": 0,
                      "Filter": "(company_type_id > 1)",
                      "Rows Removed by Filter": 958,
                      "Exact Heap Blocks": 771,
                      "Lossy Heap Blocks": 0,
                      "Plans": [
                        {
                          "Node Type": "Bitmap Index Scan",
                          "Parent Relationship": "Outer",
                          "Parallel Aware": false,
                          "Index Name": "company_id_movie_companies",
                          "Startup Cost": 0.0,
                          "Total Cost": 97.05,
                          "Plan Rows": 4349,
                          "Plan Width": 0,
                          "Actual Startup Time": 3.6,
                          "Actual Total Time": 3.601,
                          "Actual Rows": 3552,
                          "Actual Loops": 1,
                          "Index Cond": "(company_id = 82)"
                        }
                      ]
                    },
                    {
                      "Node Type": "Index Scan",
                      "Parent Relationship": "Inner",
                      "Parallel Aware": false,
                      "Scan Direction": "Forward",
                      "Index Name": "title_pkey",
                      "Relation Name": "title",
                      "Alias": "t",
                      "Startup Cost": 0.43,
                      "Total Cost": 7.89,
                      "Plan Rows": 1,
                      "Plan Width": 4,
                      "Actual Startup Time": 0.013,
                      "Actual Total Time": 0.013,
                      "Actual Rows": 0,
                      "Actual Loops": 677,
                      "Index Cond": "(id = mc.movie_id)",
                      "Rows Removed by Index Recheck": 0,
                      "Filter": "((kind_id > 4) AND (production_year < 2007))",
                      "Rows Removed by Filter": 1
                    }
                  ]
                }
              ]
            }
          ]
        }
      ]
    },
    "Planning Time": 0.587,
    "Triggers": [],
    "Execution Time": 15.085
  }
]