[
    {
        "Bao": {
            "Bao prediction": "NaN",
            "Bao recommended hint": "(no hint)"
        }
    },
    {
        "Plan": {
            "Node Type": "Aggregate",
            "Strategy": "Plain",
            "Partial Mode": "Finalize",
            "Parallel Aware": false,
            "Startup Cost": 337036.23,
            "Total Cost": 337036.24,
            "Plan Rows": 1,
            "Plan Width": 8,
            "Actual Startup Time": 731.063,
            "Actual Total Time": 771.757,
            "Actual Rows": 1,
            "Actual Loops": 1,
            "Output": [
                "count(*)"
            ],
            "Plans": [
                {
                    "Node Type": "Gather",
                    "Parent Relationship": "Outer",
                    "Parallel Aware": false,
                    "Startup Cost": 337035.61,
                    "Total Cost": 337036.22,
                    "Plan Rows": 6,
                    "Plan Width": 8,
                    "Actual Startup Time": 730.973,
                    "Actual Total Time": 771.748,
                    "Actual Rows": 7,
                    "Actual Loops": 1,
                    "Output": [
                        "(PARTIAL count(*))"
                    ],
                    "Workers Planned": 6,
                    "Workers Launched": 6,
                    "Single Copy": false,
                    "Plans": [
                        {
                            "Node Type": "Aggregate",
                            "Strategy": "Plain",
                            "Partial Mode": "Partial",
                            "Parent Relationship": "Outer",
                            "Parallel Aware": false,
                            "Startup Cost": 336035.61,
                            "Total Cost": 336035.62,
                            "Plan Rows": 1,
                            "Plan Width": 8,
                            "Actual Startup Time": 721.279,
                            "Actual Total Time": 721.28,
                            "Actual Rows": 1,
                            "Actual Loops": 7,
                            "Output": [
                                "PARTIAL count(*)"
                            ],
                            "Workers": [
                                {
                                    "Worker Number": 0,
                                    "Actual Startup Time": 718.914,
                                    "Actual Total Time": 718.915,
                                    "Actual Rows": 1,
                                    "Actual Loops": 1
                                },
                                {
                                    "Worker Number": 1,
                                    "Actual Startup Time": 719.255,
                                    "Actual Total Time": 719.256,
                                    "Actual Rows": 1,
                                    "Actual Loops": 1
                                },
                                {
                                    "Worker Number": 2,
                                    "Actual Startup Time": 719.554,
                                    "Actual Total Time": 719.554,
                                    "Actual Rows": 1,
                                    "Actual Loops": 1
                                },
                                {
                                    "Worker Number": 3,
                                    "Actual Startup Time": 719.79,
                                    "Actual Total Time": 719.791,
                                    "Actual Rows": 1,
                                    "Actual Loops": 1
                                },
                                {
                                    "Worker Number": 4,
                                    "Actual Startup Time": 720.233,
                                    "Actual Total Time": 720.235,
                                    "Actual Rows": 1,
                                    "Actual Loops": 1
                                },
                                {
                                    "Worker Number": 5,
                                    "Actual Startup Time": 720.556,
                                    "Actual Total Time": 720.556,
                                    "Actual Rows": 1,
                                    "Actual Loops": 1
                                }
                            ],
                            "Plans": [
                                {
                                    "Node Type": "Seq Scan",
                                    "Parent Relationship": "Outer",
                                    "Parallel Aware": true,
                                    "Relation Name": "cast_info",
                                    "Schema": "public",
                                    "Alias": "ci",
                                    "Startup Cost": 0.0,
                                    "Total Cost": 328213.62,
                                    "Plan Rows": 3128797,
                                    "Plan Width": 0,
                                    "Actual Startup Time": 184.291,
                                    "Actual Total Time": 589.904,
                                    "Actual Rows": 2695066,
                                    "Actual Loops": 7,
                                    "Output": [
                                        "id",
                                        "person_id",
                                        "movie_id",
                                        "person_role_id",
                                        "note",
                                        "nr_order",
                                        "role_id"
                                    ],
                                    "Filter": "(ci.person_id > 1717912)",
                                    "Rows Removed by Filter": 2482697,
                                    "Workers": [
                                        {
                                            "Worker Number": 0,
                                            "Actual Startup Time": 181.909,
                                            "Actual Total Time": 589.371,
                                            "Actual Rows": 1966547,
                                            "Actual Loops": 1
                                        },
                                        {
                                            "Worker Number": 1,
                                            "Actual Startup Time": 182.241,
                                            "Actual Total Time": 589.338,
                                            "Actual Rows": 1965181,
                                            "Actual Loops": 1
                                        },
                                        {
                                            "Worker Number": 2,
                                            "Actual Startup Time": 182.566,
                                            "Actual Total Time": 590.832,
                                            "Actual Rows": 3052022,
                                            "Actual Loops": 1
                                        },
                                        {
                                            "Worker Number": 3,
                                            "Actual Startup Time": 182.827,
                                            "Actual Total Time": 589.319,
                                            "Actual Rows": 1978129,
                                            "Actual Loops": 1
                                        },
                                        {
                                            "Worker Number": 4,
                                            "Actual Startup Time": 183.266,
                                            "Actual Total Time": 595.373,
                                            "Actual Rows": 3078081,
                                            "Actual Loops": 1
                                        },
                                        {
                                            "Worker Number": 5,
                                            "Actual Startup Time": 183.562,
                                            "Actual Total Time": 596.154,
                                            "Actual Rows": 3069643,
                                            "Actual Loops": 1
                                        }
                                    ]
                                }
                            ]
                        }
                    ]
                }
            ]
        },
        "Planning Time": 194.954,
        "Triggers": [],
        "Execution Time": 771.802
    }
]