[
  {
    "Plan": {
      "Node Type": "Aggregate",
      "Strategy": "Plain",
      "Partial Mode": "Finalize",
      "Parallel Aware": false,
      "Startup Cost": 31524.98,
      "Total Cost": 31524.99,
      "Plan Rows": 1,
      "Plan Width": 8,
      "Actual Startup Time": 120.148,
      "Actual Total Time": 128.628,
      "Actual Rows": 1,
      "Actual Loops": 1,
      "Plans": [
        {
          "Node Type": "Gather",
          "Parent Relationship": "Outer",
          "Parallel Aware": false,
          "Startup Cost": 31524.66,
          "Total Cost": 31524.97,
          "Plan Rows": 3,
          "Plan Width": 8,
          "Actual Startup Time": 120.069,
          "Actual Total Time": 128.62,
          "Actual Rows": 4,
          "Actual Loops": 1,
          "Workers Planned": 3,
          "Workers Launched": 3,
          "Single Copy": false,
          "Plans": [
            {
              "Node Type": "Aggregate",
              "Strategy": "Plain",
              "Partial Mode": "Partial",
              "Parent Relationship": "Outer",
              "Parallel Aware": false,
              "Startup Cost": 30524.66,
              "Total Cost": 30524.67,
              "Plan Rows": 1,
              "Plan Width": 8,
              "Actual Startup Time": 111.707,
              "Actual Total Time": 111.707,
              "Actual Rows": 1,
              "Actual Loops": 4,
              "Plans": [
                {
                  "Node Type": "Seq Scan",
                  "Parent Relationship": "Outer",
                  "Parallel Aware": true,
                  "Relation Name": "movie_companies",
                  "Alias": "mc",
                  "Startup Cost": 0.0,
                  "Total Cost": 29310.68,
                  "Plan Rows": 485593,
                  "Plan Width": 0,
                  "Actual Startup Time": 13.046,
                  "Actual Total Time": 92.378,
                  "Actual Rows": 376632,
                  "Actual Loops": 4,
                  "Filter": "(company_id > 7563)",
                  "Rows Removed by Filter": 275650
                }
              ]
            }
          ]
        }
      ]
    },
    "Planning Time": 0.168,
    "Triggers": [],
    "Execution Time": 128.68
  }
]