[
  {
    "Plan": {
      "Node Type": "Aggregate",
      "Strategy": "Plain",
      "Partial Mode": "Finalize",
      "Parallel Aware": false,
      "Startup Cost": 44873.67,
      "Total Cost": 44873.68,
      "Plan Rows": 1,
      "Plan Width": 8,
      "Actual Startup Time": 155.912,
      "Actual Total Time": 164.286,
      "Actual Rows": 1,
      "Actual Loops": 1,
      "Plans": [
        {
          "Node Type": "Gather",
          "Parent Relationship": "Outer",
          "Parallel Aware": false,
          "Startup Cost": 44873.35,
          "Total Cost": 44873.66,
          "Plan Rows": 3,
          "Plan Width": 8,
          "Actual Startup Time": 155.766,
          "Actual Total Time": 164.278,
          "Actual Rows": 4,
          "Actual Loops": 1,
          "Workers Planned": 3,
          "Workers Launched": 3,
          "Single Copy": false,
          "Plans": [
            {
              "Node Type": "Aggregate",
              "Strategy": "Plain",
              "Partial Mode": "Partial",
              "Parent Relationship": "Outer",
              "Parallel Aware": false,
              "Startup Cost": 43873.35,
              "Total Cost": 43873.36,
              "Plan Rows": 1,
              "Plan Width": 8,
              "Actual Startup Time": 148.597,
              "Actual Total Time": 148.598,
              "Actual Rows": 1,
              "Actual Loops": 4,
              "Plans": [
                {
                  "Node Type": "Seq Scan",
                  "Parent Relationship": "Outer",
                  "Parallel Aware": true,
                  "Relation Name": "movie_keyword",
                  "Alias": "mk",
                  "Startup Cost": 0.0,
                  "Total Cost": 42695.65,
                  "Plan Rows": 471079,
                  "Plan Width": 0,
                  "Actual Startup Time": 0.061,
                  "Actual Total Time": 126.613,
                  "Actual Rows": 367411,
                  "Actual Loops": 4,
                  "Filter": "(keyword_id < 2099)",
                  "Rows Removed by Filter": 763572
                }
              ]
            }
          ]
        }
      ]
    },
    "Planning Time": 0.173,
    "Triggers": [],
    "Execution Time": 164.349
  }
]