[
  {
    "Plan": {
      "Node Type": "Aggregate",
      "Strategy": "Plain",
      "Partial Mode": "Finalize",
      "Parallel Aware": false,
      "Startup Cost": 44514.69,
      "Total Cost": 44514.7,
      "Plan Rows": 1,
      "Plan Width": 8,
      "Actual Startup Time": 121.563,
      "Actual Total Time": 131.382,
      "Actual Rows": 1,
      "Actual Loops": 1,
      "Plans": [
        {
          "Node Type": "Gather",
          "Parent Relationship": "Outer",
          "Parallel Aware": false,
          "Startup Cost": 44514.37,
          "Total Cost": 44514.68,
          "Plan Rows": 3,
          "Plan Width": 8,
          "Actual Startup Time": 121.467,
          "Actual Total Time": 131.371,
          "Actual Rows": 4,
          "Actual Loops": 1,
          "Workers Planned": 3,
          "Workers Launched": 3,
          "Single Copy": false,
          "Plans": [
            {
              "Node Type": "Aggregate",
              "Strategy": "Plain",
              "Partial Mode": "Partial",
              "Parent Relationship": "Outer",
              "Parallel Aware": false,
              "Startup Cost": 43514.37,
              "Total Cost": 43514.38,
              "Plan Rows": 1,
              "Plan Width": 8,
              "Actual Startup Time": 116.246,
              "Actual Total Time": 116.247,
              "Actual Rows": 1,
              "Actual Loops": 4,
              "Plans": [
                {
                  "Node Type": "Seq Scan",
                  "Parent Relationship": "Outer",
                  "Parallel Aware": true,
                  "Relation Name": "movie_keyword",
                  "Alias": "mk",
                  "Startup Cost": 0.0,
                  "Total Cost": 42695.65,
                  "Plan Rows": 327487,
                  "Plan Width": 0,
                  "Actual Startup Time": 1.576,
                  "Actual Total Time": 103.441,
                  "Actual Rows": 253578,
                  "Actual Loops": 4,
                  "Filter": "(keyword_id > 17808)",
                  "Rows Removed by Filter": 877404
                }
              ]
            }
          ]
        }
      ]
    },
    "Planning Time": 0.108,
    "Triggers": [],
    "Execution Time": 131.418
  }
]