[
  {
    "Plan": {
      "Node Type": "Aggregate",
      "Strategy": "Plain",
      "Partial Mode": "Finalize",
      "Parallel Aware": false,
      "Startup Cost": 45957.73,
      "Total Cost": 45957.74,
      "Plan Rows": 1,
      "Plan Width": 8,
      "Actual Startup Time": 159.547,
      "Actual Total Time": 169.412,
      "Actual Rows": 1,
      "Actual Loops": 1,
      "Plans": [
        {
          "Node Type": "Gather",
          "Parent Relationship": "Outer",
          "Parallel Aware": false,
          "Startup Cost": 45957.41,
          "Total Cost": 45957.72,
          "Plan Rows": 3,
          "Plan Width": 8,
          "Actual Startup Time": 159.433,
          "Actual Total Time": 169.404,
          "Actual Rows": 4,
          "Actual Loops": 1,
          "Workers Planned": 3,
          "Workers Launched": 3,
          "Single Copy": false,
          "Plans": [
            {
              "Node Type": "Aggregate",
              "Strategy": "Plain",
              "Partial Mode": "Partial",
              "Parent Relationship": "Outer",
              "Parallel Aware": false,
              "Startup Cost": 44957.41,
              "Total Cost": 44957.42,
              "Plan Rows": 1,
              "Plan Width": 8,
              "Actual Startup Time": 152.281,
              "Actual Total Time": 152.282,
              "Actual Rows": 1,
              "Actual Loops": 4,
              "Plans": [
                {
                  "Node Type": "Seq Scan",
                  "Parent Relationship": "Outer",
                  "Parallel Aware": true,
                  "Relation Name": "movie_keyword",
                  "Alias": "mk",
                  "Startup Cost": 0.0,
                  "Total Cost": 42695.65,
                  "Plan Rows": 904704,
                  "Plan Width": 0,
                  "Actual Startup Time": 0.065,
                  "Actual Total Time": 119.417,
                  "Actual Rows": 699636,
                  "Actual Loops": 4,
                  "Filter": "(keyword_id < 8215)",
                  "Rows Removed by Filter": 431346
                }
              ]
            }
          ]
        }
      ]
    },
    "Planning Time": 0.149,
    "Triggers": [],
    "Execution Time": 169.458
  }
]