{
    "Plan": {
        "Node Type": "Aggregate",
        "Strategy": "Plain",
        "Partial Mode": "Simple",
        "Parallel Aware": false,
        "Startup Cost": 143877.87,
        "Total Cost": 143877.88,
        "Plan Rows": 1,
        "Plan Width": 8,
        "Actual Startup Time": 94.19,
        "Actual Total Time": 94.192,
        "Actual Rows": 1,
        "Actual Loops": 1,
        "Output": [
            "count(*)"
        ],
        "Plans": [
            {
                "Node Type": "Nested Loop",
                "Parent Relationship": "Outer",
                "Parallel Aware": false,
                "Join Type": "Inner",
                "Startup Cost": 0.86,
                "Total Cost": 143840.98,
                "Plan Rows": 14755,
                "Plan Width": 0,
                "Actual Startup Time": 25.639,
                "Actual Total Time": 92.621,
                "Actual Rows": 18205,
                "Actual Loops": 1,
                "Inner Unique": true,
                "Plans": [
                    {
                        "Node Type": "Index Scan",
                        "Parent Relationship": "Outer",
                        "Parallel Aware": false,
                        "Scan Direction": "Forward",
                        "Index Name": "info_type_id_movie_info",
                        "Relation Name": "movie_info",
                        "Schema": "public",
                        "Alias": "mi",
                        "Startup Cost": 0.43,
                        "Total Cost": 55814.12,
                        "Plan Rows": 14755,
                        "Plan Width": 4,
                        "Actual Startup Time": 25.599,
                        "Actual Total Time": 33.711,
                        "Actual Rows": 18205,
                        "Actual Loops": 1,
                        "Output": [
                            "mi.id",
                            "mi.movie_id",
                            "mi.info_type_id",
                            "mi.info",
                            "mi.note"
                        ],
                        "Index Cond": "(mi.info_type_id = 11)",
                        "Rows Removed by Index Recheck": 0
                    },
                    {
                        "Node Type": "Index Only Scan",
                        "Parent Relationship": "Inner",
                        "Parallel Aware": false,
                        "Scan Direction": "Forward",
                        "Index Name": "title_pkey",
                        "Relation Name": "title",
                        "Schema": "public",
                        "Alias": "t",
                        "Startup Cost": 0.43,
                        "Total Cost": 5.97,
                        "Plan Rows": 1,
                        "Plan Width": 4,
                        "Actual Startup Time": 0.003,
                        "Actual Total Time": 0.003,
                        "Actual Rows": 1,
                        "Actual Loops": 18205,
                        "Output": [
                            "t.id"
                        ],
                        "Index Cond": "(t.id = mi.movie_id)",
                        "Rows Removed by Index Recheck": 0,
                        "Heap Fetches": 18205
                    }
                ]
            }
        ]
    },
    "Planning Time": 0.694,
    "Triggers": [],
    "Execution Time": 94.247
}