[
    {
        "Bao": {
            "Bao prediction": "NaN",
            "Bao recommended hint": "(no hint)"
        }
    },
    {
        "Plan": {
            "Node Type": "Aggregate",
            "Strategy": "Plain",
            "Partial Mode": "Finalize",
            "Parallel Aware": false,
            "Startup Cost": 33305.19,
            "Total Cost": 33305.2,
            "Plan Rows": 1,
            "Plan Width": 8,
            "Actual Startup Time": 113.909,
            "Actual Total Time": 119.716,
            "Actual Rows": 1,
            "Actual Loops": 1,
            "Output": [
                "count(*)"
            ],
            "Plans": [
                {
                    "Node Type": "Gather",
                    "Parent Relationship": "Outer",
                    "Parallel Aware": false,
                    "Startup Cost": 33304.88,
                    "Total Cost": 33305.19,
                    "Plan Rows": 3,
                    "Plan Width": 8,
                    "Actual Startup Time": 113.813,
                    "Actual Total Time": 119.708,
                    "Actual Rows": 4,
                    "Actual Loops": 1,
                    "Output": [
                        "(PARTIAL count(*))"
                    ],
                    "Workers Planned": 3,
                    "Workers Launched": 3,
                    "Single Copy": false,
                    "Plans": [
                        {
                            "Node Type": "Aggregate",
                            "Strategy": "Plain",
                            "Partial Mode": "Partial",
                            "Parent Relationship": "Outer",
                            "Parallel Aware": false,
                            "Startup Cost": 32304.88,
                            "Total Cost": 32304.89,
                            "Plan Rows": 1,
                            "Plan Width": 8,
                            "Actual Startup Time": 105.712,
                            "Actual Total Time": 105.714,
                            "Actual Rows": 1,
                            "Actual Loops": 4,
                            "Output": [
                                "PARTIAL count(*)"
                            ],
                            "Workers": [
                                {
                                    "Worker Number": 0,
                                    "Actual Startup Time": 102.715,
                                    "Actual Total Time": 102.717,
                                    "Actual Rows": 1,
                                    "Actual Loops": 1
                                },
                                {
                                    "Worker Number": 1,
                                    "Actual Startup Time": 103.262,
                                    "Actual Total Time": 103.263,
                                    "Actual Rows": 1,
                                    "Actual Loops": 1
                                },
                                {
                                    "Worker Number": 2,
                                    "Actual Startup Time": 103.357,
                                    "Actual Total Time": 103.358,
                                    "Actual Rows": 1,
                                    "Actual Loops": 1
                                }
                            ],
                            "Plans": [
                                {
                                    "Node Type": "Seq Scan",
                                    "Parent Relationship": "Outer",
                                    "Parallel Aware": true,
                                    "Relation Name": "movie_companies",
                                    "Schema": "public",
                                    "Alias": "mc",
                                    "Startup Cost": 0.0,
                                    "Total Cost": 31414.82,
                                    "Plan Rows": 356023,
                                    "Plan Width": 0,
                                    "Actual Startup Time": 48.383,
                                    "Actual Total Time": 93.091,
                                    "Actual Rows": 221867,
                                    "Actual Loops": 4,
                                    "Output": [
                                        "id",
                                        "movie_id",
                                        "company_id",
                                        "company_type_id",
                                        "note"
                                    ],
                                    "Filter": "((mc.company_id < 77502) AND (mc.company_type_id = 2))",
                                    "Rows Removed by Filter": 430416,
                                    "Workers": [
                                        {
                                            "Worker Number": 0,
                                            "Actual Startup Time": 45.395,
                                            "Actual Total Time": 90.558,
                                            "Actual Rows": 183928,
                                            "Actual Loops": 1
                                        },
                                        {
                                            "Worker Number": 1,
                                            "Actual Startup Time": 45.932,
                                            "Actual Total Time": 91.117,
                                            "Actual Rows": 296889,
                                            "Actual Loops": 1
                                        },
                                        {
                                            "Worker Number": 2,
                                            "Actual Startup Time": 46.013,
                                            "Actual Total Time": 91.078,
                                            "Actual Rows": 187164,
                                            "Actual Loops": 1
                                        }
                                    ]
                                }
                            ]
                        }
                    ]
                }
            ]
        },
        "Planning Time": 268.216,
        "Triggers": [],
        "Execution Time": 119.761
    }
]