[
    {
        "Bao": {
            "Bao prediction": 455.077,
            "Bao recommended hint": "SET enable_mergejoin TO off; SET enable_indexscan TO off; "
        }
    },
    {
        "Plan": {
            "Node Type": "Aggregate",
            "Strategy": "Plain",
            "Partial Mode": "Finalize",
            "Parallel Aware": false,
            "Startup Cost": 345863.01,
            "Total Cost": 345863.02,
            "Plan Rows": 1,
            "Plan Width": 8,
            "Actual Startup Time": 808.326,
            "Actual Total Time": 840.354,
            "Actual Rows": 1,
            "Actual Loops": 1,
            "Output": [
                "count(*)"
            ],
            "Plans": [
                {
                    "Node Type": "Gather",
                    "Parent Relationship": "Outer",
                    "Parallel Aware": false,
                    "Startup Cost": 345862.39,
                    "Total Cost": 345863.0,
                    "Plan Rows": 6,
                    "Plan Width": 8,
                    "Actual Startup Time": 808.187,
                    "Actual Total Time": 840.346,
                    "Actual Rows": 7,
                    "Actual Loops": 1,
                    "Output": [
                        "(PARTIAL count(*))"
                    ],
                    "Workers Planned": 6,
                    "Workers Launched": 6,
                    "Single Copy": false,
                    "Plans": [
                        {
                            "Node Type": "Aggregate",
                            "Strategy": "Plain",
                            "Partial Mode": "Partial",
                            "Parent Relationship": "Outer",
                            "Parallel Aware": false,
                            "Startup Cost": 344862.39,
                            "Total Cost": 344862.4,
                            "Plan Rows": 1,
                            "Plan Width": 8,
                            "Actual Startup Time": 798.695,
                            "Actual Total Time": 798.697,
                            "Actual Rows": 1,
                            "Actual Loops": 7,
                            "Output": [
                                "PARTIAL count(*)"
                            ],
                            "Workers": [
                                {
                                    "Worker Number": 0,
                                    "Actual Startup Time": 796.837,
                                    "Actual Total Time": 796.838,
                                    "Actual Rows": 1,
                                    "Actual Loops": 1
                                },
                                {
                                    "Worker Number": 1,
                                    "Actual Startup Time": 796.965,
                                    "Actual Total Time": 796.966,
                                    "Actual Rows": 1,
                                    "Actual Loops": 1
                                },
                                {
                                    "Worker Number": 2,
                                    "Actual Startup Time": 797.313,
                                    "Actual Total Time": 797.314,
                                    "Actual Rows": 1,
                                    "Actual Loops": 1
                                },
                                {
                                    "Worker Number": 3,
                                    "Actual Startup Time": 797.387,
                                    "Actual Total Time": 797.388,
                                    "Actual Rows": 1,
                                    "Actual Loops": 1
                                },
                                {
                                    "Worker Number": 4,
                                    "Actual Startup Time": 797.416,
                                    "Actual Total Time": 797.417,
                                    "Actual Rows": 1,
                                    "Actual Loops": 1
                                },
                                {
                                    "Worker Number": 5,
                                    "Actual Startup Time": 797.62,
                                    "Actual Total Time": 797.622,
                                    "Actual Rows": 1,
                                    "Actual Loops": 1
                                }
                            ],
                            "Plans": [
                                {
                                    "Node Type": "Seq Scan",
                                    "Parent Relationship": "Outer",
                                    "Parallel Aware": true,
                                    "Relation Name": "cast_info",
                                    "Schema": "public",
                                    "Alias": "ci",
                                    "Startup Cost": 0.0,
                                    "Total Cost": 343318.94,
                                    "Plan Rows": 617379,
                                    "Plan Width": 0,
                                    "Actual Startup Time": 257.822,
                                    "Actual Total Time": 740.179,
                                    "Actual Rows": 989317,
                                    "Actual Loops": 7,
                                    "Output": [
                                        "id",
                                        "person_id",
                                        "movie_id",
                                        "person_role_id",
                                        "note",
                                        "nr_order",
                                        "role_id"
                                    ],
                                    "Filter": "((ci.person_id > 1804940) AND (ci.role_id = 2))",
                                    "Rows Removed by Filter": 4188447,
                                    "Workers": [
                                        {
                                            "Worker Number": 0,
                                            "Actual Startup Time": 255.971,
                                            "Actual Total Time": 738.586,
                                            "Actual Rows": 884689,
                                            "Actual Loops": 1
                                        },
                                        {
                                            "Worker Number": 1,
                                            "Actual Startup Time": 256.107,
                                            "Actual Total Time": 738.748,
                                            "Actual Rows": 872838,
                                            "Actual Loops": 1
                                        },
                                        {
                                            "Worker Number": 2,
                                            "Actual Startup Time": 256.439,
                                            "Actual Total Time": 738.937,
                                            "Actual Rows": 884983,
                                            "Actual Loops": 1
                                        },
                                        {
                                            "Worker Number": 3,
                                            "Actual Startup Time": 256.517,
                                            "Actual Total Time": 739.211,
                                            "Actual Rows": 883626,
                                            "Actual Loops": 1
                                        },
                                        {
                                            "Worker Number": 4,
                                            "Actual Startup Time": 256.533,
                                            "Actual Total Time": 739.14,
                                            "Actual Rows": 883687,
                                            "Actual Loops": 1
                                        },
                                        {
                                            "Worker Number": 5,
                                            "Actual Startup Time": 256.736,
                                            "Actual Total Time": 740.222,
                                            "Actual Rows": 864338,
                                            "Actual Loops": 1
                                        }
                                    ]
                                }
                            ]
                        }
                    ]
                }
            ]
        },
        "Planning Time": 973.428,
        "Triggers": [],
        "Execution Time": 840.455
    }
]