[
  {
    "Plan": {
      "Node Type": "Aggregate",
      "Strategy": "Plain",
      "Partial Mode": "Finalize",
      "Parallel Aware": false,
      "Startup Cost": 574834.21,
      "Total Cost": 574834.22,
      "Plan Rows": 1,
      "Plan Width": 8,
      "Actual Startup Time": 1221.74,
      "Actual Total Time": 1295.863,
      "Actual Rows": 1,
      "Actual Loops": 1,
      "Plans": [
        {
          "Node Type": "Gather",
          "Parent Relationship": "Outer",
          "Parallel Aware": false,
          "Startup Cost": 574833.69,
          "Total Cost": 574834.2,
          "Plan Rows": 5,
          "Plan Width": 8,
          "Actual Startup Time": 1211.094,
          "Actual Total Time": 1295.851,
          "Actual Rows": 6,
          "Actual Loops": 1,
          "Workers Planned": 5,
          "Workers Launched": 5,
          "Single Copy": false,
          "Plans": [
            {
              "Node Type": "Aggregate",
              "Strategy": "Plain",
              "Partial Mode": "Partial",
              "Parent Relationship": "Outer",
              "Parallel Aware": false,
              "Startup Cost": 573833.69,
              "Total Cost": 573833.7,
              "Plan Rows": 1,
              "Plan Width": 8,
              "Actual Startup Time": 1197.885,
              "Actual Total Time": 1197.89,
              "Actual Rows": 1,
              "Actual Loops": 6,
              "Plans": [
                {
                  "Node Type": "Nested Loop",
                  "Parent Relationship": "Outer",
                  "Parallel Aware": false,
                  "Join Type": "Inner",
                  "Startup Cost": 71652.48,
                  "Total Cost": 569719.98,
                  "Plan Rows": 1645481,
                  "Plan Width": 0,
                  "Actual Startup Time": 285.864,
                  "Actual Total Time": 1161.55,
                  "Actual Rows": 600454,
                  "Actual Loops": 6,
                  "Inner Unique": false,
                  "Plans": [
                    {
                      "Node Type": "Hash Join",
                      "Parent Relationship": "Outer",
                      "Parallel Aware": true,
                      "Join Type": "Inner",
                      "Startup Cost": 71651.92,
                      "Total Cost": 237405.92,
                      "Plan Rows": 114835,
                      "Plan Width": 8,
                      "Actual Startup Time": 285.65,
                      "Actual Total Time": 404.878,
                      "Actual Rows": 18410,
                      "Actual Loops": 6,
                      "Inner Unique": true,
                      "Hash Cond": "(mi.movie_id = t.id)",
                      "Plans": [
                        {
                          "Node Type": "Bitmap Heap Scan",
                          "Parent Relationship": "Outer",
                          "Parallel Aware": true,
                          "Relation Name": "movie_info",
                          "Alias": "mi",
                          "Startup Cost": 22524.06,
                          "Total Cost": 187625.32,
                          "Plan Rows": 248661,
                          "Plan Width": 4,
                          "Actual Startup Time": 83.744,
                          "Actual Total Time": 151.008,
                          "Actual Rows": 200785,
                          "Actual Loops": 6,
                          "Recheck Cond": "(info_type_id > 18)",
                          "Rows Removed by Index Recheck": 0,
                          "Exact Heap Blocks": 6803,
                          "Lossy Heap Blocks": 0,
                          "Plans": [
                            {
                              "Node Type": "Bitmap Index Scan",
                              "Parent Relationship": "Outer",
                              "Parallel Aware": false,
                              "Index Name": "info_type_id_movie_info",
                              "Startup Cost": 0.0,
                              "Total Cost": 22213.23,
                              "Plan Rows": 1243306,
                              "Plan Width": 0,
                              "Actual Startup Time": 74.417,
                              "Actual Total Time": 74.418,
                              "Actual Rows": 1204709,
                              "Actual Loops": 1,
                              "Index Cond": "(info_type_id > 18)"
                            }
                          ]
                        },
                        {
                          "Node Type": "Hash",
                          "Parent Relationship": "Inner",
                          "Parallel Aware": true,
                          "Startup Cost": 45479.1,
                          "Total Cost": 45479.1,
                          "Plan Rows": 291901,
                          "Plan Width": 4,
                          "Actual Startup Time": 184.182,
                          "Actual Total Time": 184.183,
                          "Actual Rows": 188151,
                          "Actual Loops": 6,
                          "Hash Buckets": 2097152,
                          "Original Hash Buckets": 2097152,
                          "Hash Batches": 1,
                          "Original Hash Batches": 1,
                          "Peak Memory Usage": 60640,
                          "Plans": [
                            {
                              "Node Type": "Seq Scan",
                              "Parent Relationship": "Outer",
                              "Parallel Aware": true,
                              "Relation Name": "title",
                              "Alias": "t",
                              "Startup Cost": 0.0,
                              "Total Cost": 45479.1,
                              "Plan Rows": 291901,
                              "Plan Width": 4,
                              "Actual Startup Time": 0.048,
                              "Actual Total Time": 89.261,
                              "Actual Rows": 188151,
                              "Actual Loops": 6,
                              "Filter": "((production_year < 2010) AND (kind_id = 7))",
                              "Rows Removed by Filter": 233234
                            }
                          ]
                        }
                      ]
                    },
                    {
                      "Node Type": "Index Only Scan",
                      "Parent Relationship": "Inner",
                      "Parallel Aware": false,
                      "Scan Direction": "Forward",
                      "Index Name": "movie_id_cast_info",
                      "Relation Name": "cast_info",
                      "Alias": "ci",
                      "Startup Cost": 0.56,
                      "Total Cost": 2.52,
                      "Plan Rows": 37,
                      "Plan Width": 4,
                      "Actual Startup Time": 0.006,
                      "Actual Total Time": 0.038,
                      "Actual Rows": 33,
                      "Actual Loops": 110461,
                      "Index Cond": "(movie_id = t.id)",
                      "Rows Removed by Index Recheck": 0,
                      "Heap Fetches": 3602724
                    }
                  ]
                }
              ]
            }
          ]
        }
      ]
    },
    "Planning Time": 1.149,
    "Triggers": [],
    "Execution Time": 1295.985
  }
]