[
    {
        "Bao": {
            "Bao prediction": "NaN",
            "Bao recommended hint": "(no hint)"
        }
    },
    {
        "Plan": {
            "Node Type": "Aggregate",
            "Strategy": "Plain",
            "Partial Mode": "Finalize",
            "Parallel Aware": false,
            "Startup Cost": 77739.63,
            "Total Cost": 77739.64,
            "Plan Rows": 1,
            "Plan Width": 8,
            "Actual Startup Time": 269.035,
            "Actual Total Time": 276.254,
            "Actual Rows": 1,
            "Actual Loops": 1,
            "Output": [
                "count(*)"
            ],
            "Plans": [
                {
                    "Node Type": "Gather",
                    "Parent Relationship": "Outer",
                    "Parallel Aware": false,
                    "Startup Cost": 77739.31,
                    "Total Cost": 77739.62,
                    "Plan Rows": 3,
                    "Plan Width": 8,
                    "Actual Startup Time": 267.404,
                    "Actual Total Time": 276.246,
                    "Actual Rows": 4,
                    "Actual Loops": 1,
                    "Output": [
                        "(PARTIAL count(*))"
                    ],
                    "Workers Planned": 3,
                    "Workers Launched": 3,
                    "Single Copy": false,
                    "Plans": [
                        {
                            "Node Type": "Aggregate",
                            "Strategy": "Plain",
                            "Partial Mode": "Partial",
                            "Parent Relationship": "Outer",
                            "Parallel Aware": false,
                            "Startup Cost": 76739.31,
                            "Total Cost": 76739.32,
                            "Plan Rows": 1,
                            "Plan Width": 8,
                            "Actual Startup Time": 258.484,
                            "Actual Total Time": 258.546,
                            "Actual Rows": 1,
                            "Actual Loops": 4,
                            "Output": [
                                "PARTIAL count(*)"
                            ],
                            "Workers": [
                                {
                                    "Worker Number": 0,
                                    "Actual Startup Time": 255.62,
                                    "Actual Total Time": 255.623,
                                    "Actual Rows": 1,
                                    "Actual Loops": 1
                                },
                                {
                                    "Worker Number": 1,
                                    "Actual Startup Time": 255.529,
                                    "Actual Total Time": 255.532,
                                    "Actual Rows": 1,
                                    "Actual Loops": 1
                                },
                                {
                                    "Worker Number": 2,
                                    "Actual Startup Time": 256.144,
                                    "Actual Total Time": 256.147,
                                    "Actual Rows": 1,
                                    "Actual Loops": 1
                                }
                            ],
                            "Plans": [
                                {
                                    "Node Type": "Hash Join",
                                    "Parent Relationship": "Outer",
                                    "Parallel Aware": true,
                                    "Join Type": "Inner",
                                    "Startup Cost": 46108.6,
                                    "Total Cost": 76646.23,
                                    "Plan Rows": 37233,
                                    "Plan Width": 0,
                                    "Actual Startup Time": 133.378,
                                    "Actual Total Time": 252.907,
                                    "Actual Rows": 128879,
                                    "Actual Loops": 4,
                                    "Inner Unique": true,
                                    "Hash Cond": "(mc.movie_id = t.id)",
                                    "Workers": [
                                        {
                                            "Worker Number": 0,
                                            "Actual Startup Time": 130.292,
                                            "Actual Total Time": 250.124,
                                            "Actual Rows": 121394,
                                            "Actual Loops": 1
                                        },
                                        {
                                            "Worker Number": 1,
                                            "Actual Startup Time": 130.491,
                                            "Actual Total Time": 249.915,
                                            "Actual Rows": 128373,
                                            "Actual Loops": 1
                                        },
                                        {
                                            "Worker Number": 2,
                                            "Actual Startup Time": 131.125,
                                            "Actual Total Time": 250.729,
                                            "Actual Rows": 119810,
                                            "Actual Loops": 1
                                        }
                                    ],
                                    "Plans": [
                                        {
                                            "Node Type": "Seq Scan",
                                            "Parent Relationship": "Outer",
                                            "Parallel Aware": true,
                                            "Relation Name": "movie_companies",
                                            "Schema": "public",
                                            "Alias": "mc",
                                            "Startup Cost": 0.0,
                                            "Total Cost": 29310.68,
                                            "Plan Rows": 467410,
                                            "Plan Width": 4,
                                            "Actual Startup Time": 5.765,
                                            "Actual Total Time": 62.996,
                                            "Actual Rows": 362778,
                                            "Actual Loops": 4,
                                            "Output": [
                                                "mc.id",
                                                "mc.movie_id",
                                                "mc.company_id",
                                                "mc.company_type_id",
                                                "mc.note"
                                            ],
                                            "Filter": "(mc.company_id > 9353)",
                                            "Rows Removed by Filter": 289504,
                                            "Workers": [
                                                {
                                                    "Worker Number": 0,
                                                    "Actual Startup Time": 5.771,
                                                    "Actual Total Time": 63.613,
                                                    "Actual Rows": 341743,
                                                    "Actual Loops": 1
                                                },
                                                {
                                                    "Worker Number": 1,
                                                    "Actual Startup Time": 5.77,
                                                    "Actual Total Time": 63.895,
                                                    "Actual Rows": 357537,
                                                    "Actual Loops": 1
                                                },
                                                {
                                                    "Worker Number": 2,
                                                    "Actual Startup Time": 5.739,
                                                    "Actual Total Time": 63.55,
                                                    "Actual Rows": 340282,
                                                    "Actual Loops": 1
                                                }
                                            ]
                                        },
                                        {
                                            "Node Type": "Hash",
                                            "Parent Relationship": "Inner",
                                            "Parallel Aware": true,
                                            "Startup Cost": 45479.21,
                                            "Total Cost": 45479.21,
                                            "Plan Rows": 50351,
                                            "Plan Width": 4,
                                            "Actual Startup Time": 122.002,
                                            "Actual Total Time": 122.003,
                                            "Actual Rows": 82806,
                                            "Actual Loops": 4,
                                            "Output": [
                                                "t.id"
                                            ],
                                            "Hash Buckets": 524288,
                                            "Original Hash Buckets": 262144,
                                            "Hash Batches": 1,
                                            "Original Hash Batches": 1,
                                            "Peak Memory Usage": 19168,
                                            "Workers": [
                                                {
                                                    "Worker Number": 0,
                                                    "Actual Startup Time": 120.75,
                                                    "Actual Total Time": 120.751,
                                                    "Actual Rows": 76479,
                                                    "Actual Loops": 1
                                                },
                                                {
                                                    "Worker Number": 1,
                                                    "Actual Startup Time": 120.934,
                                                    "Actual Total Time": 120.935,
                                                    "Actual Rows": 80555,
                                                    "Actual Loops": 1
                                                },
                                                {
                                                    "Worker Number": 2,
                                                    "Actual Startup Time": 121.53,
                                                    "Actual Total Time": 121.531,
                                                    "Actual Rows": 77374,
                                                    "Actual Loops": 1
                                                }
                                            ],
                                            "Plans": [
                                                {
                                                    "Node Type": "Seq Scan",
                                                    "Parent Relationship": "Outer",
                                                    "Parallel Aware": true,
                                                    "Relation Name": "title",
                                                    "Schema": "public",
                                                    "Alias": "t",
                                                    "Startup Cost": 0.0,
                                                    "Total Cost": 45479.21,
                                                    "Plan Rows": 50351,
                                                    "Plan Width": 4,
                                                    "Actual Startup Time": 55.839,
                                                    "Actual Total Time": 92.842,
                                                    "Actual Rows": 82806,
                                                    "Actual Loops": 4,
                                                    "Output": [
                                                        "t.id"
                                                    ],
                                                    "Filter": "((t.production_year < 1993) AND (t.kind_id = 1))",
                                                    "Rows Removed by Filter": 549272,
                                                    "Workers": [
                                                        {
                                                            "Worker Number": 0,
                                                            "Actual Startup Time": 54.7,
                                                            "Actual Total Time": 92.508,
                                                            "Actual Rows": 76479,
                                                            "Actual Loops": 1
                                                        },
                                                        {
                                                            "Worker Number": 1,
                                                            "Actual Startup Time": 54.679,
                                                            "Actual Total Time": 92.315,
                                                            "Actual Rows": 80555,
                                                            "Actual Loops": 1
                                                        },
                                                        {
                                                            "Worker Number": 2,
                                                            "Actual Startup Time": 55.411,
                                                            "Actual Total Time": 93.511,
                                                            "Actual Rows": 77374,
                                                            "Actual Loops": 1
                                                        }
                                                    ]
                                                }
                                            ]
                                        }
                                    ]
                                }
                            ]
                        }
                    ]
                }
            ]
        },
        "Planning Time": 324.22,
        "Triggers": [],
        "Execution Time": 276.365
    }
]