[
  {
    "Plan": {
      "Node Type": "Aggregate",
      "Strategy": "Plain",
      "Partial Mode": "Finalize",
      "Parallel Aware": false,
      "Startup Cost": 369355.86,
      "Total Cost": 369355.87,
      "Plan Rows": 1,
      "Plan Width": 8,
      "Actual Startup Time": 748.213,
      "Actual Total Time": 765.259,
      "Actual Rows": 1,
      "Actual Loops": 1,
      "Plans": [
        {
          "Node Type": "Gather",
          "Parent Relationship": "Outer",
          "Parallel Aware": false,
          "Startup Cost": 369355.23,
          "Total Cost": 369355.84,
          "Plan Rows": 6,
          "Plan Width": 8,
          "Actual Startup Time": 740.721,
          "Actual Total Time": 765.252,
          "Actual Rows": 7,
          "Actual Loops": 1,
          "Workers Planned": 6,
          "Workers Launched": 6,
          "Single Copy": false,
          "Plans": [
            {
              "Node Type": "Aggregate",
              "Strategy": "Plain",
              "Partial Mode": "Partial",
              "Parent Relationship": "Outer",
              "Parallel Aware": false,
              "Startup Cost": 368355.23,
              "Total Cost": 368355.24,
              "Plan Rows": 1,
              "Plan Width": 8,
              "Actual Startup Time": 729.236,
              "Actual Total Time": 729.239,
              "Actual Rows": 1,
              "Actual Loops": 7,
              "Plans": [
                {
                  "Node Type": "Hash Join",
                  "Parent Relationship": "Outer",
                  "Parallel Aware": true,
                  "Join Type": "Inner",
                  "Startup Cost": 108232.84,
                  "Total Cost": 367937.25,
                  "Plan Rows": 167195,
                  "Plan Width": 0,
                  "Actual Startup Time": 520.451,
                  "Actual Total Time": 721.991,
                  "Actual Rows": 143578,
                  "Actual Loops": 7,
                  "Inner Unique": true,
                  "Hash Cond": "(ci.movie_id = t.id)",
                  "Plans": [
                    {
                      "Node Type": "Bitmap Heap Scan",
                      "Parent Relationship": "Outer",
                      "Parallel Aware": true,
                      "Relation Name": "cast_info",
                      "Alias": "ci",
                      "Startup Cost": 61486.73,
                      "Total Cost": 319973.23,
                      "Plan Rows": 463960,
                      "Plan Width": 4,
                      "Actual Startup Time": 380.305,
                      "Actual Total Time": 455.435,
                      "Actual Rows": 406646,
                      "Actual Loops": 7,
                      "Recheck Cond": "(person_id < 275296)",
                      "Rows Removed by Index Recheck": 0,
                      "Exact Heap Blocks": 5295,
                      "Lossy Heap Blocks": 0,
                      "Plans": [
                        {
                          "Node Type": "Bitmap Index Scan",
                          "Parent Relationship": "Outer",
                          "Parallel Aware": false,
                          "Index Name": "person_id_cast_info",
                          "Startup Cost": 0.0,
                          "Total Cost": 60790.79,
                          "Plan Rows": 2783763,
                          "Plan Width": 0,
                          "Actual Startup Time": 375.006,
                          "Actual Total Time": 375.007,
                          "Actual Rows": 2846523,
                          "Actual Loops": 1,
                          "Index Cond": "(person_id < 275296)"
                        }
                      ]
                    },
                    {
                      "Node Type": "Hash",
                      "Parent Relationship": "Inner",
                      "Parallel Aware": true,
                      "Startup Cost": 43898.92,
                      "Total Cost": 43898.92,
                      "Plan Rows": 227776,
                      "Plan Width": 4,
                      "Actual Startup Time": 136.985,
                      "Actual Total Time": 136.986,
                      "Actual Rows": 129213,
                      "Actual Loops": 7,
                      "Hash Buckets": 1048576,
                      "Original Hash Buckets": 1048576,
                      "Hash Batches": 1,
                      "Original Hash Batches": 1,
                      "Peak Memory Usage": 43680,
                      "Plans": [
                        {
                          "Node Type": "Seq Scan",
                          "Parent Relationship": "Outer",
                          "Parallel Aware": true,
                          "Relation Name": "title",
                          "Alias": "t",
                          "Startup Cost": 0.0,
                          "Total Cost": 43898.92,
                          "Plan Rows": 227776,
                          "Plan Width": 4,
                          "Actual Startup Time": 0.047,
                          "Actual Total Time": 77.113,
                          "Actual Rows": 129213,
                          "Actual Loops": 7,
                          "Filter": "(production_year > 2006)",
                          "Rows Removed by Filter": 231974
                        }
                      ]
                    }
                  ]
                }
              ]
            }
          ]
        }
      ]
    },
    "Planning Time": 0.61,
    "Triggers": [],
    "Execution Time": 765.349
  }
]