[
  {
    "Plan": {
      "Node Type": "Aggregate",
      "Strategy": "Plain",
      "Partial Mode": "Finalize",
      "Parallel Aware": false,
      "Startup Cost": 46698.59,
      "Total Cost": 46698.6,
      "Plan Rows": 1,
      "Plan Width": 8,
      "Actual Startup Time": 100.428,
      "Actual Total Time": 112.469,
      "Actual Rows": 1,
      "Actual Loops": 1,
      "Plans": [
        {
          "Node Type": "Gather",
          "Parent Relationship": "Outer",
          "Parallel Aware": false,
          "Startup Cost": 46698.17,
          "Total Cost": 46698.58,
          "Plan Rows": 4,
          "Plan Width": 8,
          "Actual Startup Time": 100.181,
          "Actual Total Time": 112.46,
          "Actual Rows": 5,
          "Actual Loops": 1,
          "Workers Planned": 4,
          "Workers Launched": 4,
          "Single Copy": false,
          "Plans": [
            {
              "Node Type": "Aggregate",
              "Strategy": "Plain",
              "Partial Mode": "Partial",
              "Parent Relationship": "Outer",
              "Parallel Aware": false,
              "Startup Cost": 45698.17,
              "Total Cost": 45698.18,
              "Plan Rows": 1,
              "Plan Width": 8,
              "Actual Startup Time": 91.851,
              "Actual Total Time": 91.852,
              "Actual Rows": 1,
              "Actual Loops": 5,
              "Plans": [
                {
                  "Node Type": "Seq Scan",
                  "Parent Relationship": "Outer",
                  "Parallel Aware": true,
                  "Relation Name": "title",
                  "Alias": "t",
                  "Startup Cost": 0.0,
                  "Total Cost": 45479.1,
                  "Plan Rows": 87629,
                  "Plan Width": 0,
                  "Actual Startup Time": 55.356,
                  "Actual Total Time": 88.419,
                  "Actual Rows": 84914,
                  "Actual Loops": 5,
                  "Filter": "((production_year < 2005) AND (kind_id = 1))",
                  "Rows Removed by Filter": 420748
                }
              ]
            }
          ]
        }
      ]
    },
    "Planning Time": 0.187,
    "Triggers": [],
    "Execution Time": 112.529
  }
]