[
  {
    "Plan": {
      "Node Type": "Aggregate",
      "Strategy": "Plain",
      "Partial Mode": "Finalize",
      "Parallel Aware": false,
      "Startup Cost": 46181.68,
      "Total Cost": 46181.69,
      "Plan Rows": 1,
      "Plan Width": 8,
      "Actual Startup Time": 172.447,
      "Actual Total Time": 182.694,
      "Actual Rows": 1,
      "Actual Loops": 1,
      "Plans": [
        {
          "Node Type": "Gather",
          "Parent Relationship": "Outer",
          "Parallel Aware": false,
          "Startup Cost": 46181.36,
          "Total Cost": 46181.67,
          "Plan Rows": 3,
          "Plan Width": 8,
          "Actual Startup Time": 172.324,
          "Actual Total Time": 182.683,
          "Actual Rows": 4,
          "Actual Loops": 1,
          "Workers Planned": 3,
          "Workers Launched": 3,
          "Single Copy": false,
          "Plans": [
            {
              "Node Type": "Aggregate",
              "Strategy": "Plain",
              "Partial Mode": "Partial",
              "Parent Relationship": "Outer",
              "Parallel Aware": false,
              "Startup Cost": 45181.36,
              "Total Cost": 45181.37,
              "Plan Rows": 1,
              "Plan Width": 8,
              "Actual Startup Time": 165.541,
              "Actual Total Time": 165.543,
              "Actual Rows": 1,
              "Actual Loops": 4,
              "Plans": [
                {
                  "Node Type": "Seq Scan",
                  "Parent Relationship": "Outer",
                  "Parallel Aware": true,
                  "Relation Name": "movie_keyword",
                  "Alias": "mk",
                  "Startup Cost": 0.0,
                  "Total Cost": 42695.65,
                  "Plan Rows": 994283,
                  "Plan Width": 0,
                  "Actual Startup Time": 0.136,
                  "Actual Total Time": 128.598,
                  "Actual Rows": 770687,
                  "Actual Loops": 4,
                  "Filter": "(keyword_id > 2010)",
                  "Rows Removed by Filter": 360295
                }
              ]
            }
          ]
        }
      ]
    },
    "Planning Time": 0.091,
    "Triggers": [],
    "Execution Time": 182.724
  }
]