[
  {
    "Plan": {
      "Node Type": "Aggregate",
      "Strategy": "Plain",
      "Partial Mode": "Finalize",
      "Parallel Aware": false,
      "Startup Cost": 383949.88,
      "Total Cost": 383949.89,
      "Plan Rows": 1,
      "Plan Width": 8,
      "Actual Startup Time": 1177.668,
      "Actual Total Time": 1239.778,
      "Actual Rows": 1,
      "Actual Loops": 1,
      "Plans": [
        {
          "Node Type": "Gather",
          "Parent Relationship": "Outer",
          "Parallel Aware": false,
          "Startup Cost": 383949.25,
          "Total Cost": 383949.86,
          "Plan Rows": 6,
          "Plan Width": 8,
          "Actual Startup Time": 1160.381,
          "Actual Total Time": 1239.765,
          "Actual Rows": 7,
          "Actual Loops": 1,
          "Workers Planned": 6,
          "Workers Launched": 6,
          "Single Copy": false,
          "Plans": [
            {
              "Node Type": "Aggregate",
              "Strategy": "Plain",
              "Partial Mode": "Partial",
              "Parent Relationship": "Outer",
              "Parallel Aware": false,
              "Startup Cost": 382949.25,
              "Total Cost": 382949.26,
              "Plan Rows": 1,
              "Plan Width": 8,
              "Actual Startup Time": 1145.282,
              "Actual Total Time": 1145.285,
              "Actual Rows": 1,
              "Actual Loops": 7,
              "Plans": [
                {
                  "Node Type": "Hash Join",
                  "Parent Relationship": "Outer",
                  "Parallel Aware": true,
                  "Join Type": "Inner",
                  "Startup Cost": 49827.08,
                  "Total Cost": 380882.02,
                  "Plan Rows": 826893,
                  "Plan Width": 0,
                  "Actual Startup Time": 531.857,
                  "Actual Total Time": 1112.017,
                  "Actual Rows": 768064,
                  "Actual Loops": 7,
                  "Inner Unique": true,
                  "Hash Cond": "(ci.movie_id = t.id)",
                  "Plans": [
                    {
                      "Node Type": "Seq Scan",
                      "Parent Relationship": "Outer",
                      "Parallel Aware": true,
                      "Relation Name": "cast_info",
                      "Alias": "ci",
                      "Startup Cost": 0.0,
                      "Total Cost": 328162.03,
                      "Plan Rows": 1102064,
                      "Plan Width": 4,
                      "Actual Startup Time": 321.841,
                      "Actual Total Time": 522.665,
                      "Actual Rows": 921285,
                      "Actual Loops": 7,
                      "Filter": "(person_id > 3010928)",
                      "Rows Removed by Filter": 4256479
                    },
                    {
                      "Node Type": "Hash",
                      "Parent Relationship": "Inner",
                      "Parallel Aware": true,
                      "Startup Cost": 43898.92,
                      "Total Cost": 43898.92,
                      "Plan Rows": 474253,
                      "Plan Width": 4,
                      "Actual Startup Time": 205.021,
                      "Actual Total Time": 205.022,
                      "Actual Rows": 269681,
                      "Actual Loops": 7,
                      "Hash Buckets": 2097152,
                      "Original Hash Buckets": 2097152,
                      "Hash Batches": 1,
                      "Original Hash Batches": 1,
                      "Peak Memory Usage": 90272,
                      "Plans": [
                        {
                          "Node Type": "Seq Scan",
                          "Parent Relationship": "Outer",
                          "Parallel Aware": true,
                          "Relation Name": "title",
                          "Alias": "t",
                          "Startup Cost": 0.0,
                          "Total Cost": 43898.92,
                          "Plan Rows": 474253,
                          "Plan Width": 4,
                          "Actual Startup Time": 0.048,
                          "Actual Total Time": 81.403,
                          "Actual Rows": 269681,
                          "Actual Loops": 7,
                          "Filter": "(production_year > 1983)",
                          "Rows Removed by Filter": 91506
                        }
                      ]
                    }
                  ]
                }
              ]
            }
          ]
        }
      ]
    },
    "Planning Time": 0.617,
    "Triggers": [],
    "Execution Time": 1239.874
  }
]