[
    {
        "Bao": {
            "Bao prediction": "NaN",
            "Bao recommended hint": "(no hint)"
        }
    },
    {
        "Plan": {
            "Node Type": "Aggregate",
            "Strategy": "Plain",
            "Partial Mode": "Finalize",
            "Parallel Aware": false,
            "Startup Cost": 390585.8,
            "Total Cost": 390585.81,
            "Plan Rows": 1,
            "Plan Width": 8,
            "Actual Startup Time": 1772.369,
            "Actual Total Time": 1802.5,
            "Actual Rows": 1,
            "Actual Loops": 1,
            "Output": [
                "count(*)"
            ],
            "Plans": [
                {
                    "Node Type": "Gather",
                    "Parent Relationship": "Outer",
                    "Parallel Aware": false,
                    "Startup Cost": 390585.18,
                    "Total Cost": 390585.79,
                    "Plan Rows": 6,
                    "Plan Width": 8,
                    "Actual Startup Time": 1753.874,
                    "Actual Total Time": 1802.485,
                    "Actual Rows": 7,
                    "Actual Loops": 1,
                    "Output": [
                        "(PARTIAL count(*))"
                    ],
                    "Workers Planned": 6,
                    "Workers Launched": 6,
                    "Single Copy": false,
                    "Plans": [
                        {
                            "Node Type": "Aggregate",
                            "Strategy": "Plain",
                            "Partial Mode": "Partial",
                            "Parent Relationship": "Outer",
                            "Parallel Aware": false,
                            "Startup Cost": 389585.18,
                            "Total Cost": 389585.19,
                            "Plan Rows": 1,
                            "Plan Width": 8,
                            "Actual Startup Time": 1735.267,
                            "Actual Total Time": 1735.271,
                            "Actual Rows": 1,
                            "Actual Loops": 7,
                            "Output": [
                                "PARTIAL count(*)"
                            ],
                            "Workers": [
                                {
                                    "Worker Number": 0,
                                    "Actual Startup Time": 1731.655,
                                    "Actual Total Time": 1731.658,
                                    "Actual Rows": 1,
                                    "Actual Loops": 1
                                },
                                {
                                    "Worker Number": 1,
                                    "Actual Startup Time": 1731.768,
                                    "Actual Total Time": 1731.772,
                                    "Actual Rows": 1,
                                    "Actual Loops": 1
                                },
                                {
                                    "Worker Number": 2,
                                    "Actual Startup Time": 1731.771,
                                    "Actual Total Time": 1731.774,
                                    "Actual Rows": 1,
                                    "Actual Loops": 1
                                },
                                {
                                    "Worker Number": 3,
                                    "Actual Startup Time": 1731.873,
                                    "Actual Total Time": 1731.876,
                                    "Actual Rows": 1,
                                    "Actual Loops": 1
                                },
                                {
                                    "Worker Number": 4,
                                    "Actual Startup Time": 1731.977,
                                    "Actual Total Time": 1731.98,
                                    "Actual Rows": 1,
                                    "Actual Loops": 1
                                },
                                {
                                    "Worker Number": 5,
                                    "Actual Startup Time": 1734.491,
                                    "Actual Total Time": 1734.495,
                                    "Actual Rows": 1,
                                    "Actual Loops": 1
                                }
                            ],
                            "Plans": [
                                {
                                    "Node Type": "Hash Join",
                                    "Parent Relationship": "Outer",
                                    "Parallel Aware": true,
                                    "Join Type": "Inner",
                                    "Startup Cost": 51004.76,
                                    "Total Cost": 384802.37,
                                    "Plan Rows": 1913123,
                                    "Plan Width": 0,
                                    "Actual Startup Time": 250.357,
                                    "Actual Total Time": 1651.88,
                                    "Actual Rows": 1681027,
                                    "Actual Loops": 7,
                                    "Inner Unique": true,
                                    "Hash Cond": "(ci.movie_id = t.id)",
                                    "Workers": [
                                        {
                                            "Worker Number": 0,
                                            "Actual Startup Time": 247.026,
                                            "Actual Total Time": 1655.472,
                                            "Actual Rows": 1713421,
                                            "Actual Loops": 1
                                        },
                                        {
                                            "Worker Number": 1,
                                            "Actual Startup Time": 247.262,
                                            "Actual Total Time": 1650.716,
                                            "Actual Rows": 1861832,
                                            "Actual Loops": 1
                                        },
                                        {
                                            "Worker Number": 2,
                                            "Actual Startup Time": 247.262,
                                            "Actual Total Time": 1650.433,
                                            "Actual Rows": 1865418,
                                            "Actual Loops": 1
                                        },
                                        {
                                            "Worker Number": 3,
                                            "Actual Startup Time": 247.211,
                                            "Actual Total Time": 1656.401,
                                            "Actual Rows": 1699842,
                                            "Actual Loops": 1
                                        },
                                        {
                                            "Worker Number": 4,
                                            "Actual Startup Time": 247.459,
                                            "Actual Total Time": 1650.043,
                                            "Actual Rows": 1882809,
                                            "Actual Loops": 1
                                        },
                                        {
                                            "Worker Number": 5,
                                            "Actual Startup Time": 247.448,
                                            "Actual Total Time": 1643.071,
                                            "Actual Rows": 1292256,
                                            "Actual Loops": 1
                                        }
                                    ],
                                    "Plans": [
                                        {
                                            "Node Type": "Seq Scan",
                                            "Parent Relationship": "Outer",
                                            "Parallel Aware": true,
                                            "Relation Name": "cast_info",
                                            "Schema": "public",
                                            "Alias": "ci",
                                            "Startup Cost": 0.0,
                                            "Total Cost": 328213.62,
                                            "Plan Rows": 2127232,
                                            "Plan Width": 4,
                                            "Actual Startup Time": 0.024,
                                            "Actual Total Time": 630.265,
                                            "Actual Rows": 1810098,
                                            "Actual Loops": 7,
                                            "Output": [
                                                "ci.id",
                                                "ci.person_id",
                                                "ci.movie_id",
                                                "ci.person_role_id",
                                                "ci.note",
                                                "ci.nr_order",
                                                "ci.role_id"
                                            ],
                                            "Filter": "(ci.role_id < 2)",
                                            "Rows Removed by Filter": 3367665,
                                            "Workers": [
                                                {
                                                    "Worker Number": 0,
                                                    "Actual Startup Time": 0.021,
                                                    "Actual Total Time": 622.655,
                                                    "Actual Rows": 1842821,
                                                    "Actual Loops": 1
                                                },
                                                {
                                                    "Worker Number": 1,
                                                    "Actual Startup Time": 0.027,
                                                    "Actual Total Time": 626.911,
                                                    "Actual Rows": 2004499,
                                                    "Actual Loops": 1
                                                },
                                                {
                                                    "Worker Number": 2,
                                                    "Actual Startup Time": 0.023,
                                                    "Actual Total Time": 626.66,
                                                    "Actual Rows": 2009485,
                                                    "Actual Loops": 1
                                                },
                                                {
                                                    "Worker Number": 3,
                                                    "Actual Startup Time": 0.025,
                                                    "Actual Total Time": 620.107,
                                                    "Actual Rows": 1831096,
                                                    "Actual Loops": 1
                                                },
                                                {
                                                    "Worker Number": 4,
                                                    "Actual Startup Time": 0.031,
                                                    "Actual Total Time": 628.298,
                                                    "Actual Rows": 2028101,
                                                    "Actual Loops": 1
                                                },
                                                {
                                                    "Worker Number": 5,
                                                    "Actual Startup Time": 0.028,
                                                    "Actual Total Time": 658.51,
                                                    "Actual Rows": 1390962,
                                                    "Actual Loops": 1
                                                }
                                            ]
                                        },
                                        {
                                            "Node Type": "Hash",
                                            "Parent Relationship": "Inner",
                                            "Parallel Aware": true,
                                            "Startup Cost": 43899.01,
                                            "Total Cost": 43899.01,
                                            "Plan Rows": 568460,
                                            "Plan Width": 4,
                                            "Actual Startup Time": 243.536,
                                            "Actual Total Time": 243.537,
                                            "Actual Rows": 325037,
                                            "Actual Loops": 7,
                                            "Output": [
                                                "t.id"
                                            ],
                                            "Hash Buckets": 4194304,
                                            "Original Hash Buckets": 4194304,
                                            "Hash Batches": 1,
                                            "Original Hash Batches": 1,
                                            "Peak Memory Usage": 121888,
                                            "Workers": [
                                                {
                                                    "Worker Number": 0,
                                                    "Actual Startup Time": 246.176,
                                                    "Actual Total Time": 246.177,
                                                    "Actual Rows": 319432,
                                                    "Actual Loops": 1
                                                },
                                                {
                                                    "Worker Number": 1,
                                                    "Actual Startup Time": 246.173,
                                                    "Actual Total Time": 246.174,
                                                    "Actual Rows": 345987,
                                                    "Actual Loops": 1
                                                },
                                                {
                                                    "Worker Number": 2,
                                                    "Actual Startup Time": 246.185,
                                                    "Actual Total Time": 246.186,
                                                    "Actual Rows": 347504,
                                                    "Actual Loops": 1
                                                },
                                                {
                                                    "Worker Number": 3,
                                                    "Actual Startup Time": 246.423,
                                                    "Actual Total Time": 246.425,
                                                    "Actual Rows": 324283,
                                                    "Actual Loops": 1
                                                },
                                                {
                                                    "Worker Number": 4,
                                                    "Actual Startup Time": 246.476,
                                                    "Actual Total Time": 246.476,
                                                    "Actual Rows": 351814,
                                                    "Actual Loops": 1
                                                },
                                                {
                                                    "Worker Number": 5,
                                                    "Actual Startup Time": 246.595,
                                                    "Actual Total Time": 246.596,
                                                    "Actual Rows": 243263,
                                                    "Actual Loops": 1
                                                }
                                            ],
                                            "Plans": [
                                                {
                                                    "Node Type": "Seq Scan",
                                                    "Parent Relationship": "Outer",
                                                    "Parallel Aware": true,
                                                    "Relation Name": "title",
                                                    "Schema": "public",
                                                    "Alias": "t",
                                                    "Startup Cost": 0.0,
                                                    "Total Cost": 43899.01,
                                                    "Plan Rows": 568460,
                                                    "Plan Width": 4,
                                                    "Actual Startup Time": 0.052,
                                                    "Actual Total Time": 78.927,
                                                    "Actual Rows": 325037,
                                                    "Actual Loops": 7,
                                                    "Output": [
                                                        "t.id"
                                                    ],
                                                    "Filter": "(t.production_year > 1952)",
                                                    "Rows Removed by Filter": 36150,
                                                    "Workers": [
                                                        {
                                                            "Worker Number": 0,
                                                            "Actual Startup Time": 0.058,
                                                            "Actual Total Time": 78.805,
                                                            "Actual Rows": 319432,
                                                            "Actual Loops": 1
                                                        },
                                                        {
                                                            "Worker Number": 1,
                                                            "Actual Startup Time": 0.05,
                                                            "Actual Total Time": 79.217,
                                                            "Actual Rows": 345987,
                                                            "Actual Loops": 1
                                                        },
                                                        {
                                                            "Worker Number": 2,
                                                            "Actual Startup Time": 0.051,
                                                            "Actual Total Time": 79.436,
                                                            "Actual Rows": 347504,
                                                            "Actual Loops": 1
                                                        },
                                                        {
                                                            "Worker Number": 3,
                                                            "Actual Startup Time": 0.063,
                                                            "Actual Total Time": 79.595,
                                                            "Actual Rows": 324283,
                                                            "Actual Loops": 1
                                                        },
                                                        {
                                                            "Worker Number": 4,
                                                            "Actual Startup Time": 0.064,
                                                            "Actual Total Time": 80.33,
                                                            "Actual Rows": 351814,
                                                            "Actual Loops": 1
                                                        },
                                                        {
                                                            "Worker Number": 5,
                                                            "Actual Startup Time": 0.062,
                                                            "Actual Total Time": 84.488,
                                                            "Actual Rows": 243263,
                                                            "Actual Loops": 1
                                                        }
                                                    ]
                                                }
                                            ]
                                        }
                                    ]
                                }
                            ]
                        }
                    ]
                }
            ]
        },
        "Planning Time": 297.244,
        "Triggers": [],
        "Execution Time": 1802.59
    }
]