{
  "Plan": {
    "Node Type": "Aggregate",
    "Strategy": "Plain",
    "Partial Mode": "Simple",
    "Parallel Aware": false,
    "Startup Cost": 2494.74,
    "Total Cost": 2494.75,
    "Plan Rows": 1,
    "Plan Width": 8,
    "Actual Startup Time": 0.553,
    "Actual Total Time": 0.555,
    "Actual Rows": 1,
    "Actual Loops": 1,
    "Plans": [
      {
        "Node Type": "Nested Loop",
        "Parent Relationship": "Outer",
        "Parallel Aware": false,
        "Join Type": "Inner",
        "Startup Cost": 1.42,
        "Total Cost": 2494.73,
        "Plan Rows": 3,
        "Plan Width": 0,
        "Actual Startup Time": 0.519,
        "Actual Total Time": 0.548,
        "Actual Rows": 3,
        "Actual Loops": 1,
        "Inner Unique": false,
        "Plans": [
          {
            "Node Type": "Nested Loop",
            "Parent Relationship": "Outer",
            "Parallel Aware": false,
            "Join Type": "Inner",
            "Startup Cost": 0.99,
            "Total Cost": 2483.72,
            "Plan Rows": 7,
            "Plan Width": 8,
            "Actual Startup Time": 0.5,
            "Actual Total Time": 0.52,
            "Actual Rows": 1,
            "Actual Loops": 1,
            "Inner Unique": true,
            "Plans": [
              {
                "Node Type": "Index Scan",
                "Parent Relationship": "Outer",
                "Parallel Aware": false,
                "Scan Direction": "Forward",
                "Index Name": "person_id_cast_info",
                "Relation Name": "cast_info",
                "Alias": "ci",
                "Startup Cost": 0.56,
                "Total Cost": 1059.67,
                "Plan Rows": 169,
                "Plan Width": 4,
                "Actual Startup Time": 0.09,
                "Actual Total Time": 0.12,
                "Actual Rows": 40,
                "Actual Loops": 1,
                "Index Cond": "(person_id = 881775)",
                "Rows Removed by Index Recheck": 0,
                "Filter": "(role_id > 3)",
                "Rows Removed by Filter": 41
              },
              {
                "Node Type": "Index Scan",
                "Parent Relationship": "Inner",
                "Parallel Aware": false,
                "Scan Direction": "Forward",
                "Index Name": "title_pkey",
                "Relation Name": "title",
                "Alias": "t",
                "Startup Cost": 0.43,
                "Total Cost": 8.43,
                "Plan Rows": 1,
                "Plan Width": 4,
                "Actual Startup Time": 0.009,
                "Actual Total Time": 0.009,
                "Actual Rows": 0,
                "Actual Loops": 40,
                "Index Cond": "(id = ci.movie_id)",
                "Rows Removed by Index Recheck": 0,
                "Filter": "(production_year = 2006)",
                "Rows Removed by Filter": 1
              }
            ]
          },
          {
            "Node Type": "Index Scan",
            "Parent Relationship": "Inner",
            "Parallel Aware": false,
            "Scan Direction": "Forward",
            "Index Name": "movie_id_movie_companies",
            "Relation Name": "movie_companies",
            "Alias": "mc",
            "Startup Cost": 0.43,
            "Total Cost": 1.54,
            "Plan Rows": 3,
            "Plan Width": 4,
            "Actual Startup Time": 0.017,
            "Actual Total Time": 0.024,
            "Actual Rows": 3,
            "Actual Loops": 1,
            "Index Cond": "(movie_id = t.id)",
            "Rows Removed by Index Recheck": 0,
            "Filter": "(company_id < 11146)",
            "Rows Removed by Filter": 2
          }
        ]
      }
    ]
  },
  "Planning Time": 1.063,
  "Triggers": [],
  "Execution Time": 0.627
}