[
    {
        "Bao": {
            "Bao prediction": "NaN",
            "Bao recommended hint": "(no hint)"
        }
    },
    {
        "Plan": {
            "Node Type": "Aggregate",
            "Strategy": "Plain",
            "Partial Mode": "Finalize",
            "Parallel Aware": false,
            "Startup Cost": 31509.68,
            "Total Cost": 31509.69,
            "Plan Rows": 1,
            "Plan Width": 8,
            "Actual Startup Time": 100.348,
            "Actual Total Time": 104.342,
            "Actual Rows": 1,
            "Actual Loops": 1,
            "Output": [
                "count(*)"
            ],
            "Plans": [
                {
                    "Node Type": "Gather",
                    "Parent Relationship": "Outer",
                    "Parallel Aware": false,
                    "Startup Cost": 31509.37,
                    "Total Cost": 31509.68,
                    "Plan Rows": 3,
                    "Plan Width": 8,
                    "Actual Startup Time": 100.258,
                    "Actual Total Time": 104.334,
                    "Actual Rows": 4,
                    "Actual Loops": 1,
                    "Output": [
                        "(PARTIAL count(*))"
                    ],
                    "Workers Planned": 3,
                    "Workers Launched": 3,
                    "Single Copy": false,
                    "Plans": [
                        {
                            "Node Type": "Aggregate",
                            "Strategy": "Plain",
                            "Partial Mode": "Partial",
                            "Parent Relationship": "Outer",
                            "Parallel Aware": false,
                            "Startup Cost": 30509.37,
                            "Total Cost": 30509.38,
                            "Plan Rows": 1,
                            "Plan Width": 8,
                            "Actual Startup Time": 91.872,
                            "Actual Total Time": 91.873,
                            "Actual Rows": 1,
                            "Actual Loops": 4,
                            "Output": [
                                "PARTIAL count(*)"
                            ],
                            "Workers": [
                                {
                                    "Worker Number": 0,
                                    "Actual Startup Time": 89.059,
                                    "Actual Total Time": 89.06,
                                    "Actual Rows": 1,
                                    "Actual Loops": 1
                                },
                                {
                                    "Worker Number": 1,
                                    "Actual Startup Time": 89.275,
                                    "Actual Total Time": 89.276,
                                    "Actual Rows": 1,
                                    "Actual Loops": 1
                                },
                                {
                                    "Worker Number": 2,
                                    "Actual Startup Time": 89.27,
                                    "Actual Total Time": 89.271,
                                    "Actual Rows": 1,
                                    "Actual Loops": 1
                                }
                            ],
                            "Plans": [
                                {
                                    "Node Type": "Seq Scan",
                                    "Parent Relationship": "Outer",
                                    "Parallel Aware": true,
                                    "Relation Name": "movie_companies",
                                    "Schema": "public",
                                    "Alias": "mc",
                                    "Startup Cost": 0.0,
                                    "Total Cost": 29310.68,
                                    "Plan Rows": 479474,
                                    "Plan Width": 0,
                                    "Actual Startup Time": 0.065,
                                    "Actual Total Time": 71.386,
                                    "Actual Rows": 370426,
                                    "Actual Loops": 4,
                                    "Output": [
                                        "id",
                                        "movie_id",
                                        "company_id",
                                        "company_type_id",
                                        "note"
                                    ],
                                    "Filter": "(mc.company_id < 13587)",
                                    "Rows Removed by Filter": 281857,
                                    "Workers": [
                                        {
                                            "Worker Number": 0,
                                            "Actual Startup Time": 0.071,
                                            "Actual Total Time": 70.307,
                                            "Actual Rows": 315265,
                                            "Actual Loops": 1
                                        },
                                        {
                                            "Worker Number": 1,
                                            "Actual Startup Time": 0.088,
                                            "Actual Total Time": 70.503,
                                            "Actual Rows": 319577,
                                            "Actual Loops": 1
                                        },
                                        {
                                            "Worker Number": 2,
                                            "Actual Startup Time": 0.084,
                                            "Actual Total Time": 70.481,
                                            "Actual Rows": 319430,
                                            "Actual Loops": 1
                                        }
                                    ]
                                }
                            ]
                        }
                    ]
                }
            ]
        },
        "Planning Time": 194.867,
        "Triggers": [],
        "Execution Time": 104.399
    }
]