[
  {
    "Plan": {
      "Node Type": "Aggregate",
      "Strategy": "Plain",
      "Partial Mode": "Finalize",
      "Parallel Aware": false,
      "Startup Cost": 402156.7,
      "Total Cost": 402156.71,
      "Plan Rows": 1,
      "Plan Width": 8,
      "Actual Startup Time": 1353.57,
      "Actual Total Time": 1386.831,
      "Actual Rows": 1,
      "Actual Loops": 1,
      "Plans": [
        {
          "Node Type": "Gather",
          "Parent Relationship": "Outer",
          "Parallel Aware": false,
          "Startup Cost": 402156.08,
          "Total Cost": 402156.69,
          "Plan Rows": 6,
          "Plan Width": 8,
          "Actual Startup Time": 1348.67,
          "Actual Total Time": 1386.822,
          "Actual Rows": 7,
          "Actual Loops": 1,
          "Workers Planned": 6,
          "Workers Launched": 6,
          "Single Copy": false,
          "Plans": [
            {
              "Node Type": "Aggregate",
              "Strategy": "Plain",
              "Partial Mode": "Partial",
              "Parent Relationship": "Outer",
              "Parallel Aware": false,
              "Startup Cost": 401156.08,
              "Total Cost": 401156.09,
              "Plan Rows": 1,
              "Plan Width": 8,
              "Actual Startup Time": 1339.502,
              "Actual Total Time": 1339.505,
              "Actual Rows": 1,
              "Actual Loops": 7,
              "Plans": [
                {
                  "Node Type": "Hash Join",
                  "Parent Relationship": "Outer",
                  "Parallel Aware": true,
                  "Join Type": "Inner",
                  "Startup Cost": 49385.96,
                  "Total Cost": 398450.42,
                  "Plan Rows": 1082262,
                  "Plan Width": 0,
                  "Actual Startup Time": 461.756,
                  "Actual Total Time": 1292.424,
                  "Actual Rows": 936551,
                  "Actual Loops": 7,
                  "Inner Unique": true,
                  "Hash Cond": "(ci.movie_id = t.id)",
                  "Plans": [
                    {
                      "Node Type": "Seq Scan",
                      "Parent Relationship": "Outer",
                      "Parallel Aware": true,
                      "Relation Name": "cast_info",
                      "Alias": "ci",
                      "Startup Cost": 0.0,
                      "Total Cost": 343318.94,
                      "Plan Rows": 2188768,
                      "Plan Width": 4,
                      "Actual Startup Time": 310.933,
                      "Actual Total Time": 628.812,
                      "Actual Rows": 2034747,
                      "Actual Loops": 7,
                      "Filter": "((person_id > 648323) AND (role_id > 2))",
                      "Rows Removed by Filter": 3143016
                    },
                    {
                      "Node Type": "Hash",
                      "Parent Relationship": "Inner",
                      "Parallel Aware": true,
                      "Startup Cost": 45479.21,
                      "Total Cost": 45479.21,
                      "Plan Rows": 312540,
                      "Plan Width": 4,
                      "Actual Startup Time": 147.151,
                      "Actual Total Time": 147.152,
                      "Actual Rows": 174505,
                      "Actual Loops": 7,
                      "Hash Buckets": 2097152,
                      "Original Hash Buckets": 2097152,
                      "Hash Batches": 1,
                      "Original Hash Batches": 1,
                      "Peak Memory Usage": 64256,
                      "Plans": [
                        {
                          "Node Type": "Seq Scan",
                          "Parent Relationship": "Outer",
                          "Parallel Aware": true,
                          "Relation Name": "title",
                          "Alias": "t",
                          "Startup Cost": 0.0,
                          "Total Cost": 45479.21,
                          "Plan Rows": 312540,
                          "Plan Width": 4,
                          "Actual Startup Time": 0.023,
                          "Actual Total Time": 71.088,
                          "Actual Rows": 174505,
                          "Actual Loops": 7,
                          "Filter": "((production_year < 2011) AND (kind_id = 7))",
                          "Rows Removed by Filter": 186683
                        }
                      ]
                    }
                  ]
                }
              ]
            }
          ]
        }
      ]
    },
    "Planning Time": 0.326,
    "Triggers": [],
    "Execution Time": 1386.878
  }
]