[
  {
    "Plan": {
      "Node Type": "Aggregate",
      "Strategy": "Plain",
      "Partial Mode": "Simple",
      "Parallel Aware": false,
      "Startup Cost": 1448.08,
      "Total Cost": 1448.09,
      "Plan Rows": 1,
      "Plan Width": 8,
      "Actual Startup Time": 2.995,
      "Actual Total Time": 2.998,
      "Actual Rows": 1,
      "Actual Loops": 1,
      "Plans": [
        {
          "Node Type": "Nested Loop",
          "Parent Relationship": "Outer",
          "Parallel Aware": false,
          "Join Type": "Inner",
          "Startup Cost": 1.43,
          "Total Cost": 1448.01,
          "Plan Rows": 27,
          "Plan Width": 0,
          "Actual Startup Time": 0.257,
          "Actual Total Time": 2.928,
          "Actual Rows": 307,
          "Actual Loops": 1,
          "Inner Unique": false,
          "Plans": [
            {
              "Node Type": "Nested Loop",
              "Parent Relationship": "Outer",
              "Parallel Aware": false,
              "Join Type": "Inner",
              "Startup Cost": 0.99,
              "Total Cost": 1389.22,
              "Plan Rows": 37,
              "Plan Width": 8,
              "Actual Startup Time": 0.234,
              "Actual Total Time": 1.448,
              "Actual Rows": 159,
              "Actual Loops": 1,
              "Inner Unique": true,
              "Plans": [
                {
                  "Node Type": "Index Scan",
                  "Parent Relationship": "Outer",
                  "Parallel Aware": false,
                  "Scan Direction": "Forward",
                  "Index Name": "person_id_cast_info",
                  "Relation Name": "cast_info",
                  "Alias": "ci",
                  "Startup Cost": 0.56,
                  "Total Cost": 1059.67,
                  "Plan Rows": 39,
                  "Plan Width": 4,
                  "Actual Startup Time": 0.206,
                  "Actual Total Time": 0.332,
                  "Actual Rows": 159,
                  "Actual Loops": 1,
                  "Index Cond": "(person_id = 3205436)",
                  "Rows Removed by Index Recheck": 0,
                  "Filter": "(role_id = 4)",
                  "Rows Removed by Filter": 26
                },
                {
                  "Node Type": "Index Scan",
                  "Parent Relationship": "Inner",
                  "Parallel Aware": false,
                  "Scan Direction": "Forward",
                  "Index Name": "title_pkey",
                  "Relation Name": "title",
                  "Alias": "t",
                  "Startup Cost": 0.43,
                  "Total Cost": 8.45,
                  "Plan Rows": 1,
                  "Plan Width": 4,
                  "Actual Startup Time": 0.006,
                  "Actual Total Time": 0.006,
                  "Actual Rows": 1,
                  "Actual Loops": 159,
                  "Index Cond": "(id = ci.movie_id)",
                  "Rows Removed by Index Recheck": 0,
                  "Filter": "(production_year < 2013)",
                  "Rows Removed by Filter": 0
                }
              ]
            },
            {
              "Node Type": "Index Scan",
              "Parent Relationship": "Inner",
              "Parallel Aware": false,
              "Scan Direction": "Forward",
              "Index Name": "movie_id_movie_keyword",
              "Relation Name": "movie_keyword",
              "Alias": "mk",
              "Startup Cost": 0.43,
              "Total Cost": 1.41,
              "Plan Rows": 18,
              "Plan Width": 4,
              "Actual Startup Time": 0.006,
              "Actual Total Time": 0.008,
              "Actual Rows": 2,
              "Actual Loops": 159,
              "Index Cond": "(movie_id = t.id)",
              "Rows Removed by Index Recheck": 0,
              "Filter": "(keyword_id < 3033)",
              "Rows Removed by Filter": 4
            }
          ]
        }
      ]
    },
    "Planning Time": 1.278,
    "Triggers": [],
    "Execution Time": 3.067
  }
]