[
  {
    "Plan": {
      "Node Type": "Aggregate",
      "Strategy": "Plain",
      "Partial Mode": "Finalize",
      "Parallel Aware": false,
      "Startup Cost": 330950.15,
      "Total Cost": 330950.16,
      "Plan Rows": 1,
      "Plan Width": 8,
      "Actual Startup Time": 512.896,
      "Actual Total Time": 539.146,
      "Actual Rows": 1,
      "Actual Loops": 1,
      "Plans": [
        {
          "Node Type": "Gather",
          "Parent Relationship": "Outer",
          "Parallel Aware": false,
          "Startup Cost": 330949.53,
          "Total Cost": 330950.14,
          "Plan Rows": 6,
          "Plan Width": 8,
          "Actual Startup Time": 512.809,
          "Actual Total Time": 539.14,
          "Actual Rows": 7,
          "Actual Loops": 1,
          "Workers Planned": 6,
          "Workers Launched": 6,
          "Single Copy": false,
          "Plans": [
            {
              "Node Type": "Aggregate",
              "Strategy": "Plain",
              "Partial Mode": "Partial",
              "Parent Relationship": "Outer",
              "Parallel Aware": false,
              "Startup Cost": 329949.53,
              "Total Cost": 329949.54,
              "Plan Rows": 1,
              "Plan Width": 8,
              "Actual Startup Time": 507.454,
              "Actual Total Time": 507.455,
              "Actual Rows": 1,
              "Actual Loops": 7,
              "Plans": [
                {
                  "Node Type": "Seq Scan",
                  "Parent Relationship": "Outer",
                  "Parallel Aware": true,
                  "Relation Name": "cast_info",
                  "Alias": "ci",
                  "Startup Cost": 0.0,
                  "Total Cost": 328213.62,
                  "Plan Rows": 694365,
                  "Plan Width": 0,
                  "Actual Startup Time": 0.033,
                  "Actual Total Time": 479.21,
                  "Actual Rows": 601804,
                  "Actual Loops": 7,
                  "Filter": "(person_id < 405680)",
                  "Rows Removed by Filter": 4575960
                }
              ]
            }
          ]
        }
      ]
    },
    "Planning Time": 0.052,
    "Triggers": [],
    "Execution Time": 539.169
  }
]