[
  {
    "Plan": {
      "Node Type": "Aggregate",
      "Strategy": "Plain",
      "Partial Mode": "Finalize",
      "Parallel Aware": false,
      "Startup Cost": 610739.22,
      "Total Cost": 610739.23,
      "Plan Rows": 1,
      "Plan Width": 8,
      "Actual Startup Time": 2438.886,
      "Actual Total Time": 2511.272,
      "Actual Rows": 1,
      "Actual Loops": 1,
      "Plans": [
        {
          "Node Type": "Gather",
          "Parent Relationship": "Outer",
          "Parallel Aware": false,
          "Startup Cost": 610738.6,
          "Total Cost": 610739.21,
          "Plan Rows": 6,
          "Plan Width": 8,
          "Actual Startup Time": 2429.915,
          "Actual Total Time": 2511.26,
          "Actual Rows": 7,
          "Actual Loops": 1,
          "Workers Planned": 6,
          "Workers Launched": 6,
          "Single Copy": false,
          "Plans": [
            {
              "Node Type": "Aggregate",
              "Strategy": "Plain",
              "Partial Mode": "Partial",
              "Parent Relationship": "Outer",
              "Parallel Aware": false,
              "Startup Cost": 609738.6,
              "Total Cost": 609738.61,
              "Plan Rows": 1,
              "Plan Width": 8,
              "Actual Startup Time": 2419.603,
              "Actual Total Time": 2419.751,
              "Actual Rows": 1,
              "Actual Loops": 7,
              "Plans": [
                {
                  "Node Type": "Hash Join",
                  "Parent Relationship": "Outer",
                  "Parallel Aware": true,
                  "Join Type": "Inner",
                  "Startup Cost": 255761.38,
                  "Total Cost": 602909.75,
                  "Plan Rows": 2731541,
                  "Plan Width": 0,
                  "Actual Startup Time": 794.073,
                  "Actual Total Time": 2319.057,
                  "Actual Rows": 2064730,
                  "Actual Loops": 7,
                  "Inner Unique": false,
                  "Hash Cond": "(ci.movie_id = t.id)",
                  "Plans": [
                    {
                      "Node Type": "Seq Scan",
                      "Parent Relationship": "Outer",
                      "Parallel Aware": true,
                      "Relation Name": "cast_info",
                      "Alias": "ci",
                      "Startup Cost": 0.0,
                      "Total Cost": 328211.39,
                      "Plan Rows": 3593039,
                      "Plan Width": 4,
                      "Actual Startup Time": 0.058,
                      "Actual Total Time": 617.633,
                      "Actual Rows": 3115401,
                      "Actual Loops": 7,
                      "Filter": "(person_id < 2217115)",
                      "Rows Removed by Filter": 2062363
                    },
                    {
                      "Node Type": "Hash",
                      "Parent Relationship": "Inner",
                      "Parallel Aware": true,
                      "Startup Cost": 250955.92,
                      "Total Cost": 250955.92,
                      "Plan Rows": 384437,
                      "Plan Width": 8,
                      "Actual Startup Time": 790.622,
                      "Actual Total Time": 790.769,
                      "Actual Rows": 147717,
                      "Actual Loops": 7,
                      "Hash Buckets": 2097152,
                      "Original Hash Buckets": 2097152,
                      "Hash Batches": 1,
                      "Original Hash Batches": 1,
                      "Peak Memory Usage": 56960,
                      "Plans": [
                        {
                          "Node Type": "Hash Join",
                          "Parent Relationship": "Outer",
                          "Parallel Aware": true,
                          "Join Type": "Inner",
                          "Startup Cost": 47192.41,
                          "Total Cost": 250955.92,
                          "Plan Rows": 384437,
                          "Plan Width": 8,
                          "Actual Startup Time": 165.482,
                          "Actual Total Time": 722.664,
                          "Actual Rows": 147717,
                          "Actual Loops": 7,
                          "Inner Unique": true,
                          "Hash Cond": "(mi.movie_id = t.id)",
                          "Plans": [
                            {
                              "Node Type": "Seq Scan",
                              "Parent Relationship": "Outer",
                              "Parallel Aware": true,
                              "Relation Name": "movie_info",
                              "Alias": "mi",
                              "Startup Cost": 0.0,
                              "Total Cost": 199108.24,
                              "Plan Rows": 1773429,
                              "Plan Width": 4,
                              "Actual Startup Time": 19.713,
                              "Actual Total Time": 338.557,
                              "Actual Rows": 1278680,
                              "Actual Loops": 7,
                              "Filter": "(info_type_id > 6)",
                              "Rows Removed by Filter": 840709
                            },
                            {
                              "Node Type": "Hash",
                              "Parent Relationship": "Inner",
                              "Parallel Aware": true,
                              "Startup Cost": 45479.59,
                              "Total Cost": 45479.59,
                              "Plan Rows": 137026,
                              "Plan Width": 4,
                              "Actual Startup Time": 144.457,
                              "Actual Total Time": 144.459,
                              "Actual Rows": 82395,
                              "Actual Loops": 7,
                              "Hash Buckets": 1048576,
                              "Original Hash Buckets": 1048576,
                              "Hash Batches": 1,
                              "Original Hash Batches": 1,
                              "Peak Memory Usage": 30848,
                              "Plans": [
                                {
                                  "Node Type": "Seq Scan",
                                  "Parent Relationship": "Outer",
                                  "Parallel Aware": true,
                                  "Relation Name": "title",
                                  "Alias": "t",
                                  "Startup Cost": 0.0,
                                  "Total Cost": 45479.59,
                                  "Plan Rows": 137026,
                                  "Plan Width": 4,
                                  "Actual Startup Time": 0.053,
                                  "Actual Total Time": 92.638,
                                  "Actual Rows": 82395,
                                  "Actual Loops": 7,
                                  "Filter": "((kind_id > 2) AND (production_year > 2007))",
                                  "Rows Removed by Filter": 278793
                                }
                              ]
                            }
                          ]
                        }
                      ]
                    }
                  ]
                }
              ]
            }
          ]
        }
      ]
    },
    "Planning Time": 0.545,
    "Triggers": [],
    "Execution Time": 2511.329
  }
]