[
  {
    "Plan": {
      "Node Type": "Aggregate",
      "Strategy": "Plain",
      "Partial Mode": "Finalize",
      "Parallel Aware": false,
      "Startup Cost": 342861.43,
      "Total Cost": 342861.44,
      "Plan Rows": 1,
      "Plan Width": 8,
      "Actual Startup Time": 872.682,
      "Actual Total Time": 933.636,
      "Actual Rows": 1,
      "Actual Loops": 1,
      "Plans": [
        {
          "Node Type": "Gather",
          "Parent Relationship": "Outer",
          "Parallel Aware": false,
          "Startup Cost": 342860.8,
          "Total Cost": 342861.41,
          "Plan Rows": 6,
          "Plan Width": 8,
          "Actual Startup Time": 872.548,
          "Actual Total Time": 933.626,
          "Actual Rows": 7,
          "Actual Loops": 1,
          "Workers Planned": 6,
          "Workers Launched": 6,
          "Single Copy": false,
          "Plans": [
            {
              "Node Type": "Aggregate",
              "Strategy": "Plain",
              "Partial Mode": "Partial",
              "Parent Relationship": "Outer",
              "Parallel Aware": false,
              "Startup Cost": 341860.8,
              "Total Cost": 341860.81,
              "Plan Rows": 1,
              "Plan Width": 8,
              "Actual Startup Time": 864.247,
              "Actual Total Time": 864.248,
              "Actual Rows": 1,
              "Actual Loops": 7,
              "Plans": [
                {
                  "Node Type": "Seq Scan",
                  "Parent Relationship": "Outer",
                  "Parallel Aware": true,
                  "Relation Name": "cast_info",
                  "Alias": "ci",
                  "Startup Cost": 0.0,
                  "Total Cost": 328162.03,
                  "Plan Rows": 5479511,
                  "Plan Width": 0,
                  "Actual Startup Time": 51.24,
                  "Actual Total Time": 663.699,
                  "Actual Rows": 4684091,
                  "Actual Loops": 7,
                  "Filter": "(person_id > 331991)",
                  "Rows Removed by Filter": 493672
                }
              ]
            }
          ]
        }
      ]
    },
    "Planning Time": 0.131,
    "Triggers": [],
    "Execution Time": 933.695
  }
]