[
  {
    "Plan": {
      "Node Type": "Aggregate",
      "Strategy": "Plain",
      "Partial Mode": "Finalize",
      "Parallel Aware": false,
      "Startup Cost": 420167.37,
      "Total Cost": 420167.38,
      "Plan Rows": 1,
      "Plan Width": 8,
      "Actual Startup Time": 1304.704,
      "Actual Total Time": 1352.515,
      "Actual Rows": 1,
      "Actual Loops": 1,
      "Plans": [
        {
          "Node Type": "Gather",
          "Parent Relationship": "Outer",
          "Parallel Aware": false,
          "Startup Cost": 420167.05,
          "Total Cost": 420167.36,
          "Plan Rows": 3,
          "Plan Width": 8,
          "Actual Startup Time": 1297.697,
          "Actual Total Time": 1352.501,
          "Actual Rows": 4,
          "Actual Loops": 1,
          "Workers Planned": 3,
          "Workers Launched": 3,
          "Single Copy": false,
          "Plans": [
            {
              "Node Type": "Aggregate",
              "Strategy": "Plain",
              "Partial Mode": "Partial",
              "Parent Relationship": "Outer",
              "Parallel Aware": false,
              "Startup Cost": 419167.05,
              "Total Cost": 419167.06,
              "Plan Rows": 1,
              "Plan Width": 8,
              "Actual Startup Time": 1293.817,
              "Actual Total Time": 1294.191,
              "Actual Rows": 1,
              "Actual Loops": 4,
              "Plans": [
                {
                  "Node Type": "Hash Join",
                  "Parent Relationship": "Outer",
                  "Parallel Aware": true,
                  "Join Type": "Inner",
                  "Startup Cost": 388343.18,
                  "Total Cost": 418890.38,
                  "Plan Rows": 110669,
                  "Plan Width": 0,
                  "Actual Startup Time": 1015.335,
                  "Actual Total Time": 1269.322,
                  "Actual Rows": 550277,
                  "Actual Loops": 4,
                  "Inner Unique": false,
                  "Hash Cond": "(mc.movie_id = t.id)",
                  "Plans": [
                    {
                      "Node Type": "Seq Scan",
                      "Parent Relationship": "Outer",
                      "Parallel Aware": true,
                      "Relation Name": "movie_companies",
                      "Alias": "mc",
                      "Startup Cost": 0.0,
                      "Total Cost": 27206.55,
                      "Plan Rows": 841655,
                      "Plan Width": 4,
                      "Actual Startup Time": 0.01,
                      "Actual Total Time": 61.687,
                      "Actual Rows": 652282,
                      "Actual Loops": 4
                    },
                    {
                      "Node Type": "Hash",
                      "Parent Relationship": "Inner",
                      "Parallel Aware": true,
                      "Startup Cost": 387650.55,
                      "Total Cost": 387650.55,
                      "Plan Rows": 55410,
                      "Plan Width": 8,
                      "Actual Startup Time": 1012.897,
                      "Actual Total Time": 1013.27,
                      "Actual Rows": 205298,
                      "Actual Loops": 4,
                      "Hash Buckets": 1048576,
                      "Original Hash Buckets": 524288,
                      "Hash Batches": 1,
                      "Original Hash Batches": 1,
                      "Peak Memory Usage": 44448,
                      "Plans": [
                        {
                          "Node Type": "Hash Join",
                          "Parent Relationship": "Outer",
                          "Parallel Aware": true,
                          "Join Type": "Inner",
                          "Startup Cost": 45929.71,
                          "Total Cost": 387650.55,
                          "Plan Rows": 55410,
                          "Plan Width": 8,
                          "Actual Startup Time": 172.039,
                          "Actual Total Time": 925.714,
                          "Actual Rows": 205298,
                          "Actual Loops": 4,
                          "Inner Unique": true,
                          "Hash Cond": "(ci.movie_id = t.id)",
                          "Plans": [
                            {
                              "Node Type": "Index Scan",
                              "Parent Relationship": "Outer",
                              "Parallel Aware": true,
                              "Scan Direction": "Forward",
                              "Index Name": "role_id_cast_info",
                              "Relation Name": "cast_info",
                              "Alias": "ci",
                              "Startup Cost": 0.56,
                              "Total Cost": 341155.22,
                              "Plan Rows": 215691,
                              "Plan Width": 4,
                              "Actual Startup Time": 0.199,
                              "Actual Total Time": 551.123,
                              "Actual Rows": 689866,
                              "Actual Loops": 4,
                              "Index Cond": "(role_id = 1)",
                              "Rows Removed by Index Recheck": 0,
                              "Filter": "(person_id < 367150)",
                              "Rows Removed by Filter": 2477806
                            },
                            {
                              "Node Type": "Hash",
                              "Parent Relationship": "Inner",
                              "Parallel Aware": true,
                              "Startup Cost": 43899.32,
                              "Total Cost": 43899.32,
                              "Plan Rows": 162386,
                              "Plan Width": 4,
                              "Actual Startup Time": 169.12,
                              "Actual Total Time": 169.121,
                              "Actual Rows": 165708,
                              "Actual Loops": 4,
                              "Hash Buckets": 1048576,
                              "Original Hash Buckets": 1048576,
                              "Hash Batches": 1,
                              "Original Hash Batches": 1,
                              "Peak Memory Usage": 34176,
                              "Plans": [
                                {
                                  "Node Type": "Seq Scan",
                                  "Parent Relationship": "Outer",
                                  "Parallel Aware": true,
                                  "Relation Name": "title",
                                  "Alias": "t",
                                  "Startup Cost": 0.0,
                                  "Total Cost": 43899.32,
                                  "Plan Rows": 162386,
                                  "Plan Width": 4,
                                  "Actual Startup Time": 0.036,
                                  "Actual Total Time": 101.007,
                                  "Actual Rows": 165708,
                                  "Actual Loops": 4,
                                  "Filter": "(production_year < 1989)",
                                  "Rows Removed by Filter": 466370
                                }
                              ]
                            }
                          ]
                        }
                      ]
                    }
                  ]
                }
              ]
            }
          ]
        }
      ]
    },
    "Planning Time": 0.686,
    "Triggers": [],
    "Execution Time": 1352.587
  }
]