[
  {
    "Plan": {
      "Node Type": "Aggregate",
      "Strategy": "Plain",
      "Partial Mode": "Finalize",
      "Parallel Aware": false,
      "Startup Cost": 347780.93,
      "Total Cost": 347780.95,
      "Plan Rows": 1,
      "Plan Width": 8,
      "Actual Startup Time": 684.423,
      "Actual Total Time": 745.692,
      "Actual Rows": 1,
      "Actual Loops": 1,
      "Plans": [
        {
          "Node Type": "Gather",
          "Parent Relationship": "Outer",
          "Parallel Aware": false,
          "Startup Cost": 347780.31,
          "Total Cost": 347780.92,
          "Plan Rows": 6,
          "Plan Width": 8,
          "Actual Startup Time": 684.313,
          "Actual Total Time": 745.682,
          "Actual Rows": 7,
          "Actual Loops": 1,
          "Workers Planned": 6,
          "Workers Launched": 6,
          "Single Copy": false,
          "Plans": [
            {
              "Node Type": "Aggregate",
              "Strategy": "Plain",
              "Partial Mode": "Partial",
              "Parent Relationship": "Outer",
              "Parallel Aware": false,
              "Startup Cost": 346780.31,
              "Total Cost": 346780.32,
              "Plan Rows": 1,
              "Plan Width": 8,
              "Actual Startup Time": 673.956,
              "Actual Total Time": 673.957,
              "Actual Rows": 1,
              "Actual Loops": 7,
              "Plans": [
                {
                  "Node Type": "Seq Scan",
                  "Parent Relationship": "Outer",
                  "Parallel Aware": true,
                  "Relation Name": "cast_info",
                  "Alias": "ci",
                  "Startup Cost": 0.0,
                  "Total Cost": 343257.03,
                  "Plan Rows": 1409312,
                  "Plan Width": 0,
                  "Actual Startup Time": 238.878,
                  "Actual Total Time": 649.211,
                  "Actual Rows": 510346,
                  "Actual Loops": 7,
                  "Filter": "((person_id < 1273159) AND (role_id > 1))",
                  "Rows Removed by Filter": 4667417
                }
              ]
            }
          ]
        }
      ]
    },
    "Planning Time": 0.22,
    "Triggers": [],
    "Execution Time": 745.763
  }
]