[
  {
    "Plan": {
      "Node Type": "Aggregate",
      "Strategy": "Plain",
      "Partial Mode": "Finalize",
      "Parallel Aware": false,
      "Startup Cost": 78910.44,
      "Total Cost": 78910.45,
      "Plan Rows": 1,
      "Plan Width": 8,
      "Actual Startup Time": 309.317,
      "Actual Total Time": 327.168,
      "Actual Rows": 1,
      "Actual Loops": 1,
      "Plans": [
        {
          "Node Type": "Gather",
          "Parent Relationship": "Outer",
          "Parallel Aware": false,
          "Startup Cost": 78910.12,
          "Total Cost": 78910.43,
          "Plan Rows": 3,
          "Plan Width": 8,
          "Actual Startup Time": 306.785,
          "Actual Total Time": 327.157,
          "Actual Rows": 4,
          "Actual Loops": 1,
          "Workers Planned": 3,
          "Workers Launched": 3,
          "Single Copy": false,
          "Plans": [
            {
              "Node Type": "Aggregate",
              "Strategy": "Plain",
              "Partial Mode": "Partial",
              "Parent Relationship": "Outer",
              "Parallel Aware": false,
              "Startup Cost": 77910.12,
              "Total Cost": 77910.13,
              "Plan Rows": 1,
              "Plan Width": 8,
              "Actual Startup Time": 297.676,
              "Actual Total Time": 297.679,
              "Actual Rows": 1,
              "Actual Loops": 4,
              "Plans": [
                {
                  "Node Type": "Hash Join",
                  "Parent Relationship": "Outer",
                  "Parallel Aware": true,
                  "Join Type": "Inner",
                  "Startup Cost": 47877.26,
                  "Total Cost": 77748.2,
                  "Plan Rows": 64767,
                  "Plan Width": 0,
                  "Actual Startup Time": 223.681,
                  "Actual Total Time": 296.616,
                  "Actual Rows": 23078,
                  "Actual Loops": 4,
                  "Inner Unique": true,
                  "Hash Cond": "(mc.movie_id = t.id)",
                  "Plans": [
                    {
                      "Node Type": "Seq Scan",
                      "Parent Relationship": "Outer",
                      "Parallel Aware": true,
                      "Relation Name": "movie_companies",
                      "Alias": "mc",
                      "Startup Cost": 0.0,
                      "Total Cost": 29310.68,
                      "Plan Rows": 213433,
                      "Plan Width": 4,
                      "Actual Startup Time": 21.083,
                      "Actual Total Time": 64.649,
                      "Actual Rows": 163777,
                      "Actual Loops": 4,
                      "Filter": "(company_id > 53603)",
                      "Rows Removed by Filter": 488506
                    },
                    {
                      "Node Type": "Hash",
                      "Parent Relationship": "Inner",
                      "Parallel Aware": true,
                      "Startup Cost": 45479.59,
                      "Total Cost": 45479.59,
                      "Plan Rows": 191814,
                      "Plan Width": 4,
                      "Actual Startup Time": 183.246,
                      "Actual Total Time": 183.247,
                      "Actual Rows": 170570,
                      "Actual Loops": 4,
                      "Hash Buckets": 1048576,
                      "Original Hash Buckets": 1048576,
                      "Hash Batches": 1,
                      "Original Hash Batches": 1,
                      "Peak Memory Usage": 34976,
                      "Plans": [
                        {
                          "Node Type": "Seq Scan",
                          "Parent Relationship": "Outer",
                          "Parallel Aware": true,
                          "Relation Name": "title",
                          "Alias": "t",
                          "Startup Cost": 0.0,
                          "Total Cost": 45479.59,
                          "Plan Rows": 191814,
                          "Plan Width": 4,
                          "Actual Startup Time": 0.047,
                          "Actual Total Time": 110.983,
                          "Actual Rows": 170570,
                          "Actual Loops": 4,
                          "Filter": "((production_year < 2004) AND (kind_id = 7))",
                          "Rows Removed by Filter": 461508
                        }
                      ]
                    }
                  ]
                }
              ]
            }
          ]
        }
      ]
    },
    "Planning Time": 0.666,
    "Triggers": [],
    "Execution Time": 327.237
  }
]