[
  {
    "Plan": {
      "Node Type": "Aggregate",
      "Strategy": "Plain",
      "Partial Mode": "Finalize",
      "Parallel Aware": false,
      "Startup Cost": 47305.75,
      "Total Cost": 47305.76,
      "Plan Rows": 1,
      "Plan Width": 8,
      "Actual Startup Time": 114.955,
      "Actual Total Time": 126.473,
      "Actual Rows": 1,
      "Actual Loops": 1,
      "Plans": [
        {
          "Node Type": "Gather",
          "Parent Relationship": "Outer",
          "Parallel Aware": false,
          "Startup Cost": 47305.33,
          "Total Cost": 47305.74,
          "Plan Rows": 4,
          "Plan Width": 8,
          "Actual Startup Time": 114.822,
          "Actual Total Time": 126.463,
          "Actual Rows": 5,
          "Actual Loops": 1,
          "Workers Planned": 4,
          "Workers Launched": 4,
          "Single Copy": false,
          "Plans": [
            {
              "Node Type": "Aggregate",
              "Strategy": "Plain",
              "Partial Mode": "Partial",
              "Parent Relationship": "Outer",
              "Parallel Aware": false,
              "Startup Cost": 46305.33,
              "Total Cost": 46305.34,
              "Plan Rows": 1,
              "Plan Width": 8,
              "Actual Startup Time": 107.445,
              "Actual Total Time": 107.446,
              "Actual Rows": 1,
              "Actual Loops": 5,
              "Plans": [
                {
                  "Node Type": "Seq Scan",
                  "Parent Relationship": "Outer",
                  "Parallel Aware": true,
                  "Relation Name": "title",
                  "Alias": "t",
                  "Startup Cost": 0.0,
                  "Total Cost": 45479.1,
                  "Plan Rows": 330494,
                  "Plan Width": 0,
                  "Actual Startup Time": 0.03,
                  "Actual Total Time": 93.261,
                  "Actual Rows": 259626,
                  "Actual Loops": 5,
                  "Filter": "((kind_id > 1) AND (production_year < 2009))",
                  "Rows Removed by Filter": 246037
                }
              ]
            }
          ]
        }
      ]
    },
    "Planning Time": 0.187,
    "Triggers": [],
    "Execution Time": 126.535
  }
]