{
  "Plan": {
    "Node Type": "Aggregate",
    "Strategy": "Plain",
    "Partial Mode": "Finalize",
    "Parallel Aware": false,
    "Startup Cost": 97580.2,
    "Total Cost": 97580.21,
    "Plan Rows": 1,
    "Plan Width": 8,
    "Actual Startup Time": 344.659,
    "Actual Total Time": 360.39,
    "Actual Rows": 1,
    "Actual Loops": 1,
    "Plans": [
      {
        "Node Type": "Gather",
        "Parent Relationship": "Outer",
        "Parallel Aware": false,
        "Startup Cost": 97580.09,
        "Total Cost": 97580.2,
        "Plan Rows": 1,
        "Plan Width": 8,
        "Actual Startup Time": 344.531,
        "Actual Total Time": 360.373,
        "Actual Rows": 2,
        "Actual Loops": 1,
        "Workers Planned": 1,
        "Workers Launched": 1,
        "Single Copy": false,
        "Plans": [
          {
            "Node Type": "Aggregate",
            "Strategy": "Plain",
            "Partial Mode": "Partial",
            "Parent Relationship": "Outer",
            "Parallel Aware": false,
            "Startup Cost": 96580.09,
            "Total Cost": 96580.1,
            "Plan Rows": 1,
            "Plan Width": 8,
            "Actual Startup Time": 339.011,
            "Actual Total Time": 339.014,
            "Actual Rows": 1,
            "Actual Loops": 2,
            "Plans": [
              {
                "Node Type": "Hash Join",
                "Parent Relationship": "Outer",
                "Parallel Aware": true,
                "Join Type": "Inner",
                "Startup Cost": 58395.16,
                "Total Cost": 96561.79,
                "Plan Rows": 7322,
                "Plan Width": 0,
                "Actual Startup Time": 143.561,
                "Actual Total Time": 338.754,
                "Actual Rows": 4977,
                "Actual Loops": 2,
                "Inner Unique": true,
                "Hash Cond": "(mc.movie_id = t.id)",
                "Plans": [
                  {
                    "Node Type": "Seq Scan",
                    "Parent Relationship": "Outer",
                    "Parallel Aware": true,
                    "Relation Name": "movie_companies",
                    "Alias": "mc",
                    "Startup Cost": 0.0,
                    "Total Cost": 34137.82,
                    "Plan Rows": 1534782,
                    "Plan Width": 4,
                    "Actual Startup Time": 0.013,
                    "Actual Total Time": 98.588,
                    "Actual Rows": 1304564,
                    "Actual Loops": 2
                  },
                  {
                    "Node Type": "Hash",
                    "Parent Relationship": "Inner",
                    "Parallel Aware": true,
                    "Startup Cost": 58306.47,
                    "Total Cost": 58306.47,
                    "Plan Rows": 7095,
                    "Plan Width": 4,
                    "Actual Startup Time": 141.968,
                    "Actual Total Time": 141.969,
                    "Actual Rows": 4839,
                    "Actual Loops": 2,
                    "Hash Buckets": 16384,
                    "Original Hash Buckets": 16384,
                    "Hash Batches": 1,
                    "Original Hash Batches": 1,
                    "Peak Memory Usage": 512,
                    "Plans": [
                      {
                        "Node Type": "Seq Scan",
                        "Parent Relationship": "Outer",
                        "Parallel Aware": true,
                        "Relation Name": "title",
                        "Alias": "t",
                        "Startup Cost": 0.0,
                        "Total Cost": 58306.47,
                        "Plan Rows": 7095,
                        "Plan Width": 4,
                        "Actual Startup Time": 0.199,
                        "Actual Total Time": 140.118,
                        "Actual Rows": 4839,
                        "Actual Loops": 2,
                        "Filter": "((kind_id > 1) AND (production_year = 1968))",
                        "Rows Removed by Filter": 1259317
                      }
                    ]
                  }
                ]
              }
            ]
          }
        ]
      }
    ]
  },
  "Planning Time": 0.475,
  "Triggers": [],
  "Execution Time": 360.461
}