{
  "Plan": {
    "Node Type": "Aggregate",
    "Strategy": "Plain",
    "Partial Mode": "Finalize",
    "Parallel Aware": false,
    "Startup Cost": 103648.89,
    "Total Cost": 103648.9,
    "Plan Rows": 1,
    "Plan Width": 8,
    "Actual Startup Time": 514.491,
    "Actual Total Time": 530.219,
    "Actual Rows": 1,
    "Actual Loops": 1,
    "Plans": [
      {
        "Node Type": "Gather",
        "Parent Relationship": "Outer",
        "Parallel Aware": false,
        "Startup Cost": 103648.77,
        "Total Cost": 103648.88,
        "Plan Rows": 1,
        "Plan Width": 8,
        "Actual Startup Time": 512.611,
        "Actual Total Time": 530.211,
        "Actual Rows": 2,
        "Actual Loops": 1,
        "Workers Planned": 1,
        "Workers Launched": 1,
        "Single Copy": false,
        "Plans": [
          {
            "Node Type": "Aggregate",
            "Strategy": "Plain",
            "Partial Mode": "Partial",
            "Parent Relationship": "Outer",
            "Parallel Aware": false,
            "Startup Cost": 102648.77,
            "Total Cost": 102648.78,
            "Plan Rows": 1,
            "Plan Width": 8,
            "Actual Startup Time": 506.97,
            "Actual Total Time": 506.974,
            "Actual Rows": 1,
            "Actual Loops": 2,
            "Plans": [
              {
                "Node Type": "Hash Join",
                "Parent Relationship": "Outer",
                "Parallel Aware": true,
                "Join Type": "Inner",
                "Startup Cost": 58976.41,
                "Total Cost": 102307.28,
                "Plan Rows": 136599,
                "Plan Width": 0,
                "Actual Startup Time": 310.106,
                "Actual Total Time": 498.762,
                "Actual Rows": 198066,
                "Actual Loops": 2,
                "Inner Unique": true,
                "Hash Cond": "(mc.movie_id = t.id)",
                "Plans": [
                  {
                    "Node Type": "Seq Scan",
                    "Parent Relationship": "Outer",
                    "Parallel Aware": true,
                    "Relation Name": "movie_companies",
                    "Alias": "mc",
                    "Startup Cost": 0.0,
                    "Total Cost": 41811.73,
                    "Plan Rows": 578718,
                    "Plan Width": 4,
                    "Actual Startup Time": 51.488,
                    "Actual Total Time": 118.095,
                    "Actual Rows": 572932,
                    "Actual Loops": 2,
                    "Filter": "((company_id > 1020) AND (company_type_id > 1))",
                    "Rows Removed by Filter": 731632
                  },
                  {
                    "Node Type": "Hash",
                    "Parent Relationship": "Inner",
                    "Parallel Aware": true,
                    "Startup Cost": 54588.39,
                    "Total Cost": 54588.39,
                    "Plan Rows": 351042,
                    "Plan Width": 4,
                    "Actual Startup Time": 249.213,
                    "Actual Total Time": 249.214,
                    "Actual Rows": 301706,
                    "Actual Loops": 2,
                    "Hash Buckets": 1048576,
                    "Original Hash Buckets": 1048576,
                    "Hash Batches": 1,
                    "Original Hash Batches": 1,
                    "Peak Memory Usage": 31840,
                    "Plans": [
                      {
                        "Node Type": "Seq Scan",
                        "Parent Relationship": "Outer",
                        "Parallel Aware": true,
                        "Relation Name": "title",
                        "Alias": "t",
                        "Startup Cost": 0.0,
                        "Total Cost": 54588.39,
                        "Plan Rows": 351042,
                        "Plan Width": 4,
                        "Actual Startup Time": 0.037,
                        "Actual Total Time": 153.796,
                        "Actual Rows": 301706,
                        "Actual Loops": 2,
                        "Filter": "(production_year < 1986)",
                        "Rows Removed by Filter": 962450
                      }
                    ]
                  }
                ]
              }
            ]
          }
        ]
      }
    ]
  },
  "Planning Time": 0.642,
  "Triggers": [],
  "Execution Time": 530.289
}