[
  {
    "Plan": {
      "Node Type": "Aggregate",
      "Strategy": "Plain",
      "Partial Mode": "Simple",
      "Parallel Aware": false,
      "Startup Cost": 21361.2,
      "Total Cost": 21361.21,
      "Plan Rows": 1,
      "Plan Width": 8,
      "Actual Startup Time": 32.599,
      "Actual Total Time": 32.6,
      "Actual Rows": 1,
      "Actual Loops": 1,
      "Plans": [
        {
          "Node Type": "Bitmap Heap Scan",
          "Parent Relationship": "Outer",
          "Parallel Aware": false,
          "Relation Name": "movie_companies",
          "Alias": "mc",
          "Startup Cost": 1466.37,
          "Total Cost": 21275.0,
          "Plan Rows": 34480,
          "Plan Width": 0,
          "Actual Startup Time": 6.715,
          "Actual Total Time": 27.891,
          "Actual Rows": 64936,
          "Actual Loops": 1,
          "Recheck Cond": "(company_id > 180202)",
          "Rows Removed by Index Recheck": 0,
          "Filter": "(company_type_id = 2)",
          "Rows Removed by Filter": 0,
          "Exact Heap Blocks": 2294,
          "Lossy Heap Blocks": 0,
          "Plans": [
            {
              "Node Type": "Bitmap Index Scan",
              "Parent Relationship": "Outer",
              "Parallel Aware": false,
              "Index Name": "company_id_movie_companies",
              "Startup Cost": 0.0,
              "Total Cost": 1457.75,
              "Plan Rows": 67909,
              "Plan Width": 0,
              "Actual Startup Time": 6.014,
              "Actual Total Time": 6.014,
              "Actual Rows": 64936,
              "Actual Loops": 1,
              "Index Cond": "(company_id > 180202)"
            }
          ]
        }
      ]
    },
    "Planning Time": 0.203,
    "Triggers": [],
    "Execution Time": 32.675
  }
]