[
  {
    "Plan": {
      "Node Type": "Aggregate",
      "Strategy": "Plain",
      "Partial Mode": "Finalize",
      "Parallel Aware": false,
      "Startup Cost": 119231.25,
      "Total Cost": 119231.26,
      "Plan Rows": 1,
      "Plan Width": 8,
      "Actual Startup Time": 431.818,
      "Actual Total Time": 450.42,
      "Actual Rows": 1,
      "Actual Loops": 1,
      "Plans": [
        {
          "Node Type": "Gather",
          "Parent Relationship": "Outer",
          "Parallel Aware": false,
          "Startup Cost": 119230.94,
          "Total Cost": 119231.25,
          "Plan Rows": 3,
          "Plan Width": 8,
          "Actual Startup Time": 425.014,
          "Actual Total Time": 450.408,
          "Actual Rows": 4,
          "Actual Loops": 1,
          "Workers Planned": 3,
          "Workers Launched": 3,
          "Single Copy": false,
          "Plans": [
            {
              "Node Type": "Aggregate",
              "Strategy": "Plain",
              "Partial Mode": "Partial",
              "Parent Relationship": "Outer",
              "Parallel Aware": false,
              "Startup Cost": 118230.94,
              "Total Cost": 118230.95,
              "Plan Rows": 1,
              "Plan Width": 8,
              "Actual Startup Time": 420.355,
              "Actual Total Time": 420.363,
              "Actual Rows": 1,
              "Actual Loops": 4,
              "Plans": [
                {
                  "Node Type": "Hash Join",
                  "Parent Relationship": "Outer",
                  "Parallel Aware": true,
                  "Join Type": "Inner",
                  "Startup Cost": 85430.12,
                  "Total Cost": 118180.21,
                  "Plan Rows": 20291,
                  "Plan Width": 0,
                  "Actual Startup Time": 325.352,
                  "Actual Total Time": 419.769,
                  "Actual Rows": 12556,
                  "Actual Loops": 4,
                  "Inner Unique": false,
                  "Hash Cond": "(mc.movie_id = t.id)",
                  "Plans": [
                    {
                      "Node Type": "Seq Scan",
                      "Parent Relationship": "Outer",
                      "Parallel Aware": true,
                      "Relation Name": "movie_companies",
                      "Alias": "mc",
                      "Startup Cost": 0.0,
                      "Total Cost": 31414.82,
                      "Plan Rows": 338616,
                      "Plan Width": 4,
                      "Actual Startup Time": 0.021,
                      "Actual Total Time": 74.059,
                      "Actual Rows": 318562,
                      "Actual Loops": 4,
                      "Filter": "((company_id < 76506) AND (company_type_id = 1))",
                      "Rows Removed by Filter": 333721
                    },
                    {
                      "Node Type": "Hash",
                      "Parent Relationship": "Inner",
                      "Parallel Aware": true,
                      "Startup Cost": 84819.18,
                      "Total Cost": 84819.18,
                      "Plan Rows": 48875,
                      "Plan Width": 8,
                      "Actual Startup Time": 316.054,
                      "Actual Total Time": 316.059,
                      "Actual Rows": 7904,
                      "Actual Loops": 4,
                      "Hash Buckets": 262144,
                      "Original Hash Buckets": 262144,
                      "Hash Batches": 1,
                      "Original Hash Batches": 1,
                      "Peak Memory Usage": 3328,
                      "Plans": [
                        {
                          "Node Type": "Hash Join",
                          "Parent Relationship": "Outer",
                          "Parallel Aware": true,
                          "Join Type": "Inner",
                          "Startup Cost": 58054.29,
                          "Total Cost": 84819.18,
                          "Plan Rows": 48875,
                          "Plan Width": 8,
                          "Actual Startup Time": 227.59,
                          "Actual Total Time": 312.985,
                          "Actual Rows": 7904,
                          "Actual Loops": 4,
                          "Inner Unique": true,
                          "Hash Cond": "(mk.movie_id = t.id)",
                          "Plans": [
                            {
                              "Node Type": "Bitmap Heap Scan",
                              "Parent Relationship": "Outer",
                              "Parallel Aware": true,
                              "Relation Name": "movie_keyword",
                              "Alias": "mk",
                              "Startup Cost": 10047.12,
                              "Total Cost": 36410.95,
                              "Plan Rows": 152786,
                              "Plan Width": 4,
                              "Actual Startup Time": 31.561,
                              "Actual Total Time": 88.201,
                              "Actual Rows": 117201,
                              "Actual Loops": 4,
                              "Recheck Cond": "(keyword_id > 37922)",
                              "Rows Removed by Index Recheck": 0,
                              "Exact Heap Blocks": 5035,
                              "Lossy Heap Blocks": 0,
                              "Plans": [
                                {
                                  "Node Type": "Bitmap Index Scan",
                                  "Parent Relationship": "Outer",
                                  "Parallel Aware": false,
                                  "Index Name": "keyword_id_movie_keyword",
                                  "Startup Cost": 0.0,
                                  "Total Cost": 9928.71,
                                  "Plan Rows": 473637,
                                  "Plan Width": 0,
                                  "Actual Startup Time": 28.254,
                                  "Actual Total Time": 28.255,
                                  "Actual Rows": 468804,
                                  "Actual Loops": 1,
                                  "Index Cond": "(keyword_id > 37922)"
                                }
                              ]
                            },
                            {
                              "Node Type": "Hash",
                              "Parent Relationship": "Inner",
                              "Parallel Aware": true,
                              "Startup Cost": 45479.59,
                              "Total Cost": 45479.59,
                              "Plan Rows": 202207,
                              "Plan Width": 4,
                              "Actual Startup Time": 193.572,
                              "Actual Total Time": 193.573,
                              "Actual Rows": 220486,
                              "Actual Loops": 4,
                              "Hash Buckets": 1048576,
                              "Original Hash Buckets": 1048576,
                              "Hash Batches": 1,
                              "Original Hash Batches": 1,
                              "Peak Memory Usage": 42784,
                              "Plans": [
                                {
                                  "Node Type": "Seq Scan",
                                  "Parent Relationship": "Outer",
                                  "Parallel Aware": true,
                                  "Relation Name": "title",
                                  "Alias": "t",
                                  "Startup Cost": 0.0,
                                  "Total Cost": 45479.59,
                                  "Plan Rows": 202207,
                                  "Plan Width": 4,
                                  "Actual Startup Time": 0.032,
                                  "Actual Total Time": 108.066,
                                  "Actual Rows": 220486,
                                  "Actual Loops": 4,
                                  "Filter": "((production_year > 2001) AND (kind_id = 7))",
                                  "Rows Removed by Filter": 411592
                                }
                              ]
                            }
                          ]
                        }
                      ]
                    }
                  ]
                }
              ]
            }
          ]
        }
      ]
    },
    "Planning Time": 0.664,
    "Triggers": [],
    "Execution Time": 450.484
  }
]