{
  "Plan": {
    "Node Type": "Aggregate",
    "Strategy": "Plain",
    "Partial Mode": "Simple",
    "Parallel Aware": false,
    "Startup Cost": 79854.63,
    "Total Cost": 79854.64,
    "Plan Rows": 1,
    "Plan Width": 64,
    "Actual Startup Time": 465.755,
    "Actual Total Time": 482.286,
    "Actual Rows": 1,
    "Actual Loops": 1,
    "Plans": [
      {
        "Node Type": "Gather",
        "Parent Relationship": "Outer",
        "Parallel Aware": false,
        "Startup Cost": 7200.07,
        "Total Cost": 79854.63,
        "Plan Rows": 1,
        "Plan Width": 27,
        "Actual Startup Time": 465.577,
        "Actual Total Time": 482.265,
        "Actual Rows": 16,
        "Actual Loops": 1,
        "Workers Planned": 1,
        "Workers Launched": 1,
        "Single Copy": false,
        "Plans": [
          {
            "Node Type": "Nested Loop",
            "Parent Relationship": "Outer",
            "Parallel Aware": false,
            "Join Type": "Inner",
            "Startup Cost": 6200.07,
            "Total Cost": 78854.53,
            "Plan Rows": 1,
            "Plan Width": 27,
            "Actual Startup Time": 418.51,
            "Actual Total Time": 457.83,
            "Actual Rows": 8,
            "Actual Loops": 2,
            "Inner Unique": true,
            "Plans": [
              {
                "Node Type": "Nested Loop",
                "Parent Relationship": "Outer",
                "Parallel Aware": false,
                "Join Type": "Inner",
                "Startup Cost": 6199.94,
                "Total Cost": 78854.37,
                "Plan Rows": 1,
                "Plan Width": 31,
                "Actual Startup Time": 418.487,
                "Actual Total Time": 457.8,
                "Actual Rows": 8,
                "Actual Loops": 2,
                "Inner Unique": true,
                "Plans": [
                  {
                    "Node Type": "Nested Loop",
                    "Parent Relationship": "Outer",
                    "Parallel Aware": false,
                    "Join Type": "Inner",
                    "Startup Cost": 6199.8,
                    "Total Cost": 78854.14,
                    "Plan Rows": 1,
                    "Plan Width": 35,
                    "Actual Startup Time": 418.463,
                    "Actual Total Time": 457.766,
                    "Actual Rows": 8,
                    "Actual Loops": 2,
                    "Inner Unique": false,
                    "Plans": [
                      {
                        "Node Type": "Hash Join",
                        "Parent Relationship": "Outer",
                        "Parallel Aware": false,
                        "Join Type": "Inner",
                        "Startup Cost": 6199.37,
                        "Total Cost": 78846.58,
                        "Plan Rows": 5,
                        "Plan Width": 47,
                        "Actual Startup Time": 130.113,
                        "Actual Total Time": 444.467,
                        "Actual Rows": 240,
                        "Actual Loops": 2,
                        "Inner Unique": true,
                        "Hash Cond": "(t.kind_id = kt.id)",
                        "Plans": [
                          {
                            "Node Type": "Nested Loop",
                            "Parent Relationship": "Outer",
                            "Parallel Aware": false,
                            "Join Type": "Inner",
                            "Startup Cost": 6198.27,
                            "Total Cost": 78845.33,
                            "Plan Rows": 34,
                            "Plan Width": 41,
                            "Actual Startup Time": 129.718,
                            "Actual Total Time": 443.991,
                            "Actual Rows": 242,
                            "Actual Loops": 2,
                            "Inner Unique": true,
                            "Plans": [
                              {
                                "Node Type": "Nested Loop",
                                "Parent Relationship": "Outer",
                                "Parallel Aware": false,
                                "Join Type": "Inner",
                                "Startup Cost": 6197.85,
                                "Total Cost": 78804.3,
                                "Plan Rows": 92,
                                "Plan Width": 45,
                                "Actual Startup Time": 129.673,
                                "Actual Total Time": 440.503,
                                "Actual Rows": 934,
                                "Actual Loops": 2,
                                "Inner Unique": true,
                                "Plans": [
                                  {
                                    "Node Type": "Nested Loop",
                                    "Parent Relationship": "Outer",
                                    "Parallel Aware": false,
                                    "Join Type": "Inner",
                                    "Startup Cost": 6197.42,
                                    "Total Cost": 78731.82,
                                    "Plan Rows": 148,
                                    "Plan Width": 20,
                                    "Actual Startup Time": 126.322,
                                    "Actual Total Time": 435.836,
                                    "Actual Rows": 2848,
                                    "Actual Loops": 2,
                                    "Inner Unique": false,
                                    "Plans": [
                                      {
                                        "Node Type": "Hash Join",
                                        "Parent Relationship": "Outer",
                                        "Parallel Aware": false,
                                        "Join Type": "Inner",
                                        "Startup Cost": 6196.99,
                                        "Total Cost": 78715.82,
                                        "Plan Rows": 27,
                                        "Plan Width": 8,
                                        "Actual Startup Time": 126.267,
                                        "Actual Total Time": 432.936,
                                        "Actual Rows": 159,
                                        "Actual Loops": 2,
                                        "Inner Unique": true,
                                        "Hash Cond": "(mk.keyword_id = k.id)",
                                        "Plans": [
                                          {
                                            "Node Type": "Hash Join",
                                            "Parent Relationship": "Outer",
                                            "Parallel Aware": false,
                                            "Join Type": "Inner",
                                            "Startup Cost": 3235.39,
                                            "Total Cost": 73368.43,
                                            "Plan Rows": 908843,
                                            "Plan Width": 12,
                                            "Actual Startup Time": 28.163,
                                            "Actual Total Time": 374.747,
                                            "Actual Rows": 511902,
                                            "Actual Loops": 2,
                                            "Inner Unique": false,
                                            "Hash Cond": "(mk.movie_id = cc.movie_id)",
                                            "Plans": [
                                              {
                                                "Node Type": "Seq Scan",
                                                "Parent Relationship": "Outer",
                                                "Parallel Aware": true,
                                                "Relation Name": "movie_keyword",
                                                "Alias": "mk",
                                                "Startup Cost": 0.0,
                                                "Total Cost": 51065.35,
                                                "Plan Rows": 2661135,
                                                "Plan Width": 8,
                                                "Actual Startup Time": 0.023,
                                                "Actual Total Time": 160.678,
                                                "Actual Rows": 2261965,
                                                "Actual Loops": 2
                                              },
                                              {
                                                "Node Type": "Hash",
                                                "Parent Relationship": "Inner",
                                                "Parallel Aware": false,
                                                "Startup Cost": 2813.24,
                                                "Total Cost": 2813.24,
                                                "Plan Rows": 33772,
                                                "Plan Width": 4,
                                                "Actual Startup Time": 27.476,
                                                "Actual Total Time": 27.481,
                                                "Actual Rows": 24592,
                                                "Actual Loops": 2,
                                                "Hash Buckets": 65536,
                                                "Original Hash Buckets": 65536,
                                                "Hash Batches": 1,
                                                "Original Hash Batches": 1,
                                                "Peak Memory Usage": 1377,
                                                "Plans": [
                                                  {
                                                    "Node Type": "Hash Join",
                                                    "Parent Relationship": "Outer",
                                                    "Parallel Aware": false,
                                                    "Join Type": "Inner",
                                                    "Startup Cost": 1.06,
                                                    "Total Cost": 2813.24,
                                                    "Plan Rows": 33772,
                                                    "Plan Width": 4,
                                                    "Actual Startup Time": 0.072,
                                                    "Actual Total Time": 23.501,
                                                    "Actual Rows": 24592,
                                                    "Actual Loops": 2,
                                                    "Inner Unique": true,
                                                    "Hash Cond": "(cc.status_id = cct1.id)",
                                                    "Plans": [
                                                      {
                                                        "Node Type": "Seq Scan",
                                                        "Parent Relationship": "Outer",
                                                        "Parallel Aware": false,
                                                        "Relation Name": "complete_cast",
                                                        "Alias": "cc",
                                                        "Startup Cost": 0.0,
                                                        "Total Cost": 2081.86,
                                                        "Plan Rows": 135086,
                                                        "Plan Width": 8,
                                                        "Actual Startup Time": 0.036,
                                                        "Actual Total Time": 12.059,
                                                        "Actual Rows": 135086,
                                                        "Actual Loops": 2
                                                      },
                                                      {
                                                        "Node Type": "Hash",
                                                        "Parent Relationship": "Inner",
                                                        "Parallel Aware": false,
                                                        "Startup Cost": 1.05,
                                                        "Total Cost": 1.05,
                                                        "Plan Rows": 1,
                                                        "Plan Width": 4,
                                                        "Actual Startup Time": 0.021,
                                                        "Actual Total Time": 0.023,
                                                        "Actual Rows": 1,
                                                        "Actual Loops": 2,
                                                        "Hash Buckets": 1024,
                                                        "Original Hash Buckets": 1024,
                                                        "Hash Batches": 1,
                                                        "Original Hash Batches": 1,
                                                        "Peak Memory Usage": 9,
                                                        "Plans": [
                                                          {
                                                            "Node Type": "Seq Scan",
                                                            "Parent Relationship": "Outer",
                                                            "Parallel Aware": false,
                                                            "Relation Name": "comp_cast_type",
                                                            "Alias": "cct1",
                                                            "Startup Cost": 0.0,
                                                            "Total Cost": 1.05,
                                                            "Plan Rows": 1,
                                                            "Plan Width": 4,
                                                            "Actual Startup Time": 0.015,
                                                            "Actual Total Time": 0.016,
                                                            "Actual Rows": 1,
                                                            "Actual Loops": 2,
                                                            "Filter": "((kind)::text = 'complete+verified'::text)",
                                                            "Rows Removed by Filter": 3
                                                          }
                                                        ]
                                                      }
                                                    ]
                                                  }
                                                ]
                                              }
                                            ]
                                          },
                                          {
                                            "Node Type": "Hash",
                                            "Parent Relationship": "Inner",
                                            "Parallel Aware": false,
                                            "Startup Cost": 2961.55,
                                            "Total Cost": 2961.55,
                                            "Plan Rows": 4,
                                            "Plan Width": 4,
                                            "Actual Startup Time": 33.447,
                                            "Actual Total Time": 33.448,
                                            "Actual Rows": 4,
                                            "Actual Loops": 2,
                                            "Hash Buckets": 1024,
                                            "Original Hash Buckets": 1024,
                                            "Hash Batches": 1,
                                            "Original Hash Batches": 1,
                                            "Peak Memory Usage": 9,
                                            "Plans": [
                                              {
                                                "Node Type": "Seq Scan",
                                                "Parent Relationship": "Outer",
                                                "Parallel Aware": false,
                                                "Relation Name": "keyword",
                                                "Alias": "k",
                                                "Startup Cost": 0.0,
                                                "Total Cost": 2961.55,
                                                "Plan Rows": 4,
                                                "Plan Width": 4,
                                                "Actual Startup Time": 1.878,
                                                "Actual Total Time": 33.428,
                                                "Actual Rows": 4,
                                                "Actual Loops": 2,
                                                "Filter": "(keyword = ANY ('{nerd,loner,alienation,dignity}'::text[]))",
                                                "Rows Removed by Filter": 134166
                                              }
                                            ]
                                          }
                                        ]
                                      },
                                      {
                                        "Node Type": "Index Scan",
                                        "Parent Relationship": "Inner",
                                        "Parallel Aware": false,
                                        "Scan Direction": "Forward",
                                        "Index Name": "movie_id_movie_companies",
                                        "Relation Name": "movie_companies",
                                        "Alias": "mc",
                                        "Startup Cost": 0.43,
                                        "Total Cost": 0.54,
                                        "Plan Rows": 5,
                                        "Plan Width": 12,
                                        "Actual Startup Time": 0.009,
                                        "Actual Total Time": 0.016,
                                        "Actual Rows": 18,
                                        "Actual Loops": 318,
                                        "Index Cond": "(movie_id = mk.movie_id)",
                                        "Rows Removed by Index Recheck": 0
                                      }
                                    ]
                                  },
                                  {
                                    "Node Type": "Index Scan",
                                    "Parent Relationship": "Inner",
                                    "Parallel Aware": false,
                                    "Scan Direction": "Forward",
                                    "Index Name": "title_pkey",
                                    "Relation Name": "title",
                                    "Alias": "t",
                                    "Startup Cost": 0.43,
                                    "Total Cost": 0.49,
                                    "Plan Rows": 1,
                                    "Plan Width": 25,
                                    "Actual Startup Time": 0.001,
                                    "Actual Total Time": 0.001,
                                    "Actual Rows": 0,
                                    "Actual Loops": 5697,
                                    "Index Cond": "(id = mk.movie_id)",
                                    "Rows Removed by Index Recheck": 0,
                                    "Filter": "(production_year > 1996)",
                                    "Rows Removed by Filter": 1
                                  }
                                ]
                              },
                              {
                                "Node Type": "Index Scan",
                                "Parent Relationship": "Inner",
                                "Parallel Aware": false,
                                "Scan Direction": "Forward",
                                "Index Name": "company_name_pkey",
                                "Relation Name": "company_name",
                                "Alias": "cn",
                                "Startup Cost": 0.42,
                                "Total Cost": 0.45,
                                "Plan Rows": 1,
                                "Plan Width": 4,
                                "Actual Startup Time": 0.004,
                                "Actual Total Time": 0.004,
                                "Actual Rows": 0,
                                "Actual Loops": 1867,
                                "Index Cond": "(id = mc.company_id)",
                                "Rows Removed by Index Recheck": 0,
                                "Filter": "((country_code)::text = '[us]'::text)",
                                "Rows Removed by Filter": 1
                              }
                            ]
                          },
                          {
                            "Node Type": "Hash",
                            "Parent Relationship": "Inner",
                            "Parallel Aware": false,
                            "Startup Cost": 1.09,
                            "Total Cost": 1.09,
                            "Plan Rows": 1,
                            "Plan Width": 14,
                            "Actual Startup Time": 0.069,
                            "Actual Total Time": 0.07,
                            "Actual Rows": 1,
                            "Actual Loops": 2,
                            "Hash Buckets": 1024,
                            "Original Hash Buckets": 1024,
                            "Hash Batches": 1,
                            "Original Hash Batches": 1,
                            "Peak Memory Usage": 9,
                            "Plans": [
                              {
                                "Node Type": "Seq Scan",
                                "Parent Relationship": "Outer",
                                "Parallel Aware": false,
                                "Relation Name": "kind_type",
                                "Alias": "kt",
                                "Startup Cost": 0.0,
                                "Total Cost": 1.09,
                                "Plan Rows": 1,
                                "Plan Width": 14,
                                "Actual Startup Time": 0.048,
                                "Actual Total Time": 0.052,
                                "Actual Rows": 1,
                                "Actual Loops": 2,
                                "Filter": "((kind)::text = 'movie'::text)",
                                "Rows Removed by Filter": 6
                              }
                            ]
                          }
                        ]
                      },
                      {
                        "Node Type": "Index Scan",
                        "Parent Relationship": "Inner",
                        "Parallel Aware": false,
                        "Scan Direction": "Forward",
                        "Index Name": "movie_id_movie_info",
                        "Relation Name": "movie_info",
                        "Alias": "mi",
                        "Startup Cost": 0.43,
                        "Total Cost": 1.5,
                        "Plan Rows": 1,
                        "Plan Width": 8,
                        "Actual Startup Time": 0.055,
                        "Actual Total Time": 0.055,
                        "Actual Rows": 0,
                        "Actual Loops": 480,
                        "Index Cond": "(movie_id = mk.movie_id)",
                        "Rows Removed by Index Recheck": 0,
                        "Filter": "((note ~~ '%internet%'::text) AND (info ~~ 'USA:% 200%'::text))",
                        "Rows Removed by Filter": 277
                      }
                    ]
                  },
                  {
                    "Node Type": "Index Scan",
                    "Parent Relationship": "Inner",
                    "Parallel Aware": false,
                    "Scan Direction": "Forward",
                    "Index Name": "info_type_pkey",
                    "Relation Name": "info_type",
                    "Alias": "it1",
                    "Startup Cost": 0.14,
                    "Total Cost": 0.19,
                    "Plan Rows": 1,
                    "Plan Width": 4,
                    "Actual Startup Time": 0.003,
                    "Actual Total Time": 0.003,
                    "Actual Rows": 1,
                    "Actual Loops": 16,
                    "Index Cond": "(id = mi.info_type_id)",
                    "Rows Removed by Index Recheck": 0,
                    "Filter": "((info)::text = 'release dates'::text)",
                    "Rows Removed by Filter": 0
                  }
                ]
              },
              {
                "Node Type": "Index Only Scan",
                "Parent Relationship": "Inner",
                "Parallel Aware": false,
                "Scan Direction": "Forward",
                "Index Name": "company_type_pkey",
                "Relation Name": "company_type",
                "Alias": "ct",
                "Startup Cost": 0.13,
                "Total Cost": 0.15,
                "Plan Rows": 1,
                "Plan Width": 4,
                "Actual Startup Time": 0.003,
                "Actual Total Time": 0.003,
                "Actual Rows": 1,
                "Actual Loops": 16,
                "Index Cond": "(id = mc.company_type_id)",
                "Rows Removed by Index Recheck": 0,
                "Heap Fetches": 16
              }
            ]
          }
        ]
      }
    ]
  },
  "Planning Time": 3.423,
  "Triggers": [],
  "Execution Time": 482.527
}