{
  "Plan": {
    "Node Type": "Aggregate",
    "Strategy": "Plain",
    "Partial Mode": "Finalize",
    "Parallel Aware": false,
    "Startup Cost": 747341.05,
    "Total Cost": 747341.06,
    "Plan Rows": 1,
    "Plan Width": 8,
    "Actual Startup Time": 3524.736,
    "Actual Total Time": 3597.255,
    "Actual Rows": 1,
    "Actual Loops": 1,
    "Plans": [
      {
        "Node Type": "Gather",
        "Parent Relationship": "Outer",
        "Parallel Aware": false,
        "Startup Cost": 747340.94,
        "Total Cost": 747341.05,
        "Plan Rows": 1,
        "Plan Width": 8,
        "Actual Startup Time": 3519.423,
        "Actual Total Time": 3597.245,
        "Actual Rows": 2,
        "Actual Loops": 1,
        "Workers Planned": 1,
        "Workers Launched": 1,
        "Single Copy": false,
        "Plans": [
          {
            "Node Type": "Aggregate",
            "Strategy": "Plain",
            "Partial Mode": "Partial",
            "Parent Relationship": "Outer",
            "Parallel Aware": false,
            "Startup Cost": 746340.94,
            "Total Cost": 746340.95,
            "Plan Rows": 1,
            "Plan Width": 8,
            "Actual Startup Time": 3513.789,
            "Actual Total Time": 3514.375,
            "Actual Rows": 1,
            "Actual Loops": 2,
            "Plans": [
              {
                "Node Type": "Hash Join",
                "Parent Relationship": "Outer",
                "Parallel Aware": true,
                "Join Type": "Inner",
                "Startup Cost": 127928.11,
                "Total Cost": 739861.6,
                "Plan Rows": 2591736,
                "Plan Width": 0,
                "Actual Startup Time": 1322.811,
                "Actual Total Time": 3244.844,
                "Actual Rows": 6930778,
                "Actual Loops": 2,
                "Inner Unique": false,
                "Hash Cond": "(ci.movie_id = t.id)",
                "Plans": [
                  {
                    "Node Type": "Seq Scan",
                    "Parent Relationship": "Outer",
                    "Parallel Aware": true,
                    "Relation Name": "cast_info",
                    "Alias": "ci",
                    "Startup Cost": 0.0,
                    "Total Cost": 572345.93,
                    "Plan Rows": 6491215,
                    "Plan Width": 4,
                    "Actual Startup Time": 519.974,
                    "Actual Total Time": 1485.844,
                    "Actual Rows": 2355499,
                    "Actual Loops": 2,
                    "Filter": "((person_id < 1667463) AND (role_id > 1))",
                    "Rows Removed by Filter": 15766673
                  },
                  {
                    "Node Type": "Hash",
                    "Parent Relationship": "Inner",
                    "Parallel Aware": true,
                    "Startup Cost": 120505.56,
                    "Total Cost": 120505.56,
                    "Plan Rows": 593804,
                    "Plan Width": 8,
                    "Actual Startup Time": 792.075,
                    "Actual Total Time": 792.658,
                    "Actual Rows": 844315,
                    "Actual Loops": 2,
                    "Hash Buckets": 2097152,
                    "Original Hash Buckets": 1048576,
                    "Hash Batches": 1,
                    "Original Hash Batches": 1,
                    "Peak Memory Usage": 90688,
                    "Plans": [
                      {
                        "Node Type": "Hash Join",
                        "Parent Relationship": "Outer",
                        "Parallel Aware": true,
                        "Join Type": "Inner",
                        "Startup Cost": 62454.72,
                        "Total Cost": 120505.56,
                        "Plan Rows": 593804,
                        "Plan Width": 8,
                        "Actual Startup Time": 216.848,
                        "Actual Total Time": 627.313,
                        "Actual Rows": 844315,
                        "Actual Loops": 2,
                        "Inner Unique": true,
                        "Hash Cond": "(mk.movie_id = t.id)",
                        "Plans": [
                          {
                            "Node Type": "Seq Scan",
                            "Parent Relationship": "Outer",
                            "Parallel Aware": true,
                            "Relation Name": "movie_keyword",
                            "Alias": "mk",
                            "Startup Cost": 0.0,
                            "Total Cost": 51065.35,
                            "Plan Rows": 2661135,
                            "Plan Width": 4,
                            "Actual Startup Time": 0.013,
                            "Actual Total Time": 153.698,
                            "Actual Rows": 2261965,
                            "Actual Loops": 2
                          },
                          {
                            "Node Type": "Hash",
                            "Parent Relationship": "Inner",
                            "Parallel Aware": true,
                            "Startup Cost": 58306.47,
                            "Total Cost": 58306.47,
                            "Plan Rows": 331860,
                            "Plan Width": 4,
                            "Actual Startup Time": 211.391,
                            "Actual Total Time": 211.392,
                            "Actual Rows": 238584,
                            "Actual Loops": 2,
                            "Hash Buckets": 1048576,
                            "Original Hash Buckets": 1048576,
                            "Hash Batches": 1,
                            "Original Hash Batches": 1,
                            "Peak Memory Usage": 26912,
                            "Plans": [
                              {
                                "Node Type": "Seq Scan",
                                "Parent Relationship": "Outer",
                                "Parallel Aware": true,
                                "Relation Name": "title",
                                "Alias": "t",
                                "Startup Cost": 0.0,
                                "Total Cost": 58306.47,
                                "Plan Rows": 331860,
                                "Plan Width": 4,
                                "Actual Startup Time": 0.032,
                                "Actual Total Time": 146.451,
                                "Actual Rows": 238584,
                                "Actual Loops": 2,
                                "Filter": "((kind_id < 7) AND (production_year > 1999))",
                                "Rows Removed by Filter": 1025572
                              }
                            ]
                          }
                        ]
                      }
                    ]
                  }
                ]
              }
            ]
          }
        ]
      }
    ]
  },
  "Planning Time": 0.965,
  "Triggers": [],
  "Execution Time": 3597.351
}