{
  "Plan": {
    "Node Type": "Aggregate",
    "Strategy": "Plain",
    "Partial Mode": "Finalize",
    "Parallel Aware": false,
    "Startup Cost": 300889.64,
    "Total Cost": 300889.65,
    "Plan Rows": 1,
    "Plan Width": 8,
    "Actual Startup Time": 453.345,
    "Actual Total Time": 495.618,
    "Actual Rows": 1,
    "Actual Loops": 1,
    "Plans": [
      {
        "Node Type": "Gather",
        "Parent Relationship": "Outer",
        "Parallel Aware": false,
        "Startup Cost": 300889.52,
        "Total Cost": 300889.63,
        "Plan Rows": 1,
        "Plan Width": 8,
        "Actual Startup Time": 452.721,
        "Actual Total Time": 495.61,
        "Actual Rows": 2,
        "Actual Loops": 1,
        "Workers Planned": 1,
        "Workers Launched": 1,
        "Single Copy": false,
        "Plans": [
          {
            "Node Type": "Aggregate",
            "Strategy": "Plain",
            "Partial Mode": "Partial",
            "Parent Relationship": "Outer",
            "Parallel Aware": false,
            "Startup Cost": 299889.52,
            "Total Cost": 299889.53,
            "Plan Rows": 1,
            "Plan Width": 8,
            "Actual Startup Time": 446.397,
            "Actual Total Time": 446.401,
            "Actual Rows": 1,
            "Actual Loops": 2,
            "Plans": [
              {
                "Node Type": "Nested Loop",
                "Parent Relationship": "Outer",
                "Parallel Aware": false,
                "Join Type": "Inner",
                "Startup Cost": 59479.77,
                "Total Cost": 299730.59,
                "Plan Rows": 63572,
                "Plan Width": 0,
                "Actual Startup Time": 181.738,
                "Actual Total Time": 436.077,
                "Actual Rows": 231164,
                "Actual Loops": 2,
                "Inner Unique": false,
                "Join Filter": "(t.id = ci.movie_id)",
                "Rows Removed by Join Filter": 0,
                "Plans": [
                  {
                    "Node Type": "Hash Join",
                    "Parent Relationship": "Outer",
                    "Parallel Aware": true,
                    "Join Type": "Inner",
                    "Startup Cost": 59479.2,
                    "Total Cost": 231904.05,
                    "Plan Rows": 7671,
                    "Plan Width": 8,
                    "Actual Startup Time": 181.674,
                    "Actual Total Time": 191.068,
                    "Actual Rows": 4136,
                    "Actual Loops": 2,
                    "Inner Unique": true,
                    "Hash Cond": "(mi.movie_id = t.id)",
                    "Plans": [
                      {
                        "Node Type": "Bitmap Heap Scan",
                        "Parent Relationship": "Outer",
                        "Parallel Aware": true,
                        "Relation Name": "movie_info",
                        "Alias": "mi",
                        "Startup Cost": 3705.36,
                        "Total Cost": 175814.43,
                        "Plan Rows": 120298,
                        "Plan Width": 4,
                        "Actual Startup Time": 7.424,
                        "Actual Total Time": 21.788,
                        "Actual Rows": 98877,
                        "Actual Loops": 2,
                        "Recheck Cond": "(info_type_id > 106)",
                        "Rows Removed by Index Recheck": 0,
                        "Exact Heap Blocks": 3053,
                        "Lossy Heap Blocks": 0,
                        "Plans": [
                          {
                            "Node Type": "Bitmap Index Scan",
                            "Parent Relationship": "Outer",
                            "Parallel Aware": false,
                            "Index Name": "info_type_id_movie_info",
                            "Startup Cost": 0.0,
                            "Total Cost": 3654.24,
                            "Plan Rows": 204507,
                            "Plan Width": 0,
                            "Actual Startup Time": 6.774,
                            "Actual Total Time": 6.774,
                            "Actual Rows": 197754,
                            "Actual Loops": 1,
                            "Index Cond": "(info_type_id > 106)"
                          }
                        ]
                      },
                      {
                        "Node Type": "Hash",
                        "Parent Relationship": "Inner",
                        "Parallel Aware": true,
                        "Startup Cost": 54588.39,
                        "Total Cost": 54588.39,
                        "Plan Rows": 94836,
                        "Plan Width": 4,
                        "Actual Startup Time": 155.694,
                        "Actual Total Time": 155.694,
                        "Actual Rows": 80008,
                        "Actual Loops": 2,
                        "Hash Buckets": 262144,
                        "Original Hash Buckets": 262144,
                        "Hash Batches": 1,
                        "Original Hash Batches": 1,
                        "Peak Memory Usage": 8352,
                        "Plans": [
                          {
                            "Node Type": "Seq Scan",
                            "Parent Relationship": "Outer",
                            "Parallel Aware": true,
                            "Relation Name": "title",
                            "Alias": "t",
                            "Startup Cost": 0.0,
                            "Total Cost": 54588.39,
                            "Plan Rows": 94836,
                            "Plan Width": 4,
                            "Actual Startup Time": 0.036,
                            "Actual Total Time": 134.447,
                            "Actual Rows": 80008,
                            "Actual Loops": 2,
                            "Filter": "(production_year = 2011)",
                            "Rows Removed by Filter": 1184148
                          }
                        ]
                      }
                    ]
                  },
                  {
                    "Node Type": "Index Scan",
                    "Parent Relationship": "Inner",
                    "Parallel Aware": false,
                    "Scan Direction": "Forward",
                    "Index Name": "movie_id_cast_info",
                    "Relation Name": "cast_info",
                    "Alias": "ci",
                    "Startup Cost": 0.56,
                    "Total Cost": 8.58,
                    "Plan Rows": 21,
                    "Plan Width": 4,
                    "Actual Startup Time": 0.004,
                    "Actual Total Time": 0.054,
                    "Actual Rows": 56,
                    "Actual Loops": 8272,
                    "Index Cond": "(movie_id = mi.movie_id)",
                    "Rows Removed by Index Recheck": 0,
                    "Filter": "((person_id < 2735076) AND (role_id < 8))",
                    "Rows Removed by Filter": 67
                  }
                ]
              }
            ]
          }
        ]
      }
    ]
  },
  "Planning Time": 0.99,
  "Triggers": [],
  "Execution Time": 495.734
}