[
  {
    "Plan": {
      "Node Type": "Aggregate",
      "Strategy": "Plain",
      "Partial Mode": "Finalize",
      "Parallel Aware": false,
      "Startup Cost": 333285.43,
      "Total Cost": 333285.44,
      "Plan Rows": 1,
      "Plan Width": 8,
      "Actual Startup Time": 687.621,
      "Actual Total Time": 742.143,
      "Actual Rows": 1,
      "Actual Loops": 1,
      "Plans": [
        {
          "Node Type": "Gather",
          "Parent Relationship": "Outer",
          "Parallel Aware": false,
          "Startup Cost": 333284.8,
          "Total Cost": 333285.41,
          "Plan Rows": 6,
          "Plan Width": 8,
          "Actual Startup Time": 687.371,
          "Actual Total Time": 742.132,
          "Actual Rows": 7,
          "Actual Loops": 1,
          "Workers Planned": 6,
          "Workers Launched": 6,
          "Single Copy": false,
          "Plans": [
            {
              "Node Type": "Aggregate",
              "Strategy": "Plain",
              "Partial Mode": "Partial",
              "Parent Relationship": "Outer",
              "Parallel Aware": false,
              "Startup Cost": 332284.8,
              "Total Cost": 332284.81,
              "Plan Rows": 1,
              "Plan Width": 8,
              "Actual Startup Time": 678.401,
              "Actual Total Time": 678.402,
              "Actual Rows": 1,
              "Actual Loops": 7,
              "Plans": [
                {
                  "Node Type": "Seq Scan",
                  "Parent Relationship": "Outer",
                  "Parallel Aware": true,
                  "Relation Name": "cast_info",
                  "Alias": "ci",
                  "Startup Cost": 0.0,
                  "Total Cost": 328162.03,
                  "Plan Rows": 1649110,
                  "Plan Width": 0,
                  "Actual Startup Time": 321.583,
                  "Actual Total Time": 609.986,
                  "Actual Rows": 1398945,
                  "Actual Loops": 7,
                  "Filter": "(person_id > 2731470)",
                  "Rows Removed by Filter": 3778819
                }
              ]
            }
          ]
        }
      ]
    },
    "Planning Time": 0.224,
    "Triggers": [],
    "Execution Time": 742.216
  }
]