[
  {
    "Plan": {
      "Node Type": "Aggregate",
      "Strategy": "Plain",
      "Partial Mode": "Finalize",
      "Parallel Aware": false,
      "Startup Cost": 440961.7,
      "Total Cost": 440961.71,
      "Plan Rows": 1,
      "Plan Width": 8,
      "Actual Startup Time": 1431.988,
      "Actual Total Time": 1469.407,
      "Actual Rows": 1,
      "Actual Loops": 1,
      "Plans": [
        {
          "Node Type": "Gather",
          "Parent Relationship": "Outer",
          "Parallel Aware": false,
          "Startup Cost": 440961.08,
          "Total Cost": 440961.69,
          "Plan Rows": 6,
          "Plan Width": 8,
          "Actual Startup Time": 1410.782,
          "Actual Total Time": 1469.395,
          "Actual Rows": 7,
          "Actual Loops": 1,
          "Workers Planned": 6,
          "Workers Launched": 6,
          "Single Copy": false,
          "Plans": [
            {
              "Node Type": "Aggregate",
              "Strategy": "Plain",
              "Partial Mode": "Partial",
              "Parent Relationship": "Outer",
              "Parallel Aware": false,
              "Startup Cost": 439961.08,
              "Total Cost": 439961.09,
              "Plan Rows": 1,
              "Plan Width": 8,
              "Actual Startup Time": 1388.886,
              "Actual Total Time": 1389.703,
              "Actual Rows": 1,
              "Actual Loops": 7,
              "Plans": [
                {
                  "Node Type": "Hash Join",
                  "Parent Relationship": "Outer",
                  "Parallel Aware": true,
                  "Join Type": "Inner",
                  "Startup Cost": 90543.83,
                  "Total Cost": 436272.11,
                  "Plan Rows": 1475586,
                  "Plan Width": 0,
                  "Actual Startup Time": 728.765,
                  "Actual Total Time": 1324.712,
                  "Actual Rows": 1710612,
                  "Actual Loops": 7,
                  "Inner Unique": false,
                  "Hash Cond": "(ci.movie_id = t.id)",
                  "Plans": [
                    {
                      "Node Type": "Index Scan",
                      "Parent Relationship": "Outer",
                      "Parallel Aware": true,
                      "Scan Direction": "Forward",
                      "Index Name": "role_id_cast_info",
                      "Relation Name": "cast_info",
                      "Alias": "ci",
                      "Startup Cost": 0.56,
                      "Total Cost": 335235.55,
                      "Plan Rows": 1528892,
                      "Plan Width": 4,
                      "Actual Startup Time": 185.609,
                      "Actual Total Time": 343.584,
                      "Actual Rows": 816664,
                      "Actual Loops": 7,
                      "Index Cond": "(role_id = 1)",
                      "Rows Removed by Index Recheck": 0,
                      "Filter": "(person_id > 950591)",
                      "Rows Removed by Filter": 993434
                    },
                    {
                      "Node Type": "Hash",
                      "Parent Relationship": "Inner",
                      "Parallel Aware": true,
                      "Startup Cost": 80703.99,
                      "Total Cost": 80703.99,
                      "Plan Rows": 787142,
                      "Plan Width": 8,
                      "Actual Startup Time": 536.57,
                      "Actual Total Time": 537.386,
                      "Actual Rows": 343217,
                      "Actual Loops": 7,
                      "Hash Buckets": 4194304,
                      "Original Hash Buckets": 4194304,
                      "Hash Batches": 1,
                      "Original Hash Batches": 1,
                      "Peak Memory Usage": 126848,
                      "Plans": [
                        {
                          "Node Type": "Hash Join",
                          "Parent Relationship": "Outer",
                          "Parallel Aware": true,
                          "Join Type": "Inner",
                          "Startup Cost": 51288.1,
                          "Total Cost": 80703.99,
                          "Plan Rows": 787142,
                          "Plan Width": 8,
                          "Actual Startup Time": 238.879,
                          "Actual Total Time": 412.785,
                          "Actual Rows": 343217,
                          "Actual Loops": 7,
                          "Inner Unique": true,
                          "Hash Cond": "(mc.movie_id = t.id)",
                          "Plans": [
                            {
                              "Node Type": "Seq Scan",
                              "Parent Relationship": "Outer",
                              "Parallel Aware": true,
                              "Relation Name": "movie_companies",
                              "Alias": "mc",
                              "Startup Cost": 0.0,
                              "Total Cost": 27206.55,
                              "Plan Rows": 841655,
                              "Plan Width": 4,
                              "Actual Startup Time": 0.017,
                              "Actual Total Time": 39.631,
                              "Actual Rows": 372733,
                              "Actual Loops": 7
                            },
                            {
                              "Node Type": "Hash",
                              "Parent Relationship": "Inner",
                              "Parallel Aware": true,
                              "Startup Cost": 43898.92,
                              "Total Cost": 43898.92,
                              "Plan Rows": 591135,
                              "Plan Width": 4,
                              "Actual Startup Time": 235.277,
                              "Actual Total Time": 235.278,
                              "Actual Rows": 337179,
                              "Actual Loops": 7,
                              "Hash Buckets": 4194304,
                              "Original Hash Buckets": 4194304,
                              "Hash Batches": 1,
                              "Original Hash Batches": 1,
                              "Peak Memory Usage": 125248,
                              "Plans": [
                                {
                                  "Node Type": "Seq Scan",
                                  "Parent Relationship": "Outer",
                                  "Parallel Aware": true,
                                  "Relation Name": "title",
                                  "Alias": "t",
                                  "Startup Cost": 0.0,
                                  "Total Cost": 43898.92,
                                  "Plan Rows": 591135,
                                  "Plan Width": 4,
                                  "Actual Startup Time": 0.044,
                                  "Actual Total Time": 75.688,
                                  "Actual Rows": 337179,
                                  "Actual Loops": 7,
                                  "Filter": "(production_year > 1922)",
                                  "Rows Removed by Filter": 24008
                                }
                              ]
                            }
                          ]
                        }
                      ]
                    }
                  ]
                }
              ]
            }
          ]
        }
      ]
    },
    "Planning Time": 1.389,
    "Triggers": [],
    "Execution Time": 1469.498
  }
]