[
  {
    "Plan": {
      "Node Type": "Aggregate",
      "Strategy": "Plain",
      "Partial Mode": "Finalize",
      "Parallel Aware": false,
      "Startup Cost": 44674.81,
      "Total Cost": 44674.82,
      "Plan Rows": 1,
      "Plan Width": 8,
      "Actual Startup Time": 129.795,
      "Actual Total Time": 139.031,
      "Actual Rows": 1,
      "Actual Loops": 1,
      "Plans": [
        {
          "Node Type": "Gather",
          "Parent Relationship": "Outer",
          "Parallel Aware": false,
          "Startup Cost": 44674.49,
          "Total Cost": 44674.8,
          "Plan Rows": 3,
          "Plan Width": 8,
          "Actual Startup Time": 129.676,
          "Actual Total Time": 139.022,
          "Actual Rows": 4,
          "Actual Loops": 1,
          "Workers Planned": 3,
          "Workers Launched": 3,
          "Single Copy": false,
          "Plans": [
            {
              "Node Type": "Aggregate",
              "Strategy": "Plain",
              "Partial Mode": "Partial",
              "Parent Relationship": "Outer",
              "Parallel Aware": false,
              "Startup Cost": 43674.49,
              "Total Cost": 43674.5,
              "Plan Rows": 1,
              "Plan Width": 8,
              "Actual Startup Time": 122.361,
              "Actual Total Time": 122.362,
              "Actual Rows": 1,
              "Actual Loops": 4,
              "Plans": [
                {
                  "Node Type": "Seq Scan",
                  "Parent Relationship": "Outer",
                  "Parallel Aware": true,
                  "Relation Name": "movie_keyword",
                  "Alias": "mk",
                  "Startup Cost": 0.0,
                  "Total Cost": 42695.65,
                  "Plan Rows": 391535,
                  "Plan Width": 0,
                  "Actual Startup Time": 0.063,
                  "Actual Total Time": 107.208,
                  "Actual Rows": 305686,
                  "Actual Loops": 4,
                  "Filter": "(keyword_id < 1546)",
                  "Rows Removed by Filter": 825297
                }
              ]
            }
          ]
        }
      ]
    },
    "Planning Time": 0.194,
    "Triggers": [],
    "Execution Time": 139.089
  }
]