{
  "Plan": {
    "Node Type": "Aggregate",
    "Strategy": "Plain",
    "Partial Mode": "Finalize",
    "Parallel Aware": false,
    "Startup Cost": 94940.59,
    "Total Cost": 94940.6,
    "Plan Rows": 1,
    "Plan Width": 8,
    "Actual Startup Time": 288.641,
    "Actual Total Time": 301.437,
    "Actual Rows": 1,
    "Actual Loops": 1,
    "Plans": [
      {
        "Node Type": "Gather",
        "Parent Relationship": "Outer",
        "Parallel Aware": false,
        "Startup Cost": 94940.47,
        "Total Cost": 94940.58,
        "Plan Rows": 1,
        "Plan Width": 8,
        "Actual Startup Time": 288.34,
        "Actual Total Time": 301.429,
        "Actual Rows": 2,
        "Actual Loops": 1,
        "Workers Planned": 1,
        "Workers Launched": 1,
        "Single Copy": false,
        "Plans": [
          {
            "Node Type": "Aggregate",
            "Strategy": "Plain",
            "Partial Mode": "Partial",
            "Parent Relationship": "Outer",
            "Parallel Aware": false,
            "Startup Cost": 93940.47,
            "Total Cost": 93940.48,
            "Plan Rows": 1,
            "Plan Width": 8,
            "Actual Startup Time": 282.37,
            "Actual Total Time": 282.374,
            "Actual Rows": 1,
            "Actual Loops": 2,
            "Plans": [
              {
                "Node Type": "Hash Join",
                "Parent Relationship": "Outer",
                "Parallel Aware": true,
                "Join Type": "Inner",
                "Startup Cost": 70311.21,
                "Total Cost": 93929.91,
                "Plan Rows": 4227,
                "Plan Width": 0,
                "Actual Startup Time": 200.027,
                "Actual Total Time": 281.926,
                "Actual Rows": 6434,
                "Actual Loops": 2,
                "Inner Unique": true,
                "Hash Cond": "(mc.movie_id = t.id)",
                "Plans": [
                  {
                    "Node Type": "Bitmap Heap Scan",
                    "Parent Relationship": "Outer",
                    "Parallel Aware": true,
                    "Relation Name": "movie_companies",
                    "Alias": "mc",
                    "Startup Cost": 11758.59,
                    "Total Cost": 34539.25,
                    "Plan Rows": 319253,
                    "Plan Width": 4,
                    "Actual Startup Time": 39.609,
                    "Actual Total Time": 84.638,
                    "Actual Rows": 278018,
                    "Actual Loops": 2,
                    "Recheck Cond": "(company_id > 71738)",
                    "Rows Removed by Index Recheck": 0,
                    "Exact Heap Blocks": 3705,
                    "Lossy Heap Blocks": 0,
                    "Plans": [
                      {
                        "Node Type": "Bitmap Index Scan",
                        "Parent Relationship": "Outer",
                        "Parallel Aware": false,
                        "Index Name": "company_id_movie_companies",
                        "Startup Cost": 0.0,
                        "Total Cost": 11622.91,
                        "Plan Rows": 542730,
                        "Plan Width": 0,
                        "Actual Startup Time": 37.863,
                        "Actual Total Time": 37.864,
                        "Actual Rows": 556036,
                        "Actual Loops": 1,
                        "Index Cond": "(company_id > 71738)"
                      }
                    ]
                  },
                  {
                    "Node Type": "Hash",
                    "Parent Relationship": "Inner",
                    "Parallel Aware": true,
                    "Startup Cost": 58306.47,
                    "Total Cost": 58306.47,
                    "Plan Rows": 19692,
                    "Plan Width": 4,
                    "Actual Startup Time": 158.558,
                    "Actual Total Time": 158.559,
                    "Actual Rows": 14056,
                    "Actual Loops": 2,
                    "Hash Buckets": 65536,
                    "Original Hash Buckets": 65536,
                    "Hash Batches": 1,
                    "Original Hash Batches": 1,
                    "Peak Memory Usage": 1632,
                    "Plans": [
                      {
                        "Node Type": "Seq Scan",
                        "Parent Relationship": "Outer",
                        "Parallel Aware": true,
                        "Relation Name": "title",
                        "Alias": "t",
                        "Startup Cost": 0.0,
                        "Total Cost": 58306.47,
                        "Plan Rows": 19692,
                        "Plan Width": 4,
                        "Actual Startup Time": 0.043,
                        "Actual Total Time": 153.802,
                        "Actual Rows": 14056,
                        "Actual Loops": 2,
                        "Filter": "((kind_id < 7) AND (production_year = 2004))",
                        "Rows Removed by Filter": 1250100
                      }
                    ]
                  }
                ]
              }
            ]
          }
        ]
      }
    ]
  },
  "Planning Time": 0.503,
  "Triggers": [],
  "Execution Time": 301.529
}