[
  {
    "Plan": {
      "Node Type": "Aggregate",
      "Strategy": "Plain",
      "Partial Mode": "Finalize",
      "Parallel Aware": false,
      "Startup Cost": 23778.3,
      "Total Cost": 23778.31,
      "Plan Rows": 1,
      "Plan Width": 8,
      "Actual Startup Time": 60.65,
      "Actual Total Time": 64.308,
      "Actual Rows": 1,
      "Actual Loops": 1,
      "Plans": [
        {
          "Node Type": "Gather",
          "Parent Relationship": "Outer",
          "Parallel Aware": false,
          "Startup Cost": 23777.88,
          "Total Cost": 23778.29,
          "Plan Rows": 4,
          "Plan Width": 8,
          "Actual Startup Time": 60.551,
          "Actual Total Time": 64.298,
          "Actual Rows": 5,
          "Actual Loops": 1,
          "Workers Planned": 4,
          "Workers Launched": 4,
          "Single Copy": false,
          "Plans": [
            {
              "Node Type": "Aggregate",
              "Strategy": "Plain",
              "Partial Mode": "Partial",
              "Parent Relationship": "Outer",
              "Parallel Aware": false,
              "Startup Cost": 22777.88,
              "Total Cost": 22777.89,
              "Plan Rows": 1,
              "Plan Width": 8,
              "Actual Startup Time": 50.945,
              "Actual Total Time": 50.945,
              "Actual Rows": 1,
              "Actual Loops": 5,
              "Plans": [
                {
                  "Node Type": "Index Scan",
                  "Parent Relationship": "Outer",
                  "Parallel Aware": true,
                  "Scan Direction": "Forward",
                  "Index Name": "role_id_cast_info",
                  "Relation Name": "cast_info",
                  "Alias": "ci",
                  "Startup Cost": 0.56,
                  "Total Cost": 22554.34,
                  "Plan Rows": 89416,
                  "Plan Width": 0,
                  "Actual Startup Time": 0.248,
                  "Actual Total Time": 44.603,
                  "Actual Rows": 94429,
                  "Actual Loops": 5,
                  "Index Cond": "(role_id = 6)",
                  "Rows Removed by Index Recheck": 0,
                  "Filter": "(person_id > 2033007)",
                  "Rows Removed by Filter": 60306
                }
              ]
            }
          ]
        }
      ]
    },
    "Planning Time": 0.204,
    "Triggers": [],
    "Execution Time": 64.362
  }
]