[
    {
        "Bao": {
            "Bao prediction": 1581.821,
            "Bao recommended hint": "SET enable_nestloop TO off; "
        }
    },
    {
        "Plan": {
            "Node Type": "Aggregate",
            "Strategy": "Plain",
            "Partial Mode": "Simple",
            "Parallel Aware": false,
            "Startup Cost": 544092.34,
            "Total Cost": 544092.35,
            "Plan Rows": 1,
            "Plan Width": 64,
            "Actual Startup Time": 2500.028,
            "Actual Total Time": 2675.384,
            "Actual Rows": 1,
            "Actual Loops": 1,
            "Output": [
                "min(n.name)",
                "min(t.title)"
            ],
            "Plans": [
                {
                    "Node Type": "Hash Join",
                    "Parent Relationship": "Outer",
                    "Parallel Aware": false,
                    "Join Type": "Inner",
                    "Startup Cost": 474153.18,
                    "Total Cost": 544092.33,
                    "Plan Rows": 1,
                    "Plan Width": 32,
                    "Actual Startup Time": 2436.222,
                    "Actual Total Time": 2675.363,
                    "Actual Rows": 4,
                    "Actual Loops": 1,
                    "Output": [
                        "n.name",
                        "t.title"
                    ],
                    "Inner Unique": true,
                    "Hash Cond": "(t.kind_id = kt.id)",
                    "Plans": [
                        {
                            "Node Type": "Gather",
                            "Parent Relationship": "Outer",
                            "Parallel Aware": false,
                            "Startup Cost": 474152.08,
                            "Total Cost": 544091.23,
                            "Plan Rows": 1,
                            "Plan Width": 36,
                            "Actual Startup Time": 2436.061,
                            "Actual Total Time": 2675.192,
                            "Actual Rows": 4,
                            "Actual Loops": 1,
                            "Output": [
                                "n.name",
                                "t.title",
                                "t.kind_id"
                            ],
                            "Workers Planned": 4,
                            "Workers Launched": 4,
                            "Single Copy": false,
                            "Plans": [
                                {
                                    "Node Type": "Hash Join",
                                    "Parent Relationship": "Outer",
                                    "Parallel Aware": true,
                                    "Join Type": "Inner",
                                    "Startup Cost": 473152.08,
                                    "Total Cost": 543091.13,
                                    "Plan Rows": 1,
                                    "Plan Width": 36,
                                    "Actual Startup Time": 2419.637,
                                    "Actual Total Time": 2486.759,
                                    "Actual Rows": 1,
                                    "Actual Loops": 5,
                                    "Output": [
                                        "n.name",
                                        "t.title",
                                        "t.kind_id"
                                    ],
                                    "Inner Unique": false,
                                    "Hash Cond": "(n.id = ci.person_id)",
                                    "Workers": [
                                        {
                                            "Worker Number": 0,
                                            "Actual Startup Time": 2483.655,
                                            "Actual Total Time": 2483.682,
                                            "Actual Rows": 0,
                                            "Actual Loops": 1
                                        },
                                        {
                                            "Worker Number": 1,
                                            "Actual Startup Time": 2484.25,
                                            "Actual Total Time": 2484.276,
                                            "Actual Rows": 0,
                                            "Actual Loops": 1
                                        },
                                        {
                                            "Worker Number": 2,
                                            "Actual Startup Time": 2323.845,
                                            "Actual Total Time": 2484.25,
                                            "Actual Rows": 2,
                                            "Actual Loops": 1
                                        },
                                        {
                                            "Worker Number": 3,
                                            "Actual Startup Time": 2372.536,
                                            "Actual Total Time": 2484.594,
                                            "Actual Rows": 1,
                                            "Actual Loops": 1
                                        }
                                    ],
                                    "Plans": [
                                        {
                                            "Node Type": "Seq Scan",
                                            "Parent Relationship": "Outer",
                                            "Parallel Aware": true,
                                            "Relation Name": "name",
                                            "Schema": "public",
                                            "Alias": "n",
                                            "Startup Cost": 0.0,
                                            "Total Cost": 66031.94,
                                            "Plan Rows": 1041894,
                                            "Plan Width": 19,
                                            "Actual Startup Time": 0.025,
                                            "Actual Total Time": 114.953,
                                            "Actual Rows": 833498,
                                            "Actual Loops": 5,
                                            "Output": [
                                                "n.id",
                                                "n.name",
                                                "n.imdb_index",
                                                "n.imdb_id",
                                                "n.gender",
                                                "n.name_pcode_cf",
                                                "n.name_pcode_nf",
                                                "n.surname_pcode",
                                                "n.md5sum"
                                            ],
                                            "Workers": [
                                                {
                                                    "Worker Number": 0,
                                                    "Actual Startup Time": 0.026,
                                                    "Actual Total Time": 115.105,
                                                    "Actual Rows": 801554,
                                                    "Actual Loops": 1
                                                },
                                                {
                                                    "Worker Number": 1,
                                                    "Actual Startup Time": 0.027,
                                                    "Actual Total Time": 114.775,
                                                    "Actual Rows": 911381,
                                                    "Actual Loops": 1
                                                },
                                                {
                                                    "Worker Number": 2,
                                                    "Actual Startup Time": 0.028,
                                                    "Actual Total Time": 115.412,
                                                    "Actual Rows": 856404,
                                                    "Actual Loops": 1
                                                },
                                                {
                                                    "Worker Number": 3,
                                                    "Actual Startup Time": 0.037,
                                                    "Actual Total Time": 114.312,
                                                    "Actual Rows": 682542,
                                                    "Actual Loops": 1
                                                }
                                            ]
                                        },
                                        {
                                            "Node Type": "Hash",
                                            "Parent Relationship": "Inner",
                                            "Parallel Aware": true,
                                            "Startup Cost": 473152.06,
                                            "Total Cost": 473152.06,
                                            "Plan Rows": 1,
                                            "Plan Width": 25,
                                            "Actual Startup Time": 2316.027,
                                            "Actual Total Time": 2316.05,
                                            "Actual Rows": 1,
                                            "Actual Loops": 5,
                                            "Output": [
                                                "ci.person_id",
                                                "t.title",
                                                "t.kind_id"
                                            ],
                                            "Hash Buckets": 1024,
                                            "Original Hash Buckets": 1024,
                                            "Hash Batches": 1,
                                            "Original Hash Batches": 1,
                                            "Peak Memory Usage": 136,
                                            "Workers": [
                                                {
                                                    "Worker Number": 0,
                                                    "Actual Startup Time": 2313.636,
                                                    "Actual Total Time": 2313.662,
                                                    "Actual Rows": 1,
                                                    "Actual Loops": 1
                                                },
                                                {
                                                    "Worker Number": 1,
                                                    "Actual Startup Time": 2314.161,
                                                    "Actual Total Time": 2314.187,
                                                    "Actual Rows": 1,
                                                    "Actual Loops": 1
                                                },
                                                {
                                                    "Worker Number": 2,
                                                    "Actual Startup Time": 2314.12,
                                                    "Actual Total Time": 2314.141,
                                                    "Actual Rows": 0,
                                                    "Actual Loops": 1
                                                },
                                                {
                                                    "Worker Number": 3,
                                                    "Actual Startup Time": 2314.528,
                                                    "Actual Total Time": 2314.55,
                                                    "Actual Rows": 1,
                                                    "Actual Loops": 1
                                                }
                                            ],
                                            "Plans": [
                                                {
                                                    "Node Type": "Hash Join",
                                                    "Parent Relationship": "Outer",
                                                    "Parallel Aware": false,
                                                    "Join Type": "Inner",
                                                    "Startup Cost": 427147.66,
                                                    "Total Cost": 473152.06,
                                                    "Plan Rows": 1,
                                                    "Plan Width": 25,
                                                    "Actual Startup Time": 2295.545,
                                                    "Actual Total Time": 2315.91,
                                                    "Actual Rows": 1,
                                                    "Actual Loops": 5,
                                                    "Output": [
                                                        "ci.person_id",
                                                        "t.title",
                                                        "t.kind_id"
                                                    ],
                                                    "Inner Unique": false,
                                                    "Hash Cond": "(t.id = cc.movie_id)",
                                                    "Workers": [
                                                        {
                                                            "Worker Number": 0,
                                                            "Actual Startup Time": 2288.072,
                                                            "Actual Total Time": 2313.49,
                                                            "Actual Rows": 1,
                                                            "Actual Loops": 1
                                                        },
                                                        {
                                                            "Worker Number": 1,
                                                            "Actual Startup Time": 2273.131,
                                                            "Actual Total Time": 2313.998,
                                                            "Actual Rows": 1,
                                                            "Actual Loops": 1
                                                        },
                                                        {
                                                            "Worker Number": 2,
                                                            "Actual Startup Time": 2313.991,
                                                            "Actual Total Time": 2314.011,
                                                            "Actual Rows": 0,
                                                            "Actual Loops": 1
                                                        },
                                                        {
                                                            "Worker Number": 3,
                                                            "Actual Startup Time": 2309.939,
                                                            "Actual Total Time": 2314.427,
                                                            "Actual Rows": 1,
                                                            "Actual Loops": 1
                                                        }
                                                    ],
                                                    "Plans": [
                                                        {
                                                            "Node Type": "Hash Join",
                                                            "Parent Relationship": "Outer",
                                                            "Parallel Aware": true,
                                                            "Join Type": "Inner",
                                                            "Startup Cost": 424045.25,
                                                            "Total Cost": 470049.63,
                                                            "Plan Rows": 1,
                                                            "Plan Width": 37,
                                                            "Actual Startup Time": 2211.039,
                                                            "Actual Total Time": 2231.573,
                                                            "Actual Rows": 2,
                                                            "Actual Loops": 5,
                                                            "Output": [
                                                                "ci.movie_id",
                                                                "ci.person_id",
                                                                "mk.movie_id",
                                                                "t.title",
                                                                "t.kind_id",
                                                                "t.id"
                                                            ],
                                                            "Inner Unique": false,
                                                            "Hash Cond": "(t.id = mk.movie_id)",
                                                            "Workers": [
                                                                {
                                                                    "Worker Number": 0,
                                                                    "Actual Startup Time": 2204.514,
                                                                    "Actual Total Time": 2229.921,
                                                                    "Actual Rows": 1,
                                                                    "Actual Loops": 1
                                                                },
                                                                {
                                                                    "Worker Number": 1,
                                                                    "Actual Startup Time": 2191.901,
                                                                    "Actual Total Time": 2232.755,
                                                                    "Actual Rows": 5,
                                                                    "Actual Loops": 1
                                                                },
                                                                {
                                                                    "Worker Number": 2,
                                                                    "Actual Startup Time": 2230.077,
                                                                    "Actual Total Time": 2230.767,
                                                                    "Actual Rows": 1,
                                                                    "Actual Loops": 1
                                                                },
                                                                {
                                                                    "Worker Number": 3,
                                                                    "Actual Startup Time": 2225.681,
                                                                    "Actual Total Time": 2230.16,
                                                                    "Actual Rows": 1,
                                                                    "Actual Loops": 1
                                                                }
                                                            ],
                                                            "Plans": [
                                                                {
                                                                    "Node Type": "Seq Scan",
                                                                    "Parent Relationship": "Outer",
                                                                    "Parallel Aware": true,
                                                                    "Relation Name": "title",
                                                                    "Schema": "public",
                                                                    "Alias": "t",
                                                                    "Startup Cost": 0.0,
                                                                    "Total Cost": 43899.32,
                                                                    "Plan Rows": 561348,
                                                                    "Plan Width": 25,
                                                                    "Actual Startup Time": 0.036,
                                                                    "Actual Total Time": 101.567,
                                                                    "Actual Rows": 447021,
                                                                    "Actual Loops": 5,
                                                                    "Output": [
                                                                        "t.id",
                                                                        "t.title",
                                                                        "t.imdb_index",
                                                                        "t.kind_id",
                                                                        "t.production_year",
                                                                        "t.imdb_id",
                                                                        "t.phonetic_code",
                                                                        "t.episode_of_id",
                                                                        "t.season_nr",
                                                                        "t.episode_nr",
                                                                        "t.series_years",
                                                                        "t.md5sum"
                                                                    ],
                                                                    "Filter": "(t.production_year > 1957)",
                                                                    "Rows Removed by Filter": 58642,
                                                                    "Workers": [
                                                                        {
                                                                            "Worker Number": 0,
                                                                            "Actual Startup Time": 0.05,
                                                                            "Actual Total Time": 100.827,
                                                                            "Actual Rows": 345131,
                                                                            "Actual Loops": 1
                                                                        },
                                                                        {
                                                                            "Worker Number": 1,
                                                                            "Actual Startup Time": 0.046,
                                                                            "Actual Total Time": 102.168,
                                                                            "Actual Rows": 425984,
                                                                            "Actual Loops": 1
                                                                        },
                                                                        {
                                                                            "Worker Number": 2,
                                                                            "Actual Startup Time": 0.037,
                                                                            "Actual Total Time": 101.296,
                                                                            "Actual Rows": 492221,
                                                                            "Actual Loops": 1
                                                                        },
                                                                        {
                                                                            "Worker Number": 3,
                                                                            "Actual Startup Time": 0.039,
                                                                            "Actual Total Time": 100.664,
                                                                            "Actual Rows": 347134,
                                                                            "Actual Loops": 1
                                                                        }
                                                                    ]
                                                                },
                                                                {
                                                                    "Node Type": "Hash",
                                                                    "Parent Relationship": "Inner",
                                                                    "Parallel Aware": true,
                                                                    "Startup Cost": 424045.23,
                                                                    "Total Cost": 424045.23,
                                                                    "Plan Rows": 1,
                                                                    "Plan Width": 12,
                                                                    "Actual Startup Time": 2096.191,
                                                                    "Actual Total Time": 2096.203,
                                                                    "Actual Rows": 4,
                                                                    "Actual Loops": 5,
                                                                    "Output": [
                                                                        "ci.movie_id",
                                                                        "ci.person_id",
                                                                        "mk.movie_id"
                                                                    ],
                                                                    "Hash Buckets": 1024,
                                                                    "Original Hash Buckets": 1024,
                                                                    "Hash Batches": 1,
                                                                    "Original Hash Batches": 1,
                                                                    "Peak Memory Usage": 168,
                                                                    "Workers": [
                                                                        {
                                                                            "Worker Number": 0,
                                                                            "Actual Startup Time": 2094.613,
                                                                            "Actual Total Time": 2094.627,
                                                                            "Actual Rows": 1,
                                                                            "Actual Loops": 1
                                                                        },
                                                                        {
                                                                            "Worker Number": 1,
                                                                            "Actual Startup Time": 2097.457,
                                                                            "Actual Total Time": 2097.469,
                                                                            "Actual Rows": 3,
                                                                            "Actual Loops": 1
                                                                        },
                                                                        {
                                                                            "Worker Number": 2,
                                                                            "Actual Startup Time": 2095.355,
                                                                            "Actual Total Time": 2095.365,
                                                                            "Actual Rows": 3,
                                                                            "Actual Loops": 1
                                                                        },
                                                                        {
                                                                            "Worker Number": 3,
                                                                            "Actual Startup Time": 2094.7,
                                                                            "Actual Total Time": 2094.712,
                                                                            "Actual Rows": 5,
                                                                            "Actual Loops": 1
                                                                        }
                                                                    ],
                                                                    "Plans": [
                                                                        {
                                                                            "Node Type": "Hash Join",
                                                                            "Parent Relationship": "Outer",
                                                                            "Parallel Aware": true,
                                                                            "Join Type": "Inner",
                                                                            "Startup Cost": 95074.05,
                                                                            "Total Cost": 424045.23,
                                                                            "Plan Rows": 1,
                                                                            "Plan Width": 12,
                                                                            "Actual Startup Time": 605.963,
                                                                            "Actual Total Time": 2095.979,
                                                                            "Actual Rows": 4,
                                                                            "Actual Loops": 5,
                                                                            "Output": [
                                                                                "ci.movie_id",
                                                                                "ci.person_id",
                                                                                "mk.movie_id"
                                                                            ],
                                                                            "Inner Unique": false,
                                                                            "Hash Cond": "(ci.movie_id = mk.movie_id)",
                                                                            "Workers": [
                                                                                {
                                                                                    "Worker Number": 0,
                                                                                    "Actual Startup Time": 771.909,
                                                                                    "Actual Total Time": 2094.315,
                                                                                    "Actual Rows": 1,
                                                                                    "Actual Loops": 1
                                                                                },
                                                                                {
                                                                                    "Worker Number": 1,
                                                                                    "Actual Startup Time": 531.711,
                                                                                    "Actual Total Time": 2097.169,
                                                                                    "Actual Rows": 3,
                                                                                    "Actual Loops": 1
                                                                                },
                                                                                {
                                                                                    "Worker Number": 2,
                                                                                    "Actual Startup Time": 563.62,
                                                                                    "Actual Total Time": 2095.135,
                                                                                    "Actual Rows": 3,
                                                                                    "Actual Loops": 1
                                                                                },
                                                                                {
                                                                                    "Worker Number": 3,
                                                                                    "Actual Startup Time": 597.687,
                                                                                    "Actual Total Time": 2094.624,
                                                                                    "Actual Rows": 5,
                                                                                    "Actual Loops": 1
                                                                                }
                                                                            ],
                                                                            "Plans": [
                                                                                {
                                                                                    "Node Type": "Hash Join",
                                                                                    "Parent Relationship": "Outer",
                                                                                    "Parallel Aware": true,
                                                                                    "Join Type": "Inner",
                                                                                    "Startup Cost": 48226.55,
                                                                                    "Total Cost": 377193.19,
                                                                                    "Plan Rows": 1208,
                                                                                    "Plan Width": 8,
                                                                                    "Actual Startup Time": 238.091,
                                                                                    "Actual Total Time": 1808.449,
                                                                                    "Actual Rows": 48,
                                                                                    "Actual Loops": 5,
                                                                                    "Output": [
                                                                                        "ci.movie_id",
                                                                                        "ci.person_id"
                                                                                    ],
                                                                                    "Inner Unique": true,
                                                                                    "Hash Cond": "(ci.person_role_id = chn.id)",
                                                                                    "Workers": [
                                                                                        {
                                                                                            "Worker Number": 0,
                                                                                            "Actual Startup Time": 234.337,
                                                                                            "Actual Total Time": 1808.411,
                                                                                            "Actual Rows": 39,
                                                                                            "Actual Loops": 1
                                                                                        },
                                                                                        {
                                                                                            "Worker Number": 1,
                                                                                            "Actual Startup Time": 243.19,
                                                                                            "Actual Total Time": 1808.544,
                                                                                            "Actual Rows": 50,
                                                                                            "Actual Loops": 1
                                                                                        },
                                                                                        {
                                                                                            "Worker Number": 2,
                                                                                            "Actual Startup Time": 226.708,
                                                                                            "Actual Total Time": 1808.427,
                                                                                            "Actual Rows": 44,
                                                                                            "Actual Loops": 1
                                                                                        },
                                                                                        {
                                                                                            "Worker Number": 3,
                                                                                            "Actual Startup Time": 235.239,
                                                                                            "Actual Total Time": 1808.503,
                                                                                            "Actual Rows": 46,
                                                                                            "Actual Loops": 1
                                                                                        }
                                                                                    ],
                                                                                    "Plans": [
                                                                                        {
                                                                                            "Node Type": "Seq Scan",
                                                                                            "Parent Relationship": "Outer",
                                                                                            "Parallel Aware": true,
                                                                                            "Relation Name": "cast_info",
                                                                                            "Schema": "public",
                                                                                            "Alias": "ci",
                                                                                            "Startup Cost": 0.0,
                                                                                            "Total Cost": 313106.51,
                                                                                            "Plan Rows": 6041951,
                                                                                            "Plan Width": 12,
                                                                                            "Actual Startup Time": 0.011,
                                                                                            "Actual Total Time": 935.848,
                                                                                            "Actual Rows": 7248869,
                                                                                            "Actual Loops": 5,
                                                                                            "Output": [
                                                                                                "ci.id",
                                                                                                "ci.person_id",
                                                                                                "ci.movie_id",
                                                                                                "ci.person_role_id",
                                                                                                "ci.note",
                                                                                                "ci.nr_order",
                                                                                                "ci.role_id"
                                                                                            ],
                                                                                            "Workers": [
                                                                                                {
                                                                                                    "Worker Number": 0,
                                                                                                    "Actual Startup Time": 0.011,
                                                                                                    "Actual Total Time": 937.294,
                                                                                                    "Actual Rows": 6974080,
                                                                                                    "Actual Loops": 1
                                                                                                },
                                                                                                {
                                                                                                    "Worker Number": 1,
                                                                                                    "Actual Startup Time": 0.008,
                                                                                                    "Actual Total Time": 935.1,
                                                                                                    "Actual Rows": 7295029,
                                                                                                    "Actual Loops": 1
                                                                                                },
                                                                                                {
                                                                                                    "Worker Number": 2,
                                                                                                    "Actual Startup Time": 0.01,
                                                                                                    "Actual Total Time": 935.976,
                                                                                                    "Actual Rows": 7249934,
                                                                                                    "Actual Loops": 1
                                                                                                },
                                                                                                {
                                                                                                    "Worker Number": 3,
                                                                                                    "Actual Startup Time": 0.011,
                                                                                                    "Actual Total Time": 938.748,
                                                                                                    "Actual Rows": 6996306,
                                                                                                    "Actual Loops": 1
                                                                                                }
                                                                                            ]
                                                                                        },
                                                                                        {
                                                                                            "Node Type": "Hash",
                                                                                            "Parent Relationship": "Inner",
                                                                                            "Parallel Aware": true,
                                                                                            "Startup Cost": 48224.58,
                                                                                            "Total Cost": 48224.58,
                                                                                            "Plan Rows": 157,
                                                                                            "Plan Width": 4,
                                                                                            "Actual Startup Time": 206.224,
                                                                                            "Actual Total Time": 206.226,
                                                                                            "Actual Rows": 25,
                                                                                            "Actual Loops": 5,
                                                                                            "Output": [
                                                                                                "chn.id"
                                                                                            ],
                                                                                            "Hash Buckets": 1024,
                                                                                            "Original Hash Buckets": 1024,
                                                                                            "Hash Batches": 1,
                                                                                            "Original Hash Batches": 1,
                                                                                            "Peak Memory Usage": 168,
                                                                                            "Workers": [
                                                                                                {
                                                                                                    "Worker Number": 0,
                                                                                                    "Actual Startup Time": 206.164,
                                                                                                    "Actual Total Time": 206.168,
                                                                                                    "Actual Rows": 19,
                                                                                                    "Actual Loops": 1
                                                                                                },
                                                                                                {
                                                                                                    "Worker Number": 1,
                                                                                                    "Actual Startup Time": 206.333,
                                                                                                    "Actual Total Time": 206.335,
                                                                                                    "Actual Rows": 33,
                                                                                                    "Actual Loops": 1
                                                                                                },
                                                                                                {
                                                                                                    "Worker Number": 2,
                                                                                                    "Actual Startup Time": 206.13,
                                                                                                    "Actual Total Time": 206.132,
                                                                                                    "Actual Rows": 26,
                                                                                                    "Actual Loops": 1
                                                                                                },
                                                                                                {
                                                                                                    "Worker Number": 3,
                                                                                                    "Actual Startup Time": 206.321,
                                                                                                    "Actual Total Time": 206.324,
                                                                                                    "Actual Rows": 22,
                                                                                                    "Actual Loops": 1
                                                                                                }
                                                                                            ],
                                                                                            "Plans": [
                                                                                                {
                                                                                                    "Node Type": "Seq Scan",
                                                                                                    "Parent Relationship": "Outer",
                                                                                                    "Parallel Aware": true,
                                                                                                    "Relation Name": "char_name",
                                                                                                    "Schema": "public",
                                                                                                    "Alias": "chn",
                                                                                                    "Startup Cost": 0.0,
                                                                                                    "Total Cost": 48224.58,
                                                                                                    "Plan Rows": 157,
                                                                                                    "Plan Width": 4,
                                                                                                    "Actual Startup Time": 10.604,
                                                                                                    "Actual Total Time": 206.133,
                                                                                                    "Actual Rows": 25,
                                                                                                    "Actual Loops": 5,
                                                                                                    "Output": [
                                                                                                        "chn.id"
                                                                                                    ],
                                                                                                    "Filter": "((chn.name IS NOT NULL) AND ((chn.name ~~ '%Wicked%'::text) OR (chn.name ~~ '%Wazir%'::text)))",
                                                                                                    "Rows Removed by Filter": 628043,
                                                                                                    "Workers": [
                                                                                                        {
                                                                                                            "Worker Number": 0,
                                                                                                            "Actual Startup Time": 15.836,
                                                                                                            "Actual Total Time": 206.097,
                                                                                                            "Actual Rows": 19,
                                                                                                            "Actual Loops": 1
                                                                                                        },
                                                                                                        {
                                                                                                            "Worker Number": 1,
                                                                                                            "Actual Startup Time": 9.713,
                                                                                                            "Actual Total Time": 206.207,
                                                                                                            "Actual Rows": 33,
                                                                                                            "Actual Loops": 1
                                                                                                        },
                                                                                                        {
                                                                                                            "Worker Number": 2,
                                                                                                            "Actual Startup Time": 6.325,
                                                                                                            "Actual Total Time": 206.068,
                                                                                                            "Actual Rows": 26,
                                                                                                            "Actual Loops": 1
                                                                                                        },
                                                                                                        {
                                                                                                            "Worker Number": 3,
                                                                                                            "Actual Startup Time": 6.638,
                                                                                                            "Actual Total Time": 206.206,
                                                                                                            "Actual Rows": 22,
                                                                                                            "Actual Loops": 1
                                                                                                        }
                                                                                                    ]
                                                                                                }
                                                                                            ]
                                                                                        }
                                                                                    ]
                                                                                },
                                                                                {
                                                                                    "Node Type": "Hash",
                                                                                    "Parent Relationship": "Inner",
                                                                                    "Parallel Aware": true,
                                                                                    "Startup Cost": 46846.14,
                                                                                    "Total Cost": 46846.14,
                                                                                    "Plan Rows": 109,
                                                                                    "Plan Width": 4,
                                                                                    "Actual Startup Time": 287.229,
                                                                                    "Actual Total Time": 287.232,
                                                                                    "Actual Rows": 8636,
                                                                                    "Actual Loops": 5,
                                                                                    "Output": [
                                                                                        "mk.movie_id"
                                                                                    ],
                                                                                    "Hash Buckets": 65536,
                                                                                    "Original Hash Buckets": 1024,
                                                                                    "Hash Batches": 1,
                                                                                    "Original Hash Batches": 1,
                                                                                    "Peak Memory Usage": 2776,
                                                                                    "Workers": [
                                                                                        {
                                                                                            "Worker Number": 0,
                                                                                            "Actual Startup Time": 285.563,
                                                                                            "Actual Total Time": 285.566,
                                                                                            "Actual Rows": 8608,
                                                                                            "Actual Loops": 1
                                                                                        },
                                                                                        {
                                                                                            "Worker Number": 1,
                                                                                            "Actual Startup Time": 288.474,
                                                                                            "Actual Total Time": 288.477,
                                                                                            "Actual Rows": 8703,
                                                                                            "Actual Loops": 1
                                                                                        },
                                                                                        {
                                                                                            "Worker Number": 2,
                                                                                            "Actual Startup Time": 286.391,
                                                                                            "Actual Total Time": 286.394,
                                                                                            "Actual Rows": 7838,
                                                                                            "Actual Loops": 1
                                                                                        },
                                                                                        {
                                                                                            "Worker Number": 3,
                                                                                            "Actual Startup Time": 285.784,
                                                                                            "Actual Total Time": 285.789,
                                                                                            "Actual Rows": 8600,
                                                                                            "Actual Loops": 1
                                                                                        }
                                                                                    ],
                                                                                    "Plans": [
                                                                                        {
                                                                                            "Node Type": "Hash Join",
                                                                                            "Parent Relationship": "Outer",
                                                                                            "Parallel Aware": false,
                                                                                            "Join Type": "Inner",
                                                                                            "Startup Cost": 3967.95,
                                                                                            "Total Cost": 46846.14,
                                                                                            "Plan Rows": 109,
                                                                                            "Plan Width": 4,
                                                                                            "Actual Startup Time": 40.541,
                                                                                            "Actual Total Time": 242.347,
                                                                                            "Actual Rows": 8636,
                                                                                            "Actual Loops": 5,
                                                                                            "Output": [
                                                                                                "mk.movie_id"
                                                                                            ],
                                                                                            "Inner Unique": true,
                                                                                            "Hash Cond": "(mk.keyword_id = k.id)",
                                                                                            "Workers": [
                                                                                                {
                                                                                                    "Worker Number": 0,
                                                                                                    "Actual Startup Time": 41.333,
                                                                                                    "Actual Total Time": 239.34,
                                                                                                    "Actual Rows": 8608,
                                                                                                    "Actual Loops": 1
                                                                                                },
                                                                                                {
                                                                                                    "Worker Number": 1,
                                                                                                    "Actual Startup Time": 40.082,
                                                                                                    "Actual Total Time": 239.261,
                                                                                                    "Actual Rows": 8703,
                                                                                                    "Actual Loops": 1
                                                                                                },
                                                                                                {
                                                                                                    "Worker Number": 2,
                                                                                                    "Actual Startup Time": 39.55,
                                                                                                    "Actual Total Time": 228.238,
                                                                                                    "Actual Rows": 7838,
                                                                                                    "Actual Loops": 1
                                                                                                },
                                                                                                {
                                                                                                    "Worker Number": 3,
                                                                                                    "Actual Startup Time": 41.027,
                                                                                                    "Actual Total Time": 240.682,
                                                                                                    "Actual Rows": 8600,
                                                                                                    "Actual Loops": 1
                                                                                                }
                                                                                            ],
                                                                                            "Plans": [
                                                                                                {
                                                                                                    "Node Type": "Seq Scan",
                                                                                                    "Parent Relationship": "Outer",
                                                                                                    "Parallel Aware": true,
                                                                                                    "Relation Name": "movie_keyword",
                                                                                                    "Schema": "public",
                                                                                                    "Alias": "mk",
                                                                                                    "Startup Cost": 0.0,
                                                                                                    "Total Cost": 39047.32,
                                                                                                    "Plan Rows": 1459332,
                                                                                                    "Plan Width": 8,
                                                                                                    "Actual Startup Time": 0.031,
                                                                                                    "Actual Total Time": 109.091,
                                                                                                    "Actual Rows": 904786,
                                                                                                    "Actual Loops": 5,
                                                                                                    "Output": [
                                                                                                        "mk.id",
                                                                                                        "mk.movie_id",
                                                                                                        "mk.keyword_id"
                                                                                                    ],
                                                                                                    "Workers": [
                                                                                                        {
                                                                                                            "Worker Number": 0,
                                                                                                            "Actual Startup Time": 0.039,
                                                                                                            "Actual Total Time": 108.058,
                                                                                                            "Actual Rows": 881525,
                                                                                                            "Actual Loops": 1
                                                                                                        },
                                                                                                        {
                                                                                                            "Worker Number": 1,
                                                                                                            "Actual Startup Time": 0.038,
                                                                                                            "Actual Total Time": 108.022,
                                                                                                            "Actual Rows": 897745,
                                                                                                            "Actual Loops": 1
                                                                                                        },
                                                                                                        {
                                                                                                            "Worker Number": 2,
                                                                                                            "Actual Startup Time": 0.034,
                                                                                                            "Actual Total Time": 101.933,
                                                                                                            "Actual Rows": 802900,
                                                                                                            "Actual Loops": 1
                                                                                                        },
                                                                                                        {
                                                                                                            "Worker Number": 3,
                                                                                                            "Actual Startup Time": 0.035,
                                                                                                            "Actual Total Time": 108.383,
                                                                                                            "Actual Rows": 889850,
                                                                                                            "Actual Loops": 1
                                                                                                        }
                                                                                                    ]
                                                                                                },
                                                                                                {
                                                                                                    "Node Type": "Hash",
                                                                                                    "Parent Relationship": "Inner",
                                                                                                    "Parallel Aware": false,
                                                                                                    "Startup Cost": 3967.82,
                                                                                                    "Total Cost": 3967.82,
                                                                                                    "Plan Rows": 10,
                                                                                                    "Plan Width": 4,
                                                                                                    "Actual Startup Time": 40.326,
                                                                                                    "Actual Total Time": 40.327,
                                                                                                    "Actual Rows": 9,
                                                                                                    "Actual Loops": 5,
                                                                                                    "Output": [
                                                                                                        "k.id"
                                                                                                    ],
                                                                                                    "Hash Buckets": 1024,
                                                                                                    "Original Hash Buckets": 1024,
                                                                                                    "Hash Batches": 1,
                                                                                                    "Original Hash Batches": 1,
                                                                                                    "Peak Memory Usage": 9,
                                                                                                    "Workers": [
                                                                                                        {
                                                                                                            "Worker Number": 0,
                                                                                                            "Actual Startup Time": 40.726,
                                                                                                            "Actual Total Time": 40.727,
                                                                                                            "Actual Rows": 9,
                                                                                                            "Actual Loops": 1
                                                                                                        },
                                                                                                        {
                                                                                                            "Worker Number": 1,
                                                                                                            "Actual Startup Time": 39.94,
                                                                                                            "Actual Total Time": 39.941,
                                                                                                            "Actual Rows": 9,
                                                                                                            "Actual Loops": 1
                                                                                                        },
                                                                                                        {
                                                                                                            "Worker Number": 2,
                                                                                                            "Actual Startup Time": 39.35,
                                                                                                            "Actual Total Time": 39.351,
                                                                                                            "Actual Rows": 9,
                                                                                                            "Actual Loops": 1
                                                                                                        },
                                                                                                        {
                                                                                                            "Worker Number": 3,
                                                                                                            "Actual Startup Time": 40.962,
                                                                                                            "Actual Total Time": 40.964,
                                                                                                            "Actual Rows": 9,
                                                                                                            "Actual Loops": 1
                                                                                                        }
                                                                                                    ],
                                                                                                    "Plans": [
                                                                                                        {
                                                                                                            "Node Type": "Seq Scan",
                                                                                                            "Parent Relationship": "Outer",
                                                                                                            "Parallel Aware": false,
                                                                                                            "Relation Name": "keyword",
                                                                                                            "Schema": "public",
                                                                                                            "Alias": "k",
                                                                                                            "Startup Cost": 0.0,
                                                                                                            "Total Cost": 3967.82,
                                                                                                            "Plan Rows": 10,
                                                                                                            "Plan Width": 4,
                                                                                                            "Actual Startup Time": 0.178,
                                                                                                            "Actual Total Time": 40.312,
                                                                                                            "Actual Rows": 9,
                                                                                                            "Actual Loops": 5,
                                                                                                            "Output": [
                                                                                                                "k.id"
                                                                                                            ],
                                                                                                            "Filter": "(k.keyword = ANY ('{death,murder,violence,\"10,000-mile-club\",marvel-comics,violence,based-on-comic,claw,superhero,1001-nights}'::text[]))",
                                                                                                            "Rows Removed by Filter": 134161,
                                                                                                            "Workers": [
                                                                                                                {
                                                                                                                    "Worker Number": 0,
                                                                                                                    "Actual Startup Time": 0.181,
                                                                                                                    "Actual Total Time": 40.712,
                                                                                                                    "Actual Rows": 9,
                                                                                                                    "Actual Loops": 1
                                                                                                                },
                                                                                                                {
                                                                                                                    "Worker Number": 1,
                                                                                                                    "Actual Startup Time": 0.181,
                                                                                                                    "Actual Total Time": 39.927,
                                                                                                                    "Actual Rows": 9,
                                                                                                                    "Actual Loops": 1
                                                                                                                },
                                                                                                                {
                                                                                                                    "Worker Number": 2,
                                                                                                                    "Actual Startup Time": 0.175,
                                                                                                                    "Actual Total Time": 39.337,
                                                                                                                    "Actual Rows": 9,
                                                                                                                    "Actual Loops": 1
                                                                                                                },
                                                                                                                {
                                                                                                                    "Worker Number": 3,
                                                                                                                    "Actual Startup Time": 0.193,
                                                                                                                    "Actual Total Time": 40.948,
                                                                                                                    "Actual Rows": 9,
                                                                                                                    "Actual Loops": 1
                                                                                                                }
                                                                                                            ]
                                                                                                        }
                                                                                                    ]
                                                                                                }
                                                                                            ]
                                                                                        }
                                                                                    ]
                                                                                }
                                                                            ]
                                                                        }
                                                                    ]
                                                                }
                                                            ]
                                                        },
                                                        {
                                                            "Node Type": "Hash",
                                                            "Parent Relationship": "Inner",
                                                            "Parallel Aware": false,
                                                            "Startup Cost": 2996.88,
                                                            "Total Cost": 2996.88,
                                                            "Plan Rows": 8443,
                                                            "Plan Width": 4,
                                                            "Actual Startup Time": 84.065,
                                                            "Actual Total Time": 84.071,
                                                            "Actual Rows": 85941,
                                                            "Actual Loops": 5,
                                                            "Output": [
                                                                "cc.movie_id"
                                                            ],
                                                            "Hash Buckets": 131072,
                                                            "Original Hash Buckets": 16384,
                                                            "Hash Batches": 1,
                                                            "Original Hash Batches": 1,
                                                            "Peak Memory Usage": 4046,
                                                            "Workers": [
                                                                {
                                                                    "Worker Number": 0,
                                                                    "Actual Startup Time": 83.291,
                                                                    "Actual Total Time": 83.299,
                                                                    "Actual Rows": 85941,
                                                                    "Actual Loops": 1
                                                                },
                                                                {
                                                                    "Worker Number": 1,
                                                                    "Actual Startup Time": 81.014,
                                                                    "Actual Total Time": 81.021,
                                                                    "Actual Rows": 85941,
                                                                    "Actual Loops": 1
                                                                },
                                                                {
                                                                    "Worker Number": 2,
                                                                    "Actual Startup Time": 82.972,
                                                                    "Actual Total Time": 82.978,
                                                                    "Actual Rows": 85941,
                                                                    "Actual Loops": 1
                                                                },
                                                                {
                                                                    "Worker Number": 3,
                                                                    "Actual Startup Time": 83.988,
                                                                    "Actual Total Time": 83.994,
                                                                    "Actual Rows": 85941,
                                                                    "Actual Loops": 1
                                                                }
                                                            ],
                                                            "Plans": [
                                                                {
                                                                    "Node Type": "Hash Join",
                                                                    "Parent Relationship": "Outer",
                                                                    "Parallel Aware": false,
                                                                    "Join Type": "Inner",
                                                                    "Startup Cost": 2.12,
                                                                    "Total Cost": 2996.88,
                                                                    "Plan Rows": 8443,
                                                                    "Plan Width": 4,
                                                                    "Actual Startup Time": 0.316,
                                                                    "Actual Total Time": 63.51,
                                                                    "Actual Rows": 85941,
                                                                    "Actual Loops": 5,
                                                                    "Output": [
                                                                        "cc.movie_id"
                                                                    ],
                                                                    "Inner Unique": true,
                                                                    "Hash Cond": "(cc.status_id = cct2.id)",
                                                                    "Workers": [
                                                                        {
                                                                            "Worker Number": 0,
                                                                            "Actual Startup Time": 0.354,
                                                                            "Actual Total Time": 62.542,
                                                                            "Actual Rows": 85941,
                                                                            "Actual Loops": 1
                                                                        },
                                                                        {
                                                                            "Worker Number": 1,
                                                                            "Actual Startup Time": 0.262,
                                                                            "Actual Total Time": 61.218,
                                                                            "Actual Rows": 85941,
                                                                            "Actual Loops": 1
                                                                        },
                                                                        {
                                                                            "Worker Number": 2,
                                                                            "Actual Startup Time": 0.336,
                                                                            "Actual Total Time": 62.361,
                                                                            "Actual Rows": 85941,
                                                                            "Actual Loops": 1
                                                                        },
                                                                        {
                                                                            "Worker Number": 3,
                                                                            "Actual Startup Time": 0.348,
                                                                            "Actual Total Time": 63.286,
                                                                            "Actual Rows": 85941,
                                                                            "Actual Loops": 1
                                                                        }
                                                                    ],
                                                                    "Plans": [
                                                                        {
                                                                            "Node Type": "Hash Join",
                                                                            "Parent Relationship": "Outer",
                                                                            "Parallel Aware": false,
                                                                            "Join Type": "Inner",
                                                                            "Startup Cost": 1.06,
                                                                            "Total Cost": 2813.24,
                                                                            "Plan Rows": 33772,
                                                                            "Plan Width": 8,
                                                                            "Actual Startup Time": 0.157,
                                                                            "Actual Total Time": 45.684,
                                                                            "Actual Rows": 85941,
                                                                            "Actual Loops": 5,
                                                                            "Output": [
                                                                                "cc.movie_id",
                                                                                "cc.status_id"
                                                                            ],
                                                                            "Inner Unique": true,
                                                                            "Hash Cond": "(cc.subject_id = cct1.id)",
                                                                            "Workers": [
                                                                                {
                                                                                    "Worker Number": 0,
                                                                                    "Actual Startup Time": 0.174,
                                                                                    "Actual Total Time": 44.613,
                                                                                    "Actual Rows": 85941,
                                                                                    "Actual Loops": 1
                                                                                },
                                                                                {
                                                                                    "Worker Number": 1,
                                                                                    "Actual Startup Time": 0.128,
                                                                                    "Actual Total Time": 43.86,
                                                                                    "Actual Rows": 85941,
                                                                                    "Actual Loops": 1
                                                                                },
                                                                                {
                                                                                    "Worker Number": 2,
                                                                                    "Actual Startup Time": 0.165,
                                                                                    "Actual Total Time": 44.737,
                                                                                    "Actual Rows": 85941,
                                                                                    "Actual Loops": 1
                                                                                },
                                                                                {
                                                                                    "Worker Number": 3,
                                                                                    "Actual Startup Time": 0.172,
                                                                                    "Actual Total Time": 45.341,
                                                                                    "Actual Rows": 85941,
                                                                                    "Actual Loops": 1
                                                                                }
                                                                            ],
                                                                            "Plans": [
                                                                                {
                                                                                    "Node Type": "Seq Scan",
                                                                                    "Parent Relationship": "Outer",
                                                                                    "Parallel Aware": false,
                                                                                    "Relation Name": "complete_cast",
                                                                                    "Schema": "public",
                                                                                    "Alias": "cc",
                                                                                    "Startup Cost": 0.0,
                                                                                    "Total Cost": 2081.86,
                                                                                    "Plan Rows": 135086,
                                                                                    "Plan Width": 12,
                                                                                    "Actual Startup Time": 0.072,
                                                                                    "Actual Total Time": 18.415,
                                                                                    "Actual Rows": 135086,
                                                                                    "Actual Loops": 5,
                                                                                    "Output": [
                                                                                        "cc.id",
                                                                                        "cc.movie_id",
                                                                                        "cc.subject_id",
                                                                                        "cc.status_id"
                                                                                    ],
                                                                                    "Workers": [
                                                                                        {
                                                                                            "Worker Number": 0,
                                                                                            "Actual Startup Time": 0.081,
                                                                                            "Actual Total Time": 17.626,
                                                                                            "Actual Rows": 135086,
                                                                                            "Actual Loops": 1
                                                                                        },
                                                                                        {
                                                                                            "Worker Number": 1,
                                                                                            "Actual Startup Time": 0.061,
                                                                                            "Actual Total Time": 17.135,
                                                                                            "Actual Rows": 135086,
                                                                                            "Actual Loops": 1
                                                                                        },
                                                                                        {
                                                                                            "Worker Number": 2,
                                                                                            "Actual Startup Time": 0.074,
                                                                                            "Actual Total Time": 17.596,
                                                                                            "Actual Rows": 135086,
                                                                                            "Actual Loops": 1
                                                                                        },
                                                                                        {
                                                                                            "Worker Number": 3,
                                                                                            "Actual Startup Time": 0.08,
                                                                                            "Actual Total Time": 18.401,
                                                                                            "Actual Rows": 135086,
                                                                                            "Actual Loops": 1
                                                                                        }
                                                                                    ]
                                                                                },
                                                                                {
                                                                                    "Node Type": "Hash",
                                                                                    "Parent Relationship": "Inner",
                                                                                    "Parallel Aware": false,
                                                                                    "Startup Cost": 1.05,
                                                                                    "Total Cost": 1.05,
                                                                                    "Plan Rows": 1,
                                                                                    "Plan Width": 4,
                                                                                    "Actual Startup Time": 0.029,
                                                                                    "Actual Total Time": 0.03,
                                                                                    "Actual Rows": 1,
                                                                                    "Actual Loops": 5,
                                                                                    "Output": [
                                                                                        "cct1.id"
                                                                                    ],
                                                                                    "Hash Buckets": 1024,
                                                                                    "Original Hash Buckets": 1024,
                                                                                    "Hash Batches": 1,
                                                                                    "Original Hash Batches": 1,
                                                                                    "Peak Memory Usage": 9,
                                                                                    "Workers": [
                                                                                        {
                                                                                            "Worker Number": 0,
                                                                                            "Actual Startup Time": 0.032,
                                                                                            "Actual Total Time": 0.032,
                                                                                            "Actual Rows": 1,
                                                                                            "Actual Loops": 1
                                                                                        },
                                                                                        {
                                                                                            "Worker Number": 1,
                                                                                            "Actual Startup Time": 0.024,
                                                                                            "Actual Total Time": 0.024,
                                                                                            "Actual Rows": 1,
                                                                                            "Actual Loops": 1
                                                                                        },
                                                                                        {
                                                                                            "Worker Number": 2,
                                                                                            "Actual Startup Time": 0.031,
                                                                                            "Actual Total Time": 0.032,
                                                                                            "Actual Rows": 1,
                                                                                            "Actual Loops": 1
                                                                                        },
                                                                                        {
                                                                                            "Worker Number": 3,
                                                                                            "Actual Startup Time": 0.032,
                                                                                            "Actual Total Time": 0.033,
                                                                                            "Actual Rows": 1,
                                                                                            "Actual Loops": 1
                                                                                        }
                                                                                    ],
                                                                                    "Plans": [
                                                                                        {
                                                                                            "Node Type": "Seq Scan",
                                                                                            "Parent Relationship": "Outer",
                                                                                            "Parallel Aware": false,
                                                                                            "Relation Name": "comp_cast_type",
                                                                                            "Schema": "public",
                                                                                            "Alias": "cct1",
                                                                                            "Startup Cost": 0.0,
                                                                                            "Total Cost": 1.05,
                                                                                            "Plan Rows": 1,
                                                                                            "Plan Width": 4,
                                                                                            "Actual Startup Time": 0.012,
                                                                                            "Actual Total Time": 0.016,
                                                                                            "Actual Rows": 1,
                                                                                            "Actual Loops": 5,
                                                                                            "Output": [
                                                                                                "cct1.id"
                                                                                            ],
                                                                                            "Filter": "((cct1.kind)::text = 'cast'::text)",
                                                                                            "Rows Removed by Filter": 3,
                                                                                            "Workers": [
                                                                                                {
                                                                                                    "Worker Number": 0,
                                                                                                    "Actual Startup Time": 0.013,
                                                                                                    "Actual Total Time": 0.017,
                                                                                                    "Actual Rows": 1,
                                                                                                    "Actual Loops": 1
                                                                                                },
                                                                                                {
                                                                                                    "Worker Number": 1,
                                                                                                    "Actual Startup Time": 0.01,
                                                                                                    "Actual Total Time": 0.013,
                                                                                                    "Actual Rows": 1,
                                                                                                    "Actual Loops": 1
                                                                                                },
                                                                                                {
                                                                                                    "Worker Number": 2,
                                                                                                    "Actual Startup Time": 0.013,
                                                                                                    "Actual Total Time": 0.017,
                                                                                                    "Actual Rows": 1,
                                                                                                    "Actual Loops": 1
                                                                                                },
                                                                                                {
                                                                                                    "Worker Number": 3,
                                                                                                    "Actual Startup Time": 0.013,
                                                                                                    "Actual Total Time": 0.017,
                                                                                                    "Actual Rows": 1,
                                                                                                    "Actual Loops": 1
                                                                                                }
                                                                                            ]
                                                                                        }
                                                                                    ]
                                                                                }
                                                                            ]
                                                                        },
                                                                        {
                                                                            "Node Type": "Hash",
                                                                            "Parent Relationship": "Inner",
                                                                            "Parallel Aware": false,
                                                                            "Startup Cost": 1.05,
                                                                            "Total Cost": 1.05,
                                                                            "Plan Rows": 1,
                                                                            "Plan Width": 4,
                                                                            "Actual Startup Time": 0.105,
                                                                            "Actual Total Time": 0.107,
                                                                            "Actual Rows": 2,
                                                                            "Actual Loops": 5,
                                                                            "Output": [
                                                                                "cct2.id"
                                                                            ],
                                                                            "Hash Buckets": 1024,
                                                                            "Original Hash Buckets": 1024,
                                                                            "Hash Batches": 1,
                                                                            "Original Hash Batches": 1,
                                                                            "Peak Memory Usage": 9,
                                                                            "Workers": [
                                                                                {
                                                                                    "Worker Number": 0,
                                                                                    "Actual Startup Time": 0.13,
                                                                                    "Actual Total Time": 0.133,
                                                                                    "Actual Rows": 2,
                                                                                    "Actual Loops": 1
                                                                                },
                                                                                {
                                                                                    "Worker Number": 1,
                                                                                    "Actual Startup Time": 0.098,
                                                                                    "Actual Total Time": 0.099,
                                                                                    "Actual Rows": 2,
                                                                                    "Actual Loops": 1
                                                                                },
                                                                                {
                                                                                    "Worker Number": 2,
                                                                                    "Actual Startup Time": 0.121,
                                                                                    "Actual Total Time": 0.122,
                                                                                    "Actual Rows": 2,
                                                                                    "Actual Loops": 1
                                                                                },
                                                                                {
                                                                                    "Worker Number": 3,
                                                                                    "Actual Startup Time": 0.126,
                                                                                    "Actual Total Time": 0.127,
                                                                                    "Actual Rows": 2,
                                                                                    "Actual Loops": 1
                                                                                }
                                                                            ],
                                                                            "Plans": [
                                                                                {
                                                                                    "Node Type": "Seq Scan",
                                                                                    "Parent Relationship": "Outer",
                                                                                    "Parallel Aware": false,
                                                                                    "Relation Name": "comp_cast_type",
                                                                                    "Schema": "public",
                                                                                    "Alias": "cct2",
                                                                                    "Startup Cost": 0.0,
                                                                                    "Total Cost": 1.05,
                                                                                    "Plan Rows": 1,
                                                                                    "Plan Width": 4,
                                                                                    "Actual Startup Time": 0.075,
                                                                                    "Actual Total Time": 0.079,
                                                                                    "Actual Rows": 2,
                                                                                    "Actual Loops": 5,
                                                                                    "Output": [
                                                                                        "cct2.id"
                                                                                    ],
                                                                                    "Filter": "((cct2.kind)::text ~~ '%complete%'::text)",
                                                                                    "Rows Removed by Filter": 2,
                                                                                    "Workers": [
                                                                                        {
                                                                                            "Worker Number": 0,
                                                                                            "Actual Startup Time": 0.095,
                                                                                            "Actual Total Time": 0.099,
                                                                                            "Actual Rows": 2,
                                                                                            "Actual Loops": 1
                                                                                        },
                                                                                        {
                                                                                            "Worker Number": 1,
                                                                                            "Actual Startup Time": 0.073,
                                                                                            "Actual Total Time": 0.077,
                                                                                            "Actual Rows": 2,
                                                                                            "Actual Loops": 1
                                                                                        },
                                                                                        {
                                                                                            "Worker Number": 2,
                                                                                            "Actual Startup Time": 0.086,
                                                                                            "Actual Total Time": 0.09,
                                                                                            "Actual Rows": 2,
                                                                                            "Actual Loops": 1
                                                                                        },
                                                                                        {
                                                                                            "Worker Number": 3,
                                                                                            "Actual Startup Time": 0.093,
                                                                                            "Actual Total Time": 0.097,
                                                                                            "Actual Rows": 2,
                                                                                            "Actual Loops": 1
                                                                                        }
                                                                                    ]
                                                                                }
                                                                            ]
                                                                        }
                                                                    ]
                                                                }
                                                            ]
                                                        }
                                                    ]
                                                }
                                            ]
                                        }
                                    ]
                                }
                            ]
                        },
                        {
                            "Node Type": "Hash",
                            "Parent Relationship": "Inner",
                            "Parallel Aware": false,
                            "Startup Cost": 1.09,
                            "Total Cost": 1.09,
                            "Plan Rows": 1,
                            "Plan Width": 4,
                            "Actual Startup Time": 0.047,
                            "Actual Total Time": 0.051,
                            "Actual Rows": 1,
                            "Actual Loops": 1,
                            "Output": [
                                "kt.id"
                            ],
                            "Hash Buckets": 1024,
                            "Original Hash Buckets": 1024,
                            "Hash Batches": 1,
                            "Original Hash Batches": 1,
                            "Peak Memory Usage": 9,
                            "Plans": [
                                {
                                    "Node Type": "Seq Scan",
                                    "Parent Relationship": "Outer",
                                    "Parallel Aware": false,
                                    "Relation Name": "kind_type",
                                    "Schema": "public",
                                    "Alias": "kt",
                                    "Startup Cost": 0.0,
                                    "Total Cost": 1.09,
                                    "Plan Rows": 1,
                                    "Plan Width": 4,
                                    "Actual Startup Time": 0.026,
                                    "Actual Total Time": 0.032,
                                    "Actual Rows": 1,
                                    "Actual Loops": 1,
                                    "Output": [
                                        "kt.id"
                                    ],
                                    "Filter": "((kt.kind)::text = 'movie'::text)",
                                    "Rows Removed by Filter": 6
                                }
                            ]
                        }
                    ]
                }
            ]
        },
        "Planning Time": 2160.585,
        "Triggers": [],
        "Execution Time": 2676.8
    }
]