[
  {
    "Plan": {
      "Node Type": "Aggregate",
      "Strategy": "Plain",
      "Partial Mode": "Finalize",
      "Parallel Aware": false,
      "Startup Cost": 293861.79,
      "Total Cost": 293861.8,
      "Plan Rows": 1,
      "Plan Width": 8,
      "Actual Startup Time": 1184.569,
      "Actual Total Time": 1210.907,
      "Actual Rows": 1,
      "Actual Loops": 1,
      "Plans": [
        {
          "Node Type": "Gather",
          "Parent Relationship": "Outer",
          "Parallel Aware": false,
          "Startup Cost": 293861.27,
          "Total Cost": 293861.78,
          "Plan Rows": 5,
          "Plan Width": 8,
          "Actual Startup Time": 1178.484,
          "Actual Total Time": 1210.9,
          "Actual Rows": 6,
          "Actual Loops": 1,
          "Workers Planned": 5,
          "Workers Launched": 5,
          "Single Copy": false,
          "Plans": [
            {
              "Node Type": "Aggregate",
              "Strategy": "Plain",
              "Partial Mode": "Partial",
              "Parent Relationship": "Outer",
              "Parallel Aware": false,
              "Startup Cost": 292861.27,
              "Total Cost": 292861.28,
              "Plan Rows": 1,
              "Plan Width": 8,
              "Actual Startup Time": 1170.716,
              "Actual Total Time": 1170.876,
              "Actual Rows": 1,
              "Actual Loops": 6,
              "Plans": [
                {
                  "Node Type": "Hash Join",
                  "Parent Relationship": "Outer",
                  "Parallel Aware": true,
                  "Join Type": "Inner",
                  "Startup Cost": 84625.8,
                  "Total Cost": 290028.29,
                  "Plan Rows": 1133192,
                  "Plan Width": 0,
                  "Actual Startup Time": 302.621,
                  "Actual Total Time": 1102.792,
                  "Actual Rows": 1547472,
                  "Actual Loops": 6,
                  "Inner Unique": false,
                  "Hash Cond": "(mi.movie_id = t.id)",
                  "Plans": [
                    {
                      "Node Type": "Seq Scan",
                      "Parent Relationship": "Outer",
                      "Parallel Aware": true,
                      "Relation Name": "movie_info",
                      "Alias": "mi",
                      "Startup Cost": 0.0,
                      "Total Cost": 191503.19,
                      "Plan Rows": 2951019,
                      "Plan Width": 4,
                      "Actual Startup Time": 0.015,
                      "Actual Total Time": 270.806,
                      "Actual Rows": 2472620,
                      "Actual Loops": 6
                    },
                    {
                      "Node Type": "Hash",
                      "Parent Relationship": "Inner",
                      "Parallel Aware": true,
                      "Startup Cost": 81591.81,
                      "Total Cost": 81591.81,
                      "Plan Rows": 242719,
                      "Plan Width": 8,
                      "Actual Startup Time": 299.604,
                      "Actual Total Time": 299.762,
                      "Actual Rows": 111014,
                      "Actual Loops": 6,
                      "Hash Buckets": 1048576,
                      "Original Hash Buckets": 1048576,
                      "Hash Batches": 1,
                      "Original Hash Batches": 1,
                      "Peak Memory Usage": 34368,
                      "Plans": [
                        {
                          "Node Type": "Hash Join",
                          "Parent Relationship": "Outer",
                          "Parallel Aware": true,
                          "Join Type": "Inner",
                          "Startup Cost": 35329.64,
                          "Total Cost": 81591.81,
                          "Plan Rows": 242719,
                          "Plan Width": 8,
                          "Actual Startup Time": 100.831,
                          "Actual Total Time": 261.951,
                          "Actual Rows": 111014,
                          "Actual Loops": 6,
                          "Inner Unique": false,
                          "Hash Cond": "(t.id = mc.movie_id)",
                          "Plans": [
                            {
                              "Node Type": "Seq Scan",
                              "Parent Relationship": "Outer",
                              "Parallel Aware": true,
                              "Relation Name": "title",
                              "Alias": "t",
                              "Startup Cost": 0.0,
                              "Total Cost": 42318.81,
                              "Plan Rows": 632080,
                              "Plan Width": 4,
                              "Actual Startup Time": 0.013,
                              "Actual Total Time": 52.879,
                              "Actual Rows": 421385,
                              "Actual Loops": 6
                            },
                            {
                              "Node Type": "Hash",
                              "Parent Relationship": "Inner",
                              "Parallel Aware": true,
                              "Startup Cost": 31414.82,
                              "Total Cost": 31414.82,
                              "Plan Rows": 313186,
                              "Plan Width": 4,
                              "Actual Startup Time": 99.667,
                              "Actual Total Time": 99.669,
                              "Actual Rows": 111014,
                              "Actual Loops": 6,
                              "Hash Buckets": 1048576,
                              "Original Hash Buckets": 1048576,
                              "Hash Batches": 1,
                              "Original Hash Batches": 1,
                              "Peak Memory Usage": 34336,
                              "Plans": [
                                {
                                  "Node Type": "Seq Scan",
                                  "Parent Relationship": "Outer",
                                  "Parallel Aware": true,
                                  "Relation Name": "movie_companies",
                                  "Alias": "mc",
                                  "Startup Cost": 0.0,
                                  "Total Cost": 31414.82,
                                  "Plan Rows": 313186,
                                  "Plan Width": 4,
                                  "Actual Startup Time": 35.429,
                                  "Actual Total Time": 62.098,
                                  "Actual Rows": 111014,
                                  "Actual Loops": 6,
                                  "Filter": "((company_id < 44832) AND (company_type_id = 2))",
                                  "Rows Removed by Filter": 323841
                                }
                              ]
                            }
                          ]
                        }
                      ]
                    }
                  ]
                }
              ]
            }
          ]
        }
      ]
    },
    "Planning Time": 0.424,
    "Triggers": [],
    "Execution Time": 1210.958
  }
]