{
  "Plan": {
    "Node Type": "Aggregate",
    "Strategy": "Plain",
    "Partial Mode": "Finalize",
    "Parallel Aware": false,
    "Startup Cost": 119082.15,
    "Total Cost": 119082.16,
    "Plan Rows": 1,
    "Plan Width": 8,
    "Actual Startup Time": 476.291,
    "Actual Total Time": 489.461,
    "Actual Rows": 1,
    "Actual Loops": 1,
    "Plans": [
      {
        "Node Type": "Gather",
        "Parent Relationship": "Outer",
        "Parallel Aware": false,
        "Startup Cost": 119082.04,
        "Total Cost": 119082.15,
        "Plan Rows": 1,
        "Plan Width": 8,
        "Actual Startup Time": 474.53,
        "Actual Total Time": 489.452,
        "Actual Rows": 2,
        "Actual Loops": 1,
        "Workers Planned": 1,
        "Workers Launched": 1,
        "Single Copy": false,
        "Plans": [
          {
            "Node Type": "Aggregate",
            "Strategy": "Plain",
            "Partial Mode": "Partial",
            "Parent Relationship": "Outer",
            "Parallel Aware": false,
            "Startup Cost": 118082.04,
            "Total Cost": 118082.05,
            "Plan Rows": 1,
            "Plan Width": 8,
            "Actual Startup Time": 468.848,
            "Actual Total Time": 468.852,
            "Actual Rows": 1,
            "Actual Loops": 2,
            "Plans": [
              {
                "Node Type": "Hash Join",
                "Parent Relationship": "Outer",
                "Parallel Aware": true,
                "Join Type": "Inner",
                "Startup Cost": 84636.4,
                "Total Cost": 117628.67,
                "Plan Rows": 181346,
                "Plan Width": 0,
                "Actual Startup Time": 297.509,
                "Actual Total Time": 467.135,
                "Actual Rows": 29476,
                "Actual Loops": 2,
                "Inner Unique": true,
                "Hash Cond": "(mk.movie_id = t.id)",
                "Plans": [
                  {
                    "Node Type": "Bitmap Heap Scan",
                    "Parent Relationship": "Outer",
                    "Parallel Aware": true,
                    "Relation Name": "movie_keyword",
                    "Alias": "mk",
                    "Startup Cost": 20357.91,
                    "Total Cost": 51868.33,
                    "Plan Rows": 564514,
                    "Plan Width": 4,
                    "Actual Startup Time": 47.442,
                    "Actual Total Time": 133.136,
                    "Actual Rows": 481420,
                    "Actual Loops": 2,
                    "Recheck Cond": "(keyword_id < 905)",
                    "Rows Removed by Index Recheck": 0,
                    "Exact Heap Blocks": 13710,
                    "Lossy Heap Blocks": 0,
                    "Plans": [
                      {
                        "Node Type": "Bitmap Index Scan",
                        "Parent Relationship": "Outer",
                        "Parallel Aware": false,
                        "Index Name": "keyword_id_movie_keyword",
                        "Startup Cost": 0.0,
                        "Total Cost": 20117.99,
                        "Plan Rows": 959674,
                        "Plan Width": 0,
                        "Actual Startup Time": 43.831,
                        "Actual Total Time": 43.831,
                        "Actual Rows": 962841,
                        "Actual Loops": 1,
                        "Index Cond": "(keyword_id < 905)"
                      }
                    ]
                  },
                  {
                    "Node Type": "Hash",
                    "Parent Relationship": "Inner",
                    "Parallel Aware": true,
                    "Startup Cost": 58306.47,
                    "Total Cost": 58306.47,
                    "Plan Rows": 477762,
                    "Plan Width": 4,
                    "Actual Startup Time": 241.138,
                    "Actual Total Time": 241.139,
                    "Actual Rows": 369380,
                    "Actual Loops": 2,
                    "Hash Buckets": 1048576,
                    "Original Hash Buckets": 1048576,
                    "Hash Batches": 1,
                    "Original Hash Batches": 1,
                    "Peak Memory Usage": 37120,
                    "Plans": [
                      {
                        "Node Type": "Seq Scan",
                        "Parent Relationship": "Outer",
                        "Parallel Aware": true,
                        "Relation Name": "title",
                        "Alias": "t",
                        "Startup Cost": 0.0,
                        "Total Cost": 58306.47,
                        "Plan Rows": 477762,
                        "Plan Width": 4,
                        "Actual Startup Time": 0.029,
                        "Actual Total Time": 149.874,
                        "Actual Rows": 369380,
                        "Actual Loops": 2,
                        "Filter": "((production_year < 2005) AND (kind_id = 7))",
                        "Rows Removed by Filter": 894776
                      }
                    ]
                  }
                ]
              }
            ]
          }
        ]
      }
    ]
  },
  "Planning Time": 0.609,
  "Triggers": [],
  "Execution Time": 489.55
}