[
  {
    "Plan": {
      "Node Type": "Aggregate",
      "Strategy": "Plain",
      "Partial Mode": "Finalize",
      "Parallel Aware": false,
      "Startup Cost": 50759.51,
      "Total Cost": 50759.52,
      "Plan Rows": 1,
      "Plan Width": 8,
      "Actual Startup Time": 126.552,
      "Actual Total Time": 142.459,
      "Actual Rows": 1,
      "Actual Loops": 1,
      "Plans": [
        {
          "Node Type": "Gather",
          "Parent Relationship": "Outer",
          "Parallel Aware": false,
          "Startup Cost": 50759.09,
          "Total Cost": 50759.5,
          "Plan Rows": 4,
          "Plan Width": 8,
          "Actual Startup Time": 126.225,
          "Actual Total Time": 142.45,
          "Actual Rows": 5,
          "Actual Loops": 1,
          "Workers Planned": 4,
          "Workers Launched": 4,
          "Single Copy": false,
          "Plans": [
            {
              "Node Type": "Aggregate",
              "Strategy": "Plain",
              "Partial Mode": "Partial",
              "Parent Relationship": "Outer",
              "Parallel Aware": false,
              "Startup Cost": 49759.09,
              "Total Cost": 49759.1,
              "Plan Rows": 1,
              "Plan Width": 8,
              "Actual Startup Time": 116.144,
              "Actual Total Time": 116.146,
              "Actual Rows": 1,
              "Actual Loops": 5,
              "Plans": [
                {
                  "Node Type": "Nested Loop",
                  "Parent Relationship": "Outer",
                  "Parallel Aware": false,
                  "Join Type": "Inner",
                  "Startup Cost": 0.87,
                  "Total Cost": 49747.89,
                  "Plan Rows": 4479,
                  "Plan Width": 0,
                  "Actual Startup Time": 60.672,
                  "Actual Total Time": 114.481,
                  "Actual Rows": 34884,
                  "Actual Loops": 5,
                  "Inner Unique": false,
                  "Join Filter": "(t.id = mi.movie_id)",
                  "Rows Removed by Join Filter": 0,
                  "Plans": [
                    {
                      "Node Type": "Nested Loop",
                      "Parent Relationship": "Outer",
                      "Parallel Aware": false,
                      "Join Type": "Inner",
                      "Startup Cost": 0.43,
                      "Total Cost": 48155.31,
                      "Plan Rows": 810,
                      "Plan Width": 8,
                      "Actual Startup Time": 60.591,
                      "Actual Total Time": 89.071,
                      "Actual Rows": 1564,
                      "Actual Loops": 5,
                      "Inner Unique": false,
                      "Plans": [
                        {
                          "Node Type": "Seq Scan",
                          "Parent Relationship": "Outer",
                          "Parallel Aware": true,
                          "Relation Name": "title",
                          "Alias": "t",
                          "Startup Cost": 0.0,
                          "Total Cost": 43898.92,
                          "Plan Rows": 452,
                          "Plan Width": 4,
                          "Actual Startup Time": 59.418,
                          "Actual Total Time": 81.297,
                          "Actual Rows": 560,
                          "Actual Loops": 5,
                          "Filter": "(production_year = 1929)",
                          "Rows Removed by Filter": 505102
                        },
                        {
                          "Node Type": "Index Only Scan",
                          "Parent Relationship": "Inner",
                          "Parallel Aware": false,
                          "Scan Direction": "Forward",
                          "Index Name": "movie_id_movie_keyword",
                          "Relation Name": "movie_keyword",
                          "Alias": "mk",
                          "Startup Cost": 0.43,
                          "Total Cost": 8.97,
                          "Plan Rows": 45,
                          "Plan Width": 4,
                          "Actual Startup Time": 0.013,
                          "Actual Total Time": 0.013,
                          "Actual Rows": 3,
                          "Actual Loops": 2800,
                          "Index Cond": "(movie_id = t.id)",
                          "Rows Removed by Index Recheck": 0,
                          "Heap Fetches": 7819
                        }
                      ]
                    },
                    {
                      "Node Type": "Index Scan",
                      "Parent Relationship": "Inner",
                      "Parallel Aware": false,
                      "Scan Direction": "Forward",
                      "Index Name": "movie_id_movie_info",
                      "Relation Name": "movie_info",
                      "Alias": "mi",
                      "Startup Cost": 0.43,
                      "Total Cost": 1.47,
                      "Plan Rows": 40,
                      "Plan Width": 4,
                      "Actual Startup Time": 0.004,
                      "Actual Total Time": 0.014,
                      "Actual Rows": 22,
                      "Actual Loops": 7819,
                      "Index Cond": "(movie_id = mk.movie_id)",
                      "Rows Removed by Index Recheck": 0,
                      "Filter": "(info_type_id > 1)",
                      "Rows Removed by Filter": 1
                    }
                  ]
                }
              ]
            }
          ]
        }
      ]
    },
    "Planning Time": 1.281,
    "Triggers": [],
    "Execution Time": 142.551
  }
]