[
  {
    "Plan": {
      "Node Type": "Aggregate",
      "Strategy": "Plain",
      "Partial Mode": "Finalize",
      "Parallel Aware": false,
      "Startup Cost": 32082.76,
      "Total Cost": 32082.77,
      "Plan Rows": 1,
      "Plan Width": 8,
      "Actual Startup Time": 105.292,
      "Actual Total Time": 113.217,
      "Actual Rows": 1,
      "Actual Loops": 1,
      "Plans": [
        {
          "Node Type": "Gather",
          "Parent Relationship": "Outer",
          "Parallel Aware": false,
          "Startup Cost": 32082.44,
          "Total Cost": 32082.75,
          "Plan Rows": 3,
          "Plan Width": 8,
          "Actual Startup Time": 105.149,
          "Actual Total Time": 113.208,
          "Actual Rows": 4,
          "Actual Loops": 1,
          "Workers Planned": 3,
          "Workers Launched": 3,
          "Single Copy": false,
          "Plans": [
            {
              "Node Type": "Aggregate",
              "Strategy": "Plain",
              "Partial Mode": "Partial",
              "Parent Relationship": "Outer",
              "Parallel Aware": false,
              "Startup Cost": 31082.44,
              "Total Cost": 31082.45,
              "Plan Rows": 1,
              "Plan Width": 8,
              "Actual Startup Time": 99.805,
              "Actual Total Time": 99.806,
              "Actual Rows": 1,
              "Actual Loops": 4,
              "Plans": [
                {
                  "Node Type": "Seq Scan",
                  "Parent Relationship": "Outer",
                  "Parallel Aware": true,
                  "Relation Name": "movie_companies",
                  "Alias": "mc",
                  "Startup Cost": 0.0,
                  "Total Cost": 29310.68,
                  "Plan Rows": 708705,
                  "Plan Width": 0,
                  "Actual Startup Time": 0.027,
                  "Actual Total Time": 75.52,
                  "Actual Rows": 550054,
                  "Actual Loops": 4,
                  "Filter": "(company_id < 81185)",
                  "Rows Removed by Filter": 102228
                }
              ]
            }
          ]
        }
      ]
    },
    "Planning Time": 0.096,
    "Triggers": [],
    "Execution Time": 113.244
  }
]