[
  {
    "Plan": {
      "Node Type": "Aggregate",
      "Strategy": "Plain",
      "Partial Mode": "Finalize",
      "Parallel Aware": false,
      "Startup Cost": 75542.5,
      "Total Cost": 75542.51,
      "Plan Rows": 1,
      "Plan Width": 8,
      "Actual Startup Time": 173.132,
      "Actual Total Time": 179.392,
      "Actual Rows": 1,
      "Actual Loops": 1,
      "Plans": [
        {
          "Node Type": "Gather",
          "Parent Relationship": "Outer",
          "Parallel Aware": false,
          "Startup Cost": 75542.19,
          "Total Cost": 75542.5,
          "Plan Rows": 3,
          "Plan Width": 8,
          "Actual Startup Time": 172.894,
          "Actual Total Time": 179.386,
          "Actual Rows": 4,
          "Actual Loops": 1,
          "Workers Planned": 3,
          "Workers Launched": 3,
          "Single Copy": false,
          "Plans": [
            {
              "Node Type": "Aggregate",
              "Strategy": "Plain",
              "Partial Mode": "Partial",
              "Parent Relationship": "Outer",
              "Parallel Aware": false,
              "Startup Cost": 74542.19,
              "Total Cost": 74542.2,
              "Plan Rows": 1,
              "Plan Width": 8,
              "Actual Startup Time": 168.447,
              "Actual Total Time": 168.45,
              "Actual Rows": 1,
              "Actual Loops": 4,
              "Plans": [
                {
                  "Node Type": "Hash Join",
                  "Parent Relationship": "Outer",
                  "Parallel Aware": true,
                  "Join Type": "Inner",
                  "Startup Cost": 44080.47,
                  "Total Cost": 74517.55,
                  "Plan Rows": 9855,
                  "Plan Width": 0,
                  "Actual Startup Time": 103.025,
                  "Actual Total Time": 168.084,
                  "Actual Rows": 6716,
                  "Actual Loops": 4,
                  "Inner Unique": true,
                  "Hash Cond": "(mc.movie_id = t.id)",
                  "Plans": [
                    {
                      "Node Type": "Seq Scan",
                      "Parent Relationship": "Outer",
                      "Parallel Aware": true,
                      "Relation Name": "movie_companies",
                      "Alias": "mc",
                      "Startup Cost": 0.0,
                      "Total Cost": 29310.68,
                      "Plan Rows": 429104,
                      "Plan Width": 4,
                      "Actual Startup Time": 24.075,
                      "Actual Total Time": 56.947,
                      "Actual Rows": 333721,
                      "Actual Loops": 4,
                      "Filter": "(company_type_id > 1)",
                      "Rows Removed by Filter": 318562
                    },
                    {
                      "Node Type": "Hash",
                      "Parent Relationship": "Inner",
                      "Parallel Aware": true,
                      "Startup Cost": 43899.01,
                      "Total Cost": 43899.01,
                      "Plan Rows": 14517,
                      "Plan Width": 4,
                      "Actual Startup Time": 78.016,
                      "Actual Total Time": 78.017,
                      "Actual Rows": 14648,
                      "Actual Loops": 4,
                      "Hash Buckets": 65536,
                      "Original Hash Buckets": 65536,
                      "Hash Batches": 1,
                      "Original Hash Batches": 1,
                      "Peak Memory Usage": 2848,
                      "Plans": [
                        {
                          "Node Type": "Seq Scan",
                          "Parent Relationship": "Outer",
                          "Parallel Aware": true,
                          "Relation Name": "title",
                          "Alias": "t",
                          "Startup Cost": 0.0,
                          "Total Cost": 43899.01,
                          "Plan Rows": 14517,
                          "Plan Width": 4,
                          "Actual Startup Time": 0.029,
                          "Actual Total Time": 72.554,
                          "Actual Rows": 14648,
                          "Actual Loops": 4,
                          "Filter": "(production_year = 2001)",
                          "Rows Removed by Filter": 617430
                        }
                      ]
                    }
                  ]
                }
              ]
            }
          ]
        }
      ]
    },
    "Planning Time": 0.326,
    "Triggers": [],
    "Execution Time": 179.432
  }
]