[
  {
    "Plan": {
      "Node Type": "Aggregate",
      "Strategy": "Plain",
      "Partial Mode": "Finalize",
      "Parallel Aware": false,
      "Startup Cost": 391844.79,
      "Total Cost": 391844.8,
      "Plan Rows": 1,
      "Plan Width": 8,
      "Actual Startup Time": 1738.766,
      "Actual Total Time": 1809.794,
      "Actual Rows": 1,
      "Actual Loops": 1,
      "Plans": [
        {
          "Node Type": "Gather",
          "Parent Relationship": "Outer",
          "Parallel Aware": false,
          "Startup Cost": 391844.37,
          "Total Cost": 391844.78,
          "Plan Rows": 4,
          "Plan Width": 8,
          "Actual Startup Time": 1380.597,
          "Actual Total Time": 1809.77,
          "Actual Rows": 5,
          "Actual Loops": 1,
          "Workers Planned": 4,
          "Workers Launched": 4,
          "Single Copy": false,
          "Plans": [
            {
              "Node Type": "Aggregate",
              "Strategy": "Plain",
              "Partial Mode": "Partial",
              "Parent Relationship": "Outer",
              "Parallel Aware": false,
              "Startup Cost": 390844.37,
              "Total Cost": 390844.38,
              "Plan Rows": 1,
              "Plan Width": 8,
              "Actual Startup Time": 1575.895,
              "Actual Total Time": 1575.899,
              "Actual Rows": 1,
              "Actual Loops": 5,
              "Plans": [
                {
                  "Node Type": "Nested Loop",
                  "Parent Relationship": "Outer",
                  "Parallel Aware": false,
                  "Join Type": "Inner",
                  "Startup Cost": 3.26,
                  "Total Cost": 387820.1,
                  "Plan Rows": 1209709,
                  "Plan Width": 0,
                  "Actual Startup Time": 7.867,
                  "Actual Total Time": 1521.504,
                  "Actual Rows": 1103643,
                  "Actual Loops": 5,
                  "Inner Unique": false,
                  "Join Filter": "(t.id = ci.movie_id)",
                  "Rows Removed by Join Filter": 0,
                  "Plans": [
                    {
                      "Node Type": "Merge Join",
                      "Parent Relationship": "Outer",
                      "Parallel Aware": false,
                      "Join Type": "Inner",
                      "Startup Cost": 2.7,
                      "Total Cost": 152742.99,
                      "Plan Rows": 84424,
                      "Plan Width": 8,
                      "Actual Startup Time": 7.689,
                      "Actual Total Time": 702.294,
                      "Actual Rows": 37529,
                      "Actual Loops": 5,
                      "Inner Unique": false,
                      "Merge Cond": "(t.id = mi_idx.movie_id)",
                      "Plans": [
                        {
                          "Node Type": "Index Scan",
                          "Parent Relationship": "Outer",
                          "Parallel Aware": true,
                          "Scan Direction": "Forward",
                          "Index Name": "title_pkey",
                          "Relation Name": "title",
                          "Alias": "t",
                          "Startup Cost": 0.43,
                          "Total Cost": 94538.14,
                          "Plan Rows": 154668,
                          "Plan Width": 4,
                          "Actual Startup Time": 2.551,
                          "Actual Total Time": 353.99,
                          "Actual Rows": 104228,
                          "Actual Loops": 5,
                          "Filter": "((production_year < 2000) AND (kind_id = 7))",
                          "Rows Removed by Filter": 401308
                        },
                        {
                          "Node Type": "Index Only Scan",
                          "Parent Relationship": "Inner",
                          "Parallel Aware": false,
                          "Scan Direction": "Forward",
                          "Index Name": "movie_id_movie_info_idx",
                          "Relation Name": "movie_info_idx",
                          "Alias": "mi_idx",
                          "Startup Cost": 0.43,
                          "Total Cost": 53620.22,
                          "Plan Rows": 1380035,
                          "Plan Width": 4,
                          "Actual Startup Time": 0.189,
                          "Actual Total Time": 289.932,
                          "Actual Rows": 1043328,
                          "Actual Loops": 5,
                          "Heap Fetches": 5216639
                        }
                      ]
                    },
                    {
                      "Node Type": "Index Only Scan",
                      "Parent Relationship": "Inner",
                      "Parallel Aware": false,
                      "Scan Direction": "Forward",
                      "Index Name": "movie_id_cast_info",
                      "Relation Name": "cast_info",
                      "Alias": "ci",
                      "Startup Cost": 0.56,
                      "Total Cost": 2.32,
                      "Plan Rows": 37,
                      "Plan Width": 4,
                      "Actual Startup Time": 0.004,
                      "Actual Total Time": 0.019,
                      "Actual Rows": 29,
                      "Actual Loops": 187647,
                      "Index Cond": "(movie_id = mi_idx.movie_id)",
                      "Rows Removed by Index Recheck": 0,
                      "Heap Fetches": 5518215
                    }
                  ]
                }
              ]
            }
          ]
        }
      ]
    },
    "Planning Time": 1.346,
    "Triggers": [],
    "Execution Time": 1809.911
  }
]