[
  {
    "Plan": {
      "Node Type": "Aggregate",
      "Strategy": "Plain",
      "Partial Mode": "Finalize",
      "Parallel Aware": false,
      "Startup Cost": 31394.67,
      "Total Cost": 31394.68,
      "Plan Rows": 1,
      "Plan Width": 8,
      "Actual Startup Time": 102.833,
      "Actual Total Time": 111.035,
      "Actual Rows": 1,
      "Actual Loops": 1,
      "Plans": [
        {
          "Node Type": "Gather",
          "Parent Relationship": "Outer",
          "Parallel Aware": false,
          "Startup Cost": 31394.36,
          "Total Cost": 31394.67,
          "Plan Rows": 3,
          "Plan Width": 8,
          "Actual Startup Time": 102.734,
          "Actual Total Time": 111.027,
          "Actual Rows": 4,
          "Actual Loops": 1,
          "Workers Planned": 3,
          "Workers Launched": 3,
          "Single Copy": false,
          "Plans": [
            {
              "Node Type": "Aggregate",
              "Strategy": "Plain",
              "Partial Mode": "Partial",
              "Parent Relationship": "Outer",
              "Parallel Aware": false,
              "Startup Cost": 30394.36,
              "Total Cost": 30394.37,
              "Plan Rows": 1,
              "Plan Width": 8,
              "Actual Startup Time": 94.976,
              "Actual Total Time": 94.977,
              "Actual Rows": 1,
              "Actual Loops": 4,
              "Plans": [
                {
                  "Node Type": "Seq Scan",
                  "Parent Relationship": "Outer",
                  "Parallel Aware": true,
                  "Relation Name": "movie_companies",
                  "Alias": "mc",
                  "Startup Cost": 0.0,
                  "Total Cost": 29310.68,
                  "Plan Rows": 433470,
                  "Plan Width": 0,
                  "Actual Startup Time": 0.04,
                  "Actual Total Time": 76.648,
                  "Actual Rows": 335557,
                  "Actual Loops": 4,
                  "Filter": "(company_id < 11475)",
                  "Rows Removed by Filter": 316725
                }
              ]
            }
          ]
        }
      ]
    },
    "Planning Time": 0.199,
    "Triggers": [],
    "Execution Time": 111.096
  }
]