[
    {
        "Bao": {
            "Bao prediction": 602.643,
            "Bao recommended hint": "(no hint)"
        }
    },
    {
        "Plan": {
            "Node Type": "Aggregate",
            "Strategy": "Plain",
            "Partial Mode": "Simple",
            "Parallel Aware": false,
            "Startup Cost": 21328.89,
            "Total Cost": 21328.9,
            "Plan Rows": 1,
            "Plan Width": 8,
            "Actual Startup Time": 39.55,
            "Actual Total Time": 39.552,
            "Actual Rows": 1,
            "Actual Loops": 1,
            "Output": [
                "count(*)"
            ],
            "Plans": [
                {
                    "Node Type": "Bitmap Heap Scan",
                    "Parent Relationship": "Outer",
                    "Parallel Aware": false,
                    "Relation Name": "movie_companies",
                    "Schema": "public",
                    "Alias": "mc",
                    "Startup Cost": 1500.78,
                    "Total Cost": 21155.87,
                    "Plan Rows": 69207,
                    "Plan Width": 0,
                    "Actual Startup Time": 9.958,
                    "Actual Total Time": 32.716,
                    "Actual Rows": 71055,
                    "Actual Loops": 1,
                    "Recheck Cond": "(mc.company_id > 176019)",
                    "Rows Removed by Index Recheck": 0,
                    "Exact Heap Blocks": 2455,
                    "Lossy Heap Blocks": 0,
                    "Plans": [
                        {
                            "Node Type": "Bitmap Index Scan",
                            "Parent Relationship": "Outer",
                            "Parallel Aware": false,
                            "Index Name": "company_id_movie_companies",
                            "Startup Cost": 0.0,
                            "Total Cost": 1483.48,
                            "Plan Rows": 69207,
                            "Plan Width": 0,
                            "Actual Startup Time": 8.918,
                            "Actual Total Time": 8.918,
                            "Actual Rows": 71055,
                            "Actual Loops": 1,
                            "Index Cond": "(mc.company_id > 176019)"
                        }
                    ]
                }
            ]
        },
        "Planning Time": 647.29,
        "Triggers": [],
        "Execution Time": 39.664
    }
]