[
  {
    "Plan": {
      "Node Type": "Aggregate",
      "Strategy": "Plain",
      "Partial Mode": "Finalize",
      "Parallel Aware": false,
      "Startup Cost": 391705.12,
      "Total Cost": 391705.13,
      "Plan Rows": 1,
      "Plan Width": 8,
      "Actual Startup Time": 1486.156,
      "Actual Total Time": 1539.158,
      "Actual Rows": 1,
      "Actual Loops": 1,
      "Plans": [
        {
          "Node Type": "Gather",
          "Parent Relationship": "Outer",
          "Parallel Aware": false,
          "Startup Cost": 391704.49,
          "Total Cost": 391705.1,
          "Plan Rows": 6,
          "Plan Width": 8,
          "Actual Startup Time": 1484.649,
          "Actual Total Time": 1539.141,
          "Actual Rows": 7,
          "Actual Loops": 1,
          "Workers Planned": 6,
          "Workers Launched": 6,
          "Single Copy": false,
          "Plans": [
            {
              "Node Type": "Aggregate",
              "Strategy": "Plain",
              "Partial Mode": "Partial",
              "Parent Relationship": "Outer",
              "Parallel Aware": false,
              "Startup Cost": 390704.49,
              "Total Cost": 390704.5,
              "Plan Rows": 1,
              "Plan Width": 8,
              "Actual Startup Time": 1475.714,
              "Actual Total Time": 1475.723,
              "Actual Rows": 1,
              "Actual Loops": 7,
              "Plans": [
                {
                  "Node Type": "Hash Join",
                  "Parent Relationship": "Outer",
                  "Parallel Aware": true,
                  "Join Type": "Inner",
                  "Startup Cost": 46799.12,
                  "Total Cost": 388550.9,
                  "Plan Rows": 861436,
                  "Plan Width": 0,
                  "Actual Startup Time": 97.609,
                  "Actual Total Time": 1450.925,
                  "Actual Rows": 501306,
                  "Actual Loops": 7,
                  "Inner Unique": true,
                  "Hash Cond": "(ci.movie_id = t.id)",
                  "Plans": [
                    {
                      "Node Type": "Seq Scan",
                      "Parent Relationship": "Outer",
                      "Parallel Aware": true,
                      "Relation Name": "cast_info",
                      "Alias": "ci",
                      "Startup Cost": 0.0,
                      "Total Cost": 328211.39,
                      "Plan Rows": 5158235,
                      "Plan Width": 4,
                      "Actual Startup Time": 0.038,
                      "Actual Total Time": 635.23,
                      "Actual Rows": 4427519,
                      "Actual Loops": 7,
                      "Filter": "(person_id < 3136852)",
                      "Rows Removed by Filter": 750244
                    },
                    {
                      "Node Type": "Hash",
                      "Parent Relationship": "Inner",
                      "Parallel Aware": true,
                      "Startup Cost": 45479.59,
                      "Total Cost": 45479.59,
                      "Plan Rows": 105563,
                      "Plan Width": 4,
                      "Actual Startup Time": 95.164,
                      "Actual Total Time": 95.165,
                      "Actual Rows": 45024,
                      "Actual Loops": 7,
                      "Hash Buckets": 524288,
                      "Original Hash Buckets": 524288,
                      "Hash Batches": 1,
                      "Original Hash Batches": 1,
                      "Peak Memory Usage": 16512,
                      "Plans": [
                        {
                          "Node Type": "Seq Scan",
                          "Parent Relationship": "Outer",
                          "Parallel Aware": true,
                          "Relation Name": "title",
                          "Alias": "t",
                          "Startup Cost": 0.0,
                          "Total Cost": 45479.59,
                          "Plan Rows": 105563,
                          "Plan Width": 4,
                          "Actual Startup Time": 0.043,
                          "Actual Total Time": 73.769,
                          "Actual Rows": 45024,
                          "Actual Loops": 7,
                          "Filter": "((production_year < 1991) AND (kind_id = 7))",
                          "Rows Removed by Filter": 316164
                        }
                      ]
                    }
                  ]
                }
              ]
            }
          ]
        }
      ]
    },
    "Planning Time": 0.559,
    "Triggers": [],
    "Execution Time": 1539.219
  }
]