{
  "Plan": {
    "Node Type": "Aggregate",
    "Strategy": "Plain",
    "Partial Mode": "Finalize",
    "Parallel Aware": false,
    "Startup Cost": 451135.26,
    "Total Cost": 451135.27,
    "Plan Rows": 1,
    "Plan Width": 8,
    "Actual Startup Time": 1544.172,
    "Actual Total Time": 1566.773,
    "Actual Rows": 1,
    "Actual Loops": 1,
    "Plans": [
      {
        "Node Type": "Gather",
        "Parent Relationship": "Outer",
        "Parallel Aware": false,
        "Startup Cost": 451135.14,
        "Total Cost": 451135.25,
        "Plan Rows": 1,
        "Plan Width": 8,
        "Actual Startup Time": 1540.283,
        "Actual Total Time": 1566.764,
        "Actual Rows": 2,
        "Actual Loops": 1,
        "Workers Planned": 1,
        "Workers Launched": 1,
        "Single Copy": false,
        "Plans": [
          {
            "Node Type": "Aggregate",
            "Strategy": "Plain",
            "Partial Mode": "Partial",
            "Parent Relationship": "Outer",
            "Parallel Aware": false,
            "Startup Cost": 450135.14,
            "Total Cost": 450135.15,
            "Plan Rows": 1,
            "Plan Width": 8,
            "Actual Startup Time": 1535.226,
            "Actual Total Time": 1535.23,
            "Actual Rows": 1,
            "Actual Loops": 2,
            "Plans": [
              {
                "Node Type": "Hash Join",
                "Parent Relationship": "Outer",
                "Parallel Aware": true,
                "Join Type": "Inner",
                "Startup Cost": 156925.95,
                "Total Cost": 446882.23,
                "Plan Rows": 1301164,
                "Plan Width": 0,
                "Actual Startup Time": 601.421,
                "Actual Total Time": 1489.057,
                "Actual Rows": 1109683,
                "Actual Loops": 2,
                "Inner Unique": true,
                "Hash Cond": "(ci.movie_id = t.id)",
                "Plans": [
                  {
                    "Node Type": "Bitmap Heap Scan",
                    "Parent Relationship": "Outer",
                    "Parallel Aware": true,
                    "Relation Name": "cast_info",
                    "Alias": "ci",
                    "Startup Cost": 92520.87,
                    "Total Cost": 376008.92,
                    "Plan Rows": 2464084,
                    "Plan Width": 4,
                    "Actual Startup Time": 245.016,
                    "Actual Total Time": 452.992,
                    "Actual Rows": 2152158,
                    "Actual Loops": 2,
                    "Recheck Cond": "(person_id < 414758)",
                    "Rows Removed by Index Recheck": 0,
                    "Exact Heap Blocks": 23355,
                    "Lossy Heap Blocks": 0,
                    "Plans": [
                      {
                        "Node Type": "Bitmap Index Scan",
                        "Parent Relationship": "Outer",
                        "Parallel Aware": false,
                        "Index Name": "person_id_cast_info",
                        "Startup Cost": 0.0,
                        "Total Cost": 91473.64,
                        "Plan Rows": 4188943,
                        "Plan Width": 0,
                        "Actual Startup Time": 236.808,
                        "Actual Total Time": 236.809,
                        "Actual Rows": 4304317,
                        "Actual Loops": 1,
                        "Index Cond": "(person_id < 414758)"
                      }
                    ]
                  },
                  {
                    "Node Type": "Hash",
                    "Parent Relationship": "Inner",
                    "Parallel Aware": true,
                    "Startup Cost": 54588.39,
                    "Total Cost": 54588.39,
                    "Plan Rows": 785335,
                    "Plan Width": 4,
                    "Actual Startup Time": 345.481,
                    "Actual Total Time": 345.482,
                    "Actual Rows": 661432,
                    "Actual Loops": 2,
                    "Hash Buckets": 2097152,
                    "Original Hash Buckets": 2097152,
                    "Hash Batches": 1,
                    "Original Hash Batches": 1,
                    "Peak Memory Usage": 68160,
                    "Plans": [
                      {
                        "Node Type": "Seq Scan",
                        "Parent Relationship": "Outer",
                        "Parallel Aware": true,
                        "Relation Name": "title",
                        "Alias": "t",
                        "Startup Cost": 0.0,
                        "Total Cost": 54588.39,
                        "Plan Rows": 785335,
                        "Plan Width": 4,
                        "Actual Startup Time": 0.026,
                        "Actual Total Time": 163.615,
                        "Actual Rows": 661432,
                        "Actual Loops": 2,
                        "Filter": "(production_year > 2001)",
                        "Rows Removed by Filter": 602724
                      }
                    ]
                  }
                ]
              }
            ]
          }
        ]
      }
    ]
  },
  "Planning Time": 0.437,
  "Triggers": [],
  "Execution Time": 1566.838
}