{
  "Plan": {
    "Node Type": "Aggregate",
    "Strategy": "Plain",
    "Partial Mode": "Finalize",
    "Parallel Aware": false,
    "Startup Cost": 661175.29,
    "Total Cost": 661175.3,
    "Plan Rows": 1,
    "Plan Width": 8,
    "Actual Startup Time": 6952.042,
    "Actual Total Time": 7007.297,
    "Actual Rows": 1,
    "Actual Loops": 1,
    "Plans": [
      {
        "Node Type": "Gather",
        "Parent Relationship": "Outer",
        "Parallel Aware": false,
        "Startup Cost": 661175.18,
        "Total Cost": 661175.29,
        "Plan Rows": 1,
        "Plan Width": 8,
        "Actual Startup Time": 6949.866,
        "Actual Total Time": 7007.287,
        "Actual Rows": 2,
        "Actual Loops": 1,
        "Workers Planned": 1,
        "Workers Launched": 1,
        "Single Copy": false,
        "Plans": [
          {
            "Node Type": "Aggregate",
            "Strategy": "Plain",
            "Partial Mode": "Partial",
            "Parent Relationship": "Outer",
            "Parallel Aware": false,
            "Startup Cost": 660175.18,
            "Total Cost": 660175.19,
            "Plan Rows": 1,
            "Plan Width": 8,
            "Actual Startup Time": 6944.398,
            "Actual Total Time": 6944.403,
            "Actual Rows": 1,
            "Actual Loops": 2,
            "Plans": [
              {
                "Node Type": "Hash Join",
                "Parent Relationship": "Outer",
                "Parallel Aware": true,
                "Join Type": "Inner",
                "Startup Cost": 65553.73,
                "Total Cost": 639719.35,
                "Plan Rows": 8182332,
                "Plan Width": 0,
                "Actual Startup Time": 380.378,
                "Actual Total Time": 6689.58,
                "Actual Rows": 6010724,
                "Actual Loops": 2,
                "Inner Unique": true,
                "Hash Cond": "(ci.movie_id = t.id)",
                "Plans": [
                  {
                    "Node Type": "Seq Scan",
                    "Parent Relationship": "Outer",
                    "Parallel Aware": true,
                    "Relation Name": "cast_info",
                    "Alias": "ci",
                    "Startup Cost": 0.0,
                    "Total Cost": 519069.44,
                    "Plan Rows": 20988986,
                    "Plan Width": 4,
                    "Actual Startup Time": 15.856,
                    "Actual Total Time": 1844.828,
                    "Actual Rows": 17857606,
                    "Actual Loops": 2,
                    "Filter": "(person_id > 58374)",
                    "Rows Removed by Filter": 264566
                  },
                  {
                    "Node Type": "Hash",
                    "Parent Relationship": "Inner",
                    "Parallel Aware": true,
                    "Startup Cost": 58306.47,
                    "Total Cost": 58306.47,
                    "Plan Rows": 579781,
                    "Plan Width": 4,
                    "Actual Startup Time": 355.357,
                    "Actual Total Time": 355.358,
                    "Actual Rows": 461860,
                    "Actual Loops": 2,
                    "Hash Buckets": 1048576,
                    "Original Hash Buckets": 1048576,
                    "Hash Batches": 1,
                    "Original Hash Batches": 1,
                    "Peak Memory Usage": 44352,
                    "Plans": [
                      {
                        "Node Type": "Seq Scan",
                        "Parent Relationship": "Outer",
                        "Parallel Aware": true,
                        "Relation Name": "title",
                        "Alias": "t",
                        "Startup Cost": 0.0,
                        "Total Cost": 58306.47,
                        "Plan Rows": 579781,
                        "Plan Width": 4,
                        "Actual Startup Time": 0.046,
                        "Actual Total Time": 201.283,
                        "Actual Rows": 461860,
                        "Actual Loops": 2,
                        "Filter": "((kind_id > 1) AND (production_year < 2005))",
                        "Rows Removed by Filter": 802296
                      }
                    ]
                  }
                ]
              }
            ]
          }
        ]
      }
    ]
  },
  "Planning Time": 0.705,
  "Triggers": [],
  "Execution Time": 7007.38
}