[
  {
    "Plan": {
      "Node Type": "Aggregate",
      "Strategy": "Plain",
      "Partial Mode": "Finalize",
      "Parallel Aware": false,
      "Startup Cost": 120929.74,
      "Total Cost": 120929.75,
      "Plan Rows": 1,
      "Plan Width": 8,
      "Actual Startup Time": 130.676,
      "Actual Total Time": 151.418,
      "Actual Rows": 1,
      "Actual Loops": 1,
      "Plans": [
        {
          "Node Type": "Gather",
          "Parent Relationship": "Outer",
          "Parallel Aware": false,
          "Startup Cost": 120929.32,
          "Total Cost": 120929.73,
          "Plan Rows": 4,
          "Plan Width": 8,
          "Actual Startup Time": 130.543,
          "Actual Total Time": 151.411,
          "Actual Rows": 5,
          "Actual Loops": 1,
          "Workers Planned": 4,
          "Workers Launched": 4,
          "Single Copy": false,
          "Plans": [
            {
              "Node Type": "Aggregate",
              "Strategy": "Plain",
              "Partial Mode": "Partial",
              "Parent Relationship": "Outer",
              "Parallel Aware": false,
              "Startup Cost": 119929.32,
              "Total Cost": 119929.33,
              "Plan Rows": 1,
              "Plan Width": 8,
              "Actual Startup Time": 120.562,
              "Actual Total Time": 120.564,
              "Actual Rows": 1,
              "Actual Loops": 5,
              "Plans": [
                {
                  "Node Type": "Nested Loop",
                  "Parent Relationship": "Outer",
                  "Parallel Aware": false,
                  "Join Type": "Inner",
                  "Startup Cost": 0.56,
                  "Total Cost": 119928.18,
                  "Plan Rows": 458,
                  "Plan Width": 0,
                  "Actual Startup Time": 61.635,
                  "Actual Total Time": 120.524,
                  "Actual Rows": 214,
                  "Actual Loops": 5,
                  "Inner Unique": false,
                  "Plans": [
                    {
                      "Node Type": "Seq Scan",
                      "Parent Relationship": "Outer",
                      "Parallel Aware": true,
                      "Relation Name": "title",
                      "Alias": "t",
                      "Startup Cost": 0.0,
                      "Total Cost": 45479.1,
                      "Plan Rows": 562,
                      "Plan Width": 4,
                      "Actual Startup Time": 60.651,
                      "Actual Total Time": 84.42,
                      "Actual Rows": 1167,
                      "Actual Loops": 5,
                      "Filter": "((kind_id < 7) AND (production_year = 1916))",
                      "Rows Removed by Filter": 504495
                    },
                    {
                      "Node Type": "Index Scan",
                      "Parent Relationship": "Inner",
                      "Parallel Aware": false,
                      "Scan Direction": "Forward",
                      "Index Name": "movie_id_cast_info",
                      "Relation Name": "cast_info",
                      "Alias": "ci",
                      "Startup Cost": 0.56,
                      "Total Cost": 132.45,
                      "Plan Rows": 2,
                      "Plan Width": 4,
                      "Actual Startup Time": 0.029,
                      "Actual Total Time": 0.03,
                      "Actual Rows": 0,
                      "Actual Loops": 5835,
                      "Index Cond": "(movie_id = t.id)",
                      "Rows Removed by Index Recheck": 0,
                      "Filter": "((person_id < 1838817) AND (role_id = 3))",
                      "Rows Removed by Filter": 6
                    }
                  ]
                }
              ]
            }
          ]
        }
      ]
    },
    "Planning Time": 0.698,
    "Triggers": [],
    "Execution Time": 151.492
  }
]