[
  {
    "Plan": {
      "Node Type": "Aggregate",
      "Strategy": "Plain",
      "Partial Mode": "Finalize",
      "Parallel Aware": false,
      "Startup Cost": 248058.65,
      "Total Cost": 248058.66,
      "Plan Rows": 1,
      "Plan Width": 8,
      "Actual Startup Time": 504.688,
      "Actual Total Time": 544.897,
      "Actual Rows": 1,
      "Actual Loops": 1,
      "Plans": [
        {
          "Node Type": "Gather",
          "Parent Relationship": "Outer",
          "Parallel Aware": false,
          "Startup Cost": 248058.12,
          "Total Cost": 248058.63,
          "Plan Rows": 5,
          "Plan Width": 8,
          "Actual Startup Time": 500.432,
          "Actual Total Time": 544.886,
          "Actual Rows": 6,
          "Actual Loops": 1,
          "Workers Planned": 5,
          "Workers Launched": 5,
          "Single Copy": false,
          "Plans": [
            {
              "Node Type": "Aggregate",
              "Strategy": "Plain",
              "Partial Mode": "Partial",
              "Parent Relationship": "Outer",
              "Parallel Aware": false,
              "Startup Cost": 247058.12,
              "Total Cost": 247058.13,
              "Plan Rows": 1,
              "Plan Width": 8,
              "Actual Startup Time": 491.4,
              "Actual Total Time": 491.403,
              "Actual Rows": 1,
              "Actual Loops": 6,
              "Plans": [
                {
                  "Node Type": "Hash Join",
                  "Parent Relationship": "Outer",
                  "Parallel Aware": true,
                  "Join Type": "Inner",
                  "Startup Cost": 46847.91,
                  "Total Cost": 246879.95,
                  "Plan Rows": 71271,
                  "Plan Width": 0,
                  "Actual Startup Time": 159.264,
                  "Actual Total Time": 486.605,
                  "Actual Rows": 122303,
                  "Actual Loops": 6,
                  "Inner Unique": true,
                  "Hash Cond": "(mi.movie_id = t.id)",
                  "Plans": [
                    {
                      "Node Type": "Seq Scan",
                      "Parent Relationship": "Outer",
                      "Parallel Aware": true,
                      "Relation Name": "movie_info",
                      "Alias": "mi",
                      "Startup Cost": 0.0,
                      "Total Cost": 198952.16,
                      "Plan Rows": 411380,
                      "Plan Width": 4,
                      "Actual Startup Time": 28.133,
                      "Actual Total Time": 292.617,
                      "Actual Rows": 348511,
                      "Actual Loops": 6,
                      "Filter": "(info_type_id < 3)",
                      "Rows Removed by Filter": 2124109
                    },
                    {
                      "Node Type": "Hash",
                      "Parent Relationship": "Inner",
                      "Parallel Aware": true,
                      "Startup Cost": 45479.1,
                      "Total Cost": 45479.1,
                      "Plan Rows": 109505,
                      "Plan Width": 4,
                      "Actual Startup Time": 113.761,
                      "Actual Total Time": 113.762,
                      "Actual Rows": 78986,
                      "Actual Loops": 6,
                      "Hash Buckets": 524288,
                      "Original Hash Buckets": 524288,
                      "Hash Batches": 1,
                      "Original Hash Batches": 1,
                      "Peak Memory Usage": 22752,
                      "Plans": [
                        {
                          "Node Type": "Seq Scan",
                          "Parent Relationship": "Outer",
                          "Parallel Aware": true,
                          "Relation Name": "title",
                          "Alias": "t",
                          "Startup Cost": 0.0,
                          "Total Cost": 45479.1,
                          "Plan Rows": 109505,
                          "Plan Width": 4,
                          "Actual Startup Time": 51.346,
                          "Actual Total Time": 86.403,
                          "Actual Rows": 78986,
                          "Actual Loops": 6,
                          "Filter": "((production_year < 2008) AND (kind_id = 1))",
                          "Rows Removed by Filter": 342399
                        }
                      ]
                    }
                  ]
                }
              ]
            }
          ]
        }
      ]
    },
    "Planning Time": 0.675,
    "Triggers": [],
    "Execution Time": 544.975
  }
]