[
  {
    "Bao": {
      "Bao prediction": 1430.497,
      "Bao recommended hint": "SET enable_hashjoin TO off; SET enable_mergejoin TO off; "
    }
  },
  {
    "Plan": {
      "Node Type": "Aggregate",
      "Strategy": "Plain",
      "Partial Mode": "Finalize",
      "Parallel Aware": false,
      "Startup Cost": 2747798.53,
      "Total Cost": 2747798.54,
      "Plan Rows": 1,
      "Plan Width": 64,
      "Actual Startup Time": 20719.373,
      "Actual Total Time": 20875.85,
      "Actual Rows": 1,
      "Actual Loops": 1,
      "Plans": [
        {
          "Node Type": "Gather",
          "Parent Relationship": "Outer",
          "Parallel Aware": false,
          "Startup Cost": 2747797.89,
          "Total Cost": 2747798.5,
          "Plan Rows": 6,
          "Plan Width": 64,
          "Actual Startup Time": 20719.12,
          "Actual Total Time": 20875.832,
          "Actual Rows": 7,
          "Actual Loops": 1,
          "Workers Planned": 6,
          "Workers Launched": 6,
          "Single Copy": false,
          "Plans": [
            {
              "Node Type": "Aggregate",
              "Strategy": "Plain",
              "Partial Mode": "Partial",
              "Parent Relationship": "Outer",
              "Parallel Aware": false,
              "Startup Cost": 2746797.89,
              "Total Cost": 2746797.9,
              "Plan Rows": 1,
              "Plan Width": 64,
              "Actual Startup Time": 20703.484,
              "Actual Total Time": 20703.491,
              "Actual Rows": 1,
              "Actual Loops": 7,
              "Plans": [
                {
                  "Node Type": "Nested Loop",
                  "Parent Relationship": "Outer",
                  "Parallel Aware": false,
                  "Join Type": "Inner",
                  "Startup Cost": 2.27,
                  "Total Cost": 2741467.34,
                  "Plan Rows": 1066110,
                  "Plan Width": 33,
                  "Actual Startup Time": 11431.241,
                  "Actual Total Time": 20664.621,
                  "Actual Rows": 355373,
                  "Actual Loops": 7,
                  "Inner Unique": false,
                  "Join Filter": "(n1.id = a1.person_id)",
                  "Rows Removed by Join Filter": 0,
                  "Plans": [
                    {
                      "Node Type": "Nested Loop",
                      "Parent Relationship": "Outer",
                      "Parallel Aware": false,
                      "Join Type": "Inner",
                      "Startup Cost": 1.84,
                      "Total Cost": 2519790.62,
                      "Plan Rows": 455549,
                      "Plan Width": 25,
                      "Actual Startup Time": 11430.513,
                      "Actual Total Time": 20096.153,
                      "Actual Rows": 281523,
                      "Actual Loops": 7,
                      "Inner Unique": true,
                      "Plans": [
                        {
                          "Node Type": "Nested Loop",
                          "Parent Relationship": "Outer",
                          "Parallel Aware": false,
                          "Join Type": "Inner",
                          "Startup Cost": 1.41,
                          "Total Cost": 2313671.03,
                          "Plan Rows": 455549,
                          "Plan Width": 16,
                          "Actual Startup Time": 11430.449,
                          "Actual Total Time": 19352.458,
                          "Actual Rows": 281523,
                          "Actual Loops": 7,
                          "Inner Unique": true,
                          "Plans": [
                            {
                              "Node Type": "Nested Loop",
                              "Parent Relationship": "Outer",
                              "Parallel Aware": false,
                              "Join Type": "Inner",
                              "Startup Cost": 0.98,
                              "Total Cost": 2106263.81,
                              "Plan Rows": 455549,
                              "Plan Width": 12,
                              "Actual Startup Time": 11430.359,
                              "Actual Total Time": 18779.193,
                              "Actual Rows": 281523,
                              "Actual Loops": 7,
                              "Inner Unique": true,
                              "Plans": [
                                {
                                  "Node Type": "Nested Loop",
                                  "Parent Relationship": "Outer",
                                  "Parallel Aware": false,
                                  "Join Type": "Inner",
                                  "Startup Cost": 0.56,
                                  "Total Cost": 1542272.49,
                                  "Plan Rows": 1264710,
                                  "Plan Width": 16,
                                  "Actual Startup Time": 11429.268,
                                  "Actual Total Time": 17377.084,
                                  "Actual Rows": 635836,
                                  "Actual Loops": 7,
                                  "Inner Unique": false,
                                  "Plans": [
                                    {
                                      "Node Type": "Nested Loop",
                                      "Parent Relationship": "Outer",
                                      "Parallel Aware": false,
                                      "Join Type": "Inner",
                                      "Startup Cost": 0.14,
                                      "Total Cost": 1254894.79,
                                      "Plan Rows": 503621,
                                      "Plan Width": 8,
                                      "Actual Startup Time": 11429.142,
                                      "Actual Total Time": 16082.838,
                                      "Actual Rows": 389849,
                                      "Actual Loops": 7,
                                      "Inner Unique": true,
                                      "Plans": [
                                        {
                                          "Node Type": "Seq Scan",
                                          "Parent Relationship": "Outer",
                                          "Parallel Aware": true,
                                          "Relation Name": "cast_info",
                                          "Alias": "ci",
                                          "Startup Cost": 0.0,
                                          "Total Cost": 313121.52,
                                          "Plan Rows": 6043452,
                                          "Plan Width": 12,
                                          "Actual Startup Time": 0.079,
                                          "Actual Total Time": 568.214,
                                          "Actual Rows": 5177763,
                                          "Actual Loops": 7
                                        },
                                        {
                                          "Node Type": "Index Scan",
                                          "Parent Relationship": "Inner",
                                          "Parallel Aware": false,
                                          "Scan Direction": "Forward",
                                          "Index Name": "role_type_pkey",
                                          "Relation Name": "role_type",
                                          "Alias": "rt",
                                          "Startup Cost": 0.14,
                                          "Total Cost": 0.16,
                                          "Plan Rows": 1,
                                          "Plan Width": 4,
                                          "Actual Startup Time": 0.003,
                                          "Actual Total Time": 0.003,
                                          "Actual Rows": 0,
                                          "Actual Loops": 36244344,
                                          "Index Cond": "(id = ci.role_id)",
                                          "Rows Removed by Index Recheck": 0,
                                          "Filter": "((role)::text = 'writer'::text)",
                                          "Rows Removed by Filter": 1
                                        }
                                      ]
                                    },
                                    {
                                      "Node Type": "Index Scan",
                                      "Parent Relationship": "Inner",
                                      "Parallel Aware": false,
                                      "Scan Direction": "Forward",
                                      "Index Name": "movie_id_movie_companies",
                                      "Relation Name": "movie_companies",
                                      "Alias": "mc",
                                      "Startup Cost": 0.43,
                                      "Total Cost": 0.52,
                                      "Plan Rows": 5,
                                      "Plan Width": 8,
                                      "Actual Startup Time": 0.003,
                                      "Actual Total Time": 0.003,
                                      "Actual Rows": 2,
                                      "Actual Loops": 2728943,
                                      "Index Cond": "(movie_id = ci.movie_id)",
                                      "Rows Removed by Index Recheck": 0
                                    }
                                  ]
                                },
                                {
                                  "Node Type": "Index Scan",
                                  "Parent Relationship": "Inner",
                                  "Parallel Aware": false,
                                  "Scan Direction": "Forward",
                                  "Index Name": "company_name_pkey",
                                  "Relation Name": "company_name",
                                  "Alias": "cn",
                                  "Startup Cost": 0.42,
                                  "Total Cost": 0.45,
                                  "Plan Rows": 1,
                                  "Plan Width": 4,
                                  "Actual Startup Time": 0.002,
                                  "Actual Total Time": 0.002,
                                  "Actual Rows": 0,
                                  "Actual Loops": 4450853,
                                  "Index Cond": "(id = mc.company_id)",
                                  "Rows Removed by Index Recheck": 0,
                                  "Filter": "((country_code)::text = '[us]'::text)",
                                  "Rows Removed by Filter": 1
                                }
                              ]
                            },
                            {
                              "Node Type": "Index Only Scan",
                              "Parent Relationship": "Inner",
                              "Parallel Aware": false,
                              "Scan Direction": "Forward",
                              "Index Name": "name_pkey",
                              "Relation Name": "name",
                              "Alias": "n1",
                              "Startup Cost": 0.43,
                              "Total Cost": 0.46,
                              "Plan Rows": 1,
                              "Plan Width": 4,
                              "Actual Startup Time": 0.002,
                              "Actual Total Time": 0.002,
                              "Actual Rows": 1,
                              "Actual Loops": 1970658,
                              "Index Cond": "(id = ci.person_id)",
                              "Rows Removed by Index Recheck": 0,
                              "Heap Fetches": 1970658
                            }
                          ]
                        },
                        {
                          "Node Type": "Index Scan",
                          "Parent Relationship": "Inner",
                          "Parallel Aware": false,
                          "Scan Direction": "Forward",
                          "Index Name": "title_pkey",
                          "Relation Name": "title",
                          "Alias": "t",
                          "Startup Cost": 0.43,
                          "Total Cost": 0.45,
                          "Plan Rows": 1,
                          "Plan Width": 21,
                          "Actual Startup Time": 0.002,
                          "Actual Total Time": 0.002,
                          "Actual Rows": 1,
                          "Actual Loops": 1970658,
                          "Index Cond": "(id = ci.movie_id)",
                          "Rows Removed by Index Recheck": 0
                        }
                      ]
                    },
                    {
                      "Node Type": "Index Scan",
                      "Parent Relationship": "Inner",
                      "Parallel Aware": false,
                      "Scan Direction": "Forward",
                      "Index Name": "person_id_aka_name",
                      "Relation Name": "aka_name",
                      "Alias": "a1",
                      "Startup Cost": 0.42,
                      "Total Cost": 0.46,
                      "Plan Rows": 2,
                      "Plan Width": 20,
                      "Actual Startup Time": 0.001,
                      "Actual Total Time": 0.002,
                      "Actual Rows": 1,
                      "Actual Loops": 1970658,
                      "Index Cond": "(person_id = ci.person_id)",
                      "Rows Removed by Index Recheck": 0
                    }
                  ]
                }
              ]
            }
          ]
        }
      ]
    },
    "Planning Time": 496.451,
    "Triggers": [],
    "Execution Time": 20876.681
  }
]