[
    {
        "Bao": {
            "Bao prediction": "NaN",
            "Bao recommended hint": "(no hint)"
        }
    },
    {
        "Plan": {
            "Node Type": "Aggregate",
            "Strategy": "Plain",
            "Partial Mode": "Finalize",
            "Parallel Aware": false,
            "Startup Cost": 287336.52,
            "Total Cost": 287336.53,
            "Plan Rows": 1,
            "Plan Width": 8,
            "Actual Startup Time": 779.336,
            "Actual Total Time": 806.201,
            "Actual Rows": 1,
            "Actual Loops": 1,
            "Output": [
                "count(*)"
            ],
            "Plans": [
                {
                    "Node Type": "Gather",
                    "Parent Relationship": "Outer",
                    "Parallel Aware": false,
                    "Startup Cost": 287336.0,
                    "Total Cost": 287336.51,
                    "Plan Rows": 5,
                    "Plan Width": 8,
                    "Actual Startup Time": 768.605,
                    "Actual Total Time": 806.191,
                    "Actual Rows": 6,
                    "Actual Loops": 1,
                    "Output": [
                        "(PARTIAL count(*))"
                    ],
                    "Workers Planned": 5,
                    "Workers Launched": 5,
                    "Single Copy": false,
                    "Plans": [
                        {
                            "Node Type": "Aggregate",
                            "Strategy": "Plain",
                            "Partial Mode": "Partial",
                            "Parent Relationship": "Outer",
                            "Parallel Aware": false,
                            "Startup Cost": 286336.0,
                            "Total Cost": 286336.01,
                            "Plan Rows": 1,
                            "Plan Width": 8,
                            "Actual Startup Time": 759.074,
                            "Actual Total Time": 759.397,
                            "Actual Rows": 1,
                            "Actual Loops": 6,
                            "Output": [
                                "PARTIAL count(*)"
                            ],
                            "Workers": [
                                {
                                    "Worker Number": 0,
                                    "Actual Startup Time": 756.414,
                                    "Actual Total Time": 756.419,
                                    "Actual Rows": 1,
                                    "Actual Loops": 1
                                },
                                {
                                    "Worker Number": 1,
                                    "Actual Startup Time": 757.68,
                                    "Actual Total Time": 757.686,
                                    "Actual Rows": 1,
                                    "Actual Loops": 1
                                },
                                {
                                    "Worker Number": 2,
                                    "Actual Startup Time": 757.073,
                                    "Actual Total Time": 757.077,
                                    "Actual Rows": 1,
                                    "Actual Loops": 1
                                },
                                {
                                    "Worker Number": 3,
                                    "Actual Startup Time": 757.526,
                                    "Actual Total Time": 757.532,
                                    "Actual Rows": 1,
                                    "Actual Loops": 1
                                },
                                {
                                    "Worker Number": 4,
                                    "Actual Startup Time": 757.542,
                                    "Actual Total Time": 757.546,
                                    "Actual Rows": 1,
                                    "Actual Loops": 1
                                }
                            ],
                            "Plans": [
                                {
                                    "Node Type": "Hash Join",
                                    "Parent Relationship": "Outer",
                                    "Parallel Aware": true,
                                    "Join Type": "Inner",
                                    "Startup Cost": 84934.07,
                                    "Total Cost": 285964.94,
                                    "Plan Rows": 148426,
                                    "Plan Width": 0,
                                    "Actual Startup Time": 369.533,
                                    "Actual Total Time": 736.703,
                                    "Actual Rows": 501292,
                                    "Actual Loops": 6,
                                    "Inner Unique": false,
                                    "Hash Cond": "(mi.movie_id = t.id)",
                                    "Workers": [
                                        {
                                            "Worker Number": 0,
                                            "Actual Startup Time": 367.066,
                                            "Actual Total Time": 732.839,
                                            "Actual Rows": 360339,
                                            "Actual Loops": 1
                                        },
                                        {
                                            "Worker Number": 1,
                                            "Actual Startup Time": 367.121,
                                            "Actual Total Time": 735.893,
                                            "Actual Rows": 365681,
                                            "Actual Loops": 1
                                        },
                                        {
                                            "Worker Number": 2,
                                            "Actual Startup Time": 367.72,
                                            "Actual Total Time": 735.013,
                                            "Actual Rows": 551880,
                                            "Actual Loops": 1
                                        },
                                        {
                                            "Worker Number": 3,
                                            "Actual Startup Time": 368.173,
                                            "Actual Total Time": 735.389,
                                            "Actual Rows": 555361,
                                            "Actual Loops": 1
                                        },
                                        {
                                            "Worker Number": 4,
                                            "Actual Startup Time": 368.264,
                                            "Actual Total Time": 735.112,
                                            "Actual Rows": 548205,
                                            "Actual Loops": 1
                                        }
                                    ],
                                    "Plans": [
                                        {
                                            "Node Type": "Seq Scan",
                                            "Parent Relationship": "Outer",
                                            "Parallel Aware": true,
                                            "Relation Name": "movie_info",
                                            "Schema": "public",
                                            "Alias": "mi",
                                            "Startup Cost": 0.0,
                                            "Total Cost": 198880.74,
                                            "Plan Rows": 445687,
                                            "Plan Width": 4,
                                            "Actual Startup Time": 15.715,
                                            "Actual Total Time": 276.648,
                                            "Actual Rows": 372308,
                                            "Actual Loops": 6,
                                            "Output": [
                                                "mi.id",
                                                "mi.movie_id",
                                                "mi.info_type_id",
                                                "mi.info",
                                                "mi.note"
                                            ],
                                            "Filter": "(mi.info_type_id > 16)",
                                            "Rows Removed by Filter": 2100312,
                                            "Workers": [
                                                {
                                                    "Worker Number": 0,
                                                    "Actual Startup Time": 15.72,
                                                    "Actual Total Time": 281.768,
                                                    "Actual Rows": 267015,
                                                    "Actual Loops": 1
                                                },
                                                {
                                                    "Worker Number": 1,
                                                    "Actual Startup Time": 15.72,
                                                    "Actual Total Time": 280.311,
                                                    "Actual Rows": 275637,
                                                    "Actual Loops": 1
                                                },
                                                {
                                                    "Worker Number": 2,
                                                    "Actual Startup Time": 15.652,
                                                    "Actual Total Time": 278.313,
                                                    "Actual Rows": 405078,
                                                    "Actual Loops": 1
                                                },
                                                {
                                                    "Worker Number": 3,
                                                    "Actual Startup Time": 15.75,
                                                    "Actual Total Time": 278.296,
                                                    "Actual Rows": 403485,
                                                    "Actual Loops": 1
                                                },
                                                {
                                                    "Worker Number": 4,
                                                    "Actual Startup Time": 15.721,
                                                    "Actual Total Time": 278.314,
                                                    "Actual Rows": 403611,
                                                    "Actual Loops": 1
                                                }
                                            ]
                                        },
                                        {
                                            "Node Type": "Hash",
                                            "Parent Relationship": "Inner",
                                            "Parallel Aware": true,
                                            "Startup Cost": 81538.9,
                                            "Total Cost": 81538.9,
                                            "Plan Rows": 271614,
                                            "Plan Width": 8,
                                            "Actual Startup Time": 351.25,
                                            "Actual Total Time": 351.572,
                                            "Actual Rows": 123199,
                                            "Actual Loops": 6,
                                            "Output": [
                                                "t.id",
                                                "mc.movie_id"
                                            ],
                                            "Hash Buckets": 1048576,
                                            "Original Hash Buckets": 1048576,
                                            "Hash Batches": 1,
                                            "Original Hash Batches": 1,
                                            "Peak Memory Usage": 37216,
                                            "Workers": [
                                                {
                                                    "Worker Number": 0,
                                                    "Actual Startup Time": 350.583,
                                                    "Actual Total Time": 350.587,
                                                    "Actual Rows": 93528,
                                                    "Actual Loops": 1
                                                },
                                                {
                                                    "Worker Number": 1,
                                                    "Actual Startup Time": 350.603,
                                                    "Actual Total Time": 350.606,
                                                    "Actual Rows": 113905,
                                                    "Actual Loops": 1
                                                },
                                                {
                                                    "Worker Number": 2,
                                                    "Actual Startup Time": 351.155,
                                                    "Actual Total Time": 351.157,
                                                    "Actual Rows": 129343,
                                                    "Actual Loops": 1
                                                },
                                                {
                                                    "Worker Number": 3,
                                                    "Actual Startup Time": 351.694,
                                                    "Actual Total Time": 351.698,
                                                    "Actual Rows": 131501,
                                                    "Actual Loops": 1
                                                },
                                                {
                                                    "Worker Number": 4,
                                                    "Actual Startup Time": 351.693,
                                                    "Actual Total Time": 351.696,
                                                    "Actual Rows": 131070,
                                                    "Actual Loops": 1
                                                }
                                            ],
                                            "Plans": [
                                                {
                                                    "Node Type": "Hash Join",
                                                    "Parent Relationship": "Outer",
                                                    "Parallel Aware": true,
                                                    "Join Type": "Inner",
                                                    "Startup Cost": 49025.14,
                                                    "Total Cost": 81538.9,
                                                    "Plan Rows": 271614,
                                                    "Plan Width": 8,
                                                    "Actual Startup Time": 216.994,
                                                    "Actual Total Time": 313.779,
                                                    "Actual Rows": 123199,
                                                    "Actual Loops": 6,
                                                    "Output": [
                                                        "t.id",
                                                        "mc.movie_id"
                                                    ],
                                                    "Inner Unique": true,
                                                    "Hash Cond": "(mc.movie_id = t.id)",
                                                    "Workers": [
                                                        {
                                                            "Worker Number": 0,
                                                            "Actual Startup Time": 216.292,
                                                            "Actual Total Time": 312.232,
                                                            "Actual Rows": 93528,
                                                            "Actual Loops": 1
                                                        },
                                                        {
                                                            "Worker Number": 1,
                                                            "Actual Startup Time": 216.316,
                                                            "Actual Total Time": 311.863,
                                                            "Actual Rows": 113905,
                                                            "Actual Loops": 1
                                                        },
                                                        {
                                                            "Worker Number": 2,
                                                            "Actual Startup Time": 217.01,
                                                            "Actual Total Time": 314.718,
                                                            "Actual Rows": 129343,
                                                            "Actual Loops": 1
                                                        },
                                                        {
                                                            "Worker Number": 3,
                                                            "Actual Startup Time": 217.401,
                                                            "Actual Total Time": 313.909,
                                                            "Actual Rows": 131501,
                                                            "Actual Loops": 1
                                                        },
                                                        {
                                                            "Worker Number": 4,
                                                            "Actual Startup Time": 217.405,
                                                            "Actual Total Time": 314.381,
                                                            "Actual Rows": 131070,
                                                            "Actual Loops": 1
                                                        }
                                                    ],
                                                    "Plans": [
                                                        {
                                                            "Node Type": "Seq Scan",
                                                            "Parent Relationship": "Outer",
                                                            "Parallel Aware": true,
                                                            "Relation Name": "movie_companies",
                                                            "Schema": "public",
                                                            "Alias": "mc",
                                                            "Startup Cost": 0.0,
                                                            "Total Cost": 31414.82,
                                                            "Plan Rows": 418642,
                                                            "Plan Width": 4,
                                                            "Actual Startup Time": 21.581,
                                                            "Actual Total Time": 50.169,
                                                            "Actual Rows": 221260,
                                                            "Actual Loops": 6,
                                                            "Output": [
                                                                "mc.id",
                                                                "mc.movie_id",
                                                                "mc.company_id",
                                                                "mc.company_type_id",
                                                                "mc.note"
                                                            ],
                                                            "Filter": "((mc.company_id > 6) AND (mc.company_type_id = 2))",
                                                            "Rows Removed by Filter": 213594,
                                                            "Workers": [
                                                                {
                                                                    "Worker Number": 0,
                                                                    "Actual Startup Time": 21.496,
                                                                    "Actual Total Time": 53.678,
                                                                    "Actual Rows": 165875,
                                                                    "Actual Loops": 1
                                                                },
                                                                {
                                                                    "Worker Number": 1,
                                                                    "Actual Startup Time": 21.668,
                                                                    "Actual Total Time": 48.44,
                                                                    "Actual Rows": 201522,
                                                                    "Actual Loops": 1
                                                                },
                                                                {
                                                                    "Worker Number": 2,
                                                                    "Actual Startup Time": 21.661,
                                                                    "Actual Total Time": 50.477,
                                                                    "Actual Rows": 236286,
                                                                    "Actual Loops": 1
                                                                },
                                                                {
                                                                    "Worker Number": 3,
                                                                    "Actual Startup Time": 21.501,
                                                                    "Actual Total Time": 50.258,
                                                                    "Actual Rows": 236064,
                                                                    "Actual Loops": 1
                                                                },
                                                                {
                                                                    "Worker Number": 4,
                                                                    "Actual Startup Time": 21.524,
                                                                    "Actual Total Time": 50.639,
                                                                    "Actual Rows": 238923,
                                                                    "Actual Loops": 1
                                                                }
                                                            ]
                                                        },
                                                        {
                                                            "Node Type": "Hash",
                                                            "Parent Relationship": "Inner",
                                                            "Parallel Aware": true,
                                                            "Startup Cost": 43899.01,
                                                            "Total Cost": 43899.01,
                                                            "Plan Rows": 410091,
                                                            "Plan Width": 4,
                                                            "Actual Startup Time": 192.925,
                                                            "Actual Total Time": 192.926,
                                                            "Actual Rows": 273919,
                                                            "Actual Loops": 6,
                                                            "Output": [
                                                                "t.id"
                                                            ],
                                                            "Hash Buckets": 2097152,
                                                            "Original Hash Buckets": 2097152,
                                                            "Hash Batches": 1,
                                                            "Original Hash Batches": 1,
                                                            "Peak Memory Usage": 80800,
                                                            "Workers": [
                                                                {
                                                                    "Worker Number": 0,
                                                                    "Actual Startup Time": 194.512,
                                                                    "Actual Total Time": 194.513,
                                                                    "Actual Rows": 198265,
                                                                    "Actual Loops": 1
                                                                },
                                                                {
                                                                    "Worker Number": 1,
                                                                    "Actual Startup Time": 194.587,
                                                                    "Actual Total Time": 194.589,
                                                                    "Actual Rows": 238205,
                                                                    "Actual Loops": 1
                                                                },
                                                                {
                                                                    "Worker Number": 2,
                                                                    "Actual Startup Time": 195.216,
                                                                    "Actual Total Time": 195.217,
                                                                    "Actual Rows": 276062,
                                                                    "Actual Loops": 1
                                                                },
                                                                {
                                                                    "Worker Number": 3,
                                                                    "Actual Startup Time": 195.649,
                                                                    "Actual Total Time": 195.651,
                                                                    "Actual Rows": 276048,
                                                                    "Actual Loops": 1
                                                                },
                                                                {
                                                                    "Worker Number": 4,
                                                                    "Actual Startup Time": 195.645,
                                                                    "Actual Total Time": 195.646,
                                                                    "Actual Rows": 255747,
                                                                    "Actual Loops": 1
                                                                }
                                                            ],
                                                            "Plans": [
                                                                {
                                                                    "Node Type": "Seq Scan",
                                                                    "Parent Relationship": "Outer",
                                                                    "Parallel Aware": true,
                                                                    "Relation Name": "title",
                                                                    "Schema": "public",
                                                                    "Alias": "t",
                                                                    "Startup Cost": 0.0,
                                                                    "Total Cost": 43899.01,
                                                                    "Plan Rows": 410091,
                                                                    "Plan Width": 4,
                                                                    "Actual Startup Time": 0.049,
                                                                    "Actual Total Time": 81.378,
                                                                    "Actual Rows": 273919,
                                                                    "Actual Loops": 6,
                                                                    "Output": [
                                                                        "t.id"
                                                                    ],
                                                                    "Filter": "(t.production_year > 1994)",
                                                                    "Rows Removed by Filter": 147466,
                                                                    "Workers": [
                                                                        {
                                                                            "Worker Number": 0,
                                                                            "Actual Startup Time": 0.075,
                                                                            "Actual Total Time": 86.91,
                                                                            "Actual Rows": 198265,
                                                                            "Actual Loops": 1
                                                                        },
                                                                        {
                                                                            "Worker Number": 1,
                                                                            "Actual Startup Time": 0.065,
                                                                            "Actual Total Time": 79.385,
                                                                            "Actual Rows": 238205,
                                                                            "Actual Loops": 1
                                                                        },
                                                                        {
                                                                            "Worker Number": 2,
                                                                            "Actual Startup Time": 0.029,
                                                                            "Actual Total Time": 83.035,
                                                                            "Actual Rows": 276062,
                                                                            "Actual Loops": 1
                                                                        },
                                                                        {
                                                                            "Worker Number": 3,
                                                                            "Actual Startup Time": 0.061,
                                                                            "Actual Total Time": 83.199,
                                                                            "Actual Rows": 276048,
                                                                            "Actual Loops": 1
                                                                        },
                                                                        {
                                                                            "Worker Number": 4,
                                                                            "Actual Startup Time": 0.049,
                                                                            "Actual Total Time": 84.048,
                                                                            "Actual Rows": 255747,
                                                                            "Actual Loops": 1
                                                                        }
                                                                    ]
                                                                }
                                                            ]
                                                        }
                                                    ]
                                                }
                                            ]
                                        }
                                    ]
                                }
                            ]
                        }
                    ]
                }
            ]
        },
        "Planning Time": 178.376,
        "Triggers": [],
        "Execution Time": 806.265
    }
]