[
  {
    "Plan": {
      "Node Type": "Aggregate",
      "Strategy": "Plain",
      "Partial Mode": "Finalize",
      "Parallel Aware": false,
      "Startup Cost": 76060.93,
      "Total Cost": 76060.94,
      "Plan Rows": 1,
      "Plan Width": 8,
      "Actual Startup Time": 224.667,
      "Actual Total Time": 241.971,
      "Actual Rows": 1,
      "Actual Loops": 1,
      "Plans": [
        {
          "Node Type": "Gather",
          "Parent Relationship": "Outer",
          "Parallel Aware": false,
          "Startup Cost": 76060.61,
          "Total Cost": 76060.92,
          "Plan Rows": 3,
          "Plan Width": 8,
          "Actual Startup Time": 224.401,
          "Actual Total Time": 241.963,
          "Actual Rows": 4,
          "Actual Loops": 1,
          "Workers Planned": 3,
          "Workers Launched": 3,
          "Single Copy": false,
          "Plans": [
            {
              "Node Type": "Aggregate",
              "Strategy": "Plain",
              "Partial Mode": "Partial",
              "Parent Relationship": "Outer",
              "Parallel Aware": false,
              "Startup Cost": 75060.61,
              "Total Cost": 75060.62,
              "Plan Rows": 1,
              "Plan Width": 8,
              "Actual Startup Time": 215.641,
              "Actual Total Time": 215.644,
              "Actual Rows": 1,
              "Actual Loops": 4,
              "Plans": [
                {
                  "Node Type": "Hash Join",
                  "Parent Relationship": "Outer",
                  "Parallel Aware": true,
                  "Join Type": "Inner",
                  "Startup Cost": 45609.89,
                  "Total Cost": 75025.78,
                  "Plan Rows": 13933,
                  "Plan Width": 0,
                  "Actual Startup Time": 98.982,
                  "Actual Total Time": 215.482,
                  "Actual Rows": 3330,
                  "Actual Loops": 4,
                  "Inner Unique": true,
                  "Hash Cond": "(mc.movie_id = t.id)",
                  "Plans": [
                    {
                      "Node Type": "Seq Scan",
                      "Parent Relationship": "Outer",
                      "Parallel Aware": true,
                      "Relation Name": "movie_companies",
                      "Alias": "mc",
                      "Startup Cost": 0.0,
                      "Total Cost": 27206.55,
                      "Plan Rows": 841655,
                      "Plan Width": 4,
                      "Actual Startup Time": 0.019,
                      "Actual Total Time": 55.582,
                      "Actual Rows": 652282,
                      "Actual Loops": 4
                    },
                    {
                      "Node Type": "Hash",
                      "Parent Relationship": "Inner",
                      "Parallel Aware": true,
                      "Startup Cost": 45479.1,
                      "Total Cost": 45479.1,
                      "Plan Rows": 10463,
                      "Plan Width": 4,
                      "Actual Startup Time": 97.053,
                      "Actual Total Time": 97.054,
                      "Actual Rows": 10064,
                      "Actual Loops": 4,
                      "Hash Buckets": 65536,
                      "Original Hash Buckets": 65536,
                      "Hash Batches": 1,
                      "Original Hash Batches": 1,
                      "Peak Memory Usage": 2144,
                      "Plans": [
                        {
                          "Node Type": "Seq Scan",
                          "Parent Relationship": "Outer",
                          "Parallel Aware": true,
                          "Relation Name": "title",
                          "Alias": "t",
                          "Startup Cost": 0.0,
                          "Total Cost": 45479.1,
                          "Plan Rows": 10463,
                          "Plan Width": 4,
                          "Actual Startup Time": 0.076,
                          "Actual Total Time": 92.014,
                          "Actual Rows": 10064,
                          "Actual Loops": 4,
                          "Filter": "((production_year > 2012) AND (kind_id = 7))",
                          "Rows Removed by Filter": 622014
                        }
                      ]
                    }
                  ]
                }
              ]
            }
          ]
        }
      ]
    },
    "Planning Time": 0.595,
    "Triggers": [],
    "Execution Time": 242.037
  }
]