[
  {
    "Plan": {
      "Node Type": "Aggregate",
      "Strategy": "Plain",
      "Partial Mode": "Finalize",
      "Parallel Aware": false,
      "Startup Cost": 33054.03,
      "Total Cost": 33054.04,
      "Plan Rows": 1,
      "Plan Width": 8,
      "Actual Startup Time": 95.084,
      "Actual Total Time": 103.05,
      "Actual Rows": 1,
      "Actual Loops": 1,
      "Plans": [
        {
          "Node Type": "Gather",
          "Parent Relationship": "Outer",
          "Parallel Aware": false,
          "Startup Cost": 33053.72,
          "Total Cost": 33054.03,
          "Plan Rows": 3,
          "Plan Width": 8,
          "Actual Startup Time": 94.965,
          "Actual Total Time": 103.041,
          "Actual Rows": 4,
          "Actual Loops": 1,
          "Workers Planned": 3,
          "Workers Launched": 3,
          "Single Copy": false,
          "Plans": [
            {
              "Node Type": "Aggregate",
              "Strategy": "Plain",
              "Partial Mode": "Partial",
              "Parent Relationship": "Outer",
              "Parallel Aware": false,
              "Startup Cost": 32053.72,
              "Total Cost": 32053.73,
              "Plan Rows": 1,
              "Plan Width": 8,
              "Actual Startup Time": 86.244,
              "Actual Total Time": 86.245,
              "Actual Rows": 1,
              "Actual Loops": 4,
              "Plans": [
                {
                  "Node Type": "Seq Scan",
                  "Parent Relationship": "Outer",
                  "Parallel Aware": true,
                  "Relation Name": "movie_companies",
                  "Alias": "mc",
                  "Startup Cost": 0.0,
                  "Total Cost": 31414.82,
                  "Plan Rows": 255559,
                  "Plan Width": 0,
                  "Actual Startup Time": 6.193,
                  "Actual Total Time": 79.294,
                  "Actual Rows": 144075,
                  "Actual Loops": 4,
                  "Filter": "((company_id > 4625) AND (company_type_id = 1))",
                  "Rows Removed by Filter": 508208
                }
              ]
            }
          ]
        }
      ]
    },
    "Planning Time": 0.192,
    "Triggers": [],
    "Execution Time": 103.114
  }
]