[
  {
    "Plan": {
      "Node Type": "Aggregate",
      "Strategy": "Plain",
      "Partial Mode": "Finalize",
      "Parallel Aware": false,
      "Startup Cost": 442700.07,
      "Total Cost": 442700.08,
      "Plan Rows": 1,
      "Plan Width": 8,
      "Actual Startup Time": 3274.311,
      "Actual Total Time": 3333.065,
      "Actual Rows": 1,
      "Actual Loops": 1,
      "Plans": [
        {
          "Node Type": "Gather",
          "Parent Relationship": "Outer",
          "Parallel Aware": false,
          "Startup Cost": 442699.45,
          "Total Cost": 442700.06,
          "Plan Rows": 6,
          "Plan Width": 8,
          "Actual Startup Time": 3259.654,
          "Actual Total Time": 3333.055,
          "Actual Rows": 7,
          "Actual Loops": 1,
          "Workers Planned": 6,
          "Workers Launched": 6,
          "Single Copy": false,
          "Plans": [
            {
              "Node Type": "Aggregate",
              "Strategy": "Plain",
              "Partial Mode": "Partial",
              "Parent Relationship": "Outer",
              "Parallel Aware": false,
              "Startup Cost": 441699.45,
              "Total Cost": 441699.46,
              "Plan Rows": 1,
              "Plan Width": 8,
              "Actual Startup Time": 3247.596,
              "Actual Total Time": 3247.602,
              "Actual Rows": 1,
              "Actual Loops": 7,
              "Plans": [
                {
                  "Node Type": "Hash Join",
                  "Parent Relationship": "Outer",
                  "Parallel Aware": true,
                  "Join Type": "Inner",
                  "Startup Cost": 95721.14,
                  "Total Cost": 437215.9,
                  "Plan Rows": 1793421,
                  "Plan Width": 0,
                  "Actual Startup Time": 346.83,
                  "Actual Total Time": 2762.309,
                  "Actual Rows": 11399972,
                  "Actual Loops": 7,
                  "Inner Unique": false,
                  "Hash Cond": "(ci.movie_id = t.id)",
                  "Plans": [
                    {
                      "Node Type": "Seq Scan",
                      "Parent Relationship": "Outer",
                      "Parallel Aware": true,
                      "Relation Name": "cast_info",
                      "Alias": "ci",
                      "Startup Cost": 0.0,
                      "Total Cost": 313067.02,
                      "Plan Rows": 6038002,
                      "Plan Width": 4,
                      "Actual Startup Time": 0.021,
                      "Actual Total Time": 530.413,
                      "Actual Rows": 5177763,
                      "Actual Loops": 7
                    },
                    {
                      "Node Type": "Hash",
                      "Parent Relationship": "Inner",
                      "Parallel Aware": true,
                      "Startup Cost": 92693.08,
                      "Total Cost": 92693.08,
                      "Plan Rows": 242245,
                      "Plan Width": 8,
                      "Actual Startup Time": 343.429,
                      "Actual Total Time": 343.433,
                      "Actual Rows": 187651,
                      "Actual Loops": 7,
                      "Hash Buckets": 2097152,
                      "Original Hash Buckets": 1048576,
                      "Hash Batches": 1,
                      "Original Hash Batches": 1,
                      "Peak Memory Usage": 76096,
                      "Plans": [
                        {
                          "Node Type": "Hash Join",
                          "Parent Relationship": "Outer",
                          "Parallel Aware": true,
                          "Join Type": "Inner",
                          "Startup Cost": 47456.02,
                          "Total Cost": 92693.08,
                          "Plan Rows": 242245,
                          "Plan Width": 8,
                          "Actual Startup Time": 123.579,
                          "Actual Total Time": 263.756,
                          "Actual Rows": 187651,
                          "Actual Loops": 7,
                          "Inner Unique": true,
                          "Hash Cond": "(mk.movie_id = t.id)",
                          "Plans": [
                            {
                              "Node Type": "Seq Scan",
                              "Parent Relationship": "Outer",
                              "Parallel Aware": true,
                              "Relation Name": "movie_keyword",
                              "Alias": "mk",
                              "Startup Cost": 0.0,
                              "Total Cost": 42695.65,
                              "Plan Rows": 968152,
                              "Plan Width": 4,
                              "Actual Startup Time": 0.03,
                              "Actual Total Time": 77.235,
                              "Actual Rows": 427684,
                              "Actual Loops": 7,
                              "Filter": "(keyword_id < 10474)",
                              "Rows Removed by Filter": 218591
                            },
                            {
                              "Node Type": "Hash",
                              "Parent Relationship": "Inner",
                              "Parallel Aware": true,
                              "Startup Cost": 45479.1,
                              "Total Cost": 45479.1,
                              "Plan Rows": 158154,
                              "Plan Width": 4,
                              "Actual Startup Time": 121.785,
                              "Actual Total Time": 121.786,
                              "Actual Rows": 76083,
                              "Actual Loops": 7,
                              "Hash Buckets": 1048576,
                              "Original Hash Buckets": 1048576,
                              "Hash Batches": 1,
                              "Original Hash Batches": 1,
                              "Peak Memory Usage": 29184,
                              "Plans": [
                                {
                                  "Node Type": "Seq Scan",
                                  "Parent Relationship": "Outer",
                                  "Parallel Aware": true,
                                  "Relation Name": "title",
                                  "Alias": "t",
                                  "Startup Cost": 0.0,
                                  "Total Cost": 45479.1,
                                  "Plan Rows": 158154,
                                  "Plan Width": 4,
                                  "Actual Startup Time": 0.054,
                                  "Actual Total Time": 80.159,
                                  "Actual Rows": 76083,
                                  "Actual Loops": 7,
                                  "Filter": "((kind_id < 7) AND (production_year > 1995))",
                                  "Rows Removed by Filter": 285104
                                }
                              ]
                            }
                          ]
                        }
                      ]
                    }
                  ]
                }
              ]
            }
          ]
        }
      ]
    },
    "Planning Time": 1.275,
    "Triggers": [],
    "Execution Time": 3333.165
  }
]