{
    "Plan": {
        "Node Type": "Aggregate",
        "Strategy": "Plain",
        "Partial Mode": "Finalize",
        "Parallel Aware": false,
        "Startup Cost": 101388.9,
        "Total Cost": 101388.91,
        "Plan Rows": 1,
        "Plan Width": 8,
        "Actual Startup Time": 256.181,
        "Actual Total Time": 268.813,
        "Actual Rows": 1,
        "Actual Loops": 1,
        "Output": [
            "count(*)"
        ],
        "Plans": [
            {
                "Node Type": "Gather",
                "Parent Relationship": "Outer",
                "Parallel Aware": false,
                "Startup Cost": 101388.79,
                "Total Cost": 101388.9,
                "Plan Rows": 1,
                "Plan Width": 8,
                "Actual Startup Time": 255.118,
                "Actual Total Time": 268.804,
                "Actual Rows": 2,
                "Actual Loops": 1,
                "Output": [
                    "(PARTIAL count(*))"
                ],
                "Workers Planned": 1,
                "Workers Launched": 1,
                "Single Copy": false,
                "Plans": [
                    {
                        "Node Type": "Aggregate",
                        "Strategy": "Plain",
                        "Partial Mode": "Partial",
                        "Parent Relationship": "Outer",
                        "Parallel Aware": false,
                        "Startup Cost": 100388.79,
                        "Total Cost": 100388.8,
                        "Plan Rows": 1,
                        "Plan Width": 8,
                        "Actual Startup Time": 249.296,
                        "Actual Total Time": 249.299,
                        "Actual Rows": 1,
                        "Actual Loops": 2,
                        "Output": [
                            "PARTIAL count(*)"
                        ],
                        "Workers": [
                            {
                                "Worker Number": 0,
                                "Actual Startup Time": 244.047,
                                "Actual Total Time": 244.049,
                                "Actual Rows": 1,
                                "Actual Loops": 1
                            }
                        ],
                        "Plans": [
                            {
                                "Node Type": "Hash Join",
                                "Parent Relationship": "Outer",
                                "Parallel Aware": true,
                                "Join Type": "Inner",
                                "Startup Cost": 45240.07,
                                "Total Cost": 100381.71,
                                "Plan Rows": 2830,
                                "Plan Width": 0,
                                "Actual Startup Time": 238.804,
                                "Actual Total Time": 249.172,
                                "Actual Rows": 2576,
                                "Actual Loops": 2,
                                "Inner Unique": true,
                                "Hash Cond": "(ci.movie_id = t.id)",
                                "Workers": [
                                    {
                                        "Worker Number": 0,
                                        "Actual Startup Time": 233.454,
                                        "Actual Total Time": 243.914,
                                        "Actual Rows": 2671,
                                        "Actual Loops": 1
                                    }
                                ],
                                "Plans": [
                                    {
                                        "Node Type": "Index Scan",
                                        "Parent Relationship": "Outer",
                                        "Parallel Aware": true,
                                        "Scan Direction": "Forward",
                                        "Index Name": "person_id_cast_info",
                                        "Relation Name": "cast_info",
                                        "Schema": "public",
                                        "Alias": "ci",
                                        "Startup Cost": 0.56,
                                        "Total Cost": 55098.41,
                                        "Plan Rows": 16682,
                                        "Plan Width": 4,
                                        "Actual Startup Time": 0.074,
                                        "Actual Total Time": 3.586,
                                        "Actual Rows": 16991,
                                        "Actual Loops": 2,
                                        "Output": [
                                            "ci.id",
                                            "ci.person_id",
                                            "ci.movie_id",
                                            "ci.person_role_id",
                                            "ci.note",
                                            "ci.nr_order",
                                            "ci.role_id"
                                        ],
                                        "Index Cond": "(ci.person_id > 4056337)",
                                        "Rows Removed by Index Recheck": 0,
                                        "Workers": [
                                            {
                                                "Worker Number": 0,
                                                "Actual Startup Time": 0.073,
                                                "Actual Total Time": 3.677,
                                                "Actual Rows": 17069,
                                                "Actual Loops": 1
                                            }
                                        ]
                                    },
                                    {
                                        "Node Type": "Hash",
                                        "Parent Relationship": "Inner",
                                        "Parallel Aware": true,
                                        "Startup Cost": 43899.01,
                                        "Total Cost": 43899.01,
                                        "Plan Rows": 107240,
                                        "Plan Width": 4,
                                        "Actual Startup Time": 233.273,
                                        "Actual Total Time": 233.274,
                                        "Actual Rows": 211890,
                                        "Actual Loops": 2,
                                        "Output": [
                                            "t.id"
                                        ],
                                        "Hash Buckets": 524288,
                                        "Original Hash Buckets": 524288,
                                        "Hash Batches": 1,
                                        "Original Hash Batches": 1,
                                        "Peak Memory Usage": 20704,
                                        "Workers": [
                                            {
                                                "Worker Number": 0,
                                                "Actual Startup Time": 232.995,
                                                "Actual Total Time": 232.995,
                                                "Actual Rows": 196820,
                                                "Actual Loops": 1
                                            }
                                        ],
                                        "Plans": [
                                            {
                                                "Node Type": "Seq Scan",
                                                "Parent Relationship": "Outer",
                                                "Parallel Aware": true,
                                                "Relation Name": "title",
                                                "Schema": "public",
                                                "Alias": "t",
                                                "Startup Cost": 0.0,
                                                "Total Cost": 43899.01,
                                                "Plan Rows": 107240,
                                                "Plan Width": 4,
                                                "Actual Startup Time": 0.036,
                                                "Actual Total Time": 165.919,
                                                "Actual Rows": 211890,
                                                "Actual Loops": 2,
                                                "Output": [
                                                    "t.id"
                                                ],
                                                "Filter": "(t.production_year < 1974)",
                                                "Rows Removed by Filter": 1052266,
                                                "Workers": [
                                                    {
                                                        "Worker Number": 0,
                                                        "Actual Startup Time": 0.049,
                                                        "Actual Total Time": 166.686,
                                                        "Actual Rows": 196820,
                                                        "Actual Loops": 1
                                                    }
                                                ]
                                            }
                                        ]
                                    }
                                ]
                            }
                        ]
                    }
                ]
            }
        ]
    },
    "Planning Time": 0.797,
    "Triggers": [],
    "Execution Time": 268.9
}