[
  {
    "Plan": {
      "Node Type": "Aggregate",
      "Strategy": "Plain",
      "Partial Mode": "Finalize",
      "Parallel Aware": false,
      "Startup Cost": 425383.01,
      "Total Cost": 425383.02,
      "Plan Rows": 1,
      "Plan Width": 8,
      "Actual Startup Time": 3104.214,
      "Actual Total Time": 3156.358,
      "Actual Rows": 1,
      "Actual Loops": 1,
      "Plans": [
        {
          "Node Type": "Gather",
          "Parent Relationship": "Outer",
          "Parallel Aware": false,
          "Startup Cost": 425382.38,
          "Total Cost": 425382.99,
          "Plan Rows": 6,
          "Plan Width": 8,
          "Actual Startup Time": 3089.754,
          "Actual Total Time": 3156.35,
          "Actual Rows": 7,
          "Actual Loops": 1,
          "Workers Planned": 6,
          "Workers Launched": 6,
          "Single Copy": false,
          "Plans": [
            {
              "Node Type": "Aggregate",
              "Strategy": "Plain",
              "Partial Mode": "Partial",
              "Parent Relationship": "Outer",
              "Parallel Aware": false,
              "Startup Cost": 424382.38,
              "Total Cost": 424382.39,
              "Plan Rows": 1,
              "Plan Width": 8,
              "Actual Startup Time": 3079.579,
              "Actual Total Time": 3079.584,
              "Actual Rows": 1,
              "Actual Loops": 7,
              "Plans": [
                {
                  "Node Type": "Hash Join",
                  "Parent Relationship": "Outer",
                  "Parallel Aware": true,
                  "Join Type": "Inner",
                  "Startup Cost": 79566.59,
                  "Total Cost": 420430.12,
                  "Plan Rows": 1580906,
                  "Plan Width": 0,
                  "Actual Startup Time": 365.638,
                  "Actual Total Time": 2790.445,
                  "Actual Rows": 6782787,
                  "Actual Loops": 7,
                  "Inner Unique": false,
                  "Hash Cond": "(ci.movie_id = t.id)",
                  "Plans": [
                    {
                      "Node Type": "Seq Scan",
                      "Parent Relationship": "Outer",
                      "Parallel Aware": true,
                      "Relation Name": "cast_info",
                      "Alias": "ci",
                      "Startup Cost": 0.0,
                      "Total Cost": 313106.51,
                      "Plan Rows": 6041951,
                      "Plan Width": 4,
                      "Actual Startup Time": 0.044,
                      "Actual Total Time": 547.156,
                      "Actual Rows": 5177763,
                      "Actual Loops": 7
                    },
                    {
                      "Node Type": "Hash",
                      "Parent Relationship": "Inner",
                      "Parallel Aware": true,
                      "Startup Cost": 76898.95,
                      "Total Cost": 76898.95,
                      "Plan Rows": 213411,
                      "Plan Width": 8,
                      "Actual Startup Time": 363.283,
                      "Actual Total Time": 363.288,
                      "Actual Rows": 185327,
                      "Actual Loops": 7,
                      "Hash Buckets": 2097152,
                      "Original Hash Buckets": 1048576,
                      "Hash Batches": 1,
                      "Original Hash Batches": 1,
                      "Peak Memory Usage": 75456,
                      "Plans": [
                        {
                          "Node Type": "Hash Join",
                          "Parent Relationship": "Outer",
                          "Parallel Aware": true,
                          "Join Type": "Inner",
                          "Startup Cost": 47483.06,
                          "Total Cost": 76898.95,
                          "Plan Rows": 213411,
                          "Plan Width": 8,
                          "Actual Startup Time": 144.666,
                          "Actual Total Time": 259.635,
                          "Actual Rows": 185327,
                          "Actual Loops": 7,
                          "Inner Unique": true,
                          "Hash Cond": "(mc.movie_id = t.id)",
                          "Plans": [
                            {
                              "Node Type": "Seq Scan",
                              "Parent Relationship": "Outer",
                              "Parallel Aware": true,
                              "Relation Name": "movie_companies",
                              "Alias": "mc",
                              "Startup Cost": 0.0,
                              "Total Cost": 27206.55,
                              "Plan Rows": 841655,
                              "Plan Width": 4,
                              "Actual Startup Time": 0.012,
                              "Actual Total Time": 41.099,
                              "Actual Rows": 372733,
                              "Actual Loops": 7
                            },
                            {
                              "Node Type": "Hash",
                              "Parent Relationship": "Inner",
                              "Parallel Aware": true,
                              "Startup Cost": 45479.59,
                              "Total Cost": 45479.59,
                              "Plan Rows": 160278,
                              "Plan Width": 4,
                              "Actual Startup Time": 122.972,
                              "Actual Total Time": 122.973,
                              "Actual Rows": 93759,
                              "Actual Loops": 7,
                              "Hash Buckets": 1048576,
                              "Original Hash Buckets": 1048576,
                              "Hash Batches": 1,
                              "Original Hash Batches": 1,
                              "Peak Memory Usage": 33984,
                              "Plans": [
                                {
                                  "Node Type": "Seq Scan",
                                  "Parent Relationship": "Outer",
                                  "Parallel Aware": true,
                                  "Relation Name": "title",
                                  "Alias": "t",
                                  "Startup Cost": 0.0,
                                  "Total Cost": 45479.59,
                                  "Plan Rows": 160278,
                                  "Plan Width": 4,
                                  "Actual Startup Time": 38.614,
                                  "Actual Total Time": 75.597,
                                  "Actual Rows": 93759,
                                  "Actual Loops": 7,
                                  "Filter": "((kind_id < 2) AND (production_year > 0))",
                                  "Rows Removed by Filter": 267429
                                }
                              ]
                            }
                          ]
                        }
                      ]
                    }
                  ]
                }
              ]
            }
          ]
        }
      ]
    },
    "Planning Time": 0.814,
    "Triggers": [],
    "Execution Time": 3156.421
  }
]