{
  "Plan": {
    "Node Type": "Aggregate",
    "Strategy": "Plain",
    "Partial Mode": "Finalize",
    "Parallel Aware": false,
    "Startup Cost": 135750.76,
    "Total Cost": 135750.77,
    "Plan Rows": 1,
    "Plan Width": 8,
    "Actual Startup Time": 966.112,
    "Actual Total Time": 989.567,
    "Actual Rows": 1,
    "Actual Loops": 1,
    "Plans": [
      {
        "Node Type": "Gather",
        "Parent Relationship": "Outer",
        "Parallel Aware": false,
        "Startup Cost": 135750.65,
        "Total Cost": 135750.76,
        "Plan Rows": 1,
        "Plan Width": 8,
        "Actual Startup Time": 960.131,
        "Actual Total Time": 989.559,
        "Actual Rows": 2,
        "Actual Loops": 1,
        "Workers Planned": 1,
        "Workers Launched": 1,
        "Single Copy": false,
        "Plans": [
          {
            "Node Type": "Aggregate",
            "Strategy": "Plain",
            "Partial Mode": "Partial",
            "Parent Relationship": "Outer",
            "Parallel Aware": false,
            "Startup Cost": 134750.65,
            "Total Cost": 134750.66,
            "Plan Rows": 1,
            "Plan Width": 8,
            "Actual Startup Time": 954.427,
            "Actual Total Time": 954.433,
            "Actual Rows": 1,
            "Actual Loops": 2,
            "Plans": [
              {
                "Node Type": "Hash Join",
                "Parent Relationship": "Outer",
                "Parallel Aware": true,
                "Join Type": "Inner",
                "Startup Cost": 114196.5,
                "Total Cost": 134316.07,
                "Plan Rows": 173830,
                "Plan Width": 0,
                "Actual Startup Time": 780.193,
                "Actual Total Time": 929.865,
                "Actual Rows": 613108,
                "Actual Loops": 2,
                "Inner Unique": false,
                "Hash Cond": "(mi_idx.movie_id = t.id)",
                "Plans": [
                  {
                    "Node Type": "Seq Scan",
                    "Parent Relationship": "Outer",
                    "Parallel Aware": true,
                    "Relation Name": "movie_info_idx",
                    "Alias": "mi_idx",
                    "Startup Cost": 0.0,
                    "Total Cost": 16052.85,
                    "Plan Rows": 811785,
                    "Plan Width": 4,
                    "Actual Startup Time": 0.024,
                    "Actual Total Time": 46.593,
                    "Actual Rows": 690018,
                    "Actual Loops": 2
                  },
                  {
                    "Node Type": "Hash",
                    "Parent Relationship": "Inner",
                    "Parallel Aware": true,
                    "Startup Cost": 110215.68,
                    "Total Cost": 110215.68,
                    "Plan Rows": 318465,
                    "Plan Width": 8,
                    "Actual Startup Time": 758.746,
                    "Actual Total Time": 758.75,
                    "Actual Rows": 261864,
                    "Actual Loops": 2,
                    "Hash Buckets": 1048576,
                    "Original Hash Buckets": 1048576,
                    "Hash Batches": 1,
                    "Original Hash Batches": 1,
                    "Peak Memory Usage": 28704,
                    "Plans": [
                      {
                        "Node Type": "Hash Join",
                        "Parent Relationship": "Outer",
                        "Parallel Aware": true,
                        "Join Type": "Inner",
                        "Startup Cost": 80944.9,
                        "Total Cost": 110215.68,
                        "Plan Rows": 318465,
                        "Plan Width": 8,
                        "Actual Startup Time": 562.961,
                        "Actual Total Time": 702.049,
                        "Actual Rows": 261864,
                        "Actual Loops": 2,
                        "Inner Unique": true,
                        "Hash Cond": "(mk.movie_id = t.id)",
                        "Plans": [
                          {
                            "Node Type": "Bitmap Heap Scan",
                            "Parent Relationship": "Outer",
                            "Parallel Aware": true,
                            "Relation Name": "movie_keyword",
                            "Alias": "mk",
                            "Startup Cost": 11484.2,
                            "Total Cost": 39919.01,
                            "Plan Rows": 318465,
                            "Plan Width": 4,
                            "Actual Startup Time": 37.617,
                            "Actual Total Time": 105.361,
                            "Actual Rows": 261864,
                            "Actual Loops": 2,
                            "Recheck Cond": "(keyword_id > 34633)",
                            "Rows Removed by Index Recheck": 0,
                            "Exact Heap Blocks": 12790,
                            "Lossy Heap Blocks": 0,
                            "Plans": [
                              {
                                "Node Type": "Bitmap Index Scan",
                                "Parent Relationship": "Outer",
                                "Parallel Aware": false,
                                "Index Name": "keyword_id_movie_keyword",
                                "Startup Cost": 0.0,
                                "Total Cost": 11348.86,
                                "Plan Rows": 541390,
                                "Plan Width": 0,
                                "Actual Startup Time": 34.165,
                                "Actual Total Time": 34.165,
                                "Actual Rows": 523729,
                                "Actual Loops": 1,
                                "Index Cond": "(keyword_id > 34633)"
                              }
                            ]
                          },
                          {
                            "Node Type": "Hash",
                            "Parent Relationship": "Inner",
                            "Parallel Aware": true,
                            "Startup Cost": 50870.31,
                            "Total Cost": 50870.31,
                            "Plan Rows": 1487231,
                            "Plan Width": 4,
                            "Actual Startup Time": 509.904,
                            "Actual Total Time": 509.905,
                            "Actual Rows": 1264156,
                            "Actual Loops": 2,
                            "Hash Buckets": 4194304,
                            "Original Hash Buckets": 4194304,
                            "Hash Batches": 1,
                            "Original Hash Batches": 1,
                            "Peak Memory Usage": 131712,
                            "Plans": [
                              {
                                "Node Type": "Seq Scan",
                                "Parent Relationship": "Outer",
                                "Parallel Aware": true,
                                "Relation Name": "title",
                                "Alias": "t",
                                "Startup Cost": 0.0,
                                "Total Cost": 50870.31,
                                "Plan Rows": 1487231,
                                "Plan Width": 4,
                                "Actual Startup Time": 0.03,
                                "Actual Total Time": 151.682,
                                "Actual Rows": 1264156,
                                "Actual Loops": 2
                              }
                            ]
                          }
                        ]
                      }
                    ]
                  }
                ]
              }
            ]
          }
        ]
      }
    ]
  },
  "Planning Time": 0.985,
  "Triggers": [],
  "Execution Time": 989.668
}