[
  {
    "Plan": {
      "Node Type": "Aggregate",
      "Strategy": "Plain",
      "Partial Mode": "Finalize",
      "Parallel Aware": false,
      "Startup Cost": 333765.69,
      "Total Cost": 333765.7,
      "Plan Rows": 1,
      "Plan Width": 8,
      "Actual Startup Time": 680.35,
      "Actual Total Time": 733.943,
      "Actual Rows": 1,
      "Actual Loops": 1,
      "Plans": [
        {
          "Node Type": "Gather",
          "Parent Relationship": "Outer",
          "Parallel Aware": false,
          "Startup Cost": 333765.07,
          "Total Cost": 333765.68,
          "Plan Rows": 6,
          "Plan Width": 8,
          "Actual Startup Time": 680.177,
          "Actual Total Time": 733.931,
          "Actual Rows": 7,
          "Actual Loops": 1,
          "Workers Planned": 6,
          "Workers Launched": 6,
          "Single Copy": false,
          "Plans": [
            {
              "Node Type": "Aggregate",
              "Strategy": "Plain",
              "Partial Mode": "Partial",
              "Parent Relationship": "Outer",
              "Parallel Aware": false,
              "Startup Cost": 332765.07,
              "Total Cost": 332765.08,
              "Plan Rows": 1,
              "Plan Width": 8,
              "Actual Startup Time": 673.674,
              "Actual Total Time": 673.676,
              "Actual Rows": 1,
              "Actual Loops": 7,
              "Plans": [
                {
                  "Node Type": "Seq Scan",
                  "Parent Relationship": "Outer",
                  "Parallel Aware": true,
                  "Relation Name": "cast_info",
                  "Alias": "ci",
                  "Startup Cost": 0.0,
                  "Total Cost": 328211.39,
                  "Plan Rows": 1821471,
                  "Plan Width": 0,
                  "Actual Startup Time": 0.038,
                  "Actual Total Time": 595.095,
                  "Actual Rows": 1572701,
                  "Actual Loops": 7,
                  "Filter": "(person_id < 1081208)",
                  "Rows Removed by Filter": 3605063
                }
              ]
            }
          ]
        }
      ]
    },
    "Planning Time": 0.203,
    "Triggers": [],
    "Execution Time": 734.015
  }
]