[
  {
    "Plan": {
      "Node Type": "Aggregate",
      "Strategy": "Plain",
      "Partial Mode": "Finalize",
      "Parallel Aware": false,
      "Startup Cost": 199026.89,
      "Total Cost": 199026.9,
      "Plan Rows": 1,
      "Plan Width": 8,
      "Actual Startup Time": 227.378,
      "Actual Total Time": 243.621,
      "Actual Rows": 1,
      "Actual Loops": 1,
      "Plans": [
        {
          "Node Type": "Gather",
          "Parent Relationship": "Outer",
          "Parallel Aware": false,
          "Startup Cost": 199026.27,
          "Total Cost": 199026.88,
          "Plan Rows": 6,
          "Plan Width": 8,
          "Actual Startup Time": 227.282,
          "Actual Total Time": 243.613,
          "Actual Rows": 7,
          "Actual Loops": 1,
          "Workers Planned": 6,
          "Workers Launched": 6,
          "Single Copy": false,
          "Plans": [
            {
              "Node Type": "Aggregate",
              "Strategy": "Plain",
              "Partial Mode": "Partial",
              "Parent Relationship": "Outer",
              "Parallel Aware": false,
              "Startup Cost": 198026.27,
              "Total Cost": 198026.28,
              "Plan Rows": 1,
              "Plan Width": 8,
              "Actual Startup Time": 217.858,
              "Actual Total Time": 217.859,
              "Actual Rows": 1,
              "Actual Loops": 7,
              "Plans": [
                {
                  "Node Type": "Index Scan",
                  "Parent Relationship": "Outer",
                  "Parallel Aware": true,
                  "Scan Direction": "Forward",
                  "Index Name": "role_id_cast_info",
                  "Relation Name": "cast_info",
                  "Alias": "ci",
                  "Startup Cost": 0.56,
                  "Total Cost": 197877.72,
                  "Plan Rows": 59418,
                  "Plan Width": 0,
                  "Actual Startup Time": 14.497,
                  "Actual Total Time": 217.844,
                  "Actual Rows": 33,
                  "Actual Loops": 7,
                  "Index Cond": "(role_id = 2)",
                  "Rows Removed by Index Recheck": 0,
                  "Filter": "(person_id < 176320)",
                  "Rows Removed by Filter": 1064535
                }
              ]
            }
          ]
        }
      ]
    },
    "Planning Time": 0.234,
    "Triggers": [],
    "Execution Time": 243.689
  }
]