{
  "Plan": {
    "Node Type": "Aggregate",
    "Strategy": "Plain",
    "Partial Mode": "Simple",
    "Parallel Aware": false,
    "Startup Cost": 3013.95,
    "Total Cost": 3013.96,
    "Plan Rows": 1,
    "Plan Width": 8,
    "Actual Startup Time": 13.214,
    "Actual Total Time": 13.217,
    "Actual Rows": 1,
    "Actual Loops": 1,
    "Plans": [
      {
        "Node Type": "Nested Loop",
        "Parent Relationship": "Outer",
        "Parallel Aware": false,
        "Join Type": "Inner",
        "Startup Cost": 7.21,
        "Total Cost": 3013.94,
        "Plan Rows": 1,
        "Plan Width": 0,
        "Actual Startup Time": 5.23,
        "Actual Total Time": 13.202,
        "Actual Rows": 24,
        "Actual Loops": 1,
        "Inner Unique": false,
        "Plans": [
          {
            "Node Type": "Nested Loop",
            "Parent Relationship": "Outer",
            "Parallel Aware": false,
            "Join Type": "Inner",
            "Startup Cost": 6.78,
            "Total Cost": 3007.21,
            "Plan Rows": 1,
            "Plan Width": 8,
            "Actual Startup Time": 5.202,
            "Actual Total Time": 12.991,
            "Actual Rows": 8,
            "Actual Loops": 1,
            "Inner Unique": true,
            "Plans": [
              {
                "Node Type": "Bitmap Heap Scan",
                "Parent Relationship": "Outer",
                "Parallel Aware": false,
                "Relation Name": "movie_keyword",
                "Alias": "mk",
                "Startup Cost": 6.35,
                "Total Cost": 922.98,
                "Plan Rows": 248,
                "Plan Width": 4,
                "Actual Startup Time": 1.264,
                "Actual Total Time": 3.785,
                "Actual Rows": 702,
                "Actual Loops": 1,
                "Recheck Cond": "(keyword_id = 9249)",
                "Rows Removed by Index Recheck": 0,
                "Exact Heap Blocks": 661,
                "Lossy Heap Blocks": 0,
                "Plans": [
                  {
                    "Node Type": "Bitmap Index Scan",
                    "Parent Relationship": "Outer",
                    "Parallel Aware": false,
                    "Index Name": "keyword_id_movie_keyword",
                    "Startup Cost": 0.0,
                    "Total Cost": 6.29,
                    "Plan Rows": 248,
                    "Plan Width": 0,
                    "Actual Startup Time": 0.683,
                    "Actual Total Time": 0.684,
                    "Actual Rows": 702,
                    "Actual Loops": 1,
                    "Index Cond": "(keyword_id = 9249)"
                  }
                ]
              },
              {
                "Node Type": "Index Scan",
                "Parent Relationship": "Inner",
                "Parallel Aware": false,
                "Scan Direction": "Forward",
                "Index Name": "title_pkey",
                "Relation Name": "title",
                "Alias": "t",
                "Startup Cost": 0.43,
                "Total Cost": 8.4,
                "Plan Rows": 1,
                "Plan Width": 4,
                "Actual Startup Time": 0.012,
                "Actual Total Time": 0.012,
                "Actual Rows": 0,
                "Actual Loops": 702,
                "Index Cond": "(id = mk.movie_id)",
                "Rows Removed by Index Recheck": 0,
                "Filter": "((kind_id < 2) AND (production_year = 1976))",
                "Rows Removed by Filter": 1
              }
            ]
          },
          {
            "Node Type": "Index Only Scan",
            "Parent Relationship": "Inner",
            "Parallel Aware": false,
            "Scan Direction": "Forward",
            "Index Name": "movie_id_movie_info_idx",
            "Relation Name": "movie_info_idx",
            "Alias": "mi_idx",
            "Startup Cost": 0.43,
            "Total Cost": 6.71,
            "Plan Rows": 3,
            "Plan Width": 4,
            "Actual Startup Time": 0.02,
            "Actual Total Time": 0.024,
            "Actual Rows": 3,
            "Actual Loops": 8,
            "Index Cond": "(movie_id = t.id)",
            "Rows Removed by Index Recheck": 0,
            "Heap Fetches": 24
          }
        ]
      }
    ]
  },
  "Planning Time": 0.984,
  "Triggers": [],
  "Execution Time": 13.312
}