[
  {
    "Plan": {
      "Node Type": "Aggregate",
      "Strategy": "Plain",
      "Partial Mode": "Simple",
      "Parallel Aware": false,
      "Startup Cost": 29896.72,
      "Total Cost": 29896.73,
      "Plan Rows": 1,
      "Plan Width": 68,
      "Actual Startup Time": 70.025,
      "Actual Total Time": 70.052,
      "Actual Rows": 1,
      "Actual Loops": 1,
      "Output": [
        "min(mc.note)",
        "min(t.title)",
        "min(t.production_year)"
      ],
      "Plans": [
        {
          "Node Type": "Nested Loop",
          "Parent Relationship": "Outer",
          "Parallel Aware": false,
          "Join Type": "Inner",
          "Startup Cost": 6244.17,
          "Total Cost": 29896.11,
          "Plan Rows": 82,
          "Plan Width": 45,
          "Actual Startup Time": 2.281,
          "Actual Total Time": 69.9,
          "Actual Rows": 142,
          "Actual Loops": 1,
          "Output": [
            "mc.note",
            "t.title",
            "t.production_year"
          ],
          "Inner Unique": true,
          "Join Filter": "(mc.movie_id = t.id)",
          "Rows Removed by Join Filter": 0,
          "Plans": [
            {
              "Node Type": "Hash Join",
              "Parent Relationship": "Outer",
              "Parallel Aware": false,
              "Join Type": "Inner",
              "Startup Cost": 6243.74,
              "Total Cost": 29847.69,
              "Plan Rows": 82,
              "Plan Width": 32,
              "Actual Startup Time": 2.048,
              "Actual Total Time": 59.418,
              "Actual Rows": 142,
              "Actual Loops": 1,
              "Output": [
                "mc.note",
                "mc.movie_id",
                "mi_idx.movie_id"
              ],
              "Inner Unique": true,
              "Hash Cond": "(mc.company_type_id = ct.id)",
              "Plans": [
                {
                  "Node Type": "Nested Loop",
                  "Parent Relationship": "Outer",
                  "Parallel Aware": false,
                  "Join Type": "Inner",
                  "Startup Cost": 6242.68,
                  "Total Cost": 29844.86,
                  "Plan Rows": 329,
                  "Plan Width": 36,
                  "Actual Startup Time": 1.196,
                  "Actual Total Time": 58.387,
                  "Actual Rows": 147,
                  "Actual Loops": 1,
                  "Output": [
                    "mi_idx.movie_id",
                    "mc.note",
                    "mc.company_type_id",
                    "mc.movie_id"
                  ],
                  "Inner Unique": false,
                  "Plans": [
                    {
                      "Node Type": "Nested Loop",
                      "Parent Relationship": "Outer",
                      "Parallel Aware": false,
                      "Join Type": "Inner",
                      "Startup Cost": 6242.25,
                      "Total Cost": 21942.36,
                      "Plan Rows": 12213,
                      "Plan Width": 4,
                      "Actual Startup Time": 0.423,
                      "Actual Total Time": 0.651,
                      "Actual Rows": 250,
                      "Actual Loops": 1,
                      "Output": [
                        "mi_idx.movie_id"
                      ],
                      "Inner Unique": false,
                      "Plans": [
                        {
                          "Node Type": "Seq Scan",
                          "Parent Relationship": "Outer",
                          "Parallel Aware": false,
                          "Relation Name": "info_type",
                          "Schema": "public",
                          "Alias": "it",
                          "Startup Cost": 0.0,
                          "Total Cost": 2.41,
                          "Plan Rows": 1,
                          "Plan Width": 4,
                          "Actual Startup Time": 0.029,
                          "Actual Total Time": 0.052,
                          "Actual Rows": 1,
                          "Actual Loops": 1,
                          "Output": [
                            "it.id",
                            "it.info"
                          ],
                          "Filter": "((it.info)::text = 'top 250 rank'::text)",
                          "Rows Removed by Filter": 112
                        },
                        {
                          "Node Type": "Bitmap Heap Scan",
                          "Parent Relationship": "Inner",
                          "Parallel Aware": false,
                          "Relation Name": "movie_info_idx",
                          "Schema": "public",
                          "Alias": "mi_idx",
                          "Startup Cost": 6242.25,
                          "Total Cost": 18489.86,
                          "Plan Rows": 345009,
                          "Plan Width": 8,
                          "Actual Startup Time": 0.363,
                          "Actual Total Time": 0.478,
                          "Actual Rows": 250,
                          "Actual Loops": 1,
                          "Output": [
                            "mi_idx.id",
                            "mi_idx.movie_id",
                            "mi_idx.info_type_id",
                            "mi_idx.info",
                            "mi_idx.note"
                          ],
                          "Recheck Cond": "(mi_idx.info_type_id = it.id)",
                          "Rows Removed by Index Recheck": 0,
                          "Exact Heap Blocks": 2,
                          "Lossy Heap Blocks": 0,
                          "Plans": [
                            {
                              "Node Type": "Bitmap Index Scan",
                              "Parent Relationship": "Outer",
                              "Parallel Aware": false,
                              "Index Name": "info_type_id_movie_info_idx",
                              "Startup Cost": 0.0,
                              "Total Cost": 6155.99,
                              "Plan Rows": 345009,
                              "Plan Width": 0,
                              "Actual Startup Time": 0.286,
                              "Actual Total Time": 0.286,
                              "Actual Rows": 250,
                              "Actual Loops": 1,
                              "Index Cond": "(mi_idx.info_type_id = it.id)"
                            }
                          ]
                        }
                      ]
                    },
                    {
                      "Node Type": "Index Scan",
                      "Parent Relationship": "Inner",
                      "Parallel Aware": false,
                      "Scan Direction": "Forward",
                      "Index Name": "movie_id_movie_companies",
                      "Relation Name": "movie_companies",
                      "Schema": "public",
                      "Alias": "mc",
                      "Startup Cost": 0.43,
                      "Total Cost": 0.64,
                      "Plan Rows": 1,
                      "Plan Width": 32,
                      "Actual Startup Time": 0.226,
                      "Actual Total Time": 0.23,
                      "Actual Rows": 1,
                      "Actual Loops": 250,
                      "Output": [
                        "mc.id",
                        "mc.movie_id",
                        "mc.company_id",
                        "mc.company_type_id",
                        "mc.note"
                      ],
                      "Index Cond": "(mc.movie_id = mi_idx.movie_id)",
                      "Rows Removed by Index Recheck": 0,
                      "Filter": "((mc.note !~~ '%(as Metro-Goldwyn-Mayer Pictures)%'::text) AND ((mc.note ~~ '%(co-production)%'::text) OR (mc.note ~~ '%(presents)%'::text)))",
                      "Rows Removed by Filter": 33
                    }
                  ]
                },
                {
                  "Node Type": "Hash",
                  "Parent Relationship": "Inner",
                  "Parallel Aware": false,
                  "Startup Cost": 1.05,
                  "Total Cost": 1.05,
                  "Plan Rows": 1,
                  "Plan Width": 4,
                  "Actual Startup Time": 0.568,
                  "Actual Total Time": 0.569,
                  "Actual Rows": 1,
                  "Actual Loops": 1,
                  "Output": [
                    "ct.id"
                  ],
                  "Hash Buckets": 1024,
                  "Original Hash Buckets": 1024,
                  "Hash Batches": 1,
                  "Original Hash Batches": 1,
                  "Peak Memory Usage": 9,
                  "Plans": [
                    {
                      "Node Type": "Seq Scan",
                      "Parent Relationship": "Outer",
                      "Parallel Aware": false,
                      "Relation Name": "company_type",
                      "Schema": "public",
                      "Alias": "ct",
                      "Startup Cost": 0.0,
                      "Total Cost": 1.05,
                      "Plan Rows": 1,
                      "Plan Width": 4,
                      "Actual Startup Time": 0.522,
                      "Actual Total Time": 0.524,
                      "Actual Rows": 1,
                      "Actual Loops": 1,
                      "Output": [
                        "ct.id"
                      ],
                      "Filter": "((ct.kind)::text = 'production companies'::text)",
                      "Rows Removed by Filter": 3
                    }
                  ]
                }
              ]
            },
            {
              "Node Type": "Index Scan",
              "Parent Relationship": "Inner",
              "Parallel Aware": false,
              "Scan Direction": "Forward",
              "Index Name": "title_pkey",
              "Relation Name": "title",
              "Schema": "public",
              "Alias": "t",
              "Startup Cost": 0.43,
              "Total Cost": 0.58,
              "Plan Rows": 1,
              "Plan Width": 25,
              "Actual Startup Time": 0.072,
              "Actual Total Time": 0.072,
              "Actual Rows": 1,
              "Actual Loops": 142,
              "Output": [
                "t.id",
                "t.title",
                "t.imdb_index",
                "t.kind_id",
                "t.production_year",
                "t.imdb_id",
                "t.phonetic_code",
                "t.episode_of_id",
                "t.season_nr",
                "t.episode_nr",
                "t.series_years",
                "t.md5sum"
              ],
              "Index Cond": "(t.id = mi_idx.movie_id)",
              "Rows Removed by Index Recheck": 0
            }
          ]
        }
      ]
    },
    "Planning Time": 12.233,
    "Triggers": [],
    "Execution Time": 73.524
  }
]