{
  "Plan": {
    "Node Type": "Aggregate",
    "Strategy": "Plain",
    "Partial Mode": "Finalize",
    "Parallel Aware": false,
    "Startup Cost": 286283.13,
    "Total Cost": 286283.14,
    "Plan Rows": 1,
    "Plan Width": 8,
    "Actual Startup Time": 173.755,
    "Actual Total Time": 194.654,
    "Actual Rows": 1,
    "Actual Loops": 1,
    "Plans": [
      {
        "Node Type": "Gather",
        "Parent Relationship": "Outer",
        "Parallel Aware": false,
        "Startup Cost": 286283.02,
        "Total Cost": 286283.13,
        "Plan Rows": 1,
        "Plan Width": 8,
        "Actual Startup Time": 173.617,
        "Actual Total Time": 194.647,
        "Actual Rows": 2,
        "Actual Loops": 1,
        "Workers Planned": 1,
        "Workers Launched": 1,
        "Single Copy": false,
        "Plans": [
          {
            "Node Type": "Aggregate",
            "Strategy": "Plain",
            "Partial Mode": "Partial",
            "Parent Relationship": "Outer",
            "Parallel Aware": false,
            "Startup Cost": 285283.02,
            "Total Cost": 285283.03,
            "Plan Rows": 1,
            "Plan Width": 8,
            "Actual Startup Time": 167.82,
            "Actual Total Time": 167.821,
            "Actual Rows": 1,
            "Actual Loops": 2,
            "Plans": [
              {
                "Node Type": "Nested Loop",
                "Parent Relationship": "Outer",
                "Parallel Aware": false,
                "Join Type": "Inner",
                "Startup Cost": 0.43,
                "Total Cost": 285255.48,
                "Plan Rows": 11017,
                "Plan Width": 0,
                "Actual Startup Time": 89.868,
                "Actual Total Time": 166.886,
                "Actual Rows": 15900,
                "Actual Loops": 2,
                "Inner Unique": false,
                "Plans": [
                  {
                    "Node Type": "Seq Scan",
                    "Parent Relationship": "Outer",
                    "Parallel Aware": true,
                    "Relation Name": "title",
                    "Alias": "t",
                    "Startup Cost": 0.0,
                    "Total Cost": 54588.39,
                    "Plan Rows": 1884,
                    "Plan Width": 4,
                    "Actual Startup Time": 89.772,
                    "Actual Total Time": 129.466,
                    "Actual Rows": 1386,
                    "Actual Loops": 2,
                    "Filter": "(production_year = 1928)",
                    "Rows Removed by Filter": 1262770
                  },
                  {
                    "Node Type": "Index Only Scan",
                    "Parent Relationship": "Inner",
                    "Parallel Aware": false,
                    "Scan Direction": "Forward",
                    "Index Name": "movie_id_movie_info",
                    "Relation Name": "movie_info",
                    "Alias": "mi",
                    "Startup Cost": 0.43,
                    "Total Cost": 122.01,
                    "Plan Rows": 42,
                    "Plan Width": 4,
                    "Actual Startup Time": 0.009,
                    "Actual Total Time": 0.026,
                    "Actual Rows": 11,
                    "Actual Loops": 2773,
                    "Index Cond": "(movie_id = t.id)",
                    "Rows Removed by Index Recheck": 0,
                    "Heap Fetches": 31801
                  }
                ]
              }
            ]
          }
        ]
      }
    ]
  },
  "Planning Time": 0.411,
  "Triggers": [],
  "Execution Time": 194.724
}