[
    {
        "Bao": {
            "Bao prediction": 678.74,
            "Bao recommended hint": "(no hint)"
        }
    },
    {
        "Plan": {
            "Node Type": "Aggregate",
            "Strategy": "Plain",
            "Partial Mode": "Finalize",
            "Parallel Aware": false,
            "Startup Cost": 80426.51,
            "Total Cost": 80426.52,
            "Plan Rows": 1,
            "Plan Width": 8,
            "Actual Startup Time": 445.716,
            "Actual Total Time": 459.794,
            "Actual Rows": 1,
            "Actual Loops": 1,
            "Output": [
                "count(*)"
            ],
            "Plans": [
                {
                    "Node Type": "Gather",
                    "Parent Relationship": "Outer",
                    "Parallel Aware": false,
                    "Startup Cost": 80426.2,
                    "Total Cost": 80426.51,
                    "Plan Rows": 3,
                    "Plan Width": 8,
                    "Actual Startup Time": 435.387,
                    "Actual Total Time": 459.785,
                    "Actual Rows": 4,
                    "Actual Loops": 1,
                    "Output": [
                        "(PARTIAL count(*))"
                    ],
                    "Workers Planned": 3,
                    "Workers Launched": 3,
                    "Single Copy": false,
                    "Plans": [
                        {
                            "Node Type": "Aggregate",
                            "Strategy": "Plain",
                            "Partial Mode": "Partial",
                            "Parent Relationship": "Outer",
                            "Parallel Aware": false,
                            "Startup Cost": 79426.2,
                            "Total Cost": 79426.21,
                            "Plan Rows": 1,
                            "Plan Width": 8,
                            "Actual Startup Time": 423.057,
                            "Actual Total Time": 423.062,
                            "Actual Rows": 1,
                            "Actual Loops": 4,
                            "Output": [
                                "PARTIAL count(*)"
                            ],
                            "Workers": [
                                {
                                    "Worker Number": 0,
                                    "Actual Startup Time": 419.97,
                                    "Actual Total Time": 419.974,
                                    "Actual Rows": 1,
                                    "Actual Loops": 1
                                },
                                {
                                    "Worker Number": 1,
                                    "Actual Startup Time": 418.769,
                                    "Actual Total Time": 418.773,
                                    "Actual Rows": 1,
                                    "Actual Loops": 1
                                },
                                {
                                    "Worker Number": 2,
                                    "Actual Startup Time": 418.764,
                                    "Actual Total Time": 418.768,
                                    "Actual Rows": 1,
                                    "Actual Loops": 1
                                }
                            ],
                            "Plans": [
                                {
                                    "Node Type": "Hash Join",
                                    "Parent Relationship": "Outer",
                                    "Parallel Aware": true,
                                    "Join Type": "Inner",
                                    "Startup Cost": 53886.26,
                                    "Total Cost": 79309.2,
                                    "Plan Rows": 46798,
                                    "Plan Width": 0,
                                    "Actual Startup Time": 352.127,
                                    "Actual Total Time": 420.549,
                                    "Actual Rows": 30900,
                                    "Actual Loops": 4,
                                    "Inner Unique": true,
                                    "Hash Cond": "(mk.movie_id = t.id)",
                                    "Workers": [
                                        {
                                            "Worker Number": 0,
                                            "Actual Startup Time": 347.982,
                                            "Actual Total Time": 417.55,
                                            "Actual Rows": 28763,
                                            "Actual Loops": 1
                                        },
                                        {
                                            "Worker Number": 1,
                                            "Actual Startup Time": 348.202,
                                            "Actual Total Time": 416.307,
                                            "Actual Rows": 25846,
                                            "Actual Loops": 1
                                        },
                                        {
                                            "Worker Number": 2,
                                            "Actual Startup Time": 348.252,
                                            "Actual Total Time": 416.336,
                                            "Actual Rows": 25506,
                                            "Actual Loops": 1
                                        }
                                    ],
                                    "Plans": [
                                        {
                                            "Node Type": "Bitmap Heap Scan",
                                            "Parent Relationship": "Outer",
                                            "Parallel Aware": true,
                                            "Relation Name": "movie_keyword",
                                            "Schema": "public",
                                            "Alias": "mk",
                                            "Startup Cost": 4215.52,
                                            "Total Cost": 29470.29,
                                            "Plan Rows": 64062,
                                            "Plan Width": 4,
                                            "Actual Startup Time": 34.552,
                                            "Actual Total Time": 78.742,
                                            "Actual Rows": 49779,
                                            "Actual Loops": 4,
                                            "Output": [
                                                "mk.id",
                                                "mk.movie_id",
                                                "mk.keyword_id"
                                            ],
                                            "Recheck Cond": "(mk.keyword_id > 68964)",
                                            "Rows Removed by Index Recheck": 0,
                                            "Exact Heap Blocks": 7192,
                                            "Lossy Heap Blocks": 0,
                                            "Workers": [
                                                {
                                                    "Worker Number": 0,
                                                    "Actual Startup Time": 34.451,
                                                    "Actual Total Time": 80.508,
                                                    "Actual Rows": 45494,
                                                    "Actual Loops": 1
                                                },
                                                {
                                                    "Worker Number": 1,
                                                    "Actual Startup Time": 34.574,
                                                    "Actual Total Time": 80.428,
                                                    "Actual Rows": 41812,
                                                    "Actual Loops": 1
                                                },
                                                {
                                                    "Worker Number": 2,
                                                    "Actual Startup Time": 34.644,
                                                    "Actual Total Time": 80.256,
                                                    "Actual Rows": 41758,
                                                    "Actual Loops": 1
                                                }
                                            ],
                                            "Plans": [
                                                {
                                                    "Node Type": "Bitmap Index Scan",
                                                    "Parent Relationship": "Outer",
                                                    "Parallel Aware": false,
                                                    "Index Name": "keyword_id_movie_keyword",
                                                    "Startup Cost": 0.0,
                                                    "Total Cost": 4165.87,
                                                    "Plan Rows": 198592,
                                                    "Plan Width": 0,
                                                    "Actual Startup Time": 29.789,
                                                    "Actual Total Time": 29.79,
                                                    "Actual Rows": 199116,
                                                    "Actual Loops": 1,
                                                    "Index Cond": "(mk.keyword_id > 68964)",
                                                    "Workers": [
                                                        {
                                                            "Worker Number": 0,
                                                            "Actual Startup Time": 29.789,
                                                            "Actual Total Time": 29.79,
                                                            "Actual Rows": 199116,
                                                            "Actual Loops": 1
                                                        }
                                                    ]
                                                }
                                            ]
                                        },
                                        {
                                            "Node Type": "Hash",
                                            "Parent Relationship": "Inner",
                                            "Parallel Aware": true,
                                            "Startup Cost": 43899.01,
                                            "Total Cost": 43899.01,
                                            "Plan Rows": 461739,
                                            "Plan Width": 4,
                                            "Actual Startup Time": 309.34,
                                            "Actual Total Time": 309.341,
                                            "Actual Rows": 463202,
                                            "Actual Loops": 4,
                                            "Output": [
                                                "t.id"
                                            ],
                                            "Hash Buckets": 2097152,
                                            "Original Hash Buckets": 2097152,
                                            "Hash Batches": 1,
                                            "Original Hash Batches": 1,
                                            "Peak Memory Usage": 88896,
                                            "Workers": [
                                                {
                                                    "Worker Number": 0,
                                                    "Actual Startup Time": 313.131,
                                                    "Actual Total Time": 313.132,
                                                    "Actual Rows": 398113,
                                                    "Actual Loops": 1
                                                },
                                                {
                                                    "Worker Number": 1,
                                                    "Actual Startup Time": 313.12,
                                                    "Actual Total Time": 313.121,
                                                    "Actual Rows": 397955,
                                                    "Actual Loops": 1
                                                },
                                                {
                                                    "Worker Number": 2,
                                                    "Actual Startup Time": 313.138,
                                                    "Actual Total Time": 313.139,
                                                    "Actual Rows": 395909,
                                                    "Actual Loops": 1
                                                }
                                            ],
                                            "Plans": [
                                                {
                                                    "Node Type": "Seq Scan",
                                                    "Parent Relationship": "Outer",
                                                    "Parallel Aware": true,
                                                    "Relation Name": "title",
                                                    "Schema": "public",
                                                    "Alias": "t",
                                                    "Startup Cost": 0.0,
                                                    "Total Cost": 43899.01,
                                                    "Plan Rows": 461739,
                                                    "Plan Width": 4,
                                                    "Actual Startup Time": 0.035,
                                                    "Actual Total Time": 127.034,
                                                    "Actual Rows": 463202,
                                                    "Actual Loops": 4,
                                                    "Output": [
                                                        "t.id"
                                                    ],
                                                    "Filter": "(t.production_year > 1985)",
                                                    "Rows Removed by Filter": 168876,
                                                    "Workers": [
                                                        {
                                                            "Worker Number": 0,
                                                            "Actual Startup Time": 0.037,
                                                            "Actual Total Time": 134.656,
                                                            "Actual Rows": 398113,
                                                            "Actual Loops": 1
                                                        },
                                                        {
                                                            "Worker Number": 1,
                                                            "Actual Startup Time": 0.061,
                                                            "Actual Total Time": 130.357,
                                                            "Actual Rows": 397955,
                                                            "Actual Loops": 1
                                                        },
                                                        {
                                                            "Worker Number": 2,
                                                            "Actual Startup Time": 0.028,
                                                            "Actual Total Time": 129.956,
                                                            "Actual Rows": 395909,
                                                            "Actual Loops": 1
                                                        }
                                                    ]
                                                }
                                            ]
                                        }
                                    ]
                                }
                            ]
                        }
                    ]
                }
            ]
        },
        "Planning Time": 1306.508,
        "Triggers": [],
        "Execution Time": 459.944
    }
]