{
  "Plan": {
    "Node Type": "Aggregate",
    "Strategy": "Plain",
    "Partial Mode": "Finalize",
    "Parallel Aware": false,
    "Startup Cost": 390657.53,
    "Total Cost": 390657.54,
    "Plan Rows": 1,
    "Plan Width": 8,
    "Actual Startup Time": 710.287,
    "Actual Total Time": 730.684,
    "Actual Rows": 1,
    "Actual Loops": 1,
    "Plans": [
      {
        "Node Type": "Gather",
        "Parent Relationship": "Outer",
        "Parallel Aware": false,
        "Startup Cost": 390657.42,
        "Total Cost": 390657.53,
        "Plan Rows": 1,
        "Plan Width": 8,
        "Actual Startup Time": 707.505,
        "Actual Total Time": 730.676,
        "Actual Rows": 2,
        "Actual Loops": 1,
        "Workers Planned": 1,
        "Workers Launched": 1,
        "Single Copy": false,
        "Plans": [
          {
            "Node Type": "Aggregate",
            "Strategy": "Plain",
            "Partial Mode": "Partial",
            "Parent Relationship": "Outer",
            "Parallel Aware": false,
            "Startup Cost": 389657.42,
            "Total Cost": 389657.43,
            "Plan Rows": 1,
            "Plan Width": 8,
            "Actual Startup Time": 701.425,
            "Actual Total Time": 701.429,
            "Actual Rows": 1,
            "Actual Loops": 2,
            "Plans": [
              {
                "Node Type": "Hash Join",
                "Parent Relationship": "Outer",
                "Parallel Aware": true,
                "Join Type": "Inner",
                "Startup Cost": 114163.61,
                "Total Cost": 388896.85,
                "Plan Rows": 304227,
                "Plan Width": 0,
                "Actual Startup Time": 519.183,
                "Actual Total Time": 695.043,
                "Actual Rows": 111894,
                "Actual Loops": 2,
                "Inner Unique": true,
                "Hash Cond": "(ci.movie_id = t.id)",
                "Plans": [
                  {
                    "Node Type": "Bitmap Heap Scan",
                    "Parent Relationship": "Outer",
                    "Parallel Aware": true,
                    "Relation Name": "cast_info",
                    "Alias": "ci",
                    "Startup Cost": 49314.49,
                    "Total Cost": 321778.59,
                    "Plan Rows": 864435,
                    "Plan Width": 4,
                    "Actual Startup Time": 208.203,
                    "Actual Total Time": 277.223,
                    "Actual Rows": 321795,
                    "Actual Loops": 2,
                    "Recheck Cond": "(person_id < 218827)",
                    "Rows Removed by Index Recheck": 0,
                    "Filter": "(role_id > 1)",
                    "Rows Removed by Filter": 799956,
                    "Exact Heap Blocks": 15527,
                    "Lossy Heap Blocks": 0,
                    "Plans": [
                      {
                        "Node Type": "Bitmap Index Scan",
                        "Parent Relationship": "Outer",
                        "Parallel Aware": false,
                        "Index Name": "person_id_cast_info",
                        "Startup Cost": 0.0,
                        "Total Cost": 48947.1,
                        "Plan Rows": 2241405,
                        "Plan Width": 0,
                        "Actual Startup Time": 115.4,
                        "Actual Total Time": 115.401,
                        "Actual Rows": 2243503,
                        "Actual Loops": 1,
                        "Index Cond": "(person_id < 218827)"
                      }
                    ]
                  },
                  {
                    "Node Type": "Hash",
                    "Parent Relationship": "Inner",
                    "Parallel Aware": true,
                    "Startup Cost": 58306.47,
                    "Total Cost": 58306.47,
                    "Plan Rows": 523412,
                    "Plan Width": 4,
                    "Actual Startup Time": 301.577,
                    "Actual Total Time": 301.577,
                    "Actual Rows": 400352,
                    "Actual Loops": 2,
                    "Hash Buckets": 1048576,
                    "Original Hash Buckets": 1048576,
                    "Hash Batches": 1,
                    "Original Hash Batches": 1,
                    "Peak Memory Usage": 39552,
                    "Plans": [
                      {
                        "Node Type": "Seq Scan",
                        "Parent Relationship": "Outer",
                        "Parallel Aware": true,
                        "Relation Name": "title",
                        "Alias": "t",
                        "Startup Cost": 0.0,
                        "Total Cost": 58306.47,
                        "Plan Rows": 523412,
                        "Plan Width": 4,
                        "Actual Startup Time": 0.045,
                        "Actual Total Time": 186.627,
                        "Actual Rows": 400352,
                        "Actual Loops": 2,
                        "Filter": "((kind_id < 7) AND (production_year > 1954))",
                        "Rows Removed by Filter": 863804
                      }
                    ]
                  }
                ]
              }
            ]
          }
        ]
      }
    ]
  },
  "Planning Time": 0.715,
  "Triggers": [],
  "Execution Time": 730.778
}