{
  "Plan": {
    "Node Type": "Aggregate",
    "Strategy": "Plain",
    "Partial Mode": "Finalize",
    "Parallel Aware": false,
    "Startup Cost": 81698.74,
    "Total Cost": 81698.75,
    "Plan Rows": 1,
    "Plan Width": 8,
    "Actual Startup Time": 179.457,
    "Actual Total Time": 186.496,
    "Actual Rows": 1,
    "Actual Loops": 1,
    "Plans": [
      {
        "Node Type": "Gather",
        "Parent Relationship": "Outer",
        "Parallel Aware": false,
        "Startup Cost": 81698.62,
        "Total Cost": 81698.73,
        "Plan Rows": 1,
        "Plan Width": 8,
        "Actual Startup Time": 179.028,
        "Actual Total Time": 186.487,
        "Actual Rows": 2,
        "Actual Loops": 1,
        "Workers Planned": 1,
        "Workers Launched": 1,
        "Single Copy": false,
        "Plans": [
          {
            "Node Type": "Aggregate",
            "Strategy": "Plain",
            "Partial Mode": "Partial",
            "Parent Relationship": "Outer",
            "Parallel Aware": false,
            "Startup Cost": 80698.62,
            "Total Cost": 80698.63,
            "Plan Rows": 1,
            "Plan Width": 8,
            "Actual Startup Time": 173.108,
            "Actual Total Time": 173.112,
            "Actual Rows": 1,
            "Actual Loops": 2,
            "Plans": [
              {
                "Node Type": "Hash Join",
                "Parent Relationship": "Outer",
                "Parallel Aware": true,
                "Join Type": "Inner",
                "Startup Cost": 59506.99,
                "Total Cost": 80694.18,
                "Plan Rows": 1777,
                "Plan Width": 0,
                "Actual Startup Time": 125.196,
                "Actual Total Time": 172.334,
                "Actual Rows": 11520,
                "Actual Loops": 2,
                "Inner Unique": true,
                "Hash Cond": "(mc.movie_id = t.id)",
                "Plans": [
                  {
                    "Node Type": "Bitmap Heap Scan",
                    "Parent Relationship": "Outer",
                    "Parallel Aware": true,
                    "Relation Name": "movie_companies",
                    "Alias": "mc",
                    "Startup Cost": 5375.44,
                    "Total Cost": 26367.02,
                    "Plan Rows": 74521,
                    "Plan Width": 4,
                    "Actual Startup Time": 18.619,
                    "Actual Total Time": 46.132,
                    "Actual Rows": 123542,
                    "Actual Loops": 2,
                    "Recheck Cond": "(company_id > 101647)",
                    "Rows Removed by Index Recheck": 0,
                    "Filter": "(company_type_id > 1)",
                    "Rows Removed by Filter": 0,
                    "Exact Heap Blocks": 2778,
                    "Lossy Heap Blocks": 0,
                    "Plans": [
                      {
                        "Node Type": "Bitmap Index Scan",
                        "Parent Relationship": "Outer",
                        "Parallel Aware": false,
                        "Index Name": "company_id_movie_companies",
                        "Startup Cost": 0.0,
                        "Total Cost": 5343.77,
                        "Plan Rows": 249512,
                        "Plan Width": 0,
                        "Actual Startup Time": 17.583,
                        "Actual Total Time": 17.584,
                        "Actual Rows": 247083,
                        "Actual Loops": 1,
                        "Index Cond": "(company_id > 101647)"
                      }
                    ]
                  },
                  {
                    "Node Type": "Hash",
                    "Parent Relationship": "Inner",
                    "Parallel Aware": true,
                    "Startup Cost": 53688.18,
                    "Total Cost": 53688.18,
                    "Plan Rows": 35469,
                    "Plan Width": 4,
                    "Actual Startup Time": 105.218,
                    "Actual Total Time": 105.219,
                    "Actual Rows": 30790,
                    "Actual Loops": 2,
                    "Hash Buckets": 65536,
                    "Original Hash Buckets": 65536,
                    "Hash Batches": 1,
                    "Original Hash Batches": 1,
                    "Peak Memory Usage": 2976,
                    "Plans": [
                      {
                        "Node Type": "Bitmap Heap Scan",
                        "Parent Relationship": "Outer",
                        "Parallel Aware": true,
                        "Relation Name": "title",
                        "Alias": "t",
                        "Startup Cost": 11837.92,
                        "Total Cost": 53688.18,
                        "Plan Rows": 35469,
                        "Plan Width": 4,
                        "Actual Startup Time": 38.069,
                        "Actual Total Time": 97.857,
                        "Actual Rows": 30790,
                        "Actual Loops": 2,
                        "Recheck Cond": "(kind_id = 1)",
                        "Rows Removed by Index Recheck": 0,
                        "Filter": "(production_year > 2011)",
                        "Rows Removed by Filter": 300622,
                        "Exact Heap Blocks": 9869,
                        "Lossy Heap Blocks": 0,
                        "Plans": [
                          {
                            "Node Type": "Bitmap Index Scan",
                            "Parent Relationship": "Outer",
                            "Parallel Aware": false,
                            "Index Name": "kind_id_title",
                            "Startup Cost": 0.0,
                            "Total Cost": 11822.85,
                            "Plan Rows": 663256,
                            "Plan Width": 0,
                            "Actual Startup Time": 40.567,
                            "Actual Total Time": 40.567,
                            "Actual Rows": 662825,
                            "Actual Loops": 1,
                            "Index Cond": "(kind_id = 1)"
                          }
                        ]
                      }
                    ]
                  }
                ]
              }
            ]
          }
        ]
      }
    ]
  },
  "Planning Time": 0.503,
  "Triggers": [],
  "Execution Time": 186.605
}