[
  {
    "Plan": {
      "Node Type": "Aggregate",
      "Strategy": "Plain",
      "Partial Mode": "Finalize",
      "Parallel Aware": false,
      "Startup Cost": 383066.02,
      "Total Cost": 383066.03,
      "Plan Rows": 1,
      "Plan Width": 8,
      "Actual Startup Time": 851.045,
      "Actual Total Time": 933.292,
      "Actual Rows": 1,
      "Actual Loops": 1,
      "Plans": [
        {
          "Node Type": "Gather",
          "Parent Relationship": "Outer",
          "Parallel Aware": false,
          "Startup Cost": 383065.5,
          "Total Cost": 383066.01,
          "Plan Rows": 5,
          "Plan Width": 8,
          "Actual Startup Time": 838.081,
          "Actual Total Time": 933.279,
          "Actual Rows": 6,
          "Actual Loops": 1,
          "Workers Planned": 5,
          "Workers Launched": 5,
          "Single Copy": false,
          "Plans": [
            {
              "Node Type": "Aggregate",
              "Strategy": "Plain",
              "Partial Mode": "Partial",
              "Parent Relationship": "Outer",
              "Parallel Aware": false,
              "Startup Cost": 382065.5,
              "Total Cost": 382065.51,
              "Plan Rows": 1,
              "Plan Width": 8,
              "Actual Startup Time": 829.024,
              "Actual Total Time": 829.028,
              "Actual Rows": 1,
              "Actual Loops": 6,
              "Plans": [
                {
                  "Node Type": "Nested Loop",
                  "Parent Relationship": "Outer",
                  "Parallel Aware": false,
                  "Join Type": "Inner",
                  "Startup Cost": 59571.41,
                  "Total Cost": 380350.69,
                  "Plan Rows": 685924,
                  "Plan Width": 0,
                  "Actual Startup Time": 238.837,
                  "Actual Total Time": 813.658,
                  "Actual Rows": 241932,
                  "Actual Loops": 6,
                  "Inner Unique": false,
                  "Plans": [
                    {
                      "Node Type": "Hash Join",
                      "Parent Relationship": "Outer",
                      "Parallel Aware": true,
                      "Join Type": "Inner",
                      "Startup Cost": 59570.84,
                      "Total Cost": 223187.16,
                      "Plan Rows": 59657,
                      "Plan Width": 8,
                      "Actual Startup Time": 238.599,
                      "Actual Total Time": 276.652,
                      "Actual Rows": 10724,
                      "Actual Loops": 6,
                      "Inner Unique": true,
                      "Hash Cond": "(mi.movie_id = t.id)",
                      "Plans": [
                        {
                          "Node Type": "Bitmap Heap Scan",
                          "Parent Relationship": "Outer",
                          "Parallel Aware": true,
                          "Relation Name": "movie_info",
                          "Alias": "mi",
                          "Startup Cost": 9699.36,
                          "Total Cost": 173033.94,
                          "Plan Rows": 107327,
                          "Plan Width": 4,
                          "Actual Startup Time": 20.155,
                          "Actual Total Time": 34.846,
                          "Actual Rows": 90561,
                          "Actual Loops": 6,
                          "Recheck Cond": "(info_type_id > 98)",
                          "Rows Removed by Index Recheck": 0,
                          "Exact Heap Blocks": 1897,
                          "Lossy Heap Blocks": 0,
                          "Plans": [
                            {
                              "Node Type": "Bitmap Index Scan",
                              "Parent Relationship": "Outer",
                              "Parallel Aware": false,
                              "Index Name": "info_type_id_movie_info",
                              "Startup Cost": 0.0,
                              "Total Cost": 9565.2,
                              "Plan Rows": 536635,
                              "Plan Width": 0,
                              "Actual Startup Time": 19.178,
                              "Actual Total Time": 19.179,
                              "Actual Rows": 543367,
                              "Actual Loops": 1,
                              "Index Cond": "(info_type_id > 98)"
                            }
                          ]
                        },
                        {
                          "Node Type": "Hash",
                          "Parent Relationship": "Inner",
                          "Parallel Aware": true,
                          "Startup Cost": 45479.59,
                          "Total Cost": 45479.59,
                          "Plan Rows": 351352,
                          "Plan Width": 4,
                          "Actual Startup Time": 205.298,
                          "Actual Total Time": 205.299,
                          "Actual Rows": 253099,
                          "Actual Loops": 6,
                          "Hash Buckets": 2097152,
                          "Original Hash Buckets": 2097152,
                          "Hash Batches": 1,
                          "Original Hash Batches": 1,
                          "Peak Memory Usage": 75840,
                          "Plans": [
                            {
                              "Node Type": "Seq Scan",
                              "Parent Relationship": "Outer",
                              "Parallel Aware": true,
                              "Relation Name": "title",
                              "Alias": "t",
                              "Startup Cost": 0.0,
                              "Total Cost": 45479.59,
                              "Plan Rows": 351352,
                              "Plan Width": 4,
                              "Actual Startup Time": 0.032,
                              "Actual Total Time": 89.849,
                              "Actual Rows": 253099,
                              "Actual Loops": 6,
                              "Filter": "((kind_id > 1) AND (production_year > 1983))",
                              "Rows Removed by Filter": 168287
                            }
                          ]
                        }
                      ]
                    },
                    {
                      "Node Type": "Index Scan",
                      "Parent Relationship": "Inner",
                      "Parallel Aware": false,
                      "Scan Direction": "Forward",
                      "Index Name": "movie_id_cast_info",
                      "Relation Name": "cast_info",
                      "Alias": "ci",
                      "Startup Cost": 0.56,
                      "Total Cost": 2.35,
                      "Plan Rows": 28,
                      "Plan Width": 4,
                      "Actual Startup Time": 0.014,
                      "Actual Total Time": 0.048,
                      "Actual Rows": 23,
                      "Actual Loops": 64343,
                      "Index Cond": "(movie_id = t.id)",
                      "Rows Removed by Index Recheck": 0,
                      "Filter": "(person_id > 707229)",
                      "Rows Removed by Filter": 5
                    }
                  ]
                }
              ]
            }
          ]
        }
      ]
    },
    "Planning Time": 1.015,
    "Triggers": [],
    "Execution Time": 933.373
  }
]