{
  "Plan": {
    "Node Type": "Aggregate",
    "Strategy": "Plain",
    "Partial Mode": "Finalize",
    "Parallel Aware": false,
    "Startup Cost": 113781.55,
    "Total Cost": 113781.56,
    "Plan Rows": 1,
    "Plan Width": 8,
    "Actual Startup Time": 452.471,
    "Actual Total Time": 469.46,
    "Actual Rows": 1,
    "Actual Loops": 1,
    "Plans": [
      {
        "Node Type": "Gather",
        "Parent Relationship": "Outer",
        "Parallel Aware": false,
        "Startup Cost": 113781.44,
        "Total Cost": 113781.55,
        "Plan Rows": 1,
        "Plan Width": 8,
        "Actual Startup Time": 452.315,
        "Actual Total Time": 469.453,
        "Actual Rows": 2,
        "Actual Loops": 1,
        "Workers Planned": 1,
        "Workers Launched": 1,
        "Single Copy": false,
        "Plans": [
          {
            "Node Type": "Aggregate",
            "Strategy": "Plain",
            "Partial Mode": "Partial",
            "Parent Relationship": "Outer",
            "Parallel Aware": false,
            "Startup Cost": 112781.44,
            "Total Cost": 112781.45,
            "Plan Rows": 1,
            "Plan Width": 8,
            "Actual Startup Time": 446.597,
            "Actual Total Time": 446.6,
            "Actual Rows": 1,
            "Actual Loops": 2,
            "Plans": [
              {
                "Node Type": "Hash Join",
                "Parent Relationship": "Outer",
                "Parallel Aware": true,
                "Join Type": "Inner",
                "Startup Cost": 54693.11,
                "Total Cost": 112743.96,
                "Plan Rows": 14991,
                "Plan Width": 0,
                "Actual Startup Time": 136.983,
                "Actual Total Time": 445.779,
                "Actual Rows": 18765,
                "Actual Loops": 2,
                "Inner Unique": true,
                "Hash Cond": "(mk.movie_id = t.id)",
                "Plans": [
                  {
                    "Node Type": "Seq Scan",
                    "Parent Relationship": "Outer",
                    "Parallel Aware": true,
                    "Relation Name": "movie_keyword",
                    "Alias": "mk",
                    "Startup Cost": 0.0,
                    "Total Cost": 51065.35,
                    "Plan Rows": 2661135,
                    "Plan Width": 4,
                    "Actual Startup Time": 0.013,
                    "Actual Total Time": 157.906,
                    "Actual Rows": 2261965,
                    "Actual Loops": 2
                  },
                  {
                    "Node Type": "Hash",
                    "Parent Relationship": "Inner",
                    "Parallel Aware": true,
                    "Startup Cost": 54588.39,
                    "Total Cost": 54588.39,
                    "Plan Rows": 8378,
                    "Plan Width": 4,
                    "Actual Startup Time": 135.602,
                    "Actual Total Time": 135.602,
                    "Actual Rows": 7228,
                    "Actual Loops": 2,
                    "Hash Buckets": 16384,
                    "Original Hash Buckets": 16384,
                    "Hash Batches": 1,
                    "Original Hash Batches": 1,
                    "Peak Memory Usage": 736,
                    "Plans": [
                      {
                        "Node Type": "Seq Scan",
                        "Parent Relationship": "Outer",
                        "Parallel Aware": true,
                        "Relation Name": "title",
                        "Alias": "t",
                        "Startup Cost": 0.0,
                        "Total Cost": 54588.39,
                        "Plan Rows": 8378,
                        "Plan Width": 4,
                        "Actual Startup Time": 0.1,
                        "Actual Total Time": 132.996,
                        "Actual Rows": 7228,
                        "Actual Loops": 2,
                        "Filter": "(production_year = 1981)",
                        "Rows Removed by Filter": 1256928
                      }
                    ]
                  }
                ]
              }
            ]
          }
        ]
      }
    ]
  },
  "Planning Time": 0.595,
  "Triggers": [],
  "Execution Time": 469.527
}