[
  {
    "Plan": {
      "Node Type": "Aggregate",
      "Strategy": "Plain",
      "Partial Mode": "Finalize",
      "Parallel Aware": false,
      "Startup Cost": 46814.12,
      "Total Cost": 46814.13,
      "Plan Rows": 1,
      "Plan Width": 8,
      "Actual Startup Time": 150.43,
      "Actual Total Time": 154.551,
      "Actual Rows": 1,
      "Actual Loops": 1,
      "Plans": [
        {
          "Node Type": "Gather",
          "Parent Relationship": "Outer",
          "Parallel Aware": false,
          "Startup Cost": 46813.81,
          "Total Cost": 46814.12,
          "Plan Rows": 3,
          "Plan Width": 8,
          "Actual Startup Time": 150.339,
          "Actual Total Time": 154.546,
          "Actual Rows": 4,
          "Actual Loops": 1,
          "Workers Planned": 3,
          "Workers Launched": 3,
          "Single Copy": false,
          "Plans": [
            {
              "Node Type": "Aggregate",
              "Strategy": "Plain",
              "Partial Mode": "Partial",
              "Parent Relationship": "Outer",
              "Parallel Aware": false,
              "Startup Cost": 45813.81,
              "Total Cost": 45813.82,
              "Plan Rows": 1,
              "Plan Width": 8,
              "Actual Startup Time": 146.422,
              "Actual Total Time": 146.423,
              "Actual Rows": 1,
              "Actual Loops": 4,
              "Plans": [
                {
                  "Node Type": "Seq Scan",
                  "Parent Relationship": "Outer",
                  "Parallel Aware": true,
                  "Relation Name": "movie_keyword",
                  "Alias": "mk",
                  "Startup Cost": 0.0,
                  "Total Cost": 42695.65,
                  "Plan Rows": 1247261,
                  "Plan Width": 0,
                  "Actual Startup Time": 0.04,
                  "Actual Total Time": 104.953,
                  "Actual Rows": 965779,
                  "Actual Loops": 4,
                  "Filter": "(keyword_id > 508)",
                  "Rows Removed by Filter": 165204
                }
              ]
            }
          ]
        }
      ]
    },
    "Planning Time": 0.081,
    "Triggers": [],
    "Execution Time": 154.575
  }
]