[
    {
        "Bao": {
            "Bao prediction": 579.775,
            "Bao recommended hint": "(no hint)"
        }
    },
    {
        "Plan": {
            "Node Type": "Aggregate",
            "Strategy": "Plain",
            "Partial Mode": "Finalize",
            "Parallel Aware": false,
            "Startup Cost": 402258.38,
            "Total Cost": 402258.39,
            "Plan Rows": 1,
            "Plan Width": 8,
            "Actual Startup Time": 1875.034,
            "Actual Total Time": 1912.945,
            "Actual Rows": 1,
            "Actual Loops": 1,
            "Output": [
                "count(*)"
            ],
            "Plans": [
                {
                    "Node Type": "Gather",
                    "Parent Relationship": "Outer",
                    "Parallel Aware": false,
                    "Startup Cost": 402257.75,
                    "Total Cost": 402258.36,
                    "Plan Rows": 6,
                    "Plan Width": 8,
                    "Actual Startup Time": 1846.247,
                    "Actual Total Time": 1912.928,
                    "Actual Rows": 7,
                    "Actual Loops": 1,
                    "Output": [
                        "(PARTIAL count(*))"
                    ],
                    "Workers Planned": 6,
                    "Workers Launched": 6,
                    "Single Copy": false,
                    "Plans": [
                        {
                            "Node Type": "Aggregate",
                            "Strategy": "Plain",
                            "Partial Mode": "Partial",
                            "Parent Relationship": "Outer",
                            "Parallel Aware": false,
                            "Startup Cost": 401257.75,
                            "Total Cost": 401257.76,
                            "Plan Rows": 1,
                            "Plan Width": 8,
                            "Actual Startup Time": 1828.545,
                            "Actual Total Time": 1828.55,
                            "Actual Rows": 1,
                            "Actual Loops": 7,
                            "Output": [
                                "PARTIAL count(*)"
                            ],
                            "Workers": [
                                {
                                    "Worker Number": 0,
                                    "Actual Startup Time": 1825.132,
                                    "Actual Total Time": 1825.136,
                                    "Actual Rows": 1,
                                    "Actual Loops": 1
                                },
                                {
                                    "Worker Number": 1,
                                    "Actual Startup Time": 1825.094,
                                    "Actual Total Time": 1825.099,
                                    "Actual Rows": 1,
                                    "Actual Loops": 1
                                },
                                {
                                    "Worker Number": 2,
                                    "Actual Startup Time": 1825.448,
                                    "Actual Total Time": 1825.452,
                                    "Actual Rows": 1,
                                    "Actual Loops": 1
                                },
                                {
                                    "Worker Number": 3,
                                    "Actual Startup Time": 1827.743,
                                    "Actual Total Time": 1827.747,
                                    "Actual Rows": 1,
                                    "Actual Loops": 1
                                },
                                {
                                    "Worker Number": 4,
                                    "Actual Startup Time": 1825.551,
                                    "Actual Total Time": 1825.556,
                                    "Actual Rows": 1,
                                    "Actual Loops": 1
                                },
                                {
                                    "Worker Number": 5,
                                    "Actual Startup Time": 1825.577,
                                    "Actual Total Time": 1825.582,
                                    "Actual Rows": 1,
                                    "Actual Loops": 1
                                }
                            ],
                            "Plans": [
                                {
                                    "Node Type": "Hash Join",
                                    "Parent Relationship": "Outer",
                                    "Parallel Aware": true,
                                    "Join Type": "Inner",
                                    "Startup Cost": 50044.5,
                                    "Total Cost": 397683.65,
                                    "Plan Rows": 1429642,
                                    "Plan Width": 0,
                                    "Actual Startup Time": 520.734,
                                    "Actual Total Time": 1757.154,
                                    "Actual Rows": 1022185,
                                    "Actual Loops": 7,
                                    "Inner Unique": true,
                                    "Hash Cond": "(ci.movie_id = t.id)",
                                    "Workers": [
                                        {
                                            "Worker Number": 0,
                                            "Actual Startup Time": 517.595,
                                            "Actual Total Time": 1752.79,
                                            "Actual Rows": 1025382,
                                            "Actual Loops": 1
                                        },
                                        {
                                            "Worker Number": 1,
                                            "Actual Startup Time": 517.737,
                                            "Actual Total Time": 1753.538,
                                            "Actual Rows": 1016841,
                                            "Actual Loops": 1
                                        },
                                        {
                                            "Worker Number": 2,
                                            "Actual Startup Time": 517.808,
                                            "Actual Total Time": 1753.19,
                                            "Actual Rows": 1007174,
                                            "Actual Loops": 1
                                        },
                                        {
                                            "Worker Number": 3,
                                            "Actual Startup Time": 518.22,
                                            "Actual Total Time": 1756.564,
                                            "Actual Rows": 1008815,
                                            "Actual Loops": 1
                                        },
                                        {
                                            "Worker Number": 4,
                                            "Actual Startup Time": 517.967,
                                            "Actual Total Time": 1755.098,
                                            "Actual Rows": 1003641,
                                            "Actual Loops": 1
                                        },
                                        {
                                            "Worker Number": 5,
                                            "Actual Startup Time": 518.191,
                                            "Actual Total Time": 1754.062,
                                            "Actual Rows": 1013562,
                                            "Actual Loops": 1
                                        }
                                    ],
                                    "Plans": [
                                        {
                                            "Node Type": "Index Scan",
                                            "Parent Relationship": "Outer",
                                            "Parallel Aware": true,
                                            "Scan Direction": "Forward",
                                            "Index Name": "role_id_cast_info",
                                            "Relation Name": "cast_info",
                                            "Schema": "public",
                                            "Alias": "ci",
                                            "Startup Cost": 0.56,
                                            "Total Cost": 342814.42,
                                            "Plan Rows": 1838202,
                                            "Plan Width": 4,
                                            "Actual Startup Time": 196.636,
                                            "Actual Total Time": 598.372,
                                            "Actual Rows": 1289604,
                                            "Actual Loops": 7,
                                            "Output": [
                                                "ci.id",
                                                "ci.person_id",
                                                "ci.movie_id",
                                                "ci.person_role_id",
                                                "ci.note",
                                                "ci.nr_order",
                                                "ci.role_id"
                                            ],
                                            "Index Cond": "(ci.role_id = 1)",
                                            "Rows Removed by Index Recheck": 0,
                                            "Filter": "(ci.person_id > 487202)",
                                            "Rows Removed by Filter": 520494,
                                            "Workers": [
                                                {
                                                    "Worker Number": 0,
                                                    "Actual Startup Time": 196.545,
                                                    "Actual Total Time": 608.365,
                                                    "Actual Rows": 1288091,
                                                    "Actual Loops": 1
                                                },
                                                {
                                                    "Worker Number": 1,
                                                    "Actual Startup Time": 196.627,
                                                    "Actual Total Time": 599.626,
                                                    "Actual Rows": 1282711,
                                                    "Actual Loops": 1
                                                },
                                                {
                                                    "Worker Number": 2,
                                                    "Actual Startup Time": 196.715,
                                                    "Actual Total Time": 605.082,
                                                    "Actual Rows": 1271789,
                                                    "Actual Loops": 1
                                                },
                                                {
                                                    "Worker Number": 3,
                                                    "Actual Startup Time": 196.631,
                                                    "Actual Total Time": 598.952,
                                                    "Actual Rows": 1274103,
                                                    "Actual Loops": 1
                                                },
                                                {
                                                    "Worker Number": 4,
                                                    "Actual Startup Time": 196.606,
                                                    "Actual Total Time": 603.886,
                                                    "Actual Rows": 1267891,
                                                    "Actual Loops": 1
                                                },
                                                {
                                                    "Worker Number": 5,
                                                    "Actual Startup Time": 196.597,
                                                    "Actual Total Time": 599.979,
                                                    "Actual Rows": 1278031,
                                                    "Actual Loops": 1
                                                }
                                            ]
                                        },
                                        {
                                            "Node Type": "Hash",
                                            "Parent Relationship": "Inner",
                                            "Parallel Aware": true,
                                            "Startup Cost": 43899.01,
                                            "Total Cost": 43899.01,
                                            "Plan Rows": 491594,
                                            "Plan Width": 4,
                                            "Actual Startup Time": 318.725,
                                            "Actual Total Time": 318.726,
                                            "Actual Rows": 282374,
                                            "Actual Loops": 7,
                                            "Output": [
                                                "t.id"
                                            ],
                                            "Hash Buckets": 2097152,
                                            "Original Hash Buckets": 2097152,
                                            "Hash Batches": 1,
                                            "Original Hash Batches": 1,
                                            "Peak Memory Usage": 93824,
                                            "Workers": [
                                                {
                                                    "Worker Number": 0,
                                                    "Actual Startup Time": 320.351,
                                                    "Actual Total Time": 320.352,
                                                    "Actual Rows": 266834,
                                                    "Actual Loops": 1
                                                },
                                                {
                                                    "Worker Number": 1,
                                                    "Actual Startup Time": 320.388,
                                                    "Actual Total Time": 320.39,
                                                    "Actual Rows": 278585,
                                                    "Actual Loops": 1
                                                },
                                                {
                                                    "Worker Number": 2,
                                                    "Actual Startup Time": 320.638,
                                                    "Actual Total Time": 320.639,
                                                    "Actual Rows": 263788,
                                                    "Actual Loops": 1
                                                },
                                                {
                                                    "Worker Number": 3,
                                                    "Actual Startup Time": 320.945,
                                                    "Actual Total Time": 320.946,
                                                    "Actual Rows": 268890,
                                                    "Actual Loops": 1
                                                },
                                                {
                                                    "Worker Number": 4,
                                                    "Actual Startup Time": 320.632,
                                                    "Actual Total Time": 320.633,
                                                    "Actual Rows": 260855,
                                                    "Actual Loops": 1
                                                },
                                                {
                                                    "Worker Number": 5,
                                                    "Actual Startup Time": 320.852,
                                                    "Actual Total Time": 320.853,
                                                    "Actual Rows": 276609,
                                                    "Actual Loops": 1
                                                }
                                            ],
                                            "Plans": [
                                                {
                                                    "Node Type": "Seq Scan",
                                                    "Parent Relationship": "Outer",
                                                    "Parallel Aware": true,
                                                    "Relation Name": "title",
                                                    "Schema": "public",
                                                    "Alias": "t",
                                                    "Startup Cost": 0.0,
                                                    "Total Cost": 43899.01,
                                                    "Plan Rows": 491594,
                                                    "Plan Width": 4,
                                                    "Actual Startup Time": 0.064,
                                                    "Actual Total Time": 113.968,
                                                    "Actual Rows": 282374,
                                                    "Actual Loops": 7,
                                                    "Output": [
                                                        "t.id"
                                                    ],
                                                    "Filter": "(t.production_year > 1977)",
                                                    "Rows Removed by Filter": 78814,
                                                    "Workers": [
                                                        {
                                                            "Worker Number": 0,
                                                            "Actual Startup Time": 0.081,
                                                            "Actual Total Time": 115.95,
                                                            "Actual Rows": 266834,
                                                            "Actual Loops": 1
                                                        },
                                                        {
                                                            "Worker Number": 1,
                                                            "Actual Startup Time": 0.068,
                                                            "Actual Total Time": 118.259,
                                                            "Actual Rows": 278585,
                                                            "Actual Loops": 1
                                                        },
                                                        {
                                                            "Worker Number": 2,
                                                            "Actual Startup Time": 0.061,
                                                            "Actual Total Time": 116.419,
                                                            "Actual Rows": 263788,
                                                            "Actual Loops": 1
                                                        },
                                                        {
                                                            "Worker Number": 3,
                                                            "Actual Startup Time": 0.07,
                                                            "Actual Total Time": 118.139,
                                                            "Actual Rows": 268890,
                                                            "Actual Loops": 1
                                                        },
                                                        {
                                                            "Worker Number": 4,
                                                            "Actual Startup Time": 0.067,
                                                            "Actual Total Time": 116.101,
                                                            "Actual Rows": 260855,
                                                            "Actual Loops": 1
                                                        },
                                                        {
                                                            "Worker Number": 5,
                                                            "Actual Startup Time": 0.074,
                                                            "Actual Total Time": 117.858,
                                                            "Actual Rows": 276609,
                                                            "Actual Loops": 1
                                                        }
                                                    ]
                                                }
                                            ]
                                        }
                                    ]
                                }
                            ]
                        }
                    ]
                }
            ]
        },
        "Planning Time": 4587.3,
        "Triggers": [],
        "Execution Time": 1913.118
    }
]