[
    {
        "Bao": {
            "Bao prediction": "NaN",
            "Bao recommended hint": "(no hint)"
        }
    },
    {
        "Plan": {
            "Node Type": "Aggregate",
            "Strategy": "Plain",
            "Partial Mode": "Finalize",
            "Parallel Aware": false,
            "Startup Cost": 29648.69,
            "Total Cost": 29648.7,
            "Plan Rows": 1,
            "Plan Width": 8,
            "Actual Startup Time": 69.158,
            "Actual Total Time": 73.947,
            "Actual Rows": 1,
            "Actual Loops": 1,
            "Output": [
                "count(*)"
            ],
            "Plans": [
                {
                    "Node Type": "Gather",
                    "Parent Relationship": "Outer",
                    "Parallel Aware": false,
                    "Startup Cost": 29648.37,
                    "Total Cost": 29648.68,
                    "Plan Rows": 3,
                    "Plan Width": 8,
                    "Actual Startup Time": 68.943,
                    "Actual Total Time": 73.94,
                    "Actual Rows": 4,
                    "Actual Loops": 1,
                    "Output": [
                        "(PARTIAL count(*))"
                    ],
                    "Workers Planned": 3,
                    "Workers Launched": 3,
                    "Single Copy": false,
                    "Plans": [
                        {
                            "Node Type": "Aggregate",
                            "Strategy": "Plain",
                            "Partial Mode": "Partial",
                            "Parent Relationship": "Outer",
                            "Parallel Aware": false,
                            "Startup Cost": 28648.37,
                            "Total Cost": 28648.38,
                            "Plan Rows": 1,
                            "Plan Width": 8,
                            "Actual Startup Time": 60.677,
                            "Actual Total Time": 60.678,
                            "Actual Rows": 1,
                            "Actual Loops": 4,
                            "Output": [
                                "PARTIAL count(*)"
                            ],
                            "Workers": [
                                {
                                    "Worker Number": 0,
                                    "Actual Startup Time": 57.859,
                                    "Actual Total Time": 57.86,
                                    "Actual Rows": 1,
                                    "Actual Loops": 1
                                },
                                {
                                    "Worker Number": 1,
                                    "Actual Startup Time": 57.786,
                                    "Actual Total Time": 57.787,
                                    "Actual Rows": 1,
                                    "Actual Loops": 1
                                },
                                {
                                    "Worker Number": 2,
                                    "Actual Startup Time": 58.461,
                                    "Actual Total Time": 58.462,
                                    "Actual Rows": 1,
                                    "Actual Loops": 1
                                }
                            ],
                            "Plans": [
                                {
                                    "Node Type": "Bitmap Heap Scan",
                                    "Parent Relationship": "Outer",
                                    "Parallel Aware": true,
                                    "Relation Name": "movie_companies",
                                    "Schema": "public",
                                    "Alias": "mc",
                                    "Startup Cost": 7926.79,
                                    "Total Cost": 28497.09,
                                    "Plan Rows": 60511,
                                    "Plan Width": 0,
                                    "Actual Startup Time": 46.486,
                                    "Actual Total Time": 59.559,
                                    "Actual Rows": 20555,
                                    "Actual Loops": 4,
                                    "Recheck Cond": "(mc.company_id < 184)",
                                    "Rows Removed by Index Recheck": 0,
                                    "Filter": "(mc.company_type_id = 2)",
                                    "Rows Removed by Filter": 69902,
                                    "Exact Heap Blocks": 10642,
                                    "Lossy Heap Blocks": 0,
                                    "Workers": [
                                        {
                                            "Worker Number": 0,
                                            "Actual Startup Time": 43.671,
                                            "Actual Total Time": 56.856,
                                            "Actual Rows": 16446,
                                            "Actual Loops": 1
                                        },
                                        {
                                            "Worker Number": 1,
                                            "Actual Startup Time": 43.596,
                                            "Actual Total Time": 56.758,
                                            "Actual Rows": 16817,
                                            "Actual Loops": 1
                                        },
                                        {
                                            "Worker Number": 2,
                                            "Actual Startup Time": 44.268,
                                            "Actual Total Time": 57.469,
                                            "Actual Rows": 14917,
                                            "Actual Loops": 1
                                        }
                                    ],
                                    "Plans": [
                                        {
                                            "Node Type": "Bitmap Index Scan",
                                            "Parent Relationship": "Outer",
                                            "Parallel Aware": false,
                                            "Index Name": "company_id_movie_companies",
                                            "Startup Cost": 0.0,
                                            "Total Cost": 7879.9,
                                            "Plan Rows": 367929,
                                            "Plan Width": 0,
                                            "Actual Startup Time": 16.73,
                                            "Actual Total Time": 16.731,
                                            "Actual Rows": 361826,
                                            "Actual Loops": 1,
                                            "Index Cond": "(mc.company_id < 184)"
                                        }
                                    ]
                                }
                            ]
                        }
                    ]
                }
            ]
        },
        "Planning Time": 175.509,
        "Triggers": [],
        "Execution Time": 74.05
    }
]