{
  "Plan": {
    "Node Type": "Aggregate",
    "Strategy": "Plain",
    "Partial Mode": "Finalize",
    "Parallel Aware": false,
    "Startup Cost": 99948.82,
    "Total Cost": 99948.83,
    "Plan Rows": 1,
    "Plan Width": 8,
    "Actual Startup Time": 360.028,
    "Actual Total Time": 377.774,
    "Actual Rows": 1,
    "Actual Loops": 1,
    "Plans": [
      {
        "Node Type": "Gather",
        "Parent Relationship": "Outer",
        "Parallel Aware": false,
        "Startup Cost": 99948.71,
        "Total Cost": 99948.82,
        "Plan Rows": 1,
        "Plan Width": 8,
        "Actual Startup Time": 359.857,
        "Actual Total Time": 377.766,
        "Actual Rows": 2,
        "Actual Loops": 1,
        "Workers Planned": 1,
        "Workers Launched": 1,
        "Single Copy": false,
        "Plans": [
          {
            "Node Type": "Aggregate",
            "Strategy": "Plain",
            "Partial Mode": "Partial",
            "Parent Relationship": "Outer",
            "Parallel Aware": false,
            "Startup Cost": 98948.71,
            "Total Cost": 98948.72,
            "Plan Rows": 1,
            "Plan Width": 8,
            "Actual Startup Time": 354.485,
            "Actual Total Time": 354.487,
            "Actual Rows": 1,
            "Actual Loops": 2,
            "Plans": [
              {
                "Node Type": "Hash Join",
                "Parent Relationship": "Outer",
                "Parallel Aware": true,
                "Join Type": "Inner",
                "Startup Cost": 58343.41,
                "Total Cost": 98943.74,
                "Plan Rows": 1987,
                "Plan Width": 0,
                "Actual Startup Time": 150.8,
                "Actual Total Time": 354.183,
                "Actual Rows": 4078,
                "Actual Loops": 2,
                "Inner Unique": true,
                "Hash Cond": "(mc.movie_id = t.id)",
                "Plans": [
                  {
                    "Node Type": "Seq Scan",
                    "Parent Relationship": "Outer",
                    "Parallel Aware": true,
                    "Relation Name": "movie_companies",
                    "Alias": "mc",
                    "Startup Cost": 0.0,
                    "Total Cost": 37974.77,
                    "Plan Rows": 1000214,
                    "Plan Width": 4,
                    "Actual Startup Time": 1.787,
                    "Actual Total Time": 136.984,
                    "Actual Rows": 851702,
                    "Actual Loops": 2,
                    "Filter": "(company_id > 2973)",
                    "Rows Removed by Filter": 452862
                  },
                  {
                    "Node Type": "Hash",
                    "Parent Relationship": "Inner",
                    "Parallel Aware": true,
                    "Startup Cost": 58306.47,
                    "Total Cost": 58306.47,
                    "Plan Rows": 2955,
                    "Plan Width": 4,
                    "Actual Startup Time": 146.474,
                    "Actual Total Time": 146.475,
                    "Actual Rows": 2934,
                    "Actual Loops": 2,
                    "Hash Buckets": 8192,
                    "Original Hash Buckets": 8192,
                    "Hash Batches": 1,
                    "Original Hash Batches": 1,
                    "Peak Memory Usage": 320,
                    "Plans": [
                      {
                        "Node Type": "Seq Scan",
                        "Parent Relationship": "Outer",
                        "Parallel Aware": true,
                        "Relation Name": "title",
                        "Alias": "t",
                        "Startup Cost": 0.0,
                        "Total Cost": 58306.47,
                        "Plan Rows": 2955,
                        "Plan Width": 4,
                        "Actual Startup Time": 0.755,
                        "Actual Total Time": 145.309,
                        "Actual Rows": 2934,
                        "Actual Loops": 2,
                        "Filter": "((kind_id < 4) AND (production_year = 1974))",
                        "Rows Removed by Filter": 1261222
                      }
                    ]
                  }
                ]
              }
            ]
          }
        ]
      }
    ]
  },
  "Planning Time": 0.314,
  "Triggers": [],
  "Execution Time": 377.831
}