{
  "Plan": {
    "Node Type": "Aggregate",
    "Strategy": "Plain",
    "Partial Mode": "Finalize",
    "Parallel Aware": false,
    "Startup Cost": 82973.61,
    "Total Cost": 82973.62,
    "Plan Rows": 1,
    "Plan Width": 8,
    "Actual Startup Time": 123.689,
    "Actual Total Time": 133.989,
    "Actual Rows": 1,
    "Actual Loops": 1,
    "Plans": [
      {
        "Node Type": "Gather",
        "Parent Relationship": "Outer",
        "Parallel Aware": false,
        "Startup Cost": 82973.5,
        "Total Cost": 82973.61,
        "Plan Rows": 1,
        "Plan Width": 8,
        "Actual Startup Time": 123.437,
        "Actual Total Time": 133.982,
        "Actual Rows": 2,
        "Actual Loops": 1,
        "Workers Planned": 1,
        "Workers Launched": 1,
        "Single Copy": false,
        "Plans": [
          {
            "Node Type": "Aggregate",
            "Strategy": "Plain",
            "Partial Mode": "Partial",
            "Parent Relationship": "Outer",
            "Parallel Aware": false,
            "Startup Cost": 81973.5,
            "Total Cost": 81973.51,
            "Plan Rows": 1,
            "Plan Width": 8,
            "Actual Startup Time": 117.753,
            "Actual Total Time": 117.754,
            "Actual Rows": 1,
            "Actual Loops": 2,
            "Plans": [
              {
                "Node Type": "Nested Loop",
                "Parent Relationship": "Outer",
                "Parallel Aware": false,
                "Join Type": "Inner",
                "Startup Cost": 11824.64,
                "Total Cost": 81962.49,
                "Plan Rows": 4404,
                "Plan Width": 0,
                "Actual Startup Time": 35.773,
                "Actual Total Time": 117.041,
                "Actual Rows": 12499,
                "Actual Loops": 2,
                "Inner Unique": false,
                "Plans": [
                  {
                    "Node Type": "Bitmap Heap Scan",
                    "Parent Relationship": "Outer",
                    "Parallel Aware": true,
                    "Relation Name": "title",
                    "Alias": "t",
                    "Startup Cost": 11824.21,
                    "Total Cost": 53674.47,
                    "Plan Rows": 3199,
                    "Plan Width": 4,
                    "Actual Startup Time": 35.403,
                    "Actual Total Time": 91.561,
                    "Actual Rows": 2430,
                    "Actual Loops": 2,
                    "Recheck Cond": "(kind_id = 1)",
                    "Rows Removed by Index Recheck": 0,
                    "Filter": "(production_year = 1988)",
                    "Rows Removed by Filter": 328982,
                    "Exact Heap Blocks": 9892,
                    "Lossy Heap Blocks": 0,
                    "Plans": [
                      {
                        "Node Type": "Bitmap Index Scan",
                        "Parent Relationship": "Outer",
                        "Parallel Aware": false,
                        "Index Name": "kind_id_title",
                        "Startup Cost": 0.0,
                        "Total Cost": 11822.85,
                        "Plan Rows": 663256,
                        "Plan Width": 0,
                        "Actual Startup Time": 38.272,
                        "Actual Total Time": 38.273,
                        "Actual Rows": 662825,
                        "Actual Loops": 1,
                        "Index Cond": "(kind_id = 1)"
                      }
                    ]
                  },
                  {
                    "Node Type": "Index Scan",
                    "Parent Relationship": "Inner",
                    "Parallel Aware": false,
                    "Scan Direction": "Forward",
                    "Index Name": "movie_id_movie_keyword",
                    "Relation Name": "movie_keyword",
                    "Alias": "mk",
                    "Startup Cost": 0.43,
                    "Total Cost": 8.49,
                    "Plan Rows": 35,
                    "Plan Width": 4,
                    "Actual Startup Time": 0.009,
                    "Actual Total Time": 0.01,
                    "Actual Rows": 5,
                    "Actual Loops": 4860,
                    "Index Cond": "(movie_id = t.id)",
                    "Rows Removed by Index Recheck": 0,
                    "Filter": "(keyword_id < 16954)",
                    "Rows Removed by Filter": 1
                  }
                ]
              }
            ]
          }
        ]
      }
    ]
  },
  "Planning Time": 0.394,
  "Triggers": [],
  "Execution Time": 134.052
}