{
  "Plan": {
    "Node Type": "Aggregate",
    "Strategy": "Plain",
    "Partial Mode": "Finalize",
    "Parallel Aware": false,
    "Startup Cost": 351912.82,
    "Total Cost": 351912.83,
    "Plan Rows": 1,
    "Plan Width": 8,
    "Actual Startup Time": 1442.914,
    "Actual Total Time": 1483.887,
    "Actual Rows": 1,
    "Actual Loops": 1,
    "Plans": [
      {
        "Node Type": "Gather",
        "Parent Relationship": "Outer",
        "Parallel Aware": false,
        "Startup Cost": 351912.71,
        "Total Cost": 351912.82,
        "Plan Rows": 1,
        "Plan Width": 8,
        "Actual Startup Time": 1442.6,
        "Actual Total Time": 1483.879,
        "Actual Rows": 2,
        "Actual Loops": 1,
        "Workers Planned": 1,
        "Workers Launched": 1,
        "Single Copy": false,
        "Plans": [
          {
            "Node Type": "Aggregate",
            "Strategy": "Plain",
            "Partial Mode": "Partial",
            "Parent Relationship": "Outer",
            "Parallel Aware": false,
            "Startup Cost": 350912.71,
            "Total Cost": 350912.72,
            "Plan Rows": 1,
            "Plan Width": 8,
            "Actual Startup Time": 1436.816,
            "Actual Total Time": 1436.819,
            "Actual Rows": 1,
            "Actual Loops": 2,
            "Plans": [
              {
                "Node Type": "Hash Join",
                "Parent Relationship": "Outer",
                "Parallel Aware": true,
                "Join Type": "Inner",
                "Startup Cost": 58454.46,
                "Total Cost": 350748.97,
                "Plan Rows": 65496,
                "Plan Width": 0,
                "Actual Startup Time": 150.963,
                "Actual Total Time": 1432.132,
                "Actual Rows": 95862,
                "Actual Loops": 2,
                "Inner Unique": true,
                "Hash Cond": "(mi.movie_id = t.id)",
                "Plans": [
                  {
                    "Node Type": "Seq Scan",
                    "Parent Relationship": "Outer",
                    "Parallel Aware": true,
                    "Relation Name": "movie_info",
                    "Alias": "mi",
                    "Startup Cost": 0.0,
                    "Total Cost": 270696.42,
                    "Plan Rows": 8227834,
                    "Plan Width": 4,
                    "Actual Startup Time": 0.011,
                    "Actual Total Time": 794.267,
                    "Actual Rows": 7016790,
                    "Actual Loops": 2,
                    "Filter": "(info_type_id > 1)",
                    "Rows Removed by Filter": 401070
                  },
                  {
                    "Node Type": "Hash",
                    "Parent Relationship": "Inner",
                    "Parallel Aware": true,
                    "Startup Cost": 58306.47,
                    "Total Cost": 58306.47,
                    "Plan Rows": 11839,
                    "Plan Width": 4,
                    "Actual Startup Time": 148.785,
                    "Actual Total Time": 148.785,
                    "Actual Rows": 8678,
                    "Actual Loops": 2,
                    "Hash Buckets": 32768,
                    "Original Hash Buckets": 32768,
                    "Hash Batches": 1,
                    "Original Hash Batches": 1,
                    "Peak Memory Usage": 992,
                    "Plans": [
                      {
                        "Node Type": "Seq Scan",
                        "Parent Relationship": "Outer",
                        "Parallel Aware": true,
                        "Relation Name": "title",
                        "Alias": "t",
                        "Startup Cost": 0.0,
                        "Total Cost": 58306.47,
                        "Plan Rows": 11839,
                        "Plan Width": 4,
                        "Actual Startup Time": 0.143,
                        "Actual Total Time": 145.395,
                        "Actual Rows": 8678,
                        "Actual Loops": 2,
                        "Filter": "((kind_id < 7) AND (production_year = 2000))",
                        "Rows Removed by Filter": 1255478
                      }
                    ]
                  }
                ]
              }
            ]
          }
        ]
      }
    ]
  },
  "Planning Time": 0.475,
  "Triggers": [],
  "Execution Time": 1483.962
}