{
    "Plan": {
        "Node Type": "Aggregate",
        "Strategy": "Plain",
        "Partial Mode": "Finalize",
        "Parallel Aware": false,
        "Startup Cost": 279472.97,
        "Total Cost": 279472.98,
        "Plan Rows": 1,
        "Plan Width": 8,
        "Actual Startup Time": 964.752,
        "Actual Total Time": 1013.963,
        "Actual Rows": 1,
        "Actual Loops": 1,
        "Output": [
            "count(*)"
        ],
        "Plans": [
            {
                "Node Type": "Gather",
                "Parent Relationship": "Outer",
                "Parallel Aware": false,
                "Startup Cost": 279472.65,
                "Total Cost": 279472.96,
                "Plan Rows": 3,
                "Plan Width": 8,
                "Actual Startup Time": 957.097,
                "Actual Total Time": 1013.95,
                "Actual Rows": 4,
                "Actual Loops": 1,
                "Output": [
                    "(PARTIAL count(*))"
                ],
                "Workers Planned": 3,
                "Workers Launched": 3,
                "Single Copy": false,
                "Plans": [
                    {
                        "Node Type": "Aggregate",
                        "Strategy": "Plain",
                        "Partial Mode": "Partial",
                        "Parent Relationship": "Outer",
                        "Parallel Aware": false,
                        "Startup Cost": 278472.65,
                        "Total Cost": 278472.66,
                        "Plan Rows": 1,
                        "Plan Width": 8,
                        "Actual Startup Time": 948.107,
                        "Actual Total Time": 948.227,
                        "Actual Rows": 1,
                        "Actual Loops": 4,
                        "Output": [
                            "PARTIAL count(*)"
                        ],
                        "Workers": [
                            {
                                "Worker Number": 0,
                                "Actual Startup Time": 944.946,
                                "Actual Total Time": 944.952,
                                "Actual Rows": 1,
                                "Actual Loops": 1
                            },
                            {
                                "Worker Number": 1,
                                "Actual Startup Time": 945.671,
                                "Actual Total Time": 945.678,
                                "Actual Rows": 1,
                                "Actual Loops": 1
                            },
                            {
                                "Worker Number": 2,
                                "Actual Startup Time": 945.564,
                                "Actual Total Time": 945.57,
                                "Actual Rows": 1,
                                "Actual Loops": 1
                            }
                        ],
                        "Plans": [
                            {
                                "Node Type": "Hash Join",
                                "Parent Relationship": "Outer",
                                "Parallel Aware": true,
                                "Join Type": "Inner",
                                "Startup Cost": 247652.68,
                                "Total Cost": 278218.64,
                                "Plan Rows": 101604,
                                "Plan Width": 0,
                                "Actual Startup Time": 763.778,
                                "Actual Total Time": 934.857,
                                "Actual Rows": 310322,
                                "Actual Loops": 4,
                                "Inner Unique": false,
                                "Hash Cond": "(mc.movie_id = t.id)",
                                "Workers": [
                                    {
                                        "Worker Number": 0,
                                        "Actual Startup Time": 760.747,
                                        "Actual Total Time": 932.148,
                                        "Actual Rows": 328695,
                                        "Actual Loops": 1
                                    },
                                    {
                                        "Worker Number": 1,
                                        "Actual Startup Time": 760.898,
                                        "Actual Total Time": 931.355,
                                        "Actual Rows": 227693,
                                        "Actual Loops": 1
                                    },
                                    {
                                        "Worker Number": 2,
                                        "Actual Startup Time": 761.383,
                                        "Actual Total Time": 932.969,
                                        "Actual Rows": 324946,
                                        "Actual Loops": 1
                                    }
                                ],
                                "Plans": [
                                    {
                                        "Node Type": "Seq Scan",
                                        "Parent Relationship": "Outer",
                                        "Parallel Aware": true,
                                        "Relation Name": "movie_companies",
                                        "Schema": "public",
                                        "Alias": "mc",
                                        "Startup Cost": 0.0,
                                        "Total Cost": 27206.55,
                                        "Plan Rows": 841655,
                                        "Plan Width": 4,
                                        "Actual Startup Time": 0.02,
                                        "Actual Total Time": 60.098,
                                        "Actual Rows": 652282,
                                        "Actual Loops": 4,
                                        "Output": [
                                            "mc.id",
                                            "mc.movie_id",
                                            "mc.company_id",
                                            "mc.company_type_id",
                                            "mc.note"
                                        ],
                                        "Workers": [
                                            {
                                                "Worker Number": 0,
                                                "Actual Startup Time": 0.023,
                                                "Actual Total Time": 60.99,
                                                "Actual Rows": 689773,
                                                "Actual Loops": 1
                                            },
                                            {
                                                "Worker Number": 1,
                                                "Actual Startup Time": 0.024,
                                                "Actual Total Time": 64.899,
                                                "Actual Rows": 485799,
                                                "Actual Loops": 1
                                            },
                                            {
                                                "Worker Number": 2,
                                                "Actual Startup Time": 0.02,
                                                "Actual Total Time": 59.149,
                                                "Actual Rows": 682650,
                                                "Actual Loops": 1
                                            }
                                        ]
                                    },
                                    {
                                        "Node Type": "Hash",
                                        "Parent Relationship": "Inner",
                                        "Parallel Aware": true,
                                        "Startup Cost": 246889.63,
                                        "Total Cost": 246889.63,
                                        "Plan Rows": 61044,
                                        "Plan Width": 8,
                                        "Actual Startup Time": 727.577,
                                        "Actual Total Time": 727.695,
                                        "Actual Rows": 140964,
                                        "Actual Loops": 4,
                                        "Output": [
                                            "t.id",
                                            "mi.movie_id"
                                        ],
                                        "Hash Buckets": 1048576,
                                        "Original Hash Buckets": 524288,
                                        "Hash Batches": 1,
                                        "Original Hash Batches": 1,
                                        "Peak Memory Usage": 34400,
                                        "Workers": [
                                            {
                                                "Worker Number": 0,
                                                "Actual Startup Time": 727.326,
                                                "Actual Total Time": 727.33,
                                                "Actual Rows": 151852,
                                                "Actual Loops": 1
                                            },
                                            {
                                                "Worker Number": 1,
                                                "Actual Startup Time": 727.287,
                                                "Actual Total Time": 727.291,
                                                "Actual Rows": 113303,
                                                "Actual Loops": 1
                                            },
                                            {
                                                "Worker Number": 2,
                                                "Actual Startup Time": 727.883,
                                                "Actual Total Time": 727.887,
                                                "Actual Rows": 139718,
                                                "Actual Loops": 1
                                            }
                                        ],
                                        "Plans": [
                                            {
                                                "Node Type": "Hash Join",
                                                "Parent Relationship": "Outer",
                                                "Parallel Aware": true,
                                                "Join Type": "Inner",
                                                "Startup Cost": 47321.78,
                                                "Total Cost": 246889.63,
                                                "Plan Rows": 61044,
                                                "Plan Width": 8,
                                                "Actual Startup Time": 509.385,
                                                "Actual Total Time": 669.559,
                                                "Actual Rows": 140964,
                                                "Actual Loops": 4,
                                                "Output": [
                                                    "t.id",
                                                    "mi.movie_id"
                                                ],
                                                "Inner Unique": true,
                                                "Hash Cond": "(mi.movie_id = t.id)",
                                                "Workers": [
                                                    {
                                                        "Worker Number": 0,
                                                        "Actual Startup Time": 509.132,
                                                        "Actual Total Time": 670.276,
                                                        "Actual Rows": 151852,
                                                        "Actual Loops": 1
                                                    },
                                                    {
                                                        "Worker Number": 1,
                                                        "Actual Startup Time": 509.205,
                                                        "Actual Total Time": 670.469,
                                                        "Actual Rows": 113303,
                                                        "Actual Loops": 1
                                                    },
                                                    {
                                                        "Worker Number": 2,
                                                        "Actual Startup Time": 509.539,
                                                        "Actual Total Time": 667.025,
                                                        "Actual Rows": 139718,
                                                        "Actual Loops": 1
                                                    }
                                                ],
                                                "Plans": [
                                                    {
                                                        "Node Type": "Seq Scan",
                                                        "Parent Relationship": "Outer",
                                                        "Parallel Aware": true,
                                                        "Relation Name": "movie_info",
                                                        "Schema": "public",
                                                        "Alias": "mi",
                                                        "Startup Cost": 0.0,
                                                        "Total Cost": 198880.74,
                                                        "Plan Rows": 261755,
                                                        "Plan Width": 4,
                                                        "Actual Startup Time": 292.189,
                                                        "Actual Total Time": 395.897,
                                                        "Actual Rows": 322232,
                                                        "Actual Loops": 4,
                                                        "Output": [
                                                            "mi.id",
                                                            "mi.movie_id",
                                                            "mi.info_type_id",
                                                            "mi.info",
                                                            "mi.note"
                                                        ],
                                                        "Filter": "(mi.info_type_id = 2)",
                                                        "Rows Removed by Filter": 3386698,
                                                        "Workers": [
                                                            {
                                                                "Worker Number": 0,
                                                                "Actual Startup Time": 292.193,
                                                                "Actual Total Time": 396.139,
                                                                "Actual Rows": 346357,
                                                                "Actual Loops": 1
                                                            },
                                                            {
                                                                "Worker Number": 1,
                                                                "Actual Startup Time": 292.189,
                                                                "Actual Total Time": 401.17,
                                                                "Actual Rows": 256567,
                                                                "Actual Loops": 1
                                                            },
                                                            {
                                                                "Worker Number": 2,
                                                                "Actual Startup Time": 292.198,
                                                                "Actual Total Time": 393.411,
                                                                "Actual Rows": 320314,
                                                                "Actual Loops": 1
                                                            }
                                                        ]
                                                    },
                                                    {
                                                        "Node Type": "Hash",
                                                        "Parent Relationship": "Inner",
                                                        "Parallel Aware": true,
                                                        "Startup Cost": 45479.21,
                                                        "Total Cost": 45479.21,
                                                        "Plan Rows": 147406,
                                                        "Plan Width": 4,
                                                        "Actual Startup Time": 171.531,
                                                        "Actual Total Time": 171.532,
                                                        "Actual Rows": 148682,
                                                        "Actual Loops": 4,
                                                        "Output": [
                                                            "t.id"
                                                        ],
                                                        "Hash Buckets": 1048576,
                                                        "Original Hash Buckets": 1048576,
                                                        "Hash Batches": 1,
                                                        "Original Hash Batches": 1,
                                                        "Peak Memory Usage": 31520,
                                                        "Workers": [
                                                            {
                                                                "Worker Number": 0,
                                                                "Actual Startup Time": 174.389,
                                                                "Actual Total Time": 174.39,
                                                                "Actual Rows": 156832,
                                                                "Actual Loops": 1
                                                            },
                                                            {
                                                                "Worker Number": 1,
                                                                "Actual Startup Time": 174.447,
                                                                "Actual Total Time": 174.449,
                                                                "Actual Rows": 111483,
                                                                "Actual Loops": 1
                                                            },
                                                            {
                                                                "Worker Number": 2,
                                                                "Actual Startup Time": 174.803,
                                                                "Actual Total Time": 174.804,
                                                                "Actual Rows": 150505,
                                                                "Actual Loops": 1
                                                            }
                                                        ],
                                                        "Plans": [
                                                            {
                                                                "Node Type": "Seq Scan",
                                                                "Parent Relationship": "Outer",
                                                                "Parallel Aware": true,
                                                                "Relation Name": "title",
                                                                "Schema": "public",
                                                                "Alias": "t",
                                                                "Startup Cost": 0.0,
                                                                "Total Cost": 45479.21,
                                                                "Plan Rows": 147406,
                                                                "Plan Width": 4,
                                                                "Actual Startup Time": 65.969,
                                                                "Actual Total Time": 113.053,
                                                                "Actual Rows": 148682,
                                                                "Actual Loops": 4,
                                                                "Output": [
                                                                    "t.id"
                                                                ],
                                                                "Filter": "((t.production_year < 2012) AND (t.kind_id = 1))",
                                                                "Rows Removed by Filter": 483396,
                                                                "Workers": [
                                                                    {
                                                                        "Worker Number": 0,
                                                                        "Actual Startup Time": 65.983,
                                                                        "Actual Total Time": 114.079,
                                                                        "Actual Rows": 156832,
                                                                        "Actual Loops": 1
                                                                    },
                                                                    {
                                                                        "Worker Number": 1,
                                                                        "Actual Startup Time": 65.841,
                                                                        "Actual Total Time": 115.518,
                                                                        "Actual Rows": 111483,
                                                                        "Actual Loops": 1
                                                                    },
                                                                    {
                                                                        "Worker Number": 2,
                                                                        "Actual Startup Time": 66.05,
                                                                        "Actual Total Time": 111.002,
                                                                        "Actual Rows": 150505,
                                                                        "Actual Loops": 1
                                                                    }
                                                                ]
                                                            }
                                                        ]
                                                    }
                                                ]
                                            }
                                        ]
                                    }
                                ]
                            }
                        ]
                    }
                ]
            }
        ]
    },
    "Planning Time": 1.615,
    "Triggers": [],
    "Execution Time": 1014.067
}