[
  {
    "Plan": {
      "Node Type": "Aggregate",
      "Strategy": "Plain",
      "Partial Mode": "Finalize",
      "Parallel Aware": false,
      "Startup Cost": 290556.33,
      "Total Cost": 290556.34,
      "Plan Rows": 1,
      "Plan Width": 8,
      "Actual Startup Time": 1239.953,
      "Actual Total Time": 1294.545,
      "Actual Rows": 1,
      "Actual Loops": 1,
      "Plans": [
        {
          "Node Type": "Gather",
          "Parent Relationship": "Outer",
          "Parallel Aware": false,
          "Startup Cost": 290555.81,
          "Total Cost": 290556.32,
          "Plan Rows": 5,
          "Plan Width": 8,
          "Actual Startup Time": 1230.711,
          "Actual Total Time": 1294.533,
          "Actual Rows": 6,
          "Actual Loops": 1,
          "Workers Planned": 5,
          "Workers Launched": 5,
          "Single Copy": false,
          "Plans": [
            {
              "Node Type": "Aggregate",
              "Strategy": "Plain",
              "Partial Mode": "Partial",
              "Parent Relationship": "Outer",
              "Parallel Aware": false,
              "Startup Cost": 289555.81,
              "Total Cost": 289555.82,
              "Plan Rows": 1,
              "Plan Width": 8,
              "Actual Startup Time": 1220.171,
              "Actual Total Time": 1220.471,
              "Actual Rows": 1,
              "Actual Loops": 6,
              "Plans": [
                {
                  "Node Type": "Hash Join",
                  "Parent Relationship": "Outer",
                  "Parallel Aware": true,
                  "Join Type": "Inner",
                  "Startup Cost": 81060.44,
                  "Total Cost": 287002.77,
                  "Plan Rows": 1021217,
                  "Plan Width": 0,
                  "Actual Startup Time": 377.858,
                  "Actual Total Time": 1181.6,
                  "Actual Rows": 769691,
                  "Actual Loops": 6,
                  "Inner Unique": false,
                  "Hash Cond": "(mi.movie_id = t.id)",
                  "Plans": [
                    {
                      "Node Type": "Seq Scan",
                      "Parent Relationship": "Outer",
                      "Parallel Aware": true,
                      "Relation Name": "movie_info",
                      "Alias": "mi",
                      "Startup Cost": 0.0,
                      "Total Cost": 191560.33,
                      "Plan Rows": 2956733,
                      "Plan Width": 4,
                      "Actual Startup Time": 0.024,
                      "Actual Total Time": 339.932,
                      "Actual Rows": 2472620,
                      "Actual Loops": 6
                    },
                    {
                      "Node Type": "Hash",
                      "Parent Relationship": "Inner",
                      "Parallel Aware": true,
                      "Startup Cost": 77539.31,
                      "Total Cost": 77539.31,
                      "Plan Rows": 281690,
                      "Plan Width": 8,
                      "Actual Startup Time": 372.911,
                      "Actual Total Time": 373.21,
                      "Actual Rows": 81214,
                      "Actual Loops": 6,
                      "Hash Buckets": 1048576,
                      "Original Hash Buckets": 1048576,
                      "Hash Batches": 1,
                      "Original Hash Batches": 1,
                      "Peak Memory Usage": 27328,
                      "Plans": [
                        {
                          "Node Type": "Hash Join",
                          "Parent Relationship": "Outer",
                          "Parallel Aware": true,
                          "Join Type": "Inner",
                          "Startup Cost": 48123.42,
                          "Total Cost": 77539.31,
                          "Plan Rows": 281690,
                          "Plan Width": 8,
                          "Actual Startup Time": 174.605,
                          "Actual Total Time": 337.488,
                          "Actual Rows": 81214,
                          "Actual Loops": 6,
                          "Inner Unique": true,
                          "Hash Cond": "(mc.movie_id = t.id)",
                          "Plans": [
                            {
                              "Node Type": "Seq Scan",
                              "Parent Relationship": "Outer",
                              "Parallel Aware": true,
                              "Relation Name": "movie_companies",
                              "Alias": "mc",
                              "Startup Cost": 0.0,
                              "Total Cost": 27206.55,
                              "Plan Rows": 841655,
                              "Plan Width": 4,
                              "Actual Startup Time": 0.024,
                              "Actual Total Time": 49.628,
                              "Actual Rows": 434855,
                              "Actual Loops": 6
                            },
                            {
                              "Node Type": "Hash",
                              "Parent Relationship": "Inner",
                              "Parallel Aware": true,
                              "Startup Cost": 45479.1,
                              "Total Cost": 45479.1,
                              "Plan Rows": 211546,
                              "Plan Width": 4,
                              "Actual Startup Time": 172.584,
                              "Actual Total Time": 172.586,
                              "Actual Rows": 151153,
                              "Actual Loops": 6,
                              "Hash Buckets": 1048576,
                              "Original Hash Buckets": 1048576,
                              "Hash Batches": 1,
                              "Original Hash Batches": 1,
                              "Peak Memory Usage": 43712,
                              "Plans": [
                                {
                                  "Node Type": "Seq Scan",
                                  "Parent Relationship": "Outer",
                                  "Parallel Aware": true,
                                  "Relation Name": "title",
                                  "Alias": "t",
                                  "Startup Cost": 0.0,
                                  "Total Cost": 45479.1,
                                  "Plan Rows": 211546,
                                  "Plan Width": 4,
                                  "Actual Startup Time": 0.046,
                                  "Actual Total Time": 95.944,
                                  "Actual Rows": 151153,
                                  "Actual Loops": 6,
                                  "Filter": "((kind_id > 2) AND (production_year > 2003))",
                                  "Rows Removed by Filter": 270233
                                }
                              ]
                            }
                          ]
                        }
                      ]
                    }
                  ]
                }
              ]
            }
          ]
        }
      ]
    },
    "Planning Time": 1.416,
    "Triggers": [],
    "Execution Time": 1294.677
  }
]