[
  {
    "Plan": {
      "Node Type": "Aggregate",
      "Strategy": "Plain",
      "Partial Mode": "Finalize",
      "Parallel Aware": false,
      "Startup Cost": 33158.81,
      "Total Cost": 33158.82,
      "Plan Rows": 1,
      "Plan Width": 8,
      "Actual Startup Time": 85.251,
      "Actual Total Time": 93.076,
      "Actual Rows": 1,
      "Actual Loops": 1,
      "Plans": [
        {
          "Node Type": "Gather",
          "Parent Relationship": "Outer",
          "Parallel Aware": false,
          "Startup Cost": 33158.5,
          "Total Cost": 33158.81,
          "Plan Rows": 3,
          "Plan Width": 8,
          "Actual Startup Time": 85.104,
          "Actual Total Time": 93.067,
          "Actual Rows": 4,
          "Actual Loops": 1,
          "Workers Planned": 3,
          "Workers Launched": 3,
          "Single Copy": false,
          "Plans": [
            {
              "Node Type": "Aggregate",
              "Strategy": "Plain",
              "Partial Mode": "Partial",
              "Parent Relationship": "Outer",
              "Parallel Aware": false,
              "Startup Cost": 32158.5,
              "Total Cost": 32158.51,
              "Plan Rows": 1,
              "Plan Width": 8,
              "Actual Startup Time": 80.969,
              "Actual Total Time": 80.97,
              "Actual Rows": 1,
              "Actual Loops": 4,
              "Plans": [
                {
                  "Node Type": "Seq Scan",
                  "Parent Relationship": "Outer",
                  "Parallel Aware": true,
                  "Relation Name": "movie_companies",
                  "Alias": "mc",
                  "Startup Cost": 0.0,
                  "Total Cost": 31414.82,
                  "Plan Rows": 297471,
                  "Plan Width": 0,
                  "Actual Startup Time": 38.739,
                  "Actual Total Time": 73.927,
                  "Actual Rows": 152358,
                  "Actual Loops": 4,
                  "Filter": "((company_id < 31158) AND (company_type_id = 2))",
                  "Rows Removed by Filter": 499924
                }
              ]
            }
          ]
        }
      ]
    },
    "Planning Time": 0.1,
    "Triggers": [],
    "Execution Time": 93.114
  }
]