[
  {
    "Plan": {
      "Node Type": "Aggregate",
      "Strategy": "Plain",
      "Partial Mode": "Finalize",
      "Parallel Aware": false,
      "Startup Cost": 46821.7,
      "Total Cost": 46821.71,
      "Plan Rows": 1,
      "Plan Width": 8,
      "Actual Startup Time": 129.308,
      "Actual Total Time": 143.522,
      "Actual Rows": 1,
      "Actual Loops": 1,
      "Plans": [
        {
          "Node Type": "Gather",
          "Parent Relationship": "Outer",
          "Parallel Aware": false,
          "Startup Cost": 46821.28,
          "Total Cost": 46821.69,
          "Plan Rows": 4,
          "Plan Width": 8,
          "Actual Startup Time": 129.165,
          "Actual Total Time": 143.511,
          "Actual Rows": 5,
          "Actual Loops": 1,
          "Workers Planned": 4,
          "Workers Launched": 4,
          "Single Copy": false,
          "Plans": [
            {
              "Node Type": "Aggregate",
              "Strategy": "Plain",
              "Partial Mode": "Partial",
              "Parent Relationship": "Outer",
              "Parallel Aware": false,
              "Startup Cost": 45821.28,
              "Total Cost": 45821.29,
              "Plan Rows": 1,
              "Plan Width": 8,
              "Actual Startup Time": 120.955,
              "Actual Total Time": 120.956,
              "Actual Rows": 1,
              "Actual Loops": 5,
              "Plans": [
                {
                  "Node Type": "Seq Scan",
                  "Parent Relationship": "Outer",
                  "Parallel Aware": true,
                  "Relation Name": "title",
                  "Alias": "t",
                  "Startup Cost": 0.0,
                  "Total Cost": 45479.1,
                  "Plan Rows": 136872,
                  "Plan Width": 0,
                  "Actual Startup Time": 56.948,
                  "Actual Total Time": 115.909,
                  "Actual Rows": 85050,
                  "Actual Loops": 5,
                  "Filter": "((production_year > 1970) AND (kind_id = 1))",
                  "Rows Removed by Filter": 420613
                }
              ]
            }
          ]
        }
      ]
    },
    "Planning Time": 0.168,
    "Triggers": [],
    "Execution Time": 143.583
  }
]