[
  {
    "Plan": {
      "Node Type": "Aggregate",
      "Strategy": "Plain",
      "Partial Mode": "Finalize",
      "Parallel Aware": false,
      "Startup Cost": 31470.9,
      "Total Cost": 31470.91,
      "Plan Rows": 1,
      "Plan Width": 8,
      "Actual Startup Time": 114.08,
      "Actual Total Time": 122.157,
      "Actual Rows": 1,
      "Actual Loops": 1,
      "Plans": [
        {
          "Node Type": "Gather",
          "Parent Relationship": "Outer",
          "Parallel Aware": false,
          "Startup Cost": 31470.58,
          "Total Cost": 31470.89,
          "Plan Rows": 3,
          "Plan Width": 8,
          "Actual Startup Time": 113.962,
          "Actual Total Time": 122.148,
          "Actual Rows": 4,
          "Actual Loops": 1,
          "Workers Planned": 3,
          "Workers Launched": 3,
          "Single Copy": false,
          "Plans": [
            {
              "Node Type": "Aggregate",
              "Strategy": "Plain",
              "Partial Mode": "Partial",
              "Parent Relationship": "Outer",
              "Parallel Aware": false,
              "Startup Cost": 30470.58,
              "Total Cost": 30470.59,
              "Plan Rows": 1,
              "Plan Width": 8,
              "Actual Startup Time": 108.034,
              "Actual Total Time": 108.035,
              "Actual Rows": 1,
              "Actual Loops": 4,
              "Plans": [
                {
                  "Node Type": "Seq Scan",
                  "Parent Relationship": "Outer",
                  "Parallel Aware": true,
                  "Relation Name": "movie_companies",
                  "Alias": "mc",
                  "Startup Cost": 0.0,
                  "Total Cost": 29310.68,
                  "Plan Rows": 463960,
                  "Plan Width": 0,
                  "Actual Startup Time": 16.378,
                  "Actual Total Time": 88.815,
                  "Actual Rows": 357068,
                  "Actual Loops": 4,
                  "Filter": "(company_id > 10212)",
                  "Rows Removed by Filter": 295214
                }
              ]
            }
          ]
        }
      ]
    },
    "Planning Time": 0.186,
    "Triggers": [],
    "Execution Time": 122.205
  }
]