{
  "Plan": {
    "Node Type": "Aggregate",
    "Strategy": "Plain",
    "Partial Mode": "Finalize",
    "Parallel Aware": false,
    "Startup Cost": 715447.6,
    "Total Cost": 715447.61,
    "Plan Rows": 1,
    "Plan Width": 8,
    "Actual Startup Time": 7135.457,
    "Actual Total Time": 7194.882,
    "Actual Rows": 1,
    "Actual Loops": 1,
    "Plans": [
      {
        "Node Type": "Gather",
        "Parent Relationship": "Outer",
        "Parallel Aware": false,
        "Startup Cost": 715447.49,
        "Total Cost": 715447.6,
        "Plan Rows": 1,
        "Plan Width": 8,
        "Actual Startup Time": 7130.279,
        "Actual Total Time": 7194.874,
        "Actual Rows": 2,
        "Actual Loops": 1,
        "Workers Planned": 1,
        "Workers Launched": 1,
        "Single Copy": false,
        "Plans": [
          {
            "Node Type": "Aggregate",
            "Strategy": "Plain",
            "Partial Mode": "Partial",
            "Parent Relationship": "Outer",
            "Parallel Aware": false,
            "Startup Cost": 714447.49,
            "Total Cost": 714447.5,
            "Plan Rows": 1,
            "Plan Width": 8,
            "Actual Startup Time": 7123.785,
            "Actual Total Time": 7123.792,
            "Actual Rows": 1,
            "Actual Loops": 2,
            "Plans": [
              {
                "Node Type": "Hash Join",
                "Parent Relationship": "Outer",
                "Parallel Aware": true,
                "Join Type": "Inner",
                "Startup Cost": 119841.27,
                "Total Cost": 699863.71,
                "Plan Rows": 5833512,
                "Plan Width": 0,
                "Actual Startup Time": 841.267,
                "Actual Total Time": 6466.715,
                "Actual Rows": 16191860,
                "Actual Loops": 2,
                "Inner Unique": false,
                "Hash Cond": "(ci.movie_id = t.id)",
                "Plans": [
                  {
                    "Node Type": "Seq Scan",
                    "Parent Relationship": "Outer",
                    "Parallel Aware": true,
                    "Relation Name": "cast_info",
                    "Alias": "ci",
                    "Startup Cost": 0.0,
                    "Total Cost": 465792.95,
                    "Plan Rows": 21310595,
                    "Plan Width": 4,
                    "Actual Startup Time": 0.016,
                    "Actual Total Time": 1331.982,
                    "Actual Rows": 18122172,
                    "Actual Loops": 2
                  },
                  {
                    "Node Type": "Hash",
                    "Parent Relationship": "Inner",
                    "Parallel Aware": true,
                    "Startup Cost": 114752.38,
                    "Total Cost": 114752.38,
                    "Plan Rows": 407111,
                    "Plan Width": 8,
                    "Actual Startup Time": 831.954,
                    "Actual Total Time": 831.959,
                    "Actual Rows": 338834,
                    "Actual Loops": 2,
                    "Hash Buckets": 1048576,
                    "Original Hash Buckets": 1048576,
                    "Hash Batches": 1,
                    "Original Hash Batches": 1,
                    "Peak Memory Usage": 34720,
                    "Plans": [
                      {
                        "Node Type": "Hash Join",
                        "Parent Relationship": "Outer",
                        "Parallel Aware": true,
                        "Join Type": "Inner",
                        "Startup Cost": 84140.82,
                        "Total Cost": 114752.38,
                        "Plan Rows": 407111,
                        "Plan Width": 8,
                        "Actual Startup Time": 585.313,
                        "Actual Total Time": 753.28,
                        "Actual Rows": 338834,
                        "Actual Loops": 2,
                        "Inner Unique": true,
                        "Hash Cond": "(mk.movie_id = t.id)",
                        "Plans": [
                          {
                            "Node Type": "Bitmap Heap Scan",
                            "Parent Relationship": "Outer",
                            "Parallel Aware": true,
                            "Relation Name": "movie_keyword",
                            "Alias": "mk",
                            "Startup Cost": 14680.12,
                            "Total Cost": 44223.01,
                            "Plan Rows": 407111,
                            "Plan Width": 4,
                            "Actual Startup Time": 39.334,
                            "Actual Total Time": 116.397,
                            "Actual Rows": 338834,
                            "Actual Loops": 2,
                            "Recheck Cond": "(keyword_id > 27630)",
                            "Rows Removed by Index Recheck": 0,
                            "Exact Heap Blocks": 12740,
                            "Lossy Heap Blocks": 0,
                            "Plans": [
                              {
                                "Node Type": "Bitmap Index Scan",
                                "Parent Relationship": "Outer",
                                "Parallel Aware": false,
                                "Index Name": "keyword_id_movie_keyword",
                                "Startup Cost": 0.0,
                                "Total Cost": 14507.1,
                                "Plan Rows": 692089,
                                "Plan Width": 0,
                                "Actual Startup Time": 35.831,
                                "Actual Total Time": 35.832,
                                "Actual Rows": 677668,
                                "Actual Loops": 1,
                                "Index Cond": "(keyword_id > 27630)"
                              }
                            ]
                          },
                          {
                            "Node Type": "Hash",
                            "Parent Relationship": "Inner",
                            "Parallel Aware": true,
                            "Startup Cost": 50870.31,
                            "Total Cost": 50870.31,
                            "Plan Rows": 1487231,
                            "Plan Width": 4,
                            "Actual Startup Time": 531.025,
                            "Actual Total Time": 531.026,
                            "Actual Rows": 1264156,
                            "Actual Loops": 2,
                            "Hash Buckets": 4194304,
                            "Original Hash Buckets": 4194304,
                            "Hash Batches": 1,
                            "Original Hash Batches": 1,
                            "Peak Memory Usage": 131712,
                            "Plans": [
                              {
                                "Node Type": "Seq Scan",
                                "Parent Relationship": "Outer",
                                "Parallel Aware": true,
                                "Relation Name": "title",
                                "Alias": "t",
                                "Startup Cost": 0.0,
                                "Total Cost": 50870.31,
                                "Plan Rows": 1487231,
                                "Plan Width": 4,
                                "Actual Startup Time": 0.032,
                                "Actual Total Time": 149.209,
                                "Actual Rows": 1264156,
                                "Actual Loops": 2
                              }
                            ]
                          }
                        ]
                      }
                    ]
                  }
                ]
              }
            ]
          }
        ]
      }
    ]
  },
  "Planning Time": 0.949,
  "Triggers": [],
  "Execution Time": 7194.989
}