{
    "Plan": {
        "Node Type": "Aggregate",
        "Strategy": "Plain",
        "Partial Mode": "Finalize",
        "Parallel Aware": false,
        "Startup Cost": 333501.25,
        "Total Cost": 333501.26,
        "Plan Rows": 1,
        "Plan Width": 8,
        "Actual Startup Time": 970.01,
        "Actual Total Time": 1024.866,
        "Actual Rows": 1,
        "Actual Loops": 1,
        "Output": [
            "count(*)"
        ],
        "Plans": [
            {
                "Node Type": "Gather",
                "Parent Relationship": "Outer",
                "Parallel Aware": false,
                "Startup Cost": 333500.94,
                "Total Cost": 333501.25,
                "Plan Rows": 3,
                "Plan Width": 8,
                "Actual Startup Time": 968.186,
                "Actual Total Time": 1024.855,
                "Actual Rows": 4,
                "Actual Loops": 1,
                "Output": [
                    "(PARTIAL count(*))"
                ],
                "Workers Planned": 3,
                "Workers Launched": 3,
                "Single Copy": false,
                "Plans": [
                    {
                        "Node Type": "Aggregate",
                        "Strategy": "Plain",
                        "Partial Mode": "Partial",
                        "Parent Relationship": "Outer",
                        "Parallel Aware": false,
                        "Startup Cost": 332500.94,
                        "Total Cost": 332500.95,
                        "Plan Rows": 1,
                        "Plan Width": 8,
                        "Actual Startup Time": 951.069,
                        "Actual Total Time": 951.228,
                        "Actual Rows": 1,
                        "Actual Loops": 4,
                        "Output": [
                            "PARTIAL count(*)"
                        ],
                        "Workers": [
                            {
                                "Worker Number": 0,
                                "Actual Startup Time": 945.435,
                                "Actual Total Time": 945.441,
                                "Actual Rows": 1,
                                "Actual Loops": 1
                            },
                            {
                                "Worker Number": 1,
                                "Actual Startup Time": 945.75,
                                "Actual Total Time": 945.756,
                                "Actual Rows": 1,
                                "Actual Loops": 1
                            },
                            {
                                "Worker Number": 2,
                                "Actual Startup Time": 945.729,
                                "Actual Total Time": 945.734,
                                "Actual Rows": 1,
                                "Actual Loops": 1
                            }
                        ],
                        "Plans": [
                            {
                                "Node Type": "Hash Join",
                                "Parent Relationship": "Outer",
                                "Parallel Aware": true,
                                "Join Type": "Inner",
                                "Startup Cost": 301691.96,
                                "Total Cost": 332277.82,
                                "Plan Rows": 89245,
                                "Plan Width": 0,
                                "Actual Startup Time": 767.846,
                                "Actual Total Time": 945.78,
                                "Actual Rows": 94214,
                                "Actual Loops": 4,
                                "Inner Unique": false,
                                "Hash Cond": "(mc.movie_id = t.id)",
                                "Workers": [
                                    {
                                        "Worker Number": 0,
                                        "Actual Startup Time": 762.346,
                                        "Actual Total Time": 940.02,
                                        "Actual Rows": 79108,
                                        "Actual Loops": 1
                                    },
                                    {
                                        "Worker Number": 1,
                                        "Actual Startup Time": 762.34,
                                        "Actual Total Time": 940.234,
                                        "Actual Rows": 80592,
                                        "Actual Loops": 1
                                    },
                                    {
                                        "Worker Number": 2,
                                        "Actual Startup Time": 762.562,
                                        "Actual Total Time": 940.245,
                                        "Actual Rows": 80300,
                                        "Actual Loops": 1
                                    }
                                ],
                                "Plans": [
                                    {
                                        "Node Type": "Seq Scan",
                                        "Parent Relationship": "Outer",
                                        "Parallel Aware": true,
                                        "Relation Name": "movie_companies",
                                        "Schema": "public",
                                        "Alias": "mc",
                                        "Startup Cost": 0.0,
                                        "Total Cost": 27206.55,
                                        "Plan Rows": 841655,
                                        "Plan Width": 4,
                                        "Actual Startup Time": 0.021,
                                        "Actual Total Time": 71.255,
                                        "Actual Rows": 652282,
                                        "Actual Loops": 4,
                                        "Output": [
                                            "mc.id",
                                            "mc.movie_id",
                                            "mc.company_id",
                                            "mc.company_type_id",
                                            "mc.note"
                                        ],
                                        "Workers": [
                                            {
                                                "Worker Number": 0,
                                                "Actual Startup Time": 0.025,
                                                "Actual Total Time": 73.516,
                                                "Actual Rows": 549637,
                                                "Actual Loops": 1
                                            },
                                            {
                                                "Worker Number": 1,
                                                "Actual Startup Time": 0.028,
                                                "Actual Total Time": 73.579,
                                                "Actual Rows": 553301,
                                                "Actual Loops": 1
                                            },
                                            {
                                                "Worker Number": 2,
                                                "Actual Startup Time": 0.025,
                                                "Actual Total Time": 72.019,
                                                "Actual Rows": 553367,
                                                "Actual Loops": 1
                                            }
                                        ]
                                    },
                                    {
                                        "Node Type": "Hash",
                                        "Parent Relationship": "Inner",
                                        "Parallel Aware": true,
                                        "Startup Cost": 300854.19,
                                        "Total Cost": 300854.19,
                                        "Plan Rows": 67022,
                                        "Plan Width": 8,
                                        "Actual Startup Time": 761.532,
                                        "Actual Total Time": 761.689,
                                        "Actual Rows": 34230,
                                        "Actual Loops": 4,
                                        "Output": [
                                            "t.id",
                                            "ci.movie_id"
                                        ],
                                        "Hash Buckets": 524288,
                                        "Original Hash Buckets": 524288,
                                        "Hash Batches": 1,
                                        "Original Hash Batches": 1,
                                        "Peak Memory Usage": 9536,
                                        "Workers": [
                                            {
                                                "Worker Number": 0,
                                                "Actual Startup Time": 761.604,
                                                "Actual Total Time": 761.608,
                                                "Actual Rows": 28790,
                                                "Actual Loops": 1
                                            },
                                            {
                                                "Worker Number": 1,
                                                "Actual Startup Time": 761.751,
                                                "Actual Total Time": 761.755,
                                                "Actual Rows": 29256,
                                                "Actual Loops": 1
                                            },
                                            {
                                                "Worker Number": 2,
                                                "Actual Startup Time": 762.079,
                                                "Actual Total Time": 762.083,
                                                "Actual Rows": 29657,
                                                "Actual Loops": 1
                                            }
                                        ],
                                        "Plans": [
                                            {
                                                "Node Type": "Hash Join",
                                                "Parent Relationship": "Outer",
                                                "Parallel Aware": true,
                                                "Join Type": "Inner",
                                                "Startup Cost": 252102.88,
                                                "Total Cost": 300854.19,
                                                "Plan Rows": 67022,
                                                "Plan Width": 8,
                                                "Actual Startup Time": 532.805,
                                                "Actual Total Time": 744.5,
                                                "Actual Rows": 34230,
                                                "Actual Loops": 4,
                                                "Output": [
                                                    "t.id",
                                                    "ci.movie_id"
                                                ],
                                                "Inner Unique": false,
                                                "Hash Cond": "(t.id = ci.movie_id)",
                                                "Workers": [
                                                    {
                                                        "Worker Number": 0,
                                                        "Actual Startup Time": 532.758,
                                                        "Actual Total Time": 743.56,
                                                        "Actual Rows": 28790,
                                                        "Actual Loops": 1
                                                    },
                                                    {
                                                        "Worker Number": 1,
                                                        "Actual Startup Time": 532.814,
                                                        "Actual Total Time": 744.425,
                                                        "Actual Rows": 29256,
                                                        "Actual Loops": 1
                                                    },
                                                    {
                                                        "Worker Number": 2,
                                                        "Actual Startup Time": 532.794,
                                                        "Actual Total Time": 746.026,
                                                        "Actual Rows": 29657,
                                                        "Actual Loops": 1
                                                    }
                                                ],
                                                "Plans": [
                                                    {
                                                        "Node Type": "Seq Scan",
                                                        "Parent Relationship": "Outer",
                                                        "Parallel Aware": true,
                                                        "Relation Name": "title",
                                                        "Schema": "public",
                                                        "Alias": "t",
                                                        "Startup Cost": 0.0,
                                                        "Total Cost": 42318.81,
                                                        "Plan Rows": 632080,
                                                        "Plan Width": 4,
                                                        "Actual Startup Time": 0.015,
                                                        "Actual Total Time": 94.462,
                                                        "Actual Rows": 632078,
                                                        "Actual Loops": 4,
                                                        "Output": [
                                                            "t.id",
                                                            "t.title",
                                                            "t.imdb_index",
                                                            "t.kind_id",
                                                            "t.production_year",
                                                            "t.imdb_id",
                                                            "t.phonetic_code",
                                                            "t.episode_of_id",
                                                            "t.season_nr",
                                                            "t.episode_nr",
                                                            "t.series_years",
                                                            "t.md5sum"
                                                        ],
                                                        "Workers": [
                                                            {
                                                                "Worker Number": 0,
                                                                "Actual Startup Time": 0.017,
                                                                "Actual Total Time": 97.923,
                                                                "Actual Rows": 530804,
                                                                "Actual Loops": 1
                                                            },
                                                            {
                                                                "Worker Number": 1,
                                                                "Actual Startup Time": 0.023,
                                                                "Actual Total Time": 98.821,
                                                                "Actual Rows": 538573,
                                                                "Actual Loops": 1
                                                            },
                                                            {
                                                                "Worker Number": 2,
                                                                "Actual Startup Time": 0.016,
                                                                "Actual Total Time": 97.558,
                                                                "Actual Rows": 543986,
                                                                "Actual Loops": 1
                                                            }
                                                        ]
                                                    },
                                                    {
                                                        "Node Type": "Hash",
                                                        "Parent Relationship": "Inner",
                                                        "Parallel Aware": true,
                                                        "Startup Cost": 251544.36,
                                                        "Total Cost": 251544.36,
                                                        "Plan Rows": 44682,
                                                        "Plan Width": 4,
                                                        "Actual Startup Time": 529.852,
                                                        "Actual Total Time": 529.853,
                                                        "Actual Rows": 34230,
                                                        "Actual Loops": 4,
                                                        "Output": [
                                                            "ci.movie_id"
                                                        ],
                                                        "Hash Buckets": 524288,
                                                        "Original Hash Buckets": 524288,
                                                        "Hash Batches": 1,
                                                        "Original Hash Batches": 1,
                                                        "Peak Memory Usage": 9504,
                                                        "Workers": [
                                                            {
                                                                "Worker Number": 0,
                                                                "Actual Startup Time": 532.662,
                                                                "Actual Total Time": 532.663,
                                                                "Actual Rows": 27223,
                                                                "Actual Loops": 1
                                                            },
                                                            {
                                                                "Worker Number": 1,
                                                                "Actual Startup Time": 532.648,
                                                                "Actual Total Time": 532.649,
                                                                "Actual Rows": 26641,
                                                                "Actual Loops": 1
                                                            },
                                                            {
                                                                "Worker Number": 2,
                                                                "Actual Startup Time": 532.656,
                                                                "Actual Total Time": 532.657,
                                                                "Actual Rows": 28390,
                                                                "Actual Loops": 1
                                                            }
                                                        ],
                                                        "Plans": [
                                                            {
                                                                "Node Type": "Index Scan",
                                                                "Parent Relationship": "Outer",
                                                                "Parallel Aware": true,
                                                                "Scan Direction": "Forward",
                                                                "Index Name": "role_id_cast_info",
                                                                "Relation Name": "cast_info",
                                                                "Schema": "public",
                                                                "Alias": "ci",
                                                                "Startup Cost": 0.56,
                                                                "Total Cost": 251544.36,
                                                                "Plan Rows": 44682,
                                                                "Plan Width": 4,
                                                                "Actual Startup Time": 0.253,
                                                                "Actual Total Time": 496.51,
                                                                "Actual Rows": 34230,
                                                                "Actual Loops": 4,
                                                                "Output": [
                                                                    "ci.movie_id"
                                                                ],
                                                                "Index Cond": "(ci.role_id > 4)",
                                                                "Rows Removed by Index Recheck": 0,
                                                                "Filter": "(ci.person_id < 108693)",
                                                                "Rows Removed by Filter": 2311945,
                                                                "Workers": [
                                                                    {
                                                                        "Worker Number": 0,
                                                                        "Actual Startup Time": 0.177,
                                                                        "Actual Total Time": 496.459,
                                                                        "Actual Rows": 27223,
                                                                        "Actual Loops": 1
                                                                    },
                                                                    {
                                                                        "Worker Number": 1,
                                                                        "Actual Startup Time": 0.392,
                                                                        "Actual Total Time": 497.061,
                                                                        "Actual Rows": 26641,
                                                                        "Actual Loops": 1
                                                                    },
                                                                    {
                                                                        "Worker Number": 2,
                                                                        "Actual Startup Time": 0.398,
                                                                        "Actual Total Time": 497.237,
                                                                        "Actual Rows": 28390,
                                                                        "Actual Loops": 1
                                                                    }
                                                                ]
                                                            }
                                                        ]
                                                    }
                                                ]
                                            }
                                        ]
                                    }
                                ]
                            }
                        ]
                    }
                ]
            }
        ]
    },
    "Planning Time": 1.683,
    "Triggers": [],
    "Execution Time": 1024.982
}