[
  {
    "Plan": {
      "Node Type": "Aggregate",
      "Strategy": "Plain",
      "Partial Mode": "Finalize",
      "Parallel Aware": false,
      "Startup Cost": 394682.06,
      "Total Cost": 394682.07,
      "Plan Rows": 1,
      "Plan Width": 8,
      "Actual Startup Time": 2291.408,
      "Actual Total Time": 2342.729,
      "Actual Rows": 1,
      "Actual Loops": 1,
      "Plans": [
        {
          "Node Type": "Gather",
          "Parent Relationship": "Outer",
          "Parallel Aware": false,
          "Startup Cost": 394681.44,
          "Total Cost": 394682.05,
          "Plan Rows": 6,
          "Plan Width": 8,
          "Actual Startup Time": 2266.585,
          "Actual Total Time": 2342.716,
          "Actual Rows": 7,
          "Actual Loops": 1,
          "Workers Planned": 6,
          "Workers Launched": 6,
          "Single Copy": false,
          "Plans": [
            {
              "Node Type": "Aggregate",
              "Strategy": "Plain",
              "Partial Mode": "Partial",
              "Parent Relationship": "Outer",
              "Parallel Aware": false,
              "Startup Cost": 393681.44,
              "Total Cost": 393681.45,
              "Plan Rows": 1,
              "Plan Width": 8,
              "Actual Startup Time": 2242.751,
              "Actual Total Time": 2242.754,
              "Actual Rows": 1,
              "Actual Loops": 7,
              "Plans": [
                {
                  "Node Type": "Hash Join",
                  "Parent Relationship": "Outer",
                  "Parallel Aware": true,
                  "Join Type": "Inner",
                  "Startup Cost": 51140.02,
                  "Total Cost": 386979.87,
                  "Plan Rows": 2680626,
                  "Plan Width": 0,
                  "Actual Startup Time": 285.82,
                  "Actual Total Time": 2121.975,
                  "Actual Rows": 2396577,
                  "Actual Loops": 7,
                  "Inner Unique": true,
                  "Hash Cond": "(ci.movie_id = t.id)",
                  "Plans": [
                    {
                      "Node Type": "Seq Scan",
                      "Parent Relationship": "Outer",
                      "Parallel Aware": true,
                      "Relation Name": "cast_info",
                      "Alias": "ci",
                      "Startup Cost": 0.0,
                      "Total Cost": 328162.03,
                      "Plan Rows": 2924885,
                      "Plan Width": 4,
                      "Actual Startup Time": 0.031,
                      "Actual Total Time": 631.083,
                      "Actual Rows": 2514576,
                      "Actual Loops": 7,
                      "Filter": "(person_id < 1741930)",
                      "Rows Removed by Filter": 2663187
                    },
                    {
                      "Node Type": "Hash",
                      "Parent Relationship": "Inner",
                      "Parallel Aware": true,
                      "Startup Cost": 43898.92,
                      "Total Cost": 43898.92,
                      "Plan Rows": 579288,
                      "Plan Width": 4,
                      "Actual Startup Time": 278.699,
                      "Actual Total Time": 278.7,
                      "Actual Rows": 330412,
                      "Actual Loops": 7,
                      "Hash Buckets": 4194304,
                      "Original Hash Buckets": 4194304,
                      "Hash Batches": 1,
                      "Original Hash Batches": 1,
                      "Peak Memory Usage": 123360,
                      "Plans": [
                        {
                          "Node Type": "Seq Scan",
                          "Parent Relationship": "Outer",
                          "Parallel Aware": true,
                          "Relation Name": "title",
                          "Alias": "t",
                          "Startup Cost": 0.0,
                          "Total Cost": 43898.92,
                          "Plan Rows": 579288,
                          "Plan Width": 4,
                          "Actual Startup Time": 0.043,
                          "Actual Total Time": 97.594,
                          "Actual Rows": 330412,
                          "Actual Loops": 7,
                          "Filter": "(production_year > 1940)",
                          "Rows Removed by Filter": 30775
                        }
                      ]
                    }
                  ]
                }
              ]
            }
          ]
        }
      ]
    },
    "Planning Time": 0.605,
    "Triggers": [],
    "Execution Time": 2342.813
  }
]