[
  {
    "Plan": {
      "Node Type": "Aggregate",
      "Strategy": "Plain",
      "Partial Mode": "Finalize",
      "Parallel Aware": false,
      "Startup Cost": 331283.55,
      "Total Cost": 331283.56,
      "Plan Rows": 1,
      "Plan Width": 8,
      "Actual Startup Time": 672.437,
      "Actual Total Time": 744.058,
      "Actual Rows": 1,
      "Actual Loops": 1,
      "Plans": [
        {
          "Node Type": "Gather",
          "Parent Relationship": "Outer",
          "Parallel Aware": false,
          "Startup Cost": 331282.92,
          "Total Cost": 331283.53,
          "Plan Rows": 6,
          "Plan Width": 8,
          "Actual Startup Time": 672.112,
          "Actual Total Time": 744.041,
          "Actual Rows": 7,
          "Actual Loops": 1,
          "Workers Planned": 6,
          "Workers Launched": 6,
          "Single Copy": false,
          "Plans": [
            {
              "Node Type": "Aggregate",
              "Strategy": "Plain",
              "Partial Mode": "Partial",
              "Parent Relationship": "Outer",
              "Parallel Aware": false,
              "Startup Cost": 330282.92,
              "Total Cost": 330282.93,
              "Plan Rows": 1,
              "Plan Width": 8,
              "Actual Startup Time": 664.226,
              "Actual Total Time": 664.227,
              "Actual Rows": 1,
              "Actual Loops": 7,
              "Plans": [
                {
                  "Node Type": "Seq Scan",
                  "Parent Relationship": "Outer",
                  "Parallel Aware": true,
                  "Relation Name": "cast_info",
                  "Alias": "ci",
                  "Startup Cost": 0.0,
                  "Total Cost": 328211.39,
                  "Plan Rows": 828612,
                  "Plan Width": 0,
                  "Actual Startup Time": 436.321,
                  "Actual Total Time": 622.759,
                  "Actual Rows": 706675,
                  "Actual Loops": 7,
                  "Filter": "(person_id > 3177246)",
                  "Rows Removed by Filter": 4471089
                }
              ]
            }
          ]
        }
      ]
    },
    "Planning Time": 0.205,
    "Triggers": [],
    "Execution Time": 744.131
  }
]