[
    {
        "Bao": {
            "Bao prediction": "NaN",
            "Bao recommended hint": "(no hint)"
        }
    },
    {
        "Plan": {
            "Node Type": "Aggregate",
            "Strategy": "Plain",
            "Partial Mode": "Simple",
            "Parallel Aware": false,
            "Startup Cost": 8827.77,
            "Total Cost": 8827.78,
            "Plan Rows": 1,
            "Plan Width": 8,
            "Actual Startup Time": 3.343,
            "Actual Total Time": 3.344,
            "Actual Rows": 1,
            "Actual Loops": 1,
            "Output": [
                "count(*)"
            ],
            "Plans": [
                {
                    "Node Type": "Index Only Scan",
                    "Parent Relationship": "Outer",
                    "Parallel Aware": false,
                    "Scan Direction": "Forward",
                    "Index Name": "company_id_movie_companies",
                    "Relation Name": "movie_companies",
                    "Schema": "public",
                    "Alias": "mc",
                    "Startup Cost": 0.43,
                    "Total Cost": 8818.64,
                    "Plan Rows": 3653,
                    "Plan Width": 0,
                    "Actual Startup Time": 0.1,
                    "Actual Total Time": 3.136,
                    "Actual Rows": 3986,
                    "Actual Loops": 1,
                    "Output": [
                        "company_id"
                    ],
                    "Index Cond": "(mc.company_id = 1684)",
                    "Rows Removed by Index Recheck": 0,
                    "Heap Fetches": 3986
                }
            ]
        },
        "Planning Time": 189.901,
        "Triggers": [],
        "Execution Time": 3.41
    }
]