{
    "Plan": {
        "Node Type": "Aggregate",
        "Strategy": "Plain",
        "Partial Mode": "Finalize",
        "Parallel Aware": false,
        "Startup Cost": 159072.86,
        "Total Cost": 159072.87,
        "Plan Rows": 1,
        "Plan Width": 8,
        "Actual Startup Time": 300.167,
        "Actual Total Time": 327.677,
        "Actual Rows": 1,
        "Actual Loops": 1,
        "Output": [
            "count(*)"
        ],
        "Plans": [
            {
                "Node Type": "Gather",
                "Parent Relationship": "Outer",
                "Parallel Aware": false,
                "Startup Cost": 159072.33,
                "Total Cost": 159072.84,
                "Plan Rows": 5,
                "Plan Width": 8,
                "Actual Startup Time": 299.938,
                "Actual Total Time": 327.666,
                "Actual Rows": 6,
                "Actual Loops": 1,
                "Output": [
                    "(PARTIAL count(*))"
                ],
                "Workers Planned": 5,
                "Workers Launched": 5,
                "Single Copy": false,
                "Plans": [
                    {
                        "Node Type": "Aggregate",
                        "Strategy": "Plain",
                        "Partial Mode": "Partial",
                        "Parent Relationship": "Outer",
                        "Parallel Aware": false,
                        "Startup Cost": 158072.33,
                        "Total Cost": 158072.34,
                        "Plan Rows": 1,
                        "Plan Width": 8,
                        "Actual Startup Time": 288.976,
                        "Actual Total Time": 288.98,
                        "Actual Rows": 1,
                        "Actual Loops": 6,
                        "Output": [
                            "PARTIAL count(*)"
                        ],
                        "Workers": [
                            {
                                "Worker Number": 0,
                                "Actual Startup Time": 286.52,
                                "Actual Total Time": 286.524,
                                "Actual Rows": 1,
                                "Actual Loops": 1
                            },
                            {
                                "Worker Number": 1,
                                "Actual Startup Time": 286.658,
                                "Actual Total Time": 286.662,
                                "Actual Rows": 1,
                                "Actual Loops": 1
                            },
                            {
                                "Worker Number": 2,
                                "Actual Startup Time": 287.009,
                                "Actual Total Time": 287.013,
                                "Actual Rows": 1,
                                "Actual Loops": 1
                            },
                            {
                                "Worker Number": 3,
                                "Actual Startup Time": 286.975,
                                "Actual Total Time": 286.979,
                                "Actual Rows": 1,
                                "Actual Loops": 1
                            },
                            {
                                "Worker Number": 4,
                                "Actual Startup Time": 287.702,
                                "Actual Total Time": 287.705,
                                "Actual Rows": 1,
                                "Actual Loops": 1
                            }
                        ],
                        "Plans": [
                            {
                                "Node Type": "Nested Loop",
                                "Parent Relationship": "Outer",
                                "Parallel Aware": false,
                                "Join Type": "Inner",
                                "Startup Cost": 45515.22,
                                "Total Cost": 158069.52,
                                "Plan Rows": 1125,
                                "Plan Width": 0,
                                "Actual Startup Time": 84.53,
                                "Actual Total Time": 288.888,
                                "Actual Rows": 575,
                                "Actual Loops": 6,
                                "Inner Unique": false,
                                "Join Filter": "(t.id = mi.movie_id)",
                                "Rows Removed by Join Filter": 0,
                                "Workers": [
                                    {
                                        "Worker Number": 0,
                                        "Actual Startup Time": 80.94,
                                        "Actual Total Time": 286.447,
                                        "Actual Rows": 538,
                                        "Actual Loops": 1
                                    },
                                    {
                                        "Worker Number": 1,
                                        "Actual Startup Time": 81.02,
                                        "Actual Total Time": 286.537,
                                        "Actual Rows": 643,
                                        "Actual Loops": 1
                                    },
                                    {
                                        "Worker Number": 2,
                                        "Actual Startup Time": 84.286,
                                        "Actual Total Time": 286.929,
                                        "Actual Rows": 343,
                                        "Actual Loops": 1
                                    },
                                    {
                                        "Worker Number": 3,
                                        "Actual Startup Time": 81.818,
                                        "Actual Total Time": 286.904,
                                        "Actual Rows": 527,
                                        "Actual Loops": 1
                                    },
                                    {
                                        "Worker Number": 4,
                                        "Actual Startup Time": 85.868,
                                        "Actual Total Time": 287.613,
                                        "Actual Rows": 707,
                                        "Actual Loops": 1
                                    }
                                ],
                                "Plans": [
                                    {
                                        "Node Type": "Hash Join",
                                        "Parent Relationship": "Outer",
                                        "Parallel Aware": true,
                                        "Join Type": "Inner",
                                        "Startup Cost": 45514.79,
                                        "Total Cost": 155537.81,
                                        "Plan Rows": 1382,
                                        "Plan Width": 8,
                                        "Actual Startup Time": 84.418,
                                        "Actual Total Time": 276.824,
                                        "Actual Rows": 541,
                                        "Actual Loops": 6,
                                        "Output": [
                                            "t.id",
                                            "ci.movie_id"
                                        ],
                                        "Inner Unique": true,
                                        "Hash Cond": "(ci.movie_id = t.id)",
                                        "Workers": [
                                            {
                                                "Worker Number": 0,
                                                "Actual Startup Time": 80.825,
                                                "Actual Total Time": 274.542,
                                                "Actual Rows": 523,
                                                "Actual Loops": 1
                                            },
                                            {
                                                "Worker Number": 1,
                                                "Actual Startup Time": 80.869,
                                                "Actual Total Time": 270.393,
                                                "Actual Rows": 680,
                                                "Actual Loops": 1
                                            },
                                            {
                                                "Worker Number": 2,
                                                "Actual Startup Time": 84.143,
                                                "Actual Total Time": 274.043,
                                                "Actual Rows": 328,
                                                "Actual Loops": 1
                                            },
                                            {
                                                "Worker Number": 3,
                                                "Actual Startup Time": 81.691,
                                                "Actual Total Time": 274.883,
                                                "Actual Rows": 538,
                                                "Actual Loops": 1
                                            },
                                            {
                                                "Worker Number": 4,
                                                "Actual Startup Time": 85.764,
                                                "Actual Total Time": 274.016,
                                                "Actual Rows": 572,
                                                "Actual Loops": 1
                                            }
                                        ],
                                        "Plans": [
                                            {
                                                "Node Type": "Index Scan",
                                                "Parent Relationship": "Outer",
                                                "Parallel Aware": true,
                                                "Scan Direction": "Forward",
                                                "Index Name": "role_id_cast_info",
                                                "Relation Name": "cast_info",
                                                "Schema": "public",
                                                "Alias": "ci",
                                                "Startup Cost": 0.56,
                                                "Total Cost": 109204.72,
                                                "Plan Rows": 311952,
                                                "Plan Width": 4,
                                                "Actual Startup Time": 0.337,
                                                "Actual Total Time": 170.782,
                                                "Actual Rows": 177573,
                                                "Actual Loops": 6,
                                                "Output": [
                                                    "ci.id",
                                                    "ci.person_id",
                                                    "ci.movie_id",
                                                    "ci.person_role_id",
                                                    "ci.note",
                                                    "ci.nr_order",
                                                    "ci.role_id"
                                                ],
                                                "Index Cond": "(ci.role_id = 3)",
                                                "Rows Removed by Index Recheck": 0,
                                                "Filter": "(ci.person_id < 1389175)",
                                                "Rows Removed by Filter": 490433,
                                                "Workers": [
                                                    {
                                                        "Worker Number": 0,
                                                        "Actual Startup Time": 0.084,
                                                        "Actual Total Time": 171.36,
                                                        "Actual Rows": 208126,
                                                        "Actual Loops": 1
                                                    },
                                                    {
                                                        "Worker Number": 1,
                                                        "Actual Startup Time": 0.571,
                                                        "Actual Total Time": 167.107,
                                                        "Actual Rows": 135017,
                                                        "Actual Loops": 1
                                                    },
                                                    {
                                                        "Worker Number": 2,
                                                        "Actual Startup Time": 0.473,
                                                        "Actual Total Time": 170.827,
                                                        "Actual Rows": 132226,
                                                        "Actual Loops": 1
                                                    },
                                                    {
                                                        "Worker Number": 3,
                                                        "Actual Startup Time": 0.317,
                                                        "Actual Total Time": 172.241,
                                                        "Actual Rows": 196265,
                                                        "Actual Loops": 1
                                                    },
                                                    {
                                                        "Worker Number": 4,
                                                        "Actual Startup Time": 0.149,
                                                        "Actual Total Time": 170.493,
                                                        "Actual Rows": 201180,
                                                        "Actual Loops": 1
                                                    }
                                                ]
                                            },
                                            {
                                                "Node Type": "Hash",
                                                "Parent Relationship": "Inner",
                                                "Parallel Aware": true,
                                                "Startup Cost": 45479.21,
                                                "Total Cost": 45479.21,
                                                "Plan Rows": 2801,
                                                "Plan Width": 4,
                                                "Actual Startup Time": 80.64,
                                                "Actual Total Time": 80.641,
                                                "Actual Rows": 1690,
                                                "Actual Loops": 6,
                                                "Output": [
                                                    "t.id"
                                                ],
                                                "Hash Buckets": 16384,
                                                "Original Hash Buckets": 16384,
                                                "Hash Batches": 1,
                                                "Original Hash Batches": 1,
                                                "Peak Memory Usage": 576,
                                                "Workers": [
                                                    {
                                                        "Worker Number": 0,
                                                        "Actual Startup Time": 78.912,
                                                        "Actual Total Time": 78.913,
                                                        "Actual Rows": 1626,
                                                        "Actual Loops": 1
                                                    },
                                                    {
                                                        "Worker Number": 1,
                                                        "Actual Startup Time": 79.028,
                                                        "Actual Total Time": 79.029,
                                                        "Actual Rows": 1397,
                                                        "Actual Loops": 1
                                                    },
                                                    {
                                                        "Worker Number": 2,
                                                        "Actual Startup Time": 79.276,
                                                        "Actual Total Time": 79.277,
                                                        "Actual Rows": 1276,
                                                        "Actual Loops": 1
                                                    },
                                                    {
                                                        "Worker Number": 3,
                                                        "Actual Startup Time": 79.271,
                                                        "Actual Total Time": 79.272,
                                                        "Actual Rows": 1611,
                                                        "Actual Loops": 1
                                                    },
                                                    {
                                                        "Worker Number": 4,
                                                        "Actual Startup Time": 80.079,
                                                        "Actual Total Time": 80.081,
                                                        "Actual Rows": 1818,
                                                        "Actual Loops": 1
                                                    }
                                                ],
                                                "Plans": [
                                                    {
                                                        "Node Type": "Seq Scan",
                                                        "Parent Relationship": "Outer",
                                                        "Parallel Aware": true,
                                                        "Relation Name": "title",
                                                        "Schema": "public",
                                                        "Alias": "t",
                                                        "Startup Cost": 0.0,
                                                        "Total Cost": 45479.21,
                                                        "Plan Rows": 2801,
                                                        "Plan Width": 4,
                                                        "Actual Startup Time": 0.369,
                                                        "Actual Total Time": 79.355,
                                                        "Actual Rows": 1690,
                                                        "Actual Loops": 6,
                                                        "Output": [
                                                            "t.id"
                                                        ],
                                                        "Filter": "((t.kind_id > 1) AND (t.production_year = 1973))",
                                                        "Rows Removed by Filter": 419695,
                                                        "Workers": [
                                                            {
                                                                "Worker Number": 0,
                                                                "Actual Startup Time": 0.331,
                                                                "Actual Total Time": 77.672,
                                                                "Actual Rows": 1626,
                                                                "Actual Loops": 1
                                                            },
                                                            {
                                                                "Worker Number": 1,
                                                                "Actual Startup Time": 0.405,
                                                                "Actual Total Time": 77.67,
                                                                "Actual Rows": 1397,
                                                                "Actual Loops": 1
                                                            },
                                                            {
                                                                "Worker Number": 2,
                                                                "Actual Startup Time": 0.926,
                                                                "Actual Total Time": 77.885,
                                                                "Actual Rows": 1276,
                                                                "Actual Loops": 1
                                                            },
                                                            {
                                                                "Worker Number": 3,
                                                                "Actual Startup Time": 0.152,
                                                                "Actual Total Time": 77.972,
                                                                "Actual Rows": 1611,
                                                                "Actual Loops": 1
                                                            },
                                                            {
                                                                "Worker Number": 4,
                                                                "Actual Startup Time": 0.279,
                                                                "Actual Total Time": 78.769,
                                                                "Actual Rows": 1818,
                                                                "Actual Loops": 1
                                                            }
                                                        ]
                                                    }
                                                ]
                                            }
                                        ]
                                    },
                                    {
                                        "Node Type": "Index Scan",
                                        "Parent Relationship": "Inner",
                                        "Parallel Aware": false,
                                        "Scan Direction": "Forward",
                                        "Index Name": "movie_id_movie_info",
                                        "Relation Name": "movie_info",
                                        "Schema": "public",
                                        "Alias": "mi",
                                        "Startup Cost": 0.43,
                                        "Total Cost": 1.77,
                                        "Plan Rows": 5,
                                        "Plan Width": 4,
                                        "Actual Startup Time": 0.012,
                                        "Actual Total Time": 0.022,
                                        "Actual Rows": 1,
                                        "Actual Loops": 3248,
                                        "Output": [
                                            "mi.id",
                                            "mi.movie_id",
                                            "mi.info_type_id",
                                            "mi.info",
                                            "mi.note"
                                        ],
                                        "Index Cond": "(mi.movie_id = ci.movie_id)",
                                        "Rows Removed by Index Recheck": 0,
                                        "Filter": "(mi.info_type_id < 3)",
                                        "Rows Removed by Filter": 6,
                                        "Workers": [
                                            {
                                                "Worker Number": 0,
                                                "Actual Startup Time": 0.012,
                                                "Actual Total Time": 0.022,
                                                "Actual Rows": 1,
                                                "Actual Loops": 523
                                            },
                                            {
                                                "Worker Number": 1,
                                                "Actual Startup Time": 0.013,
                                                "Actual Total Time": 0.023,
                                                "Actual Rows": 1,
                                                "Actual Loops": 680
                                            },
                                            {
                                                "Worker Number": 2,
                                                "Actual Startup Time": 0.021,
                                                "Actual Total Time": 0.038,
                                                "Actual Rows": 1,
                                                "Actual Loops": 328
                                            },
                                            {
                                                "Worker Number": 3,
                                                "Actual Startup Time": 0.012,
                                                "Actual Total Time": 0.022,
                                                "Actual Rows": 1,
                                                "Actual Loops": 538
                                            },
                                            {
                                                "Worker Number": 4,
                                                "Actual Startup Time": 0.013,
                                                "Actual Total Time": 0.023,
                                                "Actual Rows": 1,
                                                "Actual Loops": 572
                                            }
                                        ]
                                    }
                                ]
                            }
                        ]
                    }
                ]
            }
        ]
    },
    "Planning Time": 1.661,
    "Triggers": [],
    "Execution Time": 327.778
}