[
    {
        "Bao": {
            "Bao prediction": "NaN",
            "Bao recommended hint": "(no hint)"
        }
    },
    {
        "Plan": {
            "Node Type": "Aggregate",
            "Strategy": "Plain",
            "Partial Mode": "Finalize",
            "Parallel Aware": false,
            "Startup Cost": 109672.83,
            "Total Cost": 109672.84,
            "Plan Rows": 1,
            "Plan Width": 8,
            "Actual Startup Time": 378.656,
            "Actual Total Time": 393.27,
            "Actual Rows": 1,
            "Actual Loops": 1,
            "Output": [
                "count(*)"
            ],
            "Plans": [
                {
                    "Node Type": "Gather",
                    "Parent Relationship": "Outer",
                    "Parallel Aware": false,
                    "Startup Cost": 109672.51,
                    "Total Cost": 109672.82,
                    "Plan Rows": 3,
                    "Plan Width": 8,
                    "Actual Startup Time": 373.061,
                    "Actual Total Time": 393.26,
                    "Actual Rows": 4,
                    "Actual Loops": 1,
                    "Output": [
                        "(PARTIAL count(*))"
                    ],
                    "Workers Planned": 3,
                    "Workers Launched": 3,
                    "Single Copy": false,
                    "Plans": [
                        {
                            "Node Type": "Aggregate",
                            "Strategy": "Plain",
                            "Partial Mode": "Partial",
                            "Parent Relationship": "Outer",
                            "Parallel Aware": false,
                            "Startup Cost": 108672.51,
                            "Total Cost": 108672.52,
                            "Plan Rows": 1,
                            "Plan Width": 8,
                            "Actual Startup Time": 362.905,
                            "Actual Total Time": 362.908,
                            "Actual Rows": 1,
                            "Actual Loops": 4,
                            "Output": [
                                "PARTIAL count(*)"
                            ],
                            "Workers": [
                                {
                                    "Worker Number": 0,
                                    "Actual Startup Time": 359.818,
                                    "Actual Total Time": 359.821,
                                    "Actual Rows": 1,
                                    "Actual Loops": 1
                                },
                                {
                                    "Worker Number": 1,
                                    "Actual Startup Time": 359.628,
                                    "Actual Total Time": 359.631,
                                    "Actual Rows": 1,
                                    "Actual Loops": 1
                                },
                                {
                                    "Worker Number": 2,
                                    "Actual Startup Time": 360.45,
                                    "Actual Total Time": 360.453,
                                    "Actual Rows": 1,
                                    "Actual Loops": 1
                                }
                            ],
                            "Plans": [
                                {
                                    "Node Type": "Nested Loop",
                                    "Parent Relationship": "Outer",
                                    "Parallel Aware": false,
                                    "Join Type": "Inner",
                                    "Startup Cost": 52371.99,
                                    "Total Cost": 108649.29,
                                    "Plan Rows": 9290,
                                    "Plan Width": 0,
                                    "Actual Startup Time": 284.045,
                                    "Actual Total Time": 362.559,
                                    "Actual Rows": 2909,
                                    "Actual Loops": 4,
                                    "Inner Unique": false,
                                    "Workers": [
                                        {
                                            "Worker Number": 0,
                                            "Actual Startup Time": 281.438,
                                            "Actual Total Time": 359.525,
                                            "Actual Rows": 2586,
                                            "Actual Loops": 1
                                        },
                                        {
                                            "Worker Number": 1,
                                            "Actual Startup Time": 281.019,
                                            "Actual Total Time": 359.332,
                                            "Actual Rows": 2686,
                                            "Actual Loops": 1
                                        },
                                        {
                                            "Worker Number": 2,
                                            "Actual Startup Time": 281.021,
                                            "Actual Total Time": 360.181,
                                            "Actual Rows": 2283,
                                            "Actual Loops": 1
                                        }
                                    ],
                                    "Plans": [
                                        {
                                            "Node Type": "Hash Join",
                                            "Parent Relationship": "Outer",
                                            "Parallel Aware": true,
                                            "Join Type": "Inner",
                                            "Startup Cost": 52371.56,
                                            "Total Cost": 77238.13,
                                            "Plan Rows": 17595,
                                            "Plan Width": 8,
                                            "Actual Startup Time": 283.869,
                                            "Actual Total Time": 311.212,
                                            "Actual Rows": 2575,
                                            "Actual Loops": 4,
                                            "Output": [
                                                "t.id",
                                                "mk.movie_id"
                                            ],
                                            "Inner Unique": true,
                                            "Hash Cond": "(mk.movie_id = t.id)",
                                            "Workers": [
                                                {
                                                    "Worker Number": 0,
                                                    "Actual Startup Time": 281.198,
                                                    "Actual Total Time": 306.111,
                                                    "Actual Rows": 2269,
                                                    "Actual Loops": 1
                                                },
                                                {
                                                    "Worker Number": 1,
                                                    "Actual Startup Time": 280.868,
                                                    "Actual Total Time": 305.696,
                                                    "Actual Rows": 2322,
                                                    "Actual Loops": 1
                                                },
                                                {
                                                    "Worker Number": 2,
                                                    "Actual Startup Time": 280.751,
                                                    "Actual Total Time": 306.915,
                                                    "Actual Rows": 2026,
                                                    "Actual Loops": 1
                                                }
                                            ],
                                            "Plans": [
                                                {
                                                    "Node Type": "Bitmap Heap Scan",
                                                    "Parent Relationship": "Outer",
                                                    "Parallel Aware": true,
                                                    "Relation Name": "movie_keyword",
                                                    "Schema": "public",
                                                    "Alias": "mk",
                                                    "Startup Cost": 1795.76,
                                                    "Total Cost": 26590.73,
                                                    "Plan Rows": 27277,
                                                    "Plan Width": 4,
                                                    "Actual Startup Time": 11.838,
                                                    "Actual Total Time": 29.429,
                                                    "Actual Rows": 19718,
                                                    "Actual Loops": 4,
                                                    "Output": [
                                                        "mk.id",
                                                        "mk.movie_id",
                                                        "mk.keyword_id"
                                                    ],
                                                    "Recheck Cond": "(mk.keyword_id > 88175)",
                                                    "Rows Removed by Index Recheck": 0,
                                                    "Exact Heap Blocks": 5774,
                                                    "Lossy Heap Blocks": 0,
                                                    "Workers": [
                                                        {
                                                            "Worker Number": 0,
                                                            "Actual Startup Time": 11.829,
                                                            "Actual Total Time": 28.697,
                                                            "Actual Rows": 17740,
                                                            "Actual Loops": 1
                                                        },
                                                        {
                                                            "Worker Number": 1,
                                                            "Actual Startup Time": 11.793,
                                                            "Actual Total Time": 28.457,
                                                            "Actual Rows": 17514,
                                                            "Actual Loops": 1
                                                        },
                                                        {
                                                            "Worker Number": 2,
                                                            "Actual Startup Time": 11.921,
                                                            "Actual Total Time": 29.115,
                                                            "Actual Rows": 15311,
                                                            "Actual Loops": 1
                                                        }
                                                    ],
                                                    "Plans": [
                                                        {
                                                            "Node Type": "Bitmap Index Scan",
                                                            "Parent Relationship": "Outer",
                                                            "Parallel Aware": false,
                                                            "Index Name": "keyword_id_movie_keyword",
                                                            "Startup Cost": 0.0,
                                                            "Total Cost": 1774.62,
                                                            "Plan Rows": 84559,
                                                            "Plan Width": 0,
                                                            "Actual Startup Time": 8.101,
                                                            "Actual Total Time": 8.102,
                                                            "Actual Rows": 78874,
                                                            "Actual Loops": 1,
                                                            "Index Cond": "(mk.keyword_id > 88175)"
                                                        }
                                                    ]
                                                },
                                                {
                                                    "Node Type": "Hash",
                                                    "Parent Relationship": "Inner",
                                                    "Parallel Aware": true,
                                                    "Startup Cost": 45479.21,
                                                    "Total Cost": 45479.21,
                                                    "Plan Rows": 407727,
                                                    "Plan Width": 4,
                                                    "Actual Startup Time": 266.22,
                                                    "Actual Total Time": 266.221,
                                                    "Actual Rows": 407460,
                                                    "Actual Loops": 4,
                                                    "Output": [
                                                        "t.id"
                                                    ],
                                                    "Hash Buckets": 2097152,
                                                    "Original Hash Buckets": 2097152,
                                                    "Hash Batches": 1,
                                                    "Original Hash Batches": 1,
                                                    "Peak Memory Usage": 80224,
                                                    "Workers": [
                                                        {
                                                            "Worker Number": 0,
                                                            "Actual Startup Time": 268.464,
                                                            "Actual Total Time": 268.465,
                                                            "Actual Rows": 431394,
                                                            "Actual Loops": 1
                                                        },
                                                        {
                                                            "Worker Number": 1,
                                                            "Actual Startup Time": 268.284,
                                                            "Actual Total Time": 268.284,
                                                            "Actual Rows": 432201,
                                                            "Actual Loops": 1
                                                        },
                                                        {
                                                            "Worker Number": 2,
                                                            "Actual Startup Time": 268.23,
                                                            "Actual Total Time": 268.231,
                                                            "Actual Rows": 375937,
                                                            "Actual Loops": 1
                                                        }
                                                    ],
                                                    "Plans": [
                                                        {
                                                            "Node Type": "Seq Scan",
                                                            "Parent Relationship": "Outer",
                                                            "Parallel Aware": true,
                                                            "Relation Name": "title",
                                                            "Schema": "public",
                                                            "Alias": "t",
                                                            "Startup Cost": 0.0,
                                                            "Total Cost": 45479.21,
                                                            "Plan Rows": 407727,
                                                            "Plan Width": 4,
                                                            "Actual Startup Time": 0.046,
                                                            "Actual Total Time": 109.515,
                                                            "Actual Rows": 407460,
                                                            "Actual Loops": 4,
                                                            "Output": [
                                                                "t.id"
                                                            ],
                                                            "Filter": "((t.kind_id > 1) AND (t.production_year < 2012))",
                                                            "Rows Removed by Filter": 224618,
                                                            "Workers": [
                                                                {
                                                                    "Worker Number": 0,
                                                                    "Actual Startup Time": 0.061,
                                                                    "Actual Total Time": 112.532,
                                                                    "Actual Rows": 431394,
                                                                    "Actual Loops": 1
                                                                },
                                                                {
                                                                    "Worker Number": 1,
                                                                    "Actual Startup Time": 0.036,
                                                                    "Actual Total Time": 112.227,
                                                                    "Actual Rows": 432201,
                                                                    "Actual Loops": 1
                                                                },
                                                                {
                                                                    "Worker Number": 2,
                                                                    "Actual Startup Time": 0.064,
                                                                    "Actual Total Time": 106.719,
                                                                    "Actual Rows": 375937,
                                                                    "Actual Loops": 1
                                                                }
                                                            ]
                                                        }
                                                    ]
                                                }
                                            ]
                                        },
                                        {
                                            "Node Type": "Index Scan",
                                            "Parent Relationship": "Inner",
                                            "Parallel Aware": false,
                                            "Scan Direction": "Forward",
                                            "Index Name": "movie_id_movie_info",
                                            "Relation Name": "movie_info",
                                            "Schema": "public",
                                            "Alias": "mi",
                                            "Startup Cost": 0.43,
                                            "Total Cost": 1.75,
                                            "Plan Rows": 4,
                                            "Plan Width": 4,
                                            "Actual Startup Time": 0.018,
                                            "Actual Total Time": 0.019,
                                            "Actual Rows": 1,
                                            "Actual Loops": 10301,
                                            "Output": [
                                                "mi.id",
                                                "mi.movie_id",
                                                "mi.info_type_id",
                                                "mi.info",
                                                "mi.note"
                                            ],
                                            "Index Cond": "(mi.movie_id = t.id)",
                                            "Rows Removed by Index Recheck": 0,
                                            "Filter": "(mi.info_type_id = 8)",
                                            "Rows Removed by Filter": 17,
                                            "Workers": [
                                                {
                                                    "Worker Number": 0,
                                                    "Actual Startup Time": 0.021,
                                                    "Actual Total Time": 0.023,
                                                    "Actual Rows": 1,
                                                    "Actual Loops": 2269
                                                },
                                                {
                                                    "Worker Number": 1,
                                                    "Actual Startup Time": 0.021,
                                                    "Actual Total Time": 0.023,
                                                    "Actual Rows": 1,
                                                    "Actual Loops": 2322
                                                },
                                                {
                                                    "Worker Number": 2,
                                                    "Actual Startup Time": 0.023,
                                                    "Actual Total Time": 0.026,
                                                    "Actual Rows": 1,
                                                    "Actual Loops": 2026
                                                }
                                            ]
                                        }
                                    ]
                                }
                            ]
                        }
                    ]
                }
            ]
        },
        "Planning Time": 278.662,
        "Triggers": [],
        "Execution Time": 393.382
    }
]