[
  {
    "Plan": {
      "Node Type": "Aggregate",
      "Strategy": "Plain",
      "Partial Mode": "Finalize",
      "Parallel Aware": false,
      "Startup Cost": 45314.85,
      "Total Cost": 45314.86,
      "Plan Rows": 1,
      "Plan Width": 8,
      "Actual Startup Time": 82.436,
      "Actual Total Time": 89.118,
      "Actual Rows": 1,
      "Actual Loops": 1,
      "Plans": [
        {
          "Node Type": "Gather",
          "Parent Relationship": "Outer",
          "Parallel Aware": false,
          "Startup Cost": 45314.43,
          "Total Cost": 45314.84,
          "Plan Rows": 4,
          "Plan Width": 8,
          "Actual Startup Time": 82.341,
          "Actual Total Time": 89.112,
          "Actual Rows": 5,
          "Actual Loops": 1,
          "Workers Planned": 4,
          "Workers Launched": 4,
          "Single Copy": false,
          "Plans": [
            {
              "Node Type": "Aggregate",
              "Strategy": "Plain",
              "Partial Mode": "Partial",
              "Parent Relationship": "Outer",
              "Parallel Aware": false,
              "Startup Cost": 44314.43,
              "Total Cost": 44314.44,
              "Plan Rows": 1,
              "Plan Width": 8,
              "Actual Startup Time": 77.132,
              "Actual Total Time": 77.133,
              "Actual Rows": 1,
              "Actual Loops": 5,
              "Plans": [
                {
                  "Node Type": "Seq Scan",
                  "Parent Relationship": "Outer",
                  "Parallel Aware": true,
                  "Relation Name": "title",
                  "Alias": "t",
                  "Startup Cost": 0.0,
                  "Total Cost": 43899.01,
                  "Plan Rows": 166168,
                  "Plan Width": 0,
                  "Actual Startup Time": 0.031,
                  "Actual Total Time": 70.343,
                  "Actual Rows": 132413,
                  "Actual Loops": 5,
                  "Filter": "(production_year > 2008)",
                  "Rows Removed by Filter": 373249
                }
              ]
            }
          ]
        }
      ]
    },
    "Planning Time": 0.059,
    "Triggers": [],
    "Execution Time": 89.143
  }
]