[
  {
    "Plan": {
      "Node Type": "Aggregate",
      "Strategy": "Plain",
      "Partial Mode": "Finalize",
      "Parallel Aware": false,
      "Startup Cost": 45314.57,
      "Total Cost": 45314.58,
      "Plan Rows": 1,
      "Plan Width": 8,
      "Actual Startup Time": 104.512,
      "Actual Total Time": 117.422,
      "Actual Rows": 1,
      "Actual Loops": 1,
      "Plans": [
        {
          "Node Type": "Gather",
          "Parent Relationship": "Outer",
          "Parallel Aware": false,
          "Startup Cost": 45314.15,
          "Total Cost": 45314.56,
          "Plan Rows": 4,
          "Plan Width": 8,
          "Actual Startup Time": 104.263,
          "Actual Total Time": 117.414,
          "Actual Rows": 5,
          "Actual Loops": 1,
          "Workers Planned": 4,
          "Workers Launched": 4,
          "Single Copy": false,
          "Plans": [
            {
              "Node Type": "Aggregate",
              "Strategy": "Plain",
              "Partial Mode": "Partial",
              "Parent Relationship": "Outer",
              "Parallel Aware": false,
              "Startup Cost": 44314.15,
              "Total Cost": 44314.16,
              "Plan Rows": 1,
              "Plan Width": 8,
              "Actual Startup Time": 94.963,
              "Actual Total Time": 94.965,
              "Actual Rows": 1,
              "Actual Loops": 5,
              "Plans": [
                {
                  "Node Type": "Seq Scan",
                  "Parent Relationship": "Outer",
                  "Parallel Aware": true,
                  "Relation Name": "title",
                  "Alias": "t",
                  "Startup Cost": 0.0,
                  "Total Cost": 43898.92,
                  "Plan Rows": 166094,
                  "Plan Width": 0,
                  "Actual Startup Time": 0.04,
                  "Actual Total Time": 87.241,
                  "Actual Rows": 132413,
                  "Actual Loops": 5,
                  "Filter": "(production_year > 2008)",
                  "Rows Removed by Filter": 373249
                }
              ]
            }
          ]
        }
      ]
    },
    "Planning Time": 0.131,
    "Triggers": [],
    "Execution Time": 117.476
  }
]