[
  {
    "Plan": {
      "Node Type": "Aggregate",
      "Strategy": "Plain",
      "Partial Mode": "Finalize",
      "Parallel Aware": false,
      "Startup Cost": 338619.65,
      "Total Cost": 338619.66,
      "Plan Rows": 1,
      "Plan Width": 8,
      "Actual Startup Time": 709.954,
      "Actual Total Time": 764.615,
      "Actual Rows": 1,
      "Actual Loops": 1,
      "Plans": [
        {
          "Node Type": "Gather",
          "Parent Relationship": "Outer",
          "Parallel Aware": false,
          "Startup Cost": 338619.02,
          "Total Cost": 338619.63,
          "Plan Rows": 6,
          "Plan Width": 8,
          "Actual Startup Time": 709.833,
          "Actual Total Time": 764.605,
          "Actual Rows": 7,
          "Actual Loops": 1,
          "Workers Planned": 6,
          "Workers Launched": 6,
          "Single Copy": false,
          "Plans": [
            {
              "Node Type": "Aggregate",
              "Strategy": "Plain",
              "Partial Mode": "Partial",
              "Parent Relationship": "Outer",
              "Parallel Aware": false,
              "Startup Cost": 337619.02,
              "Total Cost": 337619.03,
              "Plan Rows": 1,
              "Plan Width": 8,
              "Actual Startup Time": 700.925,
              "Actual Total Time": 700.926,
              "Actual Rows": 1,
              "Actual Loops": 7,
              "Plans": [
                {
                  "Node Type": "Seq Scan",
                  "Parent Relationship": "Outer",
                  "Parallel Aware": true,
                  "Relation Name": "cast_info",
                  "Alias": "ci",
                  "Startup Cost": 0.0,
                  "Total Cost": 328162.03,
                  "Plan Rows": 3782799,
                  "Plan Width": 0,
                  "Actual Startup Time": 143.053,
                  "Actual Total Time": 574.867,
                  "Actual Rows": 3243952,
                  "Actual Loops": 7,
                  "Filter": "(person_id > 1334003)",
                  "Rows Removed by Filter": 1933811
                }
              ]
            }
          ]
        }
      ]
    },
    "Planning Time": 0.198,
    "Triggers": [],
    "Execution Time": 764.688
  }
]