[
  {
    "Plan": {
      "Node Type": "Aggregate",
      "Strategy": "Plain",
      "Partial Mode": "Finalize",
      "Parallel Aware": false,
      "Startup Cost": 44428.16,
      "Total Cost": 44428.17,
      "Plan Rows": 1,
      "Plan Width": 8,
      "Actual Startup Time": 103.484,
      "Actual Total Time": 113.558,
      "Actual Rows": 1,
      "Actual Loops": 1,
      "Plans": [
        {
          "Node Type": "Gather",
          "Parent Relationship": "Outer",
          "Parallel Aware": false,
          "Startup Cost": 44427.85,
          "Total Cost": 44428.16,
          "Plan Rows": 3,
          "Plan Width": 8,
          "Actual Startup Time": 103.348,
          "Actual Total Time": 113.55,
          "Actual Rows": 4,
          "Actual Loops": 1,
          "Workers Planned": 3,
          "Workers Launched": 3,
          "Single Copy": false,
          "Plans": [
            {
              "Node Type": "Aggregate",
              "Strategy": "Plain",
              "Partial Mode": "Partial",
              "Parent Relationship": "Outer",
              "Parallel Aware": false,
              "Startup Cost": 43427.85,
              "Total Cost": 43427.86,
              "Plan Rows": 1,
              "Plan Width": 8,
              "Actual Startup Time": 100.12,
              "Actual Total Time": 100.122,
              "Actual Rows": 1,
              "Actual Loops": 4,
              "Plans": [
                {
                  "Node Type": "Seq Scan",
                  "Parent Relationship": "Outer",
                  "Parallel Aware": true,
                  "Relation Name": "movie_keyword",
                  "Alias": "mk",
                  "Startup Cost": 0.0,
                  "Total Cost": 42695.65,
                  "Plan Rows": 292877,
                  "Plan Width": 0,
                  "Actual Startup Time": 0.026,
                  "Actual Total Time": 90.221,
                  "Actual Rows": 228588,
                  "Actual Loops": 4,
                  "Filter": "(keyword_id < 866)",
                  "Rows Removed by Filter": 902395
                }
              ]
            }
          ]
        }
      ]
    },
    "Planning Time": 0.085,
    "Triggers": [],
    "Execution Time": 113.585
  }
]