[
  {
    "Plan": {
      "Node Type": "Aggregate",
      "Strategy": "Plain",
      "Partial Mode": "Finalize",
      "Parallel Aware": false,
      "Startup Cost": 30329.4,
      "Total Cost": 30329.41,
      "Plan Rows": 1,
      "Plan Width": 8,
      "Actual Startup Time": 65.539,
      "Actual Total Time": 72.567,
      "Actual Rows": 1,
      "Actual Loops": 1,
      "Plans": [
        {
          "Node Type": "Gather",
          "Parent Relationship": "Outer",
          "Parallel Aware": false,
          "Startup Cost": 30329.09,
          "Total Cost": 30329.4,
          "Plan Rows": 3,
          "Plan Width": 8,
          "Actual Startup Time": 65.306,
          "Actual Total Time": 72.561,
          "Actual Rows": 4,
          "Actual Loops": 1,
          "Workers Planned": 3,
          "Workers Launched": 3,
          "Single Copy": false,
          "Plans": [
            {
              "Node Type": "Aggregate",
              "Strategy": "Plain",
              "Partial Mode": "Partial",
              "Parent Relationship": "Outer",
              "Parallel Aware": false,
              "Startup Cost": 29329.09,
              "Total Cost": 29329.1,
              "Plan Rows": 1,
              "Plan Width": 8,
              "Actual Startup Time": 59.323,
              "Actual Total Time": 59.324,
              "Actual Rows": 1,
              "Actual Loops": 4,
              "Plans": [
                {
                  "Node Type": "Bitmap Heap Scan",
                  "Parent Relationship": "Outer",
                  "Parallel Aware": true,
                  "Relation Name": "movie_keyword",
                  "Alias": "mk",
                  "Startup Cost": 3970.03,
                  "Total Cost": 29178.24,
                  "Plan Rows": 60337,
                  "Plan Width": 0,
                  "Actual Startup Time": 11.842,
                  "Actual Total Time": 56.426,
                  "Actual Rows": 47919,
                  "Actual Loops": 4,
                  "Recheck Cond": "(keyword_id > 70497)",
                  "Rows Removed by Index Recheck": 0,
                  "Exact Heap Blocks": 9211,
                  "Lossy Heap Blocks": 0,
                  "Plans": [
                    {
                      "Node Type": "Bitmap Index Scan",
                      "Parent Relationship": "Outer",
                      "Parallel Aware": false,
                      "Index Name": "keyword_id_movie_keyword",
                      "Startup Cost": 0.0,
                      "Total Cost": 3923.27,
                      "Plan Rows": 187045,
                      "Plan Width": 0,
                      "Actual Startup Time": 14.388,
                      "Actual Total Time": 14.388,
                      "Actual Rows": 191676,
                      "Actual Loops": 1,
                      "Index Cond": "(keyword_id > 70497)"
                    }
                  ]
                }
              ]
            }
          ]
        }
      ]
    },
    "Planning Time": 0.089,
    "Triggers": [],
    "Execution Time": 72.601
  }
]