[
  {
    "Plan": {
      "Node Type": "Aggregate",
      "Strategy": "Plain",
      "Partial Mode": "Simple",
      "Parallel Aware": false,
      "Startup Cost": 27504.14,
      "Total Cost": 27504.15,
      "Plan Rows": 1,
      "Plan Width": 8,
      "Actual Startup Time": 71.952,
      "Actual Total Time": 71.954,
      "Actual Rows": 1,
      "Actual Loops": 1,
      "Plans": [
        {
          "Node Type": "Bitmap Heap Scan",
          "Parent Relationship": "Outer",
          "Parallel Aware": false,
          "Relation Name": "movie_keyword",
          "Alias": "mk",
          "Startup Cost": 1788.35,
          "Total Cost": 27293.84,
          "Plan Rows": 84119,
          "Plan Width": 0,
          "Actual Startup Time": 23.831,
          "Actual Total Time": 67.324,
          "Actual Rows": 92474,
          "Actual Loops": 1,
          "Recheck Cond": "(keyword_id < 80)",
          "Rows Removed by Index Recheck": 0,
          "Exact Heap Blocks": 21153,
          "Lossy Heap Blocks": 0,
          "Plans": [
            {
              "Node Type": "Bitmap Index Scan",
              "Parent Relationship": "Outer",
              "Parallel Aware": false,
              "Index Name": "keyword_id_movie_keyword",
              "Startup Cost": 0.0,
              "Total Cost": 1767.32,
              "Plan Rows": 84119,
              "Plan Width": 0,
              "Actual Startup Time": 16.603,
              "Actual Total Time": 16.604,
              "Actual Rows": 92474,
              "Actual Loops": 1,
              "Index Cond": "(keyword_id < 80)"
            }
          ]
        }
      ]
    },
    "Planning Time": 0.148,
    "Triggers": [],
    "Execution Time": 72.009
  }
]