{
  "Plan": {
    "Node Type": "Aggregate",
    "Strategy": "Plain",
    "Partial Mode": "Finalize",
    "Parallel Aware": false,
    "Startup Cost": 293131.18,
    "Total Cost": 293131.19,
    "Plan Rows": 1,
    "Plan Width": 8,
    "Actual Startup Time": 773.759,
    "Actual Total Time": 778.733,
    "Actual Rows": 1,
    "Actual Loops": 1,
    "Plans": [
      {
        "Node Type": "Gather",
        "Parent Relationship": "Outer",
        "Parallel Aware": false,
        "Startup Cost": 293131.07,
        "Total Cost": 293131.18,
        "Plan Rows": 1,
        "Plan Width": 8,
        "Actual Startup Time": 773.747,
        "Actual Total Time": 778.725,
        "Actual Rows": 2,
        "Actual Loops": 1,
        "Workers Planned": 1,
        "Workers Launched": 1,
        "Single Copy": false,
        "Plans": [
          {
            "Node Type": "Aggregate",
            "Strategy": "Plain",
            "Partial Mode": "Partial",
            "Parent Relationship": "Outer",
            "Parallel Aware": false,
            "Startup Cost": 292131.07,
            "Total Cost": 292131.08,
            "Plan Rows": 1,
            "Plan Width": 8,
            "Actual Startup Time": 748.958,
            "Actual Total Time": 748.965,
            "Actual Rows": 1,
            "Actual Loops": 2,
            "Plans": [
              {
                "Node Type": "Merge Join",
                "Parent Relationship": "Outer",
                "Parallel Aware": false,
                "Join Type": "Inner",
                "Startup Cost": 290146.4,
                "Total Cost": 292098.68,
                "Plan Rows": 12955,
                "Plan Width": 0,
                "Actual Startup Time": 692.429,
                "Actual Total Time": 745.119,
                "Actual Rows": 73834,
                "Actual Loops": 2,
                "Inner Unique": false,
                "Merge Cond": "(t.id = mi.movie_id)",
                "Plans": [
                  {
                    "Node Type": "Sort",
                    "Parent Relationship": "Outer",
                    "Parallel Aware": false,
                    "Startup Cost": 95240.0,
                    "Total Cost": 95640.41,
                    "Plan Rows": 160163,
                    "Plan Width": 8,
                    "Actual Startup Time": 605.345,
                    "Actual Total Time": 617.28,
                    "Actual Rows": 121680,
                    "Actual Loops": 2,
                    "Sort Key": [
                      "t.id"
                    ],
                    "Sort Method": "quicksort",
                    "Sort Space Used": 7997,
                    "Sort Space Type": "Memory",
                    "Workers": [
                      {
                        "Worker Number": 0,
                        "Sort Method": "quicksort",
                        "Sort Space Used": 12629,
                        "Sort Space Type": "Memory"
                      }
                    ],
                    "Plans": [
                      {
                        "Node Type": "Hash Join",
                        "Parent Relationship": "Outer",
                        "Parallel Aware": true,
                        "Join Type": "Inner",
                        "Startup Cost": 21471.87,
                        "Total Cost": 81394.57,
                        "Plan Rows": 160163,
                        "Plan Width": 8,
                        "Actual Startup Time": 176.114,
                        "Actual Total Time": 571.068,
                        "Actual Rows": 121692,
                        "Actual Loops": 2,
                        "Inner Unique": false,
                        "Hash Cond": "(t.id = mi_idx.movie_id)",
                        "Plans": [
                          {
                            "Node Type": "Seq Scan",
                            "Parent Relationship": "Outer",
                            "Parallel Aware": true,
                            "Relation Name": "title",
                            "Alias": "t",
                            "Startup Cost": 0.0,
                            "Total Cost": 54588.39,
                            "Plan Rows": 878434,
                            "Plan Width": 4,
                            "Actual Startup Time": 0.018,
                            "Actual Total Time": 187.807,
                            "Actual Rows": 742515,
                            "Actual Loops": 2,
                            "Filter": "(production_year > 1998)",
                            "Rows Removed by Filter": 521641
                          },
                          {
                            "Node Type": "Hash",
                            "Parent Relationship": "Inner",
                            "Parallel Aware": true,
                            "Startup Cost": 18082.32,
                            "Total Cost": 18082.32,
                            "Plan Rows": 271164,
                            "Plan Width": 4,
                            "Actual Startup Time": 170.024,
                            "Actual Total Time": 170.026,
                            "Actual Rows": 230092,
                            "Actual Loops": 2,
                            "Hash Buckets": 524288,
                            "Original Hash Buckets": 524288,
                            "Hash Batches": 1,
                            "Original Hash Batches": 1,
                            "Peak Memory Usage": 22144,
                            "Plans": [
                              {
                                "Node Type": "Seq Scan",
                                "Parent Relationship": "Outer",
                                "Parallel Aware": true,
                                "Relation Name": "movie_info_idx",
                                "Alias": "mi_idx",
                                "Startup Cost": 0.0,
                                "Total Cost": 18082.32,
                                "Plan Rows": 271164,
                                "Plan Width": 4,
                                "Actual Startup Time": 0.057,
                                "Actual Total Time": 83.544,
                                "Actual Rows": 230092,
                                "Actual Loops": 2,
                                "Filter": "(info_type_id > 100)",
                                "Rows Removed by Filter": 459925
                              }
                            ]
                          }
                        ]
                      }
                    ]
                  },
                  {
                    "Node Type": "Sort",
                    "Parent Relationship": "Inner",
                    "Parallel Aware": false,
                    "Startup Cost": 194906.38,
                    "Total Cost": 195417.65,
                    "Plan Rows": 204507,
                    "Plan Width": 4,
                    "Actual Startup Time": 86.523,
                    "Actual Total Time": 101.157,
                    "Actual Rows": 200468,
                    "Actual Loops": 2,
                    "Sort Key": [
                      "mi.movie_id"
                    ],
                    "Sort Method": "quicksort",
                    "Sort Space Used": 15414,
                    "Sort Space Type": "Memory",
                    "Workers": [
                      {
                        "Worker Number": 0,
                        "Sort Method": "quicksort",
                        "Sort Space Used": 15414,
                        "Sort Space Type": "Memory"
                      }
                    ],
                    "Plans": [
                      {
                        "Node Type": "Bitmap Heap Scan",
                        "Parent Relationship": "Outer",
                        "Parallel Aware": false,
                        "Relation Name": "movie_info",
                        "Alias": "mi",
                        "Startup Cost": 3705.36,
                        "Total Cost": 176867.04,
                        "Plan Rows": 204507,
                        "Plan Width": 4,
                        "Actual Startup Time": 8.555,
                        "Actual Total Time": 44.866,
                        "Actual Rows": 197754,
                        "Actual Loops": 2,
                        "Recheck Cond": "(info_type_id > 106)",
                        "Rows Removed by Index Recheck": 0,
                        "Exact Heap Blocks": 4967,
                        "Lossy Heap Blocks": 0,
                        "Plans": [
                          {
                            "Node Type": "Bitmap Index Scan",
                            "Parent Relationship": "Outer",
                            "Parallel Aware": false,
                            "Index Name": "info_type_id_movie_info",
                            "Startup Cost": 0.0,
                            "Total Cost": 3654.24,
                            "Plan Rows": 204507,
                            "Plan Width": 0,
                            "Actual Startup Time": 7.858,
                            "Actual Total Time": 7.859,
                            "Actual Rows": 197754,
                            "Actual Loops": 2,
                            "Index Cond": "(info_type_id > 106)"
                          }
                        ]
                      }
                    ]
                  }
                ]
              }
            ]
          }
        ]
      }
    ]
  },
  "Planning Time": 1.215,
  "Triggers": [],
  "Execution Time": 778.877
}