{
  "Plan": {
    "Node Type": "Aggregate",
    "Strategy": "Plain",
    "Partial Mode": "Finalize",
    "Parallel Aware": false,
    "Startup Cost": 1332925.07,
    "Total Cost": 1332925.08,
    "Plan Rows": 1,
    "Plan Width": 8,
    "Actual Startup Time": 7670.191,
    "Actual Total Time": 7719.536,
    "Actual Rows": 1,
    "Actual Loops": 1,
    "Plans": [
      {
        "Node Type": "Gather",
        "Parent Relationship": "Outer",
        "Parallel Aware": false,
        "Startup Cost": 1332924.96,
        "Total Cost": 1332925.07,
        "Plan Rows": 1,
        "Plan Width": 8,
        "Actual Startup Time": 7669.2,
        "Actual Total Time": 7719.53,
        "Actual Rows": 2,
        "Actual Loops": 1,
        "Workers Planned": 1,
        "Workers Launched": 1,
        "Single Copy": false,
        "Plans": [
          {
            "Node Type": "Aggregate",
            "Strategy": "Plain",
            "Partial Mode": "Partial",
            "Parent Relationship": "Outer",
            "Parallel Aware": false,
            "Startup Cost": 1331924.96,
            "Total Cost": 1331924.97,
            "Plan Rows": 1,
            "Plan Width": 8,
            "Actual Startup Time": 7661.92,
            "Actual Total Time": 7661.923,
            "Actual Rows": 1,
            "Actual Loops": 2,
            "Plans": [
              {
                "Node Type": "Nested Loop",
                "Parent Relationship": "Outer",
                "Parallel Aware": false,
                "Join Type": "Inner",
                "Startup Cost": 69619.98,
                "Total Cost": 1323138.25,
                "Plan Rows": 3514683,
                "Plan Width": 0,
                "Actual Startup Time": 518.021,
                "Actual Total Time": 6850.326,
                "Actual Rows": 19128992,
                "Actual Loops": 2,
                "Inner Unique": false,
                "Plans": [
                  {
                    "Node Type": "Hash Join",
                    "Parent Relationship": "Outer",
                    "Parallel Aware": true,
                    "Join Type": "Inner",
                    "Startup Cost": 69619.54,
                    "Total Cost": 113144.97,
                    "Plan Rows": 601079,
                    "Plan Width": 8,
                    "Actual Startup Time": 517.956,
                    "Actual Total Time": 928.198,
                    "Actual Rows": 445800,
                    "Actual Loops": 2,
                    "Inner Unique": true,
                    "Hash Cond": "(mc.movie_id = t.id)",
                    "Plans": [
                      {
                        "Node Type": "Index Scan",
                        "Parent Relationship": "Outer",
                        "Parallel Aware": true,
                        "Scan Direction": "Forward",
                        "Index Name": "company_type_id_movie_companies",
                        "Relation Name": "movie_companies",
                        "Alias": "mc",
                        "Startup Cost": 0.43,
                        "Total Cost": 41574.35,
                        "Plan Rows": 743430,
                        "Plan Width": 4,
                        "Actual Startup Time": 0.082,
                        "Actual Total Time": 146.815,
                        "Actual Rows": 637123,
                        "Actual Loops": 2,
                        "Index Cond": "(company_type_id < 2)",
                        "Rows Removed by Index Recheck": 0,
                        "Filter": "(company_id < 200133)",
                        "Rows Removed by Filter": 0
                      },
                      {
                        "Node Type": "Hash",
                        "Parent Relationship": "Inner",
                        "Parallel Aware": true,
                        "Startup Cost": 54588.39,
                        "Total Cost": 54588.39,
                        "Plan Rows": 1202458,
                        "Plan Width": 4,
                        "Actual Startup Time": 505.607,
                        "Actual Total Time": 505.608,
                        "Actual Rows": 1016220,
                        "Actual Loops": 2,
                        "Hash Buckets": 2097152,
                        "Original Hash Buckets": 2097152,
                        "Hash Batches": 1,
                        "Original Hash Batches": 1,
                        "Peak Memory Usage": 95936,
                        "Plans": [
                          {
                            "Node Type": "Seq Scan",
                            "Parent Relationship": "Outer",
                            "Parallel Aware": true,
                            "Relation Name": "title",
                            "Alias": "t",
                            "Startup Cost": 0.0,
                            "Total Cost": 54588.39,
                            "Plan Rows": 1202458,
                            "Plan Width": 4,
                            "Actual Startup Time": 0.022,
                            "Actual Total Time": 207.504,
                            "Actual Rows": 1016220,
                            "Actual Loops": 2,
                            "Filter": "(production_year > 1973)",
                            "Rows Removed by Filter": 247936
                          }
                        ]
                      }
                    ]
                  },
                  {
                    "Node Type": "Index Only Scan",
                    "Parent Relationship": "Inner",
                    "Parallel Aware": false,
                    "Scan Direction": "Forward",
                    "Index Name": "movie_id_movie_info",
                    "Relation Name": "movie_info",
                    "Alias": "mi",
                    "Startup Cost": 0.43,
                    "Total Cost": 1.59,
                    "Plan Rows": 42,
                    "Plan Width": 4,
                    "Actual Startup Time": 0.003,
                    "Actual Total Time": 0.01,
                    "Actual Rows": 43,
                    "Actual Loops": 891599,
                    "Index Cond": "(movie_id = t.id)",
                    "Rows Removed by Index Recheck": 0,
                    "Heap Fetches": 38257984
                  }
                ]
              }
            ]
          }
        ]
      }
    ]
  },
  "Planning Time": 0.861,
  "Triggers": [],
  "Execution Time": 7719.619
}