[
  {
    "Plan": {
      "Node Type": "Aggregate",
      "Strategy": "Plain",
      "Partial Mode": "Finalize",
      "Parallel Aware": false,
      "Startup Cost": 85017.41,
      "Total Cost": 85017.42,
      "Plan Rows": 1,
      "Plan Width": 8,
      "Actual Startup Time": 548.886,
      "Actual Total Time": 569.923,
      "Actual Rows": 1,
      "Actual Loops": 1,
      "Plans": [
        {
          "Node Type": "Gather",
          "Parent Relationship": "Outer",
          "Parallel Aware": false,
          "Startup Cost": 85017.09,
          "Total Cost": 85017.4,
          "Plan Rows": 3,
          "Plan Width": 8,
          "Actual Startup Time": 539.93,
          "Actual Total Time": 569.911,
          "Actual Rows": 4,
          "Actual Loops": 1,
          "Workers Planned": 3,
          "Workers Launched": 3,
          "Single Copy": false,
          "Plans": [
            {
              "Node Type": "Aggregate",
              "Strategy": "Plain",
              "Partial Mode": "Partial",
              "Parent Relationship": "Outer",
              "Parallel Aware": false,
              "Startup Cost": 84017.09,
              "Total Cost": 84017.1,
              "Plan Rows": 1,
              "Plan Width": 8,
              "Actual Startup Time": 522.645,
              "Actual Total Time": 522.649,
              "Actual Rows": 1,
              "Actual Loops": 4,
              "Plans": [
                {
                  "Node Type": "Hash Join",
                  "Parent Relationship": "Outer",
                  "Parallel Aware": true,
                  "Join Type": "Inner",
                  "Startup Cost": 57588.16,
                  "Total Cost": 83736.96,
                  "Plan Rows": 112053,
                  "Plan Width": 0,
                  "Actual Startup Time": 426.44,
                  "Actual Total Time": 516.924,
                  "Actual Rows": 84216,
                  "Actual Loops": 4,
                  "Inner Unique": true,
                  "Hash Cond": "(mk.movie_id = t.id)",
                  "Plans": [
                    {
                      "Node Type": "Bitmap Heap Scan",
                      "Parent Relationship": "Outer",
                      "Parallel Aware": true,
                      "Relation Name": "movie_keyword",
                      "Alias": "mk",
                      "Startup Cost": 7368.51,
                      "Total Cost": 33223.18,
                      "Plan Rows": 112053,
                      "Plan Width": 4,
                      "Actual Startup Time": 33.181,
                      "Actual Total Time": 88.801,
                      "Actual Rows": 84216,
                      "Actual Loops": 4,
                      "Recheck Cond": "(keyword_id > 49014)",
                      "Rows Removed by Index Recheck": 0,
                      "Exact Heap Blocks": 6298,
                      "Lossy Heap Blocks": 0,
                      "Plans": [
                        {
                          "Node Type": "Bitmap Index Scan",
                          "Parent Relationship": "Outer",
                          "Parallel Aware": false,
                          "Index Name": "keyword_id_movie_keyword",
                          "Startup Cost": 0.0,
                          "Total Cost": 7281.67,
                          "Plan Rows": 347365,
                          "Plan Width": 0,
                          "Actual Startup Time": 27.878,
                          "Actual Total Time": 27.879,
                          "Actual Rows": 336866,
                          "Actual Loops": 1,
                          "Index Cond": "(keyword_id > 49014)"
                        }
                      ]
                    },
                    {
                      "Node Type": "Hash",
                      "Parent Relationship": "Inner",
                      "Parallel Aware": true,
                      "Startup Cost": 42318.73,
                      "Total Cost": 42318.73,
                      "Plan Rows": 632073,
                      "Plan Width": 4,
                      "Actual Startup Time": 381.998,
                      "Actual Total Time": 381.999,
                      "Actual Rows": 632078,
                      "Actual Loops": 4,
                      "Hash Buckets": 4194304,
                      "Original Hash Buckets": 4194304,
                      "Hash Batches": 1,
                      "Original Hash Batches": 1,
                      "Peak Memory Usage": 131712,
                      "Plans": [
                        {
                          "Node Type": "Seq Scan",
                          "Parent Relationship": "Outer",
                          "Parallel Aware": true,
                          "Relation Name": "title",
                          "Alias": "t",
                          "Startup Cost": 0.0,
                          "Total Cost": 42318.73,
                          "Plan Rows": 632073,
                          "Plan Width": 4,
                          "Actual Startup Time": 0.036,
                          "Actual Total Time": 122.559,
                          "Actual Rows": 632078,
                          "Actual Loops": 4
                        }
                      ]
                    }
                  ]
                }
              ]
            }
          ]
        }
      ]
    },
    "Planning Time": 0.667,
    "Triggers": [],
    "Execution Time": 570.032
  }
]