[
  {
    "Plan": {
      "Node Type": "Aggregate",
      "Strategy": "Plain",
      "Partial Mode": "Finalize",
      "Parallel Aware": false,
      "Startup Cost": 45577.67,
      "Total Cost": 45577.68,
      "Plan Rows": 1,
      "Plan Width": 8,
      "Actual Startup Time": 144.494,
      "Actual Total Time": 154.651,
      "Actual Rows": 1,
      "Actual Loops": 1,
      "Plans": [
        {
          "Node Type": "Gather",
          "Parent Relationship": "Outer",
          "Parallel Aware": false,
          "Startup Cost": 45577.35,
          "Total Cost": 45577.66,
          "Plan Rows": 3,
          "Plan Width": 8,
          "Actual Startup Time": 144.376,
          "Actual Total Time": 154.644,
          "Actual Rows": 4,
          "Actual Loops": 1,
          "Workers Planned": 3,
          "Workers Launched": 3,
          "Single Copy": false,
          "Plans": [
            {
              "Node Type": "Aggregate",
              "Strategy": "Plain",
              "Partial Mode": "Partial",
              "Parent Relationship": "Outer",
              "Parallel Aware": false,
              "Startup Cost": 44577.35,
              "Total Cost": 44577.36,
              "Plan Rows": 1,
              "Plan Width": 8,
              "Actual Startup Time": 139.206,
              "Actual Total Time": 139.207,
              "Actual Rows": 1,
              "Actual Loops": 4,
              "Plans": [
                {
                  "Node Type": "Seq Scan",
                  "Parent Relationship": "Outer",
                  "Parallel Aware": true,
                  "Relation Name": "movie_keyword",
                  "Alias": "mk",
                  "Startup Cost": 0.0,
                  "Total Cost": 42695.65,
                  "Plan Rows": 752679,
                  "Plan Width": 0,
                  "Actual Startup Time": 0.323,
                  "Actual Total Time": 112.293,
                  "Actual Rows": 580316,
                  "Actual Loops": 4,
                  "Filter": "(keyword_id > 4423)",
                  "Rows Removed by Filter": 550667
                }
              ]
            }
          ]
        }
      ]
    },
    "Planning Time": 0.108,
    "Triggers": [],
    "Execution Time": 154.693
  }
]