[
  {
    "Plan": {
      "Node Type": "Aggregate",
      "Strategy": "Plain",
      "Partial Mode": "Finalize",
      "Parallel Aware": false,
      "Startup Cost": 96233.17,
      "Total Cost": 96233.18,
      "Plan Rows": 1,
      "Plan Width": 8,
      "Actual Startup Time": 564.739,
      "Actual Total Time": 580.937,
      "Actual Rows": 1,
      "Actual Loops": 1,
      "Plans": [
        {
          "Node Type": "Gather",
          "Parent Relationship": "Outer",
          "Parallel Aware": false,
          "Startup Cost": 96232.85,
          "Total Cost": 96233.16,
          "Plan Rows": 3,
          "Plan Width": 8,
          "Actual Startup Time": 556.586,
          "Actual Total Time": 580.925,
          "Actual Rows": 4,
          "Actual Loops": 1,
          "Workers Planned": 3,
          "Workers Launched": 3,
          "Single Copy": false,
          "Plans": [
            {
              "Node Type": "Aggregate",
              "Strategy": "Plain",
              "Partial Mode": "Partial",
              "Parent Relationship": "Outer",
              "Parallel Aware": false,
              "Startup Cost": 95232.85,
              "Total Cost": 95232.86,
              "Plan Rows": 1,
              "Plan Width": 8,
              "Actual Startup Time": 543.442,
              "Actual Total Time": 543.445,
              "Actual Rows": 1,
              "Actual Loops": 4,
              "Plans": [
                {
                  "Node Type": "Hash Join",
                  "Parent Relationship": "Outer",
                  "Parallel Aware": true,
                  "Join Type": "Inner",
                  "Startup Cost": 50855.2,
                  "Total Cost": 94465.76,
                  "Plan Rows": 306834,
                  "Plan Width": 0,
                  "Actual Startup Time": 363.794,
                  "Actual Total Time": 532.505,
                  "Actual Rows": 224271,
                  "Actual Loops": 4,
                  "Inner Unique": true,
                  "Hash Cond": "(mk.movie_id = t.id)",
                  "Plans": [
                    {
                      "Node Type": "Seq Scan",
                      "Parent Relationship": "Outer",
                      "Parallel Aware": true,
                      "Relation Name": "movie_keyword",
                      "Alias": "mk",
                      "Startup Cost": 0.0,
                      "Total Cost": 42695.65,
                      "Plan Rows": 348539,
                      "Plan Width": 4,
                      "Actual Startup Time": 1.299,
                      "Actual Total Time": 106.319,
                      "Actual Rows": 269616,
                      "Actual Loops": 4,
                      "Filter": "(keyword_id > 16402)",
                      "Rows Removed by Filter": 861366
                    },
                    {
                      "Node Type": "Hash",
                      "Parent Relationship": "Inner",
                      "Parallel Aware": true,
                      "Startup Cost": 43899.32,
                      "Total Cost": 43899.32,
                      "Plan Rows": 556470,
                      "Plan Width": 4,
                      "Actual Startup Time": 353.743,
                      "Actual Total Time": 353.744,
                      "Actual Rows": 553704,
                      "Actual Loops": 4,
                      "Hash Buckets": 4194304,
                      "Original Hash Buckets": 4194304,
                      "Hash Batches": 1,
                      "Original Hash Batches": 1,
                      "Peak Memory Usage": 119488,
                      "Plans": [
                        {
                          "Node Type": "Seq Scan",
                          "Parent Relationship": "Outer",
                          "Parallel Aware": true,
                          "Relation Name": "title",
                          "Alias": "t",
                          "Startup Cost": 0.0,
                          "Total Cost": 43899.32,
                          "Plan Rows": 556470,
                          "Plan Width": 4,
                          "Actual Startup Time": 0.046,
                          "Actual Total Time": 127.822,
                          "Actual Rows": 553704,
                          "Actual Loops": 4,
                          "Filter": "(production_year > 1959)",
                          "Rows Removed by Filter": 78374
                        }
                      ]
                    }
                  ]
                }
              ]
            }
          ]
        }
      ]
    },
    "Planning Time": 0.261,
    "Triggers": [],
    "Execution Time": 580.984
  }
]