[
    {
        "Bao": {
            "Bao prediction": "NaN",
            "Bao recommended hint": "(no hint)"
        }
    },
    {
        "Plan": {
            "Node Type": "Aggregate",
            "Strategy": "Plain",
            "Partial Mode": "Finalize",
            "Parallel Aware": false,
            "Startup Cost": 111835.81,
            "Total Cost": 111835.82,
            "Plan Rows": 1,
            "Plan Width": 8,
            "Actual Startup Time": 173.725,
            "Actual Total Time": 180.888,
            "Actual Rows": 1,
            "Actual Loops": 1,
            "Output": [
                "count(*)"
            ],
            "Plans": [
                {
                    "Node Type": "Gather",
                    "Parent Relationship": "Outer",
                    "Parallel Aware": false,
                    "Startup Cost": 111835.29,
                    "Total Cost": 111835.8,
                    "Plan Rows": 5,
                    "Plan Width": 8,
                    "Actual Startup Time": 173.639,
                    "Actual Total Time": 180.879,
                    "Actual Rows": 6,
                    "Actual Loops": 1,
                    "Output": [
                        "(PARTIAL count(*))"
                    ],
                    "Workers Planned": 5,
                    "Workers Launched": 5,
                    "Single Copy": false,
                    "Plans": [
                        {
                            "Node Type": "Aggregate",
                            "Strategy": "Plain",
                            "Partial Mode": "Partial",
                            "Parent Relationship": "Outer",
                            "Parallel Aware": false,
                            "Startup Cost": 110835.29,
                            "Total Cost": 110835.3,
                            "Plan Rows": 1,
                            "Plan Width": 8,
                            "Actual Startup Time": 164.306,
                            "Actual Total Time": 164.307,
                            "Actual Rows": 1,
                            "Actual Loops": 6,
                            "Output": [
                                "PARTIAL count(*)"
                            ],
                            "Workers": [
                                {
                                    "Worker Number": 0,
                                    "Actual Startup Time": 161.739,
                                    "Actual Total Time": 161.74,
                                    "Actual Rows": 1,
                                    "Actual Loops": 1
                                },
                                {
                                    "Worker Number": 1,
                                    "Actual Startup Time": 162.369,
                                    "Actual Total Time": 162.37,
                                    "Actual Rows": 1,
                                    "Actual Loops": 1
                                },
                                {
                                    "Worker Number": 2,
                                    "Actual Startup Time": 162.602,
                                    "Actual Total Time": 162.603,
                                    "Actual Rows": 1,
                                    "Actual Loops": 1
                                },
                                {
                                    "Worker Number": 3,
                                    "Actual Startup Time": 162.574,
                                    "Actual Total Time": 162.575,
                                    "Actual Rows": 1,
                                    "Actual Loops": 1
                                },
                                {
                                    "Worker Number": 4,
                                    "Actual Startup Time": 163.21,
                                    "Actual Total Time": 163.211,
                                    "Actual Rows": 1,
                                    "Actual Loops": 1
                                }
                            ],
                            "Plans": [
                                {
                                    "Node Type": "Index Scan",
                                    "Parent Relationship": "Outer",
                                    "Parallel Aware": true,
                                    "Scan Direction": "Forward",
                                    "Index Name": "role_id_cast_info",
                                    "Relation Name": "cast_info",
                                    "Schema": "public",
                                    "Alias": "ci",
                                    "Startup Cost": 0.56,
                                    "Total Cost": 109204.72,
                                    "Plan Rows": 652230,
                                    "Plan Width": 0,
                                    "Actual Startup Time": 0.132,
                                    "Actual Total Time": 136.219,
                                    "Actual Rows": 592101,
                                    "Actual Loops": 6,
                                    "Output": [
                                        "id",
                                        "person_id",
                                        "movie_id",
                                        "person_role_id",
                                        "note",
                                        "nr_order",
                                        "role_id"
                                    ],
                                    "Index Cond": "(ci.role_id = 3)",
                                    "Rows Removed by Index Recheck": 0,
                                    "Filter": "(ci.person_id < 2994182)",
                                    "Rows Removed by Filter": 75905,
                                    "Workers": [
                                        {
                                            "Worker Number": 0,
                                            "Actual Startup Time": 0.148,
                                            "Actual Total Time": 134.401,
                                            "Actual Rows": 538036,
                                            "Actual Loops": 1
                                        },
                                        {
                                            "Worker Number": 1,
                                            "Actual Startup Time": 0.134,
                                            "Actual Total Time": 134.962,
                                            "Actual Rows": 570042,
                                            "Actual Loops": 1
                                        },
                                        {
                                            "Worker Number": 2,
                                            "Actual Startup Time": 0.146,
                                            "Actual Total Time": 135.056,
                                            "Actual Rows": 570958,
                                            "Actual Loops": 1
                                        },
                                        {
                                            "Worker Number": 3,
                                            "Actual Startup Time": 0.177,
                                            "Actual Total Time": 134.845,
                                            "Actual Rows": 564353,
                                            "Actual Loops": 1
                                        },
                                        {
                                            "Worker Number": 4,
                                            "Actual Startup Time": 0.154,
                                            "Actual Total Time": 135.888,
                                            "Actual Rows": 564894,
                                            "Actual Loops": 1
                                        }
                                    ]
                                }
                            ]
                        }
                    ]
                }
            ]
        },
        "Planning Time": 186.925,
        "Triggers": [],
        "Execution Time": 180.953
    }
]