{
  "Plan": {
    "Node Type": "Aggregate",
    "Strategy": "Plain",
    "Partial Mode": "Finalize",
    "Parallel Aware": false,
    "Startup Cost": 170109.49,
    "Total Cost": 170109.5,
    "Plan Rows": 1,
    "Plan Width": 8,
    "Actual Startup Time": 1580.34,
    "Actual Total Time": 1600.858,
    "Actual Rows": 1,
    "Actual Loops": 1,
    "Plans": [
      {
        "Node Type": "Gather",
        "Parent Relationship": "Outer",
        "Parallel Aware": false,
        "Startup Cost": 170109.37,
        "Total Cost": 170109.48,
        "Plan Rows": 1,
        "Plan Width": 8,
        "Actual Startup Time": 1575.48,
        "Actual Total Time": 1600.85,
        "Actual Rows": 2,
        "Actual Loops": 1,
        "Workers Planned": 1,
        "Workers Launched": 1,
        "Single Copy": false,
        "Plans": [
          {
            "Node Type": "Aggregate",
            "Strategy": "Plain",
            "Partial Mode": "Partial",
            "Parent Relationship": "Outer",
            "Parallel Aware": false,
            "Startup Cost": 169109.37,
            "Total Cost": 169109.38,
            "Plan Rows": 1,
            "Plan Width": 8,
            "Actual Startup Time": 1562.477,
            "Actual Total Time": 1562.481,
            "Actual Rows": 1,
            "Actual Loops": 2,
            "Plans": [
              {
                "Node Type": "Hash Join",
                "Parent Relationship": "Outer",
                "Parallel Aware": true,
                "Join Type": "Inner",
                "Startup Cost": 69461.26,
                "Total Cost": 165166.4,
                "Plan Rows": 1577189,
                "Plan Width": 0,
                "Actual Startup Time": 596.91,
                "Actual Total Time": 1491.267,
                "Actual Rows": 1364472,
                "Actual Loops": 2,
                "Inner Unique": true,
                "Hash Cond": "(ci.movie_id = t.id)",
                "Plans": [
                  {
                    "Node Type": "Index Scan",
                    "Parent Relationship": "Outer",
                    "Parallel Aware": true,
                    "Scan Direction": "Forward",
                    "Index Name": "role_id_cast_info",
                    "Relation Name": "cast_info",
                    "Alias": "ci",
                    "Startup Cost": 0.56,
                    "Total Cost": 91565.57,
                    "Plan Rows": 1577189,
                    "Plan Width": 4,
                    "Actual Startup Time": 0.196,
                    "Actual Total Time": 280.812,
                    "Actual Rows": 1364472,
                    "Actual Loops": 2,
                    "Index Cond": "(role_id = 4)",
                    "Rows Removed by Index Recheck": 0,
                    "Filter": "(person_id < 3661044)",
                    "Rows Removed by Filter": 0
                  },
                  {
                    "Node Type": "Hash",
                    "Parent Relationship": "Inner",
                    "Parallel Aware": true,
                    "Startup Cost": 50870.31,
                    "Total Cost": 50870.31,
                    "Plan Rows": 1487231,
                    "Plan Width": 4,
                    "Actual Startup Time": 573.602,
                    "Actual Total Time": 573.603,
                    "Actual Rows": 1264156,
                    "Actual Loops": 2,
                    "Hash Buckets": 4194304,
                    "Original Hash Buckets": 4194304,
                    "Hash Batches": 1,
                    "Original Hash Batches": 1,
                    "Peak Memory Usage": 131712,
                    "Plans": [
                      {
                        "Node Type": "Seq Scan",
                        "Parent Relationship": "Outer",
                        "Parallel Aware": true,
                        "Relation Name": "title",
                        "Alias": "t",
                        "Startup Cost": 0.0,
                        "Total Cost": 50870.31,
                        "Plan Rows": 1487231,
                        "Plan Width": 4,
                        "Actual Startup Time": 0.035,
                        "Actual Total Time": 178.501,
                        "Actual Rows": 1264156,
                        "Actual Loops": 2
                      }
                    ]
                  }
                ]
              }
            ]
          }
        ]
      }
    ]
  },
  "Planning Time": 0.729,
  "Triggers": [],
  "Execution Time": 1600.932
}