{
  "Plan": {
    "Node Type": "Aggregate",
    "Strategy": "Plain",
    "Partial Mode": "Finalize",
    "Parallel Aware": false,
    "Startup Cost": 120404.81,
    "Total Cost": 120404.82,
    "Plan Rows": 1,
    "Plan Width": 8,
    "Actual Startup Time": 674.459,
    "Actual Total Time": 688.811,
    "Actual Rows": 1,
    "Actual Loops": 1,
    "Plans": [
      {
        "Node Type": "Gather",
        "Parent Relationship": "Outer",
        "Parallel Aware": false,
        "Startup Cost": 120404.7,
        "Total Cost": 120404.81,
        "Plan Rows": 1,
        "Plan Width": 8,
        "Actual Startup Time": 673.662,
        "Actual Total Time": 688.804,
        "Actual Rows": 2,
        "Actual Loops": 1,
        "Workers Planned": 1,
        "Workers Launched": 1,
        "Single Copy": false,
        "Plans": [
          {
            "Node Type": "Aggregate",
            "Strategy": "Plain",
            "Partial Mode": "Partial",
            "Parent Relationship": "Outer",
            "Parallel Aware": false,
            "Startup Cost": 119404.7,
            "Total Cost": 119404.71,
            "Plan Rows": 1,
            "Plan Width": 8,
            "Actual Startup Time": 667.767,
            "Actual Total Time": 667.773,
            "Actual Rows": 1,
            "Actual Loops": 2,
            "Plans": [
              {
                "Node Type": "Hash Join",
                "Parent Relationship": "Outer",
                "Parallel Aware": true,
                "Join Type": "Inner",
                "Startup Cost": 60550.72,
                "Total Cost": 118601.56,
                "Plan Rows": 321255,
                "Plan Width": 0,
                "Actual Startup Time": 221.204,
                "Actual Total Time": 633.351,
                "Actual Rows": 876772,
                "Actual Loops": 2,
                "Inner Unique": true,
                "Hash Cond": "(mk.movie_id = t.id)",
                "Plans": [
                  {
                    "Node Type": "Seq Scan",
                    "Parent Relationship": "Outer",
                    "Parallel Aware": true,
                    "Relation Name": "movie_keyword",
                    "Alias": "mk",
                    "Startup Cost": 0.0,
                    "Total Cost": 51065.35,
                    "Plan Rows": 2661135,
                    "Plan Width": 4,
                    "Actual Startup Time": 0.014,
                    "Actual Total Time": 156.212,
                    "Actual Rows": 2261965,
                    "Actual Loops": 2
                  },
                  {
                    "Node Type": "Hash",
                    "Parent Relationship": "Inner",
                    "Parallel Aware": true,
                    "Startup Cost": 58306.47,
                    "Total Cost": 58306.47,
                    "Plan Rows": 179540,
                    "Plan Width": 4,
                    "Actual Startup Time": 215.41,
                    "Actual Total Time": 215.411,
                    "Actual Rows": 211109,
                    "Actual Loops": 2,
                    "Hash Buckets": 524288,
                    "Original Hash Buckets": 524288,
                    "Hash Batches": 1,
                    "Original Hash Batches": 1,
                    "Peak Memory Usage": 20640,
                    "Plans": [
                      {
                        "Node Type": "Seq Scan",
                        "Parent Relationship": "Outer",
                        "Parallel Aware": true,
                        "Relation Name": "title",
                        "Alias": "t",
                        "Startup Cost": 0.0,
                        "Total Cost": 58306.47,
                        "Plan Rows": 179540,
                        "Plan Width": 4,
                        "Actual Startup Time": 0.044,
                        "Actual Total Time": 155.366,
                        "Actual Rows": 211109,
                        "Actual Loops": 2,
                        "Filter": "((kind_id < 7) AND (production_year < 1994))",
                        "Rows Removed by Filter": 1053047
                      }
                    ]
                  }
                ]
              }
            ]
          }
        ]
      }
    ]
  },
  "Planning Time": 0.632,
  "Triggers": [],
  "Execution Time": 688.88
}