[
  {
    "Plan": {
      "Node Type": "Aggregate",
      "Strategy": "Plain",
      "Partial Mode": "Finalize",
      "Parallel Aware": false,
      "Startup Cost": 35483.48,
      "Total Cost": 35483.49,
      "Plan Rows": 1,
      "Plan Width": 8,
      "Actual Startup Time": 127.76,
      "Actual Total Time": 138.805,
      "Actual Rows": 1,
      "Actual Loops": 1,
      "Plans": [
        {
          "Node Type": "Gather",
          "Parent Relationship": "Outer",
          "Parallel Aware": false,
          "Startup Cost": 35483.16,
          "Total Cost": 35483.47,
          "Plan Rows": 3,
          "Plan Width": 8,
          "Actual Startup Time": 127.458,
          "Actual Total Time": 138.795,
          "Actual Rows": 4,
          "Actual Loops": 1,
          "Workers Planned": 3,
          "Workers Launched": 3,
          "Single Copy": false,
          "Plans": [
            {
              "Node Type": "Aggregate",
              "Strategy": "Plain",
              "Partial Mode": "Partial",
              "Parent Relationship": "Outer",
              "Parallel Aware": false,
              "Startup Cost": 34483.16,
              "Total Cost": 34483.17,
              "Plan Rows": 1,
              "Plan Width": 8,
              "Actual Startup Time": 114.526,
              "Actual Total Time": 114.528,
              "Actual Rows": 1,
              "Actual Loops": 4,
              "Plans": [
                {
                  "Node Type": "Bitmap Heap Scan",
                  "Parent Relationship": "Outer",
                  "Parallel Aware": true,
                  "Relation Name": "movie_keyword",
                  "Alias": "mk",
                  "Startup Cost": 8167.0,
                  "Total Cost": 34172.8,
                  "Plan Rows": 124144,
                  "Plan Width": 0,
                  "Actual Startup Time": 35.26,
                  "Actual Total Time": 107.975,
                  "Actual Rows": 92970,
                  "Actual Loops": 4,
                  "Recheck Cond": "(keyword_id > 45521)",
                  "Rows Removed by Index Recheck": 0,
                  "Exact Heap Blocks": 11035,
                  "Lossy Heap Blocks": 0,
                  "Plans": [
                    {
                      "Node Type": "Bitmap Index Scan",
                      "Parent Relationship": "Outer",
                      "Parallel Aware": false,
                      "Index Name": "keyword_id_movie_keyword",
                      "Startup Cost": 0.0,
                      "Total Cost": 8070.78,
                      "Plan Rows": 384847,
                      "Plan Width": 0,
                      "Actual Startup Time": 43.592,
                      "Actual Total Time": 43.592,
                      "Actual Rows": 371878,
                      "Actual Loops": 1,
                      "Index Cond": "(keyword_id > 45521)"
                    }
                  ]
                }
              ]
            }
          ]
        }
      ]
    },
    "Planning Time": 0.209,
    "Triggers": [],
    "Execution Time": 138.882
  }
]