[
  {
    "Plan": {
      "Node Type": "Aggregate",
      "Strategy": "Plain",
      "Partial Mode": "Finalize",
      "Parallel Aware": false,
      "Startup Cost": 32735.7,
      "Total Cost": 32735.71,
      "Plan Rows": 1,
      "Plan Width": 8,
      "Actual Startup Time": 94.3,
      "Actual Total Time": 102.309,
      "Actual Rows": 1,
      "Actual Loops": 1,
      "Plans": [
        {
          "Node Type": "Gather",
          "Parent Relationship": "Outer",
          "Parallel Aware": false,
          "Startup Cost": 32735.38,
          "Total Cost": 32735.69,
          "Plan Rows": 3,
          "Plan Width": 8,
          "Actual Startup Time": 94.178,
          "Actual Total Time": 102.3,
          "Actual Rows": 4,
          "Actual Loops": 1,
          "Workers Planned": 3,
          "Workers Launched": 3,
          "Single Copy": false,
          "Plans": [
            {
              "Node Type": "Aggregate",
              "Strategy": "Plain",
              "Partial Mode": "Partial",
              "Parent Relationship": "Outer",
              "Parallel Aware": false,
              "Startup Cost": 31735.38,
              "Total Cost": 31735.39,
              "Plan Rows": 1,
              "Plan Width": 8,
              "Actual Startup Time": 86.571,
              "Actual Total Time": 86.573,
              "Actual Rows": 1,
              "Actual Loops": 4,
              "Plans": [
                {
                  "Node Type": "Seq Scan",
                  "Parent Relationship": "Outer",
                  "Parallel Aware": true,
                  "Relation Name": "movie_companies",
                  "Alias": "mc",
                  "Startup Cost": 0.0,
                  "Total Cost": 31414.82,
                  "Plan Rows": 128225,
                  "Plan Width": 0,
                  "Actual Startup Time": 0.042,
                  "Actual Total Time": 76.329,
                  "Actual Rows": 142291,
                  "Actual Loops": 4,
                  "Filter": "((company_id < 1764) AND (company_type_id < 2))",
                  "Rows Removed by Filter": 509992
                }
              ]
            }
          ]
        }
      ]
    },
    "Planning Time": 0.252,
    "Triggers": [],
    "Execution Time": 102.368
  }
]