{
  "Plan": {
    "Node Type": "Aggregate",
    "Strategy": "Plain",
    "Partial Mode": "Finalize",
    "Parallel Aware": false,
    "Startup Cost": 130663.44,
    "Total Cost": 130663.45,
    "Plan Rows": 1,
    "Plan Width": 8,
    "Actual Startup Time": 762.219,
    "Actual Total Time": 775.771,
    "Actual Rows": 1,
    "Actual Loops": 1,
    "Plans": [
      {
        "Node Type": "Gather",
        "Parent Relationship": "Outer",
        "Parallel Aware": false,
        "Startup Cost": 130663.33,
        "Total Cost": 130663.44,
        "Plan Rows": 1,
        "Plan Width": 8,
        "Actual Startup Time": 760.152,
        "Actual Total Time": 775.763,
        "Actual Rows": 2,
        "Actual Loops": 1,
        "Workers Planned": 1,
        "Workers Launched": 1,
        "Single Copy": false,
        "Plans": [
          {
            "Node Type": "Aggregate",
            "Strategy": "Plain",
            "Partial Mode": "Partial",
            "Parent Relationship": "Outer",
            "Parallel Aware": false,
            "Startup Cost": 129663.33,
            "Total Cost": 129663.34,
            "Plan Rows": 1,
            "Plan Width": 8,
            "Actual Startup Time": 751.853,
            "Actual Total Time": 751.857,
            "Actual Rows": 1,
            "Actual Loops": 2,
            "Plans": [
              {
                "Node Type": "Hash Join",
                "Parent Relationship": "Outer",
                "Parallel Aware": true,
                "Join Type": "Inner",
                "Startup Cost": 67178.98,
                "Total Cost": 128173.93,
                "Plan Rows": 595762,
                "Plan Width": 0,
                "Actual Startup Time": 403.915,
                "Actual Total Time": 745.029,
                "Actual Rows": 131380,
                "Actual Loops": 2,
                "Inner Unique": true,
                "Hash Cond": "(mk.movie_id = t.id)",
                "Plans": [
                  {
                    "Node Type": "Seq Scan",
                    "Parent Relationship": "Outer",
                    "Parallel Aware": true,
                    "Relation Name": "movie_keyword",
                    "Alias": "mk",
                    "Startup Cost": 0.0,
                    "Total Cost": 57718.19,
                    "Plan Rows": 1248288,
                    "Plan Width": 4,
                    "Actual Startup Time": 0.577,
                    "Actual Total Time": 208.718,
                    "Actual Rows": 1058676,
                    "Actual Loops": 2,
                    "Filter": "(keyword_id > 5614)",
                    "Rows Removed by Filter": 1203290
                  },
                  {
                    "Node Type": "Hash",
                    "Parent Relationship": "Inner",
                    "Parallel Aware": true,
                    "Startup Cost": 58306.47,
                    "Total Cost": 58306.47,
                    "Plan Rows": 709801,
                    "Plan Width": 4,
                    "Actual Startup Time": 388.731,
                    "Actual Total Time": 388.732,
                    "Actual Rows": 646578,
                    "Actual Loops": 2,
                    "Hash Buckets": 2097152,
                    "Original Hash Buckets": 2097152,
                    "Hash Batches": 1,
                    "Original Hash Batches": 1,
                    "Peak Memory Usage": 66976,
                    "Plans": [
                      {
                        "Node Type": "Seq Scan",
                        "Parent Relationship": "Outer",
                        "Parallel Aware": true,
                        "Relation Name": "title",
                        "Alias": "t",
                        "Startup Cost": 0.0,
                        "Total Cost": 58306.47,
                        "Plan Rows": 709801,
                        "Plan Width": 4,
                        "Actual Startup Time": 0.03,
                        "Actual Total Time": 194.386,
                        "Actual Rows": 646578,
                        "Actual Loops": 2,
                        "Filter": "((production_year > 1977) AND (kind_id = 7))",
                        "Rows Removed by Filter": 617578
                      }
                    ]
                  }
                ]
              }
            ]
          }
        ]
      }
    ]
  },
  "Planning Time": 0.73,
  "Triggers": [],
  "Execution Time": 775.841
}