[
  {
    "Plan": {
      "Node Type": "Aggregate",
      "Strategy": "Plain",
      "Partial Mode": "Finalize",
      "Parallel Aware": false,
      "Startup Cost": 29679.86,
      "Total Cost": 29679.87,
      "Plan Rows": 1,
      "Plan Width": 8,
      "Actual Startup Time": 93.907,
      "Actual Total Time": 100.612,
      "Actual Rows": 1,
      "Actual Loops": 1,
      "Plans": [
        {
          "Node Type": "Gather",
          "Parent Relationship": "Outer",
          "Parallel Aware": false,
          "Startup Cost": 29679.54,
          "Total Cost": 29679.85,
          "Plan Rows": 3,
          "Plan Width": 8,
          "Actual Startup Time": 93.538,
          "Actual Total Time": 100.601,
          "Actual Rows": 4,
          "Actual Loops": 1,
          "Workers Planned": 3,
          "Workers Launched": 3,
          "Single Copy": false,
          "Plans": [
            {
              "Node Type": "Aggregate",
              "Strategy": "Plain",
              "Partial Mode": "Partial",
              "Parent Relationship": "Outer",
              "Parallel Aware": false,
              "Startup Cost": 28679.54,
              "Total Cost": 28679.55,
              "Plan Rows": 1,
              "Plan Width": 8,
              "Actual Startup Time": 86.671,
              "Actual Total Time": 86.672,
              "Actual Rows": 1,
              "Actual Loops": 4,
              "Plans": [
                {
                  "Node Type": "Bitmap Heap Scan",
                  "Parent Relationship": "Outer",
                  "Parallel Aware": true,
                  "Relation Name": "movie_keyword",
                  "Alias": "mk",
                  "Startup Cost": 3441.0,
                  "Total Cost": 28548.78,
                  "Plan Rows": 52303,
                  "Plan Width": 0,
                  "Actual Startup Time": 29.07,
                  "Actual Total Time": 83.541,
                  "Actual Rows": 40952,
                  "Actual Loops": 4,
                  "Recheck Cond": "(keyword_id < 121)",
                  "Rows Removed by Index Recheck": 0,
                  "Exact Heap Blocks": 12414,
                  "Lossy Heap Blocks": 0,
                  "Plans": [
                    {
                      "Node Type": "Bitmap Index Scan",
                      "Parent Relationship": "Outer",
                      "Parallel Aware": false,
                      "Index Name": "keyword_id_movie_keyword",
                      "Startup Cost": 0.0,
                      "Total Cost": 3400.47,
                      "Plan Rows": 162138,
                      "Plan Width": 0,
                      "Actual Startup Time": 29.52,
                      "Actual Total Time": 29.52,
                      "Actual Rows": 163809,
                      "Actual Loops": 1,
                      "Index Cond": "(keyword_id < 121)"
                    }
                  ]
                }
              ]
            }
          ]
        }
      ]
    },
    "Planning Time": 0.171,
    "Triggers": [],
    "Execution Time": 100.686
  }
]