[
  {
    "Plan": {
      "Node Type": "Aggregate",
      "Strategy": "Plain",
      "Partial Mode": "Finalize",
      "Parallel Aware": false,
      "Startup Cost": 29363.41,
      "Total Cost": 29363.42,
      "Plan Rows": 1,
      "Plan Width": 8,
      "Actual Startup Time": 87.982,
      "Actual Total Time": 94.912,
      "Actual Rows": 1,
      "Actual Loops": 1,
      "Plans": [
        {
          "Node Type": "Gather",
          "Parent Relationship": "Outer",
          "Parallel Aware": false,
          "Startup Cost": 29363.09,
          "Total Cost": 29363.4,
          "Plan Rows": 3,
          "Plan Width": 8,
          "Actual Startup Time": 87.726,
          "Actual Total Time": 94.905,
          "Actual Rows": 4,
          "Actual Loops": 1,
          "Workers Planned": 3,
          "Workers Launched": 3,
          "Single Copy": false,
          "Plans": [
            {
              "Node Type": "Aggregate",
              "Strategy": "Plain",
              "Partial Mode": "Partial",
              "Parent Relationship": "Outer",
              "Parallel Aware": false,
              "Startup Cost": 28363.09,
              "Total Cost": 28363.1,
              "Plan Rows": 1,
              "Plan Width": 8,
              "Actual Startup Time": 81.554,
              "Actual Total Time": 81.555,
              "Actual Rows": 1,
              "Actual Loops": 4,
              "Plans": [
                {
                  "Node Type": "Bitmap Heap Scan",
                  "Parent Relationship": "Outer",
                  "Parallel Aware": true,
                  "Relation Name": "movie_keyword",
                  "Alias": "mk",
                  "Startup Cost": 3183.15,
                  "Total Cost": 28242.1,
                  "Plan Rows": 48396,
                  "Plan Width": 0,
                  "Actual Startup Time": 24.613,
                  "Actual Total Time": 78.465,
                  "Actual Rows": 40952,
                  "Actual Loops": 4,
                  "Recheck Cond": "(keyword_id < 121)",
                  "Rows Removed by Index Recheck": 0,
                  "Exact Heap Blocks": 13353,
                  "Lossy Heap Blocks": 0,
                  "Plans": [
                    {
                      "Node Type": "Bitmap Index Scan",
                      "Parent Relationship": "Outer",
                      "Parallel Aware": false,
                      "Index Name": "keyword_id_movie_keyword",
                      "Startup Cost": 0.0,
                      "Total Cost": 3145.64,
                      "Plan Rows": 150028,
                      "Plan Width": 0,
                      "Actual Startup Time": 25.196,
                      "Actual Total Time": 25.196,
                      "Actual Rows": 163809,
                      "Actual Loops": 1,
                      "Index Cond": "(keyword_id < 121)"
                    }
                  ]
                }
              ]
            }
          ]
        }
      ]
    },
    "Planning Time": 0.123,
    "Triggers": [],
    "Execution Time": 94.962
  }
]