{
  "Plan": {
    "Node Type": "Aggregate",
    "Strategy": "Plain",
    "Partial Mode": "Finalize",
    "Parallel Aware": false,
    "Startup Cost": 52531.39,
    "Total Cost": 52531.4,
    "Plan Rows": 1,
    "Plan Width": 8,
    "Actual Startup Time": 51.113,
    "Actual Total Time": 57.743,
    "Actual Rows": 1,
    "Actual Loops": 1,
    "Plans": [
      {
        "Node Type": "Gather",
        "Parent Relationship": "Outer",
        "Parallel Aware": false,
        "Startup Cost": 52531.28,
        "Total Cost": 52531.39,
        "Plan Rows": 1,
        "Plan Width": 8,
        "Actual Startup Time": 51.016,
        "Actual Total Time": 57.738,
        "Actual Rows": 2,
        "Actual Loops": 1,
        "Workers Planned": 1,
        "Workers Launched": 1,
        "Single Copy": false,
        "Plans": [
          {
            "Node Type": "Aggregate",
            "Strategy": "Plain",
            "Partial Mode": "Partial",
            "Parent Relationship": "Outer",
            "Parallel Aware": false,
            "Startup Cost": 51531.28,
            "Total Cost": 51531.29,
            "Plan Rows": 1,
            "Plan Width": 8,
            "Actual Startup Time": 45.3,
            "Actual Total Time": 45.301,
            "Actual Rows": 1,
            "Actual Loops": 2,
            "Plans": [
              {
                "Node Type": "Nested Loop",
                "Parent Relationship": "Outer",
                "Parallel Aware": false,
                "Join Type": "Inner",
                "Startup Cost": 183.47,
                "Total Cost": 51518.64,
                "Plan Rows": 5056,
                "Plan Width": 0,
                "Actual Startup Time": 3.986,
                "Actual Total Time": 44.806,
                "Actual Rows": 3776,
                "Actual Loops": 2,
                "Inner Unique": true,
                "Plans": [
                  {
                    "Node Type": "Bitmap Heap Scan",
                    "Parent Relationship": "Outer",
                    "Parallel Aware": true,
                    "Relation Name": "movie_keyword",
                    "Alias": "mk",
                    "Startup Cost": 183.04,
                    "Total Cost": 17497.69,
                    "Plan Rows": 5056,
                    "Plan Width": 4,
                    "Actual Startup Time": 3.829,
                    "Actual Total Time": 15.326,
                    "Actual Rows": 3776,
                    "Actual Loops": 2,
                    "Recheck Cond": "(keyword_id = 910)",
                    "Rows Removed by Index Recheck": 0,
                    "Exact Heap Blocks": 4732,
                    "Lossy Heap Blocks": 0,
                    "Plans": [
                      {
                        "Node Type": "Bitmap Index Scan",
                        "Parent Relationship": "Outer",
                        "Parallel Aware": false,
                        "Index Name": "keyword_id_movie_keyword",
                        "Startup Cost": 0.0,
                        "Total Cost": 180.89,
                        "Plan Rows": 8595,
                        "Plan Width": 0,
                        "Actual Startup Time": 4.514,
                        "Actual Total Time": 4.515,
                        "Actual Rows": 7552,
                        "Actual Loops": 1,
                        "Index Cond": "(keyword_id = 910)"
                      }
                    ]
                  },
                  {
                    "Node Type": "Index Only Scan",
                    "Parent Relationship": "Inner",
                    "Parallel Aware": false,
                    "Scan Direction": "Forward",
                    "Index Name": "title_pkey",
                    "Relation Name": "title",
                    "Alias": "t",
                    "Startup Cost": 0.43,
                    "Total Cost": 6.73,
                    "Plan Rows": 1,
                    "Plan Width": 4,
                    "Actual Startup Time": 0.007,
                    "Actual Total Time": 0.007,
                    "Actual Rows": 1,
                    "Actual Loops": 7552,
                    "Index Cond": "(id = mk.movie_id)",
                    "Rows Removed by Index Recheck": 0,
                    "Heap Fetches": 7552
                  }
                ]
              }
            ]
          }
        ]
      }
    ]
  },
  "Planning Time": 0.533,
  "Triggers": [],
  "Execution Time": 57.819
}