[
  {
    "Plan": {
      "Node Type": "Aggregate",
      "Strategy": "Plain",
      "Partial Mode": "Finalize",
      "Parallel Aware": false,
      "Startup Cost": 60749.27,
      "Total Cost": 60749.28,
      "Plan Rows": 1,
      "Plan Width": 8,
      "Actual Startup Time": 171.433,
      "Actual Total Time": 183.837,
      "Actual Rows": 1,
      "Actual Loops": 1,
      "Plans": [
        {
          "Node Type": "Gather",
          "Parent Relationship": "Outer",
          "Parallel Aware": false,
          "Startup Cost": 60749.05,
          "Total Cost": 60749.26,
          "Plan Rows": 2,
          "Plan Width": 8,
          "Actual Startup Time": 171.036,
          "Actual Total Time": 183.831,
          "Actual Rows": 3,
          "Actual Loops": 1,
          "Workers Planned": 2,
          "Workers Launched": 2,
          "Single Copy": false,
          "Plans": [
            {
              "Node Type": "Aggregate",
              "Strategy": "Plain",
              "Partial Mode": "Partial",
              "Parent Relationship": "Outer",
              "Parallel Aware": false,
              "Startup Cost": 59749.05,
              "Total Cost": 59749.06,
              "Plan Rows": 1,
              "Plan Width": 8,
              "Actual Startup Time": 166.042,
              "Actual Total Time": 166.045,
              "Actual Rows": 1,
              "Actual Loops": 3,
              "Plans": [
                {
                  "Node Type": "Hash Join",
                  "Parent Relationship": "Outer",
                  "Parallel Aware": true,
                  "Join Type": "Inner",
                  "Startup Cost": 44115.3,
                  "Total Cost": 59736.09,
                  "Plan Rows": 5187,
                  "Plan Width": 0,
                  "Actual Startup Time": 131.044,
                  "Actual Total Time": 165.927,
                  "Actual Rows": 1597,
                  "Actual Loops": 3,
                  "Inner Unique": true,
                  "Hash Cond": "(mi_idx.movie_id = t.id)",
                  "Plans": [
                    {
                      "Node Type": "Seq Scan",
                      "Parent Relationship": "Outer",
                      "Parallel Aware": true,
                      "Relation Name": "movie_info_idx",
                      "Alias": "mi_idx",
                      "Startup Cost": 0.0,
                      "Total Cost": 15122.68,
                      "Plan Rows": 189755,
                      "Plan Width": 4,
                      "Actual Startup Time": 0.013,
                      "Actual Total Time": 38.62,
                      "Actual Rows": 153308,
                      "Actual Loops": 3,
                      "Filter": "(info_type_id < 100)",
                      "Rows Removed by Filter": 306703
                    },
                    {
                      "Node Type": "Hash",
                      "Parent Relationship": "Inner",
                      "Parallel Aware": true,
                      "Startup Cost": 43899.32,
                      "Total Cost": 43899.32,
                      "Plan Rows": 17278,
                      "Plan Width": 4,
                      "Actual Startup Time": 106.606,
                      "Actual Total Time": 106.607,
                      "Actual Rows": 24451,
                      "Actual Loops": 3,
                      "Hash Buckets": 131072,
                      "Original Hash Buckets": 131072,
                      "Hash Batches": 1,
                      "Original Hash Batches": 1,
                      "Peak Memory Usage": 3936,
                      "Plans": [
                        {
                          "Node Type": "Seq Scan",
                          "Parent Relationship": "Outer",
                          "Parallel Aware": true,
                          "Relation Name": "title",
                          "Alias": "t",
                          "Startup Cost": 0.0,
                          "Total Cost": 43899.32,
                          "Plan Rows": 17278,
                          "Plan Width": 4,
                          "Actual Startup Time": 52.759,
                          "Actual Total Time": 98.521,
                          "Actual Rows": 24451,
                          "Actual Loops": 3,
                          "Filter": "(production_year < 1917)",
                          "Rows Removed by Filter": 818320
                        }
                      ]
                    }
                  ]
                }
              ]
            }
          ]
        }
      ]
    },
    "Planning Time": 0.409,
    "Triggers": [],
    "Execution Time": 183.875
  }
]