{
  "Plan": {
    "Node Type": "Aggregate",
    "Strategy": "Plain",
    "Partial Mode": "Finalize",
    "Parallel Aware": false,
    "Startup Cost": 105698.92,
    "Total Cost": 105698.93,
    "Plan Rows": 1,
    "Plan Width": 8,
    "Actual Startup Time": 598.779,
    "Actual Total Time": 614.583,
    "Actual Rows": 1,
    "Actual Loops": 1,
    "Plans": [
      {
        "Node Type": "Gather",
        "Parent Relationship": "Outer",
        "Parallel Aware": false,
        "Startup Cost": 105698.81,
        "Total Cost": 105698.92,
        "Plan Rows": 1,
        "Plan Width": 8,
        "Actual Startup Time": 597.516,
        "Actual Total Time": 614.575,
        "Actual Rows": 2,
        "Actual Loops": 1,
        "Workers Planned": 1,
        "Workers Launched": 1,
        "Single Copy": false,
        "Plans": [
          {
            "Node Type": "Aggregate",
            "Strategy": "Plain",
            "Partial Mode": "Partial",
            "Parent Relationship": "Outer",
            "Parallel Aware": false,
            "Startup Cost": 104698.81,
            "Total Cost": 104698.82,
            "Plan Rows": 1,
            "Plan Width": 8,
            "Actual Startup Time": 591.816,
            "Actual Total Time": 591.819,
            "Actual Rows": 1,
            "Actual Loops": 2,
            "Plans": [
              {
                "Node Type": "Hash Join",
                "Parent Relationship": "Outer",
                "Parallel Aware": true,
                "Join Type": "Inner",
                "Startup Cost": 62238.92,
                "Total Cost": 103946.76,
                "Plan Rows": 300822,
                "Plan Width": 0,
                "Actual Startup Time": 252.32,
                "Actual Total Time": 583.417,
                "Actual Rows": 160185,
                "Actual Loops": 2,
                "Inner Unique": true,
                "Hash Cond": "(mc.movie_id = t.id)",
                "Plans": [
                  {
                    "Node Type": "Seq Scan",
                    "Parent Relationship": "Outer",
                    "Parallel Aware": true,
                    "Relation Name": "movie_companies",
                    "Alias": "mc",
                    "Startup Cost": 0.0,
                    "Total Cost": 37974.77,
                    "Plan Rows": 1422116,
                    "Plan Width": 4,
                    "Actual Startup Time": 0.015,
                    "Actual Total Time": 148.39,
                    "Actual Rows": 1211419,
                    "Actual Loops": 2,
                    "Filter": "(company_id < 118060)",
                    "Rows Removed by Filter": 93146
                  },
                  {
                    "Node Type": "Hash",
                    "Parent Relationship": "Inner",
                    "Parallel Aware": true,
                    "Startup Cost": 58306.47,
                    "Total Cost": 58306.47,
                    "Plan Rows": 314596,
                    "Plan Width": 4,
                    "Actual Startup Time": 242.765,
                    "Actual Total Time": 242.766,
                    "Actual Rows": 214124,
                    "Actual Loops": 2,
                    "Hash Buckets": 1048576,
                    "Original Hash Buckets": 1048576,
                    "Hash Batches": 1,
                    "Original Hash Batches": 1,
                    "Peak Memory Usage": 24960,
                    "Plans": [
                      {
                        "Node Type": "Seq Scan",
                        "Parent Relationship": "Outer",
                        "Parallel Aware": true,
                        "Relation Name": "title",
                        "Alias": "t",
                        "Startup Cost": 0.0,
                        "Total Cost": 58306.47,
                        "Plan Rows": 314596,
                        "Plan Width": 4,
                        "Actual Startup Time": 0.04,
                        "Actual Total Time": 174.168,
                        "Actual Rows": 214124,
                        "Actual Loops": 2,
                        "Filter": "((production_year < 1997) AND (kind_id = 7))",
                        "Rows Removed by Filter": 1050032
                      }
                    ]
                  }
                ]
              }
            ]
          }
        ]
      }
    ]
  },
  "Planning Time": 0.468,
  "Triggers": [],
  "Execution Time": 614.656
}