[
  {
    "Plan": {
      "Node Type": "Aggregate",
      "Strategy": "Plain",
      "Partial Mode": "Finalize",
      "Parallel Aware": false,
      "Startup Cost": 39882.83,
      "Total Cost": 39882.84,
      "Plan Rows": 1,
      "Plan Width": 8,
      "Actual Startup Time": 158.137,
      "Actual Total Time": 168.606,
      "Actual Rows": 1,
      "Actual Loops": 1,
      "Plans": [
        {
          "Node Type": "Gather",
          "Parent Relationship": "Outer",
          "Parallel Aware": false,
          "Startup Cost": 39882.51,
          "Total Cost": 39882.82,
          "Plan Rows": 3,
          "Plan Width": 8,
          "Actual Startup Time": 156.722,
          "Actual Total Time": 168.593,
          "Actual Rows": 4,
          "Actual Loops": 1,
          "Workers Planned": 3,
          "Workers Launched": 3,
          "Single Copy": false,
          "Plans": [
            {
              "Node Type": "Aggregate",
              "Strategy": "Plain",
              "Partial Mode": "Partial",
              "Parent Relationship": "Outer",
              "Parallel Aware": false,
              "Startup Cost": 38882.51,
              "Total Cost": 38882.52,
              "Plan Rows": 1,
              "Plan Width": 8,
              "Actual Startup Time": 150.045,
              "Actual Total Time": 150.047,
              "Actual Rows": 1,
              "Actual Loops": 4,
              "Plans": [
                {
                  "Node Type": "Bitmap Heap Scan",
                  "Parent Relationship": "Outer",
                  "Parallel Aware": true,
                  "Relation Name": "movie_keyword",
                  "Alias": "mk",
                  "Startup Cost": 11748.66,
                  "Total Cost": 38435.87,
                  "Plan Rows": 178657,
                  "Plan Width": 0,
                  "Actual Startup Time": 60.72,
                  "Actual Total Time": 141.179,
                  "Actual Rows": 135310,
                  "Actual Loops": 4,
                  "Recheck Cond": "(keyword_id > 33916)",
                  "Rows Removed by Index Recheck": 0,
                  "Exact Heap Blocks": 7842,
                  "Lossy Heap Blocks": 0,
                  "Plans": [
                    {
                      "Node Type": "Bitmap Index Scan",
                      "Parent Relationship": "Outer",
                      "Parallel Aware": false,
                      "Index Name": "keyword_id_movie_keyword",
                      "Startup Cost": 0.0,
                      "Total Cost": 11610.2,
                      "Plan Rows": 553836,
                      "Plan Width": 0,
                      "Actual Startup Time": 61.195,
                      "Actual Total Time": 61.195,
                      "Actual Rows": 541238,
                      "Actual Loops": 1,
                      "Index Cond": "(keyword_id > 33916)"
                    }
                  ]
                }
              ]
            }
          ]
        }
      ]
    },
    "Planning Time": 0.186,
    "Triggers": [],
    "Execution Time": 168.685
  }
]