[
    {
        "Bao": {
            "Bao prediction": "NaN",
            "Bao recommended hint": "(no hint)"
        }
    },
    {
        "Plan": {
            "Node Type": "Aggregate",
            "Strategy": "Plain",
            "Partial Mode": "Finalize",
            "Parallel Aware": false,
            "Startup Cost": 269683.16,
            "Total Cost": 269683.17,
            "Plan Rows": 1,
            "Plan Width": 8,
            "Actual Startup Time": 73.531,
            "Actual Total Time": 78.165,
            "Actual Rows": 1,
            "Actual Loops": 1,
            "Output": [
                "count(*)"
            ],
            "Plans": [
                {
                    "Node Type": "Gather",
                    "Parent Relationship": "Outer",
                    "Parallel Aware": false,
                    "Startup Cost": 269682.64,
                    "Total Cost": 269683.15,
                    "Plan Rows": 5,
                    "Plan Width": 8,
                    "Actual Startup Time": 73.198,
                    "Actual Total Time": 78.155,
                    "Actual Rows": 6,
                    "Actual Loops": 1,
                    "Output": [
                        "(PARTIAL count(*))"
                    ],
                    "Workers Planned": 5,
                    "Workers Launched": 5,
                    "Single Copy": false,
                    "Plans": [
                        {
                            "Node Type": "Aggregate",
                            "Strategy": "Plain",
                            "Partial Mode": "Partial",
                            "Parent Relationship": "Outer",
                            "Parallel Aware": false,
                            "Startup Cost": 268682.64,
                            "Total Cost": 268682.65,
                            "Plan Rows": 1,
                            "Plan Width": 8,
                            "Actual Startup Time": 62.23,
                            "Actual Total Time": 62.231,
                            "Actual Rows": 1,
                            "Actual Loops": 6,
                            "Output": [
                                "PARTIAL count(*)"
                            ],
                            "Workers": [
                                {
                                    "Worker Number": 0,
                                    "Actual Startup Time": 59.608,
                                    "Actual Total Time": 59.609,
                                    "Actual Rows": 1,
                                    "Actual Loops": 1
                                },
                                {
                                    "Worker Number": 1,
                                    "Actual Startup Time": 60.018,
                                    "Actual Total Time": 60.02,
                                    "Actual Rows": 1,
                                    "Actual Loops": 1
                                },
                                {
                                    "Worker Number": 2,
                                    "Actual Startup Time": 60.019,
                                    "Actual Total Time": 60.021,
                                    "Actual Rows": 1,
                                    "Actual Loops": 1
                                },
                                {
                                    "Worker Number": 3,
                                    "Actual Startup Time": 60.092,
                                    "Actual Total Time": 60.094,
                                    "Actual Rows": 1,
                                    "Actual Loops": 1
                                },
                                {
                                    "Worker Number": 4,
                                    "Actual Startup Time": 61.016,
                                    "Actual Total Time": 61.017,
                                    "Actual Rows": 1,
                                    "Actual Loops": 1
                                }
                            ],
                            "Plans": [
                                {
                                    "Node Type": "Bitmap Heap Scan",
                                    "Parent Relationship": "Outer",
                                    "Parallel Aware": true,
                                    "Relation Name": "cast_info",
                                    "Schema": "public",
                                    "Alias": "ci",
                                    "Startup Cost": 10379.0,
                                    "Total Cost": 268447.64,
                                    "Plan Rows": 93998,
                                    "Plan Width": 0,
                                    "Actual Startup Time": 17.707,
                                    "Actual Total Time": 54.907,
                                    "Actual Rows": 82516,
                                    "Actual Loops": 6,
                                    "Recheck Cond": "(ci.person_id > 3967622)",
                                    "Rows Removed by Index Recheck": 0,
                                    "Exact Heap Blocks": 2204,
                                    "Lossy Heap Blocks": 0,
                                    "Workers": [
                                        {
                                            "Worker Number": 0,
                                            "Actual Startup Time": 14.923,
                                            "Actual Total Time": 52.944,
                                            "Actual Rows": 66527,
                                            "Actual Loops": 1
                                        },
                                        {
                                            "Worker Number": 1,
                                            "Actual Startup Time": 15.781,
                                            "Actual Total Time": 53.299,
                                            "Actual Rows": 65417,
                                            "Actual Loops": 1
                                        },
                                        {
                                            "Worker Number": 2,
                                            "Actual Startup Time": 16.005,
                                            "Actual Total Time": 53.234,
                                            "Actual Rows": 65388,
                                            "Actual Loops": 1
                                        },
                                        {
                                            "Worker Number": 3,
                                            "Actual Startup Time": 15.648,
                                            "Actual Total Time": 53.349,
                                            "Actual Rows": 71285,
                                            "Actual Loops": 1
                                        },
                                        {
                                            "Worker Number": 4,
                                            "Actual Startup Time": 16.364,
                                            "Actual Total Time": 54.318,
                                            "Actual Rows": 70613,
                                            "Actual Loops": 1
                                        }
                                    ],
                                    "Plans": [
                                        {
                                            "Node Type": "Bitmap Index Scan",
                                            "Parent Relationship": "Outer",
                                            "Parallel Aware": false,
                                            "Index Name": "person_id_cast_info",
                                            "Startup Cost": 0.0,
                                            "Total Cost": 10261.51,
                                            "Plan Rows": 469992,
                                            "Plan Width": 0,
                                            "Actual Startup Time": 25.954,
                                            "Actual Total Time": 25.954,
                                            "Actual Rows": 495096,
                                            "Actual Loops": 1,
                                            "Index Cond": "(ci.person_id > 3967622)"
                                        }
                                    ]
                                }
                            ]
                        }
                    ]
                }
            ]
        },
        "Planning Time": 280.909,
        "Triggers": [],
        "Execution Time": 78.289
    }
]