[
  {
    "Plan": {
      "Node Type": "Aggregate",
      "Strategy": "Plain",
      "Partial Mode": "Finalize",
      "Parallel Aware": false,
      "Startup Cost": 340116.27,
      "Total Cost": 340116.28,
      "Plan Rows": 1,
      "Plan Width": 8,
      "Actual Startup Time": 806.468,
      "Actual Total Time": 867.915,
      "Actual Rows": 1,
      "Actual Loops": 1,
      "Plans": [
        {
          "Node Type": "Gather",
          "Parent Relationship": "Outer",
          "Parallel Aware": false,
          "Startup Cost": 340115.65,
          "Total Cost": 340116.26,
          "Plan Rows": 6,
          "Plan Width": 8,
          "Actual Startup Time": 806.119,
          "Actual Total Time": 867.899,
          "Actual Rows": 7,
          "Actual Loops": 1,
          "Workers Planned": 6,
          "Workers Launched": 6,
          "Single Copy": false,
          "Plans": [
            {
              "Node Type": "Aggregate",
              "Strategy": "Plain",
              "Partial Mode": "Partial",
              "Parent Relationship": "Outer",
              "Parallel Aware": false,
              "Startup Cost": 339115.65,
              "Total Cost": 339115.66,
              "Plan Rows": 1,
              "Plan Width": 8,
              "Actual Startup Time": 795.576,
              "Actual Total Time": 795.578,
              "Actual Rows": 1,
              "Actual Loops": 7,
              "Plans": [
                {
                  "Node Type": "Seq Scan",
                  "Parent Relationship": "Outer",
                  "Parallel Aware": true,
                  "Relation Name": "cast_info",
                  "Alias": "ci",
                  "Startup Cost": 0.0,
                  "Total Cost": 328211.39,
                  "Plan Rows": 4361702,
                  "Plan Width": 0,
                  "Actual Startup Time": 0.068,
                  "Actual Total Time": 632.743,
                  "Actual Rows": 3754940,
                  "Actual Loops": 7,
                  "Filter": "(person_id < 2718379)",
                  "Rows Removed by Filter": 1422824
                }
              ]
            }
          ]
        }
      ]
    },
    "Planning Time": 0.213,
    "Triggers": [],
    "Execution Time": 867.99
  }
]