[
  {
    "Plan": {
      "Node Type": "Aggregate",
      "Strategy": "Plain",
      "Partial Mode": "Finalize",
      "Parallel Aware": false,
      "Startup Cost": 407130.92,
      "Total Cost": 407130.93,
      "Plan Rows": 1,
      "Plan Width": 8,
      "Actual Startup Time": 1823.706,
      "Actual Total Time": 1884.071,
      "Actual Rows": 1,
      "Actual Loops": 1,
      "Plans": [
        {
          "Node Type": "Gather",
          "Parent Relationship": "Outer",
          "Parallel Aware": false,
          "Startup Cost": 407130.29,
          "Total Cost": 407130.9,
          "Plan Rows": 6,
          "Plan Width": 8,
          "Actual Startup Time": 1811.743,
          "Actual Total Time": 1884.056,
          "Actual Rows": 7,
          "Actual Loops": 1,
          "Workers Planned": 6,
          "Workers Launched": 6,
          "Single Copy": false,
          "Plans": [
            {
              "Node Type": "Aggregate",
              "Strategy": "Plain",
              "Partial Mode": "Partial",
              "Parent Relationship": "Outer",
              "Parallel Aware": false,
              "Startup Cost": 406130.29,
              "Total Cost": 406130.3,
              "Plan Rows": 1,
              "Plan Width": 8,
              "Actual Startup Time": 1796.33,
              "Actual Total Time": 1796.333,
              "Actual Rows": 1,
              "Actual Loops": 7,
              "Plans": [
                {
                  "Node Type": "Hash Join",
                  "Parent Relationship": "Outer",
                  "Parallel Aware": true,
                  "Join Type": "Inner",
                  "Startup Cost": 49117.57,
                  "Total Cost": 401936.57,
                  "Plan Rows": 1677490,
                  "Plan Width": 0,
                  "Actual Startup Time": 267.767,
                  "Actual Total Time": 1732.733,
                  "Actual Rows": 1532391,
                  "Actual Loops": 7,
                  "Inner Unique": true,
                  "Hash Cond": "(ci.movie_id = t.id)",
                  "Plans": [
                    {
                      "Node Type": "Seq Scan",
                      "Parent Relationship": "Outer",
                      "Parallel Aware": true,
                      "Relation Name": "cast_info",
                      "Alias": "ci",
                      "Startup Cost": 0.0,
                      "Total Cost": 343257.03,
                      "Plan Rows": 3642649,
                      "Plan Width": 4,
                      "Actual Startup Time": 98.171,
                      "Actual Total Time": 673.503,
                      "Actual Rows": 2979469,
                      "Actual Loops": 7,
                      "Filter": "((person_id > 870309) AND (role_id < 8))",
                      "Rows Removed by Filter": 2198295
                    },
                    {
                      "Node Type": "Hash",
                      "Parent Relationship": "Inner",
                      "Parallel Aware": true,
                      "Startup Cost": 45479.1,
                      "Total Cost": 45479.1,
                      "Plan Rows": 291078,
                      "Plan Width": 4,
                      "Actual Startup Time": 164.536,
                      "Actual Total Time": 164.537,
                      "Actual Rows": 178991,
                      "Actual Loops": 7,
                      "Hash Buckets": 2097152,
                      "Original Hash Buckets": 2097152,
                      "Hash Batches": 1,
                      "Original Hash Batches": 1,
                      "Peak Memory Usage": 65536,
                      "Plans": [
                        {
                          "Node Type": "Seq Scan",
                          "Parent Relationship": "Outer",
                          "Parallel Aware": true,
                          "Relation Name": "title",
                          "Alias": "t",
                          "Startup Cost": 0.0,
                          "Total Cost": 45479.1,
                          "Plan Rows": 291078,
                          "Plan Width": 4,
                          "Actual Startup Time": 0.039,
                          "Actual Total Time": 77.684,
                          "Actual Rows": 178991,
                          "Actual Loops": 7,
                          "Filter": "((production_year > 1982) AND (kind_id = 7))",
                          "Rows Removed by Filter": 182197
                        }
                      ]
                    }
                  ]
                }
              ]
            }
          ]
        }
      ]
    },
    "Planning Time": 0.636,
    "Triggers": [],
    "Execution Time": 1884.162
  }
]