{
  "Plan": {
    "Node Type": "Aggregate",
    "Strategy": "Plain",
    "Partial Mode": "Finalize",
    "Parallel Aware": false,
    "Startup Cost": 129077.81,
    "Total Cost": 129077.82,
    "Plan Rows": 1,
    "Plan Width": 8,
    "Actual Startup Time": 573.803,
    "Actual Total Time": 590.381,
    "Actual Rows": 1,
    "Actual Loops": 1,
    "Plans": [
      {
        "Node Type": "Gather",
        "Parent Relationship": "Outer",
        "Parallel Aware": false,
        "Startup Cost": 129077.7,
        "Total Cost": 129077.81,
        "Plan Rows": 1,
        "Plan Width": 8,
        "Actual Startup Time": 571.227,
        "Actual Total Time": 590.373,
        "Actual Rows": 2,
        "Actual Loops": 1,
        "Workers Planned": 1,
        "Workers Launched": 1,
        "Single Copy": false,
        "Plans": [
          {
            "Node Type": "Aggregate",
            "Strategy": "Plain",
            "Partial Mode": "Partial",
            "Parent Relationship": "Outer",
            "Parallel Aware": false,
            "Startup Cost": 128077.7,
            "Total Cost": 128077.71,
            "Plan Rows": 1,
            "Plan Width": 8,
            "Actual Startup Time": 563.754,
            "Actual Total Time": 564.054,
            "Actual Rows": 1,
            "Actual Loops": 2,
            "Plans": [
              {
                "Node Type": "Hash Join",
                "Parent Relationship": "Outer",
                "Parallel Aware": true,
                "Join Type": "Inner",
                "Startup Cost": 107587.64,
                "Total Cost": 127968.42,
                "Plan Rows": 43712,
                "Plan Width": 0,
                "Actual Startup Time": 463.626,
                "Actual Total Time": 557.245,
                "Actual Rows": 167000,
                "Actual Loops": 2,
                "Inner Unique": false,
                "Hash Cond": "(mi_idx.movie_id = t.id)",
                "Plans": [
                  {
                    "Node Type": "Seq Scan",
                    "Parent Relationship": "Outer",
                    "Parallel Aware": true,
                    "Relation Name": "movie_info_idx",
                    "Alias": "mi_idx",
                    "Startup Cost": 0.0,
                    "Total Cost": 18082.32,
                    "Plan Rows": 544356,
                    "Plan Width": 4,
                    "Actual Startup Time": 0.022,
                    "Actual Total Time": 56.598,
                    "Actual Rows": 460055,
                    "Actual Loops": 2,
                    "Filter": "(info_type_id > 99)",
                    "Rows Removed by Filter": 229962
                  },
                  {
                    "Node Type": "Hash",
                    "Parent Relationship": "Inner",
                    "Parallel Aware": true,
                    "Startup Cost": 106094.81,
                    "Total Cost": 106094.81,
                    "Plan Rows": 119426,
                    "Plan Width": 8,
                    "Actual Startup Time": 441.973,
                    "Actual Total Time": 442.271,
                    "Actual Rows": 132084,
                    "Actual Loops": 2,
                    "Hash Buckets": 524288,
                    "Original Hash Buckets": 262144,
                    "Hash Batches": 1,
                    "Original Hash Batches": 1,
                    "Peak Memory Usage": 16512,
                    "Plans": [
                      {
                        "Node Type": "Hash Join",
                        "Parent Relationship": "Outer",
                        "Parallel Aware": true,
                        "Join Type": "Inner",
                        "Startup Cost": 63369.77,
                        "Total Cost": 106094.81,
                        "Plan Rows": 119426,
                        "Plan Width": 8,
                        "Actual Startup Time": 250.055,
                        "Actual Total Time": 408.236,
                        "Actual Rows": 132084,
                        "Actual Loops": 2,
                        "Inner Unique": true,
                        "Hash Cond": "(mc.movie_id = t.id)",
                        "Plans": [
                          {
                            "Node Type": "Index Scan",
                            "Parent Relationship": "Outer",
                            "Parallel Aware": true,
                            "Scan Direction": "Forward",
                            "Index Name": "company_type_id_movie_companies",
                            "Relation Name": "movie_companies",
                            "Alias": "mc",
                            "Startup Cost": 0.43,
                            "Total Cost": 41574.35,
                            "Plan Rows": 438520,
                            "Plan Width": 4,
                            "Actual Startup Time": 14.097,
                            "Actual Total Time": 105.748,
                            "Actual Rows": 263166,
                            "Actual Loops": 2,
                            "Index Cond": "(company_type_id < 2)",
                            "Rows Removed by Index Recheck": 0,
                            "Filter": "(company_id > 7323)",
                            "Rows Removed by Filter": 373958
                          },
                          {
                            "Node Type": "Hash",
                            "Parent Relationship": "Inner",
                            "Parallel Aware": true,
                            "Startup Cost": 58306.47,
                            "Total Cost": 58306.47,
                            "Plan Rows": 405030,
                            "Plan Width": 4,
                            "Actual Startup Time": 228.866,
                            "Actual Total Time": 228.867,
                            "Actual Rows": 292880,
                            "Actual Loops": 2,
                            "Hash Buckets": 1048576,
                            "Original Hash Buckets": 1048576,
                            "Hash Batches": 1,
                            "Original Hash Batches": 1,
                            "Peak Memory Usage": 31136,
                            "Plans": [
                              {
                                "Node Type": "Seq Scan",
                                "Parent Relationship": "Outer",
                                "Parallel Aware": true,
                                "Relation Name": "title",
                                "Alias": "t",
                                "Startup Cost": 0.0,
                                "Total Cost": 58306.47,
                                "Plan Rows": 405030,
                                "Plan Width": 4,
                                "Actual Startup Time": 0.029,
                                "Actual Total Time": 153.883,
                                "Actual Rows": 292880,
                                "Actual Loops": 2,
                                "Filter": "((kind_id < 7) AND (production_year > 1990))",
                                "Rows Removed by Filter": 971276
                              }
                            ]
                          }
                        ]
                      }
                    ]
                  }
                ]
              }
            ]
          }
        ]
      }
    ]
  },
  "Planning Time": 0.953,
  "Triggers": [],
  "Execution Time": 590.463
}