[
  {
    "Plan": {
      "Node Type": "Aggregate",
      "Strategy": "Plain",
      "Partial Mode": "Finalize",
      "Parallel Aware": false,
      "Startup Cost": 342090.65,
      "Total Cost": 342090.66,
      "Plan Rows": 1,
      "Plan Width": 8,
      "Actual Startup Time": 729.332,
      "Actual Total Time": 750.851,
      "Actual Rows": 1,
      "Actual Loops": 1,
      "Plans": [
        {
          "Node Type": "Gather",
          "Parent Relationship": "Outer",
          "Parallel Aware": false,
          "Startup Cost": 342090.03,
          "Total Cost": 342090.64,
          "Plan Rows": 6,
          "Plan Width": 8,
          "Actual Startup Time": 729.237,
          "Actual Total Time": 750.844,
          "Actual Rows": 7,
          "Actual Loops": 1,
          "Workers Planned": 6,
          "Workers Launched": 6,
          "Single Copy": false,
          "Plans": [
            {
              "Node Type": "Aggregate",
              "Strategy": "Plain",
              "Partial Mode": "Partial",
              "Parent Relationship": "Outer",
              "Parallel Aware": false,
              "Startup Cost": 341090.03,
              "Total Cost": 341090.04,
              "Plan Rows": 1,
              "Plan Width": 8,
              "Actual Startup Time": 722.39,
              "Actual Total Time": 722.391,
              "Actual Rows": 1,
              "Actual Loops": 7,
              "Plans": [
                {
                  "Node Type": "Seq Scan",
                  "Parent Relationship": "Outer",
                  "Parallel Aware": true,
                  "Relation Name": "cast_info",
                  "Alias": "ci",
                  "Startup Cost": 0.0,
                  "Total Cost": 328213.62,
                  "Plan Rows": 5150564,
                  "Plan Width": 0,
                  "Actual Startup Time": 0.043,
                  "Actual Total Time": 540.62,
                  "Actual Rows": 4419193,
                  "Actual Loops": 7,
                  "Filter": "(person_id < 3129806)",
                  "Rows Removed by Filter": 758570
                }
              ]
            }
          ]
        }
      ]
    },
    "Planning Time": 0.07,
    "Triggers": [],
    "Execution Time": 750.878
  }
]