{
  "Plan": {
    "Node Type": "Aggregate",
    "Strategy": "Plain",
    "Partial Mode": "Simple",
    "Parallel Aware": false,
    "Startup Cost": 83665.74,
    "Total Cost": 83665.75,
    "Plan Rows": 1,
    "Plan Width": 64,
    "Actual Startup Time": 2953.34,
    "Actual Total Time": 2981.831,
    "Actual Rows": 1,
    "Actual Loops": 1,
    "Plans": [
      {
        "Node Type": "Gather",
        "Parent Relationship": "Outer",
        "Parallel Aware": false,
        "Startup Cost": 38843.12,
        "Total Cost": 83665.73,
        "Plan Rows": 3,
        "Plan Width": 23,
        "Actual Startup Time": 2298.549,
        "Actual Total Time": 2980.95,
        "Actual Rows": 5320,
        "Actual Loops": 1,
        "Workers Planned": 4,
        "Workers Launched": 4,
        "Single Copy": false,
        "Plans": [
          {
            "Node Type": "Hash Join",
            "Parent Relationship": "Outer",
            "Parallel Aware": false,
            "Join Type": "Inner",
            "Startup Cost": 37843.12,
            "Total Cost": 82665.43,
            "Plan Rows": 1,
            "Plan Width": 23,
            "Actual Startup Time": 2289.175,
            "Actual Total Time": 2423.629,
            "Actual Rows": 1064,
            "Actual Loops": 5,
            "Inner Unique": false,
            "Hash Cond": "(t.id = mi_idx.movie_id)",
            "Plans": [
              {
                "Node Type": "Seq Scan",
                "Parent Relationship": "Outer",
                "Parallel Aware": true,
                "Relation Name": "title",
                "Alias": "t",
                "Startup Cost": 0.0,
                "Total Cost": 43898.97,
                "Plan Rows": 246218,
                "Plan Width": 21,
                "Actual Startup Time": 0.07,
                "Actual Total Time": 110.208,
                "Actual Rows": 194238,
                "Actual Loops": 5,
                "Filter": "(production_year < 1999)",
                "Rows Removed by Filter": 311425
              },
              {
                "Node Type": "Hash",
                "Parent Relationship": "Inner",
                "Parallel Aware": false,
                "Startup Cost": 37843.04,
                "Total Cost": 37843.04,
                "Plan Rows": 7,
                "Plan Width": 14,
                "Actual Startup Time": 2287.604,
                "Actual Total Time": 2287.613,
                "Actual Rows": 8092,
                "Actual Loops": 5,
                "Hash Buckets": 8192,
                "Original Hash Buckets": 1024,
                "Hash Batches": 1,
                "Original Hash Batches": 1,
                "Peak Memory Usage": 412,
                "Plans": [
                  {
                    "Node Type": "Hash Join",
                    "Parent Relationship": "Outer",
                    "Parallel Aware": false,
                    "Join Type": "Inner",
                    "Startup Cost": 8833.02,
                    "Total Cost": 37843.04,
                    "Plan Rows": 7,
                    "Plan Width": 14,
                    "Actual Startup Time": 60.075,
                    "Actual Total Time": 2284.407,
                    "Actual Rows": 8092,
                    "Actual Loops": 5,
                    "Inner Unique": true,
                    "Hash Cond": "(mk.keyword_id = k.id)",
                    "Plans": [
                      {
                        "Node Type": "Nested Loop",
                        "Parent Relationship": "Outer",
                        "Parallel Aware": false,
                        "Join Type": "Inner",
                        "Startup Cost": 6206.73,
                        "Total Cost": 35038.41,
                        "Plan Rows": 67934,
                        "Plan Width": 18,
                        "Actual Startup Time": 21.721,
                        "Actual Total Time": 2010.337,
                        "Actual Rows": 3435922,
                        "Actual Loops": 5,
                        "Inner Unique": false,
                        "Plans": [
                          {
                            "Node Type": "Nested Loop",
                            "Parent Relationship": "Outer",
                            "Parallel Aware": false,
                            "Join Type": "Inner",
                            "Startup Cost": 6206.3,
                            "Total Cost": 21331.03,
                            "Plan Rows": 7123,
                            "Plan Width": 10,
                            "Actual Startup Time": 21.668,
                            "Actual Total Time": 167.661,
                            "Actual Rows": 448969,
                            "Actual Loops": 5,
                            "Inner Unique": false,
                            "Plans": [
                              {
                                "Node Type": "Seq Scan",
                                "Parent Relationship": "Outer",
                                "Parallel Aware": false,
                                "Relation Name": "info_type",
                                "Alias": "it",
                                "Startup Cost": 0.0,
                                "Total Cost": 2.41,
                                "Plan Rows": 1,
                                "Plan Width": 4,
                                "Actual Startup Time": 0.058,
                                "Actual Total Time": 0.063,
                                "Actual Rows": 1,
                                "Actual Loops": 5,
                                "Filter": "((info)::text = 'rating'::text)",
                                "Rows Removed by Filter": 112
                              },
                              {
                                "Node Type": "Bitmap Heap Scan",
                                "Parent Relationship": "Inner",
                                "Parallel Aware": false,
                                "Relation Name": "movie_info_idx",
                                "Alias": "mi_idx",
                                "Startup Cost": 6206.3,
                                "Total Cost": 19316.43,
                                "Plan Rows": 201218,
                                "Plan Width": 14,
                                "Actual Startup Time": 21.599,
                                "Actual Total Time": 128.687,
                                "Actual Rows": 448969,
                                "Actual Loops": 5,
                                "Recheck Cond": "(info_type_id = it.id)",
                                "Rows Removed by Index Recheck": 0,
                                "Filter": "(info > '2.0'::text)",
                                "Rows Removed by Filter": 10956,
                                "Exact Heap Blocks": 7934,
                                "Lossy Heap Blocks": 0,
                                "Plans": [
                                  {
                                    "Node Type": "Bitmap Index Scan",
                                    "Parent Relationship": "Outer",
                                    "Parallel Aware": false,
                                    "Index Name": "info_type_id_movie_info_idx",
                                    "Startup Cost": 0.0,
                                    "Total Cost": 6155.99,
                                    "Plan Rows": 345009,
                                    "Plan Width": 0,
                                    "Actual Startup Time": 20.416,
                                    "Actual Total Time": 20.417,
                                    "Actual Rows": 459925,
                                    "Actual Loops": 5,
                                    "Index Cond": "(info_type_id = it.id)"
                                  }
                                ]
                              }
                            ]
                          },
                          {
                            "Node Type": "Index Scan",
                            "Parent Relationship": "Inner",
                            "Parallel Aware": false,
                            "Scan Direction": "Forward",
                            "Index Name": "movie_id_movie_keyword",
                            "Relation Name": "movie_keyword",
                            "Alias": "mk",
                            "Startup Cost": 0.43,
                            "Total Cost": 1.46,
                            "Plan Rows": 46,
                            "Plan Width": 8,
                            "Actual Startup Time": 0.002,
                            "Actual Total Time": 0.003,
                            "Actual Rows": 8,
                            "Actual Loops": 2244845,
                            "Index Cond": "(movie_id = mi_idx.movie_id)",
                            "Rows Removed by Index Recheck": 0
                          }
                        ]
                      },
                      {
                        "Node Type": "Hash",
                        "Parent Relationship": "Inner",
                        "Parallel Aware": false,
                        "Startup Cost": 2626.12,
                        "Total Cost": 2626.12,
                        "Plan Rows": 13,
                        "Plan Width": 4,
                        "Actual Startup Time": 37.459,
                        "Actual Total Time": 37.46,
                        "Actual Rows": 30,
                        "Actual Loops": 5,
                        "Hash Buckets": 1024,
                        "Original Hash Buckets": 1024,
                        "Hash Batches": 1,
                        "Original Hash Batches": 1,
                        "Peak Memory Usage": 10,
                        "Plans": [
                          {
                            "Node Type": "Seq Scan",
                            "Parent Relationship": "Outer",
                            "Parallel Aware": false,
                            "Relation Name": "keyword",
                            "Alias": "k",
                            "Startup Cost": 0.0,
                            "Total Cost": 2626.12,
                            "Plan Rows": 13,
                            "Plan Width": 4,
                            "Actual Startup Time": 4.08,
                            "Actual Total Time": 37.403,
                            "Actual Rows": 30,
                            "Actual Loops": 5,
                            "Filter": "(keyword ~~ '%sequel%'::text)",
                            "Rows Removed by Filter": 134140
                          }
                        ]
                      }
                    ]
                  }
                ]
              }
            ]
          }
        ]
      }
    ]
  },
  "Planning Time": 1.804,
  "Triggers": [],
  "Execution Time": 2982.052
}