[
    {
        "Bao": {
            "Bao prediction": "NaN",
            "Bao recommended hint": "(no hint)"
        }
    },
    {
        "Plan": {
            "Node Type": "Aggregate",
            "Strategy": "Plain",
            "Partial Mode": "Finalize",
            "Parallel Aware": false,
            "Startup Cost": 9754.06,
            "Total Cost": 9754.07,
            "Plan Rows": 1,
            "Plan Width": 8,
            "Actual Startup Time": 31.769,
            "Actual Total Time": 33.916,
            "Actual Rows": 1,
            "Actual Loops": 1,
            "Output": [
                "count(*)"
            ],
            "Plans": [
                {
                    "Node Type": "Gather",
                    "Parent Relationship": "Outer",
                    "Parallel Aware": false,
                    "Startup Cost": 9753.74,
                    "Total Cost": 9754.05,
                    "Plan Rows": 3,
                    "Plan Width": 8,
                    "Actual Startup Time": 31.618,
                    "Actual Total Time": 33.91,
                    "Actual Rows": 4,
                    "Actual Loops": 1,
                    "Output": [
                        "(PARTIAL count(*))"
                    ],
                    "Workers Planned": 3,
                    "Workers Launched": 3,
                    "Single Copy": false,
                    "Plans": [
                        {
                            "Node Type": "Aggregate",
                            "Strategy": "Plain",
                            "Partial Mode": "Partial",
                            "Parent Relationship": "Outer",
                            "Parallel Aware": false,
                            "Startup Cost": 8753.74,
                            "Total Cost": 8753.75,
                            "Plan Rows": 1,
                            "Plan Width": 8,
                            "Actual Startup Time": 23.354,
                            "Actual Total Time": 23.356,
                            "Actual Rows": 1,
                            "Actual Loops": 4,
                            "Output": [
                                "PARTIAL count(*)"
                            ],
                            "Workers": [
                                {
                                    "Worker Number": 0,
                                    "Actual Startup Time": 20.523,
                                    "Actual Total Time": 20.524,
                                    "Actual Rows": 1,
                                    "Actual Loops": 1
                                },
                                {
                                    "Worker Number": 1,
                                    "Actual Startup Time": 20.788,
                                    "Actual Total Time": 20.789,
                                    "Actual Rows": 1,
                                    "Actual Loops": 1
                                },
                                {
                                    "Worker Number": 2,
                                    "Actual Startup Time": 20.766,
                                    "Actual Total Time": 20.768,
                                    "Actual Rows": 1,
                                    "Actual Loops": 1
                                }
                            ],
                            "Plans": [
                                {
                                    "Node Type": "Index Scan",
                                    "Parent Relationship": "Outer",
                                    "Parallel Aware": true,
                                    "Scan Direction": "Forward",
                                    "Index Name": "role_id_cast_info",
                                    "Relation Name": "cast_info",
                                    "Schema": "public",
                                    "Alias": "ci",
                                    "Startup Cost": 0.56,
                                    "Total Cost": 8709.54,
                                    "Plan Rows": 17681,
                                    "Plan Width": 0,
                                    "Actual Startup Time": 0.135,
                                    "Actual Total Time": 22.736,
                                    "Actual Rows": 6830,
                                    "Actual Loops": 4,
                                    "Output": [
                                        "id",
                                        "person_id",
                                        "movie_id",
                                        "person_role_id",
                                        "note",
                                        "nr_order",
                                        "role_id"
                                    ],
                                    "Index Cond": "(ci.role_id > 10)",
                                    "Rows Removed by Index Recheck": 0,
                                    "Filter": "(ci.person_id < 653995)",
                                    "Rows Removed by Filter": 72199,
                                    "Workers": [
                                        {
                                            "Worker Number": 0,
                                            "Actual Startup Time": 0.192,
                                            "Actual Total Time": 20.246,
                                            "Actual Rows": 1554,
                                            "Actual Loops": 1
                                        },
                                        {
                                            "Worker Number": 1,
                                            "Actual Startup Time": 0.187,
                                            "Actual Total Time": 20.34,
                                            "Actual Rows": 2630,
                                            "Actual Loops": 1
                                        },
                                        {
                                            "Worker Number": 2,
                                            "Actual Startup Time": 0.122,
                                            "Actual Total Time": 20.347,
                                            "Actual Rows": 2557,
                                            "Actual Loops": 1
                                        }
                                    ]
                                }
                            ]
                        }
                    ]
                }
            ]
        },
        "Planning Time": 222.608,
        "Triggers": [],
        "Execution Time": 33.964
    }
]