[
  {
    "Plan": {
      "Node Type": "Aggregate",
      "Strategy": "Plain",
      "Partial Mode": "Finalize",
      "Parallel Aware": false,
      "Startup Cost": 65958.4,
      "Total Cost": 65958.41,
      "Plan Rows": 1,
      "Plan Width": 8,
      "Actual Startup Time": 110.719,
      "Actual Total Time": 123.838,
      "Actual Rows": 1,
      "Actual Loops": 1,
      "Plans": [
        {
          "Node Type": "Gather",
          "Parent Relationship": "Outer",
          "Parallel Aware": false,
          "Startup Cost": 65958.09,
          "Total Cost": 65958.4,
          "Plan Rows": 3,
          "Plan Width": 8,
          "Actual Startup Time": 110.502,
          "Actual Total Time": 123.832,
          "Actual Rows": 4,
          "Actual Loops": 1,
          "Workers Planned": 3,
          "Workers Launched": 3,
          "Single Copy": false,
          "Plans": [
            {
              "Node Type": "Aggregate",
              "Strategy": "Plain",
              "Partial Mode": "Partial",
              "Parent Relationship": "Outer",
              "Parallel Aware": false,
              "Startup Cost": 64958.09,
              "Total Cost": 64958.1,
              "Plan Rows": 1,
              "Plan Width": 8,
              "Actual Startup Time": 105.015,
              "Actual Total Time": 105.018,
              "Actual Rows": 1,
              "Actual Loops": 4,
              "Plans": [
                {
                  "Node Type": "Hash Join",
                  "Parent Relationship": "Outer",
                  "Parallel Aware": true,
                  "Join Type": "Inner",
                  "Startup Cost": 45732.86,
                  "Total Cost": 64957.9,
                  "Plan Rows": 76,
                  "Plan Width": 0,
                  "Actual Startup Time": 90.569,
                  "Actual Total Time": 104.994,
                  "Actual Rows": 247,
                  "Actual Loops": 4,
                  "Inner Unique": true,
                  "Hash Cond": "(mc.movie_id = t.id)",
                  "Plans": [
                    {
                      "Node Type": "Bitmap Heap Scan",
                      "Parent Relationship": "Outer",
                      "Parallel Aware": true,
                      "Relation Name": "movie_companies",
                      "Alias": "mc",
                      "Startup Cost": 1787.71,
                      "Total Cost": 20978.46,
                      "Plan Rows": 13063,
                      "Plan Width": 4,
                      "Actual Startup Time": 5.178,
                      "Actual Total Time": 17.695,
                      "Actual Rows": 16630,
                      "Actual Loops": 4,
                      "Recheck Cond": "(company_id < 19)",
                      "Rows Removed by Index Recheck": 0,
                      "Filter": "(company_type_id < 2)",
                      "Rows Removed by Filter": 4388,
                      "Exact Heap Blocks": 4110,
                      "Lossy Heap Blocks": 0,
                      "Plans": [
                        {
                          "Node Type": "Bitmap Index Scan",
                          "Parent Relationship": "Outer",
                          "Parallel Aware": false,
                          "Index Name": "company_id_movie_companies",
                          "Startup Cost": 0.0,
                          "Total Cost": 1777.59,
                          "Plan Rows": 82821,
                          "Plan Width": 0,
                          "Actual Startup Time": 4.08,
                          "Actual Total Time": 4.08,
                          "Actual Rows": 84071,
                          "Actual Loops": 1,
                          "Index Cond": "(company_id < 19)"
                        }
                      ]
                    },
                    {
                      "Node Type": "Hash",
                      "Parent Relationship": "Inner",
                      "Parallel Aware": true,
                      "Startup Cost": 43899.32,
                      "Total Cost": 43899.32,
                      "Plan Rows": 3666,
                      "Plan Width": 4,
                      "Actual Startup Time": 84.7,
                      "Actual Total Time": 84.701,
                      "Actual Rows": 3498,
                      "Actual Loops": 4,
                      "Hash Buckets": 16384,
                      "Original Hash Buckets": 16384,
                      "Hash Batches": 1,
                      "Original Hash Batches": 1,
                      "Peak Memory Usage": 768,
                      "Plans": [
                        {
                          "Node Type": "Seq Scan",
                          "Parent Relationship": "Outer",
                          "Parallel Aware": true,
                          "Relation Name": "title",
                          "Alias": "t",
                          "Startup Cost": 0.0,
                          "Total Cost": 43899.32,
                          "Plan Rows": 3666,
                          "Plan Width": 4,
                          "Actual Startup Time": 0.111,
                          "Actual Total Time": 82.958,
                          "Actual Rows": 3498,
                          "Actual Loops": 4,
                          "Filter": "(production_year = 1976)",
                          "Rows Removed by Filter": 628580
                        }
                      ]
                    }
                  ]
                }
              ]
            }
          ]
        }
      ]
    },
    "Planning Time": 0.348,
    "Triggers": [],
    "Execution Time": 123.889
  }
]