{
  "Plan": {
    "Node Type": "Aggregate",
    "Strategy": "Plain",
    "Partial Mode": "Finalize",
    "Parallel Aware": false,
    "Startup Cost": 158493.33,
    "Total Cost": 158493.34,
    "Plan Rows": 1,
    "Plan Width": 8,
    "Actual Startup Time": 953.116,
    "Actual Total Time": 974.076,
    "Actual Rows": 1,
    "Actual Loops": 1,
    "Plans": [
      {
        "Node Type": "Gather",
        "Parent Relationship": "Outer",
        "Parallel Aware": false,
        "Startup Cost": 158493.22,
        "Total Cost": 158493.33,
        "Plan Rows": 1,
        "Plan Width": 8,
        "Actual Startup Time": 951.237,
        "Actual Total Time": 974.065,
        "Actual Rows": 2,
        "Actual Loops": 1,
        "Workers Planned": 1,
        "Workers Launched": 1,
        "Single Copy": false,
        "Plans": [
          {
            "Node Type": "Aggregate",
            "Strategy": "Plain",
            "Partial Mode": "Partial",
            "Parent Relationship": "Outer",
            "Parallel Aware": false,
            "Startup Cost": 157493.22,
            "Total Cost": 157493.23,
            "Plan Rows": 1,
            "Plan Width": 8,
            "Actual Startup Time": 945.387,
            "Actual Total Time": 945.808,
            "Actual Rows": 1,
            "Actual Loops": 2,
            "Plans": [
              {
                "Node Type": "Hash Join",
                "Parent Relationship": "Outer",
                "Parallel Aware": true,
                "Join Type": "Inner",
                "Startup Cost": 94750.21,
                "Total Cost": 157151.04,
                "Plan Rows": 136872,
                "Plan Width": 0,
                "Actual Startup Time": 588.795,
                "Actual Total Time": 923.942,
                "Actual Rows": 443270,
                "Actual Loops": 2,
                "Inner Unique": false,
                "Hash Cond": "(mk.movie_id = t.id)",
                "Plans": [
                  {
                    "Node Type": "Seq Scan",
                    "Parent Relationship": "Outer",
                    "Parallel Aware": true,
                    "Relation Name": "movie_keyword",
                    "Alias": "mk",
                    "Startup Cost": 0.0,
                    "Total Cost": 57718.19,
                    "Plan Rows": 1034001,
                    "Plan Width": 4,
                    "Actual Startup Time": 0.77,
                    "Actual Total Time": 200.941,
                    "Actual Rows": 879255,
                    "Actual Loops": 2,
                    "Filter": "(keyword_id > 7877)",
                    "Rows Removed by Filter": 1382710
                  },
                  {
                    "Node Type": "Hash",
                    "Parent Relationship": "Inner",
                    "Parallel Aware": true,
                    "Startup Cost": 92289.37,
                    "Total Cost": 92289.37,
                    "Plan Rows": 196867,
                    "Plan Width": 8,
                    "Actual Startup Time": 582.84,
                    "Actual Total Time": 583.26,
                    "Actual Rows": 164960,
                    "Actual Loops": 2,
                    "Hash Buckets": 524288,
                    "Original Hash Buckets": 524288,
                    "Hash Batches": 1,
                    "Original Hash Batches": 1,
                    "Peak Memory Usage": 17024,
                    "Plans": [
                      {
                        "Node Type": "Hash Join",
                        "Parent Relationship": "Outer",
                        "Parallel Aware": true,
                        "Join Type": "Inner",
                        "Startup Cost": 30965.83,
                        "Total Cost": 92289.37,
                        "Plan Rows": 196867,
                        "Plan Width": 8,
                        "Actual Startup Time": 132.661,
                        "Actual Total Time": 535.503,
                        "Actual Rows": 164960,
                        "Actual Loops": 2,
                        "Inner Unique": false,
                        "Hash Cond": "(t.id = mc.movie_id)",
                        "Plans": [
                          {
                            "Node Type": "Seq Scan",
                            "Parent Relationship": "Outer",
                            "Parallel Aware": true,
                            "Relation Name": "title",
                            "Alias": "t",
                            "Startup Cost": 0.0,
                            "Total Cost": 50870.31,
                            "Plan Rows": 1487231,
                            "Plan Width": 4,
                            "Actual Startup Time": 0.011,
                            "Actual Total Time": 141.522,
                            "Actual Rows": 1264156,
                            "Actual Loops": 2
                          },
                          {
                            "Node Type": "Hash",
                            "Parent Relationship": "Inner",
                            "Parallel Aware": true,
                            "Startup Cost": 28504.99,
                            "Total Cost": 28504.99,
                            "Plan Rows": 196867,
                            "Plan Width": 4,
                            "Actual Startup Time": 128.946,
                            "Actual Total Time": 128.947,
                            "Actual Rows": 164960,
                            "Actual Loops": 2,
                            "Hash Buckets": 524288,
                            "Original Hash Buckets": 524288,
                            "Hash Batches": 1,
                            "Original Hash Batches": 1,
                            "Peak Memory Usage": 17024,
                            "Plans": [
                              {
                                "Node Type": "Bitmap Heap Scan",
                                "Parent Relationship": "Outer",
                                "Parallel Aware": true,
                                "Relation Name": "movie_companies",
                                "Alias": "mc",
                                "Startup Cost": 7254.15,
                                "Total Cost": 28504.99,
                                "Plan Rows": 196867,
                                "Plan Width": 4,
                                "Actual Startup Time": 25.44,
                                "Actual Total Time": 84.84,
                                "Actual Rows": 164960,
                                "Actual Loops": 2,
                                "Recheck Cond": "(company_id < 164)",
                                "Rows Removed by Index Recheck": 0,
                                "Exact Heap Blocks": 12353,
                                "Lossy Heap Blocks": 0,
                                "Plans": [
                                  {
                                    "Node Type": "Bitmap Index Scan",
                                    "Parent Relationship": "Outer",
                                    "Parallel Aware": false,
                                    "Index Name": "company_id_movie_companies",
                                    "Startup Cost": 0.0,
                                    "Total Cost": 7170.49,
                                    "Plan Rows": 334674,
                                    "Plan Width": 0,
                                    "Actual Startup Time": 22.492,
                                    "Actual Total Time": 22.493,
                                    "Actual Rows": 329920,
                                    "Actual Loops": 1,
                                    "Index Cond": "(company_id < 164)"
                                  }
                                ]
                              }
                            ]
                          }
                        ]
                      }
                    ]
                  }
                ]
              }
            ]
          }
        ]
      }
    ]
  },
  "Planning Time": 1.044,
  "Triggers": [],
  "Execution Time": 974.177
}