[
  {
    "Plan": {
      "Node Type": "Aggregate",
      "Strategy": "Plain",
      "Partial Mode": "Finalize",
      "Parallel Aware": false,
      "Startup Cost": 46234.72,
      "Total Cost": 46234.73,
      "Plan Rows": 1,
      "Plan Width": 8,
      "Actual Startup Time": 173.725,
      "Actual Total Time": 183.418,
      "Actual Rows": 1,
      "Actual Loops": 1,
      "Plans": [
        {
          "Node Type": "Gather",
          "Parent Relationship": "Outer",
          "Parallel Aware": false,
          "Startup Cost": 46234.4,
          "Total Cost": 46234.71,
          "Plan Rows": 3,
          "Plan Width": 8,
          "Actual Startup Time": 173.611,
          "Actual Total Time": 183.409,
          "Actual Rows": 4,
          "Actual Loops": 1,
          "Workers Planned": 3,
          "Workers Launched": 3,
          "Single Copy": false,
          "Plans": [
            {
              "Node Type": "Aggregate",
              "Strategy": "Plain",
              "Partial Mode": "Partial",
              "Parent Relationship": "Outer",
              "Parallel Aware": false,
              "Startup Cost": 45234.4,
              "Total Cost": 45234.41,
              "Plan Rows": 1,
              "Plan Width": 8,
              "Actual Startup Time": 165.187,
              "Actual Total Time": 165.188,
              "Actual Rows": 1,
              "Actual Loops": 4,
              "Plans": [
                {
                  "Node Type": "Seq Scan",
                  "Parent Relationship": "Outer",
                  "Parallel Aware": true,
                  "Relation Name": "movie_keyword",
                  "Alias": "mk",
                  "Startup Cost": 0.0,
                  "Total Cost": 42695.65,
                  "Plan Rows": 1015498,
                  "Plan Width": 0,
                  "Actual Startup Time": 0.057,
                  "Actual Total Time": 127.622,
                  "Actual Rows": 784886,
                  "Actual Loops": 4,
                  "Filter": "(keyword_id < 12080)",
                  "Rows Removed by Filter": 346096
                }
              ]
            }
          ]
        }
      ]
    },
    "Planning Time": 0.186,
    "Triggers": [],
    "Execution Time": 183.477
  }
]