[
  {
    "Plan": {
      "Node Type": "Aggregate",
      "Strategy": "Plain",
      "Partial Mode": "Simple",
      "Parallel Aware": false,
      "Startup Cost": 2420.09,
      "Total Cost": 2420.1,
      "Plan Rows": 1,
      "Plan Width": 8,
      "Actual Startup Time": 8.701,
      "Actual Total Time": 8.703,
      "Actual Rows": 1,
      "Actual Loops": 1,
      "Plans": [
        {
          "Node Type": "Nested Loop",
          "Parent Relationship": "Outer",
          "Parallel Aware": false,
          "Join Type": "Inner",
          "Startup Cost": 0.99,
          "Total Cost": 2419.99,
          "Plan Rows": 39,
          "Plan Width": 0,
          "Actual Startup Time": 7.406,
          "Actual Total Time": 8.686,
          "Actual Rows": 31,
          "Actual Loops": 1,
          "Inner Unique": true,
          "Plans": [
            {
              "Node Type": "Index Scan",
              "Parent Relationship": "Outer",
              "Parallel Aware": false,
              "Scan Direction": "Forward",
              "Index Name": "person_id_cast_info",
              "Relation Name": "cast_info",
              "Alias": "ci",
              "Startup Cost": 0.56,
              "Total Cost": 987.07,
              "Plan Rows": 170,
              "Plan Width": 4,
              "Actual Startup Time": 7.37,
              "Actual Total Time": 7.472,
              "Actual Rows": 99,
              "Actual Loops": 1,
              "Index Cond": "(person_id = 1292972)",
              "Rows Removed by Index Recheck": 0,
              "Filter": "(role_id < 2)",
              "Rows Removed by Filter": 27
            },
            {
              "Node Type": "Index Scan",
              "Parent Relationship": "Inner",
              "Parallel Aware": false,
              "Scan Direction": "Forward",
              "Index Name": "title_pkey",
              "Relation Name": "title",
              "Alias": "t",
              "Startup Cost": 0.43,
              "Total Cost": 8.43,
              "Plan Rows": 1,
              "Plan Width": 4,
              "Actual Startup Time": 0.011,
              "Actual Total Time": 0.011,
              "Actual Rows": 0,
              "Actual Loops": 99,
              "Index Cond": "(id = ci.movie_id)",
              "Rows Removed by Index Recheck": 0,
              "Filter": "((kind_id < 3) AND (production_year > 1982))",
              "Rows Removed by Filter": 1
            }
          ]
        }
      ]
    },
    "Planning Time": 0.561,
    "Triggers": [],
    "Execution Time": 8.761
  }
]