[
  {
    "Plan": {
      "Node Type": "Aggregate",
      "Strategy": "Plain",
      "Partial Mode": "Finalize",
      "Parallel Aware": false,
      "Startup Cost": 76521.65,
      "Total Cost": 76521.66,
      "Plan Rows": 1,
      "Plan Width": 8,
      "Actual Startup Time": 182.049,
      "Actual Total Time": 199.918,
      "Actual Rows": 1,
      "Actual Loops": 1,
      "Plans": [
        {
          "Node Type": "Gather",
          "Parent Relationship": "Outer",
          "Parallel Aware": false,
          "Startup Cost": 76521.34,
          "Total Cost": 76521.65,
          "Plan Rows": 3,
          "Plan Width": 8,
          "Actual Startup Time": 181.506,
          "Actual Total Time": 199.908,
          "Actual Rows": 4,
          "Actual Loops": 1,
          "Workers Planned": 3,
          "Workers Launched": 3,
          "Single Copy": false,
          "Plans": [
            {
              "Node Type": "Aggregate",
              "Strategy": "Plain",
              "Partial Mode": "Partial",
              "Parent Relationship": "Outer",
              "Parallel Aware": false,
              "Startup Cost": 75521.34,
              "Total Cost": 75521.35,
              "Plan Rows": 1,
              "Plan Width": 8,
              "Actual Startup Time": 172.142,
              "Actual Total Time": 172.147,
              "Actual Rows": 1,
              "Actual Loops": 4,
              "Plans": [
                {
                  "Node Type": "Hash Join",
                  "Parent Relationship": "Outer",
                  "Parallel Aware": true,
                  "Join Type": "Inner",
                  "Startup Cost": 50047.83,
                  "Total Cost": 75518.15,
                  "Plan Rows": 1275,
                  "Plan Width": 0,
                  "Actual Startup Time": 116.929,
                  "Actual Total Time": 171.99,
                  "Actual Rows": 1432,
                  "Actual Loops": 4,
                  "Inner Unique": true,
                  "Hash Cond": "(mk.movie_id = t.id)",
                  "Plans": [
                    {
                      "Node Type": "Bitmap Heap Scan",
                      "Parent Relationship": "Outer",
                      "Parallel Aware": true,
                      "Relation Name": "movie_keyword",
                      "Alias": "mk",
                      "Startup Cost": 4418.78,
                      "Total Cost": 29712.71,
                      "Plan Rows": 67195,
                      "Plan Width": 4,
                      "Actual Startup Time": 17.628,
                      "Actual Total Time": 63.666,
                      "Actual Rows": 54794,
                      "Actual Loops": 4,
                      "Recheck Cond": "(keyword_id < 165)",
                      "Rows Removed by Index Recheck": 0,
                      "Exact Heap Blocks": 9328,
                      "Lossy Heap Blocks": 0,
                      "Plans": [
                        {
                          "Node Type": "Bitmap Index Scan",
                          "Parent Relationship": "Outer",
                          "Parallel Aware": false,
                          "Index Name": "keyword_id_movie_keyword",
                          "Startup Cost": 0.0,
                          "Total Cost": 4366.7,
                          "Plan Rows": 208303,
                          "Plan Width": 0,
                          "Actual Startup Time": 13.986,
                          "Actual Total Time": 13.986,
                          "Actual Rows": 219176,
                          "Actual Loops": 1,
                          "Index Cond": "(keyword_id < 165)"
                        }
                      ]
                    },
                    {
                      "Node Type": "Hash",
                      "Parent Relationship": "Inner",
                      "Parallel Aware": true,
                      "Startup Cost": 45479.1,
                      "Total Cost": 45479.1,
                      "Plan Rows": 11996,
                      "Plan Width": 4,
                      "Actual Startup Time": 97.748,
                      "Actual Total Time": 97.749,
                      "Actual Rows": 9688,
                      "Actual Loops": 4,
                      "Hash Buckets": 65536,
                      "Original Hash Buckets": 65536,
                      "Hash Batches": 1,
                      "Original Hash Batches": 1,
                      "Peak Memory Usage": 2048,
                      "Plans": [
                        {
                          "Node Type": "Seq Scan",
                          "Parent Relationship": "Outer",
                          "Parallel Aware": true,
                          "Relation Name": "title",
                          "Alias": "t",
                          "Startup Cost": 0.0,
                          "Total Cost": 45479.1,
                          "Plan Rows": 11996,
                          "Plan Width": 4,
                          "Actual Startup Time": 0.261,
                          "Actual Total Time": 94.034,
                          "Actual Rows": 9688,
                          "Actual Loops": 4,
                          "Filter": "((kind_id < 7) AND (production_year = 2008))",
                          "Rows Removed by Filter": 622390
                        }
                      ]
                    }
                  ]
                }
              ]
            }
          ]
        }
      ]
    },
    "Planning Time": 0.585,
    "Triggers": [],
    "Execution Time": 200.005
  }
]