[
    {
        "Bao": {
            "Bao prediction": "NaN",
            "Bao recommended hint": "(no hint)"
        }
    },
    {
        "Plan": {
            "Node Type": "Aggregate",
            "Strategy": "Plain",
            "Partial Mode": "Finalize",
            "Parallel Aware": false,
            "Startup Cost": 292290.7,
            "Total Cost": 292290.71,
            "Plan Rows": 1,
            "Plan Width": 8,
            "Actual Startup Time": 168.666,
            "Actual Total Time": 175.21,
            "Actual Rows": 1,
            "Actual Loops": 1,
            "Output": [
                "count(*)"
            ],
            "Plans": [
                {
                    "Node Type": "Gather",
                    "Parent Relationship": "Outer",
                    "Parallel Aware": false,
                    "Startup Cost": 292290.07,
                    "Total Cost": 292290.68,
                    "Plan Rows": 6,
                    "Plan Width": 8,
                    "Actual Startup Time": 168.114,
                    "Actual Total Time": 175.202,
                    "Actual Rows": 7,
                    "Actual Loops": 1,
                    "Output": [
                        "(PARTIAL count(*))"
                    ],
                    "Workers Planned": 6,
                    "Workers Launched": 6,
                    "Single Copy": false,
                    "Plans": [
                        {
                            "Node Type": "Aggregate",
                            "Strategy": "Plain",
                            "Partial Mode": "Partial",
                            "Parent Relationship": "Outer",
                            "Parallel Aware": false,
                            "Startup Cost": 291290.07,
                            "Total Cost": 291290.08,
                            "Plan Rows": 1,
                            "Plan Width": 8,
                            "Actual Startup Time": 157.617,
                            "Actual Total Time": 157.618,
                            "Actual Rows": 1,
                            "Actual Loops": 7,
                            "Output": [
                                "PARTIAL count(*)"
                            ],
                            "Workers": [
                                {
                                    "Worker Number": 0,
                                    "Actual Startup Time": 154.981,
                                    "Actual Total Time": 154.983,
                                    "Actual Rows": 1,
                                    "Actual Loops": 1
                                },
                                {
                                    "Worker Number": 1,
                                    "Actual Startup Time": 155.264,
                                    "Actual Total Time": 155.265,
                                    "Actual Rows": 1,
                                    "Actual Loops": 1
                                },
                                {
                                    "Worker Number": 2,
                                    "Actual Startup Time": 155.55,
                                    "Actual Total Time": 155.551,
                                    "Actual Rows": 1,
                                    "Actual Loops": 1
                                },
                                {
                                    "Worker Number": 3,
                                    "Actual Startup Time": 156.559,
                                    "Actual Total Time": 156.56,
                                    "Actual Rows": 1,
                                    "Actual Loops": 1
                                },
                                {
                                    "Worker Number": 4,
                                    "Actual Startup Time": 156.748,
                                    "Actual Total Time": 156.749,
                                    "Actual Rows": 1,
                                    "Actual Loops": 1
                                },
                                {
                                    "Worker Number": 5,
                                    "Actual Startup Time": 156.927,
                                    "Actual Total Time": 156.928,
                                    "Actual Rows": 1,
                                    "Actual Loops": 1
                                }
                            ],
                            "Plans": [
                                {
                                    "Node Type": "Bitmap Heap Scan",
                                    "Parent Relationship": "Outer",
                                    "Parallel Aware": true,
                                    "Relation Name": "cast_info",
                                    "Schema": "public",
                                    "Alias": "ci",
                                    "Startup Cost": 34676.61,
                                    "Total Cost": 290635.66,
                                    "Plan Rows": 261764,
                                    "Plan Width": 0,
                                    "Actual Startup Time": 70.777,
                                    "Actual Total Time": 143.144,
                                    "Actual Rows": 235653,
                                    "Actual Loops": 7,
                                    "Recheck Cond": "(ci.person_id > 3735269)",
                                    "Rows Removed by Index Recheck": 0,
                                    "Exact Heap Blocks": 6558,
                                    "Lossy Heap Blocks": 0,
                                    "Workers": [
                                        {
                                            "Worker Number": 0,
                                            "Actual Startup Time": 68.007,
                                            "Actual Total Time": 141.147,
                                            "Actual Rows": 165549,
                                            "Actual Loops": 1
                                        },
                                        {
                                            "Worker Number": 1,
                                            "Actual Startup Time": 68.611,
                                            "Actual Total Time": 141.552,
                                            "Actual Rows": 165094,
                                            "Actual Loops": 1
                                        },
                                        {
                                            "Worker Number": 2,
                                            "Actual Startup Time": 69.034,
                                            "Actual Total Time": 142.255,
                                            "Actual Rows": 231384,
                                            "Actual Loops": 1
                                        },
                                        {
                                            "Worker Number": 3,
                                            "Actual Startup Time": 69.607,
                                            "Actual Total Time": 142.844,
                                            "Actual Rows": 229815,
                                            "Actual Loops": 1
                                        },
                                        {
                                            "Worker Number": 4,
                                            "Actual Startup Time": 70.139,
                                            "Actual Total Time": 142.809,
                                            "Actual Rows": 175896,
                                            "Actual Loops": 1
                                        },
                                        {
                                            "Worker Number": 5,
                                            "Actual Startup Time": 70.155,
                                            "Actual Total Time": 143.138,
                                            "Actual Rows": 237338,
                                            "Actual Loops": 1
                                        }
                                    ],
                                    "Plans": [
                                        {
                                            "Node Type": "Bitmap Index Scan",
                                            "Parent Relationship": "Outer",
                                            "Parallel Aware": false,
                                            "Index Name": "person_id_cast_info",
                                            "Startup Cost": 0.0,
                                            "Total Cost": 34283.96,
                                            "Plan Rows": 1570586,
                                            "Plan Width": 0,
                                            "Actual Startup Time": 76.429,
                                            "Actual Total Time": 76.43,
                                            "Actual Rows": 1649569,
                                            "Actual Loops": 1,
                                            "Index Cond": "(ci.person_id > 3735269)"
                                        }
                                    ]
                                }
                            ]
                        }
                    ]
                }
            ]
        },
        "Planning Time": 193.99,
        "Triggers": [],
        "Execution Time": 175.333
    }
]