[
  {
    "Plan": {
      "Node Type": "Aggregate",
      "Strategy": "Plain",
      "Partial Mode": "Finalize",
      "Parallel Aware": false,
      "Startup Cost": 334974.26,
      "Total Cost": 334974.27,
      "Plan Rows": 1,
      "Plan Width": 8,
      "Actual Startup Time": 689.289,
      "Actual Total Time": 744.288,
      "Actual Rows": 1,
      "Actual Loops": 1,
      "Plans": [
        {
          "Node Type": "Gather",
          "Parent Relationship": "Outer",
          "Parallel Aware": false,
          "Startup Cost": 334973.63,
          "Total Cost": 334974.24,
          "Plan Rows": 6,
          "Plan Width": 8,
          "Actual Startup Time": 689.03,
          "Actual Total Time": 744.277,
          "Actual Rows": 7,
          "Actual Loops": 1,
          "Workers Planned": 6,
          "Workers Launched": 6,
          "Single Copy": false,
          "Plans": [
            {
              "Node Type": "Aggregate",
              "Strategy": "Plain",
              "Partial Mode": "Partial",
              "Parent Relationship": "Outer",
              "Parallel Aware": false,
              "Startup Cost": 333973.63,
              "Total Cost": 333973.64,
              "Plan Rows": 1,
              "Plan Width": 8,
              "Actual Startup Time": 679.576,
              "Actual Total Time": 679.577,
              "Actual Rows": 1,
              "Actual Loops": 7,
              "Plans": [
                {
                  "Node Type": "Seq Scan",
                  "Parent Relationship": "Outer",
                  "Parallel Aware": true,
                  "Relation Name": "cast_info",
                  "Alias": "ci",
                  "Startup Cost": 0.0,
                  "Total Cost": 328162.03,
                  "Plan Rows": 2324642,
                  "Plan Width": 0,
                  "Actual Startup Time": 255.905,
                  "Actual Total Time": 592.475,
                  "Actual Rows": 1988360,
                  "Actual Loops": 7,
                  "Filter": "(person_id > 2275377)",
                  "Rows Removed by Filter": 3189404
                }
              ]
            }
          ]
        }
      ]
    },
    "Planning Time": 0.175,
    "Triggers": [],
    "Execution Time": 744.357
  }
]