[
    {
        "Bao": {
            "Bao prediction": "NaN",
            "Bao recommended hint": "(no hint)"
        }
    },
    {
        "Plan": {
            "Node Type": "Aggregate",
            "Strategy": "Plain",
            "Partial Mode": "Finalize",
            "Parallel Aware": false,
            "Startup Cost": 25099.19,
            "Total Cost": 25099.2,
            "Plan Rows": 1,
            "Plan Width": 8,
            "Actual Startup Time": 40.677,
            "Actual Total Time": 44.449,
            "Actual Rows": 1,
            "Actual Loops": 1,
            "Output": [
                "count(*)"
            ],
            "Plans": [
                {
                    "Node Type": "Gather",
                    "Parent Relationship": "Outer",
                    "Parallel Aware": false,
                    "Startup Cost": 25098.88,
                    "Total Cost": 25099.19,
                    "Plan Rows": 3,
                    "Plan Width": 8,
                    "Actual Startup Time": 40.508,
                    "Actual Total Time": 44.443,
                    "Actual Rows": 4,
                    "Actual Loops": 1,
                    "Output": [
                        "(PARTIAL count(*))"
                    ],
                    "Workers Planned": 3,
                    "Workers Launched": 3,
                    "Single Copy": false,
                    "Plans": [
                        {
                            "Node Type": "Aggregate",
                            "Strategy": "Plain",
                            "Partial Mode": "Partial",
                            "Parent Relationship": "Outer",
                            "Parallel Aware": false,
                            "Startup Cost": 24098.88,
                            "Total Cost": 24098.89,
                            "Plan Rows": 1,
                            "Plan Width": 8,
                            "Actual Startup Time": 32.106,
                            "Actual Total Time": 32.108,
                            "Actual Rows": 1,
                            "Actual Loops": 4,
                            "Output": [
                                "PARTIAL count(*)"
                            ],
                            "Workers": [
                                {
                                    "Worker Number": 0,
                                    "Actual Startup Time": 29.305,
                                    "Actual Total Time": 29.306,
                                    "Actual Rows": 1,
                                    "Actual Loops": 1
                                },
                                {
                                    "Worker Number": 1,
                                    "Actual Startup Time": 29.31,
                                    "Actual Total Time": 29.312,
                                    "Actual Rows": 1,
                                    "Actual Loops": 1
                                },
                                {
                                    "Worker Number": 2,
                                    "Actual Startup Time": 29.58,
                                    "Actual Total Time": 29.582,
                                    "Actual Rows": 1,
                                    "Actual Loops": 1
                                }
                            ],
                            "Plans": [
                                {
                                    "Node Type": "Bitmap Heap Scan",
                                    "Parent Relationship": "Outer",
                                    "Parallel Aware": true,
                                    "Relation Name": "movie_companies",
                                    "Schema": "public",
                                    "Alias": "mc",
                                    "Startup Cost": 4340.1,
                                    "Total Cost": 23937.41,
                                    "Plan Rows": 64585,
                                    "Plan Width": 0,
                                    "Actual Startup Time": 4.431,
                                    "Actual Total Time": 28.502,
                                    "Actual Rows": 51015,
                                    "Actual Loops": 4,
                                    "Recheck Cond": "(mc.company_id > 112243)",
                                    "Rows Removed by Index Recheck": 0,
                                    "Exact Heap Blocks": 2728,
                                    "Lossy Heap Blocks": 0,
                                    "Workers": [
                                        {
                                            "Worker Number": 0,
                                            "Actual Startup Time": 1.826,
                                            "Actual Total Time": 26.253,
                                            "Actual Rows": 25164,
                                            "Actual Loops": 1
                                        },
                                        {
                                            "Worker Number": 1,
                                            "Actual Startup Time": 1.759,
                                            "Actual Total Time": 26.152,
                                            "Actual Rows": 25657,
                                            "Actual Loops": 1
                                        },
                                        {
                                            "Worker Number": 2,
                                            "Actual Startup Time": 1.877,
                                            "Actual Total Time": 26.492,
                                            "Actual Rows": 26520,
                                            "Actual Loops": 1
                                        }
                                    ],
                                    "Plans": [
                                        {
                                            "Node Type": "Bitmap Index Scan",
                                            "Parent Relationship": "Outer",
                                            "Parallel Aware": false,
                                            "Index Name": "company_id_movie_companies",
                                            "Startup Cost": 0.0,
                                            "Total Cost": 4290.04,
                                            "Plan Rows": 200215,
                                            "Plan Width": 0,
                                            "Actual Startup Time": 11.623,
                                            "Actual Total Time": 11.624,
                                            "Actual Rows": 204059,
                                            "Actual Loops": 1,
                                            "Index Cond": "(mc.company_id > 112243)"
                                        }
                                    ]
                                }
                            ]
                        }
                    ]
                }
            ]
        },
        "Planning Time": 187.025,
        "Triggers": [],
        "Execution Time": 44.506
    }
]