[
  {
    "Plan": {
      "Node Type": "Aggregate",
      "Strategy": "Plain",
      "Partial Mode": "Finalize",
      "Parallel Aware": false,
      "Startup Cost": 81787.63,
      "Total Cost": 81787.64,
      "Plan Rows": 1,
      "Plan Width": 8,
      "Actual Startup Time": 508.726,
      "Actual Total Time": 524.452,
      "Actual Rows": 1,
      "Actual Loops": 1,
      "Plans": [
        {
          "Node Type": "Gather",
          "Parent Relationship": "Outer",
          "Parallel Aware": false,
          "Startup Cost": 81787.32,
          "Total Cost": 81787.63,
          "Plan Rows": 3,
          "Plan Width": 8,
          "Actual Startup Time": 501.966,
          "Actual Total Time": 524.439,
          "Actual Rows": 4,
          "Actual Loops": 1,
          "Workers Planned": 3,
          "Workers Launched": 3,
          "Single Copy": false,
          "Plans": [
            {
              "Node Type": "Aggregate",
              "Strategy": "Plain",
              "Partial Mode": "Partial",
              "Parent Relationship": "Outer",
              "Parallel Aware": false,
              "Startup Cost": 80787.32,
              "Total Cost": 80787.33,
              "Plan Rows": 1,
              "Plan Width": 8,
              "Actual Startup Time": 493.266,
              "Actual Total Time": 493.269,
              "Actual Rows": 1,
              "Actual Loops": 4,
              "Plans": [
                {
                  "Node Type": "Hash Join",
                  "Parent Relationship": "Outer",
                  "Parallel Aware": true,
                  "Join Type": "Inner",
                  "Startup Cost": 49669.63,
                  "Total Cost": 80046.07,
                  "Plan Rows": 296500,
                  "Plan Width": 0,
                  "Actual Startup Time": 313.449,
                  "Actual Total Time": 484.175,
                  "Actual Rows": 198851,
                  "Actual Loops": 4,
                  "Inner Unique": true,
                  "Hash Cond": "(mc.movie_id = t.id)",
                  "Plans": [
                    {
                      "Node Type": "Seq Scan",
                      "Parent Relationship": "Outer",
                      "Parallel Aware": true,
                      "Relation Name": "movie_companies",
                      "Alias": "mc",
                      "Startup Cost": 0.0,
                      "Total Cost": 29310.68,
                      "Plan Rows": 406000,
                      "Plan Width": 4,
                      "Actual Startup Time": 9.859,
                      "Actual Total Time": 70.686,
                      "Actual Rows": 312631,
                      "Actual Loops": 4,
                      "Filter": "(company_id > 11663)",
                      "Rows Removed by Filter": 339651
                    },
                    {
                      "Node Type": "Hash",
                      "Parent Relationship": "Inner",
                      "Parallel Aware": true,
                      "Startup Cost": 43899.32,
                      "Total Cost": 43899.32,
                      "Plan Rows": 461625,
                      "Plan Width": 4,
                      "Actual Startup Time": 297.882,
                      "Actual Total Time": 297.883,
                      "Actual Rows": 458342,
                      "Actual Loops": 4,
                      "Hash Buckets": 2097152,
                      "Original Hash Buckets": 2097152,
                      "Hash Batches": 1,
                      "Original Hash Batches": 1,
                      "Peak Memory Usage": 88192,
                      "Plans": [
                        {
                          "Node Type": "Seq Scan",
                          "Parent Relationship": "Outer",
                          "Parallel Aware": true,
                          "Relation Name": "title",
                          "Alias": "t",
                          "Startup Cost": 0.0,
                          "Total Cost": 43899.32,
                          "Plan Rows": 461625,
                          "Plan Width": 4,
                          "Actual Startup Time": 0.041,
                          "Actual Total Time": 120.264,
                          "Actual Rows": 458342,
                          "Actual Loops": 4,
                          "Filter": "(production_year > 1986)",
                          "Rows Removed by Filter": 173736
                        }
                      ]
                    }
                  ]
                }
              ]
            }
          ]
        }
      ]
    },
    "Planning Time": 0.588,
    "Triggers": [],
    "Execution Time": 524.518
  }
]