{
    "Plan": {
        "Node Type": "Aggregate",
        "Strategy": "Plain",
        "Partial Mode": "Simple",
        "Parallel Aware": false,
        "Startup Cost": 50000225837.45,
        "Total Cost": 50000225837.46,
        "Plan Rows": 1,
        "Plan Width": 68,
        "Actual Startup Time": 396.142,
        "Actual Total Time": 396.146,
        "Actual Rows": 1,
        "Actual Loops": 1,
        "Output": [
            "min(mc.note)",
            "min(t.title)",
            "min(t.production_year)"
        ],
        "Plans": [
            {
                "Node Type": "Nested Loop",
                "Parent Relationship": "Outer",
                "Parallel Aware": false,
                "Join Type": "Inner",
                "Startup Cost": 50000162488.81,
                "Total Cost": 50000225837.22,
                "Plan Rows": 31,
                "Plan Width": 45,
                "Actual Startup Time": 391.406,
                "Actual Total Time": 396.127,
                "Actual Rows": 20,
                "Actual Loops": 1,
                "Output": [
                    "mc.note",
                    "t.title",
                    "t.production_year"
                ],
                "Inner Unique": true,
                "Join Filter": "(mc.movie_id = t.id)",
                "Rows Removed by Join Filter": 0,
                "Plans": [
                    {
                        "Node Type": "Hash Join",
                        "Parent Relationship": "Outer",
                        "Parallel Aware": false,
                        "Join Type": "Inner",
                        "Startup Cost": 40000162488.34,
                        "Total Cost": 40000225603.67,
                        "Plan Rows": 52,
                        "Plan Width": 32,
                        "Actual Startup Time": 391.385,
                        "Actual Total Time": 395.96,
                        "Actual Rows": 23,
                        "Actual Loops": 1,
                        "Output": [
                            "mc.note",
                            "mc.movie_id",
                            "mi_idx.movie_id"
                        ],
                        "Inner Unique": true,
                        "Hash Cond": "(mc.company_type_id = ct.id)",
                        "Plans": [
                            {
                                "Node Type": "Nested Loop",
                                "Parent Relationship": "Outer",
                                "Parallel Aware": false,
                                "Join Type": "Inner",
                                "Startup Cost": 30000162476.13,
                                "Total Cost": 30000225590.34,
                                "Plan Rows": 206,
                                "Plan Width": 36,
                                "Actual Startup Time": 391.334,
                                "Actual Total Time": 395.9,
                                "Actual Rows": 23,
                                "Actual Loops": 1,
                                "Output": [
                                    "mi_idx.movie_id",
                                    "mc.note",
                                    "mc.company_type_id",
                                    "mc.movie_id"
                                ],
                                "Inner Unique": false,
                                "Plans": [
                                    {
                                        "Node Type": "Merge Join",
                                        "Parent Relationship": "Outer",
                                        "Parallel Aware": false,
                                        "Join Type": "Inner",
                                        "Startup Cost": 20000162475.64,
                                        "Total Cost": 20000169497.94,
                                        "Plan Rows": 12213,
                                        "Plan Width": 4,
                                        "Actual Startup Time": 390.606,
                                        "Actual Total Time": 390.72,
                                        "Actual Rows": 250,
                                        "Actual Loops": 1,
                                        "Output": [
                                            "mi_idx.movie_id"
                                        ],
                                        "Inner Unique": false,
                                        "Merge Cond": "(it.id = mi_idx.info_type_id)",
                                        "Plans": [
                                            {
                                                "Node Type": "Sort",
                                                "Parent Relationship": "Outer",
                                                "Parallel Aware": false,
                                                "Startup Cost": 10000000002.42,
                                                "Total Cost": 10000000002.43,
                                                "Plan Rows": 1,
                                                "Plan Width": 4,
                                                "Actual Startup Time": 0.05,
                                                "Actual Total Time": 0.051,
                                                "Actual Rows": 1,
                                                "Actual Loops": 1,
                                                "Output": [
                                                    "it.id"
                                                ],
                                                "Sort Key": [
                                                    "it.id"
                                                ],
                                                "Sort Method": "quicksort",
                                                "Sort Space Used": 25,
                                                "Sort Space Type": "Memory",
                                                "Plans": [
                                                    {
                                                        "Node Type": "Seq Scan",
                                                        "Parent Relationship": "Outer",
                                                        "Parallel Aware": false,
                                                        "Relation Name": "info_type",
                                                        "Schema": "public",
                                                        "Alias": "it",
                                                        "Startup Cost": 10000000000.0,
                                                        "Total Cost": 10000000002.41,
                                                        "Plan Rows": 1,
                                                        "Plan Width": 4,
                                                        "Actual Startup Time": 0.04,
                                                        "Actual Total Time": 0.042,
                                                        "Actual Rows": 1,
                                                        "Actual Loops": 1,
                                                        "Output": [
                                                            "it.id"
                                                        ],
                                                        "Filter": "((it.info)::text = 'top 250 rank'::text)",
                                                        "Rows Removed by Filter": 112
                                                    }
                                                ]
                                            },
                                            {
                                                "Node Type": "Sort",
                                                "Parent Relationship": "Inner",
                                                "Parallel Aware": false,
                                                "Startup Cost": 10000162473.21,
                                                "Total Cost": 10000165923.29,
                                                "Plan Rows": 1380035,
                                                "Plan Width": 8,
                                                "Actual Startup Time": 261.079,
                                                "Actual Total Time": 319.308,
                                                "Actual Rows": 1380026,
                                                "Actual Loops": 1,
                                                "Output": [
                                                    "mi_idx.movie_id",
                                                    "mi_idx.info_type_id"
                                                ],
                                                "Sort Key": [
                                                    "mi_idx.info_type_id"
                                                ],
                                                "Sort Method": "quicksort",
                                                "Sort Space Used": 113842,
                                                "Sort Space Type": "Memory",
                                                "Plans": [
                                                    {
                                                        "Node Type": "Seq Scan",
                                                        "Parent Relationship": "Outer",
                                                        "Parallel Aware": false,
                                                        "Relation Name": "movie_info_idx",
                                                        "Schema": "public",
                                                        "Alias": "mi_idx",
                                                        "Startup Cost": 10000000000.0,
                                                        "Total Cost": 10000021735.35,
                                                        "Plan Rows": 1380035,
                                                        "Plan Width": 8,
                                                        "Actual Startup Time": 0.023,
                                                        "Actual Total Time": 129.573,
                                                        "Actual Rows": 1380035,
                                                        "Actual Loops": 1,
                                                        "Output": [
                                                            "mi_idx.movie_id",
                                                            "mi_idx.info_type_id"
                                                        ]
                                                    }
                                                ]
                                            }
                                        ]
                                    },
                                    {
                                        "Node Type": "Bitmap Heap Scan",
                                        "Parent Relationship": "Inner",
                                        "Parallel Aware": false,
                                        "Relation Name": "movie_companies",
                                        "Schema": "public",
                                        "Alias": "mc",
                                        "Startup Cost": 0.5,
                                        "Total Cost": 4.58,
                                        "Plan Rows": 1,
                                        "Plan Width": 32,
                                        "Actual Startup Time": 0.019,
                                        "Actual Total Time": 0.019,
                                        "Actual Rows": 0,
                                        "Actual Loops": 250,
                                        "Output": [
                                            "mc.id",
                                            "mc.movie_id",
                                            "mc.company_id",
                                            "mc.company_type_id",
                                            "mc.note"
                                        ],
                                        "Recheck Cond": "(mc.movie_id = mi_idx.movie_id)",
                                        "Rows Removed by Index Recheck": 0,
                                        "Filter": "((mc.note !~~ '%(as Metro-Goldwyn-Mayer Pictures)%'::text) AND (mc.note ~~ '%(co-production)%'::text))",
                                        "Rows Removed by Filter": 33,
                                        "Exact Heap Blocks": 595,
                                        "Lossy Heap Blocks": 0,
                                        "Plans": [
                                            {
                                                "Node Type": "Bitmap Index Scan",
                                                "Parent Relationship": "Outer",
                                                "Parallel Aware": false,
                                                "Index Name": "movie_id_movie_companies",
                                                "Startup Cost": 0.0,
                                                "Total Cost": 0.5,
                                                "Plan Rows": 5,
                                                "Plan Width": 0,
                                                "Actual Startup Time": 0.006,
                                                "Actual Total Time": 0.006,
                                                "Actual Rows": 33,
                                                "Actual Loops": 250,
                                                "Index Cond": "(mc.movie_id = mi_idx.movie_id)"
                                            }
                                        ]
                                    }
                                ]
                            },
                            {
                                "Node Type": "Hash",
                                "Parent Relationship": "Inner",
                                "Parallel Aware": false,
                                "Startup Cost": 10000000012.2,
                                "Total Cost": 10000000012.2,
                                "Plan Rows": 1,
                                "Plan Width": 4,
                                "Actual Startup Time": 0.039,
                                "Actual Total Time": 0.04,
                                "Actual Rows": 1,
                                "Actual Loops": 1,
                                "Output": [
                                    "ct.id"
                                ],
                                "Hash Buckets": 1024,
                                "Original Hash Buckets": 1024,
                                "Hash Batches": 1,
                                "Original Hash Batches": 1,
                                "Peak Memory Usage": 9,
                                "Plans": [
                                    {
                                        "Node Type": "Index Scan",
                                        "Parent Relationship": "Outer",
                                        "Parallel Aware": false,
                                        "Scan Direction": "Forward",
                                        "Index Name": "company_type_pkey",
                                        "Relation Name": "company_type",
                                        "Schema": "public",
                                        "Alias": "ct",
                                        "Startup Cost": 10000000000.13,
                                        "Total Cost": 10000000012.2,
                                        "Plan Rows": 1,
                                        "Plan Width": 4,
                                        "Actual Startup Time": 0.031,
                                        "Actual Total Time": 0.034,
                                        "Actual Rows": 1,
                                        "Actual Loops": 1,
                                        "Output": [
                                            "ct.id"
                                        ],
                                        "Filter": "((ct.kind)::text = 'production companies'::text)",
                                        "Rows Removed by Filter": 3
                                    }
                                ]
                            }
                        ]
                    },
                    {
                        "Node Type": "Bitmap Heap Scan",
                        "Parent Relationship": "Inner",
                        "Parallel Aware": false,
                        "Relation Name": "title",
                        "Schema": "public",
                        "Alias": "t",
                        "Startup Cost": 0.46,
                        "Total Cost": 4.48,
                        "Plan Rows": 1,
                        "Plan Width": 25,
                        "Actual Startup Time": 0.005,
                        "Actual Total Time": 0.005,
                        "Actual Rows": 1,
                        "Actual Loops": 23,
                        "Output": [
                            "t.id",
                            "t.title",
                            "t.imdb_index",
                            "t.kind_id",
                            "t.production_year",
                            "t.imdb_id",
                            "t.phonetic_code",
                            "t.episode_of_id",
                            "t.season_nr",
                            "t.episode_nr",
                            "t.series_years",
                            "t.md5sum"
                        ],
                        "Recheck Cond": "(t.id = mi_idx.movie_id)",
                        "Rows Removed by Index Recheck": 0,
                        "Filter": "(t.production_year > 1997)",
                        "Rows Removed by Filter": 0,
                        "Exact Heap Blocks": 23,
                        "Lossy Heap Blocks": 0,
                        "Plans": [
                            {
                                "Node Type": "Bitmap Index Scan",
                                "Parent Relationship": "Outer",
                                "Parallel Aware": false,
                                "Index Name": "title_pkey",
                                "Startup Cost": 0.0,
                                "Total Cost": 0.46,
                                "Plan Rows": 1,
                                "Plan Width": 0,
                                "Actual Startup Time": 0.003,
                                "Actual Total Time": 0.003,
                                "Actual Rows": 1,
                                "Actual Loops": 23,
                                "Index Cond": "(t.id = mi_idx.movie_id)"
                            }
                        ]
                    }
                ]
            }
        ]
    },
    "Planning Time": 1.963,
    "Triggers": [],
    "Execution Time": 396.328
}