{
    "Plan": {
        "Node Type": "Aggregate",
        "Strategy": "Plain",
        "Partial Mode": "Simple",
        "Parallel Aware": false,
        "Startup Cost": 60007467795.8,
        "Total Cost": 60007467795.81,
        "Plan Rows": 1,
        "Plan Width": 96,
        "Actual Startup Time": 12378.301,
        "Actual Total Time": 12401.024,
        "Actual Rows": 1,
        "Actual Loops": 1,
        "Output": [
            "min(chn.name)",
            "min(n.name)",
            "min(t.title)"
        ],
        "Plans": [
            {
                "Node Type": "Nested Loop",
                "Parent Relationship": "Outer",
                "Parallel Aware": false,
                "Join Type": "Inner",
                "Startup Cost": 60007462719.15,
                "Total Cost": 60007467795.8,
                "Plan Rows": 1,
                "Plan Width": 48,
                "Actual Startup Time": 12378.259,
                "Actual Total Time": 12401.011,
                "Actual Rows": 5,
                "Actual Loops": 1,
                "Output": [
                    "chn.name",
                    "n.name",
                    "t.title"
                ],
                "Inner Unique": true,
                "Plans": [
                    {
                        "Node Type": "Hash Join",
                        "Parent Relationship": "Outer",
                        "Parallel Aware": false,
                        "Join Type": "Inner",
                        "Startup Cost": 50007462719.01,
                        "Total Cost": 50007467787.62,
                        "Plan Rows": 1,
                        "Plan Width": 52,
                        "Actual Startup Time": 12378.214,
                        "Actual Total Time": 12400.948,
                        "Actual Rows": 5,
                        "Actual Loops": 1,
                        "Output": [
                            "ci.role_id",
                            "chn.name",
                            "n.name",
                            "t.title"
                        ],
                        "Inner Unique": false,
                        "Hash Cond": "(cn.id = mc.company_id)",
                        "Plans": [
                            {
                                "Node Type": "Gather",
                                "Parent Relationship": "Outer",
                                "Parallel Aware": false,
                                "Startup Cost": 1000.0,
                                "Total Cost": 6068.6,
                                "Plan Rows": 1,
                                "Plan Width": 4,
                                "Actual Startup Time": 6.621,
                                "Actual Total Time": 6.721,
                                "Actual Rows": 1,
                                "Actual Loops": 1,
                                "Output": [
                                    "cn.id"
                                ],
                                "Workers Planned": 1,
                                "Workers Launched": 1,
                                "Single Copy": false,
                                "Plans": [
                                    {
                                        "Node Type": "Seq Scan",
                                        "Parent Relationship": "Outer",
                                        "Parallel Aware": true,
                                        "Relation Name": "company_name",
                                        "Schema": "public",
                                        "Alias": "cn",
                                        "Startup Cost": 0.0,
                                        "Total Cost": 5068.5,
                                        "Plan Rows": 1,
                                        "Plan Width": 4,
                                        "Actual Startup Time": 28.114,
                                        "Actual Total Time": 28.119,
                                        "Actual Rows": 0,
                                        "Actual Loops": 2,
                                        "Output": [
                                            "cn.id"
                                        ],
                                        "Filter": "(((cn.country_code)::text = '[us]'::text) AND (cn.name = 'NBC Universal Television'::text))",
                                        "Rows Removed by Filter": 117498,
                                        "Workers": [
                                            {
                                                "Worker Number": 0,
                                                "Actual Startup Time": 50.277,
                                                "Actual Total Time": 50.278,
                                                "Actual Rows": 0,
                                                "Actual Loops": 1
                                            }
                                        ]
                                    }
                                ]
                            },
                            {
                                "Node Type": "Hash",
                                "Parent Relationship": "Inner",
                                "Parallel Aware": false,
                                "Startup Cost": 50007461718.99,
                                "Total Cost": 50007461718.99,
                                "Plan Rows": 1,
                                "Plan Width": 56,
                                "Actual Startup Time": 12371.58,
                                "Actual Total Time": 12394.212,
                                "Actual Rows": 10,
                                "Actual Loops": 1,
                                "Output": [
                                    "ci.role_id",
                                    "chn.name",
                                    "mc.company_id",
                                    "n.name",
                                    "t.title"
                                ],
                                "Hash Buckets": 1024,
                                "Original Hash Buckets": 1024,
                                "Hash Batches": 1,
                                "Original Hash Batches": 1,
                                "Peak Memory Usage": 9,
                                "Plans": [
                                    {
                                        "Node Type": "Merge Join",
                                        "Parent Relationship": "Outer",
                                        "Parallel Aware": false,
                                        "Join Type": "Inner",
                                        "Startup Cost": 50007461718.96,
                                        "Total Cost": 50007461718.99,
                                        "Plan Rows": 1,
                                        "Plan Width": 56,
                                        "Actual Startup Time": 12370.276,
                                        "Actual Total Time": 12394.204,
                                        "Actual Rows": 10,
                                        "Actual Loops": 1,
                                        "Output": [
                                            "ci.role_id",
                                            "chn.name",
                                            "mc.company_id",
                                            "n.name",
                                            "t.title"
                                        ],
                                        "Inner Unique": false,
                                        "Merge Cond": "(k.id = mk.keyword_id)",
                                        "Plans": [
                                            {
                                                "Node Type": "Sort",
                                                "Parent Relationship": "Outer",
                                                "Parallel Aware": false,
                                                "Startup Cost": 2961.59,
                                                "Total Cost": 2961.6,
                                                "Plan Rows": 4,
                                                "Plan Width": 4,
                                                "Actual Startup Time": 22.05,
                                                "Actual Total Time": 22.053,
                                                "Actual Rows": 4,
                                                "Actual Loops": 1,
                                                "Output": [
                                                    "k.id"
                                                ],
                                                "Sort Key": [
                                                    "k.id"
                                                ],
                                                "Sort Method": "quicksort",
                                                "Sort Space Used": 25,
                                                "Sort Space Type": "Memory",
                                                "Plans": [
                                                    {
                                                        "Node Type": "Seq Scan",
                                                        "Parent Relationship": "Outer",
                                                        "Parallel Aware": false,
                                                        "Relation Name": "keyword",
                                                        "Schema": "public",
                                                        "Alias": "k",
                                                        "Startup Cost": 0.0,
                                                        "Total Cost": 2961.55,
                                                        "Plan Rows": 4,
                                                        "Plan Width": 4,
                                                        "Actual Startup Time": 0.022,
                                                        "Actual Total Time": 22.04,
                                                        "Actual Rows": 4,
                                                        "Actual Loops": 1,
                                                        "Output": [
                                                            "k.id"
                                                        ],
                                                        "Filter": "(k.keyword = ANY ('{violence,laser,fight,cooking}'::text[]))",
                                                        "Rows Removed by Filter": 134166
                                                    }
                                                ]
                                            },
                                            {
                                                "Node Type": "Sort",
                                                "Parent Relationship": "Inner",
                                                "Parallel Aware": false,
                                                "Startup Cost": 50007458757.37,
                                                "Total Cost": 50007458757.37,
                                                "Plan Rows": 1,
                                                "Plan Width": 60,
                                                "Actual Startup Time": 12348.218,
                                                "Actual Total Time": 12371.552,
                                                "Actual Rows": 7001,
                                                "Actual Loops": 1,
                                                "Output": [
                                                    "ci.role_id",
                                                    "chn.name",
                                                    "mc.company_id",
                                                    "mk.keyword_id",
                                                    "n.name",
                                                    "t.title"
                                                ],
                                                "Sort Key": [
                                                    "mk.keyword_id"
                                                ],
                                                "Sort Method": "quicksort",
                                                "Sort Space Used": 3180,
                                                "Sort Space Type": "Memory",
                                                "Plans": [
                                                    {
                                                        "Node Type": "Merge Join",
                                                        "Parent Relationship": "Outer",
                                                        "Parallel Aware": false,
                                                        "Join Type": "Inner",
                                                        "Startup Cost": 50007458739.88,
                                                        "Total Cost": 50007458757.36,
                                                        "Plan Rows": 1,
                                                        "Plan Width": 60,
                                                        "Actual Startup Time": 12341.439,
                                                        "Actual Total Time": 12366.836,
                                                        "Actual Rows": 17150,
                                                        "Actual Loops": 1,
                                                        "Output": [
                                                            "ci.role_id",
                                                            "chn.name",
                                                            "mc.company_id",
                                                            "mk.keyword_id",
                                                            "n.name",
                                                            "t.title"
                                                        ],
                                                        "Inner Unique": false,
                                                        "Merge Cond": "(t.id = mi.movie_id)",
                                                        "Plans": [
                                                            {
                                                                "Node Type": "Sort",
                                                                "Parent Relationship": "Outer",
                                                                "Parallel Aware": false,
                                                                "Startup Cost": 10000073924.68,
                                                                "Total Cost": 10000073924.83,
                                                                "Plan Rows": 62,
                                                                "Plan Width": 21,
                                                                "Actual Startup Time": 351.845,
                                                                "Actual Total Time": 351.849,
                                                                "Actual Rows": 9,
                                                                "Actual Loops": 1,
                                                                "Output": [
                                                                    "t.title",
                                                                    "t.id"
                                                                ],
                                                                "Sort Key": [
                                                                    "t.id"
                                                                ],
                                                                "Sort Method": "quicksort",
                                                                "Sort Space Used": 25,
                                                                "Sort Space Type": "Memory",
                                                                "Plans": [
                                                                    {
                                                                        "Node Type": "Seq Scan",
                                                                        "Parent Relationship": "Outer",
                                                                        "Parallel Aware": false,
                                                                        "Relation Name": "title",
                                                                        "Schema": "public",
                                                                        "Alias": "t",
                                                                        "Startup Cost": 10000000000.0,
                                                                        "Total Cost": 10000073922.83,
                                                                        "Plan Rows": 62,
                                                                        "Plan Width": 21,
                                                                        "Actual Startup Time": 81.957,
                                                                        "Actual Total Time": 351.811,
                                                                        "Actual Rows": 9,
                                                                        "Actual Loops": 1,
                                                                        "Output": [
                                                                            "t.title",
                                                                            "t.id"
                                                                        ],
                                                                        "Filter": "((t.title ~~ 'Kung Fu Panda%'::text) AND (t.production_year > 2008))",
                                                                        "Rows Removed by Filter": 2528303
                                                                    }
                                                                ]
                                                            },
                                                            {
                                                                "Node Type": "Sort",
                                                                "Parent Relationship": "Inner",
                                                                "Parallel Aware": false,
                                                                "Startup Cost": 40007384815.2,
                                                                "Total Cost": 40007384823.78,
                                                                "Plan Rows": 3432,
                                                                "Plan Width": 59,
                                                                "Actual Startup Time": 11970.31,
                                                                "Actual Total Time": 12001.044,
                                                                "Actual Rows": 216342,
                                                                "Actual Loops": 1,
                                                                "Output": [
                                                                    "ci.movie_id",
                                                                    "ci.role_id",
                                                                    "chn.name",
                                                                    "mc.movie_id",
                                                                    "mc.company_id",
                                                                    "mi.movie_id",
                                                                    "mk.movie_id",
                                                                    "mk.keyword_id",
                                                                    "n.name"
                                                                ],
                                                                "Sort Key": [
                                                                    "ci.movie_id"
                                                                ],
                                                                "Sort Method": "quicksort",
                                                                "Sort Space Used": 71260,
                                                                "Sort Space Type": "Memory",
                                                                "Plans": [
                                                                    {
                                                                        "Node Type": "Hash Join",
                                                                        "Parent Relationship": "Outer",
                                                                        "Parallel Aware": false,
                                                                        "Join Type": "Inner",
                                                                        "Startup Cost": 40007365822.34,
                                                                        "Total Cost": 40007384613.66,
                                                                        "Plan Rows": 3432,
                                                                        "Plan Width": 59,
                                                                        "Actual Startup Time": 11742.043,
                                                                        "Actual Total Time": 11868.843,
                                                                        "Actual Rows": 419374,
                                                                        "Actual Loops": 1,
                                                                        "Output": [
                                                                            "ci.movie_id",
                                                                            "ci.role_id",
                                                                            "chn.name",
                                                                            "mc.movie_id",
                                                                            "mc.company_id",
                                                                            "mi.movie_id",
                                                                            "mk.movie_id",
                                                                            "mk.keyword_id",
                                                                            "n.name"
                                                                        ],
                                                                        "Inner Unique": false,
                                                                        "Hash Cond": "(mi.movie_id = mk.movie_id)",
                                                                        "Plans": [
                                                                            {
                                                                                "Node Type": "Hash Join",
                                                                                "Parent Relationship": "Outer",
                                                                                "Parallel Aware": false,
                                                                                "Join Type": "Inner",
                                                                                "Startup Cost": 40007132095.75,
                                                                                "Total Cost": 40007150422.38,
                                                                                "Plan Rows": 285,
                                                                                "Plan Width": 51,
                                                                                "Actual Startup Time": 9850.722,
                                                                                "Actual Total Time": 9927.75,
                                                                                "Actual Rows": 8226,
                                                                                "Actual Loops": 1,
                                                                                "Output": [
                                                                                    "ci.movie_id",
                                                                                    "ci.role_id",
                                                                                    "chn.name",
                                                                                    "mc.movie_id",
                                                                                    "mc.company_id",
                                                                                    "mi.movie_id",
                                                                                    "n.name"
                                                                                ],
                                                                                "Inner Unique": true,
                                                                                "Hash Cond": "(mi.info_type_id = it.id)",
                                                                                "Plans": [
                                                                                    {
                                                                                        "Node Type": "Merge Join",
                                                                                        "Parent Relationship": "Outer",
                                                                                        "Parallel Aware": false,
                                                                                        "Join Type": "Inner",
                                                                                        "Startup Cost": 30007132081.62,
                                                                                        "Total Cost": 30007150320.61,
                                                                                        "Plan Rows": 32176,
                                                                                        "Plan Width": 55,
                                                                                        "Actual Startup Time": 9850.672,
                                                                                        "Actual Total Time": 9925.799,
                                                                                        "Actual Rows": 8226,
                                                                                        "Actual Loops": 1,
                                                                                        "Output": [
                                                                                            "ci.movie_id",
                                                                                            "ci.role_id",
                                                                                            "chn.name",
                                                                                            "mc.movie_id",
                                                                                            "mc.company_id",
                                                                                            "mi.movie_id",
                                                                                            "mi.info_type_id",
                                                                                            "n.name"
                                                                                        ],
                                                                                        "Inner Unique": false,
                                                                                        "Merge Cond": "(n.id = ci.person_id)",
                                                                                        "Plans": [
                                                                                            {
                                                                                                "Node Type": "Sort",
                                                                                                "Parent Relationship": "Outer",
                                                                                                "Parallel Aware": false,
                                                                                                "Startup Cost": 78896.73,
                                                                                                "Total Cost": 78991.25,
                                                                                                "Plan Rows": 37808,
                                                                                                "Plan Width": 19,
                                                                                                "Actual Startup Time": 231.185,
                                                                                                "Actual Total Time": 235.714,
                                                                                                "Actual Rows": 49997,
                                                                                                "Actual Loops": 1,
                                                                                                "Output": [
                                                                                                    "n.name",
                                                                                                    "n.id"
                                                                                                ],
                                                                                                "Sort Key": [
                                                                                                    "n.id"
                                                                                                ],
                                                                                                "Sort Method": "quicksort",
                                                                                                "Sort Space Used": 5246,
                                                                                                "Sort Space Type": "Memory",
                                                                                                "Plans": [
                                                                                                    {
                                                                                                        "Node Type": "Gather",
                                                                                                        "Parent Relationship": "Outer",
                                                                                                        "Parallel Aware": false,
                                                                                                        "Startup Cost": 1000.0,
                                                                                                        "Total Cost": 76022.11,
                                                                                                        "Plan Rows": 37808,
                                                                                                        "Plan Width": 19,
                                                                                                        "Actual Startup Time": 101.119,
                                                                                                        "Actual Total Time": 218.494,
                                                                                                        "Actual Rows": 50011,
                                                                                                        "Actual Loops": 1,
                                                                                                        "Output": [
                                                                                                            "n.name",
                                                                                                            "n.id"
                                                                                                        ],
                                                                                                        "Workers Planned": 4,
                                                                                                        "Workers Launched": 4,
                                                                                                        "Single Copy": false,
                                                                                                        "Plans": [
                                                                                                            {
                                                                                                                "Node Type": "Seq Scan",
                                                                                                                "Parent Relationship": "Outer",
                                                                                                                "Parallel Aware": true,
                                                                                                                "Relation Name": "name",
                                                                                                                "Schema": "public",
                                                                                                                "Alias": "n",
                                                                                                                "Startup Cost": 0.0,
                                                                                                                "Total Cost": 71241.31,
                                                                                                                "Plan Rows": 9452,
                                                                                                                "Plan Width": 19,
                                                                                                                "Actual Startup Time": 92.195,
                                                                                                                "Actual Total Time": 210.85,
                                                                                                                "Actual Rows": 10002,
                                                                                                                "Actual Loops": 5,
                                                                                                                "Output": [
                                                                                                                    "n.name",
                                                                                                                    "n.id"
                                                                                                                ],
                                                                                                                "Filter": "((n.name ~~ '%An%'::text) AND ((n.gender)::text = 'f'::text))",
                                                                                                                "Rows Removed by Filter": 823496,
                                                                                                                "Workers": [
                                                                                                                    {
                                                                                                                        "Worker Number": 0,
                                                                                                                        "Actual Startup Time": 90.624,
                                                                                                                        "Actual Total Time": 212.343,
                                                                                                                        "Actual Rows": 9752,
                                                                                                                        "Actual Loops": 1
                                                                                                                    },
                                                                                                                    {
                                                                                                                        "Worker Number": 1,
                                                                                                                        "Actual Startup Time": 89.951,
                                                                                                                        "Actual Total Time": 210.542,
                                                                                                                        "Actual Rows": 9407,
                                                                                                                        "Actual Loops": 1
                                                                                                                    },
                                                                                                                    {
                                                                                                                        "Worker Number": 2,
                                                                                                                        "Actual Startup Time": 89.942,
                                                                                                                        "Actual Total Time": 210.502,
                                                                                                                        "Actual Rows": 9348,
                                                                                                                        "Actual Loops": 1
                                                                                                                    },
                                                                                                                    {
                                                                                                                        "Worker Number": 3,
                                                                                                                        "Actual Startup Time": 90.399,
                                                                                                                        "Actual Total Time": 211.952,
                                                                                                                        "Actual Rows": 10114,
                                                                                                                        "Actual Loops": 1
                                                                                                                    }
                                                                                                                ]
                                                                                                            }
                                                                                                        ]
                                                                                                    }
                                                                                                ]
                                                                                            },
                                                                                            {
                                                                                                "Node Type": "Sort",
                                                                                                "Parent Relationship": "Inner",
                                                                                                "Parallel Aware": false,
                                                                                                "Startup Cost": 30007053184.87,
                                                                                                "Total Cost": 30007062051.66,
                                                                                                "Plan Rows": 3546716,
                                                                                                "Plan Width": 48,
                                                                                                "Actual Startup Time": 9480.42,
                                                                                                "Actual Total Time": 9607.072,
                                                                                                "Actual Rows": 850140,
                                                                                                "Actual Loops": 1,
                                                                                                "Output": [
                                                                                                    "an.person_id",
                                                                                                    "ci.movie_id",
                                                                                                    "ci.person_id",
                                                                                                    "ci.role_id",
                                                                                                    "chn.name",
                                                                                                    "mc.movie_id",
                                                                                                    "mc.company_id",
                                                                                                    "mi.movie_id",
                                                                                                    "mi.info_type_id"
                                                                                                ],
                                                                                                "Sort Key": [
                                                                                                    "an.person_id"
                                                                                                ],
                                                                                                "Sort Method": "quicksort",
                                                                                                "Sort Space Used": 103568,
                                                                                                "Sort Space Type": "Memory",
                                                                                                "Plans": [
                                                                                                    {
                                                                                                        "Node Type": "Gather",
                                                                                                        "Parent Relationship": "Outer",
                                                                                                        "Parallel Aware": false,
                                                                                                        "Startup Cost": 30003709734.74,
                                                                                                        "Total Cost": 30006667336.71,
                                                                                                        "Plan Rows": 3546716,
                                                                                                        "Plan Width": 48,
                                                                                                        "Actual Startup Time": 8387.648,
                                                                                                        "Actual Total Time": 9303.337,
                                                                                                        "Actual Rows": 850140,
                                                                                                        "Actual Loops": 1,
                                                                                                        "Output": [
                                                                                                            "an.person_id",
                                                                                                            "ci.movie_id",
                                                                                                            "ci.person_id",
                                                                                                            "ci.role_id",
                                                                                                            "chn.name",
                                                                                                            "mc.movie_id",
                                                                                                            "mc.company_id",
                                                                                                            "mi.movie_id",
                                                                                                            "mi.info_type_id"
                                                                                                        ],
                                                                                                        "Workers Planned": 3,
                                                                                                        "Workers Launched": 3,
                                                                                                        "Single Copy": false,
                                                                                                        "Plans": [
                                                                                                            {
                                                                                                                "Node Type": "Hash Join",
                                                                                                                "Parent Relationship": "Outer",
                                                                                                                "Parallel Aware": true,
                                                                                                                "Join Type": "Inner",
                                                                                                                "Startup Cost": 30003708734.74,
                                                                                                                "Total Cost": 30006311665.11,
                                                                                                                "Plan Rows": 1144102,
                                                                                                                "Plan Width": 48,
                                                                                                                "Actual Startup Time": 8377.279,
                                                                                                                "Actual Total Time": 9261.773,
                                                                                                                "Actual Rows": 212535,
                                                                                                                "Actual Loops": 4,
                                                                                                                "Output": [
                                                                                                                    "an.person_id",
                                                                                                                    "ci.movie_id",
                                                                                                                    "ci.person_id",
                                                                                                                    "ci.role_id",
                                                                                                                    "chn.name",
                                                                                                                    "mc.movie_id",
                                                                                                                    "mc.company_id",
                                                                                                                    "mi.movie_id",
                                                                                                                    "mi.info_type_id"
                                                                                                                ],
                                                                                                                "Inner Unique": false,
                                                                                                                "Hash Cond": "(mc.movie_id = mi.movie_id)",
                                                                                                                "Workers": [
                                                                                                                    {
                                                                                                                        "Worker Number": 0,
                                                                                                                        "Actual Startup Time": 8374.9,
                                                                                                                        "Actual Total Time": 9286.378,
                                                                                                                        "Actual Rows": 223770,
                                                                                                                        "Actual Loops": 1
                                                                                                                    },
                                                                                                                    {
                                                                                                                        "Worker Number": 1,
                                                                                                                        "Actual Startup Time": 8373.831,
                                                                                                                        "Actual Total Time": 9294.834,
                                                                                                                        "Actual Rows": 227909,
                                                                                                                        "Actual Loops": 1
                                                                                                                    },
                                                                                                                    {
                                                                                                                        "Worker Number": 2,
                                                                                                                        "Actual Startup Time": 8373.781,
                                                                                                                        "Actual Total Time": 9293.912,
                                                                                                                        "Actual Rows": 212039,
                                                                                                                        "Actual Loops": 1
                                                                                                                    }
                                                                                                                ],
                                                                                                                "Plans": [
                                                                                                                    {
                                                                                                                        "Node Type": "Hash Join",
                                                                                                                        "Parent Relationship": "Outer",
                                                                                                                        "Parallel Aware": true,
                                                                                                                        "Join Type": "Inner",
                                                                                                                        "Startup Cost": 30002797822.59,
                                                                                                                        "Total Cost": 30002950657.25,
                                                                                                                        "Plan Rows": 1806500,
                                                                                                                        "Plan Width": 40,
                                                                                                                        "Actual Startup Time": 7206.594,
                                                                                                                        "Actual Total Time": 8008.554,
                                                                                                                        "Actual Rows": 851343,
                                                                                                                        "Actual Loops": 4,
                                                                                                                        "Output": [
                                                                                                                            "an.person_id",
                                                                                                                            "ci.movie_id",
                                                                                                                            "ci.person_id",
                                                                                                                            "ci.role_id",
                                                                                                                            "chn.name",
                                                                                                                            "mc.movie_id",
                                                                                                                            "mc.company_id"
                                                                                                                        ],
                                                                                                                        "Inner Unique": false,
                                                                                                                        "Hash Cond": "(mc.movie_id = ci.movie_id)",
                                                                                                                        "Workers": [
                                                                                                                            {
                                                                                                                                "Worker Number": 0,
                                                                                                                                "Actual Startup Time": 7206.765,
                                                                                                                                "Actual Total Time": 8037.633,
                                                                                                                                "Actual Rows": 794988,
                                                                                                                                "Actual Loops": 1
                                                                                                                            },
                                                                                                                            {
                                                                                                                                "Worker Number": 1,
                                                                                                                                "Actual Startup Time": 7206.516,
                                                                                                                                "Actual Total Time": 8043.712,
                                                                                                                                "Actual Rows": 822875,
                                                                                                                                "Actual Loops": 1
                                                                                                                            },
                                                                                                                            {
                                                                                                                                "Worker Number": 2,
                                                                                                                                "Actual Startup Time": 7206.307,
                                                                                                                                "Actual Total Time": 8042.135,
                                                                                                                                "Actual Rows": 873134,
                                                                                                                                "Actual Loops": 1
                                                                                                                            }
                                                                                                                        ],
                                                                                                                        "Plans": [
                                                                                                                            {
                                                                                                                                "Node Type": "Index Scan",
                                                                                                                                "Parent Relationship": "Outer",
                                                                                                                                "Parallel Aware": true,
                                                                                                                                "Scan Direction": "Forward",
                                                                                                                                "Index Name": "company_id_movie_companies",
                                                                                                                                "Relation Name": "movie_companies",
                                                                                                                                "Schema": "public",
                                                                                                                                "Alias": "mc",
                                                                                                                                "Startup Cost": 10000000000.43,
                                                                                                                                "Total Cost": 10000113341.46,
                                                                                                                                "Plan Rows": 841655,
                                                                                                                                "Plan Width": 8,
                                                                                                                                "Actual Startup Time": 0.108,
                                                                                                                                "Actual Total Time": 404.03,
                                                                                                                                "Actual Rows": 652282,
                                                                                                                                "Actual Loops": 4,
                                                                                                                                "Output": [
                                                                                                                                    "mc.id",
                                                                                                                                    "mc.movie_id",
                                                                                                                                    "mc.company_id",
                                                                                                                                    "mc.company_type_id",
                                                                                                                                    "mc.note"
                                                                                                                                ],
                                                                                                                                "Workers": [
                                                                                                                                    {
                                                                                                                                        "Worker Number": 0,
                                                                                                                                        "Actual Startup Time": 0.124,
                                                                                                                                        "Actual Total Time": 433.393,
                                                                                                                                        "Actual Rows": 689282,
                                                                                                                                        "Actual Loops": 1
                                                                                                                                    },
                                                                                                                                    {
                                                                                                                                        "Worker Number": 1,
                                                                                                                                        "Actual Startup Time": 0.147,
                                                                                                                                        "Actual Total Time": 429.702,
                                                                                                                                        "Actual Rows": 694810,
                                                                                                                                        "Actual Loops": 1
                                                                                                                                    },
                                                                                                                                    {
                                                                                                                                        "Worker Number": 2,
                                                                                                                                        "Actual Startup Time": 0.066,
                                                                                                                                        "Actual Total Time": 426.513,
                                                                                                                                        "Actual Rows": 671678,
                                                                                                                                        "Actual Loops": 1
                                                                                                                                    }
                                                                                                                                ]
                                                                                                                            },
                                                                                                                            {
                                                                                                                                "Node Type": "Hash",
                                                                                                                                "Parent Relationship": "Inner",
                                                                                                                                "Parallel Aware": true,
                                                                                                                                "Startup Cost": 20002789654.97,
                                                                                                                                "Total Cost": 20002789654.97,
                                                                                                                                "Plan Rows": 653375,
                                                                                                                                "Plan Width": 32,
                                                                                                                                "Actual Startup Time": 7201.556,
                                                                                                                                "Actual Total Time": 7201.567,
                                                                                                                                "Actual Rows": 433066,
                                                                                                                                "Actual Loops": 4,
                                                                                                                                "Output": [
                                                                                                                                    "an.person_id",
                                                                                                                                    "ci.movie_id",
                                                                                                                                    "ci.person_id",
                                                                                                                                    "ci.role_id",
                                                                                                                                    "chn.name"
                                                                                                                                ],
                                                                                                                                "Hash Buckets": 2097152,
                                                                                                                                "Original Hash Buckets": 2097152,
                                                                                                                                "Hash Batches": 1,
                                                                                                                                "Original Hash Batches": 1,
                                                                                                                                "Peak Memory Usage": 123360,
                                                                                                                                "Workers": [
                                                                                                                                    {
                                                                                                                                        "Worker Number": 0,
                                                                                                                                        "Actual Startup Time": 7187.7,
                                                                                                                                        "Actual Total Time": 7187.707,
                                                                                                                                        "Actual Rows": 437742,
                                                                                                                                        "Actual Loops": 1
                                                                                                                                    },
                                                                                                                                    {
                                                                                                                                        "Worker Number": 1,
                                                                                                                                        "Actual Startup Time": 7206.273,
                                                                                                                                        "Actual Total Time": 7206.28,
                                                                                                                                        "Actual Rows": 449218,
                                                                                                                                        "Actual Loops": 1
                                                                                                                                    },
                                                                                                                                    {
                                                                                                                                        "Worker Number": 2,
                                                                                                                                        "Actual Startup Time": 7206.197,
                                                                                                                                        "Actual Total Time": 7206.203,
                                                                                                                                        "Actual Rows": 384537,
                                                                                                                                        "Actual Loops": 1
                                                                                                                                    }
                                                                                                                                ],
                                                                                                                                "Plans": [
                                                                                                                                    {
                                                                                                                                        "Node Type": "Hash Join",
                                                                                                                                        "Parent Relationship": "Outer",
                                                                                                                                        "Parallel Aware": true,
                                                                                                                                        "Join Type": "Inner",
                                                                                                                                        "Startup Cost": 20001564899.9,
                                                                                                                                        "Total Cost": 20002789654.97,
                                                                                                                                        "Plan Rows": 653375,
                                                                                                                                        "Plan Width": 32,
                                                                                                                                        "Actual Startup Time": 6875.883,
                                                                                                                                        "Actual Total Time": 7020.116,
                                                                                                                                        "Actual Rows": 433066,
                                                                                                                                        "Actual Loops": 4,
                                                                                                                                        "Output": [
                                                                                                                                            "an.person_id",
                                                                                                                                            "ci.movie_id",
                                                                                                                                            "ci.person_id",
                                                                                                                                            "ci.role_id",
                                                                                                                                            "chn.name"
                                                                                                                                        ],
                                                                                                                                        "Inner Unique": false,
                                                                                                                                        "Hash Cond": "(an.person_id = ci.person_id)",
                                                                                                                                        "Workers": [
                                                                                                                                            {
                                                                                                                                                "Worker Number": 0,
                                                                                                                                                "Actual Startup Time": 6875.84,
                                                                                                                                                "Actual Total Time": 7029.885,
                                                                                                                                                "Actual Rows": 437742,
                                                                                                                                                "Actual Loops": 1
                                                                                                                                            },
                                                                                                                                            {
                                                                                                                                                "Worker Number": 1,
                                                                                                                                                "Actual Startup Time": 6875.624,
                                                                                                                                                "Actual Total Time": 7017.163,
                                                                                                                                                "Actual Rows": 449218,
                                                                                                                                                "Actual Loops": 1
                                                                                                                                            },
                                                                                                                                            {
                                                                                                                                                "Worker Number": 2,
                                                                                                                                                "Actual Startup Time": 6875.866,
                                                                                                                                                "Actual Total Time": 7022.629,
                                                                                                                                                "Actual Rows": 384537,
                                                                                                                                                "Actual Loops": 1
                                                                                                                                            }
                                                                                                                                        ],
                                                                                                                                        "Plans": [
                                                                                                                                            {
                                                                                                                                                "Node Type": "Seq Scan",
                                                                                                                                                "Parent Relationship": "Outer",
                                                                                                                                                "Parallel Aware": true,
                                                                                                                                                "Relation Name": "aka_name",
                                                                                                                                                "Schema": "public",
                                                                                                                                                "Alias": "an",
                                                                                                                                                "Startup Cost": 10000000000.0,
                                                                                                                                                "Total Cost": 10000014303.56,
                                                                                                                                                "Plan Rows": 290756,
                                                                                                                                                "Plan Width": 4,
                                                                                                                                                "Actual Startup Time": 0.061,
                                                                                                                                                "Actual Total Time": 31.016,
                                                                                                                                                "Actual Rows": 225336,
                                                                                                                                                "Actual Loops": 4,
                                                                                                                                                "Output": [
                                                                                                                                                    "an.id",
                                                                                                                                                    "an.person_id",
                                                                                                                                                    "an.name",
                                                                                                                                                    "an.imdb_index",
                                                                                                                                                    "an.name_pcode_cf",
                                                                                                                                                    "an.name_pcode_nf",
                                                                                                                                                    "an.surname_pcode",
                                                                                                                                                    "an.md5sum"
                                                                                                                                                ],
                                                                                                                                                "Workers": [
                                                                                                                                                    {
                                                                                                                                                        "Worker Number": 0,
                                                                                                                                                        "Actual Startup Time": 0.055,
                                                                                                                                                        "Actual Total Time": 36.648,
                                                                                                                                                        "Actual Rows": 275590,
                                                                                                                                                        "Actual Loops": 1
                                                                                                                                                    },
                                                                                                                                                    {
                                                                                                                                                        "Worker Number": 1,
                                                                                                                                                        "Actual Startup Time": 0.03,
                                                                                                                                                        "Actual Total Time": 30.175,
                                                                                                                                                        "Actual Rows": 203531,
                                                                                                                                                        "Actual Loops": 1
                                                                                                                                                    },
                                                                                                                                                    {
                                                                                                                                                        "Worker Number": 2,
                                                                                                                                                        "Actual Startup Time": 0.086,
                                                                                                                                                        "Actual Total Time": 33.744,
                                                                                                                                                        "Actual Rows": 226777,
                                                                                                                                                        "Actual Loops": 1
                                                                                                                                                    }
                                                                                                                                                ]
                                                                                                                                            },
                                                                                                                                            {
                                                                                                                                                "Node Type": "Hash",
                                                                                                                                                "Parent Relationship": "Inner",
                                                                                                                                                "Parallel Aware": true,
                                                                                                                                                "Startup Cost": 10001562271.58,
                                                                                                                                                "Total Cost": 10001562271.58,
                                                                                                                                                "Plan Rows": 210266,
                                                                                                                                                "Plan Width": 28,
                                                                                                                                                "Actual Startup Time": 6873.209,
                                                                                                                                                "Actual Total Time": 6873.216,
                                                                                                                                                "Actual Rows": 200315,
                                                                                                                                                "Actual Loops": 4,
                                                                                                                                                "Output": [
                                                                                                                                                    "chn.name",
                                                                                                                                                    "ci.movie_id",
                                                                                                                                                    "ci.person_id",
                                                                                                                                                    "ci.role_id"
                                                                                                                                                ],
                                                                                                                                                "Hash Buckets": 1048576,
                                                                                                                                                "Original Hash Buckets": 1048576,
                                                                                                                                                "Hash Batches": 1,
                                                                                                                                                "Original Hash Batches": 1,
                                                                                                                                                "Peak Memory Usage": 55008,
                                                                                                                                                "Workers": [
                                                                                                                                                    {
                                                                                                                                                        "Worker Number": 0,
                                                                                                                                                        "Actual Startup Time": 6866.369,
                                                                                                                                                        "Actual Total Time": 6866.373,
                                                                                                                                                        "Actual Rows": 176610,
                                                                                                                                                        "Actual Loops": 1
                                                                                                                                                    },
                                                                                                                                                    {
                                                                                                                                                        "Worker Number": 1,
                                                                                                                                                        "Actual Startup Time": 6875.504,
                                                                                                                                                        "Actual Total Time": 6875.507,
                                                                                                                                                        "Actual Rows": 191048,
                                                                                                                                                        "Actual Loops": 1
                                                                                                                                                    },
                                                                                                                                                    {
                                                                                                                                                        "Worker Number": 2,
                                                                                                                                                        "Actual Startup Time": 6875.49,
                                                                                                                                                        "Actual Total Time": 6875.493,
                                                                                                                                                        "Actual Rows": 169468,
                                                                                                                                                        "Actual Loops": 1
                                                                                                                                                    }
                                                                                                                                                ],
                                                                                                                                                "Plans": [
                                                                                                                                                    {
                                                                                                                                                        "Node Type": "Merge Join",
                                                                                                                                                        "Parent Relationship": "Outer",
                                                                                                                                                        "Parallel Aware": false,
                                                                                                                                                        "Join Type": "Inner",
                                                                                                                                                        "Startup Cost": 10001555484.54,
                                                                                                                                                        "Total Cost": 10001562271.58,
                                                                                                                                                        "Plan Rows": 210266,
                                                                                                                                                        "Plan Width": 28,
                                                                                                                                                        "Actual Startup Time": 6212.433,
                                                                                                                                                        "Actual Total Time": 6537.137,
                                                                                                                                                        "Actual Rows": 200315,
                                                                                                                                                        "Actual Loops": 4,
                                                                                                                                                        "Output": [
                                                                                                                                                            "chn.name",
                                                                                                                                                            "ci.movie_id",
                                                                                                                                                            "ci.person_id",
                                                                                                                                                            "ci.role_id"
                                                                                                                                                        ],
                                                                                                                                                        "Inner Unique": false,
                                                                                                                                                        "Merge Cond": "(chn.id = ci.person_role_id)",
                                                                                                                                                        "Workers": [
                                                                                                                                                            {
                                                                                                                                                                "Worker Number": 0,
                                                                                                                                                                "Actual Startup Time": 6531.777,
                                                                                                                                                                "Actual Total Time": 6821.405,
                                                                                                                                                                "Actual Rows": 176610,
                                                                                                                                                                "Actual Loops": 1
                                                                                                                                                            },
                                                                                                                                                            {
                                                                                                                                                                "Worker Number": 1,
                                                                                                                                                                "Actual Startup Time": 6220.239,
                                                                                                                                                                "Actual Total Time": 6525.642,
                                                                                                                                                                "Actual Rows": 191048,
                                                                                                                                                                "Actual Loops": 1
                                                                                                                                                            },
                                                                                                                                                            {
                                                                                                                                                                "Worker Number": 2,
                                                                                                                                                                "Actual Startup Time": 6107.89,
                                                                                                                                                                "Actual Total Time": 6416.092,
                                                                                                                                                                "Actual Rows": 169468,
                                                                                                                                                                "Actual Loops": 1
                                                                                                                                                            }
                                                                                                                                                        ],
                                                                                                                                                        "Plans": [
                                                                                                                                                            {
                                                                                                                                                                "Node Type": "Sort",
                                                                                                                                                                "Parent Relationship": "Outer",
                                                                                                                                                                "Parallel Aware": false,
                                                                                                                                                                "Startup Cost": 10000121165.22,
                                                                                                                                                                "Total Cost": 10000123127.86,
                                                                                                                                                                "Plan Rows": 785057,
                                                                                                                                                                "Plan Width": 20,
                                                                                                                                                                "Actual Startup Time": 509.075,
                                                                                                                                                                "Actual Total Time": 614.137,
                                                                                                                                                                "Actual Rows": 785048,
                                                                                                                                                                "Actual Loops": 4,
                                                                                                                                                                "Output": [
                                                                                                                                                                    "chn.name",
                                                                                                                                                                    "chn.id"
                                                                                                                                                                ],
                                                                                                                                                                "Sort Key": [
                                                                                                                                                                    "chn.id"
                                                                                                                                                                ],
                                                                                                                                                                "Sort Method": "quicksort",
                                                                                                                                                                "Sort Space Used": 122838,
                                                                                                                                                                "Sort Space Type": "Memory",
                                                                                                                                                                "Workers": [
                                                                                                                                                                    {
                                                                                                                                                                        "Worker Number": 0,
                                                                                                                                                                        "Actual Startup Time": 504.422,
                                                                                                                                                                        "Actual Total Time": 592.212,
                                                                                                                                                                        "Actual Rows": 675303,
                                                                                                                                                                        "Actual Loops": 1
                                                                                                                                                                    },
                                                                                                                                                                    {
                                                                                                                                                                        "Worker Number": 1,
                                                                                                                                                                        "Actual Startup Time": 510.544,
                                                                                                                                                                        "Actual Total Time": 603.747,
                                                                                                                                                                        "Actual Rows": 706045,
                                                                                                                                                                        "Actual Loops": 1
                                                                                                                                                                    },
                                                                                                                                                                    {
                                                                                                                                                                        "Worker Number": 2,
                                                                                                                                                                        "Actual Startup Time": 512.44,
                                                                                                                                                                        "Actual Total Time": 608.331,
                                                                                                                                                                        "Actual Rows": 710268,
                                                                                                                                                                        "Actual Loops": 1
                                                                                                                                                                    }
                                                                                                                                                                ],
                                                                                                                                                                "Plans": [
                                                                                                                                                                    {
                                                                                                                                                                        "Node Type": "Seq Scan",
                                                                                                                                                                        "Parent Relationship": "Outer",
                                                                                                                                                                        "Parallel Aware": true,
                                                                                                                                                                        "Relation Name": "char_name",
                                                                                                                                                                        "Schema": "public",
                                                                                                                                                                        "Alias": "chn",
                                                                                                                                                                        "Startup Cost": 10000000000.0,
                                                                                                                                                                        "Total Cost": 10000044298.57,
                                                                                                                                                                        "Plan Rows": 785057,
                                                                                                                                                                        "Plan Width": 20,
                                                                                                                                                                        "Actual Startup Time": 0.032,
                                                                                                                                                                        "Actual Total Time": 152.144,
                                                                                                                                                                        "Actual Rows": 785085,
                                                                                                                                                                        "Actual Loops": 4,
                                                                                                                                                                        "Output": [
                                                                                                                                                                            "chn.name",
                                                                                                                                                                            "chn.id"
                                                                                                                                                                        ],
                                                                                                                                                                        "Workers": [
                                                                                                                                                                            {
                                                                                                                                                                                "Worker Number": 0,
                                                                                                                                                                                "Actual Startup Time": 0.029,
                                                                                                                                                                                "Actual Total Time": 157.471,
                                                                                                                                                                                "Actual Rows": 675356,
                                                                                                                                                                                "Actual Loops": 1
                                                                                                                                                                            },
                                                                                                                                                                            {
                                                                                                                                                                                "Worker Number": 1,
                                                                                                                                                                                "Actual Startup Time": 0.032,
                                                                                                                                                                                "Actual Total Time": 157.981,
                                                                                                                                                                                "Actual Rows": 706088,
                                                                                                                                                                                "Actual Loops": 1
                                                                                                                                                                            },
                                                                                                                                                                            {
                                                                                                                                                                                "Worker Number": 2,
                                                                                                                                                                                "Actual Startup Time": 0.051,
                                                                                                                                                                                "Actual Total Time": 158.53,
                                                                                                                                                                                "Actual Rows": 710317,
                                                                                                                                                                                "Actual Loops": 1
                                                                                                                                                                            }
                                                                                                                                                                        ]
                                                                                                                                                                    }
                                                                                                                                                                ]
                                                                                                                                                            },
                                                                                                                                                            {
                                                                                                                                                                "Node Type": "Sort",
                                                                                                                                                                "Parent Relationship": "Inner",
                                                                                                                                                                "Parallel Aware": false,
                                                                                                                                                                "Startup Cost": 1434106.59,
                                                                                                                                                                "Total Cost": 1436209.25,
                                                                                                                                                                "Plan Rows": 841064,
                                                                                                                                                                "Plan Width": 16,
                                                                                                                                                                "Actual Startup Time": 5702.111,
                                                                                                                                                                "Actual Total Time": 5776.028,
                                                                                                                                                                "Actual Rows": 800251,
                                                                                                                                                                "Actual Loops": 4,
                                                                                                                                                                "Output": [
                                                                                                                                                                    "ci.movie_id",
                                                                                                                                                                    "ci.person_id",
                                                                                                                                                                    "ci.role_id",
                                                                                                                                                                    "ci.person_role_id"
                                                                                                                                                                ],
                                                                                                                                                                "Sort Key": [
                                                                                                                                                                    "ci.person_role_id"
                                                                                                                                                                ],
                                                                                                                                                                "Sort Method": "quicksort",
                                                                                                                                                                "Sort Space Used": 65239,
                                                                                                                                                                "Sort Space Type": "Memory",
                                                                                                                                                                "Workers": [
                                                                                                                                                                    {
                                                                                                                                                                        "Worker Number": 0,
                                                                                                                                                                        "Actual Startup Time": 6027.34,
                                                                                                                                                                        "Actual Total Time": 6097.231,
                                                                                                                                                                        "Actual Rows": 801260,
                                                                                                                                                                        "Actual Loops": 1
                                                                                                                                                                    },
                                                                                                                                                                    {
                                                                                                                                                                        "Worker Number": 1,
                                                                                                                                                                        "Actual Startup Time": 5708.016,
                                                                                                                                                                        "Actual Total Time": 5783.15,
                                                                                                                                                                        "Actual Rows": 801260,
                                                                                                                                                                        "Actual Loops": 1
                                                                                                                                                                    },
                                                                                                                                                                    {
                                                                                                                                                                        "Worker Number": 2,
                                                                                                                                                                        "Actual Startup Time": 5593.817,
                                                                                                                                                                        "Actual Total Time": 5668.676,
                                                                                                                                                                        "Actual Rows": 801260,
                                                                                                                                                                        "Actual Loops": 1
                                                                                                                                                                    }
                                                                                                                                                                ],
                                                                                                                                                                "Plans": [
                                                                                                                                                                    {
                                                                                                                                                                        "Node Type": "Index Scan",
                                                                                                                                                                        "Parent Relationship": "Outer",
                                                                                                                                                                        "Parallel Aware": false,
                                                                                                                                                                        "Scan Direction": "Forward",
                                                                                                                                                                        "Index Name": "role_id_cast_info",
                                                                                                                                                                        "Relation Name": "cast_info",
                                                                                                                                                                        "Schema": "public",
                                                                                                                                                                        "Alias": "ci",
                                                                                                                                                                        "Startup Cost": 0.56,
                                                                                                                                                                        "Total Cost": 1351338.08,
                                                                                                                                                                        "Plan Rows": 841064,
                                                                                                                                                                        "Plan Width": 16,
                                                                                                                                                                        "Actual Startup Time": 0.063,
                                                                                                                                                                        "Actual Total Time": 5475.316,
                                                                                                                                                                        "Actual Rows": 867477,
                                                                                                                                                                        "Actual Loops": 4,
                                                                                                                                                                        "Output": [
                                                                                                                                                                            "ci.movie_id",
                                                                                                                                                                            "ci.person_id",
                                                                                                                                                                            "ci.role_id",
                                                                                                                                                                            "ci.person_role_id"
                                                                                                                                                                        ],
                                                                                                                                                                        "Filter": "(ci.note = ANY ('{(voice),\"(voice: Japanese version)\",\"(voice) (uncredited)\",\"(voice: English version)\"}'::text[]))",
                                                                                                                                                                        "Rows Removed by Filter": 35376867,
                                                                                                                                                                        "Workers": [
                                                                                                                                                                            {
                                                                                                                                                                                "Worker Number": 0,
                                                                                                                                                                                "Actual Startup Time": 0.113,
                                                                                                                                                                                "Actual Total Time": 5777.527,
                                                                                                                                                                                "Actual Rows": 867477,
                                                                                                                                                                                "Actual Loops": 1
                                                                                                                                                                            },
                                                                                                                                                                            {
                                                                                                                                                                                "Worker Number": 1,
                                                                                                                                                                                "Actual Startup Time": 0.058,
                                                                                                                                                                                "Actual Total Time": 5475.522,
                                                                                                                                                                                "Actual Rows": 867477,
                                                                                                                                                                                "Actual Loops": 1
                                                                                                                                                                            },
                                                                                                                                                                            {
                                                                                                                                                                                "Worker Number": 2,
                                                                                                                                                                                "Actual Startup Time": 0.053,
                                                                                                                                                                                "Actual Total Time": 5362.601,
                                                                                                                                                                                "Actual Rows": 867477,
                                                                                                                                                                                "Actual Loops": 1
                                                                                                                                                                            }
                                                                                                                                                                        ]
                                                                                                                                                                    }
                                                                                                                                                                ]
                                                                                                                                                            }
                                                                                                                                                        ]
                                                                                                                                                    }
                                                                                                                                                ]
                                                                                                                                            }
                                                                                                                                        ]
                                                                                                                                    }
                                                                                                                                ]
                                                                                                                            }
                                                                                                                        ]
                                                                                                                    },
                                                                                                                    {
                                                                                                                        "Node Type": "Hash",
                                                                                                                        "Parent Relationship": "Inner",
                                                                                                                        "Parallel Aware": true,
                                                                                                                        "Startup Cost": 910145.77,
                                                                                                                        "Total Cost": 910145.77,
                                                                                                                        "Plan Rows": 61311,
                                                                                                                        "Plan Width": 8,
                                                                                                                        "Actual Startup Time": 1168.35,
                                                                                                                        "Actual Total Time": 1168.351,
                                                                                                                        "Actual Rows": 75312,
                                                                                                                        "Actual Loops": 4,
                                                                                                                        "Output": [
                                                                                                                            "mi.movie_id",
                                                                                                                            "mi.info_type_id"
                                                                                                                        ],
                                                                                                                        "Hash Buckets": 524288,
                                                                                                                        "Original Hash Buckets": 524288,
                                                                                                                        "Hash Batches": 1,
                                                                                                                        "Original Hash Batches": 1,
                                                                                                                        "Peak Memory Usage": 15904,
                                                                                                                        "Workers": [
                                                                                                                            {
                                                                                                                                "Worker Number": 0,
                                                                                                                                "Actual Startup Time": 1166.82,
                                                                                                                                "Actual Total Time": 1166.82,
                                                                                                                                "Actual Rows": 63707,
                                                                                                                                "Actual Loops": 1
                                                                                                                            },
                                                                                                                            {
                                                                                                                                "Worker Number": 1,
                                                                                                                                "Actual Startup Time": 1166.427,
                                                                                                                                "Actual Total Time": 1166.428,
                                                                                                                                "Actual Rows": 67002,
                                                                                                                                "Actual Loops": 1
                                                                                                                            },
                                                                                                                            {
                                                                                                                                "Worker Number": 2,
                                                                                                                                "Actual Startup Time": 1166.149,
                                                                                                                                "Actual Total Time": 1166.15,
                                                                                                                                "Actual Rows": 61832,
                                                                                                                                "Actual Loops": 1
                                                                                                                            }
                                                                                                                        ],
                                                                                                                        "Plans": [
                                                                                                                            {
                                                                                                                                "Node Type": "Index Scan",
                                                                                                                                "Parent Relationship": "Outer",
                                                                                                                                "Parallel Aware": true,
                                                                                                                                "Scan Direction": "Forward",
                                                                                                                                "Index Name": "info_type_id_movie_info",
                                                                                                                                "Relation Name": "movie_info",
                                                                                                                                "Schema": "public",
                                                                                                                                "Alias": "mi",
                                                                                                                                "Startup Cost": 0.43,
                                                                                                                                "Total Cost": 910145.77,
                                                                                                                                "Plan Rows": 61311,
                                                                                                                                "Plan Width": 8,
                                                                                                                                "Actual Startup Time": 190.094,
                                                                                                                                "Actual Total Time": 1135.323,
                                                                                                                                "Actual Rows": 75312,
                                                                                                                                "Actual Loops": 4,
                                                                                                                                "Output": [
                                                                                                                                    "mi.movie_id",
                                                                                                                                    "mi.info_type_id"
                                                                                                                                ],
                                                                                                                                "Filter": "((mi.info IS NOT NULL) AND ((mi.info ~~ 'Japan:%201%'::text) OR (mi.info ~~ 'USA:%201%'::text)))",
                                                                                                                                "Rows Removed by Filter": 3633618,
                                                                                                                                "Workers": [
                                                                                                                                    {
                                                                                                                                        "Worker Number": 0,
                                                                                                                                        "Actual Startup Time": 26.584,
                                                                                                                                        "Actual Total Time": 1133.833,
                                                                                                                                        "Actual Rows": 63707,
                                                                                                                                        "Actual Loops": 1
                                                                                                                                    },
                                                                                                                                    {
                                                                                                                                        "Worker Number": 1,
                                                                                                                                        "Actual Startup Time": 24.776,
                                                                                                                                        "Actual Total Time": 1132.517,
                                                                                                                                        "Actual Rows": 67002,
                                                                                                                                        "Actual Loops": 1
                                                                                                                                    },
                                                                                                                                    {
                                                                                                                                        "Worker Number": 2,
                                                                                                                                        "Actual Startup Time": 680.21,
                                                                                                                                        "Actual Total Time": 1136.716,
                                                                                                                                        "Actual Rows": 61832,
                                                                                                                                        "Actual Loops": 1
                                                                                                                                    }
                                                                                                                                ]
                                                                                                                            }
                                                                                                                        ]
                                                                                                                    }
                                                                                                                ]
                                                                                                            }
                                                                                                        ]
                                                                                                    }
                                                                                                ]
                                                                                            }
                                                                                        ]
                                                                                    },
                                                                                    {
                                                                                        "Node Type": "Hash",
                                                                                        "Parent Relationship": "Inner",
                                                                                        "Parallel Aware": false,
                                                                                        "Startup Cost": 10000000014.12,
                                                                                        "Total Cost": 10000000014.12,
                                                                                        "Plan Rows": 1,
                                                                                        "Plan Width": 4,
                                                                                        "Actual Startup Time": 0.031,
                                                                                        "Actual Total Time": 0.033,
                                                                                        "Actual Rows": 1,
                                                                                        "Actual Loops": 1,
                                                                                        "Output": [
                                                                                            "it.id"
                                                                                        ],
                                                                                        "Hash Buckets": 1024,
                                                                                        "Original Hash Buckets": 1024,
                                                                                        "Hash Batches": 1,
                                                                                        "Original Hash Batches": 1,
                                                                                        "Peak Memory Usage": 9,
                                                                                        "Plans": [
                                                                                            {
                                                                                                "Node Type": "Index Scan",
                                                                                                "Parent Relationship": "Outer",
                                                                                                "Parallel Aware": false,
                                                                                                "Scan Direction": "Forward",
                                                                                                "Index Name": "info_type_pkey",
                                                                                                "Relation Name": "info_type",
                                                                                                "Schema": "public",
                                                                                                "Alias": "it",
                                                                                                "Startup Cost": 10000000000.14,
                                                                                                "Total Cost": 10000000014.12,
                                                                                                "Plan Rows": 1,
                                                                                                "Plan Width": 4,
                                                                                                "Actual Startup Time": 0.017,
                                                                                                "Actual Total Time": 0.028,
                                                                                                "Actual Rows": 1,
                                                                                                "Actual Loops": 1,
                                                                                                "Output": [
                                                                                                    "it.id"
                                                                                                ],
                                                                                                "Filter": "((it.info)::text = 'release dates'::text)",
                                                                                                "Rows Removed by Filter": 112
                                                                                            }
                                                                                        ]
                                                                                    }
                                                                                ]
                                                                            },
                                                                            {
                                                                                "Node Type": "Hash",
                                                                                "Parent Relationship": "Inner",
                                                                                "Parallel Aware": false,
                                                                                "Startup Cost": 177177.46,
                                                                                "Total Cost": 177177.46,
                                                                                "Plan Rows": 4523930,
                                                                                "Plan Width": 8,
                                                                                "Actual Startup Time": 1873.231,
                                                                                "Actual Total Time": 1873.232,
                                                                                "Actual Rows": 4523930,
                                                                                "Actual Loops": 1,
                                                                                "Output": [
                                                                                    "mk.movie_id",
                                                                                    "mk.keyword_id"
                                                                                ],
                                                                                "Hash Buckets": 8388608,
                                                                                "Original Hash Buckets": 8388608,
                                                                                "Hash Batches": 1,
                                                                                "Original Hash Batches": 1,
                                                                                "Peak Memory Usage": 242253,
                                                                                "Plans": [
                                                                                    {
                                                                                        "Node Type": "Index Scan",
                                                                                        "Parent Relationship": "Outer",
                                                                                        "Parallel Aware": false,
                                                                                        "Scan Direction": "Forward",
                                                                                        "Index Name": "movie_id_movie_keyword",
                                                                                        "Relation Name": "movie_keyword",
                                                                                        "Schema": "public",
                                                                                        "Alias": "mk",
                                                                                        "Startup Cost": 0.43,
                                                                                        "Total Cost": 177177.46,
                                                                                        "Plan Rows": 4523930,
                                                                                        "Plan Width": 8,
                                                                                        "Actual Startup Time": 0.049,
                                                                                        "Actual Total Time": 1037.286,
                                                                                        "Actual Rows": 4523930,
                                                                                        "Actual Loops": 1,
                                                                                        "Output": [
                                                                                            "mk.movie_id",
                                                                                            "mk.keyword_id"
                                                                                        ]
                                                                                    }
                                                                                ]
                                                                            }
                                                                        ]
                                                                    }
                                                                ]
                                                            }
                                                        ]
                                                    }
                                                ]
                                            }
                                        ]
                                    }
                                ]
                            }
                        ]
                    },
                    {
                        "Node Type": "Bitmap Heap Scan",
                        "Parent Relationship": "Inner",
                        "Parallel Aware": false,
                        "Relation Name": "role_type",
                        "Schema": "public",
                        "Alias": "rt",
                        "Startup Cost": 0.14,
                        "Total Cost": 4.16,
                        "Plan Rows": 1,
                        "Plan Width": 4,
                        "Actual Startup Time": 0.007,
                        "Actual Total Time": 0.007,
                        "Actual Rows": 1,
                        "Actual Loops": 5,
                        "Output": [
                            "rt.id",
                            "rt.role"
                        ],
                        "Recheck Cond": "(rt.id = ci.role_id)",
                        "Rows Removed by Index Recheck": 0,
                        "Filter": "((rt.role)::text = 'actress'::text)",
                        "Rows Removed by Filter": 0,
                        "Exact Heap Blocks": 5,
                        "Lossy Heap Blocks": 0,
                        "Plans": [
                            {
                                "Node Type": "Bitmap Index Scan",
                                "Parent Relationship": "Outer",
                                "Parallel Aware": false,
                                "Index Name": "role_type_pkey",
                                "Startup Cost": 0.0,
                                "Total Cost": 0.14,
                                "Plan Rows": 1,
                                "Plan Width": 0,
                                "Actual Startup Time": 0.004,
                                "Actual Total Time": 0.004,
                                "Actual Rows": 1,
                                "Actual Loops": 5,
                                "Index Cond": "(rt.id = ci.role_id)"
                            }
                        ]
                    }
                ]
            }
        ]
    },
    "Planning Time": 59.192,
    "Triggers": [],
    "Execution Time": 12417.25
}