[
    {
        "Bao": {
            "Bao prediction": 504.724,
            "Bao recommended hint": "(no hint)"
        }
    },
    {
        "Plan": {
            "Node Type": "Aggregate",
            "Strategy": "Plain",
            "Partial Mode": "Finalize",
            "Parallel Aware": false,
            "Startup Cost": 352694.95,
            "Total Cost": 352694.96,
            "Plan Rows": 1,
            "Plan Width": 8,
            "Actual Startup Time": 1118.782,
            "Actual Total Time": 1150.892,
            "Actual Rows": 1,
            "Actual Loops": 1,
            "Output": [
                "count(*)"
            ],
            "Plans": [
                {
                    "Node Type": "Gather",
                    "Parent Relationship": "Outer",
                    "Parallel Aware": false,
                    "Startup Cost": 352694.33,
                    "Total Cost": 352694.93,
                    "Plan Rows": 6,
                    "Plan Width": 8,
                    "Actual Startup Time": 1118.496,
                    "Actual Total Time": 1150.882,
                    "Actual Rows": 7,
                    "Actual Loops": 1,
                    "Output": [
                        "(PARTIAL count(*))"
                    ],
                    "Workers Planned": 6,
                    "Workers Launched": 6,
                    "Single Copy": false,
                    "Plans": [
                        {
                            "Node Type": "Aggregate",
                            "Strategy": "Plain",
                            "Partial Mode": "Partial",
                            "Parent Relationship": "Outer",
                            "Parallel Aware": false,
                            "Startup Cost": 351694.33,
                            "Total Cost": 351694.34,
                            "Plan Rows": 1,
                            "Plan Width": 8,
                            "Actual Startup Time": 1108.971,
                            "Actual Total Time": 1108.972,
                            "Actual Rows": 1,
                            "Actual Loops": 7,
                            "Output": [
                                "PARTIAL count(*)"
                            ],
                            "Workers": [
                                {
                                    "Worker Number": 0,
                                    "Actual Startup Time": 1107.107,
                                    "Actual Total Time": 1107.108,
                                    "Actual Rows": 1,
                                    "Actual Loops": 1
                                },
                                {
                                    "Worker Number": 1,
                                    "Actual Startup Time": 1107.251,
                                    "Actual Total Time": 1107.252,
                                    "Actual Rows": 1,
                                    "Actual Loops": 1
                                },
                                {
                                    "Worker Number": 2,
                                    "Actual Startup Time": 1107.55,
                                    "Actual Total Time": 1107.551,
                                    "Actual Rows": 1,
                                    "Actual Loops": 1
                                },
                                {
                                    "Worker Number": 3,
                                    "Actual Startup Time": 1107.443,
                                    "Actual Total Time": 1107.445,
                                    "Actual Rows": 1,
                                    "Actual Loops": 1
                                },
                                {
                                    "Worker Number": 4,
                                    "Actual Startup Time": 1107.922,
                                    "Actual Total Time": 1107.923,
                                    "Actual Rows": 1,
                                    "Actual Loops": 1
                                },
                                {
                                    "Worker Number": 5,
                                    "Actual Startup Time": 1107.921,
                                    "Actual Total Time": 1107.922,
                                    "Actual Rows": 1,
                                    "Actual Loops": 1
                                }
                            ],
                            "Plans": [
                                {
                                    "Node Type": "Seq Scan",
                                    "Parent Relationship": "Outer",
                                    "Parallel Aware": true,
                                    "Relation Name": "cast_info",
                                    "Schema": "public",
                                    "Alias": "ci",
                                    "Startup Cost": 0.0,
                                    "Total Cost": 343318.94,
                                    "Plan Rows": 3350154,
                                    "Plan Width": 0,
                                    "Actual Startup Time": 9.105,
                                    "Actual Total Time": 920.88,
                                    "Actual Rows": 2848115,
                                    "Actual Loops": 7,
                                    "Output": [
                                        "id",
                                        "person_id",
                                        "movie_id",
                                        "person_role_id",
                                        "note",
                                        "nr_order",
                                        "role_id"
                                    ],
                                    "Filter": "((ci.person_id > 29125) AND (ci.role_id < 3))",
                                    "Rows Removed by Filter": 2329648,
                                    "Workers": [
                                        {
                                            "Worker Number": 0,
                                            "Actual Startup Time": 7.24,
                                            "Actual Total Time": 922.186,
                                            "Actual Rows": 2787544,
                                            "Actual Loops": 1
                                        },
                                        {
                                            "Worker Number": 1,
                                            "Actual Startup Time": 7.408,
                                            "Actual Total Time": 922.222,
                                            "Actual Rows": 2786934,
                                            "Actual Loops": 1
                                        },
                                        {
                                            "Worker Number": 2,
                                            "Actual Startup Time": 7.676,
                                            "Actual Total Time": 922.317,
                                            "Actual Rows": 2791044,
                                            "Actual Loops": 1
                                        },
                                        {
                                            "Worker Number": 3,
                                            "Actual Startup Time": 7.611,
                                            "Actual Total Time": 923.104,
                                            "Actual Rows": 2761059,
                                            "Actual Loops": 1
                                        },
                                        {
                                            "Worker Number": 4,
                                            "Actual Startup Time": 8.045,
                                            "Actual Total Time": 922.631,
                                            "Actual Rows": 2791792,
                                            "Actual Loops": 1
                                        },
                                        {
                                            "Worker Number": 5,
                                            "Actual Startup Time": 8.044,
                                            "Actual Total Time": 921.766,
                                            "Actual Rows": 2775300,
                                            "Actual Loops": 1
                                        }
                                    ]
                                }
                            ]
                        }
                    ]
                }
            ]
        },
        "Planning Time": 2402.478,
        "Triggers": [],
        "Execution Time": 1150.999
    }
]