[
  {
    "Plan": {
      "Node Type": "Aggregate",
      "Strategy": "Plain",
      "Partial Mode": "Finalize",
      "Parallel Aware": false,
      "Startup Cost": 71662.84,
      "Total Cost": 71662.85,
      "Plan Rows": 1,
      "Plan Width": 8,
      "Actual Startup Time": 150.666,
      "Actual Total Time": 161.582,
      "Actual Rows": 1,
      "Actual Loops": 1,
      "Plans": [
        {
          "Node Type": "Gather",
          "Parent Relationship": "Outer",
          "Parallel Aware": false,
          "Startup Cost": 71662.52,
          "Total Cost": 71662.83,
          "Plan Rows": 3,
          "Plan Width": 8,
          "Actual Startup Time": 150.108,
          "Actual Total Time": 161.574,
          "Actual Rows": 4,
          "Actual Loops": 1,
          "Workers Planned": 3,
          "Workers Launched": 3,
          "Single Copy": false,
          "Plans": [
            {
              "Node Type": "Aggregate",
              "Strategy": "Plain",
              "Partial Mode": "Partial",
              "Parent Relationship": "Outer",
              "Parallel Aware": false,
              "Startup Cost": 70662.52,
              "Total Cost": 70662.53,
              "Plan Rows": 1,
              "Plan Width": 8,
              "Actual Startup Time": 141.087,
              "Actual Total Time": 141.091,
              "Actual Rows": 1,
              "Actual Loops": 4,
              "Plans": [
                {
                  "Node Type": "Hash Join",
                  "Parent Relationship": "Outer",
                  "Parallel Aware": true,
                  "Join Type": "Inner",
                  "Startup Cost": 38513.24,
                  "Total Cost": 70638.05,
                  "Plan Rows": 9787,
                  "Plan Width": 0,
                  "Actual Startup Time": 72.417,
                  "Actual Total Time": 140.818,
                  "Actual Rows": 4931,
                  "Actual Loops": 4,
                  "Inner Unique": true,
                  "Hash Cond": "(mc.movie_id = t.id)",
                  "Plans": [
                    {
                      "Node Type": "Seq Scan",
                      "Parent Relationship": "Outer",
                      "Parallel Aware": true,
                      "Relation Name": "movie_companies",
                      "Alias": "mc",
                      "Startup Cost": 0.0,
                      "Total Cost": 31414.82,
                      "Plan Rows": 270474,
                      "Plan Width": 4,
                      "Actual Startup Time": 1.029,
                      "Actual Total Time": 61.087,
                      "Actual Rows": 158700,
                      "Actual Loops": 4,
                      "Filter": "((company_id > 2925) AND (company_type_id = 1))",
                      "Rows Removed by Filter": 493582
                    },
                    {
                      "Node Type": "Hash",
                      "Parent Relationship": "Inner",
                      "Parallel Aware": true,
                      "Startup Cost": 38227.35,
                      "Total Cost": 38227.35,
                      "Plan Rows": 22871,
                      "Plan Width": 4,
                      "Actual Startup Time": 59.197,
                      "Actual Total Time": 59.198,
                      "Actual Rows": 24768,
                      "Actual Loops": 4,
                      "Hash Buckets": 131072,
                      "Original Hash Buckets": 131072,
                      "Hash Batches": 1,
                      "Original Hash Batches": 1,
                      "Peak Memory Usage": 4960,
                      "Plans": [
                        {
                          "Node Type": "Bitmap Heap Scan",
                          "Parent Relationship": "Outer",
                          "Parallel Aware": true,
                          "Relation Name": "title",
                          "Alias": "t",
                          "Startup Cost": 1846.0,
                          "Total Cost": 38227.35,
                          "Plan Rows": 22871,
                          "Plan Width": 4,
                          "Actual Startup Time": 14.861,
                          "Actual Total Time": 49.193,
                          "Actual Rows": 24768,
                          "Actual Loops": 4,
                          "Recheck Cond": "(kind_id = 3)",
                          "Rows Removed by Index Recheck": 0,
                          "Filter": "(production_year > 1955)",
                          "Rows Removed by Filter": 366,
                          "Exact Heap Blocks": 7502,
                          "Lossy Heap Blocks": 0,
                          "Plans": [
                            {
                              "Node Type": "Bitmap Index Scan",
                              "Parent Relationship": "Outer",
                              "Parallel Aware": false,
                              "Index Name": "kind_id_title",
                              "Startup Cost": 0.0,
                              "Total Cost": 1823.13,
                              "Plan Rows": 102227,
                              "Plan Width": 0,
                              "Actual Startup Time": 14.328,
                              "Actual Total Time": 14.328,
                              "Actual Rows": 100537,
                              "Actual Loops": 1,
                              "Index Cond": "(kind_id = 3)"
                            }
                          ]
                        }
                      ]
                    }
                  ]
                }
              ]
            }
          ]
        }
      ]
    },
    "Planning Time": 0.67,
    "Triggers": [],
    "Execution Time": 161.672
  }
]