{
  "Plan": {
    "Node Type": "Aggregate",
    "Strategy": "Plain",
    "Partial Mode": "Finalize",
    "Parallel Aware": false,
    "Startup Cost": 630770.46,
    "Total Cost": 630770.47,
    "Plan Rows": 1,
    "Plan Width": 8,
    "Actual Startup Time": 3503.109,
    "Actual Total Time": 3558.097,
    "Actual Rows": 1,
    "Actual Loops": 1,
    "Plans": [
      {
        "Node Type": "Gather",
        "Parent Relationship": "Outer",
        "Parallel Aware": false,
        "Startup Cost": 630770.35,
        "Total Cost": 630770.46,
        "Plan Rows": 1,
        "Plan Width": 8,
        "Actual Startup Time": 3499.182,
        "Actual Total Time": 3558.086,
        "Actual Rows": 2,
        "Actual Loops": 1,
        "Workers Planned": 1,
        "Workers Launched": 1,
        "Single Copy": false,
        "Plans": [
          {
            "Node Type": "Aggregate",
            "Strategy": "Plain",
            "Partial Mode": "Partial",
            "Parent Relationship": "Outer",
            "Parallel Aware": false,
            "Startup Cost": 629770.35,
            "Total Cost": 629770.36,
            "Plan Rows": 1,
            "Plan Width": 8,
            "Actual Startup Time": 3493.376,
            "Actual Total Time": 3493.381,
            "Actual Rows": 1,
            "Actual Loops": 2,
            "Plans": [
              {
                "Node Type": "Hash Join",
                "Parent Relationship": "Outer",
                "Parallel Aware": true,
                "Join Type": "Inner",
                "Startup Cost": 105873.65,
                "Total Cost": 629456.17,
                "Plan Rows": 125671,
                "Plan Width": 0,
                "Actual Startup Time": 465.599,
                "Actual Total Time": 3482.269,
                "Actual Rows": 227230,
                "Actual Loops": 2,
                "Inner Unique": false,
                "Hash Cond": "(t.id = mc.movie_id)",
                "Plans": [
                  {
                    "Node Type": "Hash Join",
                    "Parent Relationship": "Outer",
                    "Parallel Aware": true,
                    "Join Type": "Inner",
                    "Startup Cost": 54743.31,
                    "Total Cost": 576476.67,
                    "Plan Rows": 177588,
                    "Plan Width": 8,
                    "Actual Startup Time": 112.634,
                    "Actual Total Time": 3019.99,
                    "Actual Rows": 158790,
                    "Actual Loops": 2,
                    "Inner Unique": true,
                    "Hash Cond": "(ci.movie_id = t.id)",
                    "Plans": [
                      {
                        "Node Type": "Seq Scan",
                        "Parent Relationship": "Outer",
                        "Parallel Aware": true,
                        "Relation Name": "cast_info",
                        "Alias": "ci",
                        "Startup Cost": 0.0,
                        "Total Cost": 465792.95,
                        "Plan Rows": 21310595,
                        "Plan Width": 4,
                        "Actual Startup Time": 0.009,
                        "Actual Total Time": 1299.557,
                        "Actual Rows": 18122172,
                        "Actual Loops": 2
                      },
                      {
                        "Node Type": "Hash",
                        "Parent Relationship": "Inner",
                        "Parallel Aware": true,
                        "Startup Cost": 54588.39,
                        "Total Cost": 54588.39,
                        "Plan Rows": 12394,
                        "Plan Width": 4,
                        "Actual Startup Time": 112.496,
                        "Actual Total Time": 112.497,
                        "Actual Rows": 9720,
                        "Actual Loops": 2,
                        "Hash Buckets": 32768,
                        "Original Hash Buckets": 32768,
                        "Hash Batches": 1,
                        "Original Hash Batches": 1,
                        "Peak Memory Usage": 1056,
                        "Plans": [
                          {
                            "Node Type": "Seq Scan",
                            "Parent Relationship": "Outer",
                            "Parallel Aware": true,
                            "Relation Name": "title",
                            "Alias": "t",
                            "Startup Cost": 0.0,
                            "Total Cost": 54588.39,
                            "Plan Rows": 12394,
                            "Plan Width": 4,
                            "Actual Startup Time": 0.051,
                            "Actual Total Time": 109.257,
                            "Actual Rows": 9720,
                            "Actual Loops": 2,
                            "Filter": "(production_year = 1986)",
                            "Rows Removed by Filter": 1254436
                          }
                        ]
                      }
                    ]
                  },
                  {
                    "Node Type": "Hash",
                    "Parent Relationship": "Inner",
                    "Parallel Aware": true,
                    "Startup Cost": 37974.77,
                    "Total Cost": 37974.77,
                    "Plan Rows": 1052445,
                    "Plan Width": 4,
                    "Actual Startup Time": 340.904,
                    "Actual Total Time": 340.905,
                    "Actual Rows": 896966,
                    "Actual Loops": 2,
                    "Hash Buckets": 2097152,
                    "Original Hash Buckets": 2097152,
                    "Hash Batches": 1,
                    "Original Hash Batches": 1,
                    "Peak Memory Usage": 86592,
                    "Plans": [
                      {
                        "Node Type": "Seq Scan",
                        "Parent Relationship": "Outer",
                        "Parallel Aware": true,
                        "Relation Name": "movie_companies",
                        "Alias": "mc",
                        "Startup Cost": 0.0,
                        "Total Cost": 37974.77,
                        "Plan Rows": 1052445,
                        "Plan Width": 4,
                        "Actual Startup Time": 1.562,
                        "Actual Total Time": 140.195,
                        "Actual Rows": 896966,
                        "Actual Loops": 2,
                        "Filter": "(company_id > 1886)",
                        "Rows Removed by Filter": 407598
                      }
                    ]
                  }
                ]
              }
            ]
          }
        ]
      }
    ]
  },
  "Planning Time": 0.788,
  "Triggers": [],
  "Execution Time": 3558.175
}