[
  {
    "Plan": {
      "Node Type": "Aggregate",
      "Strategy": "Plain",
      "Partial Mode": "Simple",
      "Parallel Aware": false,
      "Startup Cost": 1060.1,
      "Total Cost": 1060.11,
      "Plan Rows": 1,
      "Plan Width": 8,
      "Actual Startup Time": 0.935,
      "Actual Total Time": 0.937,
      "Actual Rows": 1,
      "Actual Loops": 1,
      "Plans": [
        {
          "Node Type": "Index Scan",
          "Parent Relationship": "Outer",
          "Parallel Aware": false,
          "Scan Direction": "Forward",
          "Index Name": "person_id_cast_info",
          "Relation Name": "cast_info",
          "Alias": "ci",
          "Startup Cost": 0.56,
          "Total Cost": 1059.67,
          "Plan Rows": 171,
          "Plan Width": 0,
          "Actual Startup Time": 0.835,
          "Actual Total Time": 0.923,
          "Actual Rows": 11,
          "Actual Loops": 1,
          "Index Cond": "(person_id = 1683614)",
          "Rows Removed by Index Recheck": 0,
          "Filter": "(role_id < 2)",
          "Rows Removed by Filter": 58
        }
      ]
    },
    "Planning Time": 0.213,
    "Triggers": [],
    "Execution Time": 0.987
  }
]