{
  "Plan": {
    "Node Type": "Aggregate",
    "Strategy": "Plain",
    "Partial Mode": "Finalize",
    "Parallel Aware": false,
    "Startup Cost": 102431.97,
    "Total Cost": 102431.98,
    "Plan Rows": 1,
    "Plan Width": 8,
    "Actual Startup Time": 414.837,
    "Actual Total Time": 425.196,
    "Actual Rows": 1,
    "Actual Loops": 1,
    "Plans": [
      {
        "Node Type": "Gather",
        "Parent Relationship": "Outer",
        "Parallel Aware": false,
        "Startup Cost": 102431.86,
        "Total Cost": 102431.97,
        "Plan Rows": 1,
        "Plan Width": 8,
        "Actual Startup Time": 413.653,
        "Actual Total Time": 425.188,
        "Actual Rows": 2,
        "Actual Loops": 1,
        "Workers Planned": 1,
        "Workers Launched": 1,
        "Single Copy": false,
        "Plans": [
          {
            "Node Type": "Aggregate",
            "Strategy": "Plain",
            "Partial Mode": "Partial",
            "Parent Relationship": "Outer",
            "Parallel Aware": false,
            "Startup Cost": 101431.86,
            "Total Cost": 101431.87,
            "Plan Rows": 1,
            "Plan Width": 8,
            "Actual Startup Time": 407.645,
            "Actual Total Time": 407.649,
            "Actual Rows": 1,
            "Actual Loops": 2,
            "Plans": [
              {
                "Node Type": "Hash Join",
                "Parent Relationship": "Outer",
                "Parallel Aware": true,
                "Join Type": "Inner",
                "Startup Cost": 77145.51,
                "Total Cost": 101147.03,
                "Plan Rows": 113931,
                "Plan Width": 0,
                "Actual Startup Time": 277.949,
                "Actual Total Time": 400.237,
                "Actual Rows": 171152,
                "Actual Loops": 2,
                "Inner Unique": true,
                "Hash Cond": "(mc.movie_id = t.id)",
                "Plans": [
                  {
                    "Node Type": "Bitmap Heap Scan",
                    "Parent Relationship": "Outer",
                    "Parallel Aware": true,
                    "Relation Name": "movie_companies",
                    "Alias": "mc",
                    "Startup Cost": 12692.05,
                    "Total Cost": 35789.08,
                    "Plan Rows": 344563,
                    "Plan Width": 4,
                    "Actual Startup Time": 27.55,
                    "Actual Total Time": 65.199,
                    "Actual Rows": 299814,
                    "Actual Loops": 2,
                    "Recheck Cond": "(company_id > 67921)",
                    "Rows Removed by Index Recheck": 0,
                    "Exact Heap Blocks": 4486,
                    "Lossy Heap Blocks": 0,
                    "Plans": [
                      {
                        "Node Type": "Bitmap Index Scan",
                        "Parent Relationship": "Outer",
                        "Parallel Aware": false,
                        "Index Name": "company_id_movie_companies",
                        "Startup Cost": 0.0,
                        "Total Cost": 12545.61,
                        "Plan Rows": 585757,
                        "Plan Width": 0,
                        "Actual Startup Time": 26.319,
                        "Actual Total Time": 26.32,
                        "Actual Rows": 599627,
                        "Actual Loops": 1,
                        "Index Cond": "(company_id > 67921)"
                      }
                    ]
                  },
                  {
                    "Node Type": "Hash",
                    "Parent Relationship": "Inner",
                    "Parallel Aware": true,
                    "Startup Cost": 58306.47,
                    "Total Cost": 58306.47,
                    "Plan Rows": 491760,
                    "Plan Width": 4,
                    "Actual Startup Time": 241.777,
                    "Actual Total Time": 241.778,
                    "Actual Rows": 372043,
                    "Actual Loops": 2,
                    "Hash Buckets": 1048576,
                    "Original Hash Buckets": 1048576,
                    "Hash Batches": 1,
                    "Original Hash Batches": 1,
                    "Peak Memory Usage": 37344,
                    "Plans": [
                      {
                        "Node Type": "Seq Scan",
                        "Parent Relationship": "Outer",
                        "Parallel Aware": true,
                        "Relation Name": "title",
                        "Alias": "t",
                        "Startup Cost": 0.0,
                        "Total Cost": 58306.47,
                        "Plan Rows": 491760,
                        "Plan Width": 4,
                        "Actual Startup Time": 0.04,
                        "Actual Total Time": 150.778,
                        "Actual Rows": 372043,
                        "Actual Loops": 2,
                        "Filter": "((kind_id < 7) AND (production_year > 1967))",
                        "Rows Removed by Filter": 892113
                      }
                    ]
                  }
                ]
              }
            ]
          }
        ]
      }
    ]
  },
  "Planning Time": 0.459,
  "Triggers": [],
  "Execution Time": 425.29
}