[
  {
    "Plan": {
      "Node Type": "Aggregate",
      "Strategy": "Plain",
      "Partial Mode": "Finalize",
      "Parallel Aware": false,
      "Startup Cost": 80115.62,
      "Total Cost": 80115.63,
      "Plan Rows": 1,
      "Plan Width": 8,
      "Actual Startup Time": 234.863,
      "Actual Total Time": 252.75,
      "Actual Rows": 1,
      "Actual Loops": 1,
      "Plans": [
        {
          "Node Type": "Gather",
          "Parent Relationship": "Outer",
          "Parallel Aware": false,
          "Startup Cost": 80115.2,
          "Total Cost": 80115.61,
          "Plan Rows": 4,
          "Plan Width": 8,
          "Actual Startup Time": 233.586,
          "Actual Total Time": 252.739,
          "Actual Rows": 5,
          "Actual Loops": 1,
          "Workers Planned": 4,
          "Workers Launched": 4,
          "Single Copy": false,
          "Plans": [
            {
              "Node Type": "Aggregate",
              "Strategy": "Plain",
              "Partial Mode": "Partial",
              "Parent Relationship": "Outer",
              "Parallel Aware": false,
              "Startup Cost": 79115.2,
              "Total Cost": 79115.21,
              "Plan Rows": 1,
              "Plan Width": 8,
              "Actual Startup Time": 224.374,
              "Actual Total Time": 224.378,
              "Actual Rows": 1,
              "Actual Loops": 5,
              "Plans": [
                {
                  "Node Type": "Hash Join",
                  "Parent Relationship": "Outer",
                  "Parallel Aware": true,
                  "Join Type": "Inner",
                  "Startup Cost": 33054.14,
                  "Total Cost": 78861.1,
                  "Plan Rows": 101638,
                  "Plan Width": 0,
                  "Actual Startup Time": 82.247,
                  "Actual Total Time": 222.059,
                  "Actual Rows": 46143,
                  "Actual Loops": 5,
                  "Inner Unique": false,
                  "Hash Cond": "(t.id = mc.movie_id)",
                  "Plans": [
                    {
                      "Node Type": "Seq Scan",
                      "Parent Relationship": "Outer",
                      "Parallel Aware": true,
                      "Relation Name": "title",
                      "Alias": "t",
                      "Startup Cost": 0.0,
                      "Total Cost": 42318.73,
                      "Plan Rows": 632073,
                      "Plan Width": 4,
                      "Actual Startup Time": 0.01,
                      "Actual Total Time": 61.584,
                      "Actual Rows": 505662,
                      "Actual Loops": 5
                    },
                    {
                      "Node Type": "Hash",
                      "Parent Relationship": "Inner",
                      "Parallel Aware": true,
                      "Startup Cost": 31414.82,
                      "Total Cost": 31414.82,
                      "Plan Rows": 131146,
                      "Plan Width": 4,
                      "Actual Startup Time": 79.363,
                      "Actual Total Time": 79.364,
                      "Actual Rows": 46143,
                      "Actual Loops": 5,
                      "Hash Buckets": 524288,
                      "Original Hash Buckets": 524288,
                      "Hash Batches": 1,
                      "Original Hash Batches": 1,
                      "Peak Memory Usage": 13184,
                      "Plans": [
                        {
                          "Node Type": "Seq Scan",
                          "Parent Relationship": "Outer",
                          "Parallel Aware": true,
                          "Relation Name": "movie_companies",
                          "Alias": "mc",
                          "Startup Cost": 0.0,
                          "Total Cost": 31414.82,
                          "Plan Rows": 131146,
                          "Plan Width": 4,
                          "Actual Startup Time": 41.804,
                          "Actual Total Time": 65.717,
                          "Actual Rows": 46143,
                          "Actual Loops": 5,
                          "Filter": "((company_id < 1710) AND (company_type_id > 1))",
                          "Rows Removed by Filter": 475683
                        }
                      ]
                    }
                  ]
                }
              ]
            }
          ]
        }
      ]
    },
    "Planning Time": 0.637,
    "Triggers": [],
    "Execution Time": 252.861
  }
]