[
  {
    "Plan": {
      "Node Type": "Aggregate",
      "Strategy": "Plain",
      "Partial Mode": "Finalize",
      "Parallel Aware": false,
      "Startup Cost": 46521.67,
      "Total Cost": 46521.68,
      "Plan Rows": 1,
      "Plan Width": 8,
      "Actual Startup Time": 93.668,
      "Actual Total Time": 106.065,
      "Actual Rows": 1,
      "Actual Loops": 1,
      "Plans": [
        {
          "Node Type": "Gather",
          "Parent Relationship": "Outer",
          "Parallel Aware": false,
          "Startup Cost": 46521.25,
          "Total Cost": 46521.66,
          "Plan Rows": 4,
          "Plan Width": 8,
          "Actual Startup Time": 93.562,
          "Actual Total Time": 106.059,
          "Actual Rows": 5,
          "Actual Loops": 1,
          "Workers Planned": 4,
          "Workers Launched": 4,
          "Single Copy": false,
          "Plans": [
            {
              "Node Type": "Aggregate",
              "Strategy": "Plain",
              "Partial Mode": "Partial",
              "Parent Relationship": "Outer",
              "Parallel Aware": false,
              "Startup Cost": 45521.25,
              "Total Cost": 45521.26,
              "Plan Rows": 1,
              "Plan Width": 8,
              "Actual Startup Time": 83.665,
              "Actual Total Time": 83.667,
              "Actual Rows": 1,
              "Actual Loops": 5,
              "Plans": [
                {
                  "Node Type": "Nested Loop",
                  "Parent Relationship": "Outer",
                  "Parallel Aware": false,
                  "Join Type": "Inner",
                  "Startup Cost": 0.43,
                  "Total Cost": 45521.24,
                  "Plan Rows": 2,
                  "Plan Width": 0,
                  "Actual Startup Time": 59.705,
                  "Actual Total Time": 83.642,
                  "Actual Rows": 157,
                  "Actual Loops": 5,
                  "Inner Unique": false,
                  "Plans": [
                    {
                      "Node Type": "Seq Scan",
                      "Parent Relationship": "Outer",
                      "Parallel Aware": true,
                      "Relation Name": "title",
                      "Alias": "t",
                      "Startup Cost": 0.0,
                      "Total Cost": 45479.1,
                      "Plan Rows": 2,
                      "Plan Width": 4,
                      "Actual Startup Time": 59.444,
                      "Actual Total Time": 81.624,
                      "Actual Rows": 86,
                      "Actual Loops": 5,
                      "Filter": "((production_year > 2014) AND (kind_id = 1))",
                      "Rows Removed by Filter": 505577
                    },
                    {
                      "Node Type": "Index Only Scan",
                      "Parent Relationship": "Inner",
                      "Parallel Aware": false,
                      "Scan Direction": "Forward",
                      "Index Name": "movie_id_movie_companies",
                      "Relation Name": "movie_companies",
                      "Alias": "mc",
                      "Startup Cost": 0.43,
                      "Total Cost": 21.02,
                      "Plan Rows": 5,
                      "Plan Width": 4,
                      "Actual Startup Time": 0.02,
                      "Actual Total Time": 0.023,
                      "Actual Rows": 2,
                      "Actual Loops": 428,
                      "Index Cond": "(movie_id = t.id)",
                      "Rows Removed by Index Recheck": 0,
                      "Heap Fetches": 786
                    }
                  ]
                }
              ]
            }
          ]
        }
      ]
    },
    "Planning Time": 0.669,
    "Triggers": [],
    "Execution Time": 106.135
  }
]