[
  {
    "Plan": {
      "Node Type": "Aggregate",
      "Strategy": "Plain",
      "Partial Mode": "Finalize",
      "Parallel Aware": false,
      "Startup Cost": 543219.12,
      "Total Cost": 543219.13,
      "Plan Rows": 1,
      "Plan Width": 64,
      "Actual Startup Time": 4589.27,
      "Actual Total Time": 4742.023,
      "Actual Rows": 1,
      "Actual Loops": 1,
      "Plans": [
        {
          "Node Type": "Gather",
          "Parent Relationship": "Outer",
          "Parallel Aware": false,
          "Startup Cost": 543218.79,
          "Total Cost": 543219.1,
          "Plan Rows": 3,
          "Plan Width": 64,
          "Actual Startup Time": 4586.858,
          "Actual Total Time": 4741.994,
          "Actual Rows": 4,
          "Actual Loops": 1,
          "Workers Planned": 3,
          "Workers Launched": 3,
          "Single Copy": false,
          "Plans": [
            {
              "Node Type": "Aggregate",
              "Strategy": "Plain",
              "Partial Mode": "Partial",
              "Parent Relationship": "Outer",
              "Parallel Aware": false,
              "Startup Cost": 542218.79,
              "Total Cost": 542218.8,
              "Plan Rows": 1,
              "Plan Width": 64,
              "Actual Startup Time": 4577.163,
              "Actual Total Time": 4577.437,
              "Actual Rows": 1,
              "Actual Loops": 4,
              "Plans": [
                {
                  "Node Type": "Hash Join",
                  "Parent Relationship": "Outer",
                  "Parallel Aware": true,
                  "Join Type": "Inner",
                  "Startup Cost": 526824.66,
                  "Total Cost": 542218.57,
                  "Plan Rows": 44,
                  "Plan Width": 33,
                  "Actual Startup Time": 4497.93,
                  "Actual Total Time": 4575.565,
                  "Actual Rows": 14674,
                  "Actual Loops": 4,
                  "Inner Unique": false,
                  "Hash Cond": "(an.person_id = n.id)",
                  "Plans": [
                    {
                      "Node Type": "Seq Scan",
                      "Parent Relationship": "Outer",
                      "Parallel Aware": true,
                      "Relation Name": "aka_name",
                      "Alias": "an",
                      "Startup Cost": 0.0,
                      "Total Cost": 14303.56,
                      "Plan Rows": 290756,
                      "Plan Width": 20,
                      "Actual Startup Time": 0.019,
                      "Actual Total Time": 41.146,
                      "Actual Rows": 225336,
                      "Actual Loops": 4
                    },
                    {
                      "Node Type": "Hash",
                      "Parent Relationship": "Inner",
                      "Parallel Aware": true,
                      "Startup Cost": 526824.23,
                      "Total Cost": 526824.23,
                      "Plan Rows": 34,
                      "Plan Width": 25,
                      "Actual Startup Time": 4496.767,
                      "Actual Total Time": 4497.039,
                      "Actual Rows": 10415,
                      "Actual Loops": 4,
                      "Hash Buckets": 65536,
                      "Original Hash Buckets": 1024,
                      "Hash Batches": 1,
                      "Original Hash Batches": 1,
                      "Peak Memory Usage": 3736,
                      "Plans": [
                        {
                          "Node Type": "Hash Join",
                          "Parent Relationship": "Outer",
                          "Parallel Aware": true,
                          "Join Type": "Inner",
                          "Startup Cost": 521913.19,
                          "Total Cost": 526824.23,
                          "Plan Rows": 34,
                          "Plan Width": 25,
                          "Actual Startup Time": 4473.24,
                          "Actual Total Time": 4488.544,
                          "Actual Rows": 10415,
                          "Actual Loops": 4,
                          "Inner Unique": false,
                          "Hash Cond": "(cn.id = mc.company_id)",
                          "Plans": [
                            {
                              "Node Type": "Seq Scan",
                              "Parent Relationship": "Outer",
                              "Parallel Aware": true,
                              "Relation Name": "company_name",
                              "Alias": "cn",
                              "Startup Cost": 0.0,
                              "Total Cost": 4722.92,
                              "Plan Rows": 50137,
                              "Plan Width": 4,
                              "Actual Startup Time": 0.023,
                              "Actual Total Time": 10.318,
                              "Actual Rows": 21211,
                              "Actual Loops": 4,
                              "Filter": "((country_code)::text = '[us]'::text)",
                              "Rows Removed by Filter": 37538
                            },
                            {
                              "Node Type": "Hash",
                              "Parent Relationship": "Inner",
                              "Parallel Aware": true,
                              "Startup Cost": 521912.54,
                              "Total Cost": 521912.54,
                              "Plan Rows": 52,
                              "Plan Width": 29,
                              "Actual Startup Time": 4472.747,
                              "Actual Total Time": 4473.017,
                              "Actual Rows": 14599,
                              "Actual Loops": 4,
                              "Hash Buckets": 65536,
                              "Original Hash Buckets": 1024,
                              "Hash Batches": 1,
                              "Original Hash Batches": 1,
                              "Peak Memory Usage": 5048,
                              "Plans": [
                                {
                                  "Node Type": "Hash Join",
                                  "Parent Relationship": "Outer",
                                  "Parallel Aware": true,
                                  "Join Type": "Inner",
                                  "Startup Cost": 491549.66,
                                  "Total Cost": 521912.54,
                                  "Plan Rows": 52,
                                  "Plan Width": 29,
                                  "Actual Startup Time": 4291.548,
                                  "Actual Total Time": 4455.439,
                                  "Actual Rows": 14599,
                                  "Actual Loops": 4,
                                  "Inner Unique": false,
                                  "Hash Cond": "(mc.movie_id = ci.movie_id)",
                                  "Plans": [
                                    {
                                      "Node Type": "Seq Scan",
                                      "Parent Relationship": "Outer",
                                      "Parallel Aware": true,
                                      "Relation Name": "movie_companies",
                                      "Alias": "mc",
                                      "Startup Cost": 0.0,
                                      "Total Cost": 27206.55,
                                      "Plan Rows": 841655,
                                      "Plan Width": 8,
                                      "Actual Startup Time": 0.028,
                                      "Actual Total Time": 81.258,
                                      "Actual Rows": 652282,
                                      "Actual Loops": 4
                                    },
                                    {
                                      "Node Type": "Hash",
                                      "Parent Relationship": "Inner",
                                      "Parallel Aware": true,
                                      "Startup Cost": 491549.46,
                                      "Total Cost": 491549.46,
                                      "Plan Rows": 16,
                                      "Plan Width": 37,
                                      "Actual Startup Time": 4290.92,
                                      "Actual Total Time": 4291.187,
                                      "Actual Rows": 6063,
                                      "Actual Loops": 4,
                                      "Hash Buckets": 32768,
                                      "Original Hash Buckets": 1024,
                                      "Hash Batches": 1,
                                      "Original Hash Batches": 1,
                                      "Peak Memory Usage": 2424,
                                      "Plans": [
                                        {
                                          "Node Type": "Hash Join",
                                          "Parent Relationship": "Outer",
                                          "Parallel Aware": true,
                                          "Join Type": "Inner",
                                          "Startup Cost": 421611.58,
                                          "Total Cost": 491549.46,
                                          "Plan Rows": 16,
                                          "Plan Width": 37,
                                          "Actual Startup Time": 3923.372,
                                          "Actual Total Time": 4245.416,
                                          "Actual Rows": 6063,
                                          "Actual Loops": 4,
                                          "Inner Unique": false,
                                          "Hash Cond": "(n.id = ci.person_id)",
                                          "Plans": [
                                            {
                                              "Node Type": "Seq Scan",
                                              "Parent Relationship": "Outer",
                                              "Parallel Aware": true,
                                              "Relation Name": "name",
                                              "Alias": "n",
                                              "Startup Cost": 0.0,
                                              "Total Cost": 66031.07,
                                              "Plan Rows": 1041807,
                                              "Plan Width": 4,
                                              "Actual Startup Time": 0.034,
                                              "Actual Total Time": 166.254,
                                              "Actual Rows": 1041873,
                                              "Actual Loops": 4
                                            },
                                            {
                                              "Node Type": "Hash",
                                              "Parent Relationship": "Inner",
                                              "Parallel Aware": true,
                                              "Startup Cost": 421611.45,
                                              "Total Cost": 421611.45,
                                              "Plan Rows": 11,
                                              "Plan Width": 33,
                                              "Actual Startup Time": 3922.99,
                                              "Actual Total Time": 3923.254,
                                              "Actual Rows": 6063,
                                              "Actual Loops": 4,
                                              "Hash Buckets": 32768,
                                              "Original Hash Buckets": 1024,
                                              "Hash Batches": 1,
                                              "Original Hash Batches": 1,
                                              "Peak Memory Usage": 2328,
                                              "Plans": [
                                                {
                                                  "Node Type": "Hash Join",
                                                  "Parent Relationship": "Outer",
                                                  "Parallel Aware": true,
                                                  "Join Type": "Inner",
                                                  "Startup Cost": 91425.38,
                                                  "Total Cost": 421611.45,
                                                  "Plan Rows": 11,
                                                  "Plan Width": 33,
                                                  "Actual Startup Time": 453.56,
                                                  "Actual Total Time": 3473.66,
                                                  "Actual Rows": 6063,
                                                  "Actual Loops": 4,
                                                  "Inner Unique": false,
                                                  "Hash Cond": "(ci.movie_id = mk.movie_id)",
                                                  "Plans": [
                                                    {
                                                      "Node Type": "Hash Join",
                                                      "Parent Relationship": "Outer",
                                                      "Parallel Aware": true,
                                                      "Join Type": "Inner",
                                                      "Startup Cost": 45920.91,
                                                      "Total Cost": 374839.68,
                                                      "Plan Rows": 337936,
                                                      "Plan Width": 29,
                                                      "Actual Startup Time": 153.523,
                                                      "Actual Total Time": 3032.133,
                                                      "Actual Rows": 644006,
                                                      "Actual Loops": 4,
                                                      "Inner Unique": true,
                                                      "Hash Cond": "(ci.movie_id = t.id)",
                                                      "Plans": [
                                                        {
                                                          "Node Type": "Seq Scan",
                                                          "Parent Relationship": "Outer",
                                                          "Parallel Aware": true,
                                                          "Relation Name": "cast_info",
                                                          "Alias": "ci",
                                                          "Startup Cost": 0.0,
                                                          "Total Cost": 313068.58,
                                                          "Plan Rows": 6038158,
                                                          "Plan Width": 8,
                                                          "Actual Startup Time": 0.015,
                                                          "Actual Total Time": 1147.089,
                                                          "Actual Rows": 9061086,
                                                          "Actual Loops": 4
                                                        },
                                                        {
                                                          "Node Type": "Hash",
                                                          "Parent Relationship": "Inner",
                                                          "Parallel Aware": true,
                                                          "Startup Cost": 45478.74,
                                                          "Total Cost": 45478.74,
                                                          "Plan Rows": 35374,
                                                          "Plan Width": 21,
                                                          "Actual Startup Time": 152.793,
                                                          "Actual Total Time": 152.796,
                                                          "Actual Rows": 35459,
                                                          "Actual Loops": 4,
                                                          "Hash Buckets": 262144,
                                                          "Original Hash Buckets": 262144,
                                                          "Hash Batches": 1,
                                                          "Original Hash Batches": 1,
                                                          "Peak Memory Usage": 10016,
                                                          "Plans": [
                                                            {
                                                              "Node Type": "Seq Scan",
                                                              "Parent Relationship": "Outer",
                                                              "Parallel Aware": true,
                                                              "Relation Name": "title",
                                                              "Alias": "t",
                                                              "Startup Cost": 0.0,
                                                              "Total Cost": 45478.74,
                                                              "Plan Rows": 35374,
                                                              "Plan Width": 21,
                                                              "Actual Startup Time": 0.037,
                                                              "Actual Total Time": 132.183,
                                                              "Actual Rows": 35459,
                                                              "Actual Loops": 4,
                                                              "Filter": "((episode_nr >= 11) AND (episode_nr <= 16))",
                                                              "Rows Removed by Filter": 596619
                                                            }
                                                          ]
                                                        }
                                                      ]
                                                    },
                                                    {
                                                      "Node Type": "Hash",
                                                      "Parent Relationship": "Inner",
                                                      "Parallel Aware": true,
                                                      "Startup Cost": 45504.33,
                                                      "Total Cost": 45504.33,
                                                      "Plan Rows": 11,
                                                      "Plan Width": 4,
                                                      "Actual Startup Time": 299.11,
                                                      "Actual Total Time": 299.113,
                                                      "Actual Rows": 10460,
                                                      "Actual Loops": 4,
                                                      "Hash Buckets": 65536,
                                                      "Original Hash Buckets": 1024,
                                                      "Hash Batches": 1,
                                                      "Original Hash Batches": 1,
                                                      "Peak Memory Usage": 2712,
                                                      "Plans": [
                                                        {
                                                          "Node Type": "Hash Join",
                                                          "Parent Relationship": "Outer",
                                                          "Parallel Aware": false,
                                                          "Join Type": "Inner",
                                                          "Startup Cost": 2626.14,
                                                          "Total Cost": 45504.33,
                                                          "Plan Rows": 11,
                                                          "Plan Width": 4,
                                                          "Actual Startup Time": 24.865,
                                                          "Actual Total Time": 254.935,
                                                          "Actual Rows": 10460,
                                                          "Actual Loops": 4,
                                                          "Inner Unique": true,
                                                          "Hash Cond": "(mk.keyword_id = k.id)",
                                                          "Plans": [
                                                            {
                                                              "Node Type": "Seq Scan",
                                                              "Parent Relationship": "Outer",
                                                              "Parallel Aware": true,
                                                              "Relation Name": "movie_keyword",
                                                              "Alias": "mk",
                                                              "Startup Cost": 0.0,
                                                              "Total Cost": 39047.32,
                                                              "Plan Rows": 1459332,
                                                              "Plan Width": 8,
                                                              "Actual Startup Time": 0.055,
                                                              "Actual Total Time": 135.627,
                                                              "Actual Rows": 1130982,
                                                              "Actual Loops": 4
                                                            },
                                                            {
                                                              "Node Type": "Hash",
                                                              "Parent Relationship": "Inner",
                                                              "Parallel Aware": false,
                                                              "Startup Cost": 2626.12,
                                                              "Total Cost": 2626.12,
                                                              "Plan Rows": 1,
                                                              "Plan Width": 4,
                                                              "Actual Startup Time": 24.735,
                                                              "Actual Total Time": 24.736,
                                                              "Actual Rows": 1,
                                                              "Actual Loops": 4,
                                                              "Hash Buckets": 1024,
                                                              "Original Hash Buckets": 1024,
                                                              "Hash Batches": 1,
                                                              "Original Hash Batches": 1,
                                                              "Peak Memory Usage": 9,
                                                              "Plans": [
                                                                {
                                                                  "Node Type": "Seq Scan",
                                                                  "Parent Relationship": "Outer",
                                                                  "Parallel Aware": false,
                                                                  "Relation Name": "keyword",
                                                                  "Alias": "k",
                                                                  "Startup Cost": 0.0,
                                                                  "Total Cost": 2626.12,
                                                                  "Plan Rows": 1,
                                                                  "Plan Width": 4,
                                                                  "Actual Startup Time": 1.831,
                                                                  "Actual Total Time": 24.714,
                                                                  "Actual Rows": 1,
                                                                  "Actual Loops": 4,
                                                                  "Filter": "(keyword = 'character-name-in-title'::text)",
                                                                  "Rows Removed by Filter": 134169
                                                                }
                                                              ]
                                                            }
                                                          ]
                                                        }
                                                      ]
                                                    }
                                                  ]
                                                }
                                              ]
                                            }
                                          ]
                                        }
                                      ]
                                    }
                                  ]
                                }
                              ]
                            }
                          ]
                        }
                      ]
                    }
                  ]
                }
              ]
            }
          ]
        }
      ]
    },
    "Planning Time": 18.767,
    "Triggers": [],
    "Execution Time": 4742.53
  }
]