{
  "Plan": {
    "Node Type": "Aggregate",
    "Strategy": "Plain",
    "Partial Mode": "Finalize",
    "Parallel Aware": false,
    "Startup Cost": 120976.46,
    "Total Cost": 120976.47,
    "Plan Rows": 1,
    "Plan Width": 8,
    "Actual Startup Time": 472.713,
    "Actual Total Time": 486.233,
    "Actual Rows": 1,
    "Actual Loops": 1,
    "Plans": [
      {
        "Node Type": "Gather",
        "Parent Relationship": "Outer",
        "Parallel Aware": false,
        "Startup Cost": 120976.35,
        "Total Cost": 120976.46,
        "Plan Rows": 1,
        "Plan Width": 8,
        "Actual Startup Time": 471.392,
        "Actual Total Time": 486.225,
        "Actual Rows": 2,
        "Actual Loops": 1,
        "Workers Planned": 1,
        "Workers Launched": 1,
        "Single Copy": false,
        "Plans": [
          {
            "Node Type": "Aggregate",
            "Strategy": "Plain",
            "Partial Mode": "Partial",
            "Parent Relationship": "Outer",
            "Parallel Aware": false,
            "Startup Cost": 119976.35,
            "Total Cost": 119976.36,
            "Plan Rows": 1,
            "Plan Width": 8,
            "Actual Startup Time": 466.256,
            "Actual Total Time": 466.26,
            "Actual Rows": 1,
            "Actual Loops": 2,
            "Plans": [
              {
                "Node Type": "Hash Join",
                "Parent Relationship": "Outer",
                "Parallel Aware": true,
                "Join Type": "Inner",
                "Startup Cost": 85906.94,
                "Total Cost": 119504.89,
                "Plan Rows": 188582,
                "Plan Width": 0,
                "Actual Startup Time": 301.821,
                "Actual Total Time": 462.115,
                "Actual Rows": 78699,
                "Actual Loops": 2,
                "Inner Unique": true,
                "Hash Cond": "(mk.movie_id = t.id)",
                "Plans": [
                  {
                    "Node Type": "Bitmap Heap Scan",
                    "Parent Relationship": "Outer",
                    "Parallel Aware": true,
                    "Relation Name": "movie_keyword",
                    "Alias": "mk",
                    "Startup Cost": 21801.49,
                    "Total Cost": 53812.48,
                    "Plan Rows": 604559,
                    "Plan Width": 4,
                    "Actual Startup Time": 55.522,
                    "Actual Total Time": 143.559,
                    "Actual Rows": 511948,
                    "Actual Loops": 2,
                    "Recheck Cond": "(keyword_id > 17534)",
                    "Rows Removed by Index Recheck": 0,
                    "Exact Heap Blocks": 13668,
                    "Lossy Heap Blocks": 0,
                    "Plans": [
                      {
                        "Node Type": "Bitmap Index Scan",
                        "Parent Relationship": "Outer",
                        "Parallel Aware": false,
                        "Index Name": "keyword_id_movie_keyword",
                        "Startup Cost": 0.0,
                        "Total Cost": 21544.56,
                        "Plan Rows": 1027750,
                        "Plan Width": 0,
                        "Actual Startup Time": 51.854,
                        "Actual Total Time": 51.854,
                        "Actual Rows": 1023896,
                        "Actual Loops": 1,
                        "Index Cond": "(keyword_id > 17534)"
                      }
                    ]
                  },
                  {
                    "Node Type": "Hash",
                    "Parent Relationship": "Inner",
                    "Parallel Aware": true,
                    "Startup Cost": 58306.47,
                    "Total Cost": 58306.47,
                    "Plan Rows": 463918,
                    "Plan Width": 4,
                    "Actual Startup Time": 237.414,
                    "Actual Total Time": 237.415,
                    "Actual Rows": 346234,
                    "Actual Loops": 2,
                    "Hash Buckets": 1048576,
                    "Original Hash Buckets": 1048576,
                    "Hash Batches": 1,
                    "Original Hash Batches": 1,
                    "Peak Memory Usage": 35328,
                    "Plans": [
                      {
                        "Node Type": "Seq Scan",
                        "Parent Relationship": "Outer",
                        "Parallel Aware": true,
                        "Relation Name": "title",
                        "Alias": "t",
                        "Startup Cost": 0.0,
                        "Total Cost": 58306.47,
                        "Plan Rows": 463918,
                        "Plan Width": 4,
                        "Actual Startup Time": 0.025,
                        "Actual Total Time": 150.126,
                        "Actual Rows": 346234,
                        "Actual Loops": 2,
                        "Filter": "((kind_id > 1) AND (production_year < 2001))",
                        "Rows Removed by Filter": 917922
                      }
                    ]
                  }
                ]
              }
            ]
          }
        ]
      }
    ]
  },
  "Planning Time": 0.606,
  "Triggers": [],
  "Execution Time": 486.321
}