[
    {
        "Bao": {
            "Bao prediction": "NaN",
            "Bao recommended hint": "(no hint)"
        }
    },
    {
        "Plan": {
            "Node Type": "Aggregate",
            "Strategy": "Plain",
            "Partial Mode": "Finalize",
            "Parallel Aware": false,
            "Startup Cost": 33012.0,
            "Total Cost": 33012.01,
            "Plan Rows": 1,
            "Plan Width": 8,
            "Actual Startup Time": 90.283,
            "Actual Total Time": 95.459,
            "Actual Rows": 1,
            "Actual Loops": 1,
            "Output": [
                "count(*)"
            ],
            "Plans": [
                {
                    "Node Type": "Gather",
                    "Parent Relationship": "Outer",
                    "Parallel Aware": false,
                    "Startup Cost": 33011.68,
                    "Total Cost": 33011.99,
                    "Plan Rows": 3,
                    "Plan Width": 8,
                    "Actual Startup Time": 90.152,
                    "Actual Total Time": 95.45,
                    "Actual Rows": 4,
                    "Actual Loops": 1,
                    "Output": [
                        "(PARTIAL count(*))"
                    ],
                    "Workers Planned": 3,
                    "Workers Launched": 3,
                    "Single Copy": false,
                    "Plans": [
                        {
                            "Node Type": "Aggregate",
                            "Strategy": "Plain",
                            "Partial Mode": "Partial",
                            "Parent Relationship": "Outer",
                            "Parallel Aware": false,
                            "Startup Cost": 32011.68,
                            "Total Cost": 32011.69,
                            "Plan Rows": 1,
                            "Plan Width": 8,
                            "Actual Startup Time": 81.982,
                            "Actual Total Time": 81.983,
                            "Actual Rows": 1,
                            "Actual Loops": 4,
                            "Output": [
                                "PARTIAL count(*)"
                            ],
                            "Workers": [
                                {
                                    "Worker Number": 0,
                                    "Actual Startup Time": 78.928,
                                    "Actual Total Time": 78.93,
                                    "Actual Rows": 1,
                                    "Actual Loops": 1
                                },
                                {
                                    "Worker Number": 1,
                                    "Actual Startup Time": 79.361,
                                    "Actual Total Time": 79.362,
                                    "Actual Rows": 1,
                                    "Actual Loops": 1
                                },
                                {
                                    "Worker Number": 2,
                                    "Actual Startup Time": 79.741,
                                    "Actual Total Time": 79.742,
                                    "Actual Rows": 1,
                                    "Actual Loops": 1
                                }
                            ],
                            "Plans": [
                                {
                                    "Node Type": "Seq Scan",
                                    "Parent Relationship": "Outer",
                                    "Parallel Aware": true,
                                    "Relation Name": "movie_companies",
                                    "Schema": "public",
                                    "Alias": "mc",
                                    "Startup Cost": 0.0,
                                    "Total Cost": 31414.82,
                                    "Plan Rows": 238745,
                                    "Plan Width": 0,
                                    "Actual Startup Time": 5.468,
                                    "Actual Total Time": 74.751,
                                    "Actual Rows": 131240,
                                    "Actual Loops": 4,
                                    "Output": [
                                        "id",
                                        "movie_id",
                                        "company_id",
                                        "company_type_id",
                                        "note"
                                    ],
                                    "Filter": "((mc.company_id > 7436) AND (mc.company_type_id = 1))",
                                    "Rows Removed by Filter": 521042,
                                    "Workers": [
                                        {
                                            "Worker Number": 0,
                                            "Actual Startup Time": 2.442,
                                            "Actual Total Time": 72.129,
                                            "Actual Rows": 110420,
                                            "Actual Loops": 1
                                        },
                                        {
                                            "Worker Number": 1,
                                            "Actual Startup Time": 2.857,
                                            "Actual Total Time": 72.343,
                                            "Actual Rows": 118828,
                                            "Actual Loops": 1
                                        },
                                        {
                                            "Worker Number": 2,
                                            "Actual Startup Time": 3.223,
                                            "Actual Total Time": 72.775,
                                            "Actual Rows": 91519,
                                            "Actual Loops": 1
                                        }
                                    ]
                                }
                            ]
                        }
                    ]
                }
            ]
        },
        "Planning Time": 208.555,
        "Triggers": [],
        "Execution Time": 95.502
    }
]