[
  {
    "Plan": {
      "Node Type": "Aggregate",
      "Strategy": "Plain",
      "Partial Mode": "Simple",
      "Parallel Aware": false,
      "Startup Cost": 22857.52,
      "Total Cost": 22857.53,
      "Plan Rows": 1,
      "Plan Width": 8,
      "Actual Startup Time": 47.401,
      "Actual Total Time": 47.402,
      "Actual Rows": 1,
      "Actual Loops": 1,
      "Plans": [
        {
          "Node Type": "Bitmap Heap Scan",
          "Parent Relationship": "Outer",
          "Parallel Aware": false,
          "Relation Name": "movie_companies",
          "Alias": "mc",
          "Startup Cost": 2403.94,
          "Total Cost": 22580.26,
          "Plan Rows": 110905,
          "Plan Width": 0,
          "Actual Startup Time": 15.67,
          "Actual Total Time": 40.264,
          "Actual Rows": 109410,
          "Actual Loops": 1,
          "Recheck Cond": "(company_id > 152191)",
          "Rows Removed by Index Recheck": 0,
          "Exact Heap Blocks": 3324,
          "Lossy Heap Blocks": 0,
          "Plans": [
            {
              "Node Type": "Bitmap Index Scan",
              "Parent Relationship": "Outer",
              "Parallel Aware": false,
              "Index Name": "company_id_movie_companies",
              "Startup Cost": 0.0,
              "Total Cost": 2376.22,
              "Plan Rows": 110905,
              "Plan Width": 0,
              "Actual Startup Time": 14.599,
              "Actual Total Time": 14.6,
              "Actual Rows": 109410,
              "Actual Loops": 1,
              "Index Cond": "(company_id > 152191)"
            }
          ]
        }
      ]
    },
    "Planning Time": 0.259,
    "Triggers": [],
    "Execution Time": 47.465
  }
]