[
  {
    "Plan": {
      "Node Type": "Aggregate",
      "Strategy": "Plain",
      "Partial Mode": "Simple",
      "Parallel Aware": false,
      "Startup Cost": 22990.4,
      "Total Cost": 22990.4,
      "Plan Rows": 1,
      "Plan Width": 8,
      "Actual Startup Time": 48.771,
      "Actual Total Time": 48.772,
      "Actual Rows": 1,
      "Actual Loops": 1,
      "Plans": [
        {
          "Node Type": "Bitmap Heap Scan",
          "Parent Relationship": "Outer",
          "Parallel Aware": false,
          "Relation Name": "movie_companies",
          "Alias": "mc",
          "Startup Cost": 2483.49,
          "Total Cost": 22704.24,
          "Plan Rows": 114460,
          "Plan Width": 0,
          "Actual Startup Time": 19.116,
          "Actual Total Time": 41.975,
          "Actual Rows": 109410,
          "Actual Loops": 1,
          "Recheck Cond": "(company_id > 152191)",
          "Rows Removed by Index Recheck": 0,
          "Exact Heap Blocks": 3324,
          "Lossy Heap Blocks": 0,
          "Plans": [
            {
              "Node Type": "Bitmap Index Scan",
              "Parent Relationship": "Outer",
              "Parallel Aware": false,
              "Index Name": "company_id_movie_companies",
              "Startup Cost": 0.0,
              "Total Cost": 2454.88,
              "Plan Rows": 114460,
              "Plan Width": 0,
              "Actual Startup Time": 18.091,
              "Actual Total Time": 18.091,
              "Actual Rows": 109410,
              "Actual Loops": 1,
              "Index Cond": "(company_id > 152191)"
            }
          ]
        }
      ]
    },
    "Planning Time": 0.148,
    "Triggers": [],
    "Execution Time": 48.847
  }
]