[
  {
    "Plan": {
      "Node Type": "Aggregate",
      "Strategy": "Plain",
      "Partial Mode": "Finalize",
      "Parallel Aware": false,
      "Startup Cost": 44571.16,
      "Total Cost": 44571.17,
      "Plan Rows": 1,
      "Plan Width": 8,
      "Actual Startup Time": 124.856,
      "Actual Total Time": 133.931,
      "Actual Rows": 1,
      "Actual Loops": 1,
      "Plans": [
        {
          "Node Type": "Gather",
          "Parent Relationship": "Outer",
          "Parallel Aware": false,
          "Startup Cost": 44570.85,
          "Total Cost": 44571.16,
          "Plan Rows": 3,
          "Plan Width": 8,
          "Actual Startup Time": 124.728,
          "Actual Total Time": 133.924,
          "Actual Rows": 4,
          "Actual Loops": 1,
          "Workers Planned": 3,
          "Workers Launched": 3,
          "Single Copy": false,
          "Plans": [
            {
              "Node Type": "Aggregate",
              "Strategy": "Plain",
              "Partial Mode": "Partial",
              "Parent Relationship": "Outer",
              "Parallel Aware": false,
              "Startup Cost": 43570.85,
              "Total Cost": 43570.86,
              "Plan Rows": 1,
              "Plan Width": 8,
              "Actual Startup Time": 117.473,
              "Actual Total Time": 117.474,
              "Actual Rows": 1,
              "Actual Loops": 4,
              "Plans": [
                {
                  "Node Type": "Seq Scan",
                  "Parent Relationship": "Outer",
                  "Parallel Aware": true,
                  "Relation Name": "movie_keyword",
                  "Alias": "mk",
                  "Startup Cost": 0.0,
                  "Total Cost": 42695.65,
                  "Plan Rows": 350077,
                  "Plan Width": 0,
                  "Actual Startup Time": 0.058,
                  "Actual Total Time": 104.003,
                  "Actual Rows": 275144,
                  "Actual Loops": 4,
                  "Filter": "(keyword_id < 1130)",
                  "Rows Removed by Filter": 855838
                }
              ]
            }
          ]
        }
      ]
    },
    "Planning Time": 0.116,
    "Triggers": [],
    "Execution Time": 133.968
  }
]