[
  {
    "Plan": {
      "Node Type": "Aggregate",
      "Strategy": "Plain",
      "Partial Mode": "Finalize",
      "Parallel Aware": false,
      "Startup Cost": 45237.5,
      "Total Cost": 45237.51,
      "Plan Rows": 1,
      "Plan Width": 8,
      "Actual Startup Time": 100.045,
      "Actual Total Time": 111.737,
      "Actual Rows": 1,
      "Actual Loops": 1,
      "Plans": [
        {
          "Node Type": "Gather",
          "Parent Relationship": "Outer",
          "Parallel Aware": false,
          "Startup Cost": 45237.08,
          "Total Cost": 45237.49,
          "Plan Rows": 4,
          "Plan Width": 8,
          "Actual Startup Time": 99.799,
          "Actual Total Time": 111.728,
          "Actual Rows": 5,
          "Actual Loops": 1,
          "Workers Planned": 4,
          "Workers Launched": 4,
          "Single Copy": false,
          "Plans": [
            {
              "Node Type": "Aggregate",
              "Strategy": "Plain",
              "Partial Mode": "Partial",
              "Parent Relationship": "Outer",
              "Parallel Aware": false,
              "Startup Cost": 44237.08,
              "Total Cost": 44237.09,
              "Plan Rows": 1,
              "Plan Width": 8,
              "Actual Startup Time": 92.411,
              "Actual Total Time": 92.412,
              "Actual Rows": 1,
              "Actual Loops": 5,
              "Plans": [
                {
                  "Node Type": "Seq Scan",
                  "Parent Relationship": "Outer",
                  "Parallel Aware": true,
                  "Relation Name": "title",
                  "Alias": "t",
                  "Startup Cost": 0.0,
                  "Total Cost": 43898.92,
                  "Plan Rows": 135266,
                  "Plan Width": 0,
                  "Actual Startup Time": 0.035,
                  "Actual Total Time": 86.264,
                  "Actual Rows": 110592,
                  "Actual Loops": 5,
                  "Filter": "(production_year < 1983)",
                  "Rows Removed by Filter": 395070
                }
              ]
            }
          ]
        }
      ]
    },
    "Planning Time": 0.15,
    "Triggers": [],
    "Execution Time": 111.792
  }
]