{
  "Plan": {
    "Node Type": "Aggregate",
    "Strategy": "Plain",
    "Partial Mode": "Finalize",
    "Parallel Aware": false,
    "Startup Cost": 516891.13,
    "Total Cost": 516891.14,
    "Plan Rows": 1,
    "Plan Width": 8,
    "Actual Startup Time": 1293.319,
    "Actual Total Time": 1311.174,
    "Actual Rows": 1,
    "Actual Loops": 1,
    "Plans": [
      {
        "Node Type": "Gather",
        "Parent Relationship": "Outer",
        "Parallel Aware": false,
        "Startup Cost": 516891.02,
        "Total Cost": 516891.13,
        "Plan Rows": 1,
        "Plan Width": 8,
        "Actual Startup Time": 1290.736,
        "Actual Total Time": 1311.161,
        "Actual Rows": 2,
        "Actual Loops": 1,
        "Workers Planned": 1,
        "Workers Launched": 1,
        "Single Copy": false,
        "Plans": [
          {
            "Node Type": "Aggregate",
            "Strategy": "Plain",
            "Partial Mode": "Partial",
            "Parent Relationship": "Outer",
            "Parallel Aware": false,
            "Startup Cost": 515891.02,
            "Total Cost": 515891.03,
            "Plan Rows": 1,
            "Plan Width": 8,
            "Actual Startup Time": 1284.835,
            "Actual Total Time": 1285.641,
            "Actual Rows": 1,
            "Actual Loops": 2,
            "Plans": [
              {
                "Node Type": "Hash Join",
                "Parent Relationship": "Outer",
                "Parallel Aware": true,
                "Join Type": "Inner",
                "Startup Cost": 441272.26,
                "Total Cost": 513683.12,
                "Plan Rows": 883160,
                "Plan Width": 0,
                "Actual Startup Time": 857.328,
                "Actual Total Time": 1236.546,
                "Actual Rows": 1167784,
                "Actual Loops": 2,
                "Inner Unique": false,
                "Hash Cond": "(mk.movie_id = t.id)",
                "Plans": [
                  {
                    "Node Type": "Seq Scan",
                    "Parent Relationship": "Outer",
                    "Parallel Aware": true,
                    "Relation Name": "movie_keyword",
                    "Alias": "mk",
                    "Startup Cost": 0.0,
                    "Total Cost": 57718.19,
                    "Plan Rows": 2532695,
                    "Plan Width": 4,
                    "Actual Startup Time": 0.026,
                    "Actual Total Time": 203.85,
                    "Actual Rows": 2148760,
                    "Actual Loops": 2,
                    "Filter": "(keyword_id > 181)",
                    "Rows Removed by Filter": 113205
                  },
                  {
                    "Node Type": "Hash",
                    "Parent Relationship": "Inner",
                    "Parallel Aware": true,
                    "Startup Cost": 434789.72,
                    "Total Cost": 434789.72,
                    "Plan Rows": 518603,
                    "Plan Width": 8,
                    "Actual Startup Time": 782.487,
                    "Actual Total Time": 783.291,
                    "Actual Rows": 149424,
                    "Actual Loops": 2,
                    "Hash Buckets": 1048576,
                    "Original Hash Buckets": 1048576,
                    "Hash Batches": 1,
                    "Original Hash Batches": 1,
                    "Peak Memory Usage": 19936,
                    "Plans": [
                      {
                        "Node Type": "Hash Join",
                        "Parent Relationship": "Outer",
                        "Parallel Aware": true,
                        "Join Type": "Inner",
                        "Startup Cost": 142859.22,
                        "Total Cost": 434789.72,
                        "Plan Rows": 518603,
                        "Plan Width": 8,
                        "Actual Startup Time": 325.822,
                        "Actual Total Time": 732.764,
                        "Actual Rows": 149424,
                        "Actual Loops": 2,
                        "Inner Unique": true,
                        "Hash Cond": "(ci.movie_id = t.id)",
                        "Plans": [
                          {
                            "Node Type": "Bitmap Heap Scan",
                            "Parent Relationship": "Outer",
                            "Parallel Aware": true,
                            "Relation Name": "cast_info",
                            "Alias": "ci",
                            "Startup Cost": 85118.79,
                            "Total Cost": 371859.96,
                            "Plan Rows": 1976883,
                            "Plan Width": 4,
                            "Actual Startup Time": 127.338,
                            "Actual Total Time": 375.953,
                            "Actual Rows": 522993,
                            "Actual Loops": 2,
                            "Recheck Cond": "(person_id > 3391999)",
                            "Rows Removed by Index Recheck": 0,
                            "Filter": "(role_id < 10)",
                            "Rows Removed by Filter": 1320104,
                            "Exact Heap Blocks": 27557,
                            "Lossy Heap Blocks": 0,
                            "Plans": [
                              {
                                "Node Type": "Bitmap Index Scan",
                                "Parent Relationship": "Outer",
                                "Parallel Aware": false,
                                "Index Name": "person_id_cast_info",
                                "Startup Cost": 0.0,
                                "Total Cost": 84278.61,
                                "Plan Rows": 3859473,
                                "Plan Width": 0,
                                "Actual Startup Time": 117.969,
                                "Actual Total Time": 117.97,
                                "Actual Rows": 3686195,
                                "Actual Loops": 1,
                                "Index Cond": "(person_id > 3391999)"
                              }
                            ]
                          },
                          {
                            "Node Type": "Hash",
                            "Parent Relationship": "Inner",
                            "Parallel Aware": true,
                            "Startup Cost": 52863.55,
                            "Total Cost": 52863.55,
                            "Plan Rows": 390151,
                            "Plan Width": 4,
                            "Actual Startup Time": 193.656,
                            "Actual Total Time": 193.658,
                            "Actual Rows": 331412,
                            "Actual Loops": 2,
                            "Hash Buckets": 1048576,
                            "Original Hash Buckets": 1048576,
                            "Hash Batches": 1,
                            "Original Hash Batches": 1,
                            "Peak Memory Usage": 34176,
                            "Plans": [
                              {
                                "Node Type": "Bitmap Heap Scan",
                                "Parent Relationship": "Outer",
                                "Parallel Aware": true,
                                "Relation Name": "title",
                                "Alias": "t",
                                "Startup Cost": 11988.66,
                                "Total Cost": 52863.55,
                                "Plan Rows": 390151,
                                "Plan Width": 4,
                                "Actual Startup Time": 24.127,
                                "Actual Total Time": 92.133,
                                "Actual Rows": 331412,
                                "Actual Loops": 2,
                                "Recheck Cond": "(kind_id = 1)",
                                "Rows Removed by Index Recheck": 0,
                                "Exact Heap Blocks": 7262,
                                "Lossy Heap Blocks": 0,
                                "Plans": [
                                  {
                                    "Node Type": "Bitmap Index Scan",
                                    "Parent Relationship": "Outer",
                                    "Parallel Aware": false,
                                    "Index Name": "kind_id_title",
                                    "Startup Cost": 0.0,
                                    "Total Cost": 11822.85,
                                    "Plan Rows": 663256,
                                    "Plan Width": 0,
                                    "Actual Startup Time": 22.191,
                                    "Actual Total Time": 22.192,
                                    "Actual Rows": 662825,
                                    "Actual Loops": 1,
                                    "Index Cond": "(kind_id = 1)"
                                  }
                                ]
                              }
                            ]
                          }
                        ]
                      }
                    ]
                  }
                ]
              }
            ]
          }
        ]
      }
    ]
  },
  "Planning Time": 0.604,
  "Triggers": [],
  "Execution Time": 1311.277
}