[
  {
    "Plan": {
      "Node Type": "Aggregate",
      "Strategy": "Plain",
      "Partial Mode": "Finalize",
      "Parallel Aware": false,
      "Startup Cost": 27414.49,
      "Total Cost": 27414.5,
      "Plan Rows": 1,
      "Plan Width": 8,
      "Actual Startup Time": 40.672,
      "Actual Total Time": 49.158,
      "Actual Rows": 1,
      "Actual Loops": 1,
      "Plans": [
        {
          "Node Type": "Gather",
          "Parent Relationship": "Outer",
          "Parallel Aware": false,
          "Startup Cost": 27414.27,
          "Total Cost": 27414.48,
          "Plan Rows": 2,
          "Plan Width": 8,
          "Actual Startup Time": 40.194,
          "Actual Total Time": 49.15,
          "Actual Rows": 3,
          "Actual Loops": 1,
          "Workers Planned": 2,
          "Workers Launched": 2,
          "Single Copy": false,
          "Plans": [
            {
              "Node Type": "Aggregate",
              "Strategy": "Plain",
              "Partial Mode": "Partial",
              "Parent Relationship": "Outer",
              "Parallel Aware": false,
              "Startup Cost": 26414.27,
              "Total Cost": 26414.28,
              "Plan Rows": 1,
              "Plan Width": 8,
              "Actual Startup Time": 37.569,
              "Actual Total Time": 37.571,
              "Actual Rows": 1,
              "Actual Loops": 3,
              "Plans": [
                {
                  "Node Type": "Nested Loop",
                  "Parent Relationship": "Outer",
                  "Parallel Aware": false,
                  "Join Type": "Inner",
                  "Startup Cost": 95.19,
                  "Total Cost": 26405.59,
                  "Plan Rows": 3474,
                  "Plan Width": 0,
                  "Actual Startup Time": 0.851,
                  "Actual Total Time": 36.669,
                  "Actual Rows": 10223,
                  "Actual Loops": 3,
                  "Inner Unique": false,
                  "Plans": [
                    {
                      "Node Type": "Nested Loop",
                      "Parent Relationship": "Outer",
                      "Parallel Aware": false,
                      "Join Type": "Inner",
                      "Startup Cost": 94.75,
                      "Total Cost": 24857.02,
                      "Plan Rows": 592,
                      "Plan Width": 8,
                      "Actual Startup Time": 0.784,
                      "Actual Total Time": 12.987,
                      "Actual Rows": 1283,
                      "Actual Loops": 3,
                      "Inner Unique": true,
                      "Plans": [
                        {
                          "Node Type": "Bitmap Heap Scan",
                          "Parent Relationship": "Outer",
                          "Parallel Aware": true,
                          "Relation Name": "movie_keyword",
                          "Alias": "mk",
                          "Startup Cost": 94.32,
                          "Total Cost": 11296.48,
                          "Plan Rows": 1822,
                          "Plan Width": 4,
                          "Actual Startup Time": 0.656,
                          "Actual Total Time": 3.471,
                          "Actual Rows": 1399,
                          "Actual Loops": 3,
                          "Recheck Cond": "(keyword_id = 1578)",
                          "Rows Removed by Index Recheck": 0,
                          "Exact Heap Blocks": 1057,
                          "Lossy Heap Blocks": 0,
                          "Plans": [
                            {
                              "Node Type": "Bitmap Index Scan",
                              "Parent Relationship": "Outer",
                              "Parallel Aware": false,
                              "Index Name": "keyword_id_movie_keyword",
                              "Startup Cost": 0.0,
                              "Total Cost": 93.23,
                              "Plan Rows": 4373,
                              "Plan Width": 0,
                              "Actual Startup Time": 1.583,
                              "Actual Total Time": 1.583,
                              "Actual Rows": 4196,
                              "Actual Loops": 1,
                              "Index Cond": "(keyword_id = 1578)"
                            }
                          ]
                        },
                        {
                          "Node Type": "Index Scan",
                          "Parent Relationship": "Inner",
                          "Parallel Aware": false,
                          "Scan Direction": "Forward",
                          "Index Name": "title_pkey",
                          "Relation Name": "title",
                          "Alias": "t",
                          "Startup Cost": 0.43,
                          "Total Cost": 7.44,
                          "Plan Rows": 1,
                          "Plan Width": 4,
                          "Actual Startup Time": 0.006,
                          "Actual Total Time": 0.006,
                          "Actual Rows": 1,
                          "Actual Loops": 4196,
                          "Index Cond": "(id = mk.movie_id)",
                          "Rows Removed by Index Recheck": 0,
                          "Filter": "((kind_id < 7) AND (production_year > 1969))",
                          "Rows Removed by Filter": 0
                        }
                      ]
                    },
                    {
                      "Node Type": "Index Only Scan",
                      "Parent Relationship": "Inner",
                      "Parallel Aware": false,
                      "Scan Direction": "Forward",
                      "Index Name": "movie_id_movie_info",
                      "Relation Name": "movie_info",
                      "Alias": "mi",
                      "Startup Cost": 0.43,
                      "Total Cost": 2.21,
                      "Plan Rows": 41,
                      "Plan Width": 4,
                      "Actual Startup Time": 0.006,
                      "Actual Total Time": 0.017,
                      "Actual Rows": 8,
                      "Actual Loops": 3849,
                      "Index Cond": "(movie_id = t.id)",
                      "Rows Removed by Index Recheck": 0,
                      "Heap Fetches": 30668
                    }
                  ]
                }
              ]
            }
          ]
        }
      ]
    },
    "Planning Time": 0.642,
    "Triggers": [],
    "Execution Time": 49.219
  }
]