[
  {
    "Plan": {
      "Node Type": "Aggregate",
      "Strategy": "Plain",
      "Partial Mode": "Simple",
      "Parallel Aware": false,
      "Startup Cost": 510212.21,
      "Total Cost": 510212.22,
      "Plan Rows": 1,
      "Plan Width": 64,
      "Actual Startup Time": 3187.751,
      "Actual Total Time": 3188.073,
      "Actual Rows": 1,
      "Actual Loops": 1,
      "Plans": [
        {
          "Node Type": "Merge Join",
          "Parent Relationship": "Outer",
          "Parallel Aware": false,
          "Join Type": "Inner",
          "Startup Cost": 510177.75,
          "Total Cost": 510212.2,
          "Plan Rows": 1,
          "Plan Width": 23,
          "Actual Startup Time": 3171.065,
          "Actual Total Time": 3188.052,
          "Actual Rows": 1,
          "Actual Loops": 1,
          "Inner Unique": false,
          "Merge Cond": "(mi.movie_id = t.id)",
          "Plans": [
            {
              "Node Type": "Merge Join",
              "Parent Relationship": "Outer",
              "Parallel Aware": false,
              "Join Type": "Inner",
              "Startup Cost": 460408.21,
              "Total Cost": 460439.98,
              "Plan Rows": 1,
              "Plan Width": 18,
              "Actual Startup Time": 2927.233,
              "Actual Total Time": 2984.517,
              "Actual Rows": 5497,
              "Actual Loops": 1,
              "Inner Unique": false,
              "Merge Cond": "(mi.movie_id = mk.movie_id)",
              "Plans": [
                {
                  "Node Type": "Sort",
                  "Parent Relationship": "Outer",
                  "Parallel Aware": false,
                  "Startup Cost": 243853.17,
                  "Total Cost": 243869.06,
                  "Plan Rows": 6356,
                  "Plan Width": 4,
                  "Actual Startup Time": 1497.991,
                  "Actual Total Time": 1521.837,
                  "Actual Rows": 614158,
                  "Actual Loops": 1,
                  "Sort Key": [
                    "mi.movie_id"
                  ],
                  "Sort Method": "quicksort",
                  "Sort Space Used": 53370,
                  "Sort Space Type": "Memory",
                  "Plans": [
                    {
                      "Node Type": "Gather",
                      "Parent Relationship": "Outer",
                      "Parallel Aware": false,
                      "Startup Cost": 242085.09,
                      "Total Cost": 243451.66,
                      "Plan Rows": 6356,
                      "Plan Width": 4,
                      "Actual Startup Time": 1126.256,
                      "Actual Total Time": 1278.306,
                      "Actual Rows": 614251,
                      "Actual Loops": 1,
                      "Workers Planned": 5,
                      "Workers Launched": 5,
                      "Single Copy": false,
                      "Plans": [
                        {
                          "Node Type": "Merge Join",
                          "Parent Relationship": "Outer",
                          "Parallel Aware": false,
                          "Join Type": "Inner",
                          "Startup Cost": 241085.09,
                          "Total Cost": 241816.06,
                          "Plan Rows": 1271,
                          "Plan Width": 4,
                          "Actual Startup Time": 1115.226,
                          "Actual Total Time": 1160.733,
                          "Actual Rows": 102375,
                          "Actual Loops": 6,
                          "Inner Unique": true,
                          "Merge Cond": "(mi.info_type_id = it1.id)",
                          "Plans": [
                            {
                              "Node Type": "Sort",
                              "Parent Relationship": "Outer",
                              "Parallel Aware": false,
                              "Startup Cost": 241082.67,
                              "Total Cost": 241441.8,
                              "Plan Rows": 143651,
                              "Plan Width": 8,
                              "Actual Startup Time": 1113.317,
                              "Actual Total Time": 1125.665,
                              "Actual Rows": 115117,
                              "Actual Loops": 6,
                              "Sort Key": [
                                "mi.info_type_id"
                              ],
                              "Sort Method": "quicksort",
                              "Sort Space Used": 7732,
                              "Sort Space Type": "Memory",
                              "Workers": [
                                {
                                  "Worker Number": 0,
                                  "Sort Method": "quicksort",
                                  "Sort Space Used": 8303,
                                  "Sort Space Type": "Memory"
                                },
                                {
                                  "Worker Number": 1,
                                  "Sort Method": "quicksort",
                                  "Sort Space Used": 8253,
                                  "Sort Space Type": "Memory"
                                },
                                {
                                  "Worker Number": 2,
                                  "Sort Method": "quicksort",
                                  "Sort Space Used": 13806,
                                  "Sort Space Type": "Memory"
                                },
                                {
                                  "Worker Number": 3,
                                  "Sort Method": "quicksort",
                                  "Sort Space Used": 8224,
                                  "Sort Space Type": "Memory"
                                },
                                {
                                  "Worker Number": 4,
                                  "Sort Method": "quicksort",
                                  "Sort Space Used": 8315,
                                  "Sort Space Type": "Memory"
                                }
                              ],
                              "Plans": [
                                {
                                  "Node Type": "Seq Scan",
                                  "Parent Relationship": "Outer",
                                  "Parallel Aware": true,
                                  "Relation Name": "movie_info",
                                  "Alias": "mi",
                                  "Startup Cost": 0.0,
                                  "Total Cost": 228777.37,
                                  "Plan Rows": 143651,
                                  "Plan Width": 8,
                                  "Actual Startup Time": 0.662,
                                  "Actual Total Time": 1081.465,
                                  "Actual Rows": 117779,
                                  "Actual Loops": 6,
                                  "Filter": "(info = ANY ('{Sweden,Norway,Germany,Denmark,Swedish,Denish,Norwegian,German,USA,American}'::text[]))",
                                  "Rows Removed by Filter": 2354841
                                }
                              ]
                            },
                            {
                              "Node Type": "Sort",
                              "Parent Relationship": "Inner",
                              "Parallel Aware": false,
                              "Startup Cost": 2.42,
                              "Total Cost": 2.43,
                              "Plan Rows": 1,
                              "Plan Width": 4,
                              "Actual Startup Time": 0.134,
                              "Actual Total Time": 0.136,
                              "Actual Rows": 1,
                              "Actual Loops": 6,
                              "Sort Key": [
                                "it1.id"
                              ],
                              "Sort Method": "quicksort",
                              "Sort Space Used": 25,
                              "Sort Space Type": "Memory",
                              "Workers": [
                                {
                                  "Worker Number": 0,
                                  "Sort Method": "quicksort",
                                  "Sort Space Used": 25,
                                  "Sort Space Type": "Memory"
                                },
                                {
                                  "Worker Number": 1,
                                  "Sort Method": "quicksort",
                                  "Sort Space Used": 25,
                                  "Sort Space Type": "Memory"
                                },
                                {
                                  "Worker Number": 2,
                                  "Sort Method": "quicksort",
                                  "Sort Space Used": 25,
                                  "Sort Space Type": "Memory"
                                },
                                {
                                  "Worker Number": 3,
                                  "Sort Method": "quicksort",
                                  "Sort Space Used": 25,
                                  "Sort Space Type": "Memory"
                                },
                                {
                                  "Worker Number": 4,
                                  "Sort Method": "quicksort",
                                  "Sort Space Used": 25,
                                  "Sort Space Type": "Memory"
                                }
                              ],
                              "Plans": [
                                {
                                  "Node Type": "Seq Scan",
                                  "Parent Relationship": "Outer",
                                  "Parallel Aware": false,
                                  "Relation Name": "info_type",
                                  "Alias": "it1",
                                  "Startup Cost": 0.0,
                                  "Total Cost": 2.41,
                                  "Plan Rows": 1,
                                  "Plan Width": 4,
                                  "Actual Startup Time": 0.099,
                                  "Actual Total Time": 0.106,
                                  "Actual Rows": 1,
                                  "Actual Loops": 6,
                                  "Filter": "((info)::text = 'countries'::text)",
                                  "Rows Removed by Filter": 112
                                }
                              ]
                            }
                          ]
                        }
                      ]
                    }
                  ]
                },
                {
                  "Node Type": "Sort",
                  "Parent Relationship": "Inner",
                  "Parallel Aware": false,
                  "Startup Cost": 216555.03,
                  "Total Cost": 216555.04,
                  "Plan Rows": 1,
                  "Plan Width": 14,
                  "Actual Startup Time": 1429.205,
                  "Actual Total Time": 1430.186,
                  "Actual Rows": 8799,
                  "Actual Loops": 1,
                  "Sort Key": [
                    "mi_idx.movie_id"
                  ],
                  "Sort Method": "quicksort",
                  "Sort Space Used": 786,
                  "Sort Space Type": "Memory",
                  "Plans": [
                    {
                      "Node Type": "Gather",
                      "Parent Relationship": "Outer",
                      "Parallel Aware": false,
                      "Startup Cost": 216504.09,
                      "Total Cost": 216555.02,
                      "Plan Rows": 1,
                      "Plan Width": 14,
                      "Actual Startup Time": 1365.317,
                      "Actual Total Time": 1423.45,
                      "Actual Rows": 8561,
                      "Actual Loops": 1,
                      "Workers Planned": 3,
                      "Workers Launched": 3,
                      "Single Copy": false,
                      "Plans": [
                        {
                          "Node Type": "Merge Join",
                          "Parent Relationship": "Outer",
                          "Parallel Aware": false,
                          "Join Type": "Inner",
                          "Startup Cost": 215504.09,
                          "Total Cost": 215554.92,
                          "Plan Rows": 1,
                          "Plan Width": 14,
                          "Actual Startup Time": 1377.86,
                          "Actual Total Time": 1378.859,
                          "Actual Rows": 2140,
                          "Actual Loops": 4,
                          "Inner Unique": true,
                          "Merge Cond": "(mk.keyword_id = k.id)",
                          "Plans": [
                            {
                              "Node Type": "Sort",
                              "Parent Relationship": "Outer",
                              "Parallel Aware": false,
                              "Startup Cost": 212877.82,
                              "Total Cost": 212903.29,
                              "Plan Rows": 10190,
                              "Plan Width": 18,
                              "Actual Startup Time": 1347.164,
                              "Actual Total Time": 1352.9,
                              "Actual Rows": 21916,
                              "Actual Loops": 4,
                              "Sort Key": [
                                "mk.keyword_id"
                              ],
                              "Sort Method": "quicksort",
                              "Sort Space Used": 34255,
                              "Sort Space Type": "Memory",
                              "Workers": [
                                {
                                  "Worker Number": 0,
                                  "Sort Method": "quicksort",
                                  "Sort Space Used": 32281,
                                  "Sort Space Type": "Memory"
                                },
                                {
                                  "Worker Number": 1,
                                  "Sort Method": "quicksort",
                                  "Sort Space Used": 32311,
                                  "Sort Space Type": "Memory"
                                },
                                {
                                  "Worker Number": 2,
                                  "Sort Method": "quicksort",
                                  "Sort Space Used": 63488,
                                  "Sort Space Type": "Memory"
                                }
                              ],
                              "Plans": [
                                {
                                  "Node Type": "Merge Join",
                                  "Parent Relationship": "Outer",
                                  "Parallel Aware": false,
                                  "Join Type": "Inner",
                                  "Startup Cost": 61927.35,
                                  "Total Cost": 212199.43,
                                  "Plan Rows": 10190,
                                  "Plan Width": 18,
                                  "Actual Startup Time": 510.397,
                                  "Actual Total Time": 1131.556,
                                  "Actual Rows": 538096,
                                  "Actual Loops": 4,
                                  "Inner Unique": false,
                                  "Merge Cond": "(mk.movie_id = mi_idx.movie_id)",
                                  "Plans": [
                                    {
                                      "Node Type": "Index Scan",
                                      "Parent Relationship": "Outer",
                                      "Parallel Aware": true,
                                      "Scan Direction": "Forward",
                                      "Index Name": "movie_id_movie_keyword",
                                      "Relation Name": "movie_keyword",
                                      "Alias": "mk",
                                      "Startup Cost": 0.43,
                                      "Total Cost": 146510.84,
                                      "Plan Rows": 1459332,
                                      "Plan Width": 8,
                                      "Actual Startup Time": 0.186,
                                      "Actual Total Time": 356.375,
                                      "Actual Rows": 1130981,
                                      "Actual Loops": 4
                                    },
                                    {
                                      "Node Type": "Sort",
                                      "Parent Relationship": "Inner",
                                      "Parallel Aware": false,
                                      "Startup Cost": 61926.92,
                                      "Total Cost": 61935.2,
                                      "Plan Rows": 3312,
                                      "Plan Width": 10,
                                      "Actual Startup Time": 510.142,
                                      "Actual Total Time": 554.921,
                                      "Actual Rows": 765033,
                                      "Actual Loops": 4,
                                      "Sort Key": [
                                        "mi_idx.movie_id"
                                      ],
                                      "Sort Method": "quicksort",
                                      "Sort Space Used": 18325,
                                      "Sort Space Type": "Memory",
                                      "Workers": [
                                        {
                                          "Worker Number": 0,
                                          "Sort Method": "quicksort",
                                          "Sort Space Used": 18325,
                                          "Sort Space Type": "Memory"
                                        },
                                        {
                                          "Worker Number": 1,
                                          "Sort Method": "quicksort",
                                          "Sort Space Used": 18325,
                                          "Sort Space Type": "Memory"
                                        },
                                        {
                                          "Worker Number": 2,
                                          "Sort Method": "quicksort",
                                          "Sort Space Used": 18325,
                                          "Sort Space Type": "Memory"
                                        }
                                      ],
                                      "Plans": [
                                        {
                                          "Node Type": "Merge Join",
                                          "Parent Relationship": "Outer",
                                          "Parallel Aware": false,
                                          "Join Type": "Inner",
                                          "Startup Cost": 59829.03,
                                          "Total Cost": 61733.27,
                                          "Plan Rows": 3312,
                                          "Plan Width": 10,
                                          "Actual Startup Time": 368.097,
                                          "Actual Total Time": 422.39,
                                          "Actual Rows": 259848,
                                          "Actual Loops": 4,
                                          "Inner Unique": false,
                                          "Merge Cond": "(it2.id = mi_idx.info_type_id)",
                                          "Plans": [
                                            {
                                              "Node Type": "Sort",
                                              "Parent Relationship": "Outer",
                                              "Parallel Aware": false,
                                              "Startup Cost": 2.42,
                                              "Total Cost": 2.43,
                                              "Plan Rows": 1,
                                              "Plan Width": 4,
                                              "Actual Startup Time": 0.126,
                                              "Actual Total Time": 0.128,
                                              "Actual Rows": 1,
                                              "Actual Loops": 4,
                                              "Sort Key": [
                                                "it2.id"
                                              ],
                                              "Sort Method": "quicksort",
                                              "Sort Space Used": 25,
                                              "Sort Space Type": "Memory",
                                              "Workers": [
                                                {
                                                  "Worker Number": 0,
                                                  "Sort Method": "quicksort",
                                                  "Sort Space Used": 25,
                                                  "Sort Space Type": "Memory"
                                                },
                                                {
                                                  "Worker Number": 1,
                                                  "Sort Method": "quicksort",
                                                  "Sort Space Used": 25,
                                                  "Sort Space Type": "Memory"
                                                },
                                                {
                                                  "Worker Number": 2,
                                                  "Sort Method": "quicksort",
                                                  "Sort Space Used": 25,
                                                  "Sort Space Type": "Memory"
                                                }
                                              ],
                                              "Plans": [
                                                {
                                                  "Node Type": "Seq Scan",
                                                  "Parent Relationship": "Outer",
                                                  "Parallel Aware": false,
                                                  "Relation Name": "info_type",
                                                  "Alias": "it2",
                                                  "Startup Cost": 0.0,
                                                  "Total Cost": 2.41,
                                                  "Plan Rows": 1,
                                                  "Plan Width": 4,
                                                  "Actual Startup Time": 0.076,
                                                  "Actual Total Time": 0.08,
                                                  "Actual Rows": 1,
                                                  "Actual Loops": 4,
                                                  "Filter": "((info)::text = 'rating'::text)",
                                                  "Rows Removed by Filter": 112
                                                }
                                              ]
                                            },
                                            {
                                              "Node Type": "Sort",
                                              "Parent Relationship": "Inner",
                                              "Parallel Aware": false,
                                              "Startup Cost": 59826.6,
                                              "Total Cost": 60762.16,
                                              "Plan Rows": 374225,
                                              "Plan Width": 14,
                                              "Actual Startup Time": 347.645,
                                              "Actual Total Time": 372.33,
                                              "Actual Rows": 373364,
                                              "Actual Loops": 4,
                                              "Sort Key": [
                                                "mi_idx.info_type_id"
                                              ],
                                              "Sort Method": "quicksort",
                                              "Sort Space Used": 29906,
                                              "Sort Space Type": "Memory",
                                              "Workers": [
                                                {
                                                  "Worker Number": 0,
                                                  "Sort Method": "quicksort",
                                                  "Sort Space Used": 29906,
                                                  "Sort Space Type": "Memory"
                                                },
                                                {
                                                  "Worker Number": 1,
                                                  "Sort Method": "quicksort",
                                                  "Sort Space Used": 29906,
                                                  "Sort Space Type": "Memory"
                                                },
                                                {
                                                  "Worker Number": 2,
                                                  "Sort Method": "quicksort",
                                                  "Sort Space Used": 29906,
                                                  "Sort Space Type": "Memory"
                                                }
                                              ],
                                              "Plans": [
                                                {
                                                  "Node Type": "Seq Scan",
                                                  "Parent Relationship": "Outer",
                                                  "Parallel Aware": false,
                                                  "Relation Name": "movie_info_idx",
                                                  "Alias": "mi_idx",
                                                  "Startup Cost": 0.0,
                                                  "Total Cost": 25185.44,
                                                  "Plan Rows": 374225,
                                                  "Plan Width": 14,
                                                  "Actual Startup Time": 0.07,
                                                  "Actual Total Time": 247.324,
                                                  "Actual Rows": 373409,
                                                  "Actual Loops": 4,
                                                  "Filter": "(info > '6.0'::text)",
                                                  "Rows Removed by Filter": 1006626
                                                }
                                              ]
                                            }
                                          ]
                                        }
                                      ]
                                    }
                                  ]
                                }
                              ]
                            },
                            {
                              "Node Type": "Sort",
                              "Parent Relationship": "Inner",
                              "Parallel Aware": false,
                              "Startup Cost": 2626.14,
                              "Total Cost": 2626.14,
                              "Plan Rows": 2,
                              "Plan Width": 4,
                              "Actual Startup Time": 22.619,
                              "Actual Total Time": 22.62,
                              "Actual Rows": 1,
                              "Actual Loops": 4,
                              "Sort Key": [
                                "k.id"
                              ],
                              "Sort Method": "quicksort",
                              "Sort Space Used": 25,
                              "Sort Space Type": "Memory",
                              "Workers": [
                                {
                                  "Worker Number": 0,
                                  "Sort Method": "quicksort",
                                  "Sort Space Used": 25,
                                  "Sort Space Type": "Memory"
                                },
                                {
                                  "Worker Number": 1,
                                  "Sort Method": "quicksort",
                                  "Sort Space Used": 25,
                                  "Sort Space Type": "Memory"
                                },
                                {
                                  "Worker Number": 2,
                                  "Sort Method": "quicksort",
                                  "Sort Space Used": 25,
                                  "Sort Space Type": "Memory"
                                }
                              ],
                              "Plans": [
                                {
                                  "Node Type": "Seq Scan",
                                  "Parent Relationship": "Outer",
                                  "Parallel Aware": false,
                                  "Relation Name": "keyword",
                                  "Alias": "k",
                                  "Startup Cost": 0.0,
                                  "Total Cost": 2626.12,
                                  "Plan Rows": 2,
                                  "Plan Width": 4,
                                  "Actual Startup Time": 1.413,
                                  "Actual Total Time": 22.59,
                                  "Actual Rows": 1,
                                  "Actual Loops": 4,
                                  "Filter": "(keyword = ANY ('{murder,murder-in-title}'::text[]))",
                                  "Rows Removed by Filter": 134169
                                }
                              ]
                            }
                          ]
                        }
                      ]
                    }
                  ]
                }
              ]
            },
            {
              "Node Type": "Sort",
              "Parent Relationship": "Inner",
              "Parallel Aware": false,
              "Startup Cost": 49769.55,
              "Total Cost": 49770.88,
              "Plan Rows": 532,
              "Plan Width": 21,
              "Actual Startup Time": 203.18,
              "Actual Total Time": 203.264,
              "Actual Rows": 105,
              "Actual Loops": 1,
              "Sort Key": [
                "t.id"
              ],
              "Sort Method": "quicksort",
              "Sort Space Used": 33,
              "Sort Space Type": "Memory",
              "Plans": [
                {
                  "Node Type": "Gather",
                  "Parent Relationship": "Outer",
                  "Parallel Aware": false,
                  "Startup Cost": 49686.27,
                  "Total Cost": 49745.46,
                  "Plan Rows": 532,
                  "Plan Width": 21,
                  "Actual Startup Time": 202.86,
                  "Actual Total Time": 203.154,
                  "Actual Rows": 105,
                  "Actual Loops": 1,
                  "Workers Planned": 4,
                  "Workers Launched": 4,
                  "Single Copy": false,
                  "Plans": [
                    {
                      "Node Type": "Merge Join",
                      "Parent Relationship": "Outer",
                      "Parallel Aware": false,
                      "Join Type": "Inner",
                      "Startup Cost": 48686.27,
                      "Total Cost": 48692.26,
                      "Plan Rows": 133,
                      "Plan Width": 21,
                      "Actual Startup Time": 194.568,
                      "Actual Total Time": 194.581,
                      "Actual Rows": 21,
                      "Actual Loops": 5,
                      "Inner Unique": true,
                      "Merge Cond": "(t.kind_id = kt.id)",
                      "Plans": [
                        {
                          "Node Type": "Sort",
                          "Parent Relationship": "Outer",
                          "Parallel Aware": false,
                          "Startup Cost": 48685.17,
                          "Total Cost": 48687.5,
                          "Plan Rows": 931,
                          "Plan Width": 25,
                          "Actual Startup Time": 194.417,
                          "Actual Total Time": 194.421,
                          "Actual Rows": 22,
                          "Actual Loops": 5,
                          "Sort Key": [
                            "t.kind_id"
                          ],
                          "Sort Method": "quicksort",
                          "Sort Space Used": 36,
                          "Sort Space Type": "Memory",
                          "Workers": [
                            {
                              "Worker Number": 0,
                              "Sort Method": "quicksort",
                              "Sort Space Used": 32,
                              "Sort Space Type": "Memory"
                            },
                            {
                              "Worker Number": 1,
                              "Sort Method": "quicksort",
                              "Sort Space Used": 30,
                              "Sort Space Type": "Memory"
                            },
                            {
                              "Worker Number": 2,
                              "Sort Method": "quicksort",
                              "Sort Space Used": 33,
                              "Sort Space Type": "Memory"
                            },
                            {
                              "Worker Number": 3,
                              "Sort Method": "quicksort",
                              "Sort Space Used": 31,
                              "Sort Space Type": "Memory"
                            }
                          ],
                          "Plans": [
                            {
                              "Node Type": "Seq Scan",
                              "Parent Relationship": "Outer",
                              "Parallel Aware": true,
                              "Relation Name": "title",
                              "Alias": "t",
                              "Startup Cost": 0.0,
                              "Total Cost": 48639.26,
                              "Plan Rows": 931,
                              "Plan Width": 25,
                              "Actual Startup Time": 3.387,
                              "Actual Total Time": 194.245,
                              "Actual Rows": 91,
                              "Actual Loops": 5,
                              "Filter": "((production_year > 2010) AND ((title ~~ '%murder%'::text) OR (title ~~ '%Murder%'::text) OR (title ~~ '%Mord%'::text)))",
                              "Rows Removed by Filter": 505571
                            }
                          ]
                        },
                        {
                          "Node Type": "Sort",
                          "Parent Relationship": "Inner",
                          "Parallel Aware": false,
                          "Startup Cost": 1.1,
                          "Total Cost": 1.1,
                          "Plan Rows": 1,
                          "Plan Width": 4,
                          "Actual Startup Time": 0.136,
                          "Actual Total Time": 0.137,
                          "Actual Rows": 1,
                          "Actual Loops": 5,
                          "Sort Key": [
                            "kt.id"
                          ],
                          "Sort Method": "quicksort",
                          "Sort Space Used": 25,
                          "Sort Space Type": "Memory",
                          "Workers": [
                            {
                              "Worker Number": 0,
                              "Sort Method": "quicksort",
                              "Sort Space Used": 25,
                              "Sort Space Type": "Memory"
                            },
                            {
                              "Worker Number": 1,
                              "Sort Method": "quicksort",
                              "Sort Space Used": 25,
                              "Sort Space Type": "Memory"
                            },
                            {
                              "Worker Number": 2,
                              "Sort Method": "quicksort",
                              "Sort Space Used": 25,
                              "Sort Space Type": "Memory"
                            },
                            {
                              "Worker Number": 3,
                              "Sort Method": "quicksort",
                              "Sort Space Used": 25,
                              "Sort Space Type": "Memory"
                            }
                          ],
                          "Plans": [
                            {
                              "Node Type": "Seq Scan",
                              "Parent Relationship": "Outer",
                              "Parallel Aware": false,
                              "Relation Name": "kind_type",
                              "Alias": "kt",
                              "Startup Cost": 0.0,
                              "Total Cost": 1.09,
                              "Plan Rows": 1,
                              "Plan Width": 4,
                              "Actual Startup Time": 0.081,
                              "Actual Total Time": 0.082,
                              "Actual Rows": 1,
                              "Actual Loops": 5,
                              "Filter": "((kind)::text = 'movie'::text)",
                              "Rows Removed by Filter": 6
                            }
                          ]
                        }
                      ]
                    }
                  ]
                }
              ]
            }
          ]
        }
      ]
    },
    "Planning Time": 17.467,
    "Triggers": [],
    "Execution Time": 3198.096
  }
]