{
  "Plan": {
    "Node Type": "Aggregate",
    "Strategy": "Plain",
    "Partial Mode": "Finalize",
    "Parallel Aware": false,
    "Startup Cost": 989261.07,
    "Total Cost": 989261.08,
    "Plan Rows": 1,
    "Plan Width": 8,
    "Actual Startup Time": 7220.432,
    "Actual Total Time": 7296.552,
    "Actual Rows": 1,
    "Actual Loops": 1,
    "Plans": [
      {
        "Node Type": "Gather",
        "Parent Relationship": "Outer",
        "Parallel Aware": false,
        "Startup Cost": 989260.96,
        "Total Cost": 989261.07,
        "Plan Rows": 1,
        "Plan Width": 8,
        "Actual Startup Time": 7217.142,
        "Actual Total Time": 7296.543,
        "Actual Rows": 2,
        "Actual Loops": 1,
        "Workers Planned": 1,
        "Workers Launched": 1,
        "Single Copy": false,
        "Plans": [
          {
            "Node Type": "Aggregate",
            "Strategy": "Plain",
            "Partial Mode": "Partial",
            "Parent Relationship": "Outer",
            "Parallel Aware": false,
            "Startup Cost": 988260.96,
            "Total Cost": 988260.97,
            "Plan Rows": 1,
            "Plan Width": 8,
            "Actual Startup Time": 7210.8,
            "Actual Total Time": 7210.805,
            "Actual Rows": 1,
            "Actual Loops": 2,
            "Plans": [
              {
                "Node Type": "Merge Join",
                "Parent Relationship": "Outer",
                "Parallel Aware": false,
                "Join Type": "Inner",
                "Startup Cost": 811429.12,
                "Total Cost": 986600.56,
                "Plan Rows": 664162,
                "Plan Width": 0,
                "Actual Startup Time": 6446.06,
                "Actual Total Time": 7160.487,
                "Actual Rows": 1309446,
                "Actual Loops": 2,
                "Inner Unique": false,
                "Merge Cond": "(mk.movie_id = t.id)",
                "Plans": [
                  {
                    "Node Type": "Index Only Scan",
                    "Parent Relationship": "Outer",
                    "Parallel Aware": true,
                    "Scan Direction": "Forward",
                    "Index Name": "movie_id_movie_keyword",
                    "Relation Name": "movie_keyword",
                    "Alias": "mk",
                    "Startup Cost": 0.43,
                    "Total Cost": 158560.11,
                    "Plan Rows": 2661135,
                    "Plan Width": 4,
                    "Actual Startup Time": 0.097,
                    "Actual Total Time": 434.614,
                    "Actual Rows": 2261962,
                    "Actual Loops": 2,
                    "Heap Fetches": 4523925
                  },
                  {
                    "Node Type": "Sort",
                    "Parent Relationship": "Inner",
                    "Parallel Aware": false,
                    "Startup Cost": 811428.33,
                    "Total Cost": 813005.85,
                    "Plan Rows": 631008,
                    "Plan Width": 8,
                    "Actual Startup Time": 6345.968,
                    "Actual Total Time": 6469.782,
                    "Actual Rows": 1696250,
                    "Actual Loops": 2,
                    "Sort Key": [
                      "ci.movie_id"
                    ],
                    "Sort Method": "quicksort",
                    "Sort Space Used": 49583,
                    "Sort Space Type": "Memory",
                    "Workers": [
                      {
                        "Worker Number": 0,
                        "Sort Method": "quicksort",
                        "Sort Space Used": 49583,
                        "Sort Space Type": "Memory"
                      }
                    ],
                    "Plans": [
                      {
                        "Node Type": "Hash Join",
                        "Parent Relationship": "Outer",
                        "Parallel Aware": false,
                        "Join Type": "Inner",
                        "Startup Cost": 40573.42,
                        "Total Cost": 750639.23,
                        "Plan Rows": 631008,
                        "Plan Width": 8,
                        "Actual Startup Time": 72.868,
                        "Actual Total Time": 6196.031,
                        "Actual Rows": 533474,
                        "Actual Loops": 2,
                        "Inner Unique": true,
                        "Hash Cond": "(ci.movie_id = t.id)",
                        "Plans": [
                          {
                            "Node Type": "Seq Scan",
                            "Parent Relationship": "Outer",
                            "Parallel Aware": false,
                            "Relation Name": "cast_info",
                            "Alias": "ci",
                            "Startup Cost": 0.0,
                            "Total Cost": 614967.12,
                            "Plan Rows": 36228012,
                            "Plan Width": 4,
                            "Actual Startup Time": 0.039,
                            "Actual Total Time": 2510.699,
                            "Actual Rows": 36244344,
                            "Actual Loops": 2
                          },
                          {
                            "Node Type": "Hash",
                            "Parent Relationship": "Inner",
                            "Parallel Aware": false,
                            "Startup Cost": 40022.96,
                            "Total Cost": 40022.96,
                            "Plan Rows": 44037,
                            "Plan Width": 4,
                            "Actual Startup Time": 72.025,
                            "Actual Total Time": 72.027,
                            "Actual Rows": 46448,
                            "Actual Loops": 2,
                            "Hash Buckets": 65536,
                            "Original Hash Buckets": 65536,
                            "Hash Batches": 1,
                            "Original Hash Batches": 1,
                            "Peak Memory Usage": 2145,
                            "Plans": [
                              {
                                "Node Type": "Bitmap Heap Scan",
                                "Parent Relationship": "Outer",
                                "Parallel Aware": false,
                                "Relation Name": "title",
                                "Alias": "t",
                                "Startup Cost": 2191.95,
                                "Total Cost": 40022.96,
                                "Plan Rows": 44037,
                                "Plan Width": 4,
                                "Actual Startup Time": 20.302,
                                "Actual Total Time": 63.483,
                                "Actual Rows": 46448,
                                "Actual Loops": 2,
                                "Recheck Cond": "(kind_id = 4)",
                                "Rows Removed by Index Recheck": 0,
                                "Filter": "(production_year > 2006)",
                                "Rows Removed by Filter": 71786,
                                "Exact Heap Blocks": 12711,
                                "Lossy Heap Blocks": 0,
                                "Plans": [
                                  {
                                    "Node Type": "Bitmap Index Scan",
                                    "Parent Relationship": "Outer",
                                    "Parallel Aware": false,
                                    "Index Name": "kind_id_title",
                                    "Startup Cost": 0.0,
                                    "Total Cost": 2180.94,
                                    "Plan Rows": 122201,
                                    "Plan Width": 0,
                                    "Actual Startup Time": 16.389,
                                    "Actual Total Time": 16.39,
                                    "Actual Rows": 118234,
                                    "Actual Loops": 2,
                                    "Index Cond": "(kind_id = 4)"
                                  }
                                ]
                              }
                            ]
                          }
                        ]
                      }
                    ]
                  }
                ]
              }
            ]
          }
        ]
      }
    ]
  },
  "Planning Time": 1.059,
  "Triggers": [],
  "Execution Time": 7305.951
}