[
  {
    "Plan": {
      "Node Type": "Aggregate",
      "Strategy": "Plain",
      "Partial Mode": "Finalize",
      "Parallel Aware": false,
      "Startup Cost": 31841.16,
      "Total Cost": 31841.17,
      "Plan Rows": 1,
      "Plan Width": 8,
      "Actual Startup Time": 75.71,
      "Actual Total Time": 83.376,
      "Actual Rows": 1,
      "Actual Loops": 1,
      "Plans": [
        {
          "Node Type": "Gather",
          "Parent Relationship": "Outer",
          "Parallel Aware": false,
          "Startup Cost": 31840.84,
          "Total Cost": 31841.15,
          "Plan Rows": 3,
          "Plan Width": 8,
          "Actual Startup Time": 75.327,
          "Actual Total Time": 83.369,
          "Actual Rows": 4,
          "Actual Loops": 1,
          "Workers Planned": 3,
          "Workers Launched": 3,
          "Single Copy": false,
          "Plans": [
            {
              "Node Type": "Aggregate",
              "Strategy": "Plain",
              "Partial Mode": "Partial",
              "Parent Relationship": "Outer",
              "Parallel Aware": false,
              "Startup Cost": 30840.84,
              "Total Cost": 30840.85,
              "Plan Rows": 1,
              "Plan Width": 8,
              "Actual Startup Time": 69.685,
              "Actual Total Time": 69.686,
              "Actual Rows": 1,
              "Actual Loops": 4,
              "Plans": [
                {
                  "Node Type": "Bitmap Heap Scan",
                  "Parent Relationship": "Outer",
                  "Parallel Aware": true,
                  "Relation Name": "movie_companies",
                  "Alias": "mc",
                  "Startup Cost": 9689.98,
                  "Total Cost": 30655.53,
                  "Plan Rows": 74124,
                  "Plan Width": 0,
                  "Actual Startup Time": 52.365,
                  "Actual Total Time": 68.28,
                  "Actual Rows": 26807,
                  "Actual Loops": 4,
                  "Recheck Cond": "(company_id < 331)",
                  "Rows Removed by Index Recheck": 0,
                  "Filter": "(company_type_id > 1)",
                  "Rows Removed by Filter": 83983,
                  "Exact Heap Blocks": 9493,
                  "Lossy Heap Blocks": 0,
                  "Plans": [
                    {
                      "Node Type": "Bitmap Index Scan",
                      "Parent Relationship": "Outer",
                      "Parallel Aware": false,
                      "Index Name": "company_id_movie_companies",
                      "Startup Cost": 0.0,
                      "Total Cost": 9632.53,
                      "Plan Rows": 449614,
                      "Plan Width": 0,
                      "Actual Startup Time": 18.037,
                      "Actual Total Time": 18.037,
                      "Actual Rows": 443160,
                      "Actual Loops": 1,
                      "Index Cond": "(company_id < 331)"
                    }
                  ]
                }
              ]
            }
          ]
        }
      ]
    },
    "Planning Time": 0.091,
    "Triggers": [],
    "Execution Time": 83.409
  }
]