[
    {
        "Bao": {
            "Bao prediction": 635.231,
            "Bao recommended hint": "SET enable_mergejoin TO off; SET enable_indexscan TO off; "
        }
    },
    {
        "Plan": {
            "Node Type": "Aggregate",
            "Strategy": "Plain",
            "Partial Mode": "Finalize",
            "Parallel Aware": false,
            "Startup Cost": 55852.27,
            "Total Cost": 55852.28,
            "Plan Rows": 1,
            "Plan Width": 64,
            "Actual Startup Time": 422.036,
            "Actual Total Time": 466.958,
            "Actual Rows": 1,
            "Actual Loops": 1,
            "Output": [
                "min(mi.info)",
                "min(t.title)"
            ],
            "Plans": [
                {
                    "Node Type": "Gather",
                    "Parent Relationship": "Outer",
                    "Parallel Aware": false,
                    "Startup Cost": 55851.95,
                    "Total Cost": 55852.26,
                    "Plan Rows": 3,
                    "Plan Width": 64,
                    "Actual Startup Time": 421.14,
                    "Actual Total Time": 466.942,
                    "Actual Rows": 4,
                    "Actual Loops": 1,
                    "Output": [
                        "(PARTIAL min(mi.info))",
                        "(PARTIAL min(t.title))"
                    ],
                    "Workers Planned": 3,
                    "Workers Launched": 3,
                    "Single Copy": false,
                    "Plans": [
                        {
                            "Node Type": "Aggregate",
                            "Strategy": "Plain",
                            "Partial Mode": "Partial",
                            "Parent Relationship": "Outer",
                            "Parallel Aware": false,
                            "Startup Cost": 54851.95,
                            "Total Cost": 54851.96,
                            "Plan Rows": 1,
                            "Plan Width": 64,
                            "Actual Startup Time": 408.996,
                            "Actual Total Time": 409.012,
                            "Actual Rows": 1,
                            "Actual Loops": 4,
                            "Output": [
                                "PARTIAL min(mi.info)",
                                "PARTIAL min(t.title)"
                            ],
                            "Workers": [
                                {
                                    "Worker Number": 0,
                                    "Actual Startup Time": 405.425,
                                    "Actual Total Time": 405.449,
                                    "Actual Rows": 1,
                                    "Actual Loops": 1
                                },
                                {
                                    "Worker Number": 1,
                                    "Actual Startup Time": 405.525,
                                    "Actual Total Time": 405.533,
                                    "Actual Rows": 1,
                                    "Actual Loops": 1
                                },
                                {
                                    "Worker Number": 2,
                                    "Actual Startup Time": 405.447,
                                    "Actual Total Time": 405.458,
                                    "Actual Rows": 1,
                                    "Actual Loops": 1
                                }
                            ],
                            "Plans": [
                                {
                                    "Node Type": "Nested Loop",
                                    "Parent Relationship": "Outer",
                                    "Parallel Aware": false,
                                    "Join Type": "Inner",
                                    "Startup Cost": 5356.19,
                                    "Total Cost": 54851.93,
                                    "Plan Rows": 4,
                                    "Plan Width": 60,
                                    "Actual Startup Time": 248.631,
                                    "Actual Total Time": 408.969,
                                    "Actual Rows": 50,
                                    "Actual Loops": 4,
                                    "Output": [
                                        "mi.info",
                                        "t.title"
                                    ],
                                    "Inner Unique": false,
                                    "Workers": [
                                        {
                                            "Worker Number": 0,
                                            "Actual Startup Time": 405.418,
                                            "Actual Total Time": 405.442,
                                            "Actual Rows": 0,
                                            "Actual Loops": 1
                                        },
                                        {
                                            "Worker Number": 1,
                                            "Actual Startup Time": 207.207,
                                            "Actual Total Time": 405.509,
                                            "Actual Rows": 17,
                                            "Actual Loops": 1
                                        },
                                        {
                                            "Worker Number": 2,
                                            "Actual Startup Time": 292.072,
                                            "Actual Total Time": 405.341,
                                            "Actual Rows": 170,
                                            "Actual Loops": 1
                                        }
                                    ],
                                    "Plans": [
                                        {
                                            "Node Type": "Nested Loop",
                                            "Parent Relationship": "Outer",
                                            "Parallel Aware": false,
                                            "Join Type": "Inner",
                                            "Startup Cost": 5355.73,
                                            "Total Cost": 54842.89,
                                            "Plan Rows": 2,
                                            "Plan Width": 76,
                                            "Actual Startup Time": 37.401,
                                            "Actual Total Time": 407.149,
                                            "Actual Rows": 254,
                                            "Actual Loops": 4,
                                            "Output": [
                                                "mc.movie_id",
                                                "mi.info",
                                                "mi.movie_id",
                                                "mk.movie_id",
                                                "t.title",
                                                "t.id"
                                            ],
                                            "Inner Unique": true,
                                            "Workers": [
                                                {
                                                    "Worker Number": 0,
                                                    "Actual Startup Time": 27.748,
                                                    "Actual Total Time": 403.646,
                                                    "Actual Rows": 336,
                                                    "Actual Loops": 1
                                                },
                                                {
                                                    "Worker Number": 1,
                                                    "Actual Startup Time": 32.353,
                                                    "Actual Total Time": 404.08,
                                                    "Actual Rows": 162,
                                                    "Actual Loops": 1
                                                },
                                                {
                                                    "Worker Number": 2,
                                                    "Actual Startup Time": 46.388,
                                                    "Actual Total Time": 403.364,
                                                    "Actual Rows": 247,
                                                    "Actual Loops": 1
                                                }
                                            ],
                                            "Plans": [
                                                {
                                                    "Node Type": "Nested Loop",
                                                    "Parent Relationship": "Outer",
                                                    "Parallel Aware": false,
                                                    "Join Type": "Inner",
                                                    "Startup Cost": 5355.31,
                                                    "Total Cost": 54834.01,
                                                    "Plan Rows": 2,
                                                    "Plan Width": 80,
                                                    "Actual Startup Time": 37.328,
                                                    "Actual Total Time": 404.454,
                                                    "Actual Rows": 254,
                                                    "Actual Loops": 4,
                                                    "Output": [
                                                        "mc.movie_id",
                                                        "mi.info",
                                                        "mi.movie_id",
                                                        "mk.movie_id",
                                                        "mk.keyword_id",
                                                        "t.title",
                                                        "t.id"
                                                    ],
                                                    "Inner Unique": false,
                                                    "Workers": [
                                                        {
                                                            "Worker Number": 0,
                                                            "Actual Startup Time": 27.663,
                                                            "Actual Total Time": 400.512,
                                                            "Actual Rows": 336,
                                                            "Actual Loops": 1
                                                        },
                                                        {
                                                            "Worker Number": 1,
                                                            "Actual Startup Time": 32.273,
                                                            "Actual Total Time": 402.073,
                                                            "Actual Rows": 162,
                                                            "Actual Loops": 1
                                                        },
                                                        {
                                                            "Worker Number": 2,
                                                            "Actual Startup Time": 46.317,
                                                            "Actual Total Time": 400.526,
                                                            "Actual Rows": 247,
                                                            "Actual Loops": 1
                                                        }
                                                    ],
                                                    "Plans": [
                                                        {
                                                            "Node Type": "Nested Loop",
                                                            "Parent Relationship": "Outer",
                                                            "Parallel Aware": false,
                                                            "Join Type": "Inner",
                                                            "Startup Cost": 5354.42,
                                                            "Total Cost": 54828.09,
                                                            "Plan Rows": 1,
                                                            "Plan Width": 72,
                                                            "Actual Startup Time": 34.926,
                                                            "Actual Total Time": 401.795,
                                                            "Actual Rows": 115,
                                                            "Actual Loops": 4,
                                                            "Output": [
                                                                "mc.movie_id",
                                                                "mi.info",
                                                                "mi.movie_id",
                                                                "t.title",
                                                                "t.id"
                                                            ],
                                                            "Inner Unique": true,
                                                            "Join Filter": "(mi.info_type_id = it1.id)",
                                                            "Rows Removed by Join Filter": 0,
                                                            "Workers": [
                                                                {
                                                                    "Worker Number": 0,
                                                                    "Actual Startup Time": 27.553,
                                                                    "Actual Total Time": 397.651,
                                                                    "Actual Rows": 132,
                                                                    "Actual Loops": 1
                                                                },
                                                                {
                                                                    "Worker Number": 1,
                                                                    "Actual Startup Time": 32.182,
                                                                    "Actual Total Time": 399.584,
                                                                    "Actual Rows": 101,
                                                                    "Actual Loops": 1
                                                                },
                                                                {
                                                                    "Worker Number": 2,
                                                                    "Actual Startup Time": 38.022,
                                                                    "Actual Total Time": 398.115,
                                                                    "Actual Rows": 103,
                                                                    "Actual Loops": 1
                                                                }
                                                            ],
                                                            "Plans": [
                                                                {
                                                                    "Node Type": "Nested Loop",
                                                                    "Parent Relationship": "Outer",
                                                                    "Parallel Aware": false,
                                                                    "Join Type": "Inner",
                                                                    "Startup Cost": 5354.42,
                                                                    "Total Cost": 54825.67,
                                                                    "Plan Rows": 1,
                                                                    "Plan Width": 76,
                                                                    "Actual Startup Time": 34.904,
                                                                    "Actual Total Time": 401.064,
                                                                    "Actual Rows": 115,
                                                                    "Actual Loops": 4,
                                                                    "Output": [
                                                                        "mc.movie_id",
                                                                        "mi.info",
                                                                        "mi.movie_id",
                                                                        "mi.info_type_id",
                                                                        "t.title",
                                                                        "t.id"
                                                                    ],
                                                                    "Inner Unique": true,
                                                                    "Join Filter": "(mc.company_type_id = ct.id)",
                                                                    "Rows Removed by Join Filter": 0,
                                                                    "Workers": [
                                                                        {
                                                                            "Worker Number": 0,
                                                                            "Actual Startup Time": 27.531,
                                                                            "Actual Total Time": 397.004,
                                                                            "Actual Rows": 132,
                                                                            "Actual Loops": 1
                                                                        },
                                                                        {
                                                                            "Worker Number": 1,
                                                                            "Actual Startup Time": 32.16,
                                                                            "Actual Total Time": 398.876,
                                                                            "Actual Rows": 101,
                                                                            "Actual Loops": 1
                                                                        },
                                                                        {
                                                                            "Worker Number": 2,
                                                                            "Actual Startup Time": 37.987,
                                                                            "Actual Total Time": 397.396,
                                                                            "Actual Rows": 103,
                                                                            "Actual Loops": 1
                                                                        }
                                                                    ],
                                                                    "Plans": [
                                                                        {
                                                                            "Node Type": "Nested Loop",
                                                                            "Parent Relationship": "Outer",
                                                                            "Parallel Aware": false,
                                                                            "Join Type": "Inner",
                                                                            "Startup Cost": 5354.42,
                                                                            "Total Cost": 54824.58,
                                                                            "Plan Rows": 1,
                                                                            "Plan Width": 80,
                                                                            "Actual Startup Time": 34.883,
                                                                            "Actual Total Time": 400.592,
                                                                            "Actual Rows": 115,
                                                                            "Actual Loops": 4,
                                                                            "Output": [
                                                                                "mc.movie_id",
                                                                                "mc.company_type_id",
                                                                                "mi.info",
                                                                                "mi.movie_id",
                                                                                "mi.info_type_id",
                                                                                "t.title",
                                                                                "t.id"
                                                                            ],
                                                                            "Inner Unique": false,
                                                                            "Workers": [
                                                                                {
                                                                                    "Worker Number": 0,
                                                                                    "Actual Startup Time": 27.502,
                                                                                    "Actual Total Time": 396.571,
                                                                                    "Actual Rows": 132,
                                                                                    "Actual Loops": 1
                                                                                },
                                                                                {
                                                                                    "Worker Number": 1,
                                                                                    "Actual Startup Time": 32.138,
                                                                                    "Actual Total Time": 398.428,
                                                                                    "Actual Rows": 101,
                                                                                    "Actual Loops": 1
                                                                                },
                                                                                {
                                                                                    "Worker Number": 2,
                                                                                    "Actual Startup Time": 37.966,
                                                                                    "Actual Total Time": 396.943,
                                                                                    "Actual Rows": 103,
                                                                                    "Actual Loops": 1
                                                                                }
                                                                            ],
                                                                            "Plans": [
                                                                                {
                                                                                    "Node Type": "Nested Loop",
                                                                                    "Parent Relationship": "Outer",
                                                                                    "Parallel Aware": false,
                                                                                    "Join Type": "Inner",
                                                                                    "Startup Cost": 5353.44,
                                                                                    "Total Cost": 50484.63,
                                                                                    "Plan Rows": 760,
                                                                                    "Plan Width": 29,
                                                                                    "Actual Startup Time": 30.997,
                                                                                    "Actual Total Time": 257.14,
                                                                                    "Actual Rows": 4259,
                                                                                    "Actual Loops": 4,
                                                                                    "Output": [
                                                                                        "mc.movie_id",
                                                                                        "mc.company_type_id",
                                                                                        "t.title",
                                                                                        "t.id"
                                                                                    ],
                                                                                    "Inner Unique": true,
                                                                                    "Workers": [
                                                                                        {
                                                                                            "Worker Number": 0,
                                                                                            "Actual Startup Time": 27.298,
                                                                                            "Actual Total Time": 251.456,
                                                                                            "Actual Rows": 5001,
                                                                                            "Actual Loops": 1
                                                                                        },
                                                                                        {
                                                                                            "Worker Number": 1,
                                                                                            "Actual Startup Time": 27.402,
                                                                                            "Actual Total Time": 255.293,
                                                                                            "Actual Rows": 4024,
                                                                                            "Actual Loops": 1
                                                                                        },
                                                                                        {
                                                                                            "Worker Number": 2,
                                                                                            "Actual Startup Time": 27.881,
                                                                                            "Actual Total Time": 254.101,
                                                                                            "Actual Rows": 4097,
                                                                                            "Actual Loops": 1
                                                                                        }
                                                                                    ],
                                                                                    "Plans": [
                                                                                        {
                                                                                            "Node Type": "Hash Join",
                                                                                            "Parent Relationship": "Outer",
                                                                                            "Parallel Aware": true,
                                                                                            "Join Type": "Inner",
                                                                                            "Startup Cost": 5351.02,
                                                                                            "Total Cost": 36781.21,
                                                                                            "Plan Rows": 2129,
                                                                                            "Plan Width": 8,
                                                                                            "Actual Startup Time": 30.713,
                                                                                            "Actual Total Time": 152.812,
                                                                                            "Actual Rows": 10959,
                                                                                            "Actual Loops": 4,
                                                                                            "Output": [
                                                                                                "mc.movie_id",
                                                                                                "mc.company_type_id"
                                                                                            ],
                                                                                            "Inner Unique": true,
                                                                                            "Hash Cond": "(mc.company_id = cn.id)",
                                                                                            "Workers": [
                                                                                                {
                                                                                                    "Worker Number": 0,
                                                                                                    "Actual Startup Time": 27.183,
                                                                                                    "Actual Total Time": 149.414,
                                                                                                    "Actual Rows": 13282,
                                                                                                    "Actual Loops": 1
                                                                                                },
                                                                                                {
                                                                                                    "Worker Number": 1,
                                                                                                    "Actual Startup Time": 27.235,
                                                                                                    "Actual Total Time": 148.646,
                                                                                                    "Actual Rows": 10310,
                                                                                                    "Actual Loops": 1
                                                                                                },
                                                                                                {
                                                                                                    "Worker Number": 2,
                                                                                                    "Actual Startup Time": 27.253,
                                                                                                    "Actual Total Time": 147.895,
                                                                                                    "Actual Rows": 10345,
                                                                                                    "Actual Loops": 1
                                                                                                }
                                                                                            ],
                                                                                            "Plans": [
                                                                                                {
                                                                                                    "Node Type": "Seq Scan",
                                                                                                    "Parent Relationship": "Outer",
                                                                                                    "Parallel Aware": true,
                                                                                                    "Relation Name": "movie_companies",
                                                                                                    "Schema": "public",
                                                                                                    "Alias": "mc",
                                                                                                    "Startup Cost": 0.0,
                                                                                                    "Total Cost": 31414.82,
                                                                                                    "Plan Rows": 5856,
                                                                                                    "Plan Width": 12,
                                                                                                    "Actual Startup Time": 0.048,
                                                                                                    "Actual Total Time": 113.057,
                                                                                                    "Actual Rows": 15416,
                                                                                                    "Actual Loops": 4,
                                                                                                    "Output": [
                                                                                                        "mc.id",
                                                                                                        "mc.movie_id",
                                                                                                        "mc.company_id",
                                                                                                        "mc.company_type_id",
                                                                                                        "mc.note"
                                                                                                    ],
                                                                                                    "Filter": "((mc.note ~~ '%(200%)%'::text) AND (mc.note ~~ '%(worldwide)%'::text))",
                                                                                                    "Rows Removed by Filter": 636866,
                                                                                                    "Workers": [
                                                                                                        {
                                                                                                            "Worker Number": 0,
                                                                                                            "Actual Startup Time": 0.06,
                                                                                                            "Actual Total Time": 113.046,
                                                                                                            "Actual Rows": 18620,
                                                                                                            "Actual Loops": 1
                                                                                                        },
                                                                                                        {
                                                                                                            "Worker Number": 1,
                                                                                                            "Actual Startup Time": 0.049,
                                                                                                            "Actual Total Time": 112.372,
                                                                                                            "Actual Rows": 14382,
                                                                                                            "Actual Loops": 1
                                                                                                        },
                                                                                                        {
                                                                                                            "Worker Number": 2,
                                                                                                            "Actual Startup Time": 0.07,
                                                                                                            "Actual Total Time": 111.615,
                                                                                                            "Actual Rows": 14521,
                                                                                                            "Actual Loops": 1
                                                                                                        }
                                                                                                    ]
                                                                                                },
                                                                                                {
                                                                                                    "Node Type": "Hash",
                                                                                                    "Parent Relationship": "Inner",
                                                                                                    "Parallel Aware": true,
                                                                                                    "Startup Cost": 4722.92,
                                                                                                    "Total Cost": 4722.92,
                                                                                                    "Plan Rows": 50248,
                                                                                                    "Plan Width": 4,
                                                                                                    "Actual Startup Time": 29.169,
                                                                                                    "Actual Total Time": 29.17,
                                                                                                    "Actual Rows": 21211,
                                                                                                    "Actual Loops": 4,
                                                                                                    "Output": [
                                                                                                        "cn.id"
                                                                                                    ],
                                                                                                    "Hash Buckets": 131072,
                                                                                                    "Original Hash Buckets": 131072,
                                                                                                    "Hash Batches": 1,
                                                                                                    "Original Hash Batches": 1,
                                                                                                    "Peak Memory Usage": 4384,
                                                                                                    "Workers": [
                                                                                                        {
                                                                                                            "Worker Number": 0,
                                                                                                            "Actual Startup Time": 26.517,
                                                                                                            "Actual Total Time": 26.518,
                                                                                                            "Actual Rows": 15450,
                                                                                                            "Actual Loops": 1
                                                                                                        },
                                                                                                        {
                                                                                                            "Worker Number": 1,
                                                                                                            "Actual Startup Time": 26.551,
                                                                                                            "Actual Total Time": 26.551,
                                                                                                            "Actual Rows": 17647,
                                                                                                            "Actual Loops": 1
                                                                                                        },
                                                                                                        {
                                                                                                            "Worker Number": 2,
                                                                                                            "Actual Startup Time": 26.566,
                                                                                                            "Actual Total Time": 26.567,
                                                                                                            "Actual Rows": 17575,
                                                                                                            "Actual Loops": 1
                                                                                                        }
                                                                                                    ],
                                                                                                    "Plans": [
                                                                                                        {
                                                                                                            "Node Type": "Seq Scan",
                                                                                                            "Parent Relationship": "Outer",
                                                                                                            "Parallel Aware": true,
                                                                                                            "Relation Name": "company_name",
                                                                                                            "Schema": "public",
                                                                                                            "Alias": "cn",
                                                                                                            "Startup Cost": 0.0,
                                                                                                            "Total Cost": 4722.92,
                                                                                                            "Plan Rows": 50248,
                                                                                                            "Plan Width": 4,
                                                                                                            "Actual Startup Time": 0.06,
                                                                                                            "Actual Total Time": 19.189,
                                                                                                            "Actual Rows": 21211,
                                                                                                            "Actual Loops": 4,
                                                                                                            "Output": [
                                                                                                                "cn.id"
                                                                                                            ],
                                                                                                            "Filter": "((cn.country_code)::text = '[us]'::text)",
                                                                                                            "Rows Removed by Filter": 37538,
                                                                                                            "Workers": [
                                                                                                                {
                                                                                                                    "Worker Number": 0,
                                                                                                                    "Actual Startup Time": 0.074,
                                                                                                                    "Actual Total Time": 16.847,
                                                                                                                    "Actual Rows": 15450,
                                                                                                                    "Actual Loops": 1
                                                                                                                },
                                                                                                                {
                                                                                                                    "Worker Number": 1,
                                                                                                                    "Actual Startup Time": 0.065,
                                                                                                                    "Actual Total Time": 17.535,
                                                                                                                    "Actual Rows": 17647,
                                                                                                                    "Actual Loops": 1
                                                                                                                },
                                                                                                                {
                                                                                                                    "Worker Number": 2,
                                                                                                                    "Actual Startup Time": 0.069,
                                                                                                                    "Actual Total Time": 17.72,
                                                                                                                    "Actual Rows": 17575,
                                                                                                                    "Actual Loops": 1
                                                                                                                }
                                                                                                            ]
                                                                                                        }
                                                                                                    ]
                                                                                                }
                                                                                            ]
                                                                                        },
                                                                                        {
                                                                                            "Node Type": "Bitmap Heap Scan",
                                                                                            "Parent Relationship": "Inner",
                                                                                            "Parallel Aware": false,
                                                                                            "Relation Name": "title",
                                                                                            "Schema": "public",
                                                                                            "Alias": "t",
                                                                                            "Startup Cost": 2.42,
                                                                                            "Total Cost": 6.44,
                                                                                            "Plan Rows": 1,
                                                                                            "Plan Width": 21,
                                                                                            "Actual Startup Time": 0.007,
                                                                                            "Actual Total Time": 0.007,
                                                                                            "Actual Rows": 0,
                                                                                            "Actual Loops": 43837,
                                                                                            "Output": [
                                                                                                "t.id",
                                                                                                "t.title",
                                                                                                "t.imdb_index",
                                                                                                "t.kind_id",
                                                                                                "t.production_year",
                                                                                                "t.imdb_id",
                                                                                                "t.phonetic_code",
                                                                                                "t.episode_of_id",
                                                                                                "t.season_nr",
                                                                                                "t.episode_nr",
                                                                                                "t.series_years",
                                                                                                "t.md5sum"
                                                                                            ],
                                                                                            "Recheck Cond": "(t.id = mc.movie_id)",
                                                                                            "Rows Removed by Index Recheck": 0,
                                                                                            "Filter": "(t.production_year > 2006)",
                                                                                            "Rows Removed by Filter": 1,
                                                                                            "Exact Heap Blocks": 9900,
                                                                                            "Lossy Heap Blocks": 0,
                                                                                            "Workers": [
                                                                                                {
                                                                                                    "Worker Number": 0,
                                                                                                    "Actual Startup Time": 0.006,
                                                                                                    "Actual Total Time": 0.006,
                                                                                                    "Actual Rows": 0,
                                                                                                    "Actual Loops": 13282
                                                                                                },
                                                                                                {
                                                                                                    "Worker Number": 1,
                                                                                                    "Actual Startup Time": 0.008,
                                                                                                    "Actual Total Time": 0.008,
                                                                                                    "Actual Rows": 0,
                                                                                                    "Actual Loops": 10310
                                                                                                },
                                                                                                {
                                                                                                    "Worker Number": 2,
                                                                                                    "Actual Startup Time": 0.008,
                                                                                                    "Actual Total Time": 0.008,
                                                                                                    "Actual Rows": 0,
                                                                                                    "Actual Loops": 10345
                                                                                                }
                                                                                            ],
                                                                                            "Plans": [
                                                                                                {
                                                                                                    "Node Type": "Bitmap Index Scan",
                                                                                                    "Parent Relationship": "Outer",
                                                                                                    "Parallel Aware": false,
                                                                                                    "Index Name": "title_pkey",
                                                                                                    "Startup Cost": 0.0,
                                                                                                    "Total Cost": 2.42,
                                                                                                    "Plan Rows": 1,
                                                                                                    "Plan Width": 0,
                                                                                                    "Actual Startup Time": 0.004,
                                                                                                    "Actual Total Time": 0.004,
                                                                                                    "Actual Rows": 1,
                                                                                                    "Actual Loops": 43837,
                                                                                                    "Index Cond": "(t.id = mc.movie_id)",
                                                                                                    "Workers": [
                                                                                                        {
                                                                                                            "Worker Number": 0,
                                                                                                            "Actual Startup Time": 0.003,
                                                                                                            "Actual Total Time": 0.003,
                                                                                                            "Actual Rows": 1,
                                                                                                            "Actual Loops": 13282
                                                                                                        },
                                                                                                        {
                                                                                                            "Worker Number": 1,
                                                                                                            "Actual Startup Time": 0.004,
                                                                                                            "Actual Total Time": 0.004,
                                                                                                            "Actual Rows": 1,
                                                                                                            "Actual Loops": 10310
                                                                                                        },
                                                                                                        {
                                                                                                            "Worker Number": 2,
                                                                                                            "Actual Startup Time": 0.004,
                                                                                                            "Actual Total Time": 0.004,
                                                                                                            "Actual Rows": 1,
                                                                                                            "Actual Loops": 10345
                                                                                                        }
                                                                                                    ]
                                                                                                }
                                                                                            ]
                                                                                        }
                                                                                    ]
                                                                                },
                                                                                {
                                                                                    "Node Type": "Bitmap Heap Scan",
                                                                                    "Parent Relationship": "Inner",
                                                                                    "Parallel Aware": false,
                                                                                    "Relation Name": "movie_info",
                                                                                    "Schema": "public",
                                                                                    "Alias": "mi",
                                                                                    "Startup Cost": 0.98,
                                                                                    "Total Cost": 5.7,
                                                                                    "Plan Rows": 1,
                                                                                    "Plan Width": 51,
                                                                                    "Actual Startup Time": 0.031,
                                                                                    "Actual Total Time": 0.031,
                                                                                    "Actual Rows": 0,
                                                                                    "Actual Loops": 17035,
                                                                                    "Output": [
                                                                                        "mi.id",
                                                                                        "mi.movie_id",
                                                                                        "mi.info_type_id",
                                                                                        "mi.info",
                                                                                        "mi.note"
                                                                                    ],
                                                                                    "Recheck Cond": "(mi.movie_id = t.id)",
                                                                                    "Rows Removed by Index Recheck": 0,
                                                                                    "Filter": "((mi.note ~~ '%internet%'::text) AND (mi.info ~~ 'USA:% 200%'::text))",
                                                                                    "Rows Removed by Filter": 10,
                                                                                    "Exact Heap Blocks": 25775,
                                                                                    "Lossy Heap Blocks": 0,
                                                                                    "Workers": [
                                                                                        {
                                                                                            "Worker Number": 0,
                                                                                            "Actual Startup Time": 0.027,
                                                                                            "Actual Total Time": 0.027,
                                                                                            "Actual Rows": 0,
                                                                                            "Actual Loops": 5001
                                                                                        },
                                                                                        {
                                                                                            "Worker Number": 1,
                                                                                            "Actual Startup Time": 0.032,
                                                                                            "Actual Total Time": 0.033,
                                                                                            "Actual Rows": 0,
                                                                                            "Actual Loops": 4024
                                                                                        },
                                                                                        {
                                                                                            "Worker Number": 2,
                                                                                            "Actual Startup Time": 0.032,
                                                                                            "Actual Total Time": 0.032,
                                                                                            "Actual Rows": 0,
                                                                                            "Actual Loops": 4097
                                                                                        }
                                                                                    ],
                                                                                    "Plans": [
                                                                                        {
                                                                                            "Node Type": "Bitmap Index Scan",
                                                                                            "Parent Relationship": "Outer",
                                                                                            "Parallel Aware": false,
                                                                                            "Index Name": "movie_id_movie_info",
                                                                                            "Startup Cost": 0.0,
                                                                                            "Total Cost": 0.98,
                                                                                            "Plan Rows": 41,
                                                                                            "Plan Width": 0,
                                                                                            "Actual Startup Time": 0.009,
                                                                                            "Actual Total Time": 0.009,
                                                                                            "Actual Rows": 10,
                                                                                            "Actual Loops": 17035,
                                                                                            "Index Cond": "(mi.movie_id = t.id)",
                                                                                            "Workers": [
                                                                                                {
                                                                                                    "Worker Number": 0,
                                                                                                    "Actual Startup Time": 0.008,
                                                                                                    "Actual Total Time": 0.008,
                                                                                                    "Actual Rows": 10,
                                                                                                    "Actual Loops": 5001
                                                                                                },
                                                                                                {
                                                                                                    "Worker Number": 1,
                                                                                                    "Actual Startup Time": 0.009,
                                                                                                    "Actual Total Time": 0.009,
                                                                                                    "Actual Rows": 10,
                                                                                                    "Actual Loops": 4024
                                                                                                },
                                                                                                {
                                                                                                    "Worker Number": 2,
                                                                                                    "Actual Startup Time": 0.009,
                                                                                                    "Actual Total Time": 0.009,
                                                                                                    "Actual Rows": 9,
                                                                                                    "Actual Loops": 4097
                                                                                                }
                                                                                            ]
                                                                                        }
                                                                                    ]
                                                                                }
                                                                            ]
                                                                        },
                                                                        {
                                                                            "Node Type": "Seq Scan",
                                                                            "Parent Relationship": "Inner",
                                                                            "Parallel Aware": false,
                                                                            "Relation Name": "company_type",
                                                                            "Schema": "public",
                                                                            "Alias": "ct",
                                                                            "Startup Cost": 0.0,
                                                                            "Total Cost": 1.04,
                                                                            "Plan Rows": 4,
                                                                            "Plan Width": 4,
                                                                            "Actual Startup Time": 0.001,
                                                                            "Actual Total Time": 0.001,
                                                                            "Actual Rows": 1,
                                                                            "Actual Loops": 461,
                                                                            "Output": [
                                                                                "ct.id",
                                                                                "ct.kind"
                                                                            ],
                                                                            "Workers": [
                                                                                {
                                                                                    "Worker Number": 0,
                                                                                    "Actual Startup Time": 0.001,
                                                                                    "Actual Total Time": 0.001,
                                                                                    "Actual Rows": 1,
                                                                                    "Actual Loops": 132
                                                                                },
                                                                                {
                                                                                    "Worker Number": 1,
                                                                                    "Actual Startup Time": 0.001,
                                                                                    "Actual Total Time": 0.001,
                                                                                    "Actual Rows": 1,
                                                                                    "Actual Loops": 101
                                                                                },
                                                                                {
                                                                                    "Worker Number": 2,
                                                                                    "Actual Startup Time": 0.001,
                                                                                    "Actual Total Time": 0.001,
                                                                                    "Actual Rows": 1,
                                                                                    "Actual Loops": 103
                                                                                }
                                                                            ]
                                                                        }
                                                                    ]
                                                                },
                                                                {
                                                                    "Node Type": "Seq Scan",
                                                                    "Parent Relationship": "Inner",
                                                                    "Parallel Aware": false,
                                                                    "Relation Name": "info_type",
                                                                    "Schema": "public",
                                                                    "Alias": "it1",
                                                                    "Startup Cost": 0.0,
                                                                    "Total Cost": 2.41,
                                                                    "Plan Rows": 1,
                                                                    "Plan Width": 4,
                                                                    "Actual Startup Time": 0.004,
                                                                    "Actual Total Time": 0.004,
                                                                    "Actual Rows": 1,
                                                                    "Actual Loops": 461,
                                                                    "Output": [
                                                                        "it1.id",
                                                                        "it1.info"
                                                                    ],
                                                                    "Filter": "((it1.info)::text = 'release dates'::text)",
                                                                    "Rows Removed by Filter": 15,
                                                                    "Workers": [
                                                                        {
                                                                            "Worker Number": 0,
                                                                            "Actual Startup Time": 0.003,
                                                                            "Actual Total Time": 0.003,
                                                                            "Actual Rows": 1,
                                                                            "Actual Loops": 132
                                                                        },
                                                                        {
                                                                            "Worker Number": 1,
                                                                            "Actual Startup Time": 0.005,
                                                                            "Actual Total Time": 0.005,
                                                                            "Actual Rows": 1,
                                                                            "Actual Loops": 101
                                                                        },
                                                                        {
                                                                            "Worker Number": 2,
                                                                            "Actual Startup Time": 0.005,
                                                                            "Actual Total Time": 0.005,
                                                                            "Actual Rows": 1,
                                                                            "Actual Loops": 103
                                                                        }
                                                                    ]
                                                                }
                                                            ]
                                                        },
                                                        {
                                                            "Node Type": "Bitmap Heap Scan",
                                                            "Parent Relationship": "Inner",
                                                            "Parallel Aware": false,
                                                            "Relation Name": "movie_keyword",
                                                            "Schema": "public",
                                                            "Alias": "mk",
                                                            "Startup Cost": 0.88,
                                                            "Total Cost": 5.46,
                                                            "Plan Rows": 46,
                                                            "Plan Width": 8,
                                                            "Actual Startup Time": 0.019,
                                                            "Actual Total Time": 0.02,
                                                            "Actual Rows": 2,
                                                            "Actual Loops": 461,
                                                            "Output": [
                                                                "mk.id",
                                                                "mk.movie_id",
                                                                "mk.keyword_id"
                                                            ],
                                                            "Recheck Cond": "(mk.movie_id = t.id)",
                                                            "Rows Removed by Index Recheck": 0,
                                                            "Exact Heap Blocks": 48,
                                                            "Lossy Heap Blocks": 0,
                                                            "Workers": [
                                                                {
                                                                    "Worker Number": 0,
                                                                    "Actual Startup Time": 0.019,
                                                                    "Actual Total Time": 0.019,
                                                                    "Actual Rows": 3,
                                                                    "Actual Loops": 132
                                                                },
                                                                {
                                                                    "Worker Number": 1,
                                                                    "Actual Startup Time": 0.021,
                                                                    "Actual Total Time": 0.021,
                                                                    "Actual Rows": 2,
                                                                    "Actual Loops": 101
                                                                },
                                                                {
                                                                    "Worker Number": 2,
                                                                    "Actual Startup Time": 0.019,
                                                                    "Actual Total Time": 0.02,
                                                                    "Actual Rows": 2,
                                                                    "Actual Loops": 103
                                                                }
                                                            ],
                                                            "Plans": [
                                                                {
                                                                    "Node Type": "Bitmap Index Scan",
                                                                    "Parent Relationship": "Outer",
                                                                    "Parallel Aware": false,
                                                                    "Index Name": "movie_id_movie_keyword",
                                                                    "Startup Cost": 0.0,
                                                                    "Total Cost": 0.87,
                                                                    "Plan Rows": 46,
                                                                    "Plan Width": 0,
                                                                    "Actual Startup Time": 0.015,
                                                                    "Actual Total Time": 0.015,
                                                                    "Actual Rows": 2,
                                                                    "Actual Loops": 461,
                                                                    "Index Cond": "(mk.movie_id = t.id)",
                                                                    "Workers": [
                                                                        {
                                                                            "Worker Number": 0,
                                                                            "Actual Startup Time": 0.015,
                                                                            "Actual Total Time": 0.015,
                                                                            "Actual Rows": 3,
                                                                            "Actual Loops": 132
                                                                        },
                                                                        {
                                                                            "Worker Number": 1,
                                                                            "Actual Startup Time": 0.016,
                                                                            "Actual Total Time": 0.016,
                                                                            "Actual Rows": 2,
                                                                            "Actual Loops": 101
                                                                        },
                                                                        {
                                                                            "Worker Number": 2,
                                                                            "Actual Startup Time": 0.015,
                                                                            "Actual Total Time": 0.015,
                                                                            "Actual Rows": 2,
                                                                            "Actual Loops": 103
                                                                        }
                                                                    ]
                                                                }
                                                            ]
                                                        }
                                                    ]
                                                },
                                                {
                                                    "Node Type": "Bitmap Heap Scan",
                                                    "Parent Relationship": "Inner",
                                                    "Parallel Aware": false,
                                                    "Relation Name": "keyword",
                                                    "Schema": "public",
                                                    "Alias": "k",
                                                    "Startup Cost": 0.43,
                                                    "Total Cost": 4.44,
                                                    "Plan Rows": 1,
                                                    "Plan Width": 4,
                                                    "Actual Startup Time": 0.008,
                                                    "Actual Total Time": 0.008,
                                                    "Actual Rows": 1,
                                                    "Actual Loops": 1016,
                                                    "Output": [
                                                        "k.id",
                                                        "k.keyword",
                                                        "k.phonetic_code"
                                                    ],
                                                    "Recheck Cond": "(k.id = mk.keyword_id)",
                                                    "Rows Removed by Index Recheck": 0,
                                                    "Exact Heap Blocks": 271,
                                                    "Lossy Heap Blocks": 0,
                                                    "Workers": [
                                                        {
                                                            "Worker Number": 0,
                                                            "Actual Startup Time": 0.007,
                                                            "Actual Total Time": 0.007,
                                                            "Actual Rows": 1,
                                                            "Actual Loops": 336
                                                        },
                                                        {
                                                            "Worker Number": 1,
                                                            "Actual Startup Time": 0.009,
                                                            "Actual Total Time": 0.009,
                                                            "Actual Rows": 1,
                                                            "Actual Loops": 162
                                                        },
                                                        {
                                                            "Worker Number": 2,
                                                            "Actual Startup Time": 0.008,
                                                            "Actual Total Time": 0.008,
                                                            "Actual Rows": 1,
                                                            "Actual Loops": 247
                                                        }
                                                    ],
                                                    "Plans": [
                                                        {
                                                            "Node Type": "Bitmap Index Scan",
                                                            "Parent Relationship": "Outer",
                                                            "Parallel Aware": false,
                                                            "Index Name": "keyword_pkey",
                                                            "Startup Cost": 0.0,
                                                            "Total Cost": 0.43,
                                                            "Plan Rows": 1,
                                                            "Plan Width": 0,
                                                            "Actual Startup Time": 0.005,
                                                            "Actual Total Time": 0.005,
                                                            "Actual Rows": 1,
                                                            "Actual Loops": 1016,
                                                            "Index Cond": "(k.id = mk.keyword_id)",
                                                            "Workers": [
                                                                {
                                                                    "Worker Number": 0,
                                                                    "Actual Startup Time": 0.004,
                                                                    "Actual Total Time": 0.004,
                                                                    "Actual Rows": 1,
                                                                    "Actual Loops": 336
                                                                },
                                                                {
                                                                    "Worker Number": 1,
                                                                    "Actual Startup Time": 0.006,
                                                                    "Actual Total Time": 0.006,
                                                                    "Actual Rows": 1,
                                                                    "Actual Loops": 162
                                                                },
                                                                {
                                                                    "Worker Number": 2,
                                                                    "Actual Startup Time": 0.005,
                                                                    "Actual Total Time": 0.005,
                                                                    "Actual Rows": 1,
                                                                    "Actual Loops": 247
                                                                }
                                                            ]
                                                        }
                                                    ]
                                                }
                                            ]
                                        },
                                        {
                                            "Node Type": "Bitmap Heap Scan",
                                            "Parent Relationship": "Inner",
                                            "Parallel Aware": false,
                                            "Relation Name": "aka_title",
                                            "Schema": "public",
                                            "Alias": "at",
                                            "Startup Cost": 0.45,
                                            "Total Cost": 4.49,
                                            "Plan Rows": 3,
                                            "Plan Width": 4,
                                            "Actual Startup Time": 0.005,
                                            "Actual Total Time": 0.005,
                                            "Actual Rows": 0,
                                            "Actual Loops": 1016,
                                            "Output": [
                                                "at.id",
                                                "at.movie_id",
                                                "at.title",
                                                "at.imdb_index",
                                                "at.kind_id",
                                                "at.production_year",
                                                "at.phonetic_code",
                                                "at.episode_of_id",
                                                "at.season_nr",
                                                "at.episode_nr",
                                                "at.note",
                                                "at.md5sum"
                                            ],
                                            "Recheck Cond": "(at.movie_id = t.id)",
                                            "Rows Removed by Index Recheck": 0,
                                            "Exact Heap Blocks": 12,
                                            "Lossy Heap Blocks": 0,
                                            "Workers": [
                                                {
                                                    "Worker Number": 0,
                                                    "Actual Startup Time": 0.004,
                                                    "Actual Total Time": 0.004,
                                                    "Actual Rows": 0,
                                                    "Actual Loops": 336
                                                },
                                                {
                                                    "Worker Number": 1,
                                                    "Actual Startup Time": 0.006,
                                                    "Actual Total Time": 0.006,
                                                    "Actual Rows": 0,
                                                    "Actual Loops": 162
                                                },
                                                {
                                                    "Worker Number": 2,
                                                    "Actual Startup Time": 0.005,
                                                    "Actual Total Time": 0.005,
                                                    "Actual Rows": 1,
                                                    "Actual Loops": 247
                                                }
                                            ],
                                            "Plans": [
                                                {
                                                    "Node Type": "Bitmap Index Scan",
                                                    "Parent Relationship": "Outer",
                                                    "Parallel Aware": false,
                                                    "Index Name": "movie_id_aka_title",
                                                    "Startup Cost": 0.0,
                                                    "Total Cost": 0.45,
                                                    "Plan Rows": 3,
                                                    "Plan Width": 0,
                                                    "Actual Startup Time": 0.004,
                                                    "Actual Total Time": 0.004,
                                                    "Actual Rows": 0,
                                                    "Actual Loops": 1016,
                                                    "Index Cond": "(at.movie_id = t.id)",
                                                    "Workers": [
                                                        {
                                                            "Worker Number": 0,
                                                            "Actual Startup Time": 0.003,
                                                            "Actual Total Time": 0.003,
                                                            "Actual Rows": 0,
                                                            "Actual Loops": 336
                                                        },
                                                        {
                                                            "Worker Number": 1,
                                                            "Actual Startup Time": 0.005,
                                                            "Actual Total Time": 0.005,
                                                            "Actual Rows": 0,
                                                            "Actual Loops": 162
                                                        },
                                                        {
                                                            "Worker Number": 2,
                                                            "Actual Startup Time": 0.004,
                                                            "Actual Total Time": 0.004,
                                                            "Actual Rows": 1,
                                                            "Actual Loops": 247
                                                        }
                                                    ]
                                                }
                                            ]
                                        }
                                    ]
                                }
                            ]
                        }
                    ]
                }
            ]
        },
        "Planning Time": 653.941,
        "Triggers": [],
        "Execution Time": 467.858
    }
]