[
  {
    "Plan": {
      "Node Type": "Aggregate",
      "Strategy": "Plain",
      "Partial Mode": "Finalize",
      "Parallel Aware": false,
      "Startup Cost": 89625.29,
      "Total Cost": 89625.3,
      "Plan Rows": 1,
      "Plan Width": 8,
      "Actual Startup Time": 284.49,
      "Actual Total Time": 293.04,
      "Actual Rows": 1,
      "Actual Loops": 1,
      "Plans": [
        {
          "Node Type": "Gather",
          "Parent Relationship": "Outer",
          "Parallel Aware": false,
          "Startup Cost": 89624.97,
          "Total Cost": 89625.28,
          "Plan Rows": 3,
          "Plan Width": 8,
          "Actual Startup Time": 283.407,
          "Actual Total Time": 293.033,
          "Actual Rows": 4,
          "Actual Loops": 1,
          "Workers Planned": 3,
          "Workers Launched": 3,
          "Single Copy": false,
          "Plans": [
            {
              "Node Type": "Aggregate",
              "Strategy": "Plain",
              "Partial Mode": "Partial",
              "Parent Relationship": "Outer",
              "Parallel Aware": false,
              "Startup Cost": 88624.97,
              "Total Cost": 88624.98,
              "Plan Rows": 1,
              "Plan Width": 8,
              "Actual Startup Time": 279.177,
              "Actual Total Time": 279.256,
              "Actual Rows": 1,
              "Actual Loops": 4,
              "Plans": [
                {
                  "Node Type": "Hash Join",
                  "Parent Relationship": "Outer",
                  "Parallel Aware": true,
                  "Join Type": "Inner",
                  "Startup Cost": 45662.33,
                  "Total Cost": 88540.41,
                  "Plan Rows": 33822,
                  "Plan Width": 0,
                  "Actual Startup Time": 96.227,
                  "Actual Total Time": 273.098,
                  "Actual Rows": 152886,
                  "Actual Loops": 4,
                  "Inner Unique": true,
                  "Hash Cond": "(mk.movie_id = t.id)",
                  "Plans": [
                    {
                      "Node Type": "Seq Scan",
                      "Parent Relationship": "Outer",
                      "Parallel Aware": true,
                      "Relation Name": "movie_keyword",
                      "Alias": "mk",
                      "Startup Cost": 0.0,
                      "Total Cost": 39047.32,
                      "Plan Rows": 1459332,
                      "Plan Width": 4,
                      "Actual Startup Time": 0.009,
                      "Actual Total Time": 81.651,
                      "Actual Rows": 1130982,
                      "Actual Loops": 4
                    },
                    {
                      "Node Type": "Hash",
                      "Parent Relationship": "Inner",
                      "Parallel Aware": true,
                      "Startup Cost": 45479.21,
                      "Total Cost": 45479.21,
                      "Plan Rows": 14650,
                      "Plan Width": 4,
                      "Actual Startup Time": 95.238,
                      "Actual Total Time": 95.239,
                      "Actual Rows": 43984,
                      "Actual Loops": 4,
                      "Hash Buckets": 262144,
                      "Original Hash Buckets": 65536,
                      "Hash Batches": 1,
                      "Original Hash Batches": 1,
                      "Peak Memory Usage": 10560,
                      "Plans": [
                        {
                          "Node Type": "Seq Scan",
                          "Parent Relationship": "Outer",
                          "Parallel Aware": true,
                          "Relation Name": "title",
                          "Alias": "t",
                          "Startup Cost": 0.0,
                          "Total Cost": 45479.21,
                          "Plan Rows": 14650,
                          "Plan Width": 4,
                          "Actual Startup Time": 0.307,
                          "Actual Total Time": 77.761,
                          "Actual Rows": 43984,
                          "Actual Loops": 4,
                          "Filter": "((kind_id < 3) AND (production_year < 1955))",
                          "Rows Removed by Filter": 588094
                        }
                      ]
                    }
                  ]
                }
              ]
            }
          ]
        }
      ]
    },
    "Planning Time": 0.272,
    "Triggers": [],
    "Execution Time": 293.076
  }
]