[
  {
    "Plan": {
      "Node Type": "Aggregate",
      "Strategy": "Plain",
      "Partial Mode": "Finalize",
      "Parallel Aware": false,
      "Startup Cost": 89612.7,
      "Total Cost": 89612.71,
      "Plan Rows": 1,
      "Plan Width": 8,
      "Actual Startup Time": 298.634,
      "Actual Total Time": 315.462,
      "Actual Rows": 1,
      "Actual Loops": 1,
      "Plans": [
        {
          "Node Type": "Gather",
          "Parent Relationship": "Outer",
          "Parallel Aware": false,
          "Startup Cost": 89612.38,
          "Total Cost": 89612.69,
          "Plan Rows": 3,
          "Plan Width": 8,
          "Actual Startup Time": 297.942,
          "Actual Total Time": 315.453,
          "Actual Rows": 4,
          "Actual Loops": 1,
          "Workers Planned": 3,
          "Workers Launched": 3,
          "Single Copy": false,
          "Plans": [
            {
              "Node Type": "Aggregate",
              "Strategy": "Plain",
              "Partial Mode": "Partial",
              "Parent Relationship": "Outer",
              "Parallel Aware": false,
              "Startup Cost": 88612.38,
              "Total Cost": 88612.39,
              "Plan Rows": 1,
              "Plan Width": 8,
              "Actual Startup Time": 289.846,
              "Actual Total Time": 289.905,
              "Actual Rows": 1,
              "Actual Loops": 4,
              "Plans": [
                {
                  "Node Type": "Hash Join",
                  "Parent Relationship": "Outer",
                  "Parallel Aware": true,
                  "Join Type": "Inner",
                  "Startup Cost": 45653.69,
                  "Total Cost": 88531.77,
                  "Plan Rows": 32247,
                  "Plan Width": 0,
                  "Actual Startup Time": 108.212,
                  "Actual Total Time": 283.668,
                  "Actual Rows": 152886,
                  "Actual Loops": 4,
                  "Inner Unique": true,
                  "Hash Cond": "(mk.movie_id = t.id)",
                  "Plans": [
                    {
                      "Node Type": "Seq Scan",
                      "Parent Relationship": "Outer",
                      "Parallel Aware": true,
                      "Relation Name": "movie_keyword",
                      "Alias": "mk",
                      "Startup Cost": 0.0,
                      "Total Cost": 39047.32,
                      "Plan Rows": 1459332,
                      "Plan Width": 4,
                      "Actual Startup Time": 0.022,
                      "Actual Total Time": 81.426,
                      "Actual Rows": 1130982,
                      "Actual Loops": 4
                    },
                    {
                      "Node Type": "Hash",
                      "Parent Relationship": "Inner",
                      "Parallel Aware": true,
                      "Startup Cost": 45479.1,
                      "Total Cost": 45479.1,
                      "Plan Rows": 13967,
                      "Plan Width": 4,
                      "Actual Startup Time": 106.608,
                      "Actual Total Time": 106.609,
                      "Actual Rows": 43984,
                      "Actual Loops": 4,
                      "Hash Buckets": 262144,
                      "Original Hash Buckets": 65536,
                      "Hash Batches": 1,
                      "Original Hash Batches": 1,
                      "Peak Memory Usage": 10496,
                      "Plans": [
                        {
                          "Node Type": "Seq Scan",
                          "Parent Relationship": "Outer",
                          "Parallel Aware": true,
                          "Relation Name": "title",
                          "Alias": "t",
                          "Startup Cost": 0.0,
                          "Total Cost": 45479.1,
                          "Plan Rows": 13967,
                          "Plan Width": 4,
                          "Actual Startup Time": 0.483,
                          "Actual Total Time": 91.711,
                          "Actual Rows": 43984,
                          "Actual Loops": 4,
                          "Filter": "((kind_id < 3) AND (production_year < 1955))",
                          "Rows Removed by Filter": 588094
                        }
                      ]
                    }
                  ]
                }
              ]
            }
          ]
        }
      ]
    },
    "Planning Time": 0.608,
    "Triggers": [],
    "Execution Time": 315.531
  }
]