[
  {
    "Plan": {
      "Node Type": "Aggregate",
      "Strategy": "Plain",
      "Partial Mode": "Finalize",
      "Parallel Aware": false,
      "Startup Cost": 289779.58,
      "Total Cost": 289779.59,
      "Plan Rows": 1,
      "Plan Width": 8,
      "Actual Startup Time": 133.265,
      "Actual Total Time": 143.845,
      "Actual Rows": 1,
      "Actual Loops": 1,
      "Plans": [
        {
          "Node Type": "Gather",
          "Parent Relationship": "Outer",
          "Parallel Aware": false,
          "Startup Cost": 289778.95,
          "Total Cost": 289779.56,
          "Plan Rows": 6,
          "Plan Width": 8,
          "Actual Startup Time": 132.609,
          "Actual Total Time": 143.831,
          "Actual Rows": 7,
          "Actual Loops": 1,
          "Workers Planned": 6,
          "Workers Launched": 6,
          "Single Copy": false,
          "Plans": [
            {
              "Node Type": "Aggregate",
              "Strategy": "Plain",
              "Partial Mode": "Partial",
              "Parent Relationship": "Outer",
              "Parallel Aware": false,
              "Startup Cost": 288778.95,
              "Total Cost": 288778.96,
              "Plan Rows": 1,
              "Plan Width": 8,
              "Actual Startup Time": 124.891,
              "Actual Total Time": 124.893,
              "Actual Rows": 1,
              "Actual Loops": 7,
              "Plans": [
                {
                  "Node Type": "Bitmap Heap Scan",
                  "Parent Relationship": "Outer",
                  "Parallel Aware": true,
                  "Relation Name": "cast_info",
                  "Alias": "ci",
                  "Startup Cost": 32420.88,
                  "Total Cost": 288167.11,
                  "Plan Rows": 244738,
                  "Plan Width": 0,
                  "Actual Startup Time": 48.012,
                  "Actual Total Time": 111.002,
                  "Actual Rows": 215264,
                  "Actual Loops": 7,
                  "Recheck Cond": "(person_id < 150998)",
                  "Rows Removed by Index Recheck": 0,
                  "Exact Heap Blocks": 4500,
                  "Lossy Heap Blocks": 0,
                  "Plans": [
                    {
                      "Node Type": "Bitmap Index Scan",
                      "Parent Relationship": "Outer",
                      "Parallel Aware": false,
                      "Index Name": "person_id_cast_info",
                      "Startup Cost": 0.0,
                      "Total Cost": 32053.77,
                      "Plan Rows": 1468428,
                      "Plan Width": 0,
                      "Actual Startup Time": 52.5,
                      "Actual Total Time": 52.5,
                      "Actual Rows": 1506849,
                      "Actual Loops": 1,
                      "Index Cond": "(person_id < 150998)"
                    }
                  ]
                }
              ]
            }
          ]
        }
      ]
    },
    "Planning Time": 0.198,
    "Triggers": [],
    "Execution Time": 143.93
  }
]