{
  "Plan": {
    "Node Type": "Aggregate",
    "Strategy": "Plain",
    "Partial Mode": "Finalize",
    "Parallel Aware": false,
    "Startup Cost": 109250.14,
    "Total Cost": 109250.15,
    "Plan Rows": 1,
    "Plan Width": 8,
    "Actual Startup Time": 389.468,
    "Actual Total Time": 413.691,
    "Actual Rows": 1,
    "Actual Loops": 1,
    "Plans": [
      {
        "Node Type": "Gather",
        "Parent Relationship": "Outer",
        "Parallel Aware": false,
        "Startup Cost": 109250.03,
        "Total Cost": 109250.14,
        "Plan Rows": 1,
        "Plan Width": 8,
        "Actual Startup Time": 389.023,
        "Actual Total Time": 413.684,
        "Actual Rows": 2,
        "Actual Loops": 1,
        "Workers Planned": 1,
        "Workers Launched": 1,
        "Single Copy": false,
        "Plans": [
          {
            "Node Type": "Aggregate",
            "Strategy": "Plain",
            "Partial Mode": "Partial",
            "Parent Relationship": "Outer",
            "Parallel Aware": false,
            "Startup Cost": 108250.03,
            "Total Cost": 108250.04,
            "Plan Rows": 1,
            "Plan Width": 8,
            "Actual Startup Time": 385.747,
            "Actual Total Time": 385.751,
            "Actual Rows": 1,
            "Actual Loops": 2,
            "Plans": [
              {
                "Node Type": "Nested Loop",
                "Parent Relationship": "Outer",
                "Parallel Aware": false,
                "Join Type": "Inner",
                "Startup Cost": 39767.43,
                "Total Cost": 107935.3,
                "Plan Rows": 125892,
                "Plan Width": 0,
                "Actual Startup Time": 103.056,
                "Actual Total Time": 372.997,
                "Actual Rows": 279046,
                "Actual Loops": 2,
                "Inner Unique": false,
                "Join Filter": "(t.id = mi.movie_id)",
                "Rows Removed by Join Filter": 0,
                "Plans": [
                  {
                    "Node Type": "Hash Join",
                    "Parent Relationship": "Outer",
                    "Parallel Aware": true,
                    "Join Type": "Inner",
                    "Startup Cost": 39767.0,
                    "Total Cost": 57950.78,
                    "Plan Rows": 21530,
                    "Plan Width": 8,
                    "Actual Startup Time": 102.996,
                    "Actual Total Time": 173.448,
                    "Actual Rows": 25974,
                    "Actual Loops": 2,
                    "Inner Unique": true,
                    "Hash Cond": "(mi_idx.movie_id = t.id)",
                    "Plans": [
                      {
                        "Node Type": "Seq Scan",
                        "Parent Relationship": "Outer",
                        "Parallel Aware": true,
                        "Relation Name": "movie_info_idx",
                        "Alias": "mi_idx",
                        "Startup Cost": 0.0,
                        "Total Cost": 16052.85,
                        "Plan Rows": 811785,
                        "Plan Width": 4,
                        "Actual Startup Time": 0.017,
                        "Actual Total Time": 45.201,
                        "Actual Rows": 690018,
                        "Actual Loops": 2
                      },
                      {
                        "Node Type": "Hash",
                        "Parent Relationship": "Inner",
                        "Parallel Aware": true,
                        "Startup Cost": 39273.95,
                        "Total Cost": 39273.95,
                        "Plan Rows": 39444,
                        "Plan Width": 4,
                        "Actual Startup Time": 61.74,
                        "Actual Total Time": 61.741,
                        "Actual Rows": 43704,
                        "Actual Loops": 2,
                        "Hash Buckets": 131072,
                        "Original Hash Buckets": 131072,
                        "Hash Batches": 1,
                        "Original Hash Batches": 1,
                        "Peak Memory Usage": 4480,
                        "Plans": [
                          {
                            "Node Type": "Bitmap Heap Scan",
                            "Parent Relationship": "Outer",
                            "Parallel Aware": true,
                            "Relation Name": "title",
                            "Alias": "t",
                            "Startup Cost": 2197.7,
                            "Total Cost": 39273.95,
                            "Plan Rows": 39444,
                            "Plan Width": 4,
                            "Actual Startup Time": 16.108,
                            "Actual Total Time": 51.155,
                            "Actual Rows": 43704,
                            "Actual Loops": 2,
                            "Recheck Cond": "(kind_id = 4)",
                            "Rows Removed by Index Recheck": 0,
                            "Filter": "(production_year > 2000)",
                            "Rows Removed by Filter": 15412,
                            "Exact Heap Blocks": 10150,
                            "Lossy Heap Blocks": 0,
                            "Plans": [
                              {
                                "Node Type": "Bitmap Index Scan",
                                "Parent Relationship": "Outer",
                                "Parallel Aware": false,
                                "Index Name": "kind_id_title",
                                "Startup Cost": 0.0,
                                "Total Cost": 2180.94,
                                "Plan Rows": 122201,
                                "Plan Width": 0,
                                "Actual Startup Time": 13.963,
                                "Actual Total Time": 13.964,
                                "Actual Rows": 118234,
                                "Actual Loops": 1,
                                "Index Cond": "(kind_id = 4)"
                              }
                            ]
                          }
                        ]
                      }
                    ]
                  },
                  {
                    "Node Type": "Index Only Scan",
                    "Parent Relationship": "Inner",
                    "Parallel Aware": false,
                    "Scan Direction": "Forward",
                    "Index Name": "movie_id_movie_info",
                    "Relation Name": "movie_info",
                    "Alias": "mi",
                    "Startup Cost": 0.43,
                    "Total Cost": 1.8,
                    "Plan Rows": 42,
                    "Plan Width": 4,
                    "Actual Startup Time": 0.002,
                    "Actual Total Time": 0.007,
                    "Actual Rows": 11,
                    "Actual Loops": 51948,
                    "Index Cond": "(movie_id = mi_idx.movie_id)",
                    "Rows Removed by Index Recheck": 0,
                    "Heap Fetches": 558093
                  }
                ]
              }
            ]
          }
        ]
      }
    ]
  },
  "Planning Time": 0.557,
  "Triggers": [],
  "Execution Time": 413.762
}