{
  "Plan": {
    "Node Type": "Aggregate",
    "Strategy": "Plain",
    "Partial Mode": "Simple",
    "Parallel Aware": false,
    "Startup Cost": 229357.96,
    "Total Cost": 229357.97,
    "Plan Rows": 1,
    "Plan Width": 8,
    "Actual Startup Time": 2381.242,
    "Actual Total Time": 2381.266,
    "Actual Rows": 1,
    "Actual Loops": 1,
    "Plans": [
      {
        "Node Type": "Hash Join",
        "Parent Relationship": "Outer",
        "Parallel Aware": false,
        "Join Type": "Inner",
        "Startup Cost": 228290.56,
        "Total Cost": 229356.79,
        "Plan Rows": 467,
        "Plan Width": 0,
        "Actual Startup Time": 2380.751,
        "Actual Total Time": 2381.256,
        "Actual Rows": 109,
        "Actual Loops": 1,
        "Inner Unique": false,
        "Hash Cond": "(ci.movie_id = t.id)",
        "Plans": [
          {
            "Node Type": "Index Scan",
            "Parent Relationship": "Outer",
            "Parallel Aware": false,
            "Scan Direction": "Forward",
            "Index Name": "person_id_cast_info",
            "Relation Name": "cast_info",
            "Alias": "ci",
            "Startup Cost": 0.56,
            "Total Cost": 1059.67,
            "Plan Rows": 328,
            "Plan Width": 4,
            "Actual Startup Time": 0.171,
            "Actual Total Time": 0.664,
            "Actual Rows": 5,
            "Actual Loops": 1,
            "Index Cond": "(person_id = 2891029)",
            "Rows Removed by Index Recheck": 0,
            "Filter": "(role_id < 4)",
            "Rows Removed by Filter": 3220
          },
          {
            "Node Type": "Hash",
            "Parent Relationship": "Inner",
            "Parallel Aware": false,
            "Startup Cost": 183329.44,
            "Total Cost": 183329.44,
            "Plan Rows": 3596844,
            "Plan Width": 8,
            "Actual Startup Time": 2345.547,
            "Actual Total Time": 2345.548,
            "Actual Rows": 3611575,
            "Actual Loops": 1,
            "Hash Buckets": 4194304,
            "Original Hash Buckets": 4194304,
            "Hash Batches": 1,
            "Original Hash Batches": 1,
            "Peak Memory Usage": 173846,
            "Plans": [
              {
                "Node Type": "Hash Join",
                "Parent Relationship": "Outer",
                "Parallel Aware": false,
                "Join Type": "Inner",
                "Startup Cost": 92884.59,
                "Total Cost": 183329.44,
                "Plan Rows": 3596844,
                "Plan Width": 8,
                "Actual Startup Time": 827.974,
                "Actual Total Time": 1841.885,
                "Actual Rows": 3611575,
                "Actual Loops": 1,
                "Inner Unique": true,
                "Hash Cond": "(mk.movie_id = t.id)",
                "Plans": [
                  {
                    "Node Type": "Seq Scan",
                    "Parent Relationship": "Outer",
                    "Parallel Aware": false,
                    "Relation Name": "movie_keyword",
                    "Alias": "mk",
                    "Startup Cost": 0.0,
                    "Total Cost": 81003.12,
                    "Plan Rows": 3596844,
                    "Plan Width": 4,
                    "Actual Startup Time": 0.015,
                    "Actual Total Time": 397.685,
                    "Actual Rows": 3611575,
                    "Actual Loops": 1,
                    "Filter": "(keyword_id < 20341)",
                    "Rows Removed by Filter": 912355
                  },
                  {
                    "Node Type": "Hash",
                    "Parent Relationship": "Inner",
                    "Parallel Aware": false,
                    "Startup Cost": 61280.93,
                    "Total Cost": 61280.93,
                    "Plan Rows": 2528293,
                    "Plan Width": 4,
                    "Actual Startup Time": 810.991,
                    "Actual Total Time": 810.992,
                    "Actual Rows": 2528312,
                    "Actual Loops": 1,
                    "Hash Buckets": 4194304,
                    "Original Hash Buckets": 4194304,
                    "Hash Batches": 1,
                    "Original Hash Batches": 1,
                    "Peak Memory Usage": 121654,
                    "Plans": [
                      {
                        "Node Type": "Seq Scan",
                        "Parent Relationship": "Outer",
                        "Parallel Aware": false,
                        "Relation Name": "title",
                        "Alias": "t",
                        "Startup Cost": 0.0,
                        "Total Cost": 61280.93,
                        "Plan Rows": 2528293,
                        "Plan Width": 4,
                        "Actual Startup Time": 0.013,
                        "Actual Total Time": 271.229,
                        "Actual Rows": 2528312,
                        "Actual Loops": 1
                      }
                    ]
                  }
                ]
              }
            ]
          }
        ]
      }
    ]
  },
  "Planning Time": 0.886,
  "Triggers": [],
  "Execution Time": 2397.278
}