{
  "Plan": {
    "Node Type": "Aggregate",
    "Strategy": "Plain",
    "Partial Mode": "Finalize",
    "Parallel Aware": false,
    "Startup Cost": 74961.94,
    "Total Cost": 74961.95,
    "Plan Rows": 1,
    "Plan Width": 8,
    "Actual Startup Time": 151.556,
    "Actual Total Time": 163.612,
    "Actual Rows": 1,
    "Actual Loops": 1,
    "Plans": [
      {
        "Node Type": "Gather",
        "Parent Relationship": "Outer",
        "Parallel Aware": false,
        "Startup Cost": 74961.83,
        "Total Cost": 74961.94,
        "Plan Rows": 1,
        "Plan Width": 8,
        "Actual Startup Time": 151.446,
        "Actual Total Time": 163.604,
        "Actual Rows": 2,
        "Actual Loops": 1,
        "Workers Planned": 1,
        "Workers Launched": 1,
        "Single Copy": false,
        "Plans": [
          {
            "Node Type": "Aggregate",
            "Strategy": "Plain",
            "Partial Mode": "Partial",
            "Parent Relationship": "Outer",
            "Parallel Aware": false,
            "Startup Cost": 73961.83,
            "Total Cost": 73961.84,
            "Plan Rows": 1,
            "Plan Width": 8,
            "Actual Startup Time": 145.581,
            "Actual Total Time": 145.583,
            "Actual Rows": 1,
            "Actual Loops": 2,
            "Plans": [
              {
                "Node Type": "Nested Loop",
                "Parent Relationship": "Outer",
                "Parallel Aware": false,
                "Join Type": "Inner",
                "Startup Cost": 0.43,
                "Total Cost": 73960.76,
                "Plan Rows": 426,
                "Plan Width": 0,
                "Actual Startup Time": 3.028,
                "Actual Total Time": 145.538,
                "Actual Rows": 214,
                "Actual Loops": 2,
                "Inner Unique": false,
                "Plans": [
                  {
                    "Node Type": "Seq Scan",
                    "Parent Relationship": "Outer",
                    "Parallel Aware": true,
                    "Relation Name": "title",
                    "Alias": "t",
                    "Startup Cost": 0.0,
                    "Total Cost": 58306.47,
                    "Plan Rows": 2321,
                    "Plan Width": 4,
                    "Actual Startup Time": 0.233,
                    "Actual Total Time": 138.778,
                    "Actual Rows": 2346,
                    "Actual Loops": 2,
                    "Filter": "((kind_id = 7) AND (production_year = 1955))",
                    "Rows Removed by Filter": 1261810
                  },
                  {
                    "Node Type": "Index Scan",
                    "Parent Relationship": "Inner",
                    "Parallel Aware": false,
                    "Scan Direction": "Forward",
                    "Index Name": "movie_id_movie_info_idx",
                    "Relation Name": "movie_info_idx",
                    "Alias": "mi_idx",
                    "Startup Cost": 0.43,
                    "Total Cost": 6.73,
                    "Plan Rows": 1,
                    "Plan Width": 4,
                    "Actual Startup Time": 0.002,
                    "Actual Total Time": 0.003,
                    "Actual Rows": 0,
                    "Actual Loops": 4691,
                    "Index Cond": "(movie_id = t.id)",
                    "Rows Removed by Index Recheck": 0,
                    "Filter": "(info_type_id = 100)",
                    "Rows Removed by Filter": 0
                  }
                ]
              }
            ]
          }
        ]
      }
    ]
  },
  "Planning Time": 0.467,
  "Triggers": [],
  "Execution Time": 163.687
}