[
  {
    "Plan": {
      "Node Type": "Aggregate",
      "Strategy": "Plain",
      "Partial Mode": "Finalize",
      "Parallel Aware": false,
      "Startup Cost": 395021.72,
      "Total Cost": 395021.73,
      "Plan Rows": 1,
      "Plan Width": 8,
      "Actual Startup Time": 983.711,
      "Actual Total Time": 1013.258,
      "Actual Rows": 1,
      "Actual Loops": 1,
      "Plans": [
        {
          "Node Type": "Gather",
          "Parent Relationship": "Outer",
          "Parallel Aware": false,
          "Startup Cost": 395021.1,
          "Total Cost": 395021.71,
          "Plan Rows": 6,
          "Plan Width": 8,
          "Actual Startup Time": 964.229,
          "Actual Total Time": 1013.247,
          "Actual Rows": 7,
          "Actual Loops": 1,
          "Workers Planned": 6,
          "Workers Launched": 6,
          "Single Copy": false,
          "Plans": [
            {
              "Node Type": "Aggregate",
              "Strategy": "Plain",
              "Partial Mode": "Partial",
              "Parent Relationship": "Outer",
              "Parallel Aware": false,
              "Startup Cost": 394021.1,
              "Total Cost": 394021.11,
              "Plan Rows": 1,
              "Plan Width": 8,
              "Actual Startup Time": 945.448,
              "Actual Total Time": 945.452,
              "Actual Rows": 1,
              "Actual Loops": 7,
              "Plans": [
                {
                  "Node Type": "Hash Join",
                  "Parent Relationship": "Outer",
                  "Parallel Aware": true,
                  "Join Type": "Inner",
                  "Startup Cost": 130220.51,
                  "Total Cost": 393036.37,
                  "Plan Rows": 393890,
                  "Plan Width": 0,
                  "Actual Startup Time": 502.67,
                  "Actual Total Time": 917.939,
                  "Actual Rows": 518362,
                  "Actual Loops": 7,
                  "Inner Unique": true,
                  "Hash Cond": "(ci.movie_id = t.id)",
                  "Plans": [
                    {
                      "Node Type": "Bitmap Heap Scan",
                      "Parent Relationship": "Outer",
                      "Parallel Aware": true,
                      "Relation Name": "cast_info",
                      "Alias": "ci",
                      "Startup Cost": 80000.12,
                      "Total Cost": 341782.03,
                      "Plan Rows": 393890,
                      "Plan Width": 4,
                      "Actual Startup Time": 232.104,
                      "Actual Total Time": 391.038,
                      "Actual Rows": 518362,
                      "Actual Loops": 7,
                      "Recheck Cond": "(person_id > 3404638)",
                      "Rows Removed by Index Recheck": 0,
                      "Filter": "(role_id > 1)",
                      "Rows Removed by Filter": 0,
                      "Exact Heap Blocks": 9278,
                      "Lossy Heap Blocks": 0,
                      "Plans": [
                        {
                          "Node Type": "Bitmap Index Scan",
                          "Parent Relationship": "Outer",
                          "Parallel Aware": false,
                          "Index Name": "person_id_cast_info",
                          "Startup Cost": 0.0,
                          "Total Cost": 79409.29,
                          "Plan Rows": 3637963,
                          "Plan Width": 0,
                          "Actual Startup Time": 217.127,
                          "Actual Total Time": 217.128,
                          "Actual Rows": 3628531,
                          "Actual Loops": 1,
                          "Index Cond": "(person_id > 3404638)"
                        }
                      ]
                    },
                    {
                      "Node Type": "Hash",
                      "Parent Relationship": "Inner",
                      "Parallel Aware": true,
                      "Startup Cost": 42319.06,
                      "Total Cost": 42319.06,
                      "Plan Rows": 632106,
                      "Plan Width": 4,
                      "Actual Startup Time": 265.092,
                      "Actual Total Time": 265.093,
                      "Actual Rows": 361187,
                      "Actual Loops": 7,
                      "Hash Buckets": 4194304,
                      "Original Hash Buckets": 4194304,
                      "Hash Batches": 1,
                      "Original Hash Batches": 1,
                      "Peak Memory Usage": 131808,
                      "Plans": [
                        {
                          "Node Type": "Seq Scan",
                          "Parent Relationship": "Outer",
                          "Parallel Aware": true,
                          "Relation Name": "title",
                          "Alias": "t",
                          "Startup Cost": 0.0,
                          "Total Cost": 42319.06,
                          "Plan Rows": 632106,
                          "Plan Width": 4,
                          "Actual Startup Time": 0.049,
                          "Actual Total Time": 79.005,
                          "Actual Rows": 361187,
                          "Actual Loops": 7
                        }
                      ]
                    }
                  ]
                }
              ]
            }
          ]
        }
      ]
    },
    "Planning Time": 0.48,
    "Triggers": [],
    "Execution Time": 1013.326
  }
]