[
  {
    "Plan": {
      "Node Type": "Aggregate",
      "Strategy": "Plain",
      "Partial Mode": "Finalize",
      "Parallel Aware": false,
      "Startup Cost": 298640.79,
      "Total Cost": 298640.8,
      "Plan Rows": 1,
      "Plan Width": 8,
      "Actual Startup Time": 179.48,
      "Actual Total Time": 198.134,
      "Actual Rows": 1,
      "Actual Loops": 1,
      "Plans": [
        {
          "Node Type": "Gather",
          "Parent Relationship": "Outer",
          "Parallel Aware": false,
          "Startup Cost": 298640.27,
          "Total Cost": 298640.78,
          "Plan Rows": 5,
          "Plan Width": 8,
          "Actual Startup Time": 179.26,
          "Actual Total Time": 198.115,
          "Actual Rows": 6,
          "Actual Loops": 1,
          "Workers Planned": 5,
          "Workers Launched": 5,
          "Single Copy": false,
          "Plans": [
            {
              "Node Type": "Aggregate",
              "Strategy": "Plain",
              "Partial Mode": "Partial",
              "Parent Relationship": "Outer",
              "Parallel Aware": false,
              "Startup Cost": 297640.27,
              "Total Cost": 297640.28,
              "Plan Rows": 1,
              "Plan Width": 8,
              "Actual Startup Time": 170.882,
              "Actual Total Time": 170.886,
              "Actual Rows": 1,
              "Actual Loops": 6,
              "Plans": [
                {
                  "Node Type": "Nested Loop",
                  "Parent Relationship": "Outer",
                  "Parallel Aware": false,
                  "Join Type": "Inner",
                  "Startup Cost": 4448.9,
                  "Total Cost": 297604.72,
                  "Plan Rows": 14221,
                  "Plan Width": 0,
                  "Actual Startup Time": 4.06,
                  "Actual Total Time": 168.237,
                  "Actual Rows": 26345,
                  "Actual Loops": 6,
                  "Inner Unique": true,
                  "Plans": [
                    {
                      "Node Type": "Bitmap Heap Scan",
                      "Parent Relationship": "Outer",
                      "Parallel Aware": true,
                      "Relation Name": "cast_info",
                      "Alias": "ci",
                      "Startup Cost": 4448.47,
                      "Total Cost": 255419.43,
                      "Plan Rows": 14221,
                      "Plan Width": 4,
                      "Actual Startup Time": 3.844,
                      "Actual Total Time": 14.69,
                      "Actual Rows": 26345,
                      "Actual Loops": 6,
                      "Recheck Cond": "(person_id < 24774)",
                      "Rows Removed by Index Recheck": 0,
                      "Filter": "(role_id < 2)",
                      "Rows Removed by Filter": 8693,
                      "Exact Heap Blocks": 764,
                      "Lossy Heap Blocks": 0,
                      "Plans": [
                        {
                          "Node Type": "Bitmap Index Scan",
                          "Parent Relationship": "Outer",
                          "Parallel Aware": false,
                          "Index Name": "person_id_cast_info",
                          "Startup Cost": 0.0,
                          "Total Cost": 4430.7,
                          "Plan Rows": 202951,
                          "Plan Width": 0,
                          "Actual Startup Time": 10.909,
                          "Actual Total Time": 10.911,
                          "Actual Rows": 210226,
                          "Actual Loops": 1,
                          "Index Cond": "(person_id < 24774)"
                        }
                      ]
                    },
                    {
                      "Node Type": "Index Only Scan",
                      "Parent Relationship": "Inner",
                      "Parallel Aware": false,
                      "Scan Direction": "Forward",
                      "Index Name": "title_pkey",
                      "Relation Name": "title",
                      "Alias": "t",
                      "Startup Cost": 0.43,
                      "Total Cost": 2.97,
                      "Plan Rows": 1,
                      "Plan Width": 4,
                      "Actual Startup Time": 0.005,
                      "Actual Total Time": 0.005,
                      "Actual Rows": 1,
                      "Actual Loops": 158068,
                      "Index Cond": "(id = ci.movie_id)",
                      "Rows Removed by Index Recheck": 0,
                      "Heap Fetches": 158068
                    }
                  ]
                }
              ]
            }
          ]
        }
      ]
    },
    "Planning Time": 0.464,
    "Triggers": [],
    "Execution Time": 198.186
  }
]