{
  "Plan": {
    "Node Type": "Aggregate",
    "Strategy": "Plain",
    "Partial Mode": "Finalize",
    "Parallel Aware": false,
    "Startup Cost": 419167.9,
    "Total Cost": 419167.91,
    "Plan Rows": 1,
    "Plan Width": 8,
    "Actual Startup Time": 4651.876,
    "Actual Total Time": 4695.216,
    "Actual Rows": 1,
    "Actual Loops": 1,
    "Plans": [
      {
        "Node Type": "Gather",
        "Parent Relationship": "Outer",
        "Parallel Aware": false,
        "Startup Cost": 419167.78,
        "Total Cost": 419167.89,
        "Plan Rows": 1,
        "Plan Width": 8,
        "Actual Startup Time": 4648.727,
        "Actual Total Time": 4695.209,
        "Actual Rows": 2,
        "Actual Loops": 1,
        "Workers Planned": 1,
        "Workers Launched": 1,
        "Single Copy": false,
        "Plans": [
          {
            "Node Type": "Aggregate",
            "Strategy": "Plain",
            "Partial Mode": "Partial",
            "Parent Relationship": "Outer",
            "Parallel Aware": false,
            "Startup Cost": 418167.78,
            "Total Cost": 418167.79,
            "Plan Rows": 1,
            "Plan Width": 8,
            "Actual Startup Time": 4640.082,
            "Actual Total Time": 4640.087,
            "Actual Rows": 1,
            "Actual Loops": 2,
            "Plans": [
              {
                "Node Type": "Hash Join",
                "Parent Relationship": "Outer",
                "Parallel Aware": true,
                "Join Type": "Inner",
                "Startup Cost": 114656.13,
                "Total Cost": 415551.55,
                "Plan Rows": 1046493,
                "Plan Width": 0,
                "Actual Startup Time": 614.762,
                "Actual Total Time": 4011.82,
                "Actual Rows": 15406837,
                "Actual Loops": 2,
                "Inner Unique": false,
                "Hash Cond": "(t.id = mc.movie_id)",
                "Plans": [
                  {
                    "Node Type": "Hash Join",
                    "Parent Relationship": "Outer",
                    "Parallel Aware": true,
                    "Join Type": "Inner",
                    "Startup Cost": 62762.29,
                    "Total Cost": 348766.24,
                    "Plan Rows": 1397702,
                    "Plan Width": 8,
                    "Actual Startup Time": 250.133,
                    "Actual Total Time": 1996.323,
                    "Actual Rows": 2558577,
                    "Actual Loops": 2,
                    "Inner Unique": true,
                    "Hash Cond": "(mi.movie_id = t.id)",
                    "Plans": [
                      {
                        "Node Type": "Seq Scan",
                        "Parent Relationship": "Outer",
                        "Parallel Aware": true,
                        "Relation Name": "movie_info",
                        "Alias": "mi",
                        "Startup Cost": 0.0,
                        "Total Cost": 270696.42,
                        "Plan Rows": 5831431,
                        "Plan Width": 4,
                        "Actual Startup Time": 32.72,
                        "Actual Total Time": 707.276,
                        "Actual Rows": 4955877,
                        "Actual Loops": 2,
                        "Filter": "(info_type_id > 4)",
                        "Rows Removed by Filter": 2461983
                      },
                      {
                        "Node Type": "Hash",
                        "Parent Relationship": "Inner",
                        "Parallel Aware": true,
                        "Startup Cost": 58306.47,
                        "Total Cost": 58306.47,
                        "Plan Rows": 356466,
                        "Plan Width": 4,
                        "Actual Startup Time": 213.69,
                        "Actual Total Time": 213.691,
                        "Actual Rows": 337845,
                        "Actual Loops": 2,
                        "Hash Buckets": 1048576,
                        "Original Hash Buckets": 1048576,
                        "Hash Batches": 1,
                        "Original Hash Batches": 1,
                        "Peak Memory Usage": 34656,
                        "Plans": [
                          {
                            "Node Type": "Seq Scan",
                            "Parent Relationship": "Outer",
                            "Parallel Aware": true,
                            "Relation Name": "title",
                            "Alias": "t",
                            "Startup Cost": 0.0,
                            "Total Cost": 58306.47,
                            "Plan Rows": 356466,
                            "Plan Width": 4,
                            "Actual Startup Time": 0.016,
                            "Actual Total Time": 134.243,
                            "Actual Rows": 337845,
                            "Actual Loops": 2,
                            "Filter": "((kind_id < 7) AND (production_year < 2007))",
                            "Rows Removed by Filter": 926311
                          }
                        ]
                      }
                    ]
                  },
                  {
                    "Node Type": "Hash",
                    "Parent Relationship": "Inner",
                    "Parallel Aware": true,
                    "Startup Cost": 37974.77,
                    "Total Cost": 37974.77,
                    "Plan Rows": 1113525,
                    "Plan Width": 4,
                    "Actual Startup Time": 349.902,
                    "Actual Total Time": 349.903,
                    "Actual Rows": 947718,
                    "Actual Loops": 2,
                    "Hash Buckets": 2097152,
                    "Original Hash Buckets": 2097152,
                    "Hash Batches": 1,
                    "Original Hash Batches": 1,
                    "Peak Memory Usage": 90560,
                    "Plans": [
                      {
                        "Node Type": "Seq Scan",
                        "Parent Relationship": "Outer",
                        "Parallel Aware": true,
                        "Relation Name": "movie_companies",
                        "Alias": "mc",
                        "Startup Cost": 0.0,
                        "Total Cost": 37974.77,
                        "Plan Rows": 1113525,
                        "Plan Width": 4,
                        "Actual Startup Time": 1.213,
                        "Actual Total Time": 142.948,
                        "Actual Rows": 947718,
                        "Actual Loops": 2,
                        "Filter": "(company_id > 1373)",
                        "Rows Removed by Filter": 356847
                      }
                    ]
                  }
                ]
              }
            ]
          }
        ]
      }
    ]
  },
  "Planning Time": 0.896,
  "Triggers": [],
  "Execution Time": 4695.304
}