[
  {
    "Plan": {
      "Node Type": "Aggregate",
      "Strategy": "Plain",
      "Partial Mode": "Finalize",
      "Parallel Aware": false,
      "Startup Cost": 68975.69,
      "Total Cost": 68975.7,
      "Plan Rows": 1,
      "Plan Width": 8,
      "Actual Startup Time": 201.403,
      "Actual Total Time": 216.514,
      "Actual Rows": 1,
      "Actual Loops": 1,
      "Plans": [
        {
          "Node Type": "Gather",
          "Parent Relationship": "Outer",
          "Parallel Aware": false,
          "Startup Cost": 68975.27,
          "Total Cost": 68975.68,
          "Plan Rows": 4,
          "Plan Width": 8,
          "Actual Startup Time": 200.828,
          "Actual Total Time": 216.504,
          "Actual Rows": 5,
          "Actual Loops": 1,
          "Workers Planned": 4,
          "Workers Launched": 4,
          "Single Copy": false,
          "Plans": [
            {
              "Node Type": "Aggregate",
              "Strategy": "Plain",
              "Partial Mode": "Partial",
              "Parent Relationship": "Outer",
              "Parallel Aware": false,
              "Startup Cost": 67975.27,
              "Total Cost": 67975.28,
              "Plan Rows": 1,
              "Plan Width": 8,
              "Actual Startup Time": 190.969,
              "Actual Total Time": 190.972,
              "Actual Rows": 1,
              "Actual Loops": 5,
              "Plans": [
                {
                  "Node Type": "Hash Join",
                  "Parent Relationship": "Outer",
                  "Parallel Aware": true,
                  "Join Type": "Inner",
                  "Startup Cost": 21191.28,
                  "Total Cost": 67930.83,
                  "Plan Rows": 17776,
                  "Plan Width": 0,
                  "Actual Startup Time": 47.236,
                  "Actual Total Time": 189.962,
                  "Actual Rows": 16102,
                  "Actual Loops": 5,
                  "Inner Unique": false,
                  "Hash Cond": "(t.id = mc.movie_id)",
                  "Plans": [
                    {
                      "Node Type": "Seq Scan",
                      "Parent Relationship": "Outer",
                      "Parallel Aware": true,
                      "Relation Name": "title",
                      "Alias": "t",
                      "Startup Cost": 0.0,
                      "Total Cost": 43898.92,
                      "Plan Rows": 556658,
                      "Plan Width": 4,
                      "Actual Startup Time": 0.017,
                      "Actual Total Time": 84.193,
                      "Actual Rows": 444914,
                      "Actual Loops": 5,
                      "Filter": "(production_year < 2012)",
                      "Rows Removed by Filter": 60749
                    },
                    {
                      "Node Type": "Hash",
                      "Parent Relationship": "Inner",
                      "Parallel Aware": true,
                      "Startup Cost": 20865.72,
                      "Total Cost": 20865.72,
                      "Plan Rows": 26045,
                      "Plan Width": 4,
                      "Actual Startup Time": 45.603,
                      "Actual Total Time": 45.605,
                      "Actual Rows": 16814,
                      "Actual Loops": 5,
                      "Hash Buckets": 131072,
                      "Original Hash Buckets": 131072,
                      "Hash Batches": 1,
                      "Original Hash Batches": 1,
                      "Peak Memory Usage": 4416,
                      "Plans": [
                        {
                          "Node Type": "Bitmap Heap Scan",
                          "Parent Relationship": "Outer",
                          "Parallel Aware": true,
                          "Relation Name": "movie_companies",
                          "Alias": "mc",
                          "Startup Cost": 1750.16,
                          "Total Cost": 20865.72,
                          "Plan Rows": 26045,
                          "Plan Width": 4,
                          "Actual Startup Time": 12.377,
                          "Actual Total Time": 35.799,
                          "Actual Rows": 16814,
                          "Actual Loops": 5,
                          "Recheck Cond": "(company_id < 19)",
                          "Rows Removed by Index Recheck": 0,
                          "Exact Heap Blocks": 5054,
                          "Lossy Heap Blocks": 0,
                          "Plans": [
                            {
                              "Node Type": "Bitmap Index Scan",
                              "Parent Relationship": "Outer",
                              "Parallel Aware": false,
                              "Index Name": "company_id_movie_companies",
                              "Startup Cost": 0.0,
                              "Total Cost": 1729.97,
                              "Plan Rows": 80739,
                              "Plan Width": 0,
                              "Actual Startup Time": 13.605,
                              "Actual Total Time": 13.606,
                              "Actual Rows": 84071,
                              "Actual Loops": 1,
                              "Index Cond": "(company_id < 19)"
                            }
                          ]
                        }
                      ]
                    }
                  ]
                }
              ]
            }
          ]
        }
      ]
    },
    "Planning Time": 0.768,
    "Triggers": [],
    "Execution Time": 216.706
  }
]