[
  {
    "Plan": {
      "Node Type": "Aggregate",
      "Strategy": "Plain",
      "Partial Mode": "Finalize",
      "Parallel Aware": false,
      "Startup Cost": 67005.35,
      "Total Cost": 67005.36,
      "Plan Rows": 1,
      "Plan Width": 8,
      "Actual Startup Time": 178.332,
      "Actual Total Time": 189.772,
      "Actual Rows": 1,
      "Actual Loops": 1,
      "Plans": [
        {
          "Node Type": "Gather",
          "Parent Relationship": "Outer",
          "Parallel Aware": false,
          "Startup Cost": 67004.93,
          "Total Cost": 67005.34,
          "Plan Rows": 4,
          "Plan Width": 8,
          "Actual Startup Time": 177.81,
          "Actual Total Time": 189.764,
          "Actual Rows": 5,
          "Actual Loops": 1,
          "Workers Planned": 4,
          "Workers Launched": 4,
          "Single Copy": false,
          "Plans": [
            {
              "Node Type": "Aggregate",
              "Strategy": "Plain",
              "Partial Mode": "Partial",
              "Parent Relationship": "Outer",
              "Parallel Aware": false,
              "Startup Cost": 66004.93,
              "Total Cost": 66004.94,
              "Plan Rows": 1,
              "Plan Width": 8,
              "Actual Startup Time": 168.94,
              "Actual Total Time": 168.943,
              "Actual Rows": 1,
              "Actual Loops": 5,
              "Plans": [
                {
                  "Node Type": "Hash Join",
                  "Parent Relationship": "Outer",
                  "Parallel Aware": true,
                  "Join Type": "Inner",
                  "Startup Cost": 20446.2,
                  "Total Cost": 65970.16,
                  "Plan Rows": 13908,
                  "Plan Width": 0,
                  "Actual Startup Time": 124.342,
                  "Actual Total Time": 168.368,
                  "Actual Rows": 10617,
                  "Actual Loops": 5,
                  "Inner Unique": false,
                  "Hash Cond": "(t.id = mc.movie_id)",
                  "Plans": [
                    {
                      "Node Type": "Seq Scan",
                      "Parent Relationship": "Outer",
                      "Parallel Aware": true,
                      "Relation Name": "title",
                      "Alias": "t",
                      "Startup Cost": 0.0,
                      "Total Cost": 42318.73,
                      "Plan Rows": 632073,
                      "Plan Width": 4,
                      "Actual Startup Time": 0.019,
                      "Actual Total Time": 73.596,
                      "Actual Rows": 505662,
                      "Actual Loops": 5
                    },
                    {
                      "Node Type": "Hash",
                      "Parent Relationship": "Inner",
                      "Parallel Aware": true,
                      "Startup Cost": 20221.89,
                      "Total Cost": 20221.89,
                      "Plan Rows": 17945,
                      "Plan Width": 4,
                      "Actual Startup Time": 23.003,
                      "Actual Total Time": 23.004,
                      "Actual Rows": 10617,
                      "Actual Loops": 5,
                      "Hash Buckets": 65536,
                      "Original Hash Buckets": 65536,
                      "Hash Batches": 1,
                      "Original Hash Batches": 1,
                      "Peak Memory Usage": 2720,
                      "Plans": [
                        {
                          "Node Type": "Bitmap Heap Scan",
                          "Parent Relationship": "Outer",
                          "Parallel Aware": true,
                          "Relation Name": "movie_companies",
                          "Alias": "mc",
                          "Startup Cost": 1207.57,
                          "Total Cost": 20221.89,
                          "Plan Rows": 17945,
                          "Plan Width": 4,
                          "Actual Startup Time": 2.177,
                          "Actual Total Time": 14.742,
                          "Actual Rows": 10617,
                          "Actual Loops": 5,
                          "Recheck Cond": "(company_id > 189050)",
                          "Rows Removed by Index Recheck": 0,
                          "Exact Heap Blocks": 707,
                          "Lossy Heap Blocks": 0,
                          "Plans": [
                            {
                              "Node Type": "Bitmap Index Scan",
                              "Parent Relationship": "Outer",
                              "Parallel Aware": false,
                              "Index Name": "company_id_movie_companies",
                              "Startup Cost": 0.0,
                              "Total Cost": 1193.66,
                              "Plan Rows": 55631,
                              "Plan Width": 0,
                              "Actual Startup Time": 6.252,
                              "Actual Total Time": 6.252,
                              "Actual Rows": 53084,
                              "Actual Loops": 1,
                              "Index Cond": "(company_id > 189050)"
                            }
                          ]
                        }
                      ]
                    }
                  ]
                }
              ]
            }
          ]
        }
      ]
    },
    "Planning Time": 0.597,
    "Triggers": [],
    "Execution Time": 189.863
  }
]