{
  "Plan": {
    "Node Type": "Aggregate",
    "Strategy": "Plain",
    "Partial Mode": "Finalize",
    "Parallel Aware": false,
    "Startup Cost": 357223.29,
    "Total Cost": 357223.3,
    "Plan Rows": 1,
    "Plan Width": 8,
    "Actual Startup Time": 1638.724,
    "Actual Total Time": 1697.527,
    "Actual Rows": 1,
    "Actual Loops": 1,
    "Plans": [
      {
        "Node Type": "Gather",
        "Parent Relationship": "Outer",
        "Parallel Aware": false,
        "Startup Cost": 357223.18,
        "Total Cost": 357223.29,
        "Plan Rows": 1,
        "Plan Width": 8,
        "Actual Startup Time": 1638.638,
        "Actual Total Time": 1697.52,
        "Actual Rows": 2,
        "Actual Loops": 1,
        "Workers Planned": 1,
        "Workers Launched": 1,
        "Single Copy": false,
        "Plans": [
          {
            "Node Type": "Aggregate",
            "Strategy": "Plain",
            "Partial Mode": "Partial",
            "Parent Relationship": "Outer",
            "Parallel Aware": false,
            "Startup Cost": 356223.18,
            "Total Cost": 356223.19,
            "Plan Rows": 1,
            "Plan Width": 8,
            "Actual Startup Time": 1632.175,
            "Actual Total Time": 1632.179,
            "Actual Rows": 1,
            "Actual Loops": 2,
            "Plans": [
              {
                "Node Type": "Nested Loop",
                "Parent Relationship": "Outer",
                "Parallel Aware": false,
                "Join Type": "Inner",
                "Startup Cost": 54696.64,
                "Total Cost": 356120.09,
                "Plan Rows": 41235,
                "Plan Width": 0,
                "Actual Startup Time": 146.975,
                "Actual Total Time": 1624.112,
                "Actual Rows": 166690,
                "Actual Loops": 2,
                "Inner Unique": false,
                "Join Filter": "(t.id = mc.movie_id)",
                "Rows Removed by Join Filter": 0,
                "Plans": [
                  {
                    "Node Type": "Hash Join",
                    "Parent Relationship": "Outer",
                    "Parallel Aware": true,
                    "Join Type": "Inner",
                    "Startup Cost": 54696.21,
                    "Total Cost": 326479.7,
                    "Plan Rows": 50438,
                    "Plan Width": 8,
                    "Actual Startup Time": 146.909,
                    "Actual Total Time": 1411.221,
                    "Actual Rows": 49924,
                    "Actual Loops": 2,
                    "Inner Unique": true,
                    "Hash Cond": "(mi.movie_id = t.id)",
                    "Plans": [
                      {
                        "Node Type": "Seq Scan",
                        "Parent Relationship": "Outer",
                        "Parallel Aware": true,
                        "Relation Name": "movie_info",
                        "Alias": "mi",
                        "Startup Cost": 0.0,
                        "Total Cost": 248955.74,
                        "Plan Rows": 8696274,
                        "Plan Width": 4,
                        "Actual Startup Time": 0.012,
                        "Actual Total Time": 640.952,
                        "Actual Rows": 7417860,
                        "Actual Loops": 2
                      },
                      {
                        "Node Type": "Hash",
                        "Parent Relationship": "Inner",
                        "Parallel Aware": true,
                        "Startup Cost": 54588.39,
                        "Total Cost": 54588.39,
                        "Plan Rows": 8626,
                        "Plan Width": 4,
                        "Actual Startup Time": 144.995,
                        "Actual Total Time": 144.996,
                        "Actual Rows": 7300,
                        "Actual Loops": 2,
                        "Hash Buckets": 16384,
                        "Original Hash Buckets": 16384,
                        "Hash Batches": 1,
                        "Original Hash Batches": 1,
                        "Peak Memory Usage": 736,
                        "Plans": [
                          {
                            "Node Type": "Seq Scan",
                            "Parent Relationship": "Outer",
                            "Parallel Aware": true,
                            "Relation Name": "title",
                            "Alias": "t",
                            "Startup Cost": 0.0,
                            "Total Cost": 54588.39,
                            "Plan Rows": 8626,
                            "Plan Width": 4,
                            "Actual Startup Time": 0.071,
                            "Actual Total Time": 142.363,
                            "Actual Rows": 7300,
                            "Actual Loops": 2,
                            "Filter": "(production_year = 1967)",
                            "Rows Removed by Filter": 1256856
                          }
                        ]
                      }
                    ]
                  },
                  {
                    "Node Type": "Index Scan",
                    "Parent Relationship": "Inner",
                    "Parallel Aware": false,
                    "Scan Direction": "Forward",
                    "Index Name": "movie_id_movie_companies",
                    "Relation Name": "movie_companies",
                    "Alias": "mc",
                    "Startup Cost": 0.43,
                    "Total Cost": 0.54,
                    "Plan Rows": 4,
                    "Plan Width": 4,
                    "Actual Startup Time": 0.003,
                    "Actual Total Time": 0.004,
                    "Actual Rows": 3,
                    "Actual Loops": 99849,
                    "Index Cond": "(movie_id = mi.movie_id)",
                    "Rows Removed by Index Recheck": 0,
                    "Filter": "(company_id < 71756)",
                    "Rows Removed by Filter": 1
                  }
                ]
              }
            ]
          }
        ]
      }
    ]
  },
  "Planning Time": 0.976,
  "Triggers": [],
  "Execution Time": 1697.653
}