{
    "Plan": {
        "Node Type": "Aggregate",
        "Strategy": "Plain",
        "Partial Mode": "Finalize",
        "Parallel Aware": false,
        "Startup Cost": 58753.24,
        "Total Cost": 58753.25,
        "Plan Rows": 1,
        "Plan Width": 8,
        "Actual Startup Time": 308.911,
        "Actual Total Time": 321.843,
        "Actual Rows": 1,
        "Actual Loops": 1,
        "Output": [
            "count(*)"
        ],
        "Plans": [
            {
                "Node Type": "Gather",
                "Parent Relationship": "Outer",
                "Parallel Aware": false,
                "Startup Cost": 58752.92,
                "Total Cost": 58753.23,
                "Plan Rows": 3,
                "Plan Width": 8,
                "Actual Startup Time": 302.607,
                "Actual Total Time": 321.835,
                "Actual Rows": 4,
                "Actual Loops": 1,
                "Output": [
                    "(PARTIAL count(*))"
                ],
                "Workers Planned": 3,
                "Workers Launched": 3,
                "Single Copy": false,
                "Plans": [
                    {
                        "Node Type": "Aggregate",
                        "Strategy": "Plain",
                        "Partial Mode": "Partial",
                        "Parent Relationship": "Outer",
                        "Parallel Aware": false,
                        "Startup Cost": 57752.92,
                        "Total Cost": 57752.93,
                        "Plan Rows": 1,
                        "Plan Width": 8,
                        "Actual Startup Time": 292.399,
                        "Actual Total Time": 292.403,
                        "Actual Rows": 1,
                        "Actual Loops": 4,
                        "Output": [
                            "PARTIAL count(*)"
                        ],
                        "Workers": [
                            {
                                "Worker Number": 0,
                                "Actual Startup Time": 288.095,
                                "Actual Total Time": 288.099,
                                "Actual Rows": 1,
                                "Actual Loops": 1
                            },
                            {
                                "Worker Number": 1,
                                "Actual Startup Time": 290.709,
                                "Actual Total Time": 290.712,
                                "Actual Rows": 1,
                                "Actual Loops": 1
                            },
                            {
                                "Worker Number": 2,
                                "Actual Startup Time": 288.743,
                                "Actual Total Time": 288.746,
                                "Actual Rows": 1,
                                "Actual Loops": 1
                            }
                        ],
                        "Plans": [
                            {
                                "Node Type": "Hash Join",
                                "Parent Relationship": "Outer",
                                "Parallel Aware": true,
                                "Join Type": "Inner",
                                "Startup Cost": 48900.77,
                                "Total Cost": 57724.97,
                                "Plan Rows": 11180,
                                "Plan Width": 0,
                                "Actual Startup Time": 275.297,
                                "Actual Total Time": 292.32,
                                "Actual Rows": 1112,
                                "Actual Loops": 4,
                                "Inner Unique": true,
                                "Hash Cond": "(ci.movie_id = t.id)",
                                "Workers": [
                                    {
                                        "Worker Number": 0,
                                        "Actual Startup Time": 271.499,
                                        "Actual Total Time": 288.036,
                                        "Actual Rows": 695,
                                        "Actual Loops": 1
                                    },
                                    {
                                        "Worker Number": 1,
                                        "Actual Startup Time": 272.627,
                                        "Actual Total Time": 290.631,
                                        "Actual Rows": 1118,
                                        "Actual Loops": 1
                                    },
                                    {
                                        "Worker Number": 2,
                                        "Actual Startup Time": 271.791,
                                        "Actual Total Time": 288.673,
                                        "Actual Rows": 932,
                                        "Actual Loops": 1
                                    }
                                ],
                                "Plans": [
                                    {
                                        "Node Type": "Index Scan",
                                        "Parent Relationship": "Outer",
                                        "Parallel Aware": true,
                                        "Scan Direction": "Forward",
                                        "Index Name": "role_id_cast_info",
                                        "Relation Name": "cast_info",
                                        "Schema": "public",
                                        "Alias": "ci",
                                        "Startup Cost": 0.56,
                                        "Total Cost": 8778.4,
                                        "Plan Rows": 17663,
                                        "Plan Width": 4,
                                        "Actual Startup Time": 0.293,
                                        "Actual Total Time": 13.207,
                                        "Actual Rows": 2080,
                                        "Actual Loops": 4,
                                        "Output": [
                                            "ci.id",
                                            "ci.person_id",
                                            "ci.movie_id",
                                            "ci.person_role_id",
                                            "ci.note",
                                            "ci.nr_order",
                                            "ci.role_id"
                                        ],
                                        "Index Cond": "(ci.role_id = 7)",
                                        "Rows Removed by Index Recheck": 0,
                                        "Filter": "(ci.person_id < 648144)",
                                        "Rows Removed by Filter": 67021,
                                        "Workers": [
                                            {
                                                "Worker Number": 0,
                                                "Actual Startup Time": 0.421,
                                                "Actual Total Time": 13.646,
                                                "Actual Rows": 1577,
                                                "Actual Loops": 1
                                            },
                                            {
                                                "Worker Number": 1,
                                                "Actual Startup Time": 0.421,
                                                "Actual Total Time": 13.004,
                                                "Actual Rows": 2044,
                                                "Actual Loops": 1
                                            },
                                            {
                                                "Worker Number": 2,
                                                "Actual Startup Time": 0.116,
                                                "Actual Total Time": 13.621,
                                                "Actual Rows": 1793,
                                                "Actual Loops": 1
                                            }
                                        ]
                                    },
                                    {
                                        "Node Type": "Hash",
                                        "Parent Relationship": "Inner",
                                        "Parallel Aware": true,
                                        "Startup Cost": 43899.01,
                                        "Total Cost": 43899.01,
                                        "Plan Rows": 400096,
                                        "Plan Width": 4,
                                        "Actual Startup Time": 268.42,
                                        "Actual Total Time": 268.421,
                                        "Actual Rows": 401769,
                                        "Actual Loops": 4,
                                        "Output": [
                                            "t.id"
                                        ],
                                        "Hash Buckets": 2097152,
                                        "Original Hash Buckets": 2097152,
                                        "Hash Batches": 1,
                                        "Original Hash Batches": 1,
                                        "Peak Memory Usage": 79328,
                                        "Workers": [
                                            {
                                                "Worker Number": 0,
                                                "Actual Startup Time": 270.634,
                                                "Actual Total Time": 270.636,
                                                "Actual Rows": 344635,
                                                "Actual Loops": 1
                                            },
                                            {
                                                "Worker Number": 1,
                                                "Actual Startup Time": 271.905,
                                                "Actual Total Time": 271.906,
                                                "Actual Rows": 368764,
                                                "Actual Loops": 1
                                            },
                                            {
                                                "Worker Number": 2,
                                                "Actual Startup Time": 271.363,
                                                "Actual Total Time": 271.364,
                                                "Actual Rows": 384815,
                                                "Actual Loops": 1
                                            }
                                        ],
                                        "Plans": [
                                            {
                                                "Node Type": "Seq Scan",
                                                "Parent Relationship": "Outer",
                                                "Parallel Aware": true,
                                                "Relation Name": "title",
                                                "Schema": "public",
                                                "Alias": "t",
                                                "Startup Cost": 0.0,
                                                "Total Cost": 43899.01,
                                                "Plan Rows": 400096,
                                                "Plan Width": 4,
                                                "Actual Startup Time": 0.054,
                                                "Actual Total Time": 112.732,
                                                "Actual Rows": 401769,
                                                "Actual Loops": 4,
                                                "Output": [
                                                    "t.id"
                                                ],
                                                "Filter": "(t.production_year > 1995)",
                                                "Rows Removed by Filter": 230309,
                                                "Workers": [
                                                    {
                                                        "Worker Number": 0,
                                                        "Actual Startup Time": 0.076,
                                                        "Actual Total Time": 117.258,
                                                        "Actual Rows": 344635,
                                                        "Actual Loops": 1
                                                    },
                                                    {
                                                        "Worker Number": 1,
                                                        "Actual Startup Time": 0.062,
                                                        "Actual Total Time": 116.342,
                                                        "Actual Rows": 368764,
                                                        "Actual Loops": 1
                                                    },
                                                    {
                                                        "Worker Number": 2,
                                                        "Actual Startup Time": 0.063,
                                                        "Actual Total Time": 117.381,
                                                        "Actual Rows": 384815,
                                                        "Actual Loops": 1
                                                    }
                                                ]
                                            }
                                        ]
                                    }
                                ]
                            }
                        ]
                    }
                ]
            }
        ]
    },
    "Planning Time": 0.59,
    "Triggers": [],
    "Execution Time": 321.91
}