{
    "Plan": {
        "Node Type": "Aggregate",
        "Strategy": "Plain",
        "Partial Mode": "Finalize",
        "Parallel Aware": false,
        "Startup Cost": 440037.04,
        "Total Cost": 440037.05,
        "Plan Rows": 1,
        "Plan Width": 8,
        "Actual Startup Time": 3524.687,
        "Actual Total Time": 3575.303,
        "Actual Rows": 1,
        "Actual Loops": 1,
        "Output": [
            "count(*)"
        ],
        "Plans": [
            {
                "Node Type": "Gather",
                "Parent Relationship": "Outer",
                "Parallel Aware": false,
                "Startup Cost": 440036.41,
                "Total Cost": 440037.02,
                "Plan Rows": 6,
                "Plan Width": 8,
                "Actual Startup Time": 3498.026,
                "Actual Total Time": 3575.291,
                "Actual Rows": 7,
                "Actual Loops": 1,
                "Output": [
                    "(PARTIAL count(*))"
                ],
                "Workers Planned": 6,
                "Workers Launched": 6,
                "Single Copy": false,
                "Plans": [
                    {
                        "Node Type": "Aggregate",
                        "Strategy": "Plain",
                        "Partial Mode": "Partial",
                        "Parent Relationship": "Outer",
                        "Parallel Aware": false,
                        "Startup Cost": 439036.41,
                        "Total Cost": 439036.42,
                        "Plan Rows": 1,
                        "Plan Width": 8,
                        "Actual Startup Time": 3485.364,
                        "Actual Total Time": 3485.756,
                        "Actual Rows": 1,
                        "Actual Loops": 7,
                        "Output": [
                            "PARTIAL count(*)"
                        ],
                        "Workers": [
                            {
                                "Worker Number": 0,
                                "Actual Startup Time": 3483.056,
                                "Actual Total Time": 3483.06,
                                "Actual Rows": 1,
                                "Actual Loops": 1
                            },
                            {
                                "Worker Number": 1,
                                "Actual Startup Time": 3483.015,
                                "Actual Total Time": 3483.02,
                                "Actual Rows": 1,
                                "Actual Loops": 1
                            },
                            {
                                "Worker Number": 2,
                                "Actual Startup Time": 3483.119,
                                "Actual Total Time": 3483.125,
                                "Actual Rows": 1,
                                "Actual Loops": 1
                            },
                            {
                                "Worker Number": 3,
                                "Actual Startup Time": 3483.091,
                                "Actual Total Time": 3483.097,
                                "Actual Rows": 1,
                                "Actual Loops": 1
                            },
                            {
                                "Worker Number": 4,
                                "Actual Startup Time": 3484.56,
                                "Actual Total Time": 3484.565,
                                "Actual Rows": 1,
                                "Actual Loops": 1
                            },
                            {
                                "Worker Number": 5,
                                "Actual Startup Time": 3483.288,
                                "Actual Total Time": 3483.292,
                                "Actual Rows": 1,
                                "Actual Loops": 1
                            }
                        ],
                        "Plans": [
                            {
                                "Node Type": "Hash Join",
                                "Parent Relationship": "Outer",
                                "Parallel Aware": true,
                                "Join Type": "Inner",
                                "Startup Cost": 85770.32,
                                "Total Cost": 431395.65,
                                "Plan Rows": 3056307,
                                "Plan Width": 0,
                                "Actual Startup Time": 498.626,
                                "Actual Total Time": 3185.383,
                                "Actual Rows": 6781430,
                                "Actual Loops": 7,
                                "Inner Unique": false,
                                "Hash Cond": "(ci.movie_id = t.id)",
                                "Workers": [
                                    {
                                        "Worker Number": 0,
                                        "Actual Startup Time": 496.579,
                                        "Actual Total Time": 3171.882,
                                        "Actual Rows": 6335996,
                                        "Actual Loops": 1
                                    },
                                    {
                                        "Worker Number": 1,
                                        "Actual Startup Time": 496.505,
                                        "Actual Total Time": 3174.098,
                                        "Actual Rows": 6533767,
                                        "Actual Loops": 1
                                    },
                                    {
                                        "Worker Number": 2,
                                        "Actual Startup Time": 496.523,
                                        "Actual Total Time": 3208.316,
                                        "Actual Rows": 6968851,
                                        "Actual Loops": 1
                                    },
                                    {
                                        "Worker Number": 3,
                                        "Actual Startup Time": 496.625,
                                        "Actual Total Time": 3182.481,
                                        "Actual Rows": 6130462,
                                        "Actual Loops": 1
                                    },
                                    {
                                        "Worker Number": 4,
                                        "Actual Startup Time": 496.564,
                                        "Actual Total Time": 3179.738,
                                        "Actual Rows": 5998356,
                                        "Actual Loops": 1
                                    },
                                    {
                                        "Worker Number": 5,
                                        "Actual Startup Time": 496.694,
                                        "Actual Total Time": 3197.563,
                                        "Actual Rows": 7502810,
                                        "Actual Loops": 1
                                    }
                                ],
                                "Plans": [
                                    {
                                        "Node Type": "Seq Scan",
                                        "Parent Relationship": "Outer",
                                        "Parallel Aware": true,
                                        "Relation Name": "cast_info",
                                        "Schema": "public",
                                        "Alias": "ci",
                                        "Startup Cost": 0.0,
                                        "Total Cost": 313108.29,
                                        "Plan Rows": 6042129,
                                        "Plan Width": 4,
                                        "Actual Startup Time": 0.037,
                                        "Actual Total Time": 584.811,
                                        "Actual Rows": 5177763,
                                        "Actual Loops": 7,
                                        "Output": [
                                            "ci.id",
                                            "ci.person_id",
                                            "ci.movie_id",
                                            "ci.person_role_id",
                                            "ci.note",
                                            "ci.nr_order",
                                            "ci.role_id"
                                        ],
                                        "Workers": [
                                            {
                                                "Worker Number": 0,
                                                "Actual Startup Time": 0.039,
                                                "Actual Total Time": 610.578,
                                                "Actual Rows": 4834410,
                                                "Actual Loops": 1
                                            },
                                            {
                                                "Worker Number": 1,
                                                "Actual Startup Time": 0.043,
                                                "Actual Total Time": 602.811,
                                                "Actual Rows": 4973352,
                                                "Actual Loops": 1
                                            },
                                            {
                                                "Worker Number": 2,
                                                "Actual Startup Time": 0.041,
                                                "Actual Total Time": 593.422,
                                                "Actual Rows": 5317723,
                                                "Actual Loops": 1
                                            },
                                            {
                                                "Worker Number": 3,
                                                "Actual Startup Time": 0.046,
                                                "Actual Total Time": 609.36,
                                                "Actual Rows": 4651718,
                                                "Actual Loops": 1
                                            },
                                            {
                                                "Worker Number": 4,
                                                "Actual Startup Time": 0.043,
                                                "Actual Total Time": 610.607,
                                                "Actual Rows": 4507529,
                                                "Actual Loops": 1
                                            },
                                            {
                                                "Worker Number": 5,
                                                "Actual Startup Time": 0.037,
                                                "Actual Total Time": 587.415,
                                                "Actual Rows": 5774735,
                                                "Actual Loops": 1
                                            }
                                        ]
                                    },
                                    {
                                        "Node Type": "Hash",
                                        "Parent Relationship": "Inner",
                                        "Parallel Aware": true,
                                        "Startup Cost": 80613.43,
                                        "Total Cost": 80613.43,
                                        "Plan Rows": 412551,
                                        "Plan Width": 8,
                                        "Actual Startup Time": 494.17,
                                        "Actual Total Time": 494.561,
                                        "Actual Rows": 182035,
                                        "Actual Loops": 7,
                                        "Output": [
                                            "t.id",
                                            "mc.movie_id"
                                        ],
                                        "Hash Buckets": 2097152,
                                        "Original Hash Buckets": 2097152,
                                        "Hash Batches": 1,
                                        "Original Hash Batches": 1,
                                        "Peak Memory Usage": 66336,
                                        "Workers": [
                                            {
                                                "Worker Number": 0,
                                                "Actual Startup Time": 495.713,
                                                "Actual Total Time": 495.716,
                                                "Actual Rows": 158287,
                                                "Actual Loops": 1
                                            },
                                            {
                                                "Worker Number": 1,
                                                "Actual Startup Time": 495.711,
                                                "Actual Total Time": 495.714,
                                                "Actual Rows": 158256,
                                                "Actual Loops": 1
                                            },
                                            {
                                                "Worker Number": 2,
                                                "Actual Startup Time": 495.757,
                                                "Actual Total Time": 495.761,
                                                "Actual Rows": 201700,
                                                "Actual Loops": 1
                                            },
                                            {
                                                "Worker Number": 3,
                                                "Actual Startup Time": 495.726,
                                                "Actual Total Time": 495.73,
                                                "Actual Rows": 151009,
                                                "Actual Loops": 1
                                            },
                                            {
                                                "Worker Number": 4,
                                                "Actual Startup Time": 495.792,
                                                "Actual Total Time": 495.795,
                                                "Actual Rows": 151010,
                                                "Actual Loops": 1
                                            },
                                            {
                                                "Worker Number": 5,
                                                "Actual Startup Time": 495.998,
                                                "Actual Total Time": 496.001,
                                                "Actual Rows": 215540,
                                                "Actual Loops": 1
                                            }
                                        ],
                                        "Plans": [
                                            {
                                                "Node Type": "Hash Join",
                                                "Parent Relationship": "Outer",
                                                "Parallel Aware": true,
                                                "Join Type": "Inner",
                                                "Startup Cost": 50219.81,
                                                "Total Cost": 80613.43,
                                                "Plan Rows": 412551,
                                                "Plan Width": 8,
                                                "Actual Startup Time": 281.877,
                                                "Actual Total Time": 413.155,
                                                "Actual Rows": 182035,
                                                "Actual Loops": 7,
                                                "Output": [
                                                    "t.id",
                                                    "mc.movie_id"
                                                ],
                                                "Inner Unique": true,
                                                "Hash Cond": "(mc.movie_id = t.id)",
                                                "Workers": [
                                                    {
                                                        "Worker Number": 0,
                                                        "Actual Startup Time": 281.944,
                                                        "Actual Total Time": 412.546,
                                                        "Actual Rows": 158287,
                                                        "Actual Loops": 1
                                                    },
                                                    {
                                                        "Worker Number": 1,
                                                        "Actual Startup Time": 281.871,
                                                        "Actual Total Time": 412.657,
                                                        "Actual Rows": 158256,
                                                        "Actual Loops": 1
                                                    },
                                                    {
                                                        "Worker Number": 2,
                                                        "Actual Startup Time": 281.837,
                                                        "Actual Total Time": 413.313,
                                                        "Actual Rows": 201700,
                                                        "Actual Loops": 1
                                                    },
                                                    {
                                                        "Worker Number": 3,
                                                        "Actual Startup Time": 281.845,
                                                        "Actual Total Time": 415.631,
                                                        "Actual Rows": 151009,
                                                        "Actual Loops": 1
                                                    },
                                                    {
                                                        "Worker Number": 4,
                                                        "Actual Startup Time": 281.836,
                                                        "Actual Total Time": 413.275,
                                                        "Actual Rows": 151010,
                                                        "Actual Loops": 1
                                                    },
                                                    {
                                                        "Worker Number": 5,
                                                        "Actual Startup Time": 281.87,
                                                        "Actual Total Time": 410.97,
                                                        "Actual Rows": 215540,
                                                        "Actual Loops": 1
                                                    }
                                                ],
                                                "Plans": [
                                                    {
                                                        "Node Type": "Seq Scan",
                                                        "Parent Relationship": "Outer",
                                                        "Parallel Aware": true,
                                                        "Relation Name": "movie_companies",
                                                        "Schema": "public",
                                                        "Alias": "mc",
                                                        "Startup Cost": 0.0,
                                                        "Total Cost": 29310.68,
                                                        "Plan Rows": 412551,
                                                        "Plan Width": 4,
                                                        "Actual Startup Time": 0.032,
                                                        "Actual Total Time": 53.335,
                                                        "Actual Rows": 182035,
                                                        "Actual Loops": 7,
                                                        "Output": [
                                                            "mc.id",
                                                            "mc.movie_id",
                                                            "mc.company_id",
                                                            "mc.company_type_id",
                                                            "mc.note"
                                                        ],
                                                        "Filter": "(mc.company_type_id = 1)",
                                                        "Rows Removed by Filter": 190698,
                                                        "Workers": [
                                                            {
                                                                "Worker Number": 0,
                                                                "Actual Startup Time": 0.033,
                                                                "Actual Total Time": 55.874,
                                                                "Actual Rows": 158287,
                                                                "Actual Loops": 1
                                                            },
                                                            {
                                                                "Worker Number": 1,
                                                                "Actual Startup Time": 0.035,
                                                                "Actual Total Time": 55.837,
                                                                "Actual Rows": 158256,
                                                                "Actual Loops": 1
                                                            },
                                                            {
                                                                "Worker Number": 2,
                                                                "Actual Startup Time": 0.038,
                                                                "Actual Total Time": 51.768,
                                                                "Actual Rows": 201700,
                                                                "Actual Loops": 1
                                                            },
                                                            {
                                                                "Worker Number": 3,
                                                                "Actual Startup Time": 0.035,
                                                                "Actual Total Time": 55.311,
                                                                "Actual Rows": 151009,
                                                                "Actual Loops": 1
                                                            },
                                                            {
                                                                "Worker Number": 4,
                                                                "Actual Startup Time": 0.04,
                                                                "Actual Total Time": 55.375,
                                                                "Actual Rows": 151010,
                                                                "Actual Loops": 1
                                                            },
                                                            {
                                                                "Worker Number": 5,
                                                                "Actual Startup Time": 0.031,
                                                                "Actual Total Time": 51.806,
                                                                "Actual Rows": 215540,
                                                                "Actual Loops": 1
                                                            }
                                                        ]
                                                    },
                                                    {
                                                        "Node Type": "Hash",
                                                        "Parent Relationship": "Inner",
                                                        "Parallel Aware": true,
                                                        "Startup Cost": 42318.81,
                                                        "Total Cost": 42318.81,
                                                        "Plan Rows": 632080,
                                                        "Plan Width": 4,
                                                        "Actual Startup Time": 277.819,
                                                        "Actual Total Time": 277.82,
                                                        "Actual Rows": 361187,
                                                        "Actual Loops": 7,
                                                        "Output": [
                                                            "t.id"
                                                        ],
                                                        "Hash Buckets": 4194304,
                                                        "Original Hash Buckets": 4194304,
                                                        "Hash Batches": 1,
                                                        "Original Hash Batches": 1,
                                                        "Peak Memory Usage": 131840,
                                                        "Workers": [
                                                            {
                                                                "Worker Number": 0,
                                                                "Actual Startup Time": 281.585,
                                                                "Actual Total Time": 281.586,
                                                                "Actual Rows": 314158,
                                                                "Actual Loops": 1
                                                            },
                                                            {
                                                                "Worker Number": 1,
                                                                "Actual Startup Time": 281.703,
                                                                "Actual Total Time": 281.704,
                                                                "Actual Rows": 310898,
                                                                "Actual Loops": 1
                                                            },
                                                            {
                                                                "Worker Number": 2,
                                                                "Actual Startup Time": 281.631,
                                                                "Actual Total Time": 281.632,
                                                                "Actual Rows": 368219,
                                                                "Actual Loops": 1
                                                            },
                                                            {
                                                                "Worker Number": 3,
                                                                "Actual Startup Time": 281.672,
                                                                "Actual Total Time": 281.673,
                                                                "Actual Rows": 293361,
                                                                "Actual Loops": 1
                                                            },
                                                            {
                                                                "Worker Number": 4,
                                                                "Actual Startup Time": 281.701,
                                                                "Actual Total Time": 281.702,
                                                                "Actual Rows": 295347,
                                                                "Actual Loops": 1
                                                            },
                                                            {
                                                                "Worker Number": 5,
                                                                "Actual Startup Time": 281.495,
                                                                "Actual Total Time": 281.496,
                                                                "Actual Rows": 406258,
                                                                "Actual Loops": 1
                                                            }
                                                        ],
                                                        "Plans": [
                                                            {
                                                                "Node Type": "Seq Scan",
                                                                "Parent Relationship": "Outer",
                                                                "Parallel Aware": true,
                                                                "Relation Name": "title",
                                                                "Schema": "public",
                                                                "Alias": "t",
                                                                "Startup Cost": 0.0,
                                                                "Total Cost": 42318.81,
                                                                "Plan Rows": 632080,
                                                                "Plan Width": 4,
                                                                "Actual Startup Time": 0.064,
                                                                "Actual Total Time": 77.848,
                                                                "Actual Rows": 361187,
                                                                "Actual Loops": 7,
                                                                "Output": [
                                                                    "t.id"
                                                                ],
                                                                "Workers": [
                                                                    {
                                                                        "Worker Number": 0,
                                                                        "Actual Startup Time": 0.078,
                                                                        "Actual Total Time": 81.92,
                                                                        "Actual Rows": 314158,
                                                                        "Actual Loops": 1
                                                                    },
                                                                    {
                                                                        "Worker Number": 1,
                                                                        "Actual Startup Time": 0.079,
                                                                        "Actual Total Time": 83.027,
                                                                        "Actual Rows": 310898,
                                                                        "Actual Loops": 1
                                                                    },
                                                                    {
                                                                        "Worker Number": 2,
                                                                        "Actual Startup Time": 0.074,
                                                                        "Actual Total Time": 77.931,
                                                                        "Actual Rows": 368219,
                                                                        "Actual Loops": 1
                                                                    },
                                                                    {
                                                                        "Worker Number": 3,
                                                                        "Actual Startup Time": 0.064,
                                                                        "Actual Total Time": 81.776,
                                                                        "Actual Rows": 293361,
                                                                        "Actual Loops": 1
                                                                    },
                                                                    {
                                                                        "Worker Number": 4,
                                                                        "Actual Startup Time": 0.064,
                                                                        "Actual Total Time": 81.776,
                                                                        "Actual Rows": 295347,
                                                                        "Actual Loops": 1
                                                                    },
                                                                    {
                                                                        "Worker Number": 5,
                                                                        "Actual Startup Time": 0.074,
                                                                        "Actual Total Time": 77.913,
                                                                        "Actual Rows": 406258,
                                                                        "Actual Loops": 1
                                                                    }
                                                                ]
                                                            }
                                                        ]
                                                    }
                                                ]
                                            }
                                        ]
                                    }
                                ]
                            }
                        ]
                    }
                ]
            }
        ]
    },
    "Planning Time": 0.906,
    "Triggers": [],
    "Execution Time": 3575.37
}