[
  {
    "Plan": {
      "Node Type": "Aggregate",
      "Strategy": "Plain",
      "Partial Mode": "Finalize",
      "Parallel Aware": false,
      "Startup Cost": 393290.54,
      "Total Cost": 393290.55,
      "Plan Rows": 1,
      "Plan Width": 8,
      "Actual Startup Time": 1717.673,
      "Actual Total Time": 1752.122,
      "Actual Rows": 1,
      "Actual Loops": 1,
      "Plans": [
        {
          "Node Type": "Gather",
          "Parent Relationship": "Outer",
          "Parallel Aware": false,
          "Startup Cost": 393290.32,
          "Total Cost": 393290.53,
          "Plan Rows": 2,
          "Plan Width": 8,
          "Actual Startup Time": 1703.942,
          "Actual Total Time": 1752.113,
          "Actual Rows": 3,
          "Actual Loops": 1,
          "Workers Planned": 2,
          "Workers Launched": 2,
          "Single Copy": false,
          "Plans": [
            {
              "Node Type": "Aggregate",
              "Strategy": "Plain",
              "Partial Mode": "Partial",
              "Parent Relationship": "Outer",
              "Parallel Aware": false,
              "Startup Cost": 392290.32,
              "Total Cost": 392290.33,
              "Plan Rows": 1,
              "Plan Width": 8,
              "Actual Startup Time": 1685.814,
              "Actual Total Time": 1685.82,
              "Actual Rows": 1,
              "Actual Loops": 3,
              "Plans": [
                {
                  "Node Type": "Hash Join",
                  "Parent Relationship": "Outer",
                  "Parallel Aware": true,
                  "Join Type": "Inner",
                  "Startup Cost": 374248.14,
                  "Total Cost": 390969.89,
                  "Plan Rows": 528175,
                  "Plan Width": 0,
                  "Actual Startup Time": 1427.271,
                  "Actual Total Time": 1647.464,
                  "Actual Rows": 990816,
                  "Actual Loops": 3,
                  "Inner Unique": false,
                  "Hash Cond": "(mi_idx.movie_id = t.id)",
                  "Plans": [
                    {
                      "Node Type": "Seq Scan",
                      "Parent Relationship": "Outer",
                      "Parallel Aware": true,
                      "Relation Name": "movie_info_idx",
                      "Alias": "mi_idx",
                      "Startup Cost": 0.0,
                      "Total Cost": 13685.15,
                      "Plan Rows": 575015,
                      "Plan Width": 4,
                      "Actual Startup Time": 0.027,
                      "Actual Total Time": 35.468,
                      "Actual Rows": 460012,
                      "Actual Loops": 3
                    },
                    {
                      "Node Type": "Hash",
                      "Parent Relationship": "Inner",
                      "Parallel Aware": true,
                      "Startup Cost": 369409.93,
                      "Total Cost": 369409.93,
                      "Plan Rows": 387057,
                      "Plan Width": 8,
                      "Actual Startup Time": 1412.291,
                      "Actual Total Time": 1412.295,
                      "Actual Rows": 872326,
                      "Actual Loops": 3,
                      "Hash Buckets": 4194304,
                      "Original Hash Buckets": 4194304,
                      "Hash Batches": 1,
                      "Original Hash Batches": 1,
                      "Peak Memory Usage": 135168,
                      "Plans": [
                        {
                          "Node Type": "Hash Join",
                          "Parent Relationship": "Outer",
                          "Parallel Aware": true,
                          "Join Type": "Inner",
                          "Startup Cost": 109039.38,
                          "Total Cost": 369409.93,
                          "Plan Rows": 387057,
                          "Plan Width": 8,
                          "Actual Startup Time": 510.203,
                          "Actual Total Time": 1106.95,
                          "Actual Rows": 872326,
                          "Actual Loops": 3,
                          "Inner Unique": true,
                          "Hash Cond": "(ci.movie_id = t.id)",
                          "Plans": [
                            {
                              "Node Type": "Bitmap Heap Scan",
                              "Parent Relationship": "Outer",
                              "Parallel Aware": true,
                              "Relation Name": "cast_info",
                              "Alias": "ci",
                              "Startup Cost": 58819.73,
                              "Total Cost": 318174.26,
                              "Plan Rows": 387057,
                              "Plan Width": 4,
                              "Actual Startup Time": 101.576,
                              "Actual Total Time": 259.707,
                              "Actual Rows": 872326,
                              "Actual Loops": 3,
                              "Recheck Cond": "(person_id < 262196)",
                              "Rows Removed by Index Recheck": 0,
                              "Filter": "(role_id < 10)",
                              "Rows Removed by Filter": 38812,
                              "Exact Heap Blocks": 10385,
                              "Lossy Heap Blocks": 0,
                              "Plans": [
                                {
                                  "Node Type": "Bitmap Index Scan",
                                  "Parent Relationship": "Outer",
                                  "Parallel Aware": false,
                                  "Index Name": "person_id_cast_info",
                                  "Startup Cost": 0.0,
                                  "Total Cost": 58239.15,
                                  "Plan Rows": 2667011,
                                  "Plan Width": 0,
                                  "Actual Startup Time": 96.848,
                                  "Actual Total Time": 96.849,
                                  "Actual Rows": 2733415,
                                  "Actual Loops": 1,
                                  "Index Cond": "(person_id < 262196)"
                                }
                              ]
                            },
                            {
                              "Node Type": "Hash",
                              "Parent Relationship": "Inner",
                              "Parallel Aware": true,
                              "Startup Cost": 42318.73,
                              "Total Cost": 42318.73,
                              "Plan Rows": 632073,
                              "Plan Width": 4,
                              "Actual Startup Time": 400.789,
                              "Actual Total Time": 400.79,
                              "Actual Rows": 842771,
                              "Actual Loops": 3,
                              "Hash Buckets": 4194304,
                              "Original Hash Buckets": 4194304,
                              "Hash Batches": 1,
                              "Original Hash Batches": 1,
                              "Peak Memory Usage": 131712,
                              "Plans": [
                                {
                                  "Node Type": "Seq Scan",
                                  "Parent Relationship": "Outer",
                                  "Parallel Aware": true,
                                  "Relation Name": "title",
                                  "Alias": "t",
                                  "Startup Cost": 0.0,
                                  "Total Cost": 42318.73,
                                  "Plan Rows": 632073,
                                  "Plan Width": 4,
                                  "Actual Startup Time": 0.043,
                                  "Actual Total Time": 115.646,
                                  "Actual Rows": 842771,
                                  "Actual Loops": 3
                                }
                              ]
                            }
                          ]
                        }
                      ]
                    }
                  ]
                }
              ]
            }
          ]
        }
      ]
    },
    "Planning Time": 1.356,
    "Triggers": [],
    "Execution Time": 1752.228
  }
]