{
  "Plan": {
    "Node Type": "Aggregate",
    "Strategy": "Plain",
    "Partial Mode": "Finalize",
    "Parallel Aware": false,
    "Startup Cost": 168580.2,
    "Total Cost": 168580.21,
    "Plan Rows": 1,
    "Plan Width": 8,
    "Actual Startup Time": 737.497,
    "Actual Total Time": 757.453,
    "Actual Rows": 1,
    "Actual Loops": 1,
    "Plans": [
      {
        "Node Type": "Gather",
        "Parent Relationship": "Outer",
        "Parallel Aware": false,
        "Startup Cost": 168580.09,
        "Total Cost": 168580.2,
        "Plan Rows": 1,
        "Plan Width": 8,
        "Actual Startup Time": 733.608,
        "Actual Total Time": 757.443,
        "Actual Rows": 2,
        "Actual Loops": 1,
        "Workers Planned": 1,
        "Workers Launched": 1,
        "Single Copy": false,
        "Plans": [
          {
            "Node Type": "Aggregate",
            "Strategy": "Plain",
            "Partial Mode": "Partial",
            "Parent Relationship": "Outer",
            "Parallel Aware": false,
            "Startup Cost": 167580.09,
            "Total Cost": 167580.1,
            "Plan Rows": 1,
            "Plan Width": 8,
            "Actual Startup Time": 727.509,
            "Actual Total Time": 727.515,
            "Actual Rows": 1,
            "Actual Loops": 2,
            "Plans": [
              {
                "Node Type": "Hash Join",
                "Parent Relationship": "Outer",
                "Parallel Aware": true,
                "Join Type": "Inner",
                "Startup Cost": 110080.82,
                "Total Cost": 167234.27,
                "Plan Rows": 138327,
                "Plan Width": 0,
                "Actual Startup Time": 523.603,
                "Actual Total Time": 726.052,
                "Actual Rows": 33000,
                "Actual Loops": 2,
                "Inner Unique": false,
                "Hash Cond": "(ci.movie_id = t.id)",
                "Plans": [
                  {
                    "Node Type": "Index Scan",
                    "Parent Relationship": "Outer",
                    "Parallel Aware": true,
                    "Scan Direction": "Forward",
                    "Index Name": "role_id_cast_info",
                    "Relation Name": "cast_info",
                    "Alias": "ci",
                    "Startup Cost": 0.56,
                    "Total Cost": 52560.36,
                    "Plan Rows": 1007991,
                    "Plan Width": 4,
                    "Actual Startup Time": 0.137,
                    "Actual Total Time": 109.893,
                    "Actual Rows": 851772,
                    "Actual Loops": 2,
                    "Index Cond": "(role_id = 8)",
                    "Rows Removed by Index Recheck": 0
                  },
                  {
                    "Node Type": "Hash",
                    "Parent Relationship": "Inner",
                    "Parallel Aware": true,
                    "Startup Cost": 107529.09,
                    "Total Cost": 107529.09,
                    "Plan Rows": 204093,
                    "Plan Width": 8,
                    "Actual Startup Time": 517.727,
                    "Actual Total Time": 517.731,
                    "Actual Rows": 37072,
                    "Actual Loops": 2,
                    "Hash Buckets": 524288,
                    "Original Hash Buckets": 524288,
                    "Hash Batches": 1,
                    "Original Hash Batches": 1,
                    "Peak Memory Usage": 7040,
                    "Plans": [
                      {
                        "Node Type": "Hash Join",
                        "Parent Relationship": "Outer",
                        "Parallel Aware": true,
                        "Join Type": "Inner",
                        "Startup Cost": 77996.83,
                        "Total Cost": 107529.09,
                        "Plan Rows": 204093,
                        "Plan Width": 8,
                        "Actual Startup Time": 390.513,
                        "Actual Total Time": 509.492,
                        "Actual Rows": 37072,
                        "Actual Loops": 2,
                        "Inner Unique": true,
                        "Hash Cond": "(mk.movie_id = t.id)",
                        "Plans": [
                          {
                            "Node Type": "Bitmap Heap Scan",
                            "Parent Relationship": "Outer",
                            "Parallel Aware": true,
                            "Relation Name": "movie_keyword",
                            "Alias": "mk",
                            "Startup Cost": 12107.97,
                            "Total Cost": 40758.87,
                            "Plan Rows": 335752,
                            "Plan Width": 4,
                            "Actual Startup Time": 31.201,
                            "Actual Total Time": 97.302,
                            "Actual Rows": 280018,
                            "Actual Loops": 2,
                            "Recheck Cond": "(keyword_id > 32850)",
                            "Rows Removed by Index Recheck": 0,
                            "Exact Heap Blocks": 13181,
                            "Lossy Heap Blocks": 0,
                            "Plans": [
                              {
                                "Node Type": "Bitmap Index Scan",
                                "Parent Relationship": "Outer",
                                "Parallel Aware": false,
                                "Index Name": "keyword_id_movie_keyword",
                                "Startup Cost": 0.0,
                                "Total Cost": 11965.27,
                                "Plan Rows": 570779,
                                "Plan Width": 0,
                                "Actual Startup Time": 27.773,
                                "Actual Total Time": 27.774,
                                "Actual Rows": 560037,
                                "Actual Loops": 1,
                                "Index Cond": "(keyword_id > 32850)"
                              }
                            ]
                          },
                          {
                            "Node Type": "Hash",
                            "Parent Relationship": "Inner",
                            "Parallel Aware": true,
                            "Startup Cost": 54588.39,
                            "Total Cost": 54588.39,
                            "Plan Rows": 904038,
                            "Plan Width": 4,
                            "Actual Startup Time": 348.486,
                            "Actual Total Time": 348.487,
                            "Actual Rows": 771632,
                            "Actual Loops": 2,
                            "Hash Buckets": 2097152,
                            "Original Hash Buckets": 2097152,
                            "Hash Batches": 1,
                            "Original Hash Batches": 1,
                            "Peak Memory Usage": 76768,
                            "Plans": [
                              {
                                "Node Type": "Seq Scan",
                                "Parent Relationship": "Outer",
                                "Parallel Aware": true,
                                "Relation Name": "title",
                                "Alias": "t",
                                "Startup Cost": 0.0,
                                "Total Cost": 54588.39,
                                "Plan Rows": 904038,
                                "Plan Width": 4,
                                "Actual Startup Time": 0.038,
                                "Actual Total Time": 156.649,
                                "Actual Rows": 771632,
                                "Actual Loops": 2,
                                "Filter": "(kind_id = 7)",
                                "Rows Removed by Filter": 492524
                              }
                            ]
                          }
                        ]
                      }
                    ]
                  }
                ]
              }
            ]
          }
        ]
      }
    ]
  },
  "Planning Time": 1.032,
  "Triggers": [],
  "Execution Time": 757.586
}