[
  {
    "Plan": {
      "Node Type": "Aggregate",
      "Strategy": "Plain",
      "Partial Mode": "Finalize",
      "Parallel Aware": false,
      "Startup Cost": 337184.56,
      "Total Cost": 337184.57,
      "Plan Rows": 1,
      "Plan Width": 8,
      "Actual Startup Time": 681.048,
      "Actual Total Time": 737.274,
      "Actual Rows": 1,
      "Actual Loops": 1,
      "Plans": [
        {
          "Node Type": "Gather",
          "Parent Relationship": "Outer",
          "Parallel Aware": false,
          "Startup Cost": 337183.93,
          "Total Cost": 337184.54,
          "Plan Rows": 6,
          "Plan Width": 8,
          "Actual Startup Time": 680.911,
          "Actual Total Time": 737.264,
          "Actual Rows": 7,
          "Actual Loops": 1,
          "Workers Planned": 6,
          "Workers Launched": 6,
          "Single Copy": false,
          "Plans": [
            {
              "Node Type": "Aggregate",
              "Strategy": "Plain",
              "Partial Mode": "Partial",
              "Parent Relationship": "Outer",
              "Parallel Aware": false,
              "Startup Cost": 336183.93,
              "Total Cost": 336183.94,
              "Plan Rows": 1,
              "Plan Width": 8,
              "Actual Startup Time": 673.046,
              "Actual Total Time": 673.047,
              "Actual Rows": 1,
              "Actual Loops": 7,
              "Plans": [
                {
                  "Node Type": "Seq Scan",
                  "Parent Relationship": "Outer",
                  "Parallel Aware": true,
                  "Relation Name": "cast_info",
                  "Alias": "ci",
                  "Startup Cost": 0.0,
                  "Total Cost": 328162.03,
                  "Plan Rows": 3208763,
                  "Plan Width": 0,
                  "Actual Startup Time": 177.912,
                  "Actual Total Time": 566.604,
                  "Actual Rows": 2745716,
                  "Actual Loops": 7,
                  "Filter": "(person_id > 1682956)",
                  "Rows Removed by Filter": 2432047
                }
              ]
            }
          ]
        }
      ]
    },
    "Planning Time": 0.181,
    "Triggers": [],
    "Execution Time": 737.347
  }
]