{
  "Plan": {
    "Node Type": "Aggregate",
    "Strategy": "Plain",
    "Partial Mode": "Finalize",
    "Parallel Aware": false,
    "Startup Cost": 115695.99,
    "Total Cost": 115696.0,
    "Plan Rows": 1,
    "Plan Width": 8,
    "Actual Startup Time": 768.217,
    "Actual Total Time": 790.024,
    "Actual Rows": 1,
    "Actual Loops": 1,
    "Plans": [
      {
        "Node Type": "Gather",
        "Parent Relationship": "Outer",
        "Parallel Aware": false,
        "Startup Cost": 115695.87,
        "Total Cost": 115695.98,
        "Plan Rows": 1,
        "Plan Width": 8,
        "Actual Startup Time": 761.468,
        "Actual Total Time": 790.006,
        "Actual Rows": 2,
        "Actual Loops": 1,
        "Workers Planned": 1,
        "Workers Launched": 1,
        "Single Copy": false,
        "Plans": [
          {
            "Node Type": "Aggregate",
            "Strategy": "Plain",
            "Partial Mode": "Partial",
            "Parent Relationship": "Outer",
            "Parallel Aware": false,
            "Startup Cost": 114695.87,
            "Total Cost": 114695.88,
            "Plan Rows": 1,
            "Plan Width": 8,
            "Actual Startup Time": 749.663,
            "Actual Total Time": 749.667,
            "Actual Rows": 1,
            "Actual Loops": 2,
            "Plans": [
              {
                "Node Type": "Hash Join",
                "Parent Relationship": "Outer",
                "Parallel Aware": true,
                "Join Type": "Inner",
                "Startup Cost": 83420.35,
                "Total Cost": 113728.28,
                "Plan Rows": 387037,
                "Plan Width": 0,
                "Actual Startup Time": 580.732,
                "Actual Total Time": 735.466,
                "Actual Rows": 322356,
                "Actual Loops": 2,
                "Inner Unique": true,
                "Hash Cond": "(mk.movie_id = t.id)",
                "Plans": [
                  {
                    "Node Type": "Bitmap Heap Scan",
                    "Parent Relationship": "Outer",
                    "Parallel Aware": true,
                    "Relation Name": "movie_keyword",
                    "Alias": "mk",
                    "Startup Cost": 13959.65,
                    "Total Cost": 43251.61,
                    "Plan Rows": 387037,
                    "Plan Width": 4,
                    "Actual Startup Time": 36.953,
                    "Actual Total Time": 110.951,
                    "Actual Rows": 322356,
                    "Actual Loops": 2,
                    "Recheck Cond": "(keyword_id > 29028)",
                    "Rows Removed by Index Recheck": 0,
                    "Exact Heap Blocks": 13167,
                    "Lossy Heap Blocks": 0,
                    "Plans": [
                      {
                        "Node Type": "Bitmap Index Scan",
                        "Parent Relationship": "Outer",
                        "Parallel Aware": false,
                        "Index Name": "keyword_id_movie_keyword",
                        "Startup Cost": 0.0,
                        "Total Cost": 13795.16,
                        "Plan Rows": 657963,
                        "Plan Width": 0,
                        "Actual Startup Time": 33.457,
                        "Actual Total Time": 33.457,
                        "Actual Rows": 644711,
                        "Actual Loops": 1,
                        "Index Cond": "(keyword_id > 29028)"
                      }
                    ]
                  },
                  {
                    "Node Type": "Hash",
                    "Parent Relationship": "Inner",
                    "Parallel Aware": true,
                    "Startup Cost": 50870.31,
                    "Total Cost": 50870.31,
                    "Plan Rows": 1487231,
                    "Plan Width": 4,
                    "Actual Startup Time": 522.013,
                    "Actual Total Time": 522.015,
                    "Actual Rows": 1264156,
                    "Actual Loops": 2,
                    "Hash Buckets": 4194304,
                    "Original Hash Buckets": 4194304,
                    "Hash Batches": 1,
                    "Original Hash Batches": 1,
                    "Peak Memory Usage": 131712,
                    "Plans": [
                      {
                        "Node Type": "Seq Scan",
                        "Parent Relationship": "Outer",
                        "Parallel Aware": true,
                        "Relation Name": "title",
                        "Alias": "t",
                        "Startup Cost": 0.0,
                        "Total Cost": 50870.31,
                        "Plan Rows": 1487231,
                        "Plan Width": 4,
                        "Actual Startup Time": 0.019,
                        "Actual Total Time": 152.934,
                        "Actual Rows": 1264156,
                        "Actual Loops": 2
                      }
                    ]
                  }
                ]
              }
            ]
          }
        ]
      }
    ]
  },
  "Planning Time": 0.668,
  "Triggers": [],
  "Execution Time": 790.114
}