[
  {
    "Plan": {
      "Node Type": "Aggregate",
      "Strategy": "Plain",
      "Partial Mode": "Finalize",
      "Parallel Aware": false,
      "Startup Cost": 26708.0,
      "Total Cost": 26708.01,
      "Plan Rows": 1,
      "Plan Width": 8,
      "Actual Startup Time": 38.134,
      "Actual Total Time": 42.224,
      "Actual Rows": 1,
      "Actual Loops": 1,
      "Plans": [
        {
          "Node Type": "Gather",
          "Parent Relationship": "Outer",
          "Parallel Aware": false,
          "Startup Cost": 26707.68,
          "Total Cost": 26707.99,
          "Plan Rows": 3,
          "Plan Width": 8,
          "Actual Startup Time": 37.996,
          "Actual Total Time": 42.216,
          "Actual Rows": 4,
          "Actual Loops": 1,
          "Workers Planned": 3,
          "Workers Launched": 3,
          "Single Copy": false,
          "Plans": [
            {
              "Node Type": "Aggregate",
              "Strategy": "Plain",
              "Partial Mode": "Partial",
              "Parent Relationship": "Outer",
              "Parallel Aware": false,
              "Startup Cost": 25707.68,
              "Total Cost": 25707.69,
              "Plan Rows": 1,
              "Plan Width": 8,
              "Actual Startup Time": 34.58,
              "Actual Total Time": 34.581,
              "Actual Rows": 1,
              "Actual Loops": 4,
              "Plans": [
                {
                  "Node Type": "Bitmap Heap Scan",
                  "Parent Relationship": "Outer",
                  "Parallel Aware": true,
                  "Relation Name": "movie_companies",
                  "Alias": "mc",
                  "Startup Cost": 5654.93,
                  "Total Cost": 25497.22,
                  "Plan Rows": 84183,
                  "Plan Width": 0,
                  "Actual Startup Time": 11.38,
                  "Actual Total Time": 31.101,
                  "Actual Rows": 64103,
                  "Actual Loops": 4,
                  "Recheck Cond": "(company_id > 100069)",
                  "Rows Removed by Index Recheck": 0,
                  "Exact Heap Blocks": 1919,
                  "Lossy Heap Blocks": 0,
                  "Plans": [
                    {
                      "Node Type": "Bitmap Index Scan",
                      "Parent Relationship": "Outer",
                      "Parallel Aware": false,
                      "Index Name": "company_id_movie_companies",
                      "Startup Cost": 0.0,
                      "Total Cost": 5589.69,
                      "Plan Rows": 260968,
                      "Plan Width": 0,
                      "Actual Startup Time": 13.699,
                      "Actual Total Time": 13.699,
                      "Actual Rows": 256412,
                      "Actual Loops": 1,
                      "Index Cond": "(company_id > 100069)"
                    }
                  ]
                }
              ]
            }
          ]
        }
      ]
    },
    "Planning Time": 0.088,
    "Triggers": [],
    "Execution Time": 42.274
  }
]