[
  {
    "Plan": {
      "Node Type": "Aggregate",
      "Strategy": "Plain",
      "Partial Mode": "Finalize",
      "Parallel Aware": false,
      "Startup Cost": 26637.05,
      "Total Cost": 26637.06,
      "Plan Rows": 1,
      "Plan Width": 8,
      "Actual Startup Time": 69.223,
      "Actual Total Time": 73.261,
      "Actual Rows": 1,
      "Actual Loops": 1,
      "Plans": [
        {
          "Node Type": "Gather",
          "Parent Relationship": "Outer",
          "Parallel Aware": false,
          "Startup Cost": 26636.73,
          "Total Cost": 26637.04,
          "Plan Rows": 3,
          "Plan Width": 8,
          "Actual Startup Time": 69.097,
          "Actual Total Time": 73.252,
          "Actual Rows": 4,
          "Actual Loops": 1,
          "Workers Planned": 3,
          "Workers Launched": 3,
          "Single Copy": false,
          "Plans": [
            {
              "Node Type": "Aggregate",
              "Strategy": "Plain",
              "Partial Mode": "Partial",
              "Parent Relationship": "Outer",
              "Parallel Aware": false,
              "Startup Cost": 25636.73,
              "Total Cost": 25636.74,
              "Plan Rows": 1,
              "Plan Width": 8,
              "Actual Startup Time": 63.177,
              "Actual Total Time": 63.178,
              "Actual Rows": 1,
              "Actual Loops": 4,
              "Plans": [
                {
                  "Node Type": "Bitmap Heap Scan",
                  "Parent Relationship": "Outer",
                  "Parallel Aware": true,
                  "Relation Name": "movie_companies",
                  "Alias": "mc",
                  "Startup Cost": 5597.42,
                  "Total Cost": 25428.51,
                  "Plan Rows": 83288,
                  "Plan Width": 0,
                  "Actual Startup Time": 25.071,
                  "Actual Total Time": 57.174,
                  "Actual Rows": 64103,
                  "Actual Loops": 4,
                  "Recheck Cond": "(company_id > 100069)",
                  "Rows Removed by Index Recheck": 0,
                  "Exact Heap Blocks": 2201,
                  "Lossy Heap Blocks": 0,
                  "Plans": [
                    {
                      "Node Type": "Bitmap Index Scan",
                      "Parent Relationship": "Outer",
                      "Parallel Aware": false,
                      "Index Name": "company_id_movie_companies",
                      "Startup Cost": 0.0,
                      "Total Cost": 5532.87,
                      "Plan Rows": 258192,
                      "Plan Width": 0,
                      "Actual Startup Time": 28.959,
                      "Actual Total Time": 28.96,
                      "Actual Rows": 256412,
                      "Actual Loops": 1,
                      "Index Cond": "(company_id > 100069)"
                    }
                  ]
                }
              ]
            }
          ]
        }
      ]
    },
    "Planning Time": 0.19,
    "Triggers": [],
    "Execution Time": 73.334
  }
]