{
  "Plan": {
    "Node Type": "Aggregate",
    "Strategy": "Plain",
    "Partial Mode": "Finalize",
    "Parallel Aware": false,
    "Startup Cost": 351770.76,
    "Total Cost": 351770.77,
    "Plan Rows": 1,
    "Plan Width": 8,
    "Actual Startup Time": 1384.926,
    "Actual Total Time": 1427.442,
    "Actual Rows": 1,
    "Actual Loops": 1,
    "Plans": [
      {
        "Node Type": "Gather",
        "Parent Relationship": "Outer",
        "Parallel Aware": false,
        "Startup Cost": 351770.65,
        "Total Cost": 351770.76,
        "Plan Rows": 1,
        "Plan Width": 8,
        "Actual Startup Time": 1384.628,
        "Actual Total Time": 1427.435,
        "Actual Rows": 2,
        "Actual Loops": 1,
        "Workers Planned": 1,
        "Workers Launched": 1,
        "Single Copy": false,
        "Plans": [
          {
            "Node Type": "Aggregate",
            "Strategy": "Plain",
            "Partial Mode": "Partial",
            "Parent Relationship": "Outer",
            "Parallel Aware": false,
            "Startup Cost": 350770.65,
            "Total Cost": 350770.66,
            "Plan Rows": 1,
            "Plan Width": 8,
            "Actual Startup Time": 1379.34,
            "Actual Total Time": 1379.342,
            "Actual Rows": 1,
            "Actual Loops": 2,
            "Plans": [
              {
                "Node Type": "Hash Join",
                "Parent Relationship": "Outer",
                "Parallel Aware": true,
                "Join Type": "Inner",
                "Startup Cost": 59573.36,
                "Total Cost": 349521.18,
                "Plan Rows": 499785,
                "Plan Width": 0,
                "Actual Startup Time": 143.117,
                "Actual Total Time": 1371.295,
                "Actual Rows": 199119,
                "Actual Loops": 2,
                "Inner Unique": true,
                "Hash Cond": "(mi.movie_id = t.id)",
                "Plans": [
                  {
                    "Node Type": "Seq Scan",
                    "Parent Relationship": "Outer",
                    "Parallel Aware": true,
                    "Relation Name": "movie_info",
                    "Alias": "mi",
                    "Startup Cost": 0.0,
                    "Total Cost": 270696.42,
                    "Plan Rows": 7333858,
                    "Plan Width": 4,
                    "Actual Startup Time": 0.011,
                    "Actual Total Time": 715.322,
                    "Actual Rows": 6300935,
                    "Actual Loops": 2,
                    "Filter": "(info_type_id < 17)",
                    "Rows Removed by Filter": 1116925
                  },
                  {
                    "Node Type": "Hash",
                    "Parent Relationship": "Inner",
                    "Parallel Aware": true,
                    "Startup Cost": 58306.47,
                    "Total Cost": 58306.47,
                    "Plan Rows": 101351,
                    "Plan Width": 4,
                    "Actual Startup Time": 140.212,
                    "Actual Total Time": 140.213,
                    "Actual Rows": 39546,
                    "Actual Loops": 2,
                    "Hash Buckets": 262144,
                    "Original Hash Buckets": 262144,
                    "Hash Batches": 1,
                    "Original Hash Batches": 1,
                    "Peak Memory Usage": 5184,
                    "Plans": [
                      {
                        "Node Type": "Seq Scan",
                        "Parent Relationship": "Outer",
                        "Parallel Aware": true,
                        "Relation Name": "title",
                        "Alias": "t",
                        "Startup Cost": 0.0,
                        "Total Cost": 58306.47,
                        "Plan Rows": 101351,
                        "Plan Width": 4,
                        "Actual Startup Time": 0.029,
                        "Actual Total Time": 128.74,
                        "Actual Rows": 39546,
                        "Actual Loops": 2,
                        "Filter": "((production_year < 1965) AND (kind_id = 7))",
                        "Rows Removed by Filter": 1224610
                      }
                    ]
                  }
                ]
              }
            ]
          }
        ]
      }
    ]
  },
  "Planning Time": 0.231,
  "Triggers": [],
  "Execution Time": 1427.49
}