{
  "Plan": {
    "Node Type": "Aggregate",
    "Strategy": "Plain",
    "Partial Mode": "Finalize",
    "Parallel Aware": false,
    "Startup Cost": 241964.35,
    "Total Cost": 241964.36,
    "Plan Rows": 1,
    "Plan Width": 8,
    "Actual Startup Time": 1667.253,
    "Actual Total Time": 1686.112,
    "Actual Rows": 1,
    "Actual Loops": 1,
    "Plans": [
      {
        "Node Type": "Gather",
        "Parent Relationship": "Outer",
        "Parallel Aware": false,
        "Startup Cost": 241964.24,
        "Total Cost": 241964.35,
        "Plan Rows": 1,
        "Plan Width": 8,
        "Actual Startup Time": 1663.634,
        "Actual Total Time": 1686.106,
        "Actual Rows": 2,
        "Actual Loops": 1,
        "Workers Planned": 1,
        "Workers Launched": 1,
        "Single Copy": false,
        "Plans": [
          {
            "Node Type": "Aggregate",
            "Strategy": "Plain",
            "Partial Mode": "Partial",
            "Parent Relationship": "Outer",
            "Parallel Aware": false,
            "Startup Cost": 240964.24,
            "Total Cost": 240964.25,
            "Plan Rows": 1,
            "Plan Width": 8,
            "Actual Startup Time": 1659.054,
            "Actual Total Time": 1659.059,
            "Actual Rows": 1,
            "Actual Loops": 2,
            "Plans": [
              {
                "Node Type": "Hash Join",
                "Parent Relationship": "Outer",
                "Parallel Aware": true,
                "Join Type": "Inner",
                "Startup Cost": 100806.5,
                "Total Cost": 240767.78,
                "Plan Rows": 78583,
                "Plan Width": 0,
                "Actual Startup Time": 588.605,
                "Actual Total Time": 1655.406,
                "Actual Rows": 72792,
                "Actual Loops": 2,
                "Inner Unique": false,
                "Hash Cond": "(t.id = mc.movie_id)",
                "Plans": [
                  {
                    "Node Type": "Hash Join",
                    "Parent Relationship": "Outer",
                    "Parallel Aware": true,
                    "Join Type": "Inner",
                    "Startup Cost": 69461.26,
                    "Total Cost": 202317.27,
                    "Plan Rows": 1062884,
                    "Plan Width": 8,
                    "Actual Startup Time": 503.603,
                    "Actual Total Time": 1416.582,
                    "Actual Rows": 1280060,
                    "Actual Loops": 2,
                    "Inner Unique": true,
                    "Hash Cond": "(ci.movie_id = t.id)",
                    "Plans": [
                      {
                        "Node Type": "Index Scan",
                        "Parent Relationship": "Outer",
                        "Parallel Aware": true,
                        "Scan Direction": "Forward",
                        "Index Name": "role_id_cast_info",
                        "Relation Name": "cast_info",
                        "Alias": "ci",
                        "Startup Cost": 0.56,
                        "Total Cost": 130066.5,
                        "Plan Rows": 1062884,
                        "Plan Width": 4,
                        "Actual Startup Time": 0.153,
                        "Actual Total Time": 322.947,
                        "Actual Rows": 1280060,
                        "Actual Loops": 2,
                        "Index Cond": "(role_id = 3)",
                        "Rows Removed by Index Recheck": 0,
                        "Filter": "(person_id > 2018474)",
                        "Rows Removed by Filter": 723958
                      },
                      {
                        "Node Type": "Hash",
                        "Parent Relationship": "Inner",
                        "Parallel Aware": true,
                        "Startup Cost": 50870.31,
                        "Total Cost": 50870.31,
                        "Plan Rows": 1487231,
                        "Plan Width": 4,
                        "Actual Startup Time": 491.755,
                        "Actual Total Time": 491.756,
                        "Actual Rows": 1264156,
                        "Actual Loops": 2,
                        "Hash Buckets": 4194304,
                        "Original Hash Buckets": 4194304,
                        "Hash Batches": 1,
                        "Original Hash Batches": 1,
                        "Peak Memory Usage": 131712,
                        "Plans": [
                          {
                            "Node Type": "Seq Scan",
                            "Parent Relationship": "Outer",
                            "Parallel Aware": true,
                            "Relation Name": "title",
                            "Alias": "t",
                            "Startup Cost": 0.0,
                            "Total Cost": 50870.31,
                            "Plan Rows": 1487231,
                            "Plan Width": 4,
                            "Actual Startup Time": 0.017,
                            "Actual Total Time": 145.336,
                            "Actual Rows": 1264156,
                            "Actual Loops": 2
                          }
                        ]
                      }
                    ]
                  },
                  {
                    "Node Type": "Hash",
                    "Parent Relationship": "Inner",
                    "Parallel Aware": true,
                    "Startup Cost": 29970.78,
                    "Total Cost": 29970.78,
                    "Plan Rows": 109956,
                    "Plan Width": 4,
                    "Actual Startup Time": 83.286,
                    "Actual Total Time": 83.288,
                    "Actual Rows": 41110,
                    "Actual Loops": 2,
                    "Hash Buckets": 262144,
                    "Original Hash Buckets": 262144,
                    "Hash Batches": 1,
                    "Original Hash Batches": 1,
                    "Peak Memory Usage": 5280,
                    "Plans": [
                      {
                        "Node Type": "Bitmap Heap Scan",
                        "Parent Relationship": "Outer",
                        "Parallel Aware": true,
                        "Relation Name": "movie_companies",
                        "Alias": "mc",
                        "Startup Cost": 7932.34,
                        "Total Cost": 29970.78,
                        "Plan Rows": 109956,
                        "Plan Width": 4,
                        "Actual Startup Time": 59.483,
                        "Actual Total Time": 74.545,
                        "Actual Rows": 41110,
                        "Actual Loops": 2,
                        "Recheck Cond": "(company_id < 184)",
                        "Rows Removed by Index Recheck": 0,
                        "Filter": "(company_type_id = 2)",
                        "Rows Removed by Filter": 139803,
                        "Exact Heap Blocks": 13916,
                        "Lossy Heap Blocks": 0,
                        "Plans": [
                          {
                            "Node Type": "Bitmap Index Scan",
                            "Parent Relationship": "Outer",
                            "Parallel Aware": false,
                            "Index Name": "company_id_movie_companies",
                            "Startup Cost": 0.0,
                            "Total Cost": 7885.61,
                            "Plan Rows": 368157,
                            "Plan Width": 0,
                            "Actual Startup Time": 23.938,
                            "Actual Total Time": 23.938,
                            "Actual Rows": 361826,
                            "Actual Loops": 1,
                            "Index Cond": "(company_id < 184)"
                          }
                        ]
                      }
                    ]
                  }
                ]
              }
            ]
          }
        ]
      }
    ]
  },
  "Planning Time": 0.521,
  "Triggers": [],
  "Execution Time": 1686.184
}