[
  {
    "Plan": {
      "Node Type": "Aggregate",
      "Strategy": "Plain",
      "Partial Mode": "Finalize",
      "Parallel Aware": false,
      "Startup Cost": 433834.67,
      "Total Cost": 433834.68,
      "Plan Rows": 1,
      "Plan Width": 8,
      "Actual Startup Time": 1569.082,
      "Actual Total Time": 1634.744,
      "Actual Rows": 1,
      "Actual Loops": 1,
      "Plans": [
        {
          "Node Type": "Gather",
          "Parent Relationship": "Outer",
          "Parallel Aware": false,
          "Startup Cost": 433834.04,
          "Total Cost": 433834.65,
          "Plan Rows": 6,
          "Plan Width": 8,
          "Actual Startup Time": 1552.398,
          "Actual Total Time": 1634.73,
          "Actual Rows": 7,
          "Actual Loops": 1,
          "Workers Planned": 6,
          "Workers Launched": 6,
          "Single Copy": false,
          "Plans": [
            {
              "Node Type": "Aggregate",
              "Strategy": "Plain",
              "Partial Mode": "Partial",
              "Parent Relationship": "Outer",
              "Parallel Aware": false,
              "Startup Cost": 432834.04,
              "Total Cost": 432834.05,
              "Plan Rows": 1,
              "Plan Width": 8,
              "Actual Startup Time": 1540.934,
              "Actual Total Time": 1541.036,
              "Actual Rows": 1,
              "Actual Loops": 7,
              "Plans": [
                {
                  "Node Type": "Hash Join",
                  "Parent Relationship": "Outer",
                  "Parallel Aware": true,
                  "Join Type": "Inner",
                  "Startup Cost": 93873.38,
                  "Total Cost": 431523.61,
                  "Plan Rows": 524173,
                  "Plan Width": 0,
                  "Actual Startup Time": 437.014,
                  "Actual Total Time": 1482.82,
                  "Actual Rows": 1322517,
                  "Actual Loops": 7,
                  "Inner Unique": false,
                  "Hash Cond": "(ci.movie_id = t.id)",
                  "Plans": [
                    {
                      "Node Type": "Seq Scan",
                      "Parent Relationship": "Outer",
                      "Parallel Aware": true,
                      "Relation Name": "cast_info",
                      "Alias": "ci",
                      "Startup Cost": 0.0,
                      "Total Cost": 328162.03,
                      "Plan Rows": 2079287,
                      "Plan Width": 4,
                      "Actual Startup Time": 0.021,
                      "Actual Total Time": 647.177,
                      "Actual Rows": 1810098,
                      "Actual Loops": 7,
                      "Filter": "(role_id < 2)",
                      "Rows Removed by Filter": 3367665
                    },
                    {
                      "Node Type": "Hash",
                      "Parent Relationship": "Inner",
                      "Parallel Aware": true,
                      "Startup Cost": 91303.37,
                      "Total Cost": 91303.37,
                      "Plan Rows": 205601,
                      "Plan Width": 8,
                      "Actual Startup Time": 433.882,
                      "Actual Total Time": 433.982,
                      "Actual Rows": 92579,
                      "Actual Loops": 7,
                      "Hash Buckets": 1048576,
                      "Original Hash Buckets": 1048576,
                      "Hash Batches": 1,
                      "Original Hash Batches": 1,
                      "Peak Memory Usage": 33632,
                      "Plans": [
                        {
                          "Node Type": "Hash Join",
                          "Parent Relationship": "Outer",
                          "Parallel Aware": true,
                          "Join Type": "Inner",
                          "Startup Cost": 63739.65,
                          "Total Cost": 91303.37,
                          "Plan Rows": 205601,
                          "Plan Width": 8,
                          "Actual Startup Time": 300.617,
                          "Actual Total Time": 391.519,
                          "Actual Rows": 92579,
                          "Actual Loops": 7,
                          "Inner Unique": true,
                          "Hash Cond": "(mk.movie_id = t.id)",
                          "Plans": [
                            {
                              "Node Type": "Bitmap Heap Scan",
                              "Parent Relationship": "Outer",
                              "Parallel Aware": true,
                              "Relation Name": "movie_keyword",
                              "Alias": "mk",
                              "Startup Cost": 13520.0,
                              "Total Cost": 40544.02,
                              "Plan Rows": 205601,
                              "Plan Width": 4,
                              "Actual Startup Time": 37.342,
                              "Actual Total Time": 86.009,
                              "Actual Rows": 92579,
                              "Actual Loops": 7,
                              "Recheck Cond": "(keyword_id < 500)",
                              "Rows Removed by Index Recheck": 0,
                              "Exact Heap Blocks": 3539,
                              "Lossy Heap Blocks": 0,
                              "Plans": [
                                {
                                  "Node Type": "Bitmap Index Scan",
                                  "Parent Relationship": "Outer",
                                  "Parallel Aware": false,
                                  "Index Name": "keyword_id_movie_keyword",
                                  "Startup Cost": 0.0,
                                  "Total Cost": 13360.66,
                                  "Plan Rows": 637364,
                                  "Plan Width": 0,
                                  "Actual Startup Time": 33.525,
                                  "Actual Total Time": 33.525,
                                  "Actual Rows": 648054,
                                  "Actual Loops": 1,
                                  "Index Cond": "(keyword_id < 500)"
                                }
                              ]
                            },
                            {
                              "Node Type": "Hash",
                              "Parent Relationship": "Inner",
                              "Parallel Aware": true,
                              "Startup Cost": 42318.73,
                              "Total Cost": 42318.73,
                              "Plan Rows": 632073,
                              "Plan Width": 4,
                              "Actual Startup Time": 258.17,
                              "Actual Total Time": 258.171,
                              "Actual Rows": 361187,
                              "Actual Loops": 7,
                              "Hash Buckets": 4194304,
                              "Original Hash Buckets": 4194304,
                              "Hash Batches": 1,
                              "Original Hash Batches": 1,
                              "Peak Memory Usage": 131776,
                              "Plans": [
                                {
                                  "Node Type": "Seq Scan",
                                  "Parent Relationship": "Outer",
                                  "Parallel Aware": true,
                                  "Relation Name": "title",
                                  "Alias": "t",
                                  "Startup Cost": 0.0,
                                  "Total Cost": 42318.73,
                                  "Plan Rows": 632073,
                                  "Plan Width": 4,
                                  "Actual Startup Time": 0.047,
                                  "Actual Total Time": 73.233,
                                  "Actual Rows": 361187,
                                  "Actual Loops": 7
                                }
                              ]
                            }
                          ]
                        }
                      ]
                    }
                  ]
                }
              ]
            }
          ]
        }
      ]
    },
    "Planning Time": 1.241,
    "Triggers": [],
    "Execution Time": 1634.857
  }
]