[
  {
    "Plan": {
      "Node Type": "Aggregate",
      "Strategy": "Plain",
      "Partial Mode": "Finalize",
      "Parallel Aware": false,
      "Startup Cost": 72605.2,
      "Total Cost": 72605.21,
      "Plan Rows": 1,
      "Plan Width": 8,
      "Actual Startup Time": 151.167,
      "Actual Total Time": 167.849,
      "Actual Rows": 1,
      "Actual Loops": 1,
      "Plans": [
        {
          "Node Type": "Gather",
          "Parent Relationship": "Outer",
          "Parallel Aware": false,
          "Startup Cost": 72604.88,
          "Total Cost": 72605.19,
          "Plan Rows": 3,
          "Plan Width": 8,
          "Actual Startup Time": 150.381,
          "Actual Total Time": 167.841,
          "Actual Rows": 4,
          "Actual Loops": 1,
          "Workers Planned": 3,
          "Workers Launched": 3,
          "Single Copy": false,
          "Plans": [
            {
              "Node Type": "Aggregate",
              "Strategy": "Plain",
              "Partial Mode": "Partial",
              "Parent Relationship": "Outer",
              "Parallel Aware": false,
              "Startup Cost": 71604.88,
              "Total Cost": 71604.89,
              "Plan Rows": 1,
              "Plan Width": 8,
              "Actual Startup Time": 144.211,
              "Actual Total Time": 144.214,
              "Actual Rows": 1,
              "Actual Loops": 4,
              "Plans": [
                {
                  "Node Type": "Hash Join",
                  "Parent Relationship": "Outer",
                  "Parallel Aware": true,
                  "Join Type": "Inner",
                  "Startup Cost": 46572.58,
                  "Total Cost": 71602.88,
                  "Plan Rows": 798,
                  "Plan Width": 0,
                  "Actual Startup Time": 108.947,
                  "Actual Total Time": 144.157,
                  "Actual Rows": 562,
                  "Actual Loops": 4,
                  "Inner Unique": true,
                  "Hash Cond": "(mk.movie_id = t.id)",
                  "Plans": [
                    {
                      "Node Type": "Bitmap Heap Scan",
                      "Parent Relationship": "Outer",
                      "Parallel Aware": true,
                      "Relation Name": "movie_keyword",
                      "Alias": "mk",
                      "Startup Cost": 2507.85,
                      "Total Cost": 27438.14,
                      "Plan Rows": 38103,
                      "Plan Width": 4,
                      "Actual Startup Time": 10.47,
                      "Actual Total Time": 40.944,
                      "Actual Rows": 29286,
                      "Actual Loops": 4,
                      "Recheck Cond": "(keyword_id > 78677)",
                      "Rows Removed by Index Recheck": 0,
                      "Exact Heap Blocks": 7439,
                      "Lossy Heap Blocks": 0,
                      "Plans": [
                        {
                          "Node Type": "Bitmap Index Scan",
                          "Parent Relationship": "Outer",
                          "Parallel Aware": false,
                          "Index Name": "keyword_id_movie_keyword",
                          "Startup Cost": 0.0,
                          "Total Cost": 2478.32,
                          "Plan Rows": 118119,
                          "Plan Width": 0,
                          "Actual Startup Time": 7.67,
                          "Actual Total Time": 7.671,
                          "Actual Rows": 117142,
                          "Actual Loops": 1,
                          "Index Cond": "(keyword_id > 78677)"
                        }
                      ]
                    },
                    {
                      "Node Type": "Hash",
                      "Parent Relationship": "Inner",
                      "Parallel Aware": true,
                      "Startup Cost": 43899.32,
                      "Total Cost": 43899.32,
                      "Plan Rows": 13232,
                      "Plan Width": 4,
                      "Actual Startup Time": 96.898,
                      "Actual Total Time": 96.899,
                      "Actual Rows": 12641,
                      "Actual Loops": 4,
                      "Hash Buckets": 65536,
                      "Original Hash Buckets": 65536,
                      "Hash Batches": 1,
                      "Original Hash Batches": 1,
                      "Peak Memory Usage": 2592,
                      "Plans": [
                        {
                          "Node Type": "Seq Scan",
                          "Parent Relationship": "Outer",
                          "Parallel Aware": true,
                          "Relation Name": "title",
                          "Alias": "t",
                          "Startup Cost": 0.0,
                          "Total Cost": 43899.32,
                          "Plan Rows": 13232,
                          "Plan Width": 4,
                          "Actual Startup Time": 0.044,
                          "Actual Total Time": 91.306,
                          "Actual Rows": 12641,
                          "Actual Loops": 4,
                          "Filter": "(production_year = 1999)",
                          "Rows Removed by Filter": 619437
                        }
                      ]
                    }
                  ]
                }
              ]
            }
          ]
        }
      ]
    },
    "Planning Time": 0.342,
    "Triggers": [],
    "Execution Time": 167.903
  }
]