[
  {
    "Plan": {
      "Node Type": "Aggregate",
      "Strategy": "Plain",
      "Partial Mode": "Finalize",
      "Parallel Aware": false,
      "Startup Cost": 39055.18,
      "Total Cost": 39055.19,
      "Plan Rows": 1,
      "Plan Width": 8,
      "Actual Startup Time": 35.187,
      "Actual Total Time": 42.06,
      "Actual Rows": 1,
      "Actual Loops": 1,
      "Plans": [
        {
          "Node Type": "Gather",
          "Parent Relationship": "Outer",
          "Parallel Aware": false,
          "Startup Cost": 39054.96,
          "Total Cost": 39055.17,
          "Plan Rows": 2,
          "Plan Width": 8,
          "Actual Startup Time": 34.962,
          "Actual Total Time": 42.055,
          "Actual Rows": 3,
          "Actual Loops": 1,
          "Workers Planned": 2,
          "Workers Launched": 2,
          "Single Copy": false,
          "Plans": [
            {
              "Node Type": "Aggregate",
              "Strategy": "Plain",
              "Partial Mode": "Partial",
              "Parent Relationship": "Outer",
              "Parallel Aware": false,
              "Startup Cost": 38054.96,
              "Total Cost": 38054.97,
              "Plan Rows": 1,
              "Plan Width": 8,
              "Actual Startup Time": 31.46,
              "Actual Total Time": 31.462,
              "Actual Rows": 1,
              "Actual Loops": 3,
              "Plans": [
                {
                  "Node Type": "Nested Loop",
                  "Parent Relationship": "Outer",
                  "Parallel Aware": false,
                  "Join Type": "Inner",
                  "Startup Cost": 158.56,
                  "Total Cost": 38052.2,
                  "Plan Rows": 1106,
                  "Plan Width": 0,
                  "Actual Startup Time": 3.66,
                  "Actual Total Time": 31.453,
                  "Actual Rows": 15,
                  "Actual Loops": 3,
                  "Inner Unique": false,
                  "Plans": [
                    {
                      "Node Type": "Nested Loop",
                      "Parent Relationship": "Outer",
                      "Parallel Aware": false,
                      "Join Type": "Inner",
                      "Startup Cost": 158.13,
                      "Total Cost": 37305.93,
                      "Plan Rows": 1072,
                      "Plan Width": 8,
                      "Actual Startup Time": 3.575,
                      "Actual Total Time": 31.287,
                      "Actual Rows": 5,
                      "Actual Loops": 3,
                      "Inner Unique": true,
                      "Plans": [
                        {
                          "Node Type": "Bitmap Heap Scan",
                          "Parent Relationship": "Outer",
                          "Parallel Aware": true,
                          "Relation Name": "movie_keyword",
                          "Alias": "mk",
                          "Startup Cost": 157.7,
                          "Total Cost": 16007.73,
                          "Plan Rows": 3079,
                          "Plan Width": 4,
                          "Actual Startup Time": 3.193,
                          "Actual Total Time": 11.334,
                          "Actual Rows": 2547,
                          "Actual Loops": 3,
                          "Recheck Cond": "(keyword_id = 3660)",
                          "Rows Removed by Index Recheck": 0,
                          "Exact Heap Blocks": 2603,
                          "Lossy Heap Blocks": 0,
                          "Plans": [
                            {
                              "Node Type": "Bitmap Index Scan",
                              "Parent Relationship": "Outer",
                              "Parallel Aware": false,
                              "Index Name": "keyword_id_movie_keyword",
                              "Startup Cost": 0.0,
                              "Total Cost": 155.85,
                              "Plan Rows": 7389,
                              "Plan Width": 0,
                              "Actual Startup Time": 4.385,
                              "Actual Total Time": 4.385,
                              "Actual Rows": 7640,
                              "Actual Loops": 1,
                              "Index Cond": "(keyword_id = 3660)"
                            }
                          ]
                        },
                        {
                          "Node Type": "Index Scan",
                          "Parent Relationship": "Inner",
                          "Parallel Aware": false,
                          "Scan Direction": "Forward",
                          "Index Name": "title_pkey",
                          "Relation Name": "title",
                          "Alias": "t",
                          "Startup Cost": 0.43,
                          "Total Cost": 6.92,
                          "Plan Rows": 1,
                          "Plan Width": 4,
                          "Actual Startup Time": 0.007,
                          "Actual Total Time": 0.007,
                          "Actual Rows": 0,
                          "Actual Loops": 7640,
                          "Index Cond": "(id = mk.movie_id)",
                          "Rows Removed by Index Recheck": 0,
                          "Filter": "((production_year < 2006) AND (kind_id = 7))",
                          "Rows Removed by Filter": 1
                        }
                      ]
                    },
                    {
                      "Node Type": "Index Only Scan",
                      "Parent Relationship": "Inner",
                      "Parallel Aware": false,
                      "Scan Direction": "Forward",
                      "Index Name": "movie_id_movie_companies",
                      "Relation Name": "movie_companies",
                      "Alias": "mc",
                      "Startup Cost": 0.43,
                      "Total Cost": 0.65,
                      "Plan Rows": 5,
                      "Plan Width": 4,
                      "Actual Startup Time": 0.027,
                      "Actual Total Time": 0.031,
                      "Actual Rows": 3,
                      "Actual Loops": 15,
                      "Index Cond": "(movie_id = t.id)",
                      "Rows Removed by Index Recheck": 0,
                      "Heap Fetches": 45
                    }
                  ]
                }
              ]
            }
          ]
        }
      ]
    },
    "Planning Time": 0.898,
    "Triggers": [],
    "Execution Time": 42.125
  }
]