{
  "Plan": {
    "Node Type": "Aggregate",
    "Strategy": "Plain",
    "Partial Mode": "Finalize",
    "Parallel Aware": false,
    "Startup Cost": 255939.98,
    "Total Cost": 255939.99,
    "Plan Rows": 1,
    "Plan Width": 8,
    "Actual Startup Time": 628.024,
    "Actual Total Time": 650.379,
    "Actual Rows": 1,
    "Actual Loops": 1,
    "Plans": [
      {
        "Node Type": "Gather",
        "Parent Relationship": "Outer",
        "Parallel Aware": false,
        "Startup Cost": 255939.86,
        "Total Cost": 255939.97,
        "Plan Rows": 1,
        "Plan Width": 8,
        "Actual Startup Time": 623.614,
        "Actual Total Time": 650.369,
        "Actual Rows": 2,
        "Actual Loops": 1,
        "Workers Planned": 1,
        "Workers Launched": 1,
        "Single Copy": false,
        "Plans": [
          {
            "Node Type": "Aggregate",
            "Strategy": "Plain",
            "Partial Mode": "Partial",
            "Parent Relationship": "Outer",
            "Parallel Aware": false,
            "Startup Cost": 254939.86,
            "Total Cost": 254939.87,
            "Plan Rows": 1,
            "Plan Width": 8,
            "Actual Startup Time": 615.896,
            "Actual Total Time": 615.901,
            "Actual Rows": 1,
            "Actual Loops": 2,
            "Plans": [
              {
                "Node Type": "Hash Join",
                "Parent Relationship": "Outer",
                "Parallel Aware": true,
                "Join Type": "Inner",
                "Startup Cost": 83881.43,
                "Total Cost": 254309.96,
                "Plan Rows": 251961,
                "Plan Width": 0,
                "Actual Startup Time": 422.747,
                "Actual Total Time": 612.888,
                "Actual Rows": 55424,
                "Actual Loops": 2,
                "Inner Unique": true,
                "Hash Cond": "(mi.movie_id = t.id)",
                "Plans": [
                  {
                    "Node Type": "Bitmap Heap Scan",
                    "Parent Relationship": "Outer",
                    "Parallel Aware": true,
                    "Relation Name": "movie_info",
                    "Alias": "mi",
                    "Startup Cost": 17176.41,
                    "Total Cost": 186140.93,
                    "Plan Rows": 557721,
                    "Plan Width": 4,
                    "Actual Startup Time": 37.327,
                    "Actual Total Time": 126.641,
                    "Actual Rows": 450170,
                    "Actual Loops": 2,
                    "Recheck Cond": "(info_type_id > 94)",
                    "Rows Removed by Index Recheck": 0,
                    "Exact Heap Blocks": 21539,
                    "Lossy Heap Blocks": 0,
                    "Plans": [
                      {
                        "Node Type": "Bitmap Index Scan",
                        "Parent Relationship": "Outer",
                        "Parallel Aware": false,
                        "Index Name": "info_type_id_movie_info",
                        "Startup Cost": 0.0,
                        "Total Cost": 16939.38,
                        "Plan Rows": 948126,
                        "Plan Width": 0,
                        "Actual Startup Time": 31.989,
                        "Actual Total Time": 31.989,
                        "Actual Rows": 900340,
                        "Actual Loops": 1,
                        "Index Cond": "(info_type_id > 94)"
                      }
                    ]
                  },
                  {
                    "Node Type": "Hash",
                    "Parent Relationship": "Inner",
                    "Parallel Aware": true,
                    "Startup Cost": 58306.47,
                    "Total Cost": 58306.47,
                    "Plan Rows": 671884,
                    "Plan Width": 4,
                    "Actual Startup Time": 358.969,
                    "Actual Total Time": 358.97,
                    "Actual Rows": 617644,
                    "Actual Loops": 2,
                    "Hash Buckets": 2097152,
                    "Original Hash Buckets": 2097152,
                    "Hash Batches": 1,
                    "Original Hash Batches": 1,
                    "Peak Memory Usage": 64736,
                    "Plans": [
                      {
                        "Node Type": "Seq Scan",
                        "Parent Relationship": "Outer",
                        "Parallel Aware": true,
                        "Relation Name": "title",
                        "Alias": "t",
                        "Startup Cost": 0.0,
                        "Total Cost": 58306.47,
                        "Plan Rows": 671884,
                        "Plan Width": 4,
                        "Actual Startup Time": 0.028,
                        "Actual Total Time": 181.941,
                        "Actual Rows": 617644,
                        "Actual Loops": 2,
                        "Filter": "((production_year > 1984) AND (kind_id = 7))",
                        "Rows Removed by Filter": 646512
                      }
                    ]
                  }
                ]
              }
            ]
          }
        ]
      }
    ]
  },
  "Planning Time": 0.621,
  "Triggers": [],
  "Execution Time": 650.476
}