[
  {
    "Plan": {
      "Node Type": "Aggregate",
      "Strategy": "Plain",
      "Partial Mode": "Finalize",
      "Parallel Aware": false,
      "Startup Cost": 330656.14,
      "Total Cost": 330656.15,
      "Plan Rows": 1,
      "Plan Width": 8,
      "Actual Startup Time": 566.566,
      "Actual Total Time": 612.15,
      "Actual Rows": 1,
      "Actual Loops": 1,
      "Plans": [
        {
          "Node Type": "Gather",
          "Parent Relationship": "Outer",
          "Parallel Aware": false,
          "Startup Cost": 330655.52,
          "Total Cost": 330656.13,
          "Plan Rows": 6,
          "Plan Width": 8,
          "Actual Startup Time": 566.202,
          "Actual Total Time": 612.141,
          "Actual Rows": 7,
          "Actual Loops": 1,
          "Workers Planned": 6,
          "Workers Launched": 6,
          "Single Copy": false,
          "Plans": [
            {
              "Node Type": "Aggregate",
              "Strategy": "Plain",
              "Partial Mode": "Partial",
              "Parent Relationship": "Outer",
              "Parallel Aware": false,
              "Startup Cost": 329655.52,
              "Total Cost": 329655.53,
              "Plan Rows": 1,
              "Plan Width": 8,
              "Actual Startup Time": 558.226,
              "Actual Total Time": 558.228,
              "Actual Rows": 1,
              "Actual Loops": 7,
              "Plans": [
                {
                  "Node Type": "Seq Scan",
                  "Parent Relationship": "Outer",
                  "Parallel Aware": true,
                  "Relation Name": "cast_info",
                  "Alias": "ci",
                  "Startup Cost": 0.0,
                  "Total Cost": 328211.39,
                  "Plan Rows": 577650,
                  "Plan Width": 0,
                  "Actual Startup Time": 415.827,
                  "Actual Total Time": 534.156,
                  "Actual Rows": 486775,
                  "Actual Loops": 7,
                  "Filter": "(person_id > 3437619)",
                  "Rows Removed by Filter": 4690989
                }
              ]
            }
          ]
        }
      ]
    },
    "Planning Time": 0.099,
    "Triggers": [],
    "Execution Time": 612.201
  }
]