[
  {
    "Plan": {
      "Node Type": "Aggregate",
      "Strategy": "Plain",
      "Partial Mode": "Finalize",
      "Parallel Aware": false,
      "Startup Cost": 305118.11,
      "Total Cost": 305118.12,
      "Plan Rows": 1,
      "Plan Width": 8,
      "Actual Startup Time": 3680.901,
      "Actual Total Time": 3724.87,
      "Actual Rows": 1,
      "Actual Loops": 1,
      "Plans": [
        {
          "Node Type": "Gather",
          "Parent Relationship": "Outer",
          "Parallel Aware": false,
          "Startup Cost": 305117.59,
          "Total Cost": 305118.1,
          "Plan Rows": 5,
          "Plan Width": 8,
          "Actual Startup Time": 3666.039,
          "Actual Total Time": 3724.857,
          "Actual Rows": 6,
          "Actual Loops": 1,
          "Workers Planned": 5,
          "Workers Launched": 5,
          "Single Copy": false,
          "Plans": [
            {
              "Node Type": "Aggregate",
              "Strategy": "Plain",
              "Partial Mode": "Partial",
              "Parent Relationship": "Outer",
              "Parallel Aware": false,
              "Startup Cost": 304117.59,
              "Total Cost": 304117.6,
              "Plan Rows": 1,
              "Plan Width": 8,
              "Actual Startup Time": 3656.434,
              "Actual Total Time": 3656.67,
              "Actual Rows": 1,
              "Actual Loops": 6,
              "Plans": [
                {
                  "Node Type": "Hash Join",
                  "Parent Relationship": "Outer",
                  "Parallel Aware": true,
                  "Join Type": "Inner",
                  "Startup Cost": 96320.18,
                  "Total Cost": 301869.29,
                  "Plan Rows": 899320,
                  "Plan Width": 0,
                  "Actual Startup Time": 425.328,
                  "Actual Total Time": 2719.213,
                  "Actual Rows": 21865876,
                  "Actual Loops": 6,
                  "Inner Unique": false,
                  "Hash Cond": "(mi.movie_id = t.id)",
                  "Plans": [
                    {
                      "Node Type": "Seq Scan",
                      "Parent Relationship": "Outer",
                      "Parallel Aware": true,
                      "Relation Name": "movie_info",
                      "Alias": "mi",
                      "Startup Cost": 0.0,
                      "Total Cost": 191560.33,
                      "Plan Rows": 2956733,
                      "Plan Width": 4,
                      "Actual Startup Time": 0.034,
                      "Actual Total Time": 307.435,
                      "Actual Rows": 2472620,
                      "Actual Loops": 6
                    },
                    {
                      "Node Type": "Hash",
                      "Parent Relationship": "Inner",
                      "Parallel Aware": true,
                      "Startup Cost": 93219.35,
                      "Total Cost": 93219.35,
                      "Plan Rows": 248066,
                      "Plan Width": 8,
                      "Actual Startup Time": 407.756,
                      "Actual Total Time": 407.99,
                      "Actual Rows": 230340,
                      "Actual Loops": 6,
                      "Hash Buckets": 2097152,
                      "Original Hash Buckets": 1048576,
                      "Hash Batches": 1,
                      "Original Hash Batches": 1,
                      "Peak Memory Usage": 78720,
                      "Plans": [
                        {
                          "Node Type": "Hash Join",
                          "Parent Relationship": "Outer",
                          "Parallel Aware": true,
                          "Join Type": "Inner",
                          "Startup Cost": 46898.17,
                          "Total Cost": 93219.35,
                          "Plan Rows": 248066,
                          "Plan Width": 8,
                          "Actual Startup Time": 150.585,
                          "Actual Total Time": 308.373,
                          "Actual Rows": 230340,
                          "Actual Loops": 6,
                          "Inner Unique": true,
                          "Hash Cond": "(mk.movie_id = t.id)",
                          "Plans": [
                            {
                              "Node Type": "Seq Scan",
                              "Parent Relationship": "Outer",
                              "Parallel Aware": true,
                              "Relation Name": "movie_keyword",
                              "Alias": "mk",
                              "Startup Cost": 0.0,
                              "Total Cost": 42695.65,
                              "Plan Rows": 1381148,
                              "Plan Width": 4,
                              "Actual Startup Time": 0.038,
                              "Actual Total Time": 100.183,
                              "Actual Rows": 712364,
                              "Actual Loops": 6,
                              "Filter": "(keyword_id > 213)",
                              "Rows Removed by Filter": 41624
                            },
                            {
                              "Node Type": "Hash",
                              "Parent Relationship": "Inner",
                              "Parallel Aware": true,
                              "Startup Cost": 45479.1,
                              "Total Cost": 45479.1,
                              "Plan Rows": 113526,
                              "Plan Width": 4,
                              "Actual Startup Time": 118.737,
                              "Actual Total Time": 118.738,
                              "Actual Rows": 55046,
                              "Actual Loops": 6,
                              "Hash Buckets": 524288,
                              "Original Hash Buckets": 524288,
                              "Hash Batches": 1,
                              "Original Hash Batches": 1,
                              "Peak Memory Usage": 17120,
                              "Plans": [
                                {
                                  "Node Type": "Seq Scan",
                                  "Parent Relationship": "Outer",
                                  "Parallel Aware": true,
                                  "Relation Name": "title",
                                  "Alias": "t",
                                  "Startup Cost": 0.0,
                                  "Total Cost": 45479.1,
                                  "Plan Rows": 113526,
                                  "Plan Width": 4,
                                  "Actual Startup Time": 48.676,
                                  "Actual Total Time": 92.861,
                                  "Actual Rows": 55046,
                                  "Actual Loops": 6,
                                  "Filter": "((production_year > 1991) AND (kind_id = 1))",
                                  "Rows Removed by Filter": 366339
                                }
                              ]
                            }
                          ]
                        }
                      ]
                    }
                  ]
                }
              ]
            }
          ]
        }
      ]
    },
    "Planning Time": 1.413,
    "Triggers": [],
    "Execution Time": 3724.966
  }
]