[
  {
    "Plan": {
      "Node Type": "Aggregate",
      "Strategy": "Plain",
      "Partial Mode": "Finalize",
      "Parallel Aware": false,
      "Startup Cost": 169280.62,
      "Total Cost": 169280.63,
      "Plan Rows": 1,
      "Plan Width": 8,
      "Actual Startup Time": 425.458,
      "Actual Total Time": 448.12,
      "Actual Rows": 1,
      "Actual Loops": 1,
      "Plans": [
        {
          "Node Type": "Gather",
          "Parent Relationship": "Outer",
          "Parallel Aware": false,
          "Startup Cost": 169280.1,
          "Total Cost": 169280.61,
          "Plan Rows": 5,
          "Plan Width": 8,
          "Actual Startup Time": 417.382,
          "Actual Total Time": 448.106,
          "Actual Rows": 6,
          "Actual Loops": 1,
          "Workers Planned": 5,
          "Workers Launched": 5,
          "Single Copy": false,
          "Plans": [
            {
              "Node Type": "Aggregate",
              "Strategy": "Plain",
              "Partial Mode": "Partial",
              "Parent Relationship": "Outer",
              "Parallel Aware": false,
              "Startup Cost": 168280.1,
              "Total Cost": 168280.11,
              "Plan Rows": 1,
              "Plan Width": 8,
              "Actual Startup Time": 402.319,
              "Actual Total Time": 402.324,
              "Actual Rows": 1,
              "Actual Loops": 6,
              "Plans": [
                {
                  "Node Type": "Hash Join",
                  "Parent Relationship": "Outer",
                  "Parallel Aware": true,
                  "Join Type": "Inner",
                  "Startup Cost": 49433.24,
                  "Total Cost": 168028.28,
                  "Plan Rows": 100728,
                  "Plan Width": 0,
                  "Actual Startup Time": 216.334,
                  "Actual Total Time": 400.45,
                  "Actual Rows": 33192,
                  "Actual Loops": 6,
                  "Inner Unique": true,
                  "Hash Cond": "(ci.movie_id = t.id)",
                  "Plans": [
                    {
                      "Node Type": "Index Scan",
                      "Parent Relationship": "Outer",
                      "Parallel Aware": true,
                      "Scan Direction": "Forward",
                      "Index Name": "role_id_cast_info",
                      "Relation Name": "cast_info",
                      "Alias": "ci",
                      "Startup Cost": 0.56,
                      "Total Cost": 118067.1,
                      "Plan Rows": 201333,
                      "Plan Width": 4,
                      "Actual Startup Time": 0.179,
                      "Actual Total Time": 152.366,
                      "Actual Rows": 55146,
                      "Actual Loops": 6,
                      "Index Cond": "(role_id = 10)",
                      "Rows Removed by Index Recheck": 0,
                      "Filter": "(person_id < 835760)",
                      "Rows Removed by Filter": 665357
                    },
                    {
                      "Node Type": "Hash",
                      "Parent Relationship": "Inner",
                      "Parallel Aware": true,
                      "Startup Cost": 45479.59,
                      "Total Cost": 45479.59,
                      "Plan Rows": 316247,
                      "Plan Width": 4,
                      "Actual Startup Time": 210.351,
                      "Actual Total Time": 210.352,
                      "Actual Rows": 223436,
                      "Actual Loops": 6,
                      "Hash Buckets": 2097152,
                      "Original Hash Buckets": 2097152,
                      "Hash Batches": 1,
                      "Original Hash Batches": 1,
                      "Peak Memory Usage": 68928,
                      "Plans": [
                        {
                          "Node Type": "Seq Scan",
                          "Parent Relationship": "Outer",
                          "Parallel Aware": true,
                          "Relation Name": "title",
                          "Alias": "t",
                          "Startup Cost": 0.0,
                          "Total Cost": 45479.59,
                          "Plan Rows": 316247,
                          "Plan Width": 4,
                          "Actual Startup Time": 0.061,
                          "Actual Total Time": 98.139,
                          "Actual Rows": 223436,
                          "Actual Loops": 6,
                          "Filter": "((production_year > 1971) AND (kind_id = 7))",
                          "Rows Removed by Filter": 197949
                        }
                      ]
                    }
                  ]
                }
              ]
            }
          ]
        }
      ]
    },
    "Planning Time": 0.737,
    "Triggers": [],
    "Execution Time": 448.205
  }
]