{
  "Plan": {
    "Node Type": "Aggregate",
    "Strategy": "Plain",
    "Partial Mode": "Finalize",
    "Parallel Aware": false,
    "Startup Cost": 609674.98,
    "Total Cost": 609674.99,
    "Plan Rows": 1,
    "Plan Width": 8,
    "Actual Startup Time": 2207.583,
    "Actual Total Time": 2241.227,
    "Actual Rows": 1,
    "Actual Loops": 1,
    "Plans": [
      {
        "Node Type": "Gather",
        "Parent Relationship": "Outer",
        "Parallel Aware": false,
        "Startup Cost": 609674.86,
        "Total Cost": 609674.97,
        "Plan Rows": 1,
        "Plan Width": 8,
        "Actual Startup Time": 2203.29,
        "Actual Total Time": 2241.22,
        "Actual Rows": 2,
        "Actual Loops": 1,
        "Workers Planned": 1,
        "Workers Launched": 1,
        "Single Copy": false,
        "Plans": [
          {
            "Node Type": "Aggregate",
            "Strategy": "Plain",
            "Partial Mode": "Partial",
            "Parent Relationship": "Outer",
            "Parallel Aware": false,
            "Startup Cost": 608674.86,
            "Total Cost": 608674.87,
            "Plan Rows": 1,
            "Plan Width": 8,
            "Actual Startup Time": 2194.536,
            "Actual Total Time": 2194.542,
            "Actual Rows": 1,
            "Actual Loops": 2,
            "Plans": [
              {
                "Node Type": "Hash Join",
                "Parent Relationship": "Outer",
                "Parallel Aware": true,
                "Join Type": "Inner",
                "Startup Cost": 532943.29,
                "Total Cost": 604294.54,
                "Plan Rows": 1752129,
                "Plan Width": 0,
                "Actual Startup Time": 1295.839,
                "Actual Total Time": 1997.663,
                "Actual Rows": 5069342,
                "Actual Loops": 2,
                "Inner Unique": false,
                "Hash Cond": "(mk.movie_id = t.id)",
                "Plans": [
                  {
                    "Node Type": "Seq Scan",
                    "Parent Relationship": "Outer",
                    "Parallel Aware": true,
                    "Relation Name": "movie_keyword",
                    "Alias": "mk",
                    "Startup Cost": 0.0,
                    "Total Cost": 51065.35,
                    "Plan Rows": 2661135,
                    "Plan Width": 4,
                    "Actual Startup Time": 0.015,
                    "Actual Total Time": 150.898,
                    "Actual Rows": 2261965,
                    "Actual Loops": 2
                  },
                  {
                    "Node Type": "Hash",
                    "Parent Relationship": "Inner",
                    "Parallel Aware": true,
                    "Startup Cost": 520703.12,
                    "Total Cost": 520703.12,
                    "Plan Rows": 979214,
                    "Plan Width": 8,
                    "Actual Startup Time": 1280.791,
                    "Actual Total Time": 1280.795,
                    "Actual Rows": 389067,
                    "Actual Loops": 2,
                    "Hash Buckets": 2097152,
                    "Original Hash Buckets": 2097152,
                    "Hash Batches": 1,
                    "Original Hash Batches": 1,
                    "Peak Memory Usage": 46848,
                    "Plans": [
                      {
                        "Node Type": "Hash Join",
                        "Parent Relationship": "Outer",
                        "Parallel Aware": true,
                        "Join Type": "Inner",
                        "Startup Cost": 204329.78,
                        "Total Cost": 520703.12,
                        "Plan Rows": 979214,
                        "Plan Width": 8,
                        "Actual Startup Time": 725.415,
                        "Actual Total Time": 1165.29,
                        "Actual Rows": 389067,
                        "Actual Loops": 2,
                        "Inner Unique": true,
                        "Hash Cond": "(ci.movie_id = t.id)",
                        "Plans": [
                          {
                            "Node Type": "Bitmap Heap Scan",
                            "Parent Relationship": "Outer",
                            "Parallel Aware": true,
                            "Relation Name": "cast_info",
                            "Alias": "ci",
                            "Startup Cost": 142451.47,
                            "Total Cost": 452269.8,
                            "Plan Rows": 2497146,
                            "Plan Width": 4,
                            "Actual Startup Time": 466.943,
                            "Actual Total Time": 629.734,
                            "Actual Rows": 935857,
                            "Actual Loops": 2,
                            "Recheck Cond": "(person_id < 644890)",
                            "Rows Removed by Index Recheck": 0,
                            "Filter": "(role_id > 1)",
                            "Rows Removed by Filter": 2403218,
                            "Exact Heap Blocks": 38138,
                            "Lossy Heap Blocks": 0,
                            "Plans": [
                              {
                                "Node Type": "Bitmap Index Scan",
                                "Parent Relationship": "Outer",
                                "Parallel Aware": false,
                                "Index Name": "person_id_cast_info",
                                "Startup Cost": 0.0,
                                "Total Cost": 141390.19,
                                "Plan Rows": 6474883,
                                "Plan Width": 0,
                                "Actual Startup Time": 234.89,
                                "Actual Total Time": 234.891,
                                "Actual Rows": 6678151,
                                "Actual Loops": 1,
                                "Index Cond": "(person_id < 644890)"
                              }
                            ]
                          },
                          {
                            "Node Type": "Hash",
                            "Parent Relationship": "Inner",
                            "Parallel Aware": true,
                            "Startup Cost": 54588.39,
                            "Total Cost": 54588.39,
                            "Plan Rows": 583193,
                            "Plan Width": 4,
                            "Actual Startup Time": 254.212,
                            "Actual Total Time": 254.213,
                            "Actual Rows": 492524,
                            "Actual Loops": 2,
                            "Hash Buckets": 1048576,
                            "Original Hash Buckets": 1048576,
                            "Hash Batches": 1,
                            "Original Hash Batches": 1,
                            "Peak Memory Usage": 46784,
                            "Plans": [
                              {
                                "Node Type": "Seq Scan",
                                "Parent Relationship": "Outer",
                                "Parallel Aware": true,
                                "Relation Name": "title",
                                "Alias": "t",
                                "Startup Cost": 0.0,
                                "Total Cost": 54588.39,
                                "Plan Rows": 583193,
                                "Plan Width": 4,
                                "Actual Startup Time": 0.036,
                                "Actual Total Time": 145.417,
                                "Actual Rows": 492524,
                                "Actual Loops": 2,
                                "Filter": "(kind_id < 7)",
                                "Rows Removed by Filter": 771632
                              }
                            ]
                          }
                        ]
                      }
                    ]
                  }
                ]
              }
            ]
          }
        ]
      }
    ]
  },
  "Planning Time": 1.035,
  "Triggers": [],
  "Execution Time": 2241.33
}