[
  {
    "Plan": {
      "Node Type": "Aggregate",
      "Strategy": "Plain",
      "Partial Mode": "Finalize",
      "Parallel Aware": false,
      "Startup Cost": 33137.9,
      "Total Cost": 33137.91,
      "Plan Rows": 1,
      "Plan Width": 8,
      "Actual Startup Time": 97.456,
      "Actual Total Time": 105.508,
      "Actual Rows": 1,
      "Actual Loops": 1,
      "Plans": [
        {
          "Node Type": "Gather",
          "Parent Relationship": "Outer",
          "Parallel Aware": false,
          "Startup Cost": 33137.58,
          "Total Cost": 33137.89,
          "Plan Rows": 3,
          "Plan Width": 8,
          "Actual Startup Time": 97.326,
          "Actual Total Time": 105.499,
          "Actual Rows": 4,
          "Actual Loops": 1,
          "Workers Planned": 3,
          "Workers Launched": 3,
          "Single Copy": false,
          "Plans": [
            {
              "Node Type": "Aggregate",
              "Strategy": "Plain",
              "Partial Mode": "Partial",
              "Parent Relationship": "Outer",
              "Parallel Aware": false,
              "Startup Cost": 32137.58,
              "Total Cost": 32137.59,
              "Plan Rows": 1,
              "Plan Width": 8,
              "Actual Startup Time": 92.563,
              "Actual Total Time": 92.564,
              "Actual Rows": 1,
              "Actual Loops": 4,
              "Plans": [
                {
                  "Node Type": "Seq Scan",
                  "Parent Relationship": "Outer",
                  "Parallel Aware": true,
                  "Relation Name": "movie_companies",
                  "Alias": "mc",
                  "Startup Cost": 0.0,
                  "Total Cost": 31414.82,
                  "Plan Rows": 289105,
                  "Plan Width": 0,
                  "Actual Startup Time": 0.035,
                  "Actual Total Time": 77.14,
                  "Actual Rows": 300347,
                  "Actual Loops": 4,
                  "Filter": "((company_id < 30127) AND (company_type_id = 1))",
                  "Rows Removed by Filter": 351936
                }
              ]
            }
          ]
        }
      ]
    },
    "Planning Time": 0.204,
    "Triggers": [],
    "Execution Time": 105.648
  }
]