{
  "Plan": {
    "Node Type": "Aggregate",
    "Strategy": "Plain",
    "Partial Mode": "Finalize",
    "Parallel Aware": false,
    "Startup Cost": 505598.41,
    "Total Cost": 505598.42,
    "Plan Rows": 1,
    "Plan Width": 8,
    "Actual Startup Time": 2021.548,
    "Actual Total Time": 2044.128,
    "Actual Rows": 1,
    "Actual Loops": 1,
    "Plans": [
      {
        "Node Type": "Gather",
        "Parent Relationship": "Outer",
        "Parallel Aware": false,
        "Startup Cost": 505598.3,
        "Total Cost": 505598.41,
        "Plan Rows": 1,
        "Plan Width": 8,
        "Actual Startup Time": 2018.935,
        "Actual Total Time": 2044.121,
        "Actual Rows": 2,
        "Actual Loops": 1,
        "Workers Planned": 1,
        "Workers Launched": 1,
        "Single Copy": false,
        "Plans": [
          {
            "Node Type": "Aggregate",
            "Strategy": "Plain",
            "Partial Mode": "Partial",
            "Parent Relationship": "Outer",
            "Parallel Aware": false,
            "Startup Cost": 504598.3,
            "Total Cost": 504598.31,
            "Plan Rows": 1,
            "Plan Width": 8,
            "Actual Startup Time": 2011.235,
            "Actual Total Time": 2011.239,
            "Actual Rows": 1,
            "Actual Loops": 2,
            "Plans": [
              {
                "Node Type": "Hash Join",
                "Parent Relationship": "Outer",
                "Parallel Aware": true,
                "Join Type": "Inner",
                "Startup Cost": 192151.25,
                "Total Cost": 501155.67,
                "Plan Rows": 1377053,
                "Plan Width": 0,
                "Actual Startup Time": 610.375,
                "Actual Total Time": 1928.115,
                "Actual Rows": 1969210,
                "Actual Loops": 2,
                "Inner Unique": true,
                "Hash Cond": "(ci.movie_id = t.id)",
                "Plans": [
                  {
                    "Node Type": "Bitmap Heap Scan",
                    "Parent Relationship": "Outer",
                    "Parallel Aware": true,
                    "Relation Name": "cast_info",
                    "Alias": "ci",
                    "Startup Cost": 125969.78,
                    "Total Cost": 429177.64,
                    "Plan Rows": 2208211,
                    "Plan Width": 4,
                    "Actual Startup Time": 228.976,
                    "Actual Total Time": 624.425,
                    "Actual Rows": 2774094,
                    "Actual Loops": 2,
                    "Recheck Cond": "(person_id > 3098462)",
                    "Rows Removed by Index Recheck": 0,
                    "Filter": "(role_id > 1)",
                    "Rows Removed by Filter": 0,
                    "Exact Heap Blocks": 39525,
                    "Lossy Heap Blocks": 0,
                    "Plans": [
                      {
                        "Node Type": "Bitmap Index Scan",
                        "Parent Relationship": "Outer",
                        "Parallel Aware": false,
                        "Index Name": "person_id_cast_info",
                        "Startup Cost": 0.0,
                        "Total Cost": 125031.29,
                        "Plan Rows": 5725697,
                        "Plan Width": 0,
                        "Actual Startup Time": 215.693,
                        "Actual Total Time": 215.693,
                        "Actual Rows": 5548188,
                        "Actual Loops": 1,
                        "Index Cond": "(person_id > 3098462)"
                      }
                    ]
                  },
                  {
                    "Node Type": "Hash",
                    "Parent Relationship": "Inner",
                    "Parallel Aware": true,
                    "Startup Cost": 54588.39,
                    "Total Cost": 54588.39,
                    "Plan Rows": 927446,
                    "Plan Width": 4,
                    "Actual Startup Time": 367.614,
                    "Actual Total Time": 367.614,
                    "Actual Rows": 785284,
                    "Actual Loops": 2,
                    "Hash Buckets": 2097152,
                    "Original Hash Buckets": 2097152,
                    "Hash Batches": 1,
                    "Original Hash Batches": 1,
                    "Peak Memory Usage": 77856,
                    "Plans": [
                      {
                        "Node Type": "Seq Scan",
                        "Parent Relationship": "Outer",
                        "Parallel Aware": true,
                        "Relation Name": "title",
                        "Alias": "t",
                        "Startup Cost": 0.0,
                        "Total Cost": 54588.39,
                        "Plan Rows": 927446,
                        "Plan Width": 4,
                        "Actual Startup Time": 0.03,
                        "Actual Total Time": 165.403,
                        "Actual Rows": 785284,
                        "Actual Loops": 2,
                        "Filter": "(production_year > 1996)",
                        "Rows Removed by Filter": 478872
                      }
                    ]
                  }
                ]
              }
            ]
          }
        ]
      }
    ]
  },
  "Planning Time": 0.682,
  "Triggers": [],
  "Execution Time": 2044.22
}