[
  {
    "Plan": {
      "Node Type": "Aggregate",
      "Strategy": "Plain",
      "Partial Mode": "Finalize",
      "Parallel Aware": false,
      "Startup Cost": 32985.98,
      "Total Cost": 32985.99,
      "Plan Rows": 1,
      "Plan Width": 8,
      "Actual Startup Time": 110.816,
      "Actual Total Time": 119.768,
      "Actual Rows": 1,
      "Actual Loops": 1,
      "Plans": [
        {
          "Node Type": "Gather",
          "Parent Relationship": "Outer",
          "Parallel Aware": false,
          "Startup Cost": 32985.66,
          "Total Cost": 32985.97,
          "Plan Rows": 3,
          "Plan Width": 8,
          "Actual Startup Time": 110.668,
          "Actual Total Time": 119.756,
          "Actual Rows": 4,
          "Actual Loops": 1,
          "Workers Planned": 3,
          "Workers Launched": 3,
          "Single Copy": false,
          "Plans": [
            {
              "Node Type": "Aggregate",
              "Strategy": "Plain",
              "Partial Mode": "Partial",
              "Parent Relationship": "Outer",
              "Parallel Aware": false,
              "Startup Cost": 31985.66,
              "Total Cost": 31985.67,
              "Plan Rows": 1,
              "Plan Width": 8,
              "Actual Startup Time": 102.359,
              "Actual Total Time": 102.361,
              "Actual Rows": 1,
              "Actual Loops": 4,
              "Plans": [
                {
                  "Node Type": "Seq Scan",
                  "Parent Relationship": "Outer",
                  "Parallel Aware": true,
                  "Relation Name": "movie_companies",
                  "Alias": "mc",
                  "Startup Cost": 0.0,
                  "Total Cost": 31414.82,
                  "Plan Rows": 228336,
                  "Plan Width": 0,
                  "Actual Startup Time": 0.038,
                  "Actual Total Time": 86.099,
                  "Actual Rows": 247678,
                  "Actual Loops": 4,
                  "Filter": "((company_id < 13110) AND (company_type_id < 2))",
                  "Rows Removed by Filter": 404605
                }
              ]
            }
          ]
        }
      ]
    },
    "Planning Time": 0.179,
    "Triggers": [],
    "Execution Time": 119.813
  }
]