[
  {
    "Plan": {
      "Node Type": "Aggregate",
      "Strategy": "Plain",
      "Partial Mode": "Finalize",
      "Parallel Aware": false,
      "Startup Cost": 99815.18,
      "Total Cost": 99815.19,
      "Plan Rows": 1,
      "Plan Width": 8,
      "Actual Startup Time": 589.423,
      "Actual Total Time": 664.61,
      "Actual Rows": 1,
      "Actual Loops": 1,
      "Plans": [
        {
          "Node Type": "Gather",
          "Parent Relationship": "Outer",
          "Parallel Aware": false,
          "Startup Cost": 99814.96,
          "Total Cost": 99815.17,
          "Plan Rows": 2,
          "Plan Width": 8,
          "Actual Startup Time": 588.669,
          "Actual Total Time": 664.601,
          "Actual Rows": 3,
          "Actual Loops": 1,
          "Workers Planned": 2,
          "Workers Launched": 2,
          "Single Copy": false,
          "Plans": [
            {
              "Node Type": "Aggregate",
              "Strategy": "Plain",
              "Partial Mode": "Partial",
              "Parent Relationship": "Outer",
              "Parallel Aware": false,
              "Startup Cost": 98814.96,
              "Total Cost": 98814.97,
              "Plan Rows": 1,
              "Plan Width": 8,
              "Actual Startup Time": 585.335,
              "Actual Total Time": 585.343,
              "Actual Rows": 1,
              "Actual Loops": 3,
              "Plans": [
                {
                  "Node Type": "Nested Loop",
                  "Parent Relationship": "Outer",
                  "Parallel Aware": false,
                  "Join Type": "Inner",
                  "Startup Cost": 38313.96,
                  "Total Cost": 98752.0,
                  "Plan Rows": 25184,
                  "Plan Width": 0,
                  "Actual Startup Time": 61.442,
                  "Actual Total Time": 580.934,
                  "Actual Rows": 71861,
                  "Actual Loops": 3,
                  "Inner Unique": false,
                  "Join Filter": "(t.id = ci.movie_id)",
                  "Rows Removed by Join Filter": 0,
                  "Plans": [
                    {
                      "Node Type": "Hash Join",
                      "Parent Relationship": "Outer",
                      "Parallel Aware": true,
                      "Join Type": "Inner",
                      "Startup Cost": 38313.39,
                      "Total Cost": 54447.38,
                      "Plan Rows": 14486,
                      "Plan Width": 8,
                      "Actual Startup Time": 61.372,
                      "Actual Total Time": 146.958,
                      "Actual Rows": 25124,
                      "Actual Loops": 3,
                      "Inner Unique": true,
                      "Hash Cond": "(mi_idx.movie_id = t.id)",
                      "Plans": [
                        {
                          "Node Type": "Seq Scan",
                          "Parent Relationship": "Outer",
                          "Parallel Aware": true,
                          "Relation Name": "movie_info_idx",
                          "Alias": "mi_idx",
                          "Startup Cost": 0.0,
                          "Total Cost": 15122.68,
                          "Plan Rows": 385260,
                          "Plan Width": 4,
                          "Actual Startup Time": 0.012,
                          "Actual Total Time": 44.149,
                          "Actual Rows": 306703,
                          "Actual Loops": 3,
                          "Filter": "(info_type_id > 99)",
                          "Rows Removed by Filter": 153308
                        },
                        {
                          "Node Type": "Hash",
                          "Parent Relationship": "Inner",
                          "Parallel Aware": true,
                          "Startup Cost": 38016.31,
                          "Total Cost": 38016.31,
                          "Plan Rows": 23767,
                          "Plan Width": 4,
                          "Actual Startup Time": 60.646,
                          "Actual Total Time": 60.648,
                          "Actual Rows": 30284,
                          "Actual Loops": 3,
                          "Hash Buckets": 131072,
                          "Original Hash Buckets": 131072,
                          "Hash Batches": 1,
                          "Original Hash Batches": 1,
                          "Peak Memory Usage": 4640,
                          "Plans": [
                            {
                              "Node Type": "Bitmap Heap Scan",
                              "Parent Relationship": "Outer",
                              "Parallel Aware": true,
                              "Relation Name": "title",
                              "Alias": "t",
                              "Startup Cost": 1721.21,
                              "Total Cost": 38016.31,
                              "Plan Rows": 23767,
                              "Plan Width": 4,
                              "Actual Startup Time": 12.574,
                              "Actual Total Time": 52.893,
                              "Actual Rows": 30284,
                              "Actual Loops": 3,
                              "Recheck Cond": "(kind_id = 2)",
                              "Rows Removed by Index Recheck": 0,
                              "Exact Heap Blocks": 15390,
                              "Lossy Heap Blocks": 0,
                              "Plans": [
                                {
                                  "Node Type": "Bitmap Index Scan",
                                  "Parent Relationship": "Outer",
                                  "Parallel Aware": false,
                                  "Index Name": "kind_id_title",
                                  "Startup Cost": 0.0,
                                  "Total Cost": 1697.45,
                                  "Plan Rows": 95069,
                                  "Plan Width": 0,
                                  "Actual Startup Time": 9.879,
                                  "Actual Total Time": 9.88,
                                  "Actual Rows": 90852,
                                  "Actual Loops": 1,
                                  "Index Cond": "(kind_id = 2)"
                                }
                              ]
                            }
                          ]
                        }
                      ]
                    },
                    {
                      "Node Type": "Index Scan",
                      "Parent Relationship": "Inner",
                      "Parallel Aware": false,
                      "Scan Direction": "Forward",
                      "Index Name": "movie_id_cast_info",
                      "Relation Name": "cast_info",
                      "Alias": "ci",
                      "Startup Cost": 0.56,
                      "Total Cost": 3.01,
                      "Plan Rows": 4,
                      "Plan Width": 4,
                      "Actual Startup Time": 0.012,
                      "Actual Total Time": 0.017,
                      "Actual Rows": 3,
                      "Actual Loops": 75372,
                      "Index Cond": "(movie_id = mi_idx.movie_id)",
                      "Rows Removed by Index Recheck": 0,
                      "Filter": "((person_id > 2991652) AND (role_id > 1))",
                      "Rows Removed by Filter": 10
                    }
                  ]
                }
              ]
            }
          ]
        }
      ]
    },
    "Planning Time": 0.529,
    "Triggers": [],
    "Execution Time": 664.688
  }
]