[
  {
    "Plan": {
      "Node Type": "Aggregate",
      "Strategy": "Plain",
      "Partial Mode": "Finalize",
      "Parallel Aware": false,
      "Startup Cost": 31300.55,
      "Total Cost": 31300.56,
      "Plan Rows": 1,
      "Plan Width": 8,
      "Actual Startup Time": 87.164,
      "Actual Total Time": 95.506,
      "Actual Rows": 1,
      "Actual Loops": 1,
      "Plans": [
        {
          "Node Type": "Gather",
          "Parent Relationship": "Outer",
          "Parallel Aware": false,
          "Startup Cost": 31300.23,
          "Total Cost": 31300.54,
          "Plan Rows": 3,
          "Plan Width": 8,
          "Actual Startup Time": 87.031,
          "Actual Total Time": 95.498,
          "Actual Rows": 4,
          "Actual Loops": 1,
          "Workers Planned": 3,
          "Workers Launched": 3,
          "Single Copy": false,
          "Plans": [
            {
              "Node Type": "Aggregate",
              "Strategy": "Plain",
              "Partial Mode": "Partial",
              "Parent Relationship": "Outer",
              "Parallel Aware": false,
              "Startup Cost": 30300.23,
              "Total Cost": 30300.24,
              "Plan Rows": 1,
              "Plan Width": 8,
              "Actual Startup Time": 83.495,
              "Actual Total Time": 83.496,
              "Actual Rows": 1,
              "Actual Loops": 4,
              "Plans": [
                {
                  "Node Type": "Seq Scan",
                  "Parent Relationship": "Outer",
                  "Parallel Aware": true,
                  "Relation Name": "movie_companies",
                  "Alias": "mc",
                  "Startup Cost": 0.0,
                  "Total Cost": 29310.68,
                  "Plan Rows": 395819,
                  "Plan Width": 0,
                  "Actual Startup Time": 13.126,
                  "Actual Total Time": 70.371,
                  "Actual Rows": 304462,
                  "Actual Loops": 4,
                  "Filter": "(company_id > 12079)",
                  "Rows Removed by Filter": 347820
                }
              ]
            }
          ]
        }
      ]
    },
    "Planning Time": 0.166,
    "Triggers": [],
    "Execution Time": 95.555
  }
]