[
  {
    "Plan": {
      "Node Type": "Aggregate",
      "Strategy": "Plain",
      "Partial Mode": "Finalize",
      "Parallel Aware": false,
      "Startup Cost": 31289.81,
      "Total Cost": 31289.82,
      "Plan Rows": 1,
      "Plan Width": 8,
      "Actual Startup Time": 98.284,
      "Actual Total Time": 106.143,
      "Actual Rows": 1,
      "Actual Loops": 1,
      "Plans": [
        {
          "Node Type": "Gather",
          "Parent Relationship": "Outer",
          "Parallel Aware": false,
          "Startup Cost": 31289.49,
          "Total Cost": 31289.8,
          "Plan Rows": 3,
          "Plan Width": 8,
          "Actual Startup Time": 98.174,
          "Actual Total Time": 106.135,
          "Actual Rows": 4,
          "Actual Loops": 1,
          "Workers Planned": 3,
          "Workers Launched": 3,
          "Single Copy": false,
          "Plans": [
            {
              "Node Type": "Aggregate",
              "Strategy": "Plain",
              "Partial Mode": "Partial",
              "Parent Relationship": "Outer",
              "Parallel Aware": false,
              "Startup Cost": 30289.49,
              "Total Cost": 30289.5,
              "Plan Rows": 1,
              "Plan Width": 8,
              "Actual Startup Time": 92.321,
              "Actual Total Time": 92.322,
              "Actual Rows": 1,
              "Actual Loops": 4,
              "Plans": [
                {
                  "Node Type": "Seq Scan",
                  "Parent Relationship": "Outer",
                  "Parallel Aware": true,
                  "Relation Name": "movie_companies",
                  "Alias": "mc",
                  "Startup Cost": 0.0,
                  "Total Cost": 29310.68,
                  "Plan Rows": 391525,
                  "Plan Width": 0,
                  "Actual Startup Time": 21.841,
                  "Actual Total Time": 79.358,
                  "Actual Rows": 304462,
                  "Actual Loops": 4,
                  "Filter": "(company_id > 12079)",
                  "Rows Removed by Filter": 347820
                }
              ]
            }
          ]
        }
      ]
    },
    "Planning Time": 0.154,
    "Triggers": [],
    "Execution Time": 106.19
  }
]