[
    {
        "Bao": {
            "Bao prediction": 462.599,
            "Bao recommended hint": "(no hint)"
        }
    },
    {
        "Plan": {
            "Node Type": "Aggregate",
            "Strategy": "Plain",
            "Partial Mode": "Finalize",
            "Parallel Aware": false,
            "Startup Cost": 44685.03,
            "Total Cost": 44685.04,
            "Plan Rows": 1,
            "Plan Width": 8,
            "Actual Startup Time": 165.527,
            "Actual Total Time": 171.119,
            "Actual Rows": 1,
            "Actual Loops": 1,
            "Output": [
                "count(*)"
            ],
            "Plans": [
                {
                    "Node Type": "Gather",
                    "Parent Relationship": "Outer",
                    "Parallel Aware": false,
                    "Startup Cost": 44684.71,
                    "Total Cost": 44685.02,
                    "Plan Rows": 3,
                    "Plan Width": 8,
                    "Actual Startup Time": 165.424,
                    "Actual Total Time": 171.11,
                    "Actual Rows": 4,
                    "Actual Loops": 1,
                    "Output": [
                        "(PARTIAL count(*))"
                    ],
                    "Workers Planned": 3,
                    "Workers Launched": 3,
                    "Single Copy": false,
                    "Plans": [
                        {
                            "Node Type": "Aggregate",
                            "Strategy": "Plain",
                            "Partial Mode": "Partial",
                            "Parent Relationship": "Outer",
                            "Parallel Aware": false,
                            "Startup Cost": 43684.71,
                            "Total Cost": 43684.72,
                            "Plan Rows": 1,
                            "Plan Width": 8,
                            "Actual Startup Time": 157.843,
                            "Actual Total Time": 157.844,
                            "Actual Rows": 1,
                            "Actual Loops": 4,
                            "Output": [
                                "PARTIAL count(*)"
                            ],
                            "Workers": [
                                {
                                    "Worker Number": 0,
                                    "Actual Startup Time": 155.355,
                                    "Actual Total Time": 155.356,
                                    "Actual Rows": 1,
                                    "Actual Loops": 1
                                },
                                {
                                    "Worker Number": 1,
                                    "Actual Startup Time": 155.508,
                                    "Actual Total Time": 155.509,
                                    "Actual Rows": 1,
                                    "Actual Loops": 1
                                },
                                {
                                    "Worker Number": 2,
                                    "Actual Startup Time": 155.66,
                                    "Actual Total Time": 155.662,
                                    "Actual Rows": 1,
                                    "Actual Loops": 1
                                }
                            ],
                            "Plans": [
                                {
                                    "Node Type": "Seq Scan",
                                    "Parent Relationship": "Outer",
                                    "Parallel Aware": true,
                                    "Relation Name": "movie_keyword",
                                    "Schema": "public",
                                    "Alias": "mk",
                                    "Startup Cost": 0.0,
                                    "Total Cost": 42695.65,
                                    "Plan Rows": 395624,
                                    "Plan Width": 0,
                                    "Actual Startup Time": 2.906,
                                    "Actual Total Time": 135.748,
                                    "Actual Rows": 300255,
                                    "Actual Loops": 4,
                                    "Output": [
                                        "id",
                                        "movie_id",
                                        "keyword_id"
                                    ],
                                    "Filter": "(mk.keyword_id > 15309)",
                                    "Rows Removed by Filter": 830728,
                                    "Workers": [
                                        {
                                            "Worker Number": 0,
                                            "Actual Startup Time": 0.412,
                                            "Actual Total Time": 133.456,
                                            "Actual Rows": 282537,
                                            "Actual Loops": 1
                                        },
                                        {
                                            "Worker Number": 1,
                                            "Actual Startup Time": 0.566,
                                            "Actual Total Time": 133.792,
                                            "Actual Rows": 279666,
                                            "Actual Loops": 1
                                        },
                                        {
                                            "Worker Number": 2,
                                            "Actual Startup Time": 0.731,
                                            "Actual Total Time": 134.256,
                                            "Actual Rows": 303774,
                                            "Actual Loops": 1
                                        }
                                    ]
                                }
                            ]
                        }
                    ]
                }
            ]
        },
        "Planning Time": 2926.025,
        "Triggers": [],
        "Execution Time": 171.213
    }
]