[
  {
    "Plan": {
      "Node Type": "Aggregate",
      "Strategy": "Plain",
      "Partial Mode": "Finalize",
      "Parallel Aware": false,
      "Startup Cost": 31316.97,
      "Total Cost": 31316.98,
      "Plan Rows": 1,
      "Plan Width": 8,
      "Actual Startup Time": 95.21,
      "Actual Total Time": 102.199,
      "Actual Rows": 1,
      "Actual Loops": 1,
      "Plans": [
        {
          "Node Type": "Gather",
          "Parent Relationship": "Outer",
          "Parallel Aware": false,
          "Startup Cost": 31316.65,
          "Total Cost": 31316.96,
          "Plan Rows": 3,
          "Plan Width": 8,
          "Actual Startup Time": 95.094,
          "Actual Total Time": 102.192,
          "Actual Rows": 4,
          "Actual Loops": 1,
          "Workers Planned": 3,
          "Workers Launched": 3,
          "Single Copy": false,
          "Plans": [
            {
              "Node Type": "Aggregate",
              "Strategy": "Plain",
              "Partial Mode": "Partial",
              "Parent Relationship": "Outer",
              "Parallel Aware": false,
              "Startup Cost": 30316.65,
              "Total Cost": 30316.66,
              "Plan Rows": 1,
              "Plan Width": 8,
              "Actual Startup Time": 89.915,
              "Actual Total Time": 89.916,
              "Actual Rows": 1,
              "Actual Loops": 4,
              "Plans": [
                {
                  "Node Type": "Seq Scan",
                  "Parent Relationship": "Outer",
                  "Parallel Aware": true,
                  "Relation Name": "movie_companies",
                  "Alias": "mc",
                  "Startup Cost": 0.0,
                  "Total Cost": 29310.68,
                  "Plan Rows": 402388,
                  "Plan Width": 0,
                  "Actual Startup Time": 12.028,
                  "Actual Total Time": 75.1,
                  "Actual Rows": 309365,
                  "Actual Loops": 4,
                  "Filter": "(company_id > 11804)",
                  "Rows Removed by Filter": 342917
                }
              ]
            }
          ]
        }
      ]
    },
    "Planning Time": 0.113,
    "Triggers": [],
    "Execution Time": 102.227
  }
]