[
  {
    "Plan": {
      "Node Type": "Aggregate",
      "Strategy": "Plain",
      "Partial Mode": "Finalize",
      "Parallel Aware": false,
      "Startup Cost": 31306.92,
      "Total Cost": 31306.93,
      "Plan Rows": 1,
      "Plan Width": 8,
      "Actual Startup Time": 102.294,
      "Actual Total Time": 109.791,
      "Actual Rows": 1,
      "Actual Loops": 1,
      "Plans": [
        {
          "Node Type": "Gather",
          "Parent Relationship": "Outer",
          "Parallel Aware": false,
          "Startup Cost": 31306.61,
          "Total Cost": 31306.92,
          "Plan Rows": 3,
          "Plan Width": 8,
          "Actual Startup Time": 102.208,
          "Actual Total Time": 109.783,
          "Actual Rows": 4,
          "Actual Loops": 1,
          "Workers Planned": 3,
          "Workers Launched": 3,
          "Single Copy": false,
          "Plans": [
            {
              "Node Type": "Aggregate",
              "Strategy": "Plain",
              "Partial Mode": "Partial",
              "Parent Relationship": "Outer",
              "Parallel Aware": false,
              "Startup Cost": 30306.61,
              "Total Cost": 30306.62,
              "Plan Rows": 1,
              "Plan Width": 8,
              "Actual Startup Time": 95.377,
              "Actual Total Time": 95.378,
              "Actual Rows": 1,
              "Actual Loops": 4,
              "Plans": [
                {
                  "Node Type": "Seq Scan",
                  "Parent Relationship": "Outer",
                  "Parallel Aware": true,
                  "Relation Name": "movie_companies",
                  "Alias": "mc",
                  "Startup Cost": 0.0,
                  "Total Cost": 29310.68,
                  "Plan Rows": 398370,
                  "Plan Width": 0,
                  "Actual Startup Time": 22.386,
                  "Actual Total Time": 81.937,
                  "Actual Rows": 309365,
                  "Actual Loops": 4,
                  "Filter": "(company_id > 11804)",
                  "Rows Removed by Filter": 342917
                }
              ]
            }
          ]
        }
      ]
    },
    "Planning Time": 0.199,
    "Triggers": [],
    "Execution Time": 109.852
  }
]