[
  {
    "Plan": {
      "Node Type": "Aggregate",
      "Strategy": "Plain",
      "Partial Mode": "Finalize",
      "Parallel Aware": false,
      "Startup Cost": 45268.39,
      "Total Cost": 45268.4,
      "Plan Rows": 1,
      "Plan Width": 8,
      "Actual Startup Time": 143.063,
      "Actual Total Time": 153.491,
      "Actual Rows": 1,
      "Actual Loops": 1,
      "Plans": [
        {
          "Node Type": "Gather",
          "Parent Relationship": "Outer",
          "Parallel Aware": false,
          "Startup Cost": 45268.07,
          "Total Cost": 45268.38,
          "Plan Rows": 3,
          "Plan Width": 8,
          "Actual Startup Time": 142.951,
          "Actual Total Time": 153.482,
          "Actual Rows": 4,
          "Actual Loops": 1,
          "Workers Planned": 3,
          "Workers Launched": 3,
          "Single Copy": false,
          "Plans": [
            {
              "Node Type": "Aggregate",
              "Strategy": "Plain",
              "Partial Mode": "Partial",
              "Parent Relationship": "Outer",
              "Parallel Aware": false,
              "Startup Cost": 44268.07,
              "Total Cost": 44268.08,
              "Plan Rows": 1,
              "Plan Width": 8,
              "Actual Startup Time": 137.409,
              "Actual Total Time": 137.41,
              "Actual Rows": 1,
              "Actual Loops": 4,
              "Plans": [
                {
                  "Node Type": "Seq Scan",
                  "Parent Relationship": "Outer",
                  "Parallel Aware": true,
                  "Relation Name": "movie_keyword",
                  "Alias": "mk",
                  "Startup Cost": 0.0,
                  "Total Cost": 42695.65,
                  "Plan Rows": 628968,
                  "Plan Width": 0,
                  "Actual Startup Time": 0.039,
                  "Actual Total Time": 113.977,
                  "Actual Rows": 489516,
                  "Actual Loops": 4,
                  "Filter": "(keyword_id < 3407)",
                  "Rows Removed by Filter": 641467
                }
              ]
            }
          ]
        }
      ]
    },
    "Planning Time": 0.123,
    "Triggers": [],
    "Execution Time": 153.53
  }
]