[
  {
    "Plan": {
      "Node Type": "Aggregate",
      "Strategy": "Plain",
      "Partial Mode": "Finalize",
      "Parallel Aware": false,
      "Startup Cost": 350334.29,
      "Total Cost": 350334.3,
      "Plan Rows": 1,
      "Plan Width": 8,
      "Actual Startup Time": 789.808,
      "Actual Total Time": 832.406,
      "Actual Rows": 1,
      "Actual Loops": 1,
      "Plans": [
        {
          "Node Type": "Gather",
          "Parent Relationship": "Outer",
          "Parallel Aware": false,
          "Startup Cost": 350333.67,
          "Total Cost": 350334.28,
          "Plan Rows": 6,
          "Plan Width": 8,
          "Actual Startup Time": 789.483,
          "Actual Total Time": 832.392,
          "Actual Rows": 7,
          "Actual Loops": 1,
          "Workers Planned": 6,
          "Workers Launched": 6,
          "Single Copy": false,
          "Plans": [
            {
              "Node Type": "Aggregate",
              "Strategy": "Plain",
              "Partial Mode": "Partial",
              "Parent Relationship": "Outer",
              "Parallel Aware": false,
              "Startup Cost": 349333.67,
              "Total Cost": 349333.68,
              "Plan Rows": 1,
              "Plan Width": 8,
              "Actual Startup Time": 782.098,
              "Actual Total Time": 782.1,
              "Actual Rows": 1,
              "Actual Loops": 7,
              "Plans": [
                {
                  "Node Type": "Seq Scan",
                  "Parent Relationship": "Outer",
                  "Parallel Aware": true,
                  "Relation Name": "cast_info",
                  "Alias": "ci",
                  "Startup Cost": 0.0,
                  "Total Cost": 343316.27,
                  "Plan Rows": 2406959,
                  "Plan Width": 0,
                  "Actual Startup Time": 0.046,
                  "Actual Total Time": 669.547,
                  "Actual Rows": 2334387,
                  "Actual Loops": 7,
                  "Filter": "((person_id < 1709156) AND (role_id < 9))",
                  "Rows Removed by Filter": 2843376
                }
              ]
            }
          ]
        }
      ]
    },
    "Planning Time": 0.115,
    "Triggers": [],
    "Execution Time": 832.452
  }
]