[
  {
    "Plan": {
      "Node Type": "Aggregate",
      "Strategy": "Plain",
      "Partial Mode": "Finalize",
      "Parallel Aware": false,
      "Startup Cost": 350297.26,
      "Total Cost": 350297.27,
      "Plan Rows": 1,
      "Plan Width": 8,
      "Actual Startup Time": 747.583,
      "Actual Total Time": 813.306,
      "Actual Rows": 1,
      "Actual Loops": 1,
      "Plans": [
        {
          "Node Type": "Gather",
          "Parent Relationship": "Outer",
          "Parallel Aware": false,
          "Startup Cost": 350296.63,
          "Total Cost": 350297.24,
          "Plan Rows": 6,
          "Plan Width": 8,
          "Actual Startup Time": 747.462,
          "Actual Total Time": 813.293,
          "Actual Rows": 7,
          "Actual Loops": 1,
          "Workers Planned": 6,
          "Workers Launched": 6,
          "Single Copy": false,
          "Plans": [
            {
              "Node Type": "Aggregate",
              "Strategy": "Plain",
              "Partial Mode": "Partial",
              "Parent Relationship": "Outer",
              "Parallel Aware": false,
              "Startup Cost": 349296.63,
              "Total Cost": 349296.64,
              "Plan Rows": 1,
              "Plan Width": 8,
              "Actual Startup Time": 738.428,
              "Actual Total Time": 738.429,
              "Actual Rows": 1,
              "Actual Loops": 7,
              "Plans": [
                {
                  "Node Type": "Seq Scan",
                  "Parent Relationship": "Outer",
                  "Parallel Aware": true,
                  "Relation Name": "cast_info",
                  "Alias": "ci",
                  "Startup Cost": 0.0,
                  "Total Cost": 343257.03,
                  "Plan Rows": 2415842,
                  "Plan Width": 0,
                  "Actual Startup Time": 0.041,
                  "Actual Total Time": 640.261,
                  "Actual Rows": 2334387,
                  "Actual Loops": 7,
                  "Filter": "((person_id < 1709156) AND (role_id < 9))",
                  "Rows Removed by Filter": 2843376
                }
              ]
            }
          ]
        }
      ]
    },
    "Planning Time": 0.229,
    "Triggers": [],
    "Execution Time": 813.382
  }
]