[
  {
    "Plan": {
      "Node Type": "Aggregate",
      "Strategy": "Plain",
      "Partial Mode": "Finalize",
      "Parallel Aware": false,
      "Startup Cost": 24061.38,
      "Total Cost": 24061.39,
      "Plan Rows": 1,
      "Plan Width": 8,
      "Actual Startup Time": 32.225,
      "Actual Total Time": 36.214,
      "Actual Rows": 1,
      "Actual Loops": 1,
      "Plans": [
        {
          "Node Type": "Gather",
          "Parent Relationship": "Outer",
          "Parallel Aware": false,
          "Startup Cost": 24061.06,
          "Total Cost": 24061.37,
          "Plan Rows": 3,
          "Plan Width": 8,
          "Actual Startup Time": 32.084,
          "Actual Total Time": 36.206,
          "Actual Rows": 4,
          "Actual Loops": 1,
          "Workers Planned": 3,
          "Workers Launched": 3,
          "Single Copy": false,
          "Plans": [
            {
              "Node Type": "Aggregate",
              "Strategy": "Plain",
              "Partial Mode": "Partial",
              "Parent Relationship": "Outer",
              "Parallel Aware": false,
              "Startup Cost": 23061.06,
              "Total Cost": 23061.07,
              "Plan Rows": 1,
              "Plan Width": 8,
              "Actual Startup Time": 27.673,
              "Actual Total Time": 27.675,
              "Actual Rows": 1,
              "Actual Loops": 4,
              "Plans": [
                {
                  "Node Type": "Bitmap Heap Scan",
                  "Parent Relationship": "Outer",
                  "Parallel Aware": true,
                  "Relation Name": "movie_companies",
                  "Alias": "mc",
                  "Startup Cost": 3492.09,
                  "Total Cost": 22931.23,
                  "Plan Rows": 51932,
                  "Plan Width": 0,
                  "Actual Startup Time": 6.377,
                  "Actual Total Time": 25.021,
                  "Actual Rows": 39219,
                  "Actual Loops": 4,
                  "Recheck Cond": "(company_id > 129131)",
                  "Rows Removed by Index Recheck": 0,
                  "Exact Heap Blocks": 1482,
                  "Lossy Heap Blocks": 0,
                  "Plans": [
                    {
                      "Node Type": "Bitmap Index Scan",
                      "Parent Relationship": "Outer",
                      "Parallel Aware": false,
                      "Index Name": "company_id_movie_companies",
                      "Startup Cost": 0.0,
                      "Total Cost": 3451.84,
                      "Plan Rows": 160988,
                      "Plan Width": 0,
                      "Actual Startup Time": 9.409,
                      "Actual Total Time": 9.409,
                      "Actual Rows": 156877,
                      "Actual Loops": 1,
                      "Index Cond": "(company_id > 129131)"
                    }
                  ]
                }
              ]
            }
          ]
        }
      ]
    },
    "Planning Time": 0.098,
    "Triggers": [],
    "Execution Time": 36.253
  }
]