[
  {
    "Plan": {
      "Node Type": "Aggregate",
      "Strategy": "Plain",
      "Partial Mode": "Finalize",
      "Parallel Aware": false,
      "Startup Cost": 24040.69,
      "Total Cost": 24040.7,
      "Plan Rows": 1,
      "Plan Width": 8,
      "Actual Startup Time": 52.87,
      "Actual Total Time": 55.809,
      "Actual Rows": 1,
      "Actual Loops": 1,
      "Plans": [
        {
          "Node Type": "Gather",
          "Parent Relationship": "Outer",
          "Parallel Aware": false,
          "Startup Cost": 24040.37,
          "Total Cost": 24040.68,
          "Plan Rows": 3,
          "Plan Width": 8,
          "Actual Startup Time": 52.672,
          "Actual Total Time": 55.8,
          "Actual Rows": 4,
          "Actual Loops": 1,
          "Workers Planned": 3,
          "Workers Launched": 3,
          "Single Copy": false,
          "Plans": [
            {
              "Node Type": "Aggregate",
              "Strategy": "Plain",
              "Partial Mode": "Partial",
              "Parent Relationship": "Outer",
              "Parallel Aware": false,
              "Startup Cost": 23040.37,
              "Total Cost": 23040.38,
              "Plan Rows": 1,
              "Plan Width": 8,
              "Actual Startup Time": 44.038,
              "Actual Total Time": 44.039,
              "Actual Rows": 1,
              "Actual Loops": 4,
              "Plans": [
                {
                  "Node Type": "Bitmap Heap Scan",
                  "Parent Relationship": "Outer",
                  "Parallel Aware": true,
                  "Relation Name": "movie_companies",
                  "Alias": "mc",
                  "Startup Cost": 3474.74,
                  "Total Cost": 22911.1,
                  "Plan Rows": 51709,
                  "Plan Width": 0,
                  "Actual Startup Time": 14.85,
                  "Actual Total Time": 40.309,
                  "Actual Rows": 39219,
                  "Actual Loops": 4,
                  "Recheck Cond": "(company_id > 129131)",
                  "Rows Removed by Index Recheck": 0,
                  "Exact Heap Blocks": 2309,
                  "Lossy Heap Blocks": 0,
                  "Plans": [
                    {
                      "Node Type": "Bitmap Index Scan",
                      "Parent Relationship": "Outer",
                      "Parallel Aware": false,
                      "Index Name": "company_id_movie_companies",
                      "Startup Cost": 0.0,
                      "Total Cost": 3434.66,
                      "Plan Rows": 160298,
                      "Plan Width": 0,
                      "Actual Startup Time": 21.003,
                      "Actual Total Time": 21.004,
                      "Actual Rows": 156877,
                      "Actual Loops": 1,
                      "Index Cond": "(company_id > 129131)"
                    }
                  ]
                }
              ]
            }
          ]
        }
      ]
    },
    "Planning Time": 0.187,
    "Triggers": [],
    "Execution Time": 55.882
  }
]