[
  {
    "Plan": {
      "Node Type": "Aggregate",
      "Strategy": "Plain",
      "Partial Mode": "Finalize",
      "Parallel Aware": false,
      "Startup Cost": 352040.05,
      "Total Cost": 352040.07,
      "Plan Rows": 1,
      "Plan Width": 8,
      "Actual Startup Time": 803.988,
      "Actual Total Time": 832.085,
      "Actual Rows": 1,
      "Actual Loops": 1,
      "Plans": [
        {
          "Node Type": "Gather",
          "Parent Relationship": "Outer",
          "Parallel Aware": false,
          "Startup Cost": 352039.43,
          "Total Cost": 352040.04,
          "Plan Rows": 6,
          "Plan Width": 8,
          "Actual Startup Time": 803.895,
          "Actual Total Time": 832.079,
          "Actual Rows": 7,
          "Actual Loops": 1,
          "Workers Planned": 6,
          "Workers Launched": 6,
          "Single Copy": false,
          "Plans": [
            {
              "Node Type": "Aggregate",
              "Strategy": "Plain",
              "Partial Mode": "Partial",
              "Parent Relationship": "Outer",
              "Parallel Aware": false,
              "Startup Cost": 351039.43,
              "Total Cost": 351039.44,
              "Plan Rows": 1,
              "Plan Width": 8,
              "Actual Startup Time": 798.002,
              "Actual Total Time": 798.003,
              "Actual Rows": 1,
              "Actual Loops": 7,
              "Plans": [
                {
                  "Node Type": "Seq Scan",
                  "Parent Relationship": "Outer",
                  "Parallel Aware": true,
                  "Relation Name": "cast_info",
                  "Alias": "ci",
                  "Startup Cost": 0.0,
                  "Total Cost": 343318.94,
                  "Plan Rows": 3088196,
                  "Plan Width": 0,
                  "Actual Startup Time": 205.38,
                  "Actual Total Time": 657.371,
                  "Actual Rows": 3055493,
                  "Actual Loops": 7,
                  "Filter": "((person_id > 766713) AND (role_id > 1))",
                  "Rows Removed by Filter": 2122270
                }
              ]
            }
          ]
        }
      ]
    },
    "Planning Time": 0.095,
    "Triggers": [],
    "Execution Time": 832.114
  }
]