[
  {
    "Plan": {
      "Node Type": "Aggregate",
      "Strategy": "Plain",
      "Partial Mode": "Finalize",
      "Parallel Aware": false,
      "Startup Cost": 108674.5,
      "Total Cost": 108674.51,
      "Plan Rows": 1,
      "Plan Width": 8,
      "Actual Startup Time": 542.24,
      "Actual Total Time": 562.719,
      "Actual Rows": 1,
      "Actual Loops": 1,
      "Plans": [
        {
          "Node Type": "Gather",
          "Parent Relationship": "Outer",
          "Parallel Aware": false,
          "Startup Cost": 108674.18,
          "Total Cost": 108674.49,
          "Plan Rows": 3,
          "Plan Width": 8,
          "Actual Startup Time": 537.396,
          "Actual Total Time": 562.703,
          "Actual Rows": 4,
          "Actual Loops": 1,
          "Workers Planned": 3,
          "Workers Launched": 3,
          "Single Copy": false,
          "Plans": [
            {
              "Node Type": "Aggregate",
              "Strategy": "Plain",
              "Partial Mode": "Partial",
              "Parent Relationship": "Outer",
              "Parallel Aware": false,
              "Startup Cost": 107674.18,
              "Total Cost": 107674.19,
              "Plan Rows": 1,
              "Plan Width": 8,
              "Actual Startup Time": 527.671,
              "Actual Total Time": 527.937,
              "Actual Rows": 1,
              "Actual Loops": 4,
              "Plans": [
                {
                  "Node Type": "Hash Join",
                  "Parent Relationship": "Outer",
                  "Parallel Aware": true,
                  "Join Type": "Inner",
                  "Startup Cost": 62249.9,
                  "Total Cost": 107580.04,
                  "Plan Rows": 37658,
                  "Plan Width": 0,
                  "Actual Startup Time": 309.12,
                  "Actual Total Time": 501.017,
                  "Actual Rows": 516049,
                  "Actual Loops": 4,
                  "Inner Unique": false,
                  "Hash Cond": "(mk.movie_id = t.id)",
                  "Plans": [
                    {
                      "Node Type": "Seq Scan",
                      "Parent Relationship": "Outer",
                      "Parallel Aware": true,
                      "Relation Name": "movie_keyword",
                      "Alias": "mk",
                      "Startup Cost": 0.0,
                      "Total Cost": 42695.65,
                      "Plan Rows": 660687,
                      "Plan Width": 4,
                      "Actual Startup Time": 0.036,
                      "Actual Total Time": 122.024,
                      "Actual Rows": 512773,
                      "Actual Loops": 4,
                      "Filter": "(keyword_id < 3660)",
                      "Rows Removed by Filter": 618209
                    },
                    {
                      "Node Type": "Hash",
                      "Parent Relationship": "Inner",
                      "Parallel Aware": true,
                      "Startup Cost": 61499.28,
                      "Total Cost": 61499.28,
                      "Plan Rows": 60049,
                      "Plan Width": 8,
                      "Actual Startup Time": 274.0,
                      "Actual Total Time": 274.263,
                      "Actual Rows": 89376,
                      "Actual Loops": 4,
                      "Hash Buckets": 524288,
                      "Original Hash Buckets": 262144,
                      "Hash Batches": 1,
                      "Original Hash Batches": 1,
                      "Peak Memory Usage": 20192,
                      "Plans": [
                        {
                          "Node Type": "Hash Join",
                          "Parent Relationship": "Outer",
                          "Parallel Aware": true,
                          "Join Type": "Inner",
                          "Startup Cost": 46304.72,
                          "Total Cost": 61499.28,
                          "Plan Rows": 60049,
                          "Plan Width": 8,
                          "Actual Startup Time": 184.435,
                          "Actual Total Time": 244.98,
                          "Actual Rows": 89376,
                          "Actual Loops": 4,
                          "Inner Unique": true,
                          "Hash Cond": "(mi_idx.movie_id = t.id)",
                          "Plans": [
                            {
                              "Node Type": "Seq Scan",
                              "Parent Relationship": "Outer",
                              "Parallel Aware": true,
                              "Relation Name": "movie_info_idx",
                              "Alias": "mi_idx",
                              "Startup Cost": 0.0,
                              "Total Cost": 13685.15,
                              "Plan Rows": 575015,
                              "Plan Width": 4,
                              "Actual Startup Time": 0.011,
                              "Actual Total Time": 33.822,
                              "Actual Rows": 345009,
                              "Actual Loops": 4
                            },
                            {
                              "Node Type": "Hash",
                              "Parent Relationship": "Inner",
                              "Parallel Aware": true,
                              "Startup Cost": 45479.59,
                              "Total Cost": 45479.59,
                              "Plan Rows": 66011,
                              "Plan Width": 4,
                              "Actual Startup Time": 150.375,
                              "Actual Total Time": 150.377,
                              "Actual Rows": 93549,
                              "Actual Loops": 4,
                              "Hash Buckets": 524288,
                              "Original Hash Buckets": 524288,
                              "Hash Batches": 1,
                              "Original Hash Batches": 1,
                              "Peak Memory Usage": 18816,
                              "Plans": [
                                {
                                  "Node Type": "Seq Scan",
                                  "Parent Relationship": "Outer",
                                  "Parallel Aware": true,
                                  "Relation Name": "title",
                                  "Alias": "t",
                                  "Startup Cost": 0.0,
                                  "Total Cost": 45479.59,
                                  "Plan Rows": 66011,
                                  "Plan Width": 4,
                                  "Actual Startup Time": 68.998,
                                  "Actual Total Time": 117.095,
                                  "Actual Rows": 93549,
                                  "Actual Loops": 4,
                                  "Filter": "((production_year < 2000) AND (kind_id = 1))",
                                  "Rows Removed by Filter": 538529
                                }
                              ]
                            }
                          ]
                        }
                      ]
                    }
                  ]
                }
              ]
            }
          ]
        }
      ]
    },
    "Planning Time": 1.35,
    "Triggers": [],
    "Execution Time": 562.794
  }
]