[
  {
    "Plan": {
      "Node Type": "Aggregate",
      "Strategy": "Plain",
      "Partial Mode": "Finalize",
      "Parallel Aware": false,
      "Startup Cost": 115459.99,
      "Total Cost": 115460.0,
      "Plan Rows": 1,
      "Plan Width": 8,
      "Actual Startup Time": 795.956,
      "Actual Total Time": 812.385,
      "Actual Rows": 1,
      "Actual Loops": 1,
      "Plans": [
        {
          "Node Type": "Gather",
          "Parent Relationship": "Outer",
          "Parallel Aware": false,
          "Startup Cost": 115459.77,
          "Total Cost": 115459.98,
          "Plan Rows": 2,
          "Plan Width": 8,
          "Actual Startup Time": 787.557,
          "Actual Total Time": 812.377,
          "Actual Rows": 3,
          "Actual Loops": 1,
          "Workers Planned": 2,
          "Workers Launched": 2,
          "Single Copy": false,
          "Plans": [
            {
              "Node Type": "Aggregate",
              "Strategy": "Plain",
              "Partial Mode": "Partial",
              "Parent Relationship": "Outer",
              "Parallel Aware": false,
              "Startup Cost": 114459.77,
              "Total Cost": 114459.78,
              "Plan Rows": 1,
              "Plan Width": 8,
              "Actual Startup Time": 778.912,
              "Actual Total Time": 778.918,
              "Actual Rows": 1,
              "Actual Loops": 3,
              "Plans": [
                {
                  "Node Type": "Hash Join",
                  "Parent Relationship": "Outer",
                  "Parallel Aware": true,
                  "Join Type": "Inner",
                  "Startup Cost": 97575.97,
                  "Total Cost": 114004.66,
                  "Plan Rows": 182045,
                  "Plan Width": 0,
                  "Actual Startup Time": 634.572,
                  "Actual Total Time": 756.187,
                  "Actual Rows": 579515,
                  "Actual Loops": 3,
                  "Inner Unique": false,
                  "Hash Cond": "(mi_idx.movie_id = t.id)",
                  "Plans": [
                    {
                      "Node Type": "Seq Scan",
                      "Parent Relationship": "Outer",
                      "Parallel Aware": true,
                      "Relation Name": "movie_info_idx",
                      "Alias": "mi_idx",
                      "Startup Cost": 0.0,
                      "Total Cost": 13685.15,
                      "Plan Rows": 575015,
                      "Plan Width": 4,
                      "Actual Startup Time": 0.026,
                      "Actual Total Time": 32.763,
                      "Actual Rows": 460012,
                      "Actual Loops": 3
                    },
                    {
                      "Node Type": "Hash",
                      "Parent Relationship": "Inner",
                      "Parallel Aware": true,
                      "Startup Cost": 94348.4,
                      "Total Cost": 94348.4,
                      "Plan Rows": 258205,
                      "Plan Width": 8,
                      "Actual Startup Time": 623.896,
                      "Actual Total Time": 623.9,
                      "Actual Rows": 247841,
                      "Actual Loops": 3,
                      "Hash Buckets": 1048576,
                      "Original Hash Buckets": 1048576,
                      "Hash Batches": 1,
                      "Original Hash Batches": 1,
                      "Peak Memory Usage": 37344,
                      "Plans": [
                        {
                          "Node Type": "Hash Join",
                          "Parent Relationship": "Outer",
                          "Parallel Aware": true,
                          "Join Type": "Inner",
                          "Startup Cost": 50886.35,
                          "Total Cost": 94348.4,
                          "Plan Rows": 258205,
                          "Plan Width": 8,
                          "Actual Startup Time": 384.544,
                          "Actual Total Time": 565.186,
                          "Actual Rows": 247841,
                          "Actual Loops": 3,
                          "Inner Unique": true,
                          "Hash Cond": "(mk.movie_id = t.id)",
                          "Plans": [
                            {
                              "Node Type": "Seq Scan",
                              "Parent Relationship": "Outer",
                              "Parallel Aware": true,
                              "Relation Name": "movie_keyword",
                              "Alias": "mk",
                              "Startup Cost": 0.0,
                              "Total Cost": 42695.65,
                              "Plan Rows": 291961,
                              "Plan Width": 4,
                              "Actual Startup Time": 1.824,
                              "Actual Total Time": 115.207,
                              "Actual Rows": 299120,
                              "Actual Loops": 3,
                              "Filter": "(keyword_id > 20580)",
                              "Rows Removed by Filter": 1208857
                            },
                            {
                              "Node Type": "Hash",
                              "Parent Relationship": "Inner",
                              "Parallel Aware": true,
                              "Startup Cost": 43898.92,
                              "Total Cost": 43898.92,
                              "Plan Rows": 558995,
                              "Plan Width": 4,
                              "Actual Startup Time": 372.324,
                              "Actual Total Time": 372.325,
                              "Actual Rows": 741778,
                              "Actual Loops": 3,
                              "Hash Buckets": 4194304,
                              "Original Hash Buckets": 4194304,
                              "Hash Batches": 1,
                              "Original Hash Batches": 1,
                              "Peak Memory Usage": 119872,
                              "Plans": [
                                {
                                  "Node Type": "Seq Scan",
                                  "Parent Relationship": "Outer",
                                  "Parallel Aware": true,
                                  "Relation Name": "title",
                                  "Alias": "t",
                                  "Startup Cost": 0.0,
                                  "Total Cost": 43898.92,
                                  "Plan Rows": 558995,
                                  "Plan Width": 4,
                                  "Actual Startup Time": 0.044,
                                  "Actual Total Time": 127.613,
                                  "Actual Rows": 741778,
                                  "Actual Loops": 3,
                                  "Filter": "(production_year > 1958)",
                                  "Rows Removed by Filter": 100992
                                }
                              ]
                            }
                          ]
                        }
                      ]
                    }
                  ]
                }
              ]
            }
          ]
        }
      ]
    },
    "Planning Time": 1.275,
    "Triggers": [],
    "Execution Time": 812.467
  }
]