[
  {
    "Plan": {
      "Node Type": "Aggregate",
      "Strategy": "Plain",
      "Partial Mode": "Finalize",
      "Parallel Aware": false,
      "Startup Cost": 33144.04,
      "Total Cost": 33144.05,
      "Plan Rows": 1,
      "Plan Width": 8,
      "Actual Startup Time": 100.313,
      "Actual Total Time": 108.338,
      "Actual Rows": 1,
      "Actual Loops": 1,
      "Plans": [
        {
          "Node Type": "Gather",
          "Parent Relationship": "Outer",
          "Parallel Aware": false,
          "Startup Cost": 33143.73,
          "Total Cost": 33144.04,
          "Plan Rows": 3,
          "Plan Width": 8,
          "Actual Startup Time": 100.203,
          "Actual Total Time": 108.329,
          "Actual Rows": 4,
          "Actual Loops": 1,
          "Workers Planned": 3,
          "Workers Launched": 3,
          "Single Copy": false,
          "Plans": [
            {
              "Node Type": "Aggregate",
              "Strategy": "Plain",
              "Partial Mode": "Partial",
              "Parent Relationship": "Outer",
              "Parallel Aware": false,
              "Startup Cost": 32143.73,
              "Total Cost": 32143.74,
              "Plan Rows": 1,
              "Plan Width": 8,
              "Actual Startup Time": 92.698,
              "Actual Total Time": 92.699,
              "Actual Rows": 1,
              "Actual Loops": 4,
              "Plans": [
                {
                  "Node Type": "Seq Scan",
                  "Parent Relationship": "Outer",
                  "Parallel Aware": true,
                  "Relation Name": "movie_companies",
                  "Alias": "mc",
                  "Startup Cost": 0.0,
                  "Total Cost": 31414.82,
                  "Plan Rows": 291563,
                  "Plan Width": 0,
                  "Actual Startup Time": 51.37,
                  "Actual Total Time": 86.018,
                  "Actual Rows": 145940,
                  "Actual Loops": 4,
                  "Filter": "((company_id < 26041) AND (company_type_id > 1))",
                  "Rows Removed by Filter": 506343
                }
              ]
            }
          ]
        }
      ]
    },
    "Planning Time": 0.209,
    "Triggers": [],
    "Execution Time": 108.395
  }
]