[
  {
    "Plan": {
      "Node Type": "Aggregate",
      "Strategy": "Plain",
      "Partial Mode": "Finalize",
      "Parallel Aware": false,
      "Startup Cost": 421404.28,
      "Total Cost": 421404.29,
      "Plan Rows": 1,
      "Plan Width": 8,
      "Actual Startup Time": 2404.119,
      "Actual Total Time": 2481.961,
      "Actual Rows": 1,
      "Actual Loops": 1,
      "Plans": [
        {
          "Node Type": "Gather",
          "Parent Relationship": "Outer",
          "Parallel Aware": false,
          "Startup Cost": 421403.96,
          "Total Cost": 421404.27,
          "Plan Rows": 3,
          "Plan Width": 8,
          "Actual Startup Time": 2380.647,
          "Actual Total Time": 2481.945,
          "Actual Rows": 4,
          "Actual Loops": 1,
          "Workers Planned": 3,
          "Workers Launched": 3,
          "Single Copy": false,
          "Plans": [
            {
              "Node Type": "Aggregate",
              "Strategy": "Plain",
              "Partial Mode": "Partial",
              "Parent Relationship": "Outer",
              "Parallel Aware": false,
              "Startup Cost": 420403.96,
              "Total Cost": 420403.97,
              "Plan Rows": 1,
              "Plan Width": 8,
              "Actual Startup Time": 2369.005,
              "Actual Total Time": 2370.055,
              "Actual Rows": 1,
              "Actual Loops": 4,
              "Plans": [
                {
                  "Node Type": "Hash Join",
                  "Parent Relationship": "Outer",
                  "Parallel Aware": true,
                  "Join Type": "Inner",
                  "Startup Cost": 386317.13,
                  "Total Cost": 418745.07,
                  "Plan Rows": 663557,
                  "Plan Width": 0,
                  "Actual Startup Time": 1836.89,
                  "Actual Total Time": 2268.692,
                  "Actual Rows": 2138093,
                  "Actual Loops": 4,
                  "Inner Unique": false,
                  "Hash Cond": "(mc.movie_id = t.id)",
                  "Plans": [
                    {
                      "Node Type": "Seq Scan",
                      "Parent Relationship": "Outer",
                      "Parallel Aware": true,
                      "Relation Name": "movie_companies",
                      "Alias": "mc",
                      "Startup Cost": 0.0,
                      "Total Cost": 29310.68,
                      "Plan Rows": 536353,
                      "Plan Width": 4,
                      "Actual Startup Time": 0.025,
                      "Actual Total Time": 79.396,
                      "Actual Rows": 417377,
                      "Actual Loops": 4,
                      "Filter": "(company_id < 19058)",
                      "Rows Removed by Filter": 234906
                    },
                    {
                      "Node Type": "Hash",
                      "Parent Relationship": "Inner",
                      "Parallel Aware": true,
                      "Startup Cost": 379800.31,
                      "Total Cost": 379800.31,
                      "Plan Rows": 521346,
                      "Plan Width": 8,
                      "Actual Startup Time": 1829.067,
                      "Actual Total Time": 1830.116,
                      "Actual Rows": 768171,
                      "Actual Loops": 4,
                      "Hash Buckets": 4194304,
                      "Original Hash Buckets": 4194304,
                      "Hash Batches": 1,
                      "Original Hash Batches": 1,
                      "Peak Memory Usage": 153056,
                      "Plans": [
                        {
                          "Node Type": "Hash Join",
                          "Parent Relationship": "Outer",
                          "Parallel Aware": true,
                          "Join Type": "Inner",
                          "Startup Cost": 50220.38,
                          "Total Cost": 379800.31,
                          "Plan Rows": 521346,
                          "Plan Width": 8,
                          "Actual Startup Time": 1004.772,
                          "Actual Total Time": 1540.467,
                          "Actual Rows": 768171,
                          "Actual Loops": 4,
                          "Inner Unique": true,
                          "Hash Cond": "(ci.movie_id = t.id)",
                          "Plans": [
                            {
                              "Node Type": "Seq Scan",
                              "Parent Relationship": "Outer",
                              "Parallel Aware": true,
                              "Relation Name": "cast_info",
                              "Alias": "ci",
                              "Startup Cost": 0.0,
                              "Total Cost": 328211.39,
                              "Plan Rows": 521346,
                              "Plan Width": 4,
                              "Actual Startup Time": 637.412,
                              "Actual Total Time": 798.853,
                              "Actual Rows": 768171,
                              "Actual Loops": 4,
                              "Filter": "(person_id > 3495149)",
                              "Rows Removed by Filter": 8292915
                            },
                            {
                              "Node Type": "Hash",
                              "Parent Relationship": "Inner",
                              "Parallel Aware": true,
                              "Startup Cost": 42319.06,
                              "Total Cost": 42319.06,
                              "Plan Rows": 632106,
                              "Plan Width": 4,
                              "Actual Startup Time": 360.147,
                              "Actual Total Time": 360.148,
                              "Actual Rows": 632078,
                              "Actual Loops": 4,
                              "Hash Buckets": 4194304,
                              "Original Hash Buckets": 4194304,
                              "Hash Batches": 1,
                              "Original Hash Batches": 1,
                              "Peak Memory Usage": 131776,
                              "Plans": [
                                {
                                  "Node Type": "Seq Scan",
                                  "Parent Relationship": "Outer",
                                  "Parallel Aware": true,
                                  "Relation Name": "title",
                                  "Alias": "t",
                                  "Startup Cost": 0.0,
                                  "Total Cost": 42319.06,
                                  "Plan Rows": 632106,
                                  "Plan Width": 4,
                                  "Actual Startup Time": 0.054,
                                  "Actual Total Time": 104.904,
                                  "Actual Rows": 632078,
                                  "Actual Loops": 4
                                }
                              ]
                            }
                          ]
                        }
                      ]
                    }
                  ]
                }
              ]
            }
          ]
        }
      ]
    },
    "Planning Time": 0.526,
    "Triggers": [],
    "Execution Time": 2482.012
  }
]