[
  {
    "Plan": {
      "Node Type": "Aggregate",
      "Strategy": "Plain",
      "Partial Mode": "Finalize",
      "Parallel Aware": false,
      "Startup Cost": 252873.54,
      "Total Cost": 252873.55,
      "Plan Rows": 1,
      "Plan Width": 8,
      "Actual Startup Time": 756.24,
      "Actual Total Time": 796.109,
      "Actual Rows": 1,
      "Actual Loops": 1,
      "Plans": [
        {
          "Node Type": "Gather",
          "Parent Relationship": "Outer",
          "Parallel Aware": false,
          "Startup Cost": 252873.02,
          "Total Cost": 252873.53,
          "Plan Rows": 5,
          "Plan Width": 8,
          "Actual Startup Time": 750.571,
          "Actual Total Time": 796.097,
          "Actual Rows": 6,
          "Actual Loops": 1,
          "Workers Planned": 5,
          "Workers Launched": 5,
          "Single Copy": false,
          "Plans": [
            {
              "Node Type": "Aggregate",
              "Strategy": "Plain",
              "Partial Mode": "Partial",
              "Parent Relationship": "Outer",
              "Parallel Aware": false,
              "Startup Cost": 251873.02,
              "Total Cost": 251873.03,
              "Plan Rows": 1,
              "Plan Width": 8,
              "Actual Startup Time": 742.073,
              "Actual Total Time": 742.079,
              "Actual Rows": 1,
              "Actual Loops": 6,
              "Plans": [
                {
                  "Node Type": "Hash Join",
                  "Parent Relationship": "Outer",
                  "Parallel Aware": true,
                  "Join Type": "Inner",
                  "Startup Cost": 48394.16,
                  "Total Cost": 250736.77,
                  "Plan Rows": 454501,
                  "Plan Width": 0,
                  "Actual Startup Time": 161.597,
                  "Actual Total Time": 714.133,
                  "Actual Rows": 638220,
                  "Actual Loops": 6,
                  "Inner Unique": true,
                  "Hash Cond": "(mi.movie_id = t.id)",
                  "Plans": [
                    {
                      "Node Type": "Seq Scan",
                      "Parent Relationship": "Outer",
                      "Parallel Aware": true,
                      "Relation Name": "movie_info",
                      "Alias": "mi",
                      "Startup Cost": 0.0,
                      "Total Cost": 199108.24,
                      "Plan Rows": 1232139,
                      "Plan Width": 4,
                      "Actual Startup Time": 16.093,
                      "Actual Total Time": 320.887,
                      "Actual Rows": 1037249,
                      "Actual Loops": 6,
                      "Filter": "(info_type_id > 8)",
                      "Rows Removed by Filter": 1435371
                    },
                    {
                      "Node Type": "Hash",
                      "Parent Relationship": "Inner",
                      "Parallel Aware": true,
                      "Startup Cost": 45479.59,
                      "Total Cost": 45479.59,
                      "Plan Rows": 233166,
                      "Plan Width": 4,
                      "Actual Startup Time": 143.186,
                      "Actual Total Time": 143.187,
                      "Actual Rows": 151710,
                      "Actual Loops": 6,
                      "Hash Buckets": 1048576,
                      "Original Hash Buckets": 1048576,
                      "Hash Batches": 1,
                      "Original Hash Batches": 1,
                      "Peak Memory Usage": 43904,
                      "Plans": [
                        {
                          "Node Type": "Seq Scan",
                          "Parent Relationship": "Outer",
                          "Parallel Aware": true,
                          "Relation Name": "title",
                          "Alias": "t",
                          "Startup Cost": 0.0,
                          "Total Cost": 45479.59,
                          "Plan Rows": 233166,
                          "Plan Width": 4,
                          "Actual Startup Time": 0.05,
                          "Actual Total Time": 83.001,
                          "Actual Rows": 151710,
                          "Actual Loops": 6,
                          "Filter": "((kind_id < 7) AND (production_year > 1915))",
                          "Rows Removed by Filter": 269675
                        }
                      ]
                    }
                  ]
                }
              ]
            }
          ]
        }
      ]
    },
    "Planning Time": 0.279,
    "Triggers": [],
    "Execution Time": 796.151
  }
]