[
  {
    "Plan": {
      "Node Type": "Aggregate",
      "Strategy": "Plain",
      "Partial Mode": "Finalize",
      "Parallel Aware": false,
      "Startup Cost": 157040.67,
      "Total Cost": 157040.68,
      "Plan Rows": 1,
      "Plan Width": 8,
      "Actual Startup Time": 124.616,
      "Actual Total Time": 146.225,
      "Actual Rows": 1,
      "Actual Loops": 1,
      "Plans": [
        {
          "Node Type": "Gather",
          "Parent Relationship": "Outer",
          "Parallel Aware": false,
          "Startup Cost": 157040.25,
          "Total Cost": 157040.66,
          "Plan Rows": 4,
          "Plan Width": 8,
          "Actual Startup Time": 124.42,
          "Actual Total Time": 146.214,
          "Actual Rows": 5,
          "Actual Loops": 1,
          "Workers Planned": 4,
          "Workers Launched": 4,
          "Single Copy": false,
          "Plans": [
            {
              "Node Type": "Aggregate",
              "Strategy": "Plain",
              "Partial Mode": "Partial",
              "Parent Relationship": "Outer",
              "Parallel Aware": false,
              "Startup Cost": 156040.25,
              "Total Cost": 156040.26,
              "Plan Rows": 1,
              "Plan Width": 8,
              "Actual Startup Time": 115.579,
              "Actual Total Time": 115.582,
              "Actual Rows": 1,
              "Actual Loops": 5,
              "Plans": [
                {
                  "Node Type": "Nested Loop",
                  "Parent Relationship": "Outer",
                  "Parallel Aware": false,
                  "Join Type": "Inner",
                  "Startup Cost": 0.56,
                  "Total Cost": 156025.99,
                  "Plan Rows": 5706,
                  "Plan Width": 0,
                  "Actual Startup Time": 60.4,
                  "Actual Total Time": 115.268,
                  "Actual Rows": 2968,
                  "Actual Loops": 5,
                  "Inner Unique": false,
                  "Plans": [
                    {
                      "Node Type": "Seq Scan",
                      "Parent Relationship": "Outer",
                      "Parallel Aware": true,
                      "Relation Name": "title",
                      "Alias": "t",
                      "Startup Cost": 0.0,
                      "Total Cost": 43899.32,
                      "Plan Rows": 969,
                      "Plan Width": 4,
                      "Actual Startup Time": 60.282,
                      "Actual Total Time": 81.351,
                      "Actual Rows": 802,
                      "Actual Loops": 5,
                      "Filter": "(production_year = 1920)",
                      "Rows Removed by Filter": 504860
                    },
                    {
                      "Node Type": "Index Scan",
                      "Parent Relationship": "Inner",
                      "Parallel Aware": false,
                      "Scan Direction": "Forward",
                      "Index Name": "movie_id_cast_info",
                      "Relation Name": "cast_info",
                      "Alias": "ci",
                      "Startup Cost": 0.56,
                      "Total Cost": 115.57,
                      "Plan Rows": 14,
                      "Plan Width": 4,
                      "Actual Startup Time": 0.014,
                      "Actual Total Time": 0.041,
                      "Actual Rows": 4,
                      "Actual Loops": 4012,
                      "Index Cond": "(movie_id = t.id)",
                      "Rows Removed by Index Recheck": 0,
                      "Filter": "(person_id < 1482001)",
                      "Rows Removed by Filter": 4
                    }
                  ]
                }
              ]
            }
          ]
        }
      ]
    },
    "Planning Time": 0.636,
    "Triggers": [],
    "Execution Time": 146.298
  }
]