[
  {
    "Plan": {
      "Node Type": "Aggregate",
      "Strategy": "Plain",
      "Partial Mode": "Finalize",
      "Parallel Aware": false,
      "Startup Cost": 81458.39,
      "Total Cost": 81458.4,
      "Plan Rows": 1,
      "Plan Width": 8,
      "Actual Startup Time": 647.928,
      "Actual Total Time": 672.333,
      "Actual Rows": 1,
      "Actual Loops": 1,
      "Plans": [
        {
          "Node Type": "Gather",
          "Parent Relationship": "Outer",
          "Parallel Aware": false,
          "Startup Cost": 81458.07,
          "Total Cost": 81458.38,
          "Plan Rows": 3,
          "Plan Width": 8,
          "Actual Startup Time": 641.402,
          "Actual Total Time": 672.319,
          "Actual Rows": 4,
          "Actual Loops": 1,
          "Workers Planned": 3,
          "Workers Launched": 3,
          "Single Copy": false,
          "Plans": [
            {
              "Node Type": "Aggregate",
              "Strategy": "Plain",
              "Partial Mode": "Partial",
              "Parent Relationship": "Outer",
              "Parallel Aware": false,
              "Startup Cost": 80458.07,
              "Total Cost": 80458.08,
              "Plan Rows": 1,
              "Plan Width": 8,
              "Actual Startup Time": 614.575,
              "Actual Total Time": 614.582,
              "Actual Rows": 1,
              "Actual Loops": 4,
              "Plans": [
                {
                  "Node Type": "Hash Join",
                  "Parent Relationship": "Outer",
                  "Parallel Aware": true,
                  "Join Type": "Inner",
                  "Startup Cost": 54782.27,
                  "Total Cost": 80284.77,
                  "Plan Rows": 69322,
                  "Plan Width": 0,
                  "Actual Startup Time": 516.564,
                  "Actual Total Time": 610.264,
                  "Actual Rows": 54812,
                  "Actual Loops": 4,
                  "Inner Unique": true,
                  "Hash Cond": "(mk.movie_id = t.id)",
                  "Plans": [
                    {
                      "Node Type": "Bitmap Heap Scan",
                      "Parent Relationship": "Outer",
                      "Parallel Aware": true,
                      "Relation Name": "movie_keyword",
                      "Alias": "mk",
                      "Startup Cost": 4561.89,
                      "Total Cost": 29882.42,
                      "Plan Rows": 69322,
                      "Plan Width": 4,
                      "Actual Startup Time": 28.031,
                      "Actual Total Time": 86.858,
                      "Actual Rows": 54812,
                      "Actual Loops": 4,
                      "Recheck Cond": "(keyword_id > 64921)",
                      "Rows Removed by Index Recheck": 0,
                      "Exact Heap Blocks": 5068,
                      "Lossy Heap Blocks": 0,
                      "Plans": [
                        {
                          "Node Type": "Bitmap Index Scan",
                          "Parent Relationship": "Outer",
                          "Parallel Aware": false,
                          "Index Name": "keyword_id_movie_keyword",
                          "Startup Cost": 0.0,
                          "Total Cost": 4508.17,
                          "Plan Rows": 214898,
                          "Plan Width": 0,
                          "Actual Startup Time": 23.216,
                          "Actual Total Time": 23.218,
                          "Actual Rows": 219249,
                          "Actual Loops": 1,
                          "Index Cond": "(keyword_id > 64921)"
                        }
                      ]
                    },
                    {
                      "Node Type": "Hash",
                      "Parent Relationship": "Inner",
                      "Parallel Aware": true,
                      "Startup Cost": 42319.06,
                      "Total Cost": 42319.06,
                      "Plan Rows": 632106,
                      "Plan Width": 4,
                      "Actual Startup Time": 474.532,
                      "Actual Total Time": 474.533,
                      "Actual Rows": 632078,
                      "Actual Loops": 4,
                      "Hash Buckets": 4194304,
                      "Original Hash Buckets": 4194304,
                      "Hash Batches": 1,
                      "Original Hash Batches": 1,
                      "Peak Memory Usage": 131712,
                      "Plans": [
                        {
                          "Node Type": "Seq Scan",
                          "Parent Relationship": "Outer",
                          "Parallel Aware": true,
                          "Relation Name": "title",
                          "Alias": "t",
                          "Startup Cost": 0.0,
                          "Total Cost": 42319.06,
                          "Plan Rows": 632106,
                          "Plan Width": 4,
                          "Actual Startup Time": 0.066,
                          "Actual Total Time": 136.529,
                          "Actual Rows": 632078,
                          "Actual Loops": 4
                        }
                      ]
                    }
                  ]
                }
              ]
            }
          ]
        }
      ]
    },
    "Planning Time": 1.525,
    "Triggers": [],
    "Execution Time": 672.44
  }
]