[
  {
    "Plan": {
      "Node Type": "Aggregate",
      "Strategy": "Plain",
      "Partial Mode": "Finalize",
      "Parallel Aware": false,
      "Startup Cost": 299919.6,
      "Total Cost": 299919.61,
      "Plan Rows": 1,
      "Plan Width": 8,
      "Actual Startup Time": 1736.052,
      "Actual Total Time": 1788.435,
      "Actual Rows": 1,
      "Actual Loops": 1,
      "Plans": [
        {
          "Node Type": "Gather",
          "Parent Relationship": "Outer",
          "Parallel Aware": false,
          "Startup Cost": 299919.07,
          "Total Cost": 299919.58,
          "Plan Rows": 5,
          "Plan Width": 8,
          "Actual Startup Time": 1709.594,
          "Actual Total Time": 1788.423,
          "Actual Rows": 6,
          "Actual Loops": 1,
          "Workers Planned": 5,
          "Workers Launched": 5,
          "Single Copy": false,
          "Plans": [
            {
              "Node Type": "Aggregate",
              "Strategy": "Plain",
              "Partial Mode": "Partial",
              "Parent Relationship": "Outer",
              "Parallel Aware": false,
              "Startup Cost": 298919.07,
              "Total Cost": 298919.08,
              "Plan Rows": 1,
              "Plan Width": 8,
              "Actual Startup Time": 1699.812,
              "Actual Total Time": 1699.947,
              "Actual Rows": 1,
              "Actual Loops": 6,
              "Plans": [
                {
                  "Node Type": "Hash Join",
                  "Parent Relationship": "Outer",
                  "Parallel Aware": true,
                  "Join Type": "Inner",
                  "Startup Cost": 92189.89,
                  "Total Cost": 297212.14,
                  "Plan Rows": 682773,
                  "Plan Width": 0,
                  "Actual Startup Time": 501.007,
                  "Actual Total Time": 1520.03,
                  "Actual Rows": 3836944,
                  "Actual Loops": 6,
                  "Inner Unique": false,
                  "Hash Cond": "(mi.movie_id = t.id)",
                  "Plans": [
                    {
                      "Node Type": "Seq Scan",
                      "Parent Relationship": "Outer",
                      "Parallel Aware": true,
                      "Relation Name": "movie_info",
                      "Alias": "mi",
                      "Startup Cost": 0.0,
                      "Total Cost": 191685.19,
                      "Plan Rows": 2969219,
                      "Plan Width": 4,
                      "Actual Startup Time": 0.062,
                      "Actual Total Time": 307.928,
                      "Actual Rows": 2472620,
                      "Actual Loops": 6
                    },
                    {
                      "Node Type": "Hash",
                      "Parent Relationship": "Inner",
                      "Parallel Aware": true,
                      "Startup Cost": 89845.49,
                      "Total Cost": 89845.49,
                      "Plan Rows": 187552,
                      "Plan Width": 8,
                      "Actual Startup Time": 496.479,
                      "Actual Total Time": 496.611,
                      "Actual Rows": 98473,
                      "Actual Loops": 6,
                      "Hash Buckets": 1048576,
                      "Original Hash Buckets": 1048576,
                      "Hash Batches": 1,
                      "Original Hash Batches": 1,
                      "Peak Memory Usage": 31392,
                      "Plans": [
                        {
                          "Node Type": "Hash Join",
                          "Parent Relationship": "Outer",
                          "Parallel Aware": true,
                          "Join Type": "Inner",
                          "Startup Cost": 62554.76,
                          "Total Cost": 89845.49,
                          "Plan Rows": 187552,
                          "Plan Width": 8,
                          "Actual Startup Time": 343.302,
                          "Actual Total Time": 441.999,
                          "Actual Rows": 98473,
                          "Actual Loops": 6,
                          "Inner Unique": true,
                          "Hash Cond": "(mk.movie_id = t.id)",
                          "Plans": [
                            {
                              "Node Type": "Bitmap Heap Scan",
                              "Parent Relationship": "Outer",
                              "Parallel Aware": true,
                              "Relation Name": "movie_keyword",
                              "Alias": "mk",
                              "Startup Cost": 12334.38,
                              "Total Cost": 39132.78,
                              "Plan Rows": 187552,
                              "Plan Width": 4,
                              "Actual Startup Time": 31.193,
                              "Actual Total Time": 82.067,
                              "Actual Rows": 98473,
                              "Actual Loops": 6,
                              "Recheck Cond": "(keyword_id < 430)",
                              "Rows Removed by Index Recheck": 0,
                              "Exact Heap Blocks": 5749,
                              "Lossy Heap Blocks": 0,
                              "Plans": [
                                {
                                  "Node Type": "Bitmap Index Scan",
                                  "Parent Relationship": "Outer",
                                  "Parallel Aware": false,
                                  "Index Name": "keyword_id_movie_keyword",
                                  "Startup Cost": 0.0,
                                  "Total Cost": 12189.02,
                                  "Plan Rows": 581412,
                                  "Plan Width": 0,
                                  "Actual Startup Time": 27.565,
                                  "Actual Total Time": 27.565,
                                  "Actual Rows": 590840,
                                  "Actual Loops": 1,
                                  "Index Cond": "(keyword_id < 430)"
                                }
                              ]
                            },
                            {
                              "Node Type": "Hash",
                              "Parent Relationship": "Inner",
                              "Parallel Aware": true,
                              "Startup Cost": 42319.06,
                              "Total Cost": 42319.06,
                              "Plan Rows": 632106,
                              "Plan Width": 4,
                              "Actual Startup Time": 306.708,
                              "Actual Total Time": 306.709,
                              "Actual Rows": 421385,
                              "Actual Loops": 6,
                              "Hash Buckets": 4194304,
                              "Original Hash Buckets": 4194304,
                              "Hash Batches": 1,
                              "Original Hash Batches": 1,
                              "Peak Memory Usage": 131744,
                              "Plans": [
                                {
                                  "Node Type": "Seq Scan",
                                  "Parent Relationship": "Outer",
                                  "Parallel Aware": true,
                                  "Relation Name": "title",
                                  "Alias": "t",
                                  "Startup Cost": 0.0,
                                  "Total Cost": 42319.06,
                                  "Plan Rows": 632106,
                                  "Plan Width": 4,
                                  "Actual Startup Time": 0.068,
                                  "Actual Total Time": 87.223,
                                  "Actual Rows": 421385,
                                  "Actual Loops": 6
                                }
                              ]
                            }
                          ]
                        }
                      ]
                    }
                  ]
                }
              ]
            }
          ]
        }
      ]
    },
    "Planning Time": 0.87,
    "Triggers": [],
    "Execution Time": 1788.525
  }
]