[
  {
    "Plan": {
      "Node Type": "Aggregate",
      "Strategy": "Plain",
      "Partial Mode": "Finalize",
      "Parallel Aware": false,
      "Startup Cost": 181121.03,
      "Total Cost": 181121.04,
      "Plan Rows": 1,
      "Plan Width": 8,
      "Actual Startup Time": 130.515,
      "Actual Total Time": 150.527,
      "Actual Rows": 1,
      "Actual Loops": 1,
      "Plans": [
        {
          "Node Type": "Gather",
          "Parent Relationship": "Outer",
          "Parallel Aware": false,
          "Startup Cost": 181120.61,
          "Total Cost": 181121.02,
          "Plan Rows": 4,
          "Plan Width": 8,
          "Actual Startup Time": 130.331,
          "Actual Total Time": 150.516,
          "Actual Rows": 5,
          "Actual Loops": 1,
          "Workers Planned": 4,
          "Workers Launched": 4,
          "Single Copy": false,
          "Plans": [
            {
              "Node Type": "Aggregate",
              "Strategy": "Plain",
              "Partial Mode": "Partial",
              "Parent Relationship": "Outer",
              "Parallel Aware": false,
              "Startup Cost": 180120.61,
              "Total Cost": 180120.62,
              "Plan Rows": 1,
              "Plan Width": 8,
              "Actual Startup Time": 122.92,
              "Actual Total Time": 122.923,
              "Actual Rows": 1,
              "Actual Loops": 5,
              "Plans": [
                {
                  "Node Type": "Nested Loop",
                  "Parent Relationship": "Outer",
                  "Parallel Aware": false,
                  "Join Type": "Inner",
                  "Startup Cost": 0.43,
                  "Total Cost": 180101.39,
                  "Plan Rows": 7688,
                  "Plan Width": 0,
                  "Actual Startup Time": 58.487,
                  "Actual Total Time": 121.82,
                  "Actual Rows": 13159,
                  "Actual Loops": 5,
                  "Inner Unique": false,
                  "Plans": [
                    {
                      "Node Type": "Seq Scan",
                      "Parent Relationship": "Outer",
                      "Parallel Aware": true,
                      "Relation Name": "title",
                      "Alias": "t",
                      "Startup Cost": 0.0,
                      "Total Cost": 45479.59,
                      "Plan Rows": 1309,
                      "Plan Width": 4,
                      "Actual Startup Time": 58.342,
                      "Actual Total Time": 83.269,
                      "Actual Rows": 988,
                      "Actual Loops": 5,
                      "Filter": "((kind_id < 2) AND (production_year = 1989))",
                      "Rows Removed by Filter": 504675
                    },
                    {
                      "Node Type": "Index Only Scan",
                      "Parent Relationship": "Inner",
                      "Parallel Aware": false,
                      "Scan Direction": "Forward",
                      "Index Name": "movie_id_movie_info",
                      "Relation Name": "movie_info",
                      "Alias": "mi",
                      "Startup Cost": 0.43,
                      "Total Cost": 102.43,
                      "Plan Rows": 41,
                      "Plan Width": 4,
                      "Actual Startup Time": 0.013,
                      "Actual Total Time": 0.037,
                      "Actual Rows": 13,
                      "Actual Loops": 4939,
                      "Index Cond": "(movie_id = t.id)",
                      "Rows Removed by Index Recheck": 0,
                      "Heap Fetches": 65794
                    }
                  ]
                }
              ]
            }
          ]
        }
      ]
    },
    "Planning Time": 0.427,
    "Triggers": [],
    "Execution Time": 150.574
  }
]