[
  {
    "Plan": {
      "Node Type": "Aggregate",
      "Strategy": "Plain",
      "Partial Mode": "Finalize",
      "Parallel Aware": false,
      "Startup Cost": 185878.65,
      "Total Cost": 185878.66,
      "Plan Rows": 1,
      "Plan Width": 8,
      "Actual Startup Time": 124.806,
      "Actual Total Time": 143.085,
      "Actual Rows": 1,
      "Actual Loops": 1,
      "Plans": [
        {
          "Node Type": "Gather",
          "Parent Relationship": "Outer",
          "Parallel Aware": false,
          "Startup Cost": 185878.23,
          "Total Cost": 185878.64,
          "Plan Rows": 4,
          "Plan Width": 8,
          "Actual Startup Time": 124.684,
          "Actual Total Time": 143.077,
          "Actual Rows": 5,
          "Actual Loops": 1,
          "Workers Planned": 4,
          "Workers Launched": 4,
          "Single Copy": false,
          "Plans": [
            {
              "Node Type": "Aggregate",
              "Strategy": "Plain",
              "Partial Mode": "Partial",
              "Parent Relationship": "Outer",
              "Parallel Aware": false,
              "Startup Cost": 184878.23,
              "Total Cost": 184878.24,
              "Plan Rows": 1,
              "Plan Width": 8,
              "Actual Startup Time": 114.894,
              "Actual Total Time": 114.895,
              "Actual Rows": 1,
              "Actual Loops": 5,
              "Plans": [
                {
                  "Node Type": "Nested Loop",
                  "Parent Relationship": "Outer",
                  "Parallel Aware": false,
                  "Join Type": "Inner",
                  "Startup Cost": 0.43,
                  "Total Cost": 184858.35,
                  "Plan Rows": 7951,
                  "Plan Width": 0,
                  "Actual Startup Time": 58.365,
                  "Actual Total Time": 114.029,
                  "Actual Rows": 13159,
                  "Actual Loops": 5,
                  "Inner Unique": false,
                  "Plans": [
                    {
                      "Node Type": "Seq Scan",
                      "Parent Relationship": "Outer",
                      "Parallel Aware": true,
                      "Relation Name": "title",
                      "Alias": "t",
                      "Startup Cost": 0.0,
                      "Total Cost": 45479.1,
                      "Plan Rows": 1360,
                      "Plan Width": 4,
                      "Actual Startup Time": 58.263,
                      "Actual Total Time": 79.858,
                      "Actual Rows": 988,
                      "Actual Loops": 5,
                      "Filter": "((kind_id < 2) AND (production_year = 1989))",
                      "Rows Removed by Filter": 504675
                    },
                    {
                      "Node Type": "Index Only Scan",
                      "Parent Relationship": "Inner",
                      "Parallel Aware": false,
                      "Scan Direction": "Forward",
                      "Index Name": "movie_id_movie_info",
                      "Relation Name": "movie_info",
                      "Alias": "mi",
                      "Startup Cost": 0.43,
                      "Total Cost": 102.06,
                      "Plan Rows": 42,
                      "Plan Width": 4,
                      "Actual Startup Time": 0.012,
                      "Actual Total Time": 0.033,
                      "Actual Rows": 13,
                      "Actual Loops": 4939,
                      "Index Cond": "(movie_id = t.id)",
                      "Rows Removed by Index Recheck": 0,
                      "Heap Fetches": 65794
                    }
                  ]
                }
              ]
            }
          ]
        }
      ]
    },
    "Planning Time": 0.557,
    "Triggers": [],
    "Execution Time": 143.156
  }
]