[
  {
    "Plan": {
      "Node Type": "Aggregate",
      "Strategy": "Plain",
      "Partial Mode": "Finalize",
      "Parallel Aware": false,
      "Startup Cost": 329067.35,
      "Total Cost": 329067.36,
      "Plan Rows": 1,
      "Plan Width": 8,
      "Actual Startup Time": 378.995,
      "Actual Total Time": 445.021,
      "Actual Rows": 1,
      "Actual Loops": 1,
      "Plans": [
        {
          "Node Type": "Gather",
          "Parent Relationship": "Outer",
          "Parallel Aware": false,
          "Startup Cost": 329066.93,
          "Total Cost": 329067.34,
          "Plan Rows": 4,
          "Plan Width": 8,
          "Actual Startup Time": 378.823,
          "Actual Total Time": 445.01,
          "Actual Rows": 5,
          "Actual Loops": 1,
          "Workers Planned": 4,
          "Workers Launched": 4,
          "Single Copy": false,
          "Plans": [
            {
              "Node Type": "Aggregate",
              "Strategy": "Plain",
              "Partial Mode": "Partial",
              "Parent Relationship": "Outer",
              "Parallel Aware": false,
              "Startup Cost": 328066.93,
              "Total Cost": 328066.94,
              "Plan Rows": 1,
              "Plan Width": 8,
              "Actual Startup Time": 368.668,
              "Actual Total Time": 368.669,
              "Actual Rows": 1,
              "Actual Loops": 5,
              "Plans": [
                {
                  "Node Type": "Nested Loop",
                  "Parent Relationship": "Outer",
                  "Parallel Aware": false,
                  "Join Type": "Inner",
                  "Startup Cost": 0.56,
                  "Total Cost": 327944.36,
                  "Plan Rows": 49028,
                  "Plan Width": 0,
                  "Actual Startup Time": 0.466,
                  "Actual Total Time": 364.323,
                  "Actual Rows": 49987,
                  "Actual Loops": 5,
                  "Inner Unique": false,
                  "Plans": [
                    {
                      "Node Type": "Seq Scan",
                      "Parent Relationship": "Outer",
                      "Parallel Aware": true,
                      "Relation Name": "title",
                      "Alias": "t",
                      "Startup Cost": 0.0,
                      "Total Cost": 43899.32,
                      "Plan Rows": 6132,
                      "Plan Width": 4,
                      "Actual Startup Time": 0.102,
                      "Actual Total Time": 64.38,
                      "Actual Rows": 5355,
                      "Actual Loops": 5,
                      "Filter": "(production_year = 1993)",
                      "Rows Removed by Filter": 500307
                    },
                    {
                      "Node Type": "Index Scan",
                      "Parent Relationship": "Inner",
                      "Parallel Aware": false,
                      "Scan Direction": "Forward",
                      "Index Name": "movie_id_cast_info",
                      "Relation Name": "cast_info",
                      "Alias": "ci",
                      "Startup Cost": 0.56,
                      "Total Cost": 46.13,
                      "Plan Rows": 19,
                      "Plan Width": 4,
                      "Actual Startup Time": 0.016,
                      "Actual Total Time": 0.054,
                      "Actual Rows": 9,
                      "Actual Loops": 26775,
                      "Index Cond": "(movie_id = t.id)",
                      "Rows Removed by Index Recheck": 0,
                      "Filter": "(role_id < 3)",
                      "Rows Removed by Filter": 7
                    }
                  ]
                }
              ]
            }
          ]
        }
      ]
    },
    "Planning Time": 0.625,
    "Triggers": [],
    "Execution Time": 445.122
  }
]