{
  "Plan": {
    "Node Type": "Aggregate",
    "Strategy": "Plain",
    "Partial Mode": "Finalize",
    "Parallel Aware": false,
    "Startup Cost": 437549.19,
    "Total Cost": 437549.2,
    "Plan Rows": 1,
    "Plan Width": 8,
    "Actual Startup Time": 1686.167,
    "Actual Total Time": 1709.056,
    "Actual Rows": 1,
    "Actual Loops": 1,
    "Plans": [
      {
        "Node Type": "Gather",
        "Parent Relationship": "Outer",
        "Parallel Aware": false,
        "Startup Cost": 437549.08,
        "Total Cost": 437549.19,
        "Plan Rows": 1,
        "Plan Width": 8,
        "Actual Startup Time": 1679.572,
        "Actual Total Time": 1709.046,
        "Actual Rows": 2,
        "Actual Loops": 1,
        "Workers Planned": 1,
        "Workers Launched": 1,
        "Single Copy": false,
        "Plans": [
          {
            "Node Type": "Aggregate",
            "Strategy": "Plain",
            "Partial Mode": "Partial",
            "Parent Relationship": "Outer",
            "Parallel Aware": false,
            "Startup Cost": 436549.08,
            "Total Cost": 436549.09,
            "Plan Rows": 1,
            "Plan Width": 8,
            "Actual Startup Time": 1668.008,
            "Actual Total Time": 1668.012,
            "Actual Rows": 1,
            "Actual Loops": 2,
            "Plans": [
              {
                "Node Type": "Hash Join",
                "Parent Relationship": "Outer",
                "Parallel Aware": true,
                "Join Type": "Inner",
                "Startup Cost": 146194.67,
                "Total Cost": 433186.35,
                "Plan Rows": 1345089,
                "Plan Width": 0,
                "Actual Startup Time": 669.897,
                "Actual Total Time": 1597.71,
                "Actual Rows": 1665547,
                "Actual Loops": 2,
                "Inner Unique": true,
                "Hash Cond": "(ci.movie_id = t.id)",
                "Plans": [
                  {
                    "Node Type": "Bitmap Heap Scan",
                    "Parent Relationship": "Outer",
                    "Parallel Aware": true,
                    "Relation Name": "cast_info",
                    "Alias": "ci",
                    "Startup Cost": 76733.97,
                    "Total Cost": 360194.79,
                    "Plan Rows": 1345089,
                    "Plan Width": 4,
                    "Actual Startup Time": 131.464,
                    "Actual Total Time": 388.579,
                    "Actual Rows": 1665547,
                    "Actual Loops": 2,
                    "Recheck Cond": "(person_id > 3449193)",
                    "Rows Removed by Index Recheck": 0,
                    "Filter": "(role_id > 1)",
                    "Rows Removed by Filter": 0,
                    "Exact Heap Blocks": 26444,
                    "Lossy Heap Blocks": 0,
                    "Plans": [
                      {
                        "Node Type": "Bitmap Index Scan",
                        "Parent Relationship": "Outer",
                        "Parallel Aware": false,
                        "Index Name": "person_id_cast_info",
                        "Startup Cost": 0.0,
                        "Total Cost": 76162.31,
                        "Plan Rows": 3487699,
                        "Plan Width": 0,
                        "Actual Startup Time": 123.338,
                        "Actual Total Time": 123.339,
                        "Actual Rows": 3331094,
                        "Actual Loops": 1,
                        "Index Cond": "(person_id > 3449193)"
                      }
                    ]
                  },
                  {
                    "Node Type": "Hash",
                    "Parent Relationship": "Inner",
                    "Parallel Aware": true,
                    "Startup Cost": 50870.31,
                    "Total Cost": 50870.31,
                    "Plan Rows": 1487231,
                    "Plan Width": 4,
                    "Actual Startup Time": 517.455,
                    "Actual Total Time": 517.455,
                    "Actual Rows": 1264156,
                    "Actual Loops": 2,
                    "Hash Buckets": 4194304,
                    "Original Hash Buckets": 4194304,
                    "Hash Batches": 1,
                    "Original Hash Batches": 1,
                    "Peak Memory Usage": 131680,
                    "Plans": [
                      {
                        "Node Type": "Seq Scan",
                        "Parent Relationship": "Outer",
                        "Parallel Aware": true,
                        "Relation Name": "title",
                        "Alias": "t",
                        "Startup Cost": 0.0,
                        "Total Cost": 50870.31,
                        "Plan Rows": 1487231,
                        "Plan Width": 4,
                        "Actual Startup Time": 0.025,
                        "Actual Total Time": 152.132,
                        "Actual Rows": 1264156,
                        "Actual Loops": 2
                      }
                    ]
                  }
                ]
              }
            ]
          }
        ]
      }
    ]
  },
  "Planning Time": 0.603,
  "Triggers": [],
  "Execution Time": 1709.147
}