{
  "Plan": {
    "Node Type": "Aggregate",
    "Strategy": "Plain",
    "Partial Mode": "Finalize",
    "Parallel Aware": false,
    "Startup Cost": 630916.69,
    "Total Cost": 630916.7,
    "Plan Rows": 1,
    "Plan Width": 8,
    "Actual Startup Time": 5159.587,
    "Actual Total Time": 5237.904,
    "Actual Rows": 1,
    "Actual Loops": 1,
    "Plans": [
      {
        "Node Type": "Gather",
        "Parent Relationship": "Outer",
        "Parallel Aware": false,
        "Startup Cost": 630916.58,
        "Total Cost": 630916.69,
        "Plan Rows": 1,
        "Plan Width": 8,
        "Actual Startup Time": 5155.424,
        "Actual Total Time": 5237.891,
        "Actual Rows": 2,
        "Actual Loops": 1,
        "Workers Planned": 1,
        "Workers Launched": 1,
        "Single Copy": false,
        "Plans": [
          {
            "Node Type": "Aggregate",
            "Strategy": "Plain",
            "Partial Mode": "Partial",
            "Parent Relationship": "Outer",
            "Parallel Aware": false,
            "Startup Cost": 629916.58,
            "Total Cost": 629916.59,
            "Plan Rows": 1,
            "Plan Width": 8,
            "Actual Startup Time": 5148.375,
            "Actual Total Time": 5148.378,
            "Actual Rows": 1,
            "Actual Loops": 2,
            "Plans": [
              {
                "Node Type": "Hash Join",
                "Parent Relationship": "Outer",
                "Parallel Aware": true,
                "Join Type": "Inner",
                "Startup Cost": 68343.22,
                "Total Cost": 615483.26,
                "Plan Rows": 5773328,
                "Plan Width": 0,
                "Actual Startup Time": 434.403,
                "Actual Total Time": 4946.485,
                "Actual Rows": 4720294,
                "Actual Loops": 2,
                "Inner Unique": true,
                "Hash Cond": "(ci.movie_id = t.id)",
                "Plans": [
                  {
                    "Node Type": "Seq Scan",
                    "Parent Relationship": "Outer",
                    "Parallel Aware": true,
                    "Relation Name": "cast_info",
                    "Alias": "ci",
                    "Startup Cost": 0.0,
                    "Total Cost": 519069.44,
                    "Plan Rows": 10693544,
                    "Plan Width": 4,
                    "Actual Startup Time": 0.024,
                    "Actual Total Time": 1594.35,
                    "Actual Rows": 9093044,
                    "Actual Loops": 2,
                    "Filter": "(person_id < 1805694)",
                    "Rows Removed by Filter": 9029128
                  },
                  {
                    "Node Type": "Hash",
                    "Parent Relationship": "Inner",
                    "Parallel Aware": true,
                    "Startup Cost": 58306.47,
                    "Total Cost": 58306.47,
                    "Plan Rows": 802940,
                    "Plan Width": 4,
                    "Actual Startup Time": 419.839,
                    "Actual Total Time": 419.84,
                    "Actual Rows": 669843,
                    "Actual Loops": 2,
                    "Hash Buckets": 2097152,
                    "Original Hash Buckets": 2097152,
                    "Hash Batches": 1,
                    "Original Hash Batches": 1,
                    "Peak Memory Usage": 68800,
                    "Plans": [
                      {
                        "Node Type": "Seq Scan",
                        "Parent Relationship": "Outer",
                        "Parallel Aware": true,
                        "Relation Name": "title",
                        "Alias": "t",
                        "Startup Cost": 0.0,
                        "Total Cost": 58306.47,
                        "Plan Rows": 802940,
                        "Plan Width": 4,
                        "Actual Startup Time": 0.049,
                        "Actual Total Time": 197.093,
                        "Actual Rows": 669843,
                        "Actual Loops": 2,
                        "Filter": "((kind_id > 4) AND (production_year < 2012))",
                        "Rows Removed by Filter": 594313
                      }
                    ]
                  }
                ]
              }
            ]
          }
        ]
      }
    ]
  },
  "Planning Time": 0.764,
  "Triggers": [],
  "Execution Time": 5237.995
}