[
  {
    "Plan": {
      "Node Type": "Aggregate",
      "Strategy": "Plain",
      "Partial Mode": "Finalize",
      "Parallel Aware": false,
      "Startup Cost": 546592.46,
      "Total Cost": 546592.47,
      "Plan Rows": 1,
      "Plan Width": 64,
      "Actual Startup Time": 3457.521,
      "Actual Total Time": 3590.134,
      "Actual Rows": 1,
      "Actual Loops": 1,
      "Plans": [
        {
          "Node Type": "Gather",
          "Parent Relationship": "Outer",
          "Parallel Aware": false,
          "Startup Cost": 546592.13,
          "Total Cost": 546592.44,
          "Plan Rows": 3,
          "Plan Width": 64,
          "Actual Startup Time": 3453.021,
          "Actual Total Time": 3590.122,
          "Actual Rows": 4,
          "Actual Loops": 1,
          "Workers Planned": 3,
          "Workers Launched": 3,
          "Single Copy": false,
          "Plans": [
            {
              "Node Type": "Aggregate",
              "Strategy": "Plain",
              "Partial Mode": "Partial",
              "Parent Relationship": "Outer",
              "Parallel Aware": false,
              "Startup Cost": 545592.13,
              "Total Cost": 545592.14,
              "Plan Rows": 1,
              "Plan Width": 64,
              "Actual Startup Time": 3440.951,
              "Actual Total Time": 3440.971,
              "Actual Rows": 1,
              "Actual Loops": 4,
              "Plans": [
                {
                  "Node Type": "Hash Join",
                  "Parent Relationship": "Outer",
                  "Parallel Aware": true,
                  "Join Type": "Inner",
                  "Startup Cost": 530197.74,
                  "Total Cost": 545591.66,
                  "Plan Rows": 95,
                  "Plan Width": 33,
                  "Actual Startup Time": 3337.061,
                  "Actual Total Time": 3432.594,
                  "Actual Rows": 90957,
                  "Actual Loops": 4,
                  "Inner Unique": false,
                  "Hash Cond": "(an.person_id = n.id)",
                  "Plans": [
                    {
                      "Node Type": "Seq Scan",
                      "Parent Relationship": "Outer",
                      "Parallel Aware": true,
                      "Relation Name": "aka_name",
                      "Alias": "an",
                      "Startup Cost": 0.0,
                      "Total Cost": 14303.56,
                      "Plan Rows": 290756,
                      "Plan Width": 20,
                      "Actual Startup Time": 0.021,
                      "Actual Total Time": 37.052,
                      "Actual Rows": 225336,
                      "Actual Loops": 4
                    },
                    {
                      "Node Type": "Hash",
                      "Parent Relationship": "Inner",
                      "Parallel Aware": true,
                      "Startup Cost": 530197.34,
                      "Total Cost": 530197.34,
                      "Plan Rows": 32,
                      "Plan Width": 25,
                      "Actual Startup Time": 3336.147,
                      "Actual Total Time": 3336.166,
                      "Actual Rows": 97408,
                      "Actual Loops": 4,
                      "Hash Buckets": 524288,
                      "Original Hash Buckets": 1024,
                      "Hash Batches": 1,
                      "Original Hash Batches": 1,
                      "Peak Memory Usage": 31928,
                      "Plans": [
                        {
                          "Node Type": "Hash Join",
                          "Parent Relationship": "Outer",
                          "Parallel Aware": true,
                          "Join Type": "Inner",
                          "Startup Cost": 460259.45,
                          "Total Cost": 530197.34,
                          "Plan Rows": 32,
                          "Plan Width": 25,
                          "Actual Startup Time": 2888.562,
                          "Actual Total Time": 3270.316,
                          "Actual Rows": 97408,
                          "Actual Loops": 4,
                          "Inner Unique": false,
                          "Hash Cond": "(n.id = ci.person_id)",
                          "Plans": [
                            {
                              "Node Type": "Seq Scan",
                              "Parent Relationship": "Outer",
                              "Parallel Aware": true,
                              "Relation Name": "name",
                              "Alias": "n",
                              "Startup Cost": 0.0,
                              "Total Cost": 66031.07,
                              "Plan Rows": 1041807,
                              "Plan Width": 4,
                              "Actual Startup Time": 0.019,
                              "Actual Total Time": 155.301,
                              "Actual Rows": 1041873,
                              "Actual Loops": 4
                            },
                            {
                              "Node Type": "Hash",
                              "Parent Relationship": "Inner",
                              "Parallel Aware": true,
                              "Startup Cost": 460259.19,
                              "Total Cost": 460259.19,
                              "Plan Rows": 21,
                              "Plan Width": 21,
                              "Actual Startup Time": 2888.368,
                              "Actual Total Time": 2888.384,
                              "Actual Rows": 97408,
                              "Actual Loops": 4,
                              "Hash Buckets": 524288,
                              "Original Hash Buckets": 1024,
                              "Hash Batches": 1,
                              "Original Hash Batches": 1,
                              "Peak Memory Usage": 30520,
                              "Plans": [
                                {
                                  "Node Type": "Hash Join",
                                  "Parent Relationship": "Outer",
                                  "Parallel Aware": true,
                                  "Join Type": "Inner",
                                  "Startup Cost": 124547.46,
                                  "Total Cost": 460259.19,
                                  "Plan Rows": 21,
                                  "Plan Width": 21,
                                  "Actual Startup Time": 714.015,
                                  "Actual Total Time": 2787.671,
                                  "Actual Rows": 97408,
                                  "Actual Loops": 4,
                                  "Inner Unique": false,
                                  "Hash Cond": "(ci.movie_id = t.id)",
                                  "Plans": [
                                    {
                                      "Node Type": "Seq Scan",
                                      "Parent Relationship": "Outer",
                                      "Parallel Aware": true,
                                      "Relation Name": "cast_info",
                                      "Alias": "ci",
                                      "Startup Cost": 0.0,
                                      "Total Cost": 313068.58,
                                      "Plan Rows": 6038158,
                                      "Plan Width": 8,
                                      "Actual Startup Time": 0.012,
                                      "Actual Total Time": 1035.843,
                                      "Actual Rows": 9061086,
                                      "Actual Loops": 4
                                    },
                                    {
                                      "Node Type": "Hash",
                                      "Parent Relationship": "Inner",
                                      "Parallel Aware": true,
                                      "Startup Cost": 124547.44,
                                      "Total Cost": 124547.44,
                                      "Plan Rows": 2,
                                      "Plan Width": 29,
                                      "Actual Startup Time": 713.71,
                                      "Actual Total Time": 713.723,
                                      "Actual Rows": 1966,
                                      "Actual Loops": 4,
                                      "Hash Buckets": 8192,
                                      "Original Hash Buckets": 1024,
                                      "Hash Batches": 1,
                                      "Original Hash Batches": 1,
                                      "Peak Memory Usage": 696,
                                      "Plans": [
                                        {
                                          "Node Type": "Hash Join",
                                          "Parent Relationship": "Outer",
                                          "Parallel Aware": true,
                                          "Join Type": "Inner",
                                          "Startup Cost": 79858.75,
                                          "Total Cost": 124547.44,
                                          "Plan Rows": 2,
                                          "Plan Width": 29,
                                          "Actual Startup Time": 524.236,
                                          "Actual Total Time": 694.166,
                                          "Actual Rows": 1966,
                                          "Actual Loops": 4,
                                          "Inner Unique": false,
                                          "Hash Cond": "(t.id = mk.movie_id)",
                                          "Plans": [
                                            {
                                              "Node Type": "Seq Scan",
                                              "Parent Relationship": "Outer",
                                              "Parallel Aware": true,
                                              "Relation Name": "title",
                                              "Alias": "t",
                                              "Startup Cost": 0.0,
                                              "Total Cost": 42318.49,
                                              "Plan Rows": 632049,
                                              "Plan Width": 21,
                                              "Actual Startup Time": 0.017,
                                              "Actual Total Time": 98.265,
                                              "Actual Rows": 632078,
                                              "Actual Loops": 4
                                            },
                                            {
                                              "Node Type": "Hash",
                                              "Parent Relationship": "Inner",
                                              "Parallel Aware": true,
                                              "Startup Cost": 79858.71,
                                              "Total Cost": 79858.71,
                                              "Plan Rows": 3,
                                              "Plan Width": 8,
                                              "Actual Startup Time": 523.486,
                                              "Actual Total Time": 523.496,
                                              "Actual Rows": 1966,
                                              "Actual Loops": 4,
                                              "Hash Buckets": 8192,
                                              "Original Hash Buckets": 1024,
                                              "Hash Batches": 1,
                                              "Original Hash Batches": 1,
                                              "Peak Memory Usage": 536,
                                              "Plans": [
                                                {
                                                  "Node Type": "Hash Join",
                                                  "Parent Relationship": "Outer",
                                                  "Parallel Aware": true,
                                                  "Join Type": "Inner",
                                                  "Startup Cost": 50303.59,
                                                  "Total Cost": 79858.71,
                                                  "Plan Rows": 3,
                                                  "Plan Width": 8,
                                                  "Actual Startup Time": 291.512,
                                                  "Actual Total Time": 464.217,
                                                  "Actual Rows": 1966,
                                                  "Actual Loops": 4,
                                                  "Inner Unique": false,
                                                  "Hash Cond": "(mc.movie_id = mk.movie_id)",
                                                  "Plans": [
                                                    {
                                                      "Node Type": "Hash Join",
                                                      "Parent Relationship": "Outer",
                                                      "Parallel Aware": true,
                                                      "Join Type": "Inner",
                                                      "Startup Cost": 4799.12,
                                                      "Total Cost": 34215.05,
                                                      "Plan Rows": 37116,
                                                      "Plan Width": 4,
                                                      "Actual Startup Time": 15.266,
                                                      "Actual Total Time": 181.404,
                                                      "Actual Rows": 31094,
                                                      "Actual Loops": 4,
                                                      "Inner Unique": true,
                                                      "Hash Cond": "(mc.company_id = cn.id)",
                                                      "Plans": [
                                                        {
                                                          "Node Type": "Seq Scan",
                                                          "Parent Relationship": "Outer",
                                                          "Parallel Aware": true,
                                                          "Relation Name": "movie_companies",
                                                          "Alias": "mc",
                                                          "Startup Cost": 0.0,
                                                          "Total Cost": 27206.55,
                                                          "Plan Rows": 841655,
                                                          "Plan Width": 8,
                                                          "Actual Startup Time": 0.016,
                                                          "Actual Total Time": 85.086,
                                                          "Actual Rows": 652282,
                                                          "Actual Loops": 4
                                                        },
                                                        {
                                                          "Node Type": "Hash",
                                                          "Parent Relationship": "Inner",
                                                          "Parallel Aware": true,
                                                          "Startup Cost": 4722.92,
                                                          "Total Cost": 4722.92,
                                                          "Plan Rows": 6096,
                                                          "Plan Width": 4,
                                                          "Actual Startup Time": 15.081,
                                                          "Actual Total Time": 15.082,
                                                          "Actual Rows": 2598,
                                                          "Actual Loops": 4,
                                                          "Hash Buckets": 16384,
                                                          "Original Hash Buckets": 16384,
                                                          "Hash Batches": 1,
                                                          "Original Hash Batches": 1,
                                                          "Peak Memory Usage": 608,
                                                          "Plans": [
                                                            {
                                                              "Node Type": "Seq Scan",
                                                              "Parent Relationship": "Outer",
                                                              "Parallel Aware": true,
                                                              "Relation Name": "company_name",
                                                              "Alias": "cn",
                                                              "Startup Cost": 0.0,
                                                              "Total Cost": 4722.92,
                                                              "Plan Rows": 6096,
                                                              "Plan Width": 4,
                                                              "Actual Startup Time": 0.036,
                                                              "Actual Total Time": 13.447,
                                                              "Actual Rows": 2598,
                                                              "Actual Loops": 4,
                                                              "Filter": "((country_code)::text = '[fr]'::text)",
                                                              "Rows Removed by Filter": 56151
                                                            }
                                                          ]
                                                        }
                                                      ]
                                                    },
                                                    {
                                                      "Node Type": "Hash",
                                                      "Parent Relationship": "Inner",
                                                      "Parallel Aware": true,
                                                      "Startup Cost": 45504.33,
                                                      "Total Cost": 45504.33,
                                                      "Plan Rows": 11,
                                                      "Plan Width": 4,
                                                      "Actual Startup Time": 275.38,
                                                      "Actual Total Time": 275.384,
                                                      "Actual Rows": 10460,
                                                      "Actual Loops": 4,
                                                      "Hash Buckets": 65536,
                                                      "Original Hash Buckets": 1024,
                                                      "Hash Batches": 1,
                                                      "Original Hash Batches": 1,
                                                      "Peak Memory Usage": 2712,
                                                      "Plans": [
                                                        {
                                                          "Node Type": "Hash Join",
                                                          "Parent Relationship": "Outer",
                                                          "Parallel Aware": false,
                                                          "Join Type": "Inner",
                                                          "Startup Cost": 2626.14,
                                                          "Total Cost": 45504.33,
                                                          "Plan Rows": 11,
                                                          "Plan Width": 4,
                                                          "Actual Startup Time": 26.102,
                                                          "Actual Total Time": 248.504,
                                                          "Actual Rows": 10460,
                                                          "Actual Loops": 4,
                                                          "Inner Unique": true,
                                                          "Hash Cond": "(mk.keyword_id = k.id)",
                                                          "Plans": [
                                                            {
                                                              "Node Type": "Seq Scan",
                                                              "Parent Relationship": "Outer",
                                                              "Parallel Aware": true,
                                                              "Relation Name": "movie_keyword",
                                                              "Alias": "mk",
                                                              "Startup Cost": 0.0,
                                                              "Total Cost": 39047.32,
                                                              "Plan Rows": 1459332,
                                                              "Plan Width": 8,
                                                              "Actual Startup Time": 0.054,
                                                              "Actual Total Time": 131.478,
                                                              "Actual Rows": 1130982,
                                                              "Actual Loops": 4
                                                            },
                                                            {
                                                              "Node Type": "Hash",
                                                              "Parent Relationship": "Inner",
                                                              "Parallel Aware": false,
                                                              "Startup Cost": 2626.12,
                                                              "Total Cost": 2626.12,
                                                              "Plan Rows": 1,
                                                              "Plan Width": 4,
                                                              "Actual Startup Time": 25.948,
                                                              "Actual Total Time": 25.949,
                                                              "Actual Rows": 1,
                                                              "Actual Loops": 4,
                                                              "Hash Buckets": 1024,
                                                              "Original Hash Buckets": 1024,
                                                              "Hash Batches": 1,
                                                              "Original Hash Batches": 1,
                                                              "Peak Memory Usage": 9,
                                                              "Plans": [
                                                                {
                                                                  "Node Type": "Seq Scan",
                                                                  "Parent Relationship": "Outer",
                                                                  "Parallel Aware": false,
                                                                  "Relation Name": "keyword",
                                                                  "Alias": "k",
                                                                  "Startup Cost": 0.0,
                                                                  "Total Cost": 2626.12,
                                                                  "Plan Rows": 1,
                                                                  "Plan Width": 4,
                                                                  "Actual Startup Time": 1.892,
                                                                  "Actual Total Time": 25.925,
                                                                  "Actual Rows": 1,
                                                                  "Actual Loops": 4,
                                                                  "Filter": "(keyword = 'character-name-in-title'::text)",
                                                                  "Rows Removed by Filter": 134169
                                                                }
                                                              ]
                                                            }
                                                          ]
                                                        }
                                                      ]
                                                    }
                                                  ]
                                                }
                                              ]
                                            }
                                          ]
                                        }
                                      ]
                                    }
                                  ]
                                }
                              ]
                            }
                          ]
                        }
                      ]
                    }
                  ]
                }
              ]
            }
          ]
        }
      ]
    },
    "Planning Time": 12.394,
    "Triggers": [],
    "Execution Time": 3590.616
  }
]