{
  "Plan": {
    "Node Type": "Aggregate",
    "Strategy": "Plain",
    "Partial Mode": "Finalize",
    "Parallel Aware": false,
    "Startup Cost": 94585.97,
    "Total Cost": 94585.98,
    "Plan Rows": 1,
    "Plan Width": 128,
    "Actual Startup Time": 343.957,
    "Actual Total Time": 378.289,
    "Actual Rows": 1,
    "Actual Loops": 1,
    "Plans": [
      {
        "Node Type": "Gather",
        "Parent Relationship": "Outer",
        "Parallel Aware": false,
        "Startup Cost": 94585.52,
        "Total Cost": 94585.93,
        "Plan Rows": 4,
        "Plan Width": 128,
        "Actual Startup Time": 343.759,
        "Actual Total Time": 378.275,
        "Actual Rows": 5,
        "Actual Loops": 1,
        "Workers Planned": 4,
        "Workers Launched": 4,
        "Single Copy": false,
        "Plans": [
          {
            "Node Type": "Aggregate",
            "Strategy": "Plain",
            "Partial Mode": "Partial",
            "Parent Relationship": "Outer",
            "Parallel Aware": false,
            "Startup Cost": 93585.52,
            "Total Cost": 93585.53,
            "Plan Rows": 1,
            "Plan Width": 128,
            "Actual Startup Time": 330.462,
            "Actual Total Time": 330.473,
            "Actual Rows": 1,
            "Actual Loops": 5,
            "Plans": [
              {
                "Node Type": "Nested Loop",
                "Parent Relationship": "Outer",
                "Parallel Aware": false,
                "Join Type": "Inner",
                "Startup Cost": 3.86,
                "Total Cost": 93584.48,
                "Plan Rows": 104,
                "Plan Width": 64,
                "Actual Startup Time": 107.584,
                "Actual Total Time": 329.976,
                "Actual Rows": 1629,
                "Actual Loops": 5,
                "Inner Unique": true,
                "Join Filter": "(ci.movie_id = t.id)",
                "Rows Removed by Join Filter": 0,
                "Plans": [
                  {
                    "Node Type": "Nested Loop",
                    "Parent Relationship": "Outer",
                    "Parallel Aware": false,
                    "Join Type": "Inner",
                    "Startup Cost": 3.43,
                    "Total Cost": 93529.47,
                    "Plan Rows": 104,
                    "Plan Width": 55,
                    "Actual Startup Time": 107.51,
                    "Actual Total Time": 323.89,
                    "Actual Rows": 1629,
                    "Actual Loops": 5,
                    "Inner Unique": true,
                    "Plans": [
                      {
                        "Node Type": "Nested Loop",
                        "Parent Relationship": "Outer",
                        "Parallel Aware": false,
                        "Join Type": "Inner",
                        "Startup Cost": 3.0,
                        "Total Cost": 93461.22,
                        "Plan Rows": 104,
                        "Plan Width": 43,
                        "Actual Startup Time": 107.421,
                        "Actual Total Time": 318.597,
                        "Actual Rows": 1703,
                        "Actual Loops": 5,
                        "Inner Unique": true,
                        "Plans": [
                          {
                            "Node Type": "Nested Loop",
                            "Parent Relationship": "Outer",
                            "Parallel Aware": false,
                            "Join Type": "Inner",
                            "Startup Cost": 2.58,
                            "Total Cost": 93335.02,
                            "Plan Rows": 283,
                            "Plan Width": 47,
                            "Actual Startup Time": 106.441,
                            "Actual Total Time": 306.301,
                            "Actual Rows": 3912,
                            "Actual Loops": 5,
                            "Inner Unique": false,
                            "Plans": [
                              {
                                "Node Type": "Hash Join",
                                "Parent Relationship": "Outer",
                                "Parallel Aware": false,
                                "Join Type": "Inner",
                                "Startup Cost": 2.15,
                                "Total Cost": 93262.42,
                                "Plan Rows": 105,
                                "Plan Width": 39,
                                "Actual Startup Time": 106.333,
                                "Actual Total Time": 296.163,
                                "Actual Rows": 1641,
                                "Actual Loops": 5,
                                "Inner Unique": true,
                                "Hash Cond": "(ci.role_id = rt.id)",
                                "Plans": [
                                  {
                                    "Node Type": "Nested Loop",
                                    "Parent Relationship": "Outer",
                                    "Parallel Aware": false,
                                    "Join Type": "Inner",
                                    "Startup Cost": 0.99,
                                    "Total Cost": 93256.77,
                                    "Plan Rows": 1262,
                                    "Plan Width": 43,
                                    "Actual Startup Time": 106.115,
                                    "Actual Total Time": 295.499,
                                    "Actual Rows": 1641,
                                    "Actual Loops": 5,
                                    "Inner Unique": false,
                                    "Join Filter": "(n.id = ci.person_id)",
                                    "Rows Removed by Join Filter": 0,
                                    "Plans": [
                                      {
                                        "Node Type": "Nested Loop",
                                        "Parent Relationship": "Outer",
                                        "Parallel Aware": false,
                                        "Join Type": "Inner",
                                        "Startup Cost": 0.42,
                                        "Total Cost": 86104.69,
                                        "Plan Rows": 523,
                                        "Plan Width": 39,
                                        "Actual Startup Time": 103.548,
                                        "Actual Total Time": 232.734,
                                        "Actual Rows": 2105,
                                        "Actual Loops": 5,
                                        "Inner Unique": false,
                                        "Plans": [
                                          {
                                            "Node Type": "Seq Scan",
                                            "Parent Relationship": "Outer",
                                            "Parallel Aware": true,
                                            "Relation Name": "name",
                                            "Alias": "n",
                                            "Startup Cost": 0.0,
                                            "Total Cost": 71240.66,
                                            "Plan Rows": 2419,
                                            "Plan Width": 19,
                                            "Actual Startup Time": 103.387,
                                            "Actual Total Time": 202.257,
                                            "Actual Rows": 10002,
                                            "Actual Loops": 5,
                                            "Filter": "((name ~~ '%An%'::text) AND ((gender)::text = 'f'::text))",
                                            "Rows Removed by Filter": 823496
                                          },
                                          {
                                            "Node Type": "Index Scan",
                                            "Parent Relationship": "Inner",
                                            "Parallel Aware": false,
                                            "Scan Direction": "Forward",
                                            "Index Name": "person_id_aka_name",
                                            "Relation Name": "aka_name",
                                            "Alias": "an",
                                            "Startup Cost": 0.42,
                                            "Total Cost": 6.12,
                                            "Plan Rows": 2,
                                            "Plan Width": 20,
                                            "Actual Startup Time": 0.003,
                                            "Actual Total Time": 0.003,
                                            "Actual Rows": 0,
                                            "Actual Loops": 50011,
                                            "Index Cond": "(person_id = n.id)",
                                            "Rows Removed by Index Recheck": 0
                                          }
                                        ]
                                      },
                                      {
                                        "Node Type": "Index Scan",
                                        "Parent Relationship": "Inner",
                                        "Parallel Aware": false,
                                        "Scan Direction": "Forward",
                                        "Index Name": "person_id_cast_info",
                                        "Relation Name": "cast_info",
                                        "Alias": "ci",
                                        "Startup Cost": 0.56,
                                        "Total Cost": 13.51,
                                        "Plan Rows": 13,
                                        "Plan Width": 16,
                                        "Actual Startup Time": 0.027,
                                        "Actual Total Time": 0.029,
                                        "Actual Rows": 1,
                                        "Actual Loops": 10525,
                                        "Index Cond": "(person_id = an.person_id)",
                                        "Rows Removed by Index Recheck": 0,
                                        "Filter": "(note = ANY ('{(voice),\"(voice: Japanese version)\",\"(voice) (uncredited)\",\"(voice: English version)\"}'::text[]))",
                                        "Rows Removed by Filter": 44
                                      }
                                    ]
                                  },
                                  {
                                    "Node Type": "Hash",
                                    "Parent Relationship": "Inner",
                                    "Parallel Aware": false,
                                    "Startup Cost": 1.15,
                                    "Total Cost": 1.15,
                                    "Plan Rows": 1,
                                    "Plan Width": 4,
                                    "Actual Startup Time": 0.058,
                                    "Actual Total Time": 0.06,
                                    "Actual Rows": 1,
                                    "Actual Loops": 5,
                                    "Hash Buckets": 1024,
                                    "Original Hash Buckets": 1024,
                                    "Hash Batches": 1,
                                    "Original Hash Batches": 1,
                                    "Peak Memory Usage": 9,
                                    "Plans": [
                                      {
                                        "Node Type": "Seq Scan",
                                        "Parent Relationship": "Outer",
                                        "Parallel Aware": false,
                                        "Relation Name": "role_type",
                                        "Alias": "rt",
                                        "Startup Cost": 0.0,
                                        "Total Cost": 1.15,
                                        "Plan Rows": 1,
                                        "Plan Width": 4,
                                        "Actual Startup Time": 0.044,
                                        "Actual Total Time": 0.046,
                                        "Actual Rows": 1,
                                        "Actual Loops": 5,
                                        "Filter": "((role)::text = 'actress'::text)",
                                        "Rows Removed by Filter": 11
                                      }
                                    ]
                                  }
                                ]
                              },
                              {
                                "Node Type": "Index Scan",
                                "Parent Relationship": "Inner",
                                "Parallel Aware": false,
                                "Scan Direction": "Forward",
                                "Index Name": "movie_id_movie_companies",
                                "Relation Name": "movie_companies",
                                "Alias": "mc",
                                "Startup Cost": 0.43,
                                "Total Cost": 0.64,
                                "Plan Rows": 5,
                                "Plan Width": 8,
                                "Actual Startup Time": 0.004,
                                "Actual Total Time": 0.006,
                                "Actual Rows": 2,
                                "Actual Loops": 8204,
                                "Index Cond": "(movie_id = ci.movie_id)",
                                "Rows Removed by Index Recheck": 0
                              }
                            ]
                          },
                          {
                            "Node Type": "Index Scan",
                            "Parent Relationship": "Inner",
                            "Parallel Aware": false,
                            "Scan Direction": "Forward",
                            "Index Name": "company_name_pkey",
                            "Relation Name": "company_name",
                            "Alias": "cn",
                            "Startup Cost": 0.42,
                            "Total Cost": 0.45,
                            "Plan Rows": 1,
                            "Plan Width": 4,
                            "Actual Startup Time": 0.003,
                            "Actual Total Time": 0.003,
                            "Actual Rows": 0,
                            "Actual Loops": 19561,
                            "Index Cond": "(id = mc.company_id)",
                            "Rows Removed by Index Recheck": 0,
                            "Filter": "((country_code)::text = '[us]'::text)",
                            "Rows Removed by Filter": 1
                          }
                        ]
                      },
                      {
                        "Node Type": "Index Scan",
                        "Parent Relationship": "Inner",
                        "Parallel Aware": false,
                        "Scan Direction": "Forward",
                        "Index Name": "char_name_pkey",
                        "Relation Name": "char_name",
                        "Alias": "chn",
                        "Startup Cost": 0.43,
                        "Total Cost": 0.66,
                        "Plan Rows": 1,
                        "Plan Width": 20,
                        "Actual Startup Time": 0.003,
                        "Actual Total Time": 0.003,
                        "Actual Rows": 1,
                        "Actual Loops": 8514,
                        "Index Cond": "(id = ci.person_role_id)",
                        "Rows Removed by Index Recheck": 0
                      }
                    ]
                  },
                  {
                    "Node Type": "Index Scan",
                    "Parent Relationship": "Inner",
                    "Parallel Aware": false,
                    "Scan Direction": "Forward",
                    "Index Name": "title_pkey",
                    "Relation Name": "title",
                    "Alias": "t",
                    "Startup Cost": 0.43,
                    "Total Cost": 0.52,
                    "Plan Rows": 1,
                    "Plan Width": 21,
                    "Actual Startup Time": 0.003,
                    "Actual Total Time": 0.003,
                    "Actual Rows": 1,
                    "Actual Loops": 8144,
                    "Index Cond": "(id = mc.movie_id)",
                    "Rows Removed by Index Recheck": 0
                  }
                ]
              }
            ]
          }
        ]
      }
    ]
  },
  "Planning Time": 21.559,
  "Triggers": [],
  "Execution Time": 378.799
}