{
  "Plan": {
    "Node Type": "Aggregate",
    "Strategy": "Plain",
    "Partial Mode": "Finalize",
    "Parallel Aware": false,
    "Startup Cost": 133928.51,
    "Total Cost": 133928.52,
    "Plan Rows": 1,
    "Plan Width": 8,
    "Actual Startup Time": 842.025,
    "Actual Total Time": 862.671,
    "Actual Rows": 1,
    "Actual Loops": 1,
    "Plans": [
      {
        "Node Type": "Gather",
        "Parent Relationship": "Outer",
        "Parallel Aware": false,
        "Startup Cost": 133928.4,
        "Total Cost": 133928.51,
        "Plan Rows": 1,
        "Plan Width": 8,
        "Actual Startup Time": 836.376,
        "Actual Total Time": 862.662,
        "Actual Rows": 2,
        "Actual Loops": 1,
        "Workers Planned": 1,
        "Workers Launched": 1,
        "Single Copy": false,
        "Plans": [
          {
            "Node Type": "Aggregate",
            "Strategy": "Plain",
            "Partial Mode": "Partial",
            "Parent Relationship": "Outer",
            "Parallel Aware": false,
            "Startup Cost": 132928.4,
            "Total Cost": 132928.41,
            "Plan Rows": 1,
            "Plan Width": 8,
            "Actual Startup Time": 824.001,
            "Actual Total Time": 824.007,
            "Actual Rows": 1,
            "Actual Loops": 2,
            "Plans": [
              {
                "Node Type": "Hash Join",
                "Parent Relationship": "Outer",
                "Parallel Aware": false,
                "Join Type": "Inner",
                "Startup Cost": 84392.01,
                "Total Cost": 132928.21,
                "Plan Rows": 76,
                "Plan Width": 0,
                "Actual Startup Time": 656.025,
                "Actual Total Time": 823.995,
                "Actual Rows": 19,
                "Actual Loops": 2,
                "Inner Unique": false,
                "Hash Cond": "(t.id = ci.movie_id)",
                "Plans": [
                  {
                    "Node Type": "Hash Join",
                    "Parent Relationship": "Outer",
                    "Parallel Aware": true,
                    "Join Type": "Inner",
                    "Startup Cost": 83327.37,
                    "Total Cost": 113597.45,
                    "Plan Rows": 384534,
                    "Plan Width": 8,
                    "Actual Startup Time": 613.558,
                    "Actual Total Time": 805.225,
                    "Actual Rows": 332130,
                    "Actual Loops": 2,
                    "Inner Unique": true,
                    "Hash Cond": "(mk.movie_id = t.id)",
                    "Plans": [
                      {
                        "Node Type": "Bitmap Heap Scan",
                        "Parent Relationship": "Outer",
                        "Parallel Aware": true,
                        "Relation Name": "movie_keyword",
                        "Alias": "mk",
                        "Startup Cost": 13866.67,
                        "Total Cost": 43127.35,
                        "Plan Rows": 384534,
                        "Plan Width": 4,
                        "Actual Startup Time": 32.848,
                        "Actual Total Time": 116.378,
                        "Actual Rows": 332130,
                        "Actual Loops": 2,
                        "Recheck Cond": "(keyword_id < 519)",
                        "Rows Removed by Index Recheck": 0,
                        "Exact Heap Blocks": 13444,
                        "Lossy Heap Blocks": 0,
                        "Plans": [
                          {
                            "Node Type": "Bitmap Index Scan",
                            "Parent Relationship": "Outer",
                            "Parallel Aware": false,
                            "Index Name": "keyword_id_movie_keyword",
                            "Startup Cost": 0.0,
                            "Total Cost": 13703.24,
                            "Plan Rows": 653708,
                            "Plan Width": 0,
                            "Actual Startup Time": 29.191,
                            "Actual Total Time": 29.192,
                            "Actual Rows": 664261,
                            "Actual Loops": 1,
                            "Index Cond": "(keyword_id < 519)"
                          }
                        ]
                      },
                      {
                        "Node Type": "Hash",
                        "Parent Relationship": "Inner",
                        "Parallel Aware": true,
                        "Startup Cost": 50870.31,
                        "Total Cost": 50870.31,
                        "Plan Rows": 1487231,
                        "Plan Width": 4,
                        "Actual Startup Time": 559.065,
                        "Actual Total Time": 559.066,
                        "Actual Rows": 1264156,
                        "Actual Loops": 2,
                        "Hash Buckets": 4194304,
                        "Original Hash Buckets": 4194304,
                        "Hash Batches": 1,
                        "Original Hash Batches": 1,
                        "Peak Memory Usage": 131712,
                        "Plans": [
                          {
                            "Node Type": "Seq Scan",
                            "Parent Relationship": "Outer",
                            "Parallel Aware": true,
                            "Relation Name": "title",
                            "Alias": "t",
                            "Startup Cost": 0.0,
                            "Total Cost": 50870.31,
                            "Plan Rows": 1487231,
                            "Plan Width": 4,
                            "Actual Startup Time": 0.029,
                            "Actual Total Time": 159.548,
                            "Actual Rows": 1264156,
                            "Actual Loops": 2
                          }
                        ]
                      }
                    ]
                  },
                  {
                    "Node Type": "Hash",
                    "Parent Relationship": "Inner",
                    "Parallel Aware": false,
                    "Startup Cost": 1058.43,
                    "Total Cost": 1058.43,
                    "Plan Rows": 497,
                    "Plan Width": 4,
                    "Actual Startup Time": 0.364,
                    "Actual Total Time": 0.364,
                    "Actual Rows": 37,
                    "Actual Loops": 2,
                    "Hash Buckets": 1024,
                    "Original Hash Buckets": 1024,
                    "Hash Batches": 1,
                    "Original Hash Batches": 1,
                    "Peak Memory Usage": 10,
                    "Plans": [
                      {
                        "Node Type": "Index Scan",
                        "Parent Relationship": "Outer",
                        "Parallel Aware": false,
                        "Scan Direction": "Forward",
                        "Index Name": "person_id_cast_info",
                        "Relation Name": "cast_info",
                        "Alias": "ci",
                        "Startup Cost": 0.56,
                        "Total Cost": 1058.43,
                        "Plan Rows": 497,
                        "Plan Width": 4,
                        "Actual Startup Time": 0.311,
                        "Actual Total Time": 0.334,
                        "Actual Rows": 37,
                        "Actual Loops": 2,
                        "Index Cond": "(person_id = 1155790)",
                        "Rows Removed by Index Recheck": 0
                      }
                    ]
                  }
                ]
              }
            ]
          }
        ]
      }
    ]
  },
  "Planning Time": 0.91,
  "Triggers": [],
  "Execution Time": 862.779
}