[
  {
    "Plan": {
      "Node Type": "Aggregate",
      "Strategy": "Plain",
      "Partial Mode": "Finalize",
      "Parallel Aware": false,
      "Startup Cost": 47296.54,
      "Total Cost": 47296.55,
      "Plan Rows": 1,
      "Plan Width": 8,
      "Actual Startup Time": 197.395,
      "Actual Total Time": 207.885,
      "Actual Rows": 1,
      "Actual Loops": 1,
      "Plans": [
        {
          "Node Type": "Gather",
          "Parent Relationship": "Outer",
          "Parallel Aware": false,
          "Startup Cost": 47296.23,
          "Total Cost": 47296.54,
          "Plan Rows": 3,
          "Plan Width": 8,
          "Actual Startup Time": 197.149,
          "Actual Total Time": 207.876,
          "Actual Rows": 4,
          "Actual Loops": 1,
          "Workers Planned": 3,
          "Workers Launched": 3,
          "Single Copy": false,
          "Plans": [
            {
              "Node Type": "Aggregate",
              "Strategy": "Plain",
              "Partial Mode": "Partial",
              "Parent Relationship": "Outer",
              "Parallel Aware": false,
              "Startup Cost": 46296.23,
              "Total Cost": 46296.24,
              "Plan Rows": 1,
              "Plan Width": 8,
              "Actual Startup Time": 191.944,
              "Actual Total Time": 191.946,
              "Actual Rows": 1,
              "Actual Loops": 4,
              "Plans": [
                {
                  "Node Type": "Seq Scan",
                  "Parent Relationship": "Outer",
                  "Parallel Aware": true,
                  "Relation Name": "movie_keyword",
                  "Alias": "mk",
                  "Startup Cost": 0.0,
                  "Total Cost": 42695.65,
                  "Plan Rows": 1440229,
                  "Plan Width": 0,
                  "Actual Startup Time": 0.055,
                  "Actual Total Time": 136.148,
                  "Actual Rows": 1116333,
                  "Actual Loops": 4,
                  "Filter": "(keyword_id < 95728)",
                  "Rows Removed by Filter": 14650
                }
              ]
            }
          ]
        }
      ]
    },
    "Planning Time": 0.148,
    "Triggers": [],
    "Execution Time": 207.926
  }
]