[
  {
    "Plan": {
      "Node Type": "Aggregate",
      "Strategy": "Plain",
      "Partial Mode": "Finalize",
      "Parallel Aware": false,
      "Startup Cost": 340221.27,
      "Total Cost": 340221.28,
      "Plan Rows": 1,
      "Plan Width": 8,
      "Actual Startup Time": 372.05,
      "Actual Total Time": 383.909,
      "Actual Rows": 1,
      "Actual Loops": 1,
      "Plans": [
        {
          "Node Type": "Gather",
          "Parent Relationship": "Outer",
          "Parallel Aware": false,
          "Startup Cost": 340220.65,
          "Total Cost": 340221.26,
          "Plan Rows": 6,
          "Plan Width": 8,
          "Actual Startup Time": 371.225,
          "Actual Total Time": 383.901,
          "Actual Rows": 7,
          "Actual Loops": 1,
          "Workers Planned": 6,
          "Workers Launched": 6,
          "Single Copy": false,
          "Plans": [
            {
              "Node Type": "Aggregate",
              "Strategy": "Plain",
              "Partial Mode": "Partial",
              "Parent Relationship": "Outer",
              "Parallel Aware": false,
              "Startup Cost": 339220.65,
              "Total Cost": 339220.66,
              "Plan Rows": 1,
              "Plan Width": 8,
              "Actual Startup Time": 360.487,
              "Actual Total Time": 360.489,
              "Actual Rows": 1,
              "Actual Loops": 7,
              "Plans": [
                {
                  "Node Type": "Bitmap Heap Scan",
                  "Parent Relationship": "Outer",
                  "Parallel Aware": true,
                  "Relation Name": "cast_info",
                  "Alias": "ci",
                  "Startup Cost": 76682.42,
                  "Total Cost": 338069.06,
                  "Plan Rows": 460636,
                  "Plan Width": 0,
                  "Actual Startup Time": 196.766,
                  "Actual Total Time": 337.022,
                  "Actual Rows": 461174,
                  "Actual Loops": 7,
                  "Recheck Cond": "(person_id < 344466)",
                  "Rows Removed by Index Recheck": 0,
                  "Filter": "(role_id < 8)",
                  "Rows Removed by Filter": 52741,
                  "Exact Heap Blocks": 8121,
                  "Lossy Heap Blocks": 0,
                  "Plans": [
                    {
                      "Node Type": "Bitmap Index Scan",
                      "Parent Relationship": "Outer",
                      "Parallel Aware": false,
                      "Index Name": "person_id_cast_info",
                      "Startup Cost": 0.0,
                      "Total Cost": 75991.47,
                      "Plan Rows": 3479854,
                      "Plan Width": 0,
                      "Actual Startup Time": 200.406,
                      "Actual Total Time": 200.407,
                      "Actual Rows": 3597408,
                      "Actual Loops": 1,
                      "Index Cond": "(person_id < 344466)"
                    }
                  ]
                }
              ]
            }
          ]
        }
      ]
    },
    "Planning Time": 0.191,
    "Triggers": [],
    "Execution Time": 383.974
  }
]