[
  {
    "Plan": {
      "Node Type": "Aggregate",
      "Strategy": "Plain",
      "Partial Mode": "Finalize",
      "Parallel Aware": false,
      "Startup Cost": 132140.45,
      "Total Cost": 132140.46,
      "Plan Rows": 1,
      "Plan Width": 8,
      "Actual Startup Time": 783.348,
      "Actual Total Time": 805.401,
      "Actual Rows": 1,
      "Actual Loops": 1,
      "Plans": [
        {
          "Node Type": "Gather",
          "Parent Relationship": "Outer",
          "Parallel Aware": false,
          "Startup Cost": 132140.14,
          "Total Cost": 132140.45,
          "Plan Rows": 3,
          "Plan Width": 8,
          "Actual Startup Time": 767.318,
          "Actual Total Time": 805.392,
          "Actual Rows": 4,
          "Actual Loops": 1,
          "Workers Planned": 3,
          "Workers Launched": 3,
          "Single Copy": false,
          "Plans": [
            {
              "Node Type": "Aggregate",
              "Strategy": "Plain",
              "Partial Mode": "Partial",
              "Parent Relationship": "Outer",
              "Parallel Aware": false,
              "Startup Cost": 131140.14,
              "Total Cost": 131140.15,
              "Plan Rows": 1,
              "Plan Width": 8,
              "Actual Startup Time": 759.901,
              "Actual Total Time": 759.91,
              "Actual Rows": 1,
              "Actual Loops": 4,
              "Plans": [
                {
                  "Node Type": "Hash Join",
                  "Parent Relationship": "Outer",
                  "Parallel Aware": true,
                  "Join Type": "Inner",
                  "Startup Cost": 82882.11,
                  "Total Cost": 129507.96,
                  "Plan Rows": 652870,
                  "Plan Width": 0,
                  "Actual Startup Time": 501.284,
                  "Actual Total Time": 746.672,
                  "Actual Rows": 254247,
                  "Actual Loops": 4,
                  "Inner Unique": false,
                  "Hash Cond": "(mk.movie_id = t.id)",
                  "Plans": [
                    {
                      "Node Type": "Seq Scan",
                      "Parent Relationship": "Outer",
                      "Parallel Aware": true,
                      "Relation Name": "movie_keyword",
                      "Alias": "mk",
                      "Startup Cost": 0.0,
                      "Total Cost": 39047.32,
                      "Plan Rows": 1459332,
                      "Plan Width": 4,
                      "Actual Startup Time": 0.029,
                      "Actual Total Time": 108.551,
                      "Actual Rows": 1130982,
                      "Actual Loops": 4
                    },
                    {
                      "Node Type": "Hash",
                      "Parent Relationship": "Inner",
                      "Parallel Aware": true,
                      "Startup Cost": 78321.0,
                      "Total Cost": 78321.0,
                      "Plan Rows": 364889,
                      "Plan Width": 8,
                      "Actual Startup Time": 497.006,
                      "Actual Total Time": 497.013,
                      "Actual Rows": 130743,
                      "Actual Loops": 4,
                      "Hash Buckets": 2097152,
                      "Original Hash Buckets": 2097152,
                      "Hash Batches": 1,
                      "Original Hash Batches": 1,
                      "Peak Memory Usage": 36928,
                      "Plans": [
                        {
                          "Node Type": "Hash Join",
                          "Parent Relationship": "Outer",
                          "Parallel Aware": true,
                          "Join Type": "Inner",
                          "Startup Cost": 48905.11,
                          "Total Cost": 78321.0,
                          "Plan Rows": 364889,
                          "Plan Width": 8,
                          "Actual Startup Time": 219.838,
                          "Actual Total Time": 441.282,
                          "Actual Rows": 130743,
                          "Actual Loops": 4,
                          "Inner Unique": true,
                          "Hash Cond": "(mc.movie_id = t.id)",
                          "Plans": [
                            {
                              "Node Type": "Seq Scan",
                              "Parent Relationship": "Outer",
                              "Parallel Aware": true,
                              "Relation Name": "movie_companies",
                              "Alias": "mc",
                              "Startup Cost": 0.0,
                              "Total Cost": 27206.55,
                              "Plan Rows": 841655,
                              "Plan Width": 4,
                              "Actual Startup Time": 0.037,
                              "Actual Total Time": 68.313,
                              "Actual Rows": 652282,
                              "Actual Loops": 4
                            },
                            {
                              "Node Type": "Hash",
                              "Parent Relationship": "Inner",
                              "Parallel Aware": true,
                              "Startup Cost": 45479.59,
                              "Total Cost": 45479.59,
                              "Plan Rows": 274042,
                              "Plan Width": 4,
                              "Actual Startup Time": 216.452,
                              "Actual Total Time": 216.454,
                              "Actual Rows": 261056,
                              "Actual Loops": 4,
                              "Hash Buckets": 2097152,
                              "Original Hash Buckets": 2097152,
                              "Hash Batches": 1,
                              "Original Hash Batches": 1,
                              "Peak Memory Usage": 57312,
                              "Plans": [
                                {
                                  "Node Type": "Seq Scan",
                                  "Parent Relationship": "Outer",
                                  "Parallel Aware": true,
                                  "Relation Name": "title",
                                  "Alias": "t",
                                  "Startup Cost": 0.0,
                                  "Total Cost": 45479.59,
                                  "Plan Rows": 274042,
                                  "Plan Width": 4,
                                  "Actual Startup Time": 0.022,
                                  "Actual Total Time": 116.891,
                                  "Actual Rows": 261056,
                                  "Actual Loops": 4,
                                  "Filter": "((production_year < 2009) AND (kind_id = 7))",
                                  "Rows Removed by Filter": 371022
                                }
                              ]
                            }
                          ]
                        }
                      ]
                    }
                  ]
                }
              ]
            }
          ]
        }
      ]
    },
    "Planning Time": 0.418,
    "Triggers": [],
    "Execution Time": 805.449
  }
]