[
  {
    "Plan": {
      "Node Type": "Aggregate",
      "Strategy": "Plain",
      "Partial Mode": "Finalize",
      "Parallel Aware": false,
      "Startup Cost": 45894.67,
      "Total Cost": 45894.68,
      "Plan Rows": 1,
      "Plan Width": 8,
      "Actual Startup Time": 166.407,
      "Actual Total Time": 197.414,
      "Actual Rows": 1,
      "Actual Loops": 1,
      "Plans": [
        {
          "Node Type": "Gather",
          "Parent Relationship": "Outer",
          "Parallel Aware": false,
          "Startup Cost": 45894.46,
          "Total Cost": 45894.67,
          "Plan Rows": 2,
          "Plan Width": 8,
          "Actual Startup Time": 166.192,
          "Actual Total Time": 197.403,
          "Actual Rows": 3,
          "Actual Loops": 1,
          "Workers Planned": 2,
          "Workers Launched": 2,
          "Single Copy": false,
          "Plans": [
            {
              "Node Type": "Aggregate",
              "Strategy": "Plain",
              "Partial Mode": "Partial",
              "Parent Relationship": "Outer",
              "Parallel Aware": false,
              "Startup Cost": 44894.46,
              "Total Cost": 44894.47,
              "Plan Rows": 1,
              "Plan Width": 8,
              "Actual Startup Time": 157.903,
              "Actual Total Time": 157.905,
              "Actual Rows": 1,
              "Actual Loops": 3,
              "Plans": [
                {
                  "Node Type": "Nested Loop",
                  "Parent Relationship": "Outer",
                  "Parallel Aware": false,
                  "Join Type": "Inner",
                  "Startup Cost": 171.24,
                  "Total Cost": 44892.86,
                  "Plan Rows": 638,
                  "Plan Width": 0,
                  "Actual Startup Time": 3.722,
                  "Actual Total Time": 156.929,
                  "Actual Rows": 13096,
                  "Actual Loops": 3,
                  "Inner Unique": false,
                  "Plans": [
                    {
                      "Node Type": "Nested Loop",
                      "Parent Relationship": "Outer",
                      "Parallel Aware": false,
                      "Join Type": "Inner",
                      "Startup Cost": 170.8,
                      "Total Cost": 39474.84,
                      "Plan Rows": 3330,
                      "Plan Width": 8,
                      "Actual Startup Time": 2.942,
                      "Actual Total Time": 36.021,
                      "Actual Rows": 2443,
                      "Actual Loops": 3,
                      "Inner Unique": true,
                      "Plans": [
                        {
                          "Node Type": "Bitmap Heap Scan",
                          "Parent Relationship": "Outer",
                          "Parallel Aware": true,
                          "Relation Name": "movie_keyword",
                          "Alias": "mk",
                          "Startup Cost": 170.37,
                          "Total Cost": 16768.0,
                          "Plan Rows": 3330,
                          "Plan Width": 4,
                          "Actual Startup Time": 2.771,
                          "Actual Total Time": 13.362,
                          "Actual Rows": 2443,
                          "Actual Loops": 3,
                          "Recheck Cond": "(keyword_id = 229)",
                          "Rows Removed by Index Recheck": 0,
                          "Exact Heap Blocks": 3702,
                          "Lossy Heap Blocks": 0,
                          "Plans": [
                            {
                              "Node Type": "Bitmap Index Scan",
                              "Parent Relationship": "Outer",
                              "Parallel Aware": false,
                              "Index Name": "keyword_id_movie_keyword",
                              "Startup Cost": 0.0,
                              "Total Cost": 168.37,
                              "Plan Rows": 7992,
                              "Plan Width": 0,
                              "Actual Startup Time": 4.668,
                              "Actual Total Time": 4.669,
                              "Actual Rows": 7328,
                              "Actual Loops": 1,
                              "Index Cond": "(keyword_id = 229)"
                            }
                          ]
                        },
                        {
                          "Node Type": "Index Only Scan",
                          "Parent Relationship": "Inner",
                          "Parallel Aware": false,
                          "Scan Direction": "Forward",
                          "Index Name": "title_pkey",
                          "Relation Name": "title",
                          "Alias": "t",
                          "Startup Cost": 0.43,
                          "Total Cost": 6.82,
                          "Plan Rows": 1,
                          "Plan Width": 4,
                          "Actual Startup Time": 0.009,
                          "Actual Total Time": 0.009,
                          "Actual Rows": 1,
                          "Actual Loops": 7328,
                          "Index Cond": "(id = mk.movie_id)",
                          "Rows Removed by Index Recheck": 0,
                          "Heap Fetches": 7328
                        }
                      ]
                    },
                    {
                      "Node Type": "Index Scan",
                      "Parent Relationship": "Inner",
                      "Parallel Aware": false,
                      "Scan Direction": "Forward",
                      "Index Name": "movie_id_movie_info",
                      "Relation Name": "movie_info",
                      "Alias": "mi",
                      "Startup Cost": 0.43,
                      "Total Cost": 1.62,
                      "Plan Rows": 1,
                      "Plan Width": 4,
                      "Actual Startup Time": 0.042,
                      "Actual Total Time": 0.049,
                      "Actual Rows": 5,
                      "Actual Loops": 7328,
                      "Index Cond": "(movie_id = t.id)",
                      "Rows Removed by Index Recheck": 0,
                      "Filter": "(info_type_id = 5)",
                      "Rows Removed by Filter": 54
                    }
                  ]
                }
              ]
            }
          ]
        }
      ]
    },
    "Planning Time": 1.41,
    "Triggers": [],
    "Execution Time": 197.519
  }
]