[
  {
    "Plan": {
      "Node Type": "Aggregate",
      "Strategy": "Plain",
      "Partial Mode": "Finalize",
      "Parallel Aware": false,
      "Startup Cost": 46676.25,
      "Total Cost": 46676.26,
      "Plan Rows": 1,
      "Plan Width": 8,
      "Actual Startup Time": 210.805,
      "Actual Total Time": 223.31,
      "Actual Rows": 1,
      "Actual Loops": 1,
      "Plans": [
        {
          "Node Type": "Gather",
          "Parent Relationship": "Outer",
          "Parallel Aware": false,
          "Startup Cost": 46675.94,
          "Total Cost": 46676.25,
          "Plan Rows": 3,
          "Plan Width": 8,
          "Actual Startup Time": 210.674,
          "Actual Total Time": 223.301,
          "Actual Rows": 4,
          "Actual Loops": 1,
          "Workers Planned": 3,
          "Workers Launched": 3,
          "Single Copy": false,
          "Plans": [
            {
              "Node Type": "Aggregate",
              "Strategy": "Plain",
              "Partial Mode": "Partial",
              "Parent Relationship": "Outer",
              "Parallel Aware": false,
              "Startup Cost": 45675.94,
              "Total Cost": 45675.95,
              "Plan Rows": 1,
              "Plan Width": 8,
              "Actual Startup Time": 204.876,
              "Actual Total Time": 204.877,
              "Actual Rows": 1,
              "Actual Loops": 4,
              "Plans": [
                {
                  "Node Type": "Seq Scan",
                  "Parent Relationship": "Outer",
                  "Parallel Aware": true,
                  "Relation Name": "movie_keyword",
                  "Alias": "mk",
                  "Startup Cost": 0.0,
                  "Total Cost": 42695.65,
                  "Plan Rows": 1192113,
                  "Plan Width": 0,
                  "Actual Startup Time": 0.111,
                  "Actual Total Time": 152.766,
                  "Actual Rows": 921163,
                  "Actual Loops": 4,
                  "Filter": "(keyword_id > 800)",
                  "Rows Removed by Filter": 209819
                }
              ]
            }
          ]
        }
      ]
    },
    "Planning Time": 0.153,
    "Triggers": [],
    "Execution Time": 223.357
  }
]