[
  {
    "Plan": {
      "Node Type": "Aggregate",
      "Strategy": "Plain",
      "Partial Mode": "Finalize",
      "Parallel Aware": false,
      "Startup Cost": 332934.19,
      "Total Cost": 332934.2,
      "Plan Rows": 1,
      "Plan Width": 8,
      "Actual Startup Time": 689.186,
      "Actual Total Time": 737.724,
      "Actual Rows": 1,
      "Actual Loops": 1,
      "Plans": [
        {
          "Node Type": "Gather",
          "Parent Relationship": "Outer",
          "Parallel Aware": false,
          "Startup Cost": 332933.56,
          "Total Cost": 332934.17,
          "Plan Rows": 6,
          "Plan Width": 8,
          "Actual Startup Time": 688.983,
          "Actual Total Time": 737.714,
          "Actual Rows": 7,
          "Actual Loops": 1,
          "Workers Planned": 6,
          "Workers Launched": 6,
          "Single Copy": false,
          "Plans": [
            {
              "Node Type": "Aggregate",
              "Strategy": "Plain",
              "Partial Mode": "Partial",
              "Parent Relationship": "Outer",
              "Parallel Aware": false,
              "Startup Cost": 331933.56,
              "Total Cost": 331933.57,
              "Plan Rows": 1,
              "Plan Width": 8,
              "Actual Startup Time": 680.239,
              "Actual Total Time": 680.24,
              "Actual Rows": 1,
              "Actual Loops": 7,
              "Plans": [
                {
                  "Node Type": "Seq Scan",
                  "Parent Relationship": "Outer",
                  "Parallel Aware": true,
                  "Relation Name": "cast_info",
                  "Alias": "ci",
                  "Startup Cost": 0.0,
                  "Total Cost": 328211.39,
                  "Plan Rows": 1488869,
                  "Plan Width": 0,
                  "Actual Startup Time": 340.808,
                  "Actual Total Time": 610.738,
                  "Actual Rows": 1257837,
                  "Actual Loops": 7,
                  "Filter": "(person_id > 2811396)",
                  "Rows Removed by Filter": 3919927
                }
              ]
            }
          ]
        }
      ]
    },
    "Planning Time": 0.17,
    "Triggers": [],
    "Execution Time": 737.794
  }
]