[
  {
    "Plan": {
      "Node Type": "Aggregate",
      "Strategy": "Plain",
      "Partial Mode": "Finalize",
      "Parallel Aware": false,
      "Startup Cost": 47088.04,
      "Total Cost": 47088.05,
      "Plan Rows": 1,
      "Plan Width": 8,
      "Actual Startup Time": 108.866,
      "Actual Total Time": 120.946,
      "Actual Rows": 1,
      "Actual Loops": 1,
      "Plans": [
        {
          "Node Type": "Gather",
          "Parent Relationship": "Outer",
          "Parallel Aware": false,
          "Startup Cost": 47087.62,
          "Total Cost": 47088.03,
          "Plan Rows": 4,
          "Plan Width": 8,
          "Actual Startup Time": 108.553,
          "Actual Total Time": 120.938,
          "Actual Rows": 5,
          "Actual Loops": 1,
          "Workers Planned": 4,
          "Workers Launched": 4,
          "Single Copy": false,
          "Plans": [
            {
              "Node Type": "Aggregate",
              "Strategy": "Plain",
              "Partial Mode": "Partial",
              "Parent Relationship": "Outer",
              "Parallel Aware": false,
              "Startup Cost": 46087.62,
              "Total Cost": 46087.63,
              "Plan Rows": 1,
              "Plan Width": 8,
              "Actual Startup Time": 100.928,
              "Actual Total Time": 100.929,
              "Actual Rows": 1,
              "Actual Loops": 5,
              "Plans": [
                {
                  "Node Type": "Seq Scan",
                  "Parent Relationship": "Outer",
                  "Parallel Aware": true,
                  "Relation Name": "title",
                  "Alias": "t",
                  "Startup Cost": 0.0,
                  "Total Cost": 45479.1,
                  "Plan Rows": 243410,
                  "Plan Width": 0,
                  "Actual Startup Time": 0.033,
                  "Actual Total Time": 89.206,
                  "Actual Rows": 211649,
                  "Actual Loops": 5,
                  "Filter": "((kind_id > 2) AND (production_year > 2000))",
                  "Rows Removed by Filter": 294013
                }
              ]
            }
          ]
        }
      ]
    },
    "Planning Time": 0.098,
    "Triggers": [],
    "Execution Time": 120.982
  }
]