[
  {
    "Plan": {
      "Node Type": "Aggregate",
      "Strategy": "Plain",
      "Partial Mode": "Finalize",
      "Parallel Aware": false,
      "Startup Cost": 300331.9,
      "Total Cost": 300331.91,
      "Plan Rows": 1,
      "Plan Width": 8,
      "Actual Startup Time": 1119.041,
      "Actual Total Time": 1171.06,
      "Actual Rows": 1,
      "Actual Loops": 1,
      "Plans": [
        {
          "Node Type": "Gather",
          "Parent Relationship": "Outer",
          "Parallel Aware": false,
          "Startup Cost": 300331.38,
          "Total Cost": 300331.89,
          "Plan Rows": 5,
          "Plan Width": 8,
          "Actual Startup Time": 1093.458,
          "Actual Total Time": 1171.047,
          "Actual Rows": 6,
          "Actual Loops": 1,
          "Workers Planned": 5,
          "Workers Launched": 5,
          "Single Copy": false,
          "Plans": [
            {
              "Node Type": "Aggregate",
              "Strategy": "Plain",
              "Partial Mode": "Partial",
              "Parent Relationship": "Outer",
              "Parallel Aware": false,
              "Startup Cost": 299331.38,
              "Total Cost": 299331.39,
              "Plan Rows": 1,
              "Plan Width": 8,
              "Actual Startup Time": 1083.556,
              "Actual Total Time": 1083.993,
              "Actual Rows": 1,
              "Actual Loops": 6,
              "Plans": [
                {
                  "Node Type": "Hash Join",
                  "Parent Relationship": "Outer",
                  "Parallel Aware": true,
                  "Join Type": "Inner",
                  "Startup Cost": 98000.94,
                  "Total Cost": 298930.23,
                  "Plan Rows": 160459,
                  "Plan Width": 0,
                  "Actual Startup Time": 469.248,
                  "Actual Total Time": 978.544,
                  "Actual Rows": 2744623,
                  "Actual Loops": 6,
                  "Inner Unique": false,
                  "Hash Cond": "(mi.movie_id = t.id)",
                  "Plans": [
                    {
                      "Node Type": "Seq Scan",
                      "Parent Relationship": "Outer",
                      "Parallel Aware": true,
                      "Relation Name": "movie_info",
                      "Alias": "mi",
                      "Startup Cost": 0.0,
                      "Total Cost": 198952.16,
                      "Plan Rows": 389205,
                      "Plan Width": 4,
                      "Actual Startup Time": 15.534,
                      "Actual Total Time": 281.943,
                      "Actual Rows": 310939,
                      "Actual Loops": 6,
                      "Filter": "(info_type_id > 17)",
                      "Rows Removed by Filter": 2161681
                    },
                    {
                      "Node Type": "Hash",
                      "Parent Relationship": "Inner",
                      "Parallel Aware": true,
                      "Startup Cost": 93797.93,
                      "Total Cost": 93797.93,
                      "Plan Rows": 336241,
                      "Plan Width": 8,
                      "Actual Startup Time": 448.38,
                      "Actual Total Time": 448.815,
                      "Actual Rows": 174202,
                      "Actual Loops": 6,
                      "Hash Buckets": 1048576,
                      "Original Hash Buckets": 1048576,
                      "Hash Batches": 1,
                      "Original Hash Batches": 1,
                      "Peak Memory Usage": 49184,
                      "Plans": [
                        {
                          "Node Type": "Hash Join",
                          "Parent Relationship": "Outer",
                          "Parallel Aware": true,
                          "Join Type": "Inner",
                          "Startup Cost": 50219.64,
                          "Total Cost": 93797.93,
                          "Plan Rows": 336241,
                          "Plan Width": 8,
                          "Actual Startup Time": 277.784,
                          "Actual Total Time": 391.0,
                          "Actual Rows": 174202,
                          "Actual Loops": 6,
                          "Inner Unique": true,
                          "Hash Cond": "(mk.movie_id = t.id)",
                          "Plans": [
                            {
                              "Node Type": "Seq Scan",
                              "Parent Relationship": "Outer",
                              "Parallel Aware": true,
                              "Relation Name": "movie_keyword",
                              "Alias": "mk",
                              "Startup Cost": 0.0,
                              "Total Cost": 42695.65,
                              "Plan Rows": 336241,
                              "Plan Width": 4,
                              "Actual Startup Time": 0.922,
                              "Actual Total Time": 69.418,
                              "Actual Rows": 174202,
                              "Actual Loops": 6,
                              "Filter": "(keyword_id > 16979)",
                              "Rows Removed by Filter": 579786
                            },
                            {
                              "Node Type": "Hash",
                              "Parent Relationship": "Inner",
                              "Parallel Aware": true,
                              "Startup Cost": 42318.73,
                              "Total Cost": 42318.73,
                              "Plan Rows": 632073,
                              "Plan Width": 4,
                              "Actual Startup Time": 271.898,
                              "Actual Total Time": 271.899,
                              "Actual Rows": 421385,
                              "Actual Loops": 6,
                              "Hash Buckets": 4194304,
                              "Original Hash Buckets": 4194304,
                              "Hash Batches": 1,
                              "Original Hash Batches": 1,
                              "Peak Memory Usage": 131744,
                              "Plans": [
                                {
                                  "Node Type": "Seq Scan",
                                  "Parent Relationship": "Outer",
                                  "Parallel Aware": true,
                                  "Relation Name": "title",
                                  "Alias": "t",
                                  "Startup Cost": 0.0,
                                  "Total Cost": 42318.73,
                                  "Plan Rows": 632073,
                                  "Plan Width": 4,
                                  "Actual Startup Time": 0.062,
                                  "Actual Total Time": 75.586,
                                  "Actual Rows": 421385,
                                  "Actual Loops": 6
                                }
                              ]
                            }
                          ]
                        }
                      ]
                    }
                  ]
                }
              ]
            }
          ]
        }
      ]
    },
    "Planning Time": 1.345,
    "Triggers": [],
    "Execution Time": 1171.175
  }
]