[
    {
        "Bao": {
            "Bao prediction": "NaN",
            "Bao recommended hint": "(no hint)"
        }
    },
    {
        "Plan": {
            "Node Type": "Aggregate",
            "Strategy": "Plain",
            "Partial Mode": "Finalize",
            "Parallel Aware": false,
            "Startup Cost": 122149.4,
            "Total Cost": 122149.41,
            "Plan Rows": 1,
            "Plan Width": 8,
            "Actual Startup Time": 522.226,
            "Actual Total Time": 535.447,
            "Actual Rows": 1,
            "Actual Loops": 1,
            "Output": [
                "count(*)"
            ],
            "Plans": [
                {
                    "Node Type": "Gather",
                    "Parent Relationship": "Outer",
                    "Parallel Aware": false,
                    "Startup Cost": 122149.08,
                    "Total Cost": 122149.39,
                    "Plan Rows": 3,
                    "Plan Width": 8,
                    "Actual Startup Time": 519.05,
                    "Actual Total Time": 535.438,
                    "Actual Rows": 4,
                    "Actual Loops": 1,
                    "Output": [
                        "(PARTIAL count(*))"
                    ],
                    "Workers Planned": 3,
                    "Workers Launched": 3,
                    "Single Copy": false,
                    "Plans": [
                        {
                            "Node Type": "Aggregate",
                            "Strategy": "Plain",
                            "Partial Mode": "Partial",
                            "Parent Relationship": "Outer",
                            "Parallel Aware": false,
                            "Startup Cost": 121149.08,
                            "Total Cost": 121149.09,
                            "Plan Rows": 1,
                            "Plan Width": 8,
                            "Actual Startup Time": 510.176,
                            "Actual Total Time": 510.281,
                            "Actual Rows": 1,
                            "Actual Loops": 4,
                            "Output": [
                                "PARTIAL count(*)"
                            ],
                            "Workers": [
                                {
                                    "Worker Number": 0,
                                    "Actual Startup Time": 507.285,
                                    "Actual Total Time": 507.289,
                                    "Actual Rows": 1,
                                    "Actual Loops": 1
                                },
                                {
                                    "Worker Number": 1,
                                    "Actual Startup Time": 507.243,
                                    "Actual Total Time": 507.247,
                                    "Actual Rows": 1,
                                    "Actual Loops": 1
                                },
                                {
                                    "Worker Number": 2,
                                    "Actual Startup Time": 507.431,
                                    "Actual Total Time": 507.437,
                                    "Actual Rows": 1,
                                    "Actual Loops": 1
                                }
                            ],
                            "Plans": [
                                {
                                    "Node Type": "Hash Join",
                                    "Parent Relationship": "Outer",
                                    "Parallel Aware": true,
                                    "Join Type": "Inner",
                                    "Startup Cost": 90452.59,
                                    "Total Cost": 121003.36,
                                    "Plan Rows": 58287,
                                    "Plan Width": 0,
                                    "Actual Startup Time": 307.42,
                                    "Actual Total Time": 483.124,
                                    "Actual Rows": 670842,
                                    "Actual Loops": 4,
                                    "Inner Unique": false,
                                    "Hash Cond": "(mc.movie_id = t.id)",
                                    "Workers": [
                                        {
                                            "Worker Number": 0,
                                            "Actual Startup Time": 304.251,
                                            "Actual Total Time": 479.694,
                                            "Actual Rows": 662564,
                                            "Actual Loops": 1
                                        },
                                        {
                                            "Worker Number": 1,
                                            "Actual Startup Time": 304.583,
                                            "Actual Total Time": 479.747,
                                            "Actual Rows": 665054,
                                            "Actual Loops": 1
                                        },
                                        {
                                            "Worker Number": 2,
                                            "Actual Startup Time": 304.808,
                                            "Actual Total Time": 481.286,
                                            "Actual Rows": 631481,
                                            "Actual Loops": 1
                                        }
                                    ],
                                    "Plans": [
                                        {
                                            "Node Type": "Seq Scan",
                                            "Parent Relationship": "Outer",
                                            "Parallel Aware": true,
                                            "Relation Name": "movie_companies",
                                            "Schema": "public",
                                            "Alias": "mc",
                                            "Startup Cost": 0.0,
                                            "Total Cost": 27206.55,
                                            "Plan Rows": 841655,
                                            "Plan Width": 4,
                                            "Actual Startup Time": 0.023,
                                            "Actual Total Time": 52.761,
                                            "Actual Rows": 652282,
                                            "Actual Loops": 4,
                                            "Output": [
                                                "mc.id",
                                                "mc.movie_id",
                                                "mc.company_id",
                                                "mc.company_type_id",
                                                "mc.note"
                                            ],
                                            "Workers": [
                                                {
                                                    "Worker Number": 0,
                                                    "Actual Startup Time": 0.032,
                                                    "Actual Total Time": 54.252,
                                                    "Actual Rows": 630604,
                                                    "Actual Loops": 1
                                                },
                                                {
                                                    "Worker Number": 1,
                                                    "Actual Startup Time": 0.025,
                                                    "Actual Total Time": 54.755,
                                                    "Actual Rows": 645248,
                                                    "Actual Loops": 1
                                                },
                                                {
                                                    "Worker Number": 2,
                                                    "Actual Startup Time": 0.025,
                                                    "Actual Total Time": 53.244,
                                                    "Actual Rows": 624160,
                                                    "Actual Loops": 1
                                                }
                                            ]
                                        },
                                        {
                                            "Node Type": "Hash",
                                            "Parent Relationship": "Inner",
                                            "Parallel Aware": true,
                                            "Startup Cost": 89746.57,
                                            "Total Cost": 89746.57,
                                            "Plan Rows": 56482,
                                            "Plan Width": 8,
                                            "Actual Startup Time": 306.302,
                                            "Actual Total Time": 306.405,
                                            "Actual Rows": 76365,
                                            "Actual Loops": 4,
                                            "Output": [
                                                "t.id",
                                                "mk.movie_id"
                                            ],
                                            "Hash Buckets": 524288,
                                            "Original Hash Buckets": 262144,
                                            "Hash Batches": 1,
                                            "Original Hash Batches": 1,
                                            "Peak Memory Usage": 18144,
                                            "Workers": [
                                                {
                                                    "Worker Number": 0,
                                                    "Actual Startup Time": 303.838,
                                                    "Actual Total Time": 303.841,
                                                    "Actual Rows": 70927,
                                                    "Actual Loops": 1
                                                },
                                                {
                                                    "Worker Number": 1,
                                                    "Actual Startup Time": 304.13,
                                                    "Actual Total Time": 304.133,
                                                    "Actual Rows": 71885,
                                                    "Actual Loops": 1
                                                },
                                                {
                                                    "Worker Number": 2,
                                                    "Actual Startup Time": 304.178,
                                                    "Actual Total Time": 304.182,
                                                    "Actual Rows": 66777,
                                                    "Actual Loops": 1
                                                }
                                            ],
                                            "Plans": [
                                                {
                                                    "Node Type": "Hash Join",
                                                    "Parent Relationship": "Outer",
                                                    "Parallel Aware": true,
                                                    "Join Type": "Inner",
                                                    "Startup Cost": 61967.37,
                                                    "Total Cost": 89746.57,
                                                    "Plan Rows": 56482,
                                                    "Plan Width": 8,
                                                    "Actual Startup Time": 176.803,
                                                    "Actual Total Time": 280.617,
                                                    "Actual Rows": 76365,
                                                    "Actual Loops": 4,
                                                    "Output": [
                                                        "t.id",
                                                        "mk.movie_id"
                                                    ],
                                                    "Inner Unique": true,
                                                    "Hash Cond": "(mk.movie_id = t.id)",
                                                    "Workers": [
                                                        {
                                                            "Worker Number": 0,
                                                            "Actual Startup Time": 174.268,
                                                            "Actual Total Time": 278.411,
                                                            "Actual Rows": 70927,
                                                            "Actual Loops": 1
                                                        },
                                                        {
                                                            "Worker Number": 1,
                                                            "Actual Startup Time": 174.676,
                                                            "Actual Total Time": 278.442,
                                                            "Actual Rows": 71885,
                                                            "Actual Loops": 1
                                                        },
                                                        {
                                                            "Worker Number": 2,
                                                            "Actual Startup Time": 174.863,
                                                            "Actual Total Time": 279.086,
                                                            "Actual Rows": 66777,
                                                            "Actual Loops": 1
                                                        }
                                                    ],
                                                    "Plans": [
                                                        {
                                                            "Node Type": "Bitmap Heap Scan",
                                                            "Parent Relationship": "Outer",
                                                            "Parallel Aware": true,
                                                            "Relation Name": "movie_keyword",
                                                            "Schema": "public",
                                                            "Alias": "mk",
                                                            "Startup Cost": 14458.27,
                                                            "Total Cost": 41660.36,
                                                            "Plan Rows": 219847,
                                                            "Plan Width": 4,
                                                            "Actual Startup Time": 41.515,
                                                            "Actual Total Time": 101.661,
                                                            "Actual Rows": 171305,
                                                            "Actual Loops": 4,
                                                            "Output": [
                                                                "mk.id",
                                                                "mk.movie_id",
                                                                "mk.keyword_id"
                                                            ],
                                                            "Recheck Cond": "(mk.keyword_id < 568)",
                                                            "Rows Removed by Index Recheck": 0,
                                                            "Exact Heap Blocks": 8041,
                                                            "Lossy Heap Blocks": 0,
                                                            "Workers": [
                                                                {
                                                                    "Worker Number": 0,
                                                                    "Actual Startup Time": 41.513,
                                                                    "Actual Total Time": 103.205,
                                                                    "Actual Rows": 157003,
                                                                    "Actual Loops": 1
                                                                },
                                                                {
                                                                    "Worker Number": 1,
                                                                    "Actual Startup Time": 41.512,
                                                                    "Actual Total Time": 103.449,
                                                                    "Actual Rows": 158341,
                                                                    "Actual Loops": 1
                                                                },
                                                                {
                                                                    "Worker Number": 2,
                                                                    "Actual Startup Time": 41.656,
                                                                    "Actual Total Time": 104.63,
                                                                    "Actual Rows": 144666,
                                                                    "Actual Loops": 1
                                                                }
                                                            ],
                                                            "Plans": [
                                                                {
                                                                    "Node Type": "Bitmap Index Scan",
                                                                    "Parent Relationship": "Outer",
                                                                    "Parallel Aware": false,
                                                                    "Index Name": "keyword_id_movie_keyword",
                                                                    "Startup Cost": 0.0,
                                                                    "Total Cost": 14287.89,
                                                                    "Plan Rows": 681527,
                                                                    "Plan Width": 0,
                                                                    "Actual Startup Time": 37.845,
                                                                    "Actual Total Time": 37.846,
                                                                    "Actual Rows": 685221,
                                                                    "Actual Loops": 1,
                                                                    "Index Cond": "(mk.keyword_id < 568)"
                                                                }
                                                            ]
                                                        },
                                                        {
                                                            "Node Type": "Hash",
                                                            "Parent Relationship": "Inner",
                                                            "Parallel Aware": true,
                                                            "Startup Cost": 45479.21,
                                                            "Total Cost": 45479.21,
                                                            "Plan Rows": 162392,
                                                            "Plan Width": 4,
                                                            "Actual Startup Time": 133.315,
                                                            "Actual Total Time": 133.316,
                                                            "Actual Rows": 130466,
                                                            "Actual Loops": 4,
                                                            "Output": [
                                                                "t.id"
                                                            ],
                                                            "Hash Buckets": 1048576,
                                                            "Original Hash Buckets": 1048576,
                                                            "Hash Batches": 1,
                                                            "Original Hash Batches": 1,
                                                            "Peak Memory Usage": 28672,
                                                            "Workers": [
                                                                {
                                                                    "Worker Number": 0,
                                                                    "Actual Startup Time": 132.627,
                                                                    "Actual Total Time": 132.628,
                                                                    "Actual Rows": 122409,
                                                                    "Actual Loops": 1
                                                                },
                                                                {
                                                                    "Worker Number": 1,
                                                                    "Actual Startup Time": 132.915,
                                                                    "Actual Total Time": 132.915,
                                                                    "Actual Rows": 125994,
                                                                    "Actual Loops": 1
                                                                },
                                                                {
                                                                    "Worker Number": 2,
                                                                    "Actual Startup Time": 133.082,
                                                                    "Actual Total Time": 133.083,
                                                                    "Actual Rows": 114844,
                                                                    "Actual Loops": 1
                                                                }
                                                            ],
                                                            "Plans": [
                                                                {
                                                                    "Node Type": "Seq Scan",
                                                                    "Parent Relationship": "Outer",
                                                                    "Parallel Aware": true,
                                                                    "Relation Name": "title",
                                                                    "Schema": "public",
                                                                    "Alias": "t",
                                                                    "Startup Cost": 0.0,
                                                                    "Total Cost": 45479.21,
                                                                    "Plan Rows": 162392,
                                                                    "Plan Width": 4,
                                                                    "Actual Startup Time": 0.042,
                                                                    "Actual Total Time": 91.527,
                                                                    "Actual Rows": 130466,
                                                                    "Actual Loops": 4,
                                                                    "Output": [
                                                                        "t.id"
                                                                    ],
                                                                    "Filter": "((t.kind_id < 4) AND (t.production_year > 1982))",
                                                                    "Rows Removed by Filter": 501612,
                                                                    "Workers": [
                                                                        {
                                                                            "Worker Number": 0,
                                                                            "Actual Startup Time": 0.054,
                                                                            "Actual Total Time": 93.064,
                                                                            "Actual Rows": 122409,
                                                                            "Actual Loops": 1
                                                                        },
                                                                        {
                                                                            "Worker Number": 1,
                                                                            "Actual Startup Time": 0.041,
                                                                            "Actual Total Time": 92.834,
                                                                            "Actual Rows": 125994,
                                                                            "Actual Loops": 1
                                                                        },
                                                                        {
                                                                            "Worker Number": 2,
                                                                            "Actual Startup Time": 0.058,
                                                                            "Actual Total Time": 90.004,
                                                                            "Actual Rows": 114844,
                                                                            "Actual Loops": 1
                                                                        }
                                                                    ]
                                                                }
                                                            ]
                                                        }
                                                    ]
                                                }
                                            ]
                                        }
                                    ]
                                }
                            ]
                        }
                    ]
                }
            ]
        },
        "Planning Time": 199.443,
        "Triggers": [],
        "Execution Time": 535.525
    }
]