[
  {
    "Plan": {
      "Node Type": "Aggregate",
      "Strategy": "Plain",
      "Partial Mode": "Finalize",
      "Parallel Aware": false,
      "Startup Cost": 394957.93,
      "Total Cost": 394957.94,
      "Plan Rows": 1,
      "Plan Width": 8,
      "Actual Startup Time": 2001.517,
      "Actual Total Time": 2053.646,
      "Actual Rows": 1,
      "Actual Loops": 1,
      "Plans": [
        {
          "Node Type": "Gather",
          "Parent Relationship": "Outer",
          "Parallel Aware": false,
          "Startup Cost": 394957.3,
          "Total Cost": 394957.91,
          "Plan Rows": 6,
          "Plan Width": 8,
          "Actual Startup Time": 1997.007,
          "Actual Total Time": 2053.634,
          "Actual Rows": 7,
          "Actual Loops": 1,
          "Workers Planned": 6,
          "Workers Launched": 6,
          "Single Copy": false,
          "Plans": [
            {
              "Node Type": "Aggregate",
              "Strategy": "Plain",
              "Partial Mode": "Partial",
              "Parent Relationship": "Outer",
              "Parallel Aware": false,
              "Startup Cost": 393957.3,
              "Total Cost": 393957.31,
              "Plan Rows": 1,
              "Plan Width": 8,
              "Actual Startup Time": 1988.169,
              "Actual Total Time": 1988.172,
              "Actual Rows": 1,
              "Actual Loops": 7,
              "Plans": [
                {
                  "Node Type": "Hash Join",
                  "Parent Relationship": "Outer",
                  "Parallel Aware": true,
                  "Join Type": "Inner",
                  "Startup Cost": 47518.69,
                  "Total Cost": 390361.24,
                  "Plan Rows": 1438424,
                  "Plan Width": 0,
                  "Actual Startup Time": 162.995,
                  "Actual Total Time": 1921.746,
                  "Actual Rows": 1381650,
                  "Actual Loops": 7,
                  "Inner Unique": true,
                  "Hash Cond": "(ci.movie_id = t.id)",
                  "Plans": [
                    {
                      "Node Type": "Seq Scan",
                      "Parent Relationship": "Outer",
                      "Parallel Aware": true,
                      "Relation Name": "cast_info",
                      "Alias": "ci",
                      "Startup Cost": 0.0,
                      "Total Cost": 328211.39,
                      "Plan Rows": 5573769,
                      "Plan Width": 4,
                      "Actual Startup Time": 34.621,
                      "Actual Total Time": 684.545,
                      "Actual Rows": 4763819,
                      "Actual Loops": 7,
                      "Filter": "(person_id > 281590)",
                      "Rows Removed by Filter": 413945
                    },
                    {
                      "Node Type": "Hash",
                      "Parent Relationship": "Inner",
                      "Parallel Aware": true,
                      "Startup Cost": 45479.59,
                      "Total Cost": 45479.59,
                      "Plan Rows": 163128,
                      "Plan Width": 4,
                      "Actual Startup Time": 125.765,
                      "Actual Total Time": 125.766,
                      "Actual Rows": 101597,
                      "Actual Loops": 7,
                      "Hash Buckets": 1048576,
                      "Original Hash Buckets": 1048576,
                      "Hash Batches": 1,
                      "Original Hash Batches": 1,
                      "Peak Memory Usage": 36160,
                      "Plans": [
                        {
                          "Node Type": "Seq Scan",
                          "Parent Relationship": "Outer",
                          "Parallel Aware": true,
                          "Relation Name": "title",
                          "Alias": "t",
                          "Startup Cost": 0.0,
                          "Total Cost": 45479.59,
                          "Plan Rows": 163128,
                          "Plan Width": 4,
                          "Actual Startup Time": 0.041,
                          "Actual Total Time": 78.741,
                          "Actual Rows": 101597,
                          "Actual Loops": 7,
                          "Filter": "((kind_id < 7) AND (production_year < 2008))",
                          "Rows Removed by Filter": 259590
                        }
                      ]
                    }
                  ]
                }
              ]
            }
          ]
        }
      ]
    },
    "Planning Time": 0.245,
    "Triggers": [],
    "Execution Time": 2053.699
  }
]