{
  "Plan": {
    "Node Type": "Aggregate",
    "Strategy": "Plain",
    "Partial Mode": "Finalize",
    "Parallel Aware": false,
    "Startup Cost": 96408.65,
    "Total Cost": 96408.66,
    "Plan Rows": 1,
    "Plan Width": 8,
    "Actual Startup Time": 375.876,
    "Actual Total Time": 388.794,
    "Actual Rows": 1,
    "Actual Loops": 1,
    "Plans": [
      {
        "Node Type": "Gather",
        "Parent Relationship": "Outer",
        "Parallel Aware": false,
        "Startup Cost": 96408.54,
        "Total Cost": 96408.65,
        "Plan Rows": 1,
        "Plan Width": 8,
        "Actual Startup Time": 374.426,
        "Actual Total Time": 388.784,
        "Actual Rows": 2,
        "Actual Loops": 1,
        "Workers Planned": 1,
        "Workers Launched": 1,
        "Single Copy": false,
        "Plans": [
          {
            "Node Type": "Aggregate",
            "Strategy": "Plain",
            "Partial Mode": "Partial",
            "Parent Relationship": "Outer",
            "Parallel Aware": false,
            "Startup Cost": 95408.54,
            "Total Cost": 95408.55,
            "Plan Rows": 1,
            "Plan Width": 8,
            "Actual Startup Time": 368.488,
            "Actual Total Time": 368.652,
            "Actual Rows": 1,
            "Actual Loops": 2,
            "Plans": [
              {
                "Node Type": "Hash Join",
                "Parent Relationship": "Outer",
                "Parallel Aware": true,
                "Join Type": "Inner",
                "Startup Cost": 33178.15,
                "Total Cost": 95289.13,
                "Plan Rows": 47766,
                "Plan Width": 0,
                "Actual Startup Time": 168.009,
                "Actual Total Time": 367.841,
                "Actual Rows": 15954,
                "Actual Loops": 2,
                "Inner Unique": false,
                "Hash Cond": "(t.id = mc.movie_id)",
                "Plans": [
                  {
                    "Node Type": "Seq Scan",
                    "Parent Relationship": "Outer",
                    "Parallel Aware": true,
                    "Relation Name": "title",
                    "Alias": "t",
                    "Startup Cost": 0.0,
                    "Total Cost": 58306.47,
                    "Plan Rows": 563764,
                    "Plan Width": 4,
                    "Actual Startup Time": 0.013,
                    "Actual Total Time": 140.158,
                    "Actual Rows": 525096,
                    "Actual Loops": 2,
                    "Filter": "((production_year > 1996) AND (kind_id = 7))",
                    "Rows Removed by Filter": 739060
                  },
                  {
                    "Node Type": "Hash",
                    "Parent Relationship": "Inner",
                    "Parallel Aware": true,
                    "Startup Cost": 31603.03,
                    "Total Cost": 31603.03,
                    "Plan Rows": 126010,
                    "Plan Width": 4,
                    "Actual Startup Time": 132.801,
                    "Actual Total Time": 132.802,
                    "Actual Rows": 214685,
                    "Actual Loops": 2,
                    "Hash Buckets": 524288,
                    "Original Hash Buckets": 262144,
                    "Hash Batches": 1,
                    "Original Hash Batches": 1,
                    "Peak Memory Usage": 22976,
                    "Plans": [
                      {
                        "Node Type": "Bitmap Heap Scan",
                        "Parent Relationship": "Outer",
                        "Parallel Aware": true,
                        "Relation Name": "movie_companies",
                        "Alias": "mc",
                        "Startup Cost": 9090.3,
                        "Total Cost": 31603.03,
                        "Plan Rows": 126010,
                        "Plan Width": 4,
                        "Actual Startup Time": 39.675,
                        "Actual Total Time": 87.177,
                        "Actual Rows": 214685,
                        "Actual Loops": 2,
                        "Recheck Cond": "(company_id > 79263)",
                        "Rows Removed by Index Recheck": 0,
                        "Filter": "(company_type_id = 2)",
                        "Rows Removed by Filter": 0,
                        "Exact Heap Blocks": 4377,
                        "Lossy Heap Blocks": 0,
                        "Plans": [
                          {
                            "Node Type": "Bitmap Index Scan",
                            "Parent Relationship": "Outer",
                            "Parallel Aware": false,
                            "Index Name": "company_id_movie_companies",
                            "Startup Cost": 0.0,
                            "Total Cost": 9036.75,
                            "Plan Rows": 421909,
                            "Plan Width": 0,
                            "Actual Startup Time": 41.316,
                            "Actual Total Time": 41.316,
                            "Actual Rows": 429370,
                            "Actual Loops": 1,
                            "Index Cond": "(company_id > 79263)"
                          }
                        ]
                      }
                    ]
                  }
                ]
              }
            ]
          }
        ]
      }
    ]
  },
  "Planning Time": 0.677,
  "Triggers": [],
  "Execution Time": 388.886
}