[
  {
    "Plan": {
      "Node Type": "Aggregate",
      "Strategy": "Plain",
      "Partial Mode": "Finalize",
      "Parallel Aware": false,
      "Startup Cost": 45739.88,
      "Total Cost": 45739.89,
      "Plan Rows": 1,
      "Plan Width": 8,
      "Actual Startup Time": 108.601,
      "Actual Total Time": 120.085,
      "Actual Rows": 1,
      "Actual Loops": 1,
      "Plans": [
        {
          "Node Type": "Gather",
          "Parent Relationship": "Outer",
          "Parallel Aware": false,
          "Startup Cost": 45739.46,
          "Total Cost": 45739.87,
          "Plan Rows": 4,
          "Plan Width": 8,
          "Actual Startup Time": 108.393,
          "Actual Total Time": 120.076,
          "Actual Rows": 5,
          "Actual Loops": 1,
          "Workers Planned": 4,
          "Workers Launched": 4,
          "Single Copy": false,
          "Plans": [
            {
              "Node Type": "Aggregate",
              "Strategy": "Plain",
              "Partial Mode": "Partial",
              "Parent Relationship": "Outer",
              "Parallel Aware": false,
              "Startup Cost": 44739.46,
              "Total Cost": 44739.47,
              "Plan Rows": 1,
              "Plan Width": 8,
              "Actual Startup Time": 102.793,
              "Actual Total Time": 102.795,
              "Actual Rows": 1,
              "Actual Loops": 5,
              "Plans": [
                {
                  "Node Type": "Seq Scan",
                  "Parent Relationship": "Outer",
                  "Parallel Aware": true,
                  "Relation Name": "title",
                  "Alias": "t",
                  "Startup Cost": 0.0,
                  "Total Cost": 43899.32,
                  "Plan Rows": 336054,
                  "Plan Width": 0,
                  "Actual Startup Time": 0.034,
                  "Actual Total Time": 89.433,
                  "Actual Rows": 269659,
                  "Actual Loops": 5,
                  "Filter": "(production_year < 2005)",
                  "Rows Removed by Filter": 236004
                }
              ]
            }
          ]
        }
      ]
    },
    "Planning Time": 0.073,
    "Triggers": [],
    "Execution Time": 120.122
  }
]