[
  {
    "Plan": {
      "Node Type": "Aggregate",
      "Strategy": "Plain",
      "Partial Mode": "Finalize",
      "Parallel Aware": false,
      "Startup Cost": 287984.75,
      "Total Cost": 287984.76,
      "Plan Rows": 1,
      "Plan Width": 8,
      "Actual Startup Time": 1082.374,
      "Actual Total Time": 1132.557,
      "Actual Rows": 1,
      "Actual Loops": 1,
      "Plans": [
        {
          "Node Type": "Gather",
          "Parent Relationship": "Outer",
          "Parallel Aware": false,
          "Startup Cost": 287984.23,
          "Total Cost": 287984.74,
          "Plan Rows": 5,
          "Plan Width": 8,
          "Actual Startup Time": 1065.964,
          "Actual Total Time": 1132.544,
          "Actual Rows": 6,
          "Actual Loops": 1,
          "Workers Planned": 5,
          "Workers Launched": 5,
          "Single Copy": false,
          "Plans": [
            {
              "Node Type": "Aggregate",
              "Strategy": "Plain",
              "Partial Mode": "Partial",
              "Parent Relationship": "Outer",
              "Parallel Aware": false,
              "Startup Cost": 286984.23,
              "Total Cost": 286984.24,
              "Plan Rows": 1,
              "Plan Width": 8,
              "Actual Startup Time": 1051.83,
              "Actual Total Time": 1052.111,
              "Actual Rows": 1,
              "Actual Loops": 6,
              "Plans": [
                {
                  "Node Type": "Hash Join",
                  "Parent Relationship": "Outer",
                  "Parallel Aware": true,
                  "Join Type": "Inner",
                  "Startup Cost": 85325.13,
                  "Total Cost": 286499.3,
                  "Plan Rows": 193971,
                  "Plan Width": 0,
                  "Actual Startup Time": 413.397,
                  "Actual Total Time": 948.843,
                  "Actual Rows": 2442342,
                  "Actual Loops": 6,
                  "Inner Unique": false,
                  "Hash Cond": "(mi.movie_id = t.id)",
                  "Plans": [
                    {
                      "Node Type": "Seq Scan",
                      "Parent Relationship": "Outer",
                      "Parallel Aware": true,
                      "Relation Name": "movie_info",
                      "Alias": "mi",
                      "Startup Cost": 0.0,
                      "Total Cost": 198952.16,
                      "Plan Rows": 463221,
                      "Plan Width": 4,
                      "Actual Startup Time": 16.674,
                      "Actual Total Time": 297.95,
                      "Actual Rows": 372308,
                      "Actual Loops": 6,
                      "Filter": "(info_type_id > 16)",
                      "Rows Removed by Filter": 2100312
                    },
                    {
                      "Node Type": "Hash",
                      "Parent Relationship": "Inner",
                      "Parallel Aware": true,
                      "Startup Cost": 82016.68,
                      "Total Cost": 82016.68,
                      "Plan Rows": 264676,
                      "Plan Width": 8,
                      "Actual Startup Time": 391.105,
                      "Actual Total Time": 391.385,
                      "Actual Rows": 155343,
                      "Actual Loops": 6,
                      "Hash Buckets": 2097152,
                      "Original Hash Buckets": 2097152,
                      "Hash Batches": 1,
                      "Original Hash Batches": 1,
                      "Peak Memory Usage": 52928,
                      "Plans": [
                        {
                          "Node Type": "Hash Join",
                          "Parent Relationship": "Outer",
                          "Parallel Aware": true,
                          "Join Type": "Inner",
                          "Startup Cost": 35683.79,
                          "Total Cost": 82016.68,
                          "Plan Rows": 264676,
                          "Plan Width": 8,
                          "Actual Startup Time": 139.835,
                          "Actual Total Time": 332.182,
                          "Actual Rows": 155343,
                          "Actual Loops": 6,
                          "Inner Unique": false,
                          "Hash Cond": "(t.id = mc.movie_id)",
                          "Plans": [
                            {
                              "Node Type": "Seq Scan",
                              "Parent Relationship": "Outer",
                              "Parallel Aware": true,
                              "Relation Name": "title",
                              "Alias": "t",
                              "Startup Cost": 0.0,
                              "Total Cost": 42318.73,
                              "Plan Rows": 632073,
                              "Plan Width": 4,
                              "Actual Startup Time": 0.014,
                              "Actual Total Time": 60.336,
                              "Actual Rows": 421385,
                              "Actual Loops": 6
                            },
                            {
                              "Node Type": "Hash",
                              "Parent Relationship": "Inner",
                              "Parallel Aware": true,
                              "Startup Cost": 31414.82,
                              "Total Cost": 31414.82,
                              "Plan Rows": 341518,
                              "Plan Width": 4,
                              "Actual Startup Time": 136.819,
                              "Actual Total Time": 136.82,
                              "Actual Rows": 155343,
                              "Actual Loops": 6,
                              "Hash Buckets": 2097152,
                              "Original Hash Buckets": 2097152,
                              "Hash Batches": 1,
                              "Original Hash Batches": 1,
                              "Peak Memory Usage": 52960,
                              "Plans": [
                                {
                                  "Node Type": "Seq Scan",
                                  "Parent Relationship": "Outer",
                                  "Parallel Aware": true,
                                  "Relation Name": "movie_companies",
                                  "Alias": "mc",
                                  "Startup Cost": 0.0,
                                  "Total Cost": 31414.82,
                                  "Plan Rows": 341518,
                                  "Plan Width": 4,
                                  "Actual Startup Time": 0.156,
                                  "Actual Total Time": 66.687,
                                  "Actual Rows": 155343,
                                  "Actual Loops": 6,
                                  "Filter": "((company_id > 376) AND (company_type_id < 2))",
                                  "Rows Removed by Filter": 279512
                                }
                              ]
                            }
                          ]
                        }
                      ]
                    }
                  ]
                }
              ]
            }
          ]
        }
      ]
    },
    "Planning Time": 1.454,
    "Triggers": [],
    "Execution Time": 1132.656
  }
]