[
  {
    "Plan": {
      "Node Type": "Aggregate",
      "Strategy": "Plain",
      "Partial Mode": "Finalize",
      "Parallel Aware": false,
      "Startup Cost": 46090.33,
      "Total Cost": 46090.34,
      "Plan Rows": 1,
      "Plan Width": 8,
      "Actual Startup Time": 160.624,
      "Actual Total Time": 170.372,
      "Actual Rows": 1,
      "Actual Loops": 1,
      "Plans": [
        {
          "Node Type": "Gather",
          "Parent Relationship": "Outer",
          "Parallel Aware": false,
          "Startup Cost": 46090.01,
          "Total Cost": 46090.32,
          "Plan Rows": 3,
          "Plan Width": 8,
          "Actual Startup Time": 160.491,
          "Actual Total Time": 170.363,
          "Actual Rows": 4,
          "Actual Loops": 1,
          "Workers Planned": 3,
          "Workers Launched": 3,
          "Single Copy": false,
          "Plans": [
            {
              "Node Type": "Aggregate",
              "Strategy": "Plain",
              "Partial Mode": "Partial",
              "Parent Relationship": "Outer",
              "Parallel Aware": false,
              "Startup Cost": 45090.01,
              "Total Cost": 45090.02,
              "Plan Rows": 1,
              "Plan Width": 8,
              "Actual Startup Time": 152.303,
              "Actual Total Time": 152.304,
              "Actual Rows": 1,
              "Actual Loops": 4,
              "Plans": [
                {
                  "Node Type": "Seq Scan",
                  "Parent Relationship": "Outer",
                  "Parallel Aware": true,
                  "Relation Name": "movie_keyword",
                  "Alias": "mk",
                  "Startup Cost": 0.0,
                  "Total Cost": 42695.65,
                  "Plan Rows": 957742,
                  "Plan Width": 0,
                  "Actual Startup Time": 0.059,
                  "Actual Total Time": 119.743,
                  "Actual Rows": 740570,
                  "Actual Loops": 4,
                  "Filter": "(keyword_id < 10063)",
                  "Rows Removed by Filter": 390413
                }
              ]
            }
          ]
        }
      ]
    },
    "Planning Time": 0.223,
    "Triggers": [],
    "Execution Time": 170.429
  }
]