[
  {
    "Plan": {
      "Node Type": "Aggregate",
      "Strategy": "Plain",
      "Partial Mode": "Finalize",
      "Parallel Aware": false,
      "Startup Cost": 46581.27,
      "Total Cost": 46581.28,
      "Plan Rows": 1,
      "Plan Width": 8,
      "Actual Startup Time": 170.058,
      "Actual Total Time": 180.548,
      "Actual Rows": 1,
      "Actual Loops": 1,
      "Plans": [
        {
          "Node Type": "Gather",
          "Parent Relationship": "Outer",
          "Parallel Aware": false,
          "Startup Cost": 46580.95,
          "Total Cost": 46581.26,
          "Plan Rows": 3,
          "Plan Width": 8,
          "Actual Startup Time": 169.878,
          "Actual Total Time": 180.538,
          "Actual Rows": 4,
          "Actual Loops": 1,
          "Workers Planned": 3,
          "Workers Launched": 3,
          "Single Copy": false,
          "Plans": [
            {
              "Node Type": "Aggregate",
              "Strategy": "Plain",
              "Partial Mode": "Partial",
              "Parent Relationship": "Outer",
              "Parallel Aware": false,
              "Startup Cost": 45580.95,
              "Total Cost": 45580.96,
              "Plan Rows": 1,
              "Plan Width": 8,
              "Actual Startup Time": 163.533,
              "Actual Total Time": 163.534,
              "Actual Rows": 1,
              "Actual Loops": 4,
              "Plans": [
                {
                  "Node Type": "Seq Scan",
                  "Parent Relationship": "Outer",
                  "Parallel Aware": true,
                  "Relation Name": "movie_keyword",
                  "Alias": "mk",
                  "Startup Cost": 0.0,
                  "Total Cost": 42695.65,
                  "Plan Rows": 1154119,
                  "Plan Width": 0,
                  "Actual Startup Time": 0.046,
                  "Actual Total Time": 122.06,
                  "Actual Rows": 895070,
                  "Actual Loops": 4,
                  "Filter": "(keyword_id < 20100)",
                  "Rows Removed by Filter": 235912
                }
              ]
            }
          ]
        }
      ]
    },
    "Planning Time": 0.109,
    "Triggers": [],
    "Execution Time": 180.582
  }
]