[
  {
    "Plan": {
      "Node Type": "Aggregate",
      "Strategy": "Plain",
      "Partial Mode": "Finalize",
      "Parallel Aware": false,
      "Startup Cost": 46584.09,
      "Total Cost": 46584.1,
      "Plan Rows": 1,
      "Plan Width": 8,
      "Actual Startup Time": 168.295,
      "Actual Total Time": 177.905,
      "Actual Rows": 1,
      "Actual Loops": 1,
      "Plans": [
        {
          "Node Type": "Gather",
          "Parent Relationship": "Outer",
          "Parallel Aware": false,
          "Startup Cost": 46583.77,
          "Total Cost": 46584.08,
          "Plan Rows": 3,
          "Plan Width": 8,
          "Actual Startup Time": 168.175,
          "Actual Total Time": 177.898,
          "Actual Rows": 4,
          "Actual Loops": 1,
          "Workers Planned": 3,
          "Workers Launched": 3,
          "Single Copy": false,
          "Plans": [
            {
              "Node Type": "Aggregate",
              "Strategy": "Plain",
              "Partial Mode": "Partial",
              "Parent Relationship": "Outer",
              "Parallel Aware": false,
              "Startup Cost": 45583.77,
              "Total Cost": 45583.78,
              "Plan Rows": 1,
              "Plan Width": 8,
              "Actual Startup Time": 161.03,
              "Actual Total Time": 161.031,
              "Actual Rows": 1,
              "Actual Loops": 4,
              "Plans": [
                {
                  "Node Type": "Seq Scan",
                  "Parent Relationship": "Outer",
                  "Parallel Aware": true,
                  "Relation Name": "movie_keyword",
                  "Alias": "mk",
                  "Startup Cost": 0.0,
                  "Total Cost": 42695.65,
                  "Plan Rows": 1155248,
                  "Plan Width": 0,
                  "Actual Startup Time": 0.052,
                  "Actual Total Time": 121.097,
                  "Actual Rows": 895070,
                  "Actual Loops": 4,
                  "Filter": "(keyword_id < 20100)",
                  "Rows Removed by Filter": 235912
                }
              ]
            }
          ]
        }
      ]
    },
    "Planning Time": 0.187,
    "Triggers": [],
    "Execution Time": 177.963
  }
]