[
    {
        "Bao": {
            "Bao prediction": 478.552,
            "Bao recommended hint": "(no hint)"
        }
    },
    {
        "Plan": {
            "Node Type": "Aggregate",
            "Strategy": "Plain",
            "Partial Mode": "Finalize",
            "Parallel Aware": false,
            "Startup Cost": 31581.35,
            "Total Cost": 31581.36,
            "Plan Rows": 1,
            "Plan Width": 8,
            "Actual Startup Time": 137.247,
            "Actual Total Time": 143.284,
            "Actual Rows": 1,
            "Actual Loops": 1,
            "Output": [
                "count(*)"
            ],
            "Plans": [
                {
                    "Node Type": "Gather",
                    "Parent Relationship": "Outer",
                    "Parallel Aware": false,
                    "Startup Cost": 31581.04,
                    "Total Cost": 31581.35,
                    "Plan Rows": 3,
                    "Plan Width": 8,
                    "Actual Startup Time": 137.164,
                    "Actual Total Time": 143.276,
                    "Actual Rows": 4,
                    "Actual Loops": 1,
                    "Output": [
                        "(PARTIAL count(*))"
                    ],
                    "Workers Planned": 3,
                    "Workers Launched": 3,
                    "Single Copy": false,
                    "Plans": [
                        {
                            "Node Type": "Aggregate",
                            "Strategy": "Plain",
                            "Partial Mode": "Partial",
                            "Parent Relationship": "Outer",
                            "Parallel Aware": false,
                            "Startup Cost": 30581.04,
                            "Total Cost": 30581.05,
                            "Plan Rows": 1,
                            "Plan Width": 8,
                            "Actual Startup Time": 129.695,
                            "Actual Total Time": 129.696,
                            "Actual Rows": 1,
                            "Actual Loops": 4,
                            "Output": [
                                "PARTIAL count(*)"
                            ],
                            "Workers": [
                                {
                                    "Worker Number": 0,
                                    "Actual Startup Time": 127.4,
                                    "Actual Total Time": 127.401,
                                    "Actual Rows": 1,
                                    "Actual Loops": 1
                                },
                                {
                                    "Worker Number": 1,
                                    "Actual Startup Time": 127.321,
                                    "Actual Total Time": 127.322,
                                    "Actual Rows": 1,
                                    "Actual Loops": 1
                                },
                                {
                                    "Worker Number": 2,
                                    "Actual Startup Time": 127.468,
                                    "Actual Total Time": 127.47,
                                    "Actual Rows": 1,
                                    "Actual Loops": 1
                                }
                            ],
                            "Plans": [
                                {
                                    "Node Type": "Seq Scan",
                                    "Parent Relationship": "Outer",
                                    "Parallel Aware": true,
                                    "Relation Name": "movie_companies",
                                    "Schema": "public",
                                    "Alias": "mc",
                                    "Startup Cost": 0.0,
                                    "Total Cost": 29310.68,
                                    "Plan Rows": 508142,
                                    "Plan Width": 0,
                                    "Actual Startup Time": 8.631,
                                    "Actual Total Time": 103.508,
                                    "Actual Rows": 393744,
                                    "Actual Loops": 4,
                                    "Output": [
                                        "id",
                                        "movie_id",
                                        "company_id",
                                        "company_type_id",
                                        "note"
                                    ],
                                    "Filter": "(mc.company_id > 5808)",
                                    "Rows Removed by Filter": 258538,
                                    "Workers": [
                                        {
                                            "Worker Number": 0,
                                            "Actual Startup Time": 6.36,
                                            "Actual Total Time": 101.62,
                                            "Actual Rows": 373205,
                                            "Actual Loops": 1
                                        },
                                        {
                                            "Worker Number": 1,
                                            "Actual Startup Time": 6.259,
                                            "Actual Total Time": 102.06,
                                            "Actual Rows": 367259,
                                            "Actual Loops": 1
                                        },
                                        {
                                            "Worker Number": 2,
                                            "Actual Startup Time": 6.399,
                                            "Actual Total Time": 101.649,
                                            "Actual Rows": 378165,
                                            "Actual Loops": 1
                                        }
                                    ]
                                }
                            ]
                        }
                    ]
                }
            ]
        },
        "Planning Time": 4716.366,
        "Triggers": [],
        "Execution Time": 143.371
    }
]