[
  {
    "Plan": {
      "Node Type": "Aggregate",
      "Strategy": "Plain",
      "Partial Mode": "Simple",
      "Parallel Aware": false,
      "Startup Cost": 28347.01,
      "Total Cost": 28347.02,
      "Plan Rows": 1,
      "Plan Width": 8,
      "Actual Startup Time": 60.347,
      "Actual Total Time": 60.349,
      "Actual Rows": 1,
      "Actual Loops": 1,
      "Plans": [
        {
          "Node Type": "Bitmap Heap Scan",
          "Parent Relationship": "Outer",
          "Parallel Aware": false,
          "Relation Name": "movie_keyword",
          "Alias": "mk",
          "Startup Cost": 2281.2,
          "Total Cost": 28078.38,
          "Plan Rows": 107454,
          "Plan Width": 0,
          "Actual Startup Time": 13.919,
          "Actual Total Time": 55.781,
          "Actual Rows": 107403,
          "Actual Loops": 1,
          "Recheck Cond": "(keyword_id > 80664)",
          "Rows Removed by Index Recheck": 0,
          "Exact Heap Blocks": 17709,
          "Lossy Heap Blocks": 0,
          "Plans": [
            {
              "Node Type": "Bitmap Index Scan",
              "Parent Relationship": "Outer",
              "Parallel Aware": false,
              "Index Name": "keyword_id_movie_keyword",
              "Startup Cost": 0.0,
              "Total Cost": 2254.34,
              "Plan Rows": 107454,
              "Plan Width": 0,
              "Actual Startup Time": 10.361,
              "Actual Total Time": 10.362,
              "Actual Rows": 107403,
              "Actual Loops": 1,
              "Index Cond": "(keyword_id > 80664)"
            }
          ]
        }
      ]
    },
    "Planning Time": 0.089,
    "Triggers": [],
    "Execution Time": 60.384
  }
]