[
  {
    "Plan": {
      "Node Type": "Aggregate",
      "Strategy": "Plain",
      "Partial Mode": "Finalize",
      "Parallel Aware": false,
      "Startup Cost": 93236.05,
      "Total Cost": 93236.06,
      "Plan Rows": 1,
      "Plan Width": 8,
      "Actual Startup Time": 415.368,
      "Actual Total Time": 433.184,
      "Actual Rows": 1,
      "Actual Loops": 1,
      "Plans": [
        {
          "Node Type": "Gather",
          "Parent Relationship": "Outer",
          "Parallel Aware": false,
          "Startup Cost": 93235.73,
          "Total Cost": 93236.04,
          "Plan Rows": 3,
          "Plan Width": 8,
          "Actual Startup Time": 412.784,
          "Actual Total Time": 433.171,
          "Actual Rows": 4,
          "Actual Loops": 1,
          "Workers Planned": 3,
          "Workers Launched": 3,
          "Single Copy": false,
          "Plans": [
            {
              "Node Type": "Aggregate",
              "Strategy": "Plain",
              "Partial Mode": "Partial",
              "Parent Relationship": "Outer",
              "Parallel Aware": false,
              "Startup Cost": 92235.73,
              "Total Cost": 92235.74,
              "Plan Rows": 1,
              "Plan Width": 8,
              "Actual Startup Time": 404.922,
              "Actual Total Time": 404.926,
              "Actual Rows": 1,
              "Actual Loops": 4,
              "Plans": [
                {
                  "Node Type": "Hash Join",
                  "Parent Relationship": "Outer",
                  "Parallel Aware": true,
                  "Join Type": "Inner",
                  "Startup Cost": 46844.15,
                  "Total Cost": 91854.94,
                  "Plan Rows": 152315,
                  "Plan Width": 0,
                  "Actual Startup Time": 201.501,
                  "Actual Total Time": 387.443,
                  "Actual Rows": 358401,
                  "Actual Loops": 4,
                  "Inner Unique": true,
                  "Hash Cond": "(mk.movie_id = t.id)",
                  "Plans": [
                    {
                      "Node Type": "Seq Scan",
                      "Parent Relationship": "Outer",
                      "Parallel Aware": true,
                      "Relation Name": "movie_keyword",
                      "Alias": "mk",
                      "Startup Cost": 0.0,
                      "Total Cost": 42695.65,
                      "Plan Rows": 881958,
                      "Plan Width": 4,
                      "Actual Startup Time": 0.197,
                      "Actual Total Time": 123.302,
                      "Actual Rows": 682531,
                      "Actual Loops": 4,
                      "Filter": "(keyword_id > 2897)",
                      "Rows Removed by Filter": 448452
                    },
                    {
                      "Node Type": "Hash",
                      "Parent Relationship": "Inner",
                      "Parallel Aware": true,
                      "Startup Cost": 45479.59,
                      "Total Cost": 45479.59,
                      "Plan Rows": 109165,
                      "Plan Width": 4,
                      "Actual Startup Time": 158.858,
                      "Actual Total Time": 158.859,
                      "Actual Rows": 118480,
                      "Actual Loops": 4,
                      "Hash Buckets": 524288,
                      "Original Hash Buckets": 524288,
                      "Hash Batches": 1,
                      "Original Hash Batches": 1,
                      "Peak Memory Usage": 22720,
                      "Plans": [
                        {
                          "Node Type": "Seq Scan",
                          "Parent Relationship": "Outer",
                          "Parallel Aware": true,
                          "Relation Name": "title",
                          "Alias": "t",
                          "Startup Cost": 0.0,
                          "Total Cost": 45479.59,
                          "Plan Rows": 109165,
                          "Plan Width": 4,
                          "Actual Startup Time": 65.443,
                          "Actual Total Time": 114.733,
                          "Actual Rows": 118480,
                          "Actual Loops": 4,
                          "Filter": "((production_year < 2008) AND (kind_id = 1))",
                          "Rows Removed by Filter": 513598
                        }
                      ]
                    }
                  ]
                }
              ]
            }
          ]
        }
      ]
    },
    "Planning Time": 0.546,
    "Triggers": [],
    "Execution Time": 433.245
  }
]