[
  {
    "Plan": {
      "Node Type": "Aggregate",
      "Strategy": "Plain",
      "Partial Mode": "Finalize",
      "Parallel Aware": false,
      "Startup Cost": 47315.95,
      "Total Cost": 47315.96,
      "Plan Rows": 1,
      "Plan Width": 8,
      "Actual Startup Time": 187.743,
      "Actual Total Time": 197.908,
      "Actual Rows": 1,
      "Actual Loops": 1,
      "Plans": [
        {
          "Node Type": "Gather",
          "Parent Relationship": "Outer",
          "Parallel Aware": false,
          "Startup Cost": 47315.64,
          "Total Cost": 47315.95,
          "Plan Rows": 3,
          "Plan Width": 8,
          "Actual Startup Time": 187.6,
          "Actual Total Time": 197.899,
          "Actual Rows": 4,
          "Actual Loops": 1,
          "Workers Planned": 3,
          "Workers Launched": 3,
          "Single Copy": false,
          "Plans": [
            {
              "Node Type": "Aggregate",
              "Strategy": "Plain",
              "Partial Mode": "Partial",
              "Parent Relationship": "Outer",
              "Parallel Aware": false,
              "Startup Cost": 46315.64,
              "Total Cost": 46315.65,
              "Plan Rows": 1,
              "Plan Width": 8,
              "Actual Startup Time": 180.011,
              "Actual Total Time": 180.012,
              "Actual Rows": 1,
              "Actual Loops": 4,
              "Plans": [
                {
                  "Node Type": "Seq Scan",
                  "Parent Relationship": "Outer",
                  "Parallel Aware": true,
                  "Relation Name": "movie_keyword",
                  "Alias": "mk",
                  "Startup Cost": 0.0,
                  "Total Cost": 42695.65,
                  "Plan Rows": 1447993,
                  "Plan Width": 0,
                  "Actual Startup Time": 0.056,
                  "Actual Total Time": 129.682,
                  "Actual Rows": 1122098,
                  "Actual Loops": 4,
                  "Filter": "(keyword_id < 107164)",
                  "Rows Removed by Filter": 8884
                }
              ]
            }
          ]
        }
      ]
    },
    "Planning Time": 0.273,
    "Triggers": [],
    "Execution Time": 197.964
  }
]