{
  "Plan": {
    "Node Type": "Aggregate",
    "Strategy": "Plain",
    "Partial Mode": "Finalize",
    "Parallel Aware": false,
    "Startup Cost": 611468.17,
    "Total Cost": 611468.18,
    "Plan Rows": 1,
    "Plan Width": 8,
    "Actual Startup Time": 2449.554,
    "Actual Total Time": 2485.815,
    "Actual Rows": 1,
    "Actual Loops": 1,
    "Plans": [
      {
        "Node Type": "Gather",
        "Parent Relationship": "Outer",
        "Parallel Aware": false,
        "Startup Cost": 611468.06,
        "Total Cost": 611468.17,
        "Plan Rows": 1,
        "Plan Width": 8,
        "Actual Startup Time": 2446.075,
        "Actual Total Time": 2485.804,
        "Actual Rows": 2,
        "Actual Loops": 1,
        "Workers Planned": 1,
        "Workers Launched": 1,
        "Single Copy": false,
        "Plans": [
          {
            "Node Type": "Aggregate",
            "Strategy": "Plain",
            "Partial Mode": "Partial",
            "Parent Relationship": "Outer",
            "Parallel Aware": false,
            "Startup Cost": 610468.06,
            "Total Cost": 610468.07,
            "Plan Rows": 1,
            "Plan Width": 8,
            "Actual Startup Time": 2438.641,
            "Actual Total Time": 2438.645,
            "Actual Rows": 1,
            "Actual Loops": 2,
            "Plans": [
              {
                "Node Type": "Hash Join",
                "Parent Relationship": "Outer",
                "Parallel Aware": true,
                "Join Type": "Inner",
                "Startup Cost": 69230.31,
                "Total Cost": 605262.6,
                "Plan Rows": 2082183,
                "Plan Width": 0,
                "Actual Startup Time": 432.138,
                "Actual Total Time": 2392.138,
                "Actual Rows": 1110877,
                "Actual Loops": 2,
                "Inner Unique": true,
                "Hash Cond": "(ci.movie_id = t.id)",
                "Plans": [
                  {
                    "Node Type": "Index Scan",
                    "Parent Relationship": "Outer",
                    "Parallel Aware": true,
                    "Scan Direction": "Forward",
                    "Index Name": "role_id_cast_info",
                    "Relation Name": "cast_info",
                    "Alias": "ci",
                    "Startup Cost": 0.56,
                    "Total Cost": 526730.69,
                    "Plan Rows": 3543678,
                    "Plan Width": 4,
                    "Actual Startup Time": 0.138,
                    "Actual Total Time": 1166.309,
                    "Actual Rows": 1844726,
                    "Actual Loops": 2,
                    "Index Cond": "(role_id > 2)",
                    "Rows Removed by Index Recheck": 0,
                    "Filter": "(person_id < 1313805)",
                    "Rows Removed by Filter": 6216116
                  },
                  {
                    "Node Type": "Hash",
                    "Parent Relationship": "Inner",
                    "Parallel Aware": true,
                    "Startup Cost": 58306.47,
                    "Total Cost": 58306.47,
                    "Plan Rows": 873862,
                    "Plan Width": 4,
                    "Actual Startup Time": 417.44,
                    "Actual Total Time": 417.441,
                    "Actual Rows": 787570,
                    "Actual Loops": 2,
                    "Hash Buckets": 2097152,
                    "Original Hash Buckets": 2097152,
                    "Hash Batches": 1,
                    "Original Hash Batches": 1,
                    "Peak Memory Usage": 78016,
                    "Plans": [
                      {
                        "Node Type": "Seq Scan",
                        "Parent Relationship": "Outer",
                        "Parallel Aware": true,
                        "Relation Name": "title",
                        "Alias": "t",
                        "Startup Cost": 0.0,
                        "Total Cost": 58306.47,
                        "Plan Rows": 873862,
                        "Plan Width": 4,
                        "Actual Startup Time": 0.047,
                        "Actual Total Time": 176.565,
                        "Actual Rows": 787570,
                        "Actual Loops": 2,
                        "Filter": "((kind_id > 3) AND (production_year > 1957))",
                        "Rows Removed by Filter": 476586
                      }
                    ]
                  }
                ]
              }
            ]
          }
        ]
      }
    ]
  },
  "Planning Time": 0.683,
  "Triggers": [],
  "Execution Time": 2485.893
}