[
    {
        "Bao": {
            "Bao prediction": "NaN",
            "Bao recommended hint": "(no hint)"
        }
    },
    {
        "Plan": {
            "Node Type": "Aggregate",
            "Strategy": "Plain",
            "Partial Mode": "Simple",
            "Parallel Aware": false,
            "Startup Cost": 3320.43,
            "Total Cost": 3320.44,
            "Plan Rows": 1,
            "Plan Width": 8,
            "Actual Startup Time": 0.109,
            "Actual Total Time": 0.11,
            "Actual Rows": 1,
            "Actual Loops": 1,
            "Output": [
                "count(*)"
            ],
            "Plans": [
                {
                    "Node Type": "Nested Loop",
                    "Parent Relationship": "Outer",
                    "Parallel Aware": false,
                    "Join Type": "Inner",
                    "Startup Cost": 1.43,
                    "Total Cost": 3318.35,
                    "Plan Rows": 835,
                    "Plan Width": 0,
                    "Actual Startup Time": 0.087,
                    "Actual Total Time": 0.105,
                    "Actual Rows": 4,
                    "Actual Loops": 1,
                    "Inner Unique": false,
                    "Plans": [
                        {
                            "Node Type": "Nested Loop",
                            "Parent Relationship": "Outer",
                            "Parallel Aware": false,
                            "Join Type": "Inner",
                            "Startup Cost": 0.99,
                            "Total Cost": 2915.38,
                            "Plan Rows": 223,
                            "Plan Width": 8,
                            "Actual Startup Time": 0.072,
                            "Actual Total Time": 0.073,
                            "Actual Rows": 1,
                            "Actual Loops": 1,
                            "Output": [
                                "t.id",
                                "ci.movie_id"
                            ],
                            "Inner Unique": true,
                            "Plans": [
                                {
                                    "Node Type": "Index Scan",
                                    "Parent Relationship": "Outer",
                                    "Parallel Aware": false,
                                    "Scan Direction": "Forward",
                                    "Index Name": "person_id_cast_info",
                                    "Relation Name": "cast_info",
                                    "Schema": "public",
                                    "Alias": "ci",
                                    "Startup Cost": 0.56,
                                    "Total Cost": 1039.59,
                                    "Plan Rows": 223,
                                    "Plan Width": 4,
                                    "Actual Startup Time": 0.056,
                                    "Actual Total Time": 0.057,
                                    "Actual Rows": 1,
                                    "Actual Loops": 1,
                                    "Output": [
                                        "ci.id",
                                        "ci.person_id",
                                        "ci.movie_id",
                                        "ci.person_role_id",
                                        "ci.note",
                                        "ci.nr_order",
                                        "ci.role_id"
                                    ],
                                    "Index Cond": "(ci.person_id = 3674767)",
                                    "Rows Removed by Index Recheck": 0,
                                    "Filter": "(ci.role_id > 2)",
                                    "Rows Removed by Filter": 0
                                },
                                {
                                    "Node Type": "Index Only Scan",
                                    "Parent Relationship": "Inner",
                                    "Parallel Aware": false,
                                    "Scan Direction": "Forward",
                                    "Index Name": "title_pkey",
                                    "Relation Name": "title",
                                    "Schema": "public",
                                    "Alias": "t",
                                    "Startup Cost": 0.43,
                                    "Total Cost": 8.41,
                                    "Plan Rows": 1,
                                    "Plan Width": 4,
                                    "Actual Startup Time": 0.013,
                                    "Actual Total Time": 0.013,
                                    "Actual Rows": 1,
                                    "Actual Loops": 1,
                                    "Output": [
                                        "t.id"
                                    ],
                                    "Index Cond": "(t.id = ci.movie_id)",
                                    "Rows Removed by Index Recheck": 0,
                                    "Heap Fetches": 1
                                }
                            ]
                        },
                        {
                            "Node Type": "Index Scan",
                            "Parent Relationship": "Inner",
                            "Parallel Aware": false,
                            "Scan Direction": "Forward",
                            "Index Name": "movie_id_movie_info",
                            "Relation Name": "movie_info",
                            "Schema": "public",
                            "Alias": "mi",
                            "Startup Cost": 0.43,
                            "Total Cost": 1.56,
                            "Plan Rows": 25,
                            "Plan Width": 4,
                            "Actual Startup Time": 0.014,
                            "Actual Total Time": 0.03,
                            "Actual Rows": 4,
                            "Actual Loops": 1,
                            "Output": [
                                "mi.id",
                                "mi.movie_id",
                                "mi.info_type_id",
                                "mi.info",
                                "mi.note"
                            ],
                            "Index Cond": "(mi.movie_id = t.id)",
                            "Rows Removed by Index Recheck": 0,
                            "Filter": "(mi.info_type_id > 5)",
                            "Rows Removed by Filter": 4
                        }
                    ]
                }
            ]
        },
        "Planning Time": 312.228,
        "Triggers": [],
        "Execution Time": 0.166
    }
]