[
  {
    "Plan": {
      "Node Type": "Aggregate",
      "Strategy": "Plain",
      "Partial Mode": "Finalize",
      "Parallel Aware": false,
      "Startup Cost": 32868.05,
      "Total Cost": 32868.06,
      "Plan Rows": 1,
      "Plan Width": 8,
      "Actual Startup Time": 117.0,
      "Actual Total Time": 131.37,
      "Actual Rows": 1,
      "Actual Loops": 1,
      "Plans": [
        {
          "Node Type": "Gather",
          "Parent Relationship": "Outer",
          "Parallel Aware": false,
          "Startup Cost": 32867.73,
          "Total Cost": 32868.04,
          "Plan Rows": 3,
          "Plan Width": 8,
          "Actual Startup Time": 116.834,
          "Actual Total Time": 131.358,
          "Actual Rows": 4,
          "Actual Loops": 1,
          "Workers Planned": 3,
          "Workers Launched": 3,
          "Single Copy": false,
          "Plans": [
            {
              "Node Type": "Aggregate",
              "Strategy": "Plain",
              "Partial Mode": "Partial",
              "Parent Relationship": "Outer",
              "Parallel Aware": false,
              "Startup Cost": 31867.73,
              "Total Cost": 31867.74,
              "Plan Rows": 1,
              "Plan Width": 8,
              "Actual Startup Time": 108.422,
              "Actual Total Time": 108.424,
              "Actual Rows": 1,
              "Actual Loops": 4,
              "Plans": [
                {
                  "Node Type": "Seq Scan",
                  "Parent Relationship": "Outer",
                  "Parallel Aware": true,
                  "Relation Name": "movie_companies",
                  "Alias": "mc",
                  "Startup Cost": 0.0,
                  "Total Cost": 31414.82,
                  "Plan Rows": 181164,
                  "Plan Width": 0,
                  "Actual Startup Time": 54.581,
                  "Actual Total Time": 102.442,
                  "Actual Rows": 87958,
                  "Actual Loops": 4,
                  "Filter": "((company_id < 7656) AND (company_type_id = 2))",
                  "Rows Removed by Filter": 564324
                }
              ]
            }
          ]
        }
      ]
    },
    "Planning Time": 0.114,
    "Triggers": [],
    "Execution Time": 131.408
  }
]