{
  "Plan": {
    "Node Type": "Aggregate",
    "Strategy": "Plain",
    "Partial Mode": "Finalize",
    "Parallel Aware": false,
    "Startup Cost": 2048462.89,
    "Total Cost": 2048462.9,
    "Plan Rows": 1,
    "Plan Width": 8,
    "Actual Startup Time": 10527.208,
    "Actual Total Time": 10541.021,
    "Actual Rows": 1,
    "Actual Loops": 1,
    "Plans": [
      {
        "Node Type": "Gather",
        "Parent Relationship": "Outer",
        "Parallel Aware": false,
        "Startup Cost": 2048462.78,
        "Total Cost": 2048462.89,
        "Plan Rows": 1,
        "Plan Width": 8,
        "Actual Startup Time": 10527.198,
        "Actual Total Time": 10541.015,
        "Actual Rows": 2,
        "Actual Loops": 1,
        "Workers Planned": 1,
        "Workers Launched": 1,
        "Single Copy": false,
        "Plans": [
          {
            "Node Type": "Aggregate",
            "Strategy": "Plain",
            "Partial Mode": "Partial",
            "Parent Relationship": "Outer",
            "Parallel Aware": false,
            "Startup Cost": 2047462.78,
            "Total Cost": 2047462.79,
            "Plan Rows": 1,
            "Plan Width": 8,
            "Actual Startup Time": 10463.8,
            "Actual Total Time": 10463.808,
            "Actual Rows": 1,
            "Actual Loops": 2,
            "Plans": [
              {
                "Node Type": "Merge Join",
                "Parent Relationship": "Outer",
                "Parallel Aware": false,
                "Join Type": "Inner",
                "Startup Cost": 1929884.2,
                "Total Cost": 2036727.63,
                "Plan Rows": 4294062,
                "Plan Width": 0,
                "Actual Startup Time": 8830.307,
                "Actual Total Time": 10356.234,
                "Actual Rows": 2647160,
                "Actual Loops": 2,
                "Inner Unique": false,
                "Merge Cond": "(t.id = mi.movie_id)",
                "Plans": [
                  {
                    "Node Type": "Sort",
                    "Parent Relationship": "Outer",
                    "Parallel Aware": false,
                    "Startup Cost": 1599096.45,
                    "Total Cost": 1620329.14,
                    "Plan Rows": 8493074,
                    "Plan Width": 8,
                    "Actual Startup Time": 8361.175,
                    "Actual Total Time": 8958.089,
                    "Actual Rows": 7094640,
                    "Actual Loops": 2,
                    "Sort Key": [
                      "t.id"
                    ],
                    "Sort Method": "quicksort",
                    "Sort Space Used": 527653,
                    "Sort Space Type": "Memory",
                    "Workers": [
                      {
                        "Worker Number": 0,
                        "Sort Method": "quicksort",
                        "Sort Space Used": 530686,
                        "Sort Space Type": "Memory"
                      }
                    ],
                    "Plans": [
                      {
                        "Node Type": "Hash Join",
                        "Parent Relationship": "Outer",
                        "Parallel Aware": true,
                        "Join Type": "Inner",
                        "Startup Cost": 65888.86,
                        "Total Cost": 621634.7,
                        "Plan Rows": 8493074,
                        "Plan Width": 8,
                        "Actual Startup Time": 923.981,
                        "Actual Total Time": 6593.938,
                        "Actual Rows": 7094640,
                        "Actual Loops": 2,
                        "Inner Unique": true,
                        "Hash Cond": "(ci.movie_id = t.id)",
                        "Plans": [
                          {
                            "Node Type": "Seq Scan",
                            "Parent Relationship": "Outer",
                            "Parallel Aware": true,
                            "Relation Name": "cast_info",
                            "Alias": "ci",
                            "Startup Cost": 0.0,
                            "Total Cost": 519069.44,
                            "Plan Rows": 13971936,
                            "Plan Width": 4,
                            "Actual Startup Time": 499.961,
                            "Actual Total Time": 1907.111,
                            "Actual Rows": 11786828,
                            "Actual Loops": 2,
                            "Filter": "(role_id > 1)",
                            "Rows Removed by Filter": 6335344
                          },
                          {
                            "Node Type": "Hash",
                            "Parent Relationship": "Inner",
                            "Parallel Aware": true,
                            "Startup Cost": 54588.39,
                            "Total Cost": 54588.39,
                            "Plan Rows": 904038,
                            "Plan Width": 4,
                            "Actual Startup Time": 408.627,
                            "Actual Total Time": 408.628,
                            "Actual Rows": 771632,
                            "Actual Loops": 2,
                            "Hash Buckets": 2097152,
                            "Original Hash Buckets": 2097152,
                            "Hash Batches": 1,
                            "Original Hash Batches": 1,
                            "Peak Memory Usage": 76768,
                            "Plans": [
                              {
                                "Node Type": "Seq Scan",
                                "Parent Relationship": "Outer",
                                "Parallel Aware": true,
                                "Relation Name": "title",
                                "Alias": "t",
                                "Startup Cost": 0.0,
                                "Total Cost": 54588.39,
                                "Plan Rows": 904038,
                                "Plan Width": 4,
                                "Actual Startup Time": 0.032,
                                "Actual Total Time": 162.1,
                                "Actual Rows": 771632,
                                "Actual Loops": 2,
                                "Filter": "(kind_id = 7)",
                                "Rows Removed by Filter": 492524
                              }
                            ]
                          }
                        ]
                      }
                    ]
                  },
                  {
                    "Node Type": "Sort",
                    "Parent Relationship": "Inner",
                    "Parallel Aware": false,
                    "Startup Cost": 330786.9,
                    "Total Cost": 333982.63,
                    "Plan Rows": 1278294,
                    "Plan Width": 4,
                    "Actual Startup Time": 469.029,
                    "Actual Total Time": 599.361,
                    "Actual Rows": 3630696,
                    "Actual Loops": 2,
                    "Sort Key": [
                      "mi.movie_id"
                    ],
                    "Sort Method": "quicksort",
                    "Sort Space Used": 110043,
                    "Sort Space Type": "Memory",
                    "Workers": [
                      {
                        "Worker Number": 0,
                        "Sort Method": "quicksort",
                        "Sort Space Used": 110043,
                        "Sort Space Type": "Memory"
                      }
                    ],
                    "Plans": [
                      {
                        "Node Type": "Bitmap Heap Scan",
                        "Parent Relationship": "Outer",
                        "Parallel Aware": false,
                        "Relation Name": "movie_info",
                        "Alias": "mi",
                        "Startup Cost": 23159.21,
                        "Total Cost": 201130.89,
                        "Plan Rows": 1278294,
                        "Plan Width": 4,
                        "Actual Startup Time": 47.383,
                        "Actual Total Time": 177.824,
                        "Actual Rows": 1298989,
                        "Actual Loops": 2,
                        "Recheck Cond": "(info_type_id = 4)",
                        "Rows Removed by Index Recheck": 0,
                        "Exact Heap Blocks": 8382,
                        "Lossy Heap Blocks": 0,
                        "Plans": [
                          {
                            "Node Type": "Bitmap Index Scan",
                            "Parent Relationship": "Outer",
                            "Parallel Aware": false,
                            "Index Name": "info_type_id_movie_info",
                            "Startup Cost": 0.0,
                            "Total Cost": 22839.64,
                            "Plan Rows": 1278294,
                            "Plan Width": 0,
                            "Actual Startup Time": 46.389,
                            "Actual Total Time": 46.39,
                            "Actual Rows": 1298989,
                            "Actual Loops": 2,
                            "Index Cond": "(info_type_id = 4)"
                          }
                        ]
                      }
                    ]
                  }
                ]
              }
            ]
          }
        ]
      }
    ]
  },
  "Planning Time": 1.084,
  "Triggers": [],
  "Execution Time": 10574.333
}