[
  {
    "Plan": {
      "Node Type": "Aggregate",
      "Strategy": "Plain",
      "Partial Mode": "Finalize",
      "Parallel Aware": false,
      "Startup Cost": 44415.25,
      "Total Cost": 44415.26,
      "Plan Rows": 1,
      "Plan Width": 8,
      "Actual Startup Time": 175.375,
      "Actual Total Time": 191.934,
      "Actual Rows": 1,
      "Actual Loops": 1,
      "Plans": [
        {
          "Node Type": "Gather",
          "Parent Relationship": "Outer",
          "Parallel Aware": false,
          "Startup Cost": 44414.94,
          "Total Cost": 44415.25,
          "Plan Rows": 3,
          "Plan Width": 8,
          "Actual Startup Time": 175.099,
          "Actual Total Time": 191.92,
          "Actual Rows": 4,
          "Actual Loops": 1,
          "Workers Planned": 3,
          "Workers Launched": 3,
          "Single Copy": false,
          "Plans": [
            {
              "Node Type": "Aggregate",
              "Strategy": "Plain",
              "Partial Mode": "Partial",
              "Parent Relationship": "Outer",
              "Parallel Aware": false,
              "Startup Cost": 43414.94,
              "Total Cost": 43414.95,
              "Plan Rows": 1,
              "Plan Width": 8,
              "Actual Startup Time": 167.767,
              "Actual Total Time": 167.769,
              "Actual Rows": 1,
              "Actual Loops": 4,
              "Plans": [
                {
                  "Node Type": "Seq Scan",
                  "Parent Relationship": "Outer",
                  "Parallel Aware": true,
                  "Relation Name": "movie_keyword",
                  "Alias": "mk",
                  "Startup Cost": 0.0,
                  "Total Cost": 42695.65,
                  "Plan Rows": 287713,
                  "Plan Width": 0,
                  "Actual Startup Time": 0.059,
                  "Actual Total Time": 152.104,
                  "Actual Rows": 224682,
                  "Actual Loops": 4,
                  "Filter": "(keyword_id < 851)",
                  "Rows Removed by Filter": 906300
                }
              ]
            }
          ]
        }
      ]
    },
    "Planning Time": 0.218,
    "Triggers": [],
    "Execution Time": 192.002
  }
]