[
  {
    "Plan": {
      "Node Type": "Aggregate",
      "Strategy": "Plain",
      "Partial Mode": "Finalize",
      "Parallel Aware": false,
      "Startup Cost": 249199.74,
      "Total Cost": 249199.75,
      "Plan Rows": 1,
      "Plan Width": 8,
      "Actual Startup Time": 1026.885,
      "Actual Total Time": 1074.607,
      "Actual Rows": 1,
      "Actual Loops": 1,
      "Plans": [
        {
          "Node Type": "Gather",
          "Parent Relationship": "Outer",
          "Parallel Aware": false,
          "Startup Cost": 249199.22,
          "Total Cost": 249199.73,
          "Plan Rows": 5,
          "Plan Width": 8,
          "Actual Startup Time": 1023.061,
          "Actual Total Time": 1074.597,
          "Actual Rows": 6,
          "Actual Loops": 1,
          "Workers Planned": 5,
          "Workers Launched": 5,
          "Single Copy": false,
          "Plans": [
            {
              "Node Type": "Aggregate",
              "Strategy": "Plain",
              "Partial Mode": "Partial",
              "Parent Relationship": "Outer",
              "Parallel Aware": false,
              "Startup Cost": 248199.22,
              "Total Cost": 248199.23,
              "Plan Rows": 1,
              "Plan Width": 8,
              "Actual Startup Time": 1014.815,
              "Actual Total Time": 1014.818,
              "Actual Rows": 1,
              "Actual Loops": 6,
              "Plans": [
                {
                  "Node Type": "Hash Join",
                  "Parent Relationship": "Outer",
                  "Parallel Aware": true,
                  "Join Type": "Inner",
                  "Startup Cost": 47150.26,
                  "Total Cost": 246629.67,
                  "Plan Rows": 627820,
                  "Plan Width": 0,
                  "Actual Startup Time": 133.021,
                  "Actual Total Time": 968.146,
                  "Actual Rows": 896693,
                  "Actual Loops": 6,
                  "Inner Unique": true,
                  "Hash Cond": "(mi.movie_id = t.id)",
                  "Plans": [
                    {
                      "Node Type": "Seq Scan",
                      "Parent Relationship": "Outer",
                      "Parallel Aware": true,
                      "Relation Name": "movie_info",
                      "Alias": "mi",
                      "Startup Cost": 0.0,
                      "Total Cost": 191685.19,
                      "Plan Rows": 2969219,
                      "Plan Width": 4,
                      "Actual Startup Time": 0.031,
                      "Actual Total Time": 329.899,
                      "Actual Rows": 2472620,
                      "Actual Loops": 6
                    },
                    {
                      "Node Type": "Hash",
                      "Parent Relationship": "Inner",
                      "Parallel Aware": true,
                      "Startup Cost": 45479.59,
                      "Total Cost": 45479.59,
                      "Plan Rows": 133654,
                      "Plan Width": 4,
                      "Actual Startup Time": 117.29,
                      "Actual Total Time": 117.291,
                      "Actual Rows": 68712,
                      "Actual Loops": 6,
                      "Hash Buckets": 1048576,
                      "Original Hash Buckets": 1048576,
                      "Hash Batches": 1,
                      "Original Hash Batches": 1,
                      "Peak Memory Usage": 24416,
                      "Plans": [
                        {
                          "Node Type": "Seq Scan",
                          "Parent Relationship": "Outer",
                          "Parallel Aware": true,
                          "Relation Name": "title",
                          "Alias": "t",
                          "Startup Cost": 0.0,
                          "Total Cost": 45479.59,
                          "Plan Rows": 133654,
                          "Plan Width": 4,
                          "Actual Startup Time": 41.711,
                          "Actual Total Time": 85.755,
                          "Actual Rows": 68712,
                          "Actual Loops": 6,
                          "Filter": "((production_year > 1973) AND (kind_id = 1))",
                          "Rows Removed by Filter": 352674
                        }
                      ]
                    }
                  ]
                }
              ]
            }
          ]
        }
      ]
    },
    "Planning Time": 0.235,
    "Triggers": [],
    "Execution Time": 1074.651
  }
]