[
  {
    "Plan": {
      "Node Type": "Aggregate",
      "Strategy": "Plain",
      "Partial Mode": "Finalize",
      "Parallel Aware": false,
      "Startup Cost": 33212.22,
      "Total Cost": 33212.23,
      "Plan Rows": 1,
      "Plan Width": 8,
      "Actual Startup Time": 89.074,
      "Actual Total Time": 96.315,
      "Actual Rows": 1,
      "Actual Loops": 1,
      "Plans": [
        {
          "Node Type": "Gather",
          "Parent Relationship": "Outer",
          "Parallel Aware": false,
          "Startup Cost": 33211.9,
          "Total Cost": 33212.21,
          "Plan Rows": 3,
          "Plan Width": 8,
          "Actual Startup Time": 88.975,
          "Actual Total Time": 96.308,
          "Actual Rows": 4,
          "Actual Loops": 1,
          "Workers Planned": 3,
          "Workers Launched": 3,
          "Single Copy": false,
          "Plans": [
            {
              "Node Type": "Aggregate",
              "Strategy": "Plain",
              "Partial Mode": "Partial",
              "Parent Relationship": "Outer",
              "Parallel Aware": false,
              "Startup Cost": 32211.9,
              "Total Cost": 32211.91,
              "Plan Rows": 1,
              "Plan Width": 8,
              "Actual Startup Time": 84.044,
              "Actual Total Time": 84.045,
              "Actual Rows": 1,
              "Actual Loops": 4,
              "Plans": [
                {
                  "Node Type": "Seq Scan",
                  "Parent Relationship": "Outer",
                  "Parallel Aware": true,
                  "Relation Name": "movie_companies",
                  "Alias": "mc",
                  "Startup Cost": 0.0,
                  "Total Cost": 31414.82,
                  "Plan Rows": 318834,
                  "Plan Width": 0,
                  "Actual Startup Time": 37.11,
                  "Actual Total Time": 72.401,
                  "Actual Rows": 286216,
                  "Actual Loops": 4,
                  "Filter": "((company_id > 1056) AND (company_type_id = 2))",
                  "Rows Removed by Filter": 366066
                }
              ]
            }
          ]
        }
      ]
    },
    "Planning Time": 0.1,
    "Triggers": [],
    "Execution Time": 96.353
  }
]