{
  "Plan": {
    "Node Type": "Aggregate",
    "Strategy": "Plain",
    "Partial Mode": "Finalize",
    "Parallel Aware": false,
    "Startup Cost": 308599.15,
    "Total Cost": 308599.16,
    "Plan Rows": 1,
    "Plan Width": 8,
    "Actual Startup Time": 1001.018,
    "Actual Total Time": 1018.312,
    "Actual Rows": 1,
    "Actual Loops": 1,
    "Plans": [
      {
        "Node Type": "Gather",
        "Parent Relationship": "Outer",
        "Parallel Aware": false,
        "Startup Cost": 308599.04,
        "Total Cost": 308599.15,
        "Plan Rows": 1,
        "Plan Width": 8,
        "Actual Startup Time": 1001.008,
        "Actual Total Time": 1018.306,
        "Actual Rows": 2,
        "Actual Loops": 1,
        "Workers Planned": 1,
        "Workers Launched": 1,
        "Single Copy": false,
        "Plans": [
          {
            "Node Type": "Aggregate",
            "Strategy": "Plain",
            "Partial Mode": "Partial",
            "Parent Relationship": "Outer",
            "Parallel Aware": false,
            "Startup Cost": 307599.04,
            "Total Cost": 307599.05,
            "Plan Rows": 1,
            "Plan Width": 8,
            "Actual Startup Time": 991.998,
            "Actual Total Time": 992.004,
            "Actual Rows": 1,
            "Actual Loops": 2,
            "Plans": [
              {
                "Node Type": "Merge Join",
                "Parent Relationship": "Outer",
                "Parallel Aware": false,
                "Join Type": "Inner",
                "Startup Cost": 305343.85,
                "Total Cost": 307598.82,
                "Plan Rows": 89,
                "Plan Width": 0,
                "Actual Startup Time": 979.814,
                "Actual Total Time": 991.992,
                "Actual Rows": 75,
                "Actual Loops": 2,
                "Inner Unique": false,
                "Merge Cond": "(t.id = ci.movie_id)",
                "Plans": [
                  {
                    "Node Type": "Sort",
                    "Parent Relationship": "Outer",
                    "Parallel Aware": false,
                    "Startup Cost": 304263.16,
                    "Total Cost": 305390.0,
                    "Plan Rows": 450735,
                    "Plan Width": 8,
                    "Actual Startup Time": 967.591,
                    "Actual Total Time": 976.875,
                    "Actual Rows": 175994,
                    "Actual Loops": 2,
                    "Sort Key": [
                      "t.id"
                    ],
                    "Sort Method": "quicksort",
                    "Sort Space Used": 15140,
                    "Sort Space Type": "Memory",
                    "Workers": [
                      {
                        "Worker Number": 0,
                        "Sort Method": "quicksort",
                        "Sort Space Used": 13650,
                        "Sort Space Type": "Memory"
                      }
                    ],
                    "Plans": [
                      {
                        "Node Type": "Hash Join",
                        "Parent Relationship": "Outer",
                        "Parallel Aware": true,
                        "Join Type": "Inner",
                        "Startup Cost": 88726.59,
                        "Total Cost": 261934.82,
                        "Plan Rows": 450735,
                        "Plan Width": 8,
                        "Actual Startup Time": 554.742,
                        "Actual Total Time": 916.694,
                        "Actual Rows": 176002,
                        "Actual Loops": 2,
                        "Inner Unique": true,
                        "Hash Cond": "(mi.movie_id = t.id)",
                        "Plans": [
                          {
                            "Node Type": "Bitmap Heap Scan",
                            "Parent Relationship": "Outer",
                            "Parallel Aware": true,
                            "Relation Name": "movie_info",
                            "Alias": "mi",
                            "Startup Cost": 22837.73,
                            "Total Cost": 194099.51,
                            "Plan Rows": 741502,
                            "Plan Width": 4,
                            "Actual Startup Time": 56.24,
                            "Actual Total Time": 142.303,
                            "Actual Rows": 644464,
                            "Actual Loops": 2,
                            "Recheck Cond": "(info_type_id = 2)",
                            "Rows Removed by Index Recheck": 0,
                            "Exact Heap Blocks": 4474,
                            "Lossy Heap Blocks": 0,
                            "Plans": [
                              {
                                "Node Type": "Bitmap Index Scan",
                                "Parent Relationship": "Outer",
                                "Parallel Aware": false,
                                "Index Name": "info_type_id_movie_info",
                                "Startup Cost": 0.0,
                                "Total Cost": 22522.59,
                                "Plan Rows": 1260554,
                                "Plan Width": 0,
                                "Actual Startup Time": 54.202,
                                "Actual Total Time": 54.202,
                                "Actual Rows": 1288928,
                                "Actual Loops": 1,
                                "Index Cond": "(info_type_id = 2)"
                              }
                            ]
                          },
                          {
                            "Node Type": "Hash",
                            "Parent Relationship": "Inner",
                            "Parallel Aware": true,
                            "Startup Cost": 54588.39,
                            "Total Cost": 54588.39,
                            "Plan Rows": 904038,
                            "Plan Width": 4,
                            "Actual Startup Time": 488.412,
                            "Actual Total Time": 488.413,
                            "Actual Rows": 771632,
                            "Actual Loops": 2,
                            "Hash Buckets": 2097152,
                            "Original Hash Buckets": 2097152,
                            "Hash Batches": 1,
                            "Original Hash Batches": 1,
                            "Peak Memory Usage": 76800,
                            "Plans": [
                              {
                                "Node Type": "Seq Scan",
                                "Parent Relationship": "Outer",
                                "Parallel Aware": true,
                                "Relation Name": "title",
                                "Alias": "t",
                                "Startup Cost": 0.0,
                                "Total Cost": 54588.39,
                                "Plan Rows": 904038,
                                "Plan Width": 4,
                                "Actual Startup Time": 0.029,
                                "Actual Total Time": 221.429,
                                "Actual Rows": 771632,
                                "Actual Loops": 2,
                                "Filter": "(kind_id = 7)",
                                "Rows Removed by Filter": 492524
                              }
                            ]
                          }
                        ]
                      }
                    ]
                  },
                  {
                    "Node Type": "Sort",
                    "Parent Relationship": "Inner",
                    "Parallel Aware": false,
                    "Startup Cost": 1080.69,
                    "Total Cost": 1081.93,
                    "Plan Rows": 497,
                    "Plan Width": 4,
                    "Actual Startup Time": 1.541,
                    "Actual Total Time": 1.634,
                    "Actual Rows": 1659,
                    "Actual Loops": 2,
                    "Sort Key": [
                      "ci.movie_id"
                    ],
                    "Sort Method": "quicksort",
                    "Sort Space Used": 126,
                    "Sort Space Type": "Memory",
                    "Workers": [
                      {
                        "Worker Number": 0,
                        "Sort Method": "quicksort",
                        "Sort Space Used": 126,
                        "Sort Space Type": "Memory"
                      }
                    ],
                    "Plans": [
                      {
                        "Node Type": "Index Scan",
                        "Parent Relationship": "Outer",
                        "Parallel Aware": false,
                        "Scan Direction": "Forward",
                        "Index Name": "person_id_cast_info",
                        "Relation Name": "cast_info",
                        "Alias": "ci",
                        "Startup Cost": 0.56,
                        "Total Cost": 1058.43,
                        "Plan Rows": 497,
                        "Plan Width": 4,
                        "Actual Startup Time": 0.463,
                        "Actual Total Time": 1.166,
                        "Actual Rows": 1659,
                        "Actual Loops": 2,
                        "Index Cond": "(person_id = 2371775)",
                        "Rows Removed by Index Recheck": 0
                      }
                    ]
                  }
                ]
              }
            ]
          }
        ]
      }
    ]
  },
  "Planning Time": 0.494,
  "Triggers": [],
  "Execution Time": 1018.386
}