{
  "Plan": {
    "Node Type": "Aggregate",
    "Strategy": "Plain",
    "Partial Mode": "Finalize",
    "Parallel Aware": false,
    "Startup Cost": 776542.18,
    "Total Cost": 776542.19,
    "Plan Rows": 1,
    "Plan Width": 8,
    "Actual Startup Time": 4993.413,
    "Actual Total Time": 5067.834,
    "Actual Rows": 1,
    "Actual Loops": 1,
    "Plans": [
      {
        "Node Type": "Gather",
        "Parent Relationship": "Outer",
        "Parallel Aware": false,
        "Startup Cost": 776542.07,
        "Total Cost": 776542.18,
        "Plan Rows": 1,
        "Plan Width": 8,
        "Actual Startup Time": 4987.584,
        "Actual Total Time": 5067.823,
        "Actual Rows": 2,
        "Actual Loops": 1,
        "Workers Planned": 1,
        "Workers Launched": 1,
        "Single Copy": false,
        "Plans": [
          {
            "Node Type": "Aggregate",
            "Strategy": "Plain",
            "Partial Mode": "Partial",
            "Parent Relationship": "Outer",
            "Parallel Aware": false,
            "Startup Cost": 775542.07,
            "Total Cost": 775542.08,
            "Plan Rows": 1,
            "Plan Width": 8,
            "Actual Startup Time": 4981.887,
            "Actual Total Time": 4983.426,
            "Actual Rows": 1,
            "Actual Loops": 2,
            "Plans": [
              {
                "Node Type": "Hash Join",
                "Parent Relationship": "Outer",
                "Parallel Aware": true,
                "Join Type": "Inner",
                "Startup Cost": 133858.74,
                "Total Cost": 766543.64,
                "Plan Rows": 3599372,
                "Plan Width": 0,
                "Actual Startup Time": 1593.945,
                "Actual Total Time": 4656.254,
                "Actual Rows": 7380878,
                "Actual Loops": 2,
                "Inner Unique": false,
                "Hash Cond": "(ci.movie_id = t.id)",
                "Plans": [
                  {
                    "Node Type": "Seq Scan",
                    "Parent Relationship": "Outer",
                    "Parallel Aware": true,
                    "Relation Name": "cast_info",
                    "Alias": "ci",
                    "Startup Cost": 0.0,
                    "Total Cost": 572345.93,
                    "Plan Rows": 10444325,
                    "Plan Width": 4,
                    "Actual Startup Time": 615.412,
                    "Actual Total Time": 1845.173,
                    "Actual Rows": 7251282,
                    "Actual Loops": 2,
                    "Filter": "((person_id < 2790377) AND (role_id > 1))",
                    "Rows Removed by Filter": 10870890
                  },
                  {
                    "Node Type": "Hash",
                    "Parent Relationship": "Inner",
                    "Parallel Aware": true,
                    "Startup Cost": 127452.04,
                    "Total Cost": 127452.04,
                    "Plan Rows": 512536,
                    "Plan Width": 8,
                    "Actual Startup Time": 969.388,
                    "Actual Total Time": 970.926,
                    "Actual Rows": 405138,
                    "Actual Loops": 2,
                    "Hash Buckets": 1048576,
                    "Original Hash Buckets": 1048576,
                    "Hash Batches": 1,
                    "Original Hash Batches": 1,
                    "Peak Memory Usage": 39936,
                    "Plans": [
                      {
                        "Node Type": "Hash Join",
                        "Parent Relationship": "Outer",
                        "Parallel Aware": true,
                        "Join Type": "Inner",
                        "Startup Cost": 92918.74,
                        "Total Cost": 127452.04,
                        "Plan Rows": 512536,
                        "Plan Width": 8,
                        "Actual Startup Time": 594.478,
                        "Actual Total Time": 873.816,
                        "Actual Rows": 405138,
                        "Actual Loops": 2,
                        "Inner Unique": true,
                        "Hash Cond": "(mk.movie_id = t.id)",
                        "Plans": [
                          {
                            "Node Type": "Bitmap Heap Scan",
                            "Parent Relationship": "Outer",
                            "Parallel Aware": true,
                            "Relation Name": "movie_keyword",
                            "Alias": "mk",
                            "Startup Cost": 24032.25,
                            "Total Cost": 56816.25,
                            "Plan Rows": 666400,
                            "Plan Width": 4,
                            "Actual Startup Time": 106.458,
                            "Actual Total Time": 221.86,
                            "Actual Rows": 570464,
                            "Actual Loops": 2,
                            "Recheck Cond": "(keyword_id < 1294)",
                            "Rows Removed by Index Recheck": 0,
                            "Exact Heap Blocks": 14795,
                            "Lossy Heap Blocks": 0,
                            "Plans": [
                              {
                                "Node Type": "Bitmap Index Scan",
                                "Parent Relationship": "Outer",
                                "Parallel Aware": false,
                                "Index Name": "keyword_id_movie_keyword",
                                "Startup Cost": 0.0,
                                "Total Cost": 23749.03,
                                "Plan Rows": 1132880,
                                "Plan Width": 0,
                                "Actual Startup Time": 100.63,
                                "Actual Total Time": 100.63,
                                "Actual Rows": 1140927,
                                "Actual Loops": 1,
                                "Index Cond": "(keyword_id < 1294)"
                              }
                            ]
                          },
                          {
                            "Node Type": "Hash",
                            "Parent Relationship": "Inner",
                            "Parallel Aware": true,
                            "Startup Cost": 54588.39,
                            "Total Cost": 54588.39,
                            "Plan Rows": 1143848,
                            "Plan Width": 4,
                            "Actual Startup Time": 478.32,
                            "Actual Total Time": 478.321,
                            "Actual Rows": 966242,
                            "Actual Loops": 2,
                            "Hash Buckets": 2097152,
                            "Original Hash Buckets": 2097152,
                            "Hash Batches": 1,
                            "Original Hash Batches": 1,
                            "Peak Memory Usage": 92000,
                            "Plans": [
                              {
                                "Node Type": "Seq Scan",
                                "Parent Relationship": "Outer",
                                "Parallel Aware": true,
                                "Relation Name": "title",
                                "Alias": "t",
                                "Startup Cost": 0.0,
                                "Total Cost": 54588.39,
                                "Plan Rows": 1143848,
                                "Plan Width": 4,
                                "Actual Startup Time": 0.034,
                                "Actual Total Time": 205.015,
                                "Actual Rows": 966242,
                                "Actual Loops": 2,
                                "Filter": "(production_year > 1980)",
                                "Rows Removed by Filter": 297914
                              }
                            ]
                          }
                        ]
                      }
                    ]
                  }
                ]
              }
            ]
          }
        ]
      }
    ]
  },
  "Planning Time": 0.976,
  "Triggers": [],
  "Execution Time": 5067.958
}