[
  {
    "Plan": {
      "Node Type": "Aggregate",
      "Strategy": "Plain",
      "Partial Mode": "Finalize",
      "Parallel Aware": false,
      "Startup Cost": 45987.29,
      "Total Cost": 45987.3,
      "Plan Rows": 1,
      "Plan Width": 8,
      "Actual Startup Time": 142.805,
      "Actual Total Time": 152.864,
      "Actual Rows": 1,
      "Actual Loops": 1,
      "Plans": [
        {
          "Node Type": "Gather",
          "Parent Relationship": "Outer",
          "Parallel Aware": false,
          "Startup Cost": 45986.97,
          "Total Cost": 45987.28,
          "Plan Rows": 3,
          "Plan Width": 8,
          "Actual Startup Time": 142.709,
          "Actual Total Time": 152.858,
          "Actual Rows": 4,
          "Actual Loops": 1,
          "Workers Planned": 3,
          "Workers Launched": 3,
          "Single Copy": false,
          "Plans": [
            {
              "Node Type": "Aggregate",
              "Strategy": "Plain",
              "Partial Mode": "Partial",
              "Parent Relationship": "Outer",
              "Parallel Aware": false,
              "Startup Cost": 44986.97,
              "Total Cost": 44986.98,
              "Plan Rows": 1,
              "Plan Width": 8,
              "Actual Startup Time": 137.533,
              "Actual Total Time": 137.535,
              "Actual Rows": 1,
              "Actual Loops": 4,
              "Plans": [
                {
                  "Node Type": "Seq Scan",
                  "Parent Relationship": "Outer",
                  "Parallel Aware": true,
                  "Relation Name": "movie_keyword",
                  "Alias": "mk",
                  "Startup Cost": 0.0,
                  "Total Cost": 42695.65,
                  "Plan Rows": 916528,
                  "Plan Width": 0,
                  "Actual Startup Time": 0.046,
                  "Actual Total Time": 107.868,
                  "Actual Rows": 713106,
                  "Actual Loops": 4,
                  "Filter": "(keyword_id < 8716)",
                  "Rows Removed by Filter": 417877
                }
              ]
            }
          ]
        }
      ]
    },
    "Planning Time": 0.086,
    "Triggers": [],
    "Execution Time": 152.902
  }
]