[
  {
    "Plan": {
      "Node Type": "Aggregate",
      "Strategy": "Plain",
      "Partial Mode": "Finalize",
      "Parallel Aware": false,
      "Startup Cost": 46001.11,
      "Total Cost": 46001.12,
      "Plan Rows": 1,
      "Plan Width": 8,
      "Actual Startup Time": 157.881,
      "Actual Total Time": 165.536,
      "Actual Rows": 1,
      "Actual Loops": 1,
      "Plans": [
        {
          "Node Type": "Gather",
          "Parent Relationship": "Outer",
          "Parallel Aware": false,
          "Startup Cost": 46000.8,
          "Total Cost": 46001.11,
          "Plan Rows": 3,
          "Plan Width": 8,
          "Actual Startup Time": 157.665,
          "Actual Total Time": 165.528,
          "Actual Rows": 4,
          "Actual Loops": 1,
          "Workers Planned": 3,
          "Workers Launched": 3,
          "Single Copy": false,
          "Plans": [
            {
              "Node Type": "Aggregate",
              "Strategy": "Plain",
              "Partial Mode": "Partial",
              "Parent Relationship": "Outer",
              "Parallel Aware": false,
              "Startup Cost": 45000.8,
              "Total Cost": 45000.81,
              "Plan Rows": 1,
              "Plan Width": 8,
              "Actual Startup Time": 149.278,
              "Actual Total Time": 149.279,
              "Actual Rows": 1,
              "Actual Loops": 4,
              "Plans": [
                {
                  "Node Type": "Seq Scan",
                  "Parent Relationship": "Outer",
                  "Parallel Aware": true,
                  "Relation Name": "movie_keyword",
                  "Alias": "mk",
                  "Startup Cost": 0.0,
                  "Total Cost": 42695.65,
                  "Plan Rows": 922057,
                  "Plan Width": 0,
                  "Actual Startup Time": 0.058,
                  "Actual Total Time": 115.575,
                  "Actual Rows": 713106,
                  "Actual Loops": 4,
                  "Filter": "(keyword_id < 8716)",
                  "Rows Removed by Filter": 417877
                }
              ]
            }
          ]
        }
      ]
    },
    "Planning Time": 0.19,
    "Triggers": [],
    "Execution Time": 165.594
  }
]