[
  {
    "Plan": {
      "Node Type": "Aggregate",
      "Strategy": "Plain",
      "Partial Mode": "Finalize",
      "Parallel Aware": false,
      "Startup Cost": 106931.84,
      "Total Cost": 106931.85,
      "Plan Rows": 1,
      "Plan Width": 8,
      "Actual Startup Time": 498.655,
      "Actual Total Time": 516.587,
      "Actual Rows": 1,
      "Actual Loops": 1,
      "Plans": [
        {
          "Node Type": "Gather",
          "Parent Relationship": "Outer",
          "Parallel Aware": false,
          "Startup Cost": 106931.63,
          "Total Cost": 106931.84,
          "Plan Rows": 2,
          "Plan Width": 8,
          "Actual Startup Time": 496.083,
          "Actual Total Time": 516.578,
          "Actual Rows": 3,
          "Actual Loops": 1,
          "Workers Planned": 2,
          "Workers Launched": 2,
          "Single Copy": false,
          "Plans": [
            {
              "Node Type": "Aggregate",
              "Strategy": "Plain",
              "Partial Mode": "Partial",
              "Parent Relationship": "Outer",
              "Parallel Aware": false,
              "Startup Cost": 105931.63,
              "Total Cost": 105931.64,
              "Plan Rows": 1,
              "Plan Width": 8,
              "Actual Startup Time": 487.453,
              "Actual Total Time": 487.704,
              "Actual Rows": 1,
              "Actual Loops": 3,
              "Plans": [
                {
                  "Node Type": "Hash Join",
                  "Parent Relationship": "Outer",
                  "Parallel Aware": true,
                  "Join Type": "Inner",
                  "Startup Cost": 89823.54,
                  "Total Cost": 105815.21,
                  "Plan Rows": 46567,
                  "Plan Width": 0,
                  "Actual Startup Time": 380.291,
                  "Actual Total Time": 477.153,
                  "Actual Rows": 257372,
                  "Actual Loops": 3,
                  "Inner Unique": false,
                  "Hash Cond": "(mi_idx.movie_id = t.id)",
                  "Plans": [
                    {
                      "Node Type": "Seq Scan",
                      "Parent Relationship": "Outer",
                      "Parallel Aware": true,
                      "Relation Name": "movie_info_idx",
                      "Alias": "mi_idx",
                      "Startup Cost": 0.0,
                      "Total Cost": 13685.15,
                      "Plan Rows": 575015,
                      "Plan Width": 4,
                      "Actual Startup Time": 0.025,
                      "Actual Total Time": 35.556,
                      "Actual Rows": 460012,
                      "Actual Loops": 3
                    },
                    {
                      "Node Type": "Hash",
                      "Parent Relationship": "Inner",
                      "Parallel Aware": true,
                      "Startup Cost": 88997.93,
                      "Total Cost": 88997.93,
                      "Plan Rows": 66049,
                      "Plan Width": 8,
                      "Actual Startup Time": 376.29,
                      "Actual Total Time": 376.54,
                      "Actual Rows": 106024,
                      "Actual Loops": 3,
                      "Hash Buckets": 524288,
                      "Original Hash Buckets": 262144,
                      "Hash Batches": 1,
                      "Original Hash Batches": 1,
                      "Peak Memory Usage": 18624,
                      "Plans": [
                        {
                          "Node Type": "Hash Join",
                          "Parent Relationship": "Outer",
                          "Parallel Aware": true,
                          "Join Type": "Inner",
                          "Startup Cost": 44828.23,
                          "Total Cost": 88997.93,
                          "Plan Rows": 66049,
                          "Plan Width": 8,
                          "Actual Startup Time": 157.335,
                          "Actual Total Time": 348.171,
                          "Actual Rows": 106024,
                          "Actual Loops": 3,
                          "Inner Unique": true,
                          "Hash Cond": "(mk.movie_id = t.id)",
                          "Plans": [
                            {
                              "Node Type": "Seq Scan",
                              "Parent Relationship": "Outer",
                              "Parallel Aware": true,
                              "Relation Name": "movie_keyword",
                              "Alias": "mk",
                              "Startup Cost": 0.0,
                              "Total Cost": 42695.65,
                              "Plan Rows": 561541,
                              "Plan Width": 4,
                              "Actual Startup Time": 0.567,
                              "Actual Total Time": 125.851,
                              "Actual Rows": 583022,
                              "Actual Loops": 3,
                              "Filter": "(keyword_id > 7981)",
                              "Rows Removed by Filter": 924954
                            },
                            {
                              "Node Type": "Hash",
                              "Parent Relationship": "Inner",
                              "Parallel Aware": true,
                              "Startup Cost": 43898.92,
                              "Total Cost": 43898.92,
                              "Plan Rows": 74345,
                              "Plan Width": 4,
                              "Actual Startup Time": 153.688,
                              "Actual Total Time": 153.689,
                              "Actual Rows": 103178,
                              "Actual Loops": 3,
                              "Hash Buckets": 524288,
                              "Original Hash Buckets": 524288,
                              "Hash Batches": 1,
                              "Original Hash Batches": 1,
                              "Peak Memory Usage": 16256,
                              "Plans": [
                                {
                                  "Node Type": "Seq Scan",
                                  "Parent Relationship": "Outer",
                                  "Parallel Aware": true,
                                  "Relation Name": "title",
                                  "Alias": "t",
                                  "Startup Cost": 0.0,
                                  "Total Cost": 43898.92,
                                  "Plan Rows": 74345,
                                  "Plan Width": 4,
                                  "Actual Startup Time": 0.054,
                                  "Actual Total Time": 116.945,
                                  "Actual Rows": 103178,
                                  "Actual Loops": 3,
                                  "Filter": "(production_year < 1966)",
                                  "Rows Removed by Filter": 739593
                                }
                              ]
                            }
                          ]
                        }
                      ]
                    }
                  ]
                }
              ]
            }
          ]
        }
      ]
    },
    "Planning Time": 1.39,
    "Triggers": [],
    "Execution Time": 516.671
  }
]