{
    "Plan": {
        "Node Type": "Aggregate",
        "Strategy": "Plain",
        "Partial Mode": "Finalize",
        "Parallel Aware": false,
        "Startup Cost": 46816.16,
        "Total Cost": 46816.17,
        "Plan Rows": 1,
        "Plan Width": 8,
        "Actual Startup Time": 146.918,
        "Actual Total Time": 166.728,
        "Actual Rows": 1,
        "Actual Loops": 1,
        "Output": [
            "count(*)"
        ],
        "Plans": [
            {
                "Node Type": "Gather",
                "Parent Relationship": "Outer",
                "Parallel Aware": false,
                "Startup Cost": 46815.74,
                "Total Cost": 46816.15,
                "Plan Rows": 4,
                "Plan Width": 8,
                "Actual Startup Time": 146.775,
                "Actual Total Time": 166.72,
                "Actual Rows": 5,
                "Actual Loops": 1,
                "Output": [
                    "(PARTIAL count(*))"
                ],
                "Workers Planned": 4,
                "Workers Launched": 4,
                "Single Copy": false,
                "Plans": [
                    {
                        "Node Type": "Aggregate",
                        "Strategy": "Plain",
                        "Partial Mode": "Partial",
                        "Parent Relationship": "Outer",
                        "Parallel Aware": false,
                        "Startup Cost": 45815.74,
                        "Total Cost": 45815.75,
                        "Plan Rows": 1,
                        "Plan Width": 8,
                        "Actual Startup Time": 136.737,
                        "Actual Total Time": 136.738,
                        "Actual Rows": 1,
                        "Actual Loops": 5,
                        "Output": [
                            "PARTIAL count(*)"
                        ],
                        "Workers": [
                            {
                                "Worker Number": 0,
                                "Actual Startup Time": 133.69,
                                "Actual Total Time": 133.691,
                                "Actual Rows": 1,
                                "Actual Loops": 1
                            },
                            {
                                "Worker Number": 1,
                                "Actual Startup Time": 134.291,
                                "Actual Total Time": 134.292,
                                "Actual Rows": 1,
                                "Actual Loops": 1
                            },
                            {
                                "Worker Number": 2,
                                "Actual Startup Time": 134.294,
                                "Actual Total Time": 134.296,
                                "Actual Rows": 1,
                                "Actual Loops": 1
                            },
                            {
                                "Worker Number": 3,
                                "Actual Startup Time": 135.718,
                                "Actual Total Time": 135.72,
                                "Actual Rows": 1,
                                "Actual Loops": 1
                            }
                        ],
                        "Plans": [
                            {
                                "Node Type": "Seq Scan",
                                "Parent Relationship": "Outer",
                                "Parallel Aware": true,
                                "Relation Name": "title",
                                "Schema": "public",
                                "Alias": "t",
                                "Startup Cost": 0.0,
                                "Total Cost": 45479.21,
                                "Plan Rows": 134613,
                                "Plan Width": 0,
                                "Actual Startup Time": 0.079,
                                "Actual Total Time": 129.938,
                                "Actual Rows": 85650,
                                "Actual Loops": 5,
                                "Output": [
                                    "id",
                                    "title",
                                    "imdb_index",
                                    "kind_id",
                                    "production_year",
                                    "imdb_id",
                                    "phonetic_code",
                                    "episode_of_id",
                                    "season_nr",
                                    "episode_nr",
                                    "series_years",
                                    "md5sum"
                                ],
                                "Filter": "((t.production_year < 1997) AND (t.kind_id = 7))",
                                "Rows Removed by Filter": 420013,
                                "Workers": [
                                    {
                                        "Worker Number": 0,
                                        "Actual Startup Time": 0.069,
                                        "Actual Total Time": 126.997,
                                        "Actual Rows": 83762,
                                        "Actual Loops": 1
                                    },
                                    {
                                        "Worker Number": 1,
                                        "Actual Startup Time": 0.082,
                                        "Actual Total Time": 127.897,
                                        "Actual Rows": 79888,
                                        "Actual Loops": 1
                                    },
                                    {
                                        "Worker Number": 2,
                                        "Actual Startup Time": 0.083,
                                        "Actual Total Time": 127.888,
                                        "Actual Rows": 80281,
                                        "Actual Loops": 1
                                    },
                                    {
                                        "Worker Number": 3,
                                        "Actual Startup Time": 0.072,
                                        "Actual Total Time": 128.869,
                                        "Actual Rows": 85192,
                                        "Actual Loops": 1
                                    }
                                ]
                            }
                        ]
                    }
                ]
            }
        ]
    },
    "Planning Time": 1.639,
    "Triggers": [],
    "Execution Time": 167.045
}