[
  {
    "Plan": {
      "Node Type": "Aggregate",
      "Strategy": "Plain",
      "Partial Mode": "Finalize",
      "Parallel Aware": false,
      "Startup Cost": 205291.15,
      "Total Cost": 205291.16,
      "Plan Rows": 1,
      "Plan Width": 8,
      "Actual Startup Time": 387.706,
      "Actual Total Time": 409.934,
      "Actual Rows": 1,
      "Actual Loops": 1,
      "Plans": [
        {
          "Node Type": "Gather",
          "Parent Relationship": "Outer",
          "Parallel Aware": false,
          "Startup Cost": 205290.53,
          "Total Cost": 205291.14,
          "Plan Rows": 6,
          "Plan Width": 8,
          "Actual Startup Time": 387.574,
          "Actual Total Time": 409.923,
          "Actual Rows": 7,
          "Actual Loops": 1,
          "Workers Planned": 6,
          "Workers Launched": 6,
          "Single Copy": false,
          "Plans": [
            {
              "Node Type": "Aggregate",
              "Strategy": "Plain",
              "Partial Mode": "Partial",
              "Parent Relationship": "Outer",
              "Parallel Aware": false,
              "Startup Cost": 204290.53,
              "Total Cost": 204290.54,
              "Plan Rows": 1,
              "Plan Width": 8,
              "Actual Startup Time": 379.722,
              "Actual Total Time": 379.724,
              "Actual Rows": 1,
              "Actual Loops": 7,
              "Plans": [
                {
                  "Node Type": "Index Scan",
                  "Parent Relationship": "Outer",
                  "Parallel Aware": true,
                  "Scan Direction": "Forward",
                  "Index Name": "role_id_cast_info",
                  "Relation Name": "cast_info",
                  "Alias": "ci",
                  "Startup Cost": 0.56,
                  "Total Cost": 201884.69,
                  "Plan Rows": 962335,
                  "Plan Width": 0,
                  "Actual Startup Time": 0.097,
                  "Actual Total Time": 309.12,
                  "Actual Rows": 1064346,
                  "Actual Loops": 7,
                  "Index Cond": "(role_id = 2)",
                  "Rows Removed by Index Recheck": 0,
                  "Filter": "(person_id > 832850)",
                  "Rows Removed by Filter": 221
                }
              ]
            }
          ]
        }
      ]
    },
    "Planning Time": 0.133,
    "Triggers": [],
    "Execution Time": 410.012
  }
]