[
  {
    "Plan": {
      "Node Type": "Aggregate",
      "Strategy": "Plain",
      "Partial Mode": "Finalize",
      "Parallel Aware": false,
      "Startup Cost": 46607.83,
      "Total Cost": 46607.84,
      "Plan Rows": 1,
      "Plan Width": 8,
      "Actual Startup Time": 182.109,
      "Actual Total Time": 189.602,
      "Actual Rows": 1,
      "Actual Loops": 1,
      "Plans": [
        {
          "Node Type": "Gather",
          "Parent Relationship": "Outer",
          "Parallel Aware": false,
          "Startup Cost": 46607.52,
          "Total Cost": 46607.83,
          "Plan Rows": 3,
          "Plan Width": 8,
          "Actual Startup Time": 181.968,
          "Actual Total Time": 189.593,
          "Actual Rows": 4,
          "Actual Loops": 1,
          "Workers Planned": 3,
          "Workers Launched": 3,
          "Single Copy": false,
          "Plans": [
            {
              "Node Type": "Aggregate",
              "Strategy": "Plain",
              "Partial Mode": "Partial",
              "Parent Relationship": "Outer",
              "Parallel Aware": false,
              "Startup Cost": 45607.52,
              "Total Cost": 45607.53,
              "Plan Rows": 1,
              "Plan Width": 8,
              "Actual Startup Time": 174.151,
              "Actual Total Time": 174.152,
              "Actual Rows": 1,
              "Actual Loops": 4,
              "Plans": [
                {
                  "Node Type": "Seq Scan",
                  "Parent Relationship": "Outer",
                  "Parallel Aware": true,
                  "Relation Name": "movie_keyword",
                  "Alias": "mk",
                  "Startup Cost": 0.0,
                  "Total Cost": 42695.65,
                  "Plan Rows": 1164745,
                  "Plan Width": 0,
                  "Actual Startup Time": 0.047,
                  "Actual Total Time": 130.058,
                  "Actual Rows": 906016,
                  "Actual Loops": 4,
                  "Filter": "(keyword_id < 20510)",
                  "Rows Removed by Filter": 224966
                }
              ]
            }
          ]
        }
      ]
    },
    "Planning Time": 0.199,
    "Triggers": [],
    "Execution Time": 189.669
  }
]