[
  {
    "Plan": {
      "Node Type": "Aggregate",
      "Strategy": "Plain",
      "Partial Mode": "Finalize",
      "Parallel Aware": false,
      "Startup Cost": 335710.78,
      "Total Cost": 335710.79,
      "Plan Rows": 1,
      "Plan Width": 8,
      "Actual Startup Time": 709.592,
      "Actual Total Time": 753.654,
      "Actual Rows": 1,
      "Actual Loops": 1,
      "Plans": [
        {
          "Node Type": "Gather",
          "Parent Relationship": "Outer",
          "Parallel Aware": false,
          "Startup Cost": 335710.15,
          "Total Cost": 335710.76,
          "Plan Rows": 6,
          "Plan Width": 8,
          "Actual Startup Time": 709.427,
          "Actual Total Time": 753.64,
          "Actual Rows": 7,
          "Actual Loops": 1,
          "Workers Planned": 6,
          "Workers Launched": 6,
          "Single Copy": false,
          "Plans": [
            {
              "Node Type": "Aggregate",
              "Strategy": "Plain",
              "Partial Mode": "Partial",
              "Parent Relationship": "Outer",
              "Parallel Aware": false,
              "Startup Cost": 334710.15,
              "Total Cost": 334710.16,
              "Plan Rows": 1,
              "Plan Width": 8,
              "Actual Startup Time": 701.48,
              "Actual Total Time": 701.482,
              "Actual Rows": 1,
              "Actual Loops": 7,
              "Plans": [
                {
                  "Node Type": "Seq Scan",
                  "Parent Relationship": "Outer",
                  "Parallel Aware": true,
                  "Relation Name": "cast_info",
                  "Alias": "ci",
                  "Startup Cost": 0.0,
                  "Total Cost": 328211.39,
                  "Plan Rows": 2599504,
                  "Plan Width": 0,
                  "Actual Startup Time": 245.495,
                  "Actual Total Time": 596.342,
                  "Actual Rows": 2185404,
                  "Actual Loops": 7,
                  "Filter": "(person_id > 2111806)",
                  "Rows Removed by Filter": 2992359
                }
              ]
            }
          ]
        }
      ]
    },
    "Planning Time": 0.111,
    "Triggers": [],
    "Execution Time": 753.704
  }
]