[
  {
    "Plan": {
      "Node Type": "Aggregate",
      "Strategy": "Plain",
      "Partial Mode": "Finalize",
      "Parallel Aware": false,
      "Startup Cost": 80125.12,
      "Total Cost": 80125.13,
      "Plan Rows": 1,
      "Plan Width": 8,
      "Actual Startup Time": 333.233,
      "Actual Total Time": 348.412,
      "Actual Rows": 1,
      "Actual Loops": 1,
      "Plans": [
        {
          "Node Type": "Gather",
          "Parent Relationship": "Outer",
          "Parallel Aware": false,
          "Startup Cost": 80124.81,
          "Total Cost": 80125.12,
          "Plan Rows": 3,
          "Plan Width": 8,
          "Actual Startup Time": 331.353,
          "Actual Total Time": 348.401,
          "Actual Rows": 4,
          "Actual Loops": 1,
          "Workers Planned": 3,
          "Workers Launched": 3,
          "Single Copy": false,
          "Plans": [
            {
              "Node Type": "Aggregate",
              "Strategy": "Plain",
              "Partial Mode": "Partial",
              "Parent Relationship": "Outer",
              "Parallel Aware": false,
              "Startup Cost": 79124.81,
              "Total Cost": 79124.82,
              "Plan Rows": 1,
              "Plan Width": 8,
              "Actual Startup Time": 322.85,
              "Actual Total Time": 322.853,
              "Actual Rows": 1,
              "Actual Loops": 4,
              "Plans": [
                {
                  "Node Type": "Hash Join",
                  "Parent Relationship": "Outer",
                  "Parallel Aware": true,
                  "Join Type": "Inner",
                  "Startup Cost": 47209.82,
                  "Total Cost": 78675.27,
                  "Plan Rows": 179813,
                  "Plan Width": 0,
                  "Actual Startup Time": 153.772,
                  "Actual Total Time": 320.522,
                  "Actual Rows": 58214,
                  "Actual Loops": 4,
                  "Inner Unique": true,
                  "Hash Cond": "(mc.movie_id = t.id)",
                  "Plans": [
                    {
                      "Node Type": "Seq Scan",
                      "Parent Relationship": "Outer",
                      "Parallel Aware": true,
                      "Relation Name": "movie_companies",
                      "Alias": "mc",
                      "Startup Cost": 0.0,
                      "Total Cost": 29310.68,
                      "Plan Rows": 820864,
                      "Plan Width": 4,
                      "Actual Startup Time": 0.023,
                      "Actual Total Time": 68.568,
                      "Actual Rows": 635586,
                      "Actual Loops": 4,
                      "Filter": "(company_id > 6)",
                      "Rows Removed by Filter": 16697
                    },
                    {
                      "Node Type": "Hash",
                      "Parent Relationship": "Inner",
                      "Parallel Aware": true,
                      "Startup Cost": 45479.1,
                      "Total Cost": 45479.1,
                      "Plan Rows": 138458,
                      "Plan Width": 4,
                      "Actual Startup Time": 148.303,
                      "Actual Total Time": 148.304,
                      "Actual Rows": 150601,
                      "Actual Loops": 4,
                      "Hash Buckets": 1048576,
                      "Original Hash Buckets": 1048576,
                      "Hash Batches": 1,
                      "Original Hash Batches": 1,
                      "Peak Memory Usage": 31808,
                      "Plans": [
                        {
                          "Node Type": "Seq Scan",
                          "Parent Relationship": "Outer",
                          "Parallel Aware": true,
                          "Relation Name": "title",
                          "Alias": "t",
                          "Startup Cost": 0.0,
                          "Total Cost": 45479.1,
                          "Plan Rows": 138458,
                          "Plan Width": 4,
                          "Actual Startup Time": 0.044,
                          "Actual Total Time": 96.027,
                          "Actual Rows": 150601,
                          "Actual Loops": 4,
                          "Filter": "((production_year > 2006) AND (kind_id = 7))",
                          "Rows Removed by Filter": 481477
                        }
                      ]
                    }
                  ]
                }
              ]
            }
          ]
        }
      ]
    },
    "Planning Time": 0.717,
    "Triggers": [],
    "Execution Time": 348.481
  }
]