[
  {
    "Plan": {
      "Node Type": "Aggregate",
      "Strategy": "Plain",
      "Partial Mode": "Finalize",
      "Parallel Aware": false,
      "Startup Cost": 154318.1,
      "Total Cost": 154318.11,
      "Plan Rows": 1,
      "Plan Width": 8,
      "Actual Startup Time": 466.534,
      "Actual Total Time": 504.068,
      "Actual Rows": 1,
      "Actual Loops": 1,
      "Plans": [
        {
          "Node Type": "Gather",
          "Parent Relationship": "Outer",
          "Parallel Aware": false,
          "Startup Cost": 154317.78,
          "Total Cost": 154318.09,
          "Plan Rows": 3,
          "Plan Width": 8,
          "Actual Startup Time": 464.6,
          "Actual Total Time": 504.053,
          "Actual Rows": 4,
          "Actual Loops": 1,
          "Workers Planned": 3,
          "Workers Launched": 3,
          "Single Copy": false,
          "Plans": [
            {
              "Node Type": "Aggregate",
              "Strategy": "Plain",
              "Partial Mode": "Partial",
              "Parent Relationship": "Outer",
              "Parallel Aware": false,
              "Startup Cost": 153317.78,
              "Total Cost": 153317.79,
              "Plan Rows": 1,
              "Plan Width": 8,
              "Actual Startup Time": 454.965,
              "Actual Total Time": 454.973,
              "Actual Rows": 1,
              "Actual Loops": 4,
              "Plans": [
                {
                  "Node Type": "Nested Loop",
                  "Parent Relationship": "Outer",
                  "Parallel Aware": false,
                  "Join Type": "Inner",
                  "Startup Cost": 45647.68,
                  "Total Cost": 152965.25,
                  "Plan Rows": 141010,
                  "Plan Width": 0,
                  "Actual Startup Time": 197.087,
                  "Actual Total Time": 444.967,
                  "Actual Rows": 181772,
                  "Actual Loops": 4,
                  "Inner Unique": false,
                  "Plans": [
                    {
                      "Node Type": "Hash Join",
                      "Parent Relationship": "Outer",
                      "Parallel Aware": true,
                      "Join Type": "Inner",
                      "Startup Cost": 45647.24,
                      "Total Cost": 77348.13,
                      "Plan Rows": 24115,
                      "Plan Width": 8,
                      "Actual Startup Time": 197.008,
                      "Actual Total Time": 247.713,
                      "Actual Rows": 15565,
                      "Actual Loops": 4,
                      "Inner Unique": true,
                      "Hash Cond": "(mc.movie_id = t.id)",
                      "Plans": [
                        {
                          "Node Type": "Seq Scan",
                          "Parent Relationship": "Outer",
                          "Parallel Aware": true,
                          "Relation Name": "movie_companies",
                          "Alias": "mc",
                          "Startup Cost": 0.0,
                          "Total Cost": 31414.82,
                          "Plan Rows": 108981,
                          "Plan Width": 4,
                          "Actual Startup Time": 30.797,
                          "Actual Total Time": 60.079,
                          "Actual Rows": 46571,
                          "Actual Loops": 4,
                          "Filter": "((company_id < 966) AND (company_type_id > 1))",
                          "Rows Removed by Filter": 605711
                        },
                        {
                          "Node Type": "Hash",
                          "Parent Relationship": "Inner",
                          "Parallel Aware": true,
                          "Startup Cost": 43898.92,
                          "Total Cost": 43898.92,
                          "Plan Rows": 139866,
                          "Plan Width": 4,
                          "Actual Startup Time": 161.048,
                          "Actual Total Time": 161.049,
                          "Actual Rows": 142112,
                          "Actual Loops": 4,
                          "Hash Buckets": 1048576,
                          "Original Hash Buckets": 1048576,
                          "Hash Batches": 1,
                          "Original Hash Batches": 1,
                          "Peak Memory Usage": 30496,
                          "Plans": [
                            {
                              "Node Type": "Seq Scan",
                              "Parent Relationship": "Outer",
                              "Parallel Aware": true,
                              "Relation Name": "title",
                              "Alias": "t",
                              "Startup Cost": 0.0,
                              "Total Cost": 43898.92,
                              "Plan Rows": 139866,
                              "Plan Width": 4,
                              "Actual Startup Time": 0.037,
                              "Actual Total Time": 102.699,
                              "Actual Rows": 142112,
                              "Actual Loops": 4,
                              "Filter": "(production_year < 1984)",
                              "Rows Removed by Filter": 489966
                            }
                          ]
                        }
                      ]
                    },
                    {
                      "Node Type": "Index Only Scan",
                      "Parent Relationship": "Inner",
                      "Parallel Aware": false,
                      "Scan Direction": "Forward",
                      "Index Name": "movie_id_movie_info",
                      "Relation Name": "movie_info",
                      "Alias": "mi",
                      "Startup Cost": 0.43,
                      "Total Cost": 2.72,
                      "Plan Rows": 42,
                      "Plan Width": 4,
                      "Actual Startup Time": 0.004,
                      "Actual Total Time": 0.012,
                      "Actual Rows": 12,
                      "Actual Loops": 62261,
                      "Index Cond": "(movie_id = t.id)",
                      "Rows Removed by Index Recheck": 0,
                      "Heap Fetches": 727086
                    }
                  ]
                }
              ]
            }
          ]
        }
      ]
    },
    "Planning Time": 1.54,
    "Triggers": [],
    "Execution Time": 504.158
  }
]