{
    "Plan": {
        "Node Type": "Aggregate",
        "Strategy": "Plain",
        "Partial Mode": "Finalize",
        "Parallel Aware": false,
        "Startup Cost": 116174.56,
        "Total Cost": 116174.57,
        "Plan Rows": 1,
        "Plan Width": 8,
        "Actual Startup Time": 342.991,
        "Actual Total Time": 378.275,
        "Actual Rows": 1,
        "Actual Loops": 1,
        "Output": [
            "count(*)"
        ],
        "Plans": [
            {
                "Node Type": "Gather",
                "Parent Relationship": "Outer",
                "Parallel Aware": false,
                "Startup Cost": 116174.14,
                "Total Cost": 116174.55,
                "Plan Rows": 4,
                "Plan Width": 8,
                "Actual Startup Time": 341.688,
                "Actual Total Time": 378.268,
                "Actual Rows": 5,
                "Actual Loops": 1,
                "Output": [
                    "(PARTIAL count(*))"
                ],
                "Workers Planned": 4,
                "Workers Launched": 4,
                "Single Copy": false,
                "Plans": [
                    {
                        "Node Type": "Aggregate",
                        "Strategy": "Plain",
                        "Partial Mode": "Partial",
                        "Parent Relationship": "Outer",
                        "Parallel Aware": false,
                        "Startup Cost": 115174.14,
                        "Total Cost": 115174.15,
                        "Plan Rows": 1,
                        "Plan Width": 8,
                        "Actual Startup Time": 331.555,
                        "Actual Total Time": 331.559,
                        "Actual Rows": 1,
                        "Actual Loops": 5,
                        "Output": [
                            "PARTIAL count(*)"
                        ],
                        "Workers": [
                            {
                                "Worker Number": 0,
                                "Actual Startup Time": 328.366,
                                "Actual Total Time": 328.371,
                                "Actual Rows": 1,
                                "Actual Loops": 1
                            },
                            {
                                "Worker Number": 1,
                                "Actual Startup Time": 329.35,
                                "Actual Total Time": 329.354,
                                "Actual Rows": 1,
                                "Actual Loops": 1
                            },
                            {
                                "Worker Number": 2,
                                "Actual Startup Time": 329.469,
                                "Actual Total Time": 329.472,
                                "Actual Rows": 1,
                                "Actual Loops": 1
                            },
                            {
                                "Worker Number": 3,
                                "Actual Startup Time": 329.799,
                                "Actual Total Time": 329.803,
                                "Actual Rows": 1,
                                "Actual Loops": 1
                            }
                        ],
                        "Plans": [
                            {
                                "Node Type": "Nested Loop",
                                "Parent Relationship": "Outer",
                                "Parallel Aware": false,
                                "Join Type": "Inner",
                                "Startup Cost": 32387.05,
                                "Total Cost": 115107.06,
                                "Plan Rows": 26829,
                                "Plan Width": 0,
                                "Actual Startup Time": 85.12,
                                "Actual Total Time": 329.26,
                                "Actual Rows": 21563,
                                "Actual Loops": 5,
                                "Inner Unique": false,
                                "Workers": [
                                    {
                                        "Worker Number": 0,
                                        "Actual Startup Time": 81.96,
                                        "Actual Total Time": 326.4,
                                        "Actual Rows": 14003,
                                        "Actual Loops": 1
                                    },
                                    {
                                        "Worker Number": 1,
                                        "Actual Startup Time": 82.997,
                                        "Actual Total Time": 326.962,
                                        "Actual Rows": 18028,
                                        "Actual Loops": 1
                                    },
                                    {
                                        "Worker Number": 2,
                                        "Actual Startup Time": 83.156,
                                        "Actual Total Time": 327.186,
                                        "Actual Rows": 17195,
                                        "Actual Loops": 1
                                    },
                                    {
                                        "Worker Number": 3,
                                        "Actual Startup Time": 83.429,
                                        "Actual Total Time": 327.461,
                                        "Actual Rows": 17717,
                                        "Actual Loops": 1
                                    }
                                ],
                                "Plans": [
                                    {
                                        "Node Type": "Hash Join",
                                        "Parent Relationship": "Outer",
                                        "Parallel Aware": true,
                                        "Join Type": "Inner",
                                        "Startup Cost": 32386.62,
                                        "Total Cost": 78513.14,
                                        "Plan Rows": 11626,
                                        "Plan Width": 8,
                                        "Actual Startup Time": 85.013,
                                        "Actual Total Time": 192.828,
                                        "Actual Rows": 8085,
                                        "Actual Loops": 5,
                                        "Output": [
                                            "t.id",
                                            "mc.movie_id"
                                        ],
                                        "Inner Unique": false,
                                        "Hash Cond": "(t.id = mc.movie_id)",
                                        "Workers": [
                                            {
                                                "Worker Number": 0,
                                                "Actual Startup Time": 81.772,
                                                "Actual Total Time": 181.102,
                                                "Actual Rows": 5553,
                                                "Actual Loops": 1
                                            },
                                            {
                                                "Worker Number": 1,
                                                "Actual Startup Time": 82.914,
                                                "Actual Total Time": 187.055,
                                                "Actual Rows": 6491,
                                                "Actual Loops": 1
                                            },
                                            {
                                                "Worker Number": 2,
                                                "Actual Startup Time": 83.047,
                                                "Actual Total Time": 185.304,
                                                "Actual Rows": 6429,
                                                "Actual Loops": 1
                                            },
                                            {
                                                "Worker Number": 3,
                                                "Actual Startup Time": 83.305,
                                                "Actual Total Time": 186.277,
                                                "Actual Rows": 6336,
                                                "Actual Loops": 1
                                            }
                                        ],
                                        "Plans": [
                                            {
                                                "Node Type": "Seq Scan",
                                                "Parent Relationship": "Outer",
                                                "Parallel Aware": true,
                                                "Relation Name": "title",
                                                "Schema": "public",
                                                "Alias": "t",
                                                "Startup Cost": 0.0,
                                                "Total Cost": 45479.21,
                                                "Plan Rows": 121962,
                                                "Plan Width": 4,
                                                "Actual Startup Time": 0.033,
                                                "Actual Total Time": 84.052,
                                                "Actual Rows": 70442,
                                                "Actual Loops": 5,
                                                "Output": [
                                                    "t.id",
                                                    "t.title",
                                                    "t.imdb_index",
                                                    "t.kind_id",
                                                    "t.production_year",
                                                    "t.imdb_id",
                                                    "t.phonetic_code",
                                                    "t.episode_of_id",
                                                    "t.season_nr",
                                                    "t.episode_nr",
                                                    "t.series_years",
                                                    "t.md5sum"
                                                ],
                                                "Filter": "((t.kind_id > 1) AND (t.production_year < 1989))",
                                                "Rows Removed by Filter": 435221,
                                                "Workers": [
                                                    {
                                                        "Worker Number": 0,
                                                        "Actual Startup Time": 0.034,
                                                        "Actual Total Time": 77.693,
                                                        "Actual Rows": 48207,
                                                        "Actual Loops": 1
                                                    },
                                                    {
                                                        "Worker Number": 1,
                                                        "Actual Startup Time": 0.039,
                                                        "Actual Total Time": 82.78,
                                                        "Actual Rows": 56275,
                                                        "Actual Loops": 1
                                                    },
                                                    {
                                                        "Worker Number": 2,
                                                        "Actual Startup Time": 0.039,
                                                        "Actual Total Time": 81.039,
                                                        "Actual Rows": 55703,
                                                        "Actual Loops": 1
                                                    },
                                                    {
                                                        "Worker Number": 3,
                                                        "Actual Startup Time": 0.046,
                                                        "Actual Total Time": 81.64,
                                                        "Actual Rows": 56199,
                                                        "Actual Loops": 1
                                                    }
                                                ]
                                            },
                                            {
                                                "Node Type": "Hash",
                                                "Parent Relationship": "Inner",
                                                "Parallel Aware": true,
                                                "Startup Cost": 31414.82,
                                                "Total Cost": 31414.82,
                                                "Plan Rows": 77744,
                                                "Plan Width": 4,
                                                "Actual Startup Time": 82.824,
                                                "Actual Total Time": 82.825,
                                                "Actual Rows": 23458,
                                                "Actual Loops": 5,
                                                "Output": [
                                                    "mc.movie_id"
                                                ],
                                                "Hash Buckets": 262144,
                                                "Original Hash Buckets": 262144,
                                                "Hash Batches": 1,
                                                "Original Hash Batches": 1,
                                                "Peak Memory Usage": 6720,
                                                "Workers": [
                                                    {
                                                        "Worker Number": 0,
                                                        "Actual Startup Time": 81.219,
                                                        "Actual Total Time": 81.22,
                                                        "Actual Rows": 19121,
                                                        "Actual Loops": 1
                                                    },
                                                    {
                                                        "Worker Number": 1,
                                                        "Actual Startup Time": 82.251,
                                                        "Actual Total Time": 82.252,
                                                        "Actual Rows": 20883,
                                                        "Actual Loops": 1
                                                    },
                                                    {
                                                        "Worker Number": 2,
                                                        "Actual Startup Time": 82.359,
                                                        "Actual Total Time": 82.36,
                                                        "Actual Rows": 19886,
                                                        "Actual Loops": 1
                                                    },
                                                    {
                                                        "Worker Number": 3,
                                                        "Actual Startup Time": 82.668,
                                                        "Actual Total Time": 82.669,
                                                        "Actual Rows": 20754,
                                                        "Actual Loops": 1
                                                    }
                                                ],
                                                "Plans": [
                                                    {
                                                        "Node Type": "Seq Scan",
                                                        "Parent Relationship": "Outer",
                                                        "Parallel Aware": true,
                                                        "Relation Name": "movie_companies",
                                                        "Schema": "public",
                                                        "Alias": "mc",
                                                        "Startup Cost": 0.0,
                                                        "Total Cost": 31414.82,
                                                        "Plan Rows": 77744,
                                                        "Plan Width": 4,
                                                        "Actual Startup Time": 43.745,
                                                        "Actual Total Time": 73.662,
                                                        "Actual Rows": 23458,
                                                        "Actual Loops": 5,
                                                        "Output": [
                                                            "mc.movie_id"
                                                        ],
                                                        "Filter": "((mc.company_id < 398) AND (mc.company_type_id = 2))",
                                                        "Rows Removed by Filter": 498368,
                                                        "Workers": [
                                                            {
                                                                "Worker Number": 0,
                                                                "Actual Startup Time": 42.127,
                                                                "Actual Total Time": 71.298,
                                                                "Actual Rows": 19121,
                                                                "Actual Loops": 1
                                                            },
                                                            {
                                                                "Worker Number": 1,
                                                                "Actual Startup Time": 43.168,
                                                                "Actual Total Time": 73.324,
                                                                "Actual Rows": 20883,
                                                                "Actual Loops": 1
                                                            },
                                                            {
                                                                "Worker Number": 2,
                                                                "Actual Startup Time": 43.277,
                                                                "Actual Total Time": 73.45,
                                                                "Actual Rows": 19886,
                                                                "Actual Loops": 1
                                                            },
                                                            {
                                                                "Worker Number": 3,
                                                                "Actual Startup Time": 43.585,
                                                                "Actual Total Time": 74.406,
                                                                "Actual Rows": 20754,
                                                                "Actual Loops": 1
                                                            }
                                                        ]
                                                    }
                                                ]
                                            }
                                        ]
                                    },
                                    {
                                        "Node Type": "Index Scan",
                                        "Parent Relationship": "Inner",
                                        "Parallel Aware": false,
                                        "Scan Direction": "Forward",
                                        "Index Name": "movie_id_movie_info",
                                        "Relation Name": "movie_info",
                                        "Schema": "public",
                                        "Alias": "mi",
                                        "Startup Cost": 0.43,
                                        "Total Cost": 2.99,
                                        "Plan Rows": 16,
                                        "Plan Width": 4,
                                        "Actual Startup Time": 0.009,
                                        "Actual Total Time": 0.016,
                                        "Actual Rows": 3,
                                        "Actual Loops": 40426,
                                        "Output": [
                                            "mi.id",
                                            "mi.movie_id",
                                            "mi.info_type_id",
                                            "mi.info",
                                            "mi.note"
                                        ],
                                        "Index Cond": "(mi.movie_id = t.id)",
                                        "Rows Removed by Index Recheck": 0,
                                        "Filter": "(mi.info_type_id > 13)",
                                        "Rows Removed by Filter": 6,
                                        "Workers": [
                                            {
                                                "Worker Number": 0,
                                                "Actual Startup Time": 0.014,
                                                "Actual Total Time": 0.025,
                                                "Actual Rows": 3,
                                                "Actual Loops": 5553
                                            },
                                            {
                                                "Worker Number": 1,
                                                "Actual Startup Time": 0.012,
                                                "Actual Total Time": 0.021,
                                                "Actual Rows": 3,
                                                "Actual Loops": 6491
                                            },
                                            {
                                                "Worker Number": 2,
                                                "Actual Startup Time": 0.012,
                                                "Actual Total Time": 0.021,
                                                "Actual Rows": 3,
                                                "Actual Loops": 6429
                                            },
                                            {
                                                "Worker Number": 3,
                                                "Actual Startup Time": 0.012,
                                                "Actual Total Time": 0.021,
                                                "Actual Rows": 3,
                                                "Actual Loops": 6336
                                            }
                                        ]
                                    }
                                ]
                            }
                        ]
                    }
                ]
            }
        ]
    },
    "Planning Time": 1.654,
    "Triggers": [],
    "Execution Time": 378.376
}