{
  "Plan": {
    "Node Type": "Aggregate",
    "Strategy": "Plain",
    "Partial Mode": "Finalize",
    "Parallel Aware": false,
    "Startup Cost": 764054.38,
    "Total Cost": 764054.39,
    "Plan Rows": 1,
    "Plan Width": 8,
    "Actual Startup Time": 5025.889,
    "Actual Total Time": 5105.924,
    "Actual Rows": 1,
    "Actual Loops": 1,
    "Plans": [
      {
        "Node Type": "Gather",
        "Parent Relationship": "Outer",
        "Parallel Aware": false,
        "Startup Cost": 764054.27,
        "Total Cost": 764054.38,
        "Plan Rows": 1,
        "Plan Width": 8,
        "Actual Startup Time": 5025.837,
        "Actual Total Time": 5105.917,
        "Actual Rows": 2,
        "Actual Loops": 1,
        "Workers Planned": 1,
        "Workers Launched": 1,
        "Single Copy": false,
        "Plans": [
          {
            "Node Type": "Aggregate",
            "Strategy": "Plain",
            "Partial Mode": "Partial",
            "Parent Relationship": "Outer",
            "Parallel Aware": false,
            "Startup Cost": 763054.27,
            "Total Cost": 763054.28,
            "Plan Rows": 1,
            "Plan Width": 8,
            "Actual Startup Time": 5021.865,
            "Actual Total Time": 5021.869,
            "Actual Rows": 1,
            "Actual Loops": 2,
            "Plans": [
              {
                "Node Type": "Nested Loop",
                "Parent Relationship": "Outer",
                "Parallel Aware": false,
                "Join Type": "Inner",
                "Startup Cost": 58418.68,
                "Total Cost": 762599.17,
                "Plan Rows": 182041,
                "Plan Width": 0,
                "Actual Startup Time": 130.22,
                "Actual Total Time": 4998.65,
                "Actual Rows": 410490,
                "Actual Loops": 2,
                "Inner Unique": false,
                "Join Filter": "(t.id = mi.movie_id)",
                "Rows Removed by Join Filter": 0,
                "Plans": [
                  {
                    "Node Type": "Hash Join",
                    "Parent Relationship": "Outer",
                    "Parallel Aware": true,
                    "Join Type": "Inner",
                    "Startup Cost": 58418.24,
                    "Total Cost": 580151.6,
                    "Plan Rows": 128135,
                    "Plan Width": 8,
                    "Actual Startup Time": 130.125,
                    "Actual Total Time": 3035.502,
                    "Actual Rows": 117107,
                    "Actual Loops": 2,
                    "Inner Unique": true,
                    "Hash Cond": "(ci.movie_id = t.id)",
                    "Plans": [
                      {
                        "Node Type": "Seq Scan",
                        "Parent Relationship": "Outer",
                        "Parallel Aware": true,
                        "Relation Name": "cast_info",
                        "Alias": "ci",
                        "Startup Cost": 0.0,
                        "Total Cost": 465792.95,
                        "Plan Rows": 21310595,
                        "Plan Width": 4,
                        "Actual Startup Time": 0.012,
                        "Actual Total Time": 1235.326,
                        "Actual Rows": 18122172,
                        "Actual Loops": 2
                      },
                      {
                        "Node Type": "Hash",
                        "Parent Relationship": "Inner",
                        "Parallel Aware": true,
                        "Startup Cost": 58306.47,
                        "Total Cost": 58306.47,
                        "Plan Rows": 8942,
                        "Plan Width": 4,
                        "Actual Startup Time": 129.189,
                        "Actual Total Time": 129.19,
                        "Actual Rows": 6484,
                        "Actual Loops": 2,
                        "Hash Buckets": 16384,
                        "Original Hash Buckets": 16384,
                        "Hash Batches": 1,
                        "Original Hash Batches": 1,
                        "Peak Memory Usage": 672,
                        "Plans": [
                          {
                            "Node Type": "Seq Scan",
                            "Parent Relationship": "Outer",
                            "Parallel Aware": true,
                            "Relation Name": "title",
                            "Alias": "t",
                            "Startup Cost": 0.0,
                            "Total Cost": 58306.47,
                            "Plan Rows": 8942,
                            "Plan Width": 4,
                            "Actual Startup Time": 0.194,
                            "Actual Total Time": 127.258,
                            "Actual Rows": 6484,
                            "Actual Loops": 2,
                            "Filter": "((kind_id < 7) AND (production_year = 1997))",
                            "Rows Removed by Filter": 1257672
                          }
                        ]
                      }
                    ]
                  },
                  {
                    "Node Type": "Index Scan",
                    "Parent Relationship": "Inner",
                    "Parallel Aware": false,
                    "Scan Direction": "Forward",
                    "Index Name": "movie_id_movie_info",
                    "Relation Name": "movie_info",
                    "Alias": "mi",
                    "Startup Cost": 0.43,
                    "Total Cost": 1.3,
                    "Plan Rows": 10,
                    "Plan Width": 4,
                    "Actual Startup Time": 0.007,
                    "Actual Total Time": 0.016,
                    "Actual Rows": 4,
                    "Actual Loops": 234214,
                    "Index Cond": "(movie_id = ci.movie_id)",
                    "Rows Removed by Index Recheck": 0,
                    "Filter": "(info_type_id < 4)",
                    "Rows Removed by Filter": 33
                  }
                ]
              }
            ]
          }
        ]
      }
    ]
  },
  "Planning Time": 0.955,
  "Triggers": [],
  "Execution Time": 5106.027
}