[
  {
    "Plan": {
      "Node Type": "Aggregate",
      "Strategy": "Plain",
      "Partial Mode": "Finalize",
      "Parallel Aware": false,
      "Startup Cost": 31471.57,
      "Total Cost": 31471.58,
      "Plan Rows": 1,
      "Plan Width": 8,
      "Actual Startup Time": 105.991,
      "Actual Total Time": 113.671,
      "Actual Rows": 1,
      "Actual Loops": 1,
      "Plans": [
        {
          "Node Type": "Gather",
          "Parent Relationship": "Outer",
          "Parallel Aware": false,
          "Startup Cost": 31471.25,
          "Total Cost": 31471.56,
          "Plan Rows": 3,
          "Plan Width": 8,
          "Actual Startup Time": 105.818,
          "Actual Total Time": 113.661,
          "Actual Rows": 4,
          "Actual Loops": 1,
          "Workers Planned": 3,
          "Workers Launched": 3,
          "Single Copy": false,
          "Plans": [
            {
              "Node Type": "Aggregate",
              "Strategy": "Plain",
              "Partial Mode": "Partial",
              "Parent Relationship": "Outer",
              "Parallel Aware": false,
              "Startup Cost": 30471.25,
              "Total Cost": 30471.26,
              "Plan Rows": 1,
              "Plan Width": 8,
              "Actual Startup Time": 100.147,
              "Actual Total Time": 100.149,
              "Actual Rows": 1,
              "Actual Loops": 4,
              "Plans": [
                {
                  "Node Type": "Seq Scan",
                  "Parent Relationship": "Outer",
                  "Parallel Aware": true,
                  "Relation Name": "movie_companies",
                  "Alias": "mc",
                  "Startup Cost": 0.0,
                  "Total Cost": 29310.68,
                  "Plan Rows": 464229,
                  "Plan Width": 0,
                  "Actual Startup Time": 0.029,
                  "Actual Total Time": 80.154,
                  "Actual Rows": 362326,
                  "Actual Loops": 4,
                  "Filter": "(company_id < 12979)",
                  "Rows Removed by Filter": 289956
                }
              ]
            }
          ]
        }
      ]
    },
    "Planning Time": 0.132,
    "Triggers": [],
    "Execution Time": 113.713
  }
]