[
  {
    "Plan": {
      "Node Type": "Aggregate",
      "Strategy": "Plain",
      "Partial Mode": "Finalize",
      "Parallel Aware": false,
      "Startup Cost": 335279.41,
      "Total Cost": 335279.42,
      "Plan Rows": 1,
      "Plan Width": 8,
      "Actual Startup Time": 674.155,
      "Actual Total Time": 717.444,
      "Actual Rows": 1,
      "Actual Loops": 1,
      "Plans": [
        {
          "Node Type": "Gather",
          "Parent Relationship": "Outer",
          "Parallel Aware": false,
          "Startup Cost": 335278.79,
          "Total Cost": 335279.4,
          "Plan Rows": 6,
          "Plan Width": 8,
          "Actual Startup Time": 673.95,
          "Actual Total Time": 717.431,
          "Actual Rows": 7,
          "Actual Loops": 1,
          "Workers Planned": 6,
          "Workers Launched": 6,
          "Single Copy": false,
          "Plans": [
            {
              "Node Type": "Aggregate",
              "Strategy": "Plain",
              "Partial Mode": "Partial",
              "Parent Relationship": "Outer",
              "Parallel Aware": false,
              "Startup Cost": 334278.79,
              "Total Cost": 334278.8,
              "Plan Rows": 1,
              "Plan Width": 8,
              "Actual Startup Time": 663.901,
              "Actual Total Time": 663.903,
              "Actual Rows": 1,
              "Actual Loops": 7,
              "Plans": [
                {
                  "Node Type": "Seq Scan",
                  "Parent Relationship": "Outer",
                  "Parallel Aware": true,
                  "Relation Name": "cast_info",
                  "Alias": "ci",
                  "Startup Cost": 0.0,
                  "Total Cost": 328211.39,
                  "Plan Rows": 2426959,
                  "Plan Width": 0,
                  "Actual Startup Time": 240.592,
                  "Actual Total Time": 567.249,
                  "Actual Rows": 2040992,
                  "Actual Loops": 7,
                  "Filter": "(person_id > 2233805)",
                  "Rows Removed by Filter": 3136771
                }
              ]
            }
          ]
        }
      ]
    },
    "Planning Time": 0.225,
    "Triggers": [],
    "Execution Time": 717.516
  }
]