[
  {
    "Plan": {
      "Node Type": "Aggregate",
      "Strategy": "Plain",
      "Partial Mode": "Simple",
      "Parallel Aware": false,
      "Startup Cost": 7531.3,
      "Total Cost": 7531.31,
      "Plan Rows": 1,
      "Plan Width": 64,
      "Actual Startup Time": 806.162,
      "Actual Total Time": 806.17,
      "Actual Rows": 1,
      "Actual Loops": 1,
      "Plans": [
        {
          "Node Type": "Nested Loop",
          "Parent Relationship": "Outer",
          "Parallel Aware": false,
          "Join Type": "Inner",
          "Startup Cost": 12.11,
          "Total Cost": 7531.3,
          "Plan Rows": 1,
          "Plan Width": 23,
          "Actual Startup Time": 6.052,
          "Actual Total Time": 805.889,
          "Actual Rows": 485,
          "Actual Loops": 1,
          "Inner Unique": true,
          "Join Filter": "(mi.info_type_id = it1.id)",
          "Rows Removed by Join Filter": 2463,
          "Plans": [
            {
              "Node Type": "Nested Loop",
              "Parent Relationship": "Outer",
              "Parallel Aware": false,
              "Join Type": "Inner",
              "Startup Cost": 12.11,
              "Total Cost": 7528.87,
              "Plan Rows": 1,
              "Plan Width": 27,
              "Actual Startup Time": 2.576,
              "Actual Total Time": 769.775,
              "Actual Rows": 2948,
              "Actual Loops": 1,
              "Inner Unique": false,
              "Join Filter": "(t.id = mi.movie_id)",
              "Rows Removed by Join Filter": 0,
              "Plans": [
                {
                  "Node Type": "Nested Loop",
                  "Parent Relationship": "Outer",
                  "Parallel Aware": false,
                  "Join Type": "Inner",
                  "Startup Cost": 11.68,
                  "Total Cost": 7527.05,
                  "Plan Rows": 1,
                  "Plan Width": 35,
                  "Actual Startup Time": 2.22,
                  "Actual Total Time": 484.26,
                  "Actual Rows": 3126,
                  "Actual Loops": 1,
                  "Inner Unique": true,
                  "Join Filter": "(t.kind_id = kt.id)",
                  "Rows Removed by Join Filter": 4121,
                  "Plans": [
                    {
                      "Node Type": "Nested Loop",
                      "Parent Relationship": "Outer",
                      "Parallel Aware": false,
                      "Join Type": "Inner",
                      "Startup Cost": 11.68,
                      "Total Cost": 7525.9,
                      "Plan Rows": 2,
                      "Plan Width": 39,
                      "Actual Startup Time": 2.182,
                      "Actual Total Time": 480.807,
                      "Actual Rows": 5084,
                      "Actual Loops": 1,
                      "Inner Unique": true,
                      "Plans": [
                        {
                          "Node Type": "Nested Loop",
                          "Parent Relationship": "Outer",
                          "Parallel Aware": false,
                          "Join Type": "Inner",
                          "Startup Cost": 11.25,
                          "Total Cost": 7524.43,
                          "Plan Rows": 3,
                          "Plan Width": 14,
                          "Actual Startup Time": 2.076,
                          "Actual Total Time": 336.919,
                          "Actual Rows": 14784,
                          "Actual Loops": 1,
                          "Inner Unique": false,
                          "Join Filter": "(mi_idx.info_type_id = it2.id)",
                          "Rows Removed by Join Filter": 41554,
                          "Plans": [
                            {
                              "Node Type": "Seq Scan",
                              "Parent Relationship": "Outer",
                              "Parallel Aware": false,
                              "Relation Name": "info_type",
                              "Alias": "it2",
                              "Startup Cost": 0.0,
                              "Total Cost": 2.41,
                              "Plan Rows": 1,
                              "Plan Width": 4,
                              "Actual Startup Time": 0.052,
                              "Actual Total Time": 0.055,
                              "Actual Rows": 1,
                              "Actual Loops": 1,
                              "Filter": "((info)::text = 'rating'::text)",
                              "Rows Removed by Filter": 112
                            },
                            {
                              "Node Type": "Nested Loop",
                              "Parent Relationship": "Inner",
                              "Parallel Aware": false,
                              "Join Type": "Inner",
                              "Startup Cost": 11.25,
                              "Total Cost": 7518.02,
                              "Plan Rows": 320,
                              "Plan Width": 18,
                              "Actual Startup Time": 1.586,
                              "Actual Total Time": 328.696,
                              "Actual Rows": 56338,
                              "Actual Loops": 1,
                              "Inner Unique": false,
                              "Plans": [
                                {
                                  "Node Type": "Nested Loop",
                                  "Parent Relationship": "Outer",
                                  "Parallel Aware": false,
                                  "Join Type": "Inner",
                                  "Startup Cost": 10.82,
                                  "Total Cost": 7447.81,
                                  "Plan Rows": 135,
                                  "Plan Width": 4,
                                  "Actual Startup Time": 1.422,
                                  "Actual Total Time": 137.757,
                                  "Actual Rows": 29608,
                                  "Actual Loops": 1,
                                  "Inner Unique": false,
                                  "Plans": [
                                    {
                                      "Node Type": "Seq Scan",
                                      "Parent Relationship": "Outer",
                                      "Parallel Aware": false,
                                      "Relation Name": "keyword",
                                      "Alias": "k",
                                      "Startup Cost": 0.0,
                                      "Total Cost": 2961.55,
                                      "Plan Rows": 4,
                                      "Plan Width": 4,
                                      "Actual Startup Time": 0.343,
                                      "Actual Total Time": 25.37,
                                      "Actual Rows": 4,
                                      "Actual Loops": 1,
                                      "Filter": "((keyword IS NOT NULL) AND (keyword = ANY ('{hand-to-hand-combat,tv-special,murder,anime}'::text[])))",
                                      "Rows Removed by Filter": 134166
                                    },
                                    {
                                      "Node Type": "Bitmap Heap Scan",
                                      "Parent Relationship": "Inner",
                                      "Parallel Aware": false,
                                      "Relation Name": "movie_keyword",
                                      "Alias": "mk",
                                      "Startup Cost": 10.82,
                                      "Total Cost": 1118.49,
                                      "Plan Rows": 308,
                                      "Plan Width": 8,
                                      "Actual Startup Time": 2.146,
                                      "Actual Total Time": 26.584,
                                      "Actual Rows": 7402,
                                      "Actual Loops": 4,
                                      "Recheck Cond": "(keyword_id = k.id)",
                                      "Rows Removed by Index Recheck": 0,
                                      "Exact Heap Blocks": 17132,
                                      "Lossy Heap Blocks": 0,
                                      "Plans": [
                                        {
                                          "Node Type": "Bitmap Index Scan",
                                          "Parent Relationship": "Outer",
                                          "Parallel Aware": false,
                                          "Index Name": "keyword_id_movie_keyword",
                                          "Startup Cost": 0.0,
                                          "Total Cost": 10.74,
                                          "Plan Rows": 308,
                                          "Plan Width": 0,
                                          "Actual Startup Time": 1.312,
                                          "Actual Total Time": 1.312,
                                          "Actual Rows": 7402,
                                          "Actual Loops": 4,
                                          "Index Cond": "(keyword_id = k.id)"
                                        }
                                      ]
                                    }
                                  ]
                                },
                                {
                                  "Node Type": "Index Scan",
                                  "Parent Relationship": "Inner",
                                  "Parallel Aware": false,
                                  "Scan Direction": "Forward",
                                  "Index Name": "movie_id_movie_info_idx",
                                  "Relation Name": "movie_info_idx",
                                  "Alias": "mi_idx",
                                  "Startup Cost": 0.43,
                                  "Total Cost": 0.5,
                                  "Plan Rows": 2,
                                  "Plan Width": 14,
                                  "Actual Startup Time": 0.005,
                                  "Actual Total Time": 0.006,
                                  "Actual Rows": 2,
                                  "Actual Loops": 29608,
                                  "Index Cond": "(movie_id = mk.movie_id)",
                                  "Rows Removed by Index Recheck": 0,
                                  "Filter": "(info < '6.6'::text)",
                                  "Rows Removed by Filter": 0
                                }
                              ]
                            }
                          ]
                        },
                        {
                          "Node Type": "Index Scan",
                          "Parent Relationship": "Inner",
                          "Parallel Aware": false,
                          "Scan Direction": "Forward",
                          "Index Name": "title_pkey",
                          "Relation Name": "title",
                          "Alias": "t",
                          "Startup Cost": 0.43,
                          "Total Cost": 0.49,
                          "Plan Rows": 1,
                          "Plan Width": 25,
                          "Actual Startup Time": 0.009,
                          "Actual Total Time": 0.009,
                          "Actual Rows": 0,
                          "Actual Loops": 14784,
                          "Index Cond": "(id = mk.movie_id)",
                          "Rows Removed by Index Recheck": 0,
                          "Filter": "(production_year > 2000)",
                          "Rows Removed by Filter": 1
                        }
                      ]
                    },
                    {
                      "Node Type": "Materialize",
                      "Parent Relationship": "Inner",
                      "Parallel Aware": false,
                      "Startup Cost": 0.0,
                      "Total Cost": 1.1,
                      "Plan Rows": 2,
                      "Plan Width": 4,
                      "Actual Startup Time": 0.0,
                      "Actual Total Time": 0.0,
                      "Actual Rows": 1,
                      "Actual Loops": 5084,
                      "Plans": [
                        {
                          "Node Type": "Seq Scan",
                          "Parent Relationship": "Outer",
                          "Parallel Aware": false,
                          "Relation Name": "kind_type",
                          "Alias": "kt",
                          "Startup Cost": 0.0,
                          "Total Cost": 1.09,
                          "Plan Rows": 2,
                          "Plan Width": 4,
                          "Actual Startup Time": 0.027,
                          "Actual Total Time": 0.03,
                          "Actual Rows": 2,
                          "Actual Loops": 1,
                          "Filter": "((kind)::text = ANY ('{movie,\"tv series\"}'::text[]))",
                          "Rows Removed by Filter": 5
                        }
                      ]
                    }
                  ]
                },
                {
                  "Node Type": "Index Scan",
                  "Parent Relationship": "Inner",
                  "Parallel Aware": false,
                  "Scan Direction": "Forward",
                  "Index Name": "movie_id_movie_info",
                  "Relation Name": "movie_info",
                  "Alias": "mi",
                  "Startup Cost": 0.43,
                  "Total Cost": 1.8,
                  "Plan Rows": 2,
                  "Plan Width": 8,
                  "Actual Startup Time": 0.029,
                  "Actual Total Time": 0.09,
                  "Actual Rows": 1,
                  "Actual Loops": 3126,
                  "Index Cond": "(movie_id = mk.movie_id)",
                  "Rows Removed by Index Recheck": 0,
                  "Filter": "(info = ANY ('{American,Danish,Denish,Sweden,Norway,English,Norwegian,Germany,Bulgaria,Japan}'::text[]))",
                  "Rows Removed by Filter": 62
                }
              ]
            },
            {
              "Node Type": "Seq Scan",
              "Parent Relationship": "Inner",
              "Parallel Aware": false,
              "Relation Name": "info_type",
              "Alias": "it1",
              "Startup Cost": 0.0,
              "Total Cost": 2.41,
              "Plan Rows": 1,
              "Plan Width": 4,
              "Actual Startup Time": 0.004,
              "Actual Total Time": 0.01,
              "Actual Rows": 1,
              "Actual Loops": 2948,
              "Filter": "((info)::text = 'countries'::text)",
              "Rows Removed by Filter": 95
            }
          ]
        }
      ]
    },
    "Planning Time": 5.629,
    "Triggers": [],
    "Execution Time": 806.535
  }
]