[
  {
    "Plan": {
      "Node Type": "Aggregate",
      "Strategy": "Plain",
      "Partial Mode": "Finalize",
      "Parallel Aware": false,
      "Startup Cost": 46506.35,
      "Total Cost": 46506.36,
      "Plan Rows": 1,
      "Plan Width": 8,
      "Actual Startup Time": 112.733,
      "Actual Total Time": 127.457,
      "Actual Rows": 1,
      "Actual Loops": 1,
      "Plans": [
        {
          "Node Type": "Gather",
          "Parent Relationship": "Outer",
          "Parallel Aware": false,
          "Startup Cost": 46505.93,
          "Total Cost": 46506.34,
          "Plan Rows": 4,
          "Plan Width": 8,
          "Actual Startup Time": 112.434,
          "Actual Total Time": 127.442,
          "Actual Rows": 5,
          "Actual Loops": 1,
          "Workers Planned": 4,
          "Workers Launched": 4,
          "Single Copy": false,
          "Plans": [
            {
              "Node Type": "Aggregate",
              "Strategy": "Plain",
              "Partial Mode": "Partial",
              "Parent Relationship": "Outer",
              "Parallel Aware": false,
              "Startup Cost": 45505.93,
              "Total Cost": 45505.94,
              "Plan Rows": 1,
              "Plan Width": 8,
              "Actual Startup Time": 102.528,
              "Actual Total Time": 102.532,
              "Actual Rows": 1,
              "Actual Loops": 5,
              "Plans": [
                {
                  "Node Type": "Seq Scan",
                  "Parent Relationship": "Outer",
                  "Parallel Aware": true,
                  "Relation Name": "title",
                  "Alias": "t",
                  "Startup Cost": 0.0,
                  "Total Cost": 45479.59,
                  "Plan Rows": 10536,
                  "Plan Width": 0,
                  "Actual Startup Time": 90.022,
                  "Actual Total Time": 102.518,
                  "Actual Rows": 0,
                  "Actual Loops": 5,
                  "Filter": "((production_year < 1917) AND (kind_id = 7))",
                  "Rows Removed by Filter": 505662
                }
              ]
            }
          ]
        }
      ]
    },
    "Planning Time": 0.079,
    "Triggers": [],
    "Execution Time": 127.497
  }
]