[
  {
    "Plan": {
      "Node Type": "Aggregate",
      "Strategy": "Plain",
      "Partial Mode": "Finalize",
      "Parallel Aware": false,
      "Startup Cost": 45386.51,
      "Total Cost": 45386.52,
      "Plan Rows": 1,
      "Plan Width": 8,
      "Actual Startup Time": 152.163,
      "Actual Total Time": 161.467,
      "Actual Rows": 1,
      "Actual Loops": 1,
      "Plans": [
        {
          "Node Type": "Gather",
          "Parent Relationship": "Outer",
          "Parallel Aware": false,
          "Startup Cost": 45386.19,
          "Total Cost": 45386.5,
          "Plan Rows": 3,
          "Plan Width": 8,
          "Actual Startup Time": 152.051,
          "Actual Total Time": 161.46,
          "Actual Rows": 4,
          "Actual Loops": 1,
          "Workers Planned": 3,
          "Workers Launched": 3,
          "Single Copy": false,
          "Plans": [
            {
              "Node Type": "Aggregate",
              "Strategy": "Plain",
              "Partial Mode": "Partial",
              "Parent Relationship": "Outer",
              "Parallel Aware": false,
              "Startup Cost": 44386.19,
              "Total Cost": 44386.2,
              "Plan Rows": 1,
              "Plan Width": 8,
              "Actual Startup Time": 143.648,
              "Actual Total Time": 143.649,
              "Actual Rows": 1,
              "Actual Loops": 4,
              "Plans": [
                {
                  "Node Type": "Seq Scan",
                  "Parent Relationship": "Outer",
                  "Parallel Aware": true,
                  "Relation Name": "movie_keyword",
                  "Alias": "mk",
                  "Startup Cost": 0.0,
                  "Total Cost": 42695.65,
                  "Plan Rows": 676215,
                  "Plan Width": 0,
                  "Actual Startup Time": 0.538,
                  "Actual Total Time": 117.507,
                  "Actual Rows": 519476,
                  "Actual Loops": 4,
                  "Filter": "(keyword_id > 5828)",
                  "Rows Removed by Filter": 611506
                }
              ]
            }
          ]
        }
      ]
    },
    "Planning Time": 0.155,
    "Triggers": [],
    "Execution Time": 161.505
  }
]