[
  {
    "Plan": {
      "Node Type": "Aggregate",
      "Strategy": "Plain",
      "Partial Mode": "Simple",
      "Parallel Aware": false,
      "Startup Cost": 4438.61,
      "Total Cost": 4438.62,
      "Plan Rows": 1,
      "Plan Width": 32,
      "Actual Startup Time": 7797.177,
      "Actual Total Time": 7797.182,
      "Actual Rows": 1,
      "Actual Loops": 1,
      "Output": [
        "min(n.name)"
      ],
      "Plans": [
        {
          "Node Type": "Nested Loop",
          "Parent Relationship": "Outer",
          "Parallel Aware": false,
          "Join Type": "Inner",
          "Startup Cost": 13.08,
          "Total Cost": 4438.6,
          "Plan Rows": 1,
          "Plan Width": 15,
          "Actual Startup Time": 27.052,
          "Actual Total Time": 7793.11,
          "Actual Rows": 27076,
          "Actual Loops": 1,
          "Output": [
            "n.name"
          ],
          "Inner Unique": true,
          "Plans": [
            {
              "Node Type": "Nested Loop",
              "Parent Relationship": "Outer",
              "Parallel Aware": false,
              "Join Type": "Inner",
              "Startup Cost": 12.66,
              "Total Cost": 4394.26,
              "Plan Rows": 100,
              "Plan Width": 19,
              "Actual Startup Time": 26.986,
              "Actual Total Time": 7702.308,
              "Actual Rows": 27076,
              "Actual Loops": 1,
              "Output": [
                "mc.company_id",
                "n.name"
              ],
              "Inner Unique": true,
              "Plans": [
                {
                  "Node Type": "Nested Loop",
                  "Parent Relationship": "Outer",
                  "Parallel Aware": false,
                  "Join Type": "Inner",
                  "Startup Cost": 12.23,
                  "Total Cost": 4393.81,
                  "Plan Rows": 1,
                  "Plan Width": 31,
                  "Actual Startup Time": 26.93,
                  "Actual Total Time": 7637.555,
                  "Actual Rows": 27076,
                  "Actual Loops": 1,
                  "Output": [
                    "ci.movie_id",
                    "mc.movie_id",
                    "mc.company_id",
                    "mk.movie_id",
                    "n.name"
                  ],
                  "Inner Unique": false,
                  "Plans": [
                    {
                      "Node Type": "Nested Loop",
                      "Parent Relationship": "Outer",
                      "Parallel Aware": false,
                      "Join Type": "Inner",
                      "Startup Cost": 11.8,
                      "Total Cost": 4393.24,
                      "Plan Rows": 1,
                      "Plan Width": 23,
                      "Actual Startup Time": 26.802,
                      "Actual Total Time": 7568.047,
                      "Actual Rows": 3139,
                      "Actual Loops": 1,
                      "Output": [
                        "ci.movie_id",
                        "mk.movie_id",
                        "n.name"
                      ],
                      "Inner Unique": true,
                      "Plans": [
                        {
                          "Node Type": "Nested Loop",
                          "Parent Relationship": "Outer",
                          "Parallel Aware": false,
                          "Join Type": "Inner",
                          "Startup Cost": 11.37,
                          "Total Cost": 3826.94,
                          "Plan Rows": 1237,
                          "Plan Width": 12,
                          "Actual Startup Time": 20.918,
                          "Actual Total Time": 3220.044,
                          "Actual Rows": 1038393,
                          "Actual Loops": 1,
                          "Output": [
                            "ci.person_id",
                            "ci.movie_id",
                            "mk.movie_id"
                          ],
                          "Inner Unique": false,
                          "Plans": [
                            {
                              "Node Type": "Nested Loop",
                              "Parent Relationship": "Outer",
                              "Parallel Aware": false,
                              "Join Type": "Inner",
                              "Startup Cost": 10.8,
                              "Total Cost": 3761.63,
                              "Plan Rows": 34,
                              "Plan Width": 4,
                              "Actual Startup Time": 20.757,
                              "Actual Total Time": 96.462,
                              "Actual Rows": 41840,
                              "Actual Loops": 1,
                              "Output": [
                                "mk.movie_id"
                              ],
                              "Inner Unique": false,
                              "Plans": [
                                {
                                  "Node Type": "Seq Scan",
                                  "Parent Relationship": "Outer",
                                  "Parallel Aware": false,
                                  "Relation Name": "keyword",
                                  "Schema": "public",
                                  "Alias": "k",
                                  "Startup Cost": 0.0,
                                  "Total Cost": 2626.12,
                                  "Plan Rows": 1,
                                  "Plan Width": 4,
                                  "Actual Startup Time": 2.492,
                                  "Actual Total Time": 11.637,
                                  "Actual Rows": 1,
                                  "Actual Loops": 1,
                                  "Output": [
                                    "k.id",
                                    "k.keyword",
                                    "k.phonetic_code"
                                  ],
                                  "Filter": "(k.keyword = 'character-name-in-title'::text)",
                                  "Rows Removed by Filter": 134169
                                },
                                {
                                  "Node Type": "Bitmap Heap Scan",
                                  "Parent Relationship": "Inner",
                                  "Parallel Aware": false,
                                  "Relation Name": "movie_keyword",
                                  "Schema": "public",
                                  "Alias": "mk",
                                  "Startup Cost": 10.8,
                                  "Total Cost": 1132.44,
                                  "Plan Rows": 306,
                                  "Plan Width": 8,
                                  "Actual Startup Time": 18.251,
                                  "Actual Total Time": 78.29,
                                  "Actual Rows": 41840,
                                  "Actual Loops": 1,
                                  "Output": [
                                    "mk.id",
                                    "mk.movie_id",
                                    "mk.keyword_id"
                                  ],
                                  "Recheck Cond": "(mk.keyword_id = k.id)",
                                  "Rows Removed by Index Recheck": 0,
                                  "Exact Heap Blocks": 11541,
                                  "Lossy Heap Blocks": 0,
                                  "Plans": [
                                    {
                                      "Node Type": "Bitmap Index Scan",
                                      "Parent Relationship": "Outer",
                                      "Parallel Aware": false,
                                      "Index Name": "keyword_id_movie_keyword",
                                      "Startup Cost": 0.0,
                                      "Total Cost": 10.73,
                                      "Plan Rows": 306,
                                      "Plan Width": 0,
                                      "Actual Startup Time": 14.526,
                                      "Actual Total Time": 14.527,
                                      "Actual Rows": 41840,
                                      "Actual Loops": 1,
                                      "Index Cond": "(mk.keyword_id = k.id)"
                                    }
                                  ]
                                }
                              ]
                            },
                            {
                              "Node Type": "Index Scan",
                              "Parent Relationship": "Inner",
                              "Parallel Aware": false,
                              "Scan Direction": "Forward",
                              "Index Name": "movie_id_cast_info",
                              "Relation Name": "cast_info",
                              "Schema": "public",
                              "Alias": "ci",
                              "Startup Cost": 0.56,
                              "Total Cost": 1.55,
                              "Plan Rows": 37,
                              "Plan Width": 8,
                              "Actual Startup Time": 0.012,
                              "Actual Total Time": 0.072,
                              "Actual Rows": 25,
                              "Actual Loops": 41840,
                              "Output": [
                                "ci.id",
                                "ci.person_id",
                                "ci.movie_id",
                                "ci.person_role_id",
                                "ci.note",
                                "ci.nr_order",
                                "ci.role_id"
                              ],
                              "Index Cond": "(ci.movie_id = mk.movie_id)",
                              "Rows Removed by Index Recheck": 0
                            }
                          ]
                        },
                        {
                          "Node Type": "Index Scan",
                          "Parent Relationship": "Inner",
                          "Parallel Aware": false,
                          "Scan Direction": "Forward",
                          "Index Name": "name_pkey",
                          "Relation Name": "name",
                          "Schema": "public",
                          "Alias": "n",
                          "Startup Cost": 0.43,
                          "Total Cost": 0.46,
                          "Plan Rows": 1,
                          "Plan Width": 19,
                          "Actual Startup Time": 0.004,
                          "Actual Total Time": 0.004,
                          "Actual Rows": 0,
                          "Actual Loops": 1038393,
                          "Output": [
                            "n.id",
                            "n.name",
                            "n.imdb_index",
                            "n.imdb_id",
                            "n.gender",
                            "n.name_pcode_cf",
                            "n.name_pcode_nf",
                            "n.surname_pcode",
                            "n.md5sum"
                          ],
                          "Index Cond": "(n.id = ci.person_id)",
                          "Rows Removed by Index Recheck": 0,
                          "Filter": "(n.name ~~ '%Jones,%'::text)",
                          "Rows Removed by Filter": 1
                        }
                      ]
                    },
                    {
                      "Node Type": "Index Scan",
                      "Parent Relationship": "Inner",
                      "Parallel Aware": false,
                      "Scan Direction": "Forward",
                      "Index Name": "movie_id_movie_companies",
                      "Relation Name": "movie_companies",
                      "Schema": "public",
                      "Alias": "mc",
                      "Startup Cost": 0.43,
                      "Total Cost": 0.52,
                      "Plan Rows": 5,
                      "Plan Width": 8,
                      "Actual Startup Time": 0.016,
                      "Actual Total Time": 0.021,
                      "Actual Rows": 9,
                      "Actual Loops": 3139,
                      "Output": [
                        "mc.id",
                        "mc.movie_id",
                        "mc.company_id",
                        "mc.company_type_id",
                        "mc.note"
                      ],
                      "Index Cond": "(mc.movie_id = ci.movie_id)",
                      "Rows Removed by Index Recheck": 0
                    }
                  ]
                },
                {
                  "Node Type": "Index Only Scan",
                  "Parent Relationship": "Inner",
                  "Parallel Aware": false,
                  "Scan Direction": "Forward",
                  "Index Name": "title_pkey",
                  "Relation Name": "title",
                  "Schema": "public",
                  "Alias": "t",
                  "Startup Cost": 0.43,
                  "Total Cost": 0.45,
                  "Plan Rows": 1,
                  "Plan Width": 4,
                  "Actual Startup Time": 0.002,
                  "Actual Total Time": 0.002,
                  "Actual Rows": 1,
                  "Actual Loops": 27076,
                  "Output": [
                    "t.id"
                  ],
                  "Index Cond": "(t.id = ci.movie_id)",
                  "Rows Removed by Index Recheck": 0,
                  "Heap Fetches": 27076
                }
              ]
            },
            {
              "Node Type": "Index Only Scan",
              "Parent Relationship": "Inner",
              "Parallel Aware": false,
              "Scan Direction": "Forward",
              "Index Name": "company_name_pkey",
              "Relation Name": "company_name",
              "Schema": "public",
              "Alias": "cn",
              "Startup Cost": 0.42,
              "Total Cost": 0.44,
              "Plan Rows": 1,
              "Plan Width": 4,
              "Actual Startup Time": 0.003,
              "Actual Total Time": 0.003,
              "Actual Rows": 1,
              "Actual Loops": 27076,
              "Output": [
                "cn.id"
              ],
              "Index Cond": "(cn.id = mc.company_id)",
              "Rows Removed by Index Recheck": 0,
              "Heap Fetches": 27076
            }
          ]
        }
      ]
    },
    "Planning Time": 68762.795,
    "Triggers": [],
    "Execution Time": 7797.662
  }
]