{
  "Plan": {
    "Node Type": "Aggregate",
    "Strategy": "Plain",
    "Partial Mode": "Finalize",
    "Parallel Aware": false,
    "Startup Cost": 135826.34,
    "Total Cost": 135826.35,
    "Plan Rows": 1,
    "Plan Width": 8,
    "Actual Startup Time": 987.238,
    "Actual Total Time": 1008.895,
    "Actual Rows": 1,
    "Actual Loops": 1,
    "Plans": [
      {
        "Node Type": "Gather",
        "Parent Relationship": "Outer",
        "Parallel Aware": false,
        "Startup Cost": 135826.23,
        "Total Cost": 135826.34,
        "Plan Rows": 1,
        "Plan Width": 8,
        "Actual Startup Time": 983.657,
        "Actual Total Time": 1008.887,
        "Actual Rows": 2,
        "Actual Loops": 1,
        "Workers Planned": 1,
        "Workers Launched": 1,
        "Single Copy": false,
        "Plans": [
          {
            "Node Type": "Aggregate",
            "Strategy": "Plain",
            "Partial Mode": "Partial",
            "Parent Relationship": "Outer",
            "Parallel Aware": false,
            "Startup Cost": 134826.23,
            "Total Cost": 134826.24,
            "Plan Rows": 1,
            "Plan Width": 8,
            "Actual Startup Time": 970.979,
            "Actual Total Time": 970.983,
            "Actual Rows": 1,
            "Actual Loops": 2,
            "Plans": [
              {
                "Node Type": "Hash Join",
                "Parent Relationship": "Outer",
                "Parallel Aware": true,
                "Join Type": "Inner",
                "Startup Cost": 72182.68,
                "Total Cost": 132491.32,
                "Plan Rows": 933962,
                "Plan Width": 0,
                "Actual Startup Time": 592.204,
                "Actual Total Time": 939.073,
                "Actual Rows": 839446,
                "Actual Loops": 2,
                "Inner Unique": true,
                "Hash Cond": "(mk.movie_id = t.id)",
                "Plans": [
                  {
                    "Node Type": "Seq Scan",
                    "Parent Relationship": "Outer",
                    "Parallel Aware": true,
                    "Relation Name": "movie_keyword",
                    "Alias": "mk",
                    "Startup Cost": 0.0,
                    "Total Cost": 57718.19,
                    "Plan Rows": 986839,
                    "Plan Width": 4,
                    "Actual Startup Time": 0.013,
                    "Actual Total Time": 173.946,
                    "Actual Rows": 849293,
                    "Actual Loops": 2,
                    "Filter": "(keyword_id < 2648)",
                    "Rows Removed by Filter": 1412672
                  },
                  {
                    "Node Type": "Hash",
                    "Parent Relationship": "Inner",
                    "Parallel Aware": true,
                    "Startup Cost": 54588.39,
                    "Total Cost": 54588.39,
                    "Plan Rows": 1407543,
                    "Plan Width": 4,
                    "Actual Startup Time": 570.337,
                    "Actual Total Time": 570.338,
                    "Actual Rows": 1194350,
                    "Actual Loops": 2,
                    "Hash Buckets": 4194304,
                    "Original Hash Buckets": 4194304,
                    "Hash Batches": 1,
                    "Original Hash Batches": 1,
                    "Peak Memory Usage": 126240,
                    "Plans": [
                      {
                        "Node Type": "Seq Scan",
                        "Parent Relationship": "Outer",
                        "Parallel Aware": true,
                        "Relation Name": "title",
                        "Alias": "t",
                        "Startup Cost": 0.0,
                        "Total Cost": 54588.39,
                        "Plan Rows": 1407543,
                        "Plan Width": 4,
                        "Actual Startup Time": 0.032,
                        "Actual Total Time": 188.556,
                        "Actual Rows": 1194350,
                        "Actual Loops": 2,
                        "Filter": "(production_year > 1915)",
                        "Rows Removed by Filter": 69806
                      }
                    ]
                  }
                ]
              }
            ]
          }
        ]
      }
    ]
  },
  "Planning Time": 0.451,
  "Triggers": [],
  "Execution Time": 1008.964
}