{
    "Plan": {
        "Node Type": "Aggregate",
        "Strategy": "Plain",
        "Partial Mode": "Finalize",
        "Parallel Aware": false,
        "Startup Cost": 253676.13,
        "Total Cost": 253676.14,
        "Plan Rows": 1,
        "Plan Width": 8,
        "Actual Startup Time": 938.745,
        "Actual Total Time": 983.95,
        "Actual Rows": 1,
        "Actual Loops": 1,
        "Output": [
            "count(*)"
        ],
        "Plans": [
            {
                "Node Type": "Gather",
                "Parent Relationship": "Outer",
                "Parallel Aware": false,
                "Startup Cost": 253675.61,
                "Total Cost": 253676.12,
                "Plan Rows": 5,
                "Plan Width": 8,
                "Actual Startup Time": 934.779,
                "Actual Total Time": 983.939,
                "Actual Rows": 6,
                "Actual Loops": 1,
                "Output": [
                    "(PARTIAL count(*))"
                ],
                "Workers Planned": 5,
                "Workers Launched": 5,
                "Single Copy": false,
                "Plans": [
                    {
                        "Node Type": "Aggregate",
                        "Strategy": "Plain",
                        "Partial Mode": "Partial",
                        "Parent Relationship": "Outer",
                        "Parallel Aware": false,
                        "Startup Cost": 252675.61,
                        "Total Cost": 252675.62,
                        "Plan Rows": 1,
                        "Plan Width": 8,
                        "Actual Startup Time": 924.979,
                        "Actual Total Time": 924.982,
                        "Actual Rows": 1,
                        "Actual Loops": 6,
                        "Output": [
                            "PARTIAL count(*)"
                        ],
                        "Workers": [
                            {
                                "Worker Number": 0,
                                "Actual Startup Time": 923.144,
                                "Actual Total Time": 923.147,
                                "Actual Rows": 1,
                                "Actual Loops": 1
                            },
                            {
                                "Worker Number": 1,
                                "Actual Startup Time": 923.187,
                                "Actual Total Time": 923.191,
                                "Actual Rows": 1,
                                "Actual Loops": 1
                            },
                            {
                                "Worker Number": 2,
                                "Actual Startup Time": 923.203,
                                "Actual Total Time": 923.206,
                                "Actual Rows": 1,
                                "Actual Loops": 1
                            },
                            {
                                "Worker Number": 3,
                                "Actual Startup Time": 922.504,
                                "Actual Total Time": 922.507,
                                "Actual Rows": 1,
                                "Actual Loops": 1
                            },
                            {
                                "Worker Number": 4,
                                "Actual Startup Time": 923.927,
                                "Actual Total Time": 923.93,
                                "Actual Rows": 1,
                                "Actual Loops": 1
                            }
                        ],
                        "Plans": [
                            {
                                "Node Type": "Hash Join",
                                "Parent Relationship": "Outer",
                                "Parallel Aware": true,
                                "Join Type": "Inner",
                                "Startup Cost": 47573.0,
                                "Total Cost": 251421.76,
                                "Plan Rows": 501538,
                                "Plan Width": 0,
                                "Actual Startup Time": 183.753,
                                "Actual Total Time": 913.246,
                                "Actual Rows": 208083,
                                "Actual Loops": 6,
                                "Inner Unique": true,
                                "Hash Cond": "(mi.movie_id = t.id)",
                                "Workers": [
                                    {
                                        "Worker Number": 0,
                                        "Actual Startup Time": 182.024,
                                        "Actual Total Time": 912.582,
                                        "Actual Rows": 254829,
                                        "Actual Loops": 1
                                    },
                                    {
                                        "Worker Number": 1,
                                        "Actual Startup Time": 182.087,
                                        "Actual Total Time": 911.495,
                                        "Actual Rows": 177070,
                                        "Actual Loops": 1
                                    },
                                    {
                                        "Worker Number": 2,
                                        "Actual Startup Time": 182.081,
                                        "Actual Total Time": 912.868,
                                        "Actual Rows": 248767,
                                        "Actual Loops": 1
                                    },
                                    {
                                        "Worker Number": 3,
                                        "Actual Startup Time": 181.4,
                                        "Actual Total Time": 910.98,
                                        "Actual Rows": 175715,
                                        "Actual Loops": 1
                                    },
                                    {
                                        "Worker Number": 4,
                                        "Actual Startup Time": 182.134,
                                        "Actual Total Time": 912.102,
                                        "Actual Rows": 174853,
                                        "Actual Loops": 1
                                    }
                                ],
                                "Plans": [
                                    {
                                        "Node Type": "Seq Scan",
                                        "Parent Relationship": "Outer",
                                        "Parallel Aware": true,
                                        "Relation Name": "movie_info",
                                        "Schema": "public",
                                        "Alias": "mi",
                                        "Startup Cost": 0.0,
                                        "Total Cost": 198880.74,
                                        "Plan Rows": 1892579,
                                        "Plan Width": 4,
                                        "Actual Startup Time": 19.001,
                                        "Actual Total Time": 399.172,
                                        "Actual Rows": 1570867,
                                        "Actual Loops": 6,
                                        "Output": [
                                            "mi.id",
                                            "mi.movie_id",
                                            "mi.info_type_id",
                                            "mi.info",
                                            "mi.note"
                                        ],
                                        "Filter": "(mi.info_type_id > 5)",
                                        "Rows Removed by Filter": 901753,
                                        "Workers": [
                                            {
                                                "Worker Number": 0,
                                                "Actual Startup Time": 19.013,
                                                "Actual Total Time": 397.018,
                                                "Actual Rows": 1928296,
                                                "Actual Loops": 1
                                            },
                                            {
                                                "Worker Number": 1,
                                                "Actual Startup Time": 18.978,
                                                "Actual Total Time": 413.255,
                                                "Actual Rows": 1320736,
                                                "Actual Loops": 1
                                            },
                                            {
                                                "Worker Number": 2,
                                                "Actual Startup Time": 18.981,
                                                "Actual Total Time": 392.079,
                                                "Actual Rows": 1866628,
                                                "Actual Loops": 1
                                            },
                                            {
                                                "Worker Number": 3,
                                                "Actual Startup Time": 19.133,
                                                "Actual Total Time": 412.537,
                                                "Actual Rows": 1311336,
                                                "Actual Loops": 1
                                            },
                                            {
                                                "Worker Number": 4,
                                                "Actual Startup Time": 18.972,
                                                "Actual Total Time": 413.883,
                                                "Actual Rows": 1297563,
                                                "Actual Loops": 1
                                            }
                                        ]
                                    },
                                    {
                                        "Node Type": "Hash",
                                        "Parent Relationship": "Inner",
                                        "Parallel Aware": true,
                                        "Startup Cost": 45479.21,
                                        "Total Cost": 45479.21,
                                        "Plan Rows": 167503,
                                        "Plan Width": 4,
                                        "Actual Startup Time": 160.791,
                                        "Actual Total Time": 160.792,
                                        "Actual Rows": 123280,
                                        "Actual Loops": 6,
                                        "Output": [
                                            "t.id"
                                        ],
                                        "Hash Buckets": 1048576,
                                        "Original Hash Buckets": 1048576,
                                        "Hash Batches": 1,
                                        "Original Hash Batches": 1,
                                        "Peak Memory Usage": 37216,
                                        "Workers": [
                                            {
                                                "Worker Number": 0,
                                                "Actual Startup Time": 162.352,
                                                "Actual Total Time": 162.353,
                                                "Actual Rows": 131401,
                                                "Actual Loops": 1
                                            },
                                            {
                                                "Worker Number": 1,
                                                "Actual Startup Time": 162.442,
                                                "Actual Total Time": 162.443,
                                                "Actual Rows": 106746,
                                                "Actual Loops": 1
                                            },
                                            {
                                                "Worker Number": 2,
                                                "Actual Startup Time": 162.386,
                                                "Actual Total Time": 162.387,
                                                "Actual Rows": 134810,
                                                "Actual Loops": 1
                                            },
                                            {
                                                "Worker Number": 3,
                                                "Actual Startup Time": 161.66,
                                                "Actual Total Time": 161.66,
                                                "Actual Rows": 104341,
                                                "Actual Loops": 1
                                            },
                                            {
                                                "Worker Number": 4,
                                                "Actual Startup Time": 162.401,
                                                "Actual Total Time": 162.403,
                                                "Actual Rows": 106398,
                                                "Actual Loops": 1
                                            }
                                        ],
                                        "Plans": [
                                            {
                                                "Node Type": "Seq Scan",
                                                "Parent Relationship": "Outer",
                                                "Parallel Aware": true,
                                                "Relation Name": "title",
                                                "Schema": "public",
                                                "Alias": "t",
                                                "Startup Cost": 0.0,
                                                "Total Cost": 45479.21,
                                                "Plan Rows": 167503,
                                                "Plan Width": 4,
                                                "Actual Startup Time": 0.057,
                                                "Actual Total Time": 93.186,
                                                "Actual Rows": 123280,
                                                "Actual Loops": 6,
                                                "Output": [
                                                    "t.id"
                                                ],
                                                "Filter": "((t.production_year > 2004) AND (t.kind_id = 7))",
                                                "Rows Removed by Filter": 298106,
                                                "Workers": [
                                                    {
                                                        "Worker Number": 0,
                                                        "Actual Startup Time": 0.067,
                                                        "Actual Total Time": 94.096,
                                                        "Actual Rows": 131401,
                                                        "Actual Loops": 1
                                                    },
                                                    {
                                                        "Worker Number": 1,
                                                        "Actual Startup Time": 0.067,
                                                        "Actual Total Time": 95.521,
                                                        "Actual Rows": 106746,
                                                        "Actual Loops": 1
                                                    },
                                                    {
                                                        "Worker Number": 2,
                                                        "Actual Startup Time": 0.066,
                                                        "Actual Total Time": 93.359,
                                                        "Actual Rows": 134810,
                                                        "Actual Loops": 1
                                                    },
                                                    {
                                                        "Worker Number": 3,
                                                        "Actual Startup Time": 0.065,
                                                        "Actual Total Time": 95.347,
                                                        "Actual Rows": 104341,
                                                        "Actual Loops": 1
                                                    },
                                                    {
                                                        "Worker Number": 4,
                                                        "Actual Startup Time": 0.058,
                                                        "Actual Total Time": 94.907,
                                                        "Actual Rows": 106398,
                                                        "Actual Loops": 1
                                                    }
                                                ]
                                            }
                                        ]
                                    }
                                ]
                            }
                        ]
                    }
                ]
            }
        ]
    },
    "Planning Time": 0.848,
    "Triggers": [],
    "Execution Time": 984.031
}