[
    {
        "Bao": {
            "Bao prediction": 481.467,
            "Bao recommended hint": "SET enable_mergejoin TO off; SET enable_indexscan TO off; "
        }
    },
    {
        "Plan": {
            "Node Type": "Aggregate",
            "Strategy": "Plain",
            "Partial Mode": "Finalize",
            "Parallel Aware": false,
            "Startup Cost": 348412.96,
            "Total Cost": 348412.97,
            "Plan Rows": 1,
            "Plan Width": 8,
            "Actual Startup Time": 841.396,
            "Actual Total Time": 873.975,
            "Actual Rows": 1,
            "Actual Loops": 1,
            "Output": [
                "count(*)"
            ],
            "Plans": [
                {
                    "Node Type": "Gather",
                    "Parent Relationship": "Outer",
                    "Parallel Aware": false,
                    "Startup Cost": 348412.34,
                    "Total Cost": 348412.95,
                    "Plan Rows": 6,
                    "Plan Width": 8,
                    "Actual Startup Time": 841.272,
                    "Actual Total Time": 873.966,
                    "Actual Rows": 7,
                    "Actual Loops": 1,
                    "Output": [
                        "(PARTIAL count(*))"
                    ],
                    "Workers Planned": 6,
                    "Workers Launched": 6,
                    "Single Copy": false,
                    "Plans": [
                        {
                            "Node Type": "Aggregate",
                            "Strategy": "Plain",
                            "Partial Mode": "Partial",
                            "Parent Relationship": "Outer",
                            "Parallel Aware": false,
                            "Startup Cost": 347412.34,
                            "Total Cost": 347412.35,
                            "Plan Rows": 1,
                            "Plan Width": 8,
                            "Actual Startup Time": 831.665,
                            "Actual Total Time": 831.666,
                            "Actual Rows": 1,
                            "Actual Loops": 7,
                            "Output": [
                                "PARTIAL count(*)"
                            ],
                            "Workers": [
                                {
                                    "Worker Number": 0,
                                    "Actual Startup Time": 829.743,
                                    "Actual Total Time": 829.745,
                                    "Actual Rows": 1,
                                    "Actual Loops": 1
                                },
                                {
                                    "Worker Number": 1,
                                    "Actual Startup Time": 829.923,
                                    "Actual Total Time": 829.924,
                                    "Actual Rows": 1,
                                    "Actual Loops": 1
                                },
                                {
                                    "Worker Number": 2,
                                    "Actual Startup Time": 829.919,
                                    "Actual Total Time": 829.921,
                                    "Actual Rows": 1,
                                    "Actual Loops": 1
                                },
                                {
                                    "Worker Number": 3,
                                    "Actual Startup Time": 830.047,
                                    "Actual Total Time": 830.048,
                                    "Actual Rows": 1,
                                    "Actual Loops": 1
                                },
                                {
                                    "Worker Number": 4,
                                    "Actual Startup Time": 830.652,
                                    "Actual Total Time": 830.653,
                                    "Actual Rows": 1,
                                    "Actual Loops": 1
                                },
                                {
                                    "Worker Number": 5,
                                    "Actual Startup Time": 830.959,
                                    "Actual Total Time": 830.961,
                                    "Actual Rows": 1,
                                    "Actual Loops": 1
                                }
                            ],
                            "Plans": [
                                {
                                    "Node Type": "Seq Scan",
                                    "Parent Relationship": "Outer",
                                    "Parallel Aware": true,
                                    "Relation Name": "cast_info",
                                    "Schema": "public",
                                    "Alias": "ci",
                                    "Startup Cost": 0.0,
                                    "Total Cost": 343318.94,
                                    "Plan Rows": 1637358,
                                    "Plan Width": 0,
                                    "Actual Startup Time": 134.771,
                                    "Actual Total Time": 776.662,
                                    "Actual Rows": 931493,
                                    "Actual Loops": 7,
                                    "Output": [
                                        "id",
                                        "person_id",
                                        "movie_id",
                                        "person_role_id",
                                        "note",
                                        "nr_order",
                                        "role_id"
                                    ],
                                    "Filter": "((ci.person_id > 837165) AND (ci.role_id = 1))",
                                    "Rows Removed by Filter": 4246270,
                                    "Workers": [
                                        {
                                            "Worker Number": 0,
                                            "Actual Startup Time": 132.856,
                                            "Actual Total Time": 775.762,
                                            "Actual Rows": 820284,
                                            "Actual Loops": 1
                                        },
                                        {
                                            "Worker Number": 1,
                                            "Actual Startup Time": 133.036,
                                            "Actual Total Time": 775.349,
                                            "Actual Rows": 825766,
                                            "Actual Loops": 1
                                        },
                                        {
                                            "Worker Number": 2,
                                            "Actual Startup Time": 133.016,
                                            "Actual Total Time": 775.593,
                                            "Actual Rows": 821255,
                                            "Actual Loops": 1
                                        },
                                        {
                                            "Worker Number": 3,
                                            "Actual Startup Time": 133.154,
                                            "Actual Total Time": 775.689,
                                            "Actual Rows": 823123,
                                            "Actual Loops": 1
                                        },
                                        {
                                            "Worker Number": 4,
                                            "Actual Startup Time": 133.762,
                                            "Actual Total Time": 776.163,
                                            "Actual Rows": 823442,
                                            "Actual Loops": 1
                                        },
                                        {
                                            "Worker Number": 5,
                                            "Actual Startup Time": 134.06,
                                            "Actual Total Time": 776.64,
                                            "Actual Rows": 819399,
                                            "Actual Loops": 1
                                        }
                                    ]
                                }
                            ]
                        }
                    ]
                }
            ]
        },
        "Planning Time": 1521.075,
        "Triggers": [],
        "Execution Time": 874.077
    }
]