[
  {
    "Plan": {
      "Node Type": "Aggregate",
      "Strategy": "Plain",
      "Partial Mode": "Simple",
      "Parallel Aware": false,
      "Startup Cost": 19249.55,
      "Total Cost": 19249.56,
      "Plan Rows": 1,
      "Plan Width": 8,
      "Actual Startup Time": 8.739,
      "Actual Total Time": 8.741,
      "Actual Rows": 1,
      "Actual Loops": 1,
      "Plans": [
        {
          "Node Type": "Bitmap Heap Scan",
          "Parent Relationship": "Outer",
          "Parallel Aware": false,
          "Relation Name": "movie_companies",
          "Alias": "mc",
          "Startup Cost": 335.15,
          "Total Cost": 19211.25,
          "Plan Rows": 15319,
          "Plan Width": 0,
          "Actual Startup Time": 1.336,
          "Actual Total Time": 7.073,
          "Actual Rows": 14421,
          "Actual Loops": 1,
          "Recheck Cond": "(company_id > 221369)",
          "Rows Removed by Index Recheck": 0,
          "Exact Heap Blocks": 640,
          "Lossy Heap Blocks": 0,
          "Plans": [
            {
              "Node Type": "Bitmap Index Scan",
              "Parent Relationship": "Outer",
              "Parallel Aware": false,
              "Index Name": "company_id_movie_companies",
              "Startup Cost": 0.0,
              "Total Cost": 331.32,
              "Plan Rows": 15319,
              "Plan Width": 0,
              "Actual Startup Time": 1.198,
              "Actual Total Time": 1.198,
              "Actual Rows": 14421,
              "Actual Loops": 1,
              "Index Cond": "(company_id > 221369)"
            }
          ]
        }
      ]
    },
    "Planning Time": 0.161,
    "Triggers": [],
    "Execution Time": 8.782
  }
]