[
  {
    "Plan": {
      "Node Type": "Aggregate",
      "Strategy": "Plain",
      "Partial Mode": "Finalize",
      "Parallel Aware": false,
      "Startup Cost": 32980.45,
      "Total Cost": 32980.46,
      "Plan Rows": 1,
      "Plan Width": 8,
      "Actual Startup Time": 90.832,
      "Actual Total Time": 100.089,
      "Actual Rows": 1,
      "Actual Loops": 1,
      "Plans": [
        {
          "Node Type": "Gather",
          "Parent Relationship": "Outer",
          "Parallel Aware": false,
          "Startup Cost": 32980.13,
          "Total Cost": 32980.44,
          "Plan Rows": 3,
          "Plan Width": 8,
          "Actual Startup Time": 90.579,
          "Actual Total Time": 100.08,
          "Actual Rows": 4,
          "Actual Loops": 1,
          "Workers Planned": 3,
          "Workers Launched": 3,
          "Single Copy": false,
          "Plans": [
            {
              "Node Type": "Aggregate",
              "Strategy": "Plain",
              "Partial Mode": "Partial",
              "Parent Relationship": "Outer",
              "Parallel Aware": false,
              "Startup Cost": 31980.13,
              "Total Cost": 31980.14,
              "Plan Rows": 1,
              "Plan Width": 8,
              "Actual Startup Time": 86.967,
              "Actual Total Time": 86.968,
              "Actual Rows": 1,
              "Actual Loops": 4,
              "Plans": [
                {
                  "Node Type": "Seq Scan",
                  "Parent Relationship": "Outer",
                  "Parallel Aware": true,
                  "Relation Name": "movie_companies",
                  "Alias": "mc",
                  "Startup Cost": 0.0,
                  "Total Cost": 31414.82,
                  "Plan Rows": 226126,
                  "Plan Width": 0,
                  "Actual Startup Time": 0.019,
                  "Actual Total Time": 75.022,
                  "Actual Rows": 245276,
                  "Actual Loops": 4,
                  "Filter": "((company_id < 12863) AND (company_type_id = 1))",
                  "Rows Removed by Filter": 407006
                }
              ]
            }
          ]
        }
      ]
    },
    "Planning Time": 0.113,
    "Triggers": [],
    "Execution Time": 100.12
  }
]