[
  {
    "Plan": {
      "Node Type": "Aggregate",
      "Strategy": "Plain",
      "Partial Mode": "Finalize",
      "Parallel Aware": false,
      "Startup Cost": 435940.44,
      "Total Cost": 435940.45,
      "Plan Rows": 1,
      "Plan Width": 8,
      "Actual Startup Time": 1042.637,
      "Actual Total Time": 1067.385,
      "Actual Rows": 1,
      "Actual Loops": 1,
      "Plans": [
        {
          "Node Type": "Gather",
          "Parent Relationship": "Outer",
          "Parallel Aware": false,
          "Startup Cost": 435939.82,
          "Total Cost": 435940.43,
          "Plan Rows": 6,
          "Plan Width": 8,
          "Actual Startup Time": 1033.667,
          "Actual Total Time": 1067.376,
          "Actual Rows": 7,
          "Actual Loops": 1,
          "Workers Planned": 6,
          "Workers Launched": 6,
          "Single Copy": false,
          "Plans": [
            {
              "Node Type": "Aggregate",
              "Strategy": "Plain",
              "Partial Mode": "Partial",
              "Parent Relationship": "Outer",
              "Parallel Aware": false,
              "Startup Cost": 434939.82,
              "Total Cost": 434939.83,
              "Plan Rows": 1,
              "Plan Width": 8,
              "Actual Startup Time": 1026.004,
              "Actual Total Time": 1026.067,
              "Actual Rows": 1,
              "Actual Loops": 7,
              "Plans": [
                {
                  "Node Type": "Hash Join",
                  "Parent Relationship": "Outer",
                  "Parallel Aware": true,
                  "Join Type": "Inner",
                  "Startup Cost": 82933.49,
                  "Total Cost": 433626.85,
                  "Plan Rows": 525188,
                  "Plan Width": 0,
                  "Actual Startup Time": 255.317,
                  "Actual Total Time": 999.631,
                  "Actual Rows": 542498,
                  "Actual Loops": 7,
                  "Inner Unique": false,
                  "Hash Cond": "(ci.movie_id = t.id)",
                  "Plans": [
                    {
                      "Node Type": "Index Scan",
                      "Parent Relationship": "Outer",
                      "Parallel Aware": true,
                      "Scan Direction": "Forward",
                      "Index Name": "role_id_cast_info",
                      "Relation Name": "cast_info",
                      "Alias": "ci",
                      "Startup Cost": 0.56,
                      "Total Cost": 342814.42,
                      "Plan Rows": 1751074,
                      "Plan Width": 4,
                      "Actual Startup Time": 0.176,
                      "Actual Total Time": 391.904,
                      "Actual Rows": 1810098,
                      "Actual Loops": 7,
                      "Index Cond": "(role_id < 2)",
                      "Rows Removed by Index Recheck": 0,
                      "Filter": "(person_id < 3016788)",
                      "Rows Removed by Filter": 0
                    },
                    {
                      "Node Type": "Hash",
                      "Parent Relationship": "Inner",
                      "Parallel Aware": true,
                      "Startup Cost": 80563.23,
                      "Total Cost": 80563.23,
                      "Plan Rows": 189576,
                      "Plan Width": 8,
                      "Actual Startup Time": 252.854,
                      "Actual Total Time": 252.915,
                      "Actual Rows": 67731,
                      "Actual Loops": 7,
                      "Hash Buckets": 1048576,
                      "Original Hash Buckets": 1048576,
                      "Hash Batches": 1,
                      "Original Hash Batches": 1,
                      "Peak Memory Usage": 26880,
                      "Plans": [
                        {
                          "Node Type": "Hash Join",
                          "Parent Relationship": "Outer",
                          "Parallel Aware": true,
                          "Join Type": "Inner",
                          "Startup Cost": 34472.49,
                          "Total Cost": 80563.23,
                          "Plan Rows": 189576,
                          "Plan Width": 8,
                          "Actual Startup Time": 93.002,
                          "Actual Total Time": 222.782,
                          "Actual Rows": 67731,
                          "Actual Loops": 7,
                          "Inner Unique": false,
                          "Hash Cond": "(t.id = mc.movie_id)",
                          "Plans": [
                            {
                              "Node Type": "Seq Scan",
                              "Parent Relationship": "Outer",
                              "Parallel Aware": true,
                              "Relation Name": "title",
                              "Alias": "t",
                              "Startup Cost": 0.0,
                              "Total Cost": 42318.81,
                              "Plan Rows": 632080,
                              "Plan Width": 4,
                              "Actual Startup Time": 0.013,
                              "Actual Total Time": 49.935,
                              "Actual Rows": 361187,
                              "Actual Loops": 7
                            },
                            {
                              "Node Type": "Hash",
                              "Parent Relationship": "Inner",
                              "Parallel Aware": true,
                              "Startup Cost": 31414.82,
                              "Total Cost": 31414.82,
                              "Plan Rows": 244614,
                              "Plan Width": 4,
                              "Actual Startup Time": 91.608,
                              "Actual Total Time": 91.609,
                              "Actual Rows": 67731,
                              "Actual Loops": 7,
                              "Hash Buckets": 1048576,
                              "Original Hash Buckets": 1048576,
                              "Hash Batches": 1,
                              "Original Hash Batches": 1,
                              "Peak Memory Usage": 26848,
                              "Plans": [
                                {
                                  "Node Type": "Seq Scan",
                                  "Parent Relationship": "Outer",
                                  "Parallel Aware": true,
                                  "Relation Name": "movie_companies",
                                  "Alias": "mc",
                                  "Startup Cost": 0.0,
                                  "Total Cost": 31414.82,
                                  "Plan Rows": 244614,
                                  "Plan Width": 4,
                                  "Actual Startup Time": 37.997,
                                  "Actual Total Time": 60.587,
                                  "Actual Rows": 67731,
                                  "Actual Loops": 7,
                                  "Filter": "((company_id < 13608) AND (company_type_id = 2))",
                                  "Rows Removed by Filter": 305002
                                }
                              ]
                            }
                          ]
                        }
                      ]
                    }
                  ]
                }
              ]
            }
          ]
        }
      ]
    },
    "Planning Time": 0.98,
    "Triggers": [],
    "Execution Time": 1067.458
  }
]