[
  {
    "Plan": {
      "Node Type": "Aggregate",
      "Strategy": "Plain",
      "Partial Mode": "Finalize",
      "Parallel Aware": false,
      "Startup Cost": 46952.05,
      "Total Cost": 46952.06,
      "Plan Rows": 1,
      "Plan Width": 8,
      "Actual Startup Time": 177.128,
      "Actual Total Time": 188.074,
      "Actual Rows": 1,
      "Actual Loops": 1,
      "Plans": [
        {
          "Node Type": "Gather",
          "Parent Relationship": "Outer",
          "Parallel Aware": false,
          "Startup Cost": 46951.74,
          "Total Cost": 46952.05,
          "Plan Rows": 3,
          "Plan Width": 8,
          "Actual Startup Time": 176.984,
          "Actual Total Time": 188.063,
          "Actual Rows": 4,
          "Actual Loops": 1,
          "Workers Planned": 3,
          "Workers Launched": 3,
          "Single Copy": false,
          "Plans": [
            {
              "Node Type": "Aggregate",
              "Strategy": "Plain",
              "Partial Mode": "Partial",
              "Parent Relationship": "Outer",
              "Parallel Aware": false,
              "Startup Cost": 45951.74,
              "Total Cost": 45951.75,
              "Plan Rows": 1,
              "Plan Width": 8,
              "Actual Startup Time": 170.464,
              "Actual Total Time": 170.465,
              "Actual Rows": 1,
              "Actual Loops": 4,
              "Plans": [
                {
                  "Node Type": "Seq Scan",
                  "Parent Relationship": "Outer",
                  "Parallel Aware": true,
                  "Relation Name": "movie_keyword",
                  "Alias": "mk",
                  "Startup Cost": 0.0,
                  "Total Cost": 42695.65,
                  "Plan Rows": 1302433,
                  "Plan Width": 0,
                  "Actual Startup Time": 0.046,
                  "Actual Total Time": 123.435,
                  "Actual Rows": 1010009,
                  "Actual Loops": 4,
                  "Filter": "(keyword_id < 37074)",
                  "Rows Removed by Filter": 120973
                }
              ]
            }
          ]
        }
      ]
    },
    "Planning Time": 0.093,
    "Triggers": [],
    "Execution Time": 188.104
  }
]