[
  {
    "Plan": {
      "Node Type": "Aggregate",
      "Strategy": "Plain",
      "Partial Mode": "Finalize",
      "Parallel Aware": false,
      "Startup Cost": 298256.43,
      "Total Cost": 298256.44,
      "Plan Rows": 1,
      "Plan Width": 8,
      "Actual Startup Time": 1244.196,
      "Actual Total Time": 1294.474,
      "Actual Rows": 1,
      "Actual Loops": 1,
      "Plans": [
        {
          "Node Type": "Gather",
          "Parent Relationship": "Outer",
          "Parallel Aware": false,
          "Startup Cost": 298255.91,
          "Total Cost": 298256.42,
          "Plan Rows": 5,
          "Plan Width": 8,
          "Actual Startup Time": 1240.357,
          "Actual Total Time": 1294.461,
          "Actual Rows": 6,
          "Actual Loops": 1,
          "Workers Planned": 5,
          "Workers Launched": 5,
          "Single Copy": false,
          "Plans": [
            {
              "Node Type": "Aggregate",
              "Strategy": "Plain",
              "Partial Mode": "Partial",
              "Parent Relationship": "Outer",
              "Parallel Aware": false,
              "Startup Cost": 297255.91,
              "Total Cost": 297255.92,
              "Plan Rows": 1,
              "Plan Width": 8,
              "Actual Startup Time": 1230.061,
              "Actual Total Time": 1230.137,
              "Actual Rows": 1,
              "Actual Loops": 6,
              "Plans": [
                {
                  "Node Type": "Hash Join",
                  "Parent Relationship": "Outer",
                  "Parallel Aware": true,
                  "Join Type": "Inner",
                  "Startup Cost": 84163.61,
                  "Total Cost": 294958.38,
                  "Plan Rows": 919013,
                  "Plan Width": 0,
                  "Actual Startup Time": 344.252,
                  "Actual Total Time": 1174.114,
                  "Actual Rows": 1208061,
                  "Actual Loops": 6,
                  "Inner Unique": false,
                  "Hash Cond": "(mi.movie_id = t.id)",
                  "Plans": [
                    {
                      "Node Type": "Seq Scan",
                      "Parent Relationship": "Outer",
                      "Parallel Aware": true,
                      "Relation Name": "movie_info",
                      "Alias": "mi",
                      "Startup Cost": 0.0,
                      "Total Cost": 198952.16,
                      "Plan Rows": 2545353,
                      "Plan Width": 4,
                      "Actual Startup Time": 0.021,
                      "Actual Total Time": 370.897,
                      "Actual Rows": 2124109,
                      "Actual Loops": 6,
                      "Filter": "(info_type_id > 2)",
                      "Rows Removed by Filter": 348511
                    },
                    {
                      "Node Type": "Hash",
                      "Parent Relationship": "Inner",
                      "Parallel Aware": true,
                      "Startup Cost": 81310.95,
                      "Total Cost": 81310.95,
                      "Plan Rows": 228213,
                      "Plan Width": 8,
                      "Actual Startup Time": 339.61,
                      "Actual Total Time": 339.685,
                      "Actual Rows": 98546,
                      "Actual Loops": 6,
                      "Hash Buckets": 1048576,
                      "Original Hash Buckets": 1048576,
                      "Hash Batches": 1,
                      "Original Hash Batches": 1,
                      "Peak Memory Usage": 31424,
                      "Plans": [
                        {
                          "Node Type": "Hash Join",
                          "Parent Relationship": "Outer",
                          "Parallel Aware": true,
                          "Join Type": "Inner",
                          "Startup Cost": 35095.68,
                          "Total Cost": 81310.95,
                          "Plan Rows": 228213,
                          "Plan Width": 8,
                          "Actual Startup Time": 116.275,
                          "Actual Total Time": 296.89,
                          "Actual Rows": 98546,
                          "Actual Loops": 6,
                          "Inner Unique": false,
                          "Hash Cond": "(t.id = mc.movie_id)",
                          "Plans": [
                            {
                              "Node Type": "Seq Scan",
                              "Parent Relationship": "Outer",
                              "Parallel Aware": true,
                              "Relation Name": "title",
                              "Alias": "t",
                              "Startup Cost": 0.0,
                              "Total Cost": 42318.73,
                              "Plan Rows": 632073,
                              "Plan Width": 4,
                              "Actual Startup Time": 0.011,
                              "Actual Total Time": 63.653,
                              "Actual Rows": 421385,
                              "Actual Loops": 6
                            },
                            {
                              "Node Type": "Hash",
                              "Parent Relationship": "Inner",
                              "Parallel Aware": true,
                              "Startup Cost": 31414.82,
                              "Total Cost": 31414.82,
                              "Plan Rows": 294469,
                              "Plan Width": 4,
                              "Actual Startup Time": 114.463,
                              "Actual Total Time": 114.464,
                              "Actual Rows": 98546,
                              "Actual Loops": 6,
                              "Hash Buckets": 1048576,
                              "Original Hash Buckets": 1048576,
                              "Hash Batches": 1,
                              "Original Hash Batches": 1,
                              "Peak Memory Usage": 31424,
                              "Plans": [
                                {
                                  "Node Type": "Seq Scan",
                                  "Parent Relationship": "Outer",
                                  "Parallel Aware": true,
                                  "Relation Name": "movie_companies",
                                  "Alias": "mc",
                                  "Startup Cost": 0.0,
                                  "Total Cost": 31414.82,
                                  "Plan Rows": 294469,
                                  "Plan Width": 4,
                                  "Actual Startup Time": 42.739,
                                  "Actual Total Time": 71.226,
                                  "Actual Rows": 98546,
                                  "Actual Loops": 6,
                                  "Filter": "((company_id < 27836) AND (company_type_id > 1))",
                                  "Rows Removed by Filter": 336309
                                }
                              ]
                            }
                          ]
                        }
                      ]
                    }
                  ]
                }
              ]
            }
          ]
        }
      ]
    },
    "Planning Time": 1.485,
    "Triggers": [],
    "Execution Time": 1294.572
  }
]