{
  "Plan": {
    "Node Type": "Aggregate",
    "Strategy": "Plain",
    "Partial Mode": "Simple",
    "Parallel Aware": false,
    "Startup Cost": 7461.19,
    "Total Cost": 7461.2,
    "Plan Rows": 1,
    "Plan Width": 96,
    "Actual Startup Time": 688.298,
    "Actual Total Time": 688.307,
    "Actual Rows": 1,
    "Actual Loops": 1,
    "Plans": [
      {
        "Node Type": "Nested Loop",
        "Parent Relationship": "Outer",
        "Parallel Aware": false,
        "Join Type": "Inner",
        "Startup Cost": 19.02,
        "Total Cost": 7461.18,
        "Plan Rows": 1,
        "Plan Width": 42,
        "Actual Startup Time": 9.997,
        "Actual Total Time": 681.219,
        "Actual Rows": 46281,
        "Actual Loops": 1,
        "Inner Unique": true,
        "Plans": [
          {
            "Node Type": "Nested Loop",
            "Parent Relationship": "Outer",
            "Parallel Aware": false,
            "Join Type": "Inner",
            "Startup Cost": 18.6,
            "Total Cost": 7460.73,
            "Plan Rows": 1,
            "Plan Width": 27,
            "Actual Startup Time": 9.036,
            "Actual Total Time": 556.82,
            "Actual Rows": 64848,
            "Actual Loops": 1,
            "Inner Unique": true,
            "Plans": [
              {
                "Node Type": "Nested Loop",
                "Parent Relationship": "Outer",
                "Parallel Aware": false,
                "Join Type": "Inner",
                "Startup Cost": 18.47,
                "Total Cost": 7460.58,
                "Plan Rows": 1,
                "Plan Width": 31,
                "Actual Startup Time": 9.026,
                "Actual Total Time": 507.171,
                "Actual Rows": 64848,
                "Actual Loops": 1,
                "Inner Unique": false,
                "Join Filter": "(t.id = mc.movie_id)",
                "Rows Removed by Join Filter": 0,
                "Plans": [
                  {
                    "Node Type": "Hash Join",
                    "Parent Relationship": "Outer",
                    "Parallel Aware": false,
                    "Join Type": "Inner",
                    "Startup Cost": 18.04,
                    "Total Cost": 7459.98,
                    "Plan Rows": 1,
                    "Plan Width": 39,
                    "Actual Startup Time": 9.01,
                    "Actual Total Time": 457.979,
                    "Actual Rows": 4115,
                    "Actual Loops": 1,
                    "Inner Unique": true,
                    "Hash Cond": "(mi.info_type_id = it1.id)",
                    "Plans": [
                      {
                        "Node Type": "Nested Loop",
                        "Parent Relationship": "Outer",
                        "Parallel Aware": false,
                        "Join Type": "Inner",
                        "Startup Cost": 15.61,
                        "Total Cost": 7457.55,
                        "Plan Rows": 1,
                        "Plan Width": 43,
                        "Actual Startup Time": 8.943,
                        "Actual Total Time": 456.783,
                        "Actual Rows": 4709,
                        "Actual Loops": 1,
                        "Inner Unique": false,
                        "Join Filter": "(t.id = mi.movie_id)",
                        "Rows Removed by Join Filter": 0,
                        "Plans": [
                          {
                            "Node Type": "Hash Join",
                            "Parent Relationship": "Outer",
                            "Parallel Aware": false,
                            "Join Type": "Inner",
                            "Startup Cost": 15.18,
                            "Total Cost": 7455.67,
                            "Plan Rows": 1,
                            "Plan Width": 35,
                            "Actual Startup Time": 8.891,
                            "Actual Total Time": 219.245,
                            "Actual Rows": 5949,
                            "Actual Loops": 1,
                            "Inner Unique": true,
                            "Hash Cond": "(mi_idx.info_type_id = it2.id)",
                            "Plans": [
                              {
                                "Node Type": "Nested Loop",
                                "Parent Relationship": "Outer",
                                "Parallel Aware": false,
                                "Join Type": "Inner",
                                "Startup Cost": 12.75,
                                "Total Cost": 7453.22,
                                "Plan Rows": 8,
                                "Plan Width": 39,
                                "Actual Startup Time": 8.837,
                                "Actual Total Time": 217.081,
                                "Actual Rows": 17788,
                                "Actual Loops": 1,
                                "Inner Unique": false,
                                "Join Filter": "(t.id = mi_idx.movie_id)",
                                "Rows Removed by Join Filter": 0,
                                "Plans": [
                                  {
                                    "Node Type": "Hash Join",
                                    "Parent Relationship": "Outer",
                                    "Parallel Aware": false,
                                    "Join Type": "Inner",
                                    "Startup Cost": 12.32,
                                    "Total Cost": 7444.62,
                                    "Plan Rows": 16,
                                    "Plan Width": 25,
                                    "Actual Startup Time": 8.813,
                                    "Actual Total Time": 182.489,
                                    "Actual Rows": 8073,
                                    "Actual Loops": 1,
                                    "Inner Unique": true,
                                    "Hash Cond": "(t.kind_id = kt.id)",
                                    "Plans": [
                                      {
                                        "Node Type": "Nested Loop",
                                        "Parent Relationship": "Outer",
                                        "Parallel Aware": false,
                                        "Join Type": "Inner",
                                        "Startup Cost": 11.21,
                                        "Total Cost": 7443.27,
                                        "Plan Rows": 55,
                                        "Plan Width": 29,
                                        "Actual Startup Time": 8.745,
                                        "Actual Total Time": 180.375,
                                        "Actual Rows": 9739,
                                        "Actual Loops": 1,
                                        "Inner Unique": true,
                                        "Plans": [
                                          {
                                            "Node Type": "Nested Loop",
                                            "Parent Relationship": "Outer",
                                            "Parallel Aware": false,
                                            "Join Type": "Inner",
                                            "Startup Cost": 10.78,
                                            "Total Cost": 7377.15,
                                            "Plan Rows": 135,
                                            "Plan Width": 4,
                                            "Actual Startup Time": 8.716,
                                            "Actual Total Time": 70.679,
                                            "Actual Rows": 37091,
                                            "Actual Loops": 1,
                                            "Inner Unique": false,
                                            "Plans": [
                                              {
                                                "Node Type": "Seq Scan",
                                                "Parent Relationship": "Outer",
                                                "Parallel Aware": false,
                                                "Relation Name": "keyword",
                                                "Alias": "k",
                                                "Startup Cost": 0.0,
                                                "Total Cost": 2961.55,
                                                "Plan Rows": 4,
                                                "Plan Width": 4,
                                                "Actual Startup Time": 2.516,
                                                "Actual Total Time": 16.219,
                                                "Actual Rows": 3,
                                                "Actual Loops": 1,
                                                "Filter": "(keyword = ANY ('{murder,murder-in-title,blood,violence}'::text[]))",
                                                "Rows Removed by Filter": 134167
                                              },
                                              {
                                                "Node Type": "Bitmap Heap Scan",
                                                "Parent Relationship": "Inner",
                                                "Parallel Aware": false,
                                                "Relation Name": "movie_keyword",
                                                "Alias": "mk",
                                                "Startup Cost": 10.78,
                                                "Total Cost": 1100.87,
                                                "Plan Rows": 303,
                                                "Plan Width": 8,
                                                "Actual Startup Time": 3.435,
                                                "Actual Total Time": 17.076,
                                                "Actual Rows": 12364,
                                                "Actual Loops": 3,
                                                "Recheck Cond": "(keyword_id = k.id)",
                                                "Rows Removed by Index Recheck": 0,
                                                "Exact Heap Blocks": 26312,
                                                "Lossy Heap Blocks": 0,
                                                "Plans": [
                                                  {
                                                    "Node Type": "Bitmap Index Scan",
                                                    "Parent Relationship": "Outer",
                                                    "Parallel Aware": false,
                                                    "Index Name": "keyword_id_movie_keyword",
                                                    "Startup Cost": 0.0,
                                                    "Total Cost": 10.71,
                                                    "Plan Rows": 303,
                                                    "Plan Width": 0,
                                                    "Actual Startup Time": 1.814,
                                                    "Actual Total Time": 1.814,
                                                    "Actual Rows": 12364,
                                                    "Actual Loops": 3,
                                                    "Index Cond": "(keyword_id = k.id)"
                                                  }
                                                ]
                                              }
                                            ]
                                          },
                                          {
                                            "Node Type": "Index Scan",
                                            "Parent Relationship": "Inner",
                                            "Parallel Aware": false,
                                            "Scan Direction": "Forward",
                                            "Index Name": "title_pkey",
                                            "Relation Name": "title",
                                            "Alias": "t",
                                            "Startup Cost": 0.43,
                                            "Total Cost": 0.49,
                                            "Plan Rows": 1,
                                            "Plan Width": 25,
                                            "Actual Startup Time": 0.003,
                                            "Actual Total Time": 0.003,
                                            "Actual Rows": 0,
                                            "Actual Loops": 37091,
                                            "Index Cond": "(id = mk.movie_id)",
                                            "Rows Removed by Index Recheck": 0,
                                            "Filter": "(production_year > 2005)",
                                            "Rows Removed by Filter": 1
                                          }
                                        ]
                                      },
                                      {
                                        "Node Type": "Hash",
                                        "Parent Relationship": "Inner",
                                        "Parallel Aware": false,
                                        "Startup Cost": 1.09,
                                        "Total Cost": 1.09,
                                        "Plan Rows": 2,
                                        "Plan Width": 4,
                                        "Actual Startup Time": 0.022,
                                        "Actual Total Time": 0.023,
                                        "Actual Rows": 2,
                                        "Actual Loops": 1,
                                        "Hash Buckets": 1024,
                                        "Original Hash Buckets": 1024,
                                        "Hash Batches": 1,
                                        "Original Hash Batches": 1,
                                        "Peak Memory Usage": 9,
                                        "Plans": [
                                          {
                                            "Node Type": "Seq Scan",
                                            "Parent Relationship": "Outer",
                                            "Parallel Aware": false,
                                            "Relation Name": "kind_type",
                                            "Alias": "kt",
                                            "Startup Cost": 0.0,
                                            "Total Cost": 1.09,
                                            "Plan Rows": 2,
                                            "Plan Width": 4,
                                            "Actual Startup Time": 0.014,
                                            "Actual Total Time": 0.019,
                                            "Actual Rows": 2,
                                            "Actual Loops": 1,
                                            "Filter": "((kind)::text = ANY ('{movie,episode}'::text[]))",
                                            "Rows Removed by Filter": 5
                                          }
                                        ]
                                      }
                                    ]
                                  },
                                  {
                                    "Node Type": "Index Scan",
                                    "Parent Relationship": "Inner",
                                    "Parallel Aware": false,
                                    "Scan Direction": "Forward",
                                    "Index Name": "movie_id_movie_info_idx",
                                    "Relation Name": "movie_info_idx",
                                    "Alias": "mi_idx",
                                    "Startup Cost": 0.43,
                                    "Total Cost": 0.5,
                                    "Plan Rows": 3,
                                    "Plan Width": 14,
                                    "Actual Startup Time": 0.003,
                                    "Actual Total Time": 0.004,
                                    "Actual Rows": 2,
                                    "Actual Loops": 8073,
                                    "Index Cond": "(movie_id = mk.movie_id)",
                                    "Rows Removed by Index Recheck": 0,
                                    "Filter": "(info < '8.5'::text)",
                                    "Rows Removed by Filter": 0
                                  }
                                ]
                              },
                              {
                                "Node Type": "Hash",
                                "Parent Relationship": "Inner",
                                "Parallel Aware": false,
                                "Startup Cost": 2.41,
                                "Total Cost": 2.41,
                                "Plan Rows": 1,
                                "Plan Width": 4,
                                "Actual Startup Time": 0.041,
                                "Actual Total Time": 0.042,
                                "Actual Rows": 1,
                                "Actual Loops": 1,
                                "Hash Buckets": 1024,
                                "Original Hash Buckets": 1024,
                                "Hash Batches": 1,
                                "Original Hash Batches": 1,
                                "Peak Memory Usage": 9,
                                "Plans": [
                                  {
                                    "Node Type": "Seq Scan",
                                    "Parent Relationship": "Outer",
                                    "Parallel Aware": false,
                                    "Relation Name": "info_type",
                                    "Alias": "it2",
                                    "Startup Cost": 0.0,
                                    "Total Cost": 2.41,
                                    "Plan Rows": 1,
                                    "Plan Width": 4,
                                    "Actual Startup Time": 0.034,
                                    "Actual Total Time": 0.038,
                                    "Actual Rows": 1,
                                    "Actual Loops": 1,
                                    "Filter": "((info)::text = 'rating'::text)",
                                    "Rows Removed by Filter": 112
                                  }
                                ]
                              }
                            ]
                          },
                          {
                            "Node Type": "Index Scan",
                            "Parent Relationship": "Inner",
                            "Parallel Aware": false,
                            "Scan Direction": "Forward",
                            "Index Name": "movie_id_movie_info",
                            "Relation Name": "movie_info",
                            "Alias": "mi",
                            "Startup Cost": 0.43,
                            "Total Cost": 1.86,
                            "Plan Rows": 2,
                            "Plan Width": 8,
                            "Actual Startup Time": 0.034,
                            "Actual Total Time": 0.04,
                            "Actual Rows": 1,
                            "Actual Loops": 5949,
                            "Index Cond": "(movie_id = mk.movie_id)",
                            "Rows Removed by Index Recheck": 0,
                            "Filter": "(info = ANY ('{Sweden,Norway,Germany,Denmark,Swedish,Danish,Norwegian,German,USA,American}'::text[]))",
                            "Rows Removed by Filter": 71
                          }
                        ]
                      },
                      {
                        "Node Type": "Hash",
                        "Parent Relationship": "Inner",
                        "Parallel Aware": false,
                        "Startup Cost": 2.41,
                        "Total Cost": 2.41,
                        "Plan Rows": 1,
                        "Plan Width": 4,
                        "Actual Startup Time": 0.055,
                        "Actual Total Time": 0.055,
                        "Actual Rows": 1,
                        "Actual Loops": 1,
                        "Hash Buckets": 1024,
                        "Original Hash Buckets": 1024,
                        "Hash Batches": 1,
                        "Original Hash Batches": 1,
                        "Peak Memory Usage": 9,
                        "Plans": [
                          {
                            "Node Type": "Seq Scan",
                            "Parent Relationship": "Outer",
                            "Parallel Aware": false,
                            "Relation Name": "info_type",
                            "Alias": "it1",
                            "Startup Cost": 0.0,
                            "Total Cost": 2.41,
                            "Plan Rows": 1,
                            "Plan Width": 4,
                            "Actual Startup Time": 0.028,
                            "Actual Total Time": 0.048,
                            "Actual Rows": 1,
                            "Actual Loops": 1,
                            "Filter": "((info)::text = 'countries'::text)",
                            "Rows Removed by Filter": 112
                          }
                        ]
                      }
                    ]
                  },
                  {
                    "Node Type": "Index Scan",
                    "Parent Relationship": "Inner",
                    "Parallel Aware": false,
                    "Scan Direction": "Forward",
                    "Index Name": "movie_id_movie_companies",
                    "Relation Name": "movie_companies",
                    "Alias": "mc",
                    "Startup Cost": 0.43,
                    "Total Cost": 0.54,
                    "Plan Rows": 5,
                    "Plan Width": 12,
                    "Actual Startup Time": 0.006,
                    "Actual Total Time": 0.01,
                    "Actual Rows": 16,
                    "Actual Loops": 4115,
                    "Index Cond": "(movie_id = mk.movie_id)",
                    "Rows Removed by Index Recheck": 0
                  }
                ]
              },
              {
                "Node Type": "Index Only Scan",
                "Parent Relationship": "Inner",
                "Parallel Aware": false,
                "Scan Direction": "Forward",
                "Index Name": "company_type_pkey",
                "Relation Name": "company_type",
                "Alias": "ct",
                "Startup Cost": 0.13,
                "Total Cost": 0.15,
                "Plan Rows": 1,
                "Plan Width": 4,
                "Actual Startup Time": 0.001,
                "Actual Total Time": 0.001,
                "Actual Rows": 1,
                "Actual Loops": 64848,
                "Index Cond": "(id = mc.company_type_id)",
                "Rows Removed by Index Recheck": 0,
                "Heap Fetches": 64848
              }
            ]
          },
          {
            "Node Type": "Index Scan",
            "Parent Relationship": "Inner",
            "Parallel Aware": false,
            "Scan Direction": "Forward",
            "Index Name": "company_name_pkey",
            "Relation Name": "company_name",
            "Alias": "cn",
            "Startup Cost": 0.42,
            "Total Cost": 0.45,
            "Plan Rows": 1,
            "Plan Width": 23,
            "Actual Startup Time": 0.002,
            "Actual Total Time": 0.002,
            "Actual Rows": 1,
            "Actual Loops": 64848,
            "Index Cond": "(id = mc.company_id)",
            "Rows Removed by Index Recheck": 0,
            "Filter": "((country_code)::text <> '[us]'::text)",
            "Rows Removed by Filter": 0
          }
        ]
      }
    ]
  },
  "Planning Time": 3.392,
  "Triggers": [],
  "Execution Time": 688.501
}