{
  "Plan": {
    "Node Type": "Aggregate",
    "Strategy": "Plain",
    "Partial Mode": "Finalize",
    "Parallel Aware": false,
    "Startup Cost": 534978.82,
    "Total Cost": 534978.83,
    "Plan Rows": 1,
    "Plan Width": 8,
    "Actual Startup Time": 1955.21,
    "Actual Total Time": 1989.539,
    "Actual Rows": 1,
    "Actual Loops": 1,
    "Plans": [
      {
        "Node Type": "Gather",
        "Parent Relationship": "Outer",
        "Parallel Aware": false,
        "Startup Cost": 534978.71,
        "Total Cost": 534978.82,
        "Plan Rows": 1,
        "Plan Width": 8,
        "Actual Startup Time": 1949.847,
        "Actual Total Time": 1989.532,
        "Actual Rows": 2,
        "Actual Loops": 1,
        "Workers Planned": 1,
        "Workers Launched": 1,
        "Single Copy": false,
        "Plans": [
          {
            "Node Type": "Aggregate",
            "Strategy": "Plain",
            "Partial Mode": "Partial",
            "Parent Relationship": "Outer",
            "Parallel Aware": false,
            "Startup Cost": 533978.71,
            "Total Cost": 533978.72,
            "Plan Rows": 1,
            "Plan Width": 8,
            "Actual Startup Time": 1937.077,
            "Actual Total Time": 1937.081,
            "Actual Rows": 1,
            "Actual Loops": 2,
            "Plans": [
              {
                "Node Type": "Hash Join",
                "Parent Relationship": "Outer",
                "Parallel Aware": true,
                "Join Type": "Inner",
                "Startup Cost": 214142.65,
                "Total Cost": 529593.77,
                "Plan Rows": 1753974,
                "Plan Width": 0,
                "Actual Startup Time": 1251.963,
                "Actual Total Time": 1888.53,
                "Actual Rows": 950164,
                "Actual Loops": 2,
                "Inner Unique": true,
                "Hash Cond": "(ci.movie_id = t.id)",
                "Plans": [
                  {
                    "Node Type": "Bitmap Heap Scan",
                    "Parent Relationship": "Outer",
                    "Parallel Aware": true,
                    "Relation Name": "cast_info",
                    "Alias": "ci",
                    "Startup Cost": 144681.95,
                    "Total Cost": 455528.88,
                    "Plan Rows": 1753974,
                    "Plan Width": 4,
                    "Actual Startup Time": 648.124,
                    "Actual Total Time": 836.988,
                    "Actual Rows": 950164,
                    "Actual Loops": 2,
                    "Recheck Cond": "(person_id < 656527)",
                    "Rows Removed by Index Recheck": 0,
                    "Filter": "(role_id > 2)",
                    "Rows Removed by Filter": 2446648,
                    "Exact Heap Blocks": 43308,
                    "Lossy Heap Blocks": 0,
                    "Plans": [
                      {
                        "Node Type": "Bitmap Index Scan",
                        "Parent Relationship": "Outer",
                        "Parallel Aware": false,
                        "Index Name": "person_id_cast_info",
                        "Startup Cost": 0.0,
                        "Total Cost": 143936.51,
                        "Plan Rows": 6591459,
                        "Plan Width": 0,
                        "Actual Startup Time": 359.826,
                        "Actual Total Time": 359.827,
                        "Actual Rows": 6793624,
                        "Actual Loops": 1,
                        "Index Cond": "(person_id < 656527)"
                      }
                    ]
                  },
                  {
                    "Node Type": "Hash",
                    "Parent Relationship": "Inner",
                    "Parallel Aware": true,
                    "Startup Cost": 50870.31,
                    "Total Cost": 50870.31,
                    "Plan Rows": 1487231,
                    "Plan Width": 4,
                    "Actual Startup Time": 581.898,
                    "Actual Total Time": 581.898,
                    "Actual Rows": 1264156,
                    "Actual Loops": 2,
                    "Hash Buckets": 4194304,
                    "Original Hash Buckets": 4194304,
                    "Hash Batches": 1,
                    "Original Hash Batches": 1,
                    "Peak Memory Usage": 131712,
                    "Plans": [
                      {
                        "Node Type": "Seq Scan",
                        "Parent Relationship": "Outer",
                        "Parallel Aware": true,
                        "Relation Name": "title",
                        "Alias": "t",
                        "Startup Cost": 0.0,
                        "Total Cost": 50870.31,
                        "Plan Rows": 1487231,
                        "Plan Width": 4,
                        "Actual Startup Time": 0.02,
                        "Actual Total Time": 177.551,
                        "Actual Rows": 1264156,
                        "Actual Loops": 2
                      }
                    ]
                  }
                ]
              }
            ]
          }
        ]
      }
    ]
  },
  "Planning Time": 0.727,
  "Triggers": [],
  "Execution Time": 1989.635
}