[
  {
    "Plan": {
      "Node Type": "Aggregate",
      "Strategy": "Plain",
      "Partial Mode": "Finalize",
      "Parallel Aware": false,
      "Startup Cost": 26677.13,
      "Total Cost": 26677.14,
      "Plan Rows": 1,
      "Plan Width": 8,
      "Actual Startup Time": 66.849,
      "Actual Total Time": 69.502,
      "Actual Rows": 1,
      "Actual Loops": 1,
      "Plans": [
        {
          "Node Type": "Gather",
          "Parent Relationship": "Outer",
          "Parallel Aware": false,
          "Startup Cost": 26676.81,
          "Total Cost": 26677.12,
          "Plan Rows": 3,
          "Plan Width": 8,
          "Actual Startup Time": 66.731,
          "Actual Total Time": 69.494,
          "Actual Rows": 4,
          "Actual Loops": 1,
          "Workers Planned": 3,
          "Workers Launched": 3,
          "Single Copy": false,
          "Plans": [
            {
              "Node Type": "Aggregate",
              "Strategy": "Plain",
              "Partial Mode": "Partial",
              "Parent Relationship": "Outer",
              "Parallel Aware": false,
              "Startup Cost": 25676.81,
              "Total Cost": 25676.82,
              "Plan Rows": 1,
              "Plan Width": 8,
              "Actual Startup Time": 61.353,
              "Actual Total Time": 61.354,
              "Actual Rows": 1,
              "Actual Loops": 4,
              "Plans": [
                {
                  "Node Type": "Bitmap Heap Scan",
                  "Parent Relationship": "Outer",
                  "Parallel Aware": true,
                  "Relation Name": "movie_companies",
                  "Alias": "mc",
                  "Startup Cost": 5629.78,
                  "Total Cost": 25467.31,
                  "Plan Rows": 83802,
                  "Plan Width": 0,
                  "Actual Startup Time": 27.789,
                  "Actual Total Time": 56.27,
                  "Actual Rows": 64473,
                  "Actual Loops": 4,
                  "Recheck Cond": "(company_id > 99779)",
                  "Rows Removed by Index Recheck": 0,
                  "Exact Heap Blocks": 2616,
                  "Lossy Heap Blocks": 0,
                  "Plans": [
                    {
                      "Node Type": "Bitmap Index Scan",
                      "Parent Relationship": "Outer",
                      "Parallel Aware": false,
                      "Index Name": "company_id_movie_companies",
                      "Startup Cost": 0.0,
                      "Total Cost": 5564.83,
                      "Plan Rows": 259787,
                      "Plan Width": 0,
                      "Actual Startup Time": 31.128,
                      "Actual Total Time": 31.128,
                      "Actual Rows": 257893,
                      "Actual Loops": 1,
                      "Index Cond": "(company_id > 99779)"
                    }
                  ]
                }
              ]
            }
          ]
        }
      ]
    },
    "Planning Time": 0.196,
    "Triggers": [],
    "Execution Time": 69.576
  }
]