[
  {
    "Plan": {
      "Node Type": "Aggregate",
      "Strategy": "Plain",
      "Partial Mode": "Finalize",
      "Parallel Aware": false,
      "Startup Cost": 333941.46,
      "Total Cost": 333941.47,
      "Plan Rows": 1,
      "Plan Width": 8,
      "Actual Startup Time": 697.904,
      "Actual Total Time": 746.499,
      "Actual Rows": 1,
      "Actual Loops": 1,
      "Plans": [
        {
          "Node Type": "Gather",
          "Parent Relationship": "Outer",
          "Parallel Aware": false,
          "Startup Cost": 333940.84,
          "Total Cost": 333941.45,
          "Plan Rows": 6,
          "Plan Width": 8,
          "Actual Startup Time": 697.706,
          "Actual Total Time": 746.486,
          "Actual Rows": 7,
          "Actual Loops": 1,
          "Workers Planned": 6,
          "Workers Launched": 6,
          "Single Copy": false,
          "Plans": [
            {
              "Node Type": "Aggregate",
              "Strategy": "Plain",
              "Partial Mode": "Partial",
              "Parent Relationship": "Outer",
              "Parallel Aware": false,
              "Startup Cost": 332940.84,
              "Total Cost": 332940.85,
              "Plan Rows": 1,
              "Plan Width": 8,
              "Actual Startup Time": 687.255,
              "Actual Total Time": 687.256,
              "Actual Rows": 1,
              "Actual Loops": 7,
              "Plans": [
                {
                  "Node Type": "Seq Scan",
                  "Parent Relationship": "Outer",
                  "Parallel Aware": true,
                  "Relation Name": "cast_info",
                  "Alias": "ci",
                  "Startup Cost": 0.0,
                  "Total Cost": 328211.39,
                  "Plan Rows": 1891779,
                  "Plan Width": 0,
                  "Actual Startup Time": 0.068,
                  "Actual Total Time": 598.283,
                  "Actual Rows": 1633744,
                  "Actual Loops": 7,
                  "Filter": "(person_id < 1123694)",
                  "Rows Removed by Filter": 3544019
                }
              ]
            }
          ]
        }
      ]
    },
    "Planning Time": 0.205,
    "Triggers": [],
    "Execution Time": 746.57
  }
]