[
  {
    "Plan": {
      "Node Type": "Aggregate",
      "Strategy": "Plain",
      "Partial Mode": "Finalize",
      "Parallel Aware": false,
      "Startup Cost": 28185.03,
      "Total Cost": 28185.04,
      "Plan Rows": 1,
      "Plan Width": 8,
      "Actual Startup Time": 155.96,
      "Actual Total Time": 159.926,
      "Actual Rows": 1,
      "Actual Loops": 1,
      "Plans": [
        {
          "Node Type": "Gather",
          "Parent Relationship": "Outer",
          "Parallel Aware": false,
          "Startup Cost": 28184.71,
          "Total Cost": 28185.02,
          "Plan Rows": 3,
          "Plan Width": 8,
          "Actual Startup Time": 155.805,
          "Actual Total Time": 159.92,
          "Actual Rows": 4,
          "Actual Loops": 1,
          "Workers Planned": 3,
          "Workers Launched": 3,
          "Single Copy": false,
          "Plans": [
            {
              "Node Type": "Aggregate",
              "Strategy": "Plain",
              "Partial Mode": "Partial",
              "Parent Relationship": "Outer",
              "Parallel Aware": false,
              "Startup Cost": 27184.71,
              "Total Cost": 27184.72,
              "Plan Rows": 1,
              "Plan Width": 8,
              "Actual Startup Time": 146.899,
              "Actual Total Time": 146.901,
              "Actual Rows": 1,
              "Actual Loops": 4,
              "Plans": [
                {
                  "Node Type": "Bitmap Heap Scan",
                  "Parent Relationship": "Outer",
                  "Parallel Aware": true,
                  "Relation Name": "movie_companies",
                  "Alias": "mc",
                  "Startup Cost": 6862.51,
                  "Total Cost": 26929.34,
                  "Plan Rows": 102147,
                  "Plan Width": 0,
                  "Actual Startup Time": 109.449,
                  "Actual Total Time": 141.272,
                  "Actual Rows": 78741,
                  "Actual Loops": 4,
                  "Recheck Cond": "(company_id > 92045)",
                  "Rows Removed by Index Recheck": 0,
                  "Exact Heap Blocks": 2722,
                  "Lossy Heap Blocks": 0,
                  "Plans": [
                    {
                      "Node Type": "Bitmap Index Scan",
                      "Parent Relationship": "Outer",
                      "Parallel Aware": false,
                      "Index Name": "company_id_movie_companies",
                      "Startup Cost": 0.0,
                      "Total Cost": 6783.34,
                      "Plan Rows": 316655,
                      "Plan Width": 0,
                      "Actual Startup Time": 116.68,
                      "Actual Total Time": 116.68,
                      "Actual Rows": 314963,
                      "Actual Loops": 1,
                      "Index Cond": "(company_id > 92045)"
                    }
                  ]
                }
              ]
            }
          ]
        }
      ]
    },
    "Planning Time": 0.191,
    "Triggers": [],
    "Execution Time": 160.003
  }
]