[
  {
    "Plan": {
      "Node Type": "Aggregate",
      "Strategy": "Plain",
      "Partial Mode": "Finalize",
      "Parallel Aware": false,
      "Startup Cost": 343925.6,
      "Total Cost": 343925.61,
      "Plan Rows": 1,
      "Plan Width": 8,
      "Actual Startup Time": 932.653,
      "Actual Total Time": 993.688,
      "Actual Rows": 1,
      "Actual Loops": 1,
      "Plans": [
        {
          "Node Type": "Gather",
          "Parent Relationship": "Outer",
          "Parallel Aware": false,
          "Startup Cost": 343924.97,
          "Total Cost": 343925.58,
          "Plan Rows": 6,
          "Plan Width": 8,
          "Actual Startup Time": 932.515,
          "Actual Total Time": 993.678,
          "Actual Rows": 7,
          "Actual Loops": 1,
          "Workers Planned": 6,
          "Workers Launched": 6,
          "Single Copy": false,
          "Plans": [
            {
              "Node Type": "Aggregate",
              "Strategy": "Plain",
              "Partial Mode": "Partial",
              "Parent Relationship": "Outer",
              "Parallel Aware": false,
              "Startup Cost": 342924.97,
              "Total Cost": 342924.98,
              "Plan Rows": 1,
              "Plan Width": 8,
              "Actual Startup Time": 922.768,
              "Actual Total Time": 922.769,
              "Actual Rows": 1,
              "Actual Loops": 7,
              "Plans": [
                {
                  "Node Type": "Seq Scan",
                  "Parent Relationship": "Outer",
                  "Parallel Aware": true,
                  "Relation Name": "cast_info",
                  "Alias": "ci",
                  "Startup Cost": 0.0,
                  "Total Cost": 328162.03,
                  "Plan Rows": 5905179,
                  "Plan Width": 0,
                  "Actual Startup Time": 0.057,
                  "Actual Total Time": 685.85,
                  "Actual Rows": 5068520,
                  "Actual Loops": 7,
                  "Filter": "(person_id < 3915220)",
                  "Rows Removed by Filter": 109243
                }
              ]
            }
          ]
        }
      ]
    },
    "Planning Time": 0.096,
    "Triggers": [],
    "Execution Time": 993.75
  }
]