[
  {
    "Plan": {
      "Node Type": "Aggregate",
      "Strategy": "Plain",
      "Partial Mode": "Finalize",
      "Parallel Aware": false,
      "Startup Cost": 427615.02,
      "Total Cost": 427615.03,
      "Plan Rows": 1,
      "Plan Width": 8,
      "Actual Startup Time": 1988.721,
      "Actual Total Time": 2058.369,
      "Actual Rows": 1,
      "Actual Loops": 1,
      "Plans": [
        {
          "Node Type": "Gather",
          "Parent Relationship": "Outer",
          "Parallel Aware": false,
          "Startup Cost": 427614.39,
          "Total Cost": 427615.0,
          "Plan Rows": 6,
          "Plan Width": 8,
          "Actual Startup Time": 1976.276,
          "Actual Total Time": 2058.356,
          "Actual Rows": 7,
          "Actual Loops": 1,
          "Workers Planned": 6,
          "Workers Launched": 6,
          "Single Copy": false,
          "Plans": [
            {
              "Node Type": "Aggregate",
              "Strategy": "Plain",
              "Partial Mode": "Partial",
              "Parent Relationship": "Outer",
              "Parallel Aware": false,
              "Startup Cost": 426614.39,
              "Total Cost": 426614.4,
              "Plan Rows": 1,
              "Plan Width": 8,
              "Actual Startup Time": 1964.594,
              "Actual Total Time": 1964.729,
              "Actual Rows": 1,
              "Actual Loops": 7,
              "Plans": [
                {
                  "Node Type": "Hash Join",
                  "Parent Relationship": "Outer",
                  "Parallel Aware": true,
                  "Join Type": "Inner",
                  "Startup Cost": 82331.17,
                  "Total Cost": 422894.66,
                  "Plan Rows": 1487892,
                  "Plan Width": 0,
                  "Actual Startup Time": 334.416,
                  "Actual Total Time": 1916.022,
                  "Actual Rows": 828736,
                  "Actual Loops": 7,
                  "Inner Unique": false,
                  "Hash Cond": "(ci.movie_id = t.id)",
                  "Plans": [
                    {
                      "Node Type": "Seq Scan",
                      "Parent Relationship": "Outer",
                      "Parallel Aware": true,
                      "Relation Name": "cast_info",
                      "Alias": "ci",
                      "Startup Cost": 0.0,
                      "Total Cost": 313106.51,
                      "Plan Rows": 6041951,
                      "Plan Width": 4,
                      "Actual Startup Time": 0.04,
                      "Actual Total Time": 659.801,
                      "Actual Rows": 5177763,
                      "Actual Loops": 7
                    },
                    {
                      "Node Type": "Hash",
                      "Parent Relationship": "Inner",
                      "Parallel Aware": true,
                      "Startup Cost": 79820.48,
                      "Total Cost": 79820.48,
                      "Plan Rows": 200855,
                      "Plan Width": 8,
                      "Actual Startup Time": 330.815,
                      "Actual Total Time": 330.947,
                      "Actual Rows": 37042,
                      "Actual Loops": 7,
                      "Hash Buckets": 1048576,
                      "Original Hash Buckets": 1048576,
                      "Hash Batches": 1,
                      "Original Hash Batches": 1,
                      "Peak Memory Usage": 18400,
                      "Plans": [
                        {
                          "Node Type": "Hash Join",
                          "Parent Relationship": "Outer",
                          "Parallel Aware": true,
                          "Join Type": "Inner",
                          "Startup Cost": 49464.34,
                          "Total Cost": 79820.48,
                          "Plan Rows": 200855,
                          "Plan Width": 8,
                          "Actual Startup Time": 205.108,
                          "Actual Total Time": 304.411,
                          "Actual Rows": 37042,
                          "Actual Loops": 7,
                          "Inner Unique": true,
                          "Hash Cond": "(mc.movie_id = t.id)",
                          "Plans": [
                            {
                              "Node Type": "Seq Scan",
                              "Parent Relationship": "Outer",
                              "Parallel Aware": true,
                              "Relation Name": "movie_companies",
                              "Alias": "mc",
                              "Startup Cost": 0.0,
                              "Total Cost": 29310.68,
                              "Plan Rows": 398273,
                              "Plan Width": 4,
                              "Actual Startup Time": 9.263,
                              "Actual Total Time": 55.629,
                              "Actual Rows": 174801,
                              "Actual Loops": 7,
                              "Filter": "(company_id > 11971)",
                              "Rows Removed by Filter": 197932
                            },
                            {
                              "Node Type": "Hash",
                              "Parent Relationship": "Inner",
                              "Parallel Aware": true,
                              "Startup Cost": 45479.59,
                              "Total Cost": 45479.59,
                              "Plan Rows": 318780,
                              "Plan Width": 4,
                              "Actual Startup Time": 193.097,
                              "Actual Total Time": 193.1,
                              "Actual Rows": 176685,
                              "Actual Loops": 7,
                              "Hash Buckets": 2097152,
                              "Original Hash Buckets": 2097152,
                              "Hash Batches": 1,
                              "Original Hash Batches": 1,
                              "Peak Memory Usage": 64896,
                              "Plans": [
                                {
                                  "Node Type": "Seq Scan",
                                  "Parent Relationship": "Outer",
                                  "Parallel Aware": true,
                                  "Relation Name": "title",
                                  "Alias": "t",
                                  "Startup Cost": 0.0,
                                  "Total Cost": 45479.59,
                                  "Plan Rows": 318780,
                                  "Plan Width": 4,
                                  "Actual Startup Time": 0.044,
                                  "Actual Total Time": 93.793,
                                  "Actual Rows": 176685,
                                  "Actual Loops": 7,
                                  "Filter": "((kind_id > 3) AND (production_year < 2010))",
                                  "Rows Removed by Filter": 184502
                                }
                              ]
                            }
                          ]
                        }
                      ]
                    }
                  ]
                }
              ]
            }
          ]
        }
      ]
    },
    "Planning Time": 1.481,
    "Triggers": [],
    "Execution Time": 2058.478
  }
]