[
    {
        "Bao": {
            "Bao prediction": "NaN",
            "Bao recommended hint": "(no hint)"
        }
    },
    {
        "Plan": {
            "Node Type": "Aggregate",
            "Strategy": "Plain",
            "Partial Mode": "Finalize",
            "Parallel Aware": false,
            "Startup Cost": 46048.97,
            "Total Cost": 46048.98,
            "Plan Rows": 1,
            "Plan Width": 8,
            "Actual Startup Time": 52.635,
            "Actual Total Time": 58.926,
            "Actual Rows": 1,
            "Actual Loops": 1,
            "Output": [
                "count(*)"
            ],
            "Plans": [
                {
                    "Node Type": "Gather",
                    "Parent Relationship": "Outer",
                    "Parallel Aware": false,
                    "Startup Cost": 46048.55,
                    "Total Cost": 46048.96,
                    "Plan Rows": 4,
                    "Plan Width": 8,
                    "Actual Startup Time": 52.468,
                    "Actual Total Time": 58.921,
                    "Actual Rows": 5,
                    "Actual Loops": 1,
                    "Output": [
                        "(PARTIAL count(*))"
                    ],
                    "Workers Planned": 4,
                    "Workers Launched": 4,
                    "Single Copy": false,
                    "Plans": [
                        {
                            "Node Type": "Aggregate",
                            "Strategy": "Plain",
                            "Partial Mode": "Partial",
                            "Parent Relationship": "Outer",
                            "Parallel Aware": false,
                            "Startup Cost": 45048.55,
                            "Total Cost": 45048.56,
                            "Plan Rows": 1,
                            "Plan Width": 8,
                            "Actual Startup Time": 42.689,
                            "Actual Total Time": 42.691,
                            "Actual Rows": 1,
                            "Actual Loops": 5,
                            "Output": [
                                "PARTIAL count(*)"
                            ],
                            "Workers": [
                                {
                                    "Worker Number": 0,
                                    "Actual Startup Time": 40.106,
                                    "Actual Total Time": 40.107,
                                    "Actual Rows": 1,
                                    "Actual Loops": 1
                                },
                                {
                                    "Worker Number": 1,
                                    "Actual Startup Time": 40.263,
                                    "Actual Total Time": 40.264,
                                    "Actual Rows": 1,
                                    "Actual Loops": 1
                                },
                                {
                                    "Worker Number": 2,
                                    "Actual Startup Time": 40.482,
                                    "Actual Total Time": 40.483,
                                    "Actual Rows": 1,
                                    "Actual Loops": 1
                                },
                                {
                                    "Worker Number": 3,
                                    "Actual Startup Time": 40.478,
                                    "Actual Total Time": 40.481,
                                    "Actual Rows": 1,
                                    "Actual Loops": 1
                                }
                            ],
                            "Plans": [
                                {
                                    "Node Type": "Nested Loop",
                                    "Parent Relationship": "Outer",
                                    "Parallel Aware": false,
                                    "Join Type": "Inner",
                                    "Startup Cost": 1801.93,
                                    "Total Cost": 45047.37,
                                    "Plan Rows": 470,
                                    "Plan Width": 0,
                                    "Actual Startup Time": 3.308,
                                    "Actual Total Time": 42.498,
                                    "Actual Rows": 2292,
                                    "Actual Loops": 5,
                                    "Inner Unique": false,
                                    "Join Filter": "(t.id = mc.movie_id)",
                                    "Rows Removed by Join Filter": 0,
                                    "Workers": [
                                        {
                                            "Worker Number": 0,
                                            "Actual Startup Time": 1.305,
                                            "Actual Total Time": 39.963,
                                            "Actual Rows": 1249,
                                            "Actual Loops": 1
                                        },
                                        {
                                            "Worker Number": 1,
                                            "Actual Startup Time": 3.464,
                                            "Actual Total Time": 40.142,
                                            "Actual Rows": 927,
                                            "Actual Loops": 1
                                        },
                                        {
                                            "Worker Number": 2,
                                            "Actual Startup Time": 2.519,
                                            "Actual Total Time": 40.274,
                                            "Actual Rows": 2002,
                                            "Actual Loops": 1
                                        },
                                        {
                                            "Worker Number": 3,
                                            "Actual Startup Time": 1.526,
                                            "Actual Total Time": 40.368,
                                            "Actual Rows": 825,
                                            "Actual Loops": 1
                                        }
                                    ],
                                    "Plans": [
                                        {
                                            "Node Type": "Nested Loop",
                                            "Parent Relationship": "Outer",
                                            "Parallel Aware": false,
                                            "Join Type": "Inner",
                                            "Startup Cost": 1801.5,
                                            "Total Cost": 44342.85,
                                            "Plan Rows": 1189,
                                            "Plan Width": 8,
                                            "Actual Startup Time": 2.963,
                                            "Actual Total Time": 31.876,
                                            "Actual Rows": 1990,
                                            "Actual Loops": 5,
                                            "Output": [
                                                "t.id",
                                                "mk.movie_id"
                                            ],
                                            "Inner Unique": false,
                                            "Workers": [
                                                {
                                                    "Worker Number": 0,
                                                    "Actual Startup Time": 1.055,
                                                    "Actual Total Time": 29.998,
                                                    "Actual Rows": 1216,
                                                    "Actual Loops": 1
                                                },
                                                {
                                                    "Worker Number": 1,
                                                    "Actual Startup Time": 3.268,
                                                    "Actual Total Time": 30.292,
                                                    "Actual Rows": 1132,
                                                    "Actual Loops": 1
                                                },
                                                {
                                                    "Worker Number": 2,
                                                    "Actual Startup Time": 2.251,
                                                    "Actual Total Time": 28.988,
                                                    "Actual Rows": 1523,
                                                    "Actual Loops": 1
                                                },
                                                {
                                                    "Worker Number": 3,
                                                    "Actual Startup Time": 0.534,
                                                    "Actual Total Time": 31.692,
                                                    "Actual Rows": 793,
                                                    "Actual Loops": 1
                                                }
                                            ],
                                            "Plans": [
                                                {
                                                    "Node Type": "Bitmap Heap Scan",
                                                    "Parent Relationship": "Outer",
                                                    "Parallel Aware": true,
                                                    "Relation Name": "title",
                                                    "Schema": "public",
                                                    "Alias": "t",
                                                    "Startup Cost": 1801.06,
                                                    "Total Cost": 38177.05,
                                                    "Plan Rows": 664,
                                                    "Plan Width": 4,
                                                    "Actual Startup Time": 2.193,
                                                    "Actual Total Time": 22.574,
                                                    "Actual Rows": 608,
                                                    "Actual Loops": 5,
                                                    "Output": [
                                                        "t.id",
                                                        "t.title",
                                                        "t.imdb_index",
                                                        "t.kind_id",
                                                        "t.production_year",
                                                        "t.imdb_id",
                                                        "t.phonetic_code",
                                                        "t.episode_of_id",
                                                        "t.season_nr",
                                                        "t.episode_nr",
                                                        "t.series_years",
                                                        "t.md5sum"
                                                    ],
                                                    "Recheck Cond": "(t.kind_id = 3)",
                                                    "Rows Removed by Index Recheck": 0,
                                                    "Filter": "(t.production_year = 2002)",
                                                    "Rows Removed by Filter": 19499,
                                                    "Exact Heap Blocks": 7192,
                                                    "Lossy Heap Blocks": 0,
                                                    "Workers": [
                                                        {
                                                            "Worker Number": 0,
                                                            "Actual Startup Time": 0.819,
                                                            "Actual Total Time": 20.382,
                                                            "Actual Rows": 369,
                                                            "Actual Loops": 1
                                                        },
                                                        {
                                                            "Worker Number": 1,
                                                            "Actual Startup Time": 0.311,
                                                            "Actual Total Time": 20.04,
                                                            "Actual Rows": 355,
                                                            "Actual Loops": 1
                                                        },
                                                        {
                                                            "Worker Number": 2,
                                                            "Actual Startup Time": 2.018,
                                                            "Actual Total Time": 20.109,
                                                            "Actual Rows": 276,
                                                            "Actual Loops": 1
                                                        },
                                                        {
                                                            "Worker Number": 3,
                                                            "Actual Startup Time": 0.29,
                                                            "Actual Total Time": 21.694,
                                                            "Actual Rows": 346,
                                                            "Actual Loops": 1
                                                        }
                                                    ],
                                                    "Plans": [
                                                        {
                                                            "Node Type": "Bitmap Index Scan",
                                                            "Parent Relationship": "Outer",
                                                            "Parallel Aware": false,
                                                            "Index Name": "kind_id_title",
                                                            "Startup Cost": 0.0,
                                                            "Total Cost": 1800.4,
                                                            "Plan Rows": 100796,
                                                            "Plan Width": 0,
                                                            "Actual Startup Time": 5.25,
                                                            "Actual Total Time": 5.251,
                                                            "Actual Rows": 100537,
                                                            "Actual Loops": 1,
                                                            "Index Cond": "(t.kind_id = 3)"
                                                        }
                                                    ]
                                                },
                                                {
                                                    "Node Type": "Index Only Scan",
                                                    "Parent Relationship": "Inner",
                                                    "Parallel Aware": false,
                                                    "Scan Direction": "Forward",
                                                    "Index Name": "movie_id_movie_keyword",
                                                    "Relation Name": "movie_keyword",
                                                    "Schema": "public",
                                                    "Alias": "mk",
                                                    "Startup Cost": 0.43,
                                                    "Total Cost": 8.83,
                                                    "Plan Rows": 46,
                                                    "Plan Width": 4,
                                                    "Actual Startup Time": 0.013,
                                                    "Actual Total Time": 0.014,
                                                    "Actual Rows": 3,
                                                    "Actual Loops": 3040,
                                                    "Output": [
                                                        "mk.movie_id"
                                                    ],
                                                    "Index Cond": "(mk.movie_id = t.id)",
                                                    "Rows Removed by Index Recheck": 0,
                                                    "Heap Fetches": 9948,
                                                    "Workers": [
                                                        {
                                                            "Worker Number": 0,
                                                            "Actual Startup Time": 0.024,
                                                            "Actual Total Time": 0.025,
                                                            "Actual Rows": 3,
                                                            "Actual Loops": 369
                                                        },
                                                        {
                                                            "Worker Number": 1,
                                                            "Actual Startup Time": 0.026,
                                                            "Actual Total Time": 0.027,
                                                            "Actual Rows": 3,
                                                            "Actual Loops": 355
                                                        },
                                                        {
                                                            "Worker Number": 2,
                                                            "Actual Startup Time": 0.028,
                                                            "Actual Total Time": 0.03,
                                                            "Actual Rows": 6,
                                                            "Actual Loops": 276
                                                        },
                                                        {
                                                            "Worker Number": 3,
                                                            "Actual Startup Time": 0.026,
                                                            "Actual Total Time": 0.027,
                                                            "Actual Rows": 2,
                                                            "Actual Loops": 346
                                                        }
                                                    ]
                                                }
                                            ]
                                        },
                                        {
                                            "Node Type": "Index Scan",
                                            "Parent Relationship": "Inner",
                                            "Parallel Aware": false,
                                            "Scan Direction": "Forward",
                                            "Index Name": "movie_id_movie_companies",
                                            "Relation Name": "movie_companies",
                                            "Schema": "public",
                                            "Alias": "mc",
                                            "Startup Cost": 0.43,
                                            "Total Cost": 0.57,
                                            "Plan Rows": 2,
                                            "Plan Width": 4,
                                            "Actual Startup Time": 0.005,
                                            "Actual Total Time": 0.005,
                                            "Actual Rows": 1,
                                            "Actual Loops": 9948,
                                            "Output": [
                                                "mc.id",
                                                "mc.movie_id",
                                                "mc.company_id",
                                                "mc.company_type_id",
                                                "mc.note"
                                            ],
                                            "Index Cond": "(mc.movie_id = mk.movie_id)",
                                            "Rows Removed by Index Recheck": 0,
                                            "Filter": "((mc.company_id < 55369) AND (mc.company_type_id > 1))",
                                            "Rows Removed by Filter": 3,
                                            "Workers": [
                                                {
                                                    "Worker Number": 0,
                                                    "Actual Startup Time": 0.007,
                                                    "Actual Total Time": 0.008,
                                                    "Actual Rows": 1,
                                                    "Actual Loops": 1216
                                                },
                                                {
                                                    "Worker Number": 1,
                                                    "Actual Startup Time": 0.008,
                                                    "Actual Total Time": 0.008,
                                                    "Actual Rows": 1,
                                                    "Actual Loops": 1132
                                                },
                                                {
                                                    "Worker Number": 2,
                                                    "Actual Startup Time": 0.006,
                                                    "Actual Total Time": 0.007,
                                                    "Actual Rows": 1,
                                                    "Actual Loops": 1523
                                                },
                                                {
                                                    "Worker Number": 3,
                                                    "Actual Startup Time": 0.01,
                                                    "Actual Total Time": 0.01,
                                                    "Actual Rows": 1,
                                                    "Actual Loops": 793
                                                }
                                            ]
                                        }
                                    ]
                                }
                            ]
                        }
                    ]
                }
            ]
        },
        "Planning Time": 204.374,
        "Triggers": [],
        "Execution Time": 58.996
    }
]