[
  {
    "Plan": {
      "Node Type": "Aggregate",
      "Strategy": "Plain",
      "Partial Mode": "Finalize",
      "Parallel Aware": false,
      "Startup Cost": 594413.02,
      "Total Cost": 594413.03,
      "Plan Rows": 1,
      "Plan Width": 8,
      "Actual Startup Time": 1844.793,
      "Actual Total Time": 1908.761,
      "Actual Rows": 1,
      "Actual Loops": 1,
      "Plans": [
        {
          "Node Type": "Gather",
          "Parent Relationship": "Outer",
          "Parallel Aware": false,
          "Startup Cost": 594412.4,
          "Total Cost": 594413.01,
          "Plan Rows": 6,
          "Plan Width": 8,
          "Actual Startup Time": 1810.575,
          "Actual Total Time": 1908.747,
          "Actual Rows": 7,
          "Actual Loops": 1,
          "Workers Planned": 6,
          "Workers Launched": 6,
          "Single Copy": false,
          "Plans": [
            {
              "Node Type": "Aggregate",
              "Strategy": "Plain",
              "Partial Mode": "Partial",
              "Parent Relationship": "Outer",
              "Parallel Aware": false,
              "Startup Cost": 593412.4,
              "Total Cost": 593412.41,
              "Plan Rows": 1,
              "Plan Width": 8,
              "Actual Startup Time": 1796.837,
              "Actual Total Time": 1797.487,
              "Actual Rows": 1,
              "Actual Loops": 7,
              "Plans": [
                {
                  "Node Type": "Hash Join",
                  "Parent Relationship": "Outer",
                  "Parallel Aware": true,
                  "Join Type": "Inner",
                  "Startup Cost": 255059.1,
                  "Total Cost": 592580.58,
                  "Plan Rows": 332726,
                  "Plan Width": 0,
                  "Actual Startup Time": 804.975,
                  "Actual Total Time": 1690.909,
                  "Actual Rows": 2171193,
                  "Actual Loops": 7,
                  "Inner Unique": false,
                  "Hash Cond": "(ci.movie_id = t.id)",
                  "Plans": [
                    {
                      "Node Type": "Index Scan",
                      "Parent Relationship": "Outer",
                      "Parallel Aware": true,
                      "Scan Direction": "Forward",
                      "Index Name": "role_id_cast_info",
                      "Relation Name": "cast_info",
                      "Alias": "ci",
                      "Startup Cost": 0.56,
                      "Total Cost": 335235.55,
                      "Plan Rows": 432280,
                      "Plan Width": 4,
                      "Actual Startup Time": 0.271,
                      "Actual Total Time": 375.574,
                      "Actual Rows": 796886,
                      "Actual Loops": 7,
                      "Index Cond": "(role_id < 2)",
                      "Rows Removed by Index Recheck": 0,
                      "Filter": "(person_id < 750560)",
                      "Rows Removed by Filter": 1013213
                    },
                    {
                      "Node Type": "Hash",
                      "Parent Relationship": "Inner",
                      "Parallel Aware": true,
                      "Startup Cost": 250193.47,
                      "Total Cost": 250193.47,
                      "Plan Rows": 389205,
                      "Plan Width": 8,
                      "Actual Startup Time": 800.45,
                      "Actual Total Time": 801.097,
                      "Actual Rows": 266519,
                      "Actual Loops": 7,
                      "Hash Buckets": 2097152,
                      "Original Hash Buckets": 2097152,
                      "Hash Batches": 1,
                      "Original Hash Batches": 1,
                      "Peak Memory Usage": 89472,
                      "Plans": [
                        {
                          "Node Type": "Hash Join",
                          "Parent Relationship": "Outer",
                          "Parallel Aware": true,
                          "Join Type": "Inner",
                          "Startup Cost": 50219.64,
                          "Total Cost": 250193.47,
                          "Plan Rows": 389205,
                          "Plan Width": 8,
                          "Actual Startup Time": 294.088,
                          "Actual Total Time": 676.419,
                          "Actual Rows": 266519,
                          "Actual Loops": 7,
                          "Inner Unique": true,
                          "Hash Cond": "(mi.movie_id = t.id)",
                          "Plans": [
                            {
                              "Node Type": "Seq Scan",
                              "Parent Relationship": "Outer",
                              "Parallel Aware": true,
                              "Relation Name": "movie_info",
                              "Alias": "mi",
                              "Startup Cost": 0.0,
                              "Total Cost": 198952.16,
                              "Plan Rows": 389205,
                              "Plan Width": 4,
                              "Actual Startup Time": 15.933,
                              "Actual Total Time": 292.143,
                              "Actual Rows": 266519,
                              "Actual Loops": 7,
                              "Filter": "(info_type_id > 17)",
                              "Rows Removed by Filter": 1852870
                            },
                            {
                              "Node Type": "Hash",
                              "Parent Relationship": "Inner",
                              "Parallel Aware": true,
                              "Startup Cost": 42318.73,
                              "Total Cost": 42318.73,
                              "Plan Rows": 632073,
                              "Plan Width": 4,
                              "Actual Startup Time": 273.275,
                              "Actual Total Time": 273.276,
                              "Actual Rows": 361187,
                              "Actual Loops": 7,
                              "Hash Buckets": 4194304,
                              "Original Hash Buckets": 4194304,
                              "Hash Batches": 1,
                              "Original Hash Batches": 1,
                              "Peak Memory Usage": 131808,
                              "Plans": [
                                {
                                  "Node Type": "Seq Scan",
                                  "Parent Relationship": "Outer",
                                  "Parallel Aware": true,
                                  "Relation Name": "title",
                                  "Alias": "t",
                                  "Startup Cost": 0.0,
                                  "Total Cost": 42318.73,
                                  "Plan Rows": 632073,
                                  "Plan Width": 4,
                                  "Actual Startup Time": 0.041,
                                  "Actual Total Time": 76.858,
                                  "Actual Rows": 361187,
                                  "Actual Loops": 7
                                }
                              ]
                            }
                          ]
                        }
                      ]
                    }
                  ]
                }
              ]
            }
          ]
        }
      ]
    },
    "Planning Time": 0.84,
    "Triggers": [],
    "Execution Time": 1908.834
  }
]