[
  {
    "Plan": {
      "Node Type": "Aggregate",
      "Strategy": "Plain",
      "Partial Mode": "Finalize",
      "Parallel Aware": false,
      "Startup Cost": 32887.46,
      "Total Cost": 32887.47,
      "Plan Rows": 1,
      "Plan Width": 8,
      "Actual Startup Time": 97.021,
      "Actual Total Time": 105.285,
      "Actual Rows": 1,
      "Actual Loops": 1,
      "Plans": [
        {
          "Node Type": "Gather",
          "Parent Relationship": "Outer",
          "Parallel Aware": false,
          "Startup Cost": 32887.14,
          "Total Cost": 32887.45,
          "Plan Rows": 3,
          "Plan Width": 8,
          "Actual Startup Time": 96.886,
          "Actual Total Time": 105.275,
          "Actual Rows": 4,
          "Actual Loops": 1,
          "Workers Planned": 3,
          "Workers Launched": 3,
          "Single Copy": false,
          "Plans": [
            {
              "Node Type": "Aggregate",
              "Strategy": "Plain",
              "Partial Mode": "Partial",
              "Parent Relationship": "Outer",
              "Parallel Aware": false,
              "Startup Cost": 31887.14,
              "Total Cost": 31887.15,
              "Plan Rows": 1,
              "Plan Width": 8,
              "Actual Startup Time": 91.362,
              "Actual Total Time": 91.363,
              "Actual Rows": 1,
              "Actual Loops": 4,
              "Plans": [
                {
                  "Node Type": "Seq Scan",
                  "Parent Relationship": "Outer",
                  "Parallel Aware": true,
                  "Relation Name": "movie_companies",
                  "Alias": "mc",
                  "Startup Cost": 0.0,
                  "Total Cost": 31414.82,
                  "Plan Rows": 188929,
                  "Plan Width": 0,
                  "Actual Startup Time": 39.259,
                  "Actual Total Time": 80.512,
                  "Actual Rows": 216265,
                  "Actual Loops": 4,
                  "Filter": "((company_id > 13377) AND (company_type_id > 1))",
                  "Rows Removed by Filter": 436017
                }
              ]
            }
          ]
        }
      ]
    },
    "Planning Time": 0.216,
    "Triggers": [],
    "Execution Time": 105.35
  }
]