[
  {
    "Plan": {
      "Node Type": "Aggregate",
      "Strategy": "Plain",
      "Partial Mode": "Finalize",
      "Parallel Aware": false,
      "Startup Cost": 32770.43,
      "Total Cost": 32770.44,
      "Plan Rows": 1,
      "Plan Width": 8,
      "Actual Startup Time": 65.795,
      "Actual Total Time": 69.922,
      "Actual Rows": 1,
      "Actual Loops": 1,
      "Plans": [
        {
          "Node Type": "Gather",
          "Parent Relationship": "Outer",
          "Parallel Aware": false,
          "Startup Cost": 32770.11,
          "Total Cost": 32770.42,
          "Plan Rows": 3,
          "Plan Width": 8,
          "Actual Startup Time": 65.735,
          "Actual Total Time": 69.916,
          "Actual Rows": 4,
          "Actual Loops": 1,
          "Workers Planned": 3,
          "Workers Launched": 3,
          "Single Copy": false,
          "Plans": [
            {
              "Node Type": "Aggregate",
              "Strategy": "Plain",
              "Partial Mode": "Partial",
              "Parent Relationship": "Outer",
              "Parallel Aware": false,
              "Startup Cost": 31770.11,
              "Total Cost": 31770.12,
              "Plan Rows": 1,
              "Plan Width": 8,
              "Actual Startup Time": 61.846,
              "Actual Total Time": 61.847,
              "Actual Rows": 1,
              "Actual Loops": 4,
              "Plans": [
                {
                  "Node Type": "Seq Scan",
                  "Parent Relationship": "Outer",
                  "Parallel Aware": true,
                  "Relation Name": "movie_companies",
                  "Alias": "mc",
                  "Startup Cost": 0.0,
                  "Total Cost": 31414.82,
                  "Plan Rows": 142117,
                  "Plan Width": 0,
                  "Actual Startup Time": 31.716,
                  "Actual Total Time": 59.038,
                  "Actual Rows": 62894,
                  "Actual Loops": 4,
                  "Filter": "((company_id < 2507) AND (company_type_id = 2))",
                  "Rows Removed by Filter": 589388
                }
              ]
            }
          ]
        }
      ]
    },
    "Planning Time": 0.069,
    "Triggers": [],
    "Execution Time": 69.942
  }
]