[
    {
        "Bao": {
            "Bao prediction": 636.451,
            "Bao recommended hint": "(no hint)"
        }
    },
    {
        "Plan": {
            "Node Type": "Aggregate",
            "Strategy": "Plain",
            "Partial Mode": "Finalize",
            "Parallel Aware": false,
            "Startup Cost": 366310.06,
            "Total Cost": 366310.07,
            "Plan Rows": 1,
            "Plan Width": 8,
            "Actual Startup Time": 590.28,
            "Actual Total Time": 601.652,
            "Actual Rows": 1,
            "Actual Loops": 1,
            "Output": [
                "count(*)"
            ],
            "Plans": [
                {
                    "Node Type": "Gather",
                    "Parent Relationship": "Outer",
                    "Parallel Aware": false,
                    "Startup Cost": 366309.44,
                    "Total Cost": 366310.05,
                    "Plan Rows": 6,
                    "Plan Width": 8,
                    "Actual Startup Time": 579.327,
                    "Actual Total Time": 601.639,
                    "Actual Rows": 7,
                    "Actual Loops": 1,
                    "Output": [
                        "(PARTIAL count(*))"
                    ],
                    "Workers Planned": 6,
                    "Workers Launched": 6,
                    "Single Copy": false,
                    "Plans": [
                        {
                            "Node Type": "Aggregate",
                            "Strategy": "Plain",
                            "Partial Mode": "Partial",
                            "Parent Relationship": "Outer",
                            "Parallel Aware": false,
                            "Startup Cost": 365309.44,
                            "Total Cost": 365309.45,
                            "Plan Rows": 1,
                            "Plan Width": 8,
                            "Actual Startup Time": 564.058,
                            "Actual Total Time": 564.062,
                            "Actual Rows": 1,
                            "Actual Loops": 7,
                            "Output": [
                                "PARTIAL count(*)"
                            ],
                            "Workers": [
                                {
                                    "Worker Number": 0,
                                    "Actual Startup Time": 561.528,
                                    "Actual Total Time": 561.531,
                                    "Actual Rows": 1,
                                    "Actual Loops": 1
                                },
                                {
                                    "Worker Number": 1,
                                    "Actual Startup Time": 562.42,
                                    "Actual Total Time": 562.423,
                                    "Actual Rows": 1,
                                    "Actual Loops": 1
                                },
                                {
                                    "Worker Number": 2,
                                    "Actual Startup Time": 561.537,
                                    "Actual Total Time": 561.541,
                                    "Actual Rows": 1,
                                    "Actual Loops": 1
                                },
                                {
                                    "Worker Number": 3,
                                    "Actual Startup Time": 561.425,
                                    "Actual Total Time": 561.428,
                                    "Actual Rows": 1,
                                    "Actual Loops": 1
                                },
                                {
                                    "Worker Number": 4,
                                    "Actual Startup Time": 561.529,
                                    "Actual Total Time": 561.532,
                                    "Actual Rows": 1,
                                    "Actual Loops": 1
                                },
                                {
                                    "Worker Number": 5,
                                    "Actual Startup Time": 561.544,
                                    "Actual Total Time": 561.547,
                                    "Actual Rows": 1,
                                    "Actual Loops": 1
                                }
                            ],
                            "Plans": [
                                {
                                    "Node Type": "Hash Join",
                                    "Parent Relationship": "Outer",
                                    "Parallel Aware": true,
                                    "Join Type": "Inner",
                                    "Startup Cost": 105677.43,
                                    "Total Cost": 364863.26,
                                    "Plan Rows": 178471,
                                    "Plan Width": 0,
                                    "Actual Startup Time": 336.594,
                                    "Actual Total Time": 553.147,
                                    "Actual Rows": 165352,
                                    "Actual Loops": 7,
                                    "Inner Unique": true,
                                    "Hash Cond": "(ci.movie_id = t.id)",
                                    "Workers": [
                                        {
                                            "Worker Number": 0,
                                            "Actual Startup Time": 334.27,
                                            "Actual Total Time": 549.956,
                                            "Actual Rows": 148098,
                                            "Actual Loops": 1
                                        },
                                        {
                                            "Worker Number": 1,
                                            "Actual Startup Time": 334.239,
                                            "Actual Total Time": 550.727,
                                            "Actual Rows": 150901,
                                            "Actual Loops": 1
                                        },
                                        {
                                            "Worker Number": 2,
                                            "Actual Startup Time": 334.414,
                                            "Actual Total Time": 550.771,
                                            "Actual Rows": 170454,
                                            "Actual Loops": 1
                                        },
                                        {
                                            "Worker Number": 3,
                                            "Actual Startup Time": 333.985,
                                            "Actual Total Time": 551.057,
                                            "Actual Rows": 191494,
                                            "Actual Loops": 1
                                        },
                                        {
                                            "Worker Number": 4,
                                            "Actual Startup Time": 334.125,
                                            "Actual Total Time": 550.155,
                                            "Actual Rows": 133871,
                                            "Actual Loops": 1
                                        },
                                        {
                                            "Worker Number": 5,
                                            "Actual Startup Time": 334.228,
                                            "Actual Total Time": 551.738,
                                            "Actual Rows": 191942,
                                            "Actual Loops": 1
                                        }
                                    ],
                                    "Plans": [
                                        {
                                            "Node Type": "Bitmap Heap Scan",
                                            "Parent Relationship": "Outer",
                                            "Parallel Aware": true,
                                            "Relation Name": "cast_info",
                                            "Schema": "public",
                                            "Alias": "ci",
                                            "Startup Cost": 56916.44,
                                            "Total Cost": 314974.38,
                                            "Plan Rows": 429675,
                                            "Plan Width": 4,
                                            "Actual Startup Time": 161.997,
                                            "Actual Total Time": 239.084,
                                            "Actual Rows": 372899,
                                            "Actual Loops": 7,
                                            "Output": [
                                                "ci.id",
                                                "ci.person_id",
                                                "ci.movie_id",
                                                "ci.person_role_id",
                                                "ci.note",
                                                "ci.nr_order",
                                                "ci.role_id"
                                            ],
                                            "Recheck Cond": "(ci.person_id < 250937)",
                                            "Rows Removed by Index Recheck": 0,
                                            "Exact Heap Blocks": 4031,
                                            "Lossy Heap Blocks": 0,
                                            "Workers": [
                                                {
                                                    "Worker Number": 0,
                                                    "Actual Startup Time": 162.146,
                                                    "Actual Total Time": 241.839,
                                                    "Actual Rows": 335734,
                                                    "Actual Loops": 1
                                                },
                                                {
                                                    "Worker Number": 1,
                                                    "Actual Startup Time": 162.047,
                                                    "Actual Total Time": 241.371,
                                                    "Actual Rows": 334960,
                                                    "Actual Loops": 1
                                                },
                                                {
                                                    "Worker Number": 2,
                                                    "Actual Startup Time": 162.14,
                                                    "Actual Total Time": 238.504,
                                                    "Actual Rows": 387082,
                                                    "Actual Loops": 1
                                                },
                                                {
                                                    "Worker Number": 3,
                                                    "Actual Startup Time": 161.896,
                                                    "Actual Total Time": 237.822,
                                                    "Actual Rows": 434061,
                                                    "Actual Loops": 1
                                                },
                                                {
                                                    "Worker Number": 4,
                                                    "Actual Startup Time": 161.974,
                                                    "Actual Total Time": 242.881,
                                                    "Actual Rows": 303338,
                                                    "Actual Loops": 1
                                                },
                                                {
                                                    "Worker Number": 5,
                                                    "Actual Startup Time": 162.024,
                                                    "Actual Total Time": 239.412,
                                                    "Actual Rows": 434596,
                                                    "Actual Loops": 1
                                                }
                                            ],
                                            "Plans": [
                                                {
                                                    "Node Type": "Bitmap Index Scan",
                                                    "Parent Relationship": "Outer",
                                                    "Parallel Aware": false,
                                                    "Index Name": "person_id_cast_info",
                                                    "Startup Cost": 0.0,
                                                    "Total Cost": 56271.93,
                                                    "Plan Rows": 2578049,
                                                    "Plan Width": 0,
                                                    "Actual Startup Time": 155.275,
                                                    "Actual Total Time": 155.275,
                                                    "Actual Rows": 2610290,
                                                    "Actual Loops": 1,
                                                    "Index Cond": "(ci.person_id < 250937)"
                                                }
                                            ]
                                        },
                                        {
                                            "Node Type": "Hash",
                                            "Parent Relationship": "Inner",
                                            "Parallel Aware": true,
                                            "Startup Cost": 45479.21,
                                            "Total Cost": 45479.21,
                                            "Plan Rows": 262542,
                                            "Plan Width": 4,
                                            "Actual Startup Time": 169.62,
                                            "Actual Total Time": 169.621,
                                            "Actual Rows": 165298,
                                            "Actual Loops": 7,
                                            "Output": [
                                                "t.id"
                                            ],
                                            "Hash Buckets": 2097152,
                                            "Original Hash Buckets": 2097152,
                                            "Hash Batches": 1,
                                            "Original Hash Batches": 1,
                                            "Peak Memory Usage": 61728,
                                            "Workers": [
                                                {
                                                    "Worker Number": 0,
                                                    "Actual Startup Time": 171.626,
                                                    "Actual Total Time": 171.627,
                                                    "Actual Rows": 136161,
                                                    "Actual Loops": 1
                                                },
                                                {
                                                    "Worker Number": 1,
                                                    "Actual Startup Time": 171.612,
                                                    "Actual Total Time": 171.613,
                                                    "Actual Rows": 136445,
                                                    "Actual Loops": 1
                                                },
                                                {
                                                    "Worker Number": 2,
                                                    "Actual Startup Time": 171.531,
                                                    "Actual Total Time": 171.532,
                                                    "Actual Rows": 183998,
                                                    "Actual Loops": 1
                                                },
                                                {
                                                    "Worker Number": 3,
                                                    "Actual Startup Time": 171.562,
                                                    "Actual Total Time": 171.562,
                                                    "Actual Rows": 182026,
                                                    "Actual Loops": 1
                                                },
                                                {
                                                    "Worker Number": 4,
                                                    "Actual Startup Time": 171.674,
                                                    "Actual Total Time": 171.675,
                                                    "Actual Rows": 136538,
                                                    "Actual Loops": 1
                                                },
                                                {
                                                    "Worker Number": 5,
                                                    "Actual Startup Time": 171.529,
                                                    "Actual Total Time": 171.531,
                                                    "Actual Rows": 176534,
                                                    "Actual Loops": 1
                                                }
                                            ],
                                            "Plans": [
                                                {
                                                    "Node Type": "Seq Scan",
                                                    "Parent Relationship": "Outer",
                                                    "Parallel Aware": true,
                                                    "Relation Name": "title",
                                                    "Schema": "public",
                                                    "Alias": "t",
                                                    "Startup Cost": 0.0,
                                                    "Total Cost": 45479.21,
                                                    "Plan Rows": 262542,
                                                    "Plan Width": 4,
                                                    "Actual Startup Time": 0.045,
                                                    "Actual Total Time": 81.069,
                                                    "Actual Rows": 165298,
                                                    "Actual Loops": 7,
                                                    "Output": [
                                                        "t.id"
                                                    ],
                                                    "Filter": "((t.kind_id > 4) AND (t.production_year > 1991))",
                                                    "Rows Removed by Filter": 195890,
                                                    "Workers": [
                                                        {
                                                            "Worker Number": 0,
                                                            "Actual Startup Time": 0.037,
                                                            "Actual Total Time": 83.064,
                                                            "Actual Rows": 136161,
                                                            "Actual Loops": 1
                                                        },
                                                        {
                                                            "Worker Number": 1,
                                                            "Actual Startup Time": 0.038,
                                                            "Actual Total Time": 83.119,
                                                            "Actual Rows": 136445,
                                                            "Actual Loops": 1
                                                        },
                                                        {
                                                            "Worker Number": 2,
                                                            "Actual Startup Time": 0.066,
                                                            "Actual Total Time": 80.621,
                                                            "Actual Rows": 183998,
                                                            "Actual Loops": 1
                                                        },
                                                        {
                                                            "Worker Number": 3,
                                                            "Actual Startup Time": 0.061,
                                                            "Actual Total Time": 80.2,
                                                            "Actual Rows": 182026,
                                                            "Actual Loops": 1
                                                        },
                                                        {
                                                            "Worker Number": 4,
                                                            "Actual Startup Time": 0.051,
                                                            "Actual Total Time": 83.31,
                                                            "Actual Rows": 136538,
                                                            "Actual Loops": 1
                                                        },
                                                        {
                                                            "Worker Number": 5,
                                                            "Actual Startup Time": 0.047,
                                                            "Actual Total Time": 81.718,
                                                            "Actual Rows": 176534,
                                                            "Actual Loops": 1
                                                        }
                                                    ]
                                                }
                                            ]
                                        }
                                    ]
                                }
                            ]
                        }
                    ]
                }
            ]
        },
        "Planning Time": 440.03,
        "Triggers": [],
        "Execution Time": 601.776
    }
]