[
    {
        "Bao": {
            "Bao prediction": 443.865,
            "Bao recommended hint": "(no hint)"
        }
    },
    {
        "Plan": {
            "Node Type": "Aggregate",
            "Strategy": "Plain",
            "Partial Mode": "Finalize",
            "Parallel Aware": false,
            "Startup Cost": 32961.71,
            "Total Cost": 32961.72,
            "Plan Rows": 1,
            "Plan Width": 8,
            "Actual Startup Time": 102.576,
            "Actual Total Time": 109.418,
            "Actual Rows": 1,
            "Actual Loops": 1,
            "Output": [
                "count(*)"
            ],
            "Plans": [
                {
                    "Node Type": "Gather",
                    "Parent Relationship": "Outer",
                    "Parallel Aware": false,
                    "Startup Cost": 32961.39,
                    "Total Cost": 32961.7,
                    "Plan Rows": 3,
                    "Plan Width": 8,
                    "Actual Startup Time": 102.485,
                    "Actual Total Time": 109.412,
                    "Actual Rows": 4,
                    "Actual Loops": 1,
                    "Output": [
                        "(PARTIAL count(*))"
                    ],
                    "Workers Planned": 3,
                    "Workers Launched": 3,
                    "Single Copy": false,
                    "Plans": [
                        {
                            "Node Type": "Aggregate",
                            "Strategy": "Plain",
                            "Partial Mode": "Partial",
                            "Parent Relationship": "Outer",
                            "Parallel Aware": false,
                            "Startup Cost": 31961.39,
                            "Total Cost": 31961.4,
                            "Plan Rows": 1,
                            "Plan Width": 8,
                            "Actual Startup Time": 94.771,
                            "Actual Total Time": 94.772,
                            "Actual Rows": 1,
                            "Actual Loops": 4,
                            "Output": [
                                "PARTIAL count(*)"
                            ],
                            "Workers": [
                                {
                                    "Worker Number": 0,
                                    "Actual Startup Time": 92.316,
                                    "Actual Total Time": 92.317,
                                    "Actual Rows": 1,
                                    "Actual Loops": 1
                                },
                                {
                                    "Worker Number": 1,
                                    "Actual Startup Time": 92.315,
                                    "Actual Total Time": 92.316,
                                    "Actual Rows": 1,
                                    "Actual Loops": 1
                                },
                                {
                                    "Worker Number": 2,
                                    "Actual Startup Time": 92.586,
                                    "Actual Total Time": 92.587,
                                    "Actual Rows": 1,
                                    "Actual Loops": 1
                                }
                            ],
                            "Plans": [
                                {
                                    "Node Type": "Seq Scan",
                                    "Parent Relationship": "Outer",
                                    "Parallel Aware": true,
                                    "Relation Name": "movie_companies",
                                    "Schema": "public",
                                    "Alias": "mc",
                                    "Startup Cost": 0.0,
                                    "Total Cost": 31414.82,
                                    "Plan Rows": 218630,
                                    "Plan Width": 0,
                                    "Actual Startup Time": 50.762,
                                    "Actual Total Time": 88.522,
                                    "Actual Rows": 108024,
                                    "Actual Loops": 4,
                                    "Output": [
                                        "id",
                                        "movie_id",
                                        "company_id",
                                        "company_type_id",
                                        "note"
                                    ],
                                    "Filter": "((mc.company_id < 11379) AND (mc.company_type_id = 2))",
                                    "Rows Removed by Filter": 544259,
                                    "Workers": [
                                        {
                                            "Worker Number": 0,
                                            "Actual Startup Time": 48.311,
                                            "Actual Total Time": 86.255,
                                            "Actual Rows": 89871,
                                            "Actual Loops": 1
                                        },
                                        {
                                            "Worker Number": 1,
                                            "Actual Startup Time": 48.315,
                                            "Actual Total Time": 86.263,
                                            "Actual Rows": 89327,
                                            "Actual Loops": 1
                                        },
                                        {
                                            "Worker Number": 2,
                                            "Actual Startup Time": 48.563,
                                            "Actual Total Time": 86.665,
                                            "Actual Rows": 87781,
                                            "Actual Loops": 1
                                        }
                                    ]
                                }
                            ]
                        }
                    ]
                }
            ]
        },
        "Planning Time": 1213.971,
        "Triggers": [],
        "Execution Time": 109.502
    }
]