[
  {
    "Plan": {
      "Node Type": "Aggregate",
      "Strategy": "Plain",
      "Partial Mode": "Finalize",
      "Parallel Aware": false,
      "Startup Cost": 32977.97,
      "Total Cost": 32977.98,
      "Plan Rows": 1,
      "Plan Width": 8,
      "Actual Startup Time": 90.385,
      "Actual Total Time": 98.619,
      "Actual Rows": 1,
      "Actual Loops": 1,
      "Plans": [
        {
          "Node Type": "Gather",
          "Parent Relationship": "Outer",
          "Parallel Aware": false,
          "Startup Cost": 32977.65,
          "Total Cost": 32977.96,
          "Plan Rows": 3,
          "Plan Width": 8,
          "Actual Startup Time": 90.242,
          "Actual Total Time": 98.611,
          "Actual Rows": 4,
          "Actual Loops": 1,
          "Workers Planned": 3,
          "Workers Launched": 3,
          "Single Copy": false,
          "Plans": [
            {
              "Node Type": "Aggregate",
              "Strategy": "Plain",
              "Partial Mode": "Partial",
              "Parent Relationship": "Outer",
              "Parallel Aware": false,
              "Startup Cost": 31977.65,
              "Total Cost": 31977.66,
              "Plan Rows": 1,
              "Plan Width": 8,
              "Actual Startup Time": 84.348,
              "Actual Total Time": 84.349,
              "Actual Rows": 1,
              "Actual Loops": 4,
              "Plans": [
                {
                  "Node Type": "Seq Scan",
                  "Parent Relationship": "Outer",
                  "Parallel Aware": true,
                  "Relation Name": "movie_companies",
                  "Alias": "mc",
                  "Startup Cost": 0.0,
                  "Total Cost": 31414.82,
                  "Plan Rows": 225132,
                  "Plan Width": 0,
                  "Actual Startup Time": 49.481,
                  "Actual Total Time": 79.661,
                  "Actual Rows": 111088,
                  "Actual Loops": 4,
                  "Filter": "((company_id < 11854) AND (company_type_id > 1))",
                  "Rows Removed by Filter": 541194
                }
              ]
            }
          ]
        }
      ]
    },
    "Planning Time": 0.192,
    "Triggers": [],
    "Execution Time": 98.674
  }
]