[
  {
    "Plan": {
      "Node Type": "Aggregate",
      "Strategy": "Plain",
      "Partial Mode": "Finalize",
      "Parallel Aware": false,
      "Startup Cost": 31640.72,
      "Total Cost": 31640.73,
      "Plan Rows": 1,
      "Plan Width": 8,
      "Actual Startup Time": 123.234,
      "Actual Total Time": 131.747,
      "Actual Rows": 1,
      "Actual Loops": 1,
      "Plans": [
        {
          "Node Type": "Gather",
          "Parent Relationship": "Outer",
          "Parallel Aware": false,
          "Startup Cost": 31640.4,
          "Total Cost": 31640.71,
          "Plan Rows": 3,
          "Plan Width": 8,
          "Actual Startup Time": 123.111,
          "Actual Total Time": 131.737,
          "Actual Rows": 4,
          "Actual Loops": 1,
          "Workers Planned": 3,
          "Workers Launched": 3,
          "Single Copy": false,
          "Plans": [
            {
              "Node Type": "Aggregate",
              "Strategy": "Plain",
              "Partial Mode": "Partial",
              "Parent Relationship": "Outer",
              "Parallel Aware": false,
              "Startup Cost": 30640.4,
              "Total Cost": 30640.41,
              "Plan Rows": 1,
              "Plan Width": 8,
              "Actual Startup Time": 117.043,
              "Actual Total Time": 117.045,
              "Actual Rows": 1,
              "Actual Loops": 4,
              "Plans": [
                {
                  "Node Type": "Seq Scan",
                  "Parent Relationship": "Outer",
                  "Parallel Aware": true,
                  "Relation Name": "movie_companies",
                  "Alias": "mc",
                  "Startup Cost": 0.0,
                  "Total Cost": 29310.68,
                  "Plan Rows": 531888,
                  "Plan Width": 0,
                  "Actual Startup Time": 2.97,
                  "Actual Total Time": 92.967,
                  "Actual Rows": 412318,
                  "Actual Loops": 4,
                  "Filter": "(company_id > 3900)",
                  "Rows Removed by Filter": 239964
                }
              ]
            }
          ]
        }
      ]
    },
    "Planning Time": 0.231,
    "Triggers": [],
    "Execution Time": 131.803
  }
]