[
  {
    "Plan": {
      "Node Type": "Aggregate",
      "Strategy": "Plain",
      "Partial Mode": "Finalize",
      "Parallel Aware": false,
      "Startup Cost": 99211.7,
      "Total Cost": 99211.71,
      "Plan Rows": 1,
      "Plan Width": 8,
      "Actual Startup Time": 350.333,
      "Actual Total Time": 385.04,
      "Actual Rows": 1,
      "Actual Loops": 1,
      "Plans": [
        {
          "Node Type": "Gather",
          "Parent Relationship": "Outer",
          "Parallel Aware": false,
          "Startup Cost": 99211.39,
          "Total Cost": 99211.7,
          "Plan Rows": 3,
          "Plan Width": 8,
          "Actual Startup Time": 349.501,
          "Actual Total Time": 385.032,
          "Actual Rows": 4,
          "Actual Loops": 1,
          "Workers Planned": 3,
          "Workers Launched": 3,
          "Single Copy": false,
          "Plans": [
            {
              "Node Type": "Aggregate",
              "Strategy": "Plain",
              "Partial Mode": "Partial",
              "Parent Relationship": "Outer",
              "Parallel Aware": false,
              "Startup Cost": 98211.39,
              "Total Cost": 98211.4,
              "Plan Rows": 1,
              "Plan Width": 8,
              "Actual Startup Time": 341.256,
              "Actual Total Time": 341.261,
              "Actual Rows": 1,
              "Actual Loops": 4,
              "Plans": [
                {
                  "Node Type": "Nested Loop",
                  "Parent Relationship": "Outer",
                  "Parallel Aware": false,
                  "Join Type": "Inner",
                  "Startup Cost": 44168.67,
                  "Total Cost": 98159.79,
                  "Plan Rows": 20638,
                  "Plan Width": 0,
                  "Actual Startup Time": 113.165,
                  "Actual Total Time": 332.198,
                  "Actual Rows": 183211,
                  "Actual Loops": 4,
                  "Inner Unique": false,
                  "Join Filter": "(t.id = mi.movie_id)",
                  "Rows Removed by Join Filter": 0,
                  "Plans": [
                    {
                      "Node Type": "Hash Join",
                      "Parent Relationship": "Outer",
                      "Parallel Aware": true,
                      "Join Type": "Inner",
                      "Startup Cost": 44168.23,
                      "Total Cost": 76236.35,
                      "Plan Rows": 8470,
                      "Plan Width": 8,
                      "Actual Startup Time": 113.053,
                      "Actual Total Time": 199.004,
                      "Actual Rows": 4221,
                      "Actual Loops": 4,
                      "Inner Unique": true,
                      "Hash Cond": "(mc.movie_id = t.id)",
                      "Plans": [
                        {
                          "Node Type": "Seq Scan",
                          "Parent Relationship": "Outer",
                          "Parallel Aware": true,
                          "Relation Name": "movie_companies",
                          "Alias": "mc",
                          "Startup Cost": 0.0,
                          "Total Cost": 31414.82,
                          "Plan Rows": 248875,
                          "Plan Width": 4,
                          "Actual Startup Time": 3.386,
                          "Actual Total Time": 69.077,
                          "Actual Rows": 139152,
                          "Actual Loops": 4,
                          "Filter": "((company_id > 5808) AND (company_type_id = 1))",
                          "Rows Removed by Filter": 513130
                        },
                        {
                          "Node Type": "Hash",
                          "Parent Relationship": "Inner",
                          "Parallel Aware": true,
                          "Startup Cost": 43899.32,
                          "Total Cost": 43899.32,
                          "Plan Rows": 21513,
                          "Plan Width": 4,
                          "Actual Startup Time": 108.45,
                          "Actual Total Time": 108.451,
                          "Actual Rows": 21148,
                          "Actual Loops": 4,
                          "Hash Buckets": 131072,
                          "Original Hash Buckets": 131072,
                          "Hash Batches": 1,
                          "Original Hash Batches": 1,
                          "Peak Memory Usage": 4384,
                          "Plans": [
                            {
                              "Node Type": "Seq Scan",
                              "Parent Relationship": "Outer",
                              "Parallel Aware": true,
                              "Relation Name": "title",
                              "Alias": "t",
                              "Startup Cost": 0.0,
                              "Total Cost": 43899.32,
                              "Plan Rows": 21513,
                              "Plan Width": 4,
                              "Actual Startup Time": 0.049,
                              "Actual Total Time": 99.015,
                              "Actual Rows": 21148,
                              "Actual Loops": 4,
                              "Filter": "(production_year = 2004)",
                              "Rows Removed by Filter": 610930
                            }
                          ]
                        }
                      ]
                    },
                    {
                      "Node Type": "Index Scan",
                      "Parent Relationship": "Inner",
                      "Parallel Aware": false,
                      "Scan Direction": "Forward",
                      "Index Name": "movie_id_movie_info",
                      "Relation Name": "movie_info",
                      "Alias": "mi",
                      "Startup Cost": 0.43,
                      "Total Cost": 2.38,
                      "Plan Rows": 17,
                      "Plan Width": 4,
                      "Actual Startup Time": 0.009,
                      "Actual Total Time": 0.027,
                      "Actual Rows": 43,
                      "Actual Loops": 16884,
                      "Index Cond": "(movie_id = mc.movie_id)",
                      "Rows Removed by Index Recheck": 0,
                      "Filter": "(info_type_id > 8)",
                      "Rows Removed by Filter": 15
                    }
                  ]
                }
              ]
            }
          ]
        }
      ]
    },
    "Planning Time": 0.881,
    "Triggers": [],
    "Execution Time": 385.101
  }
]