[
  {
    "Plan": {
      "Node Type": "Aggregate",
      "Strategy": "Plain",
      "Partial Mode": "Finalize",
      "Parallel Aware": false,
      "Startup Cost": 146938.18,
      "Total Cost": 146938.19,
      "Plan Rows": 1,
      "Plan Width": 8,
      "Actual Startup Time": 1944.543,
      "Actual Total Time": 1976.186,
      "Actual Rows": 1,
      "Actual Loops": 1,
      "Plans": [
        {
          "Node Type": "Gather",
          "Parent Relationship": "Outer",
          "Parallel Aware": false,
          "Startup Cost": 146937.87,
          "Total Cost": 146938.18,
          "Plan Rows": 3,
          "Plan Width": 8,
          "Actual Startup Time": 1930.368,
          "Actual Total Time": 1976.178,
          "Actual Rows": 4,
          "Actual Loops": 1,
          "Workers Planned": 3,
          "Workers Launched": 3,
          "Single Copy": false,
          "Plans": [
            {
              "Node Type": "Aggregate",
              "Strategy": "Plain",
              "Partial Mode": "Partial",
              "Parent Relationship": "Outer",
              "Parallel Aware": false,
              "Startup Cost": 145937.87,
              "Total Cost": 145937.88,
              "Plan Rows": 1,
              "Plan Width": 8,
              "Actual Startup Time": 1910.234,
              "Actual Total Time": 1910.239,
              "Actual Rows": 1,
              "Actual Loops": 4,
              "Plans": [
                {
                  "Node Type": "Hash Join",
                  "Parent Relationship": "Outer",
                  "Parallel Aware": true,
                  "Join Type": "Inner",
                  "Startup Cost": 90986.31,
                  "Total Cost": 142717.33,
                  "Plan Rows": 1288216,
                  "Plan Width": 0,
                  "Actual Startup Time": 867.707,
                  "Actual Total Time": 1601.374,
                  "Actual Rows": 7725801,
                  "Actual Loops": 4,
                  "Inner Unique": false,
                  "Hash Cond": "(mk.movie_id = t.id)",
                  "Plans": [
                    {
                      "Node Type": "Seq Scan",
                      "Parent Relationship": "Outer",
                      "Parallel Aware": true,
                      "Relation Name": "movie_keyword",
                      "Alias": "mk",
                      "Startup Cost": 0.0,
                      "Total Cost": 42695.65,
                      "Plan Rows": 1301290,
                      "Plan Width": 4,
                      "Actual Startup Time": 0.06,
                      "Actual Total Time": 114.14,
                      "Actual Rows": 1011803,
                      "Actual Loops": 4,
                      "Filter": "(keyword_id < 37475)",
                      "Rows Removed by Filter": 119180
                    },
                    {
                      "Node Type": "Hash",
                      "Parent Relationship": "Inner",
                      "Parallel Aware": true,
                      "Startup Cost": 80894.01,
                      "Total Cost": 80894.01,
                      "Plan Rows": 807384,
                      "Plan Width": 8,
                      "Actual Startup Time": 856.473,
                      "Actual Total Time": 856.477,
                      "Actual Rows": 629177,
                      "Actual Loops": 4,
                      "Hash Buckets": 4194304,
                      "Original Hash Buckets": 4194304,
                      "Hash Batches": 1,
                      "Original Hash Batches": 1,
                      "Peak Memory Usage": 131264,
                      "Plans": [
                        {
                          "Node Type": "Hash Join",
                          "Parent Relationship": "Outer",
                          "Parallel Aware": true,
                          "Join Type": "Inner",
                          "Startup Cost": 51478.12,
                          "Total Cost": 80894.01,
                          "Plan Rows": 807384,
                          "Plan Width": 8,
                          "Actual Startup Time": 350.0,
                          "Actual Total Time": 649.355,
                          "Actual Rows": 629177,
                          "Actual Loops": 4,
                          "Inner Unique": true,
                          "Hash Cond": "(mc.movie_id = t.id)",
                          "Plans": [
                            {
                              "Node Type": "Seq Scan",
                              "Parent Relationship": "Outer",
                              "Parallel Aware": true,
                              "Relation Name": "movie_companies",
                              "Alias": "mc",
                              "Startup Cost": 0.0,
                              "Total Cost": 27206.55,
                              "Plan Rows": 841655,
                              "Plan Width": 4,
                              "Actual Startup Time": 0.022,
                              "Actual Total Time": 61.24,
                              "Actual Rows": 652282,
                              "Actual Loops": 4
                            },
                            {
                              "Node Type": "Hash",
                              "Parent Relationship": "Inner",
                              "Parallel Aware": true,
                              "Startup Cost": 43898.92,
                              "Total Cost": 43898.92,
                              "Plan Rows": 606336,
                              "Plan Width": 4,
                              "Actual Startup Time": 343.98,
                              "Actual Total Time": 343.981,
                              "Actual Rows": 605292,
                              "Actual Loops": 4,
                              "Hash Buckets": 4194304,
                              "Original Hash Buckets": 4194304,
                              "Hash Batches": 1,
                              "Original Hash Batches": 1,
                              "Peak Memory Usage": 127552,
                              "Plans": [
                                {
                                  "Node Type": "Seq Scan",
                                  "Parent Relationship": "Outer",
                                  "Parallel Aware": true,
                                  "Relation Name": "title",
                                  "Alias": "t",
                                  "Startup Cost": 0.0,
                                  "Total Cost": 43898.92,
                                  "Plan Rows": 606336,
                                  "Plan Width": 4,
                                  "Actual Startup Time": 0.05,
                                  "Actual Total Time": 112.108,
                                  "Actual Rows": 605292,
                                  "Actual Loops": 4,
                                  "Filter": "(production_year > 1911)",
                                  "Rows Removed by Filter": 26786
                                }
                              ]
                            }
                          ]
                        }
                      ]
                    }
                  ]
                }
              ]
            }
          ]
        }
      ]
    },
    "Planning Time": 1.42,
    "Triggers": [],
    "Execution Time": 1976.269
  }
]