{
  "Plan": {
    "Node Type": "Aggregate",
    "Strategy": "Plain",
    "Partial Mode": "Finalize",
    "Parallel Aware": false,
    "Startup Cost": 480860.4,
    "Total Cost": 480860.41,
    "Plan Rows": 1,
    "Plan Width": 8,
    "Actual Startup Time": 1485.378,
    "Actual Total Time": 1512.459,
    "Actual Rows": 1,
    "Actual Loops": 1,
    "Plans": [
      {
        "Node Type": "Gather",
        "Parent Relationship": "Outer",
        "Parallel Aware": false,
        "Startup Cost": 480860.29,
        "Total Cost": 480860.4,
        "Plan Rows": 1,
        "Plan Width": 8,
        "Actual Startup Time": 1485.325,
        "Actual Total Time": 1512.454,
        "Actual Rows": 2,
        "Actual Loops": 1,
        "Workers Planned": 1,
        "Workers Launched": 1,
        "Single Copy": false,
        "Plans": [
          {
            "Node Type": "Aggregate",
            "Strategy": "Plain",
            "Partial Mode": "Partial",
            "Parent Relationship": "Outer",
            "Parallel Aware": false,
            "Startup Cost": 479860.29,
            "Total Cost": 479860.3,
            "Plan Rows": 1,
            "Plan Width": 8,
            "Actual Startup Time": 1479.463,
            "Actual Total Time": 1479.468,
            "Actual Rows": 1,
            "Actual Loops": 2,
            "Plans": [
              {
                "Node Type": "Hash Join",
                "Parent Relationship": "Outer",
                "Parallel Aware": true,
                "Join Type": "Inner",
                "Startup Cost": 69362.8,
                "Total Cost": 479756.79,
                "Plan Rows": 41400,
                "Plan Width": 0,
                "Actual Startup Time": 47.081,
                "Actual Total Time": 1473.331,
                "Actual Rows": 122287,
                "Actual Loops": 2,
                "Inner Unique": false,
                "Hash Cond": "(ci.movie_id = t.id)",
                "Plans": [
                  {
                    "Node Type": "Index Scan",
                    "Parent Relationship": "Outer",
                    "Parallel Aware": true,
                    "Scan Direction": "Forward",
                    "Index Name": "role_id_cast_info",
                    "Relation Name": "cast_info",
                    "Alias": "ci",
                    "Startup Cost": 0.56,
                    "Total Cost": 382631.05,
                    "Plan Rows": 7338659,
                    "Plan Width": 4,
                    "Actual Startup Time": 0.044,
                    "Actual Total Time": 814.487,
                    "Actual Rows": 6335344,
                    "Actual Loops": 2,
                    "Index Cond": "(role_id = 1)",
                    "Rows Removed by Index Recheck": 0
                  },
                  {
                    "Node Type": "Hash",
                    "Parent Relationship": "Inner",
                    "Parallel Aware": true,
                    "Startup Cost": 69257.36,
                    "Total Cost": 69257.36,
                    "Plan Rows": 8390,
                    "Plan Width": 8,
                    "Actual Startup Time": 46.463,
                    "Actual Total Time": 46.466,
                    "Actual Rows": 6447,
                    "Actual Loops": 2,
                    "Hash Buckets": 16384,
                    "Original Hash Buckets": 16384,
                    "Hash Batches": 1,
                    "Original Hash Batches": 1,
                    "Peak Memory Usage": 672,
                    "Plans": [
                      {
                        "Node Type": "Nested Loop",
                        "Parent Relationship": "Outer",
                        "Parallel Aware": false,
                        "Join Type": "Inner",
                        "Startup Cost": 311.4,
                        "Total Cost": 69257.36,
                        "Plan Rows": 8390,
                        "Plan Width": 8,
                        "Actual Startup Time": 2.198,
                        "Actual Total Time": 43.972,
                        "Actual Rows": 6447,
                        "Actual Loops": 2,
                        "Inner Unique": true,
                        "Plans": [
                          {
                            "Node Type": "Bitmap Heap Scan",
                            "Parent Relationship": "Outer",
                            "Parallel Aware": true,
                            "Relation Name": "movie_companies",
                            "Alias": "mc",
                            "Startup Cost": 310.97,
                            "Total Cost": 18764.01,
                            "Plan Rows": 8390,
                            "Plan Width": 4,
                            "Actual Startup Time": 2.065,
                            "Actual Total Time": 9.199,
                            "Actual Rows": 6447,
                            "Actual Loops": 2,
                            "Recheck Cond": "(company_id = 34)",
                            "Rows Removed by Index Recheck": 0,
                            "Exact Heap Blocks": 3029,
                            "Lossy Heap Blocks": 0,
                            "Plans": [
                              {
                                "Node Type": "Bitmap Index Scan",
                                "Parent Relationship": "Outer",
                                "Parallel Aware": false,
                                "Index Name": "company_id_movie_companies",
                                "Startup Cost": 0.0,
                                "Total Cost": 307.4,
                                "Plan Rows": 14263,
                                "Plan Width": 0,
                                "Actual Startup Time": 2.361,
                                "Actual Total Time": 2.361,
                                "Actual Rows": 12894,
                                "Actual Loops": 1,
                                "Index Cond": "(company_id = 34)"
                              }
                            ]
                          },
                          {
                            "Node Type": "Index Only Scan",
                            "Parent Relationship": "Inner",
                            "Parallel Aware": false,
                            "Scan Direction": "Forward",
                            "Index Name": "title_pkey",
                            "Relation Name": "title",
                            "Alias": "t",
                            "Startup Cost": 0.43,
                            "Total Cost": 6.02,
                            "Plan Rows": 1,
                            "Plan Width": 4,
                            "Actual Startup Time": 0.005,
                            "Actual Total Time": 0.005,
                            "Actual Rows": 1,
                            "Actual Loops": 12894,
                            "Index Cond": "(id = mc.movie_id)",
                            "Rows Removed by Index Recheck": 0,
                            "Heap Fetches": 12894
                          }
                        ]
                      }
                    ]
                  }
                ]
              }
            ]
          }
        ]
      }
    ]
  },
  "Planning Time": 0.643,
  "Triggers": [],
  "Execution Time": 1512.533
}