[
  {
    "Plan": {
      "Node Type": "Aggregate",
      "Strategy": "Plain",
      "Partial Mode": "Finalize",
      "Parallel Aware": false,
      "Startup Cost": 55246.22,
      "Total Cost": 55246.23,
      "Plan Rows": 1,
      "Plan Width": 8,
      "Actual Startup Time": 106.371,
      "Actual Total Time": 120.122,
      "Actual Rows": 1,
      "Actual Loops": 1,
      "Plans": [
        {
          "Node Type": "Gather",
          "Parent Relationship": "Outer",
          "Parallel Aware": false,
          "Startup Cost": 55245.8,
          "Total Cost": 55246.21,
          "Plan Rows": 4,
          "Plan Width": 8,
          "Actual Startup Time": 106.158,
          "Actual Total Time": 120.11,
          "Actual Rows": 5,
          "Actual Loops": 1,
          "Workers Planned": 4,
          "Workers Launched": 4,
          "Single Copy": false,
          "Plans": [
            {
              "Node Type": "Aggregate",
              "Strategy": "Plain",
              "Partial Mode": "Partial",
              "Parent Relationship": "Outer",
              "Parallel Aware": false,
              "Startup Cost": 54245.8,
              "Total Cost": 54245.81,
              "Plan Rows": 1,
              "Plan Width": 8,
              "Actual Startup Time": 99.109,
              "Actual Total Time": 99.111,
              "Actual Rows": 1,
              "Actual Loops": 5,
              "Plans": [
                {
                  "Node Type": "Nested Loop",
                  "Parent Relationship": "Outer",
                  "Parallel Aware": false,
                  "Join Type": "Inner",
                  "Startup Cost": 0.43,
                  "Total Cost": 54245.15,
                  "Plan Rows": 260,
                  "Plan Width": 0,
                  "Actual Startup Time": 0.847,
                  "Actual Total Time": 99.017,
                  "Actual Rows": 564,
                  "Actual Loops": 5,
                  "Inner Unique": false,
                  "Plans": [
                    {
                      "Node Type": "Seq Scan",
                      "Parent Relationship": "Outer",
                      "Parallel Aware": true,
                      "Relation Name": "title",
                      "Alias": "t",
                      "Startup Cost": 0.0,
                      "Total Cost": 45479.59,
                      "Plan Rows": 1413,
                      "Plan Width": 4,
                      "Actual Startup Time": 0.342,
                      "Actual Total Time": 85.721,
                      "Actual Rows": 1345,
                      "Actual Loops": 5,
                      "Filter": "((kind_id < 4) AND (production_year = 1984))",
                      "Rows Removed by Filter": 504317
                    },
                    {
                      "Node Type": "Index Scan",
                      "Parent Relationship": "Inner",
                      "Parallel Aware": false,
                      "Scan Direction": "Forward",
                      "Index Name": "movie_id_movie_info_idx",
                      "Relation Name": "movie_info_idx",
                      "Alias": "mi_idx",
                      "Startup Cost": 0.43,
                      "Total Cost": 6.19,
                      "Plan Rows": 1,
                      "Plan Width": 4,
                      "Actual Startup Time": 0.009,
                      "Actual Total Time": 0.009,
                      "Actual Rows": 0,
                      "Actual Loops": 6727,
                      "Index Cond": "(movie_id = t.id)",
                      "Rows Removed by Index Recheck": 0,
                      "Filter": "(info_type_id > 100)",
                      "Rows Removed by Filter": 1
                    }
                  ]
                }
              ]
            }
          ]
        }
      ]
    },
    "Planning Time": 0.272,
    "Triggers": [],
    "Execution Time": 120.166
  }
]