[
  {
    "Plan": {
      "Node Type": "Aggregate",
      "Strategy": "Plain",
      "Partial Mode": "Finalize",
      "Parallel Aware": false,
      "Startup Cost": 55724.97,
      "Total Cost": 55724.98,
      "Plan Rows": 1,
      "Plan Width": 8,
      "Actual Startup Time": 97.432,
      "Actual Total Time": 108.975,
      "Actual Rows": 1,
      "Actual Loops": 1,
      "Plans": [
        {
          "Node Type": "Gather",
          "Parent Relationship": "Outer",
          "Parallel Aware": false,
          "Startup Cost": 55724.55,
          "Total Cost": 55724.96,
          "Plan Rows": 4,
          "Plan Width": 8,
          "Actual Startup Time": 97.308,
          "Actual Total Time": 108.967,
          "Actual Rows": 5,
          "Actual Loops": 1,
          "Workers Planned": 4,
          "Workers Launched": 4,
          "Single Copy": false,
          "Plans": [
            {
              "Node Type": "Aggregate",
              "Strategy": "Plain",
              "Partial Mode": "Partial",
              "Parent Relationship": "Outer",
              "Parallel Aware": false,
              "Startup Cost": 54724.55,
              "Total Cost": 54724.56,
              "Plan Rows": 1,
              "Plan Width": 8,
              "Actual Startup Time": 87.361,
              "Actual Total Time": 87.362,
              "Actual Rows": 1,
              "Actual Loops": 5,
              "Plans": [
                {
                  "Node Type": "Nested Loop",
                  "Parent Relationship": "Outer",
                  "Parallel Aware": false,
                  "Join Type": "Inner",
                  "Startup Cost": 0.43,
                  "Total Cost": 54723.86,
                  "Plan Rows": 277,
                  "Plan Width": 0,
                  "Actual Startup Time": 2.71,
                  "Actual Total Time": 87.274,
                  "Actual Rows": 564,
                  "Actual Loops": 5,
                  "Inner Unique": false,
                  "Plans": [
                    {
                      "Node Type": "Seq Scan",
                      "Parent Relationship": "Outer",
                      "Parallel Aware": true,
                      "Relation Name": "title",
                      "Alias": "t",
                      "Startup Cost": 0.0,
                      "Total Cost": 45479.1,
                      "Plan Rows": 1520,
                      "Plan Width": 4,
                      "Actual Startup Time": 1.332,
                      "Actual Total Time": 77.359,
                      "Actual Rows": 1345,
                      "Actual Loops": 5,
                      "Filter": "((kind_id < 4) AND (production_year = 1984))",
                      "Rows Removed by Filter": 504317
                    },
                    {
                      "Node Type": "Index Scan",
                      "Parent Relationship": "Inner",
                      "Parallel Aware": false,
                      "Scan Direction": "Forward",
                      "Index Name": "movie_id_movie_info_idx",
                      "Relation Name": "movie_info_idx",
                      "Alias": "mi_idx",
                      "Startup Cost": 0.43,
                      "Total Cost": 6.07,
                      "Plan Rows": 1,
                      "Plan Width": 4,
                      "Actual Startup Time": 0.007,
                      "Actual Total Time": 0.007,
                      "Actual Rows": 0,
                      "Actual Loops": 6727,
                      "Index Cond": "(movie_id = t.id)",
                      "Rows Removed by Index Recheck": 0,
                      "Filter": "(info_type_id > 100)",
                      "Rows Removed by Filter": 1
                    }
                  ]
                }
              ]
            }
          ]
        }
      ]
    },
    "Planning Time": 0.621,
    "Triggers": [],
    "Execution Time": 109.048
  }
]