[
  {
    "Plan": {
      "Node Type": "Aggregate",
      "Strategy": "Plain",
      "Partial Mode": "Finalize",
      "Parallel Aware": false,
      "Startup Cost": 103881.98,
      "Total Cost": 103881.99,
      "Plan Rows": 1,
      "Plan Width": 8,
      "Actual Startup Time": 422.028,
      "Actual Total Time": 440.897,
      "Actual Rows": 1,
      "Actual Loops": 1,
      "Plans": [
        {
          "Node Type": "Gather",
          "Parent Relationship": "Outer",
          "Parallel Aware": false,
          "Startup Cost": 103881.76,
          "Total Cost": 103881.97,
          "Plan Rows": 2,
          "Plan Width": 8,
          "Actual Startup Time": 418.688,
          "Actual Total Time": 440.888,
          "Actual Rows": 3,
          "Actual Loops": 1,
          "Workers Planned": 2,
          "Workers Launched": 2,
          "Single Copy": false,
          "Plans": [
            {
              "Node Type": "Aggregate",
              "Strategy": "Plain",
              "Partial Mode": "Partial",
              "Parent Relationship": "Outer",
              "Parallel Aware": false,
              "Startup Cost": 102881.76,
              "Total Cost": 102881.77,
              "Plan Rows": 1,
              "Plan Width": 8,
              "Actual Startup Time": 408.036,
              "Actual Total Time": 408.042,
              "Actual Rows": 1,
              "Actual Loops": 3,
              "Plans": [
                {
                  "Node Type": "Hash Join",
                  "Parent Relationship": "Outer",
                  "Parallel Aware": true,
                  "Join Type": "Inner",
                  "Startup Cost": 86843.71,
                  "Total Cost": 102795.92,
                  "Plan Rows": 34336,
                  "Plan Width": 0,
                  "Actual Startup Time": 338.706,
                  "Actual Total Time": 406.838,
                  "Actual Rows": 29335,
                  "Actual Loops": 3,
                  "Inner Unique": false,
                  "Hash Cond": "(mi_idx.movie_id = t.id)",
                  "Plans": [
                    {
                      "Node Type": "Seq Scan",
                      "Parent Relationship": "Outer",
                      "Parallel Aware": true,
                      "Relation Name": "movie_info_idx",
                      "Alias": "mi_idx",
                      "Startup Cost": 0.0,
                      "Total Cost": 13685.15,
                      "Plan Rows": 575015,
                      "Plan Width": 4,
                      "Actual Startup Time": 0.016,
                      "Actual Total Time": 37.064,
                      "Actual Rows": 460012,
                      "Actual Loops": 3
                    },
                    {
                      "Node Type": "Hash",
                      "Parent Relationship": "Inner",
                      "Parallel Aware": true,
                      "Startup Cost": 86234.91,
                      "Total Cost": 86234.91,
                      "Plan Rows": 48704,
                      "Plan Width": 8,
                      "Actual Startup Time": 328.583,
                      "Actual Total Time": 328.588,
                      "Actual Rows": 17205,
                      "Actual Loops": 3,
                      "Hash Buckets": 262144,
                      "Original Hash Buckets": 262144,
                      "Hash Batches": 1,
                      "Original Hash Batches": 1,
                      "Peak Memory Usage": 4128,
                      "Plans": [
                        {
                          "Node Type": "Hash Join",
                          "Parent Relationship": "Outer",
                          "Parallel Aware": true,
                          "Join Type": "Inner",
                          "Startup Cost": 59146.2,
                          "Total Cost": 86234.91,
                          "Plan Rows": 48704,
                          "Plan Width": 8,
                          "Actual Startup Time": 226.802,
                          "Actual Total Time": 323.35,
                          "Actual Rows": 17205,
                          "Actual Loops": 3,
                          "Inner Unique": true,
                          "Hash Cond": "(mk.movie_id = t.id)",
                          "Plans": [
                            {
                              "Node Type": "Bitmap Heap Scan",
                              "Parent Relationship": "Outer",
                              "Parallel Aware": true,
                              "Relation Name": "movie_keyword",
                              "Alias": "mk",
                              "Startup Cost": 11457.48,
                              "Total Cost": 38088.92,
                              "Plan Rows": 174195,
                              "Plan Width": 4,
                              "Actual Startup Time": 33.426,
                              "Actual Total Time": 96.34,
                              "Actual Rows": 180224,
                              "Actual Loops": 3,
                              "Recheck Cond": "(keyword_id > 33972)",
                              "Rows Removed by Index Recheck": 0,
                              "Exact Heap Blocks": 10168,
                              "Lossy Heap Blocks": 0,
                              "Plans": [
                                {
                                  "Node Type": "Bitmap Index Scan",
                                  "Parent Relationship": "Outer",
                                  "Parallel Aware": false,
                                  "Index Name": "keyword_id_movie_keyword",
                                  "Startup Cost": 0.0,
                                  "Total Cost": 11322.48,
                                  "Plan Rows": 540006,
                                  "Plan Width": 0,
                                  "Actual Startup Time": 29.921,
                                  "Actual Total Time": 29.922,
                                  "Actual Rows": 540671,
                                  "Actual Loops": 1,
                                  "Index Cond": "(keyword_id > 33972)"
                                }
                              ]
                            },
                            {
                              "Node Type": "Hash",
                              "Parent Relationship": "Inner",
                              "Parallel Aware": true,
                              "Startup Cost": 45479.59,
                              "Total Cost": 45479.59,
                              "Plan Rows": 176731,
                              "Plan Width": 4,
                              "Actual Startup Time": 188.701,
                              "Actual Total Time": 188.702,
                              "Actual Rows": 198143,
                              "Actual Loops": 3,
                              "Hash Buckets": 1048576,
                              "Original Hash Buckets": 1048576,
                              "Hash Batches": 1,
                              "Original Hash Batches": 1,
                              "Peak Memory Usage": 31488,
                              "Plans": [
                                {
                                  "Node Type": "Seq Scan",
                                  "Parent Relationship": "Outer",
                                  "Parallel Aware": true,
                                  "Relation Name": "title",
                                  "Alias": "t",
                                  "Startup Cost": 0.0,
                                  "Total Cost": 45479.59,
                                  "Plan Rows": 176731,
                                  "Plan Width": 4,
                                  "Actual Startup Time": 0.05,
                                  "Actual Total Time": 120.328,
                                  "Actual Rows": 198143,
                                  "Actual Loops": 3,
                                  "Filter": "((kind_id > 3) AND (production_year < 2001))",
                                  "Rows Removed by Filter": 644628
                                }
                              ]
                            }
                          ]
                        }
                      ]
                    }
                  ]
                }
              ]
            }
          ]
        }
      ]
    },
    "Planning Time": 1.327,
    "Triggers": [],
    "Execution Time": 440.999
  }
]