[
  {
    "Plan": {
      "Node Type": "Aggregate",
      "Strategy": "Plain",
      "Partial Mode": "Finalize",
      "Parallel Aware": false,
      "Startup Cost": 404382.07,
      "Total Cost": 404382.08,
      "Plan Rows": 1,
      "Plan Width": 8,
      "Actual Startup Time": 1970.752,
      "Actual Total Time": 2048.699,
      "Actual Rows": 1,
      "Actual Loops": 1,
      "Plans": [
        {
          "Node Type": "Gather",
          "Parent Relationship": "Outer",
          "Parallel Aware": false,
          "Startup Cost": 404381.44,
          "Total Cost": 404382.05,
          "Plan Rows": 6,
          "Plan Width": 8,
          "Actual Startup Time": 1953.773,
          "Actual Total Time": 2048.684,
          "Actual Rows": 7,
          "Actual Loops": 1,
          "Workers Planned": 6,
          "Workers Launched": 6,
          "Single Copy": false,
          "Plans": [
            {
              "Node Type": "Aggregate",
              "Strategy": "Plain",
              "Partial Mode": "Partial",
              "Parent Relationship": "Outer",
              "Parallel Aware": false,
              "Startup Cost": 403381.44,
              "Total Cost": 403381.45,
              "Plan Rows": 1,
              "Plan Width": 8,
              "Actual Startup Time": 1939.209,
              "Actual Total Time": 1939.212,
              "Actual Rows": 1,
              "Actual Loops": 7,
              "Plans": [
                {
                  "Node Type": "Hash Join",
                  "Parent Relationship": "Outer",
                  "Parallel Aware": true,
                  "Join Type": "Inner",
                  "Startup Cost": 49457.33,
                  "Total Cost": 399101.78,
                  "Plan Rows": 1711864,
                  "Plan Width": 0,
                  "Actual Startup Time": 423.77,
                  "Actual Total Time": 1857.857,
                  "Actual Rows": 1415961,
                  "Actual Loops": 7,
                  "Inner Unique": true,
                  "Hash Cond": "(ci.movie_id = t.id)",
                  "Plans": [
                    {
                      "Node Type": "Seq Scan",
                      "Parent Relationship": "Outer",
                      "Parallel Aware": true,
                      "Relation Name": "cast_info",
                      "Alias": "ci",
                      "Startup Cost": 0.0,
                      "Total Cost": 343257.03,
                      "Plan Rows": 2433301,
                      "Plan Width": 4,
                      "Actual Startup Time": 196.679,
                      "Actual Total Time": 807.998,
                      "Actual Rows": 1841195,
                      "Actual Loops": 7,
                      "Filter": "((person_id > 1387307) AND (role_id < 4))",
                      "Rows Removed by Filter": 3336568
                    },
                    {
                      "Node Type": "Hash",
                      "Parent Relationship": "Inner",
                      "Parallel Aware": true,
                      "Startup Cost": 43898.92,
                      "Total Cost": 43898.92,
                      "Plan Rows": 444673,
                      "Plan Width": 4,
                      "Actual Startup Time": 222.058,
                      "Actual Total Time": 222.059,
                      "Actual Rows": 253153,
                      "Actual Loops": 7,
                      "Hash Buckets": 2097152,
                      "Original Hash Buckets": 2097152,
                      "Hash Batches": 1,
                      "Original Hash Batches": 1,
                      "Peak Memory Usage": 85824,
                      "Plans": [
                        {
                          "Node Type": "Seq Scan",
                          "Parent Relationship": "Outer",
                          "Parallel Aware": true,
                          "Relation Name": "title",
                          "Alias": "t",
                          "Startup Cost": 0.0,
                          "Total Cost": 43898.92,
                          "Plan Rows": 444673,
                          "Plan Width": 4,
                          "Actual Startup Time": 0.041,
                          "Actual Total Time": 93.88,
                          "Actual Rows": 253153,
                          "Actual Loops": 7,
                          "Filter": "(production_year > 1989)",
                          "Rows Removed by Filter": 108034
                        }
                      ]
                    }
                  ]
                }
              ]
            }
          ]
        }
      ]
    },
    "Planning Time": 0.528,
    "Triggers": [],
    "Execution Time": 2048.776
  }
]