{
  "Plan": {
    "Node Type": "Aggregate",
    "Strategy": "Plain",
    "Partial Mode": "Finalize",
    "Parallel Aware": false,
    "Startup Cost": 795947.0,
    "Total Cost": 795947.01,
    "Plan Rows": 1,
    "Plan Width": 8,
    "Actual Startup Time": 12691.856,
    "Actual Total Time": 12753.73,
    "Actual Rows": 1,
    "Actual Loops": 1,
    "Plans": [
      {
        "Node Type": "Gather",
        "Parent Relationship": "Outer",
        "Parallel Aware": false,
        "Startup Cost": 795946.88,
        "Total Cost": 795946.99,
        "Plan Rows": 1,
        "Plan Width": 8,
        "Actual Startup Time": 12683.5,
        "Actual Total Time": 12753.722,
        "Actual Rows": 2,
        "Actual Loops": 1,
        "Workers Planned": 1,
        "Workers Launched": 1,
        "Single Copy": false,
        "Plans": [
          {
            "Node Type": "Aggregate",
            "Strategy": "Plain",
            "Partial Mode": "Partial",
            "Parent Relationship": "Outer",
            "Parallel Aware": false,
            "Startup Cost": 794946.88,
            "Total Cost": 794946.89,
            "Plan Rows": 1,
            "Plan Width": 8,
            "Actual Startup Time": 12673.883,
            "Actual Total Time": 12673.889,
            "Actual Rows": 1,
            "Actual Loops": 2,
            "Plans": [
              {
                "Node Type": "Hash Join",
                "Parent Relationship": "Outer",
                "Parallel Aware": true,
                "Join Type": "Inner",
                "Startup Cost": 480404.25,
                "Total Cost": 785111.98,
                "Plan Rows": 3933961,
                "Plan Width": 0,
                "Actual Startup Time": 3488.571,
                "Actual Total Time": 10937.508,
                "Actual Rows": 41882710,
                "Actual Loops": 2,
                "Inner Unique": false,
                "Hash Cond": "(mi.movie_id = t.id)",
                "Plans": [
                  {
                    "Node Type": "Seq Scan",
                    "Parent Relationship": "Outer",
                    "Parallel Aware": true,
                    "Relation Name": "movie_info",
                    "Alias": "mi",
                    "Startup Cost": 0.0,
                    "Total Cost": 248955.74,
                    "Plan Rows": 8696274,
                    "Plan Width": 4,
                    "Actual Startup Time": 0.015,
                    "Actual Total Time": 666.94,
                    "Actual Rows": 7417860,
                    "Actual Loops": 2
                  },
                  {
                    "Node Type": "Hash",
                    "Parent Relationship": "Inner",
                    "Parallel Aware": true,
                    "Startup Cost": 471994.45,
                    "Total Cost": 471994.45,
                    "Plan Rows": 672784,
                    "Plan Width": 8,
                    "Actual Startup Time": 3471.307,
                    "Actual Total Time": 3471.312,
                    "Actual Rows": 1670562,
                    "Actual Loops": 2,
                    "Hash Buckets": 4194304,
                    "Original Hash Buckets": 2097152,
                    "Hash Batches": 1,
                    "Original Hash Batches": 1,
                    "Peak Memory Usage": 179904,
                    "Plans": [
                      {
                        "Node Type": "Hash Join",
                        "Parent Relationship": "Outer",
                        "Parallel Aware": true,
                        "Join Type": "Inner",
                        "Startup Cost": 61913.35,
                        "Total Cost": 471994.45,
                        "Plan Rows": 672784,
                        "Plan Width": 8,
                        "Actual Startup Time": 247.045,
                        "Actual Total Time": 2875.985,
                        "Actual Rows": 1670562,
                        "Actual Loops": 2,
                        "Inner Unique": true,
                        "Hash Cond": "(ci.movie_id = t.id)",
                        "Plans": [
                          {
                            "Node Type": "Index Scan",
                            "Parent Relationship": "Outer",
                            "Parallel Aware": true,
                            "Scan Direction": "Forward",
                            "Index Name": "role_id_cast_info",
                            "Relation Name": "cast_info",
                            "Alias": "ci",
                            "Startup Cost": 0.56,
                            "Total Cost": 400977.7,
                            "Plan Rows": 3468174,
                            "Plan Width": 4,
                            "Actual Startup Time": 0.039,
                            "Actual Total Time": 1053.774,
                            "Actual Rows": 6194114,
                            "Actual Loops": 2,
                            "Index Cond": "(role_id < 2)",
                            "Rows Removed by Index Recheck": 0,
                            "Filter": "(person_id < 1698450)",
                            "Rows Removed by Filter": 141230
                          },
                          {
                            "Node Type": "Hash",
                            "Parent Relationship": "Inner",
                            "Parallel Aware": true,
                            "Startup Cost": 58306.47,
                            "Total Cost": 58306.47,
                            "Plan Rows": 288505,
                            "Plan Width": 4,
                            "Actual Startup Time": 244.603,
                            "Actual Total Time": 244.604,
                            "Actual Rows": 290710,
                            "Actual Loops": 2,
                            "Hash Buckets": 1048576,
                            "Original Hash Buckets": 524288,
                            "Hash Batches": 1,
                            "Original Hash Batches": 1,
                            "Peak Memory Usage": 35040,
                            "Plans": [
                              {
                                "Node Type": "Seq Scan",
                                "Parent Relationship": "Outer",
                                "Parallel Aware": true,
                                "Relation Name": "title",
                                "Alias": "t",
                                "Startup Cost": 0.0,
                                "Total Cost": 58306.47,
                                "Plan Rows": 288505,
                                "Plan Width": 4,
                                "Actual Startup Time": 0.054,
                                "Actual Total Time": 147.93,
                                "Actual Rows": 290710,
                                "Actual Loops": 2,
                                "Filter": "((kind_id < 7) AND (production_year < 2004))",
                                "Rows Removed by Filter": 973446
                              }
                            ]
                          }
                        ]
                      }
                    ]
                  }
                ]
              }
            ]
          }
        ]
      }
    ]
  },
  "Planning Time": 0.915,
  "Triggers": [],
  "Execution Time": 12753.827
}