[
  {
    "Plan": {
      "Node Type": "Aggregate",
      "Strategy": "Plain",
      "Partial Mode": "Finalize",
      "Parallel Aware": false,
      "Startup Cost": 102744.47,
      "Total Cost": 102744.48,
      "Plan Rows": 1,
      "Plan Width": 8,
      "Actual Startup Time": 486.662,
      "Actual Total Time": 506.046,
      "Actual Rows": 1,
      "Actual Loops": 1,
      "Plans": [
        {
          "Node Type": "Gather",
          "Parent Relationship": "Outer",
          "Parallel Aware": false,
          "Startup Cost": 102744.15,
          "Total Cost": 102744.46,
          "Plan Rows": 3,
          "Plan Width": 8,
          "Actual Startup Time": 485.15,
          "Actual Total Time": 506.033,
          "Actual Rows": 4,
          "Actual Loops": 1,
          "Workers Planned": 3,
          "Workers Launched": 3,
          "Single Copy": false,
          "Plans": [
            {
              "Node Type": "Aggregate",
              "Strategy": "Plain",
              "Partial Mode": "Partial",
              "Parent Relationship": "Outer",
              "Parallel Aware": false,
              "Startup Cost": 101744.15,
              "Total Cost": 101744.16,
              "Plan Rows": 1,
              "Plan Width": 8,
              "Actual Startup Time": 478.097,
              "Actual Total Time": 478.202,
              "Actual Rows": 1,
              "Actual Loops": 4,
              "Plans": [
                {
                  "Node Type": "Nested Loop",
                  "Parent Relationship": "Outer",
                  "Parallel Aware": false,
                  "Join Type": "Inner",
                  "Startup Cost": 45992.66,
                  "Total Cost": 101694.74,
                  "Plan Rows": 19763,
                  "Plan Width": 0,
                  "Actual Startup Time": 151.281,
                  "Actual Total Time": 452.572,
                  "Actual Rows": 510872,
                  "Actual Loops": 4,
                  "Inner Unique": false,
                  "Join Filter": "(t.id = mk.movie_id)",
                  "Rows Removed by Join Filter": 0,
                  "Plans": [
                    {
                      "Node Type": "Hash Join",
                      "Parent Relationship": "Outer",
                      "Parallel Aware": true,
                      "Join Type": "Inner",
                      "Startup Cost": 45992.22,
                      "Total Cost": 77853.93,
                      "Plan Rows": 11045,
                      "Plan Width": 8,
                      "Actual Startup Time": 151.134,
                      "Actual Total Time": 230.366,
                      "Actual Rows": 22922,
                      "Actual Loops": 4,
                      "Inner Unique": true,
                      "Hash Cond": "(mc.movie_id = t.id)",
                      "Plans": [
                        {
                          "Node Type": "Seq Scan",
                          "Parent Relationship": "Outer",
                          "Parallel Aware": true,
                          "Relation Name": "movie_companies",
                          "Alias": "mc",
                          "Startup Cost": 0.0,
                          "Total Cost": 31414.82,
                          "Plan Rows": 170244,
                          "Plan Width": 4,
                          "Actual Startup Time": 10.952,
                          "Actual Total Time": 69.574,
                          "Actual Rows": 57554,
                          "Actual Loops": 4,
                          "Filter": "((company_id > 14490) AND (company_type_id = 1))",
                          "Rows Removed by Filter": 594728
                        },
                        {
                          "Node Type": "Hash",
                          "Parent Relationship": "Inner",
                          "Parallel Aware": true,
                          "Startup Cost": 45479.59,
                          "Total Cost": 45479.59,
                          "Plan Rows": 41011,
                          "Plan Width": 4,
                          "Actual Startup Time": 138.783,
                          "Actual Total Time": 138.787,
                          "Actual Rows": 76442,
                          "Actual Loops": 4,
                          "Hash Buckets": 524288,
                          "Original Hash Buckets": 262144,
                          "Hash Batches": 1,
                          "Original Hash Batches": 1,
                          "Peak Memory Usage": 18144,
                          "Plans": [
                            {
                              "Node Type": "Seq Scan",
                              "Parent Relationship": "Outer",
                              "Parallel Aware": true,
                              "Relation Name": "title",
                              "Alias": "t",
                              "Startup Cost": 0.0,
                              "Total Cost": 45479.59,
                              "Plan Rows": 41011,
                              "Plan Width": 4,
                              "Actual Startup Time": 56.532,
                              "Actual Total Time": 102.786,
                              "Actual Rows": 76442,
                              "Actual Loops": 4,
                              "Filter": "((production_year < 1988) AND (kind_id = 1))",
                              "Rows Removed by Filter": 555636
                            }
                          ]
                        }
                      ]
                    },
                    {
                      "Node Type": "Index Only Scan",
                      "Parent Relationship": "Inner",
                      "Parallel Aware": false,
                      "Scan Direction": "Forward",
                      "Index Name": "movie_id_movie_keyword",
                      "Relation Name": "movie_keyword",
                      "Alias": "mk",
                      "Startup Cost": 0.43,
                      "Total Cost": 1.58,
                      "Plan Rows": 46,
                      "Plan Width": 4,
                      "Actual Startup Time": 0.004,
                      "Actual Total Time": 0.007,
                      "Actual Rows": 22,
                      "Actual Loops": 91687,
                      "Index Cond": "(movie_id = mc.movie_id)",
                      "Rows Removed by Index Recheck": 0,
                      "Heap Fetches": 2043489
                    }
                  ]
                }
              ]
            }
          ]
        }
      ]
    },
    "Planning Time": 0.729,
    "Triggers": [],
    "Execution Time": 506.1
  }
]