[
    {
        "Bao": {
            "Bao prediction": "NaN",
            "Bao recommended hint": "(no hint)"
        }
    },
    {
        "Plan": {
            "Node Type": "Aggregate",
            "Strategy": "Plain",
            "Partial Mode": "Simple",
            "Parallel Aware": false,
            "Startup Cost": 15295.88,
            "Total Cost": 15295.89,
            "Plan Rows": 1,
            "Plan Width": 8,
            "Actual Startup Time": 6.165,
            "Actual Total Time": 6.167,
            "Actual Rows": 1,
            "Actual Loops": 1,
            "Output": [
                "count(*)"
            ],
            "Plans": [
                {
                    "Node Type": "Bitmap Heap Scan",
                    "Parent Relationship": "Outer",
                    "Parallel Aware": false,
                    "Relation Name": "movie_keyword",
                    "Schema": "public",
                    "Alias": "mk",
                    "Startup Cost": 145.23,
                    "Total Cost": 15278.85,
                    "Plan Rows": 6812,
                    "Plan Width": 0,
                    "Actual Startup Time": 1.026,
                    "Actual Total Time": 5.608,
                    "Actual Rows": 5232,
                    "Actual Loops": 1,
                    "Recheck Cond": "(mk.keyword_id > 129301)",
                    "Rows Removed by Index Recheck": 0,
                    "Exact Heap Blocks": 1679,
                    "Lossy Heap Blocks": 0,
                    "Plans": [
                        {
                            "Node Type": "Bitmap Index Scan",
                            "Parent Relationship": "Outer",
                            "Parallel Aware": false,
                            "Index Name": "keyword_id_movie_keyword",
                            "Startup Cost": 0.0,
                            "Total Cost": 143.52,
                            "Plan Rows": 6812,
                            "Plan Width": 0,
                            "Actual Startup Time": 0.631,
                            "Actual Total Time": 0.631,
                            "Actual Rows": 5232,
                            "Actual Loops": 1,
                            "Index Cond": "(mk.keyword_id > 129301)"
                        }
                    ]
                }
            ]
        },
        "Planning Time": 242.739,
        "Triggers": [],
        "Execution Time": 6.229
    }
]