[
  {
    "Plan": {
      "Node Type": "Aggregate",
      "Strategy": "Plain",
      "Partial Mode": "Finalize",
      "Parallel Aware": false,
      "Startup Cost": 61611.3,
      "Total Cost": 61611.31,
      "Plan Rows": 1,
      "Plan Width": 8,
      "Actual Startup Time": 91.788,
      "Actual Total Time": 104.818,
      "Actual Rows": 1,
      "Actual Loops": 1,
      "Plans": [
        {
          "Node Type": "Gather",
          "Parent Relationship": "Outer",
          "Parallel Aware": false,
          "Startup Cost": 61610.88,
          "Total Cost": 61611.29,
          "Plan Rows": 4,
          "Plan Width": 8,
          "Actual Startup Time": 91.616,
          "Actual Total Time": 104.81,
          "Actual Rows": 5,
          "Actual Loops": 1,
          "Workers Planned": 4,
          "Workers Launched": 4,
          "Single Copy": false,
          "Plans": [
            {
              "Node Type": "Aggregate",
              "Strategy": "Plain",
              "Partial Mode": "Partial",
              "Parent Relationship": "Outer",
              "Parallel Aware": false,
              "Startup Cost": 60610.88,
              "Total Cost": 60610.89,
              "Plan Rows": 1,
              "Plan Width": 8,
              "Actual Startup Time": 86.445,
              "Actual Total Time": 86.447,
              "Actual Rows": 1,
              "Actual Loops": 5,
              "Plans": [
                {
                  "Node Type": "Nested Loop",
                  "Parent Relationship": "Outer",
                  "Parallel Aware": false,
                  "Join Type": "Inner",
                  "Startup Cost": 0.43,
                  "Total Cost": 60610.17,
                  "Plan Rows": 282,
                  "Plan Width": 0,
                  "Actual Startup Time": 49.751,
                  "Actual Total Time": 86.348,
                  "Actual Rows": 799,
                  "Actual Loops": 5,
                  "Inner Unique": false,
                  "Plans": [
                    {
                      "Node Type": "Seq Scan",
                      "Parent Relationship": "Outer",
                      "Parallel Aware": true,
                      "Relation Name": "title",
                      "Alias": "t",
                      "Startup Cost": 0.0,
                      "Total Cost": 45479.59,
                      "Plan Rows": 1018,
                      "Plan Width": 4,
                      "Actual Startup Time": 49.683,
                      "Actual Total Time": 75.306,
                      "Actual Rows": 921,
                      "Actual Loops": 5,
                      "Filter": "((kind_id < 2) AND (production_year = 1970))",
                      "Rows Removed by Filter": 504741
                    },
                    {
                      "Node Type": "Index Scan",
                      "Parent Relationship": "Inner",
                      "Parallel Aware": false,
                      "Scan Direction": "Forward",
                      "Index Name": "movie_id_movie_companies",
                      "Relation Name": "movie_companies",
                      "Alias": "mc",
                      "Startup Cost": 0.43,
                      "Total Cost": 14.85,
                      "Plan Rows": 1,
                      "Plan Width": 4,
                      "Actual Startup Time": 0.011,
                      "Actual Total Time": 0.011,
                      "Actual Rows": 1,
                      "Actual Loops": 4606,
                      "Index Cond": "(movie_id = t.id)",
                      "Rows Removed by Index Recheck": 0,
                      "Filter": "((company_id > 11149) AND (company_type_id > 1))",
                      "Rows Removed by Filter": 1
                    }
                  ]
                }
              ]
            }
          ]
        }
      ]
    },
    "Planning Time": 0.296,
    "Triggers": [],
    "Execution Time": 104.859
  }
]