[
  {
    "Plan": {
      "Node Type": "Aggregate",
      "Strategy": "Plain",
      "Partial Mode": "Finalize",
      "Parallel Aware": false,
      "Startup Cost": 60681.97,
      "Total Cost": 60681.98,
      "Plan Rows": 1,
      "Plan Width": 8,
      "Actual Startup Time": 119.036,
      "Actual Total Time": 136.665,
      "Actual Rows": 1,
      "Actual Loops": 1,
      "Plans": [
        {
          "Node Type": "Gather",
          "Parent Relationship": "Outer",
          "Parallel Aware": false,
          "Startup Cost": 60681.55,
          "Total Cost": 60681.96,
          "Plan Rows": 4,
          "Plan Width": 8,
          "Actual Startup Time": 118.903,
          "Actual Total Time": 136.656,
          "Actual Rows": 5,
          "Actual Loops": 1,
          "Workers Planned": 4,
          "Workers Launched": 4,
          "Single Copy": false,
          "Plans": [
            {
              "Node Type": "Aggregate",
              "Strategy": "Plain",
              "Partial Mode": "Partial",
              "Parent Relationship": "Outer",
              "Parallel Aware": false,
              "Startup Cost": 59681.55,
              "Total Cost": 59681.56,
              "Plan Rows": 1,
              "Plan Width": 8,
              "Actual Startup Time": 108.938,
              "Actual Total Time": 108.939,
              "Actual Rows": 1,
              "Actual Loops": 5,
              "Plans": [
                {
                  "Node Type": "Nested Loop",
                  "Parent Relationship": "Outer",
                  "Parallel Aware": false,
                  "Join Type": "Inner",
                  "Startup Cost": 0.43,
                  "Total Cost": 59680.91,
                  "Plan Rows": 255,
                  "Plan Width": 0,
                  "Actual Startup Time": 65.412,
                  "Actual Total Time": 108.805,
                  "Actual Rows": 799,
                  "Actual Loops": 5,
                  "Inner Unique": false,
                  "Plans": [
                    {
                      "Node Type": "Seq Scan",
                      "Parent Relationship": "Outer",
                      "Parallel Aware": true,
                      "Relation Name": "title",
                      "Alias": "t",
                      "Startup Cost": 0.0,
                      "Total Cost": 45479.1,
                      "Plan Rows": 940,
                      "Plan Width": 4,
                      "Actual Startup Time": 65.31,
                      "Actual Total Time": 95.864,
                      "Actual Rows": 921,
                      "Actual Loops": 5,
                      "Filter": "((kind_id < 2) AND (production_year = 1970))",
                      "Rows Removed by Filter": 504741
                    },
                    {
                      "Node Type": "Index Scan",
                      "Parent Relationship": "Inner",
                      "Parallel Aware": false,
                      "Scan Direction": "Forward",
                      "Index Name": "movie_id_movie_companies",
                      "Relation Name": "movie_companies",
                      "Alias": "mc",
                      "Startup Cost": 0.43,
                      "Total Cost": 15.1,
                      "Plan Rows": 1,
                      "Plan Width": 4,
                      "Actual Startup Time": 0.013,
                      "Actual Total Time": 0.013,
                      "Actual Rows": 1,
                      "Actual Loops": 4606,
                      "Index Cond": "(movie_id = t.id)",
                      "Rows Removed by Index Recheck": 0,
                      "Filter": "((company_id > 11149) AND (company_type_id > 1))",
                      "Rows Removed by Filter": 1
                    }
                  ]
                }
              ]
            }
          ]
        }
      ]
    },
    "Planning Time": 0.734,
    "Triggers": [],
    "Execution Time": 136.737
  }
]