{
    "Plan": {
        "Node Type": "Aggregate",
        "Strategy": "Plain",
        "Partial Mode": "Finalize",
        "Parallel Aware": false,
        "Startup Cost": 272504.03,
        "Total Cost": 272504.04,
        "Plan Rows": 1,
        "Plan Width": 8,
        "Actual Startup Time": 885.749,
        "Actual Total Time": 929.677,
        "Actual Rows": 1,
        "Actual Loops": 1,
        "Output": [
            "count(*)"
        ],
        "Plans": [
            {
                "Node Type": "Gather",
                "Parent Relationship": "Outer",
                "Parallel Aware": false,
                "Startup Cost": 272503.51,
                "Total Cost": 272504.02,
                "Plan Rows": 5,
                "Plan Width": 8,
                "Actual Startup Time": 874.696,
                "Actual Total Time": 929.665,
                "Actual Rows": 6,
                "Actual Loops": 1,
                "Output": [
                    "(PARTIAL count(*))"
                ],
                "Workers Planned": 5,
                "Workers Launched": 5,
                "Single Copy": false,
                "Plans": [
                    {
                        "Node Type": "Aggregate",
                        "Strategy": "Plain",
                        "Partial Mode": "Partial",
                        "Parent Relationship": "Outer",
                        "Parallel Aware": false,
                        "Startup Cost": 271503.51,
                        "Total Cost": 271503.52,
                        "Plan Rows": 1,
                        "Plan Width": 8,
                        "Actual Startup Time": 864.009,
                        "Actual Total Time": 864.286,
                        "Actual Rows": 1,
                        "Actual Loops": 6,
                        "Output": [
                            "PARTIAL count(*)"
                        ],
                        "Workers": [
                            {
                                "Worker Number": 0,
                                "Actual Startup Time": 861.532,
                                "Actual Total Time": 861.537,
                                "Actual Rows": 1,
                                "Actual Loops": 1
                            },
                            {
                                "Worker Number": 1,
                                "Actual Startup Time": 862.58,
                                "Actual Total Time": 862.585,
                                "Actual Rows": 1,
                                "Actual Loops": 1
                            },
                            {
                                "Worker Number": 2,
                                "Actual Startup Time": 862.117,
                                "Actual Total Time": 862.121,
                                "Actual Rows": 1,
                                "Actual Loops": 1
                            },
                            {
                                "Worker Number": 3,
                                "Actual Startup Time": 862.121,
                                "Actual Total Time": 862.126,
                                "Actual Rows": 1,
                                "Actual Loops": 1
                            },
                            {
                                "Worker Number": 4,
                                "Actual Startup Time": 862.077,
                                "Actual Total Time": 862.082,
                                "Actual Rows": 1,
                                "Actual Loops": 1
                            }
                        ],
                        "Plans": [
                            {
                                "Node Type": "Hash Join",
                                "Parent Relationship": "Outer",
                                "Parallel Aware": true,
                                "Join Type": "Inner",
                                "Startup Cost": 64893.2,
                                "Total Cost": 270716.09,
                                "Plan Rows": 314968,
                                "Plan Width": 0,
                                "Actual Startup Time": 280.957,
                                "Actual Total Time": 826.462,
                                "Actual Rows": 952970,
                                "Actual Loops": 6,
                                "Inner Unique": false,
                                "Hash Cond": "(mi.movie_id = t.id)",
                                "Workers": [
                                    {
                                        "Worker Number": 0,
                                        "Actual Startup Time": 278.752,
                                        "Actual Total Time": 823.977,
                                        "Actual Rows": 951631,
                                        "Actual Loops": 1
                                    },
                                    {
                                        "Worker Number": 1,
                                        "Actual Startup Time": 278.789,
                                        "Actual Total Time": 827.535,
                                        "Actual Rows": 875221,
                                        "Actual Loops": 1
                                    },
                                    {
                                        "Worker Number": 2,
                                        "Actual Startup Time": 279.224,
                                        "Actual Total Time": 824.6,
                                        "Actual Rows": 949967,
                                        "Actual Loops": 1
                                    },
                                    {
                                        "Worker Number": 3,
                                        "Actual Startup Time": 279.176,
                                        "Actual Total Time": 825.06,
                                        "Actual Rows": 938047,
                                        "Actual Loops": 1
                                    },
                                    {
                                        "Worker Number": 4,
                                        "Actual Startup Time": 279.143,
                                        "Actual Total Time": 826.548,
                                        "Actual Rows": 887427,
                                        "Actual Loops": 1
                                    }
                                ],
                                "Plans": [
                                    {
                                        "Node Type": "Seq Scan",
                                        "Parent Relationship": "Outer",
                                        "Parallel Aware": true,
                                        "Relation Name": "movie_info",
                                        "Schema": "public",
                                        "Alias": "mi",
                                        "Startup Cost": 0.0,
                                        "Total Cost": 198880.74,
                                        "Plan Rows": 1501273,
                                        "Plan Width": 4,
                                        "Actual Startup Time": 15.193,
                                        "Actual Total Time": 308.39,
                                        "Actual Rows": 1258142,
                                        "Actual Loops": 6,
                                        "Output": [
                                            "mi.id",
                                            "mi.movie_id",
                                            "mi.info_type_id",
                                            "mi.info",
                                            "mi.note"
                                        ],
                                        "Filter": "(mi.info_type_id > 7)",
                                        "Rows Removed by Filter": 1214478,
                                        "Workers": [
                                            {
                                                "Worker Number": 0,
                                                "Actual Startup Time": 15.199,
                                                "Actual Total Time": 313.605,
                                                "Actual Rows": 1247193,
                                                "Actual Loops": 1
                                            },
                                            {
                                                "Worker Number": 1,
                                                "Actual Startup Time": 15.199,
                                                "Actual Total Time": 316.73,
                                                "Actual Rows": 1159910,
                                                "Actual Loops": 1
                                            },
                                            {
                                                "Worker Number": 2,
                                                "Actual Startup Time": 15.149,
                                                "Actual Total Time": 314.097,
                                                "Actual Rows": 1249976,
                                                "Actual Loops": 1
                                            },
                                            {
                                                "Worker Number": 3,
                                                "Actual Startup Time": 15.212,
                                                "Actual Total Time": 313.227,
                                                "Actual Rows": 1239591,
                                                "Actual Loops": 1
                                            },
                                            {
                                                "Worker Number": 4,
                                                "Actual Startup Time": 15.21,
                                                "Actual Total Time": 318.949,
                                                "Actual Rows": 1154796,
                                                "Actual Loops": 1
                                            }
                                        ]
                                    },
                                    {
                                        "Node Type": "Hash",
                                        "Parent Relationship": "Inner",
                                        "Parallel Aware": true,
                                        "Startup Cost": 62130.48,
                                        "Total Cost": 62130.48,
                                        "Plan Rows": 221018,
                                        "Plan Width": 8,
                                        "Actual Startup Time": 261.929,
                                        "Actual Total Time": 262.204,
                                        "Actual Rows": 108312,
                                        "Actual Loops": 6,
                                        "Output": [
                                            "t.id",
                                            "mi_idx.movie_id"
                                        ],
                                        "Hash Buckets": 1048576,
                                        "Original Hash Buckets": 1048576,
                                        "Hash Batches": 1,
                                        "Original Hash Batches": 1,
                                        "Peak Memory Usage": 33728,
                                        "Workers": [
                                            {
                                                "Worker Number": 0,
                                                "Actual Startup Time": 262.753,
                                                "Actual Total Time": 262.756,
                                                "Actual Rows": 109658,
                                                "Actual Loops": 1
                                            },
                                            {
                                                "Worker Number": 1,
                                                "Actual Startup Time": 262.864,
                                                "Actual Total Time": 262.867,
                                                "Actual Rows": 102144,
                                                "Actual Loops": 1
                                            },
                                            {
                                                "Worker Number": 2,
                                                "Actual Startup Time": 263.203,
                                                "Actual Total Time": 263.206,
                                                "Actual Rows": 109632,
                                                "Actual Loops": 1
                                            },
                                            {
                                                "Worker Number": 3,
                                                "Actual Startup Time": 263.287,
                                                "Actual Total Time": 263.291,
                                                "Actual Rows": 109479,
                                                "Actual Loops": 1
                                            },
                                            {
                                                "Worker Number": 4,
                                                "Actual Startup Time": 263.273,
                                                "Actual Total Time": 263.276,
                                                "Actual Rows": 103206,
                                                "Actual Loops": 1
                                            }
                                        ],
                                        "Plans": [
                                            {
                                                "Node Type": "Hash Join",
                                                "Parent Relationship": "Outer",
                                                "Parallel Aware": true,
                                                "Join Type": "Inner",
                                                "Startup Cost": 46935.92,
                                                "Total Cost": 62130.48,
                                                "Plan Rows": 221018,
                                                "Plan Width": 8,
                                                "Actual Startup Time": 156.273,
                                                "Actual Total Time": 226.633,
                                                "Actual Rows": 108312,
                                                "Actual Loops": 6,
                                                "Output": [
                                                    "t.id",
                                                    "mi_idx.movie_id"
                                                ],
                                                "Inner Unique": true,
                                                "Hash Cond": "(mi_idx.movie_id = t.id)",
                                                "Workers": [
                                                    {
                                                        "Worker Number": 0,
                                                        "Actual Startup Time": 156.419,
                                                        "Actual Total Time": 226.252,
                                                        "Actual Rows": 109658,
                                                        "Actual Loops": 1
                                                    },
                                                    {
                                                        "Worker Number": 1,
                                                        "Actual Startup Time": 156.194,
                                                        "Actual Total Time": 226.512,
                                                        "Actual Rows": 102144,
                                                        "Actual Loops": 1
                                                    },
                                                    {
                                                        "Worker Number": 2,
                                                        "Actual Startup Time": 156.2,
                                                        "Actual Total Time": 226.819,
                                                        "Actual Rows": 109632,
                                                        "Actual Loops": 1
                                                    },
                                                    {
                                                        "Worker Number": 3,
                                                        "Actual Startup Time": 156.27,
                                                        "Actual Total Time": 226.293,
                                                        "Actual Rows": 109479,
                                                        "Actual Loops": 1
                                                    },
                                                    {
                                                        "Worker Number": 4,
                                                        "Actual Startup Time": 156.201,
                                                        "Actual Total Time": 226.398,
                                                        "Actual Rows": 103206,
                                                        "Actual Loops": 1
                                                    }
                                                ],
                                                "Plans": [
                                                    {
                                                        "Node Type": "Seq Scan",
                                                        "Parent Relationship": "Outer",
                                                        "Parallel Aware": true,
                                                        "Relation Name": "movie_info_idx",
                                                        "Schema": "public",
                                                        "Alias": "mi_idx",
                                                        "Startup Cost": 0.0,
                                                        "Total Cost": 13685.15,
                                                        "Plan Rows": 575015,
                                                        "Plan Width": 4,
                                                        "Actual Startup Time": 0.013,
                                                        "Actual Total Time": 20.731,
                                                        "Actual Rows": 230006,
                                                        "Actual Loops": 6,
                                                        "Output": [
                                                            "mi_idx.id",
                                                            "mi_idx.movie_id",
                                                            "mi_idx.info_type_id",
                                                            "mi_idx.info",
                                                            "mi_idx.note"
                                                        ],
                                                        "Workers": [
                                                            {
                                                                "Worker Number": 0,
                                                                "Actual Startup Time": 0.012,
                                                                "Actual Total Time": 21.248,
                                                                "Actual Rows": 233769,
                                                                "Actual Loops": 1
                                                            },
                                                            {
                                                                "Worker Number": 1,
                                                                "Actual Startup Time": 0.019,
                                                                "Actual Total Time": 21.469,
                                                                "Actual Rows": 217958,
                                                                "Actual Loops": 1
                                                            },
                                                            {
                                                                "Worker Number": 2,
                                                                "Actual Startup Time": 0.013,
                                                                "Actual Total Time": 21.274,
                                                                "Actual Rows": 234620,
                                                                "Actual Loops": 1
                                                            },
                                                            {
                                                                "Worker Number": 3,
                                                                "Actual Startup Time": 0.012,
                                                                "Actual Total Time": 21.136,
                                                                "Actual Rows": 231317,
                                                                "Actual Loops": 1
                                                            },
                                                            {
                                                                "Worker Number": 4,
                                                                "Actual Startup Time": 0.012,
                                                                "Actual Total Time": 21.265,
                                                                "Actual Rows": 215576,
                                                                "Actual Loops": 1
                                                            }
                                                        ]
                                                    },
                                                    {
                                                        "Node Type": "Hash",
                                                        "Parent Relationship": "Inner",
                                                        "Parallel Aware": true,
                                                        "Startup Cost": 43899.01,
                                                        "Total Cost": 43899.01,
                                                        "Plan Rows": 242953,
                                                        "Plan Width": 4,
                                                        "Actual Startup Time": 154.169,
                                                        "Actual Total Time": 154.183,
                                                        "Actual Rows": 161865,
                                                        "Actual Loops": 6,
                                                        "Output": [
                                                            "t.id"
                                                        ],
                                                        "Hash Buckets": 1048576,
                                                        "Original Hash Buckets": 1048576,
                                                        "Hash Batches": 1,
                                                        "Original Hash Batches": 1,
                                                        "Peak Memory Usage": 46304,
                                                        "Workers": [
                                                            {
                                                                "Worker Number": 0,
                                                                "Actual Startup Time": 155.942,
                                                                "Actual Total Time": 155.943,
                                                                "Actual Rows": 151780,
                                                                "Actual Loops": 1
                                                            },
                                                            {
                                                                "Worker Number": 1,
                                                                "Actual Startup Time": 155.985,
                                                                "Actual Total Time": 155.986,
                                                                "Actual Rows": 148953,
                                                                "Actual Loops": 1
                                                            },
                                                            {
                                                                "Worker Number": 2,
                                                                "Actual Startup Time": 155.927,
                                                                "Actual Total Time": 155.928,
                                                                "Actual Rows": 151050,
                                                                "Actual Loops": 1
                                                            },
                                                            {
                                                                "Worker Number": 3,
                                                                "Actual Startup Time": 155.965,
                                                                "Actual Total Time": 155.966,
                                                                "Actual Rows": 151464,
                                                                "Actual Loops": 1
                                                            },
                                                            {
                                                                "Worker Number": 4,
                                                                "Actual Startup Time": 155.99,
                                                                "Actual Total Time": 155.991,
                                                                "Actual Rows": 145323,
                                                                "Actual Loops": 1
                                                            }
                                                        ],
                                                        "Plans": [
                                                            {
                                                                "Node Type": "Seq Scan",
                                                                "Parent Relationship": "Outer",
                                                                "Parallel Aware": true,
                                                                "Relation Name": "title",
                                                                "Schema": "public",
                                                                "Alias": "t",
                                                                "Startup Cost": 0.0,
                                                                "Total Cost": 43899.01,
                                                                "Plan Rows": 242953,
                                                                "Plan Width": 4,
                                                                "Actual Startup Time": 0.066,
                                                                "Actual Total Time": 81.948,
                                                                "Actual Rows": 161865,
                                                                "Actual Loops": 6,
                                                                "Output": [
                                                                    "t.id"
                                                                ],
                                                                "Filter": "(t.production_year < 1999)",
                                                                "Rows Removed by Filter": 259521,
                                                                "Workers": [
                                                                    {
                                                                        "Worker Number": 0,
                                                                        "Actual Startup Time": 0.077,
                                                                        "Actual Total Time": 84.286,
                                                                        "Actual Rows": 151780,
                                                                        "Actual Loops": 1
                                                                    },
                                                                    {
                                                                        "Worker Number": 1,
                                                                        "Actual Startup Time": 0.077,
                                                                        "Actual Total Time": 83.501,
                                                                        "Actual Rows": 148953,
                                                                        "Actual Loops": 1
                                                                    },
                                                                    {
                                                                        "Worker Number": 2,
                                                                        "Actual Startup Time": 0.075,
                                                                        "Actual Total Time": 84.0,
                                                                        "Actual Rows": 151050,
                                                                        "Actual Loops": 1
                                                                    },
                                                                    {
                                                                        "Worker Number": 3,
                                                                        "Actual Startup Time": 0.074,
                                                                        "Actual Total Time": 84.448,
                                                                        "Actual Rows": 151464,
                                                                        "Actual Loops": 1
                                                                    },
                                                                    {
                                                                        "Worker Number": 4,
                                                                        "Actual Startup Time": 0.074,
                                                                        "Actual Total Time": 81.557,
                                                                        "Actual Rows": 145323,
                                                                        "Actual Loops": 1
                                                                    }
                                                                ]
                                                            }
                                                        ]
                                                    }
                                                ]
                                            }
                                        ]
                                    }
                                ]
                            }
                        ]
                    }
                ]
            }
        ]
    },
    "Planning Time": 1.624,
    "Triggers": [],
    "Execution Time": 929.775
}