{
  "Plan": {
    "Node Type": "Aggregate",
    "Strategy": "Plain",
    "Partial Mode": "Finalize",
    "Parallel Aware": false,
    "Startup Cost": 658317.28,
    "Total Cost": 658317.29,
    "Plan Rows": 1,
    "Plan Width": 8,
    "Actual Startup Time": 3301.85,
    "Actual Total Time": 3361.942,
    "Actual Rows": 1,
    "Actual Loops": 1,
    "Plans": [
      {
        "Node Type": "Gather",
        "Parent Relationship": "Outer",
        "Parallel Aware": false,
        "Startup Cost": 658317.17,
        "Total Cost": 658317.28,
        "Plan Rows": 1,
        "Plan Width": 8,
        "Actual Startup Time": 3301.193,
        "Actual Total Time": 3361.931,
        "Actual Rows": 2,
        "Actual Loops": 1,
        "Workers Planned": 1,
        "Workers Launched": 1,
        "Single Copy": false,
        "Plans": [
          {
            "Node Type": "Aggregate",
            "Strategy": "Plain",
            "Partial Mode": "Partial",
            "Parent Relationship": "Outer",
            "Parallel Aware": false,
            "Startup Cost": 657317.17,
            "Total Cost": 657317.18,
            "Plan Rows": 1,
            "Plan Width": 8,
            "Actual Startup Time": 3295.151,
            "Actual Total Time": 3295.156,
            "Actual Rows": 1,
            "Actual Loops": 2,
            "Plans": [
              {
                "Node Type": "Hash Join",
                "Parent Relationship": "Outer",
                "Parallel Aware": true,
                "Join Type": "Inner",
                "Startup Cost": 54998.21,
                "Total Cost": 655470.61,
                "Plan Rows": 738623,
                "Plan Width": 0,
                "Actual Startup Time": 125.965,
                "Actual Total Time": 3263.683,
                "Actual Rows": 709446,
                "Actual Loops": 2,
                "Inner Unique": true,
                "Hash Cond": "(ci.movie_id = t.id)",
                "Plans": [
                  {
                    "Node Type": "Seq Scan",
                    "Parent Relationship": "Outer",
                    "Parallel Aware": true,
                    "Relation Name": "cast_info",
                    "Alias": "ci",
                    "Startup Cost": 0.0,
                    "Total Cost": 572345.93,
                    "Plan Rows": 10714832,
                    "Plan Width": 4,
                    "Actual Startup Time": 0.018,
                    "Actual Total Time": 1859.013,
                    "Actual Rows": 10989615,
                    "Actual Loops": 2,
                    "Filter": "((person_id < 2549817) AND (role_id < 5))",
                    "Rows Removed by Filter": 7132557
                  },
                  {
                    "Node Type": "Hash",
                    "Parent Relationship": "Inner",
                    "Parallel Aware": true,
                    "Startup Cost": 53716.68,
                    "Total Cost": 53716.68,
                    "Plan Rows": 102522,
                    "Plan Width": 4,
                    "Actual Startup Time": 122.349,
                    "Actual Total Time": 122.351,
                    "Actual Rows": 80143,
                    "Actual Loops": 2,
                    "Hash Buckets": 262144,
                    "Original Hash Buckets": 262144,
                    "Hash Batches": 1,
                    "Original Hash Batches": 1,
                    "Peak Memory Usage": 8352,
                    "Plans": [
                      {
                        "Node Type": "Bitmap Heap Scan",
                        "Parent Relationship": "Outer",
                        "Parallel Aware": true,
                        "Relation Name": "title",
                        "Alias": "t",
                        "Startup Cost": 11866.42,
                        "Total Cost": 53716.68,
                        "Plan Rows": 102522,
                        "Plan Width": 4,
                        "Actual Startup Time": 35.054,
                        "Actual Total Time": 99.498,
                        "Actual Rows": 80143,
                        "Actual Loops": 2,
                        "Recheck Cond": "(kind_id = 1)",
                        "Rows Removed by Index Recheck": 0,
                        "Filter": "(production_year > 2008)",
                        "Rows Removed by Filter": 251270,
                        "Exact Heap Blocks": 8617,
                        "Lossy Heap Blocks": 0,
                        "Plans": [
                          {
                            "Node Type": "Bitmap Index Scan",
                            "Parent Relationship": "Outer",
                            "Parallel Aware": false,
                            "Index Name": "kind_id_title",
                            "Startup Cost": 0.0,
                            "Total Cost": 11822.85,
                            "Plan Rows": 663256,
                            "Plan Width": 0,
                            "Actual Startup Time": 35.668,
                            "Actual Total Time": 35.669,
                            "Actual Rows": 662825,
                            "Actual Loops": 1,
                            "Index Cond": "(kind_id = 1)"
                          }
                        ]
                      }
                    ]
                  }
                ]
              }
            ]
          }
        ]
      }
    ]
  },
  "Planning Time": 0.674,
  "Triggers": [],
  "Execution Time": 3362.052
}