[
  {
    "Plan": {
      "Node Type": "Aggregate",
      "Strategy": "Plain",
      "Partial Mode": "Finalize",
      "Parallel Aware": false,
      "Startup Cost": 277357.39,
      "Total Cost": 277357.4,
      "Plan Rows": 1,
      "Plan Width": 8,
      "Actual Startup Time": 404.137,
      "Actual Total Time": 426.808,
      "Actual Rows": 1,
      "Actual Loops": 1,
      "Plans": [
        {
          "Node Type": "Gather",
          "Parent Relationship": "Outer",
          "Parallel Aware": false,
          "Startup Cost": 277357.08,
          "Total Cost": 277357.39,
          "Plan Rows": 3,
          "Plan Width": 8,
          "Actual Startup Time": 403.572,
          "Actual Total Time": 426.798,
          "Actual Rows": 4,
          "Actual Loops": 1,
          "Workers Planned": 3,
          "Workers Launched": 3,
          "Single Copy": false,
          "Plans": [
            {
              "Node Type": "Aggregate",
              "Strategy": "Plain",
              "Partial Mode": "Partial",
              "Parent Relationship": "Outer",
              "Parallel Aware": false,
              "Startup Cost": 276357.08,
              "Total Cost": 276357.09,
              "Plan Rows": 1,
              "Plan Width": 8,
              "Actual Startup Time": 396.1,
              "Actual Total Time": 396.104,
              "Actual Rows": 1,
              "Actual Loops": 4,
              "Plans": [
                {
                  "Node Type": "Nested Loop",
                  "Parent Relationship": "Outer",
                  "Parallel Aware": false,
                  "Join Type": "Inner",
                  "Startup Cost": 46117.55,
                  "Total Cost": 274942.18,
                  "Plan Rows": 565959,
                  "Plan Width": 0,
                  "Actual Startup Time": 112.854,
                  "Actual Total Time": 389.587,
                  "Actual Rows": 139524,
                  "Actual Loops": 4,
                  "Inner Unique": false,
                  "Join Filter": "(t.id = mi.movie_id)",
                  "Rows Removed by Join Filter": 0,
                  "Plans": [
                    {
                      "Node Type": "Hash Join",
                      "Parent Relationship": "Outer",
                      "Parallel Aware": true,
                      "Join Type": "Inner",
                      "Startup Cost": 46117.11,
                      "Total Cost": 91948.64,
                      "Plan Rows": 96388,
                      "Plan Width": 8,
                      "Actual Startup Time": 112.737,
                      "Actual Total Time": 297.182,
                      "Actual Rows": 11723,
                      "Actual Loops": 4,
                      "Inner Unique": true,
                      "Hash Cond": "(mk.movie_id = t.id)",
                      "Plans": [
                        {
                          "Node Type": "Seq Scan",
                          "Parent Relationship": "Outer",
                          "Parallel Aware": true,
                          "Relation Name": "movie_keyword",
                          "Alias": "mk",
                          "Startup Cost": 0.0,
                          "Total Cost": 42695.65,
                          "Plan Rows": 1194618,
                          "Plan Width": 4,
                          "Actual Startup Time": 0.029,
                          "Actual Total Time": 117.537,
                          "Actual Rows": 926635,
                          "Actual Loops": 4,
                          "Filter": "(keyword_id < 22395)",
                          "Rows Removed by Filter": 204348
                        },
                        {
                          "Node Type": "Hash",
                          "Parent Relationship": "Inner",
                          "Parallel Aware": true,
                          "Startup Cost": 45479.59,
                          "Total Cost": 45479.59,
                          "Plan Rows": 51002,
                          "Plan Width": 4,
                          "Actual Startup Time": 110.439,
                          "Actual Total Time": 110.44,
                          "Actual Rows": 23836,
                          "Actual Loops": 4,
                          "Hash Buckets": 262144,
                          "Original Hash Buckets": 262144,
                          "Hash Batches": 1,
                          "Original Hash Batches": 1,
                          "Peak Memory Usage": 5856,
                          "Plans": [
                            {
                              "Node Type": "Seq Scan",
                              "Parent Relationship": "Outer",
                              "Parallel Aware": true,
                              "Relation Name": "title",
                              "Alias": "t",
                              "Startup Cost": 0.0,
                              "Total Cost": 45479.59,
                              "Plan Rows": 51002,
                              "Plan Width": 4,
                              "Actual Startup Time": 0.048,
                              "Actual Total Time": 100.449,
                              "Actual Rows": 23836,
                              "Actual Loops": 4,
                              "Filter": "((kind_id > 3) AND (production_year < 1967))",
                              "Rows Removed by Filter": 608242
                            }
                          ]
                        }
                      ]
                    },
                    {
                      "Node Type": "Index Only Scan",
                      "Parent Relationship": "Inner",
                      "Parallel Aware": false,
                      "Scan Direction": "Forward",
                      "Index Name": "movie_id_movie_info",
                      "Relation Name": "movie_info",
                      "Alias": "mi",
                      "Startup Cost": 0.43,
                      "Total Cost": 1.39,
                      "Plan Rows": 41,
                      "Plan Width": 4,
                      "Actual Startup Time": 0.003,
                      "Actual Total Time": 0.007,
                      "Actual Rows": 12,
                      "Actual Loops": 46891,
                      "Index Cond": "(movie_id = mk.movie_id)",
                      "Rows Removed by Index Recheck": 0,
                      "Heap Fetches": 558098
                    }
                  ]
                }
              ]
            }
          ]
        }
      ]
    },
    "Planning Time": 1.041,
    "Triggers": [],
    "Execution Time": 426.876
  }
]