[
  {
    "Plan": {
      "Node Type": "Aggregate",
      "Strategy": "Plain",
      "Partial Mode": "Finalize",
      "Parallel Aware": false,
      "Startup Cost": 46597.05,
      "Total Cost": 46597.06,
      "Plan Rows": 1,
      "Plan Width": 8,
      "Actual Startup Time": 93.652,
      "Actual Total Time": 106.526,
      "Actual Rows": 1,
      "Actual Loops": 1,
      "Plans": [
        {
          "Node Type": "Gather",
          "Parent Relationship": "Outer",
          "Parallel Aware": false,
          "Startup Cost": 46596.63,
          "Total Cost": 46597.04,
          "Plan Rows": 4,
          "Plan Width": 8,
          "Actual Startup Time": 93.404,
          "Actual Total Time": 106.519,
          "Actual Rows": 5,
          "Actual Loops": 1,
          "Workers Planned": 4,
          "Workers Launched": 4,
          "Single Copy": false,
          "Plans": [
            {
              "Node Type": "Aggregate",
              "Strategy": "Plain",
              "Partial Mode": "Partial",
              "Parent Relationship": "Outer",
              "Parallel Aware": false,
              "Startup Cost": 45596.63,
              "Total Cost": 45596.64,
              "Plan Rows": 1,
              "Plan Width": 8,
              "Actual Startup Time": 88.607,
              "Actual Total Time": 88.611,
              "Actual Rows": 1,
              "Actual Loops": 5,
              "Plans": [
                {
                  "Node Type": "Seq Scan",
                  "Parent Relationship": "Outer",
                  "Parallel Aware": true,
                  "Relation Name": "title",
                  "Alias": "t",
                  "Startup Cost": 0.0,
                  "Total Cost": 45479.59,
                  "Plan Rows": 46816,
                  "Plan Width": 0,
                  "Actual Startup Time": 49.618,
                  "Actual Total Time": 85.502,
                  "Actual Rows": 65206,
                  "Actual Loops": 5,
                  "Filter": "((kind_id < 2) AND (production_year < 1992))",
                  "Rows Removed by Filter": 440456
                }
              ]
            }
          ]
        }
      ]
    },
    "Planning Time": 0.231,
    "Triggers": [],
    "Execution Time": 106.588
  }
]