[
  {
    "Plan": {
      "Node Type": "Aggregate",
      "Strategy": "Plain",
      "Partial Mode": "Finalize",
      "Parallel Aware": false,
      "Startup Cost": 278750.82,
      "Total Cost": 278750.83,
      "Plan Rows": 1,
      "Plan Width": 32,
      "Actual Startup Time": 117.651,
      "Actual Total Time": 129.617,
      "Actual Rows": 1,
      "Actual Loops": 1,
      "Plans": [
        {
          "Node Type": "Gather",
          "Parent Relationship": "Outer",
          "Parallel Aware": false,
          "Startup Cost": 278750.4,
          "Total Cost": 278750.81,
          "Plan Rows": 4,
          "Plan Width": 32,
          "Actual Startup Time": 117.366,
          "Actual Total Time": 129.603,
          "Actual Rows": 5,
          "Actual Loops": 1,
          "Workers Planned": 4,
          "Workers Launched": 4,
          "Single Copy": false,
          "Plans": [
            {
              "Node Type": "Aggregate",
              "Strategy": "Plain",
              "Partial Mode": "Partial",
              "Parent Relationship": "Outer",
              "Parallel Aware": false,
              "Startup Cost": 277750.4,
              "Total Cost": 277750.41,
              "Plan Rows": 1,
              "Plan Width": 32,
              "Actual Startup Time": 107.026,
              "Actual Total Time": 107.034,
              "Actual Rows": 1,
              "Actual Loops": 5,
              "Plans": [
                {
                  "Node Type": "Hash Join",
                  "Parent Relationship": "Outer",
                  "Parallel Aware": true,
                  "Join Type": "Inner",
                  "Startup Cost": 232614.62,
                  "Total Cost": 277750.4,
                  "Plan Rows": 1,
                  "Plan Width": 17,
                  "Actual Startup Time": 107.021,
                  "Actual Total Time": 107.028,
                  "Actual Rows": 0,
                  "Actual Loops": 5,
                  "Inner Unique": false,
                  "Hash Cond": "(t.id = mi.movie_id)",
                  "Plans": [
                    {
                      "Node Type": "Seq Scan",
                      "Parent Relationship": "Outer",
                      "Parallel Aware": true,
                      "Relation Name": "title",
                      "Alias": "t",
                      "Startup Cost": 0.0,
                      "Total Cost": 43898.62,
                      "Plan Rows": 329908,
                      "Plan Width": 21,
                      "Actual Startup Time": 0.0,
                      "Actual Total Time": 0.0,
                      "Actual Rows": 0,
                      "Actual Loops": 0,
                      "Filter": "(production_year > 2001)",
                      "Rows Removed by Filter": 0
                    },
                    {
                      "Node Type": "Hash",
                      "Parent Relationship": "Inner",
                      "Parallel Aware": true,
                      "Startup Cost": 232614.61,
                      "Total Cost": 232614.61,
                      "Plan Rows": 1,
                      "Plan Width": 8,
                      "Actual Startup Time": 106.375,
                      "Actual Total Time": 106.381,
                      "Actual Rows": 0,
                      "Actual Loops": 5,
                      "Hash Buckets": 1024,
                      "Original Hash Buckets": 1024,
                      "Hash Batches": 1,
                      "Original Hash Batches": 1,
                      "Peak Memory Usage": 0,
                      "Plans": [
                        {
                          "Node Type": "Hash Join",
                          "Parent Relationship": "Outer",
                          "Parallel Aware": false,
                          "Join Type": "Inner",
                          "Startup Cost": 33523.73,
                          "Total Cost": 232614.61,
                          "Plan Rows": 1,
                          "Plan Width": 8,
                          "Actual Startup Time": 106.247,
                          "Actual Total Time": 106.253,
                          "Actual Rows": 0,
                          "Actual Loops": 5,
                          "Inner Unique": true,
                          "Hash Cond": "(mi.info_type_id = it.id)",
                          "Plans": [
                            {
                              "Node Type": "Hash Join",
                              "Parent Relationship": "Outer",
                              "Parallel Aware": true,
                              "Join Type": "Inner",
                              "Startup Cost": 33520.18,
                              "Total Cost": 232611.06,
                              "Plan Rows": 1,
                              "Plan Width": 12,
                              "Actual Startup Time": 106.034,
                              "Actual Total Time": 106.037,
                              "Actual Rows": 0,
                              "Actual Loops": 5,
                              "Inner Unique": false,
                              "Hash Cond": "(mi.movie_id = mc.movie_id)",
                              "Plans": [
                                {
                                  "Node Type": "Seq Scan",
                                  "Parent Relationship": "Outer",
                                  "Parallel Aware": true,
                                  "Relation Name": "movie_info",
                                  "Alias": "mi",
                                  "Startup Cost": 0.0,
                                  "Total Cost": 199090.3,
                                  "Plan Rows": 151,
                                  "Plan Width": 8,
                                  "Actual Startup Time": 0.0,
                                  "Actual Total Time": 0.0,
                                  "Actual Rows": 0,
                                  "Actual Loops": 0,
                                  "Filter": "(info = ANY ('{America,Sweden}'::text[]))",
                                  "Rows Removed by Filter": 0
                                },
                                {
                                  "Node Type": "Hash",
                                  "Parent Relationship": "Inner",
                                  "Parallel Aware": true,
                                  "Startup Cost": 33520.12,
                                  "Total Cost": 33520.12,
                                  "Plan Rows": 5,
                                  "Plan Width": 4,
                                  "Actual Startup Time": 106.015,
                                  "Actual Total Time": 106.018,
                                  "Actual Rows": 0,
                                  "Actual Loops": 5,
                                  "Hash Buckets": 1024,
                                  "Original Hash Buckets": 1024,
                                  "Hash Batches": 1,
                                  "Original Hash Batches": 1,
                                  "Peak Memory Usage": 0,
                                  "Plans": [
                                    {
                                      "Node Type": "Hash Join",
                                      "Parent Relationship": "Outer",
                                      "Parallel Aware": false,
                                      "Join Type": "Inner",
                                      "Startup Cost": 1.06,
                                      "Total Cost": 33520.12,
                                      "Plan Rows": 5,
                                      "Plan Width": 4,
                                      "Actual Startup Time": 105.986,
                                      "Actual Total Time": 105.988,
                                      "Actual Rows": 0,
                                      "Actual Loops": 5,
                                      "Inner Unique": true,
                                      "Hash Cond": "(mc.company_type_id = ct.id)",
                                      "Plans": [
                                        {
                                          "Node Type": "Seq Scan",
                                          "Parent Relationship": "Outer",
                                          "Parallel Aware": true,
                                          "Relation Name": "movie_companies",
                                          "Alias": "mc",
                                          "Startup Cost": 0.0,
                                          "Total Cost": 33518.95,
                                          "Plan Rows": 19,
                                          "Plan Width": 8,
                                          "Actual Startup Time": 11.01,
                                          "Actual Total Time": 105.802,
                                          "Actual Rows": 284,
                                          "Actual Loops": 5,
                                          "Filter": "((note ~~ '%(VHS)%'::text) AND (note ~~ '%(USA)%'::text) AND (note ~~ '%(1994)%'::text))",
                                          "Rows Removed by Filter": 521542
                                        },
                                        {
                                          "Node Type": "Hash",
                                          "Parent Relationship": "Inner",
                                          "Parallel Aware": false,
                                          "Startup Cost": 1.05,
                                          "Total Cost": 1.05,
                                          "Plan Rows": 1,
                                          "Plan Width": 4,
                                          "Actual Startup Time": 0.061,
                                          "Actual Total Time": 0.062,
                                          "Actual Rows": 1,
                                          "Actual Loops": 5,
                                          "Hash Buckets": 1024,
                                          "Original Hash Buckets": 1024,
                                          "Hash Batches": 1,
                                          "Original Hash Batches": 1,
                                          "Peak Memory Usage": 9,
                                          "Plans": [
                                            {
                                              "Node Type": "Seq Scan",
                                              "Parent Relationship": "Outer",
                                              "Parallel Aware": false,
                                              "Relation Name": "company_type",
                                              "Alias": "ct",
                                              "Startup Cost": 0.0,
                                              "Total Cost": 1.05,
                                              "Plan Rows": 1,
                                              "Plan Width": 4,
                                              "Actual Startup Time": 0.047,
                                              "Actual Total Time": 0.049,
                                              "Actual Rows": 1,
                                              "Actual Loops": 5,
                                              "Filter": "((kind)::text = 'production companies'::text)",
                                              "Rows Removed by Filter": 3
                                            }
                                          ]
                                        }
                                      ]
                                    }
                                  ]
                                }
                              ]
                            },
                            {
                              "Node Type": "Hash",
                              "Parent Relationship": "Inner",
                              "Parallel Aware": false,
                              "Startup Cost": 2.13,
                              "Total Cost": 2.13,
                              "Plan Rows": 113,
                              "Plan Width": 4,
                              "Actual Startup Time": 0.159,
                              "Actual Total Time": 0.16,
                              "Actual Rows": 113,
                              "Actual Loops": 5,
                              "Hash Buckets": 1024,
                              "Original Hash Buckets": 1024,
                              "Hash Batches": 1,
                              "Original Hash Batches": 1,
                              "Peak Memory Usage": 12,
                              "Plans": [
                                {
                                  "Node Type": "Seq Scan",
                                  "Parent Relationship": "Outer",
                                  "Parallel Aware": false,
                                  "Relation Name": "info_type",
                                  "Alias": "it",
                                  "Startup Cost": 0.0,
                                  "Total Cost": 2.13,
                                  "Plan Rows": 113,
                                  "Plan Width": 4,
                                  "Actual Startup Time": 0.075,
                                  "Actual Total Time": 0.1,
                                  "Actual Rows": 113,
                                  "Actual Loops": 5
                                }
                              ]
                            }
                          ]
                        }
                      ]
                    }
                  ]
                }
              ]
            }
          ]
        }
      ]
    },
    "Planning Time": 2.553,
    "Triggers": [],
    "Execution Time": 129.845
  }
]