[
  {
    "Plan": {
      "Node Type": "Aggregate",
      "Strategy": "Plain",
      "Partial Mode": "Finalize",
      "Parallel Aware": false,
      "Startup Cost": 351290.79,
      "Total Cost": 351290.8,
      "Plan Rows": 1,
      "Plan Width": 8,
      "Actual Startup Time": 1037.881,
      "Actual Total Time": 1117.108,
      "Actual Rows": 1,
      "Actual Loops": 1,
      "Plans": [
        {
          "Node Type": "Gather",
          "Parent Relationship": "Outer",
          "Parallel Aware": false,
          "Startup Cost": 351290.16,
          "Total Cost": 351290.77,
          "Plan Rows": 6,
          "Plan Width": 8,
          "Actual Startup Time": 1037.755,
          "Actual Total Time": 1117.096,
          "Actual Rows": 7,
          "Actual Loops": 1,
          "Workers Planned": 6,
          "Workers Launched": 6,
          "Single Copy": false,
          "Plans": [
            {
              "Node Type": "Aggregate",
              "Strategy": "Plain",
              "Partial Mode": "Partial",
              "Parent Relationship": "Outer",
              "Parallel Aware": false,
              "Startup Cost": 350290.16,
              "Total Cost": 350290.17,
              "Plan Rows": 1,
              "Plan Width": 8,
              "Actual Startup Time": 1027.247,
              "Actual Total Time": 1027.248,
              "Actual Rows": 1,
              "Actual Loops": 7,
              "Plans": [
                {
                  "Node Type": "Seq Scan",
                  "Parent Relationship": "Outer",
                  "Parallel Aware": true,
                  "Relation Name": "cast_info",
                  "Alias": "ci",
                  "Startup Cost": 0.0,
                  "Total Cost": 343257.03,
                  "Plan Rows": 2813253,
                  "Plan Width": 0,
                  "Actual Startup Time": 0.053,
                  "Actual Total Time": 866.888,
                  "Actual Rows": 2759408,
                  "Actual Loops": 7,
                  "Filter": "((person_id < 2154459) AND (role_id < 8))",
                  "Rows Removed by Filter": 2418356
                }
              ]
            }
          ]
        }
      ]
    },
    "Planning Time": 0.196,
    "Triggers": [],
    "Execution Time": 1117.179
  }
]