[
  {
    "Plan": {
      "Node Type": "Aggregate",
      "Strategy": "Plain",
      "Partial Mode": "Finalize",
      "Parallel Aware": false,
      "Startup Cost": 26322.89,
      "Total Cost": 26322.9,
      "Plan Rows": 1,
      "Plan Width": 8,
      "Actual Startup Time": 79.908,
      "Actual Total Time": 86.89,
      "Actual Rows": 1,
      "Actual Loops": 1,
      "Plans": [
        {
          "Node Type": "Gather",
          "Parent Relationship": "Outer",
          "Parallel Aware": false,
          "Startup Cost": 26322.57,
          "Total Cost": 26322.88,
          "Plan Rows": 3,
          "Plan Width": 8,
          "Actual Startup Time": 79.608,
          "Actual Total Time": 86.882,
          "Actual Rows": 4,
          "Actual Loops": 1,
          "Workers Planned": 3,
          "Workers Launched": 3,
          "Single Copy": false,
          "Plans": [
            {
              "Node Type": "Aggregate",
              "Strategy": "Plain",
              "Partial Mode": "Partial",
              "Parent Relationship": "Outer",
              "Parallel Aware": false,
              "Startup Cost": 25322.57,
              "Total Cost": 25322.58,
              "Plan Rows": 1,
              "Plan Width": 8,
              "Actual Startup Time": 74.191,
              "Actual Total Time": 74.192,
              "Actual Rows": 1,
              "Actual Loops": 4,
              "Plans": [
                {
                  "Node Type": "Bitmap Heap Scan",
                  "Parent Relationship": "Outer",
                  "Parallel Aware": true,
                  "Relation Name": "movie_companies",
                  "Alias": "mc",
                  "Startup Cost": 5255.93,
                  "Total Cost": 25226.38,
                  "Plan Rows": 38477,
                  "Plan Width": 0,
                  "Actual Startup Time": 25.608,
                  "Actual Total Time": 70.656,
                  "Actual Rows": 45966,
                  "Actual Loops": 4,
                  "Recheck Cond": "(company_id < 94)",
                  "Rows Removed by Index Recheck": 0,
                  "Filter": "(company_type_id < 2)",
                  "Rows Removed by Filter": 13717,
                  "Exact Heap Blocks": 8920,
                  "Lossy Heap Blocks": 0,
                  "Plans": [
                    {
                      "Node Type": "Bitmap Index Scan",
                      "Parent Relationship": "Outer",
                      "Parallel Aware": false,
                      "Index Name": "company_id_movie_companies",
                      "Startup Cost": 0.0,
                      "Total Cost": 5226.11,
                      "Plan Rows": 243958,
                      "Plan Width": 0,
                      "Actual Startup Time": 26.051,
                      "Actual Total Time": 26.052,
                      "Actual Rows": 238732,
                      "Actual Loops": 1,
                      "Index Cond": "(company_id < 94)"
                    }
                  ]
                }
              ]
            }
          ]
        }
      ]
    },
    "Planning Time": 0.197,
    "Triggers": [],
    "Execution Time": 86.959
  }
]