[
    {
        "Bao": {
            "Bao prediction": "NaN",
            "Bao recommended hint": "(no hint)"
        }
    },
    {
        "Plan": {
            "Node Type": "Aggregate",
            "Strategy": "Plain",
            "Partial Mode": "Finalize",
            "Parallel Aware": false,
            "Startup Cost": 297699.79,
            "Total Cost": 297699.8,
            "Plan Rows": 1,
            "Plan Width": 8,
            "Actual Startup Time": 167.158,
            "Actual Total Time": 173.553,
            "Actual Rows": 1,
            "Actual Loops": 1,
            "Output": [
                "count(*)"
            ],
            "Plans": [
                {
                    "Node Type": "Gather",
                    "Parent Relationship": "Outer",
                    "Parallel Aware": false,
                    "Startup Cost": 297699.16,
                    "Total Cost": 297699.77,
                    "Plan Rows": 6,
                    "Plan Width": 8,
                    "Actual Startup Time": 166.293,
                    "Actual Total Time": 173.545,
                    "Actual Rows": 7,
                    "Actual Loops": 1,
                    "Output": [
                        "(PARTIAL count(*))"
                    ],
                    "Workers Planned": 6,
                    "Workers Launched": 6,
                    "Single Copy": false,
                    "Plans": [
                        {
                            "Node Type": "Aggregate",
                            "Strategy": "Plain",
                            "Partial Mode": "Partial",
                            "Parent Relationship": "Outer",
                            "Parallel Aware": false,
                            "Startup Cost": 296699.16,
                            "Total Cost": 296699.17,
                            "Plan Rows": 1,
                            "Plan Width": 8,
                            "Actual Startup Time": 155.898,
                            "Actual Total Time": 155.9,
                            "Actual Rows": 1,
                            "Actual Loops": 7,
                            "Output": [
                                "PARTIAL count(*)"
                            ],
                            "Workers": [
                                {
                                    "Worker Number": 0,
                                    "Actual Startup Time": 153.612,
                                    "Actual Total Time": 153.614,
                                    "Actual Rows": 1,
                                    "Actual Loops": 1
                                },
                                {
                                    "Worker Number": 1,
                                    "Actual Startup Time": 153.695,
                                    "Actual Total Time": 153.696,
                                    "Actual Rows": 1,
                                    "Actual Loops": 1
                                },
                                {
                                    "Worker Number": 2,
                                    "Actual Startup Time": 153.701,
                                    "Actual Total Time": 153.702,
                                    "Actual Rows": 1,
                                    "Actual Loops": 1
                                },
                                {
                                    "Worker Number": 3,
                                    "Actual Startup Time": 154.703,
                                    "Actual Total Time": 154.705,
                                    "Actual Rows": 1,
                                    "Actual Loops": 1
                                },
                                {
                                    "Worker Number": 4,
                                    "Actual Startup Time": 154.87,
                                    "Actual Total Time": 154.871,
                                    "Actual Rows": 1,
                                    "Actual Loops": 1
                                },
                                {
                                    "Worker Number": 5,
                                    "Actual Startup Time": 155.071,
                                    "Actual Total Time": 155.072,
                                    "Actual Rows": 1,
                                    "Actual Loops": 1
                                }
                            ],
                            "Plans": [
                                {
                                    "Node Type": "Bitmap Heap Scan",
                                    "Parent Relationship": "Outer",
                                    "Parallel Aware": true,
                                    "Relation Name": "cast_info",
                                    "Schema": "public",
                                    "Alias": "ci",
                                    "Startup Cost": 39535.19,
                                    "Total Cost": 295953.0,
                                    "Plan Rows": 298465,
                                    "Plan Width": 0,
                                    "Actual Startup Time": 62.423,
                                    "Actual Total Time": 141.116,
                                    "Actual Rows": 271338,
                                    "Actual Loops": 7,
                                    "Recheck Cond": "(ci.person_id > 3688142)",
                                    "Rows Removed by Index Recheck": 0,
                                    "Exact Heap Blocks": 6823,
                                    "Lossy Heap Blocks": 0,
                                    "Workers": [
                                        {
                                            "Worker Number": 0,
                                            "Actual Startup Time": 60.449,
                                            "Actual Total Time": 139.571,
                                            "Actual Rows": 248928,
                                            "Actual Loops": 1
                                        },
                                        {
                                            "Worker Number": 1,
                                            "Actual Startup Time": 60.442,
                                            "Actual Total Time": 139.304,
                                            "Actual Rows": 251367,
                                            "Actual Loops": 1
                                        },
                                        {
                                            "Worker Number": 2,
                                            "Actual Startup Time": 60.364,
                                            "Actual Total Time": 139.11,
                                            "Actual Rows": 185741,
                                            "Actual Loops": 1
                                        },
                                        {
                                            "Worker Number": 3,
                                            "Actual Startup Time": 61.136,
                                            "Actual Total Time": 140.45,
                                            "Actual Rows": 245492,
                                            "Actual Loops": 1
                                        },
                                        {
                                            "Worker Number": 4,
                                            "Actual Startup Time": 61.354,
                                            "Actual Total Time": 140.622,
                                            "Actual Rows": 248323,
                                            "Actual Loops": 1
                                        },
                                        {
                                            "Worker Number": 5,
                                            "Actual Startup Time": 61.551,
                                            "Actual Total Time": 140.81,
                                            "Actual Rows": 255544,
                                            "Actual Loops": 1
                                        }
                                    ],
                                    "Plans": [
                                        {
                                            "Node Type": "Bitmap Index Scan",
                                            "Parent Relationship": "Outer",
                                            "Parallel Aware": false,
                                            "Index Name": "person_id_cast_info",
                                            "Startup Cost": 0.0,
                                            "Total Cost": 39087.49,
                                            "Plan Rows": 1790790,
                                            "Plan Width": 0,
                                            "Actual Startup Time": 67.33,
                                            "Actual Total Time": 67.33,
                                            "Actual Rows": 1899369,
                                            "Actual Loops": 1,
                                            "Index Cond": "(ci.person_id > 3688142)"
                                        }
                                    ]
                                }
                            ]
                        }
                    ]
                }
            ]
        },
        "Planning Time": 196.941,
        "Triggers": [],
        "Execution Time": 173.651
    }
]