[
  {
    "Plan": {
      "Node Type": "Aggregate",
      "Strategy": "Plain",
      "Partial Mode": "Finalize",
      "Parallel Aware": false,
      "Startup Cost": 306754.0,
      "Total Cost": 306754.01,
      "Plan Rows": 1,
      "Plan Width": 8,
      "Actual Startup Time": 243.213,
      "Actual Total Time": 252.662,
      "Actual Rows": 1,
      "Actual Loops": 1,
      "Plans": [
        {
          "Node Type": "Gather",
          "Parent Relationship": "Outer",
          "Parallel Aware": false,
          "Startup Cost": 306753.38,
          "Total Cost": 306753.99,
          "Plan Rows": 6,
          "Plan Width": 8,
          "Actual Startup Time": 242.467,
          "Actual Total Time": 252.654,
          "Actual Rows": 7,
          "Actual Loops": 1,
          "Workers Planned": 6,
          "Workers Launched": 6,
          "Single Copy": false,
          "Plans": [
            {
              "Node Type": "Aggregate",
              "Strategy": "Plain",
              "Partial Mode": "Partial",
              "Parent Relationship": "Outer",
              "Parallel Aware": false,
              "Startup Cost": 305753.38,
              "Total Cost": 305753.39,
              "Plan Rows": 1,
              "Plan Width": 8,
              "Actual Startup Time": 231.2,
              "Actual Total Time": 231.202,
              "Actual Rows": 1,
              "Actual Loops": 7,
              "Plans": [
                {
                  "Node Type": "Bitmap Heap Scan",
                  "Parent Relationship": "Outer",
                  "Parallel Aware": true,
                  "Relation Name": "cast_info",
                  "Alias": "ci",
                  "Startup Cost": 46966.56,
                  "Total Cost": 304979.44,
                  "Plan Rows": 309576,
                  "Plan Width": 0,
                  "Actual Startup Time": 118.263,
                  "Actual Total Time": 214.022,
                  "Actual Rows": 299557,
                  "Actual Loops": 7,
                  "Recheck Cond": "(person_id < 214060)",
                  "Rows Removed by Index Recheck": 0,
                  "Filter": "(role_id < 10)",
                  "Rows Removed by Filter": 13393,
                  "Exact Heap Blocks": 5513,
                  "Lossy Heap Blocks": 0,
                  "Plans": [
                    {
                      "Node Type": "Bitmap Index Scan",
                      "Parent Relationship": "Outer",
                      "Parallel Aware": false,
                      "Index Name": "person_id_cast_info",
                      "Startup Cost": 0.0,
                      "Total Cost": 46502.2,
                      "Plan Rows": 2130351,
                      "Plan Width": 0,
                      "Actual Startup Time": 124.853,
                      "Actual Total Time": 124.855,
                      "Actual Rows": 2190648,
                      "Actual Loops": 1,
                      "Index Cond": "(person_id < 214060)"
                    }
                  ]
                }
              ]
            }
          ]
        }
      ]
    },
    "Planning Time": 0.239,
    "Triggers": [],
    "Execution Time": 252.746
  }
]