[
  {
    "Plan": {
      "Node Type": "Aggregate",
      "Strategy": "Plain",
      "Partial Mode": "Finalize",
      "Parallel Aware": false,
      "Startup Cost": 46163.68,
      "Total Cost": 46163.69,
      "Plan Rows": 1,
      "Plan Width": 8,
      "Actual Startup Time": 165.158,
      "Actual Total Time": 176.112,
      "Actual Rows": 1,
      "Actual Loops": 1,
      "Plans": [
        {
          "Node Type": "Gather",
          "Parent Relationship": "Outer",
          "Parallel Aware": false,
          "Startup Cost": 46163.36,
          "Total Cost": 46163.67,
          "Plan Rows": 3,
          "Plan Width": 8,
          "Actual Startup Time": 165.027,
          "Actual Total Time": 176.103,
          "Actual Rows": 4,
          "Actual Loops": 1,
          "Workers Planned": 3,
          "Workers Launched": 3,
          "Single Copy": false,
          "Plans": [
            {
              "Node Type": "Aggregate",
              "Strategy": "Plain",
              "Partial Mode": "Partial",
              "Parent Relationship": "Outer",
              "Parallel Aware": false,
              "Startup Cost": 45163.36,
              "Total Cost": 45163.37,
              "Plan Rows": 1,
              "Plan Width": 8,
              "Actual Startup Time": 159.379,
              "Actual Total Time": 159.38,
              "Actual Rows": 1,
              "Actual Loops": 4,
              "Plans": [
                {
                  "Node Type": "Seq Scan",
                  "Parent Relationship": "Outer",
                  "Parallel Aware": true,
                  "Relation Name": "movie_keyword",
                  "Alias": "mk",
                  "Startup Cost": 0.0,
                  "Total Cost": 42695.65,
                  "Plan Rows": 987084,
                  "Plan Width": 0,
                  "Actual Startup Time": 0.045,
                  "Actual Total Time": 124.284,
                  "Actual Rows": 763444,
                  "Actual Loops": 4,
                  "Filter": "(keyword_id < 11206)",
                  "Rows Removed by Filter": 367538
                }
              ]
            }
          ]
        }
      ]
    },
    "Planning Time": 0.194,
    "Triggers": [],
    "Execution Time": 176.172
  }
]