[
    {
        "Bao": {
            "Bao prediction": "NaN",
            "Bao recommended hint": "(no hint)"
        }
    },
    {
        "Plan": {
            "Node Type": "Aggregate",
            "Strategy": "Plain",
            "Partial Mode": "Simple",
            "Parallel Aware": false,
            "Startup Cost": 44447.22,
            "Total Cost": 44447.23,
            "Plan Rows": 1,
            "Plan Width": 8,
            "Actual Startup Time": 4.799,
            "Actual Total Time": 4.801,
            "Actual Rows": 1,
            "Actual Loops": 1,
            "Output": [
                "count(*)"
            ],
            "Plans": [
                {
                    "Node Type": "Bitmap Heap Scan",
                    "Parent Relationship": "Outer",
                    "Parallel Aware": false,
                    "Relation Name": "movie_info",
                    "Schema": "public",
                    "Alias": "mi",
                    "Startup Cost": 270.79,
                    "Total Cost": 44410.33,
                    "Plan Rows": 14755,
                    "Plan Width": 0,
                    "Actual Startup Time": 1.156,
                    "Actual Total Time": 4.037,
                    "Actual Rows": 18205,
                    "Actual Loops": 1,
                    "Recheck Cond": "(mi.info_type_id = 11)",
                    "Rows Removed by Index Recheck": 0,
                    "Exact Heap Blocks": 723,
                    "Lossy Heap Blocks": 0,
                    "Plans": [
                        {
                            "Node Type": "Bitmap Index Scan",
                            "Parent Relationship": "Outer",
                            "Parallel Aware": false,
                            "Index Name": "info_type_id_movie_info",
                            "Startup Cost": 0.0,
                            "Total Cost": 267.1,
                            "Plan Rows": 14755,
                            "Plan Width": 0,
                            "Actual Startup Time": 1.09,
                            "Actual Total Time": 1.091,
                            "Actual Rows": 18205,
                            "Actual Loops": 1,
                            "Index Cond": "(mi.info_type_id = 11)"
                        }
                    ]
                }
            ]
        },
        "Planning Time": 199.586,
        "Triggers": [],
        "Execution Time": 4.839
    }
]