{
  "Plan": {
    "Node Type": "Aggregate",
    "Strategy": "Plain",
    "Partial Mode": "Finalize",
    "Parallel Aware": false,
    "Startup Cost": 585663.33,
    "Total Cost": 585663.34,
    "Plan Rows": 1,
    "Plan Width": 8,
    "Actual Startup Time": 3076.324,
    "Actual Total Time": 3144.254,
    "Actual Rows": 1,
    "Actual Loops": 1,
    "Plans": [
      {
        "Node Type": "Gather",
        "Parent Relationship": "Outer",
        "Parallel Aware": false,
        "Startup Cost": 585663.22,
        "Total Cost": 585663.33,
        "Plan Rows": 1,
        "Plan Width": 8,
        "Actual Startup Time": 3075.967,
        "Actual Total Time": 3144.244,
        "Actual Rows": 2,
        "Actual Loops": 1,
        "Workers Planned": 1,
        "Workers Launched": 1,
        "Single Copy": false,
        "Plans": [
          {
            "Node Type": "Aggregate",
            "Strategy": "Plain",
            "Partial Mode": "Partial",
            "Parent Relationship": "Outer",
            "Parallel Aware": false,
            "Startup Cost": 584663.22,
            "Total Cost": 584663.23,
            "Plan Rows": 1,
            "Plan Width": 8,
            "Actual Startup Time": 3070.307,
            "Actual Total Time": 3070.31,
            "Actual Rows": 1,
            "Actual Loops": 2,
            "Plans": [
              {
                "Node Type": "Hash Join",
                "Parent Relationship": "Outer",
                "Parallel Aware": true,
                "Join Type": "Inner",
                "Startup Cost": 59502.44,
                "Total Cost": 581235.8,
                "Plan Rows": 1370969,
                "Plan Width": 0,
                "Actual Startup Time": 148.363,
                "Actual Total Time": 3061.757,
                "Actual Rows": 188568,
                "Actual Loops": 2,
                "Inner Unique": true,
                "Hash Cond": "(ci.movie_id = t.id)",
                "Plans": [
                  {
                    "Node Type": "Seq Scan",
                    "Parent Relationship": "Outer",
                    "Parallel Aware": true,
                    "Relation Name": "cast_info",
                    "Alias": "ci",
                    "Startup Cost": 0.0,
                    "Total Cost": 465792.95,
                    "Plan Rows": 21310595,
                    "Plan Width": 4,
                    "Actual Startup Time": 0.013,
                    "Actual Total Time": 1326.492,
                    "Actual Rows": 18122172,
                    "Actual Loops": 2
                  },
                  {
                    "Node Type": "Hash",
                    "Parent Relationship": "Inner",
                    "Parallel Aware": true,
                    "Startup Cost": 58306.47,
                    "Total Cost": 58306.47,
                    "Plan Rows": 95678,
                    "Plan Width": 4,
                    "Actual Startup Time": 144.727,
                    "Actual Total Time": 144.728,
                    "Actual Rows": 22337,
                    "Actual Loops": 2,
                    "Hash Buckets": 262144,
                    "Original Hash Buckets": 262144,
                    "Hash Batches": 1,
                    "Original Hash Batches": 1,
                    "Peak Memory Usage": 3840,
                    "Plans": [
                      {
                        "Node Type": "Seq Scan",
                        "Parent Relationship": "Outer",
                        "Parallel Aware": true,
                        "Relation Name": "title",
                        "Alias": "t",
                        "Startup Cost": 0.0,
                        "Total Cost": 58306.47,
                        "Plan Rows": 95678,
                        "Plan Width": 4,
                        "Actual Startup Time": 0.056,
                        "Actual Total Time": 137.406,
                        "Actual Rows": 22337,
                        "Actual Loops": 2,
                        "Filter": "((kind_id > 1) AND (production_year < 1959))",
                        "Rows Removed by Filter": 1241819
                      }
                    ]
                  }
                ]
              }
            ]
          }
        ]
      }
    ]
  },
  "Planning Time": 0.498,
  "Triggers": [],
  "Execution Time": 3144.339
}