{
  "Plan": {
    "Node Type": "Aggregate",
    "Strategy": "Plain",
    "Partial Mode": "Simple",
    "Parallel Aware": false,
    "Startup Cost": 28372.82,
    "Total Cost": 28372.83,
    "Plan Rows": 1,
    "Plan Width": 96,
    "Actual Startup Time": 290.535,
    "Actual Total Time": 290.756,
    "Actual Rows": 1,
    "Actual Loops": 1,
    "Plans": [
      {
        "Node Type": "Nested Loop",
        "Parent Relationship": "Outer",
        "Parallel Aware": false,
        "Join Type": "Inner",
        "Startup Cost": 3807.98,
        "Total Cost": 28372.45,
        "Plan Rows": 49,
        "Plan Width": 60,
        "Actual Startup Time": 78.997,
        "Actual Total Time": 287.489,
        "Actual Rows": 14899,
        "Actual Loops": 1,
        "Inner Unique": false,
        "Join Filter": "(mc.company_type_id = ct.id)",
        "Rows Removed by Join Filter": 31580,
        "Plans": [
          {
            "Node Type": "Seq Scan",
            "Parent Relationship": "Outer",
            "Parallel Aware": false,
            "Relation Name": "company_type",
            "Alias": "ct",
            "Startup Cost": 0.0,
            "Total Cost": 1.05,
            "Plan Rows": 3,
            "Plan Width": 4,
            "Actual Startup Time": 0.014,
            "Actual Total Time": 0.028,
            "Actual Rows": 3,
            "Actual Loops": 1,
            "Filter": "((kind IS NOT NULL) AND ((kind)::text <> 'production companies'::text))",
            "Rows Removed by Filter": 1
          },
          {
            "Node Type": "Materialize",
            "Parent Relationship": "Inner",
            "Parallel Aware": false,
            "Startup Cost": 3807.98,
            "Total Cost": 28368.68,
            "Plan Rows": 64,
            "Plan Width": 64,
            "Actual Startup Time": 26.327,
            "Actual Total Time": 93.468,
            "Actual Rows": 15493,
            "Actual Loops": 3,
            "Plans": [
              {
                "Node Type": "Gather",
                "Parent Relationship": "Outer",
                "Parallel Aware": false,
                "Startup Cost": 3807.98,
                "Total Cost": 28368.36,
                "Plan Rows": 64,
                "Plan Width": 64,
                "Actual Startup Time": 78.969,
                "Actual Total Time": 272.967,
                "Actual Rows": 15493,
                "Actual Loops": 1,
                "Workers Planned": 4,
                "Workers Launched": 4,
                "Single Copy": false,
                "Plans": [
                  {
                    "Node Type": "Hash Join",
                    "Parent Relationship": "Outer",
                    "Parallel Aware": false,
                    "Join Type": "Inner",
                    "Startup Cost": 2807.98,
                    "Total Cost": 27361.96,
                    "Plan Rows": 16,
                    "Plan Width": 64,
                    "Actual Startup Time": 64.153,
                    "Actual Total Time": 185.601,
                    "Actual Rows": 3099,
                    "Actual Loops": 5,
                    "Inner Unique": true,
                    "Hash Cond": "(ml.link_type_id = lt.id)",
                    "Plans": [
                      {
                        "Node Type": "Nested Loop",
                        "Parent Relationship": "Outer",
                        "Parallel Aware": false,
                        "Join Type": "Inner",
                        "Startup Cost": 2806.58,
                        "Total Cost": 27360.5,
                        "Plan Rows": 16,
                        "Plan Width": 68,
                        "Actual Startup Time": 63.591,
                        "Actual Total Time": 183.67,
                        "Actual Rows": 3099,
                        "Actual Loops": 5,
                        "Inner Unique": true,
                        "Plans": [
                          {
                            "Node Type": "Nested Loop",
                            "Parent Relationship": "Outer",
                            "Parallel Aware": false,
                            "Join Type": "Inner",
                            "Startup Cost": 2806.16,
                            "Total Cost": 27352.38,
                            "Plan Rows": 18,
                            "Plan Width": 53,
                            "Actual Startup Time": 63.504,
                            "Actual Total Time": 171.925,
                            "Actual Rows": 3102,
                            "Actual Loops": 5,
                            "Inner Unique": false,
                            "Join Filter": "(ml.movie_id = mc.movie_id)",
                            "Rows Removed by Join Filter": 0,
                            "Plans": [
                              {
                                "Node Type": "Hash Join",
                                "Parent Relationship": "Outer",
                                "Parallel Aware": false,
                                "Join Type": "Inner",
                                "Startup Cost": 2805.73,
                                "Total Cost": 27348.32,
                                "Plan Rows": 7,
                                "Plan Width": 33,
                                "Actual Startup Time": 51.423,
                                "Actual Total Time": 167.795,
                                "Actual Rows": 292,
                                "Actual Loops": 5,
                                "Inner Unique": true,
                                "Hash Cond": "(mk.keyword_id = k.id)",
                                "Plans": [
                                  {
                                    "Node Type": "Merge Join",
                                    "Parent Relationship": "Outer",
                                    "Parallel Aware": false,
                                    "Join Type": "Inner",
                                    "Startup Cost": 11.85,
                                    "Total Cost": 23726.3,
                                    "Plan Rows": 315473,
                                    "Plan Width": 37,
                                    "Actual Startup Time": 2.23,
                                    "Actual Total Time": 131.029,
                                    "Actual Rows": 57278,
                                    "Actual Loops": 5,
                                    "Inner Unique": false,
                                    "Merge Cond": "(t.id = ml.movie_id)",
                                    "Plans": [
                                      {
                                        "Node Type": "Merge Join",
                                        "Parent Relationship": "Outer",
                                        "Parallel Aware": false,
                                        "Join Type": "Inner",
                                        "Startup Cost": 11.57,
                                        "Total Cost": 293022.63,
                                        "Plan Rows": 1025743,
                                        "Plan Width": 29,
                                        "Actual Startup Time": 1.125,
                                        "Actual Total Time": 100.287,
                                        "Actual Rows": 19268,
                                        "Actual Loops": 5,
                                        "Inner Unique": false,
                                        "Merge Cond": "(t.id = mk.movie_id)",
                                        "Plans": [
                                          {
                                            "Node Type": "Index Scan",
                                            "Parent Relationship": "Outer",
                                            "Parallel Aware": true,
                                            "Scan Direction": "Forward",
                                            "Index Name": "title_pkey",
                                            "Relation Name": "title",
                                            "Alias": "t",
                                            "Startup Cost": 0.43,
                                            "Total Cost": 92975.56,
                                            "Plan Rows": 573307,
                                            "Plan Width": 21,
                                            "Actual Startup Time": 0.146,
                                            "Actual Total Time": 61.792,
                                            "Actual Rows": 35670,
                                            "Actual Loops": 5,
                                            "Filter": "(production_year > 1950)",
                                            "Rows Removed by Filter": 1650
                                          },
                                          {
                                            "Node Type": "Index Scan",
                                            "Parent Relationship": "Inner",
                                            "Parallel Aware": false,
                                            "Scan Direction": "Forward",
                                            "Index Name": "movie_id_movie_keyword",
                                            "Relation Name": "movie_keyword",
                                            "Alias": "mk",
                                            "Startup Cost": 0.43,
                                            "Total Cost": 177148.48,
                                            "Plan Rows": 4523930,
                                            "Plan Width": 8,
                                            "Actual Startup Time": 0.113,
                                            "Actual Total Time": 25.361,
                                            "Actual Rows": 98036,
                                            "Actual Loops": 5
                                          }
                                        ]
                                      },
                                      {
                                        "Node Type": "Index Scan",
                                        "Parent Relationship": "Inner",
                                        "Parallel Aware": false,
                                        "Scan Direction": "Forward",
                                        "Index Name": "movie_id_movie_link",
                                        "Relation Name": "movie_link",
                                        "Alias": "ml",
                                        "Startup Cost": 0.29,
                                        "Total Cost": 1111.51,
                                        "Plan Rows": 29997,
                                        "Plan Width": 8,
                                        "Actual Startup Time": 0.129,
                                        "Actual Total Time": 18.146,
                                        "Actual Rows": 83959,
                                        "Actual Loops": 5
                                      }
                                    ]
                                  },
                                  {
                                    "Node Type": "Hash",
                                    "Parent Relationship": "Inner",
                                    "Parallel Aware": false,
                                    "Startup Cost": 2793.84,
                                    "Total Cost": 2793.84,
                                    "Plan Rows": 3,
                                    "Plan Width": 4,
                                    "Actual Startup Time": 32.619,
                                    "Actual Total Time": 32.619,
                                    "Actual Rows": 3,
                                    "Actual Loops": 5,
                                    "Hash Buckets": 1024,
                                    "Original Hash Buckets": 1024,
                                    "Hash Batches": 1,
                                    "Original Hash Batches": 1,
                                    "Peak Memory Usage": 9,
                                    "Plans": [
                                      {
                                        "Node Type": "Seq Scan",
                                        "Parent Relationship": "Outer",
                                        "Parallel Aware": false,
                                        "Relation Name": "keyword",
                                        "Alias": "k",
                                        "Startup Cost": 0.0,
                                        "Total Cost": 2793.84,
                                        "Plan Rows": 3,
                                        "Plan Width": 4,
                                        "Actual Startup Time": 2.26,
                                        "Actual Total Time": 32.598,
                                        "Actual Rows": 3,
                                        "Actual Loops": 5,
                                        "Filter": "(keyword = ANY ('{sequel,revenge,based-on-novel}'::text[]))",
                                        "Rows Removed by Filter": 134167
                                      }
                                    ]
                                  }
                                ]
                              },
                              {
                                "Node Type": "Index Scan",
                                "Parent Relationship": "Inner",
                                "Parallel Aware": false,
                                "Scan Direction": "Forward",
                                "Index Name": "movie_id_movie_companies",
                                "Relation Name": "movie_companies",
                                "Alias": "mc",
                                "Startup Cost": 0.43,
                                "Total Cost": 0.54,
                                "Plan Rows": 3,
                                "Plan Width": 36,
                                "Actual Startup Time": 0.004,
                                "Actual Total Time": 0.011,
                                "Actual Rows": 11,
                                "Actual Loops": 1460,
                                "Index Cond": "(movie_id = mk.movie_id)",
                                "Rows Removed by Index Recheck": 0,
                                "Filter": "(note IS NOT NULL)",
                                "Rows Removed by Filter": 2
                              }
                            ]
                          },
                          {
                            "Node Type": "Index Scan",
                            "Parent Relationship": "Inner",
                            "Parallel Aware": false,
                            "Scan Direction": "Forward",
                            "Index Name": "company_name_pkey",
                            "Relation Name": "company_name",
                            "Alias": "cn",
                            "Startup Cost": 0.42,
                            "Total Cost": 0.45,
                            "Plan Rows": 1,
                            "Plan Width": 23,
                            "Actual Startup Time": 0.003,
                            "Actual Total Time": 0.003,
                            "Actual Rows": 1,
                            "Actual Loops": 15510,
                            "Index Cond": "(id = mc.company_id)",
                            "Rows Removed by Index Recheck": 0,
                            "Filter": "((country_code)::text <> '[pl]'::text)",
                            "Rows Removed by Filter": 0
                          }
                        ]
                      },
                      {
                        "Node Type": "Hash",
                        "Parent Relationship": "Inner",
                        "Parallel Aware": false,
                        "Startup Cost": 1.18,
                        "Total Cost": 1.18,
                        "Plan Rows": 18,
                        "Plan Width": 4,
                        "Actual Startup Time": 0.112,
                        "Actual Total Time": 0.113,
                        "Actual Rows": 18,
                        "Actual Loops": 5,
                        "Hash Buckets": 1024,
                        "Original Hash Buckets": 1024,
                        "Hash Batches": 1,
                        "Original Hash Batches": 1,
                        "Peak Memory Usage": 9,
                        "Plans": [
                          {
                            "Node Type": "Seq Scan",
                            "Parent Relationship": "Outer",
                            "Parallel Aware": false,
                            "Relation Name": "link_type",
                            "Alias": "lt",
                            "Startup Cost": 0.0,
                            "Total Cost": 1.18,
                            "Plan Rows": 18,
                            "Plan Width": 4,
                            "Actual Startup Time": 0.079,
                            "Actual Total Time": 0.085,
                            "Actual Rows": 18,
                            "Actual Loops": 5
                          }
                        ]
                      }
                    ]
                  }
                ]
              }
            ]
          }
        ]
      }
    ]
  },
  "Planning Time": 15.116,
  "Triggers": [],
  "Execution Time": 291.651
}