{
  "Plan": {
    "Node Type": "Aggregate",
    "Strategy": "Plain",
    "Partial Mode": "Simple",
    "Parallel Aware": false,
    "Startup Cost": 217789.05,
    "Total Cost": 217789.06,
    "Plan Rows": 1,
    "Plan Width": 96,
    "Actual Startup Time": 1376.352,
    "Actual Total Time": 1376.711,
    "Actual Rows": 1,
    "Actual Loops": 1,
    "Plans": [
      {
        "Node Type": "Nested Loop",
        "Parent Relationship": "Outer",
        "Parallel Aware": false,
        "Join Type": "Inner",
        "Startup Cost": 208503.87,
        "Total Cost": 217788.68,
        "Plan Rows": 49,
        "Plan Width": 60,
        "Actual Startup Time": 1258.829,
        "Actual Total Time": 1375.005,
        "Actual Rows": 14899,
        "Actual Loops": 1,
        "Inner Unique": false,
        "Join Filter": "(mc.company_type_id = ct.id)",
        "Rows Removed by Join Filter": 31580,
        "Plans": [
          {
            "Node Type": "Seq Scan",
            "Parent Relationship": "Outer",
            "Parallel Aware": false,
            "Relation Name": "company_type",
            "Alias": "ct",
            "Startup Cost": 0.0,
            "Total Cost": 1.05,
            "Plan Rows": 3,
            "Plan Width": 4,
            "Actual Startup Time": 0.008,
            "Actual Total Time": 0.013,
            "Actual Rows": 3,
            "Actual Loops": 1,
            "Filter": "((kind IS NOT NULL) AND ((kind)::text <> 'production companies'::text))",
            "Rows Removed by Filter": 1
          },
          {
            "Node Type": "Materialize",
            "Parent Relationship": "Inner",
            "Parallel Aware": false,
            "Startup Cost": 208503.87,
            "Total Cost": 217784.91,
            "Plan Rows": 64,
            "Plan Width": 64,
            "Actual Startup Time": 419.606,
            "Actual Total Time": 457.189,
            "Actual Rows": 15493,
            "Actual Loops": 3,
            "Plans": [
              {
                "Node Type": "Merge Join",
                "Parent Relationship": "Outer",
                "Parallel Aware": false,
                "Join Type": "Inner",
                "Startup Cost": 208503.87,
                "Total Cost": 217784.59,
                "Plan Rows": 64,
                "Plan Width": 64,
                "Actual Startup Time": 1258.814,
                "Actual Total Time": 1364.598,
                "Actual Rows": 15493,
                "Actual Loops": 1,
                "Inner Unique": false,
                "Merge Cond": "(t.id = ml.movie_id)",
                "Plans": [
                  {
                    "Node Type": "Index Scan",
                    "Parent Relationship": "Outer",
                    "Parallel Aware": false,
                    "Scan Direction": "Forward",
                    "Index Name": "title_pkey",
                    "Relation Name": "title",
                    "Alias": "t",
                    "Startup Cost": 0.43,
                    "Total Cost": 116680.33,
                    "Plan Rows": 2293227,
                    "Plan Width": 21,
                    "Actual Startup Time": 0.008,
                    "Actual Total Time": 96.357,
                    "Actual Rows": 156865,
                    "Actual Loops": 1,
                    "Filter": "(production_year > 1950)",
                    "Rows Removed by Filter": 7168
                  },
                  {
                    "Node Type": "Sort",
                    "Parent Relationship": "Inner",
                    "Parallel Aware": false,
                    "Startup Cost": 208503.44,
                    "Total Cost": 208503.62,
                    "Plan Rows": 71,
                    "Plan Width": 59,
                    "Actual Startup Time": 1257.55,
                    "Actual Total Time": 1258.713,
                    "Actual Rows": 15493,
                    "Actual Loops": 1,
                    "Sort Key": [
                      "mc.movie_id"
                    ],
                    "Sort Method": "quicksort",
                    "Sort Space Used": 2469,
                    "Sort Space Type": "Memory",
                    "Plans": [
                      {
                        "Node Type": "Gather",
                        "Parent Relationship": "Outer",
                        "Parallel Aware": false,
                        "Startup Cost": 201606.74,
                        "Total Cost": 208501.26,
                        "Plan Rows": 71,
                        "Plan Width": 59,
                        "Actual Startup Time": 1209.132,
                        "Actual Total Time": 1252.463,
                        "Actual Rows": 15493,
                        "Actual Loops": 1,
                        "Workers Planned": 1,
                        "Workers Launched": 0,
                        "Single Copy": false,
                        "Plans": [
                          {
                            "Node Type": "Hash Join",
                            "Parent Relationship": "Outer",
                            "Parallel Aware": true,
                            "Join Type": "Inner",
                            "Startup Cost": 200606.74,
                            "Total Cost": 207494.16,
                            "Plan Rows": 42,
                            "Plan Width": 59,
                            "Actual Startup Time": 1208.846,
                            "Actual Total Time": 1250.936,
                            "Actual Rows": 15493,
                            "Actual Loops": 1,
                            "Inner Unique": false,
                            "Hash Cond": "(cn.id = mc.company_id)",
                            "Plans": [
                              {
                                "Node Type": "Seq Scan",
                                "Parent Relationship": "Outer",
                                "Parallel Aware": true,
                                "Relation Name": "company_name",
                                "Alias": "cn",
                                "Startup Cost": 0.0,
                                "Total Cost": 4722.92,
                                "Plan Rows": 123678,
                                "Plan Width": 23,
                                "Actual Startup Time": 0.008,
                                "Actual Total Time": 27.592,
                                "Actual Rows": 210031,
                                "Actual Loops": 1,
                                "Filter": "((country_code)::text <> '[pl]'::text)",
                                "Rows Removed by Filter": 24966
                              },
                              {
                                "Node Type": "Hash",
                                "Parent Relationship": "Inner",
                                "Parallel Aware": true,
                                "Startup Cost": 200606.41,
                                "Total Cost": 200606.41,
                                "Plan Rows": 26,
                                "Plan Width": 44,
                                "Actual Startup Time": 1208.513,
                                "Actual Total Time": 1208.522,
                                "Actual Rows": 15510,
                                "Actual Loops": 1,
                                "Hash Buckets": 16384,
                                "Original Hash Buckets": 1024,
                                "Hash Batches": 1,
                                "Original Hash Batches": 1,
                                "Peak Memory Usage": 1592,
                                "Plans": [
                                  {
                                    "Node Type": "Merge Join",
                                    "Parent Relationship": "Outer",
                                    "Parallel Aware": false,
                                    "Join Type": "Inner",
                                    "Startup Cost": 195770.49,
                                    "Total Cost": 200606.41,
                                    "Plan Rows": 26,
                                    "Plan Width": 44,
                                    "Actual Startup Time": 1183.38,
                                    "Actual Total Time": 1204.134,
                                    "Actual Rows": 15510,
                                    "Actual Loops": 1,
                                    "Inner Unique": false,
                                    "Merge Cond": "(mc.movie_id = ml.movie_id)",
                                    "Plans": [
                                      {
                                        "Node Type": "Index Scan",
                                        "Parent Relationship": "Outer",
                                        "Parallel Aware": true,
                                        "Scan Direction": "Forward",
                                        "Index Name": "movie_id_movie_companies",
                                        "Relation Name": "movie_companies",
                                        "Alias": "mc",
                                        "Startup Cost": 0.43,
                                        "Total Cost": 122730.02,
                                        "Plan Rows": 432021,
                                        "Plan Width": 36,
                                        "Actual Startup Time": 0.011,
                                        "Actual Total Time": 16.761,
                                        "Actual Rows": 42219,
                                        "Actual Loops": 1,
                                        "Filter": "(note IS NOT NULL)",
                                        "Rows Removed by Filter": 41437
                                      },
                                      {
                                        "Node Type": "Sort",
                                        "Parent Relationship": "Inner",
                                        "Parallel Aware": false,
                                        "Startup Cost": 195770.06,
                                        "Total Cost": 195770.14,
                                        "Plan Rows": 31,
                                        "Plan Width": 8,
                                        "Actual Startup Time": 1183.181,
                                        "Actual Total Time": 1183.812,
                                        "Actual Rows": 15913,
                                        "Actual Loops": 1,
                                        "Sort Key": [
                                          "mk.movie_id"
                                        ],
                                        "Sort Method": "quicksort",
                                        "Sort Space Used": 117,
                                        "Sort Space Type": "Memory",
                                        "Plans": [
                                          {
                                            "Node Type": "Hash Join",
                                            "Parent Relationship": "Outer",
                                            "Parallel Aware": false,
                                            "Join Type": "Inner",
                                            "Startup Cost": 192889.57,
                                            "Total Cost": 195769.29,
                                            "Plan Rows": 31,
                                            "Plan Width": 8,
                                            "Actual Startup Time": 1169.703,
                                            "Actual Total Time": 1182.945,
                                            "Actual Rows": 1460,
                                            "Actual Loops": 1,
                                            "Inner Unique": false,
                                            "Hash Cond": "(k.id = mk.keyword_id)",
                                            "Plans": [
                                              {
                                                "Node Type": "Seq Scan",
                                                "Parent Relationship": "Outer",
                                                "Parallel Aware": false,
                                                "Relation Name": "keyword",
                                                "Alias": "k",
                                                "Startup Cost": 0.0,
                                                "Total Cost": 2793.84,
                                                "Plan Rows": 3,
                                                "Plan Width": 4,
                                                "Actual Startup Time": 0.616,
                                                "Actual Total Time": 13.636,
                                                "Actual Rows": 3,
                                                "Actual Loops": 1,
                                                "Filter": "(keyword = ANY ('{sequel,revenge,based-on-novel}'::text[]))",
                                                "Rows Removed by Filter": 134167
                                              },
                                              {
                                                "Node Type": "Hash",
                                                "Parent Relationship": "Inner",
                                                "Parallel Aware": false,
                                                "Startup Cost": 175497.58,
                                                "Total Cost": 175497.58,
                                                "Plan Rows": 1391359,
                                                "Plan Width": 12,
                                                "Actual Startup Time": 1160.602,
                                                "Actual Total Time": 1160.606,
                                                "Actual Rows": 288192,
                                                "Actual Loops": 1,
                                                "Hash Buckets": 2097152,
                                                "Original Hash Buckets": 2097152,
                                                "Hash Batches": 1,
                                                "Original Hash Batches": 1,
                                                "Peak Memory Usage": 28768,
                                                "Plans": [
                                                  {
                                                    "Node Type": "Hash Join",
                                                    "Parent Relationship": "Outer",
                                                    "Parallel Aware": false,
                                                    "Join Type": "Inner",
                                                    "Startup Cost": 127080.36,
                                                    "Total Cost": 175497.58,
                                                    "Plan Rows": 1391359,
                                                    "Plan Width": 12,
                                                    "Actual Startup Time": 1086.141,
                                                    "Actual Total Time": 1117.319,
                                                    "Actual Rows": 288192,
                                                    "Actual Loops": 1,
                                                    "Inner Unique": false,
                                                    "Hash Cond": "(ml.movie_id = mk.movie_id)",
                                                    "Plans": [
                                                      {
                                                        "Node Type": "Hash Join",
                                                        "Parent Relationship": "Outer",
                                                        "Parallel Aware": false,
                                                        "Join Type": "Inner",
                                                        "Startup Cost": 837.93,
                                                        "Total Cost": 1332.47,
                                                        "Plan Rows": 29997,
                                                        "Plan Width": 4,
                                                        "Actual Startup Time": 5.872,
                                                        "Actual Total Time": 8.81,
                                                        "Actual Rows": 29997,
                                                        "Actual Loops": 1,
                                                        "Inner Unique": false,
                                                        "Hash Cond": "(lt.id = ml.link_type_id)",
                                                        "Plans": [
                                                          {
                                                            "Node Type": "Seq Scan",
                                                            "Parent Relationship": "Outer",
                                                            "Parallel Aware": false,
                                                            "Relation Name": "link_type",
                                                            "Alias": "lt",
                                                            "Startup Cost": 0.0,
                                                            "Total Cost": 1.18,
                                                            "Plan Rows": 18,
                                                            "Plan Width": 4,
                                                            "Actual Startup Time": 0.008,
                                                            "Actual Total Time": 0.018,
                                                            "Actual Rows": 18,
                                                            "Actual Loops": 1
                                                          },
                                                          {
                                                            "Node Type": "Hash",
                                                            "Parent Relationship": "Inner",
                                                            "Parallel Aware": false,
                                                            "Startup Cost": 462.97,
                                                            "Total Cost": 462.97,
                                                            "Plan Rows": 29997,
                                                            "Plan Width": 8,
                                                            "Actual Startup Time": 5.783,
                                                            "Actual Total Time": 5.783,
                                                            "Actual Rows": 29997,
                                                            "Actual Loops": 1,
                                                            "Hash Buckets": 32768,
                                                            "Original Hash Buckets": 32768,
                                                            "Hash Batches": 1,
                                                            "Original Hash Batches": 1,
                                                            "Peak Memory Usage": 1428,
                                                            "Plans": [
                                                              {
                                                                "Node Type": "Seq Scan",
                                                                "Parent Relationship": "Outer",
                                                                "Parallel Aware": false,
                                                                "Relation Name": "movie_link",
                                                                "Alias": "ml",
                                                                "Startup Cost": 0.0,
                                                                "Total Cost": 462.97,
                                                                "Plan Rows": 29997,
                                                                "Plan Width": 8,
                                                                "Actual Startup Time": 0.009,
                                                                "Actual Total Time": 2.811,
                                                                "Actual Rows": 29997,
                                                                "Actual Loops": 1
                                                              }
                                                            ]
                                                          }
                                                        ]
                                                      },
                                                      {
                                                        "Node Type": "Hash",
                                                        "Parent Relationship": "Inner",
                                                        "Parallel Aware": false,
                                                        "Startup Cost": 69693.3,
                                                        "Total Cost": 69693.3,
                                                        "Plan Rows": 4523930,
                                                        "Plan Width": 8,
                                                        "Actual Startup Time": 1047.018,
                                                        "Actual Total Time": 1047.018,
                                                        "Actual Rows": 4523930,
                                                        "Actual Loops": 1,
                                                        "Hash Buckets": 8388608,
                                                        "Original Hash Buckets": 8388608,
                                                        "Hash Batches": 1,
                                                        "Original Hash Batches": 1,
                                                        "Peak Memory Usage": 242253,
                                                        "Plans": [
                                                          {
                                                            "Node Type": "Seq Scan",
                                                            "Parent Relationship": "Outer",
                                                            "Parallel Aware": false,
                                                            "Relation Name": "movie_keyword",
                                                            "Alias": "mk",
                                                            "Startup Cost": 0.0,
                                                            "Total Cost": 69693.3,
                                                            "Plan Rows": 4523930,
                                                            "Plan Width": 8,
                                                            "Actual Startup Time": 0.018,
                                                            "Actual Total Time": 416.229,
                                                            "Actual Rows": 4523930,
                                                            "Actual Loops": 1
                                                          }
                                                        ]
                                                      }
                                                    ]
                                                  }
                                                ]
                                              }
                                            ]
                                          }
                                        ]
                                      }
                                    ]
                                  }
                                ]
                              }
                            ]
                          }
                        ]
                      }
                    ]
                  }
                ]
              }
            ]
          }
        ]
      }
    ]
  },
  "Planning Time": 2.117,
  "Triggers": [],
  "Execution Time": 1382.631
}