[
  {
    "Plan": {
      "Node Type": "Aggregate",
      "Strategy": "Plain",
      "Partial Mode": "Finalize",
      "Parallel Aware": false,
      "Startup Cost": 87351.39,
      "Total Cost": 87351.4,
      "Plan Rows": 1,
      "Plan Width": 8,
      "Actual Startup Time": 435.266,
      "Actual Total Time": 448.179,
      "Actual Rows": 1,
      "Actual Loops": 1,
      "Plans": [
        {
          "Node Type": "Gather",
          "Parent Relationship": "Outer",
          "Parallel Aware": false,
          "Startup Cost": 87351.07,
          "Total Cost": 87351.38,
          "Plan Rows": 3,
          "Plan Width": 8,
          "Actual Startup Time": 427.442,
          "Actual Total Time": 448.169,
          "Actual Rows": 4,
          "Actual Loops": 1,
          "Workers Planned": 3,
          "Workers Launched": 3,
          "Single Copy": false,
          "Plans": [
            {
              "Node Type": "Aggregate",
              "Strategy": "Plain",
              "Partial Mode": "Partial",
              "Parent Relationship": "Outer",
              "Parallel Aware": false,
              "Startup Cost": 86351.07,
              "Total Cost": 86351.08,
              "Plan Rows": 1,
              "Plan Width": 8,
              "Actual Startup Time": 414.631,
              "Actual Total Time": 414.637,
              "Actual Rows": 1,
              "Actual Loops": 4,
              "Plans": [
                {
                  "Node Type": "Hash Join",
                  "Parent Relationship": "Outer",
                  "Parallel Aware": true,
                  "Join Type": "Inner",
                  "Startup Cost": 59427.38,
                  "Total Cost": 86076.23,
                  "Plan Rows": 109937,
                  "Plan Width": 0,
                  "Actual Startup Time": 326.15,
                  "Actual Total Time": 410.457,
                  "Actual Rows": 71767,
                  "Actual Loops": 4,
                  "Inner Unique": true,
                  "Hash Cond": "(mk.movie_id = t.id)",
                  "Plans": [
                    {
                      "Node Type": "Bitmap Heap Scan",
                      "Parent Relationship": "Outer",
                      "Parallel Aware": true,
                      "Relation Name": "movie_keyword",
                      "Alias": "mk",
                      "Startup Cost": 9542.8,
                      "Total Cost": 35810.73,
                      "Plan Rows": 145114,
                      "Plan Width": 4,
                      "Actual Startup Time": 32.825,
                      "Actual Total Time": 80.727,
                      "Actual Rows": 110067,
                      "Actual Loops": 4,
                      "Recheck Cond": "(keyword_id > 40078)",
                      "Rows Removed by Index Recheck": 0,
                      "Exact Heap Blocks": 6769,
                      "Lossy Heap Blocks": 0,
                      "Plans": [
                        {
                          "Node Type": "Bitmap Index Scan",
                          "Parent Relationship": "Outer",
                          "Parallel Aware": false,
                          "Index Name": "keyword_id_movie_keyword",
                          "Startup Cost": 0.0,
                          "Total Cost": 9430.34,
                          "Plan Rows": 449854,
                          "Plan Width": 0,
                          "Actual Startup Time": 29.193,
                          "Actual Total Time": 29.194,
                          "Actual Rows": 440269,
                          "Actual Loops": 1,
                          "Index Cond": "(keyword_id > 40078)"
                        }
                      ]
                    },
                    {
                      "Node Type": "Hash",
                      "Parent Relationship": "Inner",
                      "Parallel Aware": true,
                      "Startup Cost": 43898.92,
                      "Total Cost": 43898.92,
                      "Plan Rows": 478853,
                      "Plan Width": 4,
                      "Actual Startup Time": 285.459,
                      "Actual Total Time": 285.46,
                      "Actual Rows": 475814,
                      "Actual Loops": 4,
                      "Hash Buckets": 2097152,
                      "Original Hash Buckets": 2097152,
                      "Hash Batches": 1,
                      "Original Hash Batches": 1,
                      "Peak Memory Usage": 90912,
                      "Plans": [
                        {
                          "Node Type": "Seq Scan",
                          "Parent Relationship": "Outer",
                          "Parallel Aware": true,
                          "Relation Name": "title",
                          "Alias": "t",
                          "Startup Cost": 0.0,
                          "Total Cost": 43898.92,
                          "Plan Rows": 478853,
                          "Plan Width": 4,
                          "Actual Startup Time": 0.035,
                          "Actual Total Time": 120.086,
                          "Actual Rows": 475814,
                          "Actual Loops": 4,
                          "Filter": "(production_year > 1982)",
                          "Rows Removed by Filter": 156264
                        }
                      ]
                    }
                  ]
                }
              ]
            }
          ]
        }
      ]
    },
    "Planning Time": 0.641,
    "Triggers": [],
    "Execution Time": 448.271
  }
]