{
  "Plan": {
    "Node Type": "Aggregate",
    "Strategy": "Plain",
    "Partial Mode": "Finalize",
    "Parallel Aware": false,
    "Startup Cost": 359430.74,
    "Total Cost": 359430.75,
    "Plan Rows": 1,
    "Plan Width": 8,
    "Actual Startup Time": 1445.501,
    "Actual Total Time": 1503.419,
    "Actual Rows": 1,
    "Actual Loops": 1,
    "Plans": [
      {
        "Node Type": "Gather",
        "Parent Relationship": "Outer",
        "Parallel Aware": false,
        "Startup Cost": 359430.63,
        "Total Cost": 359430.74,
        "Plan Rows": 1,
        "Plan Width": 8,
        "Actual Startup Time": 1445.364,
        "Actual Total Time": 1503.412,
        "Actual Rows": 2,
        "Actual Loops": 1,
        "Workers Planned": 1,
        "Workers Launched": 1,
        "Single Copy": false,
        "Plans": [
          {
            "Node Type": "Aggregate",
            "Strategy": "Plain",
            "Partial Mode": "Partial",
            "Parent Relationship": "Outer",
            "Parallel Aware": false,
            "Startup Cost": 358430.63,
            "Total Cost": 358430.64,
            "Plan Rows": 1,
            "Plan Width": 8,
            "Actual Startup Time": 1439.385,
            "Actual Total Time": 1439.389,
            "Actual Rows": 1,
            "Actual Loops": 2,
            "Plans": [
              {
                "Node Type": "Nested Loop",
                "Parent Relationship": "Outer",
                "Parallel Aware": false,
                "Join Type": "Inner",
                "Startup Cost": 58393.16,
                "Total Cost": 358412.34,
                "Plan Rows": 7315,
                "Plan Width": 0,
                "Actual Startup Time": 167.742,
                "Actual Total Time": 1439.363,
                "Actual Rows": 118,
                "Actual Loops": 2,
                "Inner Unique": false,
                "Join Filter": "(t.id = mc.movie_id)",
                "Rows Removed by Join Filter": 0,
                "Plans": [
                  {
                    "Node Type": "Hash Join",
                    "Parent Relationship": "Outer",
                    "Parallel Aware": true,
                    "Join Type": "Inner",
                    "Startup Cost": 58392.73,
                    "Total Cost": 343735.44,
                    "Plan Rows": 25888,
                    "Plan Width": 8,
                    "Actual Startup Time": 156.108,
                    "Actual Total Time": 1408.933,
                    "Actual Rows": 10666,
                    "Actual Loops": 2,
                    "Inner Unique": true,
                    "Hash Cond": "(mi.movie_id = t.id)",
                    "Plans": [
                      {
                        "Node Type": "Seq Scan",
                        "Parent Relationship": "Outer",
                        "Parallel Aware": true,
                        "Relation Name": "movie_info",
                        "Alias": "mi",
                        "Startup Cost": 0.0,
                        "Total Cost": 270696.42,
                        "Plan Rows": 5579529,
                        "Plan Width": 4,
                        "Actual Startup Time": 0.013,
                        "Actual Total Time": 862.417,
                        "Actual Rows": 4782576,
                        "Actual Loops": 2,
                        "Filter": "(info_type_id < 16)",
                        "Rows Removed by Filter": 2635284
                      },
                      {
                        "Node Type": "Hash",
                        "Parent Relationship": "Inner",
                        "Parallel Aware": true,
                        "Startup Cost": 58306.47,
                        "Total Cost": 58306.47,
                        "Plan Rows": 6901,
                        "Plan Width": 4,
                        "Actual Startup Time": 155.154,
                        "Actual Total Time": 155.155,
                        "Actual Rows": 5307,
                        "Actual Loops": 2,
                        "Hash Buckets": 16384,
                        "Original Hash Buckets": 16384,
                        "Hash Batches": 1,
                        "Original Hash Batches": 1,
                        "Peak Memory Usage": 576,
                        "Plans": [
                          {
                            "Node Type": "Seq Scan",
                            "Parent Relationship": "Outer",
                            "Parallel Aware": true,
                            "Relation Name": "title",
                            "Alias": "t",
                            "Startup Cost": 0.0,
                            "Total Cost": 58306.47,
                            "Plan Rows": 6901,
                            "Plan Width": 4,
                            "Actual Startup Time": 0.105,
                            "Actual Total Time": 152.8,
                            "Actual Rows": 5307,
                            "Actual Loops": 2,
                            "Filter": "((kind_id = 7) AND (production_year = 1985))",
                            "Rows Removed by Filter": 1258849
                          }
                        ]
                      }
                    ]
                  },
                  {
                    "Node Type": "Index Scan",
                    "Parent Relationship": "Inner",
                    "Parallel Aware": false,
                    "Scan Direction": "Forward",
                    "Index Name": "movie_id_movie_companies",
                    "Relation Name": "movie_companies",
                    "Alias": "mc",
                    "Startup Cost": 0.43,
                    "Total Cost": 0.55,
                    "Plan Rows": 1,
                    "Plan Width": 4,
                    "Actual Startup Time": 0.003,
                    "Actual Total Time": 0.003,
                    "Actual Rows": 0,
                    "Actual Loops": 21332,
                    "Index Cond": "(movie_id = mi.movie_id)",
                    "Rows Removed by Index Recheck": 0,
                    "Filter": "((company_id > 9227) AND (company_type_id < 2))",
                    "Rows Removed by Filter": 2
                  }
                ]
              }
            ]
          }
        ]
      }
    ]
  },
  "Planning Time": 1.063,
  "Triggers": [],
  "Execution Time": 1503.523
}