[
  {
    "Plan": {
      "Node Type": "Aggregate",
      "Strategy": "Plain",
      "Partial Mode": "Finalize",
      "Parallel Aware": false,
      "Startup Cost": 32781.45,
      "Total Cost": 32781.46,
      "Plan Rows": 1,
      "Plan Width": 8,
      "Actual Startup Time": 97.008,
      "Actual Total Time": 105.067,
      "Actual Rows": 1,
      "Actual Loops": 1,
      "Plans": [
        {
          "Node Type": "Gather",
          "Parent Relationship": "Outer",
          "Parallel Aware": false,
          "Startup Cost": 32781.13,
          "Total Cost": 32781.44,
          "Plan Rows": 3,
          "Plan Width": 8,
          "Actual Startup Time": 96.904,
          "Actual Total Time": 105.058,
          "Actual Rows": 4,
          "Actual Loops": 1,
          "Workers Planned": 3,
          "Workers Launched": 3,
          "Single Copy": false,
          "Plans": [
            {
              "Node Type": "Aggregate",
              "Strategy": "Plain",
              "Partial Mode": "Partial",
              "Parent Relationship": "Outer",
              "Parallel Aware": false,
              "Startup Cost": 31781.13,
              "Total Cost": 31781.14,
              "Plan Rows": 1,
              "Plan Width": 8,
              "Actual Startup Time": 88.19,
              "Actual Total Time": 88.191,
              "Actual Rows": 1,
              "Actual Loops": 4,
              "Plans": [
                {
                  "Node Type": "Seq Scan",
                  "Parent Relationship": "Outer",
                  "Parallel Aware": true,
                  "Relation Name": "movie_companies",
                  "Alias": "mc",
                  "Startup Cost": 0.0,
                  "Total Cost": 31414.82,
                  "Plan Rows": 146525,
                  "Plan Width": 0,
                  "Actual Startup Time": 25.545,
                  "Actual Total Time": 85.939,
                  "Actual Rows": 35102,
                  "Actual Loops": 4,
                  "Filter": "((company_id > 19316) AND (company_type_id = 1))",
                  "Rows Removed by Filter": 617180
                }
              ]
            }
          ]
        }
      ]
    },
    "Planning Time": 0.199,
    "Triggers": [],
    "Execution Time": 105.121
  }
]