{
  "Plan": {
    "Node Type": "Aggregate",
    "Strategy": "Plain",
    "Partial Mode": "Finalize",
    "Parallel Aware": false,
    "Startup Cost": 581127.74,
    "Total Cost": 581127.75,
    "Plan Rows": 1,
    "Plan Width": 8,
    "Actual Startup Time": 1521.654,
    "Actual Total Time": 1545.089,
    "Actual Rows": 1,
    "Actual Loops": 1,
    "Plans": [
      {
        "Node Type": "Gather",
        "Parent Relationship": "Outer",
        "Parallel Aware": false,
        "Startup Cost": 581127.63,
        "Total Cost": 581127.74,
        "Plan Rows": 1,
        "Plan Width": 8,
        "Actual Startup Time": 1521.084,
        "Actual Total Time": 1545.08,
        "Actual Rows": 2,
        "Actual Loops": 1,
        "Workers Planned": 1,
        "Workers Launched": 1,
        "Single Copy": false,
        "Plans": [
          {
            "Node Type": "Aggregate",
            "Strategy": "Plain",
            "Partial Mode": "Partial",
            "Parent Relationship": "Outer",
            "Parallel Aware": false,
            "Startup Cost": 580127.63,
            "Total Cost": 580127.64,
            "Plan Rows": 1,
            "Plan Width": 8,
            "Actual Startup Time": 1514.555,
            "Actual Total Time": 1514.56,
            "Actual Rows": 1,
            "Actual Loops": 2,
            "Plans": [
              {
                "Node Type": "Hash Join",
                "Parent Relationship": "Outer",
                "Parallel Aware": true,
                "Join Type": "Inner",
                "Startup Cost": 248777.16,
                "Total Cost": 579954.39,
                "Plan Rows": 69294,
                "Plan Width": 0,
                "Actual Startup Time": 591.422,
                "Actual Total Time": 1510.572,
                "Actual Rows": 71246,
                "Actual Loops": 2,
                "Inner Unique": true,
                "Hash Cond": "(ci.movie_id = t.id)",
                "Plans": [
                  {
                    "Node Type": "Bitmap Heap Scan",
                    "Parent Relationship": "Outer",
                    "Parallel Aware": true,
                    "Relation Name": "cast_info",
                    "Alias": "ci",
                    "Startup Cost": 194847.38,
                    "Total Cost": 512402.32,
                    "Plan Rows": 5189435,
                    "Plan Width": 4,
                    "Actual Startup Time": 488.431,
                    "Actual Total Time": 990.961,
                    "Actual Rows": 4375094,
                    "Actual Loops": 2,
                    "Recheck Cond": "(person_id > 2815997)",
                    "Rows Removed by Index Recheck": 0,
                    "Exact Heap Blocks": 55854,
                    "Lossy Heap Blocks": 0,
                    "Plans": [
                      {
                        "Node Type": "Bitmap Index Scan",
                        "Parent Relationship": "Outer",
                        "Parallel Aware": false,
                        "Index Name": "person_id_cast_info",
                        "Startup Cost": 0.0,
                        "Total Cost": 192641.86,
                        "Plan Rows": 8822040,
                        "Plan Width": 0,
                        "Actual Startup Time": 470.912,
                        "Actual Total Time": 470.913,
                        "Actual Rows": 8750188,
                        "Actual Loops": 1,
                        "Index Cond": "(person_id > 2815997)"
                      }
                    ]
                  },
                  {
                    "Node Type": "Hash",
                    "Parent Relationship": "Inner",
                    "Parallel Aware": true,
                    "Startup Cost": 53681.55,
                    "Total Cost": 53681.55,
                    "Plan Rows": 19859,
                    "Plan Width": 4,
                    "Actual Startup Time": 101.287,
                    "Actual Total Time": 101.288,
                    "Actual Rows": 14052,
                    "Actual Loops": 2,
                    "Hash Buckets": 65536,
                    "Original Hash Buckets": 65536,
                    "Hash Batches": 1,
                    "Original Hash Batches": 1,
                    "Peak Memory Usage": 1632,
                    "Plans": [
                      {
                        "Node Type": "Bitmap Heap Scan",
                        "Parent Relationship": "Outer",
                        "Parallel Aware": true,
                        "Relation Name": "title",
                        "Alias": "t",
                        "Startup Cost": 11831.29,
                        "Total Cost": 53681.55,
                        "Plan Rows": 19859,
                        "Plan Width": 4,
                        "Actual Startup Time": 35.581,
                        "Actual Total Time": 96.994,
                        "Actual Rows": 14052,
                        "Actual Loops": 2,
                        "Recheck Cond": "(kind_id = 1)",
                        "Rows Removed by Index Recheck": 0,
                        "Filter": "(production_year = 2009)",
                        "Rows Removed by Filter": 317360,
                        "Exact Heap Blocks": 9452,
                        "Lossy Heap Blocks": 0,
                        "Plans": [
                          {
                            "Node Type": "Bitmap Index Scan",
                            "Parent Relationship": "Outer",
                            "Parallel Aware": false,
                            "Index Name": "kind_id_title",
                            "Startup Cost": 0.0,
                            "Total Cost": 11822.85,
                            "Plan Rows": 663256,
                            "Plan Width": 0,
                            "Actual Startup Time": 38.358,
                            "Actual Total Time": 38.358,
                            "Actual Rows": 662825,
                            "Actual Loops": 1,
                            "Index Cond": "(kind_id = 1)"
                          }
                        ]
                      }
                    ]
                  }
                ]
              }
            ]
          }
        ]
      }
    ]
  },
  "Planning Time": 1.704,
  "Triggers": [],
  "Execution Time": 1545.321
}