[
  {
    "Plan": {
      "Node Type": "Aggregate",
      "Strategy": "Plain",
      "Partial Mode": "Finalize",
      "Parallel Aware": false,
      "Startup Cost": 295360.72,
      "Total Cost": 295360.73,
      "Plan Rows": 1,
      "Plan Width": 8,
      "Actual Startup Time": 160.209,
      "Actual Total Time": 166.992,
      "Actual Rows": 1,
      "Actual Loops": 1,
      "Plans": [
        {
          "Node Type": "Gather",
          "Parent Relationship": "Outer",
          "Parallel Aware": false,
          "Startup Cost": 295360.1,
          "Total Cost": 295360.71,
          "Plan Rows": 6,
          "Plan Width": 8,
          "Actual Startup Time": 159.616,
          "Actual Total Time": 166.984,
          "Actual Rows": 7,
          "Actual Loops": 1,
          "Workers Planned": 6,
          "Workers Launched": 6,
          "Single Copy": false,
          "Plans": [
            {
              "Node Type": "Aggregate",
              "Strategy": "Plain",
              "Partial Mode": "Partial",
              "Parent Relationship": "Outer",
              "Parallel Aware": false,
              "Startup Cost": 294360.1,
              "Total Cost": 294360.11,
              "Plan Rows": 1,
              "Plan Width": 8,
              "Actual Startup Time": 148.801,
              "Actual Total Time": 148.803,
              "Actual Rows": 1,
              "Actual Loops": 7,
              "Plans": [
                {
                  "Node Type": "Bitmap Heap Scan",
                  "Parent Relationship": "Outer",
                  "Parallel Aware": true,
                  "Relation Name": "cast_info",
                  "Alias": "ci",
                  "Startup Cost": 37008.25,
                  "Total Cost": 293900.57,
                  "Plan Rows": 183810,
                  "Plan Width": 0,
                  "Actual Startup Time": 119.606,
                  "Actual Total Time": 145.64,
                  "Actual Rows": 69176,
                  "Actual Loops": 7,
                  "Recheck Cond": "(person_id < 170295)",
                  "Rows Removed by Index Recheck": 0,
                  "Filter": "(role_id > 1)",
                  "Rows Removed by Filter": 175596,
                  "Exact Heap Blocks": 5066,
                  "Lossy Heap Blocks": 0,
                  "Plans": [
                    {
                      "Node Type": "Bitmap Index Scan",
                      "Parent Relationship": "Outer",
                      "Parallel Aware": false,
                      "Index Name": "person_id_cast_info",
                      "Startup Cost": 0.0,
                      "Total Cost": 36732.53,
                      "Plan Rows": 1682129,
                      "Plan Width": 0,
                      "Actual Startup Time": 79.763,
                      "Actual Total Time": 79.764,
                      "Actual Rows": 1713402,
                      "Actual Loops": 1,
                      "Index Cond": "(person_id < 170295)"
                    }
                  ]
                }
              ]
            }
          ]
        }
      ]
    },
    "Planning Time": 0.246,
    "Triggers": [],
    "Execution Time": 167.076
  }
]