{
  "Plan": {
    "Node Type": "Aggregate",
    "Strategy": "Plain",
    "Partial Mode": "Finalize",
    "Parallel Aware": false,
    "Startup Cost": 355239.33,
    "Total Cost": 355239.34,
    "Plan Rows": 1,
    "Plan Width": 8,
    "Actual Startup Time": 2292.759,
    "Actual Total Time": 2343.979,
    "Actual Rows": 1,
    "Actual Loops": 1,
    "Plans": [
      {
        "Node Type": "Gather",
        "Parent Relationship": "Outer",
        "Parallel Aware": false,
        "Startup Cost": 355239.22,
        "Total Cost": 355239.33,
        "Plan Rows": 1,
        "Plan Width": 8,
        "Actual Startup Time": 2291.215,
        "Actual Total Time": 2343.971,
        "Actual Rows": 2,
        "Actual Loops": 1,
        "Workers Planned": 1,
        "Workers Launched": 1,
        "Single Copy": false,
        "Plans": [
          {
            "Node Type": "Aggregate",
            "Strategy": "Plain",
            "Partial Mode": "Partial",
            "Parent Relationship": "Outer",
            "Parallel Aware": false,
            "Startup Cost": 354239.22,
            "Total Cost": 354239.23,
            "Plan Rows": 1,
            "Plan Width": 8,
            "Actual Startup Time": 2285.862,
            "Actual Total Time": 2285.865,
            "Actual Rows": 1,
            "Actual Loops": 2,
            "Plans": [
              {
                "Node Type": "Hash Join",
                "Parent Relationship": "Outer",
                "Parallel Aware": true,
                "Join Type": "Inner",
                "Startup Cost": 59473.49,
                "Total Cost": 349421.32,
                "Plan Rows": 1927159,
                "Plan Width": 0,
                "Actual Startup Time": 263.917,
                "Actual Total Time": 2232.661,
                "Actual Rows": 1333184,
                "Actual Loops": 2,
                "Inner Unique": true,
                "Hash Cond": "(mi.movie_id = t.id)",
                "Plans": [
                  {
                    "Node Type": "Seq Scan",
                    "Parent Relationship": "Outer",
                    "Parallel Aware": true,
                    "Relation Name": "movie_info",
                    "Alias": "mi",
                    "Startup Cost": 0.0,
                    "Total Cost": 270696.42,
                    "Plan Rows": 7333858,
                    "Plan Width": 4,
                    "Actual Startup Time": 0.013,
                    "Actual Total Time": 794.217,
                    "Actual Rows": 6300935,
                    "Actual Loops": 2,
                    "Filter": "(info_type_id < 17)",
                    "Rows Removed by Filter": 1116925
                  },
                  {
                    "Node Type": "Hash",
                    "Parent Relationship": "Inner",
                    "Parallel Aware": true,
                    "Startup Cost": 54588.39,
                    "Total Cost": 54588.39,
                    "Plan Rows": 390808,
                    "Plan Width": 4,
                    "Actual Startup Time": 252.779,
                    "Actual Total Time": 252.78,
                    "Actual Rows": 331032,
                    "Actual Loops": 2,
                    "Hash Buckets": 1048576,
                    "Original Hash Buckets": 1048576,
                    "Hash Batches": 1,
                    "Original Hash Batches": 1,
                    "Peak Memory Usage": 34112,
                    "Plans": [
                      {
                        "Node Type": "Seq Scan",
                        "Parent Relationship": "Outer",
                        "Parallel Aware": true,
                        "Relation Name": "title",
                        "Alias": "t",
                        "Startup Cost": 0.0,
                        "Total Cost": 54588.39,
                        "Plan Rows": 390808,
                        "Plan Width": 4,
                        "Actual Startup Time": 0.029,
                        "Actual Total Time": 156.439,
                        "Actual Rows": 331032,
                        "Actual Loops": 2,
                        "Filter": "(production_year > 2008)",
                        "Rows Removed by Filter": 933124
                      }
                    ]
                  }
                ]
              }
            ]
          }
        ]
      }
    ]
  },
  "Planning Time": 0.668,
  "Triggers": [],
  "Execution Time": 2344.06
}