[
  {
    "Plan": {
      "Node Type": "Aggregate",
      "Strategy": "Plain",
      "Partial Mode": "Finalize",
      "Parallel Aware": false,
      "Startup Cost": 84179.19,
      "Total Cost": 84179.2,
      "Plan Rows": 1,
      "Plan Width": 8,
      "Actual Startup Time": 232.743,
      "Actual Total Time": 248.094,
      "Actual Rows": 1,
      "Actual Loops": 1,
      "Plans": [
        {
          "Node Type": "Gather",
          "Parent Relationship": "Outer",
          "Parallel Aware": false,
          "Startup Cost": 84178.88,
          "Total Cost": 84179.19,
          "Plan Rows": 3,
          "Plan Width": 8,
          "Actual Startup Time": 232.066,
          "Actual Total Time": 248.086,
          "Actual Rows": 4,
          "Actual Loops": 1,
          "Workers Planned": 3,
          "Workers Launched": 3,
          "Single Copy": false,
          "Plans": [
            {
              "Node Type": "Aggregate",
              "Strategy": "Plain",
              "Partial Mode": "Partial",
              "Parent Relationship": "Outer",
              "Parallel Aware": false,
              "Startup Cost": 83178.88,
              "Total Cost": 83178.89,
              "Plan Rows": 1,
              "Plan Width": 8,
              "Actual Startup Time": 228.336,
              "Actual Total Time": 228.34,
              "Actual Rows": 1,
              "Actual Loops": 4,
              "Plans": [
                {
                  "Node Type": "Hash Join",
                  "Parent Relationship": "Outer",
                  "Parallel Aware": true,
                  "Join Type": "Inner",
                  "Startup Cost": 38350.18,
                  "Total Cost": 83110.17,
                  "Plan Rows": 27484,
                  "Plan Width": 0,
                  "Actual Startup Time": 62.227,
                  "Actual Total Time": 226.972,
                  "Actual Rows": 30328,
                  "Actual Loops": 4,
                  "Inner Unique": true,
                  "Hash Cond": "(mk.movie_id = t.id)",
                  "Plans": [
                    {
                      "Node Type": "Seq Scan",
                      "Parent Relationship": "Outer",
                      "Parallel Aware": true,
                      "Relation Name": "movie_keyword",
                      "Alias": "mk",
                      "Startup Cost": 0.0,
                      "Total Cost": 42695.65,
                      "Plan Rows": 786411,
                      "Plan Width": 4,
                      "Actual Startup Time": 0.021,
                      "Actual Total Time": 113.816,
                      "Actual Rows": 613804,
                      "Actual Loops": 4,
                      "Filter": "(keyword_id < 5887)",
                      "Rows Removed by Filter": 517178
                    },
                    {
                      "Node Type": "Hash",
                      "Parent Relationship": "Inner",
                      "Parallel Aware": true,
                      "Startup Cost": 38074.05,
                      "Total Cost": 38074.05,
                      "Plan Rows": 22091,
                      "Plan Width": 4,
                      "Actual Startup Time": 61.173,
                      "Actual Total Time": 61.174,
                      "Actual Rows": 22664,
                      "Actual Loops": 4,
                      "Hash Buckets": 131072,
                      "Original Hash Buckets": 131072,
                      "Hash Batches": 1,
                      "Original Hash Batches": 1,
                      "Peak Memory Usage": 4608,
                      "Plans": [
                        {
                          "Node Type": "Bitmap Heap Scan",
                          "Parent Relationship": "Outer",
                          "Parallel Aware": true,
                          "Relation Name": "title",
                          "Alias": "t",
                          "Startup Cost": 1719.54,
                          "Total Cost": 38074.05,
                          "Plan Rows": 22091,
                          "Plan Width": 4,
                          "Actual Startup Time": 13.093,
                          "Actual Total Time": 52.171,
                          "Actual Rows": 22664,
                          "Actual Loops": 4,
                          "Recheck Cond": "(kind_id = 2)",
                          "Rows Removed by Index Recheck": 0,
                          "Filter": "(production_year > 1928)",
                          "Rows Removed by Filter": 49,
                          "Exact Heap Blocks": 11321,
                          "Lossy Heap Blocks": 0,
                          "Plans": [
                            {
                              "Node Type": "Bitmap Index Scan",
                              "Parent Relationship": "Outer",
                              "Parallel Aware": false,
                              "Index Name": "kind_id_title",
                              "Startup Cost": 0.0,
                              "Total Cost": 1697.45,
                              "Plan Rows": 95069,
                              "Plan Width": 0,
                              "Actual Startup Time": 9.422,
                              "Actual Total Time": 9.422,
                              "Actual Rows": 90852,
                              "Actual Loops": 1,
                              "Index Cond": "(kind_id = 2)"
                            }
                          ]
                        }
                      ]
                    }
                  ]
                }
              ]
            }
          ]
        }
      ]
    },
    "Planning Time": 0.315,
    "Triggers": [],
    "Execution Time": 248.151
  }
]