[
  {
    "Plan": {
      "Node Type": "Aggregate",
      "Strategy": "Plain",
      "Partial Mode": "Finalize",
      "Parallel Aware": false,
      "Startup Cost": 25357.08,
      "Total Cost": 25357.09,
      "Plan Rows": 1,
      "Plan Width": 8,
      "Actual Startup Time": 83.619,
      "Actual Total Time": 87.106,
      "Actual Rows": 1,
      "Actual Loops": 1,
      "Plans": [
        {
          "Node Type": "Gather",
          "Parent Relationship": "Outer",
          "Parallel Aware": false,
          "Startup Cost": 25356.76,
          "Total Cost": 25357.07,
          "Plan Rows": 3,
          "Plan Width": 8,
          "Actual Startup Time": 83.439,
          "Actual Total Time": 87.098,
          "Actual Rows": 4,
          "Actual Loops": 1,
          "Workers Planned": 3,
          "Workers Launched": 3,
          "Single Copy": false,
          "Plans": [
            {
              "Node Type": "Aggregate",
              "Strategy": "Plain",
              "Partial Mode": "Partial",
              "Parent Relationship": "Outer",
              "Parallel Aware": false,
              "Startup Cost": 24356.76,
              "Total Cost": 24356.77,
              "Plan Rows": 1,
              "Plan Width": 8,
              "Actual Startup Time": 75.064,
              "Actual Total Time": 75.065,
              "Actual Rows": 1,
              "Actual Loops": 4,
              "Plans": [
                {
                  "Node Type": "Bitmap Heap Scan",
                  "Parent Relationship": "Outer",
                  "Parallel Aware": true,
                  "Relation Name": "movie_companies",
                  "Alias": "mc",
                  "Startup Cost": 4551.13,
                  "Total Cost": 24187.49,
                  "Plan Rows": 67709,
                  "Plan Width": 0,
                  "Actual Startup Time": 26.121,
                  "Actual Total Time": 70.482,
                  "Actual Rows": 52516,
                  "Actual Loops": 4,
                  "Recheck Cond": "(company_id < 69)",
                  "Rows Removed by Index Recheck": 0,
                  "Exact Heap Blocks": 8592,
                  "Lossy Heap Blocks": 0,
                  "Plans": [
                    {
                      "Node Type": "Bitmap Index Scan",
                      "Parent Relationship": "Outer",
                      "Parallel Aware": false,
                      "Index Name": "company_id_movie_companies",
                      "Startup Cost": 0.0,
                      "Total Cost": 4498.66,
                      "Plan Rows": 209897,
                      "Plan Width": 0,
                      "Actual Startup Time": 29.055,
                      "Actual Total Time": 29.055,
                      "Actual Rows": 210066,
                      "Actual Loops": 1,
                      "Index Cond": "(company_id < 69)"
                    }
                  ]
                }
              ]
            }
          ]
        }
      ]
    },
    "Planning Time": 0.156,
    "Triggers": [],
    "Execution Time": 87.173
  }
]