[
  {
    "Plan": {
      "Node Type": "Aggregate",
      "Strategy": "Plain",
      "Partial Mode": "Finalize",
      "Parallel Aware": false,
      "Startup Cost": 45566.04,
      "Total Cost": 45566.05,
      "Plan Rows": 1,
      "Plan Width": 8,
      "Actual Startup Time": 194.25,
      "Actual Total Time": 207.286,
      "Actual Rows": 1,
      "Actual Loops": 1,
      "Plans": [
        {
          "Node Type": "Gather",
          "Parent Relationship": "Outer",
          "Parallel Aware": false,
          "Startup Cost": 45565.73,
          "Total Cost": 45566.04,
          "Plan Rows": 3,
          "Plan Width": 8,
          "Actual Startup Time": 193.965,
          "Actual Total Time": 207.278,
          "Actual Rows": 4,
          "Actual Loops": 1,
          "Workers Planned": 3,
          "Workers Launched": 3,
          "Single Copy": false,
          "Plans": [
            {
              "Node Type": "Aggregate",
              "Strategy": "Plain",
              "Partial Mode": "Partial",
              "Parent Relationship": "Outer",
              "Parallel Aware": false,
              "Startup Cost": 44565.73,
              "Total Cost": 44565.74,
              "Plan Rows": 1,
              "Plan Width": 8,
              "Actual Startup Time": 185.576,
              "Actual Total Time": 185.577,
              "Actual Rows": 1,
              "Actual Loops": 4,
              "Plans": [
                {
                  "Node Type": "Seq Scan",
                  "Parent Relationship": "Outer",
                  "Parallel Aware": true,
                  "Relation Name": "movie_keyword",
                  "Alias": "mk",
                  "Startup Cost": 0.0,
                  "Total Cost": 42695.65,
                  "Plan Rows": 748029,
                  "Plan Width": 0,
                  "Actual Startup Time": 0.651,
                  "Actual Total Time": 148.068,
                  "Actual Rows": 579529,
                  "Actual Loops": 4,
                  "Filter": "(keyword_id > 4448)",
                  "Rows Removed by Filter": 551454
                }
              ]
            }
          ]
        }
      ]
    },
    "Planning Time": 0.177,
    "Triggers": [],
    "Execution Time": 207.385
  }
]