{
  "Plan": {
    "Node Type": "Aggregate",
    "Strategy": "Plain",
    "Partial Mode": "Finalize",
    "Parallel Aware": false,
    "Startup Cost": 127740.82,
    "Total Cost": 127740.83,
    "Plan Rows": 1,
    "Plan Width": 8,
    "Actual Startup Time": 666.229,
    "Actual Total Time": 701.048,
    "Actual Rows": 1,
    "Actual Loops": 1,
    "Plans": [
      {
        "Node Type": "Gather",
        "Parent Relationship": "Outer",
        "Parallel Aware": false,
        "Startup Cost": 127740.71,
        "Total Cost": 127740.82,
        "Plan Rows": 1,
        "Plan Width": 8,
        "Actual Startup Time": 666.114,
        "Actual Total Time": 701.041,
        "Actual Rows": 2,
        "Actual Loops": 1,
        "Workers Planned": 1,
        "Workers Launched": 1,
        "Single Copy": false,
        "Plans": [
          {
            "Node Type": "Aggregate",
            "Strategy": "Plain",
            "Partial Mode": "Partial",
            "Parent Relationship": "Outer",
            "Parallel Aware": false,
            "Startup Cost": 126740.71,
            "Total Cost": 126740.72,
            "Plan Rows": 1,
            "Plan Width": 8,
            "Actual Startup Time": 659.848,
            "Actual Total Time": 659.851,
            "Actual Rows": 1,
            "Actual Loops": 2,
            "Plans": [
              {
                "Node Type": "Nested Loop",
                "Parent Relationship": "Outer",
                "Parallel Aware": false,
                "Join Type": "Inner",
                "Startup Cost": 53921.47,
                "Total Cost": 126524.6,
                "Plan Rows": 86444,
                "Plan Width": 0,
                "Actual Startup Time": 131.593,
                "Actual Total Time": 624.516,
                "Actual Rows": 865756,
                "Actual Loops": 2,
                "Inner Unique": false,
                "Join Filter": "(t.id = mi.movie_id)",
                "Rows Removed by Join Filter": 0,
                "Plans": [
                  {
                    "Node Type": "Hash Join",
                    "Parent Relationship": "Outer",
                    "Parallel Aware": true,
                    "Join Type": "Inner",
                    "Startup Cost": 53921.04,
                    "Total Cost": 94904.57,
                    "Plan Rows": 14784,
                    "Plan Width": 8,
                    "Actual Startup Time": 131.52,
                    "Actual Total Time": 286.823,
                    "Actual Rows": 12978,
                    "Actual Loops": 2,
                    "Inner Unique": true,
                    "Hash Cond": "(mc.movie_id = t.id)",
                    "Plans": [
                      {
                        "Node Type": "Seq Scan",
                        "Parent Relationship": "Outer",
                        "Parallel Aware": true,
                        "Relation Name": "movie_companies",
                        "Alias": "mc",
                        "Startup Cost": 0.0,
                        "Total Cost": 37974.77,
                        "Plan Rows": 1146196,
                        "Plan Width": 4,
                        "Actual Startup Time": 0.017,
                        "Actual Total Time": 115.534,
                        "Actual Rows": 968132,
                        "Actual Loops": 2,
                        "Filter": "(company_id < 49984)",
                        "Rows Removed by Filter": 336433
                      },
                      {
                        "Node Type": "Hash",
                        "Parent Relationship": "Inner",
                        "Parallel Aware": true,
                        "Startup Cost": 53681.26,
                        "Total Cost": 53681.26,
                        "Plan Rows": 19182,
                        "Plan Width": 4,
                        "Actual Startup Time": 95.262,
                        "Actual Total Time": 95.264,
                        "Actual Rows": 8886,
                        "Actual Loops": 2,
                        "Hash Buckets": 32768,
                        "Original Hash Buckets": 32768,
                        "Hash Batches": 1,
                        "Original Hash Batches": 1,
                        "Peak Memory Usage": 960,
                        "Plans": [
                          {
                            "Node Type": "Bitmap Heap Scan",
                            "Parent Relationship": "Outer",
                            "Parallel Aware": true,
                            "Relation Name": "title",
                            "Alias": "t",
                            "Startup Cost": 11831.0,
                            "Total Cost": 53681.26,
                            "Plan Rows": 19182,
                            "Plan Width": 4,
                            "Actual Startup Time": 36.618,
                            "Actual Total Time": 92.718,
                            "Actual Rows": 8886,
                            "Actual Loops": 2,
                            "Recheck Cond": "(kind_id = 1)",
                            "Rows Removed by Index Recheck": 0,
                            "Filter": "(production_year = 2007)",
                            "Rows Removed by Filter": 322526,
                            "Exact Heap Blocks": 9533,
                            "Lossy Heap Blocks": 0,
                            "Plans": [
                              {
                                "Node Type": "Bitmap Index Scan",
                                "Parent Relationship": "Outer",
                                "Parallel Aware": false,
                                "Index Name": "kind_id_title",
                                "Startup Cost": 0.0,
                                "Total Cost": 11822.85,
                                "Plan Rows": 663256,
                                "Plan Width": 0,
                                "Actual Startup Time": 39.285,
                                "Actual Total Time": 39.285,
                                "Actual Rows": 662825,
                                "Actual Loops": 1,
                                "Index Cond": "(kind_id = 1)"
                              }
                            ]
                          }
                        ]
                      }
                    ]
                  },
                  {
                    "Node Type": "Index Only Scan",
                    "Parent Relationship": "Inner",
                    "Parallel Aware": false,
                    "Scan Direction": "Forward",
                    "Index Name": "movie_id_movie_info",
                    "Relation Name": "movie_info",
                    "Alias": "mi",
                    "Startup Cost": 0.43,
                    "Total Cost": 1.61,
                    "Plan Rows": 42,
                    "Plan Width": 4,
                    "Actual Startup Time": 0.005,
                    "Actual Total Time": 0.021,
                    "Actual Rows": 67,
                    "Actual Loops": 25957,
                    "Index Cond": "(movie_id = mc.movie_id)",
                    "Rows Removed by Index Recheck": 0,
                    "Heap Fetches": 1731511
                  }
                ]
              }
            ]
          }
        ]
      }
    ]
  },
  "Planning Time": 0.963,
  "Triggers": [],
  "Execution Time": 701.163
}