{
  "Plan": {
    "Node Type": "Aggregate",
    "Strategy": "Plain",
    "Partial Mode": "Finalize",
    "Parallel Aware": false,
    "Startup Cost": 71617.09,
    "Total Cost": 71617.1,
    "Plan Rows": 1,
    "Plan Width": 8,
    "Actual Startup Time": 165.123,
    "Actual Total Time": 176.69,
    "Actual Rows": 1,
    "Actual Loops": 1,
    "Plans": [
      {
        "Node Type": "Gather",
        "Parent Relationship": "Outer",
        "Parallel Aware": false,
        "Startup Cost": 71616.98,
        "Total Cost": 71617.09,
        "Plan Rows": 1,
        "Plan Width": 8,
        "Actual Startup Time": 164.984,
        "Actual Total Time": 176.683,
        "Actual Rows": 2,
        "Actual Loops": 1,
        "Workers Planned": 1,
        "Workers Launched": 1,
        "Single Copy": false,
        "Plans": [
          {
            "Node Type": "Aggregate",
            "Strategy": "Plain",
            "Partial Mode": "Partial",
            "Parent Relationship": "Outer",
            "Parallel Aware": false,
            "Startup Cost": 70616.98,
            "Total Cost": 70616.99,
            "Plan Rows": 1,
            "Plan Width": 8,
            "Actual Startup Time": 159.13,
            "Actual Total Time": 159.132,
            "Actual Rows": 1,
            "Actual Loops": 2,
            "Plans": [
              {
                "Node Type": "Nested Loop",
                "Parent Relationship": "Outer",
                "Parallel Aware": false,
                "Join Type": "Inner",
                "Startup Cost": 0.43,
                "Total Cost": 70616.2,
                "Plan Rows": 311,
                "Plan Width": 0,
                "Actual Startup Time": 96.276,
                "Actual Total Time": 159.1,
                "Actual Rows": 130,
                "Actual Loops": 2,
                "Inner Unique": false,
                "Plans": [
                  {
                    "Node Type": "Seq Scan",
                    "Parent Relationship": "Outer",
                    "Parallel Aware": true,
                    "Relation Name": "title",
                    "Alias": "t",
                    "Startup Cost": 0.0,
                    "Total Cost": 58306.47,
                    "Plan Rows": 1730,
                    "Plan Width": 4,
                    "Actual Startup Time": 90.149,
                    "Actual Total Time": 142.464,
                    "Actual Rows": 3835,
                    "Actual Loops": 2,
                    "Filter": "((kind_id < 7) AND (production_year = 1915))",
                    "Rows Removed by Filter": 1260321
                  },
                  {
                    "Node Type": "Index Scan",
                    "Parent Relationship": "Inner",
                    "Parallel Aware": false,
                    "Scan Direction": "Forward",
                    "Index Name": "movie_id_movie_info_idx",
                    "Relation Name": "movie_info_idx",
                    "Alias": "mi_idx",
                    "Startup Cost": 0.43,
                    "Total Cost": 7.11,
                    "Plan Rows": 1,
                    "Plan Width": 4,
                    "Actual Startup Time": 0.004,
                    "Actual Total Time": 0.004,
                    "Actual Rows": 0,
                    "Actual Loops": 7670,
                    "Index Cond": "(movie_id = t.id)",
                    "Rows Removed by Index Recheck": 0,
                    "Filter": "(info_type_id < 100)",
                    "Rows Removed by Filter": 0
                  }
                ]
              }
            ]
          }
        ]
      }
    ]
  },
  "Planning Time": 0.444,
  "Triggers": [],
  "Execution Time": 176.762
}