[
  {
    "Plan": {
      "Node Type": "Aggregate",
      "Strategy": "Plain",
      "Partial Mode": "Simple",
      "Parallel Aware": false,
      "Startup Cost": 16557.39,
      "Total Cost": 16557.4,
      "Plan Rows": 1,
      "Plan Width": 64,
      "Actual Startup Time": 189.047,
      "Actual Total Time": 189.051,
      "Actual Rows": 1,
      "Actual Loops": 1,
      "Plans": [
        {
          "Node Type": "Nested Loop",
          "Parent Relationship": "Outer",
          "Parallel Aware": false,
          "Join Type": "Inner",
          "Startup Cost": 11.65,
          "Total Cost": 16557.39,
          "Plan Rows": 1,
          "Plan Width": 22,
          "Actual Startup Time": 27.564,
          "Actual Total Time": 189.02,
          "Actual Rows": 8,
          "Actual Loops": 1,
          "Inner Unique": false,
          "Join Filter": "(mi_idx.info_type_id = it.id)",
          "Rows Removed by Join Filter": 8,
          "Plans": [
            {
              "Node Type": "Seq Scan",
              "Parent Relationship": "Outer",
              "Parallel Aware": false,
              "Relation Name": "info_type",
              "Alias": "it",
              "Startup Cost": 0.0,
              "Total Cost": 2.41,
              "Plan Rows": 1,
              "Plan Width": 4,
              "Actual Startup Time": 0.029,
              "Actual Total Time": 0.032,
              "Actual Rows": 1,
              "Actual Loops": 1,
              "Filter": "((info)::text = 'rating'::text)",
              "Rows Removed by Filter": 112
            },
            {
              "Node Type": "Nested Loop",
              "Parent Relationship": "Inner",
              "Parallel Aware": false,
              "Join Type": "Inner",
              "Startup Cost": 11.65,
              "Total Cost": 16554.89,
              "Plan Rows": 7,
              "Plan Width": 26,
              "Actual Startup Time": 27.527,
              "Actual Total Time": 188.98,
              "Actual Rows": 16,
              "Actual Loops": 1,
              "Inner Unique": false,
              "Join Filter": "(t.id = mi_idx.movie_id)",
              "Rows Removed by Join Filter": 0,
              "Plans": [
                {
                  "Node Type": "Nested Loop",
                  "Parent Relationship": "Outer",
                  "Parallel Aware": false,
                  "Join Type": "Inner",
                  "Startup Cost": 11.22,
                  "Total Cost": 16552.79,
                  "Plan Rows": 4,
                  "Plan Width": 25,
                  "Actual Startup Time": 27.451,
                  "Actual Total Time": 188.544,
                  "Actual Rows": 20,
                  "Actual Loops": 1,
                  "Inner Unique": true,
                  "Plans": [
                    {
                      "Node Type": "Nested Loop",
                      "Parent Relationship": "Outer",
                      "Parallel Aware": false,
                      "Join Type": "Inner",
                      "Startup Cost": 10.79,
                      "Total Cost": 16338.26,
                      "Plan Rows": 438,
                      "Plan Width": 4,
                      "Actual Startup Time": 7.818,
                      "Actual Total Time": 88.634,
                      "Actual Rows": 12951,
                      "Actual Loops": 1,
                      "Inner Unique": false,
                      "Plans": [
                        {
                          "Node Type": "Seq Scan",
                          "Parent Relationship": "Outer",
                          "Parallel Aware": false,
                          "Relation Name": "keyword",
                          "Alias": "k",
                          "Startup Cost": 0.0,
                          "Total Cost": 2626.12,
                          "Plan Rows": 13,
                          "Plan Width": 4,
                          "Actual Startup Time": 2.583,
                          "Actual Total Time": 26.143,
                          "Actual Rows": 30,
                          "Actual Loops": 1,
                          "Filter": "(keyword ~~ '%sequel%'::text)",
                          "Rows Removed by Filter": 134140
                        },
                        {
                          "Node Type": "Bitmap Heap Scan",
                          "Parent Relationship": "Inner",
                          "Parallel Aware": false,
                          "Relation Name": "movie_keyword",
                          "Alias": "mk",
                          "Startup Cost": 10.79,
                          "Total Cost": 1051.74,
                          "Plan Rows": 304,
                          "Plan Width": 8,
                          "Actual Startup Time": 0.211,
                          "Actual Total Time": 1.965,
                          "Actual Rows": 432,
                          "Actual Loops": 30,
                          "Recheck Cond": "(keyword_id = k.id)",
                          "Rows Removed by Index Recheck": 0,
                          "Exact Heap Blocks": 6979,
                          "Lossy Heap Blocks": 0,
                          "Plans": [
                            {
                              "Node Type": "Bitmap Index Scan",
                              "Parent Relationship": "Outer",
                              "Parallel Aware": false,
                              "Index Name": "keyword_id_movie_keyword",
                              "Startup Cost": 0.0,
                              "Total Cost": 10.71,
                              "Plan Rows": 304,
                              "Plan Width": 0,
                              "Actual Startup Time": 0.146,
                              "Actual Total Time": 0.146,
                              "Actual Rows": 432,
                              "Actual Loops": 30,
                              "Index Cond": "(keyword_id = k.id)"
                            }
                          ]
                        }
                      ]
                    },
                    {
                      "Node Type": "Index Scan",
                      "Parent Relationship": "Inner",
                      "Parallel Aware": false,
                      "Scan Direction": "Forward",
                      "Index Name": "title_pkey",
                      "Relation Name": "title",
                      "Alias": "t",
                      "Startup Cost": 0.43,
                      "Total Cost": 0.49,
                      "Plan Rows": 1,
                      "Plan Width": 21,
                      "Actual Startup Time": 0.007,
                      "Actual Total Time": 0.007,
                      "Actual Rows": 0,
                      "Actual Loops": 12951,
                      "Index Cond": "(id = mk.movie_id)",
                      "Rows Removed by Index Recheck": 0,
                      "Filter": "(production_year < 1910)",
                      "Rows Removed by Filter": 1
                    }
                  ]
                },
                {
                  "Node Type": "Index Scan",
                  "Parent Relationship": "Inner",
                  "Parallel Aware": false,
                  "Scan Direction": "Forward",
                  "Index Name": "movie_id_movie_info_idx",
                  "Relation Name": "movie_info_idx",
                  "Alias": "mi_idx",
                  "Startup Cost": 0.43,
                  "Total Cost": 0.5,
                  "Plan Rows": 2,
                  "Plan Width": 13,
                  "Actual Startup Time": 0.02,
                  "Actual Total Time": 0.021,
                  "Actual Rows": 1,
                  "Actual Loops": 20,
                  "Index Cond": "(movie_id = mk.movie_id)",
                  "Rows Removed by Index Recheck": 0,
                  "Filter": "(info > '2.0'::text)",
                  "Rows Removed by Filter": 0
                }
              ]
            }
          ]
        }
      ]
    },
    "Planning Time": 7.951,
    "Triggers": [],
    "Execution Time": 189.387
  }
]