[
  {
    "Plan": {
      "Node Type": "Aggregate",
      "Strategy": "Plain",
      "Partial Mode": "Simple",
      "Parallel Aware": false,
      "Startup Cost": 11366.59,
      "Total Cost": 11366.6,
      "Plan Rows": 1,
      "Plan Width": 8,
      "Actual Startup Time": 14.764,
      "Actual Total Time": 14.766,
      "Actual Rows": 1,
      "Actual Loops": 1,
      "Plans": [
        {
          "Node Type": "Bitmap Heap Scan",
          "Parent Relationship": "Outer",
          "Parallel Aware": false,
          "Relation Name": "movie_companies",
          "Alias": "mc",
          "Startup Cost": 110.22,
          "Total Cost": 11360.49,
          "Plan Rows": 2440,
          "Plan Width": 0,
          "Actual Startup Time": 3.244,
          "Actual Total Time": 13.855,
          "Actual Rows": 4898,
          "Actual Loops": 1,
          "Recheck Cond": "(company_id = 1709)",
          "Rows Removed by Index Recheck": 0,
          "Filter": "(company_type_id < 2)",
          "Rows Removed by Filter": 266,
          "Exact Heap Blocks": 3075,
          "Lossy Heap Blocks": 0,
          "Plans": [
            {
              "Node Type": "Bitmap Index Scan",
              "Parent Relationship": "Outer",
              "Parallel Aware": false,
              "Index Name": "company_id_movie_companies",
              "Startup Cost": 0.0,
              "Total Cost": 109.61,
              "Plan Rows": 4957,
              "Plan Width": 0,
              "Actual Startup Time": 1.929,
              "Actual Total Time": 1.93,
              "Actual Rows": 5164,
              "Actual Loops": 1,
              "Index Cond": "(company_id = 1709)"
            }
          ]
        }
      ]
    },
    "Planning Time": 0.217,
    "Triggers": [],
    "Execution Time": 14.837
  }
]