[
  {
    "Plan": {
      "Node Type": "Aggregate",
      "Strategy": "Plain",
      "Partial Mode": "Finalize",
      "Parallel Aware": false,
      "Startup Cost": 107962.18,
      "Total Cost": 107962.19,
      "Plan Rows": 1,
      "Plan Width": 8,
      "Actual Startup Time": 624.301,
      "Actual Total Time": 692.694,
      "Actual Rows": 1,
      "Actual Loops": 1,
      "Plans": [
        {
          "Node Type": "Gather",
          "Parent Relationship": "Outer",
          "Parallel Aware": false,
          "Startup Cost": 107961.86,
          "Total Cost": 107962.17,
          "Plan Rows": 3,
          "Plan Width": 8,
          "Actual Startup Time": 623.866,
          "Actual Total Time": 692.683,
          "Actual Rows": 4,
          "Actual Loops": 1,
          "Workers Planned": 3,
          "Workers Launched": 3,
          "Single Copy": false,
          "Plans": [
            {
              "Node Type": "Aggregate",
              "Strategy": "Plain",
              "Partial Mode": "Partial",
              "Parent Relationship": "Outer",
              "Parallel Aware": false,
              "Startup Cost": 106961.86,
              "Total Cost": 106961.87,
              "Plan Rows": 1,
              "Plan Width": 8,
              "Actual Startup Time": 612.505,
              "Actual Total Time": 612.508,
              "Actual Rows": 1,
              "Actual Loops": 4,
              "Plans": [
                {
                  "Node Type": "Nested Loop",
                  "Parent Relationship": "Outer",
                  "Parallel Aware": false,
                  "Join Type": "Inner",
                  "Startup Cost": 44108.59,
                  "Total Cost": 106556.71,
                  "Plan Rows": 162061,
                  "Plan Width": 0,
                  "Actual Startup Time": 158.973,
                  "Actual Total Time": 598.487,
                  "Actual Rows": 236960,
                  "Actual Loops": 4,
                  "Inner Unique": false,
                  "Join Filter": "(t.id = ci.movie_id)",
                  "Rows Removed by Join Filter": 0,
                  "Plans": [
                    {
                      "Node Type": "Hash Join",
                      "Parent Relationship": "Outer",
                      "Parallel Aware": true,
                      "Join Type": "Inner",
                      "Startup Cost": 44108.03,
                      "Total Cost": 74540.47,
                      "Plan Rows": 11310,
                      "Plan Width": 8,
                      "Actual Startup Time": 158.854,
                      "Actual Total Time": 237.781,
                      "Actual Rows": 8138,
                      "Actual Loops": 4,
                      "Inner Unique": true,
                      "Hash Cond": "(mc.movie_id = t.id)",
                      "Plans": [
                        {
                          "Node Type": "Seq Scan",
                          "Parent Relationship": "Outer",
                          "Parallel Aware": true,
                          "Relation Name": "movie_companies",
                          "Alias": "mc",
                          "Startup Cost": 0.0,
                          "Total Cost": 29310.68,
                          "Plan Rows": 427336,
                          "Plan Width": 4,
                          "Actual Startup Time": 37.231,
                          "Actual Total Time": 74.157,
                          "Actual Rows": 333721,
                          "Actual Loops": 4,
                          "Filter": "(company_type_id = 2)",
                          "Rows Removed by Filter": 318562
                        },
                        {
                          "Node Type": "Hash",
                          "Parent Relationship": "Inner",
                          "Parallel Aware": true,
                          "Startup Cost": 43898.92,
                          "Total Cost": 43898.92,
                          "Plan Rows": 16729,
                          "Plan Width": 4,
                          "Actual Startup Time": 120.179,
                          "Actual Total Time": 120.18,
                          "Actual Rows": 16944,
                          "Actual Loops": 4,
                          "Hash Buckets": 131072,
                          "Original Hash Buckets": 131072,
                          "Hash Batches": 1,
                          "Original Hash Batches": 1,
                          "Peak Memory Usage": 3744,
                          "Plans": [
                            {
                              "Node Type": "Seq Scan",
                              "Parent Relationship": "Outer",
                              "Parallel Aware": true,
                              "Relation Name": "title",
                              "Alias": "t",
                              "Startup Cost": 0.0,
                              "Total Cost": 43898.92,
                              "Plan Rows": 16729,
                              "Plan Width": 4,
                              "Actual Startup Time": 0.06,
                              "Actual Total Time": 110.843,
                              "Actual Rows": 16944,
                              "Actual Loops": 4,
                              "Filter": "(production_year = 2003)",
                              "Rows Removed by Filter": 615134
                            }
                          ]
                        }
                      ]
                    },
                    {
                      "Node Type": "Index Only Scan",
                      "Parent Relationship": "Inner",
                      "Parallel Aware": false,
                      "Scan Direction": "Forward",
                      "Index Name": "movie_id_cast_info",
                      "Relation Name": "cast_info",
                      "Alias": "ci",
                      "Startup Cost": 0.56,
                      "Total Cost": 2.37,
                      "Plan Rows": 37,
                      "Plan Width": 4,
                      "Actual Startup Time": 0.007,
                      "Actual Total Time": 0.041,
                      "Actual Rows": 29,
                      "Actual Loops": 32554,
                      "Index Cond": "(movie_id = mc.movie_id)",
                      "Rows Removed by Index Recheck": 0,
                      "Heap Fetches": 947841
                    }
                  ]
                }
              ]
            }
          ]
        }
      ]
    },
    "Planning Time": 1.386,
    "Triggers": [],
    "Execution Time": 692.842
  }
]