{
  "Plan": {
    "Node Type": "Aggregate",
    "Strategy": "Plain",
    "Partial Mode": "Simple",
    "Parallel Aware": false,
    "Startup Cost": 527380.3,
    "Total Cost": 527380.31,
    "Plan Rows": 1,
    "Plan Width": 96,
    "Actual Startup Time": 547.658,
    "Actual Total Time": 547.668,
    "Actual Rows": 1,
    "Actual Loops": 1,
    "Plans": [
      {
        "Node Type": "Merge Join",
        "Parent Relationship": "Outer",
        "Parallel Aware": false,
        "Join Type": "Inner",
        "Startup Cost": 514755.92,
        "Total Cost": 527380.23,
        "Plan Rows": 10,
        "Plan Width": 46,
        "Actual Startup Time": 547.652,
        "Actual Total Time": 547.661,
        "Actual Rows": 0,
        "Actual Loops": 1,
        "Inner Unique": true,
        "Merge Cond": "(ml.linked_movie_id = t2.id)",
        "Plans": [
          {
            "Node Type": "Sort",
            "Parent Relationship": "Outer",
            "Parallel Aware": false,
            "Startup Cost": 184566.29,
            "Total Cost": 184566.32,
            "Plan Rows": 10,
            "Plan Width": 33,
            "Actual Startup Time": 547.65,
            "Actual Total Time": 547.658,
            "Actual Rows": 0,
            "Actual Loops": 1,
            "Sort Key": [
              "ml.linked_movie_id"
            ],
            "Sort Method": "quicksort",
            "Sort Space Used": 25,
            "Sort Space Type": "Memory",
            "Plans": [
              {
                "Node Type": "Merge Join",
                "Parent Relationship": "Outer",
                "Parallel Aware": false,
                "Join Type": "Inner",
                "Startup Cost": 177633.85,
                "Total Cost": 184566.13,
                "Plan Rows": 10,
                "Plan Width": 33,
                "Actual Startup Time": 547.589,
                "Actual Total Time": 547.597,
                "Actual Rows": 0,
                "Actual Loops": 1,
                "Inner Unique": false,
                "Merge Cond": "(k.id = mk.keyword_id)",
                "Plans": [
                  {
                    "Node Type": "Sort",
                    "Parent Relationship": "Outer",
                    "Parallel Aware": false,
                    "Startup Cost": 2626.14,
                    "Total Cost": 2626.14,
                    "Plan Rows": 1,
                    "Plan Width": 4,
                    "Actual Startup Time": 23.169,
                    "Actual Total Time": 23.171,
                    "Actual Rows": 1,
                    "Actual Loops": 1,
                    "Sort Key": [
                      "k.id"
                    ],
                    "Sort Method": "quicksort",
                    "Sort Space Used": 25,
                    "Sort Space Type": "Memory",
                    "Plans": [
                      {
                        "Node Type": "Seq Scan",
                        "Parent Relationship": "Outer",
                        "Parallel Aware": false,
                        "Relation Name": "keyword",
                        "Alias": "k",
                        "Startup Cost": 0.0,
                        "Total Cost": 2626.12,
                        "Plan Rows": 1,
                        "Plan Width": 4,
                        "Actual Startup Time": 22.828,
                        "Actual Total Time": 23.147,
                        "Actual Rows": 1,
                        "Actual Loops": 1,
                        "Filter": "(keyword = '10,000-mile-club'::text)",
                        "Rows Removed by Filter": 134169
                      }
                    ]
                  },
                  {
                    "Node Type": "Sort",
                    "Parent Relationship": "Inner",
                    "Parallel Aware": false,
                    "Startup Cost": 174983.09,
                    "Total Cost": 178461.49,
                    "Plan Rows": 1391359,
                    "Plan Width": 37,
                    "Actual Startup Time": 437.196,
                    "Actual Total Time": 486.864,
                    "Actual Rows": 288192,
                    "Actual Loops": 1,
                    "Sort Key": [
                      "mk.keyword_id"
                    ],
                    "Sort Method": "quicksort",
                    "Sort Space Used": 37294,
                    "Sort Space Type": "Memory",
                    "Plans": [
                      {
                        "Node Type": "Merge Join",
                        "Parent Relationship": "Outer",
                        "Parallel Aware": false,
                        "Join Type": "Inner",
                        "Startup Cost": 4056.61,
                        "Total Cost": 33008.38,
                        "Plan Rows": 1391359,
                        "Plan Width": 37,
                        "Actual Startup Time": 19.137,
                        "Actual Total Time": 323.833,
                        "Actual Rows": 288192,
                        "Actual Loops": 1,
                        "Inner Unique": false,
                        "Merge Cond": "(ml.movie_id = t1.id)",
                        "Plans": [
                          {
                            "Node Type": "Sort",
                            "Parent Relationship": "Outer",
                            "Parallel Aware": false,
                            "Startup Cost": 4042.55,
                            "Total Cost": 4117.54,
                            "Plan Rows": 29997,
                            "Plan Width": 20,
                            "Actual Startup Time": 19.084,
                            "Actual Total Time": 22.021,
                            "Actual Rows": 29997,
                            "Actual Loops": 1,
                            "Sort Key": [
                              "ml.movie_id"
                            ],
                            "Sort Method": "quicksort",
                            "Sort Space Used": 3056,
                            "Sort Space Type": "Memory",
                            "Plans": [
                              {
                                "Node Type": "Merge Join",
                                "Parent Relationship": "Outer",
                                "Parallel Aware": false,
                                "Join Type": "Inner",
                                "Startup Cost": 0.42,
                                "Total Cost": 1811.89,
                                "Plan Rows": 29997,
                                "Plan Width": 20,
                                "Actual Startup Time": 0.055,
                                "Actual Total Time": 10.648,
                                "Actual Rows": 29997,
                                "Actual Loops": 1,
                                "Inner Unique": true,
                                "Merge Cond": "(ml.link_type_id = lt.id)",
                                "Plans": [
                                  {
                                    "Node Type": "Index Scan",
                                    "Parent Relationship": "Outer",
                                    "Parallel Aware": false,
                                    "Scan Direction": "Forward",
                                    "Index Name": "link_type_id_movie_link",
                                    "Relation Name": "movie_link",
                                    "Alias": "ml",
                                    "Startup Cost": 0.29,
                                    "Total Cost": 1425.16,
                                    "Plan Rows": 29997,
                                    "Plan Width": 12,
                                    "Actual Startup Time": 0.035,
                                    "Actual Total Time": 6.556,
                                    "Actual Rows": 29997,
                                    "Actual Loops": 1
                                  },
                                  {
                                    "Node Type": "Index Scan",
                                    "Parent Relationship": "Inner",
                                    "Parallel Aware": false,
                                    "Scan Direction": "Forward",
                                    "Index Name": "link_type_pkey",
                                    "Relation Name": "link_type",
                                    "Alias": "lt",
                                    "Startup Cost": 0.14,
                                    "Total Cost": 12.41,
                                    "Plan Rows": 18,
                                    "Plan Width": 16,
                                    "Actual Startup Time": 0.015,
                                    "Actual Total Time": 0.021,
                                    "Actual Rows": 17,
                                    "Actual Loops": 1
                                  }
                                ]
                              }
                            ]
                          },
                          {
                            "Node Type": "Materialize",
                            "Parent Relationship": "Inner",
                            "Parallel Aware": false,
                            "Startup Cost": 14.06,
                            "Total Cost": 361561.83,
                            "Plan Rows": 4523930,
                            "Plan Width": 29,
                            "Actual Startup Time": 0.05,
                            "Actual Total Time": 246.492,
                            "Actual Rows": 360976,
                            "Actual Loops": 1,
                            "Plans": [
                              {
                                "Node Type": "Merge Join",
                                "Parent Relationship": "Outer",
                                "Parallel Aware": false,
                                "Join Type": "Inner",
                                "Startup Cost": 14.06,
                                "Total Cost": 350252.01,
                                "Plan Rows": 4523930,
                                "Plan Width": 29,
                                "Actual Startup Time": 0.042,
                                "Actual Total Time": 199.936,
                                "Actual Rows": 97855,
                                "Actual Loops": 1,
                                "Inner Unique": false,
                                "Merge Cond": "(t1.id = mk.movie_id)",
                                "Plans": [
                                  {
                                    "Node Type": "Index Scan",
                                    "Parent Relationship": "Outer",
                                    "Parallel Aware": false,
                                    "Scan Direction": "Forward",
                                    "Index Name": "title_pkey",
                                    "Relation Name": "title",
                                    "Alias": "t1",
                                    "Startup Cost": 0.43,
                                    "Total Cost": 110359.06,
                                    "Plan Rows": 2528509,
                                    "Plan Width": 21,
                                    "Actual Startup Time": 0.011,
                                    "Actual Total Time": 144.84,
                                    "Actual Rows": 186242,
                                    "Actual Loops": 1
                                  },
                                  {
                                    "Node Type": "Index Scan",
                                    "Parent Relationship": "Inner",
                                    "Parallel Aware": false,
                                    "Scan Direction": "Forward",
                                    "Index Name": "movie_id_movie_keyword",
                                    "Relation Name": "movie_keyword",
                                    "Alias": "mk",
                                    "Startup Cost": 0.43,
                                    "Total Cost": 177148.48,
                                    "Plan Rows": 4523930,
                                    "Plan Width": 8,
                                    "Actual Startup Time": 0.011,
                                    "Actual Total Time": 21.251,
                                    "Actual Rows": 97855,
                                    "Actual Loops": 1
                                  }
                                ]
                              }
                            ]
                          }
                        ]
                      }
                    ]
                  }
                ]
              }
            ]
          },
          {
            "Node Type": "Sort",
            "Parent Relationship": "Inner",
            "Parallel Aware": false,
            "Startup Cost": 330188.2,
            "Total Cost": 336509.47,
            "Plan Rows": 2528509,
            "Plan Width": 21,
            "Actual Startup Time": 0.0,
            "Actual Total Time": 0.0,
            "Actual Rows": 0,
            "Actual Loops": 0,
            "Sort Key": [
              "t2.id"
            ],
            "Plans": [
              {
                "Node Type": "Seq Scan",
                "Parent Relationship": "Outer",
                "Parallel Aware": false,
                "Relation Name": "title",
                "Alias": "t2",
                "Startup Cost": 0.0,
                "Total Cost": 61283.09,
                "Plan Rows": 2528509,
                "Plan Width": 21,
                "Actual Startup Time": 0.0,
                "Actual Total Time": 0.0,
                "Actual Rows": 0,
                "Actual Loops": 0
              }
            ]
          }
        ]
      }
    ]
  },
  "Planning Time": 8.018,
  "Triggers": [],
  "Execution Time": 551.43
}