{
  "Plan": {
    "Node Type": "Aggregate",
    "Strategy": "Plain",
    "Partial Mode": "Finalize",
    "Parallel Aware": false,
    "Startup Cost": 507782.47,
    "Total Cost": 507782.48,
    "Plan Rows": 1,
    "Plan Width": 8,
    "Actual Startup Time": 4439.428,
    "Actual Total Time": 4480.105,
    "Actual Rows": 1,
    "Actual Loops": 1,
    "Plans": [
      {
        "Node Type": "Gather",
        "Parent Relationship": "Outer",
        "Parallel Aware": false,
        "Startup Cost": 507782.36,
        "Total Cost": 507782.47,
        "Plan Rows": 1,
        "Plan Width": 8,
        "Actual Startup Time": 4432.08,
        "Actual Total Time": 4480.097,
        "Actual Rows": 2,
        "Actual Loops": 1,
        "Workers Planned": 1,
        "Workers Launched": 1,
        "Single Copy": false,
        "Plans": [
          {
            "Node Type": "Aggregate",
            "Strategy": "Plain",
            "Partial Mode": "Partial",
            "Parent Relationship": "Outer",
            "Parallel Aware": false,
            "Startup Cost": 506782.36,
            "Total Cost": 506782.37,
            "Plan Rows": 1,
            "Plan Width": 8,
            "Actual Startup Time": 4418.516,
            "Actual Total Time": 4418.523,
            "Actual Rows": 1,
            "Actual Loops": 2,
            "Plans": [
              {
                "Node Type": "Hash Join",
                "Parent Relationship": "Outer",
                "Parallel Aware": true,
                "Join Type": "Inner",
                "Startup Cost": 333943.3,
                "Total Cost": 499178.16,
                "Plan Rows": 3041678,
                "Plan Width": 0,
                "Actual Startup Time": 2182.169,
                "Actual Total Time": 4017.388,
                "Actual Rows": 10040126,
                "Actual Loops": 2,
                "Inner Unique": false,
                "Hash Cond": "(ci.movie_id = t.id)",
                "Plans": [
                  {
                    "Node Type": "Index Scan",
                    "Parent Relationship": "Outer",
                    "Parallel Aware": true,
                    "Scan Direction": "Forward",
                    "Index Name": "role_id_cast_info",
                    "Relation Name": "cast_info",
                    "Alias": "ci",
                    "Startup Cost": 0.56,
                    "Total Cost": 134450.3,
                    "Plan Rows": 2578582,
                    "Plan Width": 4,
                    "Actual Startup Time": 0.065,
                    "Actual Total Time": 333.563,
                    "Actual Rows": 2161509,
                    "Actual Loops": 2,
                    "Index Cond": "(role_id = 10)",
                    "Rows Removed by Index Recheck": 0
                  },
                  {
                    "Node Type": "Hash",
                    "Parent Relationship": "Inner",
                    "Parallel Aware": true,
                    "Startup Cost": 312013.63,
                    "Total Cost": 312013.63,
                    "Plan Rows": 1754328,
                    "Plan Width": 8,
                    "Actual Startup Time": 2159.171,
                    "Actual Total Time": 2159.175,
                    "Actual Rows": 1518360,
                    "Actual Loops": 2,
                    "Hash Buckets": 4194304,
                    "Original Hash Buckets": 4194304,
                    "Hash Batches": 1,
                    "Original Hash Batches": 1,
                    "Peak Memory Usage": 151616,
                    "Plans": [
                      {
                        "Node Type": "Hash Join",
                        "Parent Relationship": "Outer",
                        "Parallel Aware": true,
                        "Join Type": "Inner",
                        "Startup Cost": 123486.41,
                        "Total Cost": 312013.63,
                        "Plan Rows": 1754328,
                        "Plan Width": 8,
                        "Actual Startup Time": 810.659,
                        "Actual Total Time": 1682.378,
                        "Actual Rows": 1518360,
                        "Actual Loops": 2,
                        "Inner Unique": true,
                        "Hash Cond": "(mi.movie_id = t.id)",
                        "Plans": [
                          {
                            "Node Type": "Bitmap Heap Scan",
                            "Parent Relationship": "Outer",
                            "Parallel Aware": true,
                            "Relation Name": "movie_info",
                            "Alias": "mi",
                            "Startup Cost": 54025.71,
                            "Total Cost": 237947.81,
                            "Plan Rows": 1754328,
                            "Plan Width": 4,
                            "Actual Startup Time": 143.844,
                            "Actual Total Time": 331.707,
                            "Actual Rows": 1518360,
                            "Actual Loops": 2,
                            "Recheck Cond": "(info_type_id = 16)",
                            "Rows Removed by Index Recheck": 0,
                            "Exact Heap Blocks": 11602,
                            "Lossy Heap Blocks": 0,
                            "Plans": [
                              {
                                "Node Type": "Bitmap Index Scan",
                                "Parent Relationship": "Outer",
                                "Parallel Aware": false,
                                "Index Name": "info_type_id_movie_info",
                                "Startup Cost": 0.0,
                                "Total Cost": 53280.12,
                                "Plan Rows": 2982358,
                                "Plan Width": 0,
                                "Actual Startup Time": 137.325,
                                "Actual Total Time": 137.326,
                                "Actual Rows": 3036719,
                                "Actual Loops": 1,
                                "Index Cond": "(info_type_id = 16)"
                              }
                            ]
                          },
                          {
                            "Node Type": "Hash",
                            "Parent Relationship": "Inner",
                            "Parallel Aware": true,
                            "Startup Cost": 50870.31,
                            "Total Cost": 50870.31,
                            "Plan Rows": 1487231,
                            "Plan Width": 4,
                            "Actual Startup Time": 649.609,
                            "Actual Total Time": 649.61,
                            "Actual Rows": 1264156,
                            "Actual Loops": 2,
                            "Hash Buckets": 4194304,
                            "Original Hash Buckets": 4194304,
                            "Hash Batches": 1,
                            "Original Hash Batches": 1,
                            "Peak Memory Usage": 131712,
                            "Plans": [
                              {
                                "Node Type": "Seq Scan",
                                "Parent Relationship": "Outer",
                                "Parallel Aware": true,
                                "Relation Name": "title",
                                "Alias": "t",
                                "Startup Cost": 0.0,
                                "Total Cost": 50870.31,
                                "Plan Rows": 1487231,
                                "Plan Width": 4,
                                "Actual Startup Time": 0.026,
                                "Actual Total Time": 185.354,
                                "Actual Rows": 1264156,
                                "Actual Loops": 2
                              }
                            ]
                          }
                        ]
                      }
                    ]
                  }
                ]
              }
            ]
          }
        ]
      }
    ]
  },
  "Planning Time": 1.078,
  "Triggers": [],
  "Execution Time": 4480.212
}