[
  {
    "Plan": {
      "Node Type": "Aggregate",
      "Strategy": "Plain",
      "Partial Mode": "Finalize",
      "Parallel Aware": false,
      "Startup Cost": 70541.82,
      "Total Cost": 70541.83,
      "Plan Rows": 1,
      "Plan Width": 8,
      "Actual Startup Time": 160.298,
      "Actual Total Time": 170.388,
      "Actual Rows": 1,
      "Actual Loops": 1,
      "Plans": [
        {
          "Node Type": "Gather",
          "Parent Relationship": "Outer",
          "Parallel Aware": false,
          "Startup Cost": 70541.51,
          "Total Cost": 70541.82,
          "Plan Rows": 3,
          "Plan Width": 8,
          "Actual Startup Time": 158.876,
          "Actual Total Time": 170.381,
          "Actual Rows": 4,
          "Actual Loops": 1,
          "Workers Planned": 3,
          "Workers Launched": 3,
          "Single Copy": false,
          "Plans": [
            {
              "Node Type": "Aggregate",
              "Strategy": "Plain",
              "Partial Mode": "Partial",
              "Parent Relationship": "Outer",
              "Parallel Aware": false,
              "Startup Cost": 69541.51,
              "Total Cost": 69541.52,
              "Plan Rows": 1,
              "Plan Width": 8,
              "Actual Startup Time": 151.74,
              "Actual Total Time": 151.796,
              "Actual Rows": 1,
              "Actual Loops": 4,
              "Plans": [
                {
                  "Node Type": "Hash Join",
                  "Parent Relationship": "Outer",
                  "Parallel Aware": true,
                  "Join Type": "Inner",
                  "Startup Cost": 49864.13,
                  "Total Cost": 69534.69,
                  "Plan Rows": 2725,
                  "Plan Width": 0,
                  "Actual Startup Time": 127.803,
                  "Actual Total Time": 151.083,
                  "Actual Rows": 13394,
                  "Actual Loops": 4,
                  "Inner Unique": true,
                  "Hash Cond": "(mc.movie_id = t.id)",
                  "Plans": [
                    {
                      "Node Type": "Bitmap Heap Scan",
                      "Parent Relationship": "Outer",
                      "Parallel Aware": true,
                      "Relation Name": "movie_companies",
                      "Alias": "mc",
                      "Startup Cost": 3602.6,
                      "Total Cost": 23200.88,
                      "Plan Rows": 27539,
                      "Plan Width": 4,
                      "Actual Startup Time": 7.216,
                      "Actual Total Time": 19.465,
                      "Actual Rows": 40681,
                      "Actual Loops": 4,
                      "Recheck Cond": "(company_id > 126671)",
                      "Rows Removed by Index Recheck": 0,
                      "Filter": "(company_type_id = 2)",
                      "Rows Removed by Filter": 0,
                      "Exact Heap Blocks": 1188,
                      "Lossy Heap Blocks": 0,
                      "Plans": [
                        {
                          "Node Type": "Bitmap Index Scan",
                          "Parent Relationship": "Outer",
                          "Parallel Aware": false,
                          "Index Name": "company_id_movie_companies",
                          "Startup Cost": 0.0,
                          "Total Cost": 3581.26,
                          "Plan Rows": 167044,
                          "Plan Width": 0,
                          "Actual Startup Time": 6.637,
                          "Actual Total Time": 6.638,
                          "Actual Rows": 162725,
                          "Actual Loops": 1,
                          "Index Cond": "(company_id > 126671)"
                        }
                      ]
                    },
                    {
                      "Node Type": "Hash",
                      "Parent Relationship": "Inner",
                      "Parallel Aware": true,
                      "Startup Cost": 45479.59,
                      "Total Cost": 45479.59,
                      "Plan Rows": 62555,
                      "Plan Width": 4,
                      "Actual Startup Time": 119.621,
                      "Actual Total Time": 119.622,
                      "Actual Rows": 91654,
                      "Actual Loops": 4,
                      "Hash Buckets": 524288,
                      "Original Hash Buckets": 262144,
                      "Hash Batches": 1,
                      "Original Hash Batches": 1,
                      "Peak Memory Usage": 20576,
                      "Plans": [
                        {
                          "Node Type": "Seq Scan",
                          "Parent Relationship": "Outer",
                          "Parallel Aware": true,
                          "Relation Name": "title",
                          "Alias": "t",
                          "Startup Cost": 0.0,
                          "Total Cost": 45479.59,
                          "Plan Rows": 62555,
                          "Plan Width": 4,
                          "Actual Startup Time": 49.397,
                          "Actual Total Time": 90.179,
                          "Actual Rows": 91654,
                          "Actual Loops": 4,
                          "Filter": "((kind_id < 2) AND (production_year < 1999))",
                          "Rows Removed by Filter": 540424
                        }
                      ]
                    }
                  ]
                }
              ]
            }
          ]
        }
      ]
    },
    "Planning Time": 0.395,
    "Triggers": [],
    "Execution Time": 170.425
  }
]