{
    "Plan": {
        "Node Type": "Aggregate",
        "Strategy": "Plain",
        "Partial Mode": "Simple",
        "Parallel Aware": false,
        "Startup Cost": 50013477070.23,
        "Total Cost": 50013477070.24,
        "Plan Rows": 1,
        "Plan Width": 64,
        "Actual Startup Time": 6713.601,
        "Actual Total Time": 6727.177,
        "Actual Rows": 1,
        "Actual Loops": 1,
        "Output": [
            "min((kt.kind)::text)",
            "min(t.title)"
        ],
        "Plans": [
            {
                "Node Type": "Hash Join",
                "Parent Relationship": "Outer",
                "Parallel Aware": false,
                "Join Type": "Inner",
                "Startup Cost": 50013477069.09,
                "Total Cost": 50013477070.23,
                "Plan Rows": 1,
                "Plan Width": 27,
                "Actual Startup Time": 6713.409,
                "Actual Total Time": 6727.106,
                "Actual Rows": 628,
                "Actual Loops": 1,
                "Output": [
                    "kt.kind",
                    "t.title"
                ],
                "Inner Unique": true,
                "Hash Cond": "(t.kind_id = kt.id)",
                "Plans": [
                    {
                        "Node Type": "Hash Join",
                        "Parent Relationship": "Outer",
                        "Parallel Aware": false,
                        "Join Type": "Inner",
                        "Startup Cost": 40013477056.83,
                        "Total Cost": 40013477057.93,
                        "Plan Rows": 7,
                        "Plan Width": 21,
                        "Actual Startup Time": 6713.345,
                        "Actual Total Time": 6726.969,
                        "Actual Rows": 628,
                        "Actual Loops": 1,
                        "Output": [
                            "t.title",
                            "t.kind_id"
                        ],
                        "Inner Unique": false,
                        "Hash Cond": "(cct1.id = cc.status_id)",
                        "Plans": [
                            {
                                "Node Type": "Seq Scan",
                                "Parent Relationship": "Outer",
                                "Parallel Aware": false,
                                "Relation Name": "comp_cast_type",
                                "Schema": "public",
                                "Alias": "cct1",
                                "Startup Cost": 10000000000.0,
                                "Total Cost": 10000000001.05,
                                "Plan Rows": 1,
                                "Plan Width": 4,
                                "Actual Startup Time": 0.044,
                                "Actual Total Time": 0.046,
                                "Actual Rows": 1,
                                "Actual Loops": 1,
                                "Output": [
                                    "cct1.id",
                                    "cct1.kind"
                                ],
                                "Filter": "((cct1.kind)::text = 'complete+verified'::text)",
                                "Rows Removed by Filter": 3
                            },
                            {
                                "Node Type": "Hash",
                                "Parent Relationship": "Inner",
                                "Parallel Aware": false,
                                "Startup Cost": 30013477056.65,
                                "Total Cost": 30013477056.65,
                                "Plan Rows": 14,
                                "Plan Width": 25,
                                "Actual Startup Time": 6713.284,
                                "Actual Total Time": 6726.856,
                                "Actual Rows": 849,
                                "Actual Loops": 1,
                                "Output": [
                                    "cc.status_id",
                                    "t.title",
                                    "t.kind_id"
                                ],
                                "Hash Buckets": 1024,
                                "Original Hash Buckets": 1024,
                                "Hash Batches": 1,
                                "Original Hash Batches": 1,
                                "Peak Memory Usage": 55,
                                "Plans": [
                                    {
                                        "Node Type": "Hash Join",
                                        "Parent Relationship": "Outer",
                                        "Parallel Aware": false,
                                        "Join Type": "Inner",
                                        "Startup Cost": 30013477044.41,
                                        "Total Cost": 30013477056.65,
                                        "Plan Rows": 14,
                                        "Plan Width": 25,
                                        "Actual Startup Time": 6713.089,
                                        "Actual Total Time": 6726.75,
                                        "Actual Rows": 849,
                                        "Actual Loops": 1,
                                        "Output": [
                                            "cc.status_id",
                                            "t.title",
                                            "t.kind_id"
                                        ],
                                        "Inner Unique": false,
                                        "Hash Cond": "(ct.id = mc.company_type_id)",
                                        "Plans": [
                                            {
                                                "Node Type": "Index Scan",
                                                "Parent Relationship": "Outer",
                                                "Parallel Aware": false,
                                                "Scan Direction": "Forward",
                                                "Index Name": "company_type_pkey",
                                                "Relation Name": "company_type",
                                                "Schema": "public",
                                                "Alias": "ct",
                                                "Startup Cost": 10000000000.13,
                                                "Total Cost": 10000000012.19,
                                                "Plan Rows": 4,
                                                "Plan Width": 4,
                                                "Actual Startup Time": 0.007,
                                                "Actual Total Time": 0.012,
                                                "Actual Rows": 4,
                                                "Actual Loops": 1,
                                                "Output": [
                                                    "ct.id",
                                                    "ct.kind"
                                                ]
                                            },
                                            {
                                                "Node Type": "Hash",
                                                "Parent Relationship": "Inner",
                                                "Parallel Aware": false,
                                                "Startup Cost": 20013477044.1,
                                                "Total Cost": 20013477044.1,
                                                "Plan Rows": 14,
                                                "Plan Width": 29,
                                                "Actual Startup Time": 6713.061,
                                                "Actual Total Time": 6726.632,
                                                "Actual Rows": 849,
                                                "Actual Loops": 1,
                                                "Output": [
                                                    "cc.status_id",
                                                    "mc.company_type_id",
                                                    "t.title",
                                                    "t.kind_id"
                                                ],
                                                "Hash Buckets": 1024,
                                                "Original Hash Buckets": 1024,
                                                "Hash Batches": 1,
                                                "Original Hash Batches": 1,
                                                "Peak Memory Usage": 58,
                                                "Plans": [
                                                    {
                                                        "Node Type": "Merge Join",
                                                        "Parent Relationship": "Outer",
                                                        "Parallel Aware": false,
                                                        "Join Type": "Inner",
                                                        "Startup Cost": 20013476622.7,
                                                        "Total Cost": 20013477044.1,
                                                        "Plan Rows": 14,
                                                        "Plan Width": 29,
                                                        "Actual Startup Time": 6701.619,
                                                        "Actual Total Time": 6726.498,
                                                        "Actual Rows": 849,
                                                        "Actual Loops": 1,
                                                        "Output": [
                                                            "cc.status_id",
                                                            "mc.company_type_id",
                                                            "t.title",
                                                            "t.kind_id"
                                                        ],
                                                        "Inner Unique": false,
                                                        "Merge Cond": "(mc.company_id = cn.id)",
                                                        "Plans": [
                                                            {
                                                                "Node Type": "Sort",
                                                                "Parent Relationship": "Outer",
                                                                "Parallel Aware": false,
                                                                "Startup Cost": 20013463793.03,
                                                                "Total Cost": 20013463793.1,
                                                                "Plan Rows": 28,
                                                                "Plan Width": 33,
                                                                "Actual Startup Time": 6659.356,
                                                                "Actual Total Time": 6672.978,
                                                                "Actual Rows": 929,
                                                                "Actual Loops": 1,
                                                                "Output": [
                                                                    "cc.status_id",
                                                                    "mc.company_id",
                                                                    "mc.company_type_id",
                                                                    "t.title",
                                                                    "t.kind_id"
                                                                ],
                                                                "Sort Key": [
                                                                    "mc.company_id"
                                                                ],
                                                                "Sort Method": "quicksort",
                                                                "Sort Space Used": 97,
                                                                "Sort Space Type": "Memory",
                                                                "Plans": [
                                                                    {
                                                                        "Node Type": "Merge Join",
                                                                        "Parent Relationship": "Outer",
                                                                        "Parallel Aware": false,
                                                                        "Join Type": "Inner",
                                                                        "Startup Cost": 20013463760.99,
                                                                        "Total Cost": 20013463792.36,
                                                                        "Plan Rows": 28,
                                                                        "Plan Width": 33,
                                                                        "Actual Startup Time": 6659.032,
                                                                        "Actual Total Time": 6672.754,
                                                                        "Actual Rows": 929,
                                                                        "Actual Loops": 1,
                                                                        "Output": [
                                                                            "cc.status_id",
                                                                            "mc.company_id",
                                                                            "mc.company_type_id",
                                                                            "t.title",
                                                                            "t.kind_id"
                                                                        ],
                                                                        "Inner Unique": false,
                                                                        "Merge Cond": "(it1.id = mi.info_type_id)",
                                                                        "Plans": [
                                                                            {
                                                                                "Node Type": "Index Scan",
                                                                                "Parent Relationship": "Outer",
                                                                                "Parallel Aware": false,
                                                                                "Scan Direction": "Forward",
                                                                                "Index Name": "info_type_pkey",
                                                                                "Relation Name": "info_type",
                                                                                "Schema": "public",
                                                                                "Alias": "it1",
                                                                                "Startup Cost": 10000000000.14,
                                                                                "Total Cost": 10000000014.12,
                                                                                "Plan Rows": 1,
                                                                                "Plan Width": 4,
                                                                                "Actual Startup Time": 0.029,
                                                                                "Actual Total Time": 0.044,
                                                                                "Actual Rows": 1,
                                                                                "Actual Loops": 1,
                                                                                "Output": [
                                                                                    "it1.id",
                                                                                    "it1.info"
                                                                                ],
                                                                                "Filter": "((it1.info)::text = 'release dates'::text)",
                                                                                "Rows Removed by Filter": 112
                                                                            },
                                                                            {
                                                                                "Node Type": "Sort",
                                                                                "Parent Relationship": "Inner",
                                                                                "Parallel Aware": false,
                                                                                "Startup Cost": 10013463760.85,
                                                                                "Total Cost": 10013463769.39,
                                                                                "Plan Rows": 3417,
                                                                                "Plan Width": 37,
                                                                                "Actual Startup Time": 6658.998,
                                                                                "Actual Total Time": 6672.601,
                                                                                "Actual Rows": 929,
                                                                                "Actual Loops": 1,
                                                                                "Output": [
                                                                                    "cc.status_id",
                                                                                    "mc.company_id",
                                                                                    "mc.company_type_id",
                                                                                    "mi.info_type_id",
                                                                                    "t.title",
                                                                                    "t.kind_id"
                                                                                ],
                                                                                "Sort Key": [
                                                                                    "mi.info_type_id"
                                                                                ],
                                                                                "Sort Method": "quicksort",
                                                                                "Sort Space Used": 97,
                                                                                "Sort Space Type": "Memory",
                                                                                "Plans": [
                                                                                    {
                                                                                        "Node Type": "Merge Join",
                                                                                        "Parent Relationship": "Outer",
                                                                                        "Parallel Aware": false,
                                                                                        "Join Type": "Inner",
                                                                                        "Startup Cost": 10013298203.19,
                                                                                        "Total Cost": 10013463560.3,
                                                                                        "Plan Rows": 3417,
                                                                                        "Plan Width": 37,
                                                                                        "Actual Startup Time": 6115.151,
                                                                                        "Actual Total Time": 6672.36,
                                                                                        "Actual Rows": 929,
                                                                                        "Actual Loops": 1,
                                                                                        "Output": [
                                                                                            "cc.status_id",
                                                                                            "mc.company_id",
                                                                                            "mc.company_type_id",
                                                                                            "mi.info_type_id",
                                                                                            "t.title",
                                                                                            "t.kind_id"
                                                                                        ],
                                                                                        "Inner Unique": false,
                                                                                        "Merge Cond": "(mc.movie_id = t.id)",
                                                                                        "Plans": [
                                                                                            {
                                                                                                "Node Type": "Index Scan",
                                                                                                "Parent Relationship": "Outer",
                                                                                                "Parallel Aware": false,
                                                                                                "Scan Direction": "Forward",
                                                                                                "Index Name": "movie_id_movie_companies",
                                                                                                "Relation Name": "movie_companies",
                                                                                                "Schema": "public",
                                                                                                "Alias": "mc",
                                                                                                "Startup Cost": 0.43,
                                                                                                "Total Cost": 140849.93,
                                                                                                "Plan Rows": 2609129,
                                                                                                "Plan Width": 12,
                                                                                                "Actual Startup Time": 0.011,
                                                                                                "Actual Total Time": 538.908,
                                                                                                "Actual Rows": 2470635,
                                                                                                "Actual Loops": 1,
                                                                                                "Output": [
                                                                                                    "mc.id",
                                                                                                    "mc.movie_id",
                                                                                                    "mc.company_id",
                                                                                                    "mc.company_type_id",
                                                                                                    "mc.note"
                                                                                                ]
                                                                                            },
                                                                                            {
                                                                                                "Node Type": "Materialize",
                                                                                                "Parent Relationship": "Inner",
                                                                                                "Parallel Aware": false,
                                                                                                "Startup Cost": 10013298202.76,
                                                                                                "Total Cost": 10013316198.9,
                                                                                                "Plan Rows": 819,
                                                                                                "Plan Width": 45,
                                                                                                "Actual Startup Time": 5854.794,
                                                                                                "Actual Total Time": 5981.878,
                                                                                                "Actual Rows": 935,
                                                                                                "Actual Loops": 1,
                                                                                                "Output": [
                                                                                                    "cc.movie_id",
                                                                                                    "cc.status_id",
                                                                                                    "mi.movie_id",
                                                                                                    "mi.info_type_id",
                                                                                                    "mk.movie_id",
                                                                                                    "t.title",
                                                                                                    "t.kind_id",
                                                                                                    "t.id"
                                                                                                ],
                                                                                                "Plans": [
                                                                                                    {
                                                                                                        "Node Type": "Merge Join",
                                                                                                        "Parent Relationship": "Outer",
                                                                                                        "Parallel Aware": false,
                                                                                                        "Join Type": "Inner",
                                                                                                        "Startup Cost": 10013298202.76,
                                                                                                        "Total Cost": 10013316196.85,
                                                                                                        "Plan Rows": 819,
                                                                                                        "Plan Width": 45,
                                                                                                        "Actual Startup Time": 5854.781,
                                                                                                        "Actual Total Time": 5981.615,
                                                                                                        "Actual Rows": 741,
                                                                                                        "Actual Loops": 1,
                                                                                                        "Output": [
                                                                                                            "cc.movie_id",
                                                                                                            "cc.status_id",
                                                                                                            "mi.movie_id",
                                                                                                            "mi.info_type_id",
                                                                                                            "mk.movie_id",
                                                                                                            "t.title",
                                                                                                            "t.kind_id",
                                                                                                            "t.id"
                                                                                                        ],
                                                                                                        "Inner Unique": false,
                                                                                                        "Merge Cond": "(mi.movie_id = t.id)",
                                                                                                        "Plans": [
                                                                                                            {
                                                                                                                "Node Type": "Sort",
                                                                                                                "Parent Relationship": "Outer",
                                                                                                                "Parallel Aware": false,
                                                                                                                "Startup Cost": 10001124108.06,
                                                                                                                "Total Cost": 10001124108.86,
                                                                                                                "Plan Rows": 322,
                                                                                                                "Plan Width": 8,
                                                                                                                "Actual Startup Time": 2452.553,
                                                                                                                "Actual Total Time": 2452.696,
                                                                                                                "Actual Rows": 1783,
                                                                                                                "Actual Loops": 1,
                                                                                                                "Output": [
                                                                                                                    "mi.movie_id",
                                                                                                                    "mi.info_type_id"
                                                                                                                ],
                                                                                                                "Sort Key": [
                                                                                                                    "mi.movie_id"
                                                                                                                ],
                                                                                                                "Sort Method": "quicksort",
                                                                                                                "Sort Space Used": 132,
                                                                                                                "Sort Space Type": "Memory",
                                                                                                                "Plans": [
                                                                                                                    {
                                                                                                                        "Node Type": "Index Scan",
                                                                                                                        "Parent Relationship": "Outer",
                                                                                                                        "Parallel Aware": false,
                                                                                                                        "Scan Direction": "Forward",
                                                                                                                        "Index Name": "info_type_id_movie_info",
                                                                                                                        "Relation Name": "movie_info",
                                                                                                                        "Schema": "public",
                                                                                                                        "Alias": "mi",
                                                                                                                        "Startup Cost": 10000000000.43,
                                                                                                                        "Total Cost": 10001124094.65,
                                                                                                                        "Plan Rows": 322,
                                                                                                                        "Plan Width": 8,
                                                                                                                        "Actual Startup Time": 1442.286,
                                                                                                                        "Actual Total Time": 2451.969,
                                                                                                                        "Actual Rows": 1783,
                                                                                                                        "Actual Loops": 1,
                                                                                                                        "Output": [
                                                                                                                            "mi.movie_id",
                                                                                                                            "mi.info_type_id"
                                                                                                                        ],
                                                                                                                        "Filter": "((mi.info IS NOT NULL) AND (mi.note ~~ '%internet%'::text) AND ((mi.info ~~ 'USA:% 199%'::text) OR (mi.info ~~ 'USA:% 200%'::text)))",
                                                                                                                        "Rows Removed by Filter": 14833937
                                                                                                                    }
                                                                                                                ]
                                                                                                            },
                                                                                                            {
                                                                                                                "Node Type": "Sort",
                                                                                                                "Parent Relationship": "Inner",
                                                                                                                "Parallel Aware": false,
                                                                                                                "Startup Cost": 12174092.9,
                                                                                                                "Total Cost": 12183094.71,
                                                                                                                "Plan Rows": 3600723,
                                                                                                                "Plan Width": 37,
                                                                                                                "Actual Startup Time": 3382.372,
                                                                                                                "Actual Total Time": 3471.591,
                                                                                                                "Actual Rows": 549872,
                                                                                                                "Actual Loops": 1,
                                                                                                                "Output": [
                                                                                                                    "cc.movie_id",
                                                                                                                    "cc.status_id",
                                                                                                                    "mk.movie_id",
                                                                                                                    "t.title",
                                                                                                                    "t.kind_id",
                                                                                                                    "t.id"
                                                                                                                ],
                                                                                                                "Sort Key": [
                                                                                                                    "cc.movie_id"
                                                                                                                ],
                                                                                                                "Sort Method": "quicksort",
                                                                                                                "Sort Space Used": 70172,
                                                                                                                "Sort Space Type": "Memory",
                                                                                                                "Plans": [
                                                                                                                    {
                                                                                                                        "Node Type": "Hash Join",
                                                                                                                        "Parent Relationship": "Outer",
                                                                                                                        "Parallel Aware": false,
                                                                                                                        "Join Type": "Inner",
                                                                                                                        "Startup Cost": 1457200.37,
                                                                                                                        "Total Cost": 11781976.77,
                                                                                                                        "Plan Rows": 3600723,
                                                                                                                        "Plan Width": 37,
                                                                                                                        "Actual Startup Time": 3086.062,
                                                                                                                        "Actual Total Time": 3266.808,
                                                                                                                        "Actual Rows": 549820,
                                                                                                                        "Actual Loops": 1,
                                                                                                                        "Output": [
                                                                                                                            "cc.movie_id",
                                                                                                                            "cc.status_id",
                                                                                                                            "mk.movie_id",
                                                                                                                            "t.title",
                                                                                                                            "t.kind_id",
                                                                                                                            "t.id"
                                                                                                                        ],
                                                                                                                        "Inner Unique": false,
                                                                                                                        "Hash Cond": "(k.id = mk.keyword_id)",
                                                                                                                        "Plans": [
                                                                                                                            {
                                                                                                                                "Node Type": "Seq Scan",
                                                                                                                                "Parent Relationship": "Outer",
                                                                                                                                "Parallel Aware": false,
                                                                                                                                "Relation Name": "keyword",
                                                                                                                                "Schema": "public",
                                                                                                                                "Alias": "k",
                                                                                                                                "Startup Cost": 0.0,
                                                                                                                                "Total Cost": 2290.7,
                                                                                                                                "Plan Rows": 134170,
                                                                                                                                "Plan Width": 4,
                                                                                                                                "Actual Startup Time": 0.016,
                                                                                                                                "Actual Total Time": 10.436,
                                                                                                                                "Actual Rows": 134170,
                                                                                                                                "Actual Loops": 1,
                                                                                                                                "Output": [
                                                                                                                                    "k.id",
                                                                                                                                    "k.keyword",
                                                                                                                                    "k.phonetic_code"
                                                                                                                                ]
                                                                                                                            },
                                                                                                                            {
                                                                                                                                "Node Type": "Hash",
                                                                                                                                "Parent Relationship": "Inner",
                                                                                                                                "Parallel Aware": false,
                                                                                                                                "Startup Cost": 1412191.33,
                                                                                                                                "Total Cost": 1412191.33,
                                                                                                                                "Plan Rows": 3600723,
                                                                                                                                "Plan Width": 41,
                                                                                                                                "Actual Startup Time": 3082.263,
                                                                                                                                "Actual Total Time": 3095.825,
                                                                                                                                "Actual Rows": 549820,
                                                                                                                                "Actual Loops": 1,
                                                                                                                                "Output": [
                                                                                                                                    "cc.movie_id",
                                                                                                                                    "cc.status_id",
                                                                                                                                    "mk.movie_id",
                                                                                                                                    "mk.keyword_id",
                                                                                                                                    "t.title",
                                                                                                                                    "t.kind_id",
                                                                                                                                    "t.id"
                                                                                                                                ],
                                                                                                                                "Hash Buckets": 4194304,
                                                                                                                                "Original Hash Buckets": 4194304,
                                                                                                                                "Hash Batches": 1,
                                                                                                                                "Original Hash Batches": 1,
                                                                                                                                "Peak Memory Usage": 72339,
                                                                                                                                "Plans": [
                                                                                                                                    {
                                                                                                                                        "Node Type": "Gather",
                                                                                                                                        "Parent Relationship": "Outer",
                                                                                                                                        "Parallel Aware": false,
                                                                                                                                        "Startup Cost": 759542.2,
                                                                                                                                        "Total Cost": 1412191.33,
                                                                                                                                        "Plan Rows": 3600723,
                                                                                                                                        "Plan Width": 41,
                                                                                                                                        "Actual Startup Time": 2854.569,
                                                                                                                                        "Actual Total Time": 3018.613,
                                                                                                                                        "Actual Rows": 549820,
                                                                                                                                        "Actual Loops": 1,
                                                                                                                                        "Output": [
                                                                                                                                            "cc.movie_id",
                                                                                                                                            "cc.status_id",
                                                                                                                                            "mk.movie_id",
                                                                                                                                            "mk.keyword_id",
                                                                                                                                            "t.title",
                                                                                                                                            "t.kind_id",
                                                                                                                                            "t.id"
                                                                                                                                        ],
                                                                                                                                        "Workers Planned": 4,
                                                                                                                                        "Workers Launched": 4,
                                                                                                                                        "Single Copy": false,
                                                                                                                                        "Plans": [
                                                                                                                                            {
                                                                                                                                                "Node Type": "Hash Join",
                                                                                                                                                "Parent Relationship": "Outer",
                                                                                                                                                "Parallel Aware": true,
                                                                                                                                                "Join Type": "Inner",
                                                                                                                                                "Startup Cost": 758542.2,
                                                                                                                                                "Total Cost": 1051119.03,
                                                                                                                                                "Plan Rows": 900181,
                                                                                                                                                "Plan Width": 41,
                                                                                                                                                "Actual Startup Time": 2790.579,
                                                                                                                                                "Actual Total Time": 2943.677,
                                                                                                                                                "Actual Rows": 109964,
                                                                                                                                                "Actual Loops": 5,
                                                                                                                                                "Output": [
                                                                                                                                                    "cc.movie_id",
                                                                                                                                                    "cc.status_id",
                                                                                                                                                    "mk.movie_id",
                                                                                                                                                    "mk.keyword_id",
                                                                                                                                                    "t.title",
                                                                                                                                                    "t.kind_id",
                                                                                                                                                    "t.id"
                                                                                                                                                ],
                                                                                                                                                "Inner Unique": false,
                                                                                                                                                "Hash Cond": "(t.id = mk.movie_id)",
                                                                                                                                                "Workers": [
                                                                                                                                                    {
                                                                                                                                                        "Worker Number": 0,
                                                                                                                                                        "Actual Startup Time": 2774.867,
                                                                                                                                                        "Actual Total Time": 2945.727,
                                                                                                                                                        "Actual Rows": 138958,
                                                                                                                                                        "Actual Loops": 1
                                                                                                                                                    },
                                                                                                                                                    {
                                                                                                                                                        "Worker Number": 1,
                                                                                                                                                        "Actual Startup Time": 2774.637,
                                                                                                                                                        "Actual Total Time": 2946.212,
                                                                                                                                                        "Actual Rows": 135928,
                                                                                                                                                        "Actual Loops": 1
                                                                                                                                                    },
                                                                                                                                                    {
                                                                                                                                                        "Worker Number": 2,
                                                                                                                                                        "Actual Startup Time": 2774.721,
                                                                                                                                                        "Actual Total Time": 2941.254,
                                                                                                                                                        "Actual Rows": 119315,
                                                                                                                                                        "Actual Loops": 1
                                                                                                                                                    },
                                                                                                                                                    {
                                                                                                                                                        "Worker Number": 3,
                                                                                                                                                        "Actual Startup Time": 2775.034,
                                                                                                                                                        "Actual Total Time": 2948.224,
                                                                                                                                                        "Actual Rows": 136350,
                                                                                                                                                        "Actual Loops": 1
                                                                                                                                                    }
                                                                                                                                                ],
                                                                                                                                                "Plans": [
                                                                                                                                                    {
                                                                                                                                                        "Node Type": "Seq Scan",
                                                                                                                                                        "Parent Relationship": "Outer",
                                                                                                                                                        "Parallel Aware": true,
                                                                                                                                                        "Relation Name": "title",
                                                                                                                                                        "Schema": "public",
                                                                                                                                                        "Alias": "t",
                                                                                                                                                        "Startup Cost": 0.0,
                                                                                                                                                        "Total Cost": 43899.01,
                                                                                                                                                        "Plan Rows": 370281,
                                                                                                                                                        "Plan Width": 25,
                                                                                                                                                        "Actual Startup Time": 0.049,
                                                                                                                                                        "Actual Total Time": 72.741,
                                                                                                                                                        "Actual Rows": 297006,
                                                                                                                                                        "Actual Loops": 5,
                                                                                                                                                        "Output": [
                                                                                                                                                            "t.id",
                                                                                                                                                            "t.title",
                                                                                                                                                            "t.imdb_index",
                                                                                                                                                            "t.kind_id",
                                                                                                                                                            "t.production_year",
                                                                                                                                                            "t.imdb_id",
                                                                                                                                                            "t.phonetic_code",
                                                                                                                                                            "t.episode_of_id",
                                                                                                                                                            "t.season_nr",
                                                                                                                                                            "t.episode_nr",
                                                                                                                                                            "t.series_years",
                                                                                                                                                            "t.md5sum"
                                                                                                                                                        ],
                                                                                                                                                        "Filter": "(t.production_year > 1998)",
                                                                                                                                                        "Rows Removed by Filter": 208656,
                                                                                                                                                        "Workers": [
                                                                                                                                                            {
                                                                                                                                                                "Worker Number": 0,
                                                                                                                                                                "Actual Startup Time": 0.037,
                                                                                                                                                                "Actual Total Time": 82.32,
                                                                                                                                                                "Actual Rows": 331117,
                                                                                                                                                                "Actual Loops": 1
                                                                                                                                                            },
                                                                                                                                                            {
                                                                                                                                                                "Worker Number": 1,
                                                                                                                                                                "Actual Startup Time": 0.073,
                                                                                                                                                                "Actual Total Time": 82.23,
                                                                                                                                                                "Actual Rows": 333118,
                                                                                                                                                                "Actual Loops": 1
                                                                                                                                                            },
                                                                                                                                                            {
                                                                                                                                                                "Worker Number": 2,
                                                                                                                                                                "Actual Startup Time": 0.054,
                                                                                                                                                                "Actual Total Time": 81.736,
                                                                                                                                                                "Actual Rows": 283558,
                                                                                                                                                                "Actual Loops": 1
                                                                                                                                                            },
                                                                                                                                                            {
                                                                                                                                                                "Worker Number": 3,
                                                                                                                                                                "Actual Startup Time": 0.069,
                                                                                                                                                                "Actual Total Time": 83.2,
                                                                                                                                                                "Actual Rows": 339392,
                                                                                                                                                                "Actual Loops": 1
                                                                                                                                                            }
                                                                                                                                                        ]
                                                                                                                                                    },
                                                                                                                                                    {
                                                                                                                                                        "Node Type": "Hash",
                                                                                                                                                        "Parent Relationship": "Inner",
                                                                                                                                                        "Parallel Aware": true,
                                                                                                                                                        "Startup Cost": 733757.76,
                                                                                                                                                        "Total Cost": 733757.76,
                                                                                                                                                        "Plan Rows": 1982755,
                                                                                                                                                        "Plan Width": 16,
                                                                                                                                                        "Actual Startup Time": 2768.874,
                                                                                                                                                        "Actual Total Time": 2768.876,
                                                                                                                                                        "Actual Rows": 434273,
                                                                                                                                                        "Actual Loops": 5,
                                                                                                                                                        "Output": [
                                                                                                                                                            "cc.movie_id",
                                                                                                                                                            "cc.status_id",
                                                                                                                                                            "mk.movie_id",
                                                                                                                                                            "mk.keyword_id"
                                                                                                                                                        ],
                                                                                                                                                        "Hash Buckets": 8388608,
                                                                                                                                                        "Original Hash Buckets": 8388608,
                                                                                                                                                        "Hash Batches": 1,
                                                                                                                                                        "Original Hash Batches": 1,
                                                                                                                                                        "Peak Memory Usage": 167552,
                                                                                                                                                        "Workers": [
                                                                                                                                                            {
                                                                                                                                                                "Worker Number": 0,
                                                                                                                                                                "Actual Startup Time": 2773.764,
                                                                                                                                                                "Actual Total Time": 2773.766,
                                                                                                                                                                "Actual Rows": 411956,
                                                                                                                                                                "Actual Loops": 1
                                                                                                                                                            },
                                                                                                                                                            {
                                                                                                                                                                "Worker Number": 1,
                                                                                                                                                                "Actual Startup Time": 2773.924,
                                                                                                                                                                "Actual Total Time": 2773.927,
                                                                                                                                                                "Actual Rows": 390164,
                                                                                                                                                                "Actual Loops": 1
                                                                                                                                                            },
                                                                                                                                                            {
                                                                                                                                                                "Worker Number": 2,
                                                                                                                                                                "Actual Startup Time": 2773.898,
                                                                                                                                                                "Actual Total Time": 2773.901,
                                                                                                                                                                "Actual Rows": 416734,
                                                                                                                                                                "Actual Loops": 1
                                                                                                                                                            },
                                                                                                                                                            {
                                                                                                                                                                "Worker Number": 3,
                                                                                                                                                                "Actual Startup Time": 2773.872,
                                                                                                                                                                "Actual Total Time": 2773.874,
                                                                                                                                                                "Actual Rows": 477764,
                                                                                                                                                                "Actual Loops": 1
                                                                                                                                                            }
                                                                                                                                                        ],
                                                                                                                                                        "Plans": [
                                                                                                                                                            {
                                                                                                                                                                "Node Type": "Nested Loop",
                                                                                                                                                                "Parent Relationship": "Outer",
                                                                                                                                                                "Parallel Aware": false,
                                                                                                                                                                "Join Type": "Inner",
                                                                                                                                                                "Startup Cost": 0.42,
                                                                                                                                                                "Total Cost": 733757.76,
                                                                                                                                                                "Plan Rows": 1982755,
                                                                                                                                                                "Plan Width": 16,
                                                                                                                                                                "Actual Startup Time": 2.063,
                                                                                                                                                                "Actual Total Time": 2593.961,
                                                                                                                                                                "Actual Rows": 434273,
                                                                                                                                                                "Actual Loops": 5,
                                                                                                                                                                "Output": [
                                                                                                                                                                    "cc.movie_id",
                                                                                                                                                                    "cc.status_id",
                                                                                                                                                                    "mk.movie_id",
                                                                                                                                                                    "mk.keyword_id"
                                                                                                                                                                ],
                                                                                                                                                                "Inner Unique": false,
                                                                                                                                                                "Workers": [
                                                                                                                                                                    {
                                                                                                                                                                        "Worker Number": 0,
                                                                                                                                                                        "Actual Startup Time": 1.627,
                                                                                                                                                                        "Actual Total Time": 2593.132,
                                                                                                                                                                        "Actual Rows": 411956,
                                                                                                                                                                        "Actual Loops": 1
                                                                                                                                                                    },
                                                                                                                                                                    {
                                                                                                                                                                        "Worker Number": 1,
                                                                                                                                                                        "Actual Startup Time": 3.01,
                                                                                                                                                                        "Actual Total Time": 2592.606,
                                                                                                                                                                        "Actual Rows": 390164,
                                                                                                                                                                        "Actual Loops": 1
                                                                                                                                                                    },
                                                                                                                                                                    {
                                                                                                                                                                        "Worker Number": 2,
                                                                                                                                                                        "Actual Startup Time": 2.327,
                                                                                                                                                                        "Actual Total Time": 2580.316,
                                                                                                                                                                        "Actual Rows": 416734,
                                                                                                                                                                        "Actual Loops": 1
                                                                                                                                                                    },
                                                                                                                                                                    {
                                                                                                                                                                        "Worker Number": 3,
                                                                                                                                                                        "Actual Startup Time": 3.163,
                                                                                                                                                                        "Actual Total Time": 2595.4,
                                                                                                                                                                        "Actual Rows": 477764,
                                                                                                                                                                        "Actual Loops": 1
                                                                                                                                                                    }
                                                                                                                                                                ],
                                                                                                                                                                "Plans": [
                                                                                                                                                                    {
                                                                                                                                                                        "Node Type": "Seq Scan",
                                                                                                                                                                        "Parent Relationship": "Outer",
                                                                                                                                                                        "Parallel Aware": true,
                                                                                                                                                                        "Relation Name": "movie_keyword",
                                                                                                                                                                        "Schema": "public",
                                                                                                                                                                        "Alias": "mk",
                                                                                                                                                                        "Startup Cost": 0.0,
                                                                                                                                                                        "Total Cost": 39047.32,
                                                                                                                                                                        "Plan Rows": 1459332,
                                                                                                                                                                        "Plan Width": 8,
                                                                                                                                                                        "Actual Startup Time": 0.033,
                                                                                                                                                                        "Actual Total Time": 95.491,
                                                                                                                                                                        "Actual Rows": 904786,
                                                                                                                                                                        "Actual Loops": 5,
                                                                                                                                                                        "Output": [
                                                                                                                                                                            "mk.id",
                                                                                                                                                                            "mk.movie_id",
                                                                                                                                                                            "mk.keyword_id"
                                                                                                                                                                        ],
                                                                                                                                                                        "Workers": [
                                                                                                                                                                            {
                                                                                                                                                                                "Worker Number": 0,
                                                                                                                                                                                "Actual Startup Time": 0.031,
                                                                                                                                                                                "Actual Total Time": 99.9,
                                                                                                                                                                                "Actual Rows": 843415,
                                                                                                                                                                                "Actual Loops": 1
                                                                                                                                                                            },
                                                                                                                                                                            {
                                                                                                                                                                                "Worker Number": 1,
                                                                                                                                                                                "Actual Startup Time": 0.033,
                                                                                                                                                                                "Actual Total Time": 104.223,
                                                                                                                                                                                "Actual Rows": 814185,
                                                                                                                                                                                "Actual Loops": 1
                                                                                                                                                                            },
                                                                                                                                                                            {
                                                                                                                                                                                "Worker Number": 2,
                                                                                                                                                                                "Actual Startup Time": 0.044,
                                                                                                                                                                                "Actual Total Time": 111.122,
                                                                                                                                                                                "Actual Rows": 872770,
                                                                                                                                                                                "Actual Loops": 1
                                                                                                                                                                            },
                                                                                                                                                                            {
                                                                                                                                                                                "Worker Number": 3,
                                                                                                                                                                                "Actual Startup Time": 0.044,
                                                                                                                                                                                "Actual Total Time": 89.789,
                                                                                                                                                                                "Actual Rows": 992340,
                                                                                                                                                                                "Actual Loops": 1
                                                                                                                                                                            }
                                                                                                                                                                        ]
                                                                                                                                                                    },
                                                                                                                                                                    {
                                                                                                                                                                        "Node Type": "Index Scan",
                                                                                                                                                                        "Parent Relationship": "Inner",
                                                                                                                                                                        "Parallel Aware": false,
                                                                                                                                                                        "Scan Direction": "Forward",
                                                                                                                                                                        "Index Name": "movie_id_complete_cast",
                                                                                                                                                                        "Relation Name": "complete_cast",
                                                                                                                                                                        "Schema": "public",
                                                                                                                                                                        "Alias": "cc",
                                                                                                                                                                        "Startup Cost": 0.42,
                                                                                                                                                                        "Total Cost": 0.46,
                                                                                                                                                                        "Plan Rows": 2,
                                                                                                                                                                        "Plan Width": 8,
                                                                                                                                                                        "Actual Startup Time": 0.002,
                                                                                                                                                                        "Actual Total Time": 0.003,
                                                                                                                                                                        "Actual Rows": 0,
                                                                                                                                                                        "Actual Loops": 4523930,
                                                                                                                                                                        "Output": [
                                                                                                                                                                            "cc.id",
                                                                                                                                                                            "cc.movie_id",
                                                                                                                                                                            "cc.subject_id",
                                                                                                                                                                            "cc.status_id"
                                                                                                                                                                        ],
                                                                                                                                                                        "Index Cond": "(cc.movie_id = mk.movie_id)",
                                                                                                                                                                        "Rows Removed by Index Recheck": 0,
                                                                                                                                                                        "Workers": [
                                                                                                                                                                            {
                                                                                                                                                                                "Worker Number": 0,
                                                                                                                                                                                "Actual Startup Time": 0.003,
                                                                                                                                                                                "Actual Total Time": 0.003,
                                                                                                                                                                                "Actual Rows": 0,
                                                                                                                                                                                "Actual Loops": 843415
                                                                                                                                                                            },
                                                                                                                                                                            {
                                                                                                                                                                                "Worker Number": 1,
                                                                                                                                                                                "Actual Startup Time": 0.003,
                                                                                                                                                                                "Actual Total Time": 0.003,
                                                                                                                                                                                "Actual Rows": 0,
                                                                                                                                                                                "Actual Loops": 814185
                                                                                                                                                                            },
                                                                                                                                                                            {
                                                                                                                                                                                "Worker Number": 2,
                                                                                                                                                                                "Actual Startup Time": 0.002,
                                                                                                                                                                                "Actual Total Time": 0.003,
                                                                                                                                                                                "Actual Rows": 0,
                                                                                                                                                                                "Actual Loops": 872770
                                                                                                                                                                            },
                                                                                                                                                                            {
                                                                                                                                                                                "Worker Number": 3,
                                                                                                                                                                                "Actual Startup Time": 0.002,
                                                                                                                                                                                "Actual Total Time": 0.002,
                                                                                                                                                                                "Actual Rows": 0,
                                                                                                                                                                                "Actual Loops": 992340
                                                                                                                                                                            }
                                                                                                                                                                        ]
                                                                                                                                                                    }
                                                                                                                                                                ]
                                                                                                                                                            }
                                                                                                                                                        ]
                                                                                                                                                    }
                                                                                                                                                ]
                                                                                                                                            }
                                                                                                                                        ]
                                                                                                                                    }
                                                                                                                                ]
                                                                                                                            }
                                                                                                                        ]
                                                                                                                    }
                                                                                                                ]
                                                                                                            }
                                                                                                        ]
                                                                                                    }
                                                                                                ]
                                                                                            }
                                                                                        ]
                                                                                    }
                                                                                ]
                                                                            }
                                                                        ]
                                                                    }
                                                                ]
                                                            },
                                                            {
                                                                "Node Type": "Sort",
                                                                "Parent Relationship": "Inner",
                                                                "Parallel Aware": false,
                                                                "Startup Cost": 12829.66,
                                                                "Total Cost": 13040.41,
                                                                "Plan Rows": 84301,
                                                                "Plan Width": 4,
                                                                "Actual Startup Time": 41.827,
                                                                "Actual Total Time": 48.474,
                                                                "Actual Rows": 82921,
                                                                "Actual Loops": 1,
                                                                "Output": [
                                                                    "cn.id"
                                                                ],
                                                                "Sort Key": [
                                                                    "cn.id"
                                                                ],
                                                                "Sort Method": "quicksort",
                                                                "Sort Space Used": 7050,
                                                                "Sort Space Type": "Memory",
                                                                "Plans": [
                                                                    {
                                                                        "Node Type": "Seq Scan",
                                                                        "Parent Relationship": "Outer",
                                                                        "Parallel Aware": false,
                                                                        "Relation Name": "company_name",
                                                                        "Schema": "public",
                                                                        "Alias": "cn",
                                                                        "Startup Cost": 0.0,
                                                                        "Total Cost": 5932.46,
                                                                        "Plan Rows": 84301,
                                                                        "Plan Width": 4,
                                                                        "Actual Startup Time": 0.016,
                                                                        "Actual Total Time": 25.427,
                                                                        "Actual Rows": 84843,
                                                                        "Actual Loops": 1,
                                                                        "Output": [
                                                                            "cn.id"
                                                                        ],
                                                                        "Filter": "((cn.country_code)::text = '[us]'::text)",
                                                                        "Rows Removed by Filter": 150154
                                                                    }
                                                                ]
                                                            }
                                                        ]
                                                    }
                                                ]
                                            }
                                        ]
                                    }
                                ]
                            }
                        ]
                    },
                    {
                        "Node Type": "Hash",
                        "Parent Relationship": "Inner",
                        "Parallel Aware": false,
                        "Startup Cost": 10000000012.25,
                        "Total Cost": 10000000012.25,
                        "Plan Rows": 1,
                        "Plan Width": 14,
                        "Actual Startup Time": 0.042,
                        "Actual Total Time": 0.043,
                        "Actual Rows": 1,
                        "Actual Loops": 1,
                        "Output": [
                            "kt.kind",
                            "kt.id"
                        ],
                        "Hash Buckets": 1024,
                        "Original Hash Buckets": 1024,
                        "Hash Batches": 1,
                        "Original Hash Batches": 1,
                        "Peak Memory Usage": 9,
                        "Plans": [
                            {
                                "Node Type": "Index Scan",
                                "Parent Relationship": "Outer",
                                "Parallel Aware": false,
                                "Scan Direction": "Forward",
                                "Index Name": "kind_type_pkey",
                                "Relation Name": "kind_type",
                                "Schema": "public",
                                "Alias": "kt",
                                "Startup Cost": 10000000000.13,
                                "Total Cost": 10000000012.25,
                                "Plan Rows": 1,
                                "Plan Width": 14,
                                "Actual Startup Time": 0.033,
                                "Actual Total Time": 0.038,
                                "Actual Rows": 1,
                                "Actual Loops": 1,
                                "Output": [
                                    "kt.kind",
                                    "kt.id"
                                ],
                                "Filter": "((kt.kind)::text = 'movie'::text)",
                                "Rows Removed by Filter": 6
                            }
                        ]
                    }
                ]
            }
        ]
    },
    "Planning Time": 30.073,
    "Triggers": [],
    "Execution Time": 6727.753
}