[
    {
        "Bao": {
            "Bao prediction": "NaN",
            "Bao recommended hint": "(no hint)"
        }
    },
    {
        "Plan": {
            "Node Type": "Aggregate",
            "Strategy": "Plain",
            "Partial Mode": "Finalize",
            "Parallel Aware": false,
            "Startup Cost": 288147.06,
            "Total Cost": 288147.07,
            "Plan Rows": 1,
            "Plan Width": 8,
            "Actual Startup Time": 523.677,
            "Actual Total Time": 539.11,
            "Actual Rows": 1,
            "Actual Loops": 1,
            "Output": [
                "count(*)"
            ],
            "Plans": [
                {
                    "Node Type": "Gather",
                    "Parent Relationship": "Outer",
                    "Parallel Aware": false,
                    "Startup Cost": 288146.74,
                    "Total Cost": 288147.05,
                    "Plan Rows": 3,
                    "Plan Width": 8,
                    "Actual Startup Time": 519.337,
                    "Actual Total Time": 539.096,
                    "Actual Rows": 4,
                    "Actual Loops": 1,
                    "Output": [
                        "(PARTIAL count(*))"
                    ],
                    "Workers Planned": 3,
                    "Workers Launched": 3,
                    "Single Copy": false,
                    "Plans": [
                        {
                            "Node Type": "Aggregate",
                            "Strategy": "Plain",
                            "Partial Mode": "Partial",
                            "Parent Relationship": "Outer",
                            "Parallel Aware": false,
                            "Startup Cost": 287146.74,
                            "Total Cost": 287146.75,
                            "Plan Rows": 1,
                            "Plan Width": 8,
                            "Actual Startup Time": 507.675,
                            "Actual Total Time": 507.68,
                            "Actual Rows": 1,
                            "Actual Loops": 4,
                            "Output": [
                                "PARTIAL count(*)"
                            ],
                            "Workers": [
                                {
                                    "Worker Number": 0,
                                    "Actual Startup Time": 503.722,
                                    "Actual Total Time": 503.727,
                                    "Actual Rows": 1,
                                    "Actual Loops": 1
                                },
                                {
                                    "Worker Number": 1,
                                    "Actual Startup Time": 504.376,
                                    "Actual Total Time": 504.38,
                                    "Actual Rows": 1,
                                    "Actual Loops": 1
                                },
                                {
                                    "Worker Number": 2,
                                    "Actual Startup Time": 503.826,
                                    "Actual Total Time": 503.83,
                                    "Actual Rows": 1,
                                    "Actual Loops": 1
                                }
                            ],
                            "Plans": [
                                {
                                    "Node Type": "Nested Loop",
                                    "Parent Relationship": "Outer",
                                    "Parallel Aware": false,
                                    "Join Type": "Inner",
                                    "Startup Cost": 59146.62,
                                    "Total Cost": 285740.09,
                                    "Plan Rows": 562659,
                                    "Plan Width": 0,
                                    "Actual Startup Time": 298.407,
                                    "Actual Total Time": 498.297,
                                    "Actual Rows": 158082,
                                    "Actual Loops": 4,
                                    "Inner Unique": false,
                                    "Workers": [
                                        {
                                            "Worker Number": 0,
                                            "Actual Startup Time": 294.766,
                                            "Actual Total Time": 494.716,
                                            "Actual Rows": 155319,
                                            "Actual Loops": 1
                                        },
                                        {
                                            "Worker Number": 1,
                                            "Actual Startup Time": 294.607,
                                            "Actual Total Time": 495.584,
                                            "Actual Rows": 151985,
                                            "Actual Loops": 1
                                        },
                                        {
                                            "Worker Number": 2,
                                            "Actual Startup Time": 294.538,
                                            "Actual Total Time": 495.157,
                                            "Actual Rows": 185678,
                                            "Actual Loops": 1
                                        }
                                    ],
                                    "Plans": [
                                        {
                                            "Node Type": "Hash Join",
                                            "Parent Relationship": "Outer",
                                            "Parallel Aware": true,
                                            "Join Type": "Inner",
                                            "Startup Cost": 59146.19,
                                            "Total Cost": 86005.47,
                                            "Plan Rows": 96413,
                                            "Plan Width": 8,
                                            "Actual Startup Time": 298.27,
                                            "Actual Total Time": 376.766,
                                            "Actual Rows": 14688,
                                            "Actual Loops": 4,
                                            "Output": [
                                                "t.id",
                                                "mk.movie_id"
                                            ],
                                            "Inner Unique": true,
                                            "Hash Cond": "(mk.movie_id = t.id)",
                                            "Workers": [
                                                {
                                                    "Worker Number": 0,
                                                    "Actual Startup Time": 294.589,
                                                    "Actual Total Time": 372.581,
                                                    "Actual Rows": 14088,
                                                    "Actual Loops": 1
                                                },
                                                {
                                                    "Worker Number": 1,
                                                    "Actual Startup Time": 294.427,
                                                    "Actual Total Time": 373.438,
                                                    "Actual Rows": 14489,
                                                    "Actual Loops": 1
                                                },
                                                {
                                                    "Worker Number": 2,
                                                    "Actual Startup Time": 294.433,
                                                    "Actual Total Time": 372.378,
                                                    "Actual Rows": 17338,
                                                    "Actual Loops": 1
                                                }
                                            ],
                                            "Plans": [
                                                {
                                                    "Node Type": "Bitmap Heap Scan",
                                                    "Parent Relationship": "Outer",
                                                    "Parallel Aware": true,
                                                    "Relation Name": "movie_keyword",
                                                    "Schema": "public",
                                                    "Alias": "mk",
                                                    "Startup Cost": 10457.07,
                                                    "Total Cost": 36898.91,
                                                    "Plan Rows": 159027,
                                                    "Plan Width": 4,
                                                    "Actual Startup Time": 45.148,
                                                    "Actual Total Time": 91.696,
                                                    "Actual Rows": 121046,
                                                    "Actual Loops": 4,
                                                    "Output": [
                                                        "mk.id",
                                                        "mk.movie_id",
                                                        "mk.keyword_id"
                                                    ],
                                                    "Recheck Cond": "(mk.keyword_id > 37058)",
                                                    "Rows Removed by Index Recheck": 0,
                                                    "Exact Heap Blocks": 5338,
                                                    "Lossy Heap Blocks": 0,
                                                    "Workers": [
                                                        {
                                                            "Worker Number": 0,
                                                            "Actual Startup Time": 45.148,
                                                            "Actual Total Time": 92.397,
                                                            "Actual Rows": 121444,
                                                            "Actual Loops": 1
                                                        },
                                                        {
                                                            "Worker Number": 1,
                                                            "Actual Startup Time": 45.169,
                                                            "Actual Total Time": 92.755,
                                                            "Actual Rows": 123467,
                                                            "Actual Loops": 1
                                                        },
                                                        {
                                                            "Worker Number": 2,
                                                            "Actual Startup Time": 45.05,
                                                            "Actual Total Time": 92.632,
                                                            "Actual Rows": 126906,
                                                            "Actual Loops": 1
                                                        }
                                                    ],
                                                    "Plans": [
                                                        {
                                                            "Node Type": "Bitmap Index Scan",
                                                            "Parent Relationship": "Outer",
                                                            "Parallel Aware": false,
                                                            "Index Name": "keyword_id_movie_keyword",
                                                            "Startup Cost": 0.0,
                                                            "Total Cost": 10333.82,
                                                            "Plan Rows": 492985,
                                                            "Plan Width": 0,
                                                            "Actual Startup Time": 41.74,
                                                            "Actual Total Time": 41.741,
                                                            "Actual Rows": 484182,
                                                            "Actual Loops": 1,
                                                            "Index Cond": "(mk.keyword_id > 37058)",
                                                            "Workers": [
                                                                {
                                                                    "Worker Number": 2,
                                                                    "Actual Startup Time": 41.74,
                                                                    "Actual Total Time": 41.741,
                                                                    "Actual Rows": 484182,
                                                                    "Actual Loops": 1
                                                                }
                                                            ]
                                                        }
                                                    ]
                                                },
                                                {
                                                    "Node Type": "Hash",
                                                    "Parent Relationship": "Inner",
                                                    "Parallel Aware": true,
                                                    "Startup Cost": 43899.01,
                                                    "Total Cost": 43899.01,
                                                    "Plan Rows": 383209,
                                                    "Plan Width": 4,
                                                    "Actual Startup Time": 246.597,
                                                    "Actual Total Time": 246.598,
                                                    "Actual Rows": 385816,
                                                    "Actual Loops": 4,
                                                    "Output": [
                                                        "t.id"
                                                    ],
                                                    "Hash Buckets": 2097152,
                                                    "Original Hash Buckets": 2097152,
                                                    "Hash Batches": 1,
                                                    "Original Hash Batches": 1,
                                                    "Peak Memory Usage": 76832,
                                                    "Workers": [
                                                        {
                                                            "Worker Number": 0,
                                                            "Actual Startup Time": 248.846,
                                                            "Actual Total Time": 248.847,
                                                            "Actual Rows": 398437,
                                                            "Actual Loops": 1
                                                        },
                                                        {
                                                            "Worker Number": 1,
                                                            "Actual Startup Time": 248.808,
                                                            "Actual Total Time": 248.81,
                                                            "Actual Rows": 406502,
                                                            "Actual Loops": 1
                                                        },
                                                        {
                                                            "Worker Number": 2,
                                                            "Actual Startup Time": 248.961,
                                                            "Actual Total Time": 248.962,
                                                            "Actual Rows": 404168,
                                                            "Actual Loops": 1
                                                        }
                                                    ],
                                                    "Plans": [
                                                        {
                                                            "Node Type": "Seq Scan",
                                                            "Parent Relationship": "Outer",
                                                            "Parallel Aware": true,
                                                            "Relation Name": "title",
                                                            "Schema": "public",
                                                            "Alias": "t",
                                                            "Startup Cost": 0.0,
                                                            "Total Cost": 43899.01,
                                                            "Plan Rows": 383209,
                                                            "Plan Width": 4,
                                                            "Actual Startup Time": 0.052,
                                                            "Actual Total Time": 99.904,
                                                            "Actual Rows": 385816,
                                                            "Actual Loops": 4,
                                                            "Output": [
                                                                "t.id"
                                                            ],
                                                            "Filter": "(t.kind_id = 7)",
                                                            "Rows Removed by Filter": 246262,
                                                            "Workers": [
                                                                {
                                                                    "Worker Number": 0,
                                                                    "Actual Startup Time": 0.066,
                                                                    "Actual Total Time": 100.454,
                                                                    "Actual Rows": 398437,
                                                                    "Actual Loops": 1
                                                                },
                                                                {
                                                                    "Worker Number": 1,
                                                                    "Actual Startup Time": 0.059,
                                                                    "Actual Total Time": 100.753,
                                                                    "Actual Rows": 406502,
                                                                    "Actual Loops": 1
                                                                },
                                                                {
                                                                    "Worker Number": 2,
                                                                    "Actual Startup Time": 0.061,
                                                                    "Actual Total Time": 100.341,
                                                                    "Actual Rows": 404168,
                                                                    "Actual Loops": 1
                                                                }
                                                            ]
                                                        }
                                                    ]
                                                }
                                            ]
                                        },
                                        {
                                            "Node Type": "Index Only Scan",
                                            "Parent Relationship": "Inner",
                                            "Parallel Aware": false,
                                            "Scan Direction": "Forward",
                                            "Index Name": "movie_id_movie_info",
                                            "Relation Name": "movie_info",
                                            "Schema": "public",
                                            "Alias": "mi",
                                            "Startup Cost": 0.43,
                                            "Total Cost": 1.68,
                                            "Plan Rows": 39,
                                            "Plan Width": 4,
                                            "Actual Startup Time": 0.003,
                                            "Actual Total Time": 0.007,
                                            "Actual Rows": 11,
                                            "Actual Loops": 58754,
                                            "Output": [
                                                "mi.movie_id"
                                            ],
                                            "Index Cond": "(mi.movie_id = t.id)",
                                            "Rows Removed by Index Recheck": 0,
                                            "Heap Fetches": 632327,
                                            "Workers": [
                                                {
                                                    "Worker Number": 0,
                                                    "Actual Startup Time": 0.003,
                                                    "Actual Total Time": 0.007,
                                                    "Actual Rows": 11,
                                                    "Actual Loops": 14088
                                                },
                                                {
                                                    "Worker Number": 1,
                                                    "Actual Startup Time": 0.003,
                                                    "Actual Total Time": 0.007,
                                                    "Actual Rows": 10,
                                                    "Actual Loops": 14489
                                                },
                                                {
                                                    "Worker Number": 2,
                                                    "Actual Startup Time": 0.003,
                                                    "Actual Total Time": 0.006,
                                                    "Actual Rows": 11,
                                                    "Actual Loops": 17338
                                                }
                                            ]
                                        }
                                    ]
                                }
                            ]
                        }
                    ]
                }
            ]
        },
        "Planning Time": 334.807,
        "Triggers": [],
        "Execution Time": 539.251
    }
]