[
  {
    "Plan": {
      "Node Type": "Aggregate",
      "Strategy": "Plain",
      "Partial Mode": "Finalize",
      "Parallel Aware": false,
      "Startup Cost": 393440.11,
      "Total Cost": 393440.12,
      "Plan Rows": 1,
      "Plan Width": 8,
      "Actual Startup Time": 760.88,
      "Actual Total Time": 821.998,
      "Actual Rows": 1,
      "Actual Loops": 1,
      "Plans": [
        {
          "Node Type": "Gather",
          "Parent Relationship": "Outer",
          "Parallel Aware": false,
          "Startup Cost": 393439.48,
          "Total Cost": 393440.09,
          "Plan Rows": 6,
          "Plan Width": 8,
          "Actual Startup Time": 756.984,
          "Actual Total Time": 821.988,
          "Actual Rows": 7,
          "Actual Loops": 1,
          "Workers Planned": 6,
          "Workers Launched": 6,
          "Single Copy": false,
          "Plans": [
            {
              "Node Type": "Aggregate",
              "Strategy": "Plain",
              "Partial Mode": "Partial",
              "Parent Relationship": "Outer",
              "Parallel Aware": false,
              "Startup Cost": 392439.48,
              "Total Cost": 392439.49,
              "Plan Rows": 1,
              "Plan Width": 8,
              "Actual Startup Time": 745.382,
              "Actual Total Time": 745.386,
              "Actual Rows": 1,
              "Actual Loops": 7,
              "Plans": [
                {
                  "Node Type": "Hash Join",
                  "Parent Relationship": "Outer",
                  "Parallel Aware": true,
                  "Join Type": "Inner",
                  "Startup Cost": 47308.66,
                  "Total Cost": 392100.91,
                  "Plan Rows": 135429,
                  "Plan Width": 0,
                  "Actual Startup Time": 362.262,
                  "Actual Total Time": 743.486,
                  "Actual Rows": 42910,
                  "Actual Loops": 7,
                  "Inner Unique": true,
                  "Hash Cond": "(ci.movie_id = t.id)",
                  "Plans": [
                    {
                      "Node Type": "Seq Scan",
                      "Parent Relationship": "Outer",
                      "Parallel Aware": true,
                      "Relation Name": "cast_info",
                      "Alias": "ci",
                      "Startup Cost": 0.0,
                      "Total Cost": 343257.03,
                      "Plan Rows": 584846,
                      "Plan Width": 4,
                      "Actual Startup Time": 202.486,
                      "Actual Total Time": 565.566,
                      "Actual Rows": 218585,
                      "Actual Loops": 7,
                      "Filter": "((person_id < 532482) AND (role_id > 1))",
                      "Rows Removed by Filter": 4959178
                    },
                    {
                      "Node Type": "Hash",
                      "Parent Relationship": "Inner",
                      "Parallel Aware": true,
                      "Startup Cost": 45479.1,
                      "Total Cost": 45479.1,
                      "Plan Rows": 146365,
                      "Plan Width": 4,
                      "Actual Startup Time": 113.269,
                      "Actual Total Time": 113.27,
                      "Actual Rows": 69481,
                      "Actual Loops": 7,
                      "Hash Buckets": 1048576,
                      "Original Hash Buckets": 1048576,
                      "Hash Batches": 1,
                      "Original Hash Batches": 1,
                      "Peak Memory Usage": 27328,
                      "Plans": [
                        {
                          "Node Type": "Seq Scan",
                          "Parent Relationship": "Outer",
                          "Parallel Aware": true,
                          "Relation Name": "title",
                          "Alias": "t",
                          "Startup Cost": 0.0,
                          "Total Cost": 45479.1,
                          "Plan Rows": 146365,
                          "Plan Width": 4,
                          "Actual Startup Time": 0.038,
                          "Actual Total Time": 75.708,
                          "Actual Rows": 69481,
                          "Actual Loops": 7,
                          "Filter": "((production_year < 1999) AND (kind_id = 7))",
                          "Rows Removed by Filter": 291706
                        }
                      ]
                    }
                  ]
                }
              ]
            }
          ]
        }
      ]
    },
    "Planning Time": 0.634,
    "Triggers": [],
    "Execution Time": 822.086
  }
]