{
    "Plan": {
        "Node Type": "Aggregate",
        "Strategy": "Plain",
        "Partial Mode": "Finalize",
        "Parallel Aware": false,
        "Startup Cost": 96776.26,
        "Total Cost": 96776.27,
        "Plan Rows": 1,
        "Plan Width": 8,
        "Actual Startup Time": 262.279,
        "Actual Total Time": 285.591,
        "Actual Rows": 1,
        "Actual Loops": 1,
        "Output": [
            "count(*)"
        ],
        "Plans": [
            {
                "Node Type": "Gather",
                "Parent Relationship": "Outer",
                "Parallel Aware": false,
                "Startup Cost": 96775.84,
                "Total Cost": 96776.25,
                "Plan Rows": 4,
                "Plan Width": 8,
                "Actual Startup Time": 262.031,
                "Actual Total Time": 285.581,
                "Actual Rows": 5,
                "Actual Loops": 1,
                "Output": [
                    "(PARTIAL count(*))"
                ],
                "Workers Planned": 4,
                "Workers Launched": 4,
                "Single Copy": false,
                "Plans": [
                    {
                        "Node Type": "Aggregate",
                        "Strategy": "Plain",
                        "Partial Mode": "Partial",
                        "Parent Relationship": "Outer",
                        "Parallel Aware": false,
                        "Startup Cost": 95775.84,
                        "Total Cost": 95775.85,
                        "Plan Rows": 1,
                        "Plan Width": 8,
                        "Actual Startup Time": 251.645,
                        "Actual Total Time": 251.649,
                        "Actual Rows": 1,
                        "Actual Loops": 5,
                        "Output": [
                            "PARTIAL count(*)"
                        ],
                        "Workers": [
                            {
                                "Worker Number": 0,
                                "Actual Startup Time": 248.841,
                                "Actual Total Time": 248.844,
                                "Actual Rows": 1,
                                "Actual Loops": 1
                            },
                            {
                                "Worker Number": 1,
                                "Actual Startup Time": 249.204,
                                "Actual Total Time": 249.206,
                                "Actual Rows": 1,
                                "Actual Loops": 1
                            },
                            {
                                "Worker Number": 2,
                                "Actual Startup Time": 249.533,
                                "Actual Total Time": 249.536,
                                "Actual Rows": 1,
                                "Actual Loops": 1
                            },
                            {
                                "Worker Number": 3,
                                "Actual Startup Time": 249.533,
                                "Actual Total Time": 249.537,
                                "Actual Rows": 1,
                                "Actual Loops": 1
                            }
                        ],
                        "Plans": [
                            {
                                "Node Type": "Nested Loop",
                                "Parent Relationship": "Outer",
                                "Parallel Aware": false,
                                "Join Type": "Inner",
                                "Startup Cost": 31576.94,
                                "Total Cost": 95629.58,
                                "Plan Rows": 58505,
                                "Plan Width": 0,
                                "Actual Startup Time": 66.023,
                                "Actual Total Time": 249.05,
                                "Actual Rows": 45138,
                                "Actual Loops": 5,
                                "Inner Unique": false,
                                "Workers": [
                                    {
                                        "Worker Number": 0,
                                        "Actual Startup Time": 63.218,
                                        "Actual Total Time": 246.303,
                                        "Actual Rows": 40906,
                                        "Actual Loops": 1
                                    },
                                    {
                                        "Worker Number": 1,
                                        "Actual Startup Time": 63.735,
                                        "Actual Total Time": 246.628,
                                        "Actual Rows": 41465,
                                        "Actual Loops": 1
                                    },
                                    {
                                        "Worker Number": 2,
                                        "Actual Startup Time": 63.798,
                                        "Actual Total Time": 246.885,
                                        "Actual Rows": 42135,
                                        "Actual Loops": 1
                                    },
                                    {
                                        "Worker Number": 3,
                                        "Actual Startup Time": 64.032,
                                        "Actual Total Time": 246.962,
                                        "Actual Rows": 40994,
                                        "Actual Loops": 1
                                    }
                                ],
                                "Plans": [
                                    {
                                        "Node Type": "Hash Join",
                                        "Parent Relationship": "Outer",
                                        "Parallel Aware": true,
                                        "Join Type": "Inner",
                                        "Startup Cost": 31576.51,
                                        "Total Cost": 77088.05,
                                        "Plan Rows": 10025,
                                        "Plan Width": 8,
                                        "Actual Startup Time": 65.908,
                                        "Actual Total Time": 185.481,
                                        "Actual Rows": 3510,
                                        "Actual Loops": 5,
                                        "Output": [
                                            "t.id",
                                            "mc.movie_id"
                                        ],
                                        "Inner Unique": false,
                                        "Hash Cond": "(t.id = mc.movie_id)",
                                        "Workers": [
                                            {
                                                "Worker Number": 0,
                                                "Actual Startup Time": 63.089,
                                                "Actual Total Time": 180.223,
                                                "Actual Rows": 3150,
                                                "Actual Loops": 1
                                            },
                                            {
                                                "Worker Number": 1,
                                                "Actual Startup Time": 63.602,
                                                "Actual Total Time": 179.974,
                                                "Actual Rows": 3186,
                                                "Actual Loops": 1
                                            },
                                            {
                                                "Worker Number": 2,
                                                "Actual Startup Time": 63.671,
                                                "Actual Total Time": 179.613,
                                                "Actual Rows": 3353,
                                                "Actual Loops": 1
                                            },
                                            {
                                                "Worker Number": 3,
                                                "Actual Startup Time": 63.901,
                                                "Actual Total Time": 180.634,
                                                "Actual Rows": 3187,
                                                "Actual Loops": 1
                                            }
                                        ],
                                        "Plans": [
                                            {
                                                "Node Type": "Seq Scan",
                                                "Parent Relationship": "Outer",
                                                "Parallel Aware": true,
                                                "Relation Name": "title",
                                                "Schema": "public",
                                                "Alias": "t",
                                                "Startup Cost": 0.0,
                                                "Total Cost": 42318.81,
                                                "Plan Rows": 632080,
                                                "Plan Width": 4,
                                                "Actual Startup Time": 0.026,
                                                "Actual Total Time": 67.169,
                                                "Actual Rows": 505662,
                                                "Actual Loops": 5,
                                                "Output": [
                                                    "t.id",
                                                    "t.title",
                                                    "t.imdb_index",
                                                    "t.kind_id",
                                                    "t.production_year",
                                                    "t.imdb_id",
                                                    "t.phonetic_code",
                                                    "t.episode_of_id",
                                                    "t.season_nr",
                                                    "t.episode_nr",
                                                    "t.series_years",
                                                    "t.md5sum"
                                                ],
                                                "Workers": [
                                                    {
                                                        "Worker Number": 0,
                                                        "Actual Startup Time": 0.032,
                                                        "Actual Total Time": 66.378,
                                                        "Actual Rows": 459640,
                                                        "Actual Loops": 1
                                                    },
                                                    {
                                                        "Worker Number": 1,
                                                        "Actual Startup Time": 0.03,
                                                        "Actual Total Time": 66.718,
                                                        "Actual Rows": 461210,
                                                        "Actual Loops": 1
                                                    },
                                                    {
                                                        "Worker Number": 2,
                                                        "Actual Startup Time": 0.028,
                                                        "Actual Total Time": 66.026,
                                                        "Actual Rows": 461061,
                                                        "Actual Loops": 1
                                                    },
                                                    {
                                                        "Worker Number": 3,
                                                        "Actual Startup Time": 0.035,
                                                        "Actual Total Time": 66.276,
                                                        "Actual Rows": 456344,
                                                        "Actual Loops": 1
                                                    }
                                                ]
                                            },
                                            {
                                                "Node Type": "Hash",
                                                "Parent Relationship": "Inner",
                                                "Parallel Aware": true,
                                                "Startup Cost": 31414.82,
                                                "Total Cost": 31414.82,
                                                "Plan Rows": 12935,
                                                "Plan Width": 4,
                                                "Actual Startup Time": 64.414,
                                                "Actual Total Time": 64.415,
                                                "Actual Rows": 3510,
                                                "Actual Loops": 5,
                                                "Output": [
                                                    "mc.movie_id"
                                                ],
                                                "Hash Buckets": 65536,
                                                "Original Hash Buckets": 65536,
                                                "Hash Batches": 1,
                                                "Original Hash Batches": 1,
                                                "Peak Memory Usage": 1280,
                                                "Workers": [
                                                    {
                                                        "Worker Number": 0,
                                                        "Actual Startup Time": 62.541,
                                                        "Actual Total Time": 62.542,
                                                        "Actual Rows": 3334,
                                                        "Actual Loops": 1
                                                    },
                                                    {
                                                        "Worker Number": 1,
                                                        "Actual Startup Time": 62.908,
                                                        "Actual Total Time": 62.909,
                                                        "Actual Rows": 3247,
                                                        "Actual Loops": 1
                                                    },
                                                    {
                                                        "Worker Number": 2,
                                                        "Actual Startup Time": 63.163,
                                                        "Actual Total Time": 63.164,
                                                        "Actual Rows": 3249,
                                                        "Actual Loops": 1
                                                    },
                                                    {
                                                        "Worker Number": 3,
                                                        "Actual Startup Time": 63.189,
                                                        "Actual Total Time": 63.19,
                                                        "Actual Rows": 3616,
                                                        "Actual Loops": 1
                                                    }
                                                ],
                                                "Plans": [
                                                    {
                                                        "Node Type": "Seq Scan",
                                                        "Parent Relationship": "Outer",
                                                        "Parallel Aware": true,
                                                        "Relation Name": "movie_companies",
                                                        "Schema": "public",
                                                        "Alias": "mc",
                                                        "Startup Cost": 0.0,
                                                        "Total Cost": 31414.82,
                                                        "Plan Rows": 12935,
                                                        "Plan Width": 4,
                                                        "Actual Startup Time": 41.046,
                                                        "Actual Total Time": 63.138,
                                                        "Actual Rows": 3510,
                                                        "Actual Loops": 5,
                                                        "Output": [
                                                            "mc.movie_id"
                                                        ],
                                                        "Filter": "((mc.company_id < 19) AND (mc.company_type_id > 1))",
                                                        "Rows Removed by Filter": 518316,
                                                        "Workers": [
                                                            {
                                                                "Worker Number": 0,
                                                                "Actual Startup Time": 39.174,
                                                                "Actual Total Time": 61.32,
                                                                "Actual Rows": 3334,
                                                                "Actual Loops": 1
                                                            },
                                                            {
                                                                "Worker Number": 1,
                                                                "Actual Startup Time": 39.548,
                                                                "Actual Total Time": 61.66,
                                                                "Actual Rows": 3247,
                                                                "Actual Loops": 1
                                                            },
                                                            {
                                                                "Worker Number": 2,
                                                                "Actual Startup Time": 39.777,
                                                                "Actual Total Time": 61.621,
                                                                "Actual Rows": 3249,
                                                                "Actual Loops": 1
                                                            },
                                                            {
                                                                "Worker Number": 3,
                                                                "Actual Startup Time": 39.808,
                                                                "Actual Total Time": 61.979,
                                                                "Actual Rows": 3616,
                                                                "Actual Loops": 1
                                                            }
                                                        ]
                                                    }
                                                ]
                                            }
                                        ]
                                    },
                                    {
                                        "Node Type": "Index Only Scan",
                                        "Parent Relationship": "Inner",
                                        "Parallel Aware": false,
                                        "Scan Direction": "Forward",
                                        "Index Name": "movie_id_movie_info",
                                        "Relation Name": "movie_info",
                                        "Schema": "public",
                                        "Alias": "mi",
                                        "Startup Cost": 0.43,
                                        "Total Cost": 1.46,
                                        "Plan Rows": 39,
                                        "Plan Width": 4,
                                        "Actual Startup Time": 0.006,
                                        "Actual Total Time": 0.017,
                                        "Actual Rows": 13,
                                        "Actual Loops": 17551,
                                        "Output": [
                                            "mi.movie_id"
                                        ],
                                        "Index Cond": "(mi.movie_id = t.id)",
                                        "Rows Removed by Index Recheck": 0,
                                        "Heap Fetches": 225689,
                                        "Workers": [
                                            {
                                                "Worker Number": 0,
                                                "Actual Startup Time": 0.007,
                                                "Actual Total Time": 0.019,
                                                "Actual Rows": 13,
                                                "Actual Loops": 3150
                                            },
                                            {
                                                "Worker Number": 1,
                                                "Actual Startup Time": 0.007,
                                                "Actual Total Time": 0.019,
                                                "Actual Rows": 13,
                                                "Actual Loops": 3186
                                            },
                                            {
                                                "Worker Number": 2,
                                                "Actual Startup Time": 0.006,
                                                "Actual Total Time": 0.019,
                                                "Actual Rows": 13,
                                                "Actual Loops": 3353
                                            },
                                            {
                                                "Worker Number": 3,
                                                "Actual Startup Time": 0.007,
                                                "Actual Total Time": 0.019,
                                                "Actual Rows": 13,
                                                "Actual Loops": 3187
                                            }
                                        ]
                                    }
                                ]
                            }
                        ]
                    }
                ]
            }
        ]
    },
    "Planning Time": 1.819,
    "Triggers": [],
    "Execution Time": 285.7
}