[
  {
    "Plan": {
      "Node Type": "Aggregate",
      "Strategy": "Plain",
      "Partial Mode": "Finalize",
      "Parallel Aware": false,
      "Startup Cost": 156151.48,
      "Total Cost": 156151.49,
      "Plan Rows": 1,
      "Plan Width": 8,
      "Actual Startup Time": 130.24,
      "Actual Total Time": 148.97,
      "Actual Rows": 1,
      "Actual Loops": 1,
      "Plans": [
        {
          "Node Type": "Gather",
          "Parent Relationship": "Outer",
          "Parallel Aware": false,
          "Startup Cost": 156151.06,
          "Total Cost": 156151.47,
          "Plan Rows": 4,
          "Plan Width": 8,
          "Actual Startup Time": 130.038,
          "Actual Total Time": 148.956,
          "Actual Rows": 5,
          "Actual Loops": 1,
          "Workers Planned": 4,
          "Workers Launched": 4,
          "Single Copy": false,
          "Plans": [
            {
              "Node Type": "Aggregate",
              "Strategy": "Plain",
              "Partial Mode": "Partial",
              "Parent Relationship": "Outer",
              "Parallel Aware": false,
              "Startup Cost": 155151.06,
              "Total Cost": 155151.07,
              "Plan Rows": 1,
              "Plan Width": 8,
              "Actual Startup Time": 120.169,
              "Actual Total Time": 120.171,
              "Actual Rows": 1,
              "Actual Loops": 5,
              "Plans": [
                {
                  "Node Type": "Nested Loop",
                  "Parent Relationship": "Outer",
                  "Parallel Aware": false,
                  "Join Type": "Inner",
                  "Startup Cost": 0.43,
                  "Total Cost": 155137.01,
                  "Plan Rows": 5621,
                  "Plan Width": 0,
                  "Actual Startup Time": 61.453,
                  "Actual Total Time": 119.404,
                  "Actual Rows": 8718,
                  "Actual Loops": 5,
                  "Inner Unique": false,
                  "Plans": [
                    {
                      "Node Type": "Seq Scan",
                      "Parent Relationship": "Outer",
                      "Parallel Aware": true,
                      "Relation Name": "title",
                      "Alias": "t",
                      "Startup Cost": 0.0,
                      "Total Cost": 45479.59,
                      "Plan Rows": 957,
                      "Plan Width": 4,
                      "Actual Startup Time": 61.315,
                      "Actual Total Time": 89.39,
                      "Actual Rows": 758,
                      "Actual Loops": 5,
                      "Filter": "((kind_id = 1) AND (production_year = 1966))",
                      "Rows Removed by Filter": 504904
                    },
                    {
                      "Node Type": "Index Only Scan",
                      "Parent Relationship": "Inner",
                      "Parallel Aware": false,
                      "Scan Direction": "Forward",
                      "Index Name": "movie_id_movie_info",
                      "Relation Name": "movie_info",
                      "Alias": "mi",
                      "Startup Cost": 0.43,
                      "Total Cost": 114.17,
                      "Plan Rows": 41,
                      "Plan Width": 4,
                      "Actual Startup Time": 0.013,
                      "Actual Total Time": 0.038,
                      "Actual Rows": 11,
                      "Actual Loops": 3792,
                      "Index Cond": "(movie_id = t.id)",
                      "Rows Removed by Index Recheck": 0,
                      "Heap Fetches": 43591
                    }
                  ]
                }
              ]
            }
          ]
        }
      ]
    },
    "Planning Time": 0.421,
    "Triggers": [],
    "Execution Time": 149.025
  }
]