[
  {
    "Plan": {
      "Node Type": "Aggregate",
      "Strategy": "Plain",
      "Partial Mode": "Simple",
      "Parallel Aware": false,
      "Startup Cost": 16349.03,
      "Total Cost": 16349.04,
      "Plan Rows": 1,
      "Plan Width": 128,
      "Actual Startup Time": 4576.475,
      "Actual Total Time": 4576.485,
      "Actual Rows": 1,
      "Actual Loops": 1,
      "Plans": [
        {
          "Node Type": "Nested Loop",
          "Parent Relationship": "Outer",
          "Parallel Aware": false,
          "Join Type": "Inner",
          "Startup Cost": 13.98,
          "Total Cost": 16349.02,
          "Plan Rows": 1,
          "Plan Width": 54,
          "Actual Startup Time": 29.279,
          "Actual Total Time": 4574.493,
          "Actual Rows": 3133,
          "Actual Loops": 1,
          "Inner Unique": true,
          "Join Filter": "(t.kind_id = kt.id)",
          "Rows Removed by Join Filter": 400,
          "Plans": [
            {
              "Node Type": "Nested Loop",
              "Parent Relationship": "Outer",
              "Parallel Aware": false,
              "Join Type": "Inner",
              "Startup Cost": 13.98,
              "Total Cost": 16347.92,
              "Plan Rows": 1,
              "Plan Width": 58,
              "Actual Startup Time": 29.262,
              "Actual Total Time": 4561.013,
              "Actual Rows": 3533,
              "Actual Loops": 1,
              "Inner Unique": true,
              "Plans": [
                {
                  "Node Type": "Nested Loop",
                  "Parent Relationship": "Outer",
                  "Parallel Aware": false,
                  "Join Type": "Inner",
                  "Startup Cost": 13.53,
                  "Total Cost": 16343.46,
                  "Plan Rows": 1,
                  "Plan Width": 53,
                  "Actual Startup Time": 19.598,
                  "Actual Total Time": 4443.286,
                  "Actual Rows": 15152,
                  "Actual Loops": 1,
                  "Inner Unique": true,
                  "Plans": [
                    {
                      "Node Type": "Nested Loop",
                      "Parent Relationship": "Outer",
                      "Parallel Aware": false,
                      "Join Type": "Inner",
                      "Startup Cost": 13.09,
                      "Total Cost": 16339.01,
                      "Plan Rows": 1,
                      "Plan Width": 42,
                      "Actual Startup Time": 19.496,
                      "Actual Total Time": 4249.872,
                      "Actual Rows": 15152,
                      "Actual Loops": 1,
                      "Inner Unique": true,
                      "Plans": [
                        {
                          "Node Type": "Nested Loop",
                          "Parent Relationship": "Outer",
                          "Parallel Aware": false,
                          "Join Type": "Inner",
                          "Startup Cost": 12.65,
                          "Total Cost": 16334.55,
                          "Plan Rows": 1,
                          "Plan Width": 30,
                          "Actual Startup Time": 2.986,
                          "Actual Total Time": 2111.044,
                          "Actual Rows": 359953,
                          "Actual Loops": 1,
                          "Inner Unique": false,
                          "Plans": [
                            {
                              "Node Type": "Nested Loop",
                              "Parent Relationship": "Outer",
                              "Parallel Aware": false,
                              "Join Type": "Inner",
                              "Startup Cost": 11.71,
                              "Total Cost": 16328.85,
                              "Plan Rows": 1,
                              "Plan Width": 18,
                              "Actual Startup Time": 2.841,
                              "Actual Total Time": 820.201,
                              "Actual Rows": 4202,
                              "Actual Loops": 1,
                              "Inner Unique": true,
                              "Join Filter": "(cc.status_id = cct2.id)",
                              "Rows Removed by Join Filter": 2601,
                              "Plans": [
                                {
                                  "Node Type": "Nested Loop",
                                  "Parent Relationship": "Outer",
                                  "Parallel Aware": false,
                                  "Join Type": "Inner",
                                  "Startup Cost": 11.71,
                                  "Total Cost": 16327.78,
                                  "Plan Rows": 1,
                                  "Plan Width": 22,
                                  "Actual Startup Time": 2.832,
                                  "Actual Total Time": 802.832,
                                  "Actual Rows": 4202,
                                  "Actual Loops": 1,
                                  "Inner Unique": false,
                                  "Join Filter": "(cc.subject_id = cct1.id)",
                                  "Rows Removed by Join Filter": 2483,
                                  "Plans": [
                                    {
                                      "Node Type": "Seq Scan",
                                      "Parent Relationship": "Outer",
                                      "Parallel Aware": false,
                                      "Relation Name": "comp_cast_type",
                                      "Alias": "cct1",
                                      "Startup Cost": 0.0,
                                      "Total Cost": 1.05,
                                      "Plan Rows": 1,
                                      "Plan Width": 4,
                                      "Actual Startup Time": 0.028,
                                      "Actual Total Time": 0.03,
                                      "Actual Rows": 1,
                                      "Actual Loops": 1,
                                      "Filter": "((kind)::text = 'cast'::text)",
                                      "Rows Removed by Filter": 3
                                    },
                                    {
                                      "Node Type": "Nested Loop",
                                      "Parent Relationship": "Inner",
                                      "Parallel Aware": false,
                                      "Join Type": "Inner",
                                      "Startup Cost": 11.71,
                                      "Total Cost": 16326.71,
                                      "Plan Rows": 2,
                                      "Plan Width": 26,
                                      "Actual Startup Time": 2.8,
                                      "Actual Total Time": 801.389,
                                      "Actual Rows": 6685,
                                      "Actual Loops": 1,
                                      "Inner Unique": false,
                                      "Plans": [
                                        {
                                          "Node Type": "Nested Loop",
                                          "Parent Relationship": "Outer",
                                          "Parallel Aware": false,
                                          "Join Type": "Inner",
                                          "Startup Cost": 11.28,
                                          "Total Cost": 16322.23,
                                          "Plan Rows": 1,
                                          "Plan Width": 14,
                                          "Actual Startup Time": 1.476,
                                          "Actual Total Time": 720.969,
                                          "Actual Rows": 9913,
                                          "Actual Loops": 1,
                                          "Inner Unique": false,
                                          "Join Filter": "(mi_idx.info_type_id = it2.id)",
                                          "Rows Removed by Join Filter": 7104,
                                          "Plans": [
                                            {
                                              "Node Type": "Seq Scan",
                                              "Parent Relationship": "Outer",
                                              "Parallel Aware": false,
                                              "Relation Name": "info_type",
                                              "Alias": "it2",
                                              "Startup Cost": 0.0,
                                              "Total Cost": 2.41,
                                              "Plan Rows": 1,
                                              "Plan Width": 4,
                                              "Actual Startup Time": 0.055,
                                              "Actual Total Time": 0.058,
                                              "Actual Rows": 1,
                                              "Actual Loops": 1,
                                              "Filter": "((info)::text = 'rating'::text)",
                                              "Rows Removed by Filter": 112
                                            },
                                            {
                                              "Node Type": "Nested Loop",
                                              "Parent Relationship": "Inner",
                                              "Parallel Aware": false,
                                              "Join Type": "Inner",
                                              "Startup Cost": 11.28,
                                              "Total Cost": 16318.03,
                                              "Plan Rows": 143,
                                              "Plan Width": 18,
                                              "Actual Startup Time": 1.42,
                                              "Actual Total Time": 717.877,
                                              "Actual Rows": 17017,
                                              "Actual Loops": 1,
                                              "Inner Unique": false,
                                              "Plans": [
                                                {
                                                  "Node Type": "Nested Loop",
                                                  "Parent Relationship": "Outer",
                                                  "Parallel Aware": false,
                                                  "Join Type": "Inner",
                                                  "Startup Cost": 10.82,
                                                  "Total Cost": 14797.9,
                                                  "Plan Rows": 337,
                                                  "Plan Width": 4,
                                                  "Actual Startup Time": 1.026,
                                                  "Actual Total Time": 221.461,
                                                  "Actual Rows": 62263,
                                                  "Actual Loops": 1,
                                                  "Inner Unique": false,
                                                  "Plans": [
                                                    {
                                                      "Node Type": "Seq Scan",
                                                      "Parent Relationship": "Outer",
                                                      "Parallel Aware": false,
                                                      "Relation Name": "keyword",
                                                      "Alias": "k",
                                                      "Startup Cost": 0.0,
                                                      "Total Cost": 3967.82,
                                                      "Plan Rows": 10,
                                                      "Plan Width": 4,
                                                      "Actual Startup Time": 0.23,
                                                      "Actual Total Time": 27.341,
                                                      "Actual Rows": 9,
                                                      "Actual Loops": 1,
                                                      "Filter": "(keyword = ANY ('{murder,murder-in-title,web,death,violence,marvel-comics,based-on-comic,sequel,tv-special,fight}'::text[]))",
                                                      "Rows Removed by Filter": 134161
                                                    },
                                                    {
                                                      "Node Type": "Bitmap Heap Scan",
                                                      "Parent Relationship": "Inner",
                                                      "Parallel Aware": false,
                                                      "Relation Name": "movie_keyword",
                                                      "Alias": "mk",
                                                      "Startup Cost": 10.82,
                                                      "Total Cost": 1079.93,
                                                      "Plan Rows": 308,
                                                      "Plan Width": 8,
                                                      "Actual Startup Time": 1.728,
                                                      "Actual Total Time": 20.267,
                                                      "Actual Rows": 6918,
                                                      "Actual Loops": 9,
                                                      "Recheck Cond": "(keyword_id = k.id)",
                                                      "Rows Removed by Index Recheck": 0,
                                                      "Exact Heap Blocks": 41913,
                                                      "Lossy Heap Blocks": 0,
                                                      "Plans": [
                                                        {
                                                          "Node Type": "Bitmap Index Scan",
                                                          "Parent Relationship": "Outer",
                                                          "Parallel Aware": false,
                                                          "Index Name": "keyword_id_movie_keyword",
                                                          "Startup Cost": 0.0,
                                                          "Total Cost": 10.74,
                                                          "Plan Rows": 308,
                                                          "Plan Width": 0,
                                                          "Actual Startup Time": 1.058,
                                                          "Actual Total Time": 1.058,
                                                          "Actual Rows": 6918,
                                                          "Actual Loops": 9,
                                                          "Index Cond": "(keyword_id = k.id)"
                                                        }
                                                      ]
                                                    }
                                                  ]
                                                },
                                                {
                                                  "Node Type": "Bitmap Heap Scan",
                                                  "Parent Relationship": "Inner",
                                                  "Parallel Aware": false,
                                                  "Relation Name": "movie_info_idx",
                                                  "Alias": "mi_idx",
                                                  "Startup Cost": 0.46,
                                                  "Total Cost": 4.5,
                                                  "Plan Rows": 1,
                                                  "Plan Width": 14,
                                                  "Actual Startup Time": 0.006,
                                                  "Actual Total Time": 0.006,
                                                  "Actual Rows": 0,
                                                  "Actual Loops": 62263,
                                                  "Recheck Cond": "(movie_id = mk.movie_id)",
                                                  "Rows Removed by Index Recheck": 0,
                                                  "Filter": "(info > '7.0'::text)",
                                                  "Rows Removed by Filter": 2,
                                                  "Exact Heap Blocks": 50273,
                                                  "Lossy Heap Blocks": 0,
                                                  "Plans": [
                                                    {
                                                      "Node Type": "Bitmap Index Scan",
                                                      "Parent Relationship": "Outer",
                                                      "Parallel Aware": false,
                                                      "Index Name": "movie_id_movie_info_idx",
                                                      "Startup Cost": 0.0,
                                                      "Total Cost": 0.46,
                                                      "Plan Rows": 3,
                                                      "Plan Width": 0,
                                                      "Actual Startup Time": 0.004,
                                                      "Actual Total Time": 0.004,
                                                      "Actual Rows": 2,
                                                      "Actual Loops": 62263,
                                                      "Index Cond": "(movie_id = mk.movie_id)"
                                                    }
                                                  ]
                                                }
                                              ]
                                            }
                                          ]
                                        },
                                        {
                                          "Node Type": "Bitmap Heap Scan",
                                          "Parent Relationship": "Inner",
                                          "Parallel Aware": false,
                                          "Relation Name": "complete_cast",
                                          "Alias": "cc",
                                          "Startup Cost": 0.44,
                                          "Total Cost": 4.46,
                                          "Plan Rows": 2,
                                          "Plan Width": 12,
                                          "Actual Startup Time": 0.005,
                                          "Actual Total Time": 0.006,
                                          "Actual Rows": 1,
                                          "Actual Loops": 9913,
                                          "Recheck Cond": "(movie_id = mk.movie_id)",
                                          "Rows Removed by Index Recheck": 0,
                                          "Exact Heap Blocks": 6685,
                                          "Lossy Heap Blocks": 0,
                                          "Plans": [
                                            {
                                              "Node Type": "Bitmap Index Scan",
                                              "Parent Relationship": "Outer",
                                              "Parallel Aware": false,
                                              "Index Name": "movie_id_complete_cast",
                                              "Startup Cost": 0.0,
                                              "Total Cost": 0.44,
                                              "Plan Rows": 2,
                                              "Plan Width": 0,
                                              "Actual Startup Time": 0.003,
                                              "Actual Total Time": 0.003,
                                              "Actual Rows": 1,
                                              "Actual Loops": 9913,
                                              "Index Cond": "(movie_id = mk.movie_id)"
                                            }
                                          ]
                                        }
                                      ]
                                    }
                                  ]
                                },
                                {
                                  "Node Type": "Seq Scan",
                                  "Parent Relationship": "Inner",
                                  "Parallel Aware": false,
                                  "Relation Name": "comp_cast_type",
                                  "Alias": "cct2",
                                  "Startup Cost": 0.0,
                                  "Total Cost": 1.05,
                                  "Plan Rows": 1,
                                  "Plan Width": 4,
                                  "Actual Startup Time": 0.002,
                                  "Actual Total Time": 0.002,
                                  "Actual Rows": 2,
                                  "Actual Loops": 4202,
                                  "Filter": "((kind)::text ~~ '%complete%'::text)",
                                  "Rows Removed by Filter": 2
                                }
                              ]
                            },
                            {
                              "Node Type": "Bitmap Heap Scan",
                              "Parent Relationship": "Inner",
                              "Parallel Aware": false,
                              "Relation Name": "cast_info",
                              "Alias": "ci",
                              "Startup Cost": 0.94,
                              "Total Cost": 5.37,
                              "Plan Rows": 34,
                              "Plan Width": 12,
                              "Actual Startup Time": 0.025,
                              "Actual Total Time": 0.285,
                              "Actual Rows": 86,
                              "Actual Loops": 4202,
                              "Recheck Cond": "(movie_id = mk.movie_id)",
                              "Rows Removed by Index Recheck": 0,
                              "Exact Heap Blocks": 350009,
                              "Lossy Heap Blocks": 0,
                              "Plans": [
                                {
                                  "Node Type": "Bitmap Index Scan",
                                  "Parent Relationship": "Outer",
                                  "Parallel Aware": false,
                                  "Index Name": "movie_id_cast_info",
                                  "Startup Cost": 0.0,
                                  "Total Cost": 0.94,
                                  "Plan Rows": 34,
                                  "Plan Width": 0,
                                  "Actual Startup Time": 0.014,
                                  "Actual Total Time": 0.014,
                                  "Actual Rows": 86,
                                  "Actual Loops": 4202,
                                  "Index Cond": "(movie_id = mk.movie_id)"
                                }
                              ]
                            }
                          ]
                        },
                        {
                          "Node Type": "Bitmap Heap Scan",
                          "Parent Relationship": "Inner",
                          "Parallel Aware": false,
                          "Relation Name": "char_name",
                          "Alias": "chn",
                          "Startup Cost": 0.44,
                          "Total Cost": 4.46,
                          "Plan Rows": 1,
                          "Plan Width": 20,
                          "Actual Startup Time": 0.004,
                          "Actual Total Time": 0.004,
                          "Actual Rows": 0,
                          "Actual Loops": 359953,
                          "Recheck Cond": "(id = ci.person_role_id)",
                          "Rows Removed by Index Recheck": 0,
                          "Filter": "((name IS NOT NULL) AND ((name ~~ '%man%'::text) OR (name ~~ '%Man%'::text)))",
                          "Rows Removed by Filter": 0,
                          "Exact Heap Blocks": 179536,
                          "Lossy Heap Blocks": 0,
                          "Plans": [
                            {
                              "Node Type": "Bitmap Index Scan",
                              "Parent Relationship": "Outer",
                              "Parallel Aware": false,
                              "Index Name": "char_name_pkey",
                              "Startup Cost": 0.0,
                              "Total Cost": 0.44,
                              "Plan Rows": 1,
                              "Plan Width": 0,
                              "Actual Startup Time": 0.002,
                              "Actual Total Time": 0.002,
                              "Actual Rows": 0,
                              "Actual Loops": 359953,
                              "Index Cond": "(id = ci.person_role_id)"
                            }
                          ]
                        }
                      ]
                    },
                    {
                      "Node Type": "Bitmap Heap Scan",
                      "Parent Relationship": "Inner",
                      "Parallel Aware": false,
                      "Relation Name": "name",
                      "Alias": "n",
                      "Startup Cost": 0.44,
                      "Total Cost": 4.45,
                      "Plan Rows": 1,
                      "Plan Width": 19,
                      "Actual Startup Time": 0.01,
                      "Actual Total Time": 0.01,
                      "Actual Rows": 1,
                      "Actual Loops": 15152,
                      "Recheck Cond": "(id = ci.person_id)",
                      "Rows Removed by Index Recheck": 0,
                      "Exact Heap Blocks": 15152,
                      "Lossy Heap Blocks": 0,
                      "Plans": [
                        {
                          "Node Type": "Bitmap Index Scan",
                          "Parent Relationship": "Outer",
                          "Parallel Aware": false,
                          "Index Name": "name_pkey",
                          "Startup Cost": 0.0,
                          "Total Cost": 0.44,
                          "Plan Rows": 1,
                          "Plan Width": 0,
                          "Actual Startup Time": 0.006,
                          "Actual Total Time": 0.006,
                          "Actual Rows": 1,
                          "Actual Loops": 15152,
                          "Index Cond": "(id = ci.person_id)"
                        }
                      ]
                    }
                  ]
                },
                {
                  "Node Type": "Bitmap Heap Scan",
                  "Parent Relationship": "Inner",
                  "Parallel Aware": false,
                  "Relation Name": "title",
                  "Alias": "t",
                  "Startup Cost": 0.45,
                  "Total Cost": 4.46,
                  "Plan Rows": 1,
                  "Plan Width": 25,
                  "Actual Startup Time": 0.006,
                  "Actual Total Time": 0.006,
                  "Actual Rows": 0,
                  "Actual Loops": 15152,
                  "Recheck Cond": "(id = mk.movie_id)",
                  "Rows Removed by Index Recheck": 0,
                  "Filter": "(production_year > 2002)",
                  "Rows Removed by Filter": 1,
                  "Exact Heap Blocks": 15152,
                  "Lossy Heap Blocks": 0,
                  "Plans": [
                    {
                      "Node Type": "Bitmap Index Scan",
                      "Parent Relationship": "Outer",
                      "Parallel Aware": false,
                      "Index Name": "title_pkey",
                      "Startup Cost": 0.0,
                      "Total Cost": 0.45,
                      "Plan Rows": 1,
                      "Plan Width": 0,
                      "Actual Startup Time": 0.003,
                      "Actual Total Time": 0.003,
                      "Actual Rows": 1,
                      "Actual Loops": 15152,
                      "Index Cond": "(id = mk.movie_id)"
                    }
                  ]
                }
              ]
            },
            {
              "Node Type": "Seq Scan",
              "Parent Relationship": "Inner",
              "Parallel Aware": false,
              "Relation Name": "kind_type",
              "Alias": "kt",
              "Startup Cost": 0.0,
              "Total Cost": 1.09,
              "Plan Rows": 1,
              "Plan Width": 4,
              "Actual Startup Time": 0.001,
              "Actual Total Time": 0.001,
              "Actual Rows": 1,
              "Actual Loops": 3533,
              "Filter": "((kind)::text = 'movie'::text)",
              "Rows Removed by Filter": 1
            }
          ]
        }
      ]
    },
    "Planning Time": 68.39,
    "Triggers": [],
    "Execution Time": 4577.008
  }
]