[
  {
    "Plan": {
      "Node Type": "Aggregate",
      "Strategy": "Plain",
      "Partial Mode": "Finalize",
      "Parallel Aware": false,
      "Startup Cost": 74063.54,
      "Total Cost": 74063.55,
      "Plan Rows": 1,
      "Plan Width": 8,
      "Actual Startup Time": 310.772,
      "Actual Total Time": 325.049,
      "Actual Rows": 1,
      "Actual Loops": 1,
      "Plans": [
        {
          "Node Type": "Gather",
          "Parent Relationship": "Outer",
          "Parallel Aware": false,
          "Startup Cost": 74063.22,
          "Total Cost": 74063.53,
          "Plan Rows": 3,
          "Plan Width": 8,
          "Actual Startup Time": 305.26,
          "Actual Total Time": 325.041,
          "Actual Rows": 4,
          "Actual Loops": 1,
          "Workers Planned": 3,
          "Workers Launched": 3,
          "Single Copy": false,
          "Plans": [
            {
              "Node Type": "Aggregate",
              "Strategy": "Plain",
              "Partial Mode": "Partial",
              "Parent Relationship": "Outer",
              "Parallel Aware": false,
              "Startup Cost": 73063.22,
              "Total Cost": 73063.23,
              "Plan Rows": 1,
              "Plan Width": 8,
              "Actual Startup Time": 296.997,
              "Actual Total Time": 297.0,
              "Actual Rows": 1,
              "Actual Loops": 4,
              "Plans": [
                {
                  "Node Type": "Hash Join",
                  "Parent Relationship": "Outer",
                  "Parallel Aware": true,
                  "Join Type": "Inner",
                  "Startup Cost": 53139.74,
                  "Total Cost": 73011.64,
                  "Plan Rows": 20634,
                  "Plan Width": 0,
                  "Actual Startup Time": 280.808,
                  "Actual Total Time": 296.625,
                  "Actual Rows": 7025,
                  "Actual Loops": 4,
                  "Inner Unique": true,
                  "Hash Cond": "(mc.movie_id = t.id)",
                  "Plans": [
                    {
                      "Node Type": "Bitmap Heap Scan",
                      "Parent Relationship": "Outer",
                      "Parallel Aware": true,
                      "Relation Name": "movie_companies",
                      "Alias": "mc",
                      "Startup Cost": 4421.93,
                      "Total Cost": 24205.01,
                      "Plan Rows": 33835,
                      "Plan Width": 4,
                      "Actual Startup Time": 30.854,
                      "Actual Total Time": 38.566,
                      "Actual Rows": 10092,
                      "Actual Loops": 4,
                      "Recheck Cond": "(company_id < 60)",
                      "Rows Removed by Index Recheck": 0,
                      "Filter": "(company_type_id = 2)",
                      "Rows Removed by Filter": 39690,
                      "Exact Heap Blocks": 6625,
                      "Lossy Heap Blocks": 0,
                      "Plans": [
                        {
                          "Node Type": "Bitmap Index Scan",
                          "Parent Relationship": "Outer",
                          "Parallel Aware": false,
                          "Index Name": "company_id_movie_companies",
                          "Startup Cost": 0.0,
                          "Total Cost": 4395.71,
                          "Plan Rows": 205237,
                          "Plan Width": 0,
                          "Actual Startup Time": 9.31,
                          "Actual Total Time": 9.311,
                          "Actual Rows": 199127,
                          "Actual Loops": 1,
                          "Index Cond": "(company_id < 60)"
                        }
                      ]
                    },
                    {
                      "Node Type": "Hash",
                      "Parent Relationship": "Inner",
                      "Parallel Aware": true,
                      "Startup Cost": 43899.32,
                      "Total Cost": 43899.32,
                      "Plan Rows": 385479,
                      "Plan Width": 4,
                      "Actual Startup Time": 244.339,
                      "Actual Total Time": 244.34,
                      "Actual Rows": 385816,
                      "Actual Loops": 4,
                      "Hash Buckets": 2097152,
                      "Original Hash Buckets": 2097152,
                      "Hash Batches": 1,
                      "Original Hash Batches": 1,
                      "Peak Memory Usage": 76800,
                      "Plans": [
                        {
                          "Node Type": "Seq Scan",
                          "Parent Relationship": "Outer",
                          "Parallel Aware": true,
                          "Relation Name": "title",
                          "Alias": "t",
                          "Startup Cost": 0.0,
                          "Total Cost": 43899.32,
                          "Plan Rows": 385479,
                          "Plan Width": 4,
                          "Actual Startup Time": 0.027,
                          "Actual Total Time": 108.144,
                          "Actual Rows": 385816,
                          "Actual Loops": 4,
                          "Filter": "(kind_id = 7)",
                          "Rows Removed by Filter": 246262
                        }
                      ]
                    }
                  ]
                }
              ]
            }
          ]
        }
      ]
    },
    "Planning Time": 0.605,
    "Triggers": [],
    "Execution Time": 325.107
  }
]