[
  {
    "Plan": {
      "Node Type": "Aggregate",
      "Strategy": "Plain",
      "Partial Mode": "Finalize",
      "Parallel Aware": false,
      "Startup Cost": 76105.61,
      "Total Cost": 76105.62,
      "Plan Rows": 1,
      "Plan Width": 8,
      "Actual Startup Time": 267.466,
      "Actual Total Time": 284.459,
      "Actual Rows": 1,
      "Actual Loops": 1,
      "Plans": [
        {
          "Node Type": "Gather",
          "Parent Relationship": "Outer",
          "Parallel Aware": false,
          "Startup Cost": 76105.29,
          "Total Cost": 76105.6,
          "Plan Rows": 3,
          "Plan Width": 8,
          "Actual Startup Time": 266.436,
          "Actual Total Time": 284.448,
          "Actual Rows": 4,
          "Actual Loops": 1,
          "Workers Planned": 3,
          "Workers Launched": 3,
          "Single Copy": false,
          "Plans": [
            {
              "Node Type": "Aggregate",
              "Strategy": "Plain",
              "Partial Mode": "Partial",
              "Parent Relationship": "Outer",
              "Parallel Aware": false,
              "Startup Cost": 75105.29,
              "Total Cost": 75105.3,
              "Plan Rows": 1,
              "Plan Width": 8,
              "Actual Startup Time": 258.115,
              "Actual Total Time": 258.175,
              "Actual Rows": 1,
              "Actual Loops": 4,
              "Plans": [
                {
                  "Node Type": "Hash Join",
                  "Parent Relationship": "Outer",
                  "Parallel Aware": true,
                  "Join Type": "Inner",
                  "Startup Cost": 45645.17,
                  "Total Cost": 75061.06,
                  "Plan Rows": 17691,
                  "Plan Width": 0,
                  "Actual Startup Time": 138.383,
                  "Actual Total Time": 254.109,
                  "Actual Rows": 96821,
                  "Actual Loops": 4,
                  "Inner Unique": true,
                  "Hash Cond": "(mc.movie_id = t.id)",
                  "Plans": [
                    {
                      "Node Type": "Seq Scan",
                      "Parent Relationship": "Outer",
                      "Parallel Aware": true,
                      "Relation Name": "movie_companies",
                      "Alias": "mc",
                      "Startup Cost": 0.0,
                      "Total Cost": 27206.55,
                      "Plan Rows": 841655,
                      "Plan Width": 4,
                      "Actual Startup Time": 0.018,
                      "Actual Total Time": 55.852,
                      "Actual Rows": 652282,
                      "Actual Loops": 4
                    },
                    {
                      "Node Type": "Hash",
                      "Parent Relationship": "Inner",
                      "Parallel Aware": true,
                      "Startup Cost": 45479.1,
                      "Total Cost": 45479.1,
                      "Plan Rows": 13286,
                      "Plan Width": 4,
                      "Actual Startup Time": 112.523,
                      "Actual Total Time": 112.523,
                      "Actual Rows": 45032,
                      "Actual Loops": 4,
                      "Hash Buckets": 262144,
                      "Original Hash Buckets": 65536,
                      "Hash Batches": 1,
                      "Original Hash Batches": 1,
                      "Peak Memory Usage": 10688,
                      "Plans": [
                        {
                          "Node Type": "Seq Scan",
                          "Parent Relationship": "Outer",
                          "Parallel Aware": true,
                          "Relation Name": "title",
                          "Alias": "t",
                          "Startup Cost": 0.0,
                          "Total Cost": 45479.1,
                          "Plan Rows": 13286,
                          "Plan Width": 4,
                          "Actual Startup Time": 60.126,
                          "Actual Total Time": 95.749,
                          "Actual Rows": 45032,
                          "Actual Loops": 4,
                          "Filter": "((production_year < 1957) AND (kind_id = 1))",
                          "Rows Removed by Filter": 587046
                        }
                      ]
                    }
                  ]
                }
              ]
            }
          ]
        }
      ]
    },
    "Planning Time": 0.645,
    "Triggers": [],
    "Execution Time": 284.533
  }
]