{
  "Plan": {
    "Node Type": "Aggregate",
    "Strategy": "Plain",
    "Partial Mode": "Finalize",
    "Parallel Aware": false,
    "Startup Cost": 386060.11,
    "Total Cost": 386060.12,
    "Plan Rows": 1,
    "Plan Width": 8,
    "Actual Startup Time": 475.498,
    "Actual Total Time": 485.954,
    "Actual Rows": 1,
    "Actual Loops": 1,
    "Plans": [
      {
        "Node Type": "Gather",
        "Parent Relationship": "Outer",
        "Parallel Aware": false,
        "Startup Cost": 386059.99,
        "Total Cost": 386060.1,
        "Plan Rows": 1,
        "Plan Width": 8,
        "Actual Startup Time": 475.075,
        "Actual Total Time": 485.947,
        "Actual Rows": 2,
        "Actual Loops": 1,
        "Workers Planned": 1,
        "Workers Launched": 1,
        "Single Copy": false,
        "Plans": [
          {
            "Node Type": "Aggregate",
            "Strategy": "Plain",
            "Partial Mode": "Partial",
            "Parent Relationship": "Outer",
            "Parallel Aware": false,
            "Startup Cost": 385059.99,
            "Total Cost": 385060.0,
            "Plan Rows": 1,
            "Plan Width": 8,
            "Actual Startup Time": 468.959,
            "Actual Total Time": 468.963,
            "Actual Rows": 1,
            "Actual Loops": 2,
            "Plans": [
              {
                "Node Type": "Hash Join",
                "Parent Relationship": "Outer",
                "Parallel Aware": true,
                "Join Type": "Inner",
                "Startup Cost": 105641.85,
                "Total Cost": 385046.4,
                "Plan Rows": 5436,
                "Plan Width": 0,
                "Actual Startup Time": 174.48,
                "Actual Total Time": 468.76,
                "Actual Rows": 2286,
                "Actual Loops": 2,
                "Inner Unique": true,
                "Hash Cond": "(ci.movie_id = t.id)",
                "Plans": [
                  {
                    "Node Type": "Bitmap Heap Scan",
                    "Parent Relationship": "Outer",
                    "Parallel Aware": true,
                    "Relation Name": "cast_info",
                    "Alias": "ci",
                    "Startup Cost": 66325.53,
                    "Total Cost": 341093.14,
                    "Plan Rows": 1766449,
                    "Plan Width": 4,
                    "Actual Startup Time": 116.741,
                    "Actual Total Time": 287.265,
                    "Actual Rows": 1531336,
                    "Actual Loops": 2,
                    "Recheck Cond": "(person_id < 297253)",
                    "Rows Removed by Index Recheck": 0,
                    "Exact Heap Blocks": 18226,
                    "Lossy Heap Blocks": 0,
                    "Plans": [
                      {
                        "Node Type": "Bitmap Index Scan",
                        "Parent Relationship": "Outer",
                        "Parallel Aware": false,
                        "Index Name": "person_id_cast_info",
                        "Startup Cost": 0.0,
                        "Total Cost": 65574.79,
                        "Plan Rows": 3002963,
                        "Plan Width": 0,
                        "Actual Startup Time": 111.444,
                        "Actual Total Time": 111.445,
                        "Actual Rows": 3062672,
                        "Actual Loops": 1,
                        "Index Cond": "(person_id < 297253)"
                      }
                    ]
                  },
                  {
                    "Node Type": "Hash",
                    "Parent Relationship": "Inner",
                    "Parallel Aware": true,
                    "Startup Cost": 39259.13,
                    "Total Cost": 39259.13,
                    "Plan Rows": 4576,
                    "Plan Width": 4,
                    "Actual Startup Time": 55.158,
                    "Actual Total Time": 55.159,
                    "Actual Rows": 2593,
                    "Actual Loops": 2,
                    "Hash Buckets": 8192,
                    "Original Hash Buckets": 8192,
                    "Hash Batches": 1,
                    "Original Hash Batches": 1,
                    "Peak Memory Usage": 288,
                    "Plans": [
                      {
                        "Node Type": "Bitmap Heap Scan",
                        "Parent Relationship": "Outer",
                        "Parallel Aware": true,
                        "Relation Name": "title",
                        "Alias": "t",
                        "Startup Cost": 2182.88,
                        "Total Cost": 39259.13,
                        "Plan Rows": 4576,
                        "Plan Width": 4,
                        "Actual Startup Time": 17.584,
                        "Actual Total Time": 54.159,
                        "Actual Rows": 2593,
                        "Actual Loops": 2,
                        "Recheck Cond": "(kind_id = 4)",
                        "Rows Removed by Index Recheck": 0,
                        "Filter": "(production_year = 2012)",
                        "Rows Removed by Filter": 56524,
                        "Exact Heap Blocks": 10954,
                        "Lossy Heap Blocks": 0,
                        "Plans": [
                          {
                            "Node Type": "Bitmap Index Scan",
                            "Parent Relationship": "Outer",
                            "Parallel Aware": false,
                            "Index Name": "kind_id_title",
                            "Startup Cost": 0.0,
                            "Total Cost": 2180.94,
                            "Plan Rows": 122201,
                            "Plan Width": 0,
                            "Actual Startup Time": 17.575,
                            "Actual Total Time": 17.575,
                            "Actual Rows": 118234,
                            "Actual Loops": 1,
                            "Index Cond": "(kind_id = 4)"
                          }
                        ]
                      }
                    ]
                  }
                ]
              }
            ]
          }
        ]
      }
    ]
  },
  "Planning Time": 0.579,
  "Triggers": [],
  "Execution Time": 486.051
}