{
  "Plan": {
    "Node Type": "Aggregate",
    "Strategy": "Plain",
    "Partial Mode": "Finalize",
    "Parallel Aware": false,
    "Startup Cost": 241892.2,
    "Total Cost": 241892.21,
    "Plan Rows": 1,
    "Plan Width": 8,
    "Actual Startup Time": 1264.28,
    "Actual Total Time": 1287.882,
    "Actual Rows": 1,
    "Actual Loops": 1,
    "Plans": [
      {
        "Node Type": "Gather",
        "Parent Relationship": "Outer",
        "Parallel Aware": false,
        "Startup Cost": 241892.09,
        "Total Cost": 241892.2,
        "Plan Rows": 1,
        "Plan Width": 8,
        "Actual Startup Time": 1263.034,
        "Actual Total Time": 1287.876,
        "Actual Rows": 2,
        "Actual Loops": 1,
        "Workers Planned": 1,
        "Workers Launched": 1,
        "Single Copy": false,
        "Plans": [
          {
            "Node Type": "Aggregate",
            "Strategy": "Plain",
            "Partial Mode": "Partial",
            "Parent Relationship": "Outer",
            "Parallel Aware": false,
            "Startup Cost": 240892.09,
            "Total Cost": 240892.1,
            "Plan Rows": 1,
            "Plan Width": 8,
            "Actual Startup Time": 1253.97,
            "Actual Total Time": 1253.977,
            "Actual Rows": 1,
            "Actual Loops": 2,
            "Plans": [
              {
                "Node Type": "Merge Join",
                "Parent Relationship": "Outer",
                "Parallel Aware": false,
                "Join Type": "Inner",
                "Startup Cost": 236867.86,
                "Total Cost": 240778.05,
                "Plan Rows": 45615,
                "Plan Width": 0,
                "Actual Startup Time": 982.666,
                "Actual Total Time": 1211.107,
                "Actual Rows": 1149742,
                "Actual Loops": 2,
                "Inner Unique": false,
                "Merge Cond": "(t.id = mc.movie_id)",
                "Plans": [
                  {
                    "Node Type": "Sort",
                    "Parent Relationship": "Outer",
                    "Parallel Aware": false,
                    "Startup Cost": 150521.04,
                    "Total Cost": 151225.31,
                    "Plan Rows": 281708,
                    "Plan Width": 8,
                    "Actual Startup Time": 675.146,
                    "Actual Total Time": 695.812,
                    "Actual Rows": 531990,
                    "Actual Loops": 2,
                    "Sort Key": [
                      "mk.movie_id"
                    ],
                    "Sort Method": "quicksort",
                    "Sort Space Used": 49932,
                    "Sort Space Type": "Memory",
                    "Workers": [
                      {
                        "Worker Number": 0,
                        "Sort Method": "quicksort",
                        "Sort Space Used": 36808,
                        "Sort Space Type": "Memory"
                      }
                    ],
                    "Plans": [
                      {
                        "Node Type": "Hash Join",
                        "Parent Relationship": "Outer",
                        "Parallel Aware": true,
                        "Join Type": "Inner",
                        "Startup Cost": 65351.52,
                        "Total Cost": 125021.05,
                        "Plan Rows": 281708,
                        "Plan Width": 8,
                        "Actual Startup Time": 273.368,
                        "Actual Total Time": 569.199,
                        "Actual Rows": 531993,
                        "Actual Loops": 2,
                        "Inner Unique": true,
                        "Hash Cond": "(mk.movie_id = t.id)",
                        "Plans": [
                          {
                            "Node Type": "Seq Scan",
                            "Parent Relationship": "Outer",
                            "Parallel Aware": true,
                            "Relation Name": "movie_keyword",
                            "Alias": "mk",
                            "Startup Cost": 0.0,
                            "Total Cost": 57718.19,
                            "Plan Rows": 743369,
                            "Plan Width": 4,
                            "Actual Startup Time": 1.557,
                            "Actual Total Time": 171.941,
                            "Actual Rows": 634669,
                            "Actual Loops": 2,
                            "Filter": "(keyword_id > 14033)",
                            "Rows Removed by Filter": 1627296
                          },
                          {
                            "Node Type": "Hash",
                            "Parent Relationship": "Inner",
                            "Parallel Aware": true,
                            "Startup Cost": 58306.47,
                            "Total Cost": 58306.47,
                            "Plan Rows": 563604,
                            "Plan Width": 4,
                            "Actual Startup Time": 262.583,
                            "Actual Total Time": 262.584,
                            "Actual Rows": 480996,
                            "Actual Loops": 2,
                            "Hash Buckets": 1048576,
                            "Original Hash Buckets": 1048576,
                            "Hash Batches": 1,
                            "Original Hash Batches": 1,
                            "Peak Memory Usage": 45856,
                            "Plans": [
                              {
                                "Node Type": "Seq Scan",
                                "Parent Relationship": "Outer",
                                "Parallel Aware": true,
                                "Relation Name": "title",
                                "Alias": "t",
                                "Startup Cost": 0.0,
                                "Total Cost": 58306.47,
                                "Plan Rows": 563604,
                                "Plan Width": 4,
                                "Actual Startup Time": 0.045,
                                "Actual Total Time": 155.918,
                                "Actual Rows": 480996,
                                "Actual Loops": 2,
                                "Filter": "((kind_id < 7) AND (production_year > 1905))",
                                "Rows Removed by Filter": 783160
                              }
                            ]
                          }
                        ]
                      }
                    ]
                  },
                  {
                    "Node Type": "Sort",
                    "Parent Relationship": "Inner",
                    "Parallel Aware": false,
                    "Startup Cost": 86346.8,
                    "Total Cost": 87370.27,
                    "Plan Rows": 409391,
                    "Plan Width": 4,
                    "Actual Startup Time": 305.657,
                    "Actual Total Time": 360.637,
                    "Actual Rows": 1642822,
                    "Actual Loops": 2,
                    "Sort Key": [
                      "mc.movie_id"
                    ],
                    "Sort Method": "quicksort",
                    "Sort Space Used": 52067,
                    "Sort Space Type": "Memory",
                    "Workers": [
                      {
                        "Worker Number": 0,
                        "Sort Method": "quicksort",
                        "Sort Space Used": 52067,
                        "Sort Space Type": "Memory"
                      }
                    ],
                    "Plans": [
                      {
                        "Node Type": "Index Scan",
                        "Parent Relationship": "Outer",
                        "Parallel Aware": false,
                        "Scan Direction": "Forward",
                        "Index Name": "company_type_id_movie_companies",
                        "Relation Name": "movie_companies",
                        "Alias": "mc",
                        "Startup Cost": 0.43,
                        "Total Cost": 48185.17,
                        "Plan Rows": 409391,
                        "Plan Width": 4,
                        "Actual Startup Time": 0.054,
                        "Actual Total Time": 189.624,
                        "Actual Rows": 586473,
                        "Actual Loops": 2,
                        "Index Cond": "(company_type_id < 2)",
                        "Rows Removed by Index Recheck": 0,
                        "Filter": "(company_id < 2042)",
                        "Rows Removed by Filter": 687773
                      }
                    ]
                  }
                ]
              }
            ]
          }
        ]
      }
    ]
  },
  "Planning Time": 1.098,
  "Triggers": [],
  "Execution Time": 1294.264
}