[
  {
    "Plan": {
      "Node Type": "Aggregate",
      "Strategy": "Plain",
      "Partial Mode": "Finalize",
      "Parallel Aware": false,
      "Startup Cost": 98073.15,
      "Total Cost": 98073.16,
      "Plan Rows": 1,
      "Plan Width": 8,
      "Actual Startup Time": 673.797,
      "Actual Total Time": 689.997,
      "Actual Rows": 1,
      "Actual Loops": 1,
      "Plans": [
        {
          "Node Type": "Gather",
          "Parent Relationship": "Outer",
          "Parallel Aware": false,
          "Startup Cost": 98072.83,
          "Total Cost": 98073.14,
          "Plan Rows": 3,
          "Plan Width": 8,
          "Actual Startup Time": 661.547,
          "Actual Total Time": 689.985,
          "Actual Rows": 4,
          "Actual Loops": 1,
          "Workers Planned": 3,
          "Workers Launched": 3,
          "Single Copy": false,
          "Plans": [
            {
              "Node Type": "Aggregate",
              "Strategy": "Plain",
              "Partial Mode": "Partial",
              "Parent Relationship": "Outer",
              "Parallel Aware": false,
              "Startup Cost": 97072.83,
              "Total Cost": 97072.84,
              "Plan Rows": 1,
              "Plan Width": 8,
              "Actual Startup Time": 642.387,
              "Actual Total Time": 642.393,
              "Actual Rows": 1,
              "Actual Loops": 4,
              "Plans": [
                {
                  "Node Type": "Hash Join",
                  "Parent Relationship": "Outer",
                  "Parallel Aware": true,
                  "Join Type": "Inner",
                  "Startup Cost": 50942.37,
                  "Total Cost": 93820.45,
                  "Plan Rows": 1300954,
                  "Plan Width": 0,
                  "Actual Startup Time": 330.962,
                  "Actual Total Time": 603.508,
                  "Actual Rows": 958825,
                  "Actual Loops": 4,
                  "Inner Unique": true,
                  "Hash Cond": "(mk.movie_id = t.id)",
                  "Plans": [
                    {
                      "Node Type": "Seq Scan",
                      "Parent Relationship": "Outer",
                      "Parallel Aware": true,
                      "Relation Name": "movie_keyword",
                      "Alias": "mk",
                      "Startup Cost": 0.0,
                      "Total Cost": 39047.32,
                      "Plan Rows": 1459332,
                      "Plan Width": 4,
                      "Actual Startup Time": 0.026,
                      "Actual Total Time": 93.395,
                      "Actual Rows": 1130982,
                      "Actual Loops": 4
                    },
                    {
                      "Node Type": "Hash",
                      "Parent Relationship": "Inner",
                      "Parallel Aware": true,
                      "Startup Cost": 43898.92,
                      "Total Cost": 43898.92,
                      "Plan Rows": 563476,
                      "Plan Width": 4,
                      "Actual Startup Time": 319.221,
                      "Actual Total Time": 319.224,
                      "Actual Rows": 561148,
                      "Actual Loops": 4,
                      "Hash Buckets": 4194304,
                      "Original Hash Buckets": 4194304,
                      "Hash Batches": 1,
                      "Original Hash Batches": 1,
                      "Peak Memory Usage": 120640,
                      "Plans": [
                        {
                          "Node Type": "Seq Scan",
                          "Parent Relationship": "Outer",
                          "Parallel Aware": true,
                          "Relation Name": "title",
                          "Alias": "t",
                          "Startup Cost": 0.0,
                          "Total Cost": 43898.92,
                          "Plan Rows": 563476,
                          "Plan Width": 4,
                          "Actual Startup Time": 0.035,
                          "Actual Total Time": 109.407,
                          "Actual Rows": 561148,
                          "Actual Loops": 4,
                          "Filter": "(production_year > 1956)",
                          "Rows Removed by Filter": 70930
                        }
                      ]
                    }
                  ]
                }
              ]
            }
          ]
        }
      ]
    },
    "Planning Time": 0.468,
    "Triggers": [],
    "Execution Time": 690.058
  }
]