[
  {
    "Plan": {
      "Node Type": "Aggregate",
      "Strategy": "Plain",
      "Partial Mode": "Finalize",
      "Parallel Aware": false,
      "Startup Cost": 665449.7,
      "Total Cost": 665449.71,
      "Plan Rows": 1,
      "Plan Width": 8,
      "Actual Startup Time": 4649.456,
      "Actual Total Time": 4733.605,
      "Actual Rows": 1,
      "Actual Loops": 1,
      "Plans": [
        {
          "Node Type": "Gather",
          "Parent Relationship": "Outer",
          "Parallel Aware": false,
          "Startup Cost": 665449.07,
          "Total Cost": 665449.68,
          "Plan Rows": 6,
          "Plan Width": 8,
          "Actual Startup Time": 4614.779,
          "Actual Total Time": 4733.514,
          "Actual Rows": 7,
          "Actual Loops": 1,
          "Workers Planned": 6,
          "Workers Launched": 6,
          "Single Copy": false,
          "Plans": [
            {
              "Node Type": "Aggregate",
              "Strategy": "Plain",
              "Partial Mode": "Partial",
              "Parent Relationship": "Outer",
              "Parallel Aware": false,
              "Startup Cost": 664449.07,
              "Total Cost": 664449.08,
              "Plan Rows": 1,
              "Plan Width": 8,
              "Actual Startup Time": 4568.937,
              "Actual Total Time": 4569.814,
              "Actual Rows": 1,
              "Actual Loops": 7,
              "Plans": [
                {
                  "Node Type": "Hash Join",
                  "Parent Relationship": "Outer",
                  "Parallel Aware": true,
                  "Join Type": "Inner",
                  "Startup Cost": 274869.75,
                  "Total Cost": 645109.67,
                  "Plan Rows": 7735759,
                  "Plan Width": 0,
                  "Actual Startup Time": 1916.115,
                  "Actual Total Time": 4250.018,
                  "Actual Rows": 7388282,
                  "Actual Loops": 7,
                  "Inner Unique": false,
                  "Hash Cond": "(ci.movie_id = t.id)",
                  "Plans": [
                    {
                      "Node Type": "Seq Scan",
                      "Parent Relationship": "Outer",
                      "Parallel Aware": true,
                      "Relation Name": "cast_info",
                      "Alias": "ci",
                      "Startup Cost": 0.0,
                      "Total Cost": 343257.03,
                      "Plan Rows": 2302276,
                      "Plan Width": 4,
                      "Actual Startup Time": 218.651,
                      "Actual Total Time": 638.823,
                      "Actual Rows": 1677495,
                      "Actual Loops": 7,
                      "Filter": "((person_id > 1884503) AND (role_id < 8))",
                      "Rows Removed by Filter": 3500269
                    },
                    {
                      "Node Type": "Hash",
                      "Parent Relationship": "Inner",
                      "Parallel Aware": true,
                      "Startup Cost": 253631.79,
                      "Total Cost": 253631.79,
                      "Plan Rows": 1699037,
                      "Plan Width": 8,
                      "Actual Startup Time": 1681.191,
                      "Actual Total Time": 1682.066,
                      "Actual Rows": 1230318,
                      "Actual Loops": 7,
                      "Hash Buckets": 16777216,
                      "Original Hash Buckets": 16777216,
                      "Hash Batches": 1,
                      "Original Hash Batches": 1,
                      "Peak Memory Usage": 468096,
                      "Plans": [
                        {
                          "Node Type": "Hash Join",
                          "Parent Relationship": "Outer",
                          "Parallel Aware": true,
                          "Join Type": "Inner",
                          "Startup Cost": 50219.64,
                          "Total Cost": 253631.79,
                          "Plan Rows": 1699037,
                          "Plan Width": 8,
                          "Actual Startup Time": 267.98,
                          "Actual Total Time": 1051.539,
                          "Actual Rows": 1230318,
                          "Actual Loops": 7,
                          "Inner Unique": true,
                          "Hash Cond": "(mi.movie_id = t.id)",
                          "Plans": [
                            {
                              "Node Type": "Seq Scan",
                              "Parent Relationship": "Outer",
                              "Parallel Aware": true,
                              "Relation Name": "movie_info",
                              "Alias": "mi",
                              "Startup Cost": 0.0,
                              "Total Cost": 198952.16,
                              "Plan Rows": 1699037,
                              "Plan Width": 4,
                              "Actual Startup Time": 0.035,
                              "Actual Total Time": 314.374,
                              "Actual Rows": 1230318,
                              "Actual Loops": 7,
                              "Filter": "(info_type_id < 9)",
                              "Rows Removed by Filter": 889071
                            },
                            {
                              "Node Type": "Hash",
                              "Parent Relationship": "Inner",
                              "Parallel Aware": true,
                              "Startup Cost": 42318.73,
                              "Total Cost": 42318.73,
                              "Plan Rows": 632073,
                              "Plan Width": 4,
                              "Actual Startup Time": 264.035,
                              "Actual Total Time": 264.037,
                              "Actual Rows": 361187,
                              "Actual Loops": 7,
                              "Hash Buckets": 4194304,
                              "Original Hash Buckets": 4194304,
                              "Hash Batches": 1,
                              "Original Hash Batches": 1,
                              "Peak Memory Usage": 131840,
                              "Plans": [
                                {
                                  "Node Type": "Seq Scan",
                                  "Parent Relationship": "Outer",
                                  "Parallel Aware": true,
                                  "Relation Name": "title",
                                  "Alias": "t",
                                  "Startup Cost": 0.0,
                                  "Total Cost": 42318.73,
                                  "Plan Rows": 632073,
                                  "Plan Width": 4,
                                  "Actual Startup Time": 0.051,
                                  "Actual Total Time": 70.99,
                                  "Actual Rows": 361187,
                                  "Actual Loops": 7
                                }
                              ]
                            }
                          ]
                        }
                      ]
                    }
                  ]
                }
              ]
            }
          ]
        }
      ]
    },
    "Planning Time": 1.353,
    "Triggers": [],
    "Execution Time": 4733.7
  }
]