[
    {
        "Bao": {
            "Bao prediction": 506.442,
            "Bao recommended hint": "SET enable_nestloop TO off; "
        }
    },
    {
        "Plan": {
            "Node Type": "Aggregate",
            "Strategy": "Plain",
            "Partial Mode": "Finalize",
            "Parallel Aware": false,
            "Startup Cost": 164568.18,
            "Total Cost": 164568.19,
            "Plan Rows": 1,
            "Plan Width": 8,
            "Actual Startup Time": 661.531,
            "Actual Total Time": 674.345,
            "Actual Rows": 1,
            "Actual Loops": 1,
            "Output": [
                "count(*)"
            ],
            "Plans": [
                {
                    "Node Type": "Gather",
                    "Parent Relationship": "Outer",
                    "Parallel Aware": false,
                    "Startup Cost": 164567.76,
                    "Total Cost": 164568.17,
                    "Plan Rows": 4,
                    "Plan Width": 8,
                    "Actual Startup Time": 656.578,
                    "Actual Total Time": 674.326,
                    "Actual Rows": 5,
                    "Actual Loops": 1,
                    "Output": [
                        "(PARTIAL count(*))"
                    ],
                    "Workers Planned": 4,
                    "Workers Launched": 4,
                    "Single Copy": false,
                    "Plans": [
                        {
                            "Node Type": "Aggregate",
                            "Strategy": "Plain",
                            "Partial Mode": "Partial",
                            "Parent Relationship": "Outer",
                            "Parallel Aware": false,
                            "Startup Cost": 163567.76,
                            "Total Cost": 163567.77,
                            "Plan Rows": 1,
                            "Plan Width": 8,
                            "Actual Startup Time": 646.941,
                            "Actual Total Time": 646.946,
                            "Actual Rows": 1,
                            "Actual Loops": 5,
                            "Output": [
                                "PARTIAL count(*)"
                            ],
                            "Workers": [
                                {
                                    "Worker Number": 0,
                                    "Actual Startup Time": 644.234,
                                    "Actual Total Time": 644.239,
                                    "Actual Rows": 1,
                                    "Actual Loops": 1
                                },
                                {
                                    "Worker Number": 1,
                                    "Actual Startup Time": 644.849,
                                    "Actual Total Time": 644.853,
                                    "Actual Rows": 1,
                                    "Actual Loops": 1
                                },
                                {
                                    "Worker Number": 2,
                                    "Actual Startup Time": 644.823,
                                    "Actual Total Time": 644.828,
                                    "Actual Rows": 1,
                                    "Actual Loops": 1
                                },
                                {
                                    "Worker Number": 3,
                                    "Actual Startup Time": 645.242,
                                    "Actual Total Time": 645.247,
                                    "Actual Rows": 1,
                                    "Actual Loops": 1
                                }
                            ],
                            "Plans": [
                                {
                                    "Node Type": "Hash Join",
                                    "Parent Relationship": "Outer",
                                    "Parallel Aware": true,
                                    "Join Type": "Inner",
                                    "Startup Cost": 118878.22,
                                    "Total Cost": 163567.62,
                                    "Plan Rows": 56,
                                    "Plan Width": 0,
                                    "Actual Startup Time": 500.941,
                                    "Actual Total Time": 646.886,
                                    "Actual Rows": 457,
                                    "Actual Loops": 5,
                                    "Inner Unique": false,
                                    "Hash Cond": "(t.id = ci.movie_id)",
                                    "Workers": [
                                        {
                                            "Worker Number": 0,
                                            "Actual Startup Time": 495.516,
                                            "Actual Total Time": 644.184,
                                            "Actual Rows": 375,
                                            "Actual Loops": 1
                                        },
                                        {
                                            "Worker Number": 1,
                                            "Actual Startup Time": 501.89,
                                            "Actual Total Time": 644.798,
                                            "Actual Rows": 376,
                                            "Actual Loops": 1
                                        },
                                        {
                                            "Worker Number": 2,
                                            "Actual Startup Time": 499.427,
                                            "Actual Total Time": 644.761,
                                            "Actual Rows": 481,
                                            "Actual Loops": 1
                                        },
                                        {
                                            "Worker Number": 3,
                                            "Actual Startup Time": 500.275,
                                            "Actual Total Time": 645.184,
                                            "Actual Rows": 467,
                                            "Actual Loops": 1
                                        }
                                    ],
                                    "Plans": [
                                        {
                                            "Node Type": "Seq Scan",
                                            "Parent Relationship": "Outer",
                                            "Parallel Aware": true,
                                            "Relation Name": "title",
                                            "Schema": "public",
                                            "Alias": "t",
                                            "Startup Cost": 0.0,
                                            "Total Cost": 42318.81,
                                            "Plan Rows": 632080,
                                            "Plan Width": 4,
                                            "Actual Startup Time": 0.014,
                                            "Actual Total Time": 73.72,
                                            "Actual Rows": 505662,
                                            "Actual Loops": 5,
                                            "Output": [
                                                "t.id",
                                                "t.title",
                                                "t.imdb_index",
                                                "t.kind_id",
                                                "t.production_year",
                                                "t.imdb_id",
                                                "t.phonetic_code",
                                                "t.episode_of_id",
                                                "t.season_nr",
                                                "t.episode_nr",
                                                "t.series_years",
                                                "t.md5sum"
                                            ],
                                            "Workers": [
                                                {
                                                    "Worker Number": 0,
                                                    "Actual Startup Time": 0.013,
                                                    "Actual Total Time": 76.255,
                                                    "Actual Rows": 480661,
                                                    "Actual Loops": 1
                                                },
                                                {
                                                    "Worker Number": 1,
                                                    "Actual Startup Time": 0.012,
                                                    "Actual Total Time": 76.082,
                                                    "Actual Rows": 481776,
                                                    "Actual Loops": 1
                                                },
                                                {
                                                    "Worker Number": 2,
                                                    "Actual Startup Time": 0.02,
                                                    "Actual Total Time": 76.251,
                                                    "Actual Rows": 479874,
                                                    "Actual Loops": 1
                                                },
                                                {
                                                    "Worker Number": 3,
                                                    "Actual Startup Time": 0.015,
                                                    "Actual Total Time": 76.16,
                                                    "Actual Rows": 481432,
                                                    "Actual Loops": 1
                                                }
                                            ]
                                        },
                                        {
                                            "Node Type": "Hash",
                                            "Parent Relationship": "Inner",
                                            "Parallel Aware": true,
                                            "Startup Cost": 118876.72,
                                            "Total Cost": 118876.72,
                                            "Plan Rows": 120,
                                            "Plan Width": 8,
                                            "Actual Startup Time": 495.8,
                                            "Actual Total Time": 495.803,
                                            "Actual Rows": 457,
                                            "Actual Loops": 5,
                                            "Output": [
                                                "ci.movie_id",
                                                "mk.movie_id"
                                            ],
                                            "Hash Buckets": 1024,
                                            "Original Hash Buckets": 1024,
                                            "Hash Batches": 1,
                                            "Original Hash Batches": 1,
                                            "Peak Memory Usage": 168,
                                            "Workers": [
                                                {
                                                    "Worker Number": 0,
                                                    "Actual Startup Time": 493.666,
                                                    "Actual Total Time": 493.669,
                                                    "Actual Rows": 405,
                                                    "Actual Loops": 1
                                                },
                                                {
                                                    "Worker Number": 1,
                                                    "Actual Startup Time": 494.27,
                                                    "Actual Total Time": 494.273,
                                                    "Actual Rows": 499,
                                                    "Actual Loops": 1
                                                },
                                                {
                                                    "Worker Number": 2,
                                                    "Actual Startup Time": 494.153,
                                                    "Actual Total Time": 494.156,
                                                    "Actual Rows": 431,
                                                    "Actual Loops": 1
                                                },
                                                {
                                                    "Worker Number": 3,
                                                    "Actual Startup Time": 494.681,
                                                    "Actual Total Time": 494.684,
                                                    "Actual Rows": 525,
                                                    "Actual Loops": 1
                                                }
                                            ],
                                            "Plans": [
                                                {
                                                    "Node Type": "Merge Join",
                                                    "Parent Relationship": "Outer",
                                                    "Parallel Aware": false,
                                                    "Join Type": "Inner",
                                                    "Startup Cost": 116562.23,
                                                    "Total Cost": 118876.72,
                                                    "Plan Rows": 120,
                                                    "Plan Width": 8,
                                                    "Actual Startup Time": 390.72,
                                                    "Actual Total Time": 492.357,
                                                    "Actual Rows": 457,
                                                    "Actual Loops": 5,
                                                    "Output": [
                                                        "ci.movie_id",
                                                        "mk.movie_id"
                                                    ],
                                                    "Inner Unique": false,
                                                    "Merge Cond": "(ci.movie_id = mk.movie_id)",
                                                    "Workers": [
                                                        {
                                                            "Worker Number": 0,
                                                            "Actual Startup Time": 386.316,
                                                            "Actual Total Time": 488.176,
                                                            "Actual Rows": 405,
                                                            "Actual Loops": 1
                                                        },
                                                        {
                                                            "Worker Number": 1,
                                                            "Actual Startup Time": 392.79,
                                                            "Actual Total Time": 493.675,
                                                            "Actual Rows": 499,
                                                            "Actual Loops": 1
                                                        },
                                                        {
                                                            "Worker Number": 2,
                                                            "Actual Startup Time": 390.045,
                                                            "Actual Total Time": 493.91,
                                                            "Actual Rows": 431,
                                                            "Actual Loops": 1
                                                        },
                                                        {
                                                            "Worker Number": 3,
                                                            "Actual Startup Time": 390.978,
                                                            "Actual Total Time": 492.778,
                                                            "Actual Rows": 525,
                                                            "Actual Loops": 1
                                                        }
                                                    ],
                                                    "Plans": [
                                                        {
                                                            "Node Type": "Sort",
                                                            "Parent Relationship": "Outer",
                                                            "Parallel Aware": false,
                                                            "Startup Cost": 115643.31,
                                                            "Total Cost": 116799.61,
                                                            "Plan Rows": 462522,
                                                            "Plan Width": 4,
                                                            "Actual Startup Time": 383.005,
                                                            "Actual Total Time": 437.145,
                                                            "Actual Rows": 545164,
                                                            "Actual Loops": 5,
                                                            "Output": [
                                                                "ci.movie_id"
                                                            ],
                                                            "Sort Key": [
                                                                "ci.movie_id"
                                                            ],
                                                            "Sort Method": "quicksort",
                                                            "Sort Space Used": 50225,
                                                            "Sort Space Type": "Memory",
                                                            "Workers": [
                                                                {
                                                                    "Worker Number": 0,
                                                                    "Actual Startup Time": 378.195,
                                                                    "Actual Total Time": 431.767,
                                                                    "Actual Rows": 543060,
                                                                    "Actual Loops": 1
                                                                },
                                                                {
                                                                    "Worker Number": 1,
                                                                    "Actual Startup Time": 384.067,
                                                                    "Actual Total Time": 437.971,
                                                                    "Actual Rows": 543872,
                                                                    "Actual Loops": 1
                                                                },
                                                                {
                                                                    "Worker Number": 2,
                                                                    "Actual Startup Time": 382.41,
                                                                    "Actual Total Time": 437.532,
                                                                    "Actual Rows": 544584,
                                                                    "Actual Loops": 1
                                                                },
                                                                {
                                                                    "Worker Number": 3,
                                                                    "Actual Startup Time": 381.024,
                                                                    "Actual Total Time": 436.182,
                                                                    "Actual Rows": 547839,
                                                                    "Actual Loops": 1
                                                                }
                                                            ],
                                                            "Plans": [
                                                                {
                                                                    "Node Type": "Index Scan",
                                                                    "Parent Relationship": "Outer",
                                                                    "Parallel Aware": true,
                                                                    "Scan Direction": "Forward",
                                                                    "Index Name": "role_id_cast_info",
                                                                    "Relation Name": "cast_info",
                                                                    "Schema": "public",
                                                                    "Alias": "ci",
                                                                    "Startup Cost": 0.56,
                                                                    "Total Cost": 72121.93,
                                                                    "Plan Rows": 462522,
                                                                    "Plan Width": 4,
                                                                    "Actual Startup Time": 0.168,
                                                                    "Actual Total Time": 174.309,
                                                                    "Actual Rows": 545789,
                                                                    "Actual Loops": 5,
                                                                    "Output": [
                                                                        "ci.movie_id"
                                                                    ],
                                                                    "Index Cond": "(ci.role_id = 4)",
                                                                    "Rows Removed by Index Recheck": 0,
                                                                    "Filter": "(ci.person_id < 3238011)",
                                                                    "Rows Removed by Filter": 0,
                                                                    "Workers": [
                                                                        {
                                                                            "Worker Number": 0,
                                                                            "Actual Startup Time": 0.145,
                                                                            "Actual Total Time": 174.994,
                                                                            "Actual Rows": 543663,
                                                                            "Actual Loops": 1
                                                                        },
                                                                        {
                                                                            "Worker Number": 1,
                                                                            "Actual Startup Time": 0.15,
                                                                            "Actual Total Time": 176.303,
                                                                            "Actual Rows": 544447,
                                                                            "Actual Loops": 1
                                                                        },
                                                                        {
                                                                            "Worker Number": 2,
                                                                            "Actual Startup Time": 0.368,
                                                                            "Actual Total Time": 177.271,
                                                                            "Actual Rows": 545224,
                                                                            "Actual Loops": 1
                                                                        },
                                                                        {
                                                                            "Worker Number": 3,
                                                                            "Actual Startup Time": 0.117,
                                                                            "Actual Total Time": 176.907,
                                                                            "Actual Rows": 548434,
                                                                            "Actual Loops": 1
                                                                        }
                                                                    ]
                                                                }
                                                            ]
                                                        },
                                                        {
                                                            "Node Type": "Sort",
                                                            "Parent Relationship": "Inner",
                                                            "Parallel Aware": false,
                                                            "Startup Cost": 918.38,
                                                            "Total Cost": 918.99,
                                                            "Plan Rows": 244,
                                                            "Plan Width": 4,
                                                            "Actual Startup Time": 5.511,
                                                            "Actual Total Time": 5.641,
                                                            "Actual Rows": 1196,
                                                            "Actual Loops": 5,
                                                            "Output": [
                                                                "mk.movie_id"
                                                            ],
                                                            "Sort Key": [
                                                                "mk.movie_id"
                                                            ],
                                                            "Sort Method": "quicksort",
                                                            "Sort Space Used": 99,
                                                            "Sort Space Type": "Memory",
                                                            "Workers": [
                                                                {
                                                                    "Worker Number": 0,
                                                                    "Actual Startup Time": 6.89,
                                                                    "Actual Total Time": 7.024,
                                                                    "Actual Rows": 1183,
                                                                    "Actual Loops": 1
                                                                },
                                                                {
                                                                    "Worker Number": 1,
                                                                    "Actual Startup Time": 6.183,
                                                                    "Actual Total Time": 6.314,
                                                                    "Actual Rows": 1236,
                                                                    "Actual Loops": 1
                                                                },
                                                                {
                                                                    "Worker Number": 2,
                                                                    "Actual Startup Time": 6.303,
                                                                    "Actual Total Time": 6.431,
                                                                    "Actual Rows": 1183,
                                                                    "Actual Loops": 1
                                                                },
                                                                {
                                                                    "Worker Number": 3,
                                                                    "Actual Startup Time": 6.327,
                                                                    "Actual Total Time": 6.461,
                                                                    "Actual Rows": 1202,
                                                                    "Actual Loops": 1
                                                                }
                                                            ],
                                                            "Plans": [
                                                                {
                                                                    "Node Type": "Bitmap Heap Scan",
                                                                    "Parent Relationship": "Outer",
                                                                    "Parallel Aware": false,
                                                                    "Relation Name": "movie_keyword",
                                                                    "Schema": "public",
                                                                    "Alias": "mk",
                                                                    "Startup Cost": 6.32,
                                                                    "Total Cost": 908.7,
                                                                    "Plan Rows": 244,
                                                                    "Plan Width": 4,
                                                                    "Actual Startup Time": 0.442,
                                                                    "Actual Total Time": 5.092,
                                                                    "Actual Rows": 1068,
                                                                    "Actual Loops": 5,
                                                                    "Output": [
                                                                        "mk.movie_id"
                                                                    ],
                                                                    "Recheck Cond": "(mk.keyword_id = 4964)",
                                                                    "Rows Removed by Index Recheck": 0,
                                                                    "Exact Heap Blocks": 976,
                                                                    "Lossy Heap Blocks": 0,
                                                                    "Workers": [
                                                                        {
                                                                            "Worker Number": 0,
                                                                            "Actual Startup Time": 0.504,
                                                                            "Actual Total Time": 6.416,
                                                                            "Actual Rows": 1068,
                                                                            "Actual Loops": 1
                                                                        },
                                                                        {
                                                                            "Worker Number": 1,
                                                                            "Actual Startup Time": 0.464,
                                                                            "Actual Total Time": 5.71,
                                                                            "Actual Rows": 1068,
                                                                            "Actual Loops": 1
                                                                        },
                                                                        {
                                                                            "Worker Number": 2,
                                                                            "Actual Startup Time": 0.475,
                                                                            "Actual Total Time": 5.832,
                                                                            "Actual Rows": 1068,
                                                                            "Actual Loops": 1
                                                                        },
                                                                        {
                                                                            "Worker Number": 3,
                                                                            "Actual Startup Time": 0.462,
                                                                            "Actual Total Time": 5.846,
                                                                            "Actual Rows": 1068,
                                                                            "Actual Loops": 1
                                                                        }
                                                                    ],
                                                                    "Plans": [
                                                                        {
                                                                            "Node Type": "Bitmap Index Scan",
                                                                            "Parent Relationship": "Outer",
                                                                            "Parallel Aware": false,
                                                                            "Index Name": "keyword_id_movie_keyword",
                                                                            "Startup Cost": 0.0,
                                                                            "Total Cost": 6.26,
                                                                            "Plan Rows": 244,
                                                                            "Plan Width": 0,
                                                                            "Actual Startup Time": 0.279,
                                                                            "Actual Total Time": 0.279,
                                                                            "Actual Rows": 1068,
                                                                            "Actual Loops": 5,
                                                                            "Index Cond": "(mk.keyword_id = 4964)",
                                                                            "Workers": [
                                                                                {
                                                                                    "Worker Number": 0,
                                                                                    "Actual Startup Time": 0.334,
                                                                                    "Actual Total Time": 0.334,
                                                                                    "Actual Rows": 1068,
                                                                                    "Actual Loops": 1
                                                                                },
                                                                                {
                                                                                    "Worker Number": 1,
                                                                                    "Actual Startup Time": 0.3,
                                                                                    "Actual Total Time": 0.3,
                                                                                    "Actual Rows": 1068,
                                                                                    "Actual Loops": 1
                                                                                },
                                                                                {
                                                                                    "Worker Number": 2,
                                                                                    "Actual Startup Time": 0.308,
                                                                                    "Actual Total Time": 0.308,
                                                                                    "Actual Rows": 1068,
                                                                                    "Actual Loops": 1
                                                                                },
                                                                                {
                                                                                    "Worker Number": 3,
                                                                                    "Actual Startup Time": 0.291,
                                                                                    "Actual Total Time": 0.291,
                                                                                    "Actual Rows": 1068,
                                                                                    "Actual Loops": 1
                                                                                }
                                                                            ]
                                                                        }
                                                                    ]
                                                                }
                                                            ]
                                                        }
                                                    ]
                                                }
                                            ]
                                        }
                                    ]
                                }
                            ]
                        }
                    ]
                }
            ]
        },
        "Planning Time": 1517.326,
        "Triggers": [],
        "Execution Time": 678.663
    }
]