[
  {
    "Plan": {
      "Node Type": "Aggregate",
      "Strategy": "Plain",
      "Partial Mode": "Simple",
      "Parallel Aware": false,
      "Startup Cost": 4917.77,
      "Total Cost": 4917.78,
      "Plan Rows": 1,
      "Plan Width": 64,
      "Actual Startup Time": 159.292,
      "Actual Total Time": 159.299,
      "Actual Rows": 1,
      "Actual Loops": 1,
      "Plans": [
        {
          "Node Type": "Nested Loop",
          "Parent Relationship": "Outer",
          "Parallel Aware": false,
          "Join Type": "Inner",
          "Startup Cost": 12.09,
          "Total Cost": 4917.76,
          "Plan Rows": 1,
          "Plan Width": 22,
          "Actual Startup Time": 2.537,
          "Actual Total Time": 159.269,
          "Actual Rows": 23,
          "Actual Loops": 1,
          "Inner Unique": true,
          "Join Filter": "(t.kind_id = kt.id)",
          "Rows Removed by Join Filter": 100,
          "Plans": [
            {
              "Node Type": "Nested Loop",
              "Parent Relationship": "Outer",
              "Parallel Aware": false,
              "Join Type": "Inner",
              "Startup Cost": 12.09,
              "Total Cost": 4916.66,
              "Plan Rows": 1,
              "Plan Width": 26,
              "Actual Startup Time": 2.529,
              "Actual Total Time": 158.901,
              "Actual Rows": 123,
              "Actual Loops": 1,
              "Inner Unique": true,
              "Join Filter": "(mi_idx.info_type_id = it2.id)",
              "Rows Removed by Join Filter": 56,
              "Plans": [
                {
                  "Node Type": "Nested Loop",
                  "Parent Relationship": "Outer",
                  "Parallel Aware": false,
                  "Join Type": "Inner",
                  "Startup Cost": 12.09,
                  "Total Cost": 4914.24,
                  "Plan Rows": 1,
                  "Plan Width": 30,
                  "Actual Startup Time": 2.51,
                  "Actual Total Time": 157.383,
                  "Actual Rows": 179,
                  "Actual Loops": 1,
                  "Inner Unique": false,
                  "Join Filter": "(t.id = mi_idx.movie_id)",
                  "Rows Removed by Join Filter": 0,
                  "Plans": [
                    {
                      "Node Type": "Nested Loop",
                      "Parent Relationship": "Outer",
                      "Parallel Aware": false,
                      "Join Type": "Inner",
                      "Startup Cost": 11.66,
                      "Total Cost": 4913.73,
                      "Plan Rows": 1,
                      "Plan Width": 33,
                      "Actual Startup Time": 2.431,
                      "Actual Total Time": 154.712,
                      "Actual Rows": 176,
                      "Actual Loops": 1,
                      "Inner Unique": true,
                      "Join Filter": "(mi.info_type_id = it1.id)",
                      "Rows Removed by Join Filter": 195,
                      "Plans": [
                        {
                          "Node Type": "Nested Loop",
                          "Parent Relationship": "Outer",
                          "Parallel Aware": false,
                          "Join Type": "Inner",
                          "Startup Cost": 11.66,
                          "Total Cost": 4911.3,
                          "Plan Rows": 1,
                          "Plan Width": 37,
                          "Actual Startup Time": 2.418,
                          "Actual Total Time": 152.276,
                          "Actual Rows": 371,
                          "Actual Loops": 1,
                          "Inner Unique": false,
                          "Join Filter": "(t.id = mi.movie_id)",
                          "Rows Removed by Join Filter": 0,
                          "Plans": [
                            {
                              "Node Type": "Nested Loop",
                              "Parent Relationship": "Outer",
                              "Parallel Aware": false,
                              "Join Type": "Inner",
                              "Startup Cost": 11.23,
                              "Total Cost": 4909.39,
                              "Plan Rows": 1,
                              "Plan Width": 29,
                              "Actual Startup Time": 1.811,
                              "Actual Total Time": 135.322,
                              "Actual Rows": 197,
                              "Actual Loops": 1,
                              "Inner Unique": true,
                              "Plans": [
                                {
                                  "Node Type": "Nested Loop",
                                  "Parent Relationship": "Outer",
                                  "Parallel Aware": false,
                                  "Join Type": "Inner",
                                  "Startup Cost": 10.8,
                                  "Total Cost": 4876.08,
                                  "Plan Rows": 67,
                                  "Plan Width": 4,
                                  "Actual Startup Time": 1.748,
                                  "Actual Total Time": 54.098,
                                  "Actual Rows": 19529,
                                  "Actual Loops": 1,
                                  "Inner Unique": false,
                                  "Plans": [
                                    {
                                      "Node Type": "Seq Scan",
                                      "Parent Relationship": "Outer",
                                      "Parallel Aware": false,
                                      "Relation Name": "keyword",
                                      "Alias": "k",
                                      "Startup Cost": 0.0,
                                      "Total Cost": 2626.12,
                                      "Plan Rows": 2,
                                      "Plan Width": 4,
                                      "Actual Startup Time": 1.59,
                                      "Actual Total Time": 12.645,
                                      "Actual Rows": 2,
                                      "Actual Loops": 1,
                                      "Filter": "(keyword = ANY ('{murder,railway-guide}'::text[]))",
                                      "Rows Removed by Filter": 134168
                                    },
                                    {
                                      "Node Type": "Bitmap Heap Scan",
                                      "Parent Relationship": "Inner",
                                      "Parallel Aware": false,
                                      "Relation Name": "movie_keyword",
                                      "Alias": "mk",
                                      "Startup Cost": 10.8,
                                      "Total Cost": 1121.93,
                                      "Plan Rows": 305,
                                      "Plan Width": 8,
                                      "Actual Startup Time": 3.104,
                                      "Actual Total Time": 19.516,
                                      "Actual Rows": 9764,
                                      "Actual Loops": 2,
                                      "Recheck Cond": "(keyword_id = k.id)",
                                      "Rows Removed by Index Recheck": 0,
                                      "Exact Heap Blocks": 12390,
                                      "Lossy Heap Blocks": 0,
                                      "Plans": [
                                        {
                                          "Node Type": "Bitmap Index Scan",
                                          "Parent Relationship": "Outer",
                                          "Parallel Aware": false,
                                          "Index Name": "keyword_id_movie_keyword",
                                          "Startup Cost": 0.0,
                                          "Total Cost": 10.72,
                                          "Plan Rows": 305,
                                          "Plan Width": 0,
                                          "Actual Startup Time": 2.027,
                                          "Actual Total Time": 2.028,
                                          "Actual Rows": 9764,
                                          "Actual Loops": 2,
                                          "Index Cond": "(keyword_id = k.id)"
                                        }
                                      ]
                                    }
                                  ]
                                },
                                {
                                  "Node Type": "Index Scan",
                                  "Parent Relationship": "Inner",
                                  "Parallel Aware": false,
                                  "Scan Direction": "Forward",
                                  "Index Name": "title_pkey",
                                  "Relation Name": "title",
                                  "Alias": "t",
                                  "Startup Cost": 0.43,
                                  "Total Cost": 0.5,
                                  "Plan Rows": 1,
                                  "Plan Width": 25,
                                  "Actual Startup Time": 0.004,
                                  "Actual Total Time": 0.004,
                                  "Actual Rows": 0,
                                  "Actual Loops": 19529,
                                  "Index Cond": "(id = mk.movie_id)",
                                  "Rows Removed by Index Recheck": 0,
                                  "Filter": "((production_year > 1990) AND ((title ~~ '%murder%'::text) OR (title ~~ '%Murder%'::text) OR (title ~~ '%Mord%'::text)))",
                                  "Rows Removed by Filter": 1
                                }
                              ]
                            },
                            {
                              "Node Type": "Index Scan",
                              "Parent Relationship": "Inner",
                              "Parallel Aware": false,
                              "Scan Direction": "Forward",
                              "Index Name": "movie_id_movie_info",
                              "Relation Name": "movie_info",
                              "Alias": "mi",
                              "Startup Cost": 0.43,
                              "Total Cost": 1.86,
                              "Plan Rows": 4,
                              "Plan Width": 8,
                              "Actual Startup Time": 0.035,
                              "Actual Total Time": 0.085,
                              "Actual Rows": 2,
                              "Actual Loops": 197,
                              "Index Cond": "(movie_id = mk.movie_id)",
                              "Rows Removed by Index Recheck": 0,
                              "Filter": "(info = ANY ('{Danish,Bulgaria,Germany,America,German,USA,Sweden,English,Swedish,UK}'::text[]))",
                              "Rows Removed by Filter": 23
                            }
                          ]
                        },
                        {
                          "Node Type": "Seq Scan",
                          "Parent Relationship": "Inner",
                          "Parallel Aware": false,
                          "Relation Name": "info_type",
                          "Alias": "it1",
                          "Startup Cost": 0.0,
                          "Total Cost": 2.41,
                          "Plan Rows": 1,
                          "Plan Width": 4,
                          "Actual Startup Time": 0.003,
                          "Actual Total Time": 0.005,
                          "Actual Rows": 1,
                          "Actual Loops": 371,
                          "Filter": "((info)::text = 'countries'::text)",
                          "Rows Removed by Filter": 62
                        }
                      ]
                    },
                    {
                      "Node Type": "Index Scan",
                      "Parent Relationship": "Inner",
                      "Parallel Aware": false,
                      "Scan Direction": "Forward",
                      "Index Name": "movie_id_movie_info_idx",
                      "Relation Name": "movie_info_idx",
                      "Alias": "mi_idx",
                      "Startup Cost": 0.43,
                      "Total Cost": 0.5,
                      "Plan Rows": 1,
                      "Plan Width": 13,
                      "Actual Startup Time": 0.014,
                      "Actual Total Time": 0.014,
                      "Actual Rows": 1,
                      "Actual Loops": 176,
                      "Index Cond": "(movie_id = mk.movie_id)",
                      "Rows Removed by Index Recheck": 0,
                      "Filter": "(info > '5'::text)",
                      "Rows Removed by Filter": 2
                    }
                  ]
                },
                {
                  "Node Type": "Seq Scan",
                  "Parent Relationship": "Inner",
                  "Parallel Aware": false,
                  "Relation Name": "info_type",
                  "Alias": "it2",
                  "Startup Cost": 0.0,
                  "Total Cost": 2.41,
                  "Plan Rows": 1,
                  "Plan Width": 4,
                  "Actual Startup Time": 0.007,
                  "Actual Total Time": 0.007,
                  "Actual Rows": 1,
                  "Actual Loops": 179,
                  "Filter": "((info)::text = 'rating'::text)",
                  "Rows Removed by Filter": 104
                }
              ]
            },
            {
              "Node Type": "Seq Scan",
              "Parent Relationship": "Inner",
              "Parallel Aware": false,
              "Relation Name": "kind_type",
              "Alias": "kt",
              "Startup Cost": 0.0,
              "Total Cost": 1.09,
              "Plan Rows": 1,
              "Plan Width": 4,
              "Actual Startup Time": 0.001,
              "Actual Total Time": 0.001,
              "Actual Rows": 1,
              "Actual Loops": 123,
              "Filter": "((kind)::text = 'episode'::text)",
              "Rows Removed by Filter": 6
            }
          ]
        }
      ]
    },
    "Planning Time": 15.997,
    "Triggers": [],
    "Execution Time": 159.773
  }
]