[
  {
    "Plan": {
      "Node Type": "Aggregate",
      "Strategy": "Plain",
      "Partial Mode": "Finalize",
      "Parallel Aware": false,
      "Startup Cost": 341535.18,
      "Total Cost": 341535.19,
      "Plan Rows": 1,
      "Plan Width": 8,
      "Actual Startup Time": 819.339,
      "Actual Total Time": 877.802,
      "Actual Rows": 1,
      "Actual Loops": 1,
      "Plans": [
        {
          "Node Type": "Gather",
          "Parent Relationship": "Outer",
          "Parallel Aware": false,
          "Startup Cost": 341534.55,
          "Total Cost": 341535.16,
          "Plan Rows": 6,
          "Plan Width": 8,
          "Actual Startup Time": 819.213,
          "Actual Total Time": 877.792,
          "Actual Rows": 7,
          "Actual Loops": 1,
          "Workers Planned": 6,
          "Workers Launched": 6,
          "Single Copy": false,
          "Plans": [
            {
              "Node Type": "Aggregate",
              "Strategy": "Plain",
              "Partial Mode": "Partial",
              "Parent Relationship": "Outer",
              "Parallel Aware": false,
              "Startup Cost": 340534.55,
              "Total Cost": 340534.56,
              "Plan Rows": 1,
              "Plan Width": 8,
              "Actual Startup Time": 812.039,
              "Actual Total Time": 812.04,
              "Actual Rows": 1,
              "Actual Loops": 7,
              "Plans": [
                {
                  "Node Type": "Seq Scan",
                  "Parent Relationship": "Outer",
                  "Parallel Aware": true,
                  "Relation Name": "cast_info",
                  "Alias": "ci",
                  "Startup Cost": 0.0,
                  "Total Cost": 328162.03,
                  "Plan Rows": 4949010,
                  "Plan Width": 0,
                  "Actual Startup Time": 0.039,
                  "Actual Total Time": 621.397,
                  "Actual Rows": 4268921,
                  "Actual Loops": 7,
                  "Filter": "(person_id < 3017687)",
                  "Rows Removed by Filter": 908842
                }
              ]
            }
          ]
        }
      ]
    },
    "Planning Time": 0.187,
    "Triggers": [],
    "Execution Time": 877.874
  }
]