[
  {
    "Plan": {
      "Node Type": "Aggregate",
      "Strategy": "Plain",
      "Partial Mode": "Finalize",
      "Parallel Aware": false,
      "Startup Cost": 128671.53,
      "Total Cost": 128671.54,
      "Plan Rows": 1,
      "Plan Width": 8,
      "Actual Startup Time": 750.432,
      "Actual Total Time": 774.176,
      "Actual Rows": 1,
      "Actual Loops": 1,
      "Plans": [
        {
          "Node Type": "Gather",
          "Parent Relationship": "Outer",
          "Parallel Aware": false,
          "Startup Cost": 128671.22,
          "Total Cost": 128671.53,
          "Plan Rows": 3,
          "Plan Width": 8,
          "Actual Startup Time": 742.355,
          "Actual Total Time": 774.161,
          "Actual Rows": 4,
          "Actual Loops": 1,
          "Workers Planned": 3,
          "Workers Launched": 3,
          "Single Copy": false,
          "Plans": [
            {
              "Node Type": "Aggregate",
              "Strategy": "Plain",
              "Partial Mode": "Partial",
              "Parent Relationship": "Outer",
              "Parallel Aware": false,
              "Startup Cost": 127671.22,
              "Total Cost": 127671.23,
              "Plan Rows": 1,
              "Plan Width": 8,
              "Actual Startup Time": 734.703,
              "Actual Total Time": 735.944,
              "Actual Rows": 1,
              "Actual Loops": 4,
              "Plans": [
                {
                  "Node Type": "Hash Join",
                  "Parent Relationship": "Outer",
                  "Parallel Aware": true,
                  "Join Type": "Inner",
                  "Startup Cost": 83404.53,
                  "Total Cost": 127508.71,
                  "Plan Rows": 65004,
                  "Plan Width": 0,
                  "Actual Startup Time": 574.44,
                  "Actual Total Time": 725.449,
                  "Actual Rows": 225730,
                  "Actual Loops": 4,
                  "Inner Unique": false,
                  "Hash Cond": "(mk.movie_id = t.id)",
                  "Plans": [
                    {
                      "Node Type": "Seq Scan",
                      "Parent Relationship": "Outer",
                      "Parallel Aware": true,
                      "Relation Name": "movie_keyword",
                      "Alias": "mk",
                      "Startup Cost": 0.0,
                      "Total Cost": 42695.65,
                      "Plan Rows": 319690,
                      "Plan Width": 4,
                      "Actual Startup Time": 1.31,
                      "Actual Total Time": 94.64,
                      "Actual Rows": 247648,
                      "Actual Loops": 4,
                      "Filter": "(keyword_id > 18688)",
                      "Rows Removed by Filter": 883334
                    },
                    {
                      "Node Type": "Hash",
                      "Parent Relationship": "Inner",
                      "Parallel Aware": true,
                      "Startup Cost": 81331.48,
                      "Total Cost": 81331.48,
                      "Plan Rows": 165844,
                      "Plan Width": 8,
                      "Actual Startup Time": 570.973,
                      "Actual Total Time": 572.213,
                      "Actual Rows": 130553,
                      "Actual Loops": 4,
                      "Hash Buckets": 524288,
                      "Original Hash Buckets": 524288,
                      "Hash Batches": 1,
                      "Original Hash Batches": 1,
                      "Peak Memory Usage": 24576,
                      "Plans": [
                        {
                          "Node Type": "Hash Join",
                          "Parent Relationship": "Outer",
                          "Parallel Aware": true,
                          "Join Type": "Inner",
                          "Startup Cost": 51572.51,
                          "Total Cost": 81331.48,
                          "Plan Rows": 165844,
                          "Plan Width": 8,
                          "Actual Startup Time": 392.084,
                          "Actual Total Time": 529.474,
                          "Actual Rows": 130553,
                          "Actual Loops": 4,
                          "Inner Unique": true,
                          "Hash Cond": "(mc.movie_id = t.id)",
                          "Plans": [
                            {
                              "Node Type": "Seq Scan",
                              "Parent Relationship": "Outer",
                              "Parallel Aware": true,
                              "Relation Name": "movie_companies",
                              "Alias": "mc",
                              "Startup Cost": 0.0,
                              "Total Cost": 29310.68,
                              "Plan Rows": 170775,
                              "Plan Width": 4,
                              "Actual Startup Time": 0.024,
                              "Actual Total Time": 66.644,
                              "Actual Rows": 130934,
                              "Actual Loops": 4,
                              "Filter": "(company_id < 483)",
                              "Rows Removed by Filter": 521348
                            },
                            {
                              "Node Type": "Hash",
                              "Parent Relationship": "Inner",
                              "Parallel Aware": true,
                              "Startup Cost": 43899.32,
                              "Total Cost": 43899.32,
                              "Plan Rows": 613855,
                              "Plan Width": 4,
                              "Actual Startup Time": 383.355,
                              "Actual Total Time": 383.356,
                              "Actual Rows": 614054,
                              "Actual Loops": 4,
                              "Hash Buckets": 4194304,
                              "Original Hash Buckets": 4194304,
                              "Hash Batches": 1,
                              "Original Hash Batches": 1,
                              "Peak Memory Usage": 128928,
                              "Plans": [
                                {
                                  "Node Type": "Seq Scan",
                                  "Parent Relationship": "Outer",
                                  "Parallel Aware": true,
                                  "Relation Name": "title",
                                  "Alias": "t",
                                  "Startup Cost": 0.0,
                                  "Total Cost": 43899.32,
                                  "Plan Rows": 613855,
                                  "Plan Width": 4,
                                  "Actual Startup Time": 0.08,
                                  "Actual Total Time": 126.593,
                                  "Actual Rows": 614054,
                                  "Actual Loops": 4,
                                  "Filter": "(production_year > 0)",
                                  "Rows Removed by Filter": 18024
                                }
                              ]
                            }
                          ]
                        }
                      ]
                    }
                  ]
                }
              ]
            }
          ]
        }
      ]
    },
    "Planning Time": 0.763,
    "Triggers": [],
    "Execution Time": 774.221
  }
]