[
  {
    "Plan": {
      "Node Type": "Aggregate",
      "Strategy": "Plain",
      "Partial Mode": "Finalize",
      "Parallel Aware": false,
      "Startup Cost": 125633.44,
      "Total Cost": 125633.45,
      "Plan Rows": 1,
      "Plan Width": 8,
      "Actual Startup Time": 563.999,
      "Actual Total Time": 583.995,
      "Actual Rows": 1,
      "Actual Loops": 1,
      "Plans": [
        {
          "Node Type": "Gather",
          "Parent Relationship": "Outer",
          "Parallel Aware": false,
          "Startup Cost": 125633.12,
          "Total Cost": 125633.43,
          "Plan Rows": 3,
          "Plan Width": 8,
          "Actual Startup Time": 559.031,
          "Actual Total Time": 583.986,
          "Actual Rows": 4,
          "Actual Loops": 1,
          "Workers Planned": 3,
          "Workers Launched": 3,
          "Single Copy": false,
          "Plans": [
            {
              "Node Type": "Aggregate",
              "Strategy": "Plain",
              "Partial Mode": "Partial",
              "Parent Relationship": "Outer",
              "Parallel Aware": false,
              "Startup Cost": 124633.12,
              "Total Cost": 124633.13,
              "Plan Rows": 1,
              "Plan Width": 8,
              "Actual Startup Time": 550.264,
              "Actual Total Time": 550.387,
              "Actual Rows": 1,
              "Actual Loops": 4,
              "Plans": [
                {
                  "Node Type": "Hash Join",
                  "Parent Relationship": "Outer",
                  "Parallel Aware": true,
                  "Join Type": "Inner",
                  "Startup Cost": 80406.19,
                  "Total Cost": 124470.73,
                  "Plan Rows": 64957,
                  "Plan Width": 0,
                  "Actual Startup Time": 401.566,
                  "Actual Total Time": 541.215,
                  "Actual Rows": 225730,
                  "Actual Loops": 4,
                  "Inner Unique": false,
                  "Hash Cond": "(mk.movie_id = t.id)",
                  "Plans": [
                    {
                      "Node Type": "Seq Scan",
                      "Parent Relationship": "Outer",
                      "Parallel Aware": true,
                      "Relation Name": "movie_keyword",
                      "Alias": "mk",
                      "Startup Cost": 0.0,
                      "Total Cost": 42695.65,
                      "Plan Rows": 321731,
                      "Plan Width": 4,
                      "Actual Startup Time": 1.694,
                      "Actual Total Time": 91.319,
                      "Actual Rows": 247648,
                      "Actual Loops": 4,
                      "Filter": "(keyword_id > 18688)",
                      "Rows Removed by Filter": 883334
                    },
                    {
                      "Node Type": "Hash",
                      "Parent Relationship": "Inner",
                      "Parallel Aware": true,
                      "Startup Cost": 78811.01,
                      "Total Cost": 78811.01,
                      "Plan Rows": 127615,
                      "Plan Width": 8,
                      "Actual Startup Time": 396.512,
                      "Actual Total Time": 396.633,
                      "Actual Rows": 130553,
                      "Actual Loops": 4,
                      "Hash Buckets": 524288,
                      "Original Hash Buckets": 524288,
                      "Hash Batches": 1,
                      "Original Hash Batches": 1,
                      "Peak Memory Usage": 24576,
                      "Plans": [
                        {
                          "Node Type": "Hash Join",
                          "Parent Relationship": "Outer",
                          "Parallel Aware": true,
                          "Join Type": "Inner",
                          "Startup Cost": 31427.63,
                          "Total Cost": 78811.01,
                          "Plan Rows": 127615,
                          "Plan Width": 8,
                          "Actual Startup Time": 126.152,
                          "Actual Total Time": 359.922,
                          "Actual Rows": 130553,
                          "Actual Loops": 4,
                          "Inner Unique": false,
                          "Hash Cond": "(t.id = mc.movie_id)",
                          "Plans": [
                            {
                              "Node Type": "Seq Scan",
                              "Parent Relationship": "Outer",
                              "Parallel Aware": true,
                              "Relation Name": "title",
                              "Alias": "t",
                              "Startup Cost": 0.0,
                              "Total Cost": 43898.92,
                              "Plan Rows": 614560,
                              "Plan Width": 4,
                              "Actual Startup Time": 0.014,
                              "Actual Total Time": 95.634,
                              "Actual Rows": 614054,
                              "Actual Loops": 4,
                              "Filter": "(production_year > 0)",
                              "Rows Removed by Filter": 18024
                            },
                            {
                              "Node Type": "Hash",
                              "Parent Relationship": "Inner",
                              "Parallel Aware": true,
                              "Startup Cost": 29310.68,
                              "Total Cost": 29310.68,
                              "Plan Rows": 169356,
                              "Plan Width": 4,
                              "Actual Startup Time": 123.026,
                              "Actual Total Time": 123.028,
                              "Actual Rows": 130934,
                              "Actual Loops": 4,
                              "Hash Buckets": 1048576,
                              "Original Hash Buckets": 1048576,
                              "Hash Batches": 1,
                              "Original Hash Batches": 1,
                              "Peak Memory Usage": 28736,
                              "Plans": [
                                {
                                  "Node Type": "Seq Scan",
                                  "Parent Relationship": "Outer",
                                  "Parallel Aware": true,
                                  "Relation Name": "movie_companies",
                                  "Alias": "mc",
                                  "Startup Cost": 0.0,
                                  "Total Cost": 29310.68,
                                  "Plan Rows": 169356,
                                  "Plan Width": 4,
                                  "Actual Startup Time": 0.057,
                                  "Actual Total Time": 70.367,
                                  "Actual Rows": 130934,
                                  "Actual Loops": 4,
                                  "Filter": "(company_id < 483)",
                                  "Rows Removed by Filter": 521348
                                }
                              ]
                            }
                          ]
                        }
                      ]
                    }
                  ]
                }
              ]
            }
          ]
        }
      ]
    },
    "Planning Time": 1.412,
    "Triggers": [],
    "Execution Time": 584.078
  }
]