{
  "Plan": {
    "Node Type": "Aggregate",
    "Strategy": "Plain",
    "Partial Mode": "Simple",
    "Parallel Aware": false,
    "Startup Cost": 61976.77,
    "Total Cost": 61976.78,
    "Plan Rows": 1,
    "Plan Width": 64,
    "Actual Startup Time": 285.412,
    "Actual Total Time": 285.42,
    "Actual Rows": 1,
    "Actual Loops": 1,
    "Plans": [
      {
        "Node Type": "Nested Loop",
        "Parent Relationship": "Outer",
        "Parallel Aware": false,
        "Join Type": "Inner",
        "Startup Cost": 7514.94,
        "Total Cost": 61976.77,
        "Plan Rows": 1,
        "Plan Width": 23,
        "Actual Startup Time": 90.433,
        "Actual Total Time": 285.408,
        "Actual Rows": 1,
        "Actual Loops": 1,
        "Inner Unique": true,
        "Plans": [
          {
            "Node Type": "Nested Loop",
            "Parent Relationship": "Outer",
            "Parallel Aware": false,
            "Join Type": "Inner",
            "Startup Cost": 7514.79,
            "Total Cost": 61976.58,
            "Plan Rows": 1,
            "Plan Width": 27,
            "Actual Startup Time": 90.402,
            "Actual Total Time": 285.402,
            "Actual Rows": 2,
            "Actual Loops": 1,
            "Inner Unique": true,
            "Plans": [
              {
                "Node Type": "Nested Loop",
                "Parent Relationship": "Outer",
                "Parallel Aware": false,
                "Join Type": "Inner",
                "Startup Cost": 7514.65,
                "Total Cost": 61976.4,
                "Plan Rows": 1,
                "Plan Width": 31,
                "Actual Startup Time": 90.394,
                "Actual Total Time": 285.388,
                "Actual Rows": 4,
                "Actual Loops": 1,
                "Inner Unique": false,
                "Join Filter": "(t.id = mi.movie_id)",
                "Rows Removed by Join Filter": 0,
                "Plans": [
                  {
                    "Node Type": "Nested Loop",
                    "Parent Relationship": "Outer",
                    "Parallel Aware": false,
                    "Join Type": "Inner",
                    "Startup Cost": 7514.22,
                    "Total Cost": 61974.58,
                    "Plan Rows": 1,
                    "Plan Width": 39,
                    "Actual Startup Time": 90.329,
                    "Actual Total Time": 285.299,
                    "Actual Rows": 2,
                    "Actual Loops": 1,
                    "Inner Unique": true,
                    "Plans": [
                      {
                        "Node Type": "Nested Loop",
                        "Parent Relationship": "Outer",
                        "Parallel Aware": false,
                        "Join Type": "Inner",
                        "Startup Cost": 7513.8,
                        "Total Cost": 61698.76,
                        "Plan Rows": 625,
                        "Plan Width": 43,
                        "Actual Startup Time": 83.613,
                        "Actual Total Time": 283.693,
                        "Actual Rows": 754,
                        "Actual Loops": 1,
                        "Inner Unique": false,
                        "Join Filter": "(t.id = mi_idx.movie_id)",
                        "Rows Removed by Join Filter": 0,
                        "Plans": [
                          {
                            "Node Type": "Nested Loop",
                            "Parent Relationship": "Outer",
                            "Parallel Aware": false,
                            "Join Type": "Inner",
                            "Startup Cost": 7513.37,
                            "Total Cost": 60853.99,
                            "Plan Rows": 1609,
                            "Plan Width": 29,
                            "Actual Startup Time": 69.904,
                            "Actual Total Time": 282.516,
                            "Actual Rows": 659,
                            "Actual Loops": 1,
                            "Inner Unique": false,
                            "Plans": [
                              {
                                "Node Type": "Nested Loop",
                                "Parent Relationship": "Outer",
                                "Parallel Aware": false,
                                "Join Type": "Inner",
                                "Startup Cost": 7512.94,
                                "Total Cost": 53003.25,
                                "Plan Rows": 899,
                                "Plan Width": 21,
                                "Actual Startup Time": 66.828,
                                "Actual Total Time": 280.72,
                                "Actual Rows": 501,
                                "Actual Loops": 1,
                                "Inner Unique": false,
                                "Plans": [
                                  {
                                    "Node Type": "Seq Scan",
                                    "Parent Relationship": "Outer",
                                    "Parallel Aware": false,
                                    "Relation Name": "kind_type",
                                    "Alias": "kt",
                                    "Startup Cost": 0.0,
                                    "Total Cost": 1.09,
                                    "Plan Rows": 1,
                                    "Plan Width": 4,
                                    "Actual Startup Time": 0.02,
                                    "Actual Total Time": 0.023,
                                    "Actual Rows": 1,
                                    "Actual Loops": 1,
                                    "Filter": "((kind)::text = 'episode'::text)",
                                    "Rows Removed by Filter": 6
                                  },
                                  {
                                    "Node Type": "Bitmap Heap Scan",
                                    "Parent Relationship": "Inner",
                                    "Parallel Aware": false,
                                    "Relation Name": "title",
                                    "Alias": "t",
                                    "Startup Cost": 7512.94,
                                    "Total Cost": 52991.67,
                                    "Plan Rows": 1049,
                                    "Plan Width": 25,
                                    "Actual Startup Time": 66.796,
                                    "Actual Total Time": 280.619,
                                    "Actual Rows": 501,
                                    "Actual Loops": 1,
                                    "Recheck Cond": "(kind_id = kt.id)",
                                    "Rows Removed by Index Recheck": 0,
                                    "Filter": "((production_year > 2008) AND ((title ~~ '%murder%'::text) OR (title ~~ '%Murder%'::text) OR (title ~~ '%Mord%'::text)))",
                                    "Rows Removed by Filter": 1542763,
                                    "Exact Heap Blocks": 24710,
                                    "Lossy Heap Blocks": 0,
                                    "Plans": [
                                      {
                                        "Node Type": "Bitmap Index Scan",
                                        "Parent Relationship": "Outer",
                                        "Parallel Aware": false,
                                        "Index Name": "kind_id_title",
                                        "Startup Cost": 0.0,
                                        "Total Cost": 7512.68,
                                        "Plan Rows": 421366,
                                        "Plan Width": 0,
                                        "Actual Startup Time": 63.65,
                                        "Actual Total Time": 63.651,
                                        "Actual Rows": 1543264,
                                        "Actual Loops": 1,
                                        "Index Cond": "(kind_id = kt.id)"
                                      }
                                    ]
                                  }
                                ]
                              },
                              {
                                "Node Type": "Index Scan",
                                "Parent Relationship": "Inner",
                                "Parallel Aware": false,
                                "Scan Direction": "Forward",
                                "Index Name": "movie_id_movie_keyword",
                                "Relation Name": "movie_keyword",
                                "Alias": "mk",
                                "Startup Cost": 0.43,
                                "Total Cost": 8.27,
                                "Plan Rows": 46,
                                "Plan Width": 8,
                                "Actual Startup Time": 0.003,
                                "Actual Total Time": 0.003,
                                "Actual Rows": 1,
                                "Actual Loops": 501,
                                "Index Cond": "(movie_id = t.id)",
                                "Rows Removed by Index Recheck": 0
                              }
                            ]
                          },
                          {
                            "Node Type": "Index Scan",
                            "Parent Relationship": "Inner",
                            "Parallel Aware": false,
                            "Scan Direction": "Forward",
                            "Index Name": "movie_id_movie_info_idx",
                            "Relation Name": "movie_info_idx",
                            "Alias": "mi_idx",
                            "Startup Cost": 0.43,
                            "Total Cost": 0.5,
                            "Plan Rows": 2,
                            "Plan Width": 14,
                            "Actual Startup Time": 0.001,
                            "Actual Total Time": 0.001,
                            "Actual Rows": 1,
                            "Actual Loops": 659,
                            "Index Cond": "(movie_id = mk.movie_id)",
                            "Rows Removed by Index Recheck": 0,
                            "Filter": "(info > '10'::text)",
                            "Rows Removed by Filter": 1
                          }
                        ]
                      },
                      {
                        "Node Type": "Index Scan",
                        "Parent Relationship": "Inner",
                        "Parallel Aware": false,
                        "Scan Direction": "Forward",
                        "Index Name": "keyword_pkey",
                        "Relation Name": "keyword",
                        "Alias": "k",
                        "Startup Cost": 0.42,
                        "Total Cost": 0.44,
                        "Plan Rows": 1,
                        "Plan Width": 4,
                        "Actual Startup Time": 0.002,
                        "Actual Total Time": 0.002,
                        "Actual Rows": 0,
                        "Actual Loops": 754,
                        "Index Cond": "(id = mk.keyword_id)",
                        "Rows Removed by Index Recheck": 0,
                        "Filter": "(keyword = ANY ('{superhero,newspaper-headline}'::text[]))",
                        "Rows Removed by Filter": 1
                      }
                    ]
                  },
                  {
                    "Node Type": "Index Scan",
                    "Parent Relationship": "Inner",
                    "Parallel Aware": false,
                    "Scan Direction": "Forward",
                    "Index Name": "movie_id_movie_info",
                    "Relation Name": "movie_info",
                    "Alias": "mi",
                    "Startup Cost": 0.43,
                    "Total Cost": 1.8,
                    "Plan Rows": 2,
                    "Plan Width": 8,
                    "Actual Startup Time": 0.039,
                    "Actual Total Time": 0.042,
                    "Actual Rows": 2,
                    "Actual Loops": 2,
                    "Index Cond": "(movie_id = mk.movie_id)",
                    "Rows Removed by Index Recheck": 0,
                    "Filter": "(info = ANY ('{Denish,Norwegian,Bulgaria,Denmark,American,America,Danish,Sweden,English,UK}'::text[]))",
                    "Rows Removed by Filter": 53
                  }
                ]
              },
              {
                "Node Type": "Index Scan",
                "Parent Relationship": "Inner",
                "Parallel Aware": false,
                "Scan Direction": "Forward",
                "Index Name": "info_type_pkey",
                "Relation Name": "info_type",
                "Alias": "it1",
                "Startup Cost": 0.14,
                "Total Cost": 0.16,
                "Plan Rows": 1,
                "Plan Width": 4,
                "Actual Startup Time": 0.002,
                "Actual Total Time": 0.002,
                "Actual Rows": 0,
                "Actual Loops": 4,
                "Index Cond": "(id = mi.info_type_id)",
                "Rows Removed by Index Recheck": 0,
                "Filter": "((info)::text = 'countries'::text)",
                "Rows Removed by Filter": 0
              }
            ]
          },
          {
            "Node Type": "Index Scan",
            "Parent Relationship": "Inner",
            "Parallel Aware": false,
            "Scan Direction": "Forward",
            "Index Name": "info_type_pkey",
            "Relation Name": "info_type",
            "Alias": "it2",
            "Startup Cost": 0.14,
            "Total Cost": 0.16,
            "Plan Rows": 1,
            "Plan Width": 4,
            "Actual Startup Time": 0.002,
            "Actual Total Time": 0.002,
            "Actual Rows": 0,
            "Actual Loops": 2,
            "Index Cond": "(id = mi_idx.info_type_id)",
            "Rows Removed by Index Recheck": 0,
            "Filter": "((info)::text = 'rating'::text)",
            "Rows Removed by Filter": 0
          }
        ]
      }
    ]
  },
  "Planning Time": 1.903,
  "Triggers": [],
  "Execution Time": 285.583
}