[
  {
    "Plan": {
      "Node Type": "Aggregate",
      "Strategy": "Plain",
      "Partial Mode": "Finalize",
      "Parallel Aware": false,
      "Startup Cost": 32939.51,
      "Total Cost": 32939.52,
      "Plan Rows": 1,
      "Plan Width": 8,
      "Actual Startup Time": 67.137,
      "Actual Total Time": 72.866,
      "Actual Rows": 1,
      "Actual Loops": 1,
      "Plans": [
        {
          "Node Type": "Gather",
          "Parent Relationship": "Outer",
          "Parallel Aware": false,
          "Startup Cost": 32939.19,
          "Total Cost": 32939.5,
          "Plan Rows": 3,
          "Plan Width": 8,
          "Actual Startup Time": 67.074,
          "Actual Total Time": 72.861,
          "Actual Rows": 4,
          "Actual Loops": 1,
          "Workers Planned": 3,
          "Workers Launched": 3,
          "Single Copy": false,
          "Plans": [
            {
              "Node Type": "Aggregate",
              "Strategy": "Plain",
              "Partial Mode": "Partial",
              "Parent Relationship": "Outer",
              "Parallel Aware": false,
              "Startup Cost": 31939.19,
              "Total Cost": 31939.2,
              "Plan Rows": 1,
              "Plan Width": 8,
              "Actual Startup Time": 64.462,
              "Actual Total Time": 64.463,
              "Actual Rows": 1,
              "Actual Loops": 4,
              "Plans": [
                {
                  "Node Type": "Seq Scan",
                  "Parent Relationship": "Outer",
                  "Parallel Aware": true,
                  "Relation Name": "movie_companies",
                  "Alias": "mc",
                  "Startup Cost": 0.0,
                  "Total Cost": 31414.82,
                  "Plan Rows": 209750,
                  "Plan Width": 0,
                  "Actual Startup Time": 9.784,
                  "Actual Total Time": 59.685,
                  "Actual Rows": 103696,
                  "Actual Loops": 4,
                  "Filter": "((company_id > 11203) AND (company_type_id < 2))",
                  "Rows Removed by Filter": 548586
                }
              ]
            }
          ]
        }
      ]
    },
    "Planning Time": 0.07,
    "Triggers": [],
    "Execution Time": 72.889
  }
]