[
  {
    "Plan": {
      "Node Type": "Aggregate",
      "Strategy": "Plain",
      "Partial Mode": "Finalize",
      "Parallel Aware": false,
      "Startup Cost": 49485.28,
      "Total Cost": 49485.29,
      "Plan Rows": 1,
      "Plan Width": 8,
      "Actual Startup Time": 109.414,
      "Actual Total Time": 123.142,
      "Actual Rows": 1,
      "Actual Loops": 1,
      "Plans": [
        {
          "Node Type": "Gather",
          "Parent Relationship": "Outer",
          "Parallel Aware": false,
          "Startup Cost": 49484.86,
          "Total Cost": 49485.27,
          "Plan Rows": 4,
          "Plan Width": 8,
          "Actual Startup Time": 109.14,
          "Actual Total Time": 123.132,
          "Actual Rows": 5,
          "Actual Loops": 1,
          "Workers Planned": 4,
          "Workers Launched": 4,
          "Single Copy": false,
          "Plans": [
            {
              "Node Type": "Aggregate",
              "Strategy": "Plain",
              "Partial Mode": "Partial",
              "Parent Relationship": "Outer",
              "Parallel Aware": false,
              "Startup Cost": 48484.86,
              "Total Cost": 48484.87,
              "Plan Rows": 1,
              "Plan Width": 8,
              "Actual Startup Time": 98.872,
              "Actual Total Time": 98.873,
              "Actual Rows": 1,
              "Actual Loops": 5,
              "Plans": [
                {
                  "Node Type": "Nested Loop",
                  "Parent Relationship": "Outer",
                  "Parallel Aware": false,
                  "Join Type": "Inner",
                  "Startup Cost": 0.43,
                  "Total Cost": 48484.29,
                  "Plan Rows": 231,
                  "Plan Width": 0,
                  "Actual Startup Time": 39.333,
                  "Actual Total Time": 98.746,
                  "Actual Rows": 2046,
                  "Actual Loops": 5,
                  "Inner Unique": false,
                  "Plans": [
                    {
                      "Node Type": "Seq Scan",
                      "Parent Relationship": "Outer",
                      "Parallel Aware": true,
                      "Relation Name": "title",
                      "Alias": "t",
                      "Startup Cost": 0.0,
                      "Total Cost": 45479.59,
                      "Plan Rows": 320,
                      "Plan Width": 4,
                      "Actual Startup Time": 39.191,
                      "Actual Total Time": 90.607,
                      "Actual Rows": 545,
                      "Actual Loops": 5,
                      "Filter": "((kind_id < 7) AND (production_year = 1938))",
                      "Rows Removed by Filter": 505118
                    },
                    {
                      "Node Type": "Index Scan",
                      "Parent Relationship": "Inner",
                      "Parallel Aware": false,
                      "Scan Direction": "Forward",
                      "Index Name": "movie_id_movie_keyword",
                      "Relation Name": "movie_keyword",
                      "Alias": "mk",
                      "Startup Cost": 0.43,
                      "Total Cost": 9.2,
                      "Plan Rows": 19,
                      "Plan Width": 4,
                      "Actual Startup Time": 0.013,
                      "Actual Total Time": 0.014,
                      "Actual Rows": 4,
                      "Actual Loops": 2724,
                      "Index Cond": "(movie_id = t.id)",
                      "Rows Removed by Index Recheck": 0,
                      "Filter": "(keyword_id < 2984)",
                      "Rows Removed by Filter": 6
                    }
                  ]
                }
              ]
            }
          ]
        }
      ]
    },
    "Planning Time": 0.652,
    "Triggers": [],
    "Execution Time": 123.217
  }
]