{
  "Plan": {
    "Node Type": "Aggregate",
    "Strategy": "Plain",
    "Partial Mode": "Finalize",
    "Parallel Aware": false,
    "Startup Cost": 563380.69,
    "Total Cost": 563380.7,
    "Plan Rows": 1,
    "Plan Width": 64,
    "Actual Startup Time": 9399.012,
    "Actual Total Time": 9401.753,
    "Actual Rows": 1,
    "Actual Loops": 1,
    "Plans": [
      {
        "Node Type": "Gather",
        "Parent Relationship": "Outer",
        "Parallel Aware": false,
        "Startup Cost": 563380.57,
        "Total Cost": 563380.68,
        "Plan Rows": 1,
        "Plan Width": 64,
        "Actual Startup Time": 9399.0,
        "Actual Total Time": 9401.745,
        "Actual Rows": 2,
        "Actual Loops": 1,
        "Workers Planned": 1,
        "Workers Launched": 1,
        "Single Copy": false,
        "Plans": [
          {
            "Node Type": "Aggregate",
            "Strategy": "Plain",
            "Partial Mode": "Partial",
            "Parent Relationship": "Outer",
            "Parallel Aware": false,
            "Startup Cost": 562380.57,
            "Total Cost": 562380.58,
            "Plan Rows": 1,
            "Plan Width": 64,
            "Actual Startup Time": 9032.386,
            "Actual Total Time": 9032.397,
            "Actual Rows": 1,
            "Actual Loops": 2,
            "Plans": [
              {
                "Node Type": "Nested Loop",
                "Parent Relationship": "Outer",
                "Parallel Aware": false,
                "Join Type": "Inner",
                "Startup Cost": 250990.27,
                "Total Cost": 562377.3,
                "Plan Rows": 655,
                "Plan Width": 32,
                "Actual Startup Time": 1751.565,
                "Actual Total Time": 8961.018,
                "Actual Rows": 568711,
                "Actual Loops": 2,
                "Inner Unique": true,
                "Plans": [
                  {
                    "Node Type": "Hash Join",
                    "Parent Relationship": "Outer",
                    "Parallel Aware": false,
                    "Join Type": "Inner",
                    "Startup Cost": 250989.84,
                    "Total Cost": 560834.41,
                    "Plan Rows": 2866,
                    "Plan Width": 25,
                    "Actual Startup Time": 1751.498,
                    "Actual Total Time": 8158.347,
                    "Actual Rows": 568831,
                    "Actual Loops": 2,
                    "Inner Unique": true,
                    "Hash Cond": "(mi.info_type_id = it.id)",
                    "Plans": [
                      {
                        "Node Type": "Nested Loop",
                        "Parent Relationship": "Outer",
                        "Parallel Aware": false,
                        "Join Type": "Inner",
                        "Startup Cost": 250987.41,
                        "Total Cost": 559949.84,
                        "Plan Rows": 323910,
                        "Plan Width": 29,
                        "Actual Startup Time": 1751.239,
                        "Actual Total Time": 7910.12,
                        "Actual Rows": 3243941,
                        "Actual Loops": 2,
                        "Inner Unique": true,
                        "Plans": [
                          {
                            "Node Type": "Nested Loop",
                            "Parent Relationship": "Outer",
                            "Parallel Aware": false,
                            "Join Type": "Inner",
                            "Startup Cost": 250986.98,
                            "Total Cost": 395671.32,
                            "Plan Rows": 323910,
                            "Plan Width": 33,
                            "Actual Startup Time": 1751.17,
                            "Actual Total Time": 3253.15,
                            "Actual Rows": 3534298,
                            "Actual Loops": 2,
                            "Inner Unique": false,
                            "Join Filter": "(t.id = mi.movie_id)",
                            "Rows Removed by Join Filter": 0,
                            "Plans": [
                              {
                                "Node Type": "Hash Join",
                                "Parent Relationship": "Outer",
                                "Parallel Aware": true,
                                "Join Type": "Inner",
                                "Startup Cost": 250986.55,
                                "Total Cost": 292174.24,
                                "Plan Rows": 55186,
                                "Plan Width": 41,
                                "Actual Startup Time": 1751.071,
                                "Actual Total Time": 2094.949,
                                "Actual Rows": 78307,
                                "Actual Loops": 2,
                                "Inner Unique": true,
                                "Hash Cond": "(mc.company_id = cn.id)",
                                "Plans": [
                                  {
                                    "Node Type": "Hash Join",
                                    "Parent Relationship": "Outer",
                                    "Parallel Aware": true,
                                    "Join Type": "Inner",
                                    "Startup Cost": 245636.92,
                                    "Total Cost": 286425.2,
                                    "Plan Rows": 152155,
                                    "Plan Width": 45,
                                    "Actual Startup Time": 1709.069,
                                    "Actual Total Time": 2031.02,
                                    "Actual Rows": 154628,
                                    "Actual Loops": 2,
                                    "Inner Unique": false,
                                    "Hash Cond": "(mc.movie_id = t.id)",
                                    "Plans": [
                                      {
                                        "Node Type": "Seq Scan",
                                        "Parent Relationship": "Outer",
                                        "Parallel Aware": true,
                                        "Relation Name": "movie_companies",
                                        "Alias": "mc",
                                        "Startup Cost": 0.0,
                                        "Total Cost": 34137.82,
                                        "Plan Rows": 1534782,
                                        "Plan Width": 8,
                                        "Actual Startup Time": 0.015,
                                        "Actual Total Time": 104.162,
                                        "Actual Rows": 1304564,
                                        "Actual Loops": 2
                                      },
                                      {
                                        "Node Type": "Hash",
                                        "Parent Relationship": "Inner",
                                        "Parallel Aware": true,
                                        "Startup Cost": 243793.97,
                                        "Total Cost": 243793.97,
                                        "Plan Rows": 147436,
                                        "Plan Width": 37,
                                        "Actual Startup Time": 1708.128,
                                        "Actual Total Time": 1708.134,
                                        "Actual Rows": 69002,
                                        "Actual Loops": 2,
                                        "Hash Buckets": 262144,
                                        "Original Hash Buckets": 262144,
                                        "Hash Batches": 1,
                                        "Original Hash Batches": 1,
                                        "Peak Memory Usage": 12736,
                                        "Plans": [
                                          {
                                            "Node Type": "Hash Join",
                                            "Parent Relationship": "Outer",
                                            "Parallel Aware": false,
                                            "Join Type": "Inner",
                                            "Startup Cost": 181021.42,
                                            "Total Cost": 243793.97,
                                            "Plan Rows": 147436,
                                            "Plan Width": 37,
                                            "Actual Startup Time": 1423.324,
                                            "Actual Total Time": 1685.59,
                                            "Actual Rows": 69002,
                                            "Actual Loops": 2,
                                            "Inner Unique": false,
                                            "Hash Cond": "(t.id = ci.movie_id)",
                                            "Plans": [
                                              {
                                                "Node Type": "Seq Scan",
                                                "Parent Relationship": "Outer",
                                                "Parallel Aware": true,
                                                "Relation Name": "title",
                                                "Alias": "t",
                                                "Startup Cost": 0.0,
                                                "Total Cost": 54587.68,
                                                "Plan Rows": 596489,
                                                "Plan Width": 21,
                                                "Actual Startup Time": 0.013,
                                                "Actual Total Time": 148.852,
                                                "Actual Rows": 506460,
                                                "Actual Loops": 2,
                                                "Filter": "(production_year > 2005)",
                                                "Rows Removed by Filter": 757696
                                              },
                                              {
                                                "Node Type": "Hash",
                                                "Parent Relationship": "Inner",
                                                "Parallel Aware": false,
                                                "Startup Cost": 173210.14,
                                                "Total Cost": 173210.14,
                                                "Plan Rows": 624902,
                                                "Plan Width": 16,
                                                "Actual Startup Time": 1418.369,
                                                "Actual Total Time": 1418.373,
                                                "Actual Rows": 408471,
                                                "Actual Loops": 2,
                                                "Hash Buckets": 1048576,
                                                "Original Hash Buckets": 1048576,
                                                "Hash Batches": 1,
                                                "Original Hash Batches": 1,
                                                "Peak Memory Usage": 27265,
                                                "Plans": [
                                                  {
                                                    "Node Type": "Hash Join",
                                                    "Parent Relationship": "Outer",
                                                    "Parallel Aware": false,
                                                    "Join Type": "Inner",
                                                    "Startup Cost": 31676.78,
                                                    "Total Cost": 173210.14,
                                                    "Plan Rows": 624902,
                                                    "Plan Width": 16,
                                                    "Actual Startup Time": 265.449,
                                                    "Actual Total Time": 1344.466,
                                                    "Actual Rows": 408471,
                                                    "Actual Loops": 2,
                                                    "Inner Unique": false,
                                                    "Hash Cond": "(ci.person_id = an.person_id)",
                                                    "Plans": [
                                                      {
                                                        "Node Type": "Nested Loop",
                                                        "Parent Relationship": "Outer",
                                                        "Parallel Aware": false,
                                                        "Join Type": "Inner",
                                                        "Startup Cost": 0.56,
                                                        "Total Cost": 133952.49,
                                                        "Plan Rows": 266484,
                                                        "Plan Width": 12,
                                                        "Actual Startup Time": 0.23,
                                                        "Actual Total Time": 1012.149,
                                                        "Actual Rows": 222691,
                                                        "Actual Loops": 2,
                                                        "Inner Unique": false,
                                                        "Plans": [
                                                          {
                                                            "Node Type": "Seq Scan",
                                                            "Parent Relationship": "Outer",
                                                            "Parallel Aware": false,
                                                            "Relation Name": "role_type",
                                                            "Alias": "rt",
                                                            "Startup Cost": 0.0,
                                                            "Total Cost": 1.15,
                                                            "Plan Rows": 1,
                                                            "Plan Width": 4,
                                                            "Actual Startup Time": 0.027,
                                                            "Actual Total Time": 0.031,
                                                            "Actual Rows": 1,
                                                            "Actual Loops": 2,
                                                            "Filter": "((role)::text = 'actress'::text)",
                                                            "Rows Removed by Filter": 11
                                                          },
                                                          {
                                                            "Node Type": "Index Scan",
                                                            "Parent Relationship": "Inner",
                                                            "Parallel Aware": false,
                                                            "Scan Direction": "Forward",
                                                            "Index Name": "role_id_cast_info",
                                                            "Relation Name": "cast_info",
                                                            "Alias": "ci",
                                                            "Startup Cost": 0.56,
                                                            "Total Cost": 131044.24,
                                                            "Plan Rows": 290710,
                                                            "Plan Width": 16,
                                                            "Actual Startup Time": 0.196,
                                                            "Actual Total Time": 994.792,
                                                            "Actual Rows": 222691,
                                                            "Actual Loops": 2,
                                                            "Index Cond": "(role_id = rt.id)",
                                                            "Rows Removed by Index Recheck": 0,
                                                            "Filter": "(note = ANY ('{(writer),\"(executive producer)\",(voice),(voice)}'::text[]))",
                                                            "Rows Removed by Filter": 7229282
                                                          }
                                                        ]
                                                      },
                                                      {
                                                        "Node Type": "Hash",
                                                        "Parent Relationship": "Inner",
                                                        "Parallel Aware": false,
                                                        "Startup Cost": 20409.43,
                                                        "Total Cost": 20409.43,
                                                        "Plan Rows": 901343,
                                                        "Plan Width": 4,
                                                        "Actual Startup Time": 260.936,
                                                        "Actual Total Time": 260.937,
                                                        "Actual Rows": 901343,
                                                        "Actual Loops": 2,
                                                        "Hash Buckets": 1048576,
                                                        "Original Hash Buckets": 1048576,
                                                        "Hash Batches": 1,
                                                        "Original Hash Batches": 1,
                                                        "Peak Memory Usage": 39880,
                                                        "Plans": [
                                                          {
                                                            "Node Type": "Seq Scan",
                                                            "Parent Relationship": "Outer",
                                                            "Parallel Aware": false,
                                                            "Relation Name": "aka_name",
                                                            "Alias": "an",
                                                            "Startup Cost": 0.0,
                                                            "Total Cost": 20409.43,
                                                            "Plan Rows": 901343,
                                                            "Plan Width": 4,
                                                            "Actual Startup Time": 0.022,
                                                            "Actual Total Time": 105.808,
                                                            "Actual Rows": 901343,
                                                            "Actual Loops": 2
                                                          }
                                                        ]
                                                      }
                                                    ]
                                                  }
                                                ]
                                              }
                                            ]
                                          }
                                        ]
                                      }
                                    ]
                                  },
                                  {
                                    "Node Type": "Hash",
                                    "Parent Relationship": "Inner",
                                    "Parallel Aware": true,
                                    "Startup Cost": 4722.92,
                                    "Total Cost": 4722.92,
                                    "Plan Rows": 50137,
                                    "Plan Width": 4,
                                    "Actual Startup Time": 39.77,
                                    "Actual Total Time": 39.771,
                                    "Actual Rows": 42422,
                                    "Actual Loops": 2,
                                    "Hash Buckets": 131072,
                                    "Original Hash Buckets": 131072,
                                    "Hash Batches": 1,
                                    "Original Hash Batches": 1,
                                    "Peak Memory Usage": 4384,
                                    "Plans": [
                                      {
                                        "Node Type": "Seq Scan",
                                        "Parent Relationship": "Outer",
                                        "Parallel Aware": true,
                                        "Relation Name": "company_name",
                                        "Alias": "cn",
                                        "Startup Cost": 0.0,
                                        "Total Cost": 4722.92,
                                        "Plan Rows": 50137,
                                        "Plan Width": 4,
                                        "Actual Startup Time": 0.027,
                                        "Actual Total Time": 24.44,
                                        "Actual Rows": 42422,
                                        "Actual Loops": 2,
                                        "Filter": "((country_code)::text = '[us]'::text)",
                                        "Rows Removed by Filter": 75077
                                      }
                                    ]
                                  }
                                ]
                              },
                              {
                                "Node Type": "Index Scan",
                                "Parent Relationship": "Inner",
                                "Parallel Aware": false,
                                "Scan Direction": "Forward",
                                "Index Name": "movie_id_movie_info",
                                "Relation Name": "movie_info",
                                "Alias": "mi",
                                "Startup Cost": 0.43,
                                "Total Cost": 1.39,
                                "Plan Rows": 39,
                                "Plan Width": 8,
                                "Actual Startup Time": 0.002,
                                "Actual Total Time": 0.009,
                                "Actual Rows": 45,
                                "Actual Loops": 156614,
                                "Index Cond": "(movie_id = ci.movie_id)",
                                "Rows Removed by Index Recheck": 0
                              }
                            ]
                          },
                          {
                            "Node Type": "Index Only Scan",
                            "Parent Relationship": "Inner",
                            "Parallel Aware": false,
                            "Scan Direction": "Forward",
                            "Index Name": "char_name_pkey",
                            "Relation Name": "char_name",
                            "Alias": "chn",
                            "Startup Cost": 0.43,
                            "Total Cost": 0.51,
                            "Plan Rows": 1,
                            "Plan Width": 4,
                            "Actual Startup Time": 0.001,
                            "Actual Total Time": 0.001,
                            "Actual Rows": 1,
                            "Actual Loops": 7068597,
                            "Index Cond": "(id = ci.person_role_id)",
                            "Rows Removed by Index Recheck": 0,
                            "Heap Fetches": 6487882
                          }
                        ]
                      },
                      {
                        "Node Type": "Hash",
                        "Parent Relationship": "Inner",
                        "Parallel Aware": false,
                        "Startup Cost": 2.41,
                        "Total Cost": 2.41,
                        "Plan Rows": 1,
                        "Plan Width": 4,
                        "Actual Startup Time": 0.073,
                        "Actual Total Time": 0.074,
                        "Actual Rows": 1,
                        "Actual Loops": 2,
                        "Hash Buckets": 1024,
                        "Original Hash Buckets": 1024,
                        "Hash Batches": 1,
                        "Original Hash Batches": 1,
                        "Peak Memory Usage": 9,
                        "Plans": [
                          {
                            "Node Type": "Seq Scan",
                            "Parent Relationship": "Outer",
                            "Parallel Aware": false,
                            "Relation Name": "info_type",
                            "Alias": "it",
                            "Startup Cost": 0.0,
                            "Total Cost": 2.41,
                            "Plan Rows": 1,
                            "Plan Width": 4,
                            "Actual Startup Time": 0.042,
                            "Actual Total Time": 0.059,
                            "Actual Rows": 1,
                            "Actual Loops": 2,
                            "Filter": "((info)::text = 'release dates'::text)",
                            "Rows Removed by Filter": 112
                          }
                        ]
                      }
                    ]
                  },
                  {
                    "Node Type": "Index Scan",
                    "Parent Relationship": "Inner",
                    "Parallel Aware": false,
                    "Scan Direction": "Forward",
                    "Index Name": "name_pkey",
                    "Relation Name": "name",
                    "Alias": "n",
                    "Startup Cost": 0.43,
                    "Total Cost": 0.54,
                    "Plan Rows": 1,
                    "Plan Width": 19,
                    "Actual Startup Time": 0.001,
                    "Actual Total Time": 0.001,
                    "Actual Rows": 1,
                    "Actual Loops": 1137662,
                    "Index Cond": "(id = ci.person_id)",
                    "Rows Removed by Index Recheck": 0,
                    "Filter": "((gender)::text = 'f'::text)",
                    "Rows Removed by Filter": 0
                  }
                ]
              }
            ]
          }
        ]
      }
    ]
  },
  "Planning Time": 3.167,
  "Triggers": [],
  "Execution Time": 9402.456
}