[
  {
    "Plan": {
      "Node Type": "Aggregate",
      "Strategy": "Plain",
      "Partial Mode": "Finalize",
      "Parallel Aware": false,
      "Startup Cost": 123956.27,
      "Total Cost": 123956.28,
      "Plan Rows": 1,
      "Plan Width": 8,
      "Actual Startup Time": 633.519,
      "Actual Total Time": 652.104,
      "Actual Rows": 1,
      "Actual Loops": 1,
      "Plans": [
        {
          "Node Type": "Gather",
          "Parent Relationship": "Outer",
          "Parallel Aware": false,
          "Startup Cost": 123955.96,
          "Total Cost": 123956.27,
          "Plan Rows": 3,
          "Plan Width": 8,
          "Actual Startup Time": 622.468,
          "Actual Total Time": 652.093,
          "Actual Rows": 4,
          "Actual Loops": 1,
          "Workers Planned": 3,
          "Workers Launched": 3,
          "Single Copy": false,
          "Plans": [
            {
              "Node Type": "Aggregate",
              "Strategy": "Plain",
              "Partial Mode": "Partial",
              "Parent Relationship": "Outer",
              "Parallel Aware": false,
              "Startup Cost": 122955.96,
              "Total Cost": 122955.97,
              "Plan Rows": 1,
              "Plan Width": 8,
              "Actual Startup Time": 613.242,
              "Actual Total Time": 613.247,
              "Actual Rows": 1,
              "Actual Loops": 4,
              "Plans": [
                {
                  "Node Type": "Nested Loop",
                  "Parent Relationship": "Outer",
                  "Parallel Aware": false,
                  "Join Type": "Inner",
                  "Startup Cost": 56175.93,
                  "Total Cost": 122871.22,
                  "Plan Rows": 33895,
                  "Plan Width": 0,
                  "Actual Startup Time": 311.144,
                  "Actual Total Time": 608.905,
                  "Actual Rows": 55075,
                  "Actual Loops": 4,
                  "Inner Unique": false,
                  "Plans": [
                    {
                      "Node Type": "Hash Join",
                      "Parent Relationship": "Outer",
                      "Parallel Aware": true,
                      "Join Type": "Inner",
                      "Startup Cost": 56175.5,
                      "Total Cost": 76539.46,
                      "Plan Rows": 25358,
                      "Plan Width": 8,
                      "Actual Startup Time": 310.823,
                      "Actual Total Time": 391.078,
                      "Actual Rows": 35361,
                      "Actual Loops": 4,
                      "Inner Unique": true,
                      "Hash Cond": "(mc.movie_id = t.id)",
                      "Plans": [
                        {
                          "Node Type": "Bitmap Heap Scan",
                          "Parent Relationship": "Outer",
                          "Parallel Aware": true,
                          "Relation Name": "movie_companies",
                          "Alias": "mc",
                          "Startup Cost": 6456.41,
                          "Total Cost": 26696.31,
                          "Plan Rows": 47261,
                          "Plan Width": 4,
                          "Actual Startup Time": 23.221,
                          "Actual Total Time": 67.117,
                          "Actual Rows": 56096,
                          "Actual Loops": 4,
                          "Recheck Cond": "(company_id < 160)",
                          "Rows Removed by Index Recheck": 0,
                          "Filter": "(company_type_id = 1)",
                          "Rows Removed by Filter": 17123,
                          "Exact Heap Blocks": 7951,
                          "Lossy Heap Blocks": 0,
                          "Plans": [
                            {
                              "Node Type": "Bitmap Index Scan",
                              "Parent Relationship": "Outer",
                              "Parallel Aware": false,
                              "Index Name": "company_id_movie_companies",
                              "Startup Cost": 0.0,
                              "Total Cost": 6419.78,
                              "Plan Rows": 299647,
                              "Plan Width": 0,
                              "Actual Startup Time": 19.036,
                              "Actual Total Time": 19.037,
                              "Actual Rows": 292877,
                              "Actual Loops": 1,
                              "Index Cond": "(company_id < 160)"
                            }
                          ]
                        },
                        {
                          "Node Type": "Hash",
                          "Parent Relationship": "Inner",
                          "Parallel Aware": true,
                          "Startup Cost": 45479.59,
                          "Total Cost": 45479.59,
                          "Plan Rows": 339160,
                          "Plan Width": 4,
                          "Actual Startup Time": 282.286,
                          "Actual Total Time": 282.287,
                          "Actual Rows": 331945,
                          "Actual Loops": 4,
                          "Hash Buckets": 2097152,
                          "Original Hash Buckets": 2097152,
                          "Hash Batches": 1,
                          "Original Hash Batches": 1,
                          "Peak Memory Usage": 68384,
                          "Plans": [
                            {
                              "Node Type": "Seq Scan",
                              "Parent Relationship": "Outer",
                              "Parallel Aware": true,
                              "Relation Name": "title",
                              "Alias": "t",
                              "Startup Cost": 0.0,
                              "Total Cost": 45479.59,
                              "Plan Rows": 339160,
                              "Plan Width": 4,
                              "Actual Startup Time": 0.02,
                              "Actual Total Time": 139.127,
                              "Actual Rows": 331945,
                              "Actual Loops": 4,
                              "Filter": "((production_year < 2012) AND (kind_id = 7))",
                              "Rows Removed by Filter": 300133
                            }
                          ]
                        }
                      ]
                    },
                    {
                      "Node Type": "Index Scan",
                      "Parent Relationship": "Inner",
                      "Parallel Aware": false,
                      "Scan Direction": "Forward",
                      "Index Name": "movie_id_movie_keyword",
                      "Relation Name": "movie_keyword",
                      "Alias": "mk",
                      "Startup Cost": 0.43,
                      "Total Cost": 1.49,
                      "Plan Rows": 34,
                      "Plan Width": 4,
                      "Actual Startup Time": 0.005,
                      "Actual Total Time": 0.006,
                      "Actual Rows": 2,
                      "Actual Loops": 141443,
                      "Index Cond": "(movie_id = t.id)",
                      "Rows Removed by Index Recheck": 0,
                      "Filter": "(keyword_id < 16264)",
                      "Rows Removed by Filter": 1
                    }
                  ]
                }
              ]
            }
          ]
        }
      ]
    },
    "Planning Time": 0.509,
    "Triggers": [],
    "Execution Time": 652.16
  }
]