[
  {
    "Plan": {
      "Node Type": "Aggregate",
      "Strategy": "Plain",
      "Partial Mode": "Finalize",
      "Parallel Aware": false,
      "Startup Cost": 46557.98,
      "Total Cost": 46557.99,
      "Plan Rows": 1,
      "Plan Width": 8,
      "Actual Startup Time": 148.168,
      "Actual Total Time": 158.007,
      "Actual Rows": 1,
      "Actual Loops": 1,
      "Plans": [
        {
          "Node Type": "Gather",
          "Parent Relationship": "Outer",
          "Parallel Aware": false,
          "Startup Cost": 46557.66,
          "Total Cost": 46557.97,
          "Plan Rows": 3,
          "Plan Width": 8,
          "Actual Startup Time": 148.071,
          "Actual Total Time": 157.999,
          "Actual Rows": 4,
          "Actual Loops": 1,
          "Workers Planned": 3,
          "Workers Launched": 3,
          "Single Copy": false,
          "Plans": [
            {
              "Node Type": "Aggregate",
              "Strategy": "Plain",
              "Partial Mode": "Partial",
              "Parent Relationship": "Outer",
              "Parallel Aware": false,
              "Startup Cost": 45557.66,
              "Total Cost": 45557.67,
              "Plan Rows": 1,
              "Plan Width": 8,
              "Actual Startup Time": 144.325,
              "Actual Total Time": 144.326,
              "Actual Rows": 1,
              "Actual Loops": 4,
              "Plans": [
                {
                  "Node Type": "Seq Scan",
                  "Parent Relationship": "Outer",
                  "Parallel Aware": true,
                  "Relation Name": "movie_keyword",
                  "Alias": "mk",
                  "Startup Cost": 0.0,
                  "Total Cost": 42695.65,
                  "Plan Rows": 1144804,
                  "Plan Width": 0,
                  "Actual Startup Time": 0.029,
                  "Actual Total Time": 107.971,
                  "Actual Rows": 888056,
                  "Actual Loops": 4,
                  "Filter": "(keyword_id < 19423)",
                  "Rows Removed by Filter": 242927
                }
              ]
            }
          ]
        }
      ]
    },
    "Planning Time": 0.102,
    "Triggers": [],
    "Execution Time": 158.047
  }
]