{
  "Plan": {
    "Node Type": "Aggregate",
    "Strategy": "Plain",
    "Partial Mode": "Simple",
    "Parallel Aware": false,
    "Startup Cost": 1368.73,
    "Total Cost": 1368.74,
    "Plan Rows": 1,
    "Plan Width": 8,
    "Actual Startup Time": 1.302,
    "Actual Total Time": 1.305,
    "Actual Rows": 1,
    "Actual Loops": 1,
    "Plans": [
      {
        "Node Type": "Nested Loop",
        "Parent Relationship": "Outer",
        "Parallel Aware": false,
        "Join Type": "Inner",
        "Startup Cost": 1.42,
        "Total Cost": 1366.21,
        "Plan Rows": 1010,
        "Plan Width": 0,
        "Actual Startup Time": 0.14,
        "Actual Total Time": 1.251,
        "Actual Rows": 262,
        "Actual Loops": 1,
        "Inner Unique": false,
        "Plans": [
          {
            "Node Type": "Nested Loop",
            "Parent Relationship": "Outer",
            "Parallel Aware": false,
            "Join Type": "Inner",
            "Startup Cost": 0.86,
            "Total Cost": 1143.66,
            "Plan Rows": 103,
            "Plan Width": 8,
            "Actual Startup Time": 0.108,
            "Actual Total Time": 0.212,
            "Actual Rows": 7,
            "Actual Loops": 1,
            "Inner Unique": true,
            "Plans": [
              {
                "Node Type": "Index Scan",
                "Parent Relationship": "Outer",
                "Parallel Aware": false,
                "Scan Direction": "Forward",
                "Index Name": "company_id_movie_companies",
                "Relation Name": "movie_companies",
                "Alias": "mc",
                "Startup Cost": 0.43,
                "Total Cost": 273.57,
                "Plan Rows": 103,
                "Plan Width": 4,
                "Actual Startup Time": 0.08,
                "Actual Total Time": 0.1,
                "Actual Rows": 7,
                "Actual Loops": 1,
                "Index Cond": "(company_id = 76298)",
                "Rows Removed by Index Recheck": 0
              },
              {
                "Node Type": "Index Only Scan",
                "Parent Relationship": "Inner",
                "Parallel Aware": false,
                "Scan Direction": "Forward",
                "Index Name": "title_pkey",
                "Relation Name": "title",
                "Alias": "t",
                "Startup Cost": 0.43,
                "Total Cost": 8.45,
                "Plan Rows": 1,
                "Plan Width": 4,
                "Actual Startup Time": 0.014,
                "Actual Total Time": 0.014,
                "Actual Rows": 1,
                "Actual Loops": 7,
                "Index Cond": "(id = mc.movie_id)",
                "Rows Removed by Index Recheck": 0,
                "Heap Fetches": 7
              }
            ]
          },
          {
            "Node Type": "Index Scan",
            "Parent Relationship": "Inner",
            "Parallel Aware": false,
            "Scan Direction": "Forward",
            "Index Name": "movie_id_cast_info",
            "Relation Name": "cast_info",
            "Alias": "ci",
            "Startup Cost": 0.56,
            "Total Cost": 1.91,
            "Plan Rows": 25,
            "Plan Width": 4,
            "Actual Startup Time": 0.038,
            "Actual Total Time": 0.137,
            "Actual Rows": 37,
            "Actual Loops": 7,
            "Index Cond": "(movie_id = t.id)",
            "Rows Removed by Index Recheck": 0,
            "Filter": "(person_id > 1123540)",
            "Rows Removed by Filter": 11
          }
        ]
      }
    ]
  },
  "Planning Time": 1.145,
  "Triggers": [],
  "Execution Time": 1.378
}