[
  {
    "Plan": {
      "Node Type": "Aggregate",
      "Strategy": "Plain",
      "Partial Mode": "Finalize",
      "Parallel Aware": false,
      "Startup Cost": 111782.02,
      "Total Cost": 111782.03,
      "Plan Rows": 1,
      "Plan Width": 8,
      "Actual Startup Time": 473.096,
      "Actual Total Time": 490.851,
      "Actual Rows": 1,
      "Actual Loops": 1,
      "Plans": [
        {
          "Node Type": "Gather",
          "Parent Relationship": "Outer",
          "Parallel Aware": false,
          "Startup Cost": 111781.71,
          "Total Cost": 111782.02,
          "Plan Rows": 3,
          "Plan Width": 8,
          "Actual Startup Time": 465.498,
          "Actual Total Time": 490.838,
          "Actual Rows": 4,
          "Actual Loops": 1,
          "Workers Planned": 3,
          "Workers Launched": 3,
          "Single Copy": false,
          "Plans": [
            {
              "Node Type": "Aggregate",
              "Strategy": "Plain",
              "Partial Mode": "Partial",
              "Parent Relationship": "Outer",
              "Parallel Aware": false,
              "Startup Cost": 110781.71,
              "Total Cost": 110781.72,
              "Plan Rows": 1,
              "Plan Width": 8,
              "Actual Startup Time": 461.654,
              "Actual Total Time": 461.66,
              "Actual Rows": 1,
              "Actual Loops": 4,
              "Plans": [
                {
                  "Node Type": "Hash Join",
                  "Parent Relationship": "Outer",
                  "Parallel Aware": true,
                  "Join Type": "Inner",
                  "Startup Cost": 64485.79,
                  "Total Cost": 110652.84,
                  "Plan Rows": 51546,
                  "Plan Width": 0,
                  "Actual Startup Time": 278.046,
                  "Actual Total Time": 458.027,
                  "Actual Rows": 74644,
                  "Actual Loops": 4,
                  "Inner Unique": false,
                  "Hash Cond": "(mk.movie_id = t.id)",
                  "Plans": [
                    {
                      "Node Type": "Seq Scan",
                      "Parent Relationship": "Outer",
                      "Parallel Aware": true,
                      "Relation Name": "movie_keyword",
                      "Alias": "mk",
                      "Startup Cost": 0.0,
                      "Total Cost": 42695.65,
                      "Plan Rows": 868435,
                      "Plan Width": 4,
                      "Actual Startup Time": 0.03,
                      "Actual Total Time": 115.472,
                      "Actual Rows": 675294,
                      "Actual Loops": 4,
                      "Filter": "(keyword_id < 7637)",
                      "Rows Removed by Filter": 455689
                    },
                    {
                      "Node Type": "Hash",
                      "Parent Relationship": "Inner",
                      "Parallel Aware": true,
                      "Startup Cost": 63704.15,
                      "Total Cost": 63704.15,
                      "Plan Rows": 62531,
                      "Plan Width": 8,
                      "Actual Startup Time": 276.681,
                      "Actual Total Time": 276.686,
                      "Actual Rows": 30819,
                      "Actual Loops": 4,
                      "Hash Buckets": 262144,
                      "Original Hash Buckets": 262144,
                      "Hash Batches": 1,
                      "Original Hash Batches": 1,
                      "Peak Memory Usage": 6944,
                      "Plans": [
                        {
                          "Node Type": "Hash Join",
                          "Parent Relationship": "Outer",
                          "Parallel Aware": true,
                          "Join Type": "Inner",
                          "Startup Cost": 48083.36,
                          "Total Cost": 63704.15,
                          "Plan Rows": 62531,
                          "Plan Width": 8,
                          "Actual Startup Time": 184.178,
                          "Actual Total Time": 261.589,
                          "Actual Rows": 30819,
                          "Actual Loops": 4,
                          "Inner Unique": true,
                          "Hash Cond": "(mi_idx.movie_id = t.id)",
                          "Plans": [
                            {
                              "Node Type": "Seq Scan",
                              "Parent Relationship": "Outer",
                              "Parallel Aware": true,
                              "Relation Name": "movie_info_idx",
                              "Alias": "mi_idx",
                              "Startup Cost": 0.0,
                              "Total Cost": 15122.68,
                              "Plan Rows": 189755,
                              "Plan Width": 4,
                              "Actual Startup Time": 0.015,
                              "Actual Total Time": 33.488,
                              "Actual Rows": 114981,
                              "Actual Loops": 4,
                              "Filter": "(info_type_id < 100)",
                              "Rows Removed by Filter": 230028
                            },
                            {
                              "Node Type": "Hash",
                              "Parent Relationship": "Inner",
                              "Parallel Aware": true,
                              "Startup Cost": 45479.59,
                              "Total Cost": 45479.59,
                              "Plan Rows": 208302,
                              "Plan Width": 4,
                              "Actual Startup Time": 181.738,
                              "Actual Total Time": 181.739,
                              "Actual Rows": 185580,
                              "Actual Loops": 4,
                              "Hash Buckets": 1048576,
                              "Original Hash Buckets": 1048576,
                              "Hash Batches": 1,
                              "Original Hash Batches": 1,
                              "Peak Memory Usage": 37280,
                              "Plans": [
                                {
                                  "Node Type": "Seq Scan",
                                  "Parent Relationship": "Outer",
                                  "Parallel Aware": true,
                                  "Relation Name": "title",
                                  "Alias": "t",
                                  "Startup Cost": 0.0,
                                  "Total Cost": 45479.59,
                                  "Plan Rows": 208302,
                                  "Plan Width": 4,
                                  "Actual Startup Time": 0.015,
                                  "Actual Total Time": 105.957,
                                  "Actual Rows": 185580,
                                  "Actual Loops": 4,
                                  "Filter": "((kind_id > 1) AND (production_year < 2002))",
                                  "Rows Removed by Filter": 446498
                                }
                              ]
                            }
                          ]
                        }
                      ]
                    }
                  ]
                }
              ]
            }
          ]
        }
      ]
    },
    "Planning Time": 0.627,
    "Triggers": [],
    "Execution Time": 490.903
  }
]