[
  {
    "Plan": {
      "Node Type": "Aggregate",
      "Strategy": "Plain",
      "Partial Mode": "Finalize",
      "Parallel Aware": false,
      "Startup Cost": 345945.53,
      "Total Cost": 345945.54,
      "Plan Rows": 1,
      "Plan Width": 8,
      "Actual Startup Time": 689.291,
      "Actual Total Time": 748.867,
      "Actual Rows": 1,
      "Actual Loops": 1,
      "Plans": [
        {
          "Node Type": "Gather",
          "Parent Relationship": "Outer",
          "Parallel Aware": false,
          "Startup Cost": 345944.9,
          "Total Cost": 345945.51,
          "Plan Rows": 6,
          "Plan Width": 8,
          "Actual Startup Time": 689.153,
          "Actual Total Time": 748.856,
          "Actual Rows": 7,
          "Actual Loops": 1,
          "Workers Planned": 6,
          "Workers Launched": 6,
          "Single Copy": false,
          "Plans": [
            {
              "Node Type": "Aggregate",
              "Strategy": "Plain",
              "Partial Mode": "Partial",
              "Parent Relationship": "Outer",
              "Parallel Aware": false,
              "Startup Cost": 344944.9,
              "Total Cost": 344944.91,
              "Plan Rows": 1,
              "Plan Width": 8,
              "Actual Startup Time": 679.644,
              "Actual Total Time": 679.645,
              "Actual Rows": 1,
              "Actual Loops": 7,
              "Plans": [
                {
                  "Node Type": "Seq Scan",
                  "Parent Relationship": "Outer",
                  "Parallel Aware": true,
                  "Relation Name": "cast_info",
                  "Alias": "ci",
                  "Startup Cost": 0.0,
                  "Total Cost": 343257.03,
                  "Plan Rows": 675150,
                  "Plan Width": 0,
                  "Actual Startup Time": 369.013,
                  "Actual Total Time": 661.385,
                  "Actual Rows": 362867,
                  "Actual Loops": 7,
                  "Filter": "((person_id < 895739) AND (role_id > 2))",
                  "Rows Removed by Filter": 4814896
                }
              ]
            }
          ]
        }
      ]
    },
    "Planning Time": 0.113,
    "Triggers": [],
    "Execution Time": 748.934
  }
]