[
  {
    "Plan": {
      "Node Type": "Aggregate",
      "Strategy": "Plain",
      "Partial Mode": "Finalize",
      "Parallel Aware": false,
      "Startup Cost": 331737.01,
      "Total Cost": 331737.02,
      "Plan Rows": 1,
      "Plan Width": 8,
      "Actual Startup Time": 818.865,
      "Actual Total Time": 877.59,
      "Actual Rows": 1,
      "Actual Loops": 1,
      "Plans": [
        {
          "Node Type": "Gather",
          "Parent Relationship": "Outer",
          "Parallel Aware": false,
          "Startup Cost": 331736.38,
          "Total Cost": 331736.99,
          "Plan Rows": 6,
          "Plan Width": 8,
          "Actual Startup Time": 818.255,
          "Actual Total Time": 877.566,
          "Actual Rows": 7,
          "Actual Loops": 1,
          "Workers Planned": 6,
          "Workers Launched": 6,
          "Single Copy": false,
          "Plans": [
            {
              "Node Type": "Aggregate",
              "Strategy": "Plain",
              "Partial Mode": "Partial",
              "Parent Relationship": "Outer",
              "Parallel Aware": false,
              "Startup Cost": 330736.38,
              "Total Cost": 330736.39,
              "Plan Rows": 1,
              "Plan Width": 8,
              "Actual Startup Time": 809.613,
              "Actual Total Time": 809.615,
              "Actual Rows": 1,
              "Actual Loops": 7,
              "Plans": [
                {
                  "Node Type": "Seq Scan",
                  "Parent Relationship": "Outer",
                  "Parallel Aware": true,
                  "Relation Name": "cast_info",
                  "Alias": "ci",
                  "Startup Cost": 0.0,
                  "Total Cost": 328211.39,
                  "Plan Rows": 1009996,
                  "Plan Width": 0,
                  "Actual Startup Time": 0.055,
                  "Actual Total Time": 755.205,
                  "Actual Rows": 892175,
                  "Actual Loops": 7,
                  "Filter": "(person_id < 601657)",
                  "Rows Removed by Filter": 4285589
                }
              ]
            }
          ]
        }
      ]
    },
    "Planning Time": 0.118,
    "Triggers": [],
    "Execution Time": 877.64
  }
]