[
  {
    "Plan": {
      "Node Type": "Aggregate",
      "Strategy": "Plain",
      "Partial Mode": "Finalize",
      "Parallel Aware": false,
      "Startup Cost": 331685.65,
      "Total Cost": 331685.66,
      "Plan Rows": 1,
      "Plan Width": 8,
      "Actual Startup Time": 586.573,
      "Actual Total Time": 642.291,
      "Actual Rows": 1,
      "Actual Loops": 1,
      "Plans": [
        {
          "Node Type": "Gather",
          "Parent Relationship": "Outer",
          "Parallel Aware": false,
          "Startup Cost": 331685.02,
          "Total Cost": 331685.63,
          "Plan Rows": 6,
          "Plan Width": 8,
          "Actual Startup Time": 586.454,
          "Actual Total Time": 642.282,
          "Actual Rows": 7,
          "Actual Loops": 1,
          "Workers Planned": 6,
          "Workers Launched": 6,
          "Single Copy": false,
          "Plans": [
            {
              "Node Type": "Aggregate",
              "Strategy": "Plain",
              "Partial Mode": "Partial",
              "Parent Relationship": "Outer",
              "Parallel Aware": false,
              "Startup Cost": 330685.02,
              "Total Cost": 330685.03,
              "Plan Rows": 1,
              "Plan Width": 8,
              "Actual Startup Time": 576.17,
              "Actual Total Time": 576.171,
              "Actual Rows": 1,
              "Actual Loops": 7,
              "Plans": [
                {
                  "Node Type": "Seq Scan",
                  "Parent Relationship": "Outer",
                  "Parallel Aware": true,
                  "Relation Name": "cast_info",
                  "Alias": "ci",
                  "Startup Cost": 0.0,
                  "Total Cost": 328162.03,
                  "Plan Rows": 1009199,
                  "Plan Width": 0,
                  "Actual Startup Time": 0.051,
                  "Actual Total Time": 535.615,
                  "Actual Rows": 892175,
                  "Actual Loops": 7,
                  "Filter": "(person_id < 601657)",
                  "Rows Removed by Filter": 4285589
                }
              ]
            }
          ]
        }
      ]
    },
    "Planning Time": 0.127,
    "Triggers": [],
    "Execution Time": 642.347
  }
]