[
  {
    "Plan": {
      "Node Type": "Aggregate",
      "Strategy": "Plain",
      "Partial Mode": "Finalize",
      "Parallel Aware": false,
      "Startup Cost": 332955.76,
      "Total Cost": 332955.77,
      "Plan Rows": 1,
      "Plan Width": 8,
      "Actual Startup Time": 630.087,
      "Actual Total Time": 673.31,
      "Actual Rows": 1,
      "Actual Loops": 1,
      "Plans": [
        {
          "Node Type": "Gather",
          "Parent Relationship": "Outer",
          "Parallel Aware": false,
          "Startup Cost": 332955.14,
          "Total Cost": 332955.75,
          "Plan Rows": 6,
          "Plan Width": 8,
          "Actual Startup Time": 629.855,
          "Actual Total Time": 673.3,
          "Actual Rows": 7,
          "Actual Loops": 1,
          "Workers Planned": 6,
          "Workers Launched": 6,
          "Single Copy": false,
          "Plans": [
            {
              "Node Type": "Aggregate",
              "Strategy": "Plain",
              "Partial Mode": "Partial",
              "Parent Relationship": "Outer",
              "Parallel Aware": false,
              "Startup Cost": 331955.14,
              "Total Cost": 331955.15,
              "Plan Rows": 1,
              "Plan Width": 8,
              "Actual Startup Time": 621.23,
              "Actual Total Time": 621.232,
              "Actual Rows": 1,
              "Actual Loops": 7,
              "Plans": [
                {
                  "Node Type": "Seq Scan",
                  "Parent Relationship": "Outer",
                  "Parallel Aware": true,
                  "Relation Name": "cast_info",
                  "Alias": "ci",
                  "Startup Cost": 0.0,
                  "Total Cost": 328211.39,
                  "Plan Rows": 1497498,
                  "Plan Width": 0,
                  "Actual Startup Time": 0.051,
                  "Actual Total Time": 556.118,
                  "Actual Rows": 1288406,
                  "Actual Loops": 7,
                  "Filter": "(person_id < 887369)",
                  "Rows Removed by Filter": 3889358
                }
              ]
            }
          ]
        }
      ]
    },
    "Planning Time": 0.213,
    "Triggers": [],
    "Execution Time": 673.38
  }
]