[
  {
    "Plan": {
      "Node Type": "Aggregate",
      "Strategy": "Plain",
      "Partial Mode": "Finalize",
      "Parallel Aware": false,
      "Startup Cost": 51417.68,
      "Total Cost": 51417.69,
      "Plan Rows": 1,
      "Plan Width": 8,
      "Actual Startup Time": 110.908,
      "Actual Total Time": 126.42,
      "Actual Rows": 1,
      "Actual Loops": 1,
      "Plans": [
        {
          "Node Type": "Gather",
          "Parent Relationship": "Outer",
          "Parallel Aware": false,
          "Startup Cost": 51417.26,
          "Total Cost": 51417.67,
          "Plan Rows": 4,
          "Plan Width": 8,
          "Actual Startup Time": 110.756,
          "Actual Total Time": 126.411,
          "Actual Rows": 5,
          "Actual Loops": 1,
          "Workers Planned": 4,
          "Workers Launched": 4,
          "Single Copy": false,
          "Plans": [
            {
              "Node Type": "Aggregate",
              "Strategy": "Plain",
              "Partial Mode": "Partial",
              "Parent Relationship": "Outer",
              "Parallel Aware": false,
              "Startup Cost": 50417.26,
              "Total Cost": 50417.27,
              "Plan Rows": 1,
              "Plan Width": 8,
              "Actual Startup Time": 101.585,
              "Actual Total Time": 101.587,
              "Actual Rows": 1,
              "Actual Loops": 5,
              "Plans": [
                {
                  "Node Type": "Nested Loop",
                  "Parent Relationship": "Outer",
                  "Parallel Aware": false,
                  "Join Type": "Inner",
                  "Startup Cost": 0.43,
                  "Total Cost": 50414.91,
                  "Plan Rows": 942,
                  "Plan Width": 0,
                  "Actual Startup Time": 62.723,
                  "Actual Total Time": 101.496,
                  "Actual Rows": 951,
                  "Actual Loops": 5,
                  "Inner Unique": false,
                  "Plans": [
                    {
                      "Node Type": "Seq Scan",
                      "Parent Relationship": "Outer",
                      "Parallel Aware": true,
                      "Relation Name": "title",
                      "Alias": "t",
                      "Startup Cost": 0.0,
                      "Total Cost": 45479.59,
                      "Plan Rows": 526,
                      "Plan Width": 4,
                      "Actual Startup Time": 62.435,
                      "Actual Total Time": 90.411,
                      "Actual Rows": 1167,
                      "Actual Loops": 5,
                      "Filter": "((kind_id < 7) AND (production_year = 1916))",
                      "Rows Removed by Filter": 504495
                    },
                    {
                      "Node Type": "Index Only Scan",
                      "Parent Relationship": "Inner",
                      "Parallel Aware": false,
                      "Scan Direction": "Forward",
                      "Index Name": "movie_id_movie_keyword",
                      "Relation Name": "movie_keyword",
                      "Alias": "mk",
                      "Startup Cost": 0.43,
                      "Total Cost": 8.92,
                      "Plan Rows": 46,
                      "Plan Width": 4,
                      "Actual Startup Time": 0.009,
                      "Actual Total Time": 0.009,
                      "Actual Rows": 1,
                      "Actual Loops": 5835,
                      "Index Cond": "(movie_id = t.id)",
                      "Rows Removed by Index Recheck": 0,
                      "Heap Fetches": 4754
                    }
                  ]
                }
              ]
            }
          ]
        }
      ]
    },
    "Planning Time": 0.605,
    "Triggers": [],
    "Execution Time": 126.49
  }
]