[
  {
    "Plan": {
      "Node Type": "Aggregate",
      "Strategy": "Plain",
      "Partial Mode": "Finalize",
      "Parallel Aware": false,
      "Startup Cost": 100891.3,
      "Total Cost": 100891.31,
      "Plan Rows": 1,
      "Plan Width": 8,
      "Actual Startup Time": 398.75,
      "Actual Total Time": 411.864,
      "Actual Rows": 1,
      "Actual Loops": 1,
      "Plans": [
        {
          "Node Type": "Gather",
          "Parent Relationship": "Outer",
          "Parallel Aware": false,
          "Startup Cost": 100891.08,
          "Total Cost": 100891.29,
          "Plan Rows": 2,
          "Plan Width": 8,
          "Actual Startup Time": 397.749,
          "Actual Total Time": 411.855,
          "Actual Rows": 3,
          "Actual Loops": 1,
          "Workers Planned": 2,
          "Workers Launched": 2,
          "Single Copy": false,
          "Plans": [
            {
              "Node Type": "Aggregate",
              "Strategy": "Plain",
              "Partial Mode": "Partial",
              "Parent Relationship": "Outer",
              "Parallel Aware": false,
              "Startup Cost": 99891.08,
              "Total Cost": 99891.09,
              "Plan Rows": 1,
              "Plan Width": 8,
              "Actual Startup Time": 389.442,
              "Actual Total Time": 389.449,
              "Actual Rows": 1,
              "Actual Loops": 3,
              "Plans": [
                {
                  "Node Type": "Hash Join",
                  "Parent Relationship": "Outer",
                  "Parallel Aware": true,
                  "Join Type": "Inner",
                  "Startup Cost": 83913.97,
                  "Total Cost": 99831.85,
                  "Plan Rows": 23692,
                  "Plan Width": 0,
                  "Actual Startup Time": 328.818,
                  "Actual Total Time": 385.202,
                  "Actual Rows": 91849,
                  "Actual Loops": 3,
                  "Inner Unique": false,
                  "Hash Cond": "(mi_idx.movie_id = t.id)",
                  "Plans": [
                    {
                      "Node Type": "Seq Scan",
                      "Parent Relationship": "Outer",
                      "Parallel Aware": true,
                      "Relation Name": "movie_info_idx",
                      "Alias": "mi_idx",
                      "Startup Cost": 0.0,
                      "Total Cost": 13685.15,
                      "Plan Rows": 575015,
                      "Plan Width": 4,
                      "Actual Startup Time": 0.027,
                      "Actual Total Time": 36.302,
                      "Actual Rows": 460012,
                      "Actual Loops": 3
                    },
                    {
                      "Node Type": "Hash",
                      "Parent Relationship": "Inner",
                      "Parallel Aware": true,
                      "Startup Cost": 83493.92,
                      "Total Cost": 83493.92,
                      "Plan Rows": 33604,
                      "Plan Width": 8,
                      "Actual Startup Time": 293.794,
                      "Actual Total Time": 293.799,
                      "Actual Rows": 76239,
                      "Actual Loops": 3,
                      "Hash Buckets": 262144,
                      "Original Hash Buckets": 131072,
                      "Hash Batches": 1,
                      "Original Hash Batches": 1,
                      "Peak Memory Usage": 12064,
                      "Plans": [
                        {
                          "Node Type": "Hash Join",
                          "Parent Relationship": "Outer",
                          "Parallel Aware": true,
                          "Join Type": "Inner",
                          "Startup Cost": 38973.24,
                          "Total Cost": 83493.92,
                          "Plan Rows": 33604,
                          "Plan Width": 8,
                          "Actual Startup Time": 102.26,
                          "Actual Total Time": 273.197,
                          "Actual Rows": 76239,
                          "Actual Loops": 3,
                          "Inner Unique": true,
                          "Hash Cond": "(mk.movie_id = t.id)",
                          "Plans": [
                            {
                              "Node Type": "Seq Scan",
                              "Parent Relationship": "Outer",
                              "Parallel Aware": true,
                              "Relation Name": "movie_keyword",
                              "Alias": "mk",
                              "Startup Cost": 0.0,
                              "Total Cost": 42695.65,
                              "Plan Rows": 695248,
                              "Plan Width": 4,
                              "Actual Startup Time": 0.42,
                              "Actual Total Time": 139.64,
                              "Actual Rows": 718858,
                              "Actual Loops": 3,
                              "Filter": "(keyword_id > 5360)",
                              "Rows Removed by Filter": 789119
                            },
                            {
                              "Node Type": "Hash",
                              "Parent Relationship": "Inner",
                              "Parallel Aware": true,
                              "Startup Cost": 38591.37,
                              "Total Cost": 38591.37,
                              "Plan Rows": 30550,
                              "Plan Width": 4,
                              "Actual Startup Time": 64.468,
                              "Actual Total Time": 64.469,
                              "Actual Rows": 39411,
                              "Actual Loops": 3,
                              "Hash Buckets": 131072,
                              "Original Hash Buckets": 131072,
                              "Hash Batches": 1,
                              "Original Hash Batches": 1,
                              "Peak Memory Usage": 5696,
                              "Plans": [
                                {
                                  "Node Type": "Bitmap Heap Scan",
                                  "Parent Relationship": "Outer",
                                  "Parallel Aware": true,
                                  "Relation Name": "title",
                                  "Alias": "t",
                                  "Startup Cost": 2211.49,
                                  "Total Cost": 38591.37,
                                  "Plan Rows": 30550,
                                  "Plan Width": 4,
                                  "Actual Startup Time": 16.589,
                                  "Actual Total Time": 51.41,
                                  "Actual Rows": 39411,
                                  "Actual Loops": 3,
                                  "Recheck Cond": "(kind_id = 4)",
                                  "Rows Removed by Index Recheck": 0,
                                  "Exact Heap Blocks": 7126,
                                  "Lossy Heap Blocks": 0,
                                  "Plans": [
                                    {
                                      "Node Type": "Bitmap Index Scan",
                                      "Parent Relationship": "Outer",
                                      "Parallel Aware": false,
                                      "Index Name": "kind_id_title",
                                      "Startup Cost": 0.0,
                                      "Total Cost": 2180.94,
                                      "Plan Rows": 122201,
                                      "Plan Width": 0,
                                      "Actual Startup Time": 15.175,
                                      "Actual Total Time": 15.175,
                                      "Actual Rows": 118234,
                                      "Actual Loops": 1,
                                      "Index Cond": "(kind_id = 4)"
                                    }
                                  ]
                                }
                              ]
                            }
                          ]
                        }
                      ]
                    }
                  ]
                }
              ]
            }
          ]
        }
      ]
    },
    "Planning Time": 1.385,
    "Triggers": [],
    "Execution Time": 411.973
  }
]