[
    {
        "Bao": {
            "Bao prediction": "NaN",
            "Bao recommended hint": "(no hint)"
        }
    },
    {
        "Plan": {
            "Node Type": "Aggregate",
            "Strategy": "Plain",
            "Partial Mode": "Finalize",
            "Parallel Aware": false,
            "Startup Cost": 332441.78,
            "Total Cost": 332441.79,
            "Plan Rows": 1,
            "Plan Width": 8,
            "Actual Startup Time": 318.556,
            "Actual Total Time": 324.968,
            "Actual Rows": 1,
            "Actual Loops": 1,
            "Output": [
                "count(*)"
            ],
            "Plans": [
                {
                    "Node Type": "Gather",
                    "Parent Relationship": "Outer",
                    "Parallel Aware": false,
                    "Startup Cost": 332441.15,
                    "Total Cost": 332441.76,
                    "Plan Rows": 6,
                    "Plan Width": 8,
                    "Actual Startup Time": 318.002,
                    "Actual Total Time": 324.958,
                    "Actual Rows": 7,
                    "Actual Loops": 1,
                    "Output": [
                        "(PARTIAL count(*))"
                    ],
                    "Workers Planned": 6,
                    "Workers Launched": 6,
                    "Single Copy": false,
                    "Plans": [
                        {
                            "Node Type": "Aggregate",
                            "Strategy": "Plain",
                            "Partial Mode": "Partial",
                            "Parent Relationship": "Outer",
                            "Parallel Aware": false,
                            "Startup Cost": 331441.15,
                            "Total Cost": 331441.16,
                            "Plan Rows": 1,
                            "Plan Width": 8,
                            "Actual Startup Time": 306.974,
                            "Actual Total Time": 306.975,
                            "Actual Rows": 1,
                            "Actual Loops": 7,
                            "Output": [
                                "PARTIAL count(*)"
                            ],
                            "Workers": [
                                {
                                    "Worker Number": 0,
                                    "Actual Startup Time": 305.208,
                                    "Actual Total Time": 305.21,
                                    "Actual Rows": 1,
                                    "Actual Loops": 1
                                },
                                {
                                    "Worker Number": 1,
                                    "Actual Startup Time": 305.144,
                                    "Actual Total Time": 305.145,
                                    "Actual Rows": 1,
                                    "Actual Loops": 1
                                },
                                {
                                    "Worker Number": 2,
                                    "Actual Startup Time": 305.159,
                                    "Actual Total Time": 305.16,
                                    "Actual Rows": 1,
                                    "Actual Loops": 1
                                },
                                {
                                    "Worker Number": 3,
                                    "Actual Startup Time": 305.144,
                                    "Actual Total Time": 305.146,
                                    "Actual Rows": 1,
                                    "Actual Loops": 1
                                },
                                {
                                    "Worker Number": 4,
                                    "Actual Startup Time": 305.185,
                                    "Actual Total Time": 305.187,
                                    "Actual Rows": 1,
                                    "Actual Loops": 1
                                },
                                {
                                    "Worker Number": 5,
                                    "Actual Startup Time": 305.667,
                                    "Actual Total Time": 305.668,
                                    "Actual Rows": 1,
                                    "Actual Loops": 1
                                }
                            ],
                            "Plans": [
                                {
                                    "Node Type": "Bitmap Heap Scan",
                                    "Parent Relationship": "Outer",
                                    "Parallel Aware": true,
                                    "Relation Name": "cast_info",
                                    "Schema": "public",
                                    "Alias": "ci",
                                    "Startup Cost": 69943.53,
                                    "Total Cost": 330582.44,
                                    "Plan Rows": 343487,
                                    "Plan Width": 0,
                                    "Actual Startup Time": 251.221,
                                    "Actual Total Time": 299.096,
                                    "Actual Rows": 128791,
                                    "Actual Loops": 7,
                                    "Recheck Cond": "(ci.person_id < 311613)",
                                    "Rows Removed by Index Recheck": 0,
                                    "Filter": "(ci.role_id > 1)",
                                    "Rows Removed by Filter": 331534,
                                    "Exact Heap Blocks": 6267,
                                    "Lossy Heap Blocks": 0,
                                    "Workers": [
                                        {
                                            "Worker Number": 0,
                                            "Actual Startup Time": 249.456,
                                            "Actual Total Time": 297.417,
                                            "Actual Rows": 113419,
                                            "Actual Loops": 1
                                        },
                                        {
                                            "Worker Number": 1,
                                            "Actual Startup Time": 249.383,
                                            "Actual Total Time": 297.218,
                                            "Actual Rows": 115733,
                                            "Actual Loops": 1
                                        },
                                        {
                                            "Worker Number": 2,
                                            "Actual Startup Time": 249.401,
                                            "Actual Total Time": 297.386,
                                            "Actual Rows": 113065,
                                            "Actual Loops": 1
                                        },
                                        {
                                            "Worker Number": 3,
                                            "Actual Startup Time": 249.406,
                                            "Actual Total Time": 297.369,
                                            "Actual Rows": 145957,
                                            "Actual Loops": 1
                                        },
                                        {
                                            "Worker Number": 4,
                                            "Actual Startup Time": 249.432,
                                            "Actual Total Time": 297.299,
                                            "Actual Rows": 114442,
                                            "Actual Loops": 1
                                        },
                                        {
                                            "Worker Number": 5,
                                            "Actual Startup Time": 249.92,
                                            "Actual Total Time": 299.172,
                                            "Actual Rows": 152605,
                                            "Actual Loops": 1
                                        }
                                    ],
                                    "Plans": [
                                        {
                                            "Node Type": "Bitmap Index Scan",
                                            "Parent Relationship": "Outer",
                                            "Parallel Aware": false,
                                            "Index Name": "person_id_cast_info",
                                            "Startup Cost": 0.0,
                                            "Total Cost": 69428.29,
                                            "Plan Rows": 3180764,
                                            "Plan Width": 0,
                                            "Actual Startup Time": 173.405,
                                            "Actual Total Time": 173.406,
                                            "Actual Rows": 3222278,
                                            "Actual Loops": 1,
                                            "Index Cond": "(ci.person_id < 311613)"
                                        }
                                    ]
                                }
                            ]
                        }
                    ]
                }
            ]
        },
        "Planning Time": 310.9,
        "Triggers": [],
        "Execution Time": 325.084
    }
]