[
  {
    "Plan": {
      "Node Type": "Aggregate",
      "Strategy": "Plain",
      "Partial Mode": "Finalize",
      "Parallel Aware": false,
      "Startup Cost": 47077.56,
      "Total Cost": 47077.57,
      "Plan Rows": 1,
      "Plan Width": 8,
      "Actual Startup Time": 102.722,
      "Actual Total Time": 112.557,
      "Actual Rows": 1,
      "Actual Loops": 1,
      "Plans": [
        {
          "Node Type": "Gather",
          "Parent Relationship": "Outer",
          "Parallel Aware": false,
          "Startup Cost": 47077.14,
          "Total Cost": 47077.55,
          "Plan Rows": 4,
          "Plan Width": 8,
          "Actual Startup Time": 102.582,
          "Actual Total Time": 112.546,
          "Actual Rows": 5,
          "Actual Loops": 1,
          "Workers Planned": 4,
          "Workers Launched": 4,
          "Single Copy": false,
          "Plans": [
            {
              "Node Type": "Aggregate",
              "Strategy": "Plain",
              "Partial Mode": "Partial",
              "Parent Relationship": "Outer",
              "Parallel Aware": false,
              "Startup Cost": 46077.14,
              "Total Cost": 46077.15,
              "Plan Rows": 1,
              "Plan Width": 8,
              "Actual Startup Time": 95.368,
              "Actual Total Time": 95.369,
              "Actual Rows": 1,
              "Actual Loops": 5,
              "Plans": [
                {
                  "Node Type": "Seq Scan",
                  "Parent Relationship": "Outer",
                  "Parallel Aware": true,
                  "Relation Name": "title",
                  "Alias": "t",
                  "Startup Cost": 0.0,
                  "Total Cost": 45479.59,
                  "Plan Rows": 239020,
                  "Plan Width": 0,
                  "Actual Startup Time": 0.044,
                  "Actual Total Time": 86.325,
                  "Actual Rows": 194880,
                  "Actual Loops": 5,
                  "Filter": "((kind_id < 7) AND (production_year < 2014))",
                  "Rows Removed by Filter": 310782
                }
              ]
            }
          ]
        }
      ]
    },
    "Planning Time": 0.206,
    "Triggers": [],
    "Execution Time": 112.61
  }
]