{
  "Plan": {
    "Node Type": "Aggregate",
    "Strategy": "Plain",
    "Partial Mode": "Finalize",
    "Parallel Aware": false,
    "Startup Cost": 48260.83,
    "Total Cost": 48260.84,
    "Plan Rows": 1,
    "Plan Width": 8,
    "Actual Startup Time": 102.838,
    "Actual Total Time": 106.274,
    "Actual Rows": 1,
    "Actual Loops": 1,
    "Plans": [
      {
        "Node Type": "Gather",
        "Parent Relationship": "Outer",
        "Parallel Aware": false,
        "Startup Cost": 48260.72,
        "Total Cost": 48260.83,
        "Plan Rows": 1,
        "Plan Width": 8,
        "Actual Startup Time": 102.732,
        "Actual Total Time": 106.268,
        "Actual Rows": 2,
        "Actual Loops": 1,
        "Workers Planned": 1,
        "Workers Launched": 1,
        "Single Copy": false,
        "Plans": [
          {
            "Node Type": "Aggregate",
            "Strategy": "Plain",
            "Partial Mode": "Partial",
            "Parent Relationship": "Outer",
            "Parallel Aware": false,
            "Startup Cost": 47260.72,
            "Total Cost": 47260.73,
            "Plan Rows": 1,
            "Plan Width": 8,
            "Actual Startup Time": 99.92,
            "Actual Total Time": 99.924,
            "Actual Rows": 1,
            "Actual Loops": 2,
            "Plans": [
              {
                "Node Type": "Hash Join",
                "Parent Relationship": "Outer",
                "Parallel Aware": true,
                "Join Type": "Inner",
                "Startup Cost": 28154.91,
                "Total Cost": 47258.11,
                "Plan Rows": 1045,
                "Plan Width": 0,
                "Actual Startup Time": 4.202,
                "Actual Total Time": 99.906,
                "Actual Rows": 104,
                "Actual Loops": 2,
                "Inner Unique": false,
                "Hash Cond": "(mi_idx.movie_id = t.id)",
                "Plans": [
                  {
                    "Node Type": "Seq Scan",
                    "Parent Relationship": "Outer",
                    "Parallel Aware": true,
                    "Relation Name": "movie_info_idx",
                    "Alias": "mi_idx",
                    "Startup Cost": 0.0,
                    "Total Cost": 16052.85,
                    "Plan Rows": 811785,
                    "Plan Width": 4,
                    "Actual Startup Time": 0.02,
                    "Actual Total Time": 52.648,
                    "Actual Rows": 690018,
                    "Actual Loops": 2
                  },
                  {
                    "Node Type": "Hash",
                    "Parent Relationship": "Inner",
                    "Parallel Aware": true,
                    "Startup Cost": 28130.98,
                    "Total Cost": 28130.98,
                    "Plan Rows": 1914,
                    "Plan Width": 8,
                    "Actual Startup Time": 1.922,
                    "Actual Total Time": 1.924,
                    "Actual Rows": 36,
                    "Actual Loops": 2,
                    "Hash Buckets": 4096,
                    "Original Hash Buckets": 4096,
                    "Hash Batches": 1,
                    "Original Hash Batches": 1,
                    "Peak Memory Usage": 64,
                    "Plans": [
                      {
                        "Node Type": "Nested Loop",
                        "Parent Relationship": "Outer",
                        "Parallel Aware": false,
                        "Join Type": "Inner",
                        "Startup Cost": 143.25,
                        "Total Cost": 28130.98,
                        "Plan Rows": 1914,
                        "Plan Width": 8,
                        "Actual Startup Time": 0.665,
                        "Actual Total Time": 3.8,
                        "Actual Rows": 72,
                        "Actual Loops": 1,
                        "Inner Unique": true,
                        "Plans": [
                          {
                            "Node Type": "Bitmap Heap Scan",
                            "Parent Relationship": "Outer",
                            "Parallel Aware": true,
                            "Relation Name": "movie_companies",
                            "Alias": "mc",
                            "Startup Cost": 142.82,
                            "Total Cost": 13463.55,
                            "Plan Rows": 1914,
                            "Plan Width": 4,
                            "Actual Startup Time": 0.646,
                            "Actual Total Time": 2.958,
                            "Actual Rows": 72,
                            "Actual Loops": 1,
                            "Recheck Cond": "(company_id = 1284)",
                            "Rows Removed by Index Recheck": 0,
                            "Filter": "(company_type_id < 2)",
                            "Rows Removed by Filter": 6282,
                            "Exact Heap Blocks": 719,
                            "Lossy Heap Blocks": 0,
                            "Plans": [
                              {
                                "Node Type": "Bitmap Index Scan",
                                "Parent Relationship": "Outer",
                                "Parallel Aware": false,
                                "Index Name": "company_id_movie_companies",
                                "Startup Cost": 0.0,
                                "Total Cost": 142.0,
                                "Plan Rows": 6610,
                                "Plan Width": 0,
                                "Actual Startup Time": 0.489,
                                "Actual Total Time": 0.49,
                                "Actual Rows": 6354,
                                "Actual Loops": 1,
                                "Index Cond": "(company_id = 1284)"
                              }
                            ]
                          },
                          {
                            "Node Type": "Index Only Scan",
                            "Parent Relationship": "Inner",
                            "Parallel Aware": false,
                            "Scan Direction": "Forward",
                            "Index Name": "title_pkey",
                            "Relation Name": "title",
                            "Alias": "t",
                            "Startup Cost": 0.43,
                            "Total Cost": 7.66,
                            "Plan Rows": 1,
                            "Plan Width": 4,
                            "Actual Startup Time": 0.011,
                            "Actual Total Time": 0.011,
                            "Actual Rows": 1,
                            "Actual Loops": 72,
                            "Index Cond": "(id = mc.movie_id)",
                            "Rows Removed by Index Recheck": 0,
                            "Heap Fetches": 72
                          }
                        ]
                      }
                    ]
                  }
                ]
              }
            ]
          }
        ]
      }
    ]
  },
  "Planning Time": 0.499,
  "Triggers": [],
  "Execution Time": 106.332
}