{
  "Plan": {
    "Node Type": "Aggregate",
    "Strategy": "Plain",
    "Partial Mode": "Finalize",
    "Parallel Aware": false,
    "Startup Cost": 58243.7,
    "Total Cost": 58243.71,
    "Plan Rows": 1,
    "Plan Width": 8,
    "Actual Startup Time": 106.06,
    "Actual Total Time": 117.255,
    "Actual Rows": 1,
    "Actual Loops": 1,
    "Plans": [
      {
        "Node Type": "Gather",
        "Parent Relationship": "Outer",
        "Parallel Aware": false,
        "Startup Cost": 58243.59,
        "Total Cost": 58243.7,
        "Plan Rows": 1,
        "Plan Width": 8,
        "Actual Startup Time": 105.819,
        "Actual Total Time": 117.246,
        "Actual Rows": 2,
        "Actual Loops": 1,
        "Workers Planned": 1,
        "Workers Launched": 1,
        "Single Copy": false,
        "Plans": [
          {
            "Node Type": "Aggregate",
            "Strategy": "Plain",
            "Partial Mode": "Partial",
            "Parent Relationship": "Outer",
            "Parallel Aware": false,
            "Startup Cost": 57243.59,
            "Total Cost": 57243.6,
            "Plan Rows": 1,
            "Plan Width": 8,
            "Actual Startup Time": 99.666,
            "Actual Total Time": 99.668,
            "Actual Rows": 1,
            "Actual Loops": 2,
            "Plans": [
              {
                "Node Type": "Nested Loop",
                "Parent Relationship": "Outer",
                "Parallel Aware": false,
                "Join Type": "Inner",
                "Startup Cost": 2182.55,
                "Total Cost": 57240.69,
                "Plan Rows": 1161,
                "Plan Width": 0,
                "Actual Startup Time": 16.507,
                "Actual Total Time": 98.869,
                "Actual Rows": 10971,
                "Actual Loops": 2,
                "Inner Unique": false,
                "Join Filter": "(t.id = mi_idx.movie_id)",
                "Rows Removed by Join Filter": 0,
                "Plans": [
                  {
                    "Node Type": "Nested Loop",
                    "Parent Relationship": "Outer",
                    "Parallel Aware": false,
                    "Join Type": "Inner",
                    "Startup Cost": 2182.12,
                    "Total Cost": 55575.28,
                    "Plan Rows": 3172,
                    "Plan Width": 8,
                    "Actual Startup Time": 16.335,
                    "Actual Total Time": 70.105,
                    "Actual Rows": 11862,
                    "Actual Loops": 2,
                    "Inner Unique": false,
                    "Plans": [
                      {
                        "Node Type": "Bitmap Heap Scan",
                        "Parent Relationship": "Outer",
                        "Parallel Aware": true,
                        "Relation Name": "title",
                        "Alias": "t",
                        "Startup Cost": 2181.69,
                        "Total Cost": 39257.94,
                        "Plan Rows": 1773,
                        "Plan Width": 4,
                        "Actual Startup Time": 16.141,
                        "Actual Total Time": 44.744,
                        "Actual Rows": 2368,
                        "Actual Loops": 2,
                        "Recheck Cond": "(kind_id = 4)",
                        "Rows Removed by Index Recheck": 0,
                        "Filter": "(production_year = 2002)",
                        "Rows Removed by Filter": 56748,
                        "Exact Heap Blocks": 9680,
                        "Lossy Heap Blocks": 0,
                        "Plans": [
                          {
                            "Node Type": "Bitmap Index Scan",
                            "Parent Relationship": "Outer",
                            "Parallel Aware": false,
                            "Index Name": "kind_id_title",
                            "Startup Cost": 0.0,
                            "Total Cost": 2180.94,
                            "Plan Rows": 122201,
                            "Plan Width": 0,
                            "Actual Startup Time": 17.02,
                            "Actual Total Time": 17.021,
                            "Actual Rows": 118234,
                            "Actual Loops": 1,
                            "Index Cond": "(kind_id = 4)"
                          }
                        ]
                      },
                      {
                        "Node Type": "Index Only Scan",
                        "Parent Relationship": "Inner",
                        "Parallel Aware": false,
                        "Scan Direction": "Forward",
                        "Index Name": "movie_id_movie_keyword",
                        "Relation Name": "movie_keyword",
                        "Alias": "mk",
                        "Startup Cost": 0.43,
                        "Total Cost": 8.75,
                        "Plan Rows": 45,
                        "Plan Width": 4,
                        "Actual Startup Time": 0.009,
                        "Actual Total Time": 0.01,
                        "Actual Rows": 5,
                        "Actual Loops": 4737,
                        "Index Cond": "(movie_id = t.id)",
                        "Rows Removed by Index Recheck": 0,
                        "Heap Fetches": 23725
                      }
                    ]
                  },
                  {
                    "Node Type": "Index Scan",
                    "Parent Relationship": "Inner",
                    "Parallel Aware": false,
                    "Scan Direction": "Forward",
                    "Index Name": "movie_id_movie_info_idx",
                    "Relation Name": "movie_info_idx",
                    "Alias": "mi_idx",
                    "Startup Cost": 0.43,
                    "Total Cost": 0.5,
                    "Plan Rows": 2,
                    "Plan Width": 4,
                    "Actual Startup Time": 0.002,
                    "Actual Total Time": 0.002,
                    "Actual Rows": 1,
                    "Actual Loops": 23725,
                    "Index Cond": "(movie_id = mk.movie_id)",
                    "Rows Removed by Index Recheck": 0,
                    "Filter": "(info_type_id > 99)",
                    "Rows Removed by Filter": 0
                  }
                ]
              }
            ]
          }
        ]
      }
    ]
  },
  "Planning Time": 1.043,
  "Triggers": [],
  "Execution Time": 117.356
}