[
  {
    "Plan": {
      "Node Type": "Aggregate",
      "Strategy": "Plain",
      "Partial Mode": "Finalize",
      "Parallel Aware": false,
      "Startup Cost": 408725.34,
      "Total Cost": 408725.35,
      "Plan Rows": 1,
      "Plan Width": 8,
      "Actual Startup Time": 1112.495,
      "Actual Total Time": 1183.023,
      "Actual Rows": 1,
      "Actual Loops": 1,
      "Plans": [
        {
          "Node Type": "Gather",
          "Parent Relationship": "Outer",
          "Parallel Aware": false,
          "Startup Cost": 408724.92,
          "Total Cost": 408725.33,
          "Plan Rows": 4,
          "Plan Width": 8,
          "Actual Startup Time": 1110.067,
          "Actual Total Time": 1183.013,
          "Actual Rows": 5,
          "Actual Loops": 1,
          "Workers Planned": 4,
          "Workers Launched": 4,
          "Single Copy": false,
          "Plans": [
            {
              "Node Type": "Aggregate",
              "Strategy": "Plain",
              "Partial Mode": "Partial",
              "Parent Relationship": "Outer",
              "Parallel Aware": false,
              "Startup Cost": 407724.92,
              "Total Cost": 407724.93,
              "Plan Rows": 1,
              "Plan Width": 8,
              "Actual Startup Time": 1099.751,
              "Actual Total Time": 1099.816,
              "Actual Rows": 1,
              "Actual Loops": 5,
              "Plans": [
                {
                  "Node Type": "Nested Loop",
                  "Parent Relationship": "Outer",
                  "Parallel Aware": false,
                  "Join Type": "Inner",
                  "Startup Cost": 272755.94,
                  "Total Cost": 407450.37,
                  "Plan Rows": 109820,
                  "Plan Width": 0,
                  "Actual Startup Time": 93.916,
                  "Actual Total Time": 1082.295,
                  "Actual Rows": 350677,
                  "Actual Loops": 5,
                  "Inner Unique": false,
                  "Plans": [
                    {
                      "Node Type": "Hash Join",
                      "Parent Relationship": "Outer",
                      "Parallel Aware": true,
                      "Join Type": "Inner",
                      "Startup Cost": 272755.5,
                      "Total Cost": 322280.37,
                      "Plan Rows": 47660,
                      "Plan Width": 8,
                      "Actual Startup Time": 93.667,
                      "Actual Total Time": 326.888,
                      "Actual Rows": 81230,
                      "Actual Loops": 5,
                      "Inner Unique": false,
                      "Hash Cond": "(t.id = ci.movie_id)",
                      "Plans": [
                        {
                          "Node Type": "Seq Scan",
                          "Parent Relationship": "Outer",
                          "Parallel Aware": true,
                          "Relation Name": "title",
                          "Alias": "t",
                          "Startup Cost": 0.0,
                          "Total Cost": 42318.73,
                          "Plan Rows": 632073,
                          "Plan Width": 4,
                          "Actual Startup Time": 0.014,
                          "Actual Total Time": 64.583,
                          "Actual Rows": 505662,
                          "Actual Loops": 5
                        },
                        {
                          "Node Type": "Hash",
                          "Parent Relationship": "Inner",
                          "Parallel Aware": true,
                          "Startup Cost": 272278.9,
                          "Total Cost": 272278.9,
                          "Plan Rows": 38128,
                          "Plan Width": 4,
                          "Actual Startup Time": 91.681,
                          "Actual Total Time": 91.685,
                          "Actual Rows": 81230,
                          "Actual Loops": 5,
                          "Hash Buckets": 524288,
                          "Original Hash Buckets": 262144,
                          "Hash Batches": 1,
                          "Original Hash Batches": 1,
                          "Peak Memory Usage": 22080,
                          "Plans": [
                            {
                              "Node Type": "Bitmap Heap Scan",
                              "Parent Relationship": "Outer",
                              "Parallel Aware": true,
                              "Relation Name": "cast_info",
                              "Alias": "ci",
                              "Startup Cost": 9252.96,
                              "Total Cost": 272278.9,
                              "Plan Rows": 38128,
                              "Plan Width": 4,
                              "Actual Startup Time": 22.731,
                              "Actual Total Time": 52.914,
                              "Actual Rows": 81230,
                              "Actual Loops": 5,
                              "Recheck Cond": "(person_id > 3985617)",
                              "Rows Removed by Index Recheck": 0,
                              "Filter": "(role_id > 2)",
                              "Rows Removed by Filter": 0,
                              "Exact Heap Blocks": 2037,
                              "Lossy Heap Blocks": 0,
                              "Plans": [
                                {
                                  "Node Type": "Bitmap Index Scan",
                                  "Parent Relationship": "Outer",
                                  "Parallel Aware": false,
                                  "Index Name": "person_id_cast_info",
                                  "Startup Cost": 0.0,
                                  "Total Cost": 9205.3,
                                  "Plan Rows": 421431,
                                  "Plan Width": 0,
                                  "Actual Startup Time": 25.087,
                                  "Actual Total Time": 25.087,
                                  "Actual Rows": 406148,
                                  "Actual Loops": 1,
                                  "Index Cond": "(person_id > 3985617)"
                                }
                              ]
                            }
                          ]
                        }
                      ]
                    },
                    {
                      "Node Type": "Index Scan",
                      "Parent Relationship": "Inner",
                      "Parallel Aware": false,
                      "Scan Direction": "Forward",
                      "Index Name": "movie_id_movie_info",
                      "Relation Name": "movie_info",
                      "Alias": "mi",
                      "Startup Cost": 0.43,
                      "Total Cost": 1.62,
                      "Plan Rows": 17,
                      "Plan Width": 4,
                      "Actual Startup Time": 0.003,
                      "Actual Total Time": 0.009,
                      "Actual Rows": 4,
                      "Actual Loops": 406148,
                      "Index Cond": "(movie_id = t.id)",
                      "Rows Removed by Index Recheck": 0,
                      "Filter": "(info_type_id < 7)",
                      "Rows Removed by Filter": 15
                    }
                  ]
                }
              ]
            }
          ]
        }
      ]
    },
    "Planning Time": 1.432,
    "Triggers": [],
    "Execution Time": 1183.162
  }
]