[
  {
    "Plan": {
      "Node Type": "Aggregate",
      "Strategy": "Plain",
      "Partial Mode": "Finalize",
      "Parallel Aware": false,
      "Startup Cost": 46863.08,
      "Total Cost": 46863.09,
      "Plan Rows": 1,
      "Plan Width": 8,
      "Actual Startup Time": 158.454,
      "Actual Total Time": 168.807,
      "Actual Rows": 1,
      "Actual Loops": 1,
      "Plans": [
        {
          "Node Type": "Gather",
          "Parent Relationship": "Outer",
          "Parallel Aware": false,
          "Startup Cost": 46862.76,
          "Total Cost": 46863.07,
          "Plan Rows": 3,
          "Plan Width": 8,
          "Actual Startup Time": 158.311,
          "Actual Total Time": 168.796,
          "Actual Rows": 4,
          "Actual Loops": 1,
          "Workers Planned": 3,
          "Workers Launched": 3,
          "Single Copy": false,
          "Plans": [
            {
              "Node Type": "Aggregate",
              "Strategy": "Plain",
              "Partial Mode": "Partial",
              "Parent Relationship": "Outer",
              "Parallel Aware": false,
              "Startup Cost": 45862.76,
              "Total Cost": 45862.77,
              "Plan Rows": 1,
              "Plan Width": 8,
              "Actual Startup Time": 153.165,
              "Actual Total Time": 153.167,
              "Actual Rows": 1,
              "Actual Loops": 4,
              "Plans": [
                {
                  "Node Type": "Seq Scan",
                  "Parent Relationship": "Outer",
                  "Parallel Aware": true,
                  "Relation Name": "movie_keyword",
                  "Alias": "mk",
                  "Startup Cost": 0.0,
                  "Total Cost": 42695.65,
                  "Plan Rows": 1266842,
                  "Plan Width": 0,
                  "Actual Startup Time": 0.048,
                  "Actual Total Time": 112.1,
                  "Actual Rows": 981598,
                  "Actual Loops": 4,
                  "Filter": "(keyword_id < 30728)",
                  "Rows Removed by Filter": 149385
                }
              ]
            }
          ]
        }
      ]
    },
    "Planning Time": 0.162,
    "Triggers": [],
    "Execution Time": 168.86
  }
]