[
  {
    "Plan": {
      "Node Type": "Aggregate",
      "Strategy": "Plain",
      "Partial Mode": "Finalize",
      "Parallel Aware": false,
      "Startup Cost": 46852.13,
      "Total Cost": 46852.14,
      "Plan Rows": 1,
      "Plan Width": 8,
      "Actual Startup Time": 192.465,
      "Actual Total Time": 201.963,
      "Actual Rows": 1,
      "Actual Loops": 1,
      "Plans": [
        {
          "Node Type": "Gather",
          "Parent Relationship": "Outer",
          "Parallel Aware": false,
          "Startup Cost": 46851.81,
          "Total Cost": 46852.12,
          "Plan Rows": 3,
          "Plan Width": 8,
          "Actual Startup Time": 192.368,
          "Actual Total Time": 201.953,
          "Actual Rows": 4,
          "Actual Loops": 1,
          "Workers Planned": 3,
          "Workers Launched": 3,
          "Single Copy": false,
          "Plans": [
            {
              "Node Type": "Aggregate",
              "Strategy": "Plain",
              "Partial Mode": "Partial",
              "Parent Relationship": "Outer",
              "Parallel Aware": false,
              "Startup Cost": 45851.81,
              "Total Cost": 45851.82,
              "Plan Rows": 1,
              "Plan Width": 8,
              "Actual Startup Time": 185.009,
              "Actual Total Time": 185.011,
              "Actual Rows": 1,
              "Actual Loops": 4,
              "Plans": [
                {
                  "Node Type": "Seq Scan",
                  "Parent Relationship": "Outer",
                  "Parallel Aware": true,
                  "Relation Name": "movie_keyword",
                  "Alias": "mk",
                  "Startup Cost": 0.0,
                  "Total Cost": 42695.65,
                  "Plan Rows": 1262463,
                  "Plan Width": 0,
                  "Actual Startup Time": 0.054,
                  "Actual Total Time": 137.363,
                  "Actual Rows": 981598,
                  "Actual Loops": 4,
                  "Filter": "(keyword_id < 30728)",
                  "Rows Removed by Filter": 149385
                }
              ]
            }
          ]
        }
      ]
    },
    "Planning Time": 0.195,
    "Triggers": [],
    "Execution Time": 202.023
  }
]