[
  {
    "Plan": {
      "Node Type": "Aggregate",
      "Strategy": "Plain",
      "Partial Mode": "Finalize",
      "Parallel Aware": false,
      "Startup Cost": 46495.43,
      "Total Cost": 46495.44,
      "Plan Rows": 1,
      "Plan Width": 8,
      "Actual Startup Time": 98.684,
      "Actual Total Time": 110.261,
      "Actual Rows": 1,
      "Actual Loops": 1,
      "Plans": [
        {
          "Node Type": "Gather",
          "Parent Relationship": "Outer",
          "Parallel Aware": false,
          "Startup Cost": 46495.01,
          "Total Cost": 46495.42,
          "Plan Rows": 4,
          "Plan Width": 8,
          "Actual Startup Time": 98.513,
          "Actual Total Time": 110.25,
          "Actual Rows": 5,
          "Actual Loops": 1,
          "Workers Planned": 4,
          "Workers Launched": 4,
          "Single Copy": false,
          "Plans": [
            {
              "Node Type": "Aggregate",
              "Strategy": "Plain",
              "Partial Mode": "Partial",
              "Parent Relationship": "Outer",
              "Parallel Aware": false,
              "Startup Cost": 45495.01,
              "Total Cost": 45495.02,
              "Plan Rows": 1,
              "Plan Width": 8,
              "Actual Startup Time": 89.353,
              "Actual Total Time": 89.354,
              "Actual Rows": 1,
              "Actual Loops": 5,
              "Plans": [
                {
                  "Node Type": "Seq Scan",
                  "Parent Relationship": "Outer",
                  "Parallel Aware": true,
                  "Relation Name": "title",
                  "Alias": "t",
                  "Startup Cost": 0.0,
                  "Total Cost": 45479.1,
                  "Plan Rows": 6364,
                  "Plan Width": 0,
                  "Actual Startup Time": 0.215,
                  "Actual Total Time": 88.985,
                  "Actual Rows": 3264,
                  "Actual Loops": 5,
                  "Filter": "((kind_id < 3) AND (production_year = 2004))",
                  "Rows Removed by Filter": 502399
                }
              ]
            }
          ]
        }
      ]
    },
    "Planning Time": 0.217,
    "Triggers": [],
    "Execution Time": 110.324
  }
]