[
  {
    "Plan": {
      "Node Type": "Aggregate",
      "Strategy": "Plain",
      "Partial Mode": "Finalize",
      "Parallel Aware": false,
      "Startup Cost": 33317.57,
      "Total Cost": 33317.58,
      "Plan Rows": 1,
      "Plan Width": 8,
      "Actual Startup Time": 91.668,
      "Actual Total Time": 99.821,
      "Actual Rows": 1,
      "Actual Loops": 1,
      "Plans": [
        {
          "Node Type": "Gather",
          "Parent Relationship": "Outer",
          "Parallel Aware": false,
          "Startup Cost": 33317.25,
          "Total Cost": 33317.56,
          "Plan Rows": 3,
          "Plan Width": 8,
          "Actual Startup Time": 91.52,
          "Actual Total Time": 99.812,
          "Actual Rows": 4,
          "Actual Loops": 1,
          "Workers Planned": 3,
          "Workers Launched": 3,
          "Single Copy": false,
          "Plans": [
            {
              "Node Type": "Aggregate",
              "Strategy": "Plain",
              "Partial Mode": "Partial",
              "Parent Relationship": "Outer",
              "Parallel Aware": false,
              "Startup Cost": 32317.25,
              "Total Cost": 32317.26,
              "Plan Rows": 1,
              "Plan Width": 8,
              "Actual Startup Time": 87.412,
              "Actual Total Time": 87.413,
              "Actual Rows": 1,
              "Actual Loops": 4,
              "Plans": [
                {
                  "Node Type": "Seq Scan",
                  "Parent Relationship": "Outer",
                  "Parallel Aware": true,
                  "Relation Name": "movie_companies",
                  "Alias": "mc",
                  "Startup Cost": 0.0,
                  "Total Cost": 31414.82,
                  "Plan Rows": 360973,
                  "Plan Width": 0,
                  "Actual Startup Time": 38.299,
                  "Actual Total Time": 76.497,
                  "Actual Rows": 229772,
                  "Actual Loops": 4,
                  "Filter": "((company_id < 80472) AND (company_type_id > 1))",
                  "Rows Removed by Filter": 422510
                }
              ]
            }
          ]
        }
      ]
    },
    "Planning Time": 0.117,
    "Triggers": [],
    "Execution Time": 99.856
  }
]