[
  {
    "Plan": {
      "Node Type": "Aggregate",
      "Strategy": "Plain",
      "Partial Mode": "Finalize",
      "Parallel Aware": false,
      "Startup Cost": 33315.1,
      "Total Cost": 33315.11,
      "Plan Rows": 1,
      "Plan Width": 8,
      "Actual Startup Time": 100.368,
      "Actual Total Time": 108.053,
      "Actual Rows": 1,
      "Actual Loops": 1,
      "Plans": [
        {
          "Node Type": "Gather",
          "Parent Relationship": "Outer",
          "Parallel Aware": false,
          "Startup Cost": 33314.79,
          "Total Cost": 33315.1,
          "Plan Rows": 3,
          "Plan Width": 8,
          "Actual Startup Time": 100.17,
          "Actual Total Time": 108.047,
          "Actual Rows": 4,
          "Actual Loops": 1,
          "Workers Planned": 3,
          "Workers Launched": 3,
          "Single Copy": false,
          "Plans": [
            {
              "Node Type": "Aggregate",
              "Strategy": "Plain",
              "Partial Mode": "Partial",
              "Parent Relationship": "Outer",
              "Parallel Aware": false,
              "Startup Cost": 32314.79,
              "Total Cost": 32314.8,
              "Plan Rows": 1,
              "Plan Width": 8,
              "Actual Startup Time": 92.495,
              "Actual Total Time": 92.496,
              "Actual Rows": 1,
              "Actual Loops": 4,
              "Plans": [
                {
                  "Node Type": "Seq Scan",
                  "Parent Relationship": "Outer",
                  "Parallel Aware": true,
                  "Relation Name": "movie_companies",
                  "Alias": "mc",
                  "Startup Cost": 0.0,
                  "Total Cost": 31414.82,
                  "Plan Rows": 359987,
                  "Plan Width": 0,
                  "Actual Startup Time": 49.781,
                  "Actual Total Time": 83.607,
                  "Actual Rows": 229772,
                  "Actual Loops": 4,
                  "Filter": "((company_id < 80472) AND (company_type_id > 1))",
                  "Rows Removed by Filter": 422510
                }
              ]
            }
          ]
        }
      ]
    },
    "Planning Time": 0.222,
    "Triggers": [],
    "Execution Time": 108.112
  }
]