[
  {
    "Plan": {
      "Node Type": "Aggregate",
      "Strategy": "Plain",
      "Partial Mode": "Finalize",
      "Parallel Aware": false,
      "Startup Cost": 161628.9,
      "Total Cost": 161628.91,
      "Plan Rows": 1,
      "Plan Width": 8,
      "Actual Startup Time": 434.803,
      "Actual Total Time": 452.538,
      "Actual Rows": 1,
      "Actual Loops": 1,
      "Plans": [
        {
          "Node Type": "Gather",
          "Parent Relationship": "Outer",
          "Parallel Aware": false,
          "Startup Cost": 161628.38,
          "Total Cost": 161628.89,
          "Plan Rows": 5,
          "Plan Width": 8,
          "Actual Startup Time": 430.568,
          "Actual Total Time": 452.526,
          "Actual Rows": 6,
          "Actual Loops": 1,
          "Workers Planned": 5,
          "Workers Launched": 5,
          "Single Copy": false,
          "Plans": [
            {
              "Node Type": "Aggregate",
              "Strategy": "Plain",
              "Partial Mode": "Partial",
              "Parent Relationship": "Outer",
              "Parallel Aware": false,
              "Startup Cost": 160628.38,
              "Total Cost": 160628.39,
              "Plan Rows": 1,
              "Plan Width": 8,
              "Actual Startup Time": 420.444,
              "Actual Total Time": 420.447,
              "Actual Rows": 1,
              "Actual Loops": 6,
              "Plans": [
                {
                  "Node Type": "Hash Join",
                  "Parent Relationship": "Outer",
                  "Parallel Aware": true,
                  "Join Type": "Inner",
                  "Startup Cost": 47675.74,
                  "Total Cost": 160099.88,
                  "Plan Rows": 211397,
                  "Plan Width": 0,
                  "Actual Startup Time": 134.904,
                  "Actual Total Time": 414.746,
                  "Actual Rows": 135645,
                  "Actual Loops": 6,
                  "Inner Unique": true,
                  "Hash Cond": "(ci.movie_id = t.id)",
                  "Plans": [
                    {
                      "Node Type": "Index Scan",
                      "Parent Relationship": "Outer",
                      "Parallel Aware": true,
                      "Scan Direction": "Forward",
                      "Index Name": "role_id_cast_info",
                      "Relation Name": "cast_info",
                      "Alias": "ci",
                      "Startup Cost": 0.56,
                      "Total Cost": 110428.26,
                      "Plan Rows": 760554,
                      "Plan Width": 4,
                      "Actual Startup Time": 0.144,
                      "Actual Total Time": 127.71,
                      "Actual Rows": 638592,
                      "Actual Loops": 6,
                      "Index Cond": "(role_id = 3)",
                      "Rows Removed by Index Recheck": 0,
                      "Filter": "(person_id > 213136)",
                      "Rows Removed by Filter": 29414
                    },
                    {
                      "Node Type": "Hash",
                      "Parent Relationship": "Inner",
                      "Parallel Aware": true,
                      "Startup Cost": 45479.1,
                      "Total Cost": 45479.1,
                      "Plan Rows": 175686,
                      "Plan Width": 4,
                      "Actual Startup Time": 131.135,
                      "Actual Total Time": 131.136,
                      "Actual Rows": 124988,
                      "Actual Loops": 6,
                      "Hash Buckets": 1048576,
                      "Original Hash Buckets": 1048576,
                      "Hash Batches": 1,
                      "Original Hash Batches": 1,
                      "Peak Memory Usage": 37632,
                      "Plans": [
                        {
                          "Node Type": "Seq Scan",
                          "Parent Relationship": "Outer",
                          "Parallel Aware": true,
                          "Relation Name": "title",
                          "Alias": "t",
                          "Startup Cost": 0.0,
                          "Total Cost": 45479.1,
                          "Plan Rows": 175686,
                          "Plan Width": 4,
                          "Actual Startup Time": 0.045,
                          "Actual Total Time": 83.382,
                          "Actual Rows": 124988,
                          "Actual Loops": 6,
                          "Filter": "((kind_id < 7) AND (production_year < 2009))",
                          "Rows Removed by Filter": 296397
                        }
                      ]
                    }
                  ]
                }
              ]
            }
          ]
        }
      ]
    },
    "Planning Time": 0.647,
    "Triggers": [],
    "Execution Time": 452.63
  }
]