{
  "Plan": {
    "Node Type": "Aggregate",
    "Strategy": "Plain",
    "Partial Mode": "Simple",
    "Parallel Aware": false,
    "Startup Cost": 3795.02,
    "Total Cost": 3795.03,
    "Plan Rows": 1,
    "Plan Width": 96,
    "Actual Startup Time": 24.918,
    "Actual Total Time": 24.925,
    "Actual Rows": 1,
    "Actual Loops": 1,
    "Plans": [
      {
        "Node Type": "Nested Loop",
        "Parent Relationship": "Outer",
        "Parallel Aware": false,
        "Join Type": "Inner",
        "Startup Cost": 11.94,
        "Total Cost": 3795.01,
        "Plan Rows": 1,
        "Plan Width": 46,
        "Actual Startup Time": 2.873,
        "Actual Total Time": 24.904,
        "Actual Rows": 1,
        "Actual Loops": 1,
        "Inner Unique": true,
        "Plans": [
          {
            "Node Type": "Nested Loop",
            "Parent Relationship": "Outer",
            "Parallel Aware": false,
            "Join Type": "Inner",
            "Startup Cost": 11.51,
            "Total Cost": 3790.54,
            "Plan Rows": 1,
            "Plan Width": 33,
            "Actual Startup Time": 2.841,
            "Actual Total Time": 24.871,
            "Actual Rows": 1,
            "Actual Loops": 1,
            "Inner Unique": true,
            "Join Filter": "(ml.link_type_id = lt.id)",
            "Rows Removed by Join Filter": 9,
            "Plans": [
              {
                "Node Type": "Nested Loop",
                "Parent Relationship": "Outer",
                "Parallel Aware": false,
                "Join Type": "Inner",
                "Startup Cost": 11.51,
                "Total Cost": 3789.13,
                "Plan Rows": 1,
                "Plan Width": 25,
                "Actual Startup Time": 2.81,
                "Actual Total Time": 24.839,
                "Actual Rows": 1,
                "Actual Loops": 1,
                "Inner Unique": false,
                "Plans": [
                  {
                    "Node Type": "Nested Loop",
                    "Parent Relationship": "Outer",
                    "Parallel Aware": false,
                    "Join Type": "Inner",
                    "Startup Cost": 11.23,
                    "Total Cost": 3774.67,
                    "Plan Rows": 34,
                    "Plan Width": 25,
                    "Actual Startup Time": 2.789,
                    "Actual Total Time": 24.492,
                    "Actual Rows": 126,
                    "Actual Loops": 1,
                    "Inner Unique": true,
                    "Plans": [
                      {
                        "Node Type": "Nested Loop",
                        "Parent Relationship": "Outer",
                        "Parallel Aware": false,
                        "Join Type": "Inner",
                        "Startup Cost": 10.8,
                        "Total Cost": 3758.1,
                        "Plan Rows": 34,
                        "Plan Width": 4,
                        "Actual Startup Time": 2.754,
                        "Actual Total Time": 23.176,
                        "Actual Rows": 126,
                        "Actual Loops": 1,
                        "Inner Unique": false,
                        "Plans": [
                          {
                            "Node Type": "Seq Scan",
                            "Parent Relationship": "Outer",
                            "Parallel Aware": false,
                            "Relation Name": "keyword",
                            "Alias": "k",
                            "Startup Cost": 0.0,
                            "Total Cost": 2626.12,
                            "Plan Rows": 1,
                            "Plan Width": 4,
                            "Actual Startup Time": 2.53,
                            "Actual Total Time": 22.479,
                            "Actual Rows": 1,
                            "Actual Loops": 1,
                            "Filter": "(keyword = 'claw'::text)",
                            "Rows Removed by Filter": 134169
                          },
                          {
                            "Node Type": "Bitmap Heap Scan",
                            "Parent Relationship": "Inner",
                            "Parallel Aware": false,
                            "Relation Name": "movie_keyword",
                            "Alias": "mk",
                            "Startup Cost": 10.8,
                            "Total Cost": 1128.92,
                            "Plan Rows": 305,
                            "Plan Width": 8,
                            "Actual Startup Time": 0.209,
                            "Actual Total Time": 0.637,
                            "Actual Rows": 126,
                            "Actual Loops": 1,
                            "Recheck Cond": "(keyword_id = k.id)",
                            "Rows Removed by Index Recheck": 0,
                            "Exact Heap Blocks": 114,
                            "Lossy Heap Blocks": 0,
                            "Plans": [
                              {
                                "Node Type": "Bitmap Index Scan",
                                "Parent Relationship": "Outer",
                                "Parallel Aware": false,
                                "Index Name": "keyword_id_movie_keyword",
                                "Startup Cost": 0.0,
                                "Total Cost": 10.72,
                                "Plan Rows": 305,
                                "Plan Width": 0,
                                "Actual Startup Time": 0.132,
                                "Actual Total Time": 0.132,
                                "Actual Rows": 126,
                                "Actual Loops": 1,
                                "Index Cond": "(keyword_id = k.id)"
                              }
                            ]
                          }
                        ]
                      },
                      {
                        "Node Type": "Index Scan",
                        "Parent Relationship": "Inner",
                        "Parallel Aware": false,
                        "Scan Direction": "Forward",
                        "Index Name": "title_pkey",
                        "Relation Name": "title",
                        "Alias": "t1",
                        "Startup Cost": 0.43,
                        "Total Cost": 0.49,
                        "Plan Rows": 1,
                        "Plan Width": 21,
                        "Actual Startup Time": 0.009,
                        "Actual Total Time": 0.009,
                        "Actual Rows": 1,
                        "Actual Loops": 126,
                        "Index Cond": "(id = mk.movie_id)",
                        "Rows Removed by Index Recheck": 0
                      }
                    ]
                  },
                  {
                    "Node Type": "Index Scan",
                    "Parent Relationship": "Inner",
                    "Parallel Aware": false,
                    "Scan Direction": "Forward",
                    "Index Name": "movie_id_movie_link",
                    "Relation Name": "movie_link",
                    "Alias": "ml",
                    "Startup Cost": 0.29,
                    "Total Cost": 0.38,
                    "Plan Rows": 5,
                    "Plan Width": 12,
                    "Actual Startup Time": 0.002,
                    "Actual Total Time": 0.002,
                    "Actual Rows": 0,
                    "Actual Loops": 126,
                    "Index Cond": "(movie_id = t1.id)",
                    "Rows Removed by Index Recheck": 0
                  }
                ]
              },
              {
                "Node Type": "Seq Scan",
                "Parent Relationship": "Inner",
                "Parallel Aware": false,
                "Relation Name": "link_type",
                "Alias": "lt",
                "Startup Cost": 0.0,
                "Total Cost": 1.18,
                "Plan Rows": 18,
                "Plan Width": 16,
                "Actual Startup Time": 0.016,
                "Actual Total Time": 0.019,
                "Actual Rows": 10,
                "Actual Loops": 1
              }
            ]
          },
          {
            "Node Type": "Index Scan",
            "Parent Relationship": "Inner",
            "Parallel Aware": false,
            "Scan Direction": "Forward",
            "Index Name": "title_pkey",
            "Relation Name": "title",
            "Alias": "t2",
            "Startup Cost": 0.43,
            "Total Cost": 4.47,
            "Plan Rows": 1,
            "Plan Width": 21,
            "Actual Startup Time": 0.026,
            "Actual Total Time": 0.027,
            "Actual Rows": 1,
            "Actual Loops": 1,
            "Index Cond": "(id = ml.linked_movie_id)",
            "Rows Removed by Index Recheck": 0
          }
        ]
      }
    ]
  },
  "Planning Time": 1.692,
  "Triggers": [],
  "Execution Time": 25.064
}