[
  {
    "Plan": {
      "Node Type": "Aggregate",
      "Strategy": "Plain",
      "Partial Mode": "Finalize",
      "Parallel Aware": false,
      "Startup Cost": 46160.78,
      "Total Cost": 46160.79,
      "Plan Rows": 1,
      "Plan Width": 8,
      "Actual Startup Time": 151.192,
      "Actual Total Time": 160.615,
      "Actual Rows": 1,
      "Actual Loops": 1,
      "Plans": [
        {
          "Node Type": "Gather",
          "Parent Relationship": "Outer",
          "Parallel Aware": false,
          "Startup Cost": 46160.46,
          "Total Cost": 46160.77,
          "Plan Rows": 3,
          "Plan Width": 8,
          "Actual Startup Time": 151.04,
          "Actual Total Time": 160.596,
          "Actual Rows": 4,
          "Actual Loops": 1,
          "Workers Planned": 3,
          "Workers Launched": 3,
          "Single Copy": false,
          "Plans": [
            {
              "Node Type": "Aggregate",
              "Strategy": "Plain",
              "Partial Mode": "Partial",
              "Parent Relationship": "Outer",
              "Parallel Aware": false,
              "Startup Cost": 45160.46,
              "Total Cost": 45160.47,
              "Plan Rows": 1,
              "Plan Width": 8,
              "Actual Startup Time": 147.723,
              "Actual Total Time": 147.724,
              "Actual Rows": 1,
              "Actual Loops": 4,
              "Plans": [
                {
                  "Node Type": "Seq Scan",
                  "Parent Relationship": "Outer",
                  "Parallel Aware": true,
                  "Relation Name": "movie_keyword",
                  "Alias": "mk",
                  "Startup Cost": 0.0,
                  "Total Cost": 42695.65,
                  "Plan Rows": 985923,
                  "Plan Width": 0,
                  "Actual Startup Time": 0.026,
                  "Actual Total Time": 114.361,
                  "Actual Rows": 765882,
                  "Actual Loops": 4,
                  "Filter": "(keyword_id < 11375)",
                  "Rows Removed by Filter": 365100
                }
              ]
            }
          ]
        }
      ]
    },
    "Planning Time": 0.084,
    "Triggers": [],
    "Execution Time": 160.651
  }
]