[
  {
    "Plan": {
      "Node Type": "Aggregate",
      "Strategy": "Plain",
      "Partial Mode": "Finalize",
      "Parallel Aware": false,
      "Startup Cost": 46172.28,
      "Total Cost": 46172.29,
      "Plan Rows": 1,
      "Plan Width": 8,
      "Actual Startup Time": 163.289,
      "Actual Total Time": 172.529,
      "Actual Rows": 1,
      "Actual Loops": 1,
      "Plans": [
        {
          "Node Type": "Gather",
          "Parent Relationship": "Outer",
          "Parallel Aware": false,
          "Startup Cost": 46171.96,
          "Total Cost": 46172.27,
          "Plan Rows": 3,
          "Plan Width": 8,
          "Actual Startup Time": 163.144,
          "Actual Total Time": 172.52,
          "Actual Rows": 4,
          "Actual Loops": 1,
          "Workers Planned": 3,
          "Workers Launched": 3,
          "Single Copy": false,
          "Plans": [
            {
              "Node Type": "Aggregate",
              "Strategy": "Plain",
              "Partial Mode": "Partial",
              "Parent Relationship": "Outer",
              "Parallel Aware": false,
              "Startup Cost": 45171.96,
              "Total Cost": 45171.97,
              "Plan Rows": 1,
              "Plan Width": 8,
              "Actual Startup Time": 155.991,
              "Actual Total Time": 155.992,
              "Actual Rows": 1,
              "Actual Loops": 4,
              "Plans": [
                {
                  "Node Type": "Seq Scan",
                  "Parent Relationship": "Outer",
                  "Parallel Aware": true,
                  "Relation Name": "movie_keyword",
                  "Alias": "mk",
                  "Startup Cost": 0.0,
                  "Total Cost": 42695.65,
                  "Plan Rows": 990522,
                  "Plan Width": 0,
                  "Actual Startup Time": 0.051,
                  "Actual Total Time": 121.392,
                  "Actual Rows": 765882,
                  "Actual Loops": 4,
                  "Filter": "(keyword_id < 11375)",
                  "Rows Removed by Filter": 365100
                }
              ]
            }
          ]
        }
      ]
    },
    "Planning Time": 0.183,
    "Triggers": [],
    "Execution Time": 172.585
  }
]