[
    {
        "Bao": {
            "Bao prediction": "NaN",
            "Bao recommended hint": "(no hint)"
        }
    },
    {
        "Plan": {
            "Node Type": "Aggregate",
            "Strategy": "Plain",
            "Partial Mode": "Finalize",
            "Parallel Aware": false,
            "Startup Cost": 226785.73,
            "Total Cost": 226785.74,
            "Plan Rows": 1,
            "Plan Width": 8,
            "Actual Startup Time": 44.559,
            "Actual Total Time": 48.567,
            "Actual Rows": 1,
            "Actual Loops": 1,
            "Output": [
                "count(*)"
            ],
            "Plans": [
                {
                    "Node Type": "Gather",
                    "Parent Relationship": "Outer",
                    "Parallel Aware": false,
                    "Startup Cost": 226785.31,
                    "Total Cost": 226785.72,
                    "Plan Rows": 4,
                    "Plan Width": 8,
                    "Actual Startup Time": 44.371,
                    "Actual Total Time": 48.561,
                    "Actual Rows": 5,
                    "Actual Loops": 1,
                    "Output": [
                        "(PARTIAL count(*))"
                    ],
                    "Workers Planned": 4,
                    "Workers Launched": 4,
                    "Single Copy": false,
                    "Plans": [
                        {
                            "Node Type": "Aggregate",
                            "Strategy": "Plain",
                            "Partial Mode": "Partial",
                            "Parent Relationship": "Outer",
                            "Parallel Aware": false,
                            "Startup Cost": 225785.31,
                            "Total Cost": 225785.32,
                            "Plan Rows": 1,
                            "Plan Width": 8,
                            "Actual Startup Time": 34.475,
                            "Actual Total Time": 34.478,
                            "Actual Rows": 1,
                            "Actual Loops": 5,
                            "Output": [
                                "PARTIAL count(*)"
                            ],
                            "Workers": [
                                {
                                    "Worker Number": 0,
                                    "Actual Startup Time": 31.939,
                                    "Actual Total Time": 31.941,
                                    "Actual Rows": 1,
                                    "Actual Loops": 1
                                },
                                {
                                    "Worker Number": 1,
                                    "Actual Startup Time": 32.076,
                                    "Actual Total Time": 32.077,
                                    "Actual Rows": 1,
                                    "Actual Loops": 1
                                },
                                {
                                    "Worker Number": 2,
                                    "Actual Startup Time": 32.137,
                                    "Actual Total Time": 32.139,
                                    "Actual Rows": 1,
                                    "Actual Loops": 1
                                },
                                {
                                    "Worker Number": 3,
                                    "Actual Startup Time": 32.283,
                                    "Actual Total Time": 32.285,
                                    "Actual Rows": 1,
                                    "Actual Loops": 1
                                }
                            ],
                            "Plans": [
                                {
                                    "Node Type": "Nested Loop",
                                    "Parent Relationship": "Outer",
                                    "Parallel Aware": false,
                                    "Join Type": "Inner",
                                    "Startup Cost": 2112.73,
                                    "Total Cost": 225702.37,
                                    "Plan Rows": 33176,
                                    "Plan Width": 0,
                                    "Actual Startup Time": 10.017,
                                    "Actual Total Time": 34.453,
                                    "Actual Rows": 96,
                                    "Actual Loops": 5,
                                    "Inner Unique": false,
                                    "Workers": [
                                        {
                                            "Worker Number": 0,
                                            "Actual Startup Time": 12.491,
                                            "Actual Total Time": 31.915,
                                            "Actual Rows": 79,
                                            "Actual Loops": 1
                                        },
                                        {
                                            "Worker Number": 1,
                                            "Actual Startup Time": 11.463,
                                            "Actual Total Time": 32.053,
                                            "Actual Rows": 67,
                                            "Actual Loops": 1
                                        },
                                        {
                                            "Worker Number": 2,
                                            "Actual Startup Time": 4.274,
                                            "Actual Total Time": 32.109,
                                            "Actual Rows": 73,
                                            "Actual Loops": 1
                                        },
                                        {
                                            "Worker Number": 3,
                                            "Actual Startup Time": 5.8,
                                            "Actual Total Time": 32.265,
                                            "Actual Rows": 29,
                                            "Actual Loops": 1
                                        }
                                    ],
                                    "Plans": [
                                        {
                                            "Node Type": "Bitmap Heap Scan",
                                            "Parent Relationship": "Outer",
                                            "Parallel Aware": true,
                                            "Relation Name": "title",
                                            "Schema": "public",
                                            "Alias": "t",
                                            "Startup Cost": 2112.29,
                                            "Total Cost": 38553.38,
                                            "Plan Rows": 5685,
                                            "Plan Width": 4,
                                            "Actual Startup Time": 9.852,
                                            "Actual Total Time": 33.11,
                                            "Actual Rows": 14,
                                            "Actual Loops": 5,
                                            "Output": [
                                                "t.id",
                                                "t.title",
                                                "t.imdb_index",
                                                "t.kind_id",
                                                "t.production_year",
                                                "t.imdb_id",
                                                "t.phonetic_code",
                                                "t.episode_of_id",
                                                "t.season_nr",
                                                "t.episode_nr",
                                                "t.series_years",
                                                "t.md5sum"
                                            ],
                                            "Recheck Cond": "(t.kind_id = 4)",
                                            "Rows Removed by Index Recheck": 0,
                                            "Filter": "(t.production_year < 1978)",
                                            "Rows Removed by Filter": 23633,
                                            "Exact Heap Blocks": 6990,
                                            "Lossy Heap Blocks": 0,
                                            "Workers": [
                                                {
                                                    "Worker Number": 0,
                                                    "Actual Startup Time": 12.342,
                                                    "Actual Total Time": 30.409,
                                                    "Actual Rows": 12,
                                                    "Actual Loops": 1
                                                },
                                                {
                                                    "Worker Number": 1,
                                                    "Actual Startup Time": 11.289,
                                                    "Actual Total Time": 30.503,
                                                    "Actual Rows": 10,
                                                    "Actual Loops": 1
                                                },
                                                {
                                                    "Worker Number": 2,
                                                    "Actual Startup Time": 4.085,
                                                    "Actual Total Time": 30.367,
                                                    "Actual Rows": 10,
                                                    "Actual Loops": 1
                                                },
                                                {
                                                    "Worker Number": 3,
                                                    "Actual Startup Time": 5.518,
                                                    "Actual Total Time": 31.027,
                                                    "Actual Rows": 5,
                                                    "Actual Loops": 1
                                                }
                                            ],
                                            "Plans": [
                                                {
                                                    "Node Type": "Bitmap Index Scan",
                                                    "Parent Relationship": "Outer",
                                                    "Parallel Aware": false,
                                                    "Index Name": "kind_id_title",
                                                    "Startup Cost": 0.0,
                                                    "Total Cost": 2106.61,
                                                    "Plan Rows": 118157,
                                                    "Plan Width": 0,
                                                    "Actual Startup Time": 8.986,
                                                    "Actual Total Time": 8.99,
                                                    "Actual Rows": 118234,
                                                    "Actual Loops": 1,
                                                    "Index Cond": "(t.kind_id = 4)"
                                                }
                                            ]
                                        },
                                        {
                                            "Node Type": "Index Only Scan",
                                            "Parent Relationship": "Inner",
                                            "Parallel Aware": false,
                                            "Scan Direction": "Forward",
                                            "Index Name": "movie_id_movie_info",
                                            "Relation Name": "movie_info",
                                            "Schema": "public",
                                            "Alias": "mi",
                                            "Startup Cost": 0.43,
                                            "Total Cost": 32.53,
                                            "Plan Rows": 39,
                                            "Plan Width": 4,
                                            "Actual Startup Time": 0.044,
                                            "Actual Total Time": 0.093,
                                            "Actual Rows": 7,
                                            "Actual Loops": 70,
                                            "Output": [
                                                "mi.movie_id"
                                            ],
                                            "Index Cond": "(mi.movie_id = t.id)",
                                            "Rows Removed by Index Recheck": 0,
                                            "Heap Fetches": 478,
                                            "Workers": [
                                                {
                                                    "Worker Number": 0,
                                                    "Actual Startup Time": 0.058,
                                                    "Actual Total Time": 0.122,
                                                    "Actual Rows": 7,
                                                    "Actual Loops": 12
                                                },
                                                {
                                                    "Worker Number": 1,
                                                    "Actual Startup Time": 0.067,
                                                    "Actual Total Time": 0.151,
                                                    "Actual Rows": 7,
                                                    "Actual Loops": 10
                                                },
                                                {
                                                    "Worker Number": 2,
                                                    "Actual Startup Time": 0.077,
                                                    "Actual Total Time": 0.169,
                                                    "Actual Rows": 7,
                                                    "Actual Loops": 10
                                                },
                                                {
                                                    "Worker Number": 3,
                                                    "Actual Startup Time": 0.128,
                                                    "Actual Total Time": 0.24,
                                                    "Actual Rows": 6,
                                                    "Actual Loops": 5
                                                }
                                            ]
                                        }
                                    ]
                                }
                            ]
                        }
                    ]
                }
            ]
        },
        "Planning Time": 224.161,
        "Triggers": [],
        "Execution Time": 48.646
    }
]