[
  {
    "Plan": {
      "Node Type": "Aggregate",
      "Strategy": "Plain",
      "Partial Mode": "Finalize",
      "Parallel Aware": false,
      "Startup Cost": 244876.42,
      "Total Cost": 244876.43,
      "Plan Rows": 1,
      "Plan Width": 8,
      "Actual Startup Time": 506.302,
      "Actual Total Time": 528.473,
      "Actual Rows": 1,
      "Actual Loops": 1,
      "Plans": [
        {
          "Node Type": "Gather",
          "Parent Relationship": "Outer",
          "Parallel Aware": false,
          "Startup Cost": 244875.79,
          "Total Cost": 244876.4,
          "Plan Rows": 6,
          "Plan Width": 8,
          "Actual Startup Time": 505.081,
          "Actual Total Time": 528.445,
          "Actual Rows": 7,
          "Actual Loops": 1,
          "Workers Planned": 6,
          "Workers Launched": 6,
          "Single Copy": false,
          "Plans": [
            {
              "Node Type": "Aggregate",
              "Strategy": "Plain",
              "Partial Mode": "Partial",
              "Parent Relationship": "Outer",
              "Parallel Aware": false,
              "Startup Cost": 243875.79,
              "Total Cost": 243875.8,
              "Plan Rows": 1,
              "Plan Width": 8,
              "Actual Startup Time": 494.34,
              "Actual Total Time": 494.344,
              "Actual Rows": 1,
              "Actual Loops": 7,
              "Plans": [
                {
                  "Node Type": "Hash Join",
                  "Parent Relationship": "Outer",
                  "Parallel Aware": true,
                  "Join Type": "Inner",
                  "Startup Cost": 44301.63,
                  "Total Cost": 243797.33,
                  "Plan Rows": 31384,
                  "Plan Width": 0,
                  "Actual Startup Time": 99.933,
                  "Actual Total Time": 490.966,
                  "Actual Rows": 60424,
                  "Actual Loops": 7,
                  "Inner Unique": true,
                  "Hash Cond": "(ci.movie_id = t.id)",
                  "Plans": [
                    {
                      "Node Type": "Index Scan",
                      "Parent Relationship": "Outer",
                      "Parallel Aware": true,
                      "Scan Direction": "Forward",
                      "Index Name": "role_id_cast_info",
                      "Relation Name": "cast_info",
                      "Alias": "ci",
                      "Startup Cost": 0.56,
                      "Total Cost": 197877.72,
                      "Plan Rows": 616587,
                      "Plan Width": 4,
                      "Actual Startup Time": 13.629,
                      "Actual Total Time": 235.712,
                      "Actual Rows": 1005109,
                      "Actual Loops": 7,
                      "Index Cond": "(role_id = 2)",
                      "Rows Removed by Index Recheck": 0,
                      "Filter": "(person_id > 1791547)",
                      "Rows Removed by Filter": 59459
                    },
                    {
                      "Node Type": "Hash",
                      "Parent Relationship": "Inner",
                      "Parallel Aware": true,
                      "Startup Cost": 43898.92,
                      "Total Cost": 43898.92,
                      "Plan Rows": 32172,
                      "Plan Width": 4,
                      "Actual Startup Time": 84.653,
                      "Actual Total Time": 84.654,
                      "Actual Rows": 18385,
                      "Actual Loops": 7,
                      "Hash Buckets": 131072,
                      "Original Hash Buckets": 131072,
                      "Hash Batches": 1,
                      "Original Hash Batches": 1,
                      "Peak Memory Usage": 6144,
                      "Plans": [
                        {
                          "Node Type": "Seq Scan",
                          "Parent Relationship": "Outer",
                          "Parallel Aware": true,
                          "Relation Name": "title",
                          "Alias": "t",
                          "Startup Cost": 0.0,
                          "Total Cost": 43898.92,
                          "Plan Rows": 32172,
                          "Plan Width": 4,
                          "Actual Startup Time": 0.054,
                          "Actual Total Time": 75.272,
                          "Actual Rows": 18385,
                          "Actual Loops": 7,
                          "Filter": "(production_year = 2009)",
                          "Rows Removed by Filter": 342802
                        }
                      ]
                    }
                  ]
                }
              ]
            }
          ]
        }
      ]
    },
    "Planning Time": 0.642,
    "Triggers": [],
    "Execution Time": 528.557
  }
]