{
    "Plan": {
        "Node Type": "Aggregate",
        "Strategy": "Plain",
        "Partial Mode": "Finalize",
        "Parallel Aware": false,
        "Startup Cost": 91458.05,
        "Total Cost": 91458.06,
        "Plan Rows": 1,
        "Plan Width": 8,
        "Actual Startup Time": 314.537,
        "Actual Total Time": 334.726,
        "Actual Rows": 1,
        "Actual Loops": 1,
        "Output": [
            "count(*)"
        ],
        "Plans": [
            {
                "Node Type": "Gather",
                "Parent Relationship": "Outer",
                "Parallel Aware": false,
                "Startup Cost": 91457.73,
                "Total Cost": 91458.04,
                "Plan Rows": 3,
                "Plan Width": 8,
                "Actual Startup Time": 312.211,
                "Actual Total Time": 334.715,
                "Actual Rows": 4,
                "Actual Loops": 1,
                "Output": [
                    "(PARTIAL count(*))"
                ],
                "Workers Planned": 3,
                "Workers Launched": 3,
                "Single Copy": false,
                "Plans": [
                    {
                        "Node Type": "Aggregate",
                        "Strategy": "Plain",
                        "Partial Mode": "Partial",
                        "Parent Relationship": "Outer",
                        "Parallel Aware": false,
                        "Startup Cost": 90457.73,
                        "Total Cost": 90457.74,
                        "Plan Rows": 1,
                        "Plan Width": 8,
                        "Actual Startup Time": 303.362,
                        "Actual Total Time": 303.365,
                        "Actual Rows": 1,
                        "Actual Loops": 4,
                        "Output": [
                            "PARTIAL count(*)"
                        ],
                        "Workers": [
                            {
                                "Worker Number": 0,
                                "Actual Startup Time": 300.844,
                                "Actual Total Time": 300.846,
                                "Actual Rows": 1,
                                "Actual Loops": 1
                            },
                            {
                                "Worker Number": 1,
                                "Actual Startup Time": 300.453,
                                "Actual Total Time": 300.456,
                                "Actual Rows": 1,
                                "Actual Loops": 1
                            },
                            {
                                "Worker Number": 2,
                                "Actual Startup Time": 300.671,
                                "Actual Total Time": 300.673,
                                "Actual Rows": 1,
                                "Actual Loops": 1
                            }
                        ],
                        "Plans": [
                            {
                                "Node Type": "Hash Join",
                                "Parent Relationship": "Outer",
                                "Parallel Aware": true,
                                "Join Type": "Inner",
                                "Startup Cost": 47679.52,
                                "Total Cost": 90440.42,
                                "Plan Rows": 6923,
                                "Plan Width": 0,
                                "Actual Startup Time": 189.492,
                                "Actual Total Time": 302.329,
                                "Actual Rows": 15543,
                                "Actual Loops": 4,
                                "Inner Unique": true,
                                "Hash Cond": "(mk.movie_id = t.id)",
                                "Workers": [
                                    {
                                        "Worker Number": 0,
                                        "Actual Startup Time": 186.487,
                                        "Actual Total Time": 299.683,
                                        "Actual Rows": 10164,
                                        "Actual Loops": 1
                                    },
                                    {
                                        "Worker Number": 1,
                                        "Actual Startup Time": 186.8,
                                        "Actual Total Time": 299.443,
                                        "Actual Rows": 16111,
                                        "Actual Loops": 1
                                    },
                                    {
                                        "Worker Number": 2,
                                        "Actual Startup Time": 186.883,
                                        "Actual Total Time": 299.663,
                                        "Actual Rows": 15569,
                                        "Actual Loops": 1
                                    }
                                ],
                                "Plans": [
                                    {
                                        "Node Type": "Seq Scan",
                                        "Parent Relationship": "Outer",
                                        "Parallel Aware": true,
                                        "Relation Name": "movie_keyword",
                                        "Schema": "public",
                                        "Alias": "mk",
                                        "Startup Cost": 0.0,
                                        "Total Cost": 42695.65,
                                        "Plan Rows": 24857,
                                        "Plan Width": 4,
                                        "Actual Startup Time": 0.056,
                                        "Actual Total Time": 100.723,
                                        "Actual Rows": 18124,
                                        "Actual Loops": 4,
                                        "Output": [
                                            "mk.id",
                                            "mk.movie_id",
                                            "mk.keyword_id"
                                        ],
                                        "Filter": "(mk.keyword_id = 335)",
                                        "Rows Removed by Filter": 1112858,
                                        "Workers": [
                                            {
                                                "Worker Number": 0,
                                                "Actual Startup Time": 0.037,
                                                "Actual Total Time": 101.797,
                                                "Actual Rows": 11851,
                                                "Actual Loops": 1
                                            },
                                            {
                                                "Worker Number": 1,
                                                "Actual Startup Time": 0.031,
                                                "Actual Total Time": 101.067,
                                                "Actual Rows": 18792,
                                                "Actual Loops": 1
                                            },
                                            {
                                                "Worker Number": 2,
                                                "Actual Startup Time": 0.017,
                                                "Actual Total Time": 101.362,
                                                "Actual Rows": 18179,
                                                "Actual Loops": 1
                                            }
                                        ]
                                    },
                                    {
                                        "Node Type": "Hash",
                                        "Parent Relationship": "Inner",
                                        "Parallel Aware": true,
                                        "Startup Cost": 45479.21,
                                        "Total Cost": 45479.21,
                                        "Plan Rows": 176025,
                                        "Plan Width": 4,
                                        "Actual Startup Time": 184.166,
                                        "Actual Total Time": 184.167,
                                        "Actual Rows": 187483,
                                        "Actual Loops": 4,
                                        "Output": [
                                            "t.id"
                                        ],
                                        "Hash Buckets": 1048576,
                                        "Original Hash Buckets": 1048576,
                                        "Hash Batches": 1,
                                        "Original Hash Batches": 1,
                                        "Peak Memory Usage": 37600,
                                        "Workers": [
                                            {
                                                "Worker Number": 0,
                                                "Actual Startup Time": 185.806,
                                                "Actual Total Time": 185.807,
                                                "Actual Rows": 116889,
                                                "Actual Loops": 1
                                            },
                                            {
                                                "Worker Number": 1,
                                                "Actual Startup Time": 186.006,
                                                "Actual Total Time": 186.007,
                                                "Actual Rows": 209107,
                                                "Actual Loops": 1
                                            },
                                            {
                                                "Worker Number": 2,
                                                "Actual Startup Time": 186.2,
                                                "Actual Total Time": 186.201,
                                                "Actual Rows": 211868,
                                                "Actual Loops": 1
                                            }
                                        ],
                                        "Plans": [
                                            {
                                                "Node Type": "Seq Scan",
                                                "Parent Relationship": "Outer",
                                                "Parallel Aware": true,
                                                "Relation Name": "title",
                                                "Schema": "public",
                                                "Alias": "t",
                                                "Startup Cost": 0.0,
                                                "Total Cost": 45479.21,
                                                "Plan Rows": 176025,
                                                "Plan Width": 4,
                                                "Actual Startup Time": 0.075,
                                                "Actual Total Time": 114.423,
                                                "Actual Rows": 187483,
                                                "Actual Loops": 4,
                                                "Output": [
                                                    "t.id"
                                                ],
                                                "Filter": "((t.kind_id < 7) AND (t.production_year < 2009))",
                                                "Rows Removed by Filter": 444595,
                                                "Workers": [
                                                    {
                                                        "Worker Number": 0,
                                                        "Actual Startup Time": 0.091,
                                                        "Actual Total Time": 119.816,
                                                        "Actual Rows": 116889,
                                                        "Actual Loops": 1
                                                    },
                                                    {
                                                        "Worker Number": 1,
                                                        "Actual Startup Time": 0.096,
                                                        "Actual Total Time": 114.468,
                                                        "Actual Rows": 209107,
                                                        "Actual Loops": 1
                                                    },
                                                    {
                                                        "Worker Number": 2,
                                                        "Actual Startup Time": 0.09,
                                                        "Actual Total Time": 114.563,
                                                        "Actual Rows": 211868,
                                                        "Actual Loops": 1
                                                    }
                                                ]
                                            }
                                        ]
                                    }
                                ]
                            }
                        ]
                    }
                ]
            }
        ]
    },
    "Planning Time": 0.73,
    "Triggers": [],
    "Execution Time": 334.806
}