[
  {
    "Plan": {
      "Node Type": "Aggregate",
      "Strategy": "Plain",
      "Partial Mode": "Finalize",
      "Parallel Aware": false,
      "Startup Cost": 27803.45,
      "Total Cost": 27803.46,
      "Plan Rows": 1,
      "Plan Width": 8,
      "Actual Startup Time": 56.722,
      "Actual Total Time": 64.367,
      "Actual Rows": 1,
      "Actual Loops": 1,
      "Plans": [
        {
          "Node Type": "Gather",
          "Parent Relationship": "Outer",
          "Parallel Aware": false,
          "Startup Cost": 27803.03,
          "Total Cost": 27803.44,
          "Plan Rows": 4,
          "Plan Width": 8,
          "Actual Startup Time": 56.587,
          "Actual Total Time": 64.351,
          "Actual Rows": 5,
          "Actual Loops": 1,
          "Workers Planned": 4,
          "Workers Launched": 4,
          "Single Copy": false,
          "Plans": [
            {
              "Node Type": "Aggregate",
              "Strategy": "Plain",
              "Partial Mode": "Partial",
              "Parent Relationship": "Outer",
              "Parallel Aware": false,
              "Startup Cost": 26803.03,
              "Total Cost": 26803.04,
              "Plan Rows": 1,
              "Plan Width": 8,
              "Actual Startup Time": 51.241,
              "Actual Total Time": 51.242,
              "Actual Rows": 1,
              "Actual Loops": 5,
              "Plans": [
                {
                  "Node Type": "Index Scan",
                  "Parent Relationship": "Outer",
                  "Parallel Aware": true,
                  "Scan Direction": "Forward",
                  "Index Name": "role_id_cast_info",
                  "Relation Name": "cast_info",
                  "Alias": "ci",
                  "Startup Cost": 0.56,
                  "Total Cost": 26337.94,
                  "Plan Rows": 186036,
                  "Plan Width": 0,
                  "Actual Startup Time": 0.095,
                  "Actual Total Time": 47.056,
                  "Actual Rows": 67096,
                  "Actual Loops": 5,
                  "Index Cond": "(role_id = 5)",
                  "Rows Removed by Index Recheck": 0,
                  "Filter": "(person_id < 2913091)",
                  "Rows Removed by Filter": 112582
                }
              ]
            }
          ]
        }
      ]
    },
    "Planning Time": 0.155,
    "Triggers": [],
    "Execution Time": 64.412
  }
]