[
  {
    "Plan": {
      "Node Type": "Aggregate",
      "Strategy": "Plain",
      "Partial Mode": "Finalize",
      "Parallel Aware": false,
      "Startup Cost": 32703.27,
      "Total Cost": 32703.28,
      "Plan Rows": 1,
      "Plan Width": 8,
      "Actual Startup Time": 83.193,
      "Actual Total Time": 90.736,
      "Actual Rows": 1,
      "Actual Loops": 1,
      "Plans": [
        {
          "Node Type": "Gather",
          "Parent Relationship": "Outer",
          "Parallel Aware": false,
          "Startup Cost": 32702.95,
          "Total Cost": 32703.26,
          "Plan Rows": 3,
          "Plan Width": 8,
          "Actual Startup Time": 83.062,
          "Actual Total Time": 90.727,
          "Actual Rows": 4,
          "Actual Loops": 1,
          "Workers Planned": 3,
          "Workers Launched": 3,
          "Single Copy": false,
          "Plans": [
            {
              "Node Type": "Aggregate",
              "Strategy": "Plain",
              "Partial Mode": "Partial",
              "Parent Relationship": "Outer",
              "Parallel Aware": false,
              "Startup Cost": 31702.95,
              "Total Cost": 31702.96,
              "Plan Rows": 1,
              "Plan Width": 8,
              "Actual Startup Time": 77.529,
              "Actual Total Time": 77.531,
              "Actual Rows": 1,
              "Actual Loops": 4,
              "Plans": [
                {
                  "Node Type": "Seq Scan",
                  "Parent Relationship": "Outer",
                  "Parallel Aware": true,
                  "Relation Name": "movie_companies",
                  "Alias": "mc",
                  "Startup Cost": 0.0,
                  "Total Cost": 31414.82,
                  "Plan Rows": 115254,
                  "Plan Width": 0,
                  "Actual Startup Time": 36.785,
                  "Actual Total Time": 70.554,
                  "Actual Rows": 165445,
                  "Actual Loops": 4,
                  "Filter": "((company_id > 46575) AND (company_type_id > 1))",
                  "Rows Removed by Filter": 486837
                }
              ]
            }
          ]
        }
      ]
    },
    "Planning Time": 0.22,
    "Triggers": [],
    "Execution Time": 90.79
  }
]