[
    {
        "Bao": {
            "Bao prediction": "NaN",
            "Bao recommended hint": "(no hint)"
        }
    },
    {
        "Plan": {
            "Node Type": "Aggregate",
            "Strategy": "Plain",
            "Partial Mode": "Finalize",
            "Parallel Aware": false,
            "Startup Cost": 33141.33,
            "Total Cost": 33141.34,
            "Plan Rows": 1,
            "Plan Width": 8,
            "Actual Startup Time": 101.747,
            "Actual Total Time": 109.964,
            "Actual Rows": 1,
            "Actual Loops": 1,
            "Output": [
                "count(*)"
            ],
            "Plans": [
                {
                    "Node Type": "Gather",
                    "Parent Relationship": "Outer",
                    "Parallel Aware": false,
                    "Startup Cost": 33141.01,
                    "Total Cost": 33141.32,
                    "Plan Rows": 3,
                    "Plan Width": 8,
                    "Actual Startup Time": 101.634,
                    "Actual Total Time": 109.956,
                    "Actual Rows": 4,
                    "Actual Loops": 1,
                    "Output": [
                        "(PARTIAL count(*))"
                    ],
                    "Workers Planned": 3,
                    "Workers Launched": 3,
                    "Single Copy": false,
                    "Plans": [
                        {
                            "Node Type": "Aggregate",
                            "Strategy": "Plain",
                            "Partial Mode": "Partial",
                            "Parent Relationship": "Outer",
                            "Parallel Aware": false,
                            "Startup Cost": 32141.01,
                            "Total Cost": 32141.02,
                            "Plan Rows": 1,
                            "Plan Width": 8,
                            "Actual Startup Time": 93.381,
                            "Actual Total Time": 93.382,
                            "Actual Rows": 1,
                            "Actual Loops": 4,
                            "Output": [
                                "PARTIAL count(*)"
                            ],
                            "Workers": [
                                {
                                    "Worker Number": 0,
                                    "Actual Startup Time": 90.276,
                                    "Actual Total Time": 90.277,
                                    "Actual Rows": 1,
                                    "Actual Loops": 1
                                },
                                {
                                    "Worker Number": 1,
                                    "Actual Startup Time": 90.898,
                                    "Actual Total Time": 90.9,
                                    "Actual Rows": 1,
                                    "Actual Loops": 1
                                },
                                {
                                    "Worker Number": 2,
                                    "Actual Startup Time": 91.103,
                                    "Actual Total Time": 91.104,
                                    "Actual Rows": 1,
                                    "Actual Loops": 1
                                }
                            ],
                            "Plans": [
                                {
                                    "Node Type": "Seq Scan",
                                    "Parent Relationship": "Outer",
                                    "Parallel Aware": true,
                                    "Relation Name": "movie_companies",
                                    "Schema": "public",
                                    "Alias": "mc",
                                    "Startup Cost": 0.0,
                                    "Total Cost": 31414.82,
                                    "Plan Rows": 290478,
                                    "Plan Width": 0,
                                    "Actual Startup Time": 44.409,
                                    "Actual Total Time": 85.231,
                                    "Actual Rows": 145354,
                                    "Actual Loops": 4,
                                    "Output": [
                                        "id",
                                        "movie_id",
                                        "company_id",
                                        "company_type_id",
                                        "note"
                                    ],
                                    "Filter": "((mc.company_id < 25610) AND (mc.company_type_id = 2))",
                                    "Rows Removed by Filter": 506929,
                                    "Workers": [
                                        {
                                            "Worker Number": 0,
                                            "Actual Startup Time": 41.305,
                                            "Actual Total Time": 82.411,
                                            "Actual Rows": 117665,
                                            "Actual Loops": 1
                                        },
                                        {
                                            "Worker Number": 1,
                                            "Actual Startup Time": 41.931,
                                            "Actual Total Time": 82.843,
                                            "Actual Rows": 119704,
                                            "Actual Loops": 1
                                        },
                                        {
                                            "Worker Number": 2,
                                            "Actual Startup Time": 42.13,
                                            "Actual Total Time": 83.014,
                                            "Actual Rows": 120211,
                                            "Actual Loops": 1
                                        }
                                    ]
                                }
                            ]
                        }
                    ]
                }
            ]
        },
        "Planning Time": 175.138,
        "Triggers": [],
        "Execution Time": 110.053
    }
]