[
  {
    "Plan": {
      "Node Type": "Aggregate",
      "Strategy": "Plain",
      "Partial Mode": "Finalize",
      "Parallel Aware": false,
      "Startup Cost": 43400.93,
      "Total Cost": 43400.94,
      "Plan Rows": 1,
      "Plan Width": 8,
      "Actual Startup Time": 69.831,
      "Actual Total Time": 79.987,
      "Actual Rows": 1,
      "Actual Loops": 1,
      "Plans": [
        {
          "Node Type": "Gather",
          "Parent Relationship": "Outer",
          "Parallel Aware": false,
          "Startup Cost": 43400.71,
          "Total Cost": 43400.92,
          "Plan Rows": 2,
          "Plan Width": 8,
          "Actual Startup Time": 69.674,
          "Actual Total Time": 79.981,
          "Actual Rows": 3,
          "Actual Loops": 1,
          "Workers Planned": 2,
          "Workers Launched": 2,
          "Single Copy": false,
          "Plans": [
            {
              "Node Type": "Aggregate",
              "Strategy": "Plain",
              "Partial Mode": "Partial",
              "Parent Relationship": "Outer",
              "Parallel Aware": false,
              "Startup Cost": 42400.71,
              "Total Cost": 42400.72,
              "Plan Rows": 1,
              "Plan Width": 8,
              "Actual Startup Time": 67.159,
              "Actual Total Time": 67.161,
              "Actual Rows": 1,
              "Actual Loops": 3,
              "Plans": [
                {
                  "Node Type": "Nested Loop",
                  "Parent Relationship": "Outer",
                  "Parallel Aware": false,
                  "Join Type": "Inner",
                  "Startup Cost": 168.61,
                  "Total Cost": 42354.19,
                  "Plan Rows": 18609,
                  "Plan Width": 0,
                  "Actual Startup Time": 0.688,
                  "Actual Total Time": 64.79,
                  "Actual Rows": 39798,
                  "Actual Loops": 3,
                  "Inner Unique": false,
                  "Plans": [
                    {
                      "Node Type": "Nested Loop",
                      "Parent Relationship": "Outer",
                      "Parallel Aware": false,
                      "Join Type": "Inner",
                      "Startup Cost": 168.17,
                      "Total Cost": 36456.04,
                      "Plan Rows": 3189,
                      "Plan Width": 8,
                      "Actual Startup Time": 0.624,
                      "Actual Total Time": 19.148,
                      "Actual Rows": 3077,
                      "Actual Loops": 3,
                      "Inner Unique": true,
                      "Plans": [
                        {
                          "Node Type": "Bitmap Heap Scan",
                          "Parent Relationship": "Outer",
                          "Parallel Aware": true,
                          "Relation Name": "movie_companies",
                          "Alias": "mc",
                          "Startup Cost": 167.74,
                          "Total Cost": 14545.69,
                          "Plan Rows": 3189,
                          "Plan Width": 4,
                          "Actual Startup Time": 0.553,
                          "Actual Total Time": 4.609,
                          "Actual Rows": 3077,
                          "Actual Loops": 3,
                          "Recheck Cond": "(company_id = 11141)",
                          "Rows Removed by Index Recheck": 0,
                          "Exact Heap Blocks": 2340,
                          "Lossy Heap Blocks": 0,
                          "Plans": [
                            {
                              "Node Type": "Bitmap Index Scan",
                              "Parent Relationship": "Outer",
                              "Parallel Aware": false,
                              "Index Name": "company_id_movie_companies",
                              "Startup Cost": 0.0,
                              "Total Cost": 165.83,
                              "Plan Rows": 7653,
                              "Plan Width": 0,
                              "Actual Startup Time": 1.041,
                              "Actual Total Time": 1.041,
                              "Actual Rows": 9230,
                              "Actual Loops": 1,
                              "Index Cond": "(company_id = 11141)"
                            }
                          ]
                        },
                        {
                          "Node Type": "Index Only Scan",
                          "Parent Relationship": "Inner",
                          "Parallel Aware": false,
                          "Scan Direction": "Forward",
                          "Index Name": "title_pkey",
                          "Relation Name": "title",
                          "Alias": "t",
                          "Startup Cost": 0.43,
                          "Total Cost": 6.87,
                          "Plan Rows": 1,
                          "Plan Width": 4,
                          "Actual Startup Time": 0.004,
                          "Actual Total Time": 0.004,
                          "Actual Rows": 1,
                          "Actual Loops": 9230,
                          "Index Cond": "(id = mc.movie_id)",
                          "Rows Removed by Index Recheck": 0,
                          "Heap Fetches": 9230
                        }
                      ]
                    },
                    {
                      "Node Type": "Index Only Scan",
                      "Parent Relationship": "Inner",
                      "Parallel Aware": false,
                      "Scan Direction": "Forward",
                      "Index Name": "movie_id_movie_info",
                      "Relation Name": "movie_info",
                      "Alias": "mi",
                      "Startup Cost": 0.43,
                      "Total Cost": 1.46,
                      "Plan Rows": 39,
                      "Plan Width": 4,
                      "Actual Startup Time": 0.006,
                      "Actual Total Time": 0.014,
                      "Actual Rows": 13,
                      "Actual Loops": 9230,
                      "Index Cond": "(movie_id = t.id)",
                      "Rows Removed by Index Recheck": 0,
                      "Heap Fetches": 119394
                    }
                  ]
                }
              ]
            }
          ]
        }
      ]
    },
    "Planning Time": 0.318,
    "Triggers": [],
    "Execution Time": 80.023
  }
]