[
  {
    "Plan": {
      "Node Type": "Aggregate",
      "Strategy": "Plain",
      "Partial Mode": "Finalize",
      "Parallel Aware": false,
      "Startup Cost": 304636.85,
      "Total Cost": 304636.86,
      "Plan Rows": 1,
      "Plan Width": 8,
      "Actual Startup Time": 617.665,
      "Actual Total Time": 644.755,
      "Actual Rows": 1,
      "Actual Loops": 1,
      "Plans": [
        {
          "Node Type": "Gather",
          "Parent Relationship": "Outer",
          "Parallel Aware": false,
          "Startup Cost": 304636.43,
          "Total Cost": 304636.84,
          "Plan Rows": 4,
          "Plan Width": 8,
          "Actual Startup Time": 611.185,
          "Actual Total Time": 644.745,
          "Actual Rows": 5,
          "Actual Loops": 1,
          "Workers Planned": 4,
          "Workers Launched": 4,
          "Single Copy": false,
          "Plans": [
            {
              "Node Type": "Aggregate",
              "Strategy": "Plain",
              "Partial Mode": "Partial",
              "Parent Relationship": "Outer",
              "Parallel Aware": false,
              "Startup Cost": 303636.43,
              "Total Cost": 303636.44,
              "Plan Rows": 1,
              "Plan Width": 8,
              "Actual Startup Time": 601.423,
              "Actual Total Time": 601.426,
              "Actual Rows": 1,
              "Actual Loops": 5,
              "Plans": [
                {
                  "Node Type": "Hash Join",
                  "Parent Relationship": "Outer",
                  "Parallel Aware": true,
                  "Join Type": "Inner",
                  "Startup Cost": 255706.85,
                  "Total Cost": 303523.33,
                  "Plan Rows": 45241,
                  "Plan Width": 0,
                  "Actual Startup Time": 417.262,
                  "Actual Total Time": 595.593,
                  "Actual Rows": 141753,
                  "Actual Loops": 5,
                  "Inner Unique": false,
                  "Hash Cond": "(t.id = ci.movie_id)",
                  "Plans": [
                    {
                      "Node Type": "Seq Scan",
                      "Parent Relationship": "Outer",
                      "Parallel Aware": true,
                      "Relation Name": "title",
                      "Alias": "t",
                      "Startup Cost": 0.0,
                      "Total Cost": 43898.92,
                      "Plan Rows": 384216,
                      "Plan Width": 4,
                      "Actual Startup Time": 0.02,
                      "Actual Total Time": 73.204,
                      "Actual Rows": 308653,
                      "Actual Loops": 5,
                      "Filter": "(kind_id = 7)",
                      "Rows Removed by Filter": 197010
                    },
                    {
                      "Node Type": "Hash",
                      "Parent Relationship": "Inner",
                      "Parallel Aware": true,
                      "Startup Cost": 255086.64,
                      "Total Cost": 255086.64,
                      "Plan Rows": 49617,
                      "Plan Width": 4,
                      "Actual Startup Time": 414.43,
                      "Actual Total Time": 414.432,
                      "Actual Rows": 220562,
                      "Actual Loops": 5,
                      "Hash Buckets": 2097152,
                      "Original Hash Buckets": 524288,
                      "Hash Batches": 1,
                      "Original Hash Batches": 1,
                      "Peak Memory Usage": 71840,
                      "Plans": [
                        {
                          "Node Type": "Index Scan",
                          "Parent Relationship": "Outer",
                          "Parallel Aware": true,
                          "Scan Direction": "Forward",
                          "Index Name": "role_id_cast_info",
                          "Relation Name": "cast_info",
                          "Alias": "ci",
                          "Startup Cost": 0.56,
                          "Total Cost": 255086.64,
                          "Plan Rows": 49617,
                          "Plan Width": 4,
                          "Actual Startup Time": 241.936,
                          "Actual Total Time": 315.732,
                          "Actual Rows": 220562,
                          "Actual Loops": 5,
                          "Index Cond": "(role_id > 4)",
                          "Rows Removed by Index Recheck": 0,
                          "Filter": "(person_id > 3847876)",
                          "Rows Removed by Filter": 1656379
                        }
                      ]
                    }
                  ]
                }
              ]
            }
          ]
        }
      ]
    },
    "Planning Time": 0.533,
    "Triggers": [],
    "Execution Time": 644.828
  }
]