[
    {
        "Bao": {
            "Bao prediction": 1244.771,
            "Bao recommended hint": "SET enable_nestloop TO off; "
        }
    },
    {
        "Plan": {
            "Node Type": "Aggregate",
            "Strategy": "Plain",
            "Partial Mode": "Finalize",
            "Parallel Aware": false,
            "Startup Cost": 490496.69,
            "Total Cost": 490496.7,
            "Plan Rows": 1,
            "Plan Width": 96,
            "Actual Startup Time": 1922.111,
            "Actual Total Time": 2036.688,
            "Actual Rows": 1,
            "Actual Loops": 1,
            "Output": [
                "min(k.keyword)",
                "min(n.name)",
                "min(t.title)"
            ],
            "Plans": [
                {
                    "Node Type": "Gather",
                    "Parent Relationship": "Outer",
                    "Parallel Aware": false,
                    "Startup Cost": 490496.25,
                    "Total Cost": 490496.66,
                    "Plan Rows": 4,
                    "Plan Width": 96,
                    "Actual Startup Time": 1921.566,
                    "Actual Total Time": 2036.652,
                    "Actual Rows": 5,
                    "Actual Loops": 1,
                    "Output": [
                        "(PARTIAL min(k.keyword))",
                        "(PARTIAL min(n.name))",
                        "(PARTIAL min(t.title))"
                    ],
                    "Workers Planned": 4,
                    "Workers Launched": 4,
                    "Single Copy": false,
                    "Plans": [
                        {
                            "Node Type": "Aggregate",
                            "Strategy": "Plain",
                            "Partial Mode": "Partial",
                            "Parent Relationship": "Outer",
                            "Parallel Aware": false,
                            "Startup Cost": 489496.25,
                            "Total Cost": 489496.26,
                            "Plan Rows": 1,
                            "Plan Width": 96,
                            "Actual Startup Time": 1909.934,
                            "Actual Total Time": 1909.953,
                            "Actual Rows": 1,
                            "Actual Loops": 5,
                            "Output": [
                                "PARTIAL min(k.keyword)",
                                "PARTIAL min(n.name)",
                                "PARTIAL min(t.title)"
                            ],
                            "Workers": [
                                {
                                    "Worker Number": 0,
                                    "Actual Startup Time": 1907.091,
                                    "Actual Total Time": 1907.108,
                                    "Actual Rows": 1,
                                    "Actual Loops": 1
                                },
                                {
                                    "Worker Number": 1,
                                    "Actual Startup Time": 1907.506,
                                    "Actual Total Time": 1907.523,
                                    "Actual Rows": 1,
                                    "Actual Loops": 1
                                },
                                {
                                    "Worker Number": 2,
                                    "Actual Startup Time": 1907.63,
                                    "Actual Total Time": 1907.65,
                                    "Actual Rows": 1,
                                    "Actual Loops": 1
                                },
                                {
                                    "Worker Number": 3,
                                    "Actual Startup Time": 1907.722,
                                    "Actual Total Time": 1907.742,
                                    "Actual Rows": 1,
                                    "Actual Loops": 1
                                }
                            ],
                            "Plans": [
                                {
                                    "Node Type": "Hash Join",
                                    "Parent Relationship": "Outer",
                                    "Parallel Aware": true,
                                    "Join Type": "Inner",
                                    "Startup Cost": 444475.77,
                                    "Total Cost": 489496.17,
                                    "Plan Rows": 11,
                                    "Plan Width": 48,
                                    "Actual Startup Time": 1782.192,
                                    "Actual Total Time": 1909.837,
                                    "Actual Rows": 227,
                                    "Actual Loops": 5,
                                    "Output": [
                                        "k.keyword",
                                        "n.name",
                                        "t.title"
                                    ],
                                    "Inner Unique": false,
                                    "Hash Cond": "(t.id = mk.movie_id)",
                                    "Workers": [
                                        {
                                            "Worker Number": 0,
                                            "Actual Startup Time": 1788.279,
                                            "Actual Total Time": 1907.008,
                                            "Actual Rows": 164,
                                            "Actual Loops": 1
                                        },
                                        {
                                            "Worker Number": 1,
                                            "Actual Startup Time": 1771.891,
                                            "Actual Total Time": 1907.406,
                                            "Actual Rows": 230,
                                            "Actual Loops": 1
                                        },
                                        {
                                            "Worker Number": 2,
                                            "Actual Startup Time": 1788.35,
                                            "Actual Total Time": 1907.534,
                                            "Actual Rows": 216,
                                            "Actual Loops": 1
                                        },
                                        {
                                            "Worker Number": 3,
                                            "Actual Startup Time": 1774.85,
                                            "Actual Total Time": 1907.629,
                                            "Actual Rows": 256,
                                            "Actual Loops": 1
                                        }
                                    ],
                                    "Plans": [
                                        {
                                            "Node Type": "Seq Scan",
                                            "Parent Relationship": "Outer",
                                            "Parallel Aware": true,
                                            "Relation Name": "title",
                                            "Schema": "public",
                                            "Alias": "t",
                                            "Startup Cost": 0.0,
                                            "Total Cost": 43899.32,
                                            "Plan Rows": 298950,
                                            "Plan Width": 21,
                                            "Actual Startup Time": 0.037,
                                            "Actual Total Time": 110.605,
                                            "Actual Rows": 238504,
                                            "Actual Loops": 5,
                                            "Output": [
                                                "t.id",
                                                "t.title",
                                                "t.imdb_index",
                                                "t.kind_id",
                                                "t.production_year",
                                                "t.imdb_id",
                                                "t.phonetic_code",
                                                "t.episode_of_id",
                                                "t.season_nr",
                                                "t.episode_nr",
                                                "t.series_years",
                                                "t.md5sum"
                                            ],
                                            "Filter": "(t.production_year > 2003)",
                                            "Rows Removed by Filter": 267159,
                                            "Workers": [
                                                {
                                                    "Worker Number": 0,
                                                    "Actual Startup Time": 0.042,
                                                    "Actual Total Time": 109.526,
                                                    "Actual Rows": 198861,
                                                    "Actual Loops": 1
                                                },
                                                {
                                                    "Worker Number": 1,
                                                    "Actual Startup Time": 0.04,
                                                    "Actual Total Time": 110.629,
                                                    "Actual Rows": 254758,
                                                    "Actual Loops": 1
                                                },
                                                {
                                                    "Worker Number": 2,
                                                    "Actual Startup Time": 0.045,
                                                    "Actual Total Time": 110.209,
                                                    "Actual Rows": 235586,
                                                    "Actual Loops": 1
                                                },
                                                {
                                                    "Worker Number": 3,
                                                    "Actual Startup Time": 0.043,
                                                    "Actual Total Time": 110.54,
                                                    "Actual Rows": 257997,
                                                    "Actual Loops": 1
                                                }
                                            ]
                                        },
                                        {
                                            "Node Type": "Hash",
                                            "Parent Relationship": "Inner",
                                            "Parallel Aware": true,
                                            "Startup Cost": 444475.57,
                                            "Total Cost": 444475.57,
                                            "Plan Rows": 16,
                                            "Plan Width": 39,
                                            "Actual Startup Time": 1771.788,
                                            "Actual Total Time": 1771.805,
                                            "Actual Rows": 562,
                                            "Actual Loops": 5,
                                            "Output": [
                                                "ci.movie_id",
                                                "mk.movie_id",
                                                "k.keyword",
                                                "n.name"
                                            ],
                                            "Hash Buckets": 4096,
                                            "Original Hash Buckets": 1024,
                                            "Hash Batches": 1,
                                            "Original Hash Batches": 1,
                                            "Peak Memory Usage": 344,
                                            "Workers": [
                                                {
                                                    "Worker Number": 0,
                                                    "Actual Startup Time": 1769.705,
                                                    "Actual Total Time": 1769.72,
                                                    "Actual Rows": 465,
                                                    "Actual Loops": 1
                                                },
                                                {
                                                    "Worker Number": 1,
                                                    "Actual Startup Time": 1770.134,
                                                    "Actual Total Time": 1770.148,
                                                    "Actual Rows": 754,
                                                    "Actual Loops": 1
                                                },
                                                {
                                                    "Worker Number": 2,
                                                    "Actual Startup Time": 1770.136,
                                                    "Actual Total Time": 1770.154,
                                                    "Actual Rows": 483,
                                                    "Actual Loops": 1
                                                },
                                                {
                                                    "Worker Number": 3,
                                                    "Actual Startup Time": 1770.236,
                                                    "Actual Total Time": 1770.255,
                                                    "Actual Rows": 621,
                                                    "Actual Loops": 1
                                                }
                                            ],
                                            "Plans": [
                                                {
                                                    "Node Type": "Hash Join",
                                                    "Parent Relationship": "Outer",
                                                    "Parallel Aware": true,
                                                    "Join Type": "Inner",
                                                    "Startup Cost": 115280.01,
                                                    "Total Cost": 444475.57,
                                                    "Plan Rows": 16,
                                                    "Plan Width": 39,
                                                    "Actual Startup Time": 703.072,
                                                    "Actual Total Time": 1759.551,
                                                    "Actual Rows": 562,
                                                    "Actual Loops": 5,
                                                    "Output": [
                                                        "ci.movie_id",
                                                        "mk.movie_id",
                                                        "k.keyword",
                                                        "n.name"
                                                    ],
                                                    "Inner Unique": false,
                                                    "Hash Cond": "(ci.movie_id = mk.movie_id)",
                                                    "Workers": [
                                                        {
                                                            "Worker Number": 0,
                                                            "Actual Startup Time": 869.614,
                                                            "Actual Total Time": 1767.231,
                                                            "Actual Rows": 465,
                                                            "Actual Loops": 1
                                                        },
                                                        {
                                                            "Worker Number": 1,
                                                            "Actual Startup Time": 752.822,
                                                            "Actual Total Time": 1768.753,
                                                            "Actual Rows": 754,
                                                            "Actual Loops": 1
                                                        },
                                                        {
                                                            "Worker Number": 2,
                                                            "Actual Startup Time": 703.534,
                                                            "Actual Total Time": 1741.901,
                                                            "Actual Rows": 483,
                                                            "Actual Loops": 1
                                                        },
                                                        {
                                                            "Worker Number": 3,
                                                            "Actual Startup Time": 667.295,
                                                            "Actual Total Time": 1768.877,
                                                            "Actual Rows": 621,
                                                            "Actual Loops": 1
                                                        }
                                                    ],
                                                    "Plans": [
                                                        {
                                                            "Node Type": "Hash Join",
                                                            "Parent Relationship": "Outer",
                                                            "Parallel Aware": true,
                                                            "Join Type": "Inner",
                                                            "Startup Cost": 68768.23,
                                                            "Total Cost": 397734.87,
                                                            "Plan Rows": 61030,
                                                            "Plan Width": 19,
                                                            "Actual Startup Time": 187.285,
                                                            "Actual Total Time": 1468.957,
                                                            "Actual Rows": 18956,
                                                            "Actual Loops": 5,
                                                            "Output": [
                                                                "ci.movie_id",
                                                                "n.name"
                                                            ],
                                                            "Inner Unique": true,
                                                            "Hash Cond": "(ci.person_id = n.id)",
                                                            "Workers": [
                                                                {
                                                                    "Worker Number": 0,
                                                                    "Actual Startup Time": 183.919,
                                                                    "Actual Total Time": 1479.5,
                                                                    "Actual Rows": 13665,
                                                                    "Actual Loops": 1
                                                                },
                                                                {
                                                                    "Worker Number": 1,
                                                                    "Actual Startup Time": 257.456,
                                                                    "Actual Total Time": 1479.606,
                                                                    "Actual Rows": 21412,
                                                                    "Actual Loops": 1
                                                                },
                                                                {
                                                                    "Worker Number": 2,
                                                                    "Actual Startup Time": 160.536,
                                                                    "Actual Total Time": 1453.081,
                                                                    "Actual Rows": 18969,
                                                                    "Actual Loops": 1
                                                                },
                                                                {
                                                                    "Worker Number": 3,
                                                                    "Actual Startup Time": 176.388,
                                                                    "Actual Total Time": 1479.355,
                                                                    "Actual Rows": 22629,
                                                                    "Actual Loops": 1
                                                                }
                                                            ],
                                                            "Plans": [
                                                                {
                                                                    "Node Type": "Seq Scan",
                                                                    "Parent Relationship": "Outer",
                                                                    "Parallel Aware": true,
                                                                    "Relation Name": "cast_info",
                                                                    "Schema": "public",
                                                                    "Alias": "ci",
                                                                    "Startup Cost": 0.0,
                                                                    "Total Cost": 313106.51,
                                                                    "Plan Rows": 6041951,
                                                                    "Plan Width": 8,
                                                                    "Actual Startup Time": 0.016,
                                                                    "Actual Total Time": 754.712,
                                                                    "Actual Rows": 7248869,
                                                                    "Actual Loops": 5,
                                                                    "Output": [
                                                                        "ci.id",
                                                                        "ci.person_id",
                                                                        "ci.movie_id",
                                                                        "ci.person_role_id",
                                                                        "ci.note",
                                                                        "ci.nr_order",
                                                                        "ci.role_id"
                                                                    ],
                                                                    "Workers": [
                                                                        {
                                                                            "Worker Number": 0,
                                                                            "Actual Startup Time": 0.014,
                                                                            "Actual Total Time": 746.691,
                                                                            "Actual Rows": 5377321,
                                                                            "Actual Loops": 1
                                                                        },
                                                                        {
                                                                            "Worker Number": 1,
                                                                            "Actual Startup Time": 0.013,
                                                                            "Actual Total Time": 756.001,
                                                                            "Actual Rows": 7776242,
                                                                            "Actual Loops": 1
                                                                        },
                                                                        {
                                                                            "Worker Number": 2,
                                                                            "Actual Startup Time": 0.024,
                                                                            "Actual Total Time": 750.711,
                                                                            "Actual Rows": 7288611,
                                                                            "Actual Loops": 1
                                                                        },
                                                                        {
                                                                            "Worker Number": 3,
                                                                            "Actual Startup Time": 0.02,
                                                                            "Actual Total Time": 755.65,
                                                                            "Actual Rows": 7815442,
                                                                            "Actual Loops": 1
                                                                        }
                                                                    ]
                                                                },
                                                                {
                                                                    "Node Type": "Hash",
                                                                    "Parent Relationship": "Inner",
                                                                    "Parallel Aware": true,
                                                                    "Startup Cost": 68636.68,
                                                                    "Total Cost": 68636.68,
                                                                    "Plan Rows": 10524,
                                                                    "Plan Width": 19,
                                                                    "Actual Startup Time": 157.601,
                                                                    "Actual Total Time": 157.604,
                                                                    "Actual Rows": 2142,
                                                                    "Actual Loops": 5,
                                                                    "Output": [
                                                                        "n.name",
                                                                        "n.id"
                                                                    ],
                                                                    "Hash Buckets": 65536,
                                                                    "Original Hash Buckets": 65536,
                                                                    "Hash Batches": 1,
                                                                    "Original Hash Batches": 1,
                                                                    "Peak Memory Usage": 1152,
                                                                    "Workers": [
                                                                        {
                                                                            "Worker Number": 0,
                                                                            "Actual Startup Time": 157.704,
                                                                            "Actual Total Time": 157.705,
                                                                            "Actual Rows": 1648,
                                                                            "Actual Loops": 1
                                                                        },
                                                                        {
                                                                            "Worker Number": 1,
                                                                            "Actual Startup Time": 157.75,
                                                                            "Actual Total Time": 157.752,
                                                                            "Actual Rows": 2237,
                                                                            "Actual Loops": 1
                                                                        },
                                                                        {
                                                                            "Worker Number": 2,
                                                                            "Actual Startup Time": 157.741,
                                                                            "Actual Total Time": 157.742,
                                                                            "Actual Rows": 2283,
                                                                            "Actual Loops": 1
                                                                        },
                                                                        {
                                                                            "Worker Number": 3,
                                                                            "Actual Startup Time": 157.033,
                                                                            "Actual Total Time": 157.037,
                                                                            "Actual Rows": 2385,
                                                                            "Actual Loops": 1
                                                                        }
                                                                    ],
                                                                    "Plans": [
                                                                        {
                                                                            "Node Type": "Seq Scan",
                                                                            "Parent Relationship": "Outer",
                                                                            "Parallel Aware": true,
                                                                            "Relation Name": "name",
                                                                            "Schema": "public",
                                                                            "Alias": "n",
                                                                            "Startup Cost": 0.0,
                                                                            "Total Cost": 68636.68,
                                                                            "Plan Rows": 10524,
                                                                            "Plan Width": 19,
                                                                            "Actual Startup Time": 7.644,
                                                                            "Actual Total Time": 155.854,
                                                                            "Actual Rows": 2142,
                                                                            "Actual Loops": 5,
                                                                            "Output": [
                                                                                "n.name",
                                                                                "n.id"
                                                                            ],
                                                                            "Filter": "(n.name ~~ '%Williams,%'::text)",
                                                                            "Rows Removed by Filter": 831357,
                                                                            "Workers": [
                                                                                {
                                                                                    "Worker Number": 0,
                                                                                    "Actual Startup Time": 11.793,
                                                                                    "Actual Total Time": 155.86,
                                                                                    "Actual Rows": 1648,
                                                                                    "Actual Loops": 1
                                                                                },
                                                                                {
                                                                                    "Worker Number": 1,
                                                                                    "Actual Startup Time": 4.087,
                                                                                    "Actual Total Time": 155.777,
                                                                                    "Actual Rows": 2237,
                                                                                    "Actual Loops": 1
                                                                                },
                                                                                {
                                                                                    "Worker Number": 2,
                                                                                    "Actual Startup Time": 11.721,
                                                                                    "Actual Total Time": 155.824,
                                                                                    "Actual Rows": 2283,
                                                                                    "Actual Loops": 1
                                                                                },
                                                                                {
                                                                                    "Worker Number": 3,
                                                                                    "Actual Startup Time": 0.103,
                                                                                    "Actual Total Time": 155.991,
                                                                                    "Actual Rows": 2385,
                                                                                    "Actual Loops": 1
                                                                                }
                                                                            ]
                                                                        }
                                                                    ]
                                                                }
                                                            ]
                                                        },
                                                        {
                                                            "Node Type": "Hash",
                                                            "Parent Relationship": "Inner",
                                                            "Parallel Aware": true,
                                                            "Startup Cost": 46510.69,
                                                            "Total Cost": 46510.69,
                                                            "Plan Rows": 87,
                                                            "Plan Width": 20,
                                                            "Actual Startup Time": 285.837,
                                                            "Actual Total Time": 285.843,
                                                            "Actual Rows": 4565,
                                                            "Actual Loops": 5,
                                                            "Output": [
                                                                "k.keyword",
                                                                "mk.movie_id"
                                                            ],
                                                            "Hash Buckets": 32768,
                                                            "Original Hash Buckets": 1024,
                                                            "Hash Batches": 1,
                                                            "Original Hash Batches": 1,
                                                            "Peak Memory Usage": 1688,
                                                            "Workers": [
                                                                {
                                                                    "Worker Number": 0,
                                                                    "Actual Startup Time": 283.724,
                                                                    "Actual Total Time": 283.732,
                                                                    "Actual Rows": 3865,
                                                                    "Actual Loops": 1
                                                                },
                                                                {
                                                                    "Worker Number": 1,
                                                                    "Actual Startup Time": 284.131,
                                                                    "Actual Total Time": 284.134,
                                                                    "Actual Rows": 4892,
                                                                    "Actual Loops": 1
                                                                },
                                                                {
                                                                    "Worker Number": 2,
                                                                    "Actual Startup Time": 284.208,
                                                                    "Actual Total Time": 284.216,
                                                                    "Actual Rows": 3325,
                                                                    "Actual Loops": 1
                                                                },
                                                                {
                                                                    "Worker Number": 3,
                                                                    "Actual Startup Time": 284.247,
                                                                    "Actual Total Time": 284.258,
                                                                    "Actual Rows": 4608,
                                                                    "Actual Loops": 1
                                                                }
                                                            ],
                                                            "Plans": [
                                                                {
                                                                    "Node Type": "Hash Join",
                                                                    "Parent Relationship": "Outer",
                                                                    "Parallel Aware": false,
                                                                    "Join Type": "Inner",
                                                                    "Startup Cost": 3632.5,
                                                                    "Total Cost": 46510.69,
                                                                    "Plan Rows": 87,
                                                                    "Plan Width": 20,
                                                                    "Actual Startup Time": 42.374,
                                                                    "Actual Total Time": 217.275,
                                                                    "Actual Rows": 4565,
                                                                    "Actual Loops": 5,
                                                                    "Output": [
                                                                        "k.keyword",
                                                                        "mk.movie_id"
                                                                    ],
                                                                    "Inner Unique": true,
                                                                    "Hash Cond": "(mk.keyword_id = k.id)",
                                                                    "Workers": [
                                                                        {
                                                                            "Worker Number": 0,
                                                                            "Actual Startup Time": 43.492,
                                                                            "Actual Total Time": 228.628,
                                                                            "Actual Rows": 3865,
                                                                            "Actual Loops": 1
                                                                        },
                                                                        {
                                                                            "Worker Number": 1,
                                                                            "Actual Startup Time": 41.043,
                                                                            "Actual Total Time": 216.954,
                                                                            "Actual Rows": 4892,
                                                                            "Actual Loops": 1
                                                                        },
                                                                        {
                                                                            "Worker Number": 2,
                                                                            "Actual Startup Time": 41.14,
                                                                            "Actual Total Time": 179.405,
                                                                            "Actual Rows": 3325,
                                                                            "Actual Loops": 1
                                                                        },
                                                                        {
                                                                            "Worker Number": 3,
                                                                            "Actual Startup Time": 41.269,
                                                                            "Actual Total Time": 212.471,
                                                                            "Actual Rows": 4608,
                                                                            "Actual Loops": 1
                                                                        }
                                                                    ],
                                                                    "Plans": [
                                                                        {
                                                                            "Node Type": "Seq Scan",
                                                                            "Parent Relationship": "Outer",
                                                                            "Parallel Aware": true,
                                                                            "Relation Name": "movie_keyword",
                                                                            "Schema": "public",
                                                                            "Alias": "mk",
                                                                            "Startup Cost": 0.0,
                                                                            "Total Cost": 39047.32,
                                                                            "Plan Rows": 1459332,
                                                                            "Plan Width": 8,
                                                                            "Actual Startup Time": 0.054,
                                                                            "Actual Total Time": 102.046,
                                                                            "Actual Rows": 904786,
                                                                            "Actual Loops": 5,
                                                                            "Output": [
                                                                                "mk.id",
                                                                                "mk.movie_id",
                                                                                "mk.keyword_id"
                                                                            ],
                                                                            "Workers": [
                                                                                {
                                                                                    "Worker Number": 0,
                                                                                    "Actual Startup Time": 0.06,
                                                                                    "Actual Total Time": 107.185,
                                                                                    "Actual Rows": 734635,
                                                                                    "Actual Loops": 1
                                                                                },
                                                                                {
                                                                                    "Worker Number": 1,
                                                                                    "Actual Startup Time": 0.061,
                                                                                    "Actual Total Time": 100.626,
                                                                                    "Actual Rows": 950900,
                                                                                    "Actual Loops": 1
                                                                                },
                                                                                {
                                                                                    "Worker Number": 2,
                                                                                    "Actual Startup Time": 0.064,
                                                                                    "Actual Total Time": 78.103,
                                                                                    "Actual Rows": 690730,
                                                                                    "Actual Loops": 1
                                                                                },
                                                                                {
                                                                                    "Worker Number": 3,
                                                                                    "Actual Startup Time": 0.062,
                                                                                    "Actual Total Time": 102.22,
                                                                                    "Actual Rows": 880415,
                                                                                    "Actual Loops": 1
                                                                                }
                                                                            ]
                                                                        },
                                                                        {
                                                                            "Node Type": "Hash",
                                                                            "Parent Relationship": "Inner",
                                                                            "Parallel Aware": false,
                                                                            "Startup Cost": 3632.4,
                                                                            "Total Cost": 3632.4,
                                                                            "Plan Rows": 8,
                                                                            "Plan Width": 20,
                                                                            "Actual Startup Time": 42.167,
                                                                            "Actual Total Time": 42.169,
                                                                            "Actual Rows": 6,
                                                                            "Actual Loops": 5,
                                                                            "Output": [
                                                                                "k.keyword",
                                                                                "k.id"
                                                                            ],
                                                                            "Hash Buckets": 1024,
                                                                            "Original Hash Buckets": 1024,
                                                                            "Hash Batches": 1,
                                                                            "Original Hash Batches": 1,
                                                                            "Peak Memory Usage": 9,
                                                                            "Workers": [
                                                                                {
                                                                                    "Worker Number": 0,
                                                                                    "Actual Startup Time": 43.181,
                                                                                    "Actual Total Time": 43.186,
                                                                                    "Actual Rows": 6,
                                                                                    "Actual Loops": 1
                                                                                },
                                                                                {
                                                                                    "Worker Number": 1,
                                                                                    "Actual Startup Time": 40.921,
                                                                                    "Actual Total Time": 40.922,
                                                                                    "Actual Rows": 6,
                                                                                    "Actual Loops": 1
                                                                                },
                                                                                {
                                                                                    "Worker Number": 2,
                                                                                    "Actual Startup Time": 41.017,
                                                                                    "Actual Total Time": 41.019,
                                                                                    "Actual Rows": 6,
                                                                                    "Actual Loops": 1
                                                                                },
                                                                                {
                                                                                    "Worker Number": 3,
                                                                                    "Actual Startup Time": 41.028,
                                                                                    "Actual Total Time": 41.031,
                                                                                    "Actual Rows": 6,
                                                                                    "Actual Loops": 1
                                                                                }
                                                                            ],
                                                                            "Plans": [
                                                                                {
                                                                                    "Node Type": "Seq Scan",
                                                                                    "Parent Relationship": "Outer",
                                                                                    "Parallel Aware": false,
                                                                                    "Relation Name": "keyword",
                                                                                    "Schema": "public",
                                                                                    "Alias": "k",
                                                                                    "Startup Cost": 0.0,
                                                                                    "Total Cost": 3632.4,
                                                                                    "Plan Rows": 8,
                                                                                    "Plan Width": 20,
                                                                                    "Actual Startup Time": 0.228,
                                                                                    "Actual Total Time": 42.132,
                                                                                    "Actual Rows": 6,
                                                                                    "Actual Loops": 5,
                                                                                    "Output": [
                                                                                        "k.keyword",
                                                                                        "k.id"
                                                                                    ],
                                                                                    "Filter": "(k.keyword = ANY ('{computer-animated-movie,fight,martial-arts,web,sequel,superhero,sequel,marvel-comics}'::text[]))",
                                                                                    "Rows Removed by Filter": 134164,
                                                                                    "Workers": [
                                                                                        {
                                                                                            "Worker Number": 0,
                                                                                            "Actual Startup Time": 0.226,
                                                                                            "Actual Total Time": 43.147,
                                                                                            "Actual Rows": 6,
                                                                                            "Actual Loops": 1
                                                                                        },
                                                                                        {
                                                                                            "Worker Number": 1,
                                                                                            "Actual Startup Time": 0.226,
                                                                                            "Actual Total Time": 40.887,
                                                                                            "Actual Rows": 6,
                                                                                            "Actual Loops": 1
                                                                                        },
                                                                                        {
                                                                                            "Worker Number": 2,
                                                                                            "Actual Startup Time": 0.235,
                                                                                            "Actual Total Time": 40.982,
                                                                                            "Actual Rows": 6,
                                                                                            "Actual Loops": 1
                                                                                        },
                                                                                        {
                                                                                            "Worker Number": 3,
                                                                                            "Actual Startup Time": 0.246,
                                                                                            "Actual Total Time": 40.992,
                                                                                            "Actual Rows": 6,
                                                                                            "Actual Loops": 1
                                                                                        }
                                                                                    ]
                                                                                }
                                                                            ]
                                                                        }
                                                                    ]
                                                                }
                                                            ]
                                                        }
                                                    ]
                                                }
                                            ]
                                        }
                                    ]
                                }
                            ]
                        }
                    ]
                }
            ]
        },
        "Planning Time": 615.028,
        "Triggers": [],
        "Execution Time": 2037.498
    }
]