{
  "Plan": {
    "Node Type": "Aggregate",
    "Strategy": "Plain",
    "Partial Mode": "Simple",
    "Parallel Aware": false,
    "Startup Cost": 688812.86,
    "Total Cost": 688812.87,
    "Plan Rows": 1,
    "Plan Width": 64,
    "Actual Startup Time": 3282.98,
    "Actual Total Time": 3283.128,
    "Actual Rows": 1,
    "Actual Loops": 1,
    "Plans": [
      {
        "Node Type": "Merge Join",
        "Parent Relationship": "Outer",
        "Parallel Aware": false,
        "Join Type": "Inner",
        "Startup Cost": 666779.5,
        "Total Cost": 688812.85,
        "Plan Rows": 1,
        "Plan Width": 60,
        "Actual Startup Time": 3114.781,
        "Actual Total Time": 3283.079,
        "Actual Rows": 328,
        "Actual Loops": 1,
        "Inner Unique": false,
        "Merge Cond": "(at.movie_id = t.id)",
        "Plans": [
          {
            "Node Type": "Index Only Scan",
            "Parent Relationship": "Outer",
            "Parallel Aware": false,
            "Scan Direction": "Forward",
            "Index Name": "movie_id_aka_title",
            "Relation Name": "aka_title",
            "Alias": "at",
            "Startup Cost": 0.42,
            "Total Cost": 21135.93,
            "Plan Rows": 361472,
            "Plan Width": 4,
            "Actual Startup Time": 0.028,
            "Actual Total Time": 152.97,
            "Actual Rows": 357252,
            "Actual Loops": 1,
            "Heap Fetches": 357252
          },
          {
            "Node Type": "Sort",
            "Parent Relationship": "Inner",
            "Parallel Aware": false,
            "Startup Cost": 666773.22,
            "Total Cost": 666773.23,
            "Plan Rows": 1,
            "Plan Width": 76,
            "Actual Startup Time": 3113.202,
            "Actual Total Time": 3113.556,
            "Actual Rows": 1442,
            "Actual Loops": 1,
            "Sort Key": [
              "mi.movie_id"
            ],
            "Sort Method": "quicksort",
            "Sort Space Used": 213,
            "Sort Space Type": "Memory",
            "Plans": [
              {
                "Node Type": "Merge Join",
                "Parent Relationship": "Outer",
                "Parallel Aware": false,
                "Join Type": "Inner",
                "Startup Cost": 661445.38,
                "Total Cost": 666773.21,
                "Plan Rows": 1,
                "Plan Width": 76,
                "Actual Startup Time": 3066.231,
                "Actual Total Time": 3112.995,
                "Actual Rows": 1398,
                "Actual Loops": 1,
                "Inner Unique": false,
                "Merge Cond": "(k.id = mk.keyword_id)",
                "Plans": [
                  {
                    "Node Type": "Index Only Scan",
                    "Parent Relationship": "Outer",
                    "Parallel Aware": false,
                    "Scan Direction": "Forward",
                    "Index Name": "keyword_pkey",
                    "Relation Name": "keyword",
                    "Alias": "k",
                    "Startup Cost": 0.42,
                    "Total Cost": 5007.75,
                    "Plan Rows": 134170,
                    "Plan Width": 4,
                    "Actual Startup Time": 0.028,
                    "Actual Total Time": 40.099,
                    "Actual Rows": 133881,
                    "Actual Loops": 1,
                    "Heap Fetches": 133881
                  },
                  {
                    "Node Type": "Sort",
                    "Parent Relationship": "Inner",
                    "Parallel Aware": false,
                    "Startup Cost": 661444.96,
                    "Total Cost": 661444.96,
                    "Plan Rows": 1,
                    "Plan Width": 80,
                    "Actual Startup Time": 3066.2,
                    "Actual Total Time": 3066.471,
                    "Actual Rows": 1398,
                    "Actual Loops": 1,
                    "Sort Key": [
                      "mk.keyword_id"
                    ],
                    "Sort Method": "quicksort",
                    "Sort Space Used": 224,
                    "Sort Space Type": "Memory",
                    "Plans": [
                      {
                        "Node Type": "Merge Join",
                        "Parent Relationship": "Outer",
                        "Parallel Aware": false,
                        "Join Type": "Inner",
                        "Startup Cost": 648769.06,
                        "Total Cost": 661444.95,
                        "Plan Rows": 1,
                        "Plan Width": 80,
                        "Actual Startup Time": 3034.735,
                        "Actual Total Time": 3065.936,
                        "Actual Rows": 1398,
                        "Actual Loops": 1,
                        "Inner Unique": false,
                        "Merge Cond": "(cn.id = mc.company_id)",
                        "Plans": [
                          {
                            "Node Type": "Index Scan",
                            "Parent Relationship": "Outer",
                            "Parallel Aware": false,
                            "Scan Direction": "Forward",
                            "Index Name": "company_name_pkey",
                            "Relation Name": "company_name",
                            "Alias": "cn",
                            "Startup Cost": 0.42,
                            "Total Cost": 12469.43,
                            "Plan Rows": 85931,
                            "Plan Width": 4,
                            "Actual Startup Time": 0.018,
                            "Actual Total Time": 29.468,
                            "Actual Rows": 25737,
                            "Actual Loops": 1,
                            "Filter": "((country_code)::text = '[us]'::text)",
                            "Rows Removed by Filter": 44853
                          },
                          {
                            "Node Type": "Sort",
                            "Parent Relationship": "Inner",
                            "Parallel Aware": false,
                            "Startup Cost": 648768.64,
                            "Total Cost": 648768.65,
                            "Plan Rows": 2,
                            "Plan Width": 84,
                            "Actual Startup Time": 3034.707,
                            "Actual Total Time": 3034.976,
                            "Actual Rows": 1512,
                            "Actual Loops": 1,
                            "Sort Key": [
                              "mc.company_id"
                            ],
                            "Sort Method": "quicksort",
                            "Sort Space Used": 258,
                            "Sort Space Type": "Memory",
                            "Plans": [
                              {
                                "Node Type": "Merge Join",
                                "Parent Relationship": "Outer",
                                "Parallel Aware": false,
                                "Join Type": "Inner",
                                "Startup Cost": 460310.73,
                                "Total Cost": 648768.63,
                                "Plan Rows": 2,
                                "Plan Width": 84,
                                "Actual Startup Time": 2266.095,
                                "Actual Total Time": 3034.391,
                                "Actual Rows": 1512,
                                "Actual Loops": 1,
                                "Inner Unique": false,
                                "Merge Cond": "(mk.movie_id = t.id)",
                                "Plans": [
                                  {
                                    "Node Type": "Index Scan",
                                    "Parent Relationship": "Outer",
                                    "Parallel Aware": false,
                                    "Scan Direction": "Forward",
                                    "Index Name": "movie_id_movie_keyword",
                                    "Relation Name": "movie_keyword",
                                    "Alias": "mk",
                                    "Startup Cost": 0.43,
                                    "Total Cost": 177148.48,
                                    "Plan Rows": 4523930,
                                    "Plan Width": 8,
                                    "Actual Startup Time": 0.012,
                                    "Actual Total Time": 501.926,
                                    "Actual Rows": 4500148,
                                    "Actual Loops": 1
                                  },
                                  {
                                    "Node Type": "Materialize",
                                    "Parent Relationship": "Inner",
                                    "Parallel Aware": false,
                                    "Startup Cost": 460310.29,
                                    "Total Cost": 460310.3,
                                    "Plan Rows": 1,
                                    "Plan Width": 76,
                                    "Actual Startup Time": 2266.052,
                                    "Actual Total Time": 2266.56,
                                    "Actual Rows": 1901,
                                    "Actual Loops": 1,
                                    "Plans": [
                                      {
                                        "Node Type": "Sort",
                                        "Parent Relationship": "Outer",
                                        "Parallel Aware": false,
                                        "Startup Cost": 460310.29,
                                        "Total Cost": 460310.3,
                                        "Plan Rows": 1,
                                        "Plan Width": 76,
                                        "Actual Startup Time": 2266.049,
                                        "Actual Total Time": 2266.325,
                                        "Actual Rows": 688,
                                        "Actual Loops": 1,
                                        "Sort Key": [
                                          "mi.movie_id"
                                        ],
                                        "Sort Method": "quicksort",
                                        "Sort Space Used": 111,
                                        "Sort Space Type": "Memory",
                                        "Plans": [
                                          {
                                            "Node Type": "Merge Join",
                                            "Parent Relationship": "Outer",
                                            "Parallel Aware": false,
                                            "Join Type": "Inner",
                                            "Startup Cost": 460310.25,
                                            "Total Cost": 460310.28,
                                            "Plan Rows": 1,
                                            "Plan Width": 76,
                                            "Actual Startup Time": 2265.813,
                                            "Actual Total Time": 2266.076,
                                            "Actual Rows": 688,
                                            "Actual Loops": 1,
                                            "Inner Unique": true,
                                            "Merge Cond": "(mc.company_type_id = ct.id)",
                                            "Plans": [
                                              {
                                                "Node Type": "Sort",
                                                "Parent Relationship": "Outer",
                                                "Parallel Aware": false,
                                                "Startup Cost": 460309.17,
                                                "Total Cost": 460309.17,
                                                "Plan Rows": 1,
                                                "Plan Width": 80,
                                                "Actual Startup Time": 2265.785,
                                                "Actual Total Time": 2265.954,
                                                "Actual Rows": 688,
                                                "Actual Loops": 1,
                                                "Sort Key": [
                                                  "mc.company_type_id"
                                                ],
                                                "Sort Method": "quicksort",
                                                "Sort Space Used": 118,
                                                "Sort Space Type": "Memory",
                                                "Plans": [
                                                  {
                                                    "Node Type": "Merge Join",
                                                    "Parent Relationship": "Outer",
                                                    "Parallel Aware": false,
                                                    "Join Type": "Inner",
                                                    "Startup Cost": 340185.06,
                                                    "Total Cost": 460309.16,
                                                    "Plan Rows": 1,
                                                    "Plan Width": 80,
                                                    "Actual Startup Time": 1049.179,
                                                    "Actual Total Time": 2265.493,
                                                    "Actual Rows": 688,
                                                    "Actual Loops": 1,
                                                    "Inner Unique": false,
                                                    "Merge Cond": "(t.id = mc.movie_id)",
                                                    "Plans": [
                                                      {
                                                        "Node Type": "Merge Join",
                                                        "Parent Relationship": "Outer",
                                                        "Parallel Aware": false,
                                                        "Join Type": "Inner",
                                                        "Startup Cost": 294235.81,
                                                        "Total Cost": 414268.05,
                                                        "Plan Rows": 2,
                                                        "Plan Width": 68,
                                                        "Actual Startup Time": 760.391,
                                                        "Actual Total Time": 1970.797,
                                                        "Actual Rows": 1749,
                                                        "Actual Loops": 1,
                                                        "Inner Unique": false,
                                                        "Merge Cond": "(t.id = mi.movie_id)",
                                                        "Plans": [
                                                          {
                                                            "Node Type": "Index Scan",
                                                            "Parent Relationship": "Outer",
                                                            "Parallel Aware": false,
                                                            "Scan Direction": "Forward",
                                                            "Index Name": "title_pkey",
                                                            "Relation Name": "title",
                                                            "Alias": "t",
                                                            "Startup Cost": 0.43,
                                                            "Total Cost": 116680.33,
                                                            "Plan Rows": 1389987,
                                                            "Plan Width": 21,
                                                            "Actual Startup Time": 0.02,
                                                            "Actual Total Time": 1145.605,
                                                            "Actual Rows": 1379881,
                                                            "Actual Loops": 1,
                                                            "Filter": "(production_year > 2000)",
                                                            "Rows Removed by Filter": 1142594
                                                          },
                                                          {
                                                            "Node Type": "Sort",
                                                            "Parent Relationship": "Inner",
                                                            "Parallel Aware": false,
                                                            "Startup Cost": 294232.18,
                                                            "Total Cost": 294232.19,
                                                            "Plan Rows": 3,
                                                            "Plan Width": 47,
                                                            "Actual Startup Time": 759.763,
                                                            "Actual Total Time": 760.064,
                                                            "Actual Rows": 1771,
                                                            "Actual Loops": 1,
                                                            "Sort Key": [
                                                              "mi.movie_id"
                                                            ],
                                                            "Sort Method": "quicksort",
                                                            "Sort Space Used": 187,
                                                            "Sort Space Type": "Memory",
                                                            "Plans": [
                                                              {
                                                                "Node Type": "Merge Join",
                                                                "Parent Relationship": "Outer",
                                                                "Parallel Aware": false,
                                                                "Join Type": "Inner",
                                                                "Startup Cost": 294230.61,
                                                                "Total Cost": 294232.16,
                                                                "Plan Rows": 3,
                                                                "Plan Width": 47,
                                                                "Actual Startup Time": 759.216,
                                                                "Actual Total Time": 759.573,
                                                                "Actual Rows": 1771,
                                                                "Actual Loops": 1,
                                                                "Inner Unique": false,
                                                                "Merge Cond": "(it1.id = mi.info_type_id)",
                                                                "Plans": [
                                                                  {
                                                                    "Node Type": "Sort",
                                                                    "Parent Relationship": "Outer",
                                                                    "Parallel Aware": false,
                                                                    "Startup Cost": 2.42,
                                                                    "Total Cost": 2.43,
                                                                    "Plan Rows": 1,
                                                                    "Plan Width": 4,
                                                                    "Actual Startup Time": 0.054,
                                                                    "Actual Total Time": 0.055,
                                                                    "Actual Rows": 1,
                                                                    "Actual Loops": 1,
                                                                    "Sort Key": [
                                                                      "it1.id"
                                                                    ],
                                                                    "Sort Method": "quicksort",
                                                                    "Sort Space Used": 25,
                                                                    "Sort Space Type": "Memory",
                                                                    "Plans": [
                                                                      {
                                                                        "Node Type": "Seq Scan",
                                                                        "Parent Relationship": "Outer",
                                                                        "Parallel Aware": false,
                                                                        "Relation Name": "info_type",
                                                                        "Alias": "it1",
                                                                        "Startup Cost": 0.0,
                                                                        "Total Cost": 2.41,
                                                                        "Plan Rows": 1,
                                                                        "Plan Width": 4,
                                                                        "Actual Startup Time": 0.029,
                                                                        "Actual Total Time": 0.047,
                                                                        "Actual Rows": 1,
                                                                        "Actual Loops": 1,
                                                                        "Filter": "((info)::text = 'release dates'::text)",
                                                                        "Rows Removed by Filter": 112
                                                                      }
                                                                    ]
                                                                  },
                                                                  {
                                                                    "Node Type": "Sort",
                                                                    "Parent Relationship": "Inner",
                                                                    "Parallel Aware": false,
                                                                    "Startup Cost": 294228.19,
                                                                    "Total Cost": 294228.94,
                                                                    "Plan Rows": 301,
                                                                    "Plan Width": 51,
                                                                    "Actual Startup Time": 759.155,
                                                                    "Actual Total Time": 759.33,
                                                                    "Actual Rows": 1771,
                                                                    "Actual Loops": 1,
                                                                    "Sort Key": [
                                                                      "mi.info_type_id"
                                                                    ],
                                                                    "Sort Method": "quicksort",
                                                                    "Sort Space Used": 187,
                                                                    "Sort Space Type": "Memory",
                                                                    "Plans": [
                                                                      {
                                                                        "Node Type": "Gather",
                                                                        "Parent Relationship": "Outer",
                                                                        "Parallel Aware": false,
                                                                        "Startup Cost": 1000.0,
                                                                        "Total Cost": 294215.8,
                                                                        "Plan Rows": 301,
                                                                        "Plan Width": 51,
                                                                        "Actual Startup Time": 217.714,
                                                                        "Actual Total Time": 758.925,
                                                                        "Actual Rows": 1771,
                                                                        "Actual Loops": 1,
                                                                        "Workers Planned": 1,
                                                                        "Workers Launched": 1,
                                                                        "Single Copy": false,
                                                                        "Plans": [
                                                                          {
                                                                            "Node Type": "Seq Scan",
                                                                            "Parent Relationship": "Outer",
                                                                            "Parallel Aware": true,
                                                                            "Relation Name": "movie_info",
                                                                            "Alias": "mi",
                                                                            "Startup Cost": 0.0,
                                                                            "Total Cost": 293185.7,
                                                                            "Plan Rows": 177,
                                                                            "Plan Width": 51,
                                                                            "Actual Startup Time": 211.589,
                                                                            "Actual Total Time": 752.231,
                                                                            "Actual Rows": 886,
                                                                            "Actual Loops": 2,
                                                                            "Filter": "((note ~~ '%internet%'::text) AND (info ~~ 'USA:% 200%'::text))",
                                                                            "Rows Removed by Filter": 7416974
                                                                          }
                                                                        ]
                                                                      }
                                                                    ]
                                                                  }
                                                                ]
                                                              }
                                                            ]
                                                          }
                                                        ]
                                                      },
                                                      {
                                                        "Node Type": "Sort",
                                                        "Parent Relationship": "Inner",
                                                        "Parallel Aware": false,
                                                        "Startup Cost": 45949.25,
                                                        "Total Cost": 45995.17,
                                                        "Plan Rows": 18367,
                                                        "Plan Width": 12,
                                                        "Actual Startup Time": 288.778,
                                                        "Actual Total Time": 291.244,
                                                        "Actual Rows": 61601,
                                                        "Actual Loops": 1,
                                                        "Sort Key": [
                                                          "mc.movie_id"
                                                        ],
                                                        "Sort Method": "quicksort",
                                                        "Sort Space Used": 4427,
                                                        "Sort Space Type": "Memory",
                                                        "Plans": [
                                                          {
                                                            "Node Type": "Gather",
                                                            "Parent Relationship": "Outer",
                                                            "Parallel Aware": false,
                                                            "Startup Cost": 1000.0,
                                                            "Total Cost": 44648.43,
                                                            "Plan Rows": 18367,
                                                            "Plan Width": 12,
                                                            "Actual Startup Time": 0.259,
                                                            "Actual Total Time": 278.642,
                                                            "Actual Rows": 61664,
                                                            "Actual Loops": 1,
                                                            "Workers Planned": 1,
                                                            "Workers Launched": 0,
                                                            "Single Copy": false,
                                                            "Plans": [
                                                              {
                                                                "Node Type": "Seq Scan",
                                                                "Parent Relationship": "Outer",
                                                                "Parallel Aware": true,
                                                                "Relation Name": "movie_companies",
                                                                "Alias": "mc",
                                                                "Startup Cost": 0.0,
                                                                "Total Cost": 41811.73,
                                                                "Plan Rows": 10804,
                                                                "Plan Width": 12,
                                                                "Actual Startup Time": 0.008,
                                                                "Actual Total Time": 274.868,
                                                                "Actual Rows": 61664,
                                                                "Actual Loops": 1,
                                                                "Filter": "((note ~~ '%(200%)%'::text) AND (note ~~ '%(worldwide)%'::text))",
                                                                "Rows Removed by Filter": 2547465
                                                              }
                                                            ]
                                                          }
                                                        ]
                                                      }
                                                    ]
                                                  }
                                                ]
                                              },
                                              {
                                                "Node Type": "Sort",
                                                "Parent Relationship": "Inner",
                                                "Parallel Aware": false,
                                                "Startup Cost": 1.08,
                                                "Total Cost": 1.09,
                                                "Plan Rows": 4,
                                                "Plan Width": 4,
                                                "Actual Startup Time": 0.024,
                                                "Actual Total Time": 0.025,
                                                "Actual Rows": 1,
                                                "Actual Loops": 1,
                                                "Sort Key": [
                                                  "ct.id"
                                                ],
                                                "Sort Method": "quicksort",
                                                "Sort Space Used": 25,
                                                "Sort Space Type": "Memory",
                                                "Plans": [
                                                  {
                                                    "Node Type": "Seq Scan",
                                                    "Parent Relationship": "Outer",
                                                    "Parallel Aware": false,
                                                    "Relation Name": "company_type",
                                                    "Alias": "ct",
                                                    "Startup Cost": 0.0,
                                                    "Total Cost": 1.04,
                                                    "Plan Rows": 4,
                                                    "Plan Width": 4,
                                                    "Actual Startup Time": 0.014,
                                                    "Actual Total Time": 0.015,
                                                    "Actual Rows": 4,
                                                    "Actual Loops": 1
                                                  }
                                                ]
                                              }
                                            ]
                                          }
                                        ]
                                      }
                                    ]
                                  }
                                ]
                              }
                            ]
                          }
                        ]
                      }
                    ]
                  }
                ]
              }
            ]
          }
        ]
      }
    ]
  },
  "Planning Time": 3.658,
  "Triggers": [],
  "Execution Time": 3283.335
}