[
    {
        "Bao": {
            "Bao prediction": "NaN",
            "Bao recommended hint": "(no hint)"
        }
    },
    {
        "Plan": {
            "Node Type": "Aggregate",
            "Strategy": "Plain",
            "Partial Mode": "Finalize",
            "Parallel Aware": false,
            "Startup Cost": 32243.64,
            "Total Cost": 32243.65,
            "Plan Rows": 1,
            "Plan Width": 8,
            "Actual Startup Time": 94.849,
            "Actual Total Time": 100.353,
            "Actual Rows": 1,
            "Actual Loops": 1,
            "Output": [
                "count(*)"
            ],
            "Plans": [
                {
                    "Node Type": "Gather",
                    "Parent Relationship": "Outer",
                    "Parallel Aware": false,
                    "Startup Cost": 32243.32,
                    "Total Cost": 32243.63,
                    "Plan Rows": 3,
                    "Plan Width": 8,
                    "Actual Startup Time": 94.51,
                    "Actual Total Time": 100.345,
                    "Actual Rows": 4,
                    "Actual Loops": 1,
                    "Output": [
                        "(PARTIAL count(*))"
                    ],
                    "Workers Planned": 3,
                    "Workers Launched": 3,
                    "Single Copy": false,
                    "Plans": [
                        {
                            "Node Type": "Aggregate",
                            "Strategy": "Plain",
                            "Partial Mode": "Partial",
                            "Parent Relationship": "Outer",
                            "Parallel Aware": false,
                            "Startup Cost": 31243.32,
                            "Total Cost": 31243.33,
                            "Plan Rows": 1,
                            "Plan Width": 8,
                            "Actual Startup Time": 85.774,
                            "Actual Total Time": 85.775,
                            "Actual Rows": 1,
                            "Actual Loops": 4,
                            "Output": [
                                "PARTIAL count(*)"
                            ],
                            "Workers": [
                                {
                                    "Worker Number": 0,
                                    "Actual Startup Time": 82.782,
                                    "Actual Total Time": 82.783,
                                    "Actual Rows": 1,
                                    "Actual Loops": 1
                                },
                                {
                                    "Worker Number": 1,
                                    "Actual Startup Time": 82.753,
                                    "Actual Total Time": 82.755,
                                    "Actual Rows": 1,
                                    "Actual Loops": 1
                                },
                                {
                                    "Worker Number": 2,
                                    "Actual Startup Time": 83.379,
                                    "Actual Total Time": 83.381,
                                    "Actual Rows": 1,
                                    "Actual Loops": 1
                                }
                            ],
                            "Plans": [
                                {
                                    "Node Type": "Bitmap Heap Scan",
                                    "Parent Relationship": "Outer",
                                    "Parallel Aware": true,
                                    "Relation Name": "movie_companies",
                                    "Schema": "public",
                                    "Alias": "mc",
                                    "Startup Cost": 10013.38,
                                    "Total Cost": 31052.23,
                                    "Plan Rows": 76436,
                                    "Plan Width": 0,
                                    "Actual Startup Time": 65.898,
                                    "Actual Total Time": 83.948,
                                    "Actual Rows": 28343,
                                    "Actual Loops": 4,
                                    "Recheck Cond": "(mc.company_id < 394)",
                                    "Rows Removed by Index Recheck": 0,
                                    "Filter": "(mc.company_type_id > 1)",
                                    "Rows Removed by Filter": 86177,
                                    "Exact Heap Blocks": 8050,
                                    "Lossy Heap Blocks": 0,
                                    "Workers": [
                                        {
                                            "Worker Number": 0,
                                            "Actual Startup Time": 62.904,
                                            "Actual Total Time": 81.124,
                                            "Actual Rows": 22144,
                                            "Actual Loops": 1
                                        },
                                        {
                                            "Worker Number": 1,
                                            "Actual Startup Time": 62.886,
                                            "Actual Total Time": 81.181,
                                            "Actual Rows": 32711,
                                            "Actual Loops": 1
                                        },
                                        {
                                            "Worker Number": 2,
                                            "Actual Startup Time": 63.499,
                                            "Actual Total Time": 81.678,
                                            "Actual Rows": 22953,
                                            "Actual Loops": 1
                                        }
                                    ],
                                    "Plans": [
                                        {
                                            "Node Type": "Bitmap Index Scan",
                                            "Parent Relationship": "Outer",
                                            "Parallel Aware": false,
                                            "Index Name": "company_id_movie_companies",
                                            "Startup Cost": 0.0,
                                            "Total Cost": 9954.15,
                                            "Plan Rows": 464762,
                                            "Plan Width": 0,
                                            "Actual Startup Time": 27.296,
                                            "Actual Total Time": 27.296,
                                            "Actual Rows": 458080,
                                            "Actual Loops": 1,
                                            "Index Cond": "(mc.company_id < 394)"
                                        }
                                    ]
                                }
                            ]
                        }
                    ]
                }
            ]
        },
        "Planning Time": 297.789,
        "Triggers": [],
        "Execution Time": 100.435
    }
]