{
  "Plan": {
    "Node Type": "Aggregate",
    "Strategy": "Plain",
    "Partial Mode": "Finalize",
    "Parallel Aware": false,
    "Startup Cost": 77886.88,
    "Total Cost": 77886.89,
    "Plan Rows": 1,
    "Plan Width": 8,
    "Actual Startup Time": 165.653,
    "Actual Total Time": 171.448,
    "Actual Rows": 1,
    "Actual Loops": 1,
    "Plans": [
      {
        "Node Type": "Gather",
        "Parent Relationship": "Outer",
        "Parallel Aware": false,
        "Startup Cost": 77886.77,
        "Total Cost": 77886.88,
        "Plan Rows": 1,
        "Plan Width": 8,
        "Actual Startup Time": 165.367,
        "Actual Total Time": 171.441,
        "Actual Rows": 2,
        "Actual Loops": 1,
        "Workers Planned": 1,
        "Workers Launched": 1,
        "Single Copy": false,
        "Plans": [
          {
            "Node Type": "Aggregate",
            "Strategy": "Plain",
            "Partial Mode": "Partial",
            "Parent Relationship": "Outer",
            "Parallel Aware": false,
            "Startup Cost": 76886.77,
            "Total Cost": 76886.78,
            "Plan Rows": 1,
            "Plan Width": 8,
            "Actual Startup Time": 159.168,
            "Actual Total Time": 159.172,
            "Actual Rows": 1,
            "Actual Loops": 2,
            "Plans": [
              {
                "Node Type": "Hash Join",
                "Parent Relationship": "Outer",
                "Parallel Aware": true,
                "Join Type": "Inner",
                "Startup Cost": 33520.68,
                "Total Cost": 76871.03,
                "Plan Rows": 6295,
                "Plan Width": 0,
                "Actual Startup Time": 82.949,
                "Actual Total Time": 159.154,
                "Actual Rows": 24,
                "Actual Loops": 2,
                "Inner Unique": false,
                "Hash Cond": "(t.id = mc.movie_id)",
                "Plans": [
                  {
                    "Node Type": "Bitmap Heap Scan",
                    "Parent Relationship": "Outer",
                    "Parallel Aware": true,
                    "Relation Name": "title",
                    "Alias": "t",
                    "Startup Cost": 11988.66,
                    "Total Cost": 52863.55,
                    "Plan Rows": 390151,
                    "Plan Width": 4,
                    "Actual Startup Time": 26.517,
                    "Actual Total Time": 80.917,
                    "Actual Rows": 331412,
                    "Actual Loops": 2,
                    "Recheck Cond": "(kind_id = 1)",
                    "Rows Removed by Index Recheck": 0,
                    "Exact Heap Blocks": 8127,
                    "Lossy Heap Blocks": 0,
                    "Plans": [
                      {
                        "Node Type": "Bitmap Index Scan",
                        "Parent Relationship": "Outer",
                        "Parallel Aware": false,
                        "Index Name": "kind_id_title",
                        "Startup Cost": 0.0,
                        "Total Cost": 11822.85,
                        "Plan Rows": 663256,
                        "Plan Width": 0,
                        "Actual Startup Time": 24.59,
                        "Actual Total Time": 24.59,
                        "Actual Rows": 662825,
                        "Actual Loops": 1,
                        "Index Cond": "(kind_id = 1)"
                      }
                    ]
                  },
                  {
                    "Node Type": "Hash",
                    "Parent Relationship": "Inner",
                    "Parallel Aware": true,
                    "Startup Cost": 21232.08,
                    "Total Cost": 21232.08,
                    "Plan Rows": 23995,
                    "Plan Width": 4,
                    "Actual Startup Time": 41.476,
                    "Actual Total Time": 41.478,
                    "Actual Rows": 8748,
                    "Actual Loops": 2,
                    "Hash Buckets": 65536,
                    "Original Hash Buckets": 65536,
                    "Hash Batches": 1,
                    "Original Hash Batches": 1,
                    "Peak Memory Usage": 1216,
                    "Plans": [
                      {
                        "Node Type": "Bitmap Heap Scan",
                        "Parent Relationship": "Outer",
                        "Parallel Aware": true,
                        "Relation Name": "movie_companies",
                        "Alias": "mc",
                        "Startup Cost": 1733.19,
                        "Total Cost": 21232.08,
                        "Plan Rows": 23995,
                        "Plan Width": 4,
                        "Actual Startup Time": 33.714,
                        "Actual Total Time": 39.066,
                        "Actual Rows": 8748,
                        "Actual Loops": 2,
                        "Recheck Cond": "(company_id < 18)",
                        "Rows Removed by Index Recheck": 0,
                        "Filter": "(company_type_id > 1)",
                        "Rows Removed by Filter": 33198,
                        "Exact Heap Blocks": 7284,
                        "Lossy Heap Blocks": 0,
                        "Plans": [
                          {
                            "Node Type": "Bitmap Index Scan",
                            "Parent Relationship": "Outer",
                            "Parallel Aware": false,
                            "Index Name": "company_id_movie_companies",
                            "Startup Cost": 0.0,
                            "Total Cost": 1722.99,
                            "Plan Rows": 80341,
                            "Plan Width": 0,
                            "Actual Startup Time": 15.166,
                            "Actual Total Time": 15.166,
                            "Actual Rows": 83891,
                            "Actual Loops": 1,
                            "Index Cond": "(company_id < 18)"
                          }
                        ]
                      }
                    ]
                  }
                ]
              }
            ]
          }
        ]
      }
    ]
  },
  "Planning Time": 0.553,
  "Triggers": [],
  "Execution Time": 171.546
}