{
  "Plan": {
    "Node Type": "Aggregate",
    "Strategy": "Plain",
    "Partial Mode": "Finalize",
    "Parallel Aware": false,
    "Startup Cost": 1148506.05,
    "Total Cost": 1148506.06,
    "Plan Rows": 1,
    "Plan Width": 8,
    "Actual Startup Time": 4682.696,
    "Actual Total Time": 4765.407,
    "Actual Rows": 1,
    "Actual Loops": 1,
    "Plans": [
      {
        "Node Type": "Gather",
        "Parent Relationship": "Outer",
        "Parallel Aware": false,
        "Startup Cost": 1148505.94,
        "Total Cost": 1148506.05,
        "Plan Rows": 1,
        "Plan Width": 8,
        "Actual Startup Time": 4680.286,
        "Actual Total Time": 4765.4,
        "Actual Rows": 2,
        "Actual Loops": 1,
        "Workers Planned": 1,
        "Workers Launched": 1,
        "Single Copy": false,
        "Plans": [
          {
            "Node Type": "Aggregate",
            "Strategy": "Plain",
            "Partial Mode": "Partial",
            "Parent Relationship": "Outer",
            "Parallel Aware": false,
            "Startup Cost": 1147505.94,
            "Total Cost": 1147505.95,
            "Plan Rows": 1,
            "Plan Width": 8,
            "Actual Startup Time": 4673.638,
            "Actual Total Time": 4673.643,
            "Actual Rows": 1,
            "Actual Loops": 2,
            "Plans": [
              {
                "Node Type": "Merge Join",
                "Parent Relationship": "Outer",
                "Parallel Aware": false,
                "Join Type": "Inner",
                "Startup Cost": 968899.76,
                "Total Cost": 1145591.97,
                "Plan Rows": 765585,
                "Plan Width": 0,
                "Actual Startup Time": 3903.722,
                "Actual Total Time": 4632.159,
                "Actual Rows": 1094484,
                "Actual Loops": 2,
                "Inner Unique": false,
                "Merge Cond": "(mk.movie_id = t.id)",
                "Plans": [
                  {
                    "Node Type": "Index Only Scan",
                    "Parent Relationship": "Outer",
                    "Parallel Aware": true,
                    "Scan Direction": "Forward",
                    "Index Name": "movie_id_movie_keyword",
                    "Relation Name": "movie_keyword",
                    "Alias": "mk",
                    "Startup Cost": 0.43,
                    "Total Cost": 158560.11,
                    "Plan Rows": 2661135,
                    "Plan Width": 4,
                    "Actual Startup Time": 0.087,
                    "Actual Total Time": 409.69,
                    "Actual Rows": 2261965,
                    "Actual Loops": 2,
                    "Heap Fetches": 4523930
                  },
                  {
                    "Node Type": "Sort",
                    "Parent Relationship": "Inner",
                    "Parallel Aware": false,
                    "Startup Cost": 968898.91,
                    "Total Cost": 970717.33,
                    "Plan Rows": 727367,
                    "Plan Width": 8,
                    "Actual Startup Time": 3903.597,
                    "Actual Total Time": 4000.577,
                    "Actual Rows": 1409223,
                    "Actual Loops": 2,
                    "Sort Key": [
                      "ci.movie_id"
                    ],
                    "Sort Method": "quicksort",
                    "Sort Space Used": 29509,
                    "Sort Space Type": "Memory",
                    "Workers": [
                      {
                        "Worker Number": 0,
                        "Sort Method": "quicksort",
                        "Sort Space Used": 29509,
                        "Sort Space Type": "Memory"
                      }
                    ],
                    "Plans": [
                      {
                        "Node Type": "Hash Join",
                        "Parent Relationship": "Outer",
                        "Parallel Aware": false,
                        "Join Type": "Inner",
                        "Startup Cost": 70496.91,
                        "Total Cost": 898081.28,
                        "Plan Rows": 727367,
                        "Plan Width": 8,
                        "Actual Startup Time": 1197.933,
                        "Actual Total Time": 3808.771,
                        "Actual Rows": 367370,
                        "Actual Loops": 2,
                        "Inner Unique": true,
                        "Hash Cond": "(ci.movie_id = t.id)",
                        "Plans": [
                          {
                            "Node Type": "Seq Scan",
                            "Parent Relationship": "Outer",
                            "Parallel Aware": false,
                            "Relation Name": "cast_info",
                            "Alias": "ci",
                            "Startup Cost": 0.0,
                            "Total Cost": 796107.18,
                            "Plan Rows": 11991290,
                            "Plan Width": 4,
                            "Actual Startup Time": 993.142,
                            "Actual Total Time": 2875.114,
                            "Actual Rows": 5622625,
                            "Actual Loops": 2,
                            "Filter": "((person_id < 1818563) AND (role_id > 1))",
                            "Rows Removed by Filter": 30621719
                          },
                          {
                            "Node Type": "Hash",
                            "Parent Relationship": "Inner",
                            "Parallel Aware": false,
                            "Startup Cost": 68579.9,
                            "Total Cost": 68579.9,
                            "Plan Rows": 153361,
                            "Plan Width": 4,
                            "Actual Startup Time": 203.956,
                            "Actual Total Time": 203.958,
                            "Actual Rows": 134760,
                            "Actual Loops": 2,
                            "Hash Buckets": 262144,
                            "Original Hash Buckets": 262144,
                            "Hash Batches": 1,
                            "Original Hash Batches": 1,
                            "Peak Memory Usage": 6786,
                            "Plans": [
                              {
                                "Node Type": "Bitmap Heap Scan",
                                "Parent Relationship": "Outer",
                                "Parallel Aware": false,
                                "Relation Name": "title",
                                "Alias": "t",
                                "Startup Cost": 17710.48,
                                "Total Cost": 68579.9,
                                "Plan Rows": 153361,
                                "Plan Width": 4,
                                "Actual Startup Time": 37.212,
                                "Actual Total Time": 178.056,
                                "Actual Rows": 134760,
                                "Actual Loops": 2,
                                "Recheck Cond": "(kind_id < 7)",
                                "Rows Removed by Index Recheck": 0,
                                "Filter": "(production_year > 2010)",
                                "Rows Removed by Filter": 850288,
                                "Exact Heap Blocks": 35472,
                                "Lossy Heap Blocks": 0,
                                "Plans": [
                                  {
                                    "Node Type": "Bitmap Index Scan",
                                    "Parent Relationship": "Outer",
                                    "Parallel Aware": false,
                                    "Index Name": "kind_id_title",
                                    "Startup Cost": 0.0,
                                    "Total Cost": 17672.14,
                                    "Plan Rows": 991428,
                                    "Plan Width": 0,
                                    "Actual Startup Time": 32.366,
                                    "Actual Total Time": 32.366,
                                    "Actual Rows": 985048,
                                    "Actual Loops": 2,
                                    "Index Cond": "(kind_id < 7)"
                                  }
                                ]
                              }
                            ]
                          }
                        ]
                      }
                    ]
                  }
                ]
              }
            ]
          }
        ]
      }
    ]
  },
  "Planning Time": 1.097,
  "Triggers": [],
  "Execution Time": 4765.639
}