{
  "Plan": {
    "Node Type": "Aggregate",
    "Strategy": "Plain",
    "Partial Mode": "Finalize",
    "Parallel Aware": false,
    "Startup Cost": 228664.4,
    "Total Cost": 228664.41,
    "Plan Rows": 1,
    "Plan Width": 8,
    "Actual Startup Time": 1688.271,
    "Actual Total Time": 1755.301,
    "Actual Rows": 1,
    "Actual Loops": 1,
    "Plans": [
      {
        "Node Type": "Gather",
        "Parent Relationship": "Outer",
        "Parallel Aware": false,
        "Startup Cost": 228664.29,
        "Total Cost": 228664.4,
        "Plan Rows": 1,
        "Plan Width": 8,
        "Actual Startup Time": 1686.419,
        "Actual Total Time": 1755.293,
        "Actual Rows": 2,
        "Actual Loops": 1,
        "Workers Planned": 1,
        "Workers Launched": 1,
        "Single Copy": false,
        "Plans": [
          {
            "Node Type": "Aggregate",
            "Strategy": "Plain",
            "Partial Mode": "Partial",
            "Parent Relationship": "Outer",
            "Parallel Aware": false,
            "Startup Cost": 227664.29,
            "Total Cost": 227664.3,
            "Plan Rows": 1,
            "Plan Width": 8,
            "Actual Startup Time": 1679.781,
            "Actual Total Time": 1679.785,
            "Actual Rows": 1,
            "Actual Loops": 2,
            "Plans": [
              {
                "Node Type": "Nested Loop",
                "Parent Relationship": "Outer",
                "Parallel Aware": false,
                "Join Type": "Inner",
                "Startup Cost": 67436.58,
                "Total Cost": 227541.44,
                "Plan Rows": 49141,
                "Plan Width": 0,
                "Actual Startup Time": 290.628,
                "Actual Total Time": 1665.874,
                "Actual Rows": 234508,
                "Actual Loops": 2,
                "Inner Unique": false,
                "Plans": [
                  {
                    "Node Type": "Hash Join",
                    "Parent Relationship": "Outer",
                    "Parallel Aware": true,
                    "Join Type": "Inner",
                    "Startup Cost": 67436.14,
                    "Total Cost": 94219.92,
                    "Plan Rows": 60402,
                    "Plan Width": 8,
                    "Actual Startup Time": 290.551,
                    "Actual Total Time": 407.829,
                    "Actual Rows": 116037,
                    "Actual Loops": 2,
                    "Inner Unique": true,
                    "Hash Cond": "(mk.movie_id = t.id)",
                    "Plans": [
                      {
                        "Node Type": "Bitmap Heap Scan",
                        "Parent Relationship": "Outer",
                        "Parallel Aware": true,
                        "Relation Name": "movie_keyword",
                        "Alias": "mk",
                        "Startup Cost": 5557.84,
                        "Total Cost": 31937.27,
                        "Plan Rows": 154035,
                        "Plan Width": 4,
                        "Actual Startup Time": 17.466,
                        "Actual Total Time": 70.2,
                        "Actual Rows": 136223,
                        "Actual Loops": 2,
                        "Recheck Cond": "(keyword_id < 231)",
                        "Rows Removed by Index Recheck": 0,
                        "Exact Heap Blocks": 13517,
                        "Lossy Heap Blocks": 0,
                        "Plans": [
                          {
                            "Node Type": "Bitmap Index Scan",
                            "Parent Relationship": "Outer",
                            "Parallel Aware": false,
                            "Index Name": "keyword_id_movie_keyword",
                            "Startup Cost": 0.0,
                            "Total Cost": 5492.38,
                            "Plan Rows": 261859,
                            "Plan Width": 0,
                            "Actual Startup Time": 13.83,
                            "Actual Total Time": 13.831,
                            "Actual Rows": 272446,
                            "Actual Loops": 1,
                            "Index Cond": "(keyword_id < 231)"
                          }
                        ]
                      },
                      {
                        "Node Type": "Hash",
                        "Parent Relationship": "Inner",
                        "Parallel Aware": true,
                        "Startup Cost": 54588.39,
                        "Total Cost": 54588.39,
                        "Plan Rows": 583193,
                        "Plan Width": 4,
                        "Actual Startup Time": 264.01,
                        "Actual Total Time": 264.011,
                        "Actual Rows": 492524,
                        "Actual Loops": 2,
                        "Hash Buckets": 1048576,
                        "Original Hash Buckets": 1048576,
                        "Hash Batches": 1,
                        "Original Hash Batches": 1,
                        "Peak Memory Usage": 46752,
                        "Plans": [
                          {
                            "Node Type": "Seq Scan",
                            "Parent Relationship": "Outer",
                            "Parallel Aware": true,
                            "Relation Name": "title",
                            "Alias": "t",
                            "Startup Cost": 0.0,
                            "Total Cost": 54588.39,
                            "Plan Rows": 583193,
                            "Plan Width": 4,
                            "Actual Startup Time": 0.036,
                            "Actual Total Time": 154.134,
                            "Actual Rows": 492524,
                            "Actual Loops": 2,
                            "Filter": "(kind_id < 7)",
                            "Rows Removed by Filter": 771632
                          }
                        ]
                      }
                    ]
                  },
                  {
                    "Node Type": "Index Scan",
                    "Parent Relationship": "Inner",
                    "Parallel Aware": false,
                    "Scan Direction": "Forward",
                    "Index Name": "movie_id_movie_info",
                    "Relation Name": "movie_info",
                    "Alias": "mi",
                    "Startup Cost": 0.43,
                    "Total Cost": 2.15,
                    "Plan Rows": 6,
                    "Plan Width": 4,
                    "Actual Startup Time": 0.004,
                    "Actual Total Time": 0.01,
                    "Actual Rows": 2,
                    "Actual Loops": 232074,
                    "Index Cond": "(movie_id = t.id)",
                    "Rows Removed by Index Recheck": 0,
                    "Filter": "(info_type_id < 3)",
                    "Rows Removed by Filter": 43
                  }
                ]
              }
            ]
          }
        ]
      }
    ]
  },
  "Planning Time": 1.015,
  "Triggers": [],
  "Execution Time": 1755.424
}