[
    {
        "Bao": {
            "Bao prediction": "NaN",
            "Bao recommended hint": "(no hint)"
        }
    },
    {
        "Plan": {
            "Node Type": "Aggregate",
            "Strategy": "Plain",
            "Partial Mode": "Finalize",
            "Parallel Aware": false,
            "Startup Cost": 33167.89,
            "Total Cost": 33167.9,
            "Plan Rows": 1,
            "Plan Width": 8,
            "Actual Startup Time": 87.928,
            "Actual Total Time": 94.292,
            "Actual Rows": 1,
            "Actual Loops": 1,
            "Output": [
                "count(*)"
            ],
            "Plans": [
                {
                    "Node Type": "Gather",
                    "Parent Relationship": "Outer",
                    "Parallel Aware": false,
                    "Startup Cost": 33167.57,
                    "Total Cost": 33167.88,
                    "Plan Rows": 3,
                    "Plan Width": 8,
                    "Actual Startup Time": 87.827,
                    "Actual Total Time": 94.285,
                    "Actual Rows": 4,
                    "Actual Loops": 1,
                    "Output": [
                        "(PARTIAL count(*))"
                    ],
                    "Workers Planned": 3,
                    "Workers Launched": 3,
                    "Single Copy": false,
                    "Plans": [
                        {
                            "Node Type": "Aggregate",
                            "Strategy": "Plain",
                            "Partial Mode": "Partial",
                            "Parent Relationship": "Outer",
                            "Parallel Aware": false,
                            "Startup Cost": 32167.57,
                            "Total Cost": 32167.58,
                            "Plan Rows": 1,
                            "Plan Width": 8,
                            "Actual Startup Time": 79.531,
                            "Actual Total Time": 79.532,
                            "Actual Rows": 1,
                            "Actual Loops": 4,
                            "Output": [
                                "PARTIAL count(*)"
                            ],
                            "Workers": [
                                {
                                    "Worker Number": 0,
                                    "Actual Startup Time": 76.739,
                                    "Actual Total Time": 76.74,
                                    "Actual Rows": 1,
                                    "Actual Loops": 1
                                },
                                {
                                    "Worker Number": 1,
                                    "Actual Startup Time": 76.842,
                                    "Actual Total Time": 76.843,
                                    "Actual Rows": 1,
                                    "Actual Loops": 1
                                },
                                {
                                    "Worker Number": 2,
                                    "Actual Startup Time": 77.088,
                                    "Actual Total Time": 77.089,
                                    "Actual Rows": 1,
                                    "Actual Loops": 1
                                }
                            ],
                            "Plans": [
                                {
                                    "Node Type": "Seq Scan",
                                    "Parent Relationship": "Outer",
                                    "Parallel Aware": true,
                                    "Relation Name": "movie_companies",
                                    "Schema": "public",
                                    "Alias": "mc",
                                    "Startup Cost": 0.0,
                                    "Total Cost": 31414.82,
                                    "Plan Rows": 301100,
                                    "Plan Width": 0,
                                    "Actual Startup Time": 41.383,
                                    "Actual Total Time": 72.961,
                                    "Actual Rows": 154813,
                                    "Actual Loops": 4,
                                    "Output": [
                                        "id",
                                        "movie_id",
                                        "company_id",
                                        "company_type_id",
                                        "note"
                                    ],
                                    "Filter": "((mc.company_id < 32672) AND (mc.company_type_id > 1))",
                                    "Rows Removed by Filter": 497469,
                                    "Workers": [
                                        {
                                            "Worker Number": 0,
                                            "Actual Startup Time": 38.595,
                                            "Actual Total Time": 70.453,
                                            "Actual Rows": 150929,
                                            "Actual Loops": 1
                                        },
                                        {
                                            "Worker Number": 1,
                                            "Actual Startup Time": 38.7,
                                            "Actual Total Time": 70.573,
                                            "Actual Rows": 150541,
                                            "Actual Loops": 1
                                        },
                                        {
                                            "Worker Number": 2,
                                            "Actual Startup Time": 38.932,
                                            "Actual Total Time": 70.835,
                                            "Actual Rows": 134313,
                                            "Actual Loops": 1
                                        }
                                    ]
                                }
                            ]
                        }
                    ]
                }
            ]
        },
        "Planning Time": 178.183,
        "Triggers": [],
        "Execution Time": 94.37
    }
]