[
  {
    "Plan": {
      "Node Type": "Aggregate",
      "Strategy": "Plain",
      "Partial Mode": "Finalize",
      "Parallel Aware": false,
      "Startup Cost": 33240.47,
      "Total Cost": 33240.48,
      "Plan Rows": 1,
      "Plan Width": 8,
      "Actual Startup Time": 93.792,
      "Actual Total Time": 99.752,
      "Actual Rows": 1,
      "Actual Loops": 1,
      "Plans": [
        {
          "Node Type": "Gather",
          "Parent Relationship": "Outer",
          "Parallel Aware": false,
          "Startup Cost": 33240.15,
          "Total Cost": 33240.46,
          "Plan Rows": 3,
          "Plan Width": 8,
          "Actual Startup Time": 93.684,
          "Actual Total Time": 99.744,
          "Actual Rows": 4,
          "Actual Loops": 1,
          "Workers Planned": 3,
          "Workers Launched": 3,
          "Single Copy": false,
          "Plans": [
            {
              "Node Type": "Aggregate",
              "Strategy": "Plain",
              "Partial Mode": "Partial",
              "Parent Relationship": "Outer",
              "Parallel Aware": false,
              "Startup Cost": 32240.15,
              "Total Cost": 32240.16,
              "Plan Rows": 1,
              "Plan Width": 8,
              "Actual Startup Time": 86.932,
              "Actual Total Time": 86.933,
              "Actual Rows": 1,
              "Actual Loops": 4,
              "Plans": [
                {
                  "Node Type": "Seq Scan",
                  "Parent Relationship": "Outer",
                  "Parallel Aware": true,
                  "Relation Name": "movie_companies",
                  "Alias": "mc",
                  "Startup Cost": 0.0,
                  "Total Cost": 31414.82,
                  "Plan Rows": 330134,
                  "Plan Width": 0,
                  "Actual Startup Time": 0.27,
                  "Actual Total Time": 75.287,
                  "Actual Rows": 225350,
                  "Actual Loops": 4,
                  "Filter": "((company_id > 465) AND (company_type_id = 1))",
                  "Rows Removed by Filter": 426932
                }
              ]
            }
          ]
        }
      ]
    },
    "Planning Time": 0.181,
    "Triggers": [],
    "Execution Time": 99.798
  }
]