[
  {
    "Plan": {
      "Node Type": "Aggregate",
      "Strategy": "Plain",
      "Partial Mode": "Finalize",
      "Parallel Aware": false,
      "Startup Cost": 171534.35,
      "Total Cost": 171534.36,
      "Plan Rows": 1,
      "Plan Width": 8,
      "Actual Startup Time": 1723.046,
      "Actual Total Time": 1813.229,
      "Actual Rows": 1,
      "Actual Loops": 1,
      "Plans": [
        {
          "Node Type": "Gather",
          "Parent Relationship": "Outer",
          "Parallel Aware": false,
          "Startup Cost": 171534.03,
          "Total Cost": 171534.34,
          "Plan Rows": 3,
          "Plan Width": 8,
          "Actual Startup Time": 1717.812,
          "Actual Total Time": 1813.217,
          "Actual Rows": 4,
          "Actual Loops": 1,
          "Workers Planned": 3,
          "Workers Launched": 3,
          "Single Copy": false,
          "Plans": [
            {
              "Node Type": "Aggregate",
              "Strategy": "Plain",
              "Partial Mode": "Partial",
              "Parent Relationship": "Outer",
              "Parallel Aware": false,
              "Startup Cost": 170534.03,
              "Total Cost": 170534.04,
              "Plan Rows": 1,
              "Plan Width": 8,
              "Actual Startup Time": 1707.774,
              "Actual Total Time": 1707.778,
              "Actual Rows": 1,
              "Actual Loops": 4,
              "Plans": [
                {
                  "Node Type": "Nested Loop",
                  "Parent Relationship": "Outer",
                  "Parallel Aware": false,
                  "Join Type": "Inner",
                  "Startup Cost": 52737.58,
                  "Total Cost": 169723.54,
                  "Plan Rows": 324195,
                  "Plan Width": 0,
                  "Actual Startup Time": 265.42,
                  "Actual Total Time": 1665.717,
                  "Actual Rows": 886605,
                  "Actual Loops": 4,
                  "Inner Unique": false,
                  "Plans": [
                    {
                      "Node Type": "Hash Join",
                      "Parent Relationship": "Outer",
                      "Parallel Aware": true,
                      "Join Type": "Inner",
                      "Startup Cost": 52737.02,
                      "Total Cost": 78108.31,
                      "Plan Rows": 37213,
                      "Plan Width": 8,
                      "Actual Startup Time": 265.308,
                      "Actual Total Time": 328.799,
                      "Actual Rows": 39284,
                      "Actual Loops": 4,
                      "Inner Unique": true,
                      "Hash Cond": "(mk.movie_id = t.id)",
                      "Plans": [
                        {
                          "Node Type": "Bitmap Heap Scan",
                          "Parent Relationship": "Outer",
                          "Parallel Aware": true,
                          "Relation Name": "movie_keyword",
                          "Alias": "mk",
                          "Startup Cost": 3989.49,
                          "Total Cost": 29201.59,
                          "Plan Rows": 60648,
                          "Plan Width": 4,
                          "Actual Startup Time": 12.859,
                          "Actual Total Time": 43.831,
                          "Actual Rows": 47194,
                          "Actual Loops": 4,
                          "Recheck Cond": "(keyword_id < 137)",
                          "Rows Removed by Index Recheck": 0,
                          "Exact Heap Blocks": 7053,
                          "Lossy Heap Blocks": 0,
                          "Plans": [
                            {
                              "Node Type": "Bitmap Index Scan",
                              "Parent Relationship": "Outer",
                              "Parallel Aware": false,
                              "Index Name": "keyword_id_movie_keyword",
                              "Startup Cost": 0.0,
                              "Total Cost": 3942.49,
                              "Plan Rows": 188008,
                              "Plan Width": 0,
                              "Actual Startup Time": 9.373,
                              "Actual Total Time": 9.373,
                              "Actual Rows": 188777,
                              "Actual Loops": 1,
                              "Index Cond": "(keyword_id < 137)"
                            }
                          ]
                        },
                        {
                          "Node Type": "Hash",
                          "Parent Relationship": "Inner",
                          "Parallel Aware": true,
                          "Startup Cost": 43899.32,
                          "Total Cost": 43899.32,
                          "Plan Rows": 387856,
                          "Plan Width": 4,
                          "Actual Startup Time": 246.709,
                          "Actual Total Time": 246.71,
                          "Actual Rows": 387932,
                          "Actual Loops": 4,
                          "Hash Buckets": 2097152,
                          "Original Hash Buckets": 2097152,
                          "Hash Batches": 1,
                          "Original Hash Batches": 1,
                          "Peak Memory Usage": 77184,
                          "Plans": [
                            {
                              "Node Type": "Seq Scan",
                              "Parent Relationship": "Outer",
                              "Parallel Aware": true,
                              "Relation Name": "title",
                              "Alias": "t",
                              "Startup Cost": 0.0,
                              "Total Cost": 43899.32,
                              "Plan Rows": 387856,
                              "Plan Width": 4,
                              "Actual Startup Time": 0.04,
                              "Actual Total Time": 106.546,
                              "Actual Rows": 387932,
                              "Actual Loops": 4,
                              "Filter": "(production_year < 2007)",
                              "Rows Removed by Filter": 244146
                            }
                          ]
                        }
                      ]
                    },
                    {
                      "Node Type": "Index Scan",
                      "Parent Relationship": "Inner",
                      "Parallel Aware": false,
                      "Scan Direction": "Forward",
                      "Index Name": "movie_id_cast_info",
                      "Relation Name": "cast_info",
                      "Alias": "ci",
                      "Startup Cost": 0.56,
                      "Total Cost": 2.25,
                      "Plan Rows": 21,
                      "Plan Width": 4,
                      "Actual Startup Time": 0.004,
                      "Actual Total Time": 0.032,
                      "Actual Rows": 23,
                      "Actual Loops": 157137,
                      "Index Cond": "(movie_id = t.id)",
                      "Rows Removed by Index Recheck": 0,
                      "Filter": "(person_id < 2273727)",
                      "Rows Removed by Filter": 12
                    }
                  ]
                }
              ]
            }
          ]
        }
      ]
    },
    "Planning Time": 0.552,
    "Triggers": [],
    "Execution Time": 1813.312
  }
]