[
  {
    "Plan": {
      "Node Type": "Aggregate",
      "Strategy": "Plain",
      "Partial Mode": "Finalize",
      "Parallel Aware": false,
      "Startup Cost": 78793.03,
      "Total Cost": 78793.04,
      "Plan Rows": 1,
      "Plan Width": 8,
      "Actual Startup Time": 197.033,
      "Actual Total Time": 214.283,
      "Actual Rows": 1,
      "Actual Loops": 1,
      "Plans": [
        {
          "Node Type": "Gather",
          "Parent Relationship": "Outer",
          "Parallel Aware": false,
          "Startup Cost": 78792.71,
          "Total Cost": 78793.02,
          "Plan Rows": 3,
          "Plan Width": 8,
          "Actual Startup Time": 196.735,
          "Actual Total Time": 214.275,
          "Actual Rows": 4,
          "Actual Loops": 1,
          "Workers Planned": 3,
          "Workers Launched": 3,
          "Single Copy": false,
          "Plans": [
            {
              "Node Type": "Aggregate",
              "Strategy": "Plain",
              "Partial Mode": "Partial",
              "Parent Relationship": "Outer",
              "Parallel Aware": false,
              "Startup Cost": 77792.71,
              "Total Cost": 77792.72,
              "Plan Rows": 1,
              "Plan Width": 8,
              "Actual Startup Time": 187.904,
              "Actual Total Time": 187.907,
              "Actual Rows": 1,
              "Actual Loops": 4,
              "Plans": [
                {
                  "Node Type": "Hash Join",
                  "Parent Relationship": "Outer",
                  "Parallel Aware": true,
                  "Join Type": "Inner",
                  "Startup Cost": 45621.26,
                  "Total Cost": 77780.01,
                  "Plan Rows": 5082,
                  "Plan Width": 0,
                  "Actual Startup Time": 139.107,
                  "Actual Total Time": 187.763,
                  "Actual Rows": 2107,
                  "Actual Loops": 4,
                  "Inner Unique": true,
                  "Hash Cond": "(mc.movie_id = t.id)",
                  "Plans": [
                    {
                      "Node Type": "Seq Scan",
                      "Parent Relationship": "Outer",
                      "Parallel Aware": true,
                      "Relation Name": "movie_companies",
                      "Alias": "mc",
                      "Startup Cost": 0.0,
                      "Total Cost": 31414.82,
                      "Plan Rows": 283402,
                      "Plan Width": 4,
                      "Actual Startup Time": 31.128,
                      "Actual Total Time": 63.403,
                      "Actual Rows": 140842,
                      "Actual Loops": 4,
                      "Filter": "((company_id < 22780) AND (company_type_id > 1))",
                      "Rows Removed by Filter": 511440
                    },
                    {
                      "Node Type": "Hash",
                      "Parent Relationship": "Inner",
                      "Parallel Aware": true,
                      "Startup Cost": 45479.59,
                      "Total Cost": 45479.59,
                      "Plan Rows": 11334,
                      "Plan Width": 4,
                      "Actual Startup Time": 106.118,
                      "Actual Total Time": 106.119,
                      "Actual Rows": 12462,
                      "Actual Loops": 4,
                      "Hash Buckets": 65536,
                      "Original Hash Buckets": 65536,
                      "Hash Batches": 1,
                      "Original Hash Batches": 1,
                      "Peak Memory Usage": 2496,
                      "Plans": [
                        {
                          "Node Type": "Seq Scan",
                          "Parent Relationship": "Outer",
                          "Parallel Aware": true,
                          "Relation Name": "title",
                          "Alias": "t",
                          "Startup Cost": 0.0,
                          "Total Cost": 45479.59,
                          "Plan Rows": 11334,
                          "Plan Width": 4,
                          "Actual Startup Time": 0.073,
                          "Actual Total Time": 99.997,
                          "Actual Rows": 12462,
                          "Actual Loops": 4,
                          "Filter": "((kind_id > 1) AND (production_year = 2001))",
                          "Rows Removed by Filter": 619616
                        }
                      ]
                    }
                  ]
                }
              ]
            }
          ]
        }
      ]
    },
    "Planning Time": 0.783,
    "Triggers": [],
    "Execution Time": 214.358
  }
]