[
  {
    "Plan": {
      "Node Type": "Aggregate",
      "Strategy": "Plain",
      "Partial Mode": "Simple",
      "Parallel Aware": false,
      "Startup Cost": 3477.64,
      "Total Cost": 3477.65,
      "Plan Rows": 1,
      "Plan Width": 8,
      "Actual Startup Time": 2.64,
      "Actual Total Time": 2.642,
      "Actual Rows": 1,
      "Actual Loops": 1,
      "Plans": [
        {
          "Node Type": "Nested Loop",
          "Parent Relationship": "Outer",
          "Parallel Aware": false,
          "Join Type": "Inner",
          "Startup Cost": 1.42,
          "Total Cost": 3477.55,
          "Plan Rows": 36,
          "Plan Width": 0,
          "Actual Startup Time": 0.078,
          "Actual Total Time": 2.602,
          "Actual Rows": 152,
          "Actual Loops": 1,
          "Inner Unique": false,
          "Plans": [
            {
              "Node Type": "Nested Loop",
              "Parent Relationship": "Outer",
              "Parallel Aware": false,
              "Join Type": "Inner",
              "Startup Cost": 0.99,
              "Total Cost": 3402.49,
              "Plan Rows": 111,
              "Plan Width": 8,
              "Actual Startup Time": 0.059,
              "Actual Total Time": 1.873,
              "Actual Rows": 43,
              "Actual Loops": 1,
              "Inner Unique": true,
              "Plans": [
                {
                  "Node Type": "Index Scan",
                  "Parent Relationship": "Outer",
                  "Parallel Aware": false,
                  "Scan Direction": "Forward",
                  "Index Name": "person_id_cast_info",
                  "Relation Name": "cast_info",
                  "Alias": "ci",
                  "Startup Cost": 0.56,
                  "Total Cost": 1039.59,
                  "Plan Rows": 282,
                  "Plan Width": 4,
                  "Actual Startup Time": 0.037,
                  "Actual Total Time": 0.166,
                  "Actual Rows": 192,
                  "Actual Loops": 1,
                  "Index Cond": "(person_id = 691763)",
                  "Rows Removed by Index Recheck": 0,
                  "Filter": "(role_id < 3)",
                  "Rows Removed by Filter": 0
                },
                {
                  "Node Type": "Index Scan",
                  "Parent Relationship": "Inner",
                  "Parallel Aware": false,
                  "Scan Direction": "Forward",
                  "Index Name": "title_pkey",
                  "Relation Name": "title",
                  "Alias": "t",
                  "Startup Cost": 0.43,
                  "Total Cost": 8.38,
                  "Plan Rows": 1,
                  "Plan Width": 4,
                  "Actual Startup Time": 0.008,
                  "Actual Total Time": 0.008,
                  "Actual Rows": 0,
                  "Actual Loops": 192,
                  "Index Cond": "(id = ci.movie_id)",
                  "Rows Removed by Index Recheck": 0,
                  "Filter": "(kind_id < 7)",
                  "Rows Removed by Filter": 1
                }
              ]
            },
            {
              "Node Type": "Index Scan",
              "Parent Relationship": "Inner",
              "Parallel Aware": false,
              "Scan Direction": "Forward",
              "Index Name": "movie_id_movie_companies",
              "Relation Name": "movie_companies",
              "Alias": "mc",
              "Startup Cost": 0.43,
              "Total Cost": 0.66,
              "Plan Rows": 2,
              "Plan Width": 4,
              "Actual Startup Time": 0.011,
              "Actual Total Time": 0.015,
              "Actual Rows": 4,
              "Actual Loops": 43,
              "Index Cond": "(movie_id = t.id)",
              "Rows Removed by Index Recheck": 0,
              "Filter": "((company_id < 19701) AND (company_type_id < 2))",
              "Rows Removed by Filter": 2
            }
          ]
        }
      ]
    },
    "Planning Time": 1.46,
    "Triggers": [],
    "Execution Time": 2.713
  }
]