[
  {
    "Plan": {
      "Node Type": "Aggregate",
      "Strategy": "Plain",
      "Partial Mode": "Finalize",
      "Parallel Aware": false,
      "Startup Cost": 335755.34,
      "Total Cost": 335755.35,
      "Plan Rows": 1,
      "Plan Width": 8,
      "Actual Startup Time": 5797.592,
      "Actual Total Time": 5906.156,
      "Actual Rows": 1,
      "Actual Loops": 1,
      "Plans": [
        {
          "Node Type": "Gather",
          "Parent Relationship": "Outer",
          "Parallel Aware": false,
          "Startup Cost": 335754.82,
          "Total Cost": 335755.33,
          "Plan Rows": 5,
          "Plan Width": 8,
          "Actual Startup Time": 5795.062,
          "Actual Total Time": 5906.145,
          "Actual Rows": 6,
          "Actual Loops": 1,
          "Workers Planned": 5,
          "Workers Launched": 5,
          "Single Copy": false,
          "Plans": [
            {
              "Node Type": "Aggregate",
              "Strategy": "Plain",
              "Partial Mode": "Partial",
              "Parent Relationship": "Outer",
              "Parallel Aware": false,
              "Startup Cost": 334754.82,
              "Total Cost": 334754.83,
              "Plan Rows": 1,
              "Plan Width": 8,
              "Actual Startup Time": 5786.956,
              "Actual Total Time": 5786.96,
              "Actual Rows": 1,
              "Actual Loops": 6,
              "Plans": [
                {
                  "Node Type": "Nested Loop",
                  "Parent Relationship": "Outer",
                  "Parallel Aware": false,
                  "Join Type": "Inner",
                  "Startup Cost": 45616.18,
                  "Total Cost": 332922.54,
                  "Plan Rows": 732909,
                  "Plan Width": 0,
                  "Actual Startup Time": 104.418,
                  "Actual Total Time": 5554.884,
                  "Actual Rows": 5147967,
                  "Actual Loops": 6,
                  "Inner Unique": false,
                  "Join Filter": "(t.id = ci.movie_id)",
                  "Rows Removed by Join Filter": 0,
                  "Plans": [
                    {
                      "Node Type": "Hash Join",
                      "Parent Relationship": "Outer",
                      "Parallel Aware": true,
                      "Join Type": "Inner",
                      "Startup Cost": 45615.61,
                      "Total Cost": 245095.02,
                      "Plan Rows": 51118,
                      "Plan Width": 8,
                      "Actual Startup Time": 104.293,
                      "Actual Total Time": 864.098,
                      "Actual Rows": 334775,
                      "Actual Loops": 6,
                      "Inner Unique": true,
                      "Hash Cond": "(mi.movie_id = t.id)",
                      "Plans": [
                        {
                          "Node Type": "Seq Scan",
                          "Parent Relationship": "Outer",
                          "Parallel Aware": true,
                          "Relation Name": "movie_info",
                          "Alias": "mi",
                          "Startup Cost": 0.0,
                          "Total Cost": 191685.19,
                          "Plan Rows": 2969219,
                          "Plan Width": 4,
                          "Actual Startup Time": 0.029,
                          "Actual Total Time": 280.821,
                          "Actual Rows": 2472620,
                          "Actual Loops": 6
                        },
                        {
                          "Node Type": "Hash",
                          "Parent Relationship": "Inner",
                          "Parallel Aware": true,
                          "Startup Cost": 45479.59,
                          "Total Cost": 45479.59,
                          "Plan Rows": 10882,
                          "Plan Width": 4,
                          "Actual Startup Time": 93.408,
                          "Actual Total Time": 93.409,
                          "Actual Rows": 28158,
                          "Actual Loops": 6,
                          "Hash Buckets": 262144,
                          "Original Hash Buckets": 65536,
                          "Hash Batches": 1,
                          "Original Hash Batches": 1,
                          "Peak Memory Usage": 10304,
                          "Plans": [
                            {
                              "Node Type": "Seq Scan",
                              "Parent Relationship": "Outer",
                              "Parallel Aware": true,
                              "Relation Name": "title",
                              "Alias": "t",
                              "Startup Cost": 0.0,
                              "Total Cost": 45479.59,
                              "Plan Rows": 10882,
                              "Plan Width": 4,
                              "Actual Startup Time": 50.184,
                              "Actual Total Time": 78.037,
                              "Actual Rows": 28158,
                              "Actual Loops": 6,
                              "Filter": "((production_year < 1953) AND (kind_id = 1))",
                              "Rows Removed by Filter": 393227
                            }
                          ]
                        }
                      ]
                    },
                    {
                      "Node Type": "Index Only Scan",
                      "Parent Relationship": "Inner",
                      "Parallel Aware": false,
                      "Scan Direction": "Forward",
                      "Index Name": "movie_id_cast_info",
                      "Relation Name": "cast_info",
                      "Alias": "ci",
                      "Startup Cost": 0.56,
                      "Total Cost": 1.28,
                      "Plan Rows": 35,
                      "Plan Width": 4,
                      "Actual Startup Time": 0.003,
                      "Actual Total Time": 0.013,
                      "Actual Rows": 15,
                      "Actual Loops": 2008650,
                      "Index Cond": "(movie_id = mi.movie_id)",
                      "Rows Removed by Index Recheck": 0,
                      "Heap Fetches": 30887801
                    }
                  ]
                }
              ]
            }
          ]
        }
      ]
    },
    "Planning Time": 1.209,
    "Triggers": [],
    "Execution Time": 5906.262
  }
]