[
  {
    "Plan": {
      "Node Type": "Aggregate",
      "Strategy": "Plain",
      "Partial Mode": "Finalize",
      "Parallel Aware": false,
      "Startup Cost": 341984.29,
      "Total Cost": 341984.3,
      "Plan Rows": 1,
      "Plan Width": 8,
      "Actual Startup Time": 820.058,
      "Actual Total Time": 880.8,
      "Actual Rows": 1,
      "Actual Loops": 1,
      "Plans": [
        {
          "Node Type": "Gather",
          "Parent Relationship": "Outer",
          "Parallel Aware": false,
          "Startup Cost": 341983.66,
          "Total Cost": 341984.27,
          "Plan Rows": 6,
          "Plan Width": 8,
          "Actual Startup Time": 819.949,
          "Actual Total Time": 880.791,
          "Actual Rows": 7,
          "Actual Loops": 1,
          "Workers Planned": 6,
          "Workers Launched": 6,
          "Single Copy": false,
          "Plans": [
            {
              "Node Type": "Aggregate",
              "Strategy": "Plain",
              "Partial Mode": "Partial",
              "Parent Relationship": "Outer",
              "Parallel Aware": false,
              "Startup Cost": 340983.66,
              "Total Cost": 340983.67,
              "Plan Rows": 1,
              "Plan Width": 8,
              "Actual Startup Time": 809.75,
              "Actual Total Time": 809.751,
              "Actual Rows": 1,
              "Actual Loops": 7,
              "Plans": [
                {
                  "Node Type": "Seq Scan",
                  "Parent Relationship": "Outer",
                  "Parallel Aware": true,
                  "Relation Name": "cast_info",
                  "Alias": "ci",
                  "Startup Cost": 0.0,
                  "Total Cost": 328162.03,
                  "Plan Rows": 5128654,
                  "Plan Width": 0,
                  "Actual Startup Time": 0.05,
                  "Actual Total Time": 624.638,
                  "Actual Rows": 4419193,
                  "Actual Loops": 7,
                  "Filter": "(person_id < 3129806)",
                  "Rows Removed by Filter": 758570
                }
              ]
            }
          ]
        }
      ]
    },
    "Planning Time": 0.174,
    "Triggers": [],
    "Execution Time": 880.887
  }
]