{
  "Plan": {
    "Node Type": "Aggregate",
    "Strategy": "Plain",
    "Partial Mode": "Finalize",
    "Parallel Aware": false,
    "Startup Cost": 401939.77,
    "Total Cost": 401939.78,
    "Plan Rows": 1,
    "Plan Width": 8,
    "Actual Startup Time": 2672.334,
    "Actual Total Time": 2770.073,
    "Actual Rows": 1,
    "Actual Loops": 1,
    "Plans": [
      {
        "Node Type": "Gather",
        "Parent Relationship": "Outer",
        "Parallel Aware": false,
        "Startup Cost": 401939.66,
        "Total Cost": 401939.77,
        "Plan Rows": 1,
        "Plan Width": 8,
        "Actual Startup Time": 2670.24,
        "Actual Total Time": 2770.063,
        "Actual Rows": 2,
        "Actual Loops": 1,
        "Workers Planned": 1,
        "Workers Launched": 1,
        "Single Copy": false,
        "Plans": [
          {
            "Node Type": "Aggregate",
            "Strategy": "Plain",
            "Partial Mode": "Partial",
            "Parent Relationship": "Outer",
            "Parallel Aware": false,
            "Startup Cost": 400939.66,
            "Total Cost": 400939.67,
            "Plan Rows": 1,
            "Plan Width": 8,
            "Actual Startup Time": 2664.233,
            "Actual Total Time": 2664.237,
            "Actual Rows": 1,
            "Actual Loops": 2,
            "Plans": [
              {
                "Node Type": "Nested Loop",
                "Parent Relationship": "Outer",
                "Parallel Aware": false,
                "Join Type": "Inner",
                "Startup Cost": 70668.3,
                "Total Cost": 398462.93,
                "Plan Rows": 990693,
                "Plan Width": 0,
                "Actual Startup Time": 274.782,
                "Actual Total Time": 2532.023,
                "Actual Rows": 2467956,
                "Actual Loops": 2,
                "Inner Unique": false,
                "Join Filter": "(t.id = ci.movie_id)",
                "Rows Removed by Join Filter": 0,
                "Plans": [
                  {
                    "Node Type": "Hash Join",
                    "Parent Relationship": "Outer",
                    "Parallel Aware": true,
                    "Join Type": "Inner",
                    "Startup Cost": 70667.73,
                    "Total Cost": 100286.24,
                    "Plan Rows": 69139,
                    "Plan Width": 8,
                    "Actual Startup Time": 274.658,
                    "Actual Total Time": 453.269,
                    "Actual Rows": 84301,
                    "Actual Loops": 2,
                    "Inner Unique": true,
                    "Hash Cond": "(mk.movie_id = t.id)",
                    "Plans": [
                      {
                        "Node Type": "Bitmap Heap Scan",
                        "Parent Relationship": "Outer",
                        "Parallel Aware": true,
                        "Relation Name": "movie_keyword",
                        "Alias": "mk",
                        "Startup Cost": 12315.11,
                        "Total Cost": 41037.3,
                        "Plan Rows": 341455,
                        "Plan Width": 4,
                        "Actual Startup Time": 31.212,
                        "Actual Total Time": 111.42,
                        "Actual Rows": 295420,
                        "Actual Loops": 2,
                        "Recheck Cond": "(keyword_id < 430)",
                        "Rows Removed by Index Recheck": 0,
                        "Exact Heap Blocks": 15741,
                        "Lossy Heap Blocks": 0,
                        "Plans": [
                          {
                            "Node Type": "Bitmap Index Scan",
                            "Parent Relationship": "Outer",
                            "Parallel Aware": false,
                            "Index Name": "keyword_id_movie_keyword",
                            "Startup Cost": 0.0,
                            "Total Cost": 12169.99,
                            "Plan Rows": 580474,
                            "Plan Width": 0,
                            "Actual Startup Time": 27.606,
                            "Actual Total Time": 27.606,
                            "Actual Rows": 590840,
                            "Actual Loops": 1,
                            "Index Cond": "(keyword_id < 430)"
                          }
                        ]
                      },
                      {
                        "Node Type": "Hash",
                        "Parent Relationship": "Inner",
                        "Parallel Aware": true,
                        "Startup Cost": 54588.39,
                        "Total Cost": 54588.39,
                        "Plan Rows": 301139,
                        "Plan Width": 4,
                        "Actual Startup Time": 237.802,
                        "Actual Total Time": 237.802,
                        "Actual Rows": 261867,
                        "Actual Loops": 2,
                        "Hash Buckets": 524288,
                        "Original Hash Buckets": 524288,
                        "Hash Batches": 1,
                        "Original Hash Batches": 1,
                        "Peak Memory Usage": 24608,
                        "Plans": [
                          {
                            "Node Type": "Seq Scan",
                            "Parent Relationship": "Outer",
                            "Parallel Aware": true,
                            "Relation Name": "title",
                            "Alias": "t",
                            "Startup Cost": 0.0,
                            "Total Cost": 54588.39,
                            "Plan Rows": 301139,
                            "Plan Width": 4,
                            "Actual Startup Time": 0.024,
                            "Actual Total Time": 168.72,
                            "Actual Rows": 261867,
                            "Actual Loops": 2,
                            "Filter": "(production_year < 1981)",
                            "Rows Removed by Filter": 1002289
                          }
                        ]
                      }
                    ]
                  },
                  {
                    "Node Type": "Index Only Scan",
                    "Parent Relationship": "Inner",
                    "Parallel Aware": false,
                    "Scan Direction": "Forward",
                    "Index Name": "movie_id_cast_info",
                    "Relation Name": "cast_info",
                    "Alias": "ci",
                    "Startup Cost": 0.56,
                    "Total Cost": 3.85,
                    "Plan Rows": 37,
                    "Plan Width": 4,
                    "Actual Startup Time": 0.004,
                    "Actual Total Time": 0.021,
                    "Actual Rows": 29,
                    "Actual Loops": 168602,
                    "Index Cond": "(movie_id = mk.movie_id)",
                    "Rows Removed by Index Recheck": 0,
                    "Heap Fetches": 4935912
                  }
                ]
              }
            ]
          }
        ]
      }
    ]
  },
  "Planning Time": 1.039,
  "Triggers": [],
  "Execution Time": 2770.2
}