{
  "Plan": {
    "Node Type": "Aggregate",
    "Strategy": "Plain",
    "Partial Mode": "Finalize",
    "Parallel Aware": false,
    "Startup Cost": 359476.68,
    "Total Cost": 359476.69,
    "Plan Rows": 1,
    "Plan Width": 8,
    "Actual Startup Time": 1579.936,
    "Actual Total Time": 1604.552,
    "Actual Rows": 1,
    "Actual Loops": 1,
    "Plans": [
      {
        "Node Type": "Gather",
        "Parent Relationship": "Outer",
        "Parallel Aware": false,
        "Startup Cost": 359476.57,
        "Total Cost": 359476.68,
        "Plan Rows": 1,
        "Plan Width": 8,
        "Actual Startup Time": 1573.506,
        "Actual Total Time": 1604.546,
        "Actual Rows": 2,
        "Actual Loops": 1,
        "Workers Planned": 1,
        "Workers Launched": 1,
        "Single Copy": false,
        "Plans": [
          {
            "Node Type": "Aggregate",
            "Strategy": "Plain",
            "Partial Mode": "Partial",
            "Parent Relationship": "Outer",
            "Parallel Aware": false,
            "Startup Cost": 358476.57,
            "Total Cost": 358476.58,
            "Plan Rows": 1,
            "Plan Width": 8,
            "Actual Startup Time": 1566.747,
            "Actual Total Time": 1566.754,
            "Actual Rows": 1,
            "Actual Loops": 2,
            "Plans": [
              {
                "Node Type": "Hash Join",
                "Parent Relationship": "Outer",
                "Parallel Aware": true,
                "Join Type": "Inner",
                "Startup Cost": 165467.36,
                "Total Cost": 357728.46,
                "Plan Rows": 299244,
                "Plan Width": 0,
                "Actual Startup Time": 882.265,
                "Actual Total Time": 1467.588,
                "Actual Rows": 2083652,
                "Actual Loops": 2,
                "Inner Unique": false,
                "Hash Cond": "(mi.movie_id = t.id)",
                "Plans": [
                  {
                    "Node Type": "Bitmap Heap Scan",
                    "Parent Relationship": "Outer",
                    "Parallel Aware": true,
                    "Relation Name": "movie_info",
                    "Alias": "mi",
                    "Startup Cost": 54025.71,
                    "Total Cost": 237947.81,
                    "Plan Rows": 1754328,
                    "Plan Width": 4,
                    "Actual Startup Time": 112.865,
                    "Actual Total Time": 279.428,
                    "Actual Rows": 1518360,
                    "Actual Loops": 2,
                    "Recheck Cond": "(info_type_id = 16)",
                    "Rows Removed by Index Recheck": 0,
                    "Exact Heap Blocks": 16201,
                    "Lossy Heap Blocks": 0,
                    "Plans": [
                      {
                        "Node Type": "Bitmap Index Scan",
                        "Parent Relationship": "Outer",
                        "Parallel Aware": false,
                        "Index Name": "info_type_id_movie_info",
                        "Startup Cost": 0.0,
                        "Total Cost": 53280.12,
                        "Plan Rows": 2982358,
                        "Plan Width": 0,
                        "Actual Startup Time": 108.774,
                        "Actual Total Time": 108.774,
                        "Actual Rows": 3036719,
                        "Actual Loops": 1,
                        "Index Cond": "(info_type_id = 16)"
                      }
                    ]
                  },
                  {
                    "Node Type": "Hash",
                    "Parent Relationship": "Inner",
                    "Parallel Aware": true,
                    "Startup Cost": 108270.6,
                    "Total Cost": 108270.6,
                    "Plan Rows": 253684,
                    "Plan Width": 8,
                    "Actual Startup Time": 764.074,
                    "Actual Total Time": 764.078,
                    "Actual Rows": 238199,
                    "Actual Loops": 2,
                    "Hash Buckets": 524288,
                    "Original Hash Buckets": 524288,
                    "Hash Batches": 1,
                    "Original Hash Batches": 1,
                    "Peak Memory Usage": 22784,
                    "Plans": [
                      {
                        "Node Type": "Hash Join",
                        "Parent Relationship": "Outer",
                        "Parallel Aware": true,
                        "Join Type": "Inner",
                        "Startup Cost": 65569.24,
                        "Total Cost": 108270.6,
                        "Plan Rows": 253684,
                        "Plan Width": 8,
                        "Actual Startup Time": 429.937,
                        "Actual Total Time": 707.489,
                        "Actual Rows": 238199,
                        "Actual Loops": 2,
                        "Inner Unique": true,
                        "Hash Cond": "(mc.movie_id = t.id)",
                        "Plans": [
                          {
                            "Node Type": "Index Scan",
                            "Parent Relationship": "Outer",
                            "Parallel Aware": true,
                            "Scan Direction": "Forward",
                            "Index Name": "company_type_id_movie_companies",
                            "Relation Name": "movie_companies",
                            "Alias": "mc",
                            "Startup Cost": 0.43,
                            "Total Cost": 41574.35,
                            "Plan Rows": 429499,
                            "Plan Width": 4,
                            "Actual Startup Time": 0.171,
                            "Actual Total Time": 132.463,
                            "Actual Rows": 503139,
                            "Actual Loops": 2,
                            "Index Cond": "(company_type_id = 1)",
                            "Rows Removed by Index Recheck": 0,
                            "Filter": "(company_id < 13549)",
                            "Rows Removed by Filter": 133984
                          },
                          {
                            "Node Type": "Hash",
                            "Parent Relationship": "Inner",
                            "Parallel Aware": true,
                            "Startup Cost": 54588.39,
                            "Total Cost": 54588.39,
                            "Plan Rows": 878434,
                            "Plan Width": 4,
                            "Actual Startup Time": 419.111,
                            "Actual Total Time": 419.112,
                            "Actual Rows": 742515,
                            "Actual Loops": 2,
                            "Hash Buckets": 2097152,
                            "Original Hash Buckets": 2097152,
                            "Hash Batches": 1,
                            "Original Hash Batches": 1,
                            "Peak Memory Usage": 74528,
                            "Plans": [
                              {
                                "Node Type": "Seq Scan",
                                "Parent Relationship": "Outer",
                                "Parallel Aware": true,
                                "Relation Name": "title",
                                "Alias": "t",
                                "Startup Cost": 0.0,
                                "Total Cost": 54588.39,
                                "Plan Rows": 878434,
                                "Plan Width": 4,
                                "Actual Startup Time": 0.038,
                                "Actual Total Time": 194.918,
                                "Actual Rows": 742515,
                                "Actual Loops": 2,
                                "Filter": "(production_year > 1998)",
                                "Rows Removed by Filter": 521641
                              }
                            ]
                          }
                        ]
                      }
                    ]
                  }
                ]
              }
            ]
          }
        ]
      }
    ]
  },
  "Planning Time": 1.003,
  "Triggers": [],
  "Execution Time": 1604.656
}