[
  {
    "Plan": {
      "Node Type": "Aggregate",
      "Strategy": "Plain",
      "Partial Mode": "Finalize",
      "Parallel Aware": false,
      "Startup Cost": 324571.16,
      "Total Cost": 324571.17,
      "Plan Rows": 1,
      "Plan Width": 8,
      "Actual Startup Time": 225.629,
      "Actual Total Time": 237.626,
      "Actual Rows": 1,
      "Actual Loops": 1,
      "Plans": [
        {
          "Node Type": "Gather",
          "Parent Relationship": "Outer",
          "Parallel Aware": false,
          "Startup Cost": 324570.54,
          "Total Cost": 324571.15,
          "Plan Rows": 6,
          "Plan Width": 8,
          "Actual Startup Time": 224.779,
          "Actual Total Time": 237.619,
          "Actual Rows": 7,
          "Actual Loops": 1,
          "Workers Planned": 6,
          "Workers Launched": 6,
          "Single Copy": false,
          "Plans": [
            {
              "Node Type": "Aggregate",
              "Strategy": "Plain",
              "Partial Mode": "Partial",
              "Parent Relationship": "Outer",
              "Parallel Aware": false,
              "Startup Cost": 323570.54,
              "Total Cost": 323570.55,
              "Plan Rows": 1,
              "Plan Width": 8,
              "Actual Startup Time": 218.221,
              "Actual Total Time": 218.223,
              "Actual Rows": 1,
              "Actual Loops": 7,
              "Plans": [
                {
                  "Node Type": "Bitmap Heap Scan",
                  "Parent Relationship": "Outer",
                  "Parallel Aware": true,
                  "Relation Name": "cast_info",
                  "Alias": "ci",
                  "Startup Cost": 62951.86,
                  "Total Cost": 322795.65,
                  "Plan Rows": 309953,
                  "Plan Width": 0,
                  "Actual Startup Time": 172.628,
                  "Actual Total Time": 213.011,
                  "Actual Rows": 118180,
                  "Actual Loops": 7,
                  "Recheck Cond": "(person_id < 287527)",
                  "Rows Removed by Index Recheck": 0,
                  "Filter": "(role_id > 1)",
                  "Rows Removed by Filter": 303723,
                  "Exact Heap Blocks": 7589,
                  "Lossy Heap Blocks": 0,
                  "Plans": [
                    {
                      "Node Type": "Bitmap Index Scan",
                      "Parent Relationship": "Outer",
                      "Parallel Aware": false,
                      "Index Name": "person_id_cast_info",
                      "Startup Cost": 0.0,
                      "Total Cost": 62486.93,
                      "Plan Rows": 2862716,
                      "Plan Width": 0,
                      "Actual Startup Time": 104.357,
                      "Actual Total Time": 104.357,
                      "Actual Rows": 2953322,
                      "Actual Loops": 1,
                      "Index Cond": "(person_id < 287527)"
                    }
                  ]
                }
              ]
            }
          ]
        }
      ]
    },
    "Planning Time": 0.123,
    "Triggers": [],
    "Execution Time": 237.669
  }
]