{
  "Plan": {
    "Node Type": "Aggregate",
    "Strategy": "Plain",
    "Partial Mode": "Finalize",
    "Parallel Aware": false,
    "Startup Cost": 142171.96,
    "Total Cost": 142171.97,
    "Plan Rows": 1,
    "Plan Width": 8,
    "Actual Startup Time": 908.018,
    "Actual Total Time": 934.88,
    "Actual Rows": 1,
    "Actual Loops": 1,
    "Plans": [
      {
        "Node Type": "Gather",
        "Parent Relationship": "Outer",
        "Parallel Aware": false,
        "Startup Cost": 142171.85,
        "Total Cost": 142171.96,
        "Plan Rows": 1,
        "Plan Width": 8,
        "Actual Startup Time": 907.124,
        "Actual Total Time": 934.874,
        "Actual Rows": 2,
        "Actual Loops": 1,
        "Workers Planned": 1,
        "Workers Launched": 1,
        "Single Copy": false,
        "Plans": [
          {
            "Node Type": "Aggregate",
            "Strategy": "Plain",
            "Partial Mode": "Partial",
            "Parent Relationship": "Outer",
            "Parallel Aware": false,
            "Startup Cost": 141171.85,
            "Total Cost": 141171.86,
            "Plan Rows": 1,
            "Plan Width": 8,
            "Actual Startup Time": 901.126,
            "Actual Total Time": 901.129,
            "Actual Rows": 1,
            "Actual Loops": 2,
            "Plans": [
              {
                "Node Type": "Merge Join",
                "Parent Relationship": "Outer",
                "Parallel Aware": false,
                "Join Type": "Inner",
                "Startup Cost": 36380.91,
                "Total Cost": 141021.96,
                "Plan Rows": 59956,
                "Plan Width": 0,
                "Actual Startup Time": 126.074,
                "Actual Total Time": 897.568,
                "Actual Rows": 58301,
                "Actual Loops": 2,
                "Inner Unique": false,
                "Merge Cond": "(t.id = mk.movie_id)",
                "Plans": [
                  {
                    "Node Type": "Index Only Scan",
                    "Parent Relationship": "Outer",
                    "Parallel Aware": true,
                    "Scan Direction": "Forward",
                    "Index Name": "title_pkey",
                    "Relation Name": "title",
                    "Alias": "t",
                    "Startup Cost": 0.43,
                    "Total Cost": 99929.35,
                    "Plan Rows": 1487231,
                    "Plan Width": 4,
                    "Actual Startup Time": 0.112,
                    "Actual Total Time": 674.134,
                    "Actual Rows": 1262894,
                    "Actual Loops": 2,
                    "Heap Fetches": 2525787
                  },
                  {
                    "Node Type": "Sort",
                    "Parent Relationship": "Inner",
                    "Parallel Aware": false,
                    "Startup Cost": 36369.12,
                    "Total Cost": 36623.93,
                    "Plan Rows": 101925,
                    "Plan Width": 4,
                    "Actual Startup Time": 125.834,
                    "Actual Total Time": 133.614,
                    "Actual Rows": 116602,
                    "Actual Loops": 2,
                    "Sort Key": [
                      "mk.movie_id"
                    ],
                    "Sort Method": "quicksort",
                    "Sort Space Used": 8538,
                    "Sort Space Type": "Memory",
                    "Workers": [
                      {
                        "Worker Number": 0,
                        "Sort Method": "quicksort",
                        "Sort Space Used": 8538,
                        "Sort Space Type": "Memory"
                      }
                    ],
                    "Plans": [
                      {
                        "Node Type": "Bitmap Heap Scan",
                        "Parent Relationship": "Outer",
                        "Parallel Aware": false,
                        "Relation Name": "movie_keyword",
                        "Alias": "mk",
                        "Startup Cost": 2162.35,
                        "Total Cost": 27890.41,
                        "Plan Rows": 101925,
                        "Plan Width": 4,
                        "Actual Startup Time": 26.642,
                        "Actual Total Time": 97.106,
                        "Actual Rows": 116602,
                        "Actual Loops": 2,
                        "Recheck Cond": "(keyword_id < 113)",
                        "Rows Removed by Index Recheck": 0,
                        "Exact Heap Blocks": 22509,
                        "Lossy Heap Blocks": 0,
                        "Plans": [
                          {
                            "Node Type": "Bitmap Index Scan",
                            "Parent Relationship": "Outer",
                            "Parallel Aware": false,
                            "Index Name": "keyword_id_movie_keyword",
                            "Startup Cost": 0.0,
                            "Total Cost": 2136.87,
                            "Plan Rows": 101925,
                            "Plan Width": 0,
                            "Actual Startup Time": 20.437,
                            "Actual Total Time": 20.438,
                            "Actual Rows": 116602,
                            "Actual Loops": 2,
                            "Index Cond": "(keyword_id < 113)"
                          }
                        ]
                      }
                    ]
                  }
                ]
              }
            ]
          }
        ]
      }
    ]
  },
  "Planning Time": 0.553,
  "Triggers": [],
  "Execution Time": 934.969
}