[
  {
    "Plan": {
      "Node Type": "Aggregate",
      "Strategy": "Plain",
      "Partial Mode": "Finalize",
      "Parallel Aware": false,
      "Startup Cost": 113927.23,
      "Total Cost": 113927.24,
      "Plan Rows": 1,
      "Plan Width": 8,
      "Actual Startup Time": 684.782,
      "Actual Total Time": 705.824,
      "Actual Rows": 1,
      "Actual Loops": 1,
      "Plans": [
        {
          "Node Type": "Gather",
          "Parent Relationship": "Outer",
          "Parallel Aware": false,
          "Startup Cost": 113926.92,
          "Total Cost": 113927.23,
          "Plan Rows": 3,
          "Plan Width": 8,
          "Actual Startup Time": 668.265,
          "Actual Total Time": 705.815,
          "Actual Rows": 4,
          "Actual Loops": 1,
          "Workers Planned": 3,
          "Workers Launched": 3,
          "Single Copy": false,
          "Plans": [
            {
              "Node Type": "Aggregate",
              "Strategy": "Plain",
              "Partial Mode": "Partial",
              "Parent Relationship": "Outer",
              "Parallel Aware": false,
              "Startup Cost": 112926.92,
              "Total Cost": 112926.93,
              "Plan Rows": 1,
              "Plan Width": 8,
              "Actual Startup Time": 646.926,
              "Actual Total Time": 646.932,
              "Actual Rows": 1,
              "Actual Loops": 4,
              "Plans": [
                {
                  "Node Type": "Hash Join",
                  "Parent Relationship": "Outer",
                  "Parallel Aware": true,
                  "Join Type": "Inner",
                  "Startup Cost": 82094.6,
                  "Total Cost": 112721.89,
                  "Plan Rows": 82009,
                  "Plan Width": 0,
                  "Actual Startup Time": 464.124,
                  "Actual Total Time": 631.843,
                  "Actual Rows": 380772,
                  "Actual Loops": 4,
                  "Inner Unique": false,
                  "Hash Cond": "(mc.movie_id = t.id)",
                  "Plans": [
                    {
                      "Node Type": "Seq Scan",
                      "Parent Relationship": "Outer",
                      "Parallel Aware": true,
                      "Relation Name": "movie_companies",
                      "Alias": "mc",
                      "Startup Cost": 0.0,
                      "Total Cost": 27206.55,
                      "Plan Rows": 841655,
                      "Plan Width": 4,
                      "Actual Startup Time": 0.02,
                      "Actual Total Time": 55.601,
                      "Actual Rows": 652282,
                      "Actual Loops": 4
                    },
                    {
                      "Node Type": "Hash",
                      "Parent Relationship": "Inner",
                      "Parallel Aware": true,
                      "Startup Cost": 81101.25,
                      "Total Cost": 81101.25,
                      "Plan Rows": 79468,
                      "Plan Width": 8,
                      "Actual Startup Time": 461.856,
                      "Actual Total Time": 461.86,
                      "Actual Rows": 63618,
                      "Actual Loops": 4,
                      "Hash Buckets": 262144,
                      "Original Hash Buckets": 262144,
                      "Hash Batches": 1,
                      "Original Hash Batches": 1,
                      "Peak Memory Usage": 12064,
                      "Plans": [
                        {
                          "Node Type": "Hash Join",
                          "Parent Relationship": "Outer",
                          "Parallel Aware": true,
                          "Join Type": "Inner",
                          "Startup Cost": 55445.3,
                          "Total Cost": 81101.25,
                          "Plan Rows": 79468,
                          "Plan Width": 8,
                          "Actual Startup Time": 364.377,
                          "Actual Total Time": 440.6,
                          "Actual Rows": 63618,
                          "Actual Loops": 4,
                          "Inner Unique": true,
                          "Hash Cond": "(mk.movie_id = t.id)",
                          "Plans": [
                            {
                              "Node Type": "Bitmap Heap Scan",
                              "Parent Relationship": "Outer",
                              "Parallel Aware": true,
                              "Relation Name": "movie_keyword",
                              "Alias": "mk",
                              "Startup Cost": 5225.65,
                              "Total Cost": 30673.0,
                              "Plan Rows": 79468,
                              "Plan Width": 4,
                              "Actual Startup Time": 17.195,
                              "Actual Total Time": 60.502,
                              "Actual Rows": 63618,
                              "Actual Loops": 4,
                              "Recheck Cond": "(keyword_id < 224)",
                              "Rows Removed by Index Recheck": 0,
                              "Exact Heap Blocks": 7600,
                              "Lossy Heap Blocks": 0,
                              "Plans": [
                                {
                                  "Node Type": "Bitmap Index Scan",
                                  "Parent Relationship": "Outer",
                                  "Parallel Aware": false,
                                  "Index Name": "keyword_id_movie_keyword",
                                  "Startup Cost": 0.0,
                                  "Total Cost": 5164.06,
                                  "Plan Rows": 246351,
                                  "Plan Width": 0,
                                  "Actual Startup Time": 13.603,
                                  "Actual Total Time": 13.603,
                                  "Actual Rows": 254471,
                                  "Actual Loops": 1,
                                  "Index Cond": "(keyword_id < 224)"
                                }
                              ]
                            },
                            {
                              "Node Type": "Hash",
                              "Parent Relationship": "Inner",
                              "Parallel Aware": true,
                              "Startup Cost": 42318.73,
                              "Total Cost": 42318.73,
                              "Plan Rows": 632073,
                              "Plan Width": 4,
                              "Actual Startup Time": 337.854,
                              "Actual Total Time": 337.855,
                              "Actual Rows": 632078,
                              "Actual Loops": 4,
                              "Hash Buckets": 4194304,
                              "Original Hash Buckets": 4194304,
                              "Hash Batches": 1,
                              "Original Hash Batches": 1,
                              "Peak Memory Usage": 131744,
                              "Plans": [
                                {
                                  "Node Type": "Seq Scan",
                                  "Parent Relationship": "Outer",
                                  "Parallel Aware": true,
                                  "Relation Name": "title",
                                  "Alias": "t",
                                  "Startup Cost": 0.0,
                                  "Total Cost": 42318.73,
                                  "Plan Rows": 632073,
                                  "Plan Width": 4,
                                  "Actual Startup Time": 0.039,
                                  "Actual Total Time": 97.626,
                                  "Actual Rows": 632078,
                                  "Actual Loops": 4
                                }
                              ]
                            }
                          ]
                        }
                      ]
                    }
                  ]
                }
              ]
            }
          ]
        }
      ]
    },
    "Planning Time": 1.381,
    "Triggers": [],
    "Execution Time": 705.925
  }
]