[
  {
    "Plan": {
      "Node Type": "Aggregate",
      "Strategy": "Plain",
      "Partial Mode": "Finalize",
      "Parallel Aware": false,
      "Startup Cost": 32720.5,
      "Total Cost": 32720.51,
      "Plan Rows": 1,
      "Plan Width": 8,
      "Actual Startup Time": 74.441,
      "Actual Total Time": 81.87,
      "Actual Rows": 1,
      "Actual Loops": 1,
      "Plans": [
        {
          "Node Type": "Gather",
          "Parent Relationship": "Outer",
          "Parallel Aware": false,
          "Startup Cost": 32720.19,
          "Total Cost": 32720.5,
          "Plan Rows": 3,
          "Plan Width": 8,
          "Actual Startup Time": 74.343,
          "Actual Total Time": 81.862,
          "Actual Rows": 4,
          "Actual Loops": 1,
          "Workers Planned": 3,
          "Workers Launched": 3,
          "Single Copy": false,
          "Plans": [
            {
              "Node Type": "Aggregate",
              "Strategy": "Plain",
              "Partial Mode": "Partial",
              "Parent Relationship": "Outer",
              "Parallel Aware": false,
              "Startup Cost": 31720.19,
              "Total Cost": 31720.2,
              "Plan Rows": 1,
              "Plan Width": 8,
              "Actual Startup Time": 67.741,
              "Actual Total Time": 67.742,
              "Actual Rows": 1,
              "Actual Loops": 4,
              "Plans": [
                {
                  "Node Type": "Seq Scan",
                  "Parent Relationship": "Outer",
                  "Parallel Aware": true,
                  "Relation Name": "movie_companies",
                  "Alias": "mc",
                  "Startup Cost": 0.0,
                  "Total Cost": 31414.82,
                  "Plan Rows": 122147,
                  "Plan Width": 0,
                  "Actual Startup Time": 17.679,
                  "Actual Total Time": 66.868,
                  "Actual Rows": 14606,
                  "Actual Loops": 4,
                  "Filter": "((company_id > 34508) AND (company_type_id < 2))",
                  "Rows Removed by Filter": 637676
                }
              ]
            }
          ]
        }
      ]
    },
    "Planning Time": 0.098,
    "Triggers": [],
    "Execution Time": 81.896
  }
]