[
  {
    "Plan": {
      "Node Type": "Aggregate",
      "Strategy": "Plain",
      "Partial Mode": "Finalize",
      "Parallel Aware": false,
      "Startup Cost": 347392.6,
      "Total Cost": 347392.61,
      "Plan Rows": 1,
      "Plan Width": 8,
      "Actual Startup Time": 327.121,
      "Actual Total Time": 342.018,
      "Actual Rows": 1,
      "Actual Loops": 1,
      "Plans": [
        {
          "Node Type": "Gather",
          "Parent Relationship": "Outer",
          "Parallel Aware": false,
          "Startup Cost": 347391.98,
          "Total Cost": 347392.59,
          "Plan Rows": 6,
          "Plan Width": 8,
          "Actual Startup Time": 324.836,
          "Actual Total Time": 342.009,
          "Actual Rows": 7,
          "Actual Loops": 1,
          "Workers Planned": 6,
          "Workers Launched": 6,
          "Single Copy": false,
          "Plans": [
            {
              "Node Type": "Aggregate",
              "Strategy": "Plain",
              "Partial Mode": "Partial",
              "Parent Relationship": "Outer",
              "Parallel Aware": false,
              "Startup Cost": 346391.98,
              "Total Cost": 346391.99,
              "Plan Rows": 1,
              "Plan Width": 8,
              "Actual Startup Time": 313.843,
              "Actual Total Time": 313.847,
              "Actual Rows": 1,
              "Actual Loops": 7,
              "Plans": [
                {
                  "Node Type": "Hash Join",
                  "Parent Relationship": "Outer",
                  "Parallel Aware": true,
                  "Join Type": "Inner",
                  "Startup Cost": 87989.26,
                  "Total Cost": 346358.29,
                  "Plan Rows": 13474,
                  "Plan Width": 0,
                  "Actual Startup Time": 170.115,
                  "Actual Total Time": 313.285,
                  "Actual Rows": 5317,
                  "Actual Loops": 7,
                  "Inner Unique": true,
                  "Hash Cond": "(ci.movie_id = t.id)",
                  "Plans": [
                    {
                      "Node Type": "Bitmap Heap Scan",
                      "Parent Relationship": "Outer",
                      "Parallel Aware": true,
                      "Relation Name": "cast_info",
                      "Alias": "ci",
                      "Startup Cost": 49785.3,
                      "Total Cost": 307168.19,
                      "Plan Rows": 375672,
                      "Plan Width": 4,
                      "Actual Startup Time": 97.907,
                      "Actual Total Time": 185.435,
                      "Actual Rows": 309269,
                      "Actual Loops": 7,
                      "Recheck Cond": "(person_id > 3639431)",
                      "Rows Removed by Index Recheck": 0,
                      "Exact Heap Blocks": 6226,
                      "Lossy Heap Blocks": 0,
                      "Plans": [
                        {
                          "Node Type": "Bitmap Index Scan",
                          "Parent Relationship": "Outer",
                          "Parallel Aware": false,
                          "Index Name": "person_id_cast_info",
                          "Startup Cost": 0.0,
                          "Total Cost": 49221.79,
                          "Plan Rows": 2254030,
                          "Plan Width": 0,
                          "Actual Startup Time": 92.504,
                          "Actual Total Time": 92.505,
                          "Actual Rows": 2164883,
                          "Actual Loops": 1,
                          "Index Cond": "(person_id > 3639431)"
                        }
                      ]
                    },
                    {
                      "Node Type": "Hash",
                      "Parent Relationship": "Inner",
                      "Parallel Aware": true,
                      "Startup Cost": 37920.59,
                      "Total Cost": 37920.59,
                      "Plan Rows": 22670,
                      "Plan Width": 4,
                      "Actual Startup Time": 70.703,
                      "Actual Total Time": 70.705,
                      "Actual Rows": 12979,
                      "Actual Loops": 7,
                      "Hash Buckets": 131072,
                      "Original Hash Buckets": 131072,
                      "Hash Batches": 1,
                      "Original Hash Batches": 1,
                      "Peak Memory Usage": 4704,
                      "Plans": [
                        {
                          "Node Type": "Bitmap Heap Scan",
                          "Parent Relationship": "Outer",
                          "Parallel Aware": true,
                          "Relation Name": "title",
                          "Alias": "t",
                          "Startup Cost": 1639.21,
                          "Total Cost": 37920.59,
                          "Plan Rows": 22670,
                          "Plan Width": 4,
                          "Actual Startup Time": 19.243,
                          "Actual Total Time": 64.254,
                          "Actual Rows": 12979,
                          "Actual Loops": 7,
                          "Recheck Cond": "(kind_id = 2)",
                          "Rows Removed by Index Recheck": 0,
                          "Exact Heap Blocks": 10498,
                          "Lossy Heap Blocks": 0,
                          "Plans": [
                            {
                              "Node Type": "Bitmap Index Scan",
                              "Parent Relationship": "Outer",
                              "Parallel Aware": false,
                              "Index Name": "kind_id_title",
                              "Startup Cost": 0.0,
                              "Total Cost": 1616.54,
                              "Plan Rows": 90681,
                              "Plan Width": 0,
                              "Actual Startup Time": 17.378,
                              "Actual Total Time": 17.378,
                              "Actual Rows": 90852,
                              "Actual Loops": 1,
                              "Index Cond": "(kind_id = 2)"
                            }
                          ]
                        }
                      ]
                    }
                  ]
                }
              ]
            }
          ]
        }
      ]
    },
    "Planning Time": 0.644,
    "Triggers": [],
    "Execution Time": 342.122
  }
]