{
    "Plan": {
        "Node Type": "Aggregate",
        "Strategy": "Plain",
        "Partial Mode": "Finalize",
        "Parallel Aware": false,
        "Startup Cost": 48232.6,
        "Total Cost": 48232.61,
        "Plan Rows": 1,
        "Plan Width": 8,
        "Actual Startup Time": 98.157,
        "Actual Total Time": 109.799,
        "Actual Rows": 1,
        "Actual Loops": 1,
        "Output": [
            "count(*)"
        ],
        "Plans": [
            {
                "Node Type": "Gather",
                "Parent Relationship": "Outer",
                "Parallel Aware": false,
                "Startup Cost": 48232.18,
                "Total Cost": 48232.59,
                "Plan Rows": 4,
                "Plan Width": 8,
                "Actual Startup Time": 98.029,
                "Actual Total Time": 109.79,
                "Actual Rows": 5,
                "Actual Loops": 1,
                "Output": [
                    "(PARTIAL count(*))"
                ],
                "Workers Planned": 4,
                "Workers Launched": 4,
                "Single Copy": false,
                "Plans": [
                    {
                        "Node Type": "Aggregate",
                        "Strategy": "Plain",
                        "Partial Mode": "Partial",
                        "Parent Relationship": "Outer",
                        "Parallel Aware": false,
                        "Startup Cost": 47232.18,
                        "Total Cost": 47232.19,
                        "Plan Rows": 1,
                        "Plan Width": 8,
                        "Actual Startup Time": 87.78,
                        "Actual Total Time": 87.782,
                        "Actual Rows": 1,
                        "Actual Loops": 5,
                        "Output": [
                            "PARTIAL count(*)"
                        ],
                        "Workers": [
                            {
                                "Worker Number": 0,
                                "Actual Startup Time": 84.781,
                                "Actual Total Time": 84.783,
                                "Actual Rows": 1,
                                "Actual Loops": 1
                            },
                            {
                                "Worker Number": 1,
                                "Actual Startup Time": 85.142,
                                "Actual Total Time": 85.143,
                                "Actual Rows": 1,
                                "Actual Loops": 1
                            },
                            {
                                "Worker Number": 2,
                                "Actual Startup Time": 85.866,
                                "Actual Total Time": 85.868,
                                "Actual Rows": 1,
                                "Actual Loops": 1
                            },
                            {
                                "Worker Number": 3,
                                "Actual Startup Time": 85.912,
                                "Actual Total Time": 85.913,
                                "Actual Rows": 1,
                                "Actual Loops": 1
                            }
                        ],
                        "Plans": [
                            {
                                "Node Type": "Nested Loop",
                                "Parent Relationship": "Outer",
                                "Parallel Aware": false,
                                "Join Type": "Inner",
                                "Startup Cost": 0.86,
                                "Total Cost": 47232.01,
                                "Plan Rows": 67,
                                "Plan Width": 0,
                                "Actual Startup Time": 60.246,
                                "Actual Total Time": 87.764,
                                "Actual Rows": 65,
                                "Actual Loops": 5,
                                "Inner Unique": false,
                                "Join Filter": "(t.id = mk.movie_id)",
                                "Rows Removed by Join Filter": 0,
                                "Workers": [
                                    {
                                        "Worker Number": 0,
                                        "Actual Startup Time": 57.395,
                                        "Actual Total Time": 84.766,
                                        "Actual Rows": 80,
                                        "Actual Loops": 1
                                    },
                                    {
                                        "Worker Number": 1,
                                        "Actual Startup Time": 61.016,
                                        "Actual Total Time": 85.127,
                                        "Actual Rows": 22,
                                        "Actual Loops": 1
                                    },
                                    {
                                        "Worker Number": 2,
                                        "Actual Startup Time": 56.728,
                                        "Actual Total Time": 85.849,
                                        "Actual Rows": 59,
                                        "Actual Loops": 1
                                    },
                                    {
                                        "Worker Number": 3,
                                        "Actual Startup Time": 58.049,
                                        "Actual Total Time": 85.897,
                                        "Actual Rows": 55,
                                        "Actual Loops": 1
                                    }
                                ],
                                "Plans": [
                                    {
                                        "Node Type": "Nested Loop",
                                        "Parent Relationship": "Outer",
                                        "Parallel Aware": false,
                                        "Join Type": "Inner",
                                        "Startup Cost": 0.43,
                                        "Total Cost": 47148.01,
                                        "Plan Rows": 38,
                                        "Plan Width": 8,
                                        "Actual Startup Time": 58.768,
                                        "Actual Total Time": 86.539,
                                        "Actual Rows": 74,
                                        "Actual Loops": 5,
                                        "Output": [
                                            "t.id",
                                            "mi_idx.movie_id"
                                        ],
                                        "Inner Unique": false,
                                        "Workers": [
                                            {
                                                "Worker Number": 0,
                                                "Actual Startup Time": 55.424,
                                                "Actual Total Time": 83.478,
                                                "Actual Rows": 65,
                                                "Actual Loops": 1
                                            },
                                            {
                                                "Worker Number": 1,
                                                "Actual Startup Time": 55.801,
                                                "Actual Total Time": 83.891,
                                                "Actual Rows": 60,
                                                "Actual Loops": 1
                                            },
                                            {
                                                "Worker Number": 2,
                                                "Actual Startup Time": 56.63,
                                                "Actual Total Time": 84.394,
                                                "Actual Rows": 74,
                                                "Actual Loops": 1
                                            },
                                            {
                                                "Worker Number": 3,
                                                "Actual Startup Time": 57.96,
                                                "Actual Total Time": 84.385,
                                                "Actual Rows": 75,
                                                "Actual Loops": 1
                                            }
                                        ],
                                        "Plans": [
                                            {
                                                "Node Type": "Seq Scan",
                                                "Parent Relationship": "Outer",
                                                "Parallel Aware": true,
                                                "Relation Name": "title",
                                                "Schema": "public",
                                                "Alias": "t",
                                                "Startup Cost": 0.0,
                                                "Total Cost": 45479.21,
                                                "Plan Rows": 207,
                                                "Plan Width": 4,
                                                "Actual Startup Time": 58.095,
                                                "Actual Total Time": 81.848,
                                                "Actual Rows": 683,
                                                "Actual Loops": 5,
                                                "Output": [
                                                    "t.id",
                                                    "t.title",
                                                    "t.imdb_index",
                                                    "t.kind_id",
                                                    "t.production_year",
                                                    "t.imdb_id",
                                                    "t.phonetic_code",
                                                    "t.episode_of_id",
                                                    "t.season_nr",
                                                    "t.episode_nr",
                                                    "t.series_years",
                                                    "t.md5sum"
                                                ],
                                                "Filter": "((t.kind_id = 1) AND (t.production_year = 1909))",
                                                "Rows Removed by Filter": 504979,
                                                "Workers": [
                                                    {
                                                        "Worker Number": 0,
                                                        "Actual Startup Time": 55.07,
                                                        "Actual Total Time": 78.627,
                                                        "Actual Rows": 636,
                                                        "Actual Loops": 1
                                                    },
                                                    {
                                                        "Worker Number": 1,
                                                        "Actual Startup Time": 55.425,
                                                        "Actual Total Time": 78.664,
                                                        "Actual Rows": 567,
                                                        "Actual Loops": 1
                                                    },
                                                    {
                                                        "Worker Number": 2,
                                                        "Actual Startup Time": 56.312,
                                                        "Actual Total Time": 79.444,
                                                        "Actual Rows": 630,
                                                        "Actual Loops": 1
                                                    },
                                                    {
                                                        "Worker Number": 3,
                                                        "Actual Startup Time": 56.19,
                                                        "Actual Total Time": 79.07,
                                                        "Actual Rows": 684,
                                                        "Actual Loops": 1
                                                    }
                                                ]
                                            },
                                            {
                                                "Node Type": "Index Scan",
                                                "Parent Relationship": "Inner",
                                                "Parallel Aware": false,
                                                "Scan Direction": "Forward",
                                                "Index Name": "movie_id_movie_info_idx",
                                                "Relation Name": "movie_info_idx",
                                                "Schema": "public",
                                                "Alias": "mi_idx",
                                                "Startup Cost": 0.43,
                                                "Total Cost": 8.05,
                                                "Plan Rows": 1,
                                                "Plan Width": 4,
                                                "Actual Startup Time": 0.006,
                                                "Actual Total Time": 0.006,
                                                "Actual Rows": 0,
                                                "Actual Loops": 3417,
                                                "Output": [
                                                    "mi_idx.id",
                                                    "mi_idx.movie_id",
                                                    "mi_idx.info_type_id",
                                                    "mi_idx.info",
                                                    "mi_idx.note"
                                                ],
                                                "Index Cond": "(mi_idx.movie_id = t.id)",
                                                "Rows Removed by Index Recheck": 0,
                                                "Filter": "(mi_idx.info_type_id = 99)",
                                                "Rows Removed by Filter": 0,
                                                "Workers": [
                                                    {
                                                        "Worker Number": 0,
                                                        "Actual Startup Time": 0.007,
                                                        "Actual Total Time": 0.007,
                                                        "Actual Rows": 0,
                                                        "Actual Loops": 636
                                                    },
                                                    {
                                                        "Worker Number": 1,
                                                        "Actual Startup Time": 0.009,
                                                        "Actual Total Time": 0.009,
                                                        "Actual Rows": 0,
                                                        "Actual Loops": 567
                                                    },
                                                    {
                                                        "Worker Number": 2,
                                                        "Actual Startup Time": 0.007,
                                                        "Actual Total Time": 0.007,
                                                        "Actual Rows": 0,
                                                        "Actual Loops": 630
                                                    },
                                                    {
                                                        "Worker Number": 3,
                                                        "Actual Startup Time": 0.007,
                                                        "Actual Total Time": 0.007,
                                                        "Actual Rows": 0,
                                                        "Actual Loops": 684
                                                    }
                                                ]
                                            }
                                        ]
                                    },
                                    {
                                        "Node Type": "Index Only Scan",
                                        "Parent Relationship": "Inner",
                                        "Parallel Aware": false,
                                        "Scan Direction": "Forward",
                                        "Index Name": "movie_id_movie_keyword",
                                        "Relation Name": "movie_keyword",
                                        "Schema": "public",
                                        "Alias": "mk",
                                        "Startup Cost": 0.43,
                                        "Total Cost": 1.64,
                                        "Plan Rows": 46,
                                        "Plan Width": 4,
                                        "Actual Startup Time": 0.016,
                                        "Actual Total Time": 0.016,
                                        "Actual Rows": 1,
                                        "Actual Loops": 371,
                                        "Output": [
                                            "mk.movie_id"
                                        ],
                                        "Index Cond": "(mk.movie_id = mi_idx.movie_id)",
                                        "Rows Removed by Index Recheck": 0,
                                        "Heap Fetches": 325,
                                        "Workers": [
                                            {
                                                "Worker Number": 0,
                                                "Actual Startup Time": 0.019,
                                                "Actual Total Time": 0.019,
                                                "Actual Rows": 1,
                                                "Actual Loops": 65
                                            },
                                            {
                                                "Worker Number": 1,
                                                "Actual Startup Time": 0.02,
                                                "Actual Total Time": 0.02,
                                                "Actual Rows": 0,
                                                "Actual Loops": 60
                                            },
                                            {
                                                "Worker Number": 2,
                                                "Actual Startup Time": 0.019,
                                                "Actual Total Time": 0.019,
                                                "Actual Rows": 1,
                                                "Actual Loops": 74
                                            },
                                            {
                                                "Worker Number": 3,
                                                "Actual Startup Time": 0.019,
                                                "Actual Total Time": 0.019,
                                                "Actual Rows": 1,
                                                "Actual Loops": 75
                                            }
                                        ]
                                    }
                                ]
                            }
                        ]
                    }
                ]
            }
        ]
    },
    "Planning Time": 1.494,
    "Triggers": [],
    "Execution Time": 109.896
}