{
  "Plan": {
    "Node Type": "Aggregate",
    "Strategy": "Plain",
    "Partial Mode": "Simple",
    "Parallel Aware": false,
    "Startup Cost": 713.4,
    "Total Cost": 713.41,
    "Plan Rows": 1,
    "Plan Width": 8,
    "Actual Startup Time": 1.875,
    "Actual Total Time": 1.877,
    "Actual Rows": 1,
    "Actual Loops": 1,
    "Plans": [
      {
        "Node Type": "Nested Loop",
        "Parent Relationship": "Outer",
        "Parallel Aware": false,
        "Join Type": "Inner",
        "Startup Cost": 0.86,
        "Total Cost": 713.36,
        "Plan Rows": 16,
        "Plan Width": 0,
        "Actual Startup Time": 0.476,
        "Actual Total Time": 1.869,
        "Actual Rows": 5,
        "Actual Loops": 1,
        "Inner Unique": true,
        "Plans": [
          {
            "Node Type": "Index Scan",
            "Parent Relationship": "Outer",
            "Parallel Aware": false,
            "Scan Direction": "Forward",
            "Index Name": "company_id_movie_companies",
            "Relation Name": "movie_companies",
            "Alias": "mc",
            "Startup Cost": 0.43,
            "Total Cost": 273.83,
            "Plan Rows": 52,
            "Plan Width": 4,
            "Actual Startup Time": 0.429,
            "Actual Total Time": 0.61,
            "Actual Rows": 174,
            "Actual Loops": 1,
            "Index Cond": "(company_id = 1407)",
            "Rows Removed by Index Recheck": 0,
            "Filter": "(company_type_id > 1)",
            "Rows Removed by Filter": 345
          },
          {
            "Node Type": "Index Scan",
            "Parent Relationship": "Inner",
            "Parallel Aware": false,
            "Scan Direction": "Forward",
            "Index Name": "title_pkey",
            "Relation Name": "title",
            "Alias": "t",
            "Startup Cost": 0.43,
            "Total Cost": 8.45,
            "Plan Rows": 1,
            "Plan Width": 4,
            "Actual Startup Time": 0.007,
            "Actual Total Time": 0.007,
            "Actual Rows": 0,
            "Actual Loops": 174,
            "Index Cond": "(id = mc.movie_id)",
            "Rows Removed by Index Recheck": 0,
            "Filter": "((kind_id < 7) AND (production_year > 1979))",
            "Rows Removed by Filter": 1
          }
        ]
      }
    ]
  },
  "Planning Time": 0.406,
  "Triggers": [],
  "Execution Time": 1.933
}