[
  {
    "Plan": {
      "Node Type": "Aggregate",
      "Strategy": "Plain",
      "Partial Mode": "Finalize",
      "Parallel Aware": false,
      "Startup Cost": 32726.99,
      "Total Cost": 32727.0,
      "Plan Rows": 1,
      "Plan Width": 8,
      "Actual Startup Time": 78.229,
      "Actual Total Time": 86.588,
      "Actual Rows": 1,
      "Actual Loops": 1,
      "Plans": [
        {
          "Node Type": "Gather",
          "Parent Relationship": "Outer",
          "Parallel Aware": false,
          "Startup Cost": 32726.67,
          "Total Cost": 32726.98,
          "Plan Rows": 3,
          "Plan Width": 8,
          "Actual Startup Time": 78.092,
          "Actual Total Time": 86.581,
          "Actual Rows": 4,
          "Actual Loops": 1,
          "Workers Planned": 3,
          "Workers Launched": 3,
          "Single Copy": false,
          "Plans": [
            {
              "Node Type": "Aggregate",
              "Strategy": "Plain",
              "Partial Mode": "Partial",
              "Parent Relationship": "Outer",
              "Parallel Aware": false,
              "Startup Cost": 31726.67,
              "Total Cost": 31726.68,
              "Plan Rows": 1,
              "Plan Width": 8,
              "Actual Startup Time": 73.164,
              "Actual Total Time": 73.166,
              "Actual Rows": 1,
              "Actual Loops": 4,
              "Plans": [
                {
                  "Node Type": "Seq Scan",
                  "Parent Relationship": "Outer",
                  "Parallel Aware": true,
                  "Relation Name": "movie_companies",
                  "Alias": "mc",
                  "Startup Cost": 0.0,
                  "Total Cost": 31414.82,
                  "Plan Rows": 124741,
                  "Plan Width": 0,
                  "Actual Startup Time": 38.812,
                  "Actual Total Time": 70.326,
                  "Actual Rows": 56035,
                  "Actual Loops": 4,
                  "Filter": "((company_id < 1504) AND (company_type_id = 2))",
                  "Rows Removed by Filter": 596247
                }
              ]
            }
          ]
        }
      ]
    },
    "Planning Time": 0.132,
    "Triggers": [],
    "Execution Time": 86.626
  }
]