{
  "Plan": {
    "Node Type": "Aggregate",
    "Strategy": "Plain",
    "Partial Mode": "Finalize",
    "Parallel Aware": false,
    "Startup Cost": 392724.0,
    "Total Cost": 392724.01,
    "Plan Rows": 1,
    "Plan Width": 8,
    "Actual Startup Time": 736.3,
    "Actual Total Time": 749.653,
    "Actual Rows": 1,
    "Actual Loops": 1,
    "Plans": [
      {
        "Node Type": "Gather",
        "Parent Relationship": "Outer",
        "Parallel Aware": false,
        "Startup Cost": 392723.89,
        "Total Cost": 392724.0,
        "Plan Rows": 1,
        "Plan Width": 8,
        "Actual Startup Time": 735.037,
        "Actual Total Time": 749.646,
        "Actual Rows": 2,
        "Actual Loops": 1,
        "Workers Planned": 1,
        "Workers Launched": 1,
        "Single Copy": false,
        "Plans": [
          {
            "Node Type": "Aggregate",
            "Strategy": "Plain",
            "Partial Mode": "Partial",
            "Parent Relationship": "Outer",
            "Parallel Aware": false,
            "Startup Cost": 391723.89,
            "Total Cost": 391723.9,
            "Plan Rows": 1,
            "Plan Width": 8,
            "Actual Startup Time": 729.302,
            "Actual Total Time": 729.305,
            "Actual Rows": 1,
            "Actual Loops": 2,
            "Plans": [
              {
                "Node Type": "Hash Join",
                "Parent Relationship": "Outer",
                "Parallel Aware": true,
                "Join Type": "Inner",
                "Startup Cost": 116769.56,
                "Total Cost": 390601.15,
                "Plan Rows": 449094,
                "Plan Width": 0,
                "Actual Startup Time": 322.211,
                "Actual Total Time": 713.93,
                "Actual Rows": 350672,
                "Actual Loops": 2,
                "Inner Unique": true,
                "Hash Cond": "(ci.movie_id = t.id)",
                "Plans": [
                  {
                    "Node Type": "Bitmap Heap Scan",
                    "Parent Relationship": "Outer",
                    "Parallel Aware": true,
                    "Relation Name": "cast_info",
                    "Alias": "ci",
                    "Startup Cost": 52491.07,
                    "Total Cost": 322652.93,
                    "Plan Rows": 1397989,
                    "Plan Width": 4,
                    "Actual Startup Time": 78.363,
                    "Actual Total Time": 195.377,
                    "Actual Rows": 1196027,
                    "Actual Loops": 2,
                    "Recheck Cond": "(person_id < 232890)",
                    "Rows Removed by Index Recheck": 0,
                    "Exact Heap Blocks": 13358,
                    "Lossy Heap Blocks": 0,
                    "Plans": [
                      {
                        "Node Type": "Bitmap Index Scan",
                        "Parent Relationship": "Outer",
                        "Parallel Aware": false,
                        "Index Name": "person_id_cast_info",
                        "Startup Cost": 0.0,
                        "Total Cost": 51896.92,
                        "Plan Rows": 2376581,
                        "Plan Width": 0,
                        "Actual Startup Time": 74.575,
                        "Actual Total Time": 74.575,
                        "Actual Rows": 2392054,
                        "Actual Loops": 1,
                        "Index Cond": "(person_id < 232890)"
                      }
                    ]
                  },
                  {
                    "Node Type": "Hash",
                    "Parent Relationship": "Inner",
                    "Parallel Aware": true,
                    "Startup Cost": 58306.47,
                    "Total Cost": 58306.47,
                    "Plan Rows": 477762,
                    "Plan Width": 4,
                    "Actual Startup Time": 236.45,
                    "Actual Total Time": 236.451,
                    "Actual Rows": 369380,
                    "Actual Loops": 2,
                    "Hash Buckets": 1048576,
                    "Original Hash Buckets": 1048576,
                    "Hash Batches": 1,
                    "Original Hash Batches": 1,
                    "Peak Memory Usage": 37120,
                    "Plans": [
                      {
                        "Node Type": "Seq Scan",
                        "Parent Relationship": "Outer",
                        "Parallel Aware": true,
                        "Relation Name": "title",
                        "Alias": "t",
                        "Startup Cost": 0.0,
                        "Total Cost": 58306.47,
                        "Plan Rows": 477762,
                        "Plan Width": 4,
                        "Actual Startup Time": 0.033,
                        "Actual Total Time": 150.044,
                        "Actual Rows": 369380,
                        "Actual Loops": 2,
                        "Filter": "((production_year < 2005) AND (kind_id = 7))",
                        "Rows Removed by Filter": 894776
                      }
                    ]
                  }
                ]
              }
            ]
          }
        ]
      }
    ]
  },
  "Planning Time": 0.435,
  "Triggers": [],
  "Execution Time": 749.715
}