[
    {
        "Bao": {
            "Bao prediction": "NaN",
            "Bao recommended hint": "(no hint)"
        }
    },
    {
        "Plan": {
            "Node Type": "Aggregate",
            "Strategy": "Plain",
            "Partial Mode": "Finalize",
            "Parallel Aware": false,
            "Startup Cost": 91665.03,
            "Total Cost": 91665.04,
            "Plan Rows": 1,
            "Plan Width": 8,
            "Actual Startup Time": 321.053,
            "Actual Total Time": 331.848,
            "Actual Rows": 1,
            "Actual Loops": 1,
            "Output": [
                "count(*)"
            ],
            "Plans": [
                {
                    "Node Type": "Gather",
                    "Parent Relationship": "Outer",
                    "Parallel Aware": false,
                    "Startup Cost": 91664.71,
                    "Total Cost": 91665.02,
                    "Plan Rows": 3,
                    "Plan Width": 8,
                    "Actual Startup Time": 320.736,
                    "Actual Total Time": 331.839,
                    "Actual Rows": 4,
                    "Actual Loops": 1,
                    "Output": [
                        "(PARTIAL count(*))"
                    ],
                    "Workers Planned": 3,
                    "Workers Launched": 3,
                    "Single Copy": false,
                    "Plans": [
                        {
                            "Node Type": "Aggregate",
                            "Strategy": "Plain",
                            "Partial Mode": "Partial",
                            "Parent Relationship": "Outer",
                            "Parallel Aware": false,
                            "Startup Cost": 90664.71,
                            "Total Cost": 90664.72,
                            "Plan Rows": 1,
                            "Plan Width": 8,
                            "Actual Startup Time": 312.374,
                            "Actual Total Time": 312.377,
                            "Actual Rows": 1,
                            "Actual Loops": 4,
                            "Output": [
                                "PARTIAL count(*)"
                            ],
                            "Workers": [
                                {
                                    "Worker Number": 0,
                                    "Actual Startup Time": 309.49,
                                    "Actual Total Time": 309.494,
                                    "Actual Rows": 1,
                                    "Actual Loops": 1
                                },
                                {
                                    "Worker Number": 1,
                                    "Actual Startup Time": 309.824,
                                    "Actual Total Time": 309.827,
                                    "Actual Rows": 1,
                                    "Actual Loops": 1
                                },
                                {
                                    "Worker Number": 2,
                                    "Actual Startup Time": 310.028,
                                    "Actual Total Time": 310.03,
                                    "Actual Rows": 1,
                                    "Actual Loops": 1
                                }
                            ],
                            "Plans": [
                                {
                                    "Node Type": "Hash Join",
                                    "Parent Relationship": "Outer",
                                    "Parallel Aware": true,
                                    "Join Type": "Inner",
                                    "Startup Cost": 44080.47,
                                    "Total Cost": 90581.47,
                                    "Plan Rows": 33294,
                                    "Plan Width": 0,
                                    "Actual Startup Time": 100.67,
                                    "Actual Total Time": 310.793,
                                    "Actual Rows": 28457,
                                    "Actual Loops": 4,
                                    "Inner Unique": true,
                                    "Hash Cond": "(mk.movie_id = t.id)",
                                    "Workers": [
                                        {
                                            "Worker Number": 0,
                                            "Actual Startup Time": 97.777,
                                            "Actual Total Time": 307.884,
                                            "Actual Rows": 21013,
                                            "Actual Loops": 1
                                        },
                                        {
                                            "Worker Number": 1,
                                            "Actual Startup Time": 98.092,
                                            "Actual Total Time": 308.213,
                                            "Actual Rows": 34702,
                                            "Actual Loops": 1
                                        },
                                        {
                                            "Worker Number": 2,
                                            "Actual Startup Time": 98.398,
                                            "Actual Total Time": 308.45,
                                            "Actual Rows": 33671,
                                            "Actual Loops": 1
                                        }
                                    ],
                                    "Plans": [
                                        {
                                            "Node Type": "Seq Scan",
                                            "Parent Relationship": "Outer",
                                            "Parallel Aware": true,
                                            "Relation Name": "movie_keyword",
                                            "Schema": "public",
                                            "Alias": "mk",
                                            "Startup Cost": 0.0,
                                            "Total Cost": 42695.65,
                                            "Plan Rows": 1449654,
                                            "Plan Width": 4,
                                            "Actual Startup Time": 0.012,
                                            "Actual Total Time": 125.091,
                                            "Actual Rows": 1124416,
                                            "Actual Loops": 4,
                                            "Output": [
                                                "mk.id",
                                                "mk.movie_id",
                                                "mk.keyword_id"
                                            ],
                                            "Filter": "(mk.keyword_id < 112899)",
                                            "Rows Removed by Filter": 6566,
                                            "Workers": [
                                                {
                                                    "Worker Number": 0,
                                                    "Actual Startup Time": 0.014,
                                                    "Actual Total Time": 126.613,
                                                    "Actual Rows": 836308,
                                                    "Actual Loops": 1
                                                },
                                                {
                                                    "Worker Number": 1,
                                                    "Actual Startup Time": 0.011,
                                                    "Actual Total Time": 126.673,
                                                    "Actual Rows": 1364577,
                                                    "Actual Loops": 1
                                                },
                                                {
                                                    "Worker Number": 2,
                                                    "Actual Startup Time": 0.012,
                                                    "Actual Total Time": 126.445,
                                                    "Actual Rows": 1358412,
                                                    "Actual Loops": 1
                                                }
                                            ]
                                        },
                                        {
                                            "Node Type": "Hash",
                                            "Parent Relationship": "Inner",
                                            "Parallel Aware": true,
                                            "Startup Cost": 43899.01,
                                            "Total Cost": 43899.01,
                                            "Plan Rows": 14517,
                                            "Plan Width": 4,
                                            "Actual Startup Time": 99.781,
                                            "Actual Total Time": 99.782,
                                            "Actual Rows": 14648,
                                            "Actual Loops": 4,
                                            "Output": [
                                                "t.id"
                                            ],
                                            "Hash Buckets": 65536,
                                            "Original Hash Buckets": 65536,
                                            "Hash Batches": 1,
                                            "Original Hash Batches": 1,
                                            "Peak Memory Usage": 2880,
                                            "Workers": [
                                                {
                                                    "Worker Number": 0,
                                                    "Actual Startup Time": 96.954,
                                                    "Actual Total Time": 96.955,
                                                    "Actual Rows": 9288,
                                                    "Actual Loops": 1
                                                },
                                                {
                                                    "Worker Number": 1,
                                                    "Actual Startup Time": 97.304,
                                                    "Actual Total Time": 97.305,
                                                    "Actual Rows": 14830,
                                                    "Actual Loops": 1
                                                },
                                                {
                                                    "Worker Number": 2,
                                                    "Actual Startup Time": 97.499,
                                                    "Actual Total Time": 97.5,
                                                    "Actual Rows": 15001,
                                                    "Actual Loops": 1
                                                }
                                            ],
                                            "Plans": [
                                                {
                                                    "Node Type": "Seq Scan",
                                                    "Parent Relationship": "Outer",
                                                    "Parallel Aware": true,
                                                    "Relation Name": "title",
                                                    "Schema": "public",
                                                    "Alias": "t",
                                                    "Startup Cost": 0.0,
                                                    "Total Cost": 43899.01,
                                                    "Plan Rows": 14517,
                                                    "Plan Width": 4,
                                                    "Actual Startup Time": 0.051,
                                                    "Actual Total Time": 93.337,
                                                    "Actual Rows": 14648,
                                                    "Actual Loops": 4,
                                                    "Output": [
                                                        "t.id"
                                                    ],
                                                    "Filter": "(t.production_year = 2001)",
                                                    "Rows Removed by Filter": 617430,
                                                    "Workers": [
                                                        {
                                                            "Worker Number": 0,
                                                            "Actual Startup Time": 0.054,
                                                            "Actual Total Time": 90.678,
                                                            "Actual Rows": 9288,
                                                            "Actual Loops": 1
                                                        },
                                                        {
                                                            "Worker Number": 1,
                                                            "Actual Startup Time": 0.061,
                                                            "Actual Total Time": 90.971,
                                                            "Actual Rows": 14830,
                                                            "Actual Loops": 1
                                                        },
                                                        {
                                                            "Worker Number": 2,
                                                            "Actual Startup Time": 0.057,
                                                            "Actual Total Time": 91.029,
                                                            "Actual Rows": 15001,
                                                            "Actual Loops": 1
                                                        }
                                                    ]
                                                }
                                            ]
                                        }
                                    ]
                                }
                            ]
                        }
                    ]
                }
            ]
        },
        "Planning Time": 281.189,
        "Triggers": [],
        "Execution Time": 331.949
    }
]