[
  {
    "Plan": {
      "Node Type": "Aggregate",
      "Strategy": "Plain",
      "Partial Mode": "Finalize",
      "Parallel Aware": false,
      "Startup Cost": 94231.74,
      "Total Cost": 94231.75,
      "Plan Rows": 1,
      "Plan Width": 8,
      "Actual Startup Time": 532.952,
      "Actual Total Time": 545.807,
      "Actual Rows": 1,
      "Actual Loops": 1,
      "Plans": [
        {
          "Node Type": "Gather",
          "Parent Relationship": "Outer",
          "Parallel Aware": false,
          "Startup Cost": 94231.42,
          "Total Cost": 94231.73,
          "Plan Rows": 3,
          "Plan Width": 8,
          "Actual Startup Time": 525.986,
          "Actual Total Time": 545.797,
          "Actual Rows": 4,
          "Actual Loops": 1,
          "Workers Planned": 3,
          "Workers Launched": 3,
          "Single Copy": false,
          "Plans": [
            {
              "Node Type": "Aggregate",
              "Strategy": "Plain",
              "Partial Mode": "Partial",
              "Parent Relationship": "Outer",
              "Parallel Aware": false,
              "Startup Cost": 93231.42,
              "Total Cost": 93231.43,
              "Plan Rows": 1,
              "Plan Width": 8,
              "Actual Startup Time": 506.662,
              "Actual Total Time": 506.666,
              "Actual Rows": 1,
              "Actual Loops": 4,
              "Plans": [
                {
                  "Node Type": "Hash Join",
                  "Parent Relationship": "Outer",
                  "Parallel Aware": true,
                  "Join Type": "Inner",
                  "Startup Cost": 64854.92,
                  "Total Cost": 92675.04,
                  "Plan Rows": 222553,
                  "Plan Width": 0,
                  "Actual Startup Time": 388.686,
                  "Actual Total Time": 498.716,
                  "Actual Rows": 169026,
                  "Actual Loops": 4,
                  "Inner Unique": true,
                  "Hash Cond": "(mk.movie_id = t.id)",
                  "Plans": [
                    {
                      "Node Type": "Bitmap Heap Scan",
                      "Parent Relationship": "Outer",
                      "Parallel Aware": true,
                      "Relation Name": "movie_keyword",
                      "Alias": "mk",
                      "Startup Cost": 14635.27,
                      "Total Cost": 41871.19,
                      "Plan Rows": 222553,
                      "Plan Width": 4,
                      "Actual Startup Time": 46.136,
                      "Actual Total Time": 101.107,
                      "Actual Rows": 169026,
                      "Actual Loops": 4,
                      "Recheck Cond": "(keyword_id > 27717)",
                      "Rows Removed by Index Recheck": 0,
                      "Exact Heap Blocks": 6290,
                      "Lossy Heap Blocks": 0,
                      "Plans": [
                        {
                          "Node Type": "Bitmap Index Scan",
                          "Parent Relationship": "Outer",
                          "Parallel Aware": false,
                          "Index Name": "keyword_id_movie_keyword",
                          "Startup Cost": 0.0,
                          "Total Cost": 14462.8,
                          "Plan Rows": 689915,
                          "Plan Width": 0,
                          "Actual Startup Time": 42.497,
                          "Actual Total Time": 42.498,
                          "Actual Rows": 676102,
                          "Actual Loops": 1,
                          "Index Cond": "(keyword_id > 27717)"
                        }
                      ]
                    },
                    {
                      "Node Type": "Hash",
                      "Parent Relationship": "Inner",
                      "Parallel Aware": true,
                      "Startup Cost": 42318.73,
                      "Total Cost": 42318.73,
                      "Plan Rows": 632073,
                      "Plan Width": 4,
                      "Actual Startup Time": 330.889,
                      "Actual Total Time": 330.89,
                      "Actual Rows": 632078,
                      "Actual Loops": 4,
                      "Hash Buckets": 4194304,
                      "Original Hash Buckets": 4194304,
                      "Hash Batches": 1,
                      "Original Hash Batches": 1,
                      "Peak Memory Usage": 131744,
                      "Plans": [
                        {
                          "Node Type": "Seq Scan",
                          "Parent Relationship": "Outer",
                          "Parallel Aware": true,
                          "Relation Name": "title",
                          "Alias": "t",
                          "Startup Cost": 0.0,
                          "Total Cost": 42318.73,
                          "Plan Rows": 632073,
                          "Plan Width": 4,
                          "Actual Startup Time": 0.047,
                          "Actual Total Time": 96.445,
                          "Actual Rows": 632078,
                          "Actual Loops": 4
                        }
                      ]
                    }
                  ]
                }
              ]
            }
          ]
        }
      ]
    },
    "Planning Time": 0.632,
    "Triggers": [],
    "Execution Time": 545.902
  }
]