[
  {
    "Plan": {
      "Node Type": "Aggregate",
      "Strategy": "Plain",
      "Partial Mode": "Finalize",
      "Parallel Aware": false,
      "Startup Cost": 421744.51,
      "Total Cost": 421744.52,
      "Plan Rows": 1,
      "Plan Width": 8,
      "Actual Startup Time": 2373.902,
      "Actual Total Time": 2437.989,
      "Actual Rows": 1,
      "Actual Loops": 1,
      "Plans": [
        {
          "Node Type": "Gather",
          "Parent Relationship": "Outer",
          "Parallel Aware": false,
          "Startup Cost": 421743.88,
          "Total Cost": 421744.49,
          "Plan Rows": 6,
          "Plan Width": 8,
          "Actual Startup Time": 2367.758,
          "Actual Total Time": 2437.975,
          "Actual Rows": 7,
          "Actual Loops": 1,
          "Workers Planned": 6,
          "Workers Launched": 6,
          "Single Copy": false,
          "Plans": [
            {
              "Node Type": "Aggregate",
              "Strategy": "Plain",
              "Partial Mode": "Partial",
              "Parent Relationship": "Outer",
              "Parallel Aware": false,
              "Startup Cost": 420743.88,
              "Total Cost": 420743.89,
              "Plan Rows": 1,
              "Plan Width": 8,
              "Actual Startup Time": 2358.832,
              "Actual Total Time": 2359.023,
              "Actual Rows": 1,
              "Actual Loops": 7,
              "Plans": [
                {
                  "Node Type": "Hash Join",
                  "Parent Relationship": "Outer",
                  "Parallel Aware": true,
                  "Join Type": "Inner",
                  "Startup Cost": 78328.1,
                  "Total Cost": 417839.51,
                  "Plan Rows": 1161748,
                  "Plan Width": 0,
                  "Actual Startup Time": 268.179,
                  "Actual Total Time": 2152.018,
                  "Actual Rows": 4655526,
                  "Actual Loops": 7,
                  "Inner Unique": false,
                  "Hash Cond": "(ci.movie_id = t.id)",
                  "Plans": [
                    {
                      "Node Type": "Seq Scan",
                      "Parent Relationship": "Outer",
                      "Parallel Aware": true,
                      "Relation Name": "cast_info",
                      "Alias": "ci",
                      "Startup Cost": 0.0,
                      "Total Cost": 313106.51,
                      "Plan Rows": 6041951,
                      "Plan Width": 4,
                      "Actual Startup Time": 0.058,
                      "Actual Total Time": 551.435,
                      "Actual Rows": 5177763,
                      "Actual Loops": 7
                    },
                    {
                      "Node Type": "Hash",
                      "Parent Relationship": "Inner",
                      "Parallel Aware": true,
                      "Startup Cost": 76367.75,
                      "Total Cost": 76367.75,
                      "Plan Rows": 156828,
                      "Plan Width": 8,
                      "Actual Startup Time": 266.339,
                      "Actual Total Time": 266.528,
                      "Actual Rows": 92431,
                      "Actual Loops": 7,
                      "Hash Buckets": 1048576,
                      "Original Hash Buckets": 524288,
                      "Hash Batches": 1,
                      "Original Hash Batches": 1,
                      "Peak Memory Usage": 37696,
                      "Plans": [
                        {
                          "Node Type": "Hash Join",
                          "Parent Relationship": "Outer",
                          "Parallel Aware": true,
                          "Join Type": "Inner",
                          "Startup Cost": 46951.86,
                          "Total Cost": 76367.75,
                          "Plan Rows": 156828,
                          "Plan Width": 8,
                          "Actual Startup Time": 122.492,
                          "Actual Total Time": 216.475,
                          "Actual Rows": 92431,
                          "Actual Loops": 7,
                          "Inner Unique": true,
                          "Hash Cond": "(mc.movie_id = t.id)",
                          "Plans": [
                            {
                              "Node Type": "Seq Scan",
                              "Parent Relationship": "Outer",
                              "Parallel Aware": true,
                              "Relation Name": "movie_companies",
                              "Alias": "mc",
                              "Startup Cost": 0.0,
                              "Total Cost": 27206.55,
                              "Plan Rows": 841655,
                              "Plan Width": 4,
                              "Actual Startup Time": 0.012,
                              "Actual Total Time": 41.815,
                              "Actual Rows": 372733,
                              "Actual Loops": 7
                            },
                            {
                              "Node Type": "Hash",
                              "Parent Relationship": "Inner",
                              "Parallel Aware": true,
                              "Startup Cost": 45479.59,
                              "Total Cost": 45479.59,
                              "Plan Rows": 117782,
                              "Plan Width": 4,
                              "Actual Startup Time": 102.628,
                              "Actual Total Time": 102.63,
                              "Actual Rows": 49384,
                              "Actual Loops": 7,
                              "Hash Buckets": 524288,
                              "Original Hash Buckets": 524288,
                              "Hash Batches": 1,
                              "Original Hash Batches": 1,
                              "Peak Memory Usage": 17664,
                              "Plans": [
                                {
                                  "Node Type": "Seq Scan",
                                  "Parent Relationship": "Outer",
                                  "Parallel Aware": true,
                                  "Relation Name": "title",
                                  "Alias": "t",
                                  "Startup Cost": 0.0,
                                  "Total Cost": 45479.59,
                                  "Plan Rows": 117782,
                                  "Plan Width": 4,
                                  "Actual Startup Time": 39.531,
                                  "Actual Total Time": 77.915,
                                  "Actual Rows": 49384,
                                  "Actual Loops": 7,
                                  "Filter": "((production_year > 1988) AND (kind_id = 1))",
                                  "Rows Removed by Filter": 311804
                                }
                              ]
                            }
                          ]
                        }
                      ]
                    }
                  ]
                }
              ]
            }
          ]
        }
      ]
    },
    "Planning Time": 0.983,
    "Triggers": [],
    "Execution Time": 2438.056
  }
]