[
  {
    "Plan": {
      "Node Type": "Aggregate",
      "Strategy": "Plain",
      "Partial Mode": "Finalize",
      "Parallel Aware": false,
      "Startup Cost": 268472.5,
      "Total Cost": 268472.51,
      "Plan Rows": 1,
      "Plan Width": 8,
      "Actual Startup Time": 72.197,
      "Actual Total Time": 78.991,
      "Actual Rows": 1,
      "Actual Loops": 1,
      "Plans": [
        {
          "Node Type": "Gather",
          "Parent Relationship": "Outer",
          "Parallel Aware": false,
          "Startup Cost": 268471.88,
          "Total Cost": 268472.49,
          "Plan Rows": 6,
          "Plan Width": 8,
          "Actual Startup Time": 71.591,
          "Actual Total Time": 78.976,
          "Actual Rows": 7,
          "Actual Loops": 1,
          "Workers Planned": 6,
          "Workers Launched": 6,
          "Single Copy": false,
          "Plans": [
            {
              "Node Type": "Aggregate",
              "Strategy": "Plain",
              "Partial Mode": "Partial",
              "Parent Relationship": "Outer",
              "Parallel Aware": false,
              "Startup Cost": 267471.88,
              "Total Cost": 267471.89,
              "Plan Rows": 1,
              "Plan Width": 8,
              "Actual Startup Time": 63.168,
              "Actual Total Time": 63.171,
              "Actual Rows": 1,
              "Actual Loops": 7,
              "Plans": [
                {
                  "Node Type": "Bitmap Heap Scan",
                  "Parent Relationship": "Outer",
                  "Parallel Aware": true,
                  "Relation Name": "cast_info",
                  "Alias": "ci",
                  "Startup Cost": 13130.85,
                  "Total Cost": 267310.29,
                  "Plan Rows": 64636,
                  "Plan Width": 0,
                  "Actual Startup Time": 17.472,
                  "Actual Total Time": 58.019,
                  "Actual Rows": 77939,
                  "Actual Loops": 7,
                  "Recheck Cond": "(person_id > 3957157)",
                  "Rows Removed by Index Recheck": 0,
                  "Filter": "(role_id > 1)",
                  "Rows Removed by Filter": 0,
                  "Exact Heap Blocks": 2135,
                  "Lossy Heap Blocks": 0,
                  "Plans": [
                    {
                      "Node Type": "Bitmap Index Scan",
                      "Parent Relationship": "Outer",
                      "Parallel Aware": false,
                      "Index Name": "person_id_cast_info",
                      "Startup Cost": 0.0,
                      "Total Cost": 13033.89,
                      "Plan Rows": 596977,
                      "Plan Width": 0,
                      "Actual Startup Time": 24.057,
                      "Actual Total Time": 24.057,
                      "Actual Rows": 545576,
                      "Actual Loops": 1,
                      "Index Cond": "(person_id > 3957157)"
                    }
                  ]
                }
              ]
            }
          ]
        }
      ]
    },
    "Planning Time": 0.185,
    "Triggers": [],
    "Execution Time": 79.05
  }
]