[
  {
    "Plan": {
      "Node Type": "Aggregate",
      "Strategy": "Plain",
      "Partial Mode": "Finalize",
      "Parallel Aware": false,
      "Startup Cost": 91013.07,
      "Total Cost": 91013.08,
      "Plan Rows": 1,
      "Plan Width": 8,
      "Actual Startup Time": 423.512,
      "Actual Total Time": 443.537,
      "Actual Rows": 1,
      "Actual Loops": 1,
      "Plans": [
        {
          "Node Type": "Gather",
          "Parent Relationship": "Outer",
          "Parallel Aware": false,
          "Startup Cost": 91012.75,
          "Total Cost": 91013.06,
          "Plan Rows": 3,
          "Plan Width": 8,
          "Actual Startup Time": 421.097,
          "Actual Total Time": 443.528,
          "Actual Rows": 4,
          "Actual Loops": 1,
          "Workers Planned": 3,
          "Workers Launched": 3,
          "Single Copy": false,
          "Plans": [
            {
              "Node Type": "Aggregate",
              "Strategy": "Plain",
              "Partial Mode": "Partial",
              "Parent Relationship": "Outer",
              "Parallel Aware": false,
              "Startup Cost": 90012.75,
              "Total Cost": 90012.76,
              "Plan Rows": 1,
              "Plan Width": 8,
              "Actual Startup Time": 412.231,
              "Actual Total Time": 412.235,
              "Actual Rows": 1,
              "Actual Loops": 4,
              "Plans": [
                {
                  "Node Type": "Hash Join",
                  "Parent Relationship": "Outer",
                  "Parallel Aware": true,
                  "Join Type": "Inner",
                  "Startup Cost": 46611.86,
                  "Total Cost": 89489.94,
                  "Plan Rows": 209124,
                  "Plan Width": 0,
                  "Actual Startup Time": 194.598,
                  "Actual Total Time": 398.673,
                  "Actual Rows": 263293,
                  "Actual Loops": 4,
                  "Inner Unique": true,
                  "Hash Cond": "(mk.movie_id = t.id)",
                  "Plans": [
                    {
                      "Node Type": "Seq Scan",
                      "Parent Relationship": "Outer",
                      "Parallel Aware": true,
                      "Relation Name": "movie_keyword",
                      "Alias": "mk",
                      "Startup Cost": 0.0,
                      "Total Cost": 39047.32,
                      "Plan Rows": 1459332,
                      "Plan Width": 4,
                      "Actual Startup Time": 0.019,
                      "Actual Total Time": 113.388,
                      "Actual Rows": 1130982,
                      "Actual Loops": 4
                    },
                    {
                      "Node Type": "Hash",
                      "Parent Relationship": "Inner",
                      "Parallel Aware": true,
                      "Startup Cost": 45479.59,
                      "Total Cost": 45479.59,
                      "Plan Rows": 90582,
                      "Plan Width": 4,
                      "Actual Startup Time": 146.892,
                      "Actual Total Time": 146.894,
                      "Actual Rows": 68504,
                      "Actual Loops": 4,
                      "Hash Buckets": 524288,
                      "Original Hash Buckets": 524288,
                      "Hash Batches": 1,
                      "Original Hash Batches": 1,
                      "Peak Memory Usage": 14880,
                      "Plans": [
                        {
                          "Node Type": "Seq Scan",
                          "Parent Relationship": "Outer",
                          "Parallel Aware": true,
                          "Relation Name": "title",
                          "Alias": "t",
                          "Startup Cost": 0.0,
                          "Total Cost": 45479.59,
                          "Plan Rows": 90582,
                          "Plan Width": 4,
                          "Actual Startup Time": 55.678,
                          "Actual Total Time": 118.61,
                          "Actual Rows": 68504,
                          "Actual Loops": 4,
                          "Filter": "((production_year > 2000) AND (kind_id = 1))",
                          "Rows Removed by Filter": 563574
                        }
                      ]
                    }
                  ]
                }
              ]
            }
          ]
        }
      ]
    },
    "Planning Time": 0.607,
    "Triggers": [],
    "Execution Time": 443.606
  }
]