[
  {
    "Plan": {
      "Node Type": "Aggregate",
      "Strategy": "Plain",
      "Partial Mode": "Finalize",
      "Parallel Aware": false,
      "Startup Cost": 346797.86,
      "Total Cost": 346797.87,
      "Plan Rows": 1,
      "Plan Width": 8,
      "Actual Startup Time": 659.713,
      "Actual Total Time": 719.51,
      "Actual Rows": 1,
      "Actual Loops": 1,
      "Plans": [
        {
          "Node Type": "Gather",
          "Parent Relationship": "Outer",
          "Parallel Aware": false,
          "Startup Cost": 346797.23,
          "Total Cost": 346797.84,
          "Plan Rows": 6,
          "Plan Width": 8,
          "Actual Startup Time": 659.515,
          "Actual Total Time": 719.499,
          "Actual Rows": 7,
          "Actual Loops": 1,
          "Workers Planned": 6,
          "Workers Launched": 6,
          "Single Copy": false,
          "Plans": [
            {
              "Node Type": "Aggregate",
              "Strategy": "Plain",
              "Partial Mode": "Partial",
              "Parent Relationship": "Outer",
              "Parallel Aware": false,
              "Startup Cost": 345797.23,
              "Total Cost": 345797.24,
              "Plan Rows": 1,
              "Plan Width": 8,
              "Actual Startup Time": 649.287,
              "Actual Total Time": 649.288,
              "Actual Rows": 1,
              "Actual Loops": 7,
              "Plans": [
                {
                  "Node Type": "Seq Scan",
                  "Parent Relationship": "Outer",
                  "Parallel Aware": true,
                  "Relation Name": "cast_info",
                  "Alias": "ci",
                  "Startup Cost": 0.0,
                  "Total Cost": 343316.27,
                  "Plan Rows": 992384,
                  "Plan Width": 0,
                  "Actual Startup Time": 345.19,
                  "Actual Total Time": 625.535,
                  "Actual Rows": 538317,
                  "Actual Loops": 7,
                  "Filter": "((person_id < 1339090) AND (role_id > 2))",
                  "Rows Removed by Filter": 4639446
                }
              ]
            }
          ]
        }
      ]
    },
    "Planning Time": 0.235,
    "Triggers": [],
    "Execution Time": 719.585
  }
]