[
  {
    "Plan": {
      "Node Type": "Aggregate",
      "Strategy": "Plain",
      "Partial Mode": "Finalize",
      "Parallel Aware": false,
      "Startup Cost": 567860.18,
      "Total Cost": 567860.19,
      "Plan Rows": 1,
      "Plan Width": 8,
      "Actual Startup Time": 7226.014,
      "Actual Total Time": 7329.855,
      "Actual Rows": 1,
      "Actual Loops": 1,
      "Plans": [
        {
          "Node Type": "Gather",
          "Parent Relationship": "Outer",
          "Parallel Aware": false,
          "Startup Cost": 567859.66,
          "Total Cost": 567860.17,
          "Plan Rows": 5,
          "Plan Width": 8,
          "Actual Startup Time": 7166.468,
          "Actual Total Time": 7329.832,
          "Actual Rows": 6,
          "Actual Loops": 1,
          "Workers Planned": 5,
          "Workers Launched": 5,
          "Single Copy": false,
          "Plans": [
            {
              "Node Type": "Aggregate",
              "Strategy": "Plain",
              "Partial Mode": "Partial",
              "Parent Relationship": "Outer",
              "Parallel Aware": false,
              "Startup Cost": 566859.66,
              "Total Cost": 566859.67,
              "Plan Rows": 1,
              "Plan Width": 8,
              "Actual Startup Time": 7133.132,
              "Actual Total Time": 7136.59,
              "Actual Rows": 1,
              "Actual Loops": 6,
              "Plans": [
                {
                  "Node Type": "Hash Join",
                  "Parent Relationship": "Outer",
                  "Parallel Aware": true,
                  "Join Type": "Inner",
                  "Startup Cost": 324138.96,
                  "Total Cost": 542919.1,
                  "Plan Rows": 9576226,
                  "Plan Width": 0,
                  "Actual Startup Time": 2368.61,
                  "Actual Total Time": 6138.378,
                  "Actual Rows": 24966537,
                  "Actual Loops": 6,
                  "Inner Unique": false,
                  "Hash Cond": "(mi.movie_id = t.id)",
                  "Plans": [
                    {
                      "Node Type": "Seq Scan",
                      "Parent Relationship": "Outer",
                      "Parallel Aware": true,
                      "Relation Name": "movie_info",
                      "Alias": "mi",
                      "Startup Cost": 0.0,
                      "Total Cost": 191685.19,
                      "Plan Rows": 2969219,
                      "Plan Width": 4,
                      "Actual Startup Time": 0.031,
                      "Actual Total Time": 281.093,
                      "Actual Rows": 2472620,
                      "Actual Loops": 6
                    },
                    {
                      "Node Type": "Hash",
                      "Parent Relationship": "Inner",
                      "Parallel Aware": true,
                      "Startup Cost": 307150.25,
                      "Total Cost": 307150.25,
                      "Plan Rows": 1359097,
                      "Plan Width": 8,
                      "Actual Startup Time": 2356.26,
                      "Actual Total Time": 2359.715,
                      "Actual Rows": 1452107,
                      "Actual Loops": 6,
                      "Hash Buckets": 16777216,
                      "Original Hash Buckets": 8388608,
                      "Hash Batches": 1,
                      "Original Hash Batches": 1,
                      "Peak Memory Usage": 537568,
                      "Plans": [
                        {
                          "Node Type": "Hash Join",
                          "Parent Relationship": "Outer",
                          "Parallel Aware": true,
                          "Join Type": "Inner",
                          "Startup Cost": 50220.95,
                          "Total Cost": 307150.25,
                          "Plan Rows": 1359097,
                          "Plan Width": 8,
                          "Actual Startup Time": 283.384,
                          "Actual Total Time": 1382.253,
                          "Actual Rows": 1452107,
                          "Actual Loops": 6,
                          "Inner Unique": true,
                          "Hash Cond": "(ci.movie_id = t.id)",
                          "Plans": [
                            {
                              "Node Type": "Index Scan",
                              "Parent Relationship": "Outer",
                              "Parallel Aware": true,
                              "Scan Direction": "Forward",
                              "Index Name": "role_id_cast_info",
                              "Relation Name": "cast_info",
                              "Alias": "ci",
                              "Startup Cost": 0.56,
                              "Total Cost": 253362.23,
                              "Plan Rows": 1359097,
                              "Plan Width": 4,
                              "Actual Startup Time": 0.125,
                              "Actual Total Time": 366.541,
                              "Actual Rows": 1452107,
                              "Actual Loops": 6,
                              "Index Cond": "(role_id > 4)",
                              "Rows Removed by Index Recheck": 0,
                              "Filter": "(person_id > 492103)",
                              "Rows Removed by Filter": 112010
                            },
                            {
                              "Node Type": "Hash",
                              "Parent Relationship": "Inner",
                              "Parallel Aware": true,
                              "Startup Cost": 42319.06,
                              "Total Cost": 42319.06,
                              "Plan Rows": 632106,
                              "Plan Width": 4,
                              "Actual Startup Time": 278.387,
                              "Actual Total Time": 278.389,
                              "Actual Rows": 421385,
                              "Actual Loops": 6,
                              "Hash Buckets": 4194304,
                              "Original Hash Buckets": 4194304,
                              "Hash Batches": 1,
                              "Original Hash Batches": 1,
                              "Peak Memory Usage": 131776,
                              "Plans": [
                                {
                                  "Node Type": "Seq Scan",
                                  "Parent Relationship": "Outer",
                                  "Parallel Aware": true,
                                  "Relation Name": "title",
                                  "Alias": "t",
                                  "Startup Cost": 0.0,
                                  "Total Cost": 42319.06,
                                  "Plan Rows": 632106,
                                  "Plan Width": 4,
                                  "Actual Startup Time": 0.051,
                                  "Actual Total Time": 79.482,
                                  "Actual Rows": 421385,
                                  "Actual Loops": 6
                                }
                              ]
                            }
                          ]
                        }
                      ]
                    }
                  ]
                }
              ]
            }
          ]
        }
      ]
    },
    "Planning Time": 1.163,
    "Triggers": [],
    "Execution Time": 7329.941
  }
]