[
  {
    "Plan": {
      "Node Type": "Aggregate",
      "Strategy": "Plain",
      "Partial Mode": "Finalize",
      "Parallel Aware": false,
      "Startup Cost": 40755.46,
      "Total Cost": 40755.47,
      "Plan Rows": 1,
      "Plan Width": 8,
      "Actual Startup Time": 138.549,
      "Actual Total Time": 147.815,
      "Actual Rows": 1,
      "Actual Loops": 1,
      "Plans": [
        {
          "Node Type": "Gather",
          "Parent Relationship": "Outer",
          "Parallel Aware": false,
          "Startup Cost": 40755.14,
          "Total Cost": 40755.45,
          "Plan Rows": 3,
          "Plan Width": 8,
          "Actual Startup Time": 138.253,
          "Actual Total Time": 147.804,
          "Actual Rows": 4,
          "Actual Loops": 1,
          "Workers Planned": 3,
          "Workers Launched": 3,
          "Single Copy": false,
          "Plans": [
            {
              "Node Type": "Aggregate",
              "Strategy": "Plain",
              "Partial Mode": "Partial",
              "Parent Relationship": "Outer",
              "Parallel Aware": false,
              "Startup Cost": 39755.14,
              "Total Cost": 39755.15,
              "Plan Rows": 1,
              "Plan Width": 8,
              "Actual Startup Time": 129.68,
              "Actual Total Time": 129.681,
              "Actual Rows": 1,
              "Actual Loops": 4,
              "Plans": [
                {
                  "Node Type": "Bitmap Heap Scan",
                  "Parent Relationship": "Outer",
                  "Parallel Aware": true,
                  "Relation Name": "movie_keyword",
                  "Alias": "mk",
                  "Startup Cost": 12459.61,
                  "Total Cost": 39281.55,
                  "Plan Rows": 189435,
                  "Plan Width": 0,
                  "Actual Startup Time": 44.687,
                  "Actual Total Time": 121.129,
                  "Actual Rows": 150261,
                  "Actual Loops": 4,
                  "Recheck Cond": "(keyword_id < 444)",
                  "Rows Removed by Index Recheck": 0,
                  "Exact Heap Blocks": 10824,
                  "Lossy Heap Blocks": 0,
                  "Plans": [
                    {
                      "Node Type": "Bitmap Index Scan",
                      "Parent Relationship": "Outer",
                      "Parallel Aware": false,
                      "Index Name": "keyword_id_movie_keyword",
                      "Startup Cost": 0.0,
                      "Total Cost": 12312.8,
                      "Plan Rows": 587249,
                      "Plan Width": 0,
                      "Actual Startup Time": 48.868,
                      "Actual Total Time": 48.869,
                      "Actual Rows": 601045,
                      "Actual Loops": 1,
                      "Index Cond": "(keyword_id < 444)"
                    }
                  ]
                }
              ]
            }
          ]
        }
      ]
    },
    "Planning Time": 0.19,
    "Triggers": [],
    "Execution Time": 147.902
  }
]