[
    {
        "Bao": {
            "Bao prediction": 444.461,
            "Bao recommended hint": "(no hint)"
        }
    },
    {
        "Plan": {
            "Node Type": "Aggregate",
            "Strategy": "Plain",
            "Partial Mode": "Finalize",
            "Parallel Aware": false,
            "Startup Cost": 32985.27,
            "Total Cost": 32985.28,
            "Plan Rows": 1,
            "Plan Width": 8,
            "Actual Startup Time": 93.278,
            "Actual Total Time": 97.466,
            "Actual Rows": 1,
            "Actual Loops": 1,
            "Output": [
                "count(*)"
            ],
            "Plans": [
                {
                    "Node Type": "Gather",
                    "Parent Relationship": "Outer",
                    "Parallel Aware": false,
                    "Startup Cost": 32984.95,
                    "Total Cost": 32985.26,
                    "Plan Rows": 3,
                    "Plan Width": 8,
                    "Actual Startup Time": 93.205,
                    "Actual Total Time": 97.461,
                    "Actual Rows": 4,
                    "Actual Loops": 1,
                    "Output": [
                        "(PARTIAL count(*))"
                    ],
                    "Workers Planned": 3,
                    "Workers Launched": 3,
                    "Single Copy": false,
                    "Plans": [
                        {
                            "Node Type": "Aggregate",
                            "Strategy": "Plain",
                            "Partial Mode": "Partial",
                            "Parent Relationship": "Outer",
                            "Parallel Aware": false,
                            "Startup Cost": 31984.95,
                            "Total Cost": 31984.96,
                            "Plan Rows": 1,
                            "Plan Width": 8,
                            "Actual Startup Time": 85.66,
                            "Actual Total Time": 85.66,
                            "Actual Rows": 1,
                            "Actual Loops": 4,
                            "Output": [
                                "PARTIAL count(*)"
                            ],
                            "Workers": [
                                {
                                    "Worker Number": 0,
                                    "Actual Startup Time": 83.126,
                                    "Actual Total Time": 83.127,
                                    "Actual Rows": 1,
                                    "Actual Loops": 1
                                },
                                {
                                    "Worker Number": 1,
                                    "Actual Startup Time": 83.322,
                                    "Actual Total Time": 83.322,
                                    "Actual Rows": 1,
                                    "Actual Loops": 1
                                },
                                {
                                    "Worker Number": 2,
                                    "Actual Startup Time": 83.552,
                                    "Actual Total Time": 83.553,
                                    "Actual Rows": 1,
                                    "Actual Loops": 1
                                }
                            ],
                            "Plans": [
                                {
                                    "Node Type": "Seq Scan",
                                    "Parent Relationship": "Outer",
                                    "Parallel Aware": true,
                                    "Relation Name": "movie_companies",
                                    "Schema": "public",
                                    "Alias": "mc",
                                    "Startup Cost": 0.0,
                                    "Total Cost": 31414.82,
                                    "Plan Rows": 228053,
                                    "Plan Width": 0,
                                    "Actual Startup Time": 18.774,
                                    "Actual Total Time": 78.878,
                                    "Actual Rows": 122520,
                                    "Actual Loops": 4,
                                    "Output": [
                                        "id",
                                        "movie_id",
                                        "company_id",
                                        "company_type_id",
                                        "note"
                                    ],
                                    "Filter": "((mc.company_id > 9674) AND (mc.company_type_id = 1))",
                                    "Rows Removed by Filter": 529762,
                                    "Workers": [
                                        {
                                            "Worker Number": 0,
                                            "Actual Startup Time": 16.255,
                                            "Actual Total Time": 76.535,
                                            "Actual Rows": 121392,
                                            "Actual Loops": 1
                                        },
                                        {
                                            "Worker Number": 1,
                                            "Actual Startup Time": 16.431,
                                            "Actual Total Time": 76.752,
                                            "Actual Rows": 91961,
                                            "Actual Loops": 1
                                        },
                                        {
                                            "Worker Number": 2,
                                            "Actual Startup Time": 16.666,
                                            "Actual Total Time": 76.977,
                                            "Actual Rows": 119328,
                                            "Actual Loops": 1
                                        }
                                    ]
                                }
                            ]
                        }
                    ]
                }
            ]
        },
        "Planning Time": 505.04,
        "Triggers": [],
        "Execution Time": 97.573
    }
]