[
  {
    "Plan": {
      "Node Type": "Aggregate",
      "Strategy": "Plain",
      "Partial Mode": "Finalize",
      "Parallel Aware": false,
      "Startup Cost": 454504.81,
      "Total Cost": 454504.82,
      "Plan Rows": 1,
      "Plan Width": 8,
      "Actual Startup Time": 2295.031,
      "Actual Total Time": 2367.993,
      "Actual Rows": 1,
      "Actual Loops": 1,
      "Plans": [
        {
          "Node Type": "Gather",
          "Parent Relationship": "Outer",
          "Parallel Aware": false,
          "Startup Cost": 454504.5,
          "Total Cost": 454504.81,
          "Plan Rows": 3,
          "Plan Width": 8,
          "Actual Startup Time": 2283.551,
          "Actual Total Time": 2367.97,
          "Actual Rows": 4,
          "Actual Loops": 1,
          "Workers Planned": 3,
          "Workers Launched": 3,
          "Single Copy": false,
          "Plans": [
            {
              "Node Type": "Aggregate",
              "Strategy": "Plain",
              "Partial Mode": "Partial",
              "Parent Relationship": "Outer",
              "Parallel Aware": false,
              "Startup Cost": 453504.5,
              "Total Cost": 453504.51,
              "Plan Rows": 1,
              "Plan Width": 8,
              "Actual Startup Time": 2265.748,
              "Actual Total Time": 2266.294,
              "Actual Rows": 1,
              "Actual Loops": 4,
              "Plans": [
                {
                  "Node Type": "Hash Join",
                  "Parent Relationship": "Outer",
                  "Parallel Aware": true,
                  "Join Type": "Inner",
                  "Startup Cost": 400950.2,
                  "Total Cost": 448683.81,
                  "Plan Rows": 1928274,
                  "Plan Width": 0,
                  "Actual Startup Time": 1518.578,
                  "Actual Total Time": 2075.178,
                  "Actual Rows": 4891339,
                  "Actual Loops": 4,
                  "Inner Unique": false,
                  "Hash Cond": "(mk.movie_id = t.id)",
                  "Plans": [
                    {
                      "Node Type": "Seq Scan",
                      "Parent Relationship": "Outer",
                      "Parallel Aware": true,
                      "Relation Name": "movie_keyword",
                      "Alias": "mk",
                      "Startup Cost": 0.0,
                      "Total Cost": 39047.32,
                      "Plan Rows": 1459332,
                      "Plan Width": 4,
                      "Actual Startup Time": 0.027,
                      "Actual Total Time": 87.191,
                      "Actual Rows": 1130982,
                      "Actual Loops": 4
                    },
                    {
                      "Node Type": "Hash",
                      "Parent Relationship": "Inner",
                      "Parallel Aware": true,
                      "Startup Cost": 393990.34,
                      "Total Cost": 393990.34,
                      "Plan Rows": 556789,
                      "Plan Width": 8,
                      "Actual Startup Time": 1507.638,
                      "Actual Total Time": 1508.183,
                      "Actual Rows": 383126,
                      "Actual Loops": 4,
                      "Hash Buckets": 4194304,
                      "Original Hash Buckets": 4194304,
                      "Hash Batches": 1,
                      "Original Hash Batches": 1,
                      "Peak Memory Usage": 92768,
                      "Plans": [
                        {
                          "Node Type": "Hash Join",
                          "Parent Relationship": "Outer",
                          "Parallel Aware": true,
                          "Join Type": "Inner",
                          "Startup Cost": 46956.3,
                          "Total Cost": 393990.34,
                          "Plan Rows": 556789,
                          "Plan Width": 8,
                          "Actual Startup Time": 476.344,
                          "Actual Total Time": 1350.997,
                          "Actual Rows": 383126,
                          "Actual Loops": 4,
                          "Inner Unique": true,
                          "Hash Cond": "(ci.movie_id = t.id)",
                          "Plans": [
                            {
                              "Node Type": "Seq Scan",
                              "Parent Relationship": "Outer",
                              "Parallel Aware": true,
                              "Relation Name": "cast_info",
                              "Alias": "ci",
                              "Startup Cost": 0.0,
                              "Total Cost": 343257.03,
                              "Plan Rows": 1438856,
                              "Plan Width": 4,
                              "Actual Startup Time": 298.995,
                              "Actual Total Time": 856.175,
                              "Actual Rows": 912067,
                              "Actual Loops": 4,
                              "Filter": "((person_id < 1300084) AND (role_id > 1))",
                              "Rows Removed by Filter": 8149019
                            },
                            {
                              "Node Type": "Hash",
                              "Parent Relationship": "Inner",
                              "Parallel Aware": true,
                              "Startup Cost": 43898.92,
                              "Total Cost": 43898.92,
                              "Plan Rows": 244591,
                              "Plan Width": 4,
                              "Actual Startup Time": 174.645,
                              "Actual Total Time": 174.646,
                              "Actual Rows": 243112,
                              "Actual Loops": 4,
                              "Hash Buckets": 1048576,
                              "Original Hash Buckets": 1048576,
                              "Hash Batches": 1,
                              "Original Hash Batches": 1,
                              "Peak Memory Usage": 46304,
                              "Plans": [
                                {
                                  "Node Type": "Seq Scan",
                                  "Parent Relationship": "Outer",
                                  "Parallel Aware": true,
                                  "Relation Name": "title",
                                  "Alias": "t",
                                  "Startup Cost": 0.0,
                                  "Total Cost": 43898.92,
                                  "Plan Rows": 244591,
                                  "Plan Width": 4,
                                  "Actual Startup Time": 0.039,
                                  "Actual Total Time": 98.811,
                                  "Actual Rows": 243112,
                                  "Actual Loops": 4,
                                  "Filter": "(kind_id < 6)",
                                  "Rows Removed by Filter": 388966
                                }
                              ]
                            }
                          ]
                        }
                      ]
                    }
                  ]
                }
              ]
            }
          ]
        }
      ]
    },
    "Planning Time": 1.388,
    "Triggers": [],
    "Execution Time": 2368.093
  }
]