[
  {
    "Plan": {
      "Node Type": "Aggregate",
      "Strategy": "Plain",
      "Partial Mode": "Finalize",
      "Parallel Aware": false,
      "Startup Cost": 44705.87,
      "Total Cost": 44705.88,
      "Plan Rows": 1,
      "Plan Width": 8,
      "Actual Startup Time": 124.447,
      "Actual Total Time": 133.455,
      "Actual Rows": 1,
      "Actual Loops": 1,
      "Plans": [
        {
          "Node Type": "Gather",
          "Parent Relationship": "Outer",
          "Parallel Aware": false,
          "Startup Cost": 44705.55,
          "Total Cost": 44705.86,
          "Plan Rows": 3,
          "Plan Width": 8,
          "Actual Startup Time": 124.263,
          "Actual Total Time": 133.445,
          "Actual Rows": 4,
          "Actual Loops": 1,
          "Workers Planned": 3,
          "Workers Launched": 3,
          "Single Copy": false,
          "Plans": [
            {
              "Node Type": "Aggregate",
              "Strategy": "Plain",
              "Partial Mode": "Partial",
              "Parent Relationship": "Outer",
              "Parallel Aware": false,
              "Startup Cost": 43705.55,
              "Total Cost": 43705.56,
              "Plan Rows": 1,
              "Plan Width": 8,
              "Actual Startup Time": 118.688,
              "Actual Total Time": 118.689,
              "Actual Rows": 1,
              "Actual Loops": 4,
              "Plans": [
                {
                  "Node Type": "Seq Scan",
                  "Parent Relationship": "Outer",
                  "Parallel Aware": true,
                  "Relation Name": "movie_keyword",
                  "Alias": "mk",
                  "Startup Cost": 0.0,
                  "Total Cost": 42695.65,
                  "Plan Rows": 403960,
                  "Plan Width": 0,
                  "Actual Startup Time": 1.979,
                  "Actual Total Time": 103.448,
                  "Actual Rows": 313852,
                  "Actual Loops": 4,
                  "Filter": "(keyword_id > 14337)",
                  "Rows Removed by Filter": 817130
                }
              ]
            }
          ]
        }
      ]
    },
    "Planning Time": 0.23,
    "Triggers": [],
    "Execution Time": 133.513
  }
]