[
  {
    "Plan": {
      "Node Type": "Aggregate",
      "Strategy": "Plain",
      "Partial Mode": "Finalize",
      "Parallel Aware": false,
      "Startup Cost": 45012.5,
      "Total Cost": 45012.51,
      "Plan Rows": 1,
      "Plan Width": 8,
      "Actual Startup Time": 138.988,
      "Actual Total Time": 148.416,
      "Actual Rows": 1,
      "Actual Loops": 1,
      "Plans": [
        {
          "Node Type": "Gather",
          "Parent Relationship": "Outer",
          "Parallel Aware": false,
          "Startup Cost": 45012.18,
          "Total Cost": 45012.49,
          "Plan Rows": 3,
          "Plan Width": 8,
          "Actual Startup Time": 138.873,
          "Actual Total Time": 148.408,
          "Actual Rows": 4,
          "Actual Loops": 1,
          "Workers Planned": 3,
          "Workers Launched": 3,
          "Single Copy": false,
          "Plans": [
            {
              "Node Type": "Aggregate",
              "Strategy": "Plain",
              "Partial Mode": "Partial",
              "Parent Relationship": "Outer",
              "Parallel Aware": false,
              "Startup Cost": 44012.18,
              "Total Cost": 44012.19,
              "Plan Rows": 1,
              "Plan Width": 8,
              "Actual Startup Time": 131.454,
              "Actual Total Time": 131.456,
              "Actual Rows": 1,
              "Actual Loops": 4,
              "Plans": [
                {
                  "Node Type": "Seq Scan",
                  "Parent Relationship": "Outer",
                  "Parallel Aware": true,
                  "Relation Name": "movie_keyword",
                  "Alias": "mk",
                  "Startup Cost": 0.0,
                  "Total Cost": 42695.65,
                  "Plan Rows": 526611,
                  "Plan Width": 0,
                  "Actual Startup Time": 0.059,
                  "Actual Total Time": 111.796,
                  "Actual Rows": 411613,
                  "Actual Loops": 4,
                  "Filter": "(keyword_id < 2503)",
                  "Rows Removed by Filter": 719370
                }
              ]
            }
          ]
        }
      ]
    },
    "Planning Time": 0.216,
    "Triggers": [],
    "Execution Time": 148.475
  }
]