[
  {
    "Plan": {
      "Node Type": "Aggregate",
      "Strategy": "Plain",
      "Partial Mode": "Finalize",
      "Parallel Aware": false,
      "Startup Cost": 44533.94,
      "Total Cost": 44533.95,
      "Plan Rows": 1,
      "Plan Width": 8,
      "Actual Startup Time": 117.138,
      "Actual Total Time": 126.503,
      "Actual Rows": 1,
      "Actual Loops": 1,
      "Plans": [
        {
          "Node Type": "Gather",
          "Parent Relationship": "Outer",
          "Parallel Aware": false,
          "Startup Cost": 44533.63,
          "Total Cost": 44533.94,
          "Plan Rows": 3,
          "Plan Width": 8,
          "Actual Startup Time": 117.027,
          "Actual Total Time": 126.496,
          "Actual Rows": 4,
          "Actual Loops": 1,
          "Workers Planned": 3,
          "Workers Launched": 3,
          "Single Copy": false,
          "Plans": [
            {
              "Node Type": "Aggregate",
              "Strategy": "Plain",
              "Partial Mode": "Partial",
              "Parent Relationship": "Outer",
              "Parallel Aware": false,
              "Startup Cost": 43533.63,
              "Total Cost": 43533.64,
              "Plan Rows": 1,
              "Plan Width": 8,
              "Actual Startup Time": 111.728,
              "Actual Total Time": 111.729,
              "Actual Rows": 1,
              "Actual Loops": 4,
              "Plans": [
                {
                  "Node Type": "Seq Scan",
                  "Parent Relationship": "Outer",
                  "Parallel Aware": true,
                  "Relation Name": "movie_keyword",
                  "Alias": "mk",
                  "Startup Cost": 0.0,
                  "Total Cost": 42695.65,
                  "Plan Rows": 335189,
                  "Plan Width": 0,
                  "Actual Startup Time": 2.847,
                  "Actual Total Time": 99.375,
                  "Actual Rows": 259174,
                  "Actual Loops": 4,
                  "Filter": "(keyword_id > 17103)",
                  "Rows Removed by Filter": 871809
                }
              ]
            }
          ]
        }
      ]
    },
    "Planning Time": 0.179,
    "Triggers": [],
    "Execution Time": 126.557
  }
]