{
  "Plan": {
    "Node Type": "Aggregate",
    "Strategy": "Plain",
    "Partial Mode": "Finalize",
    "Parallel Aware": false,
    "Startup Cost": 985910.64,
    "Total Cost": 985910.65,
    "Plan Rows": 1,
    "Plan Width": 8,
    "Actual Startup Time": 17114.277,
    "Actual Total Time": 17283.287,
    "Actual Rows": 1,
    "Actual Loops": 1,
    "Plans": [
      {
        "Node Type": "Gather",
        "Parent Relationship": "Outer",
        "Parallel Aware": false,
        "Startup Cost": 985910.53,
        "Total Cost": 985910.64,
        "Plan Rows": 1,
        "Plan Width": 8,
        "Actual Startup Time": 17076.813,
        "Actual Total Time": 17283.275,
        "Actual Rows": 2,
        "Actual Loops": 1,
        "Workers Planned": 1,
        "Workers Launched": 1,
        "Single Copy": false,
        "Plans": [
          {
            "Node Type": "Aggregate",
            "Strategy": "Plain",
            "Partial Mode": "Partial",
            "Parent Relationship": "Outer",
            "Parallel Aware": false,
            "Startup Cost": 984910.53,
            "Total Cost": 984910.54,
            "Plan Rows": 1,
            "Plan Width": 8,
            "Actual Startup Time": 17049.687,
            "Actual Total Time": 17054.703,
            "Actual Rows": 1,
            "Actual Loops": 2,
            "Plans": [
              {
                "Node Type": "Hash Join",
                "Parent Relationship": "Outer",
                "Parallel Aware": true,
                "Join Type": "Inner",
                "Startup Cost": 747090.44,
                "Total Cost": 941116.82,
                "Plan Rows": 17517484,
                "Plan Width": 0,
                "Actual Startup Time": 11209.174,
                "Actual Total Time": 15208.123,
                "Actual Rows": 46124418,
                "Actual Loops": 2,
                "Inner Unique": false,
                "Hash Cond": "(mk.movie_id = t.id)",
                "Plans": [
                  {
                    "Node Type": "Seq Scan",
                    "Parent Relationship": "Outer",
                    "Parallel Aware": true,
                    "Relation Name": "movie_keyword",
                    "Alias": "mk",
                    "Startup Cost": 0.0,
                    "Total Cost": 51065.35,
                    "Plan Rows": 2661135,
                    "Plan Width": 4,
                    "Actual Startup Time": 0.011,
                    "Actual Total Time": 167.504,
                    "Actual Rows": 2261965,
                    "Actual Loops": 2
                  },
                  {
                    "Node Type": "Hash",
                    "Parent Relationship": "Inner",
                    "Parallel Aware": true,
                    "Startup Cost": 624715.29,
                    "Total Cost": 624715.29,
                    "Plan Rows": 9790012,
                    "Plan Width": 8,
                    "Actual Startup Time": 11148.754,
                    "Actual Total Time": 11153.767,
                    "Actual Rows": 8579033,
                    "Actual Loops": 2,
                    "Hash Buckets": 33554432,
                    "Original Hash Buckets": 16777216,
                    "Hash Batches": 1,
                    "Original Hash Batches": 1,
                    "Peak Memory Usage": 1064480,
                    "Plans": [
                      {
                        "Node Type": "Hash Join",
                        "Parent Relationship": "Outer",
                        "Parallel Aware": true,
                        "Join Type": "Inner",
                        "Startup Cost": 66927.54,
                        "Total Cost": 624715.29,
                        "Plan Rows": 9790012,
                        "Plan Width": 8,
                        "Actual Startup Time": 393.918,
                        "Actual Total Time": 7671.338,
                        "Actual Rows": 8579033,
                        "Actual Loops": 2,
                        "Inner Unique": true,
                        "Hash Cond": "(ci.movie_id = t.id)",
                        "Plans": [
                          {
                            "Node Type": "Seq Scan",
                            "Parent Relationship": "Outer",
                            "Parallel Aware": true,
                            "Relation Name": "cast_info",
                            "Alias": "ci",
                            "Startup Cost": 0.0,
                            "Total Cost": 519069.44,
                            "Plan Rows": 14749806,
                            "Plan Width": 4,
                            "Actual Startup Time": 0.014,
                            "Actual Total Time": 1714.927,
                            "Actual Rows": 12594446,
                            "Actual Loops": 2,
                            "Filter": "(person_id < 2597592)",
                            "Rows Removed by Filter": 5527726
                          },
                          {
                            "Node Type": "Hash",
                            "Parent Relationship": "Inner",
                            "Parallel Aware": true,
                            "Startup Cost": 54588.39,
                            "Total Cost": 54588.39,
                            "Plan Rows": 987132,
                            "Plan Width": 4,
                            "Actual Startup Time": 388.119,
                            "Actual Total Time": 388.121,
                            "Actual Rows": 836770,
                            "Actual Loops": 2,
                            "Hash Buckets": 2097152,
                            "Original Hash Buckets": 2097152,
                            "Hash Batches": 1,
                            "Original Hash Batches": 1,
                            "Peak Memory Usage": 81888,
                            "Plans": [
                              {
                                "Node Type": "Seq Scan",
                                "Parent Relationship": "Outer",
                                "Parallel Aware": true,
                                "Relation Name": "title",
                                "Alias": "t",
                                "Startup Cost": 0.0,
                                "Total Cost": 54588.39,
                                "Plan Rows": 987132,
                                "Plan Width": 4,
                                "Actual Startup Time": 0.03,
                                "Actual Total Time": 167.784,
                                "Actual Rows": 836770,
                                "Actual Loops": 2,
                                "Filter": "(production_year > 1993)",
                                "Rows Removed by Filter": 427386
                              }
                            ]
                          }
                        ]
                      }
                    ]
                  }
                ]
              }
            ]
          }
        ]
      }
    ]
  },
  "Planning Time": 1.113,
  "Triggers": [],
  "Execution Time": 17283.448
}