[
  {
    "Plan": {
      "Node Type": "Aggregate",
      "Strategy": "Plain",
      "Partial Mode": "Finalize",
      "Parallel Aware": false,
      "Startup Cost": 31729.19,
      "Total Cost": 31729.2,
      "Plan Rows": 1,
      "Plan Width": 8,
      "Actual Startup Time": 102.67,
      "Actual Total Time": 108.326,
      "Actual Rows": 1,
      "Actual Loops": 1,
      "Plans": [
        {
          "Node Type": "Gather",
          "Parent Relationship": "Outer",
          "Parallel Aware": false,
          "Startup Cost": 31728.87,
          "Total Cost": 31729.18,
          "Plan Rows": 3,
          "Plan Width": 8,
          "Actual Startup Time": 102.554,
          "Actual Total Time": 108.318,
          "Actual Rows": 4,
          "Actual Loops": 1,
          "Workers Planned": 3,
          "Workers Launched": 3,
          "Single Copy": false,
          "Plans": [
            {
              "Node Type": "Aggregate",
              "Strategy": "Plain",
              "Partial Mode": "Partial",
              "Parent Relationship": "Outer",
              "Parallel Aware": false,
              "Startup Cost": 30728.87,
              "Total Cost": 30728.88,
              "Plan Rows": 1,
              "Plan Width": 8,
              "Actual Startup Time": 97.658,
              "Actual Total Time": 97.659,
              "Actual Rows": 1,
              "Actual Loops": 4,
              "Plans": [
                {
                  "Node Type": "Seq Scan",
                  "Parent Relationship": "Outer",
                  "Parallel Aware": true,
                  "Relation Name": "movie_companies",
                  "Alias": "mc",
                  "Startup Cost": 0.0,
                  "Total Cost": 29310.68,
                  "Plan Rows": 567276,
                  "Plan Width": 0,
                  "Actual Startup Time": 0.025,
                  "Actual Total Time": 75.4,
                  "Actual Rows": 442210,
                  "Actual Loops": 4,
                  "Filter": "(company_id < 26216)",
                  "Rows Removed by Filter": 210072
                }
              ]
            }
          ]
        }
      ]
    },
    "Planning Time": 0.101,
    "Triggers": [],
    "Execution Time": 108.36
  }
]