{
  "Plan": {
    "Node Type": "Aggregate",
    "Strategy": "Plain",
    "Partial Mode": "Finalize",
    "Parallel Aware": false,
    "Startup Cost": 425290.55,
    "Total Cost": 425290.56,
    "Plan Rows": 1,
    "Plan Width": 8,
    "Actual Startup Time": 2476.423,
    "Actual Total Time": 2536.986,
    "Actual Rows": 1,
    "Actual Loops": 1,
    "Plans": [
      {
        "Node Type": "Gather",
        "Parent Relationship": "Outer",
        "Parallel Aware": false,
        "Startup Cost": 425290.43,
        "Total Cost": 425290.54,
        "Plan Rows": 1,
        "Plan Width": 8,
        "Actual Startup Time": 2475.246,
        "Actual Total Time": 2536.979,
        "Actual Rows": 2,
        "Actual Loops": 1,
        "Workers Planned": 1,
        "Workers Launched": 1,
        "Single Copy": false,
        "Plans": [
          {
            "Node Type": "Aggregate",
            "Strategy": "Plain",
            "Partial Mode": "Partial",
            "Parent Relationship": "Outer",
            "Parallel Aware": false,
            "Startup Cost": 424290.43,
            "Total Cost": 424290.44,
            "Plan Rows": 1,
            "Plan Width": 8,
            "Actual Startup Time": 2471.4,
            "Actual Total Time": 2471.404,
            "Actual Rows": 1,
            "Actual Loops": 2,
            "Plans": [
              {
                "Node Type": "Hash Join",
                "Parent Relationship": "Outer",
                "Parallel Aware": true,
                "Join Type": "Inner",
                "Startup Cost": 354025.59,
                "Total Cost": 423524.72,
                "Plan Rows": 306286,
                "Plan Width": 0,
                "Actual Startup Time": 1626.95,
                "Actual Total Time": 2287.72,
                "Actual Rows": 4588550,
                "Actual Loops": 2,
                "Inner Unique": false,
                "Hash Cond": "(mk.movie_id = t.id)",
                "Plans": [
                  {
                    "Node Type": "Seq Scan",
                    "Parent Relationship": "Outer",
                    "Parallel Aware": true,
                    "Relation Name": "movie_keyword",
                    "Alias": "mk",
                    "Startup Cost": 0.0,
                    "Total Cost": 51065.35,
                    "Plan Rows": 2661135,
                    "Plan Width": 4,
                    "Actual Startup Time": 0.015,
                    "Actual Total Time": 149.867,
                    "Actual Rows": 2261965,
                    "Actual Loops": 2
                  },
                  {
                    "Node Type": "Hash",
                    "Parent Relationship": "Inner",
                    "Parallel Aware": true,
                    "Startup Cost": 351885.92,
                    "Total Cost": 351885.92,
                    "Plan Rows": 171174,
                    "Plan Width": 8,
                    "Actual Startup Time": 1622.297,
                    "Actual Total Time": 1622.3,
                    "Actual Rows": 239044,
                    "Actual Loops": 2,
                    "Hash Buckets": 524288,
                    "Original Hash Buckets": 524288,
                    "Hash Batches": 1,
                    "Original Hash Batches": 1,
                    "Peak Memory Usage": 22848,
                    "Plans": [
                      {
                        "Node Type": "Hash Join",
                        "Parent Relationship": "Outer",
                        "Parallel Aware": true,
                        "Join Type": "Inner",
                        "Startup Cost": 58677.53,
                        "Total Cost": 351885.92,
                        "Plan Rows": 171174,
                        "Plan Width": 8,
                        "Actual Startup Time": 140.05,
                        "Actual Total Time": 1556.909,
                        "Actual Rows": 239044,
                        "Actual Loops": 2,
                        "Inner Unique": true,
                        "Hash Cond": "(mi.movie_id = t.id)",
                        "Plans": [
                          {
                            "Node Type": "Seq Scan",
                            "Parent Relationship": "Outer",
                            "Parallel Aware": true,
                            "Relation Name": "movie_info",
                            "Alias": "mi",
                            "Startup Cost": 0.0,
                            "Total Cost": 270696.42,
                            "Plan Rows": 8575975,
                            "Plan Width": 4,
                            "Actual Startup Time": 0.01,
                            "Actual Total Time": 780.981,
                            "Actual Rows": 7318983,
                            "Actual Loops": 2,
                            "Filter": "(info_type_id < 107)",
                            "Rows Removed by Filter": 98877
                          },
                          {
                            "Node Type": "Hash",
                            "Parent Relationship": "Inner",
                            "Parallel Aware": true,
                            "Startup Cost": 58306.47,
                            "Total Cost": 58306.47,
                            "Plan Rows": 29685,
                            "Plan Width": 4,
                            "Actual Startup Time": 138.853,
                            "Actual Total Time": 138.854,
                            "Actual Rows": 22006,
                            "Actual Loops": 2,
                            "Hash Buckets": 65536,
                            "Original Hash Buckets": 65536,
                            "Hash Batches": 1,
                            "Original Hash Batches": 1,
                            "Peak Memory Usage": 2272,
                            "Plans": [
                              {
                                "Node Type": "Seq Scan",
                                "Parent Relationship": "Outer",
                                "Parallel Aware": true,
                                "Relation Name": "title",
                                "Alias": "t",
                                "Startup Cost": 0.0,
                                "Total Cost": 58306.47,
                                "Plan Rows": 29685,
                                "Plan Width": 4,
                                "Actual Startup Time": 0.084,
                                "Actual Total Time": 132.648,
                                "Actual Rows": 22006,
                                "Actual Loops": 2,
                                "Filter": "((kind_id < 7) AND (production_year = 2009))",
                                "Rows Removed by Filter": 1242150
                              }
                            ]
                          }
                        ]
                      }
                    ]
                  }
                ]
              }
            ]
          }
        ]
      }
    ]
  },
  "Planning Time": 0.775,
  "Triggers": [],
  "Execution Time": 2537.074
}