[
  {
    "Plan": {
      "Node Type": "Aggregate",
      "Strategy": "Plain",
      "Partial Mode": "Finalize",
      "Parallel Aware": false,
      "Startup Cost": 45037.95,
      "Total Cost": 45037.96,
      "Plan Rows": 1,
      "Plan Width": 8,
      "Actual Startup Time": 121.894,
      "Actual Total Time": 131.29,
      "Actual Rows": 1,
      "Actual Loops": 1,
      "Plans": [
        {
          "Node Type": "Gather",
          "Parent Relationship": "Outer",
          "Parallel Aware": false,
          "Startup Cost": 45037.63,
          "Total Cost": 45037.94,
          "Plan Rows": 3,
          "Plan Width": 8,
          "Actual Startup Time": 121.74,
          "Actual Total Time": 131.281,
          "Actual Rows": 4,
          "Actual Loops": 1,
          "Workers Planned": 3,
          "Workers Launched": 3,
          "Single Copy": false,
          "Plans": [
            {
              "Node Type": "Aggregate",
              "Strategy": "Plain",
              "Partial Mode": "Partial",
              "Parent Relationship": "Outer",
              "Parallel Aware": false,
              "Startup Cost": 44037.63,
              "Total Cost": 44037.64,
              "Plan Rows": 1,
              "Plan Width": 8,
              "Actual Startup Time": 118.04,
              "Actual Total Time": 118.042,
              "Actual Rows": 1,
              "Actual Loops": 4,
              "Plans": [
                {
                  "Node Type": "Seq Scan",
                  "Parent Relationship": "Outer",
                  "Parallel Aware": true,
                  "Relation Name": "movie_keyword",
                  "Alias": "mk",
                  "Startup Cost": 0.0,
                  "Total Cost": 42695.65,
                  "Plan Rows": 536790,
                  "Plan Width": 0,
                  "Actual Startup Time": 0.028,
                  "Actual Total Time": 100.507,
                  "Actual Rows": 417412,
                  "Actual Loops": 4,
                  "Filter": "(keyword_id < 2557)",
                  "Rows Removed by Filter": 713570
                }
              ]
            }
          ]
        }
      ]
    },
    "Planning Time": 0.193,
    "Triggers": [],
    "Execution Time": 131.346
  }
]