[
  {
    "Plan": {
      "Node Type": "Aggregate",
      "Strategy": "Plain",
      "Partial Mode": "Finalize",
      "Parallel Aware": false,
      "Startup Cost": 342586.35,
      "Total Cost": 342586.36,
      "Plan Rows": 1,
      "Plan Width": 8,
      "Actual Startup Time": 874.52,
      "Actual Total Time": 919.352,
      "Actual Rows": 1,
      "Actual Loops": 1,
      "Plans": [
        {
          "Node Type": "Gather",
          "Parent Relationship": "Outer",
          "Parallel Aware": false,
          "Startup Cost": 342585.72,
          "Total Cost": 342586.33,
          "Plan Rows": 6,
          "Plan Width": 8,
          "Actual Startup Time": 874.312,
          "Actual Total Time": 919.336,
          "Actual Rows": 7,
          "Actual Loops": 1,
          "Workers Planned": 6,
          "Workers Launched": 6,
          "Single Copy": false,
          "Plans": [
            {
              "Node Type": "Aggregate",
              "Strategy": "Plain",
              "Partial Mode": "Partial",
              "Parent Relationship": "Outer",
              "Parallel Aware": false,
              "Startup Cost": 341585.72,
              "Total Cost": 341585.73,
              "Plan Rows": 1,
              "Plan Width": 8,
              "Actual Startup Time": 868.564,
              "Actual Total Time": 868.566,
              "Actual Rows": 1,
              "Actual Loops": 7,
              "Plans": [
                {
                  "Node Type": "Seq Scan",
                  "Parent Relationship": "Outer",
                  "Parallel Aware": true,
                  "Relation Name": "cast_info",
                  "Alias": "ci",
                  "Startup Cost": 0.0,
                  "Total Cost": 328211.39,
                  "Plan Rows": 5349732,
                  "Plan Width": 0,
                  "Actual Startup Time": 67.243,
                  "Actual Total Time": 652.973,
                  "Actual Rows": 4561002,
                  "Actual Loops": 7,
                  "Filter": "(person_id > 416084)",
                  "Rows Removed by Filter": 616761
                }
              ]
            }
          ]
        }
      ]
    },
    "Planning Time": 0.126,
    "Triggers": [],
    "Execution Time": 919.398
  }
]