[
  {
    "Plan": {
      "Node Type": "Aggregate",
      "Strategy": "Plain",
      "Partial Mode": "Finalize",
      "Parallel Aware": false,
      "Startup Cost": 82385.61,
      "Total Cost": 82385.62,
      "Plan Rows": 1,
      "Plan Width": 8,
      "Actual Startup Time": 403.332,
      "Actual Total Time": 419.416,
      "Actual Rows": 1,
      "Actual Loops": 1,
      "Plans": [
        {
          "Node Type": "Gather",
          "Parent Relationship": "Outer",
          "Parallel Aware": false,
          "Startup Cost": 82385.19,
          "Total Cost": 82385.6,
          "Plan Rows": 4,
          "Plan Width": 8,
          "Actual Startup Time": 399.269,
          "Actual Total Time": 419.406,
          "Actual Rows": 5,
          "Actual Loops": 1,
          "Workers Planned": 4,
          "Workers Launched": 4,
          "Single Copy": false,
          "Plans": [
            {
              "Node Type": "Aggregate",
              "Strategy": "Plain",
              "Partial Mode": "Partial",
              "Parent Relationship": "Outer",
              "Parallel Aware": false,
              "Startup Cost": 81385.19,
              "Total Cost": 81385.2,
              "Plan Rows": 1,
              "Plan Width": 8,
              "Actual Startup Time": 389.89,
              "Actual Total Time": 389.893,
              "Actual Rows": 1,
              "Actual Loops": 5,
              "Plans": [
                {
                  "Node Type": "Hash Join",
                  "Parent Relationship": "Outer",
                  "Parallel Aware": true,
                  "Join Type": "Inner",
                  "Startup Cost": 34729.41,
                  "Total Cost": 80871.42,
                  "Plan Rows": 205505,
                  "Plan Width": 0,
                  "Actual Startup Time": 147.948,
                  "Actual Total Time": 381.066,
                  "Actual Rows": 207958,
                  "Actual Loops": 5,
                  "Inner Unique": false,
                  "Hash Cond": "(t.id = mc.movie_id)",
                  "Plans": [
                    {
                      "Node Type": "Seq Scan",
                      "Parent Relationship": "Outer",
                      "Parallel Aware": true,
                      "Relation Name": "title",
                      "Alias": "t",
                      "Startup Cost": 0.0,
                      "Total Cost": 42318.73,
                      "Plan Rows": 632073,
                      "Plan Width": 4,
                      "Actual Startup Time": 0.013,
                      "Actual Total Time": 63.445,
                      "Actual Rows": 505662,
                      "Actual Loops": 5
                    },
                    {
                      "Node Type": "Hash",
                      "Parent Relationship": "Inner",
                      "Parallel Aware": true,
                      "Startup Cost": 31414.82,
                      "Total Cost": 31414.82,
                      "Plan Rows": 265167,
                      "Plan Width": 4,
                      "Actual Startup Time": 143.685,
                      "Actual Total Time": 143.686,
                      "Actual Rows": 207958,
                      "Actual Loops": 5,
                      "Hash Buckets": 1048576,
                      "Original Hash Buckets": 1048576,
                      "Hash Batches": 1,
                      "Original Hash Batches": 1,
                      "Peak Memory Usage": 48928,
                      "Plans": [
                        {
                          "Node Type": "Seq Scan",
                          "Parent Relationship": "Outer",
                          "Parallel Aware": true,
                          "Relation Name": "movie_companies",
                          "Alias": "mc",
                          "Startup Cost": 0.0,
                          "Total Cost": 31414.82,
                          "Plan Rows": 265167,
                          "Plan Width": 4,
                          "Actual Startup Time": 45.187,
                          "Actual Total Time": 78.622,
                          "Actual Rows": 207958,
                          "Actual Loops": 5,
                          "Filter": "((company_id > 4538) AND (company_type_id > 1))",
                          "Rows Removed by Filter": 313868
                        }
                      ]
                    }
                  ]
                }
              ]
            }
          ]
        }
      ]
    },
    "Planning Time": 0.641,
    "Triggers": [],
    "Execution Time": 419.495
  }
]