[
    {
        "Bao": {
            "Bao prediction": "NaN",
            "Bao recommended hint": "(no hint)"
        }
    },
    {
        "Plan": {
            "Node Type": "Aggregate",
            "Strategy": "Plain",
            "Partial Mode": "Finalize",
            "Parallel Aware": false,
            "Startup Cost": 24725.05,
            "Total Cost": 24725.06,
            "Plan Rows": 1,
            "Plan Width": 8,
            "Actual Startup Time": 45.48,
            "Actual Total Time": 49.335,
            "Actual Rows": 1,
            "Actual Loops": 1,
            "Output": [
                "count(*)"
            ],
            "Plans": [
                {
                    "Node Type": "Gather",
                    "Parent Relationship": "Outer",
                    "Parallel Aware": false,
                    "Startup Cost": 24724.74,
                    "Total Cost": 24725.05,
                    "Plan Rows": 3,
                    "Plan Width": 8,
                    "Actual Startup Time": 45.295,
                    "Actual Total Time": 49.326,
                    "Actual Rows": 4,
                    "Actual Loops": 1,
                    "Output": [
                        "(PARTIAL count(*))"
                    ],
                    "Workers Planned": 3,
                    "Workers Launched": 3,
                    "Single Copy": false,
                    "Plans": [
                        {
                            "Node Type": "Aggregate",
                            "Strategy": "Plain",
                            "Partial Mode": "Partial",
                            "Parent Relationship": "Outer",
                            "Parallel Aware": false,
                            "Startup Cost": 23724.74,
                            "Total Cost": 23724.75,
                            "Plan Rows": 1,
                            "Plan Width": 8,
                            "Actual Startup Time": 36.46,
                            "Actual Total Time": 36.461,
                            "Actual Rows": 1,
                            "Actual Loops": 4,
                            "Output": [
                                "PARTIAL count(*)"
                            ],
                            "Workers": [
                                {
                                    "Worker Number": 0,
                                    "Actual Startup Time": 33.849,
                                    "Actual Total Time": 33.85,
                                    "Actual Rows": 1,
                                    "Actual Loops": 1
                                },
                                {
                                    "Worker Number": 1,
                                    "Actual Startup Time": 33.969,
                                    "Actual Total Time": 33.97,
                                    "Actual Rows": 1,
                                    "Actual Loops": 1
                                },
                                {
                                    "Worker Number": 2,
                                    "Actual Startup Time": 33.853,
                                    "Actual Total Time": 33.854,
                                    "Actual Rows": 1,
                                    "Actual Loops": 1
                                }
                            ],
                            "Plans": [
                                {
                                    "Node Type": "Bitmap Heap Scan",
                                    "Parent Relationship": "Outer",
                                    "Parallel Aware": true,
                                    "Relation Name": "movie_companies",
                                    "Schema": "public",
                                    "Alias": "mc",
                                    "Startup Cost": 4034.43,
                                    "Total Cost": 23574.68,
                                    "Plan Rows": 60021,
                                    "Plan Width": 0,
                                    "Actual Startup Time": 5.516,
                                    "Actual Total Time": 32.159,
                                    "Actual Rows": 47180,
                                    "Actual Loops": 4,
                                    "Recheck Cond": "(mc.company_id > 117089)",
                                    "Rows Removed by Index Recheck": 0,
                                    "Exact Heap Blocks": 2163,
                                    "Lossy Heap Blocks": 0,
                                    "Workers": [
                                        {
                                            "Worker Number": 0,
                                            "Actual Startup Time": 2.953,
                                            "Actual Total Time": 30.144,
                                            "Actual Rows": 32367,
                                            "Actual Loops": 1
                                        },
                                        {
                                            "Worker Number": 1,
                                            "Actual Startup Time": 3.1,
                                            "Actual Total Time": 30.376,
                                            "Actual Rows": 29803,
                                            "Actual Loops": 1
                                        },
                                        {
                                            "Worker Number": 2,
                                            "Actual Startup Time": 2.998,
                                            "Actual Total Time": 30.168,
                                            "Actual Rows": 31718,
                                            "Actual Loops": 1
                                        }
                                    ],
                                    "Plans": [
                                        {
                                            "Node Type": "Bitmap Index Scan",
                                            "Parent Relationship": "Outer",
                                            "Parallel Aware": false,
                                            "Index Name": "company_id_movie_companies",
                                            "Startup Cost": 0.0,
                                            "Total Cost": 3987.91,
                                            "Plan Rows": 186064,
                                            "Plan Width": 0,
                                            "Actual Startup Time": 11.988,
                                            "Actual Total Time": 11.989,
                                            "Actual Rows": 188719,
                                            "Actual Loops": 1,
                                            "Index Cond": "(mc.company_id > 117089)"
                                        }
                                    ]
                                }
                            ]
                        }
                    ]
                }
            ]
        },
        "Planning Time": 271.547,
        "Triggers": [],
        "Execution Time": 49.393
    }
]