[
    {
        "Bao": {
            "Bao prediction": "NaN",
            "Bao recommended hint": "(no hint)"
        }
    },
    {
        "Plan": {
            "Node Type": "Aggregate",
            "Strategy": "Plain",
            "Partial Mode": "Finalize",
            "Parallel Aware": false,
            "Startup Cost": 26545.03,
            "Total Cost": 26545.04,
            "Plan Rows": 1,
            "Plan Width": 8,
            "Actual Startup Time": 17.382,
            "Actual Total Time": 20.396,
            "Actual Rows": 1,
            "Actual Loops": 1,
            "Output": [
                "count(*)"
            ],
            "Plans": [
                {
                    "Node Type": "Gather",
                    "Parent Relationship": "Outer",
                    "Parallel Aware": false,
                    "Startup Cost": 26544.82,
                    "Total Cost": 26545.03,
                    "Plan Rows": 2,
                    "Plan Width": 8,
                    "Actual Startup Time": 16.708,
                    "Actual Total Time": 20.389,
                    "Actual Rows": 3,
                    "Actual Loops": 1,
                    "Output": [
                        "(PARTIAL count(*))"
                    ],
                    "Workers Planned": 2,
                    "Workers Launched": 2,
                    "Single Copy": false,
                    "Plans": [
                        {
                            "Node Type": "Aggregate",
                            "Strategy": "Plain",
                            "Partial Mode": "Partial",
                            "Parent Relationship": "Outer",
                            "Parallel Aware": false,
                            "Startup Cost": 25544.82,
                            "Total Cost": 25544.83,
                            "Plan Rows": 1,
                            "Plan Width": 8,
                            "Actual Startup Time": 9.428,
                            "Actual Total Time": 9.43,
                            "Actual Rows": 1,
                            "Actual Loops": 3,
                            "Output": [
                                "PARTIAL count(*)"
                            ],
                            "Workers": [
                                {
                                    "Worker Number": 0,
                                    "Actual Startup Time": 5.651,
                                    "Actual Total Time": 5.654,
                                    "Actual Rows": 1,
                                    "Actual Loops": 1
                                },
                                {
                                    "Worker Number": 1,
                                    "Actual Startup Time": 6.181,
                                    "Actual Total Time": 6.183,
                                    "Actual Rows": 1,
                                    "Actual Loops": 1
                                }
                            ],
                            "Plans": [
                                {
                                    "Node Type": "Nested Loop",
                                    "Parent Relationship": "Outer",
                                    "Parallel Aware": false,
                                    "Join Type": "Inner",
                                    "Startup Cost": 99.92,
                                    "Total Cost": 25540.1,
                                    "Plan Rows": 1885,
                                    "Plan Width": 0,
                                    "Actual Startup Time": 0.675,
                                    "Actual Total Time": 9.312,
                                    "Actual Rows": 1462,
                                    "Actual Loops": 3,
                                    "Inner Unique": true,
                                    "Workers": [
                                        {
                                            "Worker Number": 0,
                                            "Actual Startup Time": 0.417,
                                            "Actual Total Time": 5.595,
                                            "Actual Rows": 79,
                                            "Actual Loops": 1
                                        },
                                        {
                                            "Worker Number": 1,
                                            "Actual Startup Time": 0.416,
                                            "Actual Total Time": 6.12,
                                            "Actual Rows": 106,
                                            "Actual Loops": 1
                                        }
                                    ],
                                    "Plans": [
                                        {
                                            "Node Type": "Bitmap Heap Scan",
                                            "Parent Relationship": "Outer",
                                            "Parallel Aware": true,
                                            "Relation Name": "movie_keyword",
                                            "Schema": "public",
                                            "Alias": "mk",
                                            "Startup Cost": 99.49,
                                            "Total Cost": 11574.9,
                                            "Plan Rows": 1885,
                                            "Plan Width": 4,
                                            "Actual Startup Time": 0.504,
                                            "Actual Total Time": 2.507,
                                            "Actual Rows": 1462,
                                            "Actual Loops": 3,
                                            "Output": [
                                                "mk.id",
                                                "mk.movie_id",
                                                "mk.keyword_id"
                                            ],
                                            "Recheck Cond": "(mk.keyword_id = 20321)",
                                            "Rows Removed by Index Recheck": 0,
                                            "Exact Heap Blocks": 1754,
                                            "Lossy Heap Blocks": 0,
                                            "Workers": [
                                                {
                                                    "Worker Number": 0,
                                                    "Actual Startup Time": 0.166,
                                                    "Actual Total Time": 1.371,
                                                    "Actual Rows": 79,
                                                    "Actual Loops": 1
                                                },
                                                {
                                                    "Worker Number": 1,
                                                    "Actual Startup Time": 0.173,
                                                    "Actual Total Time": 1.597,
                                                    "Actual Rows": 106,
                                                    "Actual Loops": 1
                                                }
                                            ],
                                            "Plans": [
                                                {
                                                    "Node Type": "Bitmap Index Scan",
                                                    "Parent Relationship": "Outer",
                                                    "Parallel Aware": false,
                                                    "Index Name": "keyword_id_movie_keyword",
                                                    "Startup Cost": 0.0,
                                                    "Total Cost": 98.36,
                                                    "Plan Rows": 4524,
                                                    "Plan Width": 0,
                                                    "Actual Startup Time": 0.882,
                                                    "Actual Total Time": 0.882,
                                                    "Actual Rows": 4387,
                                                    "Actual Loops": 1,
                                                    "Index Cond": "(mk.keyword_id = 20321)"
                                                }
                                            ]
                                        },
                                        {
                                            "Node Type": "Index Only Scan",
                                            "Parent Relationship": "Inner",
                                            "Parallel Aware": false,
                                            "Scan Direction": "Forward",
                                            "Index Name": "title_pkey",
                                            "Relation Name": "title",
                                            "Schema": "public",
                                            "Alias": "t",
                                            "Startup Cost": 0.43,
                                            "Total Cost": 7.41,
                                            "Plan Rows": 1,
                                            "Plan Width": 4,
                                            "Actual Startup Time": 0.004,
                                            "Actual Total Time": 0.004,
                                            "Actual Rows": 1,
                                            "Actual Loops": 4387,
                                            "Output": [
                                                "t.id"
                                            ],
                                            "Index Cond": "(t.id = mk.movie_id)",
                                            "Rows Removed by Index Recheck": 0,
                                            "Heap Fetches": 4387,
                                            "Workers": [
                                                {
                                                    "Worker Number": 0,
                                                    "Actual Startup Time": 0.051,
                                                    "Actual Total Time": 0.051,
                                                    "Actual Rows": 1,
                                                    "Actual Loops": 79
                                                },
                                                {
                                                    "Worker Number": 1,
                                                    "Actual Startup Time": 0.04,
                                                    "Actual Total Time": 0.04,
                                                    "Actual Rows": 1,
                                                    "Actual Loops": 106
                                                }
                                            ]
                                        }
                                    ]
                                }
                            ]
                        }
                    ]
                }
            ]
        },
        "Planning Time": 177.958,
        "Triggers": [],
        "Execution Time": 20.459
    }
]