[
  {
    "Plan": {
      "Node Type": "Aggregate",
      "Strategy": "Plain",
      "Partial Mode": "Finalize",
      "Parallel Aware": false,
      "Startup Cost": 476442.57,
      "Total Cost": 476442.58,
      "Plan Rows": 1,
      "Plan Width": 8,
      "Actual Startup Time": 2703.223,
      "Actual Total Time": 2772.135,
      "Actual Rows": 1,
      "Actual Loops": 1,
      "Plans": [
        {
          "Node Type": "Gather",
          "Parent Relationship": "Outer",
          "Parallel Aware": false,
          "Startup Cost": 476441.95,
          "Total Cost": 476442.56,
          "Plan Rows": 6,
          "Plan Width": 8,
          "Actual Startup Time": 2677.24,
          "Actual Total Time": 2772.12,
          "Actual Rows": 7,
          "Actual Loops": 1,
          "Workers Planned": 6,
          "Workers Launched": 6,
          "Single Copy": false,
          "Plans": [
            {
              "Node Type": "Aggregate",
              "Strategy": "Plain",
              "Partial Mode": "Partial",
              "Parent Relationship": "Outer",
              "Parallel Aware": false,
              "Startup Cost": 475441.95,
              "Total Cost": 475441.96,
              "Plan Rows": 1,
              "Plan Width": 8,
              "Actual Startup Time": 2653.275,
              "Actual Total Time": 2653.468,
              "Actual Rows": 1,
              "Actual Loops": 7,
              "Plans": [
                {
                  "Node Type": "Hash Join",
                  "Parent Relationship": "Outer",
                  "Parallel Aware": true,
                  "Join Type": "Inner",
                  "Startup Cost": 105322.48,
                  "Total Cost": 460417.89,
                  "Plan Rows": 6009624,
                  "Plan Width": 0,
                  "Actual Startup Time": 425.909,
                  "Actual Total Time": 2437.952,
                  "Actual Rows": 4975415,
                  "Actual Loops": 7,
                  "Inner Unique": false,
                  "Hash Cond": "(ci.movie_id = t.id)",
                  "Plans": [
                    {
                      "Node Type": "Seq Scan",
                      "Parent Relationship": "Outer",
                      "Parallel Aware": true,
                      "Relation Name": "cast_info",
                      "Alias": "ci",
                      "Startup Cost": 0.0,
                      "Total Cost": 313067.02,
                      "Plan Rows": 6038002,
                      "Plan Width": 4,
                      "Actual Startup Time": 0.02,
                      "Actual Total Time": 543.054,
                      "Actual Rows": 5177763,
                      "Actual Loops": 7
                    },
                    {
                      "Node Type": "Hash",
                      "Parent Relationship": "Inner",
                      "Parallel Aware": true,
                      "Startup Cost": 95175.67,
                      "Total Cost": 95175.67,
                      "Plan Rows": 811745,
                      "Plan Width": 8,
                      "Actual Startup Time": 418.619,
                      "Actual Total Time": 418.81,
                      "Actual Rows": 164072,
                      "Actual Loops": 7,
                      "Hash Buckets": 4194304,
                      "Original Hash Buckets": 4194304,
                      "Hash Batches": 1,
                      "Original Hash Batches": 1,
                      "Peak Memory Usage": 77824,
                      "Plans": [
                        {
                          "Node Type": "Hash Join",
                          "Parent Relationship": "Outer",
                          "Parallel Aware": true,
                          "Join Type": "Inner",
                          "Startup Cost": 49443.78,
                          "Total Cost": 95175.67,
                          "Plan Rows": 811745,
                          "Plan Width": 8,
                          "Actual Startup Time": 202.458,
                          "Actual Total Time": 353.545,
                          "Actual Rows": 164072,
                          "Actual Loops": 7,
                          "Inner Unique": true,
                          "Hash Cond": "(mk.movie_id = t.id)",
                          "Plans": [
                            {
                              "Node Type": "Seq Scan",
                              "Parent Relationship": "Outer",
                              "Parallel Aware": true,
                              "Relation Name": "movie_keyword",
                              "Alias": "mk",
                              "Startup Cost": 0.0,
                              "Total Cost": 42695.65,
                              "Plan Rows": 1156662,
                              "Plan Width": 4,
                              "Actual Startup Time": 0.032,
                              "Actual Total Time": 76.784,
                              "Actual Rows": 511998,
                              "Actual Loops": 7,
                              "Filter": "(keyword_id < 20170)",
                              "Rows Removed by Filter": 134278
                            },
                            {
                              "Node Type": "Hash",
                              "Parent Relationship": "Inner",
                              "Parallel Aware": true,
                              "Startup Cost": 43898.92,
                              "Total Cost": 43898.92,
                              "Plan Rows": 443589,
                              "Plan Width": 4,
                              "Actual Startup Time": 200.456,
                              "Actual Total Time": 200.457,
                              "Actual Rows": 253519,
                              "Actual Loops": 7,
                              "Hash Buckets": 2097152,
                              "Original Hash Buckets": 2097152,
                              "Hash Batches": 1,
                              "Original Hash Batches": 1,
                              "Peak Memory Usage": 85920,
                              "Plans": [
                                {
                                  "Node Type": "Seq Scan",
                                  "Parent Relationship": "Outer",
                                  "Parallel Aware": true,
                                  "Relation Name": "title",
                                  "Alias": "t",
                                  "Startup Cost": 0.0,
                                  "Total Cost": 43898.92,
                                  "Plan Rows": 443589,
                                  "Plan Width": 4,
                                  "Actual Startup Time": 0.04,
                                  "Actual Total Time": 81.118,
                                  "Actual Rows": 253519,
                                  "Actual Loops": 7,
                                  "Filter": "(kind_id > 2)",
                                  "Rows Removed by Filter": 107668
                                }
                              ]
                            }
                          ]
                        }
                      ]
                    }
                  ]
                }
              ]
            }
          ]
        }
      ]
    },
    "Planning Time": 1.28,
    "Triggers": [],
    "Execution Time": 2772.238
  }
]