[
  {
    "Plan": {
      "Node Type": "Aggregate",
      "Strategy": "Plain",
      "Partial Mode": "Finalize",
      "Parallel Aware": false,
      "Startup Cost": 82317.44,
      "Total Cost": 82317.45,
      "Plan Rows": 1,
      "Plan Width": 8,
      "Actual Startup Time": 135.849,
      "Actual Total Time": 144.704,
      "Actual Rows": 1,
      "Actual Loops": 1,
      "Plans": [
        {
          "Node Type": "Gather",
          "Parent Relationship": "Outer",
          "Parallel Aware": false,
          "Startup Cost": 82317.02,
          "Total Cost": 82317.43,
          "Plan Rows": 4,
          "Plan Width": 8,
          "Actual Startup Time": 134.144,
          "Actual Total Time": 144.698,
          "Actual Rows": 5,
          "Actual Loops": 1,
          "Workers Planned": 4,
          "Workers Launched": 4,
          "Single Copy": false,
          "Plans": [
            {
              "Node Type": "Aggregate",
              "Strategy": "Plain",
              "Partial Mode": "Partial",
              "Parent Relationship": "Outer",
              "Parallel Aware": false,
              "Startup Cost": 81317.02,
              "Total Cost": 81317.03,
              "Plan Rows": 1,
              "Plan Width": 8,
              "Actual Startup Time": 128.328,
              "Actual Total Time": 128.331,
              "Actual Rows": 1,
              "Actual Loops": 5,
              "Plans": [
                {
                  "Node Type": "Nested Loop",
                  "Parent Relationship": "Outer",
                  "Parallel Aware": false,
                  "Join Type": "Inner",
                  "Startup Cost": 22652.76,
                  "Total Cost": 81290.11,
                  "Plan Rows": 10761,
                  "Plan Width": 0,
                  "Actual Startup Time": 39.896,
                  "Actual Total Time": 127.943,
                  "Actual Rows": 8325,
                  "Actual Loops": 5,
                  "Inner Unique": false,
                  "Plans": [
                    {
                      "Node Type": "Hash Join",
                      "Parent Relationship": "Outer",
                      "Parallel Aware": true,
                      "Join Type": "Inner",
                      "Startup Cost": 22652.33,
                      "Total Cost": 68736.34,
                      "Plan Rows": 6014,
                      "Plan Width": 8,
                      "Actual Startup Time": 39.834,
                      "Actual Total Time": 117.235,
                      "Actual Rows": 1044,
                      "Actual Loops": 5,
                      "Inner Unique": false,
                      "Hash Cond": "(t.id = mc.movie_id)",
                      "Plans": [
                        {
                          "Node Type": "Seq Scan",
                          "Parent Relationship": "Outer",
                          "Parallel Aware": true,
                          "Relation Name": "title",
                          "Alias": "t",
                          "Startup Cost": 0.0,
                          "Total Cost": 45479.21,
                          "Plan Rows": 117082,
                          "Plan Width": 4,
                          "Actual Startup Time": 0.013,
                          "Actual Total Time": 63.111,
                          "Actual Rows": 79272,
                          "Actual Loops": 5,
                          "Filter": "((kind_id < 7) AND (production_year > 2003))",
                          "Rows Removed by Filter": 426391
                        },
                        {
                          "Node Type": "Hash",
                          "Parent Relationship": "Inner",
                          "Parallel Aware": true,
                          "Startup Cost": 22128.64,
                          "Total Cost": 22128.64,
                          "Plan Rows": 41895,
                          "Plan Width": 4,
                          "Actual Startup Time": 39.153,
                          "Actual Total Time": 39.154,
                          "Actual Rows": 26961,
                          "Actual Loops": 5,
                          "Hash Buckets": 262144,
                          "Original Hash Buckets": 131072,
                          "Hash Batches": 1,
                          "Original Hash Batches": 1,
                          "Peak Memory Usage": 8448,
                          "Plans": [
                            {
                              "Node Type": "Bitmap Heap Scan",
                              "Parent Relationship": "Outer",
                              "Parallel Aware": true,
                              "Relation Name": "movie_companies",
                              "Alias": "mc",
                              "Startup Cost": 2814.95,
                              "Total Cost": 22128.64,
                              "Plan Rows": 41895,
                              "Plan Width": 4,
                              "Actual Startup Time": 6.056,
                              "Actual Total Time": 25.864,
                              "Actual Rows": 26961,
                              "Actual Loops": 5,
                              "Recheck Cond": "(company_id < 27)",
                              "Rows Removed by Index Recheck": 0,
                              "Exact Heap Blocks": 4141,
                              "Lossy Heap Blocks": 0,
                              "Plans": [
                                {
                                  "Node Type": "Bitmap Index Scan",
                                  "Parent Relationship": "Outer",
                                  "Parallel Aware": false,
                                  "Index Name": "company_id_movie_companies",
                                  "Startup Cost": 0.0,
                                  "Total Cost": 2782.48,
                                  "Plan Rows": 129874,
                                  "Plan Width": 0,
                                  "Actual Startup Time": 8.389,
                                  "Actual Total Time": 8.389,
                                  "Actual Rows": 134807,
                                  "Actual Loops": 1,
                                  "Index Cond": "(company_id < 27)"
                                }
                              ]
                            }
                          ]
                        }
                      ]
                    },
                    {
                      "Node Type": "Index Only Scan",
                      "Parent Relationship": "Inner",
                      "Parallel Aware": false,
                      "Scan Direction": "Forward",
                      "Index Name": "movie_id_movie_keyword",
                      "Relation Name": "movie_keyword",
                      "Alias": "mk",
                      "Startup Cost": 0.43,
                      "Total Cost": 1.63,
                      "Plan Rows": 46,
                      "Plan Width": 4,
                      "Actual Startup Time": 0.008,
                      "Actual Total Time": 0.009,
                      "Actual Rows": 8,
                      "Actual Loops": 5222,
                      "Index Cond": "(movie_id = t.id)",
                      "Rows Removed by Index Recheck": 0,
                      "Heap Fetches": 41623
                    }
                  ]
                }
              ]
            }
          ]
        }
      ]
    },
    "Planning Time": 0.508,
    "Triggers": [],
    "Execution Time": 144.748
  }
]