[
  {
    "Plan": {
      "Node Type": "Aggregate",
      "Strategy": "Plain",
      "Partial Mode": "Finalize",
      "Parallel Aware": false,
      "Startup Cost": 100105.09,
      "Total Cost": 100105.1,
      "Plan Rows": 1,
      "Plan Width": 8,
      "Actual Startup Time": 688.871,
      "Actual Total Time": 703.802,
      "Actual Rows": 1,
      "Actual Loops": 1,
      "Plans": [
        {
          "Node Type": "Gather",
          "Parent Relationship": "Outer",
          "Parallel Aware": false,
          "Startup Cost": 100104.88,
          "Total Cost": 100105.09,
          "Plan Rows": 2,
          "Plan Width": 8,
          "Actual Startup Time": 684.423,
          "Actual Total Time": 703.794,
          "Actual Rows": 3,
          "Actual Loops": 1,
          "Workers Planned": 2,
          "Workers Launched": 2,
          "Single Copy": false,
          "Plans": [
            {
              "Node Type": "Aggregate",
              "Strategy": "Plain",
              "Partial Mode": "Partial",
              "Parent Relationship": "Outer",
              "Parallel Aware": false,
              "Startup Cost": 99104.88,
              "Total Cost": 99104.89,
              "Plan Rows": 1,
              "Plan Width": 8,
              "Actual Startup Time": 676.775,
              "Actual Total Time": 676.781,
              "Actual Rows": 1,
              "Actual Loops": 3,
              "Plans": [
                {
                  "Node Type": "Hash Join",
                  "Parent Relationship": "Outer",
                  "Parallel Aware": true,
                  "Join Type": "Inner",
                  "Startup Cost": 82467.55,
                  "Total Cost": 98706.94,
                  "Plan Rows": 159175,
                  "Plan Width": 0,
                  "Actual Startup Time": 536.222,
                  "Actual Total Time": 666.146,
                  "Actual Rows": 187642,
                  "Actual Loops": 3,
                  "Inner Unique": false,
                  "Hash Cond": "(mi_idx.movie_id = t.id)",
                  "Plans": [
                    {
                      "Node Type": "Seq Scan",
                      "Parent Relationship": "Outer",
                      "Parallel Aware": true,
                      "Relation Name": "movie_info_idx",
                      "Alias": "mi_idx",
                      "Startup Cost": 0.0,
                      "Total Cost": 13685.15,
                      "Plan Rows": 575015,
                      "Plan Width": 4,
                      "Actual Startup Time": 0.031,
                      "Actual Total Time": 44.213,
                      "Actual Rows": 460012,
                      "Actual Loops": 3
                    },
                    {
                      "Node Type": "Hash",
                      "Parent Relationship": "Inner",
                      "Parallel Aware": true,
                      "Startup Cost": 80280.42,
                      "Total Cost": 80280.42,
                      "Plan Rows": 174970,
                      "Plan Width": 8,
                      "Actual Startup Time": 529.706,
                      "Actual Total Time": 529.71,
                      "Actual Rows": 148364,
                      "Actual Loops": 3,
                      "Hash Buckets": 1048576,
                      "Original Hash Buckets": 1048576,
                      "Hash Batches": 1,
                      "Original Hash Batches": 1,
                      "Peak Memory Usage": 25664,
                      "Plans": [
                        {
                          "Node Type": "Hash Join",
                          "Parent Relationship": "Outer",
                          "Parallel Aware": true,
                          "Join Type": "Inner",
                          "Startup Cost": 34236.91,
                          "Total Cost": 80280.42,
                          "Plan Rows": 174970,
                          "Plan Width": 8,
                          "Actual Startup Time": 165.622,
                          "Actual Total Time": 472.836,
                          "Actual Rows": 148364,
                          "Actual Loops": 3,
                          "Inner Unique": false,
                          "Hash Cond": "(t.id = mc.movie_id)",
                          "Plans": [
                            {
                              "Node Type": "Seq Scan",
                              "Parent Relationship": "Outer",
                              "Parallel Aware": true,
                              "Relation Name": "title",
                              "Alias": "t",
                              "Startup Cost": 0.0,
                              "Total Cost": 42318.73,
                              "Plan Rows": 632073,
                              "Plan Width": 4,
                              "Actual Startup Time": 0.011,
                              "Actual Total Time": 105.14,
                              "Actual Rows": 842771,
                              "Actual Loops": 3
                            },
                            {
                              "Node Type": "Hash",
                              "Parent Relationship": "Inner",
                              "Parallel Aware": true,
                              "Startup Cost": 31414.82,
                              "Total Cost": 31414.82,
                              "Plan Rows": 225767,
                              "Plan Width": 4,
                              "Actual Startup Time": 161.941,
                              "Actual Total Time": 161.942,
                              "Actual Rows": 148364,
                              "Actual Loops": 3,
                              "Hash Buckets": 1048576,
                              "Original Hash Buckets": 1048576,
                              "Hash Batches": 1,
                              "Original Hash Batches": 1,
                              "Peak Memory Usage": 25632,
                              "Plans": [
                                {
                                  "Node Type": "Seq Scan",
                                  "Parent Relationship": "Outer",
                                  "Parallel Aware": true,
                                  "Relation Name": "movie_companies",
                                  "Alias": "mc",
                                  "Startup Cost": 0.0,
                                  "Total Cost": 31414.82,
                                  "Plan Rows": 225767,
                                  "Plan Width": 4,
                                  "Actual Startup Time": 61.354,
                                  "Actual Total Time": 113.175,
                                  "Actual Rows": 148364,
                                  "Actual Loops": 3,
                                  "Filter": "((company_id < 11867) AND (company_type_id = 2))",
                                  "Rows Removed by Filter": 721346
                                }
                              ]
                            }
                          ]
                        }
                      ]
                    }
                  ]
                }
              ]
            }
          ]
        }
      ]
    },
    "Planning Time": 1.382,
    "Triggers": [],
    "Execution Time": 703.893
  }
]