[
  {
    "Plan": {
      "Node Type": "Aggregate",
      "Strategy": "Plain",
      "Partial Mode": "Finalize",
      "Parallel Aware": false,
      "Startup Cost": 82344.8,
      "Total Cost": 82344.81,
      "Plan Rows": 1,
      "Plan Width": 8,
      "Actual Startup Time": 364.564,
      "Actual Total Time": 380.029,
      "Actual Rows": 1,
      "Actual Loops": 1,
      "Plans": [
        {
          "Node Type": "Gather",
          "Parent Relationship": "Outer",
          "Parallel Aware": false,
          "Startup Cost": 82344.48,
          "Total Cost": 82344.79,
          "Plan Rows": 3,
          "Plan Width": 8,
          "Actual Startup Time": 360.479,
          "Actual Total Time": 380.02,
          "Actual Rows": 4,
          "Actual Loops": 1,
          "Workers Planned": 3,
          "Workers Launched": 3,
          "Single Copy": false,
          "Plans": [
            {
              "Node Type": "Aggregate",
              "Strategy": "Plain",
              "Partial Mode": "Partial",
              "Parent Relationship": "Outer",
              "Parallel Aware": false,
              "Startup Cost": 81344.48,
              "Total Cost": 81344.49,
              "Plan Rows": 1,
              "Plan Width": 8,
              "Actual Startup Time": 348.655,
              "Actual Total Time": 348.658,
              "Actual Rows": 1,
              "Actual Loops": 4,
              "Plans": [
                {
                  "Node Type": "Hash Join",
                  "Parent Relationship": "Outer",
                  "Parallel Aware": true,
                  "Join Type": "Inner",
                  "Startup Cost": 49048.47,
                  "Total Cost": 81079.4,
                  "Plan Rows": 106034,
                  "Plan Width": 0,
                  "Actual Startup Time": 272.431,
                  "Actual Total Time": 347.162,
                  "Actual Rows": 32394,
                  "Actual Loops": 4,
                  "Inner Unique": true,
                  "Hash Cond": "(mc.movie_id = t.id)",
                  "Plans": [
                    {
                      "Node Type": "Seq Scan",
                      "Parent Relationship": "Outer",
                      "Parallel Aware": true,
                      "Relation Name": "movie_companies",
                      "Alias": "mc",
                      "Startup Cost": 0.0,
                      "Total Cost": 31414.82,
                      "Plan Rows": 234708,
                      "Plan Width": 4,
                      "Actual Startup Time": 32.311,
                      "Actual Total Time": 65.855,
                      "Actual Rows": 114316,
                      "Actual Loops": 4,
                      "Filter": "((company_id < 12673) AND (company_type_id > 1))",
                      "Rows Removed by Filter": 537966
                    },
                    {
                      "Node Type": "Hash",
                      "Parent Relationship": "Inner",
                      "Parallel Aware": true,
                      "Startup Cost": 45479.1,
                      "Total Cost": 45479.1,
                      "Plan Rows": 285550,
                      "Plan Width": 4,
                      "Actual Startup Time": 232.213,
                      "Actual Total Time": 232.214,
                      "Actual Rows": 308822,
                      "Actual Loops": 4,
                      "Hash Buckets": 2097152,
                      "Original Hash Buckets": 2097152,
                      "Hash Batches": 1,
                      "Original Hash Batches": 1,
                      "Peak Memory Usage": 64768,
                      "Plans": [
                        {
                          "Node Type": "Seq Scan",
                          "Parent Relationship": "Outer",
                          "Parallel Aware": true,
                          "Relation Name": "title",
                          "Alias": "t",
                          "Startup Cost": 0.0,
                          "Total Cost": 45479.1,
                          "Plan Rows": 285550,
                          "Plan Width": 4,
                          "Actual Startup Time": 0.038,
                          "Actual Total Time": 111.872,
                          "Actual Rows": 308822,
                          "Actual Loops": 4,
                          "Filter": "((production_year > 1984) AND (kind_id = 7))",
                          "Rows Removed by Filter": 323256
                        }
                      ]
                    }
                  ]
                }
              ]
            }
          ]
        }
      ]
    },
    "Planning Time": 0.611,
    "Triggers": [],
    "Execution Time": 380.094
  }
]