{
  "Plan": {
    "Node Type": "Aggregate",
    "Strategy": "Plain",
    "Partial Mode": "Finalize",
    "Parallel Aware": false,
    "Startup Cost": 85953.36,
    "Total Cost": 85953.37,
    "Plan Rows": 1,
    "Plan Width": 8,
    "Actual Startup Time": 313.256,
    "Actual Total Time": 327.213,
    "Actual Rows": 1,
    "Actual Loops": 1,
    "Plans": [
      {
        "Node Type": "Gather",
        "Parent Relationship": "Outer",
        "Parallel Aware": false,
        "Startup Cost": 85953.24,
        "Total Cost": 85953.35,
        "Plan Rows": 1,
        "Plan Width": 8,
        "Actual Startup Time": 312.864,
        "Actual Total Time": 327.204,
        "Actual Rows": 2,
        "Actual Loops": 1,
        "Workers Planned": 1,
        "Workers Launched": 1,
        "Single Copy": false,
        "Plans": [
          {
            "Node Type": "Aggregate",
            "Strategy": "Plain",
            "Partial Mode": "Partial",
            "Parent Relationship": "Outer",
            "Parallel Aware": false,
            "Startup Cost": 84953.24,
            "Total Cost": 84953.25,
            "Plan Rows": 1,
            "Plan Width": 8,
            "Actual Startup Time": 306.704,
            "Actual Total Time": 306.708,
            "Actual Rows": 1,
            "Actual Loops": 2,
            "Plans": [
              {
                "Node Type": "Hash Join",
                "Parent Relationship": "Outer",
                "Parallel Aware": true,
                "Join Type": "Inner",
                "Startup Cost": 24377.54,
                "Total Cost": 84830.9,
                "Plan Rows": 48936,
                "Plan Width": 0,
                "Actual Startup Time": 61.559,
                "Actual Total Time": 305.57,
                "Actual Rows": 19078,
                "Actual Loops": 2,
                "Inner Unique": false,
                "Hash Cond": "(t.id = mc.movie_id)",
                "Plans": [
                  {
                    "Node Type": "Seq Scan",
                    "Parent Relationship": "Outer",
                    "Parallel Aware": true,
                    "Relation Name": "title",
                    "Alias": "t",
                    "Startup Cost": 0.0,
                    "Total Cost": 50870.31,
                    "Plan Rows": 1487231,
                    "Plan Width": 4,
                    "Actual Startup Time": 0.011,
                    "Actual Total Time": 120.134,
                    "Actual Rows": 1264156,
                    "Actual Loops": 2
                  },
                  {
                    "Node Type": "Hash",
                    "Parent Relationship": "Inner",
                    "Parallel Aware": true,
                    "Startup Cost": 23765.84,
                    "Total Cost": 23765.84,
                    "Plan Rows": 48936,
                    "Plan Width": 4,
                    "Actual Startup Time": 59.106,
                    "Actual Total Time": 59.107,
                    "Actual Rows": 19078,
                    "Actual Loops": 2,
                    "Hash Buckets": 131072,
                    "Original Hash Buckets": 131072,
                    "Hash Batches": 1,
                    "Original Hash Batches": 1,
                    "Peak Memory Usage": 2560,
                    "Plans": [
                      {
                        "Node Type": "Bitmap Heap Scan",
                        "Parent Relationship": "Outer",
                        "Parallel Aware": true,
                        "Relation Name": "movie_companies",
                        "Alias": "mc",
                        "Startup Cost": 3530.1,
                        "Total Cost": 23765.84,
                        "Plan Rows": 48936,
                        "Plan Width": 4,
                        "Actual Startup Time": 44.483,
                        "Actual Total Time": 54.398,
                        "Actual Rows": 19078,
                        "Actual Loops": 2,
                        "Recheck Cond": "(company_id < 34)",
                        "Rows Removed by Index Recheck": 0,
                        "Filter": "(company_type_id = 2)",
                        "Rows Removed by Filter": 64776,
                        "Exact Heap Blocks": 11715,
                        "Lossy Heap Blocks": 0,
                        "Plans": [
                          {
                            "Node Type": "Bitmap Index Scan",
                            "Parent Relationship": "Outer",
                            "Parallel Aware": false,
                            "Index Name": "company_id_movie_companies",
                            "Startup Cost": 0.0,
                            "Total Cost": 3509.3,
                            "Plan Rows": 163850,
                            "Plan Width": 0,
                            "Actual Startup Time": 18.579,
                            "Actual Total Time": 18.579,
                            "Actual Rows": 167708,
                            "Actual Loops": 1,
                            "Index Cond": "(company_id < 34)"
                          }
                        ]
                      }
                    ]
                  }
                ]
              }
            ]
          }
        ]
      }
    ]
  },
  "Planning Time": 0.734,
  "Triggers": [],
  "Execution Time": 327.301
}