[
  {
    "Plan": {
      "Node Type": "Aggregate",
      "Strategy": "Plain",
      "Partial Mode": "Finalize",
      "Parallel Aware": false,
      "Startup Cost": 112061.59,
      "Total Cost": 112061.6,
      "Plan Rows": 1,
      "Plan Width": 8,
      "Actual Startup Time": 627.208,
      "Actual Total Time": 646.126,
      "Actual Rows": 1,
      "Actual Loops": 1,
      "Plans": [
        {
          "Node Type": "Gather",
          "Parent Relationship": "Outer",
          "Parallel Aware": false,
          "Startup Cost": 112061.27,
          "Total Cost": 112061.58,
          "Plan Rows": 3,
          "Plan Width": 8,
          "Actual Startup Time": 622.15,
          "Actual Total Time": 646.117,
          "Actual Rows": 4,
          "Actual Loops": 1,
          "Workers Planned": 3,
          "Workers Launched": 3,
          "Single Copy": false,
          "Plans": [
            {
              "Node Type": "Aggregate",
              "Strategy": "Plain",
              "Partial Mode": "Partial",
              "Parent Relationship": "Outer",
              "Parallel Aware": false,
              "Startup Cost": 111061.27,
              "Total Cost": 111061.28,
              "Plan Rows": 1,
              "Plan Width": 8,
              "Actual Startup Time": 612.321,
              "Actual Total Time": 612.326,
              "Actual Rows": 1,
              "Actual Loops": 4,
              "Plans": [
                {
                  "Node Type": "Hash Join",
                  "Parent Relationship": "Outer",
                  "Parallel Aware": true,
                  "Join Type": "Inner",
                  "Startup Cost": 65167.46,
                  "Total Cost": 110724.38,
                  "Plan Rows": 134755,
                  "Plan Width": 0,
                  "Actual Startup Time": 377.039,
                  "Actual Total Time": 585.177,
                  "Actual Rows": 624944,
                  "Actual Loops": 4,
                  "Inner Unique": false,
                  "Hash Cond": "(mk.movie_id = t.id)",
                  "Plans": [
                    {
                      "Node Type": "Seq Scan",
                      "Parent Relationship": "Outer",
                      "Parallel Aware": true,
                      "Relation Name": "movie_keyword",
                      "Alias": "mk",
                      "Startup Cost": 0.0,
                      "Total Cost": 42695.65,
                      "Plan Rows": 613276,
                      "Plan Width": 4,
                      "Actual Startup Time": 0.47,
                      "Actual Total Time": 107.538,
                      "Actual Rows": 476334,
                      "Actual Loops": 4,
                      "Filter": "(keyword_id > 7088)",
                      "Rows Removed by Filter": 654649
                    },
                    {
                      "Node Type": "Hash",
                      "Parent Relationship": "Inner",
                      "Parallel Aware": true,
                      "Startup Cost": 62274.03,
                      "Total Cost": 62274.03,
                      "Plan Rows": 231475,
                      "Plan Width": 8,
                      "Actual Startup Time": 371.352,
                      "Actual Total Time": 371.357,
                      "Actual Rows": 170323,
                      "Actual Loops": 4,
                      "Hash Buckets": 1048576,
                      "Original Hash Buckets": 1048576,
                      "Hash Batches": 1,
                      "Original Hash Batches": 1,
                      "Peak Memory Usage": 34880,
                      "Plans": [
                        {
                          "Node Type": "Hash Join",
                          "Parent Relationship": "Outer",
                          "Parallel Aware": true,
                          "Join Type": "Inner",
                          "Startup Cost": 47079.47,
                          "Total Cost": 62274.03,
                          "Plan Rows": 231475,
                          "Plan Width": 8,
                          "Actual Startup Time": 211.845,
                          "Actual Total Time": 321.461,
                          "Actual Rows": 170323,
                          "Actual Loops": 4,
                          "Inner Unique": true,
                          "Hash Cond": "(mi_idx.movie_id = t.id)",
                          "Plans": [
                            {
                              "Node Type": "Seq Scan",
                              "Parent Relationship": "Outer",
                              "Parallel Aware": true,
                              "Relation Name": "movie_info_idx",
                              "Alias": "mi_idx",
                              "Startup Cost": 0.0,
                              "Total Cost": 13685.15,
                              "Plan Rows": 575015,
                              "Plan Width": 4,
                              "Actual Startup Time": 0.028,
                              "Actual Total Time": 31.235,
                              "Actual Rows": 345009,
                              "Actual Loops": 4
                            },
                            {
                              "Node Type": "Hash",
                              "Parent Relationship": "Inner",
                              "Parallel Aware": true,
                              "Startup Cost": 43898.92,
                              "Total Cost": 43898.92,
                              "Plan Rows": 254444,
                              "Plan Width": 4,
                              "Actual Startup Time": 209.095,
                              "Actual Total Time": 209.097,
                              "Actual Rows": 255438,
                              "Actual Loops": 4,
                              "Hash Buckets": 1048576,
                              "Original Hash Buckets": 1048576,
                              "Hash Batches": 1,
                              "Original Hash Batches": 1,
                              "Peak Memory Usage": 48192,
                              "Plans": [
                                {
                                  "Node Type": "Seq Scan",
                                  "Parent Relationship": "Outer",
                                  "Parallel Aware": true,
                                  "Relation Name": "title",
                                  "Alias": "t",
                                  "Startup Cost": 0.0,
                                  "Total Cost": 43898.92,
                                  "Plan Rows": 254444,
                                  "Plan Width": 4,
                                  "Actual Startup Time": 0.043,
                                  "Actual Total Time": 112.162,
                                  "Actual Rows": 255438,
                                  "Actual Loops": 4,
                                  "Filter": "(production_year < 2000)",
                                  "Rows Removed by Filter": 376640
                                }
                              ]
                            }
                          ]
                        }
                      ]
                    }
                  ]
                }
              ]
            }
          ]
        }
      ]
    },
    "Planning Time": 1.3,
    "Triggers": [],
    "Execution Time": 646.274
  }
]