[
  {
    "Plan": {
      "Node Type": "Aggregate",
      "Strategy": "Plain",
      "Partial Mode": "Finalize",
      "Parallel Aware": false,
      "Startup Cost": 382901.29,
      "Total Cost": 382901.3,
      "Plan Rows": 1,
      "Plan Width": 8,
      "Actual Startup Time": 1040.723,
      "Actual Total Time": 1115.304,
      "Actual Rows": 1,
      "Actual Loops": 1,
      "Plans": [
        {
          "Node Type": "Gather",
          "Parent Relationship": "Outer",
          "Parallel Aware": false,
          "Startup Cost": 382900.66,
          "Total Cost": 382901.27,
          "Plan Rows": 6,
          "Plan Width": 8,
          "Actual Startup Time": 1040.113,
          "Actual Total Time": 1115.291,
          "Actual Rows": 7,
          "Actual Loops": 1,
          "Workers Planned": 6,
          "Workers Launched": 6,
          "Single Copy": false,
          "Plans": [
            {
              "Node Type": "Aggregate",
              "Strategy": "Plain",
              "Partial Mode": "Partial",
              "Parent Relationship": "Outer",
              "Parallel Aware": false,
              "Startup Cost": 381900.66,
              "Total Cost": 381900.67,
              "Plan Rows": 1,
              "Plan Width": 8,
              "Actual Startup Time": 1029.757,
              "Actual Total Time": 1029.759,
              "Actual Rows": 1,
              "Actual Loops": 7,
              "Plans": [
                {
                  "Node Type": "Hash Join",
                  "Parent Relationship": "Outer",
                  "Parallel Aware": true,
                  "Join Type": "Inner",
                  "Startup Cost": 44248.4,
                  "Total Cost": 381517.03,
                  "Plan Rows": 153454,
                  "Plan Width": 0,
                  "Actual Startup Time": 78.964,
                  "Actual Total Time": 1023.335,
                  "Actual Rows": 129105,
                  "Actual Loops": 7,
                  "Inner Unique": true,
                  "Hash Cond": "(ci.movie_id = t.id)",
                  "Plans": [
                    {
                      "Node Type": "Seq Scan",
                      "Parent Relationship": "Outer",
                      "Parallel Aware": true,
                      "Relation Name": "cast_info",
                      "Alias": "ci",
                      "Startup Cost": 0.0,
                      "Total Cost": 328162.03,
                      "Plan Rows": 3469177,
                      "Plan Width": 4,
                      "Actual Startup Time": 0.019,
                      "Actual Total Time": 551.534,
                      "Actual Rows": 2980081,
                      "Actual Loops": 7,
                      "Filter": "(person_id < 2102429)",
                      "Rows Removed by Filter": 2197683
                    },
                    {
                      "Node Type": "Hash",
                      "Parent Relationship": "Inner",
                      "Parallel Aware": true,
                      "Startup Cost": 43898.92,
                      "Total Cost": 43898.92,
                      "Plan Rows": 27959,
                      "Plan Width": 4,
                      "Actual Startup Time": 77.381,
                      "Actual Total Time": 77.382,
                      "Actual Rows": 15490,
                      "Actual Loops": 7,
                      "Hash Buckets": 131072,
                      "Original Hash Buckets": 131072,
                      "Hash Batches": 1,
                      "Original Hash Batches": 1,
                      "Peak Memory Usage": 5376,
                      "Plans": [
                        {
                          "Node Type": "Seq Scan",
                          "Parent Relationship": "Outer",
                          "Parallel Aware": true,
                          "Relation Name": "title",
                          "Alias": "t",
                          "Startup Cost": 0.0,
                          "Total Cost": 43898.92,
                          "Plan Rows": 27959,
                          "Plan Width": 4,
                          "Actual Startup Time": 0.047,
                          "Actual Total Time": 69.532,
                          "Actual Rows": 15490,
                          "Actual Loops": 7,
                          "Filter": "(production_year = 2006)",
                          "Rows Removed by Filter": 345698
                        }
                      ]
                    }
                  ]
                }
              ]
            }
          ]
        }
      ]
    },
    "Planning Time": 0.615,
    "Triggers": [],
    "Execution Time": 1115.398
  }
]