[
  {
    "Plan": {
      "Node Type": "Aggregate",
      "Strategy": "Plain",
      "Partial Mode": "Finalize",
      "Parallel Aware": false,
      "Startup Cost": 76583.96,
      "Total Cost": 76583.97,
      "Plan Rows": 1,
      "Plan Width": 8,
      "Actual Startup Time": 148.521,
      "Actual Total Time": 161.289,
      "Actual Rows": 1,
      "Actual Loops": 1,
      "Plans": [
        {
          "Node Type": "Gather",
          "Parent Relationship": "Outer",
          "Parallel Aware": false,
          "Startup Cost": 76583.54,
          "Total Cost": 76583.95,
          "Plan Rows": 4,
          "Plan Width": 8,
          "Actual Startup Time": 147.287,
          "Actual Total Time": 161.281,
          "Actual Rows": 5,
          "Actual Loops": 1,
          "Workers Planned": 4,
          "Workers Launched": 4,
          "Single Copy": false,
          "Plans": [
            {
              "Node Type": "Aggregate",
              "Strategy": "Plain",
              "Partial Mode": "Partial",
              "Parent Relationship": "Outer",
              "Parallel Aware": false,
              "Startup Cost": 75583.54,
              "Total Cost": 75583.55,
              "Plan Rows": 1,
              "Plan Width": 8,
              "Actual Startup Time": 137.321,
              "Actual Total Time": 137.324,
              "Actual Rows": 1,
              "Actual Loops": 5,
              "Plans": [
                {
                  "Node Type": "Hash Join",
                  "Parent Relationship": "Outer",
                  "Parallel Aware": true,
                  "Join Type": "Inner",
                  "Startup Cost": 45851.31,
                  "Total Cost": 75576.44,
                  "Plan Rows": 2841,
                  "Plan Width": 0,
                  "Actual Startup Time": 97.915,
                  "Actual Total Time": 137.248,
                  "Actual Rows": 1221,
                  "Actual Loops": 5,
                  "Inner Unique": true,
                  "Hash Cond": "(ci.movie_id = t.id)",
                  "Plans": [
                    {
                      "Node Type": "Index Scan",
                      "Parent Relationship": "Outer",
                      "Parallel Aware": true,
                      "Scan Direction": "Forward",
                      "Index Name": "role_id_cast_info",
                      "Relation Name": "cast_info",
                      "Alias": "ci",
                      "Startup Cost": 0.56,
                      "Total Cost": 29567.14,
                      "Plan Rows": 60400,
                      "Plan Width": 4,
                      "Actual Startup Time": 0.135,
                      "Actual Total Time": 33.953,
                      "Actual Rows": 21531,
                      "Actual Loops": 5,
                      "Index Cond": "(role_id = 9)",
                      "Rows Removed by Index Recheck": 0,
                      "Filter": "(person_id < 824667)",
                      "Rows Removed by Filter": 197181
                    },
                    {
                      "Node Type": "Hash",
                      "Parent Relationship": "Inner",
                      "Parallel Aware": true,
                      "Startup Cost": 45479.1,
                      "Total Cost": 45479.1,
                      "Plan Rows": 29732,
                      "Plan Width": 4,
                      "Actual Startup Time": 96.036,
                      "Actual Total Time": 96.037,
                      "Actual Rows": 24521,
                      "Actual Loops": 5,
                      "Hash Buckets": 131072,
                      "Original Hash Buckets": 131072,
                      "Hash Batches": 1,
                      "Original Hash Batches": 1,
                      "Peak Memory Usage": 5856,
                      "Plans": [
                        {
                          "Node Type": "Seq Scan",
                          "Parent Relationship": "Outer",
                          "Parallel Aware": true,
                          "Relation Name": "title",
                          "Alias": "t",
                          "Startup Cost": 0.0,
                          "Total Cost": 45479.1,
                          "Plan Rows": 29732,
                          "Plan Width": 4,
                          "Actual Startup Time": 0.045,
                          "Actual Total Time": 85.861,
                          "Actual Rows": 24521,
                          "Actual Loops": 5,
                          "Filter": "((kind_id > 1) AND (production_year = 2011))",
                          "Rows Removed by Filter": 481141
                        }
                      ]
                    }
                  ]
                }
              ]
            }
          ]
        }
      ]
    },
    "Planning Time": 0.607,
    "Triggers": [],
    "Execution Time": 161.36
  }
]