[
  {
    "Plan": {
      "Node Type": "Aggregate",
      "Strategy": "Plain",
      "Partial Mode": "Finalize",
      "Parallel Aware": false,
      "Startup Cost": 321143.0,
      "Total Cost": 321143.01,
      "Plan Rows": 1,
      "Plan Width": 8,
      "Actual Startup Time": 248.171,
      "Actual Total Time": 291.844,
      "Actual Rows": 1,
      "Actual Loops": 1,
      "Plans": [
        {
          "Node Type": "Gather",
          "Parent Relationship": "Outer",
          "Parallel Aware": false,
          "Startup Cost": 321142.58,
          "Total Cost": 321142.99,
          "Plan Rows": 4,
          "Plan Width": 8,
          "Actual Startup Time": 248.055,
          "Actual Total Time": 291.836,
          "Actual Rows": 5,
          "Actual Loops": 1,
          "Workers Planned": 4,
          "Workers Launched": 4,
          "Single Copy": false,
          "Plans": [
            {
              "Node Type": "Aggregate",
              "Strategy": "Plain",
              "Partial Mode": "Partial",
              "Parent Relationship": "Outer",
              "Parallel Aware": false,
              "Startup Cost": 320142.58,
              "Total Cost": 320142.59,
              "Plan Rows": 1,
              "Plan Width": 8,
              "Actual Startup Time": 237.793,
              "Actual Total Time": 237.794,
              "Actual Rows": 1,
              "Actual Loops": 5,
              "Plans": [
                {
                  "Node Type": "Nested Loop",
                  "Parent Relationship": "Outer",
                  "Parallel Aware": false,
                  "Join Type": "Inner",
                  "Startup Cost": 0.56,
                  "Total Cost": 320109.76,
                  "Plan Rows": 13125,
                  "Plan Width": 0,
                  "Actual Startup Time": 0.439,
                  "Actual Total Time": 236.065,
                  "Actual Rows": 19411,
                  "Actual Loops": 5,
                  "Inner Unique": false,
                  "Plans": [
                    {
                      "Node Type": "Seq Scan",
                      "Parent Relationship": "Outer",
                      "Parallel Aware": true,
                      "Relation Name": "title",
                      "Alias": "t",
                      "Startup Cost": 0.0,
                      "Total Cost": 45479.1,
                      "Plan Rows": 4196,
                      "Plan Width": 4,
                      "Actual Startup Time": 0.126,
                      "Actual Total Time": 62.249,
                      "Actual Rows": 3516,
                      "Actual Loops": 5,
                      "Filter": "((kind_id > 1) AND (production_year = 1990))",
                      "Rows Removed by Filter": 502147
                    },
                    {
                      "Node Type": "Index Scan",
                      "Parent Relationship": "Inner",
                      "Parallel Aware": false,
                      "Scan Direction": "Forward",
                      "Index Name": "movie_id_cast_info",
                      "Relation Name": "cast_info",
                      "Alias": "ci",
                      "Startup Cost": 0.56,
                      "Total Cost": 65.37,
                      "Plan Rows": 8,
                      "Plan Width": 4,
                      "Actual Startup Time": 0.012,
                      "Actual Total Time": 0.048,
                      "Actual Rows": 6,
                      "Actual Loops": 17579,
                      "Index Cond": "(movie_id = t.id)",
                      "Rows Removed by Index Recheck": 0,
                      "Filter": "((person_id < 2351293) AND (role_id = 1))",
                      "Rows Removed by Filter": 9
                    }
                  ]
                }
              ]
            }
          ]
        }
      ]
    },
    "Planning Time": 0.684,
    "Triggers": [],
    "Execution Time": 291.934
  }
]