[
  {
    "Plan": {
      "Node Type": "Aggregate",
      "Strategy": "Plain",
      "Partial Mode": "Finalize",
      "Parallel Aware": false,
      "Startup Cost": 31045.58,
      "Total Cost": 31045.59,
      "Plan Rows": 1,
      "Plan Width": 8,
      "Actual Startup Time": 36.991,
      "Actual Total Time": 43.032,
      "Actual Rows": 1,
      "Actual Loops": 1,
      "Plans": [
        {
          "Node Type": "Gather",
          "Parent Relationship": "Outer",
          "Parallel Aware": false,
          "Startup Cost": 31045.37,
          "Total Cost": 31045.58,
          "Plan Rows": 2,
          "Plan Width": 8,
          "Actual Startup Time": 36.653,
          "Actual Total Time": 43.023,
          "Actual Rows": 3,
          "Actual Loops": 1,
          "Workers Planned": 2,
          "Workers Launched": 2,
          "Single Copy": false,
          "Plans": [
            {
              "Node Type": "Aggregate",
              "Strategy": "Plain",
              "Partial Mode": "Partial",
              "Parent Relationship": "Outer",
              "Parallel Aware": false,
              "Startup Cost": 30045.37,
              "Total Cost": 30045.38,
              "Plan Rows": 1,
              "Plan Width": 8,
              "Actual Startup Time": 29.871,
              "Actual Total Time": 29.873,
              "Actual Rows": 1,
              "Actual Loops": 3,
              "Plans": [
                {
                  "Node Type": "Nested Loop",
                  "Parent Relationship": "Outer",
                  "Parallel Aware": false,
                  "Join Type": "Inner",
                  "Startup Cost": 114.19,
                  "Total Cost": 30042.37,
                  "Plan Rows": 1200,
                  "Plan Width": 0,
                  "Actual Startup Time": 2.08,
                  "Actual Total Time": 29.668,
                  "Actual Rows": 1189,
                  "Actual Loops": 3,
                  "Inner Unique": false,
                  "Plans": [
                    {
                      "Node Type": "Nested Loop",
                      "Parent Relationship": "Outer",
                      "Parallel Aware": false,
                      "Join Type": "Inner",
                      "Startup Cost": 113.77,
                      "Total Cost": 28871.56,
                      "Plan Rows": 2199,
                      "Plan Width": 8,
                      "Actual Startup Time": 1.579,
                      "Actual Total Time": 20.117,
                      "Actual Rows": 1462,
                      "Actual Loops": 3,
                      "Inner Unique": true,
                      "Plans": [
                        {
                          "Node Type": "Bitmap Heap Scan",
                          "Parent Relationship": "Outer",
                          "Parallel Aware": true,
                          "Relation Name": "movie_keyword",
                          "Alias": "mk",
                          "Startup Cost": 113.34,
                          "Total Cost": 12888.65,
                          "Plan Rows": 2199,
                          "Plan Width": 4,
                          "Actual Startup Time": 1.378,
                          "Actual Total Time": 5.657,
                          "Actual Rows": 1462,
                          "Actual Loops": 3,
                          "Recheck Cond": "(keyword_id = 20321)",
                          "Rows Removed by Index Recheck": 0,
                          "Exact Heap Blocks": 1256,
                          "Lossy Heap Blocks": 0,
                          "Plans": [
                            {
                              "Node Type": "Bitmap Index Scan",
                              "Parent Relationship": "Outer",
                              "Parallel Aware": false,
                              "Index Name": "keyword_id_movie_keyword",
                              "Startup Cost": 0.0,
                              "Total Cost": 112.02,
                              "Plan Rows": 5278,
                              "Plan Width": 0,
                              "Actual Startup Time": 2.92,
                              "Actual Total Time": 2.921,
                              "Actual Rows": 4387,
                              "Actual Loops": 1,
                              "Index Cond": "(keyword_id = 20321)"
                            }
                          ]
                        },
                        {
                          "Node Type": "Index Only Scan",
                          "Parent Relationship": "Inner",
                          "Parallel Aware": false,
                          "Scan Direction": "Forward",
                          "Index Name": "title_pkey",
                          "Relation Name": "title",
                          "Alias": "t",
                          "Startup Cost": 0.43,
                          "Total Cost": 7.27,
                          "Plan Rows": 1,
                          "Plan Width": 4,
                          "Actual Startup Time": 0.009,
                          "Actual Total Time": 0.009,
                          "Actual Rows": 1,
                          "Actual Loops": 4387,
                          "Index Cond": "(id = mk.movie_id)",
                          "Rows Removed by Index Recheck": 0,
                          "Heap Fetches": 4387
                        }
                      ]
                    },
                    {
                      "Node Type": "Index Only Scan",
                      "Parent Relationship": "Inner",
                      "Parallel Aware": false,
                      "Scan Direction": "Forward",
                      "Index Name": "movie_id_movie_info_idx",
                      "Relation Name": "movie_info_idx",
                      "Alias": "mi_idx",
                      "Startup Cost": 0.43,
                      "Total Cost": 0.5,
                      "Plan Rows": 3,
                      "Plan Width": 4,
                      "Actual Startup Time": 0.006,
                      "Actual Total Time": 0.006,
                      "Actual Rows": 1,
                      "Actual Loops": 4387,
                      "Index Cond": "(movie_id = t.id)",
                      "Rows Removed by Index Recheck": 0,
                      "Heap Fetches": 3567
                    }
                  ]
                }
              ]
            }
          ]
        }
      ]
    },
    "Planning Time": 1.348,
    "Triggers": [],
    "Execution Time": 43.132
  }
]