[
    {
        "Bao": {
            "Bao prediction": "NaN",
            "Bao recommended hint": "(no hint)"
        }
    },
    {
        "Plan": {
            "Node Type": "Aggregate",
            "Strategy": "Plain",
            "Partial Mode": "Finalize",
            "Parallel Aware": false,
            "Startup Cost": 27378.91,
            "Total Cost": 27378.92,
            "Plan Rows": 1,
            "Plan Width": 8,
            "Actual Startup Time": 70.368,
            "Actual Total Time": 74.454,
            "Actual Rows": 1,
            "Actual Loops": 1,
            "Output": [
                "count(*)"
            ],
            "Plans": [
                {
                    "Node Type": "Gather",
                    "Parent Relationship": "Outer",
                    "Parallel Aware": false,
                    "Startup Cost": 27378.59,
                    "Total Cost": 27378.9,
                    "Plan Rows": 3,
                    "Plan Width": 8,
                    "Actual Startup Time": 70.05,
                    "Actual Total Time": 74.447,
                    "Actual Rows": 4,
                    "Actual Loops": 1,
                    "Output": [
                        "(PARTIAL count(*))"
                    ],
                    "Workers Planned": 3,
                    "Workers Launched": 3,
                    "Single Copy": false,
                    "Plans": [
                        {
                            "Node Type": "Aggregate",
                            "Strategy": "Plain",
                            "Partial Mode": "Partial",
                            "Parent Relationship": "Outer",
                            "Parallel Aware": false,
                            "Startup Cost": 26378.59,
                            "Total Cost": 26378.6,
                            "Plan Rows": 1,
                            "Plan Width": 8,
                            "Actual Startup Time": 61.138,
                            "Actual Total Time": 61.139,
                            "Actual Rows": 1,
                            "Actual Loops": 4,
                            "Output": [
                                "PARTIAL count(*)"
                            ],
                            "Workers": [
                                {
                                    "Worker Number": 0,
                                    "Actual Startup Time": 58.083,
                                    "Actual Total Time": 58.084,
                                    "Actual Rows": 1,
                                    "Actual Loops": 1
                                },
                                {
                                    "Worker Number": 1,
                                    "Actual Startup Time": 58.228,
                                    "Actual Total Time": 58.23,
                                    "Actual Rows": 1,
                                    "Actual Loops": 1
                                },
                                {
                                    "Worker Number": 2,
                                    "Actual Startup Time": 58.429,
                                    "Actual Total Time": 58.43,
                                    "Actual Rows": 1,
                                    "Actual Loops": 1
                                }
                            ],
                            "Plans": [
                                {
                                    "Node Type": "Bitmap Heap Scan",
                                    "Parent Relationship": "Outer",
                                    "Parallel Aware": true,
                                    "Relation Name": "movie_companies",
                                    "Schema": "public",
                                    "Alias": "mc",
                                    "Startup Cost": 6105.02,
                                    "Total Cost": 26266.55,
                                    "Plan Rows": 44818,
                                    "Plan Width": 0,
                                    "Actual Startup Time": 10.368,
                                    "Actual Total Time": 57.012,
                                    "Actual Rows": 53401,
                                    "Actual Loops": 4,
                                    "Recheck Cond": "(mc.company_id < 147)",
                                    "Rows Removed by Index Recheck": 0,
                                    "Filter": "(mc.company_type_id = 1)",
                                    "Rows Removed by Filter": 16020,
                                    "Exact Heap Blocks": 9193,
                                    "Lossy Heap Blocks": 0,
                                    "Workers": [
                                        {
                                            "Worker Number": 0,
                                            "Actual Startup Time": 7.544,
                                            "Actual Total Time": 54.447,
                                            "Actual Rows": 27259,
                                            "Actual Loops": 1
                                        },
                                        {
                                            "Worker Number": 1,
                                            "Actual Startup Time": 7.829,
                                            "Actual Total Time": 54.549,
                                            "Actual Rows": 27621,
                                            "Actual Loops": 1
                                        },
                                        {
                                            "Worker Number": 2,
                                            "Actual Startup Time": 7.569,
                                            "Actual Total Time": 54.692,
                                            "Actual Rows": 27843,
                                            "Actual Loops": 1
                                        }
                                    ],
                                    "Plans": [
                                        {
                                            "Node Type": "Bitmap Index Scan",
                                            "Parent Relationship": "Outer",
                                            "Parallel Aware": false,
                                            "Index Name": "company_id_movie_companies",
                                            "Startup Cost": 0.0,
                                            "Total Cost": 6070.29,
                                            "Plan Rows": 283448,
                                            "Plan Width": 0,
                                            "Actual Startup Time": 16.007,
                                            "Actual Total Time": 16.008,
                                            "Actual Rows": 277682,
                                            "Actual Loops": 1,
                                            "Index Cond": "(mc.company_id < 147)"
                                        }
                                    ]
                                }
                            ]
                        }
                    ]
                }
            ]
        },
        "Planning Time": 179.471,
        "Triggers": [],
        "Execution Time": 74.52
    }
]