[
    {
        "Bao": {
            "Bao prediction": "NaN",
            "Bao recommended hint": "(no hint)"
        }
    },
    {
        "Plan": {
            "Node Type": "Aggregate",
            "Strategy": "Plain",
            "Partial Mode": "Finalize",
            "Parallel Aware": false,
            "Startup Cost": 202435.88,
            "Total Cost": 202435.89,
            "Plan Rows": 1,
            "Plan Width": 8,
            "Actual Startup Time": 199.086,
            "Actual Total Time": 206.035,
            "Actual Rows": 1,
            "Actual Loops": 1,
            "Output": [
                "count(*)"
            ],
            "Plans": [
                {
                    "Node Type": "Gather",
                    "Parent Relationship": "Outer",
                    "Parallel Aware": false,
                    "Startup Cost": 202435.46,
                    "Total Cost": 202435.87,
                    "Plan Rows": 4,
                    "Plan Width": 8,
                    "Actual Startup Time": 194.68,
                    "Actual Total Time": 206.028,
                    "Actual Rows": 5,
                    "Actual Loops": 1,
                    "Output": [
                        "(PARTIAL count(*))"
                    ],
                    "Workers Planned": 4,
                    "Workers Launched": 4,
                    "Single Copy": false,
                    "Plans": [
                        {
                            "Node Type": "Aggregate",
                            "Strategy": "Plain",
                            "Partial Mode": "Partial",
                            "Parent Relationship": "Outer",
                            "Parallel Aware": false,
                            "Startup Cost": 201435.46,
                            "Total Cost": 201435.47,
                            "Plan Rows": 1,
                            "Plan Width": 8,
                            "Actual Startup Time": 185.318,
                            "Actual Total Time": 185.321,
                            "Actual Rows": 1,
                            "Actual Loops": 5,
                            "Output": [
                                "PARTIAL count(*)"
                            ],
                            "Workers": [
                                {
                                    "Worker Number": 0,
                                    "Actual Startup Time": 182.53,
                                    "Actual Total Time": 182.533,
                                    "Actual Rows": 1,
                                    "Actual Loops": 1
                                },
                                {
                                    "Worker Number": 1,
                                    "Actual Startup Time": 182.582,
                                    "Actual Total Time": 182.584,
                                    "Actual Rows": 1,
                                    "Actual Loops": 1
                                },
                                {
                                    "Worker Number": 2,
                                    "Actual Startup Time": 183.738,
                                    "Actual Total Time": 183.741,
                                    "Actual Rows": 1,
                                    "Actual Loops": 1
                                },
                                {
                                    "Worker Number": 3,
                                    "Actual Startup Time": 183.394,
                                    "Actual Total Time": 183.397,
                                    "Actual Rows": 1,
                                    "Actual Loops": 1
                                }
                            ],
                            "Plans": [
                                {
                                    "Node Type": "Hash Join",
                                    "Parent Relationship": "Outer",
                                    "Parallel Aware": true,
                                    "Join Type": "Inner",
                                    "Startup Cost": 48965.1,
                                    "Total Cost": 201408.96,
                                    "Plan Rows": 10602,
                                    "Plan Width": 0,
                                    "Actual Startup Time": 160.846,
                                    "Actual Total Time": 183.939,
                                    "Actual Rows": 24087,
                                    "Actual Loops": 5,
                                    "Inner Unique": true,
                                    "Hash Cond": "(mi.movie_id = t.id)",
                                    "Workers": [
                                        {
                                            "Worker Number": 0,
                                            "Actual Startup Time": 158.189,
                                            "Actual Total Time": 181.0,
                                            "Actual Rows": 19601,
                                            "Actual Loops": 1
                                        },
                                        {
                                            "Worker Number": 1,
                                            "Actual Startup Time": 158.228,
                                            "Actual Total Time": 181.291,
                                            "Actual Rows": 26097,
                                            "Actual Loops": 1
                                        },
                                        {
                                            "Worker Number": 2,
                                            "Actual Startup Time": 158.832,
                                            "Actual Total Time": 182.407,
                                            "Actual Rows": 25429,
                                            "Actual Loops": 1
                                        },
                                        {
                                            "Worker Number": 3,
                                            "Actual Startup Time": 159.048,
                                            "Actual Total Time": 181.838,
                                            "Actual Rows": 19523,
                                            "Actual Loops": 1
                                        }
                                    ],
                                    "Plans": [
                                        {
                                            "Node Type": "Bitmap Heap Scan",
                                            "Parent Relationship": "Outer",
                                            "Parallel Aware": true,
                                            "Relation Name": "movie_info",
                                            "Schema": "public",
                                            "Alias": "mi",
                                            "Startup Cost": 1955.2,
                                            "Total Cost": 154328.38,
                                            "Plan Rows": 26928,
                                            "Plan Width": 4,
                                            "Actual Startup Time": 4.571,
                                            "Actual Total Time": 13.276,
                                            "Actual Rows": 24373,
                                            "Actual Loops": 5,
                                            "Output": [
                                                "mi.id",
                                                "mi.movie_id",
                                                "mi.info_type_id",
                                                "mi.info",
                                                "mi.note"
                                            ],
                                            "Recheck Cond": "(mi.info_type_id = 105)",
                                            "Rows Removed by Index Recheck": 0,
                                            "Exact Heap Blocks": 1326,
                                            "Lossy Heap Blocks": 0,
                                            "Workers": [
                                                {
                                                    "Worker Number": 0,
                                                    "Actual Startup Time": 4.496,
                                                    "Actual Total Time": 13.402,
                                                    "Actual Rows": 19748,
                                                    "Actual Loops": 1
                                                },
                                                {
                                                    "Worker Number": 1,
                                                    "Actual Startup Time": 4.581,
                                                    "Actual Total Time": 13.696,
                                                    "Actual Rows": 26470,
                                                    "Actual Loops": 1
                                                },
                                                {
                                                    "Worker Number": 2,
                                                    "Actual Startup Time": 4.57,
                                                    "Actual Total Time": 13.373,
                                                    "Actual Rows": 25763,
                                                    "Actual Loops": 1
                                                },
                                                {
                                                    "Worker Number": 3,
                                                    "Actual Startup Time": 4.609,
                                                    "Actual Total Time": 13.541,
                                                    "Actual Rows": 19758,
                                                    "Actual Loops": 1
                                                }
                                            ],
                                            "Plans": [
                                                {
                                                    "Node Type": "Bitmap Index Scan",
                                                    "Parent Relationship": "Outer",
                                                    "Parallel Aware": false,
                                                    "Index Name": "info_type_id_movie_info",
                                                    "Startup Cost": 0.0,
                                                    "Total Cost": 1928.27,
                                                    "Plan Rows": 107712,
                                                    "Plan Width": 0,
                                                    "Actual Startup Time": 3.955,
                                                    "Actual Total Time": 3.956,
                                                    "Actual Rows": 121863,
                                                    "Actual Loops": 1,
                                                    "Index Cond": "(mi.info_type_id = 105)"
                                                }
                                            ]
                                        },
                                        {
                                            "Node Type": "Hash",
                                            "Parent Relationship": "Inner",
                                            "Parallel Aware": true,
                                            "Startup Cost": 43899.01,
                                            "Total Cost": 43899.01,
                                            "Plan Rows": 248871,
                                            "Plan Width": 4,
                                            "Actual Startup Time": 153.911,
                                            "Actual Total Time": 153.912,
                                            "Actual Rows": 197010,
                                            "Actual Loops": 5,
                                            "Output": [
                                                "t.id"
                                            ],
                                            "Hash Buckets": 1048576,
                                            "Original Hash Buckets": 1048576,
                                            "Hash Batches": 1,
                                            "Original Hash Batches": 1,
                                            "Peak Memory Usage": 46816,
                                            "Workers": [
                                                {
                                                    "Worker Number": 0,
                                                    "Actual Startup Time": 153.117,
                                                    "Actual Total Time": 153.118,
                                                    "Actual Rows": 155664,
                                                    "Actual Loops": 1
                                                },
                                                {
                                                    "Worker Number": 1,
                                                    "Actual Startup Time": 153.11,
                                                    "Actual Total Time": 153.11,
                                                    "Actual Rows": 210603,
                                                    "Actual Loops": 1
                                                },
                                                {
                                                    "Worker Number": 2,
                                                    "Actual Startup Time": 153.749,
                                                    "Actual Total Time": 153.749,
                                                    "Actual Rows": 215695,
                                                    "Actual Loops": 1
                                                },
                                                {
                                                    "Worker Number": 3,
                                                    "Actual Startup Time": 154.017,
                                                    "Actual Total Time": 154.018,
                                                    "Actual Rows": 154766,
                                                    "Actual Loops": 1
                                                }
                                            ],
                                            "Plans": [
                                                {
                                                    "Node Type": "Seq Scan",
                                                    "Parent Relationship": "Outer",
                                                    "Parallel Aware": true,
                                                    "Relation Name": "title",
                                                    "Schema": "public",
                                                    "Alias": "t",
                                                    "Startup Cost": 0.0,
                                                    "Total Cost": 43899.01,
                                                    "Plan Rows": 248871,
                                                    "Plan Width": 4,
                                                    "Actual Startup Time": 0.036,
                                                    "Actual Total Time": 85.046,
                                                    "Actual Rows": 197010,
                                                    "Actual Loops": 5,
                                                    "Output": [
                                                        "t.id"
                                                    ],
                                                    "Filter": "(t.kind_id < 7)",
                                                    "Rows Removed by Filter": 308653,
                                                    "Workers": [
                                                        {
                                                            "Worker Number": 0,
                                                            "Actual Startup Time": 0.041,
                                                            "Actual Total Time": 87.661,
                                                            "Actual Rows": 155664,
                                                            "Actual Loops": 1
                                                        },
                                                        {
                                                            "Worker Number": 1,
                                                            "Actual Startup Time": 0.048,
                                                            "Actual Total Time": 84.111,
                                                            "Actual Rows": 210603,
                                                            "Actual Loops": 1
                                                        },
                                                        {
                                                            "Worker Number": 2,
                                                            "Actual Startup Time": 0.041,
                                                            "Actual Total Time": 84.005,
                                                            "Actual Rows": 215695,
                                                            "Actual Loops": 1
                                                        },
                                                        {
                                                            "Worker Number": 3,
                                                            "Actual Startup Time": 0.035,
                                                            "Actual Total Time": 87.817,
                                                            "Actual Rows": 154766,
                                                            "Actual Loops": 1
                                                        }
                                                    ]
                                                }
                                            ]
                                        }
                                    ]
                                }
                            ]
                        }
                    ]
                }
            ]
        },
        "Planning Time": 178.7,
        "Triggers": [],
        "Execution Time": 206.096
    }
]