[
  {
    "Plan": {
      "Node Type": "Aggregate",
      "Strategy": "Plain",
      "Partial Mode": "Finalize",
      "Parallel Aware": false,
      "Startup Cost": 207756.75,
      "Total Cost": 207756.76,
      "Plan Rows": 1,
      "Plan Width": 8,
      "Actual Startup Time": 134.839,
      "Actual Total Time": 155.575,
      "Actual Rows": 1,
      "Actual Loops": 1,
      "Plans": [
        {
          "Node Type": "Gather",
          "Parent Relationship": "Outer",
          "Parallel Aware": false,
          "Startup Cost": 207756.33,
          "Total Cost": 207756.74,
          "Plan Rows": 4,
          "Plan Width": 8,
          "Actual Startup Time": 134.532,
          "Actual Total Time": 155.567,
          "Actual Rows": 5,
          "Actual Loops": 1,
          "Workers Planned": 4,
          "Workers Launched": 4,
          "Single Copy": false,
          "Plans": [
            {
              "Node Type": "Aggregate",
              "Strategy": "Plain",
              "Partial Mode": "Partial",
              "Parent Relationship": "Outer",
              "Parallel Aware": false,
              "Startup Cost": 206756.33,
              "Total Cost": 206756.34,
              "Plan Rows": 1,
              "Plan Width": 8,
              "Actual Startup Time": 124.737,
              "Actual Total Time": 124.739,
              "Actual Rows": 1,
              "Actual Loops": 5,
              "Plans": [
                {
                  "Node Type": "Nested Loop",
                  "Parent Relationship": "Outer",
                  "Parallel Aware": false,
                  "Join Type": "Inner",
                  "Startup Cost": 0.43,
                  "Total Cost": 206753.66,
                  "Plan Rows": 1068,
                  "Plan Width": 0,
                  "Actual Startup Time": 2.175,
                  "Actual Total Time": 124.551,
                  "Actual Rows": 1725,
                  "Actual Loops": 5,
                  "Inner Unique": false,
                  "Plans": [
                    {
                      "Node Type": "Seq Scan",
                      "Parent Relationship": "Outer",
                      "Parallel Aware": true,
                      "Relation Name": "title",
                      "Alias": "t",
                      "Startup Cost": 0.0,
                      "Total Cost": 45479.1,
                      "Plan Rows": 1760,
                      "Plan Width": 4,
                      "Actual Startup Time": 1.119,
                      "Actual Total Time": 76.769,
                      "Actual Rows": 1466,
                      "Actual Loops": 5,
                      "Filter": "((kind_id < 7) AND (production_year = 1984))",
                      "Rows Removed by Filter": 504197
                    },
                    {
                      "Node Type": "Index Scan",
                      "Parent Relationship": "Inner",
                      "Parallel Aware": false,
                      "Scan Direction": "Forward",
                      "Index Name": "movie_id_movie_info",
                      "Relation Name": "movie_info",
                      "Alias": "mi",
                      "Startup Cost": 0.43,
                      "Total Cost": 91.59,
                      "Plan Rows": 4,
                      "Plan Width": 4,
                      "Actual Startup Time": 0.031,
                      "Actual Total Time": 0.032,
                      "Actual Rows": 1,
                      "Actual Loops": 7329,
                      "Index Cond": "(movie_id = t.id)",
                      "Rows Removed by Index Recheck": 0,
                      "Filter": "(info_type_id = 3)",
                      "Rows Removed by Filter": 10
                    }
                  ]
                }
              ]
            }
          ]
        }
      ]
    },
    "Planning Time": 0.64,
    "Triggers": [],
    "Execution Time": 155.651
  }
]