[
  {
    "Plan": {
      "Node Type": "Aggregate",
      "Strategy": "Plain",
      "Partial Mode": "Finalize",
      "Parallel Aware": false,
      "Startup Cost": 353552.35,
      "Total Cost": 353552.36,
      "Plan Rows": 1,
      "Plan Width": 8,
      "Actual Startup Time": 845.398,
      "Actual Total Time": 910.711,
      "Actual Rows": 1,
      "Actual Loops": 1,
      "Plans": [
        {
          "Node Type": "Gather",
          "Parent Relationship": "Outer",
          "Parallel Aware": false,
          "Startup Cost": 353551.72,
          "Total Cost": 353552.33,
          "Plan Rows": 6,
          "Plan Width": 8,
          "Actual Startup Time": 845.125,
          "Actual Total Time": 910.699,
          "Actual Rows": 7,
          "Actual Loops": 1,
          "Workers Planned": 6,
          "Workers Launched": 6,
          "Single Copy": false,
          "Plans": [
            {
              "Node Type": "Aggregate",
              "Strategy": "Plain",
              "Partial Mode": "Partial",
              "Parent Relationship": "Outer",
              "Parallel Aware": false,
              "Startup Cost": 352551.72,
              "Total Cost": 352551.73,
              "Plan Rows": 1,
              "Plan Width": 8,
              "Actual Startup Time": 836.591,
              "Actual Total Time": 836.593,
              "Actual Rows": 1,
              "Actual Loops": 7,
              "Plans": [
                {
                  "Node Type": "Seq Scan",
                  "Parent Relationship": "Outer",
                  "Parallel Aware": true,
                  "Relation Name": "cast_info",
                  "Alias": "ci",
                  "Startup Cost": 0.0,
                  "Total Cost": 343257.03,
                  "Plan Rows": 3717877,
                  "Plan Width": 0,
                  "Actual Startup Time": 221.727,
                  "Actual Total Time": 700.495,
                  "Actual Rows": 3277105,
                  "Actual Loops": 7,
                  "Filter": "((person_id > 214905) AND (role_id > 1))",
                  "Rows Removed by Filter": 1900659
                }
              ]
            }
          ]
        }
      ]
    },
    "Planning Time": 0.198,
    "Triggers": [],
    "Execution Time": 910.775
  }
]