[
  {
    "Plan": {
      "Node Type": "Aggregate",
      "Strategy": "Plain",
      "Partial Mode": "Finalize",
      "Parallel Aware": false,
      "Startup Cost": 45280.09,
      "Total Cost": 45280.1,
      "Plan Rows": 1,
      "Plan Width": 8,
      "Actual Startup Time": 142.508,
      "Actual Total Time": 152.536,
      "Actual Rows": 1,
      "Actual Loops": 1,
      "Plans": [
        {
          "Node Type": "Gather",
          "Parent Relationship": "Outer",
          "Parallel Aware": false,
          "Startup Cost": 45279.77,
          "Total Cost": 45280.08,
          "Plan Rows": 3,
          "Plan Width": 8,
          "Actual Startup Time": 142.375,
          "Actual Total Time": 152.527,
          "Actual Rows": 4,
          "Actual Loops": 1,
          "Workers Planned": 3,
          "Workers Launched": 3,
          "Single Copy": false,
          "Plans": [
            {
              "Node Type": "Aggregate",
              "Strategy": "Plain",
              "Partial Mode": "Partial",
              "Parent Relationship": "Outer",
              "Parallel Aware": false,
              "Startup Cost": 44279.77,
              "Total Cost": 44279.78,
              "Plan Rows": 1,
              "Plan Width": 8,
              "Actual Startup Time": 135.624,
              "Actual Total Time": 135.625,
              "Actual Rows": 1,
              "Actual Loops": 4,
              "Plans": [
                {
                  "Node Type": "Seq Scan",
                  "Parent Relationship": "Outer",
                  "Parallel Aware": true,
                  "Relation Name": "movie_keyword",
                  "Alias": "mk",
                  "Startup Cost": 0.0,
                  "Total Cost": 42695.65,
                  "Plan Rows": 633648,
                  "Plan Width": 0,
                  "Actual Startup Time": 0.059,
                  "Actual Total Time": 112.622,
                  "Actual Rows": 493746,
                  "Actual Loops": 4,
                  "Filter": "(keyword_id < 3469)",
                  "Rows Removed by Filter": 637237
                }
              ]
            }
          ]
        }
      ]
    },
    "Planning Time": 0.177,
    "Triggers": [],
    "Execution Time": 152.59
  }
]