{
  "Plan": {
    "Node Type": "Aggregate",
    "Strategy": "Plain",
    "Partial Mode": "Simple",
    "Parallel Aware": false,
    "Startup Cost": 462395.8,
    "Total Cost": 462395.81,
    "Plan Rows": 1,
    "Plan Width": 96,
    "Actual Startup Time": 1838.358,
    "Actual Total Time": 1838.507,
    "Actual Rows": 1,
    "Actual Loops": 1,
    "Plans": [
      {
        "Node Type": "Merge Join",
        "Parent Relationship": "Outer",
        "Parallel Aware": false,
        "Join Type": "Inner",
        "Startup Cost": 462395.77,
        "Total Cost": 462395.79,
        "Plan Rows": 1,
        "Plan Width": 48,
        "Actual Startup Time": 1838.339,
        "Actual Total Time": 1838.491,
        "Actual Rows": 14,
        "Actual Loops": 1,
        "Inner Unique": false,
        "Merge Cond": "(lt.id = ml.link_type_id)",
        "Plans": [
          {
            "Node Type": "Sort",
            "Parent Relationship": "Outer",
            "Parallel Aware": false,
            "Startup Cost": 1.24,
            "Total Cost": 1.24,
            "Plan Rows": 1,
            "Plan Width": 16,
            "Actual Startup Time": 0.048,
            "Actual Total Time": 0.051,
            "Actual Rows": 1,
            "Actual Loops": 1,
            "Sort Key": [
              "lt.id"
            ],
            "Sort Method": "quicksort",
            "Sort Space Used": 25,
            "Sort Space Type": "Memory",
            "Plans": [
              {
                "Node Type": "Seq Scan",
                "Parent Relationship": "Outer",
                "Parallel Aware": false,
                "Relation Name": "link_type",
                "Alias": "lt",
                "Startup Cost": 0.0,
                "Total Cost": 1.23,
                "Plan Rows": 1,
                "Plan Width": 16,
                "Actual Startup Time": 0.018,
                "Actual Total Time": 0.025,
                "Actual Rows": 1,
                "Actual Loops": 1,
                "Filter": "((link)::text ~~ '%follows%'::text)",
                "Rows Removed by Filter": 17
              }
            ]
          },
          {
            "Node Type": "Sort",
            "Parent Relationship": "Inner",
            "Parallel Aware": false,
            "Startup Cost": 462394.53,
            "Total Cost": 462394.54,
            "Plan Rows": 1,
            "Plan Width": 40,
            "Actual Startup Time": 1838.286,
            "Actual Total Time": 1838.433,
            "Actual Rows": 15,
            "Actual Loops": 1,
            "Sort Key": [
              "ml.link_type_id"
            ],
            "Sort Method": "quicksort",
            "Sort Space Used": 29,
            "Sort Space Type": "Memory",
            "Plans": [
              {
                "Node Type": "Merge Join",
                "Parent Relationship": "Outer",
                "Parallel Aware": false,
                "Join Type": "Inner",
                "Startup Cost": 438755.52,
                "Total Cost": 462394.52,
                "Plan Rows": 1,
                "Plan Width": 40,
                "Actual Startup Time": 1838.226,
                "Actual Total Time": 1838.4,
                "Actual Rows": 38,
                "Actual Loops": 1,
                "Inner Unique": false,
                "Merge Cond": "(t.id = ml.movie_id)",
                "Plans": [
                  {
                    "Node Type": "Gather Merge",
                    "Parent Relationship": "Outer",
                    "Parallel Aware": false,
                    "Startup Cost": 1000.49,
                    "Total Cost": 95556.42,
                    "Plan Rows": 4,
                    "Plan Width": 21,
                    "Actual Startup Time": 138.662,
                    "Actual Total Time": 138.802,
                    "Actual Rows": 2,
                    "Actual Loops": 1,
                    "Workers Planned": 4,
                    "Workers Launched": 4,
                    "Plans": [
                      {
                        "Node Type": "Index Scan",
                        "Parent Relationship": "Outer",
                        "Parallel Aware": true,
                        "Scan Direction": "Forward",
                        "Index Name": "title_pkey",
                        "Relation Name": "title",
                        "Alias": "t",
                        "Startup Cost": 0.43,
                        "Total Cost": 94555.88,
                        "Plan Rows": 1,
                        "Plan Width": 21,
                        "Actual Startup Time": 82.091,
                        "Actual Total Time": 470.221,
                        "Actual Rows": 7,
                        "Actual Loops": 5,
                        "Filter": "((title ~~ '%Money%'::text) AND (production_year = 1998))",
                        "Rows Removed by Filter": 505637
                      }
                    ]
                  },
                  {
                    "Node Type": "Sort",
                    "Parent Relationship": "Inner",
                    "Parallel Aware": false,
                    "Startup Cost": 437755.03,
                    "Total Cost": 437755.04,
                    "Plan Rows": 2,
                    "Plan Width": 35,
                    "Actual Startup Time": 1699.514,
                    "Actual Total Time": 1699.546,
                    "Actual Rows": 422,
                    "Actual Loops": 1,
                    "Sort Key": [
                      "mc.movie_id"
                    ],
                    "Sort Method": "quicksort",
                    "Sort Space Used": 57,
                    "Sort Space Type": "Memory",
                    "Plans": [
                      {
                        "Node Type": "Merge Join",
                        "Parent Relationship": "Outer",
                        "Parallel Aware": false,
                        "Join Type": "Inner",
                        "Startup Cost": 437754.96,
                        "Total Cost": 437755.02,
                        "Plan Rows": 2,
                        "Plan Width": 35,
                        "Actual Startup Time": 1699.228,
                        "Actual Total Time": 1699.35,
                        "Actual Rows": 422,
                        "Actual Loops": 1,
                        "Inner Unique": true,
                        "Merge Cond": "(mc.company_type_id = ct.id)",
                        "Plans": [
                          {
                            "Node Type": "Sort",
                            "Parent Relationship": "Outer",
                            "Parallel Aware": false,
                            "Startup Cost": 437753.9,
                            "Total Cost": 437753.92,
                            "Plan Rows": 6,
                            "Plan Width": 39,
                            "Actual Startup Time": 1699.197,
                            "Actual Total Time": 1699.233,
                            "Actual Rows": 452,
                            "Actual Loops": 1,
                            "Sort Key": [
                              "mc.company_type_id"
                            ],
                            "Sort Method": "quicksort",
                            "Sort Space Used": 66,
                            "Sort Space Type": "Memory",
                            "Plans": [
                              {
                                "Node Type": "Merge Join",
                                "Parent Relationship": "Outer",
                                "Parallel Aware": false,
                                "Join Type": "Inner",
                                "Startup Cost": 437603.99,
                                "Total Cost": 437753.83,
                                "Plan Rows": 6,
                                "Plan Width": 39,
                                "Actual Startup Time": 1695.705,
                                "Actual Total Time": 1699.053,
                                "Actual Rows": 452,
                                "Actual Loops": 1,
                                "Inner Unique": false,
                                "Merge Cond": "(mk.movie_id = ml.movie_id)",
                                "Plans": [
                                  {
                                    "Node Type": "Sort",
                                    "Parent Relationship": "Outer",
                                    "Parallel Aware": false,
                                    "Startup Cost": 434910.15,
                                    "Total Cost": 434910.2,
                                    "Plan Rows": 19,
                                    "Plan Width": 31,
                                    "Actual Startup Time": 1682.022,
                                    "Actual Total Time": 1682.034,
                                    "Actual Rows": 32,
                                    "Actual Loops": 1,
                                    "Sort Key": [
                                      "mc.movie_id"
                                    ],
                                    "Sort Method": "quicksort",
                                    "Sort Space Used": 327,
                                    "Sort Space Type": "Memory",
                                    "Plans": [
                                      {
                                        "Node Type": "Merge Join",
                                        "Parent Relationship": "Outer",
                                        "Parallel Aware": false,
                                        "Join Type": "Inner",
                                        "Startup Cost": 434633.4,
                                        "Total Cost": 434909.75,
                                        "Plan Rows": 19,
                                        "Plan Width": 31,
                                        "Actual Startup Time": 1665.179,
                                        "Actual Total Time": 1680.855,
                                        "Actual Rows": 2802,
                                        "Actual Loops": 1,
                                        "Inner Unique": true,
                                        "Merge Cond": "(mc.company_id = cn.id)",
                                        "Plans": [
                                          {
                                            "Node Type": "Sort",
                                            "Parent Relationship": "Outer",
                                            "Parallel Aware": false,
                                            "Startup Cost": 423179.39,
                                            "Total Cost": 423179.6,
                                            "Plan Rows": 83,
                                            "Plan Width": 16,
                                            "Actual Startup Time": 1571.486,
                                            "Actual Total Time": 1573.027,
                                            "Actual Rows": 14331,
                                            "Actual Loops": 1,
                                            "Sort Key": [
                                              "mc.company_id"
                                            ],
                                            "Sort Method": "quicksort",
                                            "Sort Space Used": 1056,
                                            "Sort Space Type": "Memory",
                                            "Plans": [
                                              {
                                                "Node Type": "Merge Join",
                                                "Parent Relationship": "Outer",
                                                "Parallel Aware": false,
                                                "Join Type": "Inner",
                                                "Startup Cost": 416826.78,
                                                "Total Cost": 423176.75,
                                                "Plan Rows": 83,
                                                "Plan Width": 16,
                                                "Actual Startup Time": 1394.946,
                                                "Actual Total Time": 1566.249,
                                                "Actual Rows": 14331,
                                                "Actual Loops": 1,
                                                "Inner Unique": false,
                                                "Merge Cond": "(mk.movie_id = mc.movie_id)",
                                                "Plans": [
                                                  {
                                                    "Node Type": "Sort",
                                                    "Parent Relationship": "Outer",
                                                    "Parallel Aware": false,
                                                    "Startup Cost": 243204.9,
                                                    "Total Cost": 243204.98,
                                                    "Plan Rows": 34,
                                                    "Plan Width": 4,
                                                    "Actual Startup Time": 586.676,
                                                    "Actual Total Time": 587.393,
                                                    "Actual Rows": 10544,
                                                    "Actual Loops": 1,
                                                    "Sort Key": [
                                                      "mk.movie_id"
                                                    ],
                                                    "Sort Method": "quicksort",
                                                    "Sort Space Used": 879,
                                                    "Sort Space Type": "Memory",
                                                    "Plans": [
                                                      {
                                                        "Node Type": "Merge Join",
                                                        "Parent Relationship": "Outer",
                                                        "Parallel Aware": false,
                                                        "Join Type": "Inner",
                                                        "Startup Cost": 842.63,
                                                        "Total Cost": 243204.03,
                                                        "Plan Rows": 34,
                                                        "Plan Width": 4,
                                                        "Actual Startup Time": 518.853,
                                                        "Actual Total Time": 583.514,
                                                        "Actual Rows": 10544,
                                                        "Actual Loops": 1,
                                                        "Inner Unique": false,
                                                        "Merge Cond": "(k.id = mk.keyword_id)",
                                                        "Plans": [
                                                          {
                                                            "Node Type": "Index Scan",
                                                            "Parent Relationship": "Outer",
                                                            "Parallel Aware": false,
                                                            "Scan Direction": "Forward",
                                                            "Index Name": "keyword_pkey",
                                                            "Relation Name": "keyword",
                                                            "Alias": "k",
                                                            "Startup Cost": 0.42,
                                                            "Total Cost": 5343.17,
                                                            "Plan Rows": 1,
                                                            "Plan Width": 4,
                                                            "Actual Startup Time": 0.534,
                                                            "Actual Total Time": 56.085,
                                                            "Actual Rows": 1,
                                                            "Actual Loops": 1,
                                                            "Filter": "(keyword = 'sequel'::text)",
                                                            "Rows Removed by Filter": 134169
                                                          },
                                                          {
                                                            "Node Type": "Index Scan",
                                                            "Parent Relationship": "Inner",
                                                            "Parallel Aware": false,
                                                            "Scan Direction": "Forward",
                                                            "Index Name": "keyword_id_movie_keyword",
                                                            "Relation Name": "movie_keyword",
                                                            "Alias": "mk",
                                                            "Startup Cost": 0.43,
                                                            "Total Cost": 226550.7,
                                                            "Plan Rows": 4523930,
                                                            "Plan Width": 8,
                                                            "Actual Startup Time": 0.025,
                                                            "Actual Total Time": 469.839,
                                                            "Actual Rows": 566271,
                                                            "Actual Loops": 1
                                                          }
                                                        ]
                                                      }
                                                    ]
                                                  },
                                                  {
                                                    "Node Type": "Sort",
                                                    "Parent Relationship": "Inner",
                                                    "Parallel Aware": false,
                                                    "Startup Cost": 173621.53,
                                                    "Total Cost": 176796.19,
                                                    "Plan Rows": 1269863,
                                                    "Plan Width": 12,
                                                    "Actual Startup Time": 808.193,
                                                    "Actual Total Time": 876.234,
                                                    "Actual Rows": 1271984,
                                                    "Actual Loops": 1,
                                                    "Sort Key": [
                                                      "mc.movie_id"
                                                    ],
                                                    "Sort Method": "quicksort",
                                                    "Sort Space Used": 108777,
                                                    "Sort Space Type": "Memory",
                                                    "Plans": [
                                                      {
                                                        "Node Type": "Seq Scan",
                                                        "Parent Relationship": "Outer",
                                                        "Parallel Aware": false,
                                                        "Relation Name": "movie_companies",
                                                        "Alias": "mc",
                                                        "Startup Cost": 0.0,
                                                        "Total Cost": 44881.29,
                                                        "Plan Rows": 1269863,
                                                        "Plan Width": 12,
                                                        "Actual Startup Time": 0.027,
                                                        "Actual Total Time": 378.803,
                                                        "Actual Rows": 1271989,
                                                        "Actual Loops": 1,
                                                        "Filter": "(note IS NULL)",
                                                        "Rows Removed by Filter": 1337140
                                                      }
                                                    ]
                                                  }
                                                ]
                                              }
                                            ]
                                          },
                                          {
                                            "Node Type": "Sort",
                                            "Parent Relationship": "Inner",
                                            "Parallel Aware": false,
                                            "Startup Cost": 11453.99,
                                            "Total Cost": 11591.95,
                                            "Plan Rows": 55187,
                                            "Plan Width": 23,
                                            "Actual Startup Time": 93.671,
                                            "Actual Total Time": 100.083,
                                            "Actual Rows": 48220,
                                            "Actual Loops": 1,
                                            "Sort Key": [
                                              "cn.id"
                                            ],
                                            "Sort Method": "quicksort",
                                            "Sort Space Used": 5023,
                                            "Sort Space Type": "Memory",
                                            "Plans": [
                                              {
                                                "Node Type": "Seq Scan",
                                                "Parent Relationship": "Outer",
                                                "Parallel Aware": false,
                                                "Relation Name": "company_name",
                                                "Alias": "cn",
                                                "Startup Cost": 0.0,
                                                "Total Cost": 7107.45,
                                                "Plan Rows": 55187,
                                                "Plan Width": 23,
                                                "Actual Startup Time": 0.054,
                                                "Actual Total Time": 70.349,
                                                "Actual Rows": 48302,
                                                "Actual Loops": 1,
                                                "Filter": "(((country_code)::text <> '[pl]'::text) AND ((name ~~ '%Film%'::text) OR (name ~~ '%Warner%'::text)))",
                                                "Rows Removed by Filter": 186695
                                              }
                                            ]
                                          }
                                        ]
                                      }
                                    ]
                                  },
                                  {
                                    "Node Type": "Sort",
                                    "Parent Relationship": "Inner",
                                    "Parallel Aware": false,
                                    "Startup Cost": 2693.63,
                                    "Total Cost": 2768.62,
                                    "Plan Rows": 29997,
                                    "Plan Width": 8,
                                    "Actual Startup Time": 12.943,
                                    "Actual Total Time": 14.558,
                                    "Actual Rows": 30283,
                                    "Actual Loops": 1,
                                    "Sort Key": [
                                      "ml.movie_id"
                                    ],
                                    "Sort Method": "quicksort",
                                    "Sort Space Used": 2175,
                                    "Sort Space Type": "Memory",
                                    "Plans": [
                                      {
                                        "Node Type": "Seq Scan",
                                        "Parent Relationship": "Outer",
                                        "Parallel Aware": false,
                                        "Relation Name": "movie_link",
                                        "Alias": "ml",
                                        "Startup Cost": 0.0,
                                        "Total Cost": 462.97,
                                        "Plan Rows": 29997,
                                        "Plan Width": 8,
                                        "Actual Startup Time": 0.018,
                                        "Actual Total Time": 5.147,
                                        "Actual Rows": 29997,
                                        "Actual Loops": 1
                                      }
                                    ]
                                  }
                                ]
                              }
                            ]
                          },
                          {
                            "Node Type": "Sort",
                            "Parent Relationship": "Inner",
                            "Parallel Aware": false,
                            "Startup Cost": 1.06,
                            "Total Cost": 1.06,
                            "Plan Rows": 1,
                            "Plan Width": 4,
                            "Actual Startup Time": 0.022,
                            "Actual Total Time": 0.022,
                            "Actual Rows": 1,
                            "Actual Loops": 1,
                            "Sort Key": [
                              "ct.id"
                            ],
                            "Sort Method": "quicksort",
                            "Sort Space Used": 25,
                            "Sort Space Type": "Memory",
                            "Plans": [
                              {
                                "Node Type": "Seq Scan",
                                "Parent Relationship": "Outer",
                                "Parallel Aware": false,
                                "Relation Name": "company_type",
                                "Alias": "ct",
                                "Startup Cost": 0.0,
                                "Total Cost": 1.05,
                                "Plan Rows": 1,
                                "Plan Width": 4,
                                "Actual Startup Time": 0.017,
                                "Actual Total Time": 0.017,
                                "Actual Rows": 1,
                                "Actual Loops": 1,
                                "Filter": "((kind)::text = 'production companies'::text)",
                                "Rows Removed by Filter": 3
                              }
                            ]
                          }
                        ]
                      }
                    ]
                  }
                ]
              }
            ]
          }
        ]
      }
    ]
  },
  "Planning Time": 15.061,
  "Triggers": [],
  "Execution Time": 1849.323
}