[
  {
    "Plan": {
      "Node Type": "Aggregate",
      "Strategy": "Plain",
      "Partial Mode": "Finalize",
      "Parallel Aware": false,
      "Startup Cost": 165192.34,
      "Total Cost": 165192.35,
      "Plan Rows": 1,
      "Plan Width": 8,
      "Actual Startup Time": 725.817,
      "Actual Total Time": 775.521,
      "Actual Rows": 1,
      "Actual Loops": 1,
      "Plans": [
        {
          "Node Type": "Gather",
          "Parent Relationship": "Outer",
          "Parallel Aware": false,
          "Startup Cost": 165192.03,
          "Total Cost": 165192.34,
          "Plan Rows": 3,
          "Plan Width": 8,
          "Actual Startup Time": 724.165,
          "Actual Total Time": 775.509,
          "Actual Rows": 4,
          "Actual Loops": 1,
          "Workers Planned": 3,
          "Workers Launched": 3,
          "Single Copy": false,
          "Plans": [
            {
              "Node Type": "Aggregate",
              "Strategy": "Plain",
              "Partial Mode": "Partial",
              "Parent Relationship": "Outer",
              "Parallel Aware": false,
              "Startup Cost": 164192.03,
              "Total Cost": 164192.04,
              "Plan Rows": 1,
              "Plan Width": 8,
              "Actual Startup Time": 715.202,
              "Actual Total Time": 715.206,
              "Actual Rows": 1,
              "Actual Loops": 4,
              "Plans": [
                {
                  "Node Type": "Nested Loop",
                  "Parent Relationship": "Outer",
                  "Parallel Aware": false,
                  "Join Type": "Inner",
                  "Startup Cost": 45234.23,
                  "Total Cost": 163840.9,
                  "Plan Rows": 140452,
                  "Plan Width": 0,
                  "Actual Startup Time": 167.343,
                  "Actual Total Time": 689.817,
                  "Actual Rows": 563685,
                  "Actual Loops": 4,
                  "Inner Unique": false,
                  "Plans": [
                    {
                      "Node Type": "Hash Join",
                      "Parent Relationship": "Outer",
                      "Parallel Aware": true,
                      "Join Type": "Inner",
                      "Startup Cost": 45233.79,
                      "Total Cost": 77021.81,
                      "Plan Rows": 24020,
                      "Plan Width": 8,
                      "Actual Startup Time": 167.257,
                      "Actual Total Time": 264.698,
                      "Actual Rows": 45269,
                      "Actual Loops": 4,
                      "Inner Unique": true,
                      "Hash Cond": "(mc.movie_id = t.id)",
                      "Plans": [
                        {
                          "Node Type": "Seq Scan",
                          "Parent Relationship": "Outer",
                          "Parallel Aware": true,
                          "Relation Name": "movie_companies",
                          "Alias": "mc",
                          "Startup Cost": 0.0,
                          "Total Cost": 31414.82,
                          "Plan Rows": 142171,
                          "Plan Width": 4,
                          "Actual Startup Time": 29.179,
                          "Actual Total Time": 65.655,
                          "Actual Rows": 192927,
                          "Actual Loops": 4,
                          "Filter": "((company_id > 22733) AND (company_type_id > 1))",
                          "Rows Removed by Filter": 459356
                        },
                        {
                          "Node Type": "Hash",
                          "Parent Relationship": "Inner",
                          "Parallel Aware": true,
                          "Startup Cost": 43898.92,
                          "Total Cost": 43898.92,
                          "Plan Rows": 106790,
                          "Plan Width": 4,
                          "Actual Startup Time": 134.332,
                          "Actual Total Time": 134.333,
                          "Actual Rows": 109379,
                          "Actual Loops": 4,
                          "Hash Buckets": 524288,
                          "Original Hash Buckets": 524288,
                          "Hash Batches": 1,
                          "Original Hash Batches": 1,
                          "Peak Memory Usage": 21248,
                          "Plans": [
                            {
                              "Node Type": "Seq Scan",
                              "Parent Relationship": "Outer",
                              "Parallel Aware": true,
                              "Relation Name": "title",
                              "Alias": "t",
                              "Startup Cost": 0.0,
                              "Total Cost": 43898.92,
                              "Plan Rows": 106790,
                              "Plan Width": 4,
                              "Actual Startup Time": 0.043,
                              "Actual Total Time": 97.503,
                              "Actual Rows": 109379,
                              "Actual Loops": 4,
                              "Filter": "(production_year < 1975)",
                              "Rows Removed by Filter": 522699
                            }
                          ]
                        }
                      ]
                    },
                    {
                      "Node Type": "Index Only Scan",
                      "Parent Relationship": "Inner",
                      "Parallel Aware": false,
                      "Scan Direction": "Forward",
                      "Index Name": "movie_id_movie_info",
                      "Relation Name": "movie_info",
                      "Alias": "mi",
                      "Startup Cost": 0.43,
                      "Total Cost": 3.19,
                      "Plan Rows": 42,
                      "Plan Width": 4,
                      "Actual Startup Time": 0.003,
                      "Actual Total Time": 0.008,
                      "Actual Rows": 12,
                      "Actual Loops": 181077,
                      "Index Cond": "(movie_id = t.id)",
                      "Rows Removed by Index Recheck": 0,
                      "Heap Fetches": 2254740
                    }
                  ]
                }
              ]
            }
          ]
        }
      ]
    },
    "Planning Time": 1.427,
    "Triggers": [],
    "Execution Time": 775.621
  }
]