[
  {
    "Plan": {
      "Node Type": "Aggregate",
      "Strategy": "Plain",
      "Partial Mode": "Finalize",
      "Parallel Aware": false,
      "Startup Cost": 45031.45,
      "Total Cost": 45031.46,
      "Plan Rows": 1,
      "Plan Width": 8,
      "Actual Startup Time": 148.355,
      "Actual Total Time": 157.776,
      "Actual Rows": 1,
      "Actual Loops": 1,
      "Plans": [
        {
          "Node Type": "Gather",
          "Parent Relationship": "Outer",
          "Parallel Aware": false,
          "Startup Cost": 45031.13,
          "Total Cost": 45031.44,
          "Plan Rows": 3,
          "Plan Width": 8,
          "Actual Startup Time": 148.163,
          "Actual Total Time": 157.767,
          "Actual Rows": 4,
          "Actual Loops": 1,
          "Workers Planned": 3,
          "Workers Launched": 3,
          "Single Copy": false,
          "Plans": [
            {
              "Node Type": "Aggregate",
              "Strategy": "Plain",
              "Partial Mode": "Partial",
              "Parent Relationship": "Outer",
              "Parallel Aware": false,
              "Startup Cost": 44031.13,
              "Total Cost": 44031.14,
              "Plan Rows": 1,
              "Plan Width": 8,
              "Actual Startup Time": 141.82,
              "Actual Total Time": 141.821,
              "Actual Rows": 1,
              "Actual Loops": 4,
              "Plans": [
                {
                  "Node Type": "Seq Scan",
                  "Parent Relationship": "Outer",
                  "Parallel Aware": true,
                  "Relation Name": "movie_keyword",
                  "Alias": "mk",
                  "Startup Cost": 0.0,
                  "Total Cost": 42695.65,
                  "Plan Rows": 534192,
                  "Plan Width": 0,
                  "Actual Startup Time": 0.047,
                  "Actual Total Time": 118.297,
                  "Actual Rows": 418071,
                  "Actual Loops": 4,
                  "Filter": "(keyword_id < 2562)",
                  "Rows Removed by Filter": 712912
                }
              ]
            }
          ]
        }
      ]
    },
    "Planning Time": 0.182,
    "Triggers": [],
    "Execution Time": 157.831
  }
]