[
  {
    "Plan": {
      "Node Type": "Aggregate",
      "Strategy": "Plain",
      "Partial Mode": "Finalize",
      "Parallel Aware": false,
      "Startup Cost": 33131.7,
      "Total Cost": 33131.71,
      "Plan Rows": 1,
      "Plan Width": 8,
      "Actual Startup Time": 91.358,
      "Actual Total Time": 98.965,
      "Actual Rows": 1,
      "Actual Loops": 1,
      "Plans": [
        {
          "Node Type": "Gather",
          "Parent Relationship": "Outer",
          "Parallel Aware": false,
          "Startup Cost": 33131.38,
          "Total Cost": 33131.69,
          "Plan Rows": 3,
          "Plan Width": 8,
          "Actual Startup Time": 91.25,
          "Actual Total Time": 98.956,
          "Actual Rows": 4,
          "Actual Loops": 1,
          "Workers Planned": 3,
          "Workers Launched": 3,
          "Single Copy": false,
          "Plans": [
            {
              "Node Type": "Aggregate",
              "Strategy": "Plain",
              "Partial Mode": "Partial",
              "Parent Relationship": "Outer",
              "Parallel Aware": false,
              "Startup Cost": 32131.38,
              "Total Cost": 32131.39,
              "Plan Rows": 1,
              "Plan Width": 8,
              "Actual Startup Time": 84.082,
              "Actual Total Time": 84.083,
              "Actual Rows": 1,
              "Actual Loops": 4,
              "Plans": [
                {
                  "Node Type": "Seq Scan",
                  "Parent Relationship": "Outer",
                  "Parallel Aware": true,
                  "Relation Name": "movie_companies",
                  "Alias": "mc",
                  "Startup Cost": 0.0,
                  "Total Cost": 31414.82,
                  "Plan Rows": 286625,
                  "Plan Width": 0,
                  "Actual Startup Time": 1.013,
                  "Actual Total Time": 75.631,
                  "Actual Rows": 177074,
                  "Actual Loops": 4,
                  "Filter": "((company_id > 1730) AND (company_type_id = 1))",
                  "Rows Removed by Filter": 475209
                }
              ]
            }
          ]
        }
      ]
    },
    "Planning Time": 0.217,
    "Triggers": [],
    "Execution Time": 99.019
  }
]