[
  {
    "Plan": {
      "Node Type": "Aggregate",
      "Strategy": "Plain",
      "Partial Mode": "Finalize",
      "Parallel Aware": false,
      "Startup Cost": 332311.03,
      "Total Cost": 332311.04,
      "Plan Rows": 1,
      "Plan Width": 8,
      "Actual Startup Time": 608.324,
      "Actual Total Time": 652.313,
      "Actual Rows": 1,
      "Actual Loops": 1,
      "Plans": [
        {
          "Node Type": "Gather",
          "Parent Relationship": "Outer",
          "Parallel Aware": false,
          "Startup Cost": 332310.4,
          "Total Cost": 332311.01,
          "Plan Rows": 6,
          "Plan Width": 8,
          "Actual Startup Time": 608.1,
          "Actual Total Time": 652.301,
          "Actual Rows": 7,
          "Actual Loops": 1,
          "Workers Planned": 6,
          "Workers Launched": 6,
          "Single Copy": false,
          "Plans": [
            {
              "Node Type": "Aggregate",
              "Strategy": "Plain",
              "Partial Mode": "Partial",
              "Parent Relationship": "Outer",
              "Parallel Aware": false,
              "Startup Cost": 331310.4,
              "Total Cost": 331310.41,
              "Plan Rows": 1,
              "Plan Width": 8,
              "Actual Startup Time": 600.873,
              "Actual Total Time": 600.874,
              "Actual Rows": 1,
              "Actual Loops": 7,
              "Plans": [
                {
                  "Node Type": "Seq Scan",
                  "Parent Relationship": "Outer",
                  "Parallel Aware": true,
                  "Relation Name": "cast_info",
                  "Alias": "ci",
                  "Startup Cost": 0.0,
                  "Total Cost": 328211.39,
                  "Plan Rows": 1239605,
                  "Plan Width": 0,
                  "Actual Startup Time": 0.043,
                  "Actual Total Time": 545.481,
                  "Actual Rows": 1082770,
                  "Actual Loops": 7,
                  "Filter": "(person_id < 734420)",
                  "Rows Removed by Filter": 4094994
                }
              ]
            }
          ]
        }
      ]
    },
    "Planning Time": 0.107,
    "Triggers": [],
    "Execution Time": 652.36
  }
]