[
  {
    "Plan": {
      "Node Type": "Aggregate",
      "Strategy": "Plain",
      "Partial Mode": "Finalize",
      "Parallel Aware": false,
      "Startup Cost": 424238.23,
      "Total Cost": 424238.24,
      "Plan Rows": 1,
      "Plan Width": 8,
      "Actual Startup Time": 1338.517,
      "Actual Total Time": 1393.96,
      "Actual Rows": 1,
      "Actual Loops": 1,
      "Plans": [
        {
          "Node Type": "Gather",
          "Parent Relationship": "Outer",
          "Parallel Aware": false,
          "Startup Cost": 424237.6,
          "Total Cost": 424238.21,
          "Plan Rows": 6,
          "Plan Width": 8,
          "Actual Startup Time": 1330.833,
          "Actual Total Time": 1393.946,
          "Actual Rows": 7,
          "Actual Loops": 1,
          "Workers Planned": 6,
          "Workers Launched": 6,
          "Single Copy": false,
          "Plans": [
            {
              "Node Type": "Aggregate",
              "Strategy": "Plain",
              "Partial Mode": "Partial",
              "Parent Relationship": "Outer",
              "Parallel Aware": false,
              "Startup Cost": 423237.6,
              "Total Cost": 423237.61,
              "Plan Rows": 1,
              "Plan Width": 8,
              "Actual Startup Time": 1325.385,
              "Actual Total Time": 1325.583,
              "Actual Rows": 1,
              "Actual Loops": 7,
              "Plans": [
                {
                  "Node Type": "Hash Join",
                  "Parent Relationship": "Outer",
                  "Parallel Aware": true,
                  "Join Type": "Inner",
                  "Startup Cost": 81132.49,
                  "Total Cost": 421799.45,
                  "Plan Rows": 575261,
                  "Plan Width": 0,
                  "Actual Startup Time": 529.587,
                  "Actual Total Time": 1304.636,
                  "Actual Rows": 406649,
                  "Actual Loops": 7,
                  "Inner Unique": false,
                  "Hash Cond": "(ci.movie_id = t.id)",
                  "Plans": [
                    {
                      "Node Type": "Seq Scan",
                      "Parent Relationship": "Outer",
                      "Parallel Aware": true,
                      "Relation Name": "cast_info",
                      "Alias": "ci",
                      "Startup Cost": 0.0,
                      "Total Cost": 328211.39,
                      "Plan Rows": 2826637,
                      "Plan Width": 4,
                      "Actual Startup Time": 231.167,
                      "Actual Total Time": 628.531,
                      "Actual Rows": 2393977,
                      "Actual Loops": 7,
                      "Filter": "(person_id > 1951099)",
                      "Rows Removed by Filter": 2783787
                    },
                    {
                      "Node Type": "Hash",
                      "Parent Relationship": "Inner",
                      "Parallel Aware": true,
                      "Startup Cost": 79057.61,
                      "Total Cost": 79057.61,
                      "Plan Rows": 165990,
                      "Plan Width": 8,
                      "Actual Startup Time": 296.727,
                      "Actual Total Time": 296.923,
                      "Actual Rows": 32129,
                      "Actual Loops": 7,
                      "Hash Buckets": 524288,
                      "Original Hash Buckets": 524288,
                      "Hash Batches": 1,
                      "Original Hash Batches": 1,
                      "Peak Memory Usage": 13056,
                      "Plans": [
                        {
                          "Node Type": "Hash Join",
                          "Parent Relationship": "Outer",
                          "Parallel Aware": true,
                          "Join Type": "Inner",
                          "Startup Cost": 48666.71,
                          "Total Cost": 79057.61,
                          "Plan Rows": 165990,
                          "Plan Width": 8,
                          "Actual Startup Time": 171.812,
                          "Actual Total Time": 280.651,
                          "Actual Rows": 32129,
                          "Actual Loops": 7,
                          "Inner Unique": true,
                          "Hash Cond": "(mc.movie_id = t.id)",
                          "Plans": [
                            {
                              "Node Type": "Seq Scan",
                              "Parent Relationship": "Outer",
                              "Parallel Aware": true,
                              "Relation Name": "movie_companies",
                              "Alias": "mc",
                              "Startup Cost": 0.0,
                              "Total Cost": 29310.68,
                              "Plan Rows": 411513,
                              "Plan Width": 4,
                              "Actual Startup Time": 0.023,
                              "Actual Total Time": 53.675,
                              "Actual Rows": 182035,
                              "Actual Loops": 7,
                              "Filter": "(company_type_id = 1)",
                              "Rows Removed by Filter": 190698
                            },
                            {
                              "Node Type": "Hash",
                              "Parent Relationship": "Inner",
                              "Parallel Aware": true,
                              "Startup Cost": 45479.59,
                              "Total Cost": 45479.59,
                              "Plan Rows": 254970,
                              "Plan Width": 4,
                              "Actual Startup Time": 170.166,
                              "Actual Total Time": 170.168,
                              "Actual Rows": 137159,
                              "Actual Loops": 7,
                              "Hash Buckets": 1048576,
                              "Original Hash Buckets": 1048576,
                              "Hash Batches": 1,
                              "Original Hash Batches": 1,
                              "Peak Memory Usage": 45856,
                              "Plans": [
                                {
                                  "Node Type": "Seq Scan",
                                  "Parent Relationship": "Outer",
                                  "Parallel Aware": true,
                                  "Relation Name": "title",
                                  "Alias": "t",
                                  "Startup Cost": 0.0,
                                  "Total Cost": 45479.59,
                                  "Plan Rows": 254970,
                                  "Plan Width": 4,
                                  "Actual Startup Time": 0.031,
                                  "Actual Total Time": 91.448,
                                  "Actual Rows": 137159,
                                  "Actual Loops": 7,
                                  "Filter": "((production_year < 2008) AND (kind_id = 7))",
                                  "Rows Removed by Filter": 224028
                                }
                              ]
                            }
                          ]
                        }
                      ]
                    }
                  ]
                }
              ]
            }
          ]
        }
      ]
    },
    "Planning Time": 0.711,
    "Triggers": [],
    "Execution Time": 1394.032
  }
]