[
  {
    "Plan": {
      "Node Type": "Aggregate",
      "Strategy": "Plain",
      "Partial Mode": "Finalize",
      "Parallel Aware": false,
      "Startup Cost": 223332.09,
      "Total Cost": 223332.1,
      "Plan Rows": 1,
      "Plan Width": 8,
      "Actual Startup Time": 1112.654,
      "Actual Total Time": 1181.961,
      "Actual Rows": 1,
      "Actual Loops": 1,
      "Plans": [
        {
          "Node Type": "Gather",
          "Parent Relationship": "Outer",
          "Parallel Aware": false,
          "Startup Cost": 223331.77,
          "Total Cost": 223332.08,
          "Plan Rows": 3,
          "Plan Width": 8,
          "Actual Startup Time": 1109.299,
          "Actual Total Time": 1181.951,
          "Actual Rows": 4,
          "Actual Loops": 1,
          "Workers Planned": 3,
          "Workers Launched": 3,
          "Single Copy": false,
          "Plans": [
            {
              "Node Type": "Aggregate",
              "Strategy": "Plain",
              "Partial Mode": "Partial",
              "Parent Relationship": "Outer",
              "Parallel Aware": false,
              "Startup Cost": 222331.77,
              "Total Cost": 222331.78,
              "Plan Rows": 1,
              "Plan Width": 8,
              "Actual Startup Time": 1100.178,
              "Actual Total Time": 1100.182,
              "Actual Rows": 1,
              "Actual Loops": 4,
              "Plans": [
                {
                  "Node Type": "Nested Loop",
                  "Parent Relationship": "Outer",
                  "Parallel Aware": false,
                  "Join Type": "Inner",
                  "Startup Cost": 46166.53,
                  "Total Cost": 221831.17,
                  "Plan Rows": 200241,
                  "Plan Width": 0,
                  "Actual Startup Time": 229.334,
                  "Actual Total Time": 1085.073,
                  "Actual Rows": 226396,
                  "Actual Loops": 4,
                  "Inner Unique": false,
                  "Plans": [
                    {
                      "Node Type": "Hash Join",
                      "Parent Relationship": "Outer",
                      "Parallel Aware": true,
                      "Join Type": "Inner",
                      "Startup Cost": 46165.97,
                      "Total Cost": 77952.03,
                      "Plan Rows": 40580,
                      "Plan Width": 8,
                      "Actual Startup Time": 229.21,
                      "Actual Total Time": 303.344,
                      "Actual Rows": 27778,
                      "Actual Loops": 4,
                      "Inner Unique": true,
                      "Hash Cond": "(mc.movie_id = t.id)",
                      "Plans": [
                        {
                          "Node Type": "Seq Scan",
                          "Parent Relationship": "Outer",
                          "Parallel Aware": true,
                          "Relation Name": "movie_companies",
                          "Alias": "mc",
                          "Startup Cost": 0.0,
                          "Total Cost": 31414.82,
                          "Plan Rows": 141427,
                          "Plan Width": 4,
                          "Actual Startup Time": 34.686,
                          "Actual Total Time": 69.568,
                          "Actual Rows": 62822,
                          "Actual Loops": 4,
                          "Filter": "((company_id < 2473) AND (company_type_id > 1))",
                          "Rows Removed by Filter": 589461
                        },
                        {
                          "Node Type": "Hash",
                          "Parent Relationship": "Inner",
                          "Parallel Aware": true,
                          "Startup Cost": 43898.92,
                          "Total Cost": 43898.92,
                          "Plan Rows": 181364,
                          "Plan Width": 4,
                          "Actual Startup Time": 189.468,
                          "Actual Total Time": 189.469,
                          "Actual Rows": 182746,
                          "Actual Loops": 4,
                          "Hash Buckets": 1048576,
                          "Original Hash Buckets": 1048576,
                          "Hash Batches": 1,
                          "Original Hash Batches": 1,
                          "Peak Memory Usage": 36864,
                          "Plans": [
                            {
                              "Node Type": "Seq Scan",
                              "Parent Relationship": "Outer",
                              "Parallel Aware": true,
                              "Relation Name": "title",
                              "Alias": "t",
                              "Startup Cost": 0.0,
                              "Total Cost": 43898.92,
                              "Plan Rows": 181364,
                              "Plan Width": 4,
                              "Actual Startup Time": 0.04,
                              "Actual Total Time": 112.371,
                              "Actual Rows": 182746,
                              "Actual Loops": 4,
                              "Filter": "(production_year < 1992)",
                              "Rows Removed by Filter": 449332
                            }
                          ]
                        }
                      ]
                    },
                    {
                      "Node Type": "Index Scan",
                      "Parent Relationship": "Inner",
                      "Parallel Aware": false,
                      "Scan Direction": "Forward",
                      "Index Name": "movie_id_cast_info",
                      "Relation Name": "cast_info",
                      "Alias": "ci",
                      "Startup Cost": 0.56,
                      "Total Cost": 3.42,
                      "Plan Rows": 13,
                      "Plan Width": 4,
                      "Actual Startup Time": 0.006,
                      "Actual Total Time": 0.027,
                      "Actual Rows": 8,
                      "Actual Loops": 111111,
                      "Index Cond": "(movie_id = t.id)",
                      "Rows Removed by Index Recheck": 0,
                      "Filter": "(role_id < 2)",
                      "Rows Removed by Filter": 10
                    }
                  ]
                }
              ]
            }
          ]
        }
      ]
    },
    "Planning Time": 1.453,
    "Triggers": [],
    "Execution Time": 1182.063
  }
]