[
  {
    "Plan": {
      "Node Type": "Aggregate",
      "Strategy": "Plain",
      "Partial Mode": "Finalize",
      "Parallel Aware": false,
      "Startup Cost": 79364.39,
      "Total Cost": 79364.4,
      "Plan Rows": 1,
      "Plan Width": 8,
      "Actual Startup Time": 256.368,
      "Actual Total Time": 273.529,
      "Actual Rows": 1,
      "Actual Loops": 1,
      "Plans": [
        {
          "Node Type": "Gather",
          "Parent Relationship": "Outer",
          "Parallel Aware": false,
          "Startup Cost": 79364.07,
          "Total Cost": 79364.38,
          "Plan Rows": 3,
          "Plan Width": 8,
          "Actual Startup Time": 254.785,
          "Actual Total Time": 273.521,
          "Actual Rows": 4,
          "Actual Loops": 1,
          "Workers Planned": 3,
          "Workers Launched": 3,
          "Single Copy": false,
          "Plans": [
            {
              "Node Type": "Aggregate",
              "Strategy": "Plain",
              "Partial Mode": "Partial",
              "Parent Relationship": "Outer",
              "Parallel Aware": false,
              "Startup Cost": 78364.07,
              "Total Cost": 78364.08,
              "Plan Rows": 1,
              "Plan Width": 8,
              "Actual Startup Time": 245.889,
              "Actual Total Time": 245.963,
              "Actual Rows": 1,
              "Actual Loops": 4,
              "Plans": [
                {
                  "Node Type": "Hash Join",
                  "Parent Relationship": "Outer",
                  "Parallel Aware": true,
                  "Join Type": "Inner",
                  "Startup Cost": 46200.37,
                  "Total Cost": 78304.17,
                  "Plan Rows": 23961,
                  "Plan Width": 0,
                  "Actual Startup Time": 186.676,
                  "Actual Total Time": 242.836,
                  "Actual Rows": 76224,
                  "Actual Loops": 4,
                  "Inner Unique": true,
                  "Hash Cond": "(mc.movie_id = t.id)",
                  "Plans": [
                    {
                      "Node Type": "Seq Scan",
                      "Parent Relationship": "Outer",
                      "Parallel Aware": true,
                      "Relation Name": "movie_companies",
                      "Alias": "mc",
                      "Startup Cost": 0.0,
                      "Total Cost": 31414.82,
                      "Plan Rows": 262468,
                      "Plan Width": 4,
                      "Actual Startup Time": 30.149,
                      "Actual Total Time": 65.95,
                      "Actual Rows": 257790,
                      "Actual Loops": 4,
                      "Filter": "((company_id > 4803) AND (company_type_id = 2))",
                      "Rows Removed by Filter": 394493
                    },
                    {
                      "Node Type": "Hash",
                      "Parent Relationship": "Inner",
                      "Parallel Aware": true,
                      "Startup Cost": 45479.1,
                      "Total Cost": 45479.1,
                      "Plan Rows": 57702,
                      "Plan Width": 4,
                      "Actual Startup Time": 126.597,
                      "Actual Total Time": 126.598,
                      "Actual Rows": 88269,
                      "Actual Loops": 4,
                      "Hash Buckets": 524288,
                      "Original Hash Buckets": 262144,
                      "Hash Batches": 1,
                      "Original Hash Batches": 1,
                      "Peak Memory Usage": 20000,
                      "Plans": [
                        {
                          "Node Type": "Seq Scan",
                          "Parent Relationship": "Outer",
                          "Parallel Aware": true,
                          "Relation Name": "title",
                          "Alias": "t",
                          "Startup Cost": 0.0,
                          "Total Cost": 45479.1,
                          "Plan Rows": 57702,
                          "Plan Width": 4,
                          "Actual Startup Time": 58.987,
                          "Actual Total Time": 98.245,
                          "Actual Rows": 88269,
                          "Actual Loops": 4,
                          "Filter": "((kind_id < 2) AND (production_year < 1997))",
                          "Rows Removed by Filter": 543809
                        }
                      ]
                    }
                  ]
                }
              ]
            }
          ]
        }
      ]
    },
    "Planning Time": 0.674,
    "Triggers": [],
    "Execution Time": 273.599
  }
]