[
  {
    "Plan": {
      "Node Type": "Aggregate",
      "Strategy": "Plain",
      "Partial Mode": "Finalize",
      "Parallel Aware": false,
      "Startup Cost": 452359.75,
      "Total Cost": 452359.76,
      "Plan Rows": 1,
      "Plan Width": 8,
      "Actual Startup Time": 1234.064,
      "Actual Total Time": 1289.226,
      "Actual Rows": 1,
      "Actual Loops": 1,
      "Plans": [
        {
          "Node Type": "Gather",
          "Parent Relationship": "Outer",
          "Parallel Aware": false,
          "Startup Cost": 452359.43,
          "Total Cost": 452359.74,
          "Plan Rows": 3,
          "Plan Width": 8,
          "Actual Startup Time": 1223.999,
          "Actual Total Time": 1289.214,
          "Actual Rows": 4,
          "Actual Loops": 1,
          "Workers Planned": 3,
          "Workers Launched": 3,
          "Single Copy": false,
          "Plans": [
            {
              "Node Type": "Aggregate",
              "Strategy": "Plain",
              "Partial Mode": "Partial",
              "Parent Relationship": "Outer",
              "Parallel Aware": false,
              "Startup Cost": 451359.43,
              "Total Cost": 451359.44,
              "Plan Rows": 1,
              "Plan Width": 8,
              "Actual Startup Time": 1207.077,
              "Actual Total Time": 1207.401,
              "Actual Rows": 1,
              "Actual Loops": 4,
              "Plans": [
                {
                  "Node Type": "Hash Join",
                  "Parent Relationship": "Outer",
                  "Parallel Aware": true,
                  "Join Type": "Inner",
                  "Startup Cost": 398843.16,
                  "Total Cost": 446561.56,
                  "Plan Rows": 1919149,
                  "Plan Width": 0,
                  "Actual Startup Time": 970.407,
                  "Actual Total Time": 1204.381,
                  "Actual Rows": 50889,
                  "Actual Loops": 4,
                  "Inner Unique": false,
                  "Hash Cond": "(mk.movie_id = t.id)",
                  "Plans": [
                    {
                      "Node Type": "Seq Scan",
                      "Parent Relationship": "Outer",
                      "Parallel Aware": true,
                      "Relation Name": "movie_keyword",
                      "Alias": "mk",
                      "Startup Cost": 0.0,
                      "Total Cost": 39047.32,
                      "Plan Rows": 1459332,
                      "Plan Width": 4,
                      "Actual Startup Time": 0.034,
                      "Actual Total Time": 112.777,
                      "Actual Rows": 1130982,
                      "Actual Loops": 4
                    },
                    {
                      "Node Type": "Hash",
                      "Parent Relationship": "Inner",
                      "Parallel Aware": true,
                      "Startup Cost": 391915.88,
                      "Total Cost": 391915.88,
                      "Plan Rows": 554183,
                      "Plan Width": 8,
                      "Actual Startup Time": 958.923,
                      "Actual Total Time": 959.245,
                      "Actual Rows": 12515,
                      "Actual Loops": 4,
                      "Hash Buckets": 4194304,
                      "Original Hash Buckets": 4194304,
                      "Hash Batches": 1,
                      "Original Hash Batches": 1,
                      "Peak Memory Usage": 34784,
                      "Plans": [
                        {
                          "Node Type": "Hash Join",
                          "Parent Relationship": "Outer",
                          "Parallel Aware": true,
                          "Join Type": "Inner",
                          "Startup Cost": 47855.16,
                          "Total Cost": 391915.88,
                          "Plan Rows": 554183,
                          "Plan Width": 8,
                          "Actual Startup Time": 905.448,
                          "Actual Total Time": 931.093,
                          "Actual Rows": 12515,
                          "Actual Loops": 4,
                          "Inner Unique": true,
                          "Hash Cond": "(ci.movie_id = t.id)",
                          "Plans": [
                            {
                              "Node Type": "Index Scan",
                              "Parent Relationship": "Outer",
                              "Parallel Aware": true,
                              "Scan Direction": "Forward",
                              "Index Name": "role_id_cast_info",
                              "Relation Name": "cast_info",
                              "Alias": "ci",
                              "Startup Cost": 0.56,
                              "Total Cost": 341155.22,
                              "Plan Rows": 1107071,
                              "Plan Width": 4,
                              "Actual Startup Time": 597.889,
                              "Actual Total Time": 604.906,
                              "Actual Rows": 27545,
                              "Actual Loops": 4,
                              "Index Cond": "(role_id < 2)",
                              "Rows Removed by Index Recheck": 0,
                              "Filter": "(person_id > 1723895)",
                              "Rows Removed by Filter": 3140127
                            },
                            {
                              "Node Type": "Hash",
                              "Parent Relationship": "Inner",
                              "Parallel Aware": true,
                              "Startup Cost": 43899.32,
                              "Total Cost": 43899.32,
                              "Plan Rows": 316422,
                              "Plan Width": 4,
                              "Actual Startup Time": 302.624,
                              "Actual Total Time": 302.626,
                              "Actual Rows": 315074,
                              "Actual Loops": 4,
                              "Hash Buckets": 2097152,
                              "Original Hash Buckets": 2097152,
                              "Hash Batches": 1,
                              "Original Hash Batches": 1,
                              "Peak Memory Usage": 65728,
                              "Plans": [
                                {
                                  "Node Type": "Seq Scan",
                                  "Parent Relationship": "Outer",
                                  "Parallel Aware": true,
                                  "Relation Name": "title",
                                  "Alias": "t",
                                  "Startup Cost": 0.0,
                                  "Total Cost": 43899.32,
                                  "Plan Rows": 316422,
                                  "Plan Width": 4,
                                  "Actual Startup Time": 0.072,
                                  "Actual Total Time": 140.153,
                                  "Actual Rows": 315074,
                                  "Actual Loops": 4,
                                  "Filter": "(production_year > 2002)",
                                  "Rows Removed by Filter": 317004
                                }
                              ]
                            }
                          ]
                        }
                      ]
                    }
                  ]
                }
              ]
            }
          ]
        }
      ]
    },
    "Planning Time": 0.676,
    "Triggers": [],
    "Execution Time": 1289.289
  }
]