[
    {
        "Bao": {
            "Bao prediction": "NaN",
            "Bao recommended hint": "(no hint)"
        }
    },
    {
        "Plan": {
            "Node Type": "Aggregate",
            "Strategy": "Plain",
            "Partial Mode": "Finalize",
            "Parallel Aware": false,
            "Startup Cost": 45222.95,
            "Total Cost": 45222.96,
            "Plan Rows": 1,
            "Plan Width": 8,
            "Actual Startup Time": 165.869,
            "Actual Total Time": 175.849,
            "Actual Rows": 1,
            "Actual Loops": 1,
            "Output": [
                "count(*)"
            ],
            "Plans": [
                {
                    "Node Type": "Gather",
                    "Parent Relationship": "Outer",
                    "Parallel Aware": false,
                    "Startup Cost": 45222.64,
                    "Total Cost": 45222.95,
                    "Plan Rows": 3,
                    "Plan Width": 8,
                    "Actual Startup Time": 165.761,
                    "Actual Total Time": 175.841,
                    "Actual Rows": 4,
                    "Actual Loops": 1,
                    "Output": [
                        "(PARTIAL count(*))"
                    ],
                    "Workers Planned": 3,
                    "Workers Launched": 3,
                    "Single Copy": false,
                    "Plans": [
                        {
                            "Node Type": "Aggregate",
                            "Strategy": "Plain",
                            "Partial Mode": "Partial",
                            "Parent Relationship": "Outer",
                            "Parallel Aware": false,
                            "Startup Cost": 44222.64,
                            "Total Cost": 44222.65,
                            "Plan Rows": 1,
                            "Plan Width": 8,
                            "Actual Startup Time": 157.572,
                            "Actual Total Time": 157.573,
                            "Actual Rows": 1,
                            "Actual Loops": 4,
                            "Output": [
                                "PARTIAL count(*)"
                            ],
                            "Workers": [
                                {
                                    "Worker Number": 0,
                                    "Actual Startup Time": 154.709,
                                    "Actual Total Time": 154.71,
                                    "Actual Rows": 1,
                                    "Actual Loops": 1
                                },
                                {
                                    "Worker Number": 1,
                                    "Actual Startup Time": 154.9,
                                    "Actual Total Time": 154.902,
                                    "Actual Rows": 1,
                                    "Actual Loops": 1
                                },
                                {
                                    "Worker Number": 2,
                                    "Actual Startup Time": 155.172,
                                    "Actual Total Time": 155.173,
                                    "Actual Rows": 1,
                                    "Actual Loops": 1
                                }
                            ],
                            "Plans": [
                                {
                                    "Node Type": "Seq Scan",
                                    "Parent Relationship": "Outer",
                                    "Parallel Aware": true,
                                    "Relation Name": "movie_keyword",
                                    "Schema": "public",
                                    "Alias": "mk",
                                    "Startup Cost": 0.0,
                                    "Total Cost": 42695.65,
                                    "Plan Rows": 610793,
                                    "Plan Width": 0,
                                    "Actual Startup Time": 0.053,
                                    "Actual Total Time": 128.714,
                                    "Actual Rows": 471138,
                                    "Actual Loops": 4,
                                    "Output": [
                                        "id",
                                        "movie_id",
                                        "keyword_id"
                                    ],
                                    "Filter": "(mk.keyword_id < 3221)",
                                    "Rows Removed by Filter": 659845,
                                    "Workers": [
                                        {
                                            "Worker Number": 0,
                                            "Actual Startup Time": 0.06,
                                            "Actual Total Time": 127.455,
                                            "Actual Rows": 360491,
                                            "Actual Loops": 1
                                        },
                                        {
                                            "Worker Number": 1,
                                            "Actual Startup Time": 0.07,
                                            "Actual Total Time": 127.619,
                                            "Actual Rows": 365708,
                                            "Actual Loops": 1
                                        },
                                        {
                                            "Worker Number": 2,
                                            "Actual Startup Time": 0.069,
                                            "Actual Total Time": 127.921,
                                            "Actual Rows": 361215,
                                            "Actual Loops": 1
                                        }
                                    ]
                                }
                            ]
                        }
                    ]
                }
            ]
        },
        "Planning Time": 179.958,
        "Triggers": [],
        "Execution Time": 175.902
    }
]