[
  {
    "Plan": {
      "Node Type": "Aggregate",
      "Strategy": "Plain",
      "Partial Mode": "Finalize",
      "Parallel Aware": false,
      "Startup Cost": 349415.32,
      "Total Cost": 349415.33,
      "Plan Rows": 1,
      "Plan Width": 8,
      "Actual Startup Time": 685.434,
      "Actual Total Time": 739.661,
      "Actual Rows": 1,
      "Actual Loops": 1,
      "Plans": [
        {
          "Node Type": "Gather",
          "Parent Relationship": "Outer",
          "Parallel Aware": false,
          "Startup Cost": 349414.7,
          "Total Cost": 349415.31,
          "Plan Rows": 6,
          "Plan Width": 8,
          "Actual Startup Time": 685.314,
          "Actual Total Time": 739.649,
          "Actual Rows": 7,
          "Actual Loops": 1,
          "Workers Planned": 6,
          "Workers Launched": 6,
          "Single Copy": false,
          "Plans": [
            {
              "Node Type": "Aggregate",
              "Strategy": "Plain",
              "Partial Mode": "Partial",
              "Parent Relationship": "Outer",
              "Parallel Aware": false,
              "Startup Cost": 348414.7,
              "Total Cost": 348414.71,
              "Plan Rows": 1,
              "Plan Width": 8,
              "Actual Startup Time": 674.773,
              "Actual Total Time": 674.775,
              "Actual Rows": 1,
              "Actual Loops": 7,
              "Plans": [
                {
                  "Node Type": "Seq Scan",
                  "Parent Relationship": "Outer",
                  "Parallel Aware": true,
                  "Relation Name": "cast_info",
                  "Alias": "ci",
                  "Startup Cost": 0.0,
                  "Total Cost": 343257.03,
                  "Plan Rows": 2063068,
                  "Plan Width": 0,
                  "Actual Startup Time": 230.845,
                  "Actual Total Time": 635.068,
                  "Actual Rows": 897423,
                  "Actual Loops": 7,
                  "Filter": "((person_id < 1890097) AND (role_id > 1))",
                  "Rows Removed by Filter": 4280340
                }
              ]
            }
          ]
        }
      ]
    },
    "Planning Time": 0.208,
    "Triggers": [],
    "Execution Time": 739.733
  }
]