{
  "Plan": {
    "Node Type": "Aggregate",
    "Strategy": "Plain",
    "Partial Mode": "Finalize",
    "Parallel Aware": false,
    "Startup Cost": 113200.4,
    "Total Cost": 113200.41,
    "Plan Rows": 1,
    "Plan Width": 8,
    "Actual Startup Time": 569.6,
    "Actual Total Time": 583.3,
    "Actual Rows": 1,
    "Actual Loops": 1,
    "Plans": [
      {
        "Node Type": "Gather",
        "Parent Relationship": "Outer",
        "Parallel Aware": false,
        "Startup Cost": 113200.29,
        "Total Cost": 113200.4,
        "Plan Rows": 1,
        "Plan Width": 8,
        "Actual Startup Time": 566.758,
        "Actual Total Time": 583.291,
        "Actual Rows": 2,
        "Actual Loops": 1,
        "Workers Planned": 1,
        "Workers Launched": 1,
        "Single Copy": false,
        "Plans": [
          {
            "Node Type": "Aggregate",
            "Strategy": "Plain",
            "Partial Mode": "Partial",
            "Parent Relationship": "Outer",
            "Parallel Aware": false,
            "Startup Cost": 112200.29,
            "Total Cost": 112200.3,
            "Plan Rows": 1,
            "Plan Width": 8,
            "Actual Startup Time": 558.56,
            "Actual Total Time": 558.564,
            "Actual Rows": 1,
            "Actual Loops": 2,
            "Plans": [
              {
                "Node Type": "Hash Join",
                "Parent Relationship": "Outer",
                "Parallel Aware": true,
                "Join Type": "Inner",
                "Startup Cost": 80267.57,
                "Total Cost": 111634.99,
                "Plan Rows": 226120,
                "Plan Width": 0,
                "Actual Startup Time": 391.986,
                "Actual Total Time": 547.791,
                "Actual Rows": 245206,
                "Actual Loops": 2,
                "Inner Unique": true,
                "Hash Cond": "(mk.movie_id = t.id)",
                "Plans": [
                  {
                    "Node Type": "Bitmap Heap Scan",
                    "Parent Relationship": "Outer",
                    "Parallel Aware": true,
                    "Relation Name": "movie_keyword",
                    "Alias": "mk",
                    "Startup Cost": 16482.54,
                    "Total Cost": 46650.11,
                    "Plan Rows": 457086,
                    "Plan Width": 4,
                    "Actual Startup Time": 50.211,
                    "Actual Total Time": 127.711,
                    "Actual Rows": 383957,
                    "Actual Loops": 2,
                    "Recheck Cond": "(keyword_id > 24382)",
                    "Rows Removed by Index Recheck": 0,
                    "Exact Heap Blocks": 13508,
                    "Lossy Heap Blocks": 0,
                    "Plans": [
                      {
                        "Node Type": "Bitmap Index Scan",
                        "Parent Relationship": "Outer",
                        "Parallel Aware": false,
                        "Index Name": "keyword_id_movie_keyword",
                        "Startup Cost": 0.0,
                        "Total Cost": 16288.28,
                        "Plan Rows": 777046,
                        "Plan Width": 0,
                        "Actual Startup Time": 46.616,
                        "Actual Total Time": 46.617,
                        "Actual Rows": 767914,
                        "Actual Loops": 1,
                        "Index Cond": "(keyword_id > 24382)"
                      }
                    ]
                  },
                  {
                    "Node Type": "Hash",
                    "Parent Relationship": "Inner",
                    "Parallel Aware": true,
                    "Startup Cost": 54588.39,
                    "Total Cost": 54588.39,
                    "Plan Rows": 735731,
                    "Plan Width": 4,
                    "Actual Startup Time": 327.184,
                    "Actual Total Time": 327.185,
                    "Actual Rows": 631850,
                    "Actual Loops": 2,
                    "Hash Buckets": 2097152,
                    "Original Hash Buckets": 2097152,
                    "Hash Batches": 1,
                    "Original Hash Batches": 1,
                    "Peak Memory Usage": 65856,
                    "Plans": [
                      {
                        "Node Type": "Seq Scan",
                        "Parent Relationship": "Outer",
                        "Parallel Aware": true,
                        "Relation Name": "title",
                        "Alias": "t",
                        "Startup Cost": 0.0,
                        "Total Cost": 54588.39,
                        "Plan Rows": 735731,
                        "Plan Width": 4,
                        "Actual Startup Time": 0.023,
                        "Actual Total Time": 160.111,
                        "Actual Rows": 631850,
                        "Actual Loops": 2,
                        "Filter": "(production_year < 2004)",
                        "Rows Removed by Filter": 632306
                      }
                    ]
                  }
                ]
              }
            ]
          }
        ]
      }
    ]
  },
  "Planning Time": 0.45,
  "Triggers": [],
  "Execution Time": 583.392
}