{
  "Plan": {
    "Node Type": "Aggregate",
    "Strategy": "Plain",
    "Partial Mode": "Finalize",
    "Parallel Aware": false,
    "Startup Cost": 140152.15,
    "Total Cost": 140152.16,
    "Plan Rows": 1,
    "Plan Width": 8,
    "Actual Startup Time": 122.416,
    "Actual Total Time": 134.58,
    "Actual Rows": 1,
    "Actual Loops": 1,
    "Plans": [
      {
        "Node Type": "Gather",
        "Parent Relationship": "Outer",
        "Parallel Aware": false,
        "Startup Cost": 140152.04,
        "Total Cost": 140152.15,
        "Plan Rows": 1,
        "Plan Width": 8,
        "Actual Startup Time": 122.276,
        "Actual Total Time": 134.574,
        "Actual Rows": 2,
        "Actual Loops": 1,
        "Workers Planned": 1,
        "Workers Launched": 1,
        "Single Copy": false,
        "Plans": [
          {
            "Node Type": "Aggregate",
            "Strategy": "Plain",
            "Partial Mode": "Partial",
            "Parent Relationship": "Outer",
            "Parallel Aware": false,
            "Startup Cost": 139152.04,
            "Total Cost": 139152.05,
            "Plan Rows": 1,
            "Plan Width": 8,
            "Actual Startup Time": 119.481,
            "Actual Total Time": 119.483,
            "Actual Rows": 1,
            "Actual Loops": 2,
            "Plans": [
              {
                "Node Type": "Nested Loop",
                "Parent Relationship": "Outer",
                "Parallel Aware": false,
                "Join Type": "Inner",
                "Startup Cost": 11823.52,
                "Total Cost": 139143.86,
                "Plan Rows": 3271,
                "Plan Width": 0,
                "Actual Startup Time": 31.503,
                "Actual Total Time": 118.494,
                "Actual Rows": 14691,
                "Actual Loops": 2,
                "Inner Unique": false,
                "Plans": [
                  {
                    "Node Type": "Bitmap Heap Scan",
                    "Parent Relationship": "Outer",
                    "Parallel Aware": true,
                    "Relation Name": "title",
                    "Alias": "t",
                    "Startup Cost": 11823.09,
                    "Total Cost": 53673.35,
                    "Plan Rows": 559,
                    "Plan Width": 4,
                    "Actual Startup Time": 31.299,
                    "Actual Total Time": 80.685,
                    "Actual Rows": 1270,
                    "Actual Loops": 2,
                    "Recheck Cond": "(kind_id = 1)",
                    "Rows Removed by Index Recheck": 0,
                    "Filter": "(production_year = 1930)",
                    "Rows Removed by Filter": 330142,
                    "Exact Heap Blocks": 9880,
                    "Lossy Heap Blocks": 0,
                    "Plans": [
                      {
                        "Node Type": "Bitmap Index Scan",
                        "Parent Relationship": "Outer",
                        "Parallel Aware": false,
                        "Index Name": "kind_id_title",
                        "Startup Cost": 0.0,
                        "Total Cost": 11822.85,
                        "Plan Rows": 663256,
                        "Plan Width": 0,
                        "Actual Startup Time": 31.434,
                        "Actual Total Time": 31.435,
                        "Actual Rows": 662825,
                        "Actual Loops": 1,
                        "Index Cond": "(kind_id = 1)"
                      }
                    ]
                  },
                  {
                    "Node Type": "Index Only Scan",
                    "Parent Relationship": "Inner",
                    "Parallel Aware": false,
                    "Scan Direction": "Forward",
                    "Index Name": "movie_id_movie_info",
                    "Relation Name": "movie_info",
                    "Alias": "mi",
                    "Startup Cost": 0.43,
                    "Total Cost": 152.48,
                    "Plan Rows": 42,
                    "Plan Width": 4,
                    "Actual Startup Time": 0.011,
                    "Actual Total Time": 0.028,
                    "Actual Rows": 12,
                    "Actual Loops": 2540,
                    "Index Cond": "(movie_id = t.id)",
                    "Rows Removed by Index Recheck": 0,
                    "Heap Fetches": 29382
                  }
                ]
              }
            ]
          }
        ]
      }
    ]
  },
  "Planning Time": 0.284,
  "Triggers": [],
  "Execution Time": 134.645
}