[
  {
    "Plan": {
      "Node Type": "Aggregate",
      "Strategy": "Plain",
      "Partial Mode": "Finalize",
      "Parallel Aware": false,
      "Startup Cost": 220170.29,
      "Total Cost": 220170.3,
      "Plan Rows": 1,
      "Plan Width": 8,
      "Actual Startup Time": 178.907,
      "Actual Total Time": 194.779,
      "Actual Rows": 1,
      "Actual Loops": 1,
      "Plans": [
        {
          "Node Type": "Gather",
          "Parent Relationship": "Outer",
          "Parallel Aware": false,
          "Startup Cost": 220169.76,
          "Total Cost": 220170.27,
          "Plan Rows": 5,
          "Plan Width": 8,
          "Actual Startup Time": 178.642,
          "Actual Total Time": 194.769,
          "Actual Rows": 6,
          "Actual Loops": 1,
          "Workers Planned": 5,
          "Workers Launched": 5,
          "Single Copy": false,
          "Plans": [
            {
              "Node Type": "Aggregate",
              "Strategy": "Plain",
              "Partial Mode": "Partial",
              "Parent Relationship": "Outer",
              "Parallel Aware": false,
              "Startup Cost": 219169.76,
              "Total Cost": 219169.77,
              "Plan Rows": 1,
              "Plan Width": 8,
              "Actual Startup Time": 167.98,
              "Actual Total Time": 167.985,
              "Actual Rows": 1,
              "Actual Loops": 6,
              "Plans": [
                {
                  "Node Type": "Hash Join",
                  "Parent Relationship": "Outer",
                  "Parallel Aware": true,
                  "Join Type": "Inner",
                  "Startup Cost": 55508.53,
                  "Total Cost": 219168.12,
                  "Plan Rows": 659,
                  "Plan Width": 0,
                  "Actual Startup Time": 139.512,
                  "Actual Total Time": 167.968,
                  "Actual Rows": 66,
                  "Actual Loops": 6,
                  "Inner Unique": true,
                  "Hash Cond": "(mi.movie_id = t.id)",
                  "Plans": [
                    {
                      "Node Type": "Bitmap Heap Scan",
                      "Parent Relationship": "Outer",
                      "Parallel Aware": true,
                      "Relation Name": "movie_info",
                      "Alias": "mi",
                      "Startup Cost": 9982.2,
                      "Total Cost": 173352.55,
                      "Plan Rows": 110188,
                      "Plan Width": 4,
                      "Actual Startup Time": 33.04,
                      "Actual Total Time": 59.081,
                      "Actual Rows": 87794,
                      "Actual Loops": 6,
                      "Recheck Cond": "(info_type_id > 102)",
                      "Rows Removed by Index Recheck": 0,
                      "Exact Heap Blocks": 1628,
                      "Lossy Heap Blocks": 0,
                      "Plans": [
                        {
                          "Node Type": "Bitmap Index Scan",
                          "Parent Relationship": "Outer",
                          "Parallel Aware": false,
                          "Index Name": "info_type_id_movie_info",
                          "Startup Cost": 0.0,
                          "Total Cost": 9844.47,
                          "Plan Rows": 550938,
                          "Plan Width": 0,
                          "Actual Startup Time": 31.537,
                          "Actual Total Time": 31.538,
                          "Actual Rows": 526764,
                          "Actual Loops": 1,
                          "Index Cond": "(info_type_id > 102)"
                        }
                      ]
                    },
                    {
                      "Node Type": "Hash",
                      "Parent Relationship": "Inner",
                      "Parallel Aware": true,
                      "Startup Cost": 45479.1,
                      "Total Cost": 45479.1,
                      "Plan Rows": 3778,
                      "Plan Width": 4,
                      "Actual Startup Time": 93.593,
                      "Actual Total Time": 93.594,
                      "Actual Rows": 2388,
                      "Actual Loops": 6,
                      "Hash Buckets": 16384,
                      "Original Hash Buckets": 16384,
                      "Hash Batches": 1,
                      "Original Hash Batches": 1,
                      "Peak Memory Usage": 832,
                      "Plans": [
                        {
                          "Node Type": "Seq Scan",
                          "Parent Relationship": "Outer",
                          "Parallel Aware": true,
                          "Relation Name": "title",
                          "Alias": "t",
                          "Startup Cost": 0.0,
                          "Total Cost": 45479.1,
                          "Plan Rows": 3778,
                          "Plan Width": 4,
                          "Actual Startup Time": 0.127,
                          "Actual Total Time": 91.701,
                          "Actual Rows": 2388,
                          "Actual Loops": 6,
                          "Filter": "((kind_id = 7) AND (production_year = 1991))",
                          "Rows Removed by Filter": 418998
                        }
                      ]
                    }
                  ]
                }
              ]
            }
          ]
        }
      ]
    },
    "Planning Time": 0.681,
    "Triggers": [],
    "Execution Time": 194.876
  }
]