[
  {
    "Plan": {
      "Node Type": "Aggregate",
      "Strategy": "Plain",
      "Partial Mode": "Finalize",
      "Parallel Aware": false,
      "Startup Cost": 342344.4,
      "Total Cost": 342344.41,
      "Plan Rows": 1,
      "Plan Width": 8,
      "Actual Startup Time": 846.905,
      "Actual Total Time": 890.195,
      "Actual Rows": 1,
      "Actual Loops": 1,
      "Plans": [
        {
          "Node Type": "Gather",
          "Parent Relationship": "Outer",
          "Parallel Aware": false,
          "Startup Cost": 342343.78,
          "Total Cost": 342344.39,
          "Plan Rows": 6,
          "Plan Width": 8,
          "Actual Startup Time": 846.611,
          "Actual Total Time": 890.183,
          "Actual Rows": 7,
          "Actual Loops": 1,
          "Workers Planned": 6,
          "Workers Launched": 6,
          "Single Copy": false,
          "Plans": [
            {
              "Node Type": "Aggregate",
              "Strategy": "Plain",
              "Partial Mode": "Partial",
              "Parent Relationship": "Outer",
              "Parallel Aware": false,
              "Startup Cost": 341343.78,
              "Total Cost": 341343.79,
              "Plan Rows": 1,
              "Plan Width": 8,
              "Actual Startup Time": 839.591,
              "Actual Total Time": 839.592,
              "Actual Rows": 1,
              "Actual Loops": 7,
              "Plans": [
                {
                  "Node Type": "Seq Scan",
                  "Parent Relationship": "Outer",
                  "Parallel Aware": true,
                  "Relation Name": "cast_info",
                  "Alias": "ci",
                  "Startup Cost": 0.0,
                  "Total Cost": 328211.39,
                  "Plan Rows": 5252955,
                  "Plan Width": 0,
                  "Actual Startup Time": 0.045,
                  "Actual Total Time": 630.776,
                  "Actual Rows": 4506372,
                  "Actual Loops": 7,
                  "Filter": "(person_id < 3211055)",
                  "Rows Removed by Filter": 671391
                }
              ]
            }
          ]
        }
      ]
    },
    "Planning Time": 0.109,
    "Triggers": [],
    "Execution Time": 890.239
  }
]