[
  {
    "Plan": {
      "Node Type": "Aggregate",
      "Strategy": "Plain",
      "Partial Mode": "Finalize",
      "Parallel Aware": false,
      "Startup Cost": 44535.08,
      "Total Cost": 44535.09,
      "Plan Rows": 1,
      "Plan Width": 8,
      "Actual Startup Time": 127.861,
      "Actual Total Time": 137.497,
      "Actual Rows": 1,
      "Actual Loops": 1,
      "Plans": [
        {
          "Node Type": "Gather",
          "Parent Relationship": "Outer",
          "Parallel Aware": false,
          "Startup Cost": 44534.76,
          "Total Cost": 44535.07,
          "Plan Rows": 3,
          "Plan Width": 8,
          "Actual Startup Time": 127.732,
          "Actual Total Time": 137.488,
          "Actual Rows": 4,
          "Actual Loops": 1,
          "Workers Planned": 3,
          "Workers Launched": 3,
          "Single Copy": false,
          "Plans": [
            {
              "Node Type": "Aggregate",
              "Strategy": "Plain",
              "Partial Mode": "Partial",
              "Parent Relationship": "Outer",
              "Parallel Aware": false,
              "Startup Cost": 43534.76,
              "Total Cost": 43534.77,
              "Plan Rows": 1,
              "Plan Width": 8,
              "Actual Startup Time": 119.387,
              "Actual Total Time": 119.388,
              "Actual Rows": 1,
              "Actual Loops": 4,
              "Plans": [
                {
                  "Node Type": "Seq Scan",
                  "Parent Relationship": "Outer",
                  "Parallel Aware": true,
                  "Relation Name": "movie_keyword",
                  "Alias": "mk",
                  "Startup Cost": 0.0,
                  "Total Cost": 42695.65,
                  "Plan Rows": 335644,
                  "Plan Width": 0,
                  "Actual Startup Time": 0.061,
                  "Actual Total Time": 105.87,
                  "Actual Rows": 261263,
                  "Actual Loops": 4,
                  "Filter": "(keyword_id < 1041)",
                  "Rows Removed by Filter": 869719
                }
              ]
            }
          ]
        }
      ]
    },
    "Planning Time": 0.16,
    "Triggers": [],
    "Execution Time": 137.548
  }
]