[
    {
        "Bao": {
            "Bao prediction": "NaN",
            "Bao recommended hint": "(no hint)"
        }
    },
    {
        "Plan": {
            "Node Type": "Aggregate",
            "Strategy": "Plain",
            "Partial Mode": "Finalize",
            "Parallel Aware": false,
            "Startup Cost": 332490.57,
            "Total Cost": 332490.58,
            "Plan Rows": 1,
            "Plan Width": 8,
            "Actual Startup Time": 646.602,
            "Actual Total Time": 677.22,
            "Actual Rows": 1,
            "Actual Loops": 1,
            "Output": [
                "count(*)"
            ],
            "Plans": [
                {
                    "Node Type": "Gather",
                    "Parent Relationship": "Outer",
                    "Parallel Aware": false,
                    "Startup Cost": 332489.95,
                    "Total Cost": 332490.56,
                    "Plan Rows": 6,
                    "Plan Width": 8,
                    "Actual Startup Time": 646.494,
                    "Actual Total Time": 677.212,
                    "Actual Rows": 7,
                    "Actual Loops": 1,
                    "Output": [
                        "(PARTIAL count(*))"
                    ],
                    "Workers Planned": 6,
                    "Workers Launched": 6,
                    "Single Copy": false,
                    "Plans": [
                        {
                            "Node Type": "Aggregate",
                            "Strategy": "Plain",
                            "Partial Mode": "Partial",
                            "Parent Relationship": "Outer",
                            "Parallel Aware": false,
                            "Startup Cost": 331489.95,
                            "Total Cost": 331489.96,
                            "Plan Rows": 1,
                            "Plan Width": 8,
                            "Actual Startup Time": 636.261,
                            "Actual Total Time": 636.262,
                            "Actual Rows": 1,
                            "Actual Loops": 7,
                            "Output": [
                                "PARTIAL count(*)"
                            ],
                            "Workers": [
                                {
                                    "Worker Number": 0,
                                    "Actual Startup Time": 634.114,
                                    "Actual Total Time": 634.115,
                                    "Actual Rows": 1,
                                    "Actual Loops": 1
                                },
                                {
                                    "Worker Number": 1,
                                    "Actual Startup Time": 634.181,
                                    "Actual Total Time": 634.182,
                                    "Actual Rows": 1,
                                    "Actual Loops": 1
                                },
                                {
                                    "Worker Number": 2,
                                    "Actual Startup Time": 634.144,
                                    "Actual Total Time": 634.145,
                                    "Actual Rows": 1,
                                    "Actual Loops": 1
                                },
                                {
                                    "Worker Number": 3,
                                    "Actual Startup Time": 634.941,
                                    "Actual Total Time": 634.941,
                                    "Actual Rows": 1,
                                    "Actual Loops": 1
                                },
                                {
                                    "Worker Number": 4,
                                    "Actual Startup Time": 635.467,
                                    "Actual Total Time": 635.468,
                                    "Actual Rows": 1,
                                    "Actual Loops": 1
                                },
                                {
                                    "Worker Number": 5,
                                    "Actual Startup Time": 635.37,
                                    "Actual Total Time": 635.372,
                                    "Actual Rows": 1,
                                    "Actual Loops": 1
                                }
                            ],
                            "Plans": [
                                {
                                    "Node Type": "Seq Scan",
                                    "Parent Relationship": "Outer",
                                    "Parallel Aware": true,
                                    "Relation Name": "cast_info",
                                    "Schema": "public",
                                    "Alias": "ci",
                                    "Startup Cost": 0.0,
                                    "Total Cost": 328213.62,
                                    "Plan Rows": 1310533,
                                    "Plan Width": 0,
                                    "Actual Startup Time": 337.479,
                                    "Actual Total Time": 578.183,
                                    "Actual Rows": 1120905,
                                    "Actual Loops": 7,
                                    "Output": [
                                        "id",
                                        "person_id",
                                        "movie_id",
                                        "person_role_id",
                                        "note",
                                        "nr_order",
                                        "role_id"
                                    ],
                                    "Filter": "(ci.person_id > 2893410)",
                                    "Rows Removed by Filter": 4056859,
                                    "Workers": [
                                        {
                                            "Worker Number": 0,
                                            "Actual Startup Time": 335.345,
                                            "Actual Total Time": 576.628,
                                            "Actual Rows": 864469,
                                            "Actual Loops": 1
                                        },
                                        {
                                            "Worker Number": 1,
                                            "Actual Startup Time": 335.404,
                                            "Actual Total Time": 578.811,
                                            "Actual Rows": 1345698,
                                            "Actual Loops": 1
                                        },
                                        {
                                            "Worker Number": 2,
                                            "Actual Startup Time": 335.363,
                                            "Actual Total Time": 578.529,
                                            "Actual Rows": 1341478,
                                            "Actual Loops": 1
                                        },
                                        {
                                            "Worker Number": 3,
                                            "Actual Startup Time": 336.144,
                                            "Actual Total Time": 577.704,
                                            "Actual Rows": 858564,
                                            "Actual Loops": 1
                                        },
                                        {
                                            "Worker Number": 4,
                                            "Actual Startup Time": 336.672,
                                            "Actual Total Time": 578.058,
                                            "Actual Rows": 862053,
                                            "Actual Loops": 1
                                        },
                                        {
                                            "Worker Number": 5,
                                            "Actual Startup Time": 336.602,
                                            "Actual Total Time": 578.818,
                                            "Actual Rows": 846241,
                                            "Actual Loops": 1
                                        }
                                    ]
                                }
                            ]
                        }
                    ]
                }
            ]
        },
        "Planning Time": 237.881,
        "Triggers": [],
        "Execution Time": 677.314
    }
]