[
  {
    "Plan": {
      "Node Type": "Aggregate",
      "Strategy": "Plain",
      "Partial Mode": "Finalize",
      "Parallel Aware": false,
      "Startup Cost": 333185.26,
      "Total Cost": 333185.27,
      "Plan Rows": 1,
      "Plan Width": 8,
      "Actual Startup Time": 593.728,
      "Actual Total Time": 653.381,
      "Actual Rows": 1,
      "Actual Loops": 1,
      "Plans": [
        {
          "Node Type": "Gather",
          "Parent Relationship": "Outer",
          "Parallel Aware": false,
          "Startup Cost": 333184.63,
          "Total Cost": 333185.24,
          "Plan Rows": 6,
          "Plan Width": 8,
          "Actual Startup Time": 593.627,
          "Actual Total Time": 653.371,
          "Actual Rows": 7,
          "Actual Loops": 1,
          "Workers Planned": 6,
          "Workers Launched": 6,
          "Single Copy": false,
          "Plans": [
            {
              "Node Type": "Aggregate",
              "Strategy": "Plain",
              "Partial Mode": "Partial",
              "Parent Relationship": "Outer",
              "Parallel Aware": false,
              "Startup Cost": 332184.63,
              "Total Cost": 332184.64,
              "Plan Rows": 1,
              "Plan Width": 8,
              "Actual Startup Time": 583.808,
              "Actual Total Time": 583.809,
              "Actual Rows": 1,
              "Actual Loops": 7,
              "Plans": [
                {
                  "Node Type": "Seq Scan",
                  "Parent Relationship": "Outer",
                  "Parallel Aware": true,
                  "Relation Name": "cast_info",
                  "Alias": "ci",
                  "Startup Cost": 0.0,
                  "Total Cost": 328162.03,
                  "Plan Rows": 1609042,
                  "Plan Width": 0,
                  "Actual Startup Time": 0.052,
                  "Actual Total Time": 524.684,
                  "Actual Rows": 1391143,
                  "Actual Loops": 7,
                  "Filter": "(person_id < 957011)",
                  "Rows Removed by Filter": 3786620
                }
              ]
            }
          ]
        }
      ]
    },
    "Planning Time": 0.194,
    "Triggers": [],
    "Execution Time": 653.453
  }
]