[
    {
        "Bao": {
            "Bao prediction": 1131.816,
            "Bao recommended hint": "SET enable_nestloop TO off; "
        }
    },
    {
        "Plan": {
            "Node Type": "Aggregate",
            "Strategy": "Plain",
            "Partial Mode": "Finalize",
            "Parallel Aware": false,
            "Startup Cost": 283062.19,
            "Total Cost": 283062.2,
            "Plan Rows": 1,
            "Plan Width": 8,
            "Actual Startup Time": 866.88,
            "Actual Total Time": 886.109,
            "Actual Rows": 1,
            "Actual Loops": 1,
            "Output": [
                "count(*)"
            ],
            "Plans": [
                {
                    "Node Type": "Gather",
                    "Parent Relationship": "Outer",
                    "Parallel Aware": false,
                    "Startup Cost": 283061.87,
                    "Total Cost": 283062.18,
                    "Plan Rows": 3,
                    "Plan Width": 8,
                    "Actual Startup Time": 866.472,
                    "Actual Total Time": 886.1,
                    "Actual Rows": 4,
                    "Actual Loops": 1,
                    "Output": [
                        "(PARTIAL count(*))"
                    ],
                    "Workers Planned": 3,
                    "Workers Launched": 3,
                    "Single Copy": false,
                    "Plans": [
                        {
                            "Node Type": "Aggregate",
                            "Strategy": "Plain",
                            "Partial Mode": "Partial",
                            "Parent Relationship": "Outer",
                            "Parallel Aware": false,
                            "Startup Cost": 282061.87,
                            "Total Cost": 282061.88,
                            "Plan Rows": 1,
                            "Plan Width": 8,
                            "Actual Startup Time": 857.963,
                            "Actual Total Time": 857.969,
                            "Actual Rows": 1,
                            "Actual Loops": 4,
                            "Output": [
                                "PARTIAL count(*)"
                            ],
                            "Workers": [
                                {
                                    "Worker Number": 0,
                                    "Actual Startup Time": 855.176,
                                    "Actual Total Time": 855.181,
                                    "Actual Rows": 1,
                                    "Actual Loops": 1
                                },
                                {
                                    "Worker Number": 1,
                                    "Actual Startup Time": 855.419,
                                    "Actual Total Time": 855.425,
                                    "Actual Rows": 1,
                                    "Actual Loops": 1
                                },
                                {
                                    "Worker Number": 2,
                                    "Actual Startup Time": 855.541,
                                    "Actual Total Time": 855.547,
                                    "Actual Rows": 1,
                                    "Actual Loops": 1
                                }
                            ],
                            "Plans": [
                                {
                                    "Node Type": "Hash Join",
                                    "Parent Relationship": "Outer",
                                    "Parallel Aware": true,
                                    "Join Type": "Inner",
                                    "Startup Cost": 237412.42,
                                    "Total Cost": 281989.85,
                                    "Plan Rows": 28807,
                                    "Plan Width": 0,
                                    "Actual Startup Time": 689.985,
                                    "Actual Total Time": 857.129,
                                    "Actual Rows": 20071,
                                    "Actual Loops": 4,
                                    "Inner Unique": false,
                                    "Hash Cond": "(mk.movie_id = t.id)",
                                    "Workers": [
                                        {
                                            "Worker Number": 0,
                                            "Actual Startup Time": 687.239,
                                            "Actual Total Time": 854.37,
                                            "Actual Rows": 19823,
                                            "Actual Loops": 1
                                        },
                                        {
                                            "Worker Number": 1,
                                            "Actual Startup Time": 687.53,
                                            "Actual Total Time": 854.51,
                                            "Actual Rows": 20807,
                                            "Actual Loops": 1
                                        },
                                        {
                                            "Worker Number": 2,
                                            "Actual Startup Time": 687.488,
                                            "Actual Total Time": 854.718,
                                            "Actual Rows": 19869,
                                            "Actual Loops": 1
                                        }
                                    ],
                                    "Plans": [
                                        {
                                            "Node Type": "Seq Scan",
                                            "Parent Relationship": "Outer",
                                            "Parallel Aware": true,
                                            "Relation Name": "movie_keyword",
                                            "Schema": "public",
                                            "Alias": "mk",
                                            "Startup Cost": 0.0,
                                            "Total Cost": 39047.32,
                                            "Plan Rows": 1459332,
                                            "Plan Width": 4,
                                            "Actual Startup Time": 0.007,
                                            "Actual Total Time": 82.821,
                                            "Actual Rows": 1130982,
                                            "Actual Loops": 4,
                                            "Output": [
                                                "mk.id",
                                                "mk.movie_id",
                                                "mk.keyword_id"
                                            ],
                                            "Workers": [
                                                {
                                                    "Worker Number": 0,
                                                    "Actual Startup Time": 0.01,
                                                    "Actual Total Time": 83.568,
                                                    "Actual Rows": 1093165,
                                                    "Actual Loops": 1
                                                },
                                                {
                                                    "Worker Number": 1,
                                                    "Actual Startup Time": 0.006,
                                                    "Actual Total Time": 83.608,
                                                    "Actual Rows": 1090020,
                                                    "Actual Loops": 1
                                                },
                                                {
                                                    "Worker Number": 2,
                                                    "Actual Startup Time": 0.006,
                                                    "Actual Total Time": 83.756,
                                                    "Actual Rows": 1093660,
                                                    "Actual Loops": 1
                                                }
                                            ]
                                        },
                                        {
                                            "Node Type": "Hash",
                                            "Parent Relationship": "Inner",
                                            "Parallel Aware": true,
                                            "Startup Cost": 237287.64,
                                            "Total Cost": 237287.64,
                                            "Plan Rows": 9982,
                                            "Plan Width": 8,
                                            "Actual Startup Time": 688.685,
                                            "Actual Total Time": 688.689,
                                            "Actual Rows": 13758,
                                            "Actual Loops": 4,
                                            "Output": [
                                                "t.id",
                                                "mi.movie_id"
                                            ],
                                            "Hash Buckets": 65536,
                                            "Original Hash Buckets": 65536,
                                            "Hash Batches": 1,
                                            "Original Hash Batches": 1,
                                            "Peak Memory Usage": 2752,
                                            "Workers": [
                                                {
                                                    "Worker Number": 0,
                                                    "Actual Startup Time": 686.734,
                                                    "Actual Total Time": 686.737,
                                                    "Actual Rows": 13253,
                                                    "Actual Loops": 1
                                                },
                                                {
                                                    "Worker Number": 1,
                                                    "Actual Startup Time": 686.986,
                                                    "Actual Total Time": 686.991,
                                                    "Actual Rows": 13469,
                                                    "Actual Loops": 1
                                                },
                                                {
                                                    "Worker Number": 2,
                                                    "Actual Startup Time": 687.054,
                                                    "Actual Total Time": 687.058,
                                                    "Actual Rows": 13178,
                                                    "Actual Loops": 1
                                                }
                                            ],
                                            "Plans": [
                                                {
                                                    "Node Type": "Hash Join",
                                                    "Parent Relationship": "Outer",
                                                    "Parallel Aware": true,
                                                    "Join Type": "Inner",
                                                    "Startup Cost": 38038.02,
                                                    "Total Cost": 237287.64,
                                                    "Plan Rows": 9982,
                                                    "Plan Width": 8,
                                                    "Actual Startup Time": 66.485,
                                                    "Actual Total Time": 684.561,
                                                    "Actual Rows": 13758,
                                                    "Actual Loops": 4,
                                                    "Output": [
                                                        "t.id",
                                                        "mi.movie_id"
                                                    ],
                                                    "Inner Unique": true,
                                                    "Hash Cond": "(mi.movie_id = t.id)",
                                                    "Workers": [
                                                        {
                                                            "Worker Number": 0,
                                                            "Actual Startup Time": 64.544,
                                                            "Actual Total Time": 682.843,
                                                            "Actual Rows": 13253,
                                                            "Actual Loops": 1
                                                        },
                                                        {
                                                            "Worker Number": 1,
                                                            "Actual Startup Time": 64.773,
                                                            "Actual Total Time": 683.042,
                                                            "Actual Rows": 13469,
                                                            "Actual Loops": 1
                                                        },
                                                        {
                                                            "Worker Number": 2,
                                                            "Actual Startup Time": 64.849,
                                                            "Actual Total Time": 682.667,
                                                            "Actual Rows": 13178,
                                                            "Actual Loops": 1
                                                        }
                                                    ],
                                                    "Plans": [
                                                        {
                                                            "Node Type": "Seq Scan",
                                                            "Parent Relationship": "Outer",
                                                            "Parallel Aware": true,
                                                            "Relation Name": "movie_info",
                                                            "Schema": "public",
                                                            "Alias": "mi",
                                                            "Startup Cost": 0.0,
                                                            "Total Cost": 191503.19,
                                                            "Plan Rows": 2951019,
                                                            "Plan Width": 4,
                                                            "Actual Startup Time": 0.022,
                                                            "Actual Total Time": 331.097,
                                                            "Actual Rows": 3708930,
                                                            "Actual Loops": 4,
                                                            "Output": [
                                                                "mi.id",
                                                                "mi.movie_id",
                                                                "mi.info_type_id",
                                                                "mi.info",
                                                                "mi.note"
                                                            ],
                                                            "Workers": [
                                                                {
                                                                    "Worker Number": 0,
                                                                    "Actual Startup Time": 0.027,
                                                                    "Actual Total Time": 333.485,
                                                                    "Actual Rows": 3563860,
                                                                    "Actual Loops": 1
                                                                },
                                                                {
                                                                    "Worker Number": 1,
                                                                    "Actual Startup Time": 0.028,
                                                                    "Actual Total Time": 333.871,
                                                                    "Actual Rows": 3551699,
                                                                    "Actual Loops": 1
                                                                },
                                                                {
                                                                    "Worker Number": 2,
                                                                    "Actual Startup Time": 0.027,
                                                                    "Actual Total Time": 333.321,
                                                                    "Actual Rows": 3549268,
                                                                    "Actual Loops": 1
                                                                }
                                                            ]
                                                        },
                                                        {
                                                            "Node Type": "Hash",
                                                            "Parent Relationship": "Inner",
                                                            "Parallel Aware": true,
                                                            "Startup Cost": 38011.29,
                                                            "Total Cost": 38011.29,
                                                            "Plan Rows": 2138,
                                                            "Plan Width": 4,
                                                            "Actual Startup Time": 65.989,
                                                            "Actual Total Time": 65.99,
                                                            "Actual Rows": 1962,
                                                            "Actual Loops": 4,
                                                            "Output": [
                                                                "t.id"
                                                            ],
                                                            "Hash Buckets": 16384,
                                                            "Original Hash Buckets": 16384,
                                                            "Hash Batches": 1,
                                                            "Original Hash Batches": 1,
                                                            "Peak Memory Usage": 512,
                                                            "Workers": [
                                                                {
                                                                    "Worker Number": 0,
                                                                    "Actual Startup Time": 64.076,
                                                                    "Actual Total Time": 64.077,
                                                                    "Actual Rows": 1114,
                                                                    "Actual Loops": 1
                                                                },
                                                                {
                                                                    "Worker Number": 1,
                                                                    "Actual Startup Time": 64.327,
                                                                    "Actual Total Time": 64.328,
                                                                    "Actual Rows": 1091,
                                                                    "Actual Loops": 1
                                                                },
                                                                {
                                                                    "Worker Number": 2,
                                                                    "Actual Startup Time": 64.397,
                                                                    "Actual Total Time": 64.399,
                                                                    "Actual Rows": 1093,
                                                                    "Actual Loops": 1
                                                                }
                                                            ],
                                                            "Plans": [
                                                                {
                                                                    "Node Type": "Bitmap Heap Scan",
                                                                    "Parent Relationship": "Outer",
                                                                    "Parallel Aware": true,
                                                                    "Relation Name": "title",
                                                                    "Schema": "public",
                                                                    "Alias": "t",
                                                                    "Startup Cost": 1664.38,
                                                                    "Total Cost": 38011.29,
                                                                    "Plan Rows": 2138,
                                                                    "Plan Width": 4,
                                                                    "Actual Startup Time": 21.917,
                                                                    "Actual Total Time": 64.844,
                                                                    "Actual Rows": 1962,
                                                                    "Actual Loops": 4,
                                                                    "Output": [
                                                                        "t.id"
                                                                    ],
                                                                    "Recheck Cond": "(t.kind_id = 2)",
                                                                    "Rows Removed by Index Recheck": 0,
                                                                    "Filter": "(t.production_year > 2011)",
                                                                    "Rows Removed by Filter": 20750,
                                                                    "Exact Heap Blocks": 13813,
                                                                    "Lossy Heap Blocks": 0,
                                                                    "Workers": [
                                                                        {
                                                                            "Worker Number": 0,
                                                                            "Actual Startup Time": 20.317,
                                                                            "Actual Total Time": 63.016,
                                                                            "Actual Rows": 1114,
                                                                            "Actual Loops": 1
                                                                        },
                                                                        {
                                                                            "Worker Number": 1,
                                                                            "Actual Startup Time": 20.319,
                                                                            "Actual Total Time": 63.289,
                                                                            "Actual Rows": 1091,
                                                                            "Actual Loops": 1
                                                                        },
                                                                        {
                                                                            "Worker Number": 2,
                                                                            "Actual Startup Time": 20.249,
                                                                            "Actual Total Time": 63.329,
                                                                            "Actual Rows": 1093,
                                                                            "Actual Loops": 1
                                                                        }
                                                                    ],
                                                                    "Plans": [
                                                                        {
                                                                            "Node Type": "Bitmap Index Scan",
                                                                            "Parent Relationship": "Outer",
                                                                            "Parallel Aware": false,
                                                                            "Index Name": "kind_id_title",
                                                                            "Startup Cost": 0.0,
                                                                            "Total Cost": 1662.25,
                                                                            "Plan Rows": 93042,
                                                                            "Plan Width": 0,
                                                                            "Actual Startup Time": 19.069,
                                                                            "Actual Total Time": 19.069,
                                                                            "Actual Rows": 90852,
                                                                            "Actual Loops": 1,
                                                                            "Index Cond": "(t.kind_id = 2)"
                                                                        }
                                                                    ]
                                                                }
                                                            ]
                                                        }
                                                    ]
                                                }
                                            ]
                                        }
                                    ]
                                }
                            ]
                        }
                    ]
                }
            ]
        },
        "Planning Time": 897.341,
        "Triggers": [],
        "Execution Time": 886.238
    }
]