[
  {
    "Plan": {
      "Node Type": "Aggregate",
      "Strategy": "Plain",
      "Partial Mode": "Finalize",
      "Parallel Aware": false,
      "Startup Cost": 128539.59,
      "Total Cost": 128539.6,
      "Plan Rows": 1,
      "Plan Width": 8,
      "Actual Startup Time": 557.67,
      "Actual Total Time": 580.673,
      "Actual Rows": 1,
      "Actual Loops": 1,
      "Plans": [
        {
          "Node Type": "Gather",
          "Parent Relationship": "Outer",
          "Parallel Aware": false,
          "Startup Cost": 128539.27,
          "Total Cost": 128539.58,
          "Plan Rows": 3,
          "Plan Width": 8,
          "Actual Startup Time": 545.333,
          "Actual Total Time": 580.663,
          "Actual Rows": 4,
          "Actual Loops": 1,
          "Workers Planned": 3,
          "Workers Launched": 3,
          "Single Copy": false,
          "Plans": [
            {
              "Node Type": "Aggregate",
              "Strategy": "Plain",
              "Partial Mode": "Partial",
              "Parent Relationship": "Outer",
              "Parallel Aware": false,
              "Startup Cost": 127539.27,
              "Total Cost": 127539.28,
              "Plan Rows": 1,
              "Plan Width": 8,
              "Actual Startup Time": 536.197,
              "Actual Total Time": 536.202,
              "Actual Rows": 1,
              "Actual Loops": 4,
              "Plans": [
                {
                  "Node Type": "Hash Join",
                  "Parent Relationship": "Outer",
                  "Parallel Aware": true,
                  "Join Type": "Inner",
                  "Startup Cost": 94421.11,
                  "Total Cost": 127351.98,
                  "Plan Rows": 74916,
                  "Plan Width": 0,
                  "Actual Startup Time": 468.971,
                  "Actual Total Time": 535.21,
                  "Actual Rows": 19942,
                  "Actual Loops": 4,
                  "Inner Unique": false,
                  "Hash Cond": "(mc.movie_id = t.id)",
                  "Plans": [
                    {
                      "Node Type": "Seq Scan",
                      "Parent Relationship": "Outer",
                      "Parallel Aware": true,
                      "Relation Name": "movie_companies",
                      "Alias": "mc",
                      "Startup Cost": 0.0,
                      "Total Cost": 31414.82,
                      "Plan Rows": 339834,
                      "Plan Width": 4,
                      "Actual Startup Time": 33.823,
                      "Actual Total Time": 73.427,
                      "Actual Rows": 197736,
                      "Actual Loops": 4,
                      "Filter": "((company_id < 72075) AND (company_type_id > 1))",
                      "Rows Removed by Filter": 454546
                    },
                    {
                      "Node Type": "Hash",
                      "Parent Relationship": "Inner",
                      "Parallel Aware": true,
                      "Startup Cost": 92173.69,
                      "Total Cost": 92173.69,
                      "Plan Rows": 179794,
                      "Plan Width": 8,
                      "Actual Startup Time": 426.802,
                      "Actual Total Time": 426.806,
                      "Actual Rows": 37223,
                      "Actual Loops": 4,
                      "Hash Buckets": 1048576,
                      "Original Hash Buckets": 1048576,
                      "Hash Batches": 1,
                      "Original Hash Batches": 1,
                      "Peak Memory Usage": 14080,
                      "Plans": [
                        {
                          "Node Type": "Hash Join",
                          "Parent Relationship": "Outer",
                          "Parallel Aware": true,
                          "Join Type": "Inner",
                          "Startup Cost": 48701.62,
                          "Total Cost": 92173.69,
                          "Plan Rows": 179794,
                          "Plan Width": 8,
                          "Actual Startup Time": 267.019,
                          "Actual Total Time": 412.187,
                          "Actual Rows": 37223,
                          "Actual Loops": 4,
                          "Inner Unique": true,
                          "Hash Cond": "(mk.movie_id = t.id)",
                          "Plans": [
                            {
                              "Node Type": "Seq Scan",
                              "Parent Relationship": "Outer",
                              "Parallel Aware": true,
                              "Relation Name": "movie_keyword",
                              "Alias": "mk",
                              "Startup Cost": 0.0,
                              "Total Cost": 42695.65,
                              "Plan Rows": 295779,
                              "Plan Width": 4,
                              "Actual Startup Time": 1.696,
                              "Actual Total Time": 103.711,
                              "Actual Rows": 225624,
                              "Actual Loops": 4,
                              "Filter": "(keyword_id > 20450)",
                              "Rows Removed by Filter": 905358
                            },
                            {
                              "Node Type": "Hash",
                              "Parent Relationship": "Inner",
                              "Parallel Aware": true,
                              "Startup Cost": 43898.92,
                              "Total Cost": 43898.92,
                              "Plan Rows": 384216,
                              "Plan Width": 4,
                              "Actual Startup Time": 260.938,
                              "Actual Total Time": 260.939,
                              "Actual Rows": 385816,
                              "Actual Loops": 4,
                              "Hash Buckets": 2097152,
                              "Original Hash Buckets": 2097152,
                              "Hash Batches": 1,
                              "Original Hash Batches": 1,
                              "Peak Memory Usage": 76800,
                              "Plans": [
                                {
                                  "Node Type": "Seq Scan",
                                  "Parent Relationship": "Outer",
                                  "Parallel Aware": true,
                                  "Relation Name": "title",
                                  "Alias": "t",
                                  "Startup Cost": 0.0,
                                  "Total Cost": 43898.92,
                                  "Plan Rows": 384216,
                                  "Plan Width": 4,
                                  "Actual Startup Time": 0.045,
                                  "Actual Total Time": 112.191,
                                  "Actual Rows": 385816,
                                  "Actual Loops": 4,
                                  "Filter": "(kind_id = 7)",
                                  "Rows Removed by Filter": 246262
                                }
                              ]
                            }
                          ]
                        }
                      ]
                    }
                  ]
                }
              ]
            }
          ]
        }
      ]
    },
    "Planning Time": 1.444,
    "Triggers": [],
    "Execution Time": 580.756
  }
]