[
  {
    "Plan": {
      "Node Type": "Aggregate",
      "Strategy": "Plain",
      "Partial Mode": "Finalize",
      "Parallel Aware": false,
      "Startup Cost": 321649.47,
      "Total Cost": 321649.48,
      "Plan Rows": 1,
      "Plan Width": 8,
      "Actual Startup Time": 288.489,
      "Actual Total Time": 335.628,
      "Actual Rows": 1,
      "Actual Loops": 1,
      "Plans": [
        {
          "Node Type": "Gather",
          "Parent Relationship": "Outer",
          "Parallel Aware": false,
          "Startup Cost": 321649.05,
          "Total Cost": 321649.46,
          "Plan Rows": 4,
          "Plan Width": 8,
          "Actual Startup Time": 288.29,
          "Actual Total Time": 335.617,
          "Actual Rows": 5,
          "Actual Loops": 1,
          "Workers Planned": 4,
          "Workers Launched": 4,
          "Single Copy": false,
          "Plans": [
            {
              "Node Type": "Aggregate",
              "Strategy": "Plain",
              "Partial Mode": "Partial",
              "Parent Relationship": "Outer",
              "Parallel Aware": false,
              "Startup Cost": 320649.05,
              "Total Cost": 320649.06,
              "Plan Rows": 1,
              "Plan Width": 8,
              "Actual Startup Time": 278.699,
              "Actual Total Time": 278.701,
              "Actual Rows": 1,
              "Actual Loops": 5,
              "Plans": [
                {
                  "Node Type": "Nested Loop",
                  "Parent Relationship": "Outer",
                  "Parallel Aware": false,
                  "Join Type": "Inner",
                  "Startup Cost": 0.56,
                  "Total Cost": 320488.29,
                  "Plan Rows": 64305,
                  "Plan Width": 0,
                  "Actual Startup Time": 0.371,
                  "Actual Total Time": 272.992,
                  "Actual Rows": 51157,
                  "Actual Loops": 5,
                  "Inner Unique": false,
                  "Plans": [
                    {
                      "Node Type": "Seq Scan",
                      "Parent Relationship": "Outer",
                      "Parallel Aware": true,
                      "Relation Name": "title",
                      "Alias": "t",
                      "Startup Cost": 0.0,
                      "Total Cost": 43898.92,
                      "Plan Rows": 4488,
                      "Plan Width": 4,
                      "Actual Startup Time": 0.1,
                      "Actual Total Time": 70.336,
                      "Actual Rows": 3314,
                      "Actual Loops": 5,
                      "Filter": "(production_year = 1984)",
                      "Rows Removed by Filter": 502348
                    },
                    {
                      "Node Type": "Index Only Scan",
                      "Parent Relationship": "Inner",
                      "Parallel Aware": false,
                      "Scan Direction": "Forward",
                      "Index Name": "movie_id_cast_info",
                      "Relation Name": "cast_info",
                      "Alias": "ci",
                      "Startup Cost": 0.56,
                      "Total Cost": 61.26,
                      "Plan Rows": 37,
                      "Plan Width": 4,
                      "Actual Startup Time": 0.013,
                      "Actual Total Time": 0.059,
                      "Actual Rows": 15,
                      "Actual Loops": 16571,
                      "Index Cond": "(movie_id = t.id)",
                      "Rows Removed by Index Recheck": 0,
                      "Heap Fetches": 255783
                    }
                  ]
                }
              ]
            }
          ]
        }
      ]
    },
    "Planning Time": 0.603,
    "Triggers": [],
    "Execution Time": 335.715
  }
]