[
  {
    "Plan": {
      "Node Type": "Aggregate",
      "Strategy": "Plain",
      "Partial Mode": "Finalize",
      "Parallel Aware": false,
      "Startup Cost": 347147.36,
      "Total Cost": 347147.37,
      "Plan Rows": 1,
      "Plan Width": 8,
      "Actual Startup Time": 528.272,
      "Actual Total Time": 565.386,
      "Actual Rows": 1,
      "Actual Loops": 1,
      "Plans": [
        {
          "Node Type": "Gather",
          "Parent Relationship": "Outer",
          "Parallel Aware": false,
          "Startup Cost": 347146.74,
          "Total Cost": 347147.35,
          "Plan Rows": 6,
          "Plan Width": 8,
          "Actual Startup Time": 527.837,
          "Actual Total Time": 565.372,
          "Actual Rows": 7,
          "Actual Loops": 1,
          "Workers Planned": 6,
          "Workers Launched": 6,
          "Single Copy": false,
          "Plans": [
            {
              "Node Type": "Aggregate",
              "Strategy": "Plain",
              "Partial Mode": "Partial",
              "Parent Relationship": "Outer",
              "Parallel Aware": false,
              "Startup Cost": 346146.74,
              "Total Cost": 346146.75,
              "Plan Rows": 1,
              "Plan Width": 8,
              "Actual Startup Time": 518.981,
              "Actual Total Time": 518.982,
              "Actual Rows": 1,
              "Actual Loops": 7,
              "Plans": [
                {
                  "Node Type": "Index Scan",
                  "Parent Relationship": "Outer",
                  "Parallel Aware": true,
                  "Scan Direction": "Forward",
                  "Index Name": "role_id_cast_info",
                  "Relation Name": "cast_info",
                  "Alias": "ci",
                  "Startup Cost": 0.56,
                  "Total Cost": 341155.22,
                  "Plan Rows": 1996608,
                  "Plan Width": 0,
                  "Actual Startup Time": 62.833,
                  "Actual Total Time": 434.879,
                  "Actual Rows": 1594134,
                  "Actual Loops": 7,
                  "Index Cond": "(role_id < 2)",
                  "Rows Removed by Index Recheck": 0,
                  "Filter": "(person_id > 207254)",
                  "Rows Removed by Filter": 215965
                }
              ]
            }
          ]
        }
      ]
    },
    "Planning Time": 0.16,
    "Triggers": [],
    "Execution Time": 565.446
  }
]