[
  {
    "Plan": {
      "Node Type": "Aggregate",
      "Strategy": "Plain",
      "Partial Mode": "Finalize",
      "Parallel Aware": false,
      "Startup Cost": 77798.65,
      "Total Cost": 77798.66,
      "Plan Rows": 1,
      "Plan Width": 8,
      "Actual Startup Time": 229.28,
      "Actual Total Time": 246.37,
      "Actual Rows": 1,
      "Actual Loops": 1,
      "Plans": [
        {
          "Node Type": "Gather",
          "Parent Relationship": "Outer",
          "Parallel Aware": false,
          "Startup Cost": 77798.33,
          "Total Cost": 77798.64,
          "Plan Rows": 3,
          "Plan Width": 8,
          "Actual Startup Time": 228.888,
          "Actual Total Time": 246.36,
          "Actual Rows": 4,
          "Actual Loops": 1,
          "Workers Planned": 3,
          "Workers Launched": 3,
          "Single Copy": false,
          "Plans": [
            {
              "Node Type": "Aggregate",
              "Strategy": "Plain",
              "Partial Mode": "Partial",
              "Parent Relationship": "Outer",
              "Parallel Aware": false,
              "Startup Cost": 76798.33,
              "Total Cost": 76798.34,
              "Plan Rows": 1,
              "Plan Width": 8,
              "Actual Startup Time": 220.381,
              "Actual Total Time": 220.385,
              "Actual Rows": 1,
              "Actual Loops": 4,
              "Plans": [
                {
                  "Node Type": "Hash Join",
                  "Parent Relationship": "Outer",
                  "Parallel Aware": true,
                  "Join Type": "Inner",
                  "Startup Cost": 45611.0,
                  "Total Cost": 76768.96,
                  "Plan Rows": 11748,
                  "Plan Width": 0,
                  "Actual Startup Time": 102.039,
                  "Actual Total Time": 220.231,
                  "Actual Rows": 2948,
                  "Actual Loops": 4,
                  "Inner Unique": true,
                  "Hash Cond": "(mc.movie_id = t.id)",
                  "Plans": [
                    {
                      "Node Type": "Seq Scan",
                      "Parent Relationship": "Outer",
                      "Parallel Aware": true,
                      "Relation Name": "movie_companies",
                      "Alias": "mc",
                      "Startup Cost": 0.0,
                      "Total Cost": 29310.68,
                      "Plan Rows": 703727,
                      "Plan Width": 4,
                      "Actual Startup Time": 0.022,
                      "Actual Total Time": 70.506,
                      "Actual Rows": 543432,
                      "Actual Loops": 4,
                      "Filter": "(company_id < 78691)",
                      "Rows Removed by Filter": 108850
                    },
                    {
                      "Node Type": "Hash",
                      "Parent Relationship": "Inner",
                      "Parallel Aware": true,
                      "Startup Cost": 45479.1,
                      "Total Cost": 45479.1,
                      "Plan Rows": 10552,
                      "Plan Width": 4,
                      "Actual Startup Time": 100.093,
                      "Actual Total Time": 100.094,
                      "Actual Rows": 10102,
                      "Actual Loops": 4,
                      "Hash Buckets": 65536,
                      "Original Hash Buckets": 65536,
                      "Hash Batches": 1,
                      "Original Hash Batches": 1,
                      "Peak Memory Usage": 2176,
                      "Plans": [
                        {
                          "Node Type": "Seq Scan",
                          "Parent Relationship": "Outer",
                          "Parallel Aware": true,
                          "Relation Name": "title",
                          "Alias": "t",
                          "Startup Cost": 0.0,
                          "Total Cost": 45479.1,
                          "Plan Rows": 10552,
                          "Plan Width": 4,
                          "Actual Startup Time": 0.093,
                          "Actual Total Time": 95.171,
                          "Actual Rows": 10102,
                          "Actual Loops": 4,
                          "Filter": "((kind_id > 4) AND (production_year > 2012))",
                          "Rows Removed by Filter": 621976
                        }
                      ]
                    }
                  ]
                }
              ]
            }
          ]
        }
      ]
    },
    "Planning Time": 0.733,
    "Triggers": [],
    "Execution Time": 246.439
  }
]