[
  {
    "Plan": {
      "Node Type": "Aggregate",
      "Strategy": "Plain",
      "Partial Mode": "Finalize",
      "Parallel Aware": false,
      "Startup Cost": 326062.07,
      "Total Cost": 326062.08,
      "Plan Rows": 1,
      "Plan Width": 8,
      "Actual Startup Time": 4061.706,
      "Actual Total Time": 4109.067,
      "Actual Rows": 1,
      "Actual Loops": 1,
      "Plans": [
        {
          "Node Type": "Gather",
          "Parent Relationship": "Outer",
          "Parallel Aware": false,
          "Startup Cost": 326061.55,
          "Total Cost": 326062.06,
          "Plan Rows": 5,
          "Plan Width": 8,
          "Actual Startup Time": 4044.162,
          "Actual Total Time": 4109.042,
          "Actual Rows": 6,
          "Actual Loops": 1,
          "Workers Planned": 5,
          "Workers Launched": 5,
          "Single Copy": false,
          "Plans": [
            {
              "Node Type": "Aggregate",
              "Strategy": "Plain",
              "Partial Mode": "Partial",
              "Parent Relationship": "Outer",
              "Parallel Aware": false,
              "Startup Cost": 325061.55,
              "Total Cost": 325061.56,
              "Plan Rows": 1,
              "Plan Width": 8,
              "Actual Startup Time": 4023.301,
              "Actual Total Time": 4023.832,
              "Actual Rows": 1,
              "Actual Loops": 6,
              "Plans": [
                {
                  "Node Type": "Hash Join",
                  "Parent Relationship": "Outer",
                  "Parallel Aware": true,
                  "Join Type": "Inner",
                  "Startup Cost": 105700.39,
                  "Total Cost": 317764.29,
                  "Plan Rows": 2918904,
                  "Plan Width": 0,
                  "Actual Startup Time": 558.79,
                  "Actual Total Time": 3046.724,
                  "Actual Rows": 24823590,
                  "Actual Loops": 6,
                  "Inner Unique": false,
                  "Hash Cond": "(mi.movie_id = t.id)",
                  "Plans": [
                    {
                      "Node Type": "Seq Scan",
                      "Parent Relationship": "Outer",
                      "Parallel Aware": true,
                      "Relation Name": "movie_info",
                      "Alias": "mi",
                      "Startup Cost": 0.0,
                      "Total Cost": 191560.33,
                      "Plan Rows": 2956733,
                      "Plan Width": 4,
                      "Actual Startup Time": 0.035,
                      "Actual Total Time": 284.836,
                      "Actual Rows": 2472620,
                      "Actual Loops": 6
                    },
                    {
                      "Node Type": "Hash",
                      "Parent Relationship": "Inner",
                      "Parallel Aware": true,
                      "Startup Cost": 95636.09,
                      "Total Cost": 95636.09,
                      "Plan Rows": 805144,
                      "Plan Width": 8,
                      "Actual Startup Time": 550.433,
                      "Actual Total Time": 550.963,
                      "Actual Rows": 473256,
                      "Actual Loops": 6,
                      "Hash Buckets": 4194304,
                      "Original Hash Buckets": 4194304,
                      "Hash Batches": 1,
                      "Original Hash Batches": 1,
                      "Peak Memory Usage": 143904,
                      "Plans": [
                        {
                          "Node Type": "Hash Join",
                          "Parent Relationship": "Outer",
                          "Parallel Aware": true,
                          "Join Type": "Inner",
                          "Startup Cost": 50353.24,
                          "Total Cost": 95636.09,
                          "Plan Rows": 805144,
                          "Plan Width": 8,
                          "Actual Startup Time": 225.047,
                          "Actual Total Time": 414.394,
                          "Actual Rows": 473256,
                          "Actual Loops": 6,
                          "Inner Unique": true,
                          "Hash Cond": "(mk.movie_id = t.id)",
                          "Plans": [
                            {
                              "Node Type": "Seq Scan",
                              "Parent Relationship": "Outer",
                              "Parallel Aware": true,
                              "Relation Name": "movie_keyword",
                              "Alias": "mk",
                              "Startup Cost": 0.0,
                              "Total Cost": 42695.65,
                              "Plan Rows": 985599,
                              "Plan Width": 4,
                              "Actual Startup Time": 0.036,
                              "Actual Total Time": 86.838,
                              "Actual Rows": 507858,
                              "Actual Loops": 6,
                              "Filter": "(keyword_id < 11133)",
                              "Rows Removed by Filter": 246130
                            },
                            {
                              "Node Type": "Hash",
                              "Parent Relationship": "Inner",
                              "Parallel Aware": true,
                              "Startup Cost": 43898.92,
                              "Total Cost": 43898.92,
                              "Plan Rows": 516346,
                              "Plan Width": 4,
                              "Actual Startup Time": 222.76,
                              "Actual Total Time": 222.761,
                              "Actual Rows": 344092,
                              "Actual Loops": 6,
                              "Hash Buckets": 2097152,
                              "Original Hash Buckets": 2097152,
                              "Hash Batches": 1,
                              "Original Hash Batches": 1,
                              "Peak Memory Usage": 97216,
                              "Plans": [
                                {
                                  "Node Type": "Seq Scan",
                                  "Parent Relationship": "Outer",
                                  "Parallel Aware": true,
                                  "Relation Name": "title",
                                  "Alias": "t",
                                  "Startup Cost": 0.0,
                                  "Total Cost": 43898.92,
                                  "Plan Rows": 516346,
                                  "Plan Width": 4,
                                  "Actual Startup Time": 0.04,
                                  "Actual Total Time": 85.972,
                                  "Actual Rows": 344092,
                                  "Actual Loops": 6,
                                  "Filter": "(production_year < 2011)",
                                  "Rows Removed by Filter": 77293
                                }
                              ]
                            }
                          ]
                        }
                      ]
                    }
                  ]
                }
              ]
            }
          ]
        }
      ]
    },
    "Planning Time": 1.349,
    "Triggers": [],
    "Execution Time": 4109.155
  }
]