[
  {
    "Plan": {
      "Node Type": "Aggregate",
      "Strategy": "Plain",
      "Partial Mode": "Finalize",
      "Parallel Aware": false,
      "Startup Cost": 44910.11,
      "Total Cost": 44910.12,
      "Plan Rows": 1,
      "Plan Width": 8,
      "Actual Startup Time": 141.336,
      "Actual Total Time": 150.793,
      "Actual Rows": 1,
      "Actual Loops": 1,
      "Plans": [
        {
          "Node Type": "Gather",
          "Parent Relationship": "Outer",
          "Parallel Aware": false,
          "Startup Cost": 44909.79,
          "Total Cost": 44910.1,
          "Plan Rows": 3,
          "Plan Width": 8,
          "Actual Startup Time": 141.245,
          "Actual Total Time": 150.784,
          "Actual Rows": 4,
          "Actual Loops": 1,
          "Workers Planned": 3,
          "Workers Launched": 3,
          "Single Copy": false,
          "Plans": [
            {
              "Node Type": "Aggregate",
              "Strategy": "Plain",
              "Partial Mode": "Partial",
              "Parent Relationship": "Outer",
              "Parallel Aware": false,
              "Startup Cost": 43909.79,
              "Total Cost": 43909.8,
              "Plan Rows": 1,
              "Plan Width": 8,
              "Actual Startup Time": 135.263,
              "Actual Total Time": 135.264,
              "Actual Rows": 1,
              "Actual Loops": 4,
              "Plans": [
                {
                  "Node Type": "Seq Scan",
                  "Parent Relationship": "Outer",
                  "Parallel Aware": true,
                  "Relation Name": "movie_keyword",
                  "Alias": "mk",
                  "Startup Cost": 0.0,
                  "Total Cost": 42695.65,
                  "Plan Rows": 485654,
                  "Plan Width": 0,
                  "Actual Startup Time": 0.061,
                  "Actual Total Time": 115.06,
                  "Actual Rows": 380288,
                  "Actual Loops": 4,
                  "Filter": "(keyword_id < 2204)",
                  "Rows Removed by Filter": 750695
                }
              ]
            }
          ]
        }
      ]
    },
    "Planning Time": 0.184,
    "Triggers": [],
    "Execution Time": 150.847
  }
]