[
  {
    "Plan": {
      "Node Type": "Aggregate",
      "Strategy": "Plain",
      "Partial Mode": "Finalize",
      "Parallel Aware": false,
      "Startup Cost": 45159.34,
      "Total Cost": 45159.35,
      "Plan Rows": 1,
      "Plan Width": 8,
      "Actual Startup Time": 142.861,
      "Actual Total Time": 153.229,
      "Actual Rows": 1,
      "Actual Loops": 1,
      "Plans": [
        {
          "Node Type": "Gather",
          "Parent Relationship": "Outer",
          "Parallel Aware": false,
          "Startup Cost": 45159.03,
          "Total Cost": 45159.34,
          "Plan Rows": 3,
          "Plan Width": 8,
          "Actual Startup Time": 142.756,
          "Actual Total Time": 153.221,
          "Actual Rows": 4,
          "Actual Loops": 1,
          "Workers Planned": 3,
          "Workers Launched": 3,
          "Single Copy": false,
          "Plans": [
            {
              "Node Type": "Aggregate",
              "Strategy": "Plain",
              "Partial Mode": "Partial",
              "Parent Relationship": "Outer",
              "Parallel Aware": false,
              "Startup Cost": 44159.03,
              "Total Cost": 44159.04,
              "Plan Rows": 1,
              "Plan Width": 8,
              "Actual Startup Time": 134.134,
              "Actual Total Time": 134.135,
              "Actual Rows": 1,
              "Actual Loops": 4,
              "Plans": [
                {
                  "Node Type": "Seq Scan",
                  "Parent Relationship": "Outer",
                  "Parallel Aware": true,
                  "Relation Name": "movie_keyword",
                  "Alias": "mk",
                  "Startup Cost": 0.0,
                  "Total Cost": 42695.65,
                  "Plan Rows": 585349,
                  "Plan Width": 0,
                  "Actual Startup Time": 0.063,
                  "Actual Total Time": 112.131,
                  "Actual Rows": 456642,
                  "Actual Loops": 4,
                  "Filter": "(keyword_id < 3001)",
                  "Rows Removed by Filter": 674341
                }
              ]
            }
          ]
        }
      ]
    },
    "Planning Time": 0.188,
    "Triggers": [],
    "Execution Time": 153.287
  }
]