[
  {
    "Plan": {
      "Node Type": "Aggregate",
      "Strategy": "Plain",
      "Partial Mode": "Finalize",
      "Parallel Aware": false,
      "Startup Cost": 30120.73,
      "Total Cost": 30120.74,
      "Plan Rows": 1,
      "Plan Width": 8,
      "Actual Startup Time": 81.863,
      "Actual Total Time": 88.78,
      "Actual Rows": 1,
      "Actual Loops": 1,
      "Plans": [
        {
          "Node Type": "Gather",
          "Parent Relationship": "Outer",
          "Parallel Aware": false,
          "Startup Cost": 30120.41,
          "Total Cost": 30120.72,
          "Plan Rows": 3,
          "Plan Width": 8,
          "Actual Startup Time": 81.664,
          "Actual Total Time": 88.773,
          "Actual Rows": 4,
          "Actual Loops": 1,
          "Workers Planned": 3,
          "Workers Launched": 3,
          "Single Copy": false,
          "Plans": [
            {
              "Node Type": "Aggregate",
              "Strategy": "Plain",
              "Partial Mode": "Partial",
              "Parent Relationship": "Outer",
              "Parallel Aware": false,
              "Startup Cost": 29120.41,
              "Total Cost": 29120.42,
              "Plan Rows": 1,
              "Plan Width": 8,
              "Actual Startup Time": 74.342,
              "Actual Total Time": 74.343,
              "Actual Rows": 1,
              "Actual Loops": 4,
              "Plans": [
                {
                  "Node Type": "Bitmap Heap Scan",
                  "Parent Relationship": "Outer",
                  "Parallel Aware": true,
                  "Relation Name": "movie_keyword",
                  "Alias": "mk",
                  "Startup Cost": 3800.05,
                  "Total Cost": 28976.02,
                  "Plan Rows": 57757,
                  "Plan Width": 0,
                  "Actual Startup Time": 21.168,
                  "Actual Total Time": 71.336,
                  "Actual Rows": 43014,
                  "Actual Loops": 4,
                  "Recheck Cond": "(keyword_id > 72058)",
                  "Rows Removed by Index Recheck": 0,
                  "Exact Heap Blocks": 11553,
                  "Lossy Heap Blocks": 0,
                  "Plans": [
                    {
                      "Node Type": "Bitmap Index Scan",
                      "Parent Relationship": "Outer",
                      "Parallel Aware": false,
                      "Index Name": "keyword_id_movie_keyword",
                      "Startup Cost": 0.0,
                      "Total Cost": 3755.29,
                      "Plan Rows": 179048,
                      "Plan Width": 0,
                      "Actual Startup Time": 23.648,
                      "Actual Total Time": 23.648,
                      "Actual Rows": 172057,
                      "Actual Loops": 1,
                      "Index Cond": "(keyword_id > 72058)"
                    }
                  ]
                }
              ]
            }
          ]
        }
      ]
    },
    "Planning Time": 0.178,
    "Triggers": [],
    "Execution Time": 88.848
  }
]