[
  {
    "Plan": {
      "Node Type": "Aggregate",
      "Strategy": "Plain",
      "Partial Mode": "Finalize",
      "Parallel Aware": false,
      "Startup Cost": 115189.66,
      "Total Cost": 115189.67,
      "Plan Rows": 1,
      "Plan Width": 8,
      "Actual Startup Time": 698.748,
      "Actual Total Time": 715.531,
      "Actual Rows": 1,
      "Actual Loops": 1,
      "Plans": [
        {
          "Node Type": "Gather",
          "Parent Relationship": "Outer",
          "Parallel Aware": false,
          "Startup Cost": 115189.35,
          "Total Cost": 115189.66,
          "Plan Rows": 3,
          "Plan Width": 8,
          "Actual Startup Time": 691.668,
          "Actual Total Time": 715.521,
          "Actual Rows": 4,
          "Actual Loops": 1,
          "Workers Planned": 3,
          "Workers Launched": 3,
          "Single Copy": false,
          "Plans": [
            {
              "Node Type": "Aggregate",
              "Strategy": "Plain",
              "Partial Mode": "Partial",
              "Parent Relationship": "Outer",
              "Parallel Aware": false,
              "Startup Cost": 114189.35,
              "Total Cost": 114189.36,
              "Plan Rows": 1,
              "Plan Width": 8,
              "Actual Startup Time": 682.783,
              "Actual Total Time": 683.182,
              "Actual Rows": 1,
              "Actual Loops": 4,
              "Plans": [
                {
                  "Node Type": "Hash Join",
                  "Parent Relationship": "Outer",
                  "Parallel Aware": true,
                  "Join Type": "Inner",
                  "Startup Cost": 65785.93,
                  "Total Cost": 113545.3,
                  "Plan Rows": 257617,
                  "Plan Width": 0,
                  "Actual Startup Time": 372.021,
                  "Actual Total Time": 635.154,
                  "Actual Rows": 1202540,
                  "Actual Loops": 4,
                  "Inner Unique": false,
                  "Hash Cond": "(mk.movie_id = t.id)",
                  "Plans": [
                    {
                      "Node Type": "Seq Scan",
                      "Parent Relationship": "Outer",
                      "Parallel Aware": true,
                      "Relation Name": "movie_keyword",
                      "Alias": "mk",
                      "Startup Cost": 0.0,
                      "Total Cost": 42695.65,
                      "Plan Rows": 1064084,
                      "Plan Width": 4,
                      "Actual Startup Time": 0.043,
                      "Actual Total Time": 105.21,
                      "Actual Rows": 823326,
                      "Actual Loops": 4,
                      "Filter": "(keyword_id < 14735)",
                      "Rows Removed by Filter": 307657
                    },
                    {
                      "Node Type": "Hash",
                      "Parent Relationship": "Inner",
                      "Parallel Aware": true,
                      "Startup Cost": 62597.88,
                      "Total Cost": 62597.88,
                      "Plan Rows": 255044,
                      "Plan Width": 8,
                      "Actual Startup Time": 366.547,
                      "Actual Total Time": 366.944,
                      "Actual Rows": 188324,
                      "Actual Loops": 4,
                      "Hash Buckets": 1048576,
                      "Original Hash Buckets": 1048576,
                      "Hash Batches": 1,
                      "Original Hash Batches": 1,
                      "Peak Memory Usage": 37728,
                      "Plans": [
                        {
                          "Node Type": "Hash Join",
                          "Parent Relationship": "Outer",
                          "Parallel Aware": true,
                          "Join Type": "Inner",
                          "Startup Cost": 47403.32,
                          "Total Cost": 62597.88,
                          "Plan Rows": 255044,
                          "Plan Width": 8,
                          "Actual Startup Time": 220.754,
                          "Actual Total Time": 319.619,
                          "Actual Rows": 188324,
                          "Actual Loops": 4,
                          "Inner Unique": true,
                          "Hash Cond": "(mi_idx.movie_id = t.id)",
                          "Plans": [
                            {
                              "Node Type": "Seq Scan",
                              "Parent Relationship": "Outer",
                              "Parallel Aware": true,
                              "Relation Name": "movie_info_idx",
                              "Alias": "mi_idx",
                              "Startup Cost": 0.0,
                              "Total Cost": 13685.15,
                              "Plan Rows": 575015,
                              "Plan Width": 4,
                              "Actual Startup Time": 0.022,
                              "Actual Total Time": 28.004,
                              "Actual Rows": 345009,
                              "Actual Loops": 4
                            },
                            {
                              "Node Type": "Hash",
                              "Parent Relationship": "Inner",
                              "Parallel Aware": true,
                              "Startup Cost": 43898.92,
                              "Total Cost": 43898.92,
                              "Plan Rows": 280352,
                              "Plan Width": 4,
                              "Actual Startup Time": 215.974,
                              "Actual Total Time": 215.975,
                              "Actual Rows": 283339,
                              "Actual Loops": 4,
                              "Hash Buckets": 2097152,
                              "Original Hash Buckets": 2097152,
                              "Hash Batches": 1,
                              "Original Hash Batches": 1,
                              "Peak Memory Usage": 60800,
                              "Plans": [
                                {
                                  "Node Type": "Seq Scan",
                                  "Parent Relationship": "Outer",
                                  "Parallel Aware": true,
                                  "Relation Name": "title",
                                  "Alias": "t",
                                  "Startup Cost": 0.0,
                                  "Total Cost": 43898.92,
                                  "Plan Rows": 280352,
                                  "Plan Width": 4,
                                  "Actual Startup Time": 0.054,
                                  "Actual Total Time": 103.037,
                                  "Actual Rows": 283339,
                                  "Actual Loops": 4,
                                  "Filter": "(production_year < 2002)",
                                  "Rows Removed by Filter": 348739
                                }
                              ]
                            }
                          ]
                        }
                      ]
                    }
                  ]
                }
              ]
            }
          ]
        }
      ]
    },
    "Planning Time": 1.269,
    "Triggers": [],
    "Execution Time": 715.604
  }
]