[
  {
    "Plan": {
      "Node Type": "Aggregate",
      "Strategy": "Plain",
      "Partial Mode": "Finalize",
      "Parallel Aware": false,
      "Startup Cost": 288259.39,
      "Total Cost": 288259.4,
      "Plan Rows": 1,
      "Plan Width": 8,
      "Actual Startup Time": 1303.708,
      "Actual Total Time": 1393.815,
      "Actual Rows": 1,
      "Actual Loops": 1,
      "Plans": [
        {
          "Node Type": "Gather",
          "Parent Relationship": "Outer",
          "Parallel Aware": false,
          "Startup Cost": 288259.07,
          "Total Cost": 288259.38,
          "Plan Rows": 3,
          "Plan Width": 8,
          "Actual Startup Time": 1301.23,
          "Actual Total Time": 1393.803,
          "Actual Rows": 4,
          "Actual Loops": 1,
          "Workers Planned": 3,
          "Workers Launched": 3,
          "Single Copy": false,
          "Plans": [
            {
              "Node Type": "Aggregate",
              "Strategy": "Plain",
              "Partial Mode": "Partial",
              "Parent Relationship": "Outer",
              "Parallel Aware": false,
              "Startup Cost": 287259.07,
              "Total Cost": 287259.08,
              "Plan Rows": 1,
              "Plan Width": 8,
              "Actual Startup Time": 1292.213,
              "Actual Total Time": 1292.216,
              "Actual Rows": 1,
              "Actual Loops": 4,
              "Plans": [
                {
                  "Node Type": "Nested Loop",
                  "Parent Relationship": "Outer",
                  "Parallel Aware": false,
                  "Join Type": "Inner",
                  "Startup Cost": 46250.89,
                  "Total Cost": 285208.77,
                  "Plan Rows": 820120,
                  "Plan Width": 0,
                  "Actual Startup Time": 211.601,
                  "Actual Total Time": 1255.41,
                  "Actual Rows": 768649,
                  "Actual Loops": 4,
                  "Inner Unique": false,
                  "Plans": [
                    {
                      "Node Type": "Hash Join",
                      "Parent Relationship": "Outer",
                      "Parallel Aware": true,
                      "Join Type": "Inner",
                      "Startup Cost": 46250.33,
                      "Total Cost": 78169.97,
                      "Plan Rows": 57235,
                      "Plan Width": 8,
                      "Actual Startup Time": 211.507,
                      "Actual Total Time": 293.281,
                      "Actual Rows": 40235,
                      "Actual Loops": 4,
                      "Inner Unique": true,
                      "Hash Cond": "(mc.movie_id = t.id)",
                      "Plans": [
                        {
                          "Node Type": "Seq Scan",
                          "Parent Relationship": "Outer",
                          "Parallel Aware": true,
                          "Relation Name": "movie_companies",
                          "Alias": "mc",
                          "Startup Cost": 0.0,
                          "Total Cost": 31414.82,
                          "Plan Rows": 192313,
                          "Plan Width": 4,
                          "Actual Startup Time": 30.765,
                          "Actual Total Time": 63.83,
                          "Actual Rows": 96290,
                          "Actual Loops": 4,
                          "Filter": "((company_id < 9884) AND (company_type_id = 2))",
                          "Rows Removed by Filter": 555992
                        },
                        {
                          "Node Type": "Hash",
                          "Parent Relationship": "Inner",
                          "Parallel Aware": true,
                          "Startup Cost": 43898.92,
                          "Total Cost": 43898.92,
                          "Plan Rows": 188113,
                          "Plan Width": 4,
                          "Actual Startup Time": 175.632,
                          "Actual Total Time": 175.633,
                          "Actual Rows": 188976,
                          "Actual Loops": 4,
                          "Hash Buckets": 1048576,
                          "Original Hash Buckets": 1048576,
                          "Hash Batches": 1,
                          "Original Hash Batches": 1,
                          "Peak Memory Usage": 37824,
                          "Plans": [
                            {
                              "Node Type": "Seq Scan",
                              "Parent Relationship": "Outer",
                              "Parallel Aware": true,
                              "Relation Name": "title",
                              "Alias": "t",
                              "Startup Cost": 0.0,
                              "Total Cost": 43898.92,
                              "Plan Rows": 188113,
                              "Plan Width": 4,
                              "Actual Startup Time": 0.048,
                              "Actual Total Time": 103.599,
                              "Actual Rows": 188976,
                              "Actual Loops": 4,
                              "Filter": "(production_year < 1993)",
                              "Rows Removed by Filter": 443102
                            }
                          ]
                        }
                      ]
                    },
                    {
                      "Node Type": "Index Only Scan",
                      "Parent Relationship": "Inner",
                      "Parallel Aware": false,
                      "Scan Direction": "Forward",
                      "Index Name": "movie_id_cast_info",
                      "Relation Name": "cast_info",
                      "Alias": "ci",
                      "Startup Cost": 0.56,
                      "Total Cost": 3.25,
                      "Plan Rows": 37,
                      "Plan Width": 4,
                      "Actual Startup Time": 0.005,
                      "Actual Total Time": 0.022,
                      "Actual Rows": 19,
                      "Actual Loops": 160940,
                      "Index Cond": "(movie_id = t.id)",
                      "Rows Removed by Index Recheck": 0,
                      "Heap Fetches": 3074597
                    }
                  ]
                }
              ]
            }
          ]
        }
      ]
    },
    "Planning Time": 1.415,
    "Triggers": [],
    "Execution Time": 1393.932
  }
]