{
  "Plan": {
    "Node Type": "Aggregate",
    "Strategy": "Plain",
    "Partial Mode": "Finalize",
    "Parallel Aware": false,
    "Startup Cost": 126341.76,
    "Total Cost": 126341.77,
    "Plan Rows": 1,
    "Plan Width": 8,
    "Actual Startup Time": 615.197,
    "Actual Total Time": 635.738,
    "Actual Rows": 1,
    "Actual Loops": 1,
    "Plans": [
      {
        "Node Type": "Gather",
        "Parent Relationship": "Outer",
        "Parallel Aware": false,
        "Startup Cost": 126341.65,
        "Total Cost": 126341.76,
        "Plan Rows": 1,
        "Plan Width": 8,
        "Actual Startup Time": 613.716,
        "Actual Total Time": 635.73,
        "Actual Rows": 2,
        "Actual Loops": 1,
        "Workers Planned": 1,
        "Workers Launched": 1,
        "Single Copy": false,
        "Plans": [
          {
            "Node Type": "Aggregate",
            "Strategy": "Plain",
            "Partial Mode": "Partial",
            "Parent Relationship": "Outer",
            "Parallel Aware": false,
            "Startup Cost": 125341.65,
            "Total Cost": 125341.66,
            "Plan Rows": 1,
            "Plan Width": 8,
            "Actual Startup Time": 607.854,
            "Actual Total Time": 607.861,
            "Actual Rows": 1,
            "Actual Loops": 2,
            "Plans": [
              {
                "Node Type": "Hash Join",
                "Parent Relationship": "Outer",
                "Parallel Aware": true,
                "Join Type": "Inner",
                "Startup Cost": 105916.59,
                "Total Cost": 125243.82,
                "Plan Rows": 39130,
                "Plan Width": 0,
                "Actual Startup Time": 468.232,
                "Actual Total Time": 599.891,
                "Actual Rows": 184546,
                "Actual Loops": 2,
                "Inner Unique": false,
                "Hash Cond": "(mi_idx.movie_id = t.id)",
                "Plans": [
                  {
                    "Node Type": "Seq Scan",
                    "Parent Relationship": "Outer",
                    "Parallel Aware": true,
                    "Relation Name": "movie_info_idx",
                    "Alias": "mi_idx",
                    "Startup Cost": 0.0,
                    "Total Cost": 16052.85,
                    "Plan Rows": 811785,
                    "Plan Width": 4,
                    "Actual Startup Time": 0.022,
                    "Actual Total Time": 51.27,
                    "Actual Rows": 690018,
                    "Actual Loops": 2
                  },
                  {
                    "Node Type": "Hash",
                    "Parent Relationship": "Inner",
                    "Parallel Aware": true,
                    "Startup Cost": 105020.49,
                    "Total Cost": 105020.49,
                    "Plan Rows": 71688,
                    "Plan Width": 8,
                    "Actual Startup Time": 465.918,
                    "Actual Total Time": 465.923,
                    "Actual Rows": 95502,
                    "Actual Loops": 2,
                    "Hash Buckets": 262144,
                    "Original Hash Buckets": 131072,
                    "Hash Batches": 1,
                    "Original Hash Batches": 1,
                    "Peak Memory Usage": 10560,
                    "Plans": [
                      {
                        "Node Type": "Hash Join",
                        "Parent Relationship": "Outer",
                        "Parallel Aware": true,
                        "Join Type": "Inner",
                        "Startup Cost": 75073.37,
                        "Total Cost": 105020.49,
                        "Plan Rows": 71688,
                        "Plan Width": 8,
                        "Actual Startup Time": 275.746,
                        "Actual Total Time": 439.169,
                        "Actual Rows": 95502,
                        "Actual Loops": 2,
                        "Inner Unique": true,
                        "Hash Cond": "(mk.movie_id = t.id)",
                        "Plans": [
                          {
                            "Node Type": "Bitmap Heap Scan",
                            "Parent Relationship": "Outer",
                            "Parallel Aware": true,
                            "Relation Name": "movie_keyword",
                            "Alias": "mk",
                            "Startup Cost": 13097.35,
                            "Total Cost": 42091.12,
                            "Plan Rows": 363182,
                            "Plan Width": 4,
                            "Actual Startup Time": 40.024,
                            "Actual Total Time": 131.338,
                            "Actual Rows": 312982,
                            "Actual Loops": 2,
                            "Recheck Cond": "(keyword_id < 486)",
                            "Rows Removed by Index Recheck": 0,
                            "Exact Heap Blocks": 13411,
                            "Lossy Heap Blocks": 0,
                            "Plans": [
                              {
                                "Node Type": "Bitmap Index Scan",
                                "Parent Relationship": "Outer",
                                "Parallel Aware": false,
                                "Index Name": "keyword_id_movie_keyword",
                                "Startup Cost": 0.0,
                                "Total Cost": 12943.0,
                                "Plan Rows": 617409,
                                "Plan Width": 0,
                                "Actual Startup Time": 36.411,
                                "Actual Total Time": 36.411,
                                "Actual Rows": 625964,
                                "Actual Loops": 1,
                                "Index Cond": "(keyword_id < 486)"
                              }
                            ]
                          },
                          {
                            "Node Type": "Hash",
                            "Parent Relationship": "Inner",
                            "Parallel Aware": true,
                            "Startup Cost": 58306.47,
                            "Total Cost": 58306.47,
                            "Plan Rows": 293564,
                            "Plan Width": 4,
                            "Actual Startup Time": 231.732,
                            "Actual Total Time": 231.733,
                            "Actual Rows": 210142,
                            "Actual Loops": 2,
                            "Hash Buckets": 524288,
                            "Original Hash Buckets": 524288,
                            "Hash Batches": 1,
                            "Original Hash Batches": 1,
                            "Peak Memory Usage": 20544,
                            "Plans": [
                              {
                                "Node Type": "Seq Scan",
                                "Parent Relationship": "Outer",
                                "Parallel Aware": true,
                                "Relation Name": "title",
                                "Alias": "t",
                                "Startup Cost": 0.0,
                                "Total Cost": 58306.47,
                                "Plan Rows": 293564,
                                "Plan Width": 4,
                                "Actual Startup Time": 0.041,
                                "Actual Total Time": 162.886,
                                "Actual Rows": 210142,
                                "Actual Loops": 2,
                                "Filter": "((kind_id < 7) AND (production_year > 2002))",
                                "Rows Removed by Filter": 1054014
                              }
                            ]
                          }
                        ]
                      }
                    ]
                  }
                ]
              }
            ]
          }
        ]
      }
    ]
  },
  "Planning Time": 1.061,
  "Triggers": [],
  "Execution Time": 635.839
}