{
  "Plan": {
    "Node Type": "Aggregate",
    "Strategy": "Plain",
    "Partial Mode": "Finalize",
    "Parallel Aware": false,
    "Startup Cost": 413674.15,
    "Total Cost": 413674.16,
    "Plan Rows": 1,
    "Plan Width": 8,
    "Actual Startup Time": 2373.78,
    "Actual Total Time": 2418.364,
    "Actual Rows": 1,
    "Actual Loops": 1,
    "Plans": [
      {
        "Node Type": "Gather",
        "Parent Relationship": "Outer",
        "Parallel Aware": false,
        "Startup Cost": 413674.04,
        "Total Cost": 413674.15,
        "Plan Rows": 1,
        "Plan Width": 8,
        "Actual Startup Time": 2370.984,
        "Actual Total Time": 2418.354,
        "Actual Rows": 2,
        "Actual Loops": 1,
        "Workers Planned": 1,
        "Workers Launched": 1,
        "Single Copy": false,
        "Plans": [
          {
            "Node Type": "Aggregate",
            "Strategy": "Plain",
            "Partial Mode": "Partial",
            "Parent Relationship": "Outer",
            "Parallel Aware": false,
            "Startup Cost": 412674.04,
            "Total Cost": 412674.05,
            "Plan Rows": 1,
            "Plan Width": 8,
            "Actual Startup Time": 2365.135,
            "Actual Total Time": 2366.08,
            "Actual Rows": 1,
            "Actual Loops": 2,
            "Plans": [
              {
                "Node Type": "Hash Join",
                "Parent Relationship": "Outer",
                "Parallel Aware": true,
                "Join Type": "Inner",
                "Startup Cost": 111059.2,
                "Total Cost": 406694.79,
                "Plan Rows": 2391700,
                "Plan Width": 0,
                "Actual Startup Time": 723.646,
                "Actual Total Time": 2311.365,
                "Actual Rows": 1266520,
                "Actual Loops": 2,
                "Inner Unique": false,
                "Hash Cond": "(mi.movie_id = t.id)",
                "Plans": [
                  {
                    "Node Type": "Seq Scan",
                    "Parent Relationship": "Outer",
                    "Parallel Aware": true,
                    "Relation Name": "movie_info",
                    "Alias": "mi",
                    "Startup Cost": 0.0,
                    "Total Cost": 248955.74,
                    "Plan Rows": 8696274,
                    "Plan Width": 4,
                    "Actual Startup Time": 0.018,
                    "Actual Total Time": 646.65,
                    "Actual Rows": 7417860,
                    "Actual Loops": 2
                  },
                  {
                    "Node Type": "Hash",
                    "Parent Relationship": "Inner",
                    "Parallel Aware": true,
                    "Startup Cost": 105946.37,
                    "Total Cost": 105946.37,
                    "Plan Rows": 409027,
                    "Plan Width": 8,
                    "Actual Startup Time": 713.62,
                    "Actual Total Time": 714.563,
                    "Actual Rows": 135180,
                    "Actual Loops": 2,
                    "Hash Buckets": 1048576,
                    "Original Hash Buckets": 1048576,
                    "Hash Batches": 1,
                    "Original Hash Batches": 1,
                    "Peak Memory Usage": 18784,
                    "Plans": [
                      {
                        "Node Type": "Hash Join",
                        "Parent Relationship": "Outer",
                        "Parallel Aware": true,
                        "Join Type": "Inner",
                        "Startup Cost": 64981.11,
                        "Total Cost": 105946.37,
                        "Plan Rows": 409027,
                        "Plan Width": 8,
                        "Actual Startup Time": 320.998,
                        "Actual Total Time": 674.729,
                        "Actual Rows": 135180,
                        "Actual Loops": 2,
                        "Inner Unique": true,
                        "Hash Cond": "(mc.movie_id = t.id)",
                        "Plans": [
                          {
                            "Node Type": "Seq Scan",
                            "Parent Relationship": "Outer",
                            "Parallel Aware": true,
                            "Relation Name": "movie_companies",
                            "Alias": "mc",
                            "Startup Cost": 0.0,
                            "Total Cost": 37974.77,
                            "Plan Rows": 1139234,
                            "Plan Width": 4,
                            "Actual Startup Time": 0.017,
                            "Actual Total Time": 124.271,
                            "Actual Rows": 961952,
                            "Actual Loops": 2,
                            "Filter": "(company_id < 47824)",
                            "Rows Removed by Filter": 342613
                          },
                          {
                            "Node Type": "Hash",
                            "Parent Relationship": "Inner",
                            "Parallel Aware": true,
                            "Startup Cost": 58306.47,
                            "Total Cost": 58306.47,
                            "Plan Rows": 533971,
                            "Plan Width": 4,
                            "Actual Startup Time": 315.541,
                            "Actual Total Time": 315.542,
                            "Actual Rows": 496036,
                            "Actual Loops": 2,
                            "Hash Buckets": 1048576,
                            "Original Hash Buckets": 1048576,
                            "Hash Batches": 1,
                            "Original Hash Batches": 1,
                            "Peak Memory Usage": 47040,
                            "Plans": [
                              {
                                "Node Type": "Seq Scan",
                                "Parent Relationship": "Outer",
                                "Parallel Aware": true,
                                "Relation Name": "title",
                                "Alias": "t",
                                "Startup Cost": 0.0,
                                "Total Cost": 58306.47,
                                "Plan Rows": 533971,
                                "Plan Width": 4,
                                "Actual Startup Time": 0.044,
                                "Actual Total Time": 167.995,
                                "Actual Rows": 496036,
                                "Actual Loops": 2,
                                "Filter": "((production_year > 1998) AND (kind_id = 7))",
                                "Rows Removed by Filter": 768120
                              }
                            ]
                          }
                        ]
                      }
                    ]
                  }
                ]
              }
            ]
          }
        ]
      }
    ]
  },
  "Planning Time": 1.029,
  "Triggers": [],
  "Execution Time": 2418.455
}