[
  {
    "Plan": {
      "Node Type": "Aggregate",
      "Strategy": "Plain",
      "Partial Mode": "Finalize",
      "Parallel Aware": false,
      "Startup Cost": 33396.79,
      "Total Cost": 33396.8,
      "Plan Rows": 1,
      "Plan Width": 8,
      "Actual Startup Time": 103.798,
      "Actual Total Time": 108.646,
      "Actual Rows": 1,
      "Actual Loops": 1,
      "Plans": [
        {
          "Node Type": "Gather",
          "Parent Relationship": "Outer",
          "Parallel Aware": false,
          "Startup Cost": 33396.48,
          "Total Cost": 33396.79,
          "Plan Rows": 3,
          "Plan Width": 8,
          "Actual Startup Time": 103.629,
          "Actual Total Time": 108.638,
          "Actual Rows": 4,
          "Actual Loops": 1,
          "Workers Planned": 3,
          "Workers Launched": 3,
          "Single Copy": false,
          "Plans": [
            {
              "Node Type": "Aggregate",
              "Strategy": "Plain",
              "Partial Mode": "Partial",
              "Parent Relationship": "Outer",
              "Parallel Aware": false,
              "Startup Cost": 32396.48,
              "Total Cost": 32396.49,
              "Plan Rows": 1,
              "Plan Width": 8,
              "Actual Startup Time": 94.973,
              "Actual Total Time": 94.975,
              "Actual Rows": 1,
              "Actual Loops": 4,
              "Plans": [
                {
                  "Node Type": "Bitmap Heap Scan",
                  "Parent Relationship": "Outer",
                  "Parallel Aware": true,
                  "Relation Name": "movie_keyword",
                  "Alias": "mk",
                  "Startup Cost": 6467.25,
                  "Total Cost": 32150.61,
                  "Plan Rows": 98348,
                  "Plan Width": 0,
                  "Actual Startup Time": 35.589,
                  "Actual Total Time": 90.168,
                  "Actual Rows": 74924,
                  "Actual Loops": 4,
                  "Recheck Cond": "(keyword_id > 53934)",
                  "Rows Removed by Index Recheck": 0,
                  "Exact Heap Blocks": 11116,
                  "Lossy Heap Blocks": 0,
                  "Plans": [
                    {
                      "Node Type": "Bitmap Index Scan",
                      "Parent Relationship": "Outer",
                      "Parallel Aware": false,
                      "Index Name": "keyword_id_movie_keyword",
                      "Startup Cost": 0.0,
                      "Total Cost": 6391.03,
                      "Plan Rows": 304880,
                      "Plan Width": 0,
                      "Actual Startup Time": 39.96,
                      "Actual Total Time": 39.96,
                      "Actual Rows": 299695,
                      "Actual Loops": 1,
                      "Index Cond": "(keyword_id > 53934)"
                    }
                  ]
                }
              ]
            }
          ]
        }
      ]
    },
    "Planning Time": 0.16,
    "Triggers": [],
    "Execution Time": 108.73
  }
]