[
  {
    "Plan": {
      "Node Type": "Aggregate",
      "Strategy": "Plain",
      "Partial Mode": "Finalize",
      "Parallel Aware": false,
      "Startup Cost": 40809.69,
      "Total Cost": 40809.7,
      "Plan Rows": 1,
      "Plan Width": 8,
      "Actual Startup Time": 172.922,
      "Actual Total Time": 179.882,
      "Actual Rows": 1,
      "Actual Loops": 1,
      "Plans": [
        {
          "Node Type": "Gather",
          "Parent Relationship": "Outer",
          "Parallel Aware": false,
          "Startup Cost": 40809.37,
          "Total Cost": 40809.68,
          "Plan Rows": 3,
          "Plan Width": 8,
          "Actual Startup Time": 172.668,
          "Actual Total Time": 179.871,
          "Actual Rows": 4,
          "Actual Loops": 1,
          "Workers Planned": 3,
          "Workers Launched": 3,
          "Single Copy": false,
          "Plans": [
            {
              "Node Type": "Aggregate",
              "Strategy": "Plain",
              "Partial Mode": "Partial",
              "Parent Relationship": "Outer",
              "Parallel Aware": false,
              "Startup Cost": 39809.37,
              "Total Cost": 39809.38,
              "Plan Rows": 1,
              "Plan Width": 8,
              "Actual Startup Time": 166.908,
              "Actual Total Time": 166.91,
              "Actual Rows": 1,
              "Actual Loops": 4,
              "Plans": [
                {
                  "Node Type": "Bitmap Heap Scan",
                  "Parent Relationship": "Outer",
                  "Parallel Aware": true,
                  "Relation Name": "movie_keyword",
                  "Alias": "mk",
                  "Startup Cost": 12503.76,
                  "Total Cost": 39334.11,
                  "Plan Rows": 190107,
                  "Plan Width": 0,
                  "Actual Startup Time": 71.548,
                  "Actual Total Time": 155.969,
                  "Actual Rows": 147756,
                  "Actual Loops": 4,
                  "Recheck Cond": "(keyword_id > 31095)",
                  "Rows Removed by Index Recheck": 0,
                  "Exact Heap Blocks": 7887,
                  "Lossy Heap Blocks": 0,
                  "Plans": [
                    {
                      "Node Type": "Bitmap Index Scan",
                      "Parent Relationship": "Outer",
                      "Parallel Aware": false,
                      "Index Name": "keyword_id_movie_keyword",
                      "Startup Cost": 0.0,
                      "Total Cost": 12356.43,
                      "Plan Rows": 589333,
                      "Plan Width": 0,
                      "Actual Startup Time": 70.93,
                      "Actual Total Time": 70.93,
                      "Actual Rows": 591025,
                      "Actual Loops": 1,
                      "Index Cond": "(keyword_id > 31095)"
                    }
                  ]
                }
              ]
            }
          ]
        }
      ]
    },
    "Planning Time": 0.18,
    "Triggers": [],
    "Execution Time": 179.954
  }
]