[
  {
    "Plan": {
      "Node Type": "Aggregate",
      "Strategy": "Plain",
      "Partial Mode": "Finalize",
      "Parallel Aware": false,
      "Startup Cost": 433597.9,
      "Total Cost": 433597.91,
      "Plan Rows": 1,
      "Plan Width": 8,
      "Actual Startup Time": 1644.929,
      "Actual Total Time": 1710.26,
      "Actual Rows": 1,
      "Actual Loops": 1,
      "Plans": [
        {
          "Node Type": "Gather",
          "Parent Relationship": "Outer",
          "Parallel Aware": false,
          "Startup Cost": 433597.27,
          "Total Cost": 433597.88,
          "Plan Rows": 6,
          "Plan Width": 8,
          "Actual Startup Time": 1638.43,
          "Actual Total Time": 1710.247,
          "Actual Rows": 7,
          "Actual Loops": 1,
          "Workers Planned": 6,
          "Workers Launched": 6,
          "Single Copy": false,
          "Plans": [
            {
              "Node Type": "Aggregate",
              "Strategy": "Plain",
              "Partial Mode": "Partial",
              "Parent Relationship": "Outer",
              "Parallel Aware": false,
              "Startup Cost": 432597.27,
              "Total Cost": 432597.28,
              "Plan Rows": 1,
              "Plan Width": 8,
              "Actual Startup Time": 1626.959,
              "Actual Total Time": 1627.231,
              "Actual Rows": 1,
              "Actual Loops": 7,
              "Plans": [
                {
                  "Node Type": "Hash Join",
                  "Parent Relationship": "Outer",
                  "Parallel Aware": true,
                  "Join Type": "Inner",
                  "Startup Cost": 82878.95,
                  "Total Cost": 429290.12,
                  "Plan Rows": 1322860,
                  "Plan Width": 0,
                  "Actual Startup Time": 473.918,
                  "Actual Total Time": 1564.867,
                  "Actual Rows": 1477701,
                  "Actual Loops": 7,
                  "Inner Unique": false,
                  "Hash Cond": "(ci.movie_id = t.id)",
                  "Plans": [
                    {
                      "Node Type": "Seq Scan",
                      "Parent Relationship": "Outer",
                      "Parallel Aware": true,
                      "Relation Name": "cast_info",
                      "Alias": "ci",
                      "Startup Cost": 0.0,
                      "Total Cost": 328162.03,
                      "Plan Rows": 3728496,
                      "Plan Width": 4,
                      "Actual Startup Time": 136.35,
                      "Actual Total Time": 592.122,
                      "Actual Rows": 3194934,
                      "Actual Loops": 7,
                      "Filter": "(person_id > 1367346)",
                      "Rows Removed by Filter": 1982830
                    },
                    {
                      "Node Type": "Hash",
                      "Parent Relationship": "Inner",
                      "Parallel Aware": true,
                      "Startup Cost": 79261.89,
                      "Total Cost": 79261.89,
                      "Plan Rows": 289365,
                      "Plan Width": 8,
                      "Actual Startup Time": 334.104,
                      "Actual Total Time": 334.374,
                      "Actual Rows": 74155,
                      "Actual Loops": 7,
                      "Hash Buckets": 1048576,
                      "Original Hash Buckets": 1048576,
                      "Hash Batches": 1,
                      "Original Hash Batches": 1,
                      "Peak Memory Usage": 28640,
                      "Plans": [
                        {
                          "Node Type": "Hash Join",
                          "Parent Relationship": "Outer",
                          "Parallel Aware": true,
                          "Join Type": "Inner",
                          "Startup Cost": 48701.62,
                          "Total Cost": 79261.89,
                          "Plan Rows": 289365,
                          "Plan Width": 8,
                          "Actual Startup Time": 189.573,
                          "Actual Total Time": 301.831,
                          "Actual Rows": 74155,
                          "Actual Loops": 7,
                          "Inner Unique": true,
                          "Hash Cond": "(mc.movie_id = t.id)",
                          "Plans": [
                            {
                              "Node Type": "Seq Scan",
                              "Parent Relationship": "Outer",
                              "Parallel Aware": true,
                              "Relation Name": "movie_companies",
                              "Alias": "mc",
                              "Startup Cost": 0.0,
                              "Total Cost": 29310.68,
                              "Plan Rows": 476034,
                              "Plan Width": 4,
                              "Actual Startup Time": 0.025,
                              "Actual Total Time": 46.028,
                              "Actual Rows": 210169,
                              "Actual Loops": 7,
                              "Filter": "(company_id < 13413)",
                              "Rows Removed by Filter": 162563
                            },
                            {
                              "Node Type": "Hash",
                              "Parent Relationship": "Inner",
                              "Parallel Aware": true,
                              "Startup Cost": 43898.92,
                              "Total Cost": 43898.92,
                              "Plan Rows": 384216,
                              "Plan Width": 4,
                              "Actual Startup Time": 186.739,
                              "Actual Total Time": 186.74,
                              "Actual Rows": 220466,
                              "Actual Loops": 7,
                              "Hash Buckets": 2097152,
                              "Original Hash Buckets": 2097152,
                              "Hash Batches": 1,
                              "Original Hash Batches": 1,
                              "Peak Memory Usage": 76896,
                              "Plans": [
                                {
                                  "Node Type": "Seq Scan",
                                  "Parent Relationship": "Outer",
                                  "Parallel Aware": true,
                                  "Relation Name": "title",
                                  "Alias": "t",
                                  "Startup Cost": 0.0,
                                  "Total Cost": 43898.92,
                                  "Plan Rows": 384216,
                                  "Plan Width": 4,
                                  "Actual Startup Time": 0.046,
                                  "Actual Total Time": 75.202,
                                  "Actual Rows": 220466,
                                  "Actual Loops": 7,
                                  "Filter": "(kind_id = 7)",
                                  "Rows Removed by Filter": 140721
                                }
                              ]
                            }
                          ]
                        }
                      ]
                    }
                  ]
                }
              ]
            }
          ]
        }
      ]
    },
    "Planning Time": 1.34,
    "Triggers": [],
    "Execution Time": 1710.357
  }
]