[
  {
    "Plan": {
      "Node Type": "Aggregate",
      "Strategy": "Plain",
      "Partial Mode": "Finalize",
      "Parallel Aware": false,
      "Startup Cost": 111979.7,
      "Total Cost": 111979.71,
      "Plan Rows": 1,
      "Plan Width": 8,
      "Actual Startup Time": 606.175,
      "Actual Total Time": 628.509,
      "Actual Rows": 1,
      "Actual Loops": 1,
      "Plans": [
        {
          "Node Type": "Gather",
          "Parent Relationship": "Outer",
          "Parallel Aware": false,
          "Startup Cost": 111979.38,
          "Total Cost": 111979.69,
          "Plan Rows": 3,
          "Plan Width": 8,
          "Actual Startup Time": 589.386,
          "Actual Total Time": 628.497,
          "Actual Rows": 4,
          "Actual Loops": 1,
          "Workers Planned": 3,
          "Workers Launched": 3,
          "Single Copy": false,
          "Plans": [
            {
              "Node Type": "Aggregate",
              "Strategy": "Plain",
              "Partial Mode": "Partial",
              "Parent Relationship": "Outer",
              "Parallel Aware": false,
              "Startup Cost": 110979.38,
              "Total Cost": 110979.39,
              "Plan Rows": 1,
              "Plan Width": 8,
              "Actual Startup Time": 567.653,
              "Actual Total Time": 567.659,
              "Actual Rows": 1,
              "Actual Loops": 4,
              "Plans": [
                {
                  "Node Type": "Hash Join",
                  "Parent Relationship": "Outer",
                  "Parallel Aware": true,
                  "Join Type": "Inner",
                  "Startup Cost": 79950.75,
                  "Total Cost": 110907.67,
                  "Plan Rows": 28687,
                  "Plan Width": 0,
                  "Actual Startup Time": 448.428,
                  "Actual Total Time": 560.403,
                  "Actual Rows": 185413,
                  "Actual Loops": 4,
                  "Inner Unique": false,
                  "Hash Cond": "(mc.movie_id = t.id)",
                  "Plans": [
                    {
                      "Node Type": "Seq Scan",
                      "Parent Relationship": "Outer",
                      "Parallel Aware": true,
                      "Relation Name": "movie_companies",
                      "Alias": "mc",
                      "Startup Cost": 0.0,
                      "Total Cost": 29310.68,
                      "Plan Rows": 414318,
                      "Plan Width": 4,
                      "Actual Startup Time": 0.022,
                      "Actual Total Time": 63.417,
                      "Actual Rows": 318562,
                      "Actual Loops": 4,
                      "Filter": "(company_type_id < 2)",
                      "Rows Removed by Filter": 333721
                    },
                    {
                      "Node Type": "Hash",
                      "Parent Relationship": "Inner",
                      "Parallel Aware": true,
                      "Startup Cost": 79244.88,
                      "Total Cost": 79244.88,
                      "Plan Rows": 56470,
                      "Plan Width": 8,
                      "Actual Startup Time": 446.103,
                      "Actual Total Time": 446.108,
                      "Actual Rows": 47194,
                      "Actual Loops": 4,
                      "Hash Buckets": 262144,
                      "Original Hash Buckets": 262144,
                      "Hash Batches": 1,
                      "Original Hash Batches": 1,
                      "Peak Memory Usage": 9472,
                      "Plans": [
                        {
                          "Node Type": "Hash Join",
                          "Parent Relationship": "Outer",
                          "Parallel Aware": true,
                          "Join Type": "Inner",
                          "Startup Cost": 53936.77,
                          "Total Cost": 79244.88,
                          "Plan Rows": 56470,
                          "Plan Width": 8,
                          "Actual Startup Time": 357.752,
                          "Actual Total Time": 428.32,
                          "Actual Rows": 47194,
                          "Actual Loops": 4,
                          "Inner Unique": true,
                          "Hash Cond": "(mk.movie_id = t.id)",
                          "Plans": [
                            {
                              "Node Type": "Bitmap Heap Scan",
                              "Parent Relationship": "Outer",
                              "Parallel Aware": true,
                              "Relation Name": "movie_keyword",
                              "Alias": "mk",
                              "Startup Cost": 3717.12,
                              "Total Cost": 28877.0,
                              "Plan Rows": 56470,
                              "Plan Width": 4,
                              "Actual Startup Time": 14.98,
                              "Actual Total Time": 57.187,
                              "Actual Rows": 47194,
                              "Actual Loops": 4,
                              "Recheck Cond": "(keyword_id < 137)",
                              "Rows Removed by Index Recheck": 0,
                              "Exact Heap Blocks": 8060,
                              "Lossy Heap Blocks": 0,
                              "Plans": [
                                {
                                  "Node Type": "Bitmap Index Scan",
                                  "Parent Relationship": "Outer",
                                  "Parallel Aware": false,
                                  "Index Name": "keyword_id_movie_keyword",
                                  "Startup Cost": 0.0,
                                  "Total Cost": 3673.36,
                                  "Plan Rows": 175057,
                                  "Plan Width": 0,
                                  "Actual Startup Time": 11.48,
                                  "Actual Total Time": 11.481,
                                  "Actual Rows": 188777,
                                  "Actual Loops": 1,
                                  "Index Cond": "(keyword_id < 137)"
                                }
                              ]
                            },
                            {
                              "Node Type": "Hash",
                              "Parent Relationship": "Inner",
                              "Parallel Aware": true,
                              "Startup Cost": 42318.73,
                              "Total Cost": 42318.73,
                              "Plan Rows": 632073,
                              "Plan Width": 4,
                              "Actual Startup Time": 333.235,
                              "Actual Total Time": 333.236,
                              "Actual Rows": 632078,
                              "Actual Loops": 4,
                              "Hash Buckets": 4194304,
                              "Original Hash Buckets": 4194304,
                              "Hash Batches": 1,
                              "Original Hash Batches": 1,
                              "Peak Memory Usage": 131744,
                              "Plans": [
                                {
                                  "Node Type": "Seq Scan",
                                  "Parent Relationship": "Outer",
                                  "Parallel Aware": true,
                                  "Relation Name": "title",
                                  "Alias": "t",
                                  "Startup Cost": 0.0,
                                  "Total Cost": 42318.73,
                                  "Plan Rows": 632073,
                                  "Plan Width": 4,
                                  "Actual Startup Time": 0.039,
                                  "Actual Total Time": 96.096,
                                  "Actual Rows": 632078,
                                  "Actual Loops": 4
                                }
                              ]
                            }
                          ]
                        }
                      ]
                    }
                  ]
                }
              ]
            }
          ]
        }
      ]
    },
    "Planning Time": 1.4,
    "Triggers": [],
    "Execution Time": 628.637
  }
]