{
  "Plan": {
    "Node Type": "Aggregate",
    "Strategy": "Plain",
    "Partial Mode": "Finalize",
    "Parallel Aware": false,
    "Startup Cost": 151995.39,
    "Total Cost": 151995.4,
    "Plan Rows": 1,
    "Plan Width": 8,
    "Actual Startup Time": 657.952,
    "Actual Total Time": 679.036,
    "Actual Rows": 1,
    "Actual Loops": 1,
    "Plans": [
      {
        "Node Type": "Gather",
        "Parent Relationship": "Outer",
        "Parallel Aware": false,
        "Startup Cost": 151995.27,
        "Total Cost": 151995.38,
        "Plan Rows": 1,
        "Plan Width": 8,
        "Actual Startup Time": 656.863,
        "Actual Total Time": 679.028,
        "Actual Rows": 2,
        "Actual Loops": 1,
        "Workers Planned": 1,
        "Workers Launched": 1,
        "Single Copy": false,
        "Plans": [
          {
            "Node Type": "Aggregate",
            "Strategy": "Plain",
            "Partial Mode": "Partial",
            "Parent Relationship": "Outer",
            "Parallel Aware": false,
            "Startup Cost": 150995.27,
            "Total Cost": 150995.28,
            "Plan Rows": 1,
            "Plan Width": 8,
            "Actual Startup Time": 650.535,
            "Actual Total Time": 650.541,
            "Actual Rows": 1,
            "Actual Loops": 2,
            "Plans": [
              {
                "Node Type": "Hash Join",
                "Parent Relationship": "Outer",
                "Parallel Aware": true,
                "Join Type": "Inner",
                "Startup Cost": 89245.05,
                "Total Cost": 150784.83,
                "Plan Rows": 84179,
                "Plan Width": 0,
                "Actual Startup Time": 323.461,
                "Actual Total Time": 646.924,
                "Actual Rows": 87696,
                "Actual Loops": 2,
                "Inner Unique": false,
                "Hash Cond": "(mk.movie_id = t.id)",
                "Plans": [
                  {
                    "Node Type": "Seq Scan",
                    "Parent Relationship": "Outer",
                    "Parallel Aware": true,
                    "Relation Name": "movie_keyword",
                    "Alias": "mk",
                    "Startup Cost": 0.0,
                    "Total Cost": 51065.35,
                    "Plan Rows": 2661135,
                    "Plan Width": 4,
                    "Actual Startup Time": 0.016,
                    "Actual Total Time": 151.088,
                    "Actual Rows": 2261965,
                    "Actual Loops": 2
                  },
                  {
                    "Node Type": "Hash",
                    "Parent Relationship": "Inner",
                    "Parallel Aware": true,
                    "Startup Cost": 88656.98,
                    "Total Cost": 88656.98,
                    "Plan Rows": 47045,
                    "Plan Width": 8,
                    "Actual Startup Time": 320.977,
                    "Actual Total Time": 320.981,
                    "Actual Rows": 61518,
                    "Actual Loops": 2,
                    "Hash Buckets": 131072,
                    "Original Hash Buckets": 131072,
                    "Hash Batches": 1,
                    "Original Hash Batches": 1,
                    "Peak Memory Usage": 5856,
                    "Plans": [
                      {
                        "Node Type": "Hash Join",
                        "Parent Relationship": "Outer",
                        "Parallel Aware": true,
                        "Join Type": "Inner",
                        "Startup Cost": 26620.18,
                        "Total Cost": 88656.98,
                        "Plan Rows": 47045,
                        "Plan Width": 8,
                        "Actual Startup Time": 91.555,
                        "Actual Total Time": 307.004,
                        "Actual Rows": 61518,
                        "Actual Loops": 2,
                        "Inner Unique": false,
                        "Hash Cond": "(t.id = mc.movie_id)",
                        "Plans": [
                          {
                            "Node Type": "Seq Scan",
                            "Parent Relationship": "Outer",
                            "Parallel Aware": true,
                            "Relation Name": "title",
                            "Alias": "t",
                            "Startup Cost": 0.0,
                            "Total Cost": 58306.47,
                            "Plan Rows": 552576,
                            "Plan Width": 4,
                            "Actual Startup Time": 0.011,
                            "Actual Total Time": 139.843,
                            "Actual Rows": 438018,
                            "Actual Loops": 2,
                            "Filter": "((production_year < 2007) AND (kind_id = 7))",
                            "Rows Removed by Filter": 826138
                          },
                          {
                            "Node Type": "Hash",
                            "Parent Relationship": "Inner",
                            "Parallel Aware": true,
                            "Startup Cost": 25037.41,
                            "Total Cost": 25037.41,
                            "Plan Rows": 126621,
                            "Plan Width": 4,
                            "Actual Startup Time": 89.39,
                            "Actual Total Time": 89.391,
                            "Actual Rows": 107602,
                            "Actual Loops": 2,
                            "Hash Buckets": 262144,
                            "Original Hash Buckets": 262144,
                            "Hash Batches": 1,
                            "Original Hash Batches": 1,
                            "Peak Memory Usage": 10496,
                            "Plans": [
                              {
                                "Node Type": "Bitmap Heap Scan",
                                "Parent Relationship": "Outer",
                                "Parallel Aware": true,
                                "Relation Name": "movie_companies",
                                "Alias": "mc",
                                "Startup Cost": 4664.66,
                                "Total Cost": 25037.41,
                                "Plan Rows": 126621,
                                "Plan Width": 4,
                                "Actual Startup Time": 23.829,
                                "Actual Total Time": 66.945,
                                "Actual Rows": 107602,
                                "Actual Loops": 2,
                                "Recheck Cond": "(company_id < 73)",
                                "Rows Removed by Index Recheck": 0,
                                "Exact Heap Blocks": 11838,
                                "Lossy Heap Blocks": 0,
                                "Plans": [
                                  {
                                    "Node Type": "Bitmap Index Scan",
                                    "Parent Relationship": "Outer",
                                    "Parallel Aware": false,
                                    "Index Name": "company_id_movie_companies",
                                    "Startup Cost": 0.0,
                                    "Total Cost": 4610.84,
                                    "Plan Rows": 215255,
                                    "Plan Width": 0,
                                    "Actual Startup Time": 21.743,
                                    "Actual Total Time": 21.743,
                                    "Actual Rows": 215203,
                                    "Actual Loops": 1,
                                    "Index Cond": "(company_id < 73)"
                                  }
                                ]
                              }
                            ]
                          }
                        ]
                      }
                    ]
                  }
                ]
              }
            ]
          }
        ]
      }
    ]
  },
  "Planning Time": 1.088,
  "Triggers": [],
  "Execution Time": 679.137
}