[
  {
    "Plan": {
      "Node Type": "Aggregate",
      "Strategy": "Plain",
      "Partial Mode": "Finalize",
      "Parallel Aware": false,
      "Startup Cost": 109879.34,
      "Total Cost": 109879.35,
      "Plan Rows": 1,
      "Plan Width": 8,
      "Actual Startup Time": 74.354,
      "Actual Total Time": 81.647,
      "Actual Rows": 1,
      "Actual Loops": 1,
      "Plans": [
        {
          "Node Type": "Gather",
          "Parent Relationship": "Outer",
          "Parallel Aware": false,
          "Startup Cost": 109878.92,
          "Total Cost": 109879.33,
          "Plan Rows": 4,
          "Plan Width": 8,
          "Actual Startup Time": 74.265,
          "Actual Total Time": 81.642,
          "Actual Rows": 5,
          "Actual Loops": 1,
          "Workers Planned": 4,
          "Workers Launched": 4,
          "Single Copy": false,
          "Plans": [
            {
              "Node Type": "Aggregate",
              "Strategy": "Plain",
              "Partial Mode": "Partial",
              "Parent Relationship": "Outer",
              "Parallel Aware": false,
              "Startup Cost": 108878.92,
              "Total Cost": 108878.93,
              "Plan Rows": 1,
              "Plan Width": 8,
              "Actual Startup Time": 69.618,
              "Actual Total Time": 69.619,
              "Actual Rows": 1,
              "Actual Loops": 5,
              "Plans": [
                {
                  "Node Type": "Nested Loop",
                  "Parent Relationship": "Outer",
                  "Parallel Aware": false,
                  "Join Type": "Inner",
                  "Startup Cost": 0.43,
                  "Total Cost": 108872.01,
                  "Plan Rows": 2764,
                  "Plan Width": 0,
                  "Actual Startup Time": 41.979,
                  "Actual Total Time": 69.467,
                  "Actual Rows": 1912,
                  "Actual Loops": 5,
                  "Inner Unique": false,
                  "Plans": [
                    {
                      "Node Type": "Seq Scan",
                      "Parent Relationship": "Outer",
                      "Parallel Aware": true,
                      "Relation Name": "title",
                      "Alias": "t",
                      "Startup Cost": 0.0,
                      "Total Cost": 43899.01,
                      "Plan Rows": 503,
                      "Plan Width": 4,
                      "Actual Startup Time": 41.915,
                      "Actual Total Time": 61.45,
                      "Actual Rows": 262,
                      "Actual Loops": 5,
                      "Filter": "(production_year = 1897)",
                      "Rows Removed by Filter": 505401
                    },
                    {
                      "Node Type": "Index Scan",
                      "Parent Relationship": "Inner",
                      "Parallel Aware": false,
                      "Scan Direction": "Forward",
                      "Index Name": "movie_id_movie_info",
                      "Relation Name": "movie_info",
                      "Alias": "mi",
                      "Startup Cost": 0.43,
                      "Total Cost": 128.8,
                      "Plan Rows": 37,
                      "Plan Width": 4,
                      "Actual Startup Time": 0.014,
                      "Actual Total Time": 0.03,
                      "Actual Rows": 7,
                      "Actual Loops": 1309,
                      "Index Cond": "(movie_id = t.id)",
                      "Rows Removed by Index Recheck": 0,
                      "Filter": "(info_type_id < 98)",
                      "Rows Removed by Filter": 0
                    }
                  ]
                }
              ]
            }
          ]
        }
      ]
    },
    "Planning Time": 0.194,
    "Triggers": [],
    "Execution Time": 81.676
  }
]