{
  "Plan": {
    "Node Type": "Aggregate",
    "Strategy": "Plain",
    "Partial Mode": "Finalize",
    "Parallel Aware": false,
    "Startup Cost": 442376.52,
    "Total Cost": 442376.53,
    "Plan Rows": 1,
    "Plan Width": 8,
    "Actual Startup Time": 1844.195,
    "Actual Total Time": 1865.344,
    "Actual Rows": 1,
    "Actual Loops": 1,
    "Plans": [
      {
        "Node Type": "Gather",
        "Parent Relationship": "Outer",
        "Parallel Aware": false,
        "Startup Cost": 442376.4,
        "Total Cost": 442376.51,
        "Plan Rows": 1,
        "Plan Width": 8,
        "Actual Startup Time": 1840.26,
        "Actual Total Time": 1865.336,
        "Actual Rows": 2,
        "Actual Loops": 1,
        "Workers Planned": 1,
        "Workers Launched": 1,
        "Single Copy": false,
        "Plans": [
          {
            "Node Type": "Aggregate",
            "Strategy": "Plain",
            "Partial Mode": "Partial",
            "Parent Relationship": "Outer",
            "Parallel Aware": false,
            "Startup Cost": 441376.4,
            "Total Cost": 441376.41,
            "Plan Rows": 1,
            "Plan Width": 8,
            "Actual Startup Time": 1832.172,
            "Actual Total Time": 1832.18,
            "Actual Rows": 1,
            "Actual Loops": 2,
            "Plans": [
              {
                "Node Type": "Hash Join",
                "Parent Relationship": "Outer",
                "Parallel Aware": true,
                "Join Type": "Inner",
                "Startup Cost": 163673.34,
                "Total Cost": 440944.14,
                "Plan Rows": 172905,
                "Plan Width": 0,
                "Actual Startup Time": 1174.944,
                "Actual Total Time": 1773.06,
                "Actual Rows": 1401914,
                "Actual Loops": 2,
                "Inner Unique": false,
                "Hash Cond": "(ci.movie_id = t.id)",
                "Plans": [
                  {
                    "Node Type": "Bitmap Heap Scan",
                    "Parent Relationship": "Outer",
                    "Parallel Aware": true,
                    "Relation Name": "cast_info",
                    "Alias": "ci",
                    "Startup Cost": 53912.12,
                    "Total Cost": 328297.76,
                    "Plan Rows": 498152,
                    "Plan Width": 4,
                    "Actual Startup Time": 125.061,
                    "Actual Total Time": 305.631,
                    "Actual Rows": 892389,
                    "Actual Loops": 2,
                    "Recheck Cond": "(person_id < 241483)",
                    "Rows Removed by Index Recheck": 0,
                    "Filter": "(role_id = 1)",
                    "Rows Removed by Filter": 352676,
                    "Exact Heap Blocks": 14034,
                    "Lossy Heap Blocks": 0,
                    "Plans": [
                      {
                        "Node Type": "Bitmap Index Scan",
                        "Parent Relationship": "Outer",
                        "Parallel Aware": false,
                        "Index Name": "person_id_cast_info",
                        "Startup Cost": 0.0,
                        "Total Cost": 53700.41,
                        "Plan Rows": 2459179,
                        "Plan Width": 0,
                        "Actual Startup Time": 121.17,
                        "Actual Total Time": 121.171,
                        "Actual Rows": 2490130,
                        "Actual Loops": 1,
                        "Index Cond": "(person_id < 241483)"
                      }
                    ]
                  },
                  {
                    "Node Type": "Hash",
                    "Parent Relationship": "Inner",
                    "Parallel Aware": true,
                    "Startup Cost": 103308.65,
                    "Total Cost": 103308.65,
                    "Plan Rows": 516206,
                    "Plan Width": 8,
                    "Actual Startup Time": 1040.674,
                    "Actual Total Time": 1040.679,
                    "Actual Rows": 882169,
                    "Actual Loops": 2,
                    "Hash Buckets": 2097152,
                    "Original Hash Buckets": 1048576,
                    "Hash Batches": 1,
                    "Original Hash Batches": 1,
                    "Peak Memory Usage": 93632,
                    "Plans": [
                      {
                        "Node Type": "Hash Join",
                        "Parent Relationship": "Outer",
                        "Parallel Aware": true,
                        "Join Type": "Inner",
                        "Startup Cost": 61878.3,
                        "Total Cost": 103308.65,
                        "Plan Rows": 516206,
                        "Plan Width": 8,
                        "Actual Startup Time": 312.113,
                        "Actual Total Time": 787.677,
                        "Actual Rows": 882169,
                        "Actual Loops": 2,
                        "Inner Unique": true,
                        "Hash Cond": "(mc.movie_id = t.id)",
                        "Plans": [
                          {
                            "Node Type": "Seq Scan",
                            "Parent Relationship": "Outer",
                            "Parallel Aware": true,
                            "Relation Name": "movie_companies",
                            "Alias": "mc",
                            "Startup Cost": 0.0,
                            "Total Cost": 37974.77,
                            "Plan Rows": 1316404,
                            "Plan Width": 4,
                            "Actual Startup Time": 0.066,
                            "Actual Total Time": 141.115,
                            "Actual Rows": 1120826,
                            "Actual Loops": 2,
                            "Filter": "(company_id > 195)",
                            "Rows Removed by Filter": 183739
                          },
                          {
                            "Node Type": "Hash",
                            "Parent Relationship": "Inner",
                            "Parallel Aware": true,
                            "Startup Cost": 54588.39,
                            "Total Cost": 54588.39,
                            "Plan Rows": 583193,
                            "Plan Width": 4,
                            "Actual Startup Time": 306.481,
                            "Actual Total Time": 306.483,
                            "Actual Rows": 492524,
                            "Actual Loops": 2,
                            "Hash Buckets": 1048576,
                            "Original Hash Buckets": 1048576,
                            "Hash Batches": 1,
                            "Original Hash Batches": 1,
                            "Peak Memory Usage": 46752,
                            "Plans": [
                              {
                                "Node Type": "Seq Scan",
                                "Parent Relationship": "Outer",
                                "Parallel Aware": true,
                                "Relation Name": "title",
                                "Alias": "t",
                                "Startup Cost": 0.0,
                                "Total Cost": 54588.39,
                                "Plan Rows": 583193,
                                "Plan Width": 4,
                                "Actual Startup Time": 0.058,
                                "Actual Total Time": 161.562,
                                "Actual Rows": 492524,
                                "Actual Loops": 2,
                                "Filter": "(kind_id < 7)",
                                "Rows Removed by Filter": 771632
                              }
                            ]
                          }
                        ]
                      }
                    ]
                  }
                ]
              }
            ]
          }
        ]
      }
    ]
  },
  "Planning Time": 1.179,
  "Triggers": [],
  "Execution Time": 1865.456
}