[
  {
    "Plan": {
      "Node Type": "Aggregate",
      "Strategy": "Plain",
      "Partial Mode": "Finalize",
      "Parallel Aware": false,
      "Startup Cost": 45653.97,
      "Total Cost": 45653.98,
      "Plan Rows": 1,
      "Plan Width": 8,
      "Actual Startup Time": 215.92,
      "Actual Total Time": 230.475,
      "Actual Rows": 1,
      "Actual Loops": 1,
      "Plans": [
        {
          "Node Type": "Gather",
          "Parent Relationship": "Outer",
          "Parallel Aware": false,
          "Startup Cost": 45653.66,
          "Total Cost": 45653.97,
          "Plan Rows": 3,
          "Plan Width": 8,
          "Actual Startup Time": 215.802,
          "Actual Total Time": 230.466,
          "Actual Rows": 4,
          "Actual Loops": 1,
          "Workers Planned": 3,
          "Workers Launched": 3,
          "Single Copy": false,
          "Plans": [
            {
              "Node Type": "Aggregate",
              "Strategy": "Plain",
              "Partial Mode": "Partial",
              "Parent Relationship": "Outer",
              "Parallel Aware": false,
              "Startup Cost": 44653.66,
              "Total Cost": 44653.67,
              "Plan Rows": 1,
              "Plan Width": 8,
              "Actual Startup Time": 208.053,
              "Actual Total Time": 208.054,
              "Actual Rows": 1,
              "Actual Loops": 4,
              "Plans": [
                {
                  "Node Type": "Seq Scan",
                  "Parent Relationship": "Outer",
                  "Parallel Aware": true,
                  "Relation Name": "movie_keyword",
                  "Alias": "mk",
                  "Startup Cost": 0.0,
                  "Total Cost": 42695.65,
                  "Plan Rows": 783201,
                  "Plan Width": 0,
                  "Actual Startup Time": 0.065,
                  "Actual Total Time": 165.975,
                  "Actual Rows": 611694,
                  "Actual Loops": 4,
                  "Filter": "(keyword_id < 5831)",
                  "Rows Removed by Filter": 519288
                }
              ]
            }
          ]
        }
      ]
    },
    "Planning Time": 0.14,
    "Triggers": [],
    "Execution Time": 230.521
  }
]