{
  "Plan": {
    "Node Type": "Aggregate",
    "Strategy": "Plain",
    "Partial Mode": "Finalize",
    "Parallel Aware": false,
    "Startup Cost": 334440.75,
    "Total Cost": 334440.76,
    "Plan Rows": 1,
    "Plan Width": 8,
    "Actual Startup Time": 1702.127,
    "Actual Total Time": 1739.932,
    "Actual Rows": 1,
    "Actual Loops": 1,
    "Plans": [
      {
        "Node Type": "Gather",
        "Parent Relationship": "Outer",
        "Parallel Aware": false,
        "Startup Cost": 334440.63,
        "Total Cost": 334440.74,
        "Plan Rows": 1,
        "Plan Width": 8,
        "Actual Startup Time": 1701.726,
        "Actual Total Time": 1739.925,
        "Actual Rows": 2,
        "Actual Loops": 1,
        "Workers Planned": 1,
        "Workers Launched": 1,
        "Single Copy": false,
        "Plans": [
          {
            "Node Type": "Aggregate",
            "Strategy": "Plain",
            "Partial Mode": "Partial",
            "Parent Relationship": "Outer",
            "Parallel Aware": false,
            "Startup Cost": 333440.63,
            "Total Cost": 333440.64,
            "Plan Rows": 1,
            "Plan Width": 8,
            "Actual Startup Time": 1696.077,
            "Actual Total Time": 1696.08,
            "Actual Rows": 1,
            "Actual Loops": 2,
            "Plans": [
              {
                "Node Type": "Hash Join",
                "Parent Relationship": "Outer",
                "Parallel Aware": true,
                "Join Type": "Inner",
                "Startup Cost": 59850.94,
                "Total Cost": 331634.43,
                "Plan Rows": 722481,
                "Plan Width": 0,
                "Actual Startup Time": 164.901,
                "Actual Total Time": 1659.55,
                "Actual Rows": 889395,
                "Actual Loops": 2,
                "Inner Unique": true,
                "Hash Cond": "(mi.movie_id = t.id)",
                "Plans": [
                  {
                    "Node Type": "Seq Scan",
                    "Parent Relationship": "Outer",
                    "Parallel Aware": true,
                    "Relation Name": "movie_info",
                    "Alias": "mi",
                    "Startup Cost": 0.0,
                    "Total Cost": 248955.74,
                    "Plan Rows": 8696274,
                    "Plan Width": 4,
                    "Actual Startup Time": 0.008,
                    "Actual Total Time": 595.101,
                    "Actual Rows": 7417860,
                    "Actual Loops": 2
                  },
                  {
                    "Node Type": "Hash",
                    "Parent Relationship": "Inner",
                    "Parallel Aware": true,
                    "Startup Cost": 58306.47,
                    "Total Cost": 58306.47,
                    "Plan Rows": 123558,
                    "Plan Width": 4,
                    "Actual Startup Time": 160.103,
                    "Actual Total Time": 160.104,
                    "Actual Rows": 91918,
                    "Actual Loops": 2,
                    "Hash Buckets": 262144,
                    "Original Hash Buckets": 262144,
                    "Hash Batches": 1,
                    "Original Hash Batches": 1,
                    "Peak Memory Usage": 9248,
                    "Plans": [
                      {
                        "Node Type": "Seq Scan",
                        "Parent Relationship": "Outer",
                        "Parallel Aware": true,
                        "Relation Name": "title",
                        "Alias": "t",
                        "Startup Cost": 0.0,
                        "Total Cost": 58306.47,
                        "Plan Rows": 123558,
                        "Plan Width": 4,
                        "Actual Startup Time": 0.055,
                        "Actual Total Time": 138.05,
                        "Actual Rows": 91918,
                        "Actual Loops": 2,
                        "Filter": "((kind_id < 7) AND (production_year > 2009))",
                        "Rows Removed by Filter": 1172238
                      }
                    ]
                  }
                ]
              }
            ]
          }
        ]
      }
    ]
  },
  "Planning Time": 0.626,
  "Triggers": [],
  "Execution Time": 1740.008
}