[
  {
    "Plan": {
      "Node Type": "Aggregate",
      "Strategy": "Plain",
      "Partial Mode": "Finalize",
      "Parallel Aware": false,
      "Startup Cost": 55935.74,
      "Total Cost": 55935.75,
      "Plan Rows": 1,
      "Plan Width": 64,
      "Actual Startup Time": 304.578,
      "Actual Total Time": 338.894,
      "Actual Rows": 1,
      "Actual Loops": 1,
      "Plans": [
        {
          "Node Type": "Gather",
          "Parent Relationship": "Outer",
          "Parallel Aware": false,
          "Startup Cost": 55935.31,
          "Total Cost": 55935.72,
          "Plan Rows": 4,
          "Plan Width": 64,
          "Actual Startup Time": 304.216,
          "Actual Total Time": 338.879,
          "Actual Rows": 5,
          "Actual Loops": 1,
          "Workers Planned": 4,
          "Workers Launched": 4,
          "Single Copy": false,
          "Plans": [
            {
              "Node Type": "Aggregate",
              "Strategy": "Plain",
              "Partial Mode": "Partial",
              "Parent Relationship": "Outer",
              "Parallel Aware": false,
              "Startup Cost": 54935.31,
              "Total Cost": 54935.32,
              "Plan Rows": 1,
              "Plan Width": 64,
              "Actual Startup Time": 292.939,
              "Actual Total Time": 292.954,
              "Actual Rows": 1,
              "Actual Loops": 5,
              "Plans": [
                {
                  "Node Type": "Nested Loop",
                  "Parent Relationship": "Outer",
                  "Parallel Aware": false,
                  "Join Type": "Inner",
                  "Startup Cost": 3238.95,
                  "Total Cost": 54935.31,
                  "Plan Rows": 1,
                  "Plan Width": 27,
                  "Actual Startup Time": 268.757,
                  "Actual Total Time": 292.907,
                  "Actual Rows": 126,
                  "Actual Loops": 5,
                  "Inner Unique": true,
                  "Plans": [
                    {
                      "Node Type": "Nested Loop",
                      "Parent Relationship": "Outer",
                      "Parallel Aware": false,
                      "Join Type": "Inner",
                      "Startup Cost": 3238.53,
                      "Total Cost": 54934.87,
                      "Plan Rows": 1,
                      "Plan Width": 31,
                      "Actual Startup Time": 268.73,
                      "Actual Total Time": 292.321,
                      "Actual Rows": 126,
                      "Actual Loops": 5,
                      "Inner Unique": true,
                      "Plans": [
                        {
                          "Node Type": "Nested Loop",
                          "Parent Relationship": "Outer",
                          "Parallel Aware": false,
                          "Join Type": "Inner",
                          "Startup Cost": 3238.4,
                          "Total Cost": 54934.71,
                          "Plan Rows": 1,
                          "Plan Width": 35,
                          "Actual Startup Time": 268.708,
                          "Actual Total Time": 292.134,
                          "Actual Rows": 126,
                          "Actual Loops": 5,
                          "Inner Unique": true,
                          "Plans": [
                            {
                              "Node Type": "Nested Loop",
                              "Parent Relationship": "Outer",
                              "Parallel Aware": false,
                              "Join Type": "Inner",
                              "Startup Cost": 3237.98,
                              "Total Cost": 54934.27,
                              "Plan Rows": 1,
                              "Plan Width": 39,
                              "Actual Startup Time": 268.679,
                              "Actual Total Time": 291.825,
                              "Actual Rows": 126,
                              "Actual Loops": 5,
                              "Inner Unique": false,
                              "Join Filter": "(t.id = mc.movie_id)",
                              "Rows Removed by Join Filter": 0,
                              "Plans": [
                                {
                                  "Node Type": "Nested Loop",
                                  "Parent Relationship": "Outer",
                                  "Parallel Aware": false,
                                  "Join Type": "Inner",
                                  "Startup Cost": 3237.55,
                                  "Total Cost": 54933.66,
                                  "Plan Rows": 1,
                                  "Plan Width": 47,
                                  "Actual Startup Time": 268.648,
                                  "Actual Total Time": 291.478,
                                  "Actual Rows": 125,
                                  "Actual Loops": 5,
                                  "Inner Unique": false,
                                  "Plans": [
                                    {
                                      "Node Type": "Nested Loop",
                                      "Parent Relationship": "Outer",
                                      "Parallel Aware": false,
                                      "Join Type": "Inner",
                                      "Startup Cost": 3237.12,
                                      "Total Cost": 54931.85,
                                      "Plan Rows": 1,
                                      "Plan Width": 39,
                                      "Actual Startup Time": 268.604,
                                      "Actual Total Time": 291.37,
                                      "Actual Rows": 1,
                                      "Actual Loops": 5,
                                      "Inner Unique": true,
                                      "Plans": [
                                        {
                                          "Node Type": "Nested Loop",
                                          "Parent Relationship": "Outer",
                                          "Parallel Aware": false,
                                          "Join Type": "Inner",
                                          "Startup Cost": 3236.98,
                                          "Total Cost": 54931.22,
                                          "Plan Rows": 3,
                                          "Plan Width": 43,
                                          "Actual Startup Time": 268.59,
                                          "Actual Total Time": 291.35,
                                          "Actual Rows": 1,
                                          "Actual Loops": 5,
                                          "Inner Unique": false,
                                          "Plans": [
                                            {
                                              "Node Type": "Hash Join",
                                              "Parent Relationship": "Outer",
                                              "Parallel Aware": false,
                                              "Join Type": "Inner",
                                              "Startup Cost": 3236.54,
                                              "Total Cost": 48733.17,
                                              "Plan Rows": 3094,
                                              "Plan Width": 35,
                                              "Actual Startup Time": 161.164,
                                              "Actual Total Time": 217.462,
                                              "Actual Rows": 536,
                                              "Actual Loops": 5,
                                              "Inner Unique": true,
                                              "Hash Cond": "(t.kind_id = kt.id)",
                                              "Plans": [
                                                {
                                                  "Node Type": "Hash Join",
                                                  "Parent Relationship": "Outer",
                                                  "Parallel Aware": false,
                                                  "Join Type": "Inner",
                                                  "Startup Cost": 3235.39,
                                                  "Total Cost": 48709.19,
                                                  "Plan Rows": 5415,
                                                  "Plan Width": 29,
                                                  "Actual Startup Time": 45.614,
                                                  "Actual Total Time": 216.789,
                                                  "Actual Rows": 752,
                                                  "Actual Loops": 5,
                                                  "Inner Unique": false,
                                                  "Hash Cond": "(t.id = cc.movie_id)",
                                                  "Plans": [
                                                    {
                                                      "Node Type": "Seq Scan",
                                                      "Parent Relationship": "Outer",
                                                      "Parallel Aware": true,
                                                      "Relation Name": "title",
                                                      "Alias": "t",
                                                      "Startup Cost": 0.0,
                                                      "Total Cost": 43899.32,
                                                      "Plan Rows": 405421,
                                                      "Plan Width": 25,
                                                      "Actual Startup Time": 0.045,
                                                      "Actual Total Time": 114.984,
                                                      "Actual Rows": 321415,
                                                      "Actual Loops": 5,
                                                      "Filter": "(production_year > 1995)",
                                                      "Rows Removed by Filter": 184247
                                                    },
                                                    {
                                                      "Node Type": "Hash",
                                                      "Parent Relationship": "Inner",
                                                      "Parallel Aware": false,
                                                      "Startup Cost": 2813.24,
                                                      "Total Cost": 2813.24,
                                                      "Plan Rows": 33772,
                                                      "Plan Width": 4,
                                                      "Actual Startup Time": 44.056,
                                                      "Actual Total Time": 44.06,
                                                      "Actual Rows": 24592,
                                                      "Actual Loops": 5,
                                                      "Hash Buckets": 65536,
                                                      "Original Hash Buckets": 65536,
                                                      "Hash Batches": 1,
                                                      "Original Hash Batches": 1,
                                                      "Peak Memory Usage": 1377,
                                                      "Plans": [
                                                        {
                                                          "Node Type": "Hash Join",
                                                          "Parent Relationship": "Outer",
                                                          "Parallel Aware": false,
                                                          "Join Type": "Inner",
                                                          "Startup Cost": 1.06,
                                                          "Total Cost": 2813.24,
                                                          "Plan Rows": 33772,
                                                          "Plan Width": 4,
                                                          "Actual Startup Time": 0.146,
                                                          "Actual Total Time": 37.626,
                                                          "Actual Rows": 24592,
                                                          "Actual Loops": 5,
                                                          "Inner Unique": true,
                                                          "Hash Cond": "(cc.status_id = cct1.id)",
                                                          "Plans": [
                                                            {
                                                              "Node Type": "Seq Scan",
                                                              "Parent Relationship": "Outer",
                                                              "Parallel Aware": false,
                                                              "Relation Name": "complete_cast",
                                                              "Alias": "cc",
                                                              "Startup Cost": 0.0,
                                                              "Total Cost": 2081.86,
                                                              "Plan Rows": 135086,
                                                              "Plan Width": 8,
                                                              "Actual Startup Time": 0.049,
                                                              "Actual Total Time": 17.737,
                                                              "Actual Rows": 135086,
                                                              "Actual Loops": 5
                                                            },
                                                            {
                                                              "Node Type": "Hash",
                                                              "Parent Relationship": "Inner",
                                                              "Parallel Aware": false,
                                                              "Startup Cost": 1.05,
                                                              "Total Cost": 1.05,
                                                              "Plan Rows": 1,
                                                              "Plan Width": 4,
                                                              "Actual Startup Time": 0.054,
                                                              "Actual Total Time": 0.056,
                                                              "Actual Rows": 1,
                                                              "Actual Loops": 5,
                                                              "Hash Buckets": 1024,
                                                              "Original Hash Buckets": 1024,
                                                              "Hash Batches": 1,
                                                              "Original Hash Batches": 1,
                                                              "Peak Memory Usage": 9,
                                                              "Plans": [
                                                                {
                                                                  "Node Type": "Seq Scan",
                                                                  "Parent Relationship": "Outer",
                                                                  "Parallel Aware": false,
                                                                  "Relation Name": "comp_cast_type",
                                                                  "Alias": "cct1",
                                                                  "Startup Cost": 0.0,
                                                                  "Total Cost": 1.05,
                                                                  "Plan Rows": 1,
                                                                  "Plan Width": 4,
                                                                  "Actual Startup Time": 0.044,
                                                                  "Actual Total Time": 0.046,
                                                                  "Actual Rows": 1,
                                                                  "Actual Loops": 5,
                                                                  "Filter": "((kind)::text = 'complete+verified'::text)",
                                                                  "Rows Removed by Filter": 3
                                                                }
                                                              ]
                                                            }
                                                          ]
                                                        }
                                                      ]
                                                    }
                                                  ]
                                                },
                                                {
                                                  "Node Type": "Hash",
                                                  "Parent Relationship": "Inner",
                                                  "Parallel Aware": false,
                                                  "Startup Cost": 1.1,
                                                  "Total Cost": 1.1,
                                                  "Plan Rows": 4,
                                                  "Plan Width": 14,
                                                  "Actual Startup Time": 0.085,
                                                  "Actual Total Time": 0.086,
                                                  "Actual Rows": 4,
                                                  "Actual Loops": 5,
                                                  "Hash Buckets": 1024,
                                                  "Original Hash Buckets": 1024,
                                                  "Hash Batches": 1,
                                                  "Original Hash Batches": 1,
                                                  "Peak Memory Usage": 9,
                                                  "Plans": [
                                                    {
                                                      "Node Type": "Seq Scan",
                                                      "Parent Relationship": "Outer",
                                                      "Parallel Aware": false,
                                                      "Relation Name": "kind_type",
                                                      "Alias": "kt",
                                                      "Startup Cost": 0.0,
                                                      "Total Cost": 1.1,
                                                      "Plan Rows": 4,
                                                      "Plan Width": 14,
                                                      "Actual Startup Time": 0.048,
                                                      "Actual Total Time": 0.054,
                                                      "Actual Rows": 4,
                                                      "Actual Loops": 5,
                                                      "Filter": "((kind)::text = ANY ('{movie,\"tv movie\",\"video movie\",\"video game\"}'::text[]))",
                                                      "Rows Removed by Filter": 3
                                                    }
                                                  ]
                                                }
                                              ]
                                            },
                                            {
                                              "Node Type": "Index Scan",
                                              "Parent Relationship": "Inner",
                                              "Parallel Aware": false,
                                              "Scan Direction": "Forward",
                                              "Index Name": "movie_id_movie_info",
                                              "Relation Name": "movie_info",
                                              "Alias": "mi",
                                              "Startup Cost": 0.43,
                                              "Total Cost": 1.99,
                                              "Plan Rows": 1,
                                              "Plan Width": 8,
                                              "Actual Startup Time": 0.137,
                                              "Actual Total Time": 0.137,
                                              "Actual Rows": 0,
                                              "Actual Loops": 2678,
                                              "Index Cond": "(movie_id = t.id)",
                                              "Rows Removed by Index Recheck": 0,
                                              "Filter": "((info IS NOT NULL) AND (note ~~ '%internet%'::text) AND ((info ~~ 'USA:% 199%'::text) OR (info ~~ 'USA:% 200%'::text)))",
                                              "Rows Removed by Filter": 156
                                            }
                                          ]
                                        },
                                        {
                                          "Node Type": "Index Scan",
                                          "Parent Relationship": "Inner",
                                          "Parallel Aware": false,
                                          "Scan Direction": "Forward",
                                          "Index Name": "info_type_pkey",
                                          "Relation Name": "info_type",
                                          "Alias": "it1",
                                          "Startup Cost": 0.14,
                                          "Total Cost": 0.19,
                                          "Plan Rows": 1,
                                          "Plan Width": 4,
                                          "Actual Startup Time": 0.013,
                                          "Actual Total Time": 0.013,
                                          "Actual Rows": 1,
                                          "Actual Loops": 6,
                                          "Index Cond": "(id = mi.info_type_id)",
                                          "Rows Removed by Index Recheck": 0,
                                          "Filter": "((info)::text = 'release dates'::text)",
                                          "Rows Removed by Filter": 0
                                        }
                                      ]
                                    },
                                    {
                                      "Node Type": "Index Scan",
                                      "Parent Relationship": "Inner",
                                      "Parallel Aware": false,
                                      "Scan Direction": "Forward",
                                      "Index Name": "movie_id_movie_keyword",
                                      "Relation Name": "movie_keyword",
                                      "Alias": "mk",
                                      "Startup Cost": 0.43,
                                      "Total Cost": 1.35,
                                      "Plan Rows": 46,
                                      "Plan Width": 8,
                                      "Actual Startup Time": 0.047,
                                      "Actual Total Time": 0.068,
                                      "Actual Rows": 104,
                                      "Actual Loops": 6,
                                      "Index Cond": "(movie_id = t.id)",
                                      "Rows Removed by Index Recheck": 0
                                    }
                                  ]
                                },
                                {
                                  "Node Type": "Index Scan",
                                  "Parent Relationship": "Inner",
                                  "Parallel Aware": false,
                                  "Scan Direction": "Forward",
                                  "Index Name": "movie_id_movie_companies",
                                  "Relation Name": "movie_companies",
                                  "Alias": "mc",
                                  "Startup Cost": 0.43,
                                  "Total Cost": 0.54,
                                  "Plan Rows": 5,
                                  "Plan Width": 12,
                                  "Actual Startup Time": 0.002,
                                  "Actual Total Time": 0.002,
                                  "Actual Rows": 1,
                                  "Actual Loops": 625,
                                  "Index Cond": "(movie_id = mk.movie_id)",
                                  "Rows Removed by Index Recheck": 0
                                }
                              ]
                            },
                            {
                              "Node Type": "Index Scan",
                              "Parent Relationship": "Inner",
                              "Parallel Aware": false,
                              "Scan Direction": "Forward",
                              "Index Name": "company_name_pkey",
                              "Relation Name": "company_name",
                              "Alias": "cn",
                              "Startup Cost": 0.42,
                              "Total Cost": 0.45,
                              "Plan Rows": 1,
                              "Plan Width": 4,
                              "Actual Startup Time": 0.002,
                              "Actual Total Time": 0.002,
                              "Actual Rows": 1,
                              "Actual Loops": 628,
                              "Index Cond": "(id = mc.company_id)",
                              "Rows Removed by Index Recheck": 0,
                              "Filter": "((country_code)::text = '[us]'::text)",
                              "Rows Removed by Filter": 0
                            }
                          ]
                        },
                        {
                          "Node Type": "Index Only Scan",
                          "Parent Relationship": "Inner",
                          "Parallel Aware": false,
                          "Scan Direction": "Forward",
                          "Index Name": "company_type_pkey",
                          "Relation Name": "company_type",
                          "Alias": "ct",
                          "Startup Cost": 0.13,
                          "Total Cost": 0.15,
                          "Plan Rows": 1,
                          "Plan Width": 4,
                          "Actual Startup Time": 0.001,
                          "Actual Total Time": 0.001,
                          "Actual Rows": 1,
                          "Actual Loops": 628,
                          "Index Cond": "(id = mc.company_type_id)",
                          "Rows Removed by Index Recheck": 0,
                          "Heap Fetches": 628
                        }
                      ]
                    },
                    {
                      "Node Type": "Index Only Scan",
                      "Parent Relationship": "Inner",
                      "Parallel Aware": false,
                      "Scan Direction": "Forward",
                      "Index Name": "keyword_pkey",
                      "Relation Name": "keyword",
                      "Alias": "k",
                      "Startup Cost": 0.42,
                      "Total Cost": 0.44,
                      "Plan Rows": 1,
                      "Plan Width": 4,
                      "Actual Startup Time": 0.004,
                      "Actual Total Time": 0.004,
                      "Actual Rows": 1,
                      "Actual Loops": 628,
                      "Index Cond": "(id = mk.keyword_id)",
                      "Rows Removed by Index Recheck": 0,
                      "Heap Fetches": 628
                    }
                  ]
                }
              ]
            }
          ]
        }
      ]
    },
    "Planning Time": 59.833,
    "Triggers": [],
    "Execution Time": 339.439
  }
]