[
  {
    "Plan": {
      "Node Type": "Aggregate",
      "Strategy": "Plain",
      "Partial Mode": "Finalize",
      "Parallel Aware": false,
      "Startup Cost": 41153.08,
      "Total Cost": 41153.09,
      "Plan Rows": 1,
      "Plan Width": 8,
      "Actual Startup Time": 160.1,
      "Actual Total Time": 170.399,
      "Actual Rows": 1,
      "Actual Loops": 1,
      "Plans": [
        {
          "Node Type": "Gather",
          "Parent Relationship": "Outer",
          "Parallel Aware": false,
          "Startup Cost": 41152.77,
          "Total Cost": 41153.08,
          "Plan Rows": 3,
          "Plan Width": 8,
          "Actual Startup Time": 159.636,
          "Actual Total Time": 170.387,
          "Actual Rows": 4,
          "Actual Loops": 1,
          "Workers Planned": 3,
          "Workers Launched": 3,
          "Single Copy": false,
          "Plans": [
            {
              "Node Type": "Aggregate",
              "Strategy": "Plain",
              "Partial Mode": "Partial",
              "Parent Relationship": "Outer",
              "Parallel Aware": false,
              "Startup Cost": 40152.77,
              "Total Cost": 40152.78,
              "Plan Rows": 1,
              "Plan Width": 8,
              "Actual Startup Time": 154.595,
              "Actual Total Time": 154.597,
              "Actual Rows": 1,
              "Actual Loops": 4,
              "Plans": [
                {
                  "Node Type": "Bitmap Heap Scan",
                  "Parent Relationship": "Outer",
                  "Parallel Aware": true,
                  "Relation Name": "movie_keyword",
                  "Alias": "mk",
                  "Startup Cost": 12782.81,
                  "Total Cost": 39666.77,
                  "Plan Rows": 194397,
                  "Plan Width": 0,
                  "Actual Startup Time": 46.883,
                  "Actual Total Time": 142.678,
                  "Actual Rows": 153458,
                  "Actual Loops": 4,
                  "Recheck Cond": "(keyword_id < 465)",
                  "Rows Removed by Index Recheck": 0,
                  "Exact Heap Blocks": 9379,
                  "Lossy Heap Blocks": 0,
                  "Plans": [
                    {
                      "Node Type": "Bitmap Index Scan",
                      "Parent Relationship": "Outer",
                      "Parallel Aware": false,
                      "Index Name": "keyword_id_movie_keyword",
                      "Startup Cost": 0.0,
                      "Total Cost": 12632.16,
                      "Plan Rows": 602630,
                      "Plan Width": 0,
                      "Actual Startup Time": 45.646,
                      "Actual Total Time": 45.647,
                      "Actual Rows": 613834,
                      "Actual Loops": 1,
                      "Index Cond": "(keyword_id < 465)"
                    }
                  ]
                }
              ]
            }
          ]
        }
      ]
    },
    "Planning Time": 0.087,
    "Triggers": [],
    "Execution Time": 170.444
  }
]