{
  "Plan": {
    "Node Type": "Aggregate",
    "Strategy": "Plain",
    "Partial Mode": "Finalize",
    "Parallel Aware": false,
    "Startup Cost": 148112.26,
    "Total Cost": 148112.27,
    "Plan Rows": 1,
    "Plan Width": 8,
    "Actual Startup Time": 683.043,
    "Actual Total Time": 699.375,
    "Actual Rows": 1,
    "Actual Loops": 1,
    "Plans": [
      {
        "Node Type": "Gather",
        "Parent Relationship": "Outer",
        "Parallel Aware": false,
        "Startup Cost": 148112.15,
        "Total Cost": 148112.26,
        "Plan Rows": 1,
        "Plan Width": 8,
        "Actual Startup Time": 681.079,
        "Actual Total Time": 699.367,
        "Actual Rows": 2,
        "Actual Loops": 1,
        "Workers Planned": 1,
        "Workers Launched": 1,
        "Single Copy": false,
        "Plans": [
          {
            "Node Type": "Aggregate",
            "Strategy": "Plain",
            "Partial Mode": "Partial",
            "Parent Relationship": "Outer",
            "Parallel Aware": false,
            "Startup Cost": 147112.15,
            "Total Cost": 147112.16,
            "Plan Rows": 1,
            "Plan Width": 8,
            "Actual Startup Time": 672.825,
            "Actual Total Time": 672.831,
            "Actual Rows": 1,
            "Actual Loops": 2,
            "Plans": [
              {
                "Node Type": "Hash Join",
                "Parent Relationship": "Outer",
                "Parallel Aware": true,
                "Join Type": "Inner",
                "Startup Cost": 102840.02,
                "Total Cost": 146893.52,
                "Plan Rows": 87451,
                "Plan Width": 0,
                "Actual Startup Time": 470.026,
                "Actual Total Time": 671.712,
                "Actual Rows": 27135,
                "Actual Loops": 2,
                "Inner Unique": false,
                "Hash Cond": "(mc.movie_id = t.id)",
                "Plans": [
                  {
                    "Node Type": "Seq Scan",
                    "Parent Relationship": "Outer",
                    "Parallel Aware": true,
                    "Relation Name": "movie_companies",
                    "Alias": "mc",
                    "Startup Cost": 0.0,
                    "Total Cost": 37974.77,
                    "Plan Rows": 1483815,
                    "Plan Width": 4,
                    "Actual Startup Time": 0.018,
                    "Actual Total Time": 126.898,
                    "Actual Rows": 1263235,
                    "Actual Loops": 2,
                    "Filter": "(company_id < 168329)",
                    "Rows Removed by Filter": 41330
                  },
                  {
                    "Node Type": "Hash",
                    "Parent Relationship": "Inner",
                    "Parallel Aware": true,
                    "Startup Cost": 101744.37,
                    "Total Cost": 101744.37,
                    "Plan Rows": 87652,
                    "Plan Width": 8,
                    "Actual Startup Time": 449.719,
                    "Actual Total Time": 449.723,
                    "Actual Rows": 11475,
                    "Actual Loops": 2,
                    "Hash Buckets": 262144,
                    "Original Hash Buckets": 262144,
                    "Hash Batches": 1,
                    "Original Hash Batches": 1,
                    "Peak Memory Usage": 2976,
                    "Plans": [
                      {
                        "Node Type": "Hash Join",
                        "Parent Relationship": "Outer",
                        "Parallel Aware": true,
                        "Join Type": "Inner",
                        "Startup Cost": 73722.22,
                        "Total Cost": 101744.37,
                        "Plan Rows": 87652,
                        "Plan Width": 8,
                        "Actual Startup Time": 334.426,
                        "Actual Total Time": 446.351,
                        "Actual Rows": 11475,
                        "Actual Loops": 2,
                        "Inner Unique": true,
                        "Hash Cond": "(mk.movie_id = t.id)",
                        "Plans": [
                          {
                            "Node Type": "Bitmap Heap Scan",
                            "Parent Relationship": "Outer",
                            "Parallel Aware": true,
                            "Relation Name": "movie_keyword",
                            "Alias": "mk",
                            "Startup Cost": 8508.55,
                            "Total Cost": 35911.44,
                            "Plan Rows": 235911,
                            "Plan Width": 4,
                            "Actual Startup Time": 27.421,
                            "Actual Total Time": 98.085,
                            "Actual Rows": 194835,
                            "Actual Loops": 2,
                            "Recheck Cond": "(keyword_id > 44144)",
                            "Rows Removed by Index Recheck": 0,
                            "Exact Heap Blocks": 12842,
                            "Lossy Heap Blocks": 0,
                            "Plans": [
                              {
                                "Node Type": "Bitmap Index Scan",
                                "Parent Relationship": "Outer",
                                "Parallel Aware": false,
                                "Index Name": "keyword_id_movie_keyword",
                                "Startup Cost": 0.0,
                                "Total Cost": 8408.29,
                                "Plan Rows": 401048,
                                "Plan Width": 0,
                                "Actual Startup Time": 24.122,
                                "Actual Total Time": 24.123,
                                "Actual Rows": 389670,
                                "Actual Loops": 1,
                                "Index Cond": "(keyword_id > 44144)"
                              }
                            ]
                          },
                          {
                            "Node Type": "Hash",
                            "Parent Relationship": "Inner",
                            "Parallel Aware": true,
                            "Startup Cost": 58306.47,
                            "Total Cost": 58306.47,
                            "Plan Rows": 552576,
                            "Plan Width": 4,
                            "Actual Startup Time": 299.398,
                            "Actual Total Time": 299.398,
                            "Actual Rows": 438018,
                            "Actual Loops": 2,
                            "Hash Buckets": 1048576,
                            "Original Hash Buckets": 1048576,
                            "Hash Batches": 1,
                            "Original Hash Batches": 1,
                            "Peak Memory Usage": 42496,
                            "Plans": [
                              {
                                "Node Type": "Seq Scan",
                                "Parent Relationship": "Outer",
                                "Parallel Aware": true,
                                "Relation Name": "title",
                                "Alias": "t",
                                "Startup Cost": 0.0,
                                "Total Cost": 58306.47,
                                "Plan Rows": 552576,
                                "Plan Width": 4,
                                "Actual Startup Time": 0.031,
                                "Actual Total Time": 166.302,
                                "Actual Rows": 438018,
                                "Actual Loops": 2,
                                "Filter": "((production_year < 2007) AND (kind_id = 7))",
                                "Rows Removed by Filter": 826138
                              }
                            ]
                          }
                        ]
                      }
                    ]
                  }
                ]
              }
            ]
          }
        ]
      }
    ]
  },
  "Planning Time": 1.041,
  "Triggers": [],
  "Execution Time": 699.48
}