[
  {
    "Plan": {
      "Node Type": "Aggregate",
      "Strategy": "Plain",
      "Partial Mode": "Finalize",
      "Parallel Aware": false,
      "Startup Cost": 44901.18,
      "Total Cost": 44901.19,
      "Plan Rows": 1,
      "Plan Width": 8,
      "Actual Startup Time": 91.115,
      "Actual Total Time": 105.064,
      "Actual Rows": 1,
      "Actual Loops": 1,
      "Plans": [
        {
          "Node Type": "Gather",
          "Parent Relationship": "Outer",
          "Parallel Aware": false,
          "Startup Cost": 44900.76,
          "Total Cost": 44901.17,
          "Plan Rows": 4,
          "Plan Width": 8,
          "Actual Startup Time": 90.989,
          "Actual Total Time": 105.055,
          "Actual Rows": 5,
          "Actual Loops": 1,
          "Workers Planned": 4,
          "Workers Launched": 4,
          "Single Copy": false,
          "Plans": [
            {
              "Node Type": "Aggregate",
              "Strategy": "Plain",
              "Partial Mode": "Partial",
              "Parent Relationship": "Outer",
              "Parallel Aware": false,
              "Startup Cost": 43900.76,
              "Total Cost": 43900.77,
              "Plan Rows": 1,
              "Plan Width": 8,
              "Actual Startup Time": 82.962,
              "Actual Total Time": 82.963,
              "Actual Rows": 1,
              "Actual Loops": 5,
              "Plans": [
                {
                  "Node Type": "Seq Scan",
                  "Parent Relationship": "Outer",
                  "Parallel Aware": true,
                  "Relation Name": "title",
                  "Alias": "t",
                  "Startup Cost": 0.0,
                  "Total Cost": 43898.92,
                  "Plan Rows": 738,
                  "Plan Width": 0,
                  "Actual Startup Time": 3.636,
                  "Actual Total Time": 82.877,
                  "Actual Rows": 568,
                  "Actual Loops": 5,
                  "Filter": "(production_year = 1948)",
                  "Rows Removed by Filter": 505094
                }
              ]
            }
          ]
        }
      ]
    },
    "Planning Time": 0.077,
    "Triggers": [],
    "Execution Time": 105.099
  }
]