[
  {
    "Plan": {
      "Node Type": "Aggregate",
      "Strategy": "Plain",
      "Partial Mode": "Finalize",
      "Parallel Aware": false,
      "Startup Cost": 442508.3,
      "Total Cost": 442508.31,
      "Plan Rows": 1,
      "Plan Width": 8,
      "Actual Startup Time": 2611.532,
      "Actual Total Time": 2687.123,
      "Actual Rows": 1,
      "Actual Loops": 1,
      "Plans": [
        {
          "Node Type": "Gather",
          "Parent Relationship": "Outer",
          "Parallel Aware": false,
          "Startup Cost": 442507.68,
          "Total Cost": 442508.29,
          "Plan Rows": 6,
          "Plan Width": 8,
          "Actual Startup Time": 2589.199,
          "Actual Total Time": 2687.104,
          "Actual Rows": 7,
          "Actual Loops": 1,
          "Workers Planned": 6,
          "Workers Launched": 6,
          "Single Copy": false,
          "Plans": [
            {
              "Node Type": "Aggregate",
              "Strategy": "Plain",
              "Partial Mode": "Partial",
              "Parent Relationship": "Outer",
              "Parallel Aware": false,
              "Startup Cost": 441507.68,
              "Total Cost": 441507.69,
              "Plan Rows": 1,
              "Plan Width": 8,
              "Actual Startup Time": 2577.184,
              "Actual Total Time": 2577.281,
              "Actual Rows": 1,
              "Actual Loops": 7,
              "Plans": [
                {
                  "Node Type": "Hash Join",
                  "Parent Relationship": "Outer",
                  "Parallel Aware": true,
                  "Join Type": "Inner",
                  "Startup Cost": 96081.4,
                  "Total Cost": 437265.15,
                  "Plan Rows": 1697010,
                  "Plan Width": 0,
                  "Actual Startup Time": 442.16,
                  "Actual Total Time": 2362.04,
                  "Actual Rows": 4789898,
                  "Actual Loops": 7,
                  "Inner Unique": false,
                  "Hash Cond": "(ci.movie_id = t.id)",
                  "Plans": [
                    {
                      "Node Type": "Seq Scan",
                      "Parent Relationship": "Outer",
                      "Parallel Aware": true,
                      "Relation Name": "cast_info",
                      "Alias": "ci",
                      "Startup Cost": 0.0,
                      "Total Cost": 313067.02,
                      "Plan Rows": 6038002,
                      "Plan Width": 4,
                      "Actual Startup Time": 0.036,
                      "Actual Total Time": 561.034,
                      "Actual Rows": 5177763,
                      "Actual Loops": 7
                    },
                    {
                      "Node Type": "Hash",
                      "Parent Relationship": "Inner",
                      "Parallel Aware": true,
                      "Startup Cost": 93216.13,
                      "Total Cost": 93216.13,
                      "Plan Rows": 229222,
                      "Plan Width": 8,
                      "Actual Startup Time": 438.792,
                      "Actual Total Time": 438.887,
                      "Actual Rows": 100149,
                      "Actual Loops": 7,
                      "Hash Buckets": 1048576,
                      "Original Hash Buckets": 1048576,
                      "Hash Batches": 1,
                      "Original Hash Batches": 1,
                      "Peak Memory Usage": 35744,
                      "Plans": [
                        {
                          "Node Type": "Hash Join",
                          "Parent Relationship": "Outer",
                          "Parallel Aware": true,
                          "Join Type": "Inner",
                          "Startup Cost": 65295.14,
                          "Total Cost": 93216.13,
                          "Plan Rows": 229222,
                          "Plan Width": 8,
                          "Actual Startup Time": 300.053,
                          "Actual Total Time": 390.678,
                          "Actual Rows": 100149,
                          "Actual Loops": 7,
                          "Inner Unique": true,
                          "Hash Cond": "(mk.movie_id = t.id)",
                          "Plans": [
                            {
                              "Node Type": "Bitmap Heap Scan",
                              "Parent Relationship": "Outer",
                              "Parallel Aware": true,
                              "Relation Name": "movie_keyword",
                              "Alias": "mk",
                              "Startup Cost": 15075.5,
                              "Total Cost": 42394.78,
                              "Plan Rows": 229222,
                              "Plan Width": 4,
                              "Actual Startup Time": 44.03,
                              "Actual Total Time": 94.581,
                              "Actual Rows": 100149,
                              "Actual Loops": 7,
                              "Recheck Cond": "(keyword_id > 26886)",
                              "Rows Removed by Index Recheck": 0,
                              "Exact Heap Blocks": 4227,
                              "Lossy Heap Blocks": 0,
                              "Plans": [
                                {
                                  "Node Type": "Bitmap Index Scan",
                                  "Parent Relationship": "Outer",
                                  "Parallel Aware": false,
                                  "Index Name": "keyword_id_movie_keyword",
                                  "Startup Cost": 0.0,
                                  "Total Cost": 14897.85,
                                  "Plan Rows": 710589,
                                  "Plan Width": 0,
                                  "Actual Startup Time": 40.425,
                                  "Actual Total Time": 40.425,
                                  "Actual Rows": 701043,
                                  "Actual Loops": 1,
                                  "Index Cond": "(keyword_id > 26886)"
                                }
                              ]
                            },
                            {
                              "Node Type": "Hash",
                              "Parent Relationship": "Inner",
                              "Parallel Aware": true,
                              "Startup Cost": 42318.73,
                              "Total Cost": 42318.73,
                              "Plan Rows": 632073,
                              "Plan Width": 4,
                              "Actual Startup Time": 251.575,
                              "Actual Total Time": 251.576,
                              "Actual Rows": 361187,
                              "Actual Loops": 7,
                              "Hash Buckets": 4194304,
                              "Original Hash Buckets": 4194304,
                              "Hash Batches": 1,
                              "Original Hash Batches": 1,
                              "Peak Memory Usage": 131808,
                              "Plans": [
                                {
                                  "Node Type": "Seq Scan",
                                  "Parent Relationship": "Outer",
                                  "Parallel Aware": true,
                                  "Relation Name": "title",
                                  "Alias": "t",
                                  "Startup Cost": 0.0,
                                  "Total Cost": 42318.73,
                                  "Plan Rows": 632073,
                                  "Plan Width": 4,
                                  "Actual Startup Time": 0.04,
                                  "Actual Total Time": 72.63,
                                  "Actual Rows": 361187,
                                  "Actual Loops": 7
                                }
                              ]
                            }
                          ]
                        }
                      ]
                    }
                  ]
                }
              ]
            }
          ]
        }
      ]
    },
    "Planning Time": 1.183,
    "Triggers": [],
    "Execution Time": 2687.245
  }
]