[
  {
    "Plan": {
      "Node Type": "Aggregate",
      "Strategy": "Plain",
      "Partial Mode": "Finalize",
      "Parallel Aware": false,
      "Startup Cost": 31074.26,
      "Total Cost": 31074.27,
      "Plan Rows": 1,
      "Plan Width": 8,
      "Actual Startup Time": 106.423,
      "Actual Total Time": 114.419,
      "Actual Rows": 1,
      "Actual Loops": 1,
      "Plans": [
        {
          "Node Type": "Gather",
          "Parent Relationship": "Outer",
          "Parallel Aware": false,
          "Startup Cost": 31073.95,
          "Total Cost": 31074.26,
          "Plan Rows": 3,
          "Plan Width": 8,
          "Actual Startup Time": 106.31,
          "Actual Total Time": 114.41,
          "Actual Rows": 4,
          "Actual Loops": 1,
          "Workers Planned": 3,
          "Workers Launched": 3,
          "Single Copy": false,
          "Plans": [
            {
              "Node Type": "Aggregate",
              "Strategy": "Plain",
              "Partial Mode": "Partial",
              "Parent Relationship": "Outer",
              "Parallel Aware": false,
              "Startup Cost": 30073.95,
              "Total Cost": 30073.96,
              "Plan Rows": 1,
              "Plan Width": 8,
              "Actual Startup Time": 99.015,
              "Actual Total Time": 99.016,
              "Actual Rows": 1,
              "Actual Loops": 4,
              "Plans": [
                {
                  "Node Type": "Seq Scan",
                  "Parent Relationship": "Outer",
                  "Parallel Aware": true,
                  "Relation Name": "movie_companies",
                  "Alias": "mc",
                  "Startup Cost": 0.0,
                  "Total Cost": 29310.68,
                  "Plan Rows": 305306,
                  "Plan Width": 0,
                  "Actual Startup Time": 21.053,
                  "Actual Total Time": 86.666,
                  "Actual Rows": 239616,
                  "Actual Loops": 4,
                  "Filter": "(company_id > 18188)",
                  "Rows Removed by Filter": 412666
                }
              ]
            }
          ]
        }
      ]
    },
    "Planning Time": 0.122,
    "Triggers": [],
    "Execution Time": 114.459
  }
]