[
  {
    "Plan": {
      "Node Type": "Aggregate",
      "Strategy": "Plain",
      "Partial Mode": "Finalize",
      "Parallel Aware": false,
      "Startup Cost": 61812.8,
      "Total Cost": 61812.81,
      "Plan Rows": 1,
      "Plan Width": 8,
      "Actual Startup Time": 198.979,
      "Actual Total Time": 213.216,
      "Actual Rows": 1,
      "Actual Loops": 1,
      "Plans": [
        {
          "Node Type": "Gather",
          "Parent Relationship": "Outer",
          "Parallel Aware": false,
          "Startup Cost": 61812.58,
          "Total Cost": 61812.79,
          "Plan Rows": 2,
          "Plan Width": 8,
          "Actual Startup Time": 198.275,
          "Actual Total Time": 213.201,
          "Actual Rows": 3,
          "Actual Loops": 1,
          "Workers Planned": 2,
          "Workers Launched": 2,
          "Single Copy": false,
          "Plans": [
            {
              "Node Type": "Aggregate",
              "Strategy": "Plain",
              "Partial Mode": "Partial",
              "Parent Relationship": "Outer",
              "Parallel Aware": false,
              "Startup Cost": 60812.58,
              "Total Cost": 60812.59,
              "Plan Rows": 1,
              "Plan Width": 8,
              "Actual Startup Time": 193.145,
              "Actual Total Time": 193.149,
              "Actual Rows": 1,
              "Actual Loops": 3,
              "Plans": [
                {
                  "Node Type": "Hash Join",
                  "Parent Relationship": "Outer",
                  "Parallel Aware": true,
                  "Join Type": "Inner",
                  "Startup Cost": 45596.71,
                  "Total Cost": 60791.27,
                  "Plan Rows": 8524,
                  "Plan Width": 0,
                  "Actual Startup Time": 144.944,
                  "Actual Total Time": 192.821,
                  "Actual Rows": 6672,
                  "Actual Loops": 3,
                  "Inner Unique": true,
                  "Hash Cond": "(mi_idx.movie_id = t.id)",
                  "Plans": [
                    {
                      "Node Type": "Seq Scan",
                      "Parent Relationship": "Outer",
                      "Parallel Aware": true,
                      "Relation Name": "movie_info_idx",
                      "Alias": "mi_idx",
                      "Startup Cost": 0.0,
                      "Total Cost": 13685.15,
                      "Plan Rows": 575015,
                      "Plan Width": 4,
                      "Actual Startup Time": 0.01,
                      "Actual Total Time": 36.882,
                      "Actual Rows": 460012,
                      "Actual Loops": 3
                    },
                    {
                      "Node Type": "Hash",
                      "Parent Relationship": "Inner",
                      "Parallel Aware": true,
                      "Startup Cost": 45479.59,
                      "Total Cost": 45479.59,
                      "Plan Rows": 9370,
                      "Plan Width": 4,
                      "Actual Startup Time": 112.993,
                      "Actual Total Time": 112.994,
                      "Actual Rows": 33730,
                      "Actual Loops": 3,
                      "Hash Buckets": 131072,
                      "Original Hash Buckets": 65536,
                      "Hash Batches": 1,
                      "Original Hash Batches": 1,
                      "Peak Memory Usage": 5504,
                      "Plans": [
                        {
                          "Node Type": "Seq Scan",
                          "Parent Relationship": "Outer",
                          "Parallel Aware": true,
                          "Relation Name": "title",
                          "Alias": "t",
                          "Startup Cost": 0.0,
                          "Total Cost": 45479.59,
                          "Plan Rows": 9370,
                          "Plan Width": 4,
                          "Actual Startup Time": 60.718,
                          "Actual Total Time": 101.721,
                          "Actual Rows": 33730,
                          "Actual Loops": 3,
                          "Filter": "((kind_id < 7) AND (production_year < 1925))",
                          "Rows Removed by Filter": 809040
                        }
                      ]
                    }
                  ]
                }
              ]
            }
          ]
        }
      ]
    },
    "Planning Time": 0.478,
    "Triggers": [],
    "Execution Time": 213.252
  }
]