[
    {
        "Bao": {
            "Bao prediction": "NaN",
            "Bao recommended hint": "(no hint)"
        }
    },
    {
        "Plan": {
            "Node Type": "Aggregate",
            "Strategy": "Plain",
            "Partial Mode": "Finalize",
            "Parallel Aware": false,
            "Startup Cost": 33364.4,
            "Total Cost": 33364.41,
            "Plan Rows": 1,
            "Plan Width": 8,
            "Actual Startup Time": 97.545,
            "Actual Total Time": 103.51,
            "Actual Rows": 1,
            "Actual Loops": 1,
            "Output": [
                "count(*)"
            ],
            "Plans": [
                {
                    "Node Type": "Gather",
                    "Parent Relationship": "Outer",
                    "Parallel Aware": false,
                    "Startup Cost": 33364.09,
                    "Total Cost": 33364.4,
                    "Plan Rows": 3,
                    "Plan Width": 8,
                    "Actual Startup Time": 97.415,
                    "Actual Total Time": 103.503,
                    "Actual Rows": 4,
                    "Actual Loops": 1,
                    "Output": [
                        "(PARTIAL count(*))"
                    ],
                    "Workers Planned": 3,
                    "Workers Launched": 3,
                    "Single Copy": false,
                    "Plans": [
                        {
                            "Node Type": "Aggregate",
                            "Strategy": "Plain",
                            "Partial Mode": "Partial",
                            "Parent Relationship": "Outer",
                            "Parallel Aware": false,
                            "Startup Cost": 32364.09,
                            "Total Cost": 32364.1,
                            "Plan Rows": 1,
                            "Plan Width": 8,
                            "Actual Startup Time": 89.391,
                            "Actual Total Time": 89.392,
                            "Actual Rows": 1,
                            "Actual Loops": 4,
                            "Output": [
                                "PARTIAL count(*)"
                            ],
                            "Workers": [
                                {
                                    "Worker Number": 0,
                                    "Actual Startup Time": 86.359,
                                    "Actual Total Time": 86.36,
                                    "Actual Rows": 1,
                                    "Actual Loops": 1
                                },
                                {
                                    "Worker Number": 1,
                                    "Actual Startup Time": 86.854,
                                    "Actual Total Time": 86.855,
                                    "Actual Rows": 1,
                                    "Actual Loops": 1
                                },
                                {
                                    "Worker Number": 2,
                                    "Actual Startup Time": 87.188,
                                    "Actual Total Time": 87.189,
                                    "Actual Rows": 1,
                                    "Actual Loops": 1
                                }
                            ],
                            "Plans": [
                                {
                                    "Node Type": "Seq Scan",
                                    "Parent Relationship": "Outer",
                                    "Parallel Aware": true,
                                    "Relation Name": "movie_companies",
                                    "Schema": "public",
                                    "Alias": "mc",
                                    "Startup Cost": 0.0,
                                    "Total Cost": 31414.82,
                                    "Plan Rows": 379707,
                                    "Plan Width": 0,
                                    "Actual Startup Time": 41.743,
                                    "Actual Total Time": 76.787,
                                    "Actual Rows": 316598,
                                    "Actual Loops": 4,
                                    "Output": [
                                        "id",
                                        "movie_id",
                                        "company_id",
                                        "company_type_id",
                                        "note"
                                    ],
                                    "Filter": "((mc.company_id > 159) AND (mc.company_type_id = 2))",
                                    "Rows Removed by Filter": 335685,
                                    "Workers": [
                                        {
                                            "Worker Number": 0,
                                            "Actual Startup Time": 38.718,
                                            "Actual Total Time": 74.093,
                                            "Actual Rows": 302856,
                                            "Actual Loops": 1
                                        },
                                        {
                                            "Worker Number": 1,
                                            "Actual Startup Time": 39.209,
                                            "Actual Total Time": 74.601,
                                            "Actual Rows": 304209,
                                            "Actual Loops": 1
                                        },
                                        {
                                            "Worker Number": 2,
                                            "Actual Startup Time": 39.528,
                                            "Actual Total Time": 74.918,
                                            "Actual Rows": 304617,
                                            "Actual Loops": 1
                                        }
                                    ]
                                }
                            ]
                        }
                    ]
                }
            ]
        },
        "Planning Time": 183.643,
        "Triggers": [],
        "Execution Time": 103.549
    }
]