{
  "Plan": {
    "Node Type": "Aggregate",
    "Strategy": "Plain",
    "Partial Mode": "Finalize",
    "Parallel Aware": false,
    "Startup Cost": 590676.69,
    "Total Cost": 590676.7,
    "Plan Rows": 1,
    "Plan Width": 8,
    "Actual Startup Time": 4548.452,
    "Actual Total Time": 4595.999,
    "Actual Rows": 1,
    "Actual Loops": 1,
    "Plans": [
      {
        "Node Type": "Gather",
        "Parent Relationship": "Outer",
        "Parallel Aware": false,
        "Startup Cost": 590676.58,
        "Total Cost": 590676.69,
        "Plan Rows": 1,
        "Plan Width": 8,
        "Actual Startup Time": 4547.658,
        "Actual Total Time": 4595.991,
        "Actual Rows": 2,
        "Actual Loops": 1,
        "Workers Planned": 1,
        "Workers Launched": 1,
        "Single Copy": false,
        "Plans": [
          {
            "Node Type": "Aggregate",
            "Strategy": "Plain",
            "Partial Mode": "Partial",
            "Parent Relationship": "Outer",
            "Parallel Aware": false,
            "Startup Cost": 589676.58,
            "Total Cost": 589676.59,
            "Plan Rows": 1,
            "Plan Width": 8,
            "Actual Startup Time": 4541.644,
            "Actual Total Time": 4541.647,
            "Actual Rows": 1,
            "Actual Loops": 2,
            "Plans": [
              {
                "Node Type": "Hash Join",
                "Parent Relationship": "Outer",
                "Parallel Aware": true,
                "Join Type": "Inner",
                "Startup Cost": 57456.71,
                "Total Cost": 579190.06,
                "Plan Rows": 4194608,
                "Plan Width": 0,
                "Actual Startup Time": 148.395,
                "Actual Total Time": 4403.513,
                "Actual Rows": 3384479,
                "Actual Loops": 2,
                "Inner Unique": true,
                "Hash Cond": "(ci.movie_id = t.id)",
                "Plans": [
                  {
                    "Node Type": "Seq Scan",
                    "Parent Relationship": "Outer",
                    "Parallel Aware": true,
                    "Relation Name": "cast_info",
                    "Alias": "ci",
                    "Startup Cost": 0.0,
                    "Total Cost": 465792.95,
                    "Plan Rows": 21310595,
                    "Plan Width": 4,
                    "Actual Startup Time": 0.014,
                    "Actual Total Time": 1284.482,
                    "Actual Rows": 18122172,
                    "Actual Loops": 2
                  },
                  {
                    "Node Type": "Hash",
                    "Parent Relationship": "Inner",
                    "Parallel Aware": true,
                    "Startup Cost": 53797.52,
                    "Total Cost": 53797.52,
                    "Plan Rows": 292735,
                    "Plan Width": 4,
                    "Actual Startup Time": 142.642,
                    "Actual Total Time": 142.644,
                    "Actual Rows": 184588,
                    "Actual Loops": 2,
                    "Hash Buckets": 524288,
                    "Original Hash Buckets": 524288,
                    "Hash Batches": 1,
                    "Original Hash Batches": 1,
                    "Peak Memory Usage": 18560,
                    "Plans": [
                      {
                        "Node Type": "Bitmap Heap Scan",
                        "Parent Relationship": "Outer",
                        "Parallel Aware": true,
                        "Relation Name": "title",
                        "Alias": "t",
                        "Startup Cost": 11947.26,
                        "Total Cost": 53797.52,
                        "Plan Rows": 292735,
                        "Plan Width": 4,
                        "Actual Startup Time": 34.91,
                        "Actual Total Time": 100.536,
                        "Actual Rows": 184588,
                        "Actual Loops": 2,
                        "Recheck Cond": "(kind_id = 1)",
                        "Rows Removed by Index Recheck": 0,
                        "Filter": "(production_year > 1983)",
                        "Rows Removed by Filter": 146824,
                        "Exact Heap Blocks": 8073,
                        "Lossy Heap Blocks": 0,
                        "Plans": [
                          {
                            "Node Type": "Bitmap Index Scan",
                            "Parent Relationship": "Outer",
                            "Parallel Aware": false,
                            "Index Name": "kind_id_title",
                            "Startup Cost": 0.0,
                            "Total Cost": 11822.85,
                            "Plan Rows": 663256,
                            "Plan Width": 0,
                            "Actual Startup Time": 33.089,
                            "Actual Total Time": 33.09,
                            "Actual Rows": 662825,
                            "Actual Loops": 1,
                            "Index Cond": "(kind_id = 1)"
                          }
                        ]
                      }
                    ]
                  }
                ]
              }
            ]
          }
        ]
      }
    ]
  },
  "Planning Time": 0.669,
  "Triggers": [],
  "Execution Time": 4596.096
}