[
  {
    "Plan": {
      "Node Type": "Aggregate",
      "Strategy": "Plain",
      "Partial Mode": "Finalize",
      "Parallel Aware": false,
      "Startup Cost": 122061.95,
      "Total Cost": 122061.96,
      "Plan Rows": 1,
      "Plan Width": 8,
      "Actual Startup Time": 195.396,
      "Actual Total Time": 205.954,
      "Actual Rows": 1,
      "Actual Loops": 1,
      "Plans": [
        {
          "Node Type": "Gather",
          "Parent Relationship": "Outer",
          "Parallel Aware": false,
          "Startup Cost": 122061.43,
          "Total Cost": 122061.94,
          "Plan Rows": 5,
          "Plan Width": 8,
          "Actual Startup Time": 195.328,
          "Actual Total Time": 205.945,
          "Actual Rows": 6,
          "Actual Loops": 1,
          "Workers Planned": 5,
          "Workers Launched": 5,
          "Single Copy": false,
          "Plans": [
            {
              "Node Type": "Aggregate",
              "Strategy": "Plain",
              "Partial Mode": "Partial",
              "Parent Relationship": "Outer",
              "Parallel Aware": false,
              "Startup Cost": 121061.43,
              "Total Cost": 121061.44,
              "Plan Rows": 1,
              "Plan Width": 8,
              "Actual Startup Time": 186.566,
              "Actual Total Time": 186.567,
              "Actual Rows": 1,
              "Actual Loops": 6,
              "Plans": [
                {
                  "Node Type": "Index Scan",
                  "Parent Relationship": "Outer",
                  "Parallel Aware": true,
                  "Scan Direction": "Forward",
                  "Index Name": "role_id_cast_info",
                  "Relation Name": "cast_info",
                  "Alias": "ci",
                  "Startup Cost": 0.56,
                  "Total Cost": 119623.46,
                  "Plan Rows": 575191,
                  "Plan Width": 0,
                  "Actual Startup Time": 0.154,
                  "Actual Total Time": 156.317,
                  "Actual Rows": 639812,
                  "Actual Loops": 6,
                  "Index Cond": "(role_id = 10)",
                  "Rows Removed by Index Recheck": 0,
                  "Filter": "(person_id > 1226474)",
                  "Rows Removed by Filter": 80691
                }
              ]
            }
          ]
        }
      ]
    },
    "Planning Time": 0.237,
    "Triggers": [],
    "Execution Time": 206.029
  }
]