{
  "Plan": {
    "Node Type": "Aggregate",
    "Strategy": "Plain",
    "Partial Mode": "Finalize",
    "Parallel Aware": false,
    "Startup Cost": 240085.38,
    "Total Cost": 240085.39,
    "Plan Rows": 1,
    "Plan Width": 8,
    "Actual Startup Time": 238.805,
    "Actual Total Time": 255.817,
    "Actual Rows": 1,
    "Actual Loops": 1,
    "Plans": [
      {
        "Node Type": "Gather",
        "Parent Relationship": "Outer",
        "Parallel Aware": false,
        "Startup Cost": 240085.27,
        "Total Cost": 240085.38,
        "Plan Rows": 1,
        "Plan Width": 8,
        "Actual Startup Time": 238.495,
        "Actual Total Time": 255.809,
        "Actual Rows": 2,
        "Actual Loops": 1,
        "Workers Planned": 1,
        "Workers Launched": 1,
        "Single Copy": false,
        "Plans": [
          {
            "Node Type": "Aggregate",
            "Strategy": "Plain",
            "Partial Mode": "Partial",
            "Parent Relationship": "Outer",
            "Parallel Aware": false,
            "Startup Cost": 239085.27,
            "Total Cost": 239085.28,
            "Plan Rows": 1,
            "Plan Width": 8,
            "Actual Startup Time": 232.251,
            "Actual Total Time": 232.254,
            "Actual Rows": 1,
            "Actual Loops": 2,
            "Plans": [
              {
                "Node Type": "Nested Loop",
                "Parent Relationship": "Outer",
                "Parallel Aware": false,
                "Join Type": "Inner",
                "Startup Cost": 67306.53,
                "Total Cost": 239080.21,
                "Plan Rows": 2021,
                "Plan Width": 0,
                "Actual Startup Time": 162.686,
                "Actual Total Time": 232.168,
                "Actual Rows": 853,
                "Actual Loops": 2,
                "Inner Unique": false,
                "Join Filter": "(t.id = mc.movie_id)",
                "Rows Removed by Join Filter": 0,
                "Plans": [
                  {
                    "Node Type": "Hash Join",
                    "Parent Relationship": "Outer",
                    "Parallel Aware": true,
                    "Join Type": "Inner",
                    "Startup Cost": 67306.1,
                    "Total Cost": 233490.56,
                    "Plan Rows": 6919,
                    "Plan Width": 8,
                    "Actual Startup Time": 162.342,
                    "Actual Total Time": 213.052,
                    "Actual Rows": 2614,
                    "Actual Loops": 2,
                    "Inner Unique": true,
                    "Hash Cond": "(mi.movie_id = t.id)",
                    "Plans": [
                      {
                        "Node Type": "Bitmap Heap Scan",
                        "Parent Relationship": "Outer",
                        "Parallel Aware": true,
                        "Relation Name": "movie_info",
                        "Alias": "mi",
                        "Startup Cost": 8535.51,
                        "Total Cost": 173992.52,
                        "Plan Rows": 277121,
                        "Plan Width": 4,
                        "Actual Startup Time": 16.607,
                        "Actual Total Time": 37.361,
                        "Actual Rows": 237222,
                        "Actual Loops": 2,
                        "Recheck Cond": "(info_type_id = 6)",
                        "Rows Removed by Index Recheck": 0,
                        "Exact Heap Blocks": 1804,
                        "Lossy Heap Blocks": 0,
                        "Plans": [
                          {
                            "Node Type": "Bitmap Index Scan",
                            "Parent Relationship": "Outer",
                            "Parallel Aware": false,
                            "Index Name": "info_type_id_movie_info",
                            "Startup Cost": 0.0,
                            "Total Cost": 8417.73,
                            "Plan Rows": 471106,
                            "Plan Width": 0,
                            "Actual Startup Time": 16.139,
                            "Actual Total Time": 16.14,
                            "Actual Rows": 474443,
                            "Actual Loops": 1,
                            "Index Cond": "(info_type_id = 6)"
                          }
                        ]
                      },
                      {
                        "Node Type": "Hash",
                        "Parent Relationship": "Inner",
                        "Parallel Aware": true,
                        "Startup Cost": 58306.47,
                        "Total Cost": 58306.47,
                        "Plan Rows": 37130,
                        "Plan Width": 4,
                        "Actual Startup Time": 144.59,
                        "Actual Total Time": 144.59,
                        "Actual Rows": 26952,
                        "Actual Loops": 2,
                        "Hash Buckets": 65536,
                        "Original Hash Buckets": 65536,
                        "Hash Batches": 1,
                        "Original Hash Batches": 1,
                        "Peak Memory Usage": 2656,
                        "Plans": [
                          {
                            "Node Type": "Seq Scan",
                            "Parent Relationship": "Outer",
                            "Parallel Aware": true,
                            "Relation Name": "title",
                            "Alias": "t",
                            "Startup Cost": 0.0,
                            "Total Cost": 58306.47,
                            "Plan Rows": 37130,
                            "Plan Width": 4,
                            "Actual Startup Time": 0.072,
                            "Actual Total Time": 137.816,
                            "Actual Rows": 26952,
                            "Actual Loops": 2,
                            "Filter": "((kind_id < 7) AND (production_year = 2012))",
                            "Rows Removed by Filter": 1237204
                          }
                        ]
                      }
                    ]
                  },
                  {
                    "Node Type": "Index Scan",
                    "Parent Relationship": "Inner",
                    "Parallel Aware": false,
                    "Scan Direction": "Forward",
                    "Index Name": "movie_id_movie_companies",
                    "Relation Name": "movie_companies",
                    "Alias": "mc",
                    "Startup Cost": 0.43,
                    "Total Cost": 0.78,
                    "Plan Rows": 2,
                    "Plan Width": 4,
                    "Actual Startup Time": 0.007,
                    "Actual Total Time": 0.007,
                    "Actual Rows": 0,
                    "Actual Loops": 5229,
                    "Index Cond": "(movie_id = mi.movie_id)",
                    "Rows Removed by Index Recheck": 0,
                    "Filter": "((company_id < 13015) AND (company_type_id > 1))",
                    "Rows Removed by Filter": 4
                  }
                ]
              }
            ]
          }
        ]
      }
    ]
  },
  "Planning Time": 1.115,
  "Triggers": [],
  "Execution Time": 255.923
}