[
  {
    "Plan": {
      "Node Type": "Aggregate",
      "Strategy": "Plain",
      "Partial Mode": "Finalize",
      "Parallel Aware": false,
      "Startup Cost": 72909.35,
      "Total Cost": 72909.36,
      "Plan Rows": 1,
      "Plan Width": 8,
      "Actual Startup Time": 161.268,
      "Actual Total Time": 177.307,
      "Actual Rows": 1,
      "Actual Loops": 1,
      "Plans": [
        {
          "Node Type": "Gather",
          "Parent Relationship": "Outer",
          "Parallel Aware": false,
          "Startup Cost": 72909.03,
          "Total Cost": 72909.34,
          "Plan Rows": 3,
          "Plan Width": 8,
          "Actual Startup Time": 160.768,
          "Actual Total Time": 177.296,
          "Actual Rows": 4,
          "Actual Loops": 1,
          "Workers Planned": 3,
          "Workers Launched": 3,
          "Single Copy": false,
          "Plans": [
            {
              "Node Type": "Aggregate",
              "Strategy": "Plain",
              "Partial Mode": "Partial",
              "Parent Relationship": "Outer",
              "Parallel Aware": false,
              "Startup Cost": 71909.03,
              "Total Cost": 71909.04,
              "Plan Rows": 1,
              "Plan Width": 8,
              "Actual Startup Time": 153.623,
              "Actual Total Time": 153.627,
              "Actual Rows": 1,
              "Actual Loops": 4,
              "Plans": [
                {
                  "Node Type": "Hash Join",
                  "Parent Relationship": "Outer",
                  "Parallel Aware": true,
                  "Join Type": "Inner",
                  "Startup Cost": 51661.88,
                  "Total Cost": 71905.6,
                  "Plan Rows": 1372,
                  "Plan Width": 0,
                  "Actual Startup Time": 138.892,
                  "Actual Total Time": 153.601,
                  "Actual Rows": 276,
                  "Actual Loops": 4,
                  "Inner Unique": true,
                  "Hash Cond": "(mc.movie_id = t.id)",
                  "Plans": [
                    {
                      "Node Type": "Bitmap Heap Scan",
                      "Parent Relationship": "Outer",
                      "Parallel Aware": true,
                      "Relation Name": "movie_companies",
                      "Alias": "mc",
                      "Startup Cost": 5943.95,
                      "Total Cost": 26068.32,
                      "Plan Rows": 45464,
                      "Plan Width": 4,
                      "Actual Startup Time": 38.892,
                      "Actual Total Time": 50.077,
                      "Actual Rows": 16002,
                      "Actual Loops": 4,
                      "Recheck Cond": "(company_id < 145)",
                      "Rows Removed by Index Recheck": 0,
                      "Filter": "(company_type_id > 1)",
                      "Rows Removed by Filter": 51856,
                      "Exact Heap Blocks": 8349,
                      "Lossy Heap Blocks": 0,
                      "Plans": [
                        {
                          "Node Type": "Bitmap Index Scan",
                          "Parent Relationship": "Outer",
                          "Parallel Aware": false,
                          "Index Name": "company_id_movie_companies",
                          "Startup Cost": 0.0,
                          "Total Cost": 5908.71,
                          "Plan Rows": 275771,
                          "Plan Width": 0,
                          "Actual Startup Time": 13.617,
                          "Actual Total Time": 13.617,
                          "Actual Rows": 271432,
                          "Actual Loops": 1,
                          "Index Cond": "(company_id < 145)"
                        }
                      ]
                    },
                    {
                      "Node Type": "Hash",
                      "Parent Relationship": "Inner",
                      "Parallel Aware": true,
                      "Startup Cost": 45479.59,
                      "Total Cost": 45479.59,
                      "Plan Rows": 19068,
                      "Plan Width": 4,
                      "Actual Startup Time": 98.76,
                      "Actual Total Time": 98.761,
                      "Actual Rows": 21027,
                      "Actual Loops": 4,
                      "Hash Buckets": 131072,
                      "Original Hash Buckets": 131072,
                      "Hash Batches": 1,
                      "Original Hash Batches": 1,
                      "Peak Memory Usage": 4352,
                      "Plans": [
                        {
                          "Node Type": "Seq Scan",
                          "Parent Relationship": "Outer",
                          "Parallel Aware": true,
                          "Relation Name": "title",
                          "Alias": "t",
                          "Startup Cost": 0.0,
                          "Total Cost": 45479.59,
                          "Plan Rows": 19068,
                          "Plan Width": 4,
                          "Actual Startup Time": 0.05,
                          "Actual Total Time": 91.134,
                          "Actual Rows": 21027,
                          "Actual Loops": 4,
                          "Filter": "((kind_id = 7) AND (production_year = 2008))",
                          "Rows Removed by Filter": 611051
                        }
                      ]
                    }
                  ]
                }
              ]
            }
          ]
        }
      ]
    },
    "Planning Time": 0.313,
    "Triggers": [],
    "Execution Time": 177.351
  }
]