[
  {
    "Plan": {
      "Node Type": "Aggregate",
      "Strategy": "Plain",
      "Partial Mode": "Finalize",
      "Parallel Aware": false,
      "Startup Cost": 72834.91,
      "Total Cost": 72834.92,
      "Plan Rows": 1,
      "Plan Width": 8,
      "Actual Startup Time": 176.47,
      "Actual Total Time": 192.32,
      "Actual Rows": 1,
      "Actual Loops": 1,
      "Plans": [
        {
          "Node Type": "Gather",
          "Parent Relationship": "Outer",
          "Parallel Aware": false,
          "Startup Cost": 72834.59,
          "Total Cost": 72834.9,
          "Plan Rows": 3,
          "Plan Width": 8,
          "Actual Startup Time": 175.751,
          "Actual Total Time": 192.31,
          "Actual Rows": 4,
          "Actual Loops": 1,
          "Workers Planned": 3,
          "Workers Launched": 3,
          "Single Copy": false,
          "Plans": [
            {
              "Node Type": "Aggregate",
              "Strategy": "Plain",
              "Partial Mode": "Partial",
              "Parent Relationship": "Outer",
              "Parallel Aware": false,
              "Startup Cost": 71834.59,
              "Total Cost": 71834.6,
              "Plan Rows": 1,
              "Plan Width": 8,
              "Actual Startup Time": 166.587,
              "Actual Total Time": 166.591,
              "Actual Rows": 1,
              "Actual Loops": 4,
              "Plans": [
                {
                  "Node Type": "Hash Join",
                  "Parent Relationship": "Outer",
                  "Parallel Aware": true,
                  "Join Type": "Inner",
                  "Startup Cost": 51600.98,
                  "Total Cost": 71831.3,
                  "Plan Rows": 1317,
                  "Plan Width": 0,
                  "Actual Startup Time": 150.95,
                  "Actual Total Time": 166.566,
                  "Actual Rows": 276,
                  "Actual Loops": 4,
                  "Inner Unique": true,
                  "Hash Cond": "(mc.movie_id = t.id)",
                  "Plans": [
                    {
                      "Node Type": "Bitmap Heap Scan",
                      "Parent Relationship": "Outer",
                      "Parallel Aware": true,
                      "Relation Name": "movie_companies",
                      "Alias": "mc",
                      "Startup Cost": 5889.44,
                      "Total Cost": 26002.21,
                      "Plan Rows": 44775,
                      "Plan Width": 4,
                      "Actual Startup Time": 38.329,
                      "Actual Total Time": 50.171,
                      "Actual Rows": 16002,
                      "Actual Loops": 4,
                      "Recheck Cond": "(company_id < 145)",
                      "Rows Removed by Index Recheck": 0,
                      "Filter": "(company_type_id > 1)",
                      "Rows Removed by Filter": 51856,
                      "Exact Heap Blocks": 7600,
                      "Lossy Heap Blocks": 0,
                      "Plans": [
                        {
                          "Node Type": "Bitmap Index Scan",
                          "Parent Relationship": "Outer",
                          "Parallel Aware": false,
                          "Index Name": "company_id_movie_companies",
                          "Startup Cost": 0.0,
                          "Total Cost": 5854.74,
                          "Plan Rows": 273374,
                          "Plan Width": 0,
                          "Actual Startup Time": 11.898,
                          "Actual Total Time": 11.899,
                          "Actual Rows": 271432,
                          "Actual Loops": 1,
                          "Index Cond": "(company_id < 145)"
                        }
                      ]
                    },
                    {
                      "Node Type": "Hash",
                      "Parent Relationship": "Inner",
                      "Parallel Aware": true,
                      "Startup Cost": 45479.1,
                      "Total Cost": 45479.1,
                      "Plan Rows": 18596,
                      "Plan Width": 4,
                      "Actual Startup Time": 110.377,
                      "Actual Total Time": 110.378,
                      "Actual Rows": 21027,
                      "Actual Loops": 4,
                      "Hash Buckets": 131072,
                      "Original Hash Buckets": 131072,
                      "Hash Batches": 1,
                      "Original Hash Batches": 1,
                      "Peak Memory Usage": 4384,
                      "Plans": [
                        {
                          "Node Type": "Seq Scan",
                          "Parent Relationship": "Outer",
                          "Parallel Aware": true,
                          "Relation Name": "title",
                          "Alias": "t",
                          "Startup Cost": 0.0,
                          "Total Cost": 45479.1,
                          "Plan Rows": 18596,
                          "Plan Width": 4,
                          "Actual Startup Time": 0.047,
                          "Actual Total Time": 101.453,
                          "Actual Rows": 21027,
                          "Actual Loops": 4,
                          "Filter": "((kind_id = 7) AND (production_year = 2008))",
                          "Rows Removed by Filter": 611051
                        }
                      ]
                    }
                  ]
                }
              ]
            }
          ]
        }
      ]
    },
    "Planning Time": 0.817,
    "Triggers": [],
    "Execution Time": 192.418
  }
]