[
  {
    "Plan": {
      "Node Type": "Aggregate",
      "Strategy": "Plain",
      "Partial Mode": "Finalize",
      "Parallel Aware": false,
      "Startup Cost": 117341.54,
      "Total Cost": 117341.55,
      "Plan Rows": 1,
      "Plan Width": 8,
      "Actual Startup Time": 724.408,
      "Actual Total Time": 750.007,
      "Actual Rows": 1,
      "Actual Loops": 1,
      "Plans": [
        {
          "Node Type": "Gather",
          "Parent Relationship": "Outer",
          "Parallel Aware": false,
          "Startup Cost": 117341.23,
          "Total Cost": 117341.54,
          "Plan Rows": 3,
          "Plan Width": 8,
          "Actual Startup Time": 701.931,
          "Actual Total Time": 749.992,
          "Actual Rows": 4,
          "Actual Loops": 1,
          "Workers Planned": 3,
          "Workers Launched": 3,
          "Single Copy": false,
          "Plans": [
            {
              "Node Type": "Aggregate",
              "Strategy": "Plain",
              "Partial Mode": "Partial",
              "Parent Relationship": "Outer",
              "Parallel Aware": false,
              "Startup Cost": 116341.23,
              "Total Cost": 116341.24,
              "Plan Rows": 1,
              "Plan Width": 8,
              "Actual Startup Time": 693.804,
              "Actual Total Time": 693.811,
              "Actual Rows": 1,
              "Actual Loops": 4,
              "Plans": [
                {
                  "Node Type": "Hash Join",
                  "Parent Relationship": "Outer",
                  "Parallel Aware": true,
                  "Join Type": "Inner",
                  "Startup Cost": 84159.99,
                  "Total Cost": 116141.01,
                  "Plan Rows": 80085,
                  "Plan Width": 0,
                  "Actual Startup Time": 511.793,
                  "Actual Total Time": 676.653,
                  "Actual Rows": 432170,
                  "Actual Loops": 4,
                  "Inner Unique": false,
                  "Hash Cond": "(mc.movie_id = t.id)",
                  "Plans": [
                    {
                      "Node Type": "Seq Scan",
                      "Parent Relationship": "Outer",
                      "Parallel Aware": true,
                      "Relation Name": "movie_companies",
                      "Alias": "mc",
                      "Startup Cost": 0.0,
                      "Total Cost": 29310.68,
                      "Plan Rows": 643202,
                      "Plan Width": 4,
                      "Actual Startup Time": 0.028,
                      "Actual Total Time": 70.544,
                      "Actual Rows": 499705,
                      "Actual Loops": 4,
                      "Filter": "(company_id < 64886)",
                      "Rows Removed by Filter": 152577
                    },
                    {
                      "Node Type": "Hash",
                      "Parent Relationship": "Inner",
                      "Parallel Aware": true,
                      "Startup Cost": 82890.59,
                      "Total Cost": 82890.59,
                      "Plan Rows": 101552,
                      "Plan Width": 8,
                      "Actual Startup Time": 508.437,
                      "Actual Total Time": 508.442,
                      "Actual Rows": 77872,
                      "Actual Loops": 4,
                      "Hash Buckets": 524288,
                      "Original Hash Buckets": 524288,
                      "Hash Batches": 1,
                      "Original Hash Batches": 1,
                      "Peak Memory Usage": 16352,
                      "Plans": [
                        {
                          "Node Type": "Hash Join",
                          "Parent Relationship": "Outer",
                          "Parallel Aware": true,
                          "Join Type": "Inner",
                          "Startup Cost": 56900.61,
                          "Total Cost": 82890.59,
                          "Plan Rows": 101552,
                          "Plan Width": 8,
                          "Actual Startup Time": 396.181,
                          "Actual Total Time": 480.959,
                          "Actual Rows": 77872,
                          "Actual Loops": 4,
                          "Inner Unique": true,
                          "Hash Cond": "(mk.movie_id = t.id)",
                          "Plans": [
                            {
                              "Node Type": "Bitmap Heap Scan",
                              "Parent Relationship": "Outer",
                              "Parallel Aware": true,
                              "Relation Name": "movie_keyword",
                              "Alias": "mk",
                              "Startup Cost": 6680.23,
                              "Total Cost": 32403.63,
                              "Plan Rows": 101552,
                              "Plan Width": 4,
                              "Actual Startup Time": 20.886,
                              "Actual Total Time": 67.872,
                              "Actual Rows": 77872,
                              "Actual Loops": 4,
                              "Recheck Cond": "(keyword_id < 249)",
                              "Rows Removed by Index Recheck": 0,
                              "Exact Heap Blocks": 7291,
                              "Lossy Heap Blocks": 0,
                              "Plans": [
                                {
                                  "Node Type": "Bitmap Index Scan",
                                  "Parent Relationship": "Outer",
                                  "Parallel Aware": false,
                                  "Index Name": "keyword_id_movie_keyword",
                                  "Startup Cost": 0.0,
                                  "Total Cost": 6601.52,
                                  "Plan Rows": 314812,
                                  "Plan Width": 0,
                                  "Actual Startup Time": 17.203,
                                  "Actual Total Time": 17.203,
                                  "Actual Rows": 311486,
                                  "Actual Loops": 1,
                                  "Index Cond": "(keyword_id < 249)"
                                }
                              ]
                            },
                            {
                              "Node Type": "Hash",
                              "Parent Relationship": "Inner",
                              "Parallel Aware": true,
                              "Startup Cost": 42319.06,
                              "Total Cost": 42319.06,
                              "Plan Rows": 632106,
                              "Plan Width": 4,
                              "Actual Startup Time": 365.797,
                              "Actual Total Time": 365.798,
                              "Actual Rows": 632078,
                              "Actual Loops": 4,
                              "Hash Buckets": 4194304,
                              "Original Hash Buckets": 4194304,
                              "Hash Batches": 1,
                              "Original Hash Batches": 1,
                              "Peak Memory Usage": 131744,
                              "Plans": [
                                {
                                  "Node Type": "Seq Scan",
                                  "Parent Relationship": "Outer",
                                  "Parallel Aware": true,
                                  "Relation Name": "title",
                                  "Alias": "t",
                                  "Startup Cost": 0.0,
                                  "Total Cost": 42319.06,
                                  "Plan Rows": 632106,
                                  "Plan Width": 4,
                                  "Actual Startup Time": 0.062,
                                  "Actual Total Time": 101.584,
                                  "Actual Rows": 632078,
                                  "Actual Loops": 4
                                }
                              ]
                            }
                          ]
                        }
                      ]
                    }
                  ]
                }
              ]
            }
          ]
        }
      ]
    },
    "Planning Time": 1.436,
    "Triggers": [],
    "Execution Time": 750.123
  }
]