{
  "Plan": {
    "Node Type": "Aggregate",
    "Strategy": "Plain",
    "Partial Mode": "Simple",
    "Parallel Aware": false,
    "Startup Cost": 3006.86,
    "Total Cost": 3006.87,
    "Plan Rows": 1,
    "Plan Width": 8,
    "Actual Startup Time": 0.292,
    "Actual Total Time": 0.294,
    "Actual Rows": 1,
    "Actual Loops": 1,
    "Plans": [
      {
        "Node Type": "Nested Loop",
        "Parent Relationship": "Outer",
        "Parallel Aware": false,
        "Join Type": "Inner",
        "Startup Cost": 6.78,
        "Total Cost": 3006.58,
        "Plan Rows": 110,
        "Plan Width": 0,
        "Actual Startup Time": 0.188,
        "Actual Total Time": 0.286,
        "Actual Rows": 5,
        "Actual Loops": 1,
        "Inner Unique": true,
        "Plans": [
          {
            "Node Type": "Bitmap Heap Scan",
            "Parent Relationship": "Outer",
            "Parallel Aware": false,
            "Relation Name": "movie_keyword",
            "Alias": "mk",
            "Startup Cost": 6.35,
            "Total Cost": 922.98,
            "Plan Rows": 248,
            "Plan Width": 4,
            "Actual Startup Time": 0.081,
            "Actual Total Time": 0.118,
            "Actual Rows": 9,
            "Actual Loops": 1,
            "Recheck Cond": "(keyword_id = 37922)",
            "Rows Removed by Index Recheck": 0,
            "Exact Heap Blocks": 9,
            "Lossy Heap Blocks": 0,
            "Plans": [
              {
                "Node Type": "Bitmap Index Scan",
                "Parent Relationship": "Outer",
                "Parallel Aware": false,
                "Index Name": "keyword_id_movie_keyword",
                "Startup Cost": 0.0,
                "Total Cost": 6.29,
                "Plan Rows": 248,
                "Plan Width": 0,
                "Actual Startup Time": 0.066,
                "Actual Total Time": 0.067,
                "Actual Rows": 9,
                "Actual Loops": 1,
                "Index Cond": "(keyword_id = 37922)"
              }
            ]
          },
          {
            "Node Type": "Index Scan",
            "Parent Relationship": "Inner",
            "Parallel Aware": false,
            "Scan Direction": "Forward",
            "Index Name": "title_pkey",
            "Relation Name": "title",
            "Alias": "t",
            "Startup Cost": 0.43,
            "Total Cost": 8.4,
            "Plan Rows": 1,
            "Plan Width": 4,
            "Actual Startup Time": 0.017,
            "Actual Total Time": 0.017,
            "Actual Rows": 1,
            "Actual Loops": 9,
            "Index Cond": "(id = mk.movie_id)",
            "Rows Removed by Index Recheck": 0,
            "Filter": "(production_year < 2002)",
            "Rows Removed by Filter": 0
          }
        ]
      }
    ]
  },
  "Planning Time": 0.444,
  "Triggers": [],
  "Execution Time": 0.376
}