[
  {
    "Plan": {
      "Node Type": "Aggregate",
      "Strategy": "Plain",
      "Partial Mode": "Finalize",
      "Parallel Aware": false,
      "Startup Cost": 92385.64,
      "Total Cost": 92385.65,
      "Plan Rows": 1,
      "Plan Width": 8,
      "Actual Startup Time": 240.505,
      "Actual Total Time": 258.169,
      "Actual Rows": 1,
      "Actual Loops": 1,
      "Plans": [
        {
          "Node Type": "Gather",
          "Parent Relationship": "Outer",
          "Parallel Aware": false,
          "Startup Cost": 92385.32,
          "Total Cost": 92385.63,
          "Plan Rows": 3,
          "Plan Width": 8,
          "Actual Startup Time": 240.165,
          "Actual Total Time": 258.159,
          "Actual Rows": 4,
          "Actual Loops": 1,
          "Workers Planned": 3,
          "Workers Launched": 3,
          "Single Copy": false,
          "Plans": [
            {
              "Node Type": "Aggregate",
              "Strategy": "Plain",
              "Partial Mode": "Partial",
              "Parent Relationship": "Outer",
              "Parallel Aware": false,
              "Startup Cost": 91385.32,
              "Total Cost": 91385.33,
              "Plan Rows": 1,
              "Plan Width": 8,
              "Actual Startup Time": 234.924,
              "Actual Total Time": 234.929,
              "Actual Rows": 1,
              "Actual Loops": 4,
              "Plans": [
                {
                  "Node Type": "Hash Join",
                  "Parent Relationship": "Outer",
                  "Parallel Aware": true,
                  "Join Type": "Inner",
                  "Startup Cost": 45846.1,
                  "Total Cost": 91265.01,
                  "Plan Rows": 48123,
                  "Plan Width": 0,
                  "Actual Startup Time": 87.164,
                  "Actual Total Time": 234.812,
                  "Actual Rows": 2641,
                  "Actual Loops": 4,
                  "Inner Unique": true,
                  "Hash Cond": "(mk.movie_id = t.id)",
                  "Plans": [
                    {
                      "Node Type": "Seq Scan",
                      "Parent Relationship": "Outer",
                      "Parallel Aware": true,
                      "Relation Name": "movie_keyword",
                      "Alias": "mk",
                      "Startup Cost": 0.0,
                      "Total Cost": 42695.65,
                      "Plan Rows": 1037432,
                      "Plan Width": 4,
                      "Actual Startup Time": 0.097,
                      "Actual Total Time": 102.411,
                      "Actual Rows": 803617,
                      "Actual Loops": 4,
                      "Filter": "(keyword_id > 1714)",
                      "Rows Removed by Filter": 327365
                    },
                    {
                      "Node Type": "Hash",
                      "Parent Relationship": "Inner",
                      "Parallel Aware": true,
                      "Startup Cost": 45479.59,
                      "Total Cost": 45479.59,
                      "Plan Rows": 29321,
                      "Plan Width": 4,
                      "Actual Startup Time": 85.465,
                      "Actual Total Time": 85.467,
                      "Actual Rows": 5652,
                      "Actual Loops": 4,
                      "Hash Buckets": 131072,
                      "Original Hash Buckets": 131072,
                      "Hash Batches": 1,
                      "Original Hash Batches": 1,
                      "Peak Memory Usage": 1984,
                      "Plans": [
                        {
                          "Node Type": "Seq Scan",
                          "Parent Relationship": "Outer",
                          "Parallel Aware": true,
                          "Relation Name": "title",
                          "Alias": "t",
                          "Startup Cost": 0.0,
                          "Total Cost": 45479.59,
                          "Plan Rows": 29321,
                          "Plan Width": 4,
                          "Actual Startup Time": 0.073,
                          "Actual Total Time": 82.798,
                          "Actual Rows": 5652,
                          "Actual Loops": 4,
                          "Filter": "((production_year < 1956) AND (kind_id = 7))",
                          "Rows Removed by Filter": 626426
                        }
                      ]
                    }
                  ]
                }
              ]
            }
          ]
        }
      ]
    },
    "Planning Time": 0.466,
    "Triggers": [],
    "Execution Time": 258.209
  }
]