{
  "Plan": {
    "Node Type": "Aggregate",
    "Strategy": "Plain",
    "Partial Mode": "Finalize",
    "Parallel Aware": false,
    "Startup Cost": 948907.97,
    "Total Cost": 948907.98,
    "Plan Rows": 1,
    "Plan Width": 8,
    "Actual Startup Time": 3639.193,
    "Actual Total Time": 3689.669,
    "Actual Rows": 1,
    "Actual Loops": 1,
    "Plans": [
      {
        "Node Type": "Gather",
        "Parent Relationship": "Outer",
        "Parallel Aware": false,
        "Startup Cost": 948907.86,
        "Total Cost": 948907.97,
        "Plan Rows": 1,
        "Plan Width": 8,
        "Actual Startup Time": 3626.811,
        "Actual Total Time": 3689.659,
        "Actual Rows": 2,
        "Actual Loops": 1,
        "Workers Planned": 1,
        "Workers Launched": 1,
        "Single Copy": false,
        "Plans": [
          {
            "Node Type": "Aggregate",
            "Strategy": "Plain",
            "Partial Mode": "Partial",
            "Parent Relationship": "Outer",
            "Parallel Aware": false,
            "Startup Cost": 947907.86,
            "Total Cost": 947907.87,
            "Plan Rows": 1,
            "Plan Width": 8,
            "Actual Startup Time": 3608.724,
            "Actual Total Time": 3609.823,
            "Actual Rows": 1,
            "Actual Loops": 2,
            "Plans": [
              {
                "Node Type": "Hash Join",
                "Parent Relationship": "Outer",
                "Parallel Aware": true,
                "Join Type": "Inner",
                "Startup Cost": 737237.36,
                "Total Cost": 940218.15,
                "Plan Rows": 3075881,
                "Plan Width": 0,
                "Actual Startup Time": 2705.892,
                "Actual Total Time": 3429.587,
                "Actual Rows": 4521936,
                "Actual Loops": 2,
                "Inner Unique": false,
                "Hash Cond": "(mi.movie_id = t.id)",
                "Plans": [
                  {
                    "Node Type": "Bitmap Heap Scan",
                    "Parent Relationship": "Outer",
                    "Parallel Aware": true,
                    "Relation Name": "movie_info",
                    "Alias": "mi",
                    "Startup Cost": 35254.11,
                    "Total Cost": 211556.11,
                    "Plan Rows": 1144719,
                    "Plan Width": 4,
                    "Actual Startup Time": 63.154,
                    "Actual Total Time": 189.603,
                    "Actual Rows": 932816,
                    "Actual Loops": 2,
                    "Recheck Cond": "(info_type_id > 17)",
                    "Rows Removed by Index Recheck": 0,
                    "Exact Heap Blocks": 22066,
                    "Lossy Heap Blocks": 0,
                    "Plans": [
                      {
                        "Node Type": "Bitmap Index Scan",
                        "Parent Relationship": "Outer",
                        "Parallel Aware": false,
                        "Index Name": "info_type_id_movie_info",
                        "Startup Cost": 0.0,
                        "Total Cost": 34767.61,
                        "Plan Rows": 1946023,
                        "Plan Width": 0,
                        "Actual Startup Time": 56.703,
                        "Actual Total Time": 56.704,
                        "Actual Rows": 1865632,
                        "Actual Loops": 1,
                        "Index Cond": "(info_type_id > 17)"
                      }
                    ]
                  },
                  {
                    "Node Type": "Hash",
                    "Parent Relationship": "Inner",
                    "Parallel Aware": true,
                    "Startup Cost": 652030.55,
                    "Total Cost": 652030.55,
                    "Plan Rows": 3996216,
                    "Plan Width": 8,
                    "Actual Startup Time": 2609.48,
                    "Actual Total Time": 2610.577,
                    "Actual Rows": 1459016,
                    "Actual Loops": 2,
                    "Hash Buckets": 8388608,
                    "Original Hash Buckets": 8388608,
                    "Hash Batches": 1,
                    "Original Hash Batches": 1,
                    "Peak Memory Usage": 179744,
                    "Plans": [
                      {
                        "Node Type": "Hash Join",
                        "Parent Relationship": "Outer",
                        "Parallel Aware": true,
                        "Join Type": "Inner",
                        "Startup Cost": 297425.46,
                        "Total Cost": 652030.55,
                        "Plan Rows": 3996216,
                        "Plan Width": 8,
                        "Actual Startup Time": 1263.296,
                        "Actual Total Time": 2163.434,
                        "Actual Rows": 1459016,
                        "Actual Loops": 2,
                        "Inner Unique": true,
                        "Hash Cond": "(ci.movie_id = t.id)",
                        "Plans": [
                          {
                            "Node Type": "Bitmap Heap Scan",
                            "Parent Relationship": "Outer",
                            "Parallel Aware": true,
                            "Relation Name": "cast_info",
                            "Alias": "ci",
                            "Startup Cost": 227964.76,
                            "Total Cost": 572079.76,
                            "Plan Rows": 3996216,
                            "Plan Width": 4,
                            "Actual Startup Time": 769.001,
                            "Actual Total Time": 1030.315,
                            "Actual Rows": 1459016,
                            "Actual Loops": 2,
                            "Recheck Cond": "(person_id < 1022895)",
                            "Rows Removed by Index Recheck": 0,
                            "Filter": "(role_id > 1)",
                            "Rows Removed by Filter": 3748922,
                            "Exact Heap Blocks": 59101,
                            "Lossy Heap Blocks": 0,
                            "Plans": [
                              {
                                "Node Type": "Bitmap Index Scan",
                                "Parent Relationship": "Outer",
                                "Parallel Aware": false,
                                "Index Name": "person_id_cast_info",
                                "Startup Cost": 0.0,
                                "Total Cost": 226266.36,
                                "Plan Rows": 10361840,
                                "Plan Width": 0,
                                "Actual Startup Time": 411.875,
                                "Actual Total Time": 411.875,
                                "Actual Rows": 10415876,
                                "Actual Loops": 1,
                                "Index Cond": "(person_id < 1022895)"
                              }
                            ]
                          },
                          {
                            "Node Type": "Hash",
                            "Parent Relationship": "Inner",
                            "Parallel Aware": true,
                            "Startup Cost": 50870.31,
                            "Total Cost": 50870.31,
                            "Plan Rows": 1487231,
                            "Plan Width": 4,
                            "Actual Startup Time": 482.976,
                            "Actual Total Time": 482.977,
                            "Actual Rows": 1264156,
                            "Actual Loops": 2,
                            "Hash Buckets": 4194304,
                            "Original Hash Buckets": 4194304,
                            "Hash Batches": 1,
                            "Original Hash Batches": 1,
                            "Peak Memory Usage": 131712,
                            "Plans": [
                              {
                                "Node Type": "Seq Scan",
                                "Parent Relationship": "Outer",
                                "Parallel Aware": true,
                                "Relation Name": "title",
                                "Alias": "t",
                                "Startup Cost": 0.0,
                                "Total Cost": 50870.31,
                                "Plan Rows": 1487231,
                                "Plan Width": 4,
                                "Actual Startup Time": 0.041,
                                "Actual Total Time": 148.426,
                                "Actual Rows": 1264156,
                                "Actual Loops": 2
                              }
                            ]
                          }
                        ]
                      }
                    ]
                  }
                ]
              }
            ]
          }
        ]
      }
    ]
  },
  "Planning Time": 0.912,
  "Triggers": [],
  "Execution Time": 3689.792
}