[
  {
    "Plan": {
      "Node Type": "Aggregate",
      "Strategy": "Plain",
      "Partial Mode": "Finalize",
      "Parallel Aware": false,
      "Startup Cost": 217537.33,
      "Total Cost": 217537.34,
      "Plan Rows": 1,
      "Plan Width": 8,
      "Actual Startup Time": 1274.793,
      "Actual Total Time": 1364.371,
      "Actual Rows": 1,
      "Actual Loops": 1,
      "Plans": [
        {
          "Node Type": "Gather",
          "Parent Relationship": "Outer",
          "Parallel Aware": false,
          "Startup Cost": 217536.91,
          "Total Cost": 217537.32,
          "Plan Rows": 4,
          "Plan Width": 8,
          "Actual Startup Time": 1274.136,
          "Actual Total Time": 1364.361,
          "Actual Rows": 5,
          "Actual Loops": 1,
          "Workers Planned": 4,
          "Workers Launched": 4,
          "Single Copy": false,
          "Plans": [
            {
              "Node Type": "Aggregate",
              "Strategy": "Plain",
              "Partial Mode": "Partial",
              "Parent Relationship": "Outer",
              "Parallel Aware": false,
              "Startup Cost": 216536.91,
              "Total Cost": 216536.92,
              "Plan Rows": 1,
              "Plan Width": 8,
              "Actual Startup Time": 1266.254,
              "Actual Total Time": 1266.258,
              "Actual Rows": 1,
              "Actual Loops": 5,
              "Plans": [
                {
                  "Node Type": "Nested Loop",
                  "Parent Relationship": "Outer",
                  "Parallel Aware": false,
                  "Join Type": "Inner",
                  "Startup Cost": 32442.22,
                  "Total Cost": 215041.66,
                  "Plan Rows": 598100,
                  "Plan Width": 0,
                  "Actual Startup Time": 71.251,
                  "Actual Total Time": 1244.038,
                  "Actual Rows": 468713,
                  "Actual Loops": 5,
                  "Inner Unique": false,
                  "Plans": [
                    {
                      "Node Type": "Hash Join",
                      "Parent Relationship": "Outer",
                      "Parallel Aware": true,
                      "Join Type": "Inner",
                      "Startup Cost": 32441.66,
                      "Total Cost": 78126.12,
                      "Plan Rows": 63664,
                      "Plan Width": 8,
                      "Actual Startup Time": 71.026,
                      "Actual Total Time": 249.456,
                      "Actual Rows": 27084,
                      "Actual Loops": 5,
                      "Inner Unique": false,
                      "Hash Cond": "(t.id = mc.movie_id)",
                      "Plans": [
                        {
                          "Node Type": "Seq Scan",
                          "Parent Relationship": "Outer",
                          "Parallel Aware": true,
                          "Relation Name": "title",
                          "Alias": "t",
                          "Startup Cost": 0.0,
                          "Total Cost": 42318.73,
                          "Plan Rows": 632073,
                          "Plan Width": 4,
                          "Actual Startup Time": 0.012,
                          "Actual Total Time": 61.757,
                          "Actual Rows": 505662,
                          "Actual Loops": 5
                        },
                        {
                          "Node Type": "Hash",
                          "Parent Relationship": "Inner",
                          "Parallel Aware": true,
                          "Startup Cost": 31414.82,
                          "Total Cost": 31414.82,
                          "Plan Rows": 82147,
                          "Plan Width": 4,
                          "Actual Startup Time": 69.699,
                          "Actual Total Time": 69.7,
                          "Actual Rows": 27084,
                          "Actual Loops": 5,
                          "Hash Buckets": 262144,
                          "Original Hash Buckets": 262144,
                          "Hash Batches": 1,
                          "Original Hash Batches": 1,
                          "Peak Memory Usage": 7424,
                          "Plans": [
                            {
                              "Node Type": "Seq Scan",
                              "Parent Relationship": "Outer",
                              "Parallel Aware": true,
                              "Relation Name": "movie_companies",
                              "Alias": "mc",
                              "Startup Cost": 0.0,
                              "Total Cost": 31414.82,
                              "Plan Rows": 82147,
                              "Plan Width": 4,
                              "Actual Startup Time": 38.324,
                              "Actual Total Time": 61.852,
                              "Actual Rows": 27084,
                              "Actual Loops": 5,
                              "Filter": "((company_id < 448) AND (company_type_id > 1))",
                              "Rows Removed by Filter": 494742
                            }
                          ]
                        }
                      ]
                    },
                    {
                      "Node Type": "Index Scan",
                      "Parent Relationship": "Inner",
                      "Parallel Aware": false,
                      "Scan Direction": "Forward",
                      "Index Name": "movie_id_cast_info",
                      "Relation Name": "cast_info",
                      "Alias": "ci",
                      "Startup Cost": 0.56,
                      "Total Cost": 1.91,
                      "Plan Rows": 24,
                      "Plan Width": 4,
                      "Actual Startup Time": 0.017,
                      "Actual Total Time": 0.035,
                      "Actual Rows": 17,
                      "Actual Loops": 135421,
                      "Index Cond": "(movie_id = t.id)",
                      "Rows Removed by Index Recheck": 0,
                      "Filter": "(role_id > 1)",
                      "Rows Removed by Filter": 9
                    }
                  ]
                }
              ]
            }
          ]
        }
      ]
    },
    "Planning Time": 0.672,
    "Triggers": [],
    "Execution Time": 1364.447
  }
]