[
  {
    "Plan": {
      "Node Type": "Aggregate",
      "Strategy": "Plain",
      "Partial Mode": "Finalize",
      "Parallel Aware": false,
      "Startup Cost": 71509.17,
      "Total Cost": 71509.18,
      "Plan Rows": 1,
      "Plan Width": 8,
      "Actual Startup Time": 362.575,
      "Actual Total Time": 398.475,
      "Actual Rows": 1,
      "Actual Loops": 1,
      "Plans": [
        {
          "Node Type": "Gather",
          "Parent Relationship": "Outer",
          "Parallel Aware": false,
          "Startup Cost": 71508.75,
          "Total Cost": 71509.16,
          "Plan Rows": 4,
          "Plan Width": 8,
          "Actual Startup Time": 362.088,
          "Actual Total Time": 398.465,
          "Actual Rows": 5,
          "Actual Loops": 1,
          "Workers Planned": 4,
          "Workers Launched": 4,
          "Single Copy": false,
          "Plans": [
            {
              "Node Type": "Aggregate",
              "Strategy": "Plain",
              "Partial Mode": "Partial",
              "Parent Relationship": "Outer",
              "Parallel Aware": false,
              "Startup Cost": 70508.75,
              "Total Cost": 70508.76,
              "Plan Rows": 1,
              "Plan Width": 8,
              "Actual Startup Time": 351.931,
              "Actual Total Time": 351.932,
              "Actual Rows": 1,
              "Actual Loops": 5,
              "Plans": [
                {
                  "Node Type": "Nested Loop",
                  "Parent Relationship": "Outer",
                  "Parallel Aware": false,
                  "Join Type": "Inner",
                  "Startup Cost": 1.0,
                  "Total Cost": 70376.35,
                  "Plan Rows": 52958,
                  "Plan Width": 0,
                  "Actual Startup Time": 2.617,
                  "Actual Total Time": 335.056,
                  "Actual Rows": 342962,
                  "Actual Loops": 5,
                  "Inner Unique": false,
                  "Join Filter": "(t.id = ci.movie_id)",
                  "Rows Removed by Join Filter": 0,
                  "Plans": [
                    {
                      "Node Type": "Nested Loop",
                      "Parent Relationship": "Outer",
                      "Parallel Aware": false,
                      "Join Type": "Inner",
                      "Startup Cost": 0.43,
                      "Total Cost": 62934.64,
                      "Plan Rows": 3696,
                      "Plan Width": 8,
                      "Actual Startup Time": 1.92,
                      "Actual Total Time": 92.501,
                      "Actual Rows": 8152,
                      "Actual Loops": 5,
                      "Inner Unique": false,
                      "Plans": [
                        {
                          "Node Type": "Seq Scan",
                          "Parent Relationship": "Outer",
                          "Parallel Aware": true,
                          "Relation Name": "title",
                          "Alias": "t",
                          "Startup Cost": 0.0,
                          "Total Cost": 45479.1,
                          "Plan Rows": 2066,
                          "Plan Width": 4,
                          "Actual Startup Time": 0.723,
                          "Actual Total Time": 73.586,
                          "Actual Rows": 1570,
                          "Actual Loops": 5,
                          "Filter": "((kind_id < 7) AND (production_year = 1986))",
                          "Rows Removed by Filter": 504092
                        },
                        {
                          "Node Type": "Index Only Scan",
                          "Parent Relationship": "Inner",
                          "Parallel Aware": false,
                          "Scan Direction": "Forward",
                          "Index Name": "movie_id_movie_keyword",
                          "Relation Name": "movie_keyword",
                          "Alias": "mk",
                          "Startup Cost": 0.43,
                          "Total Cost": 8.0,
                          "Plan Rows": 45,
                          "Plan Width": 4,
                          "Actual Startup Time": 0.01,
                          "Actual Total Time": 0.011,
                          "Actual Rows": 5,
                          "Actual Loops": 7852,
                          "Index Cond": "(movie_id = t.id)",
                          "Rows Removed by Index Recheck": 0,
                          "Heap Fetches": 40759
                        }
                      ]
                    },
                    {
                      "Node Type": "Index Only Scan",
                      "Parent Relationship": "Inner",
                      "Parallel Aware": false,
                      "Scan Direction": "Forward",
                      "Index Name": "movie_id_cast_info",
                      "Relation Name": "cast_info",
                      "Alias": "ci",
                      "Startup Cost": 0.56,
                      "Total Cost": 1.55,
                      "Plan Rows": 37,
                      "Plan Width": 4,
                      "Actual Startup Time": 0.004,
                      "Actual Total Time": 0.026,
                      "Actual Rows": 42,
                      "Actual Loops": 40759,
                      "Index Cond": "(movie_id = mk.movie_id)",
                      "Rows Removed by Index Recheck": 0,
                      "Heap Fetches": 1714808
                    }
                  ]
                }
              ]
            }
          ]
        }
      ]
    },
    "Planning Time": 1.4,
    "Triggers": [],
    "Execution Time": 398.57
  }
]