[
  {
    "Plan": {
      "Node Type": "Aggregate",
      "Strategy": "Plain",
      "Partial Mode": "Finalize",
      "Parallel Aware": false,
      "Startup Cost": 340114.03,
      "Total Cost": 340114.04,
      "Plan Rows": 1,
      "Plan Width": 8,
      "Actual Startup Time": 732.514,
      "Actual Total Time": 797.223,
      "Actual Rows": 1,
      "Actual Loops": 1,
      "Plans": [
        {
          "Node Type": "Gather",
          "Parent Relationship": "Outer",
          "Parallel Aware": false,
          "Startup Cost": 340113.41,
          "Total Cost": 340114.02,
          "Plan Rows": 6,
          "Plan Width": 8,
          "Actual Startup Time": 732.403,
          "Actual Total Time": 797.212,
          "Actual Rows": 7,
          "Actual Loops": 1,
          "Workers Planned": 6,
          "Workers Launched": 6,
          "Single Copy": false,
          "Plans": [
            {
              "Node Type": "Aggregate",
              "Strategy": "Plain",
              "Partial Mode": "Partial",
              "Parent Relationship": "Outer",
              "Parallel Aware": false,
              "Startup Cost": 339113.41,
              "Total Cost": 339113.42,
              "Plan Rows": 1,
              "Plan Width": 8,
              "Actual Startup Time": 725.732,
              "Actual Total Time": 725.733,
              "Actual Rows": 1,
              "Actual Loops": 7,
              "Plans": [
                {
                  "Node Type": "Seq Scan",
                  "Parent Relationship": "Outer",
                  "Parallel Aware": true,
                  "Relation Name": "cast_info",
                  "Alias": "ci",
                  "Startup Cost": 0.0,
                  "Total Cost": 328162.03,
                  "Plan Rows": 4380552,
                  "Plan Width": 0,
                  "Actual Startup Time": 0.036,
                  "Actual Total Time": 575.678,
                  "Actual Rows": 3772556,
                  "Actual Loops": 7,
                  "Filter": "(person_id < 2727717)",
                  "Rows Removed by Filter": 1405207
                }
              ]
            }
          ]
        }
      ]
    },
    "Planning Time": 0.196,
    "Triggers": [],
    "Execution Time": 797.295
  }
]