{
  "Plan": {
    "Node Type": "Aggregate",
    "Strategy": "Plain",
    "Partial Mode": "Finalize",
    "Parallel Aware": false,
    "Startup Cost": 237443.1,
    "Total Cost": 237443.11,
    "Plan Rows": 1,
    "Plan Width": 8,
    "Actual Startup Time": 3152.911,
    "Actual Total Time": 3215.928,
    "Actual Rows": 1,
    "Actual Loops": 1,
    "Plans": [
      {
        "Node Type": "Gather",
        "Parent Relationship": "Outer",
        "Parallel Aware": false,
        "Startup Cost": 237442.98,
        "Total Cost": 237443.09,
        "Plan Rows": 1,
        "Plan Width": 8,
        "Actual Startup Time": 3152.4,
        "Actual Total Time": 3215.921,
        "Actual Rows": 2,
        "Actual Loops": 1,
        "Workers Planned": 1,
        "Workers Launched": 1,
        "Single Copy": false,
        "Plans": [
          {
            "Node Type": "Aggregate",
            "Strategy": "Plain",
            "Partial Mode": "Partial",
            "Parent Relationship": "Outer",
            "Parallel Aware": false,
            "Startup Cost": 236442.98,
            "Total Cost": 236442.99,
            "Plan Rows": 1,
            "Plan Width": 8,
            "Actual Startup Time": 3146.343,
            "Actual Total Time": 3146.347,
            "Actual Rows": 1,
            "Actual Loops": 2,
            "Plans": [
              {
                "Node Type": "Nested Loop",
                "Parent Relationship": "Outer",
                "Parallel Aware": false,
                "Join Type": "Inner",
                "Startup Cost": 59289.97,
                "Total Cost": 235510.01,
                "Plan Rows": 373188,
                "Plan Width": 0,
                "Actual Startup Time": 198.807,
                "Actual Total Time": 2915.446,
                "Actual Rows": 4821242,
                "Actual Loops": 2,
                "Inner Unique": false,
                "Join Filter": "(t.id = mi.movie_id)",
                "Rows Removed by Join Filter": 0,
                "Plans": [
                  {
                    "Node Type": "Hash Join",
                    "Parent Relationship": "Outer",
                    "Parallel Aware": true,
                    "Join Type": "Inner",
                    "Startup Cost": 59289.53,
                    "Total Cost": 100432.45,
                    "Plan Rows": 63822,
                    "Plan Width": 8,
                    "Actual Startup Time": 198.741,
                    "Actual Total Time": 594.061,
                    "Actual Rows": 208476,
                    "Actual Loops": 2,
                    "Inner Unique": true,
                    "Hash Cond": "(mc.movie_id = t.id)",
                    "Plans": [
                      {
                        "Node Type": "Seq Scan",
                        "Parent Relationship": "Outer",
                        "Parallel Aware": true,
                        "Relation Name": "movie_companies",
                        "Alias": "mc",
                        "Startup Cost": 0.0,
                        "Total Cost": 37974.77,
                        "Plan Rows": 1206915,
                        "Plan Width": 4,
                        "Actual Startup Time": 0.014,
                        "Actual Total Time": 141.003,
                        "Actual Rows": 1019005,
                        "Actual Loops": 2,
                        "Filter": "(company_id < 71330)",
                        "Rows Removed by Filter": 285560
                      },
                      {
                        "Node Type": "Hash",
                        "Parent Relationship": "Inner",
                        "Parallel Aware": true,
                        "Startup Cost": 58306.47,
                        "Total Cost": 58306.47,
                        "Plan Rows": 78645,
                        "Plan Width": 4,
                        "Actual Startup Time": 195.235,
                        "Actual Total Time": 195.236,
                        "Actual Rows": 119891,
                        "Actual Loops": 2,
                        "Hash Buckets": 262144,
                        "Original Hash Buckets": 262144,
                        "Hash Batches": 1,
                        "Original Hash Batches": 1,
                        "Peak Memory Usage": 11456,
                        "Plans": [
                          {
                            "Node Type": "Seq Scan",
                            "Parent Relationship": "Outer",
                            "Parallel Aware": true,
                            "Relation Name": "title",
                            "Alias": "t",
                            "Startup Cost": 0.0,
                            "Total Cost": 58306.47,
                            "Plan Rows": 78645,
                            "Plan Width": 4,
                            "Actual Startup Time": 0.202,
                            "Actual Total Time": 165.603,
                            "Actual Rows": 119891,
                            "Actual Loops": 2,
                            "Filter": "((kind_id < 7) AND (production_year < 1969))",
                            "Rows Removed by Filter": 1144265
                          }
                        ]
                      }
                    ]
                  },
                  {
                    "Node Type": "Index Only Scan",
                    "Parent Relationship": "Inner",
                    "Parallel Aware": false,
                    "Scan Direction": "Forward",
                    "Index Name": "movie_id_movie_info",
                    "Relation Name": "movie_info",
                    "Alias": "mi",
                    "Startup Cost": 0.43,
                    "Total Cost": 1.59,
                    "Plan Rows": 42,
                    "Plan Width": 4,
                    "Actual Startup Time": 0.003,
                    "Actual Total Time": 0.009,
                    "Actual Rows": 23,
                    "Actual Loops": 416953,
                    "Index Cond": "(movie_id = mc.movie_id)",
                    "Rows Removed by Index Recheck": 0,
                    "Heap Fetches": 9642483
                  }
                ]
              }
            ]
          }
        ]
      }
    ]
  },
  "Planning Time": 0.962,
  "Triggers": [],
  "Execution Time": 3216.034
}