[
  {
    "Plan": {
      "Node Type": "Aggregate",
      "Strategy": "Plain",
      "Partial Mode": "Finalize",
      "Parallel Aware": false,
      "Startup Cost": 428509.15,
      "Total Cost": 428509.16,
      "Plan Rows": 1,
      "Plan Width": 8,
      "Actual Startup Time": 927.62,
      "Actual Total Time": 953.921,
      "Actual Rows": 1,
      "Actual Loops": 1,
      "Plans": [
        {
          "Node Type": "Gather",
          "Parent Relationship": "Outer",
          "Parallel Aware": false,
          "Startup Cost": 428508.53,
          "Total Cost": 428509.14,
          "Plan Rows": 6,
          "Plan Width": 8,
          "Actual Startup Time": 904.553,
          "Actual Total Time": 953.908,
          "Actual Rows": 7,
          "Actual Loops": 1,
          "Workers Planned": 6,
          "Workers Launched": 6,
          "Single Copy": false,
          "Plans": [
            {
              "Node Type": "Aggregate",
              "Strategy": "Plain",
              "Partial Mode": "Partial",
              "Parent Relationship": "Outer",
              "Parallel Aware": false,
              "Startup Cost": 427508.53,
              "Total Cost": 427508.54,
              "Plan Rows": 1,
              "Plan Width": 8,
              "Actual Startup Time": 892.942,
              "Actual Total Time": 893.043,
              "Actual Rows": 1,
              "Actual Loops": 7,
              "Plans": [
                {
                  "Node Type": "Hash Join",
                  "Parent Relationship": "Outer",
                  "Parallel Aware": true,
                  "Join Type": "Inner",
                  "Startup Cost": 226753.77,
                  "Total Cost": 426762.17,
                  "Plan Rows": 298543,
                  "Plan Width": 0,
                  "Actual Startup Time": 419.556,
                  "Actual Total Time": 856.781,
                  "Actual Rows": 886089,
                  "Actual Loops": 7,
                  "Inner Unique": false,
                  "Hash Cond": "(ci.movie_id = t.id)",
                  "Plans": [
                    {
                      "Node Type": "Index Scan",
                      "Parent Relationship": "Outer",
                      "Parallel Aware": true,
                      "Scan Direction": "Forward",
                      "Index Name": "role_id_cast_info",
                      "Relation Name": "cast_info",
                      "Alias": "ci",
                      "Startup Cost": 0.56,
                      "Total Cost": 194809.41,
                      "Plan Rows": 1227324,
                      "Plan Width": 4,
                      "Actual Startup Time": 0.2,
                      "Actual Total Time": 187.004,
                      "Actual Rows": 1064568,
                      "Actual Loops": 7,
                      "Index Cond": "(role_id = 2)",
                      "Rows Removed by Index Recheck": 0
                    },
                    {
                      "Node Type": "Hash",
                      "Parent Relationship": "Inner",
                      "Parallel Aware": true,
                      "Startup Cost": 225215.7,
                      "Total Cost": 225215.7,
                      "Plan Rows": 123000,
                      "Plan Width": 8,
                      "Actual Startup Time": 416.091,
                      "Actual Total Time": 416.19,
                      "Actual Rows": 85494,
                      "Actual Loops": 7,
                      "Hash Buckets": 1048576,
                      "Original Hash Buckets": 1048576,
                      "Hash Batches": 1,
                      "Original Hash Batches": 1,
                      "Peak Memory Usage": 31712,
                      "Plans": [
                        {
                          "Node Type": "Hash Join",
                          "Parent Relationship": "Outer",
                          "Parallel Aware": true,
                          "Join Type": "Inner",
                          "Startup Cost": 61362.33,
                          "Total Cost": 225215.7,
                          "Plan Rows": 123000,
                          "Plan Width": 8,
                          "Actual Startup Time": 300.087,
                          "Actual Total Time": 371.397,
                          "Actual Rows": 85494,
                          "Actual Loops": 7,
                          "Inner Unique": true,
                          "Hash Cond": "(mi.movie_id = t.id)",
                          "Plans": [
                            {
                              "Node Type": "Bitmap Heap Scan",
                              "Parent Relationship": "Outer",
                              "Parallel Aware": true,
                              "Relation Name": "movie_info",
                              "Alias": "mi",
                              "Startup Cost": 11142.68,
                              "Total Cost": 174673.18,
                              "Plan Rows": 123000,
                              "Plan Width": 4,
                              "Actual Startup Time": 39.105,
                              "Actual Total Time": 78.043,
                              "Actual Rows": 85494,
                              "Actual Loops": 7,
                              "Recheck Cond": "(info_type_id = 15)",
                              "Rows Removed by Index Recheck": 0,
                              "Exact Heap Blocks": 3660,
                              "Lossy Heap Blocks": 0,
                              "Plans": [
                                {
                                  "Node Type": "Bitmap Index Scan",
                                  "Parent Relationship": "Outer",
                                  "Parallel Aware": false,
                                  "Index Name": "info_type_id_movie_info",
                                  "Startup Cost": 0.0,
                                  "Total Cost": 10988.93,
                                  "Plan Rows": 615000,
                                  "Plan Width": 0,
                                  "Actual Startup Time": 35.701,
                                  "Actual Total Time": 35.701,
                                  "Actual Rows": 598457,
                                  "Actual Loops": 1,
                                  "Index Cond": "(info_type_id = 15)"
                                }
                              ]
                            },
                            {
                              "Node Type": "Hash",
                              "Parent Relationship": "Inner",
                              "Parallel Aware": true,
                              "Startup Cost": 42318.73,
                              "Total Cost": 42318.73,
                              "Plan Rows": 632073,
                              "Plan Width": 4,
                              "Actual Startup Time": 256.508,
                              "Actual Total Time": 256.509,
                              "Actual Rows": 361187,
                              "Actual Loops": 7,
                              "Hash Buckets": 4194304,
                              "Original Hash Buckets": 4194304,
                              "Hash Batches": 1,
                              "Original Hash Batches": 1,
                              "Peak Memory Usage": 131776,
                              "Plans": [
                                {
                                  "Node Type": "Seq Scan",
                                  "Parent Relationship": "Outer",
                                  "Parallel Aware": true,
                                  "Relation Name": "title",
                                  "Alias": "t",
                                  "Startup Cost": 0.0,
                                  "Total Cost": 42318.73,
                                  "Plan Rows": 632073,
                                  "Plan Width": 4,
                                  "Actual Startup Time": 0.044,
                                  "Actual Total Time": 72.133,
                                  "Actual Rows": 361187,
                                  "Actual Loops": 7
                                }
                              ]
                            }
                          ]
                        }
                      ]
                    }
                  ]
                }
              ]
            }
          ]
        }
      ]
    },
    "Planning Time": 1.344,
    "Triggers": [],
    "Execution Time": 954.037
  }
]