[
  {
    "Plan": {
      "Node Type": "Aggregate",
      "Strategy": "Plain",
      "Partial Mode": "Finalize",
      "Parallel Aware": false,
      "Startup Cost": 45884.41,
      "Total Cost": 45884.42,
      "Plan Rows": 1,
      "Plan Width": 8,
      "Actual Startup Time": 160.912,
      "Actual Total Time": 170.619,
      "Actual Rows": 1,
      "Actual Loops": 1,
      "Plans": [
        {
          "Node Type": "Gather",
          "Parent Relationship": "Outer",
          "Parallel Aware": false,
          "Startup Cost": 45884.09,
          "Total Cost": 45884.4,
          "Plan Rows": 3,
          "Plan Width": 8,
          "Actual Startup Time": 160.791,
          "Actual Total Time": 170.611,
          "Actual Rows": 4,
          "Actual Loops": 1,
          "Workers Planned": 3,
          "Workers Launched": 3,
          "Single Copy": false,
          "Plans": [
            {
              "Node Type": "Aggregate",
              "Strategy": "Plain",
              "Partial Mode": "Partial",
              "Parent Relationship": "Outer",
              "Parallel Aware": false,
              "Startup Cost": 44884.09,
              "Total Cost": 44884.1,
              "Plan Rows": 1,
              "Plan Width": 8,
              "Actual Startup Time": 154.669,
              "Actual Total Time": 154.67,
              "Actual Rows": 1,
              "Actual Loops": 4,
              "Plans": [
                {
                  "Node Type": "Seq Scan",
                  "Parent Relationship": "Outer",
                  "Parallel Aware": true,
                  "Relation Name": "movie_keyword",
                  "Alias": "mk",
                  "Startup Cost": 0.0,
                  "Total Cost": 42695.65,
                  "Plan Rows": 875375,
                  "Plan Width": 0,
                  "Actual Startup Time": 0.356,
                  "Actual Total Time": 123.128,
                  "Actual Rows": 674916,
                  "Actual Loops": 4,
                  "Filter": "(keyword_id > 2989)",
                  "Rows Removed by Filter": 456067
                }
              ]
            }
          ]
        }
      ]
    },
    "Planning Time": 0.124,
    "Triggers": [],
    "Execution Time": 170.66
  }
]