[
  {
    "Plan": {
      "Node Type": "Aggregate",
      "Strategy": "Plain",
      "Partial Mode": "Finalize",
      "Parallel Aware": false,
      "Startup Cost": 335729.33,
      "Total Cost": 335729.34,
      "Plan Rows": 1,
      "Plan Width": 8,
      "Actual Startup Time": 644.453,
      "Actual Total Time": 689.466,
      "Actual Rows": 1,
      "Actual Loops": 1,
      "Plans": [
        {
          "Node Type": "Gather",
          "Parent Relationship": "Outer",
          "Parallel Aware": false,
          "Startup Cost": 335728.71,
          "Total Cost": 335729.32,
          "Plan Rows": 6,
          "Plan Width": 8,
          "Actual Startup Time": 644.231,
          "Actual Total Time": 689.453,
          "Actual Rows": 7,
          "Actual Loops": 1,
          "Workers Planned": 6,
          "Workers Launched": 6,
          "Single Copy": false,
          "Plans": [
            {
              "Node Type": "Aggregate",
              "Strategy": "Plain",
              "Partial Mode": "Partial",
              "Parent Relationship": "Outer",
              "Parallel Aware": false,
              "Startup Cost": 334728.71,
              "Total Cost": 334728.72,
              "Plan Rows": 1,
              "Plan Width": 8,
              "Actual Startup Time": 636.519,
              "Actual Total Time": 636.521,
              "Actual Rows": 1,
              "Actual Loops": 7,
              "Plans": [
                {
                  "Node Type": "Seq Scan",
                  "Parent Relationship": "Outer",
                  "Parallel Aware": true,
                  "Relation Name": "cast_info",
                  "Alias": "ci",
                  "Startup Cost": 0.0,
                  "Total Cost": 328211.39,
                  "Plan Rows": 2606926,
                  "Plan Width": 0,
                  "Actual Startup Time": 0.05,
                  "Actual Total Time": 537.173,
                  "Actual Rows": 2257967,
                  "Actual Loops": 7,
                  "Filter": "(person_id < 1561862)",
                  "Rows Removed by Filter": 2919796
                }
              ]
            }
          ]
        }
      ]
    },
    "Planning Time": 0.074,
    "Triggers": [],
    "Execution Time": 689.5
  }
]