{
  "Plan": {
    "Node Type": "Aggregate",
    "Strategy": "Plain",
    "Partial Mode": "Finalize",
    "Parallel Aware": false,
    "Startup Cost": 128472.52,
    "Total Cost": 128472.53,
    "Plan Rows": 1,
    "Plan Width": 8,
    "Actual Startup Time": 912.33,
    "Actual Total Time": 934.184,
    "Actual Rows": 1,
    "Actual Loops": 1,
    "Plans": [
      {
        "Node Type": "Gather",
        "Parent Relationship": "Outer",
        "Parallel Aware": false,
        "Startup Cost": 128472.41,
        "Total Cost": 128472.52,
        "Plan Rows": 1,
        "Plan Width": 8,
        "Actual Startup Time": 906.881,
        "Actual Total Time": 934.171,
        "Actual Rows": 2,
        "Actual Loops": 1,
        "Workers Planned": 1,
        "Workers Launched": 1,
        "Single Copy": false,
        "Plans": [
          {
            "Node Type": "Aggregate",
            "Strategy": "Plain",
            "Partial Mode": "Partial",
            "Parent Relationship": "Outer",
            "Parallel Aware": false,
            "Startup Cost": 127472.41,
            "Total Cost": 127472.42,
            "Plan Rows": 1,
            "Plan Width": 8,
            "Actual Startup Time": 899.357,
            "Actual Total Time": 899.364,
            "Actual Rows": 1,
            "Actual Loops": 2,
            "Plans": [
              {
                "Node Type": "Hash Join",
                "Parent Relationship": "Outer",
                "Parallel Aware": true,
                "Join Type": "Inner",
                "Startup Cost": 92000.91,
                "Total Cost": 125909.64,
                "Plan Rows": 625106,
                "Plan Width": 0,
                "Actual Startup Time": 627.878,
                "Actual Total Time": 876.412,
                "Actual Rows": 534271,
                "Actual Loops": 2,
                "Inner Unique": true,
                "Hash Cond": "(mk.movie_id = t.id)",
                "Plans": [
                  {
                    "Node Type": "Bitmap Heap Scan",
                    "Parent Relationship": "Outer",
                    "Parallel Aware": true,
                    "Relation Name": "movie_keyword",
                    "Alias": "mk",
                    "Startup Cost": 22540.21,
                    "Total Cost": 54808.04,
                    "Plan Rows": 625106,
                    "Plan Width": 4,
                    "Actual Startup Time": 59.36,
                    "Actual Total Time": 163.064,
                    "Actual Rows": 534271,
                    "Actual Loops": 2,
                    "Recheck Cond": "(keyword_id < 1072)",
                    "Rows Removed by Index Recheck": 0,
                    "Exact Heap Blocks": 12542,
                    "Lossy Heap Blocks": 0,
                    "Plans": [
                      {
                        "Node Type": "Bitmap Index Scan",
                        "Parent Relationship": "Outer",
                        "Parallel Aware": false,
                        "Index Name": "keyword_id_movie_keyword",
                        "Startup Cost": 0.0,
                        "Total Cost": 22274.54,
                        "Plan Rows": 1062681,
                        "Plan Width": 0,
                        "Actual Startup Time": 55.707,
                        "Actual Total Time": 55.709,
                        "Actual Rows": 1068542,
                        "Actual Loops": 1,
                        "Index Cond": "(keyword_id < 1072)"
                      }
                    ]
                  },
                  {
                    "Node Type": "Hash",
                    "Parent Relationship": "Inner",
                    "Parallel Aware": true,
                    "Startup Cost": 50870.31,
                    "Total Cost": 50870.31,
                    "Plan Rows": 1487231,
                    "Plan Width": 4,
                    "Actual Startup Time": 553.601,
                    "Actual Total Time": 553.602,
                    "Actual Rows": 1264156,
                    "Actual Loops": 2,
                    "Hash Buckets": 4194304,
                    "Original Hash Buckets": 4194304,
                    "Hash Batches": 1,
                    "Original Hash Batches": 1,
                    "Peak Memory Usage": 131680,
                    "Plans": [
                      {
                        "Node Type": "Seq Scan",
                        "Parent Relationship": "Outer",
                        "Parallel Aware": true,
                        "Relation Name": "title",
                        "Alias": "t",
                        "Startup Cost": 0.0,
                        "Total Cost": 50870.31,
                        "Plan Rows": 1487231,
                        "Plan Width": 4,
                        "Actual Startup Time": 0.02,
                        "Actual Total Time": 158.152,
                        "Actual Rows": 1264156,
                        "Actual Loops": 2
                      }
                    ]
                  }
                ]
              }
            ]
          }
        ]
      }
    ]
  },
  "Planning Time": 0.311,
  "Triggers": [],
  "Execution Time": 934.239
}