[
    {
        "Bao": {
            "Bao prediction": "NaN",
            "Bao recommended hint": "(no hint)"
        }
    },
    {
        "Plan": {
            "Node Type": "Aggregate",
            "Strategy": "Plain",
            "Partial Mode": "Finalize",
            "Parallel Aware": false,
            "Startup Cost": 89304.35,
            "Total Cost": 89304.36,
            "Plan Rows": 1,
            "Plan Width": 8,
            "Actual Startup Time": 368.422,
            "Actual Total Time": 383.745,
            "Actual Rows": 1,
            "Actual Loops": 1,
            "Output": [
                "count(*)"
            ],
            "Plans": [
                {
                    "Node Type": "Gather",
                    "Parent Relationship": "Outer",
                    "Parallel Aware": false,
                    "Startup Cost": 89304.04,
                    "Total Cost": 89304.35,
                    "Plan Rows": 3,
                    "Plan Width": 8,
                    "Actual Startup Time": 367.174,
                    "Actual Total Time": 383.736,
                    "Actual Rows": 4,
                    "Actual Loops": 1,
                    "Output": [
                        "(PARTIAL count(*))"
                    ],
                    "Workers Planned": 3,
                    "Workers Launched": 3,
                    "Single Copy": false,
                    "Plans": [
                        {
                            "Node Type": "Aggregate",
                            "Strategy": "Plain",
                            "Partial Mode": "Partial",
                            "Parent Relationship": "Outer",
                            "Parallel Aware": false,
                            "Startup Cost": 88304.04,
                            "Total Cost": 88304.05,
                            "Plan Rows": 1,
                            "Plan Width": 8,
                            "Actual Startup Time": 358.085,
                            "Actual Total Time": 358.153,
                            "Actual Rows": 1,
                            "Actual Loops": 4,
                            "Output": [
                                "PARTIAL count(*)"
                            ],
                            "Workers": [
                                {
                                    "Worker Number": 0,
                                    "Actual Startup Time": 355.262,
                                    "Actual Total Time": 355.266,
                                    "Actual Rows": 1,
                                    "Actual Loops": 1
                                },
                                {
                                    "Worker Number": 1,
                                    "Actual Startup Time": 355.055,
                                    "Actual Total Time": 355.06,
                                    "Actual Rows": 1,
                                    "Actual Loops": 1
                                },
                                {
                                    "Worker Number": 2,
                                    "Actual Startup Time": 355.394,
                                    "Actual Total Time": 355.397,
                                    "Actual Rows": 1,
                                    "Actual Loops": 1
                                }
                            ],
                            "Plans": [
                                {
                                    "Node Type": "Nested Loop",
                                    "Parent Relationship": "Outer",
                                    "Parallel Aware": false,
                                    "Join Type": "Inner",
                                    "Startup Cost": 35213.52,
                                    "Total Cost": 88288.68,
                                    "Plan Rows": 6144,
                                    "Plan Width": 0,
                                    "Actual Startup Time": 164.129,
                                    "Actual Total Time": 355.005,
                                    "Actual Rows": 46186,
                                    "Actual Loops": 4,
                                    "Inner Unique": true,
                                    "Join Filter": "(mc.movie_id = t.id)",
                                    "Rows Removed by Join Filter": 0,
                                    "Workers": [
                                        {
                                            "Worker Number": 0,
                                            "Actual Startup Time": 161.102,
                                            "Actual Total Time": 351.923,
                                            "Actual Rows": 35303,
                                            "Actual Loops": 1
                                        },
                                        {
                                            "Worker Number": 1,
                                            "Actual Startup Time": 161.2,
                                            "Actual Total Time": 351.727,
                                            "Actual Rows": 35362,
                                            "Actual Loops": 1
                                        },
                                        {
                                            "Worker Number": 2,
                                            "Actual Startup Time": 161.519,
                                            "Actual Total Time": 352.453,
                                            "Actual Rows": 51652,
                                            "Actual Loops": 1
                                        }
                                    ],
                                    "Plans": [
                                        {
                                            "Node Type": "Hash Join",
                                            "Parent Relationship": "Outer",
                                            "Parallel Aware": true,
                                            "Join Type": "Inner",
                                            "Startup Cost": 35213.09,
                                            "Total Cost": 62814.16,
                                            "Plan Rows": 32089,
                                            "Plan Width": 8,
                                            "Actual Startup Time": 164.044,
                                            "Actual Total Time": 222.995,
                                            "Actual Rows": 46186,
                                            "Actual Loops": 4,
                                            "Output": [
                                                "mc.movie_id",
                                                "mk.movie_id"
                                            ],
                                            "Inner Unique": false,
                                            "Hash Cond": "(mk.movie_id = mc.movie_id)",
                                            "Workers": [
                                                {
                                                    "Worker Number": 0,
                                                    "Actual Startup Time": 161.003,
                                                    "Actual Total Time": 221.661,
                                                    "Actual Rows": 35303,
                                                    "Actual Loops": 1
                                                },
                                                {
                                                    "Worker Number": 1,
                                                    "Actual Startup Time": 161.098,
                                                    "Actual Total Time": 220.194,
                                                    "Actual Rows": 35362,
                                                    "Actual Loops": 1
                                                },
                                                {
                                                    "Worker Number": 2,
                                                    "Actual Startup Time": 161.418,
                                                    "Actual Total Time": 219.672,
                                                    "Actual Rows": 51652,
                                                    "Actual Loops": 1
                                                }
                                            ],
                                            "Plans": [
                                                {
                                                    "Node Type": "Bitmap Heap Scan",
                                                    "Parent Relationship": "Outer",
                                                    "Parallel Aware": true,
                                                    "Relation Name": "movie_keyword",
                                                    "Schema": "public",
                                                    "Alias": "mk",
                                                    "Startup Cost": 11438.79,
                                                    "Total Cost": 38066.75,
                                                    "Plan Rows": 173917,
                                                    "Plan Width": 4,
                                                    "Actual Startup Time": 69.245,
                                                    "Actual Total Time": 131.176,
                                                    "Actual Rows": 132922,
                                                    "Actual Loops": 4,
                                                    "Output": [
                                                        "mk.id",
                                                        "mk.movie_id",
                                                        "mk.keyword_id"
                                                    ],
                                                    "Recheck Cond": "(mk.keyword_id > 34352)",
                                                    "Rows Removed by Index Recheck": 0,
                                                    "Exact Heap Blocks": 7512,
                                                    "Lossy Heap Blocks": 0,
                                                    "Workers": [
                                                        {
                                                            "Worker Number": 0,
                                                            "Actual Startup Time": 68.943,
                                                            "Actual Total Time": 132.481,
                                                            "Actual Rows": 124822,
                                                            "Actual Loops": 1
                                                        },
                                                        {
                                                            "Worker Number": 1,
                                                            "Actual Startup Time": 69.289,
                                                            "Actual Total Time": 132.864,
                                                            "Actual Rows": 98691,
                                                            "Actual Loops": 1
                                                        },
                                                        {
                                                            "Worker Number": 2,
                                                            "Actual Startup Time": 69.52,
                                                            "Actual Total Time": 132.796,
                                                            "Actual Rows": 137138,
                                                            "Actual Loops": 1
                                                        }
                                                    ],
                                                    "Plans": [
                                                        {
                                                            "Node Type": "Bitmap Index Scan",
                                                            "Parent Relationship": "Outer",
                                                            "Parallel Aware": false,
                                                            "Index Name": "keyword_id_movie_keyword",
                                                            "Startup Cost": 0.0,
                                                            "Total Cost": 11304.01,
                                                            "Plan Rows": 539143,
                                                            "Plan Width": 0,
                                                            "Actual Startup Time": 63.478,
                                                            "Actual Total Time": 63.479,
                                                            "Actual Rows": 531689,
                                                            "Actual Loops": 1,
                                                            "Index Cond": "(mk.keyword_id > 34352)",
                                                            "Workers": [
                                                                {
                                                                    "Worker Number": 0,
                                                                    "Actual Startup Time": 63.478,
                                                                    "Actual Total Time": 63.479,
                                                                    "Actual Rows": 531689,
                                                                    "Actual Loops": 1
                                                                }
                                                            ]
                                                        }
                                                    ]
                                                },
                                                {
                                                    "Node Type": "Hash",
                                                    "Parent Relationship": "Inner",
                                                    "Parallel Aware": true,
                                                    "Startup Cost": 23414.18,
                                                    "Total Cost": 23414.18,
                                                    "Plan Rows": 28810,
                                                    "Plan Width": 4,
                                                    "Actual Startup Time": 59.501,
                                                    "Actual Total Time": 59.502,
                                                    "Actual Rows": 44512,
                                                    "Actual Loops": 4,
                                                    "Output": [
                                                        "mc.movie_id"
                                                    ],
                                                    "Hash Buckets": 262144,
                                                    "Original Hash Buckets": 131072,
                                                    "Hash Batches": 1,
                                                    "Original Hash Batches": 1,
                                                    "Peak Memory Usage": 10144,
                                                    "Workers": [
                                                        {
                                                            "Worker Number": 0,
                                                            "Actual Startup Time": 57.038,
                                                            "Actual Total Time": 57.039,
                                                            "Actual Rows": 30328,
                                                            "Actual Loops": 1
                                                        },
                                                        {
                                                            "Worker Number": 1,
                                                            "Actual Startup Time": 57.109,
                                                            "Actual Total Time": 57.111,
                                                            "Actual Rows": 30498,
                                                            "Actual Loops": 1
                                                        },
                                                        {
                                                            "Worker Number": 2,
                                                            "Actual Startup Time": 57.449,
                                                            "Actual Total Time": 57.45,
                                                            "Actual Rows": 31203,
                                                            "Actual Loops": 1
                                                        }
                                                    ],
                                                    "Plans": [
                                                        {
                                                            "Node Type": "Bitmap Heap Scan",
                                                            "Parent Relationship": "Outer",
                                                            "Parallel Aware": true,
                                                            "Relation Name": "movie_companies",
                                                            "Schema": "public",
                                                            "Alias": "mc",
                                                            "Startup Cost": 3776.56,
                                                            "Total Cost": 23414.18,
                                                            "Plan Rows": 28810,
                                                            "Plan Width": 4,
                                                            "Actual Startup Time": 13.174,
                                                            "Actual Total Time": 39.133,
                                                            "Actual Rows": 44512,
                                                            "Actual Loops": 4,
                                                            "Output": [
                                                                "mc.movie_id"
                                                            ],
                                                            "Recheck Cond": "(mc.company_id > 120996)",
                                                            "Rows Removed by Index Recheck": 0,
                                                            "Filter": "(mc.company_type_id = 2)",
                                                            "Rows Removed by Filter": 0,
                                                            "Exact Heap Blocks": 2021,
                                                            "Lossy Heap Blocks": 0,
                                                            "Workers": [
                                                                {
                                                                    "Worker Number": 0,
                                                                    "Actual Startup Time": 10.771,
                                                                    "Actual Total Time": 37.623,
                                                                    "Actual Rows": 30328,
                                                                    "Actual Loops": 1
                                                                },
                                                                {
                                                                    "Worker Number": 1,
                                                                    "Actual Startup Time": 10.814,
                                                                    "Actual Total Time": 37.828,
                                                                    "Actual Rows": 30498,
                                                                    "Actual Loops": 1
                                                                },
                                                                {
                                                                    "Worker Number": 2,
                                                                    "Actual Startup Time": 11.133,
                                                                    "Actual Total Time": 38.857,
                                                                    "Actual Rows": 31203,
                                                                    "Actual Loops": 1
                                                                }
                                                            ],
                                                            "Plans": [
                                                                {
                                                                    "Node Type": "Bitmap Index Scan",
                                                                    "Parent Relationship": "Outer",
                                                                    "Parallel Aware": false,
                                                                    "Index Name": "company_id_movie_companies",
                                                                    "Startup Cost": 0.0,
                                                                    "Total Cost": 3754.24,
                                                                    "Plan Rows": 175174,
                                                                    "Plan Width": 0,
                                                                    "Actual Startup Time": 18.782,
                                                                    "Actual Total Time": 18.782,
                                                                    "Actual Rows": 178049,
                                                                    "Actual Loops": 1,
                                                                    "Index Cond": "(mc.company_id > 120996)"
                                                                }
                                                            ]
                                                        }
                                                    ]
                                                }
                                            ]
                                        },
                                        {
                                            "Node Type": "Index Only Scan",
                                            "Parent Relationship": "Inner",
                                            "Parallel Aware": false,
                                            "Scan Direction": "Forward",
                                            "Index Name": "title_pkey",
                                            "Relation Name": "title",
                                            "Schema": "public",
                                            "Alias": "t",
                                            "Startup Cost": 0.43,
                                            "Total Cost": 0.78,
                                            "Plan Rows": 1,
                                            "Plan Width": 4,
                                            "Actual Startup Time": 0.002,
                                            "Actual Total Time": 0.002,
                                            "Actual Rows": 1,
                                            "Actual Loops": 184745,
                                            "Output": [
                                                "t.id"
                                            ],
                                            "Index Cond": "(t.id = mk.movie_id)",
                                            "Rows Removed by Index Recheck": 0,
                                            "Heap Fetches": 184745,
                                            "Workers": [
                                                {
                                                    "Worker Number": 0,
                                                    "Actual Startup Time": 0.003,
                                                    "Actual Total Time": 0.003,
                                                    "Actual Rows": 1,
                                                    "Actual Loops": 35303
                                                },
                                                {
                                                    "Worker Number": 1,
                                                    "Actual Startup Time": 0.003,
                                                    "Actual Total Time": 0.003,
                                                    "Actual Rows": 1,
                                                    "Actual Loops": 35362
                                                },
                                                {
                                                    "Worker Number": 2,
                                                    "Actual Startup Time": 0.002,
                                                    "Actual Total Time": 0.002,
                                                    "Actual Rows": 1,
                                                    "Actual Loops": 51652
                                                }
                                            ]
                                        }
                                    ]
                                }
                            ]
                        }
                    ]
                }
            ]
        },
        "Planning Time": 191.501,
        "Triggers": [],
        "Execution Time": 383.886
    }
]