[
  {
    "Plan": {
      "Node Type": "Aggregate",
      "Strategy": "Plain",
      "Partial Mode": "Finalize",
      "Parallel Aware": false,
      "Startup Cost": 33136.22,
      "Total Cost": 33136.23,
      "Plan Rows": 1,
      "Plan Width": 8,
      "Actual Startup Time": 93.583,
      "Actual Total Time": 100.976,
      "Actual Rows": 1,
      "Actual Loops": 1,
      "Plans": [
        {
          "Node Type": "Gather",
          "Parent Relationship": "Outer",
          "Parallel Aware": false,
          "Startup Cost": 33135.9,
          "Total Cost": 33136.21,
          "Plan Rows": 3,
          "Plan Width": 8,
          "Actual Startup Time": 93.4,
          "Actual Total Time": 100.962,
          "Actual Rows": 4,
          "Actual Loops": 1,
          "Workers Planned": 3,
          "Workers Launched": 3,
          "Single Copy": false,
          "Plans": [
            {
              "Node Type": "Aggregate",
              "Strategy": "Plain",
              "Partial Mode": "Partial",
              "Parent Relationship": "Outer",
              "Parallel Aware": false,
              "Startup Cost": 32135.9,
              "Total Cost": 32135.91,
              "Plan Rows": 1,
              "Plan Width": 8,
              "Actual Startup Time": 88.117,
              "Actual Total Time": 88.118,
              "Actual Rows": 1,
              "Actual Loops": 4,
              "Plans": [
                {
                  "Node Type": "Seq Scan",
                  "Parent Relationship": "Outer",
                  "Parallel Aware": true,
                  "Relation Name": "movie_companies",
                  "Alias": "mc",
                  "Startup Cost": 0.0,
                  "Total Cost": 31414.82,
                  "Plan Rows": 288434,
                  "Plan Width": 0,
                  "Actual Startup Time": 0.036,
                  "Actual Total Time": 73.598,
                  "Actual Rows": 303360,
                  "Actual Loops": 4,
                  "Filter": "((company_id < 33761) AND (company_type_id = 1))",
                  "Rows Removed by Filter": 348922
                }
              ]
            }
          ]
        }
      ]
    },
    "Planning Time": 0.132,
    "Triggers": [],
    "Execution Time": 101.009
  }
]