[
  {
    "Plan": {
      "Node Type": "Aggregate",
      "Strategy": "Plain",
      "Partial Mode": "Finalize",
      "Parallel Aware": false,
      "Startup Cost": 107699.83,
      "Total Cost": 107699.84,
      "Plan Rows": 1,
      "Plan Width": 8,
      "Actual Startup Time": 908.296,
      "Actual Total Time": 925.559,
      "Actual Rows": 1,
      "Actual Loops": 1,
      "Plans": [
        {
          "Node Type": "Gather",
          "Parent Relationship": "Outer",
          "Parallel Aware": false,
          "Startup Cost": 107699.61,
          "Total Cost": 107699.82,
          "Plan Rows": 2,
          "Plan Width": 8,
          "Actual Startup Time": 905.51,
          "Actual Total Time": 925.55,
          "Actual Rows": 3,
          "Actual Loops": 1,
          "Workers Planned": 2,
          "Workers Launched": 2,
          "Single Copy": false,
          "Plans": [
            {
              "Node Type": "Aggregate",
              "Strategy": "Plain",
              "Partial Mode": "Partial",
              "Parent Relationship": "Outer",
              "Parallel Aware": false,
              "Startup Cost": 106699.61,
              "Total Cost": 106699.62,
              "Plan Rows": 1,
              "Plan Width": 8,
              "Actual Startup Time": 894.569,
              "Actual Total Time": 894.575,
              "Actual Rows": 1,
              "Actual Loops": 3,
              "Plans": [
                {
                  "Node Type": "Hash Join",
                  "Parent Relationship": "Outer",
                  "Parallel Aware": true,
                  "Join Type": "Inner",
                  "Startup Cost": 90398.22,
                  "Total Cost": 106498.79,
                  "Plan Rows": 80329,
                  "Plan Width": 0,
                  "Actual Startup Time": 673.269,
                  "Actual Total Time": 835.053,
                  "Actual Rows": 1275180,
                  "Actual Loops": 3,
                  "Inner Unique": false,
                  "Hash Cond": "(mi_idx.movie_id = t.id)",
                  "Plans": [
                    {
                      "Node Type": "Seq Scan",
                      "Parent Relationship": "Outer",
                      "Parallel Aware": true,
                      "Relation Name": "movie_info_idx",
                      "Alias": "mi_idx",
                      "Startup Cost": 0.0,
                      "Total Cost": 13685.15,
                      "Plan Rows": 575015,
                      "Plan Width": 4,
                      "Actual Startup Time": 0.045,
                      "Actual Total Time": 38.708,
                      "Actual Rows": 460012,
                      "Actual Loops": 3
                    },
                    {
                      "Node Type": "Hash",
                      "Parent Relationship": "Inner",
                      "Parallel Aware": true,
                      "Startup Cost": 88974.03,
                      "Total Cost": 88974.03,
                      "Plan Rows": 113935,
                      "Plan Width": 8,
                      "Actual Startup Time": 629.387,
                      "Actual Total Time": 629.392,
                      "Actual Rows": 489291,
                      "Actual Loops": 3,
                      "Hash Buckets": 2097152,
                      "Original Hash Buckets": 524288,
                      "Hash Batches": 1,
                      "Original Hash Batches": 1,
                      "Peak Memory Usage": 86144,
                      "Plans": [
                        {
                          "Node Type": "Hash Join",
                          "Parent Relationship": "Outer",
                          "Parallel Aware": true,
                          "Join Type": "Inner",
                          "Startup Cost": 46095.95,
                          "Total Cost": 88974.03,
                          "Plan Rows": 113935,
                          "Plan Width": 8,
                          "Actual Startup Time": 219.59,
                          "Actual Total Time": 487.966,
                          "Actual Rows": 489291,
                          "Actual Loops": 3,
                          "Inner Unique": true,
                          "Hash Cond": "(mk.movie_id = t.id)",
                          "Plans": [
                            {
                              "Node Type": "Seq Scan",
                              "Parent Relationship": "Outer",
                              "Parallel Aware": true,
                              "Relation Name": "movie_keyword",
                              "Alias": "mk",
                              "Startup Cost": 0.0,
                              "Total Cost": 39047.32,
                              "Plan Rows": 1459332,
                              "Plan Width": 4,
                              "Actual Startup Time": 0.019,
                              "Actual Total Time": 126.264,
                              "Actual Rows": 1507977,
                              "Actual Loops": 3
                            },
                            {
                              "Node Type": "Hash",
                              "Parent Relationship": "Inner",
                              "Parallel Aware": true,
                              "Startup Cost": 45479.1,
                              "Total Cost": 45479.1,
                              "Plan Rows": 49348,
                              "Plan Width": 4,
                              "Actual Startup Time": 167.443,
                              "Actual Total Time": 167.444,
                              "Actual Rows": 110407,
                              "Actual Loops": 3,
                              "Hash Buckets": 524288,
                              "Original Hash Buckets": 262144,
                              "Hash Batches": 1,
                              "Original Hash Batches": 1,
                              "Peak Memory Usage": 19168,
                              "Plans": [
                                {
                                  "Node Type": "Seq Scan",
                                  "Parent Relationship": "Outer",
                                  "Parallel Aware": true,
                                  "Relation Name": "title",
                                  "Alias": "t",
                                  "Startup Cost": 0.0,
                                  "Total Cost": 45479.1,
                                  "Plan Rows": 49348,
                                  "Plan Width": 4,
                                  "Actual Startup Time": 72.9,
                                  "Actual Total Time": 126.688,
                                  "Actual Rows": 110407,
                                  "Actual Loops": 3,
                                  "Filter": "((production_year < 1993) AND (kind_id = 1))",
                                  "Rows Removed by Filter": 732363
                                }
                              ]
                            }
                          ]
                        }
                      ]
                    }
                  ]
                }
              ]
            }
          ]
        }
      ]
    },
    "Planning Time": 1.306,
    "Triggers": [],
    "Execution Time": 925.642
  }
]