[
  {
    "Plan": {
      "Node Type": "Aggregate",
      "Strategy": "Plain",
      "Partial Mode": "Finalize",
      "Parallel Aware": false,
      "Startup Cost": 336330.96,
      "Total Cost": 336330.97,
      "Plan Rows": 1,
      "Plan Width": 8,
      "Actual Startup Time": 671.42,
      "Actual Total Time": 726.888,
      "Actual Rows": 1,
      "Actual Loops": 1,
      "Plans": [
        {
          "Node Type": "Gather",
          "Parent Relationship": "Outer",
          "Parallel Aware": false,
          "Startup Cost": 336330.33,
          "Total Cost": 336330.94,
          "Plan Rows": 6,
          "Plan Width": 8,
          "Actual Startup Time": 671.3,
          "Actual Total Time": 726.877,
          "Actual Rows": 7,
          "Actual Loops": 1,
          "Workers Planned": 6,
          "Workers Launched": 6,
          "Single Copy": false,
          "Plans": [
            {
              "Node Type": "Aggregate",
              "Strategy": "Plain",
              "Partial Mode": "Partial",
              "Parent Relationship": "Outer",
              "Parallel Aware": false,
              "Startup Cost": 335330.33,
              "Total Cost": 335330.34,
              "Plan Rows": 1,
              "Plan Width": 8,
              "Actual Startup Time": 661.769,
              "Actual Total Time": 661.77,
              "Actual Rows": 1,
              "Actual Loops": 7,
              "Plans": [
                {
                  "Node Type": "Seq Scan",
                  "Parent Relationship": "Outer",
                  "Parallel Aware": true,
                  "Relation Name": "cast_info",
                  "Alias": "ci",
                  "Startup Cost": 0.0,
                  "Total Cost": 328162.03,
                  "Plan Rows": 2867322,
                  "Plan Width": 0,
                  "Actual Startup Time": 200.032,
                  "Actual Total Time": 562.193,
                  "Actual Rows": 2449140,
                  "Actual Loops": 7,
                  "Filter": "(person_id > 1907525)",
                  "Rows Removed by Filter": 2728623
                }
              ]
            }
          ]
        }
      ]
    },
    "Planning Time": 0.242,
    "Triggers": [],
    "Execution Time": 726.962
  }
]