[
  {
    "Plan": {
      "Node Type": "Aggregate",
      "Strategy": "Plain",
      "Partial Mode": "Finalize",
      "Parallel Aware": false,
      "Startup Cost": 206316.07,
      "Total Cost": 206316.08,
      "Plan Rows": 1,
      "Plan Width": 8,
      "Actual Startup Time": 443.491,
      "Actual Total Time": 477.993,
      "Actual Rows": 1,
      "Actual Loops": 1,
      "Plans": [
        {
          "Node Type": "Gather",
          "Parent Relationship": "Outer",
          "Parallel Aware": false,
          "Startup Cost": 206315.55,
          "Total Cost": 206316.06,
          "Plan Rows": 5,
          "Plan Width": 8,
          "Actual Startup Time": 443.378,
          "Actual Total Time": 477.985,
          "Actual Rows": 6,
          "Actual Loops": 1,
          "Workers Planned": 5,
          "Workers Launched": 5,
          "Single Copy": false,
          "Plans": [
            {
              "Node Type": "Aggregate",
              "Strategy": "Plain",
              "Partial Mode": "Partial",
              "Parent Relationship": "Outer",
              "Parallel Aware": false,
              "Startup Cost": 205315.55,
              "Total Cost": 205315.56,
              "Plan Rows": 1,
              "Plan Width": 8,
              "Actual Startup Time": 434.354,
              "Actual Total Time": 434.355,
              "Actual Rows": 1,
              "Actual Loops": 6,
              "Plans": [
                {
                  "Node Type": "Seq Scan",
                  "Parent Relationship": "Outer",
                  "Parallel Aware": true,
                  "Relation Name": "movie_info",
                  "Alias": "mi",
                  "Startup Cost": 0.0,
                  "Total Cost": 198952.16,
                  "Plan Rows": 2545353,
                  "Plan Width": 0,
                  "Actual Startup Time": 0.057,
                  "Actual Total Time": 345.147,
                  "Actual Rows": 2124109,
                  "Actual Loops": 6,
                  "Filter": "(info_type_id > 2)",
                  "Rows Removed by Filter": 348511
                }
              ]
            }
          ]
        }
      ]
    },
    "Planning Time": 0.095,
    "Triggers": [],
    "Execution Time": 478.037
  }
]