{
  "Plan": {
    "Node Type": "Aggregate",
    "Strategy": "Plain",
    "Partial Mode": "Finalize",
    "Parallel Aware": false,
    "Startup Cost": 310591.45,
    "Total Cost": 310591.46,
    "Plan Rows": 1,
    "Plan Width": 8,
    "Actual Startup Time": 1970.457,
    "Actual Total Time": 1994.008,
    "Actual Rows": 1,
    "Actual Loops": 1,
    "Plans": [
      {
        "Node Type": "Gather",
        "Parent Relationship": "Outer",
        "Parallel Aware": false,
        "Startup Cost": 310591.34,
        "Total Cost": 310591.45,
        "Plan Rows": 1,
        "Plan Width": 8,
        "Actual Startup Time": 1964.316,
        "Actual Total Time": 1993.996,
        "Actual Rows": 2,
        "Actual Loops": 1,
        "Workers Planned": 1,
        "Workers Launched": 1,
        "Single Copy": false,
        "Plans": [
          {
            "Node Type": "Aggregate",
            "Strategy": "Plain",
            "Partial Mode": "Partial",
            "Parent Relationship": "Outer",
            "Parallel Aware": false,
            "Startup Cost": 309591.34,
            "Total Cost": 309591.35,
            "Plan Rows": 1,
            "Plan Width": 8,
            "Actual Startup Time": 1950.685,
            "Actual Total Time": 1950.696,
            "Actual Rows": 1,
            "Actual Loops": 2,
            "Plans": [
              {
                "Node Type": "Hash Join",
                "Parent Relationship": "Outer",
                "Parallel Aware": true,
                "Join Type": "Inner",
                "Startup Cost": 246790.23,
                "Total Cost": 309067.47,
                "Plan Rows": 209548,
                "Plan Width": 0,
                "Actual Startup Time": 654.253,
                "Actual Total Time": 1598.948,
                "Actual Rows": 7081104,
                "Actual Loops": 2,
                "Inner Unique": false,
                "Hash Cond": "(mk.movie_id = t.id)",
                "Plans": [
                  {
                    "Node Type": "Seq Scan",
                    "Parent Relationship": "Outer",
                    "Parallel Aware": true,
                    "Relation Name": "movie_keyword",
                    "Alias": "mk",
                    "Startup Cost": 0.0,
                    "Total Cost": 51065.35,
                    "Plan Rows": 2661135,
                    "Plan Width": 4,
                    "Actual Startup Time": 0.016,
                    "Actual Total Time": 176.808,
                    "Actual Rows": 2261965,
                    "Actual Loops": 2
                  },
                  {
                    "Node Type": "Hash",
                    "Parent Relationship": "Inner",
                    "Parallel Aware": true,
                    "Startup Cost": 245326.35,
                    "Total Cost": 245326.35,
                    "Plan Rows": 117110,
                    "Plan Width": 8,
                    "Actual Startup Time": 650.709,
                    "Actual Total Time": 650.717,
                    "Actual Rows": 90056,
                    "Actual Loops": 2,
                    "Hash Buckets": 262144,
                    "Original Hash Buckets": 262144,
                    "Hash Batches": 1,
                    "Original Hash Batches": 1,
                    "Peak Memory Usage": 9120,
                    "Plans": [
                      {
                        "Node Type": "Hash Join",
                        "Parent Relationship": "Outer",
                        "Parallel Aware": true,
                        "Join Type": "Inner",
                        "Startup Cost": 73068.06,
                        "Total Cost": 245326.35,
                        "Plan Rows": 117110,
                        "Plan Width": 8,
                        "Actual Startup Time": 585.786,
                        "Actual Total Time": 632.931,
                        "Actual Rows": 90056,
                        "Actual Loops": 2,
                        "Inner Unique": true,
                        "Hash Cond": "(mi.movie_id = t.id)",
                        "Plans": [
                          {
                            "Node Type": "Bitmap Heap Scan",
                            "Parent Relationship": "Outer",
                            "Parallel Aware": true,
                            "Relation Name": "movie_info",
                            "Alias": "mi",
                            "Startup Cost": 3607.36,
                            "Total Cost": 175558.24,
                            "Plan Rows": 117110,
                            "Plan Width": 4,
                            "Actual Startup Time": 10.33,
                            "Actual Total Time": 28.839,
                            "Actual Rows": 90056,
                            "Actual Loops": 2,
                            "Recheck Cond": "(info_type_id = 13)",
                            "Rows Removed by Index Recheck": 0,
                            "Exact Heap Blocks": 3201,
                            "Lossy Heap Blocks": 0,
                            "Plans": [
                              {
                                "Node Type": "Bitmap Index Scan",
                                "Parent Relationship": "Outer",
                                "Parallel Aware": false,
                                "Index Name": "info_type_id_movie_info",
                                "Startup Cost": 0.0,
                                "Total Cost": 3557.59,
                                "Plan Rows": 199087,
                                "Plan Width": 0,
                                "Actual Startup Time": 9.419,
                                "Actual Total Time": 9.42,
                                "Actual Rows": 180112,
                                "Actual Loops": 1,
                                "Index Cond": "(info_type_id = 13)"
                              }
                            ]
                          },
                          {
                            "Node Type": "Hash",
                            "Parent Relationship": "Inner",
                            "Parallel Aware": true,
                            "Startup Cost": 50870.31,
                            "Total Cost": 50870.31,
                            "Plan Rows": 1487231,
                            "Plan Width": 4,
                            "Actual Startup Time": 556.843,
                            "Actual Total Time": 556.845,
                            "Actual Rows": 1264156,
                            "Actual Loops": 2,
                            "Hash Buckets": 4194304,
                            "Original Hash Buckets": 4194304,
                            "Hash Batches": 1,
                            "Original Hash Batches": 1,
                            "Peak Memory Usage": 131680,
                            "Plans": [
                              {
                                "Node Type": "Seq Scan",
                                "Parent Relationship": "Outer",
                                "Parallel Aware": true,
                                "Relation Name": "title",
                                "Alias": "t",
                                "Startup Cost": 0.0,
                                "Total Cost": 50870.31,
                                "Plan Rows": 1487231,
                                "Plan Width": 4,
                                "Actual Startup Time": 0.033,
                                "Actual Total Time": 158.892,
                                "Actual Rows": 1264156,
                                "Actual Loops": 2
                              }
                            ]
                          }
                        ]
                      }
                    ]
                  }
                ]
              }
            ]
          }
        ]
      }
    ]
  },
  "Planning Time": 1.062,
  "Triggers": [],
  "Execution Time": 1994.112
}