{
    "Plan": {
        "Node Type": "Aggregate",
        "Strategy": "Plain",
        "Partial Mode": "Finalize",
        "Parallel Aware": false,
        "Startup Cost": 166378.97,
        "Total Cost": 166378.98,
        "Plan Rows": 1,
        "Plan Width": 8,
        "Actual Startup Time": 380.769,
        "Actual Total Time": 407.517,
        "Actual Rows": 1,
        "Actual Loops": 1,
        "Output": [
            "count(*)"
        ],
        "Plans": [
            {
                "Node Type": "Gather",
                "Parent Relationship": "Outer",
                "Parallel Aware": false,
                "Startup Cost": 166378.65,
                "Total Cost": 166378.96,
                "Plan Rows": 3,
                "Plan Width": 8,
                "Actual Startup Time": 380.36,
                "Actual Total Time": 407.507,
                "Actual Rows": 4,
                "Actual Loops": 1,
                "Output": [
                    "(PARTIAL count(*))"
                ],
                "Workers Planned": 3,
                "Workers Launched": 3,
                "Single Copy": false,
                "Plans": [
                    {
                        "Node Type": "Aggregate",
                        "Strategy": "Plain",
                        "Partial Mode": "Partial",
                        "Parent Relationship": "Outer",
                        "Parallel Aware": false,
                        "Startup Cost": 165378.65,
                        "Total Cost": 165378.66,
                        "Plan Rows": 1,
                        "Plan Width": 8,
                        "Actual Startup Time": 372.376,
                        "Actual Total Time": 372.38,
                        "Actual Rows": 1,
                        "Actual Loops": 4,
                        "Output": [
                            "PARTIAL count(*)"
                        ],
                        "Workers": [
                            {
                                "Worker Number": 0,
                                "Actual Startup Time": 368.582,
                                "Actual Total Time": 368.587,
                                "Actual Rows": 1,
                                "Actual Loops": 1
                            },
                            {
                                "Worker Number": 1,
                                "Actual Startup Time": 372.551,
                                "Actual Total Time": 372.555,
                                "Actual Rows": 1,
                                "Actual Loops": 1
                            },
                            {
                                "Worker Number": 2,
                                "Actual Startup Time": 368.748,
                                "Actual Total Time": 368.752,
                                "Actual Rows": 1,
                                "Actual Loops": 1
                            }
                        ],
                        "Plans": [
                            {
                                "Node Type": "Nested Loop",
                                "Parent Relationship": "Outer",
                                "Parallel Aware": false,
                                "Join Type": "Inner",
                                "Startup Cost": 45709.24,
                                "Total Cost": 164759.91,
                                "Plan Rows": 247495,
                                "Plan Width": 0,
                                "Actual Startup Time": 108.275,
                                "Actual Total Time": 367.611,
                                "Actual Rows": 110168,
                                "Actual Loops": 4,
                                "Inner Unique": false,
                                "Join Filter": "(t.id = mi.movie_id)",
                                "Rows Removed by Join Filter": 0,
                                "Workers": [
                                    {
                                        "Worker Number": 0,
                                        "Actual Startup Time": 104.527,
                                        "Actual Total Time": 364.191,
                                        "Actual Rows": 96641,
                                        "Actual Loops": 1
                                    },
                                    {
                                        "Worker Number": 1,
                                        "Actual Startup Time": 108.572,
                                        "Actual Total Time": 367.625,
                                        "Actual Rows": 109384,
                                        "Actual Loops": 1
                                    },
                                    {
                                        "Worker Number": 2,
                                        "Actual Startup Time": 104.593,
                                        "Actual Total Time": 364.143,
                                        "Actual Rows": 109906,
                                        "Actual Loops": 1
                                    }
                                ],
                                "Plans": [
                                    {
                                        "Node Type": "Hash Join",
                                        "Parent Relationship": "Outer",
                                        "Parallel Aware": true,
                                        "Join Type": "Inner",
                                        "Startup Cost": 45708.81,
                                        "Total Cost": 88586.89,
                                        "Plan Rows": 42409,
                                        "Plan Width": 8,
                                        "Actual Startup Time": 108.166,
                                        "Actual Total Time": 297.315,
                                        "Actual Rows": 10485,
                                        "Actual Loops": 4,
                                        "Output": [
                                            "t.id",
                                            "mk.movie_id"
                                        ],
                                        "Inner Unique": true,
                                        "Hash Cond": "(mk.movie_id = t.id)",
                                        "Workers": [
                                            {
                                                "Worker Number": 0,
                                                "Actual Startup Time": 104.381,
                                                "Actual Total Time": 296.088,
                                                "Actual Rows": 9346,
                                                "Actual Loops": 1
                                            },
                                            {
                                                "Worker Number": 1,
                                                "Actual Startup Time": 108.457,
                                                "Actual Total Time": 294.625,
                                                "Actual Rows": 9658,
                                                "Actual Loops": 1
                                            },
                                            {
                                                "Worker Number": 2,
                                                "Actual Startup Time": 104.451,
                                                "Actual Total Time": 291.977,
                                                "Actual Rows": 10288,
                                                "Actual Loops": 1
                                            }
                                        ],
                                        "Plans": [
                                            {
                                                "Node Type": "Seq Scan",
                                                "Parent Relationship": "Outer",
                                                "Parallel Aware": true,
                                                "Relation Name": "movie_keyword",
                                                "Schema": "public",
                                                "Alias": "mk",
                                                "Startup Cost": 0.0,
                                                "Total Cost": 39047.32,
                                                "Plan Rows": 1459332,
                                                "Plan Width": 4,
                                                "Actual Startup Time": 0.02,
                                                "Actual Total Time": 101.459,
                                                "Actual Rows": 1130982,
                                                "Actual Loops": 4,
                                                "Output": [
                                                    "mk.id",
                                                    "mk.movie_id",
                                                    "mk.keyword_id"
                                                ],
                                                "Workers": [
                                                    {
                                                        "Worker Number": 0,
                                                        "Actual Startup Time": 0.021,
                                                        "Actual Total Time": 105.759,
                                                        "Actual Rows": 1055055,
                                                        "Actual Loops": 1
                                                    },
                                                    {
                                                        "Worker Number": 1,
                                                        "Actual Startup Time": 0.034,
                                                        "Actual Total Time": 103.214,
                                                        "Actual Rows": 1036555,
                                                        "Actual Loops": 1
                                                    },
                                                    {
                                                        "Worker Number": 2,
                                                        "Actual Startup Time": 0.016,
                                                        "Actual Total Time": 104.848,
                                                        "Actual Rows": 1071890,
                                                        "Actual Loops": 1
                                                    }
                                                ]
                                            },
                                            {
                                                "Node Type": "Hash",
                                                "Parent Relationship": "Inner",
                                                "Parallel Aware": true,
                                                "Startup Cost": 45479.21,
                                                "Total Cost": 45479.21,
                                                "Plan Rows": 18368,
                                                "Plan Width": 4,
                                                "Actual Startup Time": 106.738,
                                                "Actual Total Time": 106.739,
                                                "Actual Rows": 21027,
                                                "Actual Loops": 4,
                                                "Output": [
                                                    "t.id"
                                                ],
                                                "Hash Buckets": 131072,
                                                "Original Hash Buckets": 131072,
                                                "Hash Batches": 1,
                                                "Original Hash Batches": 1,
                                                "Peak Memory Usage": 4384,
                                                "Workers": [
                                                    {
                                                        "Worker Number": 0,
                                                        "Actual Startup Time": 103.879,
                                                        "Actual Total Time": 103.88,
                                                        "Actual Rows": 17300,
                                                        "Actual Loops": 1
                                                    },
                                                    {
                                                        "Worker Number": 1,
                                                        "Actual Startup Time": 107.976,
                                                        "Actual Total Time": 107.977,
                                                        "Actual Rows": 18334,
                                                        "Actual Loops": 1
                                                    },
                                                    {
                                                        "Worker Number": 2,
                                                        "Actual Startup Time": 103.969,
                                                        "Actual Total Time": 103.97,
                                                        "Actual Rows": 17914,
                                                        "Actual Loops": 1
                                                    }
                                                ],
                                                "Plans": [
                                                    {
                                                        "Node Type": "Seq Scan",
                                                        "Parent Relationship": "Outer",
                                                        "Parallel Aware": true,
                                                        "Relation Name": "title",
                                                        "Schema": "public",
                                                        "Alias": "t",
                                                        "Startup Cost": 0.0,
                                                        "Total Cost": 45479.21,
                                                        "Plan Rows": 18368,
                                                        "Plan Width": 4,
                                                        "Actual Startup Time": 0.055,
                                                        "Actual Total Time": 97.892,
                                                        "Actual Rows": 21027,
                                                        "Actual Loops": 4,
                                                        "Output": [
                                                            "t.id"
                                                        ],
                                                        "Filter": "((t.kind_id = 7) AND (t.production_year = 2008))",
                                                        "Rows Removed by Filter": 611051,
                                                        "Workers": [
                                                            {
                                                                "Worker Number": 0,
                                                                "Actual Startup Time": 0.083,
                                                                "Actual Total Time": 95.903,
                                                                "Actual Rows": 17300,
                                                                "Actual Loops": 1
                                                            },
                                                            {
                                                                "Worker Number": 1,
                                                                "Actual Startup Time": 0.049,
                                                                "Actual Total Time": 99.035,
                                                                "Actual Rows": 18334,
                                                                "Actual Loops": 1
                                                            },
                                                            {
                                                                "Worker Number": 2,
                                                                "Actual Startup Time": 0.064,
                                                                "Actual Total Time": 96.193,
                                                                "Actual Rows": 17914,
                                                                "Actual Loops": 1
                                                            }
                                                        ]
                                                    }
                                                ]
                                            }
                                        ]
                                    },
                                    {
                                        "Node Type": "Index Only Scan",
                                        "Parent Relationship": "Inner",
                                        "Parallel Aware": false,
                                        "Scan Direction": "Forward",
                                        "Index Name": "movie_id_movie_info",
                                        "Relation Name": "movie_info",
                                        "Schema": "public",
                                        "Alias": "mi",
                                        "Startup Cost": 0.43,
                                        "Total Cost": 1.31,
                                        "Plan Rows": 39,
                                        "Plan Width": 4,
                                        "Actual Startup Time": 0.002,
                                        "Actual Total Time": 0.006,
                                        "Actual Rows": 11,
                                        "Actual Loops": 41941,
                                        "Output": [
                                            "mi.movie_id"
                                        ],
                                        "Index Cond": "(mi.movie_id = mk.movie_id)",
                                        "Rows Removed by Index Recheck": 0,
                                        "Heap Fetches": 440671,
                                        "Workers": [
                                            {
                                                "Worker Number": 0,
                                                "Actual Startup Time": 0.003,
                                                "Actual Total Time": 0.006,
                                                "Actual Rows": 10,
                                                "Actual Loops": 9346
                                            },
                                            {
                                                "Worker Number": 1,
                                                "Actual Startup Time": 0.003,
                                                "Actual Total Time": 0.006,
                                                "Actual Rows": 11,
                                                "Actual Loops": 9658
                                            },
                                            {
                                                "Worker Number": 2,
                                                "Actual Startup Time": 0.003,
                                                "Actual Total Time": 0.006,
                                                "Actual Rows": 11,
                                                "Actual Loops": 10288
                                            }
                                        ]
                                    }
                                ]
                            }
                        ]
                    }
                ]
            }
        ]
    },
    "Planning Time": 1.523,
    "Triggers": [],
    "Execution Time": 407.611
}