{
  "Plan": {
    "Node Type": "Aggregate",
    "Strategy": "Plain",
    "Partial Mode": "Finalize",
    "Parallel Aware": false,
    "Startup Cost": 2765979.87,
    "Total Cost": 2765979.88,
    "Plan Rows": 1,
    "Plan Width": 8,
    "Actual Startup Time": 27468.962,
    "Actual Total Time": 27723.289,
    "Actual Rows": 1,
    "Actual Loops": 1,
    "Plans": [
      {
        "Node Type": "Gather",
        "Parent Relationship": "Outer",
        "Parallel Aware": false,
        "Startup Cost": 2765979.76,
        "Total Cost": 2765979.87,
        "Plan Rows": 1,
        "Plan Width": 8,
        "Actual Startup Time": 27441.689,
        "Actual Total Time": 27723.278,
        "Actual Rows": 2,
        "Actual Loops": 1,
        "Workers Planned": 1,
        "Workers Launched": 1,
        "Single Copy": false,
        "Plans": [
          {
            "Node Type": "Aggregate",
            "Strategy": "Plain",
            "Partial Mode": "Partial",
            "Parent Relationship": "Outer",
            "Parallel Aware": false,
            "Startup Cost": 2764979.76,
            "Total Cost": 2764979.77,
            "Plan Rows": 1,
            "Plan Width": 8,
            "Actual Startup Time": 27363.8,
            "Actual Total Time": 27363.817,
            "Actual Rows": 1,
            "Actual Loops": 2,
            "Plans": [
              {
                "Node Type": "Hash Join",
                "Parent Relationship": "Outer",
                "Parallel Aware": true,
                "Join Type": "Inner",
                "Startup Cost": 2565017.61,
                "Total Cost": 2730972.63,
                "Plan Rows": 13602850,
                "Plan Width": 0,
                "Actual Startup Time": 22663.321,
                "Actual Total Time": 25715.108,
                "Actual Rows": 40235636,
                "Actual Loops": 2,
                "Inner Unique": false,
                "Hash Cond": "(mk.movie_id = t.id)",
                "Plans": [
                  {
                    "Node Type": "Seq Scan",
                    "Parent Relationship": "Outer",
                    "Parallel Aware": true,
                    "Relation Name": "movie_keyword",
                    "Alias": "mk",
                    "Startup Cost": 0.0,
                    "Total Cost": 57718.19,
                    "Plan Rows": 981568,
                    "Plan Width": 4,
                    "Actual Startup Time": 0.694,
                    "Actual Total Time": 178.255,
                    "Actual Rows": 837794,
                    "Actual Loops": 2,
                    "Filter": "(keyword_id > 8688)",
                    "Rows Removed by Filter": 1424172
                  },
                  {
                    "Node Type": "Hash",
                    "Parent Relationship": "Inner",
                    "Parallel Aware": true,
                    "Startup Cost": 2307386.74,
                    "Total Cost": 2307386.74,
                    "Plan Rows": 20610470,
                    "Plan Width": 8,
                    "Actual Startup Time": 22479.833,
                    "Actual Total Time": 22479.836,
                    "Actual Rows": 17910124,
                    "Actual Loops": 2,
                    "Hash Buckets": 67108864,
                    "Original Hash Buckets": 67108864,
                    "Hash Batches": 1,
                    "Original Hash Batches": 1,
                    "Peak Memory Usage": 1925600,
                    "Plans": [
                      {
                        "Node Type": "Merge Join",
                        "Parent Relationship": "Outer",
                        "Parallel Aware": false,
                        "Join Type": "Inner",
                        "Startup Cost": 42.96,
                        "Total Cost": 2307386.74,
                        "Plan Rows": 20610470,
                        "Plan Width": 8,
                        "Actual Startup Time": 0.361,
                        "Actual Total Time": 18546.651,
                        "Actual Rows": 17910124,
                        "Actual Loops": 2,
                        "Inner Unique": true,
                        "Merge Cond": "(ci.movie_id = t.id)",
                        "Plans": [
                          {
                            "Node Type": "Index Only Scan",
                            "Parent Relationship": "Outer",
                            "Parallel Aware": true,
                            "Scan Direction": "Forward",
                            "Index Name": "movie_id_cast_info",
                            "Relation Name": "cast_info",
                            "Alias": "ci",
                            "Startup Cost": 0.56,
                            "Total Cost": 1925345.15,
                            "Plan Rows": 21310595,
                            "Plan Width": 4,
                            "Actual Startup Time": 0.142,
                            "Actual Total Time": 14747.854,
                            "Actual Rows": 18122172,
                            "Actual Loops": 2,
                            "Heap Fetches": 36244344
                          },
                          {
                            "Node Type": "Index Scan",
                            "Parent Relationship": "Inner",
                            "Parallel Aware": false,
                            "Scan Direction": "Forward",
                            "Index Name": "title_pkey",
                            "Relation Name": "title",
                            "Alias": "t",
                            "Startup Cost": 0.43,
                            "Total Cost": 116660.7,
                            "Plan Rows": 2445230,
                            "Plan Width": 4,
                            "Actual Startup Time": 0.109,
                            "Actual Total Time": 1716.879,
                            "Actual Rows": 2441224,
                            "Actual Loops": 2,
                            "Filter": "(production_year > 1903)",
                            "Rows Removed by Filter": 84740
                          }
                        ]
                      }
                    ]
                  }
                ]
              }
            ]
          }
        ]
      }
    ]
  },
  "Planning Time": 0.828,
  "Triggers": [],
  "Execution Time": 27723.376
}