{
  "Plan": {
    "Node Type": "Aggregate",
    "Strategy": "Plain",
    "Partial Mode": "Finalize",
    "Parallel Aware": false,
    "Startup Cost": 686321.71,
    "Total Cost": 686321.72,
    "Plan Rows": 1,
    "Plan Width": 8,
    "Actual Startup Time": 7433.258,
    "Actual Total Time": 7506.472,
    "Actual Rows": 1,
    "Actual Loops": 1,
    "Plans": [
      {
        "Node Type": "Gather",
        "Parent Relationship": "Outer",
        "Parallel Aware": false,
        "Startup Cost": 686321.59,
        "Total Cost": 686321.7,
        "Plan Rows": 1,
        "Plan Width": 8,
        "Actual Startup Time": 7428.651,
        "Actual Total Time": 7506.459,
        "Actual Rows": 2,
        "Actual Loops": 1,
        "Workers Planned": 1,
        "Workers Launched": 1,
        "Single Copy": false,
        "Plans": [
          {
            "Node Type": "Aggregate",
            "Strategy": "Plain",
            "Partial Mode": "Partial",
            "Parent Relationship": "Outer",
            "Parallel Aware": false,
            "Startup Cost": 685321.59,
            "Total Cost": 685321.6,
            "Plan Rows": 1,
            "Plan Width": 8,
            "Actual Startup Time": 7422.822,
            "Actual Total Time": 7423.755,
            "Actual Rows": 1,
            "Actual Loops": 2,
            "Plans": [
              {
                "Node Type": "Hash Join",
                "Parent Relationship": "Outer",
                "Parallel Aware": true,
                "Join Type": "Inner",
                "Startup Cost": 115293.1,
                "Total Cost": 678068.02,
                "Plan Rows": 2901428,
                "Plan Width": 0,
                "Actual Startup Time": 650.242,
                "Actual Total Time": 6735.775,
                "Actual Rows": 16707080,
                "Actual Loops": 2,
                "Inner Unique": false,
                "Hash Cond": "(ci.movie_id = t.id)",
                "Plans": [
                  {
                    "Node Type": "Seq Scan",
                    "Parent Relationship": "Outer",
                    "Parallel Aware": true,
                    "Relation Name": "cast_info",
                    "Alias": "ci",
                    "Startup Cost": 0.0,
                    "Total Cost": 465792.95,
                    "Plan Rows": 21310595,
                    "Plan Width": 4,
                    "Actual Startup Time": 0.016,
                    "Actual Total Time": 1391.766,
                    "Actual Rows": 18122172,
                    "Actual Loops": 2
                  },
                  {
                    "Node Type": "Hash",
                    "Parent Relationship": "Inner",
                    "Parallel Aware": true,
                    "Startup Cost": 112762.02,
                    "Total Cost": 112762.02,
                    "Plan Rows": 202486,
                    "Plan Width": 8,
                    "Actual Startup Time": 644.905,
                    "Actual Total Time": 645.836,
                    "Actual Rows": 390968,
                    "Actual Loops": 2,
                    "Hash Buckets": 1048576,
                    "Original Hash Buckets": 524288,
                    "Hash Batches": 1,
                    "Original Hash Batches": 1,
                    "Peak Memory Usage": 42912,
                    "Plans": [
                      {
                        "Node Type": "Hash Join",
                        "Parent Relationship": "Outer",
                        "Parallel Aware": true,
                        "Join Type": "Inner",
                        "Startup Cost": 80497.92,
                        "Total Cost": 112762.02,
                        "Plan Rows": 202486,
                        "Plan Width": 8,
                        "Actual Startup Time": 336.749,
                        "Actual Total Time": 555.906,
                        "Actual Rows": 390968,
                        "Actual Loops": 2,
                        "Inner Unique": true,
                        "Hash Cond": "(mk.movie_id = t.id)",
                        "Plans": [
                          {
                            "Node Type": "Bitmap Heap Scan",
                            "Parent Relationship": "Outer",
                            "Parallel Aware": true,
                            "Relation Name": "movie_keyword",
                            "Alias": "mk",
                            "Startup Cost": 18619.61,
                            "Total Cost": 49528.25,
                            "Plan Rows": 516371,
                            "Plan Width": 4,
                            "Actual Startup Time": 59.889,
                            "Actual Total Time": 151.492,
                            "Actual Rows": 445113,
                            "Actual Loops": 2,
                            "Recheck Cond": "(keyword_id < 843)",
                            "Rows Removed by Index Recheck": 0,
                            "Exact Heap Blocks": 13211,
                            "Lossy Heap Blocks": 0,
                            "Plans": [
                              {
                                "Node Type": "Bitmap Index Scan",
                                "Parent Relationship": "Outer",
                                "Parallel Aware": false,
                                "Index Name": "keyword_id_movie_keyword",
                                "Startup Cost": 0.0,
                                "Total Cost": 18400.16,
                                "Plan Rows": 877830,
                                "Plan Width": 0,
                                "Actual Startup Time": 56.063,
                                "Actual Total Time": 56.063,
                                "Actual Rows": 890226,
                                "Actual Loops": 1,
                                "Index Cond": "(keyword_id < 843)"
                              }
                            ]
                          },
                          {
                            "Node Type": "Hash",
                            "Parent Relationship": "Inner",
                            "Parallel Aware": true,
                            "Startup Cost": 54588.39,
                            "Total Cost": 54588.39,
                            "Plan Rows": 583193,
                            "Plan Width": 4,
                            "Actual Startup Time": 270.421,
                            "Actual Total Time": 270.422,
                            "Actual Rows": 492524,
                            "Actual Loops": 2,
                            "Hash Buckets": 1048576,
                            "Original Hash Buckets": 1048576,
                            "Hash Batches": 1,
                            "Original Hash Batches": 1,
                            "Peak Memory Usage": 46752,
                            "Plans": [
                              {
                                "Node Type": "Seq Scan",
                                "Parent Relationship": "Outer",
                                "Parallel Aware": true,
                                "Relation Name": "title",
                                "Alias": "t",
                                "Startup Cost": 0.0,
                                "Total Cost": 54588.39,
                                "Plan Rows": 583193,
                                "Plan Width": 4,
                                "Actual Startup Time": 0.039,
                                "Actual Total Time": 153.267,
                                "Actual Rows": 492524,
                                "Actual Loops": 2,
                                "Filter": "(kind_id < 7)",
                                "Rows Removed by Filter": 771632
                              }
                            ]
                          }
                        ]
                      }
                    ]
                  }
                ]
              }
            ]
          }
        ]
      }
    ]
  },
  "Planning Time": 0.922,
  "Triggers": [],
  "Execution Time": 7506.595
}