[
  {
    "Plan": {
      "Node Type": "Aggregate",
      "Strategy": "Plain",
      "Partial Mode": "Finalize",
      "Parallel Aware": false,
      "Startup Cost": 45216.35,
      "Total Cost": 45216.36,
      "Plan Rows": 1,
      "Plan Width": 8,
      "Actual Startup Time": 142.567,
      "Actual Total Time": 151.755,
      "Actual Rows": 1,
      "Actual Loops": 1,
      "Plans": [
        {
          "Node Type": "Gather",
          "Parent Relationship": "Outer",
          "Parallel Aware": false,
          "Startup Cost": 45216.03,
          "Total Cost": 45216.34,
          "Plan Rows": 3,
          "Plan Width": 8,
          "Actual Startup Time": 142.442,
          "Actual Total Time": 151.746,
          "Actual Rows": 4,
          "Actual Loops": 1,
          "Workers Planned": 3,
          "Workers Launched": 3,
          "Single Copy": false,
          "Plans": [
            {
              "Node Type": "Aggregate",
              "Strategy": "Plain",
              "Partial Mode": "Partial",
              "Parent Relationship": "Outer",
              "Parallel Aware": false,
              "Startup Cost": 44216.03,
              "Total Cost": 44216.04,
              "Plan Rows": 1,
              "Plan Width": 8,
              "Actual Startup Time": 135.676,
              "Actual Total Time": 135.677,
              "Actual Rows": 1,
              "Actual Loops": 4,
              "Plans": [
                {
                  "Node Type": "Seq Scan",
                  "Parent Relationship": "Outer",
                  "Parallel Aware": true,
                  "Relation Name": "movie_keyword",
                  "Alias": "mk",
                  "Startup Cost": 0.0,
                  "Total Cost": 42695.65,
                  "Plan Rows": 608152,
                  "Plan Width": 0,
                  "Actual Startup Time": 0.079,
                  "Actual Total Time": 112.902,
                  "Actual Rows": 472401,
                  "Actual Loops": 4,
                  "Filter": "(keyword_id < 3234)",
                  "Rows Removed by Filter": 658581
                }
              ]
            }
          ]
        }
      ]
    },
    "Planning Time": 0.179,
    "Triggers": [],
    "Execution Time": 151.809
  }
]