{
  "Plan": {
    "Node Type": "Aggregate",
    "Strategy": "Plain",
    "Partial Mode": "Finalize",
    "Parallel Aware": false,
    "Startup Cost": 738575.88,
    "Total Cost": 738575.89,
    "Plan Rows": 1,
    "Plan Width": 8,
    "Actual Startup Time": 7028.91,
    "Actual Total Time": 7084.232,
    "Actual Rows": 1,
    "Actual Loops": 1,
    "Plans": [
      {
        "Node Type": "Gather",
        "Parent Relationship": "Outer",
        "Parallel Aware": false,
        "Startup Cost": 738575.77,
        "Total Cost": 738575.88,
        "Plan Rows": 1,
        "Plan Width": 8,
        "Actual Startup Time": 7014.737,
        "Actual Total Time": 7084.214,
        "Actual Rows": 2,
        "Actual Loops": 1,
        "Workers Planned": 1,
        "Workers Launched": 1,
        "Single Copy": false,
        "Plans": [
          {
            "Node Type": "Aggregate",
            "Strategy": "Plain",
            "Partial Mode": "Partial",
            "Parent Relationship": "Outer",
            "Parallel Aware": false,
            "Startup Cost": 737575.77,
            "Total Cost": 737575.78,
            "Plan Rows": 1,
            "Plan Width": 8,
            "Actual Startup Time": 6996.563,
            "Actual Total Time": 6998.172,
            "Actual Rows": 1,
            "Actual Loops": 2,
            "Plans": [
              {
                "Node Type": "Hash Join",
                "Parent Relationship": "Outer",
                "Parallel Aware": true,
                "Join Type": "Inner",
                "Startup Cost": 620888.49,
                "Total Cost": 722964.77,
                "Plan Rows": 5844402,
                "Plan Width": 0,
                "Actual Startup Time": 4210.652,
                "Actual Total Time": 6162.878,
                "Actual Rows": 21238240,
                "Actual Loops": 2,
                "Inner Unique": false,
                "Hash Cond": "(mk.movie_id = t.id)",
                "Plans": [
                  {
                    "Node Type": "Seq Scan",
                    "Parent Relationship": "Outer",
                    "Parallel Aware": true,
                    "Relation Name": "movie_keyword",
                    "Alias": "mk",
                    "Startup Cost": 0.0,
                    "Total Cost": 51065.35,
                    "Plan Rows": 2661135,
                    "Plan Width": 4,
                    "Actual Startup Time": 0.012,
                    "Actual Total Time": 161.083,
                    "Actual Rows": 2261965,
                    "Actual Loops": 2
                  },
                  {
                    "Node Type": "Hash",
                    "Parent Relationship": "Inner",
                    "Parallel Aware": true,
                    "Startup Cost": 580060.17,
                    "Total Cost": 580060.17,
                    "Plan Rows": 3266266,
                    "Plan Width": 8,
                    "Actual Startup Time": 4176.634,
                    "Actual Total Time": 4178.24,
                    "Actual Rows": 2929612,
                    "Actual Loops": 2,
                    "Hash Buckets": 8388608,
                    "Original Hash Buckets": 8388608,
                    "Hash Batches": 1,
                    "Original Hash Batches": 1,
                    "Peak Memory Usage": 294784,
                    "Plans": [
                      {
                        "Node Type": "Hash Join",
                        "Parent Relationship": "Outer",
                        "Parallel Aware": true,
                        "Join Type": "Inner",
                        "Startup Cost": 252567.49,
                        "Total Cost": 580060.17,
                        "Plan Rows": 3266266,
                        "Plan Width": 8,
                        "Actual Startup Time": 949.407,
                        "Actual Total Time": 3178.212,
                        "Actual Rows": 2929612,
                        "Actual Loops": 2,
                        "Inner Unique": true,
                        "Hash Cond": "(ci.movie_id = t.id)",
                        "Plans": [
                          {
                            "Node Type": "Bitmap Heap Scan",
                            "Parent Relationship": "Outer",
                            "Parallel Aware": true,
                            "Relation Name": "cast_info",
                            "Alias": "ci",
                            "Startup Cost": 185701.85,
                            "Total Cost": 500211.7,
                            "Plan Rows": 4945828,
                            "Plan Width": 4,
                            "Actual Startup Time": 514.085,
                            "Actual Total Time": 999.872,
                            "Actual Rows": 4271700,
                            "Actual Loops": 2,
                            "Recheck Cond": "(person_id < 839750)",
                            "Rows Removed by Index Recheck": 0,
                            "Exact Heap Blocks": 44076,
                            "Lossy Heap Blocks": 0,
                            "Plans": [
                              {
                                "Node Type": "Bitmap Index Scan",
                                "Parent Relationship": "Outer",
                                "Parallel Aware": false,
                                "Index Name": "person_id_cast_info",
                                "Startup Cost": 0.0,
                                "Total Cost": 183599.88,
                                "Plan Rows": 8407908,
                                "Plan Width": 0,
                                "Actual Startup Time": 498.515,
                                "Actual Total Time": 498.516,
                                "Actual Rows": 8543401,
                                "Actual Loops": 1,
                                "Index Cond": "(person_id < 839750)"
                              }
                            ]
                          },
                          {
                            "Node Type": "Hash",
                            "Parent Relationship": "Inner",
                            "Parallel Aware": true,
                            "Startup Cost": 54588.39,
                            "Total Cost": 54588.39,
                            "Plan Rows": 982180,
                            "Plan Width": 4,
                            "Actual Startup Time": 429.335,
                            "Actual Total Time": 429.337,
                            "Actual Rows": 835646,
                            "Actual Loops": 2,
                            "Hash Buckets": 2097152,
                            "Original Hash Buckets": 2097152,
                            "Hash Batches": 1,
                            "Original Hash Batches": 1,
                            "Peak Memory Usage": 81792,
                            "Plans": [
                              {
                                "Node Type": "Seq Scan",
                                "Parent Relationship": "Outer",
                                "Parallel Aware": true,
                                "Relation Name": "title",
                                "Alias": "t",
                                "Startup Cost": 0.0,
                                "Total Cost": 54588.39,
                                "Plan Rows": 982180,
                                "Plan Width": 4,
                                "Actual Startup Time": 0.039,
                                "Actual Total Time": 185.301,
                                "Actual Rows": 835646,
                                "Actual Loops": 2,
                                "Filter": "(production_year < 2008)",
                                "Rows Removed by Filter": 428510
                              }
                            ]
                          }
                        ]
                      }
                    ]
                  }
                ]
              }
            ]
          }
        ]
      }
    ]
  },
  "Planning Time": 1.102,
  "Triggers": [],
  "Execution Time": 7084.344
}