[
  {
    "Plan": {
      "Node Type": "Aggregate",
      "Strategy": "Plain",
      "Partial Mode": "Finalize",
      "Parallel Aware": false,
      "Startup Cost": 246689.85,
      "Total Cost": 246689.86,
      "Plan Rows": 1,
      "Plan Width": 8,
      "Actual Startup Time": 854.128,
      "Actual Total Time": 901.071,
      "Actual Rows": 1,
      "Actual Loops": 1,
      "Plans": [
        {
          "Node Type": "Gather",
          "Parent Relationship": "Outer",
          "Parallel Aware": false,
          "Startup Cost": 246689.33,
          "Total Cost": 246689.84,
          "Plan Rows": 5,
          "Plan Width": 8,
          "Actual Startup Time": 852.454,
          "Actual Total Time": 901.061,
          "Actual Rows": 6,
          "Actual Loops": 1,
          "Workers Planned": 5,
          "Workers Launched": 5,
          "Single Copy": false,
          "Plans": [
            {
              "Node Type": "Aggregate",
              "Strategy": "Plain",
              "Partial Mode": "Partial",
              "Parent Relationship": "Outer",
              "Parallel Aware": false,
              "Startup Cost": 245689.33,
              "Total Cost": 245689.34,
              "Plan Rows": 1,
              "Plan Width": 8,
              "Actual Startup Time": 844.889,
              "Actual Total Time": 844.932,
              "Actual Rows": 1,
              "Actual Loops": 6,
              "Plans": [
                {
                  "Node Type": "Hash Join",
                  "Parent Relationship": "Outer",
                  "Parallel Aware": true,
                  "Join Type": "Inner",
                  "Startup Cost": 45856.15,
                  "Total Cost": 245335.55,
                  "Plan Rows": 141509,
                  "Plan Width": 0,
                  "Actual Startup Time": 116.484,
                  "Actual Total Time": 820.651,
                  "Actual Rows": 515094,
                  "Actual Loops": 6,
                  "Inner Unique": true,
                  "Hash Cond": "(mi.movie_id = t.id)",
                  "Plans": [
                    {
                      "Node Type": "Seq Scan",
                      "Parent Relationship": "Outer",
                      "Parallel Aware": true,
                      "Relation Name": "movie_info",
                      "Alias": "mi",
                      "Startup Cost": 0.0,
                      "Total Cost": 191685.19,
                      "Plan Rows": 2969219,
                      "Plan Width": 4,
                      "Actual Startup Time": 0.029,
                      "Actual Total Time": 310.33,
                      "Actual Rows": 2472620,
                      "Actual Loops": 6
                    },
                    {
                      "Node Type": "Hash",
                      "Parent Relationship": "Inner",
                      "Parallel Aware": true,
                      "Startup Cost": 45479.59,
                      "Total Cost": 45479.59,
                      "Plan Rows": 30125,
                      "Plan Width": 4,
                      "Actual Startup Time": 102.918,
                      "Actual Total Time": 102.919,
                      "Actual Rows": 43512,
                      "Actual Loops": 6,
                      "Hash Buckets": 262144,
                      "Original Hash Buckets": 131072,
                      "Hash Batches": 1,
                      "Original Hash Batches": 1,
                      "Peak Memory Usage": 13376,
                      "Plans": [
                        {
                          "Node Type": "Seq Scan",
                          "Parent Relationship": "Outer",
                          "Parallel Aware": true,
                          "Relation Name": "title",
                          "Alias": "t",
                          "Startup Cost": 0.0,
                          "Total Cost": 45479.59,
                          "Plan Rows": 30125,
                          "Plan Width": 4,
                          "Actual Startup Time": 46.921,
                          "Actual Total Time": 82.254,
                          "Actual Rows": 43512,
                          "Actual Loops": 6,
                          "Filter": "((production_year < 1978) AND (kind_id = 1))",
                          "Rows Removed by Filter": 377873
                        }
                      ]
                    }
                  ]
                }
              ]
            }
          ]
        }
      ]
    },
    "Planning Time": 0.311,
    "Triggers": [],
    "Execution Time": 901.121
  }
]