[
  {
    "Plan": {
      "Node Type": "Aggregate",
      "Strategy": "Plain",
      "Partial Mode": "Simple",
      "Parallel Aware": false,
      "Startup Cost": 51394.69,
      "Total Cost": 51394.7,
      "Plan Rows": 1,
      "Plan Width": 64,
      "Actual Startup Time": 1064.298,
      "Actual Total Time": 1159.446,
      "Actual Rows": 1,
      "Actual Loops": 1,
      "Plans": [
        {
          "Node Type": "Nested Loop",
          "Parent Relationship": "Outer",
          "Parallel Aware": false,
          "Join Type": "Inner",
          "Startup Cost": 16016.22,
          "Total Cost": 51394.69,
          "Plan Rows": 1,
          "Plan Width": 32,
          "Actual Startup Time": 1059.136,
          "Actual Total Time": 1159.411,
          "Actual Rows": 36,
          "Actual Loops": 1,
          "Inner Unique": true,
          "Join Filter": "(pi.info_type_id = it.id)",
          "Rows Removed by Join Filter": 0,
          "Plans": [
            {
              "Node Type": "Gather",
              "Parent Relationship": "Outer",
              "Parallel Aware": false,
              "Startup Cost": 16016.22,
              "Total Cost": 51392.26,
              "Plan Rows": 1,
              "Plan Width": 36,
              "Actual Startup Time": 1059.112,
              "Actual Total Time": 1159.135,
              "Actual Rows": 36,
              "Actual Loops": 1,
              "Workers Planned": 3,
              "Workers Launched": 3,
              "Single Copy": false,
              "Plans": [
                {
                  "Node Type": "Nested Loop",
                  "Parent Relationship": "Outer",
                  "Parallel Aware": false,
                  "Join Type": "Inner",
                  "Startup Cost": 15016.22,
                  "Total Cost": 50392.16,
                  "Plan Rows": 1,
                  "Plan Width": 36,
                  "Actual Startup Time": 1024.078,
                  "Actual Total Time": 1049.524,
                  "Actual Rows": 9,
                  "Actual Loops": 4,
                  "Inner Unique": false,
                  "Join Filter": "(n.id = pi.person_id)",
                  "Rows Removed by Join Filter": 0,
                  "Plans": [
                    {
                      "Node Type": "Nested Loop",
                      "Parent Relationship": "Outer",
                      "Parallel Aware": false,
                      "Join Type": "Inner",
                      "Startup Cost": 15015.61,
                      "Total Cost": 48403.41,
                      "Plan Rows": 399,
                      "Plan Width": 44,
                      "Actual Startup Time": 922.172,
                      "Actual Total Time": 1019.868,
                      "Actual Rows": 1940,
                      "Actual Loops": 4,
                      "Inner Unique": true,
                      "Join Filter": "(an.person_id = n.id)",
                      "Rows Removed by Join Filter": 0,
                      "Plans": [
                        {
                          "Node Type": "Hash Join",
                          "Parent Relationship": "Outer",
                          "Parallel Aware": false,
                          "Join Type": "Inner",
                          "Startup Cost": 15015.17,
                          "Total Cost": 30876.32,
                          "Plan Rows": 3915,
                          "Plan Width": 25,
                          "Actual Startup Time": 858.384,
                          "Actual Total Time": 921.218,
                          "Actual Rows": 13026,
                          "Actual Loops": 4,
                          "Inner Unique": false,
                          "Hash Cond": "(an.person_id = ci.person_id)",
                          "Plans": [
                            {
                              "Node Type": "Seq Scan",
                              "Parent Relationship": "Outer",
                              "Parallel Aware": true,
                              "Relation Name": "aka_name",
                              "Alias": "an",
                              "Startup Cost": 0.0,
                              "Total Cost": 15030.45,
                              "Plan Rows": 52770,
                              "Plan Width": 4,
                              "Actual Startup Time": 0.077,
                              "Actual Total Time": 48.02,
                              "Actual Rows": 36337,
                              "Actual Loops": 4,
                              "Filter": "(name ~~ '%k%'::text)",
                              "Rows Removed by Filter": 188999
                            },
                            {
                              "Node Type": "Hash",
                              "Parent Relationship": "Inner",
                              "Parallel Aware": false,
                              "Startup Cost": 14658.71,
                              "Total Cost": 14658.71,
                              "Plan Rows": 28517,
                              "Plan Width": 21,
                              "Actual Startup Time": 857.558,
                              "Actual Total Time": 857.565,
                              "Actual Rows": 268203,
                              "Actual Loops": 4,
                              "Hash Buckets": 524288,
                              "Original Hash Buckets": 32768,
                              "Hash Batches": 1,
                              "Original Hash Batches": 1,
                              "Peak Memory Usage": 18307,
                              "Plans": [
                                {
                                  "Node Type": "Nested Loop",
                                  "Parent Relationship": "Outer",
                                  "Parallel Aware": false,
                                  "Join Type": "Inner",
                                  "Startup Cost": 41.7,
                                  "Total Cost": 14658.71,
                                  "Plan Rows": 28517,
                                  "Plan Width": 21,
                                  "Actual Startup Time": 1.557,
                                  "Actual Total Time": 766.48,
                                  "Actual Rows": 268203,
                                  "Actual Loops": 4,
                                  "Inner Unique": false,
                                  "Plans": [
                                    {
                                      "Node Type": "Nested Loop",
                                      "Parent Relationship": "Outer",
                                      "Parallel Aware": false,
                                      "Join Type": "Inner",
                                      "Startup Cost": 40.46,
                                      "Total Cost": 9667.74,
                                      "Plan Rows": 831,
                                      "Plan Width": 25,
                                      "Actual Startup Time": 1.263,
                                      "Actual Total Time": 67.936,
                                      "Actual Rows": 3638,
                                      "Actual Loops": 4,
                                      "Inner Unique": true,
                                      "Plans": [
                                        {
                                          "Node Type": "Nested Loop",
                                          "Parent Relationship": "Outer",
                                          "Parallel Aware": false,
                                          "Join Type": "Inner",
                                          "Startup Cost": 38.82,
                                          "Total Cost": 245.23,
                                          "Plan Rows": 1666,
                                          "Plan Width": 4,
                                          "Actual Startup Time": 1.072,
                                          "Actual Total Time": 3.549,
                                          "Actual Rows": 5186,
                                          "Actual Loops": 4,
                                          "Inner Unique": false,
                                          "Plans": [
                                            {
                                              "Node Type": "Seq Scan",
                                              "Parent Relationship": "Outer",
                                              "Parallel Aware": false,
                                              "Relation Name": "link_type",
                                              "Alias": "lt",
                                              "Startup Cost": 0.0,
                                              "Total Cost": 1.23,
                                              "Plan Rows": 1,
                                              "Plan Width": 4,
                                              "Actual Startup Time": 0.099,
                                              "Actual Total Time": 0.104,
                                              "Actual Rows": 1,
                                              "Actual Loops": 4,
                                              "Filter": "((link)::text = 'features'::text)",
                                              "Rows Removed by Filter": 17
                                            },
                                            {
                                              "Node Type": "Bitmap Heap Scan",
                                              "Parent Relationship": "Inner",
                                              "Parallel Aware": false,
                                              "Relation Name": "movie_link",
                                              "Alias": "ml",
                                              "Startup Cost": 38.82,
                                              "Total Cost": 225.26,
                                              "Plan Rows": 1875,
                                              "Plan Width": 8,
                                              "Actual Startup Time": 0.962,
                                              "Actual Total Time": 2.589,
                                              "Actual Rows": 5186,
                                              "Actual Loops": 4,
                                              "Recheck Cond": "(link_type_id = lt.id)",
                                              "Rows Removed by Index Recheck": 0,
                                              "Exact Heap Blocks": 132,
                                              "Lossy Heap Blocks": 0,
                                              "Plans": [
                                                {
                                                  "Node Type": "Bitmap Index Scan",
                                                  "Parent Relationship": "Outer",
                                                  "Parallel Aware": false,
                                                  "Index Name": "link_type_id_movie_link",
                                                  "Startup Cost": 0.0,
                                                  "Total Cost": 38.35,
                                                  "Plan Rows": 1875,
                                                  "Plan Width": 0,
                                                  "Actual Startup Time": 0.901,
                                                  "Actual Total Time": 0.901,
                                                  "Actual Rows": 5186,
                                                  "Actual Loops": 4,
                                                  "Index Cond": "(link_type_id = lt.id)"
                                                }
                                              ]
                                            }
                                          ]
                                        },
                                        {
                                          "Node Type": "Bitmap Heap Scan",
                                          "Parent Relationship": "Inner",
                                          "Parallel Aware": false,
                                          "Relation Name": "title",
                                          "Alias": "t",
                                          "Startup Cost": 1.64,
                                          "Total Cost": 5.66,
                                          "Plan Rows": 1,
                                          "Plan Width": 21,
                                          "Actual Startup Time": 0.01,
                                          "Actual Total Time": 0.01,
                                          "Actual Rows": 1,
                                          "Actual Loops": 20744,
                                          "Recheck Cond": "(id = ml.linked_movie_id)",
                                          "Rows Removed by Index Recheck": 0,
                                          "Filter": "((production_year >= 1953) AND (production_year <= 2005))",
                                          "Rows Removed by Filter": 0,
                                          "Exact Heap Blocks": 5186,
                                          "Lossy Heap Blocks": 0,
                                          "Plans": [
                                            {
                                              "Node Type": "Bitmap Index Scan",
                                              "Parent Relationship": "Outer",
                                              "Parallel Aware": false,
                                              "Index Name": "title_pkey",
                                              "Startup Cost": 0.0,
                                              "Total Cost": 1.64,
                                              "Plan Rows": 1,
                                              "Plan Width": 0,
                                              "Actual Startup Time": 0.006,
                                              "Actual Total Time": 0.006,
                                              "Actual Rows": 1,
                                              "Actual Loops": 20744,
                                              "Index Cond": "(id = ml.linked_movie_id)"
                                            }
                                          ]
                                        }
                                      ]
                                    },
                                    {
                                      "Node Type": "Bitmap Heap Scan",
                                      "Parent Relationship": "Inner",
                                      "Parallel Aware": false,
                                      "Relation Name": "cast_info",
                                      "Alias": "ci",
                                      "Startup Cost": 1.24,
                                      "Total Cost": 5.67,
                                      "Plan Rows": 34,
                                      "Plan Width": 8,
                                      "Actual Startup Time": 0.023,
                                      "Actual Total Time": 0.18,
                                      "Actual Rows": 74,
                                      "Actual Loops": 14552,
                                      "Recheck Cond": "(movie_id = t.id)",
                                      "Rows Removed by Index Recheck": 0,
                                      "Exact Heap Blocks": 259344,
                                      "Lossy Heap Blocks": 0,
                                      "Plans": [
                                        {
                                          "Node Type": "Bitmap Index Scan",
                                          "Parent Relationship": "Outer",
                                          "Parallel Aware": false,
                                          "Index Name": "movie_id_cast_info",
                                          "Startup Cost": 0.0,
                                          "Total Cost": 1.23,
                                          "Plan Rows": 34,
                                          "Plan Width": 0,
                                          "Actual Startup Time": 0.015,
                                          "Actual Total Time": 0.015,
                                          "Actual Rows": 74,
                                          "Actual Loops": 14552,
                                          "Index Cond": "(movie_id = t.id)"
                                        }
                                      ]
                                    }
                                  ]
                                }
                              ]
                            }
                          ]
                        },
                        {
                          "Node Type": "Bitmap Heap Scan",
                          "Parent Relationship": "Inner",
                          "Parallel Aware": false,
                          "Relation Name": "name",
                          "Alias": "n",
                          "Startup Cost": 0.44,
                          "Total Cost": 4.46,
                          "Plan Rows": 1,
                          "Plan Width": 19,
                          "Actual Startup Time": 0.006,
                          "Actual Total Time": 0.006,
                          "Actual Rows": 0,
                          "Actual Loops": 52106,
                          "Recheck Cond": "(id = ci.person_id)",
                          "Rows Removed by Index Recheck": 0,
                          "Filter": "(((name_pcode_cf)::text >= 'M'::text) AND ((name_pcode_cf)::text <= 'S'::text) AND (((gender)::text = 'm'::text) OR (((gender)::text = 'f'::text) AND (name ~~ 'B%'::text))))",
                          "Rows Removed by Filter": 1,
                          "Exact Heap Blocks": 7618,
                          "Lossy Heap Blocks": 0,
                          "Plans": [
                            {
                              "Node Type": "Bitmap Index Scan",
                              "Parent Relationship": "Outer",
                              "Parallel Aware": false,
                              "Index Name": "name_pkey",
                              "Startup Cost": 0.0,
                              "Total Cost": 0.44,
                              "Plan Rows": 1,
                              "Plan Width": 0,
                              "Actual Startup Time": 0.004,
                              "Actual Total Time": 0.004,
                              "Actual Rows": 1,
                              "Actual Loops": 52106,
                              "Index Cond": "(id = ci.person_id)"
                            }
                          ]
                        }
                      ]
                    },
                    {
                      "Node Type": "Bitmap Heap Scan",
                      "Parent Relationship": "Inner",
                      "Parallel Aware": false,
                      "Relation Name": "person_info",
                      "Alias": "pi",
                      "Startup Cost": 0.61,
                      "Total Cost": 4.97,
                      "Plan Rows": 1,
                      "Plan Width": 8,
                      "Actual Startup Time": 0.013,
                      "Actual Total Time": 0.013,
                      "Actual Rows": 0,
                      "Actual Loops": 7759,
                      "Recheck Cond": "(person_id = ci.person_id)",
                      "Rows Removed by Index Recheck": 0,
                      "Filter": "(note = 'Volker Boehm'::text)",
                      "Rows Removed by Filter": 36,
                      "Exact Heap Blocks": 3452,
                      "Lossy Heap Blocks": 0,
                      "Plans": [
                        {
                          "Node Type": "Bitmap Index Scan",
                          "Parent Relationship": "Outer",
                          "Parallel Aware": false,
                          "Index Name": "person_id_person_info",
                          "Startup Cost": 0.0,
                          "Total Cost": 0.61,
                          "Plan Rows": 24,
                          "Plan Width": 0,
                          "Actual Startup Time": 0.006,
                          "Actual Total Time": 0.006,
                          "Actual Rows": 36,
                          "Actual Loops": 7759,
                          "Index Cond": "(person_id = ci.person_id)"
                        }
                      ]
                    }
                  ]
                }
              ]
            },
            {
              "Node Type": "Seq Scan",
              "Parent Relationship": "Inner",
              "Parallel Aware": false,
              "Relation Name": "info_type",
              "Alias": "it",
              "Startup Cost": 0.0,
              "Total Cost": 2.41,
              "Plan Rows": 1,
              "Plan Width": 4,
              "Actual Startup Time": 0.005,
              "Actual Total Time": 0.005,
              "Actual Rows": 1,
              "Actual Loops": 36,
              "Filter": "((info)::text = 'mini biography'::text)",
              "Rows Removed by Filter": 18
            }
          ]
        }
      ]
    },
    "Planning Time": 9.497,
    "Triggers": [],
    "Execution Time": 1160.577
  }
]