[
  {
    "Plan": {
      "Node Type": "Aggregate",
      "Strategy": "Plain",
      "Partial Mode": "Finalize",
      "Parallel Aware": false,
      "Startup Cost": 163571.34,
      "Total Cost": 163571.35,
      "Plan Rows": 1,
      "Plan Width": 8,
      "Actual Startup Time": 1761.742,
      "Actual Total Time": 1814.581,
      "Actual Rows": 1,
      "Actual Loops": 1,
      "Plans": [
        {
          "Node Type": "Gather",
          "Parent Relationship": "Outer",
          "Parallel Aware": false,
          "Startup Cost": 163571.03,
          "Total Cost": 163571.34,
          "Plan Rows": 3,
          "Plan Width": 8,
          "Actual Startup Time": 1756.797,
          "Actual Total Time": 1814.567,
          "Actual Rows": 4,
          "Actual Loops": 1,
          "Workers Planned": 3,
          "Workers Launched": 3,
          "Single Copy": false,
          "Plans": [
            {
              "Node Type": "Aggregate",
              "Strategy": "Plain",
              "Partial Mode": "Partial",
              "Parent Relationship": "Outer",
              "Parallel Aware": false,
              "Startup Cost": 162571.03,
              "Total Cost": 162571.04,
              "Plan Rows": 1,
              "Plan Width": 8,
              "Actual Startup Time": 1747.287,
              "Actual Total Time": 1747.291,
              "Actual Rows": 1,
              "Actual Loops": 4,
              "Plans": [
                {
                  "Node Type": "Nested Loop",
                  "Parent Relationship": "Outer",
                  "Parallel Aware": false,
                  "Join Type": "Inner",
                  "Startup Cost": 52605.78,
                  "Total Cost": 162150.41,
                  "Plan Rows": 168246,
                  "Plan Width": 0,
                  "Actual Startup Time": 208.644,
                  "Actual Total Time": 1583.364,
                  "Actual Rows": 3662054,
                  "Actual Loops": 4,
                  "Inner Unique": false,
                  "Plans": [
                    {
                      "Node Type": "Hash Join",
                      "Parent Relationship": "Outer",
                      "Parallel Aware": true,
                      "Join Type": "Inner",
                      "Startup Cost": 52605.34,
                      "Total Cost": 78348.53,
                      "Plan Rows": 33424,
                      "Plan Width": 8,
                      "Actual Startup Time": 208.535,
                      "Actual Total Time": 271.717,
                      "Actual Rows": 60795,
                      "Actual Loops": 4,
                      "Inner Unique": true,
                      "Hash Cond": "(mk.movie_id = t.id)",
                      "Plans": [
                        {
                          "Node Type": "Bitmap Heap Scan",
                          "Parent Relationship": "Outer",
                          "Parallel Aware": true,
                          "Relation Name": "movie_keyword",
                          "Alias": "mk",
                          "Startup Cost": 5608.22,
                          "Total Cost": 31127.66,
                          "Plan Rows": 85235,
                          "Plan Width": 4,
                          "Actual Startup Time": 18.473,
                          "Actual Total Time": 52.696,
                          "Actual Rows": 64238,
                          "Actual Loops": 4,
                          "Recheck Cond": "(keyword_id > 59820)",
                          "Rows Removed by Index Recheck": 0,
                          "Exact Heap Blocks": 6573,
                          "Lossy Heap Blocks": 0,
                          "Plans": [
                            {
                              "Node Type": "Bitmap Index Scan",
                              "Parent Relationship": "Outer",
                              "Parallel Aware": false,
                              "Index Name": "keyword_id_movie_keyword",
                              "Startup Cost": 0.0,
                              "Total Cost": 5542.16,
                              "Plan Rows": 264230,
                              "Plan Width": 0,
                              "Actual Startup Time": 15.271,
                              "Actual Total Time": 15.271,
                              "Actual Rows": 256952,
                              "Actual Loops": 1,
                              "Index Cond": "(keyword_id > 59820)"
                            }
                          ]
                        },
                        {
                          "Node Type": "Hash",
                          "Parent Relationship": "Inner",
                          "Parallel Aware": true,
                          "Startup Cost": 43898.92,
                          "Total Cost": 43898.92,
                          "Plan Rows": 247857,
                          "Plan Width": 4,
                          "Actual Startup Time": 185.03,
                          "Actual Total Time": 185.031,
                          "Actual Rows": 246262,
                          "Actual Loops": 4,
                          "Hash Buckets": 1048576,
                          "Original Hash Buckets": 1048576,
                          "Hash Batches": 1,
                          "Original Hash Batches": 1,
                          "Peak Memory Usage": 46816,
                          "Plans": [
                            {
                              "Node Type": "Seq Scan",
                              "Parent Relationship": "Outer",
                              "Parallel Aware": true,
                              "Relation Name": "title",
                              "Alias": "t",
                              "Startup Cost": 0.0,
                              "Total Cost": 43898.92,
                              "Plan Rows": 247857,
                              "Plan Width": 4,
                              "Actual Startup Time": 0.041,
                              "Actual Total Time": 105.802,
                              "Actual Rows": 246262,
                              "Actual Loops": 4,
                              "Filter": "(kind_id < 7)",
                              "Rows Removed by Filter": 385816
                            }
                          ]
                        }
                      ]
                    },
                    {
                      "Node Type": "Index Scan",
                      "Parent Relationship": "Inner",
                      "Parallel Aware": false,
                      "Scan Direction": "Forward",
                      "Index Name": "movie_id_movie_info",
                      "Relation Name": "movie_info",
                      "Alias": "mi",
                      "Startup Cost": 0.43,
                      "Total Cost": 2.15,
                      "Plan Rows": 36,
                      "Plan Width": 4,
                      "Actual Startup Time": 0.003,
                      "Actual Total Time": 0.017,
                      "Actual Rows": 60,
                      "Actual Loops": 243180,
                      "Index Cond": "(movie_id = t.id)",
                      "Rows Removed by Index Recheck": 0,
                      "Filter": "(info_type_id > 2)",
                      "Rows Removed by Filter": 2
                    }
                  ]
                }
              ]
            }
          ]
        }
      ]
    },
    "Planning Time": 1.457,
    "Triggers": [],
    "Execution Time": 1814.702
  }
]