[
    {
        "Bao": {
            "Bao prediction": "NaN",
            "Bao recommended hint": "(no hint)"
        }
    },
    {
        "Plan": {
            "Node Type": "Aggregate",
            "Strategy": "Plain",
            "Partial Mode": "Simple",
            "Parallel Aware": false,
            "Startup Cost": 25844.12,
            "Total Cost": 25844.13,
            "Plan Rows": 1,
            "Plan Width": 8,
            "Actual Startup Time": 13.449,
            "Actual Total Time": 13.451,
            "Actual Rows": 1,
            "Actual Loops": 1,
            "Output": [
                "count(*)"
            ],
            "Plans": [
                {
                    "Node Type": "Bitmap Heap Scan",
                    "Parent Relationship": "Outer",
                    "Parallel Aware": false,
                    "Relation Name": "movie_keyword",
                    "Schema": "public",
                    "Alias": "mk",
                    "Startup Cost": 485.73,
                    "Total Cost": 25786.93,
                    "Plan Rows": 22877,
                    "Plan Width": 0,
                    "Actual Startup Time": 2.256,
                    "Actual Total Time": 12.412,
                    "Actual Rows": 19328,
                    "Actual Loops": 1,
                    "Recheck Cond": "(mk.keyword_id > 117819)",
                    "Rows Removed by Index Recheck": 0,
                    "Exact Heap Blocks": 5891,
                    "Lossy Heap Blocks": 0,
                    "Plans": [
                        {
                            "Node Type": "Bitmap Index Scan",
                            "Parent Relationship": "Outer",
                            "Parallel Aware": false,
                            "Index Name": "keyword_id_movie_keyword",
                            "Startup Cost": 0.0,
                            "Total Cost": 480.01,
                            "Plan Rows": 22877,
                            "Plan Width": 0,
                            "Actual Startup Time": 1.428,
                            "Actual Total Time": 1.428,
                            "Actual Rows": 19328,
                            "Actual Loops": 1,
                            "Index Cond": "(mk.keyword_id > 117819)"
                        }
                    ]
                }
            ]
        },
        "Planning Time": 183.065,
        "Triggers": [],
        "Execution Time": 13.5
    }
]