[
    {
        "Bao": {
            "Bao prediction": "NaN",
            "Bao recommended hint": "(no hint)"
        }
    },
    {
        "Plan": {
            "Node Type": "Aggregate",
            "Strategy": "Plain",
            "Partial Mode": "Finalize",
            "Parallel Aware": false,
            "Startup Cost": 26515.74,
            "Total Cost": 26515.75,
            "Plan Rows": 1,
            "Plan Width": 8,
            "Actual Startup Time": 64.054,
            "Actual Total Time": 69.202,
            "Actual Rows": 1,
            "Actual Loops": 1,
            "Output": [
                "count(*)"
            ],
            "Plans": [
                {
                    "Node Type": "Gather",
                    "Parent Relationship": "Outer",
                    "Parallel Aware": false,
                    "Startup Cost": 26515.42,
                    "Total Cost": 26515.73,
                    "Plan Rows": 3,
                    "Plan Width": 8,
                    "Actual Startup Time": 63.666,
                    "Actual Total Time": 69.194,
                    "Actual Rows": 4,
                    "Actual Loops": 1,
                    "Output": [
                        "(PARTIAL count(*))"
                    ],
                    "Workers Planned": 3,
                    "Workers Launched": 3,
                    "Single Copy": false,
                    "Plans": [
                        {
                            "Node Type": "Aggregate",
                            "Strategy": "Plain",
                            "Partial Mode": "Partial",
                            "Parent Relationship": "Outer",
                            "Parallel Aware": false,
                            "Startup Cost": 25515.42,
                            "Total Cost": 25515.43,
                            "Plan Rows": 1,
                            "Plan Width": 8,
                            "Actual Startup Time": 54.621,
                            "Actual Total Time": 54.623,
                            "Actual Rows": 1,
                            "Actual Loops": 4,
                            "Output": [
                                "PARTIAL count(*)"
                            ],
                            "Workers": [
                                {
                                    "Worker Number": 0,
                                    "Actual Startup Time": 51.167,
                                    "Actual Total Time": 51.169,
                                    "Actual Rows": 1,
                                    "Actual Loops": 1
                                },
                                {
                                    "Worker Number": 1,
                                    "Actual Startup Time": 51.756,
                                    "Actual Total Time": 51.758,
                                    "Actual Rows": 1,
                                    "Actual Loops": 1
                                },
                                {
                                    "Worker Number": 2,
                                    "Actual Startup Time": 52.398,
                                    "Actual Total Time": 52.399,
                                    "Actual Rows": 1,
                                    "Actual Loops": 1
                                }
                            ],
                            "Plans": [
                                {
                                    "Node Type": "Bitmap Heap Scan",
                                    "Parent Relationship": "Outer",
                                    "Parallel Aware": true,
                                    "Relation Name": "movie_companies",
                                    "Schema": "public",
                                    "Alias": "mc",
                                    "Startup Cost": 5498.13,
                                    "Total Cost": 25310.87,
                                    "Plan Rows": 81819,
                                    "Plan Width": 0,
                                    "Actual Startup Time": 8.107,
                                    "Actual Total Time": 50.305,
                                    "Actual Rows": 62230,
                                    "Actual Loops": 4,
                                    "Recheck Cond": "(mc.company_id < 119)",
                                    "Rows Removed by Index Recheck": 0,
                                    "Exact Heap Blocks": 10543,
                                    "Lossy Heap Blocks": 0,
                                    "Workers": [
                                        {
                                            "Worker Number": 0,
                                            "Actual Startup Time": 4.758,
                                            "Actual Total Time": 47.279,
                                            "Actual Rows": 31108,
                                            "Actual Loops": 1
                                        },
                                        {
                                            "Worker Number": 1,
                                            "Actual Startup Time": 5.369,
                                            "Actual Total Time": 48.028,
                                            "Actual Rows": 32581,
                                            "Actual Loops": 1
                                        },
                                        {
                                            "Worker Number": 2,
                                            "Actual Startup Time": 5.889,
                                            "Actual Total Time": 48.812,
                                            "Actual Rows": 27567,
                                            "Actual Loops": 1
                                        }
                                    ],
                                    "Plans": [
                                        {
                                            "Node Type": "Bitmap Index Scan",
                                            "Parent Relationship": "Outer",
                                            "Parallel Aware": false,
                                            "Index Name": "company_id_movie_companies",
                                            "Startup Cost": 0.0,
                                            "Total Cost": 5434.72,
                                            "Plan Rows": 253639,
                                            "Plan Width": 0,
                                            "Actual Startup Time": 13.92,
                                            "Actual Total Time": 13.921,
                                            "Actual Rows": 248921,
                                            "Actual Loops": 1,
                                            "Index Cond": "(mc.company_id < 119)"
                                        }
                                    ]
                                }
                            ]
                        }
                    ]
                }
            ]
        },
        "Planning Time": 177.96,
        "Triggers": [],
        "Execution Time": 69.3
    }
]