[
  {
    "Plan": {
      "Node Type": "Aggregate",
      "Strategy": "Plain",
      "Partial Mode": "Finalize",
      "Parallel Aware": false,
      "Startup Cost": 46417.08,
      "Total Cost": 46417.09,
      "Plan Rows": 1,
      "Plan Width": 8,
      "Actual Startup Time": 179.206,
      "Actual Total Time": 188.73,
      "Actual Rows": 1,
      "Actual Loops": 1,
      "Plans": [
        {
          "Node Type": "Gather",
          "Parent Relationship": "Outer",
          "Parallel Aware": false,
          "Startup Cost": 46416.77,
          "Total Cost": 46417.08,
          "Plan Rows": 3,
          "Plan Width": 8,
          "Actual Startup Time": 179.112,
          "Actual Total Time": 188.72,
          "Actual Rows": 4,
          "Actual Loops": 1,
          "Workers Planned": 3,
          "Workers Launched": 3,
          "Single Copy": false,
          "Plans": [
            {
              "Node Type": "Aggregate",
              "Strategy": "Plain",
              "Partial Mode": "Partial",
              "Parent Relationship": "Outer",
              "Parallel Aware": false,
              "Startup Cost": 45416.77,
              "Total Cost": 45416.78,
              "Plan Rows": 1,
              "Plan Width": 8,
              "Actual Startup Time": 170.735,
              "Actual Total Time": 170.737,
              "Actual Rows": 1,
              "Actual Loops": 4,
              "Plans": [
                {
                  "Node Type": "Seq Scan",
                  "Parent Relationship": "Outer",
                  "Parallel Aware": true,
                  "Relation Name": "movie_keyword",
                  "Alias": "mk",
                  "Startup Cost": 0.0,
                  "Total Cost": 42695.65,
                  "Plan Rows": 1088445,
                  "Plan Width": 0,
                  "Actual Startup Time": 0.058,
                  "Actual Total Time": 130.072,
                  "Actual Rows": 843142,
                  "Actual Loops": 4,
                  "Filter": "(keyword_id < 16179)",
                  "Rows Removed by Filter": 287840
                }
              ]
            }
          ]
        }
      ]
    },
    "Planning Time": 0.158,
    "Triggers": [],
    "Execution Time": 188.782
  }
]