{
    "Plan": {
        "Node Type": "Aggregate",
        "Strategy": "Plain",
        "Partial Mode": "Finalize",
        "Parallel Aware": false,
        "Startup Cost": 208321.86,
        "Total Cost": 208321.87,
        "Plan Rows": 1,
        "Plan Width": 8,
        "Actual Startup Time": 137.042,
        "Actual Total Time": 158.153,
        "Actual Rows": 1,
        "Actual Loops": 1,
        "Output": [
            "count(*)"
        ],
        "Plans": [
            {
                "Node Type": "Gather",
                "Parent Relationship": "Outer",
                "Parallel Aware": false,
                "Startup Cost": 208321.44,
                "Total Cost": 208321.85,
                "Plan Rows": 4,
                "Plan Width": 8,
                "Actual Startup Time": 136.882,
                "Actual Total Time": 158.143,
                "Actual Rows": 5,
                "Actual Loops": 1,
                "Output": [
                    "(PARTIAL count(*))"
                ],
                "Workers Planned": 4,
                "Workers Launched": 4,
                "Single Copy": false,
                "Plans": [
                    {
                        "Node Type": "Aggregate",
                        "Strategy": "Plain",
                        "Partial Mode": "Partial",
                        "Parent Relationship": "Outer",
                        "Parallel Aware": false,
                        "Startup Cost": 207321.44,
                        "Total Cost": 207321.45,
                        "Plan Rows": 1,
                        "Plan Width": 8,
                        "Actual Startup Time": 126.777,
                        "Actual Total Time": 126.779,
                        "Actual Rows": 1,
                        "Actual Loops": 5,
                        "Output": [
                            "PARTIAL count(*)"
                        ],
                        "Workers": [
                            {
                                "Worker Number": 0,
                                "Actual Startup Time": 124.339,
                                "Actual Total Time": 124.34,
                                "Actual Rows": 1,
                                "Actual Loops": 1
                            },
                            {
                                "Worker Number": 1,
                                "Actual Startup Time": 124.34,
                                "Actual Total Time": 124.342,
                                "Actual Rows": 1,
                                "Actual Loops": 1
                            },
                            {
                                "Worker Number": 2,
                                "Actual Startup Time": 124.344,
                                "Actual Total Time": 124.346,
                                "Actual Rows": 1,
                                "Actual Loops": 1
                            },
                            {
                                "Worker Number": 3,
                                "Actual Startup Time": 124.862,
                                "Actual Total Time": 124.864,
                                "Actual Rows": 1,
                                "Actual Loops": 1
                            }
                        ],
                        "Plans": [
                            {
                                "Node Type": "Nested Loop",
                                "Parent Relationship": "Outer",
                                "Parallel Aware": false,
                                "Join Type": "Inner",
                                "Startup Cost": 0.56,
                                "Total Cost": 207306.21,
                                "Plan Rows": 6093,
                                "Plan Width": 0,
                                "Actual Startup Time": 0.908,
                                "Actual Total Time": 126.196,
                                "Actual Rows": 5075,
                                "Actual Loops": 5,
                                "Inner Unique": false,
                                "Workers": [
                                    {
                                        "Worker Number": 0,
                                        "Actual Startup Time": 2.551,
                                        "Actual Total Time": 123.782,
                                        "Actual Rows": 4540,
                                        "Actual Loops": 1
                                    },
                                    {
                                        "Worker Number": 1,
                                        "Actual Startup Time": 0.577,
                                        "Actual Total Time": 123.764,
                                        "Actual Rows": 4397,
                                        "Actual Loops": 1
                                    },
                                    {
                                        "Worker Number": 2,
                                        "Actual Startup Time": 0.542,
                                        "Actual Total Time": 123.737,
                                        "Actual Rows": 3073,
                                        "Actual Loops": 1
                                    },
                                    {
                                        "Worker Number": 3,
                                        "Actual Startup Time": 0.803,
                                        "Actual Total Time": 124.312,
                                        "Actual Rows": 3982,
                                        "Actual Loops": 1
                                    }
                                ],
                                "Plans": [
                                    {
                                        "Node Type": "Seq Scan",
                                        "Parent Relationship": "Outer",
                                        "Parallel Aware": true,
                                        "Relation Name": "title",
                                        "Schema": "public",
                                        "Alias": "t",
                                        "Startup Cost": 0.0,
                                        "Total Cost": 45479.21,
                                        "Plan Rows": 1456,
                                        "Plan Width": 4,
                                        "Actual Startup Time": 0.317,
                                        "Actual Total Time": 76.705,
                                        "Actual Rows": 1040,
                                        "Actual Loops": 5,
                                        "Output": [
                                            "t.id",
                                            "t.title",
                                            "t.imdb_index",
                                            "t.kind_id",
                                            "t.production_year",
                                            "t.imdb_id",
                                            "t.phonetic_code",
                                            "t.episode_of_id",
                                            "t.season_nr",
                                            "t.episode_nr",
                                            "t.series_years",
                                            "t.md5sum"
                                        ],
                                        "Filter": "((t.kind_id = 7) AND (t.production_year = 1956))",
                                        "Rows Removed by Filter": 504622,
                                        "Workers": [
                                            {
                                                "Worker Number": 0,
                                                "Actual Startup Time": 0.421,
                                                "Actual Total Time": 72.107,
                                                "Actual Rows": 900,
                                                "Actual Loops": 1
                                            },
                                            {
                                                "Worker Number": 1,
                                                "Actual Startup Time": 0.327,
                                                "Actual Total Time": 70.51,
                                                "Actual Rows": 924,
                                                "Actual Loops": 1
                                            },
                                            {
                                                "Worker Number": 2,
                                                "Actual Startup Time": 0.282,
                                                "Actual Total Time": 70.592,
                                                "Actual Rows": 638,
                                                "Actual Loops": 1
                                            },
                                            {
                                                "Worker Number": 3,
                                                "Actual Startup Time": 0.527,
                                                "Actual Total Time": 69.586,
                                                "Actual Rows": 809,
                                                "Actual Loops": 1
                                            }
                                        ]
                                    },
                                    {
                                        "Node Type": "Index Scan",
                                        "Parent Relationship": "Inner",
                                        "Parallel Aware": false,
                                        "Scan Direction": "Forward",
                                        "Index Name": "movie_id_cast_info",
                                        "Relation Name": "cast_info",
                                        "Schema": "public",
                                        "Alias": "ci",
                                        "Startup Cost": 0.56,
                                        "Total Cost": 111.03,
                                        "Plan Rows": 11,
                                        "Plan Width": 4,
                                        "Actual Startup Time": 0.012,
                                        "Actual Total Time": 0.046,
                                        "Actual Rows": 5,
                                        "Actual Loops": 5201,
                                        "Output": [
                                            "ci.id",
                                            "ci.person_id",
                                            "ci.movie_id",
                                            "ci.person_role_id",
                                            "ci.note",
                                            "ci.nr_order",
                                            "ci.role_id"
                                        ],
                                        "Index Cond": "(ci.movie_id = t.id)",
                                        "Rows Removed by Index Recheck": 0,
                                        "Filter": "((ci.person_id < 3032805) AND (ci.role_id = 1))",
                                        "Rows Removed by Filter": 5,
                                        "Workers": [
                                            {
                                                "Worker Number": 0,
                                                "Actual Startup Time": 0.015,
                                                "Actual Total Time": 0.056,
                                                "Actual Rows": 5,
                                                "Actual Loops": 900
                                            },
                                            {
                                                "Worker Number": 1,
                                                "Actual Startup Time": 0.015,
                                                "Actual Total Time": 0.056,
                                                "Actual Rows": 5,
                                                "Actual Loops": 924
                                            },
                                            {
                                                "Worker Number": 2,
                                                "Actual Startup Time": 0.021,
                                                "Actual Total Time": 0.081,
                                                "Actual Rows": 5,
                                                "Actual Loops": 638
                                            },
                                            {
                                                "Worker Number": 3,
                                                "Actual Startup Time": 0.016,
                                                "Actual Total Time": 0.066,
                                                "Actual Rows": 5,
                                                "Actual Loops": 809
                                            }
                                        ]
                                    }
                                ]
                            }
                        ]
                    }
                ]
            }
        ]
    },
    "Planning Time": 0.83,
    "Triggers": [],
    "Execution Time": 158.241
}