{
  "Plan": {
    "Node Type": "Aggregate",
    "Strategy": "Plain",
    "Partial Mode": "Finalize",
    "Parallel Aware": false,
    "Startup Cost": 101669.16,
    "Total Cost": 101669.17,
    "Plan Rows": 1,
    "Plan Width": 8,
    "Actual Startup Time": 369.572,
    "Actual Total Time": 380.939,
    "Actual Rows": 1,
    "Actual Loops": 1,
    "Plans": [
      {
        "Node Type": "Gather",
        "Parent Relationship": "Outer",
        "Parallel Aware": false,
        "Startup Cost": 101669.05,
        "Total Cost": 101669.16,
        "Plan Rows": 1,
        "Plan Width": 8,
        "Actual Startup Time": 367.643,
        "Actual Total Time": 380.932,
        "Actual Rows": 2,
        "Actual Loops": 1,
        "Workers Planned": 1,
        "Workers Launched": 1,
        "Single Copy": false,
        "Plans": [
          {
            "Node Type": "Aggregate",
            "Strategy": "Plain",
            "Partial Mode": "Partial",
            "Parent Relationship": "Outer",
            "Parallel Aware": false,
            "Startup Cost": 100669.05,
            "Total Cost": 100669.06,
            "Plan Rows": 1,
            "Plan Width": 8,
            "Actual Startup Time": 364.103,
            "Actual Total Time": 364.107,
            "Actual Rows": 1,
            "Actual Loops": 2,
            "Plans": [
              {
                "Node Type": "Hash Join",
                "Parent Relationship": "Outer",
                "Parallel Aware": true,
                "Join Type": "Inner",
                "Startup Cost": 70724.94,
                "Total Cost": 100467.11,
                "Plan Rows": 80776,
                "Plan Width": 0,
                "Actual Startup Time": 245.68,
                "Actual Total Time": 357.356,
                "Actual Rows": 168225,
                "Actual Loops": 2,
                "Inner Unique": true,
                "Hash Cond": "(mk.movie_id = t.id)",
                "Plans": [
                  {
                    "Node Type": "Bitmap Heap Scan",
                    "Parent Relationship": "Outer",
                    "Parallel Aware": true,
                    "Relation Name": "movie_keyword",
                    "Alias": "mk",
                    "Startup Cost": 12610.82,
                    "Total Cost": 41435.2,
                    "Plan Rows": 349631,
                    "Plan Width": 4,
                    "Actual Startup Time": 33.969,
                    "Actual Total Time": 105.422,
                    "Actual Rows": 303373,
                    "Actual Loops": 2,
                    "Recheck Cond": "(keyword_id < 460)",
                    "Rows Removed by Index Recheck": 0,
                    "Exact Heap Blocks": 13895,
                    "Lossy Heap Blocks": 0,
                    "Plans": [
                      {
                        "Node Type": "Bitmap Index Scan",
                        "Parent Relationship": "Outer",
                        "Parallel Aware": false,
                        "Index Name": "keyword_id_movie_keyword",
                        "Startup Cost": 0.0,
                        "Total Cost": 12462.22,
                        "Plan Rows": 594372,
                        "Plan Width": 0,
                        "Actual Startup Time": 30.355,
                        "Actual Total Time": 30.356,
                        "Actual Rows": 606746,
                        "Actual Loops": 1,
                        "Index Cond": "(keyword_id < 460)"
                      }
                    ]
                  },
                  {
                    "Node Type": "Hash",
                    "Parent Relationship": "Inner",
                    "Parallel Aware": true,
                    "Startup Cost": 53819.14,
                    "Total Cost": 53819.14,
                    "Plan Rows": 343599,
                    "Plan Width": 4,
                    "Actual Startup Time": 174.607,
                    "Actual Total Time": 174.609,
                    "Actual Rows": 297365,
                    "Actual Loops": 2,
                    "Hash Buckets": 1048576,
                    "Original Hash Buckets": 1048576,
                    "Hash Batches": 1,
                    "Original Hash Batches": 1,
                    "Peak Memory Usage": 31488,
                    "Plans": [
                      {
                        "Node Type": "Bitmap Heap Scan",
                        "Parent Relationship": "Outer",
                        "Parallel Aware": true,
                        "Relation Name": "title",
                        "Alias": "t",
                        "Startup Cost": 11968.88,
                        "Total Cost": 53819.14,
                        "Plan Rows": 343599,
                        "Plan Width": 4,
                        "Actual Startup Time": 32.024,
                        "Actual Total Time": 101.433,
                        "Actual Rows": 297365,
                        "Actual Loops": 2,
                        "Recheck Cond": "(kind_id < 2)",
                        "Rows Removed by Index Recheck": 0,
                        "Filter": "(production_year < 2012)",
                        "Rows Removed by Filter": 34048,
                        "Exact Heap Blocks": 7773,
                        "Lossy Heap Blocks": 0,
                        "Plans": [
                          {
                            "Node Type": "Bitmap Index Scan",
                            "Parent Relationship": "Outer",
                            "Parallel Aware": false,
                            "Index Name": "kind_id_title",
                            "Startup Cost": 0.0,
                            "Total Cost": 11822.85,
                            "Plan Rows": 663256,
                            "Plan Width": 0,
                            "Actual Startup Time": 30.134,
                            "Actual Total Time": 30.134,
                            "Actual Rows": 662825,
                            "Actual Loops": 1,
                            "Index Cond": "(kind_id < 2)"
                          }
                        ]
                      }
                    ]
                  }
                ]
              }
            ]
          }
        ]
      }
    ]
  },
  "Planning Time": 0.387,
  "Triggers": [],
  "Execution Time": 381.009
}