{
    "Plan": {
        "Node Type": "Aggregate",
        "Strategy": "Plain",
        "Partial Mode": "Simple",
        "Parallel Aware": false,
        "Startup Cost": 80003705634.45,
        "Total Cost": 80003705634.46,
        "Plan Rows": 1,
        "Plan Width": 96,
        "Actual Startup Time": 1520.611,
        "Actual Total Time": 1520.617,
        "Actual Rows": 1,
        "Actual Loops": 1,
        "Output": [
            "min(cn.name)",
            "min(mc.note)",
            "min(t.title)"
        ],
        "Plans": [
            {
                "Node Type": "Nested Loop",
                "Parent Relationship": "Outer",
                "Parallel Aware": false,
                "Join Type": "Inner",
                "Startup Cost": 80000000004.39,
                "Total Cost": 80003705634.21,
                "Plan Rows": 32,
                "Plan Width": 60,
                "Actual Startup Time": 11.305,
                "Actual Total Time": 1513.027,
                "Actual Rows": 12433,
                "Actual Loops": 1,
                "Output": [
                    "cn.name",
                    "mc.note",
                    "t.title"
                ],
                "Inner Unique": true,
                "Plans": [
                    {
                        "Node Type": "Nested Loop",
                        "Parent Relationship": "Outer",
                        "Parallel Aware": false,
                        "Join Type": "Inner",
                        "Startup Cost": 70000000004.25,
                        "Total Cost": 70003705508.33,
                        "Plan Rows": 32,
                        "Plan Width": 64,
                        "Actual Startup Time": 11.284,
                        "Actual Total Time": 1445.316,
                        "Actual Rows": 12433,
                        "Actual Loops": 1,
                        "Output": [
                            "cn.name",
                            "mc.note",
                            "ml.link_type_id",
                            "t.title"
                        ],
                        "Inner Unique": true,
                        "Plans": [
                            {
                                "Node Type": "Nested Loop",
                                "Parent Relationship": "Outer",
                                "Parallel Aware": false,
                                "Join Type": "Inner",
                                "Startup Cost": 60000000003.82,
                                "Total Cost": 60003705348.3,
                                "Plan Rows": 36,
                                "Plan Width": 49,
                                "Actual Startup Time": 11.224,
                                "Actual Total Time": 1356.445,
                                "Actual Rows": 12438,
                                "Actual Loops": 1,
                                "Output": [
                                    "mc.note",
                                    "mc.company_id",
                                    "ml.link_type_id",
                                    "t.title"
                                ],
                                "Inner Unique": true,
                                "Plans": [
                                    {
                                        "Node Type": "Nested Loop",
                                        "Parent Relationship": "Outer",
                                        "Parallel Aware": false,
                                        "Join Type": "Inner",
                                        "Startup Cost": 50000000003.68,
                                        "Total Cost": 50003705172.99,
                                        "Plan Rows": 48,
                                        "Plan Width": 53,
                                        "Actual Startup Time": 11.202,
                                        "Actual Total Time": 1282.359,
                                        "Actual Rows": 12955,
                                        "Actual Loops": 1,
                                        "Output": [
                                            "mc.note",
                                            "mc.company_type_id",
                                            "mc.company_id",
                                            "ml.link_type_id",
                                            "t.title"
                                        ],
                                        "Inner Unique": false,
                                        "Join Filter": "(ml.movie_id = mc.movie_id)",
                                        "Rows Removed by Join Filter": 0,
                                        "Plans": [
                                            {
                                                "Node Type": "Nested Loop",
                                                "Parent Relationship": "Outer",
                                                "Parallel Aware": false,
                                                "Join Type": "Inner",
                                                "Startup Cost": 40000000003.2,
                                                "Total Cost": 40003705095.19,
                                                "Plan Rows": 17,
                                                "Plan Width": 33,
                                                "Actual Startup Time": 11.128,
                                                "Actual Total Time": 1269.36,
                                                "Actual Rows": 537,
                                                "Actual Loops": 1,
                                                "Output": [
                                                    "mk.movie_id",
                                                    "ml.link_type_id",
                                                    "ml.movie_id",
                                                    "t.title",
                                                    "t.id"
                                                ],
                                                "Inner Unique": true,
                                                "Plans": [
                                                    {
                                                        "Node Type": "Nested Loop",
                                                        "Parent Relationship": "Outer",
                                                        "Parallel Aware": false,
                                                        "Join Type": "Inner",
                                                        "Startup Cost": 30000000002.77,
                                                        "Total Cost": 30000272880.31,
                                                        "Plan Rows": 772251,
                                                        "Plan Width": 37,
                                                        "Actual Startup Time": 0.217,
                                                        "Actual Total Time": 414.652,
                                                        "Actual Rows": 125993,
                                                        "Actual Loops": 1,
                                                        "Output": [
                                                            "mk.movie_id",
                                                            "mk.keyword_id",
                                                            "ml.link_type_id",
                                                            "ml.movie_id",
                                                            "t.title",
                                                            "t.id"
                                                        ],
                                                        "Inner Unique": false,
                                                        "Join Filter": "(ml.movie_id = mk.movie_id)",
                                                        "Rows Removed by Join Filter": 0,
                                                        "Plans": [
                                                            {
                                                                "Node Type": "Nested Loop",
                                                                "Parent Relationship": "Outer",
                                                                "Parallel Aware": false,
                                                                "Join Type": "Inner",
                                                                "Startup Cost": 20000000001.93,
                                                                "Total Cost": 20000171006.3,
                                                                "Plan Rows": 16984,
                                                                "Plan Width": 29,
                                                                "Actual Startup Time": 0.154,
                                                                "Actual Total Time": 238.475,
                                                                "Actual Rows": 16956,
                                                                "Actual Loops": 1,
                                                                "Output": [
                                                                    "ml.link_type_id",
                                                                    "ml.movie_id",
                                                                    "t.title",
                                                                    "t.id"
                                                                ],
                                                                "Inner Unique": true,
                                                                "Plans": [
                                                                    {
                                                                        "Node Type": "Index Scan",
                                                                        "Parent Relationship": "Outer",
                                                                        "Parallel Aware": false,
                                                                        "Scan Direction": "Forward",
                                                                        "Index Name": "link_type_id_movie_link",
                                                                        "Relation Name": "movie_link",
                                                                        "Schema": "public",
                                                                        "Alias": "ml",
                                                                        "Startup Cost": 10000000000.29,
                                                                        "Total Cost": 10000001425.16,
                                                                        "Plan Rows": 29997,
                                                                        "Plan Width": 8,
                                                                        "Actual Startup Time": 0.055,
                                                                        "Actual Total Time": 14.279,
                                                                        "Actual Rows": 29997,
                                                                        "Actual Loops": 1,
                                                                        "Output": [
                                                                            "ml.id",
                                                                            "ml.movie_id",
                                                                            "ml.linked_movie_id",
                                                                            "ml.link_type_id"
                                                                        ]
                                                                    },
                                                                    {
                                                                        "Node Type": "Bitmap Heap Scan",
                                                                        "Parent Relationship": "Inner",
                                                                        "Parallel Aware": false,
                                                                        "Relation Name": "title",
                                                                        "Schema": "public",
                                                                        "Alias": "t",
                                                                        "Startup Cost": 1.64,
                                                                        "Total Cost": 5.65,
                                                                        "Plan Rows": 1,
                                                                        "Plan Width": 21,
                                                                        "Actual Startup Time": 0.005,
                                                                        "Actual Total Time": 0.005,
                                                                        "Actual Rows": 1,
                                                                        "Actual Loops": 29997,
                                                                        "Output": [
                                                                            "t.id",
                                                                            "t.title",
                                                                            "t.imdb_index",
                                                                            "t.kind_id",
                                                                            "t.production_year",
                                                                            "t.imdb_id",
                                                                            "t.phonetic_code",
                                                                            "t.episode_of_id",
                                                                            "t.season_nr",
                                                                            "t.episode_nr",
                                                                            "t.series_years",
                                                                            "t.md5sum"
                                                                        ],
                                                                        "Recheck Cond": "(t.id = ml.movie_id)",
                                                                        "Rows Removed by Index Recheck": 0,
                                                                        "Filter": "(t.production_year > 1999)",
                                                                        "Rows Removed by Filter": 0,
                                                                        "Exact Heap Blocks": 29997,
                                                                        "Lossy Heap Blocks": 0,
                                                                        "Plans": [
                                                                            {
                                                                                "Node Type": "Bitmap Index Scan",
                                                                                "Parent Relationship": "Outer",
                                                                                "Parallel Aware": false,
                                                                                "Index Name": "title_pkey",
                                                                                "Startup Cost": 0.0,
                                                                                "Total Cost": 1.64,
                                                                                "Plan Rows": 1,
                                                                                "Plan Width": 0,
                                                                                "Actual Startup Time": 0.003,
                                                                                "Actual Total Time": 0.003,
                                                                                "Actual Rows": 1,
                                                                                "Actual Loops": 29997,
                                                                                "Index Cond": "(t.id = ml.movie_id)"
                                                                            }
                                                                        ]
                                                                    }
                                                                ]
                                                            },
                                                            {
                                                                "Node Type": "Bitmap Heap Scan",
                                                                "Parent Relationship": "Inner",
                                                                "Parallel Aware": false,
                                                                "Relation Name": "movie_keyword",
                                                                "Schema": "public",
                                                                "Alias": "mk",
                                                                "Startup Cost": 0.85,
                                                                "Total Cost": 5.42,
                                                                "Plan Rows": 46,
                                                                "Plan Width": 8,
                                                                "Actual Startup Time": 0.004,
                                                                "Actual Total Time": 0.006,
                                                                "Actual Rows": 7,
                                                                "Actual Loops": 16956,
                                                                "Output": [
                                                                    "mk.id",
                                                                    "mk.movie_id",
                                                                    "mk.keyword_id"
                                                                ],
                                                                "Recheck Cond": "(mk.movie_id = t.id)",
                                                                "Rows Removed by Index Recheck": 0,
                                                                "Exact Heap Blocks": 7112,
                                                                "Lossy Heap Blocks": 0,
                                                                "Plans": [
                                                                    {
                                                                        "Node Type": "Bitmap Index Scan",
                                                                        "Parent Relationship": "Outer",
                                                                        "Parallel Aware": false,
                                                                        "Index Name": "movie_id_movie_keyword",
                                                                        "Startup Cost": 0.0,
                                                                        "Total Cost": 0.84,
                                                                        "Plan Rows": 46,
                                                                        "Plan Width": 0,
                                                                        "Actual Startup Time": 0.003,
                                                                        "Actual Total Time": 0.003,
                                                                        "Actual Rows": 7,
                                                                        "Actual Loops": 16956,
                                                                        "Index Cond": "(mk.movie_id = t.id)"
                                                                    }
                                                                ]
                                                            }
                                                        ]
                                                    },
                                                    {
                                                        "Node Type": "Bitmap Heap Scan",
                                                        "Parent Relationship": "Inner",
                                                        "Parallel Aware": false,
                                                        "Relation Name": "keyword",
                                                        "Schema": "public",
                                                        "Alias": "k",
                                                        "Startup Cost": 0.43,
                                                        "Total Cost": 4.44,
                                                        "Plan Rows": 1,
                                                        "Plan Width": 4,
                                                        "Actual Startup Time": 0.005,
                                                        "Actual Total Time": 0.005,
                                                        "Actual Rows": 0,
                                                        "Actual Loops": 125993,
                                                        "Output": [
                                                            "k.id",
                                                            "k.keyword",
                                                            "k.phonetic_code"
                                                        ],
                                                        "Recheck Cond": "(k.id = mk.keyword_id)",
                                                        "Rows Removed by Index Recheck": 0,
                                                        "Filter": "(k.keyword = ANY ('{\"10,000-mile-club\",marvel-cinematic-universe,murder}'::text[]))",
                                                        "Rows Removed by Filter": 1,
                                                        "Exact Heap Blocks": 125993,
                                                        "Lossy Heap Blocks": 0,
                                                        "Plans": [
                                                            {
                                                                "Node Type": "Bitmap Index Scan",
                                                                "Parent Relationship": "Outer",
                                                                "Parallel Aware": false,
                                                                "Index Name": "keyword_pkey",
                                                                "Startup Cost": 0.0,
                                                                "Total Cost": 0.43,
                                                                "Plan Rows": 1,
                                                                "Plan Width": 0,
                                                                "Actual Startup Time": 0.003,
                                                                "Actual Total Time": 0.003,
                                                                "Actual Rows": 1,
                                                                "Actual Loops": 125993,
                                                                "Index Cond": "(k.id = mk.keyword_id)"
                                                            }
                                                        ]
                                                    }
                                                ]
                                            },
                                            {
                                                "Node Type": "Bitmap Heap Scan",
                                                "Parent Relationship": "Inner",
                                                "Parallel Aware": false,
                                                "Relation Name": "movie_companies",
                                                "Schema": "public",
                                                "Alias": "mc",
                                                "Startup Cost": 0.48,
                                                "Total Cost": 4.54,
                                                "Plan Rows": 3,
                                                "Plan Width": 36,
                                                "Actual Startup Time": 0.009,
                                                "Actual Total Time": 0.016,
                                                "Actual Rows": 24,
                                                "Actual Loops": 537,
                                                "Output": [
                                                    "mc.id",
                                                    "mc.movie_id",
                                                    "mc.company_id",
                                                    "mc.company_type_id",
                                                    "mc.note"
                                                ],
                                                "Recheck Cond": "(mc.movie_id = mk.movie_id)",
                                                "Rows Removed by Index Recheck": 0,
                                                "Filter": "(mc.note IS NOT NULL)",
                                                "Rows Removed by Filter": 2,
                                                "Exact Heap Blocks": 1024,
                                                "Lossy Heap Blocks": 0,
                                                "Plans": [
                                                    {
                                                        "Node Type": "Bitmap Index Scan",
                                                        "Parent Relationship": "Outer",
                                                        "Parallel Aware": false,
                                                        "Index Name": "movie_id_movie_companies",
                                                        "Startup Cost": 0.0,
                                                        "Total Cost": 0.48,
                                                        "Plan Rows": 5,
                                                        "Plan Width": 0,
                                                        "Actual Startup Time": 0.005,
                                                        "Actual Total Time": 0.005,
                                                        "Actual Rows": 26,
                                                        "Actual Loops": 537,
                                                        "Index Cond": "(mc.movie_id = mk.movie_id)"
                                                    }
                                                ]
                                            }
                                        ]
                                    },
                                    {
                                        "Node Type": "Bitmap Heap Scan",
                                        "Parent Relationship": "Inner",
                                        "Parallel Aware": false,
                                        "Relation Name": "company_type",
                                        "Schema": "public",
                                        "Alias": "ct",
                                        "Startup Cost": 0.14,
                                        "Total Cost": 4.15,
                                        "Plan Rows": 1,
                                        "Plan Width": 4,
                                        "Actual Startup Time": 0.003,
                                        "Actual Total Time": 0.003,
                                        "Actual Rows": 1,
                                        "Actual Loops": 12955,
                                        "Output": [
                                            "ct.id",
                                            "ct.kind"
                                        ],
                                        "Recheck Cond": "(ct.id = mc.company_type_id)",
                                        "Rows Removed by Index Recheck": 0,
                                        "Filter": "((ct.kind IS NOT NULL) AND ((ct.kind)::text <> 'production companies'::text))",
                                        "Rows Removed by Filter": 0,
                                        "Exact Heap Blocks": 12955,
                                        "Lossy Heap Blocks": 0,
                                        "Plans": [
                                            {
                                                "Node Type": "Bitmap Index Scan",
                                                "Parent Relationship": "Outer",
                                                "Parallel Aware": false,
                                                "Index Name": "company_type_pkey",
                                                "Startup Cost": 0.0,
                                                "Total Cost": 0.14,
                                                "Plan Rows": 1,
                                                "Plan Width": 0,
                                                "Actual Startup Time": 0.001,
                                                "Actual Total Time": 0.001,
                                                "Actual Rows": 1,
                                                "Actual Loops": 12955,
                                                "Index Cond": "(ct.id = mc.company_type_id)"
                                            }
                                        ]
                                    }
                                ]
                            },
                            {
                                "Node Type": "Bitmap Heap Scan",
                                "Parent Relationship": "Inner",
                                "Parallel Aware": false,
                                "Relation Name": "company_name",
                                "Schema": "public",
                                "Alias": "cn",
                                "Startup Cost": 0.43,
                                "Total Cost": 4.45,
                                "Plan Rows": 1,
                                "Plan Width": 23,
                                "Actual Startup Time": 0.004,
                                "Actual Total Time": 0.004,
                                "Actual Rows": 1,
                                "Actual Loops": 12438,
                                "Output": [
                                    "cn.id",
                                    "cn.name",
                                    "cn.country_code",
                                    "cn.imdb_id",
                                    "cn.name_pcode_nf",
                                    "cn.name_pcode_sf",
                                    "cn.md5sum"
                                ],
                                "Recheck Cond": "(cn.id = mc.company_id)",
                                "Rows Removed by Index Recheck": 0,
                                "Filter": "((cn.country_code)::text <> '[pl]'::text)",
                                "Rows Removed by Filter": 0,
                                "Exact Heap Blocks": 12438,
                                "Lossy Heap Blocks": 0,
                                "Plans": [
                                    {
                                        "Node Type": "Bitmap Index Scan",
                                        "Parent Relationship": "Outer",
                                        "Parallel Aware": false,
                                        "Index Name": "company_name_pkey",
                                        "Startup Cost": 0.0,
                                        "Total Cost": 0.43,
                                        "Plan Rows": 1,
                                        "Plan Width": 0,
                                        "Actual Startup Time": 0.003,
                                        "Actual Total Time": 0.003,
                                        "Actual Rows": 1,
                                        "Actual Loops": 12438,
                                        "Index Cond": "(cn.id = mc.company_id)"
                                    }
                                ]
                            }
                        ]
                    },
                    {
                        "Node Type": "Bitmap Heap Scan",
                        "Parent Relationship": "Inner",
                        "Parallel Aware": false,
                        "Relation Name": "link_type",
                        "Schema": "public",
                        "Alias": "lt",
                        "Startup Cost": 0.15,
                        "Total Cost": 4.16,
                        "Plan Rows": 1,
                        "Plan Width": 4,
                        "Actual Startup Time": 0.003,
                        "Actual Total Time": 0.003,
                        "Actual Rows": 1,
                        "Actual Loops": 12433,
                        "Output": [
                            "lt.id",
                            "lt.link"
                        ],
                        "Recheck Cond": "(lt.id = ml.link_type_id)",
                        "Rows Removed by Index Recheck": 0,
                        "Exact Heap Blocks": 12433,
                        "Lossy Heap Blocks": 0,
                        "Plans": [
                            {
                                "Node Type": "Bitmap Index Scan",
                                "Parent Relationship": "Outer",
                                "Parallel Aware": false,
                                "Index Name": "link_type_pkey",
                                "Startup Cost": 0.0,
                                "Total Cost": 0.15,
                                "Plan Rows": 1,
                                "Plan Width": 0,
                                "Actual Startup Time": 0.001,
                                "Actual Total Time": 0.001,
                                "Actual Rows": 1,
                                "Actual Loops": 12433,
                                "Index Cond": "(lt.id = ml.link_type_id)"
                            }
                        ]
                    }
                ]
            }
        ]
    },
    "Planning Time": 11.616,
    "Triggers": [],
    "Execution Time": 1521.148
}