[
  {
    "Plan": {
      "Node Type": "Aggregate",
      "Strategy": "Plain",
      "Partial Mode": "Finalize",
      "Parallel Aware": false,
      "Startup Cost": 333796.93,
      "Total Cost": 333796.94,
      "Plan Rows": 1,
      "Plan Width": 8,
      "Actual Startup Time": 581.528,
      "Actual Total Time": 605.331,
      "Actual Rows": 1,
      "Actual Loops": 1,
      "Plans": [
        {
          "Node Type": "Gather",
          "Parent Relationship": "Outer",
          "Parallel Aware": false,
          "Startup Cost": 333796.3,
          "Total Cost": 333796.91,
          "Plan Rows": 6,
          "Plan Width": 8,
          "Actual Startup Time": 581.426,
          "Actual Total Time": 605.324,
          "Actual Rows": 7,
          "Actual Loops": 1,
          "Workers Planned": 6,
          "Workers Launched": 6,
          "Single Copy": false,
          "Plans": [
            {
              "Node Type": "Aggregate",
              "Strategy": "Plain",
              "Partial Mode": "Partial",
              "Parent Relationship": "Outer",
              "Parallel Aware": false,
              "Startup Cost": 332796.3,
              "Total Cost": 332796.31,
              "Plan Rows": 1,
              "Plan Width": 8,
              "Actual Startup Time": 575.039,
              "Actual Total Time": 575.04,
              "Actual Rows": 1,
              "Actual Loops": 7,
              "Plans": [
                {
                  "Node Type": "Seq Scan",
                  "Parent Relationship": "Outer",
                  "Parallel Aware": true,
                  "Relation Name": "cast_info",
                  "Alias": "ci",
                  "Startup Cost": 0.0,
                  "Total Cost": 328213.62,
                  "Plan Rows": 1833074,
                  "Plan Width": 0,
                  "Actual Startup Time": 0.04,
                  "Actual Total Time": 505.769,
                  "Actual Rows": 1575689,
                  "Actual Loops": 7,
                  "Filter": "(person_id < 1083072)",
                  "Rows Removed by Filter": 3602075
                }
              ]
            }
          ]
        }
      ]
    },
    "Planning Time": 0.144,
    "Triggers": [],
    "Execution Time": 605.378
  }
]