[
  {
    "Plan": {
      "Node Type": "Aggregate",
      "Strategy": "Plain",
      "Partial Mode": "Simple",
      "Parallel Aware": false,
      "Startup Cost": 1059.94,
      "Total Cost": 1059.95,
      "Plan Rows": 1,
      "Plan Width": 8,
      "Actual Startup Time": 7.3,
      "Actual Total Time": 7.302,
      "Actual Rows": 1,
      "Actual Loops": 1,
      "Plans": [
        {
          "Node Type": "Index Scan",
          "Parent Relationship": "Outer",
          "Parallel Aware": false,
          "Scan Direction": "Forward",
          "Index Name": "person_id_cast_info",
          "Relation Name": "cast_info",
          "Alias": "ci",
          "Startup Cost": 0.56,
          "Total Cost": 1059.67,
          "Plan Rows": 107,
          "Plan Width": 0,
          "Actual Startup Time": 6.593,
          "Actual Total Time": 7.282,
          "Actual Rows": 35,
          "Actual Loops": 1,
          "Index Cond": "(person_id = 341274)",
          "Rows Removed by Index Recheck": 0,
          "Filter": "(role_id > 6)",
          "Rows Removed by Filter": 18
        }
      ]
    },
    "Planning Time": 9.156,
    "Triggers": [],
    "Execution Time": 7.355
  }
]