[
  {
    "Plan": {
      "Node Type": "Aggregate",
      "Strategy": "Plain",
      "Partial Mode": "Finalize",
      "Parallel Aware": false,
      "Startup Cost": 300859.25,
      "Total Cost": 300859.26,
      "Plan Rows": 1,
      "Plan Width": 8,
      "Actual Startup Time": 2057.97,
      "Actual Total Time": 2112.002,
      "Actual Rows": 1,
      "Actual Loops": 1,
      "Plans": [
        {
          "Node Type": "Gather",
          "Parent Relationship": "Outer",
          "Parallel Aware": false,
          "Startup Cost": 300858.93,
          "Total Cost": 300859.24,
          "Plan Rows": 3,
          "Plan Width": 8,
          "Actual Startup Time": 2038.511,
          "Actual Total Time": 2111.99,
          "Actual Rows": 4,
          "Actual Loops": 1,
          "Workers Planned": 3,
          "Workers Launched": 3,
          "Single Copy": false,
          "Plans": [
            {
              "Node Type": "Aggregate",
              "Strategy": "Plain",
              "Partial Mode": "Partial",
              "Parent Relationship": "Outer",
              "Parallel Aware": false,
              "Startup Cost": 299858.93,
              "Total Cost": 299858.94,
              "Plan Rows": 1,
              "Plan Width": 8,
              "Actual Startup Time": 2030.528,
              "Actual Total Time": 2030.63,
              "Actual Rows": 1,
              "Actual Loops": 4,
              "Plans": [
                {
                  "Node Type": "Hash Join",
                  "Parent Relationship": "Outer",
                  "Parallel Aware": true,
                  "Join Type": "Inner",
                  "Startup Cost": 252645.88,
                  "Total Cost": 298362.69,
                  "Plan Rows": 598495,
                  "Plan Width": 0,
                  "Actual Startup Time": 1346.172,
                  "Actual Total Time": 1856.35,
                  "Actual Rows": 4142744,
                  "Actual Loops": 4,
                  "Inner Unique": false,
                  "Hash Cond": "(mk.movie_id = t.id)",
                  "Plans": [
                    {
                      "Node Type": "Seq Scan",
                      "Parent Relationship": "Outer",
                      "Parallel Aware": true,
                      "Relation Name": "movie_keyword",
                      "Alias": "mk",
                      "Startup Cost": 0.0,
                      "Total Cost": 39047.32,
                      "Plan Rows": 1459332,
                      "Plan Width": 4,
                      "Actual Startup Time": 0.019,
                      "Actual Total Time": 91.417,
                      "Actual Rows": 1130982,
                      "Actual Loops": 4
                    },
                    {
                      "Node Type": "Hash",
                      "Parent Relationship": "Inner",
                      "Parallel Aware": true,
                      "Startup Cost": 250053.66,
                      "Total Cost": 250053.66,
                      "Plan Rows": 207378,
                      "Plan Width": 8,
                      "Actual Startup Time": 1341.022,
                      "Actual Total Time": 1341.122,
                      "Actual Rows": 544302,
                      "Actual Loops": 4,
                      "Hash Buckets": 4194304,
                      "Original Hash Buckets": 1048576,
                      "Hash Batches": 1,
                      "Original Hash Batches": 1,
                      "Peak Memory Usage": 142560,
                      "Plans": [
                        {
                          "Node Type": "Hash Join",
                          "Parent Relationship": "Outer",
                          "Parallel Aware": true,
                          "Join Type": "Inner",
                          "Startup Cost": 44556.02,
                          "Total Cost": 250053.66,
                          "Plan Rows": 207378,
                          "Plan Width": 8,
                          "Actual Startup Time": 122.202,
                          "Actual Total Time": 1094.298,
                          "Actual Rows": 544302,
                          "Actual Loops": 4,
                          "Inner Unique": true,
                          "Hash Cond": "(mi.movie_id = t.id)",
                          "Plans": [
                            {
                              "Node Type": "Seq Scan",
                              "Parent Relationship": "Outer",
                              "Parallel Aware": true,
                              "Relation Name": "movie_info",
                              "Alias": "mi",
                              "Startup Cost": 0.0,
                              "Total Cost": 198952.16,
                              "Plan Rows": 2493512,
                              "Plan Width": 4,
                              "Actual Startup Time": 0.025,
                              "Actual Total Time": 513.856,
                              "Actual Rows": 3150468,
                              "Actual Loops": 4,
                              "Filter": "(info_type_id < 17)",
                              "Rows Removed by Filter": 558462
                            },
                            {
                              "Node Type": "Hash",
                              "Parent Relationship": "Inner",
                              "Parallel Aware": true,
                              "Startup Cost": 43898.92,
                              "Total Cost": 43898.92,
                              "Plan Rows": 52568,
                              "Plan Width": 4,
                              "Actual Startup Time": 120.36,
                              "Actual Total Time": 120.363,
                              "Actual Rows": 55279,
                              "Actual Loops": 4,
                              "Hash Buckets": 262144,
                              "Original Hash Buckets": 262144,
                              "Hash Batches": 1,
                              "Original Hash Batches": 1,
                              "Peak Memory Usage": 10784,
                              "Plans": [
                                {
                                  "Node Type": "Seq Scan",
                                  "Parent Relationship": "Outer",
                                  "Parallel Aware": true,
                                  "Relation Name": "title",
                                  "Alias": "t",
                                  "Startup Cost": 0.0,
                                  "Total Cost": 43898.92,
                                  "Plan Rows": 52568,
                                  "Plan Width": 4,
                                  "Actual Startup Time": 0.073,
                                  "Actual Total Time": 100.095,
                                  "Actual Rows": 55279,
                                  "Actual Loops": 4,
                                  "Filter": "(production_year < 1958)",
                                  "Rows Removed by Filter": 576799
                                }
                              ]
                            }
                          ]
                        }
                      ]
                    }
                  ]
                }
              ]
            }
          ]
        }
      ]
    },
    "Planning Time": 1.364,
    "Triggers": [],
    "Execution Time": 2112.098
  }
]