{
  "Plan": {
    "Node Type": "Aggregate",
    "Strategy": "Plain",
    "Partial Mode": "Finalize",
    "Parallel Aware": false,
    "Startup Cost": 102997.62,
    "Total Cost": 102997.63,
    "Plan Rows": 1,
    "Plan Width": 8,
    "Actual Startup Time": 399.964,
    "Actual Total Time": 425.378,
    "Actual Rows": 1,
    "Actual Loops": 1,
    "Plans": [
      {
        "Node Type": "Gather",
        "Parent Relationship": "Outer",
        "Parallel Aware": false,
        "Startup Cost": 102997.5,
        "Total Cost": 102997.61,
        "Plan Rows": 1,
        "Plan Width": 8,
        "Actual Startup Time": 397.813,
        "Actual Total Time": 425.37,
        "Actual Rows": 2,
        "Actual Loops": 1,
        "Workers Planned": 1,
        "Workers Launched": 1,
        "Single Copy": false,
        "Plans": [
          {
            "Node Type": "Aggregate",
            "Strategy": "Plain",
            "Partial Mode": "Partial",
            "Parent Relationship": "Outer",
            "Parallel Aware": false,
            "Startup Cost": 101997.5,
            "Total Cost": 101997.51,
            "Plan Rows": 1,
            "Plan Width": 8,
            "Actual Startup Time": 395.669,
            "Actual Total Time": 395.671,
            "Actual Rows": 1,
            "Actual Loops": 2,
            "Plans": [
              {
                "Node Type": "Nested Loop",
                "Parent Relationship": "Outer",
                "Parallel Aware": false,
                "Join Type": "Inner",
                "Startup Cost": 0.87,
                "Total Cost": 101943.22,
                "Plan Rows": 21714,
                "Plan Width": 0,
                "Actual Startup Time": 0.811,
                "Actual Total Time": 368.742,
                "Actual Rows": 663270,
                "Actual Loops": 2,
                "Inner Unique": false,
                "Join Filter": "(t.id = mi.movie_id)",
                "Rows Removed by Join Filter": 0,
                "Plans": [
                  {
                    "Node Type": "Nested Loop",
                    "Parent Relationship": "Outer",
                    "Parallel Aware": false,
                    "Join Type": "Inner",
                    "Startup Cost": 0.43,
                    "Total Cost": 94198.4,
                    "Plan Rows": 3714,
                    "Plan Width": 8,
                    "Actual Startup Time": 0.728,
                    "Actual Total Time": 146.059,
                    "Actual Rows": 10832,
                    "Actual Loops": 2,
                    "Inner Unique": false,
                    "Plans": [
                      {
                        "Node Type": "Seq Scan",
                        "Parent Relationship": "Outer",
                        "Parallel Aware": true,
                        "Relation Name": "title",
                        "Alias": "t",
                        "Startup Cost": 0.0,
                        "Total Cost": 58306.47,
                        "Plan Rows": 4238,
                        "Plan Width": 4,
                        "Actual Startup Time": 0.058,
                        "Actual Total Time": 117.089,
                        "Actual Rows": 4063,
                        "Actual Loops": 2,
                        "Filter": "((kind_id < 7) AND (production_year = 1987))",
                        "Rows Removed by Filter": 1260093
                      },
                      {
                        "Node Type": "Index Scan",
                        "Parent Relationship": "Inner",
                        "Parallel Aware": false,
                        "Scan Direction": "Forward",
                        "Index Name": "movie_id_movie_keyword",
                        "Relation Name": "movie_keyword",
                        "Alias": "mk",
                        "Startup Cost": 0.43,
                        "Total Cost": 8.25,
                        "Plan Rows": 22,
                        "Plan Width": 4,
                        "Actual Startup Time": 0.006,
                        "Actual Total Time": 0.007,
                        "Actual Rows": 3,
                        "Actual Loops": 8126,
                        "Index Cond": "(movie_id = t.id)",
                        "Rows Removed by Index Recheck": 0,
                        "Filter": "(keyword_id < 4520)",
                        "Rows Removed by Filter": 3
                      }
                    ]
                  },
                  {
                    "Node Type": "Index Only Scan",
                    "Parent Relationship": "Inner",
                    "Parallel Aware": false,
                    "Scan Direction": "Forward",
                    "Index Name": "movie_id_movie_info",
                    "Relation Name": "movie_info",
                    "Alias": "mi",
                    "Startup Cost": 0.43,
                    "Total Cost": 1.56,
                    "Plan Rows": 42,
                    "Plan Width": 4,
                    "Actual Startup Time": 0.004,
                    "Actual Total Time": 0.016,
                    "Actual Rows": 61,
                    "Actual Loops": 21664,
                    "Index Cond": "(movie_id = mk.movie_id)",
                    "Rows Removed by Index Recheck": 0,
                    "Heap Fetches": 1326540
                  }
                ]
              }
            ]
          }
        ]
      }
    ]
  },
  "Planning Time": 0.506,
  "Triggers": [],
  "Execution Time": 425.429
}