{
  "Plan": {
    "Node Type": "Aggregate",
    "Strategy": "Plain",
    "Partial Mode": "Finalize",
    "Parallel Aware": false,
    "Startup Cost": 138268.0,
    "Total Cost": 138268.01,
    "Plan Rows": 1,
    "Plan Width": 8,
    "Actual Startup Time": 583.232,
    "Actual Total Time": 602.492,
    "Actual Rows": 1,
    "Actual Loops": 1,
    "Plans": [
      {
        "Node Type": "Gather",
        "Parent Relationship": "Outer",
        "Parallel Aware": false,
        "Startup Cost": 138267.88,
        "Total Cost": 138267.99,
        "Plan Rows": 1,
        "Plan Width": 8,
        "Actual Startup Time": 582.528,
        "Actual Total Time": 602.484,
        "Actual Rows": 2,
        "Actual Loops": 1,
        "Workers Planned": 1,
        "Workers Launched": 1,
        "Single Copy": false,
        "Plans": [
          {
            "Node Type": "Aggregate",
            "Strategy": "Plain",
            "Partial Mode": "Partial",
            "Parent Relationship": "Outer",
            "Parallel Aware": false,
            "Startup Cost": 137267.88,
            "Total Cost": 137267.89,
            "Plan Rows": 1,
            "Plan Width": 8,
            "Actual Startup Time": 576.63,
            "Actual Total Time": 576.636,
            "Actual Rows": 1,
            "Actual Loops": 2,
            "Plans": [
              {
                "Node Type": "Hash Join",
                "Parent Relationship": "Outer",
                "Parallel Aware": true,
                "Join Type": "Inner",
                "Startup Cost": 75706.21,
                "Total Cost": 137113.67,
                "Plan Rows": 61684,
                "Plan Width": 0,
                "Actual Startup Time": 266.212,
                "Actual Total Time": 572.598,
                "Actual Rows": 101014,
                "Actual Loops": 2,
                "Inner Unique": false,
                "Hash Cond": "(mk.movie_id = t.id)",
                "Plans": [
                  {
                    "Node Type": "Seq Scan",
                    "Parent Relationship": "Outer",
                    "Parallel Aware": true,
                    "Relation Name": "movie_keyword",
                    "Alias": "mk",
                    "Startup Cost": 0.0,
                    "Total Cost": 51065.35,
                    "Plan Rows": 2661135,
                    "Plan Width": 4,
                    "Actual Startup Time": 0.016,
                    "Actual Total Time": 149.789,
                    "Actual Rows": 2261965,
                    "Actual Loops": 2
                  },
                  {
                    "Node Type": "Hash",
                    "Parent Relationship": "Inner",
                    "Parallel Aware": true,
                    "Startup Cost": 75275.29,
                    "Total Cost": 75275.29,
                    "Plan Rows": 34474,
                    "Plan Width": 8,
                    "Actual Startup Time": 264.526,
                    "Actual Total Time": 264.53,
                    "Actual Rows": 20683,
                    "Actual Loops": 2,
                    "Hash Buckets": 65536,
                    "Original Hash Buckets": 65536,
                    "Hash Batches": 1,
                    "Original Hash Batches": 1,
                    "Peak Memory Usage": 2176,
                    "Plans": [
                      {
                        "Node Type": "Hash Join",
                        "Parent Relationship": "Outer",
                        "Parallel Aware": true,
                        "Join Type": "Inner",
                        "Startup Cost": 55773.84,
                        "Total Cost": 75275.29,
                        "Plan Rows": 34474,
                        "Plan Width": 8,
                        "Actual Startup Time": 158.626,
                        "Actual Total Time": 260.164,
                        "Actual Rows": 20683,
                        "Actual Loops": 2,
                        "Inner Unique": true,
                        "Hash Cond": "(mi_idx.movie_id = t.id)",
                        "Plans": [
                          {
                            "Node Type": "Seq Scan",
                            "Parent Relationship": "Outer",
                            "Parallel Aware": true,
                            "Relation Name": "movie_info_idx",
                            "Alias": "mi_idx",
                            "Startup Cost": 0.0,
                            "Total Cost": 18082.32,
                            "Plan Rows": 540622,
                            "Plan Width": 4,
                            "Actual Startup Time": 0.019,
                            "Actual Total Time": 56.329,
                            "Actual Rows": 459925,
                            "Actual Loops": 2,
                            "Filter": "(info_type_id < 101)",
                            "Rows Removed by Filter": 230092
                          },
                          {
                            "Node Type": "Hash",
                            "Parent Relationship": "Inner",
                            "Parallel Aware": true,
                            "Startup Cost": 54588.39,
                            "Total Cost": 54588.39,
                            "Plan Rows": 94836,
                            "Plan Width": 4,
                            "Actual Startup Time": 156.146,
                            "Actual Total Time": 156.147,
                            "Actual Rows": 80008,
                            "Actual Loops": 2,
                            "Hash Buckets": 262144,
                            "Original Hash Buckets": 262144,
                            "Hash Batches": 1,
                            "Original Hash Batches": 1,
                            "Peak Memory Usage": 8352,
                            "Plans": [
                              {
                                "Node Type": "Seq Scan",
                                "Parent Relationship": "Outer",
                                "Parallel Aware": true,
                                "Relation Name": "title",
                                "Alias": "t",
                                "Startup Cost": 0.0,
                                "Total Cost": 54588.39,
                                "Plan Rows": 94836,
                                "Plan Width": 4,
                                "Actual Startup Time": 0.033,
                                "Actual Total Time": 134.721,
                                "Actual Rows": 80008,
                                "Actual Loops": 2,
                                "Filter": "(production_year = 2011)",
                                "Rows Removed by Filter": 1184148
                              }
                            ]
                          }
                        ]
                      }
                    ]
                  }
                ]
              }
            ]
          }
        ]
      }
    ]
  },
  "Planning Time": 0.874,
  "Triggers": [],
  "Execution Time": 602.573
}