{
  "Plan": {
    "Node Type": "Aggregate",
    "Strategy": "Plain",
    "Partial Mode": "Finalize",
    "Parallel Aware": false,
    "Startup Cost": 585677.36,
    "Total Cost": 585677.37,
    "Plan Rows": 1,
    "Plan Width": 8,
    "Actual Startup Time": 2394.769,
    "Actual Total Time": 2457.119,
    "Actual Rows": 1,
    "Actual Loops": 1,
    "Plans": [
      {
        "Node Type": "Gather",
        "Parent Relationship": "Outer",
        "Parallel Aware": false,
        "Startup Cost": 585677.25,
        "Total Cost": 585677.36,
        "Plan Rows": 1,
        "Plan Width": 8,
        "Actual Startup Time": 2394.57,
        "Actual Total Time": 2457.11,
        "Actual Rows": 2,
        "Actual Loops": 1,
        "Workers Planned": 1,
        "Workers Launched": 1,
        "Single Copy": false,
        "Plans": [
          {
            "Node Type": "Aggregate",
            "Strategy": "Plain",
            "Partial Mode": "Partial",
            "Parent Relationship": "Outer",
            "Parallel Aware": false,
            "Startup Cost": 584677.25,
            "Total Cost": 584677.26,
            "Plan Rows": 1,
            "Plan Width": 8,
            "Actual Startup Time": 2388.336,
            "Actual Total Time": 2388.34,
            "Actual Rows": 1,
            "Actual Loops": 2,
            "Plans": [
              {
                "Node Type": "Hash Join",
                "Parent Relationship": "Outer",
                "Parallel Aware": true,
                "Join Type": "Inner",
                "Startup Cost": 39553.75,
                "Total Cost": 584299.97,
                "Plan Rows": 150913,
                "Plan Width": 0,
                "Actual Startup Time": 63.77,
                "Actual Total Time": 2385.715,
                "Actual Rows": 36242,
                "Actual Loops": 2,
                "Inner Unique": true,
                "Hash Cond": "(ci.movie_id = t.id)",
                "Plans": [
                  {
                    "Node Type": "Seq Scan",
                    "Parent Relationship": "Outer",
                    "Parallel Aware": true,
                    "Relation Name": "cast_info",
                    "Alias": "ci",
                    "Startup Cost": 0.0,
                    "Total Cost": 519069.44,
                    "Plan Rows": 9781614,
                    "Plan Width": 4,
                    "Actual Startup Time": 0.017,
                    "Actual Total Time": 1592.097,
                    "Actual Rows": 8316686,
                    "Actual Loops": 2,
                    "Filter": "(person_id < 1646544)",
                    "Rows Removed by Filter": 9805486
                  },
                  {
                    "Node Type": "Hash",
                    "Parent Relationship": "Inner",
                    "Parallel Aware": true,
                    "Startup Cost": 39266.93,
                    "Total Cost": 39266.93,
                    "Plan Rows": 22945,
                    "Plan Width": 4,
                    "Actual Startup Time": 62.309,
                    "Actual Total Time": 62.311,
                    "Actual Rows": 6944,
                    "Actual Loops": 2,
                    "Hash Buckets": 65536,
                    "Original Hash Buckets": 65536,
                    "Hash Batches": 1,
                    "Original Hash Batches": 1,
                    "Peak Memory Usage": 1088,
                    "Plans": [
                      {
                        "Node Type": "Bitmap Heap Scan",
                        "Parent Relationship": "Outer",
                        "Parallel Aware": true,
                        "Relation Name": "title",
                        "Alias": "t",
                        "Startup Cost": 2190.69,
                        "Total Cost": 39266.93,
                        "Plan Rows": 22945,
                        "Plan Width": 4,
                        "Actual Startup Time": 17.4,
                        "Actual Total Time": 59.292,
                        "Actual Rows": 6944,
                        "Actual Loops": 2,
                        "Recheck Cond": "(kind_id = 4)",
                        "Rows Removed by Index Recheck": 0,
                        "Filter": "(production_year < 1995)",
                        "Rows Removed by Filter": 52174,
                        "Exact Heap Blocks": 10190,
                        "Lossy Heap Blocks": 0,
                        "Plans": [
                          {
                            "Node Type": "Bitmap Index Scan",
                            "Parent Relationship": "Outer",
                            "Parallel Aware": false,
                            "Index Name": "kind_id_title",
                            "Startup Cost": 0.0,
                            "Total Cost": 2180.94,
                            "Plan Rows": 122201,
                            "Plan Width": 0,
                            "Actual Startup Time": 16.736,
                            "Actual Total Time": 16.736,
                            "Actual Rows": 118234,
                            "Actual Loops": 1,
                            "Index Cond": "(kind_id = 4)"
                          }
                        ]
                      }
                    ]
                  }
                ]
              }
            ]
          }
        ]
      }
    ]
  },
  "Planning Time": 0.62,
  "Triggers": [],
  "Execution Time": 2457.227
}