[
  {
    "Plan": {
      "Node Type": "Aggregate",
      "Strategy": "Plain",
      "Partial Mode": "Finalize",
      "Parallel Aware": false,
      "Startup Cost": 46499.0,
      "Total Cost": 46499.01,
      "Plan Rows": 1,
      "Plan Width": 8,
      "Actual Startup Time": 104.183,
      "Actual Total Time": 116.468,
      "Actual Rows": 1,
      "Actual Loops": 1,
      "Plans": [
        {
          "Node Type": "Gather",
          "Parent Relationship": "Outer",
          "Parallel Aware": false,
          "Startup Cost": 46498.58,
          "Total Cost": 46498.99,
          "Plan Rows": 4,
          "Plan Width": 8,
          "Actual Startup Time": 103.87,
          "Actual Total Time": 116.46,
          "Actual Rows": 5,
          "Actual Loops": 1,
          "Workers Planned": 4,
          "Workers Launched": 4,
          "Single Copy": false,
          "Plans": [
            {
              "Node Type": "Aggregate",
              "Strategy": "Plain",
              "Partial Mode": "Partial",
              "Parent Relationship": "Outer",
              "Parallel Aware": false,
              "Startup Cost": 45498.58,
              "Total Cost": 45498.59,
              "Plan Rows": 1,
              "Plan Width": 8,
              "Actual Startup Time": 95.246,
              "Actual Total Time": 95.247,
              "Actual Rows": 1,
              "Actual Loops": 5,
              "Plans": [
                {
                  "Node Type": "Seq Scan",
                  "Parent Relationship": "Outer",
                  "Parallel Aware": true,
                  "Relation Name": "title",
                  "Alias": "t",
                  "Startup Cost": 0.0,
                  "Total Cost": 45479.1,
                  "Plan Rows": 7793,
                  "Plan Width": 0,
                  "Actual Startup Time": 60.646,
                  "Actual Total Time": 93.753,
                  "Actual Rows": 24071,
                  "Actual Loops": 5,
                  "Filter": "((production_year < 1932) AND (kind_id = 1))",
                  "Rows Removed by Filter": 481591
                }
              ]
            }
          ]
        }
      ]
    },
    "Planning Time": 0.168,
    "Triggers": [],
    "Execution Time": 116.524
  }
]