[
  {
    "Plan": {
      "Node Type": "Aggregate",
      "Strategy": "Plain",
      "Partial Mode": "Finalize",
      "Parallel Aware": false,
      "Startup Cost": 89960.22,
      "Total Cost": 89960.23,
      "Plan Rows": 1,
      "Plan Width": 8,
      "Actual Startup Time": 469.262,
      "Actual Total Time": 486.48,
      "Actual Rows": 1,
      "Actual Loops": 1,
      "Plans": [
        {
          "Node Type": "Gather",
          "Parent Relationship": "Outer",
          "Parallel Aware": false,
          "Startup Cost": 89960.0,
          "Total Cost": 89960.21,
          "Plan Rows": 2,
          "Plan Width": 8,
          "Actual Startup Time": 467.79,
          "Actual Total Time": 486.468,
          "Actual Rows": 3,
          "Actual Loops": 1,
          "Workers Planned": 2,
          "Workers Launched": 2,
          "Single Copy": false,
          "Plans": [
            {
              "Node Type": "Aggregate",
              "Strategy": "Plain",
              "Partial Mode": "Partial",
              "Parent Relationship": "Outer",
              "Parallel Aware": false,
              "Startup Cost": 88960.0,
              "Total Cost": 88960.01,
              "Plan Rows": 1,
              "Plan Width": 8,
              "Actual Startup Time": 459.31,
              "Actual Total Time": 459.318,
              "Actual Rows": 1,
              "Actual Loops": 3,
              "Plans": [
                {
                  "Node Type": "Hash Join",
                  "Parent Relationship": "Outer",
                  "Parallel Aware": true,
                  "Join Type": "Inner",
                  "Startup Cost": 72958.07,
                  "Total Cost": 88879.76,
                  "Plan Rows": 32097,
                  "Plan Width": 0,
                  "Actual Startup Time": 360.566,
                  "Actual Total Time": 454.861,
                  "Actual Rows": 110570,
                  "Actual Loops": 3,
                  "Inner Unique": false,
                  "Hash Cond": "(mi_idx.movie_id = t.id)",
                  "Plans": [
                    {
                      "Node Type": "Seq Scan",
                      "Parent Relationship": "Outer",
                      "Parallel Aware": true,
                      "Relation Name": "movie_info_idx",
                      "Alias": "mi_idx",
                      "Startup Cost": 0.0,
                      "Total Cost": 13685.15,
                      "Plan Rows": 575015,
                      "Plan Width": 4,
                      "Actual Startup Time": 0.03,
                      "Actual Total Time": 34.816,
                      "Actual Rows": 460012,
                      "Actual Loops": 3
                    },
                    {
                      "Node Type": "Hash",
                      "Parent Relationship": "Inner",
                      "Parallel Aware": true,
                      "Startup Cost": 72517.04,
                      "Total Cost": 72517.04,
                      "Plan Rows": 35282,
                      "Plan Width": 8,
                      "Actual Startup Time": 357.953,
                      "Actual Total Time": 357.959,
                      "Actual Rows": 73336,
                      "Actual Loops": 3,
                      "Hash Buckets": 262144,
                      "Original Hash Buckets": 262144,
                      "Hash Batches": 1,
                      "Original Hash Batches": 1,
                      "Peak Memory Usage": 10688,
                      "Plans": [
                        {
                          "Node Type": "Hash Join",
                          "Parent Relationship": "Outer",
                          "Parallel Aware": true,
                          "Join Type": "Inner",
                          "Startup Cost": 26924.13,
                          "Total Cost": 72517.04,
                          "Plan Rows": 35282,
                          "Plan Width": 8,
                          "Actual Startup Time": 103.577,
                          "Actual Total Time": 335.375,
                          "Actual Rows": 73336,
                          "Actual Loops": 3,
                          "Inner Unique": false,
                          "Hash Cond": "(t.id = mc.movie_id)",
                          "Plans": [
                            {
                              "Node Type": "Seq Scan",
                              "Parent Relationship": "Outer",
                              "Parallel Aware": true,
                              "Relation Name": "title",
                              "Alias": "t",
                              "Startup Cost": 0.0,
                              "Total Cost": 42318.73,
                              "Plan Rows": 632073,
                              "Plan Width": 4,
                              "Actual Startup Time": 0.01,
                              "Actual Total Time": 89.668,
                              "Actual Rows": 842771,
                              "Actual Loops": 3
                            },
                            {
                              "Node Type": "Hash",
                              "Parent Relationship": "Inner",
                              "Parallel Aware": true,
                              "Startup Cost": 26355.07,
                              "Total Cost": 26355.07,
                              "Plan Rows": 45525,
                              "Plan Width": 4,
                              "Actual Startup Time": 102.145,
                              "Actual Total Time": 102.147,
                              "Actual Rows": 73336,
                              "Actual Loops": 3,
                              "Hash Buckets": 262144,
                              "Original Hash Buckets": 262144,
                              "Hash Batches": 1,
                              "Original Hash Batches": 1,
                              "Peak Memory Usage": 10688,
                              "Plans": [
                                {
                                  "Node Type": "Bitmap Heap Scan",
                                  "Parent Relationship": "Outer",
                                  "Parallel Aware": true,
                                  "Relation Name": "movie_companies",
                                  "Alias": "mc",
                                  "Startup Cost": 6177.87,
                                  "Total Cost": 26355.07,
                                  "Plan Rows": 45525,
                                  "Plan Width": 4,
                                  "Actual Startup Time": 28.778,
                                  "Actual Total Time": 78.056,
                                  "Actual Rows": 73336,
                                  "Actual Loops": 3,
                                  "Recheck Cond": "(company_id < 159)",
                                  "Rows Removed by Index Recheck": 0,
                                  "Filter": "(company_type_id < 2)",
                                  "Rows Removed by Filter": 21769,
                                  "Exact Heap Blocks": 8725,
                                  "Lossy Heap Blocks": 0,
                                  "Plans": [
                                    {
                                      "Node Type": "Bitmap Index Scan",
                                      "Parent Relationship": "Outer",
                                      "Parallel Aware": false,
                                      "Index Name": "company_id_movie_companies",
                                      "Startup Cost": 0.0,
                                      "Total Cost": 6142.59,
                                      "Plan Rows": 286688,
                                      "Plan Width": 0,
                                      "Actual Startup Time": 26.31,
                                      "Actual Total Time": 26.311,
                                      "Actual Rows": 285317,
                                      "Actual Loops": 1,
                                      "Index Cond": "(company_id < 159)"
                                    }
                                  ]
                                }
                              ]
                            }
                          ]
                        }
                      ]
                    }
                  ]
                }
              ]
            }
          ]
        }
      ]
    },
    "Planning Time": 1.369,
    "Triggers": [],
    "Execution Time": 486.584
  }
]