[
  {
    "Plan": {
      "Node Type": "Aggregate",
      "Strategy": "Plain",
      "Partial Mode": "Finalize",
      "Parallel Aware": false,
      "Startup Cost": 375266.16,
      "Total Cost": 375266.17,
      "Plan Rows": 1,
      "Plan Width": 8,
      "Actual Startup Time": 1433.686,
      "Actual Total Time": 1495.645,
      "Actual Rows": 1,
      "Actual Loops": 1,
      "Plans": [
        {
          "Node Type": "Gather",
          "Parent Relationship": "Outer",
          "Parallel Aware": false,
          "Startup Cost": 375265.54,
          "Total Cost": 375266.15,
          "Plan Rows": 6,
          "Plan Width": 8,
          "Actual Startup Time": 1431.671,
          "Actual Total Time": 1495.635,
          "Actual Rows": 7,
          "Actual Loops": 1,
          "Workers Planned": 6,
          "Workers Launched": 6,
          "Single Copy": false,
          "Plans": [
            {
              "Node Type": "Aggregate",
              "Strategy": "Plain",
              "Partial Mode": "Partial",
              "Parent Relationship": "Outer",
              "Parallel Aware": false,
              "Startup Cost": 374265.54,
              "Total Cost": 374265.55,
              "Plan Rows": 1,
              "Plan Width": 8,
              "Actual Startup Time": 1421.396,
              "Actual Total Time": 1421.399,
              "Actual Rows": 1,
              "Actual Loops": 7,
              "Plans": [
                {
                  "Node Type": "Hash Join",
                  "Parent Relationship": "Outer",
                  "Parallel Aware": true,
                  "Join Type": "Inner",
                  "Startup Cost": 44397.04,
                  "Total Cost": 373313.84,
                  "Plan Rows": 380680,
                  "Plan Width": 0,
                  "Actual Startup Time": 83.305,
                  "Actual Total Time": 1409.225,
                  "Actual Rows": 210539,
                  "Actual Loops": 7,
                  "Inner Unique": true,
                  "Hash Cond": "(ci.movie_id = t.id)",
                  "Plans": [
                    {
                      "Node Type": "Seq Scan",
                      "Parent Relationship": "Outer",
                      "Parallel Aware": true,
                      "Relation Name": "cast_info",
                      "Alias": "ci",
                      "Startup Cost": 0.0,
                      "Total Cost": 313067.02,
                      "Plan Rows": 6038002,
                      "Plan Width": 4,
                      "Actual Startup Time": 0.022,
                      "Actual Total Time": 567.277,
                      "Actual Rows": 5177763,
                      "Actual Loops": 7
                    },
                    {
                      "Node Type": "Hash",
                      "Parent Relationship": "Inner",
                      "Parallel Aware": true,
                      "Startup Cost": 43898.92,
                      "Total Cost": 43898.92,
                      "Plan Rows": 39850,
                      "Plan Width": 4,
                      "Actual Startup Time": 81.184,
                      "Actual Total Time": 81.185,
                      "Actual Rows": 23455,
                      "Actual Loops": 7,
                      "Hash Buckets": 262144,
                      "Original Hash Buckets": 262144,
                      "Hash Batches": 1,
                      "Original Hash Batches": 1,
                      "Peak Memory Usage": 8576,
                      "Plans": [
                        {
                          "Node Type": "Seq Scan",
                          "Parent Relationship": "Outer",
                          "Parallel Aware": true,
                          "Relation Name": "title",
                          "Alias": "t",
                          "Startup Cost": 0.0,
                          "Total Cost": 43898.92,
                          "Plan Rows": 39850,
                          "Plan Width": 4,
                          "Actual Startup Time": 0.698,
                          "Actual Total Time": 72.701,
                          "Actual Rows": 23455,
                          "Actual Loops": 7,
                          "Filter": "(production_year < 1950)",
                          "Rows Removed by Filter": 337733
                        }
                      ]
                    }
                  ]
                }
              ]
            }
          ]
        }
      ]
    },
    "Planning Time": 0.465,
    "Triggers": [],
    "Execution Time": 1495.719
  }
]