[
  {
    "Plan": {
      "Node Type": "Aggregate",
      "Strategy": "Plain",
      "Partial Mode": "Finalize",
      "Parallel Aware": false,
      "Startup Cost": 78951.34,
      "Total Cost": 78951.35,
      "Plan Rows": 1,
      "Plan Width": 8,
      "Actual Startup Time": 199.097,
      "Actual Total Time": 215.914,
      "Actual Rows": 1,
      "Actual Loops": 1,
      "Plans": [
        {
          "Node Type": "Gather",
          "Parent Relationship": "Outer",
          "Parallel Aware": false,
          "Startup Cost": 78951.02,
          "Total Cost": 78951.33,
          "Plan Rows": 3,
          "Plan Width": 8,
          "Actual Startup Time": 198.796,
          "Actual Total Time": 215.906,
          "Actual Rows": 4,
          "Actual Loops": 1,
          "Workers Planned": 3,
          "Workers Launched": 3,
          "Single Copy": false,
          "Plans": [
            {
              "Node Type": "Aggregate",
              "Strategy": "Plain",
              "Partial Mode": "Partial",
              "Parent Relationship": "Outer",
              "Parallel Aware": false,
              "Startup Cost": 77951.02,
              "Total Cost": 77951.03,
              "Plan Rows": 1,
              "Plan Width": 8,
              "Actual Startup Time": 193.017,
              "Actual Total Time": 193.021,
              "Actual Rows": 1,
              "Actual Loops": 4,
              "Plans": [
                {
                  "Node Type": "Hash Join",
                  "Parent Relationship": "Outer",
                  "Parallel Aware": true,
                  "Join Type": "Inner",
                  "Startup Cost": 45580.45,
                  "Total Cost": 77939.54,
                  "Plan Rows": 4592,
                  "Plan Width": 0,
                  "Actual Startup Time": 128.367,
                  "Actual Total Time": 192.947,
                  "Actual Rows": 1322,
                  "Actual Loops": 4,
                  "Inner Unique": true,
                  "Hash Cond": "(mc.movie_id = t.id)",
                  "Plans": [
                    {
                      "Node Type": "Seq Scan",
                      "Parent Relationship": "Outer",
                      "Parallel Aware": true,
                      "Relation Name": "movie_companies",
                      "Alias": "mc",
                      "Startup Cost": 0.0,
                      "Total Cost": 31414.82,
                      "Plan Rows": 359725,
                      "Plan Width": 4,
                      "Actual Startup Time": 30.166,
                      "Actual Total Time": 66.58,
                      "Actual Rows": 309040,
                      "Actual Loops": 4,
                      "Filter": "((company_id > 297) AND (company_type_id > 1))",
                      "Rows Removed by Filter": 343243
                    },
                    {
                      "Node Type": "Hash",
                      "Parent Relationship": "Inner",
                      "Parallel Aware": true,
                      "Startup Cost": 45479.59,
                      "Total Cost": 45479.59,
                      "Plan Rows": 8069,
                      "Plan Width": 4,
                      "Actual Startup Time": 96.634,
                      "Actual Total Time": 96.636,
                      "Actual Rows": 8693,
                      "Actual Loops": 4,
                      "Hash Buckets": 32768,
                      "Original Hash Buckets": 32768,
                      "Hash Batches": 1,
                      "Original Hash Batches": 1,
                      "Peak Memory Usage": 1664,
                      "Plans": [
                        {
                          "Node Type": "Seq Scan",
                          "Parent Relationship": "Outer",
                          "Parallel Aware": true,
                          "Relation Name": "title",
                          "Alias": "t",
                          "Startup Cost": 0.0,
                          "Total Cost": 45479.59,
                          "Plan Rows": 8069,
                          "Plan Width": 4,
                          "Actual Startup Time": 0.04,
                          "Actual Total Time": 92.723,
                          "Actual Rows": 8693,
                          "Actual Loops": 4,
                          "Filter": "((kind_id = 7) AND (production_year = 1999))",
                          "Rows Removed by Filter": 623385
                        }
                      ]
                    }
                  ]
                }
              ]
            }
          ]
        }
      ]
    },
    "Planning Time": 0.751,
    "Triggers": [],
    "Execution Time": 215.984
  }
]