[
    {
        "Bao": {
            "Bao prediction": "NaN",
            "Bao recommended hint": "(no hint)"
        }
    },
    {
        "Plan": {
            "Node Type": "Aggregate",
            "Strategy": "Plain",
            "Partial Mode": "Finalize",
            "Parallel Aware": false,
            "Startup Cost": 32763.42,
            "Total Cost": 32763.43,
            "Plan Rows": 1,
            "Plan Width": 8,
            "Actual Startup Time": 88.416,
            "Actual Total Time": 94.269,
            "Actual Rows": 1,
            "Actual Loops": 1,
            "Output": [
                "count(*)"
            ],
            "Plans": [
                {
                    "Node Type": "Gather",
                    "Parent Relationship": "Outer",
                    "Parallel Aware": false,
                    "Startup Cost": 32763.1,
                    "Total Cost": 32763.41,
                    "Plan Rows": 3,
                    "Plan Width": 8,
                    "Actual Startup Time": 88.305,
                    "Actual Total Time": 94.262,
                    "Actual Rows": 4,
                    "Actual Loops": 1,
                    "Output": [
                        "(PARTIAL count(*))"
                    ],
                    "Workers Planned": 3,
                    "Workers Launched": 3,
                    "Single Copy": false,
                    "Plans": [
                        {
                            "Node Type": "Aggregate",
                            "Strategy": "Plain",
                            "Partial Mode": "Partial",
                            "Parent Relationship": "Outer",
                            "Parallel Aware": false,
                            "Startup Cost": 31763.1,
                            "Total Cost": 31763.11,
                            "Plan Rows": 1,
                            "Plan Width": 8,
                            "Actual Startup Time": 79.665,
                            "Actual Total Time": 79.667,
                            "Actual Rows": 1,
                            "Actual Loops": 4,
                            "Output": [
                                "PARTIAL count(*)"
                            ],
                            "Workers": [
                                {
                                    "Worker Number": 0,
                                    "Actual Startup Time": 76.984,
                                    "Actual Total Time": 76.985,
                                    "Actual Rows": 1,
                                    "Actual Loops": 1
                                },
                                {
                                    "Worker Number": 1,
                                    "Actual Startup Time": 77.45,
                                    "Actual Total Time": 77.452,
                                    "Actual Rows": 1,
                                    "Actual Loops": 1
                                },
                                {
                                    "Worker Number": 2,
                                    "Actual Startup Time": 76.217,
                                    "Actual Total Time": 76.218,
                                    "Actual Rows": 1,
                                    "Actual Loops": 1
                                }
                            ],
                            "Plans": [
                                {
                                    "Node Type": "Seq Scan",
                                    "Parent Relationship": "Outer",
                                    "Parallel Aware": true,
                                    "Relation Name": "movie_companies",
                                    "Schema": "public",
                                    "Alias": "mc",
                                    "Startup Cost": 0.0,
                                    "Total Cost": 31414.82,
                                    "Plan Rows": 139314,
                                    "Plan Width": 0,
                                    "Actual Startup Time": 16.801,
                                    "Actual Total Time": 77.867,
                                    "Actual Rows": 27944,
                                    "Actual Loops": 4,
                                    "Output": [
                                        "id",
                                        "movie_id",
                                        "company_id",
                                        "company_type_id",
                                        "note"
                                    ],
                                    "Filter": "((mc.company_id > 22519) AND (mc.company_type_id < 2))",
                                    "Rows Removed by Filter": 624338,
                                    "Workers": [
                                        {
                                            "Worker Number": 0,
                                            "Actual Startup Time": 14.112,
                                            "Actual Total Time": 75.277,
                                            "Actual Rows": 25212,
                                            "Actual Loops": 1
                                        },
                                        {
                                            "Worker Number": 1,
                                            "Actual Startup Time": 14.628,
                                            "Actual Total Time": 75.78,
                                            "Actual Rows": 13220,
                                            "Actual Loops": 1
                                        },
                                        {
                                            "Worker Number": 2,
                                            "Actual Startup Time": 13.331,
                                            "Actual Total Time": 74.492,
                                            "Actual Rows": 21317,
                                            "Actual Loops": 1
                                        }
                                    ]
                                }
                            ]
                        }
                    ]
                }
            ]
        },
        "Planning Time": 207.524,
        "Triggers": [],
        "Execution Time": 94.321
    }
]