[
  {
    "Plan": {
      "Node Type": "Aggregate",
      "Strategy": "Plain",
      "Partial Mode": "Simple",
      "Parallel Aware": false,
      "Startup Cost": 21284.56,
      "Total Cost": 21284.57,
      "Plan Rows": 1,
      "Plan Width": 8,
      "Actual Startup Time": 25.993,
      "Actual Total Time": 25.994,
      "Actual Rows": 1,
      "Actual Loops": 1,
      "Plans": [
        {
          "Node Type": "Bitmap Heap Scan",
          "Parent Relationship": "Outer",
          "Parallel Aware": false,
          "Relation Name": "movie_companies",
          "Alias": "mc",
          "Startup Cost": 1422.7,
          "Total Cost": 21200.42,
          "Plan Rows": 33653,
          "Plan Width": 0,
          "Actual Startup Time": 3.629,
          "Actual Total Time": 21.901,
          "Actual Rows": 64936,
          "Actual Loops": 1,
          "Recheck Cond": "(company_id > 180202)",
          "Rows Removed by Index Recheck": 0,
          "Filter": "(company_type_id = 2)",
          "Rows Removed by Filter": 0,
          "Exact Heap Blocks": 2294,
          "Lossy Heap Blocks": 0,
          "Plans": [
            {
              "Node Type": "Bitmap Index Scan",
              "Parent Relationship": "Outer",
              "Parallel Aware": false,
              "Index Name": "company_id_movie_companies",
              "Startup Cost": 0.0,
              "Total Cost": 1414.29,
              "Plan Rows": 65848,
              "Plan Width": 0,
              "Actual Startup Time": 3.265,
              "Actual Total Time": 3.265,
              "Actual Rows": 64936,
              "Actual Loops": 1,
              "Index Cond": "(company_id > 180202)"
            }
          ]
        }
      ]
    },
    "Planning Time": 0.212,
    "Triggers": [],
    "Execution Time": 26.056
  }
]