[
  {
    "Plan": {
      "Node Type": "Aggregate",
      "Strategy": "Plain",
      "Partial Mode": "Finalize",
      "Parallel Aware": false,
      "Startup Cost": 32814.07,
      "Total Cost": 32814.08,
      "Plan Rows": 1,
      "Plan Width": 8,
      "Actual Startup Time": 86.21,
      "Actual Total Time": 93.849,
      "Actual Rows": 1,
      "Actual Loops": 1,
      "Plans": [
        {
          "Node Type": "Gather",
          "Parent Relationship": "Outer",
          "Parallel Aware": false,
          "Startup Cost": 32813.75,
          "Total Cost": 32814.06,
          "Plan Rows": 3,
          "Plan Width": 8,
          "Actual Startup Time": 86.07,
          "Actual Total Time": 93.84,
          "Actual Rows": 4,
          "Actual Loops": 1,
          "Workers Planned": 3,
          "Workers Launched": 3,
          "Single Copy": false,
          "Plans": [
            {
              "Node Type": "Aggregate",
              "Strategy": "Plain",
              "Partial Mode": "Partial",
              "Parent Relationship": "Outer",
              "Parallel Aware": false,
              "Startup Cost": 31813.75,
              "Total Cost": 31813.76,
              "Plan Rows": 1,
              "Plan Width": 8,
              "Actual Startup Time": 79.282,
              "Actual Total Time": 79.283,
              "Actual Rows": 1,
              "Actual Loops": 4,
              "Plans": [
                {
                  "Node Type": "Seq Scan",
                  "Parent Relationship": "Outer",
                  "Parallel Aware": true,
                  "Relation Name": "movie_companies",
                  "Alias": "mc",
                  "Startup Cost": 0.0,
                  "Total Cost": 31414.82,
                  "Plan Rows": 159574,
                  "Plan Width": 0,
                  "Actual Startup Time": 47.617,
                  "Actual Total Time": 76.28,
                  "Actual Rows": 72210,
                  "Actual Loops": 4,
                  "Filter": "((company_id < 4226) AND (company_type_id > 1))",
                  "Rows Removed by Filter": 580073
                }
              ]
            }
          ]
        }
      ]
    },
    "Planning Time": 0.202,
    "Triggers": [],
    "Execution Time": 93.898
  }
]