[
  {
    "Plan": {
      "Node Type": "Aggregate",
      "Strategy": "Plain",
      "Partial Mode": "Finalize",
      "Parallel Aware": false,
      "Startup Cost": 44960.3,
      "Total Cost": 44960.31,
      "Plan Rows": 1,
      "Plan Width": 8,
      "Actual Startup Time": 119.679,
      "Actual Total Time": 129.285,
      "Actual Rows": 1,
      "Actual Loops": 1,
      "Plans": [
        {
          "Node Type": "Gather",
          "Parent Relationship": "Outer",
          "Parallel Aware": false,
          "Startup Cost": 44959.98,
          "Total Cost": 44960.29,
          "Plan Rows": 3,
          "Plan Width": 8,
          "Actual Startup Time": 119.565,
          "Actual Total Time": 129.275,
          "Actual Rows": 4,
          "Actual Loops": 1,
          "Workers Planned": 3,
          "Workers Launched": 3,
          "Single Copy": false,
          "Plans": [
            {
              "Node Type": "Aggregate",
              "Strategy": "Plain",
              "Partial Mode": "Partial",
              "Parent Relationship": "Outer",
              "Parallel Aware": false,
              "Startup Cost": 43959.98,
              "Total Cost": 43959.99,
              "Plan Rows": 1,
              "Plan Width": 8,
              "Actual Startup Time": 115.807,
              "Actual Total Time": 115.809,
              "Actual Rows": 1,
              "Actual Loops": 4,
              "Plans": [
                {
                  "Node Type": "Seq Scan",
                  "Parent Relationship": "Outer",
                  "Parallel Aware": true,
                  "Relation Name": "movie_keyword",
                  "Alias": "mk",
                  "Startup Cost": 0.0,
                  "Total Cost": 42695.65,
                  "Plan Rows": 505732,
                  "Plan Width": 0,
                  "Actual Startup Time": 1.295,
                  "Actual Total Time": 98.354,
                  "Actual Rows": 390151,
                  "Actual Loops": 4,
                  "Filter": "(keyword_id > 10076)",
                  "Rows Removed by Filter": 740831
                }
              ]
            }
          ]
        }
      ]
    },
    "Planning Time": 0.135,
    "Triggers": [],
    "Execution Time": 129.327
  }
]