{
  "Plan": {
    "Node Type": "Aggregate",
    "Strategy": "Plain",
    "Partial Mode": "Simple",
    "Parallel Aware": false,
    "Startup Cost": 96313.77,
    "Total Cost": 96313.78,
    "Plan Rows": 1,
    "Plan Width": 64,
    "Actual Startup Time": 41950.942,
    "Actual Total Time": 41951.075,
    "Actual Rows": 1,
    "Actual Loops": 1,
    "Plans": [
      {
        "Node Type": "Gather",
        "Parent Relationship": "Outer",
        "Parallel Aware": false,
        "Startup Cost": 4239.91,
        "Total Cost": 96313.76,
        "Plan Rows": 1,
        "Plan Width": 27,
        "Actual Startup Time": 10414.793,
        "Actual Total Time": 41950.947,
        "Actual Rows": 628,
        "Actual Loops": 1,
        "Workers Planned": 1,
        "Workers Launched": 0,
        "Single Copy": false,
        "Plans": [
          {
            "Node Type": "Nested Loop",
            "Parent Relationship": "Outer",
            "Parallel Aware": false,
            "Join Type": "Inner",
            "Startup Cost": 3239.91,
            "Total Cost": 95313.66,
            "Plan Rows": 1,
            "Plan Width": 27,
            "Actual Startup Time": 10413.475,
            "Actual Total Time": 41949.451,
            "Actual Rows": 628,
            "Actual Loops": 1,
            "Inner Unique": true,
            "Plans": [
              {
                "Node Type": "Nested Loop",
                "Parent Relationship": "Outer",
                "Parallel Aware": false,
                "Join Type": "Inner",
                "Startup Cost": 3239.77,
                "Total Cost": 95313.43,
                "Plan Rows": 1,
                "Plan Width": 31,
                "Actual Startup Time": 10413.459,
                "Actual Total Time": 41948.841,
                "Actual Rows": 628,
                "Actual Loops": 1,
                "Inner Unique": false,
                "Join Filter": "(t.id = mi.movie_id)",
                "Rows Removed by Join Filter": 0,
                "Plans": [
                  {
                    "Node Type": "Hash Join",
                    "Parent Relationship": "Outer",
                    "Parallel Aware": false,
                    "Join Type": "Inner",
                    "Startup Cost": 3239.33,
                    "Total Cost": 88105.25,
                    "Plan Rows": 4467,
                    "Plan Width": 43,
                    "Actual Startup Time": 299.144,
                    "Actual Total Time": 8746.909,
                    "Actual Rows": 944673,
                    "Actual Loops": 1,
                    "Inner Unique": true,
                    "Hash Cond": "(mc.company_type_id = ct.id)",
                    "Plans": [
                      {
                        "Node Type": "Nested Loop",
                        "Parent Relationship": "Outer",
                        "Parallel Aware": false,
                        "Join Type": "Inner",
                        "Startup Cost": 3238.24,
                        "Total Cost": 88080.0,
                        "Plan Rows": 4467,
                        "Plan Width": 47,
                        "Actual Startup Time": 299.095,
                        "Actual Total Time": 8543.806,
                        "Actual Rows": 944673,
                        "Actual Loops": 1,
                        "Inner Unique": true,
                        "Plans": [
                          {
                            "Node Type": "Nested Loop",
                            "Parent Relationship": "Outer",
                            "Parallel Aware": false,
                            "Join Type": "Inner",
                            "Startup Cost": 3237.82,
                            "Total Cost": 86119.96,
                            "Plan Rows": 4467,
                            "Plan Width": 51,
                            "Actual Startup Time": 299.075,
                            "Actual Total Time": 7170.795,
                            "Actual Rows": 944673,
                            "Actual Loops": 1,
                            "Inner Unique": true,
                            "Plans": [
                              {
                                "Node Type": "Nested Loop",
                                "Parent Relationship": "Outer",
                                "Parallel Aware": false,
                                "Join Type": "Inner",
                                "Startup Cost": 3237.4,
                                "Total Cost": 80627.69,
                                "Plan Rows": 12316,
                                "Plan Width": 55,
                                "Actual Startup Time": 298.987,
                                "Actual Total Time": 1870.525,
                                "Actual Rows": 4028622,
                                "Actual Loops": 1,
                                "Inner Unique": false,
                                "Join Filter": "(t.id = mc.movie_id)",
                                "Rows Removed by Join Filter": 0,
                                "Plans": [
                                  {
                                    "Node Type": "Nested Loop",
                                    "Parent Relationship": "Outer",
                                    "Parallel Aware": false,
                                    "Join Type": "Inner",
                                    "Startup Cost": 3236.97,
                                    "Total Cost": 73407.25,
                                    "Plan Rows": 11934,
                                    "Plan Width": 43,
                                    "Actual Startup Time": 298.966,
                                    "Actual Total Time": 596.609,
                                    "Actual Rows": 159164,
                                    "Actual Loops": 1,
                                    "Inner Unique": false,
                                    "Plans": [
                                      {
                                        "Node Type": "Hash Join",
                                        "Parent Relationship": "Outer",
                                        "Parallel Aware": false,
                                        "Join Type": "Inner",
                                        "Startup Cost": 3236.54,
                                        "Total Cost": 61266.75,
                                        "Plan Rows": 6669,
                                        "Plan Width": 35,
                                        "Actual Startup Time": 298.921,
                                        "Actual Total Time": 536.342,
                                        "Actual Rows": 1532,
                                        "Actual Loops": 1,
                                        "Inner Unique": true,
                                        "Hash Cond": "(t.kind_id = kt.id)",
                                        "Plans": [
                                          {
                                            "Node Type": "Hash Join",
                                            "Parent Relationship": "Outer",
                                            "Parallel Aware": false,
                                            "Join Type": "Inner",
                                            "Startup Cost": 3235.39,
                                            "Total Cost": 61216.41,
                                            "Plan Rows": 11672,
                                            "Plan Width": 29,
                                            "Actual Startup Time": 42.886,
                                            "Actual Total Time": 535.324,
                                            "Actual Rows": 2537,
                                            "Actual Loops": 1,
                                            "Inner Unique": false,
                                            "Hash Cond": "(t.id = cc.movie_id)",
                                            "Plans": [
                                              {
                                                "Node Type": "Seq Scan",
                                                "Parent Relationship": "Outer",
                                                "Parallel Aware": true,
                                                "Relation Name": "title",
                                                "Alias": "t",
                                                "Startup Cost": 0.0,
                                                "Total Cost": 54587.68,
                                                "Plan Rows": 873765,
                                                "Plan Width": 25,
                                                "Actual Startup Time": 0.011,
                                                "Actual Total Time": 282.848,
                                                "Actual Rows": 1485030,
                                                "Actual Loops": 1,
                                                "Filter": "(production_year > 1998)",
                                                "Rows Removed by Filter": 1043282
                                              },
                                              {
                                                "Node Type": "Hash",
                                                "Parent Relationship": "Inner",
                                                "Parallel Aware": false,
                                                "Startup Cost": 2813.24,
                                                "Total Cost": 2813.24,
                                                "Plan Rows": 33772,
                                                "Plan Width": 4,
                                                "Actual Startup Time": 42.61,
                                                "Actual Total Time": 42.614,
                                                "Actual Rows": 24592,
                                                "Actual Loops": 1,
                                                "Hash Buckets": 65536,
                                                "Original Hash Buckets": 65536,
                                                "Hash Batches": 1,
                                                "Original Hash Batches": 1,
                                                "Peak Memory Usage": 1377,
                                                "Plans": [
                                                  {
                                                    "Node Type": "Hash Join",
                                                    "Parent Relationship": "Outer",
                                                    "Parallel Aware": false,
                                                    "Join Type": "Inner",
                                                    "Startup Cost": 1.06,
                                                    "Total Cost": 2813.24,
                                                    "Plan Rows": 33772,
                                                    "Plan Width": 4,
                                                    "Actual Startup Time": 0.049,
                                                    "Actual Total Time": 37.52,
                                                    "Actual Rows": 24592,
                                                    "Actual Loops": 1,
                                                    "Inner Unique": true,
                                                    "Hash Cond": "(cc.status_id = cct1.id)",
                                                    "Plans": [
                                                      {
                                                        "Node Type": "Seq Scan",
                                                        "Parent Relationship": "Outer",
                                                        "Parallel Aware": false,
                                                        "Relation Name": "complete_cast",
                                                        "Alias": "cc",
                                                        "Startup Cost": 0.0,
                                                        "Total Cost": 2081.86,
                                                        "Plan Rows": 135086,
                                                        "Plan Width": 8,
                                                        "Actual Startup Time": 0.02,
                                                        "Actual Total Time": 16.412,
                                                        "Actual Rows": 135086,
                                                        "Actual Loops": 1
                                                      },
                                                      {
                                                        "Node Type": "Hash",
                                                        "Parent Relationship": "Inner",
                                                        "Parallel Aware": false,
                                                        "Startup Cost": 1.05,
                                                        "Total Cost": 1.05,
                                                        "Plan Rows": 1,
                                                        "Plan Width": 4,
                                                        "Actual Startup Time": 0.017,
                                                        "Actual Total Time": 0.018,
                                                        "Actual Rows": 1,
                                                        "Actual Loops": 1,
                                                        "Hash Buckets": 1024,
                                                        "Original Hash Buckets": 1024,
                                                        "Hash Batches": 1,
                                                        "Original Hash Batches": 1,
                                                        "Peak Memory Usage": 9,
                                                        "Plans": [
                                                          {
                                                            "Node Type": "Seq Scan",
                                                            "Parent Relationship": "Outer",
                                                            "Parallel Aware": false,
                                                            "Relation Name": "comp_cast_type",
                                                            "Alias": "cct1",
                                                            "Startup Cost": 0.0,
                                                            "Total Cost": 1.05,
                                                            "Plan Rows": 1,
                                                            "Plan Width": 4,
                                                            "Actual Startup Time": 0.014,
                                                            "Actual Total Time": 0.015,
                                                            "Actual Rows": 1,
                                                            "Actual Loops": 1,
                                                            "Filter": "((kind)::text = 'complete+verified'::text)",
                                                            "Rows Removed by Filter": 3
                                                          }
                                                        ]
                                                      }
                                                    ]
                                                  }
                                                ]
                                              }
                                            ]
                                          },
                                          {
                                            "Node Type": "Hash",
                                            "Parent Relationship": "Inner",
                                            "Parallel Aware": false,
                                            "Startup Cost": 1.1,
                                            "Total Cost": 1.1,
                                            "Plan Rows": 4,
                                            "Plan Width": 14,
                                            "Actual Startup Time": 0.031,
                                            "Actual Total Time": 0.032,
                                            "Actual Rows": 4,
                                            "Actual Loops": 1,
                                            "Hash Buckets": 1024,
                                            "Original Hash Buckets": 1024,
                                            "Hash Batches": 1,
                                            "Original Hash Batches": 1,
                                            "Peak Memory Usage": 9,
                                            "Plans": [
                                              {
                                                "Node Type": "Seq Scan",
                                                "Parent Relationship": "Outer",
                                                "Parallel Aware": false,
                                                "Relation Name": "kind_type",
                                                "Alias": "kt",
                                                "Startup Cost": 0.0,
                                                "Total Cost": 1.1,
                                                "Plan Rows": 4,
                                                "Plan Width": 14,
                                                "Actual Startup Time": 0.019,
                                                "Actual Total Time": 0.025,
                                                "Actual Rows": 4,
                                                "Actual Loops": 1,
                                                "Filter": "((kind)::text = ANY ('{movie,\"tv movie\",\"video movie\",\"video game\"}'::text[]))",
                                                "Rows Removed by Filter": 3
                                              }
                                            ]
                                          }
                                        ]
                                      },
                                      {
                                        "Node Type": "Index Scan",
                                        "Parent Relationship": "Inner",
                                        "Parallel Aware": false,
                                        "Scan Direction": "Forward",
                                        "Index Name": "movie_id_movie_keyword",
                                        "Relation Name": "movie_keyword",
                                        "Alias": "mk",
                                        "Startup Cost": 0.43,
                                        "Total Cost": 1.36,
                                        "Plan Rows": 46,
                                        "Plan Width": 8,
                                        "Actual Startup Time": 0.011,
                                        "Actual Total Time": 0.027,
                                        "Actual Rows": 104,
                                        "Actual Loops": 1532,
                                        "Index Cond": "(movie_id = t.id)",
                                        "Rows Removed by Index Recheck": 0
                                      }
                                    ]
                                  },
                                  {
                                    "Node Type": "Index Scan",
                                    "Parent Relationship": "Inner",
                                    "Parallel Aware": false,
                                    "Scan Direction": "Forward",
                                    "Index Name": "movie_id_movie_companies",
                                    "Relation Name": "movie_companies",
                                    "Alias": "mc",
                                    "Startup Cost": 0.43,
                                    "Total Cost": 0.54,
                                    "Plan Rows": 5,
                                    "Plan Width": 12,
                                    "Actual Startup Time": 0.001,
                                    "Actual Total Time": 0.004,
                                    "Actual Rows": 25,
                                    "Actual Loops": 159164,
                                    "Index Cond": "(movie_id = mk.movie_id)",
                                    "Rows Removed by Index Recheck": 0
                                  }
                                ]
                              },
                              {
                                "Node Type": "Index Scan",
                                "Parent Relationship": "Inner",
                                "Parallel Aware": false,
                                "Scan Direction": "Forward",
                                "Index Name": "company_name_pkey",
                                "Relation Name": "company_name",
                                "Alias": "cn",
                                "Startup Cost": 0.42,
                                "Total Cost": 0.45,
                                "Plan Rows": 1,
                                "Plan Width": 4,
                                "Actual Startup Time": 0.001,
                                "Actual Total Time": 0.001,
                                "Actual Rows": 0,
                                "Actual Loops": 4028622,
                                "Index Cond": "(id = mc.company_id)",
                                "Rows Removed by Index Recheck": 0,
                                "Filter": "((country_code)::text = '[us]'::text)",
                                "Rows Removed by Filter": 1
                              }
                            ]
                          },
                          {
                            "Node Type": "Index Only Scan",
                            "Parent Relationship": "Inner",
                            "Parallel Aware": false,
                            "Scan Direction": "Forward",
                            "Index Name": "keyword_pkey",
                            "Relation Name": "keyword",
                            "Alias": "k",
                            "Startup Cost": 0.42,
                            "Total Cost": 0.44,
                            "Plan Rows": 1,
                            "Plan Width": 4,
                            "Actual Startup Time": 0.001,
                            "Actual Total Time": 0.001,
                            "Actual Rows": 1,
                            "Actual Loops": 944673,
                            "Index Cond": "(id = mk.keyword_id)",
                            "Rows Removed by Index Recheck": 0,
                            "Heap Fetches": 944673
                          }
                        ]
                      },
                      {
                        "Node Type": "Hash",
                        "Parent Relationship": "Inner",
                        "Parallel Aware": false,
                        "Startup Cost": 1.04,
                        "Total Cost": 1.04,
                        "Plan Rows": 4,
                        "Plan Width": 4,
                        "Actual Startup Time": 0.032,
                        "Actual Total Time": 0.032,
                        "Actual Rows": 4,
                        "Actual Loops": 1,
                        "Hash Buckets": 1024,
                        "Original Hash Buckets": 1024,
                        "Hash Batches": 1,
                        "Original Hash Batches": 1,
                        "Peak Memory Usage": 9,
                        "Plans": [
                          {
                            "Node Type": "Seq Scan",
                            "Parent Relationship": "Outer",
                            "Parallel Aware": false,
                            "Relation Name": "company_type",
                            "Alias": "ct",
                            "Startup Cost": 0.0,
                            "Total Cost": 1.04,
                            "Plan Rows": 4,
                            "Plan Width": 4,
                            "Actual Startup Time": 0.019,
                            "Actual Total Time": 0.022,
                            "Actual Rows": 4,
                            "Actual Loops": 1
                          }
                        ]
                      }
                    ]
                  },
                  {
                    "Node Type": "Index Scan",
                    "Parent Relationship": "Inner",
                    "Parallel Aware": false,
                    "Scan Direction": "Forward",
                    "Index Name": "movie_id_movie_info",
                    "Relation Name": "movie_info",
                    "Alias": "mi",
                    "Startup Cost": 0.43,
                    "Total Cost": 1.6,
                    "Plan Rows": 1,
                    "Plan Width": 8,
                    "Actual Startup Time": 0.035,
                    "Actual Total Time": 0.035,
                    "Actual Rows": 0,
                    "Actual Loops": 944673,
                    "Index Cond": "(movie_id = mk.movie_id)",
                    "Rows Removed by Index Recheck": 0,
                    "Filter": "((info IS NOT NULL) AND (note ~~ '%internet%'::text) AND ((info ~~ 'USA:% 199%'::text) OR (info ~~ 'USA:% 200%'::text)))",
                    "Rows Removed by Filter": 269
                  }
                ]
              },
              {
                "Node Type": "Index Scan",
                "Parent Relationship": "Inner",
                "Parallel Aware": false,
                "Scan Direction": "Forward",
                "Index Name": "info_type_pkey",
                "Relation Name": "info_type",
                "Alias": "it1",
                "Startup Cost": 0.14,
                "Total Cost": 0.19,
                "Plan Rows": 1,
                "Plan Width": 4,
                "Actual Startup Time": 0.001,
                "Actual Total Time": 0.001,
                "Actual Rows": 1,
                "Actual Loops": 628,
                "Index Cond": "(id = mi.info_type_id)",
                "Rows Removed by Index Recheck": 0,
                "Filter": "((info)::text = 'release dates'::text)",
                "Rows Removed by Filter": 0
              }
            ]
          }
        ]
      }
    ]
  },
  "Planning Time": 3.486,
  "Triggers": [],
  "Execution Time": 41951.278
}