[
  {
    "Plan": {
      "Node Type": "Aggregate",
      "Strategy": "Plain",
      "Partial Mode": "Finalize",
      "Parallel Aware": false,
      "Startup Cost": 345922.09,
      "Total Cost": 345922.1,
      "Plan Rows": 1,
      "Plan Width": 8,
      "Actual Startup Time": 1742.511,
      "Actual Total Time": 1784.357,
      "Actual Rows": 1,
      "Actual Loops": 1,
      "Plans": [
        {
          "Node Type": "Gather",
          "Parent Relationship": "Outer",
          "Parallel Aware": false,
          "Startup Cost": 345921.47,
          "Total Cost": 345922.08,
          "Plan Rows": 6,
          "Plan Width": 8,
          "Actual Startup Time": 1702.612,
          "Actual Total Time": 1784.343,
          "Actual Rows": 7,
          "Actual Loops": 1,
          "Workers Planned": 6,
          "Workers Launched": 6,
          "Single Copy": false,
          "Plans": [
            {
              "Node Type": "Aggregate",
              "Strategy": "Plain",
              "Partial Mode": "Partial",
              "Parent Relationship": "Outer",
              "Parallel Aware": false,
              "Startup Cost": 344921.47,
              "Total Cost": 344921.48,
              "Plan Rows": 1,
              "Plan Width": 8,
              "Actual Startup Time": 1681.143,
              "Actual Total Time": 1681.907,
              "Actual Rows": 1,
              "Actual Loops": 7,
              "Plans": [
                {
                  "Node Type": "Hash Join",
                  "Parent Relationship": "Outer",
                  "Parallel Aware": true,
                  "Join Type": "Inner",
                  "Startup Cost": 104612.62,
                  "Total Cost": 341528.76,
                  "Plan Rows": 1357085,
                  "Plan Width": 0,
                  "Actual Startup Time": 493.579,
                  "Actual Total Time": 1444.88,
                  "Actual Rows": 5738421,
                  "Actual Loops": 7,
                  "Inner Unique": false,
                  "Hash Cond": "(ci.movie_id = t.id)",
                  "Plans": [
                    {
                      "Node Type": "Index Scan",
                      "Parent Relationship": "Outer",
                      "Parallel Aware": true,
                      "Scan Direction": "Forward",
                      "Index Name": "role_id_cast_info",
                      "Relation Name": "cast_info",
                      "Alias": "ci",
                      "Startup Cost": 0.56,
                      "Total Cost": 227171.99,
                      "Plan Rows": 1431208,
                      "Plan Width": 4,
                      "Actual Startup Time": 0.267,
                      "Actual Total Time": 206.729,
                      "Actual Rows": 1212331,
                      "Actual Loops": 7,
                      "Index Cond": "(role_id > 5)",
                      "Rows Removed by Index Recheck": 0
                    },
                    {
                      "Node Type": "Hash",
                      "Parent Relationship": "Inner",
                      "Parallel Aware": true,
                      "Startup Cost": 94945.31,
                      "Total Cost": 94945.31,
                      "Plan Rows": 773339,
                      "Plan Width": 8,
                      "Actual Startup Time": 486.64,
                      "Actual Total Time": 487.401,
                      "Actual Rows": 341825,
                      "Actual Loops": 7,
                      "Hash Buckets": 4194304,
                      "Original Hash Buckets": 4194304,
                      "Hash Batches": 1,
                      "Original Hash Batches": 1,
                      "Peak Memory Usage": 126432,
                      "Plans": [
                        {
                          "Node Type": "Hash Join",
                          "Parent Relationship": "Outer",
                          "Parallel Aware": true,
                          "Join Type": "Inner",
                          "Startup Cost": 50219.64,
                          "Total Cost": 94945.31,
                          "Plan Rows": 773339,
                          "Plan Width": 8,
                          "Actual Startup Time": 232.693,
                          "Actual Total Time": 379.936,
                          "Actual Rows": 341825,
                          "Actual Loops": 7,
                          "Inner Unique": true,
                          "Hash Cond": "(mk.movie_id = t.id)",
                          "Plans": [
                            {
                              "Node Type": "Seq Scan",
                              "Parent Relationship": "Outer",
                              "Parallel Aware": true,
                              "Relation Name": "movie_keyword",
                              "Alias": "mk",
                              "Startup Cost": 0.0,
                              "Total Cost": 42695.65,
                              "Plan Rows": 773339,
                              "Plan Width": 4,
                              "Actual Startup Time": 0.195,
                              "Actual Total Time": 75.134,
                              "Actual Rows": 341825,
                              "Actual Loops": 7,
                              "Filter": "(keyword_id > 3933)",
                              "Rows Removed by Filter": 304451
                            },
                            {
                              "Node Type": "Hash",
                              "Parent Relationship": "Inner",
                              "Parallel Aware": true,
                              "Startup Cost": 42318.73,
                              "Total Cost": 42318.73,
                              "Plan Rows": 632073,
                              "Plan Width": 4,
                              "Actual Startup Time": 229.203,
                              "Actual Total Time": 229.204,
                              "Actual Rows": 361187,
                              "Actual Loops": 7,
                              "Hash Buckets": 4194304,
                              "Original Hash Buckets": 4194304,
                              "Hash Batches": 1,
                              "Original Hash Batches": 1,
                              "Peak Memory Usage": 131808,
                              "Plans": [
                                {
                                  "Node Type": "Seq Scan",
                                  "Parent Relationship": "Outer",
                                  "Parallel Aware": true,
                                  "Relation Name": "title",
                                  "Alias": "t",
                                  "Startup Cost": 0.0,
                                  "Total Cost": 42318.73,
                                  "Plan Rows": 632073,
                                  "Plan Width": 4,
                                  "Actual Startup Time": 0.041,
                                  "Actual Total Time": 69.953,
                                  "Actual Rows": 361187,
                                  "Actual Loops": 7
                                }
                              ]
                            }
                          ]
                        }
                      ]
                    }
                  ]
                }
              ]
            }
          ]
        }
      ]
    },
    "Planning Time": 1.347,
    "Triggers": [],
    "Execution Time": 1784.455
  }
]