{
  "Plan": {
    "Node Type": "Aggregate",
    "Strategy": "Plain",
    "Partial Mode": "Finalize",
    "Parallel Aware": false,
    "Startup Cost": 373522.82,
    "Total Cost": 373522.83,
    "Plan Rows": 1,
    "Plan Width": 8,
    "Actual Startup Time": 1141.917,
    "Actual Total Time": 1165.31,
    "Actual Rows": 1,
    "Actual Loops": 1,
    "Plans": [
      {
        "Node Type": "Gather",
        "Parent Relationship": "Outer",
        "Parallel Aware": false,
        "Startup Cost": 373522.7,
        "Total Cost": 373522.81,
        "Plan Rows": 1,
        "Plan Width": 8,
        "Actual Startup Time": 1141.865,
        "Actual Total Time": 1165.301,
        "Actual Rows": 2,
        "Actual Loops": 1,
        "Workers Planned": 1,
        "Workers Launched": 1,
        "Single Copy": false,
        "Plans": [
          {
            "Node Type": "Aggregate",
            "Strategy": "Plain",
            "Partial Mode": "Partial",
            "Parent Relationship": "Outer",
            "Parallel Aware": false,
            "Startup Cost": 372522.7,
            "Total Cost": 372522.71,
            "Plan Rows": 1,
            "Plan Width": 8,
            "Actual Startup Time": 1135.891,
            "Actual Total Time": 1135.894,
            "Actual Rows": 1,
            "Actual Loops": 2,
            "Plans": [
              {
                "Node Type": "Hash Join",
                "Parent Relationship": "Outer",
                "Parallel Aware": true,
                "Join Type": "Inner",
                "Startup Cost": 58351.51,
                "Total Cost": 372502.11,
                "Plan Rows": 8238,
                "Plan Width": 0,
                "Actual Startup Time": 133.403,
                "Actual Total Time": 1135.258,
                "Actual Rows": 7448,
                "Actual Loops": 2,
                "Inner Unique": true,
                "Hash Cond": "(ci.movie_id = t.id)",
                "Plans": [
                  {
                    "Node Type": "Index Scan",
                    "Parent Relationship": "Outer",
                    "Parallel Aware": true,
                    "Scan Direction": "Forward",
                    "Index Name": "role_id_cast_info",
                    "Relation Name": "cast_info",
                    "Alias": "ci",
                    "Startup Cost": 0.56,
                    "Total Cost": 305110.75,
                    "Plan Rows": 3443964,
                    "Plan Width": 4,
                    "Actual Startup Time": 0.056,
                    "Actual Total Time": 695.961,
                    "Actual Rows": 3779390,
                    "Actual Loops": 2,
                    "Index Cond": "(role_id > 4)",
                    "Rows Removed by Index Recheck": 0,
                    "Filter": "(person_id > 1369756)",
                    "Rows Removed by Filter": 912961
                  },
                  {
                    "Node Type": "Hash",
                    "Parent Relationship": "Inner",
                    "Parallel Aware": true,
                    "Startup Cost": 58306.47,
                    "Total Cost": 58306.47,
                    "Plan Rows": 3558,
                    "Plan Width": 4,
                    "Actual Startup Time": 132.192,
                    "Actual Total Time": 132.193,
                    "Actual Rows": 3086,
                    "Actual Loops": 2,
                    "Hash Buckets": 8192,
                    "Original Hash Buckets": 8192,
                    "Hash Batches": 1,
                    "Original Hash Batches": 1,
                    "Peak Memory Usage": 352,
                    "Plans": [
                      {
                        "Node Type": "Seq Scan",
                        "Parent Relationship": "Outer",
                        "Parallel Aware": true,
                        "Relation Name": "title",
                        "Alias": "t",
                        "Startup Cost": 0.0,
                        "Total Cost": 58306.47,
                        "Plan Rows": 3558,
                        "Plan Width": 4,
                        "Actual Startup Time": 1.449,
                        "Actual Total Time": 131.037,
                        "Actual Rows": 3086,
                        "Actual Loops": 2,
                        "Filter": "((kind_id < 7) AND (production_year = 1971))",
                        "Rows Removed by Filter": 1261070
                      }
                    ]
                  }
                ]
              }
            ]
          }
        ]
      }
    ]
  },
  "Planning Time": 0.702,
  "Triggers": [],
  "Execution Time": 1165.411
}