[
  {
    "Plan": {
      "Node Type": "Aggregate",
      "Strategy": "Plain",
      "Partial Mode": "Finalize",
      "Parallel Aware": false,
      "Startup Cost": 349613.83,
      "Total Cost": 349613.84,
      "Plan Rows": 1,
      "Plan Width": 8,
      "Actual Startup Time": 800.939,
      "Actual Total Time": 861.724,
      "Actual Rows": 1,
      "Actual Loops": 1,
      "Plans": [
        {
          "Node Type": "Gather",
          "Parent Relationship": "Outer",
          "Parallel Aware": false,
          "Startup Cost": 349613.2,
          "Total Cost": 349613.81,
          "Plan Rows": 6,
          "Plan Width": 8,
          "Actual Startup Time": 800.834,
          "Actual Total Time": 861.714,
          "Actual Rows": 7,
          "Actual Loops": 1,
          "Workers Planned": 6,
          "Workers Launched": 6,
          "Single Copy": false,
          "Plans": [
            {
              "Node Type": "Aggregate",
              "Strategy": "Plain",
              "Partial Mode": "Partial",
              "Parent Relationship": "Outer",
              "Parallel Aware": false,
              "Startup Cost": 348613.2,
              "Total Cost": 348613.21,
              "Plan Rows": 1,
              "Plan Width": 8,
              "Actual Startup Time": 790.929,
              "Actual Total Time": 790.93,
              "Actual Rows": 1,
              "Actual Loops": 7,
              "Plans": [
                {
                  "Node Type": "Seq Scan",
                  "Parent Relationship": "Outer",
                  "Parallel Aware": true,
                  "Relation Name": "cast_info",
                  "Alias": "ci",
                  "Startup Cost": 0.0,
                  "Total Cost": 343257.03,
                  "Plan Rows": 2142469,
                  "Plan Width": 0,
                  "Actual Startup Time": 355.639,
                  "Actual Total Time": 698.093,
                  "Actual Rows": 1987156,
                  "Actual Loops": 7,
                  "Filter": "((person_id > 779352) AND (role_id > 2))",
                  "Rows Removed by Filter": 3190607
                }
              ]
            }
          ]
        }
      ]
    },
    "Planning Time": 0.197,
    "Triggers": [],
    "Execution Time": 861.794
  }
]