[
    {
        "Bao": {
            "Bao prediction": "NaN",
            "Bao recommended hint": "(no hint)"
        }
    },
    {
        "Plan": {
            "Node Type": "Aggregate",
            "Strategy": "Plain",
            "Partial Mode": "Finalize",
            "Parallel Aware": false,
            "Startup Cost": 273396.12,
            "Total Cost": 273396.13,
            "Plan Rows": 1,
            "Plan Width": 8,
            "Actual Startup Time": 123.564,
            "Actual Total Time": 126.878,
            "Actual Rows": 1,
            "Actual Loops": 1,
            "Output": [
                "count(*)"
            ],
            "Plans": [
                {
                    "Node Type": "Gather",
                    "Parent Relationship": "Outer",
                    "Parallel Aware": false,
                    "Startup Cost": 273395.5,
                    "Total Cost": 273396.11,
                    "Plan Rows": 6,
                    "Plan Width": 8,
                    "Actual Startup Time": 123.2,
                    "Actual Total Time": 126.868,
                    "Actual Rows": 7,
                    "Actual Loops": 1,
                    "Output": [
                        "(PARTIAL count(*))"
                    ],
                    "Workers Planned": 6,
                    "Workers Launched": 6,
                    "Single Copy": false,
                    "Plans": [
                        {
                            "Node Type": "Aggregate",
                            "Strategy": "Plain",
                            "Partial Mode": "Partial",
                            "Parent Relationship": "Outer",
                            "Parallel Aware": false,
                            "Startup Cost": 272395.5,
                            "Total Cost": 272395.51,
                            "Plan Rows": 1,
                            "Plan Width": 8,
                            "Actual Startup Time": 112.066,
                            "Actual Total Time": 112.067,
                            "Actual Rows": 1,
                            "Actual Loops": 7,
                            "Output": [
                                "PARTIAL count(*)"
                            ],
                            "Workers": [
                                {
                                    "Worker Number": 0,
                                    "Actual Startup Time": 109.742,
                                    "Actual Total Time": 109.743,
                                    "Actual Rows": 1,
                                    "Actual Loops": 1
                                },
                                {
                                    "Worker Number": 1,
                                    "Actual Startup Time": 110.116,
                                    "Actual Total Time": 110.118,
                                    "Actual Rows": 1,
                                    "Actual Loops": 1
                                },
                                {
                                    "Worker Number": 2,
                                    "Actual Startup Time": 110.046,
                                    "Actual Total Time": 110.048,
                                    "Actual Rows": 1,
                                    "Actual Loops": 1
                                },
                                {
                                    "Worker Number": 3,
                                    "Actual Startup Time": 110.272,
                                    "Actual Total Time": 110.273,
                                    "Actual Rows": 1,
                                    "Actual Loops": 1
                                },
                                {
                                    "Worker Number": 4,
                                    "Actual Startup Time": 110.975,
                                    "Actual Total Time": 110.976,
                                    "Actual Rows": 1,
                                    "Actual Loops": 1
                                },
                                {
                                    "Worker Number": 5,
                                    "Actual Startup Time": 110.972,
                                    "Actual Total Time": 110.974,
                                    "Actual Rows": 1,
                                    "Actual Loops": 1
                                }
                            ],
                            "Plans": [
                                {
                                    "Node Type": "Bitmap Heap Scan",
                                    "Parent Relationship": "Outer",
                                    "Parallel Aware": true,
                                    "Relation Name": "cast_info",
                                    "Schema": "public",
                                    "Alias": "ci",
                                    "Startup Cost": 17584.89,
                                    "Total Cost": 272277.8,
                                    "Plan Rows": 47081,
                                    "Plan Width": 0,
                                    "Actual Startup Time": 56.698,
                                    "Actual Total Time": 103.856,
                                    "Actual Rows": 87038,
                                    "Actual Loops": 7,
                                    "Recheck Cond": "(ci.person_id < 86548)",
                                    "Rows Removed by Index Recheck": 0,
                                    "Filter": "(ci.role_id < 2)",
                                    "Rows Removed by Filter": 30751,
                                    "Exact Heap Blocks": 1657,
                                    "Lossy Heap Blocks": 0,
                                    "Workers": [
                                        {
                                            "Worker Number": 0,
                                            "Actual Startup Time": 53.678,
                                            "Actual Total Time": 104.332,
                                            "Actual Rows": 58171,
                                            "Actual Loops": 1
                                        },
                                        {
                                            "Worker Number": 1,
                                            "Actual Startup Time": 56.588,
                                            "Actual Total Time": 101.969,
                                            "Actual Rows": 79630,
                                            "Actual Loops": 1
                                        },
                                        {
                                            "Worker Number": 2,
                                            "Actual Startup Time": 53.978,
                                            "Actual Total Time": 101.436,
                                            "Actual Rows": 81659,
                                            "Actual Loops": 1
                                        },
                                        {
                                            "Worker Number": 3,
                                            "Actual Startup Time": 56.995,
                                            "Actual Total Time": 102.6,
                                            "Actual Rows": 67798,
                                            "Actual Loops": 1
                                        },
                                        {
                                            "Worker Number": 4,
                                            "Actual Startup Time": 54.894,
                                            "Actual Total Time": 102.296,
                                            "Actual Rows": 88990,
                                            "Actual Loops": 1
                                        },
                                        {
                                            "Worker Number": 5,
                                            "Actual Startup Time": 54.896,
                                            "Actual Total Time": 101.954,
                                            "Actual Rows": 135023,
                                            "Actual Loops": 1
                                        }
                                    ],
                                    "Plans": [
                                        {
                                            "Node Type": "Bitmap Index Scan",
                                            "Parent Relationship": "Outer",
                                            "Parallel Aware": false,
                                            "Index Name": "person_id_cast_info",
                                            "Startup Cost": 0.0,
                                            "Total Cost": 17514.27,
                                            "Plan Rows": 802361,
                                            "Plan Width": 0,
                                            "Actual Startup Time": 63.903,
                                            "Actual Total Time": 63.904,
                                            "Actual Rows": 824519,
                                            "Actual Loops": 1,
                                            "Index Cond": "(ci.person_id < 86548)"
                                        }
                                    ]
                                }
                            ]
                        }
                    ]
                }
            ]
        },
        "Planning Time": 275.728,
        "Triggers": [],
        "Execution Time": 126.989
    }
]