[
  {
    "Plan": {
      "Node Type": "Aggregate",
      "Strategy": "Plain",
      "Partial Mode": "Finalize",
      "Parallel Aware": false,
      "Startup Cost": 409728.01,
      "Total Cost": 409728.02,
      "Plan Rows": 1,
      "Plan Width": 8,
      "Actual Startup Time": 1832.561,
      "Actual Total Time": 1922.797,
      "Actual Rows": 1,
      "Actual Loops": 1,
      "Plans": [
        {
          "Node Type": "Gather",
          "Parent Relationship": "Outer",
          "Parallel Aware": false,
          "Startup Cost": 409727.7,
          "Total Cost": 409728.01,
          "Plan Rows": 3,
          "Plan Width": 8,
          "Actual Startup Time": 1820.965,
          "Actual Total Time": 1922.784,
          "Actual Rows": 4,
          "Actual Loops": 1,
          "Workers Planned": 3,
          "Workers Launched": 3,
          "Single Copy": false,
          "Plans": [
            {
              "Node Type": "Aggregate",
              "Strategy": "Plain",
              "Partial Mode": "Partial",
              "Parent Relationship": "Outer",
              "Parallel Aware": false,
              "Startup Cost": 408727.7,
              "Total Cost": 408727.71,
              "Plan Rows": 1,
              "Plan Width": 8,
              "Actual Startup Time": 1810.724,
              "Actual Total Time": 1810.729,
              "Actual Rows": 1,
              "Actual Loops": 4,
              "Plans": [
                {
                  "Node Type": "Nested Loop",
                  "Parent Relationship": "Outer",
                  "Parallel Aware": false,
                  "Join Type": "Inner",
                  "Startup Cost": 61682.88,
                  "Total Cost": 403916.5,
                  "Plan Rows": 1924478,
                  "Plan Width": 0,
                  "Actual Startup Time": 300.938,
                  "Actual Total Time": 1745.142,
                  "Actual Rows": 1392201,
                  "Actual Loops": 4,
                  "Inner Unique": false,
                  "Plans": [
                    {
                      "Node Type": "Hash Join",
                      "Parent Relationship": "Outer",
                      "Parallel Aware": true,
                      "Join Type": "Inner",
                      "Startup Cost": 61682.31,
                      "Total Cost": 88883.85,
                      "Plan Rows": 134225,
                      "Plan Width": 8,
                      "Actual Startup Time": 300.817,
                      "Actual Total Time": 406.488,
                      "Actual Rows": 61929,
                      "Actual Loops": 4,
                      "Inner Unique": true,
                      "Hash Cond": "(mk.movie_id = t.id)",
                      "Plans": [
                        {
                          "Node Type": "Bitmap Heap Scan",
                          "Parent Relationship": "Outer",
                          "Parallel Aware": true,
                          "Relation Name": "movie_keyword",
                          "Alias": "mk",
                          "Startup Cost": 11944.71,
                          "Total Cost": 38669.4,
                          "Plan Rows": 181655,
                          "Plan Width": 4,
                          "Actual Startup Time": 34.076,
                          "Actual Total Time": 78.835,
                          "Actual Rows": 142574,
                          "Actual Loops": 4,
                          "Recheck Cond": "(keyword_id < 405)",
                          "Rows Removed by Index Recheck": 0,
                          "Exact Heap Blocks": 7217,
                          "Lossy Heap Blocks": 0,
                          "Plans": [
                            {
                              "Node Type": "Bitmap Index Scan",
                              "Parent Relationship": "Outer",
                              "Parallel Aware": false,
                              "Index Name": "keyword_id_movie_keyword",
                              "Startup Cost": 0.0,
                              "Total Cost": 11803.92,
                              "Plan Rows": 563132,
                              "Plan Width": 0,
                              "Actual Startup Time": 30.525,
                              "Actual Total Time": 30.527,
                              "Actual Rows": 570298,
                              "Actual Loops": 1,
                              "Index Cond": "(keyword_id < 405)"
                            }
                          ]
                        },
                        {
                          "Node Type": "Hash",
                          "Parent Relationship": "Inner",
                          "Parallel Aware": true,
                          "Startup Cost": 43899.32,
                          "Total Cost": 43899.32,
                          "Plan Rows": 467063,
                          "Plan Width": 4,
                          "Actual Startup Time": 260.809,
                          "Actual Total Time": 260.81,
                          "Actual Rows": 466372,
                          "Actual Loops": 4,
                          "Hash Buckets": 2097152,
                          "Original Hash Buckets": 2097152,
                          "Hash Batches": 1,
                          "Original Hash Batches": 1,
                          "Peak Memory Usage": 89408,
                          "Plans": [
                            {
                              "Node Type": "Seq Scan",
                              "Parent Relationship": "Outer",
                              "Parallel Aware": true,
                              "Relation Name": "title",
                              "Alias": "t",
                              "Startup Cost": 0.0,
                              "Total Cost": 43899.32,
                              "Plan Rows": 467063,
                              "Plan Width": 4,
                              "Actual Startup Time": 0.035,
                              "Actual Total Time": 103.558,
                              "Actual Rows": 466372,
                              "Actual Loops": 4,
                              "Filter": "(kind_id > 1)",
                              "Rows Removed by Filter": 165706
                            }
                          ]
                        }
                      ]
                    },
                    {
                      "Node Type": "Index Only Scan",
                      "Parent Relationship": "Inner",
                      "Parallel Aware": false,
                      "Scan Direction": "Forward",
                      "Index Name": "movie_id_cast_info",
                      "Relation Name": "cast_info",
                      "Alias": "ci",
                      "Startup Cost": 0.56,
                      "Total Cost": 2.0,
                      "Plan Rows": 35,
                      "Plan Width": 4,
                      "Actual Startup Time": 0.004,
                      "Actual Total Time": 0.02,
                      "Actual Rows": 22,
                      "Actual Loops": 247715,
                      "Index Cond": "(movie_id = t.id)",
                      "Rows Removed by Index Recheck": 0,
                      "Heap Fetches": 5568803
                    }
                  ]
                }
              ]
            }
          ]
        }
      ]
    },
    "Planning Time": 0.631,
    "Triggers": [],
    "Execution Time": 1922.882
  }
]