[
  {
    "Plan": {
      "Node Type": "Aggregate",
      "Strategy": "Plain",
      "Partial Mode": "Finalize",
      "Parallel Aware": false,
      "Startup Cost": 366760.67,
      "Total Cost": 366760.68,
      "Plan Rows": 1,
      "Plan Width": 8,
      "Actual Startup Time": 5305.486,
      "Actual Total Time": 5407.252,
      "Actual Rows": 1,
      "Actual Loops": 1,
      "Plans": [
        {
          "Node Type": "Gather",
          "Parent Relationship": "Outer",
          "Parallel Aware": false,
          "Startup Cost": 366760.25,
          "Total Cost": 366760.66,
          "Plan Rows": 4,
          "Plan Width": 8,
          "Actual Startup Time": 5302.167,
          "Actual Total Time": 5407.24,
          "Actual Rows": 5,
          "Actual Loops": 1,
          "Workers Planned": 4,
          "Workers Launched": 4,
          "Single Copy": false,
          "Plans": [
            {
              "Node Type": "Aggregate",
              "Strategy": "Plain",
              "Partial Mode": "Partial",
              "Parent Relationship": "Outer",
              "Parallel Aware": false,
              "Startup Cost": 365760.25,
              "Total Cost": 365760.26,
              "Plan Rows": 1,
              "Plan Width": 8,
              "Actual Startup Time": 5292.633,
              "Actual Total Time": 5292.739,
              "Actual Rows": 1,
              "Actual Loops": 5,
              "Plans": [
                {
                  "Node Type": "Nested Loop",
                  "Parent Relationship": "Outer",
                  "Parallel Aware": false,
                  "Join Type": "Inner",
                  "Startup Cost": 33492.32,
                  "Total Cost": 361147.36,
                  "Plan Rows": 1845158,
                  "Plan Width": 0,
                  "Actual Startup Time": 143.695,
                  "Actual Total Time": 5097.781,
                  "Actual Rows": 4173828,
                  "Actual Loops": 5,
                  "Inner Unique": false,
                  "Plans": [
                    {
                      "Node Type": "Hash Join",
                      "Parent Relationship": "Outer",
                      "Parallel Aware": true,
                      "Join Type": "Inner",
                      "Startup Cost": 33491.76,
                      "Total Cost": 79386.24,
                      "Plan Rows": 128770,
                      "Plan Width": 8,
                      "Actual Startup Time": 143.591,
                      "Actual Total Time": 487.169,
                      "Actual Rows": 165782,
                      "Actual Loops": 5,
                      "Inner Unique": false,
                      "Hash Cond": "(t.id = mc.movie_id)",
                      "Plans": [
                        {
                          "Node Type": "Seq Scan",
                          "Parent Relationship": "Outer",
                          "Parallel Aware": true,
                          "Relation Name": "title",
                          "Alias": "t",
                          "Startup Cost": 0.0,
                          "Total Cost": 42318.73,
                          "Plan Rows": 632073,
                          "Plan Width": 4,
                          "Actual Startup Time": 0.01,
                          "Actual Total Time": 71.308,
                          "Actual Rows": 505662,
                          "Actual Loops": 5
                        },
                        {
                          "Node Type": "Hash",
                          "Parent Relationship": "Inner",
                          "Parallel Aware": true,
                          "Startup Cost": 31414.82,
                          "Total Cost": 31414.82,
                          "Plan Rows": 166155,
                          "Plan Width": 4,
                          "Actual Startup Time": 140.74,
                          "Actual Total Time": 140.741,
                          "Actual Rows": 165782,
                          "Actual Loops": 5,
                          "Hash Buckets": 1048576,
                          "Original Hash Buckets": 524288,
                          "Hash Batches": 1,
                          "Original Hash Batches": 1,
                          "Peak Memory Usage": 44768,
                          "Plans": [
                            {
                              "Node Type": "Seq Scan",
                              "Parent Relationship": "Outer",
                              "Parallel Aware": true,
                              "Relation Name": "movie_companies",
                              "Alias": "mc",
                              "Startup Cost": 0.0,
                              "Total Cost": 31414.82,
                              "Plan Rows": 166155,
                              "Plan Width": 4,
                              "Actual Startup Time": 41.407,
                              "Actual Total Time": 75.705,
                              "Actual Rows": 165782,
                              "Actual Loops": 5,
                              "Filter": "((company_id > 15761) AND (company_type_id = 2))",
                              "Rows Removed by Filter": 356043
                            }
                          ]
                        }
                      ]
                    },
                    {
                      "Node Type": "Index Only Scan",
                      "Parent Relationship": "Inner",
                      "Parallel Aware": false,
                      "Scan Direction": "Forward",
                      "Index Name": "movie_id_cast_info",
                      "Relation Name": "cast_info",
                      "Alias": "ci",
                      "Startup Cost": 0.56,
                      "Total Cost": 1.82,
                      "Plan Rows": 37,
                      "Plan Width": 4,
                      "Actual Startup Time": 0.005,
                      "Actual Total Time": 0.026,
                      "Actual Rows": 25,
                      "Actual Loops": 828912,
                      "Index Cond": "(movie_id = t.id)",
                      "Rows Removed by Index Recheck": 0,
                      "Heap Fetches": 20869138
                    }
                  ]
                }
              ]
            }
          ]
        }
      ]
    },
    "Planning Time": 1.428,
    "Triggers": [],
    "Execution Time": 5407.361
  }
]