[
    {
        "Bao": {
            "Bao prediction": 445.965,
            "Bao recommended hint": "(no hint)"
        }
    },
    {
        "Plan": {
            "Node Type": "Aggregate",
            "Strategy": "Plain",
            "Partial Mode": "Finalize",
            "Parallel Aware": false,
            "Startup Cost": 30912.85,
            "Total Cost": 30912.86,
            "Plan Rows": 1,
            "Plan Width": 8,
            "Actual Startup Time": 115.254,
            "Actual Total Time": 122.594,
            "Actual Rows": 1,
            "Actual Loops": 1,
            "Output": [
                "count(*)"
            ],
            "Plans": [
                {
                    "Node Type": "Gather",
                    "Parent Relationship": "Outer",
                    "Parallel Aware": false,
                    "Startup Cost": 30912.53,
                    "Total Cost": 30912.84,
                    "Plan Rows": 3,
                    "Plan Width": 8,
                    "Actual Startup Time": 115.182,
                    "Actual Total Time": 122.587,
                    "Actual Rows": 4,
                    "Actual Loops": 1,
                    "Output": [
                        "(PARTIAL count(*))"
                    ],
                    "Workers Planned": 3,
                    "Workers Launched": 3,
                    "Single Copy": false,
                    "Plans": [
                        {
                            "Node Type": "Aggregate",
                            "Strategy": "Plain",
                            "Partial Mode": "Partial",
                            "Parent Relationship": "Outer",
                            "Parallel Aware": false,
                            "Startup Cost": 29912.53,
                            "Total Cost": 29912.54,
                            "Plan Rows": 1,
                            "Plan Width": 8,
                            "Actual Startup Time": 107.469,
                            "Actual Total Time": 107.47,
                            "Actual Rows": 1,
                            "Actual Loops": 4,
                            "Output": [
                                "PARTIAL count(*)"
                            ],
                            "Workers": [
                                {
                                    "Worker Number": 0,
                                    "Actual Startup Time": 104.869,
                                    "Actual Total Time": 104.87,
                                    "Actual Rows": 1,
                                    "Actual Loops": 1
                                },
                                {
                                    "Worker Number": 1,
                                    "Actual Startup Time": 105.053,
                                    "Actual Total Time": 105.054,
                                    "Actual Rows": 1,
                                    "Actual Loops": 1
                                },
                                {
                                    "Worker Number": 2,
                                    "Actual Startup Time": 105.356,
                                    "Actual Total Time": 105.357,
                                    "Actual Rows": 1,
                                    "Actual Loops": 1
                                }
                            ],
                            "Plans": [
                                {
                                    "Node Type": "Seq Scan",
                                    "Parent Relationship": "Outer",
                                    "Parallel Aware": true,
                                    "Relation Name": "movie_companies",
                                    "Schema": "public",
                                    "Alias": "mc",
                                    "Startup Cost": 0.0,
                                    "Total Cost": 29310.68,
                                    "Plan Rows": 240739,
                                    "Plan Width": 0,
                                    "Actual Startup Time": 29.838,
                                    "Actual Total Time": 94.987,
                                    "Actual Rows": 186923,
                                    "Actual Loops": 4,
                                    "Output": [
                                        "id",
                                        "movie_id",
                                        "company_id",
                                        "company_type_id",
                                        "note"
                                    ],
                                    "Filter": "(mc.company_id > 37408)",
                                    "Rows Removed by Filter": 465359,
                                    "Workers": [
                                        {
                                            "Worker Number": 0,
                                            "Actual Startup Time": 27.256,
                                            "Actual Total Time": 92.66,
                                            "Actual Rows": 177257,
                                            "Actual Loops": 1
                                        },
                                        {
                                            "Worker Number": 1,
                                            "Actual Startup Time": 27.426,
                                            "Actual Total Time": 92.816,
                                            "Actual Rows": 177257,
                                            "Actual Loops": 1
                                        },
                                        {
                                            "Worker Number": 2,
                                            "Actual Startup Time": 27.72,
                                            "Actual Total Time": 93.166,
                                            "Actual Rows": 177363,
                                            "Actual Loops": 1
                                        }
                                    ]
                                }
                            ]
                        }
                    ]
                }
            ]
        },
        "Planning Time": 3304.873,
        "Triggers": [],
        "Execution Time": 122.683
    }
]