[
  {
    "Plan": {
      "Node Type": "Aggregate",
      "Strategy": "Plain",
      "Partial Mode": "Finalize",
      "Parallel Aware": false,
      "Startup Cost": 61730.02,
      "Total Cost": 61730.03,
      "Plan Rows": 1,
      "Plan Width": 8,
      "Actual Startup Time": 190.171,
      "Actual Total Time": 203.769,
      "Actual Rows": 1,
      "Actual Loops": 1,
      "Plans": [
        {
          "Node Type": "Gather",
          "Parent Relationship": "Outer",
          "Parallel Aware": false,
          "Startup Cost": 61729.8,
          "Total Cost": 61730.01,
          "Plan Rows": 2,
          "Plan Width": 8,
          "Actual Startup Time": 189.879,
          "Actual Total Time": 203.761,
          "Actual Rows": 3,
          "Actual Loops": 1,
          "Workers Planned": 2,
          "Workers Launched": 2,
          "Single Copy": false,
          "Plans": [
            {
              "Node Type": "Aggregate",
              "Strategy": "Plain",
              "Partial Mode": "Partial",
              "Parent Relationship": "Outer",
              "Parallel Aware": false,
              "Startup Cost": 60729.8,
              "Total Cost": 60729.81,
              "Plan Rows": 1,
              "Plan Width": 8,
              "Actual Startup Time": 181.967,
              "Actual Total Time": 181.97,
              "Actual Rows": 1,
              "Actual Loops": 3,
              "Plans": [
                {
                  "Node Type": "Hash Join",
                  "Parent Relationship": "Outer",
                  "Parallel Aware": true,
                  "Join Type": "Inner",
                  "Startup Cost": 45526.6,
                  "Total Cost": 60721.16,
                  "Plan Rows": 3458,
                  "Plan Width": 0,
                  "Actual Startup Time": 112.549,
                  "Actual Total Time": 181.66,
                  "Actual Rows": 5812,
                  "Actual Loops": 3,
                  "Inner Unique": true,
                  "Hash Cond": "(mi_idx.movie_id = t.id)",
                  "Plans": [
                    {
                      "Node Type": "Seq Scan",
                      "Parent Relationship": "Outer",
                      "Parallel Aware": true,
                      "Relation Name": "movie_info_idx",
                      "Alias": "mi_idx",
                      "Startup Cost": 0.0,
                      "Total Cost": 13685.15,
                      "Plan Rows": 575015,
                      "Plan Width": 4,
                      "Actual Startup Time": 0.022,
                      "Actual Total Time": 34.919,
                      "Actual Rows": 460012,
                      "Actual Loops": 3
                    },
                    {
                      "Node Type": "Hash",
                      "Parent Relationship": "Inner",
                      "Parallel Aware": true,
                      "Startup Cost": 45479.1,
                      "Total Cost": 45479.1,
                      "Plan Rows": 3800,
                      "Plan Width": 4,
                      "Actual Startup Time": 111.307,
                      "Actual Total Time": 111.308,
                      "Actual Rows": 4323,
                      "Actual Loops": 3,
                      "Hash Buckets": 16384,
                      "Original Hash Buckets": 16384,
                      "Hash Batches": 1,
                      "Original Hash Batches": 1,
                      "Peak Memory Usage": 672,
                      "Plans": [
                        {
                          "Node Type": "Seq Scan",
                          "Parent Relationship": "Outer",
                          "Parallel Aware": true,
                          "Relation Name": "title",
                          "Alias": "t",
                          "Startup Cost": 0.0,
                          "Total Cost": 45479.1,
                          "Plan Rows": 3800,
                          "Plan Width": 4,
                          "Actual Startup Time": 0.334,
                          "Actual Total Time": 109.474,
                          "Actual Rows": 4323,
                          "Actual Loops": 3,
                          "Filter": "((kind_id < 7) AND (production_year = 1997))",
                          "Rows Removed by Filter": 838448
                        }
                      ]
                    }
                  ]
                }
              ]
            }
          ]
        }
      ]
    },
    "Planning Time": 0.564,
    "Triggers": [],
    "Execution Time": 203.834
  }
]