[
  {
    "Plan": {
      "Node Type": "Aggregate",
      "Strategy": "Plain",
      "Partial Mode": "Finalize",
      "Parallel Aware": false,
      "Startup Cost": 77248.52,
      "Total Cost": 77248.53,
      "Plan Rows": 1,
      "Plan Width": 8,
      "Actual Startup Time": 434.272,
      "Actual Total Time": 450.198,
      "Actual Rows": 1,
      "Actual Loops": 1,
      "Plans": [
        {
          "Node Type": "Gather",
          "Parent Relationship": "Outer",
          "Parallel Aware": false,
          "Startup Cost": 77248.2,
          "Total Cost": 77248.51,
          "Plan Rows": 3,
          "Plan Width": 8,
          "Actual Startup Time": 426.36,
          "Actual Total Time": 450.189,
          "Actual Rows": 4,
          "Actual Loops": 1,
          "Workers Planned": 3,
          "Workers Launched": 3,
          "Single Copy": false,
          "Plans": [
            {
              "Node Type": "Aggregate",
              "Strategy": "Plain",
              "Partial Mode": "Partial",
              "Parent Relationship": "Outer",
              "Parallel Aware": false,
              "Startup Cost": 76248.2,
              "Total Cost": 76248.21,
              "Plan Rows": 1,
              "Plan Width": 8,
              "Actual Startup Time": 406.987,
              "Actual Total Time": 406.991,
              "Actual Rows": 1,
              "Actual Loops": 4,
              "Plans": [
                {
                  "Node Type": "Hash Join",
                  "Parent Relationship": "Outer",
                  "Parallel Aware": true,
                  "Join Type": "Inner",
                  "Startup Cost": 51461.54,
                  "Total Cost": 76201.02,
                  "Plan Rows": 18875,
                  "Plan Width": 0,
                  "Actual Startup Time": 366.095,
                  "Actual Total Time": 405.958,
                  "Actual Rows": 14401,
                  "Actual Loops": 4,
                  "Inner Unique": true,
                  "Hash Cond": "(mk.movie_id = t.id)",
                  "Plans": [
                    {
                      "Node Type": "Bitmap Heap Scan",
                      "Parent Relationship": "Outer",
                      "Parallel Aware": true,
                      "Relation Name": "movie_keyword",
                      "Alias": "mk",
                      "Startup Cost": 1241.89,
                      "Total Cost": 25931.82,
                      "Plan Rows": 18875,
                      "Plan Width": 4,
                      "Actual Startup Time": 7.265,
                      "Actual Total Time": 32.79,
                      "Actual Rows": 14401,
                      "Actual Loops": 4,
                      "Recheck Cond": "(keyword_id < 56)",
                      "Rows Removed by Index Recheck": 0,
                      "Exact Heap Blocks": 6846,
                      "Lossy Heap Blocks": 0,
                      "Plans": [
                        {
                          "Node Type": "Bitmap Index Scan",
                          "Parent Relationship": "Outer",
                          "Parallel Aware": false,
                          "Index Name": "keyword_id_movie_keyword",
                          "Startup Cost": 0.0,
                          "Total Cost": 1227.26,
                          "Plan Rows": 58511,
                          "Plan Width": 0,
                          "Actual Startup Time": 4.742,
                          "Actual Total Time": 4.743,
                          "Actual Rows": 57603,
                          "Actual Loops": 1,
                          "Index Cond": "(keyword_id < 56)"
                        }
                      ]
                    },
                    {
                      "Node Type": "Hash",
                      "Parent Relationship": "Inner",
                      "Parallel Aware": true,
                      "Startup Cost": 42318.73,
                      "Total Cost": 42318.73,
                      "Plan Rows": 632073,
                      "Plan Width": 4,
                      "Actual Startup Time": 347.266,
                      "Actual Total Time": 347.267,
                      "Actual Rows": 632078,
                      "Actual Loops": 4,
                      "Hash Buckets": 4194304,
                      "Original Hash Buckets": 4194304,
                      "Hash Batches": 1,
                      "Original Hash Batches": 1,
                      "Peak Memory Usage": 131712,
                      "Plans": [
                        {
                          "Node Type": "Seq Scan",
                          "Parent Relationship": "Outer",
                          "Parallel Aware": true,
                          "Relation Name": "title",
                          "Alias": "t",
                          "Startup Cost": 0.0,
                          "Total Cost": 42318.73,
                          "Plan Rows": 632073,
                          "Plan Width": 4,
                          "Actual Startup Time": 0.047,
                          "Actual Total Time": 102.219,
                          "Actual Rows": 632078,
                          "Actual Loops": 4
                        }
                      ]
                    }
                  ]
                }
              ]
            }
          ]
        }
      ]
    },
    "Planning Time": 0.726,
    "Triggers": [],
    "Execution Time": 450.293
  }
]