[
  {
    "Plan": {
      "Node Type": "Aggregate",
      "Strategy": "Plain",
      "Partial Mode": "Finalize",
      "Parallel Aware": false,
      "Startup Cost": 123288.16,
      "Total Cost": 123288.17,
      "Plan Rows": 1,
      "Plan Width": 8,
      "Actual Startup Time": 560.15,
      "Actual Total Time": 582.344,
      "Actual Rows": 1,
      "Actual Loops": 1,
      "Plans": [
        {
          "Node Type": "Gather",
          "Parent Relationship": "Outer",
          "Parallel Aware": false,
          "Startup Cost": 123287.85,
          "Total Cost": 123288.16,
          "Plan Rows": 3,
          "Plan Width": 8,
          "Actual Startup Time": 553.385,
          "Actual Total Time": 582.33,
          "Actual Rows": 4,
          "Actual Loops": 1,
          "Workers Planned": 3,
          "Workers Launched": 3,
          "Single Copy": false,
          "Plans": [
            {
              "Node Type": "Aggregate",
              "Strategy": "Plain",
              "Partial Mode": "Partial",
              "Parent Relationship": "Outer",
              "Parallel Aware": false,
              "Startup Cost": 122287.85,
              "Total Cost": 122287.86,
              "Plan Rows": 1,
              "Plan Width": 8,
              "Actual Startup Time": 546.085,
              "Actual Total Time": 546.093,
              "Actual Rows": 1,
              "Actual Loops": 4,
              "Plans": [
                {
                  "Node Type": "Hash Join",
                  "Parent Relationship": "Outer",
                  "Parallel Aware": true,
                  "Join Type": "Inner",
                  "Startup Cost": 94954.24,
                  "Total Cost": 122206.68,
                  "Plan Rows": 32465,
                  "Plan Width": 0,
                  "Actual Startup Time": 472.763,
                  "Actual Total Time": 541.359,
                  "Actual Rows": 97685,
                  "Actual Loops": 4,
                  "Inner Unique": false,
                  "Hash Cond": "(mk.movie_id = t.id)",
                  "Plans": [
                    {
                      "Node Type": "Bitmap Heap Scan",
                      "Parent Relationship": "Outer",
                      "Parallel Aware": true,
                      "Relation Name": "movie_keyword",
                      "Alias": "mk",
                      "Startup Cost": 10902.99,
                      "Total Cost": 37429.08,
                      "Plan Rows": 165767,
                      "Plan Width": 4,
                      "Actual Startup Time": 34.333,
                      "Actual Total Time": 93.185,
                      "Actual Rows": 128575,
                      "Actual Loops": 4,
                      "Recheck Cond": "(keyword_id > 35235)",
                      "Rows Removed by Index Recheck": 0,
                      "Exact Heap Blocks": 8136,
                      "Lossy Heap Blocks": 0,
                      "Plans": [
                        {
                          "Node Type": "Bitmap Index Scan",
                          "Parent Relationship": "Outer",
                          "Parallel Aware": false,
                          "Index Name": "keyword_id_movie_keyword",
                          "Startup Cost": 0.0,
                          "Total Cost": 10774.52,
                          "Plan Rows": 513878,
                          "Plan Width": 0,
                          "Actual Startup Time": 30.913,
                          "Actual Total Time": 30.914,
                          "Actual Rows": 514301,
                          "Actual Loops": 1,
                          "Index Cond": "(keyword_id > 35235)"
                        }
                      ]
                    },
                    {
                      "Node Type": "Hash",
                      "Parent Relationship": "Inner",
                      "Parallel Aware": true,
                      "Startup Cost": 82054.52,
                      "Total Cost": 82054.52,
                      "Plan Rows": 159739,
                      "Plan Width": 8,
                      "Actual Startup Time": 417.052,
                      "Actual Total Time": 417.058,
                      "Actual Rows": 46387,
                      "Actual Loops": 4,
                      "Hash Buckets": 524288,
                      "Original Hash Buckets": 524288,
                      "Hash Batches": 1,
                      "Original Hash Batches": 1,
                      "Peak Memory Usage": 11424,
                      "Plans": [
                        {
                          "Node Type": "Hash Join",
                          "Parent Relationship": "Outer",
                          "Parallel Aware": true,
                          "Join Type": "Inner",
                          "Startup Cost": 50220.38,
                          "Total Cost": 82054.52,
                          "Plan Rows": 159739,
                          "Plan Width": 8,
                          "Actual Startup Time": 334.63,
                          "Actual Total Time": 403.004,
                          "Actual Rows": 46387,
                          "Actual Loops": 4,
                          "Inner Unique": true,
                          "Hash Cond": "(mc.movie_id = t.id)",
                          "Plans": [
                            {
                              "Node Type": "Seq Scan",
                              "Parent Relationship": "Outer",
                              "Parallel Aware": true,
                              "Relation Name": "movie_companies",
                              "Alias": "mc",
                              "Startup Cost": 0.0,
                              "Total Cost": 31414.82,
                              "Plan Rows": 159739,
                              "Plan Width": 4,
                              "Actual Startup Time": 9.989,
                              "Actual Total Time": 59.079,
                              "Actual Rows": 46387,
                              "Actual Loops": 4,
                              "Filter": "((company_id > 16451) AND (company_type_id < 2))",
                              "Rows Removed by Filter": 605896
                            },
                            {
                              "Node Type": "Hash",
                              "Parent Relationship": "Inner",
                              "Parallel Aware": true,
                              "Startup Cost": 42319.06,
                              "Total Cost": 42319.06,
                              "Plan Rows": 632106,
                              "Plan Width": 4,
                              "Actual Startup Time": 318.352,
                              "Actual Total Time": 318.354,
                              "Actual Rows": 632078,
                              "Actual Loops": 4,
                              "Hash Buckets": 4194304,
                              "Original Hash Buckets": 4194304,
                              "Hash Batches": 1,
                              "Original Hash Batches": 1,
                              "Peak Memory Usage": 131744,
                              "Plans": [
                                {
                                  "Node Type": "Seq Scan",
                                  "Parent Relationship": "Outer",
                                  "Parallel Aware": true,
                                  "Relation Name": "title",
                                  "Alias": "t",
                                  "Startup Cost": 0.0,
                                  "Total Cost": 42319.06,
                                  "Plan Rows": 632106,
                                  "Plan Width": 4,
                                  "Actual Startup Time": 0.017,
                                  "Actual Total Time": 97.525,
                                  "Actual Rows": 632078,
                                  "Actual Loops": 4
                                }
                              ]
                            }
                          ]
                        }
                      ]
                    }
                  ]
                }
              ]
            }
          ]
        }
      ]
    },
    "Planning Time": 0.548,
    "Triggers": [],
    "Execution Time": 582.403
  }
]