[
  {
    "Plan": {
      "Node Type": "Aggregate",
      "Strategy": "Plain",
      "Partial Mode": "Finalize",
      "Parallel Aware": false,
      "Startup Cost": 120435.52,
      "Total Cost": 120435.53,
      "Plan Rows": 1,
      "Plan Width": 8,
      "Actual Startup Time": 430.742,
      "Actual Total Time": 451.609,
      "Actual Rows": 1,
      "Actual Loops": 1,
      "Plans": [
        {
          "Node Type": "Gather",
          "Parent Relationship": "Outer",
          "Parallel Aware": false,
          "Startup Cost": 120435.2,
          "Total Cost": 120435.51,
          "Plan Rows": 3,
          "Plan Width": 8,
          "Actual Startup Time": 428.358,
          "Actual Total Time": 451.599,
          "Actual Rows": 4,
          "Actual Loops": 1,
          "Workers Planned": 3,
          "Workers Launched": 3,
          "Single Copy": false,
          "Plans": [
            {
              "Node Type": "Aggregate",
              "Strategy": "Plain",
              "Partial Mode": "Partial",
              "Parent Relationship": "Outer",
              "Parallel Aware": false,
              "Startup Cost": 119435.2,
              "Total Cost": 119435.21,
              "Plan Rows": 1,
              "Plan Width": 8,
              "Actual Startup Time": 418.915,
              "Actual Total Time": 418.99,
              "Actual Rows": 1,
              "Actual Loops": 4,
              "Plans": [
                {
                  "Node Type": "Hash Join",
                  "Parent Relationship": "Outer",
                  "Parallel Aware": true,
                  "Join Type": "Inner",
                  "Startup Cost": 92038.0,
                  "Total Cost": 119352.41,
                  "Plan Rows": 33117,
                  "Plan Width": 0,
                  "Actual Startup Time": 342.965,
                  "Actual Total Time": 414.288,
                  "Actual Rows": 97685,
                  "Actual Loops": 4,
                  "Inner Unique": false,
                  "Hash Cond": "(mk.movie_id = t.id)",
                  "Plans": [
                    {
                      "Node Type": "Bitmap Heap Scan",
                      "Parent Relationship": "Outer",
                      "Parallel Aware": true,
                      "Relation Name": "movie_keyword",
                      "Alias": "mk",
                      "Startup Cost": 11243.03,
                      "Total Cost": 37833.66,
                      "Plan Rows": 170930,
                      "Plan Width": 4,
                      "Actual Startup Time": 31.514,
                      "Actual Total Time": 91.913,
                      "Actual Rows": 128575,
                      "Actual Loops": 4,
                      "Recheck Cond": "(keyword_id > 35235)",
                      "Rows Removed by Index Recheck": 0,
                      "Exact Heap Blocks": 8609,
                      "Lossy Heap Blocks": 0,
                      "Plans": [
                        {
                          "Node Type": "Bitmap Index Scan",
                          "Parent Relationship": "Outer",
                          "Parallel Aware": false,
                          "Index Name": "keyword_id_movie_keyword",
                          "Startup Cost": 0.0,
                          "Total Cost": 11110.56,
                          "Plan Rows": 529884,
                          "Plan Width": 0,
                          "Actual Startup Time": 27.992,
                          "Actual Total Time": 27.993,
                          "Actual Rows": 514301,
                          "Actual Loops": 1,
                          "Index Cond": "(keyword_id > 35235)"
                        }
                      ]
                    },
                    {
                      "Node Type": "Hash",
                      "Parent Relationship": "Inner",
                      "Parallel Aware": true,
                      "Startup Cost": 79264.17,
                      "Total Cost": 79264.17,
                      "Plan Rows": 122464,
                      "Plan Width": 8,
                      "Actual Startup Time": 289.929,
                      "Actual Total Time": 289.999,
                      "Actual Rows": 46387,
                      "Actual Loops": 4,
                      "Hash Buckets": 524288,
                      "Original Hash Buckets": 524288,
                      "Hash Batches": 1,
                      "Original Hash Batches": 1,
                      "Peak Memory Usage": 11392,
                      "Plans": [
                        {
                          "Node Type": "Hash Join",
                          "Parent Relationship": "Outer",
                          "Parallel Aware": true,
                          "Join Type": "Inner",
                          "Startup Cost": 33390.03,
                          "Total Cost": 79264.17,
                          "Plan Rows": 122464,
                          "Plan Width": 8,
                          "Actual Startup Time": 196.312,
                          "Actual Total Time": 274.914,
                          "Actual Rows": 46387,
                          "Actual Loops": 4,
                          "Inner Unique": false,
                          "Hash Cond": "(t.id = mc.movie_id)",
                          "Plans": [
                            {
                              "Node Type": "Seq Scan",
                              "Parent Relationship": "Outer",
                              "Parallel Aware": true,
                              "Relation Name": "title",
                              "Alias": "t",
                              "Startup Cost": 0.0,
                              "Total Cost": 42318.73,
                              "Plan Rows": 632073,
                              "Plan Width": 4,
                              "Actual Startup Time": 0.015,
                              "Actual Total Time": 77.972,
                              "Actual Rows": 632078,
                              "Actual Loops": 4
                            },
                            {
                              "Node Type": "Hash",
                              "Parent Relationship": "Inner",
                              "Parallel Aware": true,
                              "Startup Cost": 31414.82,
                              "Total Cost": 31414.82,
                              "Plan Rows": 158017,
                              "Plan Width": 4,
                              "Actual Startup Time": 99.824,
                              "Actual Total Time": 99.825,
                              "Actual Rows": 46387,
                              "Actual Loops": 4,
                              "Hash Buckets": 524288,
                              "Original Hash Buckets": 524288,
                              "Hash Batches": 1,
                              "Original Hash Batches": 1,
                              "Peak Memory Usage": 11456,
                              "Plans": [
                                {
                                  "Node Type": "Seq Scan",
                                  "Parent Relationship": "Outer",
                                  "Parallel Aware": true,
                                  "Relation Name": "movie_companies",
                                  "Alias": "mc",
                                  "Startup Cost": 0.0,
                                  "Total Cost": 31414.82,
                                  "Plan Rows": 158017,
                                  "Plan Width": 4,
                                  "Actual Startup Time": 23.139,
                                  "Actual Total Time": 80.657,
                                  "Actual Rows": 46387,
                                  "Actual Loops": 4,
                                  "Filter": "((company_id > 16451) AND (company_type_id < 2))",
                                  "Rows Removed by Filter": 605896
                                }
                              ]
                            }
                          ]
                        }
                      ]
                    }
                  ]
                }
              ]
            }
          ]
        }
      ]
    },
    "Planning Time": 1.407,
    "Triggers": [],
    "Execution Time": 451.778
  }
]