[
    {
        "Bao": {
            "Bao prediction": "NaN",
            "Bao recommended hint": "(no hint)"
        }
    },
    {
        "Plan": {
            "Node Type": "Aggregate",
            "Strategy": "Plain",
            "Partial Mode": "Finalize",
            "Parallel Aware": false,
            "Startup Cost": 44193.18,
            "Total Cost": 44193.19,
            "Plan Rows": 1,
            "Plan Width": 8,
            "Actual Startup Time": 176.752,
            "Actual Total Time": 186.625,
            "Actual Rows": 1,
            "Actual Loops": 1,
            "Output": [
                "count(*)"
            ],
            "Plans": [
                {
                    "Node Type": "Gather",
                    "Parent Relationship": "Outer",
                    "Parallel Aware": false,
                    "Startup Cost": 44192.86,
                    "Total Cost": 44193.17,
                    "Plan Rows": 3,
                    "Plan Width": 8,
                    "Actual Startup Time": 176.471,
                    "Actual Total Time": 186.615,
                    "Actual Rows": 4,
                    "Actual Loops": 1,
                    "Output": [
                        "(PARTIAL count(*))"
                    ],
                    "Workers Planned": 3,
                    "Workers Launched": 3,
                    "Single Copy": false,
                    "Plans": [
                        {
                            "Node Type": "Aggregate",
                            "Strategy": "Plain",
                            "Partial Mode": "Partial",
                            "Parent Relationship": "Outer",
                            "Parallel Aware": false,
                            "Startup Cost": 43192.86,
                            "Total Cost": 43192.87,
                            "Plan Rows": 1,
                            "Plan Width": 8,
                            "Actual Startup Time": 167.792,
                            "Actual Total Time": 167.794,
                            "Actual Rows": 1,
                            "Actual Loops": 4,
                            "Output": [
                                "PARTIAL count(*)"
                            ],
                            "Workers": [
                                {
                                    "Worker Number": 0,
                                    "Actual Startup Time": 164.829,
                                    "Actual Total Time": 164.83,
                                    "Actual Rows": 1,
                                    "Actual Loops": 1
                                },
                                {
                                    "Worker Number": 1,
                                    "Actual Startup Time": 164.812,
                                    "Actual Total Time": 164.815,
                                    "Actual Rows": 1,
                                    "Actual Loops": 1
                                },
                                {
                                    "Worker Number": 2,
                                    "Actual Startup Time": 165.448,
                                    "Actual Total Time": 165.45,
                                    "Actual Rows": 1,
                                    "Actual Loops": 1
                                }
                            ],
                            "Plans": [
                                {
                                    "Node Type": "Bitmap Heap Scan",
                                    "Parent Relationship": "Outer",
                                    "Parallel Aware": true,
                                    "Relation Name": "movie_keyword",
                                    "Schema": "public",
                                    "Alias": "mk",
                                    "Startup Cost": 15258.62,
                                    "Total Cost": 42612.82,
                                    "Plan Rows": 232016,
                                    "Plan Width": 0,
                                    "Actual Startup Time": 65.537,
                                    "Actual Total Time": 154.854,
                                    "Actual Rows": 176912,
                                    "Actual Loops": 4,
                                    "Recheck Cond": "(mk.keyword_id > 26687)",
                                    "Rows Removed by Index Recheck": 0,
                                    "Exact Heap Blocks": 8232,
                                    "Lossy Heap Blocks": 0,
                                    "Workers": [
                                        {
                                            "Worker Number": 0,
                                            "Actual Startup Time": 62.704,
                                            "Actual Total Time": 152.994,
                                            "Actual Rows": 139778,
                                            "Actual Loops": 1
                                        },
                                        {
                                            "Worker Number": 1,
                                            "Actual Startup Time": 62.649,
                                            "Actual Total Time": 153.123,
                                            "Actual Rows": 138692,
                                            "Actual Loops": 1
                                        },
                                        {
                                            "Worker Number": 2,
                                            "Actual Startup Time": 63.312,
                                            "Actual Total Time": 154.675,
                                            "Actual Rows": 181454,
                                            "Actual Loops": 1
                                        }
                                    ],
                                    "Plans": [
                                        {
                                            "Node Type": "Bitmap Index Scan",
                                            "Parent Relationship": "Outer",
                                            "Parallel Aware": false,
                                            "Index Name": "keyword_id_movie_keyword",
                                            "Startup Cost": 0.0,
                                            "Total Cost": 15078.81,
                                            "Plan Rows": 719250,
                                            "Plan Width": 0,
                                            "Actual Startup Time": 67.932,
                                            "Actual Total Time": 67.933,
                                            "Actual Rows": 707649,
                                            "Actual Loops": 1,
                                            "Index Cond": "(mk.keyword_id > 26687)"
                                        }
                                    ]
                                }
                            ]
                        }
                    ]
                }
            ]
        },
        "Planning Time": 282.192,
        "Triggers": [],
        "Execution Time": 186.696
    }
]