[
  {
    "Plan": {
      "Node Type": "Aggregate",
      "Strategy": "Plain",
      "Partial Mode": "Finalize",
      "Parallel Aware": false,
      "Startup Cost": 46479.82,
      "Total Cost": 46479.83,
      "Plan Rows": 1,
      "Plan Width": 8,
      "Actual Startup Time": 90.354,
      "Actual Total Time": 103.123,
      "Actual Rows": 1,
      "Actual Loops": 1,
      "Plans": [
        {
          "Node Type": "Gather",
          "Parent Relationship": "Outer",
          "Parallel Aware": false,
          "Startup Cost": 46479.4,
          "Total Cost": 46479.81,
          "Plan Rows": 4,
          "Plan Width": 8,
          "Actual Startup Time": 90.221,
          "Actual Total Time": 103.115,
          "Actual Rows": 5,
          "Actual Loops": 1,
          "Workers Planned": 4,
          "Workers Launched": 4,
          "Single Copy": false,
          "Plans": [
            {
              "Node Type": "Aggregate",
              "Strategy": "Plain",
              "Partial Mode": "Partial",
              "Parent Relationship": "Outer",
              "Parallel Aware": false,
              "Startup Cost": 45479.4,
              "Total Cost": 45479.41,
              "Plan Rows": 1,
              "Plan Width": 8,
              "Actual Startup Time": 81.982,
              "Actual Total Time": 81.983,
              "Actual Rows": 1,
              "Actual Loops": 5,
              "Plans": [
                {
                  "Node Type": "Seq Scan",
                  "Parent Relationship": "Outer",
                  "Parallel Aware": true,
                  "Relation Name": "title",
                  "Alias": "t",
                  "Startup Cost": 0.0,
                  "Total Cost": 45479.1,
                  "Plan Rows": 119,
                  "Plan Width": 0,
                  "Actual Startup Time": 57.482,
                  "Actual Total Time": 81.935,
                  "Actual Rows": 363,
                  "Actual Loops": 5,
                  "Filter": "((kind_id = 1) AND (production_year = 1900))",
                  "Rows Removed by Filter": 505299
                }
              ]
            }
          ]
        }
      ]
    },
    "Planning Time": 0.191,
    "Triggers": [],
    "Execution Time": 103.188
  }
]