{
  "Plan": {
    "Node Type": "Aggregate",
    "Strategy": "Plain",
    "Partial Mode": "Finalize",
    "Parallel Aware": false,
    "Startup Cost": 373224.84,
    "Total Cost": 373224.85,
    "Plan Rows": 1,
    "Plan Width": 8,
    "Actual Startup Time": 3248.381,
    "Actual Total Time": 3281.512,
    "Actual Rows": 1,
    "Actual Loops": 1,
    "Plans": [
      {
        "Node Type": "Gather",
        "Parent Relationship": "Outer",
        "Parallel Aware": false,
        "Startup Cost": 373224.73,
        "Total Cost": 373224.84,
        "Plan Rows": 1,
        "Plan Width": 8,
        "Actual Startup Time": 3248.158,
        "Actual Total Time": 3281.506,
        "Actual Rows": 2,
        "Actual Loops": 1,
        "Workers Planned": 1,
        "Workers Launched": 1,
        "Single Copy": false,
        "Plans": [
          {
            "Node Type": "Aggregate",
            "Strategy": "Plain",
            "Partial Mode": "Partial",
            "Parent Relationship": "Outer",
            "Parallel Aware": false,
            "Startup Cost": 372224.73,
            "Total Cost": 372224.74,
            "Plan Rows": 1,
            "Plan Width": 8,
            "Actual Startup Time": 3243.795,
            "Actual Total Time": 3243.797,
            "Actual Rows": 1,
            "Actual Loops": 2,
            "Plans": [
              {
                "Node Type": "Merge Join",
                "Parent Relationship": "Outer",
                "Parallel Aware": false,
                "Join Type": "Inner",
                "Startup Cost": 24.77,
                "Total Cost": 370398.78,
                "Plan Rows": 730379,
                "Plan Width": 0,
                "Actual Startup Time": 8.862,
                "Actual Total Time": 3196.72,
                "Actual Rows": 983451,
                "Actual Loops": 2,
                "Inner Unique": false,
                "Merge Cond": "(mk.movie_id = t.id)",
                "Plans": [
                  {
                    "Node Type": "Index Scan",
                    "Parent Relationship": "Outer",
                    "Parallel Aware": true,
                    "Scan Direction": "Forward",
                    "Index Name": "movie_id_movie_keyword",
                    "Relation Name": "movie_keyword",
                    "Alias": "mk",
                    "Startup Cost": 0.43,
                    "Total Cost": 165212.95,
                    "Plan Rows": 1813952,
                    "Plan Width": 4,
                    "Actual Startup Time": 0.058,
                    "Actual Total Time": 425.914,
                    "Actual Rows": 1538566,
                    "Actual Loops": 2,
                    "Filter": "(keyword_id < 11549)",
                    "Rows Removed by Filter": 723396
                  },
                  {
                    "Node Type": "Materialize",
                    "Parent Relationship": "Inner",
                    "Parallel Aware": false,
                    "Startup Cost": 3.33,
                    "Total Cost": 190995.86,
                    "Plan Rows": 1018006,
                    "Plan Width": 8,
                    "Actual Startup Time": 0.249,
                    "Actual Total Time": 2511.744,
                    "Actual Rows": 1579134,
                    "Actual Loops": 2,
                    "Plans": [
                      {
                        "Node Type": "Merge Join",
                        "Parent Relationship": "Outer",
                        "Parallel Aware": false,
                        "Join Type": "Inner",
                        "Startup Cost": 3.33,
                        "Total Cost": 188450.85,
                        "Plan Rows": 1018006,
                        "Plan Width": 8,
                        "Actual Startup Time": 0.241,
                        "Actual Total Time": 2326.767,
                        "Actual Rows": 750125,
                        "Actual Loops": 2,
                        "Inner Unique": true,
                        "Merge Cond": "(mi_idx.movie_id = t.id)",
                        "Plans": [
                          {
                            "Node Type": "Index Only Scan",
                            "Parent Relationship": "Outer",
                            "Parallel Aware": false,
                            "Scan Direction": "Forward",
                            "Index Name": "movie_id_movie_info_idx",
                            "Relation Name": "movie_info_idx",
                            "Alias": "mi_idx",
                            "Startup Cost": 0.43,
                            "Total Cost": 53620.22,
                            "Plan Rows": 1380035,
                            "Plan Width": 4,
                            "Actual Startup Time": 0.128,
                            "Actual Total Time": 346.586,
                            "Actual Rows": 1380018,
                            "Actual Loops": 2,
                            "Heap Fetches": 2760035
                          },
                          {
                            "Node Type": "Index Scan",
                            "Parent Relationship": "Inner",
                            "Parallel Aware": false,
                            "Scan Direction": "Forward",
                            "Index Name": "title_pkey",
                            "Relation Name": "title",
                            "Alias": "t",
                            "Startup Cost": 0.43,
                            "Total Cost": 116660.7,
                            "Plan Rows": 1865037,
                            "Plan Width": 4,
                            "Actual Startup Time": 0.094,
                            "Actual Total Time": 1693.788,
                            "Actual Rows": 1864102,
                            "Actual Loops": 2,
                            "Filter": "(kind_id > 1)",
                            "Rows Removed by Filter": 661632
                          }
                        ]
                      }
                    ]
                  }
                ]
              }
            ]
          }
        ]
      }
    ]
  },
  "Planning Time": 0.82,
  "Triggers": [],
  "Execution Time": 3281.596
}