[
  {
    "Plan": {
      "Node Type": "Aggregate",
      "Strategy": "Plain",
      "Partial Mode": "Finalize",
      "Parallel Aware": false,
      "Startup Cost": 32937.95,
      "Total Cost": 32937.96,
      "Plan Rows": 1,
      "Plan Width": 8,
      "Actual Startup Time": 99.142,
      "Actual Total Time": 107.422,
      "Actual Rows": 1,
      "Actual Loops": 1,
      "Plans": [
        {
          "Node Type": "Gather",
          "Parent Relationship": "Outer",
          "Parallel Aware": false,
          "Startup Cost": 32937.63,
          "Total Cost": 32937.94,
          "Plan Rows": 3,
          "Plan Width": 8,
          "Actual Startup Time": 99.012,
          "Actual Total Time": 107.415,
          "Actual Rows": 4,
          "Actual Loops": 1,
          "Workers Planned": 3,
          "Workers Launched": 3,
          "Single Copy": false,
          "Plans": [
            {
              "Node Type": "Aggregate",
              "Strategy": "Plain",
              "Partial Mode": "Partial",
              "Parent Relationship": "Outer",
              "Parallel Aware": false,
              "Startup Cost": 31937.63,
              "Total Cost": 31937.64,
              "Plan Rows": 1,
              "Plan Width": 8,
              "Actual Startup Time": 90.836,
              "Actual Total Time": 90.837,
              "Actual Rows": 1,
              "Actual Loops": 4,
              "Plans": [
                {
                  "Node Type": "Seq Scan",
                  "Parent Relationship": "Outer",
                  "Parallel Aware": true,
                  "Relation Name": "movie_companies",
                  "Alias": "mc",
                  "Startup Cost": 0.0,
                  "Total Cost": 31414.82,
                  "Plan Rows": 209126,
                  "Plan Width": 0,
                  "Actual Startup Time": 48.14,
                  "Actual Total Time": 82.071,
                  "Actual Rows": 224828,
                  "Actual Loops": 4,
                  "Filter": "((company_id > 11390) AND (company_type_id > 1))",
                  "Rows Removed by Filter": 427454
                }
              ]
            }
          ]
        }
      ]
    },
    "Planning Time": 0.221,
    "Triggers": [],
    "Execution Time": 107.475
  }
]