[
  {
    "Plan": {
      "Node Type": "Aggregate",
      "Strategy": "Plain",
      "Partial Mode": "Finalize",
      "Parallel Aware": false,
      "Startup Cost": 44374.74,
      "Total Cost": 44374.75,
      "Plan Rows": 1,
      "Plan Width": 8,
      "Actual Startup Time": 126.551,
      "Actual Total Time": 136.153,
      "Actual Rows": 1,
      "Actual Loops": 1,
      "Plans": [
        {
          "Node Type": "Gather",
          "Parent Relationship": "Outer",
          "Parallel Aware": false,
          "Startup Cost": 44374.42,
          "Total Cost": 44374.73,
          "Plan Rows": 3,
          "Plan Width": 8,
          "Actual Startup Time": 126.442,
          "Actual Total Time": 136.143,
          "Actual Rows": 4,
          "Actual Loops": 1,
          "Workers Planned": 3,
          "Workers Launched": 3,
          "Single Copy": false,
          "Plans": [
            {
              "Node Type": "Aggregate",
              "Strategy": "Plain",
              "Partial Mode": "Partial",
              "Parent Relationship": "Outer",
              "Parallel Aware": false,
              "Startup Cost": 43374.42,
              "Total Cost": 43374.43,
              "Plan Rows": 1,
              "Plan Width": 8,
              "Actual Startup Time": 119.791,
              "Actual Total Time": 119.792,
              "Actual Rows": 1,
              "Actual Loops": 4,
              "Plans": [
                {
                  "Node Type": "Seq Scan",
                  "Parent Relationship": "Outer",
                  "Parallel Aware": true,
                  "Relation Name": "movie_keyword",
                  "Alias": "mk",
                  "Startup Cost": 0.0,
                  "Total Cost": 42695.65,
                  "Plan Rows": 271507,
                  "Plan Width": 0,
                  "Actual Startup Time": 4.896,
                  "Actual Total Time": 108.617,
                  "Actual Rows": 208134,
                  "Actual Loops": 4,
                  "Filter": "(keyword_id > 22111)",
                  "Rows Removed by Filter": 922848
                }
              ]
            }
          ]
        }
      ]
    },
    "Planning Time": 0.181,
    "Triggers": [],
    "Execution Time": 136.215
  }
]