[
    {
        "Bao": {
            "Bao prediction": "NaN",
            "Bao recommended hint": "(no hint)"
        }
    },
    {
        "Plan": {
            "Node Type": "Aggregate",
            "Strategy": "Plain",
            "Partial Mode": "Finalize",
            "Parallel Aware": false,
            "Startup Cost": 33340.8,
            "Total Cost": 33340.81,
            "Plan Rows": 1,
            "Plan Width": 8,
            "Actual Startup Time": 93.171,
            "Actual Total Time": 99.148,
            "Actual Rows": 1,
            "Actual Loops": 1,
            "Output": [
                "count(*)"
            ],
            "Plans": [
                {
                    "Node Type": "Gather",
                    "Parent Relationship": "Outer",
                    "Parallel Aware": false,
                    "Startup Cost": 33340.48,
                    "Total Cost": 33340.79,
                    "Plan Rows": 3,
                    "Plan Width": 8,
                    "Actual Startup Time": 93.103,
                    "Actual Total Time": 99.142,
                    "Actual Rows": 4,
                    "Actual Loops": 1,
                    "Output": [
                        "(PARTIAL count(*))"
                    ],
                    "Workers Planned": 3,
                    "Workers Launched": 3,
                    "Single Copy": false,
                    "Plans": [
                        {
                            "Node Type": "Aggregate",
                            "Strategy": "Plain",
                            "Partial Mode": "Partial",
                            "Parent Relationship": "Outer",
                            "Parallel Aware": false,
                            "Startup Cost": 32340.48,
                            "Total Cost": 32340.49,
                            "Plan Rows": 1,
                            "Plan Width": 8,
                            "Actual Startup Time": 85.32,
                            "Actual Total Time": 85.321,
                            "Actual Rows": 1,
                            "Actual Loops": 4,
                            "Output": [
                                "PARTIAL count(*)"
                            ],
                            "Workers": [
                                {
                                    "Worker Number": 0,
                                    "Actual Startup Time": 82.613,
                                    "Actual Total Time": 82.614,
                                    "Actual Rows": 1,
                                    "Actual Loops": 1
                                },
                                {
                                    "Worker Number": 1,
                                    "Actual Startup Time": 82.776,
                                    "Actual Total Time": 82.777,
                                    "Actual Rows": 1,
                                    "Actual Loops": 1
                                },
                                {
                                    "Worker Number": 2,
                                    "Actual Startup Time": 83.056,
                                    "Actual Total Time": 83.057,
                                    "Actual Rows": 1,
                                    "Actual Loops": 1
                                }
                            ],
                            "Plans": [
                                {
                                    "Node Type": "Seq Scan",
                                    "Parent Relationship": "Outer",
                                    "Parallel Aware": true,
                                    "Relation Name": "movie_companies",
                                    "Schema": "public",
                                    "Alias": "mc",
                                    "Startup Cost": 0.0,
                                    "Total Cost": 31414.82,
                                    "Plan Rows": 370264,
                                    "Plan Width": 0,
                                    "Actual Startup Time": 41.917,
                                    "Actual Total Time": 75.506,
                                    "Actual Rows": 242900,
                                    "Actual Loops": 4,
                                    "Output": [
                                        "id",
                                        "movie_id",
                                        "company_id",
                                        "company_type_id",
                                        "note"
                                    ],
                                    "Filter": "((mc.company_id < 86394) AND (mc.company_type_id > 1))",
                                    "Rows Removed by Filter": 409382,
                                    "Workers": [
                                        {
                                            "Worker Number": 0,
                                            "Actual Startup Time": 39.217,
                                            "Actual Total Time": 73.115,
                                            "Actual Rows": 234798,
                                            "Actual Loops": 1
                                        },
                                        {
                                            "Worker Number": 1,
                                            "Actual Startup Time": 39.374,
                                            "Actual Total Time": 73.343,
                                            "Actual Rows": 233129,
                                            "Actual Loops": 1
                                        },
                                        {
                                            "Worker Number": 2,
                                            "Actual Startup Time": 39.654,
                                            "Actual Total Time": 73.416,
                                            "Actual Rows": 231116,
                                            "Actual Loops": 1
                                        }
                                    ]
                                }
                            ]
                        }
                    ]
                }
            ]
        },
        "Planning Time": 186.134,
        "Triggers": [],
        "Execution Time": 99.204
    }
]