{
  "Plan": {
    "Node Type": "Aggregate",
    "Strategy": "Plain",
    "Partial Mode": "Finalize",
    "Parallel Aware": false,
    "Startup Cost": 95174.92,
    "Total Cost": 95174.93,
    "Plan Rows": 1,
    "Plan Width": 8,
    "Actual Startup Time": 498.13,
    "Actual Total Time": 510.054,
    "Actual Rows": 1,
    "Actual Loops": 1,
    "Plans": [
      {
        "Node Type": "Gather",
        "Parent Relationship": "Outer",
        "Parallel Aware": false,
        "Startup Cost": 95174.81,
        "Total Cost": 95174.92,
        "Plan Rows": 1,
        "Plan Width": 8,
        "Actual Startup Time": 496.804,
        "Actual Total Time": 510.046,
        "Actual Rows": 2,
        "Actual Loops": 1,
        "Workers Planned": 1,
        "Workers Launched": 1,
        "Single Copy": false,
        "Plans": [
          {
            "Node Type": "Aggregate",
            "Strategy": "Plain",
            "Partial Mode": "Partial",
            "Parent Relationship": "Outer",
            "Parallel Aware": false,
            "Startup Cost": 94174.81,
            "Total Cost": 94174.82,
            "Plan Rows": 1,
            "Plan Width": 8,
            "Actual Startup Time": 491.091,
            "Actual Total Time": 491.251,
            "Actual Rows": 1,
            "Actual Loops": 2,
            "Plans": [
              {
                "Node Type": "Nested Loop",
                "Parent Relationship": "Outer",
                "Parallel Aware": false,
                "Join Type": "Inner",
                "Startup Cost": 54441.3,
                "Total Cost": 94091.16,
                "Plan Rows": 33460,
                "Plan Width": 0,
                "Actual Startup Time": 172.098,
                "Actual Total Time": 477.516,
                "Actual Rows": 316716,
                "Actual Loops": 2,
                "Inner Unique": false,
                "Join Filter": "(t.id = mc.movie_id)",
                "Rows Removed by Join Filter": 0,
                "Plans": [
                  {
                    "Node Type": "Hash Join",
                    "Parent Relationship": "Outer",
                    "Parallel Aware": true,
                    "Join Type": "Inner",
                    "Startup Cost": 54440.87,
                    "Total Cost": 72624.66,
                    "Plan Rows": 32424,
                    "Plan Width": 8,
                    "Actual Startup Time": 172.022,
                    "Actual Total Time": 255.598,
                    "Actual Rows": 85788,
                    "Actual Loops": 2,
                    "Inner Unique": true,
                    "Hash Cond": "(mi_idx.movie_id = t.id)",
                    "Plans": [
                      {
                        "Node Type": "Seq Scan",
                        "Parent Relationship": "Outer",
                        "Parallel Aware": true,
                        "Relation Name": "movie_info_idx",
                        "Alias": "mi_idx",
                        "Startup Cost": 0.0,
                        "Total Cost": 16052.85,
                        "Plan Rows": 811785,
                        "Plan Width": 4,
                        "Actual Startup Time": 0.019,
                        "Actual Total Time": 46.445,
                        "Actual Rows": 690018,
                        "Actual Loops": 2
                      },
                      {
                        "Node Type": "Hash",
                        "Parent Relationship": "Inner",
                        "Parallel Aware": true,
                        "Startup Cost": 53698.35,
                        "Total Cost": 53698.35,
                        "Plan Rows": 59401,
                        "Plan Width": 4,
                        "Actual Startup Time": 125.908,
                        "Actual Total Time": 125.909,
                        "Actual Rows": 117824,
                        "Actual Loops": 2,
                        "Hash Buckets": 262144,
                        "Original Hash Buckets": 131072,
                        "Hash Batches": 1,
                        "Original Hash Batches": 1,
                        "Peak Memory Usage": 12320,
                        "Plans": [
                          {
                            "Node Type": "Bitmap Heap Scan",
                            "Parent Relationship": "Outer",
                            "Parallel Aware": true,
                            "Relation Name": "title",
                            "Alias": "t",
                            "Startup Cost": 11848.1,
                            "Total Cost": 53698.35,
                            "Plan Rows": 59401,
                            "Plan Width": 4,
                            "Actual Startup Time": 36.724,
                            "Actual Total Time": 99.211,
                            "Actual Rows": 117824,
                            "Actual Loops": 2,
                            "Recheck Cond": "(kind_id = 1)",
                            "Rows Removed by Index Recheck": 0,
                            "Filter": "(production_year < 1972)",
                            "Rows Removed by Filter": 213589,
                            "Exact Heap Blocks": 8575,
                            "Lossy Heap Blocks": 0,
                            "Plans": [
                              {
                                "Node Type": "Bitmap Index Scan",
                                "Parent Relationship": "Outer",
                                "Parallel Aware": false,
                                "Index Name": "kind_id_title",
                                "Startup Cost": 0.0,
                                "Total Cost": 11822.85,
                                "Plan Rows": 663256,
                                "Plan Width": 0,
                                "Actual Startup Time": 38.342,
                                "Actual Total Time": 38.342,
                                "Actual Rows": 662825,
                                "Actual Loops": 1,
                                "Index Cond": "(kind_id = 1)"
                              }
                            ]
                          }
                        ]
                      }
                    ]
                  },
                  {
                    "Node Type": "Index Only Scan",
                    "Parent Relationship": "Inner",
                    "Parallel Aware": false,
                    "Scan Direction": "Forward",
                    "Index Name": "movie_id_movie_companies",
                    "Relation Name": "movie_companies",
                    "Alias": "mc",
                    "Startup Cost": 0.43,
                    "Total Cost": 0.6,
                    "Plan Rows": 5,
                    "Plan Width": 4,
                    "Actual Startup Time": 0.001,
                    "Actual Total Time": 0.002,
                    "Actual Rows": 4,
                    "Actual Loops": 171577,
                    "Index Cond": "(movie_id = mi_idx.movie_id)",
                    "Rows Removed by Index Recheck": 0,
                    "Heap Fetches": 633431
                  }
                ]
              }
            ]
          }
        ]
      }
    ]
  },
  "Planning Time": 1.069,
  "Triggers": [],
  "Execution Time": 510.157
}