[
  {
    "Plan": {
      "Node Type": "Aggregate",
      "Strategy": "Plain",
      "Partial Mode": "Finalize",
      "Parallel Aware": false,
      "Startup Cost": 30744.0,
      "Total Cost": 30744.01,
      "Plan Rows": 1,
      "Plan Width": 8,
      "Actual Startup Time": 94.041,
      "Actual Total Time": 102.059,
      "Actual Rows": 1,
      "Actual Loops": 1,
      "Plans": [
        {
          "Node Type": "Gather",
          "Parent Relationship": "Outer",
          "Parallel Aware": false,
          "Startup Cost": 30743.69,
          "Total Cost": 30744.0,
          "Plan Rows": 3,
          "Plan Width": 8,
          "Actual Startup Time": 93.933,
          "Actual Total Time": 102.051,
          "Actual Rows": 4,
          "Actual Loops": 1,
          "Workers Planned": 3,
          "Workers Launched": 3,
          "Single Copy": false,
          "Plans": [
            {
              "Node Type": "Aggregate",
              "Strategy": "Plain",
              "Partial Mode": "Partial",
              "Parent Relationship": "Outer",
              "Parallel Aware": false,
              "Startup Cost": 29743.69,
              "Total Cost": 29743.7,
              "Plan Rows": 1,
              "Plan Width": 8,
              "Actual Startup Time": 85.94,
              "Actual Total Time": 85.941,
              "Actual Rows": 1,
              "Actual Loops": 4,
              "Plans": [
                {
                  "Node Type": "Seq Scan",
                  "Parent Relationship": "Outer",
                  "Parallel Aware": true,
                  "Relation Name": "movie_companies",
                  "Alias": "mc",
                  "Startup Cost": 0.0,
                  "Total Cost": 29310.68,
                  "Plan Rows": 173202,
                  "Plan Width": 0,
                  "Actual Startup Time": 0.047,
                  "Actual Total Time": 76.184,
                  "Actual Rows": 132873,
                  "Actual Loops": 4,
                  "Filter": "(company_id < 517)",
                  "Rows Removed by Filter": 519409
                }
              ]
            }
          ]
        }
      ]
    },
    "Planning Time": 0.191,
    "Triggers": [],
    "Execution Time": 102.126
  }
]