{
  "Plan": {
    "Node Type": "Aggregate",
    "Strategy": "Plain",
    "Partial Mode": "Finalize",
    "Parallel Aware": false,
    "Startup Cost": 436075.5,
    "Total Cost": 436075.51,
    "Plan Rows": 1,
    "Plan Width": 8,
    "Actual Startup Time": 2384.652,
    "Actual Total Time": 2439.346,
    "Actual Rows": 1,
    "Actual Loops": 1,
    "Plans": [
      {
        "Node Type": "Gather",
        "Parent Relationship": "Outer",
        "Parallel Aware": false,
        "Startup Cost": 436075.38,
        "Total Cost": 436075.49,
        "Plan Rows": 1,
        "Plan Width": 8,
        "Actual Startup Time": 2380.802,
        "Actual Total Time": 2439.337,
        "Actual Rows": 2,
        "Actual Loops": 1,
        "Workers Planned": 1,
        "Workers Launched": 1,
        "Single Copy": false,
        "Plans": [
          {
            "Node Type": "Aggregate",
            "Strategy": "Plain",
            "Partial Mode": "Partial",
            "Parent Relationship": "Outer",
            "Parallel Aware": false,
            "Startup Cost": 435075.38,
            "Total Cost": 435075.39,
            "Plan Rows": 1,
            "Plan Width": 8,
            "Actual Startup Time": 2375.323,
            "Actual Total Time": 2375.917,
            "Actual Rows": 1,
            "Actual Loops": 2,
            "Plans": [
              {
                "Node Type": "Hash Join",
                "Parent Relationship": "Outer",
                "Parallel Aware": true,
                "Join Type": "Inner",
                "Startup Cost": 132111.33,
                "Total Cost": 428693.74,
                "Plan Rows": 2552659,
                "Plan Width": 0,
                "Actual Startup Time": 732.068,
                "Actual Total Time": 2322.403,
                "Actual Rows": 1029849,
                "Actual Loops": 2,
                "Inner Unique": false,
                "Hash Cond": "(mi.movie_id = t.id)",
                "Plans": [
                  {
                    "Node Type": "Seq Scan",
                    "Parent Relationship": "Outer",
                    "Parallel Aware": true,
                    "Relation Name": "movie_info",
                    "Alias": "mi",
                    "Startup Cost": 0.0,
                    "Total Cost": 248955.74,
                    "Plan Rows": 8696274,
                    "Plan Width": 4,
                    "Actual Startup Time": 0.026,
                    "Actual Total Time": 682.652,
                    "Actual Rows": 7417860,
                    "Actual Loops": 2
                  },
                  {
                    "Node Type": "Hash",
                    "Parent Relationship": "Inner",
                    "Parallel Aware": true,
                    "Startup Cost": 126654.41,
                    "Total Cost": 126654.41,
                    "Plan Rows": 436554,
                    "Plan Width": 8,
                    "Actual Startup Time": 722.386,
                    "Actual Total Time": 722.979,
                    "Actual Rows": 101905,
                    "Actual Loops": 2,
                    "Hash Buckets": 1048576,
                    "Original Hash Buckets": 1048576,
                    "Hash Batches": 1,
                    "Original Hash Batches": 1,
                    "Peak Memory Usage": 16192,
                    "Plans": [
                      {
                        "Node Type": "Hash Join",
                        "Parent Relationship": "Outer",
                        "Parallel Aware": true,
                        "Join Type": "Inner",
                        "Startup Cost": 66256.52,
                        "Total Cost": 126654.41,
                        "Plan Rows": 436554,
                        "Plan Width": 8,
                        "Actual Startup Time": 378.444,
                        "Actual Total Time": 696.927,
                        "Actual Rows": 101905,
                        "Actual Loops": 2,
                        "Inner Unique": true,
                        "Hash Cond": "(mk.movie_id = t.id)",
                        "Plans": [
                          {
                            "Node Type": "Seq Scan",
                            "Parent Relationship": "Outer",
                            "Parallel Aware": true,
                            "Relation Name": "movie_keyword",
                            "Alias": "mk",
                            "Startup Cost": 0.0,
                            "Total Cost": 57718.19,
                            "Plan Rows": 1020838,
                            "Plan Width": 4,
                            "Actual Startup Time": 0.857,
                            "Actual Total Time": 202.022,
                            "Actual Rows": 871986,
                            "Actual Loops": 2,
                            "Filter": "(keyword_id > 8029)",
                            "Rows Removed by Filter": 1389980
                          },
                          {
                            "Node Type": "Hash",
                            "Parent Relationship": "Inner",
                            "Parallel Aware": true,
                            "Startup Cost": 58306.47,
                            "Total Cost": 58306.47,
                            "Plan Rows": 636004,
                            "Plan Width": 4,
                            "Actual Startup Time": 368.04,
                            "Actual Total Time": 368.041,
                            "Actual Rows": 588452,
                            "Actual Loops": 2,
                            "Hash Buckets": 2097152,
                            "Original Hash Buckets": 2097152,
                            "Hash Batches": 1,
                            "Original Hash Batches": 1,
                            "Peak Memory Usage": 62464,
                            "Plans": [
                              {
                                "Node Type": "Seq Scan",
                                "Parent Relationship": "Outer",
                                "Parallel Aware": true,
                                "Relation Name": "title",
                                "Alias": "t",
                                "Startup Cost": 0.0,
                                "Total Cost": 58306.47,
                                "Plan Rows": 636004,
                                "Plan Width": 4,
                                "Actual Startup Time": 0.034,
                                "Actual Total Time": 188.404,
                                "Actual Rows": 588452,
                                "Actual Loops": 2,
                                "Filter": "((production_year > 1989) AND (kind_id = 7))",
                                "Rows Removed by Filter": 675704
                              }
                            ]
                          }
                        ]
                      }
                    ]
                  }
                ]
              }
            ]
          }
        ]
      }
    ]
  },
  "Planning Time": 0.769,
  "Triggers": [],
  "Execution Time": 2439.427
}