[
  {
    "Plan": {
      "Node Type": "Aggregate",
      "Strategy": "Plain",
      "Partial Mode": "Finalize",
      "Parallel Aware": false,
      "Startup Cost": 382634.2,
      "Total Cost": 382634.21,
      "Plan Rows": 1,
      "Plan Width": 8,
      "Actual Startup Time": 1074.579,
      "Actual Total Time": 1127.225,
      "Actual Rows": 1,
      "Actual Loops": 1,
      "Plans": [
        {
          "Node Type": "Gather",
          "Parent Relationship": "Outer",
          "Parallel Aware": false,
          "Startup Cost": 382633.57,
          "Total Cost": 382634.18,
          "Plan Rows": 6,
          "Plan Width": 8,
          "Actual Startup Time": 1069.05,
          "Actual Total Time": 1127.216,
          "Actual Rows": 7,
          "Actual Loops": 1,
          "Workers Planned": 6,
          "Workers Launched": 6,
          "Single Copy": false,
          "Plans": [
            {
              "Node Type": "Aggregate",
              "Strategy": "Plain",
              "Partial Mode": "Partial",
              "Parent Relationship": "Outer",
              "Parallel Aware": false,
              "Startup Cost": 381633.57,
              "Total Cost": 381633.58,
              "Plan Rows": 1,
              "Plan Width": 8,
              "Actual Startup Time": 1059.238,
              "Actual Total Time": 1059.241,
              "Actual Rows": 1,
              "Actual Loops": 7,
              "Plans": [
                {
                  "Node Type": "Hash Join",
                  "Parent Relationship": "Outer",
                  "Parallel Aware": true,
                  "Join Type": "Inner",
                  "Startup Cost": 48008.74,
                  "Total Cost": 380368.84,
                  "Plan Rows": 505893,
                  "Plan Width": 0,
                  "Actual Startup Time": 422.154,
                  "Actual Total Time": 1036.926,
                  "Actual Rows": 462064,
                  "Actual Loops": 7,
                  "Inner Unique": true,
                  "Hash Cond": "(ci.movie_id = t.id)",
                  "Plans": [
                    {
                      "Node Type": "Seq Scan",
                      "Parent Relationship": "Outer",
                      "Parallel Aware": true,
                      "Relation Name": "cast_info",
                      "Alias": "ci",
                      "Startup Cost": 0.0,
                      "Total Cost": 328211.39,
                      "Plan Rows": 1580457,
                      "Plan Width": 4,
                      "Actual Startup Time": 297.41,
                      "Actual Total Time": 560.212,
                      "Actual Rows": 1340999,
                      "Actual Loops": 7,
                      "Filter": "(person_id > 2765066)",
                      "Rows Removed by Filter": 3836764
                    },
                    {
                      "Node Type": "Hash",
                      "Parent Relationship": "Inner",
                      "Parallel Aware": true,
                      "Startup Cost": 45479.59,
                      "Total Cost": 45479.59,
                      "Plan Rows": 202332,
                      "Plan Width": 4,
                      "Actual Startup Time": 122.388,
                      "Actual Total Time": 122.389,
                      "Actual Rows": 102819,
                      "Actual Loops": 7,
                      "Hash Buckets": 1048576,
                      "Original Hash Buckets": 1048576,
                      "Hash Batches": 1,
                      "Original Hash Batches": 1,
                      "Peak Memory Usage": 36480,
                      "Plans": [
                        {
                          "Node Type": "Seq Scan",
                          "Parent Relationship": "Outer",
                          "Parallel Aware": true,
                          "Relation Name": "title",
                          "Alias": "t",
                          "Startup Cost": 0.0,
                          "Total Cost": 45479.59,
                          "Plan Rows": 202332,
                          "Plan Width": 4,
                          "Actual Startup Time": 0.053,
                          "Actual Total Time": 75.928,
                          "Actual Rows": 102819,
                          "Actual Loops": 7,
                          "Filter": "((kind_id < 7) AND (production_year > 1971))",
                          "Rows Removed by Filter": 258369
                        }
                      ]
                    }
                  ]
                }
              ]
            }
          ]
        }
      ]
    },
    "Planning Time": 0.264,
    "Triggers": [],
    "Execution Time": 1127.278
  }
]