[
  {
    "Plan": {
      "Node Type": "Aggregate",
      "Strategy": "Plain",
      "Partial Mode": "Finalize",
      "Parallel Aware": false,
      "Startup Cost": 46509.46,
      "Total Cost": 46509.47,
      "Plan Rows": 1,
      "Plan Width": 8,
      "Actual Startup Time": 92.565,
      "Actual Total Time": 101.718,
      "Actual Rows": 1,
      "Actual Loops": 1,
      "Plans": [
        {
          "Node Type": "Gather",
          "Parent Relationship": "Outer",
          "Parallel Aware": false,
          "Startup Cost": 46509.04,
          "Total Cost": 46509.45,
          "Plan Rows": 4,
          "Plan Width": 8,
          "Actual Startup Time": 92.455,
          "Actual Total Time": 101.711,
          "Actual Rows": 5,
          "Actual Loops": 1,
          "Workers Planned": 4,
          "Workers Launched": 4,
          "Single Copy": false,
          "Plans": [
            {
              "Node Type": "Aggregate",
              "Strategy": "Plain",
              "Partial Mode": "Partial",
              "Parent Relationship": "Outer",
              "Parallel Aware": false,
              "Startup Cost": 45509.04,
              "Total Cost": 45509.05,
              "Plan Rows": 1,
              "Plan Width": 8,
              "Actual Startup Time": 84.242,
              "Actual Total Time": 84.243,
              "Actual Rows": 1,
              "Actual Loops": 5,
              "Plans": [
                {
                  "Node Type": "Seq Scan",
                  "Parent Relationship": "Outer",
                  "Parallel Aware": true,
                  "Relation Name": "title",
                  "Alias": "t",
                  "Startup Cost": 0.0,
                  "Total Cost": 45479.21,
                  "Plan Rows": 11931,
                  "Plan Width": 0,
                  "Actual Startup Time": 0.066,
                  "Actual Total Time": 83.277,
                  "Actual Rows": 9005,
                  "Actual Loops": 5,
                  "Filter": "((kind_id > 1) AND (production_year = 2013))",
                  "Rows Removed by Filter": 496658
                }
              ]
            }
          ]
        }
      ]
    },
    "Planning Time": 0.14,
    "Triggers": [],
    "Execution Time": 101.769
  }
]