[
  {
    "Plan": {
      "Node Type": "Aggregate",
      "Strategy": "Plain",
      "Partial Mode": "Simple",
      "Parallel Aware": false,
      "Startup Cost": 31930.01,
      "Total Cost": 31930.02,
      "Plan Rows": 1,
      "Plan Width": 64,
      "Actual Startup Time": 2589.47,
      "Actual Total Time": 2589.476,
      "Actual Rows": 1,
      "Actual Loops": 1,
      "Plans": [
        {
          "Node Type": "Nested Loop",
          "Parent Relationship": "Outer",
          "Parallel Aware": false,
          "Join Type": "Inner",
          "Startup Cost": 41.24,
          "Total Cost": 31930.01,
          "Plan Rows": 1,
          "Plan Width": 32,
          "Actual Startup Time": 149.298,
          "Actual Total Time": 2589.431,
          "Actual Rows": 42,
          "Actual Loops": 1,
          "Inner Unique": true,
          "Plans": [
            {
              "Node Type": "Nested Loop",
              "Parent Relationship": "Outer",
              "Parallel Aware": false,
              "Join Type": "Inner",
              "Startup Cost": 41.1,
              "Total Cost": 31929.03,
              "Plan Rows": 1,
              "Plan Width": 36,
              "Actual Startup Time": 149.267,
              "Actual Total Time": 2589.295,
              "Actual Rows": 42,
              "Actual Loops": 1,
              "Inner Unique": false,
              "Join Filter": "(n.id = pi.person_id)",
              "Rows Removed by Join Filter": 0,
              "Plans": [
                {
                  "Node Type": "Nested Loop",
                  "Parent Relationship": "Outer",
                  "Parallel Aware": false,
                  "Join Type": "Inner",
                  "Startup Cost": 40.67,
                  "Total Cost": 29434.09,
                  "Plan Rows": 2627,
                  "Plan Width": 44,
                  "Actual Startup Time": 2.204,
                  "Actual Total Time": 2126.117,
                  "Actual Rows": 39990,
                  "Actual Loops": 1,
                  "Inner Unique": true,
                  "Join Filter": "(an.person_id = n.id)",
                  "Rows Removed by Join Filter": 0,
                  "Plans": [
                    {
                      "Node Type": "Nested Loop",
                      "Parent Relationship": "Outer",
                      "Parallel Aware": false,
                      "Join Type": "Inner",
                      "Startup Cost": 40.24,
                      "Total Cost": 25319.91,
                      "Plan Rows": 8566,
                      "Plan Width": 25,
                      "Actual Startup Time": 1.175,
                      "Actual Total Time": 1735.39,
                      "Actual Rows": 87859,
                      "Actual Loops": 1,
                      "Inner Unique": false,
                      "Plans": [
                        {
                          "Node Type": "Nested Loop",
                          "Parent Relationship": "Outer",
                          "Parallel Aware": false,
                          "Join Type": "Inner",
                          "Startup Cost": 39.81,
                          "Total Cost": 10106.36,
                          "Plan Rows": 31920,
                          "Plan Width": 21,
                          "Actual Startup Time": 0.85,
                          "Actual Total Time": 721.718,
                          "Actual Rows": 280943,
                          "Actual Loops": 1,
                          "Inner Unique": false,
                          "Plans": [
                            {
                              "Node Type": "Nested Loop",
                              "Parent Relationship": "Outer",
                              "Parallel Aware": false,
                              "Join Type": "Inner",
                              "Startup Cost": 39.25,
                              "Total Cost": 7703.31,
                              "Plan Rows": 913,
                              "Plan Width": 25,
                              "Actual Startup Time": 0.722,
                              "Actual Total Time": 55.346,
                              "Actual Rows": 3746,
                              "Actual Loops": 1,
                              "Inner Unique": true,
                              "Plans": [
                                {
                                  "Node Type": "Nested Loop",
                                  "Parent Relationship": "Outer",
                                  "Parallel Aware": false,
                                  "Join Type": "Inner",
                                  "Startup Cost": 38.82,
                                  "Total Cost": 245.23,
                                  "Plan Rows": 1666,
                                  "Plan Width": 4,
                                  "Actual Startup Time": 0.624,
                                  "Actual Total Time": 3.482,
                                  "Actual Rows": 5186,
                                  "Actual Loops": 1,
                                  "Inner Unique": false,
                                  "Plans": [
                                    {
                                      "Node Type": "Seq Scan",
                                      "Parent Relationship": "Outer",
                                      "Parallel Aware": false,
                                      "Relation Name": "link_type",
                                      "Alias": "lt",
                                      "Startup Cost": 0.0,
                                      "Total Cost": 1.23,
                                      "Plan Rows": 1,
                                      "Plan Width": 4,
                                      "Actual Startup Time": 0.017,
                                      "Actual Total Time": 0.021,
                                      "Actual Rows": 1,
                                      "Actual Loops": 1,
                                      "Filter": "((link)::text = 'features'::text)",
                                      "Rows Removed by Filter": 17
                                    },
                                    {
                                      "Node Type": "Bitmap Heap Scan",
                                      "Parent Relationship": "Inner",
                                      "Parallel Aware": false,
                                      "Relation Name": "movie_link",
                                      "Alias": "ml",
                                      "Startup Cost": 38.82,
                                      "Total Cost": 225.26,
                                      "Plan Rows": 1875,
                                      "Plan Width": 8,
                                      "Actual Startup Time": 0.6,
                                      "Actual Total Time": 2.503,
                                      "Actual Rows": 5186,
                                      "Actual Loops": 1,
                                      "Recheck Cond": "(link_type_id = lt.id)",
                                      "Rows Removed by Index Recheck": 0,
                                      "Exact Heap Blocks": 132,
                                      "Lossy Heap Blocks": 0,
                                      "Plans": [
                                        {
                                          "Node Type": "Bitmap Index Scan",
                                          "Parent Relationship": "Outer",
                                          "Parallel Aware": false,
                                          "Index Name": "link_type_id_movie_link",
                                          "Startup Cost": 0.0,
                                          "Total Cost": 38.35,
                                          "Plan Rows": 1875,
                                          "Plan Width": 0,
                                          "Actual Startup Time": 0.558,
                                          "Actual Total Time": 0.558,
                                          "Actual Rows": 5186,
                                          "Actual Loops": 1,
                                          "Index Cond": "(link_type_id = lt.id)"
                                        }
                                      ]
                                    }
                                  ]
                                },
                                {
                                  "Node Type": "Index Scan",
                                  "Parent Relationship": "Inner",
                                  "Parallel Aware": false,
                                  "Scan Direction": "Forward",
                                  "Index Name": "title_pkey",
                                  "Relation Name": "title",
                                  "Alias": "t",
                                  "Startup Cost": 0.43,
                                  "Total Cost": 4.48,
                                  "Plan Rows": 1,
                                  "Plan Width": 21,
                                  "Actual Startup Time": 0.009,
                                  "Actual Total Time": 0.009,
                                  "Actual Rows": 1,
                                  "Actual Loops": 5186,
                                  "Index Cond": "(id = ml.linked_movie_id)",
                                  "Rows Removed by Index Recheck": 0,
                                  "Filter": "((production_year >= 1953) AND (production_year <= 2006))",
                                  "Rows Removed by Filter": 0
                                }
                              ]
                            },
                            {
                              "Node Type": "Index Scan",
                              "Parent Relationship": "Inner",
                              "Parallel Aware": false,
                              "Scan Direction": "Forward",
                              "Index Name": "movie_id_cast_info",
                              "Relation Name": "cast_info",
                              "Alias": "ci",
                              "Startup Cost": 0.56,
                              "Total Cost": 2.28,
                              "Plan Rows": 35,
                              "Plan Width": 8,
                              "Actual Startup Time": 0.015,
                              "Actual Total Time": 0.165,
                              "Actual Rows": 75,
                              "Actual Loops": 3746,
                              "Index Cond": "(movie_id = t.id)",
                              "Rows Removed by Index Recheck": 0
                            }
                          ]
                        },
                        {
                          "Node Type": "Index Scan",
                          "Parent Relationship": "Inner",
                          "Parallel Aware": false,
                          "Scan Direction": "Forward",
                          "Index Name": "person_id_aka_name",
                          "Relation Name": "aka_name",
                          "Alias": "an",
                          "Startup Cost": 0.42,
                          "Total Cost": 0.47,
                          "Plan Rows": 1,
                          "Plan Width": 4,
                          "Actual Startup Time": 0.003,
                          "Actual Total Time": 0.003,
                          "Actual Rows": 0,
                          "Actual Loops": 280943,
                          "Index Cond": "(person_id = ci.person_id)",
                          "Rows Removed by Index Recheck": 0,
                          "Filter": "(name ~~ '%y%'::text)",
                          "Rows Removed by Filter": 1
                        }
                      ]
                    },
                    {
                      "Node Type": "Index Scan",
                      "Parent Relationship": "Inner",
                      "Parallel Aware": false,
                      "Scan Direction": "Forward",
                      "Index Name": "name_pkey",
                      "Relation Name": "name",
                      "Alias": "n",
                      "Startup Cost": 0.43,
                      "Total Cost": 0.47,
                      "Plan Rows": 1,
                      "Plan Width": 19,
                      "Actual Startup Time": 0.004,
                      "Actual Total Time": 0.004,
                      "Actual Rows": 0,
                      "Actual Loops": 87859,
                      "Index Cond": "(id = ci.person_id)",
                      "Rows Removed by Index Recheck": 0,
                      "Filter": "(((name_pcode_cf)::text >= 'F'::text) AND ((name_pcode_cf)::text <= 'X'::text) AND (((gender)::text = 'm'::text) OR (((gender)::text = 'f'::text) AND (name ~~ 'B%'::text))))",
                      "Rows Removed by Filter": 1
                    }
                  ]
                },
                {
                  "Node Type": "Index Scan",
                  "Parent Relationship": "Inner",
                  "Parallel Aware": false,
                  "Scan Direction": "Forward",
                  "Index Name": "person_id_person_info",
                  "Relation Name": "person_info",
                  "Alias": "pi",
                  "Startup Cost": 0.43,
                  "Total Cost": 0.94,
                  "Plan Rows": 1,
                  "Plan Width": 8,
                  "Actual Startup Time": 0.011,
                  "Actual Total Time": 0.011,
                  "Actual Rows": 0,
                  "Actual Loops": 39990,
                  "Index Cond": "(person_id = ci.person_id)",
                  "Rows Removed by Index Recheck": 0,
                  "Filter": "(note = 'Volker Boehm'::text)",
                  "Rows Removed by Filter": 39
                }
              ]
            },
            {
              "Node Type": "Index Scan",
              "Parent Relationship": "Inner",
              "Parallel Aware": false,
              "Scan Direction": "Forward",
              "Index Name": "info_type_pkey",
              "Relation Name": "info_type",
              "Alias": "it",
              "Startup Cost": 0.14,
              "Total Cost": 0.56,
              "Plan Rows": 1,
              "Plan Width": 4,
              "Actual Startup Time": 0.002,
              "Actual Total Time": 0.002,
              "Actual Rows": 1,
              "Actual Loops": 42,
              "Index Cond": "(id = pi.info_type_id)",
              "Rows Removed by Index Recheck": 0,
              "Filter": "((info)::text = 'mini biography'::text)",
              "Rows Removed by Filter": 0
            }
          ]
        }
      ]
    },
    "Planning Time": 17.14,
    "Triggers": [],
    "Execution Time": 2589.886
  }
]