[
  {
    "Bao": {
      "Bao prediction": 517.43,
      "Bao recommended hint": "SET enable_nestloop TO off; SET enable_mergejoin TO off; SET enable_indexscan TO off; "
    }
  },
  {
    "Plan": {
      "Node Type": "Aggregate",
      "Strategy": "Plain",
      "Partial Mode": "Simple",
      "Parallel Aware": false,
      "Startup Cost": 105892.93,
      "Total Cost": 105892.94,
      "Plan Rows": 1,
      "Plan Width": 64,
      "Actual Startup Time": 335.837,
      "Actual Total Time": 354.753,
      "Actual Rows": 1,
      "Actual Loops": 1,
      "Plans": [
        {
          "Node Type": "Gather",
          "Parent Relationship": "Outer",
          "Parallel Aware": false,
          "Startup Cost": 61641.41,
          "Total Cost": 105892.93,
          "Plan Rows": 1,
          "Plan Width": 23,
          "Actual Startup Time": 335.7,
          "Actual Total Time": 354.734,
          "Actual Rows": 6,
          "Actual Loops": 1,
          "Workers Planned": 4,
          "Workers Launched": 4,
          "Single Copy": false,
          "Plans": [
            {
              "Node Type": "Hash Join",
              "Parent Relationship": "Outer",
              "Parallel Aware": true,
              "Join Type": "Inner",
              "Startup Cost": 60641.41,
              "Total Cost": 104892.83,
              "Plan Rows": 1,
              "Plan Width": 23,
              "Actual Startup Time": 311.033,
              "Actual Total Time": 324.231,
              "Actual Rows": 1,
              "Actual Loops": 5,
              "Inner Unique": false,
              "Hash Cond": "(t.id = mi_idx.movie_id)",
              "Plans": [
                {
                  "Node Type": "Seq Scan",
                  "Parent Relationship": "Outer",
                  "Parallel Aware": true,
                  "Relation Name": "title",
                  "Alias": "t",
                  "Startup Cost": 0.0,
                  "Total Cost": 43897.41,
                  "Plan Rows": 94401,
                  "Plan Width": 21,
                  "Actual Startup Time": 0.012,
                  "Actual Total Time": 79.329,
                  "Actual Rows": 78333,
                  "Actual Loops": 5,
                  "Filter": "(production_year > 2010)",
                  "Rows Removed by Filter": 427329
                },
                {
                  "Node Type": "Hash",
                  "Parent Relationship": "Inner",
                  "Parallel Aware": true,
                  "Startup Cost": 60641.39,
                  "Total Cost": 60641.39,
                  "Plan Rows": 1,
                  "Plan Width": 14,
                  "Actual Startup Time": 236.854,
                  "Actual Total Time": 236.862,
                  "Actual Rows": 4,
                  "Actual Loops": 5,
                  "Hash Buckets": 1024,
                  "Original Hash Buckets": 1024,
                  "Hash Batches": 1,
                  "Original Hash Batches": 1,
                  "Peak Memory Usage": 168,
                  "Plans": [
                    {
                      "Node Type": "Hash Join",
                      "Parent Relationship": "Outer",
                      "Parallel Aware": true,
                      "Join Type": "Inner",
                      "Startup Cost": 17762.66,
                      "Total Cost": 60641.39,
                      "Plan Rows": 1,
                      "Plan Width": 14,
                      "Actual Startup Time": 134.293,
                      "Actual Total Time": 236.689,
                      "Actual Rows": 4,
                      "Actual Loops": 5,
                      "Inner Unique": false,
                      "Hash Cond": "(mk.movie_id = mi_idx.movie_id)",
                      "Plans": [
                        {
                          "Node Type": "Hash Join",
                          "Parent Relationship": "Outer",
                          "Parallel Aware": false,
                          "Join Type": "Inner",
                          "Startup Cost": 2626.29,
                          "Total Cost": 45504.48,
                          "Plan Rows": 141,
                          "Plan Width": 4,
                          "Actual Startup Time": 22.541,
                          "Actual Total Time": 185.925,
                          "Actual Rows": 2590,
                          "Actual Loops": 5,
                          "Inner Unique": true,
                          "Hash Cond": "(mk.keyword_id = k.id)",
                          "Plans": [
                            {
                              "Node Type": "Seq Scan",
                              "Parent Relationship": "Outer",
                              "Parallel Aware": true,
                              "Relation Name": "movie_keyword",
                              "Alias": "mk",
                              "Startup Cost": 0.0,
                              "Total Cost": 39047.32,
                              "Plan Rows": 1459332,
                              "Plan Width": 8,
                              "Actual Startup Time": 0.014,
                              "Actual Total Time": 89.238,
                              "Actual Rows": 904786,
                              "Actual Loops": 5
                            },
                            {
                              "Node Type": "Hash",
                              "Parent Relationship": "Inner",
                              "Parallel Aware": false,
                              "Startup Cost": 2626.12,
                              "Total Cost": 2626.12,
                              "Plan Rows": 13,
                              "Plan Width": 4,
                              "Actual Startup Time": 22.177,
                              "Actual Total Time": 22.178,
                              "Actual Rows": 30,
                              "Actual Loops": 5,
                              "Hash Buckets": 1024,
                              "Original Hash Buckets": 1024,
                              "Hash Batches": 1,
                              "Original Hash Batches": 1,
                              "Peak Memory Usage": 10,
                              "Plans": [
                                {
                                  "Node Type": "Seq Scan",
                                  "Parent Relationship": "Outer",
                                  "Parallel Aware": false,
                                  "Relation Name": "keyword",
                                  "Alias": "k",
                                  "Startup Cost": 0.0,
                                  "Total Cost": 2626.12,
                                  "Plan Rows": 13,
                                  "Plan Width": 4,
                                  "Actual Startup Time": 1.194,
                                  "Actual Total Time": 22.142,
                                  "Actual Rows": 30,
                                  "Actual Loops": 5,
                                  "Filter": "(keyword ~~ '%sequel%'::text)",
                                  "Rows Removed by Filter": 134140
                                }
                              ]
                            }
                          ]
                        },
                        {
                          "Node Type": "Hash",
                          "Parent Relationship": "Inner",
                          "Parallel Aware": true,
                          "Startup Cost": 15135.94,
                          "Total Cost": 15135.94,
                          "Plan Rows": 35,
                          "Plan Width": 10,
                          "Actual Startup Time": 50.235,
                          "Actual Total Time": 50.239,
                          "Actual Rows": 61,
                          "Actual Loops": 5,
                          "Hash Buckets": 1024,
                          "Original Hash Buckets": 1024,
                          "Hash Batches": 1,
                          "Original Hash Batches": 1,
                          "Peak Memory Usage": 168,
                          "Plans": [
                            {
                              "Node Type": "Hash Join",
                              "Parent Relationship": "Outer",
                              "Parallel Aware": false,
                              "Join Type": "Inner",
                              "Startup Cost": 2.43,
                              "Total Cost": 15135.94,
                              "Plan Rows": 35,
                              "Plan Width": 10,
                              "Actual Startup Time": 2.792,
                              "Actual Total Time": 50.128,
                              "Actual Rows": 61,
                              "Actual Loops": 5,
                              "Inner Unique": true,
                              "Hash Cond": "(mi_idx.info_type_id = it.id)",
                              "Plans": [
                                {
                                  "Node Type": "Seq Scan",
                                  "Parent Relationship": "Outer",
                                  "Parallel Aware": true,
                                  "Relation Name": "movie_info_idx",
                                  "Alias": "mi_idx",
                                  "Startup Cost": 0.0,
                                  "Total Cost": 15122.68,
                                  "Plan Rows": 3978,
                                  "Plan Width": 14,
                                  "Actual Startup Time": 0.115,
                                  "Actual Total Time": 49.521,
                                  "Actual Rows": 1664,
                                  "Actual Loops": 5,
                                  "Filter": "(info > '9.0'::text)",
                                  "Rows Removed by Filter": 274343
                                },
                                {
                                  "Node Type": "Hash",
                                  "Parent Relationship": "Inner",
                                  "Parallel Aware": false,
                                  "Startup Cost": 2.41,
                                  "Total Cost": 2.41,
                                  "Plan Rows": 1,
                                  "Plan Width": 4,
                                  "Actual Startup Time": 0.077,
                                  "Actual Total Time": 0.078,
                                  "Actual Rows": 1,
                                  "Actual Loops": 5,
                                  "Hash Buckets": 1024,
                                  "Original Hash Buckets": 1024,
                                  "Hash Batches": 1,
                                  "Original Hash Batches": 1,
                                  "Peak Memory Usage": 9,
                                  "Plans": [
                                    {
                                      "Node Type": "Seq Scan",
                                      "Parent Relationship": "Outer",
                                      "Parallel Aware": false,
                                      "Relation Name": "info_type",
                                      "Alias": "it",
                                      "Startup Cost": 0.0,
                                      "Total Cost": 2.41,
                                      "Plan Rows": 1,
                                      "Plan Width": 4,
                                      "Actual Startup Time": 0.061,
                                      "Actual Total Time": 0.065,
                                      "Actual Rows": 1,
                                      "Actual Loops": 5,
                                      "Filter": "((info)::text = 'rating'::text)",
                                      "Rows Removed by Filter": 112
                                    }
                                  ]
                                }
                              ]
                            }
                          ]
                        }
                      ]
                    }
                  ]
                }
              ]
            }
          ]
        }
      ]
    },
    "Planning Time": 443.217,
    "Triggers": [],
    "Execution Time": 355.16
  }
]