[
    {
        "Bao": {
            "Bao prediction": 460.735,
            "Bao recommended hint": "SET enable_mergejoin TO off; SET enable_indexscan TO off; "
        }
    },
    {
        "Plan": {
            "Node Type": "Aggregate",
            "Strategy": "Plain",
            "Partial Mode": "Finalize",
            "Parallel Aware": false,
            "Startup Cost": 346725.34,
            "Total Cost": 346725.35,
            "Plan Rows": 1,
            "Plan Width": 8,
            "Actual Startup Time": 787.833,
            "Actual Total Time": 817.948,
            "Actual Rows": 1,
            "Actual Loops": 1,
            "Output": [
                "count(*)"
            ],
            "Plans": [
                {
                    "Node Type": "Gather",
                    "Parent Relationship": "Outer",
                    "Parallel Aware": false,
                    "Startup Cost": 346724.71,
                    "Total Cost": 346725.32,
                    "Plan Rows": 6,
                    "Plan Width": 8,
                    "Actual Startup Time": 787.715,
                    "Actual Total Time": 817.94,
                    "Actual Rows": 7,
                    "Actual Loops": 1,
                    "Output": [
                        "(PARTIAL count(*))"
                    ],
                    "Workers Planned": 6,
                    "Workers Launched": 6,
                    "Single Copy": false,
                    "Plans": [
                        {
                            "Node Type": "Aggregate",
                            "Strategy": "Plain",
                            "Partial Mode": "Partial",
                            "Parent Relationship": "Outer",
                            "Parallel Aware": false,
                            "Startup Cost": 345724.71,
                            "Total Cost": 345724.72,
                            "Plan Rows": 1,
                            "Plan Width": 8,
                            "Actual Startup Time": 778.728,
                            "Actual Total Time": 778.729,
                            "Actual Rows": 1,
                            "Actual Loops": 7,
                            "Output": [
                                "PARTIAL count(*)"
                            ],
                            "Workers": [
                                {
                                    "Worker Number": 0,
                                    "Actual Startup Time": 776.813,
                                    "Actual Total Time": 776.814,
                                    "Actual Rows": 1,
                                    "Actual Loops": 1
                                },
                                {
                                    "Worker Number": 1,
                                    "Actual Startup Time": 776.987,
                                    "Actual Total Time": 776.988,
                                    "Actual Rows": 1,
                                    "Actual Loops": 1
                                },
                                {
                                    "Worker Number": 2,
                                    "Actual Startup Time": 777.248,
                                    "Actual Total Time": 777.249,
                                    "Actual Rows": 1,
                                    "Actual Loops": 1
                                },
                                {
                                    "Worker Number": 3,
                                    "Actual Startup Time": 777.441,
                                    "Actual Total Time": 777.442,
                                    "Actual Rows": 1,
                                    "Actual Loops": 1
                                },
                                {
                                    "Worker Number": 4,
                                    "Actual Startup Time": 777.8,
                                    "Actual Total Time": 777.801,
                                    "Actual Rows": 1,
                                    "Actual Loops": 1
                                },
                                {
                                    "Worker Number": 5,
                                    "Actual Startup Time": 777.87,
                                    "Actual Total Time": 777.871,
                                    "Actual Rows": 1,
                                    "Actual Loops": 1
                                }
                            ],
                            "Plans": [
                                {
                                    "Node Type": "Seq Scan",
                                    "Parent Relationship": "Outer",
                                    "Parallel Aware": true,
                                    "Relation Name": "cast_info",
                                    "Schema": "public",
                                    "Alias": "ci",
                                    "Startup Cost": 0.0,
                                    "Total Cost": 343318.94,
                                    "Plan Rows": 962308,
                                    "Plan Width": 0,
                                    "Actual Startup Time": 503.299,
                                    "Actual Total Time": 713.995,
                                    "Actual Rows": 1080272,
                                    "Actual Loops": 7,
                                    "Output": [
                                        "id",
                                        "person_id",
                                        "movie_id",
                                        "person_role_id",
                                        "note",
                                        "nr_order",
                                        "role_id"
                                    ],
                                    "Filter": "((ci.person_id > 1367136) AND (ci.role_id > 4))",
                                    "Rows Removed by Filter": 4097492,
                                    "Workers": [
                                        {
                                            "Worker Number": 0,
                                            "Actual Startup Time": 501.352,
                                            "Actual Total Time": 712.446,
                                            "Actual Rows": 972541,
                                            "Actual Loops": 1
                                        },
                                        {
                                            "Worker Number": 1,
                                            "Actual Startup Time": 501.568,
                                            "Actual Total Time": 712.754,
                                            "Actual Rows": 968450,
                                            "Actual Loops": 1
                                        },
                                        {
                                            "Worker Number": 2,
                                            "Actual Startup Time": 501.826,
                                            "Actual Total Time": 712.935,
                                            "Actual Rows": 969250,
                                            "Actual Loops": 1
                                        },
                                        {
                                            "Worker Number": 3,
                                            "Actual Startup Time": 502.002,
                                            "Actual Total Time": 712.99,
                                            "Actual Rows": 970454,
                                            "Actual Loops": 1
                                        },
                                        {
                                            "Worker Number": 4,
                                            "Actual Startup Time": 502.377,
                                            "Actual Total Time": 713.53,
                                            "Actual Rows": 963813,
                                            "Actual Loops": 1
                                        },
                                        {
                                            "Worker Number": 5,
                                            "Actual Startup Time": 502.457,
                                            "Actual Total Time": 714.083,
                                            "Actual Rows": 961530,
                                            "Actual Loops": 1
                                        }
                                    ]
                                }
                            ]
                        }
                    ]
                }
            ]
        },
        "Planning Time": 1886.516,
        "Triggers": [],
        "Execution Time": 818.042
    }
]