[
  {
    "Plan": {
      "Node Type": "Aggregate",
      "Strategy": "Plain",
      "Partial Mode": "Finalize",
      "Parallel Aware": false,
      "Startup Cost": 33161.33,
      "Total Cost": 33161.34,
      "Plan Rows": 1,
      "Plan Width": 8,
      "Actual Startup Time": 102.835,
      "Actual Total Time": 110.614,
      "Actual Rows": 1,
      "Actual Loops": 1,
      "Plans": [
        {
          "Node Type": "Gather",
          "Parent Relationship": "Outer",
          "Parallel Aware": false,
          "Startup Cost": 33161.01,
          "Total Cost": 33161.32,
          "Plan Rows": 3,
          "Plan Width": 8,
          "Actual Startup Time": 102.712,
          "Actual Total Time": 110.595,
          "Actual Rows": 4,
          "Actual Loops": 1,
          "Workers Planned": 3,
          "Workers Launched": 3,
          "Single Copy": false,
          "Plans": [
            {
              "Node Type": "Aggregate",
              "Strategy": "Plain",
              "Partial Mode": "Partial",
              "Parent Relationship": "Outer",
              "Parallel Aware": false,
              "Startup Cost": 32161.01,
              "Total Cost": 32161.02,
              "Plan Rows": 1,
              "Plan Width": 8,
              "Actual Startup Time": 98.926,
              "Actual Total Time": 98.928,
              "Actual Rows": 1,
              "Actual Loops": 4,
              "Plans": [
                {
                  "Node Type": "Seq Scan",
                  "Parent Relationship": "Outer",
                  "Parallel Aware": true,
                  "Relation Name": "movie_companies",
                  "Alias": "mc",
                  "Startup Cost": 0.0,
                  "Total Cost": 31414.82,
                  "Plan Rows": 298476,
                  "Plan Width": 0,
                  "Actual Startup Time": 0.018,
                  "Actual Total Time": 82.94,
                  "Actual Rows": 309428,
                  "Actual Loops": 4,
                  "Filter": "((company_id < 44134) AND (company_type_id = 1))",
                  "Rows Removed by Filter": 342854
                }
              ]
            }
          ]
        }
      ]
    },
    "Planning Time": 0.23,
    "Triggers": [],
    "Execution Time": 110.676
  }
]