{
  "Plan": {
    "Node Type": "Aggregate",
    "Strategy": "Plain",
    "Partial Mode": "Finalize",
    "Parallel Aware": false,
    "Startup Cost": 99139.82,
    "Total Cost": 99139.83,
    "Plan Rows": 1,
    "Plan Width": 8,
    "Actual Startup Time": 294.167,
    "Actual Total Time": 309.546,
    "Actual Rows": 1,
    "Actual Loops": 1,
    "Plans": [
      {
        "Node Type": "Gather",
        "Parent Relationship": "Outer",
        "Parallel Aware": false,
        "Startup Cost": 99139.7,
        "Total Cost": 99139.81,
        "Plan Rows": 1,
        "Plan Width": 8,
        "Actual Startup Time": 294.066,
        "Actual Total Time": 309.539,
        "Actual Rows": 2,
        "Actual Loops": 1,
        "Workers Planned": 1,
        "Workers Launched": 1,
        "Single Copy": false,
        "Plans": [
          {
            "Node Type": "Aggregate",
            "Strategy": "Plain",
            "Partial Mode": "Partial",
            "Parent Relationship": "Outer",
            "Parallel Aware": false,
            "Startup Cost": 98139.7,
            "Total Cost": 98139.71,
            "Plan Rows": 1,
            "Plan Width": 8,
            "Actual Startup Time": 288.167,
            "Actual Total Time": 288.17,
            "Actual Rows": 1,
            "Actual Loops": 2,
            "Plans": [
              {
                "Node Type": "Hash Join",
                "Parent Relationship": "Outer",
                "Parallel Aware": true,
                "Join Type": "Inner",
                "Startup Cost": 54671.86,
                "Total Cost": 98131.68,
                "Plan Rows": 3209,
                "Plan Width": 0,
                "Actual Startup Time": 138.386,
                "Actual Total Time": 287.99,
                "Actual Rows": 2842,
                "Actual Loops": 2,
                "Inner Unique": true,
                "Hash Cond": "(mc.movie_id = t.id)",
                "Plans": [
                  {
                    "Node Type": "Index Scan",
                    "Parent Relationship": "Outer",
                    "Parallel Aware": true,
                    "Scan Direction": "Forward",
                    "Index Name": "company_type_id_movie_companies",
                    "Relation Name": "movie_companies",
                    "Alias": "mc",
                    "Startup Cost": 0.43,
                    "Total Cost": 41574.35,
                    "Plan Rows": 718438,
                    "Plan Width": 4,
                    "Actual Startup Time": 0.104,
                    "Actual Total Time": 106.912,
                    "Actual Rows": 582831,
                    "Actual Loops": 2,
                    "Index Cond": "(company_type_id = 1)",
                    "Rows Removed by Index Recheck": 0,
                    "Filter": "(company_id > 19)",
                    "Rows Removed by Filter": 54292
                  },
                  {
                    "Node Type": "Hash",
                    "Parent Relationship": "Inner",
                    "Parallel Aware": true,
                    "Startup Cost": 54588.39,
                    "Total Cost": 54588.39,
                    "Plan Rows": 6643,
                    "Plan Width": 4,
                    "Actual Startup Time": 136.72,
                    "Actual Total Time": 136.721,
                    "Actual Rows": 5560,
                    "Actual Loops": 2,
                    "Hash Buckets": 16384,
                    "Original Hash Buckets": 16384,
                    "Hash Batches": 1,
                    "Original Hash Batches": 1,
                    "Peak Memory Usage": 576,
                    "Plans": [
                      {
                        "Node Type": "Seq Scan",
                        "Parent Relationship": "Outer",
                        "Parallel Aware": true,
                        "Relation Name": "title",
                        "Alias": "t",
                        "Startup Cost": 0.0,
                        "Total Cost": 54588.39,
                        "Plan Rows": 6643,
                        "Plan Width": 4,
                        "Actual Startup Time": 0.227,
                        "Actual Total Time": 134.507,
                        "Actual Rows": 5560,
                        "Actual Loops": 2,
                        "Filter": "(production_year = 1960)",
                        "Rows Removed by Filter": 1258596
                      }
                    ]
                  }
                ]
              }
            ]
          }
        ]
      }
    ]
  },
  "Planning Time": 0.572,
  "Triggers": [],
  "Execution Time": 309.625
}