[
  {
    "Plan": {
      "Node Type": "Aggregate",
      "Strategy": "Plain",
      "Partial Mode": "Finalize",
      "Parallel Aware": false,
      "Startup Cost": 275749.06,
      "Total Cost": 275749.07,
      "Plan Rows": 1,
      "Plan Width": 8,
      "Actual Startup Time": 52.433,
      "Actual Total Time": 56.963,
      "Actual Rows": 1,
      "Actual Loops": 1,
      "Plans": [
        {
          "Node Type": "Gather",
          "Parent Relationship": "Outer",
          "Parallel Aware": false,
          "Startup Cost": 275748.54,
          "Total Cost": 275749.05,
          "Plan Rows": 5,
          "Plan Width": 8,
          "Actual Startup Time": 52.185,
          "Actual Total Time": 56.955,
          "Actual Rows": 6,
          "Actual Loops": 1,
          "Workers Planned": 5,
          "Workers Launched": 5,
          "Single Copy": false,
          "Plans": [
            {
              "Node Type": "Aggregate",
              "Strategy": "Plain",
              "Partial Mode": "Partial",
              "Parent Relationship": "Outer",
              "Parallel Aware": false,
              "Startup Cost": 274748.54,
              "Total Cost": 274748.55,
              "Plan Rows": 1,
              "Plan Width": 8,
              "Actual Startup Time": 47.237,
              "Actual Total Time": 47.239,
              "Actual Rows": 1,
              "Actual Loops": 6,
              "Plans": [
                {
                  "Node Type": "Bitmap Heap Scan",
                  "Parent Relationship": "Outer",
                  "Parallel Aware": true,
                  "Relation Name": "cast_info",
                  "Alias": "ci",
                  "Startup Cost": 7478.17,
                  "Total Cost": 274638.08,
                  "Plan Rows": 44182,
                  "Plan Width": 0,
                  "Actual Startup Time": 37.131,
                  "Actual Total Time": 46.067,
                  "Actual Rows": 15604,
                  "Actual Loops": 6,
                  "Recheck Cond": "(person_id < 41509)",
                  "Rows Removed by Index Recheck": 0,
                  "Filter": "(role_id > 1)",
                  "Rows Removed by Filter": 44721,
                  "Exact Heap Blocks": 1827,
                  "Lossy Heap Blocks": 0,
                  "Plans": [
                    {
                      "Node Type": "Bitmap Index Scan",
                      "Parent Relationship": "Outer",
                      "Parallel Aware": false,
                      "Index Name": "person_id_cast_info",
                      "Startup Cost": 0.0,
                      "Total Cost": 7422.95,
                      "Plan Rows": 340051,
                      "Plan Width": 0,
                      "Actual Startup Time": 25.681,
                      "Actual Total Time": 25.682,
                      "Actual Rows": 361951,
                      "Actual Loops": 1,
                      "Index Cond": "(person_id < 41509)"
                    }
                  ]
                }
              ]
            }
          ]
        }
      ]
    },
    "Planning Time": 0.204,
    "Triggers": [],
    "Execution Time": 57.013
  }
]