[
  {
    "Plan": {
      "Node Type": "Aggregate",
      "Strategy": "Plain",
      "Partial Mode": "Finalize",
      "Parallel Aware": false,
      "Startup Cost": 47015.33,
      "Total Cost": 47015.34,
      "Plan Rows": 1,
      "Plan Width": 8,
      "Actual Startup Time": 176.228,
      "Actual Total Time": 183.98,
      "Actual Rows": 1,
      "Actual Loops": 1,
      "Plans": [
        {
          "Node Type": "Gather",
          "Parent Relationship": "Outer",
          "Parallel Aware": false,
          "Startup Cost": 47015.01,
          "Total Cost": 47015.32,
          "Plan Rows": 3,
          "Plan Width": 8,
          "Actual Startup Time": 176.113,
          "Actual Total Time": 183.97,
          "Actual Rows": 4,
          "Actual Loops": 1,
          "Workers Planned": 3,
          "Workers Launched": 3,
          "Single Copy": false,
          "Plans": [
            {
              "Node Type": "Aggregate",
              "Strategy": "Plain",
              "Partial Mode": "Partial",
              "Parent Relationship": "Outer",
              "Parallel Aware": false,
              "Startup Cost": 46015.01,
              "Total Cost": 46015.02,
              "Plan Rows": 1,
              "Plan Width": 8,
              "Actual Startup Time": 170.773,
              "Actual Total Time": 170.774,
              "Actual Rows": 1,
              "Actual Loops": 4,
              "Plans": [
                {
                  "Node Type": "Seq Scan",
                  "Parent Relationship": "Outer",
                  "Parallel Aware": true,
                  "Relation Name": "movie_keyword",
                  "Alias": "mk",
                  "Startup Cost": 0.0,
                  "Total Cost": 42695.65,
                  "Plan Rows": 1327742,
                  "Plan Width": 0,
                  "Actual Startup Time": 0.039,
                  "Actual Total Time": 123.17,
                  "Actual Rows": 1029503,
                  "Actual Loops": 4,
                  "Filter": "(keyword_id < 42752)",
                  "Rows Removed by Filter": 101480
                }
              ]
            }
          ]
        }
      ]
    },
    "Planning Time": 0.06,
    "Triggers": [],
    "Execution Time": 184.016
  }
]