[
    {
        "Bao": {
            "Bao prediction": "NaN",
            "Bao recommended hint": "(no hint)"
        }
    },
    {
        "Plan": {
            "Node Type": "Aggregate",
            "Strategy": "Plain",
            "Partial Mode": "Simple",
            "Parallel Aware": false,
            "Startup Cost": 6869.99,
            "Total Cost": 6870.0,
            "Plan Rows": 1,
            "Plan Width": 8,
            "Actual Startup Time": 4.3,
            "Actual Total Time": 4.302,
            "Actual Rows": 1,
            "Actual Loops": 1,
            "Output": [
                "count(*)"
            ],
            "Plans": [
                {
                    "Node Type": "Index Only Scan",
                    "Parent Relationship": "Outer",
                    "Parallel Aware": false,
                    "Scan Direction": "Forward",
                    "Index Name": "company_id_movie_companies",
                    "Relation Name": "movie_companies",
                    "Schema": "public",
                    "Alias": "mc",
                    "Startup Cost": 0.43,
                    "Total Cost": 6863.03,
                    "Plan Rows": 2783,
                    "Plan Width": 0,
                    "Actual Startup Time": 0.112,
                    "Actual Total Time": 3.904,
                    "Actual Rows": 2805,
                    "Actual Loops": 1,
                    "Output": [
                        "company_id"
                    ],
                    "Index Cond": "(mc.company_id = 13015)",
                    "Rows Removed by Index Recheck": 0,
                    "Heap Fetches": 2805
                }
            ]
        },
        "Planning Time": 197.062,
        "Triggers": [],
        "Execution Time": 4.362
    }
]