[
  {
    "Plan": {
      "Node Type": "Aggregate",
      "Strategy": "Plain",
      "Partial Mode": "Finalize",
      "Parallel Aware": false,
      "Startup Cost": 30932.82,
      "Total Cost": 30932.83,
      "Plan Rows": 1,
      "Plan Width": 8,
      "Actual Startup Time": 89.698,
      "Actual Total Time": 94.807,
      "Actual Rows": 1,
      "Actual Loops": 1,
      "Plans": [
        {
          "Node Type": "Gather",
          "Parent Relationship": "Outer",
          "Parallel Aware": false,
          "Startup Cost": 30932.5,
          "Total Cost": 30932.81,
          "Plan Rows": 3,
          "Plan Width": 8,
          "Actual Startup Time": 89.564,
          "Actual Total Time": 94.8,
          "Actual Rows": 4,
          "Actual Loops": 1,
          "Workers Planned": 3,
          "Workers Launched": 3,
          "Single Copy": false,
          "Plans": [
            {
              "Node Type": "Aggregate",
              "Strategy": "Plain",
              "Partial Mode": "Partial",
              "Parent Relationship": "Outer",
              "Parallel Aware": false,
              "Startup Cost": 29932.5,
              "Total Cost": 29932.51,
              "Plan Rows": 1,
              "Plan Width": 8,
              "Actual Startup Time": 82.439,
              "Actual Total Time": 82.44,
              "Actual Rows": 1,
              "Actual Loops": 4,
              "Plans": [
                {
                  "Node Type": "Seq Scan",
                  "Parent Relationship": "Outer",
                  "Parallel Aware": true,
                  "Relation Name": "movie_companies",
                  "Alias": "mc",
                  "Startup Cost": 0.0,
                  "Total Cost": 29310.68,
                  "Plan Rows": 248728,
                  "Plan Width": 0,
                  "Actual Startup Time": 0.038,
                  "Actual Total Time": 70.509,
                  "Actual Rows": 190608,
                  "Actual Loops": 4,
                  "Filter": "(company_id < 1571)",
                  "Rows Removed by Filter": 461674
                }
              ]
            }
          ]
        }
      ]
    },
    "Planning Time": 0.149,
    "Triggers": [],
    "Execution Time": 94.851
  }
]