[
  {
    "Plan": {
      "Node Type": "Aggregate",
      "Strategy": "Plain",
      "Partial Mode": "Finalize",
      "Parallel Aware": false,
      "Startup Cost": 43631.32,
      "Total Cost": 43631.33,
      "Plan Rows": 1,
      "Plan Width": 8,
      "Actual Startup Time": 204.709,
      "Actual Total Time": 226.071,
      "Actual Rows": 1,
      "Actual Loops": 1,
      "Plans": [
        {
          "Node Type": "Gather",
          "Parent Relationship": "Outer",
          "Parallel Aware": false,
          "Startup Cost": 43631.0,
          "Total Cost": 43631.31,
          "Plan Rows": 3,
          "Plan Width": 8,
          "Actual Startup Time": 204.223,
          "Actual Total Time": 226.061,
          "Actual Rows": 4,
          "Actual Loops": 1,
          "Workers Planned": 3,
          "Workers Launched": 3,
          "Single Copy": false,
          "Plans": [
            {
              "Node Type": "Aggregate",
              "Strategy": "Plain",
              "Partial Mode": "Partial",
              "Parent Relationship": "Outer",
              "Parallel Aware": false,
              "Startup Cost": 42631.0,
              "Total Cost": 42631.01,
              "Plan Rows": 1,
              "Plan Width": 8,
              "Actual Startup Time": 199.225,
              "Actual Total Time": 199.227,
              "Actual Rows": 1,
              "Actual Loops": 4,
              "Plans": [
                {
                  "Node Type": "Nested Loop",
                  "Parent Relationship": "Outer",
                  "Parallel Aware": false,
                  "Join Type": "Inner",
                  "Startup Cost": 0.99,
                  "Total Cost": 42615.87,
                  "Plan Rows": 6050,
                  "Plan Width": 0,
                  "Actual Startup Time": 0.207,
                  "Actual Total Time": 196.026,
                  "Actual Rows": 44252,
                  "Actual Loops": 4,
                  "Inner Unique": true,
                  "Plans": [
                    {
                      "Node Type": "Index Scan",
                      "Parent Relationship": "Outer",
                      "Parallel Aware": true,
                      "Scan Direction": "Forward",
                      "Index Name": "role_id_cast_info",
                      "Relation Name": "cast_info",
                      "Alias": "ci",
                      "Startup Cost": 0.56,
                      "Total Cost": 9091.72,
                      "Plan Rows": 6050,
                      "Plan Width": 4,
                      "Actual Startup Time": 0.074,
                      "Actual Total Time": 19.223,
                      "Actual Rows": 44252,
                      "Actual Loops": 4,
                      "Index Cond": "(role_id = 11)",
                      "Rows Removed by Index Recheck": 0,
                      "Filter": "(person_id > 3653467)",
                      "Rows Removed by Filter": 34778
                    },
                    {
                      "Node Type": "Index Only Scan",
                      "Parent Relationship": "Inner",
                      "Parallel Aware": false,
                      "Scan Direction": "Forward",
                      "Index Name": "title_pkey",
                      "Relation Name": "title",
                      "Alias": "t",
                      "Startup Cost": 0.43,
                      "Total Cost": 5.54,
                      "Plan Rows": 1,
                      "Plan Width": 4,
                      "Actual Startup Time": 0.004,
                      "Actual Total Time": 0.004,
                      "Actual Rows": 1,
                      "Actual Loops": 177008,
                      "Index Cond": "(id = ci.movie_id)",
                      "Rows Removed by Index Recheck": 0,
                      "Heap Fetches": 177008
                    }
                  ]
                }
              ]
            }
          ]
        }
      ]
    },
    "Planning Time": 0.388,
    "Triggers": [],
    "Execution Time": 226.113
  }
]