[
  {
    "Plan": {
      "Node Type": "Aggregate",
      "Strategy": "Plain",
      "Partial Mode": "Finalize",
      "Parallel Aware": false,
      "Startup Cost": 46327.78,
      "Total Cost": 46327.79,
      "Plan Rows": 1,
      "Plan Width": 8,
      "Actual Startup Time": 159.193,
      "Actual Total Time": 168.581,
      "Actual Rows": 1,
      "Actual Loops": 1,
      "Plans": [
        {
          "Node Type": "Gather",
          "Parent Relationship": "Outer",
          "Parallel Aware": false,
          "Startup Cost": 46327.46,
          "Total Cost": 46327.77,
          "Plan Rows": 3,
          "Plan Width": 8,
          "Actual Startup Time": 159.088,
          "Actual Total Time": 168.574,
          "Actual Rows": 4,
          "Actual Loops": 1,
          "Workers Planned": 3,
          "Workers Launched": 3,
          "Single Copy": false,
          "Plans": [
            {
              "Node Type": "Aggregate",
              "Strategy": "Plain",
              "Partial Mode": "Partial",
              "Parent Relationship": "Outer",
              "Parallel Aware": false,
              "Startup Cost": 45327.46,
              "Total Cost": 45327.47,
              "Plan Rows": 1,
              "Plan Width": 8,
              "Actual Startup Time": 152.899,
              "Actual Total Time": 152.9,
              "Actual Rows": 1,
              "Actual Loops": 4,
              "Plans": [
                {
                  "Node Type": "Seq Scan",
                  "Parent Relationship": "Outer",
                  "Parallel Aware": true,
                  "Relation Name": "movie_keyword",
                  "Alias": "mk",
                  "Startup Cost": 0.0,
                  "Total Cost": 42695.65,
                  "Plan Rows": 1052723,
                  "Plan Width": 0,
                  "Actual Startup Time": 0.05,
                  "Actual Total Time": 117.436,
                  "Actual Rows": 814349,
                  "Actual Loops": 4,
                  "Filter": "(keyword_id < 14095)",
                  "Rows Removed by Filter": 316633
                }
              ]
            }
          ]
        }
      ]
    },
    "Planning Time": 0.179,
    "Triggers": [],
    "Execution Time": 168.636
  }
]