[
  {
    "Plan": {
      "Node Type": "Aggregate",
      "Strategy": "Plain",
      "Partial Mode": "Finalize",
      "Parallel Aware": false,
      "Startup Cost": 342709.62,
      "Total Cost": 342709.63,
      "Plan Rows": 1,
      "Plan Width": 8,
      "Actual Startup Time": 886.727,
      "Actual Total Time": 944.208,
      "Actual Rows": 1,
      "Actual Loops": 1,
      "Plans": [
        {
          "Node Type": "Gather",
          "Parent Relationship": "Outer",
          "Parallel Aware": false,
          "Startup Cost": 342708.99,
          "Total Cost": 342709.6,
          "Plan Rows": 6,
          "Plan Width": 8,
          "Actual Startup Time": 886.589,
          "Actual Total Time": 944.198,
          "Actual Rows": 7,
          "Actual Loops": 1,
          "Workers Planned": 6,
          "Workers Launched": 6,
          "Single Copy": false,
          "Plans": [
            {
              "Node Type": "Aggregate",
              "Strategy": "Plain",
              "Partial Mode": "Partial",
              "Parent Relationship": "Outer",
              "Parallel Aware": false,
              "Startup Cost": 341708.99,
              "Total Cost": 341709.0,
              "Plan Rows": 1,
              "Plan Width": 8,
              "Actual Startup Time": 878.265,
              "Actual Total Time": 878.267,
              "Actual Rows": 1,
              "Actual Loops": 7,
              "Plans": [
                {
                  "Node Type": "Seq Scan",
                  "Parent Relationship": "Outer",
                  "Parallel Aware": true,
                  "Relation Name": "cast_info",
                  "Alias": "ci",
                  "Startup Cost": 0.0,
                  "Total Cost": 328162.03,
                  "Plan Rows": 5418787,
                  "Plan Width": 0,
                  "Actual Startup Time": 0.056,
                  "Actual Total Time": 669.572,
                  "Actual Rows": 4667929,
                  "Actual Loops": 7,
                  "Filter": "(person_id < 3414632)",
                  "Rows Removed by Filter": 509834
                }
              ]
            }
          ]
        }
      ]
    },
    "Planning Time": 0.141,
    "Triggers": [],
    "Execution Time": 944.264
  }
]