{
  "Plan": {
    "Node Type": "Aggregate",
    "Strategy": "Plain",
    "Partial Mode": "Finalize",
    "Parallel Aware": false,
    "Startup Cost": 447022.2,
    "Total Cost": 447022.21,
    "Plan Rows": 1,
    "Plan Width": 8,
    "Actual Startup Time": 771.963,
    "Actual Total Time": 799.571,
    "Actual Rows": 1,
    "Actual Loops": 1,
    "Plans": [
      {
        "Node Type": "Gather",
        "Parent Relationship": "Outer",
        "Parallel Aware": false,
        "Startup Cost": 447022.09,
        "Total Cost": 447022.2,
        "Plan Rows": 1,
        "Plan Width": 8,
        "Actual Startup Time": 771.399,
        "Actual Total Time": 799.562,
        "Actual Rows": 2,
        "Actual Loops": 1,
        "Workers Planned": 1,
        "Workers Launched": 1,
        "Single Copy": false,
        "Plans": [
          {
            "Node Type": "Aggregate",
            "Strategy": "Plain",
            "Partial Mode": "Partial",
            "Parent Relationship": "Outer",
            "Parallel Aware": false,
            "Startup Cost": 446022.09,
            "Total Cost": 446022.1,
            "Plan Rows": 1,
            "Plan Width": 8,
            "Actual Startup Time": 765.226,
            "Actual Total Time": 765.23,
            "Actual Rows": 1,
            "Actual Loops": 2,
            "Plans": [
              {
                "Node Type": "Hash Join",
                "Parent Relationship": "Outer",
                "Parallel Aware": true,
                "Join Type": "Inner",
                "Startup Cost": 153028.87,
                "Total Cost": 445978.3,
                "Plan Rows": 17514,
                "Plan Width": 0,
                "Actual Startup Time": 337.864,
                "Actual Total Time": 764.07,
                "Actual Rows": 23254,
                "Actual Loops": 2,
                "Inner Unique": true,
                "Hash Cond": "(ci.movie_id = t.id)",
                "Plans": [
                  {
                    "Node Type": "Bitmap Heap Scan",
                    "Parent Relationship": "Outer",
                    "Parallel Aware": true,
                    "Relation Name": "cast_info",
                    "Alias": "ci",
                    "Startup Cost": 94348.95,
                    "Total Cost": 385009.91,
                    "Plan Rows": 871798,
                    "Plan Width": 4,
                    "Actual Startup Time": 190.389,
                    "Actual Total Time": 465.769,
                    "Actual Rows": 1590857,
                    "Actual Loops": 2,
                    "Recheck Cond": "(person_id < 425553)",
                    "Rows Removed by Index Recheck": 0,
                    "Filter": "(role_id < 2)",
                    "Rows Removed by Filter": 612770,
                    "Exact Heap Blocks": 25373,
                    "Lossy Heap Blocks": 0,
                    "Plans": [
                      {
                        "Node Type": "Bitmap Index Scan",
                        "Parent Relationship": "Outer",
                        "Parallel Aware": false,
                        "Index Name": "person_id_cast_info",
                        "Startup Cost": 0.0,
                        "Total Cost": 93978.43,
                        "Plan Rows": 4303716,
                        "Plan Width": 0,
                        "Actual Startup Time": 183.014,
                        "Actual Total Time": 183.015,
                        "Actual Rows": 4407255,
                        "Actual Loops": 1,
                        "Index Cond": "(person_id < 425553)"
                      }
                    ]
                  },
                  {
                    "Node Type": "Hash",
                    "Parent Relationship": "Inner",
                    "Parallel Aware": true,
                    "Startup Cost": 58306.47,
                    "Total Cost": 58306.47,
                    "Plan Rows": 29876,
                    "Plan Width": 4,
                    "Actual Startup Time": 145.627,
                    "Actual Total Time": 145.628,
                    "Actual Rows": 22660,
                    "Actual Loops": 2,
                    "Hash Buckets": 65536,
                    "Original Hash Buckets": 65536,
                    "Hash Batches": 1,
                    "Original Hash Batches": 1,
                    "Peak Memory Usage": 2304,
                    "Plans": [
                      {
                        "Node Type": "Seq Scan",
                        "Parent Relationship": "Outer",
                        "Parallel Aware": true,
                        "Relation Name": "title",
                        "Alias": "t",
                        "Startup Cost": 0.0,
                        "Total Cost": 58306.47,
                        "Plan Rows": 29876,
                        "Plan Width": 4,
                        "Actual Startup Time": 0.097,
                        "Actual Total Time": 138.455,
                        "Actual Rows": 22660,
                        "Actual Loops": 2,
                        "Filter": "((kind_id > 1) AND (production_year > 2012))",
                        "Rows Removed by Filter": 1241496
                      }
                    ]
                  }
                ]
              }
            ]
          }
        ]
      }
    ]
  },
  "Planning Time": 0.478,
  "Triggers": [],
  "Execution Time": 799.665
}