[
  {
    "Plan": {
      "Node Type": "Aggregate",
      "Strategy": "Plain",
      "Partial Mode": "Finalize",
      "Parallel Aware": false,
      "Startup Cost": 79053.59,
      "Total Cost": 79053.6,
      "Plan Rows": 1,
      "Plan Width": 8,
      "Actual Startup Time": 231.755,
      "Actual Total Time": 247.925,
      "Actual Rows": 1,
      "Actual Loops": 1,
      "Plans": [
        {
          "Node Type": "Gather",
          "Parent Relationship": "Outer",
          "Parallel Aware": false,
          "Startup Cost": 79053.27,
          "Total Cost": 79053.58,
          "Plan Rows": 3,
          "Plan Width": 8,
          "Actual Startup Time": 231.432,
          "Actual Total Time": 247.917,
          "Actual Rows": 4,
          "Actual Loops": 1,
          "Workers Planned": 3,
          "Workers Launched": 3,
          "Single Copy": false,
          "Plans": [
            {
              "Node Type": "Aggregate",
              "Strategy": "Plain",
              "Partial Mode": "Partial",
              "Parent Relationship": "Outer",
              "Parallel Aware": false,
              "Startup Cost": 78053.27,
              "Total Cost": 78053.28,
              "Plan Rows": 1,
              "Plan Width": 8,
              "Actual Startup Time": 222.144,
              "Actual Total Time": 222.149,
              "Actual Rows": 1,
              "Actual Loops": 4,
              "Plans": [
                {
                  "Node Type": "Hash Join",
                  "Parent Relationship": "Outer",
                  "Parallel Aware": true,
                  "Join Type": "Inner",
                  "Startup Cost": 45610.17,
                  "Total Cost": 78037.34,
                  "Plan Rows": 6374,
                  "Plan Width": 0,
                  "Actual Startup Time": 179.856,
                  "Actual Total Time": 221.905,
                  "Actual Rows": 3621,
                  "Actual Loops": 4,
                  "Inner Unique": true,
                  "Hash Cond": "(mc.movie_id = t.id)",
                  "Plans": [
                    {
                      "Node Type": "Seq Scan",
                      "Parent Relationship": "Outer",
                      "Parallel Aware": true,
                      "Relation Name": "movie_companies",
                      "Alias": "mc",
                      "Startup Cost": 0.0,
                      "Total Cost": 31414.82,
                      "Plan Rows": 385655,
                      "Plan Width": 4,
                      "Actual Startup Time": 36.582,
                      "Actual Total Time": 79.586,
                      "Actual Rows": 267084,
                      "Actual Loops": 4,
                      "Filter": "((company_id < 98382) AND (company_type_id = 2))",
                      "Rows Removed by Filter": 385198
                    },
                    {
                      "Node Type": "Hash",
                      "Parent Relationship": "Inner",
                      "Parallel Aware": true,
                      "Startup Cost": 45479.59,
                      "Total Cost": 45479.59,
                      "Plan Rows": 10447,
                      "Plan Width": 4,
                      "Actual Startup Time": 111.18,
                      "Actual Total Time": 111.183,
                      "Actual Rows": 9890,
                      "Actual Loops": 4,
                      "Hash Buckets": 65536,
                      "Original Hash Buckets": 65536,
                      "Hash Batches": 1,
                      "Original Hash Batches": 1,
                      "Peak Memory Usage": 2112,
                      "Plans": [
                        {
                          "Node Type": "Seq Scan",
                          "Parent Relationship": "Outer",
                          "Parallel Aware": true,
                          "Relation Name": "title",
                          "Alias": "t",
                          "Startup Cost": 0.0,
                          "Total Cost": 45479.59,
                          "Plan Rows": 10447,
                          "Plan Width": 4,
                          "Actual Startup Time": 51.234,
                          "Actual Total Time": 106.935,
                          "Actual Rows": 9890,
                          "Actual Loops": 4,
                          "Filter": "((kind_id = 1) AND (production_year = 2012))",
                          "Rows Removed by Filter": 622188
                        }
                      ]
                    }
                  ]
                }
              ]
            }
          ]
        }
      ]
    },
    "Planning Time": 0.685,
    "Triggers": [],
    "Execution Time": 248.007
  }
]