[
  {
    "Plan": {
      "Node Type": "Aggregate",
      "Strategy": "Plain",
      "Partial Mode": "Finalize",
      "Parallel Aware": false,
      "Startup Cost": 31963.29,
      "Total Cost": 31963.3,
      "Plan Rows": 1,
      "Plan Width": 8,
      "Actual Startup Time": 115.212,
      "Actual Total Time": 123.258,
      "Actual Rows": 1,
      "Actual Loops": 1,
      "Plans": [
        {
          "Node Type": "Gather",
          "Parent Relationship": "Outer",
          "Parallel Aware": false,
          "Startup Cost": 31962.97,
          "Total Cost": 31963.28,
          "Plan Rows": 3,
          "Plan Width": 8,
          "Actual Startup Time": 115.053,
          "Actual Total Time": 123.245,
          "Actual Rows": 4,
          "Actual Loops": 1,
          "Workers Planned": 3,
          "Workers Launched": 3,
          "Single Copy": false,
          "Plans": [
            {
              "Node Type": "Aggregate",
              "Strategy": "Plain",
              "Partial Mode": "Partial",
              "Parent Relationship": "Outer",
              "Parallel Aware": false,
              "Startup Cost": 30962.97,
              "Total Cost": 30962.98,
              "Plan Rows": 1,
              "Plan Width": 8,
              "Actual Startup Time": 109.571,
              "Actual Total Time": 109.572,
              "Actual Rows": 1,
              "Actual Loops": 4,
              "Plans": [
                {
                  "Node Type": "Seq Scan",
                  "Parent Relationship": "Outer",
                  "Parallel Aware": true,
                  "Relation Name": "movie_companies",
                  "Alias": "mc",
                  "Startup Cost": 0.0,
                  "Total Cost": 29310.68,
                  "Plan Rows": 660915,
                  "Plan Width": 0,
                  "Actual Startup Time": 0.032,
                  "Actual Total Time": 83.829,
                  "Actual Rows": 513274,
                  "Actual Loops": 4,
                  "Filter": "(company_id < 71740)",
                  "Rows Removed by Filter": 139008
                }
              ]
            }
          ]
        }
      ]
    },
    "Planning Time": 0.089,
    "Triggers": [],
    "Execution Time": 123.29
  }
]