[
  {
    "Plan": {
      "Node Type": "Aggregate",
      "Strategy": "Plain",
      "Partial Mode": "Finalize",
      "Parallel Aware": false,
      "Startup Cost": 32177.51,
      "Total Cost": 32177.52,
      "Plan Rows": 1,
      "Plan Width": 8,
      "Actual Startup Time": 117.074,
      "Actual Total Time": 125.354,
      "Actual Rows": 1,
      "Actual Loops": 1,
      "Plans": [
        {
          "Node Type": "Gather",
          "Parent Relationship": "Outer",
          "Parallel Aware": false,
          "Startup Cost": 32177.19,
          "Total Cost": 32177.5,
          "Plan Rows": 3,
          "Plan Width": 8,
          "Actual Startup Time": 116.933,
          "Actual Total Time": 125.344,
          "Actual Rows": 4,
          "Actual Loops": 1,
          "Workers Planned": 3,
          "Workers Launched": 3,
          "Single Copy": false,
          "Plans": [
            {
              "Node Type": "Aggregate",
              "Strategy": "Plain",
              "Partial Mode": "Partial",
              "Parent Relationship": "Outer",
              "Parallel Aware": false,
              "Startup Cost": 31177.19,
              "Total Cost": 31177.2,
              "Plan Rows": 1,
              "Plan Width": 8,
              "Actual Startup Time": 111.442,
              "Actual Total Time": 111.443,
              "Actual Rows": 1,
              "Actual Loops": 4,
              "Plans": [
                {
                  "Node Type": "Seq Scan",
                  "Parent Relationship": "Outer",
                  "Parallel Aware": true,
                  "Relation Name": "movie_companies",
                  "Alias": "mc",
                  "Startup Cost": 0.0,
                  "Total Cost": 29310.68,
                  "Plan Rows": 746603,
                  "Plan Width": 0,
                  "Actual Startup Time": 0.034,
                  "Actual Total Time": 83.88,
                  "Actual Rows": 578356,
                  "Actual Loops": 4,
                  "Filter": "(company_id < 94757)",
                  "Rows Removed by Filter": 73926
                }
              ]
            }
          ]
        }
      ]
    },
    "Planning Time": 0.199,
    "Triggers": [],
    "Execution Time": 125.411
  }
]