{
  "Plan": {
    "Node Type": "Aggregate",
    "Strategy": "Plain",
    "Partial Mode": "Finalize",
    "Parallel Aware": false,
    "Startup Cost": 287618.9,
    "Total Cost": 287618.91,
    "Plan Rows": 1,
    "Plan Width": 8,
    "Actual Startup Time": 1572.69,
    "Actual Total Time": 1634.978,
    "Actual Rows": 1,
    "Actual Loops": 1,
    "Plans": [
      {
        "Node Type": "Gather",
        "Parent Relationship": "Outer",
        "Parallel Aware": false,
        "Startup Cost": 287618.79,
        "Total Cost": 287618.9,
        "Plan Rows": 1,
        "Plan Width": 8,
        "Actual Startup Time": 1570.407,
        "Actual Total Time": 1634.97,
        "Actual Rows": 2,
        "Actual Loops": 1,
        "Workers Planned": 1,
        "Workers Launched": 1,
        "Single Copy": false,
        "Plans": [
          {
            "Node Type": "Aggregate",
            "Strategy": "Plain",
            "Partial Mode": "Partial",
            "Parent Relationship": "Outer",
            "Parallel Aware": false,
            "Startup Cost": 286618.79,
            "Total Cost": 286618.8,
            "Plan Rows": 1,
            "Plan Width": 8,
            "Actual Startup Time": 1564.81,
            "Actual Total Time": 1564.814,
            "Actual Rows": 1,
            "Actual Loops": 2,
            "Plans": [
              {
                "Node Type": "Nested Loop",
                "Parent Relationship": "Outer",
                "Parallel Aware": false,
                "Join Type": "Inner",
                "Startup Cost": 63474.13,
                "Total Cost": 286084.61,
                "Plan Rows": 213669,
                "Plan Width": 0,
                "Actual Startup Time": 252.59,
                "Actual Total Time": 1517.054,
                "Actual Rows": 1056457,
                "Actual Loops": 2,
                "Inner Unique": false,
                "Plans": [
                  {
                    "Node Type": "Hash Join",
                    "Parent Relationship": "Outer",
                    "Parallel Aware": true,
                    "Join Type": "Inner",
                    "Startup Cost": 63473.69,
                    "Total Cost": 82267.46,
                    "Plan Rows": 75333,
                    "Plan Width": 8,
                    "Actual Startup Time": 252.532,
                    "Actual Total Time": 409.93,
                    "Actual Rows": 133062,
                    "Actual Loops": 2,
                    "Inner Unique": true,
                    "Hash Cond": "(mi_idx.movie_id = t.id)",
                    "Plans": [
                      {
                        "Node Type": "Seq Scan",
                        "Parent Relationship": "Outer",
                        "Parallel Aware": true,
                        "Relation Name": "movie_info_idx",
                        "Alias": "mi_idx",
                        "Startup Cost": 0.0,
                        "Total Cost": 18082.32,
                        "Plan Rows": 271028,
                        "Plan Width": 4,
                        "Actual Startup Time": 0.021,
                        "Actual Total Time": 55.033,
                        "Actual Rows": 229962,
                        "Actual Loops": 2,
                        "Filter": "(info_type_id = 101)",
                        "Rows Removed by Filter": 460055
                      },
                      {
                        "Node Type": "Hash",
                        "Parent Relationship": "Inner",
                        "Parallel Aware": true,
                        "Startup Cost": 58306.47,
                        "Total Cost": 58306.47,
                        "Plan Rows": 413378,
                        "Plan Width": 4,
                        "Actual Startup Time": 243.428,
                        "Actual Total Time": 243.429,
                        "Actual Rows": 374966,
                        "Actual Loops": 2,
                        "Hash Buckets": 1048576,
                        "Original Hash Buckets": 1048576,
                        "Hash Batches": 1,
                        "Original Hash Batches": 1,
                        "Peak Memory Usage": 37568,
                        "Plans": [
                          {
                            "Node Type": "Seq Scan",
                            "Parent Relationship": "Outer",
                            "Parallel Aware": true,
                            "Relation Name": "title",
                            "Alias": "t",
                            "Startup Cost": 0.0,
                            "Total Cost": 58306.47,
                            "Plan Rows": 413378,
                            "Plan Width": 4,
                            "Actual Startup Time": 0.035,
                            "Actual Total Time": 154.646,
                            "Actual Rows": 374966,
                            "Actual Loops": 2,
                            "Filter": "((kind_id < 7) AND (production_year < 2009))",
                            "Rows Removed by Filter": 889190
                          }
                        ]
                      }
                    ]
                  },
                  {
                    "Node Type": "Index Scan",
                    "Parent Relationship": "Inner",
                    "Parallel Aware": false,
                    "Scan Direction": "Forward",
                    "Index Name": "movie_id_movie_info",
                    "Relation Name": "movie_info",
                    "Alias": "mi",
                    "Startup Cost": 0.43,
                    "Total Cost": 2.51,
                    "Plan Rows": 20,
                    "Plan Width": 4,
                    "Actual Startup Time": 0.002,
                    "Actual Total Time": 0.008,
                    "Actual Rows": 8,
                    "Actual Loops": 266124,
                    "Index Cond": "(movie_id = t.id)",
                    "Rows Removed by Index Recheck": 0,
                    "Filter": "(info_type_id < 8)",
                    "Rows Removed by Filter": 10
                  }
                ]
              }
            ]
          }
        ]
      }
    ]
  },
  "Planning Time": 0.999,
  "Triggers": [],
  "Execution Time": 1635.076
}