[
  {
    "Plan": {
      "Node Type": "Aggregate",
      "Strategy": "Plain",
      "Partial Mode": "Finalize",
      "Parallel Aware": false,
      "Startup Cost": 31996.86,
      "Total Cost": 31996.87,
      "Plan Rows": 1,
      "Plan Width": 8,
      "Actual Startup Time": 128.591,
      "Actual Total Time": 137.086,
      "Actual Rows": 1,
      "Actual Loops": 1,
      "Plans": [
        {
          "Node Type": "Gather",
          "Parent Relationship": "Outer",
          "Parallel Aware": false,
          "Startup Cost": 31996.54,
          "Total Cost": 31996.85,
          "Plan Rows": 3,
          "Plan Width": 8,
          "Actual Startup Time": 128.411,
          "Actual Total Time": 137.076,
          "Actual Rows": 4,
          "Actual Loops": 1,
          "Workers Planned": 3,
          "Workers Launched": 3,
          "Single Copy": false,
          "Plans": [
            {
              "Node Type": "Aggregate",
              "Strategy": "Plain",
              "Partial Mode": "Partial",
              "Parent Relationship": "Outer",
              "Parallel Aware": false,
              "Startup Cost": 30996.54,
              "Total Cost": 30996.55,
              "Plan Rows": 1,
              "Plan Width": 8,
              "Actual Startup Time": 122.635,
              "Actual Total Time": 122.636,
              "Actual Rows": 1,
              "Actual Loops": 4,
              "Plans": [
                {
                  "Node Type": "Seq Scan",
                  "Parent Relationship": "Outer",
                  "Parallel Aware": true,
                  "Relation Name": "movie_companies",
                  "Alias": "mc",
                  "Startup Cost": 0.0,
                  "Total Cost": 29310.68,
                  "Plan Rows": 674345,
                  "Plan Width": 0,
                  "Actual Startup Time": 0.033,
                  "Actual Total Time": 92.877,
                  "Actual Rows": 523194,
                  "Actual Loops": 4,
                  "Filter": "(company_id < 73524)",
                  "Rows Removed by Filter": 129088
                }
              ]
            }
          ]
        }
      ]
    },
    "Planning Time": 0.187,
    "Triggers": [],
    "Execution Time": 137.129
  }
]