[
  {
    "Plan": {
      "Node Type": "Aggregate",
      "Strategy": "Plain",
      "Partial Mode": "Finalize",
      "Parallel Aware": false,
      "Startup Cost": 332497.82,
      "Total Cost": 332497.83,
      "Plan Rows": 1,
      "Plan Width": 8,
      "Actual Startup Time": 630.177,
      "Actual Total Time": 682.98,
      "Actual Rows": 1,
      "Actual Loops": 1,
      "Plans": [
        {
          "Node Type": "Gather",
          "Parent Relationship": "Outer",
          "Parallel Aware": false,
          "Startup Cost": 332497.2,
          "Total Cost": 332497.81,
          "Plan Rows": 6,
          "Plan Width": 8,
          "Actual Startup Time": 630.042,
          "Actual Total Time": 682.97,
          "Actual Rows": 7,
          "Actual Loops": 1,
          "Workers Planned": 6,
          "Workers Launched": 6,
          "Single Copy": false,
          "Plans": [
            {
              "Node Type": "Aggregate",
              "Strategy": "Plain",
              "Partial Mode": "Partial",
              "Parent Relationship": "Outer",
              "Parallel Aware": false,
              "Startup Cost": 331497.2,
              "Total Cost": 331497.21,
              "Plan Rows": 1,
              "Plan Width": 8,
              "Actual Startup Time": 622.325,
              "Actual Total Time": 622.326,
              "Actual Rows": 1,
              "Actual Loops": 7,
              "Plans": [
                {
                  "Node Type": "Seq Scan",
                  "Parent Relationship": "Outer",
                  "Parallel Aware": true,
                  "Relation Name": "cast_info",
                  "Alias": "ci",
                  "Startup Cost": 0.0,
                  "Total Cost": 328162.03,
                  "Plan Rows": 1334069,
                  "Plan Width": 0,
                  "Actual Startup Time": 328.385,
                  "Actual Total Time": 569.696,
                  "Actual Rows": 1133328,
                  "Actual Loops": 7,
                  "Filter": "(person_id > 2886189)",
                  "Rows Removed by Filter": 4044435
                }
              ]
            }
          ]
        }
      ]
    },
    "Planning Time": 0.194,
    "Triggers": [],
    "Execution Time": 683.052
  }
]