[
  {
    "Plan": {
      "Node Type": "Aggregate",
      "Strategy": "Plain",
      "Partial Mode": "Finalize",
      "Parallel Aware": false,
      "Startup Cost": 33166.9,
      "Total Cost": 33166.91,
      "Plan Rows": 1,
      "Plan Width": 8,
      "Actual Startup Time": 82.434,
      "Actual Total Time": 90.265,
      "Actual Rows": 1,
      "Actual Loops": 1,
      "Plans": [
        {
          "Node Type": "Gather",
          "Parent Relationship": "Outer",
          "Parallel Aware": false,
          "Startup Cost": 33166.58,
          "Total Cost": 33166.89,
          "Plan Rows": 3,
          "Plan Width": 8,
          "Actual Startup Time": 82.346,
          "Actual Total Time": 90.256,
          "Actual Rows": 4,
          "Actual Loops": 1,
          "Workers Planned": 3,
          "Workers Launched": 3,
          "Single Copy": false,
          "Plans": [
            {
              "Node Type": "Aggregate",
              "Strategy": "Plain",
              "Partial Mode": "Partial",
              "Parent Relationship": "Outer",
              "Parallel Aware": false,
              "Startup Cost": 32166.58,
              "Total Cost": 32166.59,
              "Plan Rows": 1,
              "Plan Width": 8,
              "Actual Startup Time": 78.906,
              "Actual Total Time": 78.907,
              "Actual Rows": 1,
              "Actual Loops": 4,
              "Plans": [
                {
                  "Node Type": "Seq Scan",
                  "Parent Relationship": "Outer",
                  "Parallel Aware": true,
                  "Relation Name": "movie_companies",
                  "Alias": "mc",
                  "Startup Cost": 0.0,
                  "Total Cost": 31414.82,
                  "Plan Rows": 300706,
                  "Plan Width": 0,
                  "Actual Startup Time": 0.299,
                  "Actual Total Time": 70.155,
                  "Actual Rows": 194984,
                  "Actual Loops": 4,
                  "Filter": "((company_id > 1284) AND (company_type_id = 1))",
                  "Rows Removed by Filter": 457298
                }
              ]
            }
          ]
        }
      ]
    },
    "Planning Time": 0.097,
    "Triggers": [],
    "Execution Time": 90.292
  }
]