[
    {
        "Bao": {
            "Bao prediction": "NaN",
            "Bao recommended hint": "(no hint)"
        }
    },
    {
        "Plan": {
            "Node Type": "Aggregate",
            "Strategy": "Plain",
            "Partial Mode": "Simple",
            "Parallel Aware": false,
            "Startup Cost": 16846.26,
            "Total Cost": 16846.27,
            "Plan Rows": 1,
            "Plan Width": 8,
            "Actual Startup Time": 12.123,
            "Actual Total Time": 12.124,
            "Actual Rows": 1,
            "Actual Loops": 1,
            "Output": [
                "count(*)"
            ],
            "Plans": [
                {
                    "Node Type": "Bitmap Heap Scan",
                    "Parent Relationship": "Outer",
                    "Parallel Aware": false,
                    "Relation Name": "movie_keyword",
                    "Schema": "public",
                    "Alias": "mk",
                    "Startup Cost": 170.37,
                    "Total Cost": 16826.28,
                    "Plan Rows": 7992,
                    "Plan Width": 0,
                    "Actual Startup Time": 1.893,
                    "Actual Total Time": 11.537,
                    "Actual Rows": 7668,
                    "Actual Loops": 1,
                    "Recheck Cond": "(mk.keyword_id = 231)",
                    "Rows Removed by Index Recheck": 0,
                    "Exact Heap Blocks": 6349,
                    "Lossy Heap Blocks": 0,
                    "Plans": [
                        {
                            "Node Type": "Bitmap Index Scan",
                            "Parent Relationship": "Outer",
                            "Parallel Aware": false,
                            "Index Name": "keyword_id_movie_keyword",
                            "Startup Cost": 0.0,
                            "Total Cost": 168.37,
                            "Plan Rows": 7992,
                            "Plan Width": 0,
                            "Actual Startup Time": 1.019,
                            "Actual Total Time": 1.019,
                            "Actual Rows": 7668,
                            "Actual Loops": 1,
                            "Index Cond": "(mk.keyword_id = 231)"
                        }
                    ]
                }
            ]
        },
        "Planning Time": 185.893,
        "Triggers": [],
        "Execution Time": 12.211
    }
]