[
    {
        "Bao": {
            "Bao prediction": "NaN",
            "Bao recommended hint": "(no hint)"
        }
    },
    {
        "Plan": {
            "Node Type": "Aggregate",
            "Strategy": "Plain",
            "Partial Mode": "Finalize",
            "Parallel Aware": false,
            "Startup Cost": 43449.78,
            "Total Cost": 43449.79,
            "Plan Rows": 1,
            "Plan Width": 8,
            "Actual Startup Time": 146.699,
            "Actual Total Time": 151.352,
            "Actual Rows": 1,
            "Actual Loops": 1,
            "Output": [
                "count(*)"
            ],
            "Plans": [
                {
                    "Node Type": "Gather",
                    "Parent Relationship": "Outer",
                    "Parallel Aware": false,
                    "Startup Cost": 43449.47,
                    "Total Cost": 43449.78,
                    "Plan Rows": 3,
                    "Plan Width": 8,
                    "Actual Startup Time": 146.497,
                    "Actual Total Time": 151.343,
                    "Actual Rows": 4,
                    "Actual Loops": 1,
                    "Output": [
                        "(PARTIAL count(*))"
                    ],
                    "Workers Planned": 3,
                    "Workers Launched": 3,
                    "Single Copy": false,
                    "Plans": [
                        {
                            "Node Type": "Aggregate",
                            "Strategy": "Plain",
                            "Partial Mode": "Partial",
                            "Parent Relationship": "Outer",
                            "Parallel Aware": false,
                            "Startup Cost": 42449.47,
                            "Total Cost": 42449.48,
                            "Plan Rows": 1,
                            "Plan Width": 8,
                            "Actual Startup Time": 137.694,
                            "Actual Total Time": 137.696,
                            "Actual Rows": 1,
                            "Actual Loops": 4,
                            "Output": [
                                "PARTIAL count(*)"
                            ],
                            "Workers": [
                                {
                                    "Worker Number": 0,
                                    "Actual Startup Time": 134.801,
                                    "Actual Total Time": 134.803,
                                    "Actual Rows": 1,
                                    "Actual Loops": 1
                                },
                                {
                                    "Worker Number": 1,
                                    "Actual Startup Time": 135.006,
                                    "Actual Total Time": 135.008,
                                    "Actual Rows": 1,
                                    "Actual Loops": 1
                                },
                                {
                                    "Worker Number": 2,
                                    "Actual Startup Time": 135.07,
                                    "Actual Total Time": 135.073,
                                    "Actual Rows": 1,
                                    "Actual Loops": 1
                                }
                            ],
                            "Plans": [
                                {
                                    "Node Type": "Bitmap Heap Scan",
                                    "Parent Relationship": "Outer",
                                    "Parallel Aware": true,
                                    "Relation Name": "movie_keyword",
                                    "Schema": "public",
                                    "Alias": "mk",
                                    "Startup Cost": 14653.37,
                                    "Total Cost": 41892.45,
                                    "Plan Rows": 222807,
                                    "Plan Width": 0,
                                    "Actual Startup Time": 59.589,
                                    "Actual Total Time": 128.297,
                                    "Actual Rows": 168807,
                                    "Actual Loops": 4,
                                    "Recheck Cond": "(mk.keyword_id > 27769)",
                                    "Rows Removed by Index Recheck": 0,
                                    "Exact Heap Blocks": 9577,
                                    "Lossy Heap Blocks": 0,
                                    "Workers": [
                                        {
                                            "Worker Number": 0,
                                            "Actual Startup Time": 56.864,
                                            "Actual Total Time": 126.122,
                                            "Actual Rows": 132887,
                                            "Actual Loops": 1
                                        },
                                        {
                                            "Worker Number": 1,
                                            "Actual Startup Time": 56.911,
                                            "Actual Total Time": 126.318,
                                            "Actual Rows": 132395,
                                            "Actual Loops": 1
                                        },
                                        {
                                            "Worker Number": 2,
                                            "Actual Startup Time": 57.081,
                                            "Actual Total Time": 126.336,
                                            "Actual Rows": 133303,
                                            "Actual Loops": 1
                                        }
                                    ],
                                    "Plans": [
                                        {
                                            "Node Type": "Bitmap Index Scan",
                                            "Parent Relationship": "Outer",
                                            "Parallel Aware": false,
                                            "Index Name": "keyword_id_movie_keyword",
                                            "Startup Cost": 0.0,
                                            "Total Cost": 14480.69,
                                            "Plan Rows": 690701,
                                            "Plan Width": 0,
                                            "Actual Startup Time": 63.872,
                                            "Actual Total Time": 63.873,
                                            "Actual Rows": 675228,
                                            "Actual Loops": 1,
                                            "Index Cond": "(mk.keyword_id > 27769)"
                                        }
                                    ]
                                }
                            ]
                        }
                    ]
                }
            ]
        },
        "Planning Time": 195.405,
        "Triggers": [],
        "Execution Time": 151.457
    }
]