[
  {
    "Plan": {
      "Node Type": "Aggregate",
      "Strategy": "Plain",
      "Partial Mode": "Finalize",
      "Parallel Aware": false,
      "Startup Cost": 69618.18,
      "Total Cost": 69618.19,
      "Plan Rows": 1,
      "Plan Width": 8,
      "Actual Startup Time": 93.557,
      "Actual Total Time": 105.545,
      "Actual Rows": 1,
      "Actual Loops": 1,
      "Plans": [
        {
          "Node Type": "Gather",
          "Parent Relationship": "Outer",
          "Parallel Aware": false,
          "Startup Cost": 69617.76,
          "Total Cost": 69618.17,
          "Plan Rows": 4,
          "Plan Width": 8,
          "Actual Startup Time": 93.419,
          "Actual Total Time": 105.536,
          "Actual Rows": 5,
          "Actual Loops": 1,
          "Workers Planned": 4,
          "Workers Launched": 4,
          "Single Copy": false,
          "Plans": [
            {
              "Node Type": "Aggregate",
              "Strategy": "Plain",
              "Partial Mode": "Partial",
              "Parent Relationship": "Outer",
              "Parallel Aware": false,
              "Startup Cost": 68617.76,
              "Total Cost": 68617.77,
              "Plan Rows": 1,
              "Plan Width": 8,
              "Actual Startup Time": 85.901,
              "Actual Total Time": 85.902,
              "Actual Rows": 1,
              "Actual Loops": 5,
              "Plans": [
                {
                  "Node Type": "Nested Loop",
                  "Parent Relationship": "Outer",
                  "Parallel Aware": false,
                  "Join Type": "Inner",
                  "Startup Cost": 0.43,
                  "Total Cost": 68615.9,
                  "Plan Rows": 744,
                  "Plan Width": 0,
                  "Actual Startup Time": 59.603,
                  "Actual Total Time": 85.888,
                  "Actual Rows": 45,
                  "Actual Loops": 5,
                  "Inner Unique": false,
                  "Plans": [
                    {
                      "Node Type": "Seq Scan",
                      "Parent Relationship": "Outer",
                      "Parallel Aware": true,
                      "Relation Name": "title",
                      "Alias": "t",
                      "Startup Cost": 0.0,
                      "Total Cost": 45479.59,
                      "Plan Rows": 148,
                      "Plan Width": 4,
                      "Actual Startup Time": 59.518,
                      "Actual Total Time": 85.148,
                      "Actual Rows": 6,
                      "Actual Loops": 5,
                      "Filter": "((kind_id < 7) AND (production_year = 2016))",
                      "Rows Removed by Filter": 505656
                    },
                    {
                      "Node Type": "Index Scan",
                      "Parent Relationship": "Inner",
                      "Parallel Aware": false,
                      "Scan Direction": "Forward",
                      "Index Name": "movie_id_movie_info",
                      "Relation Name": "movie_info",
                      "Alias": "mi",
                      "Startup Cost": 0.43,
                      "Total Cost": 155.98,
                      "Plan Rows": 35,
                      "Plan Width": 4,
                      "Actual Startup Time": 0.052,
                      "Actual Total Time": 0.112,
                      "Actual Rows": 7,
                      "Actual Loops": 32,
                      "Index Cond": "(movie_id = t.id)",
                      "Rows Removed by Index Recheck": 0,
                      "Filter": "(info_type_id > 2)",
                      "Rows Removed by Filter": 1
                    }
                  ]
                }
              ]
            }
          ]
        }
      ]
    },
    "Planning Time": 0.496,
    "Triggers": [],
    "Execution Time": 105.597
  }
]