{
  "Plan": {
    "Node Type": "Aggregate",
    "Strategy": "Plain",
    "Partial Mode": "Finalize",
    "Parallel Aware": false,
    "Startup Cost": 202793.91,
    "Total Cost": 202793.92,
    "Plan Rows": 1,
    "Plan Width": 8,
    "Actual Startup Time": 1093.442,
    "Actual Total Time": 1141.675,
    "Actual Rows": 1,
    "Actual Loops": 1,
    "Plans": [
      {
        "Node Type": "Gather",
        "Parent Relationship": "Outer",
        "Parallel Aware": false,
        "Startup Cost": 202793.8,
        "Total Cost": 202793.91,
        "Plan Rows": 1,
        "Plan Width": 8,
        "Actual Startup Time": 1091.299,
        "Actual Total Time": 1141.666,
        "Actual Rows": 2,
        "Actual Loops": 1,
        "Workers Planned": 1,
        "Workers Launched": 1,
        "Single Copy": false,
        "Plans": [
          {
            "Node Type": "Aggregate",
            "Strategy": "Plain",
            "Partial Mode": "Partial",
            "Parent Relationship": "Outer",
            "Parallel Aware": false,
            "Startup Cost": 201793.8,
            "Total Cost": 201793.81,
            "Plan Rows": 1,
            "Plan Width": 8,
            "Actual Startup Time": 1082.485,
            "Actual Total Time": 1082.49,
            "Actual Rows": 1,
            "Actual Loops": 2,
            "Plans": [
              {
                "Node Type": "Nested Loop",
                "Parent Relationship": "Outer",
                "Parallel Aware": false,
                "Join Type": "Inner",
                "Startup Cost": 67588.66,
                "Total Cost": 201154.73,
                "Plan Rows": 255626,
                "Plan Width": 0,
                "Actual Startup Time": 410.827,
                "Actual Total Time": 1043.563,
                "Actual Rows": 906853,
                "Actual Loops": 2,
                "Inner Unique": false,
                "Plans": [
                  {
                    "Node Type": "Hash Join",
                    "Parent Relationship": "Outer",
                    "Parallel Aware": true,
                    "Join Type": "Inner",
                    "Startup Cost": 67588.23,
                    "Total Cost": 93377.04,
                    "Plan Rows": 46602,
                    "Plan Width": 8,
                    "Actual Startup Time": 410.706,
                    "Actual Total Time": 495.725,
                    "Actual Rows": 28513,
                    "Actual Loops": 2,
                    "Inner Unique": true,
                    "Hash Cond": "(mk.movie_id = t.id)",
                    "Plans": [
                      {
                        "Node Type": "Bitmap Heap Scan",
                        "Parent Relationship": "Outer",
                        "Parallel Aware": true,
                        "Relation Name": "movie_keyword",
                        "Alias": "mk",
                        "Startup Cost": 3183.15,
                        "Total Cost": 28740.3,
                        "Plan Rows": 88252,
                        "Plan Width": 4,
                        "Actual Startup Time": 13.386,
                        "Actual Total Time": 58.711,
                        "Actual Rows": 81904,
                        "Actual Loops": 2,
                        "Recheck Cond": "(keyword_id < 121)",
                        "Rows Removed by Index Recheck": 0,
                        "Exact Heap Blocks": 13768,
                        "Lossy Heap Blocks": 0,
                        "Plans": [
                          {
                            "Node Type": "Bitmap Index Scan",
                            "Parent Relationship": "Outer",
                            "Parallel Aware": false,
                            "Index Name": "keyword_id_movie_keyword",
                            "Startup Cost": 0.0,
                            "Total Cost": 3145.64,
                            "Plan Rows": 150028,
                            "Plan Width": 0,
                            "Actual Startup Time": 9.938,
                            "Actual Total Time": 9.939,
                            "Actual Rows": 163809,
                            "Actual Loops": 1,
                            "Index Cond": "(keyword_id < 121)"
                          }
                        ]
                      },
                      {
                        "Node Type": "Hash",
                        "Parent Relationship": "Inner",
                        "Parallel Aware": true,
                        "Startup Cost": 54588.39,
                        "Total Cost": 54588.39,
                        "Plan Rows": 785335,
                        "Plan Width": 4,
                        "Actual Startup Time": 382.333,
                        "Actual Total Time": 382.334,
                        "Actual Rows": 661432,
                        "Actual Loops": 2,
                        "Hash Buckets": 2097152,
                        "Original Hash Buckets": 2097152,
                        "Hash Batches": 1,
                        "Original Hash Batches": 1,
                        "Peak Memory Usage": 68160,
                        "Plans": [
                          {
                            "Node Type": "Seq Scan",
                            "Parent Relationship": "Outer",
                            "Parallel Aware": true,
                            "Relation Name": "title",
                            "Alias": "t",
                            "Startup Cost": 0.0,
                            "Total Cost": 54588.39,
                            "Plan Rows": 785335,
                            "Plan Width": 4,
                            "Actual Startup Time": 0.032,
                            "Actual Total Time": 170.754,
                            "Actual Rows": 661432,
                            "Actual Loops": 2,
                            "Filter": "(production_year > 2001)",
                            "Rows Removed by Filter": 602724
                          }
                        ]
                      }
                    ]
                  },
                  {
                    "Node Type": "Index Scan",
                    "Parent Relationship": "Inner",
                    "Parallel Aware": false,
                    "Scan Direction": "Forward",
                    "Index Name": "movie_id_movie_info",
                    "Relation Name": "movie_info",
                    "Alias": "mi",
                    "Startup Cost": 0.43,
                    "Total Cost": 1.92,
                    "Plan Rows": 39,
                    "Plan Width": 4,
                    "Actual Startup Time": 0.005,
                    "Actual Total Time": 0.017,
                    "Actual Rows": 32,
                    "Actual Loops": 57026,
                    "Index Cond": "(movie_id = t.id)",
                    "Rows Removed by Index Recheck": 0,
                    "Filter": "(info_type_id < 98)",
                    "Rows Removed by Filter": 9
                  }
                ]
              }
            ]
          }
        ]
      }
    ]
  },
  "Planning Time": 1.006,
  "Triggers": [],
  "Execution Time": 1141.843
}