[
  {
    "Plan": {
      "Node Type": "Aggregate",
      "Strategy": "Plain",
      "Partial Mode": "Simple",
      "Parallel Aware": false,
      "Startup Cost": 18108.16,
      "Total Cost": 18108.17,
      "Plan Rows": 1,
      "Plan Width": 8,
      "Actual Startup Time": 4.502,
      "Actual Total Time": 4.503,
      "Actual Rows": 1,
      "Actual Loops": 1,
      "Plans": [
        {
          "Node Type": "Bitmap Heap Scan",
          "Parent Relationship": "Outer",
          "Parallel Aware": false,
          "Relation Name": "movie_companies",
          "Alias": "mc",
          "Startup Cost": 273.45,
          "Total Cost": 18076.86,
          "Plan Rows": 12519,
          "Plan Width": 0,
          "Actual Startup Time": 0.708,
          "Actual Total Time": 3.768,
          "Actual Rows": 11757,
          "Actual Loops": 1,
          "Recheck Cond": "(company_id > 223860)",
          "Rows Removed by Index Recheck": 0,
          "Exact Heap Blocks": 525,
          "Lossy Heap Blocks": 0,
          "Plans": [
            {
              "Node Type": "Bitmap Index Scan",
              "Parent Relationship": "Outer",
              "Parallel Aware": false,
              "Index Name": "company_id_movie_companies",
              "Startup Cost": 0.0,
              "Total Cost": 270.32,
              "Plan Rows": 12519,
              "Plan Width": 0,
              "Actual Startup Time": 0.619,
              "Actual Total Time": 0.619,
              "Actual Rows": 11757,
              "Actual Loops": 1,
              "Index Cond": "(company_id > 223860)"
            }
          ]
        }
      ]
    },
    "Planning Time": 0.12,
    "Triggers": [],
    "Execution Time": 4.531
  }
]