[
  {
    "Plan": {
      "Node Type": "Aggregate",
      "Strategy": "Plain",
      "Partial Mode": "Finalize",
      "Parallel Aware": false,
      "Startup Cost": 335643.27,
      "Total Cost": 335643.28,
      "Plan Rows": 1,
      "Plan Width": 8,
      "Actual Startup Time": 813.722,
      "Actual Total Time": 875.464,
      "Actual Rows": 1,
      "Actual Loops": 1,
      "Plans": [
        {
          "Node Type": "Gather",
          "Parent Relationship": "Outer",
          "Parallel Aware": false,
          "Startup Cost": 335642.64,
          "Total Cost": 335643.25,
          "Plan Rows": 6,
          "Plan Width": 8,
          "Actual Startup Time": 813.595,
          "Actual Total Time": 875.454,
          "Actual Rows": 7,
          "Actual Loops": 1,
          "Workers Planned": 6,
          "Workers Launched": 6,
          "Single Copy": false,
          "Plans": [
            {
              "Node Type": "Aggregate",
              "Strategy": "Plain",
              "Partial Mode": "Partial",
              "Parent Relationship": "Outer",
              "Parallel Aware": false,
              "Startup Cost": 334642.64,
              "Total Cost": 334642.65,
              "Plan Rows": 1,
              "Plan Width": 8,
              "Actual Startup Time": 803.604,
              "Actual Total Time": 803.605,
              "Actual Rows": 1,
              "Actual Loops": 7,
              "Plans": [
                {
                  "Node Type": "Seq Scan",
                  "Parent Relationship": "Outer",
                  "Parallel Aware": true,
                  "Relation Name": "cast_info",
                  "Alias": "ci",
                  "Startup Cost": 0.0,
                  "Total Cost": 328162.03,
                  "Plan Rows": 2592246,
                  "Plan Width": 0,
                  "Actual Startup Time": 263.705,
                  "Actual Total Time": 687.188,
                  "Actual Rows": 2219304,
                  "Actual Loops": 7,
                  "Filter": "(person_id > 2085022)",
                  "Rows Removed by Filter": 2958459
                }
              ]
            }
          ]
        }
      ]
    },
    "Planning Time": 0.172,
    "Triggers": [],
    "Execution Time": 875.534
  }
]