[
  {
    "Plan": {
      "Node Type": "Aggregate",
      "Strategy": "Plain",
      "Partial Mode": "Finalize",
      "Parallel Aware": false,
      "Startup Cost": 345371.36,
      "Total Cost": 345371.37,
      "Plan Rows": 1,
      "Plan Width": 8,
      "Actual Startup Time": 709.49,
      "Actual Total Time": 757.978,
      "Actual Rows": 1,
      "Actual Loops": 1,
      "Plans": [
        {
          "Node Type": "Gather",
          "Parent Relationship": "Outer",
          "Parallel Aware": false,
          "Startup Cost": 345370.74,
          "Total Cost": 345371.35,
          "Plan Rows": 6,
          "Plan Width": 8,
          "Actual Startup Time": 709.293,
          "Actual Total Time": 757.961,
          "Actual Rows": 7,
          "Actual Loops": 1,
          "Workers Planned": 6,
          "Workers Launched": 6,
          "Single Copy": false,
          "Plans": [
            {
              "Node Type": "Aggregate",
              "Strategy": "Plain",
              "Partial Mode": "Partial",
              "Parent Relationship": "Outer",
              "Parallel Aware": false,
              "Startup Cost": 344370.74,
              "Total Cost": 344370.75,
              "Plan Rows": 1,
              "Plan Width": 8,
              "Actual Startup Time": 701.981,
              "Actual Total Time": 701.985,
              "Actual Rows": 1,
              "Actual Loops": 7,
              "Plans": [
                {
                  "Node Type": "Seq Scan",
                  "Parent Relationship": "Outer",
                  "Parallel Aware": true,
                  "Relation Name": "cast_info",
                  "Alias": "ci",
                  "Startup Cost": 0.0,
                  "Total Cost": 343316.27,
                  "Plan Rows": 421787,
                  "Plan Width": 0,
                  "Actual Startup Time": 503.35,
                  "Actual Total Time": 669.186,
                  "Actual Rows": 553824,
                  "Actual Loops": 7,
                  "Filter": "((person_id > 3350618) AND (role_id > 1))",
                  "Rows Removed by Filter": 4623940
                }
              ]
            }
          ]
        }
      ]
    },
    "Planning Time": 0.192,
    "Triggers": [],
    "Execution Time": 758.05
  }
]