[
    {
        "Bao": {
            "Bao prediction": 187.203,
            "Bao recommended hint": "(no hint)"
        }
    },
    {
        "Plan": {
            "Node Type": "Aggregate",
            "Strategy": "Plain",
            "Partial Mode": "Simple",
            "Parallel Aware": false,
            "Startup Cost": 10310.34,
            "Total Cost": 10310.35,
            "Plan Rows": 1,
            "Plan Width": 128,
            "Actual Startup Time": 81.76,
            "Actual Total Time": 90.461,
            "Actual Rows": 1,
            "Actual Loops": 1,
            "Output": [
                "min(mi.info)",
                "min(mi_idx.info)",
                "min(n.name)",
                "min(t.title)"
            ],
            "Plans": [
                {
                    "Node Type": "Nested Loop",
                    "Parent Relationship": "Outer",
                    "Parallel Aware": false,
                    "Join Type": "Inner",
                    "Startup Cost": 1003.85,
                    "Total Cost": 10310.33,
                    "Plan Rows": 1,
                    "Plan Width": 80,
                    "Actual Startup Time": 27.984,
                    "Actual Total Time": 90.438,
                    "Actual Rows": 12,
                    "Actual Loops": 1,
                    "Output": [
                        "mi.info",
                        "mi_idx.info",
                        "n.name",
                        "t.title"
                    ],
                    "Inner Unique": true,
                    "Plans": [
                        {
                            "Node Type": "Nested Loop",
                            "Parent Relationship": "Outer",
                            "Parallel Aware": false,
                            "Join Type": "Inner",
                            "Startup Cost": 1003.42,
                            "Total Cost": 10309.64,
                            "Plan Rows": 1,
                            "Plan Width": 69,
                            "Actual Startup Time": 27.907,
                            "Actual Total Time": 90.253,
                            "Actual Rows": 12,
                            "Actual Loops": 1,
                            "Output": [
                                "ci.person_id",
                                "mi.info",
                                "mi_idx.info",
                                "t.title"
                            ],
                            "Inner Unique": true,
                            "Plans": [
                                {
                                    "Node Type": "Nested Loop",
                                    "Parent Relationship": "Outer",
                                    "Parallel Aware": false,
                                    "Join Type": "Inner",
                                    "Startup Cost": 1003.0,
                                    "Total Cost": 10309.19,
                                    "Plan Rows": 1,
                                    "Plan Width": 73,
                                    "Actual Startup Time": 23.95,
                                    "Actual Total Time": 87.284,
                                    "Actual Rows": 552,
                                    "Actual Loops": 1,
                                    "Output": [
                                        "ci.person_id",
                                        "mi.info",
                                        "mi_idx.info",
                                        "mk.keyword_id",
                                        "t.title"
                                    ],
                                    "Inner Unique": true,
                                    "Plans": [
                                        {
                                            "Node Type": "Nested Loop",
                                            "Parent Relationship": "Outer",
                                            "Parallel Aware": false,
                                            "Join Type": "Inner",
                                            "Startup Cost": 1002.86,
                                            "Total Cost": 10309.0,
                                            "Plan Rows": 1,
                                            "Plan Width": 77,
                                            "Actual Startup Time": 23.917,
                                            "Actual Total Time": 86.307,
                                            "Actual Rows": 552,
                                            "Actual Loops": 1,
                                            "Output": [
                                                "ci.person_id",
                                                "mi.info",
                                                "mi.info_type_id",
                                                "mi_idx.info",
                                                "mk.keyword_id",
                                                "t.title"
                                            ],
                                            "Inner Unique": false,
                                            "Join Filter": "(t.id = mi.movie_id)",
                                            "Rows Removed by Join Filter": 0,
                                            "Plans": [
                                                {
                                                    "Node Type": "Nested Loop",
                                                    "Parent Relationship": "Outer",
                                                    "Parallel Aware": false,
                                                    "Join Type": "Inner",
                                                    "Startup Cost": 1002.43,
                                                    "Total Cost": 10307.55,
                                                    "Plan Rows": 1,
                                                    "Plan Width": 50,
                                                    "Actual Startup Time": 23.262,
                                                    "Actual Total Time": 60.27,
                                                    "Actual Rows": 552,
                                                    "Actual Loops": 1,
                                                    "Output": [
                                                        "ci.movie_id",
                                                        "ci.person_id",
                                                        "mc.movie_id",
                                                        "mi_idx.info",
                                                        "mi_idx.movie_id",
                                                        "mk.movie_id",
                                                        "mk.keyword_id",
                                                        "t.title",
                                                        "t.id"
                                                    ],
                                                    "Inner Unique": false,
                                                    "Join Filter": "(t.id = ci.movie_id)",
                                                    "Rows Removed by Join Filter": 0,
                                                    "Plans": [
                                                        {
                                                            "Node Type": "Nested Loop",
                                                            "Parent Relationship": "Outer",
                                                            "Parallel Aware": false,
                                                            "Join Type": "Inner",
                                                            "Startup Cost": 1001.86,
                                                            "Total Cost": 10305.8,
                                                            "Plan Rows": 1,
                                                            "Plan Width": 42,
                                                            "Actual Startup Time": 21.791,
                                                            "Actual Total Time": 36.606,
                                                            "Actual Rows": 276,
                                                            "Actual Loops": 1,
                                                            "Output": [
                                                                "mc.movie_id",
                                                                "mi_idx.info",
                                                                "mi_idx.movie_id",
                                                                "mk.movie_id",
                                                                "mk.keyword_id",
                                                                "t.title",
                                                                "t.id"
                                                            ],
                                                            "Inner Unique": false,
                                                            "Join Filter": "(t.id = mk.movie_id)",
                                                            "Rows Removed by Join Filter": 0,
                                                            "Plans": [
                                                                {
                                                                    "Node Type": "Nested Loop",
                                                                    "Parent Relationship": "Outer",
                                                                    "Parallel Aware": false,
                                                                    "Join Type": "Inner",
                                                                    "Startup Cost": 1001.43,
                                                                    "Total Cost": 10303.85,
                                                                    "Plan Rows": 1,
                                                                    "Plan Width": 34,
                                                                    "Actual Startup Time": 21.627,
                                                                    "Actual Total Time": 36.277,
                                                                    "Actual Rows": 3,
                                                                    "Actual Loops": 1,
                                                                    "Output": [
                                                                        "mc.movie_id",
                                                                        "mi_idx.info",
                                                                        "mi_idx.movie_id",
                                                                        "t.title",
                                                                        "t.id"
                                                                    ],
                                                                    "Inner Unique": true,
                                                                    "Plans": [
                                                                        {
                                                                            "Node Type": "Gather",
                                                                            "Parent Relationship": "Outer",
                                                                            "Parallel Aware": false,
                                                                            "Startup Cost": 1001.0,
                                                                            "Total Cost": 10303.26,
                                                                            "Plan Rows": 1,
                                                                            "Plan Width": 13,
                                                                            "Actual Startup Time": 10.055,
                                                                            "Actual Total Time": 30.14,
                                                                            "Actual Rows": 290,
                                                                            "Actual Loops": 1,
                                                                            "Output": [
                                                                                "mc.movie_id",
                                                                                "mi_idx.info",
                                                                                "mi_idx.movie_id"
                                                                            ],
                                                                            "Workers Planned": 1,
                                                                            "Workers Launched": 1,
                                                                            "Single Copy": false,
                                                                            "Plans": [
                                                                                {
                                                                                    "Node Type": "Nested Loop",
                                                                                    "Parent Relationship": "Outer",
                                                                                    "Parallel Aware": false,
                                                                                    "Join Type": "Inner",
                                                                                    "Startup Cost": 1.0,
                                                                                    "Total Cost": 9303.16,
                                                                                    "Plan Rows": 1,
                                                                                    "Plan Width": 13,
                                                                                    "Actual Startup Time": 5.985,
                                                                                    "Actual Total Time": 44.187,
                                                                                    "Actual Rows": 145,
                                                                                    "Actual Loops": 2,
                                                                                    "Output": [
                                                                                        "mc.movie_id",
                                                                                        "mi_idx.info",
                                                                                        "mi_idx.movie_id"
                                                                                    ],
                                                                                    "Inner Unique": true,
                                                                                    "Workers": [
                                                                                        {
                                                                                            "Worker Number": 0,
                                                                                            "Actual Startup Time": 3.189,
                                                                                            "Actual Total Time": 68.46,
                                                                                            "Actual Rows": 287,
                                                                                            "Actual Loops": 1
                                                                                        }
                                                                                    ],
                                                                                    "Plans": [
                                                                                        {
                                                                                            "Node Type": "Nested Loop",
                                                                                            "Parent Relationship": "Outer",
                                                                                            "Parallel Aware": false,
                                                                                            "Join Type": "Inner",
                                                                                            "Startup Cost": 0.86,
                                                                                            "Total Cost": 9301.03,
                                                                                            "Plan Rows": 13,
                                                                                            "Plan Width": 17,
                                                                                            "Actual Startup Time": 5.893,
                                                                                            "Actual Total Time": 43.114,
                                                                                            "Actual Rows": 443,
                                                                                            "Actual Loops": 2,
                                                                                            "Output": [
                                                                                                "mc.movie_id",
                                                                                                "mi_idx.info",
                                                                                                "mi_idx.movie_id",
                                                                                                "mi_idx.info_type_id"
                                                                                            ],
                                                                                            "Inner Unique": false,
                                                                                            "Workers": [
                                                                                                {
                                                                                                    "Worker Number": 0,
                                                                                                    "Actual Startup Time": 3.051,
                                                                                                    "Actual Total Time": 66.398,
                                                                                                    "Actual Rows": 877,
                                                                                                    "Actual Loops": 1
                                                                                                }
                                                                                            ],
                                                                                            "Plans": [
                                                                                                {
                                                                                                    "Node Type": "Nested Loop",
                                                                                                    "Parent Relationship": "Outer",
                                                                                                    "Parallel Aware": false,
                                                                                                    "Join Type": "Inner",
                                                                                                    "Startup Cost": 0.43,
                                                                                                    "Total Cost": 9294.86,
                                                                                                    "Plan Rows": 5,
                                                                                                    "Plan Width": 4,
                                                                                                    "Actual Startup Time": 5.661,
                                                                                                    "Actual Total Time": 38.665,
                                                                                                    "Actual Rows": 145,
                                                                                                    "Actual Loops": 2,
                                                                                                    "Output": [
                                                                                                        "mc.movie_id"
                                                                                                    ],
                                                                                                    "Inner Unique": false,
                                                                                                    "Workers": [
                                                                                                        {
                                                                                                            "Worker Number": 0,
                                                                                                            "Actual Startup Time": 2.757,
                                                                                                            "Actual Total Time": 57.8,
                                                                                                            "Actual Rows": 287,
                                                                                                            "Actual Loops": 1
                                                                                                        }
                                                                                                    ],
                                                                                                    "Plans": [
                                                                                                        {
                                                                                                            "Node Type": "Seq Scan",
                                                                                                            "Parent Relationship": "Outer",
                                                                                                            "Parallel Aware": true,
                                                                                                            "Relation Name": "company_name",
                                                                                                            "Schema": "public",
                                                                                                            "Alias": "cn",
                                                                                                            "Startup Cost": 0.0,
                                                                                                            "Total Cost": 4722.92,
                                                                                                            "Plan Rows": 14,
                                                                                                            "Plan Width": 4,
                                                                                                            "Actual Startup Time": 1.093,
                                                                                                            "Actual Total Time": 20.899,
                                                                                                            "Actual Rows": 15,
                                                                                                            "Actual Loops": 2,
                                                                                                            "Output": [
                                                                                                                "cn.id",
                                                                                                                "cn.name",
                                                                                                                "cn.country_code",
                                                                                                                "cn.imdb_id",
                                                                                                                "cn.name_pcode_nf",
                                                                                                                "cn.name_pcode_sf",
                                                                                                                "cn.md5sum"
                                                                                                            ],
                                                                                                            "Filter": "(cn.name ~~ 'Twentieth%'::text)",
                                                                                                            "Rows Removed by Filter": 117484,
                                                                                                            "Workers": [
                                                                                                                {
                                                                                                                    "Worker Number": 0,
                                                                                                                    "Actual Startup Time": 1.393,
                                                                                                                    "Actual Total Time": 30.202,
                                                                                                                    "Actual Rows": 21,
                                                                                                                    "Actual Loops": 1
                                                                                                                }
                                                                                                            ]
                                                                                                        },
                                                                                                        {
                                                                                                            "Node Type": "Index Scan",
                                                                                                            "Parent Relationship": "Inner",
                                                                                                            "Parallel Aware": false,
                                                                                                            "Scan Direction": "Forward",
                                                                                                            "Index Name": "company_id_movie_companies",
                                                                                                            "Relation Name": "movie_companies",
                                                                                                            "Schema": "public",
                                                                                                            "Alias": "mc",
                                                                                                            "Startup Cost": 0.43,
                                                                                                            "Total Cost": 326.53,
                                                                                                            "Plan Rows": 4,
                                                                                                            "Plan Width": 8,
                                                                                                            "Actual Startup Time": 0.323,
                                                                                                            "Actual Total Time": 1.179,
                                                                                                            "Actual Rows": 10,
                                                                                                            "Actual Loops": 30,
                                                                                                            "Output": [
                                                                                                                "mc.id",
                                                                                                                "mc.movie_id",
                                                                                                                "mc.company_id",
                                                                                                                "mc.company_type_id",
                                                                                                                "mc.note"
                                                                                                            ],
                                                                                                            "Index Cond": "(mc.company_id = cn.id)",
                                                                                                            "Rows Removed by Index Recheck": 0,
                                                                                                            "Filter": "(mc.note ~~ '%(VHS)%'::text)",
                                                                                                            "Rows Removed by Filter": 248,
                                                                                                            "Workers": [
                                                                                                                {
                                                                                                                    "Worker Number": 0,
                                                                                                                    "Actual Startup Time": 0.222,
                                                                                                                    "Actual Total Time": 1.308,
                                                                                                                    "Actual Rows": 14,
                                                                                                                    "Actual Loops": 21
                                                                                                                }
                                                                                                            ]
                                                                                                        }
                                                                                                    ]
                                                                                                },
                                                                                                {
                                                                                                    "Node Type": "Index Scan",
                                                                                                    "Parent Relationship": "Inner",
                                                                                                    "Parallel Aware": false,
                                                                                                    "Scan Direction": "Forward",
                                                                                                    "Index Name": "movie_id_movie_info_idx",
                                                                                                    "Relation Name": "movie_info_idx",
                                                                                                    "Schema": "public",
                                                                                                    "Alias": "mi_idx",
                                                                                                    "Startup Cost": 0.43,
                                                                                                    "Total Cost": 1.2,
                                                                                                    "Plan Rows": 3,
                                                                                                    "Plan Width": 13,
                                                                                                    "Actual Startup Time": 0.028,
                                                                                                    "Actual Total Time": 0.029,
                                                                                                    "Actual Rows": 3,
                                                                                                    "Actual Loops": 290,
                                                                                                    "Output": [
                                                                                                        "mi_idx.id",
                                                                                                        "mi_idx.movie_id",
                                                                                                        "mi_idx.info_type_id",
                                                                                                        "mi_idx.info",
                                                                                                        "mi_idx.note"
                                                                                                    ],
                                                                                                    "Index Cond": "(mi_idx.movie_id = mc.movie_id)",
                                                                                                    "Rows Removed by Index Recheck": 0,
                                                                                                    "Workers": [
                                                                                                        {
                                                                                                            "Worker Number": 0,
                                                                                                            "Actual Startup Time": 0.027,
                                                                                                            "Actual Total Time": 0.028,
                                                                                                            "Actual Rows": 3,
                                                                                                            "Actual Loops": 287
                                                                                                        }
                                                                                                    ]
                                                                                                }
                                                                                            ]
                                                                                        },
                                                                                        {
                                                                                            "Node Type": "Index Scan",
                                                                                            "Parent Relationship": "Inner",
                                                                                            "Parallel Aware": false,
                                                                                            "Scan Direction": "Forward",
                                                                                            "Index Name": "info_type_pkey",
                                                                                            "Relation Name": "info_type",
                                                                                            "Schema": "public",
                                                                                            "Alias": "it2",
                                                                                            "Startup Cost": 0.14,
                                                                                            "Total Cost": 0.16,
                                                                                            "Plan Rows": 1,
                                                                                            "Plan Width": 4,
                                                                                            "Actual Startup Time": 0.002,
                                                                                            "Actual Total Time": 0.002,
                                                                                            "Actual Rows": 0,
                                                                                            "Actual Loops": 886,
                                                                                            "Output": [
                                                                                                "it2.id",
                                                                                                "it2.info"
                                                                                            ],
                                                                                            "Index Cond": "(it2.id = mi_idx.info_type_id)",
                                                                                            "Rows Removed by Index Recheck": 0,
                                                                                            "Filter": "((it2.info)::text = 'votes'::text)",
                                                                                            "Rows Removed by Filter": 1,
                                                                                            "Workers": [
                                                                                                {
                                                                                                    "Worker Number": 0,
                                                                                                    "Actual Startup Time": 0.002,
                                                                                                    "Actual Total Time": 0.002,
                                                                                                    "Actual Rows": 0,
                                                                                                    "Actual Loops": 877
                                                                                                }
                                                                                            ]
                                                                                        }
                                                                                    ]
                                                                                }
                                                                            ]
                                                                        },
                                                                        {
                                                                            "Node Type": "Index Scan",
                                                                            "Parent Relationship": "Inner",
                                                                            "Parallel Aware": false,
                                                                            "Scan Direction": "Forward",
                                                                            "Index Name": "title_pkey",
                                                                            "Relation Name": "title",
                                                                            "Schema": "public",
                                                                            "Alias": "t",
                                                                            "Startup Cost": 0.43,
                                                                            "Total Cost": 0.59,
                                                                            "Plan Rows": 1,
                                                                            "Plan Width": 21,
                                                                            "Actual Startup Time": 0.021,
                                                                            "Actual Total Time": 0.021,
                                                                            "Actual Rows": 0,
                                                                            "Actual Loops": 290,
                                                                            "Output": [
                                                                                "t.id",
                                                                                "t.title",
                                                                                "t.imdb_index",
                                                                                "t.kind_id",
                                                                                "t.production_year",
                                                                                "t.imdb_id",
                                                                                "t.phonetic_code",
                                                                                "t.episode_of_id",
                                                                                "t.season_nr",
                                                                                "t.episode_nr",
                                                                                "t.series_years",
                                                                                "t.md5sum"
                                                                            ],
                                                                            "Index Cond": "(t.id = mi_idx.movie_id)",
                                                                            "Rows Removed by Index Recheck": 0,
                                                                            "Filter": "((t.production_year > 1999) AND ((t.title ~~ '%Freddy%'::text) OR (t.title ~~ '%Jason%'::text) OR (t.title ~~ 'Saw%'::text)))",
                                                                            "Rows Removed by Filter": 1
                                                                        }
                                                                    ]
                                                                },
                                                                {
                                                                    "Node Type": "Index Scan",
                                                                    "Parent Relationship": "Inner",
                                                                    "Parallel Aware": false,
                                                                    "Scan Direction": "Forward",
                                                                    "Index Name": "movie_id_movie_keyword",
                                                                    "Relation Name": "movie_keyword",
                                                                    "Schema": "public",
                                                                    "Alias": "mk",
                                                                    "Startup Cost": 0.43,
                                                                    "Total Cost": 1.37,
                                                                    "Plan Rows": 46,
                                                                    "Plan Width": 8,
                                                                    "Actual Startup Time": 0.057,
                                                                    "Actual Total Time": 0.084,
                                                                    "Actual Rows": 92,
                                                                    "Actual Loops": 3,
                                                                    "Output": [
                                                                        "mk.id",
                                                                        "mk.movie_id",
                                                                        "mk.keyword_id"
                                                                    ],
                                                                    "Index Cond": "(mk.movie_id = mi_idx.movie_id)",
                                                                    "Rows Removed by Index Recheck": 0
                                                                }
                                                            ]
                                                        },
                                                        {
                                                            "Node Type": "Index Scan",
                                                            "Parent Relationship": "Inner",
                                                            "Parallel Aware": false,
                                                            "Scan Direction": "Forward",
                                                            "Index Name": "movie_id_cast_info",
                                                            "Relation Name": "cast_info",
                                                            "Schema": "public",
                                                            "Alias": "ci",
                                                            "Startup Cost": 0.56,
                                                            "Total Cost": 1.73,
                                                            "Plan Rows": 1,
                                                            "Plan Width": 8,
                                                            "Actual Startup Time": 0.039,
                                                            "Actual Total Time": 0.085,
                                                            "Actual Rows": 2,
                                                            "Actual Loops": 276,
                                                            "Output": [
                                                                "ci.id",
                                                                "ci.person_id",
                                                                "ci.movie_id",
                                                                "ci.person_role_id",
                                                                "ci.note",
                                                                "ci.nr_order",
                                                                "ci.role_id"
                                                            ],
                                                            "Index Cond": "(ci.movie_id = mk.movie_id)",
                                                            "Rows Removed by Index Recheck": 0,
                                                            "Filter": "(ci.note = ANY ('{(writer),\"(head writer)\",\"(written by)\",(story),\"(story editor)\"}'::text[]))",
                                                            "Rows Removed by Filter": 124
                                                        }
                                                    ]
                                                },
                                                {
                                                    "Node Type": "Index Scan",
                                                    "Parent Relationship": "Inner",
                                                    "Parallel Aware": false,
                                                    "Scan Direction": "Forward",
                                                    "Index Name": "movie_id_movie_info",
                                                    "Relation Name": "movie_info",
                                                    "Schema": "public",
                                                    "Alias": "mi",
                                                    "Startup Cost": 0.43,
                                                    "Total Cost": 1.45,
                                                    "Plan Rows": 1,
                                                    "Plan Width": 51,
                                                    "Actual Startup Time": 0.046,
                                                    "Actual Total Time": 0.047,
                                                    "Actual Rows": 1,
                                                    "Actual Loops": 552,
                                                    "Output": [
                                                        "mi.id",
                                                        "mi.movie_id",
                                                        "mi.info_type_id",
                                                        "mi.info",
                                                        "mi.note"
                                                    ],
                                                    "Index Cond": "(mi.movie_id = mk.movie_id)",
                                                    "Rows Removed by Index Recheck": 0,
                                                    "Filter": "(mi.info = ANY ('{Sci-Fi,Comedy}'::text[]))",
                                                    "Rows Removed by Filter": 159
                                                }
                                            ]
                                        },
                                        {
                                            "Node Type": "Index Scan",
                                            "Parent Relationship": "Inner",
                                            "Parallel Aware": false,
                                            "Scan Direction": "Forward",
                                            "Index Name": "info_type_pkey",
                                            "Relation Name": "info_type",
                                            "Schema": "public",
                                            "Alias": "it1",
                                            "Startup Cost": 0.14,
                                            "Total Cost": 0.16,
                                            "Plan Rows": 1,
                                            "Plan Width": 4,
                                            "Actual Startup Time": 0.001,
                                            "Actual Total Time": 0.001,
                                            "Actual Rows": 1,
                                            "Actual Loops": 552,
                                            "Output": [
                                                "it1.id",
                                                "it1.info"
                                            ],
                                            "Index Cond": "(it1.id = mi.info_type_id)",
                                            "Rows Removed by Index Recheck": 0,
                                            "Filter": "((it1.info)::text = 'genres'::text)",
                                            "Rows Removed by Filter": 0
                                        }
                                    ]
                                },
                                {
                                    "Node Type": "Index Scan",
                                    "Parent Relationship": "Inner",
                                    "Parallel Aware": false,
                                    "Scan Direction": "Forward",
                                    "Index Name": "keyword_pkey",
                                    "Relation Name": "keyword",
                                    "Schema": "public",
                                    "Alias": "k",
                                    "Startup Cost": 0.42,
                                    "Total Cost": 0.45,
                                    "Plan Rows": 1,
                                    "Plan Width": 4,
                                    "Actual Startup Time": 0.005,
                                    "Actual Total Time": 0.005,
                                    "Actual Rows": 0,
                                    "Actual Loops": 552,
                                    "Output": [
                                        "k.id",
                                        "k.keyword",
                                        "k.phonetic_code"
                                    ],
                                    "Index Cond": "(k.id = mk.keyword_id)",
                                    "Rows Removed by Index Recheck": 0,
                                    "Filter": "(k.keyword = ANY ('{murder,violence,blood,gore,death,female-nudity,hospital}'::text[]))",
                                    "Rows Removed by Filter": 1
                                }
                            ]
                        },
                        {
                            "Node Type": "Index Scan",
                            "Parent Relationship": "Inner",
                            "Parallel Aware": false,
                            "Scan Direction": "Forward",
                            "Index Name": "name_pkey",
                            "Relation Name": "name",
                            "Schema": "public",
                            "Alias": "n",
                            "Startup Cost": 0.43,
                            "Total Cost": 0.69,
                            "Plan Rows": 1,
                            "Plan Width": 19,
                            "Actual Startup Time": 0.014,
                            "Actual Total Time": 0.014,
                            "Actual Rows": 1,
                            "Actual Loops": 12,
                            "Output": [
                                "n.id",
                                "n.name",
                                "n.imdb_index",
                                "n.imdb_id",
                                "n.gender",
                                "n.name_pcode_cf",
                                "n.name_pcode_nf",
                                "n.surname_pcode",
                                "n.md5sum"
                            ],
                            "Index Cond": "(n.id = ci.person_id)",
                            "Rows Removed by Index Recheck": 0,
                            "Filter": "((n.gender)::text = 'm'::text)",
                            "Rows Removed by Filter": 0
                        }
                    ]
                }
            ]
        },
        "Planning Time": 1756.981,
        "Triggers": [],
        "Execution Time": 91.503
    }
]