[
  {
    "Plan": {
      "Node Type": "Aggregate",
      "Strategy": "Plain",
      "Partial Mode": "Finalize",
      "Parallel Aware": false,
      "Startup Cost": 378435.91,
      "Total Cost": 378435.92,
      "Plan Rows": 1,
      "Plan Width": 8,
      "Actual Startup Time": 1811.367,
      "Actual Total Time": 1866.167,
      "Actual Rows": 1,
      "Actual Loops": 1,
      "Plans": [
        {
          "Node Type": "Gather",
          "Parent Relationship": "Outer",
          "Parallel Aware": false,
          "Startup Cost": 378435.28,
          "Total Cost": 378435.89,
          "Plan Rows": 6,
          "Plan Width": 8,
          "Actual Startup Time": 1808.706,
          "Actual Total Time": 1866.151,
          "Actual Rows": 7,
          "Actual Loops": 1,
          "Workers Planned": 6,
          "Workers Launched": 6,
          "Single Copy": false,
          "Plans": [
            {
              "Node Type": "Aggregate",
              "Strategy": "Plain",
              "Partial Mode": "Partial",
              "Parent Relationship": "Outer",
              "Parallel Aware": false,
              "Startup Cost": 377435.28,
              "Total Cost": 377435.29,
              "Plan Rows": 1,
              "Plan Width": 8,
              "Actual Startup Time": 1797.489,
              "Actual Total Time": 1797.492,
              "Actual Rows": 1,
              "Actual Loops": 7,
              "Plans": [
                {
                  "Node Type": "Hash Join",
                  "Parent Relationship": "Outer",
                  "Parallel Aware": true,
                  "Join Type": "Inner",
                  "Startup Cost": 46506.15,
                  "Total Cost": 375472.81,
                  "Plan Rows": 784990,
                  "Plan Width": 0,
                  "Actual Startup Time": 115.637,
                  "Actual Total Time": 1750.539,
                  "Actual Rows": 861154,
                  "Actual Loops": 7,
                  "Inner Unique": true,
                  "Hash Cond": "(ci.movie_id = t.id)",
                  "Plans": [
                    {
                      "Node Type": "Seq Scan",
                      "Parent Relationship": "Outer",
                      "Parallel Aware": true,
                      "Relation Name": "cast_info",
                      "Alias": "ci",
                      "Startup Cost": 0.0,
                      "Total Cost": 313106.51,
                      "Plan Rows": 6041951,
                      "Plan Width": 4,
                      "Actual Startup Time": 0.033,
                      "Actual Total Time": 573.645,
                      "Actual Rows": 5177763,
                      "Actual Loops": 7
                    },
                    {
                      "Node Type": "Hash",
                      "Parent Relationship": "Inner",
                      "Parallel Aware": true,
                      "Startup Cost": 45479.59,
                      "Total Cost": 45479.59,
                      "Plan Rows": 82125,
                      "Plan Width": 4,
                      "Actual Startup Time": 112.96,
                      "Actual Total Time": 112.961,
                      "Actual Rows": 58789,
                      "Actual Loops": 7,
                      "Hash Buckets": 524288,
                      "Original Hash Buckets": 524288,
                      "Hash Batches": 1,
                      "Original Hash Batches": 1,
                      "Peak Memory Usage": 20288,
                      "Plans": [
                        {
                          "Node Type": "Seq Scan",
                          "Parent Relationship": "Outer",
                          "Parallel Aware": true,
                          "Relation Name": "title",
                          "Alias": "t",
                          "Startup Cost": 0.0,
                          "Total Cost": 45479.59,
                          "Plan Rows": 82125,
                          "Plan Width": 4,
                          "Actual Startup Time": 52.107,
                          "Actual Total Time": 85.336,
                          "Actual Rows": 58789,
                          "Actual Loops": 7,
                          "Filter": "((production_year < 2004) AND (kind_id = 1))",
                          "Rows Removed by Filter": 302399
                        }
                      ]
                    }
                  ]
                }
              ]
            }
          ]
        }
      ]
    },
    "Planning Time": 0.63,
    "Triggers": [],
    "Execution Time": 1866.254
  }
]