[
  {
    "Plan": {
      "Node Type": "Aggregate",
      "Strategy": "Plain",
      "Partial Mode": "Finalize",
      "Parallel Aware": false,
      "Startup Cost": 89819.85,
      "Total Cost": 89819.86,
      "Plan Rows": 1,
      "Plan Width": 8,
      "Actual Startup Time": 376.791,
      "Actual Total Time": 395.085,
      "Actual Rows": 1,
      "Actual Loops": 1,
      "Plans": [
        {
          "Node Type": "Gather",
          "Parent Relationship": "Outer",
          "Parallel Aware": false,
          "Startup Cost": 89819.54,
          "Total Cost": 89819.85,
          "Plan Rows": 3,
          "Plan Width": 8,
          "Actual Startup Time": 375.786,
          "Actual Total Time": 395.066,
          "Actual Rows": 4,
          "Actual Loops": 1,
          "Workers Planned": 3,
          "Workers Launched": 3,
          "Single Copy": false,
          "Plans": [
            {
              "Node Type": "Aggregate",
              "Strategy": "Plain",
              "Partial Mode": "Partial",
              "Parent Relationship": "Outer",
              "Parallel Aware": false,
              "Startup Cost": 88819.54,
              "Total Cost": 88819.55,
              "Plan Rows": 1,
              "Plan Width": 8,
              "Actual Startup Time": 369.736,
              "Actual Total Time": 369.837,
              "Actual Rows": 1,
              "Actual Loops": 4,
              "Plans": [
                {
                  "Node Type": "Hash Join",
                  "Parent Relationship": "Outer",
                  "Parallel Aware": true,
                  "Join Type": "Inner",
                  "Startup Cost": 45795.56,
                  "Total Cost": 88673.64,
                  "Plan Rows": 58358,
                  "Plan Width": 0,
                  "Actual Startup Time": 133.844,
                  "Actual Total Time": 360.341,
                  "Actual Rows": 184073,
                  "Actual Loops": 4,
                  "Inner Unique": true,
                  "Hash Cond": "(mk.movie_id = t.id)",
                  "Plans": [
                    {
                      "Node Type": "Seq Scan",
                      "Parent Relationship": "Outer",
                      "Parallel Aware": true,
                      "Relation Name": "movie_keyword",
                      "Alias": "mk",
                      "Startup Cost": 0.0,
                      "Total Cost": 39047.32,
                      "Plan Rows": 1459332,
                      "Plan Width": 4,
                      "Actual Startup Time": 0.032,
                      "Actual Total Time": 101.926,
                      "Actual Rows": 1130982,
                      "Actual Loops": 4
                    },
                    {
                      "Node Type": "Hash",
                      "Parent Relationship": "Inner",
                      "Parallel Aware": true,
                      "Startup Cost": 45479.59,
                      "Total Cost": 45479.59,
                      "Plan Rows": 25278,
                      "Plan Width": 4,
                      "Actual Startup Time": 132.84,
                      "Actual Total Time": 132.841,
                      "Actual Rows": 51956,
                      "Actual Loops": 4,
                      "Hash Buckets": 262144,
                      "Original Hash Buckets": 131072,
                      "Hash Batches": 1,
                      "Original Hash Batches": 1,
                      "Peak Memory Usage": 11232,
                      "Plans": [
                        {
                          "Node Type": "Seq Scan",
                          "Parent Relationship": "Outer",
                          "Parallel Aware": true,
                          "Relation Name": "title",
                          "Alias": "t",
                          "Startup Cost": 0.0,
                          "Total Cost": 45479.59,
                          "Plan Rows": 25278,
                          "Plan Width": 4,
                          "Actual Startup Time": 0.501,
                          "Actual Total Time": 107.418,
                          "Actual Rows": 51956,
                          "Actual Loops": 4,
                          "Filter": "((kind_id < 7) AND (production_year < 1963))",
                          "Rows Removed by Filter": 580122
                        }
                      ]
                    }
                  ]
                }
              ]
            }
          ]
        }
      ]
    },
    "Planning Time": 0.288,
    "Triggers": [],
    "Execution Time": 395.125
  }
]