[
  {
    "Plan": {
      "Node Type": "Aggregate",
      "Strategy": "Plain",
      "Partial Mode": "Finalize",
      "Parallel Aware": false,
      "Startup Cost": 31591.72,
      "Total Cost": 31591.73,
      "Plan Rows": 1,
      "Plan Width": 8,
      "Actual Startup Time": 108.509,
      "Actual Total Time": 117.101,
      "Actual Rows": 1,
      "Actual Loops": 1,
      "Plans": [
        {
          "Node Type": "Gather",
          "Parent Relationship": "Outer",
          "Parallel Aware": false,
          "Startup Cost": 31591.4,
          "Total Cost": 31591.71,
          "Plan Rows": 3,
          "Plan Width": 8,
          "Actual Startup Time": 108.228,
          "Actual Total Time": 117.085,
          "Actual Rows": 4,
          "Actual Loops": 1,
          "Workers Planned": 3,
          "Workers Launched": 3,
          "Single Copy": false,
          "Plans": [
            {
              "Node Type": "Aggregate",
              "Strategy": "Plain",
              "Partial Mode": "Partial",
              "Parent Relationship": "Outer",
              "Parallel Aware": false,
              "Startup Cost": 30591.4,
              "Total Cost": 30591.41,
              "Plan Rows": 1,
              "Plan Width": 8,
              "Actual Startup Time": 102.764,
              "Actual Total Time": 102.765,
              "Actual Rows": 1,
              "Actual Loops": 4,
              "Plans": [
                {
                  "Node Type": "Seq Scan",
                  "Parent Relationship": "Outer",
                  "Parallel Aware": true,
                  "Relation Name": "movie_companies",
                  "Alias": "mc",
                  "Startup Cost": 0.0,
                  "Total Cost": 29310.68,
                  "Plan Rows": 512289,
                  "Plan Width": 0,
                  "Actual Startup Time": 0.027,
                  "Actual Total Time": 81.748,
                  "Actual Rows": 398030,
                  "Actual Loops": 4,
                  "Filter": "(company_id < 16138)",
                  "Rows Removed by Filter": 254253
                }
              ]
            }
          ]
        }
      ]
    },
    "Planning Time": 0.113,
    "Triggers": [],
    "Execution Time": 117.14
  }
]