[
  {
    "Plan": {
      "Node Type": "Aggregate",
      "Strategy": "Plain",
      "Partial Mode": "Finalize",
      "Parallel Aware": false,
      "Startup Cost": 75163.79,
      "Total Cost": 75163.8,
      "Plan Rows": 1,
      "Plan Width": 8,
      "Actual Startup Time": 384.277,
      "Actual Total Time": 419.396,
      "Actual Rows": 1,
      "Actual Loops": 1,
      "Plans": [
        {
          "Node Type": "Gather",
          "Parent Relationship": "Outer",
          "Parallel Aware": false,
          "Startup Cost": 75163.58,
          "Total Cost": 75163.79,
          "Plan Rows": 2,
          "Plan Width": 8,
          "Actual Startup Time": 382.828,
          "Actual Total Time": 419.387,
          "Actual Rows": 3,
          "Actual Loops": 1,
          "Workers Planned": 2,
          "Workers Launched": 2,
          "Single Copy": false,
          "Plans": [
            {
              "Node Type": "Aggregate",
              "Strategy": "Plain",
              "Partial Mode": "Partial",
              "Parent Relationship": "Outer",
              "Parallel Aware": false,
              "Startup Cost": 74163.58,
              "Total Cost": 74163.59,
              "Plan Rows": 1,
              "Plan Width": 8,
              "Actual Startup Time": 379.209,
              "Actual Total Time": 379.277,
              "Actual Rows": 1,
              "Actual Loops": 3,
              "Plans": [
                {
                  "Node Type": "Nested Loop",
                  "Parent Relationship": "Outer",
                  "Parallel Aware": false,
                  "Join Type": "Inner",
                  "Startup Cost": 45577.7,
                  "Total Cost": 74093.67,
                  "Plan Rows": 27962,
                  "Plan Width": 0,
                  "Actual Startup Time": 163.334,
                  "Actual Total Time": 371.388,
                  "Actual Rows": 152454,
                  "Actual Loops": 3,
                  "Inner Unique": false,
                  "Join Filter": "(t.id = mi.movie_id)",
                  "Rows Removed by Join Filter": 0,
                  "Plans": [
                    {
                      "Node Type": "Hash Join",
                      "Parent Relationship": "Outer",
                      "Parallel Aware": true,
                      "Join Type": "Inner",
                      "Startup Cost": 45577.26,
                      "Total Cost": 61711.25,
                      "Plan Rows": 4762,
                      "Plan Width": 8,
                      "Actual Startup Time": 163.215,
                      "Actual Total Time": 218.632,
                      "Actual Rows": 9386,
                      "Actual Loops": 3,
                      "Inner Unique": true,
                      "Hash Cond": "(mi_idx.movie_id = t.id)",
                      "Plans": [
                        {
                          "Node Type": "Seq Scan",
                          "Parent Relationship": "Outer",
                          "Parallel Aware": true,
                          "Relation Name": "movie_info_idx",
                          "Alias": "mi_idx",
                          "Startup Cost": 0.0,
                          "Total Cost": 15122.68,
                          "Plan Rows": 385260,
                          "Plan Width": 4,
                          "Actual Startup Time": 0.016,
                          "Actual Total Time": 49.719,
                          "Actual Rows": 306703,
                          "Actual Loops": 3,
                          "Filter": "(info_type_id > 99)",
                          "Rows Removed by Filter": 153308
                        },
                        {
                          "Node Type": "Hash",
                          "Parent Relationship": "Inner",
                          "Parallel Aware": true,
                          "Startup Cost": 45479.59,
                          "Total Cost": 45479.59,
                          "Plan Rows": 7814,
                          "Plan Width": 4,
                          "Actual Startup Time": 127.689,
                          "Actual Total Time": 127.69,
                          "Actual Rows": 43438,
                          "Actual Loops": 3,
                          "Hash Buckets": 131072,
                          "Original Hash Buckets": 32768,
                          "Hash Batches": 1,
                          "Original Hash Batches": 1,
                          "Peak Memory Usage": 6944,
                          "Plans": [
                            {
                              "Node Type": "Seq Scan",
                              "Parent Relationship": "Outer",
                              "Parallel Aware": true,
                              "Relation Name": "title",
                              "Alias": "t",
                              "Startup Cost": 0.0,
                              "Total Cost": 45479.59,
                              "Plan Rows": 7814,
                              "Plan Width": 4,
                              "Actual Startup Time": 62.248,
                              "Actual Total Time": 110.884,
                              "Actual Rows": 43438,
                              "Actual Loops": 3,
                              "Filter": "((kind_id < 2) AND (production_year < 1936))",
                              "Rows Removed by Filter": 799333
                            }
                          ]
                        }
                      ]
                    },
                    {
                      "Node Type": "Index Only Scan",
                      "Parent Relationship": "Inner",
                      "Parallel Aware": false,
                      "Scan Direction": "Forward",
                      "Index Name": "movie_id_movie_info",
                      "Relation Name": "movie_info",
                      "Alias": "mi",
                      "Startup Cost": 0.43,
                      "Total Cost": 2.09,
                      "Plan Rows": 41,
                      "Plan Width": 4,
                      "Actual Startup Time": 0.005,
                      "Actual Total Time": 0.014,
                      "Actual Rows": 16,
                      "Actual Loops": 28157,
                      "Index Cond": "(movie_id = mi_idx.movie_id)",
                      "Rows Removed by Index Recheck": 0,
                      "Heap Fetches": 457363
                    }
                  ]
                }
              ]
            }
          ]
        }
      ]
    },
    "Planning Time": 0.548,
    "Triggers": [],
    "Execution Time": 419.451
  }
]