[
  {
    "Plan": {
      "Node Type": "Aggregate",
      "Strategy": "Plain",
      "Partial Mode": "Finalize",
      "Parallel Aware": false,
      "Startup Cost": 32834.48,
      "Total Cost": 32834.49,
      "Plan Rows": 1,
      "Plan Width": 8,
      "Actual Startup Time": 76.242,
      "Actual Total Time": 82.758,
      "Actual Rows": 1,
      "Actual Loops": 1,
      "Plans": [
        {
          "Node Type": "Gather",
          "Parent Relationship": "Outer",
          "Parallel Aware": false,
          "Startup Cost": 32834.16,
          "Total Cost": 32834.47,
          "Plan Rows": 3,
          "Plan Width": 8,
          "Actual Startup Time": 76.119,
          "Actual Total Time": 82.747,
          "Actual Rows": 4,
          "Actual Loops": 1,
          "Workers Planned": 3,
          "Workers Launched": 3,
          "Single Copy": false,
          "Plans": [
            {
              "Node Type": "Aggregate",
              "Strategy": "Plain",
              "Partial Mode": "Partial",
              "Parent Relationship": "Outer",
              "Parallel Aware": false,
              "Startup Cost": 31834.16,
              "Total Cost": 31834.17,
              "Plan Rows": 1,
              "Plan Width": 8,
              "Actual Startup Time": 72.364,
              "Actual Total Time": 72.366,
              "Actual Rows": 1,
              "Actual Loops": 4,
              "Plans": [
                {
                  "Node Type": "Seq Scan",
                  "Parent Relationship": "Outer",
                  "Parallel Aware": true,
                  "Relation Name": "movie_companies",
                  "Alias": "mc",
                  "Startup Cost": 0.0,
                  "Total Cost": 31414.82,
                  "Plan Rows": 167737,
                  "Plan Width": 0,
                  "Actual Startup Time": 16.624,
                  "Actual Total Time": 69.586,
                  "Actual Rows": 54856,
                  "Actual Loops": 4,
                  "Filter": "((company_id > 14820) AND (company_type_id < 2))",
                  "Rows Removed by Filter": 597426
                }
              ]
            }
          ]
        }
      ]
    },
    "Planning Time": 0.118,
    "Triggers": [],
    "Execution Time": 82.795
  }
]