[
  {
    "Plan": {
      "Node Type": "Aggregate",
      "Strategy": "Plain",
      "Partial Mode": "Finalize",
      "Parallel Aware": false,
      "Startup Cost": 349054.73,
      "Total Cost": 349054.74,
      "Plan Rows": 1,
      "Plan Width": 8,
      "Actual Startup Time": 670.096,
      "Actual Total Time": 712.353,
      "Actual Rows": 1,
      "Actual Loops": 1,
      "Plans": [
        {
          "Node Type": "Gather",
          "Parent Relationship": "Outer",
          "Parallel Aware": false,
          "Startup Cost": 349054.1,
          "Total Cost": 349054.71,
          "Plan Rows": 6,
          "Plan Width": 8,
          "Actual Startup Time": 669.665,
          "Actual Total Time": 712.334,
          "Actual Rows": 7,
          "Actual Loops": 1,
          "Workers Planned": 6,
          "Workers Launched": 6,
          "Single Copy": false,
          "Plans": [
            {
              "Node Type": "Aggregate",
              "Strategy": "Plain",
              "Partial Mode": "Partial",
              "Parent Relationship": "Outer",
              "Parallel Aware": false,
              "Startup Cost": 348054.1,
              "Total Cost": 348054.11,
              "Plan Rows": 1,
              "Plan Width": 8,
              "Actual Startup Time": 659.165,
              "Actual Total Time": 659.167,
              "Actual Rows": 1,
              "Actual Loops": 7,
              "Plans": [
                {
                  "Node Type": "Seq Scan",
                  "Parent Relationship": "Outer",
                  "Parallel Aware": true,
                  "Relation Name": "cast_info",
                  "Alias": "ci",
                  "Startup Cost": 0.0,
                  "Total Cost": 343316.27,
                  "Plan Rows": 1895133,
                  "Plan Width": 0,
                  "Actual Startup Time": 240.209,
                  "Actual Total Time": 626.589,
                  "Actual Rows": 708142,
                  "Actual Loops": 7,
                  "Filter": "((person_id < 1744984) AND (role_id > 1))",
                  "Rows Removed by Filter": 4469621
                }
              ]
            }
          ]
        }
      ]
    },
    "Planning Time": 0.225,
    "Triggers": [],
    "Execution Time": 712.422
  }
]