[
  {
    "Plan": {
      "Node Type": "Aggregate",
      "Strategy": "Plain",
      "Partial Mode": "Finalize",
      "Parallel Aware": false,
      "Startup Cost": 278628.48,
      "Total Cost": 278628.49,
      "Plan Rows": 1,
      "Plan Width": 8,
      "Actual Startup Time": 115.324,
      "Actual Total Time": 120.648,
      "Actual Rows": 1,
      "Actual Loops": 1,
      "Plans": [
        {
          "Node Type": "Gather",
          "Parent Relationship": "Outer",
          "Parallel Aware": false,
          "Startup Cost": 278627.86,
          "Total Cost": 278628.47,
          "Plan Rows": 6,
          "Plan Width": 8,
          "Actual Startup Time": 115.018,
          "Actual Total Time": 120.642,
          "Actual Rows": 7,
          "Actual Loops": 1,
          "Workers Planned": 6,
          "Workers Launched": 6,
          "Single Copy": false,
          "Plans": [
            {
              "Node Type": "Aggregate",
              "Strategy": "Plain",
              "Partial Mode": "Partial",
              "Parent Relationship": "Outer",
              "Parallel Aware": false,
              "Startup Cost": 277627.86,
              "Total Cost": 277627.87,
              "Plan Rows": 1,
              "Plan Width": 8,
              "Actual Startup Time": 105.272,
              "Actual Total Time": 105.273,
              "Actual Rows": 1,
              "Actual Loops": 7,
              "Plans": [
                {
                  "Node Type": "Bitmap Heap Scan",
                  "Parent Relationship": "Outer",
                  "Parallel Aware": true,
                  "Relation Name": "cast_info",
                  "Alias": "ci",
                  "Startup Cost": 22186.57,
                  "Total Cost": 277397.49,
                  "Plan Rows": 92146,
                  "Plan Width": 0,
                  "Actual Startup Time": 46.966,
                  "Actual Total Time": 97.3,
                  "Actual Rows": 105362,
                  "Actual Loops": 7,
                  "Recheck Cond": "(person_id < 103200)",
                  "Rows Removed by Index Recheck": 0,
                  "Filter": "(role_id < 3)",
                  "Rows Removed by Filter": 39003,
                  "Exact Heap Blocks": 2937,
                  "Lossy Heap Blocks": 0,
                  "Plans": [
                    {
                      "Node Type": "Bitmap Index Scan",
                      "Parent Relationship": "Outer",
                      "Parallel Aware": false,
                      "Index Name": "person_id_cast_info",
                      "Startup Cost": 0.0,
                      "Total Cost": 22048.35,
                      "Plan Rows": 1009571,
                      "Plan Width": 0,
                      "Actual Startup Time": 54.276,
                      "Actual Total Time": 54.276,
                      "Actual Rows": 1010556,
                      "Actual Loops": 1,
                      "Index Cond": "(person_id < 103200)"
                    }
                  ]
                }
              ]
            }
          ]
        }
      ]
    },
    "Planning Time": 0.226,
    "Triggers": [],
    "Execution Time": 120.714
  }
]