[
  {
    "Plan": {
      "Node Type": "Aggregate",
      "Strategy": "Plain",
      "Partial Mode": "Finalize",
      "Parallel Aware": false,
      "Startup Cost": 44540.81,
      "Total Cost": 44540.82,
      "Plan Rows": 1,
      "Plan Width": 8,
      "Actual Startup Time": 131.645,
      "Actual Total Time": 144.208,
      "Actual Rows": 1,
      "Actual Loops": 1,
      "Plans": [
        {
          "Node Type": "Gather",
          "Parent Relationship": "Outer",
          "Parallel Aware": false,
          "Startup Cost": 44540.49,
          "Total Cost": 44540.8,
          "Plan Rows": 3,
          "Plan Width": 8,
          "Actual Startup Time": 131.197,
          "Actual Total Time": 144.199,
          "Actual Rows": 4,
          "Actual Loops": 1,
          "Workers Planned": 3,
          "Workers Launched": 3,
          "Single Copy": false,
          "Plans": [
            {
              "Node Type": "Aggregate",
              "Strategy": "Plain",
              "Partial Mode": "Partial",
              "Parent Relationship": "Outer",
              "Parallel Aware": false,
              "Startup Cost": 43540.49,
              "Total Cost": 43540.5,
              "Plan Rows": 1,
              "Plan Width": 8,
              "Actual Startup Time": 126.202,
              "Actual Total Time": 126.204,
              "Actual Rows": 1,
              "Actual Loops": 4,
              "Plans": [
                {
                  "Node Type": "Seq Scan",
                  "Parent Relationship": "Outer",
                  "Parallel Aware": true,
                  "Relation Name": "movie_keyword",
                  "Alias": "mk",
                  "Startup Cost": 0.0,
                  "Total Cost": 42695.65,
                  "Plan Rows": 337936,
                  "Plan Width": 0,
                  "Actual Startup Time": 1.197,
                  "Actual Total Time": 112.234,
                  "Actual Rows": 261854,
                  "Actual Loops": 4,
                  "Filter": "(keyword_id > 16951)",
                  "Rows Removed by Filter": 869128
                }
              ]
            }
          ]
        }
      ]
    },
    "Planning Time": 0.086,
    "Triggers": [],
    "Execution Time": 144.238
  }
]