[
  {
    "Plan": {
      "Node Type": "Aggregate",
      "Strategy": "Plain",
      "Partial Mode": "Finalize",
      "Parallel Aware": false,
      "Startup Cost": 36080.7,
      "Total Cost": 36080.71,
      "Plan Rows": 1,
      "Plan Width": 8,
      "Actual Startup Time": 128.044,
      "Actual Total Time": 136.615,
      "Actual Rows": 1,
      "Actual Loops": 1,
      "Plans": [
        {
          "Node Type": "Gather",
          "Parent Relationship": "Outer",
          "Parallel Aware": false,
          "Startup Cost": 36080.38,
          "Total Cost": 36080.69,
          "Plan Rows": 3,
          "Plan Width": 8,
          "Actual Startup Time": 127.77,
          "Actual Total Time": 136.605,
          "Actual Rows": 4,
          "Actual Loops": 1,
          "Workers Planned": 3,
          "Workers Launched": 3,
          "Single Copy": false,
          "Plans": [
            {
              "Node Type": "Aggregate",
              "Strategy": "Plain",
              "Partial Mode": "Partial",
              "Parent Relationship": "Outer",
              "Parallel Aware": false,
              "Startup Cost": 35080.38,
              "Total Cost": 35080.39,
              "Plan Rows": 1,
              "Plan Width": 8,
              "Actual Startup Time": 118.927,
              "Actual Total Time": 118.928,
              "Actual Rows": 1,
              "Actual Loops": 4,
              "Plans": [
                {
                  "Node Type": "Bitmap Heap Scan",
                  "Parent Relationship": "Outer",
                  "Parallel Aware": true,
                  "Relation Name": "movie_keyword",
                  "Alias": "mk",
                  "Startup Cost": 8653.05,
                  "Total Cost": 34751.5,
                  "Plan Rows": 131555,
                  "Plan Width": 0,
                  "Actual Startup Time": 43.91,
                  "Actual Total Time": 111.843,
                  "Actual Rows": 99346,
                  "Actual Loops": 4,
                  "Recheck Cond": "(keyword_id > 43551)",
                  "Rows Removed by Index Recheck": 0,
                  "Exact Heap Blocks": 8312,
                  "Lossy Heap Blocks": 0,
                  "Plans": [
                    {
                      "Node Type": "Bitmap Index Scan",
                      "Parent Relationship": "Outer",
                      "Parallel Aware": false,
                      "Index Name": "keyword_id_movie_keyword",
                      "Startup Cost": 0.0,
                      "Total Cost": 8551.1,
                      "Plan Rows": 407822,
                      "Plan Width": 0,
                      "Actual Startup Time": 46.469,
                      "Actual Total Time": 46.469,
                      "Actual Rows": 397383,
                      "Actual Loops": 1,
                      "Index Cond": "(keyword_id > 43551)"
                    }
                  ]
                }
              ]
            }
          ]
        }
      ]
    },
    "Planning Time": 0.163,
    "Triggers": [],
    "Execution Time": 136.736
  }
]