[
  {
    "Plan": {
      "Node Type": "Aggregate",
      "Strategy": "Plain",
      "Partial Mode": "Finalize",
      "Parallel Aware": false,
      "Startup Cost": 32707.72,
      "Total Cost": 32707.73,
      "Plan Rows": 1,
      "Plan Width": 8,
      "Actual Startup Time": 87.121,
      "Actual Total Time": 94.396,
      "Actual Rows": 1,
      "Actual Loops": 1,
      "Plans": [
        {
          "Node Type": "Gather",
          "Parent Relationship": "Outer",
          "Parallel Aware": false,
          "Startup Cost": 32707.41,
          "Total Cost": 32707.72,
          "Plan Rows": 3,
          "Plan Width": 8,
          "Actual Startup Time": 87.008,
          "Actual Total Time": 94.39,
          "Actual Rows": 4,
          "Actual Loops": 1,
          "Workers Planned": 3,
          "Workers Launched": 3,
          "Single Copy": false,
          "Plans": [
            {
              "Node Type": "Aggregate",
              "Strategy": "Plain",
              "Partial Mode": "Partial",
              "Parent Relationship": "Outer",
              "Parallel Aware": false,
              "Startup Cost": 31707.41,
              "Total Cost": 31707.42,
              "Plan Rows": 1,
              "Plan Width": 8,
              "Actual Startup Time": 80.725,
              "Actual Total Time": 80.726,
              "Actual Rows": 1,
              "Actual Loops": 4,
              "Plans": [
                {
                  "Node Type": "Seq Scan",
                  "Parent Relationship": "Outer",
                  "Parallel Aware": true,
                  "Relation Name": "movie_companies",
                  "Alias": "mc",
                  "Startup Cost": 0.0,
                  "Total Cost": 31414.82,
                  "Plan Rows": 117035,
                  "Plan Width": 0,
                  "Actual Startup Time": 41.475,
                  "Actual Total Time": 73.905,
                  "Actual Rows": 171440,
                  "Actual Loops": 4,
                  "Filter": "((company_id > 40726) AND (company_type_id = 2))",
                  "Rows Removed by Filter": 480842
                }
              ]
            }
          ]
        }
      ]
    },
    "Planning Time": 0.11,
    "Triggers": [],
    "Execution Time": 94.429
  }
]