[
  {
    "Plan": {
      "Node Type": "Aggregate",
      "Strategy": "Plain",
      "Partial Mode": "Finalize",
      "Parallel Aware": false,
      "Startup Cost": 322294.92,
      "Total Cost": 322294.93,
      "Plan Rows": 1,
      "Plan Width": 8,
      "Actual Startup Time": 319.906,
      "Actual Total Time": 337.346,
      "Actual Rows": 1,
      "Actual Loops": 1,
      "Plans": [
        {
          "Node Type": "Gather",
          "Parent Relationship": "Outer",
          "Parallel Aware": false,
          "Startup Cost": 322294.4,
          "Total Cost": 322294.91,
          "Plan Rows": 5,
          "Plan Width": 8,
          "Actual Startup Time": 300.283,
          "Actual Total Time": 337.336,
          "Actual Rows": 6,
          "Actual Loops": 1,
          "Workers Planned": 5,
          "Workers Launched": 5,
          "Single Copy": false,
          "Plans": [
            {
              "Node Type": "Aggregate",
              "Strategy": "Plain",
              "Partial Mode": "Partial",
              "Parent Relationship": "Outer",
              "Parallel Aware": false,
              "Startup Cost": 321294.4,
              "Total Cost": 321294.41,
              "Plan Rows": 1,
              "Plan Width": 8,
              "Actual Startup Time": 285.257,
              "Actual Total Time": 285.261,
              "Actual Rows": 1,
              "Actual Loops": 6,
              "Plans": [
                {
                  "Node Type": "Hash Join",
                  "Parent Relationship": "Outer",
                  "Parallel Aware": true,
                  "Join Type": "Inner",
                  "Startup Cost": 55164.99,
                  "Total Cost": 321205.5,
                  "Plan Rows": 35559,
                  "Plan Width": 0,
                  "Actual Startup Time": 244.171,
                  "Actual Total Time": 283.513,
                  "Actual Rows": 27014,
                  "Actual Loops": 6,
                  "Inner Unique": true,
                  "Hash Cond": "(ci.movie_id = t.id)",
                  "Plans": [
                    {
                      "Node Type": "Bitmap Heap Scan",
                      "Parent Relationship": "Outer",
                      "Parallel Aware": true,
                      "Relation Name": "cast_info",
                      "Alias": "ci",
                      "Startup Cost": 6463.38,
                      "Total Cost": 272350.33,
                      "Plan Rows": 58498,
                      "Plan Width": 4,
                      "Actual Startup Time": 16.331,
                      "Actual Total Time": 27.073,
                      "Actual Rows": 49198,
                      "Actual Loops": 6,
                      "Recheck Cond": "(person_id < 34379)",
                      "Rows Removed by Index Recheck": 0,
                      "Exact Heap Blocks": 692,
                      "Lossy Heap Blocks": 0,
                      "Plans": [
                        {
                          "Node Type": "Bitmap Index Scan",
                          "Parent Relationship": "Outer",
                          "Parallel Aware": false,
                          "Index Name": "person_id_cast_info",
                          "Startup Cost": 0.0,
                          "Total Cost": 6390.26,
                          "Plan Rows": 292492,
                          "Plan Width": 0,
                          "Actual Startup Time": 15.584,
                          "Actual Total Time": 15.585,
                          "Actual Rows": 295186,
                          "Actual Loops": 1,
                          "Index Cond": "(person_id < 34379)"
                        }
                      ]
                    },
                    {
                      "Node Type": "Hash",
                      "Parent Relationship": "Inner",
                      "Parallel Aware": true,
                      "Startup Cost": 43898.92,
                      "Total Cost": 43898.92,
                      "Plan Rows": 384216,
                      "Plan Width": 4,
                      "Actual Startup Time": 222.349,
                      "Actual Total Time": 222.35,
                      "Actual Rows": 257211,
                      "Actual Loops": 6,
                      "Hash Buckets": 2097152,
                      "Original Hash Buckets": 2097152,
                      "Hash Batches": 1,
                      "Original Hash Batches": 1,
                      "Peak Memory Usage": 76832,
                      "Plans": [
                        {
                          "Node Type": "Seq Scan",
                          "Parent Relationship": "Outer",
                          "Parallel Aware": true,
                          "Relation Name": "title",
                          "Alias": "t",
                          "Startup Cost": 0.0,
                          "Total Cost": 43898.92,
                          "Plan Rows": 384216,
                          "Plan Width": 4,
                          "Actual Startup Time": 0.045,
                          "Actual Total Time": 94.784,
                          "Actual Rows": 257211,
                          "Actual Loops": 6,
                          "Filter": "(kind_id = 7)",
                          "Rows Removed by Filter": 164175
                        }
                      ]
                    }
                  ]
                }
              ]
            }
          ]
        }
      ]
    },
    "Planning Time": 0.674,
    "Triggers": [],
    "Execution Time": 337.445
  }
]