[
  {
    "Plan": {
      "Node Type": "Aggregate",
      "Strategy": "Plain",
      "Partial Mode": "Finalize",
      "Parallel Aware": false,
      "Startup Cost": 343745.24,
      "Total Cost": 343745.25,
      "Plan Rows": 1,
      "Plan Width": 8,
      "Actual Startup Time": 884.283,
      "Actual Total Time": 933.837,
      "Actual Rows": 1,
      "Actual Loops": 1,
      "Plans": [
        {
          "Node Type": "Gather",
          "Parent Relationship": "Outer",
          "Parallel Aware": false,
          "Startup Cost": 343744.62,
          "Total Cost": 343745.23,
          "Plan Rows": 6,
          "Plan Width": 8,
          "Actual Startup Time": 884.094,
          "Actual Total Time": 933.828,
          "Actual Rows": 7,
          "Actual Loops": 1,
          "Workers Planned": 6,
          "Workers Launched": 6,
          "Single Copy": false,
          "Plans": [
            {
              "Node Type": "Aggregate",
              "Strategy": "Plain",
              "Partial Mode": "Partial",
              "Parent Relationship": "Outer",
              "Parallel Aware": false,
              "Startup Cost": 342744.62,
              "Total Cost": 342744.63,
              "Plan Rows": 1,
              "Plan Width": 8,
              "Actual Startup Time": 875.798,
              "Actual Total Time": 875.8,
              "Actual Rows": 1,
              "Actual Loops": 7,
              "Plans": [
                {
                  "Node Type": "Seq Scan",
                  "Parent Relationship": "Outer",
                  "Parallel Aware": true,
                  "Relation Name": "cast_info",
                  "Alias": "ci",
                  "Startup Cost": 0.0,
                  "Total Cost": 328211.39,
                  "Plan Rows": 5813290,
                  "Plan Width": 0,
                  "Actual Startup Time": 0.05,
                  "Actual Total Time": 641.828,
                  "Actual Rows": 4991656,
                  "Actual Loops": 7,
                  "Filter": "(person_id < 3810297)",
                  "Rows Removed by Filter": 186108
                }
              ]
            }
          ]
        }
      ]
    },
    "Planning Time": 0.111,
    "Triggers": [],
    "Execution Time": 933.886
  }
]