[
  {
    "Plan": {
      "Node Type": "Aggregate",
      "Strategy": "Plain",
      "Partial Mode": "Finalize",
      "Parallel Aware": false,
      "Startup Cost": 248286.59,
      "Total Cost": 248286.6,
      "Plan Rows": 1,
      "Plan Width": 8,
      "Actual Startup Time": 495.707,
      "Actual Total Time": 537.824,
      "Actual Rows": 1,
      "Actual Loops": 1,
      "Plans": [
        {
          "Node Type": "Gather",
          "Parent Relationship": "Outer",
          "Parallel Aware": false,
          "Startup Cost": 248286.07,
          "Total Cost": 248286.58,
          "Plan Rows": 5,
          "Plan Width": 8,
          "Actual Startup Time": 492.497,
          "Actual Total Time": 537.812,
          "Actual Rows": 6,
          "Actual Loops": 1,
          "Workers Planned": 5,
          "Workers Launched": 5,
          "Single Copy": false,
          "Plans": [
            {
              "Node Type": "Aggregate",
              "Strategy": "Plain",
              "Partial Mode": "Partial",
              "Parent Relationship": "Outer",
              "Parallel Aware": false,
              "Startup Cost": 247286.07,
              "Total Cost": 247286.08,
              "Plan Rows": 1,
              "Plan Width": 8,
              "Actual Startup Time": 482.114,
              "Actual Total Time": 482.117,
              "Actual Rows": 1,
              "Actual Loops": 6,
              "Plans": [
                {
                  "Node Type": "Hash Join",
                  "Parent Relationship": "Outer",
                  "Parallel Aware": true,
                  "Join Type": "Inner",
                  "Startup Cost": 46908.45,
                  "Total Cost": 247076.57,
                  "Plan Rows": 83801,
                  "Plan Width": 0,
                  "Actual Startup Time": 127.337,
                  "Actual Total Time": 480.794,
                  "Actual Rows": 25980,
                  "Actual Loops": 6,
                  "Inner Unique": true,
                  "Hash Cond": "(mi.movie_id = t.id)",
                  "Plans": [
                    {
                      "Node Type": "Seq Scan",
                      "Parent Relationship": "Outer",
                      "Parallel Aware": true,
                      "Relation Name": "movie_info",
                      "Alias": "mi",
                      "Startup Cost": 0.0,
                      "Total Cost": 198952.16,
                      "Plan Rows": 463221,
                      "Plan Width": 4,
                      "Actual Startup Time": 17.259,
                      "Actual Total Time": 309.587,
                      "Actual Rows": 372308,
                      "Actual Loops": 6,
                      "Filter": "(info_type_id > 16)",
                      "Rows Removed by Filter": 2100312
                    },
                    {
                      "Node Type": "Hash",
                      "Parent Relationship": "Inner",
                      "Parallel Aware": true,
                      "Startup Cost": 45479.1,
                      "Total Cost": 45479.1,
                      "Plan Rows": 114348,
                      "Plan Width": 4,
                      "Actual Startup Time": 107.151,
                      "Actual Total Time": 107.152,
                      "Actual Rows": 57369,
                      "Actual Loops": 6,
                      "Hash Buckets": 524288,
                      "Original Hash Buckets": 524288,
                      "Hash Batches": 1,
                      "Original Hash Batches": 1,
                      "Peak Memory Usage": 17664,
                      "Plans": [
                        {
                          "Node Type": "Seq Scan",
                          "Parent Relationship": "Outer",
                          "Parallel Aware": true,
                          "Relation Name": "title",
                          "Alias": "t",
                          "Startup Cost": 0.0,
                          "Total Cost": 45479.1,
                          "Plan Rows": 114348,
                          "Plan Width": 4,
                          "Actual Startup Time": 0.043,
                          "Actual Total Time": 83.219,
                          "Actual Rows": 57369,
                          "Actual Loops": 6,
                          "Filter": "((production_year < 1993) AND (kind_id = 7))",
                          "Rows Removed by Filter": 364017
                        }
                      ]
                    }
                  ]
                }
              ]
            }
          ]
        }
      ]
    },
    "Planning Time": 0.65,
    "Triggers": [],
    "Execution Time": 537.911
  }
]