[
  {
    "Plan": {
      "Node Type": "Aggregate",
      "Strategy": "Plain",
      "Partial Mode": "Finalize",
      "Parallel Aware": false,
      "Startup Cost": 149281.11,
      "Total Cost": 149281.12,
      "Plan Rows": 1,
      "Plan Width": 8,
      "Actual Startup Time": 117.121,
      "Actual Total Time": 135.743,
      "Actual Rows": 1,
      "Actual Loops": 1,
      "Plans": [
        {
          "Node Type": "Gather",
          "Parent Relationship": "Outer",
          "Parallel Aware": false,
          "Startup Cost": 149280.69,
          "Total Cost": 149281.1,
          "Plan Rows": 4,
          "Plan Width": 8,
          "Actual Startup Time": 116.975,
          "Actual Total Time": 135.733,
          "Actual Rows": 5,
          "Actual Loops": 1,
          "Workers Planned": 4,
          "Workers Launched": 4,
          "Single Copy": false,
          "Plans": [
            {
              "Node Type": "Aggregate",
              "Strategy": "Plain",
              "Partial Mode": "Partial",
              "Parent Relationship": "Outer",
              "Parallel Aware": false,
              "Startup Cost": 148280.69,
              "Total Cost": 148280.7,
              "Plan Rows": 1,
              "Plan Width": 8,
              "Actual Startup Time": 107.922,
              "Actual Total Time": 107.924,
              "Actual Rows": 1,
              "Actual Loops": 5,
              "Plans": [
                {
                  "Node Type": "Nested Loop",
                  "Parent Relationship": "Outer",
                  "Parallel Aware": false,
                  "Join Type": "Inner",
                  "Startup Cost": 0.56,
                  "Total Cost": 148248.97,
                  "Plan Rows": 12689,
                  "Plan Width": 0,
                  "Actual Startup Time": 64.998,
                  "Actual Total Time": 107.722,
                  "Actual Rows": 1530,
                  "Actual Loops": 5,
                  "Inner Unique": false,
                  "Plans": [
                    {
                      "Node Type": "Seq Scan",
                      "Parent Relationship": "Outer",
                      "Parallel Aware": true,
                      "Relation Name": "title",
                      "Alias": "t",
                      "Startup Cost": 0.0,
                      "Total Cost": 43899.32,
                      "Plan Rows": 885,
                      "Plan Width": 4,
                      "Actual Startup Time": 64.812,
                      "Actual Total Time": 91.345,
                      "Actual Rows": 683,
                      "Actual Loops": 5,
                      "Filter": "(production_year = 1909)",
                      "Rows Removed by Filter": 504979
                    },
                    {
                      "Node Type": "Index Only Scan",
                      "Parent Relationship": "Inner",
                      "Parallel Aware": false,
                      "Scan Direction": "Forward",
                      "Index Name": "movie_id_cast_info",
                      "Relation Name": "cast_info",
                      "Alias": "ci",
                      "Startup Cost": 0.56,
                      "Total Cost": 117.56,
                      "Plan Rows": 35,
                      "Plan Width": 4,
                      "Actual Startup Time": 0.016,
                      "Actual Total Time": 0.023,
                      "Actual Rows": 2,
                      "Actual Loops": 3417,
                      "Index Cond": "(movie_id = t.id)",
                      "Rows Removed by Index Recheck": 0,
                      "Heap Fetches": 7651
                    }
                  ]
                }
              ]
            }
          ]
        }
      ]
    },
    "Planning Time": 0.428,
    "Triggers": [],
    "Execution Time": 135.801
  }
]