[
  {
    "Plan": {
      "Node Type": "Aggregate",
      "Strategy": "Plain",
      "Partial Mode": "Finalize",
      "Parallel Aware": false,
      "Startup Cost": 149656.99,
      "Total Cost": 149657.0,
      "Plan Rows": 1,
      "Plan Width": 8,
      "Actual Startup Time": 98.35,
      "Actual Total Time": 112.673,
      "Actual Rows": 1,
      "Actual Loops": 1,
      "Plans": [
        {
          "Node Type": "Gather",
          "Parent Relationship": "Outer",
          "Parallel Aware": false,
          "Startup Cost": 149656.57,
          "Total Cost": 149656.98,
          "Plan Rows": 4,
          "Plan Width": 8,
          "Actual Startup Time": 98.251,
          "Actual Total Time": 112.666,
          "Actual Rows": 5,
          "Actual Loops": 1,
          "Workers Planned": 4,
          "Workers Launched": 4,
          "Single Copy": false,
          "Plans": [
            {
              "Node Type": "Aggregate",
              "Strategy": "Plain",
              "Partial Mode": "Partial",
              "Parent Relationship": "Outer",
              "Parallel Aware": false,
              "Startup Cost": 148656.57,
              "Total Cost": 148656.58,
              "Plan Rows": 1,
              "Plan Width": 8,
              "Actual Startup Time": 88.94,
              "Actual Total Time": 88.941,
              "Actual Rows": 1,
              "Actual Loops": 5,
              "Plans": [
                {
                  "Node Type": "Nested Loop",
                  "Parent Relationship": "Outer",
                  "Parallel Aware": false,
                  "Join Type": "Inner",
                  "Startup Cost": 0.56,
                  "Total Cost": 148626.38,
                  "Plan Rows": 12076,
                  "Plan Width": 0,
                  "Actual Startup Time": 56.343,
                  "Actual Total Time": 88.802,
                  "Actual Rows": 1530,
                  "Actual Loops": 5,
                  "Inner Unique": false,
                  "Plans": [
                    {
                      "Node Type": "Seq Scan",
                      "Parent Relationship": "Outer",
                      "Parallel Aware": true,
                      "Relation Name": "title",
                      "Alias": "t",
                      "Startup Cost": 0.0,
                      "Total Cost": 43898.92,
                      "Plan Rows": 843,
                      "Plan Width": 4,
                      "Actual Startup Time": 56.153,
                      "Actual Total Time": 77.074,
                      "Actual Rows": 683,
                      "Actual Loops": 5,
                      "Filter": "(production_year = 1909)",
                      "Rows Removed by Filter": 504979
                    },
                    {
                      "Node Type": "Index Only Scan",
                      "Parent Relationship": "Inner",
                      "Parallel Aware": false,
                      "Scan Direction": "Forward",
                      "Index Name": "movie_id_cast_info",
                      "Relation Name": "cast_info",
                      "Alias": "ci",
                      "Startup Cost": 0.56,
                      "Total Cost": 123.86,
                      "Plan Rows": 37,
                      "Plan Width": 4,
                      "Actual Startup Time": 0.011,
                      "Actual Total Time": 0.017,
                      "Actual Rows": 2,
                      "Actual Loops": 3417,
                      "Index Cond": "(movie_id = t.id)",
                      "Rows Removed by Index Recheck": 0,
                      "Heap Fetches": 7651
                    }
                  ]
                }
              ]
            }
          ]
        }
      ]
    },
    "Planning Time": 0.464,
    "Triggers": [],
    "Execution Time": 112.733
  }
]