[
    {
        "Bao": {
            "Bao prediction": "NaN",
            "Bao recommended hint": "(no hint)"
        }
    },
    {
        "Plan": {
            "Node Type": "Aggregate",
            "Strategy": "Plain",
            "Partial Mode": "Finalize",
            "Parallel Aware": false,
            "Startup Cost": 55396.57,
            "Total Cost": 55396.58,
            "Plan Rows": 1,
            "Plan Width": 8,
            "Actual Startup Time": 158.029,
            "Actual Total Time": 166.064,
            "Actual Rows": 1,
            "Actual Loops": 1,
            "Output": [
                "count(*)"
            ],
            "Plans": [
                {
                    "Node Type": "Gather",
                    "Parent Relationship": "Outer",
                    "Parallel Aware": false,
                    "Startup Cost": 55396.25,
                    "Total Cost": 55396.56,
                    "Plan Rows": 3,
                    "Plan Width": 8,
                    "Actual Startup Time": 157.817,
                    "Actual Total Time": 166.058,
                    "Actual Rows": 4,
                    "Actual Loops": 1,
                    "Output": [
                        "(PARTIAL count(*))"
                    ],
                    "Workers Planned": 3,
                    "Workers Launched": 3,
                    "Single Copy": false,
                    "Plans": [
                        {
                            "Node Type": "Aggregate",
                            "Strategy": "Plain",
                            "Partial Mode": "Partial",
                            "Parent Relationship": "Outer",
                            "Parallel Aware": false,
                            "Startup Cost": 54396.25,
                            "Total Cost": 54396.26,
                            "Plan Rows": 1,
                            "Plan Width": 8,
                            "Actual Startup Time": 149.223,
                            "Actual Total Time": 149.226,
                            "Actual Rows": 1,
                            "Actual Loops": 4,
                            "Output": [
                                "PARTIAL count(*)"
                            ],
                            "Workers": [
                                {
                                    "Worker Number": 0,
                                    "Actual Startup Time": 146.172,
                                    "Actual Total Time": 146.175,
                                    "Actual Rows": 1,
                                    "Actual Loops": 1
                                },
                                {
                                    "Worker Number": 1,
                                    "Actual Startup Time": 146.443,
                                    "Actual Total Time": 146.446,
                                    "Actual Rows": 1,
                                    "Actual Loops": 1
                                },
                                {
                                    "Worker Number": 2,
                                    "Actual Startup Time": 146.758,
                                    "Actual Total Time": 146.761,
                                    "Actual Rows": 1,
                                    "Actual Loops": 1
                                }
                            ],
                            "Plans": [
                                {
                                    "Node Type": "Hash Join",
                                    "Parent Relationship": "Outer",
                                    "Parallel Aware": true,
                                    "Join Type": "Inner",
                                    "Startup Cost": 45498.44,
                                    "Total Cost": 54395.82,
                                    "Plan Rows": 170,
                                    "Plan Width": 0,
                                    "Actual Startup Time": 119.415,
                                    "Actual Total Time": 149.197,
                                    "Actual Rows": 181,
                                    "Actual Loops": 4,
                                    "Inner Unique": true,
                                    "Hash Cond": "(ci.movie_id = t.id)",
                                    "Workers": [
                                        {
                                            "Worker Number": 0,
                                            "Actual Startup Time": 116.54,
                                            "Actual Total Time": 146.147,
                                            "Actual Rows": 132,
                                            "Actual Loops": 1
                                        },
                                        {
                                            "Worker Number": 1,
                                            "Actual Startup Time": 116.413,
                                            "Actual Total Time": 146.417,
                                            "Actual Rows": 151,
                                            "Actual Loops": 1
                                        },
                                        {
                                            "Worker Number": 2,
                                            "Actual Startup Time": 117.154,
                                            "Actual Total Time": 146.734,
                                            "Actual Rows": 191,
                                            "Actual Loops": 1
                                        }
                                    ],
                                    "Plans": [
                                        {
                                            "Node Type": "Index Scan",
                                            "Parent Relationship": "Outer",
                                            "Parallel Aware": true,
                                            "Scan Direction": "Forward",
                                            "Index Name": "role_id_cast_info",
                                            "Relation Name": "cast_info",
                                            "Schema": "public",
                                            "Alias": "ci",
                                            "Startup Cost": 0.56,
                                            "Total Cost": 8709.53,
                                            "Plan Rows": 71781,
                                            "Plan Width": 4,
                                            "Actual Startup Time": 0.214,
                                            "Actual Total Time": 22.701,
                                            "Actual Rows": 69342,
                                            "Actual Loops": 4,
                                            "Output": [
                                                "ci.id",
                                                "ci.person_id",
                                                "ci.movie_id",
                                                "ci.person_role_id",
                                                "ci.note",
                                                "ci.nr_order",
                                                "ci.role_id"
                                            ],
                                            "Index Cond": "(ci.role_id = 11)",
                                            "Rows Removed by Index Recheck": 0,
                                            "Filter": "(ci.person_id > 943623)",
                                            "Rows Removed by Filter": 9687,
                                            "Workers": [
                                                {
                                                    "Worker Number": 0,
                                                    "Actual Startup Time": 0.301,
                                                    "Actual Total Time": 22.562,
                                                    "Actual Rows": 54728,
                                                    "Actual Loops": 1
                                                },
                                                {
                                                    "Worker Number": 1,
                                                    "Actual Startup Time": 0.127,
                                                    "Actual Total Time": 22.57,
                                                    "Actual Rows": 54489,
                                                    "Actual Loops": 1
                                                },
                                                {
                                                    "Worker Number": 2,
                                                    "Actual Startup Time": 0.36,
                                                    "Actual Total Time": 22.988,
                                                    "Actual Rows": 81397,
                                                    "Actual Loops": 1
                                                }
                                            ]
                                        },
                                        {
                                            "Node Type": "Hash",
                                            "Parent Relationship": "Inner",
                                            "Parallel Aware": true,
                                            "Startup Cost": 45479.21,
                                            "Total Cost": 45479.21,
                                            "Plan Rows": 1493,
                                            "Plan Width": 4,
                                            "Actual Startup Time": 118.482,
                                            "Actual Total Time": 118.483,
                                            "Actual Rows": 1550,
                                            "Actual Loops": 4,
                                            "Output": [
                                                "t.id"
                                            ],
                                            "Hash Buckets": 8192,
                                            "Original Hash Buckets": 8192,
                                            "Hash Batches": 1,
                                            "Original Hash Batches": 1,
                                            "Peak Memory Usage": 384,
                                            "Workers": [
                                                {
                                                    "Worker Number": 0,
                                                    "Actual Startup Time": 115.378,
                                                    "Actual Total Time": 115.379,
                                                    "Actual Rows": 1060,
                                                    "Actual Loops": 1
                                                },
                                                {
                                                    "Worker Number": 1,
                                                    "Actual Startup Time": 115.72,
                                                    "Actual Total Time": 115.721,
                                                    "Actual Rows": 1126,
                                                    "Actual Loops": 1
                                                },
                                                {
                                                    "Worker Number": 2,
                                                    "Actual Startup Time": 115.957,
                                                    "Actual Total Time": 115.958,
                                                    "Actual Rows": 1529,
                                                    "Actual Loops": 1
                                                }
                                            ],
                                            "Plans": [
                                                {
                                                    "Node Type": "Seq Scan",
                                                    "Parent Relationship": "Outer",
                                                    "Parallel Aware": true,
                                                    "Relation Name": "title",
                                                    "Schema": "public",
                                                    "Alias": "t",
                                                    "Startup Cost": 0.0,
                                                    "Total Cost": 45479.21,
                                                    "Plan Rows": 1493,
                                                    "Plan Width": 4,
                                                    "Actual Startup Time": 1.741,
                                                    "Actual Total Time": 117.553,
                                                    "Actual Rows": 1550,
                                                    "Actual Loops": 4,
                                                    "Output": [
                                                        "t.id"
                                                    ],
                                                    "Filter": "((t.kind_id < 7) AND (t.production_year = 1976))",
                                                    "Rows Removed by Filter": 630528,
                                                    "Workers": [
                                                        {
                                                            "Worker Number": 0,
                                                            "Actual Startup Time": 0.76,
                                                            "Actual Total Time": 114.421,
                                                            "Actual Rows": 1060,
                                                            "Actual Loops": 1
                                                        },
                                                        {
                                                            "Worker Number": 1,
                                                            "Actual Startup Time": 5.178,
                                                            "Actual Total Time": 114.754,
                                                            "Actual Rows": 1126,
                                                            "Actual Loops": 1
                                                        },
                                                        {
                                                            "Worker Number": 2,
                                                            "Actual Startup Time": 0.928,
                                                            "Actual Total Time": 115.003,
                                                            "Actual Rows": 1529,
                                                            "Actual Loops": 1
                                                        }
                                                    ]
                                                }
                                            ]
                                        }
                                    ]
                                }
                            ]
                        }
                    ]
                }
            ]
        },
        "Planning Time": 195.688,
        "Triggers": [],
        "Execution Time": 166.117
    }
]