[
  {
    "Plan": {
      "Node Type": "Aggregate",
      "Strategy": "Plain",
      "Partial Mode": "Finalize",
      "Parallel Aware": false,
      "Startup Cost": 35213.23,
      "Total Cost": 35213.24,
      "Plan Rows": 1,
      "Plan Width": 8,
      "Actual Startup Time": 39.236,
      "Actual Total Time": 44.241,
      "Actual Rows": 1,
      "Actual Loops": 1,
      "Plans": [
        {
          "Node Type": "Gather",
          "Parent Relationship": "Outer",
          "Parallel Aware": false,
          "Startup Cost": 35213.02,
          "Total Cost": 35213.23,
          "Plan Rows": 2,
          "Plan Width": 8,
          "Actual Startup Time": 38.762,
          "Actual Total Time": 44.233,
          "Actual Rows": 3,
          "Actual Loops": 1,
          "Workers Planned": 2,
          "Workers Launched": 2,
          "Single Copy": false,
          "Plans": [
            {
              "Node Type": "Aggregate",
              "Strategy": "Plain",
              "Partial Mode": "Partial",
              "Parent Relationship": "Outer",
              "Parallel Aware": false,
              "Startup Cost": 34213.02,
              "Total Cost": 34213.03,
              "Plan Rows": 1,
              "Plan Width": 8,
              "Actual Startup Time": 30.559,
              "Actual Total Time": 30.561,
              "Actual Rows": 1,
              "Actual Loops": 3,
              "Plans": [
                {
                  "Node Type": "Nested Loop",
                  "Parent Relationship": "Outer",
                  "Parallel Aware": false,
                  "Join Type": "Inner",
                  "Startup Cost": 241.76,
                  "Total Cost": 34210.71,
                  "Plan Rows": 923,
                  "Plan Width": 0,
                  "Actual Startup Time": 7.237,
                  "Actual Total Time": 30.201,
                  "Actual Rows": 1920,
                  "Actual Loops": 3,
                  "Inner Unique": true,
                  "Plans": [
                    {
                      "Node Type": "Bitmap Heap Scan",
                      "Parent Relationship": "Outer",
                      "Parallel Aware": true,
                      "Relation Name": "movie_companies",
                      "Alias": "mc",
                      "Startup Cost": 241.33,
                      "Total Cost": 17245.96,
                      "Plan Rows": 2355,
                      "Plan Width": 4,
                      "Actual Startup Time": 7.088,
                      "Actual Total Time": 11.349,
                      "Actual Rows": 1920,
                      "Actual Loops": 3,
                      "Recheck Cond": "(company_id = 11203)",
                      "Rows Removed by Index Recheck": 0,
                      "Filter": "(company_type_id > 1)",
                      "Rows Removed by Filter": 2019,
                      "Exact Heap Blocks": 2867,
                      "Lossy Heap Blocks": 0,
                      "Plans": [
                        {
                          "Node Type": "Bitmap Index Scan",
                          "Parent Relationship": "Outer",
                          "Parallel Aware": false,
                          "Index Name": "company_id_movie_companies",
                          "Startup Cost": 0.0,
                          "Total Cost": 239.92,
                          "Plan Rows": 11132,
                          "Plan Width": 0,
                          "Actual Startup Time": 5.739,
                          "Actual Total Time": 5.739,
                          "Actual Rows": 11817,
                          "Actual Loops": 1,
                          "Index Cond": "(company_id = 11203)"
                        }
                      ]
                    },
                    {
                      "Node Type": "Index Scan",
                      "Parent Relationship": "Inner",
                      "Parallel Aware": false,
                      "Scan Direction": "Forward",
                      "Index Name": "title_pkey",
                      "Relation Name": "title",
                      "Alias": "t",
                      "Startup Cost": 0.43,
                      "Total Cost": 7.2,
                      "Plan Rows": 1,
                      "Plan Width": 4,
                      "Actual Startup Time": 0.009,
                      "Actual Total Time": 0.009,
                      "Actual Rows": 1,
                      "Actual Loops": 5759,
                      "Index Cond": "(id = mc.movie_id)",
                      "Rows Removed by Index Recheck": 0,
                      "Filter": "(kind_id < 7)",
                      "Rows Removed by Filter": 0
                    }
                  ]
                }
              ]
            }
          ]
        }
      ]
    },
    "Planning Time": 0.642,
    "Triggers": [],
    "Execution Time": 44.323
  }
]