[
  {
    "Plan": {
      "Node Type": "Aggregate",
      "Strategy": "Plain",
      "Partial Mode": "Finalize",
      "Parallel Aware": false,
      "Startup Cost": 180968.36,
      "Total Cost": 180968.37,
      "Plan Rows": 1,
      "Plan Width": 8,
      "Actual Startup Time": 107.224,
      "Actual Total Time": 124.437,
      "Actual Rows": 1,
      "Actual Loops": 1,
      "Plans": [
        {
          "Node Type": "Gather",
          "Parent Relationship": "Outer",
          "Parallel Aware": false,
          "Startup Cost": 180967.94,
          "Total Cost": 180968.35,
          "Plan Rows": 4,
          "Plan Width": 8,
          "Actual Startup Time": 107.044,
          "Actual Total Time": 124.42,
          "Actual Rows": 5,
          "Actual Loops": 1,
          "Workers Planned": 4,
          "Workers Launched": 4,
          "Single Copy": false,
          "Plans": [
            {
              "Node Type": "Aggregate",
              "Strategy": "Plain",
              "Partial Mode": "Partial",
              "Parent Relationship": "Outer",
              "Parallel Aware": false,
              "Startup Cost": 179967.94,
              "Total Cost": 179967.95,
              "Plan Rows": 1,
              "Plan Width": 8,
              "Actual Startup Time": 97.303,
              "Actual Total Time": 97.306,
              "Actual Rows": 1,
              "Actual Loops": 5,
              "Plans": [
                {
                  "Node Type": "Nested Loop",
                  "Parent Relationship": "Outer",
                  "Parallel Aware": false,
                  "Join Type": "Inner",
                  "Startup Cost": 0.56,
                  "Total Cost": 179961.37,
                  "Plan Rows": 2630,
                  "Plan Width": 0,
                  "Actual Startup Time": 57.143,
                  "Actual Total Time": 97.272,
                  "Actual Rows": 185,
                  "Actual Loops": 5,
                  "Inner Unique": false,
                  "Plans": [
                    {
                      "Node Type": "Seq Scan",
                      "Parent Relationship": "Outer",
                      "Parallel Aware": true,
                      "Relation Name": "title",
                      "Alias": "t",
                      "Startup Cost": 0.0,
                      "Total Cost": 43899.32,
                      "Plan Rows": 1243,
                      "Plan Width": 4,
                      "Actual Startup Time": 56.306,
                      "Actual Total Time": 80.155,
                      "Actual Rows": 919,
                      "Actual Loops": 5,
                      "Filter": "(production_year = 1910)",
                      "Rows Removed by Filter": 504743
                    },
                    {
                      "Node Type": "Index Scan",
                      "Parent Relationship": "Inner",
                      "Parallel Aware": false,
                      "Scan Direction": "Forward",
                      "Index Name": "movie_id_cast_info",
                      "Relation Name": "cast_info",
                      "Alias": "ci",
                      "Startup Cost": 0.56,
                      "Total Cost": 109.41,
                      "Plan Rows": 5,
                      "Plan Width": 4,
                      "Actual Startup Time": 0.018,
                      "Actual Total Time": 0.018,
                      "Actual Rows": 0,
                      "Actual Loops": 4597,
                      "Index Cond": "(movie_id = t.id)",
                      "Rows Removed by Index Recheck": 0,
                      "Filter": "((person_id > 3040729) AND (role_id < 10))",
                      "Rows Removed by Filter": 2
                    }
                  ]
                }
              ]
            }
          ]
        }
      ]
    },
    "Planning Time": 0.2,
    "Triggers": [],
    "Execution Time": 124.47
  }
]