[
  {
    "Plan": {
      "Node Type": "Aggregate",
      "Strategy": "Plain",
      "Partial Mode": "Finalize",
      "Parallel Aware": false,
      "Startup Cost": 478825.42,
      "Total Cost": 478825.43,
      "Plan Rows": 1,
      "Plan Width": 8,
      "Actual Startup Time": 3403.179,
      "Actual Total Time": 3469.68,
      "Actual Rows": 1,
      "Actual Loops": 1,
      "Plans": [
        {
          "Node Type": "Gather",
          "Parent Relationship": "Outer",
          "Parallel Aware": false,
          "Startup Cost": 478824.9,
          "Total Cost": 478825.41,
          "Plan Rows": 5,
          "Plan Width": 8,
          "Actual Startup Time": 3335.487,
          "Actual Total Time": 3469.662,
          "Actual Rows": 6,
          "Actual Loops": 1,
          "Workers Planned": 5,
          "Workers Launched": 5,
          "Single Copy": false,
          "Plans": [
            {
              "Node Type": "Aggregate",
              "Strategy": "Plain",
              "Partial Mode": "Partial",
              "Parent Relationship": "Outer",
              "Parallel Aware": false,
              "Startup Cost": 477824.9,
              "Total Cost": 477824.91,
              "Plan Rows": 1,
              "Plan Width": 8,
              "Actual Startup Time": 3315.401,
              "Actual Total Time": 3318.573,
              "Actual Rows": 1,
              "Actual Loops": 6,
              "Plans": [
                {
                  "Node Type": "Hash Join",
                  "Parent Relationship": "Outer",
                  "Parallel Aware": true,
                  "Join Type": "Inner",
                  "Startup Cost": 256243.16,
                  "Total Cost": 469857.56,
                  "Plan Rows": 3186936,
                  "Plan Width": 0,
                  "Actual Startup Time": 1375.051,
                  "Actual Total Time": 3060.072,
                  "Actual Rows": 6410592,
                  "Actual Loops": 6,
                  "Inner Unique": false,
                  "Hash Cond": "(mi.movie_id = t.id)",
                  "Plans": [
                    {
                      "Node Type": "Seq Scan",
                      "Parent Relationship": "Outer",
                      "Parallel Aware": true,
                      "Relation Name": "movie_info",
                      "Alias": "mi",
                      "Startup Cost": 0.0,
                      "Total Cost": 198952.16,
                      "Plan Rows": 2493512,
                      "Plan Width": 4,
                      "Actual Startup Time": 0.029,
                      "Actual Total Time": 336.863,
                      "Actual Rows": 2100312,
                      "Actual Loops": 6,
                      "Filter": "(info_type_id < 17)",
                      "Rows Removed by Filter": 372308
                    },
                    {
                      "Node Type": "Hash",
                      "Parent Relationship": "Inner",
                      "Parallel Aware": true,
                      "Startup Cost": 249511.1,
                      "Total Cost": 249511.1,
                      "Plan Rows": 538565,
                      "Plan Width": 8,
                      "Actual Startup Time": 1367.708,
                      "Actual Total Time": 1370.877,
                      "Actual Rows": 835766,
                      "Actual Loops": 6,
                      "Hash Buckets": 8388608,
                      "Original Hash Buckets": 4194304,
                      "Hash Batches": 1,
                      "Original Hash Batches": 1,
                      "Peak Memory Usage": 294560,
                      "Plans": [
                        {
                          "Node Type": "Hash Join",
                          "Parent Relationship": "Outer",
                          "Parallel Aware": true,
                          "Join Type": "Inner",
                          "Startup Cost": 50220.21,
                          "Total Cost": 249511.1,
                          "Plan Rows": 538565,
                          "Plan Width": 8,
                          "Actual Startup Time": 348.477,
                          "Actual Total Time": 948.3,
                          "Actual Rows": 835766,
                          "Actual Loops": 6,
                          "Inner Unique": true,
                          "Hash Cond": "(ci.movie_id = t.id)",
                          "Plans": [
                            {
                              "Node Type": "Index Scan",
                              "Parent Relationship": "Outer",
                              "Parallel Aware": true,
                              "Scan Direction": "Forward",
                              "Index Name": "role_id_cast_info",
                              "Relation Name": "cast_info",
                              "Alias": "ci",
                              "Startup Cost": 0.56,
                              "Total Cost": 197877.72,
                              "Plan Rows": 538565,
                              "Plan Width": 4,
                              "Actual Startup Time": 68.281,
                              "Actual Total Time": 240.06,
                              "Actual Rows": 835766,
                              "Actual Loops": 6,
                              "Index Cond": "(role_id = 2)",
                              "Rows Removed by Index Recheck": 0,
                              "Filter": "(person_id > 2047031)",
                              "Rows Removed by Filter": 406230
                            },
                            {
                              "Node Type": "Hash",
                              "Parent Relationship": "Inner",
                              "Parallel Aware": true,
                              "Startup Cost": 42318.73,
                              "Total Cost": 42318.73,
                              "Plan Rows": 632073,
                              "Plan Width": 4,
                              "Actual Startup Time": 275.729,
                              "Actual Total Time": 275.731,
                              "Actual Rows": 421385,
                              "Actual Loops": 6,
                              "Hash Buckets": 4194304,
                              "Original Hash Buckets": 4194304,
                              "Hash Batches": 1,
                              "Original Hash Batches": 1,
                              "Peak Memory Usage": 131808,
                              "Plans": [
                                {
                                  "Node Type": "Seq Scan",
                                  "Parent Relationship": "Outer",
                                  "Parallel Aware": true,
                                  "Relation Name": "title",
                                  "Alias": "t",
                                  "Startup Cost": 0.0,
                                  "Total Cost": 42318.73,
                                  "Plan Rows": 632073,
                                  "Plan Width": 4,
                                  "Actual Startup Time": 0.049,
                                  "Actual Total Time": 76.999,
                                  "Actual Rows": 421385,
                                  "Actual Loops": 6
                                }
                              ]
                            }
                          ]
                        }
                      ]
                    }
                  ]
                }
              ]
            }
          ]
        }
      ]
    },
    "Planning Time": 1.372,
    "Triggers": [],
    "Execution Time": 3469.775
  }
]