{
  "Plan": {
    "Node Type": "Aggregate",
    "Strategy": "Plain",
    "Partial Mode": "Finalize",
    "Parallel Aware": false,
    "Startup Cost": 214210.91,
    "Total Cost": 214210.92,
    "Plan Rows": 1,
    "Plan Width": 8,
    "Actual Startup Time": 2448.081,
    "Actual Total Time": 2499.45,
    "Actual Rows": 1,
    "Actual Loops": 1,
    "Plans": [
      {
        "Node Type": "Gather",
        "Parent Relationship": "Outer",
        "Parallel Aware": false,
        "Startup Cost": 214210.79,
        "Total Cost": 214210.9,
        "Plan Rows": 1,
        "Plan Width": 8,
        "Actual Startup Time": 2447.61,
        "Actual Total Time": 2499.442,
        "Actual Rows": 2,
        "Actual Loops": 1,
        "Workers Planned": 1,
        "Workers Launched": 1,
        "Single Copy": false,
        "Plans": [
          {
            "Node Type": "Aggregate",
            "Strategy": "Plain",
            "Partial Mode": "Partial",
            "Parent Relationship": "Outer",
            "Parallel Aware": false,
            "Startup Cost": 213210.79,
            "Total Cost": 213210.8,
            "Plan Rows": 1,
            "Plan Width": 8,
            "Actual Startup Time": 2441.426,
            "Actual Total Time": 2441.43,
            "Actual Rows": 1,
            "Actual Loops": 2,
            "Plans": [
              {
                "Node Type": "Nested Loop",
                "Parent Relationship": "Outer",
                "Parallel Aware": false,
                "Join Type": "Inner",
                "Startup Cost": 58672.28,
                "Total Cost": 212729.51,
                "Plan Rows": 192512,
                "Plan Width": 0,
                "Actual Startup Time": 166.982,
                "Actual Total Time": 2266.597,
                "Actual Rows": 4322693,
                "Actual Loops": 2,
                "Inner Unique": false,
                "Join Filter": "(t.id = mi.movie_id)",
                "Rows Removed by Join Filter": 0,
                "Plans": [
                  {
                    "Node Type": "Hash Join",
                    "Parent Relationship": "Outer",
                    "Parallel Aware": true,
                    "Join Type": "Inner",
                    "Startup Cost": 58671.84,
                    "Total Cost": 122947.57,
                    "Plan Rows": 49098,
                    "Plan Width": 8,
                    "Actual Startup Time": 166.921,
                    "Actual Total Time": 525.813,
                    "Actual Rows": 177860,
                    "Actual Loops": 2,
                    "Inner Unique": true,
                    "Hash Cond": "(mk.movie_id = t.id)",
                    "Plans": [
                      {
                        "Node Type": "Seq Scan",
                        "Parent Relationship": "Outer",
                        "Parallel Aware": true,
                        "Relation Name": "movie_keyword",
                        "Alias": "mk",
                        "Startup Cost": 0.0,
                        "Total Cost": 57718.19,
                        "Plan Rows": 2498104,
                        "Plan Width": 4,
                        "Actual Startup Time": 0.012,
                        "Actual Total Time": 201.742,
                        "Actual Rows": 2125390,
                        "Actual Loops": 2,
                        "Filter": "(keyword_id < 57878)",
                        "Rows Removed by Filter": 136574
                      },
                      {
                        "Node Type": "Hash",
                        "Parent Relationship": "Inner",
                        "Parallel Aware": true,
                        "Startup Cost": 58306.47,
                        "Total Cost": 58306.47,
                        "Plan Rows": 29230,
                        "Plan Width": 4,
                        "Actual Startup Time": 161.44,
                        "Actual Total Time": 161.441,
                        "Actual Rows": 73839,
                        "Actual Loops": 2,
                        "Hash Buckets": 262144,
                        "Original Hash Buckets": 65536,
                        "Hash Batches": 1,
                        "Original Hash Batches": 1,
                        "Peak Memory Usage": 9408,
                        "Plans": [
                          {
                            "Node Type": "Seq Scan",
                            "Parent Relationship": "Outer",
                            "Parallel Aware": true,
                            "Relation Name": "title",
                            "Alias": "t",
                            "Startup Cost": 0.0,
                            "Total Cost": 58306.47,
                            "Plan Rows": 29230,
                            "Plan Width": 4,
                            "Actual Startup Time": 6.489,
                            "Actual Total Time": 142.53,
                            "Actual Rows": 73839,
                            "Actual Loops": 2,
                            "Filter": "((kind_id < 4) AND (production_year < 1943))",
                            "Rows Removed by Filter": 1190317
                          }
                        ]
                      }
                    ]
                  },
                  {
                    "Node Type": "Index Scan",
                    "Parent Relationship": "Inner",
                    "Parallel Aware": false,
                    "Scan Direction": "Forward",
                    "Index Name": "movie_id_movie_info",
                    "Relation Name": "movie_info",
                    "Alias": "mi",
                    "Startup Cost": 0.43,
                    "Total Cost": 1.48,
                    "Plan Rows": 28,
                    "Plan Width": 4,
                    "Actual Startup Time": 0.002,
                    "Actual Total Time": 0.008,
                    "Actual Rows": 24,
                    "Actual Loops": 355720,
                    "Index Cond": "(movie_id = mk.movie_id)",
                    "Rows Removed by Index Recheck": 0,
                    "Filter": "(info_type_id > 4)",
                    "Rows Removed by Filter": 6
                  }
                ]
              }
            ]
          }
        ]
      }
    ]
  },
  "Planning Time": 0.949,
  "Triggers": [],
  "Execution Time": 2499.557
}