{
    "Plan": {
        "Node Type": "Aggregate",
        "Strategy": "Plain",
        "Partial Mode": "Finalize",
        "Parallel Aware": false,
        "Startup Cost": 240126.75,
        "Total Cost": 240126.76,
        "Plan Rows": 1,
        "Plan Width": 8,
        "Actual Startup Time": 216.889,
        "Actual Total Time": 250.068,
        "Actual Rows": 1,
        "Actual Loops": 1,
        "Output": [
            "count(*)"
        ],
        "Plans": [
            {
                "Node Type": "Gather",
                "Parent Relationship": "Outer",
                "Parallel Aware": false,
                "Startup Cost": 240126.33,
                "Total Cost": 240126.74,
                "Plan Rows": 4,
                "Plan Width": 8,
                "Actual Startup Time": 216.563,
                "Actual Total Time": 250.059,
                "Actual Rows": 5,
                "Actual Loops": 1,
                "Output": [
                    "(PARTIAL count(*))"
                ],
                "Workers Planned": 4,
                "Workers Launched": 4,
                "Single Copy": false,
                "Plans": [
                    {
                        "Node Type": "Aggregate",
                        "Strategy": "Plain",
                        "Partial Mode": "Partial",
                        "Parent Relationship": "Outer",
                        "Parallel Aware": false,
                        "Startup Cost": 239126.33,
                        "Total Cost": 239126.34,
                        "Plan Rows": 1,
                        "Plan Width": 8,
                        "Actual Startup Time": 206.226,
                        "Actual Total Time": 206.228,
                        "Actual Rows": 1,
                        "Actual Loops": 5,
                        "Output": [
                            "PARTIAL count(*)"
                        ],
                        "Workers": [
                            {
                                "Worker Number": 0,
                                "Actual Startup Time": 203.755,
                                "Actual Total Time": 203.757,
                                "Actual Rows": 1,
                                "Actual Loops": 1
                            },
                            {
                                "Worker Number": 1,
                                "Actual Startup Time": 203.454,
                                "Actual Total Time": 203.457,
                                "Actual Rows": 1,
                                "Actual Loops": 1
                            },
                            {
                                "Worker Number": 2,
                                "Actual Startup Time": 203.401,
                                "Actual Total Time": 203.403,
                                "Actual Rows": 1,
                                "Actual Loops": 1
                            },
                            {
                                "Worker Number": 3,
                                "Actual Startup Time": 204.797,
                                "Actual Total Time": 204.799,
                                "Actual Rows": 1,
                                "Actual Loops": 1
                            }
                        ],
                        "Plans": [
                            {
                                "Node Type": "Nested Loop",
                                "Parent Relationship": "Outer",
                                "Parallel Aware": false,
                                "Join Type": "Inner",
                                "Startup Cost": 1.0,
                                "Total Cost": 239117.79,
                                "Plan Rows": 3416,
                                "Plan Width": 0,
                                "Actual Startup Time": 68.912,
                                "Actual Total Time": 206.027,
                                "Actual Rows": 3138,
                                "Actual Loops": 5,
                                "Inner Unique": false,
                                "Join Filter": "(t.id = ci.movie_id)",
                                "Rows Removed by Join Filter": 0,
                                "Workers": [
                                    {
                                        "Worker Number": 0,
                                        "Actual Startup Time": 69.654,
                                        "Actual Total Time": 203.625,
                                        "Actual Rows": 1212,
                                        "Actual Loops": 1
                                    },
                                    {
                                        "Worker Number": 1,
                                        "Actual Startup Time": 36.997,
                                        "Actual Total Time": 203.231,
                                        "Actual Rows": 3216,
                                        "Actual Loops": 1
                                    },
                                    {
                                        "Worker Number": 2,
                                        "Actual Startup Time": 76.689,
                                        "Actual Total Time": 203.144,
                                        "Actual Rows": 3928,
                                        "Actual Loops": 1
                                    },
                                    {
                                        "Worker Number": 3,
                                        "Actual Startup Time": 76.608,
                                        "Actual Total Time": 204.684,
                                        "Actual Rows": 1566,
                                        "Actual Loops": 1
                                    }
                                ],
                                "Plans": [
                                    {
                                        "Node Type": "Nested Loop",
                                        "Parent Relationship": "Outer",
                                        "Parallel Aware": false,
                                        "Join Type": "Inner",
                                        "Startup Cost": 0.43,
                                        "Total Cost": 234638.45,
                                        "Plan Rows": 452,
                                        "Plan Width": 8,
                                        "Actual Startup Time": 52.788,
                                        "Actual Total Time": 192.517,
                                        "Actual Rows": 61,
                                        "Actual Loops": 5,
                                        "Output": [
                                            "t.id",
                                            "mi.movie_id"
                                        ],
                                        "Inner Unique": false,
                                        "Workers": [
                                            {
                                                "Worker Number": 0,
                                                "Actual Startup Time": 69.541,
                                                "Actual Total Time": 194.784,
                                                "Actual Rows": 31,
                                                "Actual Loops": 1
                                            },
                                            {
                                                "Worker Number": 1,
                                                "Actual Startup Time": 28.37,
                                                "Actual Total Time": 184.812,
                                                "Actual Rows": 57,
                                                "Actual Loops": 1
                                            },
                                            {
                                                "Worker Number": 2,
                                                "Actual Startup Time": 74.893,
                                                "Actual Total Time": 182.409,
                                                "Actual Rows": 52,
                                                "Actual Loops": 1
                                            },
                                            {
                                                "Worker Number": 3,
                                                "Actual Startup Time": 6.552,
                                                "Actual Total Time": 194.814,
                                                "Actual Rows": 49,
                                                "Actual Loops": 1
                                            }
                                        ],
                                        "Plans": [
                                            {
                                                "Node Type": "Seq Scan",
                                                "Parent Relationship": "Outer",
                                                "Parallel Aware": true,
                                                "Relation Name": "title",
                                                "Schema": "public",
                                                "Alias": "t",
                                                "Startup Cost": 0.0,
                                                "Total Cost": 45479.21,
                                                "Plan Rows": 6605,
                                                "Plan Width": 4,
                                                "Actual Startup Time": 0.534,
                                                "Actual Total Time": 77.851,
                                                "Actual Rows": 5417,
                                                "Actual Loops": 5,
                                                "Output": [
                                                    "t.id",
                                                    "t.title",
                                                    "t.imdb_index",
                                                    "t.kind_id",
                                                    "t.production_year",
                                                    "t.imdb_id",
                                                    "t.phonetic_code",
                                                    "t.episode_of_id",
                                                    "t.season_nr",
                                                    "t.episode_nr",
                                                    "t.series_years",
                                                    "t.md5sum"
                                                ],
                                                "Filter": "((t.kind_id < 7) AND (t.production_year > 2012))",
                                                "Rows Removed by Filter": 500245,
                                                "Workers": [
                                                    {
                                                        "Worker Number": 0,
                                                        "Actual Startup Time": 0.704,
                                                        "Actual Total Time": 73.774,
                                                        "Actual Rows": 3323,
                                                        "Actual Loops": 1
                                                    },
                                                    {
                                                        "Worker Number": 1,
                                                        "Actual Startup Time": 0.255,
                                                        "Actual Total Time": 69.91,
                                                        "Actual Rows": 4131,
                                                        "Actual Loops": 1
                                                    },
                                                    {
                                                        "Worker Number": 2,
                                                        "Actual Startup Time": 0.543,
                                                        "Actual Total Time": 69.294,
                                                        "Actual Rows": 3993,
                                                        "Actual Loops": 1
                                                    },
                                                    {
                                                        "Worker Number": 3,
                                                        "Actual Startup Time": 0.928,
                                                        "Actual Total Time": 73.41,
                                                        "Actual Rows": 5007,
                                                        "Actual Loops": 1
                                                    }
                                                ]
                                            },
                                            {
                                                "Node Type": "Index Scan",
                                                "Parent Relationship": "Inner",
                                                "Parallel Aware": false,
                                                "Scan Direction": "Forward",
                                                "Index Name": "movie_id_movie_info",
                                                "Relation Name": "movie_info",
                                                "Schema": "public",
                                                "Alias": "mi",
                                                "Startup Cost": 0.43,
                                                "Total Cost": 28.63,
                                                "Plan Rows": 1,
                                                "Plan Width": 4,
                                                "Actual Startup Time": 0.021,
                                                "Actual Total Time": 0.021,
                                                "Actual Rows": 0,
                                                "Actual Loops": 27085,
                                                "Output": [
                                                    "mi.id",
                                                    "mi.movie_id",
                                                    "mi.info_type_id",
                                                    "mi.info",
                                                    "mi.note"
                                                ],
                                                "Index Cond": "(mi.movie_id = t.id)",
                                                "Rows Removed by Index Recheck": 0,
                                                "Filter": "(mi.info_type_id = 13)",
                                                "Rows Removed by Filter": 9,
                                                "Workers": [
                                                    {
                                                        "Worker Number": 0,
                                                        "Actual Startup Time": 0.035,
                                                        "Actual Total Time": 0.036,
                                                        "Actual Rows": 0,
                                                        "Actual Loops": 3323
                                                    },
                                                    {
                                                        "Worker Number": 1,
                                                        "Actual Startup Time": 0.027,
                                                        "Actual Total Time": 0.027,
                                                        "Actual Rows": 0,
                                                        "Actual Loops": 4131
                                                    },
                                                    {
                                                        "Worker Number": 2,
                                                        "Actual Startup Time": 0.028,
                                                        "Actual Total Time": 0.028,
                                                        "Actual Rows": 0,
                                                        "Actual Loops": 3993
                                                    },
                                                    {
                                                        "Worker Number": 3,
                                                        "Actual Startup Time": 0.024,
                                                        "Actual Total Time": 0.024,
                                                        "Actual Rows": 0,
                                                        "Actual Loops": 5007
                                                    }
                                                ]
                                            }
                                        ]
                                    },
                                    {
                                        "Node Type": "Index Scan",
                                        "Parent Relationship": "Inner",
                                        "Parallel Aware": false,
                                        "Scan Direction": "Forward",
                                        "Index Name": "movie_id_cast_info",
                                        "Relation Name": "cast_info",
                                        "Schema": "public",
                                        "Alias": "ci",
                                        "Startup Cost": 0.56,
                                        "Total Cost": 9.66,
                                        "Plan Rows": 20,
                                        "Plan Width": 4,
                                        "Actual Startup Time": 0.085,
                                        "Actual Total Time": 0.216,
                                        "Actual Rows": 51,
                                        "Actual Loops": 305,
                                        "Output": [
                                            "ci.id",
                                            "ci.person_id",
                                            "ci.movie_id",
                                            "ci.person_role_id",
                                            "ci.note",
                                            "ci.nr_order",
                                            "ci.role_id"
                                        ],
                                        "Index Cond": "(ci.movie_id = mi.movie_id)",
                                        "Rows Removed by Index Recheck": 0,
                                        "Filter": "((ci.person_id < 2990304) AND (ci.role_id > 1))",
                                        "Rows Removed by Filter": 74,
                                        "Workers": [
                                            {
                                                "Worker Number": 0,
                                                "Actual Startup Time": 0.121,
                                                "Actual Total Time": 0.278,
                                                "Actual Rows": 39,
                                                "Actual Loops": 31
                                            },
                                            {
                                                "Worker Number": 1,
                                                "Actual Startup Time": 0.116,
                                                "Actual Total Time": 0.317,
                                                "Actual Rows": 56,
                                                "Actual Loops": 57
                                            },
                                            {
                                                "Worker Number": 2,
                                                "Actual Startup Time": 0.161,
                                                "Actual Total Time": 0.39,
                                                "Actual Rows": 76,
                                                "Actual Loops": 52
                                            },
                                            {
                                                "Worker Number": 3,
                                                "Actual Startup Time": 0.067,
                                                "Actual Total Time": 0.197,
                                                "Actual Rows": 32,
                                                "Actual Loops": 49
                                            }
                                        ]
                                    }
                                ]
                            }
                        ]
                    }
                ]
            }
        ]
    },
    "Planning Time": 1.599,
    "Triggers": [],
    "Execution Time": 250.165
}