[
  {
    "Plan": {
      "Node Type": "Aggregate",
      "Strategy": "Plain",
      "Partial Mode": "Finalize",
      "Parallel Aware": false,
      "Startup Cost": 271239.3,
      "Total Cost": 271239.31,
      "Plan Rows": 1,
      "Plan Width": 8,
      "Actual Startup Time": 1384.357,
      "Actual Total Time": 1408.135,
      "Actual Rows": 1,
      "Actual Loops": 1,
      "Plans": [
        {
          "Node Type": "Gather",
          "Parent Relationship": "Outer",
          "Parallel Aware": false,
          "Startup Cost": 271238.98,
          "Total Cost": 271239.29,
          "Plan Rows": 3,
          "Plan Width": 8,
          "Actual Startup Time": 1372.355,
          "Actual Total Time": 1408.124,
          "Actual Rows": 4,
          "Actual Loops": 1,
          "Workers Planned": 3,
          "Workers Launched": 3,
          "Single Copy": false,
          "Plans": [
            {
              "Node Type": "Aggregate",
              "Strategy": "Plain",
              "Partial Mode": "Partial",
              "Parent Relationship": "Outer",
              "Parallel Aware": false,
              "Startup Cost": 270238.98,
              "Total Cost": 270238.99,
              "Plan Rows": 1,
              "Plan Width": 8,
              "Actual Startup Time": 1362.691,
              "Actual Total Time": 1362.698,
              "Actual Rows": 1,
              "Actual Loops": 4,
              "Plans": [
                {
                  "Node Type": "Hash Join",
                  "Parent Relationship": "Outer",
                  "Parallel Aware": true,
                  "Join Type": "Inner",
                  "Startup Cost": 224575.51,
                  "Total Cost": 269603.62,
                  "Plan Rows": 254146,
                  "Plan Width": 0,
                  "Actual Startup Time": 543.39,
                  "Actual Total Time": 1138.292,
                  "Actual Rows": 4635258,
                  "Actual Loops": 4,
                  "Inner Unique": false,
                  "Hash Cond": "(mk.movie_id = t.id)",
                  "Plans": [
                    {
                      "Node Type": "Seq Scan",
                      "Parent Relationship": "Outer",
                      "Parallel Aware": true,
                      "Relation Name": "movie_keyword",
                      "Alias": "mk",
                      "Startup Cost": 0.0,
                      "Total Cost": 39047.32,
                      "Plan Rows": 1459332,
                      "Plan Width": 4,
                      "Actual Startup Time": 0.038,
                      "Actual Total Time": 101.369,
                      "Actual Rows": 1130982,
                      "Actual Loops": 4
                    },
                    {
                      "Node Type": "Hash",
                      "Parent Relationship": "Inner",
                      "Parallel Aware": true,
                      "Startup Cost": 223474.68,
                      "Total Cost": 223474.68,
                      "Plan Rows": 88066,
                      "Plan Width": 8,
                      "Actual Startup Time": 539.633,
                      "Actual Total Time": 539.639,
                      "Actual Rows": 104327,
                      "Actual Loops": 4,
                      "Hash Buckets": 524288,
                      "Original Hash Buckets": 524288,
                      "Hash Batches": 1,
                      "Original Hash Batches": 1,
                      "Peak Memory Usage": 20480,
                      "Plans": [
                        {
                          "Node Type": "Hash Join",
                          "Parent Relationship": "Outer",
                          "Parallel Aware": true,
                          "Join Type": "Inner",
                          "Startup Cost": 59939.79,
                          "Total Cost": 223474.68,
                          "Plan Rows": 88066,
                          "Plan Width": 8,
                          "Actual Startup Time": 432.821,
                          "Actual Total Time": 504.015,
                          "Actual Rows": 104327,
                          "Actual Loops": 4,
                          "Inner Unique": true,
                          "Hash Cond": "(mi.movie_id = t.id)",
                          "Plans": [
                            {
                              "Node Type": "Bitmap Heap Scan",
                              "Parent Relationship": "Outer",
                              "Parallel Aware": true,
                              "Relation Name": "movie_info",
                              "Alias": "mi",
                              "Startup Cost": 9214.73,
                              "Total Cost": 172482.02,
                              "Plan Rows": 101943,
                              "Plan Width": 4,
                              "Actual Startup Time": 26.038,
                              "Actual Total Time": 47.04,
                              "Actual Rows": 121638,
                              "Actual Loops": 4,
                              "Recheck Cond": "(info_type_id = 5)",
                              "Rows Removed by Index Recheck": 0,
                              "Exact Heap Blocks": 1872,
                              "Lossy Heap Blocks": 0,
                              "Plans": [
                                {
                                  "Node Type": "Bitmap Index Scan",
                                  "Parent Relationship": "Outer",
                                  "Parallel Aware": false,
                                  "Index Name": "info_type_id_movie_info",
                                  "Startup Cost": 0.0,
                                  "Total Cost": 9087.3,
                                  "Plan Rows": 509716,
                                  "Plan Width": 0,
                                  "Actual Startup Time": 25.221,
                                  "Actual Total Time": 25.222,
                                  "Actual Rows": 486554,
                                  "Actual Loops": 1,
                                  "Index Cond": "(info_type_id = 5)"
                                }
                              ]
                            },
                            {
                              "Node Type": "Hash",
                              "Parent Relationship": "Inner",
                              "Parallel Aware": true,
                              "Startup Cost": 43899.32,
                              "Total Cost": 43899.32,
                              "Plan Rows": 546059,
                              "Plan Width": 4,
                              "Actual Startup Time": 397.123,
                              "Actual Total Time": 397.124,
                              "Actual Rows": 542791,
                              "Actual Loops": 4,
                              "Hash Buckets": 4194304,
                              "Original Hash Buckets": 4194304,
                              "Hash Batches": 1,
                              "Original Hash Batches": 1,
                              "Peak Memory Usage": 117760,
                              "Plans": [
                                {
                                  "Node Type": "Seq Scan",
                                  "Parent Relationship": "Outer",
                                  "Parallel Aware": true,
                                  "Relation Name": "title",
                                  "Alias": "t",
                                  "Startup Cost": 0.0,
                                  "Total Cost": 43899.32,
                                  "Plan Rows": 546059,
                                  "Plan Width": 4,
                                  "Actual Startup Time": 0.063,
                                  "Actual Total Time": 137.899,
                                  "Actual Rows": 542791,
                                  "Actual Loops": 4,
                                  "Filter": "(production_year > 1963)",
                                  "Rows Removed by Filter": 89287
                                }
                              ]
                            }
                          ]
                        }
                      ]
                    }
                  ]
                }
              ]
            }
          ]
        }
      ]
    },
    "Planning Time": 1.382,
    "Triggers": [],
    "Execution Time": 1408.245
  }
]