[
  {
    "Plan": {
      "Node Type": "Aggregate",
      "Strategy": "Plain",
      "Partial Mode": "Finalize",
      "Parallel Aware": false,
      "Startup Cost": 335228.61,
      "Total Cost": 335228.62,
      "Plan Rows": 1,
      "Plan Width": 8,
      "Actual Startup Time": 716.735,
      "Actual Total Time": 772.035,
      "Actual Rows": 1,
      "Actual Loops": 1,
      "Plans": [
        {
          "Node Type": "Gather",
          "Parent Relationship": "Outer",
          "Parallel Aware": false,
          "Startup Cost": 335227.99,
          "Total Cost": 335228.6,
          "Plan Rows": 6,
          "Plan Width": 8,
          "Actual Startup Time": 716.613,
          "Actual Total Time": 772.013,
          "Actual Rows": 7,
          "Actual Loops": 1,
          "Workers Planned": 6,
          "Workers Launched": 6,
          "Single Copy": false,
          "Plans": [
            {
              "Node Type": "Aggregate",
              "Strategy": "Plain",
              "Partial Mode": "Partial",
              "Parent Relationship": "Outer",
              "Parallel Aware": false,
              "Startup Cost": 334227.99,
              "Total Cost": 334228.0,
              "Plan Rows": 1,
              "Plan Width": 8,
              "Actual Startup Time": 707.863,
              "Actual Total Time": 707.864,
              "Actual Rows": 1,
              "Actual Loops": 7,
              "Plans": [
                {
                  "Node Type": "Seq Scan",
                  "Parent Relationship": "Outer",
                  "Parallel Aware": true,
                  "Relation Name": "cast_info",
                  "Alias": "ci",
                  "Startup Cost": 0.0,
                  "Total Cost": 328162.03,
                  "Plan Rows": 2426384,
                  "Plan Width": 0,
                  "Actual Startup Time": 0.047,
                  "Actual Total Time": 607.78,
                  "Actual Rows": 2079665,
                  "Actual Loops": 7,
                  "Filter": "(person_id < 1434953)",
                  "Rows Removed by Filter": 3098098
                }
              ]
            }
          ]
        }
      ]
    },
    "Planning Time": 0.239,
    "Triggers": [],
    "Execution Time": 772.105
  }
]