[
  {
    "Plan": {
      "Node Type": "Aggregate",
      "Strategy": "Plain",
      "Partial Mode": "Finalize",
      "Parallel Aware": false,
      "Startup Cost": 26612.6,
      "Total Cost": 26612.61,
      "Plan Rows": 1,
      "Plan Width": 8,
      "Actual Startup Time": 70.129,
      "Actual Total Time": 74.147,
      "Actual Rows": 1,
      "Actual Loops": 1,
      "Plans": [
        {
          "Node Type": "Gather",
          "Parent Relationship": "Outer",
          "Parallel Aware": false,
          "Startup Cost": 26612.29,
          "Total Cost": 26612.6,
          "Plan Rows": 3,
          "Plan Width": 8,
          "Actual Startup Time": 69.927,
          "Actual Total Time": 74.14,
          "Actual Rows": 4,
          "Actual Loops": 1,
          "Workers Planned": 3,
          "Workers Launched": 3,
          "Single Copy": false,
          "Plans": [
            {
              "Node Type": "Aggregate",
              "Strategy": "Plain",
              "Partial Mode": "Partial",
              "Parent Relationship": "Outer",
              "Parallel Aware": false,
              "Startup Cost": 25612.29,
              "Total Cost": 25612.3,
              "Plan Rows": 1,
              "Plan Width": 8,
              "Actual Startup Time": 60.797,
              "Actual Total Time": 60.798,
              "Actual Rows": 1,
              "Actual Loops": 4,
              "Plans": [
                {
                  "Node Type": "Bitmap Heap Scan",
                  "Parent Relationship": "Outer",
                  "Parallel Aware": true,
                  "Relation Name": "movie_companies",
                  "Alias": "mc",
                  "Startup Cost": 5485.84,
                  "Total Cost": 25507.39,
                  "Plan Rows": 41960,
                  "Plan Width": 0,
                  "Actual Startup Time": 22.075,
                  "Actual Total Time": 55.801,
                  "Actual Rows": 62508,
                  "Actual Loops": 4,
                  "Recheck Cond": "(company_id > 101182)",
                  "Rows Removed by Index Recheck": 0,
                  "Filter": "(company_type_id = 2)",
                  "Rows Removed by Filter": 0,
                  "Exact Heap Blocks": 2541,
                  "Lossy Heap Blocks": 0,
                  "Plans": [
                    {
                      "Node Type": "Bitmap Index Scan",
                      "Parent Relationship": "Outer",
                      "Parallel Aware": false,
                      "Index Name": "company_id_movie_companies",
                      "Startup Cost": 0.0,
                      "Total Cost": 5453.32,
                      "Plan Rows": 254519,
                      "Plan Width": 0,
                      "Actual Startup Time": 29.161,
                      "Actual Total Time": 29.161,
                      "Actual Rows": 250030,
                      "Actual Loops": 1,
                      "Index Cond": "(company_id > 101182)"
                    }
                  ]
                }
              ]
            }
          ]
        }
      ]
    },
    "Planning Time": 0.236,
    "Triggers": [],
    "Execution Time": 74.226
  }
]