{
  "Plan": {
    "Node Type": "Aggregate",
    "Strategy": "Plain",
    "Partial Mode": "Finalize",
    "Parallel Aware": false,
    "Startup Cost": 93014.58,
    "Total Cost": 93014.59,
    "Plan Rows": 1,
    "Plan Width": 8,
    "Actual Startup Time": 435.251,
    "Actual Total Time": 446.94,
    "Actual Rows": 1,
    "Actual Loops": 1,
    "Plans": [
      {
        "Node Type": "Gather",
        "Parent Relationship": "Outer",
        "Parallel Aware": false,
        "Startup Cost": 93014.46,
        "Total Cost": 93014.57,
        "Plan Rows": 1,
        "Plan Width": 8,
        "Actual Startup Time": 435.244,
        "Actual Total Time": 446.935,
        "Actual Rows": 2,
        "Actual Loops": 1,
        "Workers Planned": 1,
        "Workers Launched": 1,
        "Single Copy": false,
        "Plans": [
          {
            "Node Type": "Aggregate",
            "Strategy": "Plain",
            "Partial Mode": "Partial",
            "Parent Relationship": "Outer",
            "Parallel Aware": false,
            "Startup Cost": 92014.46,
            "Total Cost": 92014.47,
            "Plan Rows": 1,
            "Plan Width": 8,
            "Actual Startup Time": 427.452,
            "Actual Total Time": 427.457,
            "Actual Rows": 1,
            "Actual Loops": 2,
            "Plans": [
              {
                "Node Type": "Merge Join",
                "Parent Relationship": "Outer",
                "Parallel Aware": false,
                "Join Type": "Inner",
                "Startup Cost": 91372.2,
                "Total Cost": 92014.42,
                "Plan Rows": 19,
                "Plan Width": 0,
                "Actual Startup Time": 420.278,
                "Actual Total Time": 427.451,
                "Actual Rows": 2,
                "Actual Loops": 2,
                "Inner Unique": false,
                "Merge Cond": "(t.id = ci.movie_id)",
                "Plans": [
                  {
                    "Node Type": "Sort",
                    "Parent Relationship": "Outer",
                    "Parallel Aware": false,
                    "Startup Cost": 90296.29,
                    "Total Cost": 90616.65,
                    "Plan Rows": 128145,
                    "Plan Width": 8,
                    "Actual Startup Time": 407.056,
                    "Actual Total Time": 415.51,
                    "Actual Rows": 244365,
                    "Actual Loops": 2,
                    "Sort Key": [
                      "t.id"
                    ],
                    "Sort Method": "quicksort",
                    "Sort Space Used": 18378,
                    "Sort Space Type": "Memory",
                    "Workers": [
                      {
                        "Worker Number": 0,
                        "Sort Method": "quicksort",
                        "Sort Space Used": 17051,
                        "Sort Space Type": "Memory"
                      }
                    ],
                    "Plans": [
                      {
                        "Node Type": "Hash Join",
                        "Parent Relationship": "Outer",
                        "Parallel Aware": true,
                        "Join Type": "Inner",
                        "Startup Cost": 61241.06,
                        "Total Cost": 79424.84,
                        "Plan Rows": 128145,
                        "Plan Width": 8,
                        "Actual Startup Time": 208.543,
                        "Actual Total Time": 363.867,
                        "Actual Rows": 246822,
                        "Actual Loops": 2,
                        "Inner Unique": true,
                        "Hash Cond": "(mi_idx.movie_id = t.id)",
                        "Plans": [
                          {
                            "Node Type": "Seq Scan",
                            "Parent Relationship": "Outer",
                            "Parallel Aware": true,
                            "Relation Name": "movie_info_idx",
                            "Alias": "mi_idx",
                            "Startup Cost": 0.0,
                            "Total Cost": 16052.85,
                            "Plan Rows": 811785,
                            "Plan Width": 4,
                            "Actual Startup Time": 0.017,
                            "Actual Total Time": 50.068,
                            "Actual Rows": 690018,
                            "Actual Loops": 2
                          },
                          {
                            "Node Type": "Hash",
                            "Parent Relationship": "Inner",
                            "Parallel Aware": true,
                            "Startup Cost": 58306.47,
                            "Total Cost": 58306.47,
                            "Plan Rows": 234767,
                            "Plan Width": 4,
                            "Actual Startup Time": 203.321,
                            "Actual Total Time": 203.322,
                            "Actual Rows": 250306,
                            "Actual Loops": 2,
                            "Hash Buckets": 524288,
                            "Original Hash Buckets": 524288,
                            "Hash Batches": 1,
                            "Original Hash Batches": 1,
                            "Peak Memory Usage": 23712,
                            "Plans": [
                              {
                                "Node Type": "Seq Scan",
                                "Parent Relationship": "Outer",
                                "Parallel Aware": true,
                                "Relation Name": "title",
                                "Alias": "t",
                                "Startup Cost": 0.0,
                                "Total Cost": 58306.47,
                                "Plan Rows": 234767,
                                "Plan Width": 4,
                                "Actual Startup Time": 0.033,
                                "Actual Total Time": 149.45,
                                "Actual Rows": 250306,
                                "Actual Loops": 2,
                                "Filter": "((kind_id < 7) AND (production_year < 2000))",
                                "Rows Removed by Filter": 1013850
                              }
                            ]
                          }
                        ]
                      }
                    ]
                  },
                  {
                    "Node Type": "Sort",
                    "Parent Relationship": "Inner",
                    "Parallel Aware": false,
                    "Startup Cost": 1075.9,
                    "Total Cost": 1076.85,
                    "Plan Rows": 379,
                    "Plan Width": 4,
                    "Actual Startup Time": 0.217,
                    "Actual Total Time": 0.219,
                    "Actual Rows": 11,
                    "Actual Loops": 2,
                    "Sort Key": [
                      "ci.movie_id"
                    ],
                    "Sort Method": "quicksort",
                    "Sort Space Used": 25,
                    "Sort Space Type": "Memory",
                    "Workers": [
                      {
                        "Worker Number": 0,
                        "Sort Method": "quicksort",
                        "Sort Space Used": 25,
                        "Sort Space Type": "Memory"
                      }
                    ],
                    "Plans": [
                      {
                        "Node Type": "Index Scan",
                        "Parent Relationship": "Outer",
                        "Parallel Aware": false,
                        "Scan Direction": "Forward",
                        "Index Name": "person_id_cast_info",
                        "Relation Name": "cast_info",
                        "Alias": "ci",
                        "Startup Cost": 0.56,
                        "Total Cost": 1059.67,
                        "Plan Rows": 379,
                        "Plan Width": 4,
                        "Actual Startup Time": 0.185,
                        "Actual Total Time": 0.207,
                        "Actual Rows": 10,
                        "Actual Loops": 2,
                        "Index Cond": "(person_id = 1676040)",
                        "Rows Removed by Index Recheck": 0,
                        "Filter": "(role_id < 6)",
                        "Rows Removed by Filter": 32
                      }
                    ]
                  }
                ]
              }
            ]
          }
        ]
      }
    ]
  },
  "Planning Time": 1.12,
  "Triggers": [],
  "Execution Time": 447.064
}