{
  "Plan": {
    "Node Type": "Aggregate",
    "Strategy": "Plain",
    "Partial Mode": "Simple",
    "Parallel Aware": false,
    "Startup Cost": 3007.43,
    "Total Cost": 3007.44,
    "Plan Rows": 1,
    "Plan Width": 8,
    "Actual Startup Time": 1.448,
    "Actual Total Time": 1.451,
    "Actual Rows": 1,
    "Actual Loops": 1,
    "Plans": [
      {
        "Node Type": "Nested Loop",
        "Parent Relationship": "Outer",
        "Parallel Aware": false,
        "Join Type": "Inner",
        "Startup Cost": 6.78,
        "Total Cost": 3007.2,
        "Plan Rows": 92,
        "Plan Width": 0,
        "Actual Startup Time": 0.254,
        "Actual Total Time": 1.44,
        "Actual Rows": 10,
        "Actual Loops": 1,
        "Inner Unique": true,
        "Plans": [
          {
            "Node Type": "Bitmap Heap Scan",
            "Parent Relationship": "Outer",
            "Parallel Aware": false,
            "Relation Name": "movie_keyword",
            "Alias": "mk",
            "Startup Cost": 6.35,
            "Total Cost": 922.98,
            "Plan Rows": 248,
            "Plan Width": 4,
            "Actual Startup Time": 0.071,
            "Actual Total Time": 0.339,
            "Actual Rows": 70,
            "Actual Loops": 1,
            "Recheck Cond": "(keyword_id = 37214)",
            "Rows Removed by Index Recheck": 0,
            "Exact Heap Blocks": 64,
            "Lossy Heap Blocks": 0,
            "Plans": [
              {
                "Node Type": "Bitmap Index Scan",
                "Parent Relationship": "Outer",
                "Parallel Aware": false,
                "Index Name": "keyword_id_movie_keyword",
                "Startup Cost": 0.0,
                "Total Cost": 6.29,
                "Plan Rows": 248,
                "Plan Width": 0,
                "Actual Startup Time": 0.04,
                "Actual Total Time": 0.041,
                "Actual Rows": 70,
                "Actual Loops": 1,
                "Index Cond": "(keyword_id = 37214)"
              }
            ]
          },
          {
            "Node Type": "Index Scan",
            "Parent Relationship": "Inner",
            "Parallel Aware": false,
            "Scan Direction": "Forward",
            "Index Name": "title_pkey",
            "Relation Name": "title",
            "Alias": "t",
            "Startup Cost": 0.43,
            "Total Cost": 8.4,
            "Plan Rows": 1,
            "Plan Width": 4,
            "Actual Startup Time": 0.015,
            "Actual Total Time": 0.015,
            "Actual Rows": 0,
            "Actual Loops": 70,
            "Index Cond": "(id = mk.movie_id)",
            "Rows Removed by Index Recheck": 0,
            "Filter": "((production_year > 1997) AND (kind_id = 7))",
            "Rows Removed by Filter": 1
          }
        ]
      }
    ]
  },
  "Planning Time": 0.456,
  "Triggers": [],
  "Execution Time": 1.531
}