[
  {
    "Plan": {
      "Node Type": "Aggregate",
      "Strategy": "Plain",
      "Partial Mode": "Finalize",
      "Parallel Aware": false,
      "Startup Cost": 96971.43,
      "Total Cost": 96971.44,
      "Plan Rows": 1,
      "Plan Width": 8,
      "Actual Startup Time": 301.199,
      "Actual Total Time": 319.129,
      "Actual Rows": 1,
      "Actual Loops": 1,
      "Plans": [
        {
          "Node Type": "Gather",
          "Parent Relationship": "Outer",
          "Parallel Aware": false,
          "Startup Cost": 96971.21,
          "Total Cost": 96971.42,
          "Plan Rows": 2,
          "Plan Width": 8,
          "Actual Startup Time": 300.481,
          "Actual Total Time": 319.121,
          "Actual Rows": 3,
          "Actual Loops": 1,
          "Workers Planned": 2,
          "Workers Launched": 2,
          "Single Copy": false,
          "Plans": [
            {
              "Node Type": "Aggregate",
              "Strategy": "Plain",
              "Partial Mode": "Partial",
              "Parent Relationship": "Outer",
              "Parallel Aware": false,
              "Startup Cost": 95971.21,
              "Total Cost": 95971.22,
              "Plan Rows": 1,
              "Plan Width": 8,
              "Actual Startup Time": 292.267,
              "Actual Total Time": 292.272,
              "Actual Rows": 1,
              "Actual Loops": 3,
              "Plans": [
                {
                  "Node Type": "Hash Join",
                  "Parent Relationship": "Outer",
                  "Parallel Aware": true,
                  "Join Type": "Inner",
                  "Startup Cost": 80086.58,
                  "Total Cost": 95945.42,
                  "Plan Rows": 10318,
                  "Plan Width": 0,
                  "Actual Startup Time": 279.793,
                  "Actual Total Time": 292.257,
                  "Actual Rows": 92,
                  "Actual Loops": 3,
                  "Inner Unique": false,
                  "Hash Cond": "(mi_idx.movie_id = t.id)",
                  "Plans": [
                    {
                      "Node Type": "Seq Scan",
                      "Parent Relationship": "Outer",
                      "Parallel Aware": true,
                      "Relation Name": "movie_info_idx",
                      "Alias": "mi_idx",
                      "Startup Cost": 0.0,
                      "Total Cost": 15122.68,
                      "Plan Rows": 189429,
                      "Plan Width": 4,
                      "Actual Startup Time": 0.024,
                      "Actual Total Time": 37.326,
                      "Actual Rows": 153308,
                      "Actual Loops": 3,
                      "Filter": "(info_type_id < 100)",
                      "Rows Removed by Filter": 306703
                    },
                    {
                      "Node Type": "Hash",
                      "Parent Relationship": "Inner",
                      "Parallel Aware": true,
                      "Startup Cost": 79656.21,
                      "Total Cost": 79656.21,
                      "Plan Rows": 34429,
                      "Plan Width": 8,
                      "Actual Startup Time": 237.639,
                      "Actual Total Time": 237.642,
                      "Actual Rows": 255,
                      "Actual Loops": 3,
                      "Hash Buckets": 262144,
                      "Original Hash Buckets": 262144,
                      "Hash Batches": 1,
                      "Original Hash Batches": 1,
                      "Peak Memory Usage": 2144,
                      "Plans": [
                        {
                          "Node Type": "Hash Join",
                          "Parent Relationship": "Outer",
                          "Parallel Aware": true,
                          "Join Type": "Inner",
                          "Startup Cost": 32692.78,
                          "Total Cost": 79656.21,
                          "Plan Rows": 34429,
                          "Plan Width": 8,
                          "Actual Startup Time": 217.328,
                          "Actual Total Time": 236.886,
                          "Actual Rows": 255,
                          "Actual Loops": 3,
                          "Inner Unique": false,
                          "Hash Cond": "(t.id = mc.movie_id)",
                          "Plans": [
                            {
                              "Node Type": "Seq Scan",
                              "Parent Relationship": "Outer",
                              "Parallel Aware": true,
                              "Relation Name": "title",
                              "Alias": "t",
                              "Startup Cost": 0.0,
                              "Total Cost": 45479.1,
                              "Plan Rows": 274655,
                              "Plan Width": 4,
                              "Actual Startup Time": 0.009,
                              "Actual Total Time": 104.853,
                              "Actual Rows": 351615,
                              "Actual Loops": 3,
                              "Filter": "((kind_id > 4) AND (production_year < 2009))",
                              "Rows Removed by Filter": 491155
                            },
                            {
                              "Node Type": "Hash",
                              "Parent Relationship": "Inner",
                              "Parallel Aware": true,
                              "Startup Cost": 31414.82,
                              "Total Cost": 31414.82,
                              "Plan Rows": 102237,
                              "Plan Width": 4,
                              "Actual Startup Time": 91.791,
                              "Actual Total Time": 91.792,
                              "Actual Rows": 7208,
                              "Actual Loops": 3,
                              "Hash Buckets": 524288,
                              "Original Hash Buckets": 524288,
                              "Hash Batches": 1,
                              "Original Hash Batches": 1,
                              "Peak Memory Usage": 4992,
                              "Plans": [
                                {
                                  "Node Type": "Seq Scan",
                                  "Parent Relationship": "Outer",
                                  "Parallel Aware": true,
                                  "Relation Name": "movie_companies",
                                  "Alias": "mc",
                                  "Startup Cost": 0.0,
                                  "Total Cost": 31414.82,
                                  "Plan Rows": 102237,
                                  "Plan Width": 4,
                                  "Actual Startup Time": 40.85,
                                  "Actual Total Time": 87.807,
                                  "Actual Rows": 7208,
                                  "Actual Loops": 3,
                                  "Filter": "((company_id > 53326) AND (company_type_id = 1))",
                                  "Rows Removed by Filter": 862501
                                }
                              ]
                            }
                          ]
                        }
                      ]
                    }
                  ]
                }
              ]
            }
          ]
        }
      ]
    },
    "Planning Time": 1.406,
    "Triggers": [],
    "Execution Time": 319.226
  }
]