[
  {
    "Plan": {
      "Node Type": "Aggregate",
      "Strategy": "Plain",
      "Partial Mode": "Finalize",
      "Parallel Aware": false,
      "Startup Cost": 169580.36,
      "Total Cost": 169580.37,
      "Plan Rows": 1,
      "Plan Width": 8,
      "Actual Startup Time": 1306.31,
      "Actual Total Time": 1388.429,
      "Actual Rows": 1,
      "Actual Loops": 1,
      "Plans": [
        {
          "Node Type": "Gather",
          "Parent Relationship": "Outer",
          "Parallel Aware": false,
          "Startup Cost": 169580.04,
          "Total Cost": 169580.35,
          "Plan Rows": 3,
          "Plan Width": 8,
          "Actual Startup Time": 1297.041,
          "Actual Total Time": 1388.413,
          "Actual Rows": 4,
          "Actual Loops": 1,
          "Workers Planned": 3,
          "Workers Launched": 3,
          "Single Copy": false,
          "Plans": [
            {
              "Node Type": "Aggregate",
              "Strategy": "Plain",
              "Partial Mode": "Partial",
              "Parent Relationship": "Outer",
              "Parallel Aware": false,
              "Startup Cost": 168580.04,
              "Total Cost": 168580.05,
              "Plan Rows": 1,
              "Plan Width": 8,
              "Actual Startup Time": 1289.795,
              "Actual Total Time": 1289.799,
              "Actual Rows": 1,
              "Actual Loops": 4,
              "Plans": [
                {
                  "Node Type": "Nested Loop",
                  "Parent Relationship": "Outer",
                  "Parallel Aware": false,
                  "Join Type": "Inner",
                  "Startup Cost": 52858.26,
                  "Total Cost": 167233.96,
                  "Plan Rows": 538431,
                  "Plan Width": 0,
                  "Actual Startup Time": 284.974,
                  "Actual Total Time": 1241.524,
                  "Actual Rows": 844937,
                  "Actual Loops": 4,
                  "Inner Unique": false,
                  "Plans": [
                    {
                      "Node Type": "Hash Join",
                      "Parent Relationship": "Outer",
                      "Parallel Aware": true,
                      "Join Type": "Inner",
                      "Startup Cost": 52857.7,
                      "Total Cost": 72579.1,
                      "Plan Rows": 37554,
                      "Plan Width": 8,
                      "Actual Startup Time": 284.856,
                      "Actual Total Time": 346.418,
                      "Actual Rows": 34546,
                      "Actual Loops": 4,
                      "Inner Unique": true,
                      "Hash Cond": "(mc.movie_id = t.id)",
                      "Plans": [
                        {
                          "Node Type": "Bitmap Heap Scan",
                          "Parent Relationship": "Outer",
                          "Parallel Aware": true,
                          "Relation Name": "movie_companies",
                          "Alias": "mc",
                          "Startup Cost": 4139.89,
                          "Total Cost": 23699.64,
                          "Plan Rows": 61580,
                          "Plan Width": 4,
                          "Actual Startup Time": 16.033,
                          "Actual Total Time": 39.643,
                          "Actual Rows": 46496,
                          "Actual Loops": 4,
                          "Recheck Cond": "(company_id < 47)",
                          "Rows Removed by Index Recheck": 0,
                          "Exact Heap Blocks": 5719,
                          "Lossy Heap Blocks": 0,
                          "Plans": [
                            {
                              "Node Type": "Bitmap Index Scan",
                              "Parent Relationship": "Outer",
                              "Parallel Aware": false,
                              "Index Name": "company_id_movie_companies",
                              "Startup Cost": 0.0,
                              "Total Cost": 4092.16,
                              "Plan Rows": 190898,
                              "Plan Width": 0,
                              "Actual Startup Time": 12.71,
                              "Actual Total Time": 12.71,
                              "Actual Rows": 185985,
                              "Actual Loops": 1,
                              "Index Cond": "(company_id < 47)"
                            }
                          ]
                        },
                        {
                          "Node Type": "Hash",
                          "Parent Relationship": "Inner",
                          "Parallel Aware": true,
                          "Startup Cost": 43899.32,
                          "Total Cost": 43899.32,
                          "Plan Rows": 385479,
                          "Plan Width": 4,
                          "Actual Startup Time": 263.904,
                          "Actual Total Time": 263.905,
                          "Actual Rows": 385816,
                          "Actual Loops": 4,
                          "Hash Buckets": 2097152,
                          "Original Hash Buckets": 2097152,
                          "Hash Batches": 1,
                          "Original Hash Batches": 1,
                          "Peak Memory Usage": 76800,
                          "Plans": [
                            {
                              "Node Type": "Seq Scan",
                              "Parent Relationship": "Outer",
                              "Parallel Aware": true,
                              "Relation Name": "title",
                              "Alias": "t",
                              "Startup Cost": 0.0,
                              "Total Cost": 43899.32,
                              "Plan Rows": 385479,
                              "Plan Width": 4,
                              "Actual Startup Time": 0.044,
                              "Actual Total Time": 112.82,
                              "Actual Rows": 385816,
                              "Actual Loops": 4,
                              "Filter": "(kind_id = 7)",
                              "Rows Removed by Filter": 246262
                            }
                          ]
                        }
                      ]
                    },
                    {
                      "Node Type": "Index Only Scan",
                      "Parent Relationship": "Inner",
                      "Parallel Aware": false,
                      "Scan Direction": "Forward",
                      "Index Name": "movie_id_cast_info",
                      "Relation Name": "cast_info",
                      "Alias": "ci",
                      "Startup Cost": 0.56,
                      "Total Cost": 2.17,
                      "Plan Rows": 35,
                      "Plan Width": 4,
                      "Actual Startup Time": 0.004,
                      "Actual Total Time": 0.024,
                      "Actual Rows": 24,
                      "Actual Loops": 138182,
                      "Index Cond": "(movie_id = t.id)",
                      "Rows Removed by Index Recheck": 0,
                      "Heap Fetches": 3379749
                    }
                  ]
                }
              ]
            }
          ]
        }
      ]
    },
    "Planning Time": 1.094,
    "Triggers": [],
    "Execution Time": 1388.522
  }
]