[
  {
    "Plan": {
      "Node Type": "Aggregate",
      "Strategy": "Plain",
      "Partial Mode": "Finalize",
      "Parallel Aware": false,
      "Startup Cost": 340264.74,
      "Total Cost": 340264.75,
      "Plan Rows": 1,
      "Plan Width": 8,
      "Actual Startup Time": 805.468,
      "Actual Total Time": 834.649,
      "Actual Rows": 1,
      "Actual Loops": 1,
      "Plans": [
        {
          "Node Type": "Gather",
          "Parent Relationship": "Outer",
          "Parallel Aware": false,
          "Startup Cost": 340264.12,
          "Total Cost": 340264.73,
          "Plan Rows": 6,
          "Plan Width": 8,
          "Actual Startup Time": 805.346,
          "Actual Total Time": 834.643,
          "Actual Rows": 7,
          "Actual Loops": 1,
          "Workers Planned": 6,
          "Workers Launched": 6,
          "Single Copy": false,
          "Plans": [
            {
              "Node Type": "Aggregate",
              "Strategy": "Plain",
              "Partial Mode": "Partial",
              "Parent Relationship": "Outer",
              "Parallel Aware": false,
              "Startup Cost": 339264.12,
              "Total Cost": 339264.13,
              "Plan Rows": 1,
              "Plan Width": 8,
              "Actual Startup Time": 798.537,
              "Actual Total Time": 798.538,
              "Actual Rows": 1,
              "Actual Loops": 7,
              "Plans": [
                {
                  "Node Type": "Seq Scan",
                  "Parent Relationship": "Outer",
                  "Parallel Aware": true,
                  "Relation Name": "cast_info",
                  "Alias": "ci",
                  "Startup Cost": 0.0,
                  "Total Cost": 328213.62,
                  "Plan Rows": 4420200,
                  "Plan Width": 0,
                  "Actual Startup Time": 101.167,
                  "Actual Total Time": 612.975,
                  "Actual Rows": 3782954,
                  "Actual Loops": 7,
                  "Filter": "(person_id > 959926)",
                  "Rows Removed by Filter": 1394809
                }
              ]
            }
          ]
        }
      ]
    },
    "Planning Time": 0.075,
    "Triggers": [],
    "Execution Time": 834.677
  }
]