[
    {
        "Bao": {
            "Bao prediction": "NaN",
            "Bao recommended hint": "(no hint)"
        }
    },
    {
        "Plan": {
            "Node Type": "Aggregate",
            "Strategy": "Plain",
            "Partial Mode": "Finalize",
            "Parallel Aware": false,
            "Startup Cost": 33394.27,
            "Total Cost": 33394.28,
            "Plan Rows": 1,
            "Plan Width": 8,
            "Actual Startup Time": 143.696,
            "Actual Total Time": 153.068,
            "Actual Rows": 1,
            "Actual Loops": 1,
            "Output": [
                "count(*)"
            ],
            "Plans": [
                {
                    "Node Type": "Gather",
                    "Parent Relationship": "Outer",
                    "Parallel Aware": false,
                    "Startup Cost": 33393.95,
                    "Total Cost": 33394.26,
                    "Plan Rows": 3,
                    "Plan Width": 8,
                    "Actual Startup Time": 143.567,
                    "Actual Total Time": 153.058,
                    "Actual Rows": 4,
                    "Actual Loops": 1,
                    "Output": [
                        "(PARTIAL count(*))"
                    ],
                    "Workers Planned": 3,
                    "Workers Launched": 3,
                    "Single Copy": false,
                    "Plans": [
                        {
                            "Node Type": "Aggregate",
                            "Strategy": "Plain",
                            "Partial Mode": "Partial",
                            "Parent Relationship": "Outer",
                            "Parallel Aware": false,
                            "Startup Cost": 32393.95,
                            "Total Cost": 32393.96,
                            "Plan Rows": 1,
                            "Plan Width": 8,
                            "Actual Startup Time": 134.783,
                            "Actual Total Time": 134.784,
                            "Actual Rows": 1,
                            "Actual Loops": 4,
                            "Output": [
                                "PARTIAL count(*)"
                            ],
                            "Workers": [
                                {
                                    "Worker Number": 0,
                                    "Actual Startup Time": 131.331,
                                    "Actual Total Time": 131.332,
                                    "Actual Rows": 1,
                                    "Actual Loops": 1
                                },
                                {
                                    "Worker Number": 1,
                                    "Actual Startup Time": 132.311,
                                    "Actual Total Time": 132.312,
                                    "Actual Rows": 1,
                                    "Actual Loops": 1
                                },
                                {
                                    "Worker Number": 2,
                                    "Actual Startup Time": 132.431,
                                    "Actual Total Time": 132.432,
                                    "Actual Rows": 1,
                                    "Actual Loops": 1
                                }
                            ],
                            "Plans": [
                                {
                                    "Node Type": "Seq Scan",
                                    "Parent Relationship": "Outer",
                                    "Parallel Aware": true,
                                    "Relation Name": "movie_companies",
                                    "Schema": "public",
                                    "Alias": "mc",
                                    "Startup Cost": 0.0,
                                    "Total Cost": 31414.82,
                                    "Plan Rows": 391654,
                                    "Plan Width": 0,
                                    "Actual Startup Time": 56.444,
                                    "Actual Total Time": 115.633,
                                    "Actual Rows": 275845,
                                    "Actual Loops": 4,
                                    "Output": [
                                        "id",
                                        "movie_id",
                                        "company_id",
                                        "company_type_id",
                                        "note"
                                    ],
                                    "Filter": "((mc.company_id < 105055) AND (mc.company_type_id = 2))",
                                    "Rows Removed by Filter": 376438,
                                    "Workers": [
                                        {
                                            "Worker Number": 0,
                                            "Actual Startup Time": 52.994,
                                            "Actual Total Time": 113.486,
                                            "Actual Rows": 269561,
                                            "Actual Loops": 1
                                        },
                                        {
                                            "Worker Number": 1,
                                            "Actual Startup Time": 53.967,
                                            "Actual Total Time": 113.808,
                                            "Actual Rows": 280756,
                                            "Actual Loops": 1
                                        },
                                        {
                                            "Worker Number": 2,
                                            "Actual Startup Time": 54.106,
                                            "Actual Total Time": 114.152,
                                            "Actual Rows": 278929,
                                            "Actual Loops": 1
                                        }
                                    ]
                                }
                            ]
                        }
                    ]
                }
            ]
        },
        "Planning Time": 302.325,
        "Triggers": [],
        "Execution Time": 153.165
    }
]