[
  {
    "Plan": {
      "Node Type": "Aggregate",
      "Strategy": "Plain",
      "Partial Mode": "Finalize",
      "Parallel Aware": false,
      "Startup Cost": 430603.53,
      "Total Cost": 430603.54,
      "Plan Rows": 1,
      "Plan Width": 8,
      "Actual Startup Time": 2941.973,
      "Actual Total Time": 3036.88,
      "Actual Rows": 1,
      "Actual Loops": 1,
      "Plans": [
        {
          "Node Type": "Gather",
          "Parent Relationship": "Outer",
          "Parallel Aware": false,
          "Startup Cost": 430603.11,
          "Total Cost": 430603.52,
          "Plan Rows": 4,
          "Plan Width": 8,
          "Actual Startup Time": 2939.629,
          "Actual Total Time": 3036.87,
          "Actual Rows": 5,
          "Actual Loops": 1,
          "Workers Planned": 4,
          "Workers Launched": 4,
          "Single Copy": false,
          "Plans": [
            {
              "Node Type": "Aggregate",
              "Strategy": "Plain",
              "Partial Mode": "Partial",
              "Parent Relationship": "Outer",
              "Parallel Aware": false,
              "Startup Cost": 429603.11,
              "Total Cost": 429603.12,
              "Plan Rows": 1,
              "Plan Width": 8,
              "Actual Startup Time": 2929.291,
              "Actual Total Time": 2929.295,
              "Actual Rows": 1,
              "Actual Loops": 5,
              "Plans": [
                {
                  "Node Type": "Nested Loop",
                  "Parent Relationship": "Outer",
                  "Parallel Aware": false,
                  "Join Type": "Inner",
                  "Startup Cost": 33904.05,
                  "Total Cost": 425983.28,
                  "Plan Rows": 1447930,
                  "Plan Width": 0,
                  "Actual Startup Time": 107.59,
                  "Actual Total Time": 2867.08,
                  "Actual Rows": 1398897,
                  "Actual Loops": 5,
                  "Inner Unique": false,
                  "Plans": [
                    {
                      "Node Type": "Hash Join",
                      "Parent Relationship": "Outer",
                      "Parallel Aware": true,
                      "Join Type": "Inner",
                      "Startup Cost": 33903.48,
                      "Total Cost": 79880.31,
                      "Plan Rows": 154297,
                      "Plan Width": 8,
                      "Actual Startup Time": 107.372,
                      "Actual Total Time": 363.598,
                      "Actual Rows": 79859,
                      "Actual Loops": 5,
                      "Inner Unique": false,
                      "Hash Cond": "(t.id = mc.movie_id)",
                      "Plans": [
                        {
                          "Node Type": "Seq Scan",
                          "Parent Relationship": "Outer",
                          "Parallel Aware": true,
                          "Relation Name": "title",
                          "Alias": "t",
                          "Startup Cost": 0.0,
                          "Total Cost": 42318.73,
                          "Plan Rows": 632073,
                          "Plan Width": 4,
                          "Actual Startup Time": 0.01,
                          "Actual Total Time": 63.605,
                          "Actual Rows": 505662,
                          "Actual Loops": 5
                        },
                        {
                          "Node Type": "Hash",
                          "Parent Relationship": "Inner",
                          "Parallel Aware": true,
                          "Startup Cost": 31414.82,
                          "Total Cost": 31414.82,
                          "Plan Rows": 199093,
                          "Plan Width": 4,
                          "Actual Startup Time": 103.289,
                          "Actual Total Time": 103.29,
                          "Actual Rows": 79859,
                          "Actual Loops": 5,
                          "Hash Buckets": 1048576,
                          "Original Hash Buckets": 1048576,
                          "Hash Batches": 1,
                          "Original Hash Batches": 1,
                          "Peak Memory Usage": 23840,
                          "Plans": [
                            {
                              "Node Type": "Seq Scan",
                              "Parent Relationship": "Outer",
                              "Parallel Aware": true,
                              "Relation Name": "movie_companies",
                              "Alias": "mc",
                              "Startup Cost": 0.0,
                              "Total Cost": 31414.82,
                              "Plan Rows": 199093,
                              "Plan Width": 4,
                              "Actual Startup Time": 44.873,
                              "Actual Total Time": 71.761,
                              "Actual Rows": 79859,
                              "Actual Loops": 5,
                              "Filter": "((company_id < 11137) AND (company_type_id = 2))",
                              "Rows Removed by Filter": 441967
                            }
                          ]
                        }
                      ]
                    },
                    {
                      "Node Type": "Index Scan",
                      "Parent Relationship": "Inner",
                      "Parallel Aware": false,
                      "Scan Direction": "Forward",
                      "Index Name": "movie_id_cast_info",
                      "Relation Name": "cast_info",
                      "Alias": "ci",
                      "Startup Cost": 0.56,
                      "Total Cost": 2.0,
                      "Plan Rows": 24,
                      "Plan Width": 4,
                      "Actual Startup Time": 0.014,
                      "Actual Total Time": 0.03,
                      "Actual Rows": 18,
                      "Actual Loops": 399296,
                      "Index Cond": "(movie_id = t.id)",
                      "Rows Removed by Index Recheck": 0,
                      "Filter": "((person_id > 4859) AND (role_id > 1))",
                      "Rows Removed by Filter": 9
                    }
                  ]
                }
              ]
            }
          ]
        }
      ]
    },
    "Planning Time": 1.514,
    "Triggers": [],
    "Execution Time": 3037.031
  }
]