[
  {
    "Plan": {
      "Node Type": "Aggregate",
      "Strategy": "Plain",
      "Partial Mode": "Finalize",
      "Parallel Aware": false,
      "Startup Cost": 350215.05,
      "Total Cost": 350215.06,
      "Plan Rows": 1,
      "Plan Width": 8,
      "Actual Startup Time": 724.037,
      "Actual Total Time": 769.605,
      "Actual Rows": 1,
      "Actual Loops": 1,
      "Plans": [
        {
          "Node Type": "Gather",
          "Parent Relationship": "Outer",
          "Parallel Aware": false,
          "Startup Cost": 350214.42,
          "Total Cost": 350215.03,
          "Plan Rows": 6,
          "Plan Width": 8,
          "Actual Startup Time": 723.825,
          "Actual Total Time": 769.595,
          "Actual Rows": 7,
          "Actual Loops": 1,
          "Workers Planned": 6,
          "Workers Launched": 6,
          "Single Copy": false,
          "Plans": [
            {
              "Node Type": "Aggregate",
              "Strategy": "Plain",
              "Partial Mode": "Partial",
              "Parent Relationship": "Outer",
              "Parallel Aware": false,
              "Startup Cost": 349214.42,
              "Total Cost": 349214.43,
              "Plan Rows": 1,
              "Plan Width": 8,
              "Actual Startup Time": 716.637,
              "Actual Total Time": 716.638,
              "Actual Rows": 1,
              "Actual Loops": 7,
              "Plans": [
                {
                  "Node Type": "Seq Scan",
                  "Parent Relationship": "Outer",
                  "Parallel Aware": true,
                  "Relation Name": "cast_info",
                  "Alias": "ci",
                  "Startup Cost": 0.0,
                  "Total Cost": 343316.27,
                  "Plan Rows": 2359260,
                  "Plan Width": 0,
                  "Actual Startup Time": 333.024,
                  "Actual Total Time": 635.515,
                  "Actual Rows": 1703974,
                  "Actual Loops": 7,
                  "Filter": "((person_id < 3290182) AND (role_id > 2))",
                  "Rows Removed by Filter": 3473789
                }
              ]
            }
          ]
        }
      ]
    },
    "Planning Time": 0.09,
    "Triggers": [],
    "Execution Time": 769.649
  }
]