{
  "Plan": {
    "Node Type": "Aggregate",
    "Strategy": "Plain",
    "Partial Mode": "Finalize",
    "Parallel Aware": false,
    "Startup Cost": 230886.8,
    "Total Cost": 230886.81,
    "Plan Rows": 1,
    "Plan Width": 8,
    "Actual Startup Time": 2846.138,
    "Actual Total Time": 2910.88,
    "Actual Rows": 1,
    "Actual Loops": 1,
    "Plans": [
      {
        "Node Type": "Gather",
        "Parent Relationship": "Outer",
        "Parallel Aware": false,
        "Startup Cost": 230886.68,
        "Total Cost": 230886.79,
        "Plan Rows": 1,
        "Plan Width": 8,
        "Actual Startup Time": 2839.637,
        "Actual Total Time": 2910.869,
        "Actual Rows": 2,
        "Actual Loops": 1,
        "Workers Planned": 1,
        "Workers Launched": 1,
        "Single Copy": false,
        "Plans": [
          {
            "Node Type": "Aggregate",
            "Strategy": "Plain",
            "Partial Mode": "Partial",
            "Parent Relationship": "Outer",
            "Parallel Aware": false,
            "Startup Cost": 229886.68,
            "Total Cost": 229886.69,
            "Plan Rows": 1,
            "Plan Width": 8,
            "Actual Startup Time": 2832.369,
            "Actual Total Time": 2832.373,
            "Actual Rows": 1,
            "Actual Loops": 2,
            "Plans": [
              {
                "Node Type": "Nested Loop",
                "Parent Relationship": "Outer",
                "Parallel Aware": false,
                "Join Type": "Inner",
                "Startup Cost": 71698.69,
                "Total Cost": 228590.31,
                "Plan Rows": 518550,
                "Plan Width": 0,
                "Actual Startup Time": 609.618,
                "Actual Total Time": 2747.286,
                "Actual Rows": 1748704,
                "Actual Loops": 2,
                "Inner Unique": false,
                "Plans": [
                  {
                    "Node Type": "Hash Join",
                    "Parent Relationship": "Outer",
                    "Parallel Aware": true,
                    "Join Type": "Inner",
                    "Startup Cost": 71698.12,
                    "Total Cost": 97090.03,
                    "Plan Rows": 62011,
                    "Plan Width": 8,
                    "Actual Startup Time": 609.524,
                    "Actual Total Time": 671.969,
                    "Actual Rows": 52163,
                    "Actual Loops": 2,
                    "Inner Unique": true,
                    "Hash Cond": "(mk.movie_id = t.id)",
                    "Plans": [
                      {
                        "Node Type": "Bitmap Heap Scan",
                        "Parent Relationship": "Outer",
                        "Parallel Aware": true,
                        "Relation Name": "movie_keyword",
                        "Alias": "mk",
                        "Startup Cost": 2237.42,
                        "Total Cost": 27466.55,
                        "Plan Rows": 62011,
                        "Plan Width": 4,
                        "Actual Startup Time": 11.155,
                        "Actual Total Time": 44.631,
                        "Actual Rows": 52163,
                        "Actual Loops": 2,
                        "Recheck Cond": "(keyword_id > 81272)",
                        "Rows Removed by Index Recheck": 0,
                        "Exact Heap Blocks": 10250,
                        "Lossy Heap Blocks": 0,
                        "Plans": [
                          {
                            "Node Type": "Bitmap Index Scan",
                            "Parent Relationship": "Outer",
                            "Parallel Aware": false,
                            "Index Name": "keyword_id_movie_keyword",
                            "Startup Cost": 0.0,
                            "Total Cost": 2211.07,
                            "Plan Rows": 105418,
                            "Plan Width": 0,
                            "Actual Startup Time": 8.532,
                            "Actual Total Time": 8.532,
                            "Actual Rows": 104326,
                            "Actual Loops": 1,
                            "Index Cond": "(keyword_id > 81272)"
                          }
                        ]
                      },
                      {
                        "Node Type": "Hash",
                        "Parent Relationship": "Inner",
                        "Parallel Aware": true,
                        "Startup Cost": 50870.31,
                        "Total Cost": 50870.31,
                        "Plan Rows": 1487231,
                        "Plan Width": 4,
                        "Actual Startup Time": 583.335,
                        "Actual Total Time": 583.335,
                        "Actual Rows": 1264156,
                        "Actual Loops": 2,
                        "Hash Buckets": 4194304,
                        "Original Hash Buckets": 4194304,
                        "Hash Batches": 1,
                        "Original Hash Batches": 1,
                        "Peak Memory Usage": 131680,
                        "Plans": [
                          {
                            "Node Type": "Seq Scan",
                            "Parent Relationship": "Outer",
                            "Parallel Aware": true,
                            "Relation Name": "title",
                            "Alias": "t",
                            "Startup Cost": 0.0,
                            "Total Cost": 50870.31,
                            "Plan Rows": 1487231,
                            "Plan Width": 4,
                            "Actual Startup Time": 0.024,
                            "Actual Total Time": 184.704,
                            "Actual Rows": 1264156,
                            "Actual Loops": 2
                          }
                        ]
                      }
                    ]
                  },
                  {
                    "Node Type": "Index Scan",
                    "Parent Relationship": "Inner",
                    "Parallel Aware": false,
                    "Scan Direction": "Forward",
                    "Index Name": "movie_id_cast_info",
                    "Relation Name": "cast_info",
                    "Alias": "ci",
                    "Startup Cost": 0.56,
                    "Total Cost": 1.91,
                    "Plan Rows": 21,
                    "Plan Width": 4,
                    "Actual Startup Time": 0.005,
                    "Actual Total Time": 0.037,
                    "Actual Rows": 34,
                    "Actual Loops": 104326,
                    "Index Cond": "(movie_id = t.id)",
                    "Rows Removed by Index Recheck": 0,
                    "Filter": "(person_id < 2142600)",
                    "Rows Removed by Filter": 24
                  }
                ]
              }
            ]
          }
        ]
      }
    ]
  },
  "Planning Time": 0.386,
  "Triggers": [],
  "Execution Time": 2910.944
}