{
    "Plan": {
        "Node Type": "Aggregate",
        "Strategy": "Plain",
        "Partial Mode": "Simple",
        "Parallel Aware": false,
        "Startup Cost": 80007577277.38,
        "Total Cost": 80007577277.39,
        "Plan Rows": 1,
        "Plan Width": 64,
        "Actual Startup Time": 10155.364,
        "Actual Total Time": 10155.377,
        "Actual Rows": 1,
        "Actual Loops": 1,
        "Output": [
            "min(mi_idx.info)",
            "min(t.title)"
        ],
        "Plans": [
            {
                "Node Type": "Nested Loop",
                "Parent Relationship": "Outer",
                "Parallel Aware": false,
                "Join Type": "Inner",
                "Startup Cost": 80000000003.09,
                "Total Cost": 80007577277.37,
                "Plan Rows": 1,
                "Plan Width": 22,
                "Actual Startup Time": 2760.385,
                "Actual Total Time": 10155.353,
                "Actual Rows": 16,
                "Actual Loops": 1,
                "Output": [
                    "mi_idx.info",
                    "t.title"
                ],
                "Inner Unique": true,
                "Plans": [
                    {
                        "Node Type": "Nested Loop",
                        "Parent Relationship": "Outer",
                        "Parallel Aware": false,
                        "Join Type": "Inner",
                        "Startup Cost": 70000000002.94,
                        "Total Cost": 70007577269.19,
                        "Plan Rows": 1,
                        "Plan Width": 26,
                        "Actual Startup Time": 1975.458,
                        "Actual Total Time": 10155.257,
                        "Actual Rows": 18,
                        "Actual Loops": 1,
                        "Output": [
                            "mi_idx.info",
                            "mi.info_type_id",
                            "t.title"
                        ],
                        "Inner Unique": true,
                        "Plans": [
                            {
                                "Node Type": "Nested Loop",
                                "Parent Relationship": "Outer",
                                "Parallel Aware": false,
                                "Join Type": "Inner",
                                "Startup Cost": 60000000002.51,
                                "Total Cost": 60007490954.42,
                                "Plan Rows": 19415,
                                "Plan Width": 30,
                                "Actual Startup Time": 918.849,
                                "Actual Total Time": 9972.627,
                                "Actual Rows": 40258,
                                "Actual Loops": 1,
                                "Output": [
                                    "mi_idx.info",
                                    "mi.info_type_id",
                                    "mk.keyword_id",
                                    "t.title"
                                ],
                                "Inner Unique": false,
                                "Plans": [
                                    {
                                        "Node Type": "Nested Loop",
                                        "Parent Relationship": "Outer",
                                        "Parallel Aware": false,
                                        "Join Type": "Inner",
                                        "Startup Cost": 50000000001.67,
                                        "Total Cost": 50007481500.97,
                                        "Plan Rows": 1611,
                                        "Plan Width": 38,
                                        "Actual Startup Time": 918.782,
                                        "Actual Total Time": 9894.23,
                                        "Actual Rows": 13204,
                                        "Actual Loops": 1,
                                        "Output": [
                                            "mi_idx.info",
                                            "mi_idx.movie_id",
                                            "mi.movie_id",
                                            "mi.info_type_id",
                                            "t.title",
                                            "t.id"
                                        ],
                                        "Inner Unique": true,
                                        "Plans": [
                                            {
                                                "Node Type": "Nested Loop",
                                                "Parent Relationship": "Outer",
                                                "Parallel Aware": false,
                                                "Join Type": "Inner",
                                                "Startup Cost": 40000000001.52,
                                                "Total Cost": 40007335193.19,
                                                "Plan Rows": 35125,
                                                "Plan Width": 42,
                                                "Actual Startup Time": 918.733,
                                                "Actual Total Time": 9727.935,
                                                "Actual Rows": 49129,
                                                "Actual Loops": 1,
                                                "Output": [
                                                    "t.title",
                                                    "t.id",
                                                    "mi.movie_id",
                                                    "mi.info_type_id",
                                                    "mi_idx.info",
                                                    "mi_idx.movie_id",
                                                    "mi_idx.info_type_id"
                                                ],
                                                "Inner Unique": false,
                                                "Plans": [
                                                    {
                                                        "Node Type": "Nested Loop",
                                                        "Parent Relationship": "Outer",
                                                        "Parallel Aware": false,
                                                        "Join Type": "Inner",
                                                        "Startup Cost": 30000000001.06,
                                                        "Total Cost": 30006964714.46,
                                                        "Plan Rows": 81811,
                                                        "Plan Width": 29,
                                                        "Actual Startup Time": 918.637,
                                                        "Actual Total Time": 9512.783,
                                                        "Actual Rows": 45070,
                                                        "Actual Loops": 1,
                                                        "Output": [
                                                            "t.title",
                                                            "t.id",
                                                            "mi.movie_id",
                                                            "mi.info_type_id"
                                                        ],
                                                        "Inner Unique": true,
                                                        "Plans": [
                                                            {
                                                                "Node Type": "Nested Loop",
                                                                "Parent Relationship": "Outer",
                                                                "Parallel Aware": false,
                                                                "Join Type": "Inner",
                                                                "Startup Cost": 20000000000.92,
                                                                "Total Cost": 20004584273.71,
                                                                "Plan Rows": 572678,
                                                                "Plan Width": 33,
                                                                "Actual Startup Time": 918.614,
                                                                "Actual Total Time": 7635.519,
                                                                "Actual Rows": 572347,
                                                                "Actual Loops": 1,
                                                                "Output": [
                                                                    "mi.movie_id",
                                                                    "mi.info_type_id",
                                                                    "t.title",
                                                                    "t.kind_id",
                                                                    "t.id"
                                                                ],
                                                                "Inner Unique": true,
                                                                "Plans": [
                                                                    {
                                                                        "Node Type": "Index Scan",
                                                                        "Parent Relationship": "Outer",
                                                                        "Parallel Aware": false,
                                                                        "Scan Direction": "Forward",
                                                                        "Index Name": "info_type_id_movie_info",
                                                                        "Relation Name": "movie_info",
                                                                        "Schema": "public",
                                                                        "Alias": "mi",
                                                                        "Startup Cost": 10000000000.43,
                                                                        "Total Cost": 10001197870.12,
                                                                        "Plan Rows": 752432,
                                                                        "Plan Width": 8,
                                                                        "Actual Startup Time": 918.542,
                                                                        "Actual Total Time": 4167.675,
                                                                        "Actual Rows": 781027,
                                                                        "Actual Loops": 1,
                                                                        "Output": [
                                                                            "mi.id",
                                                                            "mi.movie_id",
                                                                            "mi.info_type_id",
                                                                            "mi.info",
                                                                            "mi.note"
                                                                        ],
                                                                        "Filter": "(mi.info = ANY ('{Swedish,American,Danish,USA,America,Norwegian,German,Denmark,Norway,UK}'::text[]))",
                                                                        "Rows Removed by Filter": 14054693
                                                                    },
                                                                    {
                                                                        "Node Type": "Bitmap Heap Scan",
                                                                        "Parent Relationship": "Inner",
                                                                        "Parallel Aware": false,
                                                                        "Relation Name": "title",
                                                                        "Schema": "public",
                                                                        "Alias": "t",
                                                                        "Startup Cost": 0.49,
                                                                        "Total Cost": 4.5,
                                                                        "Plan Rows": 1,
                                                                        "Plan Width": 25,
                                                                        "Actual Startup Time": 0.003,
                                                                        "Actual Total Time": 0.003,
                                                                        "Actual Rows": 1,
                                                                        "Actual Loops": 781027,
                                                                        "Output": [
                                                                            "t.id",
                                                                            "t.title",
                                                                            "t.imdb_index",
                                                                            "t.kind_id",
                                                                            "t.production_year",
                                                                            "t.imdb_id",
                                                                            "t.phonetic_code",
                                                                            "t.episode_of_id",
                                                                            "t.season_nr",
                                                                            "t.episode_nr",
                                                                            "t.series_years",
                                                                            "t.md5sum"
                                                                        ],
                                                                        "Recheck Cond": "(t.id = mi.movie_id)",
                                                                        "Rows Removed by Index Recheck": 0,
                                                                        "Filter": "(t.production_year > 1980)",
                                                                        "Rows Removed by Filter": 0,
                                                                        "Exact Heap Blocks": 781027,
                                                                        "Lossy Heap Blocks": 0,
                                                                        "Plans": [
                                                                            {
                                                                                "Node Type": "Bitmap Index Scan",
                                                                                "Parent Relationship": "Outer",
                                                                                "Parallel Aware": false,
                                                                                "Index Name": "title_pkey",
                                                                                "Startup Cost": 0.0,
                                                                                "Total Cost": 0.49,
                                                                                "Plan Rows": 1,
                                                                                "Plan Width": 0,
                                                                                "Actual Startup Time": 0.002,
                                                                                "Actual Total Time": 0.002,
                                                                                "Actual Rows": 1,
                                                                                "Actual Loops": 781027,
                                                                                "Index Cond": "(t.id = mi.movie_id)"
                                                                            }
                                                                        ]
                                                                    }
                                                                ]
                                                            },
                                                            {
                                                                "Node Type": "Bitmap Heap Scan",
                                                                "Parent Relationship": "Inner",
                                                                "Parallel Aware": false,
                                                                "Relation Name": "kind_type",
                                                                "Schema": "public",
                                                                "Alias": "kt",
                                                                "Startup Cost": 0.14,
                                                                "Total Cost": 4.16,
                                                                "Plan Rows": 1,
                                                                "Plan Width": 4,
                                                                "Actual Startup Time": 0.002,
                                                                "Actual Total Time": 0.002,
                                                                "Actual Rows": 0,
                                                                "Actual Loops": 572347,
                                                                "Output": [
                                                                    "kt.id",
                                                                    "kt.kind"
                                                                ],
                                                                "Recheck Cond": "(kt.id = t.kind_id)",
                                                                "Rows Removed by Index Recheck": 0,
                                                                "Filter": "((kt.kind)::text = 'tv series'::text)",
                                                                "Rows Removed by Filter": 1,
                                                                "Exact Heap Blocks": 572347,
                                                                "Lossy Heap Blocks": 0,
                                                                "Plans": [
                                                                    {
                                                                        "Node Type": "Bitmap Index Scan",
                                                                        "Parent Relationship": "Outer",
                                                                        "Parallel Aware": false,
                                                                        "Index Name": "kind_type_pkey",
                                                                        "Startup Cost": 0.0,
                                                                        "Total Cost": 0.14,
                                                                        "Plan Rows": 1,
                                                                        "Plan Width": 0,
                                                                        "Actual Startup Time": 0.001,
                                                                        "Actual Total Time": 0.001,
                                                                        "Actual Rows": 1,
                                                                        "Actual Loops": 572347,
                                                                        "Index Cond": "(kt.id = t.kind_id)"
                                                                    }
                                                                ]
                                                            }
                                                        ]
                                                    },
                                                    {
                                                        "Node Type": "Bitmap Heap Scan",
                                                        "Parent Relationship": "Inner",
                                                        "Parallel Aware": false,
                                                        "Relation Name": "movie_info_idx",
                                                        "Schema": "public",
                                                        "Alias": "mi_idx",
                                                        "Startup Cost": 0.46,
                                                        "Total Cost": 4.51,
                                                        "Plan Rows": 2,
                                                        "Plan Width": 13,
                                                        "Actual Startup Time": 0.003,
                                                        "Actual Total Time": 0.003,
                                                        "Actual Rows": 1,
                                                        "Actual Loops": 45070,
                                                        "Output": [
                                                            "mi_idx.id",
                                                            "mi_idx.movie_id",
                                                            "mi_idx.info_type_id",
                                                            "mi_idx.info",
                                                            "mi_idx.note"
                                                        ],
                                                        "Recheck Cond": "(mi_idx.movie_id = t.id)",
                                                        "Rows Removed by Index Recheck": 0,
                                                        "Filter": "(mi_idx.info < '6.7'::text)",
                                                        "Rows Removed by Filter": 0,
                                                        "Exact Heap Blocks": 20583,
                                                        "Lossy Heap Blocks": 0,
                                                        "Plans": [
                                                            {
                                                                "Node Type": "Bitmap Index Scan",
                                                                "Parent Relationship": "Outer",
                                                                "Parallel Aware": false,
                                                                "Index Name": "movie_id_movie_info_idx",
                                                                "Startup Cost": 0.0,
                                                                "Total Cost": 0.46,
                                                                "Plan Rows": 3,
                                                                "Plan Width": 0,
                                                                "Actual Startup Time": 0.002,
                                                                "Actual Total Time": 0.002,
                                                                "Actual Rows": 1,
                                                                "Actual Loops": 45070,
                                                                "Index Cond": "(mi_idx.movie_id = t.id)"
                                                            }
                                                        ]
                                                    }
                                                ]
                                            },
                                            {
                                                "Node Type": "Bitmap Heap Scan",
                                                "Parent Relationship": "Inner",
                                                "Parallel Aware": false,
                                                "Relation Name": "info_type",
                                                "Schema": "public",
                                                "Alias": "it2",
                                                "Startup Cost": 0.15,
                                                "Total Cost": 4.17,
                                                "Plan Rows": 1,
                                                "Plan Width": 4,
                                                "Actual Startup Time": 0.002,
                                                "Actual Total Time": 0.002,
                                                "Actual Rows": 0,
                                                "Actual Loops": 49129,
                                                "Output": [
                                                    "it2.id",
                                                    "it2.info"
                                                ],
                                                "Recheck Cond": "(it2.id = mi_idx.info_type_id)",
                                                "Rows Removed by Index Recheck": 0,
                                                "Filter": "((it2.info)::text = 'rating'::text)",
                                                "Rows Removed by Filter": 1,
                                                "Exact Heap Blocks": 49129,
                                                "Lossy Heap Blocks": 0,
                                                "Plans": [
                                                    {
                                                        "Node Type": "Bitmap Index Scan",
                                                        "Parent Relationship": "Outer",
                                                        "Parallel Aware": false,
                                                        "Index Name": "info_type_pkey",
                                                        "Startup Cost": 0.0,
                                                        "Total Cost": 0.15,
                                                        "Plan Rows": 1,
                                                        "Plan Width": 0,
                                                        "Actual Startup Time": 0.001,
                                                        "Actual Total Time": 0.001,
                                                        "Actual Rows": 1,
                                                        "Actual Loops": 49129,
                                                        "Index Cond": "(it2.id = mi_idx.info_type_id)"
                                                    }
                                                ]
                                            }
                                        ]
                                    },
                                    {
                                        "Node Type": "Bitmap Heap Scan",
                                        "Parent Relationship": "Inner",
                                        "Parallel Aware": false,
                                        "Relation Name": "movie_keyword",
                                        "Schema": "public",
                                        "Alias": "mk",
                                        "Startup Cost": 0.83,
                                        "Total Cost": 5.41,
                                        "Plan Rows": 46,
                                        "Plan Width": 8,
                                        "Actual Startup Time": 0.004,
                                        "Actual Total Time": 0.004,
                                        "Actual Rows": 3,
                                        "Actual Loops": 13204,
                                        "Output": [
                                            "mk.id",
                                            "mk.movie_id",
                                            "mk.keyword_id"
                                        ],
                                        "Recheck Cond": "(mk.movie_id = t.id)",
                                        "Rows Removed by Index Recheck": 0,
                                        "Exact Heap Blocks": 7216,
                                        "Lossy Heap Blocks": 0,
                                        "Plans": [
                                            {
                                                "Node Type": "Bitmap Index Scan",
                                                "Parent Relationship": "Outer",
                                                "Parallel Aware": false,
                                                "Index Name": "movie_id_movie_keyword",
                                                "Startup Cost": 0.0,
                                                "Total Cost": 0.82,
                                                "Plan Rows": 46,
                                                "Plan Width": 0,
                                                "Actual Startup Time": 0.003,
                                                "Actual Total Time": 0.003,
                                                "Actual Rows": 3,
                                                "Actual Loops": 13204,
                                                "Index Cond": "(mk.movie_id = t.id)"
                                            }
                                        ]
                                    }
                                ]
                            },
                            {
                                "Node Type": "Bitmap Heap Scan",
                                "Parent Relationship": "Inner",
                                "Parallel Aware": false,
                                "Relation Name": "keyword",
                                "Schema": "public",
                                "Alias": "k",
                                "Startup Cost": 0.43,
                                "Total Cost": 4.45,
                                "Plan Rows": 1,
                                "Plan Width": 4,
                                "Actual Startup Time": 0.003,
                                "Actual Total Time": 0.003,
                                "Actual Rows": 0,
                                "Actual Loops": 40258,
                                "Output": [
                                    "k.id",
                                    "k.keyword",
                                    "k.phonetic_code"
                                ],
                                "Recheck Cond": "(k.id = mk.keyword_id)",
                                "Rows Removed by Index Recheck": 0,
                                "Filter": "(k.keyword = ANY ('{laser,magnet,marvel-comics,escape}'::text[]))",
                                "Rows Removed by Filter": 1,
                                "Exact Heap Blocks": 40258,
                                "Lossy Heap Blocks": 0,
                                "Plans": [
                                    {
                                        "Node Type": "Bitmap Index Scan",
                                        "Parent Relationship": "Outer",
                                        "Parallel Aware": false,
                                        "Index Name": "keyword_pkey",
                                        "Startup Cost": 0.0,
                                        "Total Cost": 0.43,
                                        "Plan Rows": 1,
                                        "Plan Width": 0,
                                        "Actual Startup Time": 0.002,
                                        "Actual Total Time": 0.002,
                                        "Actual Rows": 1,
                                        "Actual Loops": 40258,
                                        "Index Cond": "(k.id = mk.keyword_id)"
                                    }
                                ]
                            }
                        ]
                    },
                    {
                        "Node Type": "Bitmap Heap Scan",
                        "Parent Relationship": "Inner",
                        "Parallel Aware": false,
                        "Relation Name": "info_type",
                        "Schema": "public",
                        "Alias": "it1",
                        "Startup Cost": 0.15,
                        "Total Cost": 4.17,
                        "Plan Rows": 1,
                        "Plan Width": 4,
                        "Actual Startup Time": 0.003,
                        "Actual Total Time": 0.003,
                        "Actual Rows": 1,
                        "Actual Loops": 18,
                        "Output": [
                            "it1.id",
                            "it1.info"
                        ],
                        "Recheck Cond": "(it1.id = mi.info_type_id)",
                        "Rows Removed by Index Recheck": 0,
                        "Filter": "((it1.info)::text = 'countries'::text)",
                        "Rows Removed by Filter": 0,
                        "Exact Heap Blocks": 18,
                        "Lossy Heap Blocks": 0,
                        "Plans": [
                            {
                                "Node Type": "Bitmap Index Scan",
                                "Parent Relationship": "Outer",
                                "Parallel Aware": false,
                                "Index Name": "info_type_pkey",
                                "Startup Cost": 0.0,
                                "Total Cost": 0.15,
                                "Plan Rows": 1,
                                "Plan Width": 0,
                                "Actual Startup Time": 0.001,
                                "Actual Total Time": 0.001,
                                "Actual Rows": 1,
                                "Actual Loops": 18,
                                "Index Cond": "(it1.id = mi.info_type_id)"
                            }
                        ]
                    }
                ]
            }
        ]
    },
    "Planning Time": 12.004,
    "Triggers": [],
    "Execution Time": 10156.15
}