[
    {
        "Bao": {
            "Bao prediction": "NaN",
            "Bao recommended hint": "(no hint)"
        }
    },
    {
        "Plan": {
            "Node Type": "Aggregate",
            "Strategy": "Plain",
            "Partial Mode": "Finalize",
            "Parallel Aware": false,
            "Startup Cost": 40269.57,
            "Total Cost": 40269.58,
            "Plan Rows": 1,
            "Plan Width": 8,
            "Actual Startup Time": 167.391,
            "Actual Total Time": 174.527,
            "Actual Rows": 1,
            "Actual Loops": 1,
            "Output": [
                "count(*)"
            ],
            "Plans": [
                {
                    "Node Type": "Gather",
                    "Parent Relationship": "Outer",
                    "Parallel Aware": false,
                    "Startup Cost": 40269.25,
                    "Total Cost": 40269.56,
                    "Plan Rows": 3,
                    "Plan Width": 8,
                    "Actual Startup Time": 167.036,
                    "Actual Total Time": 174.519,
                    "Actual Rows": 4,
                    "Actual Loops": 1,
                    "Output": [
                        "(PARTIAL count(*))"
                    ],
                    "Workers Planned": 3,
                    "Workers Launched": 3,
                    "Single Copy": false,
                    "Plans": [
                        {
                            "Node Type": "Aggregate",
                            "Strategy": "Plain",
                            "Partial Mode": "Partial",
                            "Parent Relationship": "Outer",
                            "Parallel Aware": false,
                            "Startup Cost": 39269.25,
                            "Total Cost": 39269.26,
                            "Plan Rows": 1,
                            "Plan Width": 8,
                            "Actual Startup Time": 158.272,
                            "Actual Total Time": 158.274,
                            "Actual Rows": 1,
                            "Actual Loops": 4,
                            "Output": [
                                "PARTIAL count(*)"
                            ],
                            "Workers": [
                                {
                                    "Worker Number": 0,
                                    "Actual Startup Time": 155.018,
                                    "Actual Total Time": 155.019,
                                    "Actual Rows": 1,
                                    "Actual Loops": 1
                                },
                                {
                                    "Worker Number": 1,
                                    "Actual Startup Time": 155.653,
                                    "Actual Total Time": 155.655,
                                    "Actual Rows": 1,
                                    "Actual Loops": 1
                                },
                                {
                                    "Worker Number": 2,
                                    "Actual Startup Time": 155.928,
                                    "Actual Total Time": 155.929,
                                    "Actual Rows": 1,
                                    "Actual Loops": 1
                                }
                            ],
                            "Plans": [
                                {
                                    "Node Type": "Bitmap Heap Scan",
                                    "Parent Relationship": "Outer",
                                    "Parallel Aware": true,
                                    "Relation Name": "movie_keyword",
                                    "Schema": "public",
                                    "Alias": "mk",
                                    "Startup Cost": 12063.62,
                                    "Total Cost": 38810.65,
                                    "Plan Rows": 183442,
                                    "Plan Width": 0,
                                    "Actual Startup Time": 73.68,
                                    "Actual Total Time": 149.314,
                                    "Actual Rows": 140805,
                                    "Actual Loops": 4,
                                    "Recheck Cond": "(mk.keyword_id > 32590)",
                                    "Rows Removed by Index Recheck": 0,
                                    "Exact Heap Blocks": 7796,
                                    "Lossy Heap Blocks": 0,
                                    "Workers": [
                                        {
                                            "Worker Number": 0,
                                            "Actual Startup Time": 70.621,
                                            "Actual Total Time": 147.603,
                                            "Actual Rows": 117884,
                                            "Actual Loops": 1
                                        },
                                        {
                                            "Worker Number": 1,
                                            "Actual Startup Time": 71.132,
                                            "Actual Total Time": 147.593,
                                            "Actual Rows": 126167,
                                            "Actual Loops": 1
                                        },
                                        {
                                            "Worker Number": 2,
                                            "Actual Startup Time": 71.395,
                                            "Actual Total Time": 147.697,
                                            "Actual Rows": 132507,
                                            "Actual Loops": 1
                                        }
                                    ],
                                    "Plans": [
                                        {
                                            "Node Type": "Bitmap Index Scan",
                                            "Parent Relationship": "Outer",
                                            "Parallel Aware": false,
                                            "Index Name": "keyword_id_movie_keyword",
                                            "Startup Cost": 0.0,
                                            "Total Cost": 11921.46,
                                            "Plan Rows": 568670,
                                            "Plan Width": 0,
                                            "Actual Startup Time": 76.195,
                                            "Actual Total Time": 76.195,
                                            "Actual Rows": 563220,
                                            "Actual Loops": 1,
                                            "Index Cond": "(mk.keyword_id > 32590)"
                                        }
                                    ]
                                }
                            ]
                        }
                    ]
                }
            ]
        },
        "Planning Time": 277.329,
        "Triggers": [],
        "Execution Time": 174.612
    }
]