[
    {
        "Bao": {
            "Bao prediction": "NaN",
            "Bao recommended hint": "(no hint)"
        }
    },
    {
        "Plan": {
            "Node Type": "Aggregate",
            "Strategy": "Plain",
            "Partial Mode": "Finalize",
            "Parallel Aware": false,
            "Startup Cost": 33102.33,
            "Total Cost": 33102.34,
            "Plan Rows": 1,
            "Plan Width": 8,
            "Actual Startup Time": 104.9,
            "Actual Total Time": 108.908,
            "Actual Rows": 1,
            "Actual Loops": 1,
            "Output": [
                "count(*)"
            ],
            "Plans": [
                {
                    "Node Type": "Gather",
                    "Parent Relationship": "Outer",
                    "Parallel Aware": false,
                    "Startup Cost": 33102.01,
                    "Total Cost": 33102.32,
                    "Plan Rows": 3,
                    "Plan Width": 8,
                    "Actual Startup Time": 104.831,
                    "Actual Total Time": 108.899,
                    "Actual Rows": 4,
                    "Actual Loops": 1,
                    "Output": [
                        "(PARTIAL count(*))"
                    ],
                    "Workers Planned": 3,
                    "Workers Launched": 3,
                    "Single Copy": false,
                    "Plans": [
                        {
                            "Node Type": "Aggregate",
                            "Strategy": "Plain",
                            "Partial Mode": "Partial",
                            "Parent Relationship": "Outer",
                            "Parallel Aware": false,
                            "Startup Cost": 32102.01,
                            "Total Cost": 32102.02,
                            "Plan Rows": 1,
                            "Plan Width": 8,
                            "Actual Startup Time": 96.396,
                            "Actual Total Time": 96.397,
                            "Actual Rows": 1,
                            "Actual Loops": 4,
                            "Output": [
                                "PARTIAL count(*)"
                            ],
                            "Workers": [
                                {
                                    "Worker Number": 0,
                                    "Actual Startup Time": 93.736,
                                    "Actual Total Time": 93.736,
                                    "Actual Rows": 1,
                                    "Actual Loops": 1
                                },
                                {
                                    "Worker Number": 1,
                                    "Actual Startup Time": 93.803,
                                    "Actual Total Time": 93.804,
                                    "Actual Rows": 1,
                                    "Actual Loops": 1
                                },
                                {
                                    "Worker Number": 2,
                                    "Actual Startup Time": 93.825,
                                    "Actual Total Time": 93.825,
                                    "Actual Rows": 1,
                                    "Actual Loops": 1
                                }
                            ],
                            "Plans": [
                                {
                                    "Node Type": "Seq Scan",
                                    "Parent Relationship": "Outer",
                                    "Parallel Aware": true,
                                    "Relation Name": "movie_companies",
                                    "Schema": "public",
                                    "Alias": "mc",
                                    "Startup Cost": 0.0,
                                    "Total Cost": 31414.82,
                                    "Plan Rows": 274876,
                                    "Plan Width": 0,
                                    "Actual Startup Time": 47.984,
                                    "Actual Total Time": 84.582,
                                    "Actual Rows": 264928,
                                    "Actual Loops": 4,
                                    "Output": [
                                        "id",
                                        "movie_id",
                                        "company_id",
                                        "company_type_id",
                                        "note"
                                    ],
                                    "Filter": "((mc.company_id > 3425) AND (mc.company_type_id > 1))",
                                    "Rows Removed by Filter": 387354,
                                    "Workers": [
                                        {
                                            "Worker Number": 0,
                                            "Actual Startup Time": 45.326,
                                            "Actual Total Time": 82.077,
                                            "Actual Rows": 285866,
                                            "Actual Loops": 1
                                        },
                                        {
                                            "Worker Number": 1,
                                            "Actual Startup Time": 45.405,
                                            "Actual Total Time": 82.163,
                                            "Actual Rows": 285946,
                                            "Actual Loops": 1
                                        },
                                        {
                                            "Worker Number": 2,
                                            "Actual Startup Time": 45.403,
                                            "Actual Total Time": 82.236,
                                            "Actual Rows": 281815,
                                            "Actual Loops": 1
                                        }
                                    ]
                                }
                            ]
                        }
                    ]
                }
            ]
        },
        "Planning Time": 316.943,
        "Triggers": [],
        "Execution Time": 108.996
    }
]