[
    {
        "Bao": {
            "Bao prediction": "NaN",
            "Bao recommended hint": "(no hint)"
        }
    },
    {
        "Plan": {
            "Node Type": "Aggregate",
            "Strategy": "Plain",
            "Partial Mode": "Finalize",
            "Parallel Aware": false,
            "Startup Cost": 249225.23,
            "Total Cost": 249225.24,
            "Plan Rows": 1,
            "Plan Width": 8,
            "Actual Startup Time": 285.0,
            "Actual Total Time": 301.0,
            "Actual Rows": 1,
            "Actual Loops": 1,
            "Output": [
                "count(*)"
            ],
            "Plans": [
                {
                    "Node Type": "Gather",
                    "Parent Relationship": "Outer",
                    "Parallel Aware": false,
                    "Startup Cost": 249224.6,
                    "Total Cost": 249225.21,
                    "Plan Rows": 6,
                    "Plan Width": 8,
                    "Actual Startup Time": 284.129,
                    "Actual Total Time": 300.991,
                    "Actual Rows": 7,
                    "Actual Loops": 1,
                    "Output": [
                        "(PARTIAL count(*))"
                    ],
                    "Workers Planned": 6,
                    "Workers Launched": 6,
                    "Single Copy": false,
                    "Plans": [
                        {
                            "Node Type": "Aggregate",
                            "Strategy": "Plain",
                            "Partial Mode": "Partial",
                            "Parent Relationship": "Outer",
                            "Parallel Aware": false,
                            "Startup Cost": 248224.6,
                            "Total Cost": 248224.61,
                            "Plan Rows": 1,
                            "Plan Width": 8,
                            "Actual Startup Time": 273.806,
                            "Actual Total Time": 273.809,
                            "Actual Rows": 1,
                            "Actual Loops": 7,
                            "Output": [
                                "PARTIAL count(*)"
                            ],
                            "Workers": [
                                {
                                    "Worker Number": 0,
                                    "Actual Startup Time": 271.456,
                                    "Actual Total Time": 271.459,
                                    "Actual Rows": 1,
                                    "Actual Loops": 1
                                },
                                {
                                    "Worker Number": 1,
                                    "Actual Startup Time": 271.616,
                                    "Actual Total Time": 271.618,
                                    "Actual Rows": 1,
                                    "Actual Loops": 1
                                },
                                {
                                    "Worker Number": 2,
                                    "Actual Startup Time": 271.888,
                                    "Actual Total Time": 271.891,
                                    "Actual Rows": 1,
                                    "Actual Loops": 1
                                },
                                {
                                    "Worker Number": 3,
                                    "Actual Startup Time": 272.253,
                                    "Actual Total Time": 272.256,
                                    "Actual Rows": 1,
                                    "Actual Loops": 1
                                },
                                {
                                    "Worker Number": 4,
                                    "Actual Startup Time": 272.728,
                                    "Actual Total Time": 272.732,
                                    "Actual Rows": 1,
                                    "Actual Loops": 1
                                },
                                {
                                    "Worker Number": 5,
                                    "Actual Startup Time": 272.903,
                                    "Actual Total Time": 272.906,
                                    "Actual Rows": 1,
                                    "Actual Loops": 1
                                }
                            ],
                            "Plans": [
                                {
                                    "Node Type": "Hash Join",
                                    "Parent Relationship": "Outer",
                                    "Parallel Aware": true,
                                    "Join Type": "Inner",
                                    "Startup Cost": 45900.49,
                                    "Total Cost": 248151.72,
                                    "Plan Rows": 29153,
                                    "Plan Width": 0,
                                    "Actual Startup Time": 256.604,
                                    "Actual Total Time": 273.802,
                                    "Actual Rows": 0,
                                    "Actual Loops": 7,
                                    "Inner Unique": true,
                                    "Hash Cond": "(ci.movie_id = t.id)",
                                    "Workers": [
                                        {
                                            "Worker Number": 0,
                                            "Actual Startup Time": 271.45,
                                            "Actual Total Time": 271.453,
                                            "Actual Rows": 0,
                                            "Actual Loops": 1
                                        },
                                        {
                                            "Worker Number": 1,
                                            "Actual Startup Time": 271.611,
                                            "Actual Total Time": 271.613,
                                            "Actual Rows": 0,
                                            "Actual Loops": 1
                                        },
                                        {
                                            "Worker Number": 2,
                                            "Actual Startup Time": 271.884,
                                            "Actual Total Time": 271.886,
                                            "Actual Rows": 0,
                                            "Actual Loops": 1
                                        },
                                        {
                                            "Worker Number": 3,
                                            "Actual Startup Time": 272.247,
                                            "Actual Total Time": 272.25,
                                            "Actual Rows": 0,
                                            "Actual Loops": 1
                                        },
                                        {
                                            "Worker Number": 4,
                                            "Actual Startup Time": 152.351,
                                            "Actual Total Time": 272.722,
                                            "Actual Rows": 1,
                                            "Actual Loops": 1
                                        },
                                        {
                                            "Worker Number": 5,
                                            "Actual Startup Time": 272.897,
                                            "Actual Total Time": 272.9,
                                            "Actual Rows": 0,
                                            "Actual Loops": 1
                                        }
                                    ],
                                    "Plans": [
                                        {
                                            "Node Type": "Index Scan",
                                            "Parent Relationship": "Outer",
                                            "Parallel Aware": true,
                                            "Scan Direction": "Forward",
                                            "Index Name": "role_id_cast_info",
                                            "Relation Name": "cast_info",
                                            "Schema": "public",
                                            "Alias": "ci",
                                            "Startup Cost": 0.56,
                                            "Total Cost": 200814.65,
                                            "Plan Rows": 547484,
                                            "Plan Width": 4,
                                            "Actual Startup Time": 3.123,
                                            "Actual Total Time": 201.439,
                                            "Actual Rows": 395,
                                            "Actual Loops": 7,
                                            "Output": [
                                                "ci.id",
                                                "ci.person_id",
                                                "ci.movie_id",
                                                "ci.person_role_id",
                                                "ci.note",
                                                "ci.nr_order",
                                                "ci.role_id"
                                            ],
                                            "Index Cond": "(ci.role_id = 2)",
                                            "Rows Removed by Index Recheck": 0,
                                            "Filter": "(ci.person_id < 1564719)",
                                            "Rows Removed by Filter": 1064173,
                                            "Workers": [
                                                {
                                                    "Worker Number": 0,
                                                    "Actual Startup Time": 12.466,
                                                    "Actual Total Time": 201.401,
                                                    "Actual Rows": 551,
                                                    "Actual Loops": 1
                                                },
                                                {
                                                    "Worker Number": 1,
                                                    "Actual Startup Time": 2.129,
                                                    "Actual Total Time": 201.466,
                                                    "Actual Rows": 168,
                                                    "Actual Loops": 1
                                                },
                                                {
                                                    "Worker Number": 2,
                                                    "Actual Startup Time": 2.405,
                                                    "Actual Total Time": 201.311,
                                                    "Actual Rows": 651,
                                                    "Actual Loops": 1
                                                },
                                                {
                                                    "Worker Number": 3,
                                                    "Actual Startup Time": 3.347,
                                                    "Actual Total Time": 201.5,
                                                    "Actual Rows": 296,
                                                    "Actual Loops": 1
                                                },
                                                {
                                                    "Worker Number": 4,
                                                    "Actual Startup Time": 0.645,
                                                    "Actual Total Time": 201.476,
                                                    "Actual Rows": 242,
                                                    "Actual Loops": 1
                                                },
                                                {
                                                    "Worker Number": 5,
                                                    "Actual Startup Time": 0.768,
                                                    "Actual Total Time": 201.433,
                                                    "Actual Rows": 266,
                                                    "Actual Loops": 1
                                                }
                                            ]
                                        },
                                        {
                                            "Node Type": "Hash",
                                            "Parent Relationship": "Inner",
                                            "Parallel Aware": true,
                                            "Startup Cost": 45479.21,
                                            "Total Cost": 45479.21,
                                            "Plan Rows": 33657,
                                            "Plan Width": 4,
                                            "Actual Startup Time": 70.934,
                                            "Actual Total Time": 70.935,
                                            "Actual Rows": 4808,
                                            "Actual Loops": 7,
                                            "Output": [
                                                "t.id"
                                            ],
                                            "Hash Buckets": 262144,
                                            "Original Hash Buckets": 262144,
                                            "Hash Batches": 1,
                                            "Original Hash Batches": 1,
                                            "Peak Memory Usage": 3456,
                                            "Workers": [
                                                {
                                                    "Worker Number": 0,
                                                    "Actual Startup Time": 69.223,
                                                    "Actual Total Time": 69.225,
                                                    "Actual Rows": 2989,
                                                    "Actual Loops": 1
                                                },
                                                {
                                                    "Worker Number": 1,
                                                    "Actual Startup Time": 69.444,
                                                    "Actual Total Time": 69.445,
                                                    "Actual Rows": 3911,
                                                    "Actual Loops": 1
                                                },
                                                {
                                                    "Worker Number": 2,
                                                    "Actual Startup Time": 69.707,
                                                    "Actual Total Time": 69.708,
                                                    "Actual Rows": 3646,
                                                    "Actual Loops": 1
                                                },
                                                {
                                                    "Worker Number": 3,
                                                    "Actual Startup Time": 70.083,
                                                    "Actual Total Time": 70.084,
                                                    "Actual Rows": 3918,
                                                    "Actual Loops": 1
                                                },
                                                {
                                                    "Worker Number": 4,
                                                    "Actual Startup Time": 70.562,
                                                    "Actual Total Time": 70.564,
                                                    "Actual Rows": 3699,
                                                    "Actual Loops": 1
                                                },
                                                {
                                                    "Worker Number": 5,
                                                    "Actual Startup Time": 70.724,
                                                    "Actual Total Time": 70.725,
                                                    "Actual Rows": 3663,
                                                    "Actual Loops": 1
                                                }
                                            ],
                                            "Plans": [
                                                {
                                                    "Node Type": "Seq Scan",
                                                    "Parent Relationship": "Outer",
                                                    "Parallel Aware": true,
                                                    "Relation Name": "title",
                                                    "Schema": "public",
                                                    "Alias": "t",
                                                    "Startup Cost": 0.0,
                                                    "Total Cost": 45479.21,
                                                    "Plan Rows": 33657,
                                                    "Plan Width": 4,
                                                    "Actual Startup Time": 0.062,
                                                    "Actual Total Time": 67.977,
                                                    "Actual Rows": 4808,
                                                    "Actual Loops": 7,
                                                    "Output": [
                                                        "t.id"
                                                    ],
                                                    "Filter": "((t.production_year < 1958) AND (t.kind_id = 7))",
                                                    "Rows Removed by Filter": 356380,
                                                    "Workers": [
                                                        {
                                                            "Worker Number": 0,
                                                            "Actual Startup Time": 0.087,
                                                            "Actual Total Time": 66.504,
                                                            "Actual Rows": 2989,
                                                            "Actual Loops": 1
                                                        },
                                                        {
                                                            "Worker Number": 1,
                                                            "Actual Startup Time": 0.059,
                                                            "Actual Total Time": 66.413,
                                                            "Actual Rows": 3911,
                                                            "Actual Loops": 1
                                                        },
                                                        {
                                                            "Worker Number": 2,
                                                            "Actual Startup Time": 0.051,
                                                            "Actual Total Time": 66.726,
                                                            "Actual Rows": 3646,
                                                            "Actual Loops": 1
                                                        },
                                                        {
                                                            "Worker Number": 3,
                                                            "Actual Startup Time": 0.065,
                                                            "Actual Total Time": 67.022,
                                                            "Actual Rows": 3918,
                                                            "Actual Loops": 1
                                                        },
                                                        {
                                                            "Worker Number": 4,
                                                            "Actual Startup Time": 0.063,
                                                            "Actual Total Time": 67.652,
                                                            "Actual Rows": 3699,
                                                            "Actual Loops": 1
                                                        },
                                                        {
                                                            "Worker Number": 5,
                                                            "Actual Startup Time": 0.097,
                                                            "Actual Total Time": 67.76,
                                                            "Actual Rows": 3663,
                                                            "Actual Loops": 1
                                                        }
                                                    ]
                                                }
                                            ]
                                        }
                                    ]
                                }
                            ]
                        }
                    ]
                }
            ]
        },
        "Planning Time": 177.038,
        "Triggers": [],
        "Execution Time": 301.055
    }
]