{
  "Plan": {
    "Node Type": "Aggregate",
    "Strategy": "Plain",
    "Partial Mode": "Finalize",
    "Parallel Aware": false,
    "Startup Cost": 111860.87,
    "Total Cost": 111860.88,
    "Plan Rows": 1,
    "Plan Width": 8,
    "Actual Startup Time": 769.262,
    "Actual Total Time": 782.068,
    "Actual Rows": 1,
    "Actual Loops": 1,
    "Plans": [
      {
        "Node Type": "Gather",
        "Parent Relationship": "Outer",
        "Parallel Aware": false,
        "Startup Cost": 111860.75,
        "Total Cost": 111860.86,
        "Plan Rows": 1,
        "Plan Width": 8,
        "Actual Startup Time": 767.773,
        "Actual Total Time": 782.061,
        "Actual Rows": 2,
        "Actual Loops": 1,
        "Workers Planned": 1,
        "Workers Launched": 1,
        "Single Copy": false,
        "Plans": [
          {
            "Node Type": "Aggregate",
            "Strategy": "Plain",
            "Partial Mode": "Partial",
            "Parent Relationship": "Outer",
            "Parallel Aware": false,
            "Startup Cost": 110860.75,
            "Total Cost": 110860.76,
            "Plan Rows": 1,
            "Plan Width": 8,
            "Actual Startup Time": 762.217,
            "Actual Total Time": 762.221,
            "Actual Rows": 1,
            "Actual Loops": 2,
            "Plans": [
              {
                "Node Type": "Hash Join",
                "Parent Relationship": "Outer",
                "Parallel Aware": true,
                "Join Type": "Inner",
                "Startup Cost": 46713.33,
                "Total Cost": 110115.97,
                "Plan Rows": 297912,
                "Plan Width": 0,
                "Actual Startup Time": 273.38,
                "Actual Total Time": 746.622,
                "Actual Rows": 364025,
                "Actual Loops": 2,
                "Inner Unique": false,
                "Hash Cond": "(t.id = mc.movie_id)",
                "Plans": [
                  {
                    "Node Type": "Seq Scan",
                    "Parent Relationship": "Outer",
                    "Parallel Aware": true,
                    "Relation Name": "title",
                    "Alias": "t",
                    "Startup Cost": 0.0,
                    "Total Cost": 54588.39,
                    "Plan Rows": 1129894,
                    "Plan Width": 4,
                    "Actual Startup Time": 0.012,
                    "Actual Total Time": 160.117,
                    "Actual Rows": 961424,
                    "Actual Loops": 2,
                    "Filter": "(production_year < 2010)",
                    "Rows Removed by Filter": 302732
                  },
                  {
                    "Node Type": "Hash",
                    "Parent Relationship": "Inner",
                    "Parallel Aware": true,
                    "Startup Cost": 41811.73,
                    "Total Cost": 41811.73,
                    "Plan Rows": 392128,
                    "Plan Width": 4,
                    "Actual Startup Time": 264.435,
                    "Actual Total Time": 264.436,
                    "Actual Rows": 456008,
                    "Actual Loops": 2,
                    "Hash Buckets": 1048576,
                    "Original Hash Buckets": 1048576,
                    "Hash Batches": 1,
                    "Original Hash Batches": 1,
                    "Peak Memory Usage": 43904,
                    "Plans": [
                      {
                        "Node Type": "Seq Scan",
                        "Parent Relationship": "Outer",
                        "Parallel Aware": true,
                        "Relation Name": "movie_companies",
                        "Alias": "mc",
                        "Startup Cost": 0.0,
                        "Total Cost": 41811.73,
                        "Plan Rows": 392128,
                        "Plan Width": 4,
                        "Actual Startup Time": 67.307,
                        "Actual Total Time": 144.56,
                        "Actual Rows": 456008,
                        "Actual Loops": 2,
                        "Filter": "((company_id > 11245) AND (company_type_id > 1))",
                        "Rows Removed by Filter": 848556
                      }
                    ]
                  }
                ]
              }
            ]
          }
        ]
      }
    ]
  },
  "Planning Time": 0.467,
  "Triggers": [],
  "Execution Time": 782.14
}