[
  {
    "Plan": {
      "Node Type": "Aggregate",
      "Strategy": "Plain",
      "Partial Mode": "Simple",
      "Parallel Aware": false,
      "Startup Cost": 3860.24,
      "Total Cost": 3860.25,
      "Plan Rows": 1,
      "Plan Width": 192,
      "Actual Startup Time": 58.501,
      "Actual Total Time": 58.513,
      "Actual Rows": 1,
      "Actual Loops": 1,
      "Plans": [
        {
          "Node Type": "Nested Loop",
          "Parent Relationship": "Outer",
          "Parallel Aware": false,
          "Join Type": "Inner",
          "Startup Cost": 878.29,
          "Total Cost": 3860.22,
          "Plan Rows": 1,
          "Plan Width": 82,
          "Actual Startup Time": 58.497,
          "Actual Total Time": 58.507,
          "Actual Rows": 0,
          "Actual Loops": 1,
          "Inner Unique": true,
          "Plans": [
            {
              "Node Type": "Nested Loop",
              "Parent Relationship": "Outer",
              "Parallel Aware": false,
              "Join Type": "Inner",
              "Startup Cost": 878.16,
              "Total Cost": 3860.05,
              "Plan Rows": 1,
              "Plan Width": 86,
              "Actual Startup Time": 58.496,
              "Actual Total Time": 58.506,
              "Actual Rows": 0,
              "Actual Loops": 1,
              "Inner Unique": true,
              "Plans": [
                {
                  "Node Type": "Nested Loop",
                  "Parent Relationship": "Outer",
                  "Parallel Aware": false,
                  "Join Type": "Inner",
                  "Startup Cost": 877.74,
                  "Total Cost": 3859.61,
                  "Plan Rows": 1,
                  "Plan Width": 71,
                  "Actual Startup Time": 58.495,
                  "Actual Total Time": 58.505,
                  "Actual Rows": 0,
                  "Actual Loops": 1,
                  "Inner Unique": false,
                  "Join Filter": "(t2.id = mc2.movie_id)",
                  "Rows Removed by Join Filter": 0,
                  "Plans": [
                    {
                      "Node Type": "Nested Loop",
                      "Parent Relationship": "Outer",
                      "Parallel Aware": false,
                      "Join Type": "Inner",
                      "Startup Cost": 877.31,
                      "Total Cost": 3858.89,
                      "Plan Rows": 1,
                      "Plan Width": 79,
                      "Actual Startup Time": 58.495,
                      "Actual Total Time": 58.504,
                      "Actual Rows": 0,
                      "Actual Loops": 1,
                      "Inner Unique": true,
                      "Plans": [
                        {
                          "Node Type": "Nested Loop",
                          "Parent Relationship": "Outer",
                          "Parallel Aware": false,
                          "Join Type": "Inner",
                          "Startup Cost": 876.89,
                          "Total Cost": 3858.44,
                          "Plan Rows": 1,
                          "Plan Width": 64,
                          "Actual Startup Time": 8.633,
                          "Actual Total Time": 55.435,
                          "Actual Rows": 432,
                          "Actual Loops": 1,
                          "Inner Unique": false,
                          "Plans": [
                            {
                              "Node Type": "Nested Loop",
                              "Parent Relationship": "Outer",
                              "Parallel Aware": false,
                              "Join Type": "Inner",
                              "Startup Cost": 876.46,
                              "Total Cost": 3857.83,
                              "Plan Rows": 1,
                              "Plan Width": 72,
                              "Actual Startup Time": 8.598,
                              "Actual Total Time": 54.073,
                              "Actual Rows": 63,
                              "Actual Loops": 1,
                              "Inner Unique": true,
                              "Join Filter": "(ml.linked_movie_id = t2.id)",
                              "Rows Removed by Join Filter": 0,
                              "Plans": [
                                {
                                  "Node Type": "Hash Join",
                                  "Parent Relationship": "Outer",
                                  "Parallel Aware": false,
                                  "Join Type": "Inner",
                                  "Startup Cost": 876.03,
                                  "Total Cost": 3857.15,
                                  "Plan Rows": 1,
                                  "Plan Width": 47,
                                  "Actual Startup Time": 8.516,
                                  "Actual Total Time": 51.456,
                                  "Actual Rows": 107,
                                  "Actual Loops": 1,
                                  "Inner Unique": true,
                                  "Hash Cond": "(mi_idx2.info_type_id = it2.id)",
                                  "Plans": [
                                    {
                                      "Node Type": "Nested Loop",
                                      "Parent Relationship": "Outer",
                                      "Parallel Aware": false,
                                      "Join Type": "Inner",
                                      "Startup Cost": 873.61,
                                      "Total Cost": 3854.63,
                                      "Plan Rows": 36,
                                      "Plan Width": 51,
                                      "Actual Startup Time": 8.232,
                                      "Actual Total Time": 51.059,
                                      "Actual Rows": 1410,
                                      "Actual Loops": 1,
                                      "Inner Unique": false,
                                      "Plans": [
                                        {
                                          "Node Type": "Hash Join",
                                          "Parent Relationship": "Outer",
                                          "Parallel Aware": false,
                                          "Join Type": "Inner",
                                          "Startup Cost": 873.18,
                                          "Total Cost": 3809.07,
                                          "Plan Rows": 19,
                                          "Plan Width": 38,
                                          "Actual Startup Time": 8.125,
                                          "Actual Total Time": 38.838,
                                          "Actual Rows": 943,
                                          "Actual Loops": 1,
                                          "Inner Unique": true,
                                          "Hash Cond": "(t1.kind_id = kt1.id)",
                                          "Plans": [
                                            {
                                              "Node Type": "Nested Loop",
                                              "Parent Relationship": "Outer",
                                              "Parallel Aware": false,
                                              "Join Type": "Inner",
                                              "Startup Cost": 872.08,
                                              "Total Cost": 3807.4,
                                              "Plan Rows": 136,
                                              "Plan Width": 42,
                                              "Actual Startup Time": 8.086,
                                              "Actual Total Time": 38.284,
                                              "Actual Rows": 1419,
                                              "Actual Loops": 1,
                                              "Inner Unique": true,
                                              "Join Filter": "(ml.movie_id = t1.id)",
                                              "Rows Removed by Join Filter": 0,
                                              "Plans": [
                                                {
                                                  "Node Type": "Hash Join",
                                                  "Parent Relationship": "Outer",
                                                  "Parallel Aware": false,
                                                  "Join Type": "Inner",
                                                  "Startup Cost": 871.65,
                                                  "Total Cost": 3727.11,
                                                  "Plan Rows": 136,
                                                  "Plan Width": 17,
                                                  "Actual Startup Time": 8.049,
                                                  "Actual Total Time": 29.414,
                                                  "Actual Rows": 1419,
                                                  "Actual Loops": 1,
                                                  "Inner Unique": true,
                                                  "Hash Cond": "(mi_idx1.info_type_id = it1.id)",
                                                  "Plans": [
                                                    {
                                                      "Node Type": "Merge Join",
                                                      "Parent Relationship": "Outer",
                                                      "Parallel Aware": false,
                                                      "Join Type": "Inner",
                                                      "Startup Cost": 869.22,
                                                      "Total Cost": 3682.64,
                                                      "Plan Rows": 15435,
                                                      "Plan Width": 21,
                                                      "Actual Startup Time": 7.987,
                                                      "Actual Total Time": 28.62,
                                                      "Actual Rows": 4257,
                                                      "Actual Loops": 1,
                                                      "Inner Unique": false,
                                                      "Merge Cond": "(mi_idx1.movie_id = ml.movie_id)",
                                                      "Plans": [
                                                        {
                                                          "Node Type": "Index Scan",
                                                          "Parent Relationship": "Outer",
                                                          "Parallel Aware": false,
                                                          "Scan Direction": "Forward",
                                                          "Index Name": "movie_id_movie_info_idx",
                                                          "Relation Name": "movie_info_idx",
                                                          "Alias": "mi_idx1",
                                                          "Startup Cost": 0.43,
                                                          "Total Cost": 53621.69,
                                                          "Plan Rows": 1380035,
                                                          "Plan Width": 13,
                                                          "Actual Startup Time": 0.024,
                                                          "Actual Total Time": 12.925,
                                                          "Actual Rows": 63901,
                                                          "Actual Loops": 1
                                                        },
                                                        {
                                                          "Node Type": "Sort",
                                                          "Parent Relationship": "Inner",
                                                          "Parallel Aware": false,
                                                          "Startup Cost": 868.72,
                                                          "Total Cost": 881.22,
                                                          "Plan Rows": 5000,
                                                          "Plan Width": 8,
                                                          "Actual Startup Time": 7.93,
                                                          "Actual Total Time": 8.357,
                                                          "Actual Rows": 4454,
                                                          "Actual Loops": 1,
                                                          "Sort Key": [
                                                            "ml.movie_id"
                                                          ],
                                                          "Sort Method": "quicksort",
                                                          "Sort Space Used": 124,
                                                          "Sort Space Type": "Memory",
                                                          "Plans": [
                                                            {
                                                              "Node Type": "Hash Join",
                                                              "Parent Relationship": "Outer",
                                                              "Parallel Aware": false,
                                                              "Join Type": "Inner",
                                                              "Startup Cost": 1.29,
                                                              "Total Cost": 561.53,
                                                              "Plan Rows": 5000,
                                                              "Plan Width": 8,
                                                              "Actual Startup Time": 0.069,
                                                              "Actual Total Time": 7.397,
                                                              "Actual Rows": 1616,
                                                              "Actual Loops": 1,
                                                              "Inner Unique": true,
                                                              "Hash Cond": "(ml.link_type_id = lt.id)",
                                                              "Plans": [
                                                                {
                                                                  "Node Type": "Seq Scan",
                                                                  "Parent Relationship": "Outer",
                                                                  "Parallel Aware": false,
                                                                  "Relation Name": "movie_link",
                                                                  "Alias": "ml",
                                                                  "Startup Cost": 0.0,
                                                                  "Total Cost": 462.97,
                                                                  "Plan Rows": 29997,
                                                                  "Plan Width": 12,
                                                                  "Actual Startup Time": 0.011,
                                                                  "Actual Total Time": 3.969,
                                                                  "Actual Rows": 29997,
                                                                  "Actual Loops": 1
                                                                },
                                                                {
                                                                  "Node Type": "Hash",
                                                                  "Parent Relationship": "Inner",
                                                                  "Parallel Aware": false,
                                                                  "Startup Cost": 1.25,
                                                                  "Total Cost": 1.25,
                                                                  "Plan Rows": 3,
                                                                  "Plan Width": 4,
                                                                  "Actual Startup Time": 0.027,
                                                                  "Actual Total Time": 0.028,
                                                                  "Actual Rows": 3,
                                                                  "Actual Loops": 1,
                                                                  "Hash Buckets": 1024,
                                                                  "Original Hash Buckets": 1024,
                                                                  "Hash Batches": 1,
                                                                  "Original Hash Batches": 1,
                                                                  "Peak Memory Usage": 9,
                                                                  "Plans": [
                                                                    {
                                                                      "Node Type": "Seq Scan",
                                                                      "Parent Relationship": "Outer",
                                                                      "Parallel Aware": false,
                                                                      "Relation Name": "link_type",
                                                                      "Alias": "lt",
                                                                      "Startup Cost": 0.0,
                                                                      "Total Cost": 1.25,
                                                                      "Plan Rows": 3,
                                                                      "Plan Width": 4,
                                                                      "Actual Startup Time": 0.014,
                                                                      "Actual Total Time": 0.019,
                                                                      "Actual Rows": 3,
                                                                      "Actual Loops": 1,
                                                                      "Filter": "((link)::text = ANY ('{follows,\"edited into\",\"spin off\"}'::text[]))",
                                                                      "Rows Removed by Filter": 15
                                                                    }
                                                                  ]
                                                                }
                                                              ]
                                                            }
                                                          ]
                                                        }
                                                      ]
                                                    },
                                                    {
                                                      "Node Type": "Hash",
                                                      "Parent Relationship": "Inner",
                                                      "Parallel Aware": false,
                                                      "Startup Cost": 2.41,
                                                      "Total Cost": 2.41,
                                                      "Plan Rows": 1,
                                                      "Plan Width": 4,
                                                      "Actual Startup Time": 0.02,
                                                      "Actual Total Time": 0.02,
                                                      "Actual Rows": 1,
                                                      "Actual Loops": 1,
                                                      "Hash Buckets": 1024,
                                                      "Original Hash Buckets": 1024,
                                                      "Hash Batches": 1,
                                                      "Original Hash Batches": 1,
                                                      "Peak Memory Usage": 9,
                                                      "Plans": [
                                                        {
                                                          "Node Type": "Seq Scan",
                                                          "Parent Relationship": "Outer",
                                                          "Parallel Aware": false,
                                                          "Relation Name": "info_type",
                                                          "Alias": "it1",
                                                          "Startup Cost": 0.0,
                                                          "Total Cost": 2.41,
                                                          "Plan Rows": 1,
                                                          "Plan Width": 4,
                                                          "Actual Startup Time": 0.012,
                                                          "Actual Total Time": 0.014,
                                                          "Actual Rows": 1,
                                                          "Actual Loops": 1,
                                                          "Filter": "((info)::text = 'rating'::text COLLATE \"C\")",
                                                          "Rows Removed by Filter": 112
                                                        }
                                                      ]
                                                    }
                                                  ]
                                                },
                                                {
                                                  "Node Type": "Index Scan",
                                                  "Parent Relationship": "Inner",
                                                  "Parallel Aware": false,
                                                  "Scan Direction": "Forward",
                                                  "Index Name": "title_pkey",
                                                  "Relation Name": "title",
                                                  "Alias": "t1",
                                                  "Startup Cost": 0.43,
                                                  "Total Cost": 0.58,
                                                  "Plan Rows": 1,
                                                  "Plan Width": 25,
                                                  "Actual Startup Time": 0.006,
                                                  "Actual Total Time": 0.006,
                                                  "Actual Rows": 1,
                                                  "Actual Loops": 1419,
                                                  "Index Cond": "(id = mi_idx1.movie_id)",
                                                  "Rows Removed by Index Recheck": 0
                                                }
                                              ]
                                            },
                                            {
                                              "Node Type": "Hash",
                                              "Parent Relationship": "Inner",
                                              "Parallel Aware": false,
                                              "Startup Cost": 1.09,
                                              "Total Cost": 1.09,
                                              "Plan Rows": 1,
                                              "Plan Width": 4,
                                              "Actual Startup Time": 0.017,
                                              "Actual Total Time": 0.017,
                                              "Actual Rows": 1,
                                              "Actual Loops": 1,
                                              "Hash Buckets": 1024,
                                              "Original Hash Buckets": 1024,
                                              "Hash Batches": 1,
                                              "Original Hash Batches": 1,
                                              "Peak Memory Usage": 9,
                                              "Plans": [
                                                {
                                                  "Node Type": "Seq Scan",
                                                  "Parent Relationship": "Outer",
                                                  "Parallel Aware": false,
                                                  "Relation Name": "kind_type",
                                                  "Alias": "kt1",
                                                  "Startup Cost": 0.0,
                                                  "Total Cost": 1.09,
                                                  "Plan Rows": 1,
                                                  "Plan Width": 4,
                                                  "Actual Startup Time": 0.011,
                                                  "Actual Total Time": 0.012,
                                                  "Actual Rows": 1,
                                                  "Actual Loops": 1,
                                                  "Filter": "((kind)::text = 'tv series'::text COLLATE \"C\")",
                                                  "Rows Removed by Filter": 6
                                                }
                                              ]
                                            }
                                          ]
                                        },
                                        {
                                          "Node Type": "Index Scan",
                                          "Parent Relationship": "Inner",
                                          "Parallel Aware": false,
                                          "Scan Direction": "Forward",
                                          "Index Name": "movie_id_movie_info_idx",
                                          "Relation Name": "movie_info_idx",
                                          "Alias": "mi_idx2",
                                          "Startup Cost": 0.43,
                                          "Total Cost": 2.38,
                                          "Plan Rows": 2,
                                          "Plan Width": 13,
                                          "Actual Startup Time": 0.011,
                                          "Actual Total Time": 0.012,
                                          "Actual Rows": 1,
                                          "Actual Loops": 943,
                                          "Index Cond": "(movie_id = ml.linked_movie_id)",
                                          "Rows Removed by Index Recheck": 0,
                                          "Filter": "(info < '5'::text)",
                                          "Rows Removed by Filter": 1
                                        }
                                      ]
                                    },
                                    {
                                      "Node Type": "Hash",
                                      "Parent Relationship": "Inner",
                                      "Parallel Aware": false,
                                      "Startup Cost": 2.41,
                                      "Total Cost": 2.41,
                                      "Plan Rows": 1,
                                      "Plan Width": 4,
                                      "Actual Startup Time": 0.035,
                                      "Actual Total Time": 0.035,
                                      "Actual Rows": 1,
                                      "Actual Loops": 1,
                                      "Hash Buckets": 1024,
                                      "Original Hash Buckets": 1024,
                                      "Hash Batches": 1,
                                      "Original Hash Batches": 1,
                                      "Peak Memory Usage": 9,
                                      "Plans": [
                                        {
                                          "Node Type": "Seq Scan",
                                          "Parent Relationship": "Outer",
                                          "Parallel Aware": false,
                                          "Relation Name": "info_type",
                                          "Alias": "it2",
                                          "Startup Cost": 0.0,
                                          "Total Cost": 2.41,
                                          "Plan Rows": 1,
                                          "Plan Width": 4,
                                          "Actual Startup Time": 0.026,
                                          "Actual Total Time": 0.028,
                                          "Actual Rows": 1,
                                          "Actual Loops": 1,
                                          "Filter": "((info)::text = 'rating'::text COLLATE \"C\")",
                                          "Rows Removed by Filter": 112
                                        }
                                      ]
                                    }
                                  ]
                                },
                                {
                                  "Node Type": "Index Scan",
                                  "Parent Relationship": "Inner",
                                  "Parallel Aware": false,
                                  "Scan Direction": "Forward",
                                  "Index Name": "title_pkey",
                                  "Relation Name": "title",
                                  "Alias": "t2",
                                  "Startup Cost": 0.43,
                                  "Total Cost": 0.67,
                                  "Plan Rows": 1,
                                  "Plan Width": 25,
                                  "Actual Startup Time": 0.024,
                                  "Actual Total Time": 0.024,
                                  "Actual Rows": 1,
                                  "Actual Loops": 107,
                                  "Index Cond": "(id = mi_idx2.movie_id)",
                                  "Rows Removed by Index Recheck": 0,
                                  "Filter": "((production_year >= 1995) AND (production_year <= 2005))",
                                  "Rows Removed by Filter": 0
                                }
                              ]
                            },
                            {
                              "Node Type": "Index Scan",
                              "Parent Relationship": "Inner",
                              "Parallel Aware": false,
                              "Scan Direction": "Forward",
                              "Index Name": "movie_id_movie_companies",
                              "Relation Name": "movie_companies",
                              "Alias": "mc1",
                              "Startup Cost": 0.43,
                              "Total Cost": 0.56,
                              "Plan Rows": 5,
                              "Plan Width": 8,
                              "Actual Startup Time": 0.014,
                              "Actual Total Time": 0.019,
                              "Actual Rows": 7,
                              "Actual Loops": 63,
                              "Index Cond": "(movie_id = t1.id)",
                              "Rows Removed by Index Recheck": 0
                            }
                          ]
                        },
                        {
                          "Node Type": "Index Scan",
                          "Parent Relationship": "Inner",
                          "Parallel Aware": false,
                          "Scan Direction": "Forward",
                          "Index Name": "company_name_pkey",
                          "Relation Name": "company_name",
                          "Alias": "cn1",
                          "Startup Cost": 0.42,
                          "Total Cost": 0.45,
                          "Plan Rows": 1,
                          "Plan Width": 23,
                          "Actual Startup Time": 0.007,
                          "Actual Total Time": 0.007,
                          "Actual Rows": 0,
                          "Actual Loops": 432,
                          "Index Cond": "(id = mc1.company_id)",
                          "Rows Removed by Index Recheck": 0,
                          "Filter": "((country_code)::text = '[ir]'::text)",
                          "Rows Removed by Filter": 1
                        }
                      ]
                    },
                    {
                      "Node Type": "Index Scan",
                      "Parent Relationship": "Inner",
                      "Parallel Aware": false,
                      "Scan Direction": "Forward",
                      "Index Name": "movie_id_movie_companies",
                      "Relation Name": "movie_companies",
                      "Alias": "mc2",
                      "Startup Cost": 0.43,
                      "Total Cost": 0.65,
                      "Plan Rows": 5,
                      "Plan Width": 8,
                      "Actual Startup Time": 0.0,
                      "Actual Total Time": 0.0,
                      "Actual Rows": 0,
                      "Actual Loops": 0,
                      "Index Cond": "(movie_id = mi_idx2.movie_id)",
                      "Rows Removed by Index Recheck": 0
                    }
                  ]
                },
                {
                  "Node Type": "Index Scan",
                  "Parent Relationship": "Inner",
                  "Parallel Aware": false,
                  "Scan Direction": "Forward",
                  "Index Name": "company_name_pkey",
                  "Relation Name": "company_name",
                  "Alias": "cn2",
                  "Startup Cost": 0.42,
                  "Total Cost": 0.44,
                  "Plan Rows": 1,
                  "Plan Width": 23,
                  "Actual Startup Time": 0.0,
                  "Actual Total Time": 0.0,
                  "Actual Rows": 0,
                  "Actual Loops": 0,
                  "Index Cond": "(id = mc2.company_id)",
                  "Rows Removed by Index Recheck": 0
                }
              ]
            },
            {
              "Node Type": "Index Scan",
              "Parent Relationship": "Inner",
              "Parallel Aware": false,
              "Scan Direction": "Forward",
              "Index Name": "kind_type_pkey",
              "Relation Name": "kind_type",
              "Alias": "kt2",
              "Startup Cost": 0.13,
              "Total Cost": 0.15,
              "Plan Rows": 1,
              "Plan Width": 4,
              "Actual Startup Time": 0.0,
              "Actual Total Time": 0.0,
              "Actual Rows": 0,
              "Actual Loops": 0,
              "Index Cond": "(id = t2.kind_id)",
              "Rows Removed by Index Recheck": 0,
              "Filter": "((kind)::text = 'tv series'::text COLLATE \"C\")",
              "Rows Removed by Filter": 0
            }
          ]
        }
      ]
    },
    "Planning Time": 560.559,
    "Triggers": [],
    "Execution Time": 59.14
  }
]