[
  {
    "Plan": {
      "Node Type": "Aggregate",
      "Strategy": "Plain",
      "Partial Mode": "Finalize",
      "Parallel Aware": false,
      "Startup Cost": 284539.16,
      "Total Cost": 284539.17,
      "Plan Rows": 1,
      "Plan Width": 8,
      "Actual Startup Time": 713.035,
      "Actual Total Time": 772.56,
      "Actual Rows": 1,
      "Actual Loops": 1,
      "Plans": [
        {
          "Node Type": "Gather",
          "Parent Relationship": "Outer",
          "Parallel Aware": false,
          "Startup Cost": 284538.64,
          "Total Cost": 284539.15,
          "Plan Rows": 5,
          "Plan Width": 8,
          "Actual Startup Time": 710.513,
          "Actual Total Time": 772.548,
          "Actual Rows": 6,
          "Actual Loops": 1,
          "Workers Planned": 5,
          "Workers Launched": 5,
          "Single Copy": false,
          "Plans": [
            {
              "Node Type": "Aggregate",
              "Strategy": "Plain",
              "Partial Mode": "Partial",
              "Parent Relationship": "Outer",
              "Parallel Aware": false,
              "Startup Cost": 283538.64,
              "Total Cost": 283538.65,
              "Plan Rows": 1,
              "Plan Width": 8,
              "Actual Startup Time": 699.947,
              "Actual Total Time": 699.95,
              "Actual Rows": 1,
              "Actual Loops": 6,
              "Plans": [
                {
                  "Node Type": "Nested Loop",
                  "Parent Relationship": "Outer",
                  "Parallel Aware": false,
                  "Join Type": "Inner",
                  "Startup Cost": 53787.89,
                  "Total Cost": 283051.15,
                  "Plan Rows": 194996,
                  "Plan Width": 0,
                  "Actual Startup Time": 131.302,
                  "Actual Total Time": 674.285,
                  "Actual Rows": 538414,
                  "Actual Loops": 6,
                  "Inner Unique": false,
                  "Join Filter": "(t.id = ci.movie_id)",
                  "Rows Removed by Join Filter": 0,
                  "Plans": [
                    {
                      "Node Type": "Hash Join",
                      "Parent Relationship": "Outer",
                      "Parallel Aware": true,
                      "Join Type": "Inner",
                      "Startup Cost": 53787.32,
                      "Total Cost": 217245.67,
                      "Plan Rows": 13608,
                      "Plan Width": 8,
                      "Actual Startup Time": 131.187,
                      "Actual Total Time": 165.403,
                      "Actual Rows": 14474,
                      "Actual Loops": 6,
                      "Inner Unique": true,
                      "Hash Cond": "(mi.movie_id = t.id)",
                      "Plans": [
                        {
                          "Node Type": "Bitmap Heap Scan",
                          "Parent Relationship": "Outer",
                          "Parallel Aware": true,
                          "Relation Name": "movie_info",
                          "Alias": "mi",
                          "Startup Cost": 8778.62,
                          "Total Cost": 171982.65,
                          "Plan Rows": 96882,
                          "Plan Width": 4,
                          "Actual Startup Time": 25.925,
                          "Actual Total Time": 38.96,
                          "Actual Rows": 81092,
                          "Actual Loops": 6,
                          "Recheck Cond": "(info_type_id = 5)",
                          "Rows Removed by Index Recheck": 0,
                          "Exact Heap Blocks": 1243,
                          "Lossy Heap Blocks": 0,
                          "Plans": [
                            {
                              "Node Type": "Bitmap Index Scan",
                              "Parent Relationship": "Outer",
                              "Parallel Aware": false,
                              "Index Name": "info_type_id_movie_info",
                              "Startup Cost": 0.0,
                              "Total Cost": 8657.52,
                              "Plan Rows": 484411,
                              "Plan Width": 0,
                              "Actual Startup Time": 24.988,
                              "Actual Total Time": 24.988,
                              "Actual Rows": 486554,
                              "Actual Loops": 1,
                              "Index Cond": "(info_type_id = 5)"
                            }
                          ]
                        },
                        {
                          "Node Type": "Hash",
                          "Parent Relationship": "Inner",
                          "Parallel Aware": true,
                          "Startup Cost": 43898.92,
                          "Total Cost": 43898.92,
                          "Plan Rows": 88783,
                          "Plan Width": 4,
                          "Actual Startup Time": 101.85,
                          "Actual Total Time": 101.85,
                          "Actual Rows": 61072,
                          "Actual Loops": 6,
                          "Hash Buckets": 524288,
                          "Original Hash Buckets": 524288,
                          "Hash Batches": 1,
                          "Original Hash Batches": 1,
                          "Peak Memory Usage": 18560,
                          "Plans": [
                            {
                              "Node Type": "Seq Scan",
                              "Parent Relationship": "Outer",
                              "Parallel Aware": true,
                              "Relation Name": "title",
                              "Alias": "t",
                              "Startup Cost": 0.0,
                              "Total Cost": 43898.92,
                              "Plan Rows": 88783,
                              "Plan Width": 4,
                              "Actual Startup Time": 0.037,
                              "Actual Total Time": 76.585,
                              "Actual Rows": 61072,
                              "Actual Loops": 6,
                              "Filter": "(production_year < 1970)",
                              "Rows Removed by Filter": 360314
                            }
                          ]
                        }
                      ]
                    },
                    {
                      "Node Type": "Index Only Scan",
                      "Parent Relationship": "Inner",
                      "Parallel Aware": false,
                      "Scan Direction": "Forward",
                      "Index Name": "movie_id_cast_info",
                      "Relation Name": "cast_info",
                      "Alias": "ci",
                      "Startup Cost": 0.56,
                      "Total Cost": 4.37,
                      "Plan Rows": 37,
                      "Plan Width": 4,
                      "Actual Startup Time": 0.005,
                      "Actual Total Time": 0.032,
                      "Actual Rows": 37,
                      "Actual Loops": 86841,
                      "Index Cond": "(movie_id = mi.movie_id)",
                      "Rows Removed by Index Recheck": 0,
                      "Heap Fetches": 3230484
                    }
                  ]
                }
              ]
            }
          ]
        }
      ]
    },
    "Planning Time": 1.375,
    "Triggers": [],
    "Execution Time": 772.732
  }
]