{
  "Plan": {
    "Node Type": "Aggregate",
    "Strategy": "Plain",
    "Partial Mode": "Finalize",
    "Parallel Aware": false,
    "Startup Cost": 674210.61,
    "Total Cost": 674210.62,
    "Plan Rows": 1,
    "Plan Width": 8,
    "Actual Startup Time": 3234.371,
    "Actual Total Time": 3283.592,
    "Actual Rows": 1,
    "Actual Loops": 1,
    "Plans": [
      {
        "Node Type": "Gather",
        "Parent Relationship": "Outer",
        "Parallel Aware": false,
        "Startup Cost": 674210.49,
        "Total Cost": 674210.6,
        "Plan Rows": 1,
        "Plan Width": 8,
        "Actual Startup Time": 3229.005,
        "Actual Total Time": 3283.583,
        "Actual Rows": 2,
        "Actual Loops": 1,
        "Workers Planned": 1,
        "Workers Launched": 1,
        "Single Copy": false,
        "Plans": [
          {
            "Node Type": "Aggregate",
            "Strategy": "Plain",
            "Partial Mode": "Partial",
            "Parent Relationship": "Outer",
            "Parallel Aware": false,
            "Startup Cost": 673210.49,
            "Total Cost": 673210.5,
            "Plan Rows": 1,
            "Plan Width": 8,
            "Actual Startup Time": 3220.912,
            "Actual Total Time": 3220.915,
            "Actual Rows": 1,
            "Actual Loops": 2,
            "Plans": [
              {
                "Node Type": "Hash Join",
                "Parent Relationship": "Outer",
                "Parallel Aware": true,
                "Join Type": "Inner",
                "Startup Cost": 69460.7,
                "Total Cost": 657891.55,
                "Plan Rows": 6127579,
                "Plan Width": 0,
                "Actual Startup Time": 1172.43,
                "Actual Total Time": 3119.287,
                "Actual Rows": 2218525,
                "Actual Loops": 2,
                "Inner Unique": true,
                "Hash Cond": "(ci.movie_id = t.id)",
                "Plans": [
                  {
                    "Node Type": "Seq Scan",
                    "Parent Relationship": "Outer",
                    "Parallel Aware": true,
                    "Relation Name": "cast_info",
                    "Alias": "ci",
                    "Startup Cost": 0.0,
                    "Total Cost": 572345.93,
                    "Plan Rows": 6127579,
                    "Plan Width": 4,
                    "Actual Startup Time": 607.256,
                    "Actual Total Time": 1630.671,
                    "Actual Rows": 2218525,
                    "Actual Loops": 2,
                    "Filter": "((person_id < 1568807) AND (role_id > 1))",
                    "Rows Removed by Filter": 15903647
                  },
                  {
                    "Node Type": "Hash",
                    "Parent Relationship": "Inner",
                    "Parallel Aware": true,
                    "Startup Cost": 50870.31,
                    "Total Cost": 50870.31,
                    "Plan Rows": 1487231,
                    "Plan Width": 4,
                    "Actual Startup Time": 548.374,
                    "Actual Total Time": 548.375,
                    "Actual Rows": 1264156,
                    "Actual Loops": 2,
                    "Hash Buckets": 4194304,
                    "Original Hash Buckets": 4194304,
                    "Hash Batches": 1,
                    "Original Hash Batches": 1,
                    "Peak Memory Usage": 131712,
                    "Plans": [
                      {
                        "Node Type": "Seq Scan",
                        "Parent Relationship": "Outer",
                        "Parallel Aware": true,
                        "Relation Name": "title",
                        "Alias": "t",
                        "Startup Cost": 0.0,
                        "Total Cost": 50870.31,
                        "Plan Rows": 1487231,
                        "Plan Width": 4,
                        "Actual Startup Time": 0.023,
                        "Actual Total Time": 169.557,
                        "Actual Rows": 1264156,
                        "Actual Loops": 2
                      }
                    ]
                  }
                ]
              }
            ]
          }
        ]
      }
    ]
  },
  "Planning Time": 0.309,
  "Triggers": [],
  "Execution Time": 3283.637
}