[
  {
    "Plan": {
      "Node Type": "Aggregate",
      "Strategy": "Plain",
      "Partial Mode": "Finalize",
      "Parallel Aware": false,
      "Startup Cost": 57914.94,
      "Total Cost": 57914.95,
      "Plan Rows": 1,
      "Plan Width": 8,
      "Actual Startup Time": 111.325,
      "Actual Total Time": 124.986,
      "Actual Rows": 1,
      "Actual Loops": 1,
      "Plans": [
        {
          "Node Type": "Gather",
          "Parent Relationship": "Outer",
          "Parallel Aware": false,
          "Startup Cost": 57914.52,
          "Total Cost": 57914.93,
          "Plan Rows": 4,
          "Plan Width": 8,
          "Actual Startup Time": 111.138,
          "Actual Total Time": 124.979,
          "Actual Rows": 5,
          "Actual Loops": 1,
          "Workers Planned": 4,
          "Workers Launched": 4,
          "Single Copy": false,
          "Plans": [
            {
              "Node Type": "Aggregate",
              "Strategy": "Plain",
              "Partial Mode": "Partial",
              "Parent Relationship": "Outer",
              "Parallel Aware": false,
              "Startup Cost": 56914.52,
              "Total Cost": 56914.53,
              "Plan Rows": 1,
              "Plan Width": 8,
              "Actual Startup Time": 102.524,
              "Actual Total Time": 102.526,
              "Actual Rows": 1,
              "Actual Loops": 5,
              "Plans": [
                {
                  "Node Type": "Nested Loop",
                  "Parent Relationship": "Outer",
                  "Parallel Aware": false,
                  "Join Type": "Inner",
                  "Startup Cost": 0.43,
                  "Total Cost": 56913.57,
                  "Plan Rows": 379,
                  "Plan Width": 0,
                  "Actual Startup Time": 57.372,
                  "Actual Total Time": 102.447,
                  "Actual Rows": 669,
                  "Actual Loops": 5,
                  "Inner Unique": false,
                  "Plans": [
                    {
                      "Node Type": "Seq Scan",
                      "Parent Relationship": "Outer",
                      "Parallel Aware": true,
                      "Relation Name": "title",
                      "Alias": "t",
                      "Startup Cost": 0.0,
                      "Total Cost": 45479.59,
                      "Plan Rows": 2065,
                      "Plan Width": 4,
                      "Actual Startup Time": 57.066,
                      "Actual Total Time": 82.579,
                      "Actual Rows": 5821,
                      "Actual Loops": 5,
                      "Filter": "((kind_id < 3) AND (production_year < 1911))",
                      "Rows Removed by Filter": 499842
                    },
                    {
                      "Node Type": "Index Scan",
                      "Parent Relationship": "Inner",
                      "Parallel Aware": false,
                      "Scan Direction": "Forward",
                      "Index Name": "movie_id_movie_info_idx",
                      "Relation Name": "movie_info_idx",
                      "Alias": "mi_idx",
                      "Startup Cost": 0.43,
                      "Total Cost": 5.53,
                      "Plan Rows": 1,
                      "Plan Width": 4,
                      "Actual Startup Time": 0.003,
                      "Actual Total Time": 0.003,
                      "Actual Rows": 0,
                      "Actual Loops": 29104,
                      "Index Cond": "(movie_id = t.id)",
                      "Rows Removed by Index Recheck": 0,
                      "Filter": "(info_type_id > 100)",
                      "Rows Removed by Filter": 0
                    }
                  ]
                }
              ]
            }
          ]
        }
      ]
    },
    "Planning Time": 0.304,
    "Triggers": [],
    "Execution Time": 125.028
  }
]