[
  {
    "Plan": {
      "Node Type": "Aggregate",
      "Strategy": "Plain",
      "Partial Mode": "Finalize",
      "Parallel Aware": false,
      "Startup Cost": 56984.79,
      "Total Cost": 56984.8,
      "Plan Rows": 1,
      "Plan Width": 8,
      "Actual Startup Time": 116.184,
      "Actual Total Time": 130.294,
      "Actual Rows": 1,
      "Actual Loops": 1,
      "Plans": [
        {
          "Node Type": "Gather",
          "Parent Relationship": "Outer",
          "Parallel Aware": false,
          "Startup Cost": 56984.37,
          "Total Cost": 56984.78,
          "Plan Rows": 4,
          "Plan Width": 8,
          "Actual Startup Time": 116.074,
          "Actual Total Time": 130.287,
          "Actual Rows": 5,
          "Actual Loops": 1,
          "Workers Planned": 4,
          "Workers Launched": 4,
          "Single Copy": false,
          "Plans": [
            {
              "Node Type": "Aggregate",
              "Strategy": "Plain",
              "Partial Mode": "Partial",
              "Parent Relationship": "Outer",
              "Parallel Aware": false,
              "Startup Cost": 55984.37,
              "Total Cost": 55984.38,
              "Plan Rows": 1,
              "Plan Width": 8,
              "Actual Startup Time": 106.151,
              "Actual Total Time": 106.152,
              "Actual Rows": 1,
              "Actual Loops": 5,
              "Plans": [
                {
                  "Node Type": "Nested Loop",
                  "Parent Relationship": "Outer",
                  "Parallel Aware": false,
                  "Join Type": "Inner",
                  "Startup Cost": 0.43,
                  "Total Cost": 55983.54,
                  "Plan Rows": 332,
                  "Plan Width": 0,
                  "Actual Startup Time": 60.202,
                  "Actual Total Time": 106.06,
                  "Actual Rows": 669,
                  "Actual Loops": 5,
                  "Inner Unique": false,
                  "Plans": [
                    {
                      "Node Type": "Seq Scan",
                      "Parent Relationship": "Outer",
                      "Parallel Aware": true,
                      "Relation Name": "title",
                      "Alias": "t",
                      "Startup Cost": 0.0,
                      "Total Cost": 45479.1,
                      "Plan Rows": 1822,
                      "Plan Width": 4,
                      "Actual Startup Time": 59.8,
                      "Actual Total Time": 86.293,
                      "Actual Rows": 5821,
                      "Actual Loops": 5,
                      "Filter": "((kind_id < 3) AND (production_year < 1911))",
                      "Rows Removed by Filter": 499842
                    },
                    {
                      "Node Type": "Index Scan",
                      "Parent Relationship": "Inner",
                      "Parallel Aware": false,
                      "Scan Direction": "Forward",
                      "Index Name": "movie_id_movie_info_idx",
                      "Relation Name": "movie_info_idx",
                      "Alias": "mi_idx",
                      "Startup Cost": 0.43,
                      "Total Cost": 5.76,
                      "Plan Rows": 1,
                      "Plan Width": 4,
                      "Actual Startup Time": 0.003,
                      "Actual Total Time": 0.003,
                      "Actual Rows": 0,
                      "Actual Loops": 29104,
                      "Index Cond": "(movie_id = t.id)",
                      "Rows Removed by Index Recheck": 0,
                      "Filter": "(info_type_id > 100)",
                      "Rows Removed by Filter": 0
                    }
                  ]
                }
              ]
            }
          ]
        }
      ]
    },
    "Planning Time": 0.619,
    "Triggers": [],
    "Execution Time": 130.366
  }
]