[
  {
    "Plan": {
      "Node Type": "Aggregate",
      "Strategy": "Plain",
      "Partial Mode": "Simple",
      "Parallel Aware": false,
      "Startup Cost": 4966.13,
      "Total Cost": 4966.14,
      "Plan Rows": 1,
      "Plan Width": 8,
      "Actual Startup Time": 54.004,
      "Actual Total Time": 54.006,
      "Actual Rows": 1,
      "Actual Loops": 1,
      "Plans": [
        {
          "Node Type": "Nested Loop",
          "Parent Relationship": "Outer",
          "Parallel Aware": false,
          "Join Type": "Inner",
          "Startup Cost": 8.14,
          "Total Cost": 4961.09,
          "Plan Rows": 2016,
          "Plan Width": 0,
          "Actual Startup Time": 0.112,
          "Actual Total Time": 47.854,
          "Actual Rows": 93771,
          "Actual Loops": 1,
          "Inner Unique": false,
          "Plans": [
            {
              "Node Type": "Nested Loop",
              "Parent Relationship": "Outer",
              "Parallel Aware": false,
              "Join Type": "Inner",
              "Startup Cost": 7.71,
              "Total Cost": 4299.44,
              "Plan Rows": 343,
              "Plan Width": 8,
              "Actual Startup Time": 0.069,
              "Actual Total Time": 1.751,
              "Actual Rows": 258,
              "Actual Loops": 1,
              "Inner Unique": true,
              "Plans": [
                {
                  "Node Type": "Bitmap Heap Scan",
                  "Parent Relationship": "Outer",
                  "Parallel Aware": false,
                  "Relation Name": "movie_info_idx",
                  "Alias": "mi_idx",
                  "Startup Cost": 7.28,
                  "Total Cost": 1221.84,
                  "Plan Rows": 368,
                  "Plan Width": 4,
                  "Actual Startup Time": 0.048,
                  "Actual Total Time": 0.086,
                  "Actual Rows": 260,
                  "Actual Loops": 1,
                  "Recheck Cond": "(info_type_id > 101)",
                  "Rows Removed by Index Recheck": 0,
                  "Exact Heap Blocks": 2,
                  "Lossy Heap Blocks": 0,
                  "Plans": [
                    {
                      "Node Type": "Bitmap Index Scan",
                      "Parent Relationship": "Outer",
                      "Parallel Aware": false,
                      "Index Name": "info_type_id_movie_info_idx",
                      "Startup Cost": 0.0,
                      "Total Cost": 7.19,
                      "Plan Rows": 368,
                      "Plan Width": 0,
                      "Actual Startup Time": 0.032,
                      "Actual Total Time": 0.033,
                      "Actual Rows": 260,
                      "Actual Loops": 1,
                      "Index Cond": "(info_type_id > 101)"
                    }
                  ]
                },
                {
                  "Node Type": "Index Scan",
                  "Parent Relationship": "Inner",
                  "Parallel Aware": false,
                  "Scan Direction": "Forward",
                  "Index Name": "title_pkey",
                  "Relation Name": "title",
                  "Alias": "t",
                  "Startup Cost": 0.43,
                  "Total Cost": 8.36,
                  "Plan Rows": 1,
                  "Plan Width": 4,
                  "Actual Startup Time": 0.006,
                  "Actual Total Time": 0.006,
                  "Actual Rows": 1,
                  "Actual Loops": 260,
                  "Index Cond": "(id = mi_idx.movie_id)",
                  "Rows Removed by Index Recheck": 0,
                  "Filter": "(production_year > 1924)",
                  "Rows Removed by Filter": 0
                }
              ]
            },
            {
              "Node Type": "Index Only Scan",
              "Parent Relationship": "Inner",
              "Parallel Aware": false,
              "Scan Direction": "Forward",
              "Index Name": "movie_id_movie_info",
              "Relation Name": "movie_info",
              "Alias": "mi",
              "Startup Cost": 0.43,
              "Total Cost": 1.52,
              "Plan Rows": 41,
              "Plan Width": 4,
              "Actual Startup Time": 0.018,
              "Actual Total Time": 0.142,
              "Actual Rows": 363,
              "Actual Loops": 258,
              "Index Cond": "(movie_id = t.id)",
              "Rows Removed by Index Recheck": 0,
              "Heap Fetches": 93771
            }
          ]
        }
      ]
    },
    "Planning Time": 0.865,
    "Triggers": [],
    "Execution Time": 54.062
  }
]