[
  {
    "Plan": {
      "Node Type": "Aggregate",
      "Strategy": "Plain",
      "Partial Mode": "Finalize",
      "Parallel Aware": false,
      "Startup Cost": 44734.11,
      "Total Cost": 44734.12,
      "Plan Rows": 1,
      "Plan Width": 8,
      "Actual Startup Time": 145.807,
      "Actual Total Time": 155.316,
      "Actual Rows": 1,
      "Actual Loops": 1,
      "Plans": [
        {
          "Node Type": "Gather",
          "Parent Relationship": "Outer",
          "Parallel Aware": false,
          "Startup Cost": 44733.8,
          "Total Cost": 44734.11,
          "Plan Rows": 3,
          "Plan Width": 8,
          "Actual Startup Time": 145.669,
          "Actual Total Time": 155.305,
          "Actual Rows": 4,
          "Actual Loops": 1,
          "Workers Planned": 3,
          "Workers Launched": 3,
          "Single Copy": false,
          "Plans": [
            {
              "Node Type": "Aggregate",
              "Strategy": "Plain",
              "Partial Mode": "Partial",
              "Parent Relationship": "Outer",
              "Parallel Aware": false,
              "Startup Cost": 43733.8,
              "Total Cost": 43733.81,
              "Plan Rows": 1,
              "Plan Width": 8,
              "Actual Startup Time": 136.963,
              "Actual Total Time": 136.964,
              "Actual Rows": 1,
              "Actual Loops": 4,
              "Plans": [
                {
                  "Node Type": "Seq Scan",
                  "Parent Relationship": "Outer",
                  "Parallel Aware": true,
                  "Relation Name": "movie_keyword",
                  "Alias": "mk",
                  "Startup Cost": 0.0,
                  "Total Cost": 42695.65,
                  "Plan Rows": 415257,
                  "Plan Width": 0,
                  "Actual Startup Time": 2.231,
                  "Actual Total Time": 118.652,
                  "Actual Rows": 324270,
                  "Actual Loops": 4,
                  "Filter": "(keyword_id > 13614)",
                  "Rows Removed by Filter": 806712
                }
              ]
            }
          ]
        }
      ]
    },
    "Planning Time": 0.158,
    "Triggers": [],
    "Execution Time": 155.37
  }
]