[
  {
    "Plan": {
      "Node Type": "Aggregate",
      "Strategy": "Plain",
      "Partial Mode": "Finalize",
      "Parallel Aware": false,
      "Startup Cost": 29678.28,
      "Total Cost": 29678.29,
      "Plan Rows": 1,
      "Plan Width": 8,
      "Actual Startup Time": 84.11,
      "Actual Total Time": 87.914,
      "Actual Rows": 1,
      "Actual Loops": 1,
      "Plans": [
        {
          "Node Type": "Gather",
          "Parent Relationship": "Outer",
          "Parallel Aware": false,
          "Startup Cost": 29677.97,
          "Total Cost": 29678.28,
          "Plan Rows": 3,
          "Plan Width": 8,
          "Actual Startup Time": 83.93,
          "Actual Total Time": 87.904,
          "Actual Rows": 4,
          "Actual Loops": 1,
          "Workers Planned": 3,
          "Workers Launched": 3,
          "Single Copy": false,
          "Plans": [
            {
              "Node Type": "Aggregate",
              "Strategy": "Plain",
              "Partial Mode": "Partial",
              "Parent Relationship": "Outer",
              "Parallel Aware": false,
              "Startup Cost": 28677.97,
              "Total Cost": 28677.98,
              "Plan Rows": 1,
              "Plan Width": 8,
              "Actual Startup Time": 76.474,
              "Actual Total Time": 76.476,
              "Actual Rows": 1,
              "Actual Loops": 4,
              "Plans": [
                {
                  "Node Type": "Bitmap Heap Scan",
                  "Parent Relationship": "Outer",
                  "Parallel Aware": true,
                  "Relation Name": "movie_keyword",
                  "Alias": "mk",
                  "Startup Cost": 3440.03,
                  "Total Cost": 28547.31,
                  "Plan Rows": 52262,
                  "Plan Width": 0,
                  "Actual Startup Time": 20.587,
                  "Actual Total Time": 73.105,
                  "Actual Rows": 38822,
                  "Actual Loops": 4,
                  "Recheck Cond": "(keyword_id > 73287)",
                  "Rows Removed by Index Recheck": 0,
                  "Exact Heap Blocks": 7986,
                  "Lossy Heap Blocks": 0,
                  "Plans": [
                    {
                      "Node Type": "Bitmap Index Scan",
                      "Parent Relationship": "Outer",
                      "Parallel Aware": false,
                      "Index Name": "keyword_id_movie_keyword",
                      "Startup Cost": 0.0,
                      "Total Cost": 3399.53,
                      "Plan Rows": 162013,
                      "Plan Width": 0,
                      "Actual Startup Time": 22.556,
                      "Actual Total Time": 22.557,
                      "Actual Rows": 155289,
                      "Actual Loops": 1,
                      "Index Cond": "(keyword_id > 73287)"
                    }
                  ]
                }
              ]
            }
          ]
        }
      ]
    },
    "Planning Time": 0.131,
    "Triggers": [],
    "Execution Time": 87.986
  }
]