[
  {
    "Plan": {
      "Node Type": "Aggregate",
      "Strategy": "Plain",
      "Partial Mode": "Finalize",
      "Parallel Aware": false,
      "Startup Cost": 280164.89,
      "Total Cost": 280164.9,
      "Plan Rows": 1,
      "Plan Width": 8,
      "Actual Startup Time": 969.324,
      "Actual Total Time": 994.781,
      "Actual Rows": 1,
      "Actual Loops": 1,
      "Plans": [
        {
          "Node Type": "Gather",
          "Parent Relationship": "Outer",
          "Parallel Aware": false,
          "Startup Cost": 280164.57,
          "Total Cost": 280164.88,
          "Plan Rows": 3,
          "Plan Width": 8,
          "Actual Startup Time": 954.421,
          "Actual Total Time": 994.77,
          "Actual Rows": 4,
          "Actual Loops": 1,
          "Workers Planned": 3,
          "Workers Launched": 3,
          "Single Copy": false,
          "Plans": [
            {
              "Node Type": "Aggregate",
              "Strategy": "Plain",
              "Partial Mode": "Partial",
              "Parent Relationship": "Outer",
              "Parallel Aware": false,
              "Startup Cost": 279164.57,
              "Total Cost": 279164.58,
              "Plan Rows": 1,
              "Plan Width": 8,
              "Actual Startup Time": 945.868,
              "Actual Total Time": 946.003,
              "Actual Rows": 1,
              "Actual Loops": 4,
              "Plans": [
                {
                  "Node Type": "Hash Join",
                  "Parent Relationship": "Outer",
                  "Parallel Aware": true,
                  "Join Type": "Inner",
                  "Startup Cost": 231706.15,
                  "Total Cost": 278419.45,
                  "Plan Rows": 298050,
                  "Plan Width": 0,
                  "Actual Startup Time": 648.59,
                  "Actual Total Time": 911.325,
                  "Actual Rows": 716698,
                  "Actual Loops": 4,
                  "Inner Unique": false,
                  "Hash Cond": "(mk.movie_id = t.id)",
                  "Plans": [
                    {
                      "Node Type": "Seq Scan",
                      "Parent Relationship": "Outer",
                      "Parallel Aware": true,
                      "Relation Name": "movie_keyword",
                      "Alias": "mk",
                      "Startup Cost": 0.0,
                      "Total Cost": 42695.65,
                      "Plan Rows": 912412,
                      "Plan Width": 4,
                      "Actual Startup Time": 0.249,
                      "Actual Total Time": 124.143,
                      "Actual Rows": 706770,
                      "Actual Loops": 4,
                      "Filter": "(keyword_id > 2632)",
                      "Rows Removed by Filter": 424212
                    },
                    {
                      "Node Type": "Hash",
                      "Parent Relationship": "Inner",
                      "Parallel Aware": true,
                      "Startup Cost": 229641.3,
                      "Total Cost": 229641.3,
                      "Plan Rows": 165188,
                      "Plan Width": 8,
                      "Actual Startup Time": 643.288,
                      "Actual Total Time": 643.422,
                      "Actual Rows": 200535,
                      "Actual Loops": 4,
                      "Hash Buckets": 1048576,
                      "Original Hash Buckets": 1048576,
                      "Hash Batches": 1,
                      "Original Hash Batches": 1,
                      "Peak Memory Usage": 39584,
                      "Plans": [
                        {
                          "Node Type": "Hash Join",
                          "Parent Relationship": "Outer",
                          "Parallel Aware": true,
                          "Join Type": "Inner",
                          "Startup Cost": 65149.84,
                          "Total Cost": 229641.3,
                          "Plan Rows": 165188,
                          "Plan Width": 8,
                          "Actual Startup Time": 423.925,
                          "Actual Total Time": 556.864,
                          "Actual Rows": 200535,
                          "Actual Loops": 4,
                          "Inner Unique": true,
                          "Hash Cond": "(mi.movie_id = t.id)",
                          "Plans": [
                            {
                              "Node Type": "Bitmap Heap Scan",
                              "Parent Relationship": "Outer",
                              "Parallel Aware": true,
                              "Relation Name": "movie_info",
                              "Alias": "mi",
                              "Startup Cost": 14929.45,
                              "Total Cost": 178987.3,
                              "Plan Rows": 165188,
                              "Plan Width": 4,
                              "Actual Startup Time": 31.558,
                              "Actual Total Time": 58.469,
                              "Actual Rows": 200535,
                              "Actual Loops": 4,
                              "Recheck Cond": "(info_type_id = 1)",
                              "Rows Removed by Index Recheck": 0,
                              "Exact Heap Blocks": 1492,
                              "Lossy Heap Blocks": 0,
                              "Plans": [
                                {
                                  "Node Type": "Bitmap Index Scan",
                                  "Parent Relationship": "Outer",
                                  "Parallel Aware": false,
                                  "Index Name": "info_type_id_movie_info",
                                  "Startup Cost": 0.0,
                                  "Total Cost": 14722.97,
                                  "Plan Rows": 825938,
                                  "Plan Width": 0,
                                  "Actual Startup Time": 30.799,
                                  "Actual Total Time": 30.799,
                                  "Actual Rows": 802140,
                                  "Actual Loops": 1,
                                  "Index Cond": "(info_type_id = 1)"
                                }
                              ]
                            },
                            {
                              "Node Type": "Hash",
                              "Parent Relationship": "Inner",
                              "Parallel Aware": true,
                              "Startup Cost": 42319.06,
                              "Total Cost": 42319.06,
                              "Plan Rows": 632106,
                              "Plan Width": 4,
                              "Actual Startup Time": 384.333,
                              "Actual Total Time": 384.334,
                              "Actual Rows": 632078,
                              "Actual Loops": 4,
                              "Hash Buckets": 4194304,
                              "Original Hash Buckets": 4194304,
                              "Hash Batches": 1,
                              "Original Hash Batches": 1,
                              "Peak Memory Usage": 131744,
                              "Plans": [
                                {
                                  "Node Type": "Seq Scan",
                                  "Parent Relationship": "Outer",
                                  "Parallel Aware": true,
                                  "Relation Name": "title",
                                  "Alias": "t",
                                  "Startup Cost": 0.0,
                                  "Total Cost": 42319.06,
                                  "Plan Rows": 632106,
                                  "Plan Width": 4,
                                  "Actual Startup Time": 0.057,
                                  "Actual Total Time": 114.272,
                                  "Actual Rows": 632078,
                                  "Actual Loops": 4
                                }
                              ]
                            }
                          ]
                        }
                      ]
                    }
                  ]
                }
              ]
            }
          ]
        }
      ]
    },
    "Planning Time": 1.37,
    "Triggers": [],
    "Execution Time": 994.902
  }
]