[
  {
    "Plan": {
      "Node Type": "Aggregate",
      "Strategy": "Plain",
      "Partial Mode": "Finalize",
      "Parallel Aware": false,
      "Startup Cost": 181209.47,
      "Total Cost": 181209.48,
      "Plan Rows": 1,
      "Plan Width": 8,
      "Actual Startup Time": 135.25,
      "Actual Total Time": 154.35,
      "Actual Rows": 1,
      "Actual Loops": 1,
      "Plans": [
        {
          "Node Type": "Gather",
          "Parent Relationship": "Outer",
          "Parallel Aware": false,
          "Startup Cost": 181209.05,
          "Total Cost": 181209.46,
          "Plan Rows": 4,
          "Plan Width": 8,
          "Actual Startup Time": 134.94,
          "Actual Total Time": 154.336,
          "Actual Rows": 5,
          "Actual Loops": 1,
          "Workers Planned": 4,
          "Workers Launched": 4,
          "Single Copy": false,
          "Plans": [
            {
              "Node Type": "Aggregate",
              "Strategy": "Plain",
              "Partial Mode": "Partial",
              "Parent Relationship": "Outer",
              "Parallel Aware": false,
              "Startup Cost": 180209.05,
              "Total Cost": 180209.06,
              "Plan Rows": 1,
              "Plan Width": 8,
              "Actual Startup Time": 126.015,
              "Actual Total Time": 126.017,
              "Actual Rows": 1,
              "Actual Loops": 5,
              "Plans": [
                {
                  "Node Type": "Nested Loop",
                  "Parent Relationship": "Outer",
                  "Parallel Aware": false,
                  "Join Type": "Inner",
                  "Startup Cost": 0.56,
                  "Total Cost": 180193.63,
                  "Plan Rows": 6165,
                  "Plan Width": 0,
                  "Actual Startup Time": 61.336,
                  "Actual Total Time": 125.944,
                  "Actual Rows": 520,
                  "Actual Loops": 5,
                  "Inner Unique": false,
                  "Plans": [
                    {
                      "Node Type": "Seq Scan",
                      "Parent Relationship": "Outer",
                      "Parallel Aware": true,
                      "Relation Name": "title",
                      "Alias": "t",
                      "Startup Cost": 0.0,
                      "Total Cost": 45479.59,
                      "Plan Rows": 1227,
                      "Plan Width": 4,
                      "Actual Startup Time": 60.78,
                      "Actual Total Time": 85.93,
                      "Actual Rows": 3676,
                      "Actual Loops": 5,
                      "Filter": "((production_year < 1908) AND (kind_id = 1))",
                      "Rows Removed by Filter": 501987
                    },
                    {
                      "Node Type": "Index Scan",
                      "Parent Relationship": "Inner",
                      "Parallel Aware": false,
                      "Scan Direction": "Forward",
                      "Index Name": "movie_id_cast_info",
                      "Relation Name": "cast_info",
                      "Alias": "ci",
                      "Startup Cost": 0.56,
                      "Total Cost": 109.67,
                      "Plan Rows": 12,
                      "Plan Width": 4,
                      "Actual Startup Time": 0.01,
                      "Actual Total Time": 0.011,
                      "Actual Rows": 0,
                      "Actual Loops": 18378,
                      "Index Cond": "(movie_id = t.id)",
                      "Rows Removed by Index Recheck": 0,
                      "Filter": "(role_id < 2)",
                      "Rows Removed by Filter": 1
                    }
                  ]
                }
              ]
            }
          ]
        }
      ]
    },
    "Planning Time": 0.652,
    "Triggers": [],
    "Execution Time": 154.426
  }
]