[
  {
    "Plan": {
      "Node Type": "Aggregate",
      "Strategy": "Plain",
      "Partial Mode": "Finalize",
      "Parallel Aware": false,
      "Startup Cost": 82232.62,
      "Total Cost": 82232.63,
      "Plan Rows": 1,
      "Plan Width": 8,
      "Actual Startup Time": 212.0,
      "Actual Total Time": 225.113,
      "Actual Rows": 1,
      "Actual Loops": 1,
      "Plans": [
        {
          "Node Type": "Gather",
          "Parent Relationship": "Outer",
          "Parallel Aware": false,
          "Startup Cost": 82232.3,
          "Total Cost": 82232.61,
          "Plan Rows": 3,
          "Plan Width": 8,
          "Actual Startup Time": 211.326,
          "Actual Total Time": 225.104,
          "Actual Rows": 4,
          "Actual Loops": 1,
          "Workers Planned": 3,
          "Workers Launched": 3,
          "Single Copy": false,
          "Plans": [
            {
              "Node Type": "Aggregate",
              "Strategy": "Plain",
              "Partial Mode": "Partial",
              "Parent Relationship": "Outer",
              "Parallel Aware": false,
              "Startup Cost": 81232.3,
              "Total Cost": 81232.31,
              "Plan Rows": 1,
              "Plan Width": 8,
              "Actual Startup Time": 208.078,
              "Actual Total Time": 208.082,
              "Actual Rows": 1,
              "Actual Loops": 4,
              "Plans": [
                {
                  "Node Type": "Hash Join",
                  "Parent Relationship": "Outer",
                  "Parallel Aware": true,
                  "Join Type": "Inner",
                  "Startup Cost": 38274.45,
                  "Total Cost": 81152.53,
                  "Plan Rows": 31908,
                  "Plan Width": 0,
                  "Actual Startup Time": 67.923,
                  "Actual Total Time": 205.876,
                  "Actual Rows": 49755,
                  "Actual Loops": 4,
                  "Inner Unique": true,
                  "Hash Cond": "(mk.movie_id = t.id)",
                  "Plans": [
                    {
                      "Node Type": "Seq Scan",
                      "Parent Relationship": "Outer",
                      "Parallel Aware": true,
                      "Relation Name": "movie_keyword",
                      "Alias": "mk",
                      "Startup Cost": 0.0,
                      "Total Cost": 39047.32,
                      "Plan Rows": 1459332,
                      "Plan Width": 4,
                      "Actual Startup Time": 0.022,
                      "Actual Total Time": 84.114,
                      "Actual Rows": 1130982,
                      "Actual Loops": 4
                    },
                    {
                      "Node Type": "Hash",
                      "Parent Relationship": "Inner",
                      "Parallel Aware": true,
                      "Startup Cost": 38101.69,
                      "Total Cost": 38101.69,
                      "Plan Rows": 13821,
                      "Plan Width": 4,
                      "Actual Startup Time": 36.268,
                      "Actual Total Time": 36.269,
                      "Actual Rows": 18378,
                      "Actual Loops": 4,
                      "Hash Buckets": 131072,
                      "Original Hash Buckets": 65536,
                      "Hash Batches": 1,
                      "Original Hash Batches": 1,
                      "Peak Memory Usage": 4480,
                      "Plans": [
                        {
                          "Node Type": "Bitmap Heap Scan",
                          "Parent Relationship": "Outer",
                          "Parallel Aware": true,
                          "Relation Name": "title",
                          "Alias": "t",
                          "Startup Cost": 1740.54,
                          "Total Cost": 38101.69,
                          "Plan Rows": 13821,
                          "Plan Width": 4,
                          "Actual Startup Time": 5.583,
                          "Actual Total Time": 28.825,
                          "Actual Rows": 18378,
                          "Actual Loops": 4,
                          "Recheck Cond": "(kind_id = 3)",
                          "Rows Removed by Index Recheck": 0,
                          "Filter": "(production_year < 2006)",
                          "Rows Removed by Filter": 6756,
                          "Exact Heap Blocks": 5737,
                          "Lossy Heap Blocks": 0,
                          "Plans": [
                            {
                              "Node Type": "Bitmap Index Scan",
                              "Parent Relationship": "Outer",
                              "Parallel Aware": false,
                              "Index Name": "kind_id_title",
                              "Startup Cost": 0.0,
                              "Total Cost": 1726.72,
                              "Plan Rows": 96839,
                              "Plan Width": 0,
                              "Actual Startup Time": 5.985,
                              "Actual Total Time": 5.986,
                              "Actual Rows": 100537,
                              "Actual Loops": 1,
                              "Index Cond": "(kind_id = 3)"
                            }
                          ]
                        }
                      ]
                    }
                  ]
                }
              ]
            }
          ]
        }
      ]
    },
    "Planning Time": 0.212,
    "Triggers": [],
    "Execution Time": 225.156
  }
]