[
  {
    "Plan": {
      "Node Type": "Aggregate",
      "Strategy": "Plain",
      "Partial Mode": "Finalize",
      "Parallel Aware": false,
      "Startup Cost": 46470.07,
      "Total Cost": 46470.08,
      "Plan Rows": 1,
      "Plan Width": 8,
      "Actual Startup Time": 140.565,
      "Actual Total Time": 146.519,
      "Actual Rows": 1,
      "Actual Loops": 1,
      "Plans": [
        {
          "Node Type": "Gather",
          "Parent Relationship": "Outer",
          "Parallel Aware": false,
          "Startup Cost": 46469.75,
          "Total Cost": 46470.06,
          "Plan Rows": 3,
          "Plan Width": 8,
          "Actual Startup Time": 140.488,
          "Actual Total Time": 146.514,
          "Actual Rows": 4,
          "Actual Loops": 1,
          "Workers Planned": 3,
          "Workers Launched": 3,
          "Single Copy": false,
          "Plans": [
            {
              "Node Type": "Aggregate",
              "Strategy": "Plain",
              "Partial Mode": "Partial",
              "Parent Relationship": "Outer",
              "Parallel Aware": false,
              "Startup Cost": 45469.75,
              "Total Cost": 45469.76,
              "Plan Rows": 1,
              "Plan Width": 8,
              "Actual Startup Time": 137.839,
              "Actual Total Time": 137.84,
              "Actual Rows": 1,
              "Actual Loops": 4,
              "Plans": [
                {
                  "Node Type": "Seq Scan",
                  "Parent Relationship": "Outer",
                  "Parallel Aware": true,
                  "Relation Name": "movie_keyword",
                  "Alias": "mk",
                  "Startup Cost": 0.0,
                  "Total Cost": 42695.65,
                  "Plan Rows": 1109638,
                  "Plan Width": 0,
                  "Actual Startup Time": 0.018,
                  "Actual Total Time": 102.033,
                  "Actual Rows": 866110,
                  "Actual Loops": 4,
                  "Filter": "(keyword_id < 16605)",
                  "Rows Removed by Filter": 264872
                }
              ]
            }
          ]
        }
      ]
    },
    "Planning Time": 0.065,
    "Triggers": [],
    "Execution Time": 146.541
  }
]