{
  "Plan": {
    "Node Type": "Aggregate",
    "Strategy": "Plain",
    "Partial Mode": "Finalize",
    "Parallel Aware": false,
    "Startup Cost": 264753.54,
    "Total Cost": 264753.55,
    "Plan Rows": 1,
    "Plan Width": 8,
    "Actual Startup Time": 1063.655,
    "Actual Total Time": 1087.874,
    "Actual Rows": 1,
    "Actual Loops": 1,
    "Plans": [
      {
        "Node Type": "Gather",
        "Parent Relationship": "Outer",
        "Parallel Aware": false,
        "Startup Cost": 264753.43,
        "Total Cost": 264753.54,
        "Plan Rows": 1,
        "Plan Width": 8,
        "Actual Startup Time": 1060.653,
        "Actual Total Time": 1087.868,
        "Actual Rows": 2,
        "Actual Loops": 1,
        "Workers Planned": 1,
        "Workers Launched": 1,
        "Single Copy": false,
        "Plans": [
          {
            "Node Type": "Aggregate",
            "Strategy": "Plain",
            "Partial Mode": "Partial",
            "Parent Relationship": "Outer",
            "Parallel Aware": false,
            "Startup Cost": 263753.43,
            "Total Cost": 263753.44,
            "Plan Rows": 1,
            "Plan Width": 8,
            "Actual Startup Time": 1052.226,
            "Actual Total Time": 1052.23,
            "Actual Rows": 1,
            "Actual Loops": 2,
            "Plans": [
              {
                "Node Type": "Hash Join",
                "Parent Relationship": "Outer",
                "Parallel Aware": true,
                "Join Type": "Inner",
                "Startup Cost": 69068.11,
                "Total Cost": 260140.85,
                "Plan Rows": 1445034,
                "Plan Width": 0,
                "Actual Startup Time": 372.917,
                "Actual Total Time": 1033.072,
                "Actual Rows": 444562,
                "Actual Loops": 2,
                "Inner Unique": true,
                "Hash Cond": "(ci.movie_id = t.id)",
                "Plans": [
                  {
                    "Node Type": "Index Scan",
                    "Parent Relationship": "Outer",
                    "Parallel Aware": true,
                    "Scan Direction": "Forward",
                    "Index Name": "role_id_cast_info",
                    "Relation Name": "cast_info",
                    "Alias": "ci",
                    "Startup Cost": 0.56,
                    "Total Cost": 184520.29,
                    "Plan Rows": 2496382,
                    "Plan Width": 4,
                    "Actual Startup Time": 0.106,
                    "Actual Total Time": 375.848,
                    "Actual Rows": 761192,
                    "Actual Loops": 2,
                    "Index Cond": "(role_id > 8)",
                    "Rows Removed by Index Recheck": 0,
                    "Filter": "(person_id < 2767231)",
                    "Rows Removed by Filter": 2105156
                  },
                  {
                    "Node Type": "Hash",
                    "Parent Relationship": "Inner",
                    "Parallel Aware": true,
                    "Startup Cost": 58306.47,
                    "Total Cost": 58306.47,
                    "Plan Rows": 860886,
                    "Plan Width": 4,
                    "Actual Startup Time": 357.485,
                    "Actual Total Time": 357.485,
                    "Actual Rows": 739220,
                    "Actual Loops": 2,
                    "Hash Buckets": 2097152,
                    "Original Hash Buckets": 2097152,
                    "Hash Batches": 1,
                    "Original Hash Batches": 1,
                    "Peak Memory Usage": 74240,
                    "Plans": [
                      {
                        "Node Type": "Seq Scan",
                        "Parent Relationship": "Outer",
                        "Parallel Aware": true,
                        "Relation Name": "title",
                        "Alias": "t",
                        "Startup Cost": 0.0,
                        "Total Cost": 58306.47,
                        "Plan Rows": 860886,
                        "Plan Width": 4,
                        "Actual Startup Time": 0.031,
                        "Actual Total Time": 170.066,
                        "Actual Rows": 739220,
                        "Actual Loops": 2,
                        "Filter": "((production_year > 1913) AND (kind_id = 7))",
                        "Rows Removed by Filter": 524936
                      }
                    ]
                  }
                ]
              }
            ]
          }
        ]
      }
    ]
  },
  "Planning Time": 0.647,
  "Triggers": [],
  "Execution Time": 1087.951
}