{
    "Plan": {
        "Node Type": "Aggregate",
        "Strategy": "Plain",
        "Partial Mode": "Finalize",
        "Parallel Aware": false,
        "Startup Cost": 183727.29,
        "Total Cost": 183727.3,
        "Plan Rows": 1,
        "Plan Width": 8,
        "Actual Startup Time": 110.671,
        "Actual Total Time": 124.779,
        "Actual Rows": 1,
        "Actual Loops": 1,
        "Output": [
            "count(*)"
        ],
        "Plans": [
            {
                "Node Type": "Gather",
                "Parent Relationship": "Outer",
                "Parallel Aware": false,
                "Startup Cost": 183726.87,
                "Total Cost": 183727.28,
                "Plan Rows": 4,
                "Plan Width": 8,
                "Actual Startup Time": 110.559,
                "Actual Total Time": 124.77,
                "Actual Rows": 5,
                "Actual Loops": 1,
                "Output": [
                    "(PARTIAL count(*))"
                ],
                "Workers Planned": 4,
                "Workers Launched": 4,
                "Single Copy": false,
                "Plans": [
                    {
                        "Node Type": "Aggregate",
                        "Strategy": "Plain",
                        "Partial Mode": "Partial",
                        "Parent Relationship": "Outer",
                        "Parallel Aware": false,
                        "Startup Cost": 182726.87,
                        "Total Cost": 182726.88,
                        "Plan Rows": 1,
                        "Plan Width": 8,
                        "Actual Startup Time": 100.521,
                        "Actual Total Time": 100.523,
                        "Actual Rows": 1,
                        "Actual Loops": 5,
                        "Output": [
                            "PARTIAL count(*)"
                        ],
                        "Workers": [
                            {
                                "Worker Number": 0,
                                "Actual Startup Time": 98.109,
                                "Actual Total Time": 98.11,
                                "Actual Rows": 1,
                                "Actual Loops": 1
                            },
                            {
                                "Worker Number": 1,
                                "Actual Startup Time": 97.869,
                                "Actual Total Time": 97.871,
                                "Actual Rows": 1,
                                "Actual Loops": 1
                            },
                            {
                                "Worker Number": 2,
                                "Actual Startup Time": 97.859,
                                "Actual Total Time": 97.861,
                                "Actual Rows": 1,
                                "Actual Loops": 1
                            },
                            {
                                "Worker Number": 3,
                                "Actual Startup Time": 98.967,
                                "Actual Total Time": 98.969,
                                "Actual Rows": 1,
                                "Actual Loops": 1
                            }
                        ],
                        "Plans": [
                            {
                                "Node Type": "Nested Loop",
                                "Parent Relationship": "Outer",
                                "Parallel Aware": false,
                                "Join Type": "Inner",
                                "Startup Cost": 0.43,
                                "Total Cost": 182726.14,
                                "Plan Rows": 294,
                                "Plan Width": 0,
                                "Actual Startup Time": 30.747,
                                "Actual Total Time": 100.506,
                                "Actual Rows": 26,
                                "Actual Loops": 5,
                                "Inner Unique": false,
                                "Workers": [
                                    {
                                        "Worker Number": 0,
                                        "Actual Startup Time": 51.285,
                                        "Actual Total Time": 98.096,
                                        "Actual Rows": 28,
                                        "Actual Loops": 1
                                    },
                                    {
                                        "Worker Number": 1,
                                        "Actual Startup Time": 31.512,
                                        "Actual Total Time": 97.854,
                                        "Actual Rows": 11,
                                        "Actual Loops": 1
                                    },
                                    {
                                        "Worker Number": 2,
                                        "Actual Startup Time": 52.004,
                                        "Actual Total Time": 97.846,
                                        "Actual Rows": 19,
                                        "Actual Loops": 1
                                    },
                                    {
                                        "Worker Number": 3,
                                        "Actual Startup Time": 12.514,
                                        "Actual Total Time": 98.952,
                                        "Actual Rows": 22,
                                        "Actual Loops": 1
                                    }
                                ],
                                "Plans": [
                                    {
                                        "Node Type": "Seq Scan",
                                        "Parent Relationship": "Outer",
                                        "Parallel Aware": true,
                                        "Relation Name": "title",
                                        "Schema": "public",
                                        "Alias": "t",
                                        "Startup Cost": 0.0,
                                        "Total Cost": 45479.21,
                                        "Plan Rows": 1429,
                                        "Plan Width": 4,
                                        "Actual Startup Time": 0.318,
                                        "Actual Total Time": 78.073,
                                        "Actual Rows": 1184,
                                        "Actual Loops": 5,
                                        "Output": [
                                            "t.id",
                                            "t.title",
                                            "t.imdb_index",
                                            "t.kind_id",
                                            "t.production_year",
                                            "t.imdb_id",
                                            "t.phonetic_code",
                                            "t.episode_of_id",
                                            "t.season_nr",
                                            "t.episode_nr",
                                            "t.series_years",
                                            "t.md5sum"
                                        ],
                                        "Filter": "((t.kind_id > 4) AND (t.production_year = 1962))",
                                        "Rows Removed by Filter": 504479,
                                        "Workers": [
                                            {
                                                "Worker Number": 0,
                                                "Actual Startup Time": 0.113,
                                                "Actual Total Time": 74.613,
                                                "Actual Rows": 965,
                                                "Actual Loops": 1
                                            },
                                            {
                                                "Worker Number": 1,
                                                "Actual Startup Time": 0.441,
                                                "Actual Total Time": 73.347,
                                                "Actual Rows": 743,
                                                "Actual Loops": 1
                                            },
                                            {
                                                "Worker Number": 2,
                                                "Actual Startup Time": 0.905,
                                                "Actual Total Time": 73.961,
                                                "Actual Rows": 958,
                                                "Actual Loops": 1
                                            },
                                            {
                                                "Worker Number": 3,
                                                "Actual Startup Time": 0.108,
                                                "Actual Total Time": 74.489,
                                                "Actual Rows": 1040,
                                                "Actual Loops": 1
                                            }
                                        ]
                                    },
                                    {
                                        "Node Type": "Index Scan",
                                        "Parent Relationship": "Inner",
                                        "Parallel Aware": false,
                                        "Scan Direction": "Forward",
                                        "Index Name": "movie_id_movie_info",
                                        "Relation Name": "movie_info",
                                        "Schema": "public",
                                        "Alias": "mi",
                                        "Startup Cost": 0.43,
                                        "Total Cost": 96.03,
                                        "Plan Rows": 1,
                                        "Plan Width": 4,
                                        "Actual Startup Time": 0.018,
                                        "Actual Total Time": 0.018,
                                        "Actual Rows": 0,
                                        "Actual Loops": 5919,
                                        "Output": [
                                            "mi.id",
                                            "mi.movie_id",
                                            "mi.info_type_id",
                                            "mi.info",
                                            "mi.note"
                                        ],
                                        "Index Cond": "(mi.movie_id = t.id)",
                                        "Rows Removed by Index Recheck": 0,
                                        "Filter": "(mi.info_type_id > 98)",
                                        "Rows Removed by Filter": 6,
                                        "Workers": [
                                            {
                                                "Worker Number": 0,
                                                "Actual Startup Time": 0.023,
                                                "Actual Total Time": 0.024,
                                                "Actual Rows": 0,
                                                "Actual Loops": 965
                                            },
                                            {
                                                "Worker Number": 1,
                                                "Actual Startup Time": 0.032,
                                                "Actual Total Time": 0.032,
                                                "Actual Rows": 0,
                                                "Actual Loops": 743
                                            },
                                            {
                                                "Worker Number": 2,
                                                "Actual Startup Time": 0.024,
                                                "Actual Total Time": 0.024,
                                                "Actual Rows": 0,
                                                "Actual Loops": 958
                                            },
                                            {
                                                "Worker Number": 3,
                                                "Actual Startup Time": 0.023,
                                                "Actual Total Time": 0.023,
                                                "Actual Rows": 0,
                                                "Actual Loops": 1040
                                            }
                                        ]
                                    }
                                ]
                            }
                        ]
                    }
                ]
            }
        ]
    },
    "Planning Time": 0.873,
    "Triggers": [],
    "Execution Time": 124.857
}