{
  "Plan": {
    "Node Type": "Aggregate",
    "Strategy": "Plain",
    "Partial Mode": "Finalize",
    "Parallel Aware": false,
    "Startup Cost": 212527.09,
    "Total Cost": 212527.1,
    "Plan Rows": 1,
    "Plan Width": 8,
    "Actual Startup Time": 1364.625,
    "Actual Total Time": 1416.201,
    "Actual Rows": 1,
    "Actual Loops": 1,
    "Plans": [
      {
        "Node Type": "Gather",
        "Parent Relationship": "Outer",
        "Parallel Aware": false,
        "Startup Cost": 212526.98,
        "Total Cost": 212527.09,
        "Plan Rows": 1,
        "Plan Width": 8,
        "Actual Startup Time": 1364.115,
        "Actual Total Time": 1416.192,
        "Actual Rows": 2,
        "Actual Loops": 1,
        "Workers Planned": 1,
        "Workers Launched": 1,
        "Single Copy": false,
        "Plans": [
          {
            "Node Type": "Aggregate",
            "Strategy": "Plain",
            "Partial Mode": "Partial",
            "Parent Relationship": "Outer",
            "Parallel Aware": false,
            "Startup Cost": 211526.98,
            "Total Cost": 211526.99,
            "Plan Rows": 1,
            "Plan Width": 8,
            "Actual Startup Time": 1358.128,
            "Actual Total Time": 1358.132,
            "Actual Rows": 1,
            "Actual Loops": 2,
            "Plans": [
              {
                "Node Type": "Nested Loop",
                "Parent Relationship": "Outer",
                "Parallel Aware": false,
                "Join Type": "Inner",
                "Startup Cost": 55317.1,
                "Total Cost": 210795.57,
                "Plan Rows": 292562,
                "Plan Width": 0,
                "Actual Startup Time": 199.603,
                "Actual Total Time": 1298.546,
                "Actual Rows": 1127942,
                "Actual Loops": 2,
                "Inner Unique": false,
                "Join Filter": "(t.id = mi.movie_id)",
                "Rows Removed by Join Filter": 0,
                "Plans": [
                  {
                    "Node Type": "Hash Join",
                    "Parent Relationship": "Outer",
                    "Parallel Aware": true,
                    "Join Type": "Inner",
                    "Startup Cost": 55316.66,
                    "Total Cost": 96865.33,
                    "Plan Rows": 53335,
                    "Plan Width": 8,
                    "Actual Startup Time": 199.523,
                    "Actual Total Time": 475.832,
                    "Actual Rows": 95738,
                    "Actual Loops": 2,
                    "Inner Unique": true,
                    "Hash Cond": "(mc.movie_id = t.id)",
                    "Plans": [
                      {
                        "Node Type": "Seq Scan",
                        "Parent Relationship": "Outer",
                        "Parallel Aware": true,
                        "Relation Name": "movie_companies",
                        "Alias": "mc",
                        "Startup Cost": 0.0,
                        "Total Cost": 37974.77,
                        "Plan Rows": 1361477,
                        "Plan Width": 4,
                        "Actual Startup Time": 0.067,
                        "Actual Total Time": 148.841,
                        "Actual Rows": 1158126,
                        "Actual Loops": 2,
                        "Filter": "(company_id > 159)",
                        "Rows Removed by Filter": 146438
                      },
                      {
                        "Node Type": "Hash",
                        "Parent Relationship": "Inner",
                        "Parallel Aware": true,
                        "Startup Cost": 54588.39,
                        "Total Cost": 54588.39,
                        "Plan Rows": 58262,
                        "Plan Width": 4,
                        "Actual Startup Time": 160.613,
                        "Actual Total Time": 160.614,
                        "Actual Rows": 50597,
                        "Actual Loops": 2,
                        "Hash Buckets": 131072,
                        "Original Hash Buckets": 131072,
                        "Hash Batches": 1,
                        "Original Hash Batches": 1,
                        "Peak Memory Usage": 4992,
                        "Plans": [
                          {
                            "Node Type": "Seq Scan",
                            "Parent Relationship": "Outer",
                            "Parallel Aware": true,
                            "Relation Name": "title",
                            "Alias": "t",
                            "Startup Cost": 0.0,
                            "Total Cost": 54588.39,
                            "Plan Rows": 58262,
                            "Plan Width": 4,
                            "Actual Startup Time": 72.883,
                            "Actual Total Time": 147.891,
                            "Actual Rows": 50597,
                            "Actual Loops": 2,
                            "Filter": "(production_year < 1925)",
                            "Rows Removed by Filter": 1213559
                          }
                        ]
                      }
                    ]
                  },
                  {
                    "Node Type": "Index Scan",
                    "Parent Relationship": "Inner",
                    "Parallel Aware": false,
                    "Scan Direction": "Forward",
                    "Index Name": "movie_id_movie_info",
                    "Relation Name": "movie_info",
                    "Alias": "mi",
                    "Startup Cost": 0.43,
                    "Total Cost": 1.65,
                    "Plan Rows": 39,
                    "Plan Width": 4,
                    "Actual Startup Time": 0.003,
                    "Actual Total Time": 0.007,
                    "Actual Rows": 12,
                    "Actual Loops": 191475,
                    "Index Cond": "(movie_id = mc.movie_id)",
                    "Rows Removed by Index Recheck": 0,
                    "Filter": "(info_type_id < 98)",
                    "Rows Removed by Filter": 0
                  }
                ]
              }
            ]
          }
        ]
      }
    ]
  },
  "Planning Time": 0.951,
  "Triggers": [],
  "Execution Time": 1416.299
}