[
    {
        "Bao": {
            "Bao prediction": 468.279,
            "Bao recommended hint": "(no hint)"
        }
    },
    {
        "Plan": {
            "Node Type": "Aggregate",
            "Strategy": "Plain",
            "Partial Mode": "Finalize",
            "Parallel Aware": false,
            "Startup Cost": 31290.64,
            "Total Cost": 31290.65,
            "Plan Rows": 1,
            "Plan Width": 8,
            "Actual Startup Time": 127.833,
            "Actual Total Time": 135.981,
            "Actual Rows": 1,
            "Actual Loops": 1,
            "Output": [
                "count(*)"
            ],
            "Plans": [
                {
                    "Node Type": "Gather",
                    "Parent Relationship": "Outer",
                    "Parallel Aware": false,
                    "Startup Cost": 31290.32,
                    "Total Cost": 31290.63,
                    "Plan Rows": 3,
                    "Plan Width": 8,
                    "Actual Startup Time": 127.752,
                    "Actual Total Time": 135.973,
                    "Actual Rows": 4,
                    "Actual Loops": 1,
                    "Output": [
                        "(PARTIAL count(*))"
                    ],
                    "Workers Planned": 3,
                    "Workers Launched": 3,
                    "Single Copy": false,
                    "Plans": [
                        {
                            "Node Type": "Aggregate",
                            "Strategy": "Plain",
                            "Partial Mode": "Partial",
                            "Parent Relationship": "Outer",
                            "Parallel Aware": false,
                            "Startup Cost": 30290.32,
                            "Total Cost": 30290.33,
                            "Plan Rows": 1,
                            "Plan Width": 8,
                            "Actual Startup Time": 120.045,
                            "Actual Total Time": 120.046,
                            "Actual Rows": 1,
                            "Actual Loops": 4,
                            "Output": [
                                "PARTIAL count(*)"
                            ],
                            "Workers": [
                                {
                                    "Worker Number": 0,
                                    "Actual Startup Time": 117.341,
                                    "Actual Total Time": 117.342,
                                    "Actual Rows": 1,
                                    "Actual Loops": 1
                                },
                                {
                                    "Worker Number": 1,
                                    "Actual Startup Time": 117.316,
                                    "Actual Total Time": 117.318,
                                    "Actual Rows": 1,
                                    "Actual Loops": 1
                                },
                                {
                                    "Worker Number": 2,
                                    "Actual Startup Time": 118.326,
                                    "Actual Total Time": 118.327,
                                    "Actual Rows": 1,
                                    "Actual Loops": 1
                                }
                            ],
                            "Plans": [
                                {
                                    "Node Type": "Seq Scan",
                                    "Parent Relationship": "Outer",
                                    "Parallel Aware": true,
                                    "Relation Name": "movie_companies",
                                    "Schema": "public",
                                    "Alias": "mc",
                                    "Startup Cost": 0.0,
                                    "Total Cost": 29310.68,
                                    "Plan Rows": 391856,
                                    "Plan Width": 0,
                                    "Actual Startup Time": 22.159,
                                    "Actual Total Time": 99.61,
                                    "Actual Rows": 305479,
                                    "Actual Loops": 4,
                                    "Output": [
                                        "id",
                                        "movie_id",
                                        "company_id",
                                        "company_type_id",
                                        "note"
                                    ],
                                    "Filter": "(mc.company_id > 12003)",
                                    "Rows Removed by Filter": 346803,
                                    "Workers": [
                                        {
                                            "Worker Number": 0,
                                            "Actual Startup Time": 19.433,
                                            "Actual Total Time": 97.29,
                                            "Actual Rows": 292218,
                                            "Actual Loops": 1
                                        },
                                        {
                                            "Worker Number": 1,
                                            "Actual Startup Time": 19.453,
                                            "Actual Total Time": 97.312,
                                            "Actual Rows": 291500,
                                            "Actual Loops": 1
                                        },
                                        {
                                            "Worker Number": 2,
                                            "Actual Startup Time": 20.443,
                                            "Actual Total Time": 98.602,
                                            "Actual Rows": 285782,
                                            "Actual Loops": 1
                                        }
                                    ]
                                }
                            ]
                        }
                    ]
                }
            ]
        },
        "Planning Time": 1296.657,
        "Triggers": [],
        "Execution Time": 136.073
    }
]