[
  {
    "Plan": {
      "Node Type": "Aggregate",
      "Strategy": "Plain",
      "Partial Mode": "Finalize",
      "Parallel Aware": false,
      "Startup Cost": 31734.78,
      "Total Cost": 31734.79,
      "Plan Rows": 1,
      "Plan Width": 8,
      "Actual Startup Time": 125.306,
      "Actual Total Time": 133.282,
      "Actual Rows": 1,
      "Actual Loops": 1,
      "Plans": [
        {
          "Node Type": "Gather",
          "Parent Relationship": "Outer",
          "Parallel Aware": false,
          "Startup Cost": 31734.47,
          "Total Cost": 31734.78,
          "Plan Rows": 3,
          "Plan Width": 8,
          "Actual Startup Time": 125.202,
          "Actual Total Time": 133.273,
          "Actual Rows": 4,
          "Actual Loops": 1,
          "Workers Planned": 3,
          "Workers Launched": 3,
          "Single Copy": false,
          "Plans": [
            {
              "Node Type": "Aggregate",
              "Strategy": "Plain",
              "Partial Mode": "Partial",
              "Parent Relationship": "Outer",
              "Parallel Aware": false,
              "Startup Cost": 30734.47,
              "Total Cost": 30734.48,
              "Plan Rows": 1,
              "Plan Width": 8,
              "Actual Startup Time": 116.639,
              "Actual Total Time": 116.64,
              "Actual Rows": 1,
              "Actual Loops": 4,
              "Plans": [
                {
                  "Node Type": "Seq Scan",
                  "Parent Relationship": "Outer",
                  "Parallel Aware": true,
                  "Relation Name": "movie_companies",
                  "Alias": "mc",
                  "Startup Cost": 0.0,
                  "Total Cost": 29310.68,
                  "Plan Rows": 569514,
                  "Plan Width": 0,
                  "Actual Startup Time": 1.506,
                  "Actual Total Time": 93.379,
                  "Actual Rows": 442757,
                  "Actual Loops": 4,
                  "Filter": "(company_id > 2179)",
                  "Rows Removed by Filter": 209525
                }
              ]
            }
          ]
        }
      ]
    },
    "Planning Time": 0.154,
    "Triggers": [],
    "Execution Time": 133.333
  }
]