[
  {
    "Plan": {
      "Node Type": "Aggregate",
      "Strategy": "Plain",
      "Partial Mode": "Finalize",
      "Parallel Aware": false,
      "Startup Cost": 81545.98,
      "Total Cost": 81545.99,
      "Plan Rows": 1,
      "Plan Width": 8,
      "Actual Startup Time": 434.867,
      "Actual Total Time": 451.702,
      "Actual Rows": 1,
      "Actual Loops": 1,
      "Plans": [
        {
          "Node Type": "Gather",
          "Parent Relationship": "Outer",
          "Parallel Aware": false,
          "Startup Cost": 81545.66,
          "Total Cost": 81545.97,
          "Plan Rows": 3,
          "Plan Width": 8,
          "Actual Startup Time": 427.296,
          "Actual Total Time": 451.692,
          "Actual Rows": 4,
          "Actual Loops": 1,
          "Workers Planned": 3,
          "Workers Launched": 3,
          "Single Copy": false,
          "Plans": [
            {
              "Node Type": "Aggregate",
              "Strategy": "Plain",
              "Partial Mode": "Partial",
              "Parent Relationship": "Outer",
              "Parallel Aware": false,
              "Startup Cost": 80545.66,
              "Total Cost": 80545.67,
              "Plan Rows": 1,
              "Plan Width": 8,
              "Actual Startup Time": 415.623,
              "Actual Total Time": 415.627,
              "Actual Rows": 1,
              "Actual Loops": 4,
              "Plans": [
                {
                  "Node Type": "Hash Join",
                  "Parent Relationship": "Outer",
                  "Parallel Aware": true,
                  "Join Type": "Inner",
                  "Startup Cost": 54674.58,
                  "Total Cost": 80406.2,
                  "Plan Rows": 55785,
                  "Plan Width": 0,
                  "Actual Startup Time": 325.248,
                  "Actual Total Time": 411.948,
                  "Actual Rows": 57636,
                  "Actual Loops": 4,
                  "Inner Unique": true,
                  "Hash Cond": "(mk.movie_id = t.id)",
                  "Plans": [
                    {
                      "Node Type": "Bitmap Heap Scan",
                      "Parent Relationship": "Outer",
                      "Parallel Aware": true,
                      "Relation Name": "movie_keyword",
                      "Alias": "mk",
                      "Startup Cost": 5557.84,
                      "Total Cost": 31067.72,
                      "Plan Rows": 84471,
                      "Plan Width": 4,
                      "Actual Startup Time": 27.824,
                      "Actual Total Time": 79.955,
                      "Actual Rows": 68112,
                      "Actual Loops": 4,
                      "Recheck Cond": "(keyword_id < 231)",
                      "Rows Removed by Index Recheck": 0,
                      "Exact Heap Blocks": 8897,
                      "Lossy Heap Blocks": 0,
                      "Plans": [
                        {
                          "Node Type": "Bitmap Index Scan",
                          "Parent Relationship": "Outer",
                          "Parallel Aware": false,
                          "Index Name": "keyword_id_movie_keyword",
                          "Startup Cost": 0.0,
                          "Total Cost": 5492.38,
                          "Plan Rows": 261859,
                          "Plan Width": 0,
                          "Actual Startup Time": 22.115,
                          "Actual Total Time": 22.116,
                          "Actual Rows": 272446,
                          "Actual Loops": 1,
                          "Index Cond": "(keyword_id < 231)"
                        }
                      ]
                    },
                    {
                      "Node Type": "Hash",
                      "Parent Relationship": "Inner",
                      "Parallel Aware": true,
                      "Startup Cost": 43898.92,
                      "Total Cost": 43898.92,
                      "Plan Rows": 417426,
                      "Plan Width": 4,
                      "Actual Startup Time": 290.066,
                      "Actual Total Time": 290.067,
                      "Actual Rows": 417823,
                      "Actual Loops": 4,
                      "Hash Buckets": 2097152,
                      "Original Hash Buckets": 2097152,
                      "Hash Batches": 1,
                      "Original Hash Batches": 1,
                      "Peak Memory Usage": 81856,
                      "Plans": [
                        {
                          "Node Type": "Seq Scan",
                          "Parent Relationship": "Outer",
                          "Parallel Aware": true,
                          "Relation Name": "title",
                          "Alias": "t",
                          "Startup Cost": 0.0,
                          "Total Cost": 43898.92,
                          "Plan Rows": 417426,
                          "Plan Width": 4,
                          "Actual Startup Time": 0.043,
                          "Actual Total Time": 124.088,
                          "Actual Rows": 417823,
                          "Actual Loops": 4,
                          "Filter": "(production_year < 2008)",
                          "Rows Removed by Filter": 214255
                        }
                      ]
                    }
                  ]
                }
              ]
            }
          ]
        }
      ]
    },
    "Planning Time": 0.599,
    "Triggers": [],
    "Execution Time": 451.79
  }
]