[
  {
    "Plan": {
      "Node Type": "Aggregate",
      "Strategy": "Plain",
      "Partial Mode": "Finalize",
      "Parallel Aware": false,
      "Startup Cost": 335984.05,
      "Total Cost": 335984.06,
      "Plan Rows": 1,
      "Plan Width": 8,
      "Actual Startup Time": 785.879,
      "Actual Total Time": 843.47,
      "Actual Rows": 1,
      "Actual Loops": 1,
      "Plans": [
        {
          "Node Type": "Gather",
          "Parent Relationship": "Outer",
          "Parallel Aware": false,
          "Startup Cost": 335983.43,
          "Total Cost": 335984.04,
          "Plan Rows": 6,
          "Plan Width": 8,
          "Actual Startup Time": 785.692,
          "Actual Total Time": 843.458,
          "Actual Rows": 7,
          "Actual Loops": 1,
          "Workers Planned": 6,
          "Workers Launched": 6,
          "Single Copy": false,
          "Plans": [
            {
              "Node Type": "Aggregate",
              "Strategy": "Plain",
              "Partial Mode": "Partial",
              "Parent Relationship": "Outer",
              "Parallel Aware": false,
              "Startup Cost": 334983.43,
              "Total Cost": 334983.44,
              "Plan Rows": 1,
              "Plan Width": 8,
              "Actual Startup Time": 775.511,
              "Actual Total Time": 775.512,
              "Actual Rows": 1,
              "Actual Loops": 7,
              "Plans": [
                {
                  "Node Type": "Seq Scan",
                  "Parent Relationship": "Outer",
                  "Parallel Aware": true,
                  "Relation Name": "cast_info",
                  "Alias": "ci",
                  "Startup Cost": 0.0,
                  "Total Cost": 328211.39,
                  "Plan Rows": 2708814,
                  "Plan Width": 0,
                  "Actual Startup Time": 246.579,
                  "Actual Total Time": 650.247,
                  "Actual Rows": 2285404,
                  "Actual Loops": 7,
                  "Filter": "(person_id > 2034204)",
                  "Rows Removed by Filter": 2892359
                }
              ]
            }
          ]
        }
      ]
    },
    "Planning Time": 0.066,
    "Triggers": [],
    "Execution Time": 843.515
  }
]