[
  {
    "Plan": {
      "Node Type": "Aggregate",
      "Strategy": "Plain",
      "Partial Mode": "Finalize",
      "Parallel Aware": false,
      "Startup Cost": 33212.32,
      "Total Cost": 33212.33,
      "Plan Rows": 1,
      "Plan Width": 8,
      "Actual Startup Time": 84.034,
      "Actual Total Time": 92.539,
      "Actual Rows": 1,
      "Actual Loops": 1,
      "Plans": [
        {
          "Node Type": "Gather",
          "Parent Relationship": "Outer",
          "Parallel Aware": false,
          "Startup Cost": 33212.0,
          "Total Cost": 33212.31,
          "Plan Rows": 3,
          "Plan Width": 8,
          "Actual Startup Time": 83.903,
          "Actual Total Time": 92.527,
          "Actual Rows": 4,
          "Actual Loops": 1,
          "Workers Planned": 3,
          "Workers Launched": 3,
          "Single Copy": false,
          "Plans": [
            {
              "Node Type": "Aggregate",
              "Strategy": "Plain",
              "Partial Mode": "Partial",
              "Parent Relationship": "Outer",
              "Parallel Aware": false,
              "Startup Cost": 32212.0,
              "Total Cost": 32212.01,
              "Plan Rows": 1,
              "Plan Width": 8,
              "Actual Startup Time": 79.952,
              "Actual Total Time": 79.953,
              "Actual Rows": 1,
              "Actual Loops": 4,
              "Plans": [
                {
                  "Node Type": "Seq Scan",
                  "Parent Relationship": "Outer",
                  "Parallel Aware": true,
                  "Relation Name": "movie_companies",
                  "Alias": "mc",
                  "Startup Cost": 0.0,
                  "Total Cost": 31414.82,
                  "Plan Rows": 318872,
                  "Plan Width": 0,
                  "Actual Startup Time": 39.608,
                  "Actual Total Time": 72.713,
                  "Actual Rows": 172666,
                  "Actual Loops": 4,
                  "Filter": "((company_id < 50728) AND (company_type_id > 1))",
                  "Rows Removed by Filter": 479617
                }
              ]
            }
          ]
        }
      ]
    },
    "Planning Time": 0.232,
    "Triggers": [],
    "Execution Time": 92.608
  }
]