[
  {
    "Plan": {
      "Node Type": "Aggregate",
      "Strategy": "Plain",
      "Partial Mode": "Finalize",
      "Parallel Aware": false,
      "Startup Cost": 33214.53,
      "Total Cost": 33214.54,
      "Plan Rows": 1,
      "Plan Width": 8,
      "Actual Startup Time": 100.926,
      "Actual Total Time": 106.489,
      "Actual Rows": 1,
      "Actual Loops": 1,
      "Plans": [
        {
          "Node Type": "Gather",
          "Parent Relationship": "Outer",
          "Parallel Aware": false,
          "Startup Cost": 33214.21,
          "Total Cost": 33214.52,
          "Plan Rows": 3,
          "Plan Width": 8,
          "Actual Startup Time": 100.694,
          "Actual Total Time": 106.481,
          "Actual Rows": 4,
          "Actual Loops": 1,
          "Workers Planned": 3,
          "Workers Launched": 3,
          "Single Copy": false,
          "Plans": [
            {
              "Node Type": "Aggregate",
              "Strategy": "Plain",
              "Partial Mode": "Partial",
              "Parent Relationship": "Outer",
              "Parallel Aware": false,
              "Startup Cost": 32214.21,
              "Total Cost": 32214.22,
              "Plan Rows": 1,
              "Plan Width": 8,
              "Actual Startup Time": 92.469,
              "Actual Total Time": 92.47,
              "Actual Rows": 1,
              "Actual Loops": 4,
              "Plans": [
                {
                  "Node Type": "Seq Scan",
                  "Parent Relationship": "Outer",
                  "Parallel Aware": true,
                  "Relation Name": "movie_companies",
                  "Alias": "mc",
                  "Startup Cost": 0.0,
                  "Total Cost": 31414.82,
                  "Plan Rows": 319756,
                  "Plan Width": 0,
                  "Actual Startup Time": 50.187,
                  "Actual Total Time": 84.918,
                  "Actual Rows": 172666,
                  "Actual Loops": 4,
                  "Filter": "((company_id < 50728) AND (company_type_id > 1))",
                  "Rows Removed by Filter": 479617
                }
              ]
            }
          ]
        }
      ]
    },
    "Planning Time": 0.195,
    "Triggers": [],
    "Execution Time": 106.541
  }
]