[
  {
    "Plan": {
      "Node Type": "Aggregate",
      "Strategy": "Plain",
      "Partial Mode": "Finalize",
      "Parallel Aware": false,
      "Startup Cost": 104100.42,
      "Total Cost": 104100.43,
      "Plan Rows": 1,
      "Plan Width": 8,
      "Actual Startup Time": 562.765,
      "Actual Total Time": 579.405,
      "Actual Rows": 1,
      "Actual Loops": 1,
      "Plans": [
        {
          "Node Type": "Gather",
          "Parent Relationship": "Outer",
          "Parallel Aware": false,
          "Startup Cost": 104100.21,
          "Total Cost": 104100.42,
          "Plan Rows": 2,
          "Plan Width": 8,
          "Actual Startup Time": 559.065,
          "Actual Total Time": 579.397,
          "Actual Rows": 3,
          "Actual Loops": 1,
          "Workers Planned": 2,
          "Workers Launched": 2,
          "Single Copy": false,
          "Plans": [
            {
              "Node Type": "Aggregate",
              "Strategy": "Plain",
              "Partial Mode": "Partial",
              "Parent Relationship": "Outer",
              "Parallel Aware": false,
              "Startup Cost": 103100.21,
              "Total Cost": 103100.22,
              "Plan Rows": 1,
              "Plan Width": 8,
              "Actual Startup Time": 547.664,
              "Actual Total Time": 547.67,
              "Actual Rows": 1,
              "Actual Loops": 3,
              "Plans": [
                {
                  "Node Type": "Hash Join",
                  "Parent Relationship": "Outer",
                  "Parallel Aware": true,
                  "Join Type": "Inner",
                  "Startup Cost": 86972.39,
                  "Total Cost": 102975.18,
                  "Plan Rows": 50012,
                  "Plan Width": 0,
                  "Actual Startup Time": 424.669,
                  "Actual Total Time": 532.061,
                  "Actual Rows": 384346,
                  "Actual Loops": 3,
                  "Inner Unique": false,
                  "Hash Cond": "(mi_idx.movie_id = t.id)",
                  "Plans": [
                    {
                      "Node Type": "Seq Scan",
                      "Parent Relationship": "Outer",
                      "Parallel Aware": true,
                      "Relation Name": "movie_info_idx",
                      "Alias": "mi_idx",
                      "Startup Cost": 0.0,
                      "Total Cost": 13685.15,
                      "Plan Rows": 575015,
                      "Plan Width": 4,
                      "Actual Startup Time": 0.028,
                      "Actual Total Time": 35.162,
                      "Actual Rows": 460012,
                      "Actual Loops": 3
                    },
                    {
                      "Node Type": "Hash",
                      "Parent Relationship": "Inner",
                      "Parallel Aware": true,
                      "Startup Cost": 86085.69,
                      "Total Cost": 86085.69,
                      "Plan Rows": 70936,
                      "Plan Width": 8,
                      "Actual Startup Time": 413.831,
                      "Actual Total Time": 413.835,
                      "Actual Rows": 159464,
                      "Actual Loops": 3,
                      "Hash Buckets": 524288,
                      "Original Hash Buckets": 262144,
                      "Hash Batches": 1,
                      "Original Hash Batches": 1,
                      "Peak Memory Usage": 24896,
                      "Plans": [
                        {
                          "Node Type": "Hash Join",
                          "Parent Relationship": "Outer",
                          "Parallel Aware": true,
                          "Join Type": "Inner",
                          "Startup Cost": 58895.62,
                          "Total Cost": 86085.69,
                          "Plan Rows": 70936,
                          "Plan Width": 8,
                          "Actual Startup Time": 257.423,
                          "Actual Total Time": 372.266,
                          "Actual Rows": 159464,
                          "Actual Loops": 3,
                          "Inner Unique": true,
                          "Hash Cond": "(mk.movie_id = t.id)",
                          "Plans": [
                            {
                              "Node Type": "Bitmap Heap Scan",
                              "Parent Relationship": "Outer",
                              "Parallel Aware": true,
                              "Relation Name": "movie_keyword",
                              "Alias": "mk",
                              "Startup Cost": 11898.49,
                              "Total Cost": 38613.71,
                              "Plan Rows": 180897,
                              "Plan Width": 4,
                              "Actual Startup Time": 35.611,
                              "Actual Total Time": 98.652,
                              "Actual Rows": 183571,
                              "Actual Loops": 3,
                              "Recheck Cond": "(keyword_id > 33479)",
                              "Rows Removed by Index Recheck": 0,
                              "Exact Heap Blocks": 8074,
                              "Lossy Heap Blocks": 0,
                              "Plans": [
                                {
                                  "Node Type": "Bitmap Index Scan",
                                  "Parent Relationship": "Outer",
                                  "Parallel Aware": false,
                                  "Index Name": "keyword_id_movie_keyword",
                                  "Startup Cost": 0.0,
                                  "Total Cost": 11758.3,
                                  "Plan Rows": 560782,
                                  "Plan Width": 0,
                                  "Actual Startup Time": 31.896,
                                  "Actual Total Time": 31.897,
                                  "Actual Rows": 550712,
                                  "Actual Loops": 1,
                                  "Index Cond": "(keyword_id > 33479)"
                                }
                              ]
                            },
                            {
                              "Node Type": "Hash",
                              "Parent Relationship": "Inner",
                              "Parallel Aware": true,
                              "Startup Cost": 43898.92,
                              "Total Cost": 43898.92,
                              "Plan Rows": 247857,
                              "Plan Width": 4,
                              "Actual Startup Time": 216.706,
                              "Actual Total Time": 216.707,
                              "Actual Rows": 328349,
                              "Actual Loops": 3,
                              "Hash Buckets": 1048576,
                              "Original Hash Buckets": 1048576,
                              "Hash Batches": 1,
                              "Original Hash Batches": 1,
                              "Peak Memory Usage": 46784,
                              "Plans": [
                                {
                                  "Node Type": "Seq Scan",
                                  "Parent Relationship": "Outer",
                                  "Parallel Aware": true,
                                  "Relation Name": "title",
                                  "Alias": "t",
                                  "Startup Cost": 0.0,
                                  "Total Cost": 43898.92,
                                  "Plan Rows": 247857,
                                  "Plan Width": 4,
                                  "Actual Startup Time": 0.035,
                                  "Actual Total Time": 118.363,
                                  "Actual Rows": 328349,
                                  "Actual Loops": 3,
                                  "Filter": "(kind_id < 7)",
                                  "Rows Removed by Filter": 514421
                                }
                              ]
                            }
                          ]
                        }
                      ]
                    }
                  ]
                }
              ]
            }
          ]
        }
      ]
    },
    "Planning Time": 1.33,
    "Triggers": [],
    "Execution Time": 579.513
  }
]