[
    {
        "Bao": {
            "Bao prediction": "NaN",
            "Bao recommended hint": "(no hint)"
        }
    },
    {
        "Plan": {
            "Node Type": "Aggregate",
            "Strategy": "Plain",
            "Partial Mode": "Finalize",
            "Parallel Aware": false,
            "Startup Cost": 33149.77,
            "Total Cost": 33149.78,
            "Plan Rows": 1,
            "Plan Width": 8,
            "Actual Startup Time": 94.818,
            "Actual Total Time": 100.066,
            "Actual Rows": 1,
            "Actual Loops": 1,
            "Output": [
                "count(*)"
            ],
            "Plans": [
                {
                    "Node Type": "Gather",
                    "Parent Relationship": "Outer",
                    "Parallel Aware": false,
                    "Startup Cost": 33149.45,
                    "Total Cost": 33149.76,
                    "Plan Rows": 3,
                    "Plan Width": 8,
                    "Actual Startup Time": 94.72,
                    "Actual Total Time": 100.06,
                    "Actual Rows": 4,
                    "Actual Loops": 1,
                    "Output": [
                        "(PARTIAL count(*))"
                    ],
                    "Workers Planned": 3,
                    "Workers Launched": 3,
                    "Single Copy": false,
                    "Plans": [
                        {
                            "Node Type": "Aggregate",
                            "Strategy": "Plain",
                            "Partial Mode": "Partial",
                            "Parent Relationship": "Outer",
                            "Parallel Aware": false,
                            "Startup Cost": 32149.45,
                            "Total Cost": 32149.46,
                            "Plan Rows": 1,
                            "Plan Width": 8,
                            "Actual Startup Time": 86.414,
                            "Actual Total Time": 86.415,
                            "Actual Rows": 1,
                            "Actual Loops": 4,
                            "Output": [
                                "PARTIAL count(*)"
                            ],
                            "Workers": [
                                {
                                    "Worker Number": 0,
                                    "Actual Startup Time": 83.727,
                                    "Actual Total Time": 83.728,
                                    "Actual Rows": 1,
                                    "Actual Loops": 1
                                },
                                {
                                    "Worker Number": 1,
                                    "Actual Startup Time": 83.73,
                                    "Actual Total Time": 83.731,
                                    "Actual Rows": 1,
                                    "Actual Loops": 1
                                },
                                {
                                    "Worker Number": 2,
                                    "Actual Startup Time": 84.133,
                                    "Actual Total Time": 84.134,
                                    "Actual Rows": 1,
                                    "Actual Loops": 1
                                }
                            ],
                            "Plans": [
                                {
                                    "Node Type": "Seq Scan",
                                    "Parent Relationship": "Outer",
                                    "Parallel Aware": true,
                                    "Relation Name": "movie_companies",
                                    "Schema": "public",
                                    "Alias": "mc",
                                    "Startup Cost": 0.0,
                                    "Total Cost": 31414.82,
                                    "Plan Rows": 293853,
                                    "Plan Width": 0,
                                    "Actual Startup Time": 46.144,
                                    "Actual Total Time": 79.656,
                                    "Actual Rows": 147905,
                                    "Actual Loops": 4,
                                    "Output": [
                                        "id",
                                        "movie_id",
                                        "company_id",
                                        "company_type_id",
                                        "note"
                                    ],
                                    "Filter": "((mc.company_id < 27943) AND (mc.company_type_id > 1))",
                                    "Rows Removed by Filter": 504377,
                                    "Workers": [
                                        {
                                            "Worker Number": 0,
                                            "Actual Startup Time": 43.457,
                                            "Actual Total Time": 77.208,
                                            "Actual Rows": 84726,
                                            "Actual Loops": 1
                                        },
                                        {
                                            "Worker Number": 1,
                                            "Actual Startup Time": 43.456,
                                            "Actual Total Time": 76.945,
                                            "Actual Rows": 161557,
                                            "Actual Loops": 1
                                        },
                                        {
                                            "Worker Number": 2,
                                            "Actual Startup Time": 43.868,
                                            "Actual Total Time": 77.768,
                                            "Actual Rows": 154386,
                                            "Actual Loops": 1
                                        }
                                    ]
                                }
                            ]
                        }
                    ]
                }
            ]
        },
        "Planning Time": 222.944,
        "Triggers": [],
        "Execution Time": 100.139
    }
]