[
  {
    "Plan": {
      "Node Type": "Aggregate",
      "Strategy": "Plain",
      "Partial Mode": "Finalize",
      "Parallel Aware": false,
      "Startup Cost": 283275.43,
      "Total Cost": 283275.44,
      "Plan Rows": 1,
      "Plan Width": 8,
      "Actual Startup Time": 674.536,
      "Actual Total Time": 744.22,
      "Actual Rows": 1,
      "Actual Loops": 1,
      "Plans": [
        {
          "Node Type": "Gather",
          "Parent Relationship": "Outer",
          "Parallel Aware": false,
          "Startup Cost": 283274.91,
          "Total Cost": 283275.42,
          "Plan Rows": 5,
          "Plan Width": 8,
          "Actual Startup Time": 673.185,
          "Actual Total Time": 744.2,
          "Actual Rows": 6,
          "Actual Loops": 1,
          "Workers Planned": 5,
          "Workers Launched": 5,
          "Single Copy": false,
          "Plans": [
            {
              "Node Type": "Aggregate",
              "Strategy": "Plain",
              "Partial Mode": "Partial",
              "Parent Relationship": "Outer",
              "Parallel Aware": false,
              "Startup Cost": 282274.91,
              "Total Cost": 282274.92,
              "Plan Rows": 1,
              "Plan Width": 8,
              "Actual Startup Time": 662.196,
              "Actual Total Time": 662.2,
              "Actual Rows": 1,
              "Actual Loops": 6,
              "Plans": [
                {
                  "Node Type": "Nested Loop",
                  "Parent Relationship": "Outer",
                  "Parallel Aware": false,
                  "Join Type": "Inner",
                  "Startup Cost": 72160.13,
                  "Total Cost": 282058.4,
                  "Plan Rows": 86602,
                  "Plan Width": 0,
                  "Actual Startup Time": 156.968,
                  "Actual Total Time": 656.882,
                  "Actual Rows": 80627,
                  "Actual Loops": 6,
                  "Inner Unique": false,
                  "Join Filter": "(t.id = ci.movie_id)",
                  "Rows Removed by Join Filter": 0,
                  "Plans": [
                    {
                      "Node Type": "Hash Join",
                      "Parent Relationship": "Outer",
                      "Parallel Aware": true,
                      "Join Type": "Inner",
                      "Startup Cost": 72159.56,
                      "Total Cost": 238796.05,
                      "Plan Rows": 17551,
                      "Plan Width": 8,
                      "Actual Startup Time": 156.387,
                      "Actual Total Time": 235.738,
                      "Actual Rows": 17154,
                      "Actual Loops": 6,
                      "Inner Unique": true,
                      "Hash Cond": "(mi.movie_id = t.id)",
                      "Plans": [
                        {
                          "Node Type": "Bitmap Heap Scan",
                          "Parent Relationship": "Outer",
                          "Parallel Aware": true,
                          "Relation Name": "movie_info",
                          "Alias": "mi",
                          "Startup Cost": 27808.97,
                          "Total Cost": 193639.56,
                          "Plan Rows": 307007,
                          "Plan Width": 4,
                          "Actual Startup Time": 65.443,
                          "Actual Total Time": 95.351,
                          "Actual Rows": 255652,
                          "Actual Loops": 6,
                          "Recheck Cond": "(info_type_id = 3)",
                          "Rows Removed by Index Recheck": 0,
                          "Exact Heap Blocks": 2729,
                          "Lossy Heap Blocks": 0,
                          "Plans": [
                            {
                              "Node Type": "Bitmap Index Scan",
                              "Parent Relationship": "Outer",
                              "Parallel Aware": false,
                              "Index Name": "info_type_id_movie_info",
                              "Startup Cost": 0.0,
                              "Total Cost": 27425.21,
                              "Plan Rows": 1535037,
                              "Plan Width": 0,
                              "Actual Startup Time": 63.689,
                              "Actual Total Time": 63.689,
                              "Actual Rows": 1533909,
                              "Actual Loops": 1,
                              "Index Cond": "(info_type_id = 3)"
                            }
                          ]
                        },
                        {
                          "Node Type": "Hash",
                          "Parent Relationship": "Inner",
                          "Parallel Aware": true,
                          "Startup Cost": 43898.92,
                          "Total Cost": 43898.92,
                          "Plan Rows": 36134,
                          "Plan Width": 4,
                          "Actual Startup Time": 88.913,
                          "Actual Total Time": 88.913,
                          "Actual Rows": 23617,
                          "Actual Loops": 6,
                          "Hash Buckets": 262144,
                          "Original Hash Buckets": 262144,
                          "Hash Batches": 1,
                          "Original Hash Batches": 1,
                          "Peak Memory Usage": 7712,
                          "Plans": [
                            {
                              "Node Type": "Seq Scan",
                              "Parent Relationship": "Outer",
                              "Parallel Aware": true,
                              "Relation Name": "title",
                              "Alias": "t",
                              "Startup Cost": 0.0,
                              "Total Cost": 43898.92,
                              "Plan Rows": 36134,
                              "Plan Width": 4,
                              "Actual Startup Time": 0.047,
                              "Actual Total Time": 78.414,
                              "Actual Rows": 23617,
                              "Actual Loops": 6,
                              "Filter": "(production_year = 2010)",
                              "Rows Removed by Filter": 397768
                            }
                          ]
                        }
                      ]
                    },
                    {
                      "Node Type": "Index Scan",
                      "Parent Relationship": "Inner",
                      "Parallel Aware": false,
                      "Scan Direction": "Forward",
                      "Index Name": "movie_id_cast_info",
                      "Relation Name": "cast_info",
                      "Alias": "ci",
                      "Startup Cost": 0.56,
                      "Total Cost": 2.3,
                      "Plan Rows": 13,
                      "Plan Width": 4,
                      "Actual Startup Time": 0.006,
                      "Actual Total Time": 0.024,
                      "Actual Rows": 5,
                      "Actual Loops": 102923,
                      "Index Cond": "(movie_id = mi.movie_id)",
                      "Rows Removed by Index Recheck": 0,
                      "Filter": "(role_id < 2)",
                      "Rows Removed by Filter": 11
                    }
                  ]
                }
              ]
            }
          ]
        }
      ]
    },
    "Planning Time": 1.394,
    "Triggers": [],
    "Execution Time": 744.413
  }
]