{
    "Plan": {
        "Node Type": "Aggregate",
        "Strategy": "Plain",
        "Partial Mode": "Finalize",
        "Parallel Aware": false,
        "Startup Cost": 280590.42,
        "Total Cost": 280590.43,
        "Plan Rows": 1,
        "Plan Width": 8,
        "Actual Startup Time": 1042.553,
        "Actual Total Time": 1088.541,
        "Actual Rows": 1,
        "Actual Loops": 1,
        "Output": [
            "count(*)"
        ],
        "Plans": [
            {
                "Node Type": "Gather",
                "Parent Relationship": "Outer",
                "Parallel Aware": false,
                "Startup Cost": 280589.9,
                "Total Cost": 280590.41,
                "Plan Rows": 5,
                "Plan Width": 8,
                "Actual Startup Time": 1033.318,
                "Actual Total Time": 1088.531,
                "Actual Rows": 6,
                "Actual Loops": 1,
                "Output": [
                    "(PARTIAL count(*))"
                ],
                "Workers Planned": 5,
                "Workers Launched": 5,
                "Single Copy": false,
                "Plans": [
                    {
                        "Node Type": "Aggregate",
                        "Strategy": "Plain",
                        "Partial Mode": "Partial",
                        "Parent Relationship": "Outer",
                        "Parallel Aware": false,
                        "Startup Cost": 279589.9,
                        "Total Cost": 279589.91,
                        "Plan Rows": 1,
                        "Plan Width": 8,
                        "Actual Startup Time": 1022.493,
                        "Actual Total Time": 1022.716,
                        "Actual Rows": 1,
                        "Actual Loops": 6,
                        "Output": [
                            "PARTIAL count(*)"
                        ],
                        "Workers": [
                            {
                                "Worker Number": 0,
                                "Actual Startup Time": 1019.568,
                                "Actual Total Time": 1019.575,
                                "Actual Rows": 1,
                                "Actual Loops": 1
                            },
                            {
                                "Worker Number": 1,
                                "Actual Startup Time": 1019.809,
                                "Actual Total Time": 1019.815,
                                "Actual Rows": 1,
                                "Actual Loops": 1
                            },
                            {
                                "Worker Number": 2,
                                "Actual Startup Time": 1020.65,
                                "Actual Total Time": 1020.656,
                                "Actual Rows": 1,
                                "Actual Loops": 1
                            },
                            {
                                "Worker Number": 3,
                                "Actual Startup Time": 1021.604,
                                "Actual Total Time": 1021.609,
                                "Actual Rows": 1,
                                "Actual Loops": 1
                            },
                            {
                                "Worker Number": 4,
                                "Actual Startup Time": 1020.992,
                                "Actual Total Time": 1020.999,
                                "Actual Rows": 1,
                                "Actual Loops": 1
                            }
                        ],
                        "Plans": [
                            {
                                "Node Type": "Hash Join",
                                "Parent Relationship": "Outer",
                                "Parallel Aware": true,
                                "Join Type": "Inner",
                                "Startup Cost": 74238.95,
                                "Total Cost": 278199.18,
                                "Plan Rows": 556287,
                                "Plan Width": 0,
                                "Actual Startup Time": 318.033,
                                "Actual Total Time": 1010.549,
                                "Actual Rows": 275510,
                                "Actual Loops": 6,
                                "Inner Unique": false,
                                "Hash Cond": "(mi.movie_id = t.id)",
                                "Workers": [
                                    {
                                        "Worker Number": 0,
                                        "Actual Startup Time": 315.396,
                                        "Actual Total Time": 1006.742,
                                        "Actual Rows": 193126,
                                        "Actual Loops": 1
                                    },
                                    {
                                        "Worker Number": 1,
                                        "Actual Startup Time": 315.624,
                                        "Actual Total Time": 1008.307,
                                        "Actual Rows": 285618,
                                        "Actual Loops": 1
                                    },
                                    {
                                        "Worker Number": 2,
                                        "Actual Startup Time": 316.434,
                                        "Actual Total Time": 1008.879,
                                        "Actual Rows": 272319,
                                        "Actual Loops": 1
                                    },
                                    {
                                        "Worker Number": 3,
                                        "Actual Startup Time": 316.809,
                                        "Actual Total Time": 1009.894,
                                        "Actual Rows": 276257,
                                        "Actual Loops": 1
                                    },
                                    {
                                        "Worker Number": 4,
                                        "Actual Startup Time": 315.781,
                                        "Actual Total Time": 1009.351,
                                        "Actual Rows": 275423,
                                        "Actual Loops": 1
                                    }
                                ],
                                "Plans": [
                                    {
                                        "Node Type": "Seq Scan",
                                        "Parent Relationship": "Outer",
                                        "Parallel Aware": true,
                                        "Relation Name": "movie_info",
                                        "Schema": "public",
                                        "Alias": "mi",
                                        "Startup Cost": 0.0,
                                        "Total Cost": 191503.19,
                                        "Plan Rows": 2951019,
                                        "Plan Width": 4,
                                        "Actual Startup Time": 0.033,
                                        "Actual Total Time": 294.373,
                                        "Actual Rows": 2472620,
                                        "Actual Loops": 6,
                                        "Output": [
                                            "mi.id",
                                            "mi.movie_id",
                                            "mi.info_type_id",
                                            "mi.info",
                                            "mi.note"
                                        ],
                                        "Workers": [
                                            {
                                                "Worker Number": 0,
                                                "Actual Startup Time": 0.041,
                                                "Actual Total Time": 309.593,
                                                "Actual Rows": 1705496,
                                                "Actual Loops": 1
                                            },
                                            {
                                                "Worker Number": 1,
                                                "Actual Startup Time": 0.034,
                                                "Actual Total Time": 296.95,
                                                "Actual Rows": 2580596,
                                                "Actual Loops": 1
                                            },
                                            {
                                                "Worker Number": 2,
                                                "Actual Startup Time": 0.034,
                                                "Actual Total Time": 304.535,
                                                "Actual Rows": 2437193,
                                                "Actual Loops": 1
                                            },
                                            {
                                                "Worker Number": 3,
                                                "Actual Startup Time": 0.036,
                                                "Actual Total Time": 305.34,
                                                "Actual Rows": 2479239,
                                                "Actual Loops": 1
                                            },
                                            {
                                                "Worker Number": 4,
                                                "Actual Startup Time": 0.042,
                                                "Actual Total Time": 303.755,
                                                "Actual Rows": 2454630,
                                                "Actual Loops": 1
                                            }
                                        ]
                                    },
                                    {
                                        "Node Type": "Hash",
                                        "Parent Relationship": "Inner",
                                        "Parallel Aware": true,
                                        "Startup Cost": 72749.55,
                                        "Total Cost": 72749.55,
                                        "Plan Rows": 119152,
                                        "Plan Width": 8,
                                        "Actual Startup Time": 314.544,
                                        "Actual Total Time": 314.765,
                                        "Actual Rows": 58930,
                                        "Actual Loops": 6,
                                        "Output": [
                                            "t.id",
                                            "ci.movie_id"
                                        ],
                                        "Hash Buckets": 524288,
                                        "Original Hash Buckets": 524288,
                                        "Hash Batches": 1,
                                        "Original Hash Batches": 1,
                                        "Peak Memory Usage": 18016,
                                        "Workers": [
                                            {
                                                "Worker Number": 0,
                                                "Actual Startup Time": 313.791,
                                                "Actual Total Time": 313.795,
                                                "Actual Rows": 45047,
                                                "Actual Loops": 1
                                            },
                                            {
                                                "Worker Number": 1,
                                                "Actual Startup Time": 313.953,
                                                "Actual Total Time": 313.957,
                                                "Actual Rows": 60333,
                                                "Actual Loops": 1
                                            },
                                            {
                                                "Worker Number": 2,
                                                "Actual Startup Time": 314.884,
                                                "Actual Total Time": 314.889,
                                                "Actual Rows": 59332,
                                                "Actual Loops": 1
                                            },
                                            {
                                                "Worker Number": 3,
                                                "Actual Startup Time": 315.266,
                                                "Actual Total Time": 315.27,
                                                "Actual Rows": 59966,
                                                "Actual Loops": 1
                                            },
                                            {
                                                "Worker Number": 4,
                                                "Actual Startup Time": 315.284,
                                                "Actual Total Time": 315.289,
                                                "Actual Rows": 58839,
                                                "Actual Loops": 1
                                            }
                                        ],
                                        "Plans": [
                                            {
                                                "Node Type": "Hash Join",
                                                "Parent Relationship": "Outer",
                                                "Parallel Aware": true,
                                                "Join Type": "Inner",
                                                "Startup Cost": 50130.77,
                                                "Total Cost": 72749.55,
                                                "Plan Rows": 119152,
                                                "Plan Width": 8,
                                                "Actual Startup Time": 206.698,
                                                "Actual Total Time": 295.093,
                                                "Actual Rows": 58930,
                                                "Actual Loops": 6,
                                                "Output": [
                                                    "t.id",
                                                    "ci.movie_id"
                                                ],
                                                "Inner Unique": true,
                                                "Hash Cond": "(ci.movie_id = t.id)",
                                                "Workers": [
                                                    {
                                                        "Worker Number": 0,
                                                        "Actual Startup Time": 206.424,
                                                        "Actual Total Time": 294.728,
                                                        "Actual Rows": 45047,
                                                        "Actual Loops": 1
                                                    },
                                                    {
                                                        "Worker Number": 1,
                                                        "Actual Startup Time": 206.601,
                                                        "Actual Total Time": 295.761,
                                                        "Actual Rows": 60333,
                                                        "Actual Loops": 1
                                                    },
                                                    {
                                                        "Worker Number": 2,
                                                        "Actual Startup Time": 206.904,
                                                        "Actual Total Time": 295.656,
                                                        "Actual Rows": 59332,
                                                        "Actual Loops": 1
                                                    },
                                                    {
                                                        "Worker Number": 3,
                                                        "Actual Startup Time": 206.573,
                                                        "Actual Total Time": 295.226,
                                                        "Actual Rows": 59966,
                                                        "Actual Loops": 1
                                                    },
                                                    {
                                                        "Worker Number": 4,
                                                        "Actual Startup Time": 206.601,
                                                        "Actual Total Time": 295.194,
                                                        "Actual Rows": 58839,
                                                        "Actual Loops": 1
                                                    }
                                                ],
                                                "Plans": [
                                                    {
                                                        "Node Type": "Index Scan",
                                                        "Parent Relationship": "Outer",
                                                        "Parallel Aware": true,
                                                        "Scan Direction": "Forward",
                                                        "Index Name": "role_id_cast_info",
                                                        "Relation Name": "cast_info",
                                                        "Schema": "public",
                                                        "Alias": "ci",
                                                        "Startup Cost": 0.56,
                                                        "Total Cost": 22088.01,
                                                        "Plan Rows": 202411,
                                                        "Plan Width": 4,
                                                        "Actual Startup Time": 0.209,
                                                        "Actual Total Time": 27.972,
                                                        "Actual Rows": 128946,
                                                        "Actual Loops": 6,
                                                        "Output": [
                                                            "ci.id",
                                                            "ci.person_id",
                                                            "ci.movie_id",
                                                            "ci.person_role_id",
                                                            "ci.note",
                                                            "ci.nr_order",
                                                            "ci.role_id"
                                                        ],
                                                        "Index Cond": "(ci.role_id = 6)",
                                                        "Rows Removed by Index Recheck": 0,
                                                        "Workers": [
                                                            {
                                                                "Worker Number": 0,
                                                                "Actual Startup Time": 0.195,
                                                                "Actual Total Time": 31.453,
                                                                "Actual Rows": 95940,
                                                                "Actual Loops": 1
                                                            },
                                                            {
                                                                "Worker Number": 1,
                                                                "Actual Startup Time": 0.079,
                                                                "Actual Total Time": 29.38,
                                                                "Actual Rows": 136500,
                                                                "Actual Loops": 1
                                                            },
                                                            {
                                                                "Worker Number": 2,
                                                                "Actual Startup Time": 0.177,
                                                                "Actual Total Time": 28.67,
                                                                "Actual Rows": 130954,
                                                                "Actual Loops": 1
                                                            },
                                                            {
                                                                "Worker Number": 3,
                                                                "Actual Startup Time": 0.242,
                                                                "Actual Total Time": 28.619,
                                                                "Actual Rows": 130260,
                                                                "Actual Loops": 1
                                                            },
                                                            {
                                                                "Worker Number": 4,
                                                                "Actual Startup Time": 0.335,
                                                                "Actual Total Time": 28.432,
                                                                "Actual Rows": 130260,
                                                                "Actual Loops": 1
                                                            }
                                                        ]
                                                    },
                                                    {
                                                        "Node Type": "Hash",
                                                        "Parent Relationship": "Inner",
                                                        "Parallel Aware": true,
                                                        "Startup Cost": 45479.21,
                                                        "Total Cost": 45479.21,
                                                        "Plan Rows": 372080,
                                                        "Plan Width": 4,
                                                        "Actual Startup Time": 202.757,
                                                        "Actual Total Time": 202.758,
                                                        "Actual Rows": 246407,
                                                        "Actual Loops": 6,
                                                        "Output": [
                                                            "t.id"
                                                        ],
                                                        "Hash Buckets": 2097152,
                                                        "Original Hash Buckets": 2097152,
                                                        "Hash Batches": 1,
                                                        "Original Hash Batches": 1,
                                                        "Peak Memory Usage": 74368,
                                                        "Workers": [
                                                            {
                                                                "Worker Number": 0,
                                                                "Actual Startup Time": 206.011,
                                                                "Actual Total Time": 206.012,
                                                                "Actual Rows": 179505,
                                                                "Actual Loops": 1
                                                            },
                                                            {
                                                                "Worker Number": 1,
                                                                "Actual Startup Time": 206.241,
                                                                "Actual Total Time": 206.243,
                                                                "Actual Rows": 243784,
                                                                "Actual Loops": 1
                                                            },
                                                            {
                                                                "Worker Number": 2,
                                                                "Actual Startup Time": 206.222,
                                                                "Actual Total Time": 206.223,
                                                                "Actual Rows": 238878,
                                                                "Actual Loops": 1
                                                            },
                                                            {
                                                                "Worker Number": 3,
                                                                "Actual Startup Time": 206.049,
                                                                "Actual Total Time": 206.05,
                                                                "Actual Rows": 236756,
                                                                "Actual Loops": 1
                                                            },
                                                            {
                                                                "Worker Number": 4,
                                                                "Actual Startup Time": 205.973,
                                                                "Actual Total Time": 205.975,
                                                                "Actual Rows": 235136,
                                                                "Actual Loops": 1
                                                            }
                                                        ],
                                                        "Plans": [
                                                            {
                                                                "Node Type": "Seq Scan",
                                                                "Parent Relationship": "Outer",
                                                                "Parallel Aware": true,
                                                                "Relation Name": "title",
                                                                "Schema": "public",
                                                                "Alias": "t",
                                                                "Startup Cost": 0.0,
                                                                "Total Cost": 45479.21,
                                                                "Plan Rows": 372080,
                                                                "Plan Width": 4,
                                                                "Actual Startup Time": 0.074,
                                                                "Actual Total Time": 84.705,
                                                                "Actual Rows": 246407,
                                                                "Actual Loops": 6,
                                                                "Output": [
                                                                    "t.id"
                                                                ],
                                                                "Filter": "((t.production_year > 0) AND (t.kind_id = 7))",
                                                                "Rows Removed by Filter": 174979,
                                                                "Workers": [
                                                                    {
                                                                        "Worker Number": 0,
                                                                        "Actual Startup Time": 0.092,
                                                                        "Actual Total Time": 90.72,
                                                                        "Actual Rows": 179505,
                                                                        "Actual Loops": 1
                                                                    },
                                                                    {
                                                                        "Worker Number": 1,
                                                                        "Actual Startup Time": 0.086,
                                                                        "Actual Total Time": 84.094,
                                                                        "Actual Rows": 243784,
                                                                        "Actual Loops": 1
                                                                    },
                                                                    {
                                                                        "Worker Number": 2,
                                                                        "Actual Startup Time": 0.077,
                                                                        "Actual Total Time": 84.102,
                                                                        "Actual Rows": 238878,
                                                                        "Actual Loops": 1
                                                                    },
                                                                    {
                                                                        "Worker Number": 3,
                                                                        "Actual Startup Time": 0.091,
                                                                        "Actual Total Time": 88.683,
                                                                        "Actual Rows": 236756,
                                                                        "Actual Loops": 1
                                                                    },
                                                                    {
                                                                        "Worker Number": 4,
                                                                        "Actual Startup Time": 0.082,
                                                                        "Actual Total Time": 88.379,
                                                                        "Actual Rows": 235136,
                                                                        "Actual Loops": 1
                                                                    }
                                                                ]
                                                            }
                                                        ]
                                                    }
                                                ]
                                            }
                                        ]
                                    }
                                ]
                            }
                        ]
                    }
                ]
            }
        ]
    },
    "Planning Time": 1.472,
    "Triggers": [],
    "Execution Time": 1088.643
}