{
  "Plan": {
    "Node Type": "Aggregate",
    "Strategy": "Plain",
    "Partial Mode": "Finalize",
    "Parallel Aware": false,
    "Startup Cost": 526568.19,
    "Total Cost": 526568.2,
    "Plan Rows": 1,
    "Plan Width": 8,
    "Actual Startup Time": 3452.256,
    "Actual Total Time": 3487.061,
    "Actual Rows": 1,
    "Actual Loops": 1,
    "Plans": [
      {
        "Node Type": "Gather",
        "Parent Relationship": "Outer",
        "Parallel Aware": false,
        "Startup Cost": 526568.07,
        "Total Cost": 526568.18,
        "Plan Rows": 1,
        "Plan Width": 8,
        "Actual Startup Time": 3446.347,
        "Actual Total Time": 3487.051,
        "Actual Rows": 2,
        "Actual Loops": 1,
        "Workers Planned": 1,
        "Workers Launched": 1,
        "Single Copy": false,
        "Plans": [
          {
            "Node Type": "Aggregate",
            "Strategy": "Plain",
            "Partial Mode": "Partial",
            "Parent Relationship": "Outer",
            "Parallel Aware": false,
            "Startup Cost": 525568.07,
            "Total Cost": 525568.08,
            "Plan Rows": 1,
            "Plan Width": 8,
            "Actual Startup Time": 3440.868,
            "Actual Total Time": 3440.876,
            "Actual Rows": 1,
            "Actual Loops": 2,
            "Plans": [
              {
                "Node Type": "Hash Join",
                "Parent Relationship": "Outer",
                "Parallel Aware": true,
                "Join Type": "Inner",
                "Startup Cost": 111350.57,
                "Total Cost": 525118.52,
                "Plan Rows": 179822,
                "Plan Width": 0,
                "Actual Startup Time": 757.453,
                "Actual Total Time": 3424.368,
                "Actual Rows": 313664,
                "Actual Loops": 2,
                "Inner Unique": false,
                "Hash Cond": "(t.id = mc.movie_id)",
                "Plans": [
                  {
                    "Node Type": "Hash Join",
                    "Parent Relationship": "Outer",
                    "Parallel Aware": true,
                    "Join Type": "Inner",
                    "Startup Cost": 69461.26,
                    "Total Cost": 473908.74,
                    "Plan Rows": 1322031,
                    "Plan Width": 8,
                    "Actual Startup Time": 605.525,
                    "Actual Total Time": 2846.132,
                    "Actual Rows": 2420276,
                    "Actual Loops": 2,
                    "Inner Unique": true,
                    "Hash Cond": "(ci.movie_id = t.id)",
                    "Plans": [
                      {
                        "Node Type": "Index Scan",
                        "Parent Relationship": "Outer",
                        "Parallel Aware": true,
                        "Scan Direction": "Forward",
                        "Index Name": "role_id_cast_info",
                        "Relation Name": "cast_info",
                        "Alias": "ci",
                        "Startup Cost": 0.56,
                        "Total Cost": 400977.7,
                        "Plan Rows": 1322031,
                        "Plan Width": 4,
                        "Actual Startup Time": 0.067,
                        "Actual Total Time": 998.559,
                        "Actual Rows": 2420276,
                        "Actual Loops": 2,
                        "Index Cond": "(role_id < 2)",
                        "Rows Removed by Index Recheck": 0,
                        "Filter": "(person_id < 650026)",
                        "Rows Removed by Filter": 3915068
                      },
                      {
                        "Node Type": "Hash",
                        "Parent Relationship": "Inner",
                        "Parallel Aware": true,
                        "Startup Cost": 50870.31,
                        "Total Cost": 50870.31,
                        "Plan Rows": 1487231,
                        "Plan Width": 4,
                        "Actual Startup Time": 592.877,
                        "Actual Total Time": 592.879,
                        "Actual Rows": 1264156,
                        "Actual Loops": 2,
                        "Hash Buckets": 4194304,
                        "Original Hash Buckets": 4194304,
                        "Hash Batches": 1,
                        "Original Hash Batches": 1,
                        "Peak Memory Usage": 131712,
                        "Plans": [
                          {
                            "Node Type": "Seq Scan",
                            "Parent Relationship": "Outer",
                            "Parallel Aware": true,
                            "Relation Name": "title",
                            "Alias": "t",
                            "Startup Cost": 0.0,
                            "Total Cost": 50870.31,
                            "Plan Rows": 1487231,
                            "Plan Width": 4,
                            "Actual Startup Time": 0.021,
                            "Actual Total Time": 165.442,
                            "Actual Rows": 1264156,
                            "Actual Loops": 2
                          }
                        ]
                      }
                    ]
                  },
                  {
                    "Node Type": "Hash",
                    "Parent Relationship": "Inner",
                    "Parallel Aware": true,
                    "Startup Cost": 39360.64,
                    "Total Cost": 39360.64,
                    "Plan Rows": 202293,
                    "Plan Width": 4,
                    "Actual Startup Time": 146.041,
                    "Actual Total Time": 146.042,
                    "Actual Rows": 95220,
                    "Actual Loops": 2,
                    "Hash Buckets": 524288,
                    "Original Hash Buckets": 524288,
                    "Hash Batches": 1,
                    "Original Hash Batches": 1,
                    "Peak Memory Usage": 11584,
                    "Plans": [
                      {
                        "Node Type": "Bitmap Heap Scan",
                        "Parent Relationship": "Outer",
                        "Parallel Aware": true,
                        "Relation Name": "movie_companies",
                        "Alias": "mc",
                        "Startup Cost": 14594.3,
                        "Total Cost": 39360.64,
                        "Plan Rows": 202293,
                        "Plan Width": 4,
                        "Actual Startup Time": 94.958,
                        "Actual Total Time": 121.466,
                        "Actual Rows": 95220,
                        "Actual Loops": 2,
                        "Recheck Cond": "(company_id < 1074)",
                        "Rows Removed by Index Recheck": 0,
                        "Filter": "(company_type_id = 2)",
                        "Rows Removed by Filter": 240370,
                        "Exact Heap Blocks": 12706,
                        "Lossy Heap Blocks": 0,
                        "Plans": [
                          {
                            "Node Type": "Bitmap Index Scan",
                            "Parent Relationship": "Outer",
                            "Parallel Aware": false,
                            "Index Name": "company_id_movie_companies",
                            "Startup Cost": 0.0,
                            "Total Cost": 14508.32,
                            "Plan Rows": 677319,
                            "Plan Width": 0,
                            "Actual Startup Time": 42.397,
                            "Actual Total Time": 42.397,
                            "Actual Rows": 671182,
                            "Actual Loops": 1,
                            "Index Cond": "(company_id < 1074)"
                          }
                        ]
                      }
                    ]
                  }
                ]
              }
            ]
          }
        ]
      }
    ]
  },
  "Planning Time": 1.305,
  "Triggers": [],
  "Execution Time": 3487.174
}