[
  {
    "Plan": {
      "Node Type": "Aggregate",
      "Strategy": "Plain",
      "Partial Mode": "Finalize",
      "Parallel Aware": false,
      "Startup Cost": 75764.99,
      "Total Cost": 75765.0,
      "Plan Rows": 1,
      "Plan Width": 8,
      "Actual Startup Time": 218.578,
      "Actual Total Time": 236.394,
      "Actual Rows": 1,
      "Actual Loops": 1,
      "Plans": [
        {
          "Node Type": "Gather",
          "Parent Relationship": "Outer",
          "Parallel Aware": false,
          "Startup Cost": 75764.68,
          "Total Cost": 75764.99,
          "Plan Rows": 3,
          "Plan Width": 8,
          "Actual Startup Time": 218.011,
          "Actual Total Time": 236.385,
          "Actual Rows": 4,
          "Actual Loops": 1,
          "Workers Planned": 3,
          "Workers Launched": 3,
          "Single Copy": false,
          "Plans": [
            {
              "Node Type": "Aggregate",
              "Strategy": "Plain",
              "Partial Mode": "Partial",
              "Parent Relationship": "Outer",
              "Parallel Aware": false,
              "Startup Cost": 74764.68,
              "Total Cost": 74764.69,
              "Plan Rows": 1,
              "Plan Width": 8,
              "Actual Startup Time": 209.635,
              "Actual Total Time": 209.638,
              "Actual Rows": 1,
              "Actual Loops": 4,
              "Plans": [
                {
                  "Node Type": "Hash Join",
                  "Parent Relationship": "Outer",
                  "Parallel Aware": true,
                  "Join Type": "Inner",
                  "Startup Cost": 44165.7,
                  "Total Cost": 74724.54,
                  "Plan Rows": 16055,
                  "Plan Width": 0,
                  "Actual Startup Time": 104.727,
                  "Actual Total Time": 209.093,
                  "Actual Rows": 10575,
                  "Actual Loops": 4,
                  "Inner Unique": true,
                  "Hash Cond": "(mc.movie_id = t.id)",
                  "Plans": [
                    {
                      "Node Type": "Seq Scan",
                      "Parent Relationship": "Outer",
                      "Parallel Aware": true,
                      "Relation Name": "movie_companies",
                      "Alias": "mc",
                      "Startup Cost": 0.0,
                      "Total Cost": 29310.68,
                      "Plan Rows": 475487,
                      "Plan Width": 4,
                      "Actual Startup Time": 0.021,
                      "Actual Total Time": 64.706,
                      "Actual Rows": 367430,
                      "Actual Loops": 4,
                      "Filter": "(company_id < 13378)",
                      "Rows Removed by Filter": 284853
                    },
                    {
                      "Node Type": "Hash",
                      "Parent Relationship": "Inner",
                      "Parallel Aware": true,
                      "Startup Cost": 43898.92,
                      "Total Cost": 43898.92,
                      "Plan Rows": 21343,
                      "Plan Width": 4,
                      "Actual Startup Time": 102.713,
                      "Actual Total Time": 102.714,
                      "Actual Rows": 21148,
                      "Actual Loops": 4,
                      "Hash Buckets": 131072,
                      "Original Hash Buckets": 131072,
                      "Hash Batches": 1,
                      "Original Hash Batches": 1,
                      "Peak Memory Usage": 4416,
                      "Plans": [
                        {
                          "Node Type": "Seq Scan",
                          "Parent Relationship": "Outer",
                          "Parallel Aware": true,
                          "Relation Name": "title",
                          "Alias": "t",
                          "Startup Cost": 0.0,
                          "Total Cost": 43898.92,
                          "Plan Rows": 21343,
                          "Plan Width": 4,
                          "Actual Startup Time": 0.053,
                          "Actual Total Time": 92.406,
                          "Actual Rows": 21148,
                          "Actual Loops": 4,
                          "Filter": "(production_year = 2004)",
                          "Rows Removed by Filter": 610930
                        }
                      ]
                    }
                  ]
                }
              ]
            }
          ]
        }
      ]
    },
    "Planning Time": 0.672,
    "Triggers": [],
    "Execution Time": 236.459
  }
]