[
  {
    "Plan": {
      "Node Type": "Aggregate",
      "Strategy": "Plain",
      "Partial Mode": "Finalize",
      "Parallel Aware": false,
      "Startup Cost": 86221.05,
      "Total Cost": 86221.06,
      "Plan Rows": 1,
      "Plan Width": 8,
      "Actual Startup Time": 137.048,
      "Actual Total Time": 161.992,
      "Actual Rows": 1,
      "Actual Loops": 1,
      "Plans": [
        {
          "Node Type": "Gather",
          "Parent Relationship": "Outer",
          "Parallel Aware": false,
          "Startup Cost": 86220.63,
          "Total Cost": 86221.04,
          "Plan Rows": 4,
          "Plan Width": 8,
          "Actual Startup Time": 136.869,
          "Actual Total Time": 161.985,
          "Actual Rows": 5,
          "Actual Loops": 1,
          "Workers Planned": 4,
          "Workers Launched": 4,
          "Single Copy": false,
          "Plans": [
            {
              "Node Type": "Aggregate",
              "Strategy": "Plain",
              "Partial Mode": "Partial",
              "Parent Relationship": "Outer",
              "Parallel Aware": false,
              "Startup Cost": 85220.63,
              "Total Cost": 85220.64,
              "Plan Rows": 1,
              "Plan Width": 8,
              "Actual Startup Time": 129.558,
              "Actual Total Time": 129.56,
              "Actual Rows": 1,
              "Actual Loops": 5,
              "Plans": [
                {
                  "Node Type": "Nested Loop",
                  "Parent Relationship": "Outer",
                  "Parallel Aware": false,
                  "Join Type": "Inner",
                  "Startup Cost": 0.56,
                  "Total Cost": 85219.49,
                  "Plan Rows": 458,
                  "Plan Width": 0,
                  "Actual Startup Time": 8.184,
                  "Actual Total Time": 129.306,
                  "Actual Rows": 2097,
                  "Actual Loops": 5,
                  "Inner Unique": false,
                  "Plans": [
                    {
                      "Node Type": "Seq Scan",
                      "Parent Relationship": "Outer",
                      "Parallel Aware": true,
                      "Relation Name": "title",
                      "Alias": "t",
                      "Startup Cost": 0.0,
                      "Total Cost": 45479.59,
                      "Plan Rows": 295,
                      "Plan Width": 4,
                      "Actual Startup Time": 2.608,
                      "Actual Total Time": 82.194,
                      "Actual Rows": 672,
                      "Actual Loops": 5,
                      "Filter": "((kind_id < 4) AND (production_year > 2013))",
                      "Rows Removed by Filter": 504991
                    },
                    {
                      "Node Type": "Index Scan",
                      "Parent Relationship": "Inner",
                      "Parallel Aware": false,
                      "Scan Direction": "Forward",
                      "Index Name": "movie_id_cast_info",
                      "Relation Name": "cast_info",
                      "Alias": "ci",
                      "Startup Cost": 0.56,
                      "Total Cost": 134.67,
                      "Plan Rows": 4,
                      "Plan Width": 4,
                      "Actual Startup Time": 0.039,
                      "Actual Total Time": 0.069,
                      "Actual Rows": 3,
                      "Actual Loops": 3358,
                      "Index Cond": "(movie_id = t.id)",
                      "Rows Removed by Index Recheck": 0,
                      "Filter": "(role_id = 3)",
                      "Rows Removed by Filter": 9
                    }
                  ]
                }
              ]
            }
          ]
        }
      ]
    },
    "Planning Time": 0.627,
    "Triggers": [],
    "Execution Time": 162.067
  }
]