[
    {
        "Bao": {
            "Bao prediction": "NaN",
            "Bao recommended hint": "(no hint)"
        }
    },
    {
        "Plan": {
            "Node Type": "Aggregate",
            "Strategy": "Plain",
            "Partial Mode": "Finalize",
            "Parallel Aware": false,
            "Startup Cost": 33175.21,
            "Total Cost": 33175.22,
            "Plan Rows": 1,
            "Plan Width": 8,
            "Actual Startup Time": 95.974,
            "Actual Total Time": 102.076,
            "Actual Rows": 1,
            "Actual Loops": 1,
            "Output": [
                "count(*)"
            ],
            "Plans": [
                {
                    "Node Type": "Gather",
                    "Parent Relationship": "Outer",
                    "Parallel Aware": false,
                    "Startup Cost": 33174.89,
                    "Total Cost": 33175.2,
                    "Plan Rows": 3,
                    "Plan Width": 8,
                    "Actual Startup Time": 95.888,
                    "Actual Total Time": 102.069,
                    "Actual Rows": 4,
                    "Actual Loops": 1,
                    "Output": [
                        "(PARTIAL count(*))"
                    ],
                    "Workers Planned": 3,
                    "Workers Launched": 3,
                    "Single Copy": false,
                    "Plans": [
                        {
                            "Node Type": "Aggregate",
                            "Strategy": "Plain",
                            "Partial Mode": "Partial",
                            "Parent Relationship": "Outer",
                            "Parallel Aware": false,
                            "Startup Cost": 32174.89,
                            "Total Cost": 32174.9,
                            "Plan Rows": 1,
                            "Plan Width": 8,
                            "Actual Startup Time": 87.736,
                            "Actual Total Time": 87.737,
                            "Actual Rows": 1,
                            "Actual Loops": 4,
                            "Output": [
                                "PARTIAL count(*)"
                            ],
                            "Workers": [
                                {
                                    "Worker Number": 0,
                                    "Actual Startup Time": 84.873,
                                    "Actual Total Time": 84.874,
                                    "Actual Rows": 1,
                                    "Actual Loops": 1
                                },
                                {
                                    "Worker Number": 1,
                                    "Actual Startup Time": 84.978,
                                    "Actual Total Time": 84.979,
                                    "Actual Rows": 1,
                                    "Actual Loops": 1
                                },
                                {
                                    "Worker Number": 2,
                                    "Actual Startup Time": 85.487,
                                    "Actual Total Time": 85.489,
                                    "Actual Rows": 1,
                                    "Actual Loops": 1
                                }
                            ],
                            "Plans": [
                                {
                                    "Node Type": "Seq Scan",
                                    "Parent Relationship": "Outer",
                                    "Parallel Aware": true,
                                    "Relation Name": "movie_companies",
                                    "Schema": "public",
                                    "Alias": "mc",
                                    "Startup Cost": 0.0,
                                    "Total Cost": 31414.82,
                                    "Plan Rows": 304029,
                                    "Plan Width": 0,
                                    "Actual Startup Time": 42.7,
                                    "Actual Total Time": 76.749,
                                    "Actual Rows": 277546,
                                    "Actual Loops": 4,
                                    "Output": [
                                        "id",
                                        "movie_id",
                                        "company_id",
                                        "company_type_id",
                                        "note"
                                    ],
                                    "Filter": "((mc.company_id > 1531) AND (mc.company_type_id = 2))",
                                    "Rows Removed by Filter": 374737,
                                    "Workers": [
                                        {
                                            "Worker Number": 0,
                                            "Actual Startup Time": 39.838,
                                            "Actual Total Time": 74.074,
                                            "Actual Rows": 267497,
                                            "Actual Loops": 1
                                        },
                                        {
                                            "Worker Number": 1,
                                            "Actual Startup Time": 39.951,
                                            "Actual Total Time": 74.39,
                                            "Actual Rows": 258855,
                                            "Actual Loops": 1
                                        },
                                        {
                                            "Worker Number": 2,
                                            "Actual Startup Time": 40.453,
                                            "Actual Total Time": 74.709,
                                            "Actual Rows": 266669,
                                            "Actual Loops": 1
                                        }
                                    ]
                                }
                            ]
                        }
                    ]
                }
            ]
        },
        "Planning Time": 198.873,
        "Triggers": [],
        "Execution Time": 102.122
    }
]