[
  {
    "Plan": {
      "Node Type": "Aggregate",
      "Strategy": "Plain",
      "Partial Mode": "Simple",
      "Parallel Aware": false,
      "Startup Cost": 21133.84,
      "Total Cost": 21133.85,
      "Plan Rows": 1,
      "Plan Width": 8,
      "Actual Startup Time": 32.62,
      "Actual Total Time": 32.621,
      "Actual Rows": 1,
      "Actual Loops": 1,
      "Plans": [
        {
          "Node Type": "Bitmap Heap Scan",
          "Parent Relationship": "Outer",
          "Parallel Aware": false,
          "Relation Name": "movie_companies",
          "Alias": "mc",
          "Startup Cost": 1336.48,
          "Total Cost": 21054.77,
          "Plan Rows": 31628,
          "Plan Width": 0,
          "Actual Startup Time": 6.288,
          "Actual Total Time": 27.636,
          "Actual Rows": 61087,
          "Actual Loops": 1,
          "Recheck Cond": "(company_id > 183025)",
          "Rows Removed by Index Recheck": 0,
          "Filter": "(company_type_id > 1)",
          "Rows Removed by Filter": 0,
          "Exact Heap Blocks": 2186,
          "Lossy Heap Blocks": 0,
          "Plans": [
            {
              "Node Type": "Bitmap Index Scan",
              "Parent Relationship": "Outer",
              "Parallel Aware": false,
              "Index Name": "company_id_movie_companies",
              "Startup Cost": 0.0,
              "Total Cost": 1328.58,
              "Plan Rows": 61886,
              "Plan Width": 0,
              "Actual Startup Time": 5.555,
              "Actual Total Time": 5.556,
              "Actual Rows": 61087,
              "Actual Loops": 1,
              "Index Cond": "(company_id > 183025)"
            }
          ]
        }
      ]
    },
    "Planning Time": 0.158,
    "Triggers": [],
    "Execution Time": 32.667
  }
]