[
  {
    "Plan": {
      "Node Type": "Aggregate",
      "Strategy": "Plain",
      "Partial Mode": "Finalize",
      "Parallel Aware": false,
      "Startup Cost": 348788.84,
      "Total Cost": 348788.85,
      "Plan Rows": 1,
      "Plan Width": 8,
      "Actual Startup Time": 751.794,
      "Actual Total Time": 812.081,
      "Actual Rows": 1,
      "Actual Loops": 1,
      "Plans": [
        {
          "Node Type": "Gather",
          "Parent Relationship": "Outer",
          "Parallel Aware": false,
          "Startup Cost": 348788.21,
          "Total Cost": 348788.82,
          "Plan Rows": 6,
          "Plan Width": 8,
          "Actual Startup Time": 751.674,
          "Actual Total Time": 812.07,
          "Actual Rows": 7,
          "Actual Loops": 1,
          "Workers Planned": 6,
          "Workers Launched": 6,
          "Single Copy": false,
          "Plans": [
            {
              "Node Type": "Aggregate",
              "Strategy": "Plain",
              "Partial Mode": "Partial",
              "Parent Relationship": "Outer",
              "Parallel Aware": false,
              "Startup Cost": 347788.21,
              "Total Cost": 347788.22,
              "Plan Rows": 1,
              "Plan Width": 8,
              "Actual Startup Time": 743.606,
              "Actual Total Time": 743.607,
              "Actual Rows": 1,
              "Actual Loops": 7,
              "Plans": [
                {
                  "Node Type": "Seq Scan",
                  "Parent Relationship": "Outer",
                  "Parallel Aware": true,
                  "Relation Name": "cast_info",
                  "Alias": "ci",
                  "Startup Cost": 0.0,
                  "Total Cost": 343257.03,
                  "Plan Rows": 1812473,
                  "Plan Width": 0,
                  "Actual Startup Time": 0.048,
                  "Actual Total Time": 654.674,
                  "Actual Rows": 2101007,
                  "Actual Loops": 7,
                  "Filter": "((person_id < 1997901) AND (role_id < 3))",
                  "Rows Removed by Filter": 3076756
                }
              ]
            }
          ]
        }
      ]
    },
    "Planning Time": 0.219,
    "Triggers": [],
    "Execution Time": 812.15
  }
]