[
  {
    "Plan": {
      "Node Type": "Aggregate",
      "Strategy": "Plain",
      "Partial Mode": "Simple",
      "Parallel Aware": false,
      "Startup Cost": 17156.62,
      "Total Cost": 17156.63,
      "Plan Rows": 1,
      "Plan Width": 8,
      "Actual Startup Time": 5.359,
      "Actual Total Time": 5.36,
      "Actual Rows": 1,
      "Actual Loops": 1,
      "Plans": [
        {
          "Node Type": "Bitmap Heap Scan",
          "Parent Relationship": "Outer",
          "Parallel Aware": false,
          "Relation Name": "movie_keyword",
          "Alias": "mk",
          "Startup Cost": 176.35,
          "Total Cost": 17136.0,
          "Plan Rows": 8248,
          "Plan Width": 0,
          "Actual Startup Time": 0.652,
          "Actual Total Time": 5.067,
          "Actual Rows": 7116,
          "Actual Loops": 1,
          "Recheck Cond": "(keyword_id > 127608)",
          "Rows Removed by Index Recheck": 0,
          "Exact Heap Blocks": 2281,
          "Lossy Heap Blocks": 0,
          "Plans": [
            {
              "Node Type": "Bitmap Index Scan",
              "Parent Relationship": "Outer",
              "Parallel Aware": false,
              "Index Name": "keyword_id_movie_keyword",
              "Startup Cost": 0.0,
              "Total Cost": 174.29,
              "Plan Rows": 8248,
              "Plan Width": 0,
              "Actual Startup Time": 0.43,
              "Actual Total Time": 0.43,
              "Actual Rows": 7116,
              "Actual Loops": 1,
              "Index Cond": "(keyword_id > 127608)"
            }
          ]
        }
      ]
    },
    "Planning Time": 0.132,
    "Triggers": [],
    "Execution Time": 5.384
  }
]