{
  "Plan": {
    "Node Type": "Aggregate",
    "Strategy": "Plain",
    "Partial Mode": "Finalize",
    "Parallel Aware": false,
    "Startup Cost": 156182.91,
    "Total Cost": 156182.92,
    "Plan Rows": 1,
    "Plan Width": 8,
    "Actual Startup Time": 857.588,
    "Actual Total Time": 875.045,
    "Actual Rows": 1,
    "Actual Loops": 1,
    "Plans": [
      {
        "Node Type": "Gather",
        "Parent Relationship": "Outer",
        "Parallel Aware": false,
        "Startup Cost": 156182.8,
        "Total Cost": 156182.91,
        "Plan Rows": 1,
        "Plan Width": 8,
        "Actual Startup Time": 856.418,
        "Actual Total Time": 875.037,
        "Actual Rows": 2,
        "Actual Loops": 1,
        "Workers Planned": 1,
        "Workers Launched": 1,
        "Single Copy": false,
        "Plans": [
          {
            "Node Type": "Aggregate",
            "Strategy": "Plain",
            "Partial Mode": "Partial",
            "Parent Relationship": "Outer",
            "Parallel Aware": false,
            "Startup Cost": 155182.8,
            "Total Cost": 155182.81,
            "Plan Rows": 1,
            "Plan Width": 8,
            "Actual Startup Time": 849.993,
            "Actual Total Time": 850.156,
            "Actual Rows": 1,
            "Actual Loops": 2,
            "Plans": [
              {
                "Node Type": "Hash Join",
                "Parent Relationship": "Outer",
                "Parallel Aware": true,
                "Join Type": "Inner",
                "Startup Cost": 92358.99,
                "Total Cost": 154652.16,
                "Plan Rows": 212255,
                "Plan Width": 0,
                "Actual Startup Time": 470.748,
                "Actual Total Time": 834.85,
                "Actual Rows": 359636,
                "Actual Loops": 2,
                "Inner Unique": false,
                "Hash Cond": "(mk.movie_id = t.id)",
                "Plans": [
                  {
                    "Node Type": "Seq Scan",
                    "Parent Relationship": "Outer",
                    "Parallel Aware": true,
                    "Relation Name": "movie_keyword",
                    "Alias": "mk",
                    "Startup Cost": 0.0,
                    "Total Cost": 51065.35,
                    "Plan Rows": 2661135,
                    "Plan Width": 4,
                    "Actual Startup Time": 0.015,
                    "Actual Total Time": 152.732,
                    "Actual Rows": 2261965,
                    "Actual Loops": 2
                  },
                  {
                    "Node Type": "Hash",
                    "Parent Relationship": "Inner",
                    "Parallel Aware": true,
                    "Startup Cost": 90876.21,
                    "Total Cost": 90876.21,
                    "Plan Rows": 118623,
                    "Plan Width": 8,
                    "Actual Startup Time": 467.242,
                    "Actual Total Time": 467.404,
                    "Actual Rows": 124830,
                    "Actual Loops": 2,
                    "Hash Buckets": 262144,
                    "Original Hash Buckets": 262144,
                    "Hash Batches": 1,
                    "Original Hash Batches": 1,
                    "Peak Memory Usage": 11840,
                    "Plans": [
                      {
                        "Node Type": "Hash Join",
                        "Parent Relationship": "Outer",
                        "Parallel Aware": true,
                        "Join Type": "Inner",
                        "Startup Cost": 28733.28,
                        "Total Cost": 90876.21,
                        "Plan Rows": 118623,
                        "Plan Width": 8,
                        "Actual Startup Time": 108.555,
                        "Actual Total Time": 435.442,
                        "Actual Rows": 124830,
                        "Actual Loops": 2,
                        "Inner Unique": false,
                        "Hash Cond": "(t.id = mc.movie_id)",
                        "Plans": [
                          {
                            "Node Type": "Seq Scan",
                            "Parent Relationship": "Outer",
                            "Parallel Aware": true,
                            "Relation Name": "title",
                            "Alias": "t",
                            "Startup Cost": 0.0,
                            "Total Cost": 54588.39,
                            "Plan Rows": 1097081,
                            "Plan Width": 4,
                            "Actual Startup Time": 0.012,
                            "Actual Total Time": 144.053,
                            "Actual Rows": 932744,
                            "Actual Loops": 2,
                            "Filter": "(kind_id > 1)",
                            "Rows Removed by Filter": 331412
                          },
                          {
                            "Node Type": "Hash",
                            "Parent Relationship": "Inner",
                            "Parallel Aware": true,
                            "Startup Cost": 26723.18,
                            "Total Cost": 26723.18,
                            "Plan Rows": 160808,
                            "Plan Width": 4,
                            "Actual Startup Time": 104.592,
                            "Actual Total Time": 104.594,
                            "Actual Rows": 135716,
                            "Actual Loops": 2,
                            "Hash Buckets": 524288,
                            "Original Hash Buckets": 524288,
                            "Hash Batches": 1,
                            "Original Hash Batches": 1,
                            "Peak Memory Usage": 14752,
                            "Plans": [
                              {
                                "Node Type": "Bitmap Heap Scan",
                                "Parent Relationship": "Outer",
                                "Parallel Aware": true,
                                "Relation Name": "movie_companies",
                                "Alias": "mc",
                                "Startup Cost": 5923.08,
                                "Total Cost": 26723.18,
                                "Plan Rows": 160808,
                                "Plan Width": 4,
                                "Actual Startup Time": 26.143,
                                "Actual Total Time": 72.671,
                                "Actual Rows": 135716,
                                "Actual Loops": 2,
                                "Recheck Cond": "(company_id < 145)",
                                "Rows Removed by Index Recheck": 0,
                                "Exact Heap Blocks": 11395,
                                "Lossy Heap Blocks": 0,
                                "Plans": [
                                  {
                                    "Node Type": "Bitmap Index Scan",
                                    "Parent Relationship": "Outer",
                                    "Parallel Aware": false,
                                    "Index Name": "company_id_movie_companies",
                                    "Startup Cost": 0.0,
                                    "Total Cost": 5854.74,
                                    "Plan Rows": 273374,
                                    "Plan Width": 0,
                                    "Actual Startup Time": 22.657,
                                    "Actual Total Time": 22.657,
                                    "Actual Rows": 271432,
                                    "Actual Loops": 1,
                                    "Index Cond": "(company_id < 145)"
                                  }
                                ]
                              }
                            ]
                          }
                        ]
                      }
                    ]
                  }
                ]
              }
            ]
          }
        ]
      }
    ]
  },
  "Planning Time": 1.147,
  "Triggers": [],
  "Execution Time": 875.154
}