[
  {
    "Plan": {
      "Node Type": "Aggregate",
      "Strategy": "Plain",
      "Partial Mode": "Finalize",
      "Parallel Aware": false,
      "Startup Cost": 267327.96,
      "Total Cost": 267327.97,
      "Plan Rows": 1,
      "Plan Width": 8,
      "Actual Startup Time": 2958.48,
      "Actual Total Time": 3001.104,
      "Actual Rows": 1,
      "Actual Loops": 1,
      "Plans": [
        {
          "Node Type": "Gather",
          "Parent Relationship": "Outer",
          "Parallel Aware": false,
          "Startup Cost": 267327.64,
          "Total Cost": 267327.95,
          "Plan Rows": 3,
          "Plan Width": 8,
          "Actual Startup Time": 2955.462,
          "Actual Total Time": 3001.088,
          "Actual Rows": 4,
          "Actual Loops": 1,
          "Workers Planned": 3,
          "Workers Launched": 3,
          "Single Copy": false,
          "Plans": [
            {
              "Node Type": "Aggregate",
              "Strategy": "Plain",
              "Partial Mode": "Partial",
              "Parent Relationship": "Outer",
              "Parallel Aware": false,
              "Startup Cost": 266327.64,
              "Total Cost": 266327.65,
              "Plan Rows": 1,
              "Plan Width": 8,
              "Actual Startup Time": 2945.692,
              "Actual Total Time": 2945.698,
              "Actual Rows": 1,
              "Actual Loops": 4,
              "Plans": [
                {
                  "Node Type": "Nested Loop",
                  "Parent Relationship": "Outer",
                  "Parallel Aware": false,
                  "Join Type": "Inner",
                  "Startup Cost": 47295.16,
                  "Total Cost": 266184.18,
                  "Plan Rows": 57385,
                  "Plan Width": 0,
                  "Actual Startup Time": 263.874,
                  "Actual Total Time": 2920.813,
                  "Actual Rows": 338353,
                  "Actual Loops": 4,
                  "Inner Unique": false,
                  "Join Filter": "(t.id = mi.movie_id)",
                  "Rows Removed by Join Filter": 0,
                  "Plans": [
                    {
                      "Node Type": "Hash Join",
                      "Parent Relationship": "Outer",
                      "Parallel Aware": true,
                      "Join Type": "Inner",
                      "Startup Cost": 47294.72,
                      "Total Cost": 79780.58,
                      "Plan Rows": 93732,
                      "Plan Width": 8,
                      "Actual Startup Time": 263.615,
                      "Actual Total Time": 427.204,
                      "Actual Rows": 159620,
                      "Actual Loops": 4,
                      "Inner Unique": true,
                      "Hash Cond": "(mc.movie_id = t.id)",
                      "Plans": [
                        {
                          "Node Type": "Seq Scan",
                          "Parent Relationship": "Outer",
                          "Parallel Aware": true,
                          "Relation Name": "movie_companies",
                          "Alias": "mc",
                          "Startup Cost": 0.0,
                          "Total Cost": 31414.82,
                          "Plan Rows": 408015,
                          "Plan Width": 4,
                          "Actual Startup Time": 0.017,
                          "Actual Total Time": 91.264,
                          "Actual Rows": 318562,
                          "Actual Loops": 4,
                          "Filter": "((company_id < 215368) AND (company_type_id < 2))",
                          "Rows Removed by Filter": 333721
                        },
                        {
                          "Node Type": "Hash",
                          "Parent Relationship": "Inner",
                          "Parallel Aware": true,
                          "Startup Cost": 45479.59,
                          "Total Cost": 45479.59,
                          "Plan Rows": 145211,
                          "Plan Width": 4,
                          "Actual Startup Time": 215.487,
                          "Actual Total Time": 215.489,
                          "Actual Rows": 148682,
                          "Actual Loops": 4,
                          "Hash Buckets": 1048576,
                          "Original Hash Buckets": 1048576,
                          "Hash Batches": 1,
                          "Original Hash Batches": 1,
                          "Peak Memory Usage": 31552,
                          "Plans": [
                            {
                              "Node Type": "Seq Scan",
                              "Parent Relationship": "Outer",
                              "Parallel Aware": true,
                              "Relation Name": "title",
                              "Alias": "t",
                              "Startup Cost": 0.0,
                              "Total Cost": 45479.59,
                              "Plan Rows": 145211,
                              "Plan Width": 4,
                              "Actual Startup Time": 78.486,
                              "Actual Total Time": 141.359,
                              "Actual Rows": 148682,
                              "Actual Loops": 4,
                              "Filter": "((production_year < 2012) AND (kind_id = 1))",
                              "Rows Removed by Filter": 483396
                            }
                          ]
                        }
                      ]
                    },
                    {
                      "Node Type": "Index Scan",
                      "Parent Relationship": "Inner",
                      "Parallel Aware": false,
                      "Scan Direction": "Forward",
                      "Index Name": "movie_id_movie_info",
                      "Relation Name": "movie_info",
                      "Alias": "mi",
                      "Startup Cost": 0.43,
                      "Total Cost": 1.94,
                      "Plan Rows": 4,
                      "Plan Width": 4,
                      "Actual Startup Time": 0.015,
                      "Actual Total Time": 0.015,
                      "Actual Rows": 2,
                      "Actual Loops": 638480,
                      "Index Cond": "(movie_id = mc.movie_id)",
                      "Rows Removed by Index Recheck": 0,
                      "Filter": "(info_type_id = 3)",
                      "Rows Removed by Filter": 59
                    }
                  ]
                }
              ]
            }
          ]
        }
      ]
    },
    "Planning Time": 1.614,
    "Triggers": [],
    "Execution Time": 3001.206
  }
]