{
  "Plan": {
    "Node Type": "Aggregate",
    "Strategy": "Plain",
    "Partial Mode": "Finalize",
    "Parallel Aware": false,
    "Startup Cost": 128475.06,
    "Total Cost": 128475.07,
    "Plan Rows": 1,
    "Plan Width": 8,
    "Actual Startup Time": 307.549,
    "Actual Total Time": 334.642,
    "Actual Rows": 1,
    "Actual Loops": 1,
    "Plans": [
      {
        "Node Type": "Gather",
        "Parent Relationship": "Outer",
        "Parallel Aware": false,
        "Startup Cost": 128474.95,
        "Total Cost": 128475.06,
        "Plan Rows": 1,
        "Plan Width": 8,
        "Actual Startup Time": 307.168,
        "Actual Total Time": 334.634,
        "Actual Rows": 2,
        "Actual Loops": 1,
        "Workers Planned": 1,
        "Workers Launched": 1,
        "Single Copy": false,
        "Plans": [
          {
            "Node Type": "Aggregate",
            "Strategy": "Plain",
            "Partial Mode": "Partial",
            "Parent Relationship": "Outer",
            "Parallel Aware": false,
            "Startup Cost": 127474.95,
            "Total Cost": 127474.96,
            "Plan Rows": 1,
            "Plan Width": 8,
            "Actual Startup Time": 302.263,
            "Actual Total Time": 302.267,
            "Actual Rows": 1,
            "Actual Loops": 2,
            "Plans": [
              {
                "Node Type": "Nested Loop",
                "Parent Relationship": "Outer",
                "Parallel Aware": false,
                "Join Type": "Inner",
                "Startup Cost": 25730.72,
                "Total Cost": 127460.68,
                "Plan Rows": 5709,
                "Plan Width": 0,
                "Actual Startup Time": 70.297,
                "Actual Total Time": 301.95,
                "Actual Rows": 3102,
                "Actual Loops": 2,
                "Inner Unique": false,
                "Plans": [
                  {
                    "Node Type": "Hash Join",
                    "Parent Relationship": "Outer",
                    "Parallel Aware": true,
                    "Join Type": "Inner",
                    "Startup Cost": 25730.29,
                    "Total Cost": 83197.12,
                    "Plan Rows": 18126,
                    "Plan Width": 8,
                    "Actual Startup Time": 70.213,
                    "Actual Total Time": 227.859,
                    "Actual Rows": 3696,
                    "Actual Loops": 2,
                    "Inner Unique": false,
                    "Hash Cond": "(t.id = mc.movie_id)",
                    "Plans": [
                      {
                        "Node Type": "Seq Scan",
                        "Parent Relationship": "Outer",
                        "Parallel Aware": true,
                        "Relation Name": "title",
                        "Alias": "t",
                        "Startup Cost": 0.0,
                        "Total Cost": 54588.39,
                        "Plan Rows": 443492,
                        "Plan Width": 4,
                        "Actual Startup Time": 0.013,
                        "Actual Total Time": 117.132,
                        "Actual Rows": 376838,
                        "Actual Loops": 2,
                        "Filter": "(kind_id < 3)",
                        "Rows Removed by Filter": 887318
                      },
                      {
                        "Node Type": "Hash",
                        "Parent Relationship": "Inner",
                        "Parallel Aware": true,
                        "Startup Cost": 24970.48,
                        "Total Cost": 24970.48,
                        "Plan Rows": 60785,
                        "Plan Width": 4,
                        "Actual Startup Time": 68.241,
                        "Actual Total Time": 68.242,
                        "Actual Rows": 21008,
                        "Actual Loops": 2,
                        "Hash Buckets": 131072,
                        "Original Hash Buckets": 131072,
                        "Hash Batches": 1,
                        "Original Hash Batches": 1,
                        "Peak Memory Usage": 2688,
                        "Plans": [
                          {
                            "Node Type": "Bitmap Heap Scan",
                            "Parent Relationship": "Outer",
                            "Parallel Aware": true,
                            "Relation Name": "movie_companies",
                            "Alias": "mc",
                            "Startup Cost": 4384.69,
                            "Total Cost": 24970.48,
                            "Plan Rows": 60785,
                            "Plan Width": 4,
                            "Actual Startup Time": 53.415,
                            "Actual Total Time": 63.877,
                            "Actual Rows": 21008,
                            "Actual Loops": 2,
                            "Recheck Cond": "(company_id < 67)",
                            "Rows Removed by Index Recheck": 0,
                            "Filter": "(company_type_id = 2)",
                            "Rows Removed by Filter": 80638,
                            "Exact Heap Blocks": 13324,
                            "Lossy Heap Blocks": 0,
                            "Plans": [
                              {
                                "Node Type": "Bitmap Index Scan",
                                "Parent Relationship": "Outer",
                                "Parallel Aware": false,
                                "Index Name": "company_id_movie_companies",
                                "Startup Cost": 0.0,
                                "Total Cost": 4358.85,
                                "Plan Rows": 203523,
                                "Plan Width": 0,
                                "Actual Startup Time": 24.214,
                                "Actual Total Time": 24.215,
                                "Actual Rows": 203291,
                                "Actual Loops": 1,
                                "Index Cond": "(company_id < 67)"
                              }
                            ]
                          }
                        ]
                      }
                    ]
                  },
                  {
                    "Node Type": "Index Scan",
                    "Parent Relationship": "Inner",
                    "Parallel Aware": false,
                    "Scan Direction": "Forward",
                    "Index Name": "movie_id_movie_info",
                    "Relation Name": "movie_info",
                    "Alias": "mi",
                    "Startup Cost": 0.43,
                    "Total Cost": 2.42,
                    "Plan Rows": 2,
                    "Plan Width": 4,
                    "Actual Startup Time": 0.01,
                    "Actual Total Time": 0.02,
                    "Actual Rows": 1,
                    "Actual Loops": 7392,
                    "Index Cond": "(movie_id = t.id)",
                    "Rows Removed by Index Recheck": 0,
                    "Filter": "(info_type_id < 2)",
                    "Rows Removed by Filter": 15
                  }
                ]
              }
            ]
          }
        ]
      }
    ]
  },
  "Planning Time": 1.006,
  "Triggers": [],
  "Execution Time": 334.752
}