{
  "Plan": {
    "Node Type": "Aggregate",
    "Strategy": "Plain",
    "Partial Mode": "Finalize",
    "Parallel Aware": false,
    "Startup Cost": 27034.31,
    "Total Cost": 27034.32,
    "Plan Rows": 1,
    "Plan Width": 64,
    "Actual Startup Time": 1676.898,
    "Actual Total Time": 1676.994,
    "Actual Rows": 1,
    "Actual Loops": 1,
    "Plans": [
      {
        "Node Type": "Gather",
        "Parent Relationship": "Outer",
        "Parallel Aware": false,
        "Startup Cost": 27034.19,
        "Total Cost": 27034.3,
        "Plan Rows": 1,
        "Plan Width": 64,
        "Actual Startup Time": 1676.89,
        "Actual Total Time": 1676.986,
        "Actual Rows": 1,
        "Actual Loops": 1,
        "Workers Planned": 1,
        "Workers Launched": 0,
        "Single Copy": false,
        "Plans": [
          {
            "Node Type": "Aggregate",
            "Strategy": "Plain",
            "Partial Mode": "Partial",
            "Parent Relationship": "Outer",
            "Parallel Aware": false,
            "Startup Cost": 26034.19,
            "Total Cost": 26034.2,
            "Plan Rows": 1,
            "Plan Width": 64,
            "Actual Startup Time": 1676.142,
            "Actual Total Time": 1676.151,
            "Actual Rows": 1,
            "Actual Loops": 1,
            "Plans": [
              {
                "Node Type": "Nested Loop",
                "Parent Relationship": "Outer",
                "Parallel Aware": false,
                "Join Type": "Inner",
                "Startup Cost": 25954.29,
                "Total Cost": 26034.19,
                "Plan Rows": 1,
                "Plan Width": 23,
                "Actual Startup Time": 1246.278,
                "Actual Total Time": 1675.981,
                "Actual Rows": 1179,
                "Actual Loops": 1,
                "Inner Unique": true,
                "Plans": [
                  {
                    "Node Type": "Merge Join",
                    "Parent Relationship": "Outer",
                    "Parallel Aware": false,
                    "Join Type": "Inner",
                    "Startup Cost": 25953.86,
                    "Total Cost": 26033.21,
                    "Plan Rows": 2,
                    "Plan Width": 14,
                    "Actual Startup Time": 1246.241,
                    "Actual Total Time": 1664.897,
                    "Actual Rows": 2613,
                    "Actual Loops": 1,
                    "Inner Unique": true,
                    "Merge Cond": "(mk.keyword_id = k.id)",
                    "Plans": [
                      {
                        "Node Type": "Sort",
                        "Parent Relationship": "Outer",
                        "Parallel Aware": false,
                        "Startup Cost": 23327.49,
                        "Total Cost": 23367.12,
                        "Plan Rows": 15853,
                        "Plan Width": 18,
                        "Actual Startup Time": 1179.86,
                        "Actual Total Time": 1473.624,
                        "Actual Rows": 1607648,
                        "Actual Loops": 1,
                        "Sort Key": [
                          "mk.keyword_id"
                        ],
                        "Sort Method": "quicksort",
                        "Sort Space Used": 124631,
                        "Sort Space Type": "Memory",
                        "Plans": [
                          {
                            "Node Type": "Nested Loop",
                            "Parent Relationship": "Outer",
                            "Parallel Aware": false,
                            "Join Type": "Inner",
                            "Startup Cost": 2.86,
                            "Total Cost": 22221.55,
                            "Plan Rows": 15853,
                            "Plan Width": 18,
                            "Actual Startup Time": 0.111,
                            "Actual Total Time": 819.777,
                            "Actual Rows": 1610200,
                            "Actual Loops": 1,
                            "Inner Unique": false,
                            "Plans": [
                              {
                                "Node Type": "Hash Join",
                                "Parent Relationship": "Outer",
                                "Parallel Aware": false,
                                "Join Type": "Inner",
                                "Startup Cost": 2.43,
                                "Total Cost": 18573.9,
                                "Plan Rows": 1589,
                                "Plan Width": 10,
                                "Actual Startup Time": 0.081,
                                "Actual Total Time": 176.054,
                                "Actual Rows": 194914,
                                "Actual Loops": 1,
                                "Inner Unique": true,
                                "Hash Cond": "(mi_idx.info_type_id = it.id)",
                                "Plans": [
                                  {
                                    "Node Type": "Seq Scan",
                                    "Parent Relationship": "Outer",
                                    "Parallel Aware": true,
                                    "Relation Name": "movie_info_idx",
                                    "Alias": "mi_idx",
                                    "Startup Cost": 0.0,
                                    "Total Cost": 18082.32,
                                    "Plan Rows": 179611,
                                    "Plan Width": 14,
                                    "Actual Startup Time": 0.022,
                                    "Actual Total Time": 138.773,
                                    "Actual Rows": 308267,
                                    "Actual Loops": 1,
                                    "Filter": "(info > '6.5'::text)",
                                    "Rows Removed by Filter": 1071768
                                  },
                                  {
                                    "Node Type": "Hash",
                                    "Parent Relationship": "Inner",
                                    "Parallel Aware": false,
                                    "Startup Cost": 2.41,
                                    "Total Cost": 2.41,
                                    "Plan Rows": 1,
                                    "Plan Width": 4,
                                    "Actual Startup Time": 0.045,
                                    "Actual Total Time": 0.047,
                                    "Actual Rows": 1,
                                    "Actual Loops": 1,
                                    "Hash Buckets": 1024,
                                    "Original Hash Buckets": 1024,
                                    "Hash Batches": 1,
                                    "Original Hash Batches": 1,
                                    "Peak Memory Usage": 9,
                                    "Plans": [
                                      {
                                        "Node Type": "Seq Scan",
                                        "Parent Relationship": "Outer",
                                        "Parallel Aware": false,
                                        "Relation Name": "info_type",
                                        "Alias": "it",
                                        "Startup Cost": 0.0,
                                        "Total Cost": 2.41,
                                        "Plan Rows": 1,
                                        "Plan Width": 4,
                                        "Actual Startup Time": 0.034,
                                        "Actual Total Time": 0.039,
                                        "Actual Rows": 1,
                                        "Actual Loops": 1,
                                        "Filter": "((info)::text = 'rating'::text)",
                                        "Rows Removed by Filter": 112
                                      }
                                    ]
                                  }
                                ]
                              },
                              {
                                "Node Type": "Index Scan",
                                "Parent Relationship": "Inner",
                                "Parallel Aware": false,
                                "Scan Direction": "Forward",
                                "Index Name": "movie_id_movie_keyword",
                                "Relation Name": "movie_keyword",
                                "Alias": "mk",
                                "Startup Cost": 0.43,
                                "Total Cost": 1.84,
                                "Plan Rows": 46,
                                "Plan Width": 8,
                                "Actual Startup Time": 0.001,
                                "Actual Total Time": 0.002,
                                "Actual Rows": 8,
                                "Actual Loops": 194914,
                                "Index Cond": "(movie_id = mi_idx.movie_id)",
                                "Rows Removed by Index Recheck": 0
                              }
                            ]
                          }
                        ]
                      },
                      {
                        "Node Type": "Sort",
                        "Parent Relationship": "Inner",
                        "Parallel Aware": false,
                        "Startup Cost": 2626.37,
                        "Total Cost": 2626.4,
                        "Plan Rows": 13,
                        "Plan Width": 4,
                        "Actual Startup Time": 14.845,
                        "Actual Total Time": 14.855,
                        "Actual Rows": 30,
                        "Actual Loops": 1,
                        "Sort Key": [
                          "k.id"
                        ],
                        "Sort Method": "quicksort",
                        "Sort Space Used": 26,
                        "Sort Space Type": "Memory",
                        "Plans": [
                          {
                            "Node Type": "Seq Scan",
                            "Parent Relationship": "Outer",
                            "Parallel Aware": false,
                            "Relation Name": "keyword",
                            "Alias": "k",
                            "Startup Cost": 0.0,
                            "Total Cost": 2626.12,
                            "Plan Rows": 13,
                            "Plan Width": 4,
                            "Actual Startup Time": 0.831,
                            "Actual Total Time": 14.822,
                            "Actual Rows": 30,
                            "Actual Loops": 1,
                            "Filter": "(keyword ~~ '%sequel%'::text)",
                            "Rows Removed by Filter": 134140
                          }
                        ]
                      }
                    ]
                  },
                  {
                    "Node Type": "Index Scan",
                    "Parent Relationship": "Inner",
                    "Parallel Aware": false,
                    "Scan Direction": "Forward",
                    "Index Name": "title_pkey",
                    "Relation Name": "title",
                    "Alias": "t",
                    "Startup Cost": 0.43,
                    "Total Cost": 0.49,
                    "Plan Rows": 1,
                    "Plan Width": 21,
                    "Actual Startup Time": 0.004,
                    "Actual Total Time": 0.004,
                    "Actual Rows": 0,
                    "Actual Loops": 2613,
                    "Index Cond": "(id = mk.movie_id)",
                    "Rows Removed by Index Recheck": 0,
                    "Filter": "(production_year > 1995)",
                    "Rows Removed by Filter": 1
                  }
                ]
              }
            ]
          }
        ]
      }
    ]
  },
  "Planning Time": 1.077,
  "Triggers": [],
  "Execution Time": 1677.124
}