[
    {
        "Bao": {
            "Bao prediction": "NaN",
            "Bao recommended hint": "(no hint)"
        }
    },
    {
        "Plan": {
            "Node Type": "Aggregate",
            "Strategy": "Plain",
            "Partial Mode": "Simple",
            "Parallel Aware": false,
            "Startup Cost": 22436.89,
            "Total Cost": 22436.9,
            "Plan Rows": 1,
            "Plan Width": 8,
            "Actual Startup Time": 25.348,
            "Actual Total Time": 25.35,
            "Actual Rows": 1,
            "Actual Loops": 1,
            "Output": [
                "count(*)"
            ],
            "Plans": [
                {
                    "Node Type": "Bitmap Heap Scan",
                    "Parent Relationship": "Outer",
                    "Parallel Aware": false,
                    "Relation Name": "movie_companies",
                    "Schema": "public",
                    "Alias": "mc",
                    "Startup Cost": 2155.16,
                    "Total Cost": 22188.27,
                    "Plan Rows": 99449,
                    "Plan Width": 0,
                    "Actual Startup Time": 4.747,
                    "Actual Total Time": 20.928,
                    "Actual Rows": 101635,
                    "Actual Loops": 1,
                    "Recheck Cond": "(mc.company_id > 156583)",
                    "Rows Removed by Index Recheck": 0,
                    "Exact Heap Blocks": 3188,
                    "Lossy Heap Blocks": 0,
                    "Plans": [
                        {
                            "Node Type": "Bitmap Index Scan",
                            "Parent Relationship": "Outer",
                            "Parallel Aware": false,
                            "Index Name": "company_id_movie_companies",
                            "Startup Cost": 0.0,
                            "Total Cost": 2130.3,
                            "Plan Rows": 99449,
                            "Plan Width": 0,
                            "Actual Startup Time": 4.319,
                            "Actual Total Time": 4.319,
                            "Actual Rows": 101635,
                            "Actual Loops": 1,
                            "Index Cond": "(mc.company_id > 156583)"
                        }
                    ]
                }
            ]
        },
        "Planning Time": 187.96,
        "Triggers": [],
        "Execution Time": 25.393
    }
]