[
  {
    "Plan": {
      "Node Type": "Aggregate",
      "Strategy": "Plain",
      "Partial Mode": "Finalize",
      "Parallel Aware": false,
      "Startup Cost": 56701.37,
      "Total Cost": 56701.38,
      "Plan Rows": 1,
      "Plan Width": 8,
      "Actual Startup Time": 166.595,
      "Actual Total Time": 177.685,
      "Actual Rows": 1,
      "Actual Loops": 1,
      "Plans": [
        {
          "Node Type": "Gather",
          "Parent Relationship": "Outer",
          "Parallel Aware": false,
          "Startup Cost": 56701.05,
          "Total Cost": 56701.36,
          "Plan Rows": 3,
          "Plan Width": 8,
          "Actual Startup Time": 165.0,
          "Actual Total Time": 177.678,
          "Actual Rows": 4,
          "Actual Loops": 1,
          "Workers Planned": 3,
          "Workers Launched": 3,
          "Single Copy": false,
          "Plans": [
            {
              "Node Type": "Aggregate",
              "Strategy": "Plain",
              "Partial Mode": "Partial",
              "Parent Relationship": "Outer",
              "Parallel Aware": false,
              "Startup Cost": 55701.05,
              "Total Cost": 55701.06,
              "Plan Rows": 1,
              "Plan Width": 8,
              "Actual Startup Time": 159.095,
              "Actual Total Time": 159.098,
              "Actual Rows": 1,
              "Actual Loops": 4,
              "Plans": [
                {
                  "Node Type": "Hash Join",
                  "Parent Relationship": "Outer",
                  "Parallel Aware": true,
                  "Join Type": "Inner",
                  "Startup Cost": 46562.34,
                  "Total Cost": 55666.22,
                  "Plan Rows": 13935,
                  "Plan Width": 0,
                  "Actual Startup Time": 126.549,
                  "Actual Total Time": 158.46,
                  "Actual Rows": 13506,
                  "Actual Loops": 4,
                  "Inner Unique": true,
                  "Hash Cond": "(ci.movie_id = t.id)",
                  "Plans": [
                    {
                      "Node Type": "Index Scan",
                      "Parent Relationship": "Outer",
                      "Parallel Aware": true,
                      "Scan Direction": "Forward",
                      "Index Name": "role_id_cast_info",
                      "Relation Name": "cast_info",
                      "Alias": "ci",
                      "Startup Cost": 0.56,
                      "Total Cost": 8837.38,
                      "Plan Rows": 101739,
                      "Plan Width": 4,
                      "Actual Startup Time": 0.102,
                      "Actual Total Time": 12.534,
                      "Actual Rows": 79030,
                      "Actual Loops": 4,
                      "Index Cond": "(role_id > 10)",
                      "Rows Removed by Index Recheck": 0
                    },
                    {
                      "Node Type": "Hash",
                      "Parent Relationship": "Inner",
                      "Parallel Aware": true,
                      "Startup Cost": 45479.59,
                      "Total Cost": 45479.59,
                      "Plan Rows": 86575,
                      "Plan Width": 4,
                      "Actual Startup Time": 124.413,
                      "Actual Total Time": 124.413,
                      "Actual Rows": 66319,
                      "Actual Loops": 4,
                      "Hash Buckets": 524288,
                      "Original Hash Buckets": 524288,
                      "Hash Batches": 1,
                      "Original Hash Batches": 1,
                      "Peak Memory Usage": 14560,
                      "Plans": [
                        {
                          "Node Type": "Seq Scan",
                          "Parent Relationship": "Outer",
                          "Parallel Aware": true,
                          "Relation Name": "title",
                          "Alias": "t",
                          "Startup Cost": 0.0,
                          "Total Cost": 45479.59,
                          "Plan Rows": 86575,
                          "Plan Width": 4,
                          "Actual Startup Time": 42.788,
                          "Actual Total Time": 98.064,
                          "Actual Rows": 66319,
                          "Actual Loops": 4,
                          "Filter": "((production_year > 2001) AND (kind_id = 1))",
                          "Rows Removed by Filter": 565759
                        }
                      ]
                    }
                  ]
                }
              ]
            }
          ]
        }
      ]
    },
    "Planning Time": 0.512,
    "Triggers": [],
    "Execution Time": 177.725
  }
]