{
  "Plan": {
    "Node Type": "Aggregate",
    "Strategy": "Plain",
    "Partial Mode": "Finalize",
    "Parallel Aware": false,
    "Startup Cost": 1563686.39,
    "Total Cost": 1563686.4,
    "Plan Rows": 1,
    "Plan Width": 8,
    "Actual Startup Time": 8233.506,
    "Actual Total Time": 8240.399,
    "Actual Rows": 1,
    "Actual Loops": 1,
    "Plans": [
      {
        "Node Type": "Gather",
        "Parent Relationship": "Outer",
        "Parallel Aware": false,
        "Startup Cost": 1563686.28,
        "Total Cost": 1563686.39,
        "Plan Rows": 1,
        "Plan Width": 8,
        "Actual Startup Time": 8233.496,
        "Actual Total Time": 8240.392,
        "Actual Rows": 2,
        "Actual Loops": 1,
        "Workers Planned": 1,
        "Workers Launched": 1,
        "Single Copy": false,
        "Plans": [
          {
            "Node Type": "Aggregate",
            "Strategy": "Plain",
            "Partial Mode": "Partial",
            "Parent Relationship": "Outer",
            "Parallel Aware": false,
            "Startup Cost": 1562686.28,
            "Total Cost": 1562686.29,
            "Plan Rows": 1,
            "Plan Width": 8,
            "Actual Startup Time": 8102.313,
            "Actual Total Time": 8102.32,
            "Actual Rows": 1,
            "Actual Loops": 2,
            "Plans": [
              {
                "Node Type": "Merge Join",
                "Parent Relationship": "Outer",
                "Parallel Aware": false,
                "Join Type": "Inner",
                "Startup Cost": 1525021.37,
                "Total Cost": 1561817.6,
                "Plan Rows": 347470,
                "Plan Width": 0,
                "Actual Startup Time": 7323.012,
                "Actual Total Time": 8100.834,
                "Actual Rows": 33434,
                "Actual Loops": 2,
                "Inner Unique": false,
                "Merge Cond": "(t.id = mi.movie_id)",
                "Plans": [
                  {
                    "Node Type": "Sort",
                    "Parent Relationship": "Outer",
                    "Parallel Aware": false,
                    "Startup Cost": 1345941.53,
                    "Total Cost": 1361745.86,
                    "Plan Rows": 6321729,
                    "Plan Width": 8,
                    "Actual Startup Time": 7269.415,
                    "Actual Total Time": 7718.308,
                    "Actual Rows": 4395966,
                    "Actual Loops": 2,
                    "Sort Key": [
                      "t.id"
                    ],
                    "Sort Method": "quicksort",
                    "Sort Space Used": 423140,
                    "Sort Space Type": "Memory",
                    "Workers": [
                      {
                        "Worker Number": 0,
                        "Sort Method": "quicksort",
                        "Sort Space Used": 283896,
                        "Sort Space Type": "Memory"
                      }
                    ],
                    "Plans": [
                      {
                        "Node Type": "Hash Join",
                        "Parent Relationship": "Outer",
                        "Parallel Aware": true,
                        "Join Type": "Inner",
                        "Startup Cost": 64727.42,
                        "Total Cost": 631842.57,
                        "Plan Rows": 6321729,
                        "Plan Width": 8,
                        "Actual Startup Time": 444.695,
                        "Actual Total Time": 6105.91,
                        "Actual Rows": 4395974,
                        "Actual Loops": 2,
                        "Inner Unique": true,
                        "Hash Cond": "(ci.movie_id = t.id)",
                        "Plans": [
                          {
                            "Node Type": "Seq Scan",
                            "Parent Relationship": "Outer",
                            "Parallel Aware": true,
                            "Relation Name": "cast_info",
                            "Alias": "ci",
                            "Startup Cost": 0.0,
                            "Total Cost": 519069.44,
                            "Plan Rows": 18303100,
                            "Plan Width": 4,
                            "Actual Startup Time": 138.099,
                            "Actual Total Time": 1817.664,
                            "Actual Rows": 15484588,
                            "Actual Loops": 2,
                            "Filter": "(person_id > 510179)",
                            "Rows Removed by Filter": 2637584
                          },
                          {
                            "Node Type": "Hash",
                            "Parent Relationship": "Inner",
                            "Parallel Aware": true,
                            "Startup Cost": 58306.47,
                            "Total Cost": 58306.47,
                            "Plan Rows": 513676,
                            "Plan Width": 4,
                            "Actual Startup Time": 297.645,
                            "Actual Total Time": 297.647,
                            "Actual Rows": 397592,
                            "Actual Loops": 2,
                            "Hash Buckets": 1048576,
                            "Original Hash Buckets": 1048576,
                            "Hash Batches": 1,
                            "Original Hash Batches": 1,
                            "Peak Memory Usage": 39328,
                            "Plans": [
                              {
                                "Node Type": "Seq Scan",
                                "Parent Relationship": "Outer",
                                "Parallel Aware": true,
                                "Relation Name": "title",
                                "Alias": "t",
                                "Startup Cost": 0.0,
                                "Total Cost": 58306.47,
                                "Plan Rows": 513676,
                                "Plan Width": 4,
                                "Actual Startup Time": 0.027,
                                "Actual Total Time": 183.888,
                                "Actual Rows": 397592,
                                "Actual Loops": 2,
                                "Filter": "((kind_id > 1) AND (production_year < 2003))",
                                "Rows Removed by Filter": 866564
                              }
                            ]
                          }
                        ]
                      }
                    ]
                  },
                  {
                    "Node Type": "Sort",
                    "Parent Relationship": "Inner",
                    "Parallel Aware": false,
                    "Startup Cost": 179079.19,
                    "Total Cost": 179426.61,
                    "Plan Rows": 138966,
                    "Plan Width": 4,
                    "Actual Startup Time": 53.102,
                    "Actual Total Time": 70.952,
                    "Actual Rows": 150187,
                    "Actual Loops": 2,
                    "Sort Key": [
                      "mi.movie_id"
                    ],
                    "Sort Method": "quicksort",
                    "Sort Space Used": 8785,
                    "Sort Space Type": "Memory",
                    "Workers": [
                      {
                        "Worker Number": 0,
                        "Sort Method": "quicksort",
                        "Sort Space Used": 8785,
                        "Sort Space Type": "Memory"
                      }
                    ],
                    "Plans": [
                      {
                        "Node Type": "Bitmap Heap Scan",
                        "Parent Relationship": "Outer",
                        "Parallel Aware": false,
                        "Relation Name": "movie_info",
                        "Alias": "mi",
                        "Startup Cost": 2521.42,
                        "Total Cost": 167208.46,
                        "Plan Rows": 138966,
                        "Plan Width": 4,
                        "Actual Startup Time": 4.411,
                        "Actual Total Time": 26.459,
                        "Actual Rows": 121863,
                        "Actual Loops": 2,
                        "Recheck Cond": "(info_type_id = 105)",
                        "Rows Removed by Index Recheck": 0,
                        "Exact Heap Blocks": 4741,
                        "Lossy Heap Blocks": 0,
                        "Plans": [
                          {
                            "Node Type": "Bitmap Index Scan",
                            "Parent Relationship": "Outer",
                            "Parallel Aware": false,
                            "Index Name": "info_type_id_movie_info",
                            "Startup Cost": 0.0,
                            "Total Cost": 2486.68,
                            "Plan Rows": 138966,
                            "Plan Width": 0,
                            "Actual Startup Time": 3.892,
                            "Actual Total Time": 3.892,
                            "Actual Rows": 121863,
                            "Actual Loops": 2,
                            "Index Cond": "(info_type_id = 105)"
                          }
                        ]
                      }
                    ]
                  }
                ]
              }
            ]
          }
        ]
      }
    ]
  },
  "Planning Time": 1.08,
  "Triggers": [],
  "Execution Time": 8260.995
}