{
  "Plan": {
    "Node Type": "Aggregate",
    "Strategy": "Plain",
    "Partial Mode": "Finalize",
    "Parallel Aware": false,
    "Startup Cost": 87458.47,
    "Total Cost": 87458.48,
    "Plan Rows": 1,
    "Plan Width": 8,
    "Actual Startup Time": 604.121,
    "Actual Total Time": 617.762,
    "Actual Rows": 1,
    "Actual Loops": 1,
    "Plans": [
      {
        "Node Type": "Gather",
        "Parent Relationship": "Outer",
        "Parallel Aware": false,
        "Startup Cost": 87458.36,
        "Total Cost": 87458.47,
        "Plan Rows": 1,
        "Plan Width": 8,
        "Actual Startup Time": 599.819,
        "Actual Total Time": 617.753,
        "Actual Rows": 2,
        "Actual Loops": 1,
        "Workers Planned": 1,
        "Workers Launched": 1,
        "Single Copy": false,
        "Plans": [
          {
            "Node Type": "Aggregate",
            "Strategy": "Plain",
            "Partial Mode": "Partial",
            "Parent Relationship": "Outer",
            "Parallel Aware": false,
            "Startup Cost": 86458.36,
            "Total Cost": 86458.37,
            "Plan Rows": 1,
            "Plan Width": 8,
            "Actual Startup Time": 592.865,
            "Actual Total Time": 592.868,
            "Actual Rows": 1,
            "Actual Loops": 2,
            "Plans": [
              {
                "Node Type": "Hash Join",
                "Parent Relationship": "Outer",
                "Parallel Aware": true,
                "Join Type": "Inner",
                "Startup Cost": 66927.54,
                "Total Cost": 85111.33,
                "Plan Rows": 538813,
                "Plan Width": 0,
                "Actual Startup Time": 398.955,
                "Actual Total Time": 576.172,
                "Actual Rows": 427676,
                "Actual Loops": 2,
                "Inner Unique": true,
                "Hash Cond": "(mi_idx.movie_id = t.id)",
                "Plans": [
                  {
                    "Node Type": "Seq Scan",
                    "Parent Relationship": "Outer",
                    "Parallel Aware": true,
                    "Relation Name": "movie_info_idx",
                    "Alias": "mi_idx",
                    "Startup Cost": 0.0,
                    "Total Cost": 16052.85,
                    "Plan Rows": 811785,
                    "Plan Width": 4,
                    "Actual Startup Time": 0.018,
                    "Actual Total Time": 47.192,
                    "Actual Rows": 690018,
                    "Actual Loops": 2
                  },
                  {
                    "Node Type": "Hash",
                    "Parent Relationship": "Inner",
                    "Parallel Aware": true,
                    "Startup Cost": 54588.39,
                    "Total Cost": 54588.39,
                    "Plan Rows": 987132,
                    "Plan Width": 4,
                    "Actual Startup Time": 384.752,
                    "Actual Total Time": 384.753,
                    "Actual Rows": 836770,
                    "Actual Loops": 2,
                    "Hash Buckets": 2097152,
                    "Original Hash Buckets": 2097152,
                    "Hash Batches": 1,
                    "Original Hash Batches": 1,
                    "Peak Memory Usage": 81888,
                    "Plans": [
                      {
                        "Node Type": "Seq Scan",
                        "Parent Relationship": "Outer",
                        "Parallel Aware": true,
                        "Relation Name": "title",
                        "Alias": "t",
                        "Startup Cost": 0.0,
                        "Total Cost": 54588.39,
                        "Plan Rows": 987132,
                        "Plan Width": 4,
                        "Actual Startup Time": 0.03,
                        "Actual Total Time": 170.752,
                        "Actual Rows": 836770,
                        "Actual Loops": 2,
                        "Filter": "(production_year > 1993)",
                        "Rows Removed by Filter": 427386
                      }
                    ]
                  }
                ]
              }
            ]
          }
        ]
      }
    ]
  },
  "Planning Time": 0.46,
  "Triggers": [],
  "Execution Time": 617.829
}