{
    "Plan": {
        "Node Type": "Aggregate",
        "Strategy": "Plain",
        "Partial Mode": "Finalize",
        "Parallel Aware": false,
        "Startup Cost": 79386.82,
        "Total Cost": 79386.83,
        "Plan Rows": 1,
        "Plan Width": 8,
        "Actual Startup Time": 268.007,
        "Actual Total Time": 281.693,
        "Actual Rows": 1,
        "Actual Loops": 1,
        "Output": [
            "count(*)"
        ],
        "Plans": [
            {
                "Node Type": "Gather",
                "Parent Relationship": "Outer",
                "Parallel Aware": false,
                "Startup Cost": 79386.5,
                "Total Cost": 79386.81,
                "Plan Rows": 3,
                "Plan Width": 8,
                "Actual Startup Time": 266.563,
                "Actual Total Time": 281.683,
                "Actual Rows": 4,
                "Actual Loops": 1,
                "Output": [
                    "(PARTIAL count(*))"
                ],
                "Workers Planned": 3,
                "Workers Launched": 3,
                "Single Copy": false,
                "Plans": [
                    {
                        "Node Type": "Aggregate",
                        "Strategy": "Plain",
                        "Partial Mode": "Partial",
                        "Parent Relationship": "Outer",
                        "Parallel Aware": false,
                        "Startup Cost": 78386.5,
                        "Total Cost": 78386.51,
                        "Plan Rows": 1,
                        "Plan Width": 8,
                        "Actual Startup Time": 257.733,
                        "Actual Total Time": 257.812,
                        "Actual Rows": 1,
                        "Actual Loops": 4,
                        "Output": [
                            "PARTIAL count(*)"
                        ],
                        "Workers": [
                            {
                                "Worker Number": 0,
                                "Actual Startup Time": 254.755,
                                "Actual Total Time": 254.758,
                                "Actual Rows": 1,
                                "Actual Loops": 1
                            },
                            {
                                "Worker Number": 1,
                                "Actual Startup Time": 255.32,
                                "Actual Total Time": 255.323,
                                "Actual Rows": 1,
                                "Actual Loops": 1
                            },
                            {
                                "Worker Number": 2,
                                "Actual Startup Time": 254.994,
                                "Actual Total Time": 254.997,
                                "Actual Rows": 1,
                                "Actual Loops": 1
                            }
                        ],
                        "Plans": [
                            {
                                "Node Type": "Hash Join",
                                "Parent Relationship": "Outer",
                                "Parallel Aware": true,
                                "Join Type": "Inner",
                                "Startup Cost": 46216.18,
                                "Total Cost": 78324.86,
                                "Plan Rows": 24655,
                                "Plan Width": 0,
                                "Actual Startup Time": 193.603,
                                "Actual Total Time": 254.623,
                                "Actual Rows": 76224,
                                "Actual Loops": 4,
                                "Inner Unique": true,
                                "Hash Cond": "(mc.movie_id = t.id)",
                                "Workers": [
                                    {
                                        "Worker Number": 0,
                                        "Actual Startup Time": 190.705,
                                        "Actual Total Time": 251.522,
                                        "Actual Rows": 76331,
                                        "Actual Loops": 1
                                    },
                                    {
                                        "Worker Number": 1,
                                        "Actual Startup Time": 190.94,
                                        "Actual Total Time": 252.166,
                                        "Actual Rows": 74495,
                                        "Actual Loops": 1
                                    },
                                    {
                                        "Worker Number": 2,
                                        "Actual Startup Time": 190.942,
                                        "Actual Total Time": 251.787,
                                        "Actual Rows": 75675,
                                        "Actual Loops": 1
                                    }
                                ],
                                "Plans": [
                                    {
                                        "Node Type": "Seq Scan",
                                        "Parent Relationship": "Outer",
                                        "Parallel Aware": true,
                                        "Relation Name": "movie_companies",
                                        "Schema": "public",
                                        "Alias": "mc",
                                        "Startup Cost": 0.0,
                                        "Total Cost": 31414.82,
                                        "Plan Rows": 264329,
                                        "Plan Width": 4,
                                        "Actual Startup Time": 29.892,
                                        "Actual Total Time": 66.866,
                                        "Actual Rows": 257790,
                                        "Actual Loops": 4,
                                        "Output": [
                                            "mc.id",
                                            "mc.movie_id",
                                            "mc.company_id",
                                            "mc.company_type_id",
                                            "mc.note"
                                        ],
                                        "Filter": "((mc.company_id > 4803) AND (mc.company_type_id = 2))",
                                        "Rows Removed by Filter": 394493,
                                        "Workers": [
                                            {
                                                "Worker Number": 0,
                                                "Actual Startup Time": 29.892,
                                                "Actual Total Time": 68.076,
                                                "Actual Rows": 254776,
                                                "Actual Loops": 1
                                            },
                                            {
                                                "Worker Number": 1,
                                                "Actual Startup Time": 29.904,
                                                "Actual Total Time": 67.912,
                                                "Actual Rows": 252067,
                                                "Actual Loops": 1
                                            },
                                            {
                                                "Worker Number": 2,
                                                "Actual Startup Time": 29.886,
                                                "Actual Total Time": 68.162,
                                                "Actual Rows": 255604,
                                                "Actual Loops": 1
                                            }
                                        ]
                                    },
                                    {
                                        "Node Type": "Hash",
                                        "Parent Relationship": "Inner",
                                        "Parallel Aware": true,
                                        "Startup Cost": 45479.21,
                                        "Total Cost": 45479.21,
                                        "Plan Rows": 58958,
                                        "Plan Width": 4,
                                        "Actual Startup Time": 131.252,
                                        "Actual Total Time": 131.253,
                                        "Actual Rows": 88269,
                                        "Actual Loops": 4,
                                        "Output": [
                                            "t.id"
                                        ],
                                        "Hash Buckets": 524288,
                                        "Original Hash Buckets": 262144,
                                        "Hash Batches": 1,
                                        "Original Hash Batches": 1,
                                        "Peak Memory Usage": 20032,
                                        "Workers": [
                                            {
                                                "Worker Number": 0,
                                                "Actual Startup Time": 130.234,
                                                "Actual Total Time": 130.235,
                                                "Actual Rows": 84748,
                                                "Actual Loops": 1
                                            },
                                            {
                                                "Worker Number": 1,
                                                "Actual Startup Time": 130.43,
                                                "Actual Total Time": 130.431,
                                                "Actual Rows": 84570,
                                                "Actual Loops": 1
                                            },
                                            {
                                                "Worker Number": 2,
                                                "Actual Startup Time": 130.407,
                                                "Actual Total Time": 130.408,
                                                "Actual Rows": 86377,
                                                "Actual Loops": 1
                                            }
                                        ],
                                        "Plans": [
                                            {
                                                "Node Type": "Seq Scan",
                                                "Parent Relationship": "Outer",
                                                "Parallel Aware": true,
                                                "Relation Name": "title",
                                                "Schema": "public",
                                                "Alias": "t",
                                                "Startup Cost": 0.0,
                                                "Total Cost": 45479.21,
                                                "Plan Rows": 58958,
                                                "Plan Width": 4,
                                                "Actual Startup Time": 58.055,
                                                "Actual Total Time": 99.589,
                                                "Actual Rows": 88269,
                                                "Actual Loops": 4,
                                                "Output": [
                                                    "t.id"
                                                ],
                                                "Filter": "((t.kind_id < 2) AND (t.production_year < 1997))",
                                                "Rows Removed by Filter": 543809,
                                                "Workers": [
                                                    {
                                                        "Worker Number": 0,
                                                        "Actual Startup Time": 56.973,
                                                        "Actual Total Time": 99.463,
                                                        "Actual Rows": 84748,
                                                        "Actual Loops": 1
                                                    },
                                                    {
                                                        "Worker Number": 1,
                                                        "Actual Startup Time": 57.371,
                                                        "Actual Total Time": 100.058,
                                                        "Actual Rows": 84570,
                                                        "Actual Loops": 1
                                                    },
                                                    {
                                                        "Worker Number": 2,
                                                        "Actual Startup Time": 57.167,
                                                        "Actual Total Time": 100.406,
                                                        "Actual Rows": 86377,
                                                        "Actual Loops": 1
                                                    }
                                                ]
                                            }
                                        ]
                                    }
                                ]
                            }
                        ]
                    }
                ]
            }
        ]
    },
    "Planning Time": 0.749,
    "Triggers": [],
    "Execution Time": 281.766
}