[
  {
    "Plan": {
      "Node Type": "Aggregate",
      "Strategy": "Plain",
      "Partial Mode": "Finalize",
      "Parallel Aware": false,
      "Startup Cost": 97016.54,
      "Total Cost": 97016.55,
      "Plan Rows": 1,
      "Plan Width": 8,
      "Actual Startup Time": 443.323,
      "Actual Total Time": 460.234,
      "Actual Rows": 1,
      "Actual Loops": 1,
      "Plans": [
        {
          "Node Type": "Gather",
          "Parent Relationship": "Outer",
          "Parallel Aware": false,
          "Startup Cost": 97016.22,
          "Total Cost": 97016.53,
          "Plan Rows": 3,
          "Plan Width": 8,
          "Actual Startup Time": 438.778,
          "Actual Total Time": 460.212,
          "Actual Rows": 4,
          "Actual Loops": 1,
          "Workers Planned": 3,
          "Workers Launched": 3,
          "Single Copy": false,
          "Plans": [
            {
              "Node Type": "Aggregate",
              "Strategy": "Plain",
              "Partial Mode": "Partial",
              "Parent Relationship": "Outer",
              "Parallel Aware": false,
              "Startup Cost": 96016.22,
              "Total Cost": 96016.23,
              "Plan Rows": 1,
              "Plan Width": 8,
              "Actual Startup Time": 426.564,
              "Actual Total Time": 426.567,
              "Actual Rows": 1,
              "Actual Loops": 4,
              "Plans": [
                {
                  "Node Type": "Hash Join",
                  "Parent Relationship": "Outer",
                  "Parallel Aware": true,
                  "Join Type": "Inner",
                  "Startup Cost": 48814.6,
                  "Total Cost": 94724.07,
                  "Plan Rows": 516862,
                  "Plan Width": 0,
                  "Actual Startup Time": 225.722,
                  "Actual Total Time": 422.369,
                  "Actual Rows": 104097,
                  "Actual Loops": 4,
                  "Inner Unique": true,
                  "Hash Cond": "(mk.movie_id = t.id)",
                  "Plans": [
                    {
                      "Node Type": "Seq Scan",
                      "Parent Relationship": "Outer",
                      "Parallel Aware": true,
                      "Relation Name": "movie_keyword",
                      "Alias": "mk",
                      "Startup Cost": 0.0,
                      "Total Cost": 42695.65,
                      "Plan Rows": 1224310,
                      "Plan Width": 4,
                      "Actual Startup Time": 0.052,
                      "Actual Total Time": 107.518,
                      "Actual Rows": 946561,
                      "Actual Loops": 4,
                      "Filter": "(keyword_id > 661)",
                      "Rows Removed by Filter": 184421
                    },
                    {
                      "Node Type": "Hash",
                      "Parent Relationship": "Inner",
                      "Parallel Aware": true,
                      "Startup Cost": 45479.1,
                      "Total Cost": 45479.1,
                      "Plan Rows": 266840,
                      "Plan Width": 4,
                      "Actual Startup Time": 217.703,
                      "Actual Total Time": 217.704,
                      "Actual Rows": 290818,
                      "Actual Loops": 4,
                      "Hash Buckets": 2097152,
                      "Original Hash Buckets": 2097152,
                      "Hash Batches": 1,
                      "Original Hash Batches": 1,
                      "Peak Memory Usage": 61984,
                      "Plans": [
                        {
                          "Node Type": "Seq Scan",
                          "Parent Relationship": "Outer",
                          "Parallel Aware": true,
                          "Relation Name": "title",
                          "Alias": "t",
                          "Startup Cost": 0.0,
                          "Total Cost": 45479.1,
                          "Plan Rows": 266840,
                          "Plan Width": 4,
                          "Actual Startup Time": 0.043,
                          "Actual Total Time": 104.163,
                          "Actual Rows": 290818,
                          "Actual Loops": 4,
                          "Filter": "((production_year > 1990) AND (kind_id = 7))",
                          "Rows Removed by Filter": 341260
                        }
                      ]
                    }
                  ]
                }
              ]
            }
          ]
        }
      ]
    },
    "Planning Time": 0.608,
    "Triggers": [],
    "Execution Time": 460.299
  }
]