[
  {
    "Plan": {
      "Node Type": "Aggregate",
      "Strategy": "Plain",
      "Partial Mode": "Finalize",
      "Parallel Aware": false,
      "Startup Cost": 110076.69,
      "Total Cost": 110076.7,
      "Plan Rows": 1,
      "Plan Width": 8,
      "Actual Startup Time": 444.017,
      "Actual Total Time": 477.644,
      "Actual Rows": 1,
      "Actual Loops": 1,
      "Plans": [
        {
          "Node Type": "Gather",
          "Parent Relationship": "Outer",
          "Parallel Aware": false,
          "Startup Cost": 110076.37,
          "Total Cost": 110076.68,
          "Plan Rows": 3,
          "Plan Width": 8,
          "Actual Startup Time": 443.509,
          "Actual Total Time": 477.634,
          "Actual Rows": 4,
          "Actual Loops": 1,
          "Workers Planned": 3,
          "Workers Launched": 3,
          "Single Copy": false,
          "Plans": [
            {
              "Node Type": "Aggregate",
              "Strategy": "Plain",
              "Partial Mode": "Partial",
              "Parent Relationship": "Outer",
              "Parallel Aware": false,
              "Startup Cost": 109076.37,
              "Total Cost": 109076.38,
              "Plan Rows": 1,
              "Plan Width": 8,
              "Actual Startup Time": 433.699,
              "Actual Total Time": 433.703,
              "Actual Rows": 1,
              "Actual Loops": 4,
              "Plans": [
                {
                  "Node Type": "Nested Loop",
                  "Parent Relationship": "Outer",
                  "Parallel Aware": false,
                  "Join Type": "Inner",
                  "Startup Cost": 38415.8,
                  "Total Cost": 108906.75,
                  "Plan Rows": 67849,
                  "Plan Width": 0,
                  "Actual Startup Time": 88.115,
                  "Actual Total Time": 419.255,
                  "Actual Rows": 287857,
                  "Actual Loops": 4,
                  "Inner Unique": false,
                  "Join Filter": "(t.id = mi.movie_id)",
                  "Rows Removed by Join Filter": 0,
                  "Plans": [
                    {
                      "Node Type": "Hash Join",
                      "Parent Relationship": "Outer",
                      "Parallel Aware": true,
                      "Join Type": "Inner",
                      "Startup Cost": 38415.37,
                      "Total Cost": 82343.47,
                      "Plan Rows": 11604,
                      "Plan Width": 8,
                      "Actual Startup Time": 88.033,
                      "Actual Total Time": 201.816,
                      "Actual Rows": 14151,
                      "Actual Loops": 4,
                      "Inner Unique": true,
                      "Hash Cond": "(mk.movie_id = t.id)",
                      "Plans": [
                        {
                          "Node Type": "Seq Scan",
                          "Parent Relationship": "Outer",
                          "Parallel Aware": true,
                          "Relation Name": "movie_keyword",
                          "Alias": "mk",
                          "Startup Cost": 0.0,
                          "Total Cost": 42695.65,
                          "Plan Rows": 469504,
                          "Plan Width": 4,
                          "Actual Startup Time": 0.813,
                          "Actual Total Time": 101.577,
                          "Actual Rows": 365718,
                          "Actual Loops": 4,
                          "Filter": "(keyword_id > 11337)",
                          "Rows Removed by Filter": 765264
                        },
                        {
                          "Node Type": "Hash",
                          "Parent Relationship": "Inner",
                          "Parallel Aware": true,
                          "Startup Cost": 38220.1,
                          "Total Cost": 38220.1,
                          "Plan Rows": 15621,
                          "Plan Width": 4,
                          "Actual Startup Time": 60.885,
                          "Actual Total Time": 60.886,
                          "Actual Rows": 19374,
                          "Actual Loops": 4,
                          "Hash Buckets": 131072,
                          "Original Hash Buckets": 65536,
                          "Hash Batches": 1,
                          "Original Hash Batches": 1,
                          "Peak Memory Usage": 4640,
                          "Plans": [
                            {
                              "Node Type": "Bitmap Heap Scan",
                              "Parent Relationship": "Outer",
                              "Parallel Aware": true,
                              "Relation Name": "title",
                              "Alias": "t",
                              "Startup Cost": 1838.75,
                              "Total Cost": 38220.1,
                              "Plan Rows": 15621,
                              "Plan Width": 4,
                              "Actual Startup Time": 12.86,
                              "Actual Total Time": 49.246,
                              "Actual Rows": 19374,
                              "Actual Loops": 4,
                              "Recheck Cond": "(kind_id = 3)",
                              "Rows Removed by Index Recheck": 0,
                              "Filter": "(production_year < 2007)",
                              "Rows Removed by Filter": 5760,
                              "Exact Heap Blocks": 6271,
                              "Lossy Heap Blocks": 0,
                              "Plans": [
                                {
                                  "Node Type": "Bitmap Index Scan",
                                  "Parent Relationship": "Outer",
                                  "Parallel Aware": false,
                                  "Index Name": "kind_id_title",
                                  "Startup Cost": 0.0,
                                  "Total Cost": 1823.13,
                                  "Plan Rows": 102227,
                                  "Plan Width": 0,
                                  "Actual Startup Time": 15.4,
                                  "Actual Total Time": 15.401,
                                  "Actual Rows": 100537,
                                  "Actual Loops": 1,
                                  "Index Cond": "(kind_id = 3)"
                                }
                              ]
                            }
                          ]
                        }
                      ]
                    },
                    {
                      "Node Type": "Index Only Scan",
                      "Parent Relationship": "Inner",
                      "Parallel Aware": false,
                      "Scan Direction": "Forward",
                      "Index Name": "movie_id_movie_info",
                      "Relation Name": "movie_info",
                      "Alias": "mi",
                      "Startup Cost": 0.43,
                      "Total Cost": 1.76,
                      "Plan Rows": 42,
                      "Plan Width": 4,
                      "Actual Startup Time": 0.004,
                      "Actual Total Time": 0.013,
                      "Actual Rows": 20,
                      "Actual Loops": 56605,
                      "Index Cond": "(movie_id = mk.movie_id)",
                      "Rows Removed by Index Recheck": 0,
                      "Heap Fetches": 1151428
                    }
                  ]
                }
              ]
            }
          ]
        }
      ]
    },
    "Planning Time": 1.483,
    "Triggers": [],
    "Execution Time": 477.783
  }
]