[
  {
    "Plan": {
      "Node Type": "Aggregate",
      "Strategy": "Plain",
      "Partial Mode": "Finalize",
      "Parallel Aware": false,
      "Startup Cost": 349642.73,
      "Total Cost": 349642.74,
      "Plan Rows": 1,
      "Plan Width": 8,
      "Actual Startup Time": 758.841,
      "Actual Total Time": 801.938,
      "Actual Rows": 1,
      "Actual Loops": 1,
      "Plans": [
        {
          "Node Type": "Gather",
          "Parent Relationship": "Outer",
          "Parallel Aware": false,
          "Startup Cost": 349642.1,
          "Total Cost": 349642.71,
          "Plan Rows": 6,
          "Plan Width": 8,
          "Actual Startup Time": 758.418,
          "Actual Total Time": 801.891,
          "Actual Rows": 7,
          "Actual Loops": 1,
          "Workers Planned": 6,
          "Workers Launched": 6,
          "Single Copy": false,
          "Plans": [
            {
              "Node Type": "Aggregate",
              "Strategy": "Plain",
              "Partial Mode": "Partial",
              "Parent Relationship": "Outer",
              "Parallel Aware": false,
              "Startup Cost": 348642.1,
              "Total Cost": 348642.11,
              "Plan Rows": 1,
              "Plan Width": 8,
              "Actual Startup Time": 750.559,
              "Actual Total Time": 750.56,
              "Actual Rows": 1,
              "Actual Loops": 7,
              "Plans": [
                {
                  "Node Type": "Seq Scan",
                  "Parent Relationship": "Outer",
                  "Parallel Aware": true,
                  "Relation Name": "cast_info",
                  "Alias": "ci",
                  "Startup Cost": 0.0,
                  "Total Cost": 343316.27,
                  "Plan Rows": 2130333,
                  "Plan Width": 0,
                  "Actual Startup Time": 335.489,
                  "Actual Total Time": 654.461,
                  "Actual Rows": 2005213,
                  "Actual Loops": 7,
                  "Filter": "((person_id > 725259) AND (role_id > 2))",
                  "Rows Removed by Filter": 3172551
                }
              ]
            }
          ]
        }
      ]
    },
    "Planning Time": 0.235,
    "Triggers": [],
    "Execution Time": 802.01
  }
]