[
  {
    "Plan": {
      "Node Type": "Aggregate",
      "Strategy": "Plain",
      "Partial Mode": "Finalize",
      "Parallel Aware": false,
      "Startup Cost": 46791.48,
      "Total Cost": 46791.49,
      "Plan Rows": 1,
      "Plan Width": 8,
      "Actual Startup Time": 164.647,
      "Actual Total Time": 175.533,
      "Actual Rows": 1,
      "Actual Loops": 1,
      "Plans": [
        {
          "Node Type": "Gather",
          "Parent Relationship": "Outer",
          "Parallel Aware": false,
          "Startup Cost": 46791.16,
          "Total Cost": 46791.47,
          "Plan Rows": 3,
          "Plan Width": 8,
          "Actual Startup Time": 164.536,
          "Actual Total Time": 175.524,
          "Actual Rows": 4,
          "Actual Loops": 1,
          "Workers Planned": 3,
          "Workers Launched": 3,
          "Single Copy": false,
          "Plans": [
            {
              "Node Type": "Aggregate",
              "Strategy": "Plain",
              "Partial Mode": "Partial",
              "Parent Relationship": "Outer",
              "Parallel Aware": false,
              "Startup Cost": 45791.16,
              "Total Cost": 45791.17,
              "Plan Rows": 1,
              "Plan Width": 8,
              "Actual Startup Time": 157.563,
              "Actual Total Time": 157.564,
              "Actual Rows": 1,
              "Actual Loops": 4,
              "Plans": [
                {
                  "Node Type": "Seq Scan",
                  "Parent Relationship": "Outer",
                  "Parallel Aware": true,
                  "Relation Name": "movie_keyword",
                  "Alias": "mk",
                  "Startup Cost": 0.0,
                  "Total Cost": 42695.65,
                  "Plan Rows": 1238203,
                  "Plan Width": 0,
                  "Actual Startup Time": 0.05,
                  "Actual Total Time": 116.11,
                  "Actual Rows": 959603,
                  "Actual Loops": 4,
                  "Filter": "(keyword_id < 27467)",
                  "Rows Removed by Filter": 171380
                }
              ]
            }
          ]
        }
      ]
    },
    "Planning Time": 0.188,
    "Triggers": [],
    "Execution Time": 175.588
  }
]