[
  {
    "Plan": {
      "Node Type": "Aggregate",
      "Strategy": "Plain",
      "Partial Mode": "Finalize",
      "Parallel Aware": false,
      "Startup Cost": 46782.68,
      "Total Cost": 46782.69,
      "Plan Rows": 1,
      "Plan Width": 8,
      "Actual Startup Time": 174.882,
      "Actual Total Time": 184.323,
      "Actual Rows": 1,
      "Actual Loops": 1,
      "Plans": [
        {
          "Node Type": "Gather",
          "Parent Relationship": "Outer",
          "Parallel Aware": false,
          "Startup Cost": 46782.36,
          "Total Cost": 46782.67,
          "Plan Rows": 3,
          "Plan Width": 8,
          "Actual Startup Time": 174.765,
          "Actual Total Time": 184.314,
          "Actual Rows": 4,
          "Actual Loops": 1,
          "Workers Planned": 3,
          "Workers Launched": 3,
          "Single Copy": false,
          "Plans": [
            {
              "Node Type": "Aggregate",
              "Strategy": "Plain",
              "Partial Mode": "Partial",
              "Parent Relationship": "Outer",
              "Parallel Aware": false,
              "Startup Cost": 45782.36,
              "Total Cost": 45782.37,
              "Plan Rows": 1,
              "Plan Width": 8,
              "Actual Startup Time": 167.396,
              "Actual Total Time": 167.397,
              "Actual Rows": 1,
              "Actual Loops": 4,
              "Plans": [
                {
                  "Node Type": "Seq Scan",
                  "Parent Relationship": "Outer",
                  "Parallel Aware": true,
                  "Relation Name": "movie_keyword",
                  "Alias": "mk",
                  "Startup Cost": 0.0,
                  "Total Cost": 42695.65,
                  "Plan Rows": 1234684,
                  "Plan Width": 0,
                  "Actual Startup Time": 0.063,
                  "Actual Total Time": 124.234,
                  "Actual Rows": 959603,
                  "Actual Loops": 4,
                  "Filter": "(keyword_id < 27467)",
                  "Rows Removed by Filter": 171380
                }
              ]
            }
          ]
        }
      ]
    },
    "Planning Time": 0.121,
    "Triggers": [],
    "Execution Time": 184.361
  }
]