{
  "Plan": {
    "Node Type": "Aggregate",
    "Strategy": "Plain",
    "Partial Mode": "Finalize",
    "Parallel Aware": false,
    "Startup Cost": 138162.28,
    "Total Cost": 138162.29,
    "Plan Rows": 1,
    "Plan Width": 8,
    "Actual Startup Time": 1323.702,
    "Actual Total Time": 1360.368,
    "Actual Rows": 1,
    "Actual Loops": 1,
    "Plans": [
      {
        "Node Type": "Gather",
        "Parent Relationship": "Outer",
        "Parallel Aware": false,
        "Startup Cost": 138162.17,
        "Total Cost": 138162.28,
        "Plan Rows": 1,
        "Plan Width": 8,
        "Actual Startup Time": 1316.308,
        "Actual Total Time": 1360.358,
        "Actual Rows": 2,
        "Actual Loops": 1,
        "Workers Planned": 1,
        "Workers Launched": 1,
        "Single Copy": false,
        "Plans": [
          {
            "Node Type": "Aggregate",
            "Strategy": "Plain",
            "Partial Mode": "Partial",
            "Parent Relationship": "Outer",
            "Parallel Aware": false,
            "Startup Cost": 137162.17,
            "Total Cost": 137162.18,
            "Plan Rows": 1,
            "Plan Width": 8,
            "Actual Startup Time": 1298.556,
            "Actual Total Time": 1298.563,
            "Actual Rows": 1,
            "Actual Loops": 2,
            "Plans": [
              {
                "Node Type": "Hash Join",
                "Parent Relationship": "Outer",
                "Parallel Aware": true,
                "Join Type": "Inner",
                "Startup Cost": 115975.77,
                "Total Cost": 136845.21,
                "Plan Rows": 126785,
                "Plan Width": 0,
                "Actual Startup Time": 1055.535,
                "Actual Total Time": 1268.661,
                "Actual Rows": 452040,
                "Actual Loops": 2,
                "Inner Unique": false,
                "Hash Cond": "(mi_idx.movie_id = t.id)",
                "Plans": [
                  {
                    "Node Type": "Seq Scan",
                    "Parent Relationship": "Outer",
                    "Parallel Aware": true,
                    "Relation Name": "movie_info_idx",
                    "Alias": "mi_idx",
                    "Startup Cost": 0.0,
                    "Total Cost": 18082.32,
                    "Plan Rows": 544356,
                    "Plan Width": 4,
                    "Actual Startup Time": 0.034,
                    "Actual Total Time": 89.985,
                    "Actual Rows": 460055,
                    "Actual Loops": 2,
                    "Filter": "(info_type_id > 99)",
                    "Rows Removed by Filter": 229962
                  },
                  {
                    "Node Type": "Hash",
                    "Parent Relationship": "Inner",
                    "Parallel Aware": true,
                    "Startup Cost": 111645.92,
                    "Total Cost": 111645.92,
                    "Plan Rows": 346388,
                    "Plan Width": 8,
                    "Actual Startup Time": 1032.086,
                    "Actual Total Time": 1032.091,
                    "Actual Rows": 288675,
                    "Actual Loops": 2,
                    "Hash Buckets": 1048576,
                    "Original Hash Buckets": 1048576,
                    "Hash Batches": 1,
                    "Original Hash Batches": 1,
                    "Peak Memory Usage": 30816,
                    "Plans": [
                      {
                        "Node Type": "Hash Join",
                        "Parent Relationship": "Outer",
                        "Parallel Aware": true,
                        "Join Type": "Inner",
                        "Startup Cost": 81952.8,
                        "Total Cost": 111645.92,
                        "Plan Rows": 346388,
                        "Plan Width": 8,
                        "Actual Startup Time": 707.85,
                        "Actual Total Time": 934.412,
                        "Actual Rows": 288675,
                        "Actual Loops": 2,
                        "Inner Unique": true,
                        "Hash Cond": "(mk.movie_id = t.id)",
                        "Plans": [
                          {
                            "Node Type": "Bitmap Heap Scan",
                            "Parent Relationship": "Outer",
                            "Parallel Aware": true,
                            "Relation Name": "movie_keyword",
                            "Alias": "mk",
                            "Startup Cost": 12492.1,
                            "Total Cost": 41275.95,
                            "Plan Rows": 346388,
                            "Plan Width": 4,
                            "Actual Startup Time": 50.406,
                            "Actual Total Time": 159.202,
                            "Actual Rows": 288675,
                            "Actual Loops": 2,
                            "Recheck Cond": "(keyword_id > 31776)",
                            "Rows Removed by Index Recheck": 0,
                            "Exact Heap Blocks": 12046,
                            "Lossy Heap Blocks": 0,
                            "Plans": [
                              {
                                "Node Type": "Bitmap Index Scan",
                                "Parent Relationship": "Outer",
                                "Parallel Aware": false,
                                "Index Name": "keyword_id_movie_keyword",
                                "Startup Cost": 0.0,
                                "Total Cost": 12344.88,
                                "Plan Rows": 588860,
                                "Plan Width": 0,
                                "Actual Startup Time": 44.881,
                                "Actual Total Time": 44.881,
                                "Actual Rows": 577350,
                                "Actual Loops": 1,
                                "Index Cond": "(keyword_id > 31776)"
                              }
                            ]
                          },
                          {
                            "Node Type": "Hash",
                            "Parent Relationship": "Inner",
                            "Parallel Aware": true,
                            "Startup Cost": 50870.31,
                            "Total Cost": 50870.31,
                            "Plan Rows": 1487231,
                            "Plan Width": 4,
                            "Actual Startup Time": 641.818,
                            "Actual Total Time": 641.819,
                            "Actual Rows": 1264156,
                            "Actual Loops": 2,
                            "Hash Buckets": 4194304,
                            "Original Hash Buckets": 4194304,
                            "Hash Batches": 1,
                            "Original Hash Batches": 1,
                            "Peak Memory Usage": 131680,
                            "Plans": [
                              {
                                "Node Type": "Seq Scan",
                                "Parent Relationship": "Outer",
                                "Parallel Aware": true,
                                "Relation Name": "title",
                                "Alias": "t",
                                "Startup Cost": 0.0,
                                "Total Cost": 50870.31,
                                "Plan Rows": 1487231,
                                "Plan Width": 4,
                                "Actual Startup Time": 0.025,
                                "Actual Total Time": 196.986,
                                "Actual Rows": 1264156,
                                "Actual Loops": 2
                              }
                            ]
                          }
                        ]
                      }
                    ]
                  }
                ]
              }
            ]
          }
        ]
      }
    ]
  },
  "Planning Time": 0.933,
  "Triggers": [],
  "Execution Time": 1360.477
}