{
  "Plan": {
    "Node Type": "Aggregate",
    "Strategy": "Plain",
    "Partial Mode": "Finalize",
    "Parallel Aware": false,
    "Startup Cost": 29695.31,
    "Total Cost": 29695.32,
    "Plan Rows": 1,
    "Plan Width": 8,
    "Actual Startup Time": 36.835,
    "Actual Total Time": 41.629,
    "Actual Rows": 1,
    "Actual Loops": 1,
    "Plans": [
      {
        "Node Type": "Gather",
        "Parent Relationship": "Outer",
        "Parallel Aware": false,
        "Startup Cost": 29695.2,
        "Total Cost": 29695.31,
        "Plan Rows": 1,
        "Plan Width": 8,
        "Actual Startup Time": 36.71,
        "Actual Total Time": 41.622,
        "Actual Rows": 2,
        "Actual Loops": 1,
        "Workers Planned": 1,
        "Workers Launched": 1,
        "Single Copy": false,
        "Plans": [
          {
            "Node Type": "Aggregate",
            "Strategy": "Plain",
            "Partial Mode": "Partial",
            "Parent Relationship": "Outer",
            "Parallel Aware": false,
            "Startup Cost": 28695.2,
            "Total Cost": 28695.21,
            "Plan Rows": 1,
            "Plan Width": 8,
            "Actual Startup Time": 30.786,
            "Actual Total Time": 30.788,
            "Actual Rows": 1,
            "Actual Loops": 2,
            "Plans": [
              {
                "Node Type": "Nested Loop",
                "Parent Relationship": "Outer",
                "Parallel Aware": false,
                "Join Type": "Inner",
                "Startup Cost": 88.42,
                "Total Cost": 28689.21,
                "Plan Rows": 2395,
                "Plan Width": 0,
                "Actual Startup Time": 2.601,
                "Actual Total Time": 30.442,
                "Actual Rows": 2000,
                "Actual Loops": 2,
                "Inner Unique": true,
                "Plans": [
                  {
                    "Node Type": "Bitmap Heap Scan",
                    "Parent Relationship": "Outer",
                    "Parallel Aware": true,
                    "Relation Name": "movie_keyword",
                    "Alias": "mk",
                    "Startup Cost": 87.99,
                    "Total Cost": 10734.82,
                    "Plan Rows": 2395,
                    "Plan Width": 4,
                    "Actual Startup Time": 2.451,
                    "Actual Total Time": 9.942,
                    "Actual Rows": 2000,
                    "Actual Loops": 2,
                    "Recheck Cond": "(keyword_id = 917)",
                    "Rows Removed by Index Recheck": 0,
                    "Exact Heap Blocks": 2737,
                    "Lossy Heap Blocks": 0,
                    "Plans": [
                      {
                        "Node Type": "Bitmap Index Scan",
                        "Parent Relationship": "Outer",
                        "Parallel Aware": false,
                        "Index Name": "keyword_id_movie_keyword",
                        "Startup Cost": 0.0,
                        "Total Cost": 86.97,
                        "Plan Rows": 4072,
                        "Plan Width": 0,
                        "Actual Startup Time": 3.192,
                        "Actual Total Time": 3.192,
                        "Actual Rows": 4000,
                        "Actual Loops": 1,
                        "Index Cond": "(keyword_id = 917)"
                      }
                    ]
                  },
                  {
                    "Node Type": "Index Only Scan",
                    "Parent Relationship": "Inner",
                    "Parallel Aware": false,
                    "Scan Direction": "Forward",
                    "Index Name": "title_pkey",
                    "Relation Name": "title",
                    "Alias": "t",
                    "Startup Cost": 0.43,
                    "Total Cost": 7.5,
                    "Plan Rows": 1,
                    "Plan Width": 4,
                    "Actual Startup Time": 0.009,
                    "Actual Total Time": 0.009,
                    "Actual Rows": 1,
                    "Actual Loops": 4000,
                    "Index Cond": "(id = mk.movie_id)",
                    "Rows Removed by Index Recheck": 0,
                    "Heap Fetches": 4000
                  }
                ]
              }
            ]
          }
        ]
      }
    ]
  },
  "Planning Time": 0.591,
  "Triggers": [],
  "Execution Time": 41.712
}