[
  {
    "Plan": {
      "Node Type": "Aggregate",
      "Strategy": "Plain",
      "Partial Mode": "Finalize",
      "Parallel Aware": false,
      "Startup Cost": 44313.76,
      "Total Cost": 44313.77,
      "Plan Rows": 1,
      "Plan Width": 8,
      "Actual Startup Time": 102.054,
      "Actual Total Time": 111.489,
      "Actual Rows": 1,
      "Actual Loops": 1,
      "Plans": [
        {
          "Node Type": "Gather",
          "Parent Relationship": "Outer",
          "Parallel Aware": false,
          "Startup Cost": 44313.44,
          "Total Cost": 44313.75,
          "Plan Rows": 3,
          "Plan Width": 8,
          "Actual Startup Time": 101.934,
          "Actual Total Time": 111.482,
          "Actual Rows": 4,
          "Actual Loops": 1,
          "Workers Planned": 3,
          "Workers Launched": 3,
          "Single Copy": false,
          "Plans": [
            {
              "Node Type": "Aggregate",
              "Strategy": "Plain",
              "Partial Mode": "Partial",
              "Parent Relationship": "Outer",
              "Parallel Aware": false,
              "Startup Cost": 43313.44,
              "Total Cost": 43313.45,
              "Plan Rows": 1,
              "Plan Width": 8,
              "Actual Startup Time": 98.298,
              "Actual Total Time": 98.299,
              "Actual Rows": 1,
              "Actual Loops": 4,
              "Plans": [
                {
                  "Node Type": "Seq Scan",
                  "Parent Relationship": "Outer",
                  "Parallel Aware": true,
                  "Relation Name": "movie_keyword",
                  "Alias": "mk",
                  "Startup Cost": 0.0,
                  "Total Cost": 42695.65,
                  "Plan Rows": 247115,
                  "Plan Width": 0,
                  "Actual Startup Time": 1.669,
                  "Actual Total Time": 89.785,
                  "Actual Rows": 190360,
                  "Actual Loops": 4,
                  "Filter": "(keyword_id > 24621)",
                  "Rows Removed by Filter": 940622
                }
              ]
            }
          ]
        }
      ]
    },
    "Planning Time": 0.074,
    "Triggers": [],
    "Execution Time": 111.515
  }
]