[
  {
    "Plan": {
      "Node Type": "Aggregate",
      "Strategy": "Plain",
      "Partial Mode": "Finalize",
      "Parallel Aware": false,
      "Startup Cost": 78340.27,
      "Total Cost": 78340.28,
      "Plan Rows": 1,
      "Plan Width": 8,
      "Actual Startup Time": 289.627,
      "Actual Total Time": 306.193,
      "Actual Rows": 1,
      "Actual Loops": 1,
      "Plans": [
        {
          "Node Type": "Gather",
          "Parent Relationship": "Outer",
          "Parallel Aware": false,
          "Startup Cost": 78339.85,
          "Total Cost": 78340.26,
          "Plan Rows": 4,
          "Plan Width": 8,
          "Actual Startup Time": 286.605,
          "Actual Total Time": 306.187,
          "Actual Rows": 5,
          "Actual Loops": 1,
          "Workers Planned": 4,
          "Workers Launched": 4,
          "Single Copy": false,
          "Plans": [
            {
              "Node Type": "Aggregate",
              "Strategy": "Plain",
              "Partial Mode": "Partial",
              "Parent Relationship": "Outer",
              "Parallel Aware": false,
              "Startup Cost": 77339.85,
              "Total Cost": 77339.86,
              "Plan Rows": 1,
              "Plan Width": 8,
              "Actual Startup Time": 276.872,
              "Actual Total Time": 276.875,
              "Actual Rows": 1,
              "Actual Loops": 5,
              "Plans": [
                {
                  "Node Type": "Hash Join",
                  "Parent Relationship": "Outer",
                  "Parallel Aware": true,
                  "Join Type": "Inner",
                  "Startup Cost": 31192.66,
                  "Total Cost": 77048.14,
                  "Plan Rows": 116682,
                  "Plan Width": 0,
                  "Actual Startup Time": 107.302,
                  "Actual Total Time": 272.438,
                  "Actual Rows": 94744,
                  "Actual Loops": 5,
                  "Inner Unique": false,
                  "Hash Cond": "(t.id = mc.movie_id)",
                  "Plans": [
                    {
                      "Node Type": "Seq Scan",
                      "Parent Relationship": "Outer",
                      "Parallel Aware": true,
                      "Relation Name": "title",
                      "Alias": "t",
                      "Startup Cost": 0.0,
                      "Total Cost": 42318.73,
                      "Plan Rows": 632073,
                      "Plan Width": 4,
                      "Actual Startup Time": 0.01,
                      "Actual Total Time": 63.057,
                      "Actual Rows": 505662,
                      "Actual Loops": 5
                    },
                    {
                      "Node Type": "Hash",
                      "Parent Relationship": "Inner",
                      "Parallel Aware": true,
                      "Startup Cost": 29310.68,
                      "Total Cost": 29310.68,
                      "Plan Rows": 150558,
                      "Plan Width": 4,
                      "Actual Startup Time": 96.996,
                      "Actual Total Time": 96.997,
                      "Actual Rows": 94744,
                      "Actual Loops": 5,
                      "Hash Buckets": 524288,
                      "Original Hash Buckets": 524288,
                      "Hash Batches": 1,
                      "Original Hash Batches": 1,
                      "Peak Memory Usage": 22720,
                      "Plans": [
                        {
                          "Node Type": "Seq Scan",
                          "Parent Relationship": "Outer",
                          "Parallel Aware": true,
                          "Relation Name": "movie_companies",
                          "Alias": "mc",
                          "Startup Cost": 0.0,
                          "Total Cost": 29310.68,
                          "Plan Rows": 150558,
                          "Plan Width": 4,
                          "Actual Startup Time": 41.311,
                          "Actual Total Time": 67.946,
                          "Actual Rows": 94744,
                          "Actual Loops": 5,
                          "Filter": "(company_id > 75710)",
                          "Rows Removed by Filter": 427082
                        }
                      ]
                    }
                  ]
                }
              ]
            }
          ]
        }
      ]
    },
    "Planning Time": 0.601,
    "Triggers": [],
    "Execution Time": 306.26
  }
]