{
  "Plan": {
    "Node Type": "Aggregate",
    "Strategy": "Plain",
    "Partial Mode": "Simple",
    "Parallel Aware": false,
    "Startup Cost": 531911.06,
    "Total Cost": 531911.07,
    "Plan Rows": 1,
    "Plan Width": 64,
    "Actual Startup Time": 3443.754,
    "Actual Total Time": 3444.854,
    "Actual Rows": 1,
    "Actual Loops": 1,
    "Plans": [
      {
        "Node Type": "Hash Join",
        "Parent Relationship": "Outer",
        "Parallel Aware": false,
        "Join Type": "Inner",
        "Startup Cost": 525954.5,
        "Total Cost": 531911.06,
        "Plan Rows": 1,
        "Plan Width": 33,
        "Actual Startup Time": 3421.068,
        "Actual Total Time": 3444.836,
        "Actual Rows": 6,
        "Actual Loops": 1,
        "Inner Unique": true,
        "Hash Cond": "(ci.movie_id = t.id)",
        "Plans": [
          {
            "Node Type": "Hash Join",
            "Parent Relationship": "Outer",
            "Parallel Aware": false,
            "Join Type": "Inner",
            "Startup Cost": 476309.0,
            "Total Cost": 482265.56,
            "Plan Rows": 1,
            "Plan Width": 24,
            "Actual Startup Time": 3256.59,
            "Actual Total Time": 3282.647,
            "Actual Rows": 25,
            "Actual Loops": 1,
            "Inner Unique": false,
            "Hash Cond": "(cn.id = mc.company_id)",
            "Plans": [
              {
                "Node Type": "Seq Scan",
                "Parent Relationship": "Outer",
                "Parallel Aware": false,
                "Relation Name": "company_name",
                "Alias": "cn",
                "Startup Cost": 0.0,
                "Total Cost": 5932.46,
                "Plan Rows": 6423,
                "Plan Width": 4,
                "Actual Startup Time": 0.065,
                "Actual Total Time": 25.504,
                "Actual Rows": 6752,
                "Actual Loops": 1,
                "Filter": "((country_code)::text = '[jp]'::text)",
                "Rows Removed by Filter": 228245
              },
              {
                "Node Type": "Hash",
                "Parent Relationship": "Inner",
                "Parallel Aware": false,
                "Startup Cost": 476308.99,
                "Total Cost": 476308.99,
                "Plan Rows": 1,
                "Plan Width": 28,
                "Actual Startup Time": 3255.47,
                "Actual Total Time": 3256.496,
                "Actual Rows": 25,
                "Actual Loops": 1,
                "Hash Buckets": 1024,
                "Original Hash Buckets": 1024,
                "Hash Batches": 1,
                "Original Hash Batches": 1,
                "Peak Memory Usage": 10,
                "Plans": [
                  {
                    "Node Type": "Hash Join",
                    "Parent Relationship": "Outer",
                    "Parallel Aware": false,
                    "Join Type": "Inner",
                    "Startup Cost": 400701.37,
                    "Total Cost": 476308.99,
                    "Plan Rows": 1,
                    "Plan Width": 28,
                    "Actual Startup Time": 3182.85,
                    "Actual Total Time": 3256.482,
                    "Actual Rows": 25,
                    "Actual Loops": 1,
                    "Inner Unique": false,
                    "Hash Cond": "(n.id = an.person_id)",
                    "Plans": [
                      {
                        "Node Type": "Gather",
                        "Parent Relationship": "Outer",
                        "Parallel Aware": false,
                        "Startup Cost": 1000.0,
                        "Total Cost": 76449.76,
                        "Plan Rows": 42091,
                        "Plan Width": 4,
                        "Actual Startup Time": 0.442,
                        "Actual Total Time": 129.316,
                        "Actual Rows": 20911,
                        "Actual Loops": 1,
                        "Workers Planned": 4,
                        "Workers Launched": 3,
                        "Single Copy": false,
                        "Plans": [
                          {
                            "Node Type": "Seq Scan",
                            "Parent Relationship": "Outer",
                            "Parallel Aware": true,
                            "Relation Name": "name",
                            "Alias": "n",
                            "Startup Cost": 0.0,
                            "Total Cost": 71240.66,
                            "Plan Rows": 10523,
                            "Plan Width": 4,
                            "Actual Startup Time": 0.295,
                            "Actual Total Time": 241.62,
                            "Actual Rows": 5228,
                            "Actual Loops": 4,
                            "Filter": "((name ~~ '%Yo%'::text) AND (name !~~ '%Yu%'::text))",
                            "Rows Removed by Filter": 1036645
                          }
                        ]
                      },
                      {
                        "Node Type": "Hash",
                        "Parent Relationship": "Inner",
                        "Parallel Aware": false,
                        "Startup Cost": 399701.09,
                        "Total Cost": 399701.09,
                        "Plan Rows": 23,
                        "Plan Width": 36,
                        "Actual Startup Time": 3124.731,
                        "Actual Total Time": 3124.867,
                        "Actual Rows": 2751,
                        "Actual Loops": 1,
                        "Hash Buckets": 4096,
                        "Original Hash Buckets": 1024,
                        "Hash Batches": 1,
                        "Original Hash Batches": 1,
                        "Peak Memory Usage": 219,
                        "Plans": [
                          {
                            "Node Type": "Hash Join",
                            "Parent Relationship": "Outer",
                            "Parallel Aware": false,
                            "Join Type": "Inner",
                            "Startup Cost": 375911.38,
                            "Total Cost": 399701.09,
                            "Plan Rows": 23,
                            "Plan Width": 36,
                            "Actual Startup Time": 2986.516,
                            "Actual Total Time": 3124.127,
                            "Actual Rows": 2751,
                            "Actual Loops": 1,
                            "Inner Unique": false,
                            "Hash Cond": "(an.person_id = ci.person_id)",
                            "Plans": [
                              {
                                "Node Type": "Seq Scan",
                                "Parent Relationship": "Outer",
                                "Parallel Aware": false,
                                "Relation Name": "aka_name",
                                "Alias": "an",
                                "Startup Cost": 0.0,
                                "Total Cost": 20409.43,
                                "Plan Rows": 901343,
                                "Plan Width": 20,
                                "Actual Startup Time": 0.026,
                                "Actual Total Time": 81.468,
                                "Actual Rows": 901343,
                                "Actual Loops": 1
                              },
                              {
                                "Node Type": "Hash",
                                "Parent Relationship": "Inner",
                                "Parallel Aware": false,
                                "Startup Cost": 375911.25,
                                "Total Cost": 375911.25,
                                "Plan Rows": 10,
                                "Plan Width": 16,
                                "Actual Startup Time": 2984.482,
                                "Actual Total Time": 2984.616,
                                "Actual Rows": 1079,
                                "Actual Loops": 1,
                                "Hash Buckets": 2048,
                                "Original Hash Buckets": 1024,
                                "Hash Batches": 1,
                                "Original Hash Batches": 1,
                                "Peak Memory Usage": 67,
                                "Plans": [
                                  {
                                    "Node Type": "Hash Join",
                                    "Parent Relationship": "Outer",
                                    "Parallel Aware": false,
                                    "Join Type": "Inner",
                                    "Startup Cost": 340147.07,
                                    "Total Cost": 375911.25,
                                    "Plan Rows": 10,
                                    "Plan Width": 16,
                                    "Actual Startup Time": 2680.29,
                                    "Actual Total Time": 2984.364,
                                    "Actual Rows": 1079,
                                    "Actual Loops": 1,
                                    "Inner Unique": false,
                                    "Hash Cond": "(mc.movie_id = ci.movie_id)",
                                    "Plans": [
                                      {
                                        "Node Type": "Gather",
                                        "Parent Relationship": "Outer",
                                        "Parallel Aware": false,
                                        "Startup Cost": 1000.0,
                                        "Total Cost": 36755.79,
                                        "Plan Rows": 1327,
                                        "Plan Width": 8,
                                        "Actual Startup Time": 0.363,
                                        "Actual Total Time": 302.537,
                                        "Actual Rows": 8569,
                                        "Actual Loops": 1,
                                        "Workers Planned": 3,
                                        "Workers Launched": 0,
                                        "Single Copy": false,
                                        "Plans": [
                                          {
                                            "Node Type": "Seq Scan",
                                            "Parent Relationship": "Outer",
                                            "Parallel Aware": true,
                                            "Relation Name": "movie_companies",
                                            "Alias": "mc",
                                            "Startup Cost": 0.0,
                                            "Total Cost": 35623.09,
                                            "Plan Rows": 428,
                                            "Plan Width": 8,
                                            "Actual Startup Time": 0.115,
                                            "Actual Total Time": 301.593,
                                            "Actual Rows": 8569,
                                            "Actual Loops": 1,
                                            "Filter": "((note ~~ '%(Japan)%'::text) AND (note !~~ '%(USA)%'::text) AND ((note ~~ '%(2006)%'::text) OR (note ~~ '%(2007)%'::text)))",
                                            "Rows Removed by Filter": 2600560
                                          }
                                        ]
                                      },
                                      {
                                        "Node Type": "Hash",
                                        "Parent Relationship": "Inner",
                                        "Parallel Aware": false,
                                        "Startup Cost": 339057.68,
                                        "Total Cost": 339057.68,
                                        "Plan Rows": 7151,
                                        "Plan Width": 8,
                                        "Actual Startup Time": 2679.858,
                                        "Actual Total Time": 2679.926,
                                        "Actual Rows": 34848,
                                        "Actual Loops": 1,
                                        "Hash Buckets": 65536,
                                        "Original Hash Buckets": 8192,
                                        "Hash Batches": 1,
                                        "Original Hash Batches": 1,
                                        "Peak Memory Usage": 1874,
                                        "Plans": [
                                          {
                                            "Node Type": "Hash Join",
                                            "Parent Relationship": "Outer",
                                            "Parallel Aware": false,
                                            "Join Type": "Inner",
                                            "Startup Cost": 338877.76,
                                            "Total Cost": 339057.68,
                                            "Plan Rows": 7151,
                                            "Plan Width": 8,
                                            "Actual Startup Time": 2672.572,
                                            "Actual Total Time": 2675.343,
                                            "Actual Rows": 34848,
                                            "Actual Loops": 1,
                                            "Inner Unique": false,
                                            "Hash Cond": "(rt.id = ci.role_id)",
                                            "Plans": [
                                              {
                                                "Node Type": "Seq Scan",
                                                "Parent Relationship": "Outer",
                                                "Parallel Aware": false,
                                                "Relation Name": "role_type",
                                                "Alias": "rt",
                                                "Startup Cost": 0.0,
                                                "Total Cost": 1.15,
                                                "Plan Rows": 1,
                                                "Plan Width": 4,
                                                "Actual Startup Time": 0.017,
                                                "Actual Total Time": 0.022,
                                                "Actual Rows": 1,
                                                "Actual Loops": 1,
                                                "Filter": "((role)::text = 'actress'::text)",
                                                "Rows Removed by Filter": 11
                                              },
                                              {
                                                "Node Type": "Hash",
                                                "Parent Relationship": "Inner",
                                                "Parallel Aware": false,
                                                "Startup Cost": 337805.13,
                                                "Total Cost": 337805.13,
                                                "Plan Rows": 85810,
                                                "Plan Width": 12,
                                                "Actual Startup Time": 2671.669,
                                                "Actual Total Time": 2671.733,
                                                "Actual Rows": 93095,
                                                "Actual Loops": 1,
                                                "Hash Buckets": 131072,
                                                "Original Hash Buckets": 131072,
                                                "Hash Batches": 1,
                                                "Original Hash Batches": 1,
                                                "Peak Memory Usage": 5025,
                                                "Plans": [
                                                  {
                                                    "Node Type": "Gather",
                                                    "Parent Relationship": "Outer",
                                                    "Parallel Aware": false,
                                                    "Startup Cost": 1000.0,
                                                    "Total Cost": 337805.13,
                                                    "Plan Rows": 85810,
                                                    "Plan Width": 12,
                                                    "Actual Startup Time": 0.923,
                                                    "Actual Total Time": 2655.31,
                                                    "Actual Rows": 93095,
                                                    "Actual Loops": 1,
                                                    "Workers Planned": 6,
                                                    "Workers Launched": 0,
                                                    "Single Copy": false,
                                                    "Plans": [
                                                      {
                                                        "Node Type": "Seq Scan",
                                                        "Parent Relationship": "Outer",
                                                        "Parallel Aware": true,
                                                        "Relation Name": "cast_info",
                                                        "Alias": "ci",
                                                        "Startup Cost": 0.0,
                                                        "Total Cost": 328224.13,
                                                        "Plan Rows": 14302,
                                                        "Plan Width": 12,
                                                        "Actual Startup Time": 0.445,
                                                        "Actual Total Time": 2648.73,
                                                        "Actual Rows": 93095,
                                                        "Actual Loops": 1,
                                                        "Filter": "(note = '(voice: English version)'::text)",
                                                        "Rows Removed by Filter": 36151249
                                                      }
                                                    ]
                                                  }
                                                ]
                                              }
                                            ]
                                          }
                                        ]
                                      }
                                    ]
                                  }
                                ]
                              }
                            ]
                          }
                        ]
                      }
                    ]
                  }
                ]
              }
            ]
          },
          {
            "Node Type": "Hash",
            "Parent Relationship": "Inner",
            "Parallel Aware": false,
            "Startup Cost": 49644.94,
            "Total Cost": 49644.94,
            "Plan Rows": 44,
            "Plan Width": 21,
            "Actual Startup Time": 162.033,
            "Actual Total Time": 162.104,
            "Actual Rows": 7,
            "Actual Loops": 1,
            "Hash Buckets": 1024,
            "Original Hash Buckets": 1024,
            "Hash Batches": 1,
            "Original Hash Batches": 1,
            "Peak Memory Usage": 9,
            "Plans": [
              {
                "Node Type": "Gather",
                "Parent Relationship": "Outer",
                "Parallel Aware": false,
                "Startup Cost": 1000.0,
                "Total Cost": 49644.94,
                "Plan Rows": 44,
                "Plan Width": 21,
                "Actual Startup Time": 129.311,
                "Actual Total Time": 162.082,
                "Actual Rows": 7,
                "Actual Loops": 1,
                "Workers Planned": 4,
                "Workers Launched": 4,
                "Single Copy": false,
                "Plans": [
                  {
                    "Node Type": "Seq Scan",
                    "Parent Relationship": "Outer",
                    "Parallel Aware": true,
                    "Relation Name": "title",
                    "Alias": "t",
                    "Startup Cost": 0.0,
                    "Total Cost": 48640.54,
                    "Plan Rows": 11,
                    "Plan Width": 21,
                    "Actual Startup Time": 122.328,
                    "Actual Total Time": 150.979,
                    "Actual Rows": 1,
                    "Actual Loops": 5,
                    "Filter": "((production_year >= 2006) AND (production_year <= 2007) AND ((title ~~ 'One Piece%'::text) OR (title ~~ 'Dragon Ball Z%'::text)))",
                    "Rows Removed by Filter": 505661
                  }
                ]
              }
            ]
          }
        ]
      }
    ]
  },
  "Planning Time": 10.92,
  "Triggers": [],
  "Execution Time": 3446.294
}