{
  "Plan": {
    "Node Type": "Aggregate",
    "Strategy": "Plain",
    "Partial Mode": "Finalize",
    "Parallel Aware": false,
    "Startup Cost": 960834.55,
    "Total Cost": 960834.56,
    "Plan Rows": 1,
    "Plan Width": 8,
    "Actual Startup Time": 5725.147,
    "Actual Total Time": 5832.908,
    "Actual Rows": 1,
    "Actual Loops": 1,
    "Plans": [
      {
        "Node Type": "Gather",
        "Parent Relationship": "Outer",
        "Parallel Aware": false,
        "Startup Cost": 960834.43,
        "Total Cost": 960834.54,
        "Plan Rows": 1,
        "Plan Width": 8,
        "Actual Startup Time": 5723.494,
        "Actual Total Time": 5832.9,
        "Actual Rows": 2,
        "Actual Loops": 1,
        "Workers Planned": 1,
        "Workers Launched": 1,
        "Single Copy": false,
        "Plans": [
          {
            "Node Type": "Aggregate",
            "Strategy": "Plain",
            "Partial Mode": "Partial",
            "Parent Relationship": "Outer",
            "Parallel Aware": false,
            "Startup Cost": 959834.43,
            "Total Cost": 959834.44,
            "Plan Rows": 1,
            "Plan Width": 8,
            "Actual Startup Time": 5717.514,
            "Actual Total Time": 5717.519,
            "Actual Rows": 1,
            "Actual Loops": 2,
            "Plans": [
              {
                "Node Type": "Hash Join",
                "Parent Relationship": "Outer",
                "Parallel Aware": true,
                "Join Type": "Inner",
                "Startup Cost": 584784.5,
                "Total Cost": 954647.71,
                "Plan Rows": 2074691,
                "Plan Width": 0,
                "Actual Startup Time": 3147.741,
                "Actual Total Time": 5416.621,
                "Actual Rows": 7792814,
                "Actual Loops": 2,
                "Inner Unique": false,
                "Hash Cond": "(mi.movie_id = t.id)",
                "Plans": [
                  {
                    "Node Type": "Seq Scan",
                    "Parent Relationship": "Outer",
                    "Parallel Aware": true,
                    "Relation Name": "movie_info",
                    "Alias": "mi",
                    "Startup Cost": 0.0,
                    "Total Cost": 248955.74,
                    "Plan Rows": 8696274,
                    "Plan Width": 4,
                    "Actual Startup Time": 0.01,
                    "Actual Total Time": 620.464,
                    "Actual Rows": 7417860,
                    "Actual Loops": 2
                  },
                  {
                    "Node Type": "Hash",
                    "Parent Relationship": "Inner",
                    "Parallel Aware": true,
                    "Startup Cost": 580349.35,
                    "Total Cost": 580349.35,
                    "Plan Rows": 354812,
                    "Plan Width": 8,
                    "Actual Startup Time": 3136.942,
                    "Actual Total Time": 3136.945,
                    "Actual Rows": 231280,
                    "Actual Loops": 2,
                    "Hash Buckets": 1048576,
                    "Original Hash Buckets": 1048576,
                    "Hash Batches": 1,
                    "Original Hash Batches": 1,
                    "Peak Memory Usage": 26304,
                    "Plans": [
                      {
                        "Node Type": "Hash Join",
                        "Parent Relationship": "Outer",
                        "Parallel Aware": true,
                        "Join Type": "Inner",
                        "Startup Cost": 58615.99,
                        "Total Cost": 580349.35,
                        "Plan Rows": 354812,
                        "Plan Width": 8,
                        "Actual Startup Time": 136.55,
                        "Actual Total Time": 3059.324,
                        "Actual Rows": 231280,
                        "Actual Loops": 2,
                        "Inner Unique": true,
                        "Hash Cond": "(ci.movie_id = t.id)",
                        "Plans": [
                          {
                            "Node Type": "Seq Scan",
                            "Parent Relationship": "Outer",
                            "Parallel Aware": true,
                            "Relation Name": "cast_info",
                            "Alias": "ci",
                            "Startup Cost": 0.0,
                            "Total Cost": 465792.95,
                            "Plan Rows": 21310595,
                            "Plan Width": 4,
                            "Actual Startup Time": 0.012,
                            "Actual Total Time": 1301.762,
                            "Actual Rows": 18122172,
                            "Actual Loops": 2
                          },
                          {
                            "Node Type": "Hash",
                            "Parent Relationship": "Inner",
                            "Parallel Aware": true,
                            "Startup Cost": 58306.47,
                            "Total Cost": 58306.47,
                            "Plan Rows": 24762,
                            "Plan Width": 4,
                            "Actual Startup Time": 136.157,
                            "Actual Total Time": 136.158,
                            "Actual Rows": 12984,
                            "Actual Loops": 2,
                            "Hash Buckets": 65536,
                            "Original Hash Buckets": 65536,
                            "Hash Batches": 1,
                            "Original Hash Batches": 1,
                            "Peak Memory Usage": 1568,
                            "Plans": [
                              {
                                "Node Type": "Seq Scan",
                                "Parent Relationship": "Outer",
                                "Parallel Aware": true,
                                "Relation Name": "title",
                                "Alias": "t",
                                "Startup Cost": 0.0,
                                "Total Cost": 58306.47,
                                "Plan Rows": 24762,
                                "Plan Width": 4,
                                "Actual Startup Time": 0.22,
                                "Actual Total Time": 131.879,
                                "Actual Rows": 12984,
                                "Actual Loops": 2,
                                "Filter": "((kind_id < 4) AND (production_year = 2007))",
                                "Rows Removed by Filter": 1251172
                              }
                            ]
                          }
                        ]
                      }
                    ]
                  }
                ]
              }
            ]
          }
        ]
      }
    ]
  },
  "Planning Time": 0.973,
  "Triggers": [],
  "Execution Time": 5833.004
}