[
  {
    "Plan": {
      "Node Type": "Aggregate",
      "Strategy": "Plain",
      "Partial Mode": "Finalize",
      "Parallel Aware": false,
      "Startup Cost": 339345.63,
      "Total Cost": 339345.64,
      "Plan Rows": 1,
      "Plan Width": 8,
      "Actual Startup Time": 770.676,
      "Actual Total Time": 826.76,
      "Actual Rows": 1,
      "Actual Loops": 1,
      "Plans": [
        {
          "Node Type": "Gather",
          "Parent Relationship": "Outer",
          "Parallel Aware": false,
          "Startup Cost": 339345.01,
          "Total Cost": 339345.62,
          "Plan Rows": 6,
          "Plan Width": 8,
          "Actual Startup Time": 770.56,
          "Actual Total Time": 826.749,
          "Actual Rows": 7,
          "Actual Loops": 1,
          "Workers Planned": 6,
          "Workers Launched": 6,
          "Single Copy": false,
          "Plans": [
            {
              "Node Type": "Aggregate",
              "Strategy": "Plain",
              "Partial Mode": "Partial",
              "Parent Relationship": "Outer",
              "Parallel Aware": false,
              "Startup Cost": 338345.01,
              "Total Cost": 338345.02,
              "Plan Rows": 1,
              "Plan Width": 8,
              "Actual Startup Time": 761.486,
              "Actual Total Time": 761.487,
              "Actual Rows": 1,
              "Actual Loops": 7,
              "Plans": [
                {
                  "Node Type": "Seq Scan",
                  "Parent Relationship": "Outer",
                  "Parallel Aware": true,
                  "Relation Name": "cast_info",
                  "Alias": "ci",
                  "Startup Cost": 0.0,
                  "Total Cost": 328162.03,
                  "Plan Rows": 4073193,
                  "Plan Width": 0,
                  "Actual Startup Time": 0.057,
                  "Actual Total Time": 608.271,
                  "Actual Rows": 3501701,
                  "Actual Loops": 7,
                  "Filter": "(person_id < 2519225)",
                  "Rows Removed by Filter": 1676063
                }
              ]
            }
          ]
        }
      ]
    },
    "Planning Time": 0.19,
    "Triggers": [],
    "Execution Time": 826.832
  }
]