[
  {
    "Plan": {
      "Node Type": "Aggregate",
      "Strategy": "Plain",
      "Partial Mode": "Finalize",
      "Parallel Aware": false,
      "Startup Cost": 81759.23,
      "Total Cost": 81759.24,
      "Plan Rows": 1,
      "Plan Width": 8,
      "Actual Startup Time": 325.262,
      "Actual Total Time": 347.031,
      "Actual Rows": 1,
      "Actual Loops": 1,
      "Plans": [
        {
          "Node Type": "Gather",
          "Parent Relationship": "Outer",
          "Parallel Aware": false,
          "Startup Cost": 81758.81,
          "Total Cost": 81759.22,
          "Plan Rows": 4,
          "Plan Width": 8,
          "Actual Startup Time": 322.502,
          "Actual Total Time": 347.021,
          "Actual Rows": 5,
          "Actual Loops": 1,
          "Workers Planned": 4,
          "Workers Launched": 4,
          "Single Copy": false,
          "Plans": [
            {
              "Node Type": "Aggregate",
              "Strategy": "Plain",
              "Partial Mode": "Partial",
              "Parent Relationship": "Outer",
              "Parallel Aware": false,
              "Startup Cost": 80758.81,
              "Total Cost": 80758.82,
              "Plan Rows": 1,
              "Plan Width": 8,
              "Actual Startup Time": 312.939,
              "Actual Total Time": 312.947,
              "Actual Rows": 1,
              "Actual Loops": 5,
              "Plans": [
                {
                  "Node Type": "Hash Join",
                  "Parent Relationship": "Outer",
                  "Parallel Aware": true,
                  "Join Type": "Inner",
                  "Startup Cost": 34267.14,
                  "Total Cost": 80316.7,
                  "Plan Rows": 176844,
                  "Plan Width": 0,
                  "Actual Startup Time": 135.466,
                  "Actual Total Time": 308.185,
                  "Actual Rows": 97712,
                  "Actual Loops": 5,
                  "Inner Unique": false,
                  "Hash Cond": "(t.id = mc.movie_id)",
                  "Plans": [
                    {
                      "Node Type": "Seq Scan",
                      "Parent Relationship": "Outer",
                      "Parallel Aware": true,
                      "Relation Name": "title",
                      "Alias": "t",
                      "Startup Cost": 0.0,
                      "Total Cost": 42318.73,
                      "Plan Rows": 632073,
                      "Plan Width": 4,
                      "Actual Startup Time": 0.015,
                      "Actual Total Time": 70.34,
                      "Actual Rows": 505662,
                      "Actual Loops": 5
                    },
                    {
                      "Node Type": "Hash",
                      "Parent Relationship": "Inner",
                      "Parallel Aware": true,
                      "Startup Cost": 31414.82,
                      "Total Cost": 31414.82,
                      "Plan Rows": 228186,
                      "Plan Width": 4,
                      "Actual Startup Time": 112.178,
                      "Actual Total Time": 112.179,
                      "Actual Rows": 97712,
                      "Actual Loops": 5,
                      "Hash Buckets": 1048576,
                      "Original Hash Buckets": 1048576,
                      "Hash Batches": 1,
                      "Original Hash Batches": 1,
                      "Peak Memory Usage": 27360,
                      "Plans": [
                        {
                          "Node Type": "Seq Scan",
                          "Parent Relationship": "Outer",
                          "Parallel Aware": true,
                          "Relation Name": "movie_companies",
                          "Alias": "mc",
                          "Startup Cost": 0.0,
                          "Total Cost": 31414.82,
                          "Plan Rows": 228186,
                          "Plan Width": 4,
                          "Actual Startup Time": 16.495,
                          "Actual Total Time": 74.611,
                          "Actual Rows": 97712,
                          "Actual Loops": 5,
                          "Filter": "((company_id > 9798) AND (company_type_id < 2))",
                          "Rows Removed by Filter": 424114
                        }
                      ]
                    }
                  ]
                }
              ]
            }
          ]
        }
      ]
    },
    "Planning Time": 0.547,
    "Triggers": [],
    "Execution Time": 347.103
  }
]