[
  {
    "Plan": {
      "Node Type": "Aggregate",
      "Strategy": "Plain",
      "Partial Mode": "Finalize",
      "Parallel Aware": false,
      "Startup Cost": 62290.38,
      "Total Cost": 62290.39,
      "Plan Rows": 1,
      "Plan Width": 8,
      "Actual Startup Time": 316.45,
      "Actual Total Time": 331.063,
      "Actual Rows": 1,
      "Actual Loops": 1,
      "Plans": [
        {
          "Node Type": "Gather",
          "Parent Relationship": "Outer",
          "Parallel Aware": false,
          "Startup Cost": 62290.16,
          "Total Cost": 62290.37,
          "Plan Rows": 2,
          "Plan Width": 8,
          "Actual Startup Time": 314.119,
          "Actual Total Time": 331.053,
          "Actual Rows": 3,
          "Actual Loops": 1,
          "Workers Planned": 2,
          "Workers Launched": 2,
          "Single Copy": false,
          "Plans": [
            {
              "Node Type": "Aggregate",
              "Strategy": "Plain",
              "Partial Mode": "Partial",
              "Parent Relationship": "Outer",
              "Parallel Aware": false,
              "Startup Cost": 61290.16,
              "Total Cost": 61290.17,
              "Plan Rows": 1,
              "Plan Width": 8,
              "Actual Startup Time": 306.706,
              "Actual Total Time": 306.804,
              "Actual Rows": 1,
              "Actual Loops": 3,
              "Plans": [
                {
                  "Node Type": "Hash Join",
                  "Parent Relationship": "Outer",
                  "Parallel Aware": true,
                  "Join Type": "Inner",
                  "Startup Cost": 46000.7,
                  "Total Cost": 61195.26,
                  "Plan Rows": 37962,
                  "Plan Width": 0,
                  "Actual Startup Time": 224.3,
                  "Actual Total Time": 302.002,
                  "Actual Rows": 87736,
                  "Actual Loops": 3,
                  "Inner Unique": true,
                  "Hash Cond": "(mi_idx.movie_id = t.id)",
                  "Plans": [
                    {
                      "Node Type": "Seq Scan",
                      "Parent Relationship": "Outer",
                      "Parallel Aware": true,
                      "Relation Name": "movie_info_idx",
                      "Alias": "mi_idx",
                      "Startup Cost": 0.0,
                      "Total Cost": 13685.15,
                      "Plan Rows": 575015,
                      "Plan Width": 4,
                      "Actual Startup Time": 0.027,
                      "Actual Total Time": 46.927,
                      "Actual Rows": 460012,
                      "Actual Loops": 3
                    },
                    {
                      "Node Type": "Hash",
                      "Parent Relationship": "Inner",
                      "Parallel Aware": true,
                      "Startup Cost": 45479.1,
                      "Total Cost": 45479.1,
                      "Plan Rows": 41728,
                      "Plan Width": 4,
                      "Actual Startup Time": 176.957,
                      "Actual Total Time": 176.958,
                      "Actual Rows": 101922,
                      "Actual Loops": 3,
                      "Hash Buckets": 524288,
                      "Original Hash Buckets": 262144,
                      "Hash Batches": 1,
                      "Original Hash Batches": 1,
                      "Peak Memory Usage": 18176,
                      "Plans": [
                        {
                          "Node Type": "Seq Scan",
                          "Parent Relationship": "Outer",
                          "Parallel Aware": true,
                          "Relation Name": "title",
                          "Alias": "t",
                          "Startup Cost": 0.0,
                          "Total Cost": 45479.1,
                          "Plan Rows": 41728,
                          "Plan Width": 4,
                          "Actual Startup Time": 76.516,
                          "Actual Total Time": 136.156,
                          "Actual Rows": 101922,
                          "Actual Loops": 3,
                          "Filter": "((production_year < 1988) AND (kind_id = 1))",
                          "Rows Removed by Filter": 740849
                        }
                      ]
                    }
                  ]
                }
              ]
            }
          ]
        }
      ]
    },
    "Planning Time": 1.045,
    "Triggers": [],
    "Execution Time": 331.135
  }
]