[
    {
        "Bao": {
            "Bao prediction": 1018.795,
            "Bao recommended hint": "(no hint)"
        }
    },
    {
        "Plan": {
            "Node Type": "Aggregate",
            "Strategy": "Plain",
            "Partial Mode": "Finalize",
            "Parallel Aware": false,
            "Startup Cost": 319775.94,
            "Total Cost": 319775.95,
            "Plan Rows": 1,
            "Plan Width": 8,
            "Actual Startup Time": 1177.536,
            "Actual Total Time": 1211.918,
            "Actual Rows": 1,
            "Actual Loops": 1,
            "Output": [
                "count(*)"
            ],
            "Plans": [
                {
                    "Node Type": "Gather",
                    "Parent Relationship": "Outer",
                    "Parallel Aware": false,
                    "Startup Cost": 319775.32,
                    "Total Cost": 319775.93,
                    "Plan Rows": 6,
                    "Plan Width": 8,
                    "Actual Startup Time": 1165.635,
                    "Actual Total Time": 1211.899,
                    "Actual Rows": 7,
                    "Actual Loops": 1,
                    "Output": [
                        "(PARTIAL count(*))"
                    ],
                    "Workers Planned": 6,
                    "Workers Launched": 6,
                    "Single Copy": false,
                    "Plans": [
                        {
                            "Node Type": "Aggregate",
                            "Strategy": "Plain",
                            "Partial Mode": "Partial",
                            "Parent Relationship": "Outer",
                            "Parallel Aware": false,
                            "Startup Cost": 318775.32,
                            "Total Cost": 318775.33,
                            "Plan Rows": 1,
                            "Plan Width": 8,
                            "Actual Startup Time": 1154.217,
                            "Actual Total Time": 1154.433,
                            "Actual Rows": 1,
                            "Actual Loops": 7,
                            "Output": [
                                "PARTIAL count(*)"
                            ],
                            "Workers": [
                                {
                                    "Worker Number": 0,
                                    "Actual Startup Time": 1151.153,
                                    "Actual Total Time": 1151.161,
                                    "Actual Rows": 1,
                                    "Actual Loops": 1
                                },
                                {
                                    "Worker Number": 1,
                                    "Actual Startup Time": 1151.328,
                                    "Actual Total Time": 1151.336,
                                    "Actual Rows": 1,
                                    "Actual Loops": 1
                                },
                                {
                                    "Worker Number": 2,
                                    "Actual Startup Time": 1152.777,
                                    "Actual Total Time": 1152.785,
                                    "Actual Rows": 1,
                                    "Actual Loops": 1
                                },
                                {
                                    "Worker Number": 3,
                                    "Actual Startup Time": 1152.757,
                                    "Actual Total Time": 1152.765,
                                    "Actual Rows": 1,
                                    "Actual Loops": 1
                                },
                                {
                                    "Worker Number": 4,
                                    "Actual Startup Time": 1152.795,
                                    "Actual Total Time": 1152.803,
                                    "Actual Rows": 1,
                                    "Actual Loops": 1
                                },
                                {
                                    "Worker Number": 5,
                                    "Actual Startup Time": 1154.212,
                                    "Actual Total Time": 1154.219,
                                    "Actual Rows": 1,
                                    "Actual Loops": 1
                                }
                            ],
                            "Plans": [
                                {
                                    "Node Type": "Hash Join",
                                    "Parent Relationship": "Outer",
                                    "Parallel Aware": true,
                                    "Join Type": "Inner",
                                    "Startup Cost": 64020.73,
                                    "Total Cost": 318302.94,
                                    "Plan Rows": 188952,
                                    "Plan Width": 0,
                                    "Actual Startup Time": 290.498,
                                    "Actual Total Time": 1110.532,
                                    "Actual Rows": 651836,
                                    "Actual Loops": 7,
                                    "Inner Unique": false,
                                    "Hash Cond": "(ci.movie_id = t.id)",
                                    "Workers": [
                                        {
                                            "Worker Number": 0,
                                            "Actual Startup Time": 287.825,
                                            "Actual Total Time": 1107.876,
                                            "Actual Rows": 633065,
                                            "Actual Loops": 1
                                        },
                                        {
                                            "Worker Number": 1,
                                            "Actual Startup Time": 287.615,
                                            "Actual Total Time": 1109.166,
                                            "Actual Rows": 642369,
                                            "Actual Loops": 1
                                        },
                                        {
                                            "Worker Number": 2,
                                            "Actual Startup Time": 289.187,
                                            "Actual Total Time": 1106.821,
                                            "Actual Rows": 647359,
                                            "Actual Loops": 1
                                        },
                                        {
                                            "Worker Number": 3,
                                            "Actual Startup Time": 289.492,
                                            "Actual Total Time": 1109.915,
                                            "Actual Rows": 652238,
                                            "Actual Loops": 1
                                        },
                                        {
                                            "Worker Number": 4,
                                            "Actual Startup Time": 288.943,
                                            "Actual Total Time": 1109.214,
                                            "Actual Rows": 664669,
                                            "Actual Loops": 1
                                        },
                                        {
                                            "Worker Number": 5,
                                            "Actual Startup Time": 289.598,
                                            "Actual Total Time": 1111.349,
                                            "Actual Rows": 652095,
                                            "Actual Loops": 1
                                        }
                                    ],
                                    "Plans": [
                                        {
                                            "Node Type": "Index Scan",
                                            "Parent Relationship": "Outer",
                                            "Parallel Aware": true,
                                            "Scan Direction": "Forward",
                                            "Index Name": "role_id_cast_info",
                                            "Relation Name": "cast_info",
                                            "Schema": "public",
                                            "Alias": "ci",
                                            "Startup Cost": 0.56,
                                            "Total Cost": 247642.15,
                                            "Plan Rows": 1560883,
                                            "Plan Width": 4,
                                            "Actual Startup Time": 0.452,
                                            "Actual Total Time": 372.33,
                                            "Actual Rows": 1340672,
                                            "Actual Loops": 7,
                                            "Output": [
                                                "ci.id",
                                                "ci.person_id",
                                                "ci.movie_id",
                                                "ci.person_role_id",
                                                "ci.note",
                                                "ci.nr_order",
                                                "ci.role_id"
                                            ],
                                            "Index Cond": "(ci.role_id > 4)",
                                            "Rows Removed by Index Recheck": 0,
                                            "Workers": [
                                                {
                                                    "Worker Number": 0,
                                                    "Actual Startup Time": 0.463,
                                                    "Actual Total Time": 370.271,
                                                    "Actual Rows": 1287793,
                                                    "Actual Loops": 1
                                                },
                                                {
                                                    "Worker Number": 1,
                                                    "Actual Startup Time": 0.377,
                                                    "Actual Total Time": 370.122,
                                                    "Actual Rows": 1327189,
                                                    "Actual Loops": 1
                                                },
                                                {
                                                    "Worker Number": 2,
                                                    "Actual Startup Time": 0.623,
                                                    "Actual Total Time": 378.413,
                                                    "Actual Rows": 1337714,
                                                    "Actual Loops": 1
                                                },
                                                {
                                                    "Worker Number": 3,
                                                    "Actual Startup Time": 0.659,
                                                    "Actual Total Time": 378.015,
                                                    "Actual Rows": 1340660,
                                                    "Actual Loops": 1
                                                },
                                                {
                                                    "Worker Number": 4,
                                                    "Actual Startup Time": 0.153,
                                                    "Actual Total Time": 380.056,
                                                    "Actual Rows": 1355164,
                                                    "Actual Loops": 1
                                                },
                                                {
                                                    "Worker Number": 5,
                                                    "Actual Startup Time": 0.564,
                                                    "Actual Total Time": 377.044,
                                                    "Actual Rows": 1330861,
                                                    "Actual Loops": 1
                                                }
                                            ]
                                        },
                                        {
                                            "Node Type": "Hash",
                                            "Parent Relationship": "Inner",
                                            "Parallel Aware": true,
                                            "Startup Cost": 62426.07,
                                            "Total Cost": 62426.07,
                                            "Plan Rows": 127528,
                                            "Plan Width": 8,
                                            "Actual Startup Time": 287.41,
                                            "Actual Total Time": 287.623,
                                            "Actual Rows": 68523,
                                            "Actual Loops": 7,
                                            "Output": [
                                                "t.id",
                                                "mi_idx.movie_id"
                                            ],
                                            "Hash Buckets": 524288,
                                            "Original Hash Buckets": 524288,
                                            "Hash Batches": 1,
                                            "Original Hash Batches": 1,
                                            "Peak Memory Usage": 22976,
                                            "Workers": [
                                                {
                                                    "Worker Number": 0,
                                                    "Actual Startup Time": 286.416,
                                                    "Actual Total Time": 286.422,
                                                    "Actual Rows": 63807,
                                                    "Actual Loops": 1
                                                },
                                                {
                                                    "Worker Number": 1,
                                                    "Actual Startup Time": 286.519,
                                                    "Actual Total Time": 286.524,
                                                    "Actual Rows": 66430,
                                                    "Actual Loops": 1
                                                },
                                                {
                                                    "Worker Number": 2,
                                                    "Actual Startup Time": 288.013,
                                                    "Actual Total Time": 288.02,
                                                    "Actual Rows": 69158,
                                                    "Actual Loops": 1
                                                },
                                                {
                                                    "Worker Number": 3,
                                                    "Actual Startup Time": 287.983,
                                                    "Actual Total Time": 287.988,
                                                    "Actual Rows": 68735,
                                                    "Actual Loops": 1
                                                },
                                                {
                                                    "Worker Number": 4,
                                                    "Actual Startup Time": 288.027,
                                                    "Actual Total Time": 288.033,
                                                    "Actual Rows": 69427,
                                                    "Actual Loops": 1
                                                },
                                                {
                                                    "Worker Number": 5,
                                                    "Actual Startup Time": 288.251,
                                                    "Actual Total Time": 288.257,
                                                    "Actual Rows": 68661,
                                                    "Actual Loops": 1
                                                }
                                            ],
                                            "Plans": [
                                                {
                                                    "Node Type": "Hash Join",
                                                    "Parent Relationship": "Outer",
                                                    "Parallel Aware": true,
                                                    "Join Type": "Inner",
                                                    "Startup Cost": 47231.51,
                                                    "Total Cost": 62426.07,
                                                    "Plan Rows": 127528,
                                                    "Plan Width": 8,
                                                    "Actual Startup Time": 197.157,
                                                    "Actual Total Time": 252.961,
                                                    "Actual Rows": 68523,
                                                    "Actual Loops": 7,
                                                    "Output": [
                                                        "t.id",
                                                        "mi_idx.movie_id"
                                                    ],
                                                    "Inner Unique": true,
                                                    "Hash Cond": "(mi_idx.movie_id = t.id)",
                                                    "Workers": [
                                                        {
                                                            "Worker Number": 0,
                                                            "Actual Startup Time": 196.958,
                                                            "Actual Total Time": 251.951,
                                                            "Actual Rows": 63807,
                                                            "Actual Loops": 1
                                                        },
                                                        {
                                                            "Worker Number": 1,
                                                            "Actual Startup Time": 197.072,
                                                            "Actual Total Time": 252.893,
                                                            "Actual Rows": 66430,
                                                            "Actual Loops": 1
                                                        },
                                                        {
                                                            "Worker Number": 2,
                                                            "Actual Startup Time": 197.187,
                                                            "Actual Total Time": 252.75,
                                                            "Actual Rows": 69158,
                                                            "Actual Loops": 1
                                                        },
                                                        {
                                                            "Worker Number": 3,
                                                            "Actual Startup Time": 197.181,
                                                            "Actual Total Time": 252.868,
                                                            "Actual Rows": 68735,
                                                            "Actual Loops": 1
                                                        },
                                                        {
                                                            "Worker Number": 4,
                                                            "Actual Startup Time": 197.173,
                                                            "Actual Total Time": 253.112,
                                                            "Actual Rows": 69427,
                                                            "Actual Loops": 1
                                                        },
                                                        {
                                                            "Worker Number": 5,
                                                            "Actual Startup Time": 197.122,
                                                            "Actual Total Time": 253.164,
                                                            "Actual Rows": 68661,
                                                            "Actual Loops": 1
                                                        }
                                                    ],
                                                    "Plans": [
                                                        {
                                                            "Node Type": "Seq Scan",
                                                            "Parent Relationship": "Outer",
                                                            "Parallel Aware": true,
                                                            "Relation Name": "movie_info_idx",
                                                            "Schema": "public",
                                                            "Alias": "mi_idx",
                                                            "Startup Cost": 0.0,
                                                            "Total Cost": 13685.15,
                                                            "Plan Rows": 575015,
                                                            "Plan Width": 4,
                                                            "Actual Startup Time": 0.082,
                                                            "Actual Total Time": 30.289,
                                                            "Actual Rows": 197148,
                                                            "Actual Loops": 7,
                                                            "Output": [
                                                                "mi_idx.id",
                                                                "mi_idx.movie_id",
                                                                "mi_idx.info_type_id",
                                                                "mi_idx.info",
                                                                "mi_idx.note"
                                                            ],
                                                            "Workers": [
                                                                {
                                                                    "Worker Number": 0,
                                                                    "Actual Startup Time": 0.066,
                                                                    "Actual Total Time": 31.025,
                                                                    "Actual Rows": 184020,
                                                                    "Actual Loops": 1
                                                                },
                                                                {
                                                                    "Worker Number": 1,
                                                                    "Actual Startup Time": 0.055,
                                                                    "Actual Total Time": 31.33,
                                                                    "Actual Rows": 189054,
                                                                    "Actual Loops": 1
                                                                },
                                                                {
                                                                    "Worker Number": 2,
                                                                    "Actual Startup Time": 0.073,
                                                                    "Actual Total Time": 31.117,
                                                                    "Actual Rows": 196457,
                                                                    "Actual Loops": 1
                                                                },
                                                                {
                                                                    "Worker Number": 3,
                                                                    "Actual Startup Time": 0.168,
                                                                    "Actual Total Time": 31.159,
                                                                    "Actual Rows": 197228,
                                                                    "Actual Loops": 1
                                                                },
                                                                {
                                                                    "Worker Number": 4,
                                                                    "Actual Startup Time": 0.118,
                                                                    "Actual Total Time": 31.326,
                                                                    "Actual Rows": 198626,
                                                                    "Actual Loops": 1
                                                                },
                                                                {
                                                                    "Worker Number": 5,
                                                                    "Actual Startup Time": 0.078,
                                                                    "Actual Total Time": 31.226,
                                                                    "Actual Rows": 197929,
                                                                    "Actual Loops": 1
                                                                }
                                                            ]
                                                        },
                                                        {
                                                            "Node Type": "Hash",
                                                            "Parent Relationship": "Inner",
                                                            "Parallel Aware": true,
                                                            "Startup Cost": 45479.21,
                                                            "Total Cost": 45479.21,
                                                            "Plan Rows": 140184,
                                                            "Plan Width": 4,
                                                            "Actual Startup Time": 166.873,
                                                            "Actual Total Time": 166.875,
                                                            "Actual Rows": 62673,
                                                            "Actual Loops": 7,
                                                            "Output": [
                                                                "t.id"
                                                            ],
                                                            "Hash Buckets": 1048576,
                                                            "Original Hash Buckets": 1048576,
                                                            "Hash Batches": 1,
                                                            "Original Hash Batches": 1,
                                                            "Peak Memory Usage": 25536,
                                                            "Workers": [
                                                                {
                                                                    "Worker Number": 0,
                                                                    "Actual Startup Time": 168.564,
                                                                    "Actual Total Time": 168.566,
                                                                    "Actual Rows": 57528,
                                                                    "Actual Loops": 1
                                                                },
                                                                {
                                                                    "Worker Number": 1,
                                                                    "Actual Startup Time": 168.606,
                                                                    "Actual Total Time": 168.608,
                                                                    "Actual Rows": 59716,
                                                                    "Actual Loops": 1
                                                                },
                                                                {
                                                                    "Worker Number": 2,
                                                                    "Actual Startup Time": 168.867,
                                                                    "Actual Total Time": 168.868,
                                                                    "Actual Rows": 61381,
                                                                    "Actual Loops": 1
                                                                },
                                                                {
                                                                    "Worker Number": 3,
                                                                    "Actual Startup Time": 168.839,
                                                                    "Actual Total Time": 168.841,
                                                                    "Actual Rows": 62170,
                                                                    "Actual Loops": 1
                                                                },
                                                                {
                                                                    "Worker Number": 4,
                                                                    "Actual Startup Time": 168.798,
                                                                    "Actual Total Time": 168.8,
                                                                    "Actual Rows": 61479,
                                                                    "Actual Loops": 1
                                                                },
                                                                {
                                                                    "Worker Number": 5,
                                                                    "Actual Startup Time": 168.789,
                                                                    "Actual Total Time": 168.791,
                                                                    "Actual Rows": 61385,
                                                                    "Actual Loops": 1
                                                                }
                                                            ],
                                                            "Plans": [
                                                                {
                                                                    "Node Type": "Seq Scan",
                                                                    "Parent Relationship": "Outer",
                                                                    "Parallel Aware": true,
                                                                    "Relation Name": "title",
                                                                    "Schema": "public",
                                                                    "Alias": "t",
                                                                    "Startup Cost": 0.0,
                                                                    "Total Cost": 45479.21,
                                                                    "Plan Rows": 140184,
                                                                    "Plan Width": 4,
                                                                    "Actual Startup Time": 56.635,
                                                                    "Actual Total Time": 110.921,
                                                                    "Actual Rows": 62673,
                                                                    "Actual Loops": 7,
                                                                    "Output": [
                                                                        "t.id"
                                                                    ],
                                                                    "Filter": "((t.production_year > 1967) AND (t.kind_id = 1))",
                                                                    "Rows Removed by Filter": 298514,
                                                                    "Workers": [
                                                                        {
                                                                            "Worker Number": 0,
                                                                            "Actual Startup Time": 64.878,
                                                                            "Actual Total Time": 111.239,
                                                                            "Actual Rows": 57528,
                                                                            "Actual Loops": 1
                                                                        },
                                                                        {
                                                                            "Worker Number": 1,
                                                                            "Actual Startup Time": 65.245,
                                                                            "Actual Total Time": 111.881,
                                                                            "Actual Rows": 59716,
                                                                            "Actual Loops": 1
                                                                        },
                                                                        {
                                                                            "Worker Number": 2,
                                                                            "Actual Startup Time": 64.873,
                                                                            "Actual Total Time": 112.473,
                                                                            "Actual Rows": 61381,
                                                                            "Actual Loops": 1
                                                                        },
                                                                        {
                                                                            "Worker Number": 3,
                                                                            "Actual Startup Time": 64.936,
                                                                            "Actual Total Time": 112.561,
                                                                            "Actual Rows": 62170,
                                                                            "Actual Loops": 1
                                                                        },
                                                                        {
                                                                            "Worker Number": 4,
                                                                            "Actual Startup Time": 6.488,
                                                                            "Actual Total Time": 111.729,
                                                                            "Actual Rows": 61479,
                                                                            "Actual Loops": 1
                                                                        },
                                                                        {
                                                                            "Worker Number": 5,
                                                                            "Actual Startup Time": 65.076,
                                                                            "Actual Total Time": 112.064,
                                                                            "Actual Rows": 61385,
                                                                            "Actual Loops": 1
                                                                        }
                                                                    ]
                                                                }
                                                            ]
                                                        }
                                                    ]
                                                }
                                            ]
                                        }
                                    ]
                                }
                            ]
                        }
                    ]
                }
            ]
        },
        "Planning Time": 3124.972,
        "Triggers": [],
        "Execution Time": 1212.134
    }
]