{
  "Plan": {
    "Node Type": "Aggregate",
    "Strategy": "Plain",
    "Partial Mode": "Finalize",
    "Parallel Aware": false,
    "Startup Cost": 466462.43,
    "Total Cost": 466462.44,
    "Plan Rows": 1,
    "Plan Width": 8,
    "Actual Startup Time": 8234.173,
    "Actual Total Time": 8288.762,
    "Actual Rows": 1,
    "Actual Loops": 1,
    "Plans": [
      {
        "Node Type": "Gather",
        "Parent Relationship": "Outer",
        "Parallel Aware": false,
        "Startup Cost": 466462.32,
        "Total Cost": 466462.43,
        "Plan Rows": 1,
        "Plan Width": 8,
        "Actual Startup Time": 8227.406,
        "Actual Total Time": 8288.751,
        "Actual Rows": 2,
        "Actual Loops": 1,
        "Workers Planned": 1,
        "Workers Launched": 1,
        "Single Copy": false,
        "Plans": [
          {
            "Node Type": "Aggregate",
            "Strategy": "Plain",
            "Partial Mode": "Partial",
            "Parent Relationship": "Outer",
            "Parallel Aware": false,
            "Startup Cost": 465462.32,
            "Total Cost": 465462.33,
            "Plan Rows": 1,
            "Plan Width": 8,
            "Actual Startup Time": 8219.935,
            "Actual Total Time": 8221.089,
            "Actual Rows": 1,
            "Actual Loops": 2,
            "Plans": [
              {
                "Node Type": "Hash Join",
                "Parent Relationship": "Outer",
                "Parallel Aware": true,
                "Join Type": "Inner",
                "Startup Cost": 139504.69,
                "Total Cost": 452222.93,
                "Plan Rows": 5295754,
                "Plan Width": 0,
                "Actual Startup Time": 956.871,
                "Actual Total Time": 6227.809,
                "Actual Rows": 52183914,
                "Actual Loops": 2,
                "Inner Unique": false,
                "Hash Cond": "(mi.movie_id = t.id)",
                "Plans": [
                  {
                    "Node Type": "Seq Scan",
                    "Parent Relationship": "Outer",
                    "Parallel Aware": true,
                    "Relation Name": "movie_info",
                    "Alias": "mi",
                    "Startup Cost": 0.0,
                    "Total Cost": 248955.74,
                    "Plan Rows": 8696274,
                    "Plan Width": 4,
                    "Actual Startup Time": 0.016,
                    "Actual Total Time": 621.435,
                    "Actual Rows": 7417860,
                    "Actual Loops": 2
                  },
                  {
                    "Node Type": "Hash",
                    "Parent Relationship": "Inner",
                    "Parallel Aware": true,
                    "Startup Cost": 128183.74,
                    "Total Cost": 128183.74,
                    "Plan Rows": 905676,
                    "Plan Width": 8,
                    "Actual Startup Time": 941.483,
                    "Actual Total Time": 942.635,
                    "Actual Rows": 924276,
                    "Actual Loops": 2,
                    "Hash Buckets": 2097152,
                    "Original Hash Buckets": 2097152,
                    "Hash Batches": 1,
                    "Original Hash Batches": 1,
                    "Peak Memory Usage": 88736,
                    "Plans": [
                      {
                        "Node Type": "Hash Join",
                        "Parent Relationship": "Outer",
                        "Parallel Aware": true,
                        "Join Type": "Inner",
                        "Startup Cost": 66865.64,
                        "Total Cost": 128183.74,
                        "Plan Rows": 905676,
                        "Plan Width": 8,
                        "Actual Startup Time": 393.306,
                        "Actual Total Time": 775.09,
                        "Actual Rows": 924276,
                        "Actual Loops": 2,
                        "Inner Unique": true,
                        "Hash Cond": "(mk.movie_id = t.id)",
                        "Plans": [
                          {
                            "Node Type": "Seq Scan",
                            "Parent Relationship": "Outer",
                            "Parallel Aware": true,
                            "Relation Name": "movie_keyword",
                            "Alias": "mk",
                            "Startup Cost": 0.0,
                            "Total Cost": 57718.19,
                            "Plan Rows": 1371389,
                            "Plan Width": 4,
                            "Actual Startup Time": 0.388,
                            "Actual Total Time": 193.855,
                            "Actual Rows": 1164208,
                            "Actual Loops": 2,
                            "Filter": "(keyword_id > 4365)",
                            "Rows Removed by Filter": 1097758
                          },
                          {
                            "Node Type": "Hash",
                            "Parent Relationship": "Inner",
                            "Parallel Aware": true,
                            "Startup Cost": 54588.39,
                            "Total Cost": 54588.39,
                            "Plan Rows": 982180,
                            "Plan Width": 4,
                            "Actual Startup Time": 385.353,
                            "Actual Total Time": 385.354,
                            "Actual Rows": 835646,
                            "Actual Loops": 2,
                            "Hash Buckets": 2097152,
                            "Original Hash Buckets": 2097152,
                            "Hash Batches": 1,
                            "Original Hash Batches": 1,
                            "Peak Memory Usage": 81792,
                            "Plans": [
                              {
                                "Node Type": "Seq Scan",
                                "Parent Relationship": "Outer",
                                "Parallel Aware": true,
                                "Relation Name": "title",
                                "Alias": "t",
                                "Startup Cost": 0.0,
                                "Total Cost": 54588.39,
                                "Plan Rows": 982180,
                                "Plan Width": 4,
                                "Actual Startup Time": 0.029,
                                "Actual Total Time": 173.063,
                                "Actual Rows": 835646,
                                "Actual Loops": 2,
                                "Filter": "(production_year < 2008)",
                                "Rows Removed by Filter": 428510
                              }
                            ]
                          }
                        ]
                      }
                    ]
                  }
                ]
              }
            ]
          }
        ]
      }
    ]
  },
  "Planning Time": 0.94,
  "Triggers": [],
  "Execution Time": 8288.846
}