{
  "Plan": {
    "Node Type": "Aggregate",
    "Strategy": "Plain",
    "Partial Mode": "Finalize",
    "Parallel Aware": false,
    "Startup Cost": 107810.17,
    "Total Cost": 107810.18,
    "Plan Rows": 1,
    "Plan Width": 8,
    "Actual Startup Time": 526.944,
    "Actual Total Time": 544.205,
    "Actual Rows": 1,
    "Actual Loops": 1,
    "Plans": [
      {
        "Node Type": "Gather",
        "Parent Relationship": "Outer",
        "Parallel Aware": false,
        "Startup Cost": 107810.06,
        "Total Cost": 107810.17,
        "Plan Rows": 1,
        "Plan Width": 8,
        "Actual Startup Time": 523.031,
        "Actual Total Time": 544.196,
        "Actual Rows": 2,
        "Actual Loops": 1,
        "Workers Planned": 1,
        "Workers Launched": 1,
        "Single Copy": false,
        "Plans": [
          {
            "Node Type": "Aggregate",
            "Strategy": "Plain",
            "Partial Mode": "Partial",
            "Parent Relationship": "Outer",
            "Parallel Aware": false,
            "Startup Cost": 106810.06,
            "Total Cost": 106810.07,
            "Plan Rows": 1,
            "Plan Width": 8,
            "Actual Startup Time": 515.676,
            "Actual Total Time": 515.68,
            "Actual Rows": 1,
            "Actual Loops": 2,
            "Plans": [
              {
                "Node Type": "Hash Join",
                "Parent Relationship": "Outer",
                "Parallel Aware": true,
                "Join Type": "Inner",
                "Startup Cost": 77937.48,
                "Total Cost": 106450.92,
                "Plan Rows": 143657,
                "Plan Width": 0,
                "Actual Startup Time": 390.89,
                "Actual Total Time": 514.244,
                "Actual Rows": 27250,
                "Actual Loops": 2,
                "Inner Unique": true,
                "Hash Cond": "(mk.movie_id = t.id)",
                "Plans": [
                  {
                    "Node Type": "Bitmap Heap Scan",
                    "Parent Relationship": "Outer",
                    "Parallel Aware": true,
                    "Relation Name": "movie_keyword",
                    "Alias": "mk",
                    "Startup Cost": 9680.5,
                    "Total Cost": 37489.41,
                    "Plan Rows": 268392,
                    "Plan Width": 4,
                    "Actual Startup Time": 28.819,
                    "Actual Total Time": 94.15,
                    "Actual Rows": 236272,
                    "Actual Loops": 2,
                    "Recheck Cond": "(keyword_id < 359)",
                    "Rows Removed by Index Recheck": 0,
                    "Exact Heap Blocks": 13999,
                    "Lossy Heap Blocks": 0,
                    "Plans": [
                      {
                        "Node Type": "Bitmap Index Scan",
                        "Parent Relationship": "Outer",
                        "Parallel Aware": false,
                        "Index Name": "keyword_id_movie_keyword",
                        "Startup Cost": 0.0,
                        "Total Cost": 9566.44,
                        "Plan Rows": 456267,
                        "Plan Width": 0,
                        "Actual Startup Time": 25.208,
                        "Actual Total Time": 25.209,
                        "Actual Rows": 472545,
                        "Actual Loops": 1,
                        "Index Cond": "(keyword_id < 359)"
                      }
                    ]
                  },
                  {
                    "Node Type": "Hash",
                    "Parent Relationship": "Inner",
                    "Parallel Aware": true,
                    "Startup Cost": 58306.47,
                    "Total Cost": 58306.47,
                    "Plan Rows": 796041,
                    "Plan Width": 4,
                    "Actual Startup Time": 348.106,
                    "Actual Total Time": 348.106,
                    "Actual Rows": 716006,
                    "Actual Loops": 2,
                    "Hash Buckets": 2097152,
                    "Original Hash Buckets": 2097152,
                    "Hash Batches": 1,
                    "Original Hash Batches": 1,
                    "Peak Memory Usage": 72416,
                    "Plans": [
                      {
                        "Node Type": "Seq Scan",
                        "Parent Relationship": "Outer",
                        "Parallel Aware": true,
                        "Relation Name": "title",
                        "Alias": "t",
                        "Startup Cost": 0.0,
                        "Total Cost": 58306.47,
                        "Plan Rows": 796041,
                        "Plan Width": 4,
                        "Actual Startup Time": 0.043,
                        "Actual Total Time": 167.063,
                        "Actual Rows": 716006,
                        "Actual Loops": 2,
                        "Filter": "((production_year > 1959) AND (kind_id = 7))",
                        "Rows Removed by Filter": 548150
                      }
                    ]
                  }
                ]
              }
            ]
          }
        ]
      }
    ]
  },
  "Planning Time": 0.689,
  "Triggers": [],
  "Execution Time": 544.343
}