[
  {
    "Plan": {
      "Node Type": "Aggregate",
      "Strategy": "Plain",
      "Partial Mode": "Finalize",
      "Parallel Aware": false,
      "Startup Cost": 89526.48,
      "Total Cost": 89526.49,
      "Plan Rows": 1,
      "Plan Width": 8,
      "Actual Startup Time": 257.735,
      "Actual Total Time": 273.745,
      "Actual Rows": 1,
      "Actual Loops": 1,
      "Plans": [
        {
          "Node Type": "Gather",
          "Parent Relationship": "Outer",
          "Parallel Aware": false,
          "Startup Cost": 89526.17,
          "Total Cost": 89526.48,
          "Plan Rows": 3,
          "Plan Width": 8,
          "Actual Startup Time": 256.488,
          "Actual Total Time": 273.737,
          "Actual Rows": 4,
          "Actual Loops": 1,
          "Workers Planned": 3,
          "Workers Launched": 3,
          "Single Copy": false,
          "Plans": [
            {
              "Node Type": "Aggregate",
              "Strategy": "Plain",
              "Partial Mode": "Partial",
              "Parent Relationship": "Outer",
              "Parallel Aware": false,
              "Startup Cost": 88526.17,
              "Total Cost": 88526.18,
              "Plan Rows": 1,
              "Plan Width": 8,
              "Actual Startup Time": 249.421,
              "Actual Total Time": 249.424,
              "Actual Rows": 1,
              "Actual Loops": 4,
              "Plans": [
                {
                  "Node Type": "Hash Join",
                  "Parent Relationship": "Outer",
                  "Parallel Aware": true,
                  "Join Type": "Inner",
                  "Startup Cost": 45008.7,
                  "Total Cost": 88429.2,
                  "Plan Rows": 38786,
                  "Plan Width": 0,
                  "Actual Startup Time": 128.997,
                  "Actual Total Time": 247.277,
                  "Actual Rows": 47788,
                  "Actual Loops": 4,
                  "Inner Unique": true,
                  "Hash Cond": "(mk.movie_id = t.id)",
                  "Plans": [
                    {
                      "Node Type": "Seq Scan",
                      "Parent Relationship": "Outer",
                      "Parallel Aware": true,
                      "Relation Name": "movie_keyword",
                      "Alias": "mk",
                      "Startup Cost": 0.0,
                      "Total Cost": 42695.65,
                      "Plan Rows": 276131,
                      "Plan Width": 4,
                      "Actual Startup Time": 1.678,
                      "Actual Total Time": 89.668,
                      "Actual Rows": 212262,
                      "Actual Loops": 4,
                      "Filter": "(keyword_id > 21629)",
                      "Rows Removed by Filter": 918720
                    },
                    {
                      "Node Type": "Hash",
                      "Parent Relationship": "Inner",
                      "Parallel Aware": true,
                      "Startup Cost": 43898.92,
                      "Total Cost": 43898.92,
                      "Plan Rows": 88783,
                      "Plan Width": 4,
                      "Actual Startup Time": 124.346,
                      "Actual Total Time": 124.347,
                      "Actual Rows": 91608,
                      "Actual Loops": 4,
                      "Hash Buckets": 524288,
                      "Original Hash Buckets": 524288,
                      "Hash Batches": 1,
                      "Original Hash Batches": 1,
                      "Peak Memory Usage": 18496,
                      "Plans": [
                        {
                          "Node Type": "Seq Scan",
                          "Parent Relationship": "Outer",
                          "Parallel Aware": true,
                          "Relation Name": "title",
                          "Alias": "t",
                          "Startup Cost": 0.0,
                          "Total Cost": 43898.92,
                          "Plan Rows": 88783,
                          "Plan Width": 4,
                          "Actual Startup Time": 0.042,
                          "Actual Total Time": 94.976,
                          "Actual Rows": 91608,
                          "Actual Loops": 4,
                          "Filter": "(production_year < 1970)",
                          "Rows Removed by Filter": 540470
                        }
                      ]
                    }
                  ]
                }
              ]
            }
          ]
        }
      ]
    },
    "Planning Time": 0.554,
    "Triggers": [],
    "Execution Time": 273.806
  }
]