{
  "Plan": {
    "Node Type": "Aggregate",
    "Strategy": "Plain",
    "Partial Mode": "Finalize",
    "Parallel Aware": false,
    "Startup Cost": 208909.89,
    "Total Cost": 208909.9,
    "Plan Rows": 1,
    "Plan Width": 8,
    "Actual Startup Time": 1051.536,
    "Actual Total Time": 1079.354,
    "Actual Rows": 1,
    "Actual Loops": 1,
    "Plans": [
      {
        "Node Type": "Gather",
        "Parent Relationship": "Outer",
        "Parallel Aware": false,
        "Startup Cost": 208909.78,
        "Total Cost": 208909.89,
        "Plan Rows": 1,
        "Plan Width": 8,
        "Actual Startup Time": 1048.043,
        "Actual Total Time": 1079.348,
        "Actual Rows": 2,
        "Actual Loops": 1,
        "Workers Planned": 1,
        "Workers Launched": 1,
        "Single Copy": false,
        "Plans": [
          {
            "Node Type": "Aggregate",
            "Strategy": "Plain",
            "Partial Mode": "Partial",
            "Parent Relationship": "Outer",
            "Parallel Aware": false,
            "Startup Cost": 207909.78,
            "Total Cost": 207909.79,
            "Plan Rows": 1,
            "Plan Width": 8,
            "Actual Startup Time": 1039.576,
            "Actual Total Time": 1039.58,
            "Actual Rows": 1,
            "Actual Loops": 2,
            "Plans": [
              {
                "Node Type": "Nested Loop",
                "Parent Relationship": "Outer",
                "Parallel Aware": false,
                "Join Type": "Inner",
                "Startup Cost": 75220.67,
                "Total Cost": 207501.26,
                "Plan Rows": 163408,
                "Plan Width": 0,
                "Actual Startup Time": 431.359,
                "Actual Total Time": 1005.018,
                "Actual Rows": 667746,
                "Actual Loops": 2,
                "Inner Unique": false,
                "Plans": [
                  {
                    "Node Type": "Hash Join",
                    "Parent Relationship": "Outer",
                    "Parallel Aware": true,
                    "Join Type": "Inner",
                    "Startup Cost": 75220.24,
                    "Total Cost": 104209.71,
                    "Plan Rows": 158345,
                    "Plan Width": 8,
                    "Actual Startup Time": 431.276,
                    "Actual Total Time": 588.938,
                    "Actual Rows": 103406,
                    "Actual Loops": 2,
                    "Inner Unique": true,
                    "Hash Cond": "(mk.movie_id = t.id)",
                    "Plans": [
                      {
                        "Node Type": "Bitmap Heap Scan",
                        "Parent Relationship": "Outer",
                        "Parallel Aware": true,
                        "Relation Name": "movie_keyword",
                        "Alias": "mk",
                        "Startup Cost": 10815.17,
                        "Total Cost": 39017.49,
                        "Plan Rows": 299866,
                        "Plan Width": 4,
                        "Actual Startup Time": 26.685,
                        "Actual Total Time": 100.896,
                        "Actual Rows": 260439,
                        "Actual Loops": 2,
                        "Recheck Cond": "(keyword_id < 382)",
                        "Rows Removed by Index Recheck": 0,
                        "Exact Heap Blocks": 15889,
                        "Lossy Heap Blocks": 0,
                        "Plans": [
                          {
                            "Node Type": "Bitmap Index Scan",
                            "Parent Relationship": "Outer",
                            "Parallel Aware": false,
                            "Index Name": "keyword_id_movie_keyword",
                            "Startup Cost": 0.0,
                            "Total Cost": 10687.72,
                            "Plan Rows": 509772,
                            "Plan Width": 0,
                            "Actual Startup Time": 23.164,
                            "Actual Total Time": 23.165,
                            "Actual Rows": 520878,
                            "Actual Loops": 1,
                            "Index Cond": "(keyword_id < 382)"
                          }
                        ]
                      },
                      {
                        "Node Type": "Hash",
                        "Parent Relationship": "Inner",
                        "Parallel Aware": true,
                        "Startup Cost": 54588.39,
                        "Total Cost": 54588.39,
                        "Plan Rows": 785335,
                        "Plan Width": 4,
                        "Actual Startup Time": 390.01,
                        "Actual Total Time": 390.011,
                        "Actual Rows": 661432,
                        "Actual Loops": 2,
                        "Hash Buckets": 2097152,
                        "Original Hash Buckets": 2097152,
                        "Hash Batches": 1,
                        "Original Hash Batches": 1,
                        "Peak Memory Usage": 68192,
                        "Plans": [
                          {
                            "Node Type": "Seq Scan",
                            "Parent Relationship": "Outer",
                            "Parallel Aware": true,
                            "Relation Name": "title",
                            "Alias": "t",
                            "Startup Cost": 0.0,
                            "Total Cost": 54588.39,
                            "Plan Rows": 785335,
                            "Plan Width": 4,
                            "Actual Startup Time": 0.03,
                            "Actual Total Time": 192.759,
                            "Actual Rows": 661432,
                            "Actual Loops": 2,
                            "Filter": "(production_year > 2001)",
                            "Rows Removed by Filter": 602724
                          }
                        ]
                      }
                    ]
                  },
                  {
                    "Node Type": "Index Only Scan",
                    "Parent Relationship": "Inner",
                    "Parallel Aware": false,
                    "Scan Direction": "Forward",
                    "Index Name": "movie_id_movie_companies",
                    "Relation Name": "movie_companies",
                    "Alias": "mc",
                    "Startup Cost": 0.43,
                    "Total Cost": 0.6,
                    "Plan Rows": 5,
                    "Plan Width": 4,
                    "Actual Startup Time": 0.002,
                    "Actual Total Time": 0.003,
                    "Actual Rows": 6,
                    "Actual Loops": 206813,
                    "Index Cond": "(movie_id = t.id)",
                    "Rows Removed by Index Recheck": 0,
                    "Heap Fetches": 1335492
                  }
                ]
              }
            ]
          }
        ]
      }
    ]
  },
  "Planning Time": 1.094,
  "Triggers": [],
  "Execution Time": 1079.461
}