[
    {
        "Bao": {
            "Bao prediction": 442.864,
            "Bao recommended hint": "(no hint)"
        }
    },
    {
        "Plan": {
            "Node Type": "Aggregate",
            "Strategy": "Plain",
            "Partial Mode": "Finalize",
            "Parallel Aware": false,
            "Startup Cost": 30792.84,
            "Total Cost": 30792.85,
            "Plan Rows": 1,
            "Plan Width": 8,
            "Actual Startup Time": 104.008,
            "Actual Total Time": 109.504,
            "Actual Rows": 1,
            "Actual Loops": 1,
            "Output": [
                "count(*)"
            ],
            "Plans": [
                {
                    "Node Type": "Gather",
                    "Parent Relationship": "Outer",
                    "Parallel Aware": false,
                    "Startup Cost": 30792.52,
                    "Total Cost": 30792.83,
                    "Plan Rows": 3,
                    "Plan Width": 8,
                    "Actual Startup Time": 103.912,
                    "Actual Total Time": 109.496,
                    "Actual Rows": 4,
                    "Actual Loops": 1,
                    "Output": [
                        "(PARTIAL count(*))"
                    ],
                    "Workers Planned": 3,
                    "Workers Launched": 3,
                    "Single Copy": false,
                    "Plans": [
                        {
                            "Node Type": "Aggregate",
                            "Strategy": "Plain",
                            "Partial Mode": "Partial",
                            "Parent Relationship": "Outer",
                            "Parallel Aware": false,
                            "Startup Cost": 29792.52,
                            "Total Cost": 29792.53,
                            "Plan Rows": 1,
                            "Plan Width": 8,
                            "Actual Startup Time": 95.988,
                            "Actual Total Time": 95.989,
                            "Actual Rows": 1,
                            "Actual Loops": 4,
                            "Output": [
                                "PARTIAL count(*)"
                            ],
                            "Workers": [
                                {
                                    "Worker Number": 0,
                                    "Actual Startup Time": 93.406,
                                    "Actual Total Time": 93.407,
                                    "Actual Rows": 1,
                                    "Actual Loops": 1
                                },
                                {
                                    "Worker Number": 1,
                                    "Actual Startup Time": 93.614,
                                    "Actual Total Time": 93.615,
                                    "Actual Rows": 1,
                                    "Actual Loops": 1
                                },
                                {
                                    "Worker Number": 2,
                                    "Actual Startup Time": 93.62,
                                    "Actual Total Time": 93.621,
                                    "Actual Rows": 1,
                                    "Actual Loops": 1
                                }
                            ],
                            "Plans": [
                                {
                                    "Node Type": "Seq Scan",
                                    "Parent Relationship": "Outer",
                                    "Parallel Aware": true,
                                    "Relation Name": "movie_companies",
                                    "Schema": "public",
                                    "Alias": "mc",
                                    "Startup Cost": 0.0,
                                    "Total Cost": 29310.68,
                                    "Plan Rows": 192735,
                                    "Plan Width": 0,
                                    "Actual Startup Time": 46.904,
                                    "Actual Total Time": 87.143,
                                    "Actual Rows": 149566,
                                    "Actual Loops": 4,
                                    "Output": [
                                        "id",
                                        "movie_id",
                                        "company_id",
                                        "company_type_id",
                                        "note"
                                    ],
                                    "Filter": "(mc.company_id > 68313)",
                                    "Rows Removed by Filter": 502717,
                                    "Workers": [
                                        {
                                            "Worker Number": 0,
                                            "Actual Startup Time": 44.321,
                                            "Actual Total Time": 84.906,
                                            "Actual Rows": 123113,
                                            "Actual Loops": 1
                                        },
                                        {
                                            "Worker Number": 1,
                                            "Actual Startup Time": 44.531,
                                            "Actual Total Time": 85.045,
                                            "Actual Rows": 123807,
                                            "Actual Loops": 1
                                        },
                                        {
                                            "Worker Number": 2,
                                            "Actual Startup Time": 44.535,
                                            "Actual Total Time": 85.242,
                                            "Actual Rows": 197470,
                                            "Actual Loops": 1
                                        }
                                    ]
                                }
                            ]
                        }
                    ]
                }
            ]
        },
        "Planning Time": 794.716,
        "Triggers": [],
        "Execution Time": 109.591
    }
]