[
  {
    "Plan": {
      "Node Type": "Aggregate",
      "Strategy": "Plain",
      "Partial Mode": "Finalize",
      "Parallel Aware": false,
      "Startup Cost": 76535.1,
      "Total Cost": 76535.11,
      "Plan Rows": 1,
      "Plan Width": 8,
      "Actual Startup Time": 341.343,
      "Actual Total Time": 358.887,
      "Actual Rows": 1,
      "Actual Loops": 1,
      "Plans": [
        {
          "Node Type": "Gather",
          "Parent Relationship": "Outer",
          "Parallel Aware": false,
          "Startup Cost": 76534.78,
          "Total Cost": 76535.09,
          "Plan Rows": 3,
          "Plan Width": 8,
          "Actual Startup Time": 339.848,
          "Actual Total Time": 358.879,
          "Actual Rows": 4,
          "Actual Loops": 1,
          "Workers Planned": 3,
          "Workers Launched": 3,
          "Single Copy": false,
          "Plans": [
            {
              "Node Type": "Aggregate",
              "Strategy": "Plain",
              "Partial Mode": "Partial",
              "Parent Relationship": "Outer",
              "Parallel Aware": false,
              "Startup Cost": 75534.78,
              "Total Cost": 75534.79,
              "Plan Rows": 1,
              "Plan Width": 8,
              "Actual Startup Time": 335.463,
              "Actual Total Time": 335.466,
              "Actual Rows": 1,
              "Actual Loops": 4,
              "Plans": [
                {
                  "Node Type": "Hash Join",
                  "Parent Relationship": "Outer",
                  "Parallel Aware": true,
                  "Join Type": "Inner",
                  "Startup Cost": 45984.34,
                  "Total Cost": 75400.23,
                  "Plan Rows": 53821,
                  "Plan Width": 0,
                  "Actual Startup Time": 135.02,
                  "Actual Total Time": 327.04,
                  "Actual Rows": 140106,
                  "Actual Loops": 4,
                  "Inner Unique": true,
                  "Hash Cond": "(mc.movie_id = t.id)",
                  "Plans": [
                    {
                      "Node Type": "Seq Scan",
                      "Parent Relationship": "Outer",
                      "Parallel Aware": true,
                      "Relation Name": "movie_companies",
                      "Alias": "mc",
                      "Startup Cost": 0.0,
                      "Total Cost": 27206.55,
                      "Plan Rows": 841655,
                      "Plan Width": 4,
                      "Actual Startup Time": 0.018,
                      "Actual Total Time": 73.038,
                      "Actual Rows": 652282,
                      "Actual Loops": 4
                    },
                    {
                      "Node Type": "Hash",
                      "Parent Relationship": "Inner",
                      "Parallel Aware": true,
                      "Startup Cost": 45479.1,
                      "Total Cost": 45479.1,
                      "Plan Rows": 40419,
                      "Plan Width": 4,
                      "Actual Startup Time": 133.263,
                      "Actual Total Time": 133.264,
                      "Actual Rows": 67479,
                      "Actual Loops": 4,
                      "Hash Buckets": 524288,
                      "Original Hash Buckets": 262144,
                      "Hash Batches": 1,
                      "Original Hash Batches": 1,
                      "Peak Memory Usage": 16800,
                      "Plans": [
                        {
                          "Node Type": "Seq Scan",
                          "Parent Relationship": "Outer",
                          "Parallel Aware": true,
                          "Relation Name": "title",
                          "Alias": "t",
                          "Startup Cost": 0.0,
                          "Total Cost": 45479.1,
                          "Plan Rows": 40419,
                          "Plan Width": 4,
                          "Actual Startup Time": 0.085,
                          "Actual Total Time": 104.164,
                          "Actual Rows": 67479,
                          "Actual Loops": 4,
                          "Filter": "((kind_id < 7) AND (production_year < 1974))",
                          "Rows Removed by Filter": 564599
                        }
                      ]
                    }
                  ]
                }
              ]
            }
          ]
        }
      ]
    },
    "Planning Time": 0.475,
    "Triggers": [],
    "Execution Time": 358.945
  }
]