[
  {
    "Plan": {
      "Node Type": "Aggregate",
      "Strategy": "Plain",
      "Partial Mode": "Finalize",
      "Parallel Aware": false,
      "Startup Cost": 129938.39,
      "Total Cost": 129938.4,
      "Plan Rows": 1,
      "Plan Width": 8,
      "Actual Startup Time": 1208.325,
      "Actual Total Time": 1227.655,
      "Actual Rows": 1,
      "Actual Loops": 1,
      "Plans": [
        {
          "Node Type": "Gather",
          "Parent Relationship": "Outer",
          "Parallel Aware": false,
          "Startup Cost": 129938.08,
          "Total Cost": 129938.39,
          "Plan Rows": 3,
          "Plan Width": 8,
          "Actual Startup Time": 1198.212,
          "Actual Total Time": 1227.644,
          "Actual Rows": 4,
          "Actual Loops": 1,
          "Workers Planned": 3,
          "Workers Launched": 3,
          "Single Copy": false,
          "Plans": [
            {
              "Node Type": "Aggregate",
              "Strategy": "Plain",
              "Partial Mode": "Partial",
              "Parent Relationship": "Outer",
              "Parallel Aware": false,
              "Startup Cost": 128938.08,
              "Total Cost": 128938.09,
              "Plan Rows": 1,
              "Plan Width": 8,
              "Actual Startup Time": 1189.913,
              "Actual Total Time": 1190.132,
              "Actual Rows": 1,
              "Actual Loops": 4,
              "Plans": [
                {
                  "Node Type": "Hash Join",
                  "Parent Relationship": "Outer",
                  "Parallel Aware": true,
                  "Join Type": "Inner",
                  "Startup Cost": 79767.1,
                  "Total Cost": 128106.53,
                  "Plan Rows": 332617,
                  "Plan Width": 0,
                  "Actual Startup Time": 460.564,
                  "Actual Total Time": 995.91,
                  "Actual Rows": 4461145,
                  "Actual Loops": 4,
                  "Inner Unique": false,
                  "Hash Cond": "(mk.movie_id = t.id)",
                  "Plans": [
                    {
                      "Node Type": "Seq Scan",
                      "Parent Relationship": "Outer",
                      "Parallel Aware": true,
                      "Relation Name": "movie_keyword",
                      "Alias": "mk",
                      "Startup Cost": 0.0,
                      "Total Cost": 42695.65,
                      "Plan Rows": 1218885,
                      "Plan Width": 4,
                      "Actual Startup Time": 0.115,
                      "Actual Total Time": 115.094,
                      "Actual Rows": 943938,
                      "Actual Loops": 4,
                      "Filter": "(keyword_id > 679)",
                      "Rows Removed by Filter": 187044
                    },
                    {
                      "Node Type": "Hash",
                      "Parent Relationship": "Inner",
                      "Parallel Aware": true,
                      "Startup Cost": 76984.95,
                      "Total Cost": 76984.95,
                      "Plan Rows": 222572,
                      "Plan Width": 8,
                      "Actual Startup Time": 455.293,
                      "Actual Total Time": 455.511,
                      "Actual Rows": 260512,
                      "Actual Loops": 4,
                      "Hash Buckets": 1048576,
                      "Original Hash Buckets": 1048576,
                      "Hash Batches": 1,
                      "Original Hash Batches": 1,
                      "Peak Memory Usage": 49056,
                      "Plans": [
                        {
                          "Node Type": "Hash Join",
                          "Parent Relationship": "Outer",
                          "Parallel Aware": true,
                          "Join Type": "Inner",
                          "Startup Cost": 47569.06,
                          "Total Cost": 76984.95,
                          "Plan Rows": 222572,
                          "Plan Width": 8,
                          "Actual Startup Time": 167.376,
                          "Actual Total Time": 374.236,
                          "Actual Rows": 260512,
                          "Actual Loops": 4,
                          "Inner Unique": true,
                          "Hash Cond": "(mc.movie_id = t.id)",
                          "Plans": [
                            {
                              "Node Type": "Seq Scan",
                              "Parent Relationship": "Outer",
                              "Parallel Aware": true,
                              "Relation Name": "movie_companies",
                              "Alias": "mc",
                              "Startup Cost": 0.0,
                              "Total Cost": 27206.55,
                              "Plan Rows": 841655,
                              "Plan Width": 4,
                              "Actual Startup Time": 0.015,
                              "Actual Total Time": 62.219,
                              "Actual Rows": 652282,
                              "Actual Loops": 4
                            },
                            {
                              "Node Type": "Hash",
                              "Parent Relationship": "Inner",
                              "Parallel Aware": true,
                              "Startup Cost": 45479.59,
                              "Total Cost": 45479.59,
                              "Plan Rows": 167158,
                              "Plan Width": 4,
                              "Actual Startup Time": 164.496,
                              "Actual Total Time": 164.497,
                              "Actual Rows": 141522,
                              "Actual Loops": 4,
                              "Hash Buckets": 1048576,
                              "Original Hash Buckets": 1048576,
                              "Hash Batches": 1,
                              "Original Hash Batches": 1,
                              "Peak Memory Usage": 30400,
                              "Plans": [
                                {
                                  "Node Type": "Seq Scan",
                                  "Parent Relationship": "Outer",
                                  "Parallel Aware": true,
                                  "Relation Name": "title",
                                  "Alias": "t",
                                  "Startup Cost": 0.0,
                                  "Total Cost": 45479.59,
                                  "Plan Rows": 167158,
                                  "Plan Width": 4,
                                  "Actual Startup Time": 0.072,
                                  "Actual Total Time": 105.799,
                                  "Actual Rows": 141522,
                                  "Actual Loops": 4,
                                  "Filter": "((kind_id < 7) AND (production_year > 1992))",
                                  "Rows Removed by Filter": 490556
                                }
                              ]
                            }
                          ]
                        }
                      ]
                    }
                  ]
                }
              ]
            }
          ]
        }
      ]
    },
    "Planning Time": 1.468,
    "Triggers": [],
    "Execution Time": 1227.747
  }
]