[
  {
    "Plan": {
      "Node Type": "Aggregate",
      "Strategy": "Plain",
      "Partial Mode": "Finalize",
      "Parallel Aware": false,
      "Startup Cost": 30775.94,
      "Total Cost": 30775.95,
      "Plan Rows": 1,
      "Plan Width": 8,
      "Actual Startup Time": 104.366,
      "Actual Total Time": 114.988,
      "Actual Rows": 1,
      "Actual Loops": 1,
      "Plans": [
        {
          "Node Type": "Gather",
          "Parent Relationship": "Outer",
          "Parallel Aware": false,
          "Startup Cost": 30775.62,
          "Total Cost": 30775.93,
          "Plan Rows": 3,
          "Plan Width": 8,
          "Actual Startup Time": 104.205,
          "Actual Total Time": 114.976,
          "Actual Rows": 4,
          "Actual Loops": 1,
          "Workers Planned": 3,
          "Workers Launched": 3,
          "Single Copy": false,
          "Plans": [
            {
              "Node Type": "Aggregate",
              "Strategy": "Plain",
              "Partial Mode": "Partial",
              "Parent Relationship": "Outer",
              "Parallel Aware": false,
              "Startup Cost": 29775.62,
              "Total Cost": 29775.63,
              "Plan Rows": 1,
              "Plan Width": 8,
              "Actual Startup Time": 98.221,
              "Actual Total Time": 98.222,
              "Actual Rows": 1,
              "Actual Loops": 4,
              "Plans": [
                {
                  "Node Type": "Seq Scan",
                  "Parent Relationship": "Outer",
                  "Parallel Aware": true,
                  "Relation Name": "movie_companies",
                  "Alias": "mc",
                  "Startup Cost": 0.0,
                  "Total Cost": 29310.68,
                  "Plan Rows": 185977,
                  "Plan Width": 0,
                  "Actual Startup Time": 0.043,
                  "Actual Total Time": 87.552,
                  "Actual Rows": 142636,
                  "Actual Loops": 4,
                  "Filter": "(company_id < 598)",
                  "Rows Removed by Filter": 509646
                }
              ]
            }
          ]
        }
      ]
    },
    "Planning Time": 0.212,
    "Triggers": [],
    "Execution Time": 115.052
  }
]