[
  {
    "Plan": {
      "Node Type": "Aggregate",
      "Strategy": "Plain",
      "Partial Mode": "Finalize",
      "Parallel Aware": false,
      "Startup Cost": 76896.9,
      "Total Cost": 76896.91,
      "Plan Rows": 1,
      "Plan Width": 8,
      "Actual Startup Time": 198.449,
      "Actual Total Time": 222.123,
      "Actual Rows": 1,
      "Actual Loops": 1,
      "Plans": [
        {
          "Node Type": "Gather",
          "Parent Relationship": "Outer",
          "Parallel Aware": false,
          "Startup Cost": 76896.58,
          "Total Cost": 76896.89,
          "Plan Rows": 3,
          "Plan Width": 8,
          "Actual Startup Time": 197.808,
          "Actual Total Time": 222.114,
          "Actual Rows": 4,
          "Actual Loops": 1,
          "Workers Planned": 3,
          "Workers Launched": 3,
          "Single Copy": false,
          "Plans": [
            {
              "Node Type": "Aggregate",
              "Strategy": "Plain",
              "Partial Mode": "Partial",
              "Parent Relationship": "Outer",
              "Parallel Aware": false,
              "Startup Cost": 75896.58,
              "Total Cost": 75896.59,
              "Plan Rows": 1,
              "Plan Width": 8,
              "Actual Startup Time": 192.014,
              "Actual Total Time": 192.018,
              "Actual Rows": 1,
              "Actual Loops": 4,
              "Plans": [
                {
                  "Node Type": "Nested Loop",
                  "Parent Relationship": "Outer",
                  "Parallel Aware": false,
                  "Join Type": "Inner",
                  "Startup Cost": 51065.74,
                  "Total Cost": 75896.31,
                  "Plan Rows": 109,
                  "Plan Width": 0,
                  "Actual Startup Time": 158.818,
                  "Actual Total Time": 191.996,
                  "Actual Rows": 32,
                  "Actual Loops": 4,
                  "Inner Unique": false,
                  "Join Filter": "(t.id = ci.movie_id)",
                  "Rows Removed by Join Filter": 0,
                  "Plans": [
                    {
                      "Node Type": "Hash Join",
                      "Parent Relationship": "Outer",
                      "Parallel Aware": true,
                      "Join Type": "Inner",
                      "Startup Cost": 51065.17,
                      "Total Cost": 71203.03,
                      "Plan Rows": 399,
                      "Plan Width": 8,
                      "Actual Startup Time": 154.889,
                      "Actual Total Time": 167.069,
                      "Actual Rows": 197,
                      "Actual Loops": 4,
                      "Inner Unique": true,
                      "Hash Cond": "(mc.movie_id = t.id)",
                      "Plans": [
                        {
                          "Node Type": "Bitmap Heap Scan",
                          "Parent Relationship": "Outer",
                          "Parallel Aware": true,
                          "Relation Name": "movie_companies",
                          "Alias": "mc",
                          "Startup Cost": 5510.77,
                          "Total Cost": 25537.98,
                          "Plan Rows": 42153,
                          "Plan Width": 4,
                          "Actual Startup Time": 46.714,
                          "Actual Total Time": 55.912,
                          "Actual Rows": 14862,
                          "Actual Loops": 4,
                          "Recheck Cond": "(company_id < 120)",
                          "Rows Removed by Index Recheck": 0,
                          "Filter": "(company_type_id = 2)",
                          "Rows Removed by Filter": 47970,
                          "Exact Heap Blocks": 7729,
                          "Lossy Heap Blocks": 0,
                          "Plans": [
                            {
                              "Node Type": "Bitmap Index Scan",
                              "Parent Relationship": "Outer",
                              "Parallel Aware": false,
                              "Index Name": "company_id_movie_companies",
                              "Startup Cost": 0.0,
                              "Total Cost": 5478.11,
                              "Plan Rows": 255690,
                              "Plan Width": 0,
                              "Actual Startup Time": 16.099,
                              "Actual Total Time": 16.1,
                              "Actual Rows": 251328,
                              "Actual Loops": 1,
                              "Index Cond": "(company_id < 120)"
                            }
                          ]
                        },
                        {
                          "Node Type": "Hash",
                          "Parent Relationship": "Inner",
                          "Parallel Aware": true,
                          "Startup Cost": 45479.59,
                          "Total Cost": 45479.59,
                          "Plan Rows": 5985,
                          "Plan Width": 4,
                          "Actual Startup Time": 107.54,
                          "Actual Total Time": 107.541,
                          "Actual Rows": 4723,
                          "Actual Loops": 4,
                          "Hash Buckets": 32768,
                          "Original Hash Buckets": 32768,
                          "Hash Batches": 1,
                          "Original Hash Batches": 1,
                          "Peak Memory Usage": 1056,
                          "Plans": [
                            {
                              "Node Type": "Seq Scan",
                              "Parent Relationship": "Outer",
                              "Parallel Aware": true,
                              "Relation Name": "title",
                              "Alias": "t",
                              "Startup Cost": 0.0,
                              "Total Cost": 45479.59,
                              "Plan Rows": 5985,
                              "Plan Width": 4,
                              "Actual Startup Time": 0.239,
                              "Actual Total Time": 104.865,
                              "Actual Rows": 4723,
                              "Actual Loops": 4,
                              "Filter": "((kind_id < 7) AND (production_year = 2001))",
                              "Rows Removed by Filter": 627355
                            }
                          ]
                        }
                      ]
                    },
                    {
                      "Node Type": "Index Scan",
                      "Parent Relationship": "Inner",
                      "Parallel Aware": false,
                      "Scan Direction": "Forward",
                      "Index Name": "movie_id_cast_info",
                      "Relation Name": "cast_info",
                      "Alias": "ci",
                      "Startup Cost": 0.56,
                      "Total Cost": 11.75,
                      "Plan Rows": 1,
                      "Plan Width": 4,
                      "Actual Startup Time": 0.116,
                      "Actual Total Time": 0.126,
                      "Actual Rows": 0,
                      "Actual Loops": 787,
                      "Index Cond": "(movie_id = mc.movie_id)",
                      "Rows Removed by Index Recheck": 0,
                      "Filter": "((person_id < 112528) AND (role_id > 1))",
                      "Rows Removed by Filter": 22
                    }
                  ]
                }
              ]
            }
          ]
        }
      ]
    },
    "Planning Time": 0.683,
    "Triggers": [],
    "Execution Time": 222.191
  }
]