[
  {
    "Plan": {
      "Node Type": "Aggregate",
      "Strategy": "Plain",
      "Partial Mode": "Finalize",
      "Parallel Aware": false,
      "Startup Cost": 46556.81,
      "Total Cost": 46556.82,
      "Plan Rows": 1,
      "Plan Width": 8,
      "Actual Startup Time": 95.516,
      "Actual Total Time": 105.225,
      "Actual Rows": 1,
      "Actual Loops": 1,
      "Plans": [
        {
          "Node Type": "Gather",
          "Parent Relationship": "Outer",
          "Parallel Aware": false,
          "Startup Cost": 46556.39,
          "Total Cost": 46556.8,
          "Plan Rows": 4,
          "Plan Width": 8,
          "Actual Startup Time": 95.363,
          "Actual Total Time": 105.215,
          "Actual Rows": 5,
          "Actual Loops": 1,
          "Workers Planned": 4,
          "Workers Launched": 4,
          "Single Copy": false,
          "Plans": [
            {
              "Node Type": "Aggregate",
              "Strategy": "Plain",
              "Partial Mode": "Partial",
              "Parent Relationship": "Outer",
              "Parallel Aware": false,
              "Startup Cost": 45556.39,
              "Total Cost": 45556.4,
              "Plan Rows": 1,
              "Plan Width": 8,
              "Actual Startup Time": 87.891,
              "Actual Total Time": 87.892,
              "Actual Rows": 1,
              "Actual Loops": 5,
              "Plans": [
                {
                  "Node Type": "Seq Scan",
                  "Parent Relationship": "Outer",
                  "Parallel Aware": true,
                  "Relation Name": "title",
                  "Alias": "t",
                  "Startup Cost": 0.0,
                  "Total Cost": 45479.1,
                  "Plan Rows": 30916,
                  "Plan Width": 0,
                  "Actual Startup Time": 54.788,
                  "Actual Total Time": 85.473,
                  "Actual Rows": 52215,
                  "Actual Loops": 5,
                  "Filter": "((production_year < 1978) AND (kind_id = 1))",
                  "Rows Removed by Filter": 453448
                }
              ]
            }
          ]
        }
      ]
    },
    "Planning Time": 0.198,
    "Triggers": [],
    "Execution Time": 105.291
  }
]