[
  {
    "Plan": {
      "Node Type": "Aggregate",
      "Strategy": "Plain",
      "Partial Mode": "Finalize",
      "Parallel Aware": false,
      "Startup Cost": 62113.14,
      "Total Cost": 62113.15,
      "Plan Rows": 1,
      "Plan Width": 8,
      "Actual Startup Time": 212.071,
      "Actual Total Time": 224.826,
      "Actual Rows": 1,
      "Actual Loops": 1,
      "Plans": [
        {
          "Node Type": "Gather",
          "Parent Relationship": "Outer",
          "Parallel Aware": false,
          "Startup Cost": 62112.93,
          "Total Cost": 62113.14,
          "Plan Rows": 2,
          "Plan Width": 8,
          "Actual Startup Time": 211.66,
          "Actual Total Time": 224.821,
          "Actual Rows": 3,
          "Actual Loops": 1,
          "Workers Planned": 2,
          "Workers Launched": 2,
          "Single Copy": false,
          "Plans": [
            {
              "Node Type": "Aggregate",
              "Strategy": "Plain",
              "Partial Mode": "Partial",
              "Parent Relationship": "Outer",
              "Parallel Aware": false,
              "Startup Cost": 61112.93,
              "Total Cost": 61112.94,
              "Plan Rows": 1,
              "Plan Width": 8,
              "Actual Startup Time": 207.004,
              "Actual Total Time": 207.007,
              "Actual Rows": 1,
              "Actual Loops": 3,
              "Plans": [
                {
                  "Node Type": "Hash Join",
                  "Parent Relationship": "Outer",
                  "Parallel Aware": true,
                  "Join Type": "Inner",
                  "Startup Cost": 45850.75,
                  "Total Cost": 61045.31,
                  "Plan Rows": 27048,
                  "Plan Width": 0,
                  "Actual Startup Time": 123.836,
                  "Actual Total Time": 206.441,
                  "Actual Rows": 12108,
                  "Actual Loops": 3,
                  "Inner Unique": true,
                  "Hash Cond": "(mi_idx.movie_id = t.id)",
                  "Plans": [
                    {
                      "Node Type": "Seq Scan",
                      "Parent Relationship": "Outer",
                      "Parallel Aware": true,
                      "Relation Name": "movie_info_idx",
                      "Alias": "mi_idx",
                      "Startup Cost": 0.0,
                      "Total Cost": 13685.15,
                      "Plan Rows": 575015,
                      "Plan Width": 4,
                      "Actual Startup Time": 0.021,
                      "Actual Total Time": 35.509,
                      "Actual Rows": 460012,
                      "Actual Loops": 3
                    },
                    {
                      "Node Type": "Hash",
                      "Parent Relationship": "Inner",
                      "Parallel Aware": true,
                      "Startup Cost": 45479.1,
                      "Total Cost": 45479.1,
                      "Plan Rows": 29732,
                      "Plan Width": 4,
                      "Actual Startup Time": 122.621,
                      "Actual Total Time": 122.622,
                      "Actual Rows": 40869,
                      "Actual Loops": 3,
                      "Hash Buckets": 131072,
                      "Original Hash Buckets": 131072,
                      "Hash Batches": 1,
                      "Original Hash Batches": 1,
                      "Peak Memory Usage": 5856,
                      "Plans": [
                        {
                          "Node Type": "Seq Scan",
                          "Parent Relationship": "Outer",
                          "Parallel Aware": true,
                          "Relation Name": "title",
                          "Alias": "t",
                          "Startup Cost": 0.0,
                          "Total Cost": 45479.1,
                          "Plan Rows": 29732,
                          "Plan Width": 4,
                          "Actual Startup Time": 0.034,
                          "Actual Total Time": 108.973,
                          "Actual Rows": 40869,
                          "Actual Loops": 3,
                          "Filter": "((kind_id > 1) AND (production_year = 2011))",
                          "Rows Removed by Filter": 801902
                        }
                      ]
                    }
                  ]
                }
              ]
            }
          ]
        }
      ]
    },
    "Planning Time": 0.325,
    "Triggers": [],
    "Execution Time": 224.871
  }
]