[
  {
    "Plan": {
      "Node Type": "Aggregate",
      "Strategy": "Plain",
      "Partial Mode": "Finalize",
      "Parallel Aware": false,
      "Startup Cost": 32059.47,
      "Total Cost": 32059.48,
      "Plan Rows": 1,
      "Plan Width": 8,
      "Actual Startup Time": 126.397,
      "Actual Total Time": 134.326,
      "Actual Rows": 1,
      "Actual Loops": 1,
      "Plans": [
        {
          "Node Type": "Gather",
          "Parent Relationship": "Outer",
          "Parallel Aware": false,
          "Startup Cost": 32059.15,
          "Total Cost": 32059.46,
          "Plan Rows": 3,
          "Plan Width": 8,
          "Actual Startup Time": 126.272,
          "Actual Total Time": 134.317,
          "Actual Rows": 4,
          "Actual Loops": 1,
          "Workers Planned": 3,
          "Workers Launched": 3,
          "Single Copy": false,
          "Plans": [
            {
              "Node Type": "Aggregate",
              "Strategy": "Plain",
              "Partial Mode": "Partial",
              "Parent Relationship": "Outer",
              "Parallel Aware": false,
              "Startup Cost": 31059.15,
              "Total Cost": 31059.16,
              "Plan Rows": 1,
              "Plan Width": 8,
              "Actual Startup Time": 117.785,
              "Actual Total Time": 117.786,
              "Actual Rows": 1,
              "Actual Loops": 4,
              "Plans": [
                {
                  "Node Type": "Seq Scan",
                  "Parent Relationship": "Outer",
                  "Parallel Aware": true,
                  "Relation Name": "movie_companies",
                  "Alias": "mc",
                  "Startup Cost": 0.0,
                  "Total Cost": 29310.68,
                  "Plan Rows": 699389,
                  "Plan Width": 0,
                  "Actual Startup Time": 0.045,
                  "Actual Total Time": 89.109,
                  "Actual Rows": 539894,
                  "Actual Loops": 4,
                  "Filter": "(company_id < 77349)",
                  "Rows Removed by Filter": 112389
                }
              ]
            }
          ]
        }
      ]
    },
    "Planning Time": 0.161,
    "Triggers": [],
    "Execution Time": 134.376
  }
]