{
  "Plan": {
    "Node Type": "Aggregate",
    "Strategy": "Plain",
    "Partial Mode": "Finalize",
    "Parallel Aware": false,
    "Startup Cost": 73719.4,
    "Total Cost": 73719.41,
    "Plan Rows": 1,
    "Plan Width": 8,
    "Actual Startup Time": 247.535,
    "Actual Total Time": 254.16,
    "Actual Rows": 1,
    "Actual Loops": 1,
    "Plans": [
      {
        "Node Type": "Gather",
        "Parent Relationship": "Outer",
        "Parallel Aware": false,
        "Startup Cost": 73719.29,
        "Total Cost": 73719.4,
        "Plan Rows": 1,
        "Plan Width": 8,
        "Actual Startup Time": 246.932,
        "Actual Total Time": 254.149,
        "Actual Rows": 2,
        "Actual Loops": 1,
        "Workers Planned": 1,
        "Workers Launched": 1,
        "Single Copy": false,
        "Plans": [
          {
            "Node Type": "Aggregate",
            "Strategy": "Plain",
            "Partial Mode": "Partial",
            "Parent Relationship": "Outer",
            "Parallel Aware": false,
            "Startup Cost": 72719.29,
            "Total Cost": 72719.3,
            "Plan Rows": 1,
            "Plan Width": 8,
            "Actual Startup Time": 240.79,
            "Actual Total Time": 240.796,
            "Actual Rows": 1,
            "Actual Loops": 2,
            "Plans": [
              {
                "Node Type": "Hash Join",
                "Parent Relationship": "Outer",
                "Parallel Aware": true,
                "Join Type": "Inner",
                "Startup Cost": 54453.15,
                "Total Cost": 72636.93,
                "Plan Rows": 32942,
                "Plan Width": 0,
                "Actual Startup Time": 168.625,
                "Actual Total Time": 239.666,
                "Actual Rows": 26295,
                "Actual Loops": 2,
                "Inner Unique": true,
                "Hash Cond": "(mi_idx.movie_id = t.id)",
                "Plans": [
                  {
                    "Node Type": "Seq Scan",
                    "Parent Relationship": "Outer",
                    "Parallel Aware": true,
                    "Relation Name": "movie_info_idx",
                    "Alias": "mi_idx",
                    "Startup Cost": 0.0,
                    "Total Cost": 16052.85,
                    "Plan Rows": 811785,
                    "Plan Width": 4,
                    "Actual Startup Time": 0.02,
                    "Actual Total Time": 52.094,
                    "Actual Rows": 690018,
                    "Actual Loops": 2
                  },
                  {
                    "Node Type": "Hash",
                    "Parent Relationship": "Inner",
                    "Parallel Aware": true,
                    "Startup Cost": 53698.76,
                    "Total Cost": 53698.76,
                    "Plan Rows": 60351,
                    "Plan Width": 4,
                    "Actual Startup Time": 118.399,
                    "Actual Total Time": 118.401,
                    "Actual Rows": 49496,
                    "Actual Loops": 2,
                    "Hash Buckets": 131072,
                    "Original Hash Buckets": 131072,
                    "Hash Batches": 1,
                    "Original Hash Batches": 1,
                    "Peak Memory Usage": 4928,
                    "Plans": [
                      {
                        "Node Type": "Bitmap Heap Scan",
                        "Parent Relationship": "Outer",
                        "Parallel Aware": true,
                        "Relation Name": "title",
                        "Alias": "t",
                        "Startup Cost": 11848.5,
                        "Total Cost": 53698.76,
                        "Plan Rows": 60351,
                        "Plan Width": 4,
                        "Actual Startup Time": 37.62,
                        "Actual Total Time": 103.408,
                        "Actual Rows": 49496,
                        "Actual Loops": 2,
                        "Recheck Cond": "(kind_id = 1)",
                        "Rows Removed by Index Recheck": 0,
                        "Filter": "(production_year > 2010)",
                        "Rows Removed by Filter": 281916,
                        "Exact Heap Blocks": 8793,
                        "Lossy Heap Blocks": 0,
                        "Plans": [
                          {
                            "Node Type": "Bitmap Index Scan",
                            "Parent Relationship": "Outer",
                            "Parallel Aware": false,
                            "Index Name": "kind_id_title",
                            "Startup Cost": 0.0,
                            "Total Cost": 11822.85,
                            "Plan Rows": 663256,
                            "Plan Width": 0,
                            "Actual Startup Time": 39.197,
                            "Actual Total Time": 39.198,
                            "Actual Rows": 662825,
                            "Actual Loops": 1,
                            "Index Cond": "(kind_id = 1)"
                          }
                        ]
                      }
                    ]
                  }
                ]
              }
            ]
          }
        ]
      }
    ]
  },
  "Planning Time": 0.45,
  "Triggers": [],
  "Execution Time": 254.269
}