[
  {
    "Plan": {
      "Node Type": "Aggregate",
      "Strategy": "Plain",
      "Partial Mode": "Finalize",
      "Parallel Aware": false,
      "Startup Cost": 46572.65,
      "Total Cost": 46572.66,
      "Plan Rows": 1,
      "Plan Width": 8,
      "Actual Startup Time": 86.376,
      "Actual Total Time": 99.021,
      "Actual Rows": 1,
      "Actual Loops": 1,
      "Plans": [
        {
          "Node Type": "Gather",
          "Parent Relationship": "Outer",
          "Parallel Aware": false,
          "Startup Cost": 46572.23,
          "Total Cost": 46572.64,
          "Plan Rows": 4,
          "Plan Width": 8,
          "Actual Startup Time": 86.066,
          "Actual Total Time": 99.007,
          "Actual Rows": 5,
          "Actual Loops": 1,
          "Workers Planned": 4,
          "Workers Launched": 4,
          "Single Copy": false,
          "Plans": [
            {
              "Node Type": "Aggregate",
              "Strategy": "Plain",
              "Partial Mode": "Partial",
              "Parent Relationship": "Outer",
              "Parallel Aware": false,
              "Startup Cost": 45572.23,
              "Total Cost": 45572.24,
              "Plan Rows": 1,
              "Plan Width": 8,
              "Actual Startup Time": 81.837,
              "Actual Total Time": 81.839,
              "Actual Rows": 1,
              "Actual Loops": 5,
              "Plans": [
                {
                  "Node Type": "Seq Scan",
                  "Parent Relationship": "Outer",
                  "Parallel Aware": true,
                  "Relation Name": "title",
                  "Alias": "t",
                  "Startup Cost": 0.0,
                  "Total Cost": 45479.59,
                  "Plan Rows": 37056,
                  "Plan Width": 0,
                  "Actual Startup Time": 0.026,
                  "Actual Total Time": 81.284,
                  "Actual Rows": 6299,
                  "Actual Loops": 5,
                  "Filter": "((kind_id > 1) AND (production_year < 1957))",
                  "Rows Removed by Filter": 499363
                }
              ]
            }
          ]
        }
      ]
    },
    "Planning Time": 0.109,
    "Triggers": [],
    "Execution Time": 99.067
  }
]