{
  "Plan": {
    "Node Type": "Aggregate",
    "Strategy": "Plain",
    "Partial Mode": "Finalize",
    "Parallel Aware": false,
    "Startup Cost": 338474.88,
    "Total Cost": 338474.89,
    "Plan Rows": 1,
    "Plan Width": 8,
    "Actual Startup Time": 1462.3,
    "Actual Total Time": 1509.39,
    "Actual Rows": 1,
    "Actual Loops": 1,
    "Plans": [
      {
        "Node Type": "Gather",
        "Parent Relationship": "Outer",
        "Parallel Aware": false,
        "Startup Cost": 338474.76,
        "Total Cost": 338474.87,
        "Plan Rows": 1,
        "Plan Width": 8,
        "Actual Startup Time": 1461.488,
        "Actual Total Time": 1509.381,
        "Actual Rows": 2,
        "Actual Loops": 1,
        "Workers Planned": 1,
        "Workers Launched": 1,
        "Single Copy": false,
        "Plans": [
          {
            "Node Type": "Aggregate",
            "Strategy": "Plain",
            "Partial Mode": "Partial",
            "Parent Relationship": "Outer",
            "Parallel Aware": false,
            "Startup Cost": 337474.76,
            "Total Cost": 337474.77,
            "Plan Rows": 1,
            "Plan Width": 8,
            "Actual Startup Time": 1455.737,
            "Actual Total Time": 1455.741,
            "Actual Rows": 1,
            "Actual Loops": 2,
            "Plans": [
              {
                "Node Type": "Hash Join",
                "Parent Relationship": "Outer",
                "Parallel Aware": true,
                "Join Type": "Inner",
                "Startup Cost": 56775.0,
                "Total Cost": 336467.08,
                "Plan Rows": 403075,
                "Plan Width": 0,
                "Actual Startup Time": 211.383,
                "Actual Total Time": 1424.291,
                "Actual Rows": 629624,
                "Actual Loops": 2,
                "Inner Unique": true,
                "Hash Cond": "(mi.movie_id = t.id)",
                "Plans": [
                  {
                    "Node Type": "Seq Scan",
                    "Parent Relationship": "Outer",
                    "Parallel Aware": true,
                    "Relation Name": "movie_info",
                    "Alias": "mi",
                    "Startup Cost": 0.0,
                    "Total Cost": 270696.42,
                    "Plan Rows": 3426912,
                    "Plan Width": 4,
                    "Actual Startup Time": 0.01,
                    "Actual Total Time": 743.9,
                    "Actual Rows": 2942482,
                    "Actual Loops": 2,
                    "Filter": "(info_type_id < 7)",
                    "Rows Removed by Filter": 4475378
                  },
                  {
                    "Node Type": "Hash",
                    "Parent Relationship": "Inner",
                    "Parallel Aware": true,
                    "Startup Cost": 54588.39,
                    "Total Cost": 54588.39,
                    "Plan Rows": 174929,
                    "Plan Width": 4,
                    "Actual Startup Time": 204.028,
                    "Actual Total Time": 204.029,
                    "Actual Rows": 154767,
                    "Actual Loops": 2,
                    "Hash Buckets": 524288,
                    "Original Hash Buckets": 524288,
                    "Hash Batches": 1,
                    "Original Hash Batches": 1,
                    "Peak Memory Usage": 16224,
                    "Plans": [
                      {
                        "Node Type": "Seq Scan",
                        "Parent Relationship": "Outer",
                        "Parallel Aware": true,
                        "Relation Name": "title",
                        "Alias": "t",
                        "Startup Cost": 0.0,
                        "Total Cost": 54588.39,
                        "Plan Rows": 174929,
                        "Plan Width": 4,
                        "Actual Startup Time": 0.034,
                        "Actual Total Time": 159.636,
                        "Actual Rows": 154767,
                        "Actual Loops": 2,
                        "Filter": "(production_year < 1966)",
                        "Rows Removed by Filter": 1109389
                      }
                    ]
                  }
                ]
              }
            ]
          }
        ]
      }
    ]
  },
  "Planning Time": 0.591,
  "Triggers": [],
  "Execution Time": 1509.47
}