[
  {
    "Plan": {
      "Node Type": "Aggregate",
      "Strategy": "Plain",
      "Partial Mode": "Finalize",
      "Parallel Aware": false,
      "Startup Cost": 47357.87,
      "Total Cost": 47357.88,
      "Plan Rows": 1,
      "Plan Width": 8,
      "Actual Startup Time": 112.515,
      "Actual Total Time": 123.516,
      "Actual Rows": 1,
      "Actual Loops": 1,
      "Plans": [
        {
          "Node Type": "Gather",
          "Parent Relationship": "Outer",
          "Parallel Aware": false,
          "Startup Cost": 47357.45,
          "Total Cost": 47357.86,
          "Plan Rows": 4,
          "Plan Width": 8,
          "Actual Startup Time": 112.27,
          "Actual Total Time": 123.506,
          "Actual Rows": 5,
          "Actual Loops": 1,
          "Workers Planned": 4,
          "Workers Launched": 4,
          "Single Copy": false,
          "Plans": [
            {
              "Node Type": "Aggregate",
              "Strategy": "Plain",
              "Partial Mode": "Partial",
              "Parent Relationship": "Outer",
              "Parallel Aware": false,
              "Startup Cost": 46357.45,
              "Total Cost": 46357.46,
              "Plan Rows": 1,
              "Plan Width": 8,
              "Actual Startup Time": 105.659,
              "Actual Total Time": 105.661,
              "Actual Rows": 1,
              "Actual Loops": 5,
              "Plans": [
                {
                  "Node Type": "Seq Scan",
                  "Parent Relationship": "Outer",
                  "Parallel Aware": true,
                  "Relation Name": "title",
                  "Alias": "t",
                  "Startup Cost": 0.0,
                  "Total Cost": 45479.59,
                  "Plan Rows": 351146,
                  "Plan Width": 0,
                  "Actual Startup Time": 0.037,
                  "Actual Total Time": 90.263,
                  "Actual Rows": 295294,
                  "Actual Loops": 5,
                  "Filter": "((production_year > 1949) AND (kind_id = 7))",
                  "Rows Removed by Filter": 210369
                }
              ]
            }
          ]
        }
      ]
    },
    "Planning Time": 0.062,
    "Triggers": [],
    "Execution Time": 123.546
  }
]