[
  {
    "Plan": {
      "Node Type": "Aggregate",
      "Strategy": "Plain",
      "Partial Mode": "Finalize",
      "Parallel Aware": false,
      "Startup Cost": 47352.22,
      "Total Cost": 47352.23,
      "Plan Rows": 1,
      "Plan Width": 8,
      "Actual Startup Time": 105.666,
      "Actual Total Time": 117.09,
      "Actual Rows": 1,
      "Actual Loops": 1,
      "Plans": [
        {
          "Node Type": "Gather",
          "Parent Relationship": "Outer",
          "Parallel Aware": false,
          "Startup Cost": 47351.8,
          "Total Cost": 47352.21,
          "Plan Rows": 4,
          "Plan Width": 8,
          "Actual Startup Time": 105.39,
          "Actual Total Time": 117.081,
          "Actual Rows": 5,
          "Actual Loops": 1,
          "Workers Planned": 4,
          "Workers Launched": 4,
          "Single Copy": false,
          "Plans": [
            {
              "Node Type": "Aggregate",
              "Strategy": "Plain",
              "Partial Mode": "Partial",
              "Parent Relationship": "Outer",
              "Parallel Aware": false,
              "Startup Cost": 46351.8,
              "Total Cost": 46351.81,
              "Plan Rows": 1,
              "Plan Width": 8,
              "Actual Startup Time": 100.086,
              "Actual Total Time": 100.087,
              "Actual Rows": 1,
              "Actual Loops": 5,
              "Plans": [
                {
                  "Node Type": "Seq Scan",
                  "Parent Relationship": "Outer",
                  "Parallel Aware": true,
                  "Relation Name": "title",
                  "Alias": "t",
                  "Startup Cost": 0.0,
                  "Total Cost": 45479.1,
                  "Plan Rows": 349079,
                  "Plan Width": 0,
                  "Actual Startup Time": 0.025,
                  "Actual Total Time": 86.407,
                  "Actual Rows": 295294,
                  "Actual Loops": 5,
                  "Filter": "((production_year > 1949) AND (kind_id = 7))",
                  "Rows Removed by Filter": 210369
                }
              ]
            }
          ]
        }
      ]
    },
    "Planning Time": 0.111,
    "Triggers": [],
    "Execution Time": 117.127
  }
]