[
  {
    "Plan": {
      "Node Type": "Aggregate",
      "Strategy": "Plain",
      "Partial Mode": "Finalize",
      "Parallel Aware": false,
      "Startup Cost": 110598.3,
      "Total Cost": 110598.31,
      "Plan Rows": 1,
      "Plan Width": 8,
      "Actual Startup Time": 282.884,
      "Actual Total Time": 307.819,
      "Actual Rows": 1,
      "Actual Loops": 1,
      "Plans": [
        {
          "Node Type": "Gather",
          "Parent Relationship": "Outer",
          "Parallel Aware": false,
          "Startup Cost": 110597.99,
          "Total Cost": 110598.3,
          "Plan Rows": 3,
          "Plan Width": 8,
          "Actual Startup Time": 282.248,
          "Actual Total Time": 307.81,
          "Actual Rows": 4,
          "Actual Loops": 1,
          "Workers Planned": 3,
          "Workers Launched": 3,
          "Single Copy": false,
          "Plans": [
            {
              "Node Type": "Aggregate",
              "Strategy": "Plain",
              "Partial Mode": "Partial",
              "Parent Relationship": "Outer",
              "Parallel Aware": false,
              "Startup Cost": 109597.99,
              "Total Cost": 109598.0,
              "Plan Rows": 1,
              "Plan Width": 8,
              "Actual Startup Time": 272.445,
              "Actual Total Time": 272.448,
              "Actual Rows": 1,
              "Actual Loops": 4,
              "Plans": [
                {
                  "Node Type": "Nested Loop",
                  "Parent Relationship": "Outer",
                  "Parallel Aware": false,
                  "Join Type": "Inner",
                  "Startup Cost": 58873.33,
                  "Total Cost": 109488.67,
                  "Plan Rows": 43725,
                  "Plan Width": 0,
                  "Actual Startup Time": 148.948,
                  "Actual Total Time": 269.98,
                  "Actual Rows": 38413,
                  "Actual Loops": 4,
                  "Inner Unique": false,
                  "Join Filter": "(t.id = mi.movie_id)",
                  "Rows Removed by Join Filter": 0,
                  "Plans": [
                    {
                      "Node Type": "Hash Join",
                      "Parent Relationship": "Outer",
                      "Parallel Aware": true,
                      "Join Type": "Inner",
                      "Startup Cost": 58872.9,
                      "Total Cost": 86339.13,
                      "Plan Rows": 7478,
                      "Plan Width": 8,
                      "Actual Startup Time": 148.836,
                      "Actual Total Time": 219.439,
                      "Actual Rows": 2880,
                      "Actual Loops": 4,
                      "Inner Unique": true,
                      "Hash Cond": "(mk.movie_id = t.id)",
                      "Plans": [
                        {
                          "Node Type": "Bitmap Heap Scan",
                          "Parent Relationship": "Outer",
                          "Parallel Aware": true,
                          "Relation Name": "movie_keyword",
                          "Alias": "mk",
                          "Startup Cost": 13097.15,
                          "Total Cost": 40040.6,
                          "Plan Rows": 199156,
                          "Plan Width": 4,
                          "Actual Startup Time": 41.632,
                          "Actual Total Time": 91.777,
                          "Actual Rows": 152023,
                          "Actual Loops": 4,
                          "Recheck Cond": "(keyword_id > 30365)",
                          "Rows Removed by Index Recheck": 0,
                          "Exact Heap Blocks": 8023,
                          "Lossy Heap Blocks": 0,
                          "Plans": [
                            {
                              "Node Type": "Bitmap Index Scan",
                              "Parent Relationship": "Outer",
                              "Parallel Aware": false,
                              "Index Name": "keyword_id_movie_keyword",
                              "Startup Cost": 0.0,
                              "Total Cost": 12942.81,
                              "Plan Rows": 617383,
                              "Plan Width": 0,
                              "Actual Startup Time": 38.069,
                              "Actual Total Time": 38.07,
                              "Actual Rows": 608091,
                              "Actual Loops": 1,
                              "Index Cond": "(keyword_id > 30365)"
                            }
                          ]
                        },
                        {
                          "Node Type": "Hash",
                          "Parent Relationship": "Inner",
                          "Parallel Aware": true,
                          "Startup Cost": 45479.1,
                          "Total Cost": 45479.1,
                          "Plan Rows": 23732,
                          "Plan Width": 4,
                          "Actual Startup Time": 105.245,
                          "Actual Total Time": 105.245,
                          "Actual Rows": 25148,
                          "Actual Loops": 4,
                          "Hash Buckets": 131072,
                          "Original Hash Buckets": 131072,
                          "Hash Batches": 1,
                          "Original Hash Batches": 1,
                          "Peak Memory Usage": 5024,
                          "Plans": [
                            {
                              "Node Type": "Seq Scan",
                              "Parent Relationship": "Outer",
                              "Parallel Aware": true,
                              "Relation Name": "title",
                              "Alias": "t",
                              "Startup Cost": 0.0,
                              "Total Cost": 45479.1,
                              "Plan Rows": 23732,
                              "Plan Width": 4,
                              "Actual Startup Time": 0.045,
                              "Actual Total Time": 95.331,
                              "Actual Rows": 25148,
                              "Actual Loops": 4,
                              "Filter": "((kind_id > 1) AND (production_year = 2009))",
                              "Rows Removed by Filter": 606930
                            }
                          ]
                        }
                      ]
                    },
                    {
                      "Node Type": "Index Only Scan",
                      "Parent Relationship": "Inner",
                      "Parallel Aware": false,
                      "Scan Direction": "Forward",
                      "Index Name": "movie_id_movie_info",
                      "Relation Name": "movie_info",
                      "Alias": "mi",
                      "Startup Cost": 0.43,
                      "Total Cost": 2.57,
                      "Plan Rows": 42,
                      "Plan Width": 4,
                      "Actual Startup Time": 0.006,
                      "Actual Total Time": 0.016,
                      "Actual Rows": 13,
                      "Actual Loops": 11519,
                      "Index Cond": "(movie_id = mk.movie_id)",
                      "Rows Removed by Index Recheck": 0,
                      "Heap Fetches": 153652
                    }
                  ]
                }
              ]
            }
          ]
        }
      ]
    },
    "Planning Time": 1.455,
    "Triggers": [],
    "Execution Time": 307.95
  }
]