[
  {
    "Plan": {
      "Node Type": "Aggregate",
      "Strategy": "Plain",
      "Partial Mode": "Finalize",
      "Parallel Aware": false,
      "Startup Cost": 274024.3,
      "Total Cost": 274024.31,
      "Plan Rows": 1,
      "Plan Width": 8,
      "Actual Startup Time": 3297.895,
      "Actual Total Time": 3389.95,
      "Actual Rows": 1,
      "Actual Loops": 1,
      "Plans": [
        {
          "Node Type": "Gather",
          "Parent Relationship": "Outer",
          "Parallel Aware": false,
          "Startup Cost": 274023.98,
          "Total Cost": 274024.29,
          "Plan Rows": 3,
          "Plan Width": 8,
          "Actual Startup Time": 3295.301,
          "Actual Total Time": 3389.939,
          "Actual Rows": 4,
          "Actual Loops": 1,
          "Workers Planned": 3,
          "Workers Launched": 3,
          "Single Copy": false,
          "Plans": [
            {
              "Node Type": "Aggregate",
              "Strategy": "Plain",
              "Partial Mode": "Partial",
              "Parent Relationship": "Outer",
              "Parallel Aware": false,
              "Startup Cost": 273023.98,
              "Total Cost": 273023.99,
              "Plan Rows": 1,
              "Plan Width": 8,
              "Actual Startup Time": 3285.872,
              "Actual Total Time": 3285.875,
              "Actual Rows": 1,
              "Actual Loops": 4,
              "Plans": [
                {
                  "Node Type": "Nested Loop",
                  "Parent Relationship": "Outer",
                  "Parallel Aware": false,
                  "Join Type": "Inner",
                  "Startup Cost": 47120.09,
                  "Total Cost": 272894.31,
                  "Plan Rows": 51868,
                  "Plan Width": 0,
                  "Actual Startup Time": 296.196,
                  "Actual Total Time": 3285.814,
                  "Actual Rows": 336,
                  "Actual Loops": 4,
                  "Inner Unique": false,
                  "Join Filter": "(t.id = ci.movie_id)",
                  "Rows Removed by Join Filter": 0,
                  "Plans": [
                    {
                      "Node Type": "Hash Join",
                      "Parent Relationship": "Outer",
                      "Parallel Aware": true,
                      "Join Type": "Inner",
                      "Startup Cost": 47119.52,
                      "Total Cost": 79343.16,
                      "Plan Rows": 63974,
                      "Plan Width": 8,
                      "Actual Startup Time": 171.576,
                      "Actual Total Time": 290.882,
                      "Actual Rows": 87302,
                      "Actual Loops": 4,
                      "Inner Unique": true,
                      "Hash Cond": "(mc.movie_id = t.id)",
                      "Plans": [
                        {
                          "Node Type": "Seq Scan",
                          "Parent Relationship": "Outer",
                          "Parallel Aware": true,
                          "Relation Name": "movie_companies",
                          "Alias": "mc",
                          "Startup Cost": 0.0,
                          "Total Cost": 31414.82,
                          "Plan Rows": 308123,
                          "Plan Width": 4,
                          "Actual Startup Time": 0.019,
                          "Actual Total Time": 70.483,
                          "Actual Rows": 311364,
                          "Actual Loops": 4,
                          "Filter": "((company_id < 48495) AND (company_type_id = 1))",
                          "Rows Removed by Filter": 340918
                        },
                        {
                          "Node Type": "Hash",
                          "Parent Relationship": "Inner",
                          "Parallel Aware": true,
                          "Startup Cost": 45479.1,
                          "Total Cost": 45479.1,
                          "Plan Rows": 131234,
                          "Plan Width": 4,
                          "Actual Startup Time": 137.264,
                          "Actual Total Time": 137.264,
                          "Actual Rows": 99841,
                          "Actual Loops": 4,
                          "Hash Buckets": 1048576,
                          "Original Hash Buckets": 1048576,
                          "Hash Batches": 1,
                          "Original Hash Batches": 1,
                          "Peak Memory Usage": 23872,
                          "Plans": [
                            {
                              "Node Type": "Seq Scan",
                              "Parent Relationship": "Outer",
                              "Parallel Aware": true,
                              "Relation Name": "title",
                              "Alias": "t",
                              "Startup Cost": 0.0,
                              "Total Cost": 45479.1,
                              "Plan Rows": 131234,
                              "Plan Width": 4,
                              "Actual Startup Time": 46.439,
                              "Actual Total Time": 99.545,
                              "Actual Rows": 99841,
                              "Actual Loops": 4,
                              "Filter": "((kind_id < 2) AND (production_year > 1976))",
                              "Rows Removed by Filter": 532237
                            }
                          ]
                        }
                      ]
                    },
                    {
                      "Node Type": "Index Scan",
                      "Parent Relationship": "Inner",
                      "Parallel Aware": false,
                      "Scan Direction": "Forward",
                      "Index Name": "movie_id_cast_info",
                      "Relation Name": "cast_info",
                      "Alias": "ci",
                      "Startup Cost": 0.56,
                      "Total Cost": 3.0,
                      "Plan Rows": 2,
                      "Plan Width": 4,
                      "Actual Startup Time": 0.034,
                      "Actual Total Time": 0.034,
                      "Actual Rows": 0,
                      "Actual Loops": 349206,
                      "Index Cond": "(movie_id = mc.movie_id)",
                      "Rows Removed by Index Recheck": 0,
                      "Filter": "((person_id < 997580) AND (role_id = 2))",
                      "Rows Removed by Filter": 68
                    }
                  ]
                }
              ]
            }
          ]
        }
      ]
    },
    "Planning Time": 1.455,
    "Triggers": [],
    "Execution Time": 3390.055
  }
]