[
  {
    "Plan": {
      "Node Type": "Aggregate",
      "Strategy": "Plain",
      "Partial Mode": "Finalize",
      "Parallel Aware": false,
      "Startup Cost": 340331.34,
      "Total Cost": 340331.35,
      "Plan Rows": 1,
      "Plan Width": 8,
      "Actual Startup Time": 928.995,
      "Actual Total Time": 975.55,
      "Actual Rows": 1,
      "Actual Loops": 1,
      "Plans": [
        {
          "Node Type": "Gather",
          "Parent Relationship": "Outer",
          "Parallel Aware": false,
          "Startup Cost": 340330.71,
          "Total Cost": 340331.32,
          "Plan Rows": 6,
          "Plan Width": 8,
          "Actual Startup Time": 928.704,
          "Actual Total Time": 975.534,
          "Actual Rows": 7,
          "Actual Loops": 1,
          "Workers Planned": 6,
          "Workers Launched": 6,
          "Single Copy": false,
          "Plans": [
            {
              "Node Type": "Aggregate",
              "Strategy": "Plain",
              "Partial Mode": "Partial",
              "Parent Relationship": "Outer",
              "Parallel Aware": false,
              "Startup Cost": 339330.71,
              "Total Cost": 339330.72,
              "Plan Rows": 1,
              "Plan Width": 8,
              "Actual Startup Time": 920.542,
              "Actual Total Time": 920.545,
              "Actual Rows": 1,
              "Actual Loops": 7,
              "Plans": [
                {
                  "Node Type": "Seq Scan",
                  "Parent Relationship": "Outer",
                  "Parallel Aware": true,
                  "Relation Name": "cast_info",
                  "Alias": "ci",
                  "Startup Cost": 0.0,
                  "Total Cost": 328211.39,
                  "Plan Rows": 4447728,
                  "Plan Width": 0,
                  "Actual Startup Time": 0.052,
                  "Actual Total Time": 705.008,
                  "Actual Rows": 3823755,
                  "Actual Loops": 7,
                  "Filter": "(person_id < 2758096)",
                  "Rows Removed by Filter": 1354009
                }
              ]
            }
          ]
        }
      ]
    },
    "Planning Time": 0.116,
    "Triggers": [],
    "Execution Time": 975.601
  }
]