[
  {
    "Plan": {
      "Node Type": "Aggregate",
      "Strategy": "Plain",
      "Partial Mode": "Simple",
      "Parallel Aware": false,
      "Startup Cost": 26761.97,
      "Total Cost": 26761.98,
      "Plan Rows": 1,
      "Plan Width": 8,
      "Actual Startup Time": 59.089,
      "Actual Total Time": 59.09,
      "Actual Rows": 1,
      "Actual Loops": 1,
      "Plans": [
        {
          "Node Type": "Bitmap Heap Scan",
          "Parent Relationship": "Outer",
          "Parallel Aware": false,
          "Relation Name": "movie_keyword",
          "Alias": "mk",
          "Startup Cost": 1353.55,
          "Total Cost": 26602.9,
          "Plan Rows": 63628,
          "Plan Width": 0,
          "Actual Startup Time": 19.383,
          "Actual Total Time": 54.525,
          "Actual Rows": 63362,
          "Actual Loops": 1,
          "Recheck Cond": "(keyword_id > 93796)",
          "Rows Removed by Index Recheck": 0,
          "Exact Heap Blocks": 14106,
          "Lossy Heap Blocks": 0,
          "Plans": [
            {
              "Node Type": "Bitmap Index Scan",
              "Parent Relationship": "Outer",
              "Parallel Aware": false,
              "Index Name": "keyword_id_movie_keyword",
              "Startup Cost": 0.0,
              "Total Cost": 1337.64,
              "Plan Rows": 63628,
              "Plan Width": 0,
              "Actual Startup Time": 14.086,
              "Actual Total Time": 14.086,
              "Actual Rows": 63362,
              "Actual Loops": 1,
              "Index Cond": "(keyword_id > 93796)"
            }
          ]
        }
      ]
    },
    "Planning Time": 0.311,
    "Triggers": [],
    "Execution Time": 59.15
  }
]