[
  {
    "Plan": {
      "Node Type": "Aggregate",
      "Strategy": "Plain",
      "Partial Mode": "Finalize",
      "Parallel Aware": false,
      "Startup Cost": 65696.82,
      "Total Cost": 65696.83,
      "Plan Rows": 1,
      "Plan Width": 8,
      "Actual Startup Time": 119.224,
      "Actual Total Time": 136.525,
      "Actual Rows": 1,
      "Actual Loops": 1,
      "Plans": [
        {
          "Node Type": "Gather",
          "Parent Relationship": "Outer",
          "Parallel Aware": false,
          "Startup Cost": 65696.4,
          "Total Cost": 65696.81,
          "Plan Rows": 4,
          "Plan Width": 8,
          "Actual Startup Time": 119.113,
          "Actual Total Time": 136.518,
          "Actual Rows": 5,
          "Actual Loops": 1,
          "Workers Planned": 4,
          "Workers Launched": 4,
          "Single Copy": false,
          "Plans": [
            {
              "Node Type": "Aggregate",
              "Strategy": "Plain",
              "Partial Mode": "Partial",
              "Parent Relationship": "Outer",
              "Parallel Aware": false,
              "Startup Cost": 64696.4,
              "Total Cost": 64696.41,
              "Plan Rows": 1,
              "Plan Width": 8,
              "Actual Startup Time": 109.096,
              "Actual Total Time": 109.098,
              "Actual Rows": 1,
              "Actual Loops": 5,
              "Plans": [
                {
                  "Node Type": "Nested Loop",
                  "Parent Relationship": "Outer",
                  "Parallel Aware": false,
                  "Join Type": "Inner",
                  "Startup Cost": 0.43,
                  "Total Cost": 64694.67,
                  "Plan Rows": 694,
                  "Plan Width": 0,
                  "Actual Startup Time": 59.952,
                  "Actual Total Time": 108.502,
                  "Actual Rows": 7978,
                  "Actual Loops": 5,
                  "Inner Unique": false,
                  "Plans": [
                    {
                      "Node Type": "Seq Scan",
                      "Parent Relationship": "Outer",
                      "Parallel Aware": true,
                      "Relation Name": "title",
                      "Alias": "t",
                      "Startup Cost": 0.0,
                      "Total Cost": 45479.1,
                      "Plan Rows": 119,
                      "Plan Width": 4,
                      "Actual Startup Time": 59.829,
                      "Actual Total Time": 81.776,
                      "Actual Rows": 549,
                      "Actual Loops": 5,
                      "Filter": "((kind_id = 1) AND (production_year = 1937))",
                      "Rows Removed by Filter": 505114
                    },
                    {
                      "Node Type": "Index Only Scan",
                      "Parent Relationship": "Inner",
                      "Parallel Aware": false,
                      "Scan Direction": "Forward",
                      "Index Name": "movie_id_movie_info",
                      "Relation Name": "movie_info",
                      "Alias": "mi",
                      "Startup Cost": 0.43,
                      "Total Cost": 161.06,
                      "Plan Rows": 42,
                      "Plan Width": 4,
                      "Actual Startup Time": 0.018,
                      "Actual Total Time": 0.047,
                      "Actual Rows": 15,
                      "Actual Loops": 2743,
                      "Index Cond": "(movie_id = t.id)",
                      "Rows Removed by Index Recheck": 0,
                      "Heap Fetches": 39888
                    }
                  ]
                }
              ]
            }
          ]
        }
      ]
    },
    "Planning Time": 0.672,
    "Triggers": [],
    "Execution Time": 136.605
  }
]