[
  {
    "Plan": {
      "Node Type": "Aggregate",
      "Strategy": "Plain",
      "Partial Mode": "Finalize",
      "Parallel Aware": false,
      "Startup Cost": 46688.51,
      "Total Cost": 46688.52,
      "Plan Rows": 1,
      "Plan Width": 8,
      "Actual Startup Time": 169.948,
      "Actual Total Time": 180.775,
      "Actual Rows": 1,
      "Actual Loops": 1,
      "Plans": [
        {
          "Node Type": "Gather",
          "Parent Relationship": "Outer",
          "Parallel Aware": false,
          "Startup Cost": 46688.19,
          "Total Cost": 46688.5,
          "Plan Rows": 3,
          "Plan Width": 8,
          "Actual Startup Time": 169.795,
          "Actual Total Time": 180.767,
          "Actual Rows": 4,
          "Actual Loops": 1,
          "Workers Planned": 3,
          "Workers Launched": 3,
          "Single Copy": false,
          "Plans": [
            {
              "Node Type": "Aggregate",
              "Strategy": "Plain",
              "Partial Mode": "Partial",
              "Parent Relationship": "Outer",
              "Parallel Aware": false,
              "Startup Cost": 45688.19,
              "Total Cost": 45688.2,
              "Plan Rows": 1,
              "Plan Width": 8,
              "Actual Startup Time": 164.209,
              "Actual Total Time": 164.211,
              "Actual Rows": 1,
              "Actual Loops": 4,
              "Plans": [
                {
                  "Node Type": "Seq Scan",
                  "Parent Relationship": "Outer",
                  "Parallel Aware": true,
                  "Relation Name": "movie_keyword",
                  "Alias": "mk",
                  "Startup Cost": 0.0,
                  "Total Cost": 42695.65,
                  "Plan Rows": 1197015,
                  "Plan Width": 0,
                  "Actual Startup Time": 0.039,
                  "Actual Total Time": 120.348,
                  "Actual Rows": 928384,
                  "Actual Loops": 4,
                  "Filter": "(keyword_id < 22759)",
                  "Rows Removed by Filter": 202599
                }
              ]
            }
          ]
        }
      ]
    },
    "Planning Time": 0.18,
    "Triggers": [],
    "Execution Time": 180.828
  }
]