{
    "Plan": {
        "Node Type": "Aggregate",
        "Strategy": "Plain",
        "Partial Mode": "Simple",
        "Parallel Aware": false,
        "Startup Cost": 128990.63,
        "Total Cost": 128990.64,
        "Plan Rows": 1,
        "Plan Width": 64,
        "Actual Startup Time": 609.331,
        "Actual Total Time": 656.315,
        "Actual Rows": 1,
        "Actual Loops": 1,
        "Plans": [
            {
                "Node Type": "Gather",
                "Parent Relationship": "Outer",
                "Parallel Aware": false,
                "Startup Cost": 93460.96,
                "Total Cost": 128990.62,
                "Plan Rows": 1,
                "Plan Width": 32,
                "Actual Startup Time": 360.437,
                "Actual Total Time": 655.853,
                "Actual Rows": 3575,
                "Actual Loops": 1,
                "Workers Planned": 1,
                "Workers Launched": 1,
                "Single Copy": false,
                "Plans": [
                    {
                        "Node Type": "Hash Join",
                        "Parent Relationship": "Outer",
                        "Parallel Aware": false,
                        "Join Type": "Inner",
                        "Startup Cost": 92460.96,
                        "Total Cost": 127990.52,
                        "Plan Rows": 1,
                        "Plan Width": 32,
                        "Actual Startup Time": 354.247,
                        "Actual Total Time": 600.65,
                        "Actual Rows": 1788,
                        "Actual Loops": 2,
                        "Inner Unique": true,
                        "Hash Cond": "(mi.info_type_id = it.id)",
                        "Plans": [
                            {
                                "Node Type": "Hash Join",
                                "Parent Relationship": "Outer",
                                "Parallel Aware": false,
                                "Join Type": "Inner",
                                "Startup Cost": 92458.54,
                                "Total Cost": 127988.09,
                                "Plan Rows": 4,
                                "Plan Width": 36,
                                "Actual Startup Time": 353.919,
                                "Actual Total Time": 599.998,
                                "Actual Rows": 1788,
                                "Actual Loops": 2,
                                "Inner Unique": true,
                                "Hash Cond": "(ci.role_id = rt.id)",
                                "Plans": [
                                    {
                                        "Node Type": "Nested Loop",
                                        "Parent Relationship": "Outer",
                                        "Parallel Aware": false,
                                        "Join Type": "Inner",
                                        "Startup Cost": 92457.38,
                                        "Total Cost": 127986.77,
                                        "Plan Rows": 42,
                                        "Plan Width": 40,
                                        "Actual Startup Time": 353.838,
                                        "Actual Total Time": 599.545,
                                        "Actual Rows": 1788,
                                        "Actual Loops": 2,
                                        "Inner Unique": false,
                                        "Plans": [
                                            {
                                                "Node Type": "Nested Loop",
                                                "Parent Relationship": "Outer",
                                                "Parallel Aware": false,
                                                "Join Type": "Inner",
                                                "Startup Cost": 92456.94,
                                                "Total Cost": 127750.68,
                                                "Plan Rows": 138,
                                                "Plan Width": 48,
                                                "Actual Startup Time": 353.306,
                                                "Actual Total Time": 566.849,
                                                "Actual Rows": 2056,
                                                "Actual Loops": 2,
                                                "Inner Unique": true,
                                                "Plans": [
                                                    {
                                                        "Node Type": "Nested Loop",
                                                        "Parent Relationship": "Outer",
                                                        "Parallel Aware": false,
                                                        "Join Type": "Inner",
                                                        "Startup Cost": 92456.51,
                                                        "Total Cost": 127621.21,
                                                        "Plan Rows": 251,
                                                        "Plan Width": 27,
                                                        "Actual Startup Time": 352.862,
                                                        "Actual Total Time": 557.315,
                                                        "Actual Rows": 4072,
                                                        "Actual Loops": 2,
                                                        "Inner Unique": true,
                                                        "Plans": [
                                                            {
                                                                "Node Type": "Nested Loop",
                                                                "Parent Relationship": "Outer",
                                                                "Parallel Aware": false,
                                                                "Join Type": "Inner",
                                                                "Startup Cost": 92456.09,
                                                                "Total Cost": 127307.96,
                                                                "Plan Rows": 703,
                                                                "Plan Width": 31,
                                                                "Actual Startup Time": 351.802,
                                                                "Actual Total Time": 538.43,
                                                                "Actual Rows": 9172,
                                                                "Actual Loops": 2,
                                                                "Inner Unique": false,
                                                                "Plans": [
                                                                    {
                                                                        "Node Type": "Nested Loop",
                                                                        "Parent Relationship": "Outer",
                                                                        "Parallel Aware": false,
                                                                        "Join Type": "Inner",
                                                                        "Startup Cost": 92455.66,
                                                                        "Total Cost": 127126.93,
                                                                        "Plan Rows": 266,
                                                                        "Plan Width": 23,
                                                                        "Actual Startup Time": 351.762,
                                                                        "Actual Total Time": 524.932,
                                                                        "Actual Rows": 3863,
                                                                        "Actual Loops": 2,
                                                                        "Inner Unique": true,
                                                                        "Plans": [
                                                                            {
                                                                                "Node Type": "Nested Loop",
                                                                                "Parent Relationship": "Outer",
                                                                                "Parallel Aware": false,
                                                                                "Join Type": "Inner",
                                                                                "Startup Cost": 92455.23,
                                                                                "Total Cost": 126955.68,
                                                                                "Plan Rows": 266,
                                                                                "Plan Width": 27,
                                                                                "Actual Startup Time": 351.719,
                                                                                "Actual Total Time": 514.719,
                                                                                "Actual Rows": 4102,
                                                                                "Actual Loops": 2,
                                                                                "Inner Unique": false,
                                                                                "Join Filter": "(n.id = ci.person_id)",
                                                                                "Rows Removed by Join Filter": 0,
                                                                                "Plans": [
                                                                                    {
                                                                                        "Node Type": "Hash Join",
                                                                                        "Parent Relationship": "Outer",
                                                                                        "Parallel Aware": true,
                                                                                        "Join Type": "Inner",
                                                                                        "Startup Cost": 92454.67,
                                                                                        "Total Cost": 110544.46,
                                                                                        "Plan Rows": 1206,
                                                                                        "Plan Width": 23,
                                                                                        "Actual Startup Time": 350.028,
                                                                                        "Actual Total Time": 448.972,
                                                                                        "Actual Rows": 5262,
                                                                                        "Actual Loops": 2,
                                                                                        "Inner Unique": true,
                                                                                        "Hash Cond": "(an.person_id = n.id)",
                                                                                        "Plans": [
                                                                                            {
                                                                                                "Node Type": "Seq Scan",
                                                                                                "Parent Relationship": "Outer",
                                                                                                "Parallel Aware": true,
                                                                                                "Relation Name": "aka_name",
                                                                                                "Alias": "an",
                                                                                                "Startup Cost": 0.0,
                                                                                                "Total Cost": 16698.02,
                                                                                                "Plan Rows": 530202,
                                                                                                "Plan Width": 4,
                                                                                                "Actual Startup Time": 0.009,
                                                                                                "Actual Total Time": 43.986,
                                                                                                "Actual Rows": 450672,
                                                                                                "Actual Loops": 2
                                                                                            },
                                                                                            {
                                                                                                "Node Type": "Hash",
                                                                                                "Parent Relationship": "Inner",
                                                                                                "Parallel Aware": true,
                                                                                                "Startup Cost": 92384.98,
                                                                                                "Total Cost": 92384.98,
                                                                                                "Plan Rows": 5575,
                                                                                                "Plan Width": 19,
                                                                                                "Actual Startup Time": 349.104,
                                                                                                "Actual Total Time": 349.105,
                                                                                                "Actual Rows": 25006,
                                                                                                "Actual Loops": 2,
                                                                                                "Hash Buckets": 65536,
                                                                                                "Original Hash Buckets": 16384,
                                                                                                "Hash Batches": 1,
                                                                                                "Original Hash Batches": 1,
                                                                                                "Peak Memory Usage": 3680,
                                                                                                "Plans": [
                                                                                                    {
                                                                                                        "Node Type": "Seq Scan",
                                                                                                        "Parent Relationship": "Outer",
                                                                                                        "Parallel Aware": true,
                                                                                                        "Relation Name": "name",
                                                                                                        "Alias": "n",
                                                                                                        "Startup Cost": 0.0,
                                                                                                        "Total Cost": 92384.98,
                                                                                                        "Plan Rows": 5575,
                                                                                                        "Plan Width": 19,
                                                                                                        "Actual Startup Time": 158.089,
                                                                                                        "Actual Total Time": 339.715,
                                                                                                        "Actual Rows": 25006,
                                                                                                        "Actual Loops": 2,
                                                                                                        "Filter": "((name ~~ '%An%'::text) AND ((gender)::text = 'f'::text))",
                                                                                                        "Rows Removed by Filter": 2058740
                                                                                                    }
                                                                                                ]
                                                                                            }
                                                                                        ]
                                                                                    },
                                                                                    {
                                                                                        "Node Type": "Index Scan",
                                                                                        "Parent Relationship": "Inner",
                                                                                        "Parallel Aware": false,
                                                                                        "Scan Direction": "Forward",
                                                                                        "Index Name": "person_id_cast_info",
                                                                                        "Relation Name": "cast_info",
                                                                                        "Alias": "ci",
                                                                                        "Startup Cost": 0.56,
                                                                                        "Total Cost": 13.45,
                                                                                        "Plan Rows": 13,
                                                                                        "Plan Width": 16,
                                                                                        "Actual Startup Time": 0.011,
                                                                                        "Actual Total Time": 0.012,
                                                                                        "Actual Rows": 1,
                                                                                        "Actual Loops": 10525,
                                                                                        "Index Cond": "(person_id = an.person_id)",
                                                                                        "Rows Removed by Index Recheck": 0,
                                                                                        "Filter": "(note = ANY ('{(voice),\"(voice: Japanese version)\",\"(voice) (uncredited)\",\"(voice: English version)\"}'::text[]))",
                                                                                        "Rows Removed by Filter": 44
                                                                                    }
                                                                                ]
                                                                            },
                                                                            {
                                                                                "Node Type": "Index Only Scan",
                                                                                "Parent Relationship": "Inner",
                                                                                "Parallel Aware": false,
                                                                                "Scan Direction": "Forward",
                                                                                "Index Name": "char_name_pkey",
                                                                                "Relation Name": "char_name",
                                                                                "Alias": "chn",
                                                                                "Startup Cost": 0.43,
                                                                                "Total Cost": 0.64,
                                                                                "Plan Rows": 1,
                                                                                "Plan Width": 4,
                                                                                "Actual Startup Time": 0.002,
                                                                                "Actual Total Time": 0.002,
                                                                                "Actual Rows": 1,
                                                                                "Actual Loops": 8204,
                                                                                "Index Cond": "(id = ci.person_role_id)",
                                                                                "Rows Removed by Index Recheck": 0,
                                                                                "Heap Fetches": 7726
                                                                            }
                                                                        ]
                                                                    },
                                                                    {
                                                                        "Node Type": "Index Scan",
                                                                        "Parent Relationship": "Inner",
                                                                        "Parallel Aware": false,
                                                                        "Scan Direction": "Forward",
                                                                        "Index Name": "movie_id_movie_companies",
                                                                        "Relation Name": "movie_companies",
                                                                        "Alias": "mc",
                                                                        "Startup Cost": 0.43,
                                                                        "Total Cost": 0.63,
                                                                        "Plan Rows": 5,
                                                                        "Plan Width": 8,
                                                                        "Actual Startup Time": 0.002,
                                                                        "Actual Total Time": 0.003,
                                                                        "Actual Rows": 2,
                                                                        "Actual Loops": 7726,
                                                                        "Index Cond": "(movie_id = ci.movie_id)",
                                                                        "Rows Removed by Index Recheck": 0
                                                                    }
                                                                ]
                                                            },
                                                            {
                                                                "Node Type": "Index Scan",
                                                                "Parent Relationship": "Inner",
                                                                "Parallel Aware": false,
                                                                "Scan Direction": "Forward",
                                                                "Index Name": "company_name_pkey",
                                                                "Relation Name": "company_name",
                                                                "Alias": "cn",
                                                                "Startup Cost": 0.42,
                                                                "Total Cost": 0.45,
                                                                "Plan Rows": 1,
                                                                "Plan Width": 4,
                                                                "Actual Startup Time": 0.002,
                                                                "Actual Total Time": 0.002,
                                                                "Actual Rows": 0,
                                                                "Actual Loops": 18345,
                                                                "Index Cond": "(id = mc.company_id)",
                                                                "Rows Removed by Index Recheck": 0,
                                                                "Filter": "((country_code)::text = '[us]'::text)",
                                                                "Rows Removed by Filter": 1
                                                            }
                                                        ]
                                                    },
                                                    {
                                                        "Node Type": "Index Scan",
                                                        "Parent Relationship": "Inner",
                                                        "Parallel Aware": false,
                                                        "Scan Direction": "Forward",
                                                        "Index Name": "title_pkey",
                                                        "Relation Name": "title",
                                                        "Alias": "t",
                                                        "Startup Cost": 0.43,
                                                        "Total Cost": 0.52,
                                                        "Plan Rows": 1,
                                                        "Plan Width": 21,
                                                        "Actual Startup Time": 0.002,
                                                        "Actual Total Time": 0.002,
                                                        "Actual Rows": 1,
                                                        "Actual Loops": 8144,
                                                        "Index Cond": "(id = mc.movie_id)",
                                                        "Rows Removed by Index Recheck": 0,
                                                        "Filter": "(production_year > 2000)",
                                                        "Rows Removed by Filter": 0
                                                    }
                                                ]
                                            },
                                            {
                                                "Node Type": "Index Scan",
                                                "Parent Relationship": "Inner",
                                                "Parallel Aware": false,
                                                "Scan Direction": "Forward",
                                                "Index Name": "movie_id_movie_info",
                                                "Relation Name": "movie_info",
                                                "Alias": "mi",
                                                "Startup Cost": 0.43,
                                                "Total Cost": 1.69,
                                                "Plan Rows": 2,
                                                "Plan Width": 8,
                                                "Actual Startup Time": 0.009,
                                                "Actual Total Time": 0.016,
                                                "Actual Rows": 1,
                                                "Actual Loops": 4111,
                                                "Index Cond": "(movie_id = mc.movie_id)",
                                                "Rows Removed by Index Recheck": 0,
                                                "Filter": "((info IS NOT NULL) AND ((info ~~ 'Japan:%200%'::text) OR (info ~~ 'USA:%200%'::text)))",
                                                "Rows Removed by Filter": 55
                                            }
                                        ]
                                    },
                                    {
                                        "Node Type": "Hash",
                                        "Parent Relationship": "Inner",
                                        "Parallel Aware": false,
                                        "Startup Cost": 1.15,
                                        "Total Cost": 1.15,
                                        "Plan Rows": 1,
                                        "Plan Width": 4,
                                        "Actual Startup Time": 0.051,
                                        "Actual Total Time": 0.052,
                                        "Actual Rows": 1,
                                        "Actual Loops": 2,
                                        "Hash Buckets": 1024,
                                        "Original Hash Buckets": 1024,
                                        "Hash Batches": 1,
                                        "Original Hash Batches": 1,
                                        "Peak Memory Usage": 9,
                                        "Plans": [
                                            {
                                                "Node Type": "Seq Scan",
                                                "Parent Relationship": "Outer",
                                                "Parallel Aware": false,
                                                "Relation Name": "role_type",
                                                "Alias": "rt",
                                                "Startup Cost": 0.0,
                                                "Total Cost": 1.15,
                                                "Plan Rows": 1,
                                                "Plan Width": 4,
                                                "Actual Startup Time": 0.042,
                                                "Actual Total Time": 0.045,
                                                "Actual Rows": 1,
                                                "Actual Loops": 2,
                                                "Filter": "((role)::text = 'actress'::text)",
                                                "Rows Removed by Filter": 11
                                            }
                                        ]
                                    }
                                ]
                            },
                            {
                                "Node Type": "Hash",
                                "Parent Relationship": "Inner",
                                "Parallel Aware": false,
                                "Startup Cost": 2.41,
                                "Total Cost": 2.41,
                                "Plan Rows": 1,
                                "Plan Width": 4,
                                "Actual Startup Time": 0.079,
                                "Actual Total Time": 0.08,
                                "Actual Rows": 1,
                                "Actual Loops": 2,
                                "Hash Buckets": 1024,
                                "Original Hash Buckets": 1024,
                                "Hash Batches": 1,
                                "Original Hash Batches": 1,
                                "Peak Memory Usage": 9,
                                "Plans": [
                                    {
                                        "Node Type": "Seq Scan",
                                        "Parent Relationship": "Outer",
                                        "Parallel Aware": false,
                                        "Relation Name": "info_type",
                                        "Alias": "it",
                                        "Startup Cost": 0.0,
                                        "Total Cost": 2.41,
                                        "Plan Rows": 1,
                                        "Plan Width": 4,
                                        "Actual Startup Time": 0.051,
                                        "Actual Total Time": 0.068,
                                        "Actual Rows": 1,
                                        "Actual Loops": 2,
                                        "Filter": "((info)::text = 'release dates'::text)",
                                        "Rows Removed by Filter": 112
                                    }
                                ]
                            }
                        ]
                    }
                ]
            }
        ]
    },
    "Planning Time": 3.673,
    "Triggers": [],
    "Execution Time": 656.52
}