[
    {
        "Bao": {
            "Bao prediction": "NaN",
            "Bao recommended hint": "(no hint)"
        }
    },
    {
        "Plan": {
            "Node Type": "Aggregate",
            "Strategy": "Plain",
            "Partial Mode": "Finalize",
            "Parallel Aware": false,
            "Startup Cost": 227774.78,
            "Total Cost": 227774.79,
            "Plan Rows": 1,
            "Plan Width": 8,
            "Actual Startup Time": 248.264,
            "Actual Total Time": 258.96,
            "Actual Rows": 1,
            "Actual Loops": 1,
            "Output": [
                "count(*)"
            ],
            "Plans": [
                {
                    "Node Type": "Gather",
                    "Parent Relationship": "Outer",
                    "Parallel Aware": false,
                    "Startup Cost": 227774.25,
                    "Total Cost": 227774.76,
                    "Plan Rows": 5,
                    "Plan Width": 8,
                    "Actual Startup Time": 246.699,
                    "Actual Total Time": 258.951,
                    "Actual Rows": 6,
                    "Actual Loops": 1,
                    "Output": [
                        "(PARTIAL count(*))"
                    ],
                    "Workers Planned": 5,
                    "Workers Launched": 5,
                    "Single Copy": false,
                    "Plans": [
                        {
                            "Node Type": "Aggregate",
                            "Strategy": "Plain",
                            "Partial Mode": "Partial",
                            "Parent Relationship": "Outer",
                            "Parallel Aware": false,
                            "Startup Cost": 226774.25,
                            "Total Cost": 226774.26,
                            "Plan Rows": 1,
                            "Plan Width": 8,
                            "Actual Startup Time": 236.439,
                            "Actual Total Time": 236.443,
                            "Actual Rows": 1,
                            "Actual Loops": 6,
                            "Output": [
                                "PARTIAL count(*)"
                            ],
                            "Workers": [
                                {
                                    "Worker Number": 0,
                                    "Actual Startup Time": 234.022,
                                    "Actual Total Time": 234.026,
                                    "Actual Rows": 1,
                                    "Actual Loops": 1
                                },
                                {
                                    "Worker Number": 1,
                                    "Actual Startup Time": 234.189,
                                    "Actual Total Time": 234.192,
                                    "Actual Rows": 1,
                                    "Actual Loops": 1
                                },
                                {
                                    "Worker Number": 2,
                                    "Actual Startup Time": 234.421,
                                    "Actual Total Time": 234.424,
                                    "Actual Rows": 1,
                                    "Actual Loops": 1
                                },
                                {
                                    "Worker Number": 3,
                                    "Actual Startup Time": 234.507,
                                    "Actual Total Time": 234.51,
                                    "Actual Rows": 1,
                                    "Actual Loops": 1
                                },
                                {
                                    "Worker Number": 4,
                                    "Actual Startup Time": 235.223,
                                    "Actual Total Time": 235.227,
                                    "Actual Rows": 1,
                                    "Actual Loops": 1
                                }
                            ],
                            "Plans": [
                                {
                                    "Node Type": "Hash Join",
                                    "Parent Relationship": "Outer",
                                    "Parallel Aware": true,
                                    "Join Type": "Inner",
                                    "Startup Cost": 62067.62,
                                    "Total Cost": 226747.22,
                                    "Plan Rows": 10812,
                                    "Plan Width": 0,
                                    "Actual Startup Time": 157.943,
                                    "Actual Total Time": 235.178,
                                    "Actual Rows": 17992,
                                    "Actual Loops": 6,
                                    "Inner Unique": true,
                                    "Hash Cond": "(mi.movie_id = t.id)",
                                    "Workers": [
                                        {
                                            "Worker Number": 0,
                                            "Actual Startup Time": 154.845,
                                            "Actual Total Time": 232.7,
                                            "Actual Rows": 14681,
                                            "Actual Loops": 1
                                        },
                                        {
                                            "Worker Number": 1,
                                            "Actual Startup Time": 161.342,
                                            "Actual Total Time": 232.817,
                                            "Actual Rows": 15355,
                                            "Actual Loops": 1
                                        },
                                        {
                                            "Worker Number": 2,
                                            "Actual Startup Time": 160.126,
                                            "Actual Total Time": 233.14,
                                            "Actual Rows": 19329,
                                            "Actual Loops": 1
                                        },
                                        {
                                            "Worker Number": 3,
                                            "Actual Startup Time": 151.893,
                                            "Actual Total Time": 233.301,
                                            "Actual Rows": 21358,
                                            "Actual Loops": 1
                                        },
                                        {
                                            "Worker Number": 4,
                                            "Actual Startup Time": 156.39,
                                            "Actual Total Time": 234.111,
                                            "Actual Rows": 18109,
                                            "Actual Loops": 1
                                        }
                                    ],
                                    "Plans": [
                                        {
                                            "Node Type": "Bitmap Heap Scan",
                                            "Parent Relationship": "Outer",
                                            "Parallel Aware": true,
                                            "Relation Name": "movie_info",
                                            "Schema": "public",
                                            "Alias": "mi",
                                            "Startup Cost": 16107.47,
                                            "Total Cost": 180320.81,
                                            "Plan Rows": 177627,
                                            "Plan Width": 4,
                                            "Actual Startup Time": 48.337,
                                            "Actual Total Time": 115.518,
                                            "Actual Rows": 150057,
                                            "Actual Loops": 6,
                                            "Output": [
                                                "mi.id",
                                                "mi.movie_id",
                                                "mi.info_type_id",
                                                "mi.info",
                                                "mi.note"
                                            ],
                                            "Recheck Cond": "(mi.info_type_id > 94)",
                                            "Rows Removed by Index Recheck": 0,
                                            "Exact Heap Blocks": 6284,
                                            "Lossy Heap Blocks": 0,
                                            "Workers": [
                                                {
                                                    "Worker Number": 0,
                                                    "Actual Startup Time": 48.385,
                                                    "Actual Total Time": 116.633,
                                                    "Actual Rows": 118096,
                                                    "Actual Loops": 1
                                                },
                                                {
                                                    "Worker Number": 1,
                                                    "Actual Startup Time": 48.101,
                                                    "Actual Total Time": 116.596,
                                                    "Actual Rows": 115789,
                                                    "Actual Loops": 1
                                                },
                                                {
                                                    "Worker Number": 2,
                                                    "Actual Startup Time": 48.535,
                                                    "Actual Total Time": 116.412,
                                                    "Actual Rows": 140547,
                                                    "Actual Loops": 1
                                                },
                                                {
                                                    "Worker Number": 3,
                                                    "Actual Startup Time": 48.047,
                                                    "Actual Total Time": 115.501,
                                                    "Actual Rows": 231070,
                                                    "Actual Loops": 1
                                                },
                                                {
                                                    "Worker Number": 4,
                                                    "Actual Startup Time": 48.339,
                                                    "Actual Total Time": 117.46,
                                                    "Actual Rows": 139703,
                                                    "Actual Loops": 1
                                                }
                                            ],
                                            "Plans": [
                                                {
                                                    "Node Type": "Bitmap Index Scan",
                                                    "Parent Relationship": "Outer",
                                                    "Parallel Aware": false,
                                                    "Index Name": "info_type_id_movie_info",
                                                    "Startup Cost": 0.0,
                                                    "Total Cost": 15885.44,
                                                    "Plan Rows": 888134,
                                                    "Plan Width": 0,
                                                    "Actual Startup Time": 42.721,
                                                    "Actual Total Time": 42.721,
                                                    "Actual Rows": 900340,
                                                    "Actual Loops": 1,
                                                    "Index Cond": "(mi.info_type_id > 94)",
                                                    "Workers": [
                                                        {
                                                            "Worker Number": 3,
                                                            "Actual Startup Time": 42.721,
                                                            "Actual Total Time": 42.721,
                                                            "Actual Rows": 900340,
                                                            "Actual Loops": 1
                                                        }
                                                    ]
                                                }
                                            ]
                                        },
                                        {
                                            "Node Type": "Hash",
                                            "Parent Relationship": "Inner",
                                            "Parallel Aware": true,
                                            "Startup Cost": 45479.21,
                                            "Total Cost": 45479.21,
                                            "Plan Rows": 38475,
                                            "Plan Width": 4,
                                            "Actual Startup Time": 87.293,
                                            "Actual Total Time": 87.294,
                                            "Actual Rows": 22460,
                                            "Actual Loops": 6,
                                            "Output": [
                                                "t.id"
                                            ],
                                            "Hash Buckets": 262144,
                                            "Original Hash Buckets": 262144,
                                            "Hash Batches": 1,
                                            "Original Hash Batches": 1,
                                            "Peak Memory Usage": 7424,
                                            "Workers": [
                                                {
                                                    "Worker Number": 0,
                                                    "Actual Startup Time": 85.715,
                                                    "Actual Total Time": 85.716,
                                                    "Actual Rows": 17401,
                                                    "Actual Loops": 1
                                                },
                                                {
                                                    "Worker Number": 1,
                                                    "Actual Startup Time": 85.88,
                                                    "Actual Total Time": 85.881,
                                                    "Actual Rows": 16624,
                                                    "Actual Loops": 1
                                                },
                                                {
                                                    "Worker Number": 2,
                                                    "Actual Startup Time": 86.122,
                                                    "Actual Total Time": 86.123,
                                                    "Actual Rows": 24931,
                                                    "Actual Loops": 1
                                                },
                                                {
                                                    "Worker Number": 3,
                                                    "Actual Startup Time": 86.116,
                                                    "Actual Total Time": 86.116,
                                                    "Actual Rows": 25202,
                                                    "Actual Loops": 1
                                                },
                                                {
                                                    "Worker Number": 4,
                                                    "Actual Startup Time": 86.952,
                                                    "Actual Total Time": 86.953,
                                                    "Actual Rows": 24157,
                                                    "Actual Loops": 1
                                                }
                                            ],
                                            "Plans": [
                                                {
                                                    "Node Type": "Seq Scan",
                                                    "Parent Relationship": "Outer",
                                                    "Parallel Aware": true,
                                                    "Relation Name": "title",
                                                    "Schema": "public",
                                                    "Alias": "t",
                                                    "Startup Cost": 0.0,
                                                    "Total Cost": 45479.21,
                                                    "Plan Rows": 38475,
                                                    "Plan Width": 4,
                                                    "Actual Startup Time": 0.138,
                                                    "Actual Total Time": 78.146,
                                                    "Actual Rows": 22460,
                                                    "Actual Loops": 6,
                                                    "Output": [
                                                        "t.id"
                                                    ],
                                                    "Filter": "((t.kind_id < 7) AND (t.production_year > 2010))",
                                                    "Rows Removed by Filter": 398925,
                                                    "Workers": [
                                                        {
                                                            "Worker Number": 0,
                                                            "Actual Startup Time": 0.07,
                                                            "Actual Total Time": 77.84,
                                                            "Actual Rows": 17401,
                                                            "Actual Loops": 1
                                                        },
                                                        {
                                                            "Worker Number": 1,
                                                            "Actual Startup Time": 0.16,
                                                            "Actual Total Time": 77.006,
                                                            "Actual Rows": 16624,
                                                            "Actual Loops": 1
                                                        },
                                                        {
                                                            "Worker Number": 2,
                                                            "Actual Startup Time": 0.109,
                                                            "Actual Total Time": 76.731,
                                                            "Actual Rows": 24931,
                                                            "Actual Loops": 1
                                                        },
                                                        {
                                                            "Worker Number": 3,
                                                            "Actual Startup Time": 0.36,
                                                            "Actual Total Time": 76.731,
                                                            "Actual Rows": 25202,
                                                            "Actual Loops": 1
                                                        },
                                                        {
                                                            "Worker Number": 4,
                                                            "Actual Startup Time": 0.095,
                                                            "Actual Total Time": 77.79,
                                                            "Actual Rows": 24157,
                                                            "Actual Loops": 1
                                                        }
                                                    ]
                                                }
                                            ]
                                        }
                                    ]
                                }
                            ]
                        }
                    ]
                }
            ]
        },
        "Planning Time": 266.712,
        "Triggers": [],
        "Execution Time": 259.033
    }
]