{
  "Plan": {
    "Node Type": "Aggregate",
    "Strategy": "Plain",
    "Partial Mode": "Finalize",
    "Parallel Aware": false,
    "Startup Cost": 79897.78,
    "Total Cost": 79897.79,
    "Plan Rows": 1,
    "Plan Width": 8,
    "Actual Startup Time": 167.941,
    "Actual Total Time": 180.81,
    "Actual Rows": 1,
    "Actual Loops": 1,
    "Plans": [
      {
        "Node Type": "Gather",
        "Parent Relationship": "Outer",
        "Parallel Aware": false,
        "Startup Cost": 79897.67,
        "Total Cost": 79897.78,
        "Plan Rows": 1,
        "Plan Width": 8,
        "Actual Startup Time": 167.701,
        "Actual Total Time": 180.802,
        "Actual Rows": 2,
        "Actual Loops": 1,
        "Workers Planned": 1,
        "Workers Launched": 1,
        "Single Copy": false,
        "Plans": [
          {
            "Node Type": "Aggregate",
            "Strategy": "Plain",
            "Partial Mode": "Partial",
            "Parent Relationship": "Outer",
            "Parallel Aware": false,
            "Startup Cost": 78897.67,
            "Total Cost": 78897.68,
            "Plan Rows": 1,
            "Plan Width": 8,
            "Actual Startup Time": 161.475,
            "Actual Total Time": 161.48,
            "Actual Rows": 1,
            "Actual Loops": 2,
            "Plans": [
              {
                "Node Type": "Hash Join",
                "Parent Relationship": "Outer",
                "Parallel Aware": true,
                "Join Type": "Inner",
                "Startup Cost": 20398.06,
                "Total Cost": 78896.96,
                "Plan Rows": 281,
                "Plan Width": 0,
                "Actual Startup Time": 34.517,
                "Actual Total Time": 161.442,
                "Actual Rows": 280,
                "Actual Loops": 2,
                "Inner Unique": false,
                "Hash Cond": "(t.id = mc.movie_id)",
                "Plans": [
                  {
                    "Node Type": "Seq Scan",
                    "Parent Relationship": "Outer",
                    "Parallel Aware": true,
                    "Relation Name": "title",
                    "Alias": "t",
                    "Startup Cost": 0.0,
                    "Total Cost": 58306.47,
                    "Plan Rows": 30526,
                    "Plan Width": 4,
                    "Actual Startup Time": 0.018,
                    "Actual Total Time": 121.992,
                    "Actual Rows": 28240,
                    "Actual Loops": 2,
                    "Filter": "((kind_id = 7) AND (production_year = 2004))",
                    "Rows Removed by Filter": 1235916
                  },
                  {
                    "Node Type": "Hash",
                    "Parent Relationship": "Inner",
                    "Parallel Aware": true,
                    "Startup Cost": 20227.12,
                    "Total Cost": 20227.12,
                    "Plan Rows": 13675,
                    "Plan Width": 4,
                    "Actual Startup Time": 32.781,
                    "Actual Total Time": 32.783,
                    "Actual Rows": 21032,
                    "Actual Loops": 2,
                    "Hash Buckets": 65536,
                    "Original Hash Buckets": 32768,
                    "Hash Batches": 1,
                    "Original Hash Batches": 1,
                    "Peak Memory Usage": 2432,
                    "Plans": [
                      {
                        "Node Type": "Bitmap Heap Scan",
                        "Parent Relationship": "Outer",
                        "Parallel Aware": true,
                        "Relation Name": "movie_companies",
                        "Alias": "mc",
                        "Startup Cost": 1020.43,
                        "Total Cost": 20227.12,
                        "Plan Rows": 13675,
                        "Plan Width": 4,
                        "Actual Startup Time": 5.359,
                        "Actual Total Time": 23.867,
                        "Actual Rows": 21032,
                        "Actual Loops": 2,
                        "Recheck Cond": "(company_id = 19)",
                        "Rows Removed by Index Recheck": 0,
                        "Filter": "(company_type_id < 2)",
                        "Rows Removed by Filter": 2594,
                        "Exact Heap Blocks": 3999,
                        "Lossy Heap Blocks": 0,
                        "Plans": [
                          {
                            "Node Type": "Bitmap Index Scan",
                            "Parent Relationship": "Outer",
                            "Parallel Aware": false,
                            "Index Name": "company_id_movie_companies",
                            "Startup Cost": 0.0,
                            "Total Cost": 1014.62,
                            "Plan Rows": 47225,
                            "Plan Width": 0,
                            "Actual Startup Time": 7.389,
                            "Actual Total Time": 7.39,
                            "Actual Rows": 47252,
                            "Actual Loops": 1,
                            "Index Cond": "(company_id = 19)"
                          }
                        ]
                      }
                    ]
                  }
                ]
              }
            ]
          }
        ]
      }
    ]
  },
  "Planning Time": 0.474,
  "Triggers": [],
  "Execution Time": 180.902
}