[
  {
    "Plan": {
      "Node Type": "Aggregate",
      "Strategy": "Plain",
      "Partial Mode": "Simple",
      "Parallel Aware": false,
      "Startup Cost": 15880.62,
      "Total Cost": 15880.63,
      "Plan Rows": 1,
      "Plan Width": 8,
      "Actual Startup Time": 15.884,
      "Actual Total Time": 15.888,
      "Actual Rows": 1,
      "Actual Loops": 1,
      "Plans": [
        {
          "Node Type": "Bitmap Heap Scan",
          "Parent Relationship": "Outer",
          "Parallel Aware": false,
          "Relation Name": "movie_keyword",
          "Alias": "mk",
          "Startup Cost": 156.53,
          "Total Cost": 15862.52,
          "Plan Rows": 7238,
          "Plan Width": 0,
          "Actual Startup Time": 1.698,
          "Actual Total Time": 15.242,
          "Actual Rows": 6673,
          "Actual Loops": 1,
          "Recheck Cond": "(keyword_id = 2879)",
          "Rows Removed by Index Recheck": 0,
          "Exact Heap Blocks": 5807,
          "Lossy Heap Blocks": 0,
          "Plans": [
            {
              "Node Type": "Bitmap Index Scan",
              "Parent Relationship": "Outer",
              "Parallel Aware": false,
              "Index Name": "keyword_id_movie_keyword",
              "Startup Cost": 0.0,
              "Total Cost": 154.72,
              "Plan Rows": 7238,
              "Plan Width": 0,
              "Actual Startup Time": 1.118,
              "Actual Total Time": 1.119,
              "Actual Rows": 6673,
              "Actual Loops": 1,
              "Index Cond": "(keyword_id = 2879)"
            }
          ]
        }
      ]
    },
    "Planning Time": 0.083,
    "Triggers": [],
    "Execution Time": 15.934
  }
]