{
  "Plan": {
    "Node Type": "Aggregate",
    "Strategy": "Plain",
    "Partial Mode": "Finalize",
    "Parallel Aware": false,
    "Startup Cost": 609170.39,
    "Total Cost": 609170.4,
    "Plan Rows": 1,
    "Plan Width": 8,
    "Actual Startup Time": 6411.896,
    "Actual Total Time": 6463.474,
    "Actual Rows": 1,
    "Actual Loops": 1,
    "Plans": [
      {
        "Node Type": "Gather",
        "Parent Relationship": "Outer",
        "Parallel Aware": false,
        "Startup Cost": 609170.28,
        "Total Cost": 609170.39,
        "Plan Rows": 1,
        "Plan Width": 8,
        "Actual Startup Time": 6409.558,
        "Actual Total Time": 6463.466,
        "Actual Rows": 2,
        "Actual Loops": 1,
        "Workers Planned": 1,
        "Workers Launched": 1,
        "Single Copy": false,
        "Plans": [
          {
            "Node Type": "Aggregate",
            "Strategy": "Plain",
            "Partial Mode": "Partial",
            "Parent Relationship": "Outer",
            "Parallel Aware": false,
            "Startup Cost": 608170.28,
            "Total Cost": 608170.29,
            "Plan Rows": 1,
            "Plan Width": 8,
            "Actual Startup Time": 6400.728,
            "Actual Total Time": 6400.733,
            "Actual Rows": 1,
            "Actual Loops": 2,
            "Plans": [
              {
                "Node Type": "Hash Join",
                "Parent Relationship": "Outer",
                "Parallel Aware": true,
                "Join Type": "Inner",
                "Startup Cost": 275902.59,
                "Total Cost": 593048.95,
                "Plan Rows": 6048531,
                "Plan Width": 0,
                "Actual Startup Time": 1972.985,
                "Actual Total Time": 5571.204,
                "Actual Rows": 21015916,
                "Actual Loops": 2,
                "Inner Unique": false,
                "Hash Cond": "(mi.movie_id = t.id)",
                "Plans": [
                  {
                    "Node Type": "Seq Scan",
                    "Parent Relationship": "Outer",
                    "Parallel Aware": true,
                    "Relation Name": "movie_info",
                    "Alias": "mi",
                    "Startup Cost": 0.0,
                    "Total Cost": 248955.74,
                    "Plan Rows": 8696274,
                    "Plan Width": 4,
                    "Actual Startup Time": 0.022,
                    "Actual Total Time": 657.671,
                    "Actual Rows": 7417860,
                    "Actual Loops": 2
                  },
                  {
                    "Node Type": "Hash",
                    "Parent Relationship": "Inner",
                    "Parallel Aware": true,
                    "Startup Cost": 262972.39,
                    "Total Cost": 262972.39,
                    "Plan Rows": 1034416,
                    "Plan Width": 8,
                    "Actual Startup Time": 1956.706,
                    "Actual Total Time": 1956.708,
                    "Actual Rows": 729100,
                    "Actual Loops": 2,
                    "Hash Buckets": 2097152,
                    "Original Hash Buckets": 2097152,
                    "Hash Batches": 1,
                    "Original Hash Batches": 1,
                    "Peak Memory Usage": 73472,
                    "Plans": [
                      {
                        "Node Type": "Merge Join",
                        "Parent Relationship": "Outer",
                        "Parallel Aware": false,
                        "Join Type": "Inner",
                        "Startup Cost": 2.98,
                        "Total Cost": 262972.39,
                        "Plan Rows": 1034416,
                        "Plan Width": 8,
                        "Actual Startup Time": 0.633,
                        "Actual Total Time": 1768.335,
                        "Actual Rows": 729100,
                        "Actual Loops": 2,
                        "Inner Unique": false,
                        "Merge Cond": "(t.id = mc.movie_id)",
                        "Plans": [
                          {
                            "Node Type": "Index Scan",
                            "Parent Relationship": "Outer",
                            "Parallel Aware": true,
                            "Scan Direction": "Forward",
                            "Index Name": "title_pkey",
                            "Relation Name": "title",
                            "Alias": "t",
                            "Startup Cost": 0.43,
                            "Total Cost": 103647.43,
                            "Plan Rows": 1002368,
                            "Plan Width": 4,
                            "Actual Startup Time": 0.345,
                            "Actual Total Time": 814.707,
                            "Actual Rows": 849886,
                            "Actual Loops": 2,
                            "Filter": "(production_year > 1992)",
                            "Rows Removed by Filter": 413042
                          },
                          {
                            "Node Type": "Index Only Scan",
                            "Parent Relationship": "Inner",
                            "Parallel Aware": false,
                            "Scan Direction": "Forward",
                            "Index Name": "movie_id_movie_companies",
                            "Relation Name": "movie_companies",
                            "Alias": "mc",
                            "Startup Cost": 0.43,
                            "Total Cost": 140059.44,
                            "Plan Rows": 2609129,
                            "Plan Width": 4,
                            "Actual Startup Time": 0.125,
                            "Actual Total Time": 737.777,
                            "Actual Rows": 2609129,
                            "Actual Loops": 2,
                            "Heap Fetches": 5218258
                          }
                        ]
                      }
                    ]
                  }
                ]
              }
            ]
          }
        ]
      }
    ]
  },
  "Planning Time": 0.822,
  "Triggers": [],
  "Execution Time": 6463.601
}