{
  "Plan": {
    "Node Type": "Aggregate",
    "Strategy": "Plain",
    "Partial Mode": "Finalize",
    "Parallel Aware": false,
    "Startup Cost": 143196.66,
    "Total Cost": 143196.67,
    "Plan Rows": 1,
    "Plan Width": 8,
    "Actual Startup Time": 629.674,
    "Actual Total Time": 643.223,
    "Actual Rows": 1,
    "Actual Loops": 1,
    "Plans": [
      {
        "Node Type": "Gather",
        "Parent Relationship": "Outer",
        "Parallel Aware": false,
        "Startup Cost": 143196.54,
        "Total Cost": 143196.65,
        "Plan Rows": 1,
        "Plan Width": 8,
        "Actual Startup Time": 629.35,
        "Actual Total Time": 643.216,
        "Actual Rows": 2,
        "Actual Loops": 1,
        "Workers Planned": 1,
        "Workers Launched": 1,
        "Single Copy": false,
        "Plans": [
          {
            "Node Type": "Aggregate",
            "Strategy": "Plain",
            "Partial Mode": "Partial",
            "Parent Relationship": "Outer",
            "Parallel Aware": false,
            "Startup Cost": 142196.54,
            "Total Cost": 142196.55,
            "Plan Rows": 1,
            "Plan Width": 8,
            "Actual Startup Time": 623.115,
            "Actual Total Time": 623.122,
            "Actual Rows": 1,
            "Actual Loops": 2,
            "Plans": [
              {
                "Node Type": "Hash Join",
                "Parent Relationship": "Outer",
                "Parallel Aware": true,
                "Join Type": "Inner",
                "Startup Cost": 80806.5,
                "Total Cost": 142093.52,
                "Plan Rows": 41209,
                "Plan Width": 0,
                "Actual Startup Time": 516.078,
                "Actual Total Time": 616.253,
                "Actual Rows": 166233,
                "Actual Loops": 2,
                "Inner Unique": false,
                "Hash Cond": "(mk.movie_id = t.id)",
                "Plans": [
                  {
                    "Node Type": "Seq Scan",
                    "Parent Relationship": "Outer",
                    "Parallel Aware": true,
                    "Relation Name": "movie_keyword",
                    "Alias": "mk",
                    "Startup Cost": 0.0,
                    "Total Cost": 51065.35,
                    "Plan Rows": 2661135,
                    "Plan Width": 4,
                    "Actual Startup Time": 0.015,
                    "Actual Total Time": 163.821,
                    "Actual Rows": 2261965,
                    "Actual Loops": 2
                  },
                  {
                    "Node Type": "Hash",
                    "Parent Relationship": "Inner",
                    "Parallel Aware": true,
                    "Startup Cost": 80518.61,
                    "Total Cost": 80518.61,
                    "Plan Rows": 23031,
                    "Plan Width": 8,
                    "Actual Startup Time": 285.446,
                    "Actual Total Time": 285.451,
                    "Actual Rows": 18324,
                    "Actual Loops": 2,
                    "Hash Buckets": 65536,
                    "Original Hash Buckets": 65536,
                    "Hash Batches": 1,
                    "Original Hash Batches": 1,
                    "Peak Memory Usage": 1984,
                    "Plans": [
                      {
                        "Node Type": "Hash Join",
                        "Parent Relationship": "Outer",
                        "Parallel Aware": true,
                        "Join Type": "Inner",
                        "Startup Cost": 20217.63,
                        "Total Cost": 80518.61,
                        "Plan Rows": 23031,
                        "Plan Width": 8,
                        "Actual Startup Time": 198.219,
                        "Actual Total Time": 281.229,
                        "Actual Rows": 18324,
                        "Actual Loops": 2,
                        "Inner Unique": false,
                        "Hash Cond": "(t.id = mc.movie_id)",
                        "Plans": [
                          {
                            "Node Type": "Seq Scan",
                            "Parent Relationship": "Outer",
                            "Parallel Aware": true,
                            "Relation Name": "title",
                            "Alias": "t",
                            "Startup Cost": 0.0,
                            "Total Cost": 50870.31,
                            "Plan Rows": 1487231,
                            "Plan Width": 4,
                            "Actual Startup Time": 0.011,
                            "Actual Total Time": 124.324,
                            "Actual Rows": 1264156,
                            "Actual Loops": 2
                          },
                          {
                            "Node Type": "Hash",
                            "Parent Relationship": "Inner",
                            "Parallel Aware": true,
                            "Startup Cost": 19929.74,
                            "Total Cost": 19929.74,
                            "Plan Rows": 23031,
                            "Plan Width": 4,
                            "Actual Startup Time": 22.997,
                            "Actual Total Time": 22.999,
                            "Actual Rows": 18324,
                            "Actual Loops": 2,
                            "Hash Buckets": 65536,
                            "Original Hash Buckets": 65536,
                            "Hash Batches": 1,
                            "Original Hash Batches": 1,
                            "Peak Memory Usage": 1984,
                            "Plans": [
                              {
                                "Node Type": "Bitmap Heap Scan",
                                "Parent Relationship": "Outer",
                                "Parallel Aware": true,
                                "Relation Name": "movie_companies",
                                "Alias": "mc",
                                "Startup Cost": 851.86,
                                "Total Cost": 19929.74,
                                "Plan Rows": 23031,
                                "Plan Width": 4,
                                "Actual Startup Time": 2.685,
                                "Actual Total Time": 15.375,
                                "Actual Rows": 18324,
                                "Actual Loops": 2,
                                "Recheck Cond": "(company_id > 202135)",
                                "Rows Removed by Index Recheck": 0,
                                "Exact Heap Blocks": 1012,
                                "Lossy Heap Blocks": 0,
                                "Plans": [
                                  {
                                    "Node Type": "Bitmap Index Scan",
                                    "Parent Relationship": "Outer",
                                    "Parallel Aware": false,
                                    "Index Name": "company_id_movie_companies",
                                    "Startup Cost": 0.0,
                                    "Total Cost": 842.07,
                                    "Plan Rows": 39152,
                                    "Plan Width": 0,
                                    "Actual Startup Time": 4.633,
                                    "Actual Total Time": 4.633,
                                    "Actual Rows": 36647,
                                    "Actual Loops": 1,
                                    "Index Cond": "(company_id > 202135)"
                                  }
                                ]
                              }
                            ]
                          }
                        ]
                      }
                    ]
                  }
                ]
              }
            ]
          }
        ]
      }
    ]
  },
  "Planning Time": 1.143,
  "Triggers": [],
  "Execution Time": 643.33
}