[
  {
    "Plan": {
      "Node Type": "Aggregate",
      "Strategy": "Plain",
      "Partial Mode": "Simple",
      "Parallel Aware": false,
      "Startup Cost": 7415.76,
      "Total Cost": 7415.77,
      "Plan Rows": 1,
      "Plan Width": 96,
      "Actual Startup Time": 470.334,
      "Actual Total Time": 470.342,
      "Actual Rows": 1,
      "Actual Loops": 1,
      "Plans": [
        {
          "Node Type": "Nested Loop",
          "Parent Relationship": "Outer",
          "Parallel Aware": false,
          "Join Type": "Inner",
          "Startup Cost": 12.9,
          "Total Cost": 7415.75,
          "Plan Rows": 1,
          "Plan Width": 41,
          "Actual Startup Time": 32.781,
          "Actual Total Time": 470.3,
          "Actual Rows": 31,
          "Actual Loops": 1,
          "Inner Unique": true,
          "Join Filter": "(mi.info_type_id = it1.id)",
          "Rows Removed by Join Filter": 3,
          "Plans": [
            {
              "Node Type": "Nested Loop",
              "Parent Relationship": "Outer",
              "Parallel Aware": false,
              "Join Type": "Inner",
              "Startup Cost": 12.9,
              "Total Cost": 7413.32,
              "Plan Rows": 1,
              "Plan Width": 45,
              "Actual Startup Time": 32.772,
              "Actual Total Time": 470.035,
              "Actual Rows": 34,
              "Actual Loops": 1,
              "Inner Unique": false,
              "Join Filter": "(t.id = mi.movie_id)",
              "Rows Removed by Join Filter": 0,
              "Plans": [
                {
                  "Node Type": "Nested Loop",
                  "Parent Relationship": "Outer",
                  "Parallel Aware": false,
                  "Join Type": "Inner",
                  "Startup Cost": 12.46,
                  "Total Cost": 7411.79,
                  "Plan Rows": 1,
                  "Plan Width": 57,
                  "Actual Startup Time": 32.605,
                  "Actual Total Time": 466.075,
                  "Actual Rows": 50,
                  "Actual Loops": 1,
                  "Inner Unique": true,
                  "Join Filter": "(mc.company_type_id = ct.id)",
                  "Rows Removed by Join Filter": 0,
                  "Plans": [
                    {
                      "Node Type": "Nested Loop",
                      "Parent Relationship": "Outer",
                      "Parallel Aware": false,
                      "Join Type": "Inner",
                      "Startup Cost": 12.46,
                      "Total Cost": 7410.7,
                      "Plan Rows": 1,
                      "Plan Width": 61,
                      "Actual Startup Time": 32.597,
                      "Actual Total Time": 465.793,
                      "Actual Rows": 50,
                      "Actual Loops": 1,
                      "Inner Unique": true,
                      "Plans": [
                        {
                          "Node Type": "Nested Loop",
                          "Parent Relationship": "Outer",
                          "Parallel Aware": false,
                          "Join Type": "Inner",
                          "Startup Cost": 12.04,
                          "Total Cost": 7410.16,
                          "Plan Rows": 1,
                          "Plan Width": 46,
                          "Actual Startup Time": 32.556,
                          "Actual Total Time": 464.621,
                          "Actual Rows": 78,
                          "Actual Loops": 1,
                          "Inner Unique": false,
                          "Join Filter": "(t.id = mc.movie_id)",
                          "Rows Removed by Join Filter": 0,
                          "Plans": [
                            {
                              "Node Type": "Nested Loop",
                              "Parent Relationship": "Outer",
                              "Parallel Aware": false,
                              "Join Type": "Inner",
                              "Startup Cost": 11.61,
                              "Total Cost": 7409.58,
                              "Plan Rows": 1,
                              "Plan Width": 34,
                              "Actual Startup Time": 14.155,
                              "Actual Total Time": 435.287,
                              "Actual Rows": 1615,
                              "Actual Loops": 1,
                              "Inner Unique": false,
                              "Join Filter": "(mi_idx.info_type_id = it2.id)",
                              "Rows Removed by Join Filter": 4362,
                              "Plans": [
                                {
                                  "Node Type": "Seq Scan",
                                  "Parent Relationship": "Outer",
                                  "Parallel Aware": false,
                                  "Relation Name": "info_type",
                                  "Alias": "it2",
                                  "Startup Cost": 0.0,
                                  "Total Cost": 2.41,
                                  "Plan Rows": 1,
                                  "Plan Width": 4,
                                  "Actual Startup Time": 0.019,
                                  "Actual Total Time": 0.022,
                                  "Actual Rows": 1,
                                  "Actual Loops": 1,
                                  "Filter": "((info)::text = 'rating'::text)",
                                  "Rows Removed by Filter": 112
                                },
                                {
                                  "Node Type": "Nested Loop",
                                  "Parent Relationship": "Inner",
                                  "Parallel Aware": false,
                                  "Join Type": "Inner",
                                  "Startup Cost": 11.61,
                                  "Total Cost": 7406.93,
                                  "Plan Rows": 19,
                                  "Plan Width": 38,
                                  "Actual Startup Time": 5.741,
                                  "Actual Total Time": 434.377,
                                  "Actual Rows": 5977,
                                  "Actual Loops": 1,
                                  "Inner Unique": false,
                                  "Join Filter": "(t.id = mi_idx.movie_id)",
                                  "Rows Removed by Join Filter": 0,
                                  "Plans": [
                                    {
                                      "Node Type": "Nested Loop",
                                      "Parent Relationship": "Outer",
                                      "Parallel Aware": false,
                                      "Join Type": "Inner",
                                      "Startup Cost": 11.19,
                                      "Total Cost": 7402.73,
                                      "Plan Rows": 8,
                                      "Plan Width": 25,
                                      "Actual Startup Time": 5.705,
                                      "Actual Total Time": 400.268,
                                      "Actual Rows": 3517,
                                      "Actual Loops": 1,
                                      "Inner Unique": true,
                                      "Join Filter": "(t.kind_id = kt.id)",
                                      "Rows Removed by Join Filter": 1618,
                                      "Plans": [
                                        {
                                          "Node Type": "Nested Loop",
                                          "Parent Relationship": "Outer",
                                          "Parallel Aware": false,
                                          "Join Type": "Inner",
                                          "Startup Cost": 11.19,
                                          "Total Cost": 7400.84,
                                          "Plan Rows": 28,
                                          "Plan Width": 29,
                                          "Actual Startup Time": 5.683,
                                          "Actual Total Time": 397.901,
                                          "Actual Rows": 4040,
                                          "Actual Loops": 1,
                                          "Inner Unique": true,
                                          "Plans": [
                                            {
                                              "Node Type": "Nested Loop",
                                              "Parent Relationship": "Outer",
                                              "Parallel Aware": false,
                                              "Join Type": "Inner",
                                              "Startup Cost": 10.76,
                                              "Total Cost": 7334.72,
                                              "Plan Rows": 135,
                                              "Plan Width": 4,
                                              "Actual Startup Time": 5.443,
                                              "Actual Total Time": 145.099,
                                              "Actual Rows": 37091,
                                              "Actual Loops": 1,
                                              "Inner Unique": false,
                                              "Plans": [
                                                {
                                                  "Node Type": "Seq Scan",
                                                  "Parent Relationship": "Outer",
                                                  "Parallel Aware": false,
                                                  "Relation Name": "keyword",
                                                  "Alias": "k",
                                                  "Startup Cost": 0.0,
                                                  "Total Cost": 2961.55,
                                                  "Plan Rows": 4,
                                                  "Plan Width": 4,
                                                  "Actual Startup Time": 1.498,
                                                  "Actual Total Time": 23.74,
                                                  "Actual Rows": 3,
                                                  "Actual Loops": 1,
                                                  "Filter": "(keyword = ANY ('{murder,murder-in-title,blood,violence}'::text[]))",
                                                  "Rows Removed by Filter": 134167
                                                },
                                                {
                                                  "Node Type": "Bitmap Heap Scan",
                                                  "Parent Relationship": "Inner",
                                                  "Parallel Aware": false,
                                                  "Relation Name": "movie_keyword",
                                                  "Alias": "mk",
                                                  "Startup Cost": 10.76,
                                                  "Total Cost": 1090.29,
                                                  "Plan Rows": 300,
                                                  "Plan Width": 8,
                                                  "Actual Startup Time": 3.797,
                                                  "Actual Total Time": 37.997,
                                                  "Actual Rows": 12364,
                                                  "Actual Loops": 3,
                                                  "Recheck Cond": "(keyword_id = k.id)",
                                                  "Rows Removed by Index Recheck": 0,
                                                  "Exact Heap Blocks": 26312,
                                                  "Lossy Heap Blocks": 0,
                                                  "Plans": [
                                                    {
                                                      "Node Type": "Bitmap Index Scan",
                                                      "Parent Relationship": "Outer",
                                                      "Parallel Aware": false,
                                                      "Index Name": "keyword_id_movie_keyword",
                                                      "Startup Cost": 0.0,
                                                      "Total Cost": 10.68,
                                                      "Plan Rows": 300,
                                                      "Plan Width": 0,
                                                      "Actual Startup Time": 2.209,
                                                      "Actual Total Time": 2.209,
                                                      "Actual Rows": 12364,
                                                      "Actual Loops": 3,
                                                      "Index Cond": "(keyword_id = k.id)"
                                                    }
                                                  ]
                                                }
                                              ]
                                            },
                                            {
                                              "Node Type": "Index Scan",
                                              "Parent Relationship": "Inner",
                                              "Parallel Aware": false,
                                              "Scan Direction": "Forward",
                                              "Index Name": "title_pkey",
                                              "Relation Name": "title",
                                              "Alias": "t",
                                              "Startup Cost": 0.43,
                                              "Total Cost": 0.49,
                                              "Plan Rows": 1,
                                              "Plan Width": 25,
                                              "Actual Startup Time": 0.006,
                                              "Actual Total Time": 0.006,
                                              "Actual Rows": 0,
                                              "Actual Loops": 37091,
                                              "Index Cond": "(id = mk.movie_id)",
                                              "Rows Removed by Index Recheck": 0,
                                              "Filter": "(production_year > 2009)",
                                              "Rows Removed by Filter": 1
                                            }
                                          ]
                                        },
                                        {
                                          "Node Type": "Materialize",
                                          "Parent Relationship": "Inner",
                                          "Parallel Aware": false,
                                          "Startup Cost": 0.0,
                                          "Total Cost": 1.1,
                                          "Plan Rows": 2,
                                          "Plan Width": 4,
                                          "Actual Startup Time": 0.0,
                                          "Actual Total Time": 0.0,
                                          "Actual Rows": 1,
                                          "Actual Loops": 4040,
                                          "Plans": [
                                            {
                                              "Node Type": "Seq Scan",
                                              "Parent Relationship": "Outer",
                                              "Parallel Aware": false,
                                              "Relation Name": "kind_type",
                                              "Alias": "kt",
                                              "Startup Cost": 0.0,
                                              "Total Cost": 1.09,
                                              "Plan Rows": 2,
                                              "Plan Width": 4,
                                              "Actual Startup Time": 0.013,
                                              "Actual Total Time": 0.015,
                                              "Actual Rows": 2,
                                              "Actual Loops": 1,
                                              "Filter": "((kind)::text = ANY ('{movie,episode}'::text[]))",
                                              "Rows Removed by Filter": 5
                                            }
                                          ]
                                        }
                                      ]
                                    },
                                    {
                                      "Node Type": "Index Scan",
                                      "Parent Relationship": "Inner",
                                      "Parallel Aware": false,
                                      "Scan Direction": "Forward",
                                      "Index Name": "movie_id_movie_info_idx",
                                      "Relation Name": "movie_info_idx",
                                      "Alias": "mi_idx",
                                      "Startup Cost": 0.43,
                                      "Total Cost": 0.5,
                                      "Plan Rows": 2,
                                      "Plan Width": 13,
                                      "Actual Startup Time": 0.008,
                                      "Actual Total Time": 0.009,
                                      "Actual Rows": 2,
                                      "Actual Loops": 3517,
                                      "Index Cond": "(movie_id = mk.movie_id)",
                                      "Rows Removed by Index Recheck": 0,
                                      "Filter": "(info < '7.0'::text)",
                                      "Rows Removed by Filter": 0
                                    }
                                  ]
                                }
                              ]
                            },
                            {
                              "Node Type": "Index Scan",
                              "Parent Relationship": "Inner",
                              "Parallel Aware": false,
                              "Scan Direction": "Forward",
                              "Index Name": "movie_id_movie_companies",
                              "Relation Name": "movie_companies",
                              "Alias": "mc",
                              "Startup Cost": 0.43,
                              "Total Cost": 0.57,
                              "Plan Rows": 1,
                              "Plan Width": 12,
                              "Actual Startup Time": 0.017,
                              "Actual Total Time": 0.018,
                              "Actual Rows": 0,
                              "Actual Loops": 1615,
                              "Index Cond": "(movie_id = mk.movie_id)",
                              "Rows Removed by Index Recheck": 0,
                              "Filter": "((note !~~ '%(USA)%'::text) AND (note ~~ '%(200%)%'::text))",
                              "Rows Removed by Filter": 12
                            }
                          ]
                        },
                        {
                          "Node Type": "Index Scan",
                          "Parent Relationship": "Inner",
                          "Parallel Aware": false,
                          "Scan Direction": "Forward",
                          "Index Name": "company_name_pkey",
                          "Relation Name": "company_name",
                          "Alias": "cn",
                          "Startup Cost": 0.42,
                          "Total Cost": 0.54,
                          "Plan Rows": 1,
                          "Plan Width": 23,
                          "Actual Startup Time": 0.014,
                          "Actual Total Time": 0.014,
                          "Actual Rows": 1,
                          "Actual Loops": 78,
                          "Index Cond": "(id = mc.company_id)",
                          "Rows Removed by Index Recheck": 0,
                          "Filter": "((country_code)::text <> '[us]'::text)",
                          "Rows Removed by Filter": 0
                        }
                      ]
                    },
                    {
                      "Node Type": "Seq Scan",
                      "Parent Relationship": "Inner",
                      "Parallel Aware": false,
                      "Relation Name": "company_type",
                      "Alias": "ct",
                      "Startup Cost": 0.0,
                      "Total Cost": 1.04,
                      "Plan Rows": 4,
                      "Plan Width": 4,
                      "Actual Startup Time": 0.002,
                      "Actual Total Time": 0.002,
                      "Actual Rows": 1,
                      "Actual Loops": 50
                    }
                  ]
                },
                {
                  "Node Type": "Index Scan",
                  "Parent Relationship": "Inner",
                  "Parallel Aware": false,
                  "Scan Direction": "Forward",
                  "Index Name": "movie_id_movie_info",
                  "Relation Name": "movie_info",
                  "Alias": "mi",
                  "Startup Cost": 0.43,
                  "Total Cost": 1.5,
                  "Plan Rows": 2,
                  "Plan Width": 8,
                  "Actual Startup Time": 0.073,
                  "Actual Total Time": 0.078,
                  "Actual Rows": 1,
                  "Actual Loops": 50,
                  "Index Cond": "(movie_id = mk.movie_id)",
                  "Rows Removed by Index Recheck": 0,
                  "Filter": "(info = ANY ('{Germany,German,USA,American}'::text[]))",
                  "Rows Removed by Filter": 53
                }
              ]
            },
            {
              "Node Type": "Seq Scan",
              "Parent Relationship": "Inner",
              "Parallel Aware": false,
              "Relation Name": "info_type",
              "Alias": "it1",
              "Startup Cost": 0.0,
              "Total Cost": 2.41,
              "Plan Rows": 1,
              "Plan Width": 4,
              "Actual Startup Time": 0.004,
              "Actual Total Time": 0.005,
              "Actual Rows": 1,
              "Actual Loops": 34,
              "Filter": "((info)::text = 'countries'::text)",
              "Rows Removed by Filter": 16
            }
          ]
        }
      ]
    },
    "Planning Time": 59.159,
    "Triggers": [],
    "Execution Time": 470.706
  }
]