{
  "Plan": {
    "Node Type": "Aggregate",
    "Strategy": "Plain",
    "Partial Mode": "Finalize",
    "Parallel Aware": false,
    "Startup Cost": 166984.14,
    "Total Cost": 166984.15,
    "Plan Rows": 1,
    "Plan Width": 8,
    "Actual Startup Time": 845.936,
    "Actual Total Time": 870.843,
    "Actual Rows": 1,
    "Actual Loops": 1,
    "Plans": [
      {
        "Node Type": "Gather",
        "Parent Relationship": "Outer",
        "Parallel Aware": false,
        "Startup Cost": 166984.03,
        "Total Cost": 166984.14,
        "Plan Rows": 1,
        "Plan Width": 8,
        "Actual Startup Time": 844.241,
        "Actual Total Time": 870.833,
        "Actual Rows": 2,
        "Actual Loops": 1,
        "Workers Planned": 1,
        "Workers Launched": 1,
        "Single Copy": false,
        "Plans": [
          {
            "Node Type": "Aggregate",
            "Strategy": "Plain",
            "Partial Mode": "Partial",
            "Parent Relationship": "Outer",
            "Parallel Aware": false,
            "Startup Cost": 165984.03,
            "Total Cost": 165984.04,
            "Plan Rows": 1,
            "Plan Width": 8,
            "Actual Startup Time": 838.632,
            "Actual Total Time": 838.925,
            "Actual Rows": 1,
            "Actual Loops": 2,
            "Plans": [
              {
                "Node Type": "Hash Join",
                "Parent Relationship": "Outer",
                "Parallel Aware": true,
                "Join Type": "Inner",
                "Startup Cost": 124458.41,
                "Total Cost": 165497.18,
                "Plan Rows": 194739,
                "Plan Width": 0,
                "Actual Startup Time": 574.354,
                "Actual Total Time": 831.758,
                "Actual Rows": 140930,
                "Actual Loops": 2,
                "Inner Unique": false,
                "Hash Cond": "(mc.movie_id = t.id)",
                "Plans": [
                  {
                    "Node Type": "Seq Scan",
                    "Parent Relationship": "Outer",
                    "Parallel Aware": true,
                    "Relation Name": "movie_companies",
                    "Alias": "mc",
                    "Startup Cost": 0.0,
                    "Total Cost": 34137.82,
                    "Plan Rows": 1534782,
                    "Plan Width": 4,
                    "Actual Startup Time": 0.02,
                    "Actual Total Time": 112.481,
                    "Actual Rows": 1304564,
                    "Actual Loops": 2
                  },
                  {
                    "Node Type": "Hash",
                    "Parent Relationship": "Inner",
                    "Parallel Aware": true,
                    "Startup Cost": 122099.6,
                    "Total Cost": 122099.6,
                    "Plan Rows": 188705,
                    "Plan Width": 8,
                    "Actual Startup Time": 568.877,
                    "Actual Total Time": 569.169,
                    "Actual Rows": 47444,
                    "Actual Loops": 2,
                    "Hash Buckets": 524288,
                    "Original Hash Buckets": 524288,
                    "Hash Batches": 1,
                    "Original Hash Batches": 1,
                    "Peak Memory Usage": 7840,
                    "Plans": [
                      {
                        "Node Type": "Hash Join",
                        "Parent Relationship": "Outer",
                        "Parallel Aware": true,
                        "Join Type": "Inner",
                        "Startup Cost": 61211.88,
                        "Total Cost": 122099.6,
                        "Plan Rows": 188705,
                        "Plan Width": 8,
                        "Actual Startup Time": 228.993,
                        "Actual Total Time": 557.105,
                        "Actual Rows": 47444,
                        "Actual Loops": 2,
                        "Inner Unique": true,
                        "Hash Cond": "(mk.movie_id = t.id)",
                        "Plans": [
                          {
                            "Node Type": "Seq Scan",
                            "Parent Relationship": "Outer",
                            "Parallel Aware": true,
                            "Relation Name": "movie_keyword",
                            "Alias": "mk",
                            "Startup Cost": 0.0,
                            "Total Cost": 57718.19,
                            "Plan Rows": 1207439,
                            "Plan Width": 4,
                            "Actual Startup Time": 0.017,
                            "Actual Total Time": 210.533,
                            "Actual Rows": 1023398,
                            "Actual Loops": 2,
                            "Filter": "(keyword_id < 3658)",
                            "Rows Removed by Filter": 1238568
                          },
                          {
                            "Node Type": "Hash",
                            "Parent Relationship": "Inner",
                            "Parallel Aware": true,
                            "Startup Cost": 58306.47,
                            "Total Cost": 58306.47,
                            "Plan Rows": 232433,
                            "Plan Width": 4,
                            "Actual Startup Time": 224.923,
                            "Actual Total Time": 224.925,
                            "Actual Rows": 200594,
                            "Actual Loops": 2,
                            "Hash Buckets": 524288,
                            "Original Hash Buckets": 524288,
                            "Hash Batches": 1,
                            "Original Hash Batches": 1,
                            "Peak Memory Usage": 19808,
                            "Plans": [
                              {
                                "Node Type": "Seq Scan",
                                "Parent Relationship": "Outer",
                                "Parallel Aware": true,
                                "Relation Name": "title",
                                "Alias": "t",
                                "Startup Cost": 0.0,
                                "Total Cost": 58306.47,
                                "Plan Rows": 232433,
                                "Plan Width": 4,
                                "Actual Startup Time": 0.032,
                                "Actual Total Time": 167.993,
                                "Actual Rows": 200594,
                                "Actual Loops": 2,
                                "Filter": "((kind_id > 1) AND (production_year > 2009))",
                                "Rows Removed by Filter": 1063562
                              }
                            ]
                          }
                        ]
                      }
                    ]
                  }
                ]
              }
            ]
          }
        ]
      }
    ]
  },
  "Planning Time": 1.014,
  "Triggers": [],
  "Execution Time": 870.929
}