[
  {
    "Plan": {
      "Node Type": "Aggregate",
      "Strategy": "Plain",
      "Partial Mode": "Finalize",
      "Parallel Aware": false,
      "Startup Cost": 45648.63,
      "Total Cost": 45648.64,
      "Plan Rows": 1,
      "Plan Width": 8,
      "Actual Startup Time": 141.96,
      "Actual Total Time": 148.462,
      "Actual Rows": 1,
      "Actual Loops": 1,
      "Plans": [
        {
          "Node Type": "Gather",
          "Parent Relationship": "Outer",
          "Parallel Aware": false,
          "Startup Cost": 45648.31,
          "Total Cost": 45648.62,
          "Plan Rows": 3,
          "Plan Width": 8,
          "Actual Startup Time": 141.819,
          "Actual Total Time": 148.454,
          "Actual Rows": 4,
          "Actual Loops": 1,
          "Workers Planned": 3,
          "Workers Launched": 3,
          "Single Copy": false,
          "Plans": [
            {
              "Node Type": "Aggregate",
              "Strategy": "Plain",
              "Partial Mode": "Partial",
              "Parent Relationship": "Outer",
              "Parallel Aware": false,
              "Startup Cost": 44648.31,
              "Total Cost": 44648.32,
              "Plan Rows": 1,
              "Plan Width": 8,
              "Actual Startup Time": 136.819,
              "Actual Total Time": 136.82,
              "Actual Rows": 1,
              "Actual Loops": 4,
              "Plans": [
                {
                  "Node Type": "Seq Scan",
                  "Parent Relationship": "Outer",
                  "Parallel Aware": true,
                  "Relation Name": "movie_keyword",
                  "Alias": "mk",
                  "Startup Cost": 0.0,
                  "Total Cost": 42695.65,
                  "Plan Rows": 781064,
                  "Plan Width": 0,
                  "Actual Startup Time": 0.036,
                  "Actual Total Time": 108.54,
                  "Actual Rows": 609266,
                  "Actual Loops": 4,
                  "Filter": "(keyword_id < 5792)",
                  "Rows Removed by Filter": 521716
                }
              ]
            }
          ]
        }
      ]
    },
    "Planning Time": 0.178,
    "Triggers": [],
    "Execution Time": 148.513
  }
]