[
  {
    "Plan": {
      "Node Type": "Aggregate",
      "Strategy": "Plain",
      "Partial Mode": "Finalize",
      "Parallel Aware": false,
      "Startup Cost": 190600.61,
      "Total Cost": 190600.62,
      "Plan Rows": 1,
      "Plan Width": 8,
      "Actual Startup Time": 1133.97,
      "Actual Total Time": 1219.425,
      "Actual Rows": 1,
      "Actual Loops": 1,
      "Plans": [
        {
          "Node Type": "Gather",
          "Parent Relationship": "Outer",
          "Parallel Aware": false,
          "Startup Cost": 190600.3,
          "Total Cost": 190600.61,
          "Plan Rows": 3,
          "Plan Width": 8,
          "Actual Startup Time": 1132.516,
          "Actual Total Time": 1219.417,
          "Actual Rows": 4,
          "Actual Loops": 1,
          "Workers Planned": 3,
          "Workers Launched": 3,
          "Single Copy": false,
          "Plans": [
            {
              "Node Type": "Aggregate",
              "Strategy": "Plain",
              "Partial Mode": "Partial",
              "Parent Relationship": "Outer",
              "Parallel Aware": false,
              "Startup Cost": 189600.3,
              "Total Cost": 189600.31,
              "Plan Rows": 1,
              "Plan Width": 8,
              "Actual Startup Time": 1123.137,
              "Actual Total Time": 1123.14,
              "Actual Rows": 1,
              "Actual Loops": 4,
              "Plans": [
                {
                  "Node Type": "Nested Loop",
                  "Parent Relationship": "Outer",
                  "Parallel Aware": false,
                  "Join Type": "Inner",
                  "Startup Cost": 45009.27,
                  "Total Cost": 188693.04,
                  "Plan Rows": 362904,
                  "Plan Width": 0,
                  "Actual Startup Time": 155.976,
                  "Actual Total Time": 1092.295,
                  "Actual Rows": 665867,
                  "Actual Loops": 4,
                  "Inner Unique": false,
                  "Join Filter": "(t.id = ci.movie_id)",
                  "Rows Removed by Join Filter": 0,
                  "Plans": [
                    {
                      "Node Type": "Hash Join",
                      "Parent Relationship": "Outer",
                      "Parallel Aware": true,
                      "Join Type": "Inner",
                      "Startup Cost": 45008.7,
                      "Total Cost": 76896.82,
                      "Plan Rows": 25326,
                      "Plan Width": 8,
                      "Actual Startup Time": 155.839,
                      "Actual Total Time": 260.119,
                      "Actual Rows": 47780,
                      "Actual Loops": 4,
                      "Inner Unique": true,
                      "Hash Cond": "(mc.movie_id = t.id)",
                      "Plans": [
                        {
                          "Node Type": "Seq Scan",
                          "Parent Relationship": "Outer",
                          "Parallel Aware": true,
                          "Relation Name": "movie_companies",
                          "Alias": "mc",
                          "Startup Cost": 0.0,
                          "Total Cost": 31414.82,
                          "Plan Rows": 180306,
                          "Plan Width": 4,
                          "Actual Startup Time": 28.752,
                          "Actual Total Time": 64.268,
                          "Actual Rows": 213694,
                          "Actual Loops": 4,
                          "Filter": "((company_id > 14002) AND (company_type_id = 2))",
                          "Rows Removed by Filter": 438589
                        },
                        {
                          "Node Type": "Hash",
                          "Parent Relationship": "Inner",
                          "Parallel Aware": true,
                          "Startup Cost": 43898.92,
                          "Total Cost": 43898.92,
                          "Plan Rows": 88783,
                          "Plan Width": 4,
                          "Actual Startup Time": 123.605,
                          "Actual Total Time": 123.606,
                          "Actual Rows": 91608,
                          "Actual Loops": 4,
                          "Hash Buckets": 524288,
                          "Original Hash Buckets": 524288,
                          "Hash Batches": 1,
                          "Original Hash Batches": 1,
                          "Peak Memory Usage": 18528,
                          "Plans": [
                            {
                              "Node Type": "Seq Scan",
                              "Parent Relationship": "Outer",
                              "Parallel Aware": true,
                              "Relation Name": "title",
                              "Alias": "t",
                              "Startup Cost": 0.0,
                              "Total Cost": 43898.92,
                              "Plan Rows": 88783,
                              "Plan Width": 4,
                              "Actual Startup Time": 0.043,
                              "Actual Total Time": 93.997,
                              "Actual Rows": 91608,
                              "Actual Loops": 4,
                              "Filter": "(production_year < 1970)",
                              "Rows Removed by Filter": 540470
                            }
                          ]
                        }
                      ]
                    },
                    {
                      "Node Type": "Index Only Scan",
                      "Parent Relationship": "Inner",
                      "Parallel Aware": false,
                      "Scan Direction": "Forward",
                      "Index Name": "movie_id_cast_info",
                      "Relation Name": "cast_info",
                      "Alias": "ci",
                      "Startup Cost": 0.56,
                      "Total Cost": 3.95,
                      "Plan Rows": 37,
                      "Plan Width": 4,
                      "Actual Startup Time": 0.004,
                      "Actual Total Time": 0.016,
                      "Actual Rows": 14,
                      "Actual Loops": 191120,
                      "Index Cond": "(movie_id = mc.movie_id)",
                      "Rows Removed by Index Recheck": 0,
                      "Heap Fetches": 2663469
                    }
                  ]
                }
              ]
            }
          ]
        }
      ]
    },
    "Planning Time": 1.245,
    "Triggers": [],
    "Execution Time": 1219.568
  }
]