[
  {
    "Plan": {
      "Node Type": "Aggregate",
      "Strategy": "Plain",
      "Partial Mode": "Finalize",
      "Parallel Aware": false,
      "Startup Cost": 45572.32,
      "Total Cost": 45572.33,
      "Plan Rows": 1,
      "Plan Width": 8,
      "Actual Startup Time": 131.21,
      "Actual Total Time": 139.129,
      "Actual Rows": 1,
      "Actual Loops": 1,
      "Plans": [
        {
          "Node Type": "Gather",
          "Parent Relationship": "Outer",
          "Parallel Aware": false,
          "Startup Cost": 45572.0,
          "Total Cost": 45572.31,
          "Plan Rows": 3,
          "Plan Width": 8,
          "Actual Startup Time": 131.122,
          "Actual Total Time": 139.122,
          "Actual Rows": 4,
          "Actual Loops": 1,
          "Workers Planned": 3,
          "Workers Launched": 3,
          "Single Copy": false,
          "Plans": [
            {
              "Node Type": "Aggregate",
              "Strategy": "Plain",
              "Partial Mode": "Partial",
              "Parent Relationship": "Outer",
              "Parallel Aware": false,
              "Startup Cost": 44572.0,
              "Total Cost": 44572.01,
              "Plan Rows": 1,
              "Plan Width": 8,
              "Actual Startup Time": 127.966,
              "Actual Total Time": 127.967,
              "Actual Rows": 1,
              "Actual Loops": 4,
              "Plans": [
                {
                  "Node Type": "Seq Scan",
                  "Parent Relationship": "Outer",
                  "Parallel Aware": true,
                  "Relation Name": "movie_keyword",
                  "Alias": "mk",
                  "Startup Cost": 0.0,
                  "Total Cost": 42695.65,
                  "Plan Rows": 750540,
                  "Plan Width": 0,
                  "Actual Startup Time": 0.021,
                  "Actual Total Time": 101.66,
                  "Actual Rows": 584184,
                  "Actual Loops": 4,
                  "Filter": "(keyword_id < 5166)",
                  "Rows Removed by Filter": 546798
                }
              ]
            }
          ]
        }
      ]
    },
    "Planning Time": 0.127,
    "Triggers": [],
    "Execution Time": 139.168
  }
]