{
  "Plan": {
    "Node Type": "Aggregate",
    "Strategy": "Plain",
    "Partial Mode": "Finalize",
    "Parallel Aware": false,
    "Startup Cost": 427016.54,
    "Total Cost": 427016.55,
    "Plan Rows": 1,
    "Plan Width": 64,
    "Actual Startup Time": 7768.772,
    "Actual Total Time": 7775.78,
    "Actual Rows": 1,
    "Actual Loops": 1,
    "Plans": [
      {
        "Node Type": "Gather",
        "Parent Relationship": "Outer",
        "Parallel Aware": false,
        "Startup Cost": 427016.43,
        "Total Cost": 427016.54,
        "Plan Rows": 1,
        "Plan Width": 64,
        "Actual Startup Time": 7768.761,
        "Actual Total Time": 7775.776,
        "Actual Rows": 1,
        "Actual Loops": 1,
        "Workers Planned": 1,
        "Workers Launched": 0,
        "Single Copy": false,
        "Plans": [
          {
            "Node Type": "Aggregate",
            "Strategy": "Plain",
            "Partial Mode": "Partial",
            "Parent Relationship": "Outer",
            "Parallel Aware": false,
            "Startup Cost": 426016.43,
            "Total Cost": 426016.44,
            "Plan Rows": 1,
            "Plan Width": 64,
            "Actual Startup Time": 7767.965,
            "Actual Total Time": 7767.983,
            "Actual Rows": 1,
            "Actual Loops": 1,
            "Plans": [
              {
                "Node Type": "Nested Loop",
                "Parent Relationship": "Outer",
                "Parallel Aware": false,
                "Join Type": "Inner",
                "Startup Cost": 423137.5,
                "Total Cost": 425997.6,
                "Plan Rows": 3766,
                "Plan Width": 33,
                "Actual Startup Time": 7683.137,
                "Actual Total Time": 7764.559,
                "Actual Rows": 35982,
                "Actual Loops": 1,
                "Inner Unique": true,
                "Plans": [
                  {
                    "Node Type": "Merge Join",
                    "Parent Relationship": "Outer",
                    "Parallel Aware": false,
                    "Join Type": "Inner",
                    "Startup Cost": 423137.07,
                    "Total Cost": 423400.7,
                    "Plan Rows": 3766,
                    "Plan Width": 21,
                    "Actual Startup Time": 7683.118,
                    "Actual Total Time": 7691.633,
                    "Actual Rows": 38422,
                    "Actual Loops": 1,
                    "Inner Unique": true,
                    "Merge Cond": "(ci.role_id = rt.id)",
                    "Plans": [
                      {
                        "Node Type": "Sort",
                        "Parent Relationship": "Outer",
                        "Parallel Aware": false,
                        "Startup Cost": 423135.91,
                        "Total Cost": 423248.89,
                        "Plan Rows": 45191,
                        "Plan Width": 25,
                        "Actual Startup Time": 7674.523,
                        "Actual Total Time": 7680.883,
                        "Actual Rows": 137225,
                        "Actual Loops": 1,
                        "Sort Key": [
                          "ci.role_id"
                        ],
                        "Sort Method": "quicksort",
                        "Sort Space Used": 17173,
                        "Sort Space Type": "Memory",
                        "Plans": [
                          {
                            "Node Type": "Nested Loop",
                            "Parent Relationship": "Outer",
                            "Parallel Aware": false,
                            "Join Type": "Inner",
                            "Startup Cost": 147686.64,
                            "Total Cost": 419641.8,
                            "Plan Rows": 45191,
                            "Plan Width": 25,
                            "Actual Startup Time": 1350.462,
                            "Actual Total Time": 7647.278,
                            "Actual Rows": 137432,
                            "Actual Loops": 1,
                            "Inner Unique": false,
                            "Join Filter": "(t.id = ci.movie_id)",
                            "Rows Removed by Join Filter": 0,
                            "Plans": [
                              {
                                "Node Type": "Hash Join",
                                "Parent Relationship": "Outer",
                                "Parallel Aware": false,
                                "Join Type": "Inner",
                                "Startup Cost": 147686.08,
                                "Total Cost": 152342.56,
                                "Plan Rows": 144930,
                                "Plan Width": 25,
                                "Actual Startup Time": 1350.382,
                                "Actual Total Time": 1601.184,
                                "Actual Rows": 218034,
                                "Actual Loops": 1,
                                "Inner Unique": true,
                                "Hash Cond": "(mc.company_type_id = ct.id)",
                                "Plans": [
                                  {
                                    "Node Type": "Merge Join",
                                    "Parent Relationship": "Outer",
                                    "Parallel Aware": false,
                                    "Join Type": "Inner",
                                    "Startup Cost": 147684.99,
                                    "Total Cost": 151557.95,
                                    "Plan Rows": 144930,
                                    "Plan Width": 29,
                                    "Actual Startup Time": 1350.347,
                                    "Actual Total Time": 1565.351,
                                    "Actual Rows": 218034,
                                    "Actual Loops": 1,
                                    "Inner Unique": true,
                                    "Merge Cond": "(mc.company_id = cn.id)",
                                    "Plans": [
                                      {
                                        "Node Type": "Sort",
                                        "Parent Relationship": "Outer",
                                        "Parallel Aware": false,
                                        "Startup Cost": 134772.32,
                                        "Total Cost": 135771.29,
                                        "Plan Rows": 399589,
                                        "Plan Width": 33,
                                        "Actual Startup Time": 1311.557,
                                        "Actual Total Time": 1428.882,
                                        "Actual Rows": 524576,
                                        "Actual Loops": 1,
                                        "Sort Key": [
                                          "mc.company_id"
                                        ],
                                        "Sort Method": "quicksort",
                                        "Sort Space Used": 69787,
                                        "Sort Space Type": "Memory",
                                        "Plans": [
                                          {
                                            "Node Type": "Hash Join",
                                            "Parent Relationship": "Outer",
                                            "Parallel Aware": true,
                                            "Join Type": "Inner",
                                            "Startup Cost": 59427.61,
                                            "Total Cost": 97594.24,
                                            "Plan Rows": 399589,
                                            "Plan Width": 33,
                                            "Actual Startup Time": 475.861,
                                            "Actual Total Time": 1171.291,
                                            "Actual Rows": 524576,
                                            "Actual Loops": 1,
                                            "Inner Unique": true,
                                            "Hash Cond": "(mc.movie_id = t.id)",
                                            "Plans": [
                                              {
                                                "Node Type": "Seq Scan",
                                                "Parent Relationship": "Outer",
                                                "Parallel Aware": true,
                                                "Relation Name": "movie_companies",
                                                "Alias": "mc",
                                                "Startup Cost": 0.0,
                                                "Total Cost": 34137.82,
                                                "Plan Rows": 1534782,
                                                "Plan Width": 12,
                                                "Actual Startup Time": 0.004,
                                                "Actual Total Time": 189.18,
                                                "Actual Rows": 2609129,
                                                "Actual Loops": 1
                                              },
                                              {
                                                "Node Type": "Hash",
                                                "Parent Relationship": "Inner",
                                                "Parallel Aware": true,
                                                "Startup Cost": 54587.68,
                                                "Total Cost": 54587.68,
                                                "Plan Rows": 387194,
                                                "Plan Width": 21,
                                                "Actual Startup Time": 460.359,
                                                "Actual Total Time": 460.36,
                                                "Actual Rows": 662065,
                                                "Actual Loops": 1,
                                                "Hash Buckets": 1048576,
                                                "Original Hash Buckets": 1048576,
                                                "Hash Batches": 1,
                                                "Original Hash Batches": 1,
                                                "Peak Memory Usage": 45472,
                                                "Plans": [
                                                  {
                                                    "Node Type": "Seq Scan",
                                                    "Parent Relationship": "Outer",
                                                    "Parallel Aware": true,
                                                    "Relation Name": "title",
                                                    "Alias": "t",
                                                    "Startup Cost": 0.0,
                                                    "Total Cost": 54587.68,
                                                    "Plan Rows": 387194,
                                                    "Plan Width": 21,
                                                    "Actual Startup Time": 0.013,
                                                    "Actual Total Time": 260.624,
                                                    "Actual Rows": 662065,
                                                    "Actual Loops": 1,
                                                    "Filter": "(production_year > 2008)",
                                                    "Rows Removed by Filter": 1866247
                                                  }
                                                ]
                                              }
                                            ]
                                          }
                                        ]
                                      },
                                      {
                                        "Node Type": "Sort",
                                        "Parent Relationship": "Inner",
                                        "Parallel Aware": false,
                                        "Startup Cost": 12912.67,
                                        "Total Cost": 13125.75,
                                        "Plan Rows": 85233,
                                        "Plan Width": 4,
                                        "Actual Startup Time": 38.78,
                                        "Actual Total Time": 59.313,
                                        "Actual Rows": 84843,
                                        "Actual Loops": 1,
                                        "Sort Key": [
                                          "cn.id"
                                        ],
                                        "Sort Method": "quicksort",
                                        "Sort Space Used": 7050,
                                        "Sort Space Type": "Memory",
                                        "Plans": [
                                          {
                                            "Node Type": "Seq Scan",
                                            "Parent Relationship": "Outer",
                                            "Parallel Aware": false,
                                            "Relation Name": "company_name",
                                            "Alias": "cn",
                                            "Startup Cost": 0.0,
                                            "Total Cost": 5932.46,
                                            "Plan Rows": 85233,
                                            "Plan Width": 4,
                                            "Actual Startup Time": 0.019,
                                            "Actual Total Time": 22.632,
                                            "Actual Rows": 84843,
                                            "Actual Loops": 1,
                                            "Filter": "((country_code)::text = '[us]'::text)",
                                            "Rows Removed by Filter": 150154
                                          }
                                        ]
                                      }
                                    ]
                                  },
                                  {
                                    "Node Type": "Hash",
                                    "Parent Relationship": "Inner",
                                    "Parallel Aware": false,
                                    "Startup Cost": 1.04,
                                    "Total Cost": 1.04,
                                    "Plan Rows": 4,
                                    "Plan Width": 4,
                                    "Actual Startup Time": 0.024,
                                    "Actual Total Time": 0.024,
                                    "Actual Rows": 4,
                                    "Actual Loops": 1,
                                    "Hash Buckets": 1024,
                                    "Original Hash Buckets": 1024,
                                    "Hash Batches": 1,
                                    "Original Hash Batches": 1,
                                    "Peak Memory Usage": 9,
                                    "Plans": [
                                      {
                                        "Node Type": "Seq Scan",
                                        "Parent Relationship": "Outer",
                                        "Parallel Aware": false,
                                        "Relation Name": "company_type",
                                        "Alias": "ct",
                                        "Startup Cost": 0.0,
                                        "Total Cost": 1.04,
                                        "Plan Rows": 4,
                                        "Plan Width": 4,
                                        "Actual Startup Time": 0.014,
                                        "Actual Total Time": 0.017,
                                        "Actual Rows": 4,
                                        "Actual Loops": 1
                                      }
                                    ]
                                  }
                                ]
                              },
                              {
                                "Node Type": "Index Scan",
                                "Parent Relationship": "Inner",
                                "Parallel Aware": false,
                                "Scan Direction": "Forward",
                                "Index Name": "movie_id_cast_info",
                                "Relation Name": "cast_info",
                                "Alias": "ci",
                                "Startup Cost": 0.56,
                                "Total Cost": 1.83,
                                "Plan Rows": 1,
                                "Plan Width": 12,
                                "Actual Startup Time": 0.024,
                                "Actual Total Time": 0.027,
                                "Actual Rows": 1,
                                "Actual Loops": 218034,
                                "Index Cond": "(movie_id = mc.movie_id)",
                                "Rows Removed by Index Recheck": 0,
                                "Filter": "(note ~~ '%(voice)%'::text)",
                                "Rows Removed by Filter": 32
                              }
                            ]
                          }
                        ]
                      },
                      {
                        "Node Type": "Sort",
                        "Parent Relationship": "Inner",
                        "Parallel Aware": false,
                        "Startup Cost": 1.16,
                        "Total Cost": 1.16,
                        "Plan Rows": 1,
                        "Plan Width": 4,
                        "Actual Startup Time": 0.029,
                        "Actual Total Time": 0.03,
                        "Actual Rows": 1,
                        "Actual Loops": 1,
                        "Sort Key": [
                          "rt.id"
                        ],
                        "Sort Method": "quicksort",
                        "Sort Space Used": 25,
                        "Sort Space Type": "Memory",
                        "Plans": [
                          {
                            "Node Type": "Seq Scan",
                            "Parent Relationship": "Outer",
                            "Parallel Aware": false,
                            "Relation Name": "role_type",
                            "Alias": "rt",
                            "Startup Cost": 0.0,
                            "Total Cost": 1.15,
                            "Plan Rows": 1,
                            "Plan Width": 4,
                            "Actual Startup Time": 0.017,
                            "Actual Total Time": 0.018,
                            "Actual Rows": 1,
                            "Actual Loops": 1,
                            "Filter": "((role)::text = 'actress'::text)",
                            "Rows Removed by Filter": 11
                          }
                        ]
                      }
                    ]
                  },
                  {
                    "Node Type": "Index Scan",
                    "Parent Relationship": "Inner",
                    "Parallel Aware": false,
                    "Scan Direction": "Forward",
                    "Index Name": "char_name_pkey",
                    "Relation Name": "char_name",
                    "Alias": "chn",
                    "Startup Cost": 0.43,
                    "Total Cost": 0.69,
                    "Plan Rows": 1,
                    "Plan Width": 20,
                    "Actual Startup Time": 0.002,
                    "Actual Total Time": 0.002,
                    "Actual Rows": 1,
                    "Actual Loops": 38422,
                    "Index Cond": "(id = ci.person_role_id)",
                    "Rows Removed by Index Recheck": 0
                  }
                ]
              }
            ]
          }
        ]
      }
    ]
  },
  "Planning Time": 1.864,
  "Triggers": [],
  "Execution Time": 7775.937
}