[
  {
    "Plan": {
      "Node Type": "Aggregate",
      "Strategy": "Plain",
      "Partial Mode": "Finalize",
      "Parallel Aware": false,
      "Startup Cost": 75645.92,
      "Total Cost": 75645.93,
      "Plan Rows": 1,
      "Plan Width": 8,
      "Actual Startup Time": 116.755,
      "Actual Total Time": 132.248,
      "Actual Rows": 1,
      "Actual Loops": 1,
      "Plans": [
        {
          "Node Type": "Gather",
          "Parent Relationship": "Outer",
          "Parallel Aware": false,
          "Startup Cost": 75645.5,
          "Total Cost": 75645.91,
          "Plan Rows": 4,
          "Plan Width": 8,
          "Actual Startup Time": 116.613,
          "Actual Total Time": 132.241,
          "Actual Rows": 5,
          "Actual Loops": 1,
          "Workers Planned": 4,
          "Workers Launched": 4,
          "Single Copy": false,
          "Plans": [
            {
              "Node Type": "Aggregate",
              "Strategy": "Plain",
              "Partial Mode": "Partial",
              "Parent Relationship": "Outer",
              "Parallel Aware": false,
              "Startup Cost": 74645.5,
              "Total Cost": 74645.51,
              "Plan Rows": 1,
              "Plan Width": 8,
              "Actual Startup Time": 106.335,
              "Actual Total Time": 106.336,
              "Actual Rows": 1,
              "Actual Loops": 5,
              "Plans": [
                {
                  "Node Type": "Nested Loop",
                  "Parent Relationship": "Outer",
                  "Parallel Aware": false,
                  "Join Type": "Inner",
                  "Startup Cost": 0.43,
                  "Total Cost": 74639.67,
                  "Plan Rows": 2331,
                  "Plan Width": 0,
                  "Actual Startup Time": 61.041,
                  "Actual Total Time": 106.283,
                  "Actual Rows": 421,
                  "Actual Loops": 5,
                  "Inner Unique": false,
                  "Plans": [
                    {
                      "Node Type": "Seq Scan",
                      "Parent Relationship": "Outer",
                      "Parallel Aware": true,
                      "Relation Name": "title",
                      "Alias": "t",
                      "Startup Cost": 0.0,
                      "Total Cost": 43898.92,
                      "Plan Rows": 4201,
                      "Plan Width": 4,
                      "Actual Startup Time": 56.259,
                      "Actual Total Time": 85.091,
                      "Actual Rows": 3676,
                      "Actual Loops": 5,
                      "Filter": "(production_year < 1908)",
                      "Rows Removed by Filter": 501987
                    },
                    {
                      "Node Type": "Index Scan",
                      "Parent Relationship": "Inner",
                      "Parallel Aware": false,
                      "Scan Direction": "Forward",
                      "Index Name": "movie_id_movie_keyword",
                      "Relation Name": "movie_keyword",
                      "Alias": "mk",
                      "Startup Cost": 0.43,
                      "Total Cost": 7.18,
                      "Plan Rows": 14,
                      "Plan Width": 4,
                      "Actual Startup Time": 0.005,
                      "Actual Total Time": 0.005,
                      "Actual Rows": 0,
                      "Actual Loops": 18379,
                      "Index Cond": "(movie_id = t.id)",
                      "Rows Removed by Index Recheck": 0,
                      "Filter": "(keyword_id < 1941)",
                      "Rows Removed by Filter": 0
                    }
                  ]
                }
              ]
            }
          ]
        }
      ]
    },
    "Planning Time": 0.624,
    "Triggers": [],
    "Execution Time": 132.321
  }
]