[
  {
    "Plan": {
      "Node Type": "Aggregate",
      "Strategy": "Plain",
      "Partial Mode": "Finalize",
      "Parallel Aware": false,
      "Startup Cost": 342599.85,
      "Total Cost": 342599.86,
      "Plan Rows": 1,
      "Plan Width": 8,
      "Actual Startup Time": 945.263,
      "Actual Total Time": 1005.561,
      "Actual Rows": 1,
      "Actual Loops": 1,
      "Plans": [
        {
          "Node Type": "Gather",
          "Parent Relationship": "Outer",
          "Parallel Aware": false,
          "Startup Cost": 342599.22,
          "Total Cost": 342599.83,
          "Plan Rows": 6,
          "Plan Width": 8,
          "Actual Startup Time": 945.142,
          "Actual Total Time": 1005.549,
          "Actual Rows": 7,
          "Actual Loops": 1,
          "Workers Planned": 6,
          "Workers Launched": 6,
          "Single Copy": false,
          "Plans": [
            {
              "Node Type": "Aggregate",
              "Strategy": "Plain",
              "Partial Mode": "Partial",
              "Parent Relationship": "Outer",
              "Parallel Aware": false,
              "Startup Cost": 341599.22,
              "Total Cost": 341599.23,
              "Plan Rows": 1,
              "Plan Width": 8,
              "Actual Startup Time": 936.703,
              "Actual Total Time": 936.704,
              "Actual Rows": 1,
              "Actual Loops": 7,
              "Plans": [
                {
                  "Node Type": "Seq Scan",
                  "Parent Relationship": "Outer",
                  "Parallel Aware": true,
                  "Relation Name": "cast_info",
                  "Alias": "ci",
                  "Startup Cost": 0.0,
                  "Total Cost": 328162.03,
                  "Plan Rows": 5374878,
                  "Plan Width": 0,
                  "Actual Startup Time": 0.045,
                  "Actual Total Time": 712.791,
                  "Actual Rows": 4638854,
                  "Actual Loops": 7,
                  "Filter": "(person_id < 3372132)",
                  "Rows Removed by Filter": 538909
                }
              ]
            }
          ]
        }
      ]
    },
    "Planning Time": 0.171,
    "Triggers": [],
    "Execution Time": 1005.633
  }
]