[
  {
    "Plan": {
      "Node Type": "Aggregate",
      "Strategy": "Plain",
      "Partial Mode": "Finalize",
      "Parallel Aware": false,
      "Startup Cost": 30842.82,
      "Total Cost": 30842.83,
      "Plan Rows": 1,
      "Plan Width": 8,
      "Actual Startup Time": 104.494,
      "Actual Total Time": 111.823,
      "Actual Rows": 1,
      "Actual Loops": 1,
      "Plans": [
        {
          "Node Type": "Gather",
          "Parent Relationship": "Outer",
          "Parallel Aware": false,
          "Startup Cost": 30842.5,
          "Total Cost": 30842.81,
          "Plan Rows": 3,
          "Plan Width": 8,
          "Actual Startup Time": 104.186,
          "Actual Total Time": 111.814,
          "Actual Rows": 4,
          "Actual Loops": 1,
          "Workers Planned": 3,
          "Workers Launched": 3,
          "Single Copy": false,
          "Plans": [
            {
              "Node Type": "Aggregate",
              "Strategy": "Plain",
              "Partial Mode": "Partial",
              "Parent Relationship": "Outer",
              "Parallel Aware": false,
              "Startup Cost": 29842.5,
              "Total Cost": 29842.51,
              "Plan Rows": 1,
              "Plan Width": 8,
              "Actual Startup Time": 96.149,
              "Actual Total Time": 96.15,
              "Actual Rows": 1,
              "Actual Loops": 4,
              "Plans": [
                {
                  "Node Type": "Bitmap Heap Scan",
                  "Parent Relationship": "Outer",
                  "Parallel Aware": true,
                  "Relation Name": "movie_companies",
                  "Alias": "mc",
                  "Startup Cost": 8891.22,
                  "Total Cost": 29678.63,
                  "Plan Rows": 65551,
                  "Plan Width": 0,
                  "Actual Startup Time": 35.382,
                  "Actual Total Time": 90.678,
                  "Actual Rows": 78528,
                  "Actual Loops": 4,
                  "Recheck Cond": "(company_id < 265)",
                  "Rows Removed by Index Recheck": 0,
                  "Filter": "(company_type_id < 2)",
                  "Rows Removed by Filter": 24060,
                  "Exact Heap Blocks": 9186,
                  "Lossy Heap Blocks": 0,
                  "Plans": [
                    {
                      "Node Type": "Bitmap Index Scan",
                      "Parent Relationship": "Outer",
                      "Parallel Aware": false,
                      "Index Name": "company_id_movie_companies",
                      "Startup Cost": 0.0,
                      "Total Cost": 8840.42,
                      "Plan Rows": 412798,
                      "Plan Width": 0,
                      "Actual Startup Time": 39.233,
                      "Actual Total Time": 39.233,
                      "Actual Rows": 410351,
                      "Actual Loops": 1,
                      "Index Cond": "(company_id < 265)"
                    }
                  ]
                }
              ]
            }
          ]
        }
      ]
    },
    "Planning Time": 0.223,
    "Triggers": [],
    "Execution Time": 111.897
  }
]