{
  "Plan": {
    "Node Type": "Aggregate",
    "Strategy": "Plain",
    "Partial Mode": "Finalize",
    "Parallel Aware": false,
    "Startup Cost": 109283.87,
    "Total Cost": 109283.88,
    "Plan Rows": 1,
    "Plan Width": 8,
    "Actual Startup Time": 711.538,
    "Actual Total Time": 723.235,
    "Actual Rows": 1,
    "Actual Loops": 1,
    "Plans": [
      {
        "Node Type": "Gather",
        "Parent Relationship": "Outer",
        "Parallel Aware": false,
        "Startup Cost": 109283.76,
        "Total Cost": 109283.87,
        "Plan Rows": 1,
        "Plan Width": 8,
        "Actual Startup Time": 710.252,
        "Actual Total Time": 723.227,
        "Actual Rows": 2,
        "Actual Loops": 1,
        "Workers Planned": 1,
        "Workers Launched": 1,
        "Single Copy": false,
        "Plans": [
          {
            "Node Type": "Aggregate",
            "Strategy": "Plain",
            "Partial Mode": "Partial",
            "Parent Relationship": "Outer",
            "Parallel Aware": false,
            "Startup Cost": 108283.76,
            "Total Cost": 108283.77,
            "Plan Rows": 1,
            "Plan Width": 8,
            "Actual Startup Time": 704.111,
            "Actual Total Time": 704.115,
            "Actual Rows": 1,
            "Actual Loops": 2,
            "Plans": [
              {
                "Node Type": "Hash Join",
                "Parent Relationship": "Outer",
                "Parallel Aware": true,
                "Join Type": "Inner",
                "Startup Cost": 45491.48,
                "Total Cost": 107500.34,
                "Plan Rows": 313370,
                "Plan Width": 0,
                "Actual Startup Time": 231.621,
                "Actual Total Time": 688.991,
                "Actual Rows": 371478,
                "Actual Loops": 2,
                "Inner Unique": false,
                "Hash Cond": "(t.id = mc.movie_id)",
                "Plans": [
                  {
                    "Node Type": "Seq Scan",
                    "Parent Relationship": "Outer",
                    "Parallel Aware": true,
                    "Relation Name": "title",
                    "Alias": "t",
                    "Startup Cost": 0.0,
                    "Total Cost": 50870.31,
                    "Plan Rows": 1487231,
                    "Plan Width": 4,
                    "Actual Startup Time": 0.01,
                    "Actual Total Time": 125.265,
                    "Actual Rows": 1264156,
                    "Actual Loops": 2
                  },
                  {
                    "Node Type": "Hash",
                    "Parent Relationship": "Inner",
                    "Parallel Aware": true,
                    "Startup Cost": 41574.35,
                    "Total Cost": 41574.35,
                    "Plan Rows": 313370,
                    "Plan Width": 4,
                    "Actual Startup Time": 222.293,
                    "Actual Total Time": 222.294,
                    "Actual Rows": 371478,
                    "Actual Loops": 2,
                    "Hash Buckets": 1048576,
                    "Original Hash Buckets": 1048576,
                    "Hash Batches": 1,
                    "Original Hash Batches": 1,
                    "Peak Memory Usage": 37280,
                    "Plans": [
                      {
                        "Node Type": "Index Scan",
                        "Parent Relationship": "Outer",
                        "Parallel Aware": true,
                        "Scan Direction": "Forward",
                        "Index Name": "company_type_id_movie_companies",
                        "Relation Name": "movie_companies",
                        "Alias": "mc",
                        "Startup Cost": 0.43,
                        "Total Cost": 41574.35,
                        "Plan Rows": 313370,
                        "Plan Width": 4,
                        "Actual Startup Time": 0.078,
                        "Actual Total Time": 123.725,
                        "Actual Rows": 371478,
                        "Actual Loops": 2,
                        "Index Cond": "(company_type_id < 2)",
                        "Rows Removed by Index Recheck": 0,
                        "Filter": "(company_id < 6963)",
                        "Rows Removed by Filter": 265644
                      }
                    ]
                  }
                ]
              }
            ]
          }
        ]
      }
    ]
  },
  "Planning Time": 0.761,
  "Triggers": [],
  "Execution Time": 723.311
}