[
  {
    "Plan": {
      "Node Type": "Aggregate",
      "Strategy": "Plain",
      "Partial Mode": "Finalize",
      "Parallel Aware": false,
      "Startup Cost": 46090.98,
      "Total Cost": 46090.99,
      "Plan Rows": 1,
      "Plan Width": 8,
      "Actual Startup Time": 176.218,
      "Actual Total Time": 182.253,
      "Actual Rows": 1,
      "Actual Loops": 1,
      "Plans": [
        {
          "Node Type": "Gather",
          "Parent Relationship": "Outer",
          "Parallel Aware": false,
          "Startup Cost": 46090.66,
          "Total Cost": 46090.97,
          "Plan Rows": 3,
          "Plan Width": 8,
          "Actual Startup Time": 176.12,
          "Actual Total Time": 182.245,
          "Actual Rows": 4,
          "Actual Loops": 1,
          "Workers Planned": 3,
          "Workers Launched": 3,
          "Single Copy": false,
          "Plans": [
            {
              "Node Type": "Aggregate",
              "Strategy": "Plain",
              "Partial Mode": "Partial",
              "Parent Relationship": "Outer",
              "Parallel Aware": false,
              "Startup Cost": 45090.66,
              "Total Cost": 45090.67,
              "Plan Rows": 1,
              "Plan Width": 8,
              "Actual Startup Time": 169.118,
              "Actual Total Time": 169.12,
              "Actual Rows": 1,
              "Actual Loops": 4,
              "Plans": [
                {
                  "Node Type": "Seq Scan",
                  "Parent Relationship": "Outer",
                  "Parallel Aware": true,
                  "Relation Name": "movie_keyword",
                  "Alias": "mk",
                  "Startup Cost": 0.0,
                  "Total Cost": 42695.65,
                  "Plan Rows": 958004,
                  "Plan Width": 0,
                  "Actual Startup Time": 0.045,
                  "Actual Total Time": 128.646,
                  "Actual Rows": 747370,
                  "Actual Loops": 4,
                  "Filter": "(keyword_id < 10401)",
                  "Rows Removed by Filter": 383612
                }
              ]
            }
          ]
        }
      ]
    },
    "Planning Time": 0.084,
    "Triggers": [],
    "Execution Time": 182.283
  }
]