{
  "Plan": {
    "Node Type": "Aggregate",
    "Strategy": "Plain",
    "Partial Mode": "Finalize",
    "Parallel Aware": false,
    "Startup Cost": 201881.67,
    "Total Cost": 201881.68,
    "Plan Rows": 1,
    "Plan Width": 8,
    "Actual Startup Time": 138.943,
    "Actual Total Time": 151.323,
    "Actual Rows": 1,
    "Actual Loops": 1,
    "Plans": [
      {
        "Node Type": "Gather",
        "Parent Relationship": "Outer",
        "Parallel Aware": false,
        "Startup Cost": 201881.56,
        "Total Cost": 201881.67,
        "Plan Rows": 1,
        "Plan Width": 8,
        "Actual Startup Time": 138.832,
        "Actual Total Time": 151.315,
        "Actual Rows": 2,
        "Actual Loops": 1,
        "Workers Planned": 1,
        "Workers Launched": 1,
        "Single Copy": false,
        "Plans": [
          {
            "Node Type": "Aggregate",
            "Strategy": "Plain",
            "Partial Mode": "Partial",
            "Parent Relationship": "Outer",
            "Parallel Aware": false,
            "Startup Cost": 200881.56,
            "Total Cost": 200881.57,
            "Plan Rows": 1,
            "Plan Width": 8,
            "Actual Startup Time": 132.902,
            "Actual Total Time": 132.904,
            "Actual Rows": 1,
            "Actual Loops": 2,
            "Plans": [
              {
                "Node Type": "Nested Loop",
                "Parent Relationship": "Outer",
                "Parallel Aware": false,
                "Join Type": "Inner",
                "Startup Cost": 0.56,
                "Total Cost": 200844.16,
                "Plan Rows": 14961,
                "Plan Width": 0,
                "Actual Startup Time": 1.629,
                "Actual Total Time": 132.831,
                "Actual Rows": 674,
                "Actual Loops": 2,
                "Inner Unique": false,
                "Plans": [
                  {
                    "Node Type": "Seq Scan",
                    "Parent Relationship": "Outer",
                    "Parallel Aware": true,
                    "Relation Name": "title",
                    "Alias": "t",
                    "Startup Cost": 0.0,
                    "Total Cost": 58306.47,
                    "Plan Rows": 1044,
                    "Plan Width": 4,
                    "Actual Startup Time": 1.413,
                    "Actual Total Time": 128.972,
                    "Actual Rows": 68,
                    "Actual Loops": 2,
                    "Filter": "((production_year > 2013) AND (kind_id = 7))",
                    "Rows Removed by Filter": 1264088
                  },
                  {
                    "Node Type": "Index Only Scan",
                    "Parent Relationship": "Inner",
                    "Parallel Aware": false,
                    "Scan Direction": "Forward",
                    "Index Name": "movie_id_cast_info",
                    "Relation Name": "cast_info",
                    "Alias": "ci",
                    "Startup Cost": 0.56,
                    "Total Cost": 136.16,
                    "Plan Rows": 37,
                    "Plan Width": 4,
                    "Actual Startup Time": 0.022,
                    "Actual Total Time": 0.054,
                    "Actual Rows": 10,
                    "Actual Loops": 137,
                    "Index Cond": "(movie_id = t.id)",
                    "Rows Removed by Index Recheck": 0,
                    "Heap Fetches": 1348
                  }
                ]
              }
            ]
          }
        ]
      }
    ]
  },
  "Planning Time": 0.493,
  "Triggers": [],
  "Execution Time": 151.398
}