{
  "Plan": {
    "Node Type": "Aggregate",
    "Strategy": "Plain",
    "Partial Mode": "Finalize",
    "Parallel Aware": false,
    "Startup Cost": 315058.29,
    "Total Cost": 315058.3,
    "Plan Rows": 1,
    "Plan Width": 8,
    "Actual Startup Time": 1679.344,
    "Actual Total Time": 1712.038,
    "Actual Rows": 1,
    "Actual Loops": 1,
    "Plans": [
      {
        "Node Type": "Gather",
        "Parent Relationship": "Outer",
        "Parallel Aware": false,
        "Startup Cost": 315058.18,
        "Total Cost": 315058.29,
        "Plan Rows": 1,
        "Plan Width": 8,
        "Actual Startup Time": 1674.065,
        "Actual Total Time": 1712.028,
        "Actual Rows": 2,
        "Actual Loops": 1,
        "Workers Planned": 1,
        "Workers Launched": 1,
        "Single Copy": false,
        "Plans": [
          {
            "Node Type": "Aggregate",
            "Strategy": "Plain",
            "Partial Mode": "Partial",
            "Parent Relationship": "Outer",
            "Parallel Aware": false,
            "Startup Cost": 314058.18,
            "Total Cost": 314058.19,
            "Plan Rows": 1,
            "Plan Width": 8,
            "Actual Startup Time": 1668.014,
            "Actual Total Time": 1668.019,
            "Actual Rows": 1,
            "Actual Loops": 2,
            "Plans": [
              {
                "Node Type": "Merge Join",
                "Parent Relationship": "Outer",
                "Parallel Aware": false,
                "Join Type": "Inner",
                "Startup Cost": 138844.84,
                "Total Cost": 313353.46,
                "Plan Rows": 281886,
                "Plan Width": 0,
                "Actual Startup Time": 853.024,
                "Actual Total Time": 1606.761,
                "Actual Rows": 1513096,
                "Actual Loops": 2,
                "Inner Unique": false,
                "Merge Cond": "(mk.movie_id = t.id)",
                "Plans": [
                  {
                    "Node Type": "Index Scan",
                    "Parent Relationship": "Outer",
                    "Parallel Aware": true,
                    "Scan Direction": "Forward",
                    "Index Name": "movie_id_movie_keyword",
                    "Relation Name": "movie_keyword",
                    "Alias": "mk",
                    "Startup Cost": 0.43,
                    "Total Cost": 165212.95,
                    "Plan Rows": 1799816,
                    "Plan Width": 4,
                    "Actual Startup Time": 1.117,
                    "Actual Total Time": 449.29,
                    "Actual Rows": 1521726,
                    "Actual Loops": 2,
                    "Filter": "(keyword_id > 2109)",
                    "Rows Removed by Filter": 740222
                  },
                  {
                    "Node Type": "Sort",
                    "Parent Relationship": "Inner",
                    "Parallel Aware": false,
                    "Startup Cost": 138844.19,
                    "Total Cost": 139834.14,
                    "Plan Rows": 395980,
                    "Plan Width": 8,
                    "Actual Startup Time": 851.706,
                    "Actual Total Time": 918.041,
                    "Actual Rows": 1878474,
                    "Actual Loops": 2,
                    "Sort Key": [
                      "mi_idx.movie_id"
                    ],
                    "Sort Method": "quicksort",
                    "Sort Space Used": 35088,
                    "Sort Space Type": "Memory",
                    "Workers": [
                      {
                        "Worker Number": 0,
                        "Sort Method": "quicksort",
                        "Sort Space Used": 35088,
                        "Sort Space Type": "Memory"
                      }
                    ],
                    "Plans": [
                      {
                        "Node Type": "Hash Join",
                        "Parent Relationship": "Outer",
                        "Parallel Aware": false,
                        "Join Type": "Inner",
                        "Startup Cost": 76669.86,
                        "Total Cost": 102027.82,
                        "Plan Rows": 395980,
                        "Plan Width": 8,
                        "Actual Startup Time": 436.866,
                        "Actual Total Time": 752.074,
                        "Actual Rows": 486395,
                        "Actual Loops": 2,
                        "Inner Unique": true,
                        "Hash Cond": "(mi_idx.movie_id = t.id)",
                        "Plans": [
                          {
                            "Node Type": "Seq Scan",
                            "Parent Relationship": "Outer",
                            "Parallel Aware": false,
                            "Relation Name": "movie_info_idx",
                            "Alias": "mi_idx",
                            "Startup Cost": 0.0,
                            "Total Cost": 21735.35,
                            "Plan Rows": 1380035,
                            "Plan Width": 4,
                            "Actual Startup Time": 0.054,
                            "Actual Total Time": 92.386,
                            "Actual Rows": 1380035,
                            "Actual Loops": 2
                          },
                          {
                            "Node Type": "Hash",
                            "Parent Relationship": "Inner",
                            "Parallel Aware": false,
                            "Startup Cost": 67601.66,
                            "Total Cost": 67601.66,
                            "Plan Rows": 725456,
                            "Plan Width": 4,
                            "Actual Startup Time": 430.628,
                            "Actual Total Time": 430.629,
                            "Actual Rows": 730985,
                            "Actual Loops": 2,
                            "Hash Buckets": 1048576,
                            "Original Hash Buckets": 1048576,
                            "Hash Batches": 1,
                            "Original Hash Batches": 1,
                            "Peak Memory Usage": 33891,
                            "Plans": [
                              {
                                "Node Type": "Seq Scan",
                                "Parent Relationship": "Outer",
                                "Parallel Aware": false,
                                "Relation Name": "title",
                                "Alias": "t",
                                "Startup Cost": 0.0,
                                "Total Cost": 67601.66,
                                "Plan Rows": 725456,
                                "Plan Width": 4,
                                "Actual Startup Time": 0.042,
                                "Actual Total Time": 269.519,
                                "Actual Rows": 730985,
                                "Actual Loops": 2,
                                "Filter": "(production_year < 1992)",
                                "Rows Removed by Filter": 1797327
                              }
                            ]
                          }
                        ]
                      }
                    ]
                  }
                ]
              }
            ]
          }
        ]
      }
    ]
  },
  "Planning Time": 1.038,
  "Triggers": [],
  "Execution Time": 1712.544
}