[
  {
    "Plan": {
      "Node Type": "Aggregate",
      "Strategy": "Plain",
      "Partial Mode": "Finalize",
      "Parallel Aware": false,
      "Startup Cost": 44671.16,
      "Total Cost": 44671.17,
      "Plan Rows": 1,
      "Plan Width": 8,
      "Actual Startup Time": 104.559,
      "Actual Total Time": 111.621,
      "Actual Rows": 1,
      "Actual Loops": 1,
      "Plans": [
        {
          "Node Type": "Gather",
          "Parent Relationship": "Outer",
          "Parallel Aware": false,
          "Startup Cost": 44670.84,
          "Total Cost": 44671.15,
          "Plan Rows": 3,
          "Plan Width": 8,
          "Actual Startup Time": 104.453,
          "Actual Total Time": 111.613,
          "Actual Rows": 4,
          "Actual Loops": 1,
          "Workers Planned": 3,
          "Workers Launched": 3,
          "Single Copy": false,
          "Plans": [
            {
              "Node Type": "Aggregate",
              "Strategy": "Plain",
              "Partial Mode": "Partial",
              "Parent Relationship": "Outer",
              "Parallel Aware": false,
              "Startup Cost": 43670.84,
              "Total Cost": 43670.85,
              "Plan Rows": 1,
              "Plan Width": 8,
              "Actual Startup Time": 101.341,
              "Actual Total Time": 101.342,
              "Actual Rows": 1,
              "Actual Loops": 4,
              "Plans": [
                {
                  "Node Type": "Seq Scan",
                  "Parent Relationship": "Outer",
                  "Parallel Aware": true,
                  "Relation Name": "movie_keyword",
                  "Alias": "mk",
                  "Startup Cost": 0.0,
                  "Total Cost": 42695.65,
                  "Plan Rows": 390074,
                  "Plan Width": 0,
                  "Actual Startup Time": 0.953,
                  "Actual Total Time": 88.535,
                  "Actual Rows": 303253,
                  "Actual Loops": 4,
                  "Filter": "(keyword_id > 15078)",
                  "Rows Removed by Filter": 827730
                }
              ]
            }
          ]
        }
      ]
    },
    "Planning Time": 0.082,
    "Triggers": [],
    "Execution Time": 111.65
  }
]