[
  {
    "Plan": {
      "Node Type": "Aggregate",
      "Strategy": "Plain",
      "Partial Mode": "Finalize",
      "Parallel Aware": false,
      "Startup Cost": 44669.94,
      "Total Cost": 44669.95,
      "Plan Rows": 1,
      "Plan Width": 8,
      "Actual Startup Time": 120.305,
      "Actual Total Time": 127.711,
      "Actual Rows": 1,
      "Actual Loops": 1,
      "Plans": [
        {
          "Node Type": "Gather",
          "Parent Relationship": "Outer",
          "Parallel Aware": false,
          "Startup Cost": 44669.63,
          "Total Cost": 44669.94,
          "Plan Rows": 3,
          "Plan Width": 8,
          "Actual Startup Time": 120.181,
          "Actual Total Time": 127.704,
          "Actual Rows": 4,
          "Actual Loops": 1,
          "Workers Planned": 3,
          "Workers Launched": 3,
          "Single Copy": false,
          "Plans": [
            {
              "Node Type": "Aggregate",
              "Strategy": "Plain",
              "Partial Mode": "Partial",
              "Parent Relationship": "Outer",
              "Parallel Aware": false,
              "Startup Cost": 43669.63,
              "Total Cost": 43669.64,
              "Plan Rows": 1,
              "Plan Width": 8,
              "Actual Startup Time": 114.254,
              "Actual Total Time": 114.255,
              "Actual Rows": 1,
              "Actual Loops": 4,
              "Plans": [
                {
                  "Node Type": "Seq Scan",
                  "Parent Relationship": "Outer",
                  "Parallel Aware": true,
                  "Relation Name": "movie_keyword",
                  "Alias": "mk",
                  "Startup Cost": 0.0,
                  "Total Cost": 42695.65,
                  "Plan Rows": 389589,
                  "Plan Width": 0,
                  "Actual Startup Time": 2.264,
                  "Actual Total Time": 99.977,
                  "Actual Rows": 303253,
                  "Actual Loops": 4,
                  "Filter": "(keyword_id > 15078)",
                  "Rows Removed by Filter": 827730
                }
              ]
            }
          ]
        }
      ]
    },
    "Planning Time": 0.151,
    "Triggers": [],
    "Execution Time": 127.758
  }
]