[
    {
        "Bao": {
            "Bao prediction": "NaN",
            "Bao recommended hint": "(no hint)"
        }
    },
    {
        "Plan": {
            "Node Type": "Aggregate",
            "Strategy": "Plain",
            "Partial Mode": "Finalize",
            "Parallel Aware": false,
            "Startup Cost": 355481.21,
            "Total Cost": 355481.22,
            "Plan Rows": 1,
            "Plan Width": 8,
            "Actual Startup Time": 912.518,
            "Actual Total Time": 941.963,
            "Actual Rows": 1,
            "Actual Loops": 1,
            "Output": [
                "count(*)"
            ],
            "Plans": [
                {
                    "Node Type": "Gather",
                    "Parent Relationship": "Outer",
                    "Parallel Aware": false,
                    "Startup Cost": 355480.59,
                    "Total Cost": 355481.2,
                    "Plan Rows": 6,
                    "Plan Width": 8,
                    "Actual Startup Time": 912.375,
                    "Actual Total Time": 941.954,
                    "Actual Rows": 7,
                    "Actual Loops": 1,
                    "Output": [
                        "(PARTIAL count(*))"
                    ],
                    "Workers Planned": 6,
                    "Workers Launched": 6,
                    "Single Copy": false,
                    "Plans": [
                        {
                            "Node Type": "Aggregate",
                            "Strategy": "Plain",
                            "Partial Mode": "Partial",
                            "Parent Relationship": "Outer",
                            "Parallel Aware": false,
                            "Startup Cost": 354480.59,
                            "Total Cost": 354480.6,
                            "Plan Rows": 1,
                            "Plan Width": 8,
                            "Actual Startup Time": 902.768,
                            "Actual Total Time": 902.769,
                            "Actual Rows": 1,
                            "Actual Loops": 7,
                            "Output": [
                                "PARTIAL count(*)"
                            ],
                            "Workers": [
                                {
                                    "Worker Number": 0,
                                    "Actual Startup Time": 900.505,
                                    "Actual Total Time": 900.507,
                                    "Actual Rows": 1,
                                    "Actual Loops": 1
                                },
                                {
                                    "Worker Number": 1,
                                    "Actual Startup Time": 900.543,
                                    "Actual Total Time": 900.544,
                                    "Actual Rows": 1,
                                    "Actual Loops": 1
                                },
                                {
                                    "Worker Number": 2,
                                    "Actual Startup Time": 901.387,
                                    "Actual Total Time": 901.387,
                                    "Actual Rows": 1,
                                    "Actual Loops": 1
                                },
                                {
                                    "Worker Number": 3,
                                    "Actual Startup Time": 901.706,
                                    "Actual Total Time": 901.707,
                                    "Actual Rows": 1,
                                    "Actual Loops": 1
                                },
                                {
                                    "Worker Number": 4,
                                    "Actual Startup Time": 901.62,
                                    "Actual Total Time": 901.621,
                                    "Actual Rows": 1,
                                    "Actual Loops": 1
                                },
                                {
                                    "Worker Number": 5,
                                    "Actual Startup Time": 901.62,
                                    "Actual Total Time": 901.621,
                                    "Actual Rows": 1,
                                    "Actual Loops": 1
                                }
                            ],
                            "Plans": [
                                {
                                    "Node Type": "Seq Scan",
                                    "Parent Relationship": "Outer",
                                    "Parallel Aware": true,
                                    "Relation Name": "cast_info",
                                    "Schema": "public",
                                    "Alias": "ci",
                                    "Startup Cost": 0.0,
                                    "Total Cost": 343318.94,
                                    "Plan Rows": 4464658,
                                    "Plan Width": 0,
                                    "Actual Startup Time": 66.584,
                                    "Actual Total Time": 722.841,
                                    "Actual Rows": 3741781,
                                    "Actual Loops": 7,
                                    "Output": [
                                        "id",
                                        "person_id",
                                        "movie_id",
                                        "person_role_id",
                                        "note",
                                        "nr_order",
                                        "role_id"
                                    ],
                                    "Filter": "((ci.person_id > 441854) AND (ci.role_id < 9))",
                                    "Rows Removed by Filter": 1435982,
                                    "Workers": [
                                        {
                                            "Worker Number": 0,
                                            "Actual Startup Time": 64.323,
                                            "Actual Total Time": 721.689,
                                            "Actual Rows": 2704884,
                                            "Actual Loops": 1
                                        },
                                        {
                                            "Worker Number": 1,
                                            "Actual Startup Time": 64.358,
                                            "Actual Total Time": 721.643,
                                            "Actual Rows": 2708972,
                                            "Actual Loops": 1
                                        },
                                        {
                                            "Worker Number": 2,
                                            "Actual Startup Time": 65.198,
                                            "Actual Total Time": 721.529,
                                            "Actual Rows": 2723551,
                                            "Actual Loops": 1
                                        },
                                        {
                                            "Worker Number": 3,
                                            "Actual Startup Time": 65.516,
                                            "Actual Total Time": 726.09,
                                            "Actual Rows": 4317506,
                                            "Actual Loops": 1
                                        },
                                        {
                                            "Worker Number": 4,
                                            "Actual Startup Time": 65.438,
                                            "Actual Total Time": 726.017,
                                            "Actual Rows": 4322712,
                                            "Actual Loops": 1
                                        },
                                        {
                                            "Worker Number": 5,
                                            "Actual Startup Time": 65.445,
                                            "Actual Total Time": 725.893,
                                            "Actual Rows": 4324286,
                                            "Actual Loops": 1
                                        }
                                    ]
                                }
                            ]
                        }
                    ]
                }
            ]
        },
        "Planning Time": 199.486,
        "Triggers": [],
        "Execution Time": 942.018
    }
]