[
  {
    "Plan": {
      "Node Type": "Aggregate",
      "Strategy": "Plain",
      "Partial Mode": "Finalize",
      "Parallel Aware": false,
      "Startup Cost": 292146.07,
      "Total Cost": 292146.08,
      "Plan Rows": 1,
      "Plan Width": 8,
      "Actual Startup Time": 1154.933,
      "Actual Total Time": 1200.689,
      "Actual Rows": 1,
      "Actual Loops": 1,
      "Plans": [
        {
          "Node Type": "Gather",
          "Parent Relationship": "Outer",
          "Parallel Aware": false,
          "Startup Cost": 292145.55,
          "Total Cost": 292146.06,
          "Plan Rows": 5,
          "Plan Width": 8,
          "Actual Startup Time": 1146.956,
          "Actual Total Time": 1200.679,
          "Actual Rows": 6,
          "Actual Loops": 1,
          "Workers Planned": 5,
          "Workers Launched": 5,
          "Single Copy": false,
          "Plans": [
            {
              "Node Type": "Aggregate",
              "Strategy": "Plain",
              "Partial Mode": "Partial",
              "Parent Relationship": "Outer",
              "Parallel Aware": false,
              "Startup Cost": 291145.55,
              "Total Cost": 291145.56,
              "Plan Rows": 1,
              "Plan Width": 8,
              "Actual Startup Time": 1136.114,
              "Actual Total Time": 1136.212,
              "Actual Rows": 1,
              "Actual Loops": 6,
              "Plans": [
                {
                  "Node Type": "Hash Join",
                  "Parent Relationship": "Outer",
                  "Parallel Aware": true,
                  "Join Type": "Inner",
                  "Startup Cost": 83584.77,
                  "Total Cost": 288689.19,
                  "Plan Rows": 982541,
                  "Plan Width": 0,
                  "Actual Startup Time": 307.046,
                  "Actual Total Time": 1086.125,
                  "Actual Rows": 1189000,
                  "Actual Loops": 6,
                  "Inner Unique": false,
                  "Hash Cond": "(mi.movie_id = t.id)",
                  "Plans": [
                    {
                      "Node Type": "Seq Scan",
                      "Parent Relationship": "Outer",
                      "Parallel Aware": true,
                      "Relation Name": "movie_info",
                      "Alias": "mi",
                      "Startup Cost": 0.0,
                      "Total Cost": 191560.33,
                      "Plan Rows": 2956733,
                      "Plan Width": 4,
                      "Actual Startup Time": 0.012,
                      "Actual Total Time": 294.572,
                      "Actual Rows": 2472620,
                      "Actual Loops": 6
                    },
                    {
                      "Node Type": "Hash",
                      "Parent Relationship": "Inner",
                      "Parallel Aware": true,
                      "Startup Cost": 80959.24,
                      "Total Cost": 80959.24,
                      "Plan Rows": 210042,
                      "Plan Width": 8,
                      "Actual Startup Time": 302.54,
                      "Actual Total Time": 302.636,
                      "Actual Rows": 88388,
                      "Actual Loops": 6,
                      "Hash Buckets": 1048576,
                      "Original Hash Buckets": 1048576,
                      "Hash Batches": 1,
                      "Original Hash Batches": 1,
                      "Peak Memory Usage": 29120,
                      "Plans": [
                        {
                          "Node Type": "Hash Join",
                          "Parent Relationship": "Outer",
                          "Parallel Aware": true,
                          "Join Type": "Inner",
                          "Startup Cost": 34802.59,
                          "Total Cost": 80959.24,
                          "Plan Rows": 210042,
                          "Plan Width": 8,
                          "Actual Startup Time": 105.454,
                          "Actual Total Time": 264.69,
                          "Actual Rows": 88388,
                          "Actual Loops": 6,
                          "Inner Unique": false,
                          "Hash Cond": "(t.id = mc.movie_id)",
                          "Plans": [
                            {
                              "Node Type": "Seq Scan",
                              "Parent Relationship": "Outer",
                              "Parallel Aware": true,
                              "Relation Name": "title",
                              "Alias": "t",
                              "Startup Cost": 0.0,
                              "Total Cost": 42318.73,
                              "Plan Rows": 632073,
                              "Plan Width": 4,
                              "Actual Startup Time": 0.011,
                              "Actual Total Time": 57.475,
                              "Actual Rows": 421385,
                              "Actual Loops": 6
                            },
                            {
                              "Node Type": "Hash",
                              "Parent Relationship": "Inner",
                              "Parallel Aware": true,
                              "Startup Cost": 31414.82,
                              "Total Cost": 31414.82,
                              "Plan Rows": 271022,
                              "Plan Width": 4,
                              "Actual Startup Time": 103.715,
                              "Actual Total Time": 103.716,
                              "Actual Rows": 88388,
                              "Actual Loops": 6,
                              "Hash Buckets": 1048576,
                              "Original Hash Buckets": 1048576,
                              "Hash Batches": 1,
                              "Original Hash Batches": 1,
                              "Peak Memory Usage": 29024,
                              "Plans": [
                                {
                                  "Node Type": "Seq Scan",
                                  "Parent Relationship": "Outer",
                                  "Parallel Aware": true,
                                  "Relation Name": "movie_companies",
                                  "Alias": "mc",
                                  "Startup Cost": 0.0,
                                  "Total Cost": 31414.82,
                                  "Plan Rows": 271022,
                                  "Plan Width": 4,
                                  "Actual Startup Time": 41.799,
                                  "Actual Total Time": 66.678,
                                  "Actual Rows": 88388,
                                  "Actual Loops": 6,
                                  "Filter": "((company_id < 17882) AND (company_type_id = 2))",
                                  "Rows Removed by Filter": 346466
                                }
                              ]
                            }
                          ]
                        }
                      ]
                    }
                  ]
                }
              ]
            }
          ]
        }
      ]
    },
    "Planning Time": 1.485,
    "Triggers": [],
    "Execution Time": 1200.783
  }
]