{
  "Plan": {
    "Node Type": "Aggregate",
    "Strategy": "Plain",
    "Partial Mode": "Simple",
    "Parallel Aware": false,
    "Startup Cost": 569188.94,
    "Total Cost": 569188.95,
    "Plan Rows": 1,
    "Plan Width": 8,
    "Actual Startup Time": 7359.599,
    "Actual Total Time": 7359.602,
    "Actual Rows": 1,
    "Actual Loops": 1,
    "Plans": [
      {
        "Node Type": "Hash Join",
        "Parent Relationship": "Outer",
        "Parallel Aware": false,
        "Join Type": "Inner",
        "Startup Cost": 568108.21,
        "Total Cost": 569185.59,
        "Plan Rows": 1338,
        "Plan Width": 0,
        "Actual Startup Time": 7358.598,
        "Actual Total Time": 7359.578,
        "Actual Rows": 468,
        "Actual Loops": 1,
        "Inner Unique": false,
        "Hash Cond": "(ci.movie_id = t.id)",
        "Plans": [
          {
            "Node Type": "Index Scan",
            "Parent Relationship": "Outer",
            "Parallel Aware": false,
            "Scan Direction": "Forward",
            "Index Name": "person_id_cast_info",
            "Relation Name": "cast_info",
            "Alias": "ci",
            "Startup Cost": 0.56,
            "Total Cost": 1059.67,
            "Plan Rows": 326,
            "Plan Width": 4,
            "Actual Startup Time": 0.797,
            "Actual Total Time": 1.588,
            "Actual Rows": 616,
            "Actual Loops": 1,
            "Index Cond": "(person_id = 2252786)",
            "Rows Removed by Index Recheck": 0,
            "Filter": "(role_id > 1)",
            "Rows Removed by Filter": 0
          },
          {
            "Node Type": "Hash",
            "Parent Relationship": "Inner",
            "Parallel Aware": false,
            "Startup Cost": 438417.95,
            "Total Cost": 438417.95,
            "Plan Rows": 10375176,
            "Plan Width": 8,
            "Actual Startup Time": 7276.504,
            "Actual Total Time": 7276.506,
            "Actual Rows": 5765094,
            "Actual Loops": 1,
            "Hash Buckets": 16777216,
            "Original Hash Buckets": 16777216,
            "Hash Batches": 1,
            "Original Hash Batches": 1,
            "Peak Memory Usage": 356271,
            "Plans": [
              {
                "Node Type": "Hash Join",
                "Parent Relationship": "Outer",
                "Parallel Aware": false,
                "Join Type": "Inner",
                "Startup Cost": 89781.11,
                "Total Cost": 438417.95,
                "Plan Rows": 10375176,
                "Plan Width": 8,
                "Actual Startup Time": 584.948,
                "Actual Total Time": 5677.842,
                "Actual Rows": 5765094,
                "Actual Loops": 1,
                "Inner Unique": true,
                "Hash Cond": "(mi.movie_id = t.id)",
                "Plans": [
                  {
                    "Node Type": "Seq Scan",
                    "Parent Relationship": "Outer",
                    "Parallel Aware": false,
                    "Relation Name": "movie_info",
                    "Alias": "mi",
                    "Startup Cost": 0.0,
                    "Total Cost": 309829.65,
                    "Plan Rows": 14783665,
                    "Plan Width": 4,
                    "Actual Startup Time": 0.018,
                    "Actual Total Time": 1137.552,
                    "Actual Rows": 14835720,
                    "Actual Loops": 1
                  },
                  {
                    "Node Type": "Hash",
                    "Parent Relationship": "Inner",
                    "Parallel Aware": false,
                    "Startup Cost": 67601.66,
                    "Total Cost": 67601.66,
                    "Plan Rows": 1774356,
                    "Plan Width": 4,
                    "Actual Startup Time": 581.893,
                    "Actual Total Time": 581.894,
                    "Actual Rows": 1774635,
                    "Actual Loops": 1,
                    "Hash Buckets": 2097152,
                    "Original Hash Buckets": 2097152,
                    "Hash Batches": 1,
                    "Original Hash Batches": 1,
                    "Peak Memory Usage": 78774,
                    "Plans": [
                      {
                        "Node Type": "Seq Scan",
                        "Parent Relationship": "Outer",
                        "Parallel Aware": false,
                        "Relation Name": "title",
                        "Alias": "t",
                        "Startup Cost": 0.0,
                        "Total Cost": 67601.66,
                        "Plan Rows": 1774356,
                        "Plan Width": 4,
                        "Actual Startup Time": 0.016,
                        "Actual Total Time": 270.798,
                        "Actual Rows": 1774635,
                        "Actual Loops": 1,
                        "Filter": "(kind_id > 2)",
                        "Rows Removed by Filter": 753677
                      }
                    ]
                  }
                ]
              }
            ]
          }
        ]
      }
    ]
  },
  "Planning Time": 0.889,
  "Triggers": [],
  "Execution Time": 7377.25
}