[
  {
    "Plan": {
      "Node Type": "Aggregate",
      "Strategy": "Plain",
      "Partial Mode": "Finalize",
      "Parallel Aware": false,
      "Startup Cost": 44900.69,
      "Total Cost": 44900.7,
      "Plan Rows": 1,
      "Plan Width": 8,
      "Actual Startup Time": 77.413,
      "Actual Total Time": 89.492,
      "Actual Rows": 1,
      "Actual Loops": 1,
      "Plans": [
        {
          "Node Type": "Gather",
          "Parent Relationship": "Outer",
          "Parallel Aware": false,
          "Startup Cost": 44900.27,
          "Total Cost": 44900.68,
          "Plan Rows": 4,
          "Plan Width": 8,
          "Actual Startup Time": 77.151,
          "Actual Total Time": 89.484,
          "Actual Rows": 5,
          "Actual Loops": 1,
          "Workers Planned": 4,
          "Workers Launched": 4,
          "Single Copy": false,
          "Plans": [
            {
              "Node Type": "Aggregate",
              "Strategy": "Plain",
              "Partial Mode": "Partial",
              "Parent Relationship": "Outer",
              "Parallel Aware": false,
              "Startup Cost": 43900.27,
              "Total Cost": 43900.28,
              "Plan Rows": 1,
              "Plan Width": 8,
              "Actual Startup Time": 72.934,
              "Actual Total Time": 72.936,
              "Actual Rows": 1,
              "Actual Loops": 5,
              "Plans": [
                {
                  "Node Type": "Seq Scan",
                  "Parent Relationship": "Outer",
                  "Parallel Aware": true,
                  "Relation Name": "title",
                  "Alias": "t",
                  "Startup Cost": 0.0,
                  "Total Cost": 43899.32,
                  "Plan Rows": 379,
                  "Plan Width": 0,
                  "Actual Startup Time": 2.283,
                  "Actual Total Time": 72.876,
                  "Actual Rows": 458,
                  "Actual Loops": 5,
                  "Filter": "(production_year = 1947)",
                  "Rows Removed by Filter": 505204
                }
              ]
            }
          ]
        }
      ]
    },
    "Planning Time": 0.103,
    "Triggers": [],
    "Execution Time": 89.54
  }
]