[
  {
    "Plan": {
      "Node Type": "Aggregate",
      "Strategy": "Plain",
      "Partial Mode": "Finalize",
      "Parallel Aware": false,
      "Startup Cost": 255533.34,
      "Total Cost": 255533.35,
      "Plan Rows": 1,
      "Plan Width": 8,
      "Actual Startup Time": 393.693,
      "Actual Total Time": 421.479,
      "Actual Rows": 1,
      "Actual Loops": 1,
      "Plans": [
        {
          "Node Type": "Gather",
          "Parent Relationship": "Outer",
          "Parallel Aware": false,
          "Startup Cost": 255532.71,
          "Total Cost": 255533.32,
          "Plan Rows": 6,
          "Plan Width": 8,
          "Actual Startup Time": 393.523,
          "Actual Total Time": 421.467,
          "Actual Rows": 7,
          "Actual Loops": 1,
          "Workers Planned": 6,
          "Workers Launched": 6,
          "Single Copy": false,
          "Plans": [
            {
              "Node Type": "Aggregate",
              "Strategy": "Plain",
              "Partial Mode": "Partial",
              "Parent Relationship": "Outer",
              "Parallel Aware": false,
              "Startup Cost": 254532.71,
              "Total Cost": 254532.72,
              "Plan Rows": 1,
              "Plan Width": 8,
              "Actual Startup Time": 384.71,
              "Actual Total Time": 384.712,
              "Actual Rows": 1,
              "Actual Loops": 7,
              "Plans": [
                {
                  "Node Type": "Index Scan",
                  "Parent Relationship": "Outer",
                  "Parallel Aware": true,
                  "Scan Direction": "Forward",
                  "Index Name": "role_id_cast_info",
                  "Relation Name": "cast_info",
                  "Alias": "ci",
                  "Startup Cost": 0.56,
                  "Total Cost": 253362.23,
                  "Plan Rows": 468195,
                  "Plan Width": 0,
                  "Actual Startup Time": 0.207,
                  "Actual Total Time": 333.49,
                  "Actual Rows": 937348,
                  "Actual Loops": 7,
                  "Index Cond": "(role_id > 4)",
                  "Rows Removed by Index Recheck": 0,
                  "Filter": "(person_id > 2639004)",
                  "Rows Removed by Filter": 403324
                }
              ]
            }
          ]
        }
      ]
    },
    "Planning Time": 0.333,
    "Triggers": [],
    "Execution Time": 421.554
  }
]