[
  {
    "Plan": {
      "Node Type": "Aggregate",
      "Strategy": "Plain",
      "Partial Mode": "Finalize",
      "Parallel Aware": false,
      "Startup Cost": 293169.75,
      "Total Cost": 293169.76,
      "Plan Rows": 1,
      "Plan Width": 8,
      "Actual Startup Time": 1841.325,
      "Actual Total Time": 1887.516,
      "Actual Rows": 1,
      "Actual Loops": 1,
      "Plans": [
        {
          "Node Type": "Gather",
          "Parent Relationship": "Outer",
          "Parallel Aware": false,
          "Startup Cost": 293169.23,
          "Total Cost": 293169.74,
          "Plan Rows": 5,
          "Plan Width": 8,
          "Actual Startup Time": 1823.593,
          "Actual Total Time": 1887.503,
          "Actual Rows": 6,
          "Actual Loops": 1,
          "Workers Planned": 5,
          "Workers Launched": 5,
          "Single Copy": false,
          "Plans": [
            {
              "Node Type": "Aggregate",
              "Strategy": "Plain",
              "Partial Mode": "Partial",
              "Parent Relationship": "Outer",
              "Parallel Aware": false,
              "Startup Cost": 292169.23,
              "Total Cost": 292169.24,
              "Plan Rows": 1,
              "Plan Width": 8,
              "Actual Startup Time": 1810.448,
              "Actual Total Time": 1810.923,
              "Actual Rows": 1,
              "Actual Loops": 6,
              "Plans": [
                {
                  "Node Type": "Hash Join",
                  "Parent Relationship": "Outer",
                  "Parallel Aware": true,
                  "Join Type": "Inner",
                  "Startup Cost": 84175.05,
                  "Total Cost": 289496.17,
                  "Plan Rows": 1069223,
                  "Plan Width": 0,
                  "Actual Startup Time": 489.61,
                  "Actual Total Time": 1677.027,
                  "Actual Rows": 2765323,
                  "Actual Loops": 6,
                  "Inner Unique": false,
                  "Hash Cond": "(mi.movie_id = t.id)",
                  "Plans": [
                    {
                      "Node Type": "Seq Scan",
                      "Parent Relationship": "Outer",
                      "Parallel Aware": true,
                      "Relation Name": "movie_info",
                      "Alias": "mi",
                      "Startup Cost": 0.0,
                      "Total Cost": 191560.33,
                      "Plan Rows": 2956733,
                      "Plan Width": 4,
                      "Actual Startup Time": 0.018,
                      "Actual Total Time": 327.738,
                      "Actual Rows": 2472620,
                      "Actual Loops": 6
                    },
                    {
                      "Node Type": "Hash",
                      "Parent Relationship": "Inner",
                      "Parallel Aware": true,
                      "Startup Cost": 81317.9,
                      "Total Cost": 81317.9,
                      "Plan Rows": 228572,
                      "Plan Width": 8,
                      "Actual Startup Time": 484.077,
                      "Actual Total Time": 484.551,
                      "Actual Rows": 183720,
                      "Actual Loops": 6,
                      "Hash Buckets": 2097152,
                      "Original Hash Buckets": 1048576,
                      "Hash Batches": 1,
                      "Original Hash Batches": 1,
                      "Peak Memory Usage": 67808,
                      "Plans": [
                        {
                          "Node Type": "Hash Join",
                          "Parent Relationship": "Outer",
                          "Parallel Aware": true,
                          "Join Type": "Inner",
                          "Startup Cost": 35101.47,
                          "Total Cost": 81317.9,
                          "Plan Rows": 228572,
                          "Plan Width": 8,
                          "Actual Startup Time": 167.272,
                          "Actual Total Time": 389.867,
                          "Actual Rows": 183720,
                          "Actual Loops": 6,
                          "Inner Unique": false,
                          "Hash Cond": "(t.id = mc.movie_id)",
                          "Plans": [
                            {
                              "Node Type": "Seq Scan",
                              "Parent Relationship": "Outer",
                              "Parallel Aware": true,
                              "Relation Name": "title",
                              "Alias": "t",
                              "Startup Cost": 0.0,
                              "Total Cost": 42318.73,
                              "Plan Rows": 632073,
                              "Plan Width": 4,
                              "Actual Startup Time": 0.012,
                              "Actual Total Time": 62.77,
                              "Actual Rows": 421385,
                              "Actual Loops": 6
                            },
                            {
                              "Node Type": "Hash",
                              "Parent Relationship": "Inner",
                              "Parallel Aware": true,
                              "Startup Cost": 31414.82,
                              "Total Cost": 31414.82,
                              "Plan Rows": 294932,
                              "Plan Width": 4,
                              "Actual Startup Time": 165.395,
                              "Actual Total Time": 165.397,
                              "Actual Rows": 183720,
                              "Actual Loops": 6,
                              "Hash Buckets": 2097152,
                              "Original Hash Buckets": 1048576,
                              "Hash Batches": 1,
                              "Original Hash Batches": 1,
                              "Peak Memory Usage": 67776,
                              "Plans": [
                                {
                                  "Node Type": "Seq Scan",
                                  "Parent Relationship": "Outer",
                                  "Parallel Aware": true,
                                  "Relation Name": "movie_companies",
                                  "Alias": "mc",
                                  "Startup Cost": 0.0,
                                  "Total Cost": 31414.82,
                                  "Plan Rows": 294932,
                                  "Plan Width": 4,
                                  "Actual Startup Time": 42.963,
                                  "Actual Total Time": 74.117,
                                  "Actual Rows": 183720,
                                  "Actual Loops": 6,
                                  "Filter": "((company_id > 1772) AND (company_type_id = 2))",
                                  "Rows Removed by Filter": 251135
                                }
                              ]
                            }
                          ]
                        }
                      ]
                    }
                  ]
                }
              ]
            }
          ]
        }
      ]
    },
    "Planning Time": 1.526,
    "Triggers": [],
    "Execution Time": 1887.622
  }
]