[
    {
        "Bao": {
            "Bao prediction": "NaN",
            "Bao recommended hint": "(no hint)"
        }
    },
    {
        "Plan": {
            "Node Type": "Aggregate",
            "Strategy": "Plain",
            "Partial Mode": "Finalize",
            "Parallel Aware": false,
            "Startup Cost": 330589.71,
            "Total Cost": 330589.72,
            "Plan Rows": 1,
            "Plan Width": 8,
            "Actual Startup Time": 552.628,
            "Actual Total Time": 579.152,
            "Actual Rows": 1,
            "Actual Loops": 1,
            "Output": [
                "count(*)"
            ],
            "Plans": [
                {
                    "Node Type": "Gather",
                    "Parent Relationship": "Outer",
                    "Parallel Aware": false,
                    "Startup Cost": 330589.08,
                    "Total Cost": 330589.69,
                    "Plan Rows": 6,
                    "Plan Width": 8,
                    "Actual Startup Time": 552.522,
                    "Actual Total Time": 579.143,
                    "Actual Rows": 7,
                    "Actual Loops": 1,
                    "Output": [
                        "(PARTIAL count(*))"
                    ],
                    "Workers Planned": 6,
                    "Workers Launched": 6,
                    "Single Copy": false,
                    "Plans": [
                        {
                            "Node Type": "Aggregate",
                            "Strategy": "Plain",
                            "Partial Mode": "Partial",
                            "Parent Relationship": "Outer",
                            "Parallel Aware": false,
                            "Startup Cost": 329589.08,
                            "Total Cost": 329589.09,
                            "Plan Rows": 1,
                            "Plan Width": 8,
                            "Actual Startup Time": 542.948,
                            "Actual Total Time": 542.949,
                            "Actual Rows": 1,
                            "Actual Loops": 7,
                            "Output": [
                                "PARTIAL count(*)"
                            ],
                            "Workers": [
                                {
                                    "Worker Number": 0,
                                    "Actual Startup Time": 540.587,
                                    "Actual Total Time": 540.588,
                                    "Actual Rows": 1,
                                    "Actual Loops": 1
                                },
                                {
                                    "Worker Number": 1,
                                    "Actual Startup Time": 540.985,
                                    "Actual Total Time": 540.986,
                                    "Actual Rows": 1,
                                    "Actual Loops": 1
                                },
                                {
                                    "Worker Number": 2,
                                    "Actual Startup Time": 541.201,
                                    "Actual Total Time": 541.202,
                                    "Actual Rows": 1,
                                    "Actual Loops": 1
                                },
                                {
                                    "Worker Number": 3,
                                    "Actual Startup Time": 541.455,
                                    "Actual Total Time": 541.456,
                                    "Actual Rows": 1,
                                    "Actual Loops": 1
                                },
                                {
                                    "Worker Number": 4,
                                    "Actual Startup Time": 541.978,
                                    "Actual Total Time": 541.979,
                                    "Actual Rows": 1,
                                    "Actual Loops": 1
                                },
                                {
                                    "Worker Number": 5,
                                    "Actual Startup Time": 542.274,
                                    "Actual Total Time": 542.275,
                                    "Actual Rows": 1,
                                    "Actual Loops": 1
                                }
                            ],
                            "Plans": [
                                {
                                    "Node Type": "Seq Scan",
                                    "Parent Relationship": "Outer",
                                    "Parallel Aware": true,
                                    "Relation Name": "cast_info",
                                    "Schema": "public",
                                    "Alias": "ci",
                                    "Startup Cost": 0.0,
                                    "Total Cost": 328213.62,
                                    "Plan Rows": 550186,
                                    "Plan Width": 0,
                                    "Actual Startup Time": 408.438,
                                    "Actual Total Time": 521.015,
                                    "Actual Rows": 476925,
                                    "Actual Loops": 7,
                                    "Output": [
                                        "id",
                                        "person_id",
                                        "movie_id",
                                        "person_role_id",
                                        "note",
                                        "nr_order",
                                        "role_id"
                                    ],
                                    "Filter": "(ci.person_id > 3448162)",
                                    "Rows Removed by Filter": 4700838,
                                    "Workers": [
                                        {
                                            "Worker Number": 0,
                                            "Actual Startup Time": 406.076,
                                            "Actual Total Time": 518.504,
                                            "Actual Rows": 330272,
                                            "Actual Loops": 1
                                        },
                                        {
                                            "Worker Number": 1,
                                            "Actual Startup Time": 406.463,
                                            "Actual Total Time": 518.553,
                                            "Actual Rows": 333415,
                                            "Actual Loops": 1
                                        },
                                        {
                                            "Worker Number": 2,
                                            "Actual Startup Time": 406.689,
                                            "Actual Total Time": 520.357,
                                            "Actual Rows": 502224,
                                            "Actual Loops": 1
                                        },
                                        {
                                            "Worker Number": 3,
                                            "Actual Startup Time": 406.939,
                                            "Actual Total Time": 520.789,
                                            "Actual Rows": 500929,
                                            "Actual Loops": 1
                                        },
                                        {
                                            "Worker Number": 4,
                                            "Actual Startup Time": 407.468,
                                            "Actual Total Time": 521.277,
                                            "Actual Rows": 489455,
                                            "Actual Loops": 1
                                        },
                                        {
                                            "Worker Number": 5,
                                            "Actual Startup Time": 407.781,
                                            "Actual Total Time": 521.488,
                                            "Actual Rows": 489678,
                                            "Actual Loops": 1
                                        }
                                    ]
                                }
                            ]
                        }
                    ]
                }
            ]
        },
        "Planning Time": 197.484,
        "Triggers": [],
        "Execution Time": 579.211
    }
]