[
  {
    "Plan": {
      "Node Type": "Aggregate",
      "Strategy": "Plain",
      "Partial Mode": "Finalize",
      "Parallel Aware": false,
      "Startup Cost": 33040.17,
      "Total Cost": 33040.18,
      "Plan Rows": 1,
      "Plan Width": 8,
      "Actual Startup Time": 101.796,
      "Actual Total Time": 108.998,
      "Actual Rows": 1,
      "Actual Loops": 1,
      "Plans": [
        {
          "Node Type": "Gather",
          "Parent Relationship": "Outer",
          "Parallel Aware": false,
          "Startup Cost": 33039.86,
          "Total Cost": 33040.17,
          "Plan Rows": 3,
          "Plan Width": 8,
          "Actual Startup Time": 101.678,
          "Actual Total Time": 108.981,
          "Actual Rows": 4,
          "Actual Loops": 1,
          "Workers Planned": 3,
          "Workers Launched": 3,
          "Single Copy": false,
          "Plans": [
            {
              "Node Type": "Aggregate",
              "Strategy": "Plain",
              "Partial Mode": "Partial",
              "Parent Relationship": "Outer",
              "Parallel Aware": false,
              "Startup Cost": 32039.86,
              "Total Cost": 32039.87,
              "Plan Rows": 1,
              "Plan Width": 8,
              "Actual Startup Time": 96.349,
              "Actual Total Time": 96.35,
              "Actual Rows": 1,
              "Actual Loops": 4,
              "Plans": [
                {
                  "Node Type": "Seq Scan",
                  "Parent Relationship": "Outer",
                  "Parallel Aware": true,
                  "Relation Name": "movie_companies",
                  "Alias": "mc",
                  "Startup Cost": 0.0,
                  "Total Cost": 31414.82,
                  "Plan Rows": 250015,
                  "Plan Width": 0,
                  "Actual Startup Time": 41.277,
                  "Actual Total Time": 83.445,
                  "Actual Rows": 246807,
                  "Actual Loops": 4,
                  "Filter": "((company_id > 7500) AND (company_type_id = 2))",
                  "Rows Removed by Filter": 405476
                }
              ]
            }
          ]
        }
      ]
    },
    "Planning Time": 0.197,
    "Triggers": [],
    "Execution Time": 109.032
  }
]