[
  {
    "Plan": {
      "Node Type": "Aggregate",
      "Strategy": "Plain",
      "Partial Mode": "Finalize",
      "Parallel Aware": false,
      "Startup Cost": 32979.93,
      "Total Cost": 32979.94,
      "Plan Rows": 1,
      "Plan Width": 8,
      "Actual Startup Time": 105.643,
      "Actual Total Time": 113.229,
      "Actual Rows": 1,
      "Actual Loops": 1,
      "Plans": [
        {
          "Node Type": "Gather",
          "Parent Relationship": "Outer",
          "Parallel Aware": false,
          "Startup Cost": 32979.62,
          "Total Cost": 32979.93,
          "Plan Rows": 3,
          "Plan Width": 8,
          "Actual Startup Time": 105.539,
          "Actual Total Time": 113.222,
          "Actual Rows": 4,
          "Actual Loops": 1,
          "Workers Planned": 3,
          "Workers Launched": 3,
          "Single Copy": false,
          "Plans": [
            {
              "Node Type": "Aggregate",
              "Strategy": "Plain",
              "Partial Mode": "Partial",
              "Parent Relationship": "Outer",
              "Parallel Aware": false,
              "Startup Cost": 31979.62,
              "Total Cost": 31979.63,
              "Plan Rows": 1,
              "Plan Width": 8,
              "Actual Startup Time": 97.999,
              "Actual Total Time": 98.0,
              "Actual Rows": 1,
              "Actual Loops": 4,
              "Plans": [
                {
                  "Node Type": "Seq Scan",
                  "Parent Relationship": "Outer",
                  "Parallel Aware": true,
                  "Relation Name": "movie_companies",
                  "Alias": "mc",
                  "Startup Cost": 0.0,
                  "Total Cost": 31414.82,
                  "Plan Rows": 225919,
                  "Plan Width": 0,
                  "Actual Startup Time": 49.765,
                  "Actual Total Time": 87.513,
                  "Actual Rows": 233897,
                  "Actual Loops": 4,
                  "Filter": "((company_id > 11137) AND (company_type_id = 2))",
                  "Rows Removed by Filter": 418386
                }
              ]
            }
          ]
        }
      ]
    },
    "Planning Time": 0.227,
    "Triggers": [],
    "Execution Time": 113.296
  }
]