[
  {
    "Plan": {
      "Node Type": "Aggregate",
      "Strategy": "Plain",
      "Partial Mode": "Finalize",
      "Parallel Aware": false,
      "Startup Cost": 268578.02,
      "Total Cost": 268578.03,
      "Plan Rows": 1,
      "Plan Width": 8,
      "Actual Startup Time": 596.616,
      "Actual Total Time": 610.401,
      "Actual Rows": 1,
      "Actual Loops": 1,
      "Plans": [
        {
          "Node Type": "Gather",
          "Parent Relationship": "Outer",
          "Parallel Aware": false,
          "Startup Cost": 268577.7,
          "Total Cost": 268578.01,
          "Plan Rows": 3,
          "Plan Width": 8,
          "Actual Startup Time": 592.066,
          "Actual Total Time": 610.391,
          "Actual Rows": 4,
          "Actual Loops": 1,
          "Workers Planned": 3,
          "Workers Launched": 3,
          "Single Copy": false,
          "Plans": [
            {
              "Node Type": "Aggregate",
              "Strategy": "Plain",
              "Partial Mode": "Partial",
              "Parent Relationship": "Outer",
              "Parallel Aware": false,
              "Startup Cost": 267577.7,
              "Total Cost": 267577.71,
              "Plan Rows": 1,
              "Plan Width": 8,
              "Actual Startup Time": 588.606,
              "Actual Total Time": 589.141,
              "Actual Rows": 1,
              "Actual Loops": 4,
              "Plans": [
                {
                  "Node Type": "Hash Join",
                  "Parent Relationship": "Outer",
                  "Parallel Aware": true,
                  "Join Type": "Inner",
                  "Startup Cost": 236671.78,
                  "Total Cost": 267275.94,
                  "Plan Rows": 120707,
                  "Plan Width": 0,
                  "Actual Startup Time": 395.938,
                  "Actual Total Time": 574.633,
                  "Actual Rows": 354054,
                  "Actual Loops": 4,
                  "Inner Unique": false,
                  "Hash Cond": "(mc.movie_id = t.id)",
                  "Plans": [
                    {
                      "Node Type": "Seq Scan",
                      "Parent Relationship": "Outer",
                      "Parallel Aware": true,
                      "Relation Name": "movie_companies",
                      "Alias": "mc",
                      "Startup Cost": 0.0,
                      "Total Cost": 27206.55,
                      "Plan Rows": 841655,
                      "Plan Width": 4,
                      "Actual Startup Time": 0.019,
                      "Actual Total Time": 52.901,
                      "Actual Rows": 652282,
                      "Actual Loops": 4
                    },
                    {
                      "Node Type": "Hash",
                      "Parent Relationship": "Inner",
                      "Parallel Aware": true,
                      "Startup Cost": 235765.28,
                      "Total Cost": 235765.28,
                      "Plan Rows": 72520,
                      "Plan Width": 8,
                      "Actual Startup Time": 393.892,
                      "Actual Total Time": 394.425,
                      "Actual Rows": 164340,
                      "Actual Loops": 4,
                      "Hash Buckets": 1048576,
                      "Original Hash Buckets": 524288,
                      "Hash Batches": 1,
                      "Original Hash Batches": 1,
                      "Peak Memory Usage": 38080,
                      "Plans": [
                        {
                          "Node Type": "Hash Join",
                          "Parent Relationship": "Outer",
                          "Parallel Aware": true,
                          "Join Type": "Inner",
                          "Startup Cost": 70061.69,
                          "Total Cost": 235765.28,
                          "Plan Rows": 72520,
                          "Plan Width": 8,
                          "Actual Startup Time": 203.522,
                          "Actual Total Time": 333.729,
                          "Actual Rows": 164340,
                          "Actual Loops": 4,
                          "Inner Unique": true,
                          "Hash Cond": "(mi.movie_id = t.id)",
                          "Plans": [
                            {
                              "Node Type": "Bitmap Heap Scan",
                              "Parent Relationship": "Outer",
                              "Parallel Aware": true,
                              "Relation Name": "movie_info",
                              "Alias": "mi",
                              "Startup Cost": 22246.9,
                              "Total Cost": 187306.49,
                              "Plan Rows": 245328,
                              "Plan Width": 4,
                              "Actual Startup Time": 54.618,
                              "Actual Total Time": 91.904,
                              "Actual Rows": 324747,
                              "Actual Loops": 4,
                              "Recheck Cond": "(info_type_id = 4)",
                              "Rows Removed by Index Recheck": 0,
                              "Exact Heap Blocks": 2160,
                              "Lossy Heap Blocks": 0,
                              "Plans": [
                                {
                                  "Node Type": "Bitmap Index Scan",
                                  "Parent Relationship": "Outer",
                                  "Parallel Aware": false,
                                  "Index Name": "info_type_id_movie_info",
                                  "Startup Cost": 0.0,
                                  "Total Cost": 21940.24,
                                  "Plan Rows": 1226640,
                                  "Plan Width": 0,
                                  "Actual Startup Time": 53.318,
                                  "Actual Total Time": 53.318,
                                  "Actual Rows": 1298989,
                                  "Actual Loops": 1,
                                  "Index Cond": "(info_type_id = 4)"
                                }
                              ]
                            },
                            {
                              "Node Type": "Hash",
                              "Parent Relationship": "Inner",
                              "Parallel Aware": true,
                              "Startup Cost": 45479.21,
                              "Total Cost": 45479.21,
                              "Plan Rows": 186847,
                              "Plan Width": 4,
                              "Actual Startup Time": 143.934,
                              "Actual Total Time": 143.935,
                              "Actual Rows": 162581,
                              "Actual Loops": 4,
                              "Hash Buckets": 1048576,
                              "Original Hash Buckets": 1048576,
                              "Hash Batches": 1,
                              "Original Hash Batches": 1,
                              "Peak Memory Usage": 33664,
                              "Plans": [
                                {
                                  "Node Type": "Seq Scan",
                                  "Parent Relationship": "Outer",
                                  "Parallel Aware": true,
                                  "Relation Name": "title",
                                  "Alias": "t",
                                  "Startup Cost": 0.0,
                                  "Total Cost": 45479.21,
                                  "Plan Rows": 186847,
                                  "Plan Width": 4,
                                  "Actual Startup Time": 0.018,
                                  "Actual Total Time": 88.544,
                                  "Actual Rows": 162581,
                                  "Actual Loops": 4,
                                  "Filter": "((kind_id < 7) AND (production_year > 1982))",
                                  "Rows Removed by Filter": 469497
                                }
                              ]
                            }
                          ]
                        }
                      ]
                    }
                  ]
                }
              ]
            }
          ]
        }
      ]
    },
    "Planning Time": 0.667,
    "Triggers": [],
    "Execution Time": 610.459
  }
]