[
  {
    "Plan": {
      "Node Type": "Aggregate",
      "Strategy": "Plain",
      "Partial Mode": "Finalize",
      "Parallel Aware": false,
      "Startup Cost": 269726.64,
      "Total Cost": 269726.65,
      "Plan Rows": 1,
      "Plan Width": 8,
      "Actual Startup Time": 610.095,
      "Actual Total Time": 627.522,
      "Actual Rows": 1,
      "Actual Loops": 1,
      "Plans": [
        {
          "Node Type": "Gather",
          "Parent Relationship": "Outer",
          "Parallel Aware": false,
          "Startup Cost": 269726.33,
          "Total Cost": 269726.64,
          "Plan Rows": 3,
          "Plan Width": 8,
          "Actual Startup Time": 606.449,
          "Actual Total Time": 627.512,
          "Actual Rows": 4,
          "Actual Loops": 1,
          "Workers Planned": 3,
          "Workers Launched": 3,
          "Single Copy": false,
          "Plans": [
            {
              "Node Type": "Aggregate",
              "Strategy": "Plain",
              "Partial Mode": "Partial",
              "Parent Relationship": "Outer",
              "Parallel Aware": false,
              "Startup Cost": 268726.33,
              "Total Cost": 268726.34,
              "Plan Rows": 1,
              "Plan Width": 8,
              "Actual Startup Time": 597.314,
              "Actual Total Time": 597.701,
              "Actual Rows": 1,
              "Actual Loops": 4,
              "Plans": [
                {
                  "Node Type": "Hash Join",
                  "Parent Relationship": "Outer",
                  "Parallel Aware": true,
                  "Join Type": "Inner",
                  "Startup Cost": 237794.7,
                  "Total Cost": 268410.28,
                  "Plan Rows": 126417,
                  "Plan Width": 0,
                  "Actual Startup Time": 397.964,
                  "Actual Total Time": 583.704,
                  "Actual Rows": 354054,
                  "Actual Loops": 4,
                  "Inner Unique": false,
                  "Hash Cond": "(mc.movie_id = t.id)",
                  "Plans": [
                    {
                      "Node Type": "Seq Scan",
                      "Parent Relationship": "Outer",
                      "Parallel Aware": true,
                      "Relation Name": "movie_companies",
                      "Alias": "mc",
                      "Startup Cost": 0.0,
                      "Total Cost": 27206.55,
                      "Plan Rows": 841655,
                      "Plan Width": 4,
                      "Actual Startup Time": 0.018,
                      "Actual Total Time": 54.322,
                      "Actual Rows": 652282,
                      "Actual Loops": 4
                    },
                    {
                      "Node Type": "Hash",
                      "Parent Relationship": "Inner",
                      "Parallel Aware": true,
                      "Startup Cost": 236845.33,
                      "Total Cost": 236845.33,
                      "Plan Rows": 75950,
                      "Plan Width": 8,
                      "Actual Startup Time": 394.775,
                      "Actual Total Time": 395.159,
                      "Actual Rows": 164340,
                      "Actual Loops": 4,
                      "Hash Buckets": 1048576,
                      "Original Hash Buckets": 524288,
                      "Hash Batches": 1,
                      "Original Hash Batches": 1,
                      "Peak Memory Usage": 38048,
                      "Plans": [
                        {
                          "Node Type": "Hash Join",
                          "Parent Relationship": "Outer",
                          "Parallel Aware": true,
                          "Join Type": "Inner",
                          "Startup Cost": 70985.49,
                          "Total Cost": 236845.33,
                          "Plan Rows": 75950,
                          "Plan Width": 8,
                          "Actual Startup Time": 202.368,
                          "Actual Total Time": 340.028,
                          "Actual Rows": 164340,
                          "Actual Loops": 4,
                          "Inner Unique": true,
                          "Hash Cond": "(mi.movie_id = t.id)",
                          "Plans": [
                            {
                              "Node Type": "Bitmap Heap Scan",
                              "Parent Relationship": "Outer",
                              "Parallel Aware": true,
                              "Relation Name": "movie_info",
                              "Alias": "mi",
                              "Startup Cost": 23159.21,
                              "Total Cost": 188347.95,
                              "Plan Rows": 255659,
                              "Plan Width": 4,
                              "Actual Startup Time": 41.123,
                              "Actual Total Time": 79.789,
                              "Actual Rows": 324747,
                              "Actual Loops": 4,
                              "Recheck Cond": "(info_type_id = 4)",
                              "Rows Removed by Index Recheck": 0,
                              "Exact Heap Blocks": 2114,
                              "Lossy Heap Blocks": 0,
                              "Plans": [
                                {
                                  "Node Type": "Bitmap Index Scan",
                                  "Parent Relationship": "Outer",
                                  "Parallel Aware": false,
                                  "Index Name": "info_type_id_movie_info",
                                  "Startup Cost": 0.0,
                                  "Total Cost": 22839.64,
                                  "Plan Rows": 1278294,
                                  "Plan Width": 0,
                                  "Actual Startup Time": 39.83,
                                  "Actual Total Time": 39.83,
                                  "Actual Rows": 1298989,
                                  "Actual Loops": 1,
                                  "Index Cond": "(info_type_id = 4)"
                                }
                              ]
                            },
                            {
                              "Node Type": "Hash",
                              "Parent Relationship": "Inner",
                              "Parallel Aware": true,
                              "Startup Cost": 45479.1,
                              "Total Cost": 45479.1,
                              "Plan Rows": 187774,
                              "Plan Width": 4,
                              "Actual Startup Time": 156.013,
                              "Actual Total Time": 156.014,
                              "Actual Rows": 162581,
                              "Actual Loops": 4,
                              "Hash Buckets": 1048576,
                              "Original Hash Buckets": 1048576,
                              "Hash Batches": 1,
                              "Original Hash Batches": 1,
                              "Peak Memory Usage": 33728,
                              "Plans": [
                                {
                                  "Node Type": "Seq Scan",
                                  "Parent Relationship": "Outer",
                                  "Parallel Aware": true,
                                  "Relation Name": "title",
                                  "Alias": "t",
                                  "Startup Cost": 0.0,
                                  "Total Cost": 45479.1,
                                  "Plan Rows": 187774,
                                  "Plan Width": 4,
                                  "Actual Startup Time": 0.051,
                                  "Actual Total Time": 99.438,
                                  "Actual Rows": 162581,
                                  "Actual Loops": 4,
                                  "Filter": "((kind_id < 7) AND (production_year > 1982))",
                                  "Rows Removed by Filter": 469497
                                }
                              ]
                            }
                          ]
                        }
                      ]
                    }
                  ]
                }
              ]
            }
          ]
        }
      ]
    },
    "Planning Time": 1.489,
    "Triggers": [],
    "Execution Time": 627.628
  }
]