[
  {
    "Plan": {
      "Node Type": "Aggregate",
      "Strategy": "Plain",
      "Partial Mode": "Finalize",
      "Parallel Aware": false,
      "Startup Cost": 44363.82,
      "Total Cost": 44363.83,
      "Plan Rows": 1,
      "Plan Width": 8,
      "Actual Startup Time": 121.674,
      "Actual Total Time": 133.294,
      "Actual Rows": 1,
      "Actual Loops": 1,
      "Plans": [
        {
          "Node Type": "Gather",
          "Parent Relationship": "Outer",
          "Parallel Aware": false,
          "Startup Cost": 44363.5,
          "Total Cost": 44363.81,
          "Plan Rows": 3,
          "Plan Width": 8,
          "Actual Startup Time": 121.523,
          "Actual Total Time": 133.288,
          "Actual Rows": 4,
          "Actual Loops": 1,
          "Workers Planned": 3,
          "Workers Launched": 3,
          "Single Copy": false,
          "Plans": [
            {
              "Node Type": "Aggregate",
              "Strategy": "Plain",
              "Partial Mode": "Partial",
              "Parent Relationship": "Outer",
              "Parallel Aware": false,
              "Startup Cost": 43363.5,
              "Total Cost": 43363.51,
              "Plan Rows": 1,
              "Plan Width": 8,
              "Actual Startup Time": 113.831,
              "Actual Total Time": 113.833,
              "Actual Rows": 1,
              "Actual Loops": 4,
              "Plans": [
                {
                  "Node Type": "Seq Scan",
                  "Parent Relationship": "Outer",
                  "Parallel Aware": true,
                  "Relation Name": "movie_keyword",
                  "Alias": "mk",
                  "Startup Cost": 0.0,
                  "Total Cost": 42695.65,
                  "Plan Rows": 267138,
                  "Plan Width": 0,
                  "Actual Startup Time": 0.058,
                  "Actual Total Time": 103.154,
                  "Actual Rows": 206718,
                  "Actual Loops": 4,
                  "Filter": "(keyword_id < 793)",
                  "Rows Removed by Filter": 924264
                }
              ]
            }
          ]
        }
      ]
    },
    "Planning Time": 0.145,
    "Triggers": [],
    "Execution Time": 133.339
  }
]