[
  {
    "Plan": {
      "Node Type": "Aggregate",
      "Strategy": "Plain",
      "Partial Mode": "Finalize",
      "Parallel Aware": false,
      "Startup Cost": 77460.38,
      "Total Cost": 77460.39,
      "Plan Rows": 1,
      "Plan Width": 8,
      "Actual Startup Time": 189.417,
      "Actual Total Time": 212.458,
      "Actual Rows": 1,
      "Actual Loops": 1,
      "Plans": [
        {
          "Node Type": "Gather",
          "Parent Relationship": "Outer",
          "Parallel Aware": false,
          "Startup Cost": 77459.96,
          "Total Cost": 77460.37,
          "Plan Rows": 4,
          "Plan Width": 8,
          "Actual Startup Time": 188.157,
          "Actual Total Time": 212.449,
          "Actual Rows": 5,
          "Actual Loops": 1,
          "Workers Planned": 4,
          "Workers Launched": 4,
          "Single Copy": false,
          "Plans": [
            {
              "Node Type": "Aggregate",
              "Strategy": "Plain",
              "Partial Mode": "Partial",
              "Parent Relationship": "Outer",
              "Parallel Aware": false,
              "Startup Cost": 76459.96,
              "Total Cost": 76459.97,
              "Plan Rows": 1,
              "Plan Width": 8,
              "Actual Startup Time": 178.36,
              "Actual Total Time": 178.364,
              "Actual Rows": 1,
              "Actual Loops": 5,
              "Plans": [
                {
                  "Node Type": "Nested Loop",
                  "Parent Relationship": "Outer",
                  "Parallel Aware": false,
                  "Join Type": "Inner",
                  "Startup Cost": 22513.63,
                  "Total Cost": 76431.53,
                  "Plan Rows": 11370,
                  "Plan Width": 0,
                  "Actual Startup Time": 59.175,
                  "Actual Total Time": 176.92,
                  "Actual Rows": 17083,
                  "Actual Loops": 5,
                  "Inner Unique": false,
                  "Plans": [
                    {
                      "Node Type": "Hash Join",
                      "Parent Relationship": "Outer",
                      "Parallel Aware": true,
                      "Join Type": "Inner",
                      "Startup Cost": 22513.07,
                      "Total Cost": 66569.93,
                      "Plan Rows": 794,
                      "Plan Width": 8,
                      "Actual Startup Time": 59.054,
                      "Actual Total Time": 124.289,
                      "Actual Rows": 440,
                      "Actual Loops": 5,
                      "Inner Unique": false,
                      "Hash Cond": "(t.id = mc.movie_id)",
                      "Plans": [
                        {
                          "Node Type": "Seq Scan",
                          "Parent Relationship": "Outer",
                          "Parallel Aware": true,
                          "Relation Name": "title",
                          "Alias": "t",
                          "Startup Cost": 0.0,
                          "Total Cost": 43898.92,
                          "Plan Rows": 31077,
                          "Plan Width": 4,
                          "Actual Startup Time": 0.017,
                          "Actual Total Time": 57.405,
                          "Actual Rows": 23913,
                          "Actual Loops": 5,
                          "Filter": "(production_year = 2007)",
                          "Rows Removed by Filter": 481749
                        },
                        {
                          "Node Type": "Hash",
                          "Parent Relationship": "Inner",
                          "Parallel Aware": true,
                          "Startup Cost": 22252.75,
                          "Total Cost": 22252.75,
                          "Plan Rows": 20825,
                          "Plan Width": 4,
                          "Actual Startup Time": 57.812,
                          "Actual Total Time": 57.813,
                          "Actual Rows": 22253,
                          "Actual Loops": 5,
                          "Hash Buckets": 131072,
                          "Original Hash Buckets": 65536,
                          "Hash Batches": 1,
                          "Original Hash Batches": 1,
                          "Peak Memory Usage": 5920,
                          "Plans": [
                            {
                              "Node Type": "Bitmap Heap Scan",
                              "Parent Relationship": "Outer",
                              "Parallel Aware": true,
                              "Relation Name": "movie_companies",
                              "Alias": "mc",
                              "Startup Cost": 2828.17,
                              "Total Cost": 22252.75,
                              "Plan Rows": 20825,
                              "Plan Width": 4,
                              "Actual Startup Time": 14.645,
                              "Actual Total Time": 43.346,
                              "Actual Rows": 22253,
                              "Actual Loops": 5,
                              "Recheck Cond": "(company_id < 27)",
                              "Rows Removed by Index Recheck": 0,
                              "Filter": "(company_type_id = 1)",
                              "Rows Removed by Filter": 4708,
                              "Exact Heap Blocks": 5983,
                              "Lossy Heap Blocks": 0,
                              "Plans": [
                                {
                                  "Node Type": "Bitmap Index Scan",
                                  "Parent Relationship": "Outer",
                                  "Parallel Aware": false,
                                  "Index Name": "company_id_movie_companies",
                                  "Startup Cost": 0.0,
                                  "Total Cost": 2812.03,
                                  "Plan Rows": 131147,
                                  "Plan Width": 0,
                                  "Actual Startup Time": 16.634,
                                  "Actual Total Time": 16.635,
                                  "Actual Rows": 134807,
                                  "Actual Loops": 1,
                                  "Index Cond": "(company_id < 27)"
                                }
                              ]
                            }
                          ]
                        }
                      ]
                    },
                    {
                      "Node Type": "Index Only Scan",
                      "Parent Relationship": "Inner",
                      "Parallel Aware": false,
                      "Scan Direction": "Forward",
                      "Index Name": "movie_id_cast_info",
                      "Relation Name": "cast_info",
                      "Alias": "ci",
                      "Startup Cost": 0.56,
                      "Total Cost": 12.05,
                      "Plan Rows": 37,
                      "Plan Width": 4,
                      "Actual Startup Time": 0.013,
                      "Actual Total Time": 0.116,
                      "Actual Rows": 39,
                      "Actual Loops": 2199,
                      "Index Cond": "(movie_id = t.id)",
                      "Rows Removed by Index Recheck": 0,
                      "Heap Fetches": 85416
                    }
                  ]
                }
              ]
            }
          ]
        }
      ]
    },
    "Planning Time": 1.449,
    "Triggers": [],
    "Execution Time": 212.564
  }
]