[
  {
    "Plan": {
      "Node Type": "Aggregate",
      "Strategy": "Plain",
      "Partial Mode": "Finalize",
      "Parallel Aware": false,
      "Startup Cost": 44586.0,
      "Total Cost": 44586.01,
      "Plan Rows": 1,
      "Plan Width": 8,
      "Actual Startup Time": 109.828,
      "Actual Total Time": 119.148,
      "Actual Rows": 1,
      "Actual Loops": 1,
      "Plans": [
        {
          "Node Type": "Gather",
          "Parent Relationship": "Outer",
          "Parallel Aware": false,
          "Startup Cost": 44585.68,
          "Total Cost": 44585.99,
          "Plan Rows": 3,
          "Plan Width": 8,
          "Actual Startup Time": 109.651,
          "Actual Total Time": 119.137,
          "Actual Rows": 4,
          "Actual Loops": 1,
          "Workers Planned": 3,
          "Workers Launched": 3,
          "Single Copy": false,
          "Plans": [
            {
              "Node Type": "Aggregate",
              "Strategy": "Plain",
              "Partial Mode": "Partial",
              "Parent Relationship": "Outer",
              "Parallel Aware": false,
              "Startup Cost": 43585.68,
              "Total Cost": 43585.69,
              "Plan Rows": 1,
              "Plan Width": 8,
              "Actual Startup Time": 105.372,
              "Actual Total Time": 105.374,
              "Actual Rows": 1,
              "Actual Loops": 4,
              "Plans": [
                {
                  "Node Type": "Seq Scan",
                  "Parent Relationship": "Outer",
                  "Parallel Aware": true,
                  "Relation Name": "movie_keyword",
                  "Alias": "mk",
                  "Startup Cost": 0.0,
                  "Total Cost": 42695.65,
                  "Plan Rows": 356012,
                  "Plan Width": 0,
                  "Actual Startup Time": 0.03,
                  "Actual Total Time": 93.176,
                  "Actual Rows": 278309,
                  "Actual Loops": 4,
                  "Filter": "(keyword_id < 1150)",
                  "Rows Removed by Filter": 852673
                }
              ]
            }
          ]
        }
      ]
    },
    "Planning Time": 0.195,
    "Triggers": [],
    "Execution Time": 119.203
  }
]