[
  {
    "Plan": {
      "Node Type": "Aggregate",
      "Strategy": "Plain",
      "Partial Mode": "Finalize",
      "Parallel Aware": false,
      "Startup Cost": 267410.83,
      "Total Cost": 267410.84,
      "Plan Rows": 1,
      "Plan Width": 8,
      "Actual Startup Time": 1220.566,
      "Actual Total Time": 1249.582,
      "Actual Rows": 1,
      "Actual Loops": 1,
      "Plans": [
        {
          "Node Type": "Gather",
          "Parent Relationship": "Outer",
          "Parallel Aware": false,
          "Startup Cost": 267410.52,
          "Total Cost": 267410.83,
          "Plan Rows": 3,
          "Plan Width": 8,
          "Actual Startup Time": 1188.913,
          "Actual Total Time": 1249.57,
          "Actual Rows": 4,
          "Actual Loops": 1,
          "Workers Planned": 3,
          "Workers Launched": 3,
          "Single Copy": false,
          "Plans": [
            {
              "Node Type": "Aggregate",
              "Strategy": "Plain",
              "Partial Mode": "Partial",
              "Parent Relationship": "Outer",
              "Parallel Aware": false,
              "Startup Cost": 266410.52,
              "Total Cost": 266410.53,
              "Plan Rows": 1,
              "Plan Width": 8,
              "Actual Startup Time": 1179.71,
              "Actual Total Time": 1179.891,
              "Actual Rows": 1,
              "Actual Loops": 4,
              "Plans": [
                {
                  "Node Type": "Hash Join",
                  "Parent Relationship": "Outer",
                  "Parallel Aware": true,
                  "Join Type": "Inner",
                  "Startup Cost": 234627.45,
                  "Total Cost": 265621.45,
                  "Plan Rows": 315626,
                  "Plan Width": 0,
                  "Actual Startup Time": 666.189,
                  "Actual Total Time": 1072.561,
                  "Actual Rows": 2239227,
                  "Actual Loops": 4,
                  "Inner Unique": false,
                  "Hash Cond": "(mc.movie_id = t.id)",
                  "Plans": [
                    {
                      "Node Type": "Seq Scan",
                      "Parent Relationship": "Outer",
                      "Parallel Aware": true,
                      "Relation Name": "movie_companies",
                      "Alias": "mc",
                      "Startup Cost": 0.0,
                      "Total Cost": 27206.55,
                      "Plan Rows": 841655,
                      "Plan Width": 4,
                      "Actual Startup Time": 0.021,
                      "Actual Total Time": 65.889,
                      "Actual Rows": 652282,
                      "Actual Loops": 4
                    },
                    {
                      "Node Type": "Hash",
                      "Parent Relationship": "Inner",
                      "Parallel Aware": true,
                      "Startup Cost": 232257.14,
                      "Total Cost": 232257.14,
                      "Plan Rows": 189625,
                      "Plan Width": 8,
                      "Actual Startup Time": 661.033,
                      "Actual Total Time": 661.213,
                      "Actual Rows": 225085,
                      "Actual Loops": 4,
                      "Hash Buckets": 1048576,
                      "Original Hash Buckets": 1048576,
                      "Hash Batches": 1,
                      "Original Hash Batches": 1,
                      "Peak Memory Usage": 43488,
                      "Plans": [
                        {
                          "Node Type": "Hash Join",
                          "Parent Relationship": "Outer",
                          "Parallel Aware": true,
                          "Join Type": "Inner",
                          "Startup Cost": 67396.06,
                          "Total Cost": 232257.14,
                          "Plan Rows": 189625,
                          "Plan Width": 8,
                          "Actual Startup Time": 408.173,
                          "Actual Total Time": 582.754,
                          "Actual Rows": 225085,
                          "Actual Loops": 4,
                          "Inner Unique": true,
                          "Hash Cond": "(mi.movie_id = t.id)",
                          "Plans": [
                            {
                              "Node Type": "Bitmap Heap Scan",
                              "Parent Relationship": "Outer",
                              "Parallel Aware": true,
                              "Relation Name": "movie_info",
                              "Alias": "mi",
                              "Startup Cost": 17176.41,
                              "Total Cost": 181539.73,
                              "Plan Rows": 189625,
                              "Plan Width": 4,
                              "Actual Startup Time": 36.806,
                              "Actual Total Time": 111.124,
                              "Actual Rows": 225085,
                              "Actual Loops": 4,
                              "Recheck Cond": "(info_type_id > 94)",
                              "Rows Removed by Index Recheck": 0,
                              "Exact Heap Blocks": 11339,
                              "Lossy Heap Blocks": 0,
                              "Plans": [
                                {
                                  "Node Type": "Bitmap Index Scan",
                                  "Parent Relationship": "Outer",
                                  "Parallel Aware": false,
                                  "Index Name": "info_type_id_movie_info",
                                  "Startup Cost": 0.0,
                                  "Total Cost": 16939.38,
                                  "Plan Rows": 948126,
                                  "Plan Width": 0,
                                  "Actual Startup Time": 31.284,
                                  "Actual Total Time": 31.284,
                                  "Actual Rows": 900340,
                                  "Actual Loops": 1,
                                  "Index Cond": "(info_type_id > 94)"
                                }
                              ]
                            },
                            {
                              "Node Type": "Hash",
                              "Parent Relationship": "Inner",
                              "Parallel Aware": true,
                              "Startup Cost": 42318.73,
                              "Total Cost": 42318.73,
                              "Plan Rows": 632073,
                              "Plan Width": 4,
                              "Actual Startup Time": 363.693,
                              "Actual Total Time": 363.694,
                              "Actual Rows": 632078,
                              "Actual Loops": 4,
                              "Hash Buckets": 4194304,
                              "Original Hash Buckets": 4194304,
                              "Hash Batches": 1,
                              "Original Hash Batches": 1,
                              "Peak Memory Usage": 131744,
                              "Plans": [
                                {
                                  "Node Type": "Seq Scan",
                                  "Parent Relationship": "Outer",
                                  "Parallel Aware": true,
                                  "Relation Name": "title",
                                  "Alias": "t",
                                  "Startup Cost": 0.0,
                                  "Total Cost": 42318.73,
                                  "Plan Rows": 632073,
                                  "Plan Width": 4,
                                  "Actual Startup Time": 0.042,
                                  "Actual Total Time": 109.242,
                                  "Actual Rows": 632078,
                                  "Actual Loops": 4
                                }
                              ]
                            }
                          ]
                        }
                      ]
                    }
                  ]
                }
              ]
            }
          ]
        }
      ]
    },
    "Planning Time": 1.433,
    "Triggers": [],
    "Execution Time": 1249.689
  }
]