[
  {
    "Plan": {
      "Node Type": "Aggregate",
      "Strategy": "Plain",
      "Partial Mode": "Finalize",
      "Parallel Aware": false,
      "Startup Cost": 93670.18,
      "Total Cost": 93670.19,
      "Plan Rows": 1,
      "Plan Width": 8,
      "Actual Startup Time": 392.912,
      "Actual Total Time": 409.949,
      "Actual Rows": 1,
      "Actual Loops": 1,
      "Plans": [
        {
          "Node Type": "Gather",
          "Parent Relationship": "Outer",
          "Parallel Aware": false,
          "Startup Cost": 93669.86,
          "Total Cost": 93670.17,
          "Plan Rows": 3,
          "Plan Width": 8,
          "Actual Startup Time": 390.568,
          "Actual Total Time": 409.937,
          "Actual Rows": 4,
          "Actual Loops": 1,
          "Workers Planned": 3,
          "Workers Launched": 3,
          "Single Copy": false,
          "Plans": [
            {
              "Node Type": "Aggregate",
              "Strategy": "Plain",
              "Partial Mode": "Partial",
              "Parent Relationship": "Outer",
              "Parallel Aware": false,
              "Startup Cost": 92669.86,
              "Total Cost": 92669.87,
              "Plan Rows": 1,
              "Plan Width": 8,
              "Actual Startup Time": 382.983,
              "Actual Total Time": 382.987,
              "Actual Rows": 1,
              "Actual Loops": 4,
              "Plans": [
                {
                  "Node Type": "Hash Join",
                  "Parent Relationship": "Outer",
                  "Parallel Aware": true,
                  "Join Type": "Inner",
                  "Startup Cost": 47349.51,
                  "Total Cost": 92186.97,
                  "Plan Rows": 193157,
                  "Plan Width": 0,
                  "Actual Startup Time": 198.161,
                  "Actual Total Time": 368.641,
                  "Actual Rows": 325141,
                  "Actual Loops": 4,
                  "Inner Unique": true,
                  "Hash Cond": "(mk.movie_id = t.id)",
                  "Plans": [
                    {
                      "Node Type": "Seq Scan",
                      "Parent Relationship": "Outer",
                      "Parallel Aware": true,
                      "Relation Name": "movie_keyword",
                      "Alias": "mk",
                      "Startup Cost": 0.0,
                      "Total Cost": 42695.65,
                      "Plan Rows": 815926,
                      "Plan Width": 4,
                      "Actual Startup Time": 0.025,
                      "Actual Total Time": 114.431,
                      "Actual Rows": 633142,
                      "Actual Loops": 4,
                      "Filter": "(keyword_id < 6302)",
                      "Rows Removed by Filter": 497840
                    },
                    {
                      "Node Type": "Hash",
                      "Parent Relationship": "Inner",
                      "Parallel Aware": true,
                      "Startup Cost": 45479.1,
                      "Total Cost": 45479.1,
                      "Plan Rows": 149633,
                      "Plan Width": 4,
                      "Actual Startup Time": 158.386,
                      "Actual Total Time": 158.387,
                      "Actual Rows": 121840,
                      "Actual Loops": 4,
                      "Hash Buckets": 1048576,
                      "Original Hash Buckets": 1048576,
                      "Hash Batches": 1,
                      "Original Hash Batches": 1,
                      "Peak Memory Usage": 27328,
                      "Plans": [
                        {
                          "Node Type": "Seq Scan",
                          "Parent Relationship": "Outer",
                          "Parallel Aware": true,
                          "Relation Name": "title",
                          "Alias": "t",
                          "Startup Cost": 0.0,
                          "Total Cost": 45479.1,
                          "Plan Rows": 149633,
                          "Plan Width": 4,
                          "Actual Startup Time": 51.297,
                          "Actual Total Time": 111.656,
                          "Actual Rows": 121840,
                          "Actual Loops": 4,
                          "Filter": "((production_year > 1952) AND (kind_id = 1))",
                          "Rows Removed by Filter": 510238
                        }
                      ]
                    }
                  ]
                }
              ]
            }
          ]
        }
      ]
    },
    "Planning Time": 0.543,
    "Triggers": [],
    "Execution Time": 410.013
  }
]