[
  {
    "Plan": {
      "Node Type": "Aggregate",
      "Strategy": "Plain",
      "Partial Mode": "Finalize",
      "Parallel Aware": false,
      "Startup Cost": 44564.98,
      "Total Cost": 44564.99,
      "Plan Rows": 1,
      "Plan Width": 8,
      "Actual Startup Time": 121.932,
      "Actual Total Time": 130.486,
      "Actual Rows": 1,
      "Actual Loops": 1,
      "Plans": [
        {
          "Node Type": "Gather",
          "Parent Relationship": "Outer",
          "Parallel Aware": false,
          "Startup Cost": 44564.66,
          "Total Cost": 44564.97,
          "Plan Rows": 3,
          "Plan Width": 8,
          "Actual Startup Time": 121.734,
          "Actual Total Time": 130.474,
          "Actual Rows": 4,
          "Actual Loops": 1,
          "Workers Planned": 3,
          "Workers Launched": 3,
          "Single Copy": false,
          "Plans": [
            {
              "Node Type": "Aggregate",
              "Strategy": "Plain",
              "Partial Mode": "Partial",
              "Parent Relationship": "Outer",
              "Parallel Aware": false,
              "Startup Cost": 43564.66,
              "Total Cost": 43564.67,
              "Plan Rows": 1,
              "Plan Width": 8,
              "Actual Startup Time": 117.313,
              "Actual Total Time": 117.314,
              "Actual Rows": 1,
              "Actual Loops": 4,
              "Plans": [
                {
                  "Node Type": "Seq Scan",
                  "Parent Relationship": "Outer",
                  "Parallel Aware": true,
                  "Relation Name": "movie_keyword",
                  "Alias": "mk",
                  "Startup Cost": 0.0,
                  "Total Cost": 42695.65,
                  "Plan Rows": 347602,
                  "Plan Width": 0,
                  "Actual Startup Time": 0.934,
                  "Actual Total Time": 103.864,
                  "Actual Rows": 268434,
                  "Actual Loops": 4,
                  "Filter": "(keyword_id > 16457)",
                  "Rows Removed by Filter": 862548
                }
              ]
            }
          ]
        }
      ]
    },
    "Planning Time": 0.086,
    "Triggers": [],
    "Execution Time": 130.513
  }
]