[
  {
    "Plan": {
      "Node Type": "Aggregate",
      "Strategy": "Plain",
      "Partial Mode": "Finalize",
      "Parallel Aware": false,
      "Startup Cost": 30465.37,
      "Total Cost": 30465.38,
      "Plan Rows": 1,
      "Plan Width": 8,
      "Actual Startup Time": 70.236,
      "Actual Total Time": 74.951,
      "Actual Rows": 1,
      "Actual Loops": 1,
      "Plans": [
        {
          "Node Type": "Gather",
          "Parent Relationship": "Outer",
          "Parallel Aware": false,
          "Startup Cost": 30465.05,
          "Total Cost": 30465.36,
          "Plan Rows": 3,
          "Plan Width": 8,
          "Actual Startup Time": 70.046,
          "Actual Total Time": 74.942,
          "Actual Rows": 4,
          "Actual Loops": 1,
          "Workers Planned": 3,
          "Workers Launched": 3,
          "Single Copy": false,
          "Plans": [
            {
              "Node Type": "Aggregate",
              "Strategy": "Plain",
              "Partial Mode": "Partial",
              "Parent Relationship": "Outer",
              "Parallel Aware": false,
              "Startup Cost": 29465.05,
              "Total Cost": 29465.06,
              "Plan Rows": 1,
              "Plan Width": 8,
              "Actual Startup Time": 60.863,
              "Actual Total Time": 60.864,
              "Actual Rows": 1,
              "Actual Loops": 4,
              "Plans": [
                {
                  "Node Type": "Bitmap Heap Scan",
                  "Parent Relationship": "Outer",
                  "Parallel Aware": true,
                  "Relation Name": "movie_companies",
                  "Alias": "mc",
                  "Startup Cost": 8583.2,
                  "Total Cost": 29300.86,
                  "Plan Rows": 65677,
                  "Plan Width": 0,
                  "Actual Startup Time": 14.524,
                  "Actual Total Time": 54.278,
                  "Actual Rows": 99528,
                  "Actual Loops": 4,
                  "Recheck Cond": "(company_id > 82507)",
                  "Rows Removed by Index Recheck": 0,
                  "Filter": "(company_type_id > 1)",
                  "Rows Removed by Filter": 0,
                  "Exact Heap Blocks": 3365,
                  "Lossy Heap Blocks": 0,
                  "Plans": [
                    {
                      "Node Type": "Bitmap Index Scan",
                      "Parent Relationship": "Outer",
                      "Parallel Aware": false,
                      "Index Name": "company_id_movie_companies",
                      "Startup Cost": 0.0,
                      "Total Cost": 8532.3,
                      "Plan Rows": 398383,
                      "Plan Width": 0,
                      "Actual Startup Time": 22.233,
                      "Actual Total Time": 22.233,
                      "Actual Rows": 398112,
                      "Actual Loops": 1,
                      "Index Cond": "(company_id > 82507)"
                    }
                  ]
                }
              ]
            }
          ]
        }
      ]
    },
    "Planning Time": 0.225,
    "Triggers": [],
    "Execution Time": 75.034
  }
]