[
  {
    "Plan": {
      "Node Type": "Aggregate",
      "Strategy": "Plain",
      "Partial Mode": "Simple",
      "Parallel Aware": false,
      "Startup Cost": 8612.96,
      "Total Cost": 8612.97,
      "Plan Rows": 1,
      "Plan Width": 8,
      "Actual Startup Time": 4.332,
      "Actual Total Time": 4.334,
      "Actual Rows": 1,
      "Actual Loops": 1,
      "Plans": [
        {
          "Node Type": "Index Only Scan",
          "Parent Relationship": "Outer",
          "Parallel Aware": false,
          "Scan Direction": "Forward",
          "Index Name": "company_id_movie_companies",
          "Relation Name": "movie_companies",
          "Alias": "mc",
          "Startup Cost": 0.43,
          "Total Cost": 8604.04,
          "Plan Rows": 3566,
          "Plan Width": 0,
          "Actual Startup Time": 0.084,
          "Actual Total Time": 3.899,
          "Actual Rows": 2519,
          "Actual Loops": 1,
          "Index Cond": "(company_id = 115)",
          "Rows Removed by Index Recheck": 0,
          "Heap Fetches": 2519
        }
      ]
    },
    "Planning Time": 0.174,
    "Triggers": [],
    "Execution Time": 4.383
  }
]