[
  {
    "Plan": {
      "Node Type": "Aggregate",
      "Strategy": "Plain",
      "Partial Mode": "Simple",
      "Parallel Aware": false,
      "Startup Cost": 16564.67,
      "Total Cost": 16564.68,
      "Plan Rows": 1,
      "Plan Width": 64,
      "Actual Startup Time": 117.079,
      "Actual Total Time": 117.082,
      "Actual Rows": 1,
      "Actual Loops": 1,
      "Plans": [
        {
          "Node Type": "Nested Loop",
          "Parent Relationship": "Outer",
          "Parallel Aware": false,
          "Join Type": "Inner",
          "Startup Cost": 11.65,
          "Total Cost": 16564.67,
          "Plan Rows": 1,
          "Plan Width": 23,
          "Actual Startup Time": 53.208,
          "Actual Total Time": 117.071,
          "Actual Rows": 1,
          "Actual Loops": 1,
          "Inner Unique": true,
          "Join Filter": "(mi_idx.movie_id = t.id)",
          "Rows Removed by Join Filter": 0,
          "Plans": [
            {
              "Node Type": "Nested Loop",
              "Parent Relationship": "Outer",
              "Parallel Aware": false,
              "Join Type": "Inner",
              "Startup Cost": 11.22,
              "Total Cost": 16564.17,
              "Plan Rows": 1,
              "Plan Width": 14,
              "Actual Startup Time": 17.317,
              "Actual Total Time": 116.602,
              "Actual Rows": 21,
              "Actual Loops": 1,
              "Inner Unique": false,
              "Join Filter": "(mi_idx.info_type_id = it.id)",
              "Rows Removed by Join Filter": 285,
              "Plans": [
                {
                  "Node Type": "Seq Scan",
                  "Parent Relationship": "Outer",
                  "Parallel Aware": false,
                  "Relation Name": "info_type",
                  "Alias": "it",
                  "Startup Cost": 0.0,
                  "Total Cost": 2.41,
                  "Plan Rows": 1,
                  "Plan Width": 4,
                  "Actual Startup Time": 0.02,
                  "Actual Total Time": 0.024,
                  "Actual Rows": 1,
                  "Actual Loops": 1,
                  "Filter": "((info)::text = 'rating'::text)",
                  "Rows Removed by Filter": 112
                },
                {
                  "Node Type": "Nested Loop",
                  "Parent Relationship": "Inner",
                  "Parallel Aware": false,
                  "Join Type": "Inner",
                  "Startup Cost": 11.22,
                  "Total Cost": 16561.65,
                  "Plan Rows": 8,
                  "Plan Width": 18,
                  "Actual Startup Time": 4.602,
                  "Actual Total Time": 116.538,
                  "Actual Rows": 306,
                  "Actual Loops": 1,
                  "Inner Unique": false,
                  "Plans": [
                    {
                      "Node Type": "Nested Loop",
                      "Parent Relationship": "Outer",
                      "Parallel Aware": false,
                      "Join Type": "Inner",
                      "Startup Cost": 10.79,
                      "Total Cost": 16338.26,
                      "Plan Rows": 438,
                      "Plan Width": 4,
                      "Actual Startup Time": 3.788,
                      "Actual Total Time": 61.959,
                      "Actual Rows": 12951,
                      "Actual Loops": 1,
                      "Inner Unique": false,
                      "Plans": [
                        {
                          "Node Type": "Seq Scan",
                          "Parent Relationship": "Outer",
                          "Parallel Aware": false,
                          "Relation Name": "keyword",
                          "Alias": "k",
                          "Startup Cost": 0.0,
                          "Total Cost": 2626.12,
                          "Plan Rows": 13,
                          "Plan Width": 4,
                          "Actual Startup Time": 1.387,
                          "Actual Total Time": 18.22,
                          "Actual Rows": 30,
                          "Actual Loops": 1,
                          "Filter": "(keyword ~~ '%sequel%'::text)",
                          "Rows Removed by Filter": 134140
                        },
                        {
                          "Node Type": "Bitmap Heap Scan",
                          "Parent Relationship": "Inner",
                          "Parallel Aware": false,
                          "Relation Name": "movie_keyword",
                          "Alias": "mk",
                          "Startup Cost": 10.79,
                          "Total Cost": 1051.74,
                          "Plan Rows": 304,
                          "Plan Width": 8,
                          "Actual Startup Time": 0.104,
                          "Actual Total Time": 1.381,
                          "Actual Rows": 432,
                          "Actual Loops": 30,
                          "Recheck Cond": "(keyword_id = k.id)",
                          "Rows Removed by Index Recheck": 0,
                          "Exact Heap Blocks": 6979,
                          "Lossy Heap Blocks": 0,
                          "Plans": [
                            {
                              "Node Type": "Bitmap Index Scan",
                              "Parent Relationship": "Outer",
                              "Parallel Aware": false,
                              "Index Name": "keyword_id_movie_keyword",
                              "Startup Cost": 0.0,
                              "Total Cost": 10.71,
                              "Plan Rows": 304,
                              "Plan Width": 0,
                              "Actual Startup Time": 0.07,
                              "Actual Total Time": 0.07,
                              "Actual Rows": 432,
                              "Actual Loops": 30,
                              "Index Cond": "(keyword_id = k.id)"
                            }
                          ]
                        }
                      ]
                    },
                    {
                      "Node Type": "Index Scan",
                      "Parent Relationship": "Inner",
                      "Parallel Aware": false,
                      "Scan Direction": "Forward",
                      "Index Name": "movie_id_movie_info_idx",
                      "Relation Name": "movie_info_idx",
                      "Alias": "mi_idx",
                      "Startup Cost": 0.43,
                      "Total Cost": 0.5,
                      "Plan Rows": 1,
                      "Plan Width": 14,
                      "Actual Startup Time": 0.004,
                      "Actual Total Time": 0.004,
                      "Actual Rows": 0,
                      "Actual Loops": 12951,
                      "Index Cond": "(movie_id = mk.movie_id)",
                      "Rows Removed by Index Recheck": 0,
                      "Filter": "(info > '9.0'::text)",
                      "Rows Removed by Filter": 2
                    }
                  ]
                }
              ]
            },
            {
              "Node Type": "Index Scan",
              "Parent Relationship": "Inner",
              "Parallel Aware": false,
              "Scan Direction": "Forward",
              "Index Name": "title_pkey",
              "Relation Name": "title",
              "Alias": "t",
              "Startup Cost": 0.43,
              "Total Cost": 0.49,
              "Plan Rows": 1,
              "Plan Width": 21,
              "Actual Startup Time": 0.022,
              "Actual Total Time": 0.022,
              "Actual Rows": 0,
              "Actual Loops": 21,
              "Index Cond": "(id = mk.movie_id)",
              "Rows Removed by Index Recheck": 0,
              "Filter": "(production_year < 1999)",
              "Rows Removed by Filter": 1
            }
          ]
        }
      ]
    },
    "Planning Time": 2.917,
    "Triggers": [],
    "Execution Time": 117.281
  }
]