[
  {
    "Plan": {
      "Node Type": "Aggregate",
      "Strategy": "Plain",
      "Partial Mode": "Finalize",
      "Parallel Aware": false,
      "Startup Cost": 127510.86,
      "Total Cost": 127510.87,
      "Plan Rows": 1,
      "Plan Width": 8,
      "Actual Startup Time": 490.68,
      "Actual Total Time": 513.331,
      "Actual Rows": 1,
      "Actual Loops": 1,
      "Plans": [
        {
          "Node Type": "Gather",
          "Parent Relationship": "Outer",
          "Parallel Aware": false,
          "Startup Cost": 127510.54,
          "Total Cost": 127510.85,
          "Plan Rows": 3,
          "Plan Width": 8,
          "Actual Startup Time": 488.317,
          "Actual Total Time": 513.311,
          "Actual Rows": 4,
          "Actual Loops": 1,
          "Workers Planned": 3,
          "Workers Launched": 3,
          "Single Copy": false,
          "Plans": [
            {
              "Node Type": "Aggregate",
              "Strategy": "Plain",
              "Partial Mode": "Partial",
              "Parent Relationship": "Outer",
              "Parallel Aware": false,
              "Startup Cost": 126510.54,
              "Total Cost": 126510.55,
              "Plan Rows": 1,
              "Plan Width": 8,
              "Actual Startup Time": 479.185,
              "Actual Total Time": 479.26,
              "Actual Rows": 1,
              "Actual Loops": 4,
              "Plans": [
                {
                  "Node Type": "Hash Join",
                  "Parent Relationship": "Outer",
                  "Parallel Aware": true,
                  "Join Type": "Inner",
                  "Startup Cost": 80805.09,
                  "Total Cost": 126200.95,
                  "Plan Rows": 123835,
                  "Plan Width": 0,
                  "Actual Startup Time": 323.171,
                  "Actual Total Time": 464.095,
                  "Actual Rows": 360613,
                  "Actual Loops": 4,
                  "Inner Unique": false,
                  "Hash Cond": "(mk.movie_id = t.id)",
                  "Plans": [
                    {
                      "Node Type": "Seq Scan",
                      "Parent Relationship": "Outer",
                      "Parallel Aware": true,
                      "Relation Name": "movie_keyword",
                      "Alias": "mk",
                      "Startup Cost": 0.0,
                      "Total Cost": 42695.65,
                      "Plan Rows": 637500,
                      "Plan Width": 4,
                      "Actual Startup Time": 0.403,
                      "Actual Total Time": 101.75,
                      "Actual Rows": 494509,
                      "Actual Loops": 4,
                      "Filter": "(keyword_id > 6395)",
                      "Rows Removed by Filter": 636474
                    },
                    {
                      "Node Type": "Hash",
                      "Parent Relationship": "Inner",
                      "Parallel Aware": true,
                      "Startup Cost": 79270.32,
                      "Total Cost": 79270.32,
                      "Plan Rows": 122781,
                      "Plan Width": 8,
                      "Actual Startup Time": 289.828,
                      "Actual Total Time": 289.902,
                      "Actual Rows": 46864,
                      "Actual Loops": 4,
                      "Hash Buckets": 524288,
                      "Original Hash Buckets": 524288,
                      "Hash Batches": 1,
                      "Original Hash Batches": 1,
                      "Peak Memory Usage": 11488,
                      "Plans": [
                        {
                          "Node Type": "Hash Join",
                          "Parent Relationship": "Outer",
                          "Parallel Aware": true,
                          "Join Type": "Inner",
                          "Startup Cost": 33395.16,
                          "Total Cost": 79270.32,
                          "Plan Rows": 122781,
                          "Plan Width": 8,
                          "Actual Startup Time": 193.602,
                          "Actual Total Time": 273.781,
                          "Actual Rows": 46864,
                          "Actual Loops": 4,
                          "Inner Unique": false,
                          "Hash Cond": "(t.id = mc.movie_id)",
                          "Plans": [
                            {
                              "Node Type": "Seq Scan",
                              "Parent Relationship": "Outer",
                              "Parallel Aware": true,
                              "Relation Name": "title",
                              "Alias": "t",
                              "Startup Cost": 0.0,
                              "Total Cost": 42318.73,
                              "Plan Rows": 632073,
                              "Plan Width": 4,
                              "Actual Startup Time": 0.013,
                              "Actual Total Time": 74.993,
                              "Actual Rows": 632078,
                              "Actual Loops": 4
                            },
                            {
                              "Node Type": "Hash",
                              "Parent Relationship": "Inner",
                              "Parallel Aware": true,
                              "Startup Cost": 31414.82,
                              "Total Cost": 31414.82,
                              "Plan Rows": 158427,
                              "Plan Width": 4,
                              "Actual Startup Time": 98.168,
                              "Actual Total Time": 98.17,
                              "Actual Rows": 46864,
                              "Actual Loops": 4,
                              "Hash Buckets": 524288,
                              "Original Hash Buckets": 524288,
                              "Hash Batches": 1,
                              "Original Hash Batches": 1,
                              "Peak Memory Usage": 11488,
                              "Plans": [
                                {
                                  "Node Type": "Seq Scan",
                                  "Parent Relationship": "Outer",
                                  "Parallel Aware": true,
                                  "Relation Name": "movie_companies",
                                  "Alias": "mc",
                                  "Startup Cost": 0.0,
                                  "Total Cost": 31414.82,
                                  "Plan Rows": 158427,
                                  "Plan Width": 4,
                                  "Actual Startup Time": 23.921,
                                  "Actual Total Time": 78.588,
                                  "Actual Rows": 46864,
                                  "Actual Loops": 4,
                                  "Filter": "((company_id > 16369) AND (company_type_id < 2))",
                                  "Rows Removed by Filter": 605418
                                }
                              ]
                            }
                          ]
                        }
                      ]
                    }
                  ]
                }
              ]
            }
          ]
        }
      ]
    },
    "Planning Time": 1.438,
    "Triggers": [],
    "Execution Time": 513.424
  }
]