[
  {
    "Plan": {
      "Node Type": "Aggregate",
      "Strategy": "Plain",
      "Partial Mode": "Finalize",
      "Parallel Aware": false,
      "Startup Cost": 33055.63,
      "Total Cost": 33055.64,
      "Plan Rows": 1,
      "Plan Width": 8,
      "Actual Startup Time": 92.368,
      "Actual Total Time": 100.52,
      "Actual Rows": 1,
      "Actual Loops": 1,
      "Plans": [
        {
          "Node Type": "Gather",
          "Parent Relationship": "Outer",
          "Parallel Aware": false,
          "Startup Cost": 33055.31,
          "Total Cost": 33055.62,
          "Plan Rows": 3,
          "Plan Width": 8,
          "Actual Startup Time": 92.214,
          "Actual Total Time": 100.51,
          "Actual Rows": 4,
          "Actual Loops": 1,
          "Workers Planned": 3,
          "Workers Launched": 3,
          "Single Copy": false,
          "Plans": [
            {
              "Node Type": "Aggregate",
              "Strategy": "Plain",
              "Partial Mode": "Partial",
              "Parent Relationship": "Outer",
              "Parallel Aware": false,
              "Startup Cost": 32055.31,
              "Total Cost": 32055.32,
              "Plan Rows": 1,
              "Plan Width": 8,
              "Actual Startup Time": 85.472,
              "Actual Total Time": 85.473,
              "Actual Rows": 1,
              "Actual Loops": 4,
              "Plans": [
                {
                  "Node Type": "Seq Scan",
                  "Parent Relationship": "Outer",
                  "Parallel Aware": true,
                  "Relation Name": "movie_companies",
                  "Alias": "mc",
                  "Startup Cost": 0.0,
                  "Total Cost": 31414.82,
                  "Plan Rows": 256197,
                  "Plan Width": 0,
                  "Actual Startup Time": 2.686,
                  "Actual Total Time": 78.163,
                  "Actual Rows": 145294,
                  "Actual Loops": 4,
                  "Filter": "((company_id > 4548) AND (company_type_id = 1))",
                  "Rows Removed by Filter": 506988
                }
              ]
            }
          ]
        }
      ]
    },
    "Planning Time": 0.127,
    "Triggers": [],
    "Execution Time": 100.558
  }
]