[
  {
    "Plan": {
      "Node Type": "Aggregate",
      "Strategy": "Plain",
      "Partial Mode": "Finalize",
      "Parallel Aware": false,
      "Startup Cost": 31619.49,
      "Total Cost": 31619.5,
      "Plan Rows": 1,
      "Plan Width": 8,
      "Actual Startup Time": 111.215,
      "Actual Total Time": 118.727,
      "Actual Rows": 1,
      "Actual Loops": 1,
      "Plans": [
        {
          "Node Type": "Gather",
          "Parent Relationship": "Outer",
          "Parallel Aware": false,
          "Startup Cost": 31619.17,
          "Total Cost": 31619.48,
          "Plan Rows": 3,
          "Plan Width": 8,
          "Actual Startup Time": 111.085,
          "Actual Total Time": 118.718,
          "Actual Rows": 4,
          "Actual Loops": 1,
          "Workers Planned": 3,
          "Workers Launched": 3,
          "Single Copy": false,
          "Plans": [
            {
              "Node Type": "Aggregate",
              "Strategy": "Plain",
              "Partial Mode": "Partial",
              "Parent Relationship": "Outer",
              "Parallel Aware": false,
              "Startup Cost": 30619.17,
              "Total Cost": 30619.18,
              "Plan Rows": 1,
              "Plan Width": 8,
              "Actual Startup Time": 102.703,
              "Actual Total Time": 102.705,
              "Actual Rows": 1,
              "Actual Loops": 4,
              "Plans": [
                {
                  "Node Type": "Seq Scan",
                  "Parent Relationship": "Outer",
                  "Parallel Aware": true,
                  "Relation Name": "movie_companies",
                  "Alias": "mc",
                  "Startup Cost": 0.0,
                  "Total Cost": 29310.68,
                  "Plan Rows": 523395,
                  "Plan Width": 0,
                  "Actual Startup Time": 0.047,
                  "Actual Total Time": 80.738,
                  "Actual Rows": 402401,
                  "Actual Loops": 4,
                  "Filter": "(company_id < 16724)",
                  "Rows Removed by Filter": 249881
                }
              ]
            }
          ]
        }
      ]
    },
    "Planning Time": 0.184,
    "Triggers": [],
    "Execution Time": 118.784
  }
]