[
  {
    "Plan": {
      "Node Type": "Aggregate",
      "Strategy": "Plain",
      "Partial Mode": "Finalize",
      "Parallel Aware": false,
      "Startup Cost": 74695.61,
      "Total Cost": 74695.62,
      "Plan Rows": 1,
      "Plan Width": 8,
      "Actual Startup Time": 317.32,
      "Actual Total Time": 334.928,
      "Actual Rows": 1,
      "Actual Loops": 1,
      "Plans": [
        {
          "Node Type": "Gather",
          "Parent Relationship": "Outer",
          "Parallel Aware": false,
          "Startup Cost": 74695.29,
          "Total Cost": 74695.6,
          "Plan Rows": 3,
          "Plan Width": 8,
          "Actual Startup Time": 313.625,
          "Actual Total Time": 334.918,
          "Actual Rows": 4,
          "Actual Loops": 1,
          "Workers Planned": 3,
          "Workers Launched": 3,
          "Single Copy": false,
          "Plans": [
            {
              "Node Type": "Aggregate",
              "Strategy": "Plain",
              "Partial Mode": "Partial",
              "Parent Relationship": "Outer",
              "Parallel Aware": false,
              "Startup Cost": 73695.29,
              "Total Cost": 73695.3,
              "Plan Rows": 1,
              "Plan Width": 8,
              "Actual Startup Time": 303.848,
              "Actual Total Time": 303.853,
              "Actual Rows": 1,
              "Actual Loops": 4,
              "Plans": [
                {
                  "Node Type": "Hash Join",
                  "Parent Relationship": "Outer",
                  "Parallel Aware": true,
                  "Join Type": "Inner",
                  "Startup Cost": 48797.22,
                  "Total Cost": 73668.39,
                  "Plan Rows": 10761,
                  "Plan Width": 0,
                  "Actual Startup Time": 247.002,
                  "Actual Total Time": 302.523,
                  "Actual Rows": 19038,
                  "Actual Loops": 4,
                  "Inner Unique": true,
                  "Hash Cond": "(mk.movie_id = t.id)",
                  "Plans": [
                    {
                      "Node Type": "Bitmap Heap Scan",
                      "Parent Relationship": "Outer",
                      "Parallel Aware": true,
                      "Relation Name": "movie_keyword",
                      "Alias": "mk",
                      "Startup Cost": 1815.07,
                      "Total Cost": 26613.84,
                      "Plan Rows": 27581,
                      "Plan Width": 4,
                      "Actual Startup Time": 11.897,
                      "Actual Total Time": 53.379,
                      "Actual Rows": 22958,
                      "Actual Loops": 4,
                      "Recheck Cond": "(keyword_id < 79)",
                      "Rows Removed by Index Recheck": 0,
                      "Exact Heap Blocks": 8076,
                      "Lossy Heap Blocks": 0,
                      "Plans": [
                        {
                          "Node Type": "Bitmap Index Scan",
                          "Parent Relationship": "Outer",
                          "Parallel Aware": false,
                          "Index Name": "keyword_id_movie_keyword",
                          "Startup Cost": 0.0,
                          "Total Cost": 1793.7,
                          "Plan Rows": 85502,
                          "Plan Width": 0,
                          "Actual Startup Time": 8.419,
                          "Actual Total Time": 8.42,
                          "Actual Rows": 91832,
                          "Actual Loops": 1,
                          "Index Cond": "(keyword_id < 79)"
                        }
                      ]
                    },
                    {
                      "Node Type": "Hash",
                      "Parent Relationship": "Inner",
                      "Parallel Aware": true,
                      "Startup Cost": 43899.32,
                      "Total Cost": 43899.32,
                      "Plan Rows": 246626,
                      "Plan Width": 4,
                      "Actual Startup Time": 230.072,
                      "Actual Total Time": 230.073,
                      "Actual Rows": 246262,
                      "Actual Loops": 4,
                      "Hash Buckets": 1048576,
                      "Original Hash Buckets": 1048576,
                      "Hash Batches": 1,
                      "Original Hash Batches": 1,
                      "Peak Memory Usage": 46784,
                      "Plans": [
                        {
                          "Node Type": "Seq Scan",
                          "Parent Relationship": "Outer",
                          "Parallel Aware": true,
                          "Relation Name": "title",
                          "Alias": "t",
                          "Startup Cost": 0.0,
                          "Total Cost": 43899.32,
                          "Plan Rows": 246626,
                          "Plan Width": 4,
                          "Actual Startup Time": 0.055,
                          "Actual Total Time": 131.776,
                          "Actual Rows": 246262,
                          "Actual Loops": 4,
                          "Filter": "(kind_id < 7)",
                          "Rows Removed by Filter": 385816
                        }
                      ]
                    }
                  ]
                }
              ]
            }
          ]
        }
      ]
    },
    "Planning Time": 0.313,
    "Triggers": [],
    "Execution Time": 335.0
  }
]