[
  {
    "Plan": {
      "Node Type": "Aggregate",
      "Strategy": "Plain",
      "Partial Mode": "Finalize",
      "Parallel Aware": false,
      "Startup Cost": 74664.67,
      "Total Cost": 74664.68,
      "Plan Rows": 1,
      "Plan Width": 8,
      "Actual Startup Time": 290.794,
      "Actual Total Time": 307.695,
      "Actual Rows": 1,
      "Actual Loops": 1,
      "Plans": [
        {
          "Node Type": "Gather",
          "Parent Relationship": "Outer",
          "Parallel Aware": false,
          "Startup Cost": 74664.35,
          "Total Cost": 74664.66,
          "Plan Rows": 3,
          "Plan Width": 8,
          "Actual Startup Time": 284.954,
          "Actual Total Time": 307.685,
          "Actual Rows": 4,
          "Actual Loops": 1,
          "Workers Planned": 3,
          "Workers Launched": 3,
          "Single Copy": false,
          "Plans": [
            {
              "Node Type": "Aggregate",
              "Strategy": "Plain",
              "Partial Mode": "Partial",
              "Parent Relationship": "Outer",
              "Parallel Aware": false,
              "Startup Cost": 73664.35,
              "Total Cost": 73664.36,
              "Plan Rows": 1,
              "Plan Width": 8,
              "Actual Startup Time": 275.933,
              "Actual Total Time": 275.939,
              "Actual Rows": 1,
              "Actual Loops": 4,
              "Plans": [
                {
                  "Node Type": "Hash Join",
                  "Parent Relationship": "Outer",
                  "Parallel Aware": true,
                  "Join Type": "Inner",
                  "Startup Cost": 48775.0,
                  "Total Cost": 73637.85,
                  "Plan Rows": 10600,
                  "Plan Width": 0,
                  "Actual Startup Time": 224.458,
                  "Actual Total Time": 274.597,
                  "Actual Rows": 19038,
                  "Actual Loops": 4,
                  "Inner Unique": true,
                  "Hash Cond": "(mk.movie_id = t.id)",
                  "Plans": [
                    {
                      "Node Type": "Bitmap Heap Scan",
                      "Parent Relationship": "Outer",
                      "Parallel Aware": true,
                      "Relation Name": "movie_keyword",
                      "Alias": "mk",
                      "Startup Cost": 1777.87,
                      "Total Cost": 26569.76,
                      "Plan Rows": 27032,
                      "Plan Width": 4,
                      "Actual Startup Time": 9.366,
                      "Actual Total Time": 45.342,
                      "Actual Rows": 22958,
                      "Actual Loops": 4,
                      "Recheck Cond": "(keyword_id < 79)",
                      "Rows Removed by Index Recheck": 0,
                      "Exact Heap Blocks": 6775,
                      "Lossy Heap Blocks": 0,
                      "Plans": [
                        {
                          "Node Type": "Bitmap Index Scan",
                          "Parent Relationship": "Outer",
                          "Parallel Aware": false,
                          "Index Name": "keyword_id_movie_keyword",
                          "Startup Cost": 0.0,
                          "Total Cost": 1756.92,
                          "Plan Rows": 83798,
                          "Plan Width": 0,
                          "Actual Startup Time": 6.243,
                          "Actual Total Time": 6.244,
                          "Actual Rows": 91832,
                          "Actual Loops": 1,
                          "Index Cond": "(keyword_id < 79)"
                        }
                      ]
                    },
                    {
                      "Node Type": "Hash",
                      "Parent Relationship": "Inner",
                      "Parallel Aware": true,
                      "Startup Cost": 43898.92,
                      "Total Cost": 43898.92,
                      "Plan Rows": 247857,
                      "Plan Width": 4,
                      "Actual Startup Time": 210.13,
                      "Actual Total Time": 210.131,
                      "Actual Rows": 246262,
                      "Actual Loops": 4,
                      "Hash Buckets": 1048576,
                      "Original Hash Buckets": 1048576,
                      "Hash Batches": 1,
                      "Original Hash Batches": 1,
                      "Peak Memory Usage": 46784,
                      "Plans": [
                        {
                          "Node Type": "Seq Scan",
                          "Parent Relationship": "Outer",
                          "Parallel Aware": true,
                          "Relation Name": "title",
                          "Alias": "t",
                          "Startup Cost": 0.0,
                          "Total Cost": 43898.92,
                          "Plan Rows": 247857,
                          "Plan Width": 4,
                          "Actual Startup Time": 0.046,
                          "Actual Total Time": 116.58,
                          "Actual Rows": 246262,
                          "Actual Loops": 4,
                          "Filter": "(kind_id < 7)",
                          "Rows Removed by Filter": 385816
                        }
                      ]
                    }
                  ]
                }
              ]
            }
          ]
        }
      ]
    },
    "Planning Time": 0.658,
    "Triggers": [],
    "Execution Time": 307.794
  }
]