[
    {
        "Bao": {
            "Bao prediction": 471.836,
            "Bao recommended hint": "SET enable_mergejoin TO off; SET enable_indexscan TO off; "
        }
    },
    {
        "Plan": {
            "Node Type": "Aggregate",
            "Strategy": "Plain",
            "Partial Mode": "Finalize",
            "Parallel Aware": false,
            "Startup Cost": 347553.3,
            "Total Cost": 347553.31,
            "Plan Rows": 1,
            "Plan Width": 8,
            "Actual Startup Time": 628.644,
            "Actual Total Time": 668.731,
            "Actual Rows": 1,
            "Actual Loops": 1,
            "Output": [
                "count(*)"
            ],
            "Plans": [
                {
                    "Node Type": "Gather",
                    "Parent Relationship": "Outer",
                    "Parallel Aware": false,
                    "Startup Cost": 347552.67,
                    "Total Cost": 347553.28,
                    "Plan Rows": 6,
                    "Plan Width": 8,
                    "Actual Startup Time": 628.507,
                    "Actual Total Time": 668.721,
                    "Actual Rows": 7,
                    "Actual Loops": 1,
                    "Output": [
                        "(PARTIAL count(*))"
                    ],
                    "Workers Planned": 6,
                    "Workers Launched": 6,
                    "Single Copy": false,
                    "Plans": [
                        {
                            "Node Type": "Aggregate",
                            "Strategy": "Plain",
                            "Partial Mode": "Partial",
                            "Parent Relationship": "Outer",
                            "Parallel Aware": false,
                            "Startup Cost": 346552.67,
                            "Total Cost": 346552.68,
                            "Plan Rows": 1,
                            "Plan Width": 8,
                            "Actual Startup Time": 619.198,
                            "Actual Total Time": 619.199,
                            "Actual Rows": 1,
                            "Actual Loops": 7,
                            "Output": [
                                "PARTIAL count(*)"
                            ],
                            "Workers": [
                                {
                                    "Worker Number": 0,
                                    "Actual Startup Time": 617.008,
                                    "Actual Total Time": 617.01,
                                    "Actual Rows": 1,
                                    "Actual Loops": 1
                                },
                                {
                                    "Worker Number": 1,
                                    "Actual Startup Time": 617.28,
                                    "Actual Total Time": 617.281,
                                    "Actual Rows": 1,
                                    "Actual Loops": 1
                                },
                                {
                                    "Worker Number": 2,
                                    "Actual Startup Time": 617.775,
                                    "Actual Total Time": 617.776,
                                    "Actual Rows": 1,
                                    "Actual Loops": 1
                                },
                                {
                                    "Worker Number": 3,
                                    "Actual Startup Time": 617.736,
                                    "Actual Total Time": 617.737,
                                    "Actual Rows": 1,
                                    "Actual Loops": 1
                                },
                                {
                                    "Worker Number": 4,
                                    "Actual Startup Time": 618.342,
                                    "Actual Total Time": 618.343,
                                    "Actual Rows": 1,
                                    "Actual Loops": 1
                                },
                                {
                                    "Worker Number": 5,
                                    "Actual Startup Time": 618.566,
                                    "Actual Total Time": 618.567,
                                    "Actual Rows": 1,
                                    "Actual Loops": 1
                                }
                            ],
                            "Plans": [
                                {
                                    "Node Type": "Seq Scan",
                                    "Parent Relationship": "Outer",
                                    "Parallel Aware": true,
                                    "Relation Name": "cast_info",
                                    "Schema": "public",
                                    "Alias": "ci",
                                    "Startup Cost": 0.0,
                                    "Total Cost": 343318.94,
                                    "Plan Rows": 1293493,
                                    "Plan Width": 0,
                                    "Actual Startup Time": 177.314,
                                    "Actual Total Time": 602.99,
                                    "Actual Rows": 345533,
                                    "Actual Loops": 7,
                                    "Output": [
                                        "id",
                                        "person_id",
                                        "movie_id",
                                        "person_role_id",
                                        "note",
                                        "nr_order",
                                        "role_id"
                                    ],
                                    "Filter": "((ci.person_id > 1397822) AND (ci.role_id = 1))",
                                    "Rows Removed by Filter": 4832230,
                                    "Workers": [
                                        {
                                            "Worker Number": 0,
                                            "Actual Startup Time": 175.131,
                                            "Actual Total Time": 600.645,
                                            "Actual Rows": 247186,
                                            "Actual Loops": 1
                                        },
                                        {
                                            "Worker Number": 1,
                                            "Actual Startup Time": 175.406,
                                            "Actual Total Time": 601.094,
                                            "Actual Rows": 245917,
                                            "Actual Loops": 1
                                        },
                                        {
                                            "Worker Number": 2,
                                            "Actual Startup Time": 175.889,
                                            "Actual Total Time": 601.732,
                                            "Actual Rows": 358337,
                                            "Actual Loops": 1
                                        },
                                        {
                                            "Worker Number": 3,
                                            "Actual Startup Time": 175.843,
                                            "Actual Total Time": 601.992,
                                            "Actual Rows": 388928,
                                            "Actual Loops": 1
                                        },
                                        {
                                            "Worker Number": 4,
                                            "Actual Startup Time": 176.456,
                                            "Actual Total Time": 602.324,
                                            "Actual Rows": 358006,
                                            "Actual Loops": 1
                                        },
                                        {
                                            "Worker Number": 5,
                                            "Actual Startup Time": 176.679,
                                            "Actual Total Time": 602.463,
                                            "Actual Rows": 358971,
                                            "Actual Loops": 1
                                        }
                                    ]
                                }
                            ]
                        }
                    ]
                }
            ]
        },
        "Planning Time": 598.821,
        "Triggers": [],
        "Execution Time": 668.828
    }
]