[
  {
    "Plan": {
      "Node Type": "Aggregate",
      "Strategy": "Plain",
      "Partial Mode": "Finalize",
      "Parallel Aware": false,
      "Startup Cost": 77367.16,
      "Total Cost": 77367.17,
      "Plan Rows": 1,
      "Plan Width": 8,
      "Actual Startup Time": 124.345,
      "Actual Total Time": 140.322,
      "Actual Rows": 1,
      "Actual Loops": 1,
      "Plans": [
        {
          "Node Type": "Gather",
          "Parent Relationship": "Outer",
          "Parallel Aware": false,
          "Startup Cost": 77366.74,
          "Total Cost": 77367.15,
          "Plan Rows": 4,
          "Plan Width": 8,
          "Actual Startup Time": 124.214,
          "Actual Total Time": 140.314,
          "Actual Rows": 5,
          "Actual Loops": 1,
          "Workers Planned": 4,
          "Workers Launched": 4,
          "Single Copy": false,
          "Plans": [
            {
              "Node Type": "Aggregate",
              "Strategy": "Plain",
              "Partial Mode": "Partial",
              "Parent Relationship": "Outer",
              "Parallel Aware": false,
              "Startup Cost": 76366.74,
              "Total Cost": 76366.75,
              "Plan Rows": 1,
              "Plan Width": 8,
              "Actual Startup Time": 114.464,
              "Actual Total Time": 114.465,
              "Actual Rows": 1,
              "Actual Loops": 5,
              "Plans": [
                {
                  "Node Type": "Nested Loop",
                  "Parent Relationship": "Outer",
                  "Parallel Aware": false,
                  "Join Type": "Inner",
                  "Startup Cost": 0.43,
                  "Total Cost": 76360.69,
                  "Plan Rows": 2422,
                  "Plan Width": 0,
                  "Actual Startup Time": 1.041,
                  "Actual Total Time": 114.206,
                  "Actual Rows": 2338,
                  "Actual Loops": 5,
                  "Inner Unique": false,
                  "Plans": [
                    {
                      "Node Type": "Seq Scan",
                      "Parent Relationship": "Outer",
                      "Parallel Aware": true,
                      "Relation Name": "title",
                      "Alias": "t",
                      "Startup Cost": 0.0,
                      "Total Cost": 45479.1,
                      "Plan Rows": 6114,
                      "Plan Width": 4,
                      "Actual Startup Time": 0.349,
                      "Actual Total Time": 79.488,
                      "Actual Rows": 4127,
                      "Actual Loops": 5,
                      "Filter": "((kind_id < 7) AND (production_year = 2002))",
                      "Rows Removed by Filter": 501536
                    },
                    {
                      "Node Type": "Index Scan",
                      "Parent Relationship": "Inner",
                      "Parallel Aware": false,
                      "Scan Direction": "Forward",
                      "Index Name": "movie_id_movie_companies",
                      "Relation Name": "movie_companies",
                      "Alias": "mc",
                      "Startup Cost": 0.43,
                      "Total Cost": 5.03,
                      "Plan Rows": 2,
                      "Plan Width": 4,
                      "Actual Startup Time": 0.008,
                      "Actual Total Time": 0.008,
                      "Actual Rows": 1,
                      "Actual Loops": 20633,
                      "Index Cond": "(movie_id = t.id)",
                      "Rows Removed by Index Recheck": 0,
                      "Filter": "((company_id < 54943) AND (company_type_id > 1))",
                      "Rows Removed by Filter": 2
                    }
                  ]
                }
              ]
            }
          ]
        }
      ]
    },
    "Planning Time": 0.672,
    "Triggers": [],
    "Execution Time": 140.391
  }
]