[
  {
    "Plan": {
      "Node Type": "Aggregate",
      "Strategy": "Plain",
      "Partial Mode": "Finalize",
      "Parallel Aware": false,
      "Startup Cost": 128607.36,
      "Total Cost": 128607.37,
      "Plan Rows": 1,
      "Plan Width": 8,
      "Actual Startup Time": 313.091,
      "Actual Total Time": 339.677,
      "Actual Rows": 1,
      "Actual Loops": 1,
      "Plans": [
        {
          "Node Type": "Gather",
          "Parent Relationship": "Outer",
          "Parallel Aware": false,
          "Startup Cost": 128607.04,
          "Total Cost": 128607.35,
          "Plan Rows": 3,
          "Plan Width": 8,
          "Actual Startup Time": 312.685,
          "Actual Total Time": 339.668,
          "Actual Rows": 4,
          "Actual Loops": 1,
          "Workers Planned": 3,
          "Workers Launched": 3,
          "Single Copy": false,
          "Plans": [
            {
              "Node Type": "Aggregate",
              "Strategy": "Plain",
              "Partial Mode": "Partial",
              "Parent Relationship": "Outer",
              "Parallel Aware": false,
              "Startup Cost": 127607.04,
              "Total Cost": 127607.05,
              "Plan Rows": 1,
              "Plan Width": 8,
              "Actual Startup Time": 303.319,
              "Actual Total Time": 303.322,
              "Actual Rows": 1,
              "Actual Loops": 4,
              "Plans": [
                {
                  "Node Type": "Nested Loop",
                  "Parent Relationship": "Outer",
                  "Parallel Aware": false,
                  "Join Type": "Inner",
                  "Startup Cost": 44025.38,
                  "Total Cost": 127431.82,
                  "Plan Rows": 70087,
                  "Plan Width": 0,
                  "Actual Startup Time": 126.837,
                  "Actual Total Time": 302.577,
                  "Actual Rows": 12392,
                  "Actual Loops": 4,
                  "Inner Unique": false,
                  "Join Filter": "(t.id = mi.movie_id)",
                  "Rows Removed by Join Filter": 0,
                  "Plans": [
                    {
                      "Node Type": "Hash Join",
                      "Parent Relationship": "Outer",
                      "Parallel Aware": true,
                      "Join Type": "Inner",
                      "Startup Cost": 44024.94,
                      "Total Cost": 86903.02,
                      "Plan Rows": 23277,
                      "Plan Width": 8,
                      "Actual Startup Time": 126.749,
                      "Actual Total Time": 261.417,
                      "Actual Rows": 2930,
                      "Actual Loops": 4,
                      "Inner Unique": true,
                      "Hash Cond": "(mk.movie_id = t.id)",
                      "Plans": [
                        {
                          "Node Type": "Seq Scan",
                          "Parent Relationship": "Outer",
                          "Parallel Aware": true,
                          "Relation Name": "movie_keyword",
                          "Alias": "mk",
                          "Startup Cost": 0.0,
                          "Total Cost": 39047.32,
                          "Plan Rows": 1459332,
                          "Plan Width": 4,
                          "Actual Startup Time": 0.024,
                          "Actual Total Time": 86.137,
                          "Actual Rows": 1130982,
                          "Actual Loops": 4
                        },
                        {
                          "Node Type": "Hash",
                          "Parent Relationship": "Inner",
                          "Parallel Aware": true,
                          "Startup Cost": 43898.92,
                          "Total Cost": 43898.92,
                          "Plan Rows": 10082,
                          "Plan Width": 4,
                          "Actual Startup Time": 93.37,
                          "Actual Total Time": 93.371,
                          "Actual Rows": 10705,
                          "Actual Loops": 4,
                          "Hash Buckets": 65536,
                          "Original Hash Buckets": 65536,
                          "Hash Batches": 1,
                          "Original Hash Batches": 1,
                          "Peak Memory Usage": 2240,
                          "Plans": [
                            {
                              "Node Type": "Seq Scan",
                              "Parent Relationship": "Outer",
                              "Parallel Aware": true,
                              "Relation Name": "title",
                              "Alias": "t",
                              "Startup Cost": 0.0,
                              "Total Cost": 43898.92,
                              "Plan Rows": 10082,
                              "Plan Width": 4,
                              "Actual Startup Time": 56.982,
                              "Actual Total Time": 90.119,
                              "Actual Rows": 10705,
                              "Actual Loops": 4,
                              "Filter": "(production_year < 1913)",
                              "Rows Removed by Filter": 621373
                            }
                          ]
                        }
                      ]
                    },
                    {
                      "Node Type": "Index Scan",
                      "Parent Relationship": "Inner",
                      "Parallel Aware": false,
                      "Scan Direction": "Forward",
                      "Index Name": "movie_id_movie_info",
                      "Relation Name": "movie_info",
                      "Alias": "mi",
                      "Startup Cost": 0.43,
                      "Total Cost": 1.47,
                      "Plan Rows": 22,
                      "Plan Width": 4,
                      "Actual Startup Time": 0.007,
                      "Actual Total Time": 0.013,
                      "Actual Rows": 4,
                      "Actual Loops": 11721,
                      "Index Cond": "(movie_id = mk.movie_id)",
                      "Rows Removed by Index Recheck": 0,
                      "Filter": "(info_type_id > 7)",
                      "Rows Removed by Filter": 9
                    }
                  ]
                }
              ]
            }
          ]
        }
      ]
    },
    "Planning Time": 1.37,
    "Triggers": [],
    "Execution Time": 339.764
  }
]