[
    {
        "Bao": {
            "Bao prediction": "NaN",
            "Bao recommended hint": "(no hint)"
        }
    },
    {
        "Plan": {
            "Node Type": "Aggregate",
            "Strategy": "Plain",
            "Partial Mode": "Finalize",
            "Parallel Aware": false,
            "Startup Cost": 331100.1,
            "Total Cost": 331100.11,
            "Plan Rows": 1,
            "Plan Width": 8,
            "Actual Startup Time": 651.862,
            "Actual Total Time": 664.764,
            "Actual Rows": 1,
            "Actual Loops": 1,
            "Output": [
                "count(*)"
            ],
            "Plans": [
                {
                    "Node Type": "Gather",
                    "Parent Relationship": "Outer",
                    "Parallel Aware": false,
                    "Startup Cost": 331099.68,
                    "Total Cost": 331100.09,
                    "Plan Rows": 4,
                    "Plan Width": 8,
                    "Actual Startup Time": 643.347,
                    "Actual Total Time": 664.739,
                    "Actual Rows": 5,
                    "Actual Loops": 1,
                    "Output": [
                        "(PARTIAL count(*))"
                    ],
                    "Workers Planned": 4,
                    "Workers Launched": 4,
                    "Single Copy": false,
                    "Plans": [
                        {
                            "Node Type": "Aggregate",
                            "Strategy": "Plain",
                            "Partial Mode": "Partial",
                            "Parent Relationship": "Outer",
                            "Parallel Aware": false,
                            "Startup Cost": 330099.68,
                            "Total Cost": 330099.69,
                            "Plan Rows": 1,
                            "Plan Width": 8,
                            "Actual Startup Time": 634.032,
                            "Actual Total Time": 634.25,
                            "Actual Rows": 1,
                            "Actual Loops": 5,
                            "Output": [
                                "PARTIAL count(*)"
                            ],
                            "Workers": [
                                {
                                    "Worker Number": 0,
                                    "Actual Startup Time": 631.176,
                                    "Actual Total Time": 631.18,
                                    "Actual Rows": 1,
                                    "Actual Loops": 1
                                },
                                {
                                    "Worker Number": 1,
                                    "Actual Startup Time": 631.293,
                                    "Actual Total Time": 631.297,
                                    "Actual Rows": 1,
                                    "Actual Loops": 1
                                },
                                {
                                    "Worker Number": 2,
                                    "Actual Startup Time": 631.662,
                                    "Actual Total Time": 631.666,
                                    "Actual Rows": 1,
                                    "Actual Loops": 1
                                },
                                {
                                    "Worker Number": 3,
                                    "Actual Startup Time": 633.073,
                                    "Actual Total Time": 633.078,
                                    "Actual Rows": 1,
                                    "Actual Loops": 1
                                }
                            ],
                            "Plans": [
                                {
                                    "Node Type": "Hash Join",
                                    "Parent Relationship": "Outer",
                                    "Parallel Aware": true,
                                    "Join Type": "Inner",
                                    "Startup Cost": 280947.37,
                                    "Total Cost": 329792.06,
                                    "Plan Rows": 123050,
                                    "Plan Width": 0,
                                    "Actual Startup Time": 310.684,
                                    "Actual Total Time": 617.352,
                                    "Actual Rows": 241005,
                                    "Actual Loops": 5,
                                    "Inner Unique": false,
                                    "Hash Cond": "(t.id = ci.movie_id)",
                                    "Workers": [
                                        {
                                            "Worker Number": 0,
                                            "Actual Startup Time": 308.038,
                                            "Actual Total Time": 613.928,
                                            "Actual Rows": 240874,
                                            "Actual Loops": 1
                                        },
                                        {
                                            "Worker Number": 1,
                                            "Actual Startup Time": 308.186,
                                            "Actual Total Time": 615.328,
                                            "Actual Rows": 220505,
                                            "Actual Loops": 1
                                        },
                                        {
                                            "Worker Number": 2,
                                            "Actual Startup Time": 308.543,
                                            "Actual Total Time": 614.342,
                                            "Actual Rows": 241900,
                                            "Actual Loops": 1
                                        },
                                        {
                                            "Worker Number": 3,
                                            "Actual Startup Time": 308.826,
                                            "Actual Total Time": 616.873,
                                            "Actual Rows": 225038,
                                            "Actual Loops": 1
                                        }
                                    ],
                                    "Plans": [
                                        {
                                            "Node Type": "Seq Scan",
                                            "Parent Relationship": "Outer",
                                            "Parallel Aware": true,
                                            "Relation Name": "title",
                                            "Schema": "public",
                                            "Alias": "t",
                                            "Startup Cost": 0.0,
                                            "Total Cost": 42318.81,
                                            "Plan Rows": 632080,
                                            "Plan Width": 4,
                                            "Actual Startup Time": 0.008,
                                            "Actual Total Time": 83.844,
                                            "Actual Rows": 505662,
                                            "Actual Loops": 5,
                                            "Output": [
                                                "t.id",
                                                "t.title",
                                                "t.imdb_index",
                                                "t.kind_id",
                                                "t.production_year",
                                                "t.imdb_id",
                                                "t.phonetic_code",
                                                "t.episode_of_id",
                                                "t.season_nr",
                                                "t.episode_nr",
                                                "t.series_years",
                                                "t.md5sum"
                                            ],
                                            "Workers": [
                                                {
                                                    "Worker Number": 0,
                                                    "Actual Startup Time": 0.009,
                                                    "Actual Total Time": 89.324,
                                                    "Actual Rows": 506590,
                                                    "Actual Loops": 1
                                                },
                                                {
                                                    "Worker Number": 1,
                                                    "Actual Startup Time": 0.009,
                                                    "Actual Total Time": 85.536,
                                                    "Actual Rows": 464663,
                                                    "Actual Loops": 1
                                                },
                                                {
                                                    "Worker Number": 2,
                                                    "Actual Startup Time": 0.008,
                                                    "Actual Total Time": 89.305,
                                                    "Actual Rows": 506645,
                                                    "Actual Loops": 1
                                                },
                                                {
                                                    "Worker Number": 3,
                                                    "Actual Startup Time": 0.008,
                                                    "Actual Total Time": 85.714,
                                                    "Actual Rows": 468090,
                                                    "Actual Loops": 1
                                                }
                                            ]
                                        },
                                        {
                                            "Node Type": "Hash",
                                            "Parent Relationship": "Inner",
                                            "Parallel Aware": true,
                                            "Startup Cost": 279921.95,
                                            "Total Cost": 279921.95,
                                            "Plan Rows": 82034,
                                            "Plan Width": 4,
                                            "Actual Startup Time": 308.967,
                                            "Actual Total Time": 308.969,
                                            "Actual Rows": 241005,
                                            "Actual Loops": 5,
                                            "Output": [
                                                "ci.movie_id"
                                            ],
                                            "Hash Buckets": 2097152,
                                            "Original Hash Buckets": 524288,
                                            "Hash Batches": 1,
                                            "Original Hash Batches": 1,
                                            "Peak Memory Usage": 75872,
                                            "Workers": [
                                                {
                                                    "Worker Number": 0,
                                                    "Actual Startup Time": 307.62,
                                                    "Actual Total Time": 307.622,
                                                    "Actual Rows": 232084,
                                                    "Actual Loops": 1
                                                },
                                                {
                                                    "Worker Number": 1,
                                                    "Actual Startup Time": 307.755,
                                                    "Actual Total Time": 307.757,
                                                    "Actual Rows": 219932,
                                                    "Actual Loops": 1
                                                },
                                                {
                                                    "Worker Number": 2,
                                                    "Actual Startup Time": 308.123,
                                                    "Actual Total Time": 308.125,
                                                    "Actual Rows": 234118,
                                                    "Actual Loops": 1
                                                },
                                                {
                                                    "Worker Number": 3,
                                                    "Actual Startup Time": 308.379,
                                                    "Actual Total Time": 308.381,
                                                    "Actual Rows": 222113,
                                                    "Actual Loops": 1
                                                }
                                            ],
                                            "Plans": [
                                                {
                                                    "Node Type": "Bitmap Heap Scan",
                                                    "Parent Relationship": "Outer",
                                                    "Parallel Aware": true,
                                                    "Relation Name": "cast_info",
                                                    "Schema": "public",
                                                    "Alias": "ci",
                                                    "Startup Cost": 24449.11,
                                                    "Total Cost": 279921.95,
                                                    "Plan Rows": 82034,
                                                    "Plan Width": 4,
                                                    "Actual Startup Time": 85.078,
                                                    "Actual Total Time": 169.013,
                                                    "Actual Rows": 241005,
                                                    "Actual Loops": 5,
                                                    "Output": [
                                                        "ci.movie_id"
                                                    ],
                                                    "Recheck Cond": "(ci.person_id > 3828339)",
                                                    "Rows Removed by Index Recheck": 0,
                                                    "Filter": "(ci.role_id > 2)",
                                                    "Rows Removed by Filter": 0,
                                                    "Exact Heap Blocks": 4277,
                                                    "Lossy Heap Blocks": 0,
                                                    "Workers": [
                                                        {
                                                            "Worker Number": 0,
                                                            "Actual Startup Time": 84.035,
                                                            "Actual Total Time": 170.622,
                                                            "Actual Rows": 232084,
                                                            "Actual Loops": 1
                                                        },
                                                        {
                                                            "Worker Number": 1,
                                                            "Actual Startup Time": 83.867,
                                                            "Actual Total Time": 168.384,
                                                            "Actual Rows": 219932,
                                                            "Actual Loops": 1
                                                        },
                                                        {
                                                            "Worker Number": 2,
                                                            "Actual Startup Time": 84.267,
                                                            "Actual Total Time": 170.982,
                                                            "Actual Rows": 234118,
                                                            "Actual Loops": 1
                                                        },
                                                        {
                                                            "Worker Number": 3,
                                                            "Actual Startup Time": 84.472,
                                                            "Actual Total Time": 169.938,
                                                            "Actual Rows": 222113,
                                                            "Actual Loops": 1
                                                        }
                                                    ],
                                                    "Plans": [
                                                        {
                                                            "Node Type": "Bitmap Index Scan",
                                                            "Parent Relationship": "Outer",
                                                            "Parallel Aware": false,
                                                            "Index Name": "person_id_cast_info",
                                                            "Startup Cost": 0.0,
                                                            "Total Cost": 24326.06,
                                                            "Plan Rows": 1114333,
                                                            "Plan Width": 0,
                                                            "Actual Startup Time": 84.708,
                                                            "Actual Total Time": 84.708,
                                                            "Actual Rows": 1205026,
                                                            "Actual Loops": 1,
                                                            "Index Cond": "(ci.person_id > 3828339)"
                                                        }
                                                    ]
                                                }
                                            ]
                                        }
                                    ]
                                }
                            ]
                        }
                    ]
                }
            ]
        },
        "Planning Time": 309.398,
        "Triggers": [],
        "Execution Time": 664.845
    }
]