[
  {
    "Plan": {
      "Node Type": "Aggregate",
      "Strategy": "Plain",
      "Partial Mode": "Finalize",
      "Parallel Aware": false,
      "Startup Cost": 35404.84,
      "Total Cost": 35404.85,
      "Plan Rows": 1,
      "Plan Width": 8,
      "Actual Startup Time": 46.696,
      "Actual Total Time": 53.325,
      "Actual Rows": 1,
      "Actual Loops": 1,
      "Plans": [
        {
          "Node Type": "Gather",
          "Parent Relationship": "Outer",
          "Parallel Aware": false,
          "Startup Cost": 35404.63,
          "Total Cost": 35404.84,
          "Plan Rows": 2,
          "Plan Width": 8,
          "Actual Startup Time": 46.566,
          "Actual Total Time": 53.319,
          "Actual Rows": 3,
          "Actual Loops": 1,
          "Workers Planned": 2,
          "Workers Launched": 2,
          "Single Copy": false,
          "Plans": [
            {
              "Node Type": "Aggregate",
              "Strategy": "Plain",
              "Partial Mode": "Partial",
              "Parent Relationship": "Outer",
              "Parallel Aware": false,
              "Startup Cost": 34404.63,
              "Total Cost": 34404.64,
              "Plan Rows": 1,
              "Plan Width": 8,
              "Actual Startup Time": 38.102,
              "Actual Total Time": 38.103,
              "Actual Rows": 1,
              "Actual Loops": 3,
              "Plans": [
                {
                  "Node Type": "Nested Loop",
                  "Parent Relationship": "Outer",
                  "Parallel Aware": false,
                  "Join Type": "Inner",
                  "Startup Cost": 138.39,
                  "Total Cost": 34403.55,
                  "Plan Rows": 430,
                  "Plan Width": 0,
                  "Actual Startup Time": 3.74,
                  "Actual Total Time": 38.075,
                  "Actual Rows": 83,
                  "Actual Loops": 3,
                  "Inner Unique": false,
                  "Plans": [
                    {
                      "Node Type": "Nested Loop",
                      "Parent Relationship": "Outer",
                      "Parallel Aware": false,
                      "Join Type": "Inner",
                      "Startup Cost": 137.95,
                      "Total Cost": 33252.16,
                      "Plan Rows": 173,
                      "Plan Width": 8,
                      "Actual Startup Time": 3.527,
                      "Actual Total Time": 36.379,
                      "Actual Rows": 18,
                      "Actual Loops": 3,
                      "Inner Unique": true,
                      "Plans": [
                        {
                          "Node Type": "Bitmap Heap Scan",
                          "Parent Relationship": "Outer",
                          "Parallel Aware": true,
                          "Relation Name": "movie_keyword",
                          "Alias": "mk",
                          "Startup Cost": 137.52,
                          "Total Cost": 14545.79,
                          "Plan Rows": 2639,
                          "Plan Width": 4,
                          "Actual Startup Time": 2.55,
                          "Actual Total Time": 12.257,
                          "Actual Rows": 2175,
                          "Actual Loops": 3,
                          "Recheck Cond": "(keyword_id = 70)",
                          "Rows Removed by Index Recheck": 0,
                          "Exact Heap Blocks": 3886,
                          "Lossy Heap Blocks": 0,
                          "Plans": [
                            {
                              "Node Type": "Bitmap Index Scan",
                              "Parent Relationship": "Outer",
                              "Parallel Aware": false,
                              "Index Name": "keyword_id_movie_keyword",
                              "Startup Cost": 0.0,
                              "Total Cost": 135.94,
                              "Plan Rows": 6334,
                              "Plan Width": 0,
                              "Actual Startup Time": 4.596,
                              "Actual Total Time": 4.596,
                              "Actual Rows": 6525,
                              "Actual Loops": 1,
                              "Index Cond": "(keyword_id = 70)"
                            }
                          ]
                        },
                        {
                          "Node Type": "Index Scan",
                          "Parent Relationship": "Inner",
                          "Parallel Aware": false,
                          "Scan Direction": "Forward",
                          "Index Name": "title_pkey",
                          "Relation Name": "title",
                          "Alias": "t",
                          "Startup Cost": 0.43,
                          "Total Cost": 7.09,
                          "Plan Rows": 1,
                          "Plan Width": 4,
                          "Actual Startup Time": 0.01,
                          "Actual Total Time": 0.01,
                          "Actual Rows": 0,
                          "Actual Loops": 6525,
                          "Index Cond": "(id = mk.movie_id)",
                          "Rows Removed by Index Recheck": 0,
                          "Filter": "((production_year < 1964) AND (kind_id = 7))",
                          "Rows Removed by Filter": 1
                        }
                      ]
                    },
                    {
                      "Node Type": "Index Scan",
                      "Parent Relationship": "Inner",
                      "Parallel Aware": false,
                      "Scan Direction": "Forward",
                      "Index Name": "movie_id_movie_info",
                      "Relation Name": "movie_info",
                      "Alias": "mi",
                      "Startup Cost": 0.43,
                      "Total Cost": 6.48,
                      "Plan Rows": 18,
                      "Plan Width": 4,
                      "Actual Startup Time": 0.047,
                      "Actual Total Time": 0.092,
                      "Actual Rows": 5,
                      "Actual Loops": 54,
                      "Index Cond": "(movie_id = t.id)",
                      "Rows Removed by Index Recheck": 0,
                      "Filter": "(info_type_id > 8)",
                      "Rows Removed by Filter": 5
                    }
                  ]
                }
              ]
            }
          ]
        }
      ]
    },
    "Planning Time": 1.42,
    "Triggers": [],
    "Execution Time": 53.423
  }
]