{
  "Plan": {
    "Node Type": "Aggregate",
    "Strategy": "Plain",
    "Partial Mode": "Finalize",
    "Parallel Aware": false,
    "Startup Cost": 583084.98,
    "Total Cost": 583084.99,
    "Plan Rows": 1,
    "Plan Width": 8,
    "Actual Startup Time": 2046.725,
    "Actual Total Time": 2077.5,
    "Actual Rows": 1,
    "Actual Loops": 1,
    "Plans": [
      {
        "Node Type": "Gather",
        "Parent Relationship": "Outer",
        "Parallel Aware": false,
        "Startup Cost": 583084.87,
        "Total Cost": 583084.98,
        "Plan Rows": 1,
        "Plan Width": 8,
        "Actual Startup Time": 2044.906,
        "Actual Total Time": 2077.491,
        "Actual Rows": 2,
        "Actual Loops": 1,
        "Workers Planned": 1,
        "Workers Launched": 1,
        "Single Copy": false,
        "Plans": [
          {
            "Node Type": "Aggregate",
            "Strategy": "Plain",
            "Partial Mode": "Partial",
            "Parent Relationship": "Outer",
            "Parallel Aware": false,
            "Startup Cost": 582084.87,
            "Total Cost": 582084.88,
            "Plan Rows": 1,
            "Plan Width": 8,
            "Actual Startup Time": 2039.023,
            "Actual Total Time": 2039.027,
            "Actual Rows": 1,
            "Actual Loops": 2,
            "Plans": [
              {
                "Node Type": "Hash Join",
                "Parent Relationship": "Outer",
                "Parallel Aware": true,
                "Join Type": "Inner",
                "Startup Cost": 249518.52,
                "Total Cost": 578759.81,
                "Plan Rows": 1330024,
                "Plan Width": 0,
                "Actual Startup Time": 567.026,
                "Actual Total Time": 1977.705,
                "Actual Rows": 1462318,
                "Actual Loops": 2,
                "Inner Unique": true,
                "Hash Cond": "(ci.movie_id = t.id)",
                "Plans": [
                  {
                    "Node Type": "Bitmap Heap Scan",
                    "Parent Relationship": "Outer",
                    "Parallel Aware": true,
                    "Relation Name": "cast_info",
                    "Alias": "ci",
                    "Startup Cost": 190045.03,
                    "Total Cost": 506000.02,
                    "Plan Rows": 5061439,
                    "Plan Width": 4,
                    "Actual Startup Time": 324.595,
                    "Actual Total Time": 749.891,
                    "Actual Rows": 4262204,
                    "Actual Loops": 2,
                    "Recheck Cond": "(person_id > 2834220)",
                    "Rows Removed by Index Recheck": 0,
                    "Exact Heap Blocks": 50956,
                    "Lossy Heap Blocks": 0,
                    "Plans": [
                      {
                        "Node Type": "Bitmap Index Scan",
                        "Parent Relationship": "Outer",
                        "Parallel Aware": false,
                        "Index Name": "person_id_cast_info",
                        "Startup Cost": 0.0,
                        "Total Cost": 187893.92,
                        "Plan Rows": 8604447,
                        "Plan Width": 0,
                        "Actual Startup Time": 307.726,
                        "Actual Total Time": 307.727,
                        "Actual Rows": 8524409,
                        "Actual Loops": 1,
                        "Index Cond": "(person_id > 2834220)"
                      }
                    ]
                  },
                  {
                    "Node Type": "Hash",
                    "Parent Relationship": "Inner",
                    "Parallel Aware": true,
                    "Startup Cost": 54588.39,
                    "Total Cost": 54588.39,
                    "Plan Rows": 390808,
                    "Plan Width": 4,
                    "Actual Startup Time": 233.253,
                    "Actual Total Time": 233.254,
                    "Actual Rows": 331032,
                    "Actual Loops": 2,
                    "Hash Buckets": 1048576,
                    "Original Hash Buckets": 1048576,
                    "Hash Batches": 1,
                    "Original Hash Batches": 1,
                    "Peak Memory Usage": 34144,
                    "Plans": [
                      {
                        "Node Type": "Seq Scan",
                        "Parent Relationship": "Outer",
                        "Parallel Aware": true,
                        "Relation Name": "title",
                        "Alias": "t",
                        "Startup Cost": 0.0,
                        "Total Cost": 54588.39,
                        "Plan Rows": 390808,
                        "Plan Width": 4,
                        "Actual Startup Time": 0.03,
                        "Actual Total Time": 145.257,
                        "Actual Rows": 331032,
                        "Actual Loops": 2,
                        "Filter": "(production_year > 2008)",
                        "Rows Removed by Filter": 933124
                      }
                    ]
                  }
                ]
              }
            ]
          }
        ]
      }
    ]
  },
  "Planning Time": 0.633,
  "Triggers": [],
  "Execution Time": 2077.594
}