{
    "Plan": {
        "Node Type": "Aggregate",
        "Strategy": "Plain",
        "Partial Mode": "Finalize",
        "Parallel Aware": false,
        "Startup Cost": 45945.58,
        "Total Cost": 45945.59,
        "Plan Rows": 1,
        "Plan Width": 8,
        "Actual Startup Time": 274.16,
        "Actual Total Time": 289.183,
        "Actual Rows": 1,
        "Actual Loops": 1,
        "Output": [
            "count(*)"
        ],
        "Plans": [
            {
                "Node Type": "Gather",
                "Parent Relationship": "Outer",
                "Parallel Aware": false,
                "Startup Cost": 45945.27,
                "Total Cost": 45945.58,
                "Plan Rows": 3,
                "Plan Width": 8,
                "Actual Startup Time": 274.007,
                "Actual Total Time": 289.164,
                "Actual Rows": 4,
                "Actual Loops": 1,
                "Output": [
                    "(PARTIAL count(*))"
                ],
                "Workers Planned": 3,
                "Workers Launched": 3,
                "Single Copy": false,
                "Plans": [
                    {
                        "Node Type": "Aggregate",
                        "Strategy": "Plain",
                        "Partial Mode": "Partial",
                        "Parent Relationship": "Outer",
                        "Parallel Aware": false,
                        "Startup Cost": 44945.27,
                        "Total Cost": 44945.28,
                        "Plan Rows": 1,
                        "Plan Width": 8,
                        "Actual Startup Time": 264.874,
                        "Actual Total Time": 264.875,
                        "Actual Rows": 1,
                        "Actual Loops": 4,
                        "Output": [
                            "PARTIAL count(*)"
                        ],
                        "Workers": [
                            {
                                "Worker Number": 0,
                                "Actual Startup Time": 261.802,
                                "Actual Total Time": 261.803,
                                "Actual Rows": 1,
                                "Actual Loops": 1
                            },
                            {
                                "Worker Number": 1,
                                "Actual Startup Time": 262.329,
                                "Actual Total Time": 262.331,
                                "Actual Rows": 1,
                                "Actual Loops": 1
                            },
                            {
                                "Worker Number": 2,
                                "Actual Startup Time": 262.351,
                                "Actual Total Time": 262.352,
                                "Actual Rows": 1,
                                "Actual Loops": 1
                            }
                        ],
                        "Plans": [
                            {
                                "Node Type": "Seq Scan",
                                "Parent Relationship": "Outer",
                                "Parallel Aware": true,
                                "Relation Name": "movie_keyword",
                                "Schema": "public",
                                "Alias": "mk",
                                "Startup Cost": 0.0,
                                "Total Cost": 42695.65,
                                "Plan Rows": 899845,
                                "Plan Width": 0,
                                "Actual Startup Time": 0.865,
                                "Actual Total Time": 219.587,
                                "Actual Rows": 698262,
                                "Actual Loops": 4,
                                "Output": [
                                    "id",
                                    "movie_id",
                                    "keyword_id"
                                ],
                                "Filter": "(mk.keyword_id > 2816)",
                                "Rows Removed by Filter": 432721,
                                "Workers": [
                                    {
                                        "Worker Number": 0,
                                        "Actual Startup Time": 0.078,
                                        "Actual Total Time": 217.339,
                                        "Actual Rows": 683977,
                                        "Actual Loops": 1
                                    },
                                    {
                                        "Worker Number": 1,
                                        "Actual Startup Time": 0.104,
                                        "Actual Total Time": 217.407,
                                        "Actual Rows": 691358,
                                        "Actual Loops": 1
                                    },
                                    {
                                        "Worker Number": 2,
                                        "Actual Startup Time": 0.064,
                                        "Actual Total Time": 217.303,
                                        "Actual Rows": 697905,
                                        "Actual Loops": 1
                                    }
                                ]
                            }
                        ]
                    }
                ]
            }
        ]
    },
    "Planning Time": 1.849,
    "Triggers": [],
    "Execution Time": 289.459
}