{
  "Plan": {
    "Node Type": "Aggregate",
    "Strategy": "Plain",
    "Partial Mode": "Finalize",
    "Parallel Aware": false,
    "Startup Cost": 103668.55,
    "Total Cost": 103668.56,
    "Plan Rows": 1,
    "Plan Width": 8,
    "Actual Startup Time": 273.844,
    "Actual Total Time": 315.463,
    "Actual Rows": 1,
    "Actual Loops": 1,
    "Plans": [
      {
        "Node Type": "Gather",
        "Parent Relationship": "Outer",
        "Parallel Aware": false,
        "Startup Cost": 103668.44,
        "Total Cost": 103668.55,
        "Plan Rows": 1,
        "Plan Width": 8,
        "Actual Startup Time": 273.678,
        "Actual Total Time": 315.456,
        "Actual Rows": 2,
        "Actual Loops": 1,
        "Workers Planned": 1,
        "Workers Launched": 1,
        "Single Copy": false,
        "Plans": [
          {
            "Node Type": "Aggregate",
            "Strategy": "Plain",
            "Partial Mode": "Partial",
            "Parent Relationship": "Outer",
            "Parallel Aware": false,
            "Startup Cost": 102668.44,
            "Total Cost": 102668.45,
            "Plan Rows": 1,
            "Plan Width": 8,
            "Actual Startup Time": 267.525,
            "Actual Total Time": 267.527,
            "Actual Rows": 1,
            "Actual Loops": 2,
            "Plans": [
              {
                "Node Type": "Nested Loop",
                "Parent Relationship": "Outer",
                "Parallel Aware": false,
                "Join Type": "Inner",
                "Startup Cost": 390.71,
                "Total Cost": 102643.86,
                "Plan Rows": 9833,
                "Plan Width": 0,
                "Actual Startup Time": 8.588,
                "Actual Total Time": 263.142,
                "Actual Rows": 89336,
                "Actual Loops": 2,
                "Inner Unique": false,
                "Plans": [
                  {
                    "Node Type": "Nested Loop",
                    "Parent Relationship": "Outer",
                    "Parallel Aware": false,
                    "Join Type": "Inner",
                    "Startup Cost": 390.28,
                    "Total Cost": 84535.24,
                    "Plan Rows": 10734,
                    "Plan Width": 8,
                    "Actual Startup Time": 8.409,
                    "Actual Total Time": 66.294,
                    "Actual Rows": 10261,
                    "Actual Loops": 2,
                    "Inner Unique": true,
                    "Plans": [
                      {
                        "Node Type": "Bitmap Heap Scan",
                        "Parent Relationship": "Outer",
                        "Parallel Aware": true,
                        "Relation Name": "movie_keyword",
                        "Alias": "mk",
                        "Startup Cost": 389.85,
                        "Total Cost": 24291.7,
                        "Plan Rows": 10734,
                        "Plan Width": 4,
                        "Actual Startup Time": 8.272,
                        "Actual Total Time": 26.115,
                        "Actual Rows": 10261,
                        "Actual Loops": 2,
                        "Recheck Cond": "(keyword_id = 382)",
                        "Rows Removed by Index Recheck": 0,
                        "Exact Heap Blocks": 7632,
                        "Lossy Heap Blocks": 0,
                        "Plans": [
                          {
                            "Node Type": "Bitmap Index Scan",
                            "Parent Relationship": "Outer",
                            "Parallel Aware": false,
                            "Index Name": "keyword_id_movie_keyword",
                            "Startup Cost": 0.0,
                            "Total Cost": 385.28,
                            "Plan Rows": 18247,
                            "Plan Width": 0,
                            "Actual Startup Time": 8.923,
                            "Actual Total Time": 8.923,
                            "Actual Rows": 20522,
                            "Actual Loops": 1,
                            "Index Cond": "(keyword_id = 382)"
                          }
                        ]
                      },
                      {
                        "Node Type": "Index Only Scan",
                        "Parent Relationship": "Inner",
                        "Parallel Aware": false,
                        "Scan Direction": "Forward",
                        "Index Name": "title_pkey",
                        "Relation Name": "title",
                        "Alias": "t",
                        "Startup Cost": 0.43,
                        "Total Cost": 5.61,
                        "Plan Rows": 1,
                        "Plan Width": 4,
                        "Actual Startup Time": 0.004,
                        "Actual Total Time": 0.004,
                        "Actual Rows": 1,
                        "Actual Loops": 20522,
                        "Index Cond": "(id = mk.movie_id)",
                        "Rows Removed by Index Recheck": 0,
                        "Heap Fetches": 20522
                      }
                    ]
                  },
                  {
                    "Node Type": "Index Scan",
                    "Parent Relationship": "Inner",
                    "Parallel Aware": false,
                    "Scan Direction": "Forward",
                    "Index Name": "movie_id_movie_info",
                    "Relation Name": "movie_info",
                    "Alias": "mi",
                    "Startup Cost": 0.43,
                    "Total Cost": 1.62,
                    "Plan Rows": 7,
                    "Plan Width": 4,
                    "Actual Startup Time": 0.008,
                    "Actual Total Time": 0.018,
                    "Actual Rows": 9,
                    "Actual Loops": 20522,
                    "Index Cond": "(movie_id = t.id)",
                    "Rows Removed by Index Recheck": 0,
                    "Filter": "(info_type_id > 16)",
                    "Rows Removed by Filter": 20
                  }
                ]
              }
            ]
          }
        ]
      }
    ]
  },
  "Planning Time": 0.94,
  "Triggers": [],
  "Execution Time": 315.569
}