{
  "Plan": {
    "Node Type": "Aggregate",
    "Strategy": "Plain",
    "Partial Mode": "Finalize",
    "Parallel Aware": false,
    "Startup Cost": 336604.84,
    "Total Cost": 336604.85,
    "Plan Rows": 1,
    "Plan Width": 8,
    "Actual Startup Time": 2364.376,
    "Actual Total Time": 2407.674,
    "Actual Rows": 1,
    "Actual Loops": 1,
    "Plans": [
      {
        "Node Type": "Gather",
        "Parent Relationship": "Outer",
        "Parallel Aware": false,
        "Startup Cost": 336604.73,
        "Total Cost": 336604.84,
        "Plan Rows": 1,
        "Plan Width": 8,
        "Actual Startup Time": 2362.855,
        "Actual Total Time": 2407.666,
        "Actual Rows": 2,
        "Actual Loops": 1,
        "Workers Planned": 1,
        "Workers Launched": 1,
        "Single Copy": false,
        "Plans": [
          {
            "Node Type": "Aggregate",
            "Strategy": "Plain",
            "Partial Mode": "Partial",
            "Parent Relationship": "Outer",
            "Parallel Aware": false,
            "Startup Cost": 335604.73,
            "Total Cost": 335604.74,
            "Plan Rows": 1,
            "Plan Width": 8,
            "Actual Startup Time": 2356.634,
            "Actual Total Time": 2356.638,
            "Actual Rows": 1,
            "Actual Loops": 2,
            "Plans": [
              {
                "Node Type": "Hash Join",
                "Parent Relationship": "Outer",
                "Parallel Aware": true,
                "Join Type": "Inner",
                "Startup Cost": 58435.25,
                "Total Cost": 330218.74,
                "Plan Rows": 2154396,
                "Plan Width": 0,
                "Actual Startup Time": 208.391,
                "Actual Total Time": 2194.748,
                "Actual Rows": 4039073,
                "Actual Loops": 2,
                "Inner Unique": true,
                "Hash Cond": "(mi.movie_id = t.id)",
                "Plans": [
                  {
                    "Node Type": "Seq Scan",
                    "Parent Relationship": "Outer",
                    "Parallel Aware": true,
                    "Relation Name": "movie_info",
                    "Alias": "mi",
                    "Startup Cost": 0.0,
                    "Total Cost": 248955.74,
                    "Plan Rows": 8696274,
                    "Plan Width": 4,
                    "Actual Startup Time": 0.01,
                    "Actual Total Time": 611.915,
                    "Actual Rows": 7417860,
                    "Actual Loops": 2
                  },
                  {
                    "Node Type": "Hash",
                    "Parent Relationship": "Inner",
                    "Parallel Aware": true,
                    "Startup Cost": 53829.7,
                    "Total Cost": 53829.7,
                    "Plan Rows": 368444,
                    "Plan Width": 4,
                    "Actual Startup Time": 172.03,
                    "Actual Total Time": 172.031,
                    "Actual Rows": 317145,
                    "Actual Loops": 2,
                    "Hash Buckets": 1048576,
                    "Original Hash Buckets": 1048576,
                    "Hash Batches": 1,
                    "Original Hash Batches": 1,
                    "Peak Memory Usage": 33024,
                    "Plans": [
                      {
                        "Node Type": "Bitmap Heap Scan",
                        "Parent Relationship": "Outer",
                        "Parallel Aware": true,
                        "Relation Name": "title",
                        "Alias": "t",
                        "Startup Cost": 11979.44,
                        "Total Cost": 53829.7,
                        "Plan Rows": 368444,
                        "Plan Width": 4,
                        "Actual Startup Time": 31.199,
                        "Actual Total Time": 100.166,
                        "Actual Rows": 317145,
                        "Actual Loops": 2,
                        "Recheck Cond": "(kind_id < 2)",
                        "Rows Removed by Index Recheck": 0,
                        "Filter": "(production_year < 2013)",
                        "Rows Removed by Filter": 14268,
                        "Exact Heap Blocks": 7674,
                        "Lossy Heap Blocks": 0,
                        "Plans": [
                          {
                            "Node Type": "Bitmap Index Scan",
                            "Parent Relationship": "Outer",
                            "Parallel Aware": false,
                            "Index Name": "kind_id_title",
                            "Startup Cost": 0.0,
                            "Total Cost": 11822.85,
                            "Plan Rows": 663256,
                            "Plan Width": 0,
                            "Actual Startup Time": 29.17,
                            "Actual Total Time": 29.17,
                            "Actual Rows": 662825,
                            "Actual Loops": 1,
                            "Index Cond": "(kind_id < 2)"
                          }
                        ]
                      }
                    ]
                  }
                ]
              }
            ]
          }
        ]
      }
    ]
  },
  "Planning Time": 0.754,
  "Triggers": [],
  "Execution Time": 2407.773
}