[
    {
        "Bao": {
            "Bao prediction": "NaN",
            "Bao recommended hint": "(no hint)"
        }
    },
    {
        "Plan": {
            "Node Type": "Aggregate",
            "Strategy": "Plain",
            "Partial Mode": "Finalize",
            "Parallel Aware": false,
            "Startup Cost": 46385.93,
            "Total Cost": 46385.94,
            "Plan Rows": 1,
            "Plan Width": 8,
            "Actual Startup Time": 177.591,
            "Actual Total Time": 182.439,
            "Actual Rows": 1,
            "Actual Loops": 1,
            "Output": [
                "count(*)"
            ],
            "Plans": [
                {
                    "Node Type": "Gather",
                    "Parent Relationship": "Outer",
                    "Parallel Aware": false,
                    "Startup Cost": 46385.61,
                    "Total Cost": 46385.92,
                    "Plan Rows": 3,
                    "Plan Width": 8,
                    "Actual Startup Time": 177.507,
                    "Actual Total Time": 182.43,
                    "Actual Rows": 4,
                    "Actual Loops": 1,
                    "Output": [
                        "(PARTIAL count(*))"
                    ],
                    "Workers Planned": 3,
                    "Workers Launched": 3,
                    "Single Copy": false,
                    "Plans": [
                        {
                            "Node Type": "Aggregate",
                            "Strategy": "Plain",
                            "Partial Mode": "Partial",
                            "Parent Relationship": "Outer",
                            "Parallel Aware": false,
                            "Startup Cost": 45385.61,
                            "Total Cost": 45385.62,
                            "Plan Rows": 1,
                            "Plan Width": 8,
                            "Actual Startup Time": 169.264,
                            "Actual Total Time": 169.265,
                            "Actual Rows": 1,
                            "Actual Loops": 4,
                            "Output": [
                                "PARTIAL count(*)"
                            ],
                            "Workers": [
                                {
                                    "Worker Number": 0,
                                    "Actual Startup Time": 166.453,
                                    "Actual Total Time": 166.454,
                                    "Actual Rows": 1,
                                    "Actual Loops": 1
                                },
                                {
                                    "Worker Number": 1,
                                    "Actual Startup Time": 166.746,
                                    "Actual Total Time": 166.747,
                                    "Actual Rows": 1,
                                    "Actual Loops": 1
                                },
                                {
                                    "Worker Number": 2,
                                    "Actual Startup Time": 167.008,
                                    "Actual Total Time": 167.01,
                                    "Actual Rows": 1,
                                    "Actual Loops": 1
                                }
                            ],
                            "Plans": [
                                {
                                    "Node Type": "Seq Scan",
                                    "Parent Relationship": "Outer",
                                    "Parallel Aware": true,
                                    "Relation Name": "movie_keyword",
                                    "Schema": "public",
                                    "Alias": "mk",
                                    "Startup Cost": 0.0,
                                    "Total Cost": 42695.65,
                                    "Plan Rows": 1075984,
                                    "Plan Width": 0,
                                    "Actual Startup Time": 0.163,
                                    "Actual Total Time": 124.436,
                                    "Actual Rows": 835545,
                                    "Actual Loops": 4,
                                    "Output": [
                                        "id",
                                        "movie_id",
                                        "keyword_id"
                                    ],
                                    "Filter": "(mk.keyword_id > 1399)",
                                    "Rows Removed by Filter": 295437,
                                    "Workers": [
                                        {
                                            "Worker Number": 0,
                                            "Actual Startup Time": 0.058,
                                            "Actual Total Time": 123.484,
                                            "Actual Rows": 866347,
                                            "Actual Loops": 1
                                        },
                                        {
                                            "Worker Number": 1,
                                            "Actual Startup Time": 0.057,
                                            "Actual Total Time": 123.81,
                                            "Actual Rows": 866942,
                                            "Actual Loops": 1
                                        },
                                        {
                                            "Worker Number": 2,
                                            "Actual Startup Time": 0.058,
                                            "Actual Total Time": 123.616,
                                            "Actual Rows": 871812,
                                            "Actual Loops": 1
                                        }
                                    ]
                                }
                            ]
                        }
                    ]
                }
            ]
        },
        "Planning Time": 282.452,
        "Triggers": [],
        "Execution Time": 182.529
    }
]