{
  "Plan": {
    "Node Type": "Aggregate",
    "Strategy": "Plain",
    "Partial Mode": "Finalize",
    "Parallel Aware": false,
    "Startup Cost": 532243.79,
    "Total Cost": 532243.8,
    "Plan Rows": 1,
    "Plan Width": 8,
    "Actual Startup Time": 6592.731,
    "Actual Total Time": 6663.087,
    "Actual Rows": 1,
    "Actual Loops": 1,
    "Plans": [
      {
        "Node Type": "Gather",
        "Parent Relationship": "Outer",
        "Parallel Aware": false,
        "Startup Cost": 532243.68,
        "Total Cost": 532243.79,
        "Plan Rows": 1,
        "Plan Width": 8,
        "Actual Startup Time": 6575.584,
        "Actual Total Time": 6663.077,
        "Actual Rows": 2,
        "Actual Loops": 1,
        "Workers Planned": 1,
        "Workers Launched": 1,
        "Single Copy": false,
        "Plans": [
          {
            "Node Type": "Aggregate",
            "Strategy": "Plain",
            "Partial Mode": "Partial",
            "Parent Relationship": "Outer",
            "Parallel Aware": false,
            "Startup Cost": 531243.68,
            "Total Cost": 531243.69,
            "Plan Rows": 1,
            "Plan Width": 8,
            "Actual Startup Time": 6558.576,
            "Actual Total Time": 6561.293,
            "Actual Rows": 1,
            "Actual Loops": 2,
            "Plans": [
              {
                "Node Type": "Hash Join",
                "Parent Relationship": "Outer",
                "Parallel Aware": true,
                "Join Type": "Inner",
                "Startup Cost": 403958.5,
                "Total Cost": 515471.17,
                "Plan Rows": 6309004,
                "Plan Width": 0,
                "Actual Startup Time": 3402.814,
                "Actual Total Time": 5558.612,
                "Actual Rows": 25808928,
                "Actual Loops": 2,
                "Inner Unique": false,
                "Hash Cond": "(mk.movie_id = t.id)",
                "Plans": [
                  {
                    "Node Type": "Seq Scan",
                    "Parent Relationship": "Outer",
                    "Parallel Aware": true,
                    "Relation Name": "movie_keyword",
                    "Alias": "mk",
                    "Startup Cost": 0.0,
                    "Total Cost": 57718.19,
                    "Plan Rows": 2224358,
                    "Plan Width": 4,
                    "Actual Startup Time": 0.053,
                    "Actual Total Time": 200.721,
                    "Actual Rows": 1883600,
                    "Actual Loops": 2,
                    "Filter": "(keyword_id > 691)",
                    "Rows Removed by Filter": 378364
                  },
                  {
                    "Node Type": "Hash",
                    "Parent Relationship": "Inner",
                    "Parallel Aware": true,
                    "Startup Cost": 351230.1,
                    "Total Cost": 351230.1,
                    "Plan Rows": 4218272,
                    "Plan Width": 8,
                    "Actual Startup Time": 3369.035,
                    "Actual Total Time": 3371.75,
                    "Actual Rows": 3643432,
                    "Actual Loops": 2,
                    "Hash Buckets": 8388608,
                    "Original Hash Buckets": 8388608,
                    "Hash Batches": 1,
                    "Original Hash Batches": 1,
                    "Peak Memory Usage": 350624,
                    "Plans": [
                      {
                        "Node Type": "Hash Join",
                        "Parent Relationship": "Outer",
                        "Parallel Aware": true,
                        "Join Type": "Inner",
                        "Startup Cost": 69460.7,
                        "Total Cost": 351230.1,
                        "Plan Rows": 4218272,
                        "Plan Width": 8,
                        "Actual Startup Time": 495.862,
                        "Actual Total Time": 2389.157,
                        "Actual Rows": 3643432,
                        "Actual Loops": 2,
                        "Inner Unique": true,
                        "Hash Cond": "(mi.movie_id = t.id)",
                        "Plans": [
                          {
                            "Node Type": "Seq Scan",
                            "Parent Relationship": "Outer",
                            "Parallel Aware": true,
                            "Relation Name": "movie_info",
                            "Alias": "mi",
                            "Startup Cost": 0.0,
                            "Total Cost": 270696.42,
                            "Plan Rows": 4218272,
                            "Plan Width": 4,
                            "Actual Startup Time": 0.011,
                            "Actual Total Time": 718.517,
                            "Actual Rows": 3643432,
                            "Actual Loops": 2,
                            "Filter": "(info_type_id < 8)",
                            "Rows Removed by Filter": 3774428
                          },
                          {
                            "Node Type": "Hash",
                            "Parent Relationship": "Inner",
                            "Parallel Aware": true,
                            "Startup Cost": 50870.31,
                            "Total Cost": 50870.31,
                            "Plan Rows": 1487231,
                            "Plan Width": 4,
                            "Actual Startup Time": 484.719,
                            "Actual Total Time": 484.721,
                            "Actual Rows": 1264156,
                            "Actual Loops": 2,
                            "Hash Buckets": 4194304,
                            "Original Hash Buckets": 4194304,
                            "Hash Batches": 1,
                            "Original Hash Batches": 1,
                            "Peak Memory Usage": 131712,
                            "Plans": [
                              {
                                "Node Type": "Seq Scan",
                                "Parent Relationship": "Outer",
                                "Parallel Aware": true,
                                "Relation Name": "title",
                                "Alias": "t",
                                "Startup Cost": 0.0,
                                "Total Cost": 50870.31,
                                "Plan Rows": 1487231,
                                "Plan Width": 4,
                                "Actual Startup Time": 0.04,
                                "Actual Total Time": 149.611,
                                "Actual Rows": 1264156,
                                "Actual Loops": 2
                              }
                            ]
                          }
                        ]
                      }
                    ]
                  }
                ]
              }
            ]
          }
        ]
      }
    ]
  },
  "Planning Time": 0.83,
  "Triggers": [],
  "Execution Time": 6663.168
}