[
  {
    "Plan": {
      "Node Type": "Gather",
      "Parallel Aware": false,
      "Startup Cost": 7162.32,
      "Total Cost": 24641.96,
      "Plan Rows": 2316,
      "Plan Width": 40,
      "Actual Startup Time": 65.827,
      "Actual Total Time": 115.845,
      "Actual Rows": 4712,
      "Actual Loops": 1,
      "Workers Planned": 1,
      "Workers Launched": 1,
      "Single Copy": false,
      "Plans": [
        {
          "Node Type": "Hash Join",
          "Parent Relationship": "Outer",
          "Parallel Aware": false,
          "Join Type": "Inner",
          "Startup Cost": 6162.32,
          "Total Cost": 23410.36,
          "Plan Rows": 1362,
          "Plan Width": 40,
          "Actual Startup Time": 59.391,
          "Actual Total Time": 97.071,
          "Actual Rows": 2356,
          "Actual Loops": 2,
          "Inner Unique": true,
          "Hash Cond": "(t.kind_id = kt.id)",
          "Plans": [
            {
              "Node Type": "Hash Join",
              "Parent Relationship": "Outer",
              "Parallel Aware": false,
              "Join Type": "Inner",
              "Startup Cost": 6161.16,
              "Total Cost": 23403.46,
              "Plan Rows": 1362,
              "Plan Width": 44,
              "Actual Startup Time": 59.044,
              "Actual Total Time": 95.945,
              "Actual Rows": 2356,
              "Actual Loops": 2,
              "Inner Unique": true,
              "Hash Cond": "(mc.company_type_id = ct.id)",
              "Plans": [
                {
                  "Node Type": "Nested Loop",
                  "Parent Relationship": "Outer",
                  "Parallel Aware": false,
                  "Join Type": "Inner",
                  "Startup Cost": 6160.07,
                  "Total Cost": 23395.01,
                  "Plan Rows": 1362,
                  "Plan Width": 44,
                  "Actual Startup Time": 58.952,
                  "Actual Total Time": 94.685,
                  "Actual Rows": 2356,
                  "Actual Loops": 2,
                  "Inner Unique": true,
                  "Plans": [
                    {
                      "Node Type": "Hash Join",
                      "Parent Relationship": "Outer",
                      "Parallel Aware": true,
                      "Join Type": "Inner",
                      "Startup Cost": 6159.64,
                      "Total Cost": 12677.55,
                      "Plan Rows": 1362,
                      "Plan Width": 40,
                      "Actual Startup Time": 58.876,
                      "Actual Total Time": 66.936,
                      "Actual Rows": 2356,
                      "Actual Loops": 2,
                      "Inner Unique": true,
                      "Hash Cond": "(mc.company_id = cn.id)",
                      "Plans": [
                        {
                          "Node Type": "Bitmap Heap Scan",
                          "Parent Relationship": "Outer",
                          "Parallel Aware": true,
                          "Relation Name": "movie_companies",
                          "Alias": "mc",
                          "Startup Cost": 54.38,
                          "Total Cost": 6568.71,
                          "Plan Rows": 1362,
                          "Plan Width": 40,
                          "Actual Startup Time": 1.043,
                          "Actual Total Time": 7.894,
                          "Actual Rows": 2356,
                          "Actual Loops": 2,
                          "Recheck Cond": "(company_id < 6)",
                          "Rows Removed by Index Recheck": 0,
                          "Exact Heap Blocks": 1114,
                          "Lossy Heap Blocks": 0,
                          "Plans": [
                            {
                              "Node Type": "Bitmap Index Scan",
                              "Parent Relationship": "Outer",
                              "Parallel Aware": false,
                              "Index Name": "company_id_movie_companies",
                              "Startup Cost": 0.0,
                              "Total Cost": 53.8,
                              "Plan Rows": 2316,
                              "Plan Width": 0,
                              "Actual Startup Time": 0.665,
                              "Actual Total Time": 0.666,
                              "Actual Rows": 4712,
                              "Actual Loops": 1,
                              "Index Cond": "(company_id < 6)"
                            }
                          ]
                        },
                        {
                          "Node Type": "Hash",
                          "Parent Relationship": "Inner",
                          "Parallel Aware": true,
                          "Startup Cost": 4377.34,
                          "Total Cost": 4377.34,
                          "Plan Rows": 138234,
                          "Plan Width": 4,
                          "Actual Startup Time": 55.596,
                          "Actual Total Time": 55.597,
                          "Actual Rows": 117498,
                          "Actual Loops": 2,
                          "Hash Buckets": 262144,
                          "Original Hash Buckets": 262144,
                          "Hash Batches": 1,
                          "Original Hash Batches": 1,
                          "Peak Memory Usage": 11264,
                          "Plans": [
                            {
                              "Node Type": "Seq Scan",
                              "Parent Relationship": "Outer",
                              "Parallel Aware": true,
                              "Relation Name": "company_name",
                              "Alias": "cn",
                              "Startup Cost": 0.0,
                              "Total Cost": 4377.34,
                              "Plan Rows": 138234,
                              "Plan Width": 4,
                              "Actual Startup Time": 0.047,
                              "Actual Total Time": 26.246,
                              "Actual Rows": 117498,
                              "Actual Loops": 2
                            }
                          ]
                        }
                      ]
                    },
                    {
                      "Node Type": "Index Scan",
                      "Parent Relationship": "Inner",
                      "Parallel Aware": false,
                      "Scan Direction": "Forward",
                      "Index Name": "title_pkey",
                      "Relation Name": "title",
                      "Alias": "t",
                      "Startup Cost": 0.43,
                      "Total Cost": 7.87,
                      "Plan Rows": 1,
                      "Plan Width": 8,
                      "Actual Startup Time": 0.011,
                      "Actual Total Time": 0.011,
                      "Actual Rows": 1,
                      "Actual Loops": 4712,
                      "Index Cond": "(id = mc.movie_id)",
                      "Rows Removed by Index Recheck": 0
                    }
                  ]
                },
                {
                  "Node Type": "Hash",
                  "Parent Relationship": "Inner",
                  "Parallel Aware": false,
                  "Startup Cost": 1.04,
                  "Total Cost": 1.04,
                  "Plan Rows": 4,
                  "Plan Width": 4,
                  "Actual Startup Time": 0.039,
                  "Actual Total Time": 0.04,
                  "Actual Rows": 4,
                  "Actual Loops": 2,
                  "Hash Buckets": 1024,
                  "Original Hash Buckets": 1024,
                  "Hash Batches": 1,
                  "Original Hash Batches": 1,
                  "Peak Memory Usage": 9,
                  "Plans": [
                    {
                      "Node Type": "Seq Scan",
                      "Parent Relationship": "Outer",
                      "Parallel Aware": false,
                      "Relation Name": "company_type",
                      "Alias": "ct",
                      "Startup Cost": 0.0,
                      "Total Cost": 1.04,
                      "Plan Rows": 4,
                      "Plan Width": 4,
                      "Actual Startup Time": 0.022,
                      "Actual Total Time": 0.024,
                      "Actual Rows": 4,
                      "Actual Loops": 2
                    }
                  ]
                }
              ]
            },
            {
              "Node Type": "Hash",
              "Parent Relationship": "Inner",
              "Parallel Aware": false,
              "Startup Cost": 1.07,
              "Total Cost": 1.07,
              "Plan Rows": 7,
              "Plan Width": 4,
              "Actual Startup Time": 0.082,
              "Actual Total Time": 0.082,
              "Actual Rows": 7,
              "Actual Loops": 2,
              "Hash Buckets": 1024,
              "Original Hash Buckets": 1024,
              "Hash Batches": 1,
              "Original Hash Batches": 1,
              "Peak Memory Usage": 9,
              "Plans": [
                {
                  "Node Type": "Seq Scan",
                  "Parent Relationship": "Outer",
                  "Parallel Aware": false,
                  "Relation Name": "kind_type",
                  "Alias": "kt",
                  "Startup Cost": 0.0,
                  "Total Cost": 1.07,
                  "Plan Rows": 7,
                  "Plan Width": 4,
                  "Actual Startup Time": 0.048,
                  "Actual Total Time": 0.052,
                  "Actual Rows": 7,
                  "Actual Loops": 2
                }
              ]
            }
          ]
        }
      ]
    },
    "Planning Time": 4.799,
    "Triggers": [],
    "Execution Time": 116.601
  }
]