[
  {
    "Plan": {
      "Node Type": "Aggregate",
      "Strategy": "Plain",
      "Partial Mode": "Finalize",
      "Parallel Aware": false,
      "Startup Cost": 46011.67,
      "Total Cost": 46011.68,
      "Plan Rows": 1,
      "Plan Width": 8,
      "Actual Startup Time": 153.512,
      "Actual Total Time": 163.196,
      "Actual Rows": 1,
      "Actual Loops": 1,
      "Plans": [
        {
          "Node Type": "Gather",
          "Parent Relationship": "Outer",
          "Parallel Aware": false,
          "Startup Cost": 46011.35,
          "Total Cost": 46011.66,
          "Plan Rows": 3,
          "Plan Width": 8,
          "Actual Startup Time": 153.274,
          "Actual Total Time": 163.187,
          "Actual Rows": 4,
          "Actual Loops": 1,
          "Workers Planned": 3,
          "Workers Launched": 3,
          "Single Copy": false,
          "Plans": [
            {
              "Node Type": "Aggregate",
              "Strategy": "Plain",
              "Partial Mode": "Partial",
              "Parent Relationship": "Outer",
              "Parallel Aware": false,
              "Startup Cost": 45011.35,
              "Total Cost": 45011.36,
              "Plan Rows": 1,
              "Plan Width": 8,
              "Actual Startup Time": 146.354,
              "Actual Total Time": 146.355,
              "Actual Rows": 1,
              "Actual Loops": 4,
              "Plans": [
                {
                  "Node Type": "Seq Scan",
                  "Parent Relationship": "Outer",
                  "Parallel Aware": true,
                  "Relation Name": "movie_keyword",
                  "Alias": "mk",
                  "Startup Cost": 0.0,
                  "Total Cost": 42695.65,
                  "Plan Rows": 926278,
                  "Plan Width": 0,
                  "Actual Startup Time": 0.398,
                  "Actual Total Time": 114.82,
                  "Actual Rows": 718548,
                  "Actual Loops": 4,
                  "Filter": "(keyword_id > 2515)",
                  "Rows Removed by Filter": 412434
                }
              ]
            }
          ]
        }
      ]
    },
    "Planning Time": 0.189,
    "Triggers": [],
    "Execution Time": 163.25
  }
]