[
  {
    "Plan": {
      "Node Type": "Aggregate",
      "Strategy": "Plain",
      "Partial Mode": "Simple",
      "Parallel Aware": false,
      "Startup Cost": 62627.3,
      "Total Cost": 62627.31,
      "Plan Rows": 1,
      "Plan Width": 96,
      "Actual Startup Time": 16255.549,
      "Actual Total Time": 16255.555,
      "Actual Rows": 1,
      "Actual Loops": 1,
      "Plans": [
        {
          "Node Type": "Nested Loop",
          "Parent Relationship": "Outer",
          "Parallel Aware": false,
          "Join Type": "Inner",
          "Startup Cost": 6244.11,
          "Total Cost": 62627.29,
          "Plan Rows": 1,
          "Plan Width": 66,
          "Actual Startup Time": 1354.677,
          "Actual Total Time": 16255.108,
          "Actual Rows": 410,
          "Actual Loops": 1,
          "Inner Unique": true,
          "Plans": [
            {
              "Node Type": "Nested Loop",
              "Parent Relationship": "Outer",
              "Parallel Aware": false,
              "Join Type": "Inner",
              "Startup Cost": 6243.68,
              "Total Cost": 62626.83,
              "Plan Rows": 1,
              "Plan Width": 61,
              "Actual Startup Time": 1354.616,
              "Actual Total Time": 16247.671,
              "Actual Rows": 410,
              "Actual Loops": 1,
              "Inner Unique": true,
              "Plans": [
                {
                  "Node Type": "Nested Loop",
                  "Parent Relationship": "Outer",
                  "Parallel Aware": false,
                  "Join Type": "Inner",
                  "Startup Cost": 6243.25,
                  "Total Cost": 57949.76,
                  "Plan Rows": 8169,
                  "Plan Width": 65,
                  "Actual Startup Time": 1196.044,
                  "Actual Total Time": 15280.015,
                  "Actual Rows": 107339,
                  "Actual Loops": 1,
                  "Inner Unique": false,
                  "Plans": [
                    {
                      "Node Type": "Nested Loop",
                      "Parent Relationship": "Outer",
                      "Parallel Aware": false,
                      "Join Type": "Inner",
                      "Startup Cost": 6242.68,
                      "Total Cost": 53121.12,
                      "Plan Rows": 3381,
                      "Plan Width": 57,
                      "Actual Startup Time": 1195.415,
                      "Actual Total Time": 8835.058,
                      "Actual Rows": 45431,
                      "Actual Loops": 1,
                      "Inner Unique": false,
                      "Join Filter": "(mi.info_type_id = it1.id)",
                      "Rows Removed by Join Filter": 6884903,
                      "Plans": [
                        {
                          "Node Type": "Seq Scan",
                          "Parent Relationship": "Outer",
                          "Parallel Aware": false,
                          "Relation Name": "info_type",
                          "Alias": "it1",
                          "Startup Cost": 0.0,
                          "Total Cost": 2.41,
                          "Plan Rows": 1,
                          "Plan Width": 4,
                          "Actual Startup Time": 0.066,
                          "Actual Total Time": 0.068,
                          "Actual Rows": 1,
                          "Actual Loops": 1,
                          "Filter": "((info)::text = 'budget'::text)",
                          "Rows Removed by Filter": 112
                        },
                        {
                          "Node Type": "Nested Loop",
                          "Parent Relationship": "Inner",
                          "Parallel Aware": false,
                          "Join Type": "Inner",
                          "Startup Cost": 6242.68,
                          "Total Cost": 48342.25,
                          "Plan Rows": 382117,
                          "Plan Width": 61,
                          "Actual Startup Time": 1195.041,
                          "Actual Total Time": 8443.153,
                          "Actual Rows": 6930334,
                          "Actual Loops": 1,
                          "Inner Unique": false,
                          "Plans": [
                            {
                              "Node Type": "Nested Loop",
                              "Parent Relationship": "Outer",
                              "Parallel Aware": false,
                              "Join Type": "Inner",
                              "Startup Cost": 6242.25,
                              "Total Cost": 21942.36,
                              "Plan Rows": 12213,
                              "Plan Width": 10,
                              "Actual Startup Time": 1194.896,
                              "Actual Total Time": 1502.985,
                              "Actual Rows": 459925,
                              "Actual Loops": 1,
                              "Inner Unique": false,
                              "Plans": [
                                {
                                  "Node Type": "Seq Scan",
                                  "Parent Relationship": "Outer",
                                  "Parallel Aware": false,
                                  "Relation Name": "info_type",
                                  "Alias": "it2",
                                  "Startup Cost": 0.0,
                                  "Total Cost": 2.41,
                                  "Plan Rows": 1,
                                  "Plan Width": 4,
                                  "Actual Startup Time": 0.029,
                                  "Actual Total Time": 0.034,
                                  "Actual Rows": 1,
                                  "Actual Loops": 1,
                                  "Filter": "((info)::text = 'votes'::text)",
                                  "Rows Removed by Filter": 112
                                },
                                {
                                  "Node Type": "Bitmap Heap Scan",
                                  "Parent Relationship": "Inner",
                                  "Parallel Aware": false,
                                  "Relation Name": "movie_info_idx",
                                  "Alias": "mi_idx",
                                  "Startup Cost": 6242.25,
                                  "Total Cost": 18489.86,
                                  "Plan Rows": 345009,
                                  "Plan Width": 14,
                                  "Actual Startup Time": 1194.839,
                                  "Actual Total Time": 1423.43,
                                  "Actual Rows": 459925,
                                  "Actual Loops": 1,
                                  "Recheck Cond": "(info_type_id = it2.id)",
                                  "Rows Removed by Index Recheck": 0,
                                  "Exact Heap Blocks": 7934,
                                  "Lossy Heap Blocks": 0,
                                  "Plans": [
                                    {
                                      "Node Type": "Bitmap Index Scan",
                                      "Parent Relationship": "Outer",
                                      "Parallel Aware": false,
                                      "Index Name": "info_type_id_movie_info_idx",
                                      "Startup Cost": 0.0,
                                      "Total Cost": 6155.99,
                                      "Plan Rows": 345009,
                                      "Plan Width": 0,
                                      "Actual Startup Time": 1192.569,
                                      "Actual Total Time": 1192.57,
                                      "Actual Rows": 459925,
                                      "Actual Loops": 1,
                                      "Index Cond": "(info_type_id = it2.id)"
                                    }
                                  ]
                                }
                              ]
                            },
                            {
                              "Node Type": "Index Scan",
                              "Parent Relationship": "Inner",
                              "Parallel Aware": false,
                              "Scan Direction": "Forward",
                              "Index Name": "movie_id_movie_info",
                              "Relation Name": "movie_info",
                              "Alias": "mi",
                              "Startup Cost": 0.43,
                              "Total Cost": 1.76,
                              "Plan Rows": 40,
                              "Plan Width": 51,
                              "Actual Startup Time": 0.004,
                              "Actual Total Time": 0.013,
                              "Actual Rows": 15,
                              "Actual Loops": 459925,
                              "Index Cond": "(movie_id = mi_idx.movie_id)",
                              "Rows Removed by Index Recheck": 0
                            }
                          ]
                        }
                      ]
                    },
                    {
                      "Node Type": "Index Scan",
                      "Parent Relationship": "Inner",
                      "Parallel Aware": false,
                      "Scan Direction": "Forward",
                      "Index Name": "movie_id_cast_info",
                      "Relation Name": "cast_info",
                      "Alias": "ci",
                      "Startup Cost": 0.56,
                      "Total Cost": 1.41,
                      "Plan Rows": 2,
                      "Plan Width": 8,
                      "Actual Startup Time": 0.087,
                      "Actual Total Time": 0.141,
                      "Actual Rows": 2,
                      "Actual Loops": 45431,
                      "Index Cond": "(movie_id = mi.movie_id)",
                      "Rows Removed by Index Recheck": 0,
                      "Filter": "(note = ANY ('{(producer),\"(executive producer)\"}'::text[]))",
                      "Rows Removed by Filter": 38
                    }
                  ]
                },
                {
                  "Node Type": "Index Scan",
                  "Parent Relationship": "Inner",
                  "Parallel Aware": false,
                  "Scan Direction": "Forward",
                  "Index Name": "name_pkey",
                  "Relation Name": "name",
                  "Alias": "n",
                  "Startup Cost": 0.43,
                  "Total Cost": 0.57,
                  "Plan Rows": 1,
                  "Plan Width": 4,
                  "Actual Startup Time": 0.009,
                  "Actual Total Time": 0.009,
                  "Actual Rows": 0,
                  "Actual Loops": 107339,
                  "Index Cond": "(id = ci.person_id)",
                  "Rows Removed by Index Recheck": 0,
                  "Filter": "((name ~~ '%Tim%'::text) AND ((gender)::text = 'm'::text))",
                  "Rows Removed by Filter": 1
                }
              ]
            },
            {
              "Node Type": "Index Scan",
              "Parent Relationship": "Inner",
              "Parallel Aware": false,
              "Scan Direction": "Forward",
              "Index Name": "title_pkey",
              "Relation Name": "title",
              "Alias": "t",
              "Startup Cost": 0.43,
              "Total Cost": 0.46,
              "Plan Rows": 1,
              "Plan Width": 21,
              "Actual Startup Time": 0.017,
              "Actual Total Time": 0.017,
              "Actual Rows": 1,
              "Actual Loops": 410,
              "Index Cond": "(id = mi.movie_id)",
              "Rows Removed by Index Recheck": 0
            }
          ]
        }
      ]
    },
    "Planning Time": 10.291,
    "Triggers": [],
    "Execution Time": 16256.223
  }
]