[
  {
    "Plan": {
      "Node Type": "Aggregate",
      "Strategy": "Plain",
      "Partial Mode": "Finalize",
      "Parallel Aware": false,
      "Startup Cost": 78948.58,
      "Total Cost": 78948.59,
      "Plan Rows": 1,
      "Plan Width": 8,
      "Actual Startup Time": 131.15,
      "Actual Total Time": 139.861,
      "Actual Rows": 1,
      "Actual Loops": 1,
      "Plans": [
        {
          "Node Type": "Gather",
          "Parent Relationship": "Outer",
          "Parallel Aware": false,
          "Startup Cost": 78948.05,
          "Total Cost": 78948.56,
          "Plan Rows": 5,
          "Plan Width": 8,
          "Actual Startup Time": 131.05,
          "Actual Total Time": 139.854,
          "Actual Rows": 6,
          "Actual Loops": 1,
          "Workers Planned": 5,
          "Workers Launched": 5,
          "Single Copy": false,
          "Plans": [
            {
              "Node Type": "Aggregate",
              "Strategy": "Plain",
              "Partial Mode": "Partial",
              "Parent Relationship": "Outer",
              "Parallel Aware": false,
              "Startup Cost": 77948.05,
              "Total Cost": 77948.06,
              "Plan Rows": 1,
              "Plan Width": 8,
              "Actual Startup Time": 122.699,
              "Actual Total Time": 122.7,
              "Actual Rows": 1,
              "Actual Loops": 6,
              "Plans": [
                {
                  "Node Type": "Index Scan",
                  "Parent Relationship": "Outer",
                  "Parallel Aware": true,
                  "Scan Direction": "Forward",
                  "Index Name": "role_id_cast_info",
                  "Relation Name": "cast_info",
                  "Alias": "ci",
                  "Startup Cost": 0.56,
                  "Total Cost": 77740.85,
                  "Plan Rows": 82880,
                  "Plan Width": 0,
                  "Actual Startup Time": 72.119,
                  "Actual Total Time": 119.299,
                  "Actual Rows": 60988,
                  "Actual Loops": 6,
                  "Index Cond": "(role_id = 4)",
                  "Rows Removed by Index Recheck": 0,
                  "Filter": "(person_id > 3154638)",
                  "Rows Removed by Filter": 393836
                }
              ]
            }
          ]
        }
      ]
    },
    "Planning Time": 0.201,
    "Triggers": [],
    "Execution Time": 139.919
  }
]