[
  {
    "Plan": {
      "Node Type": "Aggregate",
      "Strategy": "Plain",
      "Partial Mode": "Finalize",
      "Parallel Aware": false,
      "Startup Cost": 265131.07,
      "Total Cost": 265131.08,
      "Plan Rows": 1,
      "Plan Width": 8,
      "Actual Startup Time": 1155.532,
      "Actual Total Time": 1258.122,
      "Actual Rows": 1,
      "Actual Loops": 1,
      "Plans": [
        {
          "Node Type": "Gather",
          "Parent Relationship": "Outer",
          "Parallel Aware": false,
          "Startup Cost": 265130.55,
          "Total Cost": 265131.06,
          "Plan Rows": 5,
          "Plan Width": 8,
          "Actual Startup Time": 1154.995,
          "Actual Total Time": 1258.11,
          "Actual Rows": 6,
          "Actual Loops": 1,
          "Workers Planned": 5,
          "Workers Launched": 5,
          "Single Copy": false,
          "Plans": [
            {
              "Node Type": "Aggregate",
              "Strategy": "Plain",
              "Partial Mode": "Partial",
              "Parent Relationship": "Outer",
              "Parallel Aware": false,
              "Startup Cost": 264130.55,
              "Total Cost": 264130.56,
              "Plan Rows": 1,
              "Plan Width": 8,
              "Actual Startup Time": 1144.057,
              "Actual Total Time": 1144.061,
              "Actual Rows": 1,
              "Actual Loops": 6,
              "Plans": [
                {
                  "Node Type": "Nested Loop",
                  "Parent Relationship": "Outer",
                  "Parallel Aware": false,
                  "Join Type": "Inner",
                  "Startup Cost": 45611.63,
                  "Total Cost": 263853.4,
                  "Plan Rows": 110858,
                  "Plan Width": 0,
                  "Actual Startup Time": 111.456,
                  "Actual Total Time": 1109.711,
                  "Actual Rows": 649324,
                  "Actual Loops": 6,
                  "Inner Unique": false,
                  "Join Filter": "(t.id = ci.movie_id)",
                  "Rows Removed by Join Filter": 0,
                  "Plans": [
                    {
                      "Node Type": "Hash Join",
                      "Parent Relationship": "Outer",
                      "Parallel Aware": true,
                      "Join Type": "Inner",
                      "Startup Cost": 45611.06,
                      "Total Cost": 245779.18,
                      "Plan Rows": 7737,
                      "Plan Width": 8,
                      "Actual Startup Time": 111.335,
                      "Actual Total Time": 428.915,
                      "Actual Rows": 11014,
                      "Actual Loops": 6,
                      "Inner Unique": true,
                      "Hash Cond": "(mi.movie_id = t.id)",
                      "Plans": [
                        {
                          "Node Type": "Seq Scan",
                          "Parent Relationship": "Outer",
                          "Parallel Aware": true,
                          "Relation Name": "movie_info",
                          "Alias": "mi",
                          "Startup Cost": 0.0,
                          "Total Cost": 198952.16,
                          "Plan Rows": 463221,
                          "Plan Width": 4,
                          "Actual Startup Time": 17.27,
                          "Actual Total Time": 301.041,
                          "Actual Rows": 372308,
                          "Actual Loops": 6,
                          "Filter": "(info_type_id > 16)",
                          "Rows Removed by Filter": 2100312
                        },
                        {
                          "Node Type": "Hash",
                          "Parent Relationship": "Inner",
                          "Parallel Aware": true,
                          "Startup Cost": 45479.1,
                          "Total Cost": 45479.1,
                          "Plan Rows": 10557,
                          "Plan Width": 4,
                          "Actual Startup Time": 82.166,
                          "Actual Total Time": 82.167,
                          "Actual Rows": 6593,
                          "Actual Loops": 6,
                          "Hash Buckets": 65536,
                          "Original Hash Buckets": 65536,
                          "Hash Batches": 1,
                          "Original Hash Batches": 1,
                          "Peak Memory Usage": 2144,
                          "Plans": [
                            {
                              "Node Type": "Seq Scan",
                              "Parent Relationship": "Outer",
                              "Parallel Aware": true,
                              "Relation Name": "title",
                              "Alias": "t",
                              "Startup Cost": 0.0,
                              "Total Cost": 45479.1,
                              "Plan Rows": 10557,
                              "Plan Width": 4,
                              "Actual Startup Time": 44.955,
                              "Actual Total Time": 79.331,
                              "Actual Rows": 6593,
                              "Actual Loops": 6,
                              "Filter": "((kind_id = 1) AND (production_year = 2012))",
                              "Rows Removed by Filter": 414792
                            }
                          ]
                        }
                      ]
                    },
                    {
                      "Node Type": "Index Only Scan",
                      "Parent Relationship": "Inner",
                      "Parallel Aware": false,
                      "Scan Direction": "Forward",
                      "Index Name": "movie_id_cast_info",
                      "Relation Name": "cast_info",
                      "Alias": "ci",
                      "Startup Cost": 0.56,
                      "Total Cost": 1.87,
                      "Plan Rows": 37,
                      "Plan Width": 4,
                      "Actual Startup Time": 0.008,
                      "Actual Total Time": 0.056,
                      "Actual Rows": 59,
                      "Actual Loops": 66082,
                      "Index Cond": "(movie_id = mi.movie_id)",
                      "Rows Removed by Index Recheck": 0,
                      "Heap Fetches": 3895947
                    }
                  ]
                }
              ]
            }
          ]
        }
      ]
    },
    "Planning Time": 1.375,
    "Triggers": [],
    "Execution Time": 1258.231
  }
]