[
  {
    "Plan": {
      "Node Type": "Aggregate",
      "Strategy": "Plain",
      "Partial Mode": "Finalize",
      "Parallel Aware": false,
      "Startup Cost": 335478.35,
      "Total Cost": 335478.36,
      "Plan Rows": 1,
      "Plan Width": 8,
      "Actual Startup Time": 705.486,
      "Actual Total Time": 764.044,
      "Actual Rows": 1,
      "Actual Loops": 1,
      "Plans": [
        {
          "Node Type": "Gather",
          "Parent Relationship": "Outer",
          "Parallel Aware": false,
          "Startup Cost": 335477.72,
          "Total Cost": 335478.33,
          "Plan Rows": 6,
          "Plan Width": 8,
          "Actual Startup Time": 705.365,
          "Actual Total Time": 764.032,
          "Actual Rows": 7,
          "Actual Loops": 1,
          "Workers Planned": 6,
          "Workers Launched": 6,
          "Single Copy": false,
          "Plans": [
            {
              "Node Type": "Aggregate",
              "Strategy": "Plain",
              "Partial Mode": "Partial",
              "Parent Relationship": "Outer",
              "Parallel Aware": false,
              "Startup Cost": 334477.72,
              "Total Cost": 334477.73,
              "Plan Rows": 1,
              "Plan Width": 8,
              "Actual Startup Time": 698.822,
              "Actual Total Time": 698.823,
              "Actual Rows": 1,
              "Actual Loops": 7,
              "Plans": [
                {
                  "Node Type": "Seq Scan",
                  "Parent Relationship": "Outer",
                  "Parallel Aware": true,
                  "Relation Name": "cast_info",
                  "Alias": "ci",
                  "Startup Cost": 0.0,
                  "Total Cost": 328162.03,
                  "Plan Rows": 2526279,
                  "Plan Width": 0,
                  "Actual Startup Time": 230.428,
                  "Actual Total Time": 600.196,
                  "Actual Rows": 2158995,
                  "Actual Loops": 7,
                  "Filter": "(person_id > 2134260)",
                  "Rows Removed by Filter": 3018769
                }
              ]
            }
          ]
        }
      ]
    },
    "Planning Time": 0.137,
    "Triggers": [],
    "Execution Time": 764.104
  }
]