[
    {
        "Bao": {
            "Bao prediction": 1291.648,
            "Bao recommended hint": "(no hint)"
        }
    },
    {
        "Plan": {
            "Node Type": "Aggregate",
            "Strategy": "Plain",
            "Partial Mode": "Finalize",
            "Parallel Aware": false,
            "Startup Cost": 605875.53,
            "Total Cost": 605875.54,
            "Plan Rows": 1,
            "Plan Width": 8,
            "Actual Startup Time": 5897.201,
            "Actual Total Time": 5961.396,
            "Actual Rows": 1,
            "Actual Loops": 1,
            "Output": [
                "count(*)"
            ],
            "Plans": [
                {
                    "Node Type": "Gather",
                    "Parent Relationship": "Outer",
                    "Parallel Aware": false,
                    "Startup Cost": 605874.9,
                    "Total Cost": 605875.51,
                    "Plan Rows": 6,
                    "Plan Width": 8,
                    "Actual Startup Time": 5849.393,
                    "Actual Total Time": 5961.383,
                    "Actual Rows": 7,
                    "Actual Loops": 1,
                    "Output": [
                        "(PARTIAL count(*))"
                    ],
                    "Workers Planned": 6,
                    "Workers Launched": 6,
                    "Single Copy": false,
                    "Plans": [
                        {
                            "Node Type": "Aggregate",
                            "Strategy": "Plain",
                            "Partial Mode": "Partial",
                            "Parent Relationship": "Outer",
                            "Parallel Aware": false,
                            "Startup Cost": 604874.9,
                            "Total Cost": 604874.91,
                            "Plan Rows": 1,
                            "Plan Width": 8,
                            "Actual Startup Time": 5823.896,
                            "Actual Total Time": 5826.288,
                            "Actual Rows": 1,
                            "Actual Loops": 7,
                            "Output": [
                                "PARTIAL count(*)"
                            ],
                            "Workers": [
                                {
                                    "Worker Number": 0,
                                    "Actual Startup Time": 5818.706,
                                    "Actual Total Time": 5818.711,
                                    "Actual Rows": 1,
                                    "Actual Loops": 1
                                },
                                {
                                    "Worker Number": 1,
                                    "Actual Startup Time": 5818.632,
                                    "Actual Total Time": 5818.638,
                                    "Actual Rows": 1,
                                    "Actual Loops": 1
                                },
                                {
                                    "Worker Number": 2,
                                    "Actual Startup Time": 5818.702,
                                    "Actual Total Time": 5818.707,
                                    "Actual Rows": 1,
                                    "Actual Loops": 1
                                },
                                {
                                    "Worker Number": 3,
                                    "Actual Startup Time": 5824.666,
                                    "Actual Total Time": 5824.671,
                                    "Actual Rows": 1,
                                    "Actual Loops": 1
                                },
                                {
                                    "Worker Number": 4,
                                    "Actual Startup Time": 5819.686,
                                    "Actual Total Time": 5819.691,
                                    "Actual Rows": 1,
                                    "Actual Loops": 1
                                },
                                {
                                    "Worker Number": 5,
                                    "Actual Startup Time": 5818.878,
                                    "Actual Total Time": 5818.883,
                                    "Actual Rows": 1,
                                    "Actual Loops": 1
                                }
                            ],
                            "Plans": [
                                {
                                    "Node Type": "Hash Join",
                                    "Parent Relationship": "Outer",
                                    "Parallel Aware": true,
                                    "Join Type": "Inner",
                                    "Startup Cost": 258401.52,
                                    "Total Cost": 599162.32,
                                    "Plan Rows": 2285034,
                                    "Plan Width": 0,
                                    "Actual Startup Time": 2063.294,
                                    "Actual Total Time": 5268.853,
                                    "Actual Rows": 8831309,
                                    "Actual Loops": 7,
                                    "Inner Unique": false,
                                    "Hash Cond": "(ci.movie_id = t.id)",
                                    "Workers": [
                                        {
                                            "Worker Number": 0,
                                            "Actual Startup Time": 2059.035,
                                            "Actual Total Time": 5249.195,
                                            "Actual Rows": 8614243,
                                            "Actual Loops": 1
                                        },
                                        {
                                            "Worker Number": 1,
                                            "Actual Startup Time": 2058.724,
                                            "Actual Total Time": 5248.692,
                                            "Actual Rows": 8260879,
                                            "Actual Loops": 1
                                        },
                                        {
                                            "Worker Number": 2,
                                            "Actual Startup Time": 2058.846,
                                            "Actual Total Time": 5291.016,
                                            "Actual Rows": 9712591,
                                            "Actual Loops": 1
                                        },
                                        {
                                            "Worker Number": 3,
                                            "Actual Startup Time": 2058.89,
                                            "Actual Total Time": 5259.732,
                                            "Actual Rows": 8712141,
                                            "Actual Loops": 1
                                        },
                                        {
                                            "Worker Number": 4,
                                            "Actual Startup Time": 2059.924,
                                            "Actual Total Time": 5252.06,
                                            "Actual Rows": 8776473,
                                            "Actual Loops": 1
                                        },
                                        {
                                            "Worker Number": 5,
                                            "Actual Startup Time": 2059.208,
                                            "Actual Total Time": 5251.846,
                                            "Actual Rows": 8865733,
                                            "Actual Loops": 1
                                        }
                                    ],
                                    "Plans": [
                                        {
                                            "Node Type": "Seq Scan",
                                            "Parent Relationship": "Outer",
                                            "Parallel Aware": true,
                                            "Relation Name": "cast_info",
                                            "Schema": "public",
                                            "Alias": "ci",
                                            "Startup Cost": 0.0,
                                            "Total Cost": 328213.62,
                                            "Plan Rows": 2127232,
                                            "Plan Width": 4,
                                            "Actual Startup Time": 0.054,
                                            "Actual Total Time": 674.626,
                                            "Actual Rows": 1810098,
                                            "Actual Loops": 7,
                                            "Output": [
                                                "ci.id",
                                                "ci.person_id",
                                                "ci.movie_id",
                                                "ci.person_role_id",
                                                "ci.note",
                                                "ci.nr_order",
                                                "ci.role_id"
                                            ],
                                            "Filter": "(ci.role_id = 1)",
                                            "Rows Removed by Filter": 3367665,
                                            "Workers": [
                                                {
                                                    "Worker Number": 0,
                                                    "Actual Startup Time": 0.046,
                                                    "Actual Total Time": 684.533,
                                                    "Actual Rows": 1770913,
                                                    "Actual Loops": 1
                                                },
                                                {
                                                    "Worker Number": 1,
                                                    "Actual Startup Time": 0.084,
                                                    "Actual Total Time": 682.971,
                                                    "Actual Rows": 1696196,
                                                    "Actual Loops": 1
                                                },
                                                {
                                                    "Worker Number": 2,
                                                    "Actual Startup Time": 0.045,
                                                    "Actual Total Time": 669.717,
                                                    "Actual Rows": 2010377,
                                                    "Actual Loops": 1
                                                },
                                                {
                                                    "Worker Number": 3,
                                                    "Actual Startup Time": 0.043,
                                                    "Actual Total Time": 680.021,
                                                    "Actual Rows": 1772007,
                                                    "Actual Loops": 1
                                                },
                                                {
                                                    "Worker Number": 4,
                                                    "Actual Startup Time": 0.054,
                                                    "Actual Total Time": 684.522,
                                                    "Actual Rows": 1805319,
                                                    "Actual Loops": 1
                                                },
                                                {
                                                    "Worker Number": 5,
                                                    "Actual Startup Time": 0.075,
                                                    "Actual Total Time": 678.397,
                                                    "Actual Rows": 1809134,
                                                    "Actual Loops": 1
                                                }
                                            ]
                                        },
                                        {
                                            "Node Type": "Hash",
                                            "Parent Relationship": "Inner",
                                            "Parallel Aware": true,
                                            "Startup Cost": 251611.83,
                                            "Total Cost": 251611.83,
                                            "Plan Rows": 543175,
                                            "Plan Width": 8,
                                            "Actual Startup Time": 2054.753,
                                            "Actual Total Time": 2057.144,
                                            "Actual Rows": 864910,
                                            "Actual Loops": 7,
                                            "Output": [
                                                "t.id",
                                                "mi.movie_id"
                                            ],
                                            "Hash Buckets": 8388608,
                                            "Original Hash Buckets": 4194304,
                                            "Hash Batches": 1,
                                            "Original Hash Batches": 1,
                                            "Peak Memory Usage": 335264,
                                            "Workers": [
                                                {
                                                    "Worker Number": 0,
                                                    "Actual Startup Time": 2057.674,
                                                    "Actual Total Time": 2057.678,
                                                    "Actual Rows": 863666,
                                                    "Actual Loops": 1
                                                },
                                                {
                                                    "Worker Number": 1,
                                                    "Actual Startup Time": 2057.762,
                                                    "Actual Total Time": 2057.765,
                                                    "Actual Rows": 843300,
                                                    "Actual Loops": 1
                                                },
                                                {
                                                    "Worker Number": 2,
                                                    "Actual Startup Time": 2057.69,
                                                    "Actual Total Time": 2057.693,
                                                    "Actual Rows": 865455,
                                                    "Actual Loops": 1
                                                },
                                                {
                                                    "Worker Number": 3,
                                                    "Actual Startup Time": 2057.833,
                                                    "Actual Total Time": 2057.837,
                                                    "Actual Rows": 856798,
                                                    "Actual Loops": 1
                                                },
                                                {
                                                    "Worker Number": 4,
                                                    "Actual Startup Time": 2058.886,
                                                    "Actual Total Time": 2058.889,
                                                    "Actual Rows": 860949,
                                                    "Actual Loops": 1
                                                },
                                                {
                                                    "Worker Number": 5,
                                                    "Actual Startup Time": 2058.044,
                                                    "Actual Total Time": 2058.047,
                                                    "Actual Rows": 862376,
                                                    "Actual Loops": 1
                                                }
                                            ],
                                            "Plans": [
                                                {
                                                    "Node Type": "Hash Join",
                                                    "Parent Relationship": "Outer",
                                                    "Parallel Aware": true,
                                                    "Join Type": "Inner",
                                                    "Startup Cost": 47733.32,
                                                    "Total Cost": 251611.83,
                                                    "Plan Rows": 543175,
                                                    "Plan Width": 8,
                                                    "Actual Startup Time": 193.073,
                                                    "Actual Total Time": 1258.73,
                                                    "Actual Rows": 864910,
                                                    "Actual Loops": 7,
                                                    "Output": [
                                                        "t.id",
                                                        "mi.movie_id"
                                                    ],
                                                    "Inner Unique": true,
                                                    "Hash Cond": "(mi.movie_id = t.id)",
                                                    "Workers": [
                                                        {
                                                            "Worker Number": 0,
                                                            "Actual Startup Time": 192.962,
                                                            "Actual Total Time": 1257.71,
                                                            "Actual Rows": 863666,
                                                            "Actual Loops": 1
                                                        },
                                                        {
                                                            "Worker Number": 1,
                                                            "Actual Startup Time": 193.291,
                                                            "Actual Total Time": 1256.92,
                                                            "Actual Rows": 843300,
                                                            "Actual Loops": 1
                                                        },
                                                        {
                                                            "Worker Number": 2,
                                                            "Actual Startup Time": 193.085,
                                                            "Actual Total Time": 1257.447,
                                                            "Actual Rows": 865455,
                                                            "Actual Loops": 1
                                                        },
                                                        {
                                                            "Worker Number": 3,
                                                            "Actual Startup Time": 192.933,
                                                            "Actual Total Time": 1258.934,
                                                            "Actual Rows": 856798,
                                                            "Actual Loops": 1
                                                        },
                                                        {
                                                            "Worker Number": 4,
                                                            "Actual Startup Time": 192.815,
                                                            "Actual Total Time": 1259.91,
                                                            "Actual Rows": 860949,
                                                            "Actual Loops": 1
                                                        },
                                                        {
                                                            "Worker Number": 5,
                                                            "Actual Startup Time": 193.058,
                                                            "Actual Total Time": 1259.009,
                                                            "Actual Rows": 862376,
                                                            "Actual Loops": 1
                                                        }
                                                    ],
                                                    "Plans": [
                                                        {
                                                            "Node Type": "Seq Scan",
                                                            "Parent Relationship": "Outer",
                                                            "Parallel Aware": true,
                                                            "Relation Name": "movie_info",
                                                            "Schema": "public",
                                                            "Alias": "mi",
                                                            "Startup Cost": 0.0,
                                                            "Total Cost": 198880.74,
                                                            "Plan Rows": 1903910,
                                                            "Plan Width": 4,
                                                            "Actual Startup Time": 0.047,
                                                            "Actual Total Time": 499.339,
                                                            "Actual Rows": 1366450,
                                                            "Actual Loops": 7,
                                                            "Output": [
                                                                "mi.id",
                                                                "mi.movie_id",
                                                                "mi.info_type_id",
                                                                "mi.info",
                                                                "mi.note"
                                                            ],
                                                            "Filter": "(mi.info_type_id < 16)",
                                                            "Rows Removed by Filter": 752938,
                                                            "Workers": [
                                                                {
                                                                    "Worker Number": 0,
                                                                    "Actual Startup Time": 0.05,
                                                                    "Actual Total Time": 510.835,
                                                                    "Actual Rows": 1360016,
                                                                    "Actual Loops": 1
                                                                },
                                                                {
                                                                    "Worker Number": 1,
                                                                    "Actual Startup Time": 0.044,
                                                                    "Actual Total Time": 499.91,
                                                                    "Actual Rows": 1324728,
                                                                    "Actual Loops": 1
                                                                },
                                                                {
                                                                    "Worker Number": 2,
                                                                    "Actual Startup Time": 0.056,
                                                                    "Actual Total Time": 511.893,
                                                                    "Actual Rows": 1362670,
                                                                    "Actual Loops": 1
                                                                },
                                                                {
                                                                    "Worker Number": 3,
                                                                    "Actual Startup Time": 0.052,
                                                                    "Actual Total Time": 510.241,
                                                                    "Actual Rows": 1353890,
                                                                    "Actual Loops": 1
                                                                },
                                                                {
                                                                    "Worker Number": 4,
                                                                    "Actual Startup Time": 0.052,
                                                                    "Actual Total Time": 512.39,
                                                                    "Actual Rows": 1353386,
                                                                    "Actual Loops": 1
                                                                },
                                                                {
                                                                    "Worker Number": 5,
                                                                    "Actual Startup Time": 0.054,
                                                                    "Actual Total Time": 502.681,
                                                                    "Actual Rows": 1358231,
                                                                    "Actual Loops": 1
                                                                }
                                                            ]
                                                        },
                                                        {
                                                            "Node Type": "Hash",
                                                            "Parent Relationship": "Inner",
                                                            "Parallel Aware": true,
                                                            "Startup Cost": 45479.21,
                                                            "Total Cost": 45479.21,
                                                            "Plan Rows": 180329,
                                                            "Plan Width": 4,
                                                            "Actual Startup Time": 188.855,
                                                            "Actual Total Time": 188.856,
                                                            "Actual Rows": 103234,
                                                            "Actual Loops": 7,
                                                            "Output": [
                                                                "t.id"
                                                            ],
                                                            "Hash Buckets": 1048576,
                                                            "Original Hash Buckets": 1048576,
                                                            "Hash Batches": 1,
                                                            "Original Hash Batches": 1,
                                                            "Peak Memory Usage": 36544,
                                                            "Workers": [
                                                                {
                                                                    "Worker Number": 0,
                                                                    "Actual Startup Time": 190.231,
                                                                    "Actual Total Time": 190.232,
                                                                    "Actual Rows": 101070,
                                                                    "Actual Loops": 1
                                                                },
                                                                {
                                                                    "Worker Number": 1,
                                                                    "Actual Startup Time": 190.284,
                                                                    "Actual Total Time": 190.286,
                                                                    "Actual Rows": 94774,
                                                                    "Actual Loops": 1
                                                                },
                                                                {
                                                                    "Worker Number": 2,
                                                                    "Actual Startup Time": 190.193,
                                                                    "Actual Total Time": 190.194,
                                                                    "Actual Rows": 101358,
                                                                    "Actual Loops": 1
                                                                },
                                                                {
                                                                    "Worker Number": 3,
                                                                    "Actual Startup Time": 190.154,
                                                                    "Actual Total Time": 190.155,
                                                                    "Actual Rows": 100122,
                                                                    "Actual Loops": 1
                                                                },
                                                                {
                                                                    "Worker Number": 4,
                                                                    "Actual Startup Time": 190.14,
                                                                    "Actual Total Time": 190.142,
                                                                    "Actual Rows": 102014,
                                                                    "Actual Loops": 1
                                                                },
                                                                {
                                                                    "Worker Number": 5,
                                                                    "Actual Startup Time": 190.248,
                                                                    "Actual Total Time": 190.25,
                                                                    "Actual Rows": 96149,
                                                                    "Actual Loops": 1
                                                                }
                                                            ],
                                                            "Plans": [
                                                                {
                                                                    "Node Type": "Seq Scan",
                                                                    "Parent Relationship": "Outer",
                                                                    "Parallel Aware": true,
                                                                    "Relation Name": "title",
                                                                    "Schema": "public",
                                                                    "Alias": "t",
                                                                    "Startup Cost": 0.0,
                                                                    "Total Cost": 45479.21,
                                                                    "Plan Rows": 180329,
                                                                    "Plan Width": 4,
                                                                    "Actual Startup Time": 0.085,
                                                                    "Actual Total Time": 109.434,
                                                                    "Actual Rows": 103234,
                                                                    "Actual Loops": 7,
                                                                    "Output": [
                                                                        "t.id"
                                                                    ],
                                                                    "Filter": "((t.kind_id < 3) AND (t.production_year < 2013))",
                                                                    "Rows Removed by Filter": 257954,
                                                                    "Workers": [
                                                                        {
                                                                            "Worker Number": 0,
                                                                            "Actual Startup Time": 0.126,
                                                                            "Actual Total Time": 111.4,
                                                                            "Actual Rows": 101070,
                                                                            "Actual Loops": 1
                                                                        },
                                                                        {
                                                                            "Worker Number": 1,
                                                                            "Actual Startup Time": 0.094,
                                                                            "Actual Total Time": 110.168,
                                                                            "Actual Rows": 94774,
                                                                            "Actual Loops": 1
                                                                        },
                                                                        {
                                                                            "Worker Number": 2,
                                                                            "Actual Startup Time": 0.116,
                                                                            "Actual Total Time": 111.943,
                                                                            "Actual Rows": 101358,
                                                                            "Actual Loops": 1
                                                                        },
                                                                        {
                                                                            "Worker Number": 3,
                                                                            "Actual Startup Time": 0.058,
                                                                            "Actual Total Time": 111.291,
                                                                            "Actual Rows": 100122,
                                                                            "Actual Loops": 1
                                                                        },
                                                                        {
                                                                            "Worker Number": 4,
                                                                            "Actual Startup Time": 0.056,
                                                                            "Actual Total Time": 111.377,
                                                                            "Actual Rows": 102014,
                                                                            "Actual Loops": 1
                                                                        },
                                                                        {
                                                                            "Worker Number": 5,
                                                                            "Actual Startup Time": 0.112,
                                                                            "Actual Total Time": 110.186,
                                                                            "Actual Rows": 96149,
                                                                            "Actual Loops": 1
                                                                        }
                                                                    ]
                                                                }
                                                            ]
                                                        }
                                                    ]
                                                }
                                            ]
                                        }
                                    ]
                                }
                            ]
                        }
                    ]
                }
            ]
        },
        "Planning Time": 1679.24,
        "Triggers": [],
        "Execution Time": 5961.652
    }
]