[
    {
        "Bao": {
            "Bao prediction": "NaN",
            "Bao recommended hint": "(no hint)"
        }
    },
    {
        "Plan": {
            "Node Type": "Aggregate",
            "Strategy": "Plain",
            "Partial Mode": "Finalize",
            "Parallel Aware": false,
            "Startup Cost": 204235.51,
            "Total Cost": 204235.52,
            "Plan Rows": 1,
            "Plan Width": 8,
            "Actual Startup Time": 422.041,
            "Actual Total Time": 449.591,
            "Actual Rows": 1,
            "Actual Loops": 1,
            "Output": [
                "count(*)"
            ],
            "Plans": [
                {
                    "Node Type": "Gather",
                    "Parent Relationship": "Outer",
                    "Parallel Aware": false,
                    "Startup Cost": 204234.98,
                    "Total Cost": 204235.49,
                    "Plan Rows": 5,
                    "Plan Width": 8,
                    "Actual Startup Time": 421.94,
                    "Actual Total Time": 449.583,
                    "Actual Rows": 6,
                    "Actual Loops": 1,
                    "Output": [
                        "(PARTIAL count(*))"
                    ],
                    "Workers Planned": 5,
                    "Workers Launched": 5,
                    "Single Copy": false,
                    "Plans": [
                        {
                            "Node Type": "Aggregate",
                            "Strategy": "Plain",
                            "Partial Mode": "Partial",
                            "Parent Relationship": "Outer",
                            "Parallel Aware": false,
                            "Startup Cost": 203234.98,
                            "Total Cost": 203234.99,
                            "Plan Rows": 1,
                            "Plan Width": 8,
                            "Actual Startup Time": 412.812,
                            "Actual Total Time": 412.813,
                            "Actual Rows": 1,
                            "Actual Loops": 6,
                            "Output": [
                                "PARTIAL count(*)"
                            ],
                            "Workers": [
                                {
                                    "Worker Number": 0,
                                    "Actual Startup Time": 410.607,
                                    "Actual Total Time": 410.608,
                                    "Actual Rows": 1,
                                    "Actual Loops": 1
                                },
                                {
                                    "Worker Number": 1,
                                    "Actual Startup Time": 410.745,
                                    "Actual Total Time": 410.745,
                                    "Actual Rows": 1,
                                    "Actual Loops": 1
                                },
                                {
                                    "Worker Number": 2,
                                    "Actual Startup Time": 410.882,
                                    "Actual Total Time": 410.883,
                                    "Actual Rows": 1,
                                    "Actual Loops": 1
                                },
                                {
                                    "Worker Number": 3,
                                    "Actual Startup Time": 411.428,
                                    "Actual Total Time": 411.43,
                                    "Actual Rows": 1,
                                    "Actual Loops": 1
                                },
                                {
                                    "Worker Number": 4,
                                    "Actual Startup Time": 411.551,
                                    "Actual Total Time": 411.552,
                                    "Actual Rows": 1,
                                    "Actual Loops": 1
                                }
                            ],
                            "Plans": [
                                {
                                    "Node Type": "Seq Scan",
                                    "Parent Relationship": "Outer",
                                    "Parallel Aware": true,
                                    "Relation Name": "movie_info",
                                    "Schema": "public",
                                    "Alias": "mi",
                                    "Startup Cost": 0.0,
                                    "Total Cost": 198880.74,
                                    "Plan Rows": 1741698,
                                    "Plan Width": 0,
                                    "Actual Startup Time": 0.053,
                                    "Actual Total Time": 342.05,
                                    "Actual Rows": 1458715,
                                    "Actual Loops": 6,
                                    "Output": [
                                        "id",
                                        "movie_id",
                                        "info_type_id",
                                        "info",
                                        "note"
                                    ],
                                    "Filter": "(mi.info_type_id < 11)",
                                    "Rows Removed by Filter": 1013905,
                                    "Workers": [
                                        {
                                            "Worker Number": 0,
                                            "Actual Startup Time": 0.065,
                                            "Actual Total Time": 341.357,
                                            "Actual Rows": 992112,
                                            "Actual Loops": 1
                                        },
                                        {
                                            "Worker Number": 1,
                                            "Actual Startup Time": 0.058,
                                            "Actual Total Time": 341.499,
                                            "Actual Rows": 998637,
                                            "Actual Loops": 1
                                        },
                                        {
                                            "Worker Number": 2,
                                            "Actual Startup Time": 0.061,
                                            "Actual Total Time": 342.451,
                                            "Actual Rows": 1536755,
                                            "Actual Loops": 1
                                        },
                                        {
                                            "Worker Number": 3,
                                            "Actual Startup Time": 0.062,
                                            "Actual Total Time": 342.518,
                                            "Actual Rows": 1566451,
                                            "Actual Loops": 1
                                        },
                                        {
                                            "Worker Number": 4,
                                            "Actual Startup Time": 0.062,
                                            "Actual Total Time": 343.001,
                                            "Actual Rows": 1537772,
                                            "Actual Loops": 1
                                        }
                                    ]
                                }
                            ]
                        }
                    ]
                }
            ]
        },
        "Planning Time": 184.402,
        "Triggers": [],
        "Execution Time": 449.63
    }
]