{
  "Plan": {
    "Node Type": "Aggregate",
    "Strategy": "Plain",
    "Partial Mode": "Finalize",
    "Parallel Aware": false,
    "Startup Cost": 252718.02,
    "Total Cost": 252718.03,
    "Plan Rows": 1,
    "Plan Width": 8,
    "Actual Startup Time": 2199.666,
    "Actual Total Time": 2231.374,
    "Actual Rows": 1,
    "Actual Loops": 1,
    "Plans": [
      {
        "Node Type": "Gather",
        "Parent Relationship": "Outer",
        "Parallel Aware": false,
        "Startup Cost": 252717.91,
        "Total Cost": 252718.02,
        "Plan Rows": 1,
        "Plan Width": 8,
        "Actual Startup Time": 2191.757,
        "Actual Total Time": 2231.366,
        "Actual Rows": 2,
        "Actual Loops": 1,
        "Workers Planned": 1,
        "Workers Launched": 1,
        "Single Copy": false,
        "Plans": [
          {
            "Node Type": "Aggregate",
            "Strategy": "Plain",
            "Partial Mode": "Partial",
            "Parent Relationship": "Outer",
            "Parallel Aware": false,
            "Startup Cost": 251717.91,
            "Total Cost": 251717.92,
            "Plan Rows": 1,
            "Plan Width": 8,
            "Actual Startup Time": 2182.883,
            "Actual Total Time": 2182.889,
            "Actual Rows": 1,
            "Actual Loops": 2,
            "Plans": [
              {
                "Node Type": "Hash Join",
                "Parent Relationship": "Outer",
                "Parallel Aware": true,
                "Join Type": "Inner",
                "Startup Cost": 209087.17,
                "Total Cost": 251041.41,
                "Plan Rows": 270601,
                "Plan Width": 0,
                "Actual Startup Time": 1789.01,
                "Actual Total Time": 2152.091,
                "Actual Rows": 722628,
                "Actual Loops": 2,
                "Inner Unique": false,
                "Hash Cond": "(mc.movie_id = t.id)",
                "Plans": [
                  {
                    "Node Type": "Seq Scan",
                    "Parent Relationship": "Outer",
                    "Parallel Aware": true,
                    "Relation Name": "movie_companies",
                    "Alias": "mc",
                    "Startup Cost": 0.0,
                    "Total Cost": 37974.77,
                    "Plan Rows": 636719,
                    "Plan Width": 4,
                    "Actual Startup Time": 15.703,
                    "Actual Total Time": 114.014,
                    "Actual Rows": 544844,
                    "Actual Loops": 2,
                    "Filter": "(company_id > 14227)",
                    "Rows Removed by Filter": 759721
                  },
                  {
                    "Node Type": "Hash",
                    "Parent Relationship": "Inner",
                    "Parallel Aware": true,
                    "Startup Cost": 201186.37,
                    "Total Cost": 201186.37,
                    "Plan Rows": 632064,
                    "Plan Width": 8,
                    "Actual Startup Time": 1758.926,
                    "Actual Total Time": 1758.93,
                    "Actual Rows": 1001805,
                    "Actual Loops": 2,
                    "Hash Buckets": 2097152,
                    "Original Hash Buckets": 2097152,
                    "Hash Batches": 1,
                    "Original Hash Batches": 1,
                    "Peak Memory Usage": 94816,
                    "Plans": [
                      {
                        "Node Type": "Hash Join",
                        "Parent Relationship": "Outer",
                        "Parallel Aware": true,
                        "Join Type": "Inner",
                        "Startup Cost": 69461.26,
                        "Total Cost": 201186.37,
                        "Plan Rows": 632064,
                        "Plan Width": 8,
                        "Actual Startup Time": 620.07,
                        "Actual Total Time": 1431.302,
                        "Actual Rows": 1001805,
                        "Actual Loops": 2,
                        "Inner Unique": true,
                        "Hash Cond": "(ci.movie_id = t.id)",
                        "Plans": [
                          {
                            "Node Type": "Index Scan",
                            "Parent Relationship": "Outer",
                            "Parallel Aware": true,
                            "Scan Direction": "Forward",
                            "Index Name": "role_id_cast_info",
                            "Relation Name": "cast_info",
                            "Alias": "ci",
                            "Startup Cost": 0.56,
                            "Total Cost": 130066.5,
                            "Plan Rows": 632064,
                            "Plan Width": 4,
                            "Actual Startup Time": 38.785,
                            "Actual Total Time": 318.564,
                            "Actual Rows": 1001805,
                            "Actual Loops": 2,
                            "Index Cond": "(role_id = 3)",
                            "Rows Removed by Index Recheck": 0,
                            "Filter": "(person_id > 2752952)",
                            "Rows Removed by Filter": 1002214
                          },
                          {
                            "Node Type": "Hash",
                            "Parent Relationship": "Inner",
                            "Parallel Aware": true,
                            "Startup Cost": 50870.31,
                            "Total Cost": 50870.31,
                            "Plan Rows": 1487231,
                            "Plan Width": 4,
                            "Actual Startup Time": 567.181,
                            "Actual Total Time": 567.182,
                            "Actual Rows": 1264156,
                            "Actual Loops": 2,
                            "Hash Buckets": 4194304,
                            "Original Hash Buckets": 4194304,
                            "Hash Batches": 1,
                            "Original Hash Batches": 1,
                            "Peak Memory Usage": 131712,
                            "Plans": [
                              {
                                "Node Type": "Seq Scan",
                                "Parent Relationship": "Outer",
                                "Parallel Aware": true,
                                "Relation Name": "title",
                                "Alias": "t",
                                "Startup Cost": 0.0,
                                "Total Cost": 50870.31,
                                "Plan Rows": 1487231,
                                "Plan Width": 4,
                                "Actual Startup Time": 0.026,
                                "Actual Total Time": 157.538,
                                "Actual Rows": 1264156,
                                "Actual Loops": 2
                              }
                            ]
                          }
                        ]
                      }
                    ]
                  }
                ]
              }
            ]
          }
        ]
      }
    ]
  },
  "Planning Time": 1.195,
  "Triggers": [],
  "Execution Time": 2231.467
}