[
  {
    "Plan": {
      "Node Type": "Aggregate",
      "Strategy": "Plain",
      "Partial Mode": "Finalize",
      "Parallel Aware": false,
      "Startup Cost": 266315.03,
      "Total Cost": 266315.04,
      "Plan Rows": 1,
      "Plan Width": 8,
      "Actual Startup Time": 78.202,
      "Actual Total Time": 82.13,
      "Actual Rows": 1,
      "Actual Loops": 1,
      "Plans": [
        {
          "Node Type": "Gather",
          "Parent Relationship": "Outer",
          "Parallel Aware": false,
          "Startup Cost": 266314.41,
          "Total Cost": 266315.02,
          "Plan Rows": 6,
          "Plan Width": 8,
          "Actual Startup Time": 77.788,
          "Actual Total Time": 82.117,
          "Actual Rows": 7,
          "Actual Loops": 1,
          "Workers Planned": 6,
          "Workers Launched": 6,
          "Single Copy": false,
          "Plans": [
            {
              "Node Type": "Aggregate",
              "Strategy": "Plain",
              "Partial Mode": "Partial",
              "Parent Relationship": "Outer",
              "Parallel Aware": false,
              "Startup Cost": 265314.41,
              "Total Cost": 265314.42,
              "Plan Rows": 1,
              "Plan Width": 8,
              "Actual Startup Time": 67.207,
              "Actual Total Time": 67.21,
              "Actual Rows": 1,
              "Actual Loops": 7,
              "Plans": [
                {
                  "Node Type": "Bitmap Heap Scan",
                  "Parent Relationship": "Outer",
                  "Parallel Aware": true,
                  "Relation Name": "cast_info",
                  "Alias": "ci",
                  "Startup Cost": 11113.29,
                  "Total Cost": 265104.69,
                  "Plan Rows": 83886,
                  "Plan Width": 0,
                  "Actual Startup Time": 32.58,
                  "Actual Total Time": 61.457,
                  "Actual Rows": 64849,
                  "Actual Loops": 7,
                  "Recheck Cond": "(person_id > 3975152)",
                  "Rows Removed by Index Recheck": 0,
                  "Exact Heap Blocks": 2528,
                  "Lossy Heap Blocks": 0,
                  "Plans": [
                    {
                      "Node Type": "Bitmap Index Scan",
                      "Parent Relationship": "Outer",
                      "Parallel Aware": false,
                      "Index Name": "person_id_cast_info",
                      "Startup Cost": 0.0,
                      "Total Cost": 10987.46,
                      "Plan Rows": 503319,
                      "Plan Width": 0,
                      "Actual Startup Time": 41.094,
                      "Actual Total Time": 41.094,
                      "Actual Rows": 453945,
                      "Actual Loops": 1,
                      "Index Cond": "(person_id > 3975152)"
                    }
                  ]
                }
              ]
            }
          ]
        }
      ]
    },
    "Planning Time": 0.239,
    "Triggers": [],
    "Execution Time": 82.192
  }
]