{
    "Plan": {
        "Node Type": "Aggregate",
        "Strategy": "Plain",
        "Partial Mode": "Simple",
        "Parallel Aware": false,
        "Startup Cost": 10000147234.94,
        "Total Cost": 10000147234.95,
        "Plan Rows": 1,
        "Plan Width": 8,
        "Actual Startup Time": 657.94,
        "Actual Total Time": 657.944,
        "Actual Rows": 1,
        "Actual Loops": 1,
        "Output": [
            "count(*)"
        ],
        "Plans": [
            {
                "Node Type": "Nested Loop",
                "Parent Relationship": "Outer",
                "Parallel Aware": false,
                "Join Type": "Inner",
                "Startup Cost": 10000065373.81,
                "Total Cost": 10000147212.12,
                "Plan Rows": 9129,
                "Plan Width": 0,
                "Actual Startup Time": 334.199,
                "Actual Total Time": 652.856,
                "Actual Rows": 113563,
                "Actual Loops": 1,
                "Inner Unique": false,
                "Join Filter": "(t.id = mk.movie_id)",
                "Rows Removed by Join Filter": 0,
                "Plans": [
                    {
                        "Node Type": "Hash Join",
                        "Parent Relationship": "Outer",
                        "Parallel Aware": false,
                        "Join Type": "Inner",
                        "Startup Cost": 65372.92,
                        "Total Cost": 116441.74,
                        "Plan Rows": 5102,
                        "Plan Width": 8,
                        "Actual Startup Time": 334.136,
                        "Actual Total Time": 554.852,
                        "Actual Rows": 10764,
                        "Actual Loops": 1,
                        "Output": [
                            "t.id",
                            "mi_idx.movie_id"
                        ],
                        "Inner Unique": false,
                        "Hash Cond": "(t.id = mi_idx.movie_id)",
                        "Plans": [
                            {
                                "Node Type": "Bitmap Heap Scan",
                                "Parent Relationship": "Outer",
                                "Parallel Aware": false,
                                "Relation Name": "title",
                                "Schema": "public",
                                "Alias": "t",
                                "Startup Cost": 17746.07,
                                "Total Cost": 68676.34,
                                "Plan Rows": 14003,
                                "Plan Width": 4,
                                "Actual Startup Time": 51.945,
                                "Actual Total Time": 262.774,
                                "Actual Rows": 12208,
                                "Actual Loops": 1,
                                "Output": [
                                    "t.id",
                                    "t.title",
                                    "t.imdb_index",
                                    "t.kind_id",
                                    "t.production_year",
                                    "t.imdb_id",
                                    "t.phonetic_code",
                                    "t.episode_of_id",
                                    "t.season_nr",
                                    "t.episode_nr",
                                    "t.series_years",
                                    "t.md5sum"
                                ],
                                "Recheck Cond": "(t.kind_id < 7)",
                                "Rows Removed by Index Recheck": 0,
                                "Filter": "(t.production_year = 1996)",
                                "Rows Removed by Filter": 972840,
                                "Exact Heap Blocks": 35472,
                                "Lossy Heap Blocks": 0,
                                "Plans": [
                                    {
                                        "Node Type": "Bitmap Index Scan",
                                        "Parent Relationship": "Outer",
                                        "Parallel Aware": false,
                                        "Index Name": "kind_id_title",
                                        "Startup Cost": 0.0,
                                        "Total Cost": 17742.57,
                                        "Plan Rows": 995485,
                                        "Plan Width": 0,
                                        "Actual Startup Time": 46.882,
                                        "Actual Total Time": 46.882,
                                        "Actual Rows": 985048,
                                        "Actual Loops": 1,
                                        "Index Cond": "(t.kind_id < 7)"
                                    }
                                ]
                            },
                            {
                                "Node Type": "Hash",
                                "Parent Relationship": "Inner",
                                "Parallel Aware": false,
                                "Startup Cost": 36111.04,
                                "Total Cost": 36111.04,
                                "Plan Rows": 921265,
                                "Plan Width": 4,
                                "Actual Startup Time": 278.288,
                                "Actual Total Time": 278.289,
                                "Actual Rows": 920110,
                                "Actual Loops": 1,
                                "Output": [
                                    "mi_idx.movie_id"
                                ],
                                "Hash Buckets": 1048576,
                                "Original Hash Buckets": 1048576,
                                "Hash Batches": 1,
                                "Original Hash Batches": 1,
                                "Peak Memory Usage": 40540,
                                "Plans": [
                                    {
                                        "Node Type": "Bitmap Heap Scan",
                                        "Parent Relationship": "Outer",
                                        "Parallel Aware": false,
                                        "Relation Name": "movie_info_idx",
                                        "Schema": "public",
                                        "Alias": "mi_idx",
                                        "Startup Cost": 16660.23,
                                        "Total Cost": 36111.04,
                                        "Plan Rows": 921265,
                                        "Plan Width": 4,
                                        "Actual Startup Time": 28.971,
                                        "Actual Total Time": 139.079,
                                        "Actual Rows": 920110,
                                        "Actual Loops": 1,
                                        "Output": [
                                            "mi_idx.movie_id"
                                        ],
                                        "Recheck Cond": "(mi_idx.info_type_id > 99)",
                                        "Rows Removed by Index Recheck": 0,
                                        "Exact Heap Blocks": 7935,
                                        "Lossy Heap Blocks": 0,
                                        "Plans": [
                                            {
                                                "Node Type": "Bitmap Index Scan",
                                                "Parent Relationship": "Outer",
                                                "Parallel Aware": false,
                                                "Index Name": "info_type_id_movie_info_idx",
                                                "Startup Cost": 0.0,
                                                "Total Cost": 16429.92,
                                                "Plan Rows": 921265,
                                                "Plan Width": 0,
                                                "Actual Startup Time": 28.04,
                                                "Actual Total Time": 28.04,
                                                "Actual Rows": 920110,
                                                "Actual Loops": 1,
                                                "Index Cond": "(mi_idx.info_type_id > 99)"
                                            }
                                        ]
                                    }
                                ]
                            }
                        ]
                    },
                    {
                        "Node Type": "Bitmap Heap Scan",
                        "Parent Relationship": "Inner",
                        "Parallel Aware": false,
                        "Relation Name": "movie_keyword",
                        "Schema": "public",
                        "Alias": "mk",
                        "Startup Cost": 0.88,
                        "Total Cost": 5.46,
                        "Plan Rows": 46,
                        "Plan Width": 4,
                        "Actual Startup Time": 0.006,
                        "Actual Total Time": 0.007,
                        "Actual Rows": 11,
                        "Actual Loops": 10764,
                        "Output": [
                            "mk.id",
                            "mk.movie_id",
                            "mk.keyword_id"
                        ],
                        "Recheck Cond": "(mk.movie_id = mi_idx.movie_id)",
                        "Rows Removed by Index Recheck": 0,
                        "Exact Heap Blocks": 8191,
                        "Lossy Heap Blocks": 0,
                        "Plans": [
                            {
                                "Node Type": "Bitmap Index Scan",
                                "Parent Relationship": "Outer",
                                "Parallel Aware": false,
                                "Index Name": "movie_id_movie_keyword",
                                "Startup Cost": 0.0,
                                "Total Cost": 0.87,
                                "Plan Rows": 46,
                                "Plan Width": 0,
                                "Actual Startup Time": 0.004,
                                "Actual Total Time": 0.004,
                                "Actual Rows": 11,
                                "Actual Loops": 10764,
                                "Index Cond": "(mk.movie_id = mi_idx.movie_id)"
                            }
                        ]
                    }
                ]
            }
        ]
    },
    "Planning Time": 2.07,
    "Triggers": [],
    "Execution Time": 659.192
}