[
    {
        "Bao": {
            "Bao prediction": "NaN",
            "Bao recommended hint": "(no hint)"
        }
    },
    {
        "Plan": {
            "Node Type": "Aggregate",
            "Strategy": "Plain",
            "Partial Mode": "Finalize",
            "Parallel Aware": false,
            "Startup Cost": 33009.55,
            "Total Cost": 33009.56,
            "Plan Rows": 1,
            "Plan Width": 8,
            "Actual Startup Time": 100.854,
            "Actual Total Time": 107.015,
            "Actual Rows": 1,
            "Actual Loops": 1,
            "Output": [
                "count(*)"
            ],
            "Plans": [
                {
                    "Node Type": "Gather",
                    "Parent Relationship": "Outer",
                    "Parallel Aware": false,
                    "Startup Cost": 33009.23,
                    "Total Cost": 33009.54,
                    "Plan Rows": 3,
                    "Plan Width": 8,
                    "Actual Startup Time": 100.716,
                    "Actual Total Time": 107.009,
                    "Actual Rows": 4,
                    "Actual Loops": 1,
                    "Output": [
                        "(PARTIAL count(*))"
                    ],
                    "Workers Planned": 3,
                    "Workers Launched": 3,
                    "Single Copy": false,
                    "Plans": [
                        {
                            "Node Type": "Aggregate",
                            "Strategy": "Plain",
                            "Partial Mode": "Partial",
                            "Parent Relationship": "Outer",
                            "Parallel Aware": false,
                            "Startup Cost": 32009.23,
                            "Total Cost": 32009.24,
                            "Plan Rows": 1,
                            "Plan Width": 8,
                            "Actual Startup Time": 92.556,
                            "Actual Total Time": 92.557,
                            "Actual Rows": 1,
                            "Actual Loops": 4,
                            "Output": [
                                "PARTIAL count(*)"
                            ],
                            "Workers": [
                                {
                                    "Worker Number": 0,
                                    "Actual Startup Time": 89.809,
                                    "Actual Total Time": 89.81,
                                    "Actual Rows": 1,
                                    "Actual Loops": 1
                                },
                                {
                                    "Worker Number": 1,
                                    "Actual Startup Time": 90.044,
                                    "Actual Total Time": 90.046,
                                    "Actual Rows": 1,
                                    "Actual Loops": 1
                                },
                                {
                                    "Worker Number": 2,
                                    "Actual Startup Time": 89.921,
                                    "Actual Total Time": 89.922,
                                    "Actual Rows": 1,
                                    "Actual Loops": 1
                                }
                            ],
                            "Plans": [
                                {
                                    "Node Type": "Seq Scan",
                                    "Parent Relationship": "Outer",
                                    "Parallel Aware": true,
                                    "Relation Name": "movie_companies",
                                    "Schema": "public",
                                    "Alias": "mc",
                                    "Startup Cost": 0.0,
                                    "Total Cost": 31414.82,
                                    "Plan Rows": 237765,
                                    "Plan Width": 0,
                                    "Actual Startup Time": 45.549,
                                    "Actual Total Time": 85.91,
                                    "Actual Rows": 114876,
                                    "Actual Loops": 4,
                                    "Output": [
                                        "id",
                                        "movie_id",
                                        "company_id",
                                        "company_type_id",
                                        "note"
                                    ],
                                    "Filter": "((mc.company_id < 12790) AND (mc.company_type_id > 1))",
                                    "Rows Removed by Filter": 537406,
                                    "Workers": [
                                        {
                                            "Worker Number": 0,
                                            "Actual Startup Time": 42.799,
                                            "Actual Total Time": 83.12,
                                            "Actual Rows": 98824,
                                            "Actual Loops": 1
                                        },
                                        {
                                            "Worker Number": 1,
                                            "Actual Startup Time": 43.036,
                                            "Actual Total Time": 83.472,
                                            "Actual Rows": 97039,
                                            "Actual Loops": 1
                                        },
                                        {
                                            "Worker Number": 2,
                                            "Actual Startup Time": 42.924,
                                            "Actual Total Time": 83.543,
                                            "Actual Rows": 84148,
                                            "Actual Loops": 1
                                        }
                                    ]
                                }
                            ]
                        }
                    ]
                }
            ]
        },
        "Planning Time": 184.437,
        "Triggers": [],
        "Execution Time": 107.055
    }
]