{
  "Plan": {
    "Node Type": "Aggregate",
    "Strategy": "Plain",
    "Partial Mode": "Finalize",
    "Parallel Aware": false,
    "Startup Cost": 429556.14,
    "Total Cost": 429556.15,
    "Plan Rows": 1,
    "Plan Width": 8,
    "Actual Startup Time": 2660.088,
    "Actual Total Time": 2709.315,
    "Actual Rows": 1,
    "Actual Loops": 1,
    "Plans": [
      {
        "Node Type": "Gather",
        "Parent Relationship": "Outer",
        "Parallel Aware": false,
        "Startup Cost": 429556.03,
        "Total Cost": 429556.14,
        "Plan Rows": 1,
        "Plan Width": 8,
        "Actual Startup Time": 2656.971,
        "Actual Total Time": 2709.305,
        "Actual Rows": 2,
        "Actual Loops": 1,
        "Workers Planned": 1,
        "Workers Launched": 1,
        "Single Copy": false,
        "Plans": [
          {
            "Node Type": "Aggregate",
            "Strategy": "Plain",
            "Partial Mode": "Partial",
            "Parent Relationship": "Outer",
            "Parallel Aware": false,
            "Startup Cost": 428556.03,
            "Total Cost": 428556.04,
            "Plan Rows": 1,
            "Plan Width": 8,
            "Actual Startup Time": 2650.873,
            "Actual Total Time": 2650.88,
            "Actual Rows": 1,
            "Actual Loops": 2,
            "Plans": [
              {
                "Node Type": "Hash Join",
                "Parent Relationship": "Outer",
                "Parallel Aware": true,
                "Join Type": "Inner",
                "Startup Cost": 130222.87,
                "Total Cost": 423555.53,
                "Plan Rows": 2000200,
                "Plan Width": 0,
                "Actual Startup Time": 633.796,
                "Actual Total Time": 2526.055,
                "Actual Rows": 2572942,
                "Actual Loops": 2,
                "Inner Unique": false,
                "Hash Cond": "(mi.movie_id = t.id)",
                "Plans": [
                  {
                    "Node Type": "Seq Scan",
                    "Parent Relationship": "Outer",
                    "Parallel Aware": true,
                    "Relation Name": "movie_info",
                    "Alias": "mi",
                    "Startup Cost": 0.0,
                    "Total Cost": 248955.74,
                    "Plan Rows": 8696274,
                    "Plan Width": 4,
                    "Actual Startup Time": 0.016,
                    "Actual Total Time": 716.16,
                    "Actual Rows": 7417860,
                    "Actual Loops": 2
                  },
                  {
                    "Node Type": "Hash",
                    "Parent Relationship": "Inner",
                    "Parallel Aware": true,
                    "Startup Cost": 125946.96,
                    "Total Cost": 125946.96,
                    "Plan Rows": 342073,
                    "Plan Width": 8,
                    "Actual Startup Time": 623.44,
                    "Actual Total Time": 623.445,
                    "Actual Rows": 167628,
                    "Actual Loops": 2,
                    "Hash Buckets": 1048576,
                    "Original Hash Buckets": 1048576,
                    "Hash Batches": 1,
                    "Original Hash Batches": 1,
                    "Peak Memory Usage": 21344,
                    "Plans": [
                      {
                        "Node Type": "Hash Join",
                        "Parent Relationship": "Outer",
                        "Parallel Aware": true,
                        "Join Type": "Inner",
                        "Startup Cost": 66081.86,
                        "Total Cost": 125946.96,
                        "Plan Rows": 342073,
                        "Plan Width": 8,
                        "Actual Startup Time": 318.566,
                        "Actual Total Time": 584.276,
                        "Actual Rows": 167628,
                        "Actual Loops": 2,
                        "Inner Unique": true,
                        "Hash Cond": "(mk.movie_id = t.id)",
                        "Plans": [
                          {
                            "Node Type": "Seq Scan",
                            "Parent Relationship": "Outer",
                            "Parallel Aware": true,
                            "Relation Name": "movie_keyword",
                            "Alias": "mk",
                            "Startup Cost": 0.0,
                            "Total Cost": 57718.19,
                            "Plan Rows": 817872,
                            "Plan Width": 4,
                            "Actual Startup Time": 1.285,
                            "Actual Total Time": 169.468,
                            "Actual Rows": 697274,
                            "Actual Loops": 2,
                            "Filter": "(keyword_id > 12012)",
                            "Rows Removed by Filter": 1564691
                          },
                          {
                            "Node Type": "Hash",
                            "Parent Relationship": "Inner",
                            "Parallel Aware": true,
                            "Startup Cost": 58306.47,
                            "Total Cost": 58306.47,
                            "Plan Rows": 622031,
                            "Plan Width": 4,
                            "Actual Startup Time": 308.027,
                            "Actual Total Time": 308.029,
                            "Actual Rows": 501634,
                            "Actual Loops": 2,
                            "Hash Buckets": 2097152,
                            "Original Hash Buckets": 2097152,
                            "Hash Batches": 1,
                            "Original Hash Batches": 1,
                            "Peak Memory Usage": 55648,
                            "Plans": [
                              {
                                "Node Type": "Seq Scan",
                                "Parent Relationship": "Outer",
                                "Parallel Aware": true,
                                "Relation Name": "title",
                                "Alias": "t",
                                "Startup Cost": 0.0,
                                "Total Cost": 58306.47,
                                "Plan Rows": 622031,
                                "Plan Width": 4,
                                "Actual Startup Time": 0.048,
                                "Actual Total Time": 162.365,
                                "Actual Rows": 501634,
                                "Actual Loops": 2,
                                "Filter": "((kind_id > 1) AND (production_year < 2006))",
                                "Rows Removed by Filter": 762522
                              }
                            ]
                          }
                        ]
                      }
                    ]
                  }
                ]
              }
            ]
          }
        ]
      }
    ]
  },
  "Planning Time": 1.052,
  "Triggers": [],
  "Execution Time": 2709.413
}