[
  {
    "Plan": {
      "Node Type": "Aggregate",
      "Strategy": "Plain",
      "Partial Mode": "Finalize",
      "Parallel Aware": false,
      "Startup Cost": 24870.47,
      "Total Cost": 24870.48,
      "Plan Rows": 1,
      "Plan Width": 8,
      "Actual Startup Time": 43.72,
      "Actual Total Time": 47.716,
      "Actual Rows": 1,
      "Actual Loops": 1,
      "Plans": [
        {
          "Node Type": "Gather",
          "Parent Relationship": "Outer",
          "Parallel Aware": false,
          "Startup Cost": 24870.15,
          "Total Cost": 24870.46,
          "Plan Rows": 3,
          "Plan Width": 8,
          "Actual Startup Time": 43.533,
          "Actual Total Time": 47.708,
          "Actual Rows": 4,
          "Actual Loops": 1,
          "Workers Planned": 3,
          "Workers Launched": 3,
          "Single Copy": false,
          "Plans": [
            {
              "Node Type": "Aggregate",
              "Strategy": "Plain",
              "Partial Mode": "Partial",
              "Parent Relationship": "Outer",
              "Parallel Aware": false,
              "Startup Cost": 23870.15,
              "Total Cost": 23870.16,
              "Plan Rows": 1,
              "Plan Width": 8,
              "Actual Startup Time": 39.887,
              "Actual Total Time": 39.889,
              "Actual Rows": 1,
              "Actual Loops": 4,
              "Plans": [
                {
                  "Node Type": "Bitmap Heap Scan",
                  "Parent Relationship": "Outer",
                  "Parallel Aware": true,
                  "Relation Name": "movie_companies",
                  "Alias": "mc",
                  "Startup Cost": 4153.16,
                  "Total Cost": 23715.65,
                  "Plan Rows": 61799,
                  "Plan Width": 0,
                  "Actual Startup Time": 14.516,
                  "Actual Total Time": 36.094,
                  "Actual Rows": 46984,
                  "Actual Loops": 4,
                  "Recheck Cond": "(company_id > 117407)",
                  "Rows Removed by Index Recheck": 0,
                  "Exact Heap Blocks": 1714,
                  "Lossy Heap Blocks": 0,
                  "Plans": [
                    {
                      "Node Type": "Bitmap Index Scan",
                      "Parent Relationship": "Outer",
                      "Parallel Aware": false,
                      "Index Name": "company_id_movie_companies",
                      "Startup Cost": 0.0,
                      "Total Cost": 4105.27,
                      "Plan Rows": 191578,
                      "Plan Width": 0,
                      "Actual Startup Time": 16.504,
                      "Actual Total Time": 16.504,
                      "Actual Rows": 187938,
                      "Actual Loops": 1,
                      "Index Cond": "(company_id > 117407)"
                    }
                  ]
                }
              ]
            }
          ]
        }
      ]
    },
    "Planning Time": 0.129,
    "Triggers": [],
    "Execution Time": 47.766
  }
]