[
  {
    "Plan": {
      "Node Type": "Aggregate",
      "Strategy": "Plain",
      "Partial Mode": "Finalize",
      "Parallel Aware": false,
      "Startup Cost": 45315.98,
      "Total Cost": 45315.99,
      "Plan Rows": 1,
      "Plan Width": 8,
      "Actual Startup Time": 182.844,
      "Actual Total Time": 190.619,
      "Actual Rows": 1,
      "Actual Loops": 1,
      "Plans": [
        {
          "Node Type": "Gather",
          "Parent Relationship": "Outer",
          "Parallel Aware": false,
          "Startup Cost": 45315.67,
          "Total Cost": 45315.98,
          "Plan Rows": 3,
          "Plan Width": 8,
          "Actual Startup Time": 182.709,
          "Actual Total Time": 190.611,
          "Actual Rows": 4,
          "Actual Loops": 1,
          "Workers Planned": 3,
          "Workers Launched": 3,
          "Single Copy": false,
          "Plans": [
            {
              "Node Type": "Aggregate",
              "Strategy": "Plain",
              "Partial Mode": "Partial",
              "Parent Relationship": "Outer",
              "Parallel Aware": false,
              "Startup Cost": 44315.67,
              "Total Cost": 44315.68,
              "Plan Rows": 1,
              "Plan Width": 8,
              "Actual Startup Time": 174.804,
              "Actual Total Time": 174.805,
              "Actual Rows": 1,
              "Actual Loops": 4,
              "Plans": [
                {
                  "Node Type": "Seq Scan",
                  "Parent Relationship": "Outer",
                  "Parallel Aware": true,
                  "Relation Name": "movie_keyword",
                  "Alias": "mk",
                  "Startup Cost": 0.0,
                  "Total Cost": 42695.65,
                  "Plan Rows": 648005,
                  "Plan Width": 0,
                  "Actual Startup Time": 0.957,
                  "Actual Total Time": 143.446,
                  "Actual Rows": 502349,
                  "Actual Loops": 4,
                  "Filter": "(keyword_id > 6225)",
                  "Rows Removed by Filter": 628634
                }
              ]
            }
          ]
        }
      ]
    },
    "Planning Time": 0.157,
    "Triggers": [],
    "Execution Time": 190.671
  }
]