{
  "Plan": {
    "Node Type": "Aggregate",
    "Strategy": "Plain",
    "Partial Mode": "Finalize",
    "Parallel Aware": false,
    "Startup Cost": 126808.83,
    "Total Cost": 126808.84,
    "Plan Rows": 1,
    "Plan Width": 8,
    "Actual Startup Time": 666.934,
    "Actual Total Time": 683.422,
    "Actual Rows": 1,
    "Actual Loops": 1,
    "Plans": [
      {
        "Node Type": "Gather",
        "Parent Relationship": "Outer",
        "Parallel Aware": false,
        "Startup Cost": 126808.71,
        "Total Cost": 126808.82,
        "Plan Rows": 1,
        "Plan Width": 8,
        "Actual Startup Time": 665.464,
        "Actual Total Time": 683.415,
        "Actual Rows": 2,
        "Actual Loops": 1,
        "Workers Planned": 1,
        "Workers Launched": 1,
        "Single Copy": false,
        "Plans": [
          {
            "Node Type": "Aggregate",
            "Strategy": "Plain",
            "Partial Mode": "Partial",
            "Parent Relationship": "Outer",
            "Parallel Aware": false,
            "Startup Cost": 125808.71,
            "Total Cost": 125808.72,
            "Plan Rows": 1,
            "Plan Width": 8,
            "Actual Startup Time": 659.302,
            "Actual Total Time": 659.306,
            "Actual Rows": 1,
            "Actual Loops": 2,
            "Plans": [
              {
                "Node Type": "Hash Join",
                "Parent Relationship": "Outer",
                "Parallel Aware": true,
                "Join Type": "Inner",
                "Startup Cost": 61136.71,
                "Total Cost": 124417.63,
                "Plan Rows": 556434,
                "Plan Width": 0,
                "Actual Startup Time": 225.969,
                "Actual Total Time": 620.765,
                "Actual Rows": 943168,
                "Actual Loops": 2,
                "Inner Unique": true,
                "Hash Cond": "(mk.movie_id = t.id)",
                "Plans": [
                  {
                    "Node Type": "Seq Scan",
                    "Parent Relationship": "Outer",
                    "Parallel Aware": true,
                    "Relation Name": "movie_keyword",
                    "Alias": "mk",
                    "Startup Cost": 0.0,
                    "Total Cost": 57718.19,
                    "Plan Rows": 2119130,
                    "Plan Width": 4,
                    "Actual Startup Time": 0.061,
                    "Actual Total Time": 195.036,
                    "Actual Rows": 1796646,
                    "Actual Loops": 2,
                    "Filter": "(keyword_id > 870)",
                    "Rows Removed by Filter": 465320
                  },
                  {
                    "Node Type": "Hash",
                    "Parent Relationship": "Inner",
                    "Parallel Aware": true,
                    "Startup Cost": 56255.31,
                    "Total Cost": 56255.31,
                    "Plan Rows": 390512,
                    "Plan Width": 4,
                    "Actual Startup Time": 216.531,
                    "Actual Total Time": 216.532,
                    "Actual Rows": 277342,
                    "Actual Loops": 2,
                    "Hash Buckets": 1048576,
                    "Original Hash Buckets": 1048576,
                    "Hash Batches": 1,
                    "Original Hash Batches": 1,
                    "Peak Memory Usage": 29920,
                    "Plans": [
                      {
                        "Node Type": "Bitmap Heap Scan",
                        "Parent Relationship": "Outer",
                        "Parallel Aware": true,
                        "Relation Name": "title",
                        "Alias": "t",
                        "Startup Cost": 13604.93,
                        "Total Cost": 56255.31,
                        "Plan Rows": 390512,
                        "Plan Width": 4,
                        "Actual Startup Time": 44.488,
                        "Actual Total Time": 148.002,
                        "Actual Rows": 277342,
                        "Actual Loops": 2,
                        "Recheck Cond": "(kind_id < 3)",
                        "Rows Removed by Index Recheck": 0,
                        "Filter": "(production_year > 1959)",
                        "Rows Removed by Filter": 99496,
                        "Exact Heap Blocks": 24963,
                        "Lossy Heap Blocks": 0,
                        "Plans": [
                          {
                            "Node Type": "Bitmap Index Scan",
                            "Parent Relationship": "Outer",
                            "Parallel Aware": false,
                            "Index Name": "kind_id_title",
                            "Startup Cost": 0.0,
                            "Total Cost": 13438.96,
                            "Plan Rows": 753937,
                            "Plan Width": 0,
                            "Actual Startup Time": 38.847,
                            "Actual Total Time": 38.848,
                            "Actual Rows": 753677,
                            "Actual Loops": 1,
                            "Index Cond": "(kind_id < 3)"
                          }
                        ]
                      }
                    ]
                  }
                ]
              }
            ]
          }
        ]
      }
    ]
  },
  "Planning Time": 0.701,
  "Triggers": [],
  "Execution Time": 683.512
}