{
  "Plan": {
    "Node Type": "Aggregate",
    "Strategy": "Plain",
    "Partial Mode": "Finalize",
    "Parallel Aware": false,
    "Startup Cost": 150874.38,
    "Total Cost": 150874.39,
    "Plan Rows": 1,
    "Plan Width": 8,
    "Actual Startup Time": 200.371,
    "Actual Total Time": 214.981,
    "Actual Rows": 1,
    "Actual Loops": 1,
    "Plans": [
      {
        "Node Type": "Gather",
        "Parent Relationship": "Outer",
        "Parallel Aware": false,
        "Startup Cost": 150874.26,
        "Total Cost": 150874.37,
        "Plan Rows": 1,
        "Plan Width": 8,
        "Actual Startup Time": 200.003,
        "Actual Total Time": 214.976,
        "Actual Rows": 2,
        "Actual Loops": 1,
        "Workers Planned": 1,
        "Workers Launched": 1,
        "Single Copy": false,
        "Plans": [
          {
            "Node Type": "Aggregate",
            "Strategy": "Plain",
            "Partial Mode": "Partial",
            "Parent Relationship": "Outer",
            "Parallel Aware": false,
            "Startup Cost": 149874.26,
            "Total Cost": 149874.27,
            "Plan Rows": 1,
            "Plan Width": 8,
            "Actual Startup Time": 193.912,
            "Actual Total Time": 193.916,
            "Actual Rows": 1,
            "Actual Loops": 2,
            "Plans": [
              {
                "Node Type": "Hash Join",
                "Parent Relationship": "Outer",
                "Parallel Aware": true,
                "Join Type": "Inner",
                "Startup Cost": 59560.41,
                "Total Cost": 149872.57,
                "Plan Rows": 676,
                "Plan Width": 0,
                "Actual Startup Time": 188.713,
                "Actual Total Time": 193.901,
                "Actual Rows": 78,
                "Actual Loops": 2,
                "Inner Unique": true,
                "Hash Cond": "(mi.movie_id = t.id)",
                "Plans": [
                  {
                    "Node Type": "Bitmap Heap Scan",
                    "Parent Relationship": "Outer",
                    "Parallel Aware": true,
                    "Relation Name": "movie_info",
                    "Alias": "mi",
                    "Startup Cost": 698.33,
                    "Total Cost": 90951.14,
                    "Plan Rows": 22611,
                    "Plan Width": 4,
                    "Actual Startup Time": 4.917,
                    "Actual Total Time": 15.312,
                    "Actual Rows": 18492,
                    "Actual Loops": 2,
                    "Recheck Cond": "(info_type_id = 104)",
                    "Rows Removed by Index Recheck": 0,
                    "Exact Heap Blocks": 3459,
                    "Lossy Heap Blocks": 0,
                    "Plans": [
                      {
                        "Node Type": "Bitmap Index Scan",
                        "Parent Relationship": "Outer",
                        "Parallel Aware": false,
                        "Index Name": "info_type_id_movie_info",
                        "Startup Cost": 0.0,
                        "Total Cost": 688.72,
                        "Plan Rows": 38438,
                        "Plan Width": 0,
                        "Actual Startup Time": 3.895,
                        "Actual Total Time": 3.895,
                        "Actual Rows": 36985,
                        "Actual Loops": 1,
                        "Index Cond": "(info_type_id = 104)"
                      }
                    ]
                  },
                  {
                    "Node Type": "Hash",
                    "Parent Relationship": "Inner",
                    "Parallel Aware": true,
                    "Startup Cost": 58306.47,
                    "Total Cost": 58306.47,
                    "Plan Rows": 44449,
                    "Plan Width": 4,
                    "Actual Startup Time": 171.412,
                    "Actual Total Time": 171.412,
                    "Actual Rows": 42038,
                    "Actual Loops": 2,
                    "Hash Buckets": 131072,
                    "Original Hash Buckets": 131072,
                    "Hash Batches": 1,
                    "Original Hash Batches": 1,
                    "Peak Memory Usage": 4352,
                    "Plans": [
                      {
                        "Node Type": "Seq Scan",
                        "Parent Relationship": "Outer",
                        "Parallel Aware": true,
                        "Relation Name": "title",
                        "Alias": "t",
                        "Startup Cost": 0.0,
                        "Total Cost": 58306.47,
                        "Plan Rows": 44449,
                        "Plan Width": 4,
                        "Actual Startup Time": 0.047,
                        "Actual Total Time": 158.743,
                        "Actual Rows": 42038,
                        "Actual Loops": 2,
                        "Filter": "((kind_id = 7) AND (production_year = 2007))",
                        "Rows Removed by Filter": 1222118
                      }
                    ]
                  }
                ]
              }
            ]
          }
        ]
      }
    ]
  },
  "Planning Time": 0.553,
  "Triggers": [],
  "Execution Time": 215.078
}