[
  {
    "Plan": {
      "Node Type": "Aggregate",
      "Strategy": "Plain",
      "Partial Mode": "Finalize",
      "Parallel Aware": false,
      "Startup Cost": 47309.87,
      "Total Cost": 47309.88,
      "Plan Rows": 1,
      "Plan Width": 8,
      "Actual Startup Time": 176.046,
      "Actual Total Time": 185.734,
      "Actual Rows": 1,
      "Actual Loops": 1,
      "Plans": [
        {
          "Node Type": "Gather",
          "Parent Relationship": "Outer",
          "Parallel Aware": false,
          "Startup Cost": 47309.55,
          "Total Cost": 47309.86,
          "Plan Rows": 3,
          "Plan Width": 8,
          "Actual Startup Time": 175.958,
          "Actual Total Time": 185.727,
          "Actual Rows": 4,
          "Actual Loops": 1,
          "Workers Planned": 3,
          "Workers Launched": 3,
          "Single Copy": false,
          "Plans": [
            {
              "Node Type": "Aggregate",
              "Strategy": "Plain",
              "Partial Mode": "Partial",
              "Parent Relationship": "Outer",
              "Parallel Aware": false,
              "Startup Cost": 46309.55,
              "Total Cost": 46309.56,
              "Plan Rows": 1,
              "Plan Width": 8,
              "Actual Startup Time": 169.651,
              "Actual Total Time": 169.652,
              "Actual Rows": 1,
              "Actual Loops": 4,
              "Plans": [
                {
                  "Node Type": "Seq Scan",
                  "Parent Relationship": "Outer",
                  "Parallel Aware": true,
                  "Relation Name": "movie_keyword",
                  "Alias": "mk",
                  "Startup Cost": 0.0,
                  "Total Cost": 42695.65,
                  "Plan Rows": 1445559,
                  "Plan Width": 0,
                  "Actual Startup Time": 0.045,
                  "Actual Total Time": 121.545,
                  "Actual Rows": 1120357,
                  "Actual Loops": 4,
                  "Filter": "(keyword_id < 103338)",
                  "Rows Removed by Filter": 10625
                }
              ]
            }
          ]
        }
      ]
    },
    "Planning Time": 0.288,
    "Triggers": [],
    "Execution Time": 185.791
  }
]