[
  {
    "Plan": {
      "Node Type": "Aggregate",
      "Strategy": "Plain",
      "Partial Mode": "Finalize",
      "Parallel Aware": false,
      "Startup Cost": 79472.17,
      "Total Cost": 79472.18,
      "Plan Rows": 1,
      "Plan Width": 8,
      "Actual Startup Time": 201.732,
      "Actual Total Time": 218.978,
      "Actual Rows": 1,
      "Actual Loops": 1,
      "Plans": [
        {
          "Node Type": "Gather",
          "Parent Relationship": "Outer",
          "Parallel Aware": false,
          "Startup Cost": 79471.85,
          "Total Cost": 79472.16,
          "Plan Rows": 3,
          "Plan Width": 8,
          "Actual Startup Time": 200.812,
          "Actual Total Time": 218.97,
          "Actual Rows": 4,
          "Actual Loops": 1,
          "Workers Planned": 3,
          "Workers Launched": 3,
          "Single Copy": false,
          "Plans": [
            {
              "Node Type": "Aggregate",
              "Strategy": "Plain",
              "Partial Mode": "Partial",
              "Parent Relationship": "Outer",
              "Parallel Aware": false,
              "Startup Cost": 78471.85,
              "Total Cost": 78471.86,
              "Plan Rows": 1,
              "Plan Width": 8,
              "Actual Startup Time": 191.929,
              "Actual Total Time": 191.934,
              "Actual Rows": 1,
              "Actual Loops": 4,
              "Plans": [
                {
                  "Node Type": "Hash Join",
                  "Parent Relationship": "Outer",
                  "Parallel Aware": true,
                  "Join Type": "Inner",
                  "Startup Cost": 52185.39,
                  "Total Cost": 78457.31,
                  "Plan Rows": 5817,
                  "Plan Width": 0,
                  "Actual Startup Time": 129.487,
                  "Actual Total Time": 191.619,
                  "Actual Rows": 4092,
                  "Actual Loops": 4,
                  "Inner Unique": true,
                  "Hash Cond": "(mk.movie_id = t.id)",
                  "Plans": [
                    {
                      "Node Type": "Bitmap Heap Scan",
                      "Parent Relationship": "Outer",
                      "Parallel Aware": true,
                      "Relation Name": "movie_keyword",
                      "Alias": "mk",
                      "Startup Cost": 7904.07,
                      "Total Cost": 33860.49,
                      "Plan Rows": 120193,
                      "Plan Width": 4,
                      "Actual Startup Time": 22.941,
                      "Actual Total Time": 70.855,
                      "Actual Rows": 89692,
                      "Actual Loops": 4,
                      "Recheck Cond": "(keyword_id > 46562)",
                      "Rows Removed by Index Recheck": 0,
                      "Exact Heap Blocks": 8217,
                      "Lossy Heap Blocks": 0,
                      "Plans": [
                        {
                          "Node Type": "Bitmap Index Scan",
                          "Parent Relationship": "Outer",
                          "Parallel Aware": false,
                          "Index Name": "keyword_id_movie_keyword",
                          "Startup Cost": 0.0,
                          "Total Cost": 7810.93,
                          "Plan Rows": 372599,
                          "Plan Width": 0,
                          "Actual Startup Time": 19.595,
                          "Actual Total Time": 19.596,
                          "Actual Rows": 358770,
                          "Actual Loops": 1,
                          "Index Cond": "(keyword_id > 46562)"
                        }
                      ]
                    },
                    {
                      "Node Type": "Hash",
                      "Parent Relationship": "Inner",
                      "Parallel Aware": true,
                      "Startup Cost": 43898.92,
                      "Total Cost": 43898.92,
                      "Plan Rows": 30592,
                      "Plan Width": 4,
                      "Actual Startup Time": 104.504,
                      "Actual Total Time": 104.506,
                      "Actual Rows": 30715,
                      "Actual Loops": 4,
                      "Hash Buckets": 131072,
                      "Original Hash Buckets": 131072,
                      "Hash Batches": 1,
                      "Original Hash Batches": 1,
                      "Peak Memory Usage": 5888,
                      "Plans": [
                        {
                          "Node Type": "Seq Scan",
                          "Parent Relationship": "Outer",
                          "Parallel Aware": true,
                          "Relation Name": "title",
                          "Alias": "t",
                          "Startup Cost": 0.0,
                          "Total Cost": 43898.92,
                          "Plan Rows": 30592,
                          "Plan Width": 4,
                          "Actual Startup Time": 0.041,
                          "Actual Total Time": 93.398,
                          "Actual Rows": 30715,
                          "Actual Loops": 4,
                          "Filter": "(production_year = 2008)",
                          "Rows Removed by Filter": 601363
                        }
                      ]
                    }
                  ]
                }
              ]
            }
          ]
        }
      ]
    },
    "Planning Time": 0.661,
    "Triggers": [],
    "Execution Time": 219.07
  }
]