[
  {
    "Plan": {
      "Node Type": "Aggregate",
      "Strategy": "Plain",
      "Partial Mode": "Finalize",
      "Parallel Aware": false,
      "Startup Cost": 338370.1,
      "Total Cost": 338370.11,
      "Plan Rows": 1,
      "Plan Width": 8,
      "Actual Startup Time": 814.431,
      "Actual Total Time": 871.621,
      "Actual Rows": 1,
      "Actual Loops": 1,
      "Plans": [
        {
          "Node Type": "Gather",
          "Parent Relationship": "Outer",
          "Parallel Aware": false,
          "Startup Cost": 338369.48,
          "Total Cost": 338370.09,
          "Plan Rows": 6,
          "Plan Width": 8,
          "Actual Startup Time": 814.29,
          "Actual Total Time": 871.61,
          "Actual Rows": 7,
          "Actual Loops": 1,
          "Workers Planned": 6,
          "Workers Launched": 6,
          "Single Copy": false,
          "Plans": [
            {
              "Node Type": "Aggregate",
              "Strategy": "Plain",
              "Partial Mode": "Partial",
              "Parent Relationship": "Outer",
              "Parallel Aware": false,
              "Startup Cost": 337369.48,
              "Total Cost": 337369.49,
              "Plan Rows": 1,
              "Plan Width": 8,
              "Actual Startup Time": 805.278,
              "Actual Total Time": 805.279,
              "Actual Rows": 1,
              "Actual Loops": 7,
              "Plans": [
                {
                  "Node Type": "Seq Scan",
                  "Parent Relationship": "Outer",
                  "Parallel Aware": true,
                  "Relation Name": "cast_info",
                  "Alias": "ci",
                  "Startup Cost": 0.0,
                  "Total Cost": 328162.03,
                  "Plan Rows": 3682980,
                  "Plan Width": 0,
                  "Actual Startup Time": 0.051,
                  "Actual Total Time": 652.175,
                  "Actual Rows": 3164081,
                  "Actual Loops": 7,
                  "Filter": "(person_id < 2256122)",
                  "Rows Removed by Filter": 2013682
                }
              ]
            }
          ]
        }
      ]
    },
    "Planning Time": 0.202,
    "Triggers": [],
    "Execution Time": 871.695
  }
]