[
    {
        "Bao": {
            "Bao prediction": "NaN",
            "Bao recommended hint": "(no hint)"
        }
    },
    {
        "Plan": {
            "Node Type": "Aggregate",
            "Strategy": "Plain",
            "Partial Mode": "Finalize",
            "Parallel Aware": false,
            "Startup Cost": 43738.75,
            "Total Cost": 43738.76,
            "Plan Rows": 1,
            "Plan Width": 8,
            "Actual Startup Time": 149.027,
            "Actual Total Time": 154.585,
            "Actual Rows": 1,
            "Actual Loops": 1,
            "Output": [
                "count(*)"
            ],
            "Plans": [
                {
                    "Node Type": "Gather",
                    "Parent Relationship": "Outer",
                    "Parallel Aware": false,
                    "Startup Cost": 43738.44,
                    "Total Cost": 43738.75,
                    "Plan Rows": 3,
                    "Plan Width": 8,
                    "Actual Startup Time": 148.764,
                    "Actual Total Time": 154.576,
                    "Actual Rows": 4,
                    "Actual Loops": 1,
                    "Output": [
                        "(PARTIAL count(*))"
                    ],
                    "Workers Planned": 3,
                    "Workers Launched": 3,
                    "Single Copy": false,
                    "Plans": [
                        {
                            "Node Type": "Aggregate",
                            "Strategy": "Plain",
                            "Partial Mode": "Partial",
                            "Parent Relationship": "Outer",
                            "Parallel Aware": false,
                            "Startup Cost": 42738.44,
                            "Total Cost": 42738.45,
                            "Plan Rows": 1,
                            "Plan Width": 8,
                            "Actual Startup Time": 140.304,
                            "Actual Total Time": 140.306,
                            "Actual Rows": 1,
                            "Actual Loops": 4,
                            "Output": [
                                "PARTIAL count(*)"
                            ],
                            "Workers": [
                                {
                                    "Worker Number": 0,
                                    "Actual Startup Time": 137.273,
                                    "Actual Total Time": 137.275,
                                    "Actual Rows": 1,
                                    "Actual Loops": 1
                                },
                                {
                                    "Worker Number": 1,
                                    "Actual Startup Time": 137.664,
                                    "Actual Total Time": 137.666,
                                    "Actual Rows": 1,
                                    "Actual Loops": 1
                                },
                                {
                                    "Worker Number": 2,
                                    "Actual Startup Time": 137.795,
                                    "Actual Total Time": 137.797,
                                    "Actual Rows": 1,
                                    "Actual Loops": 1
                                }
                            ],
                            "Plans": [
                                {
                                    "Node Type": "Bitmap Heap Scan",
                                    "Parent Relationship": "Outer",
                                    "Parallel Aware": true,
                                    "Relation Name": "movie_keyword",
                                    "Schema": "public",
                                    "Alias": "mk",
                                    "Startup Cost": 14888.15,
                                    "Total Cost": 42172.39,
                                    "Plan Rows": 226419,
                                    "Plan Width": 0,
                                    "Actual Startup Time": 54.73,
                                    "Actual Total Time": 131.029,
                                    "Actual Rows": 172120,
                                    "Actual Loops": 4,
                                    "Recheck Cond": "(mk.keyword_id > 27349)",
                                    "Rows Removed by Index Recheck": 0,
                                    "Exact Heap Blocks": 9939,
                                    "Lossy Heap Blocks": 0,
                                    "Workers": [
                                        {
                                            "Worker Number": 0,
                                            "Actual Startup Time": 52.063,
                                            "Actual Total Time": 128.996,
                                            "Actual Rows": 131301,
                                            "Actual Loops": 1
                                        },
                                        {
                                            "Worker Number": 1,
                                            "Actual Startup Time": 52.099,
                                            "Actual Total Time": 129.276,
                                            "Actual Rows": 132033,
                                            "Actual Loops": 1
                                        },
                                        {
                                            "Worker Number": 2,
                                            "Actual Startup Time": 52.359,
                                            "Actual Total Time": 129.353,
                                            "Actual Rows": 132794,
                                            "Actual Loops": 1
                                        }
                                    ],
                                    "Plans": [
                                        {
                                            "Node Type": "Bitmap Index Scan",
                                            "Parent Relationship": "Outer",
                                            "Parallel Aware": false,
                                            "Index Name": "keyword_id_movie_keyword",
                                            "Startup Cost": 0.0,
                                            "Total Cost": 14712.68,
                                            "Plan Rows": 701899,
                                            "Plan Width": 0,
                                            "Actual Startup Time": 58.978,
                                            "Actual Total Time": 58.978,
                                            "Actual Rows": 688480,
                                            "Actual Loops": 1,
                                            "Index Cond": "(mk.keyword_id > 27349)"
                                        }
                                    ]
                                }
                            ]
                        }
                    ]
                }
            ]
        },
        "Planning Time": 183.308,
        "Triggers": [],
        "Execution Time": 154.644
    }
]