{
  "Plan": {
    "Node Type": "Aggregate",
    "Strategy": "Plain",
    "Partial Mode": "Finalize",
    "Parallel Aware": false,
    "Startup Cost": 405754.1,
    "Total Cost": 405754.11,
    "Plan Rows": 1,
    "Plan Width": 8,
    "Actual Startup Time": 2194.474,
    "Actual Total Time": 2220.32,
    "Actual Rows": 1,
    "Actual Loops": 1,
    "Plans": [
      {
        "Node Type": "Gather",
        "Parent Relationship": "Outer",
        "Parallel Aware": false,
        "Startup Cost": 405753.99,
        "Total Cost": 405754.1,
        "Plan Rows": 1,
        "Plan Width": 8,
        "Actual Startup Time": 2188.202,
        "Actual Total Time": 2220.314,
        "Actual Rows": 2,
        "Actual Loops": 1,
        "Workers Planned": 1,
        "Workers Launched": 1,
        "Single Copy": false,
        "Plans": [
          {
            "Node Type": "Aggregate",
            "Strategy": "Plain",
            "Partial Mode": "Partial",
            "Parent Relationship": "Outer",
            "Parallel Aware": false,
            "Startup Cost": 404753.99,
            "Total Cost": 404754.0,
            "Plan Rows": 1,
            "Plan Width": 8,
            "Actual Startup Time": 2181.474,
            "Actual Total Time": 2181.48,
            "Actual Rows": 1,
            "Actual Loops": 2,
            "Plans": [
              {
                "Node Type": "Hash Join",
                "Parent Relationship": "Outer",
                "Parallel Aware": true,
                "Join Type": "Inner",
                "Startup Cost": 96494.39,
                "Total Cost": 404282.67,
                "Plan Rows": 188528,
                "Plan Width": 0,
                "Actual Startup Time": 1203.203,
                "Actual Total Time": 2101.152,
                "Actual Rows": 1906783,
                "Actual Loops": 2,
                "Inner Unique": false,
                "Hash Cond": "(ci.movie_id = t.id)",
                "Plans": [
                  {
                    "Node Type": "Index Scan",
                    "Parent Relationship": "Outer",
                    "Parallel Aware": true,
                    "Scan Direction": "Forward",
                    "Index Name": "role_id_cast_info",
                    "Relation Name": "cast_info",
                    "Alias": "ci",
                    "Startup Cost": 0.56,
                    "Total Cost": 305110.75,
                    "Plan Rows": 418428,
                    "Plan Width": 4,
                    "Actual Startup Time": 300.811,
                    "Actual Total Time": 661.122,
                    "Actual Rows": 1294280,
                    "Actual Loops": 2,
                    "Index Cond": "(role_id > 4)",
                    "Rows Removed by Index Recheck": 0,
                    "Filter": "(person_id > 3559681)",
                    "Rows Removed by Filter": 3398072
                  },
                  {
                    "Node Type": "Hash",
                    "Parent Relationship": "Inner",
                    "Parallel Aware": true,
                    "Startup Cost": 88117.69,
                    "Total Cost": 88117.69,
                    "Plan Rows": 670091,
                    "Plan Width": 8,
                    "Actual Startup Time": 891.317,
                    "Actual Total Time": 891.321,
                    "Actual Rows": 576200,
                    "Actual Loops": 2,
                    "Hash Buckets": 2097152,
                    "Original Hash Buckets": 2097152,
                    "Hash Batches": 1,
                    "Original Hash Batches": 1,
                    "Peak Memory Usage": 61504,
                    "Plans": [
                      {
                        "Node Type": "Hash Join",
                        "Parent Relationship": "Outer",
                        "Parallel Aware": true,
                        "Join Type": "Inner",
                        "Startup Cost": 69933.9,
                        "Total Cost": 88117.69,
                        "Plan Rows": 670091,
                        "Plan Width": 8,
                        "Actual Startup Time": 520.487,
                        "Actual Total Time": 762.112,
                        "Actual Rows": 576200,
                        "Actual Loops": 2,
                        "Inner Unique": true,
                        "Hash Cond": "(mi_idx.movie_id = t.id)",
                        "Plans": [
                          {
                            "Node Type": "Seq Scan",
                            "Parent Relationship": "Outer",
                            "Parallel Aware": true,
                            "Relation Name": "movie_info_idx",
                            "Alias": "mi_idx",
                            "Startup Cost": 0.0,
                            "Total Cost": 16052.85,
                            "Plan Rows": 811785,
                            "Plan Width": 4,
                            "Actual Startup Time": 0.017,
                            "Actual Total Time": 53.188,
                            "Actual Rows": 690018,
                            "Actual Loops": 2
                          },
                          {
                            "Node Type": "Hash",
                            "Parent Relationship": "Inner",
                            "Parallel Aware": true,
                            "Startup Cost": 54588.39,
                            "Total Cost": 54588.39,
                            "Plan Rows": 1227641,
                            "Plan Width": 4,
                            "Actual Startup Time": 513.838,
                            "Actual Total Time": 513.839,
                            "Actual Rows": 1037394,
                            "Actual Loops": 2,
                            "Hash Buckets": 2097152,
                            "Original Hash Buckets": 2097152,
                            "Hash Batches": 1,
                            "Original Hash Batches": 1,
                            "Peak Memory Usage": 97568,
                            "Plans": [
                              {
                                "Node Type": "Seq Scan",
                                "Parent Relationship": "Outer",
                                "Parallel Aware": true,
                                "Relation Name": "title",
                                "Alias": "t",
                                "Startup Cost": 0.0,
                                "Total Cost": 54588.39,
                                "Plan Rows": 1227641,
                                "Plan Width": 4,
                                "Actual Startup Time": 0.028,
                                "Actual Total Time": 184.156,
                                "Actual Rows": 1037394,
                                "Actual Loops": 2,
                                "Filter": "(production_year > 1970)",
                                "Rows Removed by Filter": 226762
                              }
                            ]
                          }
                        ]
                      }
                    ]
                  }
                ]
              }
            ]
          }
        ]
      }
    ]
  },
  "Planning Time": 0.459,
  "Triggers": [],
  "Execution Time": 2220.378
}