[
  {
    "Plan": {
      "Node Type": "Aggregate",
      "Strategy": "Plain",
      "Partial Mode": "Finalize",
      "Parallel Aware": false,
      "Startup Cost": 192391.02,
      "Total Cost": 192391.03,
      "Plan Rows": 1,
      "Plan Width": 8,
      "Actual Startup Time": 138.61,
      "Actual Total Time": 163.721,
      "Actual Rows": 1,
      "Actual Loops": 1,
      "Plans": [
        {
          "Node Type": "Gather",
          "Parent Relationship": "Outer",
          "Parallel Aware": false,
          "Startup Cost": 192390.6,
          "Total Cost": 192391.01,
          "Plan Rows": 4,
          "Plan Width": 8,
          "Actual Startup Time": 138.429,
          "Actual Total Time": 163.706,
          "Actual Rows": 5,
          "Actual Loops": 1,
          "Workers Planned": 4,
          "Workers Launched": 4,
          "Single Copy": false,
          "Plans": [
            {
              "Node Type": "Aggregate",
              "Strategy": "Plain",
              "Partial Mode": "Partial",
              "Parent Relationship": "Outer",
              "Parallel Aware": false,
              "Startup Cost": 191390.6,
              "Total Cost": 191390.61,
              "Plan Rows": 1,
              "Plan Width": 8,
              "Actual Startup Time": 132.802,
              "Actual Total Time": 132.804,
              "Actual Rows": 1,
              "Actual Loops": 5,
              "Plans": [
                {
                  "Node Type": "Nested Loop",
                  "Parent Relationship": "Outer",
                  "Parallel Aware": false,
                  "Join Type": "Inner",
                  "Startup Cost": 0.56,
                  "Total Cost": 191341.78,
                  "Plan Rows": 19528,
                  "Plan Width": 0,
                  "Actual Startup Time": 0.313,
                  "Actual Total Time": 131.425,
                  "Actual Rows": 15332,
                  "Actual Loops": 5,
                  "Inner Unique": false,
                  "Plans": [
                    {
                      "Node Type": "Seq Scan",
                      "Parent Relationship": "Outer",
                      "Parallel Aware": true,
                      "Relation Name": "title",
                      "Alias": "t",
                      "Startup Cost": 0.0,
                      "Total Cost": 45479.59,
                      "Plan Rows": 1362,
                      "Plan Width": 4,
                      "Actual Startup Time": 0.167,
                      "Actual Total Time": 69.795,
                      "Actual Rows": 1291,
                      "Actual Loops": 5,
                      "Filter": "((kind_id = 7) AND (production_year = 1964))",
                      "Rows Removed by Filter": 504372
                    },
                    {
                      "Node Type": "Index Only Scan",
                      "Parent Relationship": "Inner",
                      "Parallel Aware": false,
                      "Scan Direction": "Forward",
                      "Index Name": "movie_id_cast_info",
                      "Relation Name": "cast_info",
                      "Alias": "ci",
                      "Startup Cost": 0.56,
                      "Total Cost": 106.74,
                      "Plan Rows": 35,
                      "Plan Width": 4,
                      "Actual Startup Time": 0.011,
                      "Actual Total Time": 0.046,
                      "Actual Rows": 12,
                      "Actual Loops": 6454,
                      "Index Cond": "(movie_id = t.id)",
                      "Rows Removed by Index Recheck": 0,
                      "Heap Fetches": 76658
                    }
                  ]
                }
              ]
            }
          ]
        }
      ]
    },
    "Planning Time": 0.596,
    "Triggers": [],
    "Execution Time": 163.805
  }
]