[
  {
    "Plan": {
      "Node Type": "Aggregate",
      "Strategy": "Plain",
      "Partial Mode": "Finalize",
      "Parallel Aware": false,
      "Startup Cost": 254956.26,
      "Total Cost": 254956.27,
      "Plan Rows": 1,
      "Plan Width": 8,
      "Actual Startup Time": 911.014,
      "Actual Total Time": 956.189,
      "Actual Rows": 1,
      "Actual Loops": 1,
      "Plans": [
        {
          "Node Type": "Gather",
          "Parent Relationship": "Outer",
          "Parallel Aware": false,
          "Startup Cost": 254955.74,
          "Total Cost": 254956.25,
          "Plan Rows": 5,
          "Plan Width": 8,
          "Actual Startup Time": 908.404,
          "Actual Total Time": 956.181,
          "Actual Rows": 6,
          "Actual Loops": 1,
          "Workers Planned": 5,
          "Workers Launched": 5,
          "Single Copy": false,
          "Plans": [
            {
              "Node Type": "Aggregate",
              "Strategy": "Plain",
              "Partial Mode": "Partial",
              "Parent Relationship": "Outer",
              "Parallel Aware": false,
              "Startup Cost": 253955.74,
              "Total Cost": 253955.75,
              "Plan Rows": 1,
              "Plan Width": 8,
              "Actual Startup Time": 901.265,
              "Actual Total Time": 901.267,
              "Actual Rows": 1,
              "Actual Loops": 6,
              "Plans": [
                {
                  "Node Type": "Hash Join",
                  "Parent Relationship": "Outer",
                  "Parallel Aware": true,
                  "Join Type": "Inner",
                  "Startup Cost": 47053.77,
                  "Total Cost": 252687.5,
                  "Plan Rows": 507295,
                  "Plan Width": 0,
                  "Actual Startup Time": 135.88,
                  "Actual Total Time": 860.243,
                  "Actual Rows": 1009228,
                  "Actual Loops": 6,
                  "Inner Unique": true,
                  "Hash Cond": "(mi.movie_id = t.id)",
                  "Plans": [
                    {
                      "Node Type": "Seq Scan",
                      "Parent Relationship": "Outer",
                      "Parallel Aware": true,
                      "Relation Name": "movie_info",
                      "Alias": "mi",
                      "Startup Cost": 0.0,
                      "Total Cost": 198952.16,
                      "Plan Rows": 2545353,
                      "Plan Width": 4,
                      "Actual Startup Time": 0.026,
                      "Actual Total Time": 337.848,
                      "Actual Rows": 2124109,
                      "Actual Loops": 6,
                      "Filter": "(info_type_id > 2)",
                      "Rows Removed by Filter": 348511
                    },
                    {
                      "Node Type": "Hash",
                      "Parent Relationship": "Inner",
                      "Parallel Aware": true,
                      "Startup Cost": 45479.1,
                      "Total Cost": 45479.1,
                      "Plan Rows": 125974,
                      "Plan Width": 4,
                      "Actual Startup Time": 118.547,
                      "Actual Total Time": 118.548,
                      "Actual Rows": 87355,
                      "Actual Loops": 6,
                      "Hash Buckets": 524288,
                      "Original Hash Buckets": 524288,
                      "Hash Batches": 1,
                      "Original Hash Batches": 1,
                      "Peak Memory Usage": 24704,
                      "Plans": [
                        {
                          "Node Type": "Seq Scan",
                          "Parent Relationship": "Outer",
                          "Parallel Aware": true,
                          "Relation Name": "title",
                          "Alias": "t",
                          "Startup Cost": 0.0,
                          "Total Cost": 45479.1,
                          "Plan Rows": 125974,
                          "Plan Width": 4,
                          "Actual Startup Time": 51.696,
                          "Actual Total Time": 84.321,
                          "Actual Rows": 87355,
                          "Actual Loops": 6,
                          "Filter": "((production_year < 2010) AND (kind_id = 1))",
                          "Rows Removed by Filter": 334030
                        }
                      ]
                    }
                  ]
                }
              ]
            }
          ]
        }
      ]
    },
    "Planning Time": 0.654,
    "Triggers": [],
    "Execution Time": 956.272
  }
]