{
  "Plan": {
    "Node Type": "Aggregate",
    "Strategy": "Plain",
    "Partial Mode": "Finalize",
    "Parallel Aware": false,
    "Startup Cost": 402616.0,
    "Total Cost": 402616.01,
    "Plan Rows": 1,
    "Plan Width": 8,
    "Actual Startup Time": 1045.572,
    "Actual Total Time": 1058.509,
    "Actual Rows": 1,
    "Actual Loops": 1,
    "Plans": [
      {
        "Node Type": "Gather",
        "Parent Relationship": "Outer",
        "Parallel Aware": false,
        "Startup Cost": 402615.89,
        "Total Cost": 402616.0,
        "Plan Rows": 1,
        "Plan Width": 8,
        "Actual Startup Time": 1039.358,
        "Actual Total Time": 1058.5,
        "Actual Rows": 2,
        "Actual Loops": 1,
        "Workers Planned": 1,
        "Workers Launched": 1,
        "Single Copy": false,
        "Plans": [
          {
            "Node Type": "Aggregate",
            "Strategy": "Plain",
            "Partial Mode": "Partial",
            "Parent Relationship": "Outer",
            "Parallel Aware": false,
            "Startup Cost": 401615.89,
            "Total Cost": 401615.9,
            "Plan Rows": 1,
            "Plan Width": 8,
            "Actual Startup Time": 1033.08,
            "Actual Total Time": 1033.087,
            "Actual Rows": 1,
            "Actual Loops": 2,
            "Plans": [
              {
                "Node Type": "Merge Join",
                "Parent Relationship": "Outer",
                "Parallel Aware": false,
                "Join Type": "Inner",
                "Startup Cost": 395412.61,
                "Total Cost": 401420.07,
                "Plan Rows": 78328,
                "Plan Width": 0,
                "Actual Startup Time": 902.674,
                "Actual Total Time": 1026.392,
                "Actual Rows": 164445,
                "Actual Loops": 2,
                "Inner Unique": false,
                "Merge Cond": "(t.id = mi.movie_id)",
                "Plans": [
                  {
                    "Node Type": "Sort",
                    "Parent Relationship": "Outer",
                    "Parallel Aware": false,
                    "Startup Cost": 130983.02,
                    "Total Cost": 131604.72,
                    "Plan Rows": 248681,
                    "Plan Width": 8,
                    "Actual Startup Time": 645.101,
                    "Actual Total Time": 668.003,
                    "Actual Rows": 256742,
                    "Actual Loops": 2,
                    "Sort Key": [
                      "t.id"
                    ],
                    "Sort Method": "quicksort",
                    "Sort Space Used": 25052,
                    "Sort Space Type": "Memory",
                    "Workers": [
                      {
                        "Worker Number": 0,
                        "Sort Method": "quicksort",
                        "Sort Space Used": 17450,
                        "Sort Space Type": "Memory"
                      }
                    ],
                    "Plans": [
                      {
                        "Node Type": "Hash Join",
                        "Parent Relationship": "Outer",
                        "Parallel Aware": true,
                        "Join Type": "Inner",
                        "Startup Cost": 45788.33,
                        "Total Cost": 108696.31,
                        "Plan Rows": 248681,
                        "Plan Width": 8,
                        "Actual Startup Time": 210.607,
                        "Actual Total Time": 588.727,
                        "Actual Rows": 256742,
                        "Actual Loops": 2,
                        "Inner Unique": false,
                        "Hash Cond": "(t.id = mc.movie_id)",
                        "Plans": [
                          {
                            "Node Type": "Seq Scan",
                            "Parent Relationship": "Outer",
                            "Parallel Aware": true,
                            "Relation Name": "title",
                            "Alias": "t",
                            "Startup Cost": 0.0,
                            "Total Cost": 54588.39,
                            "Plan Rows": 1097081,
                            "Plan Width": 4,
                            "Actual Startup Time": 0.016,
                            "Actual Total Time": 142.96,
                            "Actual Rows": 932744,
                            "Actual Loops": 2,
                            "Filter": "(kind_id > 1)",
                            "Rows Removed by Filter": 331412
                          },
                          {
                            "Node Type": "Hash",
                            "Parent Relationship": "Inner",
                            "Parallel Aware": true,
                            "Startup Cost": 41574.35,
                            "Total Cost": 41574.35,
                            "Plan Rows": 337118,
                            "Plan Width": 4,
                            "Actual Startup Time": 201.643,
                            "Actual Total Time": 201.645,
                            "Actual Rows": 390674,
                            "Actual Loops": 2,
                            "Hash Buckets": 1048576,
                            "Original Hash Buckets": 1048576,
                            "Hash Batches": 1,
                            "Original Hash Batches": 1,
                            "Peak Memory Usage": 38784,
                            "Plans": [
                              {
                                "Node Type": "Index Scan",
                                "Parent Relationship": "Outer",
                                "Parallel Aware": true,
                                "Scan Direction": "Forward",
                                "Index Name": "company_type_id_movie_companies",
                                "Relation Name": "movie_companies",
                                "Alias": "mc",
                                "Startup Cost": 0.43,
                                "Total Cost": 41574.35,
                                "Plan Rows": 337118,
                                "Plan Width": 4,
                                "Actual Startup Time": 0.078,
                                "Actual Total Time": 117.536,
                                "Actual Rows": 390674,
                                "Actual Loops": 2,
                                "Index Cond": "(company_type_id = 1)",
                                "Rows Removed by Index Recheck": 0,
                                "Filter": "(company_id < 9482)",
                                "Rows Removed by Filter": 246450
                              }
                            ]
                          }
                        ]
                      }
                    ]
                  },
                  {
                    "Node Type": "Sort",
                    "Parent Relationship": "Inner",
                    "Parallel Aware": false,
                    "Startup Cost": 264429.56,
                    "Total Cost": 266420.43,
                    "Plan Rows": 796347,
                    "Plan Width": 4,
                    "Actual Startup Time": 257.564,
                    "Actual Total Time": 287.334,
                    "Actual Rows": 868378,
                    "Actual Loops": 2,
                    "Sort Key": [
                      "mi.movie_id"
                    ],
                    "Sort Method": "quicksort",
                    "Sort Space Used": 62177,
                    "Sort Space Type": "Memory",
                    "Workers": [
                      {
                        "Worker Number": 0,
                        "Sort Method": "quicksort",
                        "Sort Space Used": 62177,
                        "Sort Space Type": "Memory"
                      }
                    ],
                    "Plans": [
                      {
                        "Node Type": "Bitmap Heap Scan",
                        "Parent Relationship": "Outer",
                        "Parallel Aware": false,
                        "Relation Name": "movie_info",
                        "Alias": "mi",
                        "Startup Cost": 14428.12,
                        "Total Cost": 186375.46,
                        "Plan Rows": 796347,
                        "Plan Width": 4,
                        "Actual Startup Time": 22.249,
                        "Actual Total Time": 100.353,
                        "Actual Rows": 802140,
                        "Actual Loops": 2,
                        "Recheck Cond": "(info_type_id < 2)",
                        "Rows Removed by Index Recheck": 0,
                        "Exact Heap Blocks": 4868,
                        "Lossy Heap Blocks": 0,
                        "Plans": [
                          {
                            "Node Type": "Bitmap Index Scan",
                            "Parent Relationship": "Outer",
                            "Parallel Aware": false,
                            "Index Name": "info_type_id_movie_info",
                            "Startup Cost": 0.0,
                            "Total Cost": 14229.04,
                            "Plan Rows": 796347,
                            "Plan Width": 0,
                            "Actual Startup Time": 21.72,
                            "Actual Total Time": 21.721,
                            "Actual Rows": 802140,
                            "Actual Loops": 2,
                            "Index Cond": "(info_type_id < 2)"
                          }
                        ]
                      }
                    ]
                  }
                ]
              }
            ]
          }
        ]
      }
    ]
  },
  "Planning Time": 1.104,
  "Triggers": [],
  "Execution Time": 1062.065
}