[
  {
    "Plan": {
      "Node Type": "Aggregate",
      "Strategy": "Plain",
      "Partial Mode": "Finalize",
      "Parallel Aware": false,
      "Startup Cost": 330962.86,
      "Total Cost": 330962.87,
      "Plan Rows": 1,
      "Plan Width": 8,
      "Actual Startup Time": 574.572,
      "Actual Total Time": 614.753,
      "Actual Rows": 1,
      "Actual Loops": 1,
      "Plans": [
        {
          "Node Type": "Gather",
          "Parent Relationship": "Outer",
          "Parallel Aware": false,
          "Startup Cost": 330962.23,
          "Total Cost": 330962.84,
          "Plan Rows": 6,
          "Plan Width": 8,
          "Actual Startup Time": 574.409,
          "Actual Total Time": 614.737,
          "Actual Rows": 7,
          "Actual Loops": 1,
          "Workers Planned": 6,
          "Workers Launched": 6,
          "Single Copy": false,
          "Plans": [
            {
              "Node Type": "Aggregate",
              "Strategy": "Plain",
              "Partial Mode": "Partial",
              "Parent Relationship": "Outer",
              "Parallel Aware": false,
              "Startup Cost": 329962.23,
              "Total Cost": 329962.24,
              "Plan Rows": 1,
              "Plan Width": 8,
              "Actual Startup Time": 565.127,
              "Actual Total Time": 565.128,
              "Actual Rows": 1,
              "Actual Loops": 7,
              "Plans": [
                {
                  "Node Type": "Seq Scan",
                  "Parent Relationship": "Outer",
                  "Parallel Aware": true,
                  "Relation Name": "cast_info",
                  "Alias": "ci",
                  "Startup Cost": 0.0,
                  "Total Cost": 328211.39,
                  "Plan Rows": 700336,
                  "Plan Width": 0,
                  "Actual Startup Time": 0.062,
                  "Actual Total Time": 530.749,
                  "Actual Rows": 623326,
                  "Actual Loops": 7,
                  "Filter": "(person_id < 421232)",
                  "Rows Removed by Filter": 4554438
                }
              ]
            }
          ]
        }
      ]
    },
    "Planning Time": 0.083,
    "Triggers": [],
    "Execution Time": 614.794
  }
]