[
  {
    "Plan": {
      "Node Type": "Aggregate",
      "Strategy": "Plain",
      "Partial Mode": "Finalize",
      "Parallel Aware": false,
      "Startup Cost": 400231.8,
      "Total Cost": 400231.81,
      "Plan Rows": 1,
      "Plan Width": 8,
      "Actual Startup Time": 1312.084,
      "Actual Total Time": 1367.225,
      "Actual Rows": 1,
      "Actual Loops": 1,
      "Plans": [
        {
          "Node Type": "Gather",
          "Parent Relationship": "Outer",
          "Parallel Aware": false,
          "Startup Cost": 400231.17,
          "Total Cost": 400231.78,
          "Plan Rows": 6,
          "Plan Width": 8,
          "Actual Startup Time": 1306.965,
          "Actual Total Time": 1367.214,
          "Actual Rows": 7,
          "Actual Loops": 1,
          "Workers Planned": 6,
          "Workers Launched": 6,
          "Single Copy": false,
          "Plans": [
            {
              "Node Type": "Aggregate",
              "Strategy": "Plain",
              "Partial Mode": "Partial",
              "Parent Relationship": "Outer",
              "Parallel Aware": false,
              "Startup Cost": 399231.17,
              "Total Cost": 399231.18,
              "Plan Rows": 1,
              "Plan Width": 8,
              "Actual Startup Time": 1297.645,
              "Actual Total Time": 1297.649,
              "Actual Rows": 1,
              "Actual Loops": 7,
              "Plans": [
                {
                  "Node Type": "Hash Join",
                  "Parent Relationship": "Outer",
                  "Parallel Aware": true,
                  "Join Type": "Inner",
                  "Startup Cost": 47208.04,
                  "Total Cost": 397729.96,
                  "Plan Rows": 600483,
                  "Plan Width": 0,
                  "Actual Startup Time": 379.086,
                  "Actual Total Time": 1280.952,
                  "Actual Rows": 301102,
                  "Actual Loops": 7,
                  "Inner Unique": true,
                  "Hash Cond": "(ci.movie_id = t.id)",
                  "Plans": [
                    {
                      "Node Type": "Seq Scan",
                      "Parent Relationship": "Outer",
                      "Parallel Aware": true,
                      "Relation Name": "cast_info",
                      "Alias": "ci",
                      "Startup Cost": 0.0,
                      "Total Cost": 343316.27,
                      "Plan Rows": 2745008,
                      "Plan Width": 4,
                      "Actual Startup Time": 248.418,
                      "Actual Total Time": 755.962,
                      "Actual Rows": 1826838,
                      "Actual Loops": 7,
                      "Filter": "((person_id < 2628513) AND (role_id > 1))",
                      "Rows Removed by Filter": 3350925
                    },
                    {
                      "Node Type": "Hash",
                      "Parent Relationship": "Inner",
                      "Parallel Aware": true,
                      "Startup Cost": 45479.59,
                      "Total Cost": 45479.59,
                      "Plan Rows": 138276,
                      "Plan Width": 4,
                      "Actual Startup Time": 127.488,
                      "Actual Total Time": 127.489,
                      "Actual Rows": 64891,
                      "Actual Loops": 7,
                      "Hash Buckets": 1048576,
                      "Original Hash Buckets": 1048576,
                      "Hash Batches": 1,
                      "Original Hash Batches": 1,
                      "Peak Memory Usage": 26048,
                      "Plans": [
                        {
                          "Node Type": "Seq Scan",
                          "Parent Relationship": "Outer",
                          "Parallel Aware": true,
                          "Relation Name": "title",
                          "Alias": "t",
                          "Startup Cost": 0.0,
                          "Total Cost": 45479.59,
                          "Plan Rows": 138276,
                          "Plan Width": 4,
                          "Actual Startup Time": 0.044,
                          "Actual Total Time": 87.955,
                          "Actual Rows": 64891,
                          "Actual Loops": 7,
                          "Filter": "((production_year < 1998) AND (kind_id = 7))",
                          "Rows Removed by Filter": 296297
                        }
                      ]
                    }
                  ]
                }
              ]
            }
          ]
        }
      ]
    },
    "Planning Time": 0.528,
    "Triggers": [],
    "Execution Time": 1367.305
  }
]