[
  {
    "Plan": {
      "Node Type": "Aggregate",
      "Strategy": "Plain",
      "Partial Mode": "Finalize",
      "Parallel Aware": false,
      "Startup Cost": 31004.16,
      "Total Cost": 31004.17,
      "Plan Rows": 1,
      "Plan Width": 8,
      "Actual Startup Time": 114.983,
      "Actual Total Time": 126.026,
      "Actual Rows": 1,
      "Actual Loops": 1,
      "Plans": [
        {
          "Node Type": "Gather",
          "Parent Relationship": "Outer",
          "Parallel Aware": false,
          "Startup Cost": 31003.84,
          "Total Cost": 31004.15,
          "Plan Rows": 3,
          "Plan Width": 8,
          "Actual Startup Time": 114.88,
          "Actual Total Time": 126.018,
          "Actual Rows": 4,
          "Actual Loops": 1,
          "Workers Planned": 3,
          "Workers Launched": 3,
          "Single Copy": false,
          "Plans": [
            {
              "Node Type": "Aggregate",
              "Strategy": "Plain",
              "Partial Mode": "Partial",
              "Parent Relationship": "Outer",
              "Parallel Aware": false,
              "Startup Cost": 30003.84,
              "Total Cost": 30003.85,
              "Plan Rows": 1,
              "Plan Width": 8,
              "Actual Startup Time": 106.117,
              "Actual Total Time": 106.122,
              "Actual Rows": 1,
              "Actual Loops": 4,
              "Plans": [
                {
                  "Node Type": "Seq Scan",
                  "Parent Relationship": "Outer",
                  "Parallel Aware": true,
                  "Relation Name": "movie_companies",
                  "Alias": "mc",
                  "Startup Cost": 0.0,
                  "Total Cost": 29310.68,
                  "Plan Rows": 277264,
                  "Plan Width": 0,
                  "Actual Startup Time": 26.5,
                  "Actual Total Time": 93.947,
                  "Actual Rows": 212385,
                  "Actual Loops": 4,
                  "Filter": "(company_id > 25295)",
                  "Rows Removed by Filter": 439897
                }
              ]
            }
          ]
        }
      ]
    },
    "Planning Time": 0.196,
    "Triggers": [],
    "Execution Time": 126.083
  }
]