{
  "Plan": {
    "Node Type": "Aggregate",
    "Strategy": "Plain",
    "Partial Mode": "Finalize",
    "Parallel Aware": false,
    "Startup Cost": 397992.61,
    "Total Cost": 397992.62,
    "Plan Rows": 1,
    "Plan Width": 8,
    "Actual Startup Time": 3036.926,
    "Actual Total Time": 3078.383,
    "Actual Rows": 1,
    "Actual Loops": 1,
    "Plans": [
      {
        "Node Type": "Gather",
        "Parent Relationship": "Outer",
        "Parallel Aware": false,
        "Startup Cost": 397992.5,
        "Total Cost": 397992.61,
        "Plan Rows": 1,
        "Plan Width": 8,
        "Actual Startup Time": 3035.292,
        "Actual Total Time": 3078.376,
        "Actual Rows": 2,
        "Actual Loops": 1,
        "Workers Planned": 1,
        "Workers Launched": 1,
        "Single Copy": false,
        "Plans": [
          {
            "Node Type": "Aggregate",
            "Strategy": "Plain",
            "Partial Mode": "Partial",
            "Parent Relationship": "Outer",
            "Parallel Aware": false,
            "Startup Cost": 396992.5,
            "Total Cost": 396992.51,
            "Plan Rows": 1,
            "Plan Width": 8,
            "Actual Startup Time": 3030.211,
            "Actual Total Time": 3030.217,
            "Actual Rows": 1,
            "Actual Loops": 2,
            "Plans": [
              {
                "Node Type": "Hash Join",
                "Parent Relationship": "Outer",
                "Parallel Aware": true,
                "Join Type": "Inner",
                "Startup Cost": 105317.28,
                "Total Cost": 393977.7,
                "Plan Rows": 1205921,
                "Plan Width": 0,
                "Actual Startup Time": 536.015,
                "Actual Total Time": 2726.744,
                "Actual Rows": 7368854,
                "Actual Loops": 2,
                "Inner Unique": false,
                "Hash Cond": "(mi.movie_id = t.id)",
                "Plans": [
                  {
                    "Node Type": "Seq Scan",
                    "Parent Relationship": "Outer",
                    "Parallel Aware": true,
                    "Relation Name": "movie_info",
                    "Alias": "mi",
                    "Startup Cost": 0.0,
                    "Total Cost": 248955.74,
                    "Plan Rows": 8696274,
                    "Plan Width": 4,
                    "Actual Startup Time": 0.016,
                    "Actual Total Time": 610.249,
                    "Actual Rows": 7417860,
                    "Actual Loops": 2
                  },
                  {
                    "Node Type": "Hash",
                    "Parent Relationship": "Inner",
                    "Parallel Aware": true,
                    "Startup Cost": 102739.33,
                    "Total Cost": 102739.33,
                    "Plan Rows": 206236,
                    "Plan Width": 8,
                    "Actual Startup Time": 528.931,
                    "Actual Total Time": 528.935,
                    "Actual Rows": 244599,
                    "Actual Loops": 2,
                    "Hash Buckets": 524288,
                    "Original Hash Buckets": 524288,
                    "Hash Batches": 1,
                    "Original Hash Batches": 1,
                    "Peak Memory Usage": 23264,
                    "Plans": [
                      {
                        "Node Type": "Hash Join",
                        "Parent Relationship": "Outer",
                        "Parallel Aware": true,
                        "Join Type": "Inner",
                        "Startup Cost": 60933.49,
                        "Total Cost": 102739.33,
                        "Plan Rows": 206236,
                        "Plan Width": 8,
                        "Actual Startup Time": 183.61,
                        "Actual Total Time": 475.947,
                        "Actual Rows": 244599,
                        "Actual Loops": 2,
                        "Inner Unique": true,
                        "Hash Cond": "(mc.movie_id = t.id)",
                        "Plans": [
                          {
                            "Node Type": "Seq Scan",
                            "Parent Relationship": "Outer",
                            "Parallel Aware": true,
                            "Relation Name": "movie_companies",
                            "Alias": "mc",
                            "Startup Cost": 0.0,
                            "Total Cost": 37974.77,
                            "Plan Rows": 1459448,
                            "Plan Width": 4,
                            "Actual Startup Time": 0.017,
                            "Actual Total Time": 124.576,
                            "Actual Rows": 1238903,
                            "Actual Loops": 2,
                            "Filter": "(company_id > 19)",
                            "Rows Removed by Filter": 65662
                          },
                          {
                            "Node Type": "Hash",
                            "Parent Relationship": "Inner",
                            "Parallel Aware": true,
                            "Startup Cost": 58306.47,
                            "Total Cost": 58306.47,
                            "Plan Rows": 210162,
                            "Plan Width": 4,
                            "Actual Startup Time": 179.948,
                            "Actual Total Time": 179.949,
                            "Actual Rows": 151044,
                            "Actual Loops": 2,
                            "Hash Buckets": 524288,
                            "Original Hash Buckets": 524288,
                            "Hash Batches": 1,
                            "Original Hash Batches": 1,
                            "Peak Memory Usage": 15936,
                            "Plans": [
                              {
                                "Node Type": "Seq Scan",
                                "Parent Relationship": "Outer",
                                "Parallel Aware": true,
                                "Relation Name": "title",
                                "Alias": "t",
                                "Startup Cost": 0.0,
                                "Total Cost": 58306.47,
                                "Plan Rows": 210162,
                                "Plan Width": 4,
                                "Actual Startup Time": 0.096,
                                "Actual Total Time": 140.725,
                                "Actual Rows": 151044,
                                "Actual Loops": 2,
                                "Filter": "((kind_id < 7) AND (production_year > 2006))",
                                "Rows Removed by Filter": 1113112
                              }
                            ]
                          }
                        ]
                      }
                    ]
                  }
                ]
              }
            ]
          }
        ]
      }
    ]
  },
  "Planning Time": 0.968,
  "Triggers": [],
  "Execution Time": 3078.468
}