[
  {
    "Plan": {
      "Node Type": "Aggregate",
      "Strategy": "Plain",
      "Partial Mode": "Simple",
      "Parallel Aware": false,
      "Startup Cost": 22669.04,
      "Total Cost": 22669.05,
      "Plan Rows": 1,
      "Plan Width": 8,
      "Actual Startup Time": 47.81,
      "Actual Total Time": 47.811,
      "Actual Rows": 1,
      "Actual Loops": 1,
      "Plans": [
        {
          "Node Type": "Bitmap Heap Scan",
          "Parent Relationship": "Outer",
          "Parallel Aware": false,
          "Relation Name": "movie_companies",
          "Alias": "mc",
          "Startup Cost": 2210.59,
          "Total Cost": 22538.87,
          "Plan Rows": 52069,
          "Plan Width": 0,
          "Actual Startup Time": 13.621,
          "Actual Total Time": 41.514,
          "Actual Rows": 97081,
          "Actual Loops": 1,
          "Recheck Cond": "(company_id > 159306)",
          "Rows Removed by Index Recheck": 0,
          "Filter": "(company_type_id = 2)",
          "Rows Removed by Filter": 0,
          "Exact Heap Blocks": 3093,
          "Lossy Heap Blocks": 0,
          "Plans": [
            {
              "Node Type": "Bitmap Index Scan",
              "Parent Relationship": "Outer",
              "Parallel Aware": false,
              "Index Name": "company_id_movie_companies",
              "Startup Cost": 0.0,
              "Total Cost": 2197.57,
              "Plan Rows": 102552,
              "Plan Width": 0,
              "Actual Startup Time": 12.557,
              "Actual Total Time": 12.557,
              "Actual Rows": 97081,
              "Actual Loops": 1,
              "Index Cond": "(company_id > 159306)"
            }
          ]
        }
      ]
    },
    "Planning Time": 0.187,
    "Triggers": [],
    "Execution Time": 47.867
  }
]