{
  "Plan": {
    "Node Type": "Aggregate",
    "Strategy": "Plain",
    "Partial Mode": "Finalize",
    "Parallel Aware": false,
    "Startup Cost": 630140.93,
    "Total Cost": 630140.94,
    "Plan Rows": 1,
    "Plan Width": 8,
    "Actual Startup Time": 1605.045,
    "Actual Total Time": 1670.77,
    "Actual Rows": 1,
    "Actual Loops": 1,
    "Plans": [
      {
        "Node Type": "Gather",
        "Parent Relationship": "Outer",
        "Parallel Aware": false,
        "Startup Cost": 630140.82,
        "Total Cost": 630140.93,
        "Plan Rows": 1,
        "Plan Width": 8,
        "Actual Startup Time": 1603.943,
        "Actual Total Time": 1670.762,
        "Actual Rows": 2,
        "Actual Loops": 1,
        "Workers Planned": 1,
        "Workers Launched": 1,
        "Single Copy": false,
        "Plans": [
          {
            "Node Type": "Aggregate",
            "Strategy": "Plain",
            "Partial Mode": "Partial",
            "Parent Relationship": "Outer",
            "Parallel Aware": false,
            "Startup Cost": 629140.82,
            "Total Cost": 629140.83,
            "Plan Rows": 1,
            "Plan Width": 8,
            "Actual Startup Time": 1597.884,
            "Actual Total Time": 1597.888,
            "Actual Rows": 1,
            "Actual Loops": 2,
            "Plans": [
              {
                "Node Type": "Nested Loop",
                "Parent Relationship": "Outer",
                "Parallel Aware": false,
                "Join Type": "Inner",
                "Startup Cost": 62774.23,
                "Total Cost": 622650.06,
                "Plan Rows": 2596304,
                "Plan Width": 0,
                "Actual Startup Time": 257.096,
                "Actual Total Time": 1547.298,
                "Actual Rows": 1119861,
                "Actual Loops": 2,
                "Inner Unique": false,
                "Join Filter": "(t.id = ci.movie_id)",
                "Rows Removed by Join Filter": 0,
                "Plans": [
                  {
                    "Node Type": "Hash Join",
                    "Parent Relationship": "Outer",
                    "Parallel Aware": true,
                    "Join Type": "Inner",
                    "Startup Cost": 62773.67,
                    "Total Cost": 102727.78,
                    "Plan Rows": 181192,
                    "Plan Width": 8,
                    "Actual Startup Time": 256.99,
                    "Actual Total Time": 511.885,
                    "Actual Rows": 59925,
                    "Actual Loops": 2,
                    "Inner Unique": true,
                    "Hash Cond": "(mc.movie_id = t.id)",
                    "Plans": [
                      {
                        "Node Type": "Seq Scan",
                        "Parent Relationship": "Outer",
                        "Parallel Aware": true,
                        "Relation Name": "movie_companies",
                        "Alias": "mc",
                        "Startup Cost": 0.0,
                        "Total Cost": 37974.77,
                        "Plan Rows": 754035,
                        "Plan Width": 4,
                        "Actual Startup Time": 14.634,
                        "Actual Total Time": 113.578,
                        "Actual Rows": 642059,
                        "Actual Loops": 2,
                        "Filter": "(company_id > 11385)",
                        "Rows Removed by Filter": 662506
                      },
                      {
                        "Node Type": "Hash",
                        "Parent Relationship": "Inner",
                        "Parallel Aware": true,
                        "Startup Cost": 58306.47,
                        "Total Cost": 58306.47,
                        "Plan Rows": 357376,
                        "Plan Width": 4,
                        "Actual Startup Time": 233.232,
                        "Actual Total Time": 233.233,
                        "Actual Rows": 240527,
                        "Actual Loops": 2,
                        "Hash Buckets": 1048576,
                        "Original Hash Buckets": 1048576,
                        "Hash Batches": 1,
                        "Original Hash Batches": 1,
                        "Peak Memory Usage": 27040,
                        "Plans": [
                          {
                            "Node Type": "Seq Scan",
                            "Parent Relationship": "Outer",
                            "Parallel Aware": true,
                            "Relation Name": "title",
                            "Alias": "t",
                            "Startup Cost": 0.0,
                            "Total Cost": 58306.47,
                            "Plan Rows": 357376,
                            "Plan Width": 4,
                            "Actual Startup Time": 0.057,
                            "Actual Total Time": 154.636,
                            "Actual Rows": 240527,
                            "Actual Loops": 2,
                            "Filter": "((kind_id > 3) AND (production_year < 1998))",
                            "Rows Removed by Filter": 1023629
                          }
                        ]
                      }
                    ]
                  },
                  {
                    "Node Type": "Index Only Scan",
                    "Parent Relationship": "Inner",
                    "Parallel Aware": false,
                    "Scan Direction": "Forward",
                    "Index Name": "movie_id_cast_info",
                    "Relation Name": "cast_info",
                    "Alias": "ci",
                    "Startup Cost": 0.56,
                    "Total Cost": 2.41,
                    "Plan Rows": 37,
                    "Plan Width": 4,
                    "Actual Startup Time": 0.004,
                    "Actual Total Time": 0.016,
                    "Actual Rows": 19,
                    "Actual Loops": 119850,
                    "Index Cond": "(movie_id = mc.movie_id)",
                    "Rows Removed by Index Recheck": 0,
                    "Heap Fetches": 2239722
                  }
                ]
              }
            ]
          }
        ]
      }
    ]
  },
  "Planning Time": 0.788,
  "Triggers": [],
  "Execution Time": 1670.86
}