[
  {
    "Plan": {
      "Node Type": "Aggregate",
      "Strategy": "Plain",
      "Partial Mode": "Simple",
      "Parallel Aware": false,
      "Startup Cost": 11281.35,
      "Total Cost": 11281.36,
      "Plan Rows": 1,
      "Plan Width": 8,
      "Actual Startup Time": 18.901,
      "Actual Total Time": 18.903,
      "Actual Rows": 1,
      "Actual Loops": 1,
      "Plans": [
        {
          "Node Type": "Nested Loop",
          "Parent Relationship": "Outer",
          "Parallel Aware": false,
          "Join Type": "Inner",
          "Startup Cost": 6479.01,
          "Total Cost": 11279.82,
          "Plan Rows": 612,
          "Plan Width": 0,
          "Actual Startup Time": 17.71,
          "Actual Total Time": 18.874,
          "Actual Rows": 339,
          "Actual Loops": 1,
          "Inner Unique": false,
          "Plans": [
            {
              "Node Type": "Nested Loop",
              "Parent Relationship": "Outer",
              "Parallel Aware": false,
              "Join Type": "Inner",
              "Startup Cost": 6478.58,
              "Total Cost": 10674.58,
              "Plan Rows": 342,
              "Plan Width": 8,
              "Actual Startup Time": 17.571,
              "Actual Total Time": 18.179,
              "Actual Rows": 77,
              "Actual Loops": 1,
              "Inner Unique": true,
              "Plans": [
                {
                  "Node Type": "Bitmap Heap Scan",
                  "Parent Relationship": "Outer",
                  "Parallel Aware": false,
                  "Relation Name": "cast_info",
                  "Alias": "ci",
                  "Startup Cost": 6478.15,
                  "Total Cost": 7813.53,
                  "Plan Rows": 342,
                  "Plan Width": 4,
                  "Actual Startup Time": 17.549,
                  "Actual Total Time": 17.577,
                  "Actual Rows": 77,
                  "Actual Loops": 1,
                  "Recheck Cond": "((person_id < 4805) AND (role_id > 10))",
                  "Rows Removed by Index Recheck": 0,
                  "Exact Heap Blocks": 5,
                  "Lossy Heap Blocks": 0,
                  "Plans": [
                    {
                      "Node Type": "BitmapAnd",
                      "Parent Relationship": "Outer",
                      "Parallel Aware": false,
                      "Startup Cost": 6478.15,
                      "Total Cost": 6478.15,
                      "Plan Rows": 342,
                      "Plan Width": 0,
                      "Actual Startup Time": 17.54,
                      "Actual Total Time": 17.541,
                      "Actual Rows": 0,
                      "Actual Loops": 1,
                      "Plans": [
                        {
                          "Node Type": "Bitmap Index Scan",
                          "Parent Relationship": "Member",
                          "Parallel Aware": false,
                          "Index Name": "person_id_cast_info",
                          "Startup Cost": 0.0,
                          "Total Cost": 859.74,
                          "Plan Rows": 39356,
                          "Plan Width": 0,
                          "Actual Startup Time": 1.74,
                          "Actual Total Time": 1.74,
                          "Actual Rows": 35726,
                          "Actual Loops": 1,
                          "Index Cond": "(person_id < 4805)"
                        },
                        {
                          "Node Type": "Bitmap Index Scan",
                          "Parent Relationship": "Member",
                          "Parallel Aware": false,
                          "Index Name": "role_id_cast_info",
                          "Startup Cost": 0.0,
                          "Total Cost": 5617.99,
                          "Plan Rows": 315390,
                          "Plan Width": 0,
                          "Actual Startup Time": 15.756,
                          "Actual Total Time": 15.756,
                          "Actual Rows": 316118,
                          "Actual Loops": 1,
                          "Index Cond": "(role_id > 10)"
                        }
                      ]
                    }
                  ]
                },
                {
                  "Node Type": "Index Only Scan",
                  "Parent Relationship": "Inner",
                  "Parallel Aware": false,
                  "Scan Direction": "Forward",
                  "Index Name": "title_pkey",
                  "Relation Name": "title",
                  "Alias": "t",
                  "Startup Cost": 0.43,
                  "Total Cost": 8.37,
                  "Plan Rows": 1,
                  "Plan Width": 4,
                  "Actual Startup Time": 0.007,
                  "Actual Total Time": 0.007,
                  "Actual Rows": 1,
                  "Actual Loops": 77,
                  "Index Cond": "(id = ci.movie_id)",
                  "Rows Removed by Index Recheck": 0,
                  "Heap Fetches": 77
                }
              ]
            },
            {
              "Node Type": "Index Only Scan",
              "Parent Relationship": "Inner",
              "Parallel Aware": false,
              "Scan Direction": "Forward",
              "Index Name": "movie_id_movie_keyword",
              "Relation Name": "movie_keyword",
              "Alias": "mk",
              "Startup Cost": 0.43,
              "Total Cost": 1.31,
              "Plan Rows": 46,
              "Plan Width": 4,
              "Actual Startup Time": 0.007,
              "Actual Total Time": 0.008,
              "Actual Rows": 4,
              "Actual Loops": 77,
              "Index Cond": "(movie_id = t.id)",
              "Rows Removed by Index Recheck": 0,
              "Heap Fetches": 339
            }
          ]
        }
      ]
    },
    "Planning Time": 0.722,
    "Triggers": [],
    "Execution Time": 18.951
  }
]