{
  "Plan": {
    "Node Type": "Aggregate",
    "Strategy": "Plain",
    "Partial Mode": "Finalize",
    "Parallel Aware": false,
    "Startup Cost": 776081.14,
    "Total Cost": 776081.15,
    "Plan Rows": 1,
    "Plan Width": 96,
    "Actual Startup Time": 5368.306,
    "Actual Total Time": 5441.134,
    "Actual Rows": 1,
    "Actual Loops": 1,
    "Plans": [
      {
        "Node Type": "Gather",
        "Parent Relationship": "Outer",
        "Parallel Aware": false,
        "Startup Cost": 776081.02,
        "Total Cost": 776081.13,
        "Plan Rows": 1,
        "Plan Width": 96,
        "Actual Startup Time": 5363.053,
        "Actual Total Time": 5441.117,
        "Actual Rows": 2,
        "Actual Loops": 1,
        "Workers Planned": 1,
        "Workers Launched": 1,
        "Single Copy": false,
        "Plans": [
          {
            "Node Type": "Aggregate",
            "Strategy": "Plain",
            "Partial Mode": "Partial",
            "Parent Relationship": "Outer",
            "Parallel Aware": false,
            "Startup Cost": 775081.02,
            "Total Cost": 775081.03,
            "Plan Rows": 1,
            "Plan Width": 96,
            "Actual Startup Time": 5356.86,
            "Actual Total Time": 5357.615,
            "Actual Rows": 1,
            "Actual Loops": 2,
            "Plans": [
              {
                "Node Type": "Hash Join",
                "Parent Relationship": "Outer",
                "Parallel Aware": true,
                "Join Type": "Inner",
                "Startup Cost": 667359.11,
                "Total Cost": 775071.66,
                "Plan Rows": 1248,
                "Plan Width": 48,
                "Actual Startup Time": 4585.52,
                "Actual Total Time": 5314.027,
                "Actual Rows": 392738,
                "Actual Loops": 2,
                "Inner Unique": false,
                "Hash Cond": "(n.id = ci.person_id)",
                "Plans": [
                  {
                    "Node Type": "Seq Scan",
                    "Parent Relationship": "Outer",
                    "Parallel Aware": true,
                    "Relation Name": "name",
                    "Alias": "n",
                    "Startup Cost": 0.0,
                    "Total Cost": 80126.98,
                    "Plan Rows": 2451398,
                    "Plan Width": 19,
                    "Actual Startup Time": 0.01,
                    "Actual Total Time": 194.358,
                    "Actual Rows": 2083746,
                    "Actual Loops": 2
                  },
                  {
                    "Node Type": "Hash",
                    "Parent Relationship": "Inner",
                    "Parallel Aware": true,
                    "Startup Cost": 667343.51,
                    "Total Cost": 667343.51,
                    "Plan Rows": 1248,
                    "Plan Width": 37,
                    "Actual Startup Time": 4584.321,
                    "Actual Total Time": 4585.074,
                    "Actual Rows": 392738,
                    "Actual Loops": 2,
                    "Hash Buckets": 1048576,
                    "Original Hash Buckets": 4096,
                    "Hash Batches": 1,
                    "Original Hash Batches": 1,
                    "Peak Memory Usage": 68576,
                    "Plans": [
                      {
                        "Node Type": "Hash Join",
                        "Parent Relationship": "Outer",
                        "Parallel Aware": true,
                        "Join Type": "Inner",
                        "Startup Cost": 121387.36,
                        "Total Cost": 667343.51,
                        "Plan Rows": 1248,
                        "Plan Width": 37,
                        "Actual Startup Time": 771.521,
                        "Actual Total Time": 4388.473,
                        "Actual Rows": 392738,
                        "Actual Loops": 2,
                        "Inner Unique": false,
                        "Hash Cond": "(ci.movie_id = t.id)",
                        "Plans": [
                          {
                            "Node Type": "Seq Scan",
                            "Parent Relationship": "Outer",
                            "Parallel Aware": true,
                            "Relation Name": "cast_info",
                            "Alias": "ci",
                            "Startup Cost": 0.0,
                            "Total Cost": 465968.32,
                            "Plan Rows": 21328132,
                            "Plan Width": 8,
                            "Actual Startup Time": 0.017,
                            "Actual Total Time": 1519.822,
                            "Actual Rows": 18122172,
                            "Actual Loops": 2
                          },
                          {
                            "Node Type": "Hash",
                            "Parent Relationship": "Inner",
                            "Parallel Aware": true,
                            "Startup Cost": 121386.27,
                            "Total Cost": 121386.27,
                            "Plan Rows": 87,
                            "Plan Width": 41,
                            "Actual Startup Time": 771.413,
                            "Actual Total Time": 772.164,
                            "Actual Rows": 7082,
                            "Actual Loops": 2,
                            "Hash Buckets": 16384,
                            "Original Hash Buckets": 1024,
                            "Hash Batches": 1,
                            "Original Hash Batches": 1,
                            "Peak Memory Usage": 1304,
                            "Plans": [
                              {
                                "Node Type": "Hash Join",
                                "Parent Relationship": "Outer",
                                "Parallel Aware": true,
                                "Join Type": "Inner",
                                "Startup Cost": 61685.54,
                                "Total Cost": 121386.27,
                                "Plan Rows": 87,
                                "Plan Width": 41,
                                "Actual Startup Time": 449.636,
                                "Actual Total Time": 722.339,
                                "Actual Rows": 7082,
                                "Actual Loops": 2,
                                "Inner Unique": false,
                                "Hash Cond": "(t.id = mk.movie_id)",
                                "Plans": [
                                  {
                                    "Node Type": "Seq Scan",
                                    "Parent Relationship": "Outer",
                                    "Parallel Aware": true,
                                    "Relation Name": "title",
                                    "Alias": "t",
                                    "Startup Cost": 0.0,
                                    "Total Cost": 54589.98,
                                    "Plan Rows": 817639,
                                    "Plan Width": 21,
                                    "Actual Startup Time": 0.009,
                                    "Actual Total Time": 180.821,
                                    "Actual Rows": 690726,
                                    "Actual Loops": 2,
                                    "Filter": "(production_year > 2000)",
                                    "Rows Removed by Filter": 573430
                                  },
                                  {
                                    "Node Type": "Hash",
                                    "Parent Relationship": "Inner",
                                    "Parallel Aware": true,
                                    "Startup Cost": 61683.55,
                                    "Total Cost": 61683.55,
                                    "Plan Rows": 159,
                                    "Plan Width": 20,
                                    "Actual Startup Time": 449.449,
                                    "Actual Total Time": 449.453,
                                    "Actual Rows": 17774,
                                    "Actual Loops": 2,
                                    "Hash Buckets": 65536,
                                    "Original Hash Buckets": 1024,
                                    "Hash Batches": 1,
                                    "Original Hash Batches": 1,
                                    "Peak Memory Usage": 2712,
                                    "Plans": [
                                      {
                                        "Node Type": "Hash Join",
                                        "Parent Relationship": "Outer",
                                        "Parallel Aware": false,
                                        "Join Type": "Inner",
                                        "Startup Cost": 3632.5,
                                        "Total Cost": 61683.55,
                                        "Plan Rows": 159,
                                        "Plan Width": 20,
                                        "Actual Startup Time": 43.883,
                                        "Actual Total Time": 419.503,
                                        "Actual Rows": 17774,
                                        "Actual Loops": 2,
                                        "Inner Unique": true,
                                        "Hash Cond": "(mk.keyword_id = k.id)",
                                        "Plans": [
                                          {
                                            "Node Type": "Seq Scan",
                                            "Parent Relationship": "Outer",
                                            "Parallel Aware": true,
                                            "Relation Name": "movie_keyword",
                                            "Alias": "mk",
                                            "Startup Cost": 0.0,
                                            "Total Cost": 51065.35,
                                            "Plan Rows": 2661135,
                                            "Plan Width": 8,
                                            "Actual Startup Time": 0.031,
                                            "Actual Total Time": 195.63,
                                            "Actual Rows": 2261965,
                                            "Actual Loops": 2
                                          },
                                          {
                                            "Node Type": "Hash",
                                            "Parent Relationship": "Inner",
                                            "Parallel Aware": false,
                                            "Startup Cost": 3632.4,
                                            "Total Cost": 3632.4,
                                            "Plan Rows": 8,
                                            "Plan Width": 20,
                                            "Actual Startup Time": 43.73,
                                            "Actual Total Time": 43.731,
                                            "Actual Rows": 8,
                                            "Actual Loops": 2,
                                            "Hash Buckets": 1024,
                                            "Original Hash Buckets": 1024,
                                            "Hash Batches": 1,
                                            "Original Hash Batches": 1,
                                            "Peak Memory Usage": 9,
                                            "Plans": [
                                              {
                                                "Node Type": "Seq Scan",
                                                "Parent Relationship": "Outer",
                                                "Parallel Aware": false,
                                                "Relation Name": "keyword",
                                                "Alias": "k",
                                                "Startup Cost": 0.0,
                                                "Total Cost": 3632.4,
                                                "Plan Rows": 8,
                                                "Plan Width": 20,
                                                "Actual Startup Time": 0.323,
                                                "Actual Total Time": 43.696,
                                                "Actual Rows": 8,
                                                "Actual Loops": 2,
                                                "Filter": "(keyword = ANY ('{superhero,sequel,second-part,marvel-comics,based-on-comic,tv-special,fight,violence}'::text[]))",
                                                "Rows Removed by Filter": 134162
                                              }
                                            ]
                                          }
                                        ]
                                      }
                                    ]
                                  }
                                ]
                              }
                            ]
                          }
                        ]
                      }
                    ]
                  }
                ]
              }
            ]
          }
        ]
      }
    ]
  },
  "Planning Time": 1.082,
  "Triggers": [],
  "Execution Time": 5441.29
}