{
    "Plan": {
        "Node Type": "Aggregate",
        "Strategy": "Plain",
        "Partial Mode": "Finalize",
        "Parallel Aware": false,
        "Startup Cost": 45895.12,
        "Total Cost": 45895.13,
        "Plan Rows": 1,
        "Plan Width": 8,
        "Actual Startup Time": 240.743,
        "Actual Total Time": 252.987,
        "Actual Rows": 1,
        "Actual Loops": 1,
        "Output": [
            "count(*)"
        ],
        "Plans": [
            {
                "Node Type": "Gather",
                "Parent Relationship": "Outer",
                "Parallel Aware": false,
                "Startup Cost": 45894.8,
                "Total Cost": 45895.11,
                "Plan Rows": 3,
                "Plan Width": 8,
                "Actual Startup Time": 240.605,
                "Actual Total Time": 252.977,
                "Actual Rows": 4,
                "Actual Loops": 1,
                "Output": [
                    "(PARTIAL count(*))"
                ],
                "Workers Planned": 3,
                "Workers Launched": 3,
                "Single Copy": false,
                "Plans": [
                    {
                        "Node Type": "Aggregate",
                        "Strategy": "Plain",
                        "Partial Mode": "Partial",
                        "Parent Relationship": "Outer",
                        "Parallel Aware": false,
                        "Startup Cost": 44894.8,
                        "Total Cost": 44894.81,
                        "Plan Rows": 1,
                        "Plan Width": 8,
                        "Actual Startup Time": 231.642,
                        "Actual Total Time": 231.643,
                        "Actual Rows": 1,
                        "Actual Loops": 4,
                        "Output": [
                            "PARTIAL count(*)"
                        ],
                        "Workers": [
                            {
                                "Worker Number": 0,
                                "Actual Startup Time": 228.866,
                                "Actual Total Time": 228.867,
                                "Actual Rows": 1,
                                "Actual Loops": 1
                            },
                            {
                                "Worker Number": 1,
                                "Actual Startup Time": 229.036,
                                "Actual Total Time": 229.038,
                                "Actual Rows": 1,
                                "Actual Loops": 1
                            },
                            {
                                "Worker Number": 2,
                                "Actual Startup Time": 229.111,
                                "Actual Total Time": 229.112,
                                "Actual Rows": 1,
                                "Actual Loops": 1
                            }
                        ],
                        "Plans": [
                            {
                                "Node Type": "Seq Scan",
                                "Parent Relationship": "Outer",
                                "Parallel Aware": true,
                                "Relation Name": "movie_keyword",
                                "Schema": "public",
                                "Alias": "mk",
                                "Startup Cost": 0.0,
                                "Total Cost": 42695.65,
                                "Plan Rows": 879658,
                                "Plan Width": 0,
                                "Actual Startup Time": 0.783,
                                "Actual Total Time": 186.785,
                                "Actual Rows": 680868,
                                "Actual Loops": 4,
                                "Output": [
                                    "id",
                                    "movie_id",
                                    "keyword_id"
                                ],
                                "Filter": "(mk.keyword_id > 2908)",
                                "Rows Removed by Filter": 450114,
                                "Workers": [
                                    {
                                        "Worker Number": 0,
                                        "Actual Startup Time": 0.107,
                                        "Actual Total Time": 184.677,
                                        "Actual Rows": 671326,
                                        "Actual Loops": 1
                                    },
                                    {
                                        "Worker Number": 1,
                                        "Actual Startup Time": 0.072,
                                        "Actual Total Time": 184.717,
                                        "Actual Rows": 670892,
                                        "Actual Loops": 1
                                    },
                                    {
                                        "Worker Number": 2,
                                        "Actual Startup Time": 0.081,
                                        "Actual Total Time": 185.032,
                                        "Actual Rows": 670640,
                                        "Actual Loops": 1
                                    }
                                ]
                            }
                        ]
                    }
                ]
            }
        ]
    },
    "Planning Time": 2.013,
    "Triggers": [],
    "Execution Time": 253.283
}