[
  {
    "Plan": {
      "Node Type": "Aggregate",
      "Strategy": "Plain",
      "Partial Mode": "Finalize",
      "Parallel Aware": false,
      "Startup Cost": 45772.07,
      "Total Cost": 45772.08,
      "Plan Rows": 1,
      "Plan Width": 8,
      "Actual Startup Time": 94.076,
      "Actual Total Time": 109.169,
      "Actual Rows": 1,
      "Actual Loops": 1,
      "Plans": [
        {
          "Node Type": "Gather",
          "Parent Relationship": "Outer",
          "Parallel Aware": false,
          "Startup Cost": 45771.65,
          "Total Cost": 45772.06,
          "Plan Rows": 4,
          "Plan Width": 8,
          "Actual Startup Time": 93.881,
          "Actual Total Time": 109.16,
          "Actual Rows": 5,
          "Actual Loops": 1,
          "Workers Planned": 4,
          "Workers Launched": 4,
          "Single Copy": false,
          "Plans": [
            {
              "Node Type": "Aggregate",
              "Strategy": "Plain",
              "Partial Mode": "Partial",
              "Parent Relationship": "Outer",
              "Parallel Aware": false,
              "Startup Cost": 44771.65,
              "Total Cost": 44771.66,
              "Plan Rows": 1,
              "Plan Width": 8,
              "Actual Startup Time": 86.596,
              "Actual Total Time": 86.597,
              "Actual Rows": 1,
              "Actual Loops": 5,
              "Plans": [
                {
                  "Node Type": "Nested Loop",
                  "Parent Relationship": "Outer",
                  "Parallel Aware": false,
                  "Join Type": "Inner",
                  "Startup Cost": 0.56,
                  "Total Cost": 44771.44,
                  "Plan Rows": 82,
                  "Plan Width": 0,
                  "Actual Startup Time": 40.998,
                  "Actual Total Time": 86.5,
                  "Actual Rows": 620,
                  "Actual Loops": 5,
                  "Inner Unique": false,
                  "Plans": [
                    {
                      "Node Type": "Seq Scan",
                      "Parent Relationship": "Outer",
                      "Parallel Aware": true,
                      "Relation Name": "title",
                      "Alias": "t",
                      "Startup Cost": 0.0,
                      "Total Cost": 43899.32,
                      "Plan Rows": 6,
                      "Plan Width": 4,
                      "Actual Startup Time": 40.83,
                      "Actual Total Time": 79.09,
                      "Actual Rows": 88,
                      "Actual Loops": 5,
                      "Filter": "(production_year > 2014)",
                      "Rows Removed by Filter": 505575
                    },
                    {
                      "Node Type": "Index Only Scan",
                      "Parent Relationship": "Inner",
                      "Parallel Aware": false,
                      "Scan Direction": "Forward",
                      "Index Name": "movie_id_cast_info",
                      "Relation Name": "cast_info",
                      "Alias": "ci",
                      "Startup Cost": 0.56,
                      "Total Cost": 145.0,
                      "Plan Rows": 35,
                      "Plan Width": 4,
                      "Actual Startup Time": 0.032,
                      "Actual Total Time": 0.083,
                      "Actual Rows": 7,
                      "Actual Loops": 438,
                      "Index Cond": "(movie_id = t.id)",
                      "Rows Removed by Index Recheck": 0,
                      "Heap Fetches": 3099
                    }
                  ]
                }
              ]
            }
          ]
        }
      ]
    },
    "Planning Time": 0.321,
    "Triggers": [],
    "Execution Time": 109.214
  }
]