[
  {
    "Plan": {
      "Node Type": "Aggregate",
      "Strategy": "Plain",
      "Partial Mode": "Finalize",
      "Parallel Aware": false,
      "Startup Cost": 357742.83,
      "Total Cost": 357742.84,
      "Plan Rows": 1,
      "Plan Width": 8,
      "Actual Startup Time": 426.709,
      "Actual Total Time": 499.706,
      "Actual Rows": 1,
      "Actual Loops": 1,
      "Plans": [
        {
          "Node Type": "Gather",
          "Parent Relationship": "Outer",
          "Parallel Aware": false,
          "Startup Cost": 357742.41,
          "Total Cost": 357742.82,
          "Plan Rows": 4,
          "Plan Width": 8,
          "Actual Startup Time": 426.44,
          "Actual Total Time": 499.695,
          "Actual Rows": 5,
          "Actual Loops": 1,
          "Workers Planned": 4,
          "Workers Launched": 4,
          "Single Copy": false,
          "Plans": [
            {
              "Node Type": "Aggregate",
              "Strategy": "Plain",
              "Partial Mode": "Partial",
              "Parent Relationship": "Outer",
              "Parallel Aware": false,
              "Startup Cost": 356742.41,
              "Total Cost": 356742.42,
              "Plan Rows": 1,
              "Plan Width": 8,
              "Actual Startup Time": 416.983,
              "Actual Total Time": 416.984,
              "Actual Rows": 1,
              "Actual Loops": 5,
              "Plans": [
                {
                  "Node Type": "Nested Loop",
                  "Parent Relationship": "Outer",
                  "Parallel Aware": false,
                  "Join Type": "Inner",
                  "Startup Cost": 0.56,
                  "Total Cost": 356630.99,
                  "Plan Rows": 44566,
                  "Plan Width": 0,
                  "Actual Startup Time": 0.689,
                  "Actual Total Time": 414.133,
                  "Actual Rows": 39436,
                  "Actual Loops": 5,
                  "Inner Unique": false,
                  "Plans": [
                    {
                      "Node Type": "Seq Scan",
                      "Parent Relationship": "Outer",
                      "Parallel Aware": true,
                      "Relation Name": "title",
                      "Alias": "t",
                      "Startup Cost": 0.0,
                      "Total Cost": 45479.1,
                      "Plan Rows": 11996,
                      "Plan Width": 4,
                      "Actual Startup Time": 0.385,
                      "Actual Total Time": 68.036,
                      "Actual Rows": 7750,
                      "Actual Loops": 5,
                      "Filter": "((kind_id < 7) AND (production_year = 2008))",
                      "Rows Removed by Filter": 497912
                    },
                    {
                      "Node Type": "Index Scan",
                      "Parent Relationship": "Inner",
                      "Parallel Aware": false,
                      "Scan Direction": "Forward",
                      "Index Name": "movie_id_cast_info",
                      "Relation Name": "cast_info",
                      "Alias": "ci",
                      "Startup Cost": 0.56,
                      "Total Cost": 25.84,
                      "Plan Rows": 10,
                      "Plan Width": 4,
                      "Actual Startup Time": 0.012,
                      "Actual Total Time": 0.044,
                      "Actual Rows": 5,
                      "Actual Loops": 38752,
                      "Index Cond": "(movie_id = t.id)",
                      "Rows Removed by Index Recheck": 0,
                      "Filter": "((person_id < 1701572) AND (role_id < 3))",
                      "Rows Removed by Filter": 11
                    }
                  ]
                }
              ]
            }
          ]
        }
      ]
    },
    "Planning Time": 0.663,
    "Triggers": [],
    "Execution Time": 499.799
  }
]