{
  "Plan": {
    "Node Type": "Aggregate",
    "Strategy": "Plain",
    "Partial Mode": "Finalize",
    "Parallel Aware": false,
    "Startup Cost": 413289.49,
    "Total Cost": 413289.51,
    "Plan Rows": 1,
    "Plan Width": 8,
    "Actual Startup Time": 2710.692,
    "Actual Total Time": 2753.469,
    "Actual Rows": 1,
    "Actual Loops": 1,
    "Plans": [
      {
        "Node Type": "Gather",
        "Parent Relationship": "Outer",
        "Parallel Aware": false,
        "Startup Cost": 413289.38,
        "Total Cost": 413289.49,
        "Plan Rows": 1,
        "Plan Width": 8,
        "Actual Startup Time": 2707.247,
        "Actual Total Time": 2753.46,
        "Actual Rows": 2,
        "Actual Loops": 1,
        "Workers Planned": 1,
        "Workers Launched": 1,
        "Single Copy": false,
        "Plans": [
          {
            "Node Type": "Aggregate",
            "Strategy": "Plain",
            "Partial Mode": "Partial",
            "Parent Relationship": "Outer",
            "Parallel Aware": false,
            "Startup Cost": 412289.38,
            "Total Cost": 412289.39,
            "Plan Rows": 1,
            "Plan Width": 8,
            "Actual Startup Time": 2701.045,
            "Actual Total Time": 2701.052,
            "Actual Rows": 1,
            "Actual Loops": 2,
            "Plans": [
              {
                "Node Type": "Hash Join",
                "Parent Relationship": "Outer",
                "Parallel Aware": true,
                "Join Type": "Inner",
                "Startup Cost": 92244.75,
                "Total Cost": 406773.68,
                "Plan Rows": 2206281,
                "Plan Width": 0,
                "Actual Startup Time": 687.726,
                "Actual Total Time": 2600.514,
                "Actual Rows": 2282598,
                "Actual Loops": 2,
                "Inner Unique": false,
                "Hash Cond": "(mi.movie_id = t.id)",
                "Plans": [
                  {
                    "Node Type": "Seq Scan",
                    "Parent Relationship": "Outer",
                    "Parallel Aware": true,
                    "Relation Name": "movie_info",
                    "Alias": "mi",
                    "Startup Cost": 0.0,
                    "Total Cost": 270696.42,
                    "Plan Rows": 8227834,
                    "Plan Width": 4,
                    "Actual Startup Time": 0.018,
                    "Actual Total Time": 839.889,
                    "Actual Rows": 7016790,
                    "Actual Loops": 2,
                    "Filter": "(info_type_id > 1)",
                    "Rows Removed by Filter": 401070
                  },
                  {
                    "Node Type": "Hash",
                    "Parent Relationship": "Inner",
                    "Parallel Aware": true,
                    "Startup Cost": 87259.77,
                    "Total Cost": 87259.77,
                    "Plan Rows": 398799,
                    "Plan Width": 8,
                    "Actual Startup Time": 677.209,
                    "Actual Total Time": 677.214,
                    "Actual Rows": 250045,
                    "Actual Loops": 2,
                    "Hash Buckets": 1048576,
                    "Original Hash Buckets": 1048576,
                    "Hash Batches": 1,
                    "Original Hash Batches": 1,
                    "Peak Memory Usage": 27808,
                    "Plans": [
                      {
                        "Node Type": "Hash Join",
                        "Parent Relationship": "Outer",
                        "Parallel Aware": true,
                        "Join Type": "Inner",
                        "Startup Cost": 24840.09,
                        "Total Cost": 87259.77,
                        "Plan Rows": 398799,
                        "Plan Width": 8,
                        "Actual Startup Time": 190.63,
                        "Actual Total Time": 611.723,
                        "Actual Rows": 250045,
                        "Actual Loops": 2,
                        "Inner Unique": false,
                        "Hash Cond": "(t.id = mi_idx.movie_id)",
                        "Plans": [
                          {
                            "Node Type": "Seq Scan",
                            "Parent Relationship": "Outer",
                            "Parallel Aware": true,
                            "Relation Name": "title",
                            "Alias": "t",
                            "Startup Cost": 0.0,
                            "Total Cost": 54588.39,
                            "Plan Rows": 1097081,
                            "Plan Width": 4,
                            "Actual Startup Time": 0.012,
                            "Actual Total Time": 153.273,
                            "Actual Rows": 932744,
                            "Actual Loops": 2,
                            "Filter": "(kind_id > 1)",
                            "Rows Removed by Filter": 331412
                          },
                          {
                            "Node Type": "Hash",
                            "Parent Relationship": "Inner",
                            "Parallel Aware": true,
                            "Startup Cost": 18082.32,
                            "Total Cost": 18082.32,
                            "Plan Rows": 540622,
                            "Plan Width": 4,
                            "Actual Startup Time": 185.012,
                            "Actual Total Time": 185.013,
                            "Actual Rows": 459925,
                            "Actual Loops": 2,
                            "Hash Buckets": 1048576,
                            "Original Hash Buckets": 1048576,
                            "Hash Batches": 1,
                            "Original Hash Batches": 1,
                            "Peak Memory Usage": 44224,
                            "Plans": [
                              {
                                "Node Type": "Seq Scan",
                                "Parent Relationship": "Outer",
                                "Parallel Aware": true,
                                "Relation Name": "movie_info_idx",
                                "Alias": "mi_idx",
                                "Startup Cost": 0.0,
                                "Total Cost": 18082.32,
                                "Plan Rows": 540622,
                                "Plan Width": 4,
                                "Actual Startup Time": 0.056,
                                "Actual Total Time": 78.111,
                                "Actual Rows": 459925,
                                "Actual Loops": 2,
                                "Filter": "(info_type_id < 101)",
                                "Rows Removed by Filter": 230092
                              }
                            ]
                          }
                        ]
                      }
                    ]
                  }
                ]
              }
            ]
          }
        ]
      }
    ]
  },
  "Planning Time": 0.997,
  "Triggers": [],
  "Execution Time": 2753.556
}