[
  {
    "Plan": {
      "Node Type": "Aggregate",
      "Strategy": "Plain",
      "Partial Mode": "Finalize",
      "Parallel Aware": false,
      "Startup Cost": 331874.94,
      "Total Cost": 331874.95,
      "Plan Rows": 1,
      "Plan Width": 8,
      "Actual Startup Time": 2569.576,
      "Actual Total Time": 2694.703,
      "Actual Rows": 1,
      "Actual Loops": 1,
      "Plans": [
        {
          "Node Type": "Gather",
          "Parent Relationship": "Outer",
          "Parallel Aware": false,
          "Startup Cost": 331874.41,
          "Total Cost": 331874.92,
          "Plan Rows": 5,
          "Plan Width": 8,
          "Actual Startup Time": 2568.774,
          "Actual Total Time": 2694.687,
          "Actual Rows": 6,
          "Actual Loops": 1,
          "Workers Planned": 5,
          "Workers Launched": 5,
          "Single Copy": false,
          "Plans": [
            {
              "Node Type": "Aggregate",
              "Strategy": "Plain",
              "Partial Mode": "Partial",
              "Parent Relationship": "Outer",
              "Parallel Aware": false,
              "Startup Cost": 330874.41,
              "Total Cost": 330874.42,
              "Plan Rows": 1,
              "Plan Width": 8,
              "Actual Startup Time": 2562.108,
              "Actual Total Time": 2562.112,
              "Actual Rows": 1,
              "Actual Loops": 6,
              "Plans": [
                {
                  "Node Type": "Nested Loop",
                  "Parent Relationship": "Outer",
                  "Parallel Aware": false,
                  "Join Type": "Inner",
                  "Startup Cost": 46127.2,
                  "Total Cost": 329584.48,
                  "Plan Rows": 515972,
                  "Plan Width": 0,
                  "Actual Startup Time": 107.008,
                  "Actual Total Time": 2453.605,
                  "Actual Rows": 2408678,
                  "Actual Loops": 6,
                  "Inner Unique": false,
                  "Join Filter": "(t.id = ci.movie_id)",
                  "Rows Removed by Join Filter": 0,
                  "Plans": [
                    {
                      "Node Type": "Hash Join",
                      "Parent Relationship": "Outer",
                      "Parallel Aware": true,
                      "Join Type": "Inner",
                      "Startup Cost": 46126.64,
                      "Total Cost": 246388.43,
                      "Plan Rows": 35987,
                      "Plan Width": 8,
                      "Actual Startup Time": 106.888,
                      "Actual Total Time": 475.628,
                      "Actual Rows": 48649,
                      "Actual Loops": 6,
                      "Inner Unique": true,
                      "Hash Cond": "(mi.movie_id = t.id)",
                      "Plans": [
                        {
                          "Node Type": "Seq Scan",
                          "Parent Relationship": "Outer",
                          "Parallel Aware": true,
                          "Relation Name": "movie_info",
                          "Alias": "mi",
                          "Startup Cost": 0.0,
                          "Total Cost": 199108.24,
                          "Plan Rows": 439450,
                          "Plan Width": 4,
                          "Actual Startup Time": 16.807,
                          "Actual Total Time": 307.195,
                          "Actual Rows": 372308,
                          "Actual Loops": 6,
                          "Filter": "(info_type_id > 16)",
                          "Rows Removed by Filter": 2100312
                        },
                        {
                          "Node Type": "Hash",
                          "Parent Relationship": "Inner",
                          "Parallel Aware": true,
                          "Startup Cost": 45479.59,
                          "Total Cost": 45479.59,
                          "Plan Rows": 51764,
                          "Plan Width": 4,
                          "Actual Startup Time": 88.763,
                          "Actual Total Time": 88.764,
                          "Actual Rows": 30639,
                          "Actual Loops": 6,
                          "Hash Buckets": 262144,
                          "Original Hash Buckets": 262144,
                          "Hash Batches": 1,
                          "Original Hash Batches": 1,
                          "Peak Memory Usage": 9344,
                          "Plans": [
                            {
                              "Node Type": "Seq Scan",
                              "Parent Relationship": "Outer",
                              "Parallel Aware": true,
                              "Relation Name": "title",
                              "Alias": "t",
                              "Startup Cost": 0.0,
                              "Total Cost": 45479.59,
                              "Plan Rows": 51764,
                              "Plan Width": 4,
                              "Actual Startup Time": 0.06,
                              "Actual Total Time": 77.272,
                              "Actual Rows": 30639,
                              "Actual Loops": 6,
                              "Filter": "((kind_id < 7) AND (production_year > 2009))",
                              "Rows Removed by Filter": 390746
                            }
                          ]
                        }
                      ]
                    },
                    {
                      "Node Type": "Index Only Scan",
                      "Parent Relationship": "Inner",
                      "Parallel Aware": false,
                      "Scan Direction": "Forward",
                      "Index Name": "movie_id_cast_info",
                      "Relation Name": "cast_info",
                      "Alias": "ci",
                      "Startup Cost": 0.56,
                      "Total Cost": 1.87,
                      "Plan Rows": 35,
                      "Plan Width": 4,
                      "Actual Startup Time": 0.006,
                      "Actual Total Time": 0.036,
                      "Actual Rows": 50,
                      "Actual Loops": 291892,
                      "Index Cond": "(movie_id = mi.movie_id)",
                      "Rows Removed by Index Recheck": 0,
                      "Heap Fetches": 14452067
                    }
                  ]
                }
              ]
            }
          ]
        }
      ]
    },
    "Planning Time": 0.924,
    "Triggers": [],
    "Execution Time": 2694.8
  }
]