{
  "Plan": {
    "Node Type": "Aggregate",
    "Strategy": "Plain",
    "Partial Mode": "Finalize",
    "Parallel Aware": false,
    "Startup Cost": 103239.27,
    "Total Cost": 103239.28,
    "Plan Rows": 1,
    "Plan Width": 8,
    "Actual Startup Time": 348.997,
    "Actual Total Time": 362.837,
    "Actual Rows": 1,
    "Actual Loops": 1,
    "Plans": [
      {
        "Node Type": "Gather",
        "Parent Relationship": "Outer",
        "Parallel Aware": false,
        "Startup Cost": 103239.16,
        "Total Cost": 103239.27,
        "Plan Rows": 1,
        "Plan Width": 8,
        "Actual Startup Time": 348.48,
        "Actual Total Time": 362.831,
        "Actual Rows": 2,
        "Actual Loops": 1,
        "Workers Planned": 1,
        "Workers Launched": 1,
        "Single Copy": false,
        "Plans": [
          {
            "Node Type": "Aggregate",
            "Strategy": "Plain",
            "Partial Mode": "Partial",
            "Parent Relationship": "Outer",
            "Parallel Aware": false,
            "Startup Cost": 102239.16,
            "Total Cost": 102239.17,
            "Plan Rows": 1,
            "Plan Width": 8,
            "Actual Startup Time": 342.415,
            "Actual Total Time": 342.422,
            "Actual Rows": 1,
            "Actual Loops": 2,
            "Plans": [
              {
                "Node Type": "Hash Join",
                "Parent Relationship": "Outer",
                "Parallel Aware": true,
                "Join Type": "Inner",
                "Startup Cost": 83108.2,
                "Total Cost": 102229.05,
                "Plan Rows": 4045,
                "Plan Width": 0,
                "Actual Startup Time": 293.536,
                "Actual Total Time": 340.484,
                "Actual Rows": 47822,
                "Actual Loops": 2,
                "Inner Unique": false,
                "Hash Cond": "(mi_idx.movie_id = t.id)",
                "Plans": [
                  {
                    "Node Type": "Seq Scan",
                    "Parent Relationship": "Outer",
                    "Parallel Aware": true,
                    "Relation Name": "movie_info_idx",
                    "Alias": "mi_idx",
                    "Startup Cost": 0.0,
                    "Total Cost": 16052.85,
                    "Plan Rows": 811785,
                    "Plan Width": 4,
                    "Actual Startup Time": 0.017,
                    "Actual Total Time": 47.107,
                    "Actual Rows": 690018,
                    "Actual Loops": 2
                  },
                  {
                    "Node Type": "Hash",
                    "Parent Relationship": "Inner",
                    "Parallel Aware": true,
                    "Startup Cost": 83015.56,
                    "Total Cost": 83015.56,
                    "Plan Rows": 7411,
                    "Plan Width": 8,
                    "Actual Startup Time": 231.951,
                    "Actual Total Time": 231.956,
                    "Actual Rows": 28706,
                    "Actual Loops": 2,
                    "Hash Buckets": 65536,
                    "Original Hash Buckets": 16384,
                    "Hash Batches": 1,
                    "Original Hash Batches": 1,
                    "Peak Memory Usage": 3200,
                    "Plans": [
                      {
                        "Node Type": "Hash Join",
                        "Parent Relationship": "Outer",
                        "Parallel Aware": true,
                        "Join Type": "Inner",
                        "Startup Cost": 22598.86,
                        "Total Cost": 83015.56,
                        "Plan Rows": 7411,
                        "Plan Width": 8,
                        "Actual Startup Time": 142.638,
                        "Actual Total Time": 224.341,
                        "Actual Rows": 28706,
                        "Actual Loops": 2,
                        "Inner Unique": false,
                        "Hash Cond": "(t.id = mc.movie_id)",
                        "Plans": [
                          {
                            "Node Type": "Seq Scan",
                            "Parent Relationship": "Outer",
                            "Parallel Aware": true,
                            "Relation Name": "title",
                            "Alias": "t",
                            "Startup Cost": 0.0,
                            "Total Cost": 58306.47,
                            "Plan Rows": 330663,
                            "Plan Width": 4,
                            "Actual Startup Time": 0.014,
                            "Actual Total Time": 129.474,
                            "Actual Rows": 320892,
                            "Actual Loops": 2,
                            "Filter": "((kind_id < 7) AND (production_year < 2006))",
                            "Rows Removed by Filter": 943264
                          },
                          {
                            "Node Type": "Hash",
                            "Parent Relationship": "Inner",
                            "Parallel Aware": true,
                            "Startup Cost": 22182.24,
                            "Total Cost": 22182.24,
                            "Plan Rows": 33330,
                            "Plan Width": 4,
                            "Actual Startup Time": 46.405,
                            "Actual Total Time": 46.407,
                            "Actual Rows": 53193,
                            "Actual Loops": 2,
                            "Hash Buckets": 131072,
                            "Original Hash Buckets": 65536,
                            "Hash Batches": 1,
                            "Original Hash Batches": 1,
                            "Peak Memory Usage": 5728,
                            "Plans": [
                              {
                                "Node Type": "Bitmap Heap Scan",
                                "Parent Relationship": "Outer",
                                "Parallel Aware": true,
                                "Relation Name": "movie_companies",
                                "Alias": "mc",
                                "Startup Cost": 2407.57,
                                "Total Cost": 22182.24,
                                "Plan Rows": 33330,
                                "Plan Width": 4,
                                "Actual Startup Time": 9.634,
                                "Actual Total Time": 31.705,
                                "Actual Rows": 53193,
                                "Actual Loops": 2,
                                "Recheck Cond": "(company_id > 153902)",
                                "Rows Removed by Index Recheck": 0,
                                "Filter": "(company_type_id > 1)",
                                "Rows Removed by Filter": 0,
                                "Exact Heap Blocks": 2482,
                                "Lossy Heap Blocks": 0,
                                "Plans": [
                                  {
                                    "Node Type": "Bitmap Index Scan",
                                    "Parent Relationship": "Outer",
                                    "Parallel Aware": false,
                                    "Index Name": "company_id_movie_companies",
                                    "Startup Cost": 0.0,
                                    "Total Cost": 2393.4,
                                    "Plan Rows": 111596,
                                    "Plan Width": 0,
                                    "Actual Startup Time": 13.775,
                                    "Actual Total Time": 13.775,
                                    "Actual Rows": 106386,
                                    "Actual Loops": 1,
                                    "Index Cond": "(company_id > 153902)"
                                  }
                                ]
                              }
                            ]
                          }
                        ]
                      }
                    ]
                  }
                ]
              }
            ]
          }
        ]
      }
    ]
  },
  "Planning Time": 0.652,
  "Triggers": [],
  "Execution Time": 362.908
}