[
  {
    "Plan": {
      "Node Type": "Aggregate",
      "Strategy": "Plain",
      "Partial Mode": "Finalize",
      "Parallel Aware": false,
      "Startup Cost": 95430.13,
      "Total Cost": 95430.14,
      "Plan Rows": 1,
      "Plan Width": 8,
      "Actual Startup Time": 643.379,
      "Actual Total Time": 666.991,
      "Actual Rows": 1,
      "Actual Loops": 1,
      "Plans": [
        {
          "Node Type": "Gather",
          "Parent Relationship": "Outer",
          "Parallel Aware": false,
          "Startup Cost": 95429.82,
          "Total Cost": 95430.13,
          "Plan Rows": 3,
          "Plan Width": 8,
          "Actual Startup Time": 636.12,
          "Actual Total Time": 666.96,
          "Actual Rows": 4,
          "Actual Loops": 1,
          "Workers Planned": 3,
          "Workers Launched": 3,
          "Single Copy": false,
          "Plans": [
            {
              "Node Type": "Aggregate",
              "Strategy": "Plain",
              "Partial Mode": "Partial",
              "Parent Relationship": "Outer",
              "Parallel Aware": false,
              "Startup Cost": 94429.82,
              "Total Cost": 94429.83,
              "Plan Rows": 1,
              "Plan Width": 8,
              "Actual Startup Time": 627.358,
              "Actual Total Time": 627.363,
              "Actual Rows": 1,
              "Actual Loops": 4,
              "Plans": [
                {
                  "Node Type": "Hash Join",
                  "Parent Relationship": "Outer",
                  "Parallel Aware": true,
                  "Join Type": "Inner",
                  "Startup Cost": 48044.05,
                  "Total Cost": 93200.46,
                  "Plan Rows": 491741,
                  "Plan Width": 0,
                  "Actual Startup Time": 291.148,
                  "Actual Total Time": 607.176,
                  "Actual Rows": 293448,
                  "Actual Loops": 4,
                  "Inner Unique": true,
                  "Hash Cond": "(mk.movie_id = t.id)",
                  "Plans": [
                    {
                      "Node Type": "Seq Scan",
                      "Parent Relationship": "Outer",
                      "Parallel Aware": true,
                      "Relation Name": "movie_keyword",
                      "Alias": "mk",
                      "Startup Cost": 0.0,
                      "Total Cost": 42695.65,
                      "Plan Rows": 937434,
                      "Plan Width": 4,
                      "Actual Startup Time": 0.037,
                      "Actual Total Time": 166.688,
                      "Actual Rows": 729091,
                      "Actual Loops": 4,
                      "Filter": "(keyword_id < 9474)",
                      "Rows Removed by Filter": 401892
                    },
                    {
                      "Node Type": "Hash",
                      "Parent Relationship": "Inner",
                      "Parallel Aware": true,
                      "Startup Cost": 43899.32,
                      "Total Cost": 43899.32,
                      "Plan Rows": 331578,
                      "Plan Width": 4,
                      "Actual Startup Time": 285.782,
                      "Actual Total Time": 285.783,
                      "Actual Rows": 330716,
                      "Actual Loops": 4,
                      "Hash Buckets": 2097152,
                      "Original Hash Buckets": 2097152,
                      "Hash Batches": 1,
                      "Original Hash Batches": 1,
                      "Peak Memory Usage": 68192,
                      "Plans": [
                        {
                          "Node Type": "Seq Scan",
                          "Parent Relationship": "Outer",
                          "Parallel Aware": true,
                          "Relation Name": "title",
                          "Alias": "t",
                          "Startup Cost": 0.0,
                          "Total Cost": 43899.32,
                          "Plan Rows": 331578,
                          "Plan Width": 4,
                          "Actual Startup Time": 0.043,
                          "Actual Total Time": 134.26,
                          "Actual Rows": 330716,
                          "Actual Loops": 4,
                          "Filter": "(production_year > 2001)",
                          "Rows Removed by Filter": 301362
                        }
                      ]
                    }
                  ]
                }
              ]
            }
          ]
        }
      ]
    },
    "Planning Time": 0.179,
    "Triggers": [],
    "Execution Time": 667.028
  }
]