[
  {
    "Plan": {
      "Node Type": "Aggregate",
      "Strategy": "Plain",
      "Partial Mode": "Simple",
      "Parallel Aware": false,
      "Startup Cost": 199542.07,
      "Total Cost": 199542.08,
      "Plan Rows": 1,
      "Plan Width": 68,
      "Actual Startup Time": 1118.478,
      "Actual Total Time": 1127.373,
      "Actual Rows": 1,
      "Actual Loops": 1,
      "Plans": [
        {
          "Node Type": "Merge Join",
          "Parent Relationship": "Outer",
          "Parallel Aware": false,
          "Join Type": "Inner",
          "Startup Cost": 105162.88,
          "Total Cost": 199541.24,
          "Plan Rows": 111,
          "Plan Width": 45,
          "Actual Startup Time": 1114.973,
          "Actual Total Time": 1127.332,
          "Actual Rows": 142,
          "Actual Loops": 1,
          "Inner Unique": false,
          "Merge Cond": "(t.id = mc.movie_id)",
          "Plans": [
            {
              "Node Type": "Gather Merge",
              "Parent Relationship": "Outer",
              "Parallel Aware": false,
              "Startup Cost": 69531.74,
              "Total Cost": 163950.01,
              "Plan Rows": 12213,
              "Plan Width": 29,
              "Actual Startup Time": 862.098,
              "Actual Total Time": 871.749,
              "Actual Rows": 250,
              "Actual Loops": 1,
              "Workers Planned": 4,
              "Workers Launched": 4,
              "Plans": [
                {
                  "Node Type": "Merge Join",
                  "Parent Relationship": "Outer",
                  "Parallel Aware": false,
                  "Join Type": "Inner",
                  "Startup Cost": 68531.68,
                  "Total Cost": 161495.26,
                  "Plan Rows": 3053,
                  "Plan Width": 29,
                  "Actual Startup Time": 842.761,
                  "Actual Total Time": 1046.423,
                  "Actual Rows": 50,
                  "Actual Loops": 5,
                  "Inner Unique": false,
                  "Merge Cond": "(t.id = mi_idx.movie_id)",
                  "Plans": [
                    {
                      "Node Type": "Index Scan",
                      "Parent Relationship": "Outer",
                      "Parallel Aware": true,
                      "Scan Direction": "Forward",
                      "Index Name": "title_pkey",
                      "Relation Name": "title",
                      "Alias": "t",
                      "Startup Cost": 0.43,
                      "Total Cost": 91386.98,
                      "Plan Rows": 632063,
                      "Plan Width": 25,
                      "Actual Startup Time": 0.093,
                      "Actual Total Time": 558.661,
                      "Actual Rows": 503319,
                      "Actual Loops": 5
                    },
                    {
                      "Node Type": "Sort",
                      "Parent Relationship": "Inner",
                      "Parallel Aware": false,
                      "Startup Cost": 68531.25,
                      "Total Cost": 68561.78,
                      "Plan Rows": 12213,
                      "Plan Width": 4,
                      "Actual Startup Time": 442.107,
                      "Actual Total Time": 442.186,
                      "Actual Rows": 250,
                      "Actual Loops": 5,
                      "Sort Key": [
                        "mi_idx.movie_id"
                      ],
                      "Sort Method": "quicksort",
                      "Sort Space Used": 36,
                      "Sort Space Type": "Memory",
                      "Workers": [
                        {
                          "Worker Number": 0,
                          "Sort Method": "quicksort",
                          "Sort Space Used": 36,
                          "Sort Space Type": "Memory"
                        },
                        {
                          "Worker Number": 1,
                          "Sort Method": "quicksort",
                          "Sort Space Used": 36,
                          "Sort Space Type": "Memory"
                        },
                        {
                          "Worker Number": 2,
                          "Sort Method": "quicksort",
                          "Sort Space Used": 36,
                          "Sort Space Type": "Memory"
                        },
                        {
                          "Worker Number": 3,
                          "Sort Method": "quicksort",
                          "Sort Space Used": 36,
                          "Sort Space Type": "Memory"
                        }
                      ],
                      "Plans": [
                        {
                          "Node Type": "Merge Join",
                          "Parent Relationship": "Outer",
                          "Parallel Aware": false,
                          "Join Type": "Inner",
                          "Startup Cost": 2.86,
                          "Total Cost": 67702.22,
                          "Plan Rows": 12213,
                          "Plan Width": 4,
                          "Actual Startup Time": 441.84,
                          "Actual Total Time": 441.937,
                          "Actual Rows": 250,
                          "Actual Loops": 5,
                          "Inner Unique": true,
                          "Merge Cond": "(mi_idx.info_type_id = it.id)",
                          "Plans": [
                            {
                              "Node Type": "Index Scan",
                              "Parent Relationship": "Outer",
                              "Parallel Aware": false,
                              "Scan Direction": "Forward",
                              "Index Name": "info_type_id_movie_info_idx",
                              "Relation Name": "movie_info_idx",
                              "Alias": "mi_idx",
                              "Startup Cost": 0.43,
                              "Total Cost": 64127.57,
                              "Plan Rows": 1380035,
                              "Plan Width": 8,
                              "Actual Startup Time": 0.174,
                              "Actual Total Time": 330.417,
                              "Actual Rows": 1380026,
                              "Actual Loops": 5
                            },
                            {
                              "Node Type": "Sort",
                              "Parent Relationship": "Inner",
                              "Parallel Aware": false,
                              "Startup Cost": 2.42,
                              "Total Cost": 2.43,
                              "Plan Rows": 1,
                              "Plan Width": 4,
                              "Actual Startup Time": 0.104,
                              "Actual Total Time": 0.106,
                              "Actual Rows": 1,
                              "Actual Loops": 5,
                              "Sort Key": [
                                "it.id"
                              ],
                              "Sort Method": "quicksort",
                              "Sort Space Used": 25,
                              "Sort Space Type": "Memory",
                              "Workers": [
                                {
                                  "Worker Number": 0,
                                  "Sort Method": "quicksort",
                                  "Sort Space Used": 25,
                                  "Sort Space Type": "Memory"
                                },
                                {
                                  "Worker Number": 1,
                                  "Sort Method": "quicksort",
                                  "Sort Space Used": 25,
                                  "Sort Space Type": "Memory"
                                },
                                {
                                  "Worker Number": 2,
                                  "Sort Method": "quicksort",
                                  "Sort Space Used": 25,
                                  "Sort Space Type": "Memory"
                                },
                                {
                                  "Worker Number": 3,
                                  "Sort Method": "quicksort",
                                  "Sort Space Used": 25,
                                  "Sort Space Type": "Memory"
                                }
                              ],
                              "Plans": [
                                {
                                  "Node Type": "Seq Scan",
                                  "Parent Relationship": "Outer",
                                  "Parallel Aware": false,
                                  "Relation Name": "info_type",
                                  "Alias": "it",
                                  "Startup Cost": 0.0,
                                  "Total Cost": 2.41,
                                  "Plan Rows": 1,
                                  "Plan Width": 4,
                                  "Actual Startup Time": 0.071,
                                  "Actual Total Time": 0.072,
                                  "Actual Rows": 1,
                                  "Actual Loops": 5,
                                  "Filter": "((info)::text = 'top 250 rank'::text)",
                                  "Rows Removed by Filter": 112
                                }
                              ]
                            }
                          ]
                        }
                      ]
                    }
                  ]
                }
              ]
            },
            {
              "Node Type": "Sort",
              "Parent Relationship": "Inner",
              "Parallel Aware": false,
              "Startup Cost": 35631.14,
              "Total Cost": 35642.22,
              "Plan Rows": 4431,
              "Plan Width": 28,
              "Actual Startup Time": 251.47,
              "Actual Total Time": 253.126,
              "Actual Rows": 28348,
              "Actual Loops": 1,
              "Sort Key": [
                "mc.movie_id"
              ],
              "Sort Method": "quicksort",
              "Sort Space Used": 2821,
              "Sort Space Type": "Memory",
              "Plans": [
                {
                  "Node Type": "Gather",
                  "Parent Relationship": "Outer",
                  "Parallel Aware": false,
                  "Startup Cost": 34876.78,
                  "Total Cost": 35362.77,
                  "Plan Rows": 4431,
                  "Plan Width": 28,
                  "Actual Startup Time": 233.818,
                  "Actual Total Time": 241.181,
                  "Actual Rows": 28657,
                  "Actual Loops": 1,
                  "Workers Planned": 3,
                  "Workers Launched": 3,
                  "Single Copy": false,
                  "Plans": [
                    {
                      "Node Type": "Merge Join",
                      "Parent Relationship": "Outer",
                      "Parallel Aware": false,
                      "Join Type": "Inner",
                      "Startup Cost": 33876.78,
                      "Total Cost": 33919.67,
                      "Plan Rows": 1429,
                      "Plan Width": 28,
                      "Actual Startup Time": 224.017,
                      "Actual Total Time": 225.663,
                      "Actual Rows": 7164,
                      "Actual Loops": 4,
                      "Inner Unique": true,
                      "Merge Cond": "(mc.company_type_id = ct.id)",
                      "Plans": [
                        {
                          "Node Type": "Sort",
                          "Parent Relationship": "Outer",
                          "Parallel Aware": false,
                          "Startup Cost": 33875.72,
                          "Total Cost": 33890.02,
                          "Plan Rows": 5717,
                          "Plan Width": 32,
                          "Actual Startup Time": 223.906,
                          "Actual Total Time": 224.269,
                          "Actual Rows": 7222,
                          "Actual Loops": 4,
                          "Sort Key": [
                            "mc.company_type_id"
                          ],
                          "Sort Method": "quicksort",
                          "Sort Space Used": 718,
                          "Sort Space Type": "Memory",
                          "Workers": [
                            {
                              "Worker Number": 0,
                              "Sort Method": "quicksort",
                              "Sort Space Used": 728,
                              "Sort Space Type": "Memory"
                            },
                            {
                              "Worker Number": 1,
                              "Sort Method": "quicksort",
                              "Sort Space Used": 1158,
                              "Sort Space Type": "Memory"
                            },
                            {
                              "Worker Number": 2,
                              "Sort Method": "quicksort",
                              "Sort Space Used": 713,
                              "Sort Space Type": "Memory"
                            }
                          ],
                          "Plans": [
                            {
                              "Node Type": "Seq Scan",
                              "Parent Relationship": "Outer",
                              "Parallel Aware": true,
                              "Relation Name": "movie_companies",
                              "Alias": "mc",
                              "Startup Cost": 0.0,
                              "Total Cost": 33518.95,
                              "Plan Rows": 5717,
                              "Plan Width": 32,
                              "Actual Startup Time": 44.129,
                              "Actual Total Time": 220.903,
                              "Actual Rows": 7222,
                              "Actual Loops": 4,
                              "Filter": "((note !~~ '%(as Metro-Goldwyn-Mayer Pictures)%'::text) AND ((note ~~ '%(co-production)%'::text) OR (note ~~ '%(presents)%'::text)))",
                              "Rows Removed by Filter": 645060
                            }
                          ]
                        },
                        {
                          "Node Type": "Sort",
                          "Parent Relationship": "Inner",
                          "Parallel Aware": false,
                          "Startup Cost": 1.06,
                          "Total Cost": 1.06,
                          "Plan Rows": 1,
                          "Plan Width": 4,
                          "Actual Startup Time": 0.084,
                          "Actual Total Time": 0.085,
                          "Actual Rows": 1,
                          "Actual Loops": 4,
                          "Sort Key": [
                            "ct.id"
                          ],
                          "Sort Method": "quicksort",
                          "Sort Space Used": 25,
                          "Sort Space Type": "Memory",
                          "Workers": [
                            {
                              "Worker Number": 0,
                              "Sort Method": "quicksort",
                              "Sort Space Used": 25,
                              "Sort Space Type": "Memory"
                            },
                            {
                              "Worker Number": 1,
                              "Sort Method": "quicksort",
                              "Sort Space Used": 25,
                              "Sort Space Type": "Memory"
                            },
                            {
                              "Worker Number": 2,
                              "Sort Method": "quicksort",
                              "Sort Space Used": 25,
                              "Sort Space Type": "Memory"
                            }
                          ],
                          "Plans": [
                            {
                              "Node Type": "Seq Scan",
                              "Parent Relationship": "Outer",
                              "Parallel Aware": false,
                              "Relation Name": "company_type",
                              "Alias": "ct",
                              "Startup Cost": 0.0,
                              "Total Cost": 1.05,
                              "Plan Rows": 1,
                              "Plan Width": 4,
                              "Actual Startup Time": 0.059,
                              "Actual Total Time": 0.06,
                              "Actual Rows": 1,
                              "Actual Loops": 4,
                              "Filter": "((kind)::text = 'production companies'::text)",
                              "Rows Removed by Filter": 3
                            }
                          ]
                        }
                      ]
                    }
                  ]
                }
              ]
            }
          ]
        }
      ]
    },
    "Planning Time": 8.263,
    "Triggers": [],
    "Execution Time": 1128.232
  }
]