[
  {
    "Plan": {
      "Node Type": "Aggregate",
      "Strategy": "Plain",
      "Partial Mode": "Finalize",
      "Parallel Aware": false,
      "Startup Cost": 339927.28,
      "Total Cost": 339927.29,
      "Plan Rows": 1,
      "Plan Width": 8,
      "Actual Startup Time": 789.379,
      "Actual Total Time": 835.183,
      "Actual Rows": 1,
      "Actual Loops": 1,
      "Plans": [
        {
          "Node Type": "Gather",
          "Parent Relationship": "Outer",
          "Parallel Aware": false,
          "Startup Cost": 339926.66,
          "Total Cost": 339927.27,
          "Plan Rows": 6,
          "Plan Width": 8,
          "Actual Startup Time": 789.161,
          "Actual Total Time": 835.169,
          "Actual Rows": 7,
          "Actual Loops": 1,
          "Workers Planned": 6,
          "Workers Launched": 6,
          "Single Copy": false,
          "Plans": [
            {
              "Node Type": "Aggregate",
              "Strategy": "Plain",
              "Partial Mode": "Partial",
              "Parent Relationship": "Outer",
              "Parallel Aware": false,
              "Startup Cost": 338926.66,
              "Total Cost": 338926.67,
              "Plan Rows": 1,
              "Plan Width": 8,
              "Actual Startup Time": 781.712,
              "Actual Total Time": 781.714,
              "Actual Rows": 1,
              "Actual Loops": 7,
              "Plans": [
                {
                  "Node Type": "Seq Scan",
                  "Parent Relationship": "Outer",
                  "Parallel Aware": true,
                  "Relation Name": "cast_info",
                  "Alias": "ci",
                  "Startup Cost": 0.0,
                  "Total Cost": 328211.39,
                  "Plan Rows": 4286106,
                  "Plan Width": 0,
                  "Actual Startup Time": 0.046,
                  "Actual Total Time": 612.12,
                  "Actual Rows": 3691254,
                  "Actual Loops": 7,
                  "Filter": "(person_id < 2670225)",
                  "Rows Removed by Filter": 1486510
                }
              ]
            }
          ]
        }
      ]
    },
    "Planning Time": 0.098,
    "Triggers": [],
    "Execution Time": 835.228
  }
]