[
  {
    "Plan": {
      "Node Type": "Aggregate",
      "Strategy": "Plain",
      "Partial Mode": "Finalize",
      "Parallel Aware": false,
      "Startup Cost": 32295.0,
      "Total Cost": 32295.01,
      "Plan Rows": 1,
      "Plan Width": 8,
      "Actual Startup Time": 129.464,
      "Actual Total Time": 137.497,
      "Actual Rows": 1,
      "Actual Loops": 1,
      "Plans": [
        {
          "Node Type": "Gather",
          "Parent Relationship": "Outer",
          "Parallel Aware": false,
          "Startup Cost": 32294.68,
          "Total Cost": 32294.99,
          "Plan Rows": 3,
          "Plan Width": 8,
          "Actual Startup Time": 129.308,
          "Actual Total Time": 137.487,
          "Actual Rows": 4,
          "Actual Loops": 1,
          "Workers Planned": 3,
          "Workers Launched": 3,
          "Single Copy": false,
          "Plans": [
            {
              "Node Type": "Aggregate",
              "Strategy": "Plain",
              "Partial Mode": "Partial",
              "Parent Relationship": "Outer",
              "Parallel Aware": false,
              "Startup Cost": 31294.68,
              "Total Cost": 31294.69,
              "Plan Rows": 1,
              "Plan Width": 8,
              "Actual Startup Time": 121.558,
              "Actual Total Time": 121.559,
              "Actual Rows": 1,
              "Actual Loops": 4,
              "Plans": [
                {
                  "Node Type": "Seq Scan",
                  "Parent Relationship": "Outer",
                  "Parallel Aware": true,
                  "Relation Name": "movie_companies",
                  "Alias": "mc",
                  "Startup Cost": 0.0,
                  "Total Cost": 29310.68,
                  "Plan Rows": 793599,
                  "Plan Width": 0,
                  "Actual Startup Time": 0.043,
                  "Actual Total Time": 89.053,
                  "Actual Rows": 615955,
                  "Actual Loops": 4,
                  "Filter": "(company_id < 133993)",
                  "Rows Removed by Filter": 36327
                }
              ]
            }
          ]
        }
      ]
    },
    "Planning Time": 0.186,
    "Triggers": [],
    "Execution Time": 137.552
  }
]