[
  {
    "Plan": {
      "Node Type": "Aggregate",
      "Strategy": "Plain",
      "Partial Mode": "Finalize",
      "Parallel Aware": false,
      "Startup Cost": 292667.9,
      "Total Cost": 292667.91,
      "Plan Rows": 1,
      "Plan Width": 8,
      "Actual Startup Time": 1770.767,
      "Actual Total Time": 1820.307,
      "Actual Rows": 1,
      "Actual Loops": 1,
      "Plans": [
        {
          "Node Type": "Gather",
          "Parent Relationship": "Outer",
          "Parallel Aware": false,
          "Startup Cost": 292667.37,
          "Total Cost": 292667.88,
          "Plan Rows": 5,
          "Plan Width": 8,
          "Actual Startup Time": 1749.814,
          "Actual Total Time": 1820.294,
          "Actual Rows": 6,
          "Actual Loops": 1,
          "Workers Planned": 5,
          "Workers Launched": 5,
          "Single Copy": false,
          "Plans": [
            {
              "Node Type": "Aggregate",
              "Strategy": "Plain",
              "Partial Mode": "Partial",
              "Parent Relationship": "Outer",
              "Parallel Aware": false,
              "Startup Cost": 291667.37,
              "Total Cost": 291667.38,
              "Plan Rows": 1,
              "Plan Width": 8,
              "Actual Startup Time": 1738.932,
              "Actual Total Time": 1738.954,
              "Actual Rows": 1,
              "Actual Loops": 6,
              "Plans": [
                {
                  "Node Type": "Hash Join",
                  "Parent Relationship": "Outer",
                  "Parallel Aware": true,
                  "Join Type": "Inner",
                  "Startup Cost": 83885.66,
                  "Total Cost": 289100.56,
                  "Plan Rows": 1026726,
                  "Plan Width": 0,
                  "Actual Startup Time": 492.942,
                  "Actual Total Time": 1612.503,
                  "Actual Rows": 2698729,
                  "Actual Loops": 6,
                  "Inner Unique": false,
                  "Hash Cond": "(mi.movie_id = t.id)",
                  "Plans": [
                    {
                      "Node Type": "Seq Scan",
                      "Parent Relationship": "Outer",
                      "Parallel Aware": true,
                      "Relation Name": "movie_info",
                      "Alias": "mi",
                      "Startup Cost": 0.0,
                      "Total Cost": 191560.33,
                      "Plan Rows": 2956733,
                      "Plan Width": 4,
                      "Actual Startup Time": 0.016,
                      "Actual Total Time": 326.877,
                      "Actual Rows": 2472620,
                      "Actual Loops": 6
                    },
                    {
                      "Node Type": "Hash",
                      "Parent Relationship": "Inner",
                      "Parallel Aware": true,
                      "Startup Cost": 81142.06,
                      "Total Cost": 81142.06,
                      "Plan Rows": 219488,
                      "Plan Width": 8,
                      "Actual Startup Time": 487.633,
                      "Actual Total Time": 487.653,
                      "Actual Rows": 179814,
                      "Actual Loops": 6,
                      "Hash Buckets": 2097152,
                      "Original Hash Buckets": 1048576,
                      "Hash Batches": 1,
                      "Original Hash Batches": 1,
                      "Peak Memory Usage": 66912,
                      "Plans": [
                        {
                          "Node Type": "Hash Join",
                          "Parent Relationship": "Outer",
                          "Parallel Aware": true,
                          "Join Type": "Inner",
                          "Startup Cost": 34954.94,
                          "Total Cost": 81142.06,
                          "Plan Rows": 219488,
                          "Plan Width": 8,
                          "Actual Startup Time": 175.32,
                          "Actual Total Time": 390.42,
                          "Actual Rows": 179814,
                          "Actual Loops": 6,
                          "Inner Unique": false,
                          "Hash Cond": "(t.id = mc.movie_id)",
                          "Plans": [
                            {
                              "Node Type": "Seq Scan",
                              "Parent Relationship": "Outer",
                              "Parallel Aware": true,
                              "Relation Name": "title",
                              "Alias": "t",
                              "Startup Cost": 0.0,
                              "Total Cost": 42318.73,
                              "Plan Rows": 632073,
                              "Plan Width": 4,
                              "Actual Startup Time": 0.017,
                              "Actual Total Time": 65.653,
                              "Actual Rows": 421385,
                              "Actual Loops": 6
                            },
                            {
                              "Node Type": "Hash",
                              "Parent Relationship": "Inner",
                              "Parallel Aware": true,
                              "Startup Cost": 31414.82,
                              "Total Cost": 31414.82,
                              "Plan Rows": 283210,
                              "Plan Width": 4,
                              "Actual Startup Time": 173.474,
                              "Actual Total Time": 173.475,
                              "Actual Rows": 179814,
                              "Actual Loops": 6,
                              "Hash Buckets": 2097152,
                              "Original Hash Buckets": 1048576,
                              "Hash Batches": 1,
                              "Original Hash Batches": 1,
                              "Peak Memory Usage": 66880,
                              "Plans": [
                                {
                                  "Node Type": "Seq Scan",
                                  "Parent Relationship": "Outer",
                                  "Parallel Aware": true,
                                  "Relation Name": "movie_companies",
                                  "Alias": "mc",
                                  "Startup Cost": 0.0,
                                  "Total Cost": 31414.82,
                                  "Plan Rows": 283210,
                                  "Plan Width": 4,
                                  "Actual Startup Time": 45.977,
                                  "Actual Total Time": 78.998,
                                  "Actual Rows": 179814,
                                  "Actual Loops": 6,
                                  "Filter": "((company_id > 2561) AND (company_type_id > 1))",
                                  "Rows Removed by Filter": 255041
                                }
                              ]
                            }
                          ]
                        }
                      ]
                    }
                  ]
                }
              ]
            }
          ]
        }
      ]
    },
    "Planning Time": 1.505,
    "Triggers": [],
    "Execution Time": 1820.413
  }
]