[
  {
    "Plan": {
      "Node Type": "Aggregate",
      "Strategy": "Plain",
      "Partial Mode": "Finalize",
      "Parallel Aware": false,
      "Startup Cost": 75243.7,
      "Total Cost": 75243.71,
      "Plan Rows": 1,
      "Plan Width": 8,
      "Actual Startup Time": 159.643,
      "Actual Total Time": 178.416,
      "Actual Rows": 1,
      "Actual Loops": 1,
      "Plans": [
        {
          "Node Type": "Gather",
          "Parent Relationship": "Outer",
          "Parallel Aware": false,
          "Startup Cost": 75243.18,
          "Total Cost": 75243.69,
          "Plan Rows": 5,
          "Plan Width": 8,
          "Actual Startup Time": 159.463,
          "Actual Total Time": 178.387,
          "Actual Rows": 6,
          "Actual Loops": 1,
          "Workers Planned": 5,
          "Workers Launched": 5,
          "Single Copy": false,
          "Plans": [
            {
              "Node Type": "Aggregate",
              "Strategy": "Plain",
              "Partial Mode": "Partial",
              "Parent Relationship": "Outer",
              "Parallel Aware": false,
              "Startup Cost": 74243.18,
              "Total Cost": 74243.19,
              "Plan Rows": 1,
              "Plan Width": 8,
              "Actual Startup Time": 152.442,
              "Actual Total Time": 152.446,
              "Actual Rows": 1,
              "Actual Loops": 6,
              "Plans": [
                {
                  "Node Type": "Index Scan",
                  "Parent Relationship": "Outer",
                  "Parallel Aware": true,
                  "Scan Direction": "Forward",
                  "Index Name": "role_id_cast_info",
                  "Relation Name": "cast_info",
                  "Alias": "ci",
                  "Startup Cost": 0.56,
                  "Total Cost": 72913.16,
                  "Plan Rows": 532009,
                  "Plan Width": 0,
                  "Actual Startup Time": 0.162,
                  "Actual Total Time": 126.357,
                  "Actual Rows": 452595,
                  "Actual Loops": 6,
                  "Index Cond": "(role_id = 4)",
                  "Rows Removed by Index Recheck": 0,
                  "Filter": "(person_id > 21321)",
                  "Rows Removed by Filter": 2228
                }
              ]
            }
          ]
        }
      ]
    },
    "Planning Time": 0.315,
    "Triggers": [],
    "Execution Time": 178.484
  }
]