[
  {
    "Plan": {
      "Node Type": "Aggregate",
      "Strategy": "Plain",
      "Partial Mode": "Finalize",
      "Parallel Aware": false,
      "Startup Cost": 80158.46,
      "Total Cost": 80158.47,
      "Plan Rows": 1,
      "Plan Width": 8,
      "Actual Startup Time": 148.085,
      "Actual Total Time": 159.023,
      "Actual Rows": 1,
      "Actual Loops": 1,
      "Plans": [
        {
          "Node Type": "Gather",
          "Parent Relationship": "Outer",
          "Parallel Aware": false,
          "Startup Cost": 80157.94,
          "Total Cost": 80158.45,
          "Plan Rows": 5,
          "Plan Width": 8,
          "Actual Startup Time": 147.895,
          "Actual Total Time": 159.013,
          "Actual Rows": 6,
          "Actual Loops": 1,
          "Workers Planned": 5,
          "Workers Launched": 5,
          "Single Copy": false,
          "Plans": [
            {
              "Node Type": "Aggregate",
              "Strategy": "Plain",
              "Partial Mode": "Partial",
              "Parent Relationship": "Outer",
              "Parallel Aware": false,
              "Startup Cost": 79157.94,
              "Total Cost": 79157.95,
              "Plan Rows": 1,
              "Plan Width": 8,
              "Actual Startup Time": 138.252,
              "Actual Total Time": 138.254,
              "Actual Rows": 1,
              "Actual Loops": 6,
              "Plans": [
                {
                  "Node Type": "Index Scan",
                  "Parent Relationship": "Outer",
                  "Parallel Aware": true,
                  "Scan Direction": "Forward",
                  "Index Name": "role_id_cast_info",
                  "Relation Name": "cast_info",
                  "Alias": "ci",
                  "Startup Cost": 0.56,
                  "Total Cost": 77740.85,
                  "Plan Rows": 566835,
                  "Plan Width": 0,
                  "Actual Startup Time": 0.274,
                  "Actual Total Time": 113.914,
                  "Actual Rows": 452595,
                  "Actual Loops": 6,
                  "Index Cond": "(role_id = 4)",
                  "Rows Removed by Index Recheck": 0,
                  "Filter": "(person_id > 21321)",
                  "Rows Removed by Filter": 2228
                }
              ]
            }
          ]
        }
      ]
    },
    "Planning Time": 0.283,
    "Triggers": [],
    "Execution Time": 159.083
  }
]