[
  {
    "Plan": {
      "Node Type": "Aggregate",
      "Strategy": "Plain",
      "Partial Mode": "Finalize",
      "Parallel Aware": false,
      "Startup Cost": 48864.74,
      "Total Cost": 48864.75,
      "Plan Rows": 1,
      "Plan Width": 8,
      "Actual Startup Time": 100.543,
      "Actual Total Time": 114.845,
      "Actual Rows": 1,
      "Actual Loops": 1,
      "Plans": [
        {
          "Node Type": "Gather",
          "Parent Relationship": "Outer",
          "Parallel Aware": false,
          "Startup Cost": 48864.32,
          "Total Cost": 48864.73,
          "Plan Rows": 4,
          "Plan Width": 8,
          "Actual Startup Time": 100.408,
          "Actual Total Time": 114.839,
          "Actual Rows": 5,
          "Actual Loops": 1,
          "Workers Planned": 4,
          "Workers Launched": 4,
          "Single Copy": false,
          "Plans": [
            {
              "Node Type": "Aggregate",
              "Strategy": "Plain",
              "Partial Mode": "Partial",
              "Parent Relationship": "Outer",
              "Parallel Aware": false,
              "Startup Cost": 47864.32,
              "Total Cost": 47864.33,
              "Plan Rows": 1,
              "Plan Width": 8,
              "Actual Startup Time": 90.851,
              "Actual Total Time": 90.852,
              "Actual Rows": 1,
              "Actual Loops": 5,
              "Plans": [
                {
                  "Node Type": "Nested Loop",
                  "Parent Relationship": "Outer",
                  "Parallel Aware": false,
                  "Join Type": "Inner",
                  "Startup Cost": 0.43,
                  "Total Cost": 47864.01,
                  "Plan Rows": 122,
                  "Plan Width": 0,
                  "Actual Startup Time": 58.725,
                  "Actual Total Time": 90.732,
                  "Actual Rows": 1307,
                  "Actual Loops": 5,
                  "Inner Unique": false,
                  "Plans": [
                    {
                      "Node Type": "Seq Scan",
                      "Parent Relationship": "Outer",
                      "Parallel Aware": true,
                      "Relation Name": "title",
                      "Alias": "t",
                      "Startup Cost": 0.0,
                      "Total Cost": 45479.1,
                      "Plan Rows": 119,
                      "Plan Width": 4,
                      "Actual Startup Time": 58.611,
                      "Actual Total Time": 82.868,
                      "Actual Rows": 499,
                      "Actual Loops": 5,
                      "Filter": "((kind_id = 1) AND (production_year = 1934))",
                      "Rows Removed by Filter": 505164
                    },
                    {
                      "Node Type": "Index Only Scan",
                      "Parent Relationship": "Inner",
                      "Parallel Aware": false,
                      "Scan Direction": "Forward",
                      "Index Name": "movie_id_movie_companies",
                      "Relation Name": "movie_companies",
                      "Alias": "mc",
                      "Startup Cost": 0.43,
                      "Total Cost": 19.99,
                      "Plan Rows": 5,
                      "Plan Width": 4,
                      "Actual Startup Time": 0.012,
                      "Actual Total Time": 0.015,
                      "Actual Rows": 3,
                      "Actual Loops": 2493,
                      "Index Cond": "(movie_id = t.id)",
                      "Rows Removed by Index Recheck": 0,
                      "Heap Fetches": 6534
                    }
                  ]
                }
              ]
            }
          ]
        }
      ]
    },
    "Planning Time": 0.653,
    "Triggers": [],
    "Execution Time": 114.915
  }
]