{
  "Plan": {
    "Node Type": "Aggregate",
    "Strategy": "Plain",
    "Partial Mode": "Finalize",
    "Parallel Aware": false,
    "Startup Cost": 153297.76,
    "Total Cost": 153297.77,
    "Plan Rows": 1,
    "Plan Width": 8,
    "Actual Startup Time": 1399.54,
    "Actual Total Time": 1419.005,
    "Actual Rows": 1,
    "Actual Loops": 1,
    "Plans": [
      {
        "Node Type": "Gather",
        "Parent Relationship": "Outer",
        "Parallel Aware": false,
        "Startup Cost": 153297.64,
        "Total Cost": 153297.75,
        "Plan Rows": 1,
        "Plan Width": 8,
        "Actual Startup Time": 1395.546,
        "Actual Total Time": 1418.996,
        "Actual Rows": 2,
        "Actual Loops": 1,
        "Workers Planned": 1,
        "Workers Launched": 1,
        "Single Copy": false,
        "Plans": [
          {
            "Node Type": "Aggregate",
            "Strategy": "Plain",
            "Partial Mode": "Partial",
            "Parent Relationship": "Outer",
            "Parallel Aware": false,
            "Startup Cost": 152297.64,
            "Total Cost": 152297.65,
            "Plan Rows": 1,
            "Plan Width": 8,
            "Actual Startup Time": 1389.95,
            "Actual Total Time": 1390.81,
            "Actual Rows": 1,
            "Actual Loops": 2,
            "Plans": [
              {
                "Node Type": "Hash Join",
                "Parent Relationship": "Outer",
                "Parallel Aware": true,
                "Join Type": "Inner",
                "Startup Cost": 86859.67,
                "Total Cost": 150987.34,
                "Plan Rows": 524122,
                "Plan Width": 0,
                "Actual Startup Time": 552.205,
                "Actual Total Time": 1220.526,
                "Actual Rows": 4431497,
                "Actual Loops": 2,
                "Inner Unique": false,
                "Hash Cond": "(mk.movie_id = t.id)",
                "Plans": [
                  {
                    "Node Type": "Seq Scan",
                    "Parent Relationship": "Outer",
                    "Parallel Aware": true,
                    "Relation Name": "movie_keyword",
                    "Alias": "mk",
                    "Startup Cost": 0.0,
                    "Total Cost": 51065.35,
                    "Plan Rows": 2661135,
                    "Plan Width": 4,
                    "Actual Startup Time": 0.018,
                    "Actual Total Time": 157.69,
                    "Actual Rows": 2261965,
                    "Actual Loops": 2
                  },
                  {
                    "Node Type": "Hash",
                    "Parent Relationship": "Inner",
                    "Parallel Aware": true,
                    "Startup Cost": 83198.22,
                    "Total Cost": 83198.22,
                    "Plan Rows": 292916,
                    "Plan Width": 8,
                    "Actual Startup Time": 546.36,
                    "Actual Total Time": 547.218,
                    "Actual Rows": 454445,
                    "Actual Loops": 2,
                    "Hash Buckets": 1048576,
                    "Original Hash Buckets": 524288,
                    "Hash Batches": 1,
                    "Original Hash Batches": 1,
                    "Peak Memory Usage": 47872,
                    "Plans": [
                      {
                        "Node Type": "Hash Join",
                        "Parent Relationship": "Outer",
                        "Parallel Aware": true,
                        "Join Type": "Inner",
                        "Startup Cost": 65014.43,
                        "Total Cost": 83198.22,
                        "Plan Rows": 292916,
                        "Plan Width": 8,
                        "Actual Startup Time": 264.423,
                        "Actual Total Time": 455.47,
                        "Actual Rows": 454445,
                        "Actual Loops": 2,
                        "Inner Unique": true,
                        "Hash Cond": "(mi_idx.movie_id = t.id)",
                        "Plans": [
                          {
                            "Node Type": "Seq Scan",
                            "Parent Relationship": "Outer",
                            "Parallel Aware": true,
                            "Relation Name": "movie_info_idx",
                            "Alias": "mi_idx",
                            "Startup Cost": 0.0,
                            "Total Cost": 16052.85,
                            "Plan Rows": 811785,
                            "Plan Width": 4,
                            "Actual Startup Time": 0.018,
                            "Actual Total Time": 51.368,
                            "Actual Rows": 690018,
                            "Actual Loops": 2
                          },
                          {
                            "Node Type": "Hash",
                            "Parent Relationship": "Inner",
                            "Parallel Aware": true,
                            "Startup Cost": 58306.47,
                            "Total Cost": 58306.47,
                            "Plan Rows": 536637,
                            "Plan Width": 4,
                            "Actual Startup Time": 257.853,
                            "Actual Total Time": 257.854,
                            "Actual Rows": 422335,
                            "Actual Loops": 2,
                            "Hash Buckets": 1048576,
                            "Original Hash Buckets": 1048576,
                            "Hash Batches": 1,
                            "Original Hash Batches": 1,
                            "Peak Memory Usage": 41280,
                            "Plans": [
                              {
                                "Node Type": "Seq Scan",
                                "Parent Relationship": "Outer",
                                "Parallel Aware": true,
                                "Relation Name": "title",
                                "Alias": "t",
                                "Startup Cost": 0.0,
                                "Total Cost": 58306.47,
                                "Plan Rows": 536637,
                                "Plan Width": 4,
                                "Actual Startup Time": 0.044,
                                "Actual Total Time": 156.004,
                                "Actual Rows": 422335,
                                "Actual Loops": 2,
                                "Filter": "((kind_id < 7) AND (production_year > 1936))",
                                "Rows Removed by Filter": 841821
                              }
                            ]
                          }
                        ]
                      }
                    ]
                  }
                ]
              }
            ]
          }
        ]
      }
    ]
  },
  "Planning Time": 1.007,
  "Triggers": [],
  "Execution Time": 1419.086
}