[
  {
    "Plan": {
      "Node Type": "Aggregate",
      "Strategy": "Plain",
      "Partial Mode": "Finalize",
      "Parallel Aware": false,
      "Startup Cost": 81928.0,
      "Total Cost": 81928.01,
      "Plan Rows": 1,
      "Plan Width": 8,
      "Actual Startup Time": 110.136,
      "Actual Total Time": 125.319,
      "Actual Rows": 1,
      "Actual Loops": 1,
      "Plans": [
        {
          "Node Type": "Gather",
          "Parent Relationship": "Outer",
          "Parallel Aware": false,
          "Startup Cost": 81927.58,
          "Total Cost": 81927.99,
          "Plan Rows": 4,
          "Plan Width": 8,
          "Actual Startup Time": 109.976,
          "Actual Total Time": 125.305,
          "Actual Rows": 5,
          "Actual Loops": 1,
          "Workers Planned": 4,
          "Workers Launched": 4,
          "Single Copy": false,
          "Plans": [
            {
              "Node Type": "Aggregate",
              "Strategy": "Plain",
              "Partial Mode": "Partial",
              "Parent Relationship": "Outer",
              "Parallel Aware": false,
              "Startup Cost": 80927.58,
              "Total Cost": 80927.59,
              "Plan Rows": 1,
              "Plan Width": 8,
              "Actual Startup Time": 102.151,
              "Actual Total Time": 102.153,
              "Actual Rows": 1,
              "Actual Loops": 5,
              "Plans": [
                {
                  "Node Type": "Nested Loop",
                  "Parent Relationship": "Outer",
                  "Parallel Aware": false,
                  "Join Type": "Inner",
                  "Startup Cost": 0.43,
                  "Total Cost": 80913.94,
                  "Plan Rows": 5457,
                  "Plan Width": 0,
                  "Actual Startup Time": 1.968,
                  "Actual Total Time": 101.81,
                  "Actual Rows": 5784,
                  "Actual Loops": 5,
                  "Inner Unique": false,
                  "Plans": [
                    {
                      "Node Type": "Seq Scan",
                      "Parent Relationship": "Outer",
                      "Parallel Aware": true,
                      "Relation Name": "title",
                      "Alias": "t",
                      "Startup Cost": 0.0,
                      "Total Cost": 43899.32,
                      "Plan Rows": 5204,
                      "Plan Width": 4,
                      "Actual Startup Time": 0.15,
                      "Actual Total Time": 74.626,
                      "Actual Rows": 4024,
                      "Actual Loops": 5,
                      "Filter": "(production_year = 1987)",
                      "Rows Removed by Filter": 501638
                    },
                    {
                      "Node Type": "Index Scan",
                      "Parent Relationship": "Inner",
                      "Parallel Aware": false,
                      "Scan Direction": "Forward",
                      "Index Name": "movie_id_movie_keyword",
                      "Relation Name": "movie_keyword",
                      "Alias": "mk",
                      "Startup Cost": 0.43,
                      "Total Cost": 6.84,
                      "Plan Rows": 27,
                      "Plan Width": 4,
                      "Actual Startup Time": 0.006,
                      "Actual Total Time": 0.006,
                      "Actual Rows": 1,
                      "Actual Loops": 20122,
                      "Index Cond": "(movie_id = t.id)",
                      "Rows Removed by Index Recheck": 0,
                      "Filter": "(keyword_id < 7423)",
                      "Rows Removed by Filter": 1
                    }
                  ]
                }
              ]
            }
          ]
        }
      ]
    },
    "Planning Time": 0.165,
    "Triggers": [],
    "Execution Time": 125.345
  }
]