[
  {
    "Plan": {
      "Node Type": "Aggregate",
      "Strategy": "Plain",
      "Partial Mode": "Finalize",
      "Parallel Aware": false,
      "Startup Cost": 36064.53,
      "Total Cost": 36064.54,
      "Plan Rows": 1,
      "Plan Width": 8,
      "Actual Startup Time": 121.347,
      "Actual Total Time": 129.386,
      "Actual Rows": 1,
      "Actual Loops": 1,
      "Plans": [
        {
          "Node Type": "Gather",
          "Parent Relationship": "Outer",
          "Parallel Aware": false,
          "Startup Cost": 36064.21,
          "Total Cost": 36064.52,
          "Plan Rows": 3,
          "Plan Width": 8,
          "Actual Startup Time": 121.101,
          "Actual Total Time": 129.378,
          "Actual Rows": 4,
          "Actual Loops": 1,
          "Workers Planned": 3,
          "Workers Launched": 3,
          "Single Copy": false,
          "Plans": [
            {
              "Node Type": "Aggregate",
              "Strategy": "Plain",
              "Partial Mode": "Partial",
              "Parent Relationship": "Outer",
              "Parallel Aware": false,
              "Startup Cost": 35064.21,
              "Total Cost": 35064.22,
              "Plan Rows": 1,
              "Plan Width": 8,
              "Actual Startup Time": 113.243,
              "Actual Total Time": 113.245,
              "Actual Rows": 1,
              "Actual Loops": 4,
              "Plans": [
                {
                  "Node Type": "Bitmap Heap Scan",
                  "Parent Relationship": "Outer",
                  "Parallel Aware": true,
                  "Relation Name": "movie_keyword",
                  "Alias": "mk",
                  "Startup Cost": 8640.02,
                  "Total Cost": 34735.85,
                  "Plan Rows": 131346,
                  "Plan Width": 0,
                  "Actual Startup Time": 39.333,
                  "Actual Total Time": 107.475,
                  "Actual Rows": 98997,
                  "Actual Loops": 4,
                  "Recheck Cond": "(keyword_id > 43608)",
                  "Rows Removed by Index Recheck": 0,
                  "Exact Heap Blocks": 10347,
                  "Lossy Heap Blocks": 0,
                  "Plans": [
                    {
                      "Node Type": "Bitmap Index Scan",
                      "Parent Relationship": "Outer",
                      "Parallel Aware": false,
                      "Index Name": "keyword_id_movie_keyword",
                      "Startup Cost": 0.0,
                      "Total Cost": 8538.23,
                      "Plan Rows": 407173,
                      "Plan Width": 0,
                      "Actual Startup Time": 42.914,
                      "Actual Total Time": 42.915,
                      "Actual Rows": 395987,
                      "Actual Loops": 1,
                      "Index Cond": "(keyword_id > 43608)"
                    }
                  ]
                }
              ]
            }
          ]
        }
      ]
    },
    "Planning Time": 0.175,
    "Triggers": [],
    "Execution Time": 129.462
  }
]