[
    {
        "Bao": {
            "Bao prediction": "NaN",
            "Bao recommended hint": "(no hint)"
        }
    },
    {
        "Plan": {
            "Node Type": "Aggregate",
            "Strategy": "Plain",
            "Partial Mode": "Finalize",
            "Parallel Aware": false,
            "Startup Cost": 269431.76,
            "Total Cost": 269431.77,
            "Plan Rows": 1,
            "Plan Width": 8,
            "Actual Startup Time": 95.372,
            "Actual Total Time": 98.445,
            "Actual Rows": 1,
            "Actual Loops": 1,
            "Output": [
                "count(*)"
            ],
            "Plans": [
                {
                    "Node Type": "Gather",
                    "Parent Relationship": "Outer",
                    "Parallel Aware": false,
                    "Startup Cost": 269431.14,
                    "Total Cost": 269431.75,
                    "Plan Rows": 6,
                    "Plan Width": 8,
                    "Actual Startup Time": 95.078,
                    "Actual Total Time": 98.437,
                    "Actual Rows": 7,
                    "Actual Loops": 1,
                    "Output": [
                        "(PARTIAL count(*))"
                    ],
                    "Workers Planned": 6,
                    "Workers Launched": 6,
                    "Single Copy": false,
                    "Plans": [
                        {
                            "Node Type": "Aggregate",
                            "Strategy": "Plain",
                            "Partial Mode": "Partial",
                            "Parent Relationship": "Outer",
                            "Parallel Aware": false,
                            "Startup Cost": 268431.14,
                            "Total Cost": 268431.15,
                            "Plan Rows": 1,
                            "Plan Width": 8,
                            "Actual Startup Time": 84.409,
                            "Actual Total Time": 84.41,
                            "Actual Rows": 1,
                            "Actual Loops": 7,
                            "Output": [
                                "PARTIAL count(*)"
                            ],
                            "Workers": [
                                {
                                    "Worker Number": 0,
                                    "Actual Startup Time": 82.168,
                                    "Actual Total Time": 82.17,
                                    "Actual Rows": 1,
                                    "Actual Loops": 1
                                },
                                {
                                    "Worker Number": 1,
                                    "Actual Startup Time": 82.28,
                                    "Actual Total Time": 82.281,
                                    "Actual Rows": 1,
                                    "Actual Loops": 1
                                },
                                {
                                    "Worker Number": 2,
                                    "Actual Startup Time": 82.421,
                                    "Actual Total Time": 82.422,
                                    "Actual Rows": 1,
                                    "Actual Loops": 1
                                },
                                {
                                    "Worker Number": 3,
                                    "Actual Startup Time": 83.167,
                                    "Actual Total Time": 83.168,
                                    "Actual Rows": 1,
                                    "Actual Loops": 1
                                },
                                {
                                    "Worker Number": 4,
                                    "Actual Startup Time": 83.319,
                                    "Actual Total Time": 83.32,
                                    "Actual Rows": 1,
                                    "Actual Loops": 1
                                },
                                {
                                    "Worker Number": 5,
                                    "Actual Startup Time": 83.301,
                                    "Actual Total Time": 83.302,
                                    "Actual Rows": 1,
                                    "Actual Loops": 1
                                }
                            ],
                            "Plans": [
                                {
                                    "Node Type": "Bitmap Heap Scan",
                                    "Parent Relationship": "Outer",
                                    "Parallel Aware": true,
                                    "Relation Name": "cast_info",
                                    "Schema": "public",
                                    "Alias": "ci",
                                    "Startup Cost": 14047.83,
                                    "Total Cost": 268337.12,
                                    "Plan Rows": 37608,
                                    "Plan Width": 0,
                                    "Actual Startup Time": 38.906,
                                    "Actual Total Time": 77.86,
                                    "Actual Rows": 69860,
                                    "Actual Loops": 7,
                                    "Recheck Cond": "(ci.person_id < 70354)",
                                    "Rows Removed by Index Recheck": 0,
                                    "Filter": "(ci.role_id = 1)",
                                    "Rows Removed by Filter": 24100,
                                    "Exact Heap Blocks": 2397,
                                    "Lossy Heap Blocks": 0,
                                    "Workers": [
                                        {
                                            "Worker Number": 0,
                                            "Actual Startup Time": 36.505,
                                            "Actual Total Time": 75.813,
                                            "Actual Rows": 49197,
                                            "Actual Loops": 1
                                        },
                                        {
                                            "Worker Number": 1,
                                            "Actual Startup Time": 37.166,
                                            "Actual Total Time": 75.822,
                                            "Actual Rows": 49815,
                                            "Actual Loops": 1
                                        },
                                        {
                                            "Worker Number": 2,
                                            "Actual Startup Time": 36.729,
                                            "Actual Total Time": 76.102,
                                            "Actual Rows": 50376,
                                            "Actual Loops": 1
                                        },
                                        {
                                            "Worker Number": 3,
                                            "Actual Startup Time": 37.634,
                                            "Actual Total Time": 76.748,
                                            "Actual Rows": 50966,
                                            "Actual Loops": 1
                                        },
                                        {
                                            "Worker Number": 4,
                                            "Actual Startup Time": 37.65,
                                            "Actual Total Time": 76.677,
                                            "Actual Rows": 52232,
                                            "Actual Loops": 1
                                        },
                                        {
                                            "Worker Number": 5,
                                            "Actual Startup Time": 38.529,
                                            "Actual Total Time": 76.939,
                                            "Actual Rows": 49006,
                                            "Actual Loops": 1
                                        }
                                    ],
                                    "Plans": [
                                        {
                                            "Node Type": "Bitmap Index Scan",
                                            "Parent Relationship": "Outer",
                                            "Parallel Aware": false,
                                            "Index Name": "person_id_cast_info",
                                            "Startup Cost": 0.0,
                                            "Total Cost": 13991.42,
                                            "Plan Rows": 640914,
                                            "Plan Width": 0,
                                            "Actual Startup Time": 47.137,
                                            "Actual Total Time": 47.137,
                                            "Actual Rows": 657723,
                                            "Actual Loops": 1,
                                            "Index Cond": "(ci.person_id < 70354)"
                                        }
                                    ]
                                }
                            ]
                        }
                    ]
                }
            ]
        },
        "Planning Time": 220.008,
        "Triggers": [],
        "Execution Time": 98.547
    }
]