[
  {
    "Plan": {
      "Node Type": "Aggregate",
      "Strategy": "Plain",
      "Partial Mode": "Finalize",
      "Parallel Aware": false,
      "Startup Cost": 200055.47,
      "Total Cost": 200055.48,
      "Plan Rows": 1,
      "Plan Width": 8,
      "Actual Startup Time": 235.542,
      "Actual Total Time": 249.69,
      "Actual Rows": 1,
      "Actual Loops": 1,
      "Plans": [
        {
          "Node Type": "Gather",
          "Parent Relationship": "Outer",
          "Parallel Aware": false,
          "Startup Cost": 200054.84,
          "Total Cost": 200055.45,
          "Plan Rows": 6,
          "Plan Width": 8,
          "Actual Startup Time": 235.449,
          "Actual Total Time": 249.679,
          "Actual Rows": 7,
          "Actual Loops": 1,
          "Workers Planned": 6,
          "Workers Launched": 6,
          "Single Copy": false,
          "Plans": [
            {
              "Node Type": "Aggregate",
              "Strategy": "Plain",
              "Partial Mode": "Partial",
              "Parent Relationship": "Outer",
              "Parallel Aware": false,
              "Startup Cost": 199054.84,
              "Total Cost": 199054.85,
              "Plan Rows": 1,
              "Plan Width": 8,
              "Actual Startup Time": 226.142,
              "Actual Total Time": 226.143,
              "Actual Rows": 1,
              "Actual Loops": 7,
              "Plans": [
                {
                  "Node Type": "Index Scan",
                  "Parent Relationship": "Outer",
                  "Parallel Aware": true,
                  "Scan Direction": "Forward",
                  "Index Name": "role_id_cast_info",
                  "Relation Name": "cast_info",
                  "Alias": "ci",
                  "Startup Cost": 0.56,
                  "Total Cost": 197877.72,
                  "Plan Rows": 470848,
                  "Plan Width": 0,
                  "Actual Startup Time": 122.016,
                  "Actual Total Time": 207.626,
                  "Actual Rows": 465292,
                  "Actual Loops": 7,
                  "Index Cond": "(role_id = 2)",
                  "Rows Removed by Index Recheck": 0,
                  "Filter": "(person_id > 2280900)",
                  "Rows Removed by Filter": 599276
                }
              ]
            }
          ]
        }
      ]
    },
    "Planning Time": 0.231,
    "Triggers": [],
    "Execution Time": 249.753
  }
]