[
  {
    "Plan": {
      "Node Type": "Aggregate",
      "Strategy": "Plain",
      "Partial Mode": "Finalize",
      "Parallel Aware": false,
      "Startup Cost": 23642.99,
      "Total Cost": 23643.0,
      "Plan Rows": 1,
      "Plan Width": 8,
      "Actual Startup Time": 25.921,
      "Actual Total Time": 30.039,
      "Actual Rows": 1,
      "Actual Loops": 1,
      "Plans": [
        {
          "Node Type": "Gather",
          "Parent Relationship": "Outer",
          "Parallel Aware": false,
          "Startup Cost": 23642.78,
          "Total Cost": 23642.99,
          "Plan Rows": 2,
          "Plan Width": 8,
          "Actual Startup Time": 25.694,
          "Actual Total Time": 30.032,
          "Actual Rows": 3,
          "Actual Loops": 1,
          "Workers Planned": 2,
          "Workers Launched": 2,
          "Single Copy": false,
          "Plans": [
            {
              "Node Type": "Aggregate",
              "Strategy": "Plain",
              "Partial Mode": "Partial",
              "Parent Relationship": "Outer",
              "Parallel Aware": false,
              "Startup Cost": 22642.78,
              "Total Cost": 22642.79,
              "Plan Rows": 1,
              "Plan Width": 8,
              "Actual Startup Time": 17.747,
              "Actual Total Time": 17.749,
              "Actual Rows": 1,
              "Actual Loops": 3,
              "Plans": [
                {
                  "Node Type": "Nested Loop",
                  "Parent Relationship": "Outer",
                  "Parallel Aware": false,
                  "Join Type": "Inner",
                  "Startup Cost": 135.93,
                  "Total Cost": 22639.63,
                  "Plan Rows": 1258,
                  "Plan Width": 0,
                  "Actual Startup Time": 1.566,
                  "Actual Total Time": 17.641,
                  "Actual Rows": 821,
                  "Actual Loops": 3,
                  "Inner Unique": true,
                  "Plans": [
                    {
                      "Node Type": "Bitmap Heap Scan",
                      "Parent Relationship": "Outer",
                      "Parallel Aware": true,
                      "Relation Name": "movie_companies",
                      "Alias": "mc",
                      "Startup Cost": 135.5,
                      "Total Cost": 12936.07,
                      "Plan Rows": 1258,
                      "Plan Width": 4,
                      "Actual Startup Time": 1.364,
                      "Actual Total Time": 9.117,
                      "Actual Rows": 821,
                      "Actual Loops": 3,
                      "Recheck Cond": "(company_id = 7851)",
                      "Rows Removed by Index Recheck": 0,
                      "Filter": "(company_type_id < 2)",
                      "Rows Removed by Filter": 1563,
                      "Exact Heap Blocks": 3678,
                      "Lossy Heap Blocks": 0,
                      "Plans": [
                        {
                          "Node Type": "Bitmap Index Scan",
                          "Parent Relationship": "Outer",
                          "Parallel Aware": false,
                          "Index Name": "company_id_movie_companies",
                          "Startup Cost": 0.0,
                          "Total Cost": 134.74,
                          "Plan Rows": 6175,
                          "Plan Width": 0,
                          "Actual Startup Time": 2.754,
                          "Actual Total Time": 2.754,
                          "Actual Rows": 7151,
                          "Actual Loops": 1,
                          "Index Cond": "(company_id = 7851)"
                        }
                      ]
                    },
                    {
                      "Node Type": "Index Only Scan",
                      "Parent Relationship": "Inner",
                      "Parallel Aware": false,
                      "Scan Direction": "Forward",
                      "Index Name": "title_pkey",
                      "Relation Name": "title",
                      "Alias": "t",
                      "Startup Cost": 0.43,
                      "Total Cost": 7.71,
                      "Plan Rows": 1,
                      "Plan Width": 4,
                      "Actual Startup Time": 0.01,
                      "Actual Total Time": 0.01,
                      "Actual Rows": 1,
                      "Actual Loops": 2462,
                      "Index Cond": "(id = mc.movie_id)",
                      "Rows Removed by Index Recheck": 0,
                      "Heap Fetches": 2462
                    }
                  ]
                }
              ]
            }
          ]
        }
      ]
    },
    "Planning Time": 0.324,
    "Triggers": [],
    "Execution Time": 30.083
  }
]