[
  {
    "Plan": {
      "Node Type": "Aggregate",
      "Strategy": "Plain",
      "Partial Mode": "Finalize",
      "Parallel Aware": false,
      "Startup Cost": 33166.12,
      "Total Cost": 33166.13,
      "Plan Rows": 1,
      "Plan Width": 8,
      "Actual Startup Time": 112.354,
      "Actual Total Time": 122.325,
      "Actual Rows": 1,
      "Actual Loops": 1,
      "Plans": [
        {
          "Node Type": "Gather",
          "Parent Relationship": "Outer",
          "Parallel Aware": false,
          "Startup Cost": 33165.8,
          "Total Cost": 33166.11,
          "Plan Rows": 3,
          "Plan Width": 8,
          "Actual Startup Time": 112.224,
          "Actual Total Time": 122.316,
          "Actual Rows": 4,
          "Actual Loops": 1,
          "Workers Planned": 3,
          "Workers Launched": 3,
          "Single Copy": false,
          "Plans": [
            {
              "Node Type": "Aggregate",
              "Strategy": "Plain",
              "Partial Mode": "Partial",
              "Parent Relationship": "Outer",
              "Parallel Aware": false,
              "Startup Cost": 32165.8,
              "Total Cost": 32165.81,
              "Plan Rows": 1,
              "Plan Width": 8,
              "Actual Startup Time": 105.427,
              "Actual Total Time": 105.428,
              "Actual Rows": 1,
              "Actual Loops": 4,
              "Plans": [
                {
                  "Node Type": "Seq Scan",
                  "Parent Relationship": "Outer",
                  "Parallel Aware": true,
                  "Relation Name": "movie_companies",
                  "Alias": "mc",
                  "Startup Cost": 0.0,
                  "Total Cost": 31414.82,
                  "Plan Rows": 300394,
                  "Plan Width": 0,
                  "Actual Startup Time": 47.106,
                  "Actual Total Time": 90.982,
                  "Actual Rows": 276133,
                  "Actual Loops": 4,
                  "Filter": "((company_id > 1695) AND (company_type_id = 2))",
                  "Rows Removed by Filter": 376150
                }
              ]
            }
          ]
        }
      ]
    },
    "Planning Time": 0.118,
    "Triggers": [],
    "Execution Time": 122.358
  }
]