{
  "Plan": {
    "Node Type": "Aggregate",
    "Strategy": "Plain",
    "Partial Mode": "Finalize",
    "Parallel Aware": false,
    "Startup Cost": 107728.73,
    "Total Cost": 107728.74,
    "Plan Rows": 1,
    "Plan Width": 8,
    "Actual Startup Time": 452.517,
    "Actual Total Time": 459.463,
    "Actual Rows": 1,
    "Actual Loops": 1,
    "Plans": [
      {
        "Node Type": "Gather",
        "Parent Relationship": "Outer",
        "Parallel Aware": false,
        "Startup Cost": 107728.62,
        "Total Cost": 107728.73,
        "Plan Rows": 1,
        "Plan Width": 8,
        "Actual Startup Time": 451.038,
        "Actual Total Time": 459.454,
        "Actual Rows": 2,
        "Actual Loops": 1,
        "Workers Planned": 1,
        "Workers Launched": 1,
        "Single Copy": false,
        "Plans": [
          {
            "Node Type": "Aggregate",
            "Strategy": "Plain",
            "Partial Mode": "Partial",
            "Parent Relationship": "Outer",
            "Parallel Aware": false,
            "Startup Cost": 106728.62,
            "Total Cost": 106728.63,
            "Plan Rows": 1,
            "Plan Width": 8,
            "Actual Startup Time": 446.987,
            "Actual Total Time": 446.994,
            "Actual Rows": 1,
            "Actual Loops": 2,
            "Plans": [
              {
                "Node Type": "Hash Join",
                "Parent Relationship": "Outer",
                "Parallel Aware": true,
                "Join Type": "Inner",
                "Startup Cost": 87549.05,
                "Total Cost": 106704.49,
                "Plan Rows": 9652,
                "Plan Width": 0,
                "Actual Startup Time": 377.026,
                "Actual Total Time": 444.242,
                "Actual Rows": 66016,
                "Actual Loops": 2,
                "Inner Unique": false,
                "Hash Cond": "(mi_idx.movie_id = t.id)",
                "Plans": [
                  {
                    "Node Type": "Seq Scan",
                    "Parent Relationship": "Outer",
                    "Parallel Aware": true,
                    "Relation Name": "movie_info_idx",
                    "Alias": "mi_idx",
                    "Startup Cost": 0.0,
                    "Total Cost": 18082.32,
                    "Plan Rows": 271028,
                    "Plan Width": 4,
                    "Actual Startup Time": 0.03,
                    "Actual Total Time": 52.514,
                    "Actual Rows": 229962,
                    "Actual Loops": 2,
                    "Filter": "(info_type_id = 101)",
                    "Rows Removed by Filter": 460055
                  },
                  {
                    "Node Type": "Hash",
                    "Parent Relationship": "Inner",
                    "Parallel Aware": true,
                    "Startup Cost": 86887.03,
                    "Total Cost": 86887.03,
                    "Plan Rows": 52962,
                    "Plan Width": 8,
                    "Actual Startup Time": 336.619,
                    "Actual Total Time": 336.625,
                    "Actual Rows": 141698,
                    "Actual Loops": 2,
                    "Hash Buckets": 524288,
                    "Original Hash Buckets": 131072,
                    "Hash Batches": 1,
                    "Original Hash Batches": 1,
                    "Peak Memory Usage": 18304,
                    "Plans": [
                      {
                        "Node Type": "Hash Join",
                        "Parent Relationship": "Outer",
                        "Parallel Aware": true,
                        "Join Type": "Inner",
                        "Startup Cost": 43262.16,
                        "Total Cost": 86887.03,
                        "Plan Rows": 52962,
                        "Plan Width": 8,
                        "Actual Startup Time": 134.886,
                        "Actual Total Time": 287.505,
                        "Actual Rows": 141698,
                        "Actual Loops": 2,
                        "Inner Unique": false,
                        "Hash Cond": "(t.id = mc.movie_id)",
                        "Plans": [
                          {
                            "Node Type": "Bitmap Heap Scan",
                            "Parent Relationship": "Outer",
                            "Parallel Aware": true,
                            "Relation Name": "title",
                            "Alias": "t",
                            "Startup Cost": 11988.66,
                            "Total Cost": 52863.55,
                            "Plan Rows": 390151,
                            "Plan Width": 4,
                            "Actual Startup Time": 21.645,
                            "Actual Total Time": 75.52,
                            "Actual Rows": 331412,
                            "Actual Loops": 2,
                            "Recheck Cond": "(kind_id = 1)",
                            "Rows Removed by Index Recheck": 0,
                            "Exact Heap Blocks": 6713,
                            "Lossy Heap Blocks": 0,
                            "Plans": [
                              {
                                "Node Type": "Bitmap Index Scan",
                                "Parent Relationship": "Outer",
                                "Parallel Aware": false,
                                "Index Name": "kind_id_title",
                                "Startup Cost": 0.0,
                                "Total Cost": 11822.85,
                                "Plan Rows": 663256,
                                "Plan Width": 0,
                                "Actual Startup Time": 19.829,
                                "Actual Total Time": 19.83,
                                "Actual Rows": 662825,
                                "Actual Loops": 1,
                                "Index Cond": "(kind_id = 1)"
                              }
                            ]
                          },
                          {
                            "Node Type": "Hash",
                            "Parent Relationship": "Inner",
                            "Parallel Aware": true,
                            "Startup Cost": 28749.9,
                            "Total Cost": 28749.9,
                            "Plan Rows": 201888,
                            "Plan Width": 4,
                            "Actual Startup Time": 110.214,
                            "Actual Total Time": 110.215,
                            "Actual Rows": 172580,
                            "Actual Loops": 2,
                            "Hash Buckets": 524288,
                            "Original Hash Buckets": 524288,
                            "Hash Batches": 1,
                            "Original Hash Batches": 1,
                            "Peak Memory Usage": 17632,
                            "Plans": [
                              {
                                "Node Type": "Bitmap Heap Scan",
                                "Parent Relationship": "Outer",
                                "Parallel Aware": true,
                                "Relation Name": "movie_companies",
                                "Alias": "mc",
                                "Startup Cost": 7436.3,
                                "Total Cost": 28749.9,
                                "Plan Rows": 201888,
                                "Plan Width": 4,
                                "Actual Startup Time": 26.637,
                                "Actual Total Time": 64.712,
                                "Actual Rows": 172580,
                                "Actual Loops": 2,
                                "Recheck Cond": "(company_id > 88773)",
                                "Rows Removed by Index Recheck": 0,
                                "Exact Heap Blocks": 3247,
                                "Lossy Heap Blocks": 0,
                                "Plans": [
                                  {
                                    "Node Type": "Bitmap Index Scan",
                                    "Parent Relationship": "Outer",
                                    "Parallel Aware": false,
                                    "Index Name": "company_id_movie_companies",
                                    "Startup Cost": 0.0,
                                    "Total Cost": 7350.5,
                                    "Plan Rows": 343209,
                                    "Plan Width": 0,
                                    "Actual Startup Time": 25.864,
                                    "Actual Total Time": 25.864,
                                    "Actual Rows": 345161,
                                    "Actual Loops": 1,
                                    "Index Cond": "(company_id > 88773)"
                                  }
                                ]
                              }
                            ]
                          }
                        ]
                      }
                    ]
                  }
                ]
              }
            ]
          }
        ]
      }
    ]
  },
  "Planning Time": 0.829,
  "Triggers": [],
  "Execution Time": 459.574
}