{
  "Plan": {
    "Node Type": "Aggregate",
    "Strategy": "Plain",
    "Partial Mode": "Finalize",
    "Parallel Aware": false,
    "Startup Cost": 121675.16,
    "Total Cost": 121675.17,
    "Plan Rows": 1,
    "Plan Width": 8,
    "Actual Startup Time": 886.289,
    "Actual Total Time": 906.841,
    "Actual Rows": 1,
    "Actual Loops": 1,
    "Plans": [
      {
        "Node Type": "Gather",
        "Parent Relationship": "Outer",
        "Parallel Aware": false,
        "Startup Cost": 121675.05,
        "Total Cost": 121675.16,
        "Plan Rows": 1,
        "Plan Width": 8,
        "Actual Startup Time": 879.495,
        "Actual Total Time": 906.831,
        "Actual Rows": 2,
        "Actual Loops": 1,
        "Workers Planned": 1,
        "Workers Launched": 1,
        "Single Copy": false,
        "Plans": [
          {
            "Node Type": "Aggregate",
            "Strategy": "Plain",
            "Partial Mode": "Partial",
            "Parent Relationship": "Outer",
            "Parallel Aware": false,
            "Startup Cost": 120675.05,
            "Total Cost": 120675.06,
            "Plan Rows": 1,
            "Plan Width": 8,
            "Actual Startup Time": 867.349,
            "Actual Total Time": 867.356,
            "Actual Rows": 1,
            "Actual Loops": 2,
            "Plans": [
              {
                "Node Type": "Hash Join",
                "Parent Relationship": "Outer",
                "Parallel Aware": true,
                "Join Type": "Inner",
                "Startup Cost": 87436.06,
                "Total Cost": 119428.95,
                "Plan Rows": 498439,
                "Plan Width": 0,
                "Actual Startup Time": 630.005,
                "Actual Total Time": 848.754,
                "Actual Rows": 427088,
                "Actual Loops": 2,
                "Inner Unique": true,
                "Hash Cond": "(mk.movie_id = t.id)",
                "Plans": [
                  {
                    "Node Type": "Bitmap Heap Scan",
                    "Parent Relationship": "Outer",
                    "Parallel Aware": true,
                    "Relation Name": "movie_keyword",
                    "Alias": "mk",
                    "Startup Cost": 17975.36,
                    "Total Cost": 48659.85,
                    "Plan Rows": 498439,
                    "Plan Width": 4,
                    "Actual Startup Time": 47.601,
                    "Actual Total Time": 141.899,
                    "Actual Rows": 427088,
                    "Actual Loops": 2,
                    "Recheck Cond": "(keyword_id < 816)",
                    "Rows Removed by Index Recheck": 0,
                    "Exact Heap Blocks": 13929,
                    "Lossy Heap Blocks": 0,
                    "Plans": [
                      {
                        "Node Type": "Bitmap Index Scan",
                        "Parent Relationship": "Outer",
                        "Parallel Aware": false,
                        "Index Name": "keyword_id_movie_keyword",
                        "Startup Cost": 0.0,
                        "Total Cost": 17763.53,
                        "Plan Rows": 847346,
                        "Plan Width": 0,
                        "Actual Startup Time": 43.976,
                        "Actual Total Time": 43.976,
                        "Actual Rows": 854176,
                        "Actual Loops": 1,
                        "Index Cond": "(keyword_id < 816)"
                      }
                    ]
                  },
                  {
                    "Node Type": "Hash",
                    "Parent Relationship": "Inner",
                    "Parallel Aware": true,
                    "Startup Cost": 50870.31,
                    "Total Cost": 50870.31,
                    "Plan Rows": 1487231,
                    "Plan Width": 4,
                    "Actual Startup Time": 560.822,
                    "Actual Total Time": 560.823,
                    "Actual Rows": 1264156,
                    "Actual Loops": 2,
                    "Hash Buckets": 4194304,
                    "Original Hash Buckets": 4194304,
                    "Hash Batches": 1,
                    "Original Hash Batches": 1,
                    "Peak Memory Usage": 131712,
                    "Plans": [
                      {
                        "Node Type": "Seq Scan",
                        "Parent Relationship": "Outer",
                        "Parallel Aware": true,
                        "Relation Name": "title",
                        "Alias": "t",
                        "Startup Cost": 0.0,
                        "Total Cost": 50870.31,
                        "Plan Rows": 1487231,
                        "Plan Width": 4,
                        "Actual Startup Time": 0.032,
                        "Actual Total Time": 158.945,
                        "Actual Rows": 1264156,
                        "Actual Loops": 2
                      }
                    ]
                  }
                ]
              }
            ]
          }
        ]
      }
    ]
  },
  "Planning Time": 0.69,
  "Triggers": [],
  "Execution Time": 906.932
}