[
  {
    "Plan": {
      "Node Type": "Aggregate",
      "Strategy": "Plain",
      "Partial Mode": "Finalize",
      "Parallel Aware": false,
      "Startup Cost": 49256.74,
      "Total Cost": 49256.75,
      "Plan Rows": 1,
      "Plan Width": 8,
      "Actual Startup Time": 95.535,
      "Actual Total Time": 108.613,
      "Actual Rows": 1,
      "Actual Loops": 1,
      "Plans": [
        {
          "Node Type": "Gather",
          "Parent Relationship": "Outer",
          "Parallel Aware": false,
          "Startup Cost": 49256.32,
          "Total Cost": 49256.73,
          "Plan Rows": 4,
          "Plan Width": 8,
          "Actual Startup Time": 95.413,
          "Actual Total Time": 108.605,
          "Actual Rows": 5,
          "Actual Loops": 1,
          "Workers Planned": 4,
          "Workers Launched": 4,
          "Single Copy": false,
          "Plans": [
            {
              "Node Type": "Aggregate",
              "Strategy": "Plain",
              "Partial Mode": "Partial",
              "Parent Relationship": "Outer",
              "Parallel Aware": false,
              "Startup Cost": 48256.32,
              "Total Cost": 48256.33,
              "Plan Rows": 1,
              "Plan Width": 8,
              "Actual Startup Time": 85.941,
              "Actual Total Time": 85.943,
              "Actual Rows": 1,
              "Actual Loops": 5,
              "Plans": [
                {
                  "Node Type": "Nested Loop",
                  "Parent Relationship": "Outer",
                  "Parallel Aware": false,
                  "Join Type": "Inner",
                  "Startup Cost": 0.43,
                  "Total Cost": 48255.83,
                  "Plan Rows": 195,
                  "Plan Width": 0,
                  "Actual Startup Time": 8.218,
                  "Actual Total Time": 85.878,
                  "Actual Rows": 672,
                  "Actual Loops": 5,
                  "Inner Unique": false,
                  "Plans": [
                    {
                      "Node Type": "Seq Scan",
                      "Parent Relationship": "Outer",
                      "Parallel Aware": true,
                      "Relation Name": "title",
                      "Alias": "t",
                      "Startup Cost": 0.0,
                      "Total Cost": 45479.1,
                      "Plan Rows": 357,
                      "Plan Width": 4,
                      "Actual Startup Time": 2.263,
                      "Actual Total Time": 80.392,
                      "Actual Rows": 544,
                      "Actual Loops": 5,
                      "Filter": "((kind_id < 4) AND (production_year = 1950))",
                      "Rows Removed by Filter": 505118
                    },
                    {
                      "Node Type": "Index Only Scan",
                      "Parent Relationship": "Inner",
                      "Parallel Aware": false,
                      "Scan Direction": "Forward",
                      "Index Name": "movie_id_movie_info_idx",
                      "Relation Name": "movie_info_idx",
                      "Alias": "mi_idx",
                      "Startup Cost": 0.43,
                      "Total Cost": 7.75,
                      "Plan Rows": 3,
                      "Plan Width": 4,
                      "Actual Startup Time": 0.009,
                      "Actual Total Time": 0.009,
                      "Actual Rows": 1,
                      "Actual Loops": 2720,
                      "Index Cond": "(movie_id = t.id)",
                      "Rows Removed by Index Recheck": 0,
                      "Heap Fetches": 3361
                    }
                  ]
                }
              ]
            }
          ]
        }
      ]
    },
    "Planning Time": 0.567,
    "Triggers": [],
    "Execution Time": 108.691
  }
]