[
  {
    "Plan": {
      "Node Type": "Aggregate",
      "Strategy": "Plain",
      "Partial Mode": "Finalize",
      "Parallel Aware": false,
      "Startup Cost": 61793.47,
      "Total Cost": 61793.48,
      "Plan Rows": 1,
      "Plan Width": 8,
      "Actual Startup Time": 203.443,
      "Actual Total Time": 217.699,
      "Actual Rows": 1,
      "Actual Loops": 1,
      "Plans": [
        {
          "Node Type": "Gather",
          "Parent Relationship": "Outer",
          "Parallel Aware": false,
          "Startup Cost": 61793.26,
          "Total Cost": 61793.47,
          "Plan Rows": 2,
          "Plan Width": 8,
          "Actual Startup Time": 203.181,
          "Actual Total Time": 217.692,
          "Actual Rows": 3,
          "Actual Loops": 1,
          "Workers Planned": 2,
          "Workers Launched": 2,
          "Single Copy": false,
          "Plans": [
            {
              "Node Type": "Aggregate",
              "Strategy": "Plain",
              "Partial Mode": "Partial",
              "Parent Relationship": "Outer",
              "Parallel Aware": false,
              "Startup Cost": 60793.26,
              "Total Cost": 60793.27,
              "Plan Rows": 1,
              "Plan Width": 8,
              "Actual Startup Time": 195.595,
              "Actual Total Time": 195.598,
              "Actual Rows": 1,
              "Actual Loops": 3,
              "Plans": [
                {
                  "Node Type": "Hash Join",
                  "Parent Relationship": "Outer",
                  "Parallel Aware": true,
                  "Join Type": "Inner",
                  "Startup Cost": 45580.36,
                  "Total Cost": 60774.92,
                  "Plan Rows": 7334,
                  "Plan Width": 0,
                  "Actual Startup Time": 115.886,
                  "Actual Total Time": 195.048,
                  "Actual Rows": 9568,
                  "Actual Loops": 3,
                  "Inner Unique": true,
                  "Hash Cond": "(mi_idx.movie_id = t.id)",
                  "Plans": [
                    {
                      "Node Type": "Seq Scan",
                      "Parent Relationship": "Outer",
                      "Parallel Aware": true,
                      "Relation Name": "movie_info_idx",
                      "Alias": "mi_idx",
                      "Startup Cost": 0.0,
                      "Total Cost": 13685.15,
                      "Plan Rows": 575015,
                      "Plan Width": 4,
                      "Actual Startup Time": 0.01,
                      "Actual Total Time": 39.039,
                      "Actual Rows": 460012,
                      "Actual Loops": 3
                    },
                    {
                      "Node Type": "Hash",
                      "Parent Relationship": "Inner",
                      "Parallel Aware": true,
                      "Startup Cost": 45479.59,
                      "Total Cost": 45479.59,
                      "Plan Rows": 8062,
                      "Plan Width": 4,
                      "Actual Startup Time": 114.818,
                      "Actual Total Time": 114.819,
                      "Actual Rows": 6736,
                      "Actual Loops": 3,
                      "Hash Buckets": 32768,
                      "Original Hash Buckets": 32768,
                      "Hash Batches": 1,
                      "Original Hash Batches": 1,
                      "Peak Memory Usage": 1120,
                      "Plans": [
                        {
                          "Node Type": "Seq Scan",
                          "Parent Relationship": "Outer",
                          "Parallel Aware": true,
                          "Relation Name": "title",
                          "Alias": "t",
                          "Startup Cost": 0.0,
                          "Total Cost": 45479.59,
                          "Plan Rows": 8062,
                          "Plan Width": 4,
                          "Actual Startup Time": 0.256,
                          "Actual Total Time": 112.062,
                          "Actual Rows": 6736,
                          "Actual Loops": 3,
                          "Filter": "((kind_id < 3) AND (production_year = 2006))",
                          "Rows Removed by Filter": 836034
                        }
                      ]
                    }
                  ]
                }
              ]
            }
          ]
        }
      ]
    },
    "Planning Time": 0.457,
    "Triggers": [],
    "Execution Time": 217.753
  }
]