[
  {
    "Plan": {
      "Node Type": "Aggregate",
      "Strategy": "Plain",
      "Partial Mode": "Finalize",
      "Parallel Aware": false,
      "Startup Cost": 46670.28,
      "Total Cost": 46670.29,
      "Plan Rows": 1,
      "Plan Width": 8,
      "Actual Startup Time": 97.737,
      "Actual Total Time": 108.097,
      "Actual Rows": 1,
      "Actual Loops": 1,
      "Plans": [
        {
          "Node Type": "Gather",
          "Parent Relationship": "Outer",
          "Parallel Aware": false,
          "Startup Cost": 46669.86,
          "Total Cost": 46670.27,
          "Plan Rows": 4,
          "Plan Width": 8,
          "Actual Startup Time": 97.586,
          "Actual Total Time": 108.087,
          "Actual Rows": 5,
          "Actual Loops": 1,
          "Workers Planned": 4,
          "Workers Launched": 4,
          "Single Copy": false,
          "Plans": [
            {
              "Node Type": "Aggregate",
              "Strategy": "Plain",
              "Partial Mode": "Partial",
              "Parent Relationship": "Outer",
              "Parallel Aware": false,
              "Startup Cost": 45669.86,
              "Total Cost": 45669.87,
              "Plan Rows": 1,
              "Plan Width": 8,
              "Actual Startup Time": 89.732,
              "Actual Total Time": 89.733,
              "Actual Rows": 1,
              "Actual Loops": 5,
              "Plans": [
                {
                  "Node Type": "Seq Scan",
                  "Parent Relationship": "Outer",
                  "Parallel Aware": true,
                  "Relation Name": "title",
                  "Alias": "t",
                  "Startup Cost": 0.0,
                  "Total Cost": 45479.1,
                  "Plan Rows": 76304,
                  "Plan Width": 0,
                  "Actual Startup Time": 0.057,
                  "Actual Total Time": 85.76,
                  "Actual Rows": 84444,
                  "Actual Loops": 5,
                  "Filter": "((kind_id < 7) AND (production_year < 1994))",
                  "Rows Removed by Filter": 421219
                }
              ]
            }
          ]
        }
      ]
    },
    "Planning Time": 0.144,
    "Triggers": [],
    "Execution Time": 108.139
  }
]