[
  {
    "Plan": {
      "Node Type": "Aggregate",
      "Strategy": "Plain",
      "Partial Mode": "Finalize",
      "Parallel Aware": false,
      "Startup Cost": 383977.22,
      "Total Cost": 383977.23,
      "Plan Rows": 1,
      "Plan Width": 8,
      "Actual Startup Time": 1447.891,
      "Actual Total Time": 1497.284,
      "Actual Rows": 1,
      "Actual Loops": 1,
      "Plans": [
        {
          "Node Type": "Gather",
          "Parent Relationship": "Outer",
          "Parallel Aware": false,
          "Startup Cost": 383976.69,
          "Total Cost": 383977.2,
          "Plan Rows": 5,
          "Plan Width": 8,
          "Actual Startup Time": 1437.408,
          "Actual Total Time": 1497.275,
          "Actual Rows": 6,
          "Actual Loops": 1,
          "Workers Planned": 5,
          "Workers Launched": 5,
          "Single Copy": false,
          "Plans": [
            {
              "Node Type": "Aggregate",
              "Strategy": "Plain",
              "Partial Mode": "Partial",
              "Parent Relationship": "Outer",
              "Parallel Aware": false,
              "Startup Cost": 382976.69,
              "Total Cost": 382976.7,
              "Plan Rows": 1,
              "Plan Width": 8,
              "Actual Startup Time": 1427.863,
              "Actual Total Time": 1428.082,
              "Actual Rows": 1,
              "Actual Loops": 6,
              "Plans": [
                {
                  "Node Type": "Hash Join",
                  "Parent Relationship": "Outer",
                  "Parallel Aware": true,
                  "Join Type": "Inner",
                  "Startup Cost": 171996.45,
                  "Total Cost": 378443.1,
                  "Plan Rows": 1813439,
                  "Plan Width": 0,
                  "Actual Startup Time": 438.006,
                  "Actual Total Time": 1309.674,
                  "Actual Rows": 2783397,
                  "Actual Loops": 6,
                  "Inner Unique": false,
                  "Hash Cond": "(mi.movie_id = t.id)",
                  "Plans": [
                    {
                      "Node Type": "Seq Scan",
                      "Parent Relationship": "Outer",
                      "Parallel Aware": true,
                      "Relation Name": "movie_info",
                      "Alias": "mi",
                      "Startup Cost": 0.0,
                      "Total Cost": 191685.19,
                      "Plan Rows": 2969219,
                      "Plan Width": 4,
                      "Actual Startup Time": 0.022,
                      "Actual Total Time": 269.084,
                      "Actual Rows": 2472620,
                      "Actual Loops": 6
                    },
                    {
                      "Node Type": "Hash",
                      "Parent Relationship": "Inner",
                      "Parallel Aware": true,
                      "Startup Cost": 168135.89,
                      "Total Cost": 168135.89,
                      "Plan Rows": 308845,
                      "Plan Width": 8,
                      "Actual Startup Time": 433.998,
                      "Actual Total Time": 434.216,
                      "Actual Rows": 75464,
                      "Actual Loops": 6,
                      "Hash Buckets": 2097152,
                      "Original Hash Buckets": 2097152,
                      "Hash Batches": 1,
                      "Original Hash Batches": 1,
                      "Peak Memory Usage": 34176,
                      "Plans": [
                        {
                          "Node Type": "Hash Join",
                          "Parent Relationship": "Outer",
                          "Parallel Aware": true,
                          "Join Type": "Inner",
                          "Startup Cost": 48748.09,
                          "Total Cost": 168135.89,
                          "Plan Rows": 308845,
                          "Plan Width": 8,
                          "Actual Startup Time": 192.458,
                          "Actual Total Time": 396.0,
                          "Actual Rows": 75464,
                          "Actual Loops": 6,
                          "Inner Unique": true,
                          "Hash Cond": "(ci.movie_id = t.id)",
                          "Plans": [
                            {
                              "Node Type": "Index Scan",
                              "Parent Relationship": "Outer",
                              "Parallel Aware": true,
                              "Scan Direction": "Forward",
                              "Index Name": "role_id_cast_info",
                              "Relation Name": "cast_info",
                              "Alias": "ci",
                              "Startup Cost": 0.56,
                              "Total Cost": 118067.1,
                              "Plan Rows": 503338,
                              "Plan Width": 4,
                              "Actual Startup Time": 0.245,
                              "Actual Total Time": 137.981,
                              "Actual Rows": 137332,
                              "Actual Loops": 6,
                              "Index Cond": "(role_id = 10)",
                              "Rows Removed by Index Recheck": 0,
                              "Filter": "(person_id < 2162538)",
                              "Rows Removed by Filter": 583171
                            },
                            {
                              "Node Type": "Hash",
                              "Parent Relationship": "Inner",
                              "Parallel Aware": true,
                              "Startup Cost": 43899.32,
                              "Total Cost": 43899.32,
                              "Plan Rows": 387856,
                              "Plan Width": 4,
                              "Actual Startup Time": 189.706,
                              "Actual Total Time": 189.708,
                              "Actual Rows": 258621,
                              "Actual Loops": 6,
                              "Hash Buckets": 2097152,
                              "Original Hash Buckets": 2097152,
                              "Hash Batches": 1,
                              "Original Hash Batches": 1,
                              "Peak Memory Usage": 77152,
                              "Plans": [
                                {
                                  "Node Type": "Seq Scan",
                                  "Parent Relationship": "Outer",
                                  "Parallel Aware": true,
                                  "Relation Name": "title",
                                  "Alias": "t",
                                  "Startup Cost": 0.0,
                                  "Total Cost": 43899.32,
                                  "Plan Rows": 387856,
                                  "Plan Width": 4,
                                  "Actual Startup Time": 0.05,
                                  "Actual Total Time": 81.875,
                                  "Actual Rows": 258621,
                                  "Actual Loops": 6,
                                  "Filter": "(production_year < 2007)",
                                  "Rows Removed by Filter": 162764
                                }
                              ]
                            }
                          ]
                        }
                      ]
                    }
                  ]
                }
              ]
            }
          ]
        }
      ]
    },
    "Planning Time": 0.61,
    "Triggers": [],
    "Execution Time": 1497.349
  }
]