[
  {
    "Plan": {
      "Node Type": "Aggregate",
      "Strategy": "Plain",
      "Partial Mode": "Finalize",
      "Parallel Aware": false,
      "Startup Cost": 26699.92,
      "Total Cost": 26699.93,
      "Plan Rows": 1,
      "Plan Width": 8,
      "Actual Startup Time": 67.163,
      "Actual Total Time": 72.01,
      "Actual Rows": 1,
      "Actual Loops": 1,
      "Plans": [
        {
          "Node Type": "Gather",
          "Parent Relationship": "Outer",
          "Parallel Aware": false,
          "Startup Cost": 26699.5,
          "Total Cost": 26699.91,
          "Plan Rows": 4,
          "Plan Width": 8,
          "Actual Startup Time": 67.023,
          "Actual Total Time": 72.003,
          "Actual Rows": 5,
          "Actual Loops": 1,
          "Workers Planned": 4,
          "Workers Launched": 4,
          "Single Copy": false,
          "Plans": [
            {
              "Node Type": "Aggregate",
              "Strategy": "Plain",
              "Partial Mode": "Partial",
              "Parent Relationship": "Outer",
              "Parallel Aware": false,
              "Startup Cost": 25699.5,
              "Total Cost": 25699.51,
              "Plan Rows": 1,
              "Plan Width": 8,
              "Actual Startup Time": 57.928,
              "Actual Total Time": 57.929,
              "Actual Rows": 1,
              "Actual Loops": 5,
              "Plans": [
                {
                  "Node Type": "Index Scan",
                  "Parent Relationship": "Outer",
                  "Parallel Aware": true,
                  "Scan Direction": "Forward",
                  "Index Name": "role_id_cast_info",
                  "Relation Name": "cast_info",
                  "Alias": "ci",
                  "Startup Cost": 0.56,
                  "Total Cost": 25284.63,
                  "Plan Rows": 165950,
                  "Plan Width": 0,
                  "Actual Startup Time": 0.177,
                  "Actual Total Time": 53.795,
                  "Actual Rows": 54307,
                  "Actual Loops": 5,
                  "Index Cond": "(role_id = 5)",
                  "Rows Removed by Index Recheck": 0,
                  "Filter": "(person_id < 2748329)",
                  "Rows Removed by Filter": 125371
                }
              ]
            }
          ]
        }
      ]
    },
    "Planning Time": 0.235,
    "Triggers": [],
    "Execution Time": 72.071
  }
]