[
  {
    "Plan": {
      "Node Type": "Aggregate",
      "Strategy": "Plain",
      "Partial Mode": "Finalize",
      "Parallel Aware": false,
      "Startup Cost": 33209.11,
      "Total Cost": 33209.12,
      "Plan Rows": 1,
      "Plan Width": 8,
      "Actual Startup Time": 103.479,
      "Actual Total Time": 111.018,
      "Actual Rows": 1,
      "Actual Loops": 1,
      "Plans": [
        {
          "Node Type": "Gather",
          "Parent Relationship": "Outer",
          "Parallel Aware": false,
          "Startup Cost": 33208.79,
          "Total Cost": 33209.1,
          "Plan Rows": 3,
          "Plan Width": 8,
          "Actual Startup Time": 103.364,
          "Actual Total Time": 111.009,
          "Actual Rows": 4,
          "Actual Loops": 1,
          "Workers Planned": 3,
          "Workers Launched": 3,
          "Single Copy": false,
          "Plans": [
            {
              "Node Type": "Aggregate",
              "Strategy": "Plain",
              "Partial Mode": "Partial",
              "Parent Relationship": "Outer",
              "Parallel Aware": false,
              "Startup Cost": 32208.79,
              "Total Cost": 32208.8,
              "Plan Rows": 1,
              "Plan Width": 8,
              "Actual Startup Time": 95.858,
              "Actual Total Time": 95.859,
              "Actual Rows": 1,
              "Actual Loops": 4,
              "Plans": [
                {
                  "Node Type": "Seq Scan",
                  "Parent Relationship": "Outer",
                  "Parallel Aware": true,
                  "Relation Name": "movie_companies",
                  "Alias": "mc",
                  "Startup Cost": 0.0,
                  "Total Cost": 31414.82,
                  "Plan Rows": 317588,
                  "Plan Width": 0,
                  "Actual Startup Time": 0.421,
                  "Actual Total Time": 84.454,
                  "Actual Rows": 209614,
                  "Actual Loops": 4,
                  "Filter": "((company_id > 699) AND (company_type_id < 2))",
                  "Rows Removed by Filter": 442668
                }
              ]
            }
          ]
        }
      ]
    },
    "Planning Time": 0.213,
    "Triggers": [],
    "Execution Time": 111.104
  }
]