[
  {
    "Plan": {
      "Node Type": "Aggregate",
      "Strategy": "Plain",
      "Partial Mode": "Finalize",
      "Parallel Aware": false,
      "Startup Cost": 45592.19,
      "Total Cost": 45592.2,
      "Plan Rows": 1,
      "Plan Width": 8,
      "Actual Startup Time": 145.836,
      "Actual Total Time": 155.238,
      "Actual Rows": 1,
      "Actual Loops": 1,
      "Plans": [
        {
          "Node Type": "Gather",
          "Parent Relationship": "Outer",
          "Parallel Aware": false,
          "Startup Cost": 45591.87,
          "Total Cost": 45592.18,
          "Plan Rows": 3,
          "Plan Width": 8,
          "Actual Startup Time": 145.735,
          "Actual Total Time": 155.229,
          "Actual Rows": 4,
          "Actual Loops": 1,
          "Workers Planned": 3,
          "Workers Launched": 3,
          "Single Copy": false,
          "Plans": [
            {
              "Node Type": "Aggregate",
              "Strategy": "Plain",
              "Partial Mode": "Partial",
              "Parent Relationship": "Outer",
              "Parallel Aware": false,
              "Startup Cost": 44591.87,
              "Total Cost": 44591.88,
              "Plan Rows": 1,
              "Plan Width": 8,
              "Actual Startup Time": 139.826,
              "Actual Total Time": 139.827,
              "Actual Rows": 1,
              "Actual Loops": 4,
              "Plans": [
                {
                  "Node Type": "Seq Scan",
                  "Parent Relationship": "Outer",
                  "Parallel Aware": true,
                  "Relation Name": "movie_keyword",
                  "Alias": "mk",
                  "Startup Cost": 0.0,
                  "Total Cost": 42695.65,
                  "Plan Rows": 758486,
                  "Plan Width": 0,
                  "Actual Startup Time": 0.633,
                  "Actual Total Time": 113.466,
                  "Actual Rows": 586954,
                  "Actual Loops": 4,
                  "Filter": "(keyword_id > 4255)",
                  "Rows Removed by Filter": 544028
                }
              ]
            }
          ]
        }
      ]
    },
    "Planning Time": 0.179,
    "Triggers": [],
    "Execution Time": 155.292
  }
]