[
  {
    "Plan": {
      "Node Type": "Aggregate",
      "Strategy": "Plain",
      "Partial Mode": "Simple",
      "Parallel Aware": false,
      "Startup Cost": 21252.33,
      "Total Cost": 21252.34,
      "Plan Rows": 1,
      "Plan Width": 8,
      "Actual Startup Time": 43.339,
      "Actual Total Time": 43.34,
      "Actual Rows": 1,
      "Actual Loops": 1,
      "Plans": [
        {
          "Node Type": "Bitmap Heap Scan",
          "Parent Relationship": "Outer",
          "Parallel Aware": false,
          "Relation Name": "movie_companies",
          "Alias": "mc",
          "Startup Cost": 1405.02,
          "Total Cost": 21172.16,
          "Plan Rows": 32068,
          "Plan Width": 0,
          "Actual Startup Time": 11.301,
          "Actual Total Time": 37.392,
          "Actual Rows": 60140,
          "Actual Loops": 1,
          "Recheck Cond": "(company_id < 8)",
          "Rows Removed by Index Recheck": 0,
          "Filter": "(company_type_id < 2)",
          "Rows Removed by Filter": 7937,
          "Exact Heap Blocks": 6234,
          "Lossy Heap Blocks": 0,
          "Plans": [
            {
              "Node Type": "Bitmap Index Scan",
              "Parent Relationship": "Outer",
              "Parallel Aware": false,
              "Index Name": "company_id_movie_companies",
              "Startup Cost": 0.0,
              "Total Cost": 1397.0,
              "Plan Rows": 65143,
              "Plan Width": 0,
              "Actual Startup Time": 8.751,
              "Actual Total Time": 8.751,
              "Actual Rows": 68077,
              "Actual Loops": 1,
              "Index Cond": "(company_id < 8)"
            }
          ]
        }
      ]
    },
    "Planning Time": 0.274,
    "Triggers": [],
    "Execution Time": 43.396
  }
]