[
  {
    "Plan": {
      "Node Type": "Aggregate",
      "Strategy": "Plain",
      "Partial Mode": "Finalize",
      "Parallel Aware": false,
      "Startup Cost": 434518.25,
      "Total Cost": 434518.26,
      "Plan Rows": 1,
      "Plan Width": 8,
      "Actual Startup Time": 2841.643,
      "Actual Total Time": 2902.626,
      "Actual Rows": 1,
      "Actual Loops": 1,
      "Plans": [
        {
          "Node Type": "Gather",
          "Parent Relationship": "Outer",
          "Parallel Aware": false,
          "Startup Cost": 434517.62,
          "Total Cost": 434518.23,
          "Plan Rows": 6,
          "Plan Width": 8,
          "Actual Startup Time": 2831.3,
          "Actual Total Time": 2902.613,
          "Actual Rows": 7,
          "Actual Loops": 1,
          "Workers Planned": 6,
          "Workers Launched": 6,
          "Single Copy": false,
          "Plans": [
            {
              "Node Type": "Aggregate",
              "Strategy": "Plain",
              "Partial Mode": "Partial",
              "Parent Relationship": "Outer",
              "Parallel Aware": false,
              "Startup Cost": 433517.62,
              "Total Cost": 433517.63,
              "Plan Rows": 1,
              "Plan Width": 8,
              "Actual Startup Time": 2820.329,
              "Actual Total Time": 2820.586,
              "Actual Rows": 1,
              "Actual Loops": 7,
              "Plans": [
                {
                  "Node Type": "Hash Join",
                  "Parent Relationship": "Outer",
                  "Parallel Aware": true,
                  "Join Type": "Inner",
                  "Startup Cost": 93038.83,
                  "Total Cost": 431435.27,
                  "Plan Rows": 832942,
                  "Plan Width": 0,
                  "Actual Startup Time": 340.975,
                  "Actual Total Time": 2518.965,
                  "Actual Rows": 5607715,
                  "Actual Loops": 7,
                  "Inner Unique": false,
                  "Hash Cond": "(ci.movie_id = t.id)",
                  "Plans": [
                    {
                      "Node Type": "Seq Scan",
                      "Parent Relationship": "Outer",
                      "Parallel Aware": true,
                      "Relation Name": "cast_info",
                      "Alias": "ci",
                      "Startup Cost": 0.0,
                      "Total Cost": 313067.02,
                      "Plan Rows": 6038002,
                      "Plan Width": 4,
                      "Actual Startup Time": 0.021,
                      "Actual Total Time": 661.965,
                      "Actual Rows": 5177763,
                      "Actual Loops": 7
                    },
                    {
                      "Node Type": "Hash",
                      "Parent Relationship": "Inner",
                      "Parallel Aware": true,
                      "Startup Cost": 91632.47,
                      "Total Cost": 91632.47,
                      "Plan Rows": 112509,
                      "Plan Width": 8,
                      "Actual Startup Time": 338.553,
                      "Actual Total Time": 338.808,
                      "Actual Rows": 96886,
                      "Actual Loops": 7,
                      "Hash Buckets": 1048576,
                      "Original Hash Buckets": 524288,
                      "Hash Batches": 1,
                      "Original Hash Batches": 1,
                      "Peak Memory Usage": 38912,
                      "Plans": [
                        {
                          "Node Type": "Hash Join",
                          "Parent Relationship": "Outer",
                          "Parallel Aware": true,
                          "Join Type": "Inner",
                          "Startup Cost": 48017.6,
                          "Total Cost": 91632.47,
                          "Plan Rows": 112509,
                          "Plan Width": 8,
                          "Actual Startup Time": 157.501,
                          "Actual Total Time": 285.503,
                          "Actual Rows": 96886,
                          "Actual Loops": 7,
                          "Inner Unique": true,
                          "Hash Cond": "(mk.movie_id = t.id)",
                          "Plans": [
                            {
                              "Node Type": "Seq Scan",
                              "Parent Relationship": "Outer",
                              "Parallel Aware": true,
                              "Relation Name": "movie_keyword",
                              "Alias": "mk",
                              "Startup Cost": 0.0,
                              "Total Cost": 42695.65,
                              "Plan Rows": 350177,
                              "Plan Width": 4,
                              "Actual Startup Time": 1.029,
                              "Actual Total Time": 86.319,
                              "Actual Rows": 155462,
                              "Actual Loops": 7,
                              "Filter": "(keyword_id > 16264)",
                              "Rows Removed by Filter": 490813
                            },
                            {
                              "Node Type": "Hash",
                              "Parent Relationship": "Inner",
                              "Parallel Aware": true,
                              "Startup Cost": 45479.1,
                              "Total Cost": 45479.1,
                              "Plan Rows": 203080,
                              "Plan Width": 4,
                              "Actual Startup Time": 154.553,
                              "Actual Total Time": 154.554,
                              "Actual Rows": 102819,
                              "Actual Loops": 7,
                              "Hash Buckets": 1048576,
                              "Original Hash Buckets": 1048576,
                              "Hash Batches": 1,
                              "Original Hash Batches": 1,
                              "Peak Memory Usage": 36448,
                              "Plans": [
                                {
                                  "Node Type": "Seq Scan",
                                  "Parent Relationship": "Outer",
                                  "Parallel Aware": true,
                                  "Relation Name": "title",
                                  "Alias": "t",
                                  "Startup Cost": 0.0,
                                  "Total Cost": 45479.1,
                                  "Plan Rows": 203080,
                                  "Plan Width": 4,
                                  "Actual Startup Time": 0.057,
                                  "Actual Total Time": 93.009,
                                  "Actual Rows": 102819,
                                  "Actual Loops": 7,
                                  "Filter": "((kind_id < 7) AND (production_year > 1971))",
                                  "Rows Removed by Filter": 258369
                                }
                              ]
                            }
                          ]
                        }
                      ]
                    }
                  ]
                }
              ]
            }
          ]
        }
      ]
    },
    "Planning Time": 1.338,
    "Triggers": [],
    "Execution Time": 2902.724
  }
]