{
  "Plan": {
    "Node Type": "Aggregate",
    "Strategy": "Plain",
    "Partial Mode": "Finalize",
    "Parallel Aware": false,
    "Startup Cost": 101442.42,
    "Total Cost": 101442.43,
    "Plan Rows": 1,
    "Plan Width": 8,
    "Actual Startup Time": 430.797,
    "Actual Total Time": 449.008,
    "Actual Rows": 1,
    "Actual Loops": 1,
    "Plans": [
      {
        "Node Type": "Gather",
        "Parent Relationship": "Outer",
        "Parallel Aware": false,
        "Startup Cost": 101442.31,
        "Total Cost": 101442.42,
        "Plan Rows": 1,
        "Plan Width": 8,
        "Actual Startup Time": 430.566,
        "Actual Total Time": 448.999,
        "Actual Rows": 2,
        "Actual Loops": 1,
        "Workers Planned": 1,
        "Workers Launched": 1,
        "Single Copy": false,
        "Plans": [
          {
            "Node Type": "Aggregate",
            "Strategy": "Plain",
            "Partial Mode": "Partial",
            "Parent Relationship": "Outer",
            "Parallel Aware": false,
            "Startup Cost": 100442.31,
            "Total Cost": 100442.32,
            "Plan Rows": 1,
            "Plan Width": 8,
            "Actual Startup Time": 424.969,
            "Actual Total Time": 424.972,
            "Actual Rows": 1,
            "Actual Loops": 2,
            "Plans": [
              {
                "Node Type": "Hash Join",
                "Parent Relationship": "Outer",
                "Parallel Aware": true,
                "Join Type": "Inner",
                "Startup Cost": 58499.41,
                "Total Cost": 100403.47,
                "Plan Rows": 15535,
                "Plan Width": 0,
                "Actual Startup Time": 159.174,
                "Actual Total Time": 423.442,
                "Actual Rows": 25518,
                "Actual Loops": 2,
                "Inner Unique": true,
                "Hash Cond": "(mc.movie_id = t.id)",
                "Plans": [
                  {
                    "Node Type": "Seq Scan",
                    "Parent Relationship": "Outer",
                    "Parallel Aware": true,
                    "Relation Name": "movie_companies",
                    "Alias": "mc",
                    "Startup Cost": 0.0,
                    "Total Cost": 37974.77,
                    "Plan Rows": 1496870,
                    "Plan Width": 4,
                    "Actual Startup Time": 0.016,
                    "Actual Total Time": 146.661,
                    "Actual Rows": 1271171,
                    "Actual Loops": 2,
                    "Filter": "(company_id > 6)",
                    "Rows Removed by Filter": 33394
                  },
                  {
                    "Node Type": "Hash",
                    "Parent Relationship": "Inner",
                    "Parallel Aware": true,
                    "Startup Cost": 58306.47,
                    "Total Cost": 58306.47,
                    "Plan Rows": 15435,
                    "Plan Width": 4,
                    "Actual Startup Time": 157.906,
                    "Actual Total Time": 157.906,
                    "Actual Rows": 11963,
                    "Actual Loops": 2,
                    "Hash Buckets": 32768,
                    "Original Hash Buckets": 32768,
                    "Hash Batches": 1,
                    "Original Hash Batches": 1,
                    "Peak Memory Usage": 1248,
                    "Plans": [
                      {
                        "Node Type": "Seq Scan",
                        "Parent Relationship": "Outer",
                        "Parallel Aware": true,
                        "Relation Name": "title",
                        "Alias": "t",
                        "Startup Cost": 0.0,
                        "Total Cost": 58306.47,
                        "Plan Rows": 15435,
                        "Plan Width": 4,
                        "Actual Startup Time": 0.058,
                        "Actual Total Time": 153.951,
                        "Actual Rows": 11963,
                        "Actual Loops": 2,
                        "Filter": "((kind_id < 7) AND (production_year = 2003))",
                        "Rows Removed by Filter": 1252193
                      }
                    ]
                  }
                ]
              }
            ]
          }
        ]
      }
    ]
  },
  "Planning Time": 0.54,
  "Triggers": [],
  "Execution Time": 449.077
}