[
  {
    "Plan": {
      "Node Type": "Aggregate",
      "Strategy": "Plain",
      "Partial Mode": "Finalize",
      "Parallel Aware": false,
      "Startup Cost": 393622.49,
      "Total Cost": 393622.5,
      "Plan Rows": 1,
      "Plan Width": 8,
      "Actual Startup Time": 752.31,
      "Actual Total Time": 782.196,
      "Actual Rows": 1,
      "Actual Loops": 1,
      "Plans": [
        {
          "Node Type": "Gather",
          "Parent Relationship": "Outer",
          "Parallel Aware": false,
          "Startup Cost": 393621.86,
          "Total Cost": 393622.47,
          "Plan Rows": 6,
          "Plan Width": 8,
          "Actual Startup Time": 751.109,
          "Actual Total Time": 782.185,
          "Actual Rows": 7,
          "Actual Loops": 1,
          "Workers Planned": 6,
          "Workers Launched": 6,
          "Single Copy": false,
          "Plans": [
            {
              "Node Type": "Aggregate",
              "Strategy": "Plain",
              "Partial Mode": "Partial",
              "Parent Relationship": "Outer",
              "Parallel Aware": false,
              "Startup Cost": 392621.86,
              "Total Cost": 392621.87,
              "Plan Rows": 1,
              "Plan Width": 8,
              "Actual Startup Time": 744.048,
              "Actual Total Time": 744.05,
              "Actual Rows": 1,
              "Actual Loops": 7,
              "Plans": [
                {
                  "Node Type": "Hash Join",
                  "Parent Relationship": "Outer",
                  "Parallel Aware": true,
                  "Join Type": "Inner",
                  "Startup Cost": 44264.29,
                  "Total Cost": 392409.36,
                  "Plan Rows": 85001,
                  "Plan Width": 0,
                  "Actual Startup Time": 284.546,
                  "Actual Total Time": 741.859,
                  "Actual Rows": 33577,
                  "Actual Loops": 7,
                  "Inner Unique": true,
                  "Hash Cond": "(ci.movie_id = t.id)",
                  "Plans": [
                    {
                      "Node Type": "Seq Scan",
                      "Parent Relationship": "Outer",
                      "Parallel Aware": true,
                      "Relation Name": "cast_info",
                      "Alias": "ci",
                      "Startup Cost": 0.0,
                      "Total Cost": 343318.94,
                      "Plan Rows": 1838520,
                      "Plan Width": 4,
                      "Actual Startup Time": 203.16,
                      "Actual Total Time": 579.847,
                      "Actual Rows": 676264,
                      "Actual Loops": 7,
                      "Filter": "((person_id < 1675073) AND (role_id > 1))",
                      "Rows Removed by Filter": 4501499
                    },
                    {
                      "Node Type": "Hash",
                      "Parent Relationship": "Inner",
                      "Parallel Aware": true,
                      "Startup Cost": 43899.01,
                      "Total Cost": 43899.01,
                      "Plan Rows": 29223,
                      "Plan Width": 4,
                      "Actual Startup Time": 67.449,
                      "Actual Total Time": 67.45,
                      "Actual Rows": 17081,
                      "Actual Loops": 7,
                      "Hash Buckets": 131072,
                      "Original Hash Buckets": 131072,
                      "Hash Batches": 1,
                      "Original Hash Batches": 1,
                      "Peak Memory Usage": 5824,
                      "Plans": [
                        {
                          "Node Type": "Seq Scan",
                          "Parent Relationship": "Outer",
                          "Parallel Aware": true,
                          "Relation Name": "title",
                          "Alias": "t",
                          "Startup Cost": 0.0,
                          "Total Cost": 43899.01,
                          "Plan Rows": 29223,
                          "Plan Width": 4,
                          "Actual Startup Time": 0.038,
                          "Actual Total Time": 60.625,
                          "Actual Rows": 17081,
                          "Actual Loops": 7,
                          "Filter": "(production_year = 2007)",
                          "Rows Removed by Filter": 344107
                        }
                      ]
                    }
                  ]
                }
              ]
            }
          ]
        }
      ]
    },
    "Planning Time": 0.203,
    "Triggers": [],
    "Execution Time": 782.227
  }
]