{
  "Plan": {
    "Node Type": "Aggregate",
    "Strategy": "Plain",
    "Partial Mode": "Finalize",
    "Parallel Aware": false,
    "Startup Cost": 493167.68,
    "Total Cost": 493167.69,
    "Plan Rows": 1,
    "Plan Width": 8,
    "Actual Startup Time": 1332.138,
    "Actual Total Time": 1351.627,
    "Actual Rows": 1,
    "Actual Loops": 1,
    "Plans": [
      {
        "Node Type": "Gather",
        "Parent Relationship": "Outer",
        "Parallel Aware": false,
        "Startup Cost": 493167.57,
        "Total Cost": 493167.68,
        "Plan Rows": 1,
        "Plan Width": 8,
        "Actual Startup Time": 1330.511,
        "Actual Total Time": 1351.619,
        "Actual Rows": 2,
        "Actual Loops": 1,
        "Workers Planned": 1,
        "Workers Launched": 1,
        "Single Copy": false,
        "Plans": [
          {
            "Node Type": "Aggregate",
            "Strategy": "Plain",
            "Partial Mode": "Partial",
            "Parent Relationship": "Outer",
            "Parallel Aware": false,
            "Startup Cost": 492167.57,
            "Total Cost": 492167.58,
            "Plan Rows": 1,
            "Plan Width": 8,
            "Actual Startup Time": 1327.529,
            "Actual Total Time": 1327.533,
            "Actual Rows": 1,
            "Actual Loops": 2,
            "Plans": [
              {
                "Node Type": "Hash Join",
                "Parent Relationship": "Outer",
                "Parallel Aware": true,
                "Join Type": "Inner",
                "Startup Cost": 182562.26,
                "Total Cost": 490568.35,
                "Plan Rows": 639690,
                "Plan Width": 0,
                "Actual Startup Time": 435.567,
                "Actual Total Time": 1301.929,
                "Actual Rows": 592801,
                "Actual Loops": 2,
                "Inner Unique": true,
                "Hash Cond": "(ci.movie_id = t.id)",
                "Plans": [
                  {
                    "Node Type": "Bitmap Heap Scan",
                    "Parent Relationship": "Outer",
                    "Parallel Aware": true,
                    "Relation Name": "cast_info",
                    "Alias": "ci",
                    "Startup Cost": 119988.33,
                    "Total Cost": 420679.35,
                    "Plan Rows": 2786687,
                    "Plan Width": 4,
                    "Actual Startup Time": 207.931,
                    "Actual Total Time": 580.087,
                    "Actual Rows": 2678790,
                    "Actual Loops": 2,
                    "Recheck Cond": "(person_id < 540892)",
                    "Rows Removed by Index Recheck": 0,
                    "Filter": "(role_id < 10)",
                    "Rows Removed by Filter": 120148,
                    "Exact Heap Blocks": 32024,
                    "Lossy Heap Blocks": 0,
                    "Plans": [
                      {
                        "Node Type": "Bitmap Index Scan",
                        "Parent Relationship": "Outer",
                        "Parallel Aware": false,
                        "Index Name": "person_id_cast_info",
                        "Startup Cost": 0.0,
                        "Total Cost": 118803.99,
                        "Plan Rows": 5440456,
                        "Plan Width": 0,
                        "Actual Startup Time": 197.742,
                        "Actual Total Time": 197.742,
                        "Actual Rows": 5597875,
                        "Actual Loops": 1,
                        "Index Cond": "(person_id < 540892)"
                      }
                    ]
                  },
                  {
                    "Node Type": "Hash",
                    "Parent Relationship": "Inner",
                    "Parallel Aware": true,
                    "Startup Cost": 58306.47,
                    "Total Cost": 58306.47,
                    "Plan Rows": 341397,
                    "Plan Width": 4,
                    "Actual Startup Time": 221.171,
                    "Actual Total Time": 221.172,
                    "Actual Rows": 301266,
                    "Actual Loops": 2,
                    "Hash Buckets": 1048576,
                    "Original Hash Buckets": 1048576,
                    "Hash Batches": 1,
                    "Original Hash Batches": 1,
                    "Peak Memory Usage": 31808,
                    "Plans": [
                      {
                        "Node Type": "Seq Scan",
                        "Parent Relationship": "Outer",
                        "Parallel Aware": true,
                        "Relation Name": "title",
                        "Alias": "t",
                        "Startup Cost": 0.0,
                        "Total Cost": 58306.47,
                        "Plan Rows": 341397,
                        "Plan Width": 4,
                        "Actual Startup Time": 0.021,
                        "Actual Total Time": 144.664,
                        "Actual Rows": 301266,
                        "Actual Loops": 2,
                        "Filter": "((kind_id > 1) AND (production_year > 2007))",
                        "Rows Removed by Filter": 962890
                      }
                    ]
                  }
                ]
              }
            ]
          }
        ]
      }
    ]
  },
  "Planning Time": 0.306,
  "Triggers": [],
  "Execution Time": 1351.691
}