[
  {
    "Plan": {
      "Node Type": "Aggregate",
      "Strategy": "Plain",
      "Partial Mode": "Finalize",
      "Parallel Aware": false,
      "Startup Cost": 345429.49,
      "Total Cost": 345429.5,
      "Plan Rows": 1,
      "Plan Width": 8,
      "Actual Startup Time": 569.16,
      "Actual Total Time": 629.503,
      "Actual Rows": 1,
      "Actual Loops": 1,
      "Plans": [
        {
          "Node Type": "Gather",
          "Parent Relationship": "Outer",
          "Parallel Aware": false,
          "Startup Cost": 345429.07,
          "Total Cost": 345429.48,
          "Plan Rows": 4,
          "Plan Width": 8,
          "Actual Startup Time": 568.887,
          "Actual Total Time": 629.494,
          "Actual Rows": 5,
          "Actual Loops": 1,
          "Workers Planned": 4,
          "Workers Launched": 4,
          "Single Copy": false,
          "Plans": [
            {
              "Node Type": "Aggregate",
              "Strategy": "Plain",
              "Partial Mode": "Partial",
              "Parent Relationship": "Outer",
              "Parallel Aware": false,
              "Startup Cost": 344429.07,
              "Total Cost": 344429.08,
              "Plan Rows": 1,
              "Plan Width": 8,
              "Actual Startup Time": 559.788,
              "Actual Total Time": 559.789,
              "Actual Rows": 1,
              "Actual Loops": 5,
              "Plans": [
                {
                  "Node Type": "Nested Loop",
                  "Parent Relationship": "Outer",
                  "Parallel Aware": false,
                  "Join Type": "Inner",
                  "Startup Cost": 0.56,
                  "Total Cost": 344106.18,
                  "Plan Rows": 129155,
                  "Plan Width": 0,
                  "Actual Startup Time": 61.369,
                  "Actual Total Time": 547.283,
                  "Actual Rows": 195273,
                  "Actual Loops": 5,
                  "Inner Unique": false,
                  "Plans": [
                    {
                      "Node Type": "Seq Scan",
                      "Parent Relationship": "Outer",
                      "Parallel Aware": true,
                      "Relation Name": "title",
                      "Alias": "t",
                      "Startup Cost": 0.0,
                      "Total Cost": 45479.1,
                      "Plan Rows": 9014,
                      "Plan Width": 4,
                      "Actual Startup Time": 61.25,
                      "Actual Total Time": 93.088,
                      "Actual Rows": 27686,
                      "Actual Loops": 5,
                      "Filter": "((production_year < 1939) AND (kind_id = 1))",
                      "Rows Removed by Filter": 477977
                    },
                    {
                      "Node Type": "Index Only Scan",
                      "Parent Relationship": "Inner",
                      "Parallel Aware": false,
                      "Scan Direction": "Forward",
                      "Index Name": "movie_id_cast_info",
                      "Relation Name": "cast_info",
                      "Alias": "ci",
                      "Startup Cost": 0.56,
                      "Total Cost": 32.76,
                      "Plan Rows": 37,
                      "Plan Width": 4,
                      "Actual Startup Time": 0.006,
                      "Actual Total Time": 0.016,
                      "Actual Rows": 7,
                      "Actual Loops": 138428,
                      "Index Cond": "(movie_id = t.id)",
                      "Rows Removed by Index Recheck": 0,
                      "Heap Fetches": 976364
                    }
                  ]
                }
              ]
            }
          ]
        }
      ]
    },
    "Planning Time": 0.588,
    "Triggers": [],
    "Execution Time": 629.589
  }
]