[
  {
    "Plan": {
      "Node Type": "Aggregate",
      "Strategy": "Plain",
      "Partial Mode": "Simple",
      "Parallel Aware": false,
      "Startup Cost": 1165.98,
      "Total Cost": 1165.99,
      "Plan Rows": 1,
      "Plan Width": 8,
      "Actual Startup Time": 14.142,
      "Actual Total Time": 14.143,
      "Actual Rows": 1,
      "Actual Loops": 1,
      "Plans": [
        {
          "Node Type": "Nested Loop",
          "Parent Relationship": "Outer",
          "Parallel Aware": false,
          "Join Type": "Inner",
          "Startup Cost": 1.29,
          "Total Cost": 1165.9,
          "Plan Rows": 31,
          "Plan Width": 0,
          "Actual Startup Time": 0.086,
          "Actual Total Time": 13.89,
          "Actual Rows": 2410,
          "Actual Loops": 1,
          "Inner Unique": false,
          "Plans": [
            {
              "Node Type": "Nested Loop",
              "Parent Relationship": "Outer",
              "Parallel Aware": false,
              "Join Type": "Inner",
              "Startup Cost": 0.86,
              "Total Cost": 1135.05,
              "Plan Rows": 56,
              "Plan Width": 8,
              "Actual Startup Time": 0.074,
              "Actual Total Time": 8.571,
              "Actual Rows": 803,
              "Actual Loops": 1,
              "Inner Unique": true,
              "Plans": [
                {
                  "Node Type": "Index Scan",
                  "Parent Relationship": "Outer",
                  "Parallel Aware": false,
                  "Scan Direction": "Forward",
                  "Index Name": "company_id_movie_companies",
                  "Relation Name": "movie_companies",
                  "Alias": "mc",
                  "Startup Cost": 0.43,
                  "Total Cost": 273.15,
                  "Plan Rows": 102,
                  "Plan Width": 4,
                  "Actual Startup Time": 0.06,
                  "Actual Total Time": 1.561,
                  "Actual Rows": 1348,
                  "Actual Loops": 1,
                  "Index Cond": "(company_id = 530)",
                  "Rows Removed by Index Recheck": 0
                },
                {
                  "Node Type": "Index Scan",
                  "Parent Relationship": "Inner",
                  "Parallel Aware": false,
                  "Scan Direction": "Forward",
                  "Index Name": "title_pkey",
                  "Relation Name": "title",
                  "Alias": "t",
                  "Startup Cost": 0.43,
                  "Total Cost": 8.45,
                  "Plan Rows": 1,
                  "Plan Width": 4,
                  "Actual Startup Time": 0.005,
                  "Actual Total Time": 0.005,
                  "Actual Rows": 1,
                  "Actual Loops": 1348,
                  "Index Cond": "(id = mc.movie_id)",
                  "Rows Removed by Index Recheck": 0,
                  "Filter": "(production_year > 2000)",
                  "Rows Removed by Filter": 0
                }
              ]
            },
            {
              "Node Type": "Index Only Scan",
              "Parent Relationship": "Inner",
              "Parallel Aware": false,
              "Scan Direction": "Forward",
              "Index Name": "movie_id_movie_info_idx",
              "Relation Name": "movie_info_idx",
              "Alias": "mi_idx",
              "Startup Cost": 0.43,
              "Total Cost": 0.52,
              "Plan Rows": 3,
              "Plan Width": 4,
              "Actual Startup Time": 0.005,
              "Actual Total Time": 0.006,
              "Actual Rows": 3,
              "Actual Loops": 803,
              "Index Cond": "(movie_id = t.id)",
              "Rows Removed by Index Recheck": 0,
              "Heap Fetches": 2410
            }
          ]
        }
      ]
    },
    "Planning Time": 0.726,
    "Triggers": [],
    "Execution Time": 14.175
  }
]