{
  "Plan": {
    "Node Type": "Aggregate",
    "Strategy": "Plain",
    "Partial Mode": "Finalize",
    "Parallel Aware": false,
    "Startup Cost": 129513.76,
    "Total Cost": 129513.77,
    "Plan Rows": 1,
    "Plan Width": 8,
    "Actual Startup Time": 452.529,
    "Actual Total Time": 469.206,
    "Actual Rows": 1,
    "Actual Loops": 1,
    "Plans": [
      {
        "Node Type": "Gather",
        "Parent Relationship": "Outer",
        "Parallel Aware": false,
        "Startup Cost": 129513.64,
        "Total Cost": 129513.75,
        "Plan Rows": 1,
        "Plan Width": 8,
        "Actual Startup Time": 451.934,
        "Actual Total Time": 469.198,
        "Actual Rows": 2,
        "Actual Loops": 1,
        "Workers Planned": 1,
        "Workers Launched": 1,
        "Single Copy": false,
        "Plans": [
          {
            "Node Type": "Aggregate",
            "Strategy": "Plain",
            "Partial Mode": "Partial",
            "Parent Relationship": "Outer",
            "Parallel Aware": false,
            "Startup Cost": 128513.64,
            "Total Cost": 128513.65,
            "Plan Rows": 1,
            "Plan Width": 8,
            "Actual Startup Time": 445.767,
            "Actual Total Time": 445.772,
            "Actual Rows": 1,
            "Actual Loops": 2,
            "Plans": [
              {
                "Node Type": "Nested Loop",
                "Parent Relationship": "Outer",
                "Parallel Aware": false,
                "Join Type": "Inner",
                "Startup Cost": 81986.31,
                "Total Cost": 128503.4,
                "Plan Rows": 4096,
                "Plan Width": 0,
                "Actual Startup Time": 240.544,
                "Actual Total Time": 445.142,
                "Actual Rows": 7969,
                "Actual Loops": 2,
                "Inner Unique": false,
                "Join Filter": "(t.id = mi_idx.movie_id)",
                "Rows Removed by Join Filter": 0,
                "Plans": [
                  {
                    "Node Type": "Hash Join",
                    "Parent Relationship": "Outer",
                    "Parallel Aware": true,
                    "Join Type": "Inner",
                    "Startup Cost": 81985.88,
                    "Total Cost": 116098.07,
                    "Plan Rows": 22464,
                    "Plan Width": 8,
                    "Actual Startup Time": 240.207,
                    "Actual Total Time": 407.873,
                    "Actual Rows": 14920,
                    "Actual Loops": 2,
                    "Inner Unique": true,
                    "Hash Cond": "(mk.movie_id = t.id)",
                    "Plans": [
                      {
                        "Node Type": "Bitmap Heap Scan",
                        "Parent Relationship": "Outer",
                        "Parallel Aware": true,
                        "Relation Name": "movie_keyword",
                        "Alias": "mk",
                        "Startup Cost": 23025.43,
                        "Total Cost": 55461.4,
                        "Plan Rows": 638558,
                        "Plan Width": 4,
                        "Actual Startup Time": 82.121,
                        "Actual Total Time": 192.326,
                        "Actual Rows": 544118,
                        "Actual Loops": 2,
                        "Recheck Cond": "(keyword_id > 16264)",
                        "Rows Removed by Index Recheck": 0,
                        "Exact Heap Blocks": 12686,
                        "Lossy Heap Blocks": 0,
                        "Plans": [
                          {
                            "Node Type": "Bitmap Index Scan",
                            "Parent Relationship": "Outer",
                            "Parallel Aware": false,
                            "Index Name": "keyword_id_movie_keyword",
                            "Startup Cost": 0.0,
                            "Total Cost": 22754.04,
                            "Plan Rows": 1085548,
                            "Plan Width": 0,
                            "Actual Startup Time": 78.431,
                            "Actual Total Time": 78.432,
                            "Actual Rows": 1088237,
                            "Actual Loops": 1,
                            "Index Cond": "(keyword_id > 16264)"
                          }
                        ]
                      },
                      {
                        "Node Type": "Hash",
                        "Parent Relationship": "Inner",
                        "Parallel Aware": true,
                        "Startup Cost": 58306.47,
                        "Total Cost": 58306.47,
                        "Plan Rows": 52319,
                        "Plan Width": 4,
                        "Actual Startup Time": 155.753,
                        "Actual Total Time": 155.754,
                        "Actual Rows": 40230,
                        "Actual Loops": 2,
                        "Hash Buckets": 131072,
                        "Original Hash Buckets": 131072,
                        "Hash Batches": 1,
                        "Original Hash Batches": 1,
                        "Peak Memory Usage": 4192,
                        "Plans": [
                          {
                            "Node Type": "Seq Scan",
                            "Parent Relationship": "Outer",
                            "Parallel Aware": true,
                            "Relation Name": "title",
                            "Alias": "t",
                            "Startup Cost": 0.0,
                            "Total Cost": 58306.47,
                            "Plan Rows": 52319,
                            "Plan Width": 4,
                            "Actual Startup Time": 0.151,
                            "Actual Total Time": 143.219,
                            "Actual Rows": 40230,
                            "Actual Loops": 2,
                            "Filter": "((kind_id < 6) AND (production_year > 2011))",
                            "Rows Removed by Filter": 1223926
                          }
                        ]
                      }
                    ]
                  },
                  {
                    "Node Type": "Index Scan",
                    "Parent Relationship": "Inner",
                    "Parallel Aware": false,
                    "Scan Direction": "Forward",
                    "Index Name": "movie_id_movie_info_idx",
                    "Relation Name": "movie_info_idx",
                    "Alias": "mi_idx",
                    "Startup Cost": 0.43,
                    "Total Cost": 0.54,
                    "Plan Rows": 1,
                    "Plan Width": 4,
                    "Actual Startup Time": 0.002,
                    "Actual Total Time": 0.002,
                    "Actual Rows": 1,
                    "Actual Loops": 29840,
                    "Index Cond": "(movie_id = mk.movie_id)",
                    "Rows Removed by Index Recheck": 0,
                    "Filter": "(info_type_id > 100)",
                    "Rows Removed by Filter": 1
                  }
                ]
              }
            ]
          }
        ]
      }
    ]
  },
  "Planning Time": 0.893,
  "Triggers": [],
  "Execution Time": 469.305
}