[
  {
    "Plan": {
      "Node Type": "Aggregate",
      "Strategy": "Plain",
      "Partial Mode": "Finalize",
      "Parallel Aware": false,
      "Startup Cost": 363346.67,
      "Total Cost": 363346.68,
      "Plan Rows": 1,
      "Plan Width": 8,
      "Actual Startup Time": 552.237,
      "Actual Total Time": 568.533,
      "Actual Rows": 1,
      "Actual Loops": 1,
      "Plans": [
        {
          "Node Type": "Gather",
          "Parent Relationship": "Outer",
          "Parallel Aware": false,
          "Startup Cost": 363346.04,
          "Total Cost": 363346.65,
          "Plan Rows": 6,
          "Plan Width": 8,
          "Actual Startup Time": 533.823,
          "Actual Total Time": 568.52,
          "Actual Rows": 7,
          "Actual Loops": 1,
          "Workers Planned": 6,
          "Workers Launched": 6,
          "Single Copy": false,
          "Plans": [
            {
              "Node Type": "Aggregate",
              "Strategy": "Plain",
              "Partial Mode": "Partial",
              "Parent Relationship": "Outer",
              "Parallel Aware": false,
              "Startup Cost": 362346.04,
              "Total Cost": 362346.05,
              "Plan Rows": 1,
              "Plan Width": 8,
              "Actual Startup Time": 519.372,
              "Actual Total Time": 519.376,
              "Actual Rows": 1,
              "Actual Loops": 7,
              "Plans": [
                {
                  "Node Type": "Hash Join",
                  "Parent Relationship": "Outer",
                  "Parallel Aware": true,
                  "Join Type": "Inner",
                  "Startup Cost": 102954.91,
                  "Total Cost": 362094.57,
                  "Plan Rows": 100588,
                  "Plan Width": 0,
                  "Actual Startup Time": 320.596,
                  "Actual Total Time": 510.758,
                  "Actual Rows": 178067,
                  "Actual Loops": 7,
                  "Inner Unique": true,
                  "Hash Cond": "(ci.movie_id = t.id)",
                  "Plans": [
                    {
                      "Node Type": "Bitmap Heap Scan",
                      "Parent Relationship": "Outer",
                      "Parallel Aware": true,
                      "Relation Name": "cast_info",
                      "Alias": "ci",
                      "Startup Cost": 53367.84,
                      "Total Cost": 312140.74,
                      "Plan Rows": 139719,
                      "Plan Width": 4,
                      "Actual Startup Time": 114.076,
                      "Actual Total Time": 191.831,
                      "Actual Rows": 252187,
                      "Actual Loops": 7,
                      "Recheck Cond": "(person_id < 238901)",
                      "Rows Removed by Index Recheck": 0,
                      "Filter": "(role_id < 2)",
                      "Rows Removed by Filter": 99787,
                      "Exact Heap Blocks": 5062,
                      "Lossy Heap Blocks": 0,
                      "Plans": [
                        {
                          "Node Type": "Bitmap Index Scan",
                          "Parent Relationship": "Outer",
                          "Parallel Aware": false,
                          "Index Name": "person_id_cast_info",
                          "Startup Cost": 0.0,
                          "Total Cost": 53158.26,
                          "Plan Rows": 2434360,
                          "Plan Width": 0,
                          "Actual Startup Time": 109.94,
                          "Actual Total Time": 109.941,
                          "Actual Rows": 2463814,
                          "Actual Loops": 1,
                          "Index Cond": "(person_id < 238901)"
                        }
                      ]
                    },
                    {
                      "Node Type": "Hash",
                      "Parent Relationship": "Inner",
                      "Parallel Aware": true,
                      "Startup Cost": 43898.92,
                      "Total Cost": 43898.92,
                      "Plan Rows": 455052,
                      "Plan Width": 4,
                      "Actual Startup Time": 201.813,
                      "Actual Total Time": 201.815,
                      "Actual Rows": 259035,
                      "Actual Loops": 7,
                      "Hash Buckets": 2097152,
                      "Original Hash Buckets": 2097152,
                      "Hash Batches": 1,
                      "Original Hash Batches": 1,
                      "Peak Memory Usage": 87456,
                      "Plans": [
                        {
                          "Node Type": "Seq Scan",
                          "Parent Relationship": "Outer",
                          "Parallel Aware": true,
                          "Relation Name": "title",
                          "Alias": "t",
                          "Startup Cost": 0.0,
                          "Total Cost": 43898.92,
                          "Plan Rows": 455052,
                          "Plan Width": 4,
                          "Actual Startup Time": 0.041,
                          "Actual Total Time": 81.632,
                          "Actual Rows": 259035,
                          "Actual Loops": 7,
                          "Filter": "(production_year > 1987)",
                          "Rows Removed by Filter": 102152
                        }
                      ]
                    }
                  ]
                }
              ]
            }
          ]
        }
      ]
    },
    "Planning Time": 0.652,
    "Triggers": [],
    "Execution Time": 568.63
  }
]