{
  "Plan": {
    "Node Type": "Aggregate",
    "Strategy": "Plain",
    "Partial Mode": "Finalize",
    "Parallel Aware": false,
    "Startup Cost": 140880.22,
    "Total Cost": 140880.23,
    "Plan Rows": 1,
    "Plan Width": 8,
    "Actual Startup Time": 1141.092,
    "Actual Total Time": 1161.246,
    "Actual Rows": 1,
    "Actual Loops": 1,
    "Plans": [
      {
        "Node Type": "Gather",
        "Parent Relationship": "Outer",
        "Parallel Aware": false,
        "Startup Cost": 140880.1,
        "Total Cost": 140880.21,
        "Plan Rows": 1,
        "Plan Width": 8,
        "Actual Startup Time": 1137.898,
        "Actual Total Time": 1161.239,
        "Actual Rows": 2,
        "Actual Loops": 1,
        "Workers Planned": 1,
        "Workers Launched": 1,
        "Single Copy": false,
        "Plans": [
          {
            "Node Type": "Aggregate",
            "Strategy": "Plain",
            "Partial Mode": "Partial",
            "Parent Relationship": "Outer",
            "Parallel Aware": false,
            "Startup Cost": 139880.1,
            "Total Cost": 139880.11,
            "Plan Rows": 1,
            "Plan Width": 8,
            "Actual Startup Time": 1125.278,
            "Actual Total Time": 1125.282,
            "Actual Rows": 1,
            "Actual Loops": 2,
            "Plans": [
              {
                "Node Type": "Hash Join",
                "Parent Relationship": "Outer",
                "Parallel Aware": true,
                "Join Type": "Inner",
                "Startup Cost": 72663.69,
                "Total Cost": 135313.48,
                "Plan Rows": 1826648,
                "Plan Width": 0,
                "Actual Startup Time": 602.253,
                "Actual Total Time": 1064.851,
                "Actual Rows": 1584727,
                "Actual Loops": 2,
                "Inner Unique": true,
                "Hash Cond": "(mk.movie_id = t.id)",
                "Plans": [
                  {
                    "Node Type": "Seq Scan",
                    "Parent Relationship": "Outer",
                    "Parallel Aware": true,
                    "Relation Name": "movie_keyword",
                    "Alias": "mk",
                    "Startup Cost": 0.0,
                    "Total Cost": 57718.19,
                    "Plan Rows": 1878702,
                    "Plan Width": 4,
                    "Actual Startup Time": 0.012,
                    "Actual Total Time": 196.853,
                    "Actual Rows": 1592991,
                    "Actual Loops": 2,
                    "Filter": "(keyword_id < 12838)",
                    "Rows Removed by Filter": 668974
                  },
                  {
                    "Node Type": "Hash",
                    "Parent Relationship": "Inner",
                    "Parallel Aware": true,
                    "Startup Cost": 54588.39,
                    "Total Cost": 54588.39,
                    "Plan Rows": 1446024,
                    "Plan Width": 4,
                    "Actual Startup Time": 580.014,
                    "Actual Total Time": 580.015,
                    "Actual Rows": 1228109,
                    "Actual Loops": 2,
                    "Hash Buckets": 4194304,
                    "Original Hash Buckets": 4194304,
                    "Hash Batches": 1,
                    "Original Hash Batches": 1,
                    "Peak Memory Usage": 128896,
                    "Plans": [
                      {
                        "Node Type": "Seq Scan",
                        "Parent Relationship": "Outer",
                        "Parallel Aware": true,
                        "Relation Name": "title",
                        "Alias": "t",
                        "Startup Cost": 0.0,
                        "Total Cost": 54588.39,
                        "Plan Rows": 1446024,
                        "Plan Width": 4,
                        "Actual Startup Time": 0.026,
                        "Actual Total Time": 189.408,
                        "Actual Rows": 1228109,
                        "Actual Loops": 2,
                        "Filter": "(production_year > 0)",
                        "Rows Removed by Filter": 36047
                      }
                    ]
                  }
                ]
              }
            ]
          }
        ]
      }
    ]
  },
  "Planning Time": 0.616,
  "Triggers": [],
  "Execution Time": 1161.31
}