{
  "Plan": {
    "Node Type": "Aggregate",
    "Strategy": "Plain",
    "Partial Mode": "Finalize",
    "Parallel Aware": false,
    "Startup Cost": 349077.32,
    "Total Cost": 349077.33,
    "Plan Rows": 1,
    "Plan Width": 8,
    "Actual Startup Time": 1329.686,
    "Actual Total Time": 1347.464,
    "Actual Rows": 1,
    "Actual Loops": 1,
    "Plans": [
      {
        "Node Type": "Gather",
        "Parent Relationship": "Outer",
        "Parallel Aware": false,
        "Startup Cost": 349077.21,
        "Total Cost": 349077.32,
        "Plan Rows": 1,
        "Plan Width": 8,
        "Actual Startup Time": 1324.5,
        "Actual Total Time": 1347.457,
        "Actual Rows": 2,
        "Actual Loops": 1,
        "Workers Planned": 1,
        "Workers Launched": 1,
        "Single Copy": false,
        "Plans": [
          {
            "Node Type": "Aggregate",
            "Strategy": "Plain",
            "Partial Mode": "Partial",
            "Parent Relationship": "Outer",
            "Parallel Aware": false,
            "Startup Cost": 348077.21,
            "Total Cost": 348077.22,
            "Plan Rows": 1,
            "Plan Width": 8,
            "Actual Startup Time": 1316.001,
            "Actual Total Time": 1316.006,
            "Actual Rows": 1,
            "Actual Loops": 2,
            "Plans": [
              {
                "Node Type": "Hash Join",
                "Parent Relationship": "Outer",
                "Parallel Aware": true,
                "Join Type": "Inner",
                "Startup Cost": 317186.83,
                "Total Cost": 347777.2,
                "Plan Rows": 120002,
                "Plan Width": 0,
                "Actual Startup Time": 1210.312,
                "Actual Total Time": 1310.96,
                "Actual Rows": 116164,
                "Actual Loops": 2,
                "Inner Unique": false,
                "Hash Cond": "(ci.movie_id = t.id)",
                "Plans": [
                  {
                    "Node Type": "Index Scan",
                    "Parent Relationship": "Outer",
                    "Parallel Aware": true,
                    "Scan Direction": "Forward",
                    "Index Name": "role_id_cast_info",
                    "Relation Name": "cast_info",
                    "Alias": "ci",
                    "Startup Cost": 0.56,
                    "Total Cost": 29113.87,
                    "Plan Rows": 205644,
                    "Plan Width": 4,
                    "Actual Startup Time": 0.049,
                    "Actual Total Time": 55.623,
                    "Actual Rows": 94612,
                    "Actual Loops": 2,
                    "Index Cond": "(role_id = 5)",
                    "Rows Removed by Index Recheck": 0,
                    "Filter": "(person_id < 1378503)",
                    "Rows Removed by Filter": 354583
                  },
                  {
                    "Node Type": "Hash",
                    "Parent Relationship": "Inner",
                    "Parallel Aware": true,
                    "Startup Cost": 306337.96,
                    "Total Cost": 306337.96,
                    "Plan Rows": 867864,
                    "Plan Width": 8,
                    "Actual Startup Time": 1195.865,
                    "Actual Total Time": 1195.869,
                    "Actual Rows": 749784,
                    "Actual Loops": 2,
                    "Hash Buckets": 2097152,
                    "Original Hash Buckets": 2097152,
                    "Hash Batches": 1,
                    "Original Hash Batches": 1,
                    "Peak Memory Usage": 75072,
                    "Plans": [
                      {
                        "Node Type": "Hash Join",
                        "Parent Relationship": "Outer",
                        "Parallel Aware": true,
                        "Join Type": "Inner",
                        "Startup Cost": 117810.74,
                        "Total Cost": 306337.96,
                        "Plan Rows": 867864,
                        "Plan Width": 8,
                        "Actual Startup Time": 427.855,
                        "Actual Total Time": 997.305,
                        "Actual Rows": 749784,
                        "Actual Loops": 2,
                        "Inner Unique": true,
                        "Hash Cond": "(mi.movie_id = t.id)",
                        "Plans": [
                          {
                            "Node Type": "Bitmap Heap Scan",
                            "Parent Relationship": "Outer",
                            "Parallel Aware": true,
                            "Relation Name": "movie_info",
                            "Alias": "mi",
                            "Startup Cost": 54025.71,
                            "Total Cost": 237947.81,
                            "Plan Rows": 1754328,
                            "Plan Width": 4,
                            "Actual Startup Time": 90.444,
                            "Actual Total Time": 232.73,
                            "Actual Rows": 1518360,
                            "Actual Loops": 2,
                            "Recheck Cond": "(info_type_id = 16)",
                            "Rows Removed by Index Recheck": 0,
                            "Exact Heap Blocks": 13175,
                            "Lossy Heap Blocks": 0,
                            "Plans": [
                              {
                                "Node Type": "Bitmap Index Scan",
                                "Parent Relationship": "Outer",
                                "Parallel Aware": false,
                                "Index Name": "info_type_id_movie_info",
                                "Startup Cost": 0.0,
                                "Total Cost": 53280.12,
                                "Plan Rows": 2982358,
                                "Plan Width": 0,
                                "Actual Startup Time": 86.246,
                                "Actual Total Time": 86.246,
                                "Actual Rows": 3036719,
                                "Actual Loops": 1,
                                "Index Cond": "(info_type_id = 16)"
                              }
                            ]
                          },
                          {
                            "Node Type": "Hash",
                            "Parent Relationship": "Inner",
                            "Parallel Aware": true,
                            "Startup Cost": 54588.39,
                            "Total Cost": 54588.39,
                            "Plan Rows": 735731,
                            "Plan Width": 4,
                            "Actual Startup Time": 330.054,
                            "Actual Total Time": 330.054,
                            "Actual Rows": 631850,
                            "Actual Loops": 2,
                            "Hash Buckets": 2097152,
                            "Original Hash Buckets": 2097152,
                            "Hash Batches": 1,
                            "Original Hash Batches": 1,
                            "Peak Memory Usage": 65856,
                            "Plans": [
                              {
                                "Node Type": "Seq Scan",
                                "Parent Relationship": "Outer",
                                "Parallel Aware": true,
                                "Relation Name": "title",
                                "Alias": "t",
                                "Startup Cost": 0.0,
                                "Total Cost": 54588.39,
                                "Plan Rows": 735731,
                                "Plan Width": 4,
                                "Actual Startup Time": 0.028,
                                "Actual Total Time": 158.787,
                                "Actual Rows": 631850,
                                "Actual Loops": 2,
                                "Filter": "(production_year < 2004)",
                                "Rows Removed by Filter": 632306
                              }
                            ]
                          }
                        ]
                      }
                    ]
                  }
                ]
              }
            ]
          }
        ]
      }
    ]
  },
  "Planning Time": 0.88,
  "Triggers": [],
  "Execution Time": 1347.59
}