[
  {
    "Plan": {
      "Node Type": "Aggregate",
      "Strategy": "Plain",
      "Partial Mode": "Finalize",
      "Parallel Aware": false,
      "Startup Cost": 44816.87,
      "Total Cost": 44816.88,
      "Plan Rows": 1,
      "Plan Width": 8,
      "Actual Startup Time": 124.024,
      "Actual Total Time": 132.636,
      "Actual Rows": 1,
      "Actual Loops": 1,
      "Plans": [
        {
          "Node Type": "Gather",
          "Parent Relationship": "Outer",
          "Parallel Aware": false,
          "Startup Cost": 44816.55,
          "Total Cost": 44816.86,
          "Plan Rows": 3,
          "Plan Width": 8,
          "Actual Startup Time": 123.896,
          "Actual Total Time": 132.625,
          "Actual Rows": 4,
          "Actual Loops": 1,
          "Workers Planned": 3,
          "Workers Launched": 3,
          "Single Copy": false,
          "Plans": [
            {
              "Node Type": "Aggregate",
              "Strategy": "Plain",
              "Partial Mode": "Partial",
              "Parent Relationship": "Outer",
              "Parallel Aware": false,
              "Startup Cost": 43816.55,
              "Total Cost": 43816.56,
              "Plan Rows": 1,
              "Plan Width": 8,
              "Actual Startup Time": 119.935,
              "Actual Total Time": 119.937,
              "Actual Rows": 1,
              "Actual Loops": 4,
              "Plans": [
                {
                  "Node Type": "Seq Scan",
                  "Parent Relationship": "Outer",
                  "Parallel Aware": true,
                  "Relation Name": "movie_keyword",
                  "Alias": "mk",
                  "Startup Cost": 0.0,
                  "Total Cost": 42695.65,
                  "Plan Rows": 448360,
                  "Plan Width": 0,
                  "Actual Startup Time": 0.839,
                  "Actual Total Time": 103.428,
                  "Actual Rows": 346981,
                  "Actual Loops": 4,
                  "Filter": "(keyword_id > 12015)",
                  "Rows Removed by Filter": 784002
                }
              ]
            }
          ]
        }
      ]
    },
    "Planning Time": 0.063,
    "Triggers": [],
    "Execution Time": 132.661
  }
]