[
  {
    "Plan": {
      "Node Type": "Aggregate",
      "Strategy": "Plain",
      "Partial Mode": "Finalize",
      "Parallel Aware": false,
      "Startup Cost": 44810.79,
      "Total Cost": 44810.8,
      "Plan Rows": 1,
      "Plan Width": 8,
      "Actual Startup Time": 125.488,
      "Actual Total Time": 134.596,
      "Actual Rows": 1,
      "Actual Loops": 1,
      "Plans": [
        {
          "Node Type": "Gather",
          "Parent Relationship": "Outer",
          "Parallel Aware": false,
          "Startup Cost": 44810.48,
          "Total Cost": 44810.79,
          "Plan Rows": 3,
          "Plan Width": 8,
          "Actual Startup Time": 125.182,
          "Actual Total Time": 134.588,
          "Actual Rows": 4,
          "Actual Loops": 1,
          "Workers Planned": 3,
          "Workers Launched": 3,
          "Single Copy": false,
          "Plans": [
            {
              "Node Type": "Aggregate",
              "Strategy": "Plain",
              "Partial Mode": "Partial",
              "Parent Relationship": "Outer",
              "Parallel Aware": false,
              "Startup Cost": 43810.48,
              "Total Cost": 43810.49,
              "Plan Rows": 1,
              "Plan Width": 8,
              "Actual Startup Time": 119.779,
              "Actual Total Time": 119.78,
              "Actual Rows": 1,
              "Actual Loops": 4,
              "Plans": [
                {
                  "Node Type": "Seq Scan",
                  "Parent Relationship": "Outer",
                  "Parallel Aware": true,
                  "Relation Name": "movie_keyword",
                  "Alias": "mk",
                  "Startup Cost": 0.0,
                  "Total Cost": 42695.65,
                  "Plan Rows": 445929,
                  "Plan Width": 0,
                  "Actual Startup Time": 1.851,
                  "Actual Total Time": 103.761,
                  "Actual Rows": 346981,
                  "Actual Loops": 4,
                  "Filter": "(keyword_id > 12015)",
                  "Rows Removed by Filter": 784002
                }
              ]
            }
          ]
        }
      ]
    },
    "Planning Time": 0.177,
    "Triggers": [],
    "Execution Time": 134.65
  }
]