[
  {
    "Plan": {
      "Node Type": "Aggregate",
      "Strategy": "Plain",
      "Partial Mode": "Finalize",
      "Parallel Aware": false,
      "Startup Cost": 46742.37,
      "Total Cost": 46742.38,
      "Plan Rows": 1,
      "Plan Width": 8,
      "Actual Startup Time": 174.91,
      "Actual Total Time": 184.77,
      "Actual Rows": 1,
      "Actual Loops": 1,
      "Plans": [
        {
          "Node Type": "Gather",
          "Parent Relationship": "Outer",
          "Parallel Aware": false,
          "Startup Cost": 46742.05,
          "Total Cost": 46742.36,
          "Plan Rows": 3,
          "Plan Width": 8,
          "Actual Startup Time": 174.734,
          "Actual Total Time": 184.758,
          "Actual Rows": 4,
          "Actual Loops": 1,
          "Workers Planned": 3,
          "Workers Launched": 3,
          "Single Copy": false,
          "Plans": [
            {
              "Node Type": "Aggregate",
              "Strategy": "Plain",
              "Partial Mode": "Partial",
              "Parent Relationship": "Outer",
              "Parallel Aware": false,
              "Startup Cost": 45742.05,
              "Total Cost": 45742.06,
              "Plan Rows": 1,
              "Plan Width": 8,
              "Actual Startup Time": 166.117,
              "Actual Total Time": 166.119,
              "Actual Rows": 1,
              "Actual Loops": 4,
              "Plans": [
                {
                  "Node Type": "Seq Scan",
                  "Parent Relationship": "Outer",
                  "Parallel Aware": true,
                  "Relation Name": "movie_keyword",
                  "Alias": "mk",
                  "Startup Cost": 0.0,
                  "Total Cost": 42695.65,
                  "Plan Rows": 1218560,
                  "Plan Width": 0,
                  "Actual Startup Time": 0.113,
                  "Actual Total Time": 124.199,
                  "Actual Rows": 943345,
                  "Actual Loops": 4,
                  "Filter": "(keyword_id > 681)",
                  "Rows Removed by Filter": 187638
                }
              ]
            }
          ]
        }
      ]
    },
    "Planning Time": 0.148,
    "Triggers": [],
    "Execution Time": 184.82
  }
]