[
  {
    "Plan": {
      "Node Type": "Aggregate",
      "Strategy": "Plain",
      "Partial Mode": "Finalize",
      "Parallel Aware": false,
      "Startup Cost": 46749.58,
      "Total Cost": 46749.59,
      "Plan Rows": 1,
      "Plan Width": 8,
      "Actual Startup Time": 179.625,
      "Actual Total Time": 188.412,
      "Actual Rows": 1,
      "Actual Loops": 1,
      "Plans": [
        {
          "Node Type": "Gather",
          "Parent Relationship": "Outer",
          "Parallel Aware": false,
          "Startup Cost": 46749.27,
          "Total Cost": 46749.58,
          "Plan Rows": 3,
          "Plan Width": 8,
          "Actual Startup Time": 179.529,
          "Actual Total Time": 188.403,
          "Actual Rows": 4,
          "Actual Loops": 1,
          "Workers Planned": 3,
          "Workers Launched": 3,
          "Single Copy": false,
          "Plans": [
            {
              "Node Type": "Aggregate",
              "Strategy": "Plain",
              "Partial Mode": "Partial",
              "Parent Relationship": "Outer",
              "Parallel Aware": false,
              "Startup Cost": 45749.27,
              "Total Cost": 45749.28,
              "Plan Rows": 1,
              "Plan Width": 8,
              "Actual Startup Time": 173.017,
              "Actual Total Time": 173.018,
              "Actual Rows": 1,
              "Actual Loops": 4,
              "Plans": [
                {
                  "Node Type": "Seq Scan",
                  "Parent Relationship": "Outer",
                  "Parallel Aware": true,
                  "Relation Name": "movie_keyword",
                  "Alias": "mk",
                  "Startup Cost": 0.0,
                  "Total Cost": 42695.65,
                  "Plan Rows": 1221445,
                  "Plan Width": 0,
                  "Actual Startup Time": 0.121,
                  "Actual Total Time": 127.745,
                  "Actual Rows": 943345,
                  "Actual Loops": 4,
                  "Filter": "(keyword_id > 681)",
                  "Rows Removed by Filter": 187638
                }
              ]
            }
          ]
        }
      ]
    },
    "Planning Time": 0.185,
    "Triggers": [],
    "Execution Time": 188.468
  }
]