{
  "Plan": {
    "Node Type": "Aggregate",
    "Strategy": "Plain",
    "Partial Mode": "Finalize",
    "Parallel Aware": false,
    "Startup Cost": 238565.85,
    "Total Cost": 238565.86,
    "Plan Rows": 1,
    "Plan Width": 8,
    "Actual Startup Time": 264.044,
    "Actual Total Time": 282.669,
    "Actual Rows": 1,
    "Actual Loops": 1,
    "Plans": [
      {
        "Node Type": "Gather",
        "Parent Relationship": "Outer",
        "Parallel Aware": false,
        "Startup Cost": 238565.74,
        "Total Cost": 238565.85,
        "Plan Rows": 1,
        "Plan Width": 8,
        "Actual Startup Time": 263.182,
        "Actual Total Time": 282.661,
        "Actual Rows": 2,
        "Actual Loops": 1,
        "Workers Planned": 1,
        "Workers Launched": 1,
        "Single Copy": false,
        "Plans": [
          {
            "Node Type": "Aggregate",
            "Strategy": "Plain",
            "Partial Mode": "Partial",
            "Parent Relationship": "Outer",
            "Parallel Aware": false,
            "Startup Cost": 237565.74,
            "Total Cost": 237565.75,
            "Plan Rows": 1,
            "Plan Width": 8,
            "Actual Startup Time": 257.003,
            "Actual Total Time": 257.148,
            "Actual Rows": 1,
            "Actual Loops": 2,
            "Plans": [
              {
                "Node Type": "Nested Loop",
                "Parent Relationship": "Outer",
                "Parallel Aware": false,
                "Join Type": "Inner",
                "Startup Cost": 61685.76,
                "Total Cost": 237548.87,
                "Plan Rows": 6747,
                "Plan Width": 0,
                "Actual Startup Time": 199.952,
                "Actual Total Time": 254.916,
                "Actual Rows": 45398,
                "Actual Loops": 2,
                "Inner Unique": false,
                "Join Filter": "(t.id = mk.movie_id)",
                "Rows Removed by Join Filter": 0,
                "Plans": [
                  {
                    "Node Type": "Hash Join",
                    "Parent Relationship": "Outer",
                    "Parallel Aware": true,
                    "Join Type": "Inner",
                    "Startup Cost": 61685.33,
                    "Total Cost": 225871.68,
                    "Plan Rows": 3771,
                    "Plan Width": 8,
                    "Actual Startup Time": 199.857,
                    "Actual Total Time": 227.069,
                    "Actual Rows": 1326,
                    "Actual Loops": 2,
                    "Inner Unique": true,
                    "Hash Cond": "(mi.movie_id = t.id)",
                    "Plans": [
                      {
                        "Node Type": "Bitmap Heap Scan",
                        "Parent Relationship": "Outer",
                        "Parallel Aware": true,
                        "Relation Name": "movie_info",
                        "Alias": "mi",
                        "Startup Cost": 2521.42,
                        "Total Cost": 166493.19,
                        "Plan Rows": 81745,
                        "Plan Width": 4,
                        "Actual Startup Time": 5.388,
                        "Actual Total Time": 18.742,
                        "Actual Rows": 60932,
                        "Actual Loops": 2,
                        "Recheck Cond": "(info_type_id = 105)",
                        "Rows Removed by Index Recheck": 0,
                        "Exact Heap Blocks": 3360,
                        "Lossy Heap Blocks": 0,
                        "Plans": [
                          {
                            "Node Type": "Bitmap Index Scan",
                            "Parent Relationship": "Outer",
                            "Parallel Aware": false,
                            "Index Name": "info_type_id_movie_info",
                            "Startup Cost": 0.0,
                            "Total Cost": 2486.68,
                            "Plan Rows": 138966,
                            "Plan Width": 0,
                            "Actual Startup Time": 4.694,
                            "Actual Total Time": 4.694,
                            "Actual Rows": 121863,
                            "Actual Loops": 1,
                            "Index Cond": "(info_type_id = 105)"
                          }
                        ]
                      },
                      {
                        "Node Type": "Hash",
                        "Parent Relationship": "Inner",
                        "Parallel Aware": true,
                        "Startup Cost": 58306.47,
                        "Total Cost": 58306.47,
                        "Plan Rows": 68595,
                        "Plan Width": 4,
                        "Actual Startup Time": 192.118,
                        "Actual Total Time": 192.119,
                        "Actual Rows": 111309,
                        "Actual Loops": 2,
                        "Hash Buckets": 262144,
                        "Original Hash Buckets": 131072,
                        "Hash Batches": 1,
                        "Original Hash Batches": 1,
                        "Peak Memory Usage": 11808,
                        "Plans": [
                          {
                            "Node Type": "Seq Scan",
                            "Parent Relationship": "Outer",
                            "Parallel Aware": true,
                            "Relation Name": "title",
                            "Alias": "t",
                            "Startup Cost": 0.0,
                            "Total Cost": 58306.47,
                            "Plan Rows": 68595,
                            "Plan Width": 4,
                            "Actual Startup Time": 0.194,
                            "Actual Total Time": 161.943,
                            "Actual Rows": 111309,
                            "Actual Loops": 2,
                            "Filter": "((kind_id < 7) AND (production_year < 1966))",
                            "Rows Removed by Filter": 1152847
                          }
                        ]
                      }
                    ]
                  },
                  {
                    "Node Type": "Index Only Scan",
                    "Parent Relationship": "Inner",
                    "Parallel Aware": false,
                    "Scan Direction": "Forward",
                    "Index Name": "movie_id_movie_keyword",
                    "Relation Name": "movie_keyword",
                    "Alias": "mk",
                    "Startup Cost": 0.43,
                    "Total Cost": 2.53,
                    "Plan Rows": 45,
                    "Plan Width": 4,
                    "Actual Startup Time": 0.012,
                    "Actual Total Time": 0.017,
                    "Actual Rows": 34,
                    "Actual Loops": 2651,
                    "Index Cond": "(movie_id = mi.movie_id)",
                    "Rows Removed by Index Recheck": 0,
                    "Heap Fetches": 90795
                  }
                ]
              }
            ]
          }
        ]
      }
    ]
  },
  "Planning Time": 0.916,
  "Triggers": [],
  "Execution Time": 282.768
}