[
  {
    "Plan": {
      "Node Type": "Aggregate",
      "Strategy": "Plain",
      "Partial Mode": "Finalize",
      "Parallel Aware": false,
      "Startup Cost": 395409.56,
      "Total Cost": 395409.57,
      "Plan Rows": 1,
      "Plan Width": 8,
      "Actual Startup Time": 1362.024,
      "Actual Total Time": 1423.922,
      "Actual Rows": 1,
      "Actual Loops": 1,
      "Plans": [
        {
          "Node Type": "Gather",
          "Parent Relationship": "Outer",
          "Parallel Aware": false,
          "Startup Cost": 395408.94,
          "Total Cost": 395409.55,
          "Plan Rows": 6,
          "Plan Width": 8,
          "Actual Startup Time": 1355.939,
          "Actual Total Time": 1423.91,
          "Actual Rows": 7,
          "Actual Loops": 1,
          "Workers Planned": 6,
          "Workers Launched": 6,
          "Single Copy": false,
          "Plans": [
            {
              "Node Type": "Aggregate",
              "Strategy": "Plain",
              "Partial Mode": "Partial",
              "Parent Relationship": "Outer",
              "Parallel Aware": false,
              "Startup Cost": 394408.94,
              "Total Cost": 394408.95,
              "Plan Rows": 1,
              "Plan Width": 8,
              "Actual Startup Time": 1344.732,
              "Actual Total Time": 1344.735,
              "Actual Rows": 1,
              "Actual Loops": 7,
              "Plans": [
                {
                  "Node Type": "Hash Join",
                  "Parent Relationship": "Outer",
                  "Parallel Aware": true,
                  "Join Type": "Inner",
                  "Startup Cost": 47095.69,
                  "Total Cost": 393280.68,
                  "Plan Rows": 451305,
                  "Plan Width": 0,
                  "Actual Startup Time": 472.944,
                  "Actual Total Time": 1307.993,
                  "Actual Rows": 790096,
                  "Actual Loops": 7,
                  "Inner Unique": true,
                  "Hash Cond": "(ci.movie_id = t.id)",
                  "Plans": [
                    {
                      "Node Type": "Seq Scan",
                      "Parent Relationship": "Outer",
                      "Parallel Aware": true,
                      "Relation Name": "cast_info",
                      "Alias": "ci",
                      "Startup Cost": 0.0,
                      "Total Cost": 343257.03,
                      "Plan Rows": 1115412,
                      "Plan Width": 4,
                      "Actual Startup Time": 323.705,
                      "Actual Total Time": 644.022,
                      "Actual Rows": 1531624,
                      "Actual Loops": 7,
                      "Filter": "((person_id > 2175561) AND (role_id > 2))",
                      "Rows Removed by Filter": 3646139
                    },
                    {
                      "Node Type": "Hash",
                      "Parent Relationship": "Inner",
                      "Parallel Aware": true,
                      "Startup Cost": 43898.92,
                      "Total Cost": 43898.92,
                      "Plan Rows": 255742,
                      "Plan Width": 4,
                      "Actual Startup Time": 145.488,
                      "Actual Total Time": 145.489,
                      "Actual Rows": 144703,
                      "Actual Loops": 7,
                      "Hash Buckets": 1048576,
                      "Original Hash Buckets": 1048576,
                      "Hash Batches": 1,
                      "Original Hash Batches": 1,
                      "Peak Memory Usage": 47936,
                      "Plans": [
                        {
                          "Node Type": "Seq Scan",
                          "Parent Relationship": "Outer",
                          "Parallel Aware": true,
                          "Relation Name": "title",
                          "Alias": "t",
                          "Startup Cost": 0.0,
                          "Total Cost": 43898.92,
                          "Plan Rows": 255742,
                          "Plan Width": 4,
                          "Actual Startup Time": 0.037,
                          "Actual Total Time": 78.196,
                          "Actual Rows": 144703,
                          "Actual Loops": 7,
                          "Filter": "(production_year > 2005)",
                          "Rows Removed by Filter": 216485
                        }
                      ]
                    }
                  ]
                }
              ]
            }
          ]
        }
      ]
    },
    "Planning Time": 0.62,
    "Triggers": [],
    "Execution Time": 1424.01
  }
]