{
  "Plan": {
    "Node Type": "Aggregate",
    "Strategy": "Plain",
    "Partial Mode": "Finalize",
    "Parallel Aware": false,
    "Startup Cost": 179968.46,
    "Total Cost": 179968.47,
    "Plan Rows": 1,
    "Plan Width": 8,
    "Actual Startup Time": 1093.022,
    "Actual Total Time": 1119.988,
    "Actual Rows": 1,
    "Actual Loops": 1,
    "Plans": [
      {
        "Node Type": "Gather",
        "Parent Relationship": "Outer",
        "Parallel Aware": false,
        "Startup Cost": 179968.35,
        "Total Cost": 179968.46,
        "Plan Rows": 1,
        "Plan Width": 8,
        "Actual Startup Time": 1090.957,
        "Actual Total Time": 1119.973,
        "Actual Rows": 2,
        "Actual Loops": 1,
        "Workers Planned": 1,
        "Workers Launched": 1,
        "Single Copy": false,
        "Plans": [
          {
            "Node Type": "Aggregate",
            "Strategy": "Plain",
            "Partial Mode": "Partial",
            "Parent Relationship": "Outer",
            "Parallel Aware": false,
            "Startup Cost": 178968.35,
            "Total Cost": 178968.36,
            "Plan Rows": 1,
            "Plan Width": 8,
            "Actual Startup Time": 1084.951,
            "Actual Total Time": 1084.961,
            "Actual Rows": 1,
            "Actual Loops": 2,
            "Plans": [
              {
                "Node Type": "Hash Join",
                "Parent Relationship": "Outer",
                "Parallel Aware": true,
                "Join Type": "Inner",
                "Startup Cost": 110436.48,
                "Total Cost": 178438.05,
                "Plan Rows": 212119,
                "Plan Width": 0,
                "Actual Startup Time": 661.929,
                "Actual Total Time": 1078.111,
                "Actual Rows": 138494,
                "Actual Loops": 2,
                "Inner Unique": false,
                "Hash Cond": "(mk.movie_id = t.id)",
                "Plans": [
                  {
                    "Node Type": "Seq Scan",
                    "Parent Relationship": "Outer",
                    "Parallel Aware": true,
                    "Relation Name": "movie_keyword",
                    "Alias": "mk",
                    "Startup Cost": 0.0,
                    "Total Cost": 57718.19,
                    "Plan Rows": 2409498,
                    "Plan Width": 4,
                    "Actual Startup Time": 0.038,
                    "Actual Total Time": 243.155,
                    "Actual Rows": 2054172,
                    "Actual Loops": 2,
                    "Filter": "(keyword_id < 41821)",
                    "Rows Removed by Filter": 207794
                  },
                  {
                    "Node Type": "Hash",
                    "Parent Relationship": "Inner",
                    "Parallel Aware": true,
                    "Startup Cost": 108799.88,
                    "Total Cost": 108799.88,
                    "Plan Rows": 130928,
                    "Plan Width": 8,
                    "Actual Startup Time": 657.551,
                    "Actual Total Time": 657.558,
                    "Actual Rows": 78118,
                    "Actual Loops": 2,
                    "Hash Buckets": 262144,
                    "Original Hash Buckets": 262144,
                    "Hash Batches": 1,
                    "Original Hash Batches": 1,
                    "Peak Memory Usage": 8192,
                    "Plans": [
                      {
                        "Node Type": "Hash Join",
                        "Parent Relationship": "Outer",
                        "Parallel Aware": true,
                        "Join Type": "Inner",
                        "Startup Cost": 45107.53,
                        "Total Cost": 108799.88,
                        "Plan Rows": 130928,
                        "Plan Width": 8,
                        "Actual Startup Time": 275.457,
                        "Actual Total Time": 632.398,
                        "Actual Rows": 78118,
                        "Actual Loops": 2,
                        "Inner Unique": false,
                        "Hash Cond": "(t.id = mc.movie_id)",
                        "Plans": [
                          {
                            "Node Type": "Seq Scan",
                            "Parent Relationship": "Outer",
                            "Parallel Aware": true,
                            "Relation Name": "title",
                            "Alias": "t",
                            "Startup Cost": 0.0,
                            "Total Cost": 58306.47,
                            "Plan Rows": 738516,
                            "Plan Width": 4,
                            "Actual Startup Time": 0.018,
                            "Actual Total Time": 179.345,
                            "Actual Rows": 610767,
                            "Actual Loops": 2,
                            "Filter": "((production_year < 2011) AND (kind_id = 7))",
                            "Rows Removed by Filter": 653389
                          },
                          {
                            "Node Type": "Hash",
                            "Parent Relationship": "Inner",
                            "Parallel Aware": true,
                            "Startup Cost": 41811.73,
                            "Total Cost": 41811.73,
                            "Plan Rows": 263664,
                            "Plan Width": 4,
                            "Actual Startup Time": 271.666,
                            "Actual Total Time": 271.667,
                            "Actual Rows": 388701,
                            "Actual Loops": 2,
                            "Hash Buckets": 1048576,
                            "Original Hash Buckets": 524288,
                            "Hash Batches": 1,
                            "Original Hash Batches": 1,
                            "Peak Memory Usage": 42752,
                            "Plans": [
                              {
                                "Node Type": "Seq Scan",
                                "Parent Relationship": "Outer",
                                "Parallel Aware": true,
                                "Relation Name": "movie_companies",
                                "Alias": "mc",
                                "Startup Cost": 0.0,
                                "Total Cost": 41811.73,
                                "Plan Rows": 263664,
                                "Plan Width": 4,
                                "Actual Startup Time": 69.64,
                                "Actual Total Time": 152.998,
                                "Actual Rows": 388701,
                                "Actual Loops": 2,
                                "Filter": "((company_id > 21605) AND (company_type_id > 1))",
                                "Rows Removed by Filter": 915864
                              }
                            ]
                          }
                        ]
                      }
                    ]
                  }
                ]
              }
            ]
          }
        ]
      }
    ]
  },
  "Planning Time": 0.992,
  "Triggers": [],
  "Execution Time": 1120.114
}