[
  {
    "Plan": {
      "Node Type": "Aggregate",
      "Strategy": "Plain",
      "Partial Mode": "Finalize",
      "Parallel Aware": false,
      "Startup Cost": 350627.84,
      "Total Cost": 350627.85,
      "Plan Rows": 1,
      "Plan Width": 8,
      "Actual Startup Time": 882.143,
      "Actual Total Time": 934.134,
      "Actual Rows": 1,
      "Actual Loops": 1,
      "Plans": [
        {
          "Node Type": "Gather",
          "Parent Relationship": "Outer",
          "Parallel Aware": false,
          "Startup Cost": 350627.21,
          "Total Cost": 350627.82,
          "Plan Rows": 6,
          "Plan Width": 8,
          "Actual Startup Time": 881.956,
          "Actual Total Time": 934.116,
          "Actual Rows": 7,
          "Actual Loops": 1,
          "Workers Planned": 6,
          "Workers Launched": 6,
          "Single Copy": false,
          "Plans": [
            {
              "Node Type": "Aggregate",
              "Strategy": "Plain",
              "Partial Mode": "Partial",
              "Parent Relationship": "Outer",
              "Parallel Aware": false,
              "Startup Cost": 349627.21,
              "Total Cost": 349627.22,
              "Plan Rows": 1,
              "Plan Width": 8,
              "Actual Startup Time": 873.877,
              "Actual Total Time": 873.879,
              "Actual Rows": 1,
              "Actual Loops": 7,
              "Plans": [
                {
                  "Node Type": "Seq Scan",
                  "Parent Relationship": "Outer",
                  "Parallel Aware": true,
                  "Relation Name": "cast_info",
                  "Alias": "ci",
                  "Startup Cost": 0.0,
                  "Total Cost": 343316.27,
                  "Plan Rows": 2524377,
                  "Plan Width": 0,
                  "Actual Startup Time": 135.689,
                  "Actual Total Time": 766.073,
                  "Actual Rows": 1936781,
                  "Actual Loops": 7,
                  "Filter": "((person_id > 897510) AND (role_id < 3))",
                  "Rows Removed by Filter": 3240982
                }
              ]
            }
          ]
        }
      ]
    },
    "Planning Time": 0.24,
    "Triggers": [],
    "Execution Time": 934.211
  }
]