[
    {
        "Bao": {
            "Bao prediction": 475.528,
            "Bao recommended hint": "SET enable_mergejoin TO off; SET enable_indexscan TO off; "
        }
    },
    {
        "Plan": {
            "Node Type": "Aggregate",
            "Strategy": "Plain",
            "Partial Mode": "Finalize",
            "Parallel Aware": false,
            "Startup Cost": 347847.42,
            "Total Cost": 347847.43,
            "Plan Rows": 1,
            "Plan Width": 8,
            "Actual Startup Time": 862.014,
            "Actual Total Time": 893.382,
            "Actual Rows": 1,
            "Actual Loops": 1,
            "Output": [
                "count(*)"
            ],
            "Plans": [
                {
                    "Node Type": "Gather",
                    "Parent Relationship": "Outer",
                    "Parallel Aware": false,
                    "Startup Cost": 347846.79,
                    "Total Cost": 347847.4,
                    "Plan Rows": 6,
                    "Plan Width": 8,
                    "Actual Startup Time": 861.894,
                    "Actual Total Time": 893.373,
                    "Actual Rows": 7,
                    "Actual Loops": 1,
                    "Output": [
                        "(PARTIAL count(*))"
                    ],
                    "Workers Planned": 6,
                    "Workers Launched": 6,
                    "Single Copy": false,
                    "Plans": [
                        {
                            "Node Type": "Aggregate",
                            "Strategy": "Plain",
                            "Partial Mode": "Partial",
                            "Parent Relationship": "Outer",
                            "Parallel Aware": false,
                            "Startup Cost": 346846.79,
                            "Total Cost": 346846.8,
                            "Plan Rows": 1,
                            "Plan Width": 8,
                            "Actual Startup Time": 852.632,
                            "Actual Total Time": 852.633,
                            "Actual Rows": 1,
                            "Actual Loops": 7,
                            "Output": [
                                "PARTIAL count(*)"
                            ],
                            "Workers": [
                                {
                                    "Worker Number": 0,
                                    "Actual Startup Time": 850.671,
                                    "Actual Total Time": 850.672,
                                    "Actual Rows": 1,
                                    "Actual Loops": 1
                                },
                                {
                                    "Worker Number": 1,
                                    "Actual Startup Time": 850.863,
                                    "Actual Total Time": 850.865,
                                    "Actual Rows": 1,
                                    "Actual Loops": 1
                                },
                                {
                                    "Worker Number": 2,
                                    "Actual Startup Time": 851.262,
                                    "Actual Total Time": 851.263,
                                    "Actual Rows": 1,
                                    "Actual Loops": 1
                                },
                                {
                                    "Worker Number": 3,
                                    "Actual Startup Time": 851.003,
                                    "Actual Total Time": 851.004,
                                    "Actual Rows": 1,
                                    "Actual Loops": 1
                                },
                                {
                                    "Worker Number": 4,
                                    "Actual Startup Time": 851.699,
                                    "Actual Total Time": 851.701,
                                    "Actual Rows": 1,
                                    "Actual Loops": 1
                                },
                                {
                                    "Worker Number": 5,
                                    "Actual Startup Time": 851.814,
                                    "Actual Total Time": 851.815,
                                    "Actual Rows": 1,
                                    "Actual Loops": 1
                                }
                            ],
                            "Plans": [
                                {
                                    "Node Type": "Seq Scan",
                                    "Parent Relationship": "Outer",
                                    "Parallel Aware": true,
                                    "Relation Name": "cast_info",
                                    "Schema": "public",
                                    "Alias": "ci",
                                    "Startup Cost": 0.0,
                                    "Total Cost": 343318.94,
                                    "Plan Rows": 1411142,
                                    "Plan Width": 0,
                                    "Actual Startup Time": 194.514,
                                    "Actual Total Time": 816.628,
                                    "Actual Rows": 547479,
                                    "Actual Loops": 7,
                                    "Output": [
                                        "id",
                                        "person_id",
                                        "movie_id",
                                        "person_role_id",
                                        "note",
                                        "nr_order",
                                        "role_id"
                                    ],
                                    "Filter": "((ci.person_id > 1205704) AND (ci.role_id = 1))",
                                    "Rows Removed by Filter": 4630284,
                                    "Workers": [
                                        {
                                            "Worker Number": 0,
                                            "Actual Startup Time": 192.544,
                                            "Actual Total Time": 815.231,
                                            "Actual Rows": 537540,
                                            "Actual Loops": 1
                                        },
                                        {
                                            "Worker Number": 1,
                                            "Actual Startup Time": 192.754,
                                            "Actual Total Time": 815.576,
                                            "Actual Rows": 536115,
                                            "Actual Loops": 1
                                        },
                                        {
                                            "Worker Number": 2,
                                            "Actual Startup Time": 193.14,
                                            "Actual Total Time": 815.988,
                                            "Actual Rows": 535997,
                                            "Actual Loops": 1
                                        },
                                        {
                                            "Worker Number": 3,
                                            "Actual Startup Time": 192.889,
                                            "Actual Total Time": 815.869,
                                            "Actual Rows": 530378,
                                            "Actual Loops": 1
                                        },
                                        {
                                            "Worker Number": 4,
                                            "Actual Startup Time": 193.59,
                                            "Actual Total Time": 816.323,
                                            "Actual Rows": 537318,
                                            "Actual Loops": 1
                                        },
                                        {
                                            "Worker Number": 5,
                                            "Actual Startup Time": 193.701,
                                            "Actual Total Time": 816.363,
                                            "Actual Rows": 537830,
                                            "Actual Loops": 1
                                        }
                                    ]
                                }
                            ]
                        }
                    ]
                }
            ]
        },
        "Planning Time": 4736.487,
        "Triggers": [],
        "Execution Time": 893.519
    }
]