{
    "Plan": {
        "Node Type": "Aggregate",
        "Strategy": "Plain",
        "Partial Mode": "Finalize",
        "Parallel Aware": false,
        "Startup Cost": 112794.48,
        "Total Cost": 112794.49,
        "Plan Rows": 1,
        "Plan Width": 8,
        "Actual Startup Time": 627.798,
        "Actual Total Time": 652.084,
        "Actual Rows": 1,
        "Actual Loops": 1,
        "Output": [
            "count(*)"
        ],
        "Plans": [
            {
                "Node Type": "Gather",
                "Parent Relationship": "Outer",
                "Parallel Aware": false,
                "Startup Cost": 112794.16,
                "Total Cost": 112794.47,
                "Plan Rows": 3,
                "Plan Width": 8,
                "Actual Startup Time": 623.614,
                "Actual Total Time": 652.071,
                "Actual Rows": 4,
                "Actual Loops": 1,
                "Output": [
                    "(PARTIAL count(*))"
                ],
                "Workers Planned": 3,
                "Workers Launched": 3,
                "Single Copy": false,
                "Plans": [
                    {
                        "Node Type": "Aggregate",
                        "Strategy": "Plain",
                        "Partial Mode": "Partial",
                        "Parent Relationship": "Outer",
                        "Parallel Aware": false,
                        "Startup Cost": 111794.16,
                        "Total Cost": 111794.17,
                        "Plan Rows": 1,
                        "Plan Width": 8,
                        "Actual Startup Time": 610.193,
                        "Actual Total Time": 610.2,
                        "Actual Rows": 1,
                        "Actual Loops": 4,
                        "Output": [
                            "PARTIAL count(*)"
                        ],
                        "Workers": [
                            {
                                "Worker Number": 0,
                                "Actual Startup Time": 605.866,
                                "Actual Total Time": 605.871,
                                "Actual Rows": 1,
                                "Actual Loops": 1
                            },
                            {
                                "Worker Number": 1,
                                "Actual Startup Time": 606.048,
                                "Actual Total Time": 606.054,
                                "Actual Rows": 1,
                                "Actual Loops": 1
                            },
                            {
                                "Worker Number": 2,
                                "Actual Startup Time": 605.997,
                                "Actual Total Time": 606.003,
                                "Actual Rows": 1,
                                "Actual Loops": 1
                            }
                        ],
                        "Plans": [
                            {
                                "Node Type": "Hash Join",
                                "Parent Relationship": "Outer",
                                "Parallel Aware": true,
                                "Join Type": "Inner",
                                "Startup Cost": 63401.4,
                                "Total Cost": 111480.61,
                                "Plan Rows": 125419,
                                "Plan Width": 0,
                                "Actual Startup Time": 325.849,
                                "Actual Total Time": 566.871,
                                "Actual Rows": 1146615,
                                "Actual Loops": 4,
                                "Inner Unique": false,
                                "Hash Cond": "(mk.movie_id = t.id)",
                                "Workers": [
                                    {
                                        "Worker Number": 0,
                                        "Actual Startup Time": 321.724,
                                        "Actual Total Time": 564.08,
                                        "Actual Rows": 1106695,
                                        "Actual Loops": 1
                                    },
                                    {
                                        "Worker Number": 1,
                                        "Actual Startup Time": 321.946,
                                        "Actual Total Time": 564.003,
                                        "Actual Rows": 1113262,
                                        "Actual Loops": 1
                                    },
                                    {
                                        "Worker Number": 2,
                                        "Actual Startup Time": 321.911,
                                        "Actual Total Time": 563.478,
                                        "Actual Rows": 1123296,
                                        "Actual Loops": 1
                                    }
                                ],
                                "Plans": [
                                    {
                                        "Node Type": "Seq Scan",
                                        "Parent Relationship": "Outer",
                                        "Parallel Aware": true,
                                        "Relation Name": "movie_keyword",
                                        "Schema": "public",
                                        "Alias": "mk",
                                        "Startup Cost": 0.0,
                                        "Total Cost": 42695.65,
                                        "Plan Rows": 1296262,
                                        "Plan Width": 4,
                                        "Actual Startup Time": 0.031,
                                        "Actual Total Time": 123.529,
                                        "Actual Rows": 1005486,
                                        "Actual Loops": 4,
                                        "Output": [
                                            "mk.id",
                                            "mk.movie_id",
                                            "mk.keyword_id"
                                        ],
                                        "Filter": "(mk.keyword_id > 359)",
                                        "Rows Removed by Filter": 125496,
                                        "Workers": [
                                            {
                                                "Worker Number": 0,
                                                "Actual Startup Time": 0.024,
                                                "Actual Total Time": 128.731,
                                                "Actual Rows": 959359,
                                                "Actual Loops": 1
                                            },
                                            {
                                                "Worker Number": 1,
                                                "Actual Startup Time": 0.046,
                                                "Actual Total Time": 128.673,
                                                "Actual Rows": 960586,
                                                "Actual Loops": 1
                                            },
                                            {
                                                "Worker Number": 2,
                                                "Actual Startup Time": 0.03,
                                                "Actual Total Time": 128.664,
                                                "Actual Rows": 983221,
                                                "Actual Loops": 1
                                            }
                                        ]
                                    },
                                    {
                                        "Node Type": "Hash",
                                        "Parent Relationship": "Inner",
                                        "Parallel Aware": true,
                                        "Startup Cost": 62127.3,
                                        "Total Cost": 62127.3,
                                        "Plan Rows": 101928,
                                        "Plan Width": 8,
                                        "Actual Startup Time": 283.353,
                                        "Actual Total Time": 283.358,
                                        "Actual Rows": 105005,
                                        "Actual Loops": 4,
                                        "Output": [
                                            "t.id",
                                            "mi_idx.movie_id"
                                        ],
                                        "Hash Buckets": 524288,
                                        "Original Hash Buckets": 262144,
                                        "Hash Batches": 1,
                                        "Original Hash Batches": 1,
                                        "Peak Memory Usage": 22624,
                                        "Workers": [
                                            {
                                                "Worker Number": 0,
                                                "Actual Startup Time": 281.157,
                                                "Actual Total Time": 281.161,
                                                "Actual Rows": 100004,
                                                "Actual Loops": 1
                                            },
                                            {
                                                "Worker Number": 1,
                                                "Actual Startup Time": 281.386,
                                                "Actual Total Time": 281.39,
                                                "Actual Rows": 102069,
                                                "Actual Loops": 1
                                            },
                                            {
                                                "Worker Number": 2,
                                                "Actual Startup Time": 281.201,
                                                "Actual Total Time": 281.205,
                                                "Actual Rows": 106778,
                                                "Actual Loops": 1
                                            }
                                        ],
                                        "Plans": [
                                            {
                                                "Node Type": "Hash Join",
                                                "Parent Relationship": "Outer",
                                                "Parallel Aware": true,
                                                "Join Type": "Inner",
                                                "Startup Cost": 45996.98,
                                                "Total Cost": 62127.3,
                                                "Plan Rows": 101928,
                                                "Plan Width": 8,
                                                "Actual Startup Time": 192.076,
                                                "Actual Total Time": 250.996,
                                                "Actual Rows": 105005,
                                                "Actual Loops": 4,
                                                "Output": [
                                                    "t.id",
                                                    "mi_idx.movie_id"
                                                ],
                                                "Inner Unique": true,
                                                "Hash Cond": "(mi_idx.movie_id = t.id)",
                                                "Workers": [
                                                    {
                                                        "Worker Number": 0,
                                                        "Actual Startup Time": 189.798,
                                                        "Actual Total Time": 249.101,
                                                        "Actual Rows": 100004,
                                                        "Actual Loops": 1
                                                    },
                                                    {
                                                        "Worker Number": 1,
                                                        "Actual Startup Time": 190.102,
                                                        "Actual Total Time": 249.407,
                                                        "Actual Rows": 102069,
                                                        "Actual Loops": 1
                                                    },
                                                    {
                                                        "Worker Number": 2,
                                                        "Actual Startup Time": 189.988,
                                                        "Actual Total Time": 249.214,
                                                        "Actual Rows": 106778,
                                                        "Actual Loops": 1
                                                    }
                                                ],
                                                "Plans": [
                                                    {
                                                        "Node Type": "Seq Scan",
                                                        "Parent Relationship": "Outer",
                                                        "Parallel Aware": true,
                                                        "Relation Name": "movie_info_idx",
                                                        "Schema": "public",
                                                        "Alias": "mi_idx",
                                                        "Startup Cost": 0.0,
                                                        "Total Cost": 15122.68,
                                                        "Plan Rows": 383860,
                                                        "Plan Width": 4,
                                                        "Actual Startup Time": 0.012,
                                                        "Actual Total Time": 34.963,
                                                        "Actual Rows": 230028,
                                                        "Actual Loops": 4,
                                                        "Output": [
                                                            "mi_idx.id",
                                                            "mi_idx.movie_id",
                                                            "mi_idx.info_type_id",
                                                            "mi_idx.info",
                                                            "mi_idx.note"
                                                        ],
                                                        "Filter": "(mi_idx.info_type_id > 99)",
                                                        "Rows Removed by Filter": 114981,
                                                        "Workers": [
                                                            {
                                                                "Worker Number": 0,
                                                                "Actual Startup Time": 0.012,
                                                                "Actual Total Time": 35.415,
                                                                "Actual Rows": 218415,
                                                                "Actual Loops": 1
                                                            },
                                                            {
                                                                "Worker Number": 1,
                                                                "Actual Startup Time": 0.01,
                                                                "Actual Total Time": 35.5,
                                                                "Actual Rows": 219993,
                                                                "Actual Loops": 1
                                                            },
                                                            {
                                                                "Worker Number": 2,
                                                                "Actual Startup Time": 0.02,
                                                                "Actual Total Time": 36.067,
                                                                "Actual Rows": 233340,
                                                                "Actual Loops": 1
                                                            }
                                                        ]
                                                    },
                                                    {
                                                        "Node Type": "Hash",
                                                        "Parent Relationship": "Inner",
                                                        "Parallel Aware": true,
                                                        "Startup Cost": 43899.01,
                                                        "Total Cost": 43899.01,
                                                        "Plan Rows": 167838,
                                                        "Plan Width": 4,
                                                        "Actual Startup Time": 159.396,
                                                        "Actual Total Time": 159.397,
                                                        "Actual Rows": 165706,
                                                        "Actual Loops": 4,
                                                        "Output": [
                                                            "t.id"
                                                        ],
                                                        "Hash Buckets": 1048576,
                                                        "Original Hash Buckets": 1048576,
                                                        "Hash Batches": 1,
                                                        "Original Hash Batches": 1,
                                                        "Peak Memory Usage": 34176,
                                                        "Workers": [
                                                            {
                                                                "Worker Number": 0,
                                                                "Actual Startup Time": 160.697,
                                                                "Actual Total Time": 160.698,
                                                                "Actual Rows": 154514,
                                                                "Actual Loops": 1
                                                            },
                                                            {
                                                                "Worker Number": 1,
                                                                "Actual Startup Time": 160.966,
                                                                "Actual Total Time": 160.967,
                                                                "Actual Rows": 157535,
                                                                "Actual Loops": 1
                                                            },
                                                            {
                                                                "Worker Number": 2,
                                                                "Actual Startup Time": 160.924,
                                                                "Actual Total Time": 160.925,
                                                                "Actual Rows": 163395,
                                                                "Actual Loops": 1
                                                            }
                                                        ],
                                                        "Plans": [
                                                            {
                                                                "Node Type": "Seq Scan",
                                                                "Parent Relationship": "Outer",
                                                                "Parallel Aware": true,
                                                                "Relation Name": "title",
                                                                "Schema": "public",
                                                                "Alias": "t",
                                                                "Startup Cost": 0.0,
                                                                "Total Cost": 43899.01,
                                                                "Plan Rows": 167838,
                                                                "Plan Width": 4,
                                                                "Actual Startup Time": 46.034,
                                                                "Actual Total Time": 99.606,
                                                                "Actual Rows": 165706,
                                                                "Actual Loops": 4,
                                                                "Output": [
                                                                    "t.id"
                                                                ],
                                                                "Filter": "(t.kind_id = 1)",
                                                                "Rows Removed by Filter": 466372,
                                                                "Workers": [
                                                                    {
                                                                        "Worker Number": 0,
                                                                        "Actual Startup Time": 58.929,
                                                                        "Actual Total Time": 100.499,
                                                                        "Actual Rows": 154514,
                                                                        "Actual Loops": 1
                                                                    },
                                                                    {
                                                                        "Worker Number": 1,
                                                                        "Actual Startup Time": 7.462,
                                                                        "Actual Total Time": 100.809,
                                                                        "Actual Rows": 157535,
                                                                        "Actual Loops": 1
                                                                    },
                                                                    {
                                                                        "Worker Number": 2,
                                                                        "Actual Startup Time": 58.808,
                                                                        "Actual Total Time": 100.259,
                                                                        "Actual Rows": 163395,
                                                                        "Actual Loops": 1
                                                                    }
                                                                ]
                                                            }
                                                        ]
                                                    }
                                                ]
                                            }
                                        ]
                                    }
                                ]
                            }
                        ]
                    }
                ]
            }
        ]
    },
    "Planning Time": 1.532,
    "Triggers": [],
    "Execution Time": 652.172
}