[
  {
    "Plan": {
      "Node Type": "Aggregate",
      "Strategy": "Plain",
      "Partial Mode": "Finalize",
      "Parallel Aware": false,
      "Startup Cost": 290463.28,
      "Total Cost": 290463.29,
      "Plan Rows": 1,
      "Plan Width": 8,
      "Actual Startup Time": 152.927,
      "Actual Total Time": 159.649,
      "Actual Rows": 1,
      "Actual Loops": 1,
      "Plans": [
        {
          "Node Type": "Gather",
          "Parent Relationship": "Outer",
          "Parallel Aware": false,
          "Startup Cost": 290462.65,
          "Total Cost": 290463.26,
          "Plan Rows": 6,
          "Plan Width": 8,
          "Actual Startup Time": 152.369,
          "Actual Total Time": 159.639,
          "Actual Rows": 7,
          "Actual Loops": 1,
          "Workers Planned": 6,
          "Workers Launched": 6,
          "Single Copy": false,
          "Plans": [
            {
              "Node Type": "Aggregate",
              "Strategy": "Plain",
              "Partial Mode": "Partial",
              "Parent Relationship": "Outer",
              "Parallel Aware": false,
              "Startup Cost": 289462.65,
              "Total Cost": 289462.66,
              "Plan Rows": 1,
              "Plan Width": 8,
              "Actual Startup Time": 143.604,
              "Actual Total Time": 143.605,
              "Actual Rows": 1,
              "Actual Loops": 7,
              "Plans": [
                {
                  "Node Type": "Bitmap Heap Scan",
                  "Parent Relationship": "Outer",
                  "Parallel Aware": true,
                  "Relation Name": "cast_info",
                  "Alias": "ci",
                  "Startup Cost": 33036.36,
                  "Total Cost": 288839.44,
                  "Plan Rows": 249286,
                  "Plan Width": 0,
                  "Actual Startup Time": 70.521,
                  "Actual Total Time": 129.71,
                  "Actual Rows": 220716,
                  "Actual Loops": 7,
                  "Recheck Cond": "(person_id < 154646)",
                  "Rows Removed by Index Recheck": 0,
                  "Exact Heap Blocks": 4448,
                  "Lossy Heap Blocks": 0,
                  "Plans": [
                    {
                      "Node Type": "Bitmap Index Scan",
                      "Parent Relationship": "Outer",
                      "Parallel Aware": false,
                      "Index Name": "person_id_cast_info",
                      "Startup Cost": 0.0,
                      "Total Cost": 32662.43,
                      "Plan Rows": 1495716,
                      "Plan Width": 0,
                      "Actual Startup Time": 75.496,
                      "Actual Total Time": 75.497,
                      "Actual Rows": 1545011,
                      "Actual Loops": 1,
                      "Index Cond": "(person_id < 154646)"
                    }
                  ]
                }
              ]
            }
          ]
        }
      ]
    },
    "Planning Time": 0.196,
    "Triggers": [],
    "Execution Time": 159.724
  }
]