[
  {
    "Plan": {
      "Node Type": "Aggregate",
      "Strategy": "Plain",
      "Partial Mode": "Simple",
      "Parallel Aware": false,
      "Startup Cost": 3452.97,
      "Total Cost": 3452.98,
      "Plan Rows": 1,
      "Plan Width": 8,
      "Actual Startup Time": 27.294,
      "Actual Total Time": 27.296,
      "Actual Rows": 1,
      "Actual Loops": 1,
      "Plans": [
        {
          "Node Type": "Nested Loop",
          "Parent Relationship": "Outer",
          "Parallel Aware": false,
          "Join Type": "Inner",
          "Startup Cost": 7.35,
          "Total Cost": 3446.42,
          "Plan Rows": 2621,
          "Plan Width": 0,
          "Actual Startup Time": 0.705,
          "Actual Total Time": 26.538,
          "Actual Rows": 7194,
          "Actual Loops": 1,
          "Inner Unique": false,
          "Plans": [
            {
              "Node Type": "Nested Loop",
              "Parent Relationship": "Outer",
              "Parallel Aware": false,
              "Join Type": "Inner",
              "Startup Cost": 6.78,
              "Total Cost": 3006.58,
              "Plan Rows": 183,
              "Plan Width": 8,
              "Actual Startup Time": 0.682,
              "Actual Total Time": 8.562,
              "Actual Rows": 229,
              "Actual Loops": 1,
              "Inner Unique": true,
              "Plans": [
                {
                  "Node Type": "Bitmap Heap Scan",
                  "Parent Relationship": "Outer",
                  "Parallel Aware": false,
                  "Relation Name": "movie_keyword",
                  "Alias": "mk",
                  "Startup Cost": 6.35,
                  "Total Cost": 922.98,
                  "Plan Rows": 248,
                  "Plan Width": 4,
                  "Actual Startup Time": 0.658,
                  "Actual Total Time": 2.514,
                  "Actual Rows": 984,
                  "Actual Loops": 1,
                  "Recheck Cond": "(keyword_id = 2000)",
                  "Rows Removed by Index Recheck": 0,
                  "Exact Heap Blocks": 924,
                  "Lossy Heap Blocks": 0,
                  "Plans": [
                    {
                      "Node Type": "Bitmap Index Scan",
                      "Parent Relationship": "Outer",
                      "Parallel Aware": false,
                      "Index Name": "keyword_id_movie_keyword",
                      "Startup Cost": 0.0,
                      "Total Cost": 6.29,
                      "Plan Rows": 248,
                      "Plan Width": 0,
                      "Actual Startup Time": 0.369,
                      "Actual Total Time": 0.369,
                      "Actual Rows": 984,
                      "Actual Loops": 1,
                      "Index Cond": "(keyword_id = 2000)"
                    }
                  ]
                },
                {
                  "Node Type": "Index Scan",
                  "Parent Relationship": "Inner",
                  "Parallel Aware": false,
                  "Scan Direction": "Forward",
                  "Index Name": "title_pkey",
                  "Relation Name": "title",
                  "Alias": "t",
                  "Startup Cost": 0.43,
                  "Total Cost": 8.4,
                  "Plan Rows": 1,
                  "Plan Width": 4,
                  "Actual Startup Time": 0.006,
                  "Actual Total Time": 0.006,
                  "Actual Rows": 0,
                  "Actual Loops": 984,
                  "Index Cond": "(id = mk.movie_id)",
                  "Rows Removed by Index Recheck": 0,
                  "Filter": "(kind_id > 1)",
                  "Rows Removed by Filter": 1
                }
              ]
            },
            {
              "Node Type": "Index Only Scan",
              "Parent Relationship": "Inner",
              "Parallel Aware": false,
              "Scan Direction": "Forward",
              "Index Name": "movie_id_cast_info",
              "Relation Name": "cast_info",
              "Alias": "ci",
              "Startup Cost": 0.56,
              "Total Cost": 2.03,
              "Plan Rows": 37,
              "Plan Width": 4,
              "Actual Startup Time": 0.013,
              "Actual Total Time": 0.073,
              "Actual Rows": 31,
              "Actual Loops": 229,
              "Index Cond": "(movie_id = t.id)",
              "Rows Removed by Index Recheck": 0,
              "Heap Fetches": 7194
            }
          ]
        }
      ]
    },
    "Planning Time": 0.989,
    "Triggers": [],
    "Execution Time": 27.352
  }
]