[
  {
    "Plan": {
      "Node Type": "Aggregate",
      "Strategy": "Plain",
      "Partial Mode": "Finalize",
      "Parallel Aware": false,
      "Startup Cost": 293826.32,
      "Total Cost": 293826.33,
      "Plan Rows": 1,
      "Plan Width": 8,
      "Actual Startup Time": 1275.379,
      "Actual Total Time": 1324.49,
      "Actual Rows": 1,
      "Actual Loops": 1,
      "Plans": [
        {
          "Node Type": "Gather",
          "Parent Relationship": "Outer",
          "Parallel Aware": false,
          "Startup Cost": 293825.8,
          "Total Cost": 293826.31,
          "Plan Rows": 5,
          "Plan Width": 8,
          "Actual Startup Time": 1265.329,
          "Actual Total Time": 1324.479,
          "Actual Rows": 6,
          "Actual Loops": 1,
          "Workers Planned": 5,
          "Workers Launched": 5,
          "Single Copy": false,
          "Plans": [
            {
              "Node Type": "Aggregate",
              "Strategy": "Plain",
              "Partial Mode": "Partial",
              "Parent Relationship": "Outer",
              "Parallel Aware": false,
              "Startup Cost": 292825.8,
              "Total Cost": 292825.81,
              "Plan Rows": 1,
              "Plan Width": 8,
              "Actual Startup Time": 1254.035,
              "Actual Total Time": 1254.193,
              "Actual Rows": 1,
              "Actual Loops": 6,
              "Plans": [
                {
                  "Node Type": "Hash Join",
                  "Parent Relationship": "Outer",
                  "Parallel Aware": true,
                  "Join Type": "Inner",
                  "Startup Cost": 84553.64,
                  "Total Cost": 290013.75,
                  "Plan Rows": 1124819,
                  "Plan Width": 0,
                  "Actual Startup Time": 335.624,
                  "Actual Total Time": 1190.941,
                  "Actual Rows": 1506741,
                  "Actual Loops": 6,
                  "Inner Unique": false,
                  "Hash Cond": "(mi.movie_id = t.id)",
                  "Plans": [
                    {
                      "Node Type": "Seq Scan",
                      "Parent Relationship": "Outer",
                      "Parallel Aware": true,
                      "Relation Name": "movie_info",
                      "Alias": "mi",
                      "Startup Cost": 0.0,
                      "Total Cost": 191560.33,
                      "Plan Rows": 2956733,
                      "Plan Width": 4,
                      "Actual Startup Time": 0.023,
                      "Actual Total Time": 301.828,
                      "Actual Rows": 2472620,
                      "Actual Loops": 6
                    },
                    {
                      "Node Type": "Hash",
                      "Parent Relationship": "Inner",
                      "Parallel Aware": true,
                      "Startup Cost": 81547.92,
                      "Total Cost": 81547.92,
                      "Plan Rows": 240457,
                      "Plan Width": 8,
                      "Actual Startup Time": 330.717,
                      "Actual Total Time": 330.874,
                      "Actual Rows": 108114,
                      "Actual Loops": 6,
                      "Hash Buckets": 1048576,
                      "Original Hash Buckets": 1048576,
                      "Hash Batches": 1,
                      "Original Hash Batches": 1,
                      "Peak Memory Usage": 33632,
                      "Plans": [
                        {
                          "Node Type": "Hash Join",
                          "Parent Relationship": "Outer",
                          "Parallel Aware": true,
                          "Join Type": "Inner",
                          "Startup Cost": 35293.16,
                          "Total Cost": 81547.92,
                          "Plan Rows": 240457,
                          "Plan Width": 8,
                          "Actual Startup Time": 115.566,
                          "Actual Total Time": 287.368,
                          "Actual Rows": 108114,
                          "Actual Loops": 6,
                          "Inner Unique": false,
                          "Hash Cond": "(t.id = mc.movie_id)",
                          "Plans": [
                            {
                              "Node Type": "Seq Scan",
                              "Parent Relationship": "Outer",
                              "Parallel Aware": true,
                              "Relation Name": "title",
                              "Alias": "t",
                              "Startup Cost": 0.0,
                              "Total Cost": 42318.73,
                              "Plan Rows": 632073,
                              "Plan Width": 4,
                              "Actual Startup Time": 0.01,
                              "Actual Total Time": 57.035,
                              "Actual Rows": 421385,
                              "Actual Loops": 6
                            },
                            {
                              "Node Type": "Hash",
                              "Parent Relationship": "Inner",
                              "Parallel Aware": true,
                              "Startup Cost": 31414.82,
                              "Total Cost": 31414.82,
                              "Plan Rows": 310267,
                              "Plan Width": 4,
                              "Actual Startup Time": 113.747,
                              "Actual Total Time": 113.748,
                              "Actual Rows": 108114,
                              "Actual Loops": 6,
                              "Hash Buckets": 1048576,
                              "Original Hash Buckets": 1048576,
                              "Hash Batches": 1,
                              "Original Hash Batches": 1,
                              "Peak Memory Usage": 33696,
                              "Plans": [
                                {
                                  "Node Type": "Seq Scan",
                                  "Parent Relationship": "Outer",
                                  "Parallel Aware": true,
                                  "Relation Name": "movie_companies",
                                  "Alias": "mc",
                                  "Startup Cost": 0.0,
                                  "Total Cost": 31414.82,
                                  "Plan Rows": 310267,
                                  "Plan Width": 4,
                                  "Actual Startup Time": 41.95,
                                  "Actual Total Time": 67.606,
                                  "Actual Rows": 108114,
                                  "Actual Loops": 6,
                                  "Filter": "((company_id < 40708) AND (company_type_id = 2))",
                                  "Rows Removed by Filter": 326740
                                }
                              ]
                            }
                          ]
                        }
                      ]
                    }
                  ]
                }
              ]
            }
          ]
        }
      ]
    },
    "Planning Time": 1.543,
    "Triggers": [],
    "Execution Time": 1324.582
  }
]