[
  {
    "Plan": {
      "Node Type": "Aggregate",
      "Strategy": "Plain",
      "Partial Mode": "Finalize",
      "Parallel Aware": false,
      "Startup Cost": 83133.5,
      "Total Cost": 83133.51,
      "Plan Rows": 1,
      "Plan Width": 8,
      "Actual Startup Time": 622.568,
      "Actual Total Time": 637.929,
      "Actual Rows": 1,
      "Actual Loops": 1,
      "Plans": [
        {
          "Node Type": "Gather",
          "Parent Relationship": "Outer",
          "Parallel Aware": false,
          "Startup Cost": 83133.18,
          "Total Cost": 83133.49,
          "Plan Rows": 3,
          "Plan Width": 8,
          "Actual Startup Time": 613.914,
          "Actual Total Time": 637.903,
          "Actual Rows": 4,
          "Actual Loops": 1,
          "Workers Planned": 3,
          "Workers Launched": 3,
          "Single Copy": false,
          "Plans": [
            {
              "Node Type": "Aggregate",
              "Strategy": "Plain",
              "Partial Mode": "Partial",
              "Parent Relationship": "Outer",
              "Parallel Aware": false,
              "Startup Cost": 82133.18,
              "Total Cost": 82133.19,
              "Plan Rows": 1,
              "Plan Width": 8,
              "Actual Startup Time": 605.459,
              "Actual Total Time": 605.463,
              "Actual Rows": 1,
              "Actual Loops": 4,
              "Plans": [
                {
                  "Node Type": "Hash Join",
                  "Parent Relationship": "Outer",
                  "Parallel Aware": true,
                  "Join Type": "Inner",
                  "Startup Cost": 49404.12,
                  "Total Cost": 80769.71,
                  "Plan Rows": 545387,
                  "Plan Width": 0,
                  "Actual Startup Time": 306.709,
                  "Actual Total Time": 586.657,
                  "Actual Rows": 359408,
                  "Actual Loops": 4,
                  "Inner Unique": true,
                  "Hash Cond": "(mc.movie_id = t.id)",
                  "Plans": [
                    {
                      "Node Type": "Seq Scan",
                      "Parent Relationship": "Outer",
                      "Parallel Aware": true,
                      "Relation Name": "movie_companies",
                      "Alias": "mc",
                      "Startup Cost": 0.0,
                      "Total Cost": 29310.68,
                      "Plan Rows": 782822,
                      "Plan Width": 4,
                      "Actual Startup Time": 0.014,
                      "Actual Total Time": 88.835,
                      "Actual Rows": 607132,
                      "Actual Loops": 4,
                      "Filter": "(company_id > 34)",
                      "Rows Removed by Filter": 45150
                    },
                    {
                      "Node Type": "Hash",
                      "Parent Relationship": "Inner",
                      "Parallel Aware": true,
                      "Startup Cost": 43899.32,
                      "Total Cost": 43899.32,
                      "Plan Rows": 440384,
                      "Plan Width": 4,
                      "Actual Startup Time": 301.742,
                      "Actual Total Time": 301.743,
                      "Actual Rows": 437258,
                      "Actual Loops": 4,
                      "Hash Buckets": 2097152,
                      "Original Hash Buckets": 2097152,
                      "Hash Batches": 1,
                      "Original Hash Batches": 1,
                      "Peak Memory Usage": 84864,
                      "Plans": [
                        {
                          "Node Type": "Seq Scan",
                          "Parent Relationship": "Outer",
                          "Parallel Aware": true,
                          "Relation Name": "title",
                          "Alias": "t",
                          "Startup Cost": 0.0,
                          "Total Cost": 43899.32,
                          "Plan Rows": 440384,
                          "Plan Width": 4,
                          "Actual Startup Time": 0.054,
                          "Actual Total Time": 126.777,
                          "Actual Rows": 437258,
                          "Actual Loops": 4,
                          "Filter": "(production_year > 1990)",
                          "Rows Removed by Filter": 194820
                        }
                      ]
                    }
                  ]
                }
              ]
            }
          ]
        }
      ]
    },
    "Planning Time": 0.289,
    "Triggers": [],
    "Execution Time": 637.976
  }
]