[
    {
        "Bao": {
            "Bao prediction": 1315.23,
            "Bao recommended hint": "(no hint)"
        }
    },
    {
        "Plan": {
            "Node Type": "Aggregate",
            "Strategy": "Plain",
            "Partial Mode": "Finalize",
            "Parallel Aware": false,
            "Startup Cost": 578107.01,
            "Total Cost": 578107.02,
            "Plan Rows": 1,
            "Plan Width": 8,
            "Actual Startup Time": 2775.647,
            "Actual Total Time": 2808.568,
            "Actual Rows": 1,
            "Actual Loops": 1,
            "Output": [
                "count(*)"
            ],
            "Plans": [
                {
                    "Node Type": "Gather",
                    "Parent Relationship": "Outer",
                    "Parallel Aware": false,
                    "Startup Cost": 578106.49,
                    "Total Cost": 578107.0,
                    "Plan Rows": 5,
                    "Plan Width": 8,
                    "Actual Startup Time": 2754.689,
                    "Actual Total Time": 2808.556,
                    "Actual Rows": 6,
                    "Actual Loops": 1,
                    "Output": [
                        "(PARTIAL count(*))"
                    ],
                    "Workers Planned": 5,
                    "Workers Launched": 5,
                    "Single Copy": false,
                    "Plans": [
                        {
                            "Node Type": "Aggregate",
                            "Strategy": "Plain",
                            "Partial Mode": "Partial",
                            "Parent Relationship": "Outer",
                            "Parallel Aware": false,
                            "Startup Cost": 577106.49,
                            "Total Cost": 577106.5,
                            "Plan Rows": 1,
                            "Plan Width": 8,
                            "Actual Startup Time": 2740.213,
                            "Actual Total Time": 2740.312,
                            "Actual Rows": 1,
                            "Actual Loops": 6,
                            "Output": [
                                "PARTIAL count(*)"
                            ],
                            "Workers": [
                                {
                                    "Worker Number": 0,
                                    "Actual Startup Time": 2736.764,
                                    "Actual Total Time": 2736.771,
                                    "Actual Rows": 1,
                                    "Actual Loops": 1
                                },
                                {
                                    "Worker Number": 1,
                                    "Actual Startup Time": 2736.767,
                                    "Actual Total Time": 2736.772,
                                    "Actual Rows": 1,
                                    "Actual Loops": 1
                                },
                                {
                                    "Worker Number": 2,
                                    "Actual Startup Time": 2737.484,
                                    "Actual Total Time": 2737.489,
                                    "Actual Rows": 1,
                                    "Actual Loops": 1
                                },
                                {
                                    "Worker Number": 3,
                                    "Actual Startup Time": 2737.602,
                                    "Actual Total Time": 2737.607,
                                    "Actual Rows": 1,
                                    "Actual Loops": 1
                                },
                                {
                                    "Worker Number": 4,
                                    "Actual Startup Time": 2739.054,
                                    "Actual Total Time": 2739.058,
                                    "Actual Rows": 1,
                                    "Actual Loops": 1
                                }
                            ],
                            "Plans": [
                                {
                                    "Node Type": "Hash Join",
                                    "Parent Relationship": "Outer",
                                    "Parallel Aware": true,
                                    "Join Type": "Inner",
                                    "Startup Cost": 367734.16,
                                    "Total Cost": 573024.8,
                                    "Plan Rows": 1632676,
                                    "Plan Width": 0,
                                    "Actual Startup Time": 923.048,
                                    "Actual Total Time": 2503.986,
                                    "Actual Rows": 3791270,
                                    "Actual Loops": 6,
                                    "Inner Unique": false,
                                    "Hash Cond": "(mi.movie_id = t.id)",
                                    "Workers": [
                                        {
                                            "Worker Number": 0,
                                            "Actual Startup Time": 919.806,
                                            "Actual Total Time": 2496.338,
                                            "Actual Rows": 3615735,
                                            "Actual Loops": 1
                                        },
                                        {
                                            "Worker Number": 1,
                                            "Actual Startup Time": 919.82,
                                            "Actual Total Time": 2514.428,
                                            "Actual Rows": 4458774,
                                            "Actual Loops": 1
                                        },
                                        {
                                            "Worker Number": 2,
                                            "Actual Startup Time": 920.608,
                                            "Actual Total Time": 2505.246,
                                            "Actual Rows": 3489845,
                                            "Actual Loops": 1
                                        },
                                        {
                                            "Worker Number": 3,
                                            "Actual Startup Time": 920.643,
                                            "Actual Total Time": 2498.252,
                                            "Actual Rows": 3595607,
                                            "Actual Loops": 1
                                        },
                                        {
                                            "Worker Number": 4,
                                            "Actual Startup Time": 920.789,
                                            "Actual Total Time": 2496.667,
                                            "Actual Rows": 3648759,
                                            "Actual Loops": 1
                                        }
                                    ],
                                    "Plans": [
                                        {
                                            "Node Type": "Seq Scan",
                                            "Parent Relationship": "Outer",
                                            "Parallel Aware": true,
                                            "Relation Name": "movie_info",
                                            "Schema": "public",
                                            "Alias": "mi",
                                            "Startup Cost": 0.0,
                                            "Total Cost": 191503.19,
                                            "Plan Rows": 2951019,
                                            "Plan Width": 4,
                                            "Actual Startup Time": 0.031,
                                            "Actual Total Time": 346.692,
                                            "Actual Rows": 2472620,
                                            "Actual Loops": 6,
                                            "Output": [
                                                "mi.id",
                                                "mi.movie_id",
                                                "mi.info_type_id",
                                                "mi.info",
                                                "mi.note"
                                            ],
                                            "Workers": [
                                                {
                                                    "Worker Number": 0,
                                                    "Actual Startup Time": 0.034,
                                                    "Actual Total Time": 360.503,
                                                    "Actual Rows": 2392315,
                                                    "Actual Loops": 1
                                                },
                                                {
                                                    "Worker Number": 1,
                                                    "Actual Startup Time": 0.039,
                                                    "Actual Total Time": 356.287,
                                                    "Actual Rows": 2776754,
                                                    "Actual Loops": 1
                                                },
                                                {
                                                    "Worker Number": 2,
                                                    "Actual Startup Time": 0.043,
                                                    "Actual Total Time": 367.01,
                                                    "Actual Rows": 2298812,
                                                    "Actual Loops": 1
                                                },
                                                {
                                                    "Worker Number": 3,
                                                    "Actual Startup Time": 0.03,
                                                    "Actual Total Time": 360.305,
                                                    "Actual Rows": 2379915,
                                                    "Actual Loops": 1
                                                },
                                                {
                                                    "Worker Number": 4,
                                                    "Actual Startup Time": 0.029,
                                                    "Actual Total Time": 360.027,
                                                    "Actual Rows": 2393737,
                                                    "Actual Loops": 1
                                                }
                                            ]
                                        },
                                        {
                                            "Node Type": "Hash",
                                            "Parent Relationship": "Inner",
                                            "Parallel Aware": true,
                                            "Startup Cost": 364819.96,
                                            "Total Cost": 364819.96,
                                            "Plan Rows": 233136,
                                            "Plan Width": 8,
                                            "Actual Startup Time": 917.631,
                                            "Actual Total Time": 917.729,
                                            "Actual Rows": 300291,
                                            "Actual Loops": 6,
                                            "Output": [
                                                "t.id",
                                                "ci.movie_id"
                                            ],
                                            "Hash Buckets": 2097152,
                                            "Original Hash Buckets": 2097152,
                                            "Hash Batches": 1,
                                            "Original Hash Batches": 1,
                                            "Peak Memory Usage": 86944,
                                            "Workers": [
                                                {
                                                    "Worker Number": 0,
                                                    "Actual Startup Time": 919.342,
                                                    "Actual Total Time": 919.347,
                                                    "Actual Rows": 304075,
                                                    "Actual Loops": 1
                                                },
                                                {
                                                    "Worker Number": 1,
                                                    "Actual Startup Time": 919.338,
                                                    "Actual Total Time": 919.342,
                                                    "Actual Rows": 299649,
                                                    "Actual Loops": 1
                                                },
                                                {
                                                    "Worker Number": 2,
                                                    "Actual Startup Time": 920.138,
                                                    "Actual Total Time": 920.142,
                                                    "Actual Rows": 283686,
                                                    "Actual Loops": 1
                                                },
                                                {
                                                    "Worker Number": 3,
                                                    "Actual Startup Time": 920.184,
                                                    "Actual Total Time": 920.188,
                                                    "Actual Rows": 296515,
                                                    "Actual Loops": 1
                                                },
                                                {
                                                    "Worker Number": 4,
                                                    "Actual Startup Time": 920.13,
                                                    "Actual Total Time": 920.133,
                                                    "Actual Rows": 304602,
                                                    "Actual Loops": 1
                                                }
                                            ],
                                            "Plans": [
                                                {
                                                    "Node Type": "Hash Join",
                                                    "Parent Relationship": "Outer",
                                                    "Parallel Aware": true,
                                                    "Join Type": "Inner",
                                                    "Startup Cost": 105257.25,
                                                    "Total Cost": 364819.96,
                                                    "Plan Rows": 233136,
                                                    "Plan Width": 8,
                                                    "Actual Startup Time": 488.713,
                                                    "Actual Total Time": 769.985,
                                                    "Actual Rows": 300291,
                                                    "Actual Loops": 6,
                                                    "Output": [
                                                        "t.id",
                                                        "ci.movie_id"
                                                    ],
                                                    "Inner Unique": true,
                                                    "Hash Cond": "(ci.movie_id = t.id)",
                                                    "Workers": [
                                                        {
                                                            "Worker Number": 0,
                                                            "Actual Startup Time": 488.887,
                                                            "Actual Total Time": 769.483,
                                                            "Actual Rows": 304075,
                                                            "Actual Loops": 1
                                                        },
                                                        {
                                                            "Worker Number": 1,
                                                            "Actual Startup Time": 488.411,
                                                            "Actual Total Time": 768.998,
                                                            "Actual Rows": 299649,
                                                            "Actual Loops": 1
                                                        },
                                                        {
                                                            "Worker Number": 2,
                                                            "Actual Startup Time": 488.678,
                                                            "Actual Total Time": 769.351,
                                                            "Actual Rows": 283686,
                                                            "Actual Loops": 1
                                                        },
                                                        {
                                                            "Worker Number": 3,
                                                            "Actual Startup Time": 488.686,
                                                            "Actual Total Time": 769.621,
                                                            "Actual Rows": 296515,
                                                            "Actual Loops": 1
                                                        },
                                                        {
                                                            "Worker Number": 4,
                                                            "Actual Startup Time": 488.719,
                                                            "Actual Total Time": 770.902,
                                                            "Actual Rows": 304602,
                                                            "Actual Loops": 1
                                                        }
                                                    ],
                                                    "Plans": [
                                                        {
                                                            "Node Type": "Bitmap Heap Scan",
                                                            "Parent Relationship": "Outer",
                                                            "Parallel Aware": true,
                                                            "Relation Name": "cast_info",
                                                            "Schema": "public",
                                                            "Alias": "ci",
                                                            "Startup Cost": 55037.44,
                                                            "Total Cost": 313988.17,
                                                            "Plan Rows": 233136,
                                                            "Plan Width": 4,
                                                            "Actual Startup Time": 174.825,
                                                            "Actual Total Time": 283.919,
                                                            "Actual Rows": 300291,
                                                            "Actual Loops": 6,
                                                            "Output": [
                                                                "ci.id",
                                                                "ci.person_id",
                                                                "ci.movie_id",
                                                                "ci.person_role_id",
                                                                "ci.note",
                                                                "ci.nr_order",
                                                                "ci.role_id"
                                                            ],
                                                            "Recheck Cond": "(ci.person_id < 243502)",
                                                            "Rows Removed by Index Recheck": 0,
                                                            "Filter": "(ci.role_id < 3)",
                                                            "Rows Removed by Filter": 118481,
                                                            "Exact Heap Blocks": 5650,
                                                            "Lossy Heap Blocks": 0,
                                                            "Workers": [
                                                                {
                                                                    "Worker Number": 0,
                                                                    "Actual Startup Time": 174.976,
                                                                    "Actual Total Time": 285.03,
                                                                    "Actual Rows": 304075,
                                                                    "Actual Loops": 1
                                                                },
                                                                {
                                                                    "Worker Number": 1,
                                                                    "Actual Startup Time": 174.68,
                                                                    "Actual Total Time": 284.72,
                                                                    "Actual Rows": 299649,
                                                                    "Actual Loops": 1
                                                                },
                                                                {
                                                                    "Worker Number": 2,
                                                                    "Actual Startup Time": 174.849,
                                                                    "Actual Total Time": 284.051,
                                                                    "Actual Rows": 283686,
                                                                    "Actual Loops": 1
                                                                },
                                                                {
                                                                    "Worker Number": 3,
                                                                    "Actual Startup Time": 174.757,
                                                                    "Actual Total Time": 284.821,
                                                                    "Actual Rows": 296515,
                                                                    "Actual Loops": 1
                                                                },
                                                                {
                                                                    "Worker Number": 4,
                                                                    "Actual Startup Time": 174.832,
                                                                    "Actual Total Time": 285.025,
                                                                    "Actual Rows": 304602,
                                                                    "Actual Loops": 1
                                                                }
                                                            ],
                                                            "Plans": [
                                                                {
                                                                    "Node Type": "Bitmap Index Scan",
                                                                    "Parent Relationship": "Outer",
                                                                    "Parallel Aware": false,
                                                                    "Index Name": "person_id_cast_info",
                                                                    "Startup Cost": 0.0,
                                                                    "Total Cost": 54687.74,
                                                                    "Plan Rows": 2505490,
                                                                    "Plan Width": 0,
                                                                    "Actual Startup Time": 168.55,
                                                                    "Actual Total Time": 168.551,
                                                                    "Actual Rows": 2512636,
                                                                    "Actual Loops": 1,
                                                                    "Index Cond": "(ci.person_id < 243502)",
                                                                    "Workers": [
                                                                        {
                                                                            "Worker Number": 1,
                                                                            "Actual Startup Time": 168.55,
                                                                            "Actual Total Time": 168.551,
                                                                            "Actual Rows": 2512636,
                                                                            "Actual Loops": 1
                                                                        }
                                                                    ]
                                                                }
                                                            ]
                                                        },
                                                        {
                                                            "Node Type": "Hash",
                                                            "Parent Relationship": "Inner",
                                                            "Parallel Aware": true,
                                                            "Startup Cost": 42318.81,
                                                            "Total Cost": 42318.81,
                                                            "Plan Rows": 632080,
                                                            "Plan Width": 4,
                                                            "Actual Startup Time": 308.223,
                                                            "Actual Total Time": 308.224,
                                                            "Actual Rows": 421385,
                                                            "Actual Loops": 6,
                                                            "Output": [
                                                                "t.id"
                                                            ],
                                                            "Hash Buckets": 4194304,
                                                            "Original Hash Buckets": 4194304,
                                                            "Hash Batches": 1,
                                                            "Original Hash Batches": 1,
                                                            "Peak Memory Usage": 131776,
                                                            "Workers": [
                                                                {
                                                                    "Worker Number": 0,
                                                                    "Actual Startup Time": 313.614,
                                                                    "Actual Total Time": 313.616,
                                                                    "Actual Rows": 414120,
                                                                    "Actual Loops": 1
                                                                },
                                                                {
                                                                    "Worker Number": 1,
                                                                    "Actual Startup Time": 313.651,
                                                                    "Actual Total Time": 313.652,
                                                                    "Actual Rows": 389724,
                                                                    "Actual Loops": 1
                                                                },
                                                                {
                                                                    "Worker Number": 2,
                                                                    "Actual Startup Time": 313.594,
                                                                    "Actual Total Time": 313.595,
                                                                    "Actual Rows": 387326,
                                                                    "Actual Loops": 1
                                                                },
                                                                {
                                                                    "Worker Number": 3,
                                                                    "Actual Startup Time": 313.622,
                                                                    "Actual Total Time": 313.623,
                                                                    "Actual Rows": 410424,
                                                                    "Actual Loops": 1
                                                                },
                                                                {
                                                                    "Worker Number": 4,
                                                                    "Actual Startup Time": 313.573,
                                                                    "Actual Total Time": 313.574,
                                                                    "Actual Rows": 413968,
                                                                    "Actual Loops": 1
                                                                }
                                                            ],
                                                            "Plans": [
                                                                {
                                                                    "Node Type": "Seq Scan",
                                                                    "Parent Relationship": "Outer",
                                                                    "Parallel Aware": true,
                                                                    "Relation Name": "title",
                                                                    "Schema": "public",
                                                                    "Alias": "t",
                                                                    "Startup Cost": 0.0,
                                                                    "Total Cost": 42318.81,
                                                                    "Plan Rows": 632080,
                                                                    "Plan Width": 4,
                                                                    "Actual Startup Time": 0.031,
                                                                    "Actual Total Time": 89.733,
                                                                    "Actual Rows": 421385,
                                                                    "Actual Loops": 6,
                                                                    "Output": [
                                                                        "t.id"
                                                                    ],
                                                                    "Workers": [
                                                                        {
                                                                            "Worker Number": 0,
                                                                            "Actual Startup Time": 0.026,
                                                                            "Actual Total Time": 93.581,
                                                                            "Actual Rows": 414120,
                                                                            "Actual Loops": 1
                                                                        },
                                                                        {
                                                                            "Worker Number": 1,
                                                                            "Actual Startup Time": 0.037,
                                                                            "Actual Total Time": 91.597,
                                                                            "Actual Rows": 389724,
                                                                            "Actual Loops": 1
                                                                        },
                                                                        {
                                                                            "Worker Number": 2,
                                                                            "Actual Startup Time": 0.036,
                                                                            "Actual Total Time": 91.906,
                                                                            "Actual Rows": 387326,
                                                                            "Actual Loops": 1
                                                                        },
                                                                        {
                                                                            "Worker Number": 3,
                                                                            "Actual Startup Time": 0.051,
                                                                            "Actual Total Time": 92.977,
                                                                            "Actual Rows": 410424,
                                                                            "Actual Loops": 1
                                                                        },
                                                                        {
                                                                            "Worker Number": 4,
                                                                            "Actual Startup Time": 0.025,
                                                                            "Actual Total Time": 93.066,
                                                                            "Actual Rows": 413968,
                                                                            "Actual Loops": 1
                                                                        }
                                                                    ]
                                                                }
                                                            ]
                                                        }
                                                    ]
                                                }
                                            ]
                                        }
                                    ]
                                }
                            ]
                        }
                    ]
                }
            ]
        },
        "Planning Time": 1712.182,
        "Triggers": [],
        "Execution Time": 2808.824
    }
]