[
  {
    "Plan": {
      "Node Type": "Aggregate",
      "Strategy": "Plain",
      "Partial Mode": "Finalize",
      "Parallel Aware": false,
      "Startup Cost": 338142.09,
      "Total Cost": 338142.1,
      "Plan Rows": 1,
      "Plan Width": 8,
      "Actual Startup Time": 807.366,
      "Actual Total Time": 860.637,
      "Actual Rows": 1,
      "Actual Loops": 1,
      "Plans": [
        {
          "Node Type": "Gather",
          "Parent Relationship": "Outer",
          "Parallel Aware": false,
          "Startup Cost": 338141.47,
          "Total Cost": 338142.08,
          "Plan Rows": 6,
          "Plan Width": 8,
          "Actual Startup Time": 798.9,
          "Actual Total Time": 860.619,
          "Actual Rows": 7,
          "Actual Loops": 1,
          "Workers Planned": 6,
          "Workers Launched": 6,
          "Single Copy": false,
          "Plans": [
            {
              "Node Type": "Aggregate",
              "Strategy": "Plain",
              "Partial Mode": "Partial",
              "Parent Relationship": "Outer",
              "Parallel Aware": false,
              "Startup Cost": 337141.47,
              "Total Cost": 337141.48,
              "Plan Rows": 1,
              "Plan Width": 8,
              "Actual Startup Time": 792.616,
              "Actual Total Time": 792.617,
              "Actual Rows": 1,
              "Actual Loops": 7,
              "Plans": [
                {
                  "Node Type": "Seq Scan",
                  "Parent Relationship": "Outer",
                  "Parallel Aware": true,
                  "Relation Name": "cast_info",
                  "Alias": "ci",
                  "Startup Cost": 0.0,
                  "Total Cost": 328211.39,
                  "Plan Rows": 3572031,
                  "Plan Width": 0,
                  "Actual Startup Time": 166.692,
                  "Actual Total Time": 648.44,
                  "Actual Rows": 3042808,
                  "Actual Loops": 7,
                  "Filter": "(person_id > 1475307)",
                  "Rows Removed by Filter": 2134955
                }
              ]
            }
          ]
        }
      ]
    },
    "Planning Time": 0.205,
    "Triggers": [],
    "Execution Time": 860.708
  }
]