[
  {
    "Plan": {
      "Node Type": "Aggregate",
      "Strategy": "Plain",
      "Partial Mode": "Finalize",
      "Parallel Aware": false,
      "Startup Cost": 83220.09,
      "Total Cost": 83220.1,
      "Plan Rows": 1,
      "Plan Width": 8,
      "Actual Startup Time": 252.002,
      "Actual Total Time": 267.458,
      "Actual Rows": 1,
      "Actual Loops": 1,
      "Plans": [
        {
          "Node Type": "Gather",
          "Parent Relationship": "Outer",
          "Parallel Aware": false,
          "Startup Cost": 83219.77,
          "Total Cost": 83220.08,
          "Plan Rows": 3,
          "Plan Width": 8,
          "Actual Startup Time": 251.032,
          "Actual Total Time": 267.448,
          "Actual Rows": 4,
          "Actual Loops": 1,
          "Workers Planned": 3,
          "Workers Launched": 3,
          "Single Copy": false,
          "Plans": [
            {
              "Node Type": "Aggregate",
              "Strategy": "Plain",
              "Partial Mode": "Partial",
              "Parent Relationship": "Outer",
              "Parallel Aware": false,
              "Startup Cost": 82219.77,
              "Total Cost": 82219.78,
              "Plan Rows": 1,
              "Plan Width": 8,
              "Actual Startup Time": 246.618,
              "Actual Total Time": 246.622,
              "Actual Rows": 1,
              "Actual Loops": 4,
              "Plans": [
                {
                  "Node Type": "Hash Join",
                  "Parent Relationship": "Outer",
                  "Parallel Aware": true,
                  "Join Type": "Inner",
                  "Startup Cost": 55594.93,
                  "Total Cost": 82182.34,
                  "Plan Rows": 14972,
                  "Plan Width": 0,
                  "Actual Startup Time": 176.645,
                  "Actual Total Time": 245.643,
                  "Actual Rows": 13086,
                  "Actual Loops": 4,
                  "Inner Unique": true,
                  "Hash Cond": "(mk.movie_id = t.id)",
                  "Plans": [
                    {
                      "Node Type": "Bitmap Heap Scan",
                      "Parent Relationship": "Outer",
                      "Parallel Aware": true,
                      "Relation Name": "movie_keyword",
                      "Alias": "mk",
                      "Startup Cost": 9277.21,
                      "Total Cost": 35494.35,
                      "Plan Rows": 141052,
                      "Plan Width": 4,
                      "Actual Startup Time": 26.367,
                      "Actual Total Time": 89.907,
                      "Actual Rows": 113332,
                      "Actual Loops": 4,
                      "Recheck Cond": "(keyword_id < 348)",
                      "Rows Removed by Index Recheck": 0,
                      "Exact Heap Blocks": 8197,
                      "Lossy Heap Blocks": 0,
                      "Plans": [
                        {
                          "Node Type": "Bitmap Index Scan",
                          "Parent Relationship": "Outer",
                          "Parallel Aware": false,
                          "Index Name": "keyword_id_movie_keyword",
                          "Startup Cost": 0.0,
                          "Total Cost": 9167.89,
                          "Plan Rows": 437261,
                          "Plan Width": 0,
                          "Actual Startup Time": 22.597,
                          "Actual Total Time": 22.598,
                          "Actual Rows": 453330,
                          "Actual Loops": 1,
                          "Index Cond": "(keyword_id < 348)"
                        }
                      ]
                    },
                    {
                      "Node Type": "Hash",
                      "Parent Relationship": "Inner",
                      "Parallel Aware": true,
                      "Startup Cost": 45479.1,
                      "Total Cost": 45479.1,
                      "Plan Rows": 67090,
                      "Plan Width": 4,
                      "Actual Startup Time": 127.125,
                      "Actual Total Time": 127.126,
                      "Actual Rows": 54070,
                      "Actual Loops": 4,
                      "Hash Buckets": 524288,
                      "Original Hash Buckets": 524288,
                      "Hash Batches": 1,
                      "Original Hash Batches": 1,
                      "Peak Memory Usage": 12608,
                      "Plans": [
                        {
                          "Node Type": "Seq Scan",
                          "Parent Relationship": "Outer",
                          "Parallel Aware": true,
                          "Relation Name": "title",
                          "Alias": "t",
                          "Startup Cost": 0.0,
                          "Total Cost": 45479.1,
                          "Plan Rows": 67090,
                          "Plan Width": 4,
                          "Actual Startup Time": 47.079,
                          "Actual Total Time": 106.302,
                          "Actual Rows": 54070,
                          "Actual Loops": 4,
                          "Filter": "((production_year > 2005) AND (kind_id = 1))",
                          "Rows Removed by Filter": 578008
                        }
                      ]
                    }
                  ]
                }
              ]
            }
          ]
        }
      ]
    },
    "Planning Time": 0.341,
    "Triggers": [],
    "Execution Time": 267.522
  }
]