[
  {
    "Plan": {
      "Node Type": "Aggregate",
      "Strategy": "Plain",
      "Partial Mode": "Finalize",
      "Parallel Aware": false,
      "Startup Cost": 219464.32,
      "Total Cost": 219464.33,
      "Plan Rows": 1,
      "Plan Width": 8,
      "Actual Startup Time": 139.894,
      "Actual Total Time": 165.767,
      "Actual Rows": 1,
      "Actual Loops": 1,
      "Plans": [
        {
          "Node Type": "Gather",
          "Parent Relationship": "Outer",
          "Parallel Aware": false,
          "Startup Cost": 219463.9,
          "Total Cost": 219464.31,
          "Plan Rows": 4,
          "Plan Width": 8,
          "Actual Startup Time": 139.684,
          "Actual Total Time": 165.752,
          "Actual Rows": 5,
          "Actual Loops": 1,
          "Workers Planned": 4,
          "Workers Launched": 4,
          "Single Copy": false,
          "Plans": [
            {
              "Node Type": "Aggregate",
              "Strategy": "Plain",
              "Partial Mode": "Partial",
              "Parent Relationship": "Outer",
              "Parallel Aware": false,
              "Startup Cost": 218463.9,
              "Total Cost": 218463.91,
              "Plan Rows": 1,
              "Plan Width": 8,
              "Actual Startup Time": 131.213,
              "Actual Total Time": 131.215,
              "Actual Rows": 1,
              "Actual Loops": 5,
              "Plans": [
                {
                  "Node Type": "Nested Loop",
                  "Parent Relationship": "Outer",
                  "Parallel Aware": false,
                  "Join Type": "Inner",
                  "Startup Cost": 0.43,
                  "Total Cost": 218462.3,
                  "Plan Rows": 638,
                  "Plan Width": 0,
                  "Actual Startup Time": 0.975,
                  "Actual Total Time": 131.108,
                  "Actual Rows": 985,
                  "Actual Loops": 5,
                  "Inner Unique": false,
                  "Plans": [
                    {
                      "Node Type": "Seq Scan",
                      "Parent Relationship": "Outer",
                      "Parallel Aware": true,
                      "Relation Name": "title",
                      "Alias": "t",
                      "Startup Cost": 0.0,
                      "Total Cost": 45479.59,
                      "Plan Rows": 2606,
                      "Plan Width": 4,
                      "Actual Startup Time": 0.27,
                      "Actual Total Time": 75.991,
                      "Actual Rows": 1513,
                      "Actual Loops": 5,
                      "Filter": "((kind_id < 3) AND (production_year = 1996))",
                      "Rows Removed by Filter": 504150
                    },
                    {
                      "Node Type": "Index Scan",
                      "Parent Relationship": "Inner",
                      "Parallel Aware": false,
                      "Scan Direction": "Forward",
                      "Index Name": "movie_id_movie_info",
                      "Relation Name": "movie_info",
                      "Alias": "mi",
                      "Startup Cost": 0.43,
                      "Total Cost": 66.36,
                      "Plan Rows": 2,
                      "Plan Width": 4,
                      "Actual Startup Time": 0.026,
                      "Actual Total Time": 0.036,
                      "Actual Rows": 1,
                      "Actual Loops": 7563,
                      "Index Cond": "(movie_id = t.id)",
                      "Rows Removed by Index Recheck": 0,
                      "Filter": "(info_type_id = 18)",
                      "Rows Removed by Filter": 13
                    }
                  ]
                }
              ]
            }
          ]
        }
      ]
    },
    "Planning Time": 0.455,
    "Triggers": [],
    "Execution Time": 165.814
  }
]