[
  {
    "Plan": {
      "Node Type": "Aggregate",
      "Strategy": "Plain",
      "Partial Mode": "Finalize",
      "Parallel Aware": false,
      "Startup Cost": 46921.22,
      "Total Cost": 46921.23,
      "Plan Rows": 1,
      "Plan Width": 8,
      "Actual Startup Time": 104.996,
      "Actual Total Time": 116.223,
      "Actual Rows": 1,
      "Actual Loops": 1,
      "Plans": [
        {
          "Node Type": "Gather",
          "Parent Relationship": "Outer",
          "Parallel Aware": false,
          "Startup Cost": 46920.8,
          "Total Cost": 46921.21,
          "Plan Rows": 4,
          "Plan Width": 8,
          "Actual Startup Time": 104.844,
          "Actual Total Time": 116.212,
          "Actual Rows": 5,
          "Actual Loops": 1,
          "Workers Planned": 4,
          "Workers Launched": 4,
          "Single Copy": false,
          "Plans": [
            {
              "Node Type": "Aggregate",
              "Strategy": "Plain",
              "Partial Mode": "Partial",
              "Parent Relationship": "Outer",
              "Parallel Aware": false,
              "Startup Cost": 45920.8,
              "Total Cost": 45920.81,
              "Plan Rows": 1,
              "Plan Width": 8,
              "Actual Startup Time": 96.072,
              "Actual Total Time": 96.073,
              "Actual Rows": 1,
              "Actual Loops": 5,
              "Plans": [
                {
                  "Node Type": "Seq Scan",
                  "Parent Relationship": "Outer",
                  "Parallel Aware": true,
                  "Relation Name": "title",
                  "Alias": "t",
                  "Startup Cost": 0.0,
                  "Total Cost": 45479.1,
                  "Plan Rows": 176681,
                  "Plan Width": 0,
                  "Actual Startup Time": 0.045,
                  "Actual Total Time": 89.908,
                  "Actual Rows": 119113,
                  "Actual Loops": 5,
                  "Filter": "((kind_id < 4) AND (production_year > 1970))",
                  "Rows Removed by Filter": 386549
                }
              ]
            }
          ]
        }
      ]
    },
    "Planning Time": 0.184,
    "Triggers": [],
    "Execution Time": 116.284
  }
]