[
    {
        "Bao": {
            "Bao prediction": "NaN",
            "Bao recommended hint": "(no hint)"
        }
    },
    {
        "Plan": {
            "Node Type": "Aggregate",
            "Strategy": "Plain",
            "Partial Mode": "Finalize",
            "Parallel Aware": false,
            "Startup Cost": 88523.6,
            "Total Cost": 88523.61,
            "Plan Rows": 1,
            "Plan Width": 8,
            "Actual Startup Time": 193.763,
            "Actual Total Time": 204.04,
            "Actual Rows": 1,
            "Actual Loops": 1,
            "Output": [
                "count(*)"
            ],
            "Plans": [
                {
                    "Node Type": "Gather",
                    "Parent Relationship": "Outer",
                    "Parallel Aware": false,
                    "Startup Cost": 88523.28,
                    "Total Cost": 88523.59,
                    "Plan Rows": 3,
                    "Plan Width": 8,
                    "Actual Startup Time": 193.301,
                    "Actual Total Time": 204.028,
                    "Actual Rows": 4,
                    "Actual Loops": 1,
                    "Output": [
                        "(PARTIAL count(*))"
                    ],
                    "Workers Planned": 3,
                    "Workers Launched": 3,
                    "Single Copy": false,
                    "Plans": [
                        {
                            "Node Type": "Aggregate",
                            "Strategy": "Plain",
                            "Partial Mode": "Partial",
                            "Parent Relationship": "Outer",
                            "Parallel Aware": false,
                            "Startup Cost": 87523.28,
                            "Total Cost": 87523.29,
                            "Plan Rows": 1,
                            "Plan Width": 8,
                            "Actual Startup Time": 184.292,
                            "Actual Total Time": 184.299,
                            "Actual Rows": 1,
                            "Actual Loops": 4,
                            "Output": [
                                "PARTIAL count(*)"
                            ],
                            "Workers": [
                                {
                                    "Worker Number": 0,
                                    "Actual Startup Time": 181.152,
                                    "Actual Total Time": 181.165,
                                    "Actual Rows": 1,
                                    "Actual Loops": 1
                                },
                                {
                                    "Worker Number": 1,
                                    "Actual Startup Time": 181.464,
                                    "Actual Total Time": 181.468,
                                    "Actual Rows": 1,
                                    "Actual Loops": 1
                                },
                                {
                                    "Worker Number": 2,
                                    "Actual Startup Time": 181.672,
                                    "Actual Total Time": 181.676,
                                    "Actual Rows": 1,
                                    "Actual Loops": 1
                                }
                            ],
                            "Plans": [
                                {
                                    "Node Type": "Nested Loop",
                                    "Parent Relationship": "Outer",
                                    "Parallel Aware": false,
                                    "Join Type": "Inner",
                                    "Startup Cost": 51355.28,
                                    "Total Cost": 87472.87,
                                    "Plan Rows": 20166,
                                    "Plan Width": 0,
                                    "Actual Startup Time": 122.966,
                                    "Actual Total Time": 183.957,
                                    "Actual Rows": 3262,
                                    "Actual Loops": 4,
                                    "Inner Unique": false,
                                    "Join Filter": "(t.id = ci.movie_id)",
                                    "Rows Removed by Join Filter": 0,
                                    "Workers": [
                                        {
                                            "Worker Number": 0,
                                            "Actual Startup Time": 119.679,
                                            "Actual Total Time": 180.917,
                                            "Actual Rows": 1214,
                                            "Actual Loops": 1
                                        },
                                        {
                                            "Worker Number": 1,
                                            "Actual Startup Time": 120.951,
                                            "Actual Total Time": 181.195,
                                            "Actual Rows": 1569,
                                            "Actual Loops": 1
                                        },
                                        {
                                            "Worker Number": 2,
                                            "Actual Startup Time": 120.112,
                                            "Actual Total Time": 181.423,
                                            "Actual Rows": 1203,
                                            "Actual Loops": 1
                                        }
                                    ],
                                    "Plans": [
                                        {
                                            "Node Type": "Hash Join",
                                            "Parent Relationship": "Outer",
                                            "Parallel Aware": true,
                                            "Join Type": "Inner",
                                            "Startup Cost": 51354.71,
                                            "Total Cost": 77130.74,
                                            "Plan Rows": 1406,
                                            "Plan Width": 8,
                                            "Actual Startup Time": 122.865,
                                            "Actual Total Time": 175.829,
                                            "Actual Rows": 72,
                                            "Actual Loops": 4,
                                            "Output": [
                                                "t.id",
                                                "mk.movie_id"
                                            ],
                                            "Inner Unique": true,
                                            "Hash Cond": "(mk.movie_id = t.id)",
                                            "Workers": [
                                                {
                                                    "Worker Number": 0,
                                                    "Actual Startup Time": 119.561,
                                                    "Actual Total Time": 172.317,
                                                    "Actual Rows": 26,
                                                    "Actual Loops": 1
                                                },
                                                {
                                                    "Worker Number": 1,
                                                    "Actual Startup Time": 120.835,
                                                    "Actual Total Time": 172.841,
                                                    "Actual Rows": 44,
                                                    "Actual Loops": 1
                                                },
                                                {
                                                    "Worker Number": 2,
                                                    "Actual Startup Time": 119.98,
                                                    "Actual Total Time": 172.73,
                                                    "Actual Rows": 31,
                                                    "Actual Loops": 1
                                                }
                                            ],
                                            "Plans": [
                                                {
                                                    "Node Type": "Bitmap Heap Scan",
                                                    "Parent Relationship": "Outer",
                                                    "Parallel Aware": true,
                                                    "Relation Name": "movie_keyword",
                                                    "Schema": "public",
                                                    "Alias": "mk",
                                                    "Startup Cost": 5748.38,
                                                    "Total Cost": 31294.96,
                                                    "Plan Rows": 87407,
                                                    "Plan Width": 4,
                                                    "Actual Startup Time": 29.591,
                                                    "Actual Total Time": 72.016,
                                                    "Actual Rows": 67513,
                                                    "Actual Loops": 4,
                                                    "Output": [
                                                        "mk.id",
                                                        "mk.movie_id",
                                                        "mk.keyword_id"
                                                    ],
                                                    "Recheck Cond": "(mk.keyword_id > 58291)",
                                                    "Rows Removed by Index Recheck": 0,
                                                    "Exact Heap Blocks": 6329,
                                                    "Lossy Heap Blocks": 0,
                                                    "Workers": [
                                                        {
                                                            "Worker Number": 0,
                                                            "Actual Startup Time": 29.619,
                                                            "Actual Total Time": 72.483,
                                                            "Actual Rows": 69739,
                                                            "Actual Loops": 1
                                                        },
                                                        {
                                                            "Worker Number": 1,
                                                            "Actual Startup Time": 29.596,
                                                            "Actual Total Time": 72.564,
                                                            "Actual Rows": 70160,
                                                            "Actual Loops": 1
                                                        },
                                                        {
                                                            "Worker Number": 2,
                                                            "Actual Startup Time": 29.655,
                                                            "Actual Total Time": 72.588,
                                                            "Actual Rows": 51046,
                                                            "Actual Loops": 1
                                                        }
                                                    ],
                                                    "Plans": [
                                                        {
                                                            "Node Type": "Bitmap Index Scan",
                                                            "Parent Relationship": "Outer",
                                                            "Parallel Aware": false,
                                                            "Index Name": "keyword_id_movie_keyword",
                                                            "Startup Cost": 0.0,
                                                            "Total Cost": 5680.64,
                                                            "Plan Rows": 270961,
                                                            "Plan Width": 0,
                                                            "Actual Startup Time": 24.496,
                                                            "Actual Total Time": 24.497,
                                                            "Actual Rows": 270051,
                                                            "Actual Loops": 1,
                                                            "Index Cond": "(mk.keyword_id > 58291)"
                                                        }
                                                    ]
                                                },
                                                {
                                                    "Node Type": "Hash",
                                                    "Parent Relationship": "Inner",
                                                    "Parallel Aware": true,
                                                    "Startup Cost": 45479.21,
                                                    "Total Cost": 45479.21,
                                                    "Plan Rows": 10170,
                                                    "Plan Width": 4,
                                                    "Actual Startup Time": 92.38,
                                                    "Actual Total Time": 92.381,
                                                    "Actual Rows": 10064,
                                                    "Actual Loops": 4,
                                                    "Output": [
                                                        "t.id"
                                                    ],
                                                    "Hash Buckets": 65536,
                                                    "Original Hash Buckets": 65536,
                                                    "Hash Batches": 1,
                                                    "Original Hash Batches": 1,
                                                    "Peak Memory Usage": 2144,
                                                    "Workers": [
                                                        {
                                                            "Worker Number": 0,
                                                            "Actual Startup Time": 89.361,
                                                            "Actual Total Time": 89.362,
                                                            "Actual Rows": 9111,
                                                            "Actual Loops": 1
                                                        },
                                                        {
                                                            "Worker Number": 1,
                                                            "Actual Startup Time": 89.665,
                                                            "Actual Total Time": 89.666,
                                                            "Actual Rows": 8981,
                                                            "Actual Loops": 1
                                                        },
                                                        {
                                                            "Worker Number": 2,
                                                            "Actual Startup Time": 89.843,
                                                            "Actual Total Time": 89.843,
                                                            "Actual Rows": 6955,
                                                            "Actual Loops": 1
                                                        }
                                                    ],
                                                    "Plans": [
                                                        {
                                                            "Node Type": "Seq Scan",
                                                            "Parent Relationship": "Outer",
                                                            "Parallel Aware": true,
                                                            "Relation Name": "title",
                                                            "Schema": "public",
                                                            "Alias": "t",
                                                            "Startup Cost": 0.0,
                                                            "Total Cost": 45479.21,
                                                            "Plan Rows": 10170,
                                                            "Plan Width": 4,
                                                            "Actual Startup Time": 0.066,
                                                            "Actual Total Time": 87.99,
                                                            "Actual Rows": 10064,
                                                            "Actual Loops": 4,
                                                            "Output": [
                                                                "t.id"
                                                            ],
                                                            "Filter": "((t.production_year > 2012) AND (t.kind_id = 7))",
                                                            "Rows Removed by Filter": 622014,
                                                            "Workers": [
                                                                {
                                                                    "Worker Number": 0,
                                                                    "Actual Startup Time": 0.055,
                                                                    "Actual Total Time": 85.299,
                                                                    "Actual Rows": 9111,
                                                                    "Actual Loops": 1
                                                                },
                                                                {
                                                                    "Worker Number": 1,
                                                                    "Actual Startup Time": 0.116,
                                                                    "Actual Total Time": 85.3,
                                                                    "Actual Rows": 8981,
                                                                    "Actual Loops": 1
                                                                },
                                                                {
                                                                    "Worker Number": 2,
                                                                    "Actual Startup Time": 0.058,
                                                                    "Actual Total Time": 85.672,
                                                                    "Actual Rows": 6955,
                                                                    "Actual Loops": 1
                                                                }
                                                            ]
                                                        }
                                                    ]
                                                }
                                            ]
                                        },
                                        {
                                            "Node Type": "Index Only Scan",
                                            "Parent Relationship": "Inner",
                                            "Parallel Aware": false,
                                            "Scan Direction": "Forward",
                                            "Index Name": "movie_id_cast_info",
                                            "Relation Name": "cast_info",
                                            "Schema": "public",
                                            "Alias": "ci",
                                            "Startup Cost": 0.56,
                                            "Total Cost": 6.88,
                                            "Plan Rows": 38,
                                            "Plan Width": 4,
                                            "Actual Startup Time": 0.013,
                                            "Actual Total Time": 0.104,
                                            "Actual Rows": 45,
                                            "Actual Loops": 287,
                                            "Output": [
                                                "ci.movie_id"
                                            ],
                                            "Index Cond": "(ci.movie_id = mk.movie_id)",
                                            "Rows Removed by Index Recheck": 0,
                                            "Heap Fetches": 13050,
                                            "Workers": [
                                                {
                                                    "Worker Number": 0,
                                                    "Actual Startup Time": 0.033,
                                                    "Actual Total Time": 0.315,
                                                    "Actual Rows": 47,
                                                    "Actual Loops": 26
                                                },
                                                {
                                                    "Worker Number": 1,
                                                    "Actual Startup Time": 0.018,
                                                    "Actual Total Time": 0.179,
                                                    "Actual Rows": 36,
                                                    "Actual Loops": 44
                                                },
                                                {
                                                    "Worker Number": 2,
                                                    "Actual Startup Time": 0.031,
                                                    "Actual Total Time": 0.267,
                                                    "Actual Rows": 39,
                                                    "Actual Loops": 31
                                                }
                                            ]
                                        }
                                    ]
                                }
                            ]
                        }
                    ]
                }
            ]
        },
        "Planning Time": 414.491,
        "Triggers": [],
        "Execution Time": 204.138
    }
]