[
  {
    "Plan": {
      "Node Type": "Aggregate",
      "Strategy": "Plain",
      "Partial Mode": "Simple",
      "Parallel Aware": false,
      "Startup Cost": 23858.03,
      "Total Cost": 23858.04,
      "Plan Rows": 1,
      "Plan Width": 96,
      "Actual Startup Time": 2180.879,
      "Actual Total Time": 2180.886,
      "Actual Rows": 1,
      "Actual Loops": 1,
      "Plans": [
        {
          "Node Type": "Nested Loop",
          "Parent Relationship": "Outer",
          "Parallel Aware": false,
          "Join Type": "Inner",
          "Startup Cost": 4955.17,
          "Total Cost": 23858.02,
          "Plan Rows": 1,
          "Plan Width": 42,
          "Actual Startup Time": 43.283,
          "Actual Total Time": 2180.47,
          "Actual Rows": 998,
          "Actual Loops": 1,
          "Inner Unique": true,
          "Plans": [
            {
              "Node Type": "Nested Loop",
              "Parent Relationship": "Outer",
              "Parallel Aware": false,
              "Join Type": "Inner",
              "Startup Cost": 4954.75,
              "Total Cost": 23857.58,
              "Plan Rows": 1,
              "Plan Width": 27,
              "Actual Startup Time": 28.38,
              "Actual Total Time": 2156.432,
              "Actual Rows": 3799,
              "Actual Loops": 1,
              "Inner Unique": true,
              "Plans": [
                {
                  "Node Type": "Nested Loop",
                  "Parent Relationship": "Outer",
                  "Parallel Aware": false,
                  "Join Type": "Inner",
                  "Startup Cost": 4954.62,
                  "Total Cost": 23856.66,
                  "Plan Rows": 6,
                  "Plan Width": 31,
                  "Actual Startup Time": 28.357,
                  "Actual Total Time": 2147.101,
                  "Actual Rows": 10302,
                  "Actual Loops": 1,
                  "Inner Unique": false,
                  "Plans": [
                    {
                      "Node Type": "Hash Join",
                      "Parent Relationship": "Outer",
                      "Parallel Aware": false,
                      "Join Type": "Inner",
                      "Startup Cost": 4954.19,
                      "Total Cost": 23856.02,
                      "Plan Rows": 1,
                      "Plan Width": 35,
                      "Actual Startup Time": 28.329,
                      "Actual Total Time": 2131.749,
                      "Actual Rows": 1443,
                      "Actual Loops": 1,
                      "Inner Unique": true,
                      "Hash Cond": "(mi.info_type_id = it1.id)",
                      "Plans": [
                        {
                          "Node Type": "Nested Loop",
                          "Parent Relationship": "Outer",
                          "Parallel Aware": false,
                          "Join Type": "Inner",
                          "Startup Cost": 4940.05,
                          "Total Cost": 23841.55,
                          "Plan Rows": 123,
                          "Plan Width": 39,
                          "Actual Startup Time": 28.275,
                          "Actual Total Time": 2130.755,
                          "Actual Rows": 1446,
                          "Actual Loops": 1,
                          "Inner Unique": false,
                          "Plans": [
                            {
                              "Node Type": "Nested Loop",
                              "Parent Relationship": "Outer",
                              "Parallel Aware": false,
                              "Join Type": "Inner",
                              "Startup Cost": 4939.62,
                              "Total Cost": 20610.59,
                              "Plan Rows": 1819,
                              "Plan Width": 31,
                              "Actual Startup Time": 21.751,
                              "Actual Total Time": 793.627,
                              "Actual Rows": 126810,
                              "Actual Loops": 1,
                              "Inner Unique": true,
                              "Plans": [
                                {
                                  "Node Type": "Nested Loop",
                                  "Parent Relationship": "Outer",
                                  "Parallel Aware": false,
                                  "Join Type": "Inner",
                                  "Startup Cost": 4939.19,
                                  "Total Cost": 17690.9,
                                  "Plan Rows": 2932,
                                  "Plan Width": 10,
                                  "Actual Startup Time": 21.712,
                                  "Actual Total Time": 139.313,
                                  "Actual Rows": 222095,
                                  "Actual Loops": 1,
                                  "Inner Unique": false,
                                  "Plans": [
                                    {
                                      "Node Type": "Index Scan",
                                      "Parent Relationship": "Outer",
                                      "Parallel Aware": false,
                                      "Scan Direction": "Forward",
                                      "Index Name": "info_type_pkey",
                                      "Relation Name": "info_type",
                                      "Alias": "it2",
                                      "Startup Cost": 0.14,
                                      "Total Cost": 14.12,
                                      "Plan Rows": 1,
                                      "Plan Width": 4,
                                      "Actual Startup Time": 0.018,
                                      "Actual Total Time": 0.023,
                                      "Actual Rows": 1,
                                      "Actual Loops": 1,
                                      "Filter": "((info)::text = 'rating'::text)",
                                      "Rows Removed by Filter": 112
                                    },
                                    {
                                      "Node Type": "Bitmap Heap Scan",
                                      "Parent Relationship": "Inner",
                                      "Parallel Aware": false,
                                      "Relation Name": "movie_info_idx",
                                      "Alias": "mi_idx",
                                      "Startup Cost": 4939.05,
                                      "Total Cost": 17014.15,
                                      "Plan Rows": 66263,
                                      "Plan Width": 14,
                                      "Actual Startup Time": 21.691,
                                      "Actual Total Time": 120.325,
                                      "Actual Rows": 222095,
                                      "Actual Loops": 1,
                                      "Recheck Cond": "(info_type_id = it2.id)",
                                      "Rows Removed by Index Recheck": 0,
                                      "Filter": "(info > '6.3'::text)",
                                      "Rows Removed by Filter": 237830,
                                      "Exact Heap Blocks": 7934,
                                      "Lossy Heap Blocks": 0,
                                      "Plans": [
                                        {
                                          "Node Type": "Bitmap Index Scan",
                                          "Parent Relationship": "Outer",
                                          "Parallel Aware": false,
                                          "Index Name": "info_type_id_movie_info_idx",
                                          "Startup Cost": 0.0,
                                          "Total Cost": 4922.48,
                                          "Plan Rows": 276007,
                                          "Plan Width": 0,
                                          "Actual Startup Time": 20.779,
                                          "Actual Total Time": 20.779,
                                          "Actual Rows": 459925,
                                          "Actual Loops": 1,
                                          "Index Cond": "(info_type_id = it2.id)"
                                        }
                                      ]
                                    }
                                  ]
                                },
                                {
                                  "Node Type": "Index Scan",
                                  "Parent Relationship": "Inner",
                                  "Parallel Aware": false,
                                  "Scan Direction": "Forward",
                                  "Index Name": "title_pkey",
                                  "Relation Name": "title",
                                  "Alias": "t",
                                  "Startup Cost": 0.43,
                                  "Total Cost": 1.0,
                                  "Plan Rows": 1,
                                  "Plan Width": 21,
                                  "Actual Startup Time": 0.003,
                                  "Actual Total Time": 0.003,
                                  "Actual Rows": 1,
                                  "Actual Loops": 222095,
                                  "Index Cond": "(id = mi_idx.movie_id)",
                                  "Rows Removed by Index Recheck": 0,
                                  "Filter": "((production_year >= 1997) AND (production_year <= 2013))",
                                  "Rows Removed by Filter": 0
                                }
                              ]
                            },
                            {
                              "Node Type": "Index Scan",
                              "Parent Relationship": "Inner",
                              "Parallel Aware": false,
                              "Scan Direction": "Forward",
                              "Index Name": "movie_id_movie_info",
                              "Relation Name": "movie_info",
                              "Alias": "mi",
                              "Startup Cost": 0.43,
                              "Total Cost": 1.77,
                              "Plan Rows": 1,
                              "Plan Width": 8,
                              "Actual Startup Time": 0.01,
                              "Actual Total Time": 0.01,
                              "Actual Rows": 0,
                              "Actual Loops": 126810,
                              "Index Cond": "(movie_id = t.id)",
                              "Rows Removed by Index Recheck": 0,
                              "Filter": "(info = ANY ('{War,Western}'::text[]))",
                              "Rows Removed by Filter": 15
                            }
                          ]
                        },
                        {
                          "Node Type": "Hash",
                          "Parent Relationship": "Inner",
                          "Parallel Aware": false,
                          "Startup Cost": 14.12,
                          "Total Cost": 14.12,
                          "Plan Rows": 1,
                          "Plan Width": 4,
                          "Actual Startup Time": 0.027,
                          "Actual Total Time": 0.028,
                          "Actual Rows": 1,
                          "Actual Loops": 1,
                          "Hash Buckets": 1024,
                          "Original Hash Buckets": 1024,
                          "Hash Batches": 1,
                          "Original Hash Batches": 1,
                          "Peak Memory Usage": 9,
                          "Plans": [
                            {
                              "Node Type": "Index Scan",
                              "Parent Relationship": "Outer",
                              "Parallel Aware": false,
                              "Scan Direction": "Forward",
                              "Index Name": "info_type_pkey",
                              "Relation Name": "info_type",
                              "Alias": "it1",
                              "Startup Cost": 0.14,
                              "Total Cost": 14.12,
                              "Plan Rows": 1,
                              "Plan Width": 4,
                              "Actual Startup Time": 0.011,
                              "Actual Total Time": 0.023,
                              "Actual Rows": 1,
                              "Actual Loops": 1,
                              "Filter": "((info)::text = 'genres'::text)",
                              "Rows Removed by Filter": 112
                            }
                          ]
                        }
                      ]
                    },
                    {
                      "Node Type": "Index Scan",
                      "Parent Relationship": "Inner",
                      "Parallel Aware": false,
                      "Scan Direction": "Forward",
                      "Index Name": "movie_id_movie_companies",
                      "Relation Name": "movie_companies",
                      "Alias": "mc",
                      "Startup Cost": 0.43,
                      "Total Cost": 0.59,
                      "Plan Rows": 5,
                      "Plan Width": 12,
                      "Actual Startup Time": 0.007,
                      "Actual Total Time": 0.009,
                      "Actual Rows": 7,
                      "Actual Loops": 1443,
                      "Index Cond": "(movie_id = t.id)",
                      "Rows Removed by Index Recheck": 0
                    }
                  ]
                },
                {
                  "Node Type": "Index Scan",
                  "Parent Relationship": "Inner",
                  "Parallel Aware": false,
                  "Scan Direction": "Forward",
                  "Index Name": "company_type_pkey",
                  "Relation Name": "company_type",
                  "Alias": "ct",
                  "Startup Cost": 0.13,
                  "Total Cost": 0.15,
                  "Plan Rows": 1,
                  "Plan Width": 4,
                  "Actual Startup Time": 0.001,
                  "Actual Total Time": 0.001,
                  "Actual Rows": 0,
                  "Actual Loops": 10302,
                  "Index Cond": "(id = mc.company_type_id)",
                  "Rows Removed by Index Recheck": 0,
                  "Filter": "((kind)::text = 'production companies'::text)",
                  "Rows Removed by Filter": 1
                }
              ]
            },
            {
              "Node Type": "Index Scan",
              "Parent Relationship": "Inner",
              "Parallel Aware": false,
              "Scan Direction": "Forward",
              "Index Name": "company_name_pkey",
              "Relation Name": "company_name",
              "Alias": "cn",
              "Startup Cost": 0.42,
              "Total Cost": 0.45,
              "Plan Rows": 1,
              "Plan Width": 23,
              "Actual Startup Time": 0.006,
              "Actual Total Time": 0.006,
              "Actual Rows": 0,
              "Actual Loops": 3799,
              "Index Cond": "(id = mc.company_id)",
              "Rows Removed by Index Recheck": 0,
              "Filter": "((country_code)::text = '[us]'::text)",
              "Rows Removed by Filter": 1
            }
          ]
        }
      ]
    },
    "Planning Time": 8.818,
    "Triggers": [],
    "Execution Time": 2181.2
  }
]