[
  {
    "Plan": {
      "Node Type": "Aggregate",
      "Strategy": "Plain",
      "Partial Mode": "Finalize",
      "Parallel Aware": false,
      "Startup Cost": 467971.66,
      "Total Cost": 467971.67,
      "Plan Rows": 1,
      "Plan Width": 64,
      "Actual Startup Time": 1791.175,
      "Actual Total Time": 1879.84,
      "Actual Rows": 1,
      "Actual Loops": 1,
      "Plans": [
        {
          "Node Type": "Gather",
          "Parent Relationship": "Outer",
          "Parallel Aware": false,
          "Startup Cost": 467971.02,
          "Total Cost": 467971.63,
          "Plan Rows": 6,
          "Plan Width": 64,
          "Actual Startup Time": 1759.506,
          "Actual Total Time": 1879.806,
          "Actual Rows": 7,
          "Actual Loops": 1,
          "Workers Planned": 6,
          "Workers Launched": 6,
          "Single Copy": false,
          "Plans": [
            {
              "Node Type": "Aggregate",
              "Strategy": "Plain",
              "Partial Mode": "Partial",
              "Parent Relationship": "Outer",
              "Parallel Aware": false,
              "Startup Cost": 466971.02,
              "Total Cost": 466971.03,
              "Plan Rows": 1,
              "Plan Width": 64,
              "Actual Startup Time": 1742.441,
              "Actual Total Time": 1742.47,
              "Actual Rows": 1,
              "Actual Loops": 7,
              "Plans": [
                {
                  "Node Type": "Hash Join",
                  "Parent Relationship": "Outer",
                  "Parallel Aware": false,
                  "Join Type": "Inner",
                  "Startup Cost": 136073.11,
                  "Total Cost": 466550.64,
                  "Plan Rows": 84076,
                  "Plan Width": 33,
                  "Actual Startup Time": 778.994,
                  "Actual Total Time": 1740.365,
                  "Actual Rows": 13107,
                  "Actual Loops": 7,
                  "Inner Unique": true,
                  "Hash Cond": "(ci.role_id = rt.id)",
                  "Plans": [
                    {
                      "Node Type": "Hash Join",
                      "Parent Relationship": "Outer",
                      "Parallel Aware": true,
                      "Join Type": "Inner",
                      "Startup Cost": 136071.84,
                      "Total Cost": 466250.73,
                      "Plan Rows": 84076,
                      "Plan Width": 37,
                      "Actual Startup Time": 778.243,
                      "Actual Total Time": 1736.989,
                      "Actual Rows": 13107,
                      "Actual Loops": 7,
                      "Inner Unique": true,
                      "Hash Cond": "(ci.person_role_id = chn.id)",
                      "Plans": [
                        {
                          "Node Type": "Hash Join",
                          "Parent Relationship": "Outer",
                          "Parallel Aware": true,
                          "Join Type": "Inner",
                          "Startup Cost": 81927.05,
                          "Total Cost": 411885.24,
                          "Plan Rows": 84076,
                          "Plan Width": 25,
                          "Actual Startup Time": 336.587,
                          "Actual Total Time": 1277.647,
                          "Actual Rows": 68823,
                          "Actual Loops": 7,
                          "Inner Unique": false,
                          "Hash Cond": "(ci.movie_id = t.id)",
                          "Plans": [
                            {
                              "Node Type": "Seq Scan",
                              "Parent Relationship": "Outer",
                              "Parallel Aware": true,
                              "Relation Name": "cast_info",
                              "Alias": "ci",
                              "Startup Cost": 0.0,
                              "Total Cost": 328163.97,
                              "Plan Rows": 448233,
                              "Plan Width": 12,
                              "Actual Startup Time": 0.038,
                              "Actual Total Time": 834.722,
                              "Actual Rows": 356779,
                              "Actual Loops": 7,
                              "Filter": "(note ~~ '%(as%'::text)",
                              "Rows Removed by Filter": 4820984
                            },
                            {
                              "Node Type": "Hash",
                              "Parent Relationship": "Inner",
                              "Parallel Aware": true,
                              "Startup Cost": 81127.98,
                              "Total Cost": 81127.98,
                              "Plan Rows": 63926,
                              "Plan Width": 25,
                              "Actual Startup Time": 336.045,
                              "Actual Total Time": 336.062,
                              "Actual Rows": 24790,
                              "Actual Loops": 7,
                              "Hash Buckets": 262144,
                              "Original Hash Buckets": 262144,
                              "Hash Batches": 1,
                              "Original Hash Batches": 1,
                              "Peak Memory Usage": 12800,
                              "Plans": [
                                {
                                  "Node Type": "Hash Join",
                                  "Parent Relationship": "Outer",
                                  "Parallel Aware": false,
                                  "Join Type": "Inner",
                                  "Startup Cost": 50903.81,
                                  "Total Cost": 81127.98,
                                  "Plan Rows": 63926,
                                  "Plan Width": 25,
                                  "Actual Startup Time": 159.398,
                                  "Actual Total Time": 308.55,
                                  "Actual Rows": 24790,
                                  "Actual Loops": 7,
                                  "Inner Unique": true,
                                  "Hash Cond": "(mc.company_type_id = ct.id)",
                                  "Plans": [
                                    {
                                      "Node Type": "Hash Join",
                                      "Parent Relationship": "Outer",
                                      "Parallel Aware": true,
                                      "Join Type": "Inner",
                                      "Startup Cost": 50902.72,
                                      "Total Cost": 80781.28,
                                      "Plan Rows": 63926,
                                      "Plan Width": 29,
                                      "Actual Startup Time": 159.303,
                                      "Actual Total Time": 304.057,
                                      "Actual Rows": 24790,
                                      "Actual Loops": 7,
                                      "Inner Unique": true,
                                      "Hash Cond": "(mc.company_id = cn.id)",
                                      "Plans": [
                                        {
                                          "Node Type": "Hash Join",
                                          "Parent Relationship": "Outer",
                                          "Parallel Aware": true,
                                          "Join Type": "Inner",
                                          "Startup Cost": 45553.09,
                                          "Total Cost": 74968.98,
                                          "Plan Rows": 176252,
                                          "Plan Width": 33,
                                          "Actual Startup Time": 143.459,
                                          "Actual Total Time": 275.05,
                                          "Actual Rows": 58464,
                                          "Actual Loops": 7,
                                          "Inner Unique": true,
                                          "Hash Cond": "(mc.movie_id = t.id)",
                                          "Plans": [
                                            {
                                              "Node Type": "Seq Scan",
                                              "Parent Relationship": "Outer",
                                              "Parallel Aware": true,
                                              "Relation Name": "movie_companies",
                                              "Alias": "mc",
                                              "Startup Cost": 0.0,
                                              "Total Cost": 27206.55,
                                              "Plan Rows": 841655,
                                              "Plan Width": 12,
                                              "Actual Startup Time": 0.029,
                                              "Actual Total Time": 48.268,
                                              "Actual Rows": 372733,
                                              "Actual Loops": 7
                                            },
                                            {
                                              "Node Type": "Hash",
                                              "Parent Relationship": "Inner",
                                              "Parallel Aware": true,
                                              "Startup Cost": 43898.62,
                                              "Total Cost": 43898.62,
                                              "Plan Rows": 132358,
                                              "Plan Width": 21,
                                              "Actual Startup Time": 142.543,
                                              "Actual Total Time": 142.545,
                                              "Actual Rows": 76196,
                                              "Actual Loops": 7,
                                              "Hash Buckets": 1048576,
                                              "Original Hash Buckets": 1048576,
                                              "Hash Batches": 1,
                                              "Original Hash Batches": 1,
                                              "Peak Memory Usage": 38432,
                                              "Plans": [
                                                {
                                                  "Node Type": "Seq Scan",
                                                  "Parent Relationship": "Outer",
                                                  "Parallel Aware": true,
                                                  "Relation Name": "title",
                                                  "Alias": "t",
                                                  "Startup Cost": 0.0,
                                                  "Total Cost": 43898.62,
                                                  "Plan Rows": 132358,
                                                  "Plan Width": 21,
                                                  "Actual Startup Time": 0.039,
                                                  "Actual Total Time": 87.367,
                                                  "Actual Rows": 76196,
                                                  "Actual Loops": 7,
                                                  "Filter": "(production_year > 2009)",
                                                  "Rows Removed by Filter": 284992
                                                }
                                              ]
                                            }
                                          ]
                                        },
                                        {
                                          "Node Type": "Hash",
                                          "Parent Relationship": "Inner",
                                          "Parallel Aware": true,
                                          "Startup Cost": 4722.92,
                                          "Total Cost": 4722.92,
                                          "Plan Rows": 50137,
                                          "Plan Width": 4,
                                          "Actual Startup Time": 15.481,
                                          "Actual Total Time": 15.483,
                                          "Actual Rows": 12120,
                                          "Actual Loops": 7,
                                          "Hash Buckets": 131072,
                                          "Original Hash Buckets": 131072,
                                          "Hash Batches": 1,
                                          "Original Hash Batches": 1,
                                          "Peak Memory Usage": 4512,
                                          "Plans": [
                                            {
                                              "Node Type": "Seq Scan",
                                              "Parent Relationship": "Outer",
                                              "Parallel Aware": true,
                                              "Relation Name": "company_name",
                                              "Alias": "cn",
                                              "Startup Cost": 0.0,
                                              "Total Cost": 4722.92,
                                              "Plan Rows": 50137,
                                              "Plan Width": 4,
                                              "Actual Startup Time": 0.039,
                                              "Actual Total Time": 10.728,
                                              "Actual Rows": 12120,
                                              "Actual Loops": 7,
                                              "Filter": "((country_code)::text = '[us]'::text)",
                                              "Rows Removed by Filter": 21451
                                            }
                                          ]
                                        }
                                      ]
                                    },
                                    {
                                      "Node Type": "Hash",
                                      "Parent Relationship": "Inner",
                                      "Parallel Aware": false,
                                      "Startup Cost": 1.04,
                                      "Total Cost": 1.04,
                                      "Plan Rows": 4,
                                      "Plan Width": 4,
                                      "Actual Startup Time": 0.057,
                                      "Actual Total Time": 0.061,
                                      "Actual Rows": 4,
                                      "Actual Loops": 7,
                                      "Hash Buckets": 1024,
                                      "Original Hash Buckets": 1024,
                                      "Hash Batches": 1,
                                      "Original Hash Batches": 1,
                                      "Peak Memory Usage": 9,
                                      "Plans": [
                                        {
                                          "Node Type": "Seq Scan",
                                          "Parent Relationship": "Outer",
                                          "Parallel Aware": false,
                                          "Relation Name": "company_type",
                                          "Alias": "ct",
                                          "Startup Cost": 0.0,
                                          "Total Cost": 1.04,
                                          "Plan Rows": 4,
                                          "Plan Width": 4,
                                          "Actual Startup Time": 0.044,
                                          "Actual Total Time": 0.048,
                                          "Actual Rows": 4,
                                          "Actual Loops": 7
                                        }
                                      ]
                                    }
                                  ]
                                }
                              ]
                            }
                          ]
                        },
                        {
                          "Node Type": "Hash",
                          "Parent Relationship": "Inner",
                          "Parallel Aware": true,
                          "Startup Cost": 44325.46,
                          "Total Cost": 44325.46,
                          "Plan Rows": 785546,
                          "Plan Width": 20,
                          "Actual Startup Time": 436.635,
                          "Actual Total Time": 436.636,
                          "Actual Rows": 448620,
                          "Actual Loops": 7,
                          "Hash Buckets": 4194304,
                          "Original Hash Buckets": 4194304,
                          "Hash Batches": 1,
                          "Original Hash Batches": 1,
                          "Peak Memory Usage": 205152,
                          "Plans": [
                            {
                              "Node Type": "Seq Scan",
                              "Parent Relationship": "Outer",
                              "Parallel Aware": true,
                              "Relation Name": "char_name",
                              "Alias": "chn",
                              "Startup Cost": 0.0,
                              "Total Cost": 44325.46,
                              "Plan Rows": 785546,
                              "Plan Width": 20,
                              "Actual Startup Time": 0.078,
                              "Actual Total Time": 119.343,
                              "Actual Rows": 448620,
                              "Actual Loops": 7
                            }
                          ]
                        }
                      ]
                    },
                    {
                      "Node Type": "Hash",
                      "Parent Relationship": "Inner",
                      "Parallel Aware": false,
                      "Startup Cost": 1.12,
                      "Total Cost": 1.12,
                      "Plan Rows": 12,
                      "Plan Width": 4,
                      "Actual Startup Time": 0.099,
                      "Actual Total Time": 0.1,
                      "Actual Rows": 12,
                      "Actual Loops": 7,
                      "Hash Buckets": 1024,
                      "Original Hash Buckets": 1024,
                      "Hash Batches": 1,
                      "Original Hash Batches": 1,
                      "Peak Memory Usage": 9,
                      "Plans": [
                        {
                          "Node Type": "Seq Scan",
                          "Parent Relationship": "Outer",
                          "Parallel Aware": false,
                          "Relation Name": "role_type",
                          "Alias": "rt",
                          "Startup Cost": 0.0,
                          "Total Cost": 1.12,
                          "Plan Rows": 12,
                          "Plan Width": 4,
                          "Actual Startup Time": 0.067,
                          "Actual Total Time": 0.072,
                          "Actual Rows": 12,
                          "Actual Loops": 7
                        }
                      ]
                    }
                  ]
                }
              ]
            }
          ]
        }
      ]
    },
    "Planning Time": 5.494,
    "Triggers": [],
    "Execution Time": 1880.152
  }
]