[
    {
        "Bao": {
            "Bao prediction": 2071.019,
            "Bao recommended hint": "SET enable_nestloop TO off; "
        }
    },
    {
        "Plan": {
            "Node Type": "Aggregate",
            "Strategy": "Plain",
            "Partial Mode": "Simple",
            "Parallel Aware": false,
            "Startup Cost": 559237.66,
            "Total Cost": 559237.67,
            "Plan Rows": 1,
            "Plan Width": 96,
            "Actual Startup Time": 3301.803,
            "Actual Total Time": 3459.585,
            "Actual Rows": 1,
            "Actual Loops": 1,
            "Output": [
                "min(chn.name)",
                "min(mi_idx.info)",
                "min(t.title)"
            ],
            "Plans": [
                {
                    "Node Type": "Hash Join",
                    "Parent Relationship": "Outer",
                    "Parallel Aware": false,
                    "Join Type": "Inner",
                    "Startup Cost": 489298.48,
                    "Total Cost": 559237.65,
                    "Plan Rows": 1,
                    "Plan Width": 38,
                    "Actual Startup Time": 3026.959,
                    "Actual Total Time": 3459.534,
                    "Actual Rows": 38,
                    "Actual Loops": 1,
                    "Output": [
                        "chn.name",
                        "mi_idx.info",
                        "t.title"
                    ],
                    "Inner Unique": true,
                    "Hash Cond": "(t.kind_id = kt.id)",
                    "Plans": [
                        {
                            "Node Type": "Hash Join",
                            "Parent Relationship": "Outer",
                            "Parallel Aware": false,
                            "Join Type": "Inner",
                            "Startup Cost": 489297.38,
                            "Total Cost": 559236.55,
                            "Plan Rows": 1,
                            "Plan Width": 42,
                            "Actual Startup Time": 3026.867,
                            "Actual Total Time": 3459.414,
                            "Actual Rows": 53,
                            "Actual Loops": 1,
                            "Output": [
                                "chn.name",
                                "mi_idx.info",
                                "t.title",
                                "t.kind_id"
                            ],
                            "Inner Unique": false,
                            "Hash Cond": "(t.id = cc.movie_id)",
                            "Plans": [
                                {
                                    "Node Type": "Gather",
                                    "Parent Relationship": "Outer",
                                    "Parallel Aware": false,
                                    "Startup Cost": 486194.96,
                                    "Total Cost": 556134.12,
                                    "Plan Rows": 1,
                                    "Plan Width": 58,
                                    "Actual Startup Time": 2948.67,
                                    "Actual Total Time": 3380.408,
                                    "Actual Rows": 2046,
                                    "Actual Loops": 1,
                                    "Output": [
                                        "chn.name",
                                        "ci.movie_id",
                                        "mi_idx.info",
                                        "mi_idx.movie_id",
                                        "mk.movie_id",
                                        "t.title",
                                        "t.kind_id",
                                        "t.id"
                                    ],
                                    "Workers Planned": 4,
                                    "Workers Launched": 4,
                                    "Single Copy": false,
                                    "Plans": [
                                        {
                                            "Node Type": "Hash Join",
                                            "Parent Relationship": "Outer",
                                            "Parallel Aware": true,
                                            "Join Type": "Inner",
                                            "Startup Cost": 485194.96,
                                            "Total Cost": 555134.02,
                                            "Plan Rows": 1,
                                            "Plan Width": 58,
                                            "Actual Startup Time": 2938.987,
                                            "Actual Total Time": 3208.751,
                                            "Actual Rows": 409,
                                            "Actual Loops": 5,
                                            "Output": [
                                                "chn.name",
                                                "ci.movie_id",
                                                "mi_idx.info",
                                                "mi_idx.movie_id",
                                                "mk.movie_id",
                                                "t.title",
                                                "t.kind_id",
                                                "t.id"
                                            ],
                                            "Inner Unique": false,
                                            "Hash Cond": "(n.id = ci.person_id)",
                                            "Workers": [
                                                {
                                                    "Worker Number": 0,
                                                    "Actual Startup Time": 2936.376,
                                                    "Actual Total Time": 3205.121,
                                                    "Actual Rows": 421,
                                                    "Actual Loops": 1
                                                },
                                                {
                                                    "Worker Number": 1,
                                                    "Actual Startup Time": 2940.502,
                                                    "Actual Total Time": 3210.872,
                                                    "Actual Rows": 456,
                                                    "Actual Loops": 1
                                                },
                                                {
                                                    "Worker Number": 2,
                                                    "Actual Startup Time": 2935.066,
                                                    "Actual Total Time": 3205.672,
                                                    "Actual Rows": 380,
                                                    "Actual Loops": 1
                                                },
                                                {
                                                    "Worker Number": 3,
                                                    "Actual Startup Time": 2935.413,
                                                    "Actual Total Time": 3205.559,
                                                    "Actual Rows": 423,
                                                    "Actual Loops": 1
                                                }
                                            ],
                                            "Plans": [
                                                {
                                                    "Node Type": "Seq Scan",
                                                    "Parent Relationship": "Outer",
                                                    "Parallel Aware": true,
                                                    "Relation Name": "name",
                                                    "Schema": "public",
                                                    "Alias": "n",
                                                    "Startup Cost": 0.0,
                                                    "Total Cost": 66031.94,
                                                    "Plan Rows": 1041894,
                                                    "Plan Width": 4,
                                                    "Actual Startup Time": 0.037,
                                                    "Actual Total Time": 154.679,
                                                    "Actual Rows": 833498,
                                                    "Actual Loops": 5,
                                                    "Output": [
                                                        "n.id",
                                                        "n.name",
                                                        "n.imdb_index",
                                                        "n.imdb_id",
                                                        "n.gender",
                                                        "n.name_pcode_cf",
                                                        "n.name_pcode_nf",
                                                        "n.surname_pcode",
                                                        "n.md5sum"
                                                    ],
                                                    "Workers": [
                                                        {
                                                            "Worker Number": 0,
                                                            "Actual Startup Time": 0.048,
                                                            "Actual Total Time": 154.694,
                                                            "Actual Rows": 828979,
                                                            "Actual Loops": 1
                                                        },
                                                        {
                                                            "Worker Number": 1,
                                                            "Actual Startup Time": 0.038,
                                                            "Actual Total Time": 153.987,
                                                            "Actual Rows": 846617,
                                                            "Actual Loops": 1
                                                        },
                                                        {
                                                            "Worker Number": 2,
                                                            "Actual Startup Time": 0.037,
                                                            "Actual Total Time": 153.905,
                                                            "Actual Rows": 848412,
                                                            "Actual Loops": 1
                                                        },
                                                        {
                                                            "Worker Number": 3,
                                                            "Actual Startup Time": 0.038,
                                                            "Actual Total Time": 156.274,
                                                            "Actual Rows": 827505,
                                                            "Actual Loops": 1
                                                        }
                                                    ]
                                                },
                                                {
                                                    "Node Type": "Hash",
                                                    "Parent Relationship": "Inner",
                                                    "Parallel Aware": true,
                                                    "Startup Cost": 485194.95,
                                                    "Total Cost": 485194.95,
                                                    "Plan Rows": 1,
                                                    "Plan Width": 62,
                                                    "Actual Startup Time": 2937.247,
                                                    "Actual Total Time": 2937.268,
                                                    "Actual Rows": 409,
                                                    "Actual Loops": 5,
                                                    "Output": [
                                                        "chn.name",
                                                        "ci.movie_id",
                                                        "ci.person_id",
                                                        "mi_idx.info",
                                                        "mi_idx.movie_id",
                                                        "mk.movie_id",
                                                        "t.title",
                                                        "t.kind_id",
                                                        "t.id"
                                                    ],
                                                    "Hash Buckets": 2048,
                                                    "Original Hash Buckets": 1024,
                                                    "Hash Batches": 1,
                                                    "Original Hash Batches": 1,
                                                    "Peak Memory Usage": 312,
                                                    "Workers": [
                                                        {
                                                            "Worker Number": 0,
                                                            "Actual Startup Time": 2933.254,
                                                            "Actual Total Time": 2933.277,
                                                            "Actual Rows": 354,
                                                            "Actual Loops": 1
                                                        },
                                                        {
                                                            "Worker Number": 1,
                                                            "Actual Startup Time": 2939.42,
                                                            "Actual Total Time": 2939.44,
                                                            "Actual Rows": 326,
                                                            "Actual Loops": 1
                                                        },
                                                        {
                                                            "Worker Number": 2,
                                                            "Actual Startup Time": 2933.792,
                                                            "Actual Total Time": 2933.808,
                                                            "Actual Rows": 383,
                                                            "Actual Loops": 1
                                                        },
                                                        {
                                                            "Worker Number": 3,
                                                            "Actual Startup Time": 2933.745,
                                                            "Actual Total Time": 2933.769,
                                                            "Actual Rows": 424,
                                                            "Actual Loops": 1
                                                        }
                                                    ],
                                                    "Plans": [
                                                        {
                                                            "Node Type": "Hash Join",
                                                            "Parent Relationship": "Outer",
                                                            "Parallel Aware": true,
                                                            "Join Type": "Inner",
                                                            "Startup Cost": 440931.58,
                                                            "Total Cost": 485194.95,
                                                            "Plan Rows": 1,
                                                            "Plan Width": 62,
                                                            "Actual Startup Time": 2808.819,
                                                            "Actual Total Time": 2934.896,
                                                            "Actual Rows": 409,
                                                            "Actual Loops": 5,
                                                            "Output": [
                                                                "chn.name",
                                                                "ci.movie_id",
                                                                "ci.person_id",
                                                                "mi_idx.info",
                                                                "mi_idx.movie_id",
                                                                "mk.movie_id",
                                                                "t.title",
                                                                "t.kind_id",
                                                                "t.id"
                                                            ],
                                                            "Inner Unique": false,
                                                            "Hash Cond": "(t.id = mk.movie_id)",
                                                            "Workers": [
                                                                {
                                                                    "Worker Number": 0,
                                                                    "Actual Startup Time": 2803.993,
                                                                    "Actual Total Time": 2925.391,
                                                                    "Actual Rows": 354,
                                                                    "Actual Loops": 1
                                                                },
                                                                {
                                                                    "Worker Number": 1,
                                                                    "Actual Startup Time": 2812.727,
                                                                    "Actual Total Time": 2938.705,
                                                                    "Actual Rows": 326,
                                                                    "Actual Loops": 1
                                                                },
                                                                {
                                                                    "Worker Number": 2,
                                                                    "Actual Startup Time": 2806.071,
                                                                    "Actual Total Time": 2932.245,
                                                                    "Actual Rows": 383,
                                                                    "Actual Loops": 1
                                                                },
                                                                {
                                                                    "Worker Number": 3,
                                                                    "Actual Startup Time": 2805.177,
                                                                    "Actual Total Time": 2932.938,
                                                                    "Actual Rows": 424,
                                                                    "Actual Loops": 1
                                                                }
                                                            ],
                                                            "Plans": [
                                                                {
                                                                    "Node Type": "Seq Scan",
                                                                    "Parent Relationship": "Outer",
                                                                    "Parallel Aware": true,
                                                                    "Relation Name": "title",
                                                                    "Schema": "public",
                                                                    "Alias": "t",
                                                                    "Startup Cost": 0.0,
                                                                    "Total Cost": 43899.32,
                                                                    "Plan Rows": 97078,
                                                                    "Plan Width": 25,
                                                                    "Actual Startup Time": 0.037,
                                                                    "Actual Total Time": 109.503,
                                                                    "Actual Rows": 78333,
                                                                    "Actual Loops": 5,
                                                                    "Output": [
                                                                        "t.id",
                                                                        "t.title",
                                                                        "t.imdb_index",
                                                                        "t.kind_id",
                                                                        "t.production_year",
                                                                        "t.imdb_id",
                                                                        "t.phonetic_code",
                                                                        "t.episode_of_id",
                                                                        "t.season_nr",
                                                                        "t.episode_nr",
                                                                        "t.series_years",
                                                                        "t.md5sum"
                                                                    ],
                                                                    "Filter": "(t.production_year > 2010)",
                                                                    "Rows Removed by Filter": 427329,
                                                                    "Workers": [
                                                                        {
                                                                            "Worker Number": 0,
                                                                            "Actual Startup Time": 0.045,
                                                                            "Actual Total Time": 104.581,
                                                                            "Actual Rows": 75089,
                                                                            "Actual Loops": 1
                                                                        },
                                                                        {
                                                                            "Worker Number": 1,
                                                                            "Actual Startup Time": 0.042,
                                                                            "Actual Total Time": 110.765,
                                                                            "Actual Rows": 81270,
                                                                            "Actual Loops": 1
                                                                        },
                                                                        {
                                                                            "Worker Number": 2,
                                                                            "Actual Startup Time": 0.042,
                                                                            "Actual Total Time": 110.299,
                                                                            "Actual Rows": 81019,
                                                                            "Actual Loops": 1
                                                                        },
                                                                        {
                                                                            "Worker Number": 3,
                                                                            "Actual Startup Time": 0.039,
                                                                            "Actual Total Time": 111.022,
                                                                            "Actual Rows": 77104,
                                                                            "Actual Loops": 1
                                                                        }
                                                                    ]
                                                                },
                                                                {
                                                                    "Node Type": "Hash",
                                                                    "Parent Relationship": "Inner",
                                                                    "Parallel Aware": true,
                                                                    "Startup Cost": 440931.57,
                                                                    "Total Cost": 440931.57,
                                                                    "Plan Rows": 1,
                                                                    "Plan Width": 37,
                                                                    "Actual Startup Time": 2806.415,
                                                                    "Actual Total Time": 2806.433,
                                                                    "Actual Rows": 7471,
                                                                    "Actual Loops": 5,
                                                                    "Output": [
                                                                        "chn.name",
                                                                        "ci.movie_id",
                                                                        "ci.person_id",
                                                                        "mi_idx.info",
                                                                        "mi_idx.movie_id",
                                                                        "mk.movie_id"
                                                                    ],
                                                                    "Hash Buckets": 65536,
                                                                    "Original Hash Buckets": 1024,
                                                                    "Hash Batches": 1,
                                                                    "Original Hash Batches": 1,
                                                                    "Peak Memory Usage": 3768,
                                                                    "Workers": [
                                                                        {
                                                                            "Worker Number": 0,
                                                                            "Actual Startup Time": 2802.363,
                                                                            "Actual Total Time": 2802.382,
                                                                            "Actual Rows": 6943,
                                                                            "Actual Loops": 1
                                                                        },
                                                                        {
                                                                            "Worker Number": 1,
                                                                            "Actual Startup Time": 2808.617,
                                                                            "Actual Total Time": 2808.635,
                                                                            "Actual Rows": 7842,
                                                                            "Actual Loops": 1
                                                                        },
                                                                        {
                                                                            "Worker Number": 2,
                                                                            "Actual Startup Time": 2803.027,
                                                                            "Actual Total Time": 2803.041,
                                                                            "Actual Rows": 7771,
                                                                            "Actual Loops": 1
                                                                        },
                                                                        {
                                                                            "Worker Number": 3,
                                                                            "Actual Startup Time": 2802.878,
                                                                            "Actual Total Time": 2802.898,
                                                                            "Actual Rows": 7502,
                                                                            "Actual Loops": 1
                                                                        }
                                                                    ],
                                                                    "Plans": [
                                                                        {
                                                                            "Node Type": "Hash Join",
                                                                            "Parent Relationship": "Outer",
                                                                            "Parallel Aware": true,
                                                                            "Join Type": "Inner",
                                                                            "Startup Cost": 110834.47,
                                                                            "Total Cost": 440931.57,
                                                                            "Plan Rows": 1,
                                                                            "Plan Width": 37,
                                                                            "Actual Startup Time": 650.476,
                                                                            "Actual Total Time": 2595.764,
                                                                            "Actual Rows": 7471,
                                                                            "Actual Loops": 5,
                                                                            "Output": [
                                                                                "chn.name",
                                                                                "ci.movie_id",
                                                                                "ci.person_id",
                                                                                "mi_idx.info",
                                                                                "mi_idx.movie_id",
                                                                                "mk.movie_id"
                                                                            ],
                                                                            "Inner Unique": false,
                                                                            "Hash Cond": "(ci.movie_id = mk.movie_id)",
                                                                            "Workers": [
                                                                                {
                                                                                    "Worker Number": 0,
                                                                                    "Actual Startup Time": 645.859,
                                                                                    "Actual Total Time": 2533.896,
                                                                                    "Actual Rows": 6943,
                                                                                    "Actual Loops": 1
                                                                                },
                                                                                {
                                                                                    "Worker Number": 1,
                                                                                    "Actual Startup Time": 652.731,
                                                                                    "Actual Total Time": 2616.718,
                                                                                    "Actual Rows": 7842,
                                                                                    "Actual Loops": 1
                                                                                },
                                                                                {
                                                                                    "Worker Number": 2,
                                                                                    "Actual Startup Time": 646.958,
                                                                                    "Actual Total Time": 2638.571,
                                                                                    "Actual Rows": 7771,
                                                                                    "Actual Loops": 1
                                                                                },
                                                                                {
                                                                                    "Worker Number": 3,
                                                                                    "Actual Startup Time": 648.426,
                                                                                    "Actual Total Time": 2567.703,
                                                                                    "Actual Rows": 7502,
                                                                                    "Actual Loops": 1
                                                                                }
                                                                            ],
                                                                            "Plans": [
                                                                                {
                                                                                    "Node Type": "Hash Join",
                                                                                    "Parent Relationship": "Outer",
                                                                                    "Parallel Aware": true,
                                                                                    "Join Type": "Inner",
                                                                                    "Startup Cost": 48714.22,
                                                                                    "Total Cost": 377680.87,
                                                                                    "Plan Rows": 301451,
                                                                                    "Plan Width": 24,
                                                                                    "Actual Startup Time": 231.933,
                                                                                    "Actual Total Time": 2143.865,
                                                                                    "Actual Rows": 124717,
                                                                                    "Actual Loops": 5,
                                                                                    "Output": [
                                                                                        "chn.name",
                                                                                        "ci.movie_id",
                                                                                        "ci.person_id"
                                                                                    ],
                                                                                    "Inner Unique": true,
                                                                                    "Hash Cond": "(ci.person_role_id = chn.id)",
                                                                                    "Workers": [
                                                                                        {
                                                                                            "Worker Number": 0,
                                                                                            "Actual Startup Time": 232.098,
                                                                                            "Actual Total Time": 2087.232,
                                                                                            "Actual Rows": 116980,
                                                                                            "Actual Loops": 1
                                                                                        },
                                                                                        {
                                                                                            "Worker Number": 1,
                                                                                            "Actual Startup Time": 231.873,
                                                                                            "Actual Total Time": 2161.531,
                                                                                            "Actual Rows": 130706,
                                                                                            "Actual Loops": 1
                                                                                        },
                                                                                        {
                                                                                            "Worker Number": 2,
                                                                                            "Actual Startup Time": 231.896,
                                                                                            "Actual Total Time": 2189.29,
                                                                                            "Actual Rows": 131760,
                                                                                            "Actual Loops": 1
                                                                                        },
                                                                                        {
                                                                                            "Worker Number": 3,
                                                                                            "Actual Startup Time": 231.892,
                                                                                            "Actual Total Time": 2119.593,
                                                                                            "Actual Rows": 119791,
                                                                                            "Actual Loops": 1
                                                                                        }
                                                                                    ],
                                                                                    "Plans": [
                                                                                        {
                                                                                            "Node Type": "Seq Scan",
                                                                                            "Parent Relationship": "Outer",
                                                                                            "Parallel Aware": true,
                                                                                            "Relation Name": "cast_info",
                                                                                            "Schema": "public",
                                                                                            "Alias": "ci",
                                                                                            "Startup Cost": 0.0,
                                                                                            "Total Cost": 313106.51,
                                                                                            "Plan Rows": 6041951,
                                                                                            "Plan Width": 12,
                                                                                            "Actual Startup Time": 0.012,
                                                                                            "Actual Total Time": 967.94,
                                                                                            "Actual Rows": 7248869,
                                                                                            "Actual Loops": 5,
                                                                                            "Output": [
                                                                                                "ci.id",
                                                                                                "ci.person_id",
                                                                                                "ci.movie_id",
                                                                                                "ci.person_role_id",
                                                                                                "ci.note",
                                                                                                "ci.nr_order",
                                                                                                "ci.role_id"
                                                                                            ],
                                                                                            "Workers": [
                                                                                                {
                                                                                                    "Worker Number": 0,
                                                                                                    "Actual Startup Time": 0.011,
                                                                                                    "Actual Total Time": 935.037,
                                                                                                    "Actual Rows": 6910123,
                                                                                                    "Actual Loops": 1
                                                                                                },
                                                                                                {
                                                                                                    "Worker Number": 1,
                                                                                                    "Actual Startup Time": 0.009,
                                                                                                    "Actual Total Time": 969.564,
                                                                                                    "Actual Rows": 7445492,
                                                                                                    "Actual Loops": 1
                                                                                                },
                                                                                                {
                                                                                                    "Worker Number": 2,
                                                                                                    "Actual Startup Time": 0.01,
                                                                                                    "Actual Total Time": 982.977,
                                                                                                    "Actual Rows": 7655266,
                                                                                                    "Actual Loops": 1
                                                                                                },
                                                                                                {
                                                                                                    "Worker Number": 3,
                                                                                                    "Actual Startup Time": 0.01,
                                                                                                    "Actual Total Time": 967.615,
                                                                                                    "Actual Rows": 7104483,
                                                                                                    "Actual Loops": 1
                                                                                                }
                                                                                            ]
                                                                                        },
                                                                                        {
                                                                                            "Node Type": "Hash",
                                                                                            "Parent Relationship": "Inner",
                                                                                            "Parallel Aware": true,
                                                                                            "Startup Cost": 48224.58,
                                                                                            "Total Cost": 48224.58,
                                                                                            "Plan Rows": 39171,
                                                                                            "Plan Width": 20,
                                                                                            "Actual Startup Time": 231.236,
                                                                                            "Actual Total Time": 231.238,
                                                                                            "Actual Rows": 36030,
                                                                                            "Actual Loops": 5,
                                                                                            "Output": [
                                                                                                "chn.name",
                                                                                                "chn.id"
                                                                                            ],
                                                                                            "Hash Buckets": 262144,
                                                                                            "Original Hash Buckets": 262144,
                                                                                            "Hash Batches": 1,
                                                                                            "Original Hash Batches": 1,
                                                                                            "Peak Memory Usage": 12448,
                                                                                            "Workers": [
                                                                                                {
                                                                                                    "Worker Number": 0,
                                                                                                    "Actual Startup Time": 231.701,
                                                                                                    "Actual Total Time": 231.703,
                                                                                                    "Actual Rows": 35524,
                                                                                                    "Actual Loops": 1
                                                                                                },
                                                                                                {
                                                                                                    "Worker Number": 1,
                                                                                                    "Actual Startup Time": 231.733,
                                                                                                    "Actual Total Time": 231.735,
                                                                                                    "Actual Rows": 36017,
                                                                                                    "Actual Loops": 1
                                                                                                },
                                                                                                {
                                                                                                    "Worker Number": 2,
                                                                                                    "Actual Startup Time": 231.705,
                                                                                                    "Actual Total Time": 231.707,
                                                                                                    "Actual Rows": 37165,
                                                                                                    "Actual Loops": 1
                                                                                                },
                                                                                                {
                                                                                                    "Worker Number": 3,
                                                                                                    "Actual Startup Time": 229.326,
                                                                                                    "Actual Total Time": 229.328,
                                                                                                    "Actual Rows": 36060,
                                                                                                    "Actual Loops": 1
                                                                                                }
                                                                                            ],
                                                                                            "Plans": [
                                                                                                {
                                                                                                    "Node Type": "Seq Scan",
                                                                                                    "Parent Relationship": "Outer",
                                                                                                    "Parallel Aware": true,
                                                                                                    "Relation Name": "char_name",
                                                                                                    "Schema": "public",
                                                                                                    "Alias": "chn",
                                                                                                    "Startup Cost": 0.0,
                                                                                                    "Total Cost": 48224.58,
                                                                                                    "Plan Rows": 39171,
                                                                                                    "Plan Width": 20,
                                                                                                    "Actual Startup Time": 0.041,
                                                                                                    "Actual Total Time": 204.253,
                                                                                                    "Actual Rows": 36030,
                                                                                                    "Actual Loops": 5,
                                                                                                    "Output": [
                                                                                                        "chn.name",
                                                                                                        "chn.id"
                                                                                                    ],
                                                                                                    "Filter": "((chn.name IS NOT NULL) AND ((chn.name ~~ '%man%'::text) OR (chn.name ~~ '%Man%'::text)))",
                                                                                                    "Rows Removed by Filter": 592037,
                                                                                                    "Workers": [
                                                                                                        {
                                                                                                            "Worker Number": 0,
                                                                                                            "Actual Startup Time": 0.048,
                                                                                                            "Actual Total Time": 202.093,
                                                                                                            "Actual Rows": 35524,
                                                                                                            "Actual Loops": 1
                                                                                                        },
                                                                                                        {
                                                                                                            "Worker Number": 1,
                                                                                                            "Actual Startup Time": 0.041,
                                                                                                            "Actual Total Time": 204.21,
                                                                                                            "Actual Rows": 36017,
                                                                                                            "Actual Loops": 1
                                                                                                        },
                                                                                                        {
                                                                                                            "Worker Number": 2,
                                                                                                            "Actual Startup Time": 0.045,
                                                                                                            "Actual Total Time": 205.458,
                                                                                                            "Actual Rows": 37165,
                                                                                                            "Actual Loops": 1
                                                                                                        },
                                                                                                        {
                                                                                                            "Worker Number": 3,
                                                                                                            "Actual Startup Time": 0.043,
                                                                                                            "Actual Total Time": 205.094,
                                                                                                            "Actual Rows": 36060,
                                                                                                            "Actual Loops": 1
                                                                                                        }
                                                                                                    ]
                                                                                                }
                                                                                            ]
                                                                                        }
                                                                                    ]
                                                                                },
                                                                                {
                                                                                    "Node Type": "Hash",
                                                                                    "Parent Relationship": "Inner",
                                                                                    "Parallel Aware": true,
                                                                                    "Startup Cost": 62120.2,
                                                                                    "Total Cost": 62120.2,
                                                                                    "Plan Rows": 4,
                                                                                    "Plan Width": 13,
                                                                                    "Actual Startup Time": 417.641,
                                                                                    "Actual Total Time": 417.651,
                                                                                    "Actual Rows": 4121,
                                                                                    "Actual Loops": 5,
                                                                                    "Output": [
                                                                                        "mi_idx.info",
                                                                                        "mi_idx.movie_id",
                                                                                        "mk.movie_id"
                                                                                    ],
                                                                                    "Hash Buckets": 32768,
                                                                                    "Original Hash Buckets": 1024,
                                                                                    "Hash Batches": 1,
                                                                                    "Original Hash Batches": 1,
                                                                                    "Peak Memory Usage": 1592,
                                                                                    "Workers": [
                                                                                        {
                                                                                            "Worker Number": 0,
                                                                                            "Actual Startup Time": 413.684,
                                                                                            "Actual Total Time": 413.697,
                                                                                            "Actual Rows": 5535,
                                                                                            "Actual Loops": 1
                                                                                        },
                                                                                        {
                                                                                            "Worker Number": 1,
                                                                                            "Actual Startup Time": 419.816,
                                                                                            "Actual Total Time": 419.825,
                                                                                            "Actual Rows": 2879,
                                                                                            "Actual Loops": 1
                                                                                        },
                                                                                        {
                                                                                            "Worker Number": 2,
                                                                                            "Actual Startup Time": 414.247,
                                                                                            "Actual Total Time": 414.255,
                                                                                            "Actual Rows": 4934,
                                                                                            "Actual Loops": 1
                                                                                        },
                                                                                        {
                                                                                            "Worker Number": 3,
                                                                                            "Actual Startup Time": 414.068,
                                                                                            "Actual Total Time": 414.08,
                                                                                            "Actual Rows": 3601,
                                                                                            "Actual Loops": 1
                                                                                        }
                                                                                    ],
                                                                                    "Plans": [
                                                                                        {
                                                                                            "Node Type": "Hash Join",
                                                                                            "Parent Relationship": "Outer",
                                                                                            "Parallel Aware": true,
                                                                                            "Join Type": "Inner",
                                                                                            "Startup Cost": 46849.93,
                                                                                            "Total Cost": 62120.2,
                                                                                            "Plan Rows": 4,
                                                                                            "Plan Width": 13,
                                                                                            "Actual Startup Time": 289.489,
                                                                                            "Actual Total Time": 384.052,
                                                                                            "Actual Rows": 4121,
                                                                                            "Actual Loops": 5,
                                                                                            "Output": [
                                                                                                "mi_idx.info",
                                                                                                "mi_idx.movie_id",
                                                                                                "mk.movie_id"
                                                                                            ],
                                                                                            "Inner Unique": false,
                                                                                            "Hash Cond": "(mi_idx.movie_id = mk.movie_id)",
                                                                                            "Workers": [
                                                                                                {
                                                                                                    "Worker Number": 0,
                                                                                                    "Actual Startup Time": 285.466,
                                                                                                    "Actual Total Time": 396.034,
                                                                                                    "Actual Rows": 5535,
                                                                                                    "Actual Loops": 1
                                                                                                },
                                                                                                {
                                                                                                    "Worker Number": 1,
                                                                                                    "Actual Startup Time": 291.522,
                                                                                                    "Actual Total Time": 373.766,
                                                                                                    "Actual Rows": 2879,
                                                                                                    "Actual Loops": 1
                                                                                                },
                                                                                                {
                                                                                                    "Worker Number": 2,
                                                                                                    "Actual Startup Time": 286.184,
                                                                                                    "Actual Total Time": 388.317,
                                                                                                    "Actual Rows": 4934,
                                                                                                    "Actual Loops": 1
                                                                                                },
                                                                                                {
                                                                                                    "Worker Number": 3,
                                                                                                    "Actual Startup Time": 285.729,
                                                                                                    "Actual Total Time": 373.191,
                                                                                                    "Actual Rows": 3601,
                                                                                                    "Actual Loops": 1
                                                                                                }
                                                                                            ],
                                                                                            "Plans": [
                                                                                                {
                                                                                                    "Node Type": "Hash Join",
                                                                                                    "Parent Relationship": "Outer",
                                                                                                    "Parallel Aware": false,
                                                                                                    "Join Type": "Inner",
                                                                                                    "Startup Cost": 2.43,
                                                                                                    "Total Cost": 15253.6,
                                                                                                    "Plan Rows": 5089,
                                                                                                    "Plan Width": 9,
                                                                                                    "Actual Startup Time": 0.146,
                                                                                                    "Actual Total Time": 77.943,
                                                                                                    "Actual Rows": 91985,
                                                                                                    "Actual Loops": 5,
                                                                                                    "Output": [
                                                                                                        "mi_idx.info",
                                                                                                        "mi_idx.movie_id"
                                                                                                    ],
                                                                                                    "Inner Unique": true,
                                                                                                    "Hash Cond": "(mi_idx.info_type_id = it2.id)",
                                                                                                    "Workers": [
                                                                                                        {
                                                                                                            "Worker Number": 0,
                                                                                                            "Actual Startup Time": 0.171,
                                                                                                            "Actual Total Time": 91.115,
                                                                                                            "Actual Rows": 110548,
                                                                                                            "Actual Loops": 1
                                                                                                        },
                                                                                                        {
                                                                                                            "Worker Number": 1,
                                                                                                            "Actual Startup Time": 0.15,
                                                                                                            "Actual Total Time": 67.772,
                                                                                                            "Actual Rows": 73293,
                                                                                                            "Actual Loops": 1
                                                                                                        },
                                                                                                        {
                                                                                                            "Worker Number": 2,
                                                                                                            "Actual Startup Time": 0.161,
                                                                                                            "Actual Total Time": 84.352,
                                                                                                            "Actual Rows": 104005,
                                                                                                            "Actual Loops": 1
                                                                                                        },
                                                                                                        {
                                                                                                            "Worker Number": 3,
                                                                                                            "Actual Startup Time": 0.142,
                                                                                                            "Actual Total Time": 71.908,
                                                                                                            "Actual Rows": 85866,
                                                                                                            "Actual Loops": 1
                                                                                                        }
                                                                                                    ],
                                                                                                    "Plans": [
                                                                                                        {
                                                                                                            "Node Type": "Seq Scan",
                                                                                                            "Parent Relationship": "Outer",
                                                                                                            "Parallel Aware": true,
                                                                                                            "Relation Name": "movie_info_idx",
                                                                                                            "Schema": "public",
                                                                                                            "Alias": "mi_idx",
                                                                                                            "Startup Cost": 0.0,
                                                                                                            "Total Cost": 13685.15,
                                                                                                            "Plan Rows": 575015,
                                                                                                            "Plan Width": 13,
                                                                                                            "Actual Startup Time": 0.032,
                                                                                                            "Actual Total Time": 34.861,
                                                                                                            "Actual Rows": 276007,
                                                                                                            "Actual Loops": 5,
                                                                                                            "Output": [
                                                                                                                "mi_idx.id",
                                                                                                                "mi_idx.movie_id",
                                                                                                                "mi_idx.info_type_id",
                                                                                                                "mi_idx.info",
                                                                                                                "mi_idx.note"
                                                                                                            ],
                                                                                                            "Workers": [
                                                                                                                {
                                                                                                                    "Worker Number": 0,
                                                                                                                    "Actual Startup Time": 0.047,
                                                                                                                    "Actual Total Time": 39.585,
                                                                                                                    "Actual Rows": 331670,
                                                                                                                    "Actual Loops": 1
                                                                                                                },
                                                                                                                {
                                                                                                                    "Worker Number": 1,
                                                                                                                    "Actual Startup Time": 0.027,
                                                                                                                    "Actual Total Time": 30.272,
                                                                                                                    "Actual Rows": 220038,
                                                                                                                    "Actual Loops": 1
                                                                                                                },
                                                                                                                {
                                                                                                                    "Worker Number": 2,
                                                                                                                    "Actual Startup Time": 0.04,
                                                                                                                    "Actual Total Time": 37.435,
                                                                                                                    "Actual Rows": 312125,
                                                                                                                    "Actual Loops": 1
                                                                                                                },
                                                                                                                {
                                                                                                                    "Worker Number": 3,
                                                                                                                    "Actual Startup Time": 0.033,
                                                                                                                    "Actual Total Time": 32.957,
                                                                                                                    "Actual Rows": 257577,
                                                                                                                    "Actual Loops": 1
                                                                                                                }
                                                                                                            ]
                                                                                                        },
                                                                                                        {
                                                                                                            "Node Type": "Hash",
                                                                                                            "Parent Relationship": "Inner",
                                                                                                            "Parallel Aware": false,
                                                                                                            "Startup Cost": 2.41,
                                                                                                            "Total Cost": 2.41,
                                                                                                            "Plan Rows": 1,
                                                                                                            "Plan Width": 4,
                                                                                                            "Actual Startup Time": 0.065,
                                                                                                            "Actual Total Time": 0.066,
                                                                                                            "Actual Rows": 1,
                                                                                                            "Actual Loops": 5,
                                                                                                            "Output": [
                                                                                                                "it2.id"
                                                                                                            ],
                                                                                                            "Hash Buckets": 1024,
                                                                                                            "Original Hash Buckets": 1024,
                                                                                                            "Hash Batches": 1,
                                                                                                            "Original Hash Batches": 1,
                                                                                                            "Peak Memory Usage": 9,
                                                                                                            "Workers": [
                                                                                                                {
                                                                                                                    "Worker Number": 0,
                                                                                                                    "Actual Startup Time": 0.072,
                                                                                                                    "Actual Total Time": 0.073,
                                                                                                                    "Actual Rows": 1,
                                                                                                                    "Actual Loops": 1
                                                                                                                },
                                                                                                                {
                                                                                                                    "Worker Number": 1,
                                                                                                                    "Actual Startup Time": 0.073,
                                                                                                                    "Actual Total Time": 0.075,
                                                                                                                    "Actual Rows": 1,
                                                                                                                    "Actual Loops": 1
                                                                                                                },
                                                                                                                {
                                                                                                                    "Worker Number": 2,
                                                                                                                    "Actual Startup Time": 0.071,
                                                                                                                    "Actual Total Time": 0.073,
                                                                                                                    "Actual Rows": 1,
                                                                                                                    "Actual Loops": 1
                                                                                                                },
                                                                                                                {
                                                                                                                    "Worker Number": 3,
                                                                                                                    "Actual Startup Time": 0.061,
                                                                                                                    "Actual Total Time": 0.062,
                                                                                                                    "Actual Rows": 1,
                                                                                                                    "Actual Loops": 1
                                                                                                                }
                                                                                                            ],
                                                                                                            "Plans": [
                                                                                                                {
                                                                                                                    "Node Type": "Seq Scan",
                                                                                                                    "Parent Relationship": "Outer",
                                                                                                                    "Parallel Aware": false,
                                                                                                                    "Relation Name": "info_type",
                                                                                                                    "Schema": "public",
                                                                                                                    "Alias": "it2",
                                                                                                                    "Startup Cost": 0.0,
                                                                                                                    "Total Cost": 2.41,
                                                                                                                    "Plan Rows": 1,
                                                                                                                    "Plan Width": 4,
                                                                                                                    "Actual Startup Time": 0.052,
                                                                                                                    "Actual Total Time": 0.054,
                                                                                                                    "Actual Rows": 1,
                                                                                                                    "Actual Loops": 5,
                                                                                                                    "Output": [
                                                                                                                        "it2.id"
                                                                                                                    ],
                                                                                                                    "Filter": "((it2.info)::text = 'rating'::text)",
                                                                                                                    "Rows Removed by Filter": 112,
                                                                                                                    "Workers": [
                                                                                                                        {
                                                                                                                            "Worker Number": 0,
                                                                                                                            "Actual Startup Time": 0.058,
                                                                                                                            "Actual Total Time": 0.061,
                                                                                                                            "Actual Rows": 1,
                                                                                                                            "Actual Loops": 1
                                                                                                                        },
                                                                                                                        {
                                                                                                                            "Worker Number": 1,
                                                                                                                            "Actual Startup Time": 0.061,
                                                                                                                            "Actual Total Time": 0.064,
                                                                                                                            "Actual Rows": 1,
                                                                                                                            "Actual Loops": 1
                                                                                                                        },
                                                                                                                        {
                                                                                                                            "Worker Number": 2,
                                                                                                                            "Actual Startup Time": 0.059,
                                                                                                                            "Actual Total Time": 0.062,
                                                                                                                            "Actual Rows": 1,
                                                                                                                            "Actual Loops": 1
                                                                                                                        },
                                                                                                                        {
                                                                                                                            "Worker Number": 3,
                                                                                                                            "Actual Startup Time": 0.05,
                                                                                                                            "Actual Total Time": 0.052,
                                                                                                                            "Actual Rows": 1,
                                                                                                                            "Actual Loops": 1
                                                                                                                        }
                                                                                                                    ]
                                                                                                                }
                                                                                                            ]
                                                                                                        }
                                                                                                    ]
                                                                                                },
                                                                                                {
                                                                                                    "Node Type": "Hash",
                                                                                                    "Parent Relationship": "Inner",
                                                                                                    "Parallel Aware": true,
                                                                                                    "Startup Cost": 46846.14,
                                                                                                    "Total Cost": 46846.14,
                                                                                                    "Plan Rows": 109,
                                                                                                    "Plan Width": 4,
                                                                                                    "Actual Startup Time": 288.953,
                                                                                                    "Actual Total Time": 288.957,
                                                                                                    "Actual Rows": 5115,
                                                                                                    "Actual Loops": 5,
                                                                                                    "Output": [
                                                                                                        "mk.movie_id"
                                                                                                    ],
                                                                                                    "Hash Buckets": 32768,
                                                                                                    "Original Hash Buckets": 1024,
                                                                                                    "Hash Batches": 1,
                                                                                                    "Original Hash Batches": 1,
                                                                                                    "Peak Memory Usage": 1624,
                                                                                                    "Workers": [
                                                                                                        {
                                                                                                            "Worker Number": 0,
                                                                                                            "Actual Startup Time": 284.981,
                                                                                                            "Actual Total Time": 284.988,
                                                                                                            "Actual Rows": 5094,
                                                                                                            "Actual Loops": 1
                                                                                                        },
                                                                                                        {
                                                                                                            "Worker Number": 1,
                                                                                                            "Actual Startup Time": 291.125,
                                                                                                            "Actual Total Time": 291.127,
                                                                                                            "Actual Rows": 5135,
                                                                                                            "Actual Loops": 1
                                                                                                        },
                                                                                                        {
                                                                                                            "Worker Number": 2,
                                                                                                            "Actual Startup Time": 285.555,
                                                                                                            "Actual Total Time": 285.558,
                                                                                                            "Actual Rows": 5208,
                                                                                                            "Actual Loops": 1
                                                                                                        },
                                                                                                        {
                                                                                                            "Worker Number": 3,
                                                                                                            "Actual Startup Time": 285.401,
                                                                                                            "Actual Total Time": 285.405,
                                                                                                            "Actual Rows": 5106,
                                                                                                            "Actual Loops": 1
                                                                                                        }
                                                                                                    ],
                                                                                                    "Plans": [
                                                                                                        {
                                                                                                            "Node Type": "Hash Join",
                                                                                                            "Parent Relationship": "Outer",
                                                                                                            "Parallel Aware": false,
                                                                                                            "Join Type": "Inner",
                                                                                                            "Startup Cost": 3967.95,
                                                                                                            "Total Cost": 46846.14,
                                                                                                            "Plan Rows": 109,
                                                                                                            "Plan Width": 4,
                                                                                                            "Actual Startup Time": 47.99,
                                                                                                            "Actual Total Time": 248.654,
                                                                                                            "Actual Rows": 5115,
                                                                                                            "Actual Loops": 5,
                                                                                                            "Output": [
                                                                                                                "mk.movie_id"
                                                                                                            ],
                                                                                                            "Inner Unique": true,
                                                                                                            "Hash Cond": "(mk.keyword_id = k.id)",
                                                                                                            "Workers": [
                                                                                                                {
                                                                                                                    "Worker Number": 0,
                                                                                                                    "Actual Startup Time": 51.281,
                                                                                                                    "Actual Total Time": 246.395,
                                                                                                                    "Actual Rows": 5094,
                                                                                                                    "Actual Loops": 1
                                                                                                                },
                                                                                                                {
                                                                                                                    "Worker Number": 1,
                                                                                                                    "Actual Startup Time": 46.398,
                                                                                                                    "Actual Total Time": 248.644,
                                                                                                                    "Actual Rows": 5135,
                                                                                                                    "Actual Loops": 1
                                                                                                                },
                                                                                                                {
                                                                                                                    "Worker Number": 2,
                                                                                                                    "Actual Startup Time": 50.368,
                                                                                                                    "Actual Total Time": 245.167,
                                                                                                                    "Actual Rows": 5208,
                                                                                                                    "Actual Loops": 1
                                                                                                                },
                                                                                                                {
                                                                                                                    "Worker Number": 3,
                                                                                                                    "Actual Startup Time": 48.925,
                                                                                                                    "Actual Total Time": 244.363,
                                                                                                                    "Actual Rows": 5106,
                                                                                                                    "Actual Loops": 1
                                                                                                                }
                                                                                                            ],
                                                                                                            "Plans": [
                                                                                                                {
                                                                                                                    "Node Type": "Seq Scan",
                                                                                                                    "Parent Relationship": "Outer",
                                                                                                                    "Parallel Aware": true,
                                                                                                                    "Relation Name": "movie_keyword",
                                                                                                                    "Schema": "public",
                                                                                                                    "Alias": "mk",
                                                                                                                    "Startup Cost": 0.0,
                                                                                                                    "Total Cost": 39047.32,
                                                                                                                    "Plan Rows": 1459332,
                                                                                                                    "Plan Width": 8,
                                                                                                                    "Actual Startup Time": 0.054,
                                                                                                                    "Actual Total Time": 109.541,
                                                                                                                    "Actual Rows": 904786,
                                                                                                                    "Actual Loops": 5,
                                                                                                                    "Output": [
                                                                                                                        "mk.id",
                                                                                                                        "mk.movie_id",
                                                                                                                        "mk.keyword_id"
                                                                                                                    ],
                                                                                                                    "Workers": [
                                                                                                                        {
                                                                                                                            "Worker Number": 0,
                                                                                                                            "Actual Startup Time": 0.091,
                                                                                                                            "Actual Total Time": 107.196,
                                                                                                                            "Actual Rows": 883190,
                                                                                                                            "Actual Loops": 1
                                                                                                                        },
                                                                                                                        {
                                                                                                                            "Worker Number": 1,
                                                                                                                            "Actual Startup Time": 0.047,
                                                                                                                            "Actual Total Time": 110.43,
                                                                                                                            "Actual Rows": 916245,
                                                                                                                            "Actual Loops": 1
                                                                                                                        },
                                                                                                                        {
                                                                                                                            "Worker Number": 2,
                                                                                                                            "Actual Startup Time": 0.065,
                                                                                                                            "Actual Total Time": 106.484,
                                                                                                                            "Actual Rows": 883930,
                                                                                                                            "Actual Loops": 1
                                                                                                                        },
                                                                                                                        {
                                                                                                                            "Worker Number": 3,
                                                                                                                            "Actual Startup Time": 0.056,
                                                                                                                            "Actual Total Time": 107.985,
                                                                                                                            "Actual Rows": 885410,
                                                                                                                            "Actual Loops": 1
                                                                                                                        }
                                                                                                                    ]
                                                                                                                },
                                                                                                                {
                                                                                                                    "Node Type": "Hash",
                                                                                                                    "Parent Relationship": "Inner",
                                                                                                                    "Parallel Aware": false,
                                                                                                                    "Startup Cost": 3967.82,
                                                                                                                    "Total Cost": 3967.82,
                                                                                                                    "Plan Rows": 10,
                                                                                                                    "Plan Width": 4,
                                                                                                                    "Actual Startup Time": 47.503,
                                                                                                                    "Actual Total Time": 47.504,
                                                                                                                    "Actual Rows": 10,
                                                                                                                    "Actual Loops": 5,
                                                                                                                    "Output": [
                                                                                                                        "k.id"
                                                                                                                    ],
                                                                                                                    "Hash Buckets": 1024,
                                                                                                                    "Original Hash Buckets": 1024,
                                                                                                                    "Hash Batches": 1,
                                                                                                                    "Original Hash Batches": 1,
                                                                                                                    "Peak Memory Usage": 9,
                                                                                                                    "Workers": [
                                                                                                                        {
                                                                                                                            "Worker Number": 0,
                                                                                                                            "Actual Startup Time": 49.706,
                                                                                                                            "Actual Total Time": 49.707,
                                                                                                                            "Actual Rows": 10,
                                                                                                                            "Actual Loops": 1
                                                                                                                        },
                                                                                                                        {
                                                                                                                            "Worker Number": 1,
                                                                                                                            "Actual Startup Time": 46.062,
                                                                                                                            "Actual Total Time": 46.063,
                                                                                                                            "Actual Rows": 10,
                                                                                                                            "Actual Loops": 1
                                                                                                                        },
                                                                                                                        {
                                                                                                                            "Worker Number": 2,
                                                                                                                            "Actual Startup Time": 50.239,
                                                                                                                            "Actual Total Time": 50.24,
                                                                                                                            "Actual Rows": 10,
                                                                                                                            "Actual Loops": 1
                                                                                                                        },
                                                                                                                        {
                                                                                                                            "Worker Number": 3,
                                                                                                                            "Actual Startup Time": 48.765,
                                                                                                                            "Actual Total Time": 48.766,
                                                                                                                            "Actual Rows": 10,
                                                                                                                            "Actual Loops": 1
                                                                                                                        }
                                                                                                                    ],
                                                                                                                    "Plans": [
                                                                                                                        {
                                                                                                                            "Node Type": "Seq Scan",
                                                                                                                            "Parent Relationship": "Outer",
                                                                                                                            "Parallel Aware": false,
                                                                                                                            "Relation Name": "keyword",
                                                                                                                            "Schema": "public",
                                                                                                                            "Alias": "k",
                                                                                                                            "Startup Cost": 0.0,
                                                                                                                            "Total Cost": 3967.82,
                                                                                                                            "Plan Rows": 10,
                                                                                                                            "Plan Width": 4,
                                                                                                                            "Actual Startup Time": 0.346,
                                                                                                                            "Actual Total Time": 47.474,
                                                                                                                            "Actual Rows": 10,
                                                                                                                            "Actual Loops": 5,
                                                                                                                            "Output": [
                                                                                                                                "k.id"
                                                                                                                            ],
                                                                                                                            "Filter": "(k.keyword = ANY ('{marvel-cinematic-universe,web,fight,magnet,tv-special,marvel-comics,gore,based-on-comic,violence,claw}'::text[]))",
                                                                                                                            "Rows Removed by Filter": 134160,
                                                                                                                            "Workers": [
                                                                                                                                {
                                                                                                                                    "Worker Number": 0,
                                                                                                                                    "Actual Startup Time": 0.449,
                                                                                                                                    "Actual Total Time": 49.67,
                                                                                                                                    "Actual Rows": 10,
                                                                                                                                    "Actual Loops": 1
                                                                                                                                },
                                                                                                                                {
                                                                                                                                    "Worker Number": 1,
                                                                                                                                    "Actual Startup Time": 0.323,
                                                                                                                                    "Actual Total Time": 46.036,
                                                                                                                                    "Actual Rows": 10,
                                                                                                                                    "Actual Loops": 1
                                                                                                                                },
                                                                                                                                {
                                                                                                                                    "Worker Number": 2,
                                                                                                                                    "Actual Startup Time": 0.445,
                                                                                                                                    "Actual Total Time": 50.204,
                                                                                                                                    "Actual Rows": 10,
                                                                                                                                    "Actual Loops": 1
                                                                                                                                },
                                                                                                                                {
                                                                                                                                    "Worker Number": 3,
                                                                                                                                    "Actual Startup Time": 0.348,
                                                                                                                                    "Actual Total Time": 48.735,
                                                                                                                                    "Actual Rows": 10,
                                                                                                                                    "Actual Loops": 1
                                                                                                                                }
                                                                                                                            ]
                                                                                                                        }
                                                                                                                    ]
                                                                                                                }
                                                                                                            ]
                                                                                                        }
                                                                                                    ]
                                                                                                }
                                                                                            ]
                                                                                        }
                                                                                    ]
                                                                                }
                                                                            ]
                                                                        }
                                                                    ]
                                                                }
                                                            ]
                                                        }
                                                    ]
                                                }
                                            ]
                                        }
                                    ]
                                },
                                {
                                    "Node Type": "Hash",
                                    "Parent Relationship": "Inner",
                                    "Parallel Aware": false,
                                    "Startup Cost": 2996.88,
                                    "Total Cost": 2996.88,
                                    "Plan Rows": 8443,
                                    "Plan Width": 4,
                                    "Actual Startup Time": 77.974,
                                    "Actual Total Time": 77.985,
                                    "Actual Rows": 85941,
                                    "Actual Loops": 1,
                                    "Output": [
                                        "cc.movie_id"
                                    ],
                                    "Hash Buckets": 131072,
                                    "Original Hash Buckets": 16384,
                                    "Hash Batches": 1,
                                    "Original Hash Batches": 1,
                                    "Peak Memory Usage": 4046,
                                    "Plans": [
                                        {
                                            "Node Type": "Hash Join",
                                            "Parent Relationship": "Outer",
                                            "Parallel Aware": false,
                                            "Join Type": "Inner",
                                            "Startup Cost": 2.12,
                                            "Total Cost": 2996.88,
                                            "Plan Rows": 8443,
                                            "Plan Width": 4,
                                            "Actual Startup Time": 0.105,
                                            "Actual Total Time": 59.183,
                                            "Actual Rows": 85941,
                                            "Actual Loops": 1,
                                            "Output": [
                                                "cc.movie_id"
                                            ],
                                            "Inner Unique": true,
                                            "Hash Cond": "(cc.status_id = cct2.id)",
                                            "Plans": [
                                                {
                                                    "Node Type": "Hash Join",
                                                    "Parent Relationship": "Outer",
                                                    "Parallel Aware": false,
                                                    "Join Type": "Inner",
                                                    "Startup Cost": 1.06,
                                                    "Total Cost": 2813.24,
                                                    "Plan Rows": 33772,
                                                    "Plan Width": 8,
                                                    "Actual Startup Time": 0.069,
                                                    "Actual Total Time": 43.397,
                                                    "Actual Rows": 85941,
                                                    "Actual Loops": 1,
                                                    "Output": [
                                                        "cc.movie_id",
                                                        "cc.status_id"
                                                    ],
                                                    "Inner Unique": true,
                                                    "Hash Cond": "(cc.subject_id = cct1.id)",
                                                    "Plans": [
                                                        {
                                                            "Node Type": "Seq Scan",
                                                            "Parent Relationship": "Outer",
                                                            "Parallel Aware": false,
                                                            "Relation Name": "complete_cast",
                                                            "Schema": "public",
                                                            "Alias": "cc",
                                                            "Startup Cost": 0.0,
                                                            "Total Cost": 2081.86,
                                                            "Plan Rows": 135086,
                                                            "Plan Width": 12,
                                                            "Actual Startup Time": 0.027,
                                                            "Actual Total Time": 17.406,
                                                            "Actual Rows": 135086,
                                                            "Actual Loops": 1,
                                                            "Output": [
                                                                "cc.id",
                                                                "cc.movie_id",
                                                                "cc.subject_id",
                                                                "cc.status_id"
                                                            ]
                                                        },
                                                        {
                                                            "Node Type": "Hash",
                                                            "Parent Relationship": "Inner",
                                                            "Parallel Aware": false,
                                                            "Startup Cost": 1.05,
                                                            "Total Cost": 1.05,
                                                            "Plan Rows": 1,
                                                            "Plan Width": 4,
                                                            "Actual Startup Time": 0.013,
                                                            "Actual Total Time": 0.015,
                                                            "Actual Rows": 1,
                                                            "Actual Loops": 1,
                                                            "Output": [
                                                                "cct1.id"
                                                            ],
                                                            "Hash Buckets": 1024,
                                                            "Original Hash Buckets": 1024,
                                                            "Hash Batches": 1,
                                                            "Original Hash Batches": 1,
                                                            "Peak Memory Usage": 9,
                                                            "Plans": [
                                                                {
                                                                    "Node Type": "Seq Scan",
                                                                    "Parent Relationship": "Outer",
                                                                    "Parallel Aware": false,
                                                                    "Relation Name": "comp_cast_type",
                                                                    "Schema": "public",
                                                                    "Alias": "cct1",
                                                                    "Startup Cost": 0.0,
                                                                    "Total Cost": 1.05,
                                                                    "Plan Rows": 1,
                                                                    "Plan Width": 4,
                                                                    "Actual Startup Time": 0.005,
                                                                    "Actual Total Time": 0.006,
                                                                    "Actual Rows": 1,
                                                                    "Actual Loops": 1,
                                                                    "Output": [
                                                                        "cct1.id"
                                                                    ],
                                                                    "Filter": "((cct1.kind)::text = 'cast'::text)",
                                                                    "Rows Removed by Filter": 3
                                                                }
                                                            ]
                                                        }
                                                    ]
                                                },
                                                {
                                                    "Node Type": "Hash",
                                                    "Parent Relationship": "Inner",
                                                    "Parallel Aware": false,
                                                    "Startup Cost": 1.05,
                                                    "Total Cost": 1.05,
                                                    "Plan Rows": 1,
                                                    "Plan Width": 4,
                                                    "Actual Startup Time": 0.016,
                                                    "Actual Total Time": 0.017,
                                                    "Actual Rows": 2,
                                                    "Actual Loops": 1,
                                                    "Output": [
                                                        "cct2.id"
                                                    ],
                                                    "Hash Buckets": 1024,
                                                    "Original Hash Buckets": 1024,
                                                    "Hash Batches": 1,
                                                    "Original Hash Batches": 1,
                                                    "Peak Memory Usage": 9,
                                                    "Plans": [
                                                        {
                                                            "Node Type": "Seq Scan",
                                                            "Parent Relationship": "Outer",
                                                            "Parallel Aware": false,
                                                            "Relation Name": "comp_cast_type",
                                                            "Schema": "public",
                                                            "Alias": "cct2",
                                                            "Startup Cost": 0.0,
                                                            "Total Cost": 1.05,
                                                            "Plan Rows": 1,
                                                            "Plan Width": 4,
                                                            "Actual Startup Time": 0.01,
                                                            "Actual Total Time": 0.012,
                                                            "Actual Rows": 2,
                                                            "Actual Loops": 1,
                                                            "Output": [
                                                                "cct2.id"
                                                            ],
                                                            "Filter": "((cct2.kind)::text ~~ '%complete%'::text)",
                                                            "Rows Removed by Filter": 2
                                                        }
                                                    ]
                                                }
                                            ]
                                        }
                                    ]
                                }
                            ]
                        },
                        {
                            "Node Type": "Hash",
                            "Parent Relationship": "Inner",
                            "Parallel Aware": false,
                            "Startup Cost": 1.09,
                            "Total Cost": 1.09,
                            "Plan Rows": 1,
                            "Plan Width": 4,
                            "Actual Startup Time": 0.03,
                            "Actual Total Time": 0.031,
                            "Actual Rows": 1,
                            "Actual Loops": 1,
                            "Output": [
                                "kt.id"
                            ],
                            "Hash Buckets": 1024,
                            "Original Hash Buckets": 1024,
                            "Hash Batches": 1,
                            "Original Hash Batches": 1,
                            "Peak Memory Usage": 9,
                            "Plans": [
                                {
                                    "Node Type": "Seq Scan",
                                    "Parent Relationship": "Outer",
                                    "Parallel Aware": false,
                                    "Relation Name": "kind_type",
                                    "Schema": "public",
                                    "Alias": "kt",
                                    "Startup Cost": 0.0,
                                    "Total Cost": 1.09,
                                    "Plan Rows": 1,
                                    "Plan Width": 4,
                                    "Actual Startup Time": 0.018,
                                    "Actual Total Time": 0.02,
                                    "Actual Rows": 1,
                                    "Actual Loops": 1,
                                    "Output": [
                                        "kt.id"
                                    ],
                                    "Filter": "((kt.kind)::text = 'movie'::text)",
                                    "Rows Removed by Filter": 6
                                }
                            ]
                        }
                    ]
                }
            ]
        },
        "Planning Time": 1973.044,
        "Triggers": [],
        "Execution Time": 3460.577
    }
]