[
  {
    "Plan": {
      "Node Type": "Aggregate",
      "Strategy": "Plain",
      "Partial Mode": "Finalize",
      "Parallel Aware": false,
      "Startup Cost": 45564.65,
      "Total Cost": 45564.66,
      "Plan Rows": 1,
      "Plan Width": 8,
      "Actual Startup Time": 132.902,
      "Actual Total Time": 138.295,
      "Actual Rows": 1,
      "Actual Loops": 1,
      "Plans": [
        {
          "Node Type": "Gather",
          "Parent Relationship": "Outer",
          "Parallel Aware": false,
          "Startup Cost": 45564.33,
          "Total Cost": 45564.64,
          "Plan Rows": 3,
          "Plan Width": 8,
          "Actual Startup Time": 132.821,
          "Actual Total Time": 138.29,
          "Actual Rows": 4,
          "Actual Loops": 1,
          "Workers Planned": 3,
          "Workers Launched": 3,
          "Single Copy": false,
          "Plans": [
            {
              "Node Type": "Aggregate",
              "Strategy": "Plain",
              "Partial Mode": "Partial",
              "Parent Relationship": "Outer",
              "Parallel Aware": false,
              "Startup Cost": 44564.33,
              "Total Cost": 44564.34,
              "Plan Rows": 1,
              "Plan Width": 8,
              "Actual Startup Time": 129.279,
              "Actual Total Time": 129.28,
              "Actual Rows": 1,
              "Actual Loops": 4,
              "Plans": [
                {
                  "Node Type": "Seq Scan",
                  "Parent Relationship": "Outer",
                  "Parallel Aware": true,
                  "Relation Name": "movie_keyword",
                  "Alias": "mk",
                  "Startup Cost": 0.0,
                  "Total Cost": 42695.65,
                  "Plan Rows": 747471,
                  "Plan Width": 0,
                  "Actual Startup Time": 0.186,
                  "Actual Total Time": 102.914,
                  "Actual Rows": 579779,
                  "Actual Loops": 4,
                  "Filter": "(keyword_id > 4441)",
                  "Rows Removed by Filter": 551204
                }
              ]
            }
          ]
        }
      ]
    },
    "Planning Time": 0.048,
    "Triggers": [],
    "Execution Time": 138.314
  }
]