[
  {
    "Plan": {
      "Node Type": "Aggregate",
      "Strategy": "Plain",
      "Partial Mode": "Finalize",
      "Parallel Aware": false,
      "Startup Cost": 45566.89,
      "Total Cost": 45566.9,
      "Plan Rows": 1,
      "Plan Width": 8,
      "Actual Startup Time": 148.505,
      "Actual Total Time": 157.509,
      "Actual Rows": 1,
      "Actual Loops": 1,
      "Plans": [
        {
          "Node Type": "Gather",
          "Parent Relationship": "Outer",
          "Parallel Aware": false,
          "Startup Cost": 45566.58,
          "Total Cost": 45566.89,
          "Plan Rows": 3,
          "Plan Width": 8,
          "Actual Startup Time": 148.376,
          "Actual Total Time": 157.502,
          "Actual Rows": 4,
          "Actual Loops": 1,
          "Workers Planned": 3,
          "Workers Launched": 3,
          "Single Copy": false,
          "Plans": [
            {
              "Node Type": "Aggregate",
              "Strategy": "Plain",
              "Partial Mode": "Partial",
              "Parent Relationship": "Outer",
              "Parallel Aware": false,
              "Startup Cost": 44566.58,
              "Total Cost": 44566.59,
              "Plan Rows": 1,
              "Plan Width": 8,
              "Actual Startup Time": 143.357,
              "Actual Total Time": 143.358,
              "Actual Rows": 1,
              "Actual Loops": 4,
              "Plans": [
                {
                  "Node Type": "Seq Scan",
                  "Parent Relationship": "Outer",
                  "Parallel Aware": true,
                  "Relation Name": "movie_keyword",
                  "Alias": "mk",
                  "Startup Cost": 0.0,
                  "Total Cost": 42695.65,
                  "Plan Rows": 748369,
                  "Plan Width": 0,
                  "Actual Startup Time": 0.302,
                  "Actual Total Time": 116.419,
                  "Actual Rows": 579779,
                  "Actual Loops": 4,
                  "Filter": "(keyword_id > 4441)",
                  "Rows Removed by Filter": 551204
                }
              ]
            }
          ]
        }
      ]
    },
    "Planning Time": 0.094,
    "Triggers": [],
    "Execution Time": 157.54
  }
]