[
  {
    "Plan": {
      "Node Type": "Aggregate",
      "Strategy": "Plain",
      "Partial Mode": "Finalize",
      "Parallel Aware": false,
      "Startup Cost": 64042.34,
      "Total Cost": 64042.35,
      "Plan Rows": 1,
      "Plan Width": 8,
      "Actual Startup Time": 360.807,
      "Actual Total Time": 373.039,
      "Actual Rows": 1,
      "Actual Loops": 1,
      "Plans": [
        {
          "Node Type": "Gather",
          "Parent Relationship": "Outer",
          "Parallel Aware": false,
          "Startup Cost": 64042.12,
          "Total Cost": 64042.33,
          "Plan Rows": 2,
          "Plan Width": 8,
          "Actual Startup Time": 357.1,
          "Actual Total Time": 373.029,
          "Actual Rows": 3,
          "Actual Loops": 1,
          "Workers Planned": 2,
          "Workers Launched": 2,
          "Single Copy": false,
          "Plans": [
            {
              "Node Type": "Aggregate",
              "Strategy": "Plain",
              "Partial Mode": "Partial",
              "Parent Relationship": "Outer",
              "Parallel Aware": false,
              "Startup Cost": 63042.12,
              "Total Cost": 63042.13,
              "Plan Rows": 1,
              "Plan Width": 8,
              "Actual Startup Time": 349.527,
              "Actual Total Time": 349.531,
              "Actual Rows": 1,
              "Actual Loops": 3,
              "Plans": [
                {
                  "Node Type": "Hash Join",
                  "Parent Relationship": "Outer",
                  "Parallel Aware": true,
                  "Join Type": "Inner",
                  "Startup Cost": 47483.06,
                  "Total Cost": 62677.62,
                  "Plan Rows": 145801,
                  "Plan Width": 0,
                  "Actual Startup Time": 256.046,
                  "Actual Total Time": 339.93,
                  "Actual Rows": 209966,
                  "Actual Loops": 3,
                  "Inner Unique": true,
                  "Hash Cond": "(mi_idx.movie_id = t.id)",
                  "Plans": [
                    {
                      "Node Type": "Seq Scan",
                      "Parent Relationship": "Outer",
                      "Parallel Aware": true,
                      "Relation Name": "movie_info_idx",
                      "Alias": "mi_idx",
                      "Startup Cost": 0.0,
                      "Total Cost": 13685.15,
                      "Plan Rows": 575015,
                      "Plan Width": 4,
                      "Actual Startup Time": 0.011,
                      "Actual Total Time": 40.746,
                      "Actual Rows": 460012,
                      "Actual Loops": 3
                    },
                    {
                      "Node Type": "Hash",
                      "Parent Relationship": "Inner",
                      "Parallel Aware": true,
                      "Startup Cost": 45479.59,
                      "Total Cost": 45479.59,
                      "Plan Rows": 160278,
                      "Plan Width": 4,
                      "Actual Startup Time": 207.443,
                      "Actual Total Time": 207.444,
                      "Actual Rows": 218770,
                      "Actual Loops": 3,
                      "Hash Buckets": 1048576,
                      "Original Hash Buckets": 1048576,
                      "Hash Batches": 1,
                      "Original Hash Batches": 1,
                      "Peak Memory Usage": 33920,
                      "Plans": [
                        {
                          "Node Type": "Seq Scan",
                          "Parent Relationship": "Outer",
                          "Parallel Aware": true,
                          "Relation Name": "title",
                          "Alias": "t",
                          "Startup Cost": 0.0,
                          "Total Cost": 45479.59,
                          "Plan Rows": 160278,
                          "Plan Width": 4,
                          "Actual Startup Time": 51.445,
                          "Actual Total Time": 131.494,
                          "Actual Rows": 218770,
                          "Actual Loops": 3,
                          "Filter": "((kind_id < 2) AND (production_year > 0))",
                          "Rows Removed by Filter": 624000
                        }
                      ]
                    }
                  ]
                }
              ]
            }
          ]
        }
      ]
    },
    "Planning Time": 0.617,
    "Triggers": [],
    "Execution Time": 373.109
  }
]