[
  {
    "Plan": {
      "Node Type": "Aggregate",
      "Strategy": "Plain",
      "Partial Mode": "Finalize",
      "Parallel Aware": false,
      "Startup Cost": 64055.79,
      "Total Cost": 64055.8,
      "Plan Rows": 1,
      "Plan Width": 8,
      "Actual Startup Time": 354.692,
      "Actual Total Time": 367.876,
      "Actual Rows": 1,
      "Actual Loops": 1,
      "Plans": [
        {
          "Node Type": "Gather",
          "Parent Relationship": "Outer",
          "Parallel Aware": false,
          "Startup Cost": 64055.57,
          "Total Cost": 64055.78,
          "Plan Rows": 2,
          "Plan Width": 8,
          "Actual Startup Time": 353.158,
          "Actual Total Time": 367.866,
          "Actual Rows": 3,
          "Actual Loops": 1,
          "Workers Planned": 2,
          "Workers Launched": 2,
          "Single Copy": false,
          "Plans": [
            {
              "Node Type": "Aggregate",
              "Strategy": "Plain",
              "Partial Mode": "Partial",
              "Parent Relationship": "Outer",
              "Parallel Aware": false,
              "Startup Cost": 63055.57,
              "Total Cost": 63055.58,
              "Plan Rows": 1,
              "Plan Width": 8,
              "Actual Startup Time": 345.266,
              "Actual Total Time": 345.269,
              "Actual Rows": 1,
              "Actual Loops": 3,
              "Plans": [
                {
                  "Node Type": "Hash Join",
                  "Parent Relationship": "Outer",
                  "Parallel Aware": true,
                  "Join Type": "Inner",
                  "Startup Cost": 47494.35,
                  "Total Cost": 62688.91,
                  "Plan Rows": 146666,
                  "Plan Width": 0,
                  "Actual Startup Time": 251.869,
                  "Actual Total Time": 335.102,
                  "Actual Rows": 209966,
                  "Actual Loops": 3,
                  "Inner Unique": true,
                  "Hash Cond": "(mi_idx.movie_id = t.id)",
                  "Plans": [
                    {
                      "Node Type": "Seq Scan",
                      "Parent Relationship": "Outer",
                      "Parallel Aware": true,
                      "Relation Name": "movie_info_idx",
                      "Alias": "mi_idx",
                      "Startup Cost": 0.0,
                      "Total Cost": 13685.15,
                      "Plan Rows": 575015,
                      "Plan Width": 4,
                      "Actual Startup Time": 0.022,
                      "Actual Total Time": 39.232,
                      "Actual Rows": 460012,
                      "Actual Loops": 3
                    },
                    {
                      "Node Type": "Hash",
                      "Parent Relationship": "Inner",
                      "Parallel Aware": true,
                      "Startup Cost": 45479.1,
                      "Total Cost": 45479.1,
                      "Plan Rows": 161220,
                      "Plan Width": 4,
                      "Actual Startup Time": 203.212,
                      "Actual Total Time": 203.213,
                      "Actual Rows": 218770,
                      "Actual Loops": 3,
                      "Hash Buckets": 1048576,
                      "Original Hash Buckets": 1048576,
                      "Hash Batches": 1,
                      "Original Hash Batches": 1,
                      "Peak Memory Usage": 33920,
                      "Plans": [
                        {
                          "Node Type": "Seq Scan",
                          "Parent Relationship": "Outer",
                          "Parallel Aware": true,
                          "Relation Name": "title",
                          "Alias": "t",
                          "Startup Cost": 0.0,
                          "Total Cost": 45479.1,
                          "Plan Rows": 161220,
                          "Plan Width": 4,
                          "Actual Startup Time": 51.44,
                          "Actual Total Time": 130.543,
                          "Actual Rows": 218770,
                          "Actual Loops": 3,
                          "Filter": "((kind_id < 2) AND (production_year > 0))",
                          "Rows Removed by Filter": 624000
                        }
                      ]
                    }
                  ]
                }
              ]
            }
          ]
        }
      ]
    },
    "Planning Time": 0.652,
    "Triggers": [],
    "Execution Time": 367.961
  }
]