[
    {
        "Bao": {
            "Bao prediction": "NaN",
            "Bao recommended hint": "(no hint)"
        }
    },
    {
        "Plan": {
            "Node Type": "Aggregate",
            "Strategy": "Plain",
            "Partial Mode": "Finalize",
            "Parallel Aware": false,
            "Startup Cost": 335874.27,
            "Total Cost": 335874.28,
            "Plan Rows": 1,
            "Plan Width": 8,
            "Actual Startup Time": 746.214,
            "Actual Total Time": 778.513,
            "Actual Rows": 1,
            "Actual Loops": 1,
            "Output": [
                "count(*)"
            ],
            "Plans": [
                {
                    "Node Type": "Gather",
                    "Parent Relationship": "Outer",
                    "Parallel Aware": false,
                    "Startup Cost": 335873.64,
                    "Total Cost": 335874.25,
                    "Plan Rows": 6,
                    "Plan Width": 8,
                    "Actual Startup Time": 746.112,
                    "Actual Total Time": 778.503,
                    "Actual Rows": 7,
                    "Actual Loops": 1,
                    "Output": [
                        "(PARTIAL count(*))"
                    ],
                    "Workers Planned": 6,
                    "Workers Launched": 6,
                    "Single Copy": false,
                    "Plans": [
                        {
                            "Node Type": "Aggregate",
                            "Strategy": "Plain",
                            "Partial Mode": "Partial",
                            "Parent Relationship": "Outer",
                            "Parallel Aware": false,
                            "Startup Cost": 334873.64,
                            "Total Cost": 334873.65,
                            "Plan Rows": 1,
                            "Plan Width": 8,
                            "Actual Startup Time": 736.588,
                            "Actual Total Time": 736.589,
                            "Actual Rows": 1,
                            "Actual Loops": 7,
                            "Output": [
                                "PARTIAL count(*)"
                            ],
                            "Workers": [
                                {
                                    "Worker Number": 0,
                                    "Actual Startup Time": 735.924,
                                    "Actual Total Time": 735.924,
                                    "Actual Rows": 1,
                                    "Actual Loops": 1
                                },
                                {
                                    "Worker Number": 1,
                                    "Actual Startup Time": 735.875,
                                    "Actual Total Time": 735.876,
                                    "Actual Rows": 1,
                                    "Actual Loops": 1
                                },
                                {
                                    "Worker Number": 2,
                                    "Actual Startup Time": 735.09,
                                    "Actual Total Time": 735.091,
                                    "Actual Rows": 1,
                                    "Actual Loops": 1
                                },
                                {
                                    "Worker Number": 3,
                                    "Actual Startup Time": 734.616,
                                    "Actual Total Time": 734.618,
                                    "Actual Rows": 1,
                                    "Actual Loops": 1
                                },
                                {
                                    "Worker Number": 4,
                                    "Actual Startup Time": 735.152,
                                    "Actual Total Time": 735.154,
                                    "Actual Rows": 1,
                                    "Actual Loops": 1
                                },
                                {
                                    "Worker Number": 5,
                                    "Actual Startup Time": 735.095,
                                    "Actual Total Time": 735.096,
                                    "Actual Rows": 1,
                                    "Actual Loops": 1
                                }
                            ],
                            "Plans": [
                                {
                                    "Node Type": "Seq Scan",
                                    "Parent Relationship": "Outer",
                                    "Parallel Aware": true,
                                    "Relation Name": "cast_info",
                                    "Schema": "public",
                                    "Alias": "ci",
                                    "Startup Cost": 0.0,
                                    "Total Cost": 328213.62,
                                    "Plan Rows": 2664011,
                                    "Plan Width": 0,
                                    "Actual Startup Time": 235.719,
                                    "Actual Total Time": 617.229,
                                    "Actual Rows": 2293749,
                                    "Actual Loops": 7,
                                    "Output": [
                                        "id",
                                        "person_id",
                                        "movie_id",
                                        "person_role_id",
                                        "note",
                                        "nr_order",
                                        "role_id"
                                    ],
                                    "Filter": "(ci.person_id > 2028436)",
                                    "Rows Removed by Filter": 2884014,
                                    "Workers": [
                                        {
                                            "Worker Number": 0,
                                            "Actual Startup Time": 235.042,
                                            "Actual Total Time": 622.304,
                                            "Actual Rows": 2785107,
                                            "Actual Loops": 1
                                        },
                                        {
                                            "Worker Number": 1,
                                            "Actual Startup Time": 235.003,
                                            "Actual Total Time": 622.633,
                                            "Actual Rows": 2775949,
                                            "Actual Loops": 1
                                        },
                                        {
                                            "Worker Number": 2,
                                            "Actual Startup Time": 234.208,
                                            "Actual Total Time": 618.014,
                                            "Actual Rows": 2862210,
                                            "Actual Loops": 1
                                        },
                                        {
                                            "Worker Number": 3,
                                            "Actual Startup Time": 233.756,
                                            "Actual Total Time": 617.341,
                                            "Actual Rows": 1772782,
                                            "Actual Loops": 1
                                        },
                                        {
                                            "Worker Number": 4,
                                            "Actual Startup Time": 234.299,
                                            "Actual Total Time": 617.191,
                                            "Actual Rows": 1778952,
                                            "Actual Loops": 1
                                        },
                                        {
                                            "Worker Number": 5,
                                            "Actual Startup Time": 234.224,
                                            "Actual Total Time": 616.996,
                                            "Actual Rows": 1782714,
                                            "Actual Loops": 1
                                        }
                                    ]
                                }
                            ]
                        }
                    ]
                }
            ]
        },
        "Planning Time": 310.141,
        "Triggers": [],
        "Execution Time": 778.571
    }
]