{
  "Plan": {
    "Node Type": "Aggregate",
    "Strategy": "Plain",
    "Partial Mode": "Finalize",
    "Parallel Aware": false,
    "Startup Cost": 2770006.12,
    "Total Cost": 2770006.13,
    "Plan Rows": 1,
    "Plan Width": 8,
    "Actual Startup Time": 22949.084,
    "Actual Total Time": 23099.9,
    "Actual Rows": 1,
    "Actual Loops": 1,
    "Plans": [
      {
        "Node Type": "Gather",
        "Parent Relationship": "Outer",
        "Parallel Aware": false,
        "Startup Cost": 2770006.01,
        "Total Cost": 2770006.12,
        "Plan Rows": 1,
        "Plan Width": 8,
        "Actual Startup Time": 22936.634,
        "Actual Total Time": 23099.892,
        "Actual Rows": 2,
        "Actual Loops": 1,
        "Workers Planned": 1,
        "Workers Launched": 1,
        "Single Copy": false,
        "Plans": [
          {
            "Node Type": "Aggregate",
            "Strategy": "Plain",
            "Partial Mode": "Partial",
            "Parent Relationship": "Outer",
            "Parallel Aware": false,
            "Startup Cost": 2769006.01,
            "Total Cost": 2769006.02,
            "Plan Rows": 1,
            "Plan Width": 8,
            "Actual Startup Time": 22883.947,
            "Actual Total Time": 22883.951,
            "Actual Rows": 1,
            "Actual Loops": 2,
            "Plans": [
              {
                "Node Type": "Hash Join",
                "Parent Relationship": "Outer",
                "Parallel Aware": true,
                "Join Type": "Inner",
                "Startup Cost": 2439197.98,
                "Total Cost": 2702737.75,
                "Plan Rows": 26507305,
                "Plan Width": 0,
                "Actual Startup Time": 19907.044,
                "Actual Total Time": 21934.484,
                "Actual Rows": 23365282,
                "Actual Loops": 2,
                "Inner Unique": false,
                "Hash Cond": "(mk.movie_id = t.id)",
                "Plans": [
                  {
                    "Node Type": "Seq Scan",
                    "Parent Relationship": "Outer",
                    "Parallel Aware": true,
                    "Relation Name": "movie_keyword",
                    "Alias": "mk",
                    "Startup Cost": 0.0,
                    "Total Cost": 51065.35,
                    "Plan Rows": 2661135,
                    "Plan Width": 4,
                    "Actual Startup Time": 0.015,
                    "Actual Total Time": 157.18,
                    "Actual Rows": 2261965,
                    "Actual Loops": 2
                  },
                  {
                    "Node Type": "Hash",
                    "Parent Relationship": "Inner",
                    "Parallel Aware": true,
                    "Startup Cost": 2254020.95,
                    "Total Cost": 2254020.95,
                    "Plan Rows": 14814162,
                    "Plan Width": 8,
                    "Actual Startup Time": 19802.468,
                    "Actual Total Time": 19802.47,
                    "Actual Rows": 12739424,
                    "Actual Loops": 2,
                    "Hash Buckets": 33554432,
                    "Original Hash Buckets": 33554432,
                    "Hash Batches": 1,
                    "Original Hash Batches": 1,
                    "Peak Memory Usage": 1258912,
                    "Plans": [
                      {
                        "Node Type": "Merge Join",
                        "Parent Relationship": "Outer",
                        "Parallel Aware": false,
                        "Join Type": "Inner",
                        "Startup Cost": 42.96,
                        "Total Cost": 2254020.95,
                        "Plan Rows": 14814162,
                        "Plan Width": 8,
                        "Actual Startup Time": 0.351,
                        "Actual Total Time": 17251.352,
                        "Actual Rows": 12739424,
                        "Actual Loops": 2,
                        "Inner Unique": true,
                        "Merge Cond": "(ci.movie_id = t.id)",
                        "Plans": [
                          {
                            "Node Type": "Index Only Scan",
                            "Parent Relationship": "Outer",
                            "Parallel Aware": true,
                            "Scan Direction": "Forward",
                            "Index Name": "movie_id_cast_info",
                            "Relation Name": "cast_info",
                            "Alias": "ci",
                            "Startup Cost": 0.56,
                            "Total Cost": 1925345.15,
                            "Plan Rows": 21310595,
                            "Plan Width": 4,
                            "Actual Startup Time": 0.152,
                            "Actual Total Time": 13833.3,
                            "Actual Rows": 18122172,
                            "Actual Loops": 2,
                            "Heap Fetches": 36244344
                          },
                          {
                            "Node Type": "Index Scan",
                            "Parent Relationship": "Inner",
                            "Parallel Aware": false,
                            "Scan Direction": "Forward",
                            "Index Name": "title_pkey",
                            "Relation Name": "title",
                            "Alias": "t",
                            "Startup Cost": 0.43,
                            "Total Cost": 122981.43,
                            "Plan Rows": 1757555,
                            "Plan Width": 4,
                            "Actual Startup Time": 0.093,
                            "Actual Total Time": 1611.663,
                            "Actual Rows": 1799684,
                            "Actual Loops": 2,
                            "Filter": "((kind_id > 1) AND (production_year > 1917))",
                            "Rows Removed by Filter": 726395
                          }
                        ]
                      }
                    ]
                  }
                ]
              }
            ]
          }
        ]
      }
    ]
  },
  "Planning Time": 1.055,
  "Triggers": [],
  "Execution Time": 23099.998
}