[
  {
    "Plan": {
      "Node Type": "Aggregate",
      "Strategy": "Plain",
      "Partial Mode": "Finalize",
      "Parallel Aware": false,
      "Startup Cost": 30847.84,
      "Total Cost": 30847.85,
      "Plan Rows": 1,
      "Plan Width": 8,
      "Actual Startup Time": 92.424,
      "Actual Total Time": 97.047,
      "Actual Rows": 1,
      "Actual Loops": 1,
      "Plans": [
        {
          "Node Type": "Gather",
          "Parent Relationship": "Outer",
          "Parallel Aware": false,
          "Startup Cost": 30847.52,
          "Total Cost": 30847.83,
          "Plan Rows": 3,
          "Plan Width": 8,
          "Actual Startup Time": 92.291,
          "Actual Total Time": 97.039,
          "Actual Rows": 4,
          "Actual Loops": 1,
          "Workers Planned": 3,
          "Workers Launched": 3,
          "Single Copy": false,
          "Plans": [
            {
              "Node Type": "Aggregate",
              "Strategy": "Plain",
              "Partial Mode": "Partial",
              "Parent Relationship": "Outer",
              "Parallel Aware": false,
              "Startup Cost": 29847.52,
              "Total Cost": 29847.53,
              "Plan Rows": 1,
              "Plan Width": 8,
              "Actual Startup Time": 84.468,
              "Actual Total Time": 84.469,
              "Actual Rows": 1,
              "Actual Loops": 4,
              "Plans": [
                {
                  "Node Type": "Bitmap Heap Scan",
                  "Parent Relationship": "Outer",
                  "Parallel Aware": true,
                  "Relation Name": "movie_companies",
                  "Alias": "mc",
                  "Startup Cost": 8891.79,
                  "Total Cost": 29678.55,
                  "Plan Rows": 67588,
                  "Plan Width": 0,
                  "Actual Startup Time": 37.599,
                  "Actual Total Time": 77.925,
                  "Actual Rows": 104343,
                  "Actual Loops": 4,
                  "Recheck Cond": "(company_id > 80294)",
                  "Rows Removed by Index Recheck": 0,
                  "Filter": "(company_type_id > 1)",
                  "Rows Removed by Filter": 0,
                  "Exact Heap Blocks": 3465,
                  "Lossy Heap Blocks": 0,
                  "Plans": [
                    {
                      "Node Type": "Bitmap Index Scan",
                      "Parent Relationship": "Outer",
                      "Parallel Aware": false,
                      "Index Name": "company_id_movie_companies",
                      "Startup Cost": 0.0,
                      "Total Cost": 8839.41,
                      "Plan Rows": 412664,
                      "Plan Width": 0,
                      "Actual Startup Time": 43.467,
                      "Actual Total Time": 43.467,
                      "Actual Rows": 417373,
                      "Actual Loops": 1,
                      "Index Cond": "(company_id > 80294)"
                    }
                  ]
                }
              ]
            }
          ]
        }
      ]
    },
    "Planning Time": 0.216,
    "Triggers": [],
    "Execution Time": 97.133
  }
]