[
  {
    "Plan": {
      "Node Type": "Aggregate",
      "Strategy": "Plain",
      "Partial Mode": "Finalize",
      "Parallel Aware": false,
      "Startup Cost": 335131.43,
      "Total Cost": 335131.44,
      "Plan Rows": 1,
      "Plan Width": 8,
      "Actual Startup Time": 724.87,
      "Actual Total Time": 789.04,
      "Actual Rows": 1,
      "Actual Loops": 1,
      "Plans": [
        {
          "Node Type": "Gather",
          "Parent Relationship": "Outer",
          "Parallel Aware": false,
          "Startup Cost": 335130.81,
          "Total Cost": 335131.42,
          "Plan Rows": 6,
          "Plan Width": 8,
          "Actual Startup Time": 724.64,
          "Actual Total Time": 789.027,
          "Actual Rows": 7,
          "Actual Loops": 1,
          "Workers Planned": 6,
          "Workers Launched": 6,
          "Single Copy": false,
          "Plans": [
            {
              "Node Type": "Aggregate",
              "Strategy": "Plain",
              "Partial Mode": "Partial",
              "Parent Relationship": "Outer",
              "Parallel Aware": false,
              "Startup Cost": 334130.81,
              "Total Cost": 334130.82,
              "Plan Rows": 1,
              "Plan Width": 8,
              "Actual Startup Time": 717.482,
              "Actual Total Time": 717.483,
              "Actual Rows": 1,
              "Actual Loops": 7,
              "Plans": [
                {
                  "Node Type": "Seq Scan",
                  "Parent Relationship": "Outer",
                  "Parallel Aware": true,
                  "Relation Name": "cast_info",
                  "Alias": "ci",
                  "Startup Cost": 0.0,
                  "Total Cost": 328211.39,
                  "Plan Rows": 2367767,
                  "Plan Width": 0,
                  "Actual Startup Time": 0.035,
                  "Actual Total Time": 616.395,
                  "Actual Rows": 2048820,
                  "Actual Loops": 7,
                  "Filter": "(person_id < 1412276)",
                  "Rows Removed by Filter": 3128943
                }
              ]
            }
          ]
        }
      ]
    },
    "Planning Time": 0.144,
    "Triggers": [],
    "Execution Time": 789.104
  }
]