[
  {
    "Plan": {
      "Node Type": "Aggregate",
      "Strategy": "Plain",
      "Partial Mode": "Finalize",
      "Parallel Aware": false,
      "Startup Cost": 335136.87,
      "Total Cost": 335136.88,
      "Plan Rows": 1,
      "Plan Width": 8,
      "Actual Startup Time": 703.673,
      "Actual Total Time": 759.671,
      "Actual Rows": 1,
      "Actual Loops": 1,
      "Plans": [
        {
          "Node Type": "Gather",
          "Parent Relationship": "Outer",
          "Parallel Aware": false,
          "Startup Cost": 335136.25,
          "Total Cost": 335136.86,
          "Plan Rows": 6,
          "Plan Width": 8,
          "Actual Startup Time": 703.556,
          "Actual Total Time": 759.661,
          "Actual Rows": 7,
          "Actual Loops": 1,
          "Workers Planned": 6,
          "Workers Launched": 6,
          "Single Copy": false,
          "Plans": [
            {
              "Node Type": "Aggregate",
              "Strategy": "Plain",
              "Partial Mode": "Partial",
              "Parent Relationship": "Outer",
              "Parallel Aware": false,
              "Startup Cost": 334136.25,
              "Total Cost": 334136.26,
              "Plan Rows": 1,
              "Plan Width": 8,
              "Actual Startup Time": 694.27,
              "Actual Total Time": 694.272,
              "Actual Rows": 1,
              "Actual Loops": 7,
              "Plans": [
                {
                  "Node Type": "Seq Scan",
                  "Parent Relationship": "Outer",
                  "Parallel Aware": true,
                  "Relation Name": "cast_info",
                  "Alias": "ci",
                  "Startup Cost": 0.0,
                  "Total Cost": 328162.03,
                  "Plan Rows": 2389689,
                  "Plan Width": 0,
                  "Actual Startup Time": 0.051,
                  "Actual Total Time": 598.514,
                  "Actual Rows": 2048820,
                  "Actual Loops": 7,
                  "Filter": "(person_id < 1412276)",
                  "Rows Removed by Filter": 3128943
                }
              ]
            }
          ]
        }
      ]
    },
    "Planning Time": 0.174,
    "Triggers": [],
    "Execution Time": 759.738
  }
]