[
  {
    "Plan": {
      "Node Type": "Aggregate",
      "Strategy": "Plain",
      "Partial Mode": "Finalize",
      "Parallel Aware": false,
      "Startup Cost": 33020.22,
      "Total Cost": 33020.23,
      "Plan Rows": 1,
      "Plan Width": 8,
      "Actual Startup Time": 81.443,
      "Actual Total Time": 89.928,
      "Actual Rows": 1,
      "Actual Loops": 1,
      "Plans": [
        {
          "Node Type": "Gather",
          "Parent Relationship": "Outer",
          "Parallel Aware": false,
          "Startup Cost": 33019.9,
          "Total Cost": 33020.21,
          "Plan Rows": 3,
          "Plan Width": 8,
          "Actual Startup Time": 81.242,
          "Actual Total Time": 89.903,
          "Actual Rows": 4,
          "Actual Loops": 1,
          "Workers Planned": 3,
          "Workers Launched": 3,
          "Single Copy": false,
          "Plans": [
            {
              "Node Type": "Aggregate",
              "Strategy": "Plain",
              "Partial Mode": "Partial",
              "Parent Relationship": "Outer",
              "Parallel Aware": false,
              "Startup Cost": 32019.9,
              "Total Cost": 32019.91,
              "Plan Rows": 1,
              "Plan Width": 8,
              "Actual Startup Time": 77.484,
              "Actual Total Time": 77.486,
              "Actual Rows": 1,
              "Actual Loops": 4,
              "Plans": [
                {
                  "Node Type": "Seq Scan",
                  "Parent Relationship": "Outer",
                  "Parallel Aware": true,
                  "Relation Name": "movie_companies",
                  "Alias": "mc",
                  "Startup Cost": 0.0,
                  "Total Cost": 31414.82,
                  "Plan Rows": 242034,
                  "Plan Width": 0,
                  "Actual Startup Time": 6.702,
                  "Actual Total Time": 71.12,
                  "Actual Rows": 132886,
                  "Actual Loops": 4,
                  "Filter": "((company_id > 6930) AND (company_type_id = 1))",
                  "Rows Removed by Filter": 519396
                }
              ]
            }
          ]
        }
      ]
    },
    "Planning Time": 0.23,
    "Triggers": [],
    "Execution Time": 89.986
  }
]