{
  "Plan": {
    "Node Type": "Aggregate",
    "Strategy": "Plain",
    "Partial Mode": "Simple",
    "Parallel Aware": false,
    "Startup Cost": 3118.34,
    "Total Cost": 3118.35,
    "Plan Rows": 1,
    "Plan Width": 8,
    "Actual Startup Time": 14.138,
    "Actual Total Time": 14.142,
    "Actual Rows": 1,
    "Actual Loops": 1,
    "Plans": [
      {
        "Node Type": "Nested Loop",
        "Parent Relationship": "Outer",
        "Parallel Aware": false,
        "Join Type": "Inner",
        "Startup Cost": 7.22,
        "Total Cost": 3118.33,
        "Plan Rows": 6,
        "Plan Width": 0,
        "Actual Startup Time": 6.295,
        "Actual Total Time": 14.097,
        "Actual Rows": 29,
        "Actual Loops": 1,
        "Inner Unique": false,
        "Plans": [
          {
            "Node Type": "Nested Loop",
            "Parent Relationship": "Outer",
            "Parallel Aware": false,
            "Join Type": "Inner",
            "Startup Cost": 6.78,
            "Total Cost": 3006.59,
            "Plan Rows": 1,
            "Plan Width": 8,
            "Actual Startup Time": 6.268,
            "Actual Total Time": 13.983,
            "Actual Rows": 2,
            "Actual Loops": 1,
            "Inner Unique": true,
            "Plans": [
              {
                "Node Type": "Bitmap Heap Scan",
                "Parent Relationship": "Outer",
                "Parallel Aware": false,
                "Relation Name": "movie_keyword",
                "Alias": "mk",
                "Startup Cost": 6.35,
                "Total Cost": 922.98,
                "Plan Rows": 248,
                "Plan Width": 4,
                "Actual Startup Time": 1.691,
                "Actual Total Time": 4.821,
                "Actual Rows": 953,
                "Actual Loops": 1,
                "Recheck Cond": "(keyword_id = 5706)",
                "Rows Removed by Index Recheck": 0,
                "Exact Heap Blocks": 904,
                "Lossy Heap Blocks": 0,
                "Plans": [
                  {
                    "Node Type": "Bitmap Index Scan",
                    "Parent Relationship": "Outer",
                    "Parallel Aware": false,
                    "Index Name": "keyword_id_movie_keyword",
                    "Startup Cost": 0.0,
                    "Total Cost": 6.29,
                    "Plan Rows": 248,
                    "Plan Width": 0,
                    "Actual Startup Time": 1.372,
                    "Actual Total Time": 1.372,
                    "Actual Rows": 953,
                    "Actual Loops": 1,
                    "Index Cond": "(keyword_id = 5706)"
                  }
                ]
              },
              {
                "Node Type": "Index Scan",
                "Parent Relationship": "Inner",
                "Parallel Aware": false,
                "Scan Direction": "Forward",
                "Index Name": "title_pkey",
                "Relation Name": "title",
                "Alias": "t",
                "Startup Cost": 0.43,
                "Total Cost": 8.4,
                "Plan Rows": 1,
                "Plan Width": 4,
                "Actual Startup Time": 0.009,
                "Actual Total Time": 0.009,
                "Actual Rows": 0,
                "Actual Loops": 953,
                "Index Cond": "(id = mk.movie_id)",
                "Rows Removed by Index Recheck": 0,
                "Filter": "(production_year = 1917)",
                "Rows Removed by Filter": 1
              }
            ]
          },
          {
            "Node Type": "Index Only Scan",
            "Parent Relationship": "Inner",
            "Parallel Aware": false,
            "Scan Direction": "Forward",
            "Index Name": "movie_id_movie_info",
            "Relation Name": "movie_info",
            "Alias": "mi",
            "Startup Cost": 0.43,
            "Total Cost": 111.32,
            "Plan Rows": 42,
            "Plan Width": 4,
            "Actual Startup Time": 0.019,
            "Actual Total Time": 0.049,
            "Actual Rows": 14,
            "Actual Loops": 2,
            "Index Cond": "(movie_id = t.id)",
            "Rows Removed by Index Recheck": 0,
            "Heap Fetches": 29
          }
        ]
      }
    ]
  },
  "Planning Time": 0.983,
  "Triggers": [],
  "Execution Time": 14.236
}