[
  {
    "Plan": {
      "Node Type": "Aggregate",
      "Strategy": "Plain",
      "Partial Mode": "Finalize",
      "Parallel Aware": false,
      "Startup Cost": 90186.46,
      "Total Cost": 90186.47,
      "Plan Rows": 1,
      "Plan Width": 8,
      "Actual Startup Time": 504.909,
      "Actual Total Time": 521.9,
      "Actual Rows": 1,
      "Actual Loops": 1,
      "Plans": [
        {
          "Node Type": "Gather",
          "Parent Relationship": "Outer",
          "Parallel Aware": false,
          "Startup Cost": 90186.14,
          "Total Cost": 90186.45,
          "Plan Rows": 3,
          "Plan Width": 8,
          "Actual Startup Time": 495.964,
          "Actual Total Time": 521.89,
          "Actual Rows": 4,
          "Actual Loops": 1,
          "Workers Planned": 3,
          "Workers Launched": 3,
          "Single Copy": false,
          "Plans": [
            {
              "Node Type": "Aggregate",
              "Strategy": "Plain",
              "Partial Mode": "Partial",
              "Parent Relationship": "Outer",
              "Parallel Aware": false,
              "Startup Cost": 89186.14,
              "Total Cost": 89186.15,
              "Plan Rows": 1,
              "Plan Width": 8,
              "Actual Startup Time": 477.18,
              "Actual Total Time": 477.183,
              "Actual Rows": 1,
              "Actual Loops": 4,
              "Plans": [
                {
                  "Node Type": "Hash Join",
                  "Parent Relationship": "Outer",
                  "Parallel Aware": true,
                  "Join Type": "Inner",
                  "Startup Cost": 61664.99,
                  "Total Cost": 88751.09,
                  "Plan Rows": 174023,
                  "Plan Width": 0,
                  "Actual Startup Time": 362.873,
                  "Actual Total Time": 470.642,
                  "Actual Rows": 138932,
                  "Actual Loops": 4,
                  "Inner Unique": true,
                  "Hash Cond": "(mk.movie_id = t.id)",
                  "Plans": [
                    {
                      "Node Type": "Bitmap Heap Scan",
                      "Parent Relationship": "Outer",
                      "Parallel Aware": true,
                      "Relation Name": "movie_keyword",
                      "Alias": "mk",
                      "Startup Cost": 11445.34,
                      "Total Cost": 38074.63,
                      "Plan Rows": 174023,
                      "Plan Width": 4,
                      "Actual Startup Time": 28.855,
                      "Actual Total Time": 82.901,
                      "Actual Rows": 138932,
                      "Actual Loops": 4,
                      "Recheck Cond": "(keyword_id < 398)",
                      "Rows Removed by Index Recheck": 0,
                      "Exact Heap Blocks": 7676,
                      "Lossy Heap Blocks": 0,
                      "Plans": [
                        {
                          "Node Type": "Bitmap Index Scan",
                          "Parent Relationship": "Outer",
                          "Parallel Aware": false,
                          "Index Name": "keyword_id_movie_keyword",
                          "Startup Cost": 0.0,
                          "Total Cost": 11310.47,
                          "Plan Rows": 539472,
                          "Plan Width": 0,
                          "Actual Startup Time": 25.252,
                          "Actual Total Time": 25.253,
                          "Actual Rows": 555726,
                          "Actual Loops": 1,
                          "Index Cond": "(keyword_id < 398)"
                        }
                      ]
                    },
                    {
                      "Node Type": "Hash",
                      "Parent Relationship": "Inner",
                      "Parallel Aware": true,
                      "Startup Cost": 42318.73,
                      "Total Cost": 42318.73,
                      "Plan Rows": 632073,
                      "Plan Width": 4,
                      "Actual Startup Time": 322.685,
                      "Actual Total Time": 322.686,
                      "Actual Rows": 632078,
                      "Actual Loops": 4,
                      "Hash Buckets": 4194304,
                      "Original Hash Buckets": 4194304,
                      "Hash Batches": 1,
                      "Original Hash Batches": 1,
                      "Peak Memory Usage": 131712,
                      "Plans": [
                        {
                          "Node Type": "Seq Scan",
                          "Parent Relationship": "Outer",
                          "Parallel Aware": true,
                          "Relation Name": "title",
                          "Alias": "t",
                          "Startup Cost": 0.0,
                          "Total Cost": 42318.73,
                          "Plan Rows": 632073,
                          "Plan Width": 4,
                          "Actual Startup Time": 0.034,
                          "Actual Total Time": 95.89,
                          "Actual Rows": 632078,
                          "Actual Loops": 4
                        }
                      ]
                    }
                  ]
                }
              ]
            }
          ]
        }
      ]
    },
    "Planning Time": 0.473,
    "Triggers": [],
    "Execution Time": 521.977
  }
]