[
  {
    "Plan": {
      "Node Type": "Aggregate",
      "Strategy": "Plain",
      "Partial Mode": "Finalize",
      "Parallel Aware": false,
      "Startup Cost": 44636.8,
      "Total Cost": 44636.81,
      "Plan Rows": 1,
      "Plan Width": 8,
      "Actual Startup Time": 42.541,
      "Actual Total Time": 54.31,
      "Actual Rows": 1,
      "Actual Loops": 1,
      "Plans": [
        {
          "Node Type": "Gather",
          "Parent Relationship": "Outer",
          "Parallel Aware": false,
          "Startup Cost": 44636.59,
          "Total Cost": 44636.8,
          "Plan Rows": 2,
          "Plan Width": 8,
          "Actual Startup Time": 42.393,
          "Actual Total Time": 54.304,
          "Actual Rows": 3,
          "Actual Loops": 1,
          "Workers Planned": 2,
          "Workers Launched": 2,
          "Single Copy": false,
          "Plans": [
            {
              "Node Type": "Aggregate",
              "Strategy": "Plain",
              "Partial Mode": "Partial",
              "Parent Relationship": "Outer",
              "Parallel Aware": false,
              "Startup Cost": 43636.59,
              "Total Cost": 43636.6,
              "Plan Rows": 1,
              "Plan Width": 8,
              "Actual Startup Time": 39.493,
              "Actual Total Time": 39.495,
              "Actual Rows": 1,
              "Actual Loops": 3,
              "Plans": [
                {
                  "Node Type": "Nested Loop",
                  "Parent Relationship": "Outer",
                  "Parallel Aware": false,
                  "Join Type": "Inner",
                  "Startup Cost": 170.2,
                  "Total Cost": 43635.86,
                  "Plan Rows": 289,
                  "Plan Width": 0,
                  "Actual Startup Time": 1.974,
                  "Actual Total Time": 39.47,
                  "Actual Rows": 141,
                  "Actual Loops": 3,
                  "Inner Unique": false,
                  "Plans": [
                    {
                      "Node Type": "Nested Loop",
                      "Parent Relationship": "Outer",
                      "Parallel Aware": false,
                      "Join Type": "Inner",
                      "Startup Cost": 169.63,
                      "Total Cost": 38943.71,
                      "Plan Rows": 1992,
                      "Plan Width": 8,
                      "Actual Startup Time": 0.866,
                      "Actual Total Time": 20.19,
                      "Actual Rows": 192,
                      "Actual Loops": 3,
                      "Inner Unique": true,
                      "Plans": [
                        {
                          "Node Type": "Bitmap Heap Scan",
                          "Parent Relationship": "Outer",
                          "Parallel Aware": true,
                          "Relation Name": "movie_keyword",
                          "Alias": "mk",
                          "Startup Cost": 169.2,
                          "Total Cost": 16584.09,
                          "Plan Rows": 3267,
                          "Plan Width": 4,
                          "Actual Startup Time": 0.794,
                          "Actual Total Time": 7.259,
                          "Actual Rows": 2175,
                          "Actual Loops": 3,
                          "Recheck Cond": "(keyword_id = 70)",
                          "Rows Removed by Index Recheck": 0,
                          "Exact Heap Blocks": 3586,
                          "Lossy Heap Blocks": 0,
                          "Plans": [
                            {
                              "Node Type": "Bitmap Index Scan",
                              "Parent Relationship": "Outer",
                              "Parallel Aware": false,
                              "Index Name": "keyword_id_movie_keyword",
                              "Startup Cost": 0.0,
                              "Total Cost": 167.24,
                              "Plan Rows": 7841,
                              "Plan Width": 0,
                              "Actual Startup Time": 1.347,
                              "Actual Total Time": 1.348,
                              "Actual Rows": 6525,
                              "Actual Loops": 1,
                              "Index Cond": "(keyword_id = 70)"
                            }
                          ]
                        },
                        {
                          "Node Type": "Index Scan",
                          "Parent Relationship": "Inner",
                          "Parallel Aware": false,
                          "Scan Direction": "Forward",
                          "Index Name": "title_pkey",
                          "Relation Name": "title",
                          "Alias": "t",
                          "Startup Cost": 0.43,
                          "Total Cost": 6.84,
                          "Plan Rows": 1,
                          "Plan Width": 4,
                          "Actual Startup Time": 0.006,
                          "Actual Total Time": 0.006,
                          "Actual Rows": 0,
                          "Actual Loops": 6525,
                          "Index Cond": "(id = mk.movie_id)",
                          "Rows Removed by Index Recheck": 0,
                          "Filter": "(kind_id = 7)",
                          "Rows Removed by Filter": 1
                        }
                      ]
                    },
                    {
                      "Node Type": "Index Scan",
                      "Parent Relationship": "Inner",
                      "Parallel Aware": false,
                      "Scan Direction": "Forward",
                      "Index Name": "movie_id_cast_info",
                      "Relation Name": "cast_info",
                      "Alias": "ci",
                      "Startup Cost": 0.56,
                      "Total Cost": 2.35,
                      "Plan Rows": 1,
                      "Plan Width": 4,
                      "Actual Startup Time": 0.083,
                      "Actual Total Time": 0.1,
                      "Actual Rows": 1,
                      "Actual Loops": 575,
                      "Index Cond": "(movie_id = t.id)",
                      "Rows Removed by Index Recheck": 0,
                      "Filter": "((person_id > 2460049) AND (role_id = 9))",
                      "Rows Removed by Filter": 43
                    }
                  ]
                }
              ]
            }
          ]
        }
      ]
    },
    "Planning Time": 0.496,
    "Triggers": [],
    "Execution Time": 54.357
  }
]