[
  {
    "Plan": {
      "Node Type": "Aggregate",
      "Strategy": "Plain",
      "Partial Mode": "Finalize",
      "Parallel Aware": false,
      "Startup Cost": 40115.19,
      "Total Cost": 40115.2,
      "Plan Rows": 1,
      "Plan Width": 8,
      "Actual Startup Time": 36.329,
      "Actual Total Time": 44.809,
      "Actual Rows": 1,
      "Actual Loops": 1,
      "Plans": [
        {
          "Node Type": "Gather",
          "Parent Relationship": "Outer",
          "Parallel Aware": false,
          "Startup Cost": 40114.97,
          "Total Cost": 40115.18,
          "Plan Rows": 2,
          "Plan Width": 8,
          "Actual Startup Time": 36.165,
          "Actual Total Time": 44.804,
          "Actual Rows": 3,
          "Actual Loops": 1,
          "Workers Planned": 2,
          "Workers Launched": 2,
          "Single Copy": false,
          "Plans": [
            {
              "Node Type": "Aggregate",
              "Strategy": "Plain",
              "Partial Mode": "Partial",
              "Parent Relationship": "Outer",
              "Parallel Aware": false,
              "Startup Cost": 39114.97,
              "Total Cost": 39114.98,
              "Plan Rows": 1,
              "Plan Width": 8,
              "Actual Startup Time": 32.82,
              "Actual Total Time": 32.822,
              "Actual Rows": 1,
              "Actual Loops": 3,
              "Plans": [
                {
                  "Node Type": "Nested Loop",
                  "Parent Relationship": "Outer",
                  "Parallel Aware": false,
                  "Join Type": "Inner",
                  "Startup Cost": 164.9,
                  "Total Cost": 39113.27,
                  "Plan Rows": 682,
                  "Plan Width": 0,
                  "Actual Startup Time": 1.201,
                  "Actual Total Time": 32.587,
                  "Actual Rows": 2840,
                  "Actual Loops": 3,
                  "Inner Unique": false,
                  "Plans": [
                    {
                      "Node Type": "Nested Loop",
                      "Parent Relationship": "Outer",
                      "Parallel Aware": false,
                      "Join Type": "Inner",
                      "Startup Cost": 164.47,
                      "Total Cost": 38403.92,
                      "Plan Rows": 1250,
                      "Plan Width": 8,
                      "Actual Startup Time": 1.139,
                      "Actual Total Time": 21.501,
                      "Actual Rows": 1983,
                      "Actual Loops": 3,
                      "Inner Unique": true,
                      "Plans": [
                        {
                          "Node Type": "Bitmap Heap Scan",
                          "Parent Relationship": "Outer",
                          "Parallel Aware": true,
                          "Relation Name": "movie_keyword",
                          "Alias": "mk",
                          "Startup Cost": 164.04,
                          "Total Cost": 16394.0,
                          "Plan Rows": 3205,
                          "Plan Width": 4,
                          "Actual Startup Time": 0.756,
                          "Actual Total Time": 7.116,
                          "Actual Rows": 2216,
                          "Actual Loops": 3,
                          "Recheck Cond": "(keyword_id = 500)",
                          "Rows Removed by Index Recheck": 0,
                          "Exact Heap Blocks": 3118,
                          "Lossy Heap Blocks": 0,
                          "Plans": [
                            {
                              "Node Type": "Bitmap Index Scan",
                              "Parent Relationship": "Outer",
                              "Parallel Aware": false,
                              "Index Name": "keyword_id_movie_keyword",
                              "Startup Cost": 0.0,
                              "Total Cost": 162.12,
                              "Plan Rows": 7691,
                              "Plan Width": 0,
                              "Actual Startup Time": 1.414,
                              "Actual Total Time": 1.415,
                              "Actual Rows": 6649,
                              "Actual Loops": 1,
                              "Index Cond": "(keyword_id = 500)"
                            }
                          ]
                        },
                        {
                          "Node Type": "Index Scan",
                          "Parent Relationship": "Inner",
                          "Parallel Aware": false,
                          "Scan Direction": "Forward",
                          "Index Name": "title_pkey",
                          "Relation Name": "title",
                          "Alias": "t",
                          "Startup Cost": 0.43,
                          "Total Cost": 6.87,
                          "Plan Rows": 1,
                          "Plan Width": 4,
                          "Actual Startup Time": 0.006,
                          "Actual Total Time": 0.006,
                          "Actual Rows": 1,
                          "Actual Loops": 6649,
                          "Index Cond": "(id = mk.movie_id)",
                          "Rows Removed by Index Recheck": 0,
                          "Filter": "(kind_id < 7)",
                          "Rows Removed by Filter": 0
                        }
                      ]
                    },
                    {
                      "Node Type": "Index Only Scan",
                      "Parent Relationship": "Inner",
                      "Parallel Aware": false,
                      "Scan Direction": "Forward",
                      "Index Name": "movie_id_movie_info_idx",
                      "Relation Name": "movie_info_idx",
                      "Alias": "mi_idx",
                      "Startup Cost": 0.43,
                      "Total Cost": 0.54,
                      "Plan Rows": 3,
                      "Plan Width": 4,
                      "Actual Startup Time": 0.005,
                      "Actual Total Time": 0.005,
                      "Actual Rows": 1,
                      "Actual Loops": 5949,
                      "Index Cond": "(movie_id = t.id)",
                      "Rows Removed by Index Recheck": 0,
                      "Heap Fetches": 8521
                    }
                  ]
                }
              ]
            }
          ]
        }
      ]
    },
    "Planning Time": 0.477,
    "Triggers": [],
    "Execution Time": 44.852
  }
]