[
  {
    "Plan": {
      "Node Type": "Aggregate",
      "Strategy": "Plain",
      "Partial Mode": "Finalize",
      "Parallel Aware": false,
      "Startup Cost": 39555.72,
      "Total Cost": 39555.73,
      "Plan Rows": 1,
      "Plan Width": 8,
      "Actual Startup Time": 54.997,
      "Actual Total Time": 62.187,
      "Actual Rows": 1,
      "Actual Loops": 1,
      "Plans": [
        {
          "Node Type": "Gather",
          "Parent Relationship": "Outer",
          "Parallel Aware": false,
          "Startup Cost": 39555.51,
          "Total Cost": 39555.72,
          "Plan Rows": 2,
          "Plan Width": 8,
          "Actual Startup Time": 54.771,
          "Actual Total Time": 62.18,
          "Actual Rows": 3,
          "Actual Loops": 1,
          "Workers Planned": 2,
          "Workers Launched": 2,
          "Single Copy": false,
          "Plans": [
            {
              "Node Type": "Aggregate",
              "Strategy": "Plain",
              "Partial Mode": "Partial",
              "Parent Relationship": "Outer",
              "Parallel Aware": false,
              "Startup Cost": 38555.51,
              "Total Cost": 38555.52,
              "Plan Rows": 1,
              "Plan Width": 8,
              "Actual Startup Time": 46.509,
              "Actual Total Time": 46.511,
              "Actual Rows": 1,
              "Actual Loops": 3,
              "Plans": [
                {
                  "Node Type": "Nested Loop",
                  "Parent Relationship": "Outer",
                  "Parallel Aware": false,
                  "Join Type": "Inner",
                  "Startup Cost": 163.73,
                  "Total Cost": 38553.83,
                  "Plan Rows": 672,
                  "Plan Width": 0,
                  "Actual Startup Time": 2.953,
                  "Actual Total Time": 46.188,
                  "Actual Rows": 2840,
                  "Actual Loops": 3,
                  "Inner Unique": false,
                  "Plans": [
                    {
                      "Node Type": "Nested Loop",
                      "Parent Relationship": "Outer",
                      "Parallel Aware": false,
                      "Join Type": "Inner",
                      "Startup Cost": 163.3,
                      "Total Cost": 37855.05,
                      "Plan Rows": 1232,
                      "Plan Width": 8,
                      "Actual Startup Time": 2.778,
                      "Actual Total Time": 32.182,
                      "Actual Rows": 1983,
                      "Actual Loops": 3,
                      "Inner Unique": true,
                      "Plans": [
                        {
                          "Node Type": "Bitmap Heap Scan",
                          "Parent Relationship": "Outer",
                          "Parallel Aware": true,
                          "Relation Name": "movie_keyword",
                          "Alias": "mk",
                          "Startup Cost": 162.87,
                          "Total Cost": 16204.0,
                          "Plan Rows": 3142,
                          "Plan Width": 4,
                          "Actual Startup Time": 2.392,
                          "Actual Total Time": 10.681,
                          "Actual Rows": 2216,
                          "Actual Loops": 3,
                          "Recheck Cond": "(keyword_id = 500)",
                          "Rows Removed by Index Recheck": 0,
                          "Exact Heap Blocks": 3080,
                          "Lossy Heap Blocks": 0,
                          "Plans": [
                            {
                              "Node Type": "Bitmap Index Scan",
                              "Parent Relationship": "Outer",
                              "Parallel Aware": false,
                              "Index Name": "keyword_id_movie_keyword",
                              "Startup Cost": 0.0,
                              "Total Cost": 160.98,
                              "Plan Rows": 7540,
                              "Plan Width": 0,
                              "Actual Startup Time": 4.507,
                              "Actual Total Time": 4.507,
                              "Actual Rows": 6649,
                              "Actual Loops": 1,
                              "Index Cond": "(keyword_id = 500)"
                            }
                          ]
                        },
                        {
                          "Node Type": "Index Scan",
                          "Parent Relationship": "Inner",
                          "Parallel Aware": false,
                          "Scan Direction": "Forward",
                          "Index Name": "title_pkey",
                          "Relation Name": "title",
                          "Alias": "t",
                          "Startup Cost": 0.43,
                          "Total Cost": 6.89,
                          "Plan Rows": 1,
                          "Plan Width": 4,
                          "Actual Startup Time": 0.009,
                          "Actual Total Time": 0.009,
                          "Actual Rows": 1,
                          "Actual Loops": 6649,
                          "Index Cond": "(id = mk.movie_id)",
                          "Rows Removed by Index Recheck": 0,
                          "Filter": "(kind_id < 7)",
                          "Rows Removed by Filter": 0
                        }
                      ]
                    },
                    {
                      "Node Type": "Index Only Scan",
                      "Parent Relationship": "Inner",
                      "Parallel Aware": false,
                      "Scan Direction": "Forward",
                      "Index Name": "movie_id_movie_info_idx",
                      "Relation Name": "movie_info_idx",
                      "Alias": "mi_idx",
                      "Startup Cost": 0.43,
                      "Total Cost": 0.54,
                      "Plan Rows": 3,
                      "Plan Width": 4,
                      "Actual Startup Time": 0.006,
                      "Actual Total Time": 0.007,
                      "Actual Rows": 1,
                      "Actual Loops": 5949,
                      "Index Cond": "(movie_id = t.id)",
                      "Rows Removed by Index Recheck": 0,
                      "Heap Fetches": 8521
                    }
                  ]
                }
              ]
            }
          ]
        }
      ]
    },
    "Planning Time": 1.345,
    "Triggers": [],
    "Execution Time": 62.286
  }
]