[
  {
    "Plan": {
      "Node Type": "Aggregate",
      "Strategy": "Plain",
      "Partial Mode": "Finalize",
      "Parallel Aware": false,
      "Startup Cost": 419700.35,
      "Total Cost": 419700.36,
      "Plan Rows": 1,
      "Plan Width": 8,
      "Actual Startup Time": 1883.872,
      "Actual Total Time": 1939.164,
      "Actual Rows": 1,
      "Actual Loops": 1,
      "Plans": [
        {
          "Node Type": "Gather",
          "Parent Relationship": "Outer",
          "Parallel Aware": false,
          "Startup Cost": 419699.72,
          "Total Cost": 419700.33,
          "Plan Rows": 6,
          "Plan Width": 8,
          "Actual Startup Time": 1866.546,
          "Actual Total Time": 1939.147,
          "Actual Rows": 7,
          "Actual Loops": 1,
          "Workers Planned": 6,
          "Workers Launched": 6,
          "Single Copy": false,
          "Plans": [
            {
              "Node Type": "Aggregate",
              "Strategy": "Plain",
              "Partial Mode": "Partial",
              "Parent Relationship": "Outer",
              "Parallel Aware": false,
              "Startup Cost": 418699.72,
              "Total Cost": 418699.73,
              "Plan Rows": 1,
              "Plan Width": 8,
              "Actual Startup Time": 1855.232,
              "Actual Total Time": 1855.404,
              "Actual Rows": 1,
              "Actual Loops": 7,
              "Plans": [
                {
                  "Node Type": "Hash Join",
                  "Parent Relationship": "Outer",
                  "Parallel Aware": true,
                  "Join Type": "Inner",
                  "Startup Cost": 79454.54,
                  "Total Cost": 417348.2,
                  "Plan Rows": 540610,
                  "Plan Width": 0,
                  "Actual Startup Time": 385.711,
                  "Actual Total Time": 1735.143,
                  "Actual Rows": 2480066,
                  "Actual Loops": 7,
                  "Inner Unique": false,
                  "Hash Cond": "(ci.movie_id = t.id)",
                  "Plans": [
                    {
                      "Node Type": "Seq Scan",
                      "Parent Relationship": "Outer",
                      "Parallel Aware": true,
                      "Relation Name": "cast_info",
                      "Alias": "ci",
                      "Startup Cost": 0.0,
                      "Total Cost": 328211.39,
                      "Plan Rows": 2116898,
                      "Plan Width": 4,
                      "Actual Startup Time": 0.064,
                      "Actual Total Time": 690.693,
                      "Actual Rows": 1810098,
                      "Actual Loops": 7,
                      "Filter": "(role_id = 1)",
                      "Rows Removed by Filter": 3367665
                    },
                    {
                      "Node Type": "Hash",
                      "Parent Relationship": "Inner",
                      "Parallel Aware": true,
                      "Startup Cost": 76850.89,
                      "Total Cost": 76850.89,
                      "Plan Rows": 208292,
                      "Plan Width": 8,
                      "Actual Startup Time": 382.081,
                      "Actual Total Time": 382.243,
                      "Actual Rows": 168707,
                      "Actual Loops": 7,
                      "Hash Buckets": 2097152,
                      "Original Hash Buckets": 1048576,
                      "Hash Batches": 1,
                      "Original Hash Batches": 1,
                      "Peak Memory Usage": 70880,
                      "Plans": [
                        {
                          "Node Type": "Hash Join",
                          "Parent Relationship": "Outer",
                          "Parallel Aware": true,
                          "Join Type": "Inner",
                          "Startup Cost": 47435.0,
                          "Total Cost": 76850.89,
                          "Plan Rows": 208292,
                          "Plan Width": 8,
                          "Actual Startup Time": 159.173,
                          "Actual Total Time": 279.82,
                          "Actual Rows": 168707,
                          "Actual Loops": 7,
                          "Inner Unique": true,
                          "Hash Cond": "(mc.movie_id = t.id)",
                          "Plans": [
                            {
                              "Node Type": "Seq Scan",
                              "Parent Relationship": "Outer",
                              "Parallel Aware": true,
                              "Relation Name": "movie_companies",
                              "Alias": "mc",
                              "Startup Cost": 0.0,
                              "Total Cost": 27206.55,
                              "Plan Rows": 841655,
                              "Plan Width": 4,
                              "Actual Startup Time": 0.009,
                              "Actual Total Time": 44.84,
                              "Actual Rows": 372733,
                              "Actual Loops": 7
                            },
                            {
                              "Node Type": "Hash",
                              "Parent Relationship": "Inner",
                              "Parallel Aware": true,
                              "Startup Cost": 45479.59,
                              "Total Cost": 45479.59,
                              "Plan Rows": 156433,
                              "Plan Width": 4,
                              "Actual Startup Time": 136.346,
                              "Actual Total Time": 136.347,
                              "Actual Rows": 85209,
                              "Actual Loops": 7,
                              "Hash Buckets": 1048576,
                              "Original Hash Buckets": 1048576,
                              "Hash Batches": 1,
                              "Original Hash Batches": 1,
                              "Peak Memory Usage": 31648,
                              "Plans": [
                                {
                                  "Node Type": "Seq Scan",
                                  "Parent Relationship": "Outer",
                                  "Parallel Aware": true,
                                  "Relation Name": "title",
                                  "Alias": "t",
                                  "Startup Cost": 0.0,
                                  "Total Cost": 45479.59,
                                  "Plan Rows": 156433,
                                  "Plan Width": 4,
                                  "Actual Startup Time": 47.547,
                                  "Actual Total Time": 88.96,
                                  "Actual Rows": 85209,
                                  "Actual Loops": 7,
                                  "Filter": "((production_year > 1914) AND (kind_id = 1))",
                                  "Rows Removed by Filter": 275978
                                }
                              ]
                            }
                          ]
                        }
                      ]
                    }
                  ]
                }
              ]
            }
          ]
        }
      ]
    },
    "Planning Time": 1.406,
    "Triggers": [],
    "Execution Time": 1939.26
  }
]