[
  {
    "Plan": {
      "Node Type": "Aggregate",
      "Strategy": "Plain",
      "Partial Mode": "Finalize",
      "Parallel Aware": false,
      "Startup Cost": 419503.26,
      "Total Cost": 419503.27,
      "Plan Rows": 1,
      "Plan Width": 8,
      "Actual Startup Time": 1798.547,
      "Actual Total Time": 1862.146,
      "Actual Rows": 1,
      "Actual Loops": 1,
      "Plans": [
        {
          "Node Type": "Gather",
          "Parent Relationship": "Outer",
          "Parallel Aware": false,
          "Startup Cost": 419502.63,
          "Total Cost": 419503.24,
          "Plan Rows": 6,
          "Plan Width": 8,
          "Actual Startup Time": 1786.005,
          "Actual Total Time": 1862.134,
          "Actual Rows": 7,
          "Actual Loops": 1,
          "Workers Planned": 6,
          "Workers Launched": 6,
          "Single Copy": false,
          "Plans": [
            {
              "Node Type": "Aggregate",
              "Strategy": "Plain",
              "Partial Mode": "Partial",
              "Parent Relationship": "Outer",
              "Parallel Aware": false,
              "Startup Cost": 418502.63,
              "Total Cost": 418502.64,
              "Plan Rows": 1,
              "Plan Width": 8,
              "Actual Startup Time": 1775.278,
              "Actual Total Time": 1775.432,
              "Actual Rows": 1,
              "Actual Loops": 7,
              "Plans": [
                {
                  "Node Type": "Hash Join",
                  "Parent Relationship": "Outer",
                  "Parallel Aware": true,
                  "Join Type": "Inner",
                  "Startup Cost": 79483.19,
                  "Total Cost": 417166.54,
                  "Plan Rows": 534438,
                  "Plan Width": 0,
                  "Actual Startup Time": 354.263,
                  "Actual Total Time": 1664.276,
                  "Actual Rows": 2480066,
                  "Actual Loops": 7,
                  "Inner Unique": false,
                  "Hash Cond": "(ci.movie_id = t.id)",
                  "Plans": [
                    {
                      "Node Type": "Seq Scan",
                      "Parent Relationship": "Outer",
                      "Parallel Aware": true,
                      "Relation Name": "cast_info",
                      "Alias": "ci",
                      "Startup Cost": 0.0,
                      "Total Cost": 328162.03,
                      "Plan Rows": 2079287,
                      "Plan Width": 4,
                      "Actual Startup Time": 0.03,
                      "Actual Total Time": 643.381,
                      "Actual Rows": 1810098,
                      "Actual Loops": 7,
                      "Filter": "(role_id = 1)",
                      "Rows Removed by Filter": 3367665
                    },
                    {
                      "Node Type": "Hash",
                      "Parent Relationship": "Inner",
                      "Parallel Aware": true,
                      "Startup Cost": 76862.84,
                      "Total Cost": 76862.84,
                      "Plan Rows": 209628,
                      "Plan Width": 8,
                      "Actual Startup Time": 350.883,
                      "Actual Total Time": 351.036,
                      "Actual Rows": 168707,
                      "Actual Loops": 7,
                      "Hash Buckets": 2097152,
                      "Original Hash Buckets": 1048576,
                      "Hash Batches": 1,
                      "Original Hash Batches": 1,
                      "Peak Memory Usage": 70880,
                      "Plans": [
                        {
                          "Node Type": "Hash Join",
                          "Parent Relationship": "Outer",
                          "Parallel Aware": true,
                          "Join Type": "Inner",
                          "Startup Cost": 47446.95,
                          "Total Cost": 76862.84,
                          "Plan Rows": 209628,
                          "Plan Width": 8,
                          "Actual Startup Time": 144.684,
                          "Actual Total Time": 260.009,
                          "Actual Rows": 168707,
                          "Actual Loops": 7,
                          "Inner Unique": true,
                          "Hash Cond": "(mc.movie_id = t.id)",
                          "Plans": [
                            {
                              "Node Type": "Seq Scan",
                              "Parent Relationship": "Outer",
                              "Parallel Aware": true,
                              "Relation Name": "movie_companies",
                              "Alias": "mc",
                              "Startup Cost": 0.0,
                              "Total Cost": 27206.55,
                              "Plan Rows": 841655,
                              "Plan Width": 4,
                              "Actual Startup Time": 0.022,
                              "Actual Total Time": 40.724,
                              "Actual Rows": 372733,
                              "Actual Loops": 7
                            },
                            {
                              "Node Type": "Hash",
                              "Parent Relationship": "Inner",
                              "Parallel Aware": true,
                              "Startup Cost": 45479.1,
                              "Total Cost": 45479.1,
                              "Plan Rows": 157428,
                              "Plan Width": 4,
                              "Actual Startup Time": 122.985,
                              "Actual Total Time": 122.986,
                              "Actual Rows": 85209,
                              "Actual Loops": 7,
                              "Hash Buckets": 1048576,
                              "Original Hash Buckets": 1048576,
                              "Hash Batches": 1,
                              "Original Hash Batches": 1,
                              "Peak Memory Usage": 31648,
                              "Plans": [
                                {
                                  "Node Type": "Seq Scan",
                                  "Parent Relationship": "Outer",
                                  "Parallel Aware": true,
                                  "Relation Name": "title",
                                  "Alias": "t",
                                  "Startup Cost": 0.0,
                                  "Total Cost": 45479.1,
                                  "Plan Rows": 157428,
                                  "Plan Width": 4,
                                  "Actual Startup Time": 43.996,
                                  "Actual Total Time": 80.811,
                                  "Actual Rows": 85209,
                                  "Actual Loops": 7,
                                  "Filter": "((production_year > 1914) AND (kind_id = 1))",
                                  "Rows Removed by Filter": 275978
                                }
                              ]
                            }
                          ]
                        }
                      ]
                    }
                  ]
                }
              ]
            }
          ]
        }
      ]
    },
    "Planning Time": 1.402,
    "Triggers": [],
    "Execution Time": 1862.245
  }
]