{
  "Plan": {
    "Node Type": "Aggregate",
    "Strategy": "Plain",
    "Partial Mode": "Finalize",
    "Parallel Aware": false,
    "Startup Cost": 335509.21,
    "Total Cost": 335509.22,
    "Plan Rows": 1,
    "Plan Width": 8,
    "Actual Startup Time": 1621.218,
    "Actual Total Time": 1704.864,
    "Actual Rows": 1,
    "Actual Loops": 1,
    "Plans": [
      {
        "Node Type": "Gather",
        "Parent Relationship": "Outer",
        "Parallel Aware": false,
        "Startup Cost": 335509.09,
        "Total Cost": 335509.2,
        "Plan Rows": 1,
        "Plan Width": 8,
        "Actual Startup Time": 1620.035,
        "Actual Total Time": 1704.856,
        "Actual Rows": 2,
        "Actual Loops": 1,
        "Workers Planned": 1,
        "Workers Launched": 1,
        "Single Copy": false,
        "Plans": [
          {
            "Node Type": "Aggregate",
            "Strategy": "Plain",
            "Partial Mode": "Partial",
            "Parent Relationship": "Outer",
            "Parallel Aware": false,
            "Startup Cost": 334509.09,
            "Total Cost": 334509.1,
            "Plan Rows": 1,
            "Plan Width": 8,
            "Actual Startup Time": 1613.609,
            "Actual Total Time": 1613.613,
            "Actual Rows": 1,
            "Actual Loops": 2,
            "Plans": [
              {
                "Node Type": "Nested Loop",
                "Parent Relationship": "Outer",
                "Parallel Aware": false,
                "Join Type": "Inner",
                "Startup Cost": 58527.6,
                "Total Cost": 332451.08,
                "Plan Rows": 823204,
                "Plan Width": 0,
                "Actual Startup Time": 229.979,
                "Actual Total Time": 1561.213,
                "Actual Rows": 1085197,
                "Actual Loops": 2,
                "Inner Unique": false,
                "Plans": [
                  {
                    "Node Type": "Hash Join",
                    "Parent Relationship": "Outer",
                    "Parallel Aware": true,
                    "Join Type": "Inner",
                    "Startup Cost": 58527.04,
                    "Total Cost": 77321.16,
                    "Plan Rows": 57450,
                    "Plan Width": 8,
                    "Actual Startup Time": 229.904,
                    "Actual Total Time": 363.528,
                    "Actual Rows": 32042,
                    "Actual Loops": 2,
                    "Inner Unique": true,
                    "Hash Cond": "(mi_idx.movie_id = t.id)",
                    "Plans": [
                      {
                        "Node Type": "Seq Scan",
                        "Parent Relationship": "Outer",
                        "Parallel Aware": true,
                        "Relation Name": "movie_info_idx",
                        "Alias": "mi_idx",
                        "Startup Cost": 0.0,
                        "Total Cost": 18082.32,
                        "Plan Rows": 271164,
                        "Plan Width": 4,
                        "Actual Startup Time": 0.02,
                        "Actual Total Time": 52.309,
                        "Actual Rows": 230092,
                        "Actual Loops": 2,
                        "Filter": "(info_type_id > 100)",
                        "Rows Removed by Filter": 459925
                      },
                      {
                        "Node Type": "Hash",
                        "Parent Relationship": "Inner",
                        "Parallel Aware": true,
                        "Startup Cost": 54588.39,
                        "Total Cost": 54588.39,
                        "Plan Rows": 315092,
                        "Plan Width": 4,
                        "Actual Startup Time": 220.92,
                        "Actual Total Time": 220.921,
                        "Actual Rows": 266684,
                        "Actual Loops": 2,
                        "Hash Buckets": 1048576,
                        "Original Hash Buckets": 1048576,
                        "Hash Batches": 1,
                        "Original Hash Batches": 1,
                        "Peak Memory Usage": 29088,
                        "Plans": [
                          {
                            "Node Type": "Seq Scan",
                            "Parent Relationship": "Outer",
                            "Parallel Aware": true,
                            "Relation Name": "title",
                            "Alias": "t",
                            "Startup Cost": 0.0,
                            "Total Cost": 54588.39,
                            "Plan Rows": 315092,
                            "Plan Width": 4,
                            "Actual Startup Time": 0.033,
                            "Actual Total Time": 146.489,
                            "Actual Rows": 266684,
                            "Actual Loops": 2,
                            "Filter": "(production_year > 2009)",
                            "Rows Removed by Filter": 997472
                          }
                        ]
                      }
                    ]
                  },
                  {
                    "Node Type": "Index Only Scan",
                    "Parent Relationship": "Inner",
                    "Parallel Aware": false,
                    "Scan Direction": "Forward",
                    "Index Name": "movie_id_cast_info",
                    "Relation Name": "cast_info",
                    "Alias": "ci",
                    "Startup Cost": 0.56,
                    "Total Cost": 4.07,
                    "Plan Rows": 37,
                    "Plan Width": 4,
                    "Actual Startup Time": 0.006,
                    "Actual Total Time": 0.035,
                    "Actual Rows": 34,
                    "Actual Loops": 64083,
                    "Index Cond": "(movie_id = t.id)",
                    "Rows Removed by Index Recheck": 0,
                    "Heap Fetches": 2170394
                  }
                ]
              }
            ]
          }
        ]
      }
    ]
  },
  "Planning Time": 0.992,
  "Triggers": [],
  "Execution Time": 1704.967
}