{
  "Plan": {
    "Node Type": "Aggregate",
    "Strategy": "Plain",
    "Partial Mode": "Finalize",
    "Parallel Aware": false,
    "Startup Cost": 203606.34,
    "Total Cost": 203606.35,
    "Plan Rows": 1,
    "Plan Width": 8,
    "Actual Startup Time": 1033.738,
    "Actual Total Time": 1049.357,
    "Actual Rows": 1,
    "Actual Loops": 1,
    "Plans": [
      {
        "Node Type": "Gather",
        "Parent Relationship": "Outer",
        "Parallel Aware": false,
        "Startup Cost": 203606.23,
        "Total Cost": 203606.34,
        "Plan Rows": 1,
        "Plan Width": 8,
        "Actual Startup Time": 1031.612,
        "Actual Total Time": 1049.348,
        "Actual Rows": 2,
        "Actual Loops": 1,
        "Workers Planned": 1,
        "Workers Launched": 1,
        "Single Copy": false,
        "Plans": [
          {
            "Node Type": "Aggregate",
            "Strategy": "Plain",
            "Partial Mode": "Partial",
            "Parent Relationship": "Outer",
            "Parallel Aware": false,
            "Startup Cost": 202606.23,
            "Total Cost": 202606.24,
            "Plan Rows": 1,
            "Plan Width": 8,
            "Actual Startup Time": 1025.9,
            "Actual Total Time": 1025.904,
            "Actual Rows": 1,
            "Actual Loops": 2,
            "Plans": [
              {
                "Node Type": "Hash Join",
                "Parent Relationship": "Outer",
                "Parallel Aware": true,
                "Join Type": "Inner",
                "Startup Cost": 57741.0,
                "Total Cost": 201812.83,
                "Plan Rows": 317362,
                "Plan Width": 0,
                "Actual Startup Time": 179.839,
                "Actual Total Time": 1008.651,
                "Actual Rows": 393532,
                "Actual Loops": 2,
                "Inner Unique": true,
                "Hash Cond": "(ci.movie_id = t.id)",
                "Plans": [
                  {
                    "Node Type": "Index Scan",
                    "Parent Relationship": "Outer",
                    "Parallel Aware": true,
                    "Scan Direction": "Forward",
                    "Index Name": "role_id_cast_info",
                    "Relation Name": "cast_info",
                    "Alias": "ci",
                    "Startup Cost": 0.56,
                    "Total Cost": 140896.75,
                    "Plan Rows": 1209767,
                    "Plan Width": 4,
                    "Actual Startup Time": 0.064,
                    "Actual Total Time": 349.92,
                    "Actual Rows": 1787472,
                    "Actual Loops": 2,
                    "Index Cond": "(role_id = 10)",
                    "Rows Removed by Index Recheck": 0,
                    "Filter": "(person_id > 1932683)",
                    "Rows Removed by Filter": 374038
                  },
                  {
                    "Node Type": "Hash",
                    "Parent Relationship": "Inner",
                    "Parallel Aware": true,
                    "Startup Cost": 52863.55,
                    "Total Cost": 52863.55,
                    "Plan Rows": 390151,
                    "Plan Width": 4,
                    "Actual Startup Time": 173.746,
                    "Actual Total Time": 173.747,
                    "Actual Rows": 331412,
                    "Actual Loops": 2,
                    "Hash Buckets": 1048576,
                    "Original Hash Buckets": 1048576,
                    "Hash Batches": 1,
                    "Original Hash Batches": 1,
                    "Peak Memory Usage": 34176,
                    "Plans": [
                      {
                        "Node Type": "Bitmap Heap Scan",
                        "Parent Relationship": "Outer",
                        "Parallel Aware": true,
                        "Relation Name": "title",
                        "Alias": "t",
                        "Startup Cost": 11988.66,
                        "Total Cost": 52863.55,
                        "Plan Rows": 390151,
                        "Plan Width": 4,
                        "Actual Startup Time": 27.3,
                        "Actual Total Time": 89.025,
                        "Actual Rows": 331412,
                        "Actual Loops": 2,
                        "Recheck Cond": "(kind_id = 1)",
                        "Rows Removed by Index Recheck": 0,
                        "Exact Heap Blocks": 7587,
                        "Lossy Heap Blocks": 0,
                        "Plans": [
                          {
                            "Node Type": "Bitmap Index Scan",
                            "Parent Relationship": "Outer",
                            "Parallel Aware": false,
                            "Index Name": "kind_id_title",
                            "Startup Cost": 0.0,
                            "Total Cost": 11822.85,
                            "Plan Rows": 663256,
                            "Plan Width": 0,
                            "Actual Startup Time": 25.481,
                            "Actual Total Time": 25.481,
                            "Actual Rows": 662825,
                            "Actual Loops": 1,
                            "Index Cond": "(kind_id = 1)"
                          }
                        ]
                      }
                    ]
                  }
                ]
              }
            ]
          }
        ]
      }
    ]
  },
  "Planning Time": 0.438,
  "Triggers": [],
  "Execution Time": 1049.423
}