{
    "Plan": {
        "Node Type": "Aggregate",
        "Strategy": "Plain",
        "Partial Mode": "Finalize",
        "Parallel Aware": false,
        "Startup Cost": 693314.63,
        "Total Cost": 693314.64,
        "Plan Rows": 1,
        "Plan Width": 8,
        "Actual Startup Time": 10662.841,
        "Actual Total Time": 10780.669,
        "Actual Rows": 1,
        "Actual Loops": 1,
        "Output": [
            "count(*)"
        ],
        "Plans": [
            {
                "Node Type": "Gather",
                "Parent Relationship": "Outer",
                "Parallel Aware": false,
                "Startup Cost": 693314.01,
                "Total Cost": 693314.62,
                "Plan Rows": 6,
                "Plan Width": 8,
                "Actual Startup Time": 10562.891,
                "Actual Total Time": 10780.656,
                "Actual Rows": 7,
                "Actual Loops": 1,
                "Output": [
                    "(PARTIAL count(*))"
                ],
                "Workers Planned": 6,
                "Workers Launched": 6,
                "Single Copy": false,
                "Plans": [
                    {
                        "Node Type": "Aggregate",
                        "Strategy": "Plain",
                        "Partial Mode": "Partial",
                        "Parent Relationship": "Outer",
                        "Parallel Aware": false,
                        "Startup Cost": 692314.01,
                        "Total Cost": 692314.02,
                        "Plan Rows": 1,
                        "Plan Width": 8,
                        "Actual Startup Time": 10505.773,
                        "Actual Total Time": 10505.779,
                        "Actual Rows": 1,
                        "Actual Loops": 7,
                        "Output": [
                            "PARTIAL count(*)"
                        ],
                        "Workers": [
                            {
                                "Worker Number": 0,
                                "Actual Startup Time": 10496.369,
                                "Actual Total Time": 10496.373,
                                "Actual Rows": 1,
                                "Actual Loops": 1
                            },
                            {
                                "Worker Number": 1,
                                "Actual Startup Time": 10496.451,
                                "Actual Total Time": 10496.455,
                                "Actual Rows": 1,
                                "Actual Loops": 1
                            },
                            {
                                "Worker Number": 2,
                                "Actual Startup Time": 10496.255,
                                "Actual Total Time": 10496.26,
                                "Actual Rows": 1,
                                "Actual Loops": 1
                            },
                            {
                                "Worker Number": 3,
                                "Actual Startup Time": 10496.391,
                                "Actual Total Time": 10496.395,
                                "Actual Rows": 1,
                                "Actual Loops": 1
                            },
                            {
                                "Worker Number": 4,
                                "Actual Startup Time": 10496.326,
                                "Actual Total Time": 10496.333,
                                "Actual Rows": 1,
                                "Actual Loops": 1
                            },
                            {
                                "Worker Number": 5,
                                "Actual Startup Time": 10496.716,
                                "Actual Total Time": 10496.721,
                                "Actual Rows": 1,
                                "Actual Loops": 1
                            }
                        ],
                        "Plans": [
                            {
                                "Node Type": "Hash Join",
                                "Parent Relationship": "Outer",
                                "Parallel Aware": true,
                                "Join Type": "Inner",
                                "Startup Cost": 282851.33,
                                "Total Cost": 662958.73,
                                "Plan Rows": 11742110,
                                "Plan Width": 0,
                                "Actual Startup Time": 2589.704,
                                "Actual Total Time": 9065.147,
                                "Actual Rows": 31265515,
                                "Actual Loops": 7,
                                "Inner Unique": false,
                                "Hash Cond": "(ci.movie_id = t.id)",
                                "Workers": [
                                    {
                                        "Worker Number": 0,
                                        "Actual Startup Time": 2581.479,
                                        "Actual Total Time": 9022.418,
                                        "Actual Rows": 33324026,
                                        "Actual Loops": 1
                                    },
                                    {
                                        "Worker Number": 1,
                                        "Actual Startup Time": 2581.485,
                                        "Actual Total Time": 9018.021,
                                        "Actual Rows": 33485786,
                                        "Actual Loops": 1
                                    },
                                    {
                                        "Worker Number": 2,
                                        "Actual Startup Time": 2581.411,
                                        "Actual Total Time": 9151.226,
                                        "Actual Rows": 29445518,
                                        "Actual Loops": 1
                                    },
                                    {
                                        "Worker Number": 3,
                                        "Actual Startup Time": 2581.563,
                                        "Actual Total Time": 9028.636,
                                        "Actual Rows": 33406356,
                                        "Actual Loops": 1
                                    },
                                    {
                                        "Worker Number": 4,
                                        "Actual Startup Time": 2581.496,
                                        "Actual Total Time": 9072.465,
                                        "Actual Rows": 32317000,
                                        "Actual Loops": 1
                                    },
                                    {
                                        "Worker Number": 5,
                                        "Actual Startup Time": 2581.61,
                                        "Actual Total Time": 9087.294,
                                        "Actual Rows": 26812047,
                                        "Actual Loops": 1
                                    }
                                ],
                                "Plans": [
                                    {
                                        "Node Type": "Seq Scan",
                                        "Parent Relationship": "Outer",
                                        "Parallel Aware": true,
                                        "Relation Name": "cast_info",
                                        "Schema": "public",
                                        "Alias": "ci",
                                        "Startup Cost": 0.0,
                                        "Total Cost": 343318.94,
                                        "Plan Rows": 2660849,
                                        "Plan Width": 4,
                                        "Actual Startup Time": 239.846,
                                        "Actual Total Time": 786.193,
                                        "Actual Rows": 2903552,
                                        "Actual Loops": 7,
                                        "Output": [
                                            "ci.id",
                                            "ci.person_id",
                                            "ci.movie_id",
                                            "ci.person_role_id",
                                            "ci.note",
                                            "ci.nr_order",
                                            "ci.role_id"
                                        ],
                                        "Filter": "((ci.person_id > 1146551) AND (ci.role_id > 1))",
                                        "Rows Removed by Filter": 2274211,
                                        "Workers": [
                                            {
                                                "Worker Number": 0,
                                                "Actual Startup Time": 239.837,
                                                "Actual Total Time": 806.71,
                                                "Actual Rows": 3003397,
                                                "Actual Loops": 1
                                            },
                                            {
                                                "Worker Number": 1,
                                                "Actual Startup Time": 239.877,
                                                "Actual Total Time": 813.683,
                                                "Actual Rows": 3052424,
                                                "Actual Loops": 1
                                            },
                                            {
                                                "Worker Number": 2,
                                                "Actual Startup Time": 239.843,
                                                "Actual Total Time": 786.887,
                                                "Actual Rows": 2655562,
                                                "Actual Loops": 1
                                            },
                                            {
                                                "Worker Number": 3,
                                                "Actual Startup Time": 239.812,
                                                "Actual Total Time": 812.472,
                                                "Actual Rows": 3035560,
                                                "Actual Loops": 1
                                            },
                                            {
                                                "Worker Number": 4,
                                                "Actual Startup Time": 239.839,
                                                "Actual Total Time": 788.932,
                                                "Actual Rows": 3208110,
                                                "Actual Loops": 1
                                            },
                                            {
                                                "Worker Number": 5,
                                                "Actual Startup Time": 239.921,
                                                "Actual Total Time": 786.286,
                                                "Actual Rows": 2553508,
                                                "Actual Loops": 1
                                            }
                                        ]
                                    },
                                    {
                                        "Node Type": "Hash",
                                        "Parent Relationship": "Inner",
                                        "Parallel Aware": true,
                                        "Startup Cost": 254958.13,
                                        "Total Cost": 254958.13,
                                        "Plan Rows": 2231456,
                                        "Plan Width": 8,
                                        "Actual Startup Time": 2332.469,
                                        "Actual Total Time": 2332.474,
                                        "Actual Rows": 1601535,
                                        "Actual Loops": 7,
                                        "Output": [
                                            "t.id",
                                            "mi.movie_id"
                                        ],
                                        "Hash Buckets": 16777216,
                                        "Original Hash Buckets": 16777216,
                                        "Hash Batches": 1,
                                        "Original Hash Batches": 1,
                                        "Peak Memory Usage": 569696,
                                        "Workers": [
                                            {
                                                "Worker Number": 0,
                                                "Actual Startup Time": 2340.85,
                                                "Actual Total Time": 2340.853,
                                                "Actual Rows": 1453535,
                                                "Actual Loops": 1
                                            },
                                            {
                                                "Worker Number": 1,
                                                "Actual Startup Time": 2340.829,
                                                "Actual Total Time": 2340.832,
                                                "Actual Rows": 1472324,
                                                "Actual Loops": 1
                                            },
                                            {
                                                "Worker Number": 2,
                                                "Actual Startup Time": 2340.603,
                                                "Actual Total Time": 2340.606,
                                                "Actual Rows": 1312046,
                                                "Actual Loops": 1
                                            },
                                            {
                                                "Worker Number": 3,
                                                "Actual Startup Time": 2340.932,
                                                "Actual Total Time": 2340.935,
                                                "Actual Rows": 1465209,
                                                "Actual Loops": 1
                                            },
                                            {
                                                "Worker Number": 4,
                                                "Actual Startup Time": 2340.928,
                                                "Actual Total Time": 2340.932,
                                                "Actual Rows": 2003270,
                                                "Actual Loops": 1
                                            },
                                            {
                                                "Worker Number": 5,
                                                "Actual Startup Time": 2340.874,
                                                "Actual Total Time": 2340.878,
                                                "Actual Rows": 1334854,
                                                "Actual Loops": 1
                                            }
                                        ],
                                        "Plans": [
                                            {
                                                "Node Type": "Hash Join",
                                                "Parent Relationship": "Outer",
                                                "Parallel Aware": true,
                                                "Join Type": "Inner",
                                                "Startup Cost": 50219.81,
                                                "Total Cost": 254958.13,
                                                "Plan Rows": 2231456,
                                                "Plan Width": 8,
                                                "Actual Startup Time": 281.774,
                                                "Actual Total Time": 1386.023,
                                                "Actual Rows": 1601535,
                                                "Actual Loops": 7,
                                                "Output": [
                                                    "t.id",
                                                    "mi.movie_id"
                                                ],
                                                "Inner Unique": true,
                                                "Hash Cond": "(mi.movie_id = t.id)",
                                                "Workers": [
                                                    {
                                                        "Worker Number": 0,
                                                        "Actual Startup Time": 281.733,
                                                        "Actual Total Time": 1390.658,
                                                        "Actual Rows": 1453535,
                                                        "Actual Loops": 1
                                                    },
                                                    {
                                                        "Worker Number": 1,
                                                        "Actual Startup Time": 281.709,
                                                        "Actual Total Time": 1389.965,
                                                        "Actual Rows": 1472324,
                                                        "Actual Loops": 1
                                                    },
                                                    {
                                                        "Worker Number": 2,
                                                        "Actual Startup Time": 281.844,
                                                        "Actual Total Time": 1393.859,
                                                        "Actual Rows": 1312046,
                                                        "Actual Loops": 1
                                                    },
                                                    {
                                                        "Worker Number": 3,
                                                        "Actual Startup Time": 281.866,
                                                        "Actual Total Time": 1391.728,
                                                        "Actual Rows": 1465209,
                                                        "Actual Loops": 1
                                                    },
                                                    {
                                                        "Worker Number": 4,
                                                        "Actual Startup Time": 281.692,
                                                        "Actual Total Time": 1383.37,
                                                        "Actual Rows": 2003270,
                                                        "Actual Loops": 1
                                                    },
                                                    {
                                                        "Worker Number": 5,
                                                        "Actual Startup Time": 281.703,
                                                        "Actual Total Time": 1392.63,
                                                        "Actual Rows": 1334854,
                                                        "Actual Loops": 1
                                                    }
                                                ],
                                                "Plans": [
                                                    {
                                                        "Node Type": "Seq Scan",
                                                        "Parent Relationship": "Outer",
                                                        "Parallel Aware": true,
                                                        "Relation Name": "movie_info",
                                                        "Schema": "public",
                                                        "Alias": "mi",
                                                        "Startup Cost": 0.0,
                                                        "Total Cost": 198880.74,
                                                        "Plan Rows": 2231456,
                                                        "Plan Width": 4,
                                                        "Actual Startup Time": 0.042,
                                                        "Actual Total Time": 413.709,
                                                        "Actual Rows": 1601535,
                                                        "Actual Loops": 7,
                                                        "Output": [
                                                            "mi.id",
                                                            "mi.movie_id",
                                                            "mi.info_type_id",
                                                            "mi.info",
                                                            "mi.note"
                                                        ],
                                                        "Filter": "(mi.info_type_id > 3)",
                                                        "Rows Removed by Filter": 517854,
                                                        "Workers": [
                                                            {
                                                                "Worker Number": 0,
                                                                "Actual Startup Time": 0.044,
                                                                "Actual Total Time": 434.067,
                                                                "Actual Rows": 1453535,
                                                                "Actual Loops": 1
                                                            },
                                                            {
                                                                "Worker Number": 1,
                                                                "Actual Startup Time": 0.044,
                                                                "Actual Total Time": 436.231,
                                                                "Actual Rows": 1472324,
                                                                "Actual Loops": 1
                                                            },
                                                            {
                                                                "Worker Number": 2,
                                                                "Actual Startup Time": 0.053,
                                                                "Actual Total Time": 427.177,
                                                                "Actual Rows": 1312046,
                                                                "Actual Loops": 1
                                                            },
                                                            {
                                                                "Worker Number": 3,
                                                                "Actual Startup Time": 0.043,
                                                                "Actual Total Time": 439.027,
                                                                "Actual Rows": 1465209,
                                                                "Actual Loops": 1
                                                            },
                                                            {
                                                                "Worker Number": 4,
                                                                "Actual Startup Time": 0.043,
                                                                "Actual Total Time": 398.324,
                                                                "Actual Rows": 2003270,
                                                                "Actual Loops": 1
                                                            },
                                                            {
                                                                "Worker Number": 5,
                                                                "Actual Startup Time": 0.052,
                                                                "Actual Total Time": 426.919,
                                                                "Actual Rows": 1334854,
                                                                "Actual Loops": 1
                                                            }
                                                        ]
                                                    },
                                                    {
                                                        "Node Type": "Hash",
                                                        "Parent Relationship": "Inner",
                                                        "Parallel Aware": true,
                                                        "Startup Cost": 42318.81,
                                                        "Total Cost": 42318.81,
                                                        "Plan Rows": 632080,
                                                        "Plan Width": 4,
                                                        "Actual Startup Time": 277.958,
                                                        "Actual Total Time": 277.959,
                                                        "Actual Rows": 361187,
                                                        "Actual Loops": 7,
                                                        "Output": [
                                                            "t.id"
                                                        ],
                                                        "Hash Buckets": 4194304,
                                                        "Original Hash Buckets": 4194304,
                                                        "Hash Batches": 1,
                                                        "Original Hash Batches": 1,
                                                        "Peak Memory Usage": 131808,
                                                        "Workers": [
                                                            {
                                                                "Worker Number": 0,
                                                                "Actual Startup Time": 281.371,
                                                                "Actual Total Time": 281.371,
                                                                "Actual Rows": 314819,
                                                                "Actual Loops": 1
                                                            },
                                                            {
                                                                "Worker Number": 1,
                                                                "Actual Startup Time": 281.384,
                                                                "Actual Total Time": 281.385,
                                                                "Actual Rows": 318514,
                                                                "Actual Loops": 1
                                                            },
                                                            {
                                                                "Worker Number": 2,
                                                                "Actual Startup Time": 281.499,
                                                                "Actual Total Time": 281.501,
                                                                "Actual Rows": 290992,
                                                                "Actual Loops": 1
                                                            },
                                                            {
                                                                "Worker Number": 3,
                                                                "Actual Startup Time": 281.537,
                                                                "Actual Total Time": 281.538,
                                                                "Actual Rows": 319908,
                                                                "Actual Loops": 1
                                                            },
                                                            {
                                                                "Worker Number": 4,
                                                                "Actual Startup Time": 281.368,
                                                                "Actual Total Time": 281.37,
                                                                "Actual Rows": 419104,
                                                                "Actual Loops": 1
                                                            },
                                                            {
                                                                "Worker Number": 5,
                                                                "Actual Startup Time": 281.374,
                                                                "Actual Total Time": 281.375,
                                                                "Actual Rows": 292323,
                                                                "Actual Loops": 1
                                                            }
                                                        ],
                                                        "Plans": [
                                                            {
                                                                "Node Type": "Seq Scan",
                                                                "Parent Relationship": "Outer",
                                                                "Parallel Aware": true,
                                                                "Relation Name": "title",
                                                                "Schema": "public",
                                                                "Alias": "t",
                                                                "Startup Cost": 0.0,
                                                                "Total Cost": 42318.81,
                                                                "Plan Rows": 632080,
                                                                "Plan Width": 4,
                                                                "Actual Startup Time": 0.087,
                                                                "Actual Total Time": 79.755,
                                                                "Actual Rows": 361187,
                                                                "Actual Loops": 7,
                                                                "Output": [
                                                                    "t.id"
                                                                ],
                                                                "Workers": [
                                                                    {
                                                                        "Worker Number": 0,
                                                                        "Actual Startup Time": 0.097,
                                                                        "Actual Total Time": 83.928,
                                                                        "Actual Rows": 314819,
                                                                        "Actual Loops": 1
                                                                    },
                                                                    {
                                                                        "Worker Number": 1,
                                                                        "Actual Startup Time": 0.097,
                                                                        "Actual Total Time": 84.052,
                                                                        "Actual Rows": 318514,
                                                                        "Actual Loops": 1
                                                                    },
                                                                    {
                                                                        "Worker Number": 2,
                                                                        "Actual Startup Time": 0.108,
                                                                        "Actual Total Time": 81.003,
                                                                        "Actual Rows": 290992,
                                                                        "Actual Loops": 1
                                                                    },
                                                                    {
                                                                        "Worker Number": 3,
                                                                        "Actual Startup Time": 0.094,
                                                                        "Actual Total Time": 84.489,
                                                                        "Actual Rows": 319908,
                                                                        "Actual Loops": 1
                                                                    },
                                                                    {
                                                                        "Worker Number": 4,
                                                                        "Actual Startup Time": 0.094,
                                                                        "Actual Total Time": 79.37,
                                                                        "Actual Rows": 419104,
                                                                        "Actual Loops": 1
                                                                    },
                                                                    {
                                                                        "Worker Number": 5,
                                                                        "Actual Startup Time": 0.106,
                                                                        "Actual Total Time": 81.543,
                                                                        "Actual Rows": 292323,
                                                                        "Actual Loops": 1
                                                                    }
                                                                ]
                                                            }
                                                        ]
                                                    }
                                                ]
                                            }
                                        ]
                                    }
                                ]
                            }
                        ]
                    }
                ]
            }
        ]
    },
    "Planning Time": 1.509,
    "Triggers": [],
    "Execution Time": 10780.853
}