[
  {
    "Plan": {
      "Node Type": "Aggregate",
      "Strategy": "Plain",
      "Partial Mode": "Finalize",
      "Parallel Aware": false,
      "Startup Cost": 30674.33,
      "Total Cost": 30674.34,
      "Plan Rows": 1,
      "Plan Width": 8,
      "Actual Startup Time": 80.951,
      "Actual Total Time": 88.914,
      "Actual Rows": 1,
      "Actual Loops": 1,
      "Plans": [
        {
          "Node Type": "Gather",
          "Parent Relationship": "Outer",
          "Parallel Aware": false,
          "Startup Cost": 30674.01,
          "Total Cost": 30674.32,
          "Plan Rows": 3,
          "Plan Width": 8,
          "Actual Startup Time": 80.85,
          "Actual Total Time": 88.908,
          "Actual Rows": 4,
          "Actual Loops": 1,
          "Workers Planned": 3,
          "Workers Launched": 3,
          "Single Copy": false,
          "Plans": [
            {
              "Node Type": "Aggregate",
              "Strategy": "Plain",
              "Partial Mode": "Partial",
              "Parent Relationship": "Outer",
              "Parallel Aware": false,
              "Startup Cost": 29674.01,
              "Total Cost": 29674.02,
              "Plan Rows": 1,
              "Plan Width": 8,
              "Actual Startup Time": 74.957,
              "Actual Total Time": 74.958,
              "Actual Rows": 1,
              "Actual Loops": 4,
              "Plans": [
                {
                  "Node Type": "Seq Scan",
                  "Parent Relationship": "Outer",
                  "Parallel Aware": true,
                  "Relation Name": "movie_companies",
                  "Alias": "mc",
                  "Startup Cost": 0.0,
                  "Total Cost": 29310.68,
                  "Plan Rows": 145332,
                  "Plan Width": 0,
                  "Actual Startup Time": 43.109,
                  "Actual Total Time": 70.224,
                  "Actual Rows": 114374,
                  "Actual Loops": 4,
                  "Filter": "(company_id > 76746)",
                  "Rows Removed by Filter": 537909
                }
              ]
            }
          ]
        }
      ]
    },
    "Planning Time": 0.109,
    "Triggers": [],
    "Execution Time": 88.95
  }
]