{
  "Plan": {
    "Node Type": "Aggregate",
    "Strategy": "Plain",
    "Partial Mode": "Finalize",
    "Parallel Aware": false,
    "Startup Cost": 342334.4,
    "Total Cost": 342334.41,
    "Plan Rows": 1,
    "Plan Width": 8,
    "Actual Startup Time": 1640.233,
    "Actual Total Time": 1675.035,
    "Actual Rows": 1,
    "Actual Loops": 1,
    "Plans": [
      {
        "Node Type": "Gather",
        "Parent Relationship": "Outer",
        "Parallel Aware": false,
        "Startup Cost": 342334.29,
        "Total Cost": 342334.4,
        "Plan Rows": 1,
        "Plan Width": 8,
        "Actual Startup Time": 1639.329,
        "Actual Total Time": 1675.028,
        "Actual Rows": 2,
        "Actual Loops": 1,
        "Workers Planned": 1,
        "Workers Launched": 1,
        "Single Copy": false,
        "Plans": [
          {
            "Node Type": "Aggregate",
            "Strategy": "Plain",
            "Partial Mode": "Partial",
            "Parent Relationship": "Outer",
            "Parallel Aware": false,
            "Startup Cost": 341334.29,
            "Total Cost": 341334.3,
            "Plan Rows": 1,
            "Plan Width": 8,
            "Actual Startup Time": 1636.209,
            "Actual Total Time": 1636.214,
            "Actual Rows": 1,
            "Actual Loops": 2,
            "Plans": [
              {
                "Node Type": "Hash Join",
                "Parent Relationship": "Outer",
                "Parallel Aware": true,
                "Join Type": "Inner",
                "Startup Cost": 55070.39,
                "Total Cost": 340326.35,
                "Plan Rows": 403175,
                "Plan Width": 0,
                "Actual Startup Time": 211.426,
                "Actual Total Time": 1583.247,
                "Actual Rows": 1241733,
                "Actual Loops": 2,
                "Inner Unique": true,
                "Hash Cond": "(mi.movie_id = t.id)",
                "Plans": [
                  {
                    "Node Type": "Seq Scan",
                    "Parent Relationship": "Outer",
                    "Parallel Aware": true,
                    "Relation Name": "movie_info",
                    "Alias": "mi",
                    "Startup Cost": 0.0,
                    "Total Cost": 270696.42,
                    "Plan Rows": 5546484,
                    "Plan Width": 4,
                    "Actual Startup Time": 35.774,
                    "Actual Total Time": 736.591,
                    "Actual Rows": 4712600,
                    "Actual Loops": 2,
                    "Filter": "(info_type_id > 5)",
                    "Rows Removed by Filter": 2705260
                  },
                  {
                    "Node Type": "Hash",
                    "Parent Relationship": "Inner",
                    "Parallel Aware": true,
                    "Startup Cost": 53719.05,
                    "Total Cost": 53719.05,
                    "Plan Rows": 108107,
                    "Plan Width": 4,
                    "Actual Startup Time": 142.935,
                    "Actual Total Time": 142.937,
                    "Actual Rows": 160513,
                    "Actual Loops": 2,
                    "Hash Buckets": 524288,
                    "Original Hash Buckets": 262144,
                    "Hash Batches": 1,
                    "Original Hash Batches": 1,
                    "Peak Memory Usage": 18720,
                    "Plans": [
                      {
                        "Node Type": "Bitmap Heap Scan",
                        "Parent Relationship": "Outer",
                        "Parallel Aware": true,
                        "Relation Name": "title",
                        "Alias": "t",
                        "Startup Cost": 11868.8,
                        "Total Cost": 53719.05,
                        "Plan Rows": 108107,
                        "Plan Width": 4,
                        "Actual Startup Time": 38.23,
                        "Actual Total Time": 104.388,
                        "Actual Rows": 160513,
                        "Actual Loops": 2,
                        "Recheck Cond": "(kind_id = 1)",
                        "Rows Removed by Index Recheck": 0,
                        "Filter": "(production_year < 1991)",
                        "Rows Removed by Filter": 170900,
                        "Exact Heap Blocks": 8046,
                        "Lossy Heap Blocks": 0,
                        "Plans": [
                          {
                            "Node Type": "Bitmap Index Scan",
                            "Parent Relationship": "Outer",
                            "Parallel Aware": false,
                            "Index Name": "kind_id_title",
                            "Startup Cost": 0.0,
                            "Total Cost": 11822.85,
                            "Plan Rows": 663256,
                            "Plan Width": 0,
                            "Actual Startup Time": 36.36,
                            "Actual Total Time": 36.361,
                            "Actual Rows": 662825,
                            "Actual Loops": 1,
                            "Index Cond": "(kind_id = 1)"
                          }
                        ]
                      }
                    ]
                  }
                ]
              }
            ]
          }
        ]
      }
    ]
  },
  "Planning Time": 0.391,
  "Triggers": [],
  "Execution Time": 1675.107
}