[
  {
    "Plan": {
      "Node Type": "Aggregate",
      "Strategy": "Plain",
      "Partial Mode": "Finalize",
      "Parallel Aware": false,
      "Startup Cost": 144544.38,
      "Total Cost": 144544.39,
      "Plan Rows": 1,
      "Plan Width": 8,
      "Actual Startup Time": 978.556,
      "Actual Total Time": 1021.471,
      "Actual Rows": 1,
      "Actual Loops": 1,
      "Plans": [
        {
          "Node Type": "Gather",
          "Parent Relationship": "Outer",
          "Parallel Aware": false,
          "Startup Cost": 144544.07,
          "Total Cost": 144544.38,
          "Plan Rows": 3,
          "Plan Width": 8,
          "Actual Startup Time": 971.558,
          "Actual Total Time": 1021.459,
          "Actual Rows": 4,
          "Actual Loops": 1,
          "Workers Planned": 3,
          "Workers Launched": 3,
          "Single Copy": false,
          "Plans": [
            {
              "Node Type": "Aggregate",
              "Strategy": "Plain",
              "Partial Mode": "Partial",
              "Parent Relationship": "Outer",
              "Parallel Aware": false,
              "Startup Cost": 143544.07,
              "Total Cost": 143544.08,
              "Plan Rows": 1,
              "Plan Width": 8,
              "Actual Startup Time": 952.92,
              "Actual Total Time": 952.924,
              "Actual Rows": 1,
              "Actual Loops": 4,
              "Plans": [
                {
                  "Node Type": "Nested Loop",
                  "Parent Relationship": "Outer",
                  "Parallel Aware": false,
                  "Join Type": "Inner",
                  "Startup Cost": 52765.59,
                  "Total Cost": 143430.03,
                  "Plan Rows": 45616,
                  "Plan Width": 0,
                  "Actual Startup Time": 346.09,
                  "Actual Total Time": 935.841,
                  "Actual Rows": 336246,
                  "Actual Loops": 4,
                  "Inner Unique": false,
                  "Plans": [
                    {
                      "Node Type": "Hash Join",
                      "Parent Relationship": "Outer",
                      "Parallel Aware": true,
                      "Join Type": "Inner",
                      "Startup Cost": 52765.16,
                      "Total Cost": 77804.06,
                      "Plan Rows": 38671,
                      "Plan Width": 8,
                      "Actual Startup Time": 345.976,
                      "Actual Total Time": 385.334,
                      "Actual Rows": 29480,
                      "Actual Loops": 4,
                      "Inner Unique": true,
                      "Hash Cond": "(mk.movie_id = t.id)",
                      "Plans": [
                        {
                          "Node Type": "Bitmap Heap Scan",
                          "Parent Relationship": "Outer",
                          "Parallel Aware": true,
                          "Relation Name": "movie_keyword",
                          "Alias": "mk",
                          "Startup Cost": 2545.51,
                          "Total Cost": 27482.9,
                          "Plan Rows": 38671,
                          "Plan Width": 4,
                          "Actual Startup Time": 10.006,
                          "Actual Total Time": 32.116,
                          "Actual Rows": 29480,
                          "Actual Loops": 4,
                          "Recheck Cond": "(keyword_id > 78538)",
                          "Rows Removed by Index Recheck": 0,
                          "Exact Heap Blocks": 3980,
                          "Lossy Heap Blocks": 0,
                          "Plans": [
                            {
                              "Node Type": "Bitmap Index Scan",
                              "Parent Relationship": "Outer",
                              "Parallel Aware": false,
                              "Index Name": "keyword_id_movie_keyword",
                              "Startup Cost": 0.0,
                              "Total Cost": 2515.54,
                              "Plan Rows": 119881,
                              "Plan Width": 0,
                              "Actual Startup Time": 7.336,
                              "Actual Total Time": 7.336,
                              "Actual Rows": 117921,
                              "Actual Loops": 1,
                              "Index Cond": "(keyword_id > 78538)"
                            }
                          ]
                        },
                        {
                          "Node Type": "Hash",
                          "Parent Relationship": "Inner",
                          "Parallel Aware": true,
                          "Startup Cost": 42318.73,
                          "Total Cost": 42318.73,
                          "Plan Rows": 632073,
                          "Plan Width": 4,
                          "Actual Startup Time": 324.012,
                          "Actual Total Time": 324.013,
                          "Actual Rows": 632078,
                          "Actual Loops": 4,
                          "Hash Buckets": 4194304,
                          "Original Hash Buckets": 4194304,
                          "Hash Batches": 1,
                          "Original Hash Batches": 1,
                          "Peak Memory Usage": 131744,
                          "Plans": [
                            {
                              "Node Type": "Seq Scan",
                              "Parent Relationship": "Outer",
                              "Parallel Aware": true,
                              "Relation Name": "title",
                              "Alias": "t",
                              "Startup Cost": 0.0,
                              "Total Cost": 42318.73,
                              "Plan Rows": 632073,
                              "Plan Width": 4,
                              "Actual Startup Time": 0.04,
                              "Actual Total Time": 95.867,
                              "Actual Rows": 632078,
                              "Actual Loops": 4
                            }
                          ]
                        }
                      ]
                    },
                    {
                      "Node Type": "Index Scan",
                      "Parent Relationship": "Inner",
                      "Parallel Aware": false,
                      "Scan Direction": "Forward",
                      "Index Name": "movie_id_movie_info",
                      "Relation Name": "movie_info",
                      "Alias": "mi",
                      "Startup Cost": 0.43,
                      "Total Cost": 1.62,
                      "Plan Rows": 8,
                      "Plan Width": 4,
                      "Actual Startup Time": 0.006,
                      "Actual Total Time": 0.018,
                      "Actual Rows": 11,
                      "Actual Loops": 117921,
                      "Index Cond": "(movie_id = t.id)",
                      "Rows Removed by Index Recheck": 0,
                      "Filter": "(info_type_id = 16)",
                      "Rows Removed by Filter": 58
                    }
                  ]
                }
              ]
            }
          ]
        }
      ]
    },
    "Planning Time": 1.398,
    "Triggers": [],
    "Execution Time": 1021.59
  }
]