[
  {
    "Plan": {
      "Node Type": "Aggregate",
      "Strategy": "Plain",
      "Partial Mode": "Finalize",
      "Parallel Aware": false,
      "Startup Cost": 32669.14,
      "Total Cost": 32669.15,
      "Plan Rows": 1,
      "Plan Width": 8,
      "Actual Startup Time": 77.109,
      "Actual Total Time": 82.593,
      "Actual Rows": 1,
      "Actual Loops": 1,
      "Plans": [
        {
          "Node Type": "Gather",
          "Parent Relationship": "Outer",
          "Parallel Aware": false,
          "Startup Cost": 32668.82,
          "Total Cost": 32669.13,
          "Plan Rows": 3,
          "Plan Width": 8,
          "Actual Startup Time": 76.986,
          "Actual Total Time": 82.586,
          "Actual Rows": 4,
          "Actual Loops": 1,
          "Workers Planned": 3,
          "Workers Launched": 3,
          "Single Copy": false,
          "Plans": [
            {
              "Node Type": "Aggregate",
              "Strategy": "Plain",
              "Partial Mode": "Partial",
              "Parent Relationship": "Outer",
              "Parallel Aware": false,
              "Startup Cost": 31668.82,
              "Total Cost": 31668.83,
              "Plan Rows": 1,
              "Plan Width": 8,
              "Actual Startup Time": 71.334,
              "Actual Total Time": 71.335,
              "Actual Rows": 1,
              "Actual Loops": 4,
              "Plans": [
                {
                  "Node Type": "Seq Scan",
                  "Parent Relationship": "Outer",
                  "Parallel Aware": true,
                  "Relation Name": "movie_companies",
                  "Alias": "mc",
                  "Startup Cost": 0.0,
                  "Total Cost": 31414.82,
                  "Plan Rows": 101600,
                  "Plan Width": 0,
                  "Actual Startup Time": 35.362,
                  "Actual Total Time": 71.104,
                  "Actual Rows": 3954,
                  "Actual Loops": 4,
                  "Filter": "((company_id > 57464) AND (company_type_id = 1))",
                  "Rows Removed by Filter": 648328
                }
              ]
            }
          ]
        }
      ]
    },
    "Planning Time": 0.222,
    "Triggers": [],
    "Execution Time": 82.648
  }
]