[
  {
    "Plan": {
      "Node Type": "Aggregate",
      "Strategy": "Plain",
      "Partial Mode": "Finalize",
      "Parallel Aware": false,
      "Startup Cost": 31890.7,
      "Total Cost": 31890.71,
      "Plan Rows": 1,
      "Plan Width": 8,
      "Actual Startup Time": 120.191,
      "Actual Total Time": 128.86,
      "Actual Rows": 1,
      "Actual Loops": 1,
      "Plans": [
        {
          "Node Type": "Gather",
          "Parent Relationship": "Outer",
          "Parallel Aware": false,
          "Startup Cost": 31890.39,
          "Total Cost": 31890.7,
          "Plan Rows": 3,
          "Plan Width": 8,
          "Actual Startup Time": 120.077,
          "Actual Total Time": 128.853,
          "Actual Rows": 4,
          "Actual Loops": 1,
          "Workers Planned": 3,
          "Workers Launched": 3,
          "Single Copy": false,
          "Plans": [
            {
              "Node Type": "Aggregate",
              "Strategy": "Plain",
              "Partial Mode": "Partial",
              "Parent Relationship": "Outer",
              "Parallel Aware": false,
              "Startup Cost": 30890.39,
              "Total Cost": 30890.4,
              "Plan Rows": 1,
              "Plan Width": 8,
              "Actual Startup Time": 111.251,
              "Actual Total Time": 111.252,
              "Actual Rows": 1,
              "Actual Loops": 4,
              "Plans": [
                {
                  "Node Type": "Seq Scan",
                  "Parent Relationship": "Outer",
                  "Parallel Aware": true,
                  "Relation Name": "movie_companies",
                  "Alias": "mc",
                  "Startup Cost": 0.0,
                  "Total Cost": 29310.68,
                  "Plan Rows": 631882,
                  "Plan Width": 0,
                  "Actual Startup Time": 0.062,
                  "Actual Total Time": 85.78,
                  "Actual Rows": 491260,
                  "Actual Loops": 4,
                  "Filter": "(company_id < 56133)",
                  "Rows Removed by Filter": 161022
                }
              ]
            }
          ]
        }
      ]
    },
    "Planning Time": 0.201,
    "Triggers": [],
    "Execution Time": 128.917
  }
]