[
  {
    "Plan": {
      "Node Type": "Aggregate",
      "Strategy": "Plain",
      "Partial Mode": "Finalize",
      "Parallel Aware": false,
      "Startup Cost": 31905.52,
      "Total Cost": 31905.53,
      "Plan Rows": 1,
      "Plan Width": 8,
      "Actual Startup Time": 115.403,
      "Actual Total Time": 123.703,
      "Actual Rows": 1,
      "Actual Loops": 1,
      "Plans": [
        {
          "Node Type": "Gather",
          "Parent Relationship": "Outer",
          "Parallel Aware": false,
          "Startup Cost": 31905.2,
          "Total Cost": 31905.51,
          "Plan Rows": 3,
          "Plan Width": 8,
          "Actual Startup Time": 115.21,
          "Actual Total Time": 123.625,
          "Actual Rows": 4,
          "Actual Loops": 1,
          "Workers Planned": 3,
          "Workers Launched": 3,
          "Single Copy": false,
          "Plans": [
            {
              "Node Type": "Aggregate",
              "Strategy": "Plain",
              "Partial Mode": "Partial",
              "Parent Relationship": "Outer",
              "Parallel Aware": false,
              "Startup Cost": 30905.2,
              "Total Cost": 30905.21,
              "Plan Rows": 1,
              "Plan Width": 8,
              "Actual Startup Time": 108.027,
              "Actual Total Time": 108.028,
              "Actual Rows": 1,
              "Actual Loops": 4,
              "Plans": [
                {
                  "Node Type": "Seq Scan",
                  "Parent Relationship": "Outer",
                  "Parallel Aware": true,
                  "Relation Name": "movie_companies",
                  "Alias": "mc",
                  "Startup Cost": 0.0,
                  "Total Cost": 29310.68,
                  "Plan Rows": 637809,
                  "Plan Width": 0,
                  "Actual Startup Time": 0.057,
                  "Actual Total Time": 82.862,
                  "Actual Rows": 491260,
                  "Actual Loops": 4,
                  "Filter": "(company_id < 56133)",
                  "Rows Removed by Filter": 161022
                }
              ]
            }
          ]
        }
      ]
    },
    "Planning Time": 0.216,
    "Triggers": [],
    "Execution Time": 123.759
  }
]