[
  {
    "Plan": {
      "Node Type": "Aggregate",
      "Strategy": "Plain",
      "Partial Mode": "Finalize",
      "Parallel Aware": false,
      "Startup Cost": 266522.39,
      "Total Cost": 266522.4,
      "Plan Rows": 1,
      "Plan Width": 8,
      "Actual Startup Time": 726.657,
      "Actual Total Time": 773.28,
      "Actual Rows": 1,
      "Actual Loops": 1,
      "Plans": [
        {
          "Node Type": "Gather",
          "Parent Relationship": "Outer",
          "Parallel Aware": false,
          "Startup Cost": 266521.87,
          "Total Cost": 266522.38,
          "Plan Rows": 5,
          "Plan Width": 8,
          "Actual Startup Time": 718.186,
          "Actual Total Time": 773.267,
          "Actual Rows": 6,
          "Actual Loops": 1,
          "Workers Planned": 5,
          "Workers Launched": 5,
          "Single Copy": false,
          "Plans": [
            {
              "Node Type": "Aggregate",
              "Strategy": "Plain",
              "Partial Mode": "Partial",
              "Parent Relationship": "Outer",
              "Parallel Aware": false,
              "Startup Cost": 265521.87,
              "Total Cost": 265521.88,
              "Plan Rows": 1,
              "Plan Width": 8,
              "Actual Startup Time": 708.324,
              "Actual Total Time": 708.623,
              "Actual Rows": 1,
              "Actual Loops": 6,
              "Plans": [
                {
                  "Node Type": "Hash Join",
                  "Parent Relationship": "Outer",
                  "Parallel Aware": true,
                  "Join Type": "Inner",
                  "Startup Cost": 64441.99,
                  "Total Cost": 265375.38,
                  "Plan Rows": 58596,
                  "Plan Width": 0,
                  "Actual Startup Time": 285.578,
                  "Actual Total Time": 694.793,
                  "Actual Rows": 251583,
                  "Actual Loops": 6,
                  "Inner Unique": false,
                  "Hash Cond": "(mi.movie_id = t.id)",
                  "Plans": [
                    {
                      "Node Type": "Seq Scan",
                      "Parent Relationship": "Outer",
                      "Parallel Aware": true,
                      "Relation Name": "movie_info",
                      "Alias": "mi",
                      "Startup Cost": 0.0,
                      "Total Cost": 198952.16,
                      "Plan Rows": 463221,
                      "Plan Width": 4,
                      "Actual Startup Time": 19.418,
                      "Actual Total Time": 343.683,
                      "Actual Rows": 372308,
                      "Actual Loops": 6,
                      "Filter": "(info_type_id > 16)",
                      "Rows Removed by Filter": 2100312
                    },
                    {
                      "Node Type": "Hash",
                      "Parent Relationship": "Inner",
                      "Parallel Aware": true,
                      "Startup Cost": 62776.25,
                      "Total Cost": 62776.25,
                      "Plan Rows": 133259,
                      "Plan Width": 8,
                      "Actual Startup Time": 263.663,
                      "Actual Total Time": 263.96,
                      "Actual Rows": 65991,
                      "Actual Loops": 6,
                      "Hash Buckets": 524288,
                      "Original Hash Buckets": 524288,
                      "Hash Batches": 1,
                      "Original Hash Batches": 1,
                      "Peak Memory Usage": 19680,
                      "Plans": [
                        {
                          "Node Type": "Hash Join",
                          "Parent Relationship": "Outer",
                          "Parallel Aware": true,
                          "Join Type": "Inner",
                          "Startup Cost": 46648.35,
                          "Total Cost": 62776.25,
                          "Plan Rows": 133259,
                          "Plan Width": 8,
                          "Actual Startup Time": 169.977,
                          "Actual Total Time": 242.43,
                          "Actual Rows": 65991,
                          "Actual Loops": 6,
                          "Inner Unique": true,
                          "Hash Cond": "(mi_idx.movie_id = t.id)",
                          "Plans": [
                            {
                              "Node Type": "Seq Scan",
                              "Parent Relationship": "Outer",
                              "Parallel Aware": true,
                              "Relation Name": "movie_info_idx",
                              "Alias": "mi_idx",
                              "Startup Cost": 0.0,
                              "Total Cost": 15122.68,
                              "Plan Rows": 382940,
                              "Plan Width": 4,
                              "Actual Startup Time": 0.03,
                              "Actual Total Time": 31.265,
                              "Actual Rows": 153308,
                              "Actual Loops": 6,
                              "Filter": "(info_type_id < 101)",
                              "Rows Removed by Filter": 76698
                            },
                            {
                              "Node Type": "Hash",
                              "Parent Relationship": "Inner",
                              "Parallel Aware": true,
                              "Startup Cost": 43898.92,
                              "Total Cost": 43898.92,
                              "Plan Rows": 219955,
                              "Plan Width": 4,
                              "Actual Startup Time": 167.781,
                              "Actual Total Time": 167.782,
                              "Actual Rows": 147608,
                              "Actual Loops": 6,
                              "Hash Buckets": 1048576,
                              "Original Hash Buckets": 1048576,
                              "Hash Batches": 1,
                              "Original Hash Batches": 1,
                              "Peak Memory Usage": 42944,
                              "Plans": [
                                {
                                  "Node Type": "Seq Scan",
                                  "Parent Relationship": "Outer",
                                  "Parallel Aware": true,
                                  "Relation Name": "title",
                                  "Alias": "t",
                                  "Startup Cost": 0.0,
                                  "Total Cost": 43898.92,
                                  "Plan Rows": 219955,
                                  "Plan Width": 4,
                                  "Actual Startup Time": 0.046,
                                  "Actual Total Time": 94.792,
                                  "Actual Rows": 147608,
                                  "Actual Loops": 6,
                                  "Filter": "(production_year < 1997)",
                                  "Rows Removed by Filter": 273777
                                }
                              ]
                            }
                          ]
                        }
                      ]
                    }
                  ]
                }
              ]
            }
          ]
        }
      ]
    },
    "Planning Time": 1.341,
    "Triggers": [],
    "Execution Time": 773.372
  }
]