{
  "Plan": {
    "Node Type": "Aggregate",
    "Strategy": "Plain",
    "Partial Mode": "Finalize",
    "Parallel Aware": false,
    "Startup Cost": 117778.3,
    "Total Cost": 117778.31,
    "Plan Rows": 1,
    "Plan Width": 8,
    "Actual Startup Time": 621.445,
    "Actual Total Time": 635.765,
    "Actual Rows": 1,
    "Actual Loops": 1,
    "Plans": [
      {
        "Node Type": "Gather",
        "Parent Relationship": "Outer",
        "Parallel Aware": false,
        "Startup Cost": 117778.19,
        "Total Cost": 117778.3,
        "Plan Rows": 1,
        "Plan Width": 8,
        "Actual Startup Time": 619.819,
        "Actual Total Time": 635.758,
        "Actual Rows": 2,
        "Actual Loops": 1,
        "Workers Planned": 1,
        "Workers Launched": 1,
        "Single Copy": false,
        "Plans": [
          {
            "Node Type": "Aggregate",
            "Strategy": "Plain",
            "Partial Mode": "Partial",
            "Parent Relationship": "Outer",
            "Parallel Aware": false,
            "Startup Cost": 116778.19,
            "Total Cost": 116778.2,
            "Plan Rows": 1,
            "Plan Width": 8,
            "Actual Startup Time": 613.397,
            "Actual Total Time": 613.402,
            "Actual Rows": 1,
            "Actual Loops": 2,
            "Plans": [
              {
                "Node Type": "Hash Join",
                "Parent Relationship": "Outer",
                "Parallel Aware": true,
                "Join Type": "Inner",
                "Startup Cost": 97400.32,
                "Total Cost": 116694.92,
                "Plan Rows": 33308,
                "Plan Width": 0,
                "Actual Startup Time": 548.081,
                "Actual Total Time": 610.305,
                "Actual Rows": 74074,
                "Actual Loops": 2,
                "Inner Unique": false,
                "Hash Cond": "(mi_idx.movie_id = t.id)",
                "Plans": [
                  {
                    "Node Type": "Seq Scan",
                    "Parent Relationship": "Outer",
                    "Parallel Aware": true,
                    "Relation Name": "movie_info_idx",
                    "Alias": "mi_idx",
                    "Startup Cost": 0.0,
                    "Total Cost": 18082.32,
                    "Plan Rows": 271028,
                    "Plan Width": 4,
                    "Actual Startup Time": 0.02,
                    "Actual Total Time": 49.207,
                    "Actual Rows": 229962,
                    "Actual Loops": 2,
                    "Filter": "(info_type_id = 101)",
                    "Rows Removed by Filter": 460055
                  },
                  {
                    "Node Type": "Hash",
                    "Parent Relationship": "Inner",
                    "Parallel Aware": true,
                    "Startup Cost": 95115.68,
                    "Total Cost": 95115.68,
                    "Plan Rows": 182771,
                    "Plan Width": 8,
                    "Actual Startup Time": 505.853,
                    "Actual Total Time": 505.857,
                    "Actual Rows": 157296,
                    "Actual Loops": 2,
                    "Hash Buckets": 524288,
                    "Original Hash Buckets": 524288,
                    "Hash Batches": 1,
                    "Original Hash Batches": 1,
                    "Peak Memory Usage": 16416,
                    "Plans": [
                      {
                        "Node Type": "Hash Join",
                        "Parent Relationship": "Outer",
                        "Parallel Aware": true,
                        "Join Type": "Inner",
                        "Startup Cost": 30414.52,
                        "Total Cost": 95115.68,
                        "Plan Rows": 182771,
                        "Plan Width": 8,
                        "Actual Startup Time": 287.508,
                        "Actual Total Time": 465.865,
                        "Actual Rows": 157296,
                        "Actual Loops": 2,
                        "Inner Unique": false,
                        "Hash Cond": "(t.id = mc.movie_id)",
                        "Plans": [
                          {
                            "Node Type": "Seq Scan",
                            "Parent Relationship": "Outer",
                            "Parallel Aware": true,
                            "Relation Name": "title",
                            "Alias": "t",
                            "Startup Cost": 0.0,
                            "Total Cost": 54588.39,
                            "Plan Rows": 1446024,
                            "Plan Width": 4,
                            "Actual Startup Time": 0.018,
                            "Actual Total Time": 154.59,
                            "Actual Rows": 1228109,
                            "Actual Loops": 2,
                            "Filter": "(production_year > 0)",
                            "Rows Removed by Filter": 36047
                          },
                          {
                            "Node Type": "Hash",
                            "Parent Relationship": "Inner",
                            "Parallel Aware": true,
                            "Startup Cost": 28064.79,
                            "Total Cost": 28064.79,
                            "Plan Rows": 187979,
                            "Plan Width": 4,
                            "Actual Startup Time": 101.236,
                            "Actual Total Time": 101.238,
                            "Actual Rows": 159230,
                            "Actual Loops": 2,
                            "Hash Buckets": 524288,
                            "Original Hash Buckets": 524288,
                            "Hash Batches": 1,
                            "Original Hash Batches": 1,
                            "Peak Memory Usage": 16576,
                            "Plans": [
                              {
                                "Node Type": "Bitmap Heap Scan",
                                "Parent Relationship": "Outer",
                                "Parallel Aware": true,
                                "Relation Name": "movie_companies",
                                "Alias": "mc",
                                "Startup Cost": 6925.05,
                                "Total Cost": 28064.79,
                                "Plan Rows": 187979,
                                "Plan Width": 4,
                                "Actual Startup Time": 30.351,
                                "Actual Total Time": 65.027,
                                "Actual Rows": 159230,
                                "Actual Loops": 2,
                                "Recheck Cond": "(company_id > 91661)",
                                "Rows Removed by Index Recheck": 0,
                                "Exact Heap Blocks": 3156,
                                "Lossy Heap Blocks": 0,
                                "Plans": [
                                  {
                                    "Node Type": "Bitmap Index Scan",
                                    "Parent Relationship": "Outer",
                                    "Parallel Aware": false,
                                    "Index Name": "company_id_movie_companies",
                                    "Startup Cost": 0.0,
                                    "Total Cost": 6845.16,
                                    "Plan Rows": 319564,
                                    "Plan Width": 0,
                                    "Actual Startup Time": 29.642,
                                    "Actual Total Time": 29.642,
                                    "Actual Rows": 318459,
                                    "Actual Loops": 1,
                                    "Index Cond": "(company_id > 91661)"
                                  }
                                ]
                              }
                            ]
                          }
                        ]
                      }
                    ]
                  }
                ]
              }
            ]
          }
        ]
      }
    ]
  },
  "Planning Time": 0.898,
  "Triggers": [],
  "Execution Time": 635.87
}