[
  {
    "Plan": {
      "Node Type": "Aggregate",
      "Strategy": "Plain",
      "Partial Mode": "Finalize",
      "Parallel Aware": false,
      "Startup Cost": 65484.52,
      "Total Cost": 65484.53,
      "Plan Rows": 1,
      "Plan Width": 8,
      "Actual Startup Time": 109.2,
      "Actual Total Time": 124.191,
      "Actual Rows": 1,
      "Actual Loops": 1,
      "Plans": [
        {
          "Node Type": "Gather",
          "Parent Relationship": "Outer",
          "Parallel Aware": false,
          "Startup Cost": 65484.1,
          "Total Cost": 65484.51,
          "Plan Rows": 4,
          "Plan Width": 8,
          "Actual Startup Time": 109.071,
          "Actual Total Time": 124.183,
          "Actual Rows": 5,
          "Actual Loops": 1,
          "Workers Planned": 4,
          "Workers Launched": 4,
          "Single Copy": false,
          "Plans": [
            {
              "Node Type": "Aggregate",
              "Strategy": "Plain",
              "Partial Mode": "Partial",
              "Parent Relationship": "Outer",
              "Parallel Aware": false,
              "Startup Cost": 64484.1,
              "Total Cost": 64484.11,
              "Plan Rows": 1,
              "Plan Width": 8,
              "Actual Startup Time": 99.226,
              "Actual Total Time": 99.227,
              "Actual Rows": 1,
              "Actual Loops": 5,
              "Plans": [
                {
                  "Node Type": "Nested Loop",
                  "Parent Relationship": "Outer",
                  "Parallel Aware": false,
                  "Join Type": "Inner",
                  "Startup Cost": 0.43,
                  "Total Cost": 64479.15,
                  "Plan Rows": 1980,
                  "Plan Width": 0,
                  "Actual Startup Time": 2.635,
                  "Actual Total Time": 99.103,
                  "Actual Rows": 1581,
                  "Actual Loops": 5,
                  "Inner Unique": false,
                  "Plans": [
                    {
                      "Node Type": "Seq Scan",
                      "Parent Relationship": "Outer",
                      "Parallel Aware": true,
                      "Relation Name": "title",
                      "Alias": "t",
                      "Startup Cost": 0.0,
                      "Total Cost": 43898.92,
                      "Plan Rows": 2549,
                      "Plan Width": 4,
                      "Actual Startup Time": 0.211,
                      "Actual Total Time": 82.477,
                      "Actual Rows": 1954,
                      "Actual Loops": 5,
                      "Filter": "(production_year = 1958)",
                      "Rows Removed by Filter": 503709
                    },
                    {
                      "Node Type": "Index Scan",
                      "Parent Relationship": "Inner",
                      "Parallel Aware": false,
                      "Scan Direction": "Forward",
                      "Index Name": "movie_id_movie_keyword",
                      "Relation Name": "movie_keyword",
                      "Alias": "mk",
                      "Startup Cost": 0.43,
                      "Total Cost": 7.87,
                      "Plan Rows": 20,
                      "Plan Width": 4,
                      "Actual Startup Time": 0.008,
                      "Actual Total Time": 0.008,
                      "Actual Rows": 1,
                      "Actual Loops": 9768,
                      "Index Cond": "(movie_id = t.id)",
                      "Rows Removed by Index Recheck": 0,
                      "Filter": "(keyword_id > 6504)",
                      "Rows Removed by Filter": 1
                    }
                  ]
                }
              ]
            }
          ]
        }
      ]
    },
    "Planning Time": 0.561,
    "Triggers": [],
    "Execution Time": 124.267
  }
]