[
  {
    "Plan": {
      "Node Type": "Aggregate",
      "Strategy": "Plain",
      "Partial Mode": "Finalize",
      "Parallel Aware": false,
      "Startup Cost": 128973.59,
      "Total Cost": 128973.6,
      "Plan Rows": 1,
      "Plan Width": 8,
      "Actual Startup Time": 1462.515,
      "Actual Total Time": 1484.449,
      "Actual Rows": 1,
      "Actual Loops": 1,
      "Plans": [
        {
          "Node Type": "Gather",
          "Parent Relationship": "Outer",
          "Parallel Aware": false,
          "Startup Cost": 128973.27,
          "Total Cost": 128973.58,
          "Plan Rows": 3,
          "Plan Width": 8,
          "Actual Startup Time": 1449.943,
          "Actual Total Time": 1484.439,
          "Actual Rows": 4,
          "Actual Loops": 1,
          "Workers Planned": 3,
          "Workers Launched": 3,
          "Single Copy": false,
          "Plans": [
            {
              "Node Type": "Aggregate",
              "Strategy": "Plain",
              "Partial Mode": "Partial",
              "Parent Relationship": "Outer",
              "Parallel Aware": false,
              "Startup Cost": 127973.27,
              "Total Cost": 127973.28,
              "Plan Rows": 1,
              "Plan Width": 8,
              "Actual Startup Time": 1443.075,
              "Actual Total Time": 1443.25,
              "Actual Rows": 1,
              "Actual Loops": 4,
              "Plans": [
                {
                  "Node Type": "Hash Join",
                  "Parent Relationship": "Outer",
                  "Parallel Aware": true,
                  "Join Type": "Inner",
                  "Startup Cost": 81411.91,
                  "Total Cost": 127081.89,
                  "Plan Rows": 356551,
                  "Plan Width": 0,
                  "Actual Startup Time": 478.954,
                  "Actual Total Time": 1173.534,
                  "Actual Rows": 5458934,
                  "Actual Loops": 4,
                  "Inner Unique": false,
                  "Hash Cond": "(mk.movie_id = t.id)",
                  "Plans": [
                    {
                      "Node Type": "Seq Scan",
                      "Parent Relationship": "Outer",
                      "Parallel Aware": true,
                      "Relation Name": "movie_keyword",
                      "Alias": "mk",
                      "Startup Cost": 0.0,
                      "Total Cost": 39047.32,
                      "Plan Rows": 1459332,
                      "Plan Width": 4,
                      "Actual Startup Time": 0.068,
                      "Actual Total Time": 102.002,
                      "Actual Rows": 1130982,
                      "Actual Loops": 4
                    },
                    {
                      "Node Type": "Hash",
                      "Parent Relationship": "Inner",
                      "Parallel Aware": true,
                      "Startup Cost": 78920.96,
                      "Total Cost": 78920.96,
                      "Plan Rows": 199276,
                      "Plan Width": 8,
                      "Actual Startup Time": 474.768,
                      "Actual Total Time": 474.939,
                      "Actual Rows": 269777,
                      "Actual Loops": 4,
                      "Hash Buckets": 2097152,
                      "Original Hash Buckets": 1048576,
                      "Hash Batches": 1,
                      "Original Hash Batches": 1,
                      "Peak Memory Usage": 66848,
                      "Plans": [
                        {
                          "Node Type": "Hash Join",
                          "Parent Relationship": "Outer",
                          "Parallel Aware": true,
                          "Join Type": "Inner",
                          "Startup Cost": 47908.9,
                          "Total Cost": 78920.96,
                          "Plan Rows": 199276,
                          "Plan Width": 8,
                          "Actual Startup Time": 164.812,
                          "Actual Total Time": 363.41,
                          "Actual Rows": 269777,
                          "Actual Loops": 4,
                          "Inner Unique": true,
                          "Hash Cond": "(mc.movie_id = t.id)",
                          "Plans": [
                            {
                              "Node Type": "Seq Scan",
                              "Parent Relationship": "Outer",
                              "Parallel Aware": true,
                              "Relation Name": "movie_companies",
                              "Alias": "mc",
                              "Startup Cost": 0.0,
                              "Total Cost": 29310.68,
                              "Plan Rows": 648146,
                              "Plan Width": 4,
                              "Actual Startup Time": 0.145,
                              "Actual Total Time": 73.98,
                              "Actual Rows": 504067,
                              "Actual Loops": 4,
                              "Filter": "(company_id > 684)",
                              "Rows Removed by Filter": 148215
                            },
                            {
                              "Node Type": "Hash",
                              "Parent Relationship": "Inner",
                              "Parallel Aware": true,
                              "Startup Cost": 45479.59,
                              "Total Cost": 45479.59,
                              "Plan Rows": 194345,
                              "Plan Width": 4,
                              "Actual Startup Time": 162.918,
                              "Actual Total Time": 162.919,
                              "Actual Rows": 170866,
                              "Actual Loops": 4,
                              "Hash Buckets": 1048576,
                              "Original Hash Buckets": 1048576,
                              "Hash Batches": 1,
                              "Original Hash Batches": 1,
                              "Peak Memory Usage": 35008,
                              "Plans": [
                                {
                                  "Node Type": "Seq Scan",
                                  "Parent Relationship": "Outer",
                                  "Parallel Aware": true,
                                  "Relation Name": "title",
                                  "Alias": "t",
                                  "Startup Cost": 0.0,
                                  "Total Cost": 45479.59,
                                  "Plan Rows": 194345,
                                  "Plan Width": 4,
                                  "Actual Startup Time": 0.039,
                                  "Actual Total Time": 99.148,
                                  "Actual Rows": 170866,
                                  "Actual Loops": 4,
                                  "Filter": "((kind_id < 7) AND (production_year > 1977))",
                                  "Rows Removed by Filter": 461212
                                }
                              ]
                            }
                          ]
                        }
                      ]
                    }
                  ]
                }
              ]
            }
          ]
        }
      ]
    },
    "Planning Time": 0.687,
    "Triggers": [],
    "Execution Time": 1484.491
  }
]