[
  {
    "Plan": {
      "Node Type": "Aggregate",
      "Strategy": "Plain",
      "Partial Mode": "Finalize",
      "Parallel Aware": false,
      "Startup Cost": 128983.66,
      "Total Cost": 128983.67,
      "Plan Rows": 1,
      "Plan Width": 8,
      "Actual Startup Time": 1267.294,
      "Actual Total Time": 1286.268,
      "Actual Rows": 1,
      "Actual Loops": 1,
      "Plans": [
        {
          "Node Type": "Gather",
          "Parent Relationship": "Outer",
          "Parallel Aware": false,
          "Startup Cost": 128983.34,
          "Total Cost": 128983.65,
          "Plan Rows": 3,
          "Plan Width": 8,
          "Actual Startup Time": 1258.191,
          "Actual Total Time": 1286.26,
          "Actual Rows": 4,
          "Actual Loops": 1,
          "Workers Planned": 3,
          "Workers Launched": 3,
          "Single Copy": false,
          "Plans": [
            {
              "Node Type": "Aggregate",
              "Strategy": "Plain",
              "Partial Mode": "Partial",
              "Parent Relationship": "Outer",
              "Parallel Aware": false,
              "Startup Cost": 127983.34,
              "Total Cost": 127983.35,
              "Plan Rows": 1,
              "Plan Width": 8,
              "Actual Startup Time": 1248.898,
              "Actual Total Time": 1248.904,
              "Actual Rows": 1,
              "Actual Loops": 4,
              "Plans": [
                {
                  "Node Type": "Hash Join",
                  "Parent Relationship": "Outer",
                  "Parallel Aware": true,
                  "Join Type": "Inner",
                  "Startup Cost": 81418.75,
                  "Total Cost": 127090.55,
                  "Plan Rows": 357116,
                  "Plan Width": 0,
                  "Actual Startup Time": 477.948,
                  "Actual Total Time": 1037.398,
                  "Actual Rows": 5458934,
                  "Actual Loops": 4,
                  "Inner Unique": false,
                  "Hash Cond": "(mk.movie_id = t.id)",
                  "Plans": [
                    {
                      "Node Type": "Seq Scan",
                      "Parent Relationship": "Outer",
                      "Parallel Aware": true,
                      "Relation Name": "movie_keyword",
                      "Alias": "mk",
                      "Startup Cost": 0.0,
                      "Total Cost": 39047.32,
                      "Plan Rows": 1459332,
                      "Plan Width": 4,
                      "Actual Startup Time": 0.047,
                      "Actual Total Time": 88.098,
                      "Actual Rows": 1130982,
                      "Actual Loops": 4
                    },
                    {
                      "Node Type": "Hash",
                      "Parent Relationship": "Inner",
                      "Parallel Aware": true,
                      "Startup Cost": 78923.97,
                      "Total Cost": 78923.97,
                      "Plan Rows": 199582,
                      "Plan Width": 8,
                      "Actual Startup Time": 472.751,
                      "Actual Total Time": 472.755,
                      "Actual Rows": 269777,
                      "Actual Loops": 4,
                      "Hash Buckets": 2097152,
                      "Original Hash Buckets": 1048576,
                      "Hash Batches": 1,
                      "Original Hash Batches": 1,
                      "Peak Memory Usage": 66848,
                      "Plans": [
                        {
                          "Node Type": "Hash Join",
                          "Parent Relationship": "Outer",
                          "Parallel Aware": true,
                          "Join Type": "Inner",
                          "Startup Cost": 47911.65,
                          "Total Cost": 78923.97,
                          "Plan Rows": 199582,
                          "Plan Width": 8,
                          "Actual Startup Time": 171.874,
                          "Actual Total Time": 370.476,
                          "Actual Rows": 269777,
                          "Actual Loops": 4,
                          "Inner Unique": true,
                          "Hash Cond": "(mc.movie_id = t.id)",
                          "Plans": [
                            {
                              "Node Type": "Seq Scan",
                              "Parent Relationship": "Outer",
                              "Parallel Aware": true,
                              "Relation Name": "movie_companies",
                              "Alias": "mc",
                              "Startup Cost": 0.0,
                              "Total Cost": 29310.68,
                              "Plan Rows": 648244,
                              "Plan Width": 4,
                              "Actual Startup Time": 0.171,
                              "Actual Total Time": 75.046,
                              "Actual Rows": 504067,
                              "Actual Loops": 4,
                              "Filter": "(company_id > 684)",
                              "Rows Removed by Filter": 148215
                            },
                            {
                              "Node Type": "Hash",
                              "Parent Relationship": "Inner",
                              "Parallel Aware": true,
                              "Startup Cost": 45479.1,
                              "Total Cost": 45479.1,
                              "Plan Rows": 194604,
                              "Plan Width": 4,
                              "Actual Startup Time": 169.109,
                              "Actual Total Time": 169.11,
                              "Actual Rows": 170866,
                              "Actual Loops": 4,
                              "Hash Buckets": 1048576,
                              "Original Hash Buckets": 1048576,
                              "Hash Batches": 1,
                              "Original Hash Batches": 1,
                              "Peak Memory Usage": 35008,
                              "Plans": [
                                {
                                  "Node Type": "Seq Scan",
                                  "Parent Relationship": "Outer",
                                  "Parallel Aware": true,
                                  "Relation Name": "title",
                                  "Alias": "t",
                                  "Startup Cost": 0.0,
                                  "Total Cost": 45479.1,
                                  "Plan Rows": 194604,
                                  "Plan Width": 4,
                                  "Actual Startup Time": 0.041,
                                  "Actual Total Time": 104.304,
                                  "Actual Rows": 170866,
                                  "Actual Loops": 4,
                                  "Filter": "((kind_id < 7) AND (production_year > 1977))",
                                  "Rows Removed by Filter": 461212
                                }
                              ]
                            }
                          ]
                        }
                      ]
                    }
                  ]
                }
              ]
            }
          ]
        }
      ]
    },
    "Planning Time": 1.426,
    "Triggers": [],
    "Execution Time": 1286.352
  }
]