[
  {
    "Plan": {
      "Node Type": "Aggregate",
      "Strategy": "Plain",
      "Partial Mode": "Finalize",
      "Parallel Aware": false,
      "Startup Cost": 340737.64,
      "Total Cost": 340737.65,
      "Plan Rows": 1,
      "Plan Width": 8,
      "Actual Startup Time": 791.668,
      "Actual Total Time": 846.27,
      "Actual Rows": 1,
      "Actual Loops": 1,
      "Plans": [
        {
          "Node Type": "Gather",
          "Parent Relationship": "Outer",
          "Parallel Aware": false,
          "Startup Cost": 340737.01,
          "Total Cost": 340737.62,
          "Plan Rows": 6,
          "Plan Width": 8,
          "Actual Startup Time": 791.527,
          "Actual Total Time": 846.259,
          "Actual Rows": 7,
          "Actual Loops": 1,
          "Workers Planned": 6,
          "Workers Launched": 6,
          "Single Copy": false,
          "Plans": [
            {
              "Node Type": "Aggregate",
              "Strategy": "Plain",
              "Partial Mode": "Partial",
              "Parent Relationship": "Outer",
              "Parallel Aware": false,
              "Startup Cost": 339737.01,
              "Total Cost": 339737.02,
              "Plan Rows": 1,
              "Plan Width": 8,
              "Actual Startup Time": 782.075,
              "Actual Total Time": 782.076,
              "Actual Rows": 1,
              "Actual Loops": 7,
              "Plans": [
                {
                  "Node Type": "Seq Scan",
                  "Parent Relationship": "Outer",
                  "Parallel Aware": true,
                  "Relation Name": "cast_info",
                  "Alias": "ci",
                  "Startup Cost": 0.0,
                  "Total Cost": 328162.03,
                  "Plan Rows": 4629994,
                  "Plan Width": 0,
                  "Actual Startup Time": 0.047,
                  "Actual Total Time": 612.6,
                  "Actual Rows": 3984719,
                  "Actual Loops": 7,
                  "Filter": "(person_id < 2848140)",
                  "Rows Removed by Filter": 1193044
                }
              ]
            }
          ]
        }
      ]
    },
    "Planning Time": 0.162,
    "Triggers": [],
    "Execution Time": 846.335
  }
]