[
  {
    "Plan": {
      "Node Type": "Aggregate",
      "Strategy": "Plain",
      "Partial Mode": "Finalize",
      "Parallel Aware": false,
      "Startup Cost": 383159.87,
      "Total Cost": 383159.88,
      "Plan Rows": 1,
      "Plan Width": 8,
      "Actual Startup Time": 1087.269,
      "Actual Total Time": 1143.646,
      "Actual Rows": 1,
      "Actual Loops": 1,
      "Plans": [
        {
          "Node Type": "Gather",
          "Parent Relationship": "Outer",
          "Parallel Aware": false,
          "Startup Cost": 383159.25,
          "Total Cost": 383159.86,
          "Plan Rows": 6,
          "Plan Width": 8,
          "Actual Startup Time": 1084.875,
          "Actual Total Time": 1143.619,
          "Actual Rows": 7,
          "Actual Loops": 1,
          "Workers Planned": 6,
          "Workers Launched": 6,
          "Single Copy": false,
          "Plans": [
            {
              "Node Type": "Aggregate",
              "Strategy": "Plain",
              "Partial Mode": "Partial",
              "Parent Relationship": "Outer",
              "Parallel Aware": false,
              "Startup Cost": 382159.25,
              "Total Cost": 382159.26,
              "Plan Rows": 1,
              "Plan Width": 8,
              "Actual Startup Time": 1073.872,
              "Actual Total Time": 1073.876,
              "Actual Rows": 1,
              "Actual Loops": 7,
              "Plans": [
                {
                  "Node Type": "Hash Join",
                  "Parent Relationship": "Outer",
                  "Parallel Aware": true,
                  "Join Type": "Inner",
                  "Startup Cost": 46877.86,
                  "Total Cost": 381139.53,
                  "Plan Rows": 407886,
                  "Plan Width": 0,
                  "Actual Startup Time": 108.834,
                  "Actual Total Time": 1058.111,
                  "Actual Rows": 314599,
                  "Actual Loops": 7,
                  "Inner Unique": true,
                  "Hash Cond": "(ci.movie_id = t.id)",
                  "Plans": [
                    {
                      "Node Type": "Seq Scan",
                      "Parent Relationship": "Outer",
                      "Parallel Aware": true,
                      "Relation Name": "cast_info",
                      "Alias": "ci",
                      "Startup Cost": 0.0,
                      "Total Cost": 328211.39,
                      "Plan Rows": 2304865,
                      "Plan Width": 4,
                      "Actual Startup Time": 0.036,
                      "Actual Total Time": 590.517,
                      "Actual Rows": 1997092,
                      "Actual Loops": 7,
                      "Filter": "(person_id < 1377394)",
                      "Rows Removed by Filter": 3180671
                    },
                    {
                      "Node Type": "Hash",
                      "Parent Relationship": "Inner",
                      "Parallel Aware": true,
                      "Startup Cost": 45479.59,
                      "Total Cost": 45479.59,
                      "Plan Rows": 111862,
                      "Plan Width": 4,
                      "Actual Startup Time": 106.061,
                      "Actual Total Time": 106.063,
                      "Actual Rows": 46441,
                      "Actual Loops": 7,
                      "Hash Buckets": 524288,
                      "Original Hash Buckets": 524288,
                      "Hash Batches": 1,
                      "Original Hash Batches": 1,
                      "Peak Memory Usage": 16928,
                      "Plans": [
                        {
                          "Node Type": "Seq Scan",
                          "Parent Relationship": "Outer",
                          "Parallel Aware": true,
                          "Relation Name": "title",
                          "Alias": "t",
                          "Startup Cost": 0.0,
                          "Total Cost": 45479.59,
                          "Plan Rows": 111862,
                          "Plan Width": 4,
                          "Actual Startup Time": 46.225,
                          "Actual Total Time": 85.755,
                          "Actual Rows": 46441,
                          "Actual Loops": 7,
                          "Filter": "((production_year > 1992) AND (kind_id = 1))",
                          "Rows Removed by Filter": 314746
                        }
                      ]
                    }
                  ]
                }
              ]
            }
          ]
        }
      ]
    },
    "Planning Time": 0.625,
    "Triggers": [],
    "Execution Time": 1143.731
  }
]