[
  {
    "Plan": {
      "Node Type": "Aggregate",
      "Strategy": "Plain",
      "Partial Mode": "Finalize",
      "Parallel Aware": false,
      "Startup Cost": 124773.17,
      "Total Cost": 124773.18,
      "Plan Rows": 1,
      "Plan Width": 8,
      "Actual Startup Time": 501.497,
      "Actual Total Time": 526.625,
      "Actual Rows": 1,
      "Actual Loops": 1,
      "Plans": [
        {
          "Node Type": "Gather",
          "Parent Relationship": "Outer",
          "Parallel Aware": false,
          "Startup Cost": 124772.85,
          "Total Cost": 124773.16,
          "Plan Rows": 3,
          "Plan Width": 8,
          "Actual Startup Time": 499.451,
          "Actual Total Time": 526.615,
          "Actual Rows": 4,
          "Actual Loops": 1,
          "Workers Planned": 3,
          "Workers Launched": 3,
          "Single Copy": false,
          "Plans": [
            {
              "Node Type": "Aggregate",
              "Strategy": "Plain",
              "Partial Mode": "Partial",
              "Parent Relationship": "Outer",
              "Parallel Aware": false,
              "Startup Cost": 123772.85,
              "Total Cost": 123772.86,
              "Plan Rows": 1,
              "Plan Width": 8,
              "Actual Startup Time": 493.008,
              "Actual Total Time": 493.139,
              "Actual Rows": 1,
              "Actual Loops": 4,
              "Plans": [
                {
                  "Node Type": "Hash Join",
                  "Parent Relationship": "Outer",
                  "Parallel Aware": true,
                  "Join Type": "Inner",
                  "Startup Cost": 78422.35,
                  "Total Cost": 123410.16,
                  "Plan Rows": 145076,
                  "Plan Width": 0,
                  "Actual Startup Time": 303.446,
                  "Actual Total Time": 490.233,
                  "Actual Rows": 64552,
                  "Actual Loops": 4,
                  "Inner Unique": false,
                  "Hash Cond": "(mk.movie_id = t.id)",
                  "Plans": [
                    {
                      "Node Type": "Seq Scan",
                      "Parent Relationship": "Outer",
                      "Parallel Aware": true,
                      "Relation Name": "movie_keyword",
                      "Alias": "mk",
                      "Startup Cost": 0.0,
                      "Total Cost": 39047.32,
                      "Plan Rows": 1459332,
                      "Plan Width": 4,
                      "Actual Startup Time": 0.06,
                      "Actual Total Time": 93.106,
                      "Actual Rows": 1130982,
                      "Actual Loops": 4
                    },
                    {
                      "Node Type": "Hash",
                      "Parent Relationship": "Inner",
                      "Parallel Aware": true,
                      "Startup Cost": 77408.82,
                      "Total Cost": 77408.82,
                      "Plan Rows": 81083,
                      "Plan Width": 8,
                      "Actual Startup Time": 301.175,
                      "Actual Total Time": 301.304,
                      "Actual Rows": 30109,
                      "Actual Loops": 4,
                      "Hash Buckets": 262144,
                      "Original Hash Buckets": 262144,
                      "Hash Batches": 1,
                      "Original Hash Batches": 1,
                      "Peak Memory Usage": 6816,
                      "Plans": [
                        {
                          "Node Type": "Hash Join",
                          "Parent Relationship": "Outer",
                          "Parallel Aware": true,
                          "Join Type": "Inner",
                          "Startup Cost": 46969.01,
                          "Total Cost": 77408.82,
                          "Plan Rows": 81083,
                          "Plan Width": 8,
                          "Actual Startup Time": 186.016,
                          "Actual Total Time": 291.631,
                          "Actual Rows": 30109,
                          "Actual Loops": 4,
                          "Inner Unique": true,
                          "Hash Cond": "(mc.movie_id = t.id)",
                          "Plans": [
                            {
                              "Node Type": "Seq Scan",
                              "Parent Relationship": "Outer",
                              "Parallel Aware": true,
                              "Relation Name": "movie_companies",
                              "Alias": "mc",
                              "Startup Cost": 0.0,
                              "Total Cost": 29310.68,
                              "Plan Rows": 430142,
                              "Plan Width": 4,
                              "Actual Startup Time": 32.549,
                              "Actual Total Time": 71.342,
                              "Actual Rows": 333721,
                              "Actual Loops": 4,
                              "Filter": "(company_type_id = 2)",
                              "Rows Removed by Filter": 318562
                            },
                            {
                              "Node Type": "Hash",
                              "Parent Relationship": "Inner",
                              "Parallel Aware": true,
                              "Startup Cost": 45479.59,
                              "Total Cost": 45479.59,
                              "Plan Rows": 119154,
                              "Plan Width": 4,
                              "Actual Startup Time": 151.677,
                              "Actual Total Time": 151.678,
                              "Actual Rows": 129582,
                              "Actual Loops": 4,
                              "Hash Buckets": 524288,
                              "Original Hash Buckets": 524288,
                              "Hash Batches": 1,
                              "Original Hash Batches": 1,
                              "Peak Memory Usage": 24448,
                              "Plans": [
                                {
                                  "Node Type": "Seq Scan",
                                  "Parent Relationship": "Outer",
                                  "Parallel Aware": true,
                                  "Relation Name": "title",
                                  "Alias": "t",
                                  "Startup Cost": 0.0,
                                  "Total Cost": 45479.59,
                                  "Plan Rows": 119154,
                                  "Plan Width": 4,
                                  "Actual Startup Time": 0.044,
                                  "Actual Total Time": 101.614,
                                  "Actual Rows": 129582,
                                  "Actual Loops": 4,
                                  "Filter": "((production_year > 2007) AND (kind_id = 7))",
                                  "Rows Removed by Filter": 502496
                                }
                              ]
                            }
                          ]
                        }
                      ]
                    }
                  ]
                }
              ]
            }
          ]
        }
      ]
    },
    "Planning Time": 0.896,
    "Triggers": [],
    "Execution Time": 526.684
  }
]