[
  {
    "Plan": {
      "Node Type": "Aggregate",
      "Strategy": "Plain",
      "Partial Mode": "Finalize",
      "Parallel Aware": false,
      "Startup Cost": 392613.99,
      "Total Cost": 392614.0,
      "Plan Rows": 1,
      "Plan Width": 8,
      "Actual Startup Time": 747.849,
      "Actual Total Time": 814.772,
      "Actual Rows": 1,
      "Actual Loops": 1,
      "Plans": [
        {
          "Node Type": "Gather",
          "Parent Relationship": "Outer",
          "Parallel Aware": false,
          "Startup Cost": 392613.37,
          "Total Cost": 392613.98,
          "Plan Rows": 6,
          "Plan Width": 8,
          "Actual Startup Time": 746.81,
          "Actual Total Time": 814.761,
          "Actual Rows": 7,
          "Actual Loops": 1,
          "Workers Planned": 6,
          "Workers Launched": 6,
          "Single Copy": false,
          "Plans": [
            {
              "Node Type": "Aggregate",
              "Strategy": "Plain",
              "Partial Mode": "Partial",
              "Parent Relationship": "Outer",
              "Parallel Aware": false,
              "Startup Cost": 391613.37,
              "Total Cost": 391613.38,
              "Plan Rows": 1,
              "Plan Width": 8,
              "Actual Startup Time": 736.126,
              "Actual Total Time": 736.129,
              "Actual Rows": 1,
              "Actual Loops": 7,
              "Plans": [
                {
                  "Node Type": "Hash Join",
                  "Parent Relationship": "Outer",
                  "Parallel Aware": true,
                  "Join Type": "Inner",
                  "Startup Cost": 45753.65,
                  "Total Cost": 391529.99,
                  "Plan Rows": 33350,
                  "Plan Width": 0,
                  "Actual Startup Time": 350.798,
                  "Actual Total Time": 735.422,
                  "Actual Rows": 13147,
                  "Actual Loops": 7,
                  "Inner Unique": true,
                  "Hash Cond": "(ci.movie_id = t.id)",
                  "Plans": [
                    {
                      "Node Type": "Seq Scan",
                      "Parent Relationship": "Outer",
                      "Parallel Aware": true,
                      "Relation Name": "cast_info",
                      "Alias": "ci",
                      "Startup Cost": 0.0,
                      "Total Cost": 343257.03,
                      "Plan Rows": 959739,
                      "Plan Width": 4,
                      "Actual Startup Time": 210.995,
                      "Actual Total Time": 598.355,
                      "Actual Rows": 355534,
                      "Actual Loops": 7,
                      "Filter": "((person_id < 877785) AND (role_id > 1))",
                      "Rows Removed by Filter": 4822229
                    },
                    {
                      "Node Type": "Hash",
                      "Parent Relationship": "Inner",
                      "Parallel Aware": true,
                      "Startup Cost": 45479.1,
                      "Total Cost": 45479.1,
                      "Plan Rows": 21964,
                      "Plan Width": 4,
                      "Actual Startup Time": 81.689,
                      "Actual Total Time": 81.69,
                      "Actual Rows": 13233,
                      "Actual Loops": 7,
                      "Hash Buckets": 131072,
                      "Original Hash Buckets": 131072,
                      "Hash Batches": 1,
                      "Original Hash Batches": 1,
                      "Peak Memory Usage": 4736,
                      "Plans": [
                        {
                          "Node Type": "Seq Scan",
                          "Parent Relationship": "Outer",
                          "Parallel Aware": true,
                          "Relation Name": "title",
                          "Alias": "t",
                          "Startup Cost": 0.0,
                          "Total Cost": 45479.1,
                          "Plan Rows": 21964,
                          "Plan Width": 4,
                          "Actual Startup Time": 0.052,
                          "Actual Total Time": 74.949,
                          "Actual Rows": 13233,
                          "Actual Loops": 7,
                          "Filter": "((kind_id = 7) AND (production_year = 2010))",
                          "Rows Removed by Filter": 347955
                        }
                      ]
                    }
                  ]
                }
              ]
            }
          ]
        }
      ]
    },
    "Planning Time": 0.463,
    "Triggers": [],
    "Execution Time": 814.842
  }
]