[
  {
    "Plan": {
      "Node Type": "Aggregate",
      "Strategy": "Plain",
      "Partial Mode": "Finalize",
      "Parallel Aware": false,
      "Startup Cost": 108184.64,
      "Total Cost": 108184.65,
      "Plan Rows": 1,
      "Plan Width": 8,
      "Actual Startup Time": 665.847,
      "Actual Total Time": 687.267,
      "Actual Rows": 1,
      "Actual Loops": 1,
      "Plans": [
        {
          "Node Type": "Gather",
          "Parent Relationship": "Outer",
          "Parallel Aware": false,
          "Startup Cost": 108184.42,
          "Total Cost": 108184.63,
          "Plan Rows": 2,
          "Plan Width": 8,
          "Actual Startup Time": 657.741,
          "Actual Total Time": 687.254,
          "Actual Rows": 3,
          "Actual Loops": 1,
          "Workers Planned": 2,
          "Workers Launched": 2,
          "Single Copy": false,
          "Plans": [
            {
              "Node Type": "Aggregate",
              "Strategy": "Plain",
              "Partial Mode": "Partial",
              "Parent Relationship": "Outer",
              "Parallel Aware": false,
              "Startup Cost": 107184.42,
              "Total Cost": 107184.43,
              "Plan Rows": 1,
              "Plan Width": 8,
              "Actual Startup Time": 651.182,
              "Actual Total Time": 651.369,
              "Actual Rows": 1,
              "Actual Loops": 3,
              "Plans": [
                {
                  "Node Type": "Hash Join",
                  "Parent Relationship": "Outer",
                  "Parallel Aware": true,
                  "Join Type": "Inner",
                  "Startup Cost": 91114.63,
                  "Total Cost": 107084.73,
                  "Plan Rows": 39878,
                  "Plan Width": 0,
                  "Actual Startup Time": 487.701,
                  "Actual Total Time": 625.868,
                  "Actual Rows": 529921,
                  "Actual Loops": 3,
                  "Inner Unique": false,
                  "Hash Cond": "(mi_idx.movie_id = t.id)",
                  "Plans": [
                    {
                      "Node Type": "Seq Scan",
                      "Parent Relationship": "Outer",
                      "Parallel Aware": true,
                      "Relation Name": "movie_info_idx",
                      "Alias": "mi_idx",
                      "Startup Cost": 0.0,
                      "Total Cost": 13685.15,
                      "Plan Rows": 575015,
                      "Plan Width": 4,
                      "Actual Startup Time": 0.018,
                      "Actual Total Time": 42.236,
                      "Actual Rows": 460012,
                      "Actual Loops": 3
                    },
                    {
                      "Node Type": "Hash",
                      "Parent Relationship": "Inner",
                      "Parallel Aware": true,
                      "Startup Cost": 90407.58,
                      "Total Cost": 90407.58,
                      "Plan Rows": 56564,
                      "Plan Width": 8,
                      "Actual Startup Time": 483.238,
                      "Actual Total Time": 483.423,
                      "Actual Rows": 199051,
                      "Actual Loops": 3,
                      "Hash Buckets": 1048576,
                      "Original Hash Buckets": 262144,
                      "Hash Batches": 1,
                      "Original Hash Batches": 1,
                      "Peak Memory Usage": 37728,
                      "Plans": [
                        {
                          "Node Type": "Hash Join",
                          "Parent Relationship": "Outer",
                          "Parallel Aware": true,
                          "Join Type": "Inner",
                          "Startup Cost": 46326.19,
                          "Total Cost": 90407.58,
                          "Plan Rows": 56564,
                          "Plan Width": 8,
                          "Actual Startup Time": 184.735,
                          "Actual Total Time": 410.535,
                          "Actual Rows": 199051,
                          "Actual Loops": 3,
                          "Inner Unique": true,
                          "Hash Cond": "(mk.movie_id = t.id)",
                          "Plans": [
                            {
                              "Node Type": "Seq Scan",
                              "Parent Relationship": "Outer",
                              "Parallel Aware": true,
                              "Relation Name": "movie_keyword",
                              "Alias": "mk",
                              "Startup Cost": 0.0,
                              "Total Cost": 42695.65,
                              "Plan Rows": 527903,
                              "Plan Width": 4,
                              "Actual Startup Time": 0.728,
                              "Actual Total Time": 141.024,
                              "Actual Rows": 541787,
                              "Actual Loops": 3,
                              "Filter": "(keyword_id > 9217)",
                              "Rows Removed by Filter": 966189
                            },
                            {
                              "Node Type": "Hash",
                              "Parent Relationship": "Inner",
                              "Parallel Aware": true,
                              "Startup Cost": 45479.59,
                              "Total Cost": 45479.59,
                              "Plan Rows": 67728,
                              "Plan Width": 4,
                              "Actual Startup Time": 180.68,
                              "Actual Total Time": 180.681,
                              "Actual Rows": 131461,
                              "Actual Loops": 3,
                              "Hash Buckets": 524288,
                              "Original Hash Buckets": 524288,
                              "Hash Batches": 1,
                              "Original Hash Batches": 1,
                              "Peak Memory Usage": 19584,
                              "Plans": [
                                {
                                  "Node Type": "Seq Scan",
                                  "Parent Relationship": "Outer",
                                  "Parallel Aware": true,
                                  "Relation Name": "title",
                                  "Alias": "t",
                                  "Startup Cost": 0.0,
                                  "Total Cost": 45479.59,
                                  "Plan Rows": 67728,
                                  "Plan Width": 4,
                                  "Actual Startup Time": 0.075,
                                  "Actual Total Time": 131.517,
                                  "Actual Rows": 131461,
                                  "Actual Loops": 3,
                                  "Filter": "((kind_id < 3) AND (production_year < 1998))",
                                  "Rows Removed by Filter": 711310
                                }
                              ]
                            }
                          ]
                        }
                      ]
                    }
                  ]
                }
              ]
            }
          ]
        }
      ]
    },
    "Planning Time": 1.32,
    "Triggers": [],
    "Execution Time": 687.353
  }
]