[
  {
    "Plan": {
      "Node Type": "Aggregate",
      "Strategy": "Plain",
      "Partial Mode": "Finalize",
      "Parallel Aware": false,
      "Startup Cost": 108179.91,
      "Total Cost": 108179.92,
      "Plan Rows": 1,
      "Plan Width": 8,
      "Actual Startup Time": 567.29,
      "Actual Total Time": 584.069,
      "Actual Rows": 1,
      "Actual Loops": 1,
      "Plans": [
        {
          "Node Type": "Gather",
          "Parent Relationship": "Outer",
          "Parallel Aware": false,
          "Startup Cost": 108179.7,
          "Total Cost": 108179.91,
          "Plan Rows": 2,
          "Plan Width": 8,
          "Actual Startup Time": 562.858,
          "Actual Total Time": 584.059,
          "Actual Rows": 3,
          "Actual Loops": 1,
          "Workers Planned": 2,
          "Workers Launched": 2,
          "Single Copy": false,
          "Plans": [
            {
              "Node Type": "Aggregate",
              "Strategy": "Plain",
              "Partial Mode": "Partial",
              "Parent Relationship": "Outer",
              "Parallel Aware": false,
              "Startup Cost": 107179.7,
              "Total Cost": 107179.71,
              "Plan Rows": 1,
              "Plan Width": 8,
              "Actual Startup Time": 556.909,
              "Actual Total Time": 557.054,
              "Actual Rows": 1,
              "Actual Loops": 3,
              "Plans": [
                {
                  "Node Type": "Hash Join",
                  "Parent Relationship": "Outer",
                  "Parallel Aware": true,
                  "Join Type": "Inner",
                  "Startup Cost": 91109.73,
                  "Total Cost": 107079.93,
                  "Plan Rows": 39908,
                  "Plan Width": 0,
                  "Actual Startup Time": 419.045,
                  "Actual Total Time": 536.163,
                  "Actual Rows": 529921,
                  "Actual Loops": 3,
                  "Inner Unique": false,
                  "Hash Cond": "(mi_idx.movie_id = t.id)",
                  "Plans": [
                    {
                      "Node Type": "Seq Scan",
                      "Parent Relationship": "Outer",
                      "Parallel Aware": true,
                      "Relation Name": "movie_info_idx",
                      "Alias": "mi_idx",
                      "Startup Cost": 0.0,
                      "Total Cost": 13685.15,
                      "Plan Rows": 575015,
                      "Plan Width": 4,
                      "Actual Startup Time": 0.03,
                      "Actual Total Time": 34.165,
                      "Actual Rows": 460012,
                      "Actual Loops": 3
                    },
                    {
                      "Node Type": "Hash",
                      "Parent Relationship": "Inner",
                      "Parallel Aware": true,
                      "Startup Cost": 90402.18,
                      "Total Cost": 90402.18,
                      "Plan Rows": 56604,
                      "Plan Width": 8,
                      "Actual Startup Time": 414.874,
                      "Actual Total Time": 415.018,
                      "Actual Rows": 199051,
                      "Actual Loops": 3,
                      "Hash Buckets": 1048576,
                      "Original Hash Buckets": 262144,
                      "Hash Batches": 1,
                      "Original Hash Batches": 1,
                      "Peak Memory Usage": 37760,
                      "Plans": [
                        {
                          "Node Type": "Hash Join",
                          "Parent Relationship": "Outer",
                          "Parallel Aware": true,
                          "Join Type": "Inner",
                          "Startup Cost": 46335.14,
                          "Total Cost": 90402.18,
                          "Plan Rows": 56604,
                          "Plan Width": 8,
                          "Actual Startup Time": 161.709,
                          "Actual Total Time": 359.847,
                          "Actual Rows": 199051,
                          "Actual Loops": 3,
                          "Inner Unique": true,
                          "Hash Cond": "(mk.movie_id = t.id)",
                          "Plans": [
                            {
                              "Node Type": "Seq Scan",
                              "Parent Relationship": "Outer",
                              "Parallel Aware": true,
                              "Relation Name": "movie_keyword",
                              "Alias": "mk",
                              "Startup Cost": 0.0,
                              "Total Cost": 42695.65,
                              "Plan Rows": 522436,
                              "Plan Width": 4,
                              "Actual Startup Time": 0.673,
                              "Actual Total Time": 125.473,
                              "Actual Rows": 541787,
                              "Actual Loops": 3,
                              "Filter": "(keyword_id > 9217)",
                              "Rows Removed by Filter": 966189
                            },
                            {
                              "Node Type": "Hash",
                              "Parent Relationship": "Inner",
                              "Parallel Aware": true,
                              "Startup Cost": 45479.1,
                              "Total Cost": 45479.1,
                              "Plan Rows": 68483,
                              "Plan Width": 4,
                              "Actual Startup Time": 158.28,
                              "Actual Total Time": 158.281,
                              "Actual Rows": 131461,
                              "Actual Loops": 3,
                              "Hash Buckets": 524288,
                              "Original Hash Buckets": 524288,
                              "Hash Batches": 1,
                              "Original Hash Batches": 1,
                              "Peak Memory Usage": 19552,
                              "Plans": [
                                {
                                  "Node Type": "Seq Scan",
                                  "Parent Relationship": "Outer",
                                  "Parallel Aware": true,
                                  "Relation Name": "title",
                                  "Alias": "t",
                                  "Startup Cost": 0.0,
                                  "Total Cost": 45479.1,
                                  "Plan Rows": 68483,
                                  "Plan Width": 4,
                                  "Actual Startup Time": 0.047,
                                  "Actual Total Time": 116.051,
                                  "Actual Rows": 131461,
                                  "Actual Loops": 3,
                                  "Filter": "((kind_id < 3) AND (production_year < 1998))",
                                  "Rows Removed by Filter": 711310
                                }
                              ]
                            }
                          ]
                        }
                      ]
                    }
                  ]
                }
              ]
            }
          ]
        }
      ]
    },
    "Planning Time": 1.366,
    "Triggers": [],
    "Execution Time": 584.151
  }
]