{
    "Plan": {
        "Node Type": "Aggregate",
        "Strategy": "Plain",
        "Partial Mode": "Finalize",
        "Parallel Aware": false,
        "Startup Cost": 390146.84,
        "Total Cost": 390146.85,
        "Plan Rows": 1,
        "Plan Width": 8,
        "Actual Startup Time": 1342.76,
        "Actual Total Time": 1391.408,
        "Actual Rows": 1,
        "Actual Loops": 1,
        "Output": [
            "count(*)"
        ],
        "Plans": [
            {
                "Node Type": "Gather",
                "Parent Relationship": "Outer",
                "Parallel Aware": false,
                "Startup Cost": 390146.22,
                "Total Cost": 390146.83,
                "Plan Rows": 6,
                "Plan Width": 8,
                "Actual Startup Time": 1340.528,
                "Actual Total Time": 1391.398,
                "Actual Rows": 7,
                "Actual Loops": 1,
                "Output": [
                    "(PARTIAL count(*))"
                ],
                "Workers Planned": 6,
                "Workers Launched": 6,
                "Single Copy": false,
                "Plans": [
                    {
                        "Node Type": "Aggregate",
                        "Strategy": "Plain",
                        "Partial Mode": "Partial",
                        "Parent Relationship": "Outer",
                        "Parallel Aware": false,
                        "Startup Cost": 389146.22,
                        "Total Cost": 389146.23,
                        "Plan Rows": 1,
                        "Plan Width": 8,
                        "Actual Startup Time": 1330.782,
                        "Actual Total Time": 1330.785,
                        "Actual Rows": 1,
                        "Actual Loops": 7,
                        "Output": [
                            "PARTIAL count(*)"
                        ],
                        "Workers": [
                            {
                                "Worker Number": 0,
                                "Actual Startup Time": 1327.683,
                                "Actual Total Time": 1327.686,
                                "Actual Rows": 1,
                                "Actual Loops": 1
                            },
                            {
                                "Worker Number": 1,
                                "Actual Startup Time": 1328.048,
                                "Actual Total Time": 1328.05,
                                "Actual Rows": 1,
                                "Actual Loops": 1
                            },
                            {
                                "Worker Number": 2,
                                "Actual Startup Time": 1327.838,
                                "Actual Total Time": 1327.84,
                                "Actual Rows": 1,
                                "Actual Loops": 1
                            },
                            {
                                "Worker Number": 3,
                                "Actual Startup Time": 1330.395,
                                "Actual Total Time": 1330.397,
                                "Actual Rows": 1,
                                "Actual Loops": 1
                            },
                            {
                                "Worker Number": 4,
                                "Actual Startup Time": 1330.909,
                                "Actual Total Time": 1330.911,
                                "Actual Rows": 1,
                                "Actual Loops": 1
                            },
                            {
                                "Worker Number": 5,
                                "Actual Startup Time": 1331.003,
                                "Actual Total Time": 1331.005,
                                "Actual Rows": 1,
                                "Actual Loops": 1
                            }
                        ],
                        "Plans": [
                            {
                                "Node Type": "Hash Join",
                                "Parent Relationship": "Outer",
                                "Parallel Aware": true,
                                "Join Type": "Inner",
                                "Startup Cost": 46466.21,
                                "Total Cost": 387608.12,
                                "Plan Rows": 615240,
                                "Plan Width": 0,
                                "Actual Startup Time": 165.734,
                                "Actual Total Time": 1308.325,
                                "Actual Rows": 507952,
                                "Actual Loops": 7,
                                "Inner Unique": true,
                                "Hash Cond": "(ci.movie_id = t.id)",
                                "Workers": [
                                    {
                                        "Worker Number": 0,
                                        "Actual Startup Time": 162.635,
                                        "Actual Total Time": 1306.111,
                                        "Actual Rows": 479712,
                                        "Actual Loops": 1
                                    },
                                    {
                                        "Worker Number": 1,
                                        "Actual Startup Time": 162.835,
                                        "Actual Total Time": 1305.93,
                                        "Actual Rows": 488643,
                                        "Actual Loops": 1
                                    },
                                    {
                                        "Worker Number": 2,
                                        "Actual Startup Time": 162.978,
                                        "Actual Total Time": 1306.008,
                                        "Actual Rows": 481666,
                                        "Actual Loops": 1
                                    },
                                    {
                                        "Worker Number": 3,
                                        "Actual Startup Time": 165.346,
                                        "Actual Total Time": 1308.434,
                                        "Actual Rows": 510914,
                                        "Actual Loops": 1
                                    },
                                    {
                                        "Worker Number": 4,
                                        "Actual Startup Time": 165.874,
                                        "Actual Total Time": 1308.884,
                                        "Actual Rows": 507104,
                                        "Actual Loops": 1
                                    },
                                    {
                                        "Worker Number": 5,
                                        "Actual Startup Time": 165.966,
                                        "Actual Total Time": 1309.189,
                                        "Actual Rows": 506878,
                                        "Actual Loops": 1
                                    }
                                ],
                                "Plans": [
                                    {
                                        "Node Type": "Seq Scan",
                                        "Parent Relationship": "Outer",
                                        "Parallel Aware": true,
                                        "Relation Name": "cast_info",
                                        "Schema": "public",
                                        "Alias": "ci",
                                        "Startup Cost": 0.0,
                                        "Total Cost": 328213.62,
                                        "Plan Rows": 4925055,
                                        "Plan Width": 4,
                                        "Actual Startup Time": 74.717,
                                        "Actual Total Time": 604.718,
                                        "Actual Rows": 4190960,
                                        "Actual Loops": 7,
                                        "Output": [
                                            "ci.id",
                                            "ci.person_id",
                                            "ci.movie_id",
                                            "ci.person_role_id",
                                            "ci.note",
                                            "ci.nr_order",
                                            "ci.role_id"
                                        ],
                                        "Filter": "(ci.person_id > 667620)",
                                        "Rows Removed by Filter": 986803,
                                        "Workers": [
                                            {
                                                "Worker Number": 0,
                                                "Actual Startup Time": 74.709,
                                                "Actual Total Time": 613.731,
                                                "Actual Rows": 3966031,
                                                "Actual Loops": 1
                                            },
                                            {
                                                "Worker Number": 1,
                                                "Actual Startup Time": 74.722,
                                                "Actual Total Time": 621.38,
                                                "Actual Rows": 4041013,
                                                "Actual Loops": 1
                                            },
                                            {
                                                "Worker Number": 2,
                                                "Actual Startup Time": 74.704,
                                                "Actual Total Time": 616.56,
                                                "Actual Rows": 3982304,
                                                "Actual Loops": 1
                                            },
                                            {
                                                "Worker Number": 3,
                                                "Actual Startup Time": 74.718,
                                                "Actual Total Time": 598.941,
                                                "Actual Rows": 4194506,
                                                "Actual Loops": 1
                                            },
                                            {
                                                "Worker Number": 4,
                                                "Actual Startup Time": 74.727,
                                                "Actual Total Time": 598.363,
                                                "Actual Rows": 4192356,
                                                "Actual Loops": 1
                                            },
                                            {
                                                "Worker Number": 5,
                                                "Actual Startup Time": 74.714,
                                                "Actual Total Time": 596.613,
                                                "Actual Rows": 4171014,
                                                "Actual Loops": 1
                                            }
                                        ]
                                    },
                                    {
                                        "Node Type": "Hash",
                                        "Parent Relationship": "Inner",
                                        "Parallel Aware": true,
                                        "Startup Cost": 45479.21,
                                        "Total Cost": 45479.21,
                                        "Plan Rows": 78960,
                                        "Plan Width": 4,
                                        "Actual Startup Time": 88.653,
                                        "Actual Total Time": 88.654,
                                        "Actual Rows": 34970,
                                        "Actual Loops": 7,
                                        "Output": [
                                            "t.id"
                                        ],
                                        "Hash Buckets": 524288,
                                        "Original Hash Buckets": 524288,
                                        "Hash Batches": 1,
                                        "Original Hash Batches": 1,
                                        "Peak Memory Usage": 13792,
                                        "Workers": [
                                            {
                                                "Worker Number": 0,
                                                "Actual Startup Time": 87.17,
                                                "Actual Total Time": 87.171,
                                                "Actual Rows": 32311,
                                                "Actual Loops": 1
                                            },
                                            {
                                                "Worker Number": 1,
                                                "Actual Startup Time": 87.414,
                                                "Actual Total Time": 87.415,
                                                "Actual Rows": 33463,
                                                "Actual Loops": 1
                                            },
                                            {
                                                "Worker Number": 2,
                                                "Actual Startup Time": 87.3,
                                                "Actual Total Time": 87.301,
                                                "Actual Rows": 32899,
                                                "Actual Loops": 1
                                            },
                                            {
                                                "Worker Number": 3,
                                                "Actual Startup Time": 89.95,
                                                "Actual Total Time": 89.951,
                                                "Actual Rows": 33859,
                                                "Actual Loops": 1
                                            },
                                            {
                                                "Worker Number": 4,
                                                "Actual Startup Time": 90.411,
                                                "Actual Total Time": 90.412,
                                                "Actual Rows": 36325,
                                                "Actual Loops": 1
                                            },
                                            {
                                                "Worker Number": 5,
                                                "Actual Startup Time": 90.445,
                                                "Actual Total Time": 90.446,
                                                "Actual Rows": 34908,
                                                "Actual Loops": 1
                                            }
                                        ],
                                        "Plans": [
                                            {
                                                "Node Type": "Seq Scan",
                                                "Parent Relationship": "Outer",
                                                "Parallel Aware": true,
                                                "Relation Name": "title",
                                                "Schema": "public",
                                                "Alias": "t",
                                                "Startup Cost": 0.0,
                                                "Total Cost": 45479.21,
                                                "Plan Rows": 78960,
                                                "Plan Width": 4,
                                                "Actual Startup Time": 41.707,
                                                "Actual Total Time": 74.013,
                                                "Actual Rows": 34970,
                                                "Actual Loops": 7,
                                                "Output": [
                                                    "t.id"
                                                ],
                                                "Filter": "((t.production_year > 2003) AND (t.kind_id = 1))",
                                                "Rows Removed by Filter": 326218,
                                                "Workers": [
                                                    {
                                                        "Worker Number": 0,
                                                        "Actual Startup Time": 47.157,
                                                        "Actual Total Time": 74.037,
                                                        "Actual Rows": 32311,
                                                        "Actual Loops": 1
                                                    },
                                                    {
                                                        "Worker Number": 1,
                                                        "Actual Startup Time": 47.14,
                                                        "Actual Total Time": 74.601,
                                                        "Actual Rows": 33463,
                                                        "Actual Loops": 1
                                                    },
                                                    {
                                                        "Worker Number": 2,
                                                        "Actual Startup Time": 47.892,
                                                        "Actual Total Time": 74.363,
                                                        "Actual Rows": 32899,
                                                        "Actual Loops": 1
                                                    },
                                                    {
                                                        "Worker Number": 3,
                                                        "Actual Startup Time": 47.556,
                                                        "Actual Total Time": 74.415,
                                                        "Actual Rows": 33859,
                                                        "Actual Loops": 1
                                                    },
                                                    {
                                                        "Worker Number": 4,
                                                        "Actual Startup Time": 47.602,
                                                        "Actual Total Time": 74.037,
                                                        "Actual Rows": 36325,
                                                        "Actual Loops": 1
                                                    },
                                                    {
                                                        "Worker Number": 5,
                                                        "Actual Startup Time": 47.701,
                                                        "Actual Total Time": 73.668,
                                                        "Actual Rows": 34908,
                                                        "Actual Loops": 1
                                                    }
                                                ]
                                            }
                                        ]
                                    }
                                ]
                            }
                        ]
                    }
                ]
            }
        ]
    },
    "Planning Time": 0.78,
    "Triggers": [],
    "Execution Time": 1391.497
}