[
  {
    "Plan": {
      "Node Type": "Aggregate",
      "Strategy": "Plain",
      "Partial Mode": "Finalize",
      "Parallel Aware": false,
      "Startup Cost": 45293.42,
      "Total Cost": 45293.43,
      "Plan Rows": 1,
      "Plan Width": 8,
      "Actual Startup Time": 129.637,
      "Actual Total Time": 136.38,
      "Actual Rows": 1,
      "Actual Loops": 1,
      "Plans": [
        {
          "Node Type": "Gather",
          "Parent Relationship": "Outer",
          "Parallel Aware": false,
          "Startup Cost": 45293.11,
          "Total Cost": 45293.42,
          "Plan Rows": 3,
          "Plan Width": 8,
          "Actual Startup Time": 129.519,
          "Actual Total Time": 136.371,
          "Actual Rows": 4,
          "Actual Loops": 1,
          "Workers Planned": 3,
          "Workers Launched": 3,
          "Single Copy": false,
          "Plans": [
            {
              "Node Type": "Aggregate",
              "Strategy": "Plain",
              "Partial Mode": "Partial",
              "Parent Relationship": "Outer",
              "Parallel Aware": false,
              "Startup Cost": 44293.11,
              "Total Cost": 44293.12,
              "Plan Rows": 1,
              "Plan Width": 8,
              "Actual Startup Time": 124.163,
              "Actual Total Time": 124.164,
              "Actual Rows": 1,
              "Actual Loops": 4,
              "Plans": [
                {
                  "Node Type": "Seq Scan",
                  "Parent Relationship": "Outer",
                  "Parallel Aware": true,
                  "Relation Name": "movie_keyword",
                  "Alias": "mk",
                  "Startup Cost": 0.0,
                  "Total Cost": 42695.65,
                  "Plan Rows": 638981,
                  "Plan Width": 0,
                  "Actual Startup Time": 0.036,
                  "Actual Total Time": 102.037,
                  "Actual Rows": 496178,
                  "Actual Loops": 4,
                  "Filter": "(keyword_id < 3511)",
                  "Rows Removed by Filter": 634804
                }
              ]
            }
          ]
        }
      ]
    },
    "Planning Time": 0.2,
    "Triggers": [],
    "Execution Time": 136.436
  }
]