[
  {
    "Plan": {
      "Node Type": "Aggregate",
      "Strategy": "Plain",
      "Partial Mode": "Finalize",
      "Parallel Aware": false,
      "Startup Cost": 32975.35,
      "Total Cost": 32975.36,
      "Plan Rows": 1,
      "Plan Width": 8,
      "Actual Startup Time": 87.882,
      "Actual Total Time": 95.86,
      "Actual Rows": 1,
      "Actual Loops": 1,
      "Plans": [
        {
          "Node Type": "Gather",
          "Parent Relationship": "Outer",
          "Parallel Aware": false,
          "Startup Cost": 32975.03,
          "Total Cost": 32975.34,
          "Plan Rows": 3,
          "Plan Width": 8,
          "Actual Startup Time": 87.72,
          "Actual Total Time": 95.851,
          "Actual Rows": 4,
          "Actual Loops": 1,
          "Workers Planned": 3,
          "Workers Launched": 3,
          "Single Copy": false,
          "Plans": [
            {
              "Node Type": "Aggregate",
              "Strategy": "Plain",
              "Partial Mode": "Partial",
              "Parent Relationship": "Outer",
              "Parallel Aware": false,
              "Startup Cost": 31975.03,
              "Total Cost": 31975.04,
              "Plan Rows": 1,
              "Plan Width": 8,
              "Actual Startup Time": 83.754,
              "Actual Total Time": 83.756,
              "Actual Rows": 1,
              "Actual Loops": 4,
              "Plans": [
                {
                  "Node Type": "Seq Scan",
                  "Parent Relationship": "Outer",
                  "Parallel Aware": true,
                  "Relation Name": "movie_companies",
                  "Alias": "mc",
                  "Startup Cost": 0.0,
                  "Total Cost": 31414.82,
                  "Plan Rows": 224085,
                  "Plan Width": 0,
                  "Actual Startup Time": 43.862,
                  "Actual Total Time": 78.22,
                  "Actual Rows": 110971,
                  "Actual Loops": 4,
                  "Filter": "((company_id < 11774) AND (company_type_id = 2))",
                  "Rows Removed by Filter": 541311
                }
              ]
            }
          ]
        }
      ]
    },
    "Planning Time": 0.198,
    "Triggers": [],
    "Execution Time": 95.91
  }
]