[
    {
        "Bao": {
            "Bao prediction": "NaN",
            "Bao recommended hint": "(no hint)"
        }
    },
    {
        "Plan": {
            "Node Type": "Aggregate",
            "Strategy": "Plain",
            "Partial Mode": "Finalize",
            "Parallel Aware": false,
            "Startup Cost": 351013.85,
            "Total Cost": 351013.86,
            "Plan Rows": 1,
            "Plan Width": 8,
            "Actual Startup Time": 770.939,
            "Actual Total Time": 803.264,
            "Actual Rows": 1,
            "Actual Loops": 1,
            "Output": [
                "count(*)"
            ],
            "Plans": [
                {
                    "Node Type": "Gather",
                    "Parent Relationship": "Outer",
                    "Parallel Aware": false,
                    "Startup Cost": 351013.22,
                    "Total Cost": 351013.83,
                    "Plan Rows": 6,
                    "Plan Width": 8,
                    "Actual Startup Time": 770.833,
                    "Actual Total Time": 803.255,
                    "Actual Rows": 7,
                    "Actual Loops": 1,
                    "Output": [
                        "(PARTIAL count(*))"
                    ],
                    "Workers Planned": 6,
                    "Workers Launched": 6,
                    "Single Copy": false,
                    "Plans": [
                        {
                            "Node Type": "Aggregate",
                            "Strategy": "Plain",
                            "Partial Mode": "Partial",
                            "Parent Relationship": "Outer",
                            "Parallel Aware": false,
                            "Startup Cost": 350013.22,
                            "Total Cost": 350013.23,
                            "Plan Rows": 1,
                            "Plan Width": 8,
                            "Actual Startup Time": 761.042,
                            "Actual Total Time": 761.043,
                            "Actual Rows": 1,
                            "Actual Loops": 7,
                            "Output": [
                                "PARTIAL count(*)"
                            ],
                            "Workers": [
                                {
                                    "Worker Number": 0,
                                    "Actual Startup Time": 758.764,
                                    "Actual Total Time": 758.765,
                                    "Actual Rows": 1,
                                    "Actual Loops": 1
                                },
                                {
                                    "Worker Number": 1,
                                    "Actual Startup Time": 759.136,
                                    "Actual Total Time": 759.137,
                                    "Actual Rows": 1,
                                    "Actual Loops": 1
                                },
                                {
                                    "Worker Number": 2,
                                    "Actual Startup Time": 759.529,
                                    "Actual Total Time": 759.53,
                                    "Actual Rows": 1,
                                    "Actual Loops": 1
                                },
                                {
                                    "Worker Number": 3,
                                    "Actual Startup Time": 759.658,
                                    "Actual Total Time": 759.658,
                                    "Actual Rows": 1,
                                    "Actual Loops": 1
                                },
                                {
                                    "Worker Number": 4,
                                    "Actual Startup Time": 759.651,
                                    "Actual Total Time": 759.652,
                                    "Actual Rows": 1,
                                    "Actual Loops": 1
                                },
                                {
                                    "Worker Number": 5,
                                    "Actual Startup Time": 760.177,
                                    "Actual Total Time": 760.178,
                                    "Actual Rows": 1,
                                    "Actual Loops": 1
                                }
                            ],
                            "Plans": [
                                {
                                    "Node Type": "Seq Scan",
                                    "Parent Relationship": "Outer",
                                    "Parallel Aware": true,
                                    "Relation Name": "cast_info",
                                    "Schema": "public",
                                    "Alias": "ci",
                                    "Startup Cost": 0.0,
                                    "Total Cost": 343318.94,
                                    "Plan Rows": 2677712,
                                    "Plan Width": 0,
                                    "Actual Startup Time": 226.776,
                                    "Actual Total Time": 662.168,
                                    "Actual Rows": 2082735,
                                    "Actual Loops": 7,
                                    "Output": [
                                        "id",
                                        "person_id",
                                        "movie_id",
                                        "person_role_id",
                                        "note",
                                        "nr_order",
                                        "role_id"
                                    ],
                                    "Filter": "((ci.person_id > 1762317) AND (ci.role_id < 10))",
                                    "Rows Removed by Filter": 3095028,
                                    "Workers": [
                                        {
                                            "Worker Number": 0,
                                            "Actual Startup Time": 224.49,
                                            "Actual Total Time": 660.961,
                                            "Actual Rows": 1473997,
                                            "Actual Loops": 1
                                        },
                                        {
                                            "Worker Number": 1,
                                            "Actual Startup Time": 224.874,
                                            "Actual Total Time": 662.221,
                                            "Actual Rows": 2216391,
                                            "Actual Loops": 1
                                        },
                                        {
                                            "Worker Number": 2,
                                            "Actual Startup Time": 225.271,
                                            "Actual Total Time": 664.54,
                                            "Actual Rows": 2321120,
                                            "Actual Loops": 1
                                        },
                                        {
                                            "Worker Number": 3,
                                            "Actual Startup Time": 225.389,
                                            "Actual Total Time": 662.794,
                                            "Actual Rows": 2212473,
                                            "Actual Loops": 1
                                        },
                                        {
                                            "Worker Number": 4,
                                            "Actual Startup Time": 225.39,
                                            "Actual Total Time": 662.459,
                                            "Actual Rows": 2219791,
                                            "Actual Loops": 1
                                        },
                                        {
                                            "Worker Number": 5,
                                            "Actual Startup Time": 225.905,
                                            "Actual Total Time": 662.156,
                                            "Actual Rows": 1467472,
                                            "Actual Loops": 1
                                        }
                                    ]
                                }
                            ]
                        }
                    ]
                }
            ]
        },
        "Planning Time": 221.171,
        "Triggers": [],
        "Execution Time": 803.326
    }
]