[
  {
    "Plan": {
      "Node Type": "Aggregate",
      "Strategy": "Plain",
      "Partial Mode": "Finalize",
      "Parallel Aware": false,
      "Startup Cost": 335966.1,
      "Total Cost": 335966.11,
      "Plan Rows": 1,
      "Plan Width": 8,
      "Actual Startup Time": 742.16,
      "Actual Total Time": 789.235,
      "Actual Rows": 1,
      "Actual Loops": 1,
      "Plans": [
        {
          "Node Type": "Gather",
          "Parent Relationship": "Outer",
          "Parallel Aware": false,
          "Startup Cost": 335965.47,
          "Total Cost": 335966.08,
          "Plan Rows": 6,
          "Plan Width": 8,
          "Actual Startup Time": 741.829,
          "Actual Total Time": 789.216,
          "Actual Rows": 7,
          "Actual Loops": 1,
          "Workers Planned": 6,
          "Workers Launched": 6,
          "Single Copy": false,
          "Plans": [
            {
              "Node Type": "Aggregate",
              "Strategy": "Plain",
              "Partial Mode": "Partial",
              "Parent Relationship": "Outer",
              "Parallel Aware": false,
              "Startup Cost": 334965.47,
              "Total Cost": 334965.48,
              "Plan Rows": 1,
              "Plan Width": 8,
              "Actual Startup Time": 734.513,
              "Actual Total Time": 734.514,
              "Actual Rows": 1,
              "Actual Loops": 7,
              "Plans": [
                {
                  "Node Type": "Seq Scan",
                  "Parent Relationship": "Outer",
                  "Parallel Aware": true,
                  "Relation Name": "cast_info",
                  "Alias": "ci",
                  "Startup Cost": 0.0,
                  "Total Cost": 328211.39,
                  "Plan Rows": 2701632,
                  "Plan Width": 0,
                  "Actual Startup Time": 240.329,
                  "Actual Total Time": 618.357,
                  "Actual Rows": 2277514,
                  "Actual Loops": 7,
                  "Filter": "(person_id > 2039707)",
                  "Rows Removed by Filter": 2900249
                }
              ]
            }
          ]
        }
      ]
    },
    "Planning Time": 0.1,
    "Triggers": [],
    "Execution Time": 789.284
  }
]