[
  {
    "Plan": {
      "Node Type": "Aggregate",
      "Strategy": "Plain",
      "Partial Mode": "Finalize",
      "Parallel Aware": false,
      "Startup Cost": 78280.76,
      "Total Cost": 78280.77,
      "Plan Rows": 1,
      "Plan Width": 8,
      "Actual Startup Time": 172.779,
      "Actual Total Time": 189.676,
      "Actual Rows": 1,
      "Actual Loops": 1,
      "Plans": [
        {
          "Node Type": "Gather",
          "Parent Relationship": "Outer",
          "Parallel Aware": false,
          "Startup Cost": 78280.44,
          "Total Cost": 78280.75,
          "Plan Rows": 3,
          "Plan Width": 8,
          "Actual Startup Time": 172.463,
          "Actual Total Time": 189.665,
          "Actual Rows": 4,
          "Actual Loops": 1,
          "Workers Planned": 3,
          "Workers Launched": 3,
          "Single Copy": false,
          "Plans": [
            {
              "Node Type": "Aggregate",
              "Strategy": "Plain",
              "Partial Mode": "Partial",
              "Parent Relationship": "Outer",
              "Parallel Aware": false,
              "Startup Cost": 77280.44,
              "Total Cost": 77280.45,
              "Plan Rows": 1,
              "Plan Width": 8,
              "Actual Startup Time": 167.228,
              "Actual Total Time": 167.231,
              "Actual Rows": 1,
              "Actual Loops": 4,
              "Plans": [
                {
                  "Node Type": "Hash Join",
                  "Parent Relationship": "Outer",
                  "Parallel Aware": true,
                  "Join Type": "Inner",
                  "Startup Cost": 45609.29,
                  "Total Cost": 77276.5,
                  "Plan Rows": 1578,
                  "Plan Width": 0,
                  "Actual Startup Time": 137.236,
                  "Actual Total Time": 167.011,
                  "Actual Rows": 4123,
                  "Actual Loops": 4,
                  "Inner Unique": true,
                  "Hash Cond": "(mc.movie_id = t.id)",
                  "Plans": [
                    {
                      "Node Type": "Seq Scan",
                      "Parent Relationship": "Outer",
                      "Parallel Aware": true,
                      "Relation Name": "movie_companies",
                      "Alias": "mc",
                      "Startup Cost": 0.0,
                      "Total Cost": 31414.82,
                      "Plan Rows": 96150,
                      "Plan Width": 4,
                      "Actual Startup Time": 28.719,
                      "Actual Total Time": 60.557,
                      "Actual Rows": 146482,
                      "Actual Loops": 4,
                      "Filter": "((company_id > 70913) AND (company_type_id = 2))",
                      "Rows Removed by Filter": 505800
                    },
                    {
                      "Node Type": "Hash",
                      "Parent Relationship": "Inner",
                      "Parallel Aware": true,
                      "Startup Cost": 45479.59,
                      "Total Cost": 45479.59,
                      "Plan Rows": 10376,
                      "Plan Width": 4,
                      "Actual Startup Time": 90.262,
                      "Actual Total Time": 90.263,
                      "Actual Rows": 9353,
                      "Actual Loops": 4,
                      "Hash Buckets": 65536,
                      "Original Hash Buckets": 65536,
                      "Hash Batches": 1,
                      "Original Hash Batches": 1,
                      "Peak Memory Usage": 2048,
                      "Plans": [
                        {
                          "Node Type": "Seq Scan",
                          "Parent Relationship": "Outer",
                          "Parallel Aware": true,
                          "Relation Name": "title",
                          "Alias": "t",
                          "Startup Cost": 0.0,
                          "Total Cost": 45479.59,
                          "Plan Rows": 10376,
                          "Plan Width": 4,
                          "Actual Startup Time": 53.115,
                          "Actual Total Time": 87.016,
                          "Actual Rows": 9353,
                          "Actual Loops": 4,
                          "Filter": "((kind_id = 1) AND (production_year = 2011))",
                          "Rows Removed by Filter": 622725
                        }
                      ]
                    }
                  ]
                }
              ]
            }
          ]
        }
      ]
    },
    "Planning Time": 0.684,
    "Triggers": [],
    "Execution Time": 189.743
  }
]