[
  {
    "Plan": {
      "Node Type": "Aggregate",
      "Strategy": "Plain",
      "Partial Mode": "Finalize",
      "Parallel Aware": false,
      "Startup Cost": 78272.8,
      "Total Cost": 78272.81,
      "Plan Rows": 1,
      "Plan Width": 8,
      "Actual Startup Time": 181.362,
      "Actual Total Time": 198.716,
      "Actual Rows": 1,
      "Actual Loops": 1,
      "Plans": [
        {
          "Node Type": "Gather",
          "Parent Relationship": "Outer",
          "Parallel Aware": false,
          "Startup Cost": 78272.49,
          "Total Cost": 78272.8,
          "Plan Rows": 3,
          "Plan Width": 8,
          "Actual Startup Time": 181.075,
          "Actual Total Time": 198.71,
          "Actual Rows": 4,
          "Actual Loops": 1,
          "Workers Planned": 3,
          "Workers Launched": 3,
          "Single Copy": false,
          "Plans": [
            {
              "Node Type": "Aggregate",
              "Strategy": "Plain",
              "Partial Mode": "Partial",
              "Parent Relationship": "Outer",
              "Parallel Aware": false,
              "Startup Cost": 77272.49,
              "Total Cost": 77272.5,
              "Plan Rows": 1,
              "Plan Width": 8,
              "Actual Startup Time": 172.404,
              "Actual Total Time": 172.406,
              "Actual Rows": 1,
              "Actual Loops": 4,
              "Plans": [
                {
                  "Node Type": "Hash Join",
                  "Parent Relationship": "Outer",
                  "Parallel Aware": true,
                  "Join Type": "Inner",
                  "Startup Cost": 45611.27,
                  "Total Cost": 77268.62,
                  "Plan Rows": 1545,
                  "Plan Width": 0,
                  "Actual Startup Time": 142.077,
                  "Actual Total Time": 172.194,
                  "Actual Rows": 4123,
                  "Actual Loops": 4,
                  "Inner Unique": true,
                  "Hash Cond": "(mc.movie_id = t.id)",
                  "Plans": [
                    {
                      "Node Type": "Seq Scan",
                      "Parent Relationship": "Outer",
                      "Parallel Aware": true,
                      "Relation Name": "movie_companies",
                      "Alias": "mc",
                      "Startup Cost": 0.0,
                      "Total Cost": 31414.82,
                      "Plan Rows": 92393,
                      "Plan Width": 4,
                      "Actual Startup Time": 28.231,
                      "Actual Total Time": 60.178,
                      "Actual Rows": 146482,
                      "Actual Loops": 4,
                      "Filter": "((company_id > 70913) AND (company_type_id = 2))",
                      "Rows Removed by Filter": 505800
                    },
                    {
                      "Node Type": "Hash",
                      "Parent Relationship": "Inner",
                      "Parallel Aware": true,
                      "Startup Cost": 45479.1,
                      "Total Cost": 45479.1,
                      "Plan Rows": 10574,
                      "Plan Width": 4,
                      "Actual Startup Time": 94.933,
                      "Actual Total Time": 94.934,
                      "Actual Rows": 9353,
                      "Actual Loops": 4,
                      "Hash Buckets": 65536,
                      "Original Hash Buckets": 65536,
                      "Hash Batches": 1,
                      "Original Hash Batches": 1,
                      "Peak Memory Usage": 2048,
                      "Plans": [
                        {
                          "Node Type": "Seq Scan",
                          "Parent Relationship": "Outer",
                          "Parallel Aware": true,
                          "Relation Name": "title",
                          "Alias": "t",
                          "Startup Cost": 0.0,
                          "Total Cost": 45479.1,
                          "Plan Rows": 10574,
                          "Plan Width": 4,
                          "Actual Startup Time": 59.313,
                          "Actual Total Time": 91.793,
                          "Actual Rows": 9353,
                          "Actual Loops": 4,
                          "Filter": "((kind_id = 1) AND (production_year = 2011))",
                          "Rows Removed by Filter": 622725
                        }
                      ]
                    }
                  ]
                }
              ]
            }
          ]
        }
      ]
    },
    "Planning Time": 0.693,
    "Triggers": [],
    "Execution Time": 198.784
  }
]