[
  {
    "Plan": {
      "Node Type": "Aggregate",
      "Strategy": "Plain",
      "Partial Mode": "Finalize",
      "Parallel Aware": false,
      "Startup Cost": 45622.6,
      "Total Cost": 45622.61,
      "Plan Rows": 1,
      "Plan Width": 8,
      "Actual Startup Time": 210.774,
      "Actual Total Time": 223.133,
      "Actual Rows": 1,
      "Actual Loops": 1,
      "Plans": [
        {
          "Node Type": "Gather",
          "Parent Relationship": "Outer",
          "Parallel Aware": false,
          "Startup Cost": 45622.28,
          "Total Cost": 45622.59,
          "Plan Rows": 3,
          "Plan Width": 8,
          "Actual Startup Time": 210.594,
          "Actual Total Time": 223.124,
          "Actual Rows": 4,
          "Actual Loops": 1,
          "Workers Planned": 3,
          "Workers Launched": 3,
          "Single Copy": false,
          "Plans": [
            {
              "Node Type": "Aggregate",
              "Strategy": "Plain",
              "Partial Mode": "Partial",
              "Parent Relationship": "Outer",
              "Parallel Aware": false,
              "Startup Cost": 44622.28,
              "Total Cost": 44622.29,
              "Plan Rows": 1,
              "Plan Width": 8,
              "Actual Startup Time": 204.559,
              "Actual Total Time": 204.561,
              "Actual Rows": 1,
              "Actual Loops": 4,
              "Plans": [
                {
                  "Node Type": "Seq Scan",
                  "Parent Relationship": "Outer",
                  "Parallel Aware": true,
                  "Relation Name": "movie_keyword",
                  "Alias": "mk",
                  "Startup Cost": 0.0,
                  "Total Cost": 42695.65,
                  "Plan Rows": 770650,
                  "Plan Width": 0,
                  "Actual Startup Time": 0.049,
                  "Actual Total Time": 165.192,
                  "Actual Rows": 600512,
                  "Actual Loops": 4,
                  "Filter": "(keyword_id < 5599)",
                  "Rows Removed by Filter": 530470
                }
              ]
            }
          ]
        }
      ]
    },
    "Planning Time": 0.108,
    "Triggers": [],
    "Execution Time": 223.173
  }
]