[
  {
    "Plan": {
      "Node Type": "Aggregate",
      "Strategy": "Plain",
      "Partial Mode": "Finalize",
      "Parallel Aware": false,
      "Startup Cost": 69649.37,
      "Total Cost": 69649.38,
      "Plan Rows": 1,
      "Plan Width": 8,
      "Actual Startup Time": 343.153,
      "Actual Total Time": 397.874,
      "Actual Rows": 1,
      "Actual Loops": 1,
      "Plans": [
        {
          "Node Type": "Gather",
          "Parent Relationship": "Outer",
          "Parallel Aware": false,
          "Startup Cost": 69649.16,
          "Total Cost": 69649.37,
          "Plan Rows": 2,
          "Plan Width": 8,
          "Actual Startup Time": 342.631,
          "Actual Total Time": 397.865,
          "Actual Rows": 3,
          "Actual Loops": 1,
          "Workers Planned": 2,
          "Workers Launched": 2,
          "Single Copy": false,
          "Plans": [
            {
              "Node Type": "Aggregate",
              "Strategy": "Plain",
              "Partial Mode": "Partial",
              "Parent Relationship": "Outer",
              "Parallel Aware": false,
              "Startup Cost": 68649.16,
              "Total Cost": 68649.17,
              "Plan Rows": 1,
              "Plan Width": 8,
              "Actual Startup Time": 335.187,
              "Actual Total Time": 335.191,
              "Actual Rows": 1,
              "Actual Loops": 3,
              "Plans": [
                {
                  "Node Type": "Nested Loop",
                  "Parent Relationship": "Outer",
                  "Parallel Aware": false,
                  "Join Type": "Inner",
                  "Startup Cost": 45541.91,
                  "Total Cost": 68595.02,
                  "Plan Rows": 21656,
                  "Plan Width": 0,
                  "Actual Startup Time": 104.62,
                  "Actual Total Time": 331.325,
                  "Actual Rows": 59909,
                  "Actual Loops": 3,
                  "Inner Unique": false,
                  "Join Filter": "(t.id = ci.movie_id)",
                  "Rows Removed by Join Filter": 0,
                  "Plans": [
                    {
                      "Node Type": "Hash Join",
                      "Parent Relationship": "Outer",
                      "Parallel Aware": true,
                      "Join Type": "Inner",
                      "Startup Cost": 45541.35,
                      "Total Cost": 61171.29,
                      "Plan Rows": 1510,
                      "Plan Width": 8,
                      "Actual Startup Time": 104.506,
                      "Actual Total Time": 157.125,
                      "Actual Rows": 2039,
                      "Actual Loops": 3,
                      "Inner Unique": true,
                      "Hash Cond": "(mi_idx.movie_id = t.id)",
                      "Plans": [
                        {
                          "Node Type": "Seq Scan",
                          "Parent Relationship": "Outer",
                          "Parallel Aware": true,
                          "Relation Name": "movie_info_idx",
                          "Alias": "mi_idx",
                          "Startup Cost": 0.0,
                          "Total Cost": 15122.68,
                          "Plan Rows": 193243,
                          "Plan Width": 4,
                          "Actual Startup Time": 0.019,
                          "Actual Total Time": 37.101,
                          "Actual Rows": 153308,
                          "Actual Loops": 3,
                          "Filter": "(info_type_id = 101)",
                          "Rows Removed by Filter": 306703
                        },
                        {
                          "Node Type": "Hash",
                          "Parent Relationship": "Inner",
                          "Parallel Aware": true,
                          "Startup Cost": 45479.59,
                          "Total Cost": 45479.59,
                          "Plan Rows": 4941,
                          "Plan Width": 4,
                          "Actual Startup Time": 103.76,
                          "Actual Total Time": 103.761,
                          "Actual Rows": 4707,
                          "Actual Loops": 3,
                          "Hash Buckets": 32768,
                          "Original Hash Buckets": 32768,
                          "Hash Batches": 1,
                          "Original Hash Batches": 1,
                          "Peak Memory Usage": 864,
                          "Plans": [
                            {
                              "Node Type": "Seq Scan",
                              "Parent Relationship": "Outer",
                              "Parallel Aware": true,
                              "Relation Name": "title",
                              "Alias": "t",
                              "Startup Cost": 0.0,
                              "Total Cost": 45479.59,
                              "Plan Rows": 4941,
                              "Plan Width": 4,
                              "Actual Startup Time": 0.706,
                              "Actual Total Time": 101.805,
                              "Actual Rows": 4707,
                              "Actual Loops": 3,
                              "Filter": "((kind_id < 6) AND (production_year = 1998))",
                              "Rows Removed by Filter": 838064
                            }
                          ]
                        }
                      ]
                    },
                    {
                      "Node Type": "Index Only Scan",
                      "Parent Relationship": "Inner",
                      "Parallel Aware": false,
                      "Scan Direction": "Forward",
                      "Index Name": "movie_id_cast_info",
                      "Relation Name": "cast_info",
                      "Alias": "ci",
                      "Startup Cost": 0.56,
                      "Total Cost": 4.48,
                      "Plan Rows": 35,
                      "Plan Width": 4,
                      "Actual Startup Time": 0.011,
                      "Actual Total Time": 0.082,
                      "Actual Rows": 29,
                      "Actual Loops": 6116,
                      "Index Cond": "(movie_id = mi_idx.movie_id)",
                      "Rows Removed by Index Recheck": 0,
                      "Heap Fetches": 179727
                    }
                  ]
                }
              ]
            }
          ]
        }
      ]
    },
    "Planning Time": 0.354,
    "Triggers": [],
    "Execution Time": 397.946
  }
]