[
    {
        "Bao": {
            "Bao prediction": "NaN",
            "Bao recommended hint": "(no hint)"
        }
    },
    {
        "Plan": {
            "Node Type": "Aggregate",
            "Strategy": "Plain",
            "Partial Mode": "Finalize",
            "Parallel Aware": false,
            "Startup Cost": 32746.17,
            "Total Cost": 32746.18,
            "Plan Rows": 1,
            "Plan Width": 8,
            "Actual Startup Time": 86.277,
            "Actual Total Time": 92.107,
            "Actual Rows": 1,
            "Actual Loops": 1,
            "Output": [
                "count(*)"
            ],
            "Plans": [
                {
                    "Node Type": "Gather",
                    "Parent Relationship": "Outer",
                    "Parallel Aware": false,
                    "Startup Cost": 32745.85,
                    "Total Cost": 32746.16,
                    "Plan Rows": 3,
                    "Plan Width": 8,
                    "Actual Startup Time": 86.206,
                    "Actual Total Time": 92.101,
                    "Actual Rows": 4,
                    "Actual Loops": 1,
                    "Output": [
                        "(PARTIAL count(*))"
                    ],
                    "Workers Planned": 3,
                    "Workers Launched": 3,
                    "Single Copy": false,
                    "Plans": [
                        {
                            "Node Type": "Aggregate",
                            "Strategy": "Plain",
                            "Partial Mode": "Partial",
                            "Parent Relationship": "Outer",
                            "Parallel Aware": false,
                            "Startup Cost": 31745.85,
                            "Total Cost": 31745.86,
                            "Plan Rows": 1,
                            "Plan Width": 8,
                            "Actual Startup Time": 78.213,
                            "Actual Total Time": 78.214,
                            "Actual Rows": 1,
                            "Actual Loops": 4,
                            "Output": [
                                "PARTIAL count(*)"
                            ],
                            "Workers": [
                                {
                                    "Worker Number": 0,
                                    "Actual Startup Time": 75.58,
                                    "Actual Total Time": 75.581,
                                    "Actual Rows": 1,
                                    "Actual Loops": 1
                                },
                                {
                                    "Worker Number": 1,
                                    "Actual Startup Time": 75.404,
                                    "Actual Total Time": 75.405,
                                    "Actual Rows": 1,
                                    "Actual Loops": 1
                                },
                                {
                                    "Worker Number": 2,
                                    "Actual Startup Time": 75.908,
                                    "Actual Total Time": 75.908,
                                    "Actual Rows": 1,
                                    "Actual Loops": 1
                                }
                            ],
                            "Plans": [
                                {
                                    "Node Type": "Seq Scan",
                                    "Parent Relationship": "Outer",
                                    "Parallel Aware": true,
                                    "Relation Name": "movie_companies",
                                    "Schema": "public",
                                    "Alias": "mc",
                                    "Startup Cost": 0.0,
                                    "Total Cost": 31414.82,
                                    "Plan Rows": 132414,
                                    "Plan Width": 0,
                                    "Actual Startup Time": 39.165,
                                    "Actual Total Time": 70.899,
                                    "Actual Rows": 183186,
                                    "Actual Loops": 4,
                                    "Output": [
                                        "id",
                                        "movie_id",
                                        "company_id",
                                        "company_type_id",
                                        "note"
                                    ],
                                    "Filter": "((mc.company_id > 29544) AND (mc.company_type_id > 1))",
                                    "Rows Removed by Filter": 469096,
                                    "Workers": [
                                        {
                                            "Worker Number": 0,
                                            "Actual Startup Time": 36.54,
                                            "Actual Total Time": 68.578,
                                            "Actual Rows": 171891,
                                            "Actual Loops": 1
                                        },
                                        {
                                            "Worker Number": 1,
                                            "Actual Startup Time": 36.358,
                                            "Actual Total Time": 68.213,
                                            "Actual Rows": 174225,
                                            "Actual Loops": 1
                                        },
                                        {
                                            "Worker Number": 2,
                                            "Actual Startup Time": 36.857,
                                            "Actual Total Time": 68.834,
                                            "Actual Rows": 173062,
                                            "Actual Loops": 1
                                        }
                                    ]
                                }
                            ]
                        }
                    ]
                }
            ]
        },
        "Planning Time": 191.421,
        "Triggers": [],
        "Execution Time": 92.146
    }
]