{
  "Plan": {
    "Node Type": "Aggregate",
    "Strategy": "Plain",
    "Partial Mode": "Finalize",
    "Parallel Aware": false,
    "Startup Cost": 564607.87,
    "Total Cost": 564607.88,
    "Plan Rows": 1,
    "Plan Width": 8,
    "Actual Startup Time": 2411.728,
    "Actual Total Time": 2438.063,
    "Actual Rows": 1,
    "Actual Loops": 1,
    "Plans": [
      {
        "Node Type": "Gather",
        "Parent Relationship": "Outer",
        "Parallel Aware": false,
        "Startup Cost": 564607.76,
        "Total Cost": 564607.87,
        "Plan Rows": 1,
        "Plan Width": 8,
        "Actual Startup Time": 2408.343,
        "Actual Total Time": 2438.053,
        "Actual Rows": 2,
        "Actual Loops": 1,
        "Workers Planned": 1,
        "Workers Launched": 1,
        "Single Copy": false,
        "Plans": [
          {
            "Node Type": "Aggregate",
            "Strategy": "Plain",
            "Partial Mode": "Partial",
            "Parent Relationship": "Outer",
            "Parallel Aware": false,
            "Startup Cost": 563607.76,
            "Total Cost": 563607.77,
            "Plan Rows": 1,
            "Plan Width": 8,
            "Actual Startup Time": 2400.367,
            "Actual Total Time": 2400.371,
            "Actual Rows": 1,
            "Actual Loops": 2,
            "Plans": [
              {
                "Node Type": "Hash Join",
                "Parent Relationship": "Outer",
                "Parallel Aware": true,
                "Join Type": "Inner",
                "Startup Cost": 237038.11,
                "Total Cost": 558003.61,
                "Plan Rows": 2241660,
                "Plan Width": 0,
                "Actual Startup Time": 660.919,
                "Actual Total Time": 2328.453,
                "Actual Rows": 1685102,
                "Actual Loops": 2,
                "Inner Unique": true,
                "Hash Cond": "(ci.movie_id = t.id)",
                "Plans": [
                  {
                    "Node Type": "Bitmap Heap Scan",
                    "Parent Relationship": "Outer",
                    "Parallel Aware": true,
                    "Relation Name": "cast_info",
                    "Alias": "ci",
                    "Startup Cost": 169500.2,
                    "Total Cost": 478615.69,
                    "Plan Rows": 4514279,
                    "Plan Width": 4,
                    "Actual Startup Time": 282.723,
                    "Actual Total Time": 741.656,
                    "Actual Rows": 3797248,
                    "Actual Loops": 2,
                    "Recheck Cond": "(person_id > 2914529)",
                    "Rows Removed by Index Recheck": 0,
                    "Exact Heap Blocks": 49152,
                    "Lossy Heap Blocks": 0,
                    "Plans": [
                      {
                        "Node Type": "Bitmap Index Scan",
                        "Parent Relationship": "Outer",
                        "Parallel Aware": false,
                        "Index Name": "person_id_cast_info",
                        "Startup Cost": 0.0,
                        "Total Cost": 167581.63,
                        "Plan Rows": 7674275,
                        "Plan Width": 0,
                        "Actual Startup Time": 266.67,
                        "Actual Total Time": 266.671,
                        "Actual Rows": 7594497,
                        "Actual Loops": 1,
                        "Index Cond": "(person_id > 2914529)"
                      }
                    ]
                  },
                  {
                    "Node Type": "Hash",
                    "Parent Relationship": "Inner",
                    "Parallel Aware": true,
                    "Startup Cost": 58306.47,
                    "Total Cost": 58306.47,
                    "Plan Rows": 738516,
                    "Plan Width": 4,
                    "Actual Startup Time": 363.612,
                    "Actual Total Time": 363.613,
                    "Actual Rows": 610767,
                    "Actual Loops": 2,
                    "Hash Buckets": 2097152,
                    "Original Hash Buckets": 2097152,
                    "Hash Batches": 1,
                    "Original Hash Batches": 1,
                    "Peak Memory Usage": 64224,
                    "Plans": [
                      {
                        "Node Type": "Seq Scan",
                        "Parent Relationship": "Outer",
                        "Parallel Aware": true,
                        "Relation Name": "title",
                        "Alias": "t",
                        "Startup Cost": 0.0,
                        "Total Cost": 58306.47,
                        "Plan Rows": 738516,
                        "Plan Width": 4,
                        "Actual Startup Time": 0.041,
                        "Actual Total Time": 169.596,
                        "Actual Rows": 610767,
                        "Actual Loops": 2,
                        "Filter": "((production_year < 2011) AND (kind_id = 7))",
                        "Rows Removed by Filter": 653389
                      }
                    ]
                  }
                ]
              }
            ]
          }
        ]
      }
    ]
  },
  "Planning Time": 0.737,
  "Triggers": [],
  "Execution Time": 2438.161
}