{
  "Plan": {
    "Node Type": "Aggregate",
    "Strategy": "Plain",
    "Partial Mode": "Finalize",
    "Parallel Aware": false,
    "Startup Cost": 2334966.49,
    "Total Cost": 2334966.5,
    "Plan Rows": 1,
    "Plan Width": 8,
    "Actual Startup Time": 17247.644,
    "Actual Total Time": 17357.514,
    "Actual Rows": 1,
    "Actual Loops": 1,
    "Plans": [
      {
        "Node Type": "Gather",
        "Parent Relationship": "Outer",
        "Parallel Aware": false,
        "Startup Cost": 2334966.38,
        "Total Cost": 2334966.49,
        "Plan Rows": 1,
        "Plan Width": 8,
        "Actual Startup Time": 17245.554,
        "Actual Total Time": 17357.505,
        "Actual Rows": 2,
        "Actual Loops": 1,
        "Workers Planned": 1,
        "Workers Launched": 1,
        "Single Copy": false,
        "Plans": [
          {
            "Node Type": "Aggregate",
            "Strategy": "Plain",
            "Partial Mode": "Partial",
            "Parent Relationship": "Outer",
            "Parallel Aware": false,
            "Startup Cost": 2333966.38,
            "Total Cost": 2333966.39,
            "Plan Rows": 1,
            "Plan Width": 8,
            "Actual Startup Time": 17238.941,
            "Actual Total Time": 17238.944,
            "Actual Rows": 1,
            "Actual Loops": 2,
            "Plans": [
              {
                "Node Type": "Merge Join",
                "Parent Relationship": "Outer",
                "Parallel Aware": false,
                "Join Type": "Inner",
                "Startup Cost": 67886.28,
                "Total Cost": 2330667.27,
                "Plan Rows": 1319645,
                "Plan Width": 0,
                "Actual Startup Time": 234.706,
                "Actual Total Time": 17074.939,
                "Actual Rows": 3853706,
                "Actual Loops": 2,
                "Inner Unique": false,
                "Merge Cond": "(t.id = mc.movie_id)",
                "Plans": [
                  {
                    "Node Type": "Merge Join",
                    "Parent Relationship": "Outer",
                    "Parallel Aware": false,
                    "Join Type": "Inner",
                    "Startup Cost": 42.96,
                    "Total Cost": 2217240.85,
                    "Plan Rows": 11242009,
                    "Plan Width": 8,
                    "Actual Startup Time": 0.336,
                    "Actual Total Time": 15850.308,
                    "Actual Rows": 10216030,
                    "Actual Loops": 2,
                    "Inner Unique": true,
                    "Merge Cond": "(ci.movie_id = t.id)",
                    "Plans": [
                      {
                        "Node Type": "Index Only Scan",
                        "Parent Relationship": "Outer",
                        "Parallel Aware": true,
                        "Scan Direction": "Forward",
                        "Index Name": "movie_id_cast_info",
                        "Relation Name": "cast_info",
                        "Alias": "ci",
                        "Startup Cost": 0.56,
                        "Total Cost": 1925345.15,
                        "Plan Rows": 21310595,
                        "Plan Width": 4,
                        "Actual Startup Time": 0.121,
                        "Actual Total Time": 13005.111,
                        "Actual Rows": 18121686,
                        "Actual Loops": 2,
                        "Heap Fetches": 36243373
                      },
                      {
                        "Node Type": "Index Scan",
                        "Parent Relationship": "Inner",
                        "Parallel Aware": false,
                        "Scan Direction": "Forward",
                        "Index Name": "title_pkey",
                        "Relation Name": "title",
                        "Alias": "t",
                        "Startup Cost": 0.43,
                        "Total Cost": 122981.43,
                        "Plan Rows": 1333754,
                        "Plan Width": 4,
                        "Actual Startup Time": 0.129,
                        "Actual Total Time": 1366.959,
                        "Actual Rows": 1412350,
                        "Actual Loops": 2,
                        "Filter": "((production_year > 1962) AND (kind_id = 7))",
                        "Rows Removed by Filter": 1113422
                      }
                    ]
                  },
                  {
                    "Node Type": "Sort",
                    "Parent Relationship": "Inner",
                    "Parallel Aware": false,
                    "Startup Cost": 67797.98,
                    "Total Cost": 68539.94,
                    "Plan Rows": 296784,
                    "Plan Width": 4,
                    "Actual Startup Time": 231.159,
                    "Actual Total Time": 392.049,
                    "Actual Rows": 4178726,
                    "Actual Loops": 2,
                    "Sort Key": [
                      "mc.movie_id"
                    ],
                    "Sort Method": "quicksort",
                    "Sort Space Used": 32472,
                    "Sort Space Type": "Memory",
                    "Workers": [
                      {
                        "Worker Number": 0,
                        "Sort Method": "quicksort",
                        "Sort Space Used": 32472,
                        "Sort Space Type": "Memory"
                      }
                    ],
                    "Plans": [
                      {
                        "Node Type": "Bitmap Heap Scan",
                        "Parent Relationship": "Outer",
                        "Parallel Aware": false,
                        "Relation Name": "movie_companies",
                        "Alias": "mc",
                        "Startup Cost": 12988.32,
                        "Total Cost": 40821.72,
                        "Plan Rows": 296784,
                        "Plan Width": 4,
                        "Actual Startup Time": 44.764,
                        "Actual Total Time": 145.991,
                        "Actual Rows": 430573,
                        "Actual Loops": 2,
                        "Recheck Cond": "(company_id < 687)",
                        "Rows Removed by Index Recheck": 0,
                        "Filter": "(company_type_id < 2)",
                        "Rows Removed by Filter": 165339,
                        "Exact Heap Blocks": 18475,
                        "Lossy Heap Blocks": 0,
                        "Plans": [
                          {
                            "Node Type": "Bitmap Index Scan",
                            "Parent Relationship": "Outer",
                            "Parallel Aware": false,
                            "Index Name": "company_id_movie_companies",
                            "Startup Cost": 0.0,
                            "Total Cost": 12914.13,
                            "Plan Rows": 602893,
                            "Plan Width": 0,
                            "Actual Startup Time": 42.214,
                            "Actual Total Time": 42.215,
                            "Actual Rows": 595912,
                            "Actual Loops": 2,
                            "Index Cond": "(company_id < 687)"
                          }
                        ]
                      }
                    ]
                  }
                ]
              }
            ]
          }
        ]
      }
    ]
  },
  "Planning Time": 1.098,
  "Triggers": [],
  "Execution Time": 17364.383
}