[
  {
    "Plan": {
      "Node Type": "Aggregate",
      "Strategy": "Plain",
      "Partial Mode": "Finalize",
      "Parallel Aware": false,
      "Startup Cost": 78145.07,
      "Total Cost": 78145.08,
      "Plan Rows": 1,
      "Plan Width": 8,
      "Actual Startup Time": 275.354,
      "Actual Total Time": 292.454,
      "Actual Rows": 1,
      "Actual Loops": 1,
      "Plans": [
        {
          "Node Type": "Gather",
          "Parent Relationship": "Outer",
          "Parallel Aware": false,
          "Startup Cost": 78144.65,
          "Total Cost": 78145.06,
          "Plan Rows": 4,
          "Plan Width": 8,
          "Actual Startup Time": 273.629,
          "Actual Total Time": 292.443,
          "Actual Rows": 5,
          "Actual Loops": 1,
          "Workers Planned": 4,
          "Workers Launched": 4,
          "Single Copy": false,
          "Plans": [
            {
              "Node Type": "Aggregate",
              "Strategy": "Plain",
              "Partial Mode": "Partial",
              "Parent Relationship": "Outer",
              "Parallel Aware": false,
              "Startup Cost": 77144.65,
              "Total Cost": 77144.66,
              "Plan Rows": 1,
              "Plan Width": 8,
              "Actual Startup Time": 264.56,
              "Actual Total Time": 264.563,
              "Actual Rows": 1,
              "Actual Loops": 5,
              "Plans": [
                {
                  "Node Type": "Hash Join",
                  "Parent Relationship": "Outer",
                  "Parallel Aware": true,
                  "Join Type": "Inner",
                  "Startup Cost": 31048.59,
                  "Total Cost": 76875.27,
                  "Plan Rows": 107750,
                  "Plan Width": 0,
                  "Actual Startup Time": 105.052,
                  "Actual Total Time": 260.579,
                  "Actual Rows": 87722,
                  "Actual Loops": 5,
                  "Inner Unique": false,
                  "Hash Cond": "(t.id = mc.movie_id)",
                  "Plans": [
                    {
                      "Node Type": "Seq Scan",
                      "Parent Relationship": "Outer",
                      "Parallel Aware": true,
                      "Relation Name": "title",
                      "Alias": "t",
                      "Startup Cost": 0.0,
                      "Total Cost": 42318.73,
                      "Plan Rows": 632073,
                      "Plan Width": 4,
                      "Actual Startup Time": 0.01,
                      "Actual Total Time": 62.008,
                      "Actual Rows": 505662,
                      "Actual Loops": 5
                    },
                    {
                      "Node Type": "Hash",
                      "Parent Relationship": "Inner",
                      "Parallel Aware": true,
                      "Startup Cost": 29310.68,
                      "Total Cost": 29310.68,
                      "Plan Rows": 139033,
                      "Plan Width": 4,
                      "Actual Startup Time": 89.814,
                      "Actual Total Time": 89.815,
                      "Actual Rows": 87722,
                      "Actual Loops": 5,
                      "Hash Buckets": 524288,
                      "Original Hash Buckets": 524288,
                      "Hash Batches": 1,
                      "Original Hash Batches": 1,
                      "Peak Memory Usage": 21312,
                      "Plans": [
                        {
                          "Node Type": "Seq Scan",
                          "Parent Relationship": "Outer",
                          "Parallel Aware": true,
                          "Relation Name": "movie_companies",
                          "Alias": "mc",
                          "Startup Cost": 0.0,
                          "Total Cost": 29310.68,
                          "Plan Rows": 139033,
                          "Plan Width": 4,
                          "Actual Startup Time": 41.406,
                          "Actual Total Time": 65.331,
                          "Actual Rows": 87722,
                          "Actual Loops": 5,
                          "Filter": "(company_id > 78328)",
                          "Rows Removed by Filter": 434103
                        }
                      ]
                    }
                  ]
                }
              ]
            }
          ]
        }
      ]
    },
    "Planning Time": 0.635,
    "Triggers": [],
    "Execution Time": 292.527
  }
]