[
  {
    "Plan": {
      "Node Type": "Aggregate",
      "Strategy": "Plain",
      "Partial Mode": "Finalize",
      "Parallel Aware": false,
      "Startup Cost": 45950.52,
      "Total Cost": 45950.53,
      "Plan Rows": 1,
      "Plan Width": 8,
      "Actual Startup Time": 159.775,
      "Actual Total Time": 168.7,
      "Actual Rows": 1,
      "Actual Loops": 1,
      "Plans": [
        {
          "Node Type": "Gather",
          "Parent Relationship": "Outer",
          "Parallel Aware": false,
          "Startup Cost": 45950.2,
          "Total Cost": 45950.51,
          "Plan Rows": 3,
          "Plan Width": 8,
          "Actual Startup Time": 159.667,
          "Actual Total Time": 168.693,
          "Actual Rows": 4,
          "Actual Loops": 1,
          "Workers Planned": 3,
          "Workers Launched": 3,
          "Single Copy": false,
          "Plans": [
            {
              "Node Type": "Aggregate",
              "Strategy": "Plain",
              "Partial Mode": "Partial",
              "Parent Relationship": "Outer",
              "Parallel Aware": false,
              "Startup Cost": 44950.2,
              "Total Cost": 44950.21,
              "Plan Rows": 1,
              "Plan Width": 8,
              "Actual Startup Time": 150.627,
              "Actual Total Time": 150.628,
              "Actual Rows": 1,
              "Actual Loops": 4,
              "Plans": [
                {
                  "Node Type": "Seq Scan",
                  "Parent Relationship": "Outer",
                  "Parallel Aware": true,
                  "Relation Name": "movie_keyword",
                  "Alias": "mk",
                  "Startup Cost": 0.0,
                  "Total Cost": 42695.65,
                  "Plan Rows": 901818,
                  "Plan Width": 0,
                  "Actual Startup Time": 0.457,
                  "Actual Total Time": 119.658,
                  "Actual Rows": 695984,
                  "Actual Loops": 4,
                  "Filter": "(keyword_id > 2840)",
                  "Rows Removed by Filter": 434999
                }
              ]
            }
          ]
        }
      ]
    },
    "Planning Time": 0.186,
    "Triggers": [],
    "Execution Time": 168.757
  }
]