{
  "Plan": {
    "Node Type": "Aggregate",
    "Strategy": "Plain",
    "Partial Mode": "Finalize",
    "Parallel Aware": false,
    "Startup Cost": 259391.42,
    "Total Cost": 259391.43,
    "Plan Rows": 1,
    "Plan Width": 8,
    "Actual Startup Time": 890.685,
    "Actual Total Time": 912.701,
    "Actual Rows": 1,
    "Actual Loops": 1,
    "Plans": [
      {
        "Node Type": "Gather",
        "Parent Relationship": "Outer",
        "Parallel Aware": false,
        "Startup Cost": 259391.31,
        "Total Cost": 259391.42,
        "Plan Rows": 1,
        "Plan Width": 8,
        "Actual Startup Time": 885.45,
        "Actual Total Time": 912.691,
        "Actual Rows": 2,
        "Actual Loops": 1,
        "Workers Planned": 1,
        "Workers Launched": 1,
        "Single Copy": false,
        "Plans": [
          {
            "Node Type": "Aggregate",
            "Strategy": "Plain",
            "Partial Mode": "Partial",
            "Parent Relationship": "Outer",
            "Parallel Aware": false,
            "Startup Cost": 258391.31,
            "Total Cost": 258391.32,
            "Plan Rows": 1,
            "Plan Width": 8,
            "Actual Startup Time": 872.917,
            "Actual Total Time": 872.921,
            "Actual Rows": 1,
            "Actual Loops": 2,
            "Plans": [
              {
                "Node Type": "Hash Join",
                "Parent Relationship": "Outer",
                "Parallel Aware": true,
                "Join Type": "Inner",
                "Startup Cost": 86594.01,
                "Total Cost": 257000.63,
                "Plan Rows": 556272,
                "Plan Width": 0,
                "Actual Startup Time": 612.233,
                "Actual Total Time": 853.793,
                "Actual Rows": 447772,
                "Actual Loops": 2,
                "Inner Unique": true,
                "Hash Cond": "(mi.movie_id = t.id)",
                "Plans": [
                  {
                    "Node Type": "Bitmap Heap Scan",
                    "Parent Relationship": "Outer",
                    "Parallel Aware": true,
                    "Relation Name": "movie_info",
                    "Alias": "mi",
                    "Startup Cost": 17133.32,
                    "Total Cost": 186079.71,
                    "Plan Rows": 556272,
                    "Plan Width": 4,
                    "Actual Startup Time": 38.041,
                    "Actual Total Time": 123.713,
                    "Actual Rows": 447772,
                    "Actual Loops": 2,
                    "Recheck Cond": "(info_type_id > 95)",
                    "Rows Removed by Index Recheck": 0,
                    "Exact Heap Blocks": 17368,
                    "Lossy Heap Blocks": 0,
                    "Plans": [
                      {
                        "Node Type": "Bitmap Index Scan",
                        "Parent Relationship": "Outer",
                        "Parallel Aware": false,
                        "Index Name": "info_type_id_movie_info",
                        "Startup Cost": 0.0,
                        "Total Cost": 16896.9,
                        "Plan Rows": 945662,
                        "Plan Width": 0,
                        "Actual Startup Time": 32.64,
                        "Actual Total Time": 32.641,
                        "Actual Rows": 895543,
                        "Actual Loops": 1,
                        "Index Cond": "(info_type_id > 95)"
                      }
                    ]
                  },
                  {
                    "Node Type": "Hash",
                    "Parent Relationship": "Inner",
                    "Parallel Aware": true,
                    "Startup Cost": 50870.31,
                    "Total Cost": 50870.31,
                    "Plan Rows": 1487231,
                    "Plan Width": 4,
                    "Actual Startup Time": 552.067,
                    "Actual Total Time": 552.068,
                    "Actual Rows": 1264156,
                    "Actual Loops": 2,
                    "Hash Buckets": 4194304,
                    "Original Hash Buckets": 4194304,
                    "Hash Batches": 1,
                    "Original Hash Batches": 1,
                    "Peak Memory Usage": 131712,
                    "Plans": [
                      {
                        "Node Type": "Seq Scan",
                        "Parent Relationship": "Outer",
                        "Parallel Aware": true,
                        "Relation Name": "title",
                        "Alias": "t",
                        "Startup Cost": 0.0,
                        "Total Cost": 50870.31,
                        "Plan Rows": 1487231,
                        "Plan Width": 4,
                        "Actual Startup Time": 0.03,
                        "Actual Total Time": 152.097,
                        "Actual Rows": 1264156,
                        "Actual Loops": 2
                      }
                    ]
                  }
                ]
              }
            ]
          }
        ]
      }
    ]
  },
  "Planning Time": 0.684,
  "Triggers": [],
  "Execution Time": 912.79
}