[
  {
    "Plan": {
      "Node Type": "Aggregate",
      "Strategy": "Plain",
      "Partial Mode": "Finalize",
      "Parallel Aware": false,
      "Startup Cost": 32910.18,
      "Total Cost": 32910.19,
      "Plan Rows": 1,
      "Plan Width": 8,
      "Actual Startup Time": 120.818,
      "Actual Total Time": 129.201,
      "Actual Rows": 1,
      "Actual Loops": 1,
      "Plans": [
        {
          "Node Type": "Gather",
          "Parent Relationship": "Outer",
          "Parallel Aware": false,
          "Startup Cost": 32909.86,
          "Total Cost": 32910.17,
          "Plan Rows": 3,
          "Plan Width": 8,
          "Actual Startup Time": 120.709,
          "Actual Total Time": 129.191,
          "Actual Rows": 4,
          "Actual Loops": 1,
          "Workers Planned": 3,
          "Workers Launched": 3,
          "Single Copy": false,
          "Plans": [
            {
              "Node Type": "Aggregate",
              "Strategy": "Plain",
              "Partial Mode": "Partial",
              "Parent Relationship": "Outer",
              "Parallel Aware": false,
              "Startup Cost": 31909.86,
              "Total Cost": 31909.87,
              "Plan Rows": 1,
              "Plan Width": 8,
              "Actual Startup Time": 112.692,
              "Actual Total Time": 112.693,
              "Actual Rows": 1,
              "Actual Loops": 4,
              "Plans": [
                {
                  "Node Type": "Seq Scan",
                  "Parent Relationship": "Outer",
                  "Parallel Aware": true,
                  "Relation Name": "movie_companies",
                  "Alias": "mc",
                  "Startup Cost": 0.0,
                  "Total Cost": 31414.82,
                  "Plan Rows": 198017,
                  "Plan Width": 0,
                  "Actual Startup Time": 53.673,
                  "Actual Total Time": 99.933,
                  "Actual Rows": 221374,
                  "Actual Loops": 4,
                  "Filter": "((company_id > 12152) AND (company_type_id = 2))",
                  "Rows Removed by Filter": 430908
                }
              ]
            }
          ]
        }
      ]
    },
    "Planning Time": 0.218,
    "Triggers": [],
    "Execution Time": 129.262
  }
]