[
    {
        "Bao": {
            "Bao prediction": "NaN",
            "Bao recommended hint": "(no hint)"
        }
    },
    {
        "Plan": {
            "Node Type": "Aggregate",
            "Strategy": "Plain",
            "Partial Mode": "Finalize",
            "Parallel Aware": false,
            "Startup Cost": 350150.54,
            "Total Cost": 350150.55,
            "Plan Rows": 1,
            "Plan Width": 8,
            "Actual Startup Time": 715.591,
            "Actual Total Time": 755.607,
            "Actual Rows": 1,
            "Actual Loops": 1,
            "Output": [
                "count(*)"
            ],
            "Plans": [
                {
                    "Node Type": "Gather",
                    "Parent Relationship": "Outer",
                    "Parallel Aware": false,
                    "Startup Cost": 350149.92,
                    "Total Cost": 350150.53,
                    "Plan Rows": 6,
                    "Plan Width": 8,
                    "Actual Startup Time": 715.505,
                    "Actual Total Time": 755.598,
                    "Actual Rows": 7,
                    "Actual Loops": 1,
                    "Output": [
                        "(PARTIAL count(*))"
                    ],
                    "Workers Planned": 6,
                    "Workers Launched": 6,
                    "Single Copy": false,
                    "Plans": [
                        {
                            "Node Type": "Aggregate",
                            "Strategy": "Plain",
                            "Partial Mode": "Partial",
                            "Parent Relationship": "Outer",
                            "Parallel Aware": false,
                            "Startup Cost": 349149.92,
                            "Total Cost": 349149.93,
                            "Plan Rows": 1,
                            "Plan Width": 8,
                            "Actual Startup Time": 705.797,
                            "Actual Total Time": 705.797,
                            "Actual Rows": 1,
                            "Actual Loops": 7,
                            "Output": [
                                "PARTIAL count(*)"
                            ],
                            "Workers": [
                                {
                                    "Worker Number": 0,
                                    "Actual Startup Time": 703.222,
                                    "Actual Total Time": 703.223,
                                    "Actual Rows": 1,
                                    "Actual Loops": 1
                                },
                                {
                                    "Worker Number": 1,
                                    "Actual Startup Time": 703.922,
                                    "Actual Total Time": 703.923,
                                    "Actual Rows": 1,
                                    "Actual Loops": 1
                                },
                                {
                                    "Worker Number": 2,
                                    "Actual Startup Time": 704.091,
                                    "Actual Total Time": 704.092,
                                    "Actual Rows": 1,
                                    "Actual Loops": 1
                                },
                                {
                                    "Worker Number": 3,
                                    "Actual Startup Time": 704.375,
                                    "Actual Total Time": 704.376,
                                    "Actual Rows": 1,
                                    "Actual Loops": 1
                                },
                                {
                                    "Worker Number": 4,
                                    "Actual Startup Time": 704.706,
                                    "Actual Total Time": 704.707,
                                    "Actual Rows": 1,
                                    "Actual Loops": 1
                                },
                                {
                                    "Worker Number": 5,
                                    "Actual Startup Time": 705.143,
                                    "Actual Total Time": 705.144,
                                    "Actual Rows": 1,
                                    "Actual Loops": 1
                                }
                            ],
                            "Plans": [
                                {
                                    "Node Type": "Seq Scan",
                                    "Parent Relationship": "Outer",
                                    "Parallel Aware": true,
                                    "Relation Name": "cast_info",
                                    "Schema": "public",
                                    "Alias": "ci",
                                    "Startup Cost": 0.0,
                                    "Total Cost": 343318.94,
                                    "Plan Rows": 2332392,
                                    "Plan Width": 0,
                                    "Actual Startup Time": 334.871,
                                    "Actual Total Time": 630.756,
                                    "Actual Rows": 1655200,
                                    "Actual Loops": 7,
                                    "Output": [
                                        "id",
                                        "person_id",
                                        "movie_id",
                                        "person_role_id",
                                        "note",
                                        "nr_order",
                                        "role_id"
                                    ],
                                    "Filter": "((ci.person_id < 3234172) AND (ci.role_id > 2))",
                                    "Rows Removed by Filter": 3522563,
                                    "Workers": [
                                        {
                                            "Worker Number": 0,
                                            "Actual Startup Time": 332.3,
                                            "Actual Total Time": 627.395,
                                            "Actual Rows": 1137627,
                                            "Actual Loops": 1
                                        },
                                        {
                                            "Worker Number": 1,
                                            "Actual Startup Time": 332.992,
                                            "Actual Total Time": 633.131,
                                            "Actual Rows": 1724407,
                                            "Actual Loops": 1
                                        },
                                        {
                                            "Worker Number": 2,
                                            "Actual Startup Time": 333.165,
                                            "Actual Total Time": 633.037,
                                            "Actual Rows": 1735905,
                                            "Actual Loops": 1
                                        },
                                        {
                                            "Worker Number": 3,
                                            "Actual Startup Time": 333.438,
                                            "Actual Total Time": 630.864,
                                            "Actual Rows": 1606721,
                                            "Actual Loops": 1
                                        },
                                        {
                                            "Worker Number": 4,
                                            "Actual Startup Time": 333.787,
                                            "Actual Total Time": 633.665,
                                            "Actual Rows": 1731531,
                                            "Actual Loops": 1
                                        },
                                        {
                                            "Worker Number": 5,
                                            "Actual Startup Time": 334.215,
                                            "Actual Total Time": 631.301,
                                            "Actual Rows": 1618295,
                                            "Actual Loops": 1
                                        }
                                    ]
                                }
                            ]
                        }
                    ]
                }
            ]
        },
        "Planning Time": 209.647,
        "Triggers": [],
        "Execution Time": 755.665
    }
]