[
  {
    "Plan": {
      "Node Type": "Aggregate",
      "Strategy": "Plain",
      "Partial Mode": "Finalize",
      "Parallel Aware": false,
      "Startup Cost": 44288.63,
      "Total Cost": 44288.64,
      "Plan Rows": 1,
      "Plan Width": 8,
      "Actual Startup Time": 126.555,
      "Actual Total Time": 135.691,
      "Actual Rows": 1,
      "Actual Loops": 1,
      "Plans": [
        {
          "Node Type": "Gather",
          "Parent Relationship": "Outer",
          "Parallel Aware": false,
          "Startup Cost": 44288.31,
          "Total Cost": 44288.62,
          "Plan Rows": 3,
          "Plan Width": 8,
          "Actual Startup Time": 126.442,
          "Actual Total Time": 135.684,
          "Actual Rows": 4,
          "Actual Loops": 1,
          "Workers Planned": 3,
          "Workers Launched": 3,
          "Single Copy": false,
          "Plans": [
            {
              "Node Type": "Aggregate",
              "Strategy": "Plain",
              "Partial Mode": "Partial",
              "Parent Relationship": "Outer",
              "Parallel Aware": false,
              "Startup Cost": 43288.31,
              "Total Cost": 43288.32,
              "Plan Rows": 1,
              "Plan Width": 8,
              "Actual Startup Time": 119.615,
              "Actual Total Time": 119.616,
              "Actual Rows": 1,
              "Actual Loops": 4,
              "Plans": [
                {
                  "Node Type": "Seq Scan",
                  "Parent Relationship": "Outer",
                  "Parallel Aware": true,
                  "Relation Name": "movie_keyword",
                  "Alias": "mk",
                  "Startup Cost": 0.0,
                  "Total Cost": 42695.65,
                  "Plan Rows": 237063,
                  "Plan Width": 0,
                  "Actual Startup Time": 5.287,
                  "Actual Total Time": 109.878,
                  "Actual Rows": 181000,
                  "Actual Loops": 4,
                  "Filter": "(keyword_id > 25900)",
                  "Rows Removed by Filter": 949982
                }
              ]
            }
          ]
        }
      ]
    },
    "Planning Time": 0.095,
    "Triggers": [],
    "Execution Time": 135.723
  }
]