[
  {
    "Plan": {
      "Node Type": "Aggregate",
      "Strategy": "Plain",
      "Partial Mode": "Finalize",
      "Parallel Aware": false,
      "Startup Cost": 65006.08,
      "Total Cost": 65006.09,
      "Plan Rows": 1,
      "Plan Width": 8,
      "Actual Startup Time": 92.408,
      "Actual Total Time": 105.814,
      "Actual Rows": 1,
      "Actual Loops": 1,
      "Plans": [
        {
          "Node Type": "Gather",
          "Parent Relationship": "Outer",
          "Parallel Aware": false,
          "Startup Cost": 65005.66,
          "Total Cost": 65006.07,
          "Plan Rows": 4,
          "Plan Width": 8,
          "Actual Startup Time": 92.242,
          "Actual Total Time": 105.805,
          "Actual Rows": 5,
          "Actual Loops": 1,
          "Workers Planned": 4,
          "Workers Launched": 4,
          "Single Copy": false,
          "Plans": [
            {
              "Node Type": "Aggregate",
              "Strategy": "Plain",
              "Partial Mode": "Partial",
              "Parent Relationship": "Outer",
              "Parallel Aware": false,
              "Startup Cost": 64005.66,
              "Total Cost": 64005.67,
              "Plan Rows": 1,
              "Plan Width": 8,
              "Actual Startup Time": 87.035,
              "Actual Total Time": 87.039,
              "Actual Rows": 1,
              "Actual Loops": 5,
              "Plans": [
                {
                  "Node Type": "Nested Loop",
                  "Parent Relationship": "Outer",
                  "Parallel Aware": false,
                  "Join Type": "Inner",
                  "Startup Cost": 0.43,
                  "Total Cost": 64002.14,
                  "Plan Rows": 1408,
                  "Plan Width": 0,
                  "Actual Startup Time": 1.619,
                  "Actual Total Time": 86.806,
                  "Actual Rows": 2222,
                  "Actual Loops": 5,
                  "Inner Unique": false,
                  "Plans": [
                    {
                      "Node Type": "Seq Scan",
                      "Parent Relationship": "Outer",
                      "Parallel Aware": true,
                      "Relation Name": "title",
                      "Alias": "t",
                      "Startup Cost": 0.0,
                      "Total Cost": 45479.59,
                      "Plan Rows": 1365,
                      "Plan Width": 4,
                      "Actual Startup Time": 1.516,
                      "Actual Total Time": 71.04,
                      "Actual Rows": 1157,
                      "Actual Loops": 5,
                      "Filter": "((kind_id < 7) AND (production_year = 1967))",
                      "Rows Removed by Filter": 504506
                    },
                    {
                      "Node Type": "Index Only Scan",
                      "Parent Relationship": "Inner",
                      "Parallel Aware": false,
                      "Scan Direction": "Forward",
                      "Index Name": "movie_id_movie_companies",
                      "Relation Name": "movie_companies",
                      "Alias": "mc",
                      "Startup Cost": 0.43,
                      "Total Cost": 13.52,
                      "Plan Rows": 5,
                      "Plan Width": 4,
                      "Actual Startup Time": 0.011,
                      "Actual Total Time": 0.013,
                      "Actual Rows": 2,
                      "Actual Loops": 5783,
                      "Index Cond": "(movie_id = t.id)",
                      "Rows Removed by Index Recheck": 0,
                      "Heap Fetches": 11110
                    }
                  ]
                }
              ]
            }
          ]
        }
      ]
    },
    "Planning Time": 0.632,
    "Triggers": [],
    "Execution Time": 105.889
  }
]