[
    {
        "Bao": {
            "Bao prediction": 971.386,
            "Bao recommended hint": "SET enable_nestloop TO off; "
        }
    },
    {
        "Plan": {
            "Node Type": "Aggregate",
            "Strategy": "Plain",
            "Partial Mode": "Finalize",
            "Parallel Aware": false,
            "Startup Cost": 224954.75,
            "Total Cost": 224954.76,
            "Plan Rows": 1,
            "Plan Width": 8,
            "Actual Startup Time": 158.537,
            "Actual Total Time": 165.31,
            "Actual Rows": 1,
            "Actual Loops": 1,
            "Output": [
                "count(*)"
            ],
            "Plans": [
                {
                    "Node Type": "Gather",
                    "Parent Relationship": "Outer",
                    "Parallel Aware": false,
                    "Startup Cost": 224954.23,
                    "Total Cost": 224954.74,
                    "Plan Rows": 5,
                    "Plan Width": 8,
                    "Actual Startup Time": 157.191,
                    "Actual Total Time": 165.301,
                    "Actual Rows": 6,
                    "Actual Loops": 1,
                    "Output": [
                        "(PARTIAL count(*))"
                    ],
                    "Workers Planned": 5,
                    "Workers Launched": 5,
                    "Single Copy": false,
                    "Plans": [
                        {
                            "Node Type": "Aggregate",
                            "Strategy": "Plain",
                            "Partial Mode": "Partial",
                            "Parent Relationship": "Outer",
                            "Parallel Aware": false,
                            "Startup Cost": 223954.23,
                            "Total Cost": 223954.24,
                            "Plan Rows": 1,
                            "Plan Width": 8,
                            "Actual Startup Time": 147.062,
                            "Actual Total Time": 147.067,
                            "Actual Rows": 1,
                            "Actual Loops": 6,
                            "Output": [
                                "PARTIAL count(*)"
                            ],
                            "Workers": [
                                {
                                    "Worker Number": 0,
                                    "Actual Startup Time": 145.12,
                                    "Actual Total Time": 145.126,
                                    "Actual Rows": 1,
                                    "Actual Loops": 1
                                },
                                {
                                    "Worker Number": 1,
                                    "Actual Startup Time": 145.12,
                                    "Actual Total Time": 145.125,
                                    "Actual Rows": 1,
                                    "Actual Loops": 1
                                },
                                {
                                    "Worker Number": 2,
                                    "Actual Startup Time": 145.143,
                                    "Actual Total Time": 145.148,
                                    "Actual Rows": 1,
                                    "Actual Loops": 1
                                },
                                {
                                    "Worker Number": 3,
                                    "Actual Startup Time": 145.125,
                                    "Actual Total Time": 145.13,
                                    "Actual Rows": 1,
                                    "Actual Loops": 1
                                },
                                {
                                    "Worker Number": 4,
                                    "Actual Startup Time": 145.565,
                                    "Actual Total Time": 145.571,
                                    "Actual Rows": 1,
                                    "Actual Loops": 1
                                }
                            ],
                            "Plans": [
                                {
                                    "Node Type": "Hash Join",
                                    "Parent Relationship": "Outer",
                                    "Parallel Aware": true,
                                    "Join Type": "Inner",
                                    "Startup Cost": 60849.74,
                                    "Total Cost": 223952.83,
                                    "Plan Rows": 561,
                                    "Plan Width": 0,
                                    "Actual Startup Time": 126.352,
                                    "Actual Total Time": 146.948,
                                    "Actual Rows": 1291,
                                    "Actual Loops": 6,
                                    "Inner Unique": false,
                                    "Hash Cond": "(mi.movie_id = t.id)",
                                    "Workers": [
                                        {
                                            "Worker Number": 0,
                                            "Actual Startup Time": 124.723,
                                            "Actual Total Time": 145.001,
                                            "Actual Rows": 1260,
                                            "Actual Loops": 1
                                        },
                                        {
                                            "Worker Number": 1,
                                            "Actual Startup Time": 124.712,
                                            "Actual Total Time": 145.007,
                                            "Actual Rows": 1116,
                                            "Actual Loops": 1
                                        },
                                        {
                                            "Worker Number": 2,
                                            "Actual Startup Time": 124.764,
                                            "Actual Total Time": 145.026,
                                            "Actual Rows": 1160,
                                            "Actual Loops": 1
                                        },
                                        {
                                            "Worker Number": 3,
                                            "Actual Startup Time": 124.706,
                                            "Actual Total Time": 145.011,
                                            "Actual Rows": 1269,
                                            "Actual Loops": 1
                                        },
                                        {
                                            "Worker Number": 4,
                                            "Actual Startup Time": 125.194,
                                            "Actual Total Time": 145.457,
                                            "Actual Rows": 1180,
                                            "Actual Loops": 1
                                        }
                                    ],
                                    "Plans": [
                                        {
                                            "Node Type": "Bitmap Heap Scan",
                                            "Parent Relationship": "Outer",
                                            "Parallel Aware": true,
                                            "Relation Name": "movie_info",
                                            "Schema": "public",
                                            "Alias": "mi",
                                            "Startup Cost": 6181.97,
                                            "Total Cost": 169027.08,
                                            "Plan Rows": 68169,
                                            "Plan Width": 4,
                                            "Actual Startup Time": 18.983,
                                            "Actual Total Time": 39.32,
                                            "Actual Rows": 61370,
                                            "Actual Loops": 6,
                                            "Output": [
                                                "mi.id",
                                                "mi.movie_id",
                                                "mi.info_type_id",
                                                "mi.info",
                                                "mi.note"
                                            ],
                                            "Recheck Cond": "(mi.info_type_id = 17)",
                                            "Rows Removed by Index Recheck": 0,
                                            "Exact Heap Blocks": 2350,
                                            "Lossy Heap Blocks": 0,
                                            "Workers": [
                                                {
                                                    "Worker Number": 0,
                                                    "Actual Startup Time": 19.0,
                                                    "Actual Total Time": 39.656,
                                                    "Actual Rows": 57234,
                                                    "Actual Loops": 1
                                                },
                                                {
                                                    "Worker Number": 1,
                                                    "Actual Startup Time": 18.997,
                                                    "Actual Total Time": 39.66,
                                                    "Actual Rows": 57374,
                                                    "Actual Loops": 1
                                                },
                                                {
                                                    "Worker Number": 2,
                                                    "Actual Startup Time": 19.054,
                                                    "Actual Total Time": 39.578,
                                                    "Actual Rows": 57571,
                                                    "Actual Loops": 1
                                                },
                                                {
                                                    "Worker Number": 3,
                                                    "Actual Startup Time": 18.867,
                                                    "Actual Total Time": 39.454,
                                                    "Actual Rows": 67156,
                                                    "Actual Loops": 1
                                                },
                                                {
                                                    "Worker Number": 4,
                                                    "Actual Startup Time": 19.072,
                                                    "Actual Total Time": 40.124,
                                                    "Actual Rows": 49118,
                                                    "Actual Loops": 1
                                                }
                                            ],
                                            "Plans": [
                                                {
                                                    "Node Type": "Bitmap Index Scan",
                                                    "Parent Relationship": "Outer",
                                                    "Parallel Aware": false,
                                                    "Index Name": "info_type_id_movie_info",
                                                    "Startup Cost": 0.0,
                                                    "Total Cost": 6096.76,
                                                    "Plan Rows": 340843,
                                                    "Plan Width": 0,
                                                    "Actual Startup Time": 17.167,
                                                    "Actual Total Time": 17.168,
                                                    "Actual Rows": 368218,
                                                    "Actual Loops": 1,
                                                    "Index Cond": "(mi.info_type_id = 17)",
                                                    "Workers": [
                                                        {
                                                            "Worker Number": 3,
                                                            "Actual Startup Time": 17.167,
                                                            "Actual Total Time": 17.168,
                                                            "Actual Rows": 368218,
                                                            "Actual Loops": 1
                                                        }
                                                    ]
                                                }
                                            ]
                                        },
                                        {
                                            "Node Type": "Hash",
                                            "Parent Relationship": "Inner",
                                            "Parallel Aware": true,
                                            "Startup Cost": 54559.35,
                                            "Total Cost": 54559.35,
                                            "Plan Rows": 8674,
                                            "Plan Width": 8,
                                            "Actual Startup Time": 98.111,
                                            "Actual Total Time": 98.115,
                                            "Actual Rows": 4641,
                                            "Actual Loops": 6,
                                            "Output": [
                                                "t.id",
                                                "mi_idx.movie_id"
                                            ],
                                            "Hash Buckets": 32768,
                                            "Original Hash Buckets": 32768,
                                            "Hash Batches": 1,
                                            "Original Hash Batches": 1,
                                            "Peak Memory Usage": 1440,
                                            "Workers": [
                                                {
                                                    "Worker Number": 0,
                                                    "Actual Startup Time": 96.78,
                                                    "Actual Total Time": 96.784,
                                                    "Actual Rows": 4097,
                                                    "Actual Loops": 1
                                                },
                                                {
                                                    "Worker Number": 1,
                                                    "Actual Startup Time": 96.838,
                                                    "Actual Total Time": 96.841,
                                                    "Actual Rows": 4693,
                                                    "Actual Loops": 1
                                                },
                                                {
                                                    "Worker Number": 2,
                                                    "Actual Startup Time": 96.829,
                                                    "Actual Total Time": 96.832,
                                                    "Actual Rows": 4208,
                                                    "Actual Loops": 1
                                                },
                                                {
                                                    "Worker Number": 3,
                                                    "Actual Startup Time": 96.695,
                                                    "Actual Total Time": 96.699,
                                                    "Actual Rows": 4512,
                                                    "Actual Loops": 1
                                                },
                                                {
                                                    "Worker Number": 4,
                                                    "Actual Startup Time": 97.081,
                                                    "Actual Total Time": 97.085,
                                                    "Actual Rows": 4665,
                                                    "Actual Loops": 1
                                                }
                                            ],
                                            "Plans": [
                                                {
                                                    "Node Type": "Hash Join",
                                                    "Parent Relationship": "Outer",
                                                    "Parallel Aware": true,
                                                    "Join Type": "Inner",
                                                    "Startup Cost": 38934.89,
                                                    "Total Cost": 54559.35,
                                                    "Plan Rows": 8674,
                                                    "Plan Width": 8,
                                                    "Actual Startup Time": 72.723,
                                                    "Actual Total Time": 96.123,
                                                    "Actual Rows": 4641,
                                                    "Actual Loops": 6,
                                                    "Output": [
                                                        "t.id",
                                                        "mi_idx.movie_id"
                                                    ],
                                                    "Inner Unique": true,
                                                    "Hash Cond": "(mi_idx.movie_id = t.id)",
                                                    "Workers": [
                                                        {
                                                            "Worker Number": 0,
                                                            "Actual Startup Time": 71.363,
                                                            "Actual Total Time": 94.493,
                                                            "Actual Rows": 4097,
                                                            "Actual Loops": 1
                                                        },
                                                        {
                                                            "Worker Number": 1,
                                                            "Actual Startup Time": 71.369,
                                                            "Actual Total Time": 95.081,
                                                            "Actual Rows": 4693,
                                                            "Actual Loops": 1
                                                        },
                                                        {
                                                            "Worker Number": 2,
                                                            "Actual Startup Time": 71.369,
                                                            "Actual Total Time": 94.351,
                                                            "Actual Rows": 4208,
                                                            "Actual Loops": 1
                                                        },
                                                        {
                                                            "Worker Number": 3,
                                                            "Actual Startup Time": 71.337,
                                                            "Actual Total Time": 95.079,
                                                            "Actual Rows": 4512,
                                                            "Actual Loops": 1
                                                        },
                                                        {
                                                            "Worker Number": 4,
                                                            "Actual Startup Time": 71.765,
                                                            "Actual Total Time": 95.513,
                                                            "Actual Rows": 4665,
                                                            "Actual Loops": 1
                                                        }
                                                    ],
                                                    "Plans": [
                                                        {
                                                            "Node Type": "Seq Scan",
                                                            "Parent Relationship": "Outer",
                                                            "Parallel Aware": true,
                                                            "Relation Name": "movie_info_idx",
                                                            "Schema": "public",
                                                            "Alias": "mi_idx",
                                                            "Startup Cost": 0.0,
                                                            "Total Cost": 15122.68,
                                                            "Plan Rows": 191154,
                                                            "Plan Width": 4,
                                                            "Actual Startup Time": 0.022,
                                                            "Actual Total Time": 24.14,
                                                            "Actual Rows": 76654,
                                                            "Actual Loops": 6,
                                                            "Output": [
                                                                "mi_idx.id",
                                                                "mi_idx.movie_id",
                                                                "mi_idx.info_type_id",
                                                                "mi_idx.info",
                                                                "mi_idx.note"
                                                            ],
                                                            "Filter": "(mi_idx.info_type_id < 100)",
                                                            "Rows Removed by Filter": 153352,
                                                            "Workers": [
                                                                {
                                                                    "Worker Number": 0,
                                                                    "Actual Startup Time": 0.027,
                                                                    "Actual Total Time": 24.644,
                                                                    "Actual Rows": 71664,
                                                                    "Actual Loops": 1
                                                                },
                                                                {
                                                                    "Worker Number": 1,
                                                                    "Actual Startup Time": 0.023,
                                                                    "Actual Total Time": 24.89,
                                                                    "Actual Rows": 74088,
                                                                    "Actual Loops": 1
                                                                },
                                                                {
                                                                    "Worker Number": 2,
                                                                    "Actual Startup Time": 0.022,
                                                                    "Actual Total Time": 24.563,
                                                                    "Actual Rows": 72349,
                                                                    "Actual Loops": 1
                                                                },
                                                                {
                                                                    "Worker Number": 3,
                                                                    "Actual Startup Time": 0.023,
                                                                    "Actual Total Time": 24.865,
                                                                    "Actual Rows": 73803,
                                                                    "Actual Loops": 1
                                                                },
                                                                {
                                                                    "Worker Number": 4,
                                                                    "Actual Startup Time": 0.026,
                                                                    "Actual Total Time": 22.591,
                                                                    "Actual Rows": 74096,
                                                                    "Actual Loops": 1
                                                                }
                                                            ]
                                                        },
                                                        {
                                                            "Node Type": "Hash",
                                                            "Parent Relationship": "Inner",
                                                            "Parallel Aware": true,
                                                            "Startup Cost": 38576.38,
                                                            "Total Cost": 38576.38,
                                                            "Plan Rows": 28681,
                                                            "Plan Width": 4,
                                                            "Actual Startup Time": 57.21,
                                                            "Actual Total Time": 57.212,
                                                            "Actual Rows": 19653,
                                                            "Actual Loops": 6,
                                                            "Output": [
                                                                "t.id"
                                                            ],
                                                            "Hash Buckets": 131072,
                                                            "Original Hash Buckets": 131072,
                                                            "Hash Batches": 1,
                                                            "Original Hash Batches": 1,
                                                            "Peak Memory Usage": 5760,
                                                            "Workers": [
                                                                {
                                                                    "Worker Number": 0,
                                                                    "Actual Startup Time": 56.174,
                                                                    "Actual Total Time": 56.176,
                                                                    "Actual Rows": 12385,
                                                                    "Actual Loops": 1
                                                                },
                                                                {
                                                                    "Worker Number": 1,
                                                                    "Actual Startup Time": 56.195,
                                                                    "Actual Total Time": 56.196,
                                                                    "Actual Rows": 14049,
                                                                    "Actual Loops": 1
                                                                },
                                                                {
                                                                    "Worker Number": 2,
                                                                    "Actual Startup Time": 56.211,
                                                                    "Actual Total Time": 56.212,
                                                                    "Actual Rows": 14482,
                                                                    "Actual Loops": 1
                                                                },
                                                                {
                                                                    "Worker Number": 3,
                                                                    "Actual Startup Time": 56.183,
                                                                    "Actual Total Time": 56.185,
                                                                    "Actual Rows": 15134,
                                                                    "Actual Loops": 1
                                                                },
                                                                {
                                                                    "Worker Number": 4,
                                                                    "Actual Startup Time": 56.612,
                                                                    "Actual Total Time": 56.614,
                                                                    "Actual Rows": 11819,
                                                                    "Actual Loops": 1
                                                                }
                                                            ],
                                                            "Plans": [
                                                                {
                                                                    "Node Type": "Bitmap Heap Scan",
                                                                    "Parent Relationship": "Outer",
                                                                    "Parallel Aware": true,
                                                                    "Relation Name": "title",
                                                                    "Schema": "public",
                                                                    "Alias": "t",
                                                                    "Startup Cost": 2135.29,
                                                                    "Total Cost": 38576.38,
                                                                    "Plan Rows": 28681,
                                                                    "Plan Width": 4,
                                                                    "Actual Startup Time": 16.005,
                                                                    "Actual Total Time": 48.643,
                                                                    "Actual Rows": 19653,
                                                                    "Actual Loops": 6,
                                                                    "Output": [
                                                                        "t.id"
                                                                    ],
                                                                    "Recheck Cond": "(t.kind_id = 4)",
                                                                    "Rows Removed by Index Recheck": 0,
                                                                    "Filter": "(t.production_year > 0)",
                                                                    "Rows Removed by Filter": 52,
                                                                    "Exact Heap Blocks": 5440,
                                                                    "Lossy Heap Blocks": 0,
                                                                    "Workers": [
                                                                        {
                                                                            "Worker Number": 0,
                                                                            "Actual Startup Time": 15.006,
                                                                            "Actual Total Time": 48.368,
                                                                            "Actual Rows": 12385,
                                                                            "Actual Loops": 1
                                                                        },
                                                                        {
                                                                            "Worker Number": 1,
                                                                            "Actual Startup Time": 15.125,
                                                                            "Actual Total Time": 48.245,
                                                                            "Actual Rows": 14049,
                                                                            "Actual Loops": 1
                                                                        },
                                                                        {
                                                                            "Worker Number": 2,
                                                                            "Actual Startup Time": 15.038,
                                                                            "Actual Total Time": 48.496,
                                                                            "Actual Rows": 14482,
                                                                            "Actual Loops": 1
                                                                        },
                                                                        {
                                                                            "Worker Number": 3,
                                                                            "Actual Startup Time": 14.98,
                                                                            "Actual Total Time": 48.762,
                                                                            "Actual Rows": 15134,
                                                                            "Actual Loops": 1
                                                                        },
                                                                        {
                                                                            "Worker Number": 4,
                                                                            "Actual Startup Time": 15.372,
                                                                            "Actual Total Time": 48.764,
                                                                            "Actual Rows": 11819,
                                                                            "Actual Loops": 1
                                                                        }
                                                                    ],
                                                                    "Plans": [
                                                                        {
                                                                            "Node Type": "Bitmap Index Scan",
                                                                            "Parent Relationship": "Outer",
                                                                            "Parallel Aware": false,
                                                                            "Index Name": "kind_id_title",
                                                                            "Startup Cost": 0.0,
                                                                            "Total Cost": 2106.61,
                                                                            "Plan Rows": 118157,
                                                                            "Plan Width": 0,
                                                                            "Actual Startup Time": 16.158,
                                                                            "Actual Total Time": 16.158,
                                                                            "Actual Rows": 118234,
                                                                            "Actual Loops": 1,
                                                                            "Index Cond": "(t.kind_id = 4)"
                                                                        }
                                                                    ]
                                                                }
                                                            ]
                                                        }
                                                    ]
                                                }
                                            ]
                                        }
                                    ]
                                }
                            ]
                        }
                    ]
                }
            ]
        },
        "Planning Time": 530.097,
        "Triggers": [],
        "Execution Time": 165.515
    }
]