{
  "Plan": {
    "Node Type": "Aggregate",
    "Strategy": "Plain",
    "Partial Mode": "Simple",
    "Parallel Aware": false,
    "Startup Cost": 376076.23,
    "Total Cost": 376076.24,
    "Plan Rows": 1,
    "Plan Width": 96,
    "Actual Startup Time": 773.626,
    "Actual Total Time": 819.358,
    "Actual Rows": 1,
    "Actual Loops": 1,
    "Plans": [
      {
        "Node Type": "Nested Loop",
        "Parent Relationship": "Outer",
        "Parallel Aware": false,
        "Join Type": "Inner",
        "Startup Cost": 352648.0,
        "Total Cost": 376076.22,
        "Plan Rows": 1,
        "Plan Width": 48,
        "Actual Startup Time": 773.62,
        "Actual Total Time": 819.35,
        "Actual Rows": 0,
        "Actual Loops": 1,
        "Inner Unique": false,
        "Join Filter": "(mk.keyword_id = k.id)",
        "Rows Removed by Join Filter": 0,
        "Plans": [
          {
            "Node Type": "Seq Scan",
            "Parent Relationship": "Outer",
            "Parallel Aware": false,
            "Relation Name": "keyword",
            "Alias": "k",
            "Startup Cost": 0.0,
            "Total Cost": 2961.55,
            "Plan Rows": 4,
            "Plan Width": 4,
            "Actual Startup Time": 0.046,
            "Actual Total Time": 16.561,
            "Actual Rows": 3,
            "Actual Loops": 1,
            "Filter": "(keyword = ANY ('{hero,martial-arts,hand-to-hand-combat,computer-animated-movie}'::text[]))",
            "Rows Removed by Filter": 134167
          },
          {
            "Node Type": "Materialize",
            "Parent Relationship": "Inner",
            "Parallel Aware": false,
            "Startup Cost": 352648.0,
            "Total Cost": 373114.61,
            "Plan Rows": 1,
            "Plan Width": 52,
            "Actual Startup Time": 252.352,
            "Actual Total Time": 267.594,
            "Actual Rows": 0,
            "Actual Loops": 3,
            "Plans": [
              {
                "Node Type": "Nested Loop",
                "Parent Relationship": "Outer",
                "Parallel Aware": false,
                "Join Type": "Inner",
                "Startup Cost": 352648.0,
                "Total Cost": 373114.61,
                "Plan Rows": 1,
                "Plan Width": 52,
                "Actual Startup Time": 757.048,
                "Actual Total Time": 802.776,
                "Actual Rows": 0,
                "Actual Loops": 1,
                "Inner Unique": false,
                "Join Filter": "(mc.company_id = cn.id)",
                "Rows Removed by Join Filter": 0,
                "Plans": [
                  {
                    "Node Type": "Gather",
                    "Parent Relationship": "Outer",
                    "Parallel Aware": false,
                    "Startup Cost": 1000.0,
                    "Total Cost": 6068.6,
                    "Plan Rows": 1,
                    "Plan Width": 4,
                    "Actual Startup Time": 12.817,
                    "Actual Total Time": 12.931,
                    "Actual Rows": 1,
                    "Actual Loops": 1,
                    "Workers Planned": 1,
                    "Workers Launched": 1,
                    "Single Copy": false,
                    "Plans": [
                      {
                        "Node Type": "Seq Scan",
                        "Parent Relationship": "Outer",
                        "Parallel Aware": true,
                        "Relation Name": "company_name",
                        "Alias": "cn",
                        "Startup Cost": 0.0,
                        "Total Cost": 5068.5,
                        "Plan Rows": 1,
                        "Plan Width": 4,
                        "Actual Startup Time": 32.797,
                        "Actual Total Time": 32.81,
                        "Actual Rows": 0,
                        "Actual Loops": 2,
                        "Filter": "(((country_code)::text = '[us]'::text) AND (name = 'DreamWorks Animation'::text))",
                        "Rows Removed by Filter": 117498
                      }
                    ]
                  },
                  {
                    "Node Type": "Nested Loop",
                    "Parent Relationship": "Inner",
                    "Parallel Aware": false,
                    "Join Type": "Inner",
                    "Startup Cost": 351648.0,
                    "Total Cost": 367045.99,
                    "Plan Rows": 1,
                    "Plan Width": 56,
                    "Actual Startup Time": 744.2,
                    "Actual Total Time": 789.841,
                    "Actual Rows": 0,
                    "Actual Loops": 1,
                    "Inner Unique": false,
                    "Join Filter": "(mi.info_type_id = it.id)",
                    "Rows Removed by Join Filter": 0,
                    "Plans": [
                      {
                        "Node Type": "Seq Scan",
                        "Parent Relationship": "Outer",
                        "Parallel Aware": false,
                        "Relation Name": "info_type",
                        "Alias": "it",
                        "Startup Cost": 0.0,
                        "Total Cost": 2.41,
                        "Plan Rows": 1,
                        "Plan Width": 4,
                        "Actual Startup Time": 0.01,
                        "Actual Total Time": 0.022,
                        "Actual Rows": 1,
                        "Actual Loops": 1,
                        "Filter": "((info)::text = 'release dates'::text)",
                        "Rows Removed by Filter": 112
                      },
                      {
                        "Node Type": "Nested Loop",
                        "Parent Relationship": "Inner",
                        "Parallel Aware": false,
                        "Join Type": "Inner",
                        "Startup Cost": 351648.0,
                        "Total Cost": 367043.57,
                        "Plan Rows": 1,
                        "Plan Width": 60,
                        "Actual Startup Time": 744.171,
                        "Actual Total Time": 789.809,
                        "Actual Rows": 0,
                        "Actual Loops": 1,
                        "Inner Unique": false,
                        "Join Filter": "(t.id = mi.movie_id)",
                        "Rows Removed by Join Filter": 0,
                        "Plans": [
                          {
                            "Node Type": "Nested Loop",
                            "Parent Relationship": "Outer",
                            "Parallel Aware": false,
                            "Join Type": "Inner",
                            "Startup Cost": 351647.56,
                            "Total Cost": 367042.01,
                            "Plan Rows": 1,
                            "Plan Width": 72,
                            "Actual Startup Time": 744.17,
                            "Actual Total Time": 789.807,
                            "Actual Rows": 0,
                            "Actual Loops": 1,
                            "Inner Unique": false,
                            "Join Filter": "(t.id = mc.movie_id)",
                            "Rows Removed by Join Filter": 0,
                            "Plans": [
                              {
                                "Node Type": "Nested Loop",
                                "Parent Relationship": "Outer",
                                "Parallel Aware": false,
                                "Join Type": "Inner",
                                "Startup Cost": 351647.13,
                                "Total Cost": 367041.4,
                                "Plan Rows": 1,
                                "Plan Width": 64,
                                "Actual Startup Time": 744.17,
                                "Actual Total Time": 789.805,
                                "Actual Rows": 0,
                                "Actual Loops": 1,
                                "Inner Unique": true,
                                "Plans": [
                                  {
                                    "Node Type": "Nested Loop",
                                    "Parent Relationship": "Outer",
                                    "Parallel Aware": false,
                                    "Join Type": "Inner",
                                    "Startup Cost": 351646.7,
                                    "Total Cost": 367040.75,
                                    "Plan Rows": 1,
                                    "Plan Width": 52,
                                    "Actual Startup Time": 744.169,
                                    "Actual Total Time": 789.803,
                                    "Actual Rows": 0,
                                    "Actual Loops": 1,
                                    "Inner Unique": true,
                                    "Plans": [
                                      {
                                        "Node Type": "Gather",
                                        "Parent Relationship": "Outer",
                                        "Parallel Aware": false,
                                        "Startup Cost": 351646.57,
                                        "Total Cost": 367040.57,
                                        "Plan Rows": 1,
                                        "Plan Width": 56,
                                        "Actual Startup Time": 744.168,
                                        "Actual Total Time": 789.799,
                                        "Actual Rows": 0,
                                        "Actual Loops": 1,
                                        "Workers Planned": 3,
                                        "Workers Launched": 3,
                                        "Single Copy": false,
                                        "Plans": [
                                          {
                                            "Node Type": "Hash Join",
                                            "Parent Relationship": "Outer",
                                            "Parallel Aware": true,
                                            "Join Type": "Inner",
                                            "Startup Cost": 350646.57,
                                            "Total Cost": 366040.47,
                                            "Plan Rows": 1,
                                            "Plan Width": 56,
                                            "Actual Startup Time": 734.337,
                                            "Actual Total Time": 734.347,
                                            "Actual Rows": 0,
                                            "Actual Loops": 4,
                                            "Inner Unique": false,
                                            "Hash Cond": "(an.person_id = n.id)",
                                            "Plans": [
                                              {
                                                "Node Type": "Seq Scan",
                                                "Parent Relationship": "Outer",
                                                "Parallel Aware": true,
                                                "Relation Name": "aka_name",
                                                "Alias": "an",
                                                "Startup Cost": 0.0,
                                                "Total Cost": 14303.56,
                                                "Plan Rows": 290756,
                                                "Plan Width": 4,
                                                "Actual Startup Time": 0.0,
                                                "Actual Total Time": 0.0,
                                                "Actual Rows": 0,
                                                "Actual Loops": 0
                                              },
                                              {
                                                "Node Type": "Hash",
                                                "Parent Relationship": "Inner",
                                                "Parallel Aware": true,
                                                "Startup Cost": 350646.56,
                                                "Total Cost": 350646.56,
                                                "Plan Rows": 1,
                                                "Plan Width": 64,
                                                "Actual Startup Time": 733.758,
                                                "Actual Total Time": 733.765,
                                                "Actual Rows": 0,
                                                "Actual Loops": 4,
                                                "Hash Buckets": 1024,
                                                "Original Hash Buckets": 1024,
                                                "Hash Batches": 1,
                                                "Original Hash Batches": 1,
                                                "Peak Memory Usage": 0,
                                                "Plans": [
                                                  {
                                                    "Node Type": "Hash Join",
                                                    "Parent Relationship": "Outer",
                                                    "Parallel Aware": true,
                                                    "Join Type": "Inner",
                                                    "Startup Cost": 306126.73,
                                                    "Total Cost": 350646.56,
                                                    "Plan Rows": 1,
                                                    "Plan Width": 64,
                                                    "Actual Startup Time": 733.504,
                                                    "Actual Total Time": 733.511,
                                                    "Actual Rows": 0,
                                                    "Actual Loops": 4,
                                                    "Inner Unique": false,
                                                    "Hash Cond": "(mk.movie_id = t.id)",
                                                    "Plans": [
                                                      {
                                                        "Node Type": "Seq Scan",
                                                        "Parent Relationship": "Outer",
                                                        "Parallel Aware": true,
                                                        "Relation Name": "movie_keyword",
                                                        "Alias": "mk",
                                                        "Startup Cost": 0.0,
                                                        "Total Cost": 39047.32,
                                                        "Plan Rows": 1459332,
                                                        "Plan Width": 8,
                                                        "Actual Startup Time": 0.0,
                                                        "Actual Total Time": 0.0,
                                                        "Actual Rows": 0,
                                                        "Actual Loops": 0
                                                      },
                                                      {
                                                        "Node Type": "Hash",
                                                        "Parent Relationship": "Inner",
                                                        "Parallel Aware": true,
                                                        "Startup Cost": 306126.72,
                                                        "Total Cost": 306126.72,
                                                        "Plan Rows": 1,
                                                        "Plan Width": 56,
                                                        "Actual Startup Time": 733.489,
                                                        "Actual Total Time": 733.495,
                                                        "Actual Rows": 0,
                                                        "Actual Loops": 4,
                                                        "Hash Buckets": 1024,
                                                        "Original Hash Buckets": 1024,
                                                        "Hash Batches": 1,
                                                        "Original Hash Batches": 1,
                                                        "Peak Memory Usage": 0,
                                                        "Plans": [
                                                          {
                                                            "Node Type": "Hash Join",
                                                            "Parent Relationship": "Outer",
                                                            "Parallel Aware": true,
                                                            "Join Type": "Inner",
                                                            "Startup Cost": 260646.77,
                                                            "Total Cost": 306126.72,
                                                            "Plan Rows": 1,
                                                            "Plan Width": 56,
                                                            "Actual Startup Time": 733.376,
                                                            "Actual Total Time": 733.381,
                                                            "Actual Rows": 0,
                                                            "Actual Loops": 4,
                                                            "Inner Unique": false,
                                                            "Hash Cond": "(t.id = ci.movie_id)",
                                                            "Plans": [
                                                              {
                                                                "Node Type": "Seq Scan",
                                                                "Parent Relationship": "Outer",
                                                                "Parallel Aware": true,
                                                                "Relation Name": "title",
                                                                "Alias": "t",
                                                                "Startup Cost": 0.0,
                                                                "Total Cost": 45479.91,
                                                                "Plan Rows": 6,
                                                                "Plan Width": 21,
                                                                "Actual Startup Time": 114.109,
                                                                "Actual Total Time": 114.109,
                                                                "Actual Rows": 0,
                                                                "Actual Loops": 4,
                                                                "Filter": "((production_year < 1960) AND (title ~~ 'Kung Fu Panda%'::text))",
                                                                "Rows Removed by Filter": 632078
                                                              },
                                                              {
                                                                "Node Type": "Hash",
                                                                "Parent Relationship": "Inner",
                                                                "Parallel Aware": true,
                                                                "Startup Cost": 260640.15,
                                                                "Total Cost": 260640.15,
                                                                "Plan Rows": 530,
                                                                "Plan Width": 35,
                                                                "Actual Startup Time": 619.165,
                                                                "Actual Total Time": 619.168,
                                                                "Actual Rows": 1638,
                                                                "Actual Loops": 4,
                                                                "Hash Buckets": 8192,
                                                                "Original Hash Buckets": 4096,
                                                                "Hash Batches": 1,
                                                                "Original Hash Batches": 1,
                                                                "Peak Memory Usage": 640,
                                                                "Plans": [
                                                                  {
                                                                    "Node Type": "Nested Loop",
                                                                    "Parent Relationship": "Outer",
                                                                    "Parallel Aware": false,
                                                                    "Join Type": "Inner",
                                                                    "Startup Cost": 0.56,
                                                                    "Total Cost": 260640.15,
                                                                    "Plan Rows": 530,
                                                                    "Plan Width": 35,
                                                                    "Actual Startup Time": 136.322,
                                                                    "Actual Total Time": 531.988,
                                                                    "Actual Rows": 1638,
                                                                    "Actual Loops": 4,
                                                                    "Inner Unique": false,
                                                                    "Plans": [
                                                                      {
                                                                        "Node Type": "Seq Scan",
                                                                        "Parent Relationship": "Outer",
                                                                        "Parallel Aware": true,
                                                                        "Relation Name": "name",
                                                                        "Alias": "n",
                                                                        "Startup Cost": 0.0,
                                                                        "Total Cost": 71240.66,
                                                                        "Plan Rows": 2419,
                                                                        "Plan Width": 19,
                                                                        "Actual Startup Time": 134.217,
                                                                        "Actual Total Time": 290.892,
                                                                        "Actual Rows": 12503,
                                                                        "Actual Loops": 4,
                                                                        "Filter": "((name ~~ '%An%'::text) AND ((gender)::text = 'f'::text))",
                                                                        "Rows Removed by Filter": 1029370
                                                                      },
                                                                      {
                                                                        "Node Type": "Index Scan",
                                                                        "Parent Relationship": "Inner",
                                                                        "Parallel Aware": false,
                                                                        "Scan Direction": "Forward",
                                                                        "Index Name": "person_id_cast_info",
                                                                        "Relation Name": "cast_info",
                                                                        "Alias": "ci",
                                                                        "Startup Cost": 0.56,
                                                                        "Total Cost": 78.17,
                                                                        "Plan Rows": 13,
                                                                        "Plan Width": 16,
                                                                        "Actual Startup Time": 0.018,
                                                                        "Actual Total Time": 0.019,
                                                                        "Actual Rows": 0,
                                                                        "Actual Loops": 50011,
                                                                        "Index Cond": "(person_id = n.id)",
                                                                        "Rows Removed by Index Recheck": 0,
                                                                        "Filter": "(note = ANY ('{(voice),\"(voice: Japanese version)\",\"(voice) (uncredited)\",\"(voice: English version)\"}'::text[]))",
                                                                        "Rows Removed by Filter": 9
                                                                      }
                                                                    ]
                                                                  }
                                                                ]
                                                              }
                                                            ]
                                                          }
                                                        ]
                                                      }
                                                    ]
                                                  }
                                                ]
                                              }
                                            ]
                                          }
                                        ]
                                      },
                                      {
                                        "Node Type": "Index Scan",
                                        "Parent Relationship": "Inner",
                                        "Parallel Aware": false,
                                        "Scan Direction": "Forward",
                                        "Index Name": "role_type_pkey",
                                        "Relation Name": "role_type",
                                        "Alias": "rt",
                                        "Startup Cost": 0.14,
                                        "Total Cost": 0.16,
                                        "Plan Rows": 1,
                                        "Plan Width": 4,
                                        "Actual Startup Time": 0.0,
                                        "Actual Total Time": 0.0,
                                        "Actual Rows": 0,
                                        "Actual Loops": 0,
                                        "Index Cond": "(id = ci.role_id)",
                                        "Rows Removed by Index Recheck": 0,
                                        "Filter": "((role)::text = 'actress'::text)",
                                        "Rows Removed by Filter": 0
                                      }
                                    ]
                                  },
                                  {
                                    "Node Type": "Index Scan",
                                    "Parent Relationship": "Inner",
                                    "Parallel Aware": false,
                                    "Scan Direction": "Forward",
                                    "Index Name": "char_name_pkey",
                                    "Relation Name": "char_name",
                                    "Alias": "chn",
                                    "Startup Cost": 0.43,
                                    "Total Cost": 0.66,
                                    "Plan Rows": 1,
                                    "Plan Width": 20,
                                    "Actual Startup Time": 0.0,
                                    "Actual Total Time": 0.0,
                                    "Actual Rows": 0,
                                    "Actual Loops": 0,
                                    "Index Cond": "(id = ci.person_role_id)",
                                    "Rows Removed by Index Recheck": 0
                                  }
                                ]
                              },
                              {
                                "Node Type": "Index Scan",
                                "Parent Relationship": "Inner",
                                "Parallel Aware": false,
                                "Scan Direction": "Forward",
                                "Index Name": "movie_id_movie_companies",
                                "Relation Name": "movie_companies",
                                "Alias": "mc",
                                "Startup Cost": 0.43,
                                "Total Cost": 0.54,
                                "Plan Rows": 5,
                                "Plan Width": 8,
                                "Actual Startup Time": 0.0,
                                "Actual Total Time": 0.0,
                                "Actual Rows": 0,
                                "Actual Loops": 0,
                                "Index Cond": "(movie_id = mk.movie_id)",
                                "Rows Removed by Index Recheck": 0
                              }
                            ]
                          },
                          {
                            "Node Type": "Index Scan",
                            "Parent Relationship": "Inner",
                            "Parallel Aware": false,
                            "Scan Direction": "Forward",
                            "Index Name": "movie_id_movie_info",
                            "Relation Name": "movie_info",
                            "Alias": "mi",
                            "Startup Cost": 0.43,
                            "Total Cost": 1.55,
                            "Plan Rows": 1,
                            "Plan Width": 8,
                            "Actual Startup Time": 0.0,
                            "Actual Total Time": 0.0,
                            "Actual Rows": 0,
                            "Actual Loops": 0,
                            "Index Cond": "(movie_id = mk.movie_id)",
                            "Rows Removed by Index Recheck": 0,
                            "Filter": "((info IS NOT NULL) AND ((info ~~ 'Japan:%201%'::text) OR (info ~~ 'USA:%201%'::text)))",
                            "Rows Removed by Filter": 0
                          }
                        ]
                      }
                    ]
                  }
                ]
              }
            ]
          }
        ]
      }
    ]
  },
  "Planning Time": 79.102,
  "Triggers": [],
  "Execution Time": 819.813
}