[
    {
        "Bao": {
            "Bao prediction": "NaN",
            "Bao recommended hint": "(no hint)"
        }
    },
    {
        "Plan": {
            "Node Type": "Aggregate",
            "Strategy": "Plain",
            "Partial Mode": "Finalize",
            "Parallel Aware": false,
            "Startup Cost": 383736.4,
            "Total Cost": 383736.41,
            "Plan Rows": 1,
            "Plan Width": 8,
            "Actual Startup Time": 994.987,
            "Actual Total Time": 1027.612,
            "Actual Rows": 1,
            "Actual Loops": 1,
            "Output": [
                "count(*)"
            ],
            "Plans": [
                {
                    "Node Type": "Gather",
                    "Parent Relationship": "Outer",
                    "Parallel Aware": false,
                    "Startup Cost": 383735.77,
                    "Total Cost": 383736.38,
                    "Plan Rows": 6,
                    "Plan Width": 8,
                    "Actual Startup Time": 992.638,
                    "Actual Total Time": 1027.602,
                    "Actual Rows": 7,
                    "Actual Loops": 1,
                    "Output": [
                        "(PARTIAL count(*))"
                    ],
                    "Workers Planned": 6,
                    "Workers Launched": 6,
                    "Single Copy": false,
                    "Plans": [
                        {
                            "Node Type": "Aggregate",
                            "Strategy": "Plain",
                            "Partial Mode": "Partial",
                            "Parent Relationship": "Outer",
                            "Parallel Aware": false,
                            "Startup Cost": 382735.77,
                            "Total Cost": 382735.78,
                            "Plan Rows": 1,
                            "Plan Width": 8,
                            "Actual Startup Time": 982.895,
                            "Actual Total Time": 982.897,
                            "Actual Rows": 1,
                            "Actual Loops": 7,
                            "Output": [
                                "PARTIAL count(*)"
                            ],
                            "Workers": [
                                {
                                    "Worker Number": 0,
                                    "Actual Startup Time": 980.608,
                                    "Actual Total Time": 980.611,
                                    "Actual Rows": 1,
                                    "Actual Loops": 1
                                },
                                {
                                    "Worker Number": 1,
                                    "Actual Startup Time": 981.031,
                                    "Actual Total Time": 981.033,
                                    "Actual Rows": 1,
                                    "Actual Loops": 1
                                },
                                {
                                    "Worker Number": 2,
                                    "Actual Startup Time": 981.023,
                                    "Actual Total Time": 981.026,
                                    "Actual Rows": 1,
                                    "Actual Loops": 1
                                },
                                {
                                    "Worker Number": 3,
                                    "Actual Startup Time": 981.015,
                                    "Actual Total Time": 981.017,
                                    "Actual Rows": 1,
                                    "Actual Loops": 1
                                },
                                {
                                    "Worker Number": 4,
                                    "Actual Startup Time": 982.157,
                                    "Actual Total Time": 982.159,
                                    "Actual Rows": 1,
                                    "Actual Loops": 1
                                },
                                {
                                    "Worker Number": 5,
                                    "Actual Startup Time": 982.194,
                                    "Actual Total Time": 982.196,
                                    "Actual Rows": 1,
                                    "Actual Loops": 1
                                }
                            ],
                            "Plans": [
                                {
                                    "Node Type": "Hash Join",
                                    "Parent Relationship": "Outer",
                                    "Parallel Aware": true,
                                    "Join Type": "Inner",
                                    "Startup Cost": 46627.28,
                                    "Total Cost": 381776.03,
                                    "Plan Rows": 383895,
                                    "Plan Width": 0,
                                    "Actual Startup Time": 290.684,
                                    "Actual Total Time": 974.445,
                                    "Actual Rows": 148160,
                                    "Actual Loops": 7,
                                    "Inner Unique": true,
                                    "Hash Cond": "(ci.movie_id = t.id)",
                                    "Workers": [
                                        {
                                            "Worker Number": 0,
                                            "Actual Startup Time": 288.375,
                                            "Actual Total Time": 971.894,
                                            "Actual Rows": 110335,
                                            "Actual Loops": 1
                                        },
                                        {
                                            "Worker Number": 1,
                                            "Actual Startup Time": 288.838,
                                            "Actual Total Time": 972.874,
                                            "Actual Rows": 165574,
                                            "Actual Loops": 1
                                        },
                                        {
                                            "Worker Number": 2,
                                            "Actual Startup Time": 288.779,
                                            "Actual Total Time": 972.142,
                                            "Actual Rows": 112779,
                                            "Actual Loops": 1
                                        },
                                        {
                                            "Worker Number": 3,
                                            "Actual Startup Time": 288.809,
                                            "Actual Total Time": 972.409,
                                            "Actual Rows": 107064,
                                            "Actual Loops": 1
                                        },
                                        {
                                            "Worker Number": 4,
                                            "Actual Startup Time": 289.907,
                                            "Actual Total Time": 974.068,
                                            "Actual Rows": 166751,
                                            "Actual Loops": 1
                                        },
                                        {
                                            "Worker Number": 5,
                                            "Actual Startup Time": 290.096,
                                            "Actual Total Time": 973.961,
                                            "Actual Rows": 170157,
                                            "Actual Loops": 1
                                        }
                                    ],
                                    "Plans": [
                                        {
                                            "Node Type": "Seq Scan",
                                            "Parent Relationship": "Outer",
                                            "Parallel Aware": true,
                                            "Relation Name": "cast_info",
                                            "Schema": "public",
                                            "Alias": "ci",
                                            "Startup Cost": 0.0,
                                            "Total Cost": 328213.62,
                                            "Plan Rows": 2641952,
                                            "Plan Width": 4,
                                            "Actual Startup Time": 202.353,
                                            "Actual Total Time": 559.457,
                                            "Actual Rows": 2274773,
                                            "Actual Loops": 7,
                                            "Output": [
                                                "ci.id",
                                                "ci.person_id",
                                                "ci.movie_id",
                                                "ci.person_role_id",
                                                "ci.note",
                                                "ci.nr_order",
                                                "ci.role_id"
                                            ],
                                            "Filter": "(ci.person_id > 2042232)",
                                            "Rows Removed by Filter": 2902991,
                                            "Workers": [
                                                {
                                                    "Worker Number": 0,
                                                    "Actual Startup Time": 202.325,
                                                    "Actual Total Time": 568.927,
                                                    "Actual Rows": 1687928,
                                                    "Actual Loops": 1
                                                },
                                                {
                                                    "Worker Number": 1,
                                                    "Actual Startup Time": 202.362,
                                                    "Actual Total Time": 561.792,
                                                    "Actual Rows": 2526486,
                                                    "Actual Loops": 1
                                                },
                                                {
                                                    "Worker Number": 2,
                                                    "Actual Startup Time": 202.325,
                                                    "Actual Total Time": 570.203,
                                                    "Actual Rows": 1689604,
                                                    "Actual Loops": 1
                                                },
                                                {
                                                    "Worker Number": 3,
                                                    "Actual Startup Time": 202.302,
                                                    "Actual Total Time": 568.898,
                                                    "Actual Rows": 1661516,
                                                    "Actual Loops": 1
                                                },
                                                {
                                                    "Worker Number": 4,
                                                    "Actual Startup Time": 202.328,
                                                    "Actual Total Time": 558.059,
                                                    "Actual Rows": 2620513,
                                                    "Actual Loops": 1
                                                },
                                                {
                                                    "Worker Number": 5,
                                                    "Actual Startup Time": 202.341,
                                                    "Actual Total Time": 555.867,
                                                    "Actual Rows": 2598225,
                                                    "Actual Loops": 1
                                                }
                                            ]
                                        },
                                        {
                                            "Node Type": "Hash",
                                            "Parent Relationship": "Inner",
                                            "Parallel Aware": true,
                                            "Startup Cost": 45479.21,
                                            "Total Cost": 45479.21,
                                            "Plan Rows": 91846,
                                            "Plan Width": 4,
                                            "Actual Startup Time": 86.46,
                                            "Actual Total Time": 86.461,
                                            "Actual Rows": 36252,
                                            "Actual Loops": 7,
                                            "Output": [
                                                "t.id"
                                            ],
                                            "Hash Buckets": 524288,
                                            "Original Hash Buckets": 524288,
                                            "Hash Batches": 1,
                                            "Original Hash Batches": 1,
                                            "Peak Memory Usage": 14144,
                                            "Workers": [
                                                {
                                                    "Worker Number": 0,
                                                    "Actual Startup Time": 85.119,
                                                    "Actual Total Time": 85.12,
                                                    "Actual Rows": 26333,
                                                    "Actual Loops": 1
                                                },
                                                {
                                                    "Worker Number": 1,
                                                    "Actual Startup Time": 85.485,
                                                    "Actual Total Time": 85.485,
                                                    "Actual Rows": 33545,
                                                    "Actual Loops": 1
                                                },
                                                {
                                                    "Worker Number": 2,
                                                    "Actual Startup Time": 85.498,
                                                    "Actual Total Time": 85.499,
                                                    "Actual Rows": 26044,
                                                    "Actual Loops": 1
                                                },
                                                {
                                                    "Worker Number": 3,
                                                    "Actual Startup Time": 85.429,
                                                    "Actual Total Time": 85.43,
                                                    "Actual Rows": 25739,
                                                    "Actual Loops": 1
                                                },
                                                {
                                                    "Worker Number": 4,
                                                    "Actual Startup Time": 86.451,
                                                    "Actual Total Time": 86.451,
                                                    "Actual Rows": 33539,
                                                    "Actual Loops": 1
                                                },
                                                {
                                                    "Worker Number": 5,
                                                    "Actual Startup Time": 86.66,
                                                    "Actual Total Time": 86.661,
                                                    "Actual Rows": 33420,
                                                    "Actual Loops": 1
                                                }
                                            ],
                                            "Plans": [
                                                {
                                                    "Node Type": "Seq Scan",
                                                    "Parent Relationship": "Outer",
                                                    "Parallel Aware": true,
                                                    "Relation Name": "title",
                                                    "Schema": "public",
                                                    "Alias": "t",
                                                    "Startup Cost": 0.0,
                                                    "Total Cost": 45479.21,
                                                    "Plan Rows": 91846,
                                                    "Plan Width": 4,
                                                    "Actual Startup Time": 0.048,
                                                    "Actual Total Time": 71.7,
                                                    "Actual Rows": 36252,
                                                    "Actual Loops": 7,
                                                    "Output": [
                                                        "t.id"
                                                    ],
                                                    "Filter": "((t.production_year < 1986) AND (t.kind_id = 7))",
                                                    "Rows Removed by Filter": 324935,
                                                    "Workers": [
                                                        {
                                                            "Worker Number": 0,
                                                            "Actual Startup Time": 0.046,
                                                            "Actual Total Time": 72.074,
                                                            "Actual Rows": 26333,
                                                            "Actual Loops": 1
                                                        },
                                                        {
                                                            "Worker Number": 1,
                                                            "Actual Startup Time": 0.053,
                                                            "Actual Total Time": 70.392,
                                                            "Actual Rows": 33545,
                                                            "Actual Loops": 1
                                                        },
                                                        {
                                                            "Worker Number": 2,
                                                            "Actual Startup Time": 0.051,
                                                            "Actual Total Time": 71.951,
                                                            "Actual Rows": 26044,
                                                            "Actual Loops": 1
                                                        },
                                                        {
                                                            "Worker Number": 3,
                                                            "Actual Startup Time": 0.089,
                                                            "Actual Total Time": 72.028,
                                                            "Actual Rows": 25739,
                                                            "Actual Loops": 1
                                                        },
                                                        {
                                                            "Worker Number": 4,
                                                            "Actual Startup Time": 0.044,
                                                            "Actual Total Time": 71.917,
                                                            "Actual Rows": 33539,
                                                            "Actual Loops": 1
                                                        },
                                                        {
                                                            "Worker Number": 5,
                                                            "Actual Startup Time": 0.04,
                                                            "Actual Total Time": 72.956,
                                                            "Actual Rows": 33420,
                                                            "Actual Loops": 1
                                                        }
                                                    ]
                                                }
                                            ]
                                        }
                                    ]
                                }
                            ]
                        }
                    ]
                }
            ]
        },
        "Planning Time": 182.938,
        "Triggers": [],
        "Execution Time": 1027.678
    }
]