[
  {
    "Plan": {
      "Node Type": "Aggregate",
      "Strategy": "Plain",
      "Partial Mode": "Finalize",
      "Parallel Aware": false,
      "Startup Cost": 395488.31,
      "Total Cost": 395488.32,
      "Plan Rows": 1,
      "Plan Width": 8,
      "Actual Startup Time": 997.476,
      "Actual Total Time": 1065.363,
      "Actual Rows": 1,
      "Actual Loops": 1,
      "Plans": [
        {
          "Node Type": "Gather",
          "Parent Relationship": "Outer",
          "Parallel Aware": false,
          "Startup Cost": 395487.68,
          "Total Cost": 395488.29,
          "Plan Rows": 6,
          "Plan Width": 8,
          "Actual Startup Time": 993.028,
          "Actual Total Time": 1065.352,
          "Actual Rows": 7,
          "Actual Loops": 1,
          "Workers Planned": 6,
          "Workers Launched": 6,
          "Single Copy": false,
          "Plans": [
            {
              "Node Type": "Aggregate",
              "Strategy": "Plain",
              "Partial Mode": "Partial",
              "Parent Relationship": "Outer",
              "Parallel Aware": false,
              "Startup Cost": 394487.68,
              "Total Cost": 394487.69,
              "Plan Rows": 1,
              "Plan Width": 8,
              "Actual Startup Time": 980.434,
              "Actual Total Time": 980.437,
              "Actual Rows": 1,
              "Actual Loops": 7,
              "Plans": [
                {
                  "Node Type": "Hash Join",
                  "Parent Relationship": "Outer",
                  "Parallel Aware": true,
                  "Join Type": "Inner",
                  "Startup Cost": 47675.17,
                  "Total Cost": 393743.49,
                  "Plan Rows": 297677,
                  "Plan Width": 0,
                  "Actual Startup Time": 536.681,
                  "Actual Total Time": 970.107,
                  "Actual Rows": 203125,
                  "Actual Loops": 7,
                  "Inner Unique": true,
                  "Hash Cond": "(ci.movie_id = t.id)",
                  "Plans": [
                    {
                      "Node Type": "Seq Scan",
                      "Parent Relationship": "Outer",
                      "Parallel Aware": true,
                      "Relation Name": "cast_info",
                      "Alias": "ci",
                      "Startup Cost": 0.0,
                      "Total Cost": 343257.03,
                      "Plan Rows": 1070966,
                      "Plan Width": 4,
                      "Actual Startup Time": 390.565,
                      "Actual Total Time": 645.314,
                      "Actual Rows": 601170,
                      "Actual Loops": 7,
                      "Filter": "((person_id > 2941498) AND (role_id < 10))",
                      "Rows Removed by Filter": 4576594
                    },
                    {
                      "Node Type": "Hash",
                      "Parent Relationship": "Inner",
                      "Parallel Aware": true,
                      "Startup Cost": 45479.1,
                      "Total Cost": 45479.1,
                      "Plan Rows": 175686,
                      "Plan Width": 4,
                      "Actual Startup Time": 142.482,
                      "Actual Total Time": 142.483,
                      "Actual Rows": 107133,
                      "Actual Loops": 7,
                      "Hash Buckets": 1048576,
                      "Original Hash Buckets": 1048576,
                      "Hash Batches": 1,
                      "Original Hash Batches": 1,
                      "Peak Memory Usage": 37664,
                      "Plans": [
                        {
                          "Node Type": "Seq Scan",
                          "Parent Relationship": "Outer",
                          "Parallel Aware": true,
                          "Relation Name": "title",
                          "Alias": "t",
                          "Startup Cost": 0.0,
                          "Total Cost": 45479.1,
                          "Plan Rows": 175686,
                          "Plan Width": 4,
                          "Actual Startup Time": 0.045,
                          "Actual Total Time": 84.791,
                          "Actual Rows": 107133,
                          "Actual Loops": 7,
                          "Filter": "((kind_id < 7) AND (production_year < 2009))",
                          "Rows Removed by Filter": 254054
                        }
                      ]
                    }
                  ]
                }
              ]
            }
          ]
        }
      ]
    },
    "Planning Time": 0.614,
    "Triggers": [],
    "Execution Time": 1065.45
  }
]