{
  "Plan": {
    "Node Type": "Aggregate",
    "Strategy": "Plain",
    "Partial Mode": "Finalize",
    "Parallel Aware": false,
    "Startup Cost": 136076.03,
    "Total Cost": 136076.04,
    "Plan Rows": 1,
    "Plan Width": 8,
    "Actual Startup Time": 728.218,
    "Actual Total Time": 751.896,
    "Actual Rows": 1,
    "Actual Loops": 1,
    "Plans": [
      {
        "Node Type": "Gather",
        "Parent Relationship": "Outer",
        "Parallel Aware": false,
        "Startup Cost": 136075.92,
        "Total Cost": 136076.03,
        "Plan Rows": 1,
        "Plan Width": 8,
        "Actual Startup Time": 727.705,
        "Actual Total Time": 751.886,
        "Actual Rows": 2,
        "Actual Loops": 1,
        "Workers Planned": 1,
        "Workers Launched": 1,
        "Single Copy": false,
        "Plans": [
          {
            "Node Type": "Aggregate",
            "Strategy": "Plain",
            "Partial Mode": "Partial",
            "Parent Relationship": "Outer",
            "Parallel Aware": false,
            "Startup Cost": 135075.92,
            "Total Cost": 135075.93,
            "Plan Rows": 1,
            "Plan Width": 8,
            "Actual Startup Time": 723.537,
            "Actual Total Time": 723.539,
            "Actual Rows": 1,
            "Actual Loops": 2,
            "Plans": [
              {
                "Node Type": "Merge Join",
                "Parent Relationship": "Outer",
                "Parallel Aware": false,
                "Join Type": "Inner",
                "Startup Cost": 30844.84,
                "Total Cost": 134992.68,
                "Plan Rows": 33296,
                "Plan Width": 0,
                "Actual Startup Time": 67.059,
                "Actual Total Time": 722.024,
                "Actual Rows": 25849,
                "Actual Loops": 2,
                "Inner Unique": false,
                "Merge Cond": "(t.id = mk.movie_id)",
                "Plans": [
                  {
                    "Node Type": "Index Only Scan",
                    "Parent Relationship": "Outer",
                    "Parallel Aware": true,
                    "Scan Direction": "Forward",
                    "Index Name": "title_pkey",
                    "Relation Name": "title",
                    "Alias": "t",
                    "Startup Cost": 0.43,
                    "Total Cost": 99929.35,
                    "Plan Rows": 1487231,
                    "Plan Width": 4,
                    "Actual Startup Time": 0.084,
                    "Actual Total Time": 585.577,
                    "Actual Rows": 1262894,
                    "Actual Loops": 2,
                    "Heap Fetches": 2525787
                  },
                  {
                    "Node Type": "Sort",
                    "Parent Relationship": "Inner",
                    "Parallel Aware": false,
                    "Startup Cost": 30833.05,
                    "Total Cost": 30974.56,
                    "Plan Rows": 56603,
                    "Plan Width": 4,
                    "Actual Startup Time": 66.806,
                    "Actual Total Time": 70.178,
                    "Actual Rows": 51698,
                    "Actual Loops": 2,
                    "Sort Key": [
                      "mk.movie_id"
                    ],
                    "Sort Method": "quicksort",
                    "Sort Space Used": 3960,
                    "Sort Space Type": "Memory",
                    "Workers": [
                      {
                        "Worker Number": 0,
                        "Sort Method": "quicksort",
                        "Sort Space Used": 3960,
                        "Sort Space Type": "Memory"
                      }
                    ],
                    "Plans": [
                      {
                        "Node Type": "Bitmap Heap Scan",
                        "Parent Relationship": "Outer",
                        "Parallel Aware": false,
                        "Relation Name": "movie_keyword",
                        "Alias": "mk",
                        "Startup Cost": 1203.11,
                        "Total Cost": 26364.64,
                        "Plan Rows": 56603,
                        "Plan Width": 4,
                        "Actual Startup Time": 15.878,
                        "Actual Total Time": 54.672,
                        "Actual Rows": 51698,
                        "Actual Loops": 2,
                        "Recheck Cond": "(keyword_id < 52)",
                        "Rows Removed by Index Recheck": 0,
                        "Exact Heap Blocks": 15396,
                        "Lossy Heap Blocks": 0,
                        "Plans": [
                          {
                            "Node Type": "Bitmap Index Scan",
                            "Parent Relationship": "Outer",
                            "Parallel Aware": false,
                            "Index Name": "keyword_id_movie_keyword",
                            "Startup Cost": 0.0,
                            "Total Cost": 1188.95,
                            "Plan Rows": 56603,
                            "Plan Width": 0,
                            "Actual Startup Time": 10.982,
                            "Actual Total Time": 10.983,
                            "Actual Rows": 51698,
                            "Actual Loops": 2,
                            "Index Cond": "(keyword_id < 52)"
                          }
                        ]
                      }
                    ]
                  }
                ]
              }
            ]
          }
        ]
      }
    ]
  },
  "Planning Time": 0.514,
  "Triggers": [],
  "Execution Time": 751.994
}