[
  {
    "Plan": {
      "Node Type": "Aggregate",
      "Strategy": "Plain",
      "Partial Mode": "Finalize",
      "Parallel Aware": false,
      "Startup Cost": 62399.01,
      "Total Cost": 62399.02,
      "Plan Rows": 1,
      "Plan Width": 8,
      "Actual Startup Time": 218.897,
      "Actual Total Time": 235.29,
      "Actual Rows": 1,
      "Actual Loops": 1,
      "Plans": [
        {
          "Node Type": "Gather",
          "Parent Relationship": "Outer",
          "Parallel Aware": false,
          "Startup Cost": 62398.79,
          "Total Cost": 62399.0,
          "Plan Rows": 2,
          "Plan Width": 8,
          "Actual Startup Time": 217.842,
          "Actual Total Time": 235.281,
          "Actual Rows": 3,
          "Actual Loops": 1,
          "Workers Planned": 2,
          "Workers Launched": 2,
          "Single Copy": false,
          "Plans": [
            {
              "Node Type": "Aggregate",
              "Strategy": "Plain",
              "Partial Mode": "Partial",
              "Parent Relationship": "Outer",
              "Parallel Aware": false,
              "Startup Cost": 61398.79,
              "Total Cost": 61398.8,
              "Plan Rows": 1,
              "Plan Width": 8,
              "Actual Startup Time": 214.591,
              "Actual Total Time": 214.594,
              "Actual Rows": 1,
              "Actual Loops": 3,
              "Plans": [
                {
                  "Node Type": "Hash Join",
                  "Parent Relationship": "Outer",
                  "Parallel Aware": true,
                  "Join Type": "Inner",
                  "Startup Cost": 46092.69,
                  "Total Cost": 61287.25,
                  "Plan Rows": 44618,
                  "Plan Width": 0,
                  "Actual Startup Time": 126.227,
                  "Actual Total Time": 213.995,
                  "Actual Rows": 12640,
                  "Actual Loops": 3,
                  "Inner Unique": true,
                  "Hash Cond": "(mi_idx.movie_id = t.id)",
                  "Plans": [
                    {
                      "Node Type": "Seq Scan",
                      "Parent Relationship": "Outer",
                      "Parallel Aware": true,
                      "Relation Name": "movie_info_idx",
                      "Alias": "mi_idx",
                      "Startup Cost": 0.0,
                      "Total Cost": 13685.15,
                      "Plan Rows": 575015,
                      "Plan Width": 4,
                      "Actual Startup Time": 0.012,
                      "Actual Total Time": 41.539,
                      "Actual Rows": 460012,
                      "Actual Loops": 3
                    },
                    {
                      "Node Type": "Hash",
                      "Parent Relationship": "Inner",
                      "Parallel Aware": true,
                      "Startup Cost": 45479.59,
                      "Total Cost": 45479.59,
                      "Plan Rows": 49048,
                      "Plan Width": 4,
                      "Actual Startup Time": 124.141,
                      "Actual Total Time": 124.142,
                      "Actual Rows": 34718,
                      "Actual Loops": 3,
                      "Hash Buckets": 262144,
                      "Original Hash Buckets": 262144,
                      "Hash Batches": 1,
                      "Original Hash Batches": 1,
                      "Peak Memory Usage": 6176,
                      "Plans": [
                        {
                          "Node Type": "Seq Scan",
                          "Parent Relationship": "Outer",
                          "Parallel Aware": true,
                          "Relation Name": "title",
                          "Alias": "t",
                          "Startup Cost": 0.0,
                          "Total Cost": 45479.59,
                          "Plan Rows": 49048,
                          "Plan Width": 4,
                          "Actual Startup Time": 0.024,
                          "Actual Total Time": 111.735,
                          "Actual Rows": 34718,
                          "Actual Loops": 3,
                          "Filter": "((production_year < 1968) AND (kind_id = 7))",
                          "Rows Removed by Filter": 808053
                        }
                      ]
                    }
                  ]
                }
              ]
            }
          ]
        }
      ]
    },
    "Planning Time": 0.267,
    "Triggers": [],
    "Execution Time": 235.328
  }
]