[
  {
    "Plan": {
      "Node Type": "Aggregate",
      "Strategy": "Plain",
      "Partial Mode": "Finalize",
      "Parallel Aware": false,
      "Startup Cost": 76336.91,
      "Total Cost": 76336.92,
      "Plan Rows": 1,
      "Plan Width": 8,
      "Actual Startup Time": 251.408,
      "Actual Total Time": 269.391,
      "Actual Rows": 1,
      "Actual Loops": 1,
      "Plans": [
        {
          "Node Type": "Gather",
          "Parent Relationship": "Outer",
          "Parallel Aware": false,
          "Startup Cost": 76336.59,
          "Total Cost": 76336.9,
          "Plan Rows": 3,
          "Plan Width": 8,
          "Actual Startup Time": 250.697,
          "Actual Total Time": 269.381,
          "Actual Rows": 4,
          "Actual Loops": 1,
          "Workers Planned": 3,
          "Workers Launched": 3,
          "Single Copy": false,
          "Plans": [
            {
              "Node Type": "Aggregate",
              "Strategy": "Plain",
              "Partial Mode": "Partial",
              "Parent Relationship": "Outer",
              "Parallel Aware": false,
              "Startup Cost": 75336.59,
              "Total Cost": 75336.6,
              "Plan Rows": 1,
              "Plan Width": 8,
              "Actual Startup Time": 243.348,
              "Actual Total Time": 243.351,
              "Actual Rows": 1,
              "Actual Loops": 4,
              "Plans": [
                {
                  "Node Type": "Hash Join",
                  "Parent Relationship": "Outer",
                  "Parallel Aware": true,
                  "Join Type": "Inner",
                  "Startup Cost": 45827.94,
                  "Total Cost": 75243.83,
                  "Plan Rows": 37107,
                  "Plan Width": 0,
                  "Actual Startup Time": 111.217,
                  "Actual Total Time": 242.581,
                  "Actual Rows": 15976,
                  "Actual Loops": 4,
                  "Inner Unique": true,
                  "Hash Cond": "(mc.movie_id = t.id)",
                  "Plans": [
                    {
                      "Node Type": "Seq Scan",
                      "Parent Relationship": "Outer",
                      "Parallel Aware": true,
                      "Relation Name": "movie_companies",
                      "Alias": "mc",
                      "Startup Cost": 0.0,
                      "Total Cost": 27206.55,
                      "Plan Rows": 841655,
                      "Plan Width": 4,
                      "Actual Startup Time": 0.021,
                      "Actual Total Time": 56.778,
                      "Actual Rows": 652282,
                      "Actual Loops": 4
                    },
                    {
                      "Node Type": "Hash",
                      "Parent Relationship": "Inner",
                      "Parallel Aware": true,
                      "Startup Cost": 45479.59,
                      "Total Cost": 45479.59,
                      "Plan Rows": 27868,
                      "Plan Width": 4,
                      "Actual Startup Time": 109.151,
                      "Actual Total Time": 109.152,
                      "Actual Rows": 29313,
                      "Actual Loops": 4,
                      "Hash Buckets": 131072,
                      "Original Hash Buckets": 131072,
                      "Hash Batches": 1,
                      "Original Hash Batches": 1,
                      "Peak Memory Usage": 5664,
                      "Plans": [
                        {
                          "Node Type": "Seq Scan",
                          "Parent Relationship": "Outer",
                          "Parallel Aware": true,
                          "Relation Name": "title",
                          "Alias": "t",
                          "Startup Cost": 0.0,
                          "Total Cost": 45479.59,
                          "Plan Rows": 27868,
                          "Plan Width": 4,
                          "Actual Startup Time": 0.047,
                          "Actual Total Time": 97.495,
                          "Actual Rows": 29313,
                          "Actual Loops": 4,
                          "Filter": "((kind_id > 2) AND (production_year = 2011))",
                          "Rows Removed by Filter": 602765
                        }
                      ]
                    }
                  ]
                }
              ]
            }
          ]
        }
      ]
    },
    "Planning Time": 0.656,
    "Triggers": [],
    "Execution Time": 269.462
  }
]