[
  {
    "Plan": {
      "Node Type": "Aggregate",
      "Strategy": "Plain",
      "Partial Mode": "Finalize",
      "Parallel Aware": false,
      "Startup Cost": 68047.09,
      "Total Cost": 68047.1,
      "Plan Rows": 1,
      "Plan Width": 8,
      "Actual Startup Time": 133.793,
      "Actual Total Time": 147.676,
      "Actual Rows": 1,
      "Actual Loops": 1,
      "Plans": [
        {
          "Node Type": "Gather",
          "Parent Relationship": "Outer",
          "Parallel Aware": false,
          "Startup Cost": 68046.77,
          "Total Cost": 68047.08,
          "Plan Rows": 3,
          "Plan Width": 8,
          "Actual Startup Time": 133.519,
          "Actual Total Time": 147.668,
          "Actual Rows": 4,
          "Actual Loops": 1,
          "Workers Planned": 3,
          "Workers Launched": 3,
          "Single Copy": false,
          "Plans": [
            {
              "Node Type": "Aggregate",
              "Strategy": "Plain",
              "Partial Mode": "Partial",
              "Parent Relationship": "Outer",
              "Parallel Aware": false,
              "Startup Cost": 67046.77,
              "Total Cost": 67046.78,
              "Plan Rows": 1,
              "Plan Width": 8,
              "Actual Startup Time": 126.142,
              "Actual Total Time": 126.146,
              "Actual Rows": 1,
              "Actual Loops": 4,
              "Plans": [
                {
                  "Node Type": "Nested Loop",
                  "Parent Relationship": "Outer",
                  "Parallel Aware": false,
                  "Join Type": "Inner",
                  "Startup Cost": 45447.21,
                  "Total Cost": 67045.43,
                  "Plan Rows": 538,
                  "Plan Width": 0,
                  "Actual Startup Time": 109.729,
                  "Actual Total Time": 126.036,
                  "Actual Rows": 1000,
                  "Actual Loops": 4,
                  "Inner Unique": false,
                  "Join Filter": "(t.id = mi.movie_id)",
                  "Rows Removed by Join Filter": 0,
                  "Plans": [
                    {
                      "Node Type": "Hash Join",
                      "Parent Relationship": "Outer",
                      "Parallel Aware": true,
                      "Join Type": "Inner",
                      "Startup Cost": 45446.78,
                      "Total Cost": 64569.59,
                      "Plan Rows": 185,
                      "Plan Width": 8,
                      "Actual Startup Time": 109.611,
                      "Actual Total Time": 117.832,
                      "Actual Rows": 122,
                      "Actual Loops": 4,
                      "Inner Unique": true,
                      "Hash Cond": "(mc.movie_id = t.id)",
                      "Plans": [
                        {
                          "Node Type": "Bitmap Heap Scan",
                          "Parent Relationship": "Outer",
                          "Parallel Aware": true,
                          "Relation Name": "movie_companies",
                          "Alias": "mc",
                          "Startup Cost": 1481.08,
                          "Total Cost": 20546.13,
                          "Plan Rows": 22004,
                          "Plan Width": 4,
                          "Actual Startup Time": 3.434,
                          "Actual Total Time": 8.855,
                          "Actual Rows": 16812,
                          "Actual Loops": 4,
                          "Recheck Cond": "(company_id > 178517)",
                          "Rows Removed by Index Recheck": 0,
                          "Exact Heap Blocks": 1075,
                          "Lossy Heap Blocks": 0,
                          "Plans": [
                            {
                              "Node Type": "Bitmap Index Scan",
                              "Parent Relationship": "Outer",
                              "Parallel Aware": false,
                              "Index Name": "company_id_movie_companies",
                              "Startup Cost": 0.0,
                              "Total Cost": 1464.03,
                              "Plan Rows": 68213,
                              "Plan Width": 0,
                              "Actual Startup Time": 3.136,
                              "Actual Total Time": 3.137,
                              "Actual Rows": 67248,
                              "Actual Loops": 1,
                              "Index Cond": "(company_id > 178517)"
                            }
                          ]
                        },
                        {
                          "Node Type": "Hash",
                          "Parent Relationship": "Inner",
                          "Parallel Aware": true,
                          "Startup Cost": 43899.32,
                          "Total Cost": 43899.32,
                          "Plan Rows": 5310,
                          "Plan Width": 4,
                          "Actual Startup Time": 104.955,
                          "Actual Total Time": 104.956,
                          "Actual Rows": 4965,
                          "Actual Loops": 4,
                          "Hash Buckets": 32768,
                          "Original Hash Buckets": 32768,
                          "Hash Batches": 1,
                          "Original Hash Batches": 1,
                          "Peak Memory Usage": 1088,
                          "Plans": [
                            {
                              "Node Type": "Seq Scan",
                              "Parent Relationship": "Outer",
                              "Parallel Aware": true,
                              "Relation Name": "title",
                              "Alias": "t",
                              "Startup Cost": 0.0,
                              "Total Cost": 43899.32,
                              "Plan Rows": 5310,
                              "Plan Width": 4,
                              "Actual Startup Time": 0.115,
                              "Actual Total Time": 101.693,
                              "Actual Rows": 4965,
                              "Actual Loops": 4,
                              "Filter": "(production_year = 1988)",
                              "Rows Removed by Filter": 627113
                            }
                          ]
                        }
                      ]
                    },
                    {
                      "Node Type": "Index Scan",
                      "Parent Relationship": "Inner",
                      "Parallel Aware": false,
                      "Scan Direction": "Forward",
                      "Index Name": "movie_id_movie_info",
                      "Relation Name": "movie_info",
                      "Alias": "mi",
                      "Startup Cost": 0.43,
                      "Total Cost": 13.13,
                      "Plan Rows": 20,
                      "Plan Width": 4,
                      "Actual Startup Time": 0.023,
                      "Actual Total Time": 0.066,
                      "Actual Rows": 8,
                      "Actual Loops": 486,
                      "Index Cond": "(movie_id = mc.movie_id)",
                      "Rows Removed by Index Recheck": 0,
                      "Filter": "(info_type_id < 8)",
                      "Rows Removed by Filter": 12
                    }
                  ]
                }
              ]
            }
          ]
        }
      ]
    },
    "Planning Time": 1.148,
    "Triggers": [],
    "Execution Time": 147.761
  }
]