[
  {
    "Plan": {
      "Node Type": "Aggregate",
      "Strategy": "Plain",
      "Partial Mode": "Finalize",
      "Parallel Aware": false,
      "Startup Cost": 47094.14,
      "Total Cost": 47094.15,
      "Plan Rows": 1,
      "Plan Width": 8,
      "Actual Startup Time": 186.198,
      "Actual Total Time": 195.945,
      "Actual Rows": 1,
      "Actual Loops": 1,
      "Plans": [
        {
          "Node Type": "Gather",
          "Parent Relationship": "Outer",
          "Parallel Aware": false,
          "Startup Cost": 47093.82,
          "Total Cost": 47094.13,
          "Plan Rows": 3,
          "Plan Width": 8,
          "Actual Startup Time": 186.089,
          "Actual Total Time": 195.936,
          "Actual Rows": 4,
          "Actual Loops": 1,
          "Workers Planned": 3,
          "Workers Launched": 3,
          "Single Copy": false,
          "Plans": [
            {
              "Node Type": "Aggregate",
              "Strategy": "Plain",
              "Partial Mode": "Partial",
              "Parent Relationship": "Outer",
              "Parallel Aware": false,
              "Startup Cost": 46093.82,
              "Total Cost": 46093.83,
              "Plan Rows": 1,
              "Plan Width": 8,
              "Actual Startup Time": 179.665,
              "Actual Total Time": 179.666,
              "Actual Rows": 1,
              "Actual Loops": 4,
              "Plans": [
                {
                  "Node Type": "Seq Scan",
                  "Parent Relationship": "Outer",
                  "Parallel Aware": true,
                  "Relation Name": "movie_keyword",
                  "Alias": "mk",
                  "Startup Cost": 0.0,
                  "Total Cost": 42695.65,
                  "Plan Rows": 1359266,
                  "Plan Width": 0,
                  "Actual Startup Time": 0.051,
                  "Actual Total Time": 130.306,
                  "Actual Rows": 1055020,
                  "Actual Loops": 4,
                  "Filter": "(keyword_id < 53292)",
                  "Rows Removed by Filter": 75962
                }
              ]
            }
          ]
        }
      ]
    },
    "Planning Time": 0.152,
    "Triggers": [],
    "Execution Time": 195.993
  }
]