{
    "Plan": {
        "Node Type": "Aggregate",
        "Strategy": "Plain",
        "Partial Mode": "Simple",
        "Parallel Aware": false,
        "Startup Cost": 50000981663.51,
        "Total Cost": 50000981663.52,
        "Plan Rows": 1,
        "Plan Width": 64,
        "Actual Startup Time": 9350.887,
        "Actual Total Time": 9351.165,
        "Actual Rows": 1,
        "Actual Loops": 1,
        "Output": [
            "min(n.name)",
            "min(t.title)"
        ],
        "Plans": [
            {
                "Node Type": "Nested Loop",
                "Parent Relationship": "Outer",
                "Parallel Aware": false,
                "Join Type": "Inner",
                "Startup Cost": 50000977153.64,
                "Total Cost": 50000981663.5,
                "Plan Rows": 1,
                "Plan Width": 32,
                "Actual Startup Time": 9315.172,
                "Actual Total Time": 9350.594,
                "Actual Rows": 1288,
                "Actual Loops": 1,
                "Output": [
                    "n.name",
                    "t.title"
                ],
                "Inner Unique": true,
                "Plans": [
                    {
                        "Node Type": "Hash Join",
                        "Parent Relationship": "Outer",
                        "Parallel Aware": false,
                        "Join Type": "Inner",
                        "Startup Cost": 40000977153.19,
                        "Total Cost": 40000981659.03,
                        "Plan Rows": 1,
                        "Plan Width": 36,
                        "Actual Startup Time": 9315.019,
                        "Actual Total Time": 9340.486,
                        "Actual Rows": 1306,
                        "Actual Loops": 1,
                        "Output": [
                            "ci.person_role_id",
                            "n.name",
                            "t.title"
                        ],
                        "Inner Unique": false,
                        "Hash Cond": "(ci.role_id = rt.id)",
                        "Plans": [
                            {
                                "Node Type": "Merge Join",
                                "Parent Relationship": "Outer",
                                "Parallel Aware": false,
                                "Join Type": "Inner",
                                "Startup Cost": 30000977152.03,
                                "Total Cost": 30000981657.86,
                                "Plan Rows": 1,
                                "Plan Width": 40,
                                "Actual Startup Time": 9314.969,
                                "Actual Total Time": 9339.948,
                                "Actual Rows": 1309,
                                "Actual Loops": 1,
                                "Output": [
                                    "ci.role_id",
                                    "ci.person_role_id",
                                    "n.name",
                                    "t.title"
                                ],
                                "Inner Unique": false,
                                "Merge Cond": "(n.id = an.person_id)",
                                "Plans": [
                                    {
                                        "Node Type": "Sort",
                                        "Parent Relationship": "Outer",
                                        "Parallel Aware": false,
                                        "Startup Cost": 30000867591.59,
                                        "Total Cost": 30000867591.59,
                                        "Plan Rows": 1,
                                        "Plan Width": 48,
                                        "Actual Startup Time": 8787.294,
                                        "Actual Total Time": 8787.674,
                                        "Actual Rows": 688,
                                        "Actual Loops": 1,
                                        "Output": [
                                            "ci.person_id",
                                            "ci.role_id",
                                            "ci.person_role_id",
                                            "n.name",
                                            "n.id",
                                            "t.title"
                                        ],
                                        "Sort Key": [
                                            "ci.person_id"
                                        ],
                                        "Sort Method": "quicksort",
                                        "Sort Space Used": 79,
                                        "Sort Space Type": "Memory",
                                        "Plans": [
                                            {
                                                "Node Type": "Merge Join",
                                                "Parent Relationship": "Outer",
                                                "Parallel Aware": false,
                                                "Join Type": "Inner",
                                                "Startup Cost": 30000867066.06,
                                                "Total Cost": 30000867591.58,
                                                "Plan Rows": 1,
                                                "Plan Width": 48,
                                                "Actual Startup Time": 8680.576,
                                                "Actual Total Time": 8787.358,
                                                "Actual Rows": 688,
                                                "Actual Loops": 1,
                                                "Output": [
                                                    "ci.person_id",
                                                    "ci.role_id",
                                                    "ci.person_role_id",
                                                    "n.name",
                                                    "n.id",
                                                    "t.title"
                                                ],
                                                "Inner Unique": false,
                                                "Merge Cond": "(mc.movie_id = t.id)",
                                                "Plans": [
                                                    {
                                                        "Node Type": "Sort",
                                                        "Parent Relationship": "Outer",
                                                        "Parallel Aware": false,
                                                        "Startup Cost": 10000109062.15,
                                                        "Total Cost": 10000109324.9,
                                                        "Plan Rows": 105099,
                                                        "Plan Width": 4,
                                                        "Actual Startup Time": 742.559,
                                                        "Actual Total Time": 807.474,
                                                        "Actual Rows": 511137,
                                                        "Actual Loops": 1,
                                                        "Output": [
                                                            "mc.movie_id"
                                                        ],
                                                        "Sort Key": [
                                                            "mc.movie_id"
                                                        ],
                                                        "Sort Method": "quicksort",
                                                        "Sort Space Used": 49987,
                                                        "Sort Space Type": "Memory",
                                                        "Plans": [
                                                            {
                                                                "Node Type": "Merge Join",
                                                                "Parent Relationship": "Outer",
                                                                "Parallel Aware": false,
                                                                "Join Type": "Inner",
                                                                "Startup Cost": 10000097395.01,
                                                                "Total Cost": 10000100296.17,
                                                                "Plan Rows": 105099,
                                                                "Plan Width": 4,
                                                                "Actual Startup Time": 491.975,
                                                                "Actual Total Time": 631.541,
                                                                "Actual Rows": 542096,
                                                                "Actual Loops": 1,
                                                                "Output": [
                                                                    "mc.movie_id"
                                                                ],
                                                                "Inner Unique": false,
                                                                "Merge Cond": "(cn.id = mc.company_id)",
                                                                "Plans": [
                                                                    {
                                                                        "Node Type": "Sort",
                                                                        "Parent Relationship": "Outer",
                                                                        "Parallel Aware": false,
                                                                        "Startup Cost": 12829.66,
                                                                        "Total Cost": 13040.41,
                                                                        "Plan Rows": 84301,
                                                                        "Plan Width": 4,
                                                                        "Actual Startup Time": 49.01,
                                                                        "Actual Total Time": 57.716,
                                                                        "Actual Rows": 84448,
                                                                        "Actual Loops": 1,
                                                                        "Output": [
                                                                            "cn.id"
                                                                        ],
                                                                        "Sort Key": [
                                                                            "cn.id"
                                                                        ],
                                                                        "Sort Method": "quicksort",
                                                                        "Sort Space Used": 7050,
                                                                        "Sort Space Type": "Memory",
                                                                        "Plans": [
                                                                            {
                                                                                "Node Type": "Seq Scan",
                                                                                "Parent Relationship": "Outer",
                                                                                "Parallel Aware": false,
                                                                                "Relation Name": "company_name",
                                                                                "Schema": "public",
                                                                                "Alias": "cn",
                                                                                "Startup Cost": 0.0,
                                                                                "Total Cost": 5932.46,
                                                                                "Plan Rows": 84301,
                                                                                "Plan Width": 4,
                                                                                "Actual Startup Time": 0.013,
                                                                                "Actual Total Time": 30.522,
                                                                                "Actual Rows": 84843,
                                                                                "Actual Loops": 1,
                                                                                "Output": [
                                                                                    "cn.id"
                                                                                ],
                                                                                "Filter": "((cn.country_code)::text = '[us]'::text)",
                                                                                "Rows Removed by Filter": 150154
                                                                            }
                                                                        ]
                                                                    },
                                                                    {
                                                                        "Node Type": "Sort",
                                                                        "Parent Relationship": "Inner",
                                                                        "Parallel Aware": false,
                                                                        "Startup Cost": 10000084529.48,
                                                                        "Total Cost": 10000085261.91,
                                                                        "Plan Rows": 292973,
                                                                        "Plan Width": 8,
                                                                        "Actual Startup Time": 442.955,
                                                                        "Actual Total Time": 510.866,
                                                                        "Actual Rows": 590994,
                                                                        "Actual Loops": 1,
                                                                        "Output": [
                                                                            "mc.movie_id",
                                                                            "mc.company_id"
                                                                        ],
                                                                        "Sort Key": [
                                                                            "mc.company_id"
                                                                        ],
                                                                        "Sort Method": "quicksort",
                                                                        "Sort Space Used": 52279,
                                                                        "Sort Space Type": "Memory",
                                                                        "Plans": [
                                                                            {
                                                                                "Node Type": "Seq Scan",
                                                                                "Parent Relationship": "Outer",
                                                                                "Parallel Aware": false,
                                                                                "Relation Name": "movie_companies",
                                                                                "Schema": "public",
                                                                                "Alias": "mc",
                                                                                "Startup Cost": 10000000000.0,
                                                                                "Total Cost": 10000057926.93,
                                                                                "Plan Rows": 292973,
                                                                                "Plan Width": 8,
                                                                                "Actual Startup Time": 0.016,
                                                                                "Actual Total Time": 355.505,
                                                                                "Actual Rows": 590994,
                                                                                "Actual Loops": 1,
                                                                                "Output": [
                                                                                    "mc.movie_id",
                                                                                    "mc.company_id"
                                                                                ],
                                                                                "Filter": "((mc.note IS NOT NULL) AND ((mc.note ~~ '%(USA)%'::text) OR (mc.note ~~ '%(worldwide)%'::text)))",
                                                                                "Rows Removed by Filter": 2018135
                                                                            }
                                                                        ]
                                                                    }
                                                                ]
                                                            }
                                                        ]
                                                    },
                                                    {
                                                        "Node Type": "Sort",
                                                        "Parent Relationship": "Inner",
                                                        "Parallel Aware": false,
                                                        "Startup Cost": 20000758003.91,
                                                        "Total Cost": 20000758003.92,
                                                        "Plan Rows": 1,
                                                        "Plan Width": 60,
                                                        "Actual Startup Time": 7934.641,
                                                        "Actual Total Time": 7934.974,
                                                        "Actual Rows": 1033,
                                                        "Actual Loops": 1,
                                                        "Output": [
                                                            "ci.movie_id",
                                                            "ci.person_id",
                                                            "ci.role_id",
                                                            "ci.person_role_id",
                                                            "mi.movie_id",
                                                            "n.name",
                                                            "n.id",
                                                            "t.title",
                                                            "t.id"
                                                        ],
                                                        "Sort Key": [
                                                            "ci.movie_id"
                                                        ],
                                                        "Sort Method": "quicksort",
                                                        "Sort Space Used": 168,
                                                        "Sort Space Type": "Memory",
                                                        "Plans": [
                                                            {
                                                                "Node Type": "Merge Join",
                                                                "Parent Relationship": "Outer",
                                                                "Parallel Aware": false,
                                                                "Join Type": "Inner",
                                                                "Startup Cost": 20000758003.83,
                                                                "Total Cost": 20000758003.9,
                                                                "Plan Rows": 1,
                                                                "Plan Width": 60,
                                                                "Actual Startup Time": 7933.652,
                                                                "Actual Total Time": 7934.343,
                                                                "Actual Rows": 1018,
                                                                "Actual Loops": 1,
                                                                "Output": [
                                                                    "ci.movie_id",
                                                                    "ci.person_id",
                                                                    "ci.role_id",
                                                                    "ci.person_role_id",
                                                                    "mi.movie_id",
                                                                    "n.name",
                                                                    "n.id",
                                                                    "t.title",
                                                                    "t.id"
                                                                ],
                                                                "Inner Unique": false,
                                                                "Merge Cond": "(mi.info_type_id = it.id)",
                                                                "Plans": [
                                                                    {
                                                                        "Node Type": "Sort",
                                                                        "Parent Relationship": "Outer",
                                                                        "Parallel Aware": false,
                                                                        "Startup Cost": 20000758001.41,
                                                                        "Total Cost": 20000758001.44,
                                                                        "Plan Rows": 10,
                                                                        "Plan Width": 64,
                                                                        "Actual Startup Time": 7933.552,
                                                                        "Actual Total Time": 7933.88,
                                                                        "Actual Rows": 1018,
                                                                        "Actual Loops": 1,
                                                                        "Output": [
                                                                            "ci.movie_id",
                                                                            "ci.person_id",
                                                                            "ci.role_id",
                                                                            "ci.person_role_id",
                                                                            "mi.movie_id",
                                                                            "mi.info_type_id",
                                                                            "n.name",
                                                                            "n.id",
                                                                            "t.title",
                                                                            "t.id"
                                                                        ],
                                                                        "Sort Key": [
                                                                            "mi.info_type_id"
                                                                        ],
                                                                        "Sort Method": "quicksort",
                                                                        "Sort Space Used": 168,
                                                                        "Sort Space Type": "Memory",
                                                                        "Plans": [
                                                                            {
                                                                                "Node Type": "Gather Merge",
                                                                                "Parent Relationship": "Outer",
                                                                                "Parallel Aware": false,
                                                                                "Startup Cost": 20000564910.04,
                                                                                "Total Cost": 20000758001.24,
                                                                                "Plan Rows": 10,
                                                                                "Plan Width": 64,
                                                                                "Actual Startup Time": 5392.374,
                                                                                "Actual Total Time": 7933.516,
                                                                                "Actual Rows": 1018,
                                                                                "Actual Loops": 1,
                                                                                "Output": [
                                                                                    "ci.movie_id",
                                                                                    "ci.person_id",
                                                                                    "ci.role_id",
                                                                                    "ci.person_role_id",
                                                                                    "mi.movie_id",
                                                                                    "mi.info_type_id",
                                                                                    "n.name",
                                                                                    "n.id",
                                                                                    "t.title",
                                                                                    "t.id"
                                                                                ],
                                                                                "Workers Planned": 5,
                                                                                "Workers Launched": 5,
                                                                                "Plans": [
                                                                                    {
                                                                                        "Node Type": "Merge Join",
                                                                                        "Parent Relationship": "Outer",
                                                                                        "Parallel Aware": false,
                                                                                        "Join Type": "Inner",
                                                                                        "Startup Cost": 20000563909.96,
                                                                                        "Total Cost": 20000756999.96,
                                                                                        "Plan Rows": 2,
                                                                                        "Plan Width": 64,
                                                                                        "Actual Startup Time": 5043.014,
                                                                                        "Actual Total Time": 6848.975,
                                                                                        "Actual Rows": 170,
                                                                                        "Actual Loops": 6,
                                                                                        "Output": [
                                                                                            "ci.movie_id",
                                                                                            "ci.person_id",
                                                                                            "ci.role_id",
                                                                                            "ci.person_role_id",
                                                                                            "mi.movie_id",
                                                                                            "mi.info_type_id",
                                                                                            "n.name",
                                                                                            "n.id",
                                                                                            "t.title",
                                                                                            "t.id"
                                                                                        ],
                                                                                        "Inner Unique": true,
                                                                                        "Merge Cond": "(ci.person_id = n.id)",
                                                                                        "Workers": [
                                                                                            {
                                                                                                "Worker Number": 0,
                                                                                                "Actual Startup Time": 4941.617,
                                                                                                "Actual Total Time": 6914.277,
                                                                                                "Actual Rows": 132,
                                                                                                "Actual Loops": 1
                                                                                            },
                                                                                            {
                                                                                                "Worker Number": 1,
                                                                                                "Actual Startup Time": 4880.305,
                                                                                                "Actual Total Time": 6919.071,
                                                                                                "Actual Rows": 117,
                                                                                                "Actual Loops": 1
                                                                                            },
                                                                                            {
                                                                                                "Worker Number": 2,
                                                                                                "Actual Startup Time": 5212.459,
                                                                                                "Actual Total Time": 6919.193,
                                                                                                "Actual Rows": 187,
                                                                                                "Actual Loops": 1
                                                                                            },
                                                                                            {
                                                                                                "Worker Number": 3,
                                                                                                "Actual Startup Time": 4884.939,
                                                                                                "Actual Total Time": 6916.762,
                                                                                                "Actual Rows": 84,
                                                                                                "Actual Loops": 1
                                                                                            },
                                                                                            {
                                                                                                "Worker Number": 4,
                                                                                                "Actual Startup Time": 4946.907,
                                                                                                "Actual Total Time": 6919.673,
                                                                                                "Actual Rows": 172,
                                                                                                "Actual Loops": 1
                                                                                            }
                                                                                        ],
                                                                                        "Plans": [
                                                                                            {
                                                                                                "Node Type": "Sort",
                                                                                                "Parent Relationship": "Outer",
                                                                                                "Parallel Aware": false,
                                                                                                "Startup Cost": 20000563909.53,
                                                                                                "Total Cost": 20000564124.56,
                                                                                                "Plan Rows": 86011,
                                                                                                "Plan Width": 45,
                                                                                                "Actual Startup Time": 4100.03,
                                                                                                "Actual Total Time": 4116.461,
                                                                                                "Actual Rows": 88449,
                                                                                                "Actual Loops": 6,
                                                                                                "Output": [
                                                                                                    "ci.movie_id",
                                                                                                    "ci.person_id",
                                                                                                    "ci.role_id",
                                                                                                    "ci.person_role_id",
                                                                                                    "mi.movie_id",
                                                                                                    "mi.info_type_id",
                                                                                                    "t.title",
                                                                                                    "t.id"
                                                                                                ],
                                                                                                "Sort Key": [
                                                                                                    "ci.person_id"
                                                                                                ],
                                                                                                "Sort Method": "quicksort",
                                                                                                "Sort Space Used": 25856,
                                                                                                "Sort Space Type": "Memory",
                                                                                                "Workers": [
                                                                                                    {
                                                                                                        "Worker Number": 0,
                                                                                                        "Actual Startup Time": 3779.329,
                                                                                                        "Actual Total Time": 3793.421,
                                                                                                        "Actual Rows": 75882,
                                                                                                        "Actual Loops": 1
                                                                                                    },
                                                                                                    {
                                                                                                        "Worker Number": 1,
                                                                                                        "Actual Startup Time": 4120.401,
                                                                                                        "Actual Total Time": 4134.833,
                                                                                                        "Actual Rows": 74038,
                                                                                                        "Actual Loops": 1
                                                                                                    },
                                                                                                    {
                                                                                                        "Worker Number": 2,
                                                                                                        "Actual Startup Time": 4482.252,
                                                                                                        "Actual Total Time": 4497.993,
                                                                                                        "Actual Rows": 82615,
                                                                                                        "Actual Loops": 1
                                                                                                    },
                                                                                                    {
                                                                                                        "Worker Number": 3,
                                                                                                        "Actual Startup Time": 3770.158,
                                                                                                        "Actual Total Time": 3783.918,
                                                                                                        "Actual Rows": 80296,
                                                                                                        "Actual Loops": 1
                                                                                                    },
                                                                                                    {
                                                                                                        "Worker Number": 4,
                                                                                                        "Actual Startup Time": 3765.425,
                                                                                                        "Actual Total Time": 3777.583,
                                                                                                        "Actual Rows": 72942,
                                                                                                        "Actual Loops": 1
                                                                                                    }
                                                                                                ],
                                                                                                "Plans": [
                                                                                                    {
                                                                                                        "Node Type": "Nested Loop",
                                                                                                        "Parent Relationship": "Outer",
                                                                                                        "Parallel Aware": false,
                                                                                                        "Join Type": "Inner",
                                                                                                        "Startup Cost": 20000368139.03,
                                                                                                        "Total Cost": 20000556859.97,
                                                                                                        "Plan Rows": 86011,
                                                                                                        "Plan Width": 45,
                                                                                                        "Actual Startup Time": 1449.73,
                                                                                                        "Actual Total Time": 4024.341,
                                                                                                        "Actual Rows": 128322,
                                                                                                        "Actual Loops": 6,
                                                                                                        "Output": [
                                                                                                            "ci.movie_id",
                                                                                                            "ci.person_id",
                                                                                                            "ci.role_id",
                                                                                                            "ci.person_role_id",
                                                                                                            "mi.movie_id",
                                                                                                            "mi.info_type_id",
                                                                                                            "t.title",
                                                                                                            "t.id"
                                                                                                        ],
                                                                                                        "Inner Unique": false,
                                                                                                        "Workers": [
                                                                                                            {
                                                                                                                "Worker Number": 0,
                                                                                                                "Actual Startup Time": 1519.162,
                                                                                                                "Actual Total Time": 3711.008,
                                                                                                                "Actual Rows": 110011,
                                                                                                                "Actual Loops": 1
                                                                                                            },
                                                                                                            {
                                                                                                                "Worker Number": 1,
                                                                                                                "Actual Startup Time": 1548.545,
                                                                                                                "Actual Total Time": 4046.2,
                                                                                                                "Actual Rows": 107276,
                                                                                                                "Actual Loops": 1
                                                                                                            },
                                                                                                            {
                                                                                                                "Worker Number": 2,
                                                                                                                "Actual Startup Time": 1524.361,
                                                                                                                "Actual Total Time": 4390.082,
                                                                                                                "Actual Rows": 119364,
                                                                                                                "Actual Loops": 1
                                                                                                            },
                                                                                                            {
                                                                                                                "Worker Number": 3,
                                                                                                                "Actual Startup Time": 1496.576,
                                                                                                                "Actual Total Time": 3701.002,
                                                                                                                "Actual Rows": 114601,
                                                                                                                "Actual Loops": 1
                                                                                                            },
                                                                                                            {
                                                                                                                "Worker Number": 4,
                                                                                                                "Actual Startup Time": 1521.74,
                                                                                                                "Actual Total Time": 3698.076,
                                                                                                                "Actual Rows": 110246,
                                                                                                                "Actual Loops": 1
                                                                                                            }
                                                                                                        ],
                                                                                                        "Plans": [
                                                                                                            {
                                                                                                                "Node Type": "Merge Join",
                                                                                                                "Parent Relationship": "Outer",
                                                                                                                "Parallel Aware": false,
                                                                                                                "Join Type": "Inner",
                                                                                                                "Startup Cost": 10000368137.54,
                                                                                                                "Total Cost": 10000372983.06,
                                                                                                                "Plan Rows": 29746,
                                                                                                                "Plan Width": 29,
                                                                                                                "Actual Startup Time": 1449.467,
                                                                                                                "Actual Total Time": 1721.826,
                                                                                                                "Actual Rows": 64288,
                                                                                                                "Actual Loops": 6,
                                                                                                                "Output": [
                                                                                                                    "mi.movie_id",
                                                                                                                    "mi.info_type_id",
                                                                                                                    "t.title",
                                                                                                                    "t.id"
                                                                                                                ],
                                                                                                                "Inner Unique": false,
                                                                                                                "Merge Cond": "(mi.movie_id = t.id)",
                                                                                                                "Workers": [
                                                                                                                    {
                                                                                                                        "Worker Number": 0,
                                                                                                                        "Actual Startup Time": 1519.046,
                                                                                                                        "Actual Total Time": 1768.288,
                                                                                                                        "Actual Rows": 55520,
                                                                                                                        "Actual Loops": 1
                                                                                                                    },
                                                                                                                    {
                                                                                                                        "Worker Number": 1,
                                                                                                                        "Actual Startup Time": 1548.196,
                                                                                                                        "Actual Total Time": 1843.024,
                                                                                                                        "Actual Rows": 55779,
                                                                                                                        "Actual Loops": 1
                                                                                                                    },
                                                                                                                    {
                                                                                                                        "Worker Number": 2,
                                                                                                                        "Actual Startup Time": 1524.173,
                                                                                                                        "Actual Total Time": 1831.266,
                                                                                                                        "Actual Rows": 57335,
                                                                                                                        "Actual Loops": 1
                                                                                                                    },
                                                                                                                    {
                                                                                                                        "Worker Number": 3,
                                                                                                                        "Actual Startup Time": 1496.174,
                                                                                                                        "Actual Total Time": 1743.353,
                                                                                                                        "Actual Rows": 56305,
                                                                                                                        "Actual Loops": 1
                                                                                                                    },
                                                                                                                    {
                                                                                                                        "Worker Number": 4,
                                                                                                                        "Actual Startup Time": 1521.405,
                                                                                                                        "Actual Total Time": 1768.127,
                                                                                                                        "Actual Rows": 57925,
                                                                                                                        "Actual Loops": 1
                                                                                                                    }
                                                                                                                ],
                                                                                                                "Plans": [
                                                                                                                    {
                                                                                                                        "Node Type": "Sort",
                                                                                                                        "Parent Relationship": "Outer",
                                                                                                                        "Parallel Aware": false,
                                                                                                                        "Startup Cost": 213833.61,
                                                                                                                        "Total Cost": 214063.34,
                                                                                                                        "Plan Rows": 91891,
                                                                                                                        "Plan Width": 8,
                                                                                                                        "Actual Startup Time": 560.28,
                                                                                                                        "Actual Total Time": 573.011,
                                                                                                                        "Actual Rows": 75184,
                                                                                                                        "Actual Loops": 6,
                                                                                                                        "Output": [
                                                                                                                            "mi.movie_id",
                                                                                                                            "mi.info_type_id"
                                                                                                                        ],
                                                                                                                        "Sort Key": [
                                                                                                                            "mi.movie_id"
                                                                                                                        ],
                                                                                                                        "Sort Method": "quicksort",
                                                                                                                        "Sort Space Used": 8712,
                                                                                                                        "Sort Space Type": "Memory",
                                                                                                                        "Workers": [
                                                                                                                            {
                                                                                                                                "Worker Number": 0,
                                                                                                                                "Actual Startup Time": 553.738,
                                                                                                                                "Actual Total Time": 563.723,
                                                                                                                                "Actual Rows": 65182,
                                                                                                                                "Actual Loops": 1
                                                                                                                            },
                                                                                                                            {
                                                                                                                                "Worker Number": 1,
                                                                                                                                "Actual Startup Time": 558.904,
                                                                                                                                "Actual Total Time": 570.29,
                                                                                                                                "Actual Rows": 65734,
                                                                                                                                "Actual Loops": 1
                                                                                                                            },
                                                                                                                            {
                                                                                                                                "Worker Number": 2,
                                                                                                                                "Actual Startup Time": 559.227,
                                                                                                                                "Actual Total Time": 573.231,
                                                                                                                                "Actual Rows": 66553,
                                                                                                                                "Actual Loops": 1
                                                                                                                            },
                                                                                                                            {
                                                                                                                                "Worker Number": 3,
                                                                                                                                "Actual Startup Time": 556.456,
                                                                                                                                "Actual Total Time": 566.269,
                                                                                                                                "Actual Rows": 65591,
                                                                                                                                "Actual Loops": 1
                                                                                                                            },
                                                                                                                            {
                                                                                                                                "Worker Number": 4,
                                                                                                                                "Actual Startup Time": 559.574,
                                                                                                                                "Actual Total Time": 570.362,
                                                                                                                                "Actual Rows": 67731,
                                                                                                                                "Actual Loops": 1
                                                                                                                            }
                                                                                                                        ],
                                                                                                                        "Plans": [
                                                                                                                            {
                                                                                                                                "Node Type": "Seq Scan",
                                                                                                                                "Parent Relationship": "Outer",
                                                                                                                                "Parallel Aware": true,
                                                                                                                                "Relation Name": "movie_info",
                                                                                                                                "Schema": "public",
                                                                                                                                "Alias": "mi",
                                                                                                                                "Startup Cost": 0.0,
                                                                                                                                "Total Cost": 206258.29,
                                                                                                                                "Plan Rows": 91891,
                                                                                                                                "Plan Width": 8,
                                                                                                                                "Actual Startup Time": 69.692,
                                                                                                                                "Actual Total Time": 533.056,
                                                                                                                                "Actual Rows": 75184,
                                                                                                                                "Actual Loops": 6,
                                                                                                                                "Output": [
                                                                                                                                    "mi.movie_id",
                                                                                                                                    "mi.info_type_id"
                                                                                                                                ],
                                                                                                                                "Filter": "((mi.info IS NOT NULL) AND ((mi.info ~~ 'Japan:%200%'::text) OR (mi.info ~~ 'USA:%200%'::text)))",
                                                                                                                                "Rows Removed by Filter": 2397436,
                                                                                                                                "Workers": [
                                                                                                                                    {
                                                                                                                                        "Worker Number": 0,
                                                                                                                                        "Actual Startup Time": 62.552,
                                                                                                                                        "Actual Total Time": 524.713,
                                                                                                                                        "Actual Rows": 65182,
                                                                                                                                        "Actual Loops": 1
                                                                                                                                    },
                                                                                                                                    {
                                                                                                                                        "Worker Number": 1,
                                                                                                                                        "Actual Startup Time": 66.084,
                                                                                                                                        "Actual Total Time": 530.56,
                                                                                                                                        "Actual Rows": 65734,
                                                                                                                                        "Actual Loops": 1
                                                                                                                                    },
                                                                                                                                    {
                                                                                                                                        "Worker Number": 2,
                                                                                                                                        "Actual Startup Time": 72.373,
                                                                                                                                        "Actual Total Time": 530.94,
                                                                                                                                        "Actual Rows": 66553,
                                                                                                                                        "Actual Loops": 1
                                                                                                                                    },
                                                                                                                                    {
                                                                                                                                        "Worker Number": 3,
                                                                                                                                        "Actual Startup Time": 70.765,
                                                                                                                                        "Actual Total Time": 527.229,
                                                                                                                                        "Actual Rows": 65591,
                                                                                                                                        "Actual Loops": 1
                                                                                                                                    },
                                                                                                                                    {
                                                                                                                                        "Worker Number": 4,
                                                                                                                                        "Actual Startup Time": 69.748,
                                                                                                                                        "Actual Total Time": 533.128,
                                                                                                                                        "Actual Rows": 67731,
                                                                                                                                        "Actual Loops": 1
                                                                                                                                    }
                                                                                                                                ]
                                                                                                                            }
                                                                                                                        ]
                                                                                                                    },
                                                                                                                    {
                                                                                                                        "Node Type": "Sort",
                                                                                                                        "Parent Relationship": "Inner",
                                                                                                                        "Parallel Aware": false,
                                                                                                                        "Startup Cost": 10000154303.52,
                                                                                                                        "Total Cost": 10000156349.61,
                                                                                                                        "Plan Rows": 818436,
                                                                                                                        "Plan Width": 21,
                                                                                                                        "Actual Startup Time": 889.128,
                                                                                                                        "Actual Total Time": 1027.434,
                                                                                                                        "Actual Rows": 832027,
                                                                                                                        "Actual Loops": 6,
                                                                                                                        "Output": [
                                                                                                                            "t.title",
                                                                                                                            "t.id"
                                                                                                                        ],
                                                                                                                        "Sort Key": [
                                                                                                                            "t.id"
                                                                                                                        ],
                                                                                                                        "Sort Method": "quicksort",
                                                                                                                        "Sort Space Used": 81824,
                                                                                                                        "Sort Space Type": "Memory",
                                                                                                                        "Workers": [
                                                                                                                            {
                                                                                                                                "Worker Number": 0,
                                                                                                                                "Actual Startup Time": 965.244,
                                                                                                                                "Actual Total Time": 1093.833,
                                                                                                                                "Actual Rows": 830644,
                                                                                                                                "Actual Loops": 1
                                                                                                                            },
                                                                                                                            {
                                                                                                                                "Worker Number": 1,
                                                                                                                                "Actual Startup Time": 989.143,
                                                                                                                                "Actual Total Time": 1142.743,
                                                                                                                                "Actual Rows": 830271,
                                                                                                                                "Actual Loops": 1
                                                                                                                            },
                                                                                                                            {
                                                                                                                                "Worker Number": 2,
                                                                                                                                "Actual Startup Time": 964.926,
                                                                                                                                "Actual Total Time": 1116.078,
                                                                                                                                "Actual Rows": 831213,
                                                                                                                                "Actual Loops": 1
                                                                                                                            },
                                                                                                                            {
                                                                                                                                "Worker Number": 3,
                                                                                                                                "Actual Startup Time": 939.621,
                                                                                                                                "Actual Total Time": 1067.584,
                                                                                                                                "Actual Rows": 830915,
                                                                                                                                "Actual Loops": 1
                                                                                                                            },
                                                                                                                            {
                                                                                                                                "Worker Number": 4,
                                                                                                                                "Actual Startup Time": 961.823,
                                                                                                                                "Actual Total Time": 1088.436,
                                                                                                                                "Actual Rows": 830864,
                                                                                                                                "Actual Loops": 1
                                                                                                                            }
                                                                                                                        ],
                                                                                                                        "Plans": [
                                                                                                                            {
                                                                                                                                "Node Type": "Seq Scan",
                                                                                                                                "Parent Relationship": "Outer",
                                                                                                                                "Parallel Aware": false,
                                                                                                                                "Relation Name": "title",
                                                                                                                                "Schema": "public",
                                                                                                                                "Alias": "t",
                                                                                                                                "Startup Cost": 10000000000.0,
                                                                                                                                "Total Cost": 10000073922.83,
                                                                                                                                "Plan Rows": 818436,
                                                                                                                                "Plan Width": 21,
                                                                                                                                "Actual Startup Time": 0.083,
                                                                                                                                "Actual Total Time": 411.928,
                                                                                                                                "Actual Rows": 822965,
                                                                                                                                "Actual Loops": 6,
                                                                                                                                "Output": [
                                                                                                                                    "t.title",
                                                                                                                                    "t.id"
                                                                                                                                ],
                                                                                                                                "Filter": "((t.production_year >= 1999) AND (t.production_year <= 2008))",
                                                                                                                                "Rows Removed by Filter": 1705347,
                                                                                                                                "Workers": [
                                                                                                                                    {
                                                                                                                                        "Worker Number": 0,
                                                                                                                                        "Actual Startup Time": 0.113,
                                                                                                                                        "Actual Total Time": 433.241,
                                                                                                                                        "Actual Rows": 822965,
                                                                                                                                        "Actual Loops": 1
                                                                                                                                    },
                                                                                                                                    {
                                                                                                                                        "Worker Number": 1,
                                                                                                                                        "Actual Startup Time": 0.14,
                                                                                                                                        "Actual Total Time": 449.256,
                                                                                                                                        "Actual Rows": 822965,
                                                                                                                                        "Actual Loops": 1
                                                                                                                                    },
                                                                                                                                    {
                                                                                                                                        "Worker Number": 2,
                                                                                                                                        "Actual Startup Time": 0.055,
                                                                                                                                        "Actual Total Time": 430.744,
                                                                                                                                        "Actual Rows": 822965,
                                                                                                                                        "Actual Loops": 1
                                                                                                                                    },
                                                                                                                                    {
                                                                                                                                        "Worker Number": 3,
                                                                                                                                        "Actual Startup Time": 0.087,
                                                                                                                                        "Actual Total Time": 431.61,
                                                                                                                                        "Actual Rows": 822965,
                                                                                                                                        "Actual Loops": 1
                                                                                                                                    },
                                                                                                                                    {
                                                                                                                                        "Worker Number": 4,
                                                                                                                                        "Actual Startup Time": 0.087,
                                                                                                                                        "Actual Total Time": 431.606,
                                                                                                                                        "Actual Rows": 822965,
                                                                                                                                        "Actual Loops": 1
                                                                                                                                    }
                                                                                                                                ]
                                                                                                                            }
                                                                                                                        ]
                                                                                                                    }
                                                                                                                ]
                                                                                                            },
                                                                                                            {
                                                                                                                "Node Type": "Bitmap Heap Scan",
                                                                                                                "Parent Relationship": "Inner",
                                                                                                                "Parallel Aware": false,
                                                                                                                "Relation Name": "cast_info",
                                                                                                                "Schema": "public",
                                                                                                                "Alias": "ci",
                                                                                                                "Startup Cost": 1.49,
                                                                                                                "Total Cost": 6.15,
                                                                                                                "Plan Rows": 3,
                                                                                                                "Plan Width": 16,
                                                                                                                "Actual Startup Time": 0.023,
                                                                                                                "Actual Total Time": 0.034,
                                                                                                                "Actual Rows": 2,
                                                                                                                "Actual Loops": 385730,
                                                                                                                "Output": [
                                                                                                                    "ci.id",
                                                                                                                    "ci.person_id",
                                                                                                                    "ci.movie_id",
                                                                                                                    "ci.person_role_id",
                                                                                                                    "ci.note",
                                                                                                                    "ci.nr_order",
                                                                                                                    "ci.role_id"
                                                                                                                ],
                                                                                                                "Recheck Cond": "(ci.movie_id = t.id)",
                                                                                                                "Rows Removed by Index Recheck": 0,
                                                                                                                "Filter": "(ci.note = ANY ('{(producer),(voice),(writer),\"(as Terri Colombino)\"}'::text[]))",
                                                                                                                "Rows Removed by Filter": 20,
                                                                                                                "Exact Heap Blocks": 2227156,
                                                                                                                "Lossy Heap Blocks": 0,
                                                                                                                "Workers": [
                                                                                                                    {
                                                                                                                        "Worker Number": 0,
                                                                                                                        "Actual Startup Time": 0.023,
                                                                                                                        "Actual Total Time": 0.033,
                                                                                                                        "Actual Rows": 2,
                                                                                                                        "Actual Loops": 55520
                                                                                                                    },
                                                                                                                    {
                                                                                                                        "Worker Number": 1,
                                                                                                                        "Actual Startup Time": 0.025,
                                                                                                                        "Actual Total Time": 0.037,
                                                                                                                        "Actual Rows": 2,
                                                                                                                        "Actual Loops": 55779
                                                                                                                    },
                                                                                                                    {
                                                                                                                        "Worker Number": 2,
                                                                                                                        "Actual Startup Time": 0.028,
                                                                                                                        "Actual Total Time": 0.042,
                                                                                                                        "Actual Rows": 2,
                                                                                                                        "Actual Loops": 57335
                                                                                                                    },
                                                                                                                    {
                                                                                                                        "Worker Number": 3,
                                                                                                                        "Actual Startup Time": 0.022,
                                                                                                                        "Actual Total Time": 0.033,
                                                                                                                        "Actual Rows": 2,
                                                                                                                        "Actual Loops": 56305
                                                                                                                    },
                                                                                                                    {
                                                                                                                        "Worker Number": 4,
                                                                                                                        "Actual Startup Time": 0.021,
                                                                                                                        "Actual Total Time": 0.031,
                                                                                                                        "Actual Rows": 2,
                                                                                                                        "Actual Loops": 57925
                                                                                                                    }
                                                                                                                ],
                                                                                                                "Plans": [
                                                                                                                    {
                                                                                                                        "Node Type": "Bitmap Index Scan",
                                                                                                                        "Parent Relationship": "Outer",
                                                                                                                        "Parallel Aware": false,
                                                                                                                        "Index Name": "movie_id_cast_info",
                                                                                                                        "Startup Cost": 0.0,
                                                                                                                        "Total Cost": 1.49,
                                                                                                                        "Plan Rows": 38,
                                                                                                                        "Plan Width": 0,
                                                                                                                        "Actual Startup Time": 0.007,
                                                                                                                        "Actual Total Time": 0.007,
                                                                                                                        "Actual Rows": 22,
                                                                                                                        "Actual Loops": 385730,
                                                                                                                        "Index Cond": "(ci.movie_id = t.id)",
                                                                                                                        "Workers": [
                                                                                                                            {
                                                                                                                                "Worker Number": 0,
                                                                                                                                "Actual Startup Time": 0.006,
                                                                                                                                "Actual Total Time": 0.006,
                                                                                                                                "Actual Rows": 22,
                                                                                                                                "Actual Loops": 55520
                                                                                                                            },
                                                                                                                            {
                                                                                                                                "Worker Number": 1,
                                                                                                                                "Actual Startup Time": 0.007,
                                                                                                                                "Actual Total Time": 0.007,
                                                                                                                                "Actual Rows": 21,
                                                                                                                                "Actual Loops": 55779
                                                                                                                            },
                                                                                                                            {
                                                                                                                                "Worker Number": 2,
                                                                                                                                "Actual Startup Time": 0.008,
                                                                                                                                "Actual Total Time": 0.008,
                                                                                                                                "Actual Rows": 23,
                                                                                                                                "Actual Loops": 57335
                                                                                                                            },
                                                                                                                            {
                                                                                                                                "Worker Number": 3,
                                                                                                                                "Actual Startup Time": 0.007,
                                                                                                                                "Actual Total Time": 0.007,
                                                                                                                                "Actual Rows": 22,
                                                                                                                                "Actual Loops": 56305
                                                                                                                            },
                                                                                                                            {
                                                                                                                                "Worker Number": 4,
                                                                                                                                "Actual Startup Time": 0.006,
                                                                                                                                "Actual Total Time": 0.006,
                                                                                                                                "Actual Rows": 22,
                                                                                                                                "Actual Loops": 57925
                                                                                                                            }
                                                                                                                        ]
                                                                                                                    }
                                                                                                                ]
                                                                                                            }
                                                                                                        ]
                                                                                                    }
                                                                                                ]
                                                                                            },
                                                                                            {
                                                                                                "Node Type": "Index Scan",
                                                                                                "Parent Relationship": "Inner",
                                                                                                "Parallel Aware": false,
                                                                                                "Scan Direction": "Forward",
                                                                                                "Index Name": "name_pkey",
                                                                                                "Relation Name": "name",
                                                                                                "Schema": "public",
                                                                                                "Alias": "n",
                                                                                                "Startup Cost": 0.43,
                                                                                                "Total Cost": 199011.55,
                                                                                                "Plan Rows": 94,
                                                                                                "Plan Width": 19,
                                                                                                "Actual Startup Time": 877.036,
                                                                                                "Actual Total Time": 2724.201,
                                                                                                "Actual Rows": 597,
                                                                                                "Actual Loops": 6,
                                                                                                "Output": [
                                                                                                    "n.id",
                                                                                                    "n.name",
                                                                                                    "n.imdb_index",
                                                                                                    "n.imdb_id",
                                                                                                    "n.gender",
                                                                                                    "n.name_pcode_cf",
                                                                                                    "n.name_pcode_nf",
                                                                                                    "n.surname_pcode",
                                                                                                    "n.md5sum"
                                                                                                ],
                                                                                                "Filter": "((n.name ~~ '%Terri%'::text) AND ((n.gender)::text = 'f'::text))",
                                                                                                "Rows Removed by Filter": 4166894,
                                                                                                "Workers": [
                                                                                                    {
                                                                                                        "Worker Number": 0,
                                                                                                        "Actual Startup Time": 1069.744,
                                                                                                        "Actual Total Time": 3112.838,
                                                                                                        "Actual Rows": 597,
                                                                                                        "Actual Loops": 1
                                                                                                    },
                                                                                                    {
                                                                                                        "Worker Number": 1,
                                                                                                        "Actual Startup Time": 733.4,
                                                                                                        "Actual Total Time": 2777.622,
                                                                                                        "Actual Rows": 597,
                                                                                                        "Actual Loops": 1
                                                                                                    },
                                                                                                    {
                                                                                                        "Worker Number": 2,
                                                                                                        "Actual Startup Time": 645.129,
                                                                                                        "Actual Total Time": 2411.899,
                                                                                                        "Actual Rows": 597,
                                                                                                        "Actual Loops": 1
                                                                                                    },
                                                                                                    {
                                                                                                        "Worker Number": 3,
                                                                                                        "Actual Startup Time": 1081.266,
                                                                                                        "Actual Total Time": 3126.003,
                                                                                                        "Actual Rows": 597,
                                                                                                        "Actual Loops": 1
                                                                                                    },
                                                                                                    {
                                                                                                        "Worker Number": 4,
                                                                                                        "Actual Startup Time": 1088.892,
                                                                                                        "Actual Total Time": 3135.957,
                                                                                                        "Actual Rows": 597,
                                                                                                        "Actual Loops": 1
                                                                                                    }
                                                                                                ]
                                                                                            }
                                                                                        ]
                                                                                    }
                                                                                ]
                                                                            }
                                                                        ]
                                                                    },
                                                                    {
                                                                        "Node Type": "Sort",
                                                                        "Parent Relationship": "Inner",
                                                                        "Parallel Aware": false,
                                                                        "Startup Cost": 2.42,
                                                                        "Total Cost": 2.43,
                                                                        "Plan Rows": 1,
                                                                        "Plan Width": 4,
                                                                        "Actual Startup Time": 0.094,
                                                                        "Actual Total Time": 0.149,
                                                                        "Actual Rows": 1,
                                                                        "Actual Loops": 1,
                                                                        "Output": [
                                                                            "it.id"
                                                                        ],
                                                                        "Sort Key": [
                                                                            "it.id"
                                                                        ],
                                                                        "Sort Method": "quicksort",
                                                                        "Sort Space Used": 25,
                                                                        "Sort Space Type": "Memory",
                                                                        "Plans": [
                                                                            {
                                                                                "Node Type": "Seq Scan",
                                                                                "Parent Relationship": "Outer",
                                                                                "Parallel Aware": false,
                                                                                "Relation Name": "info_type",
                                                                                "Schema": "public",
                                                                                "Alias": "it",
                                                                                "Startup Cost": 0.0,
                                                                                "Total Cost": 2.41,
                                                                                "Plan Rows": 1,
                                                                                "Plan Width": 4,
                                                                                "Actual Startup Time": 0.021,
                                                                                "Actual Total Time": 0.028,
                                                                                "Actual Rows": 1,
                                                                                "Actual Loops": 1,
                                                                                "Output": [
                                                                                    "it.id"
                                                                                ],
                                                                                "Filter": "((it.info)::text = 'release dates'::text)",
                                                                                "Rows Removed by Filter": 112
                                                                            }
                                                                        ]
                                                                    }
                                                                ]
                                                            }
                                                        ]
                                                    }
                                                ]
                                            }
                                        ]
                                    },
                                    {
                                        "Node Type": "Sort",
                                        "Parent Relationship": "Inner",
                                        "Parallel Aware": false,
                                        "Startup Cost": 109559.99,
                                        "Total Cost": 111813.35,
                                        "Plan Rows": 901343,
                                        "Plan Width": 4,
                                        "Actual Startup Time": 468.556,
                                        "Actual Total Time": 506.252,
                                        "Actual Rows": 562262,
                                        "Actual Loops": 1,
                                        "Output": [
                                            "an.person_id"
                                        ],
                                        "Sort Key": [
                                            "an.person_id"
                                        ],
                                        "Sort Method": "quicksort",
                                        "Sort Space Used": 66827,
                                        "Sort Space Type": "Memory",
                                        "Plans": [
                                            {
                                                "Node Type": "Seq Scan",
                                                "Parent Relationship": "Outer",
                                                "Parallel Aware": false,
                                                "Relation Name": "aka_name",
                                                "Schema": "public",
                                                "Alias": "an",
                                                "Startup Cost": 0.0,
                                                "Total Cost": 20409.43,
                                                "Plan Rows": 901343,
                                                "Plan Width": 4,
                                                "Actual Startup Time": 0.034,
                                                "Actual Total Time": 169.27,
                                                "Actual Rows": 901343,
                                                "Actual Loops": 1,
                                                "Output": [
                                                    "an.person_id"
                                                ]
                                            }
                                        ]
                                    }
                                ]
                            },
                            {
                                "Node Type": "Hash",
                                "Parent Relationship": "Inner",
                                "Parallel Aware": false,
                                "Startup Cost": 10000000001.15,
                                "Total Cost": 10000000001.15,
                                "Plan Rows": 1,
                                "Plan Width": 4,
                                "Actual Startup Time": 0.024,
                                "Actual Total Time": 0.025,
                                "Actual Rows": 1,
                                "Actual Loops": 1,
                                "Output": [
                                    "rt.id"
                                ],
                                "Hash Buckets": 1024,
                                "Original Hash Buckets": 1024,
                                "Hash Batches": 1,
                                "Original Hash Batches": 1,
                                "Peak Memory Usage": 9,
                                "Plans": [
                                    {
                                        "Node Type": "Seq Scan",
                                        "Parent Relationship": "Outer",
                                        "Parallel Aware": false,
                                        "Relation Name": "role_type",
                                        "Schema": "public",
                                        "Alias": "rt",
                                        "Startup Cost": 10000000000.0,
                                        "Total Cost": 10000000001.15,
                                        "Plan Rows": 1,
                                        "Plan Width": 4,
                                        "Actual Startup Time": 0.018,
                                        "Actual Total Time": 0.02,
                                        "Actual Rows": 1,
                                        "Actual Loops": 1,
                                        "Output": [
                                            "rt.id"
                                        ],
                                        "Filter": "((rt.role)::text = 'actress'::text)",
                                        "Rows Removed by Filter": 11
                                    }
                                ]
                            }
                        ]
                    },
                    {
                        "Node Type": "Bitmap Heap Scan",
                        "Parent Relationship": "Inner",
                        "Parallel Aware": false,
                        "Relation Name": "char_name",
                        "Schema": "public",
                        "Alias": "chn",
                        "Startup Cost": 0.45,
                        "Total Cost": 4.47,
                        "Plan Rows": 1,
                        "Plan Width": 4,
                        "Actual Startup Time": 0.005,
                        "Actual Total Time": 0.005,
                        "Actual Rows": 1,
                        "Actual Loops": 1306,
                        "Output": [
                            "chn.id",
                            "chn.name",
                            "chn.imdb_index",
                            "chn.imdb_id",
                            "chn.name_pcode_nf",
                            "chn.surname_pcode",
                            "chn.md5sum"
                        ],
                        "Recheck Cond": "(chn.id = ci.person_role_id)",
                        "Rows Removed by Index Recheck": 0,
                        "Exact Heap Blocks": 1288,
                        "Lossy Heap Blocks": 0,
                        "Plans": [
                            {
                                "Node Type": "Bitmap Index Scan",
                                "Parent Relationship": "Outer",
                                "Parallel Aware": false,
                                "Index Name": "char_name_pkey",
                                "Startup Cost": 0.0,
                                "Total Cost": 0.45,
                                "Plan Rows": 1,
                                "Plan Width": 0,
                                "Actual Startup Time": 0.003,
                                "Actual Total Time": 0.003,
                                "Actual Rows": 1,
                                "Actual Loops": 1306,
                                "Index Cond": "(chn.id = ci.person_role_id)"
                            }
                        ]
                    }
                ]
            }
        ]
    },
    "Planning Time": 20.041,
    "Triggers": [],
    "Execution Time": 9351.483
}