{
  "Plan": {
    "Node Type": "Aggregate",
    "Strategy": "Plain",
    "Partial Mode": "Finalize",
    "Parallel Aware": false,
    "Startup Cost": 97435.65,
    "Total Cost": 97435.66,
    "Plan Rows": 1,
    "Plan Width": 8,
    "Actual Startup Time": 517.879,
    "Actual Total Time": 528.037,
    "Actual Rows": 1,
    "Actual Loops": 1,
    "Plans": [
      {
        "Node Type": "Gather",
        "Parent Relationship": "Outer",
        "Parallel Aware": false,
        "Startup Cost": 97435.54,
        "Total Cost": 97435.65,
        "Plan Rows": 1,
        "Plan Width": 8,
        "Actual Startup Time": 516.433,
        "Actual Total Time": 528.028,
        "Actual Rows": 2,
        "Actual Loops": 1,
        "Workers Planned": 1,
        "Workers Launched": 1,
        "Single Copy": false,
        "Plans": [
          {
            "Node Type": "Aggregate",
            "Strategy": "Plain",
            "Partial Mode": "Partial",
            "Parent Relationship": "Outer",
            "Parallel Aware": false,
            "Startup Cost": 96435.54,
            "Total Cost": 96435.55,
            "Plan Rows": 1,
            "Plan Width": 8,
            "Actual Startup Time": 510.454,
            "Actual Total Time": 510.458,
            "Actual Rows": 1,
            "Actual Loops": 2,
            "Plans": [
              {
                "Node Type": "Hash Join",
                "Parent Relationship": "Outer",
                "Parallel Aware": true,
                "Join Type": "Inner",
                "Startup Cost": 57504.2,
                "Total Cost": 95670.83,
                "Plan Rows": 305886,
                "Plan Width": 0,
                "Actual Startup Time": 212.759,
                "Actual Total Time": 487.495,
                "Actual Rows": 560962,
                "Actual Loops": 2,
                "Inner Unique": true,
                "Hash Cond": "(mc.movie_id = t.id)",
                "Plans": [
                  {
                    "Node Type": "Seq Scan",
                    "Parent Relationship": "Outer",
                    "Parallel Aware": true,
                    "Relation Name": "movie_companies",
                    "Alias": "mc",
                    "Startup Cost": 0.0,
                    "Total Cost": 34137.82,
                    "Plan Rows": 1534782,
                    "Plan Width": 4,
                    "Actual Startup Time": 0.015,
                    "Actual Total Time": 97.712,
                    "Actual Rows": 1304564,
                    "Actual Loops": 2
                  },
                  {
                    "Node Type": "Hash",
                    "Parent Relationship": "Inner",
                    "Parallel Aware": true,
                    "Startup Cost": 53799.08,
                    "Total Cost": 53799.08,
                    "Plan Rows": 296409,
                    "Plan Width": 4,
                    "Actual Startup Time": 156.219,
                    "Actual Total Time": 156.221,
                    "Actual Rows": 262064,
                    "Actual Loops": 2,
                    "Hash Buckets": 524288,
                    "Original Hash Buckets": 524288,
                    "Hash Batches": 1,
                    "Original Hash Batches": 1,
                    "Peak Memory Usage": 24640,
                    "Plans": [
                      {
                        "Node Type": "Bitmap Heap Scan",
                        "Parent Relationship": "Outer",
                        "Parallel Aware": true,
                        "Relation Name": "title",
                        "Alias": "t",
                        "Startup Cost": 11948.82,
                        "Total Cost": 53799.08,
                        "Plan Rows": 296409,
                        "Plan Width": 4,
                        "Actual Startup Time": 35.394,
                        "Actual Total Time": 103.652,
                        "Actual Rows": 262064,
                        "Actual Loops": 2,
                        "Recheck Cond": "(kind_id = 1)",
                        "Rows Removed by Index Recheck": 0,
                        "Filter": "(production_year < 2010)",
                        "Rows Removed by Filter": 69348,
                        "Exact Heap Blocks": 7886,
                        "Lossy Heap Blocks": 0,
                        "Plans": [
                          {
                            "Node Type": "Bitmap Index Scan",
                            "Parent Relationship": "Outer",
                            "Parallel Aware": false,
                            "Index Name": "kind_id_title",
                            "Startup Cost": 0.0,
                            "Total Cost": 11822.85,
                            "Plan Rows": 663256,
                            "Plan Width": 0,
                            "Actual Startup Time": 33.836,
                            "Actual Total Time": 33.836,
                            "Actual Rows": 662825,
                            "Actual Loops": 1,
                            "Index Cond": "(kind_id = 1)"
                          }
                        ]
                      }
                    ]
                  }
                ]
              }
            ]
          }
        ]
      }
    ]
  },
  "Planning Time": 0.698,
  "Triggers": [],
  "Execution Time": 528.126
}