[
  {
    "Plan": {
      "Node Type": "Aggregate",
      "Strategy": "Plain",
      "Partial Mode": "Finalize",
      "Parallel Aware": false,
      "Startup Cost": 39695.63,
      "Total Cost": 39695.64,
      "Plan Rows": 1,
      "Plan Width": 8,
      "Actual Startup Time": 106.267,
      "Actual Total Time": 112.144,
      "Actual Rows": 1,
      "Actual Loops": 1,
      "Plans": [
        {
          "Node Type": "Gather",
          "Parent Relationship": "Outer",
          "Parallel Aware": false,
          "Startup Cost": 39695.31,
          "Total Cost": 39695.62,
          "Plan Rows": 3,
          "Plan Width": 8,
          "Actual Startup Time": 105.959,
          "Actual Total Time": 112.139,
          "Actual Rows": 4,
          "Actual Loops": 1,
          "Workers Planned": 3,
          "Workers Launched": 3,
          "Single Copy": false,
          "Plans": [
            {
              "Node Type": "Aggregate",
              "Strategy": "Plain",
              "Partial Mode": "Partial",
              "Parent Relationship": "Outer",
              "Parallel Aware": false,
              "Startup Cost": 38695.31,
              "Total Cost": 38695.32,
              "Plan Rows": 1,
              "Plan Width": 8,
              "Actual Startup Time": 101.445,
              "Actual Total Time": 101.446,
              "Actual Rows": 1,
              "Actual Loops": 4,
              "Plans": [
                {
                  "Node Type": "Bitmap Heap Scan",
                  "Parent Relationship": "Outer",
                  "Parallel Aware": true,
                  "Relation Name": "movie_keyword",
                  "Alias": "mk",
                  "Startup Cost": 11596.51,
                  "Total Cost": 38254.51,
                  "Plan Rows": 176320,
                  "Plan Width": 0,
                  "Actual Startup Time": 25.042,
                  "Actual Total Time": 93.928,
                  "Actual Rows": 136338,
                  "Actual Loops": 4,
                  "Recheck Cond": "(keyword_id < 393)",
                  "Rows Removed by Index Recheck": 0,
                  "Exact Heap Blocks": 10735,
                  "Lossy Heap Blocks": 0,
                  "Plans": [
                    {
                      "Node Type": "Bitmap Index Scan",
                      "Parent Relationship": "Outer",
                      "Parallel Aware": false,
                      "Index Name": "keyword_id_movie_keyword",
                      "Startup Cost": 0.0,
                      "Total Cost": 11459.86,
                      "Plan Rows": 546591,
                      "Plan Width": 0,
                      "Actual Startup Time": 25.723,
                      "Actual Total Time": 25.723,
                      "Actual Rows": 545354,
                      "Actual Loops": 1,
                      "Index Cond": "(keyword_id < 393)"
                    }
                  ]
                }
              ]
            }
          ]
        }
      ]
    },
    "Planning Time": 0.06,
    "Triggers": [],
    "Execution Time": 112.17
  }
]