{
  "Plan": {
    "Node Type": "Aggregate",
    "Strategy": "Plain",
    "Partial Mode": "Finalize",
    "Parallel Aware": false,
    "Startup Cost": 197197.62,
    "Total Cost": 197197.63,
    "Plan Rows": 1,
    "Plan Width": 8,
    "Actual Startup Time": 174.212,
    "Actual Total Time": 197.477,
    "Actual Rows": 1,
    "Actual Loops": 1,
    "Plans": [
      {
        "Node Type": "Gather",
        "Parent Relationship": "Outer",
        "Parallel Aware": false,
        "Startup Cost": 197197.51,
        "Total Cost": 197197.62,
        "Plan Rows": 1,
        "Plan Width": 8,
        "Actual Startup Time": 173.978,
        "Actual Total Time": 197.47,
        "Actual Rows": 2,
        "Actual Loops": 1,
        "Workers Planned": 1,
        "Workers Launched": 1,
        "Single Copy": false,
        "Plans": [
          {
            "Node Type": "Aggregate",
            "Strategy": "Plain",
            "Partial Mode": "Partial",
            "Parent Relationship": "Outer",
            "Parallel Aware": false,
            "Startup Cost": 196197.51,
            "Total Cost": 196197.52,
            "Plan Rows": 1,
            "Plan Width": 8,
            "Actual Startup Time": 169.441,
            "Actual Total Time": 169.442,
            "Actual Rows": 1,
            "Actual Loops": 2,
            "Plans": [
              {
                "Node Type": "Nested Loop",
                "Parent Relationship": "Outer",
                "Parallel Aware": false,
                "Join Type": "Inner",
                "Startup Cost": 0.43,
                "Total Cost": 196183.31,
                "Plan Rows": 5682,
                "Plan Width": 0,
                "Actual Startup Time": 6.41,
                "Actual Total Time": 168.318,
                "Actual Rows": 18796,
                "Actual Loops": 2,
                "Inner Unique": false,
                "Plans": [
                  {
                    "Node Type": "Seq Scan",
                    "Parent Relationship": "Outer",
                    "Parallel Aware": true,
                    "Relation Name": "title",
                    "Alias": "t",
                    "Startup Cost": 0.0,
                    "Total Cost": 58306.47,
                    "Plan Rows": 972,
                    "Plan Width": 4,
                    "Actual Startup Time": 6.283,
                    "Actual Total Time": 127.242,
                    "Actual Rows": 1360,
                    "Actual Loops": 2,
                    "Filter": "((kind_id < 7) AND (production_year = 1950))",
                    "Rows Removed by Filter": 1262796
                  },
                  {
                    "Node Type": "Index Only Scan",
                    "Parent Relationship": "Inner",
                    "Parallel Aware": false,
                    "Scan Direction": "Forward",
                    "Index Name": "movie_id_movie_info",
                    "Relation Name": "movie_info",
                    "Alias": "mi",
                    "Startup Cost": 0.43,
                    "Total Cost": 141.43,
                    "Plan Rows": 42,
                    "Plan Width": 4,
                    "Actual Startup Time": 0.009,
                    "Actual Total Time": 0.029,
                    "Actual Rows": 14,
                    "Actual Loops": 2720,
                    "Index Cond": "(movie_id = t.id)",
                    "Rows Removed by Index Recheck": 0,
                    "Heap Fetches": 37591
                  }
                ]
              }
            ]
          }
        ]
      }
    ]
  },
  "Planning Time": 0.435,
  "Triggers": [],
  "Execution Time": 197.531
}