[
  {
    "Plan": {
      "Node Type": "Aggregate",
      "Strategy": "Plain",
      "Partial Mode": "Finalize",
      "Parallel Aware": false,
      "Startup Cost": 223831.41,
      "Total Cost": 223831.42,
      "Plan Rows": 1,
      "Plan Width": 8,
      "Actual Startup Time": 129.083,
      "Actual Total Time": 147.26,
      "Actual Rows": 1,
      "Actual Loops": 1,
      "Plans": [
        {
          "Node Type": "Gather",
          "Parent Relationship": "Outer",
          "Parallel Aware": false,
          "Startup Cost": 223830.99,
          "Total Cost": 223831.4,
          "Plan Rows": 4,
          "Plan Width": 8,
          "Actual Startup Time": 128.835,
          "Actual Total Time": 147.251,
          "Actual Rows": 5,
          "Actual Loops": 1,
          "Workers Planned": 4,
          "Workers Launched": 4,
          "Single Copy": false,
          "Plans": [
            {
              "Node Type": "Aggregate",
              "Strategy": "Plain",
              "Partial Mode": "Partial",
              "Parent Relationship": "Outer",
              "Parallel Aware": false,
              "Startup Cost": 222830.99,
              "Total Cost": 222831.0,
              "Plan Rows": 1,
              "Plan Width": 8,
              "Actual Startup Time": 120.664,
              "Actual Total Time": 120.666,
              "Actual Rows": 1,
              "Actual Loops": 5,
              "Plans": [
                {
                  "Node Type": "Nested Loop",
                  "Parent Relationship": "Outer",
                  "Parallel Aware": false,
                  "Join Type": "Inner",
                  "Startup Cost": 0.43,
                  "Total Cost": 222781.81,
                  "Plan Rows": 19672,
                  "Plan Width": 0,
                  "Actual Startup Time": 49.155,
                  "Actual Total Time": 119.16,
                  "Actual Rows": 21532,
                  "Actual Loops": 5,
                  "Inner Unique": false,
                  "Plans": [
                    {
                      "Node Type": "Seq Scan",
                      "Parent Relationship": "Outer",
                      "Parallel Aware": true,
                      "Relation Name": "title",
                      "Alias": "t",
                      "Startup Cost": 0.0,
                      "Total Cost": 45479.59,
                      "Plan Rows": 3350,
                      "Plan Width": 4,
                      "Actual Startup Time": 49.039,
                      "Actual Total Time": 73.505,
                      "Actual Rows": 1415,
                      "Actual Loops": 5,
                      "Filter": "((kind_id = 1) AND (production_year = 1998))",
                      "Rows Removed by Filter": 504247
                    },
                    {
                      "Node Type": "Index Only Scan",
                      "Parent Relationship": "Inner",
                      "Parallel Aware": false,
                      "Scan Direction": "Forward",
                      "Index Name": "movie_id_movie_info",
                      "Relation Name": "movie_info",
                      "Alias": "mi",
                      "Startup Cost": 0.43,
                      "Total Cost": 52.52,
                      "Plan Rows": 41,
                      "Plan Width": 4,
                      "Actual Startup Time": 0.01,
                      "Actual Total Time": 0.031,
                      "Actual Rows": 15,
                      "Actual Loops": 7075,
                      "Index Cond": "(movie_id = t.id)",
                      "Rows Removed by Index Recheck": 0,
                      "Heap Fetches": 107660
                    }
                  ]
                }
              ]
            }
          ]
        }
      ]
    },
    "Planning Time": 0.259,
    "Triggers": [],
    "Execution Time": 147.299
  }
]