[
  {
    "Plan": {
      "Node Type": "Aggregate",
      "Strategy": "Plain",
      "Partial Mode": "Finalize",
      "Parallel Aware": false,
      "Startup Cost": 106582.58,
      "Total Cost": 106582.59,
      "Plan Rows": 1,
      "Plan Width": 8,
      "Actual Startup Time": 473.289,
      "Actual Total Time": 490.934,
      "Actual Rows": 1,
      "Actual Loops": 1,
      "Plans": [
        {
          "Node Type": "Gather",
          "Parent Relationship": "Outer",
          "Parallel Aware": false,
          "Startup Cost": 106582.26,
          "Total Cost": 106582.57,
          "Plan Rows": 3,
          "Plan Width": 8,
          "Actual Startup Time": 471.354,
          "Actual Total Time": 490.925,
          "Actual Rows": 4,
          "Actual Loops": 1,
          "Workers Planned": 3,
          "Workers Launched": 3,
          "Single Copy": false,
          "Plans": [
            {
              "Node Type": "Aggregate",
              "Strategy": "Plain",
              "Partial Mode": "Partial",
              "Parent Relationship": "Outer",
              "Parallel Aware": false,
              "Startup Cost": 105582.26,
              "Total Cost": 105582.27,
              "Plan Rows": 1,
              "Plan Width": 8,
              "Actual Startup Time": 462.096,
              "Actual Total Time": 462.313,
              "Actual Rows": 1,
              "Actual Loops": 4,
              "Plans": [
                {
                  "Node Type": "Hash Join",
                  "Parent Relationship": "Outer",
                  "Parallel Aware": true,
                  "Join Type": "Inner",
                  "Startup Cost": 77620.58,
                  "Total Cost": 105528.03,
                  "Plan Rows": 21692,
                  "Plan Width": 0,
                  "Actual Startup Time": 356.134,
                  "Actual Total Time": 459.456,
                  "Actual Rows": 46630,
                  "Actual Loops": 4,
                  "Inner Unique": false,
                  "Hash Cond": "(mk.movie_id = t.id)",
                  "Plans": [
                    {
                      "Node Type": "Bitmap Heap Scan",
                      "Parent Relationship": "Outer",
                      "Parallel Aware": true,
                      "Relation Name": "movie_keyword",
                      "Alias": "mk",
                      "Startup Cost": 13758.04,
                      "Total Cost": 40826.83,
                      "Plan Rows": 209183,
                      "Plan Width": 4,
                      "Actual Startup Time": 38.102,
                      "Actual Total Time": 103.638,
                      "Actual Rows": 163983,
                      "Actual Loops": 4,
                      "Recheck Cond": "(keyword_id < 508)",
                      "Rows Removed by Index Recheck": 0,
                      "Exact Heap Blocks": 7051,
                      "Lossy Heap Blocks": 0,
                      "Plans": [
                        {
                          "Node Type": "Bitmap Index Scan",
                          "Parent Relationship": "Outer",
                          "Parallel Aware": false,
                          "Index Name": "keyword_id_movie_keyword",
                          "Startup Cost": 0.0,
                          "Total Cost": 13595.93,
                          "Plan Rows": 648466,
                          "Plan Width": 0,
                          "Actual Startup Time": 34.428,
                          "Actual Total Time": 34.429,
                          "Actual Rows": 655932,
                          "Actual Loops": 1,
                          "Index Cond": "(keyword_id < 508)"
                        }
                      ]
                    },
                    {
                      "Node Type": "Hash",
                      "Parent Relationship": "Inner",
                      "Parallel Aware": true,
                      "Startup Cost": 63043.21,
                      "Total Cost": 63043.21,
                      "Plan Rows": 65546,
                      "Plan Width": 8,
                      "Actual Startup Time": 314.676,
                      "Actual Total Time": 314.889,
                      "Actual Rows": 58207,
                      "Actual Loops": 4,
                      "Hash Buckets": 524288,
                      "Original Hash Buckets": 524288,
                      "Hash Batches": 1,
                      "Original Hash Batches": 1,
                      "Peak Memory Usage": 13248,
                      "Plans": [
                        {
                          "Node Type": "Hash Join",
                          "Parent Relationship": "Outer",
                          "Parallel Aware": true,
                          "Join Type": "Inner",
                          "Startup Cost": 17522.41,
                          "Total Cost": 63043.21,
                          "Plan Rows": 65546,
                          "Plan Width": 8,
                          "Actual Startup Time": 92.295,
                          "Actual Total Time": 291.416,
                          "Actual Rows": 58207,
                          "Actual Loops": 4,
                          "Inner Unique": false,
                          "Hash Cond": "(t.id = mi_idx.movie_id)",
                          "Plans": [
                            {
                              "Node Type": "Seq Scan",
                              "Parent Relationship": "Outer",
                              "Parallel Aware": true,
                              "Relation Name": "title",
                              "Alias": "t",
                              "Startup Cost": 0.0,
                              "Total Cost": 43898.92,
                              "Plan Rows": 359675,
                              "Plan Width": 4,
                              "Actual Startup Time": 0.013,
                              "Actual Total Time": 97.408,
                              "Actual Rows": 358616,
                              "Actual Loops": 4,
                              "Filter": "(production_year > 1999)",
                              "Rows Removed by Filter": 273462
                            },
                            {
                              "Node Type": "Hash",
                              "Parent Relationship": "Inner",
                              "Parallel Aware": true,
                              "Startup Cost": 15122.68,
                              "Total Cost": 15122.68,
                              "Plan Rows": 191978,
                              "Plan Width": 4,
                              "Actual Startup Time": 90.432,
                              "Actual Total Time": 90.433,
                              "Actual Rows": 114981,
                              "Actual Loops": 4,
                              "Hash Buckets": 524288,
                              "Original Hash Buckets": 524288,
                              "Hash Batches": 1,
                              "Original Hash Batches": 1,
                              "Peak Memory Usage": 22144,
                              "Plans": [
                                {
                                  "Node Type": "Seq Scan",
                                  "Parent Relationship": "Outer",
                                  "Parallel Aware": true,
                                  "Relation Name": "movie_info_idx",
                                  "Alias": "mi_idx",
                                  "Startup Cost": 0.0,
                                  "Total Cost": 15122.68,
                                  "Plan Rows": 191978,
                                  "Plan Width": 4,
                                  "Actual Startup Time": 0.077,
                                  "Actual Total Time": 44.946,
                                  "Actual Rows": 114981,
                                  "Actual Loops": 4,
                                  "Filter": "(info_type_id = 101)",
                                  "Rows Removed by Filter": 230028
                                }
                              ]
                            }
                          ]
                        }
                      ]
                    }
                  ]
                }
              ]
            }
          ]
        }
      ]
    },
    "Planning Time": 1.312,
    "Triggers": [],
    "Execution Time": 491.039
  }
]