[
    {
        "Bao": {
            "Bao prediction": "NaN",
            "Bao recommended hint": "(no hint)"
        }
    },
    {
        "Plan": {
            "Node Type": "Aggregate",
            "Strategy": "Plain",
            "Partial Mode": "Finalize",
            "Parallel Aware": false,
            "Startup Cost": 33484.89,
            "Total Cost": 33484.9,
            "Plan Rows": 1,
            "Plan Width": 8,
            "Actual Startup Time": 107.802,
            "Actual Total Time": 113.879,
            "Actual Rows": 1,
            "Actual Loops": 1,
            "Output": [
                "count(*)"
            ],
            "Plans": [
                {
                    "Node Type": "Gather",
                    "Parent Relationship": "Outer",
                    "Parallel Aware": false,
                    "Startup Cost": 33484.57,
                    "Total Cost": 33484.88,
                    "Plan Rows": 3,
                    "Plan Width": 8,
                    "Actual Startup Time": 107.73,
                    "Actual Total Time": 113.87,
                    "Actual Rows": 4,
                    "Actual Loops": 1,
                    "Output": [
                        "(PARTIAL count(*))"
                    ],
                    "Workers Planned": 3,
                    "Workers Launched": 3,
                    "Single Copy": false,
                    "Plans": [
                        {
                            "Node Type": "Aggregate",
                            "Strategy": "Plain",
                            "Partial Mode": "Partial",
                            "Parent Relationship": "Outer",
                            "Parallel Aware": false,
                            "Startup Cost": 32484.57,
                            "Total Cost": 32484.58,
                            "Plan Rows": 1,
                            "Plan Width": 8,
                            "Actual Startup Time": 99.809,
                            "Actual Total Time": 99.81,
                            "Actual Rows": 1,
                            "Actual Loops": 4,
                            "Output": [
                                "PARTIAL count(*)"
                            ],
                            "Workers": [
                                {
                                    "Worker Number": 0,
                                    "Actual Startup Time": 96.955,
                                    "Actual Total Time": 96.955,
                                    "Actual Rows": 1,
                                    "Actual Loops": 1
                                },
                                {
                                    "Worker Number": 1,
                                    "Actual Startup Time": 97.329,
                                    "Actual Total Time": 97.33,
                                    "Actual Rows": 1,
                                    "Actual Loops": 1
                                },
                                {
                                    "Worker Number": 2,
                                    "Actual Startup Time": 97.544,
                                    "Actual Total Time": 97.545,
                                    "Actual Rows": 1,
                                    "Actual Loops": 1
                                }
                            ],
                            "Plans": [
                                {
                                    "Node Type": "Seq Scan",
                                    "Parent Relationship": "Outer",
                                    "Parallel Aware": true,
                                    "Relation Name": "movie_companies",
                                    "Schema": "public",
                                    "Alias": "mc",
                                    "Startup Cost": 0.0,
                                    "Total Cost": 31414.82,
                                    "Plan Rows": 427900,
                                    "Plan Width": 0,
                                    "Actual Startup Time": 46.32,
                                    "Actual Total Time": 85.086,
                                    "Actual Rows": 331806,
                                    "Actual Loops": 4,
                                    "Output": [
                                        "id",
                                        "movie_id",
                                        "company_id",
                                        "company_type_id",
                                        "note"
                                    ],
                                    "Filter": "((mc.company_id < 227615) AND (mc.company_type_id = 2))",
                                    "Rows Removed by Filter": 320476,
                                    "Workers": [
                                        {
                                            "Worker Number": 0,
                                            "Actual Startup Time": 43.461,
                                            "Actual Total Time": 82.504,
                                            "Actual Rows": 354942,
                                            "Actual Loops": 1
                                        },
                                        {
                                            "Worker Number": 1,
                                            "Actual Startup Time": 43.848,
                                            "Actual Total Time": 83.089,
                                            "Actual Rows": 354137,
                                            "Actual Loops": 1
                                        },
                                        {
                                            "Worker Number": 2,
                                            "Actual Startup Time": 44.062,
                                            "Actual Total Time": 83.265,
                                            "Actual Rows": 355132,
                                            "Actual Loops": 1
                                        }
                                    ]
                                }
                            ]
                        }
                    ]
                }
            ]
        },
        "Planning Time": 281.589,
        "Triggers": [],
        "Execution Time": 113.926
    }
]