[
    {
        "Bao": {
            "Bao prediction": "NaN",
            "Bao recommended hint": "(no hint)"
        }
    },
    {
        "Plan": {
            "Node Type": "Aggregate",
            "Strategy": "Plain",
            "Partial Mode": "Finalize",
            "Parallel Aware": false,
            "Startup Cost": 321534.5,
            "Total Cost": 321534.51,
            "Plan Rows": 1,
            "Plan Width": 8,
            "Actual Startup Time": 3491.349,
            "Actual Total Time": 3523.74,
            "Actual Rows": 1,
            "Actual Loops": 1,
            "Output": [
                "count(*)"
            ],
            "Plans": [
                {
                    "Node Type": "Gather",
                    "Parent Relationship": "Outer",
                    "Parallel Aware": false,
                    "Startup Cost": 321533.98,
                    "Total Cost": 321534.49,
                    "Plan Rows": 5,
                    "Plan Width": 8,
                    "Actual Startup Time": 3467.607,
                    "Actual Total Time": 3523.727,
                    "Actual Rows": 6,
                    "Actual Loops": 1,
                    "Output": [
                        "(PARTIAL count(*))"
                    ],
                    "Workers Planned": 5,
                    "Workers Launched": 5,
                    "Single Copy": false,
                    "Plans": [
                        {
                            "Node Type": "Aggregate",
                            "Strategy": "Plain",
                            "Partial Mode": "Partial",
                            "Parent Relationship": "Outer",
                            "Parallel Aware": false,
                            "Startup Cost": 320533.98,
                            "Total Cost": 320533.99,
                            "Plan Rows": 1,
                            "Plan Width": 8,
                            "Actual Startup Time": 3447.832,
                            "Actual Total Time": 3448.348,
                            "Actual Rows": 1,
                            "Actual Loops": 6,
                            "Output": [
                                "PARTIAL count(*)"
                            ],
                            "Workers": [
                                {
                                    "Worker Number": 0,
                                    "Actual Startup Time": 3443.515,
                                    "Actual Total Time": 3443.519,
                                    "Actual Rows": 1,
                                    "Actual Loops": 1
                                },
                                {
                                    "Worker Number": 1,
                                    "Actual Startup Time": 3443.504,
                                    "Actual Total Time": 3443.509,
                                    "Actual Rows": 1,
                                    "Actual Loops": 1
                                },
                                {
                                    "Worker Number": 2,
                                    "Actual Startup Time": 3443.603,
                                    "Actual Total Time": 3443.608,
                                    "Actual Rows": 1,
                                    "Actual Loops": 1
                                },
                                {
                                    "Worker Number": 3,
                                    "Actual Startup Time": 3445.904,
                                    "Actual Total Time": 3445.91,
                                    "Actual Rows": 1,
                                    "Actual Loops": 1
                                },
                                {
                                    "Worker Number": 4,
                                    "Actual Startup Time": 3443.628,
                                    "Actual Total Time": 3443.634,
                                    "Actual Rows": 1,
                                    "Actual Loops": 1
                                }
                            ],
                            "Plans": [
                                {
                                    "Node Type": "Hash Join",
                                    "Parent Relationship": "Outer",
                                    "Parallel Aware": true,
                                    "Join Type": "Inner",
                                    "Startup Cost": 103485.76,
                                    "Total Cost": 314212.29,
                                    "Plan Rows": 2528676,
                                    "Plan Width": 0,
                                    "Actual Startup Time": 555.048,
                                    "Actual Total Time": 2657.68,
                                    "Actual Rows": 17599598,
                                    "Actual Loops": 6,
                                    "Inner Unique": false,
                                    "Hash Cond": "(mi.movie_id = t.id)",
                                    "Workers": [
                                        {
                                            "Worker Number": 0,
                                            "Actual Startup Time": 551.134,
                                            "Actual Total Time": 2652.466,
                                            "Actual Rows": 18053151,
                                            "Actual Loops": 1
                                        },
                                        {
                                            "Worker Number": 1,
                                            "Actual Startup Time": 551.169,
                                            "Actual Total Time": 2666.818,
                                            "Actual Rows": 19096223,
                                            "Actual Loops": 1
                                        },
                                        {
                                            "Worker Number": 2,
                                            "Actual Startup Time": 551.257,
                                            "Actual Total Time": 2651.287,
                                            "Actual Rows": 18069068,
                                            "Actual Loops": 1
                                        },
                                        {
                                            "Worker Number": 3,
                                            "Actual Startup Time": 551.2,
                                            "Actual Total Time": 2656.454,
                                            "Actual Rows": 18017303,
                                            "Actual Loops": 1
                                        },
                                        {
                                            "Worker Number": 4,
                                            "Actual Startup Time": 551.413,
                                            "Actual Total Time": 2637.553,
                                            "Actual Rows": 13564230,
                                            "Actual Loops": 1
                                        }
                                    ],
                                    "Plans": [
                                        {
                                            "Node Type": "Seq Scan",
                                            "Parent Relationship": "Outer",
                                            "Parallel Aware": true,
                                            "Relation Name": "movie_info",
                                            "Schema": "public",
                                            "Alias": "mi",
                                            "Startup Cost": 0.0,
                                            "Total Cost": 191503.19,
                                            "Plan Rows": 2951019,
                                            "Plan Width": 4,
                                            "Actual Startup Time": 0.027,
                                            "Actual Total Time": 260.993,
                                            "Actual Rows": 2472620,
                                            "Actual Loops": 6,
                                            "Output": [
                                                "mi.id",
                                                "mi.movie_id",
                                                "mi.info_type_id",
                                                "mi.info",
                                                "mi.note"
                                            ],
                                            "Workers": [
                                                {
                                                    "Worker Number": 0,
                                                    "Actual Startup Time": 0.026,
                                                    "Actual Total Time": 266.445,
                                                    "Actual Rows": 2512142,
                                                    "Actual Loops": 1
                                                },
                                                {
                                                    "Worker Number": 1,
                                                    "Actual Startup Time": 0.031,
                                                    "Actual Total Time": 288.012,
                                                    "Actual Rows": 2606041,
                                                    "Actual Loops": 1
                                                },
                                                {
                                                    "Worker Number": 2,
                                                    "Actual Startup Time": 0.026,
                                                    "Actual Total Time": 266.253,
                                                    "Actual Rows": 2514242,
                                                    "Actual Loops": 1
                                                },
                                                {
                                                    "Worker Number": 3,
                                                    "Actual Startup Time": 0.031,
                                                    "Actual Total Time": 267.355,
                                                    "Actual Rows": 2504069,
                                                    "Actual Loops": 1
                                                },
                                                {
                                                    "Worker Number": 4,
                                                    "Actual Startup Time": 0.034,
                                                    "Actual Total Time": 272.651,
                                                    "Actual Rows": 2021495,
                                                    "Actual Loops": 1
                                                }
                                            ]
                                        },
                                        {
                                            "Node Type": "Hash",
                                            "Parent Relationship": "Inner",
                                            "Parallel Aware": true,
                                            "Startup Cost": 94749.97,
                                            "Total Cost": 94749.97,
                                            "Plan Rows": 698863,
                                            "Plan Width": 8,
                                            "Actual Startup Time": 546.911,
                                            "Actual Total Time": 547.424,
                                            "Actual Rows": 361291,
                                            "Actual Loops": 6,
                                            "Output": [
                                                "t.id",
                                                "mk.movie_id"
                                            ],
                                            "Hash Buckets": 4194304,
                                            "Original Hash Buckets": 4194304,
                                            "Hash Batches": 1,
                                            "Original Hash Batches": 1,
                                            "Peak Memory Usage": 117632,
                                            "Workers": [
                                                {
                                                    "Worker Number": 0,
                                                    "Actual Startup Time": 549.961,
                                                    "Actual Total Time": 549.965,
                                                    "Actual Rows": 373266,
                                                    "Actual Loops": 1
                                                },
                                                {
                                                    "Worker Number": 1,
                                                    "Actual Startup Time": 549.933,
                                                    "Actual Total Time": 549.937,
                                                    "Actual Rows": 381789,
                                                    "Actual Loops": 1
                                                },
                                                {
                                                    "Worker Number": 2,
                                                    "Actual Startup Time": 550.085,
                                                    "Actual Total Time": 550.088,
                                                    "Actual Rows": 376197,
                                                    "Actual Loops": 1
                                                },
                                                {
                                                    "Worker Number": 3,
                                                    "Actual Startup Time": 550.059,
                                                    "Actual Total Time": 550.063,
                                                    "Actual Rows": 372106,
                                                    "Actual Loops": 1
                                                },
                                                {
                                                    "Worker Number": 4,
                                                    "Actual Startup Time": 550.002,
                                                    "Actual Total Time": 550.006,
                                                    "Actual Rows": 262283,
                                                    "Actual Loops": 1
                                                }
                                            ],
                                            "Plans": [
                                                {
                                                    "Node Type": "Hash Join",
                                                    "Parent Relationship": "Outer",
                                                    "Parallel Aware": true,
                                                    "Join Type": "Inner",
                                                    "Startup Cost": 50219.81,
                                                    "Total Cost": 94749.97,
                                                    "Plan Rows": 698863,
                                                    "Plan Width": 8,
                                                    "Actual Startup Time": 270.443,
                                                    "Actual Total Time": 437.089,
                                                    "Actual Rows": 361291,
                                                    "Actual Loops": 6,
                                                    "Output": [
                                                        "t.id",
                                                        "mk.movie_id"
                                                    ],
                                                    "Inner Unique": true,
                                                    "Hash Cond": "(mk.movie_id = t.id)",
                                                    "Workers": [
                                                        {
                                                            "Worker Number": 0,
                                                            "Actual Startup Time": 270.437,
                                                            "Actual Total Time": 436.372,
                                                            "Actual Rows": 373266,
                                                            "Actual Loops": 1
                                                        },
                                                        {
                                                            "Worker Number": 1,
                                                            "Actual Startup Time": 270.278,
                                                            "Actual Total Time": 435.847,
                                                            "Actual Rows": 381789,
                                                            "Actual Loops": 1
                                                        },
                                                        {
                                                            "Worker Number": 2,
                                                            "Actual Startup Time": 270.433,
                                                            "Actual Total Time": 436.305,
                                                            "Actual Rows": 376197,
                                                            "Actual Loops": 1
                                                        },
                                                        {
                                                            "Worker Number": 3,
                                                            "Actual Startup Time": 270.442,
                                                            "Actual Total Time": 436.074,
                                                            "Actual Rows": 372106,
                                                            "Actual Loops": 1
                                                        },
                                                        {
                                                            "Worker Number": 4,
                                                            "Actual Startup Time": 270.503,
                                                            "Actual Total Time": 439.71,
                                                            "Actual Rows": 262283,
                                                            "Actual Loops": 1
                                                        }
                                                    ],
                                                    "Plans": [
                                                        {
                                                            "Node Type": "Seq Scan",
                                                            "Parent Relationship": "Outer",
                                                            "Parallel Aware": true,
                                                            "Relation Name": "movie_keyword",
                                                            "Schema": "public",
                                                            "Alias": "mk",
                                                            "Startup Cost": 0.0,
                                                            "Total Cost": 42695.65,
                                                            "Plan Rows": 698863,
                                                            "Plan Width": 4,
                                                            "Actual Startup Time": 0.022,
                                                            "Actual Total Time": 81.084,
                                                            "Actual Rows": 361291,
                                                            "Actual Loops": 6,
                                                            "Output": [
                                                                "mk.id",
                                                                "mk.movie_id",
                                                                "mk.keyword_id"
                                                            ],
                                                            "Filter": "(mk.keyword_id < 4194)",
                                                            "Rows Removed by Filter": 392698,
                                                            "Workers": [
                                                                {
                                                                    "Worker Number": 0,
                                                                    "Actual Startup Time": 0.02,
                                                                    "Actual Total Time": 81.651,
                                                                    "Actual Rows": 373266,
                                                                    "Actual Loops": 1
                                                                },
                                                                {
                                                                    "Worker Number": 1,
                                                                    "Actual Startup Time": 0.02,
                                                                    "Actual Total Time": 82.09,
                                                                    "Actual Rows": 381789,
                                                                    "Actual Loops": 1
                                                                },
                                                                {
                                                                    "Worker Number": 2,
                                                                    "Actual Startup Time": 0.022,
                                                                    "Actual Total Time": 81.871,
                                                                    "Actual Rows": 376197,
                                                                    "Actual Loops": 1
                                                                },
                                                                {
                                                                    "Worker Number": 3,
                                                                    "Actual Startup Time": 0.028,
                                                                    "Actual Total Time": 81.486,
                                                                    "Actual Rows": 372106,
                                                                    "Actual Loops": 1
                                                                },
                                                                {
                                                                    "Worker Number": 4,
                                                                    "Actual Startup Time": 0.029,
                                                                    "Actual Total Time": 84.963,
                                                                    "Actual Rows": 262283,
                                                                    "Actual Loops": 1
                                                                }
                                                            ]
                                                        },
                                                        {
                                                            "Node Type": "Hash",
                                                            "Parent Relationship": "Inner",
                                                            "Parallel Aware": true,
                                                            "Startup Cost": 42318.81,
                                                            "Total Cost": 42318.81,
                                                            "Plan Rows": 632080,
                                                            "Plan Width": 4,
                                                            "Actual Startup Time": 266.154,
                                                            "Actual Total Time": 266.156,
                                                            "Actual Rows": 421385,
                                                            "Actual Loops": 6,
                                                            "Output": [
                                                                "t.id"
                                                            ],
                                                            "Hash Buckets": 4194304,
                                                            "Original Hash Buckets": 4194304,
                                                            "Hash Batches": 1,
                                                            "Original Hash Batches": 1,
                                                            "Peak Memory Usage": 131744,
                                                            "Workers": [
                                                                {
                                                                    "Worker Number": 0,
                                                                    "Actual Startup Time": 270.354,
                                                                    "Actual Total Time": 270.355,
                                                                    "Actual Rows": 426127,
                                                                    "Actual Loops": 1
                                                                },
                                                                {
                                                                    "Worker Number": 1,
                                                                    "Actual Startup Time": 270.148,
                                                                    "Actual Total Time": 270.15,
                                                                    "Actual Rows": 393454,
                                                                    "Actual Loops": 1
                                                                },
                                                                {
                                                                    "Worker Number": 2,
                                                                    "Actual Startup Time": 270.327,
                                                                    "Actual Total Time": 270.328,
                                                                    "Actual Rows": 425488,
                                                                    "Actual Loops": 1
                                                                },
                                                                {
                                                                    "Worker Number": 3,
                                                                    "Actual Startup Time": 270.326,
                                                                    "Actual Total Time": 270.328,
                                                                    "Actual Rows": 418749,
                                                                    "Actual Loops": 1
                                                                },
                                                                {
                                                                    "Worker Number": 4,
                                                                    "Actual Startup Time": 270.157,
                                                                    "Actual Total Time": 270.158,
                                                                    "Actual Rows": 324228,
                                                                    "Actual Loops": 1
                                                                }
                                                            ],
                                                            "Plans": [
                                                                {
                                                                    "Node Type": "Seq Scan",
                                                                    "Parent Relationship": "Outer",
                                                                    "Parallel Aware": true,
                                                                    "Relation Name": "title",
                                                                    "Schema": "public",
                                                                    "Alias": "t",
                                                                    "Startup Cost": 0.0,
                                                                    "Total Cost": 42318.81,
                                                                    "Plan Rows": 632080,
                                                                    "Plan Width": 4,
                                                                    "Actual Startup Time": 0.055,
                                                                    "Actual Total Time": 73.61,
                                                                    "Actual Rows": 421385,
                                                                    "Actual Loops": 6,
                                                                    "Output": [
                                                                        "t.id"
                                                                    ],
                                                                    "Workers": [
                                                                        {
                                                                            "Worker Number": 0,
                                                                            "Actual Startup Time": 0.049,
                                                                            "Actual Total Time": 78.859,
                                                                            "Actual Rows": 426127,
                                                                            "Actual Loops": 1
                                                                        },
                                                                        {
                                                                            "Worker Number": 1,
                                                                            "Actual Startup Time": 0.065,
                                                                            "Actual Total Time": 73.035,
                                                                            "Actual Rows": 393454,
                                                                            "Actual Loops": 1
                                                                        },
                                                                        {
                                                                            "Worker Number": 2,
                                                                            "Actual Startup Time": 0.066,
                                                                            "Actual Total Time": 74.643,
                                                                            "Actual Rows": 425488,
                                                                            "Actual Loops": 1
                                                                        },
                                                                        {
                                                                            "Worker Number": 3,
                                                                            "Actual Startup Time": 0.063,
                                                                            "Actual Total Time": 75.138,
                                                                            "Actual Rows": 418749,
                                                                            "Actual Loops": 1
                                                                        },
                                                                        {
                                                                            "Worker Number": 4,
                                                                            "Actual Startup Time": 0.074,
                                                                            "Actual Total Time": 80.265,
                                                                            "Actual Rows": 324228,
                                                                            "Actual Loops": 1
                                                                        }
                                                                    ]
                                                                }
                                                            ]
                                                        }
                                                    ]
                                                }
                                            ]
                                        }
                                    ]
                                }
                            ]
                        }
                    ]
                }
            ]
        },
        "Planning Time": 214.201,
        "Triggers": [],
        "Execution Time": 3523.85
    }
]