[
  {
    "Plan": {
      "Node Type": "Aggregate",
      "Strategy": "Plain",
      "Partial Mode": "Finalize",
      "Parallel Aware": false,
      "Startup Cost": 66105.75,
      "Total Cost": 66105.76,
      "Plan Rows": 1,
      "Plan Width": 8,
      "Actual Startup Time": 368.668,
      "Actual Total Time": 379.385,
      "Actual Rows": 1,
      "Actual Loops": 1,
      "Plans": [
        {
          "Node Type": "Gather",
          "Parent Relationship": "Outer",
          "Parallel Aware": false,
          "Startup Cost": 66105.54,
          "Total Cost": 66105.75,
          "Plan Rows": 2,
          "Plan Width": 8,
          "Actual Startup Time": 365.152,
          "Actual Total Time": 379.376,
          "Actual Rows": 3,
          "Actual Loops": 1,
          "Workers Planned": 2,
          "Workers Launched": 2,
          "Single Copy": false,
          "Plans": [
            {
              "Node Type": "Aggregate",
              "Strategy": "Plain",
              "Partial Mode": "Partial",
              "Parent Relationship": "Outer",
              "Parallel Aware": false,
              "Startup Cost": 65105.54,
              "Total Cost": 65105.55,
              "Plan Rows": 1,
              "Plan Width": 8,
              "Actual Startup Time": 356.006,
              "Actual Total Time": 356.009,
              "Actual Rows": 1,
              "Actual Loops": 3,
              "Plans": [
                {
                  "Node Type": "Hash Join",
                  "Parent Relationship": "Outer",
                  "Parallel Aware": true,
                  "Join Type": "Inner",
                  "Startup Cost": 49228.75,
                  "Total Cost": 64423.31,
                  "Plan Rows": 272892,
                  "Plan Width": 0,
                  "Actual Startup Time": 244.722,
                  "Actual Total Time": 350.988,
                  "Actual Rows": 123217,
                  "Actual Loops": 3,
                  "Inner Unique": true,
                  "Hash Cond": "(mi_idx.movie_id = t.id)",
                  "Plans": [
                    {
                      "Node Type": "Seq Scan",
                      "Parent Relationship": "Outer",
                      "Parallel Aware": true,
                      "Relation Name": "movie_info_idx",
                      "Alias": "mi_idx",
                      "Startup Cost": 0.0,
                      "Total Cost": 13685.15,
                      "Plan Rows": 575015,
                      "Plan Width": 4,
                      "Actual Startup Time": 0.02,
                      "Actual Total Time": 34.133,
                      "Actual Rows": 460012,
                      "Actual Loops": 3
                    },
                    {
                      "Node Type": "Hash",
                      "Parent Relationship": "Inner",
                      "Parallel Aware": true,
                      "Startup Cost": 45479.1,
                      "Total Cost": 45479.1,
                      "Plan Rows": 299972,
                      "Plan Width": 4,
                      "Actual Startup Time": 235.237,
                      "Actual Total Time": 235.238,
                      "Actual Rows": 429409,
                      "Actual Loops": 3,
                      "Hash Buckets": 2097152,
                      "Original Hash Buckets": 2097152,
                      "Hash Batches": 1,
                      "Original Hash Batches": 1,
                      "Peak Memory Usage": 66816,
                      "Plans": [
                        {
                          "Node Type": "Seq Scan",
                          "Parent Relationship": "Outer",
                          "Parallel Aware": true,
                          "Relation Name": "title",
                          "Alias": "t",
                          "Startup Cost": 0.0,
                          "Total Cost": 45479.1,
                          "Plan Rows": 299972,
                          "Plan Width": 4,
                          "Actual Startup Time": 0.031,
                          "Actual Total Time": 120.252,
                          "Actual Rows": 429409,
                          "Actual Loops": 3,
                          "Filter": "((kind_id > 4) AND (production_year > 1979))",
                          "Rows Removed by Filter": 413362
                        }
                      ]
                    }
                  ]
                }
              ]
            }
          ]
        }
      ]
    },
    "Planning Time": 0.522,
    "Triggers": [],
    "Execution Time": 379.454
  }
]