[
  {
    "Plan": {
      "Node Type": "Aggregate",
      "Strategy": "Plain",
      "Partial Mode": "Finalize",
      "Parallel Aware": false,
      "Startup Cost": 381161.72,
      "Total Cost": 381161.73,
      "Plan Rows": 1,
      "Plan Width": 8,
      "Actual Startup Time": 1835.932,
      "Actual Total Time": 1899.708,
      "Actual Rows": 1,
      "Actual Loops": 1,
      "Plans": [
        {
          "Node Type": "Gather",
          "Parent Relationship": "Outer",
          "Parallel Aware": false,
          "Startup Cost": 381161.09,
          "Total Cost": 381161.7,
          "Plan Rows": 6,
          "Plan Width": 8,
          "Actual Startup Time": 1828.719,
          "Actual Total Time": 1899.697,
          "Actual Rows": 7,
          "Actual Loops": 1,
          "Workers Planned": 6,
          "Workers Launched": 6,
          "Single Copy": false,
          "Plans": [
            {
              "Node Type": "Aggregate",
              "Strategy": "Plain",
              "Partial Mode": "Partial",
              "Parent Relationship": "Outer",
              "Parallel Aware": false,
              "Startup Cost": 380161.09,
              "Total Cost": 380161.1,
              "Plan Rows": 1,
              "Plan Width": 8,
              "Actual Startup Time": 1817.12,
              "Actual Total Time": 1817.124,
              "Actual Rows": 1,
              "Actual Loops": 7,
              "Plans": [
                {
                  "Node Type": "Hash Join",
                  "Parent Relationship": "Outer",
                  "Parallel Aware": true,
                  "Join Type": "Inner",
                  "Startup Cost": 47459.9,
                  "Total Cost": 376376.7,
                  "Plan Rows": 1513758,
                  "Plan Width": 0,
                  "Actual Startup Time": 125.704,
                  "Actual Total Time": 1752.161,
                  "Actual Rows": 1467339,
                  "Actual Loops": 7,
                  "Inner Unique": true,
                  "Hash Cond": "(ci.movie_id = t.id)",
                  "Plans": [
                    {
                      "Node Type": "Seq Scan",
                      "Parent Relationship": "Outer",
                      "Parallel Aware": true,
                      "Relation Name": "cast_info",
                      "Alias": "ci",
                      "Startup Cost": 0.0,
                      "Total Cost": 313067.02,
                      "Plan Rows": 6038002,
                      "Plan Width": 4,
                      "Actual Startup Time": 0.02,
                      "Actual Total Time": 544.952,
                      "Actual Rows": 5177763,
                      "Actual Loops": 7
                    },
                    {
                      "Node Type": "Hash",
                      "Parent Relationship": "Inner",
                      "Parallel Aware": true,
                      "Startup Cost": 45479.1,
                      "Total Cost": 45479.1,
                      "Plan Rows": 158464,
                      "Plan Width": 4,
                      "Actual Startup Time": 122.19,
                      "Actual Total Time": 122.191,
                      "Actual Rows": 87642,
                      "Actual Loops": 7,
                      "Hash Buckets": 1048576,
                      "Original Hash Buckets": 1048576,
                      "Hash Batches": 1,
                      "Original Hash Batches": 1,
                      "Peak Memory Usage": 32320,
                      "Plans": [
                        {
                          "Node Type": "Seq Scan",
                          "Parent Relationship": "Outer",
                          "Parallel Aware": true,
                          "Relation Name": "title",
                          "Alias": "t",
                          "Startup Cost": 0.0,
                          "Total Cost": 45479.1,
                          "Plan Rows": 158464,
                          "Plan Width": 4,
                          "Actual Startup Time": 45.925,
                          "Actual Total Time": 83.489,
                          "Actual Rows": 87642,
                          "Actual Loops": 7,
                          "Filter": "((production_year > 1912) AND (kind_id = 1))",
                          "Rows Removed by Filter": 273546
                        }
                      ]
                    }
                  ]
                }
              ]
            }
          ]
        }
      ]
    },
    "Planning Time": 0.627,
    "Triggers": [],
    "Execution Time": 1899.799
  }
]