{
  "Plan": {
    "Node Type": "Aggregate",
    "Strategy": "Plain",
    "Partial Mode": "Finalize",
    "Parallel Aware": false,
    "Startup Cost": 126892.2,
    "Total Cost": 126892.21,
    "Plan Rows": 1,
    "Plan Width": 8,
    "Actual Startup Time": 648.236,
    "Actual Total Time": 665.236,
    "Actual Rows": 1,
    "Actual Loops": 1,
    "Plans": [
      {
        "Node Type": "Gather",
        "Parent Relationship": "Outer",
        "Parallel Aware": false,
        "Startup Cost": 126892.09,
        "Total Cost": 126892.2,
        "Plan Rows": 1,
        "Plan Width": 8,
        "Actual Startup Time": 646.887,
        "Actual Total Time": 665.23,
        "Actual Rows": 2,
        "Actual Loops": 1,
        "Workers Planned": 1,
        "Workers Launched": 1,
        "Single Copy": false,
        "Plans": [
          {
            "Node Type": "Aggregate",
            "Strategy": "Plain",
            "Partial Mode": "Partial",
            "Parent Relationship": "Outer",
            "Parallel Aware": false,
            "Startup Cost": 125892.09,
            "Total Cost": 125892.1,
            "Plan Rows": 1,
            "Plan Width": 8,
            "Actual Startup Time": 640.493,
            "Actual Total Time": 640.496,
            "Actual Rows": 1,
            "Actual Loops": 2,
            "Plans": [
              {
                "Node Type": "Hash Join",
                "Parent Relationship": "Outer",
                "Parallel Aware": true,
                "Join Type": "Inner",
                "Startup Cost": 64117.78,
                "Total Cost": 124961.56,
                "Plan Rows": 372210,
                "Plan Width": 0,
                "Actual Startup Time": 266.149,
                "Actual Total Time": 610.17,
                "Actual Rows": 723952,
                "Actual Loops": 2,
                "Inner Unique": true,
                "Hash Cond": "(mk.movie_id = t.id)",
                "Plans": [
                  {
                    "Node Type": "Seq Scan",
                    "Parent Relationship": "Outer",
                    "Parallel Aware": true,
                    "Relation Name": "movie_keyword",
                    "Alias": "mk",
                    "Startup Cost": 0.0,
                    "Total Cost": 57718.19,
                    "Plan Rows": 1190701,
                    "Plan Width": 4,
                    "Actual Startup Time": 0.016,
                    "Actual Total Time": 178.77,
                    "Actual Rows": 1013766,
                    "Actual Loops": 2,
                    "Filter": "(keyword_id < 3636)",
                    "Rows Removed by Filter": 1248198
                  },
                  {
                    "Node Type": "Hash",
                    "Parent Relationship": "Inner",
                    "Parallel Aware": true,
                    "Startup Cost": 58306.47,
                    "Total Cost": 58306.47,
                    "Plan Rows": 464905,
                    "Plan Width": 4,
                    "Actual Startup Time": 256.492,
                    "Actual Total Time": 256.494,
                    "Actual Rows": 361032,
                    "Actual Loops": 2,
                    "Hash Buckets": 1048576,
                    "Original Hash Buckets": 1048576,
                    "Hash Batches": 1,
                    "Original Hash Batches": 1,
                    "Peak Memory Usage": 36480,
                    "Plans": [
                      {
                        "Node Type": "Seq Scan",
                        "Parent Relationship": "Outer",
                        "Parallel Aware": true,
                        "Relation Name": "title",
                        "Alias": "t",
                        "Startup Cost": 0.0,
                        "Total Cost": 58306.47,
                        "Plan Rows": 464905,
                        "Plan Width": 4,
                        "Actual Startup Time": 0.071,
                        "Actual Total Time": 161.847,
                        "Actual Rows": 361032,
                        "Actual Loops": 2,
                        "Filter": "((kind_id < 4) AND (production_year > 1933))",
                        "Rows Removed by Filter": 903124
                      }
                    ]
                  }
                ]
              }
            ]
          }
        ]
      }
    ]
  },
  "Planning Time": 0.855,
  "Triggers": [],
  "Execution Time": 665.32
}