[
  {
    "Plan": {
      "Node Type": "Aggregate",
      "Strategy": "Plain",
      "Partial Mode": "Simple",
      "Parallel Aware": false,
      "Startup Cost": 7467.91,
      "Total Cost": 7467.92,
      "Plan Rows": 1,
      "Plan Width": 96,
      "Actual Startup Time": 410.179,
      "Actual Total Time": 410.19,
      "Actual Rows": 1,
      "Actual Loops": 1,
      "Plans": [
        {
          "Node Type": "Nested Loop",
          "Parent Relationship": "Outer",
          "Parallel Aware": false,
          "Join Type": "Inner",
          "Startup Cost": 12.93,
          "Total Cost": 7467.91,
          "Plan Rows": 1,
          "Plan Width": 42,
          "Actual Startup Time": 410.174,
          "Actual Total Time": 410.184,
          "Actual Rows": 0,
          "Actual Loops": 1,
          "Inner Unique": true,
          "Join Filter": "(mi_idx.info_type_id = it2.id)",
          "Rows Removed by Join Filter": 0,
          "Plans": [
            {
              "Node Type": "Nested Loop",
              "Parent Relationship": "Outer",
              "Parallel Aware": false,
              "Join Type": "Inner",
              "Startup Cost": 12.93,
              "Total Cost": 7465.48,
              "Plan Rows": 1,
              "Plan Width": 46,
              "Actual Startup Time": 410.173,
              "Actual Total Time": 410.182,
              "Actual Rows": 0,
              "Actual Loops": 1,
              "Inner Unique": false,
              "Join Filter": "(t.id = mi_idx.movie_id)",
              "Rows Removed by Join Filter": 0,
              "Plans": [
                {
                  "Node Type": "Nested Loop",
                  "Parent Relationship": "Outer",
                  "Parallel Aware": false,
                  "Join Type": "Inner",
                  "Startup Cost": 12.5,
                  "Total Cost": 7464.94,
                  "Plan Rows": 1,
                  "Plan Width": 52,
                  "Actual Startup Time": 329.513,
                  "Actual Total Time": 410.01,
                  "Actual Rows": 4,
                  "Actual Loops": 1,
                  "Inner Unique": true,
                  "Join Filter": "(mc.company_type_id = ct.id)",
                  "Rows Removed by Join Filter": 3,
                  "Plans": [
                    {
                      "Node Type": "Nested Loop",
                      "Parent Relationship": "Outer",
                      "Parallel Aware": false,
                      "Join Type": "Inner",
                      "Startup Cost": 12.5,
                      "Total Cost": 7463.85,
                      "Plan Rows": 1,
                      "Plan Width": 56,
                      "Actual Startup Time": 329.501,
                      "Actual Total Time": 409.979,
                      "Actual Rows": 4,
                      "Actual Loops": 1,
                      "Inner Unique": true,
                      "Plans": [
                        {
                          "Node Type": "Nested Loop",
                          "Parent Relationship": "Outer",
                          "Parallel Aware": false,
                          "Join Type": "Inner",
                          "Startup Cost": 12.08,
                          "Total Cost": 7463.41,
                          "Plan Rows": 1,
                          "Plan Width": 41,
                          "Actual Startup Time": 267.174,
                          "Actual Total Time": 409.63,
                          "Actual Rows": 24,
                          "Actual Loops": 1,
                          "Inner Unique": false,
                          "Join Filter": "(t.id = mc.movie_id)",
                          "Rows Removed by Join Filter": 0,
                          "Plans": [
                            {
                              "Node Type": "Nested Loop",
                              "Parent Relationship": "Outer",
                              "Parallel Aware": false,
                              "Join Type": "Inner",
                              "Startup Cost": 11.65,
                              "Total Cost": 7462.8,
                              "Plan Rows": 1,
                              "Plan Width": 29,
                              "Actual Startup Time": 267.115,
                              "Actual Total Time": 409.181,
                              "Actual Rows": 9,
                              "Actual Loops": 1,
                              "Inner Unique": true,
                              "Join Filter": "(mi.info_type_id = it1.id)",
                              "Rows Removed by Join Filter": 0,
                              "Plans": [
                                {
                                  "Node Type": "Nested Loop",
                                  "Parent Relationship": "Outer",
                                  "Parallel Aware": false,
                                  "Join Type": "Inner",
                                  "Startup Cost": 11.65,
                                  "Total Cost": 7460.38,
                                  "Plan Rows": 1,
                                  "Plan Width": 33,
                                  "Actual Startup Time": 267.095,
                                  "Actual Total Time": 409.053,
                                  "Actual Rows": 9,
                                  "Actual Loops": 1,
                                  "Inner Unique": false,
                                  "Join Filter": "(t.id = mi.movie_id)",
                                  "Rows Removed by Join Filter": 0,
                                  "Plans": [
                                    {
                                      "Node Type": "Nested Loop",
                                      "Parent Relationship": "Outer",
                                      "Parallel Aware": false,
                                      "Join Type": "Inner",
                                      "Startup Cost": 11.22,
                                      "Total Cost": 7458.53,
                                      "Plan Rows": 1,
                                      "Plan Width": 25,
                                      "Actual Startup Time": 266.896,
                                      "Actual Total Time": 407.364,
                                      "Actual Rows": 9,
                                      "Actual Loops": 1,
                                      "Inner Unique": true,
                                      "Join Filter": "(t.kind_id = kt.id)",
                                      "Rows Removed by Join Filter": 0,
                                      "Plans": [
                                        {
                                          "Node Type": "Nested Loop",
                                          "Parent Relationship": "Outer",
                                          "Parallel Aware": false,
                                          "Join Type": "Inner",
                                          "Startup Cost": 11.22,
                                          "Total Cost": 7457.41,
                                          "Plan Rows": 1,
                                          "Plan Width": 29,
                                          "Actual Startup Time": 266.868,
                                          "Actual Total Time": 407.249,
                                          "Actual Rows": 9,
                                          "Actual Loops": 1,
                                          "Inner Unique": true,
                                          "Plans": [
                                            {
                                              "Node Type": "Nested Loop",
                                              "Parent Relationship": "Outer",
                                              "Parallel Aware": false,
                                              "Join Type": "Inner",
                                              "Startup Cost": 10.79,
                                              "Total Cost": 7391.29,
                                              "Plan Rows": 135,
                                              "Plan Width": 4,
                                              "Actual Startup Time": 4.171,
                                              "Actual Total Time": 159.099,
                                              "Actual Rows": 37091,
                                              "Actual Loops": 1,
                                              "Inner Unique": false,
                                              "Plans": [
                                                {
                                                  "Node Type": "Seq Scan",
                                                  "Parent Relationship": "Outer",
                                                  "Parallel Aware": false,
                                                  "Relation Name": "keyword",
                                                  "Alias": "k",
                                                  "Startup Cost": 0.0,
                                                  "Total Cost": 2961.55,
                                                  "Plan Rows": 4,
                                                  "Plan Width": 4,
                                                  "Actual Startup Time": 1.071,
                                                  "Actual Total Time": 19.394,
                                                  "Actual Rows": 3,
                                                  "Actual Loops": 1,
                                                  "Filter": "(keyword = ANY ('{murder,murder-in-title,blood,violence}'::text[]))",
                                                  "Rows Removed by Filter": 134167
                                                },
                                                {
                                                  "Node Type": "Bitmap Heap Scan",
                                                  "Parent Relationship": "Inner",
                                                  "Parallel Aware": false,
                                                  "Relation Name": "movie_keyword",
                                                  "Alias": "mk",
                                                  "Startup Cost": 10.79,
                                                  "Total Cost": 1104.4,
                                                  "Plan Rows": 304,
                                                  "Plan Width": 8,
                                                  "Actual Startup Time": 2.966,
                                                  "Actual Total Time": 44.159,
                                                  "Actual Rows": 12364,
                                                  "Actual Loops": 3,
                                                  "Recheck Cond": "(keyword_id = k.id)",
                                                  "Rows Removed by Index Recheck": 0,
                                                  "Exact Heap Blocks": 26312,
                                                  "Lossy Heap Blocks": 0,
                                                  "Plans": [
                                                    {
                                                      "Node Type": "Bitmap Index Scan",
                                                      "Parent Relationship": "Outer",
                                                      "Parallel Aware": false,
                                                      "Index Name": "keyword_id_movie_keyword",
                                                      "Startup Cost": 0.0,
                                                      "Total Cost": 10.71,
                                                      "Plan Rows": 304,
                                                      "Plan Width": 0,
                                                      "Actual Startup Time": 1.981,
                                                      "Actual Total Time": 1.981,
                                                      "Actual Rows": 12364,
                                                      "Actual Loops": 3,
                                                      "Index Cond": "(keyword_id = k.id)"
                                                    }
                                                  ]
                                                }
                                              ]
                                            },
                                            {
                                              "Node Type": "Index Scan",
                                              "Parent Relationship": "Inner",
                                              "Parallel Aware": false,
                                              "Scan Direction": "Forward",
                                              "Index Name": "title_pkey",
                                              "Relation Name": "title",
                                              "Alias": "t",
                                              "Startup Cost": 0.43,
                                              "Total Cost": 0.49,
                                              "Plan Rows": 1,
                                              "Plan Width": 25,
                                              "Actual Startup Time": 0.006,
                                              "Actual Total Time": 0.006,
                                              "Actual Rows": 0,
                                              "Actual Loops": 37091,
                                              "Index Cond": "(id = mk.movie_id)",
                                              "Rows Removed by Index Recheck": 0,
                                              "Filter": "(production_year < 1910)",
                                              "Rows Removed by Filter": 1
                                            }
                                          ]
                                        },
                                        {
                                          "Node Type": "Seq Scan",
                                          "Parent Relationship": "Inner",
                                          "Parallel Aware": false,
                                          "Relation Name": "kind_type",
                                          "Alias": "kt",
                                          "Startup Cost": 0.0,
                                          "Total Cost": 1.09,
                                          "Plan Rows": 2,
                                          "Plan Width": 4,
                                          "Actual Startup Time": 0.005,
                                          "Actual Total Time": 0.006,
                                          "Actual Rows": 1,
                                          "Actual Loops": 9,
                                          "Filter": "((kind)::text = ANY ('{movie,episode}'::text[]))",
                                          "Rows Removed by Filter": 0
                                        }
                                      ]
                                    },
                                    {
                                      "Node Type": "Index Scan",
                                      "Parent Relationship": "Inner",
                                      "Parallel Aware": false,
                                      "Scan Direction": "Forward",
                                      "Index Name": "movie_id_movie_info",
                                      "Relation Name": "movie_info",
                                      "Alias": "mi",
                                      "Startup Cost": 0.43,
                                      "Total Cost": 1.83,
                                      "Plan Rows": 2,
                                      "Plan Width": 8,
                                      "Actual Startup Time": 0.173,
                                      "Actual Total Time": 0.184,
                                      "Actual Rows": 1,
                                      "Actual Loops": 9,
                                      "Index Cond": "(movie_id = mk.movie_id)",
                                      "Rows Removed by Index Recheck": 0,
                                      "Filter": "(info = ANY ('{Sweden,Norway,Germany,Denmark,Swedish,Danish,Norwegian,German,USA,American}'::text[]))",
                                      "Rows Removed by Filter": 12
                                    }
                                  ]
                                },
                                {
                                  "Node Type": "Seq Scan",
                                  "Parent Relationship": "Inner",
                                  "Parallel Aware": false,
                                  "Relation Name": "info_type",
                                  "Alias": "it1",
                                  "Startup Cost": 0.0,
                                  "Total Cost": 2.41,
                                  "Plan Rows": 1,
                                  "Plan Width": 4,
                                  "Actual Startup Time": 0.008,
                                  "Actual Total Time": 0.008,
                                  "Actual Rows": 1,
                                  "Actual Loops": 9,
                                  "Filter": "((info)::text = 'countries'::text)",
                                  "Rows Removed by Filter": 7
                                }
                              ]
                            },
                            {
                              "Node Type": "Index Scan",
                              "Parent Relationship": "Inner",
                              "Parallel Aware": false,
                              "Scan Direction": "Forward",
                              "Index Name": "movie_id_movie_companies",
                              "Relation Name": "movie_companies",
                              "Alias": "mc",
                              "Startup Cost": 0.43,
                              "Total Cost": 0.54,
                              "Plan Rows": 5,
                              "Plan Width": 12,
                              "Actual Startup Time": 0.034,
                              "Actual Total Time": 0.046,
                              "Actual Rows": 3,
                              "Actual Loops": 9,
                              "Index Cond": "(movie_id = mk.movie_id)",
                              "Rows Removed by Index Recheck": 0
                            }
                          ]
                        },
                        {
                          "Node Type": "Index Scan",
                          "Parent Relationship": "Inner",
                          "Parallel Aware": false,
                          "Scan Direction": "Forward",
                          "Index Name": "company_name_pkey",
                          "Relation Name": "company_name",
                          "Alias": "cn",
                          "Startup Cost": 0.42,
                          "Total Cost": 0.45,
                          "Plan Rows": 1,
                          "Plan Width": 23,
                          "Actual Startup Time": 0.013,
                          "Actual Total Time": 0.013,
                          "Actual Rows": 0,
                          "Actual Loops": 24,
                          "Index Cond": "(id = mc.company_id)",
                          "Rows Removed by Index Recheck": 0,
                          "Filter": "((country_code)::text <> '[us]'::text)",
                          "Rows Removed by Filter": 1
                        }
                      ]
                    },
                    {
                      "Node Type": "Seq Scan",
                      "Parent Relationship": "Inner",
                      "Parallel Aware": false,
                      "Relation Name": "company_type",
                      "Alias": "ct",
                      "Startup Cost": 0.0,
                      "Total Cost": 1.04,
                      "Plan Rows": 4,
                      "Plan Width": 4,
                      "Actual Startup Time": 0.003,
                      "Actual Total Time": 0.003,
                      "Actual Rows": 2,
                      "Actual Loops": 4
                    }
                  ]
                },
                {
                  "Node Type": "Index Scan",
                  "Parent Relationship": "Inner",
                  "Parallel Aware": false,
                  "Scan Direction": "Forward",
                  "Index Name": "movie_id_movie_info_idx",
                  "Relation Name": "movie_info_idx",
                  "Alias": "mi_idx",
                  "Startup Cost": 0.43,
                  "Total Cost": 0.5,
                  "Plan Rows": 3,
                  "Plan Width": 14,
                  "Actual Startup Time": 0.04,
                  "Actual Total Time": 0.04,
                  "Actual Rows": 0,
                  "Actual Loops": 4,
                  "Index Cond": "(movie_id = mk.movie_id)",
                  "Rows Removed by Index Recheck": 0,
                  "Filter": "(info < '8.5'::text)",
                  "Rows Removed by Filter": 0
                }
              ]
            },
            {
              "Node Type": "Seq Scan",
              "Parent Relationship": "Inner",
              "Parallel Aware": false,
              "Relation Name": "info_type",
              "Alias": "it2",
              "Startup Cost": 0.0,
              "Total Cost": 2.41,
              "Plan Rows": 1,
              "Plan Width": 4,
              "Actual Startup Time": 0.0,
              "Actual Total Time": 0.0,
              "Actual Rows": 0,
              "Actual Loops": 0,
              "Filter": "((info)::text = 'rating'::text)",
              "Rows Removed by Filter": 0
            }
          ]
        }
      ]
    },
    "Planning Time": 56.118,
    "Triggers": [],
    "Execution Time": 410.593
  }
]