[
  {
    "Plan": {
      "Node Type": "Aggregate",
      "Strategy": "Plain",
      "Partial Mode": "Finalize",
      "Parallel Aware": false,
      "Startup Cost": 45793.26,
      "Total Cost": 45793.27,
      "Plan Rows": 1,
      "Plan Width": 8,
      "Actual Startup Time": 149.624,
      "Actual Total Time": 159.227,
      "Actual Rows": 1,
      "Actual Loops": 1,
      "Plans": [
        {
          "Node Type": "Gather",
          "Parent Relationship": "Outer",
          "Parallel Aware": false,
          "Startup Cost": 45792.95,
          "Total Cost": 45793.26,
          "Plan Rows": 3,
          "Plan Width": 8,
          "Actual Startup Time": 149.459,
          "Actual Total Time": 159.219,
          "Actual Rows": 4,
          "Actual Loops": 1,
          "Workers Planned": 3,
          "Workers Launched": 3,
          "Single Copy": false,
          "Plans": [
            {
              "Node Type": "Aggregate",
              "Strategy": "Plain",
              "Partial Mode": "Partial",
              "Parent Relationship": "Outer",
              "Parallel Aware": false,
              "Startup Cost": 44792.95,
              "Total Cost": 44792.96,
              "Plan Rows": 1,
              "Plan Width": 8,
              "Actual Startup Time": 144.608,
              "Actual Total Time": 144.609,
              "Actual Rows": 1,
              "Actual Loops": 4,
              "Plans": [
                {
                  "Node Type": "Seq Scan",
                  "Parent Relationship": "Outer",
                  "Parallel Aware": true,
                  "Relation Name": "movie_keyword",
                  "Alias": "mk",
                  "Startup Cost": 0.0,
                  "Total Cost": 42695.65,
                  "Plan Rows": 838917,
                  "Plan Width": 0,
                  "Actual Startup Time": 0.353,
                  "Actual Total Time": 115.331,
                  "Actual Rows": 649087,
                  "Actual Loops": 4,
                  "Filter": "(keyword_id > 3312)",
                  "Rows Removed by Filter": 481896
                }
              ]
            }
          ]
        }
      ]
    },
    "Planning Time": 0.122,
    "Triggers": [],
    "Execution Time": 159.262
  }
]