[
  {
    "Plan": {
      "Node Type": "Aggregate",
      "Strategy": "Plain",
      "Partial Mode": "Finalize",
      "Parallel Aware": false,
      "Startup Cost": 45794.82,
      "Total Cost": 45794.83,
      "Plan Rows": 1,
      "Plan Width": 8,
      "Actual Startup Time": 167.333,
      "Actual Total Time": 177.455,
      "Actual Rows": 1,
      "Actual Loops": 1,
      "Plans": [
        {
          "Node Type": "Gather",
          "Parent Relationship": "Outer",
          "Parallel Aware": false,
          "Startup Cost": 45794.5,
          "Total Cost": 45794.81,
          "Plan Rows": 3,
          "Plan Width": 8,
          "Actual Startup Time": 167.211,
          "Actual Total Time": 177.447,
          "Actual Rows": 4,
          "Actual Loops": 1,
          "Workers Planned": 3,
          "Workers Launched": 3,
          "Single Copy": false,
          "Plans": [
            {
              "Node Type": "Aggregate",
              "Strategy": "Plain",
              "Partial Mode": "Partial",
              "Parent Relationship": "Outer",
              "Parallel Aware": false,
              "Startup Cost": 44794.5,
              "Total Cost": 44794.51,
              "Plan Rows": 1,
              "Plan Width": 8,
              "Actual Startup Time": 160.681,
              "Actual Total Time": 160.682,
              "Actual Rows": 1,
              "Actual Loops": 4,
              "Plans": [
                {
                  "Node Type": "Seq Scan",
                  "Parent Relationship": "Outer",
                  "Parallel Aware": true,
                  "Relation Name": "movie_keyword",
                  "Alias": "mk",
                  "Startup Cost": 0.0,
                  "Total Cost": 42695.65,
                  "Plan Rows": 839538,
                  "Plan Width": 0,
                  "Actual Startup Time": 0.517,
                  "Actual Total Time": 127.806,
                  "Actual Rows": 649087,
                  "Actual Loops": 4,
                  "Filter": "(keyword_id > 3312)",
                  "Rows Removed by Filter": 481896
                }
              ]
            }
          ]
        }
      ]
    },
    "Planning Time": 0.179,
    "Triggers": [],
    "Execution Time": 177.519
  }
]