[
  {
    "Plan": {
      "Node Type": "Aggregate",
      "Strategy": "Plain",
      "Partial Mode": "Finalize",
      "Parallel Aware": false,
      "Startup Cost": 78650.4,
      "Total Cost": 78650.41,
      "Plan Rows": 1,
      "Plan Width": 8,
      "Actual Startup Time": 262.572,
      "Actual Total Time": 286.187,
      "Actual Rows": 1,
      "Actual Loops": 1,
      "Plans": [
        {
          "Node Type": "Gather",
          "Parent Relationship": "Outer",
          "Parallel Aware": false,
          "Startup Cost": 78650.08,
          "Total Cost": 78650.39,
          "Plan Rows": 3,
          "Plan Width": 8,
          "Actual Startup Time": 260.191,
          "Actual Total Time": 286.177,
          "Actual Rows": 4,
          "Actual Loops": 1,
          "Workers Planned": 3,
          "Workers Launched": 3,
          "Single Copy": false,
          "Plans": [
            {
              "Node Type": "Aggregate",
              "Strategy": "Plain",
              "Partial Mode": "Partial",
              "Parent Relationship": "Outer",
              "Parallel Aware": false,
              "Startup Cost": 77650.08,
              "Total Cost": 77650.09,
              "Plan Rows": 1,
              "Plan Width": 8,
              "Actual Startup Time": 250.68,
              "Actual Total Time": 250.684,
              "Actual Rows": 1,
              "Actual Loops": 4,
              "Plans": [
                {
                  "Node Type": "Hash Join",
                  "Parent Relationship": "Outer",
                  "Parallel Aware": true,
                  "Join Type": "Inner",
                  "Startup Cost": 51913.83,
                  "Total Cost": 77624.59,
                  "Plan Rows": 10196,
                  "Plan Width": 0,
                  "Actual Startup Time": 193.982,
                  "Actual Total Time": 249.054,
                  "Actual Rows": 26138,
                  "Actual Loops": 4,
                  "Inner Unique": true,
                  "Hash Cond": "(mk.movie_id = t.id)",
                  "Plans": [
                    {
                      "Node Type": "Bitmap Heap Scan",
                      "Parent Relationship": "Outer",
                      "Parallel Aware": true,
                      "Relation Name": "movie_keyword",
                      "Alias": "mk",
                      "Startup Cost": 5464.71,
                      "Total Cost": 30957.35,
                      "Plan Rows": 83092,
                      "Plan Width": 4,
                      "Actual Startup Time": 18.121,
                      "Actual Total Time": 68.05,
                      "Actual Rows": 63157,
                      "Actual Loops": 4,
                      "Recheck Cond": "(keyword_id < 217)",
                      "Rows Removed by Index Recheck": 0,
                      "Exact Heap Blocks": 9290,
                      "Lossy Heap Blocks": 0,
                      "Plans": [
                        {
                          "Node Type": "Bitmap Index Scan",
                          "Parent Relationship": "Outer",
                          "Parallel Aware": false,
                          "Index Name": "keyword_id_movie_keyword",
                          "Startup Cost": 0.0,
                          "Total Cost": 5400.31,
                          "Plan Rows": 257584,
                          "Plan Width": 0,
                          "Actual Startup Time": 14.5,
                          "Actual Total Time": 14.5,
                          "Actual Rows": 252629,
                          "Actual Loops": 1,
                          "Index Cond": "(keyword_id < 217)"
                        }
                      ]
                    },
                    {
                      "Node Type": "Hash",
                      "Parent Relationship": "Inner",
                      "Parallel Aware": true,
                      "Startup Cost": 45479.59,
                      "Total Cost": 45479.59,
                      "Plan Rows": 77563,
                      "Plan Width": 4,
                      "Actual Startup Time": 155.295,
                      "Actual Total Time": 155.296,
                      "Actual Rows": 100185,
                      "Actual Loops": 4,
                      "Hash Buckets": 524288,
                      "Original Hash Buckets": 524288,
                      "Hash Batches": 1,
                      "Original Hash Batches": 1,
                      "Peak Memory Usage": 19840,
                      "Plans": [
                        {
                          "Node Type": "Seq Scan",
                          "Parent Relationship": "Outer",
                          "Parallel Aware": true,
                          "Relation Name": "title",
                          "Alias": "t",
                          "Startup Cost": 0.0,
                          "Total Cost": 45479.59,
                          "Plan Rows": 77563,
                          "Plan Width": 4,
                          "Actual Startup Time": 68.199,
                          "Actual Total Time": 117.791,
                          "Actual Rows": 100185,
                          "Actual Loops": 4,
                          "Filter": "((production_year < 2003) AND (kind_id = 1))",
                          "Rows Removed by Filter": 531893
                        }
                      ]
                    }
                  ]
                }
              ]
            }
          ]
        }
      ]
    },
    "Planning Time": 0.685,
    "Triggers": [],
    "Execution Time": 286.292
  }
]