[
    {
        "Bao": {
            "Bao prediction": "NaN",
            "Bao recommended hint": "(no hint)"
        }
    },
    {
        "Plan": {
            "Node Type": "Aggregate",
            "Strategy": "Plain",
            "Partial Mode": "Finalize",
            "Parallel Aware": false,
            "Startup Cost": 32796.36,
            "Total Cost": 32796.37,
            "Plan Rows": 1,
            "Plan Width": 8,
            "Actual Startup Time": 80.544,
            "Actual Total Time": 86.623,
            "Actual Rows": 1,
            "Actual Loops": 1,
            "Output": [
                "count(*)"
            ],
            "Plans": [
                {
                    "Node Type": "Gather",
                    "Parent Relationship": "Outer",
                    "Parallel Aware": false,
                    "Startup Cost": 32796.04,
                    "Total Cost": 32796.35,
                    "Plan Rows": 3,
                    "Plan Width": 8,
                    "Actual Startup Time": 80.45,
                    "Actual Total Time": 86.617,
                    "Actual Rows": 4,
                    "Actual Loops": 1,
                    "Output": [
                        "(PARTIAL count(*))"
                    ],
                    "Workers Planned": 3,
                    "Workers Launched": 3,
                    "Single Copy": false,
                    "Plans": [
                        {
                            "Node Type": "Aggregate",
                            "Strategy": "Plain",
                            "Partial Mode": "Partial",
                            "Parent Relationship": "Outer",
                            "Parallel Aware": false,
                            "Startup Cost": 31796.04,
                            "Total Cost": 31796.05,
                            "Plan Rows": 1,
                            "Plan Width": 8,
                            "Actual Startup Time": 72.588,
                            "Actual Total Time": 72.589,
                            "Actual Rows": 1,
                            "Actual Loops": 4,
                            "Output": [
                                "PARTIAL count(*)"
                            ],
                            "Workers": [
                                {
                                    "Worker Number": 0,
                                    "Actual Startup Time": 69.602,
                                    "Actual Total Time": 69.603,
                                    "Actual Rows": 1,
                                    "Actual Loops": 1
                                },
                                {
                                    "Worker Number": 1,
                                    "Actual Startup Time": 70.196,
                                    "Actual Total Time": 70.197,
                                    "Actual Rows": 1,
                                    "Actual Loops": 1
                                },
                                {
                                    "Worker Number": 2,
                                    "Actual Startup Time": 70.382,
                                    "Actual Total Time": 70.383,
                                    "Actual Rows": 1,
                                    "Actual Loops": 1
                                }
                            ],
                            "Plans": [
                                {
                                    "Node Type": "Seq Scan",
                                    "Parent Relationship": "Outer",
                                    "Parallel Aware": true,
                                    "Relation Name": "movie_companies",
                                    "Schema": "public",
                                    "Alias": "mc",
                                    "Startup Cost": 0.0,
                                    "Total Cost": 31414.82,
                                    "Plan Rows": 152488,
                                    "Plan Width": 0,
                                    "Actual Startup Time": 42.129,
                                    "Actual Total Time": 69.685,
                                    "Actual Rows": 67186,
                                    "Actual Loops": 4,
                                    "Output": [
                                        "id",
                                        "movie_id",
                                        "company_id",
                                        "company_type_id",
                                        "note"
                                    ],
                                    "Filter": "((mc.company_id < 3232) AND (mc.company_type_id = 2))",
                                    "Rows Removed by Filter": 585096,
                                    "Workers": [
                                        {
                                            "Worker Number": 0,
                                            "Actual Startup Time": 39.144,
                                            "Actual Total Time": 66.831,
                                            "Actual Rows": 64034,
                                            "Actual Loops": 1
                                        },
                                        {
                                            "Worker Number": 1,
                                            "Actual Startup Time": 39.736,
                                            "Actual Total Time": 67.439,
                                            "Actual Rows": 62810,
                                            "Actual Loops": 1
                                        },
                                        {
                                            "Worker Number": 2,
                                            "Actual Startup Time": 39.924,
                                            "Actual Total Time": 67.584,
                                            "Actual Rows": 64268,
                                            "Actual Loops": 1
                                        }
                                    ]
                                }
                            ]
                        }
                    ]
                }
            ]
        },
        "Planning Time": 202.911,
        "Triggers": [],
        "Execution Time": 86.669
    }
]