[
  {
    "Plan": {
      "Node Type": "Aggregate",
      "Strategy": "Plain",
      "Partial Mode": "Finalize",
      "Parallel Aware": false,
      "Startup Cost": 73758.99,
      "Total Cost": 73759.0,
      "Plan Rows": 1,
      "Plan Width": 8,
      "Actual Startup Time": 110.049,
      "Actual Total Time": 124.842,
      "Actual Rows": 1,
      "Actual Loops": 1,
      "Plans": [
        {
          "Node Type": "Gather",
          "Parent Relationship": "Outer",
          "Parallel Aware": false,
          "Startup Cost": 73758.57,
          "Total Cost": 73758.98,
          "Plan Rows": 4,
          "Plan Width": 8,
          "Actual Startup Time": 109.854,
          "Actual Total Time": 124.833,
          "Actual Rows": 5,
          "Actual Loops": 1,
          "Workers Planned": 4,
          "Workers Launched": 4,
          "Single Copy": false,
          "Plans": [
            {
              "Node Type": "Aggregate",
              "Strategy": "Plain",
              "Partial Mode": "Partial",
              "Parent Relationship": "Outer",
              "Parallel Aware": false,
              "Startup Cost": 72758.57,
              "Total Cost": 72758.58,
              "Plan Rows": 1,
              "Plan Width": 8,
              "Actual Startup Time": 103.27,
              "Actual Total Time": 103.271,
              "Actual Rows": 1,
              "Actual Loops": 5,
              "Plans": [
                {
                  "Node Type": "Nested Loop",
                  "Parent Relationship": "Outer",
                  "Parallel Aware": false,
                  "Join Type": "Inner",
                  "Startup Cost": 0.43,
                  "Total Cost": 72745.28,
                  "Plan Rows": 5318,
                  "Plan Width": 0,
                  "Actual Startup Time": 50.644,
                  "Actual Total Time": 102.713,
                  "Actual Rows": 9342,
                  "Actual Loops": 5,
                  "Inner Unique": false,
                  "Plans": [
                    {
                      "Node Type": "Seq Scan",
                      "Parent Relationship": "Outer",
                      "Parallel Aware": true,
                      "Relation Name": "title",
                      "Alias": "t",
                      "Startup Cost": 0.0,
                      "Total Cost": 45479.59,
                      "Plan Rows": 3455,
                      "Plan Width": 4,
                      "Actual Startup Time": 50.404,
                      "Actual Total Time": 81.704,
                      "Actual Rows": 1516,
                      "Actual Loops": 5,
                      "Filter": "((kind_id = 1) AND (production_year = 1999))",
                      "Rows Removed by Filter": 504147
                    },
                    {
                      "Node Type": "Index Scan",
                      "Parent Relationship": "Inner",
                      "Parallel Aware": false,
                      "Scan Direction": "Forward",
                      "Index Name": "movie_id_movie_keyword",
                      "Relation Name": "movie_keyword",
                      "Alias": "mk",
                      "Startup Cost": 0.43,
                      "Total Cost": 7.49,
                      "Plan Rows": 40,
                      "Plan Width": 4,
                      "Actual Startup Time": 0.012,
                      "Actual Total Time": 0.013,
                      "Actual Rows": 6,
                      "Actual Loops": 7578,
                      "Index Cond": "(movie_id = t.id)",
                      "Rows Removed by Index Recheck": 0,
                      "Filter": "(keyword_id < 29032)",
                      "Rows Removed by Filter": 1
                    }
                  ]
                }
              ]
            }
          ]
        }
      ]
    },
    "Planning Time": 0.306,
    "Triggers": [],
    "Execution Time": 124.893
  }
]