{
  "Plan": {
    "Node Type": "Aggregate",
    "Strategy": "Plain",
    "Partial Mode": "Finalize",
    "Parallel Aware": false,
    "Startup Cost": 596779.48,
    "Total Cost": 596779.49,
    "Plan Rows": 1,
    "Plan Width": 8,
    "Actual Startup Time": 2281.456,
    "Actual Total Time": 2348.307,
    "Actual Rows": 1,
    "Actual Loops": 1,
    "Plans": [
      {
        "Node Type": "Gather",
        "Parent Relationship": "Outer",
        "Parallel Aware": false,
        "Startup Cost": 596779.37,
        "Total Cost": 596779.48,
        "Plan Rows": 1,
        "Plan Width": 8,
        "Actual Startup Time": 2281.018,
        "Actual Total Time": 2348.295,
        "Actual Rows": 2,
        "Actual Loops": 1,
        "Workers Planned": 1,
        "Workers Launched": 1,
        "Single Copy": false,
        "Plans": [
          {
            "Node Type": "Aggregate",
            "Strategy": "Plain",
            "Partial Mode": "Partial",
            "Parent Relationship": "Outer",
            "Parallel Aware": false,
            "Startup Cost": 595779.37,
            "Total Cost": 595779.38,
            "Plan Rows": 1,
            "Plan Width": 8,
            "Actual Startup Time": 2275.267,
            "Actual Total Time": 2275.27,
            "Actual Rows": 1,
            "Actual Loops": 2,
            "Plans": [
              {
                "Node Type": "Hash Join",
                "Parent Relationship": "Outer",
                "Parallel Aware": true,
                "Join Type": "Inner",
                "Startup Cost": 55410.7,
                "Total Cost": 594918.37,
                "Plan Rows": 344400,
                "Plan Width": 0,
                "Actual Startup Time": 701.994,
                "Actual Total Time": 2260.904,
                "Actual Rows": 323340,
                "Actual Loops": 2,
                "Inner Unique": true,
                "Hash Cond": "(ci.movie_id = t.id)",
                "Plans": [
                  {
                    "Node Type": "Seq Scan",
                    "Parent Relationship": "Outer",
                    "Parallel Aware": true,
                    "Relation Name": "cast_info",
                    "Alias": "ci",
                    "Startup Cost": 0.0,
                    "Total Cost": 519069.44,
                    "Plan Rows": 7785978,
                    "Plan Width": 4,
                    "Actual Startup Time": 548.422,
                    "Actual Total Time": 1341.848,
                    "Actual Rows": 6599724,
                    "Actual Loops": 2,
                    "Filter": "(person_id > 2354610)",
                    "Rows Removed by Filter": 11522448
                  },
                  {
                    "Node Type": "Hash",
                    "Parent Relationship": "Inner",
                    "Parallel Aware": true,
                    "Startup Cost": 54588.39,
                    "Total Cost": 54588.39,
                    "Plan Rows": 65785,
                    "Plan Width": 4,
                    "Actual Startup Time": 151.062,
                    "Actual Total Time": 151.063,
                    "Actual Rows": 54214,
                    "Actual Loops": 2,
                    "Hash Buckets": 131072,
                    "Original Hash Buckets": 131072,
                    "Hash Batches": 1,
                    "Original Hash Batches": 1,
                    "Peak Memory Usage": 5280,
                    "Plans": [
                      {
                        "Node Type": "Seq Scan",
                        "Parent Relationship": "Outer",
                        "Parallel Aware": true,
                        "Relation Name": "title",
                        "Alias": "t",
                        "Startup Cost": 0.0,
                        "Total Cost": 54588.39,
                        "Plan Rows": 65785,
                        "Plan Width": 4,
                        "Actual Startup Time": 0.035,
                        "Actual Total Time": 136.413,
                        "Actual Rows": 54214,
                        "Actual Loops": 2,
                        "Filter": "(production_year = 2006)",
                        "Rows Removed by Filter": 1209942
                      }
                    ]
                  }
                ]
              }
            ]
          }
        ]
      }
    ]
  },
  "Planning Time": 0.459,
  "Triggers": [],
  "Execution Time": 2348.396
}