{
  "Plan": {
    "Node Type": "Aggregate",
    "Strategy": "Plain",
    "Partial Mode": "Finalize",
    "Parallel Aware": false,
    "Startup Cost": 437202.01,
    "Total Cost": 437202.02,
    "Plan Rows": 1,
    "Plan Width": 32,
    "Actual Startup Time": 2217.324,
    "Actual Total Time": 2271.874,
    "Actual Rows": 1,
    "Actual Loops": 1,
    "Plans": [
      {
        "Node Type": "Gather",
        "Parent Relationship": "Outer",
        "Parallel Aware": false,
        "Startup Cost": 437201.9,
        "Total Cost": 437202.01,
        "Plan Rows": 1,
        "Plan Width": 32,
        "Actual Startup Time": 2189.232,
        "Actual Total Time": 2271.864,
        "Actual Rows": 2,
        "Actual Loops": 1,
        "Workers Planned": 1,
        "Workers Launched": 1,
        "Single Copy": false,
        "Plans": [
          {
            "Node Type": "Aggregate",
            "Strategy": "Plain",
            "Partial Mode": "Partial",
            "Parent Relationship": "Outer",
            "Parallel Aware": false,
            "Startup Cost": 436201.9,
            "Total Cost": 436201.91,
            "Plan Rows": 1,
            "Plan Width": 32,
            "Actual Startup Time": 2185.299,
            "Actual Total Time": 2185.309,
            "Actual Rows": 1,
            "Actual Loops": 2,
            "Plans": [
              {
                "Node Type": "Hash Join",
                "Parent Relationship": "Outer",
                "Parallel Aware": false,
                "Join Type": "Inner",
                "Startup Cost": 409509.21,
                "Total Cost": 436201.86,
                "Plan Rows": 15,
                "Plan Width": 17,
                "Actual Startup Time": 2185.294,
                "Actual Total Time": 2185.303,
                "Actual Rows": 0,
                "Actual Loops": 2,
                "Inner Unique": true,
                "Hash Cond": "(mc.company_type_id = ct.id)",
                "Plans": [
                  {
                    "Node Type": "Nested Loop",
                    "Parent Relationship": "Outer",
                    "Parallel Aware": false,
                    "Join Type": "Inner",
                    "Startup Cost": 409508.14,
                    "Total Cost": 436200.47,
                    "Plan Rows": 60,
                    "Plan Width": 21,
                    "Actual Startup Time": 2056.602,
                    "Actual Total Time": 2184.892,
                    "Actual Rows": 778,
                    "Actual Loops": 2,
                    "Inner Unique": false,
                    "Plans": [
                      {
                        "Node Type": "Merge Join",
                        "Parent Relationship": "Outer",
                        "Parallel Aware": false,
                        "Join Type": "Inner",
                        "Startup Cost": 409507.71,
                        "Total Cost": 410162.18,
                        "Plan Rows": 43594,
                        "Plan Width": 25,
                        "Actual Startup Time": 2051.708,
                        "Actual Total Time": 2060.529,
                        "Actual Rows": 44044,
                        "Actual Loops": 2,
                        "Inner Unique": true,
                        "Merge Cond": "(mi.info_type_id = it.id)",
                        "Plans": [
                          {
                            "Node Type": "Sort",
                            "Parent Relationship": "Outer",
                            "Parallel Aware": false,
                            "Startup Cost": 409501.73,
                            "Total Cost": 409610.71,
                            "Plan Rows": 43594,
                            "Plan Width": 29,
                            "Actual Startup Time": 2051.645,
                            "Actual Total Time": 2054.495,
                            "Actual Rows": 44044,
                            "Actual Loops": 2,
                            "Sort Key": [
                              "mi.info_type_id"
                            ],
                            "Sort Method": "quicksort",
                            "Sort Space Used": 5267,
                            "Sort Space Type": "Memory",
                            "Workers": [
                              {
                                "Worker Number": 0,
                                "Sort Method": "quicksort",
                                "Sort Space Used": 5195,
                                "Sort Space Type": "Memory"
                              }
                            ],
                            "Plans": [
                              {
                                "Node Type": "Hash Join",
                                "Parent Relationship": "Outer",
                                "Parallel Aware": true,
                                "Join Type": "Inner",
                                "Startup Cost": 69459.43,
                                "Total Cost": 406142.41,
                                "Plan Rows": 43594,
                                "Plan Width": 29,
                                "Actual Startup Time": 702.547,
                                "Actual Total Time": 2038.8,
                                "Actual Rows": 44044,
                                "Actual Loops": 2,
                                "Inner Unique": true,
                                "Hash Cond": "(mi.movie_id = t.id)",
                                "Plans": [
                                  {
                                    "Node Type": "Seq Scan",
                                    "Parent Relationship": "Outer",
                                    "Parallel Aware": true,
                                    "Relation Name": "movie_info",
                                    "Alias": "mi",
                                    "Startup Cost": 0.0,
                                    "Total Cost": 336568.54,
                                    "Plan Rows": 43594,
                                    "Plan Width": 8,
                                    "Actual Startup Time": 0.554,
                                    "Actual Total Time": 1300.483,
                                    "Actual Rows": 44044,
                                    "Actual Loops": 2,
                                    "Filter": "(info = ANY ('{Bulgaria,Danish,Norwegian,Denish,Denmark,American,Germany,Sweden}'::text[]))",
                                    "Rows Removed by Filter": 7373816
                                  },
                                  {
                                    "Node Type": "Hash",
                                    "Parent Relationship": "Inner",
                                    "Parallel Aware": true,
                                    "Startup Cost": 50869.75,
                                    "Total Cost": 50869.75,
                                    "Plan Rows": 1487175,
                                    "Plan Width": 21,
                                    "Actual Startup Time": 678.18,
                                    "Actual Total Time": 678.181,
                                    "Actual Rows": 1264156,
                                    "Actual Loops": 2,
                                    "Hash Buckets": 4194304,
                                    "Original Hash Buckets": 4194304,
                                    "Hash Batches": 1,
                                    "Original Hash Batches": 1,
                                    "Peak Memory Usage": 174752,
                                    "Plans": [
                                      {
                                        "Node Type": "Seq Scan",
                                        "Parent Relationship": "Outer",
                                        "Parallel Aware": true,
                                        "Relation Name": "title",
                                        "Alias": "t",
                                        "Startup Cost": 0.0,
                                        "Total Cost": 50869.75,
                                        "Plan Rows": 1487175,
                                        "Plan Width": 21,
                                        "Actual Startup Time": 0.042,
                                        "Actual Total Time": 169.788,
                                        "Actual Rows": 1264156,
                                        "Actual Loops": 2
                                      }
                                    ]
                                  }
                                ]
                              }
                            ]
                          },
                          {
                            "Node Type": "Sort",
                            "Parent Relationship": "Inner",
                            "Parallel Aware": false,
                            "Startup Cost": 5.98,
                            "Total Cost": 6.27,
                            "Plan Rows": 113,
                            "Plan Width": 4,
                            "Actual Startup Time": 0.054,
                            "Actual Total Time": 0.06,
                            "Actual Rows": 57,
                            "Actual Loops": 2,
                            "Sort Key": [
                              "it.id"
                            ],
                            "Sort Method": "quicksort",
                            "Sort Space Used": 30,
                            "Sort Space Type": "Memory",
                            "Workers": [
                              {
                                "Worker Number": 0,
                                "Sort Method": "quicksort",
                                "Sort Space Used": 30,
                                "Sort Space Type": "Memory"
                              }
                            ],
                            "Plans": [
                              {
                                "Node Type": "Seq Scan",
                                "Parent Relationship": "Outer",
                                "Parallel Aware": false,
                                "Relation Name": "info_type",
                                "Alias": "it",
                                "Startup Cost": 0.0,
                                "Total Cost": 2.13,
                                "Plan Rows": 113,
                                "Plan Width": 4,
                                "Actual Startup Time": 0.029,
                                "Actual Total Time": 0.037,
                                "Actual Rows": 113,
                                "Actual Loops": 2
                              }
                            ]
                          }
                        ]
                      },
                      {
                        "Node Type": "Index Scan",
                        "Parent Relationship": "Inner",
                        "Parallel Aware": false,
                        "Scan Direction": "Forward",
                        "Index Name": "movie_id_movie_companies",
                        "Relation Name": "movie_companies",
                        "Alias": "mc",
                        "Startup Cost": 0.43,
                        "Total Cost": 0.59,
                        "Plan Rows": 1,
                        "Plan Width": 8,
                        "Actual Startup Time": 0.003,
                        "Actual Total Time": 0.003,
                        "Actual Rows": 0,
                        "Actual Loops": 88087,
                        "Index Cond": "(movie_id = t.id)",
                        "Rows Removed by Index Recheck": 0,
                        "Filter": "((note ~~ '%(theatrical)%'::text) AND (note ~~ '%(France)%'::text))",
                        "Rows Removed by Filter": 2
                      }
                    ]
                  },
                  {
                    "Node Type": "Hash",
                    "Parent Relationship": "Inner",
                    "Parallel Aware": false,
                    "Startup Cost": 1.05,
                    "Total Cost": 1.05,
                    "Plan Rows": 1,
                    "Plan Width": 4,
                    "Actual Startup Time": 0.086,
                    "Actual Total Time": 0.087,
                    "Actual Rows": 1,
                    "Actual Loops": 2,
                    "Hash Buckets": 1024,
                    "Original Hash Buckets": 1024,
                    "Hash Batches": 1,
                    "Original Hash Batches": 1,
                    "Peak Memory Usage": 9,
                    "Plans": [
                      {
                        "Node Type": "Seq Scan",
                        "Parent Relationship": "Outer",
                        "Parallel Aware": false,
                        "Relation Name": "company_type",
                        "Alias": "ct",
                        "Startup Cost": 0.0,
                        "Total Cost": 1.05,
                        "Plan Rows": 1,
                        "Plan Width": 4,
                        "Actual Startup Time": 0.062,
                        "Actual Total Time": 0.065,
                        "Actual Rows": 1,
                        "Actual Loops": 2,
                        "Filter": "((kind)::text = 'production companies'::text)",
                        "Rows Removed by Filter": 3
                      }
                    ]
                  }
                ]
              }
            ]
          }
        ]
      }
    ]
  },
  "Planning Time": 1.864,
  "Triggers": [],
  "Execution Time": 2272.007
}