[
  {
    "Plan": {
      "Node Type": "Aggregate",
      "Strategy": "Plain",
      "Partial Mode": "Simple",
      "Parallel Aware": false,
      "Startup Cost": 987.38,
      "Total Cost": 987.39,
      "Plan Rows": 1,
      "Plan Width": 8,
      "Actual Startup Time": 0.216,
      "Actual Total Time": 0.217,
      "Actual Rows": 1,
      "Actual Loops": 1,
      "Plans": [
        {
          "Node Type": "Index Scan",
          "Parent Relationship": "Outer",
          "Parallel Aware": false,
          "Scan Direction": "Forward",
          "Index Name": "person_id_cast_info",
          "Relation Name": "cast_info",
          "Alias": "ci",
          "Startup Cost": 0.56,
          "Total Cost": 987.07,
          "Plan Rows": 126,
          "Plan Width": 0,
          "Actual Startup Time": 0.21,
          "Actual Total Time": 0.213,
          "Actual Rows": 6,
          "Actual Loops": 1,
          "Index Cond": "(person_id = 1701461)",
          "Rows Removed by Index Recheck": 0,
          "Filter": "(role_id > 4)",
          "Rows Removed by Filter": 108
        }
      ]
    },
    "Planning Time": 0.146,
    "Triggers": [],
    "Execution Time": 0.242
  }
]