[
  {
    "Plan": {
      "Node Type": "Aggregate",
      "Strategy": "Plain",
      "Partial Mode": "Finalize",
      "Parallel Aware": false,
      "Startup Cost": 115789.08,
      "Total Cost": 115789.09,
      "Plan Rows": 1,
      "Plan Width": 8,
      "Actual Startup Time": 1137.629,
      "Actual Total Time": 1213.83,
      "Actual Rows": 1,
      "Actual Loops": 1,
      "Plans": [
        {
          "Node Type": "Gather",
          "Parent Relationship": "Outer",
          "Parallel Aware": false,
          "Startup Cost": 115788.86,
          "Total Cost": 115789.07,
          "Plan Rows": 2,
          "Plan Width": 8,
          "Actual Startup Time": 1137.372,
          "Actual Total Time": 1213.823,
          "Actual Rows": 3,
          "Actual Loops": 1,
          "Workers Planned": 2,
          "Workers Launched": 2,
          "Single Copy": false,
          "Plans": [
            {
              "Node Type": "Aggregate",
              "Strategy": "Plain",
              "Partial Mode": "Partial",
              "Parent Relationship": "Outer",
              "Parallel Aware": false,
              "Startup Cost": 114788.86,
              "Total Cost": 114788.87,
              "Plan Rows": 1,
              "Plan Width": 8,
              "Actual Startup Time": 1134.531,
              "Actual Total Time": 1134.534,
              "Actual Rows": 1,
              "Actual Loops": 3,
              "Plans": [
                {
                  "Node Type": "Nested Loop",
                  "Parent Relationship": "Outer",
                  "Parallel Aware": false,
                  "Join Type": "Inner",
                  "Startup Cost": 38354.74,
                  "Total Cost": 114100.58,
                  "Plan Rows": 275312,
                  "Plan Width": 0,
                  "Actual Startup Time": 69.566,
                  "Actual Total Time": 1090.471,
                  "Actual Rows": 982786,
                  "Actual Loops": 3,
                  "Inner Unique": false,
                  "Join Filter": "(t.id = ci.movie_id)",
                  "Rows Removed by Join Filter": 0,
                  "Plans": [
                    {
                      "Node Type": "Hash Join",
                      "Parent Relationship": "Outer",
                      "Parallel Aware": true,
                      "Join Type": "Inner",
                      "Startup Cost": 38354.18,
                      "Total Cost": 53548.74,
                      "Plan Rows": 22023,
                      "Plan Width": 8,
                      "Actual Startup Time": 69.479,
                      "Actual Total Time": 139.43,
                      "Actual Rows": 37049,
                      "Actual Loops": 3,
                      "Inner Unique": true,
                      "Hash Cond": "(mi_idx.movie_id = t.id)",
                      "Plans": [
                        {
                          "Node Type": "Seq Scan",
                          "Parent Relationship": "Outer",
                          "Parallel Aware": true,
                          "Relation Name": "movie_info_idx",
                          "Alias": "mi_idx",
                          "Startup Cost": 0.0,
                          "Total Cost": 13685.15,
                          "Plan Rows": 575015,
                          "Plan Width": 4,
                          "Actual Startup Time": 0.01,
                          "Actual Total Time": 35.892,
                          "Actual Rows": 460012,
                          "Actual Loops": 3
                        },
                        {
                          "Node Type": "Hash",
                          "Parent Relationship": "Inner",
                          "Parallel Aware": true,
                          "Startup Cost": 38051.55,
                          "Total Cost": 38051.55,
                          "Plan Rows": 24210,
                          "Plan Width": 4,
                          "Actual Startup Time": 39.647,
                          "Actual Total Time": 39.649,
                          "Actual Rows": 33512,
                          "Actual Loops": 3,
                          "Hash Buckets": 131072,
                          "Original Hash Buckets": 131072,
                          "Hash Batches": 1,
                          "Original Hash Batches": 1,
                          "Peak Memory Usage": 4992,
                          "Plans": [
                            {
                              "Node Type": "Bitmap Heap Scan",
                              "Parent Relationship": "Outer",
                              "Parallel Aware": true,
                              "Relation Name": "title",
                              "Alias": "t",
                              "Startup Cost": 1750.93,
                              "Total Cost": 38051.55,
                              "Plan Rows": 24210,
                              "Plan Width": 4,
                              "Actual Startup Time": 7.463,
                              "Actual Total Time": 31.693,
                              "Actual Rows": 33512,
                              "Actual Loops": 3,
                              "Recheck Cond": "(kind_id = 3)",
                              "Rows Removed by Index Recheck": 0,
                              "Exact Heap Blocks": 6985,
                              "Lossy Heap Blocks": 0,
                              "Plans": [
                                {
                                  "Node Type": "Bitmap Index Scan",
                                  "Parent Relationship": "Outer",
                                  "Parallel Aware": false,
                                  "Index Name": "kind_id_title",
                                  "Startup Cost": 0.0,
                                  "Total Cost": 1726.72,
                                  "Plan Rows": 96839,
                                  "Plan Width": 0,
                                  "Actual Startup Time": 6.286,
                                  "Actual Total Time": 6.287,
                                  "Actual Rows": 100537,
                                  "Actual Loops": 1,
                                  "Index Cond": "(kind_id = 3)"
                                }
                              ]
                            }
                          ]
                        }
                      ]
                    },
                    {
                      "Node Type": "Index Scan",
                      "Parent Relationship": "Inner",
                      "Parallel Aware": false,
                      "Scan Direction": "Forward",
                      "Index Name": "movie_id_cast_info",
                      "Relation Name": "cast_info",
                      "Alias": "ci",
                      "Startup Cost": 0.56,
                      "Total Cost": 2.37,
                      "Plan Rows": 30,
                      "Plan Width": 4,
                      "Actual Startup Time": 0.003,
                      "Actual Total Time": 0.023,
                      "Actual Rows": 27,
                      "Actual Loops": 111147,
                      "Index Cond": "(movie_id = mi_idx.movie_id)",
                      "Rows Removed by Index Recheck": 0,
                      "Filter": "(role_id < 10)",
                      "Rows Removed by Filter": 5
                    }
                  ]
                }
              ]
            }
          ]
        }
      ]
    },
    "Planning Time": 0.586,
    "Triggers": [],
    "Execution Time": 1213.911
  }
]