[
    {
        "Bao": {
            "Bao prediction": "NaN",
            "Bao recommended hint": "(no hint)"
        }
    },
    {
        "Plan": {
            "Node Type": "Aggregate",
            "Strategy": "Plain",
            "Partial Mode": "Finalize",
            "Parallel Aware": false,
            "Startup Cost": 228828.09,
            "Total Cost": 228828.1,
            "Plan Rows": 1,
            "Plan Width": 8,
            "Actual Startup Time": 356.281,
            "Actual Total Time": 372.628,
            "Actual Rows": 1,
            "Actual Loops": 1,
            "Output": [
                "count(*)"
            ],
            "Plans": [
                {
                    "Node Type": "Gather",
                    "Parent Relationship": "Outer",
                    "Parallel Aware": false,
                    "Startup Cost": 228827.46,
                    "Total Cost": 228828.07,
                    "Plan Rows": 6,
                    "Plan Width": 8,
                    "Actual Startup Time": 356.202,
                    "Actual Total Time": 372.618,
                    "Actual Rows": 7,
                    "Actual Loops": 1,
                    "Output": [
                        "(PARTIAL count(*))"
                    ],
                    "Workers Planned": 6,
                    "Workers Launched": 6,
                    "Single Copy": false,
                    "Plans": [
                        {
                            "Node Type": "Aggregate",
                            "Strategy": "Plain",
                            "Partial Mode": "Partial",
                            "Parent Relationship": "Outer",
                            "Parallel Aware": false,
                            "Startup Cost": 227827.46,
                            "Total Cost": 227827.47,
                            "Plan Rows": 1,
                            "Plan Width": 8,
                            "Actual Startup Time": 345.629,
                            "Actual Total Time": 345.63,
                            "Actual Rows": 1,
                            "Actual Loops": 7,
                            "Output": [
                                "PARTIAL count(*)"
                            ],
                            "Workers": [
                                {
                                    "Worker Number": 0,
                                    "Actual Startup Time": 343.34,
                                    "Actual Total Time": 343.342,
                                    "Actual Rows": 1,
                                    "Actual Loops": 1
                                },
                                {
                                    "Worker Number": 1,
                                    "Actual Startup Time": 343.267,
                                    "Actual Total Time": 343.268,
                                    "Actual Rows": 1,
                                    "Actual Loops": 1
                                },
                                {
                                    "Worker Number": 2,
                                    "Actual Startup Time": 344.067,
                                    "Actual Total Time": 344.068,
                                    "Actual Rows": 1,
                                    "Actual Loops": 1
                                },
                                {
                                    "Worker Number": 3,
                                    "Actual Startup Time": 344.197,
                                    "Actual Total Time": 344.199,
                                    "Actual Rows": 1,
                                    "Actual Loops": 1
                                },
                                {
                                    "Worker Number": 4,
                                    "Actual Startup Time": 344.203,
                                    "Actual Total Time": 344.204,
                                    "Actual Rows": 1,
                                    "Actual Loops": 1
                                },
                                {
                                    "Worker Number": 5,
                                    "Actual Startup Time": 344.955,
                                    "Actual Total Time": 344.957,
                                    "Actual Rows": 1,
                                    "Actual Loops": 1
                                }
                            ],
                            "Plans": [
                                {
                                    "Node Type": "Index Scan",
                                    "Parent Relationship": "Outer",
                                    "Parallel Aware": true,
                                    "Scan Direction": "Forward",
                                    "Index Name": "role_id_cast_info",
                                    "Relation Name": "cast_info",
                                    "Schema": "public",
                                    "Alias": "ci",
                                    "Startup Cost": 0.56,
                                    "Total Cost": 226293.54,
                                    "Plan Rows": 613569,
                                    "Plan Width": 0,
                                    "Actual Startup Time": 0.243,
                                    "Actual Total Time": 326.641,
                                    "Actual Rows": 266946,
                                    "Actual Loops": 7,
                                    "Output": [
                                        "id",
                                        "person_id",
                                        "movie_id",
                                        "person_role_id",
                                        "note",
                                        "nr_order",
                                        "role_id"
                                    ],
                                    "Index Cond": "(ci.role_id > 5)",
                                    "Rows Removed by Index Recheck": 0,
                                    "Filter": "(ci.person_id < 1555821)",
                                    "Rows Removed by Filter": 945385,
                                    "Workers": [
                                        {
                                            "Worker Number": 0,
                                            "Actual Startup Time": 0.746,
                                            "Actual Total Time": 324.431,
                                            "Actual Rows": 253097,
                                            "Actual Loops": 1
                                        },
                                        {
                                            "Worker Number": 1,
                                            "Actual Startup Time": 0.199,
                                            "Actual Total Time": 324.128,
                                            "Actual Rows": 246033,
                                            "Actual Loops": 1
                                        },
                                        {
                                            "Worker Number": 2,
                                            "Actual Startup Time": 0.243,
                                            "Actual Total Time": 324.965,
                                            "Actual Rows": 254059,
                                            "Actual Loops": 1
                                        },
                                        {
                                            "Worker Number": 3,
                                            "Actual Startup Time": 0.144,
                                            "Actual Total Time": 326.568,
                                            "Actual Rows": 345301,
                                            "Actual Loops": 1
                                        },
                                        {
                                            "Worker Number": 4,
                                            "Actual Startup Time": 0.166,
                                            "Actual Total Time": 325.807,
                                            "Actual Rows": 226239,
                                            "Actual Loops": 1
                                        },
                                        {
                                            "Worker Number": 5,
                                            "Actual Startup Time": 0.123,
                                            "Actual Total Time": 325.904,
                                            "Actual Rows": 253513,
                                            "Actual Loops": 1
                                        }
                                    ]
                                }
                            ]
                        }
                    ]
                }
            ]
        },
        "Planning Time": 342.02,
        "Triggers": [],
        "Execution Time": 372.725
    }
]