[
  {
    "Plan": {
      "Node Type": "Aggregate",
      "Strategy": "Plain",
      "Partial Mode": "Finalize",
      "Parallel Aware": false,
      "Startup Cost": 283261.17,
      "Total Cost": 283261.18,
      "Plan Rows": 1,
      "Plan Width": 8,
      "Actual Startup Time": 608.542,
      "Actual Total Time": 632.523,
      "Actual Rows": 1,
      "Actual Loops": 1,
      "Plans": [
        {
          "Node Type": "Gather",
          "Parent Relationship": "Outer",
          "Parallel Aware": false,
          "Startup Cost": 283260.55,
          "Total Cost": 283261.16,
          "Plan Rows": 6,
          "Plan Width": 8,
          "Actual Startup Time": 603.157,
          "Actual Total Time": 632.515,
          "Actual Rows": 7,
          "Actual Loops": 1,
          "Workers Planned": 6,
          "Workers Launched": 6,
          "Single Copy": false,
          "Plans": [
            {
              "Node Type": "Aggregate",
              "Strategy": "Plain",
              "Partial Mode": "Partial",
              "Parent Relationship": "Outer",
              "Parallel Aware": false,
              "Startup Cost": 282260.55,
              "Total Cost": 282260.56,
              "Plan Rows": 1,
              "Plan Width": 8,
              "Actual Startup Time": 591.786,
              "Actual Total Time": 591.855,
              "Actual Rows": 1,
              "Actual Loops": 7,
              "Plans": [
                {
                  "Node Type": "Hash Join",
                  "Parent Relationship": "Outer",
                  "Parallel Aware": true,
                  "Join Type": "Inner",
                  "Startup Cost": 81879.75,
                  "Total Cost": 281949.85,
                  "Plan Rows": 124278,
                  "Plan Width": 0,
                  "Actual Startup Time": 350.488,
                  "Actual Total Time": 584.646,
                  "Actual Rows": 180504,
                  "Actual Loops": 7,
                  "Inner Unique": false,
                  "Hash Cond": "(ci.movie_id = t.id)",
                  "Plans": [
                    {
                      "Node Type": "Index Scan",
                      "Parent Relationship": "Outer",
                      "Parallel Aware": true,
                      "Scan Direction": "Forward",
                      "Index Name": "role_id_cast_info",
                      "Relation Name": "cast_info",
                      "Alias": "ci",
                      "Startup Cost": 0.56,
                      "Total Cost": 197877.72,
                      "Plan Rows": 501936,
                      "Plan Width": 4,
                      "Actual Startup Time": 104.531,
                      "Actual Total Time": 228.314,
                      "Actual Rows": 583027,
                      "Actual Loops": 7,
                      "Index Cond": "(role_id = 2)",
                      "Rows Removed by Index Recheck": 0,
                      "Filter": "(person_id > 2172739)",
                      "Rows Removed by Filter": 481540
                    },
                    {
                      "Node Type": "Hash",
                      "Parent Relationship": "Inner",
                      "Parallel Aware": true,
                      "Startup Cost": 79922.94,
                      "Total Cost": 79922.94,
                      "Plan Rows": 156499,
                      "Plan Width": 8,
                      "Actual Startup Time": 242.777,
                      "Actual Total Time": 242.844,
                      "Actual Rows": 53368,
                      "Actual Loops": 7,
                      "Hash Buckets": 1048576,
                      "Original Hash Buckets": 1048576,
                      "Hash Batches": 1,
                      "Original Hash Batches": 1,
                      "Peak Memory Usage": 22912,
                      "Plans": [
                        {
                          "Node Type": "Hash Join",
                          "Parent Relationship": "Outer",
                          "Parallel Aware": true,
                          "Join Type": "Inner",
                          "Startup Cost": 33939.01,
                          "Total Cost": 79922.94,
                          "Plan Rows": 156499,
                          "Plan Width": 8,
                          "Actual Startup Time": 157.974,
                          "Actual Total Time": 217.697,
                          "Actual Rows": 53368,
                          "Actual Loops": 7,
                          "Inner Unique": false,
                          "Hash Cond": "(t.id = mc.movie_id)",
                          "Plans": [
                            {
                              "Node Type": "Seq Scan",
                              "Parent Relationship": "Outer",
                              "Parallel Aware": true,
                              "Relation Name": "title",
                              "Alias": "t",
                              "Startup Cost": 0.0,
                              "Total Cost": 42318.73,
                              "Plan Rows": 632073,
                              "Plan Width": 4,
                              "Actual Startup Time": 0.016,
                              "Actual Total Time": 53.081,
                              "Actual Rows": 361187,
                              "Actual Loops": 7
                            },
                            {
                              "Node Type": "Hash",
                              "Parent Relationship": "Inner",
                              "Parallel Aware": true,
                              "Startup Cost": 31414.82,
                              "Total Cost": 31414.82,
                              "Plan Rows": 201935,
                              "Plan Width": 4,
                              "Actual Startup Time": 89.614,
                              "Actual Total Time": 89.615,
                              "Actual Rows": 53368,
                              "Actual Loops": 7,
                              "Hash Buckets": 1048576,
                              "Original Hash Buckets": 1048576,
                              "Hash Batches": 1,
                              "Original Hash Batches": 1,
                              "Peak Memory Usage": 22944,
                              "Plans": [
                                {
                                  "Node Type": "Seq Scan",
                                  "Parent Relationship": "Outer",
                                  "Parallel Aware": true,
                                  "Relation Name": "movie_companies",
                                  "Alias": "mc",
                                  "Startup Cost": 0.0,
                                  "Total Cost": 31414.82,
                                  "Plan Rows": 201935,
                                  "Plan Width": 4,
                                  "Actual Startup Time": 16.147,
                                  "Actual Total Time": 57.568,
                                  "Actual Rows": 53368,
                                  "Actual Loops": 7,
                                  "Filter": "((company_id > 11428) AND (company_type_id < 2))",
                                  "Rows Removed by Filter": 319365
                                }
                              ]
                            }
                          ]
                        }
                      ]
                    }
                  ]
                }
              ]
            }
          ]
        }
      ]
    },
    "Planning Time": 1.469,
    "Triggers": [],
    "Execution Time": 632.62
  }
]