[
  {
    "Plan": {
      "Node Type": "Aggregate",
      "Strategy": "Plain",
      "Partial Mode": "Finalize",
      "Parallel Aware": false,
      "Startup Cost": 339787.39,
      "Total Cost": 339787.4,
      "Plan Rows": 1,
      "Plan Width": 8,
      "Actual Startup Time": 884.638,
      "Actual Total Time": 932.522,
      "Actual Rows": 1,
      "Actual Loops": 1,
      "Plans": [
        {
          "Node Type": "Gather",
          "Parent Relationship": "Outer",
          "Parallel Aware": false,
          "Startup Cost": 339786.76,
          "Total Cost": 339787.37,
          "Plan Rows": 6,
          "Plan Width": 8,
          "Actual Startup Time": 884.45,
          "Actual Total Time": 932.509,
          "Actual Rows": 7,
          "Actual Loops": 1,
          "Workers Planned": 6,
          "Workers Launched": 6,
          "Single Copy": false,
          "Plans": [
            {
              "Node Type": "Aggregate",
              "Strategy": "Plain",
              "Partial Mode": "Partial",
              "Parent Relationship": "Outer",
              "Parallel Aware": false,
              "Startup Cost": 338786.76,
              "Total Cost": 338786.77,
              "Plan Rows": 1,
              "Plan Width": 8,
              "Actual Startup Time": 875.358,
              "Actual Total Time": 875.36,
              "Actual Rows": 1,
              "Actual Loops": 7,
              "Plans": [
                {
                  "Node Type": "Seq Scan",
                  "Parent Relationship": "Outer",
                  "Parallel Aware": true,
                  "Relation Name": "cast_info",
                  "Alias": "ci",
                  "Startup Cost": 0.0,
                  "Total Cost": 328211.39,
                  "Plan Rows": 4230148,
                  "Plan Width": 0,
                  "Actual Startup Time": 130.559,
                  "Actual Total Time": 683.839,
                  "Actual Rows": 3616001,
                  "Actual Loops": 7,
                  "Filter": "(person_id > 1074440)",
                  "Rows Removed by Filter": 1561763
                }
              ]
            }
          ]
        }
      ]
    },
    "Planning Time": 0.091,
    "Triggers": [],
    "Execution Time": 932.565
  }
]