[
  {
    "Plan": {
      "Node Type": "Aggregate",
      "Strategy": "Plain",
      "Partial Mode": "Finalize",
      "Parallel Aware": false,
      "Startup Cost": 339704.69,
      "Total Cost": 339704.7,
      "Plan Rows": 1,
      "Plan Width": 8,
      "Actual Startup Time": 776.932,
      "Actual Total Time": 835.448,
      "Actual Rows": 1,
      "Actual Loops": 1,
      "Plans": [
        {
          "Node Type": "Gather",
          "Parent Relationship": "Outer",
          "Parallel Aware": false,
          "Startup Cost": 339704.07,
          "Total Cost": 339704.68,
          "Plan Rows": 6,
          "Plan Width": 8,
          "Actual Startup Time": 776.794,
          "Actual Total Time": 835.439,
          "Actual Rows": 7,
          "Actual Loops": 1,
          "Workers Planned": 6,
          "Workers Launched": 6,
          "Single Copy": false,
          "Plans": [
            {
              "Node Type": "Aggregate",
              "Strategy": "Plain",
              "Partial Mode": "Partial",
              "Parent Relationship": "Outer",
              "Parallel Aware": false,
              "Startup Cost": 338704.07,
              "Total Cost": 338704.08,
              "Plan Rows": 1,
              "Plan Width": 8,
              "Actual Startup Time": 766.487,
              "Actual Total Time": 766.488,
              "Actual Rows": 1,
              "Actual Loops": 7,
              "Plans": [
                {
                  "Node Type": "Seq Scan",
                  "Parent Relationship": "Outer",
                  "Parallel Aware": true,
                  "Relation Name": "cast_info",
                  "Alias": "ci",
                  "Startup Cost": 0.0,
                  "Total Cost": 328162.03,
                  "Plan Rows": 4216817,
                  "Plan Width": 0,
                  "Actual Startup Time": 125.177,
                  "Actual Total Time": 614.099,
                  "Actual Rows": 3616001,
                  "Actual Loops": 7,
                  "Filter": "(person_id > 1074440)",
                  "Rows Removed by Filter": 1561763
                }
              ]
            }
          ]
        }
      ]
    },
    "Planning Time": 0.199,
    "Triggers": [],
    "Execution Time": 835.521
  }
]