[
    {
        "Bao": {
            "Bao prediction": "NaN",
            "Bao recommended hint": "(no hint)"
        }
    },
    {
        "Plan": {
            "Node Type": "Aggregate",
            "Strategy": "Plain",
            "Partial Mode": "Finalize",
            "Parallel Aware": false,
            "Startup Cost": 228917.09,
            "Total Cost": 228917.1,
            "Plan Rows": 1,
            "Plan Width": 8,
            "Actual Startup Time": 157.523,
            "Actual Total Time": 168.494,
            "Actual Rows": 1,
            "Actual Loops": 1,
            "Output": [
                "count(*)"
            ],
            "Plans": [
                {
                    "Node Type": "Gather",
                    "Parent Relationship": "Outer",
                    "Parallel Aware": false,
                    "Startup Cost": 228916.57,
                    "Total Cost": 228917.08,
                    "Plan Rows": 5,
                    "Plan Width": 8,
                    "Actual Startup Time": 157.042,
                    "Actual Total Time": 168.486,
                    "Actual Rows": 6,
                    "Actual Loops": 1,
                    "Output": [
                        "(PARTIAL count(*))"
                    ],
                    "Workers Planned": 5,
                    "Workers Launched": 5,
                    "Single Copy": false,
                    "Plans": [
                        {
                            "Node Type": "Aggregate",
                            "Strategy": "Plain",
                            "Partial Mode": "Partial",
                            "Parent Relationship": "Outer",
                            "Parallel Aware": false,
                            "Startup Cost": 227916.57,
                            "Total Cost": 227916.58,
                            "Plan Rows": 1,
                            "Plan Width": 8,
                            "Actual Startup Time": 146.729,
                            "Actual Total Time": 146.733,
                            "Actual Rows": 1,
                            "Actual Loops": 6,
                            "Output": [
                                "PARTIAL count(*)"
                            ],
                            "Workers": [
                                {
                                    "Worker Number": 0,
                                    "Actual Startup Time": 144.518,
                                    "Actual Total Time": 144.522,
                                    "Actual Rows": 1,
                                    "Actual Loops": 1
                                },
                                {
                                    "Worker Number": 1,
                                    "Actual Startup Time": 144.722,
                                    "Actual Total Time": 144.726,
                                    "Actual Rows": 1,
                                    "Actual Loops": 1
                                },
                                {
                                    "Worker Number": 2,
                                    "Actual Startup Time": 144.697,
                                    "Actual Total Time": 144.7,
                                    "Actual Rows": 1,
                                    "Actual Loops": 1
                                },
                                {
                                    "Worker Number": 3,
                                    "Actual Startup Time": 144.598,
                                    "Actual Total Time": 144.602,
                                    "Actual Rows": 1,
                                    "Actual Loops": 1
                                },
                                {
                                    "Worker Number": 4,
                                    "Actual Startup Time": 145.317,
                                    "Actual Total Time": 145.321,
                                    "Actual Rows": 1,
                                    "Actual Loops": 1
                                }
                            ],
                            "Plans": [
                                {
                                    "Node Type": "Nested Loop",
                                    "Parent Relationship": "Outer",
                                    "Parallel Aware": false,
                                    "Join Type": "Inner",
                                    "Startup Cost": 54810.34,
                                    "Total Cost": 227869.1,
                                    "Plan Rows": 18986,
                                    "Plan Width": 0,
                                    "Actual Startup Time": 104.629,
                                    "Actual Total Time": 146.276,
                                    "Actual Rows": 4439,
                                    "Actual Loops": 6,
                                    "Inner Unique": false,
                                    "Join Filter": "(t.id = ci.movie_id)",
                                    "Rows Removed by Join Filter": 0,
                                    "Workers": [
                                        {
                                            "Worker Number": 0,
                                            "Actual Startup Time": 102.235,
                                            "Actual Total Time": 144.118,
                                            "Actual Rows": 3252,
                                            "Actual Loops": 1
                                        },
                                        {
                                            "Worker Number": 1,
                                            "Actual Startup Time": 102.66,
                                            "Actual Total Time": 144.237,
                                            "Actual Rows": 3857,
                                            "Actual Loops": 1
                                        },
                                        {
                                            "Worker Number": 2,
                                            "Actual Startup Time": 102.82,
                                            "Actual Total Time": 144.284,
                                            "Actual Rows": 3296,
                                            "Actual Loops": 1
                                        },
                                        {
                                            "Worker Number": 3,
                                            "Actual Startup Time": 102.329,
                                            "Actual Total Time": 144.189,
                                            "Actual Rows": 4745,
                                            "Actual Loops": 1
                                        },
                                        {
                                            "Worker Number": 4,
                                            "Actual Startup Time": 103.508,
                                            "Actual Total Time": 144.856,
                                            "Actual Rows": 4025,
                                            "Actual Loops": 1
                                        }
                                    ],
                                    "Plans": [
                                        {
                                            "Node Type": "Hash Join",
                                            "Parent Relationship": "Outer",
                                            "Parallel Aware": true,
                                            "Join Type": "Inner",
                                            "Startup Cost": 54809.78,
                                            "Total Cost": 218332.24,
                                            "Plan Rows": 2044,
                                            "Plan Width": 8,
                                            "Actual Startup Time": 104.392,
                                            "Actual Total Time": 126.995,
                                            "Actual Rows": 202,
                                            "Actual Loops": 6,
                                            "Output": [
                                                "t.id",
                                                "mi.movie_id"
                                            ],
                                            "Inner Unique": true,
                                            "Hash Cond": "(mi.movie_id = t.id)",
                                            "Workers": [
                                                {
                                                    "Worker Number": 0,
                                                    "Actual Startup Time": 102.124,
                                                    "Actual Total Time": 124.024,
                                                    "Actual Rows": 147,
                                                    "Actual Loops": 1
                                                },
                                                {
                                                    "Worker Number": 1,
                                                    "Actual Startup Time": 102.259,
                                                    "Actual Total Time": 123.009,
                                                    "Actual Rows": 202,
                                                    "Actual Loops": 1
                                                },
                                                {
                                                    "Worker Number": 2,
                                                    "Actual Startup Time": 102.448,
                                                    "Actual Total Time": 124.677,
                                                    "Actual Rows": 93,
                                                    "Actual Loops": 1
                                                },
                                                {
                                                    "Worker Number": 3,
                                                    "Actual Startup Time": 102.03,
                                                    "Actual Total Time": 122.629,
                                                    "Actual Rows": 346,
                                                    "Actual Loops": 1
                                                },
                                                {
                                                    "Worker Number": 4,
                                                    "Actual Startup Time": 103.336,
                                                    "Actual Total Time": 124.075,
                                                    "Actual Rows": 110,
                                                    "Actual Loops": 1
                                                }
                                            ],
                                            "Plans": [
                                                {
                                                    "Node Type": "Bitmap Heap Scan",
                                                    "Parent Relationship": "Outer",
                                                    "Parallel Aware": true,
                                                    "Relation Name": "movie_info",
                                                    "Schema": "public",
                                                    "Alias": "mi",
                                                    "Startup Cost": 9170.9,
                                                    "Total Cost": 172427.92,
                                                    "Plan Rows": 101122,
                                                    "Plan Width": 4,
                                                    "Actual Startup Time": 21.409,
                                                    "Actual Total Time": 31.672,
                                                    "Actual Rows": 79074,
                                                    "Actual Loops": 6,
                                                    "Output": [
                                                        "mi.id",
                                                        "mi.movie_id",
                                                        "mi.info_type_id",
                                                        "mi.info",
                                                        "mi.note"
                                                    ],
                                                    "Recheck Cond": "(mi.info_type_id = 6)",
                                                    "Rows Removed by Index Recheck": 0,
                                                    "Exact Heap Blocks": 614,
                                                    "Lossy Heap Blocks": 0,
                                                    "Workers": [
                                                        {
                                                            "Worker Number": 0,
                                                            "Actual Startup Time": 21.469,
                                                            "Actual Total Time": 31.266,
                                                            "Actual Rows": 77874,
                                                            "Actual Loops": 1
                                                        },
                                                        {
                                                            "Worker Number": 1,
                                                            "Actual Startup Time": 21.427,
                                                            "Actual Total Time": 31.178,
                                                            "Actual Rows": 71160,
                                                            "Actual Loops": 1
                                                        },
                                                        {
                                                            "Worker Number": 2,
                                                            "Actual Startup Time": 21.411,
                                                            "Actual Total Time": 31.765,
                                                            "Actual Rows": 77685,
                                                            "Actual Loops": 1
                                                        },
                                                        {
                                                            "Worker Number": 3,
                                                            "Actual Startup Time": 21.239,
                                                            "Actual Total Time": 30.815,
                                                            "Actual Rows": 78410,
                                                            "Actual Loops": 1
                                                        },
                                                        {
                                                            "Worker Number": 4,
                                                            "Actual Startup Time": 21.465,
                                                            "Actual Total Time": 31.172,
                                                            "Actual Rows": 78645,
                                                            "Actual Loops": 1
                                                        }
                                                    ],
                                                    "Plans": [
                                                        {
                                                            "Node Type": "Bitmap Index Scan",
                                                            "Parent Relationship": "Outer",
                                                            "Parallel Aware": false,
                                                            "Index Name": "info_type_id_movie_info",
                                                            "Startup Cost": 0.0,
                                                            "Total Cost": 9044.49,
                                                            "Plan Rows": 505608,
                                                            "Plan Width": 0,
                                                            "Actual Startup Time": 20.789,
                                                            "Actual Total Time": 20.79,
                                                            "Actual Rows": 474443,
                                                            "Actual Loops": 1,
                                                            "Index Cond": "(mi.info_type_id = 6)",
                                                            "Workers": [
                                                                {
                                                                    "Worker Number": 3,
                                                                    "Actual Startup Time": 20.789,
                                                                    "Actual Total Time": 20.79,
                                                                    "Actual Rows": 474443,
                                                                    "Actual Loops": 1
                                                                }
                                                            ]
                                                        }
                                                    ]
                                                },
                                                {
                                                    "Node Type": "Hash",
                                                    "Parent Relationship": "Inner",
                                                    "Parallel Aware": true,
                                                    "Startup Cost": 45479.21,
                                                    "Total Cost": 45479.21,
                                                    "Plan Rows": 12774,
                                                    "Plan Width": 4,
                                                    "Actual Startup Time": 82.094,
                                                    "Actual Total Time": 82.095,
                                                    "Actual Rows": 9413,
                                                    "Actual Loops": 6,
                                                    "Output": [
                                                        "t.id"
                                                    ],
                                                    "Hash Buckets": 65536,
                                                    "Original Hash Buckets": 65536,
                                                    "Hash Batches": 1,
                                                    "Original Hash Batches": 1,
                                                    "Peak Memory Usage": 2816,
                                                    "Workers": [
                                                        {
                                                            "Worker Number": 0,
                                                            "Actual Startup Time": 80.105,
                                                            "Actual Total Time": 80.106,
                                                            "Actual Rows": 7492,
                                                            "Actual Loops": 1
                                                        },
                                                        {
                                                            "Worker Number": 1,
                                                            "Actual Startup Time": 80.32,
                                                            "Actual Total Time": 80.32,
                                                            "Actual Rows": 8152,
                                                            "Actual Loops": 1
                                                        },
                                                        {
                                                            "Worker Number": 2,
                                                            "Actual Startup Time": 80.309,
                                                            "Actual Total Time": 80.31,
                                                            "Actual Rows": 7761,
                                                            "Actual Loops": 1
                                                        },
                                                        {
                                                            "Worker Number": 3,
                                                            "Actual Startup Time": 80.208,
                                                            "Actual Total Time": 80.209,
                                                            "Actual Rows": 7986,
                                                            "Actual Loops": 1
                                                        },
                                                        {
                                                            "Worker Number": 4,
                                                            "Actual Startup Time": 80.895,
                                                            "Actual Total Time": 80.896,
                                                            "Actual Rows": 7641,
                                                            "Actual Loops": 1
                                                        }
                                                    ],
                                                    "Plans": [
                                                        {
                                                            "Node Type": "Seq Scan",
                                                            "Parent Relationship": "Outer",
                                                            "Parallel Aware": true,
                                                            "Relation Name": "title",
                                                            "Schema": "public",
                                                            "Alias": "t",
                                                            "Startup Cost": 0.0,
                                                            "Total Cost": 45479.21,
                                                            "Plan Rows": 12774,
                                                            "Plan Width": 4,
                                                            "Actual Startup Time": 0.059,
                                                            "Actual Total Time": 77.408,
                                                            "Actual Rows": 9413,
                                                            "Actual Loops": 6,
                                                            "Output": [
                                                                "t.id"
                                                            ],
                                                            "Filter": "((t.kind_id = 7) AND (t.production_year = 2004))",
                                                            "Rows Removed by Filter": 411972,
                                                            "Workers": [
                                                                {
                                                                    "Worker Number": 0,
                                                                    "Actual Startup Time": 0.096,
                                                                    "Actual Total Time": 75.678,
                                                                    "Actual Rows": 7492,
                                                                    "Actual Loops": 1
                                                                },
                                                                {
                                                                    "Worker Number": 1,
                                                                    "Actual Startup Time": 0.059,
                                                                    "Actual Total Time": 75.941,
                                                                    "Actual Rows": 8152,
                                                                    "Actual Loops": 1
                                                                },
                                                                {
                                                                    "Worker Number": 2,
                                                                    "Actual Startup Time": 0.07,
                                                                    "Actual Total Time": 75.962,
                                                                    "Actual Rows": 7761,
                                                                    "Actual Loops": 1
                                                                },
                                                                {
                                                                    "Worker Number": 3,
                                                                    "Actual Startup Time": 0.064,
                                                                    "Actual Total Time": 75.881,
                                                                    "Actual Rows": 7986,
                                                                    "Actual Loops": 1
                                                                },
                                                                {
                                                                    "Worker Number": 4,
                                                                    "Actual Startup Time": 0.048,
                                                                    "Actual Total Time": 76.226,
                                                                    "Actual Rows": 7641,
                                                                    "Actual Loops": 1
                                                                }
                                                            ]
                                                        }
                                                    ]
                                                }
                                            ]
                                        },
                                        {
                                            "Node Type": "Index Scan",
                                            "Parent Relationship": "Inner",
                                            "Parallel Aware": false,
                                            "Scan Direction": "Forward",
                                            "Index Name": "movie_id_cast_info",
                                            "Relation Name": "cast_info",
                                            "Schema": "public",
                                            "Alias": "ci",
                                            "Startup Cost": 0.56,
                                            "Total Cost": 4.35,
                                            "Plan Rows": 25,
                                            "Plan Width": 4,
                                            "Actual Startup Time": 0.039,
                                            "Actual Total Time": 0.092,
                                            "Actual Rows": 22,
                                            "Actual Loops": 1209,
                                            "Output": [
                                                "ci.id",
                                                "ci.person_id",
                                                "ci.movie_id",
                                                "ci.person_role_id",
                                                "ci.note",
                                                "ci.nr_order",
                                                "ci.role_id"
                                            ],
                                            "Index Cond": "(ci.movie_id = mi.movie_id)",
                                            "Rows Removed by Index Recheck": 0,
                                            "Filter": "(ci.role_id > 1)",
                                            "Rows Removed by Filter": 8,
                                            "Workers": [
                                                {
                                                    "Worker Number": 0,
                                                    "Actual Startup Time": 0.055,
                                                    "Actual Total Time": 0.132,
                                                    "Actual Rows": 22,
                                                    "Actual Loops": 147
                                                },
                                                {
                                                    "Worker Number": 1,
                                                    "Actual Startup Time": 0.043,
                                                    "Actual Total Time": 0.101,
                                                    "Actual Rows": 19,
                                                    "Actual Loops": 202
                                                },
                                                {
                                                    "Worker Number": 2,
                                                    "Actual Startup Time": 0.09,
                                                    "Actual Total Time": 0.204,
                                                    "Actual Rows": 35,
                                                    "Actual Loops": 93
                                                },
                                                {
                                                    "Worker Number": 3,
                                                    "Actual Startup Time": 0.024,
                                                    "Actual Total Time": 0.06,
                                                    "Actual Rows": 14,
                                                    "Actual Loops": 346
                                                },
                                                {
                                                    "Worker Number": 4,
                                                    "Actual Startup Time": 0.077,
                                                    "Actual Total Time": 0.183,
                                                    "Actual Rows": 37,
                                                    "Actual Loops": 110
                                                }
                                            ]
                                        }
                                    ]
                                }
                            ]
                        }
                    ]
                }
            ]
        },
        "Planning Time": 267.898,
        "Triggers": [],
        "Execution Time": 168.579
    }
]