[
  {
    "Plan": {
      "Node Type": "Aggregate",
      "Strategy": "Plain",
      "Partial Mode": "Finalize",
      "Parallel Aware": false,
      "Startup Cost": 86851.43,
      "Total Cost": 86851.44,
      "Plan Rows": 1,
      "Plan Width": 8,
      "Actual Startup Time": 378.278,
      "Actual Total Time": 394.987,
      "Actual Rows": 1,
      "Actual Loops": 1,
      "Plans": [
        {
          "Node Type": "Gather",
          "Parent Relationship": "Outer",
          "Parallel Aware": false,
          "Startup Cost": 86851.11,
          "Total Cost": 86851.42,
          "Plan Rows": 3,
          "Plan Width": 8,
          "Actual Startup Time": 369.568,
          "Actual Total Time": 394.975,
          "Actual Rows": 4,
          "Actual Loops": 1,
          "Workers Planned": 3,
          "Workers Launched": 3,
          "Single Copy": false,
          "Plans": [
            {
              "Node Type": "Aggregate",
              "Strategy": "Plain",
              "Partial Mode": "Partial",
              "Parent Relationship": "Outer",
              "Parallel Aware": false,
              "Startup Cost": 85851.11,
              "Total Cost": 85851.12,
              "Plan Rows": 1,
              "Plan Width": 8,
              "Actual Startup Time": 357.976,
              "Actual Total Time": 357.982,
              "Actual Rows": 1,
              "Actual Loops": 4,
              "Plans": [
                {
                  "Node Type": "Nested Loop",
                  "Parent Relationship": "Outer",
                  "Parallel Aware": false,
                  "Join Type": "Inner",
                  "Startup Cost": 50728.28,
                  "Total Cost": 85825.7,
                  "Plan Rows": 10164,
                  "Plan Width": 0,
                  "Actual Startup Time": 287.879,
                  "Actual Total Time": 357.605,
                  "Actual Rows": 4785,
                  "Actual Loops": 4,
                  "Inner Unique": false,
                  "Plans": [
                    {
                      "Node Type": "Hash Join",
                      "Parent Relationship": "Outer",
                      "Parallel Aware": true,
                      "Join Type": "Inner",
                      "Startup Cost": 50727.86,
                      "Total Cost": 75643.7,
                      "Plan Rows": 18622,
                      "Plan Width": 8,
                      "Actual Startup Time": 287.705,
                      "Actual Total Time": 339.839,
                      "Actual Rows": 4146,
                      "Actual Loops": 4,
                      "Inner Unique": true,
                      "Hash Cond": "(mk.movie_id = t.id)",
                      "Plans": [
                        {
                          "Node Type": "Bitmap Heap Scan",
                          "Parent Relationship": "Outer",
                          "Parallel Aware": true,
                          "Relation Name": "movie_keyword",
                          "Alias": "mk",
                          "Startup Cost": 2010.05,
                          "Total Cost": 26845.74,
                          "Plan Rows": 30535,
                          "Plan Width": 4,
                          "Actual Startup Time": 10.373,
                          "Actual Total Time": 46.734,
                          "Actual Rows": 25308,
                          "Actual Loops": 4,
                          "Recheck Cond": "(keyword_id < 93)",
                          "Rows Removed by Index Recheck": 0,
                          "Exact Heap Blocks": 7025,
                          "Lossy Heap Blocks": 0,
                          "Plans": [
                            {
                              "Node Type": "Bitmap Index Scan",
                              "Parent Relationship": "Outer",
                              "Parallel Aware": false,
                              "Index Name": "keyword_id_movie_keyword",
                              "Startup Cost": 0.0,
                              "Total Cost": 1986.38,
                              "Plan Rows": 94660,
                              "Plan Width": 0,
                              "Actual Startup Time": 7.033,
                              "Actual Total Time": 7.033,
                              "Actual Rows": 101233,
                              "Actual Loops": 1,
                              "Index Cond": "(keyword_id < 93)"
                            }
                          ]
                        },
                        {
                          "Node Type": "Hash",
                          "Parent Relationship": "Inner",
                          "Parallel Aware": true,
                          "Startup Cost": 43899.32,
                          "Total Cost": 43899.32,
                          "Plan Rows": 385479,
                          "Plan Width": 4,
                          "Actual Startup Time": 270.034,
                          "Actual Total Time": 270.035,
                          "Actual Rows": 385816,
                          "Actual Loops": 4,
                          "Hash Buckets": 2097152,
                          "Original Hash Buckets": 2097152,
                          "Hash Batches": 1,
                          "Original Hash Batches": 1,
                          "Peak Memory Usage": 76832,
                          "Plans": [
                            {
                              "Node Type": "Seq Scan",
                              "Parent Relationship": "Outer",
                              "Parallel Aware": true,
                              "Relation Name": "title",
                              "Alias": "t",
                              "Startup Cost": 0.0,
                              "Total Cost": 43899.32,
                              "Plan Rows": 385479,
                              "Plan Width": 4,
                              "Actual Startup Time": 0.062,
                              "Actual Total Time": 111.7,
                              "Actual Rows": 385816,
                              "Actual Loops": 4,
                              "Filter": "(kind_id = 7)",
                              "Rows Removed by Filter": 246262
                            }
                          ]
                        }
                      ]
                    },
                    {
                      "Node Type": "Index Only Scan",
                      "Parent Relationship": "Inner",
                      "Parallel Aware": false,
                      "Scan Direction": "Forward",
                      "Index Name": "movie_id_movie_info_idx",
                      "Relation Name": "movie_info_idx",
                      "Alias": "mi_idx",
                      "Startup Cost": 0.43,
                      "Total Cost": 0.52,
                      "Plan Rows": 3,
                      "Plan Width": 4,
                      "Actual Startup Time": 0.004,
                      "Actual Total Time": 0.004,
                      "Actual Rows": 1,
                      "Actual Loops": 16586,
                      "Index Cond": "(movie_id = t.id)",
                      "Rows Removed by Index Recheck": 0,
                      "Heap Fetches": 19140
                    }
                  ]
                }
              ]
            }
          ]
        }
      ]
    },
    "Planning Time": 1.06,
    "Triggers": [],
    "Execution Time": 395.077
  }
]