{
    "Plan": {
        "Node Type": "Aggregate",
        "Strategy": "Plain",
        "Partial Mode": "Finalize",
        "Parallel Aware": false,
        "Startup Cost": 440143.35,
        "Total Cost": 440143.36,
        "Plan Rows": 1,
        "Plan Width": 8,
        "Actual Startup Time": 3757.245,
        "Actual Total Time": 3848.107,
        "Actual Rows": 1,
        "Actual Loops": 1,
        "Output": [
            "count(*)"
        ],
        "Plans": [
            {
                "Node Type": "Gather",
                "Parent Relationship": "Outer",
                "Parallel Aware": false,
                "Startup Cost": 440142.83,
                "Total Cost": 440143.34,
                "Plan Rows": 5,
                "Plan Width": 8,
                "Actual Startup Time": 3752.593,
                "Actual Total Time": 3848.098,
                "Actual Rows": 6,
                "Actual Loops": 1,
                "Output": [
                    "(PARTIAL count(*))"
                ],
                "Workers Planned": 5,
                "Workers Launched": 5,
                "Single Copy": false,
                "Plans": [
                    {
                        "Node Type": "Aggregate",
                        "Strategy": "Plain",
                        "Partial Mode": "Partial",
                        "Parent Relationship": "Outer",
                        "Parallel Aware": false,
                        "Startup Cost": 439142.83,
                        "Total Cost": 439142.84,
                        "Plan Rows": 1,
                        "Plan Width": 8,
                        "Actual Startup Time": 3740.518,
                        "Actual Total Time": 3740.52,
                        "Actual Rows": 1,
                        "Actual Loops": 6,
                        "Output": [
                            "PARTIAL count(*)"
                        ],
                        "Workers": [
                            {
                                "Worker Number": 0,
                                "Actual Startup Time": 3736.208,
                                "Actual Total Time": 3736.21,
                                "Actual Rows": 1,
                                "Actual Loops": 1
                            },
                            {
                                "Worker Number": 1,
                                "Actual Startup Time": 3737.86,
                                "Actual Total Time": 3737.862,
                                "Actual Rows": 1,
                                "Actual Loops": 1
                            },
                            {
                                "Worker Number": 2,
                                "Actual Startup Time": 3737.458,
                                "Actual Total Time": 3737.461,
                                "Actual Rows": 1,
                                "Actual Loops": 1
                            },
                            {
                                "Worker Number": 3,
                                "Actual Startup Time": 3740.675,
                                "Actual Total Time": 3740.677,
                                "Actual Rows": 1,
                                "Actual Loops": 1
                            },
                            {
                                "Worker Number": 4,
                                "Actual Startup Time": 3739.182,
                                "Actual Total Time": 3739.184,
                                "Actual Rows": 1,
                                "Actual Loops": 1
                            }
                        ],
                        "Plans": [
                            {
                                "Node Type": "Nested Loop",
                                "Parent Relationship": "Outer",
                                "Parallel Aware": false,
                                "Join Type": "Inner",
                                "Startup Cost": 127400.07,
                                "Total Cost": 437548.63,
                                "Plan Rows": 637680,
                                "Plan Width": 0,
                                "Actual Startup Time": 661.442,
                                "Actual Total Time": 3674.892,
                                "Actual Rows": 1241218,
                                "Actual Loops": 6,
                                "Inner Unique": false,
                                "Workers": [
                                    {
                                        "Worker Number": 0,
                                        "Actual Startup Time": 712.317,
                                        "Actual Total Time": 3671.326,
                                        "Actual Rows": 1137629,
                                        "Actual Loops": 1
                                    },
                                    {
                                        "Worker Number": 1,
                                        "Actual Startup Time": 700.751,
                                        "Actual Total Time": 3668.975,
                                        "Actual Rows": 1184053,
                                        "Actual Loops": 1
                                    },
                                    {
                                        "Worker Number": 2,
                                        "Actual Startup Time": 714.6,
                                        "Actual Total Time": 3674.091,
                                        "Actual Rows": 1102173,
                                        "Actual Loops": 1
                                    },
                                    {
                                        "Worker Number": 3,
                                        "Actual Startup Time": 691.235,
                                        "Actual Total Time": 3673.524,
                                        "Actual Rows": 1272300,
                                        "Actual Loops": 1
                                    },
                                    {
                                        "Worker Number": 4,
                                        "Actual Startup Time": 715.8,
                                        "Actual Total Time": 3676.523,
                                        "Actual Rows": 1220850,
                                        "Actual Loops": 1
                                    }
                                ],
                                "Plans": [
                                    {
                                        "Node Type": "Merge Join",
                                        "Parent Relationship": "Outer",
                                        "Parallel Aware": false,
                                        "Join Type": "Inner",
                                        "Startup Cost": 127399.51,
                                        "Total Cost": 222102.07,
                                        "Plan Rows": 98127,
                                        "Plan Width": 8,
                                        "Actual Startup Time": 661.371,
                                        "Actual Total Time": 1103.229,
                                        "Actual Rows": 80227,
                                        "Actual Loops": 6,
                                        "Output": [
                                            "t.id",
                                            "mk.movie_id"
                                        ],
                                        "Inner Unique": false,
                                        "Merge Cond": "(t.id = mk.movie_id)",
                                        "Workers": [
                                            {
                                                "Worker Number": 0,
                                                "Actual Startup Time": 712.239,
                                                "Actual Total Time": 1088.747,
                                                "Actual Rows": 69933,
                                                "Actual Loops": 1
                                            },
                                            {
                                                "Worker Number": 1,
                                                "Actual Startup Time": 700.704,
                                                "Actual Total Time": 1107.924,
                                                "Actual Rows": 77604,
                                                "Actual Loops": 1
                                            },
                                            {
                                                "Worker Number": 2,
                                                "Actual Startup Time": 714.476,
                                                "Actual Total Time": 1120.871,
                                                "Actual Rows": 72611,
                                                "Actual Loops": 1
                                            },
                                            {
                                                "Worker Number": 3,
                                                "Actual Startup Time": 691.183,
                                                "Actual Total Time": 1114.386,
                                                "Actual Rows": 82185,
                                                "Actual Loops": 1
                                            },
                                            {
                                                "Worker Number": 4,
                                                "Actual Startup Time": 715.71,
                                                "Actual Total Time": 1094.54,
                                                "Actual Rows": 75226,
                                                "Actual Loops": 1
                                            }
                                        ],
                                        "Plans": [
                                            {
                                                "Node Type": "Index Only Scan",
                                                "Parent Relationship": "Outer",
                                                "Parallel Aware": true,
                                                "Scan Direction": "Forward",
                                                "Index Name": "title_pkey",
                                                "Relation Name": "title",
                                                "Schema": "public",
                                                "Alias": "t",
                                                "Startup Cost": 0.43,
                                                "Total Cost": 90115.52,
                                                "Plan Rows": 505664,
                                                "Plan Width": 4,
                                                "Actual Startup Time": 0.151,
                                                "Actual Total Time": 358.028,
                                                "Actual Rows": 420996,
                                                "Actual Loops": 6,
                                                "Output": [
                                                    "t.id"
                                                ],
                                                "Heap Fetches": 2525977,
                                                "Workers": [
                                                    {
                                                        "Worker Number": 0,
                                                        "Actual Startup Time": 0.175,
                                                        "Actual Total Time": 289.946,
                                                        "Actual Rows": 268080,
                                                        "Actual Loops": 1
                                                    },
                                                    {
                                                        "Worker Number": 1,
                                                        "Actual Startup Time": 0.15,
                                                        "Actual Total Time": 315.964,
                                                        "Actual Rows": 316250,
                                                        "Actual Loops": 1
                                                    },
                                                    {
                                                        "Worker Number": 2,
                                                        "Actual Startup Time": 0.182,
                                                        "Actual Total Time": 316.825,
                                                        "Actual Rows": 293758,
                                                        "Actual Loops": 1
                                                    },
                                                    {
                                                        "Worker Number": 3,
                                                        "Actual Startup Time": 0.196,
                                                        "Actual Total Time": 335.47,
                                                        "Actual Rows": 350849,
                                                        "Actual Loops": 1
                                                    },
                                                    {
                                                        "Worker Number": 4,
                                                        "Actual Startup Time": 0.144,
                                                        "Actual Total Time": 298.939,
                                                        "Actual Rows": 285821,
                                                        "Actual Loops": 1
                                                    }
                                                ]
                                            },
                                            {
                                                "Node Type": "Sort",
                                                "Parent Relationship": "Inner",
                                                "Parallel Aware": false,
                                                "Startup Cost": 127378.66,
                                                "Total Cost": 128605.25,
                                                "Plan Rows": 490635,
                                                "Plan Width": 4,
                                                "Actual Startup Time": 651.84,
                                                "Actual Total Time": 679.437,
                                                "Actual Rows": 481361,
                                                "Actual Loops": 6,
                                                "Output": [
                                                    "mk.movie_id"
                                                ],
                                                "Sort Key": [
                                                    "mk.movie_id"
                                                ],
                                                "Sort Method": "quicksort",
                                                "Sort Space Used": 34852,
                                                "Sort Space Type": "Memory",
                                                "Workers": [
                                                    {
                                                        "Worker Number": 0,
                                                        "Actual Startup Time": 708.484,
                                                        "Actual Total Time": 737.628,
                                                        "Actual Rows": 481361,
                                                        "Actual Loops": 1
                                                    },
                                                    {
                                                        "Worker Number": 1,
                                                        "Actual Startup Time": 696.131,
                                                        "Actual Total Time": 725.126,
                                                        "Actual Rows": 481361,
                                                        "Actual Loops": 1
                                                    },
                                                    {
                                                        "Worker Number": 2,
                                                        "Actual Startup Time": 710.538,
                                                        "Actual Total Time": 740.256,
                                                        "Actual Rows": 481361,
                                                        "Actual Loops": 1
                                                    },
                                                    {
                                                        "Worker Number": 3,
                                                        "Actual Startup Time": 686.82,
                                                        "Actual Total Time": 713.981,
                                                        "Actual Rows": 481361,
                                                        "Actual Loops": 1
                                                    },
                                                    {
                                                        "Worker Number": 4,
                                                        "Actual Startup Time": 711.576,
                                                        "Actual Total Time": 738.593,
                                                        "Actual Rows": 481361,
                                                        "Actual Loops": 1
                                                    }
                                                ],
                                                "Plans": [
                                                    {
                                                        "Node Type": "Seq Scan",
                                                        "Parent Relationship": "Outer",
                                                        "Parallel Aware": false,
                                                        "Relation Name": "movie_keyword",
                                                        "Schema": "public",
                                                        "Alias": "mk",
                                                        "Startup Cost": 0.0,
                                                        "Total Cost": 81003.12,
                                                        "Plan Rows": 490635,
                                                        "Plan Width": 4,
                                                        "Actual Startup Time": 33.255,
                                                        "Actual Total Time": 510.311,
                                                        "Actual Rows": 481361,
                                                        "Actual Loops": 6,
                                                        "Output": [
                                                            "mk.movie_id"
                                                        ],
                                                        "Filter": "(mk.keyword_id > 37197)",
                                                        "Rows Removed by Filter": 4042569,
                                                        "Workers": [
                                                            {
                                                                "Worker Number": 0,
                                                                "Actual Startup Time": 32.299,
                                                                "Actual Total Time": 556.391,
                                                                "Actual Rows": 481361,
                                                                "Actual Loops": 1
                                                            },
                                                            {
                                                                "Worker Number": 1,
                                                                "Actual Startup Time": 32.938,
                                                                "Actual Total Time": 544.473,
                                                                "Actual Rows": 481361,
                                                                "Actual Loops": 1
                                                            },
                                                            {
                                                                "Worker Number": 2,
                                                                "Actual Startup Time": 33.001,
                                                                "Actual Total Time": 557.113,
                                                                "Actual Rows": 481361,
                                                                "Actual Loops": 1
                                                            },
                                                            {
                                                                "Worker Number": 3,
                                                                "Actual Startup Time": 33.601,
                                                                "Actual Total Time": 537.066,
                                                                "Actual Rows": 481361,
                                                                "Actual Loops": 1
                                                            },
                                                            {
                                                                "Worker Number": 4,
                                                                "Actual Startup Time": 34.055,
                                                                "Actual Total Time": 560.231,
                                                                "Actual Rows": 481361,
                                                                "Actual Loops": 1
                                                            }
                                                        ]
                                                    }
                                                ]
                                            }
                                        ]
                                    },
                                    {
                                        "Node Type": "Index Scan",
                                        "Parent Relationship": "Inner",
                                        "Parallel Aware": false,
                                        "Scan Direction": "Forward",
                                        "Index Name": "movie_id_cast_info",
                                        "Relation Name": "cast_info",
                                        "Schema": "public",
                                        "Alias": "ci",
                                        "Startup Cost": 0.56,
                                        "Total Cost": 2.03,
                                        "Plan Rows": 17,
                                        "Plan Width": 4,
                                        "Actual Startup Time": 0.014,
                                        "Actual Total Time": 0.031,
                                        "Actual Rows": 15,
                                        "Actual Loops": 481361,
                                        "Output": [
                                            "ci.id",
                                            "ci.person_id",
                                            "ci.movie_id",
                                            "ci.person_role_id",
                                            "ci.note",
                                            "ci.nr_order",
                                            "ci.role_id"
                                        ],
                                        "Index Cond": "(ci.movie_id = t.id)",
                                        "Rows Removed by Index Recheck": 0,
                                        "Filter": "((ci.person_id < 2610022) AND (ci.role_id > 1))",
                                        "Rows Removed by Filter": 33,
                                        "Workers": [
                                            {
                                                "Worker Number": 0,
                                                "Actual Startup Time": 0.016,
                                                "Actual Total Time": 0.035,
                                                "Actual Rows": 16,
                                                "Actual Loops": 69933
                                            },
                                            {
                                                "Worker Number": 1,
                                                "Actual Startup Time": 0.014,
                                                "Actual Total Time": 0.031,
                                                "Actual Rows": 15,
                                                "Actual Loops": 77604
                                            },
                                            {
                                                "Worker Number": 2,
                                                "Actual Startup Time": 0.015,
                                                "Actual Total Time": 0.034,
                                                "Actual Rows": 15,
                                                "Actual Loops": 72611
                                            },
                                            {
                                                "Worker Number": 3,
                                                "Actual Startup Time": 0.013,
                                                "Actual Total Time": 0.03,
                                                "Actual Rows": 15,
                                                "Actual Loops": 82185
                                            },
                                            {
                                                "Worker Number": 4,
                                                "Actual Startup Time": 0.015,
                                                "Actual Total Time": 0.033,
                                                "Actual Rows": 16,
                                                "Actual Loops": 75226
                                            }
                                        ]
                                    }
                                ]
                            }
                        ]
                    }
                ]
            }
        ]
    },
    "Planning Time": 1.538,
    "Triggers": [],
    "Execution Time": 3855.271
}