[
  {
    "Plan": {
      "Node Type": "Aggregate",
      "Strategy": "Plain",
      "Partial Mode": "Finalize",
      "Parallel Aware": false,
      "Startup Cost": 81266.47,
      "Total Cost": 81266.48,
      "Plan Rows": 1,
      "Plan Width": 8,
      "Actual Startup Time": 289.09,
      "Actual Total Time": 304.424,
      "Actual Rows": 1,
      "Actual Loops": 1,
      "Plans": [
        {
          "Node Type": "Gather",
          "Parent Relationship": "Outer",
          "Parallel Aware": false,
          "Startup Cost": 81266.05,
          "Total Cost": 81266.46,
          "Plan Rows": 4,
          "Plan Width": 8,
          "Actual Startup Time": 287.003,
          "Actual Total Time": 304.412,
          "Actual Rows": 5,
          "Actual Loops": 1,
          "Workers Planned": 4,
          "Workers Launched": 4,
          "Single Copy": false,
          "Plans": [
            {
              "Node Type": "Aggregate",
              "Strategy": "Plain",
              "Partial Mode": "Partial",
              "Parent Relationship": "Outer",
              "Parallel Aware": false,
              "Startup Cost": 80266.05,
              "Total Cost": 80266.06,
              "Plan Rows": 1,
              "Plan Width": 8,
              "Actual Startup Time": 277.473,
              "Actual Total Time": 277.476,
              "Actual Rows": 1,
              "Actual Loops": 5,
              "Plans": [
                {
                  "Node Type": "Hash Join",
                  "Parent Relationship": "Outer",
                  "Parallel Aware": true,
                  "Join Type": "Inner",
                  "Startup Cost": 33903.48,
                  "Total Cost": 79880.31,
                  "Plan Rows": 154297,
                  "Plan Width": 0,
                  "Actual Startup Time": 107.212,
                  "Actual Total Time": 273.819,
                  "Actual Rows": 79859,
                  "Actual Loops": 5,
                  "Inner Unique": false,
                  "Hash Cond": "(t.id = mc.movie_id)",
                  "Plans": [
                    {
                      "Node Type": "Seq Scan",
                      "Parent Relationship": "Outer",
                      "Parallel Aware": true,
                      "Relation Name": "title",
                      "Alias": "t",
                      "Startup Cost": 0.0,
                      "Total Cost": 42318.73,
                      "Plan Rows": 632073,
                      "Plan Width": 4,
                      "Actual Startup Time": 0.01,
                      "Actual Total Time": 64.069,
                      "Actual Rows": 505662,
                      "Actual Loops": 5
                    },
                    {
                      "Node Type": "Hash",
                      "Parent Relationship": "Inner",
                      "Parallel Aware": true,
                      "Startup Cost": 31414.82,
                      "Total Cost": 31414.82,
                      "Plan Rows": 199093,
                      "Plan Width": 4,
                      "Actual Startup Time": 102.934,
                      "Actual Total Time": 102.935,
                      "Actual Rows": 79859,
                      "Actual Loops": 5,
                      "Hash Buckets": 1048576,
                      "Original Hash Buckets": 1048576,
                      "Hash Batches": 1,
                      "Original Hash Batches": 1,
                      "Peak Memory Usage": 23872,
                      "Plans": [
                        {
                          "Node Type": "Seq Scan",
                          "Parent Relationship": "Outer",
                          "Parallel Aware": true,
                          "Relation Name": "movie_companies",
                          "Alias": "mc",
                          "Startup Cost": 0.0,
                          "Total Cost": 31414.82,
                          "Plan Rows": 199093,
                          "Plan Width": 4,
                          "Actual Startup Time": 45.618,
                          "Actual Total Time": 72.263,
                          "Actual Rows": 79859,
                          "Actual Loops": 5,
                          "Filter": "((company_id < 11137) AND (company_type_id = 2))",
                          "Rows Removed by Filter": 441967
                        }
                      ]
                    }
                  ]
                }
              ]
            }
          ]
        }
      ]
    },
    "Planning Time": 0.645,
    "Triggers": [],
    "Execution Time": 304.502
  }
]