{
    "Plan": {
        "Node Type": "Aggregate",
        "Strategy": "Plain",
        "Partial Mode": "Finalize",
        "Parallel Aware": false,
        "Startup Cost": 292520.05,
        "Total Cost": 292520.06,
        "Plan Rows": 1,
        "Plan Width": 8,
        "Actual Startup Time": 1006.04,
        "Actual Total Time": 1059.387,
        "Actual Rows": 1,
        "Actual Loops": 1,
        "Output": [
            "count(*)"
        ],
        "Plans": [
            {
                "Node Type": "Gather",
                "Parent Relationship": "Outer",
                "Parallel Aware": false,
                "Startup Cost": 292519.74,
                "Total Cost": 292520.05,
                "Plan Rows": 3,
                "Plan Width": 8,
                "Actual Startup Time": 1003.036,
                "Actual Total Time": 1059.375,
                "Actual Rows": 4,
                "Actual Loops": 1,
                "Output": [
                    "(PARTIAL count(*))"
                ],
                "Workers Planned": 3,
                "Workers Launched": 3,
                "Single Copy": false,
                "Plans": [
                    {
                        "Node Type": "Aggregate",
                        "Strategy": "Plain",
                        "Partial Mode": "Partial",
                        "Parent Relationship": "Outer",
                        "Parallel Aware": false,
                        "Startup Cost": 291519.74,
                        "Total Cost": 291519.75,
                        "Plan Rows": 1,
                        "Plan Width": 8,
                        "Actual Startup Time": 992.581,
                        "Actual Total Time": 992.885,
                        "Actual Rows": 1,
                        "Actual Loops": 4,
                        "Output": [
                            "PARTIAL count(*)"
                        ],
                        "Workers": [
                            {
                                "Worker Number": 0,
                                "Actual Startup Time": 989.069,
                                "Actual Total Time": 989.074,
                                "Actual Rows": 1,
                                "Actual Loops": 1
                            },
                            {
                                "Worker Number": 1,
                                "Actual Startup Time": 989.061,
                                "Actual Total Time": 989.067,
                                "Actual Rows": 1,
                                "Actual Loops": 1
                            },
                            {
                                "Worker Number": 2,
                                "Actual Startup Time": 989.895,
                                "Actual Total Time": 989.901,
                                "Actual Rows": 1,
                                "Actual Loops": 1
                            }
                        ],
                        "Plans": [
                            {
                                "Node Type": "Hash Join",
                                "Parent Relationship": "Outer",
                                "Parallel Aware": true,
                                "Join Type": "Inner",
                                "Startup Cost": 246642.12,
                                "Total Cost": 291320.96,
                                "Plan Rows": 79510,
                                "Plan Width": 0,
                                "Actual Startup Time": 588.353,
                                "Actual Total Time": 919.336,
                                "Actual Rows": 1805882,
                                "Actual Loops": 4,
                                "Inner Unique": false,
                                "Hash Cond": "(mk.movie_id = t.id)",
                                "Workers": [
                                    {
                                        "Worker Number": 0,
                                        "Actual Startup Time": 584.978,
                                        "Actual Total Time": 916.577,
                                        "Actual Rows": 1748214,
                                        "Actual Loops": 1
                                    },
                                    {
                                        "Worker Number": 1,
                                        "Actual Startup Time": 585.094,
                                        "Actual Total Time": 915.239,
                                        "Actual Rows": 1768478,
                                        "Actual Loops": 1
                                    },
                                    {
                                        "Worker Number": 2,
                                        "Actual Startup Time": 585.131,
                                        "Actual Total Time": 920.064,
                                        "Actual Rows": 1813361,
                                        "Actual Loops": 1
                                    }
                                ],
                                "Plans": [
                                    {
                                        "Node Type": "Seq Scan",
                                        "Parent Relationship": "Outer",
                                        "Parallel Aware": true,
                                        "Relation Name": "movie_keyword",
                                        "Schema": "public",
                                        "Alias": "mk",
                                        "Startup Cost": 0.0,
                                        "Total Cost": 39047.32,
                                        "Plan Rows": 1459332,
                                        "Plan Width": 4,
                                        "Actual Startup Time": 0.021,
                                        "Actual Total Time": 103.331,
                                        "Actual Rows": 1130982,
                                        "Actual Loops": 4,
                                        "Output": [
                                            "mk.id",
                                            "mk.movie_id",
                                            "mk.keyword_id"
                                        ],
                                        "Workers": [
                                            {
                                                "Worker Number": 0,
                                                "Actual Startup Time": 0.022,
                                                "Actual Total Time": 108.952,
                                                "Actual Rows": 1102355,
                                                "Actual Loops": 1
                                            },
                                            {
                                                "Worker Number": 1,
                                                "Actual Startup Time": 0.028,
                                                "Actual Total Time": 106.551,
                                                "Actual Rows": 1065600,
                                                "Actual Loops": 1
                                            },
                                            {
                                                "Worker Number": 2,
                                                "Actual Startup Time": 0.023,
                                                "Actual Total Time": 112.258,
                                                "Actual Rows": 1140895,
                                                "Actual Loops": 1
                                            }
                                        ]
                                    },
                                    {
                                        "Node Type": "Hash",
                                        "Parent Relationship": "Inner",
                                        "Parallel Aware": true,
                                        "Startup Cost": 246297.75,
                                        "Total Cost": 246297.75,
                                        "Plan Rows": 27550,
                                        "Plan Width": 8,
                                        "Actual Startup Time": 585.709,
                                        "Actual Total Time": 586.011,
                                        "Actual Rows": 69818,
                                        "Actual Loops": 4,
                                        "Output": [
                                            "t.id",
                                            "mi.movie_id"
                                        ],
                                        "Hash Buckets": 524288,
                                        "Original Hash Buckets": 262144,
                                        "Hash Batches": 1,
                                        "Original Hash Batches": 1,
                                        "Peak Memory Usage": 17152,
                                        "Workers": [
                                            {
                                                "Worker Number": 0,
                                                "Actual Startup Time": 584.235,
                                                "Actual Total Time": 584.239,
                                                "Actual Rows": 69016,
                                                "Actual Loops": 1
                                            },
                                            {
                                                "Worker Number": 1,
                                                "Actual Startup Time": 584.131,
                                                "Actual Total Time": 584.134,
                                                "Actual Rows": 68718,
                                                "Actual Loops": 1
                                            },
                                            {
                                                "Worker Number": 2,
                                                "Actual Startup Time": 584.504,
                                                "Actual Total Time": 584.509,
                                                "Actual Rows": 66626,
                                                "Actual Loops": 1
                                            }
                                        ],
                                        "Plans": [
                                            {
                                                "Node Type": "Hash Join",
                                                "Parent Relationship": "Outer",
                                                "Parallel Aware": true,
                                                "Join Type": "Inner",
                                                "Startup Cost": 47054.22,
                                                "Total Cost": 246297.75,
                                                "Plan Rows": 27550,
                                                "Plan Width": 8,
                                                "Actual Startup Time": 183.071,
                                                "Actual Total Time": 562.023,
                                                "Actual Rows": 69818,
                                                "Actual Loops": 4,
                                                "Output": [
                                                    "t.id",
                                                    "mi.movie_id"
                                                ],
                                                "Inner Unique": true,
                                                "Hash Cond": "(mi.movie_id = t.id)",
                                                "Workers": [
                                                    {
                                                        "Worker Number": 0,
                                                        "Actual Startup Time": 181.576,
                                                        "Actual Total Time": 559.632,
                                                        "Actual Rows": 69016,
                                                        "Actual Loops": 1
                                                    },
                                                    {
                                                        "Worker Number": 1,
                                                        "Actual Startup Time": 181.551,
                                                        "Actual Total Time": 560.474,
                                                        "Actual Rows": 68718,
                                                        "Actual Loops": 1
                                                    },
                                                    {
                                                        "Worker Number": 2,
                                                        "Actual Startup Time": 181.82,
                                                        "Actual Total Time": 561.73,
                                                        "Actual Rows": 66626,
                                                        "Actual Loops": 1
                                                    }
                                                ],
                                                "Plans": [
                                                    {
                                                        "Node Type": "Seq Scan",
                                                        "Parent Relationship": "Outer",
                                                        "Parallel Aware": true,
                                                        "Relation Name": "movie_info",
                                                        "Schema": "public",
                                                        "Alias": "mi",
                                                        "Startup Cost": 0.0,
                                                        "Total Cost": 198880.74,
                                                        "Plan Rows": 138206,
                                                        "Plan Width": 4,
                                                        "Actual Startup Time": 21.145,
                                                        "Actual Total Time": 361.928,
                                                        "Actual Rows": 165231,
                                                        "Actual Loops": 4,
                                                        "Output": [
                                                            "mi.id",
                                                            "mi.movie_id",
                                                            "mi.info_type_id",
                                                            "mi.info",
                                                            "mi.note"
                                                        ],
                                                        "Filter": "(mi.info_type_id = 18)",
                                                        "Rows Removed by Filter": 3543699,
                                                        "Workers": [
                                                            {
                                                                "Worker Number": 0,
                                                                "Actual Startup Time": 21.143,
                                                                "Actual Total Time": 362.662,
                                                                "Actual Rows": 161870,
                                                                "Actual Loops": 1
                                                            },
                                                            {
                                                                "Worker Number": 1,
                                                                "Actual Startup Time": 21.153,
                                                                "Actual Total Time": 362.833,
                                                                "Actual Rows": 161978,
                                                                "Actual Loops": 1
                                                            },
                                                            {
                                                                "Worker Number": 2,
                                                                "Actual Startup Time": 21.137,
                                                                "Actual Total Time": 362.181,
                                                                "Actual Rows": 158249,
                                                                "Actual Loops": 1
                                                            }
                                                        ]
                                                    },
                                                    {
                                                        "Node Type": "Hash",
                                                        "Parent Relationship": "Inner",
                                                        "Parallel Aware": true,
                                                        "Startup Cost": 45479.21,
                                                        "Total Cost": 45479.21,
                                                        "Plan Rows": 126001,
                                                        "Plan Width": 4,
                                                        "Actual Startup Time": 159.809,
                                                        "Actual Total Time": 159.81,
                                                        "Actual Rows": 134701,
                                                        "Actual Loops": 4,
                                                        "Output": [
                                                            "t.id"
                                                        ],
                                                        "Hash Buckets": 1048576,
                                                        "Original Hash Buckets": 524288,
                                                        "Hash Batches": 1,
                                                        "Original Hash Batches": 1,
                                                        "Peak Memory Usage": 33440,
                                                        "Workers": [
                                                            {
                                                                "Worker Number": 0,
                                                                "Actual Startup Time": 160.348,
                                                                "Actual Total Time": 160.349,
                                                                "Actual Rows": 130255,
                                                                "Actual Loops": 1
                                                            },
                                                            {
                                                                "Worker Number": 1,
                                                                "Actual Startup Time": 160.347,
                                                                "Actual Total Time": 160.348,
                                                                "Actual Rows": 128046,
                                                                "Actual Loops": 1
                                                            },
                                                            {
                                                                "Worker Number": 2,
                                                                "Actual Startup Time": 160.616,
                                                                "Actual Total Time": 160.617,
                                                                "Actual Rows": 122718,
                                                                "Actual Loops": 1
                                                            }
                                                        ],
                                                        "Plans": [
                                                            {
                                                                "Node Type": "Seq Scan",
                                                                "Parent Relationship": "Outer",
                                                                "Parallel Aware": true,
                                                                "Relation Name": "title",
                                                                "Schema": "public",
                                                                "Alias": "t",
                                                                "Startup Cost": 0.0,
                                                                "Total Cost": 45479.21,
                                                                "Plan Rows": 126001,
                                                                "Plan Width": 4,
                                                                "Actual Startup Time": 0.055,
                                                                "Actual Total Time": 102.663,
                                                                "Actual Rows": 134701,
                                                                "Actual Loops": 4,
                                                                "Output": [
                                                                    "t.id"
                                                                ],
                                                                "Filter": "((t.kind_id < 3) AND (t.production_year < 2008))",
                                                                "Rows Removed by Filter": 497377,
                                                                "Workers": [
                                                                    {
                                                                        "Worker Number": 0,
                                                                        "Actual Startup Time": 0.06,
                                                                        "Actual Total Time": 103.699,
                                                                        "Actual Rows": 130255,
                                                                        "Actual Loops": 1
                                                                    },
                                                                    {
                                                                        "Worker Number": 1,
                                                                        "Actual Startup Time": 0.067,
                                                                        "Actual Total Time": 103.507,
                                                                        "Actual Rows": 128046,
                                                                        "Actual Loops": 1
                                                                    },
                                                                    {
                                                                        "Worker Number": 2,
                                                                        "Actual Startup Time": 0.073,
                                                                        "Actual Total Time": 102.164,
                                                                        "Actual Rows": 122718,
                                                                        "Actual Loops": 1
                                                                    }
                                                                ]
                                                            }
                                                        ]
                                                    }
                                                ]
                                            }
                                        ]
                                    }
                                ]
                            }
                        ]
                    }
                ]
            }
        ]
    },
    "Planning Time": 1.573,
    "Triggers": [],
    "Execution Time": 1059.49
}