[
  {
    "Plan": {
      "Node Type": "Aggregate",
      "Strategy": "Plain",
      "Partial Mode": "Finalize",
      "Parallel Aware": false,
      "Startup Cost": 153837.77,
      "Total Cost": 153837.78,
      "Plan Rows": 1,
      "Plan Width": 8,
      "Actual Startup Time": 173.149,
      "Actual Total Time": 189.06,
      "Actual Rows": 1,
      "Actual Loops": 1,
      "Plans": [
        {
          "Node Type": "Gather",
          "Parent Relationship": "Outer",
          "Parallel Aware": false,
          "Startup Cost": 153837.35,
          "Total Cost": 153837.76,
          "Plan Rows": 4,
          "Plan Width": 8,
          "Actual Startup Time": 170.121,
          "Actual Total Time": 189.051,
          "Actual Rows": 5,
          "Actual Loops": 1,
          "Workers Planned": 4,
          "Workers Launched": 4,
          "Single Copy": false,
          "Plans": [
            {
              "Node Type": "Aggregate",
              "Strategy": "Plain",
              "Partial Mode": "Partial",
              "Parent Relationship": "Outer",
              "Parallel Aware": false,
              "Startup Cost": 152837.35,
              "Total Cost": 152837.36,
              "Plan Rows": 1,
              "Plan Width": 8,
              "Actual Startup Time": 164.391,
              "Actual Total Time": 164.395,
              "Actual Rows": 1,
              "Actual Loops": 5,
              "Plans": [
                {
                  "Node Type": "Nested Loop",
                  "Parent Relationship": "Outer",
                  "Parallel Aware": false,
                  "Join Type": "Inner",
                  "Startup Cost": 18663.97,
                  "Total Cost": 152830.16,
                  "Plan Rows": 2877,
                  "Plan Width": 0,
                  "Actual Startup Time": 85.686,
                  "Actual Total Time": 163.195,
                  "Actual Rows": 8500,
                  "Actual Loops": 5,
                  "Inner Unique": true,
                  "Join Filter": "(mi.movie_id = t.id)",
                  "Rows Removed by Join Filter": 0,
                  "Plans": [
                    {
                      "Node Type": "Hash Join",
                      "Parent Relationship": "Outer",
                      "Parallel Aware": true,
                      "Join Type": "Inner",
                      "Startup Cost": 18663.54,
                      "Total Cost": 140117.98,
                      "Plan Rows": 14912,
                      "Plan Width": 8,
                      "Actual Startup Time": 85.603,
                      "Actual Total Time": 102.097,
                      "Actual Rows": 8500,
                      "Actual Loops": 5,
                      "Inner Unique": false,
                      "Hash Cond": "(mi.movie_id = mi_idx.movie_id)",
                      "Plans": [
                        {
                          "Node Type": "Bitmap Heap Scan",
                          "Parent Relationship": "Outer",
                          "Parallel Aware": true,
                          "Relation Name": "movie_info",
                          "Alias": "mi",
                          "Startup Cost": 1152.15,
                          "Total Cost": 122484.97,
                          "Plan Rows": 15862,
                          "Plan Width": 4,
                          "Actual Startup Time": 7.172,
                          "Actual Total Time": 14.673,
                          "Actual Rows": 12226,
                          "Actual Loops": 5,
                          "Recheck Cond": "(info_type_id = 103)",
                          "Rows Removed by Index Recheck": 0,
                          "Exact Heap Blocks": 1818,
                          "Lossy Heap Blocks": 0,
                          "Plans": [
                            {
                              "Node Type": "Bitmap Index Scan",
                              "Parent Relationship": "Outer",
                              "Parallel Aware": false,
                              "Index Name": "info_type_id_movie_info",
                              "Startup Cost": 0.0,
                              "Total Cost": 1136.29,
                              "Plan Rows": 63447,
                              "Plan Width": 0,
                              "Actual Startup Time": 6.05,
                              "Actual Total Time": 6.051,
                              "Actual Rows": 61128,
                              "Actual Loops": 1,
                              "Index Cond": "(info_type_id = 103)"
                            }
                          ]
                        },
                        {
                          "Node Type": "Hash",
                          "Parent Relationship": "Inner",
                          "Parallel Aware": true,
                          "Startup Cost": 15122.68,
                          "Total Cost": 15122.68,
                          "Plan Rows": 191097,
                          "Plan Width": 4,
                          "Actual Startup Time": 76.793,
                          "Actual Total Time": 76.793,
                          "Actual Rows": 91985,
                          "Actual Loops": 5,
                          "Hash Buckets": 524288,
                          "Original Hash Buckets": 524288,
                          "Hash Batches": 1,
                          "Original Hash Batches": 1,
                          "Peak Memory Usage": 22176,
                          "Plans": [
                            {
                              "Node Type": "Seq Scan",
                              "Parent Relationship": "Outer",
                              "Parallel Aware": true,
                              "Relation Name": "movie_info_idx",
                              "Alias": "mi_idx",
                              "Startup Cost": 0.0,
                              "Total Cost": 15122.68,
                              "Plan Rows": 191097,
                              "Plan Width": 4,
                              "Actual Startup Time": 0.033,
                              "Actual Total Time": 41.155,
                              "Actual Rows": 91985,
                              "Actual Loops": 5,
                              "Filter": "(info_type_id = 101)",
                              "Rows Removed by Filter": 184022
                            }
                          ]
                        }
                      ]
                    },
                    {
                      "Node Type": "Index Only Scan",
                      "Parent Relationship": "Inner",
                      "Parallel Aware": false,
                      "Scan Direction": "Forward",
                      "Index Name": "title_pkey",
                      "Relation Name": "title",
                      "Alias": "t",
                      "Startup Cost": 0.43,
                      "Total Cost": 0.84,
                      "Plan Rows": 1,
                      "Plan Width": 4,
                      "Actual Startup Time": 0.007,
                      "Actual Total Time": 0.007,
                      "Actual Rows": 1,
                      "Actual Loops": 42499,
                      "Index Cond": "(id = mi_idx.movie_id)",
                      "Rows Removed by Index Recheck": 0,
                      "Heap Fetches": 42499
                    }
                  ]
                }
              ]
            }
          ]
        }
      ]
    },
    "Planning Time": 0.544,
    "Triggers": [],
    "Execution Time": 189.109
  }
]