{
  "Plan": {
    "Node Type": "Aggregate",
    "Strategy": "Plain",
    "Partial Mode": "Finalize",
    "Parallel Aware": false,
    "Startup Cost": 550156.53,
    "Total Cost": 550156.54,
    "Plan Rows": 1,
    "Plan Width": 8,
    "Actual Startup Time": 3624.549,
    "Actual Total Time": 3661.004,
    "Actual Rows": 1,
    "Actual Loops": 1,
    "Plans": [
      {
        "Node Type": "Gather",
        "Parent Relationship": "Outer",
        "Parallel Aware": false,
        "Startup Cost": 550156.42,
        "Total Cost": 550156.53,
        "Plan Rows": 1,
        "Plan Width": 8,
        "Actual Startup Time": 3616.822,
        "Actual Total Time": 3660.998,
        "Actual Rows": 2,
        "Actual Loops": 1,
        "Workers Planned": 1,
        "Workers Launched": 1,
        "Single Copy": false,
        "Plans": [
          {
            "Node Type": "Aggregate",
            "Strategy": "Plain",
            "Partial Mode": "Partial",
            "Parent Relationship": "Outer",
            "Parallel Aware": false,
            "Startup Cost": 549156.42,
            "Total Cost": 549156.43,
            "Plan Rows": 1,
            "Plan Width": 8,
            "Actual Startup Time": 3606.466,
            "Actual Total Time": 3606.471,
            "Actual Rows": 1,
            "Actual Loops": 2,
            "Plans": [
              {
                "Node Type": "Hash Join",
                "Parent Relationship": "Outer",
                "Parallel Aware": true,
                "Join Type": "Inner",
                "Startup Cost": 222932.14,
                "Total Cost": 543338.83,
                "Plan Rows": 2327034,
                "Plan Width": 0,
                "Actual Startup Time": 1115.155,
                "Actual Total Time": 3432.731,
                "Actual Rows": 4307572,
                "Actual Loops": 2,
                "Inner Unique": false,
                "Hash Cond": "(t.id = mc.movie_id)",
                "Plans": [
                  {
                    "Node Type": "Hash Join",
                    "Parent Relationship": "Outer",
                    "Parallel Aware": true,
                    "Join Type": "Inner",
                    "Startup Cost": 169609.55,
                    "Total Cost": 462234.44,
                    "Plan Rows": 2254938,
                    "Plan Width": 8,
                    "Actual Startup Time": 660.787,
                    "Actual Total Time": 1890.926,
                    "Actual Rows": 2010166,
                    "Actual Loops": 2,
                    "Inner Unique": true,
                    "Hash Cond": "(ci.movie_id = t.id)",
                    "Plans": [
                      {
                        "Node Type": "Bitmap Heap Scan",
                        "Parent Relationship": "Outer",
                        "Parallel Aware": true,
                        "Relation Name": "cast_info",
                        "Alias": "ci",
                        "Startup Cost": 99145.43,
                        "Total Cost": 384838.95,
                        "Plan Rows": 2640521,
                        "Plan Width": 4,
                        "Actual Startup Time": 183.711,
                        "Actual Total Time": 416.355,
                        "Actual Rows": 2299116,
                        "Actual Loops": 2,
                        "Recheck Cond": "(person_id < 444728)",
                        "Rows Removed by Index Recheck": 0,
                        "Exact Heap Blocks": 24639,
                        "Lossy Heap Blocks": 0,
                        "Plans": [
                          {
                            "Node Type": "Bitmap Index Scan",
                            "Parent Relationship": "Outer",
                            "Parallel Aware": false,
                            "Index Name": "person_id_cast_info",
                            "Startup Cost": 0.0,
                            "Total Cost": 98023.21,
                            "Plan Rows": 4488886,
                            "Plan Width": 0,
                            "Actual Startup Time": 176.17,
                            "Actual Total Time": 176.17,
                            "Actual Rows": 4598232,
                            "Actual Loops": 1,
                            "Index Cond": "(person_id < 444728)"
                          }
                        ]
                      },
                      {
                        "Node Type": "Hash",
                        "Parent Relationship": "Inner",
                        "Parallel Aware": true,
                        "Startup Cost": 54588.39,
                        "Total Cost": 54588.39,
                        "Plan Rows": 1270058,
                        "Plan Width": 4,
                        "Actual Startup Time": 466.098,
                        "Actual Total Time": 466.098,
                        "Actual Rows": 1073342,
                        "Actual Loops": 2,
                        "Hash Buckets": 4194304,
                        "Original Hash Buckets": 4194304,
                        "Hash Batches": 1,
                        "Original Hash Batches": 1,
                        "Peak Memory Usage": 116768,
                        "Plans": [
                          {
                            "Node Type": "Seq Scan",
                            "Parent Relationship": "Outer",
                            "Parallel Aware": true,
                            "Relation Name": "title",
                            "Alias": "t",
                            "Startup Cost": 0.0,
                            "Total Cost": 54588.39,
                            "Plan Rows": 1270058,
                            "Plan Width": 4,
                            "Actual Startup Time": 0.021,
                            "Actual Total Time": 170.883,
                            "Actual Rows": 1073342,
                            "Actual Loops": 2,
                            "Filter": "(production_year > 1965)",
                            "Rows Removed by Filter": 190814
                          }
                        ]
                      }
                    ]
                  },
                  {
                    "Node Type": "Hash",
                    "Parent Relationship": "Inner",
                    "Parallel Aware": true,
                    "Startup Cost": 34137.82,
                    "Total Cost": 34137.82,
                    "Plan Rows": 1534782,
                    "Plan Width": 4,
                    "Actual Startup Time": 436.25,
                    "Actual Total Time": 436.251,
                    "Actual Rows": 1304564,
                    "Actual Loops": 2,
                    "Hash Buckets": 4194304,
                    "Original Hash Buckets": 4194304,
                    "Hash Batches": 1,
                    "Original Hash Batches": 1,
                    "Peak Memory Usage": 134880,
                    "Plans": [
                      {
                        "Node Type": "Seq Scan",
                        "Parent Relationship": "Outer",
                        "Parallel Aware": true,
                        "Relation Name": "movie_companies",
                        "Alias": "mc",
                        "Startup Cost": 0.0,
                        "Total Cost": 34137.82,
                        "Plan Rows": 1534782,
                        "Plan Width": 4,
                        "Actual Startup Time": 0.03,
                        "Actual Total Time": 131.645,
                        "Actual Rows": 1304564,
                        "Actual Loops": 2
                      }
                    ]
                  }
                ]
              }
            ]
          }
        ]
      }
    ]
  },
  "Planning Time": 0.555,
  "Triggers": [],
  "Execution Time": 3661.076
}