[
    {
        "Bao": {
            "Bao prediction": "NaN",
            "Bao recommended hint": "(no hint)"
        }
    },
    {
        "Plan": {
            "Node Type": "Aggregate",
            "Strategy": "Plain",
            "Partial Mode": "Finalize",
            "Parallel Aware": false,
            "Startup Cost": 29439.6,
            "Total Cost": 29439.61,
            "Plan Rows": 1,
            "Plan Width": 8,
            "Actual Startup Time": 76.635,
            "Actual Total Time": 82.251,
            "Actual Rows": 1,
            "Actual Loops": 1,
            "Output": [
                "count(*)"
            ],
            "Plans": [
                {
                    "Node Type": "Gather",
                    "Parent Relationship": "Outer",
                    "Parallel Aware": false,
                    "Startup Cost": 29439.29,
                    "Total Cost": 29439.6,
                    "Plan Rows": 3,
                    "Plan Width": 8,
                    "Actual Startup Time": 76.405,
                    "Actual Total Time": 82.242,
                    "Actual Rows": 4,
                    "Actual Loops": 1,
                    "Output": [
                        "(PARTIAL count(*))"
                    ],
                    "Workers Planned": 3,
                    "Workers Launched": 3,
                    "Single Copy": false,
                    "Plans": [
                        {
                            "Node Type": "Aggregate",
                            "Strategy": "Plain",
                            "Partial Mode": "Partial",
                            "Parent Relationship": "Outer",
                            "Parallel Aware": false,
                            "Startup Cost": 28439.29,
                            "Total Cost": 28439.3,
                            "Plan Rows": 1,
                            "Plan Width": 8,
                            "Actual Startup Time": 67.584,
                            "Actual Total Time": 67.586,
                            "Actual Rows": 1,
                            "Actual Loops": 4,
                            "Output": [
                                "PARTIAL count(*)"
                            ],
                            "Workers": [
                                {
                                    "Worker Number": 0,
                                    "Actual Startup Time": 64.728,
                                    "Actual Total Time": 64.73,
                                    "Actual Rows": 1,
                                    "Actual Loops": 1
                                },
                                {
                                    "Worker Number": 1,
                                    "Actual Startup Time": 64.372,
                                    "Actual Total Time": 64.374,
                                    "Actual Rows": 1,
                                    "Actual Loops": 1
                                },
                                {
                                    "Worker Number": 2,
                                    "Actual Startup Time": 65.235,
                                    "Actual Total Time": 65.237,
                                    "Actual Rows": 1,
                                    "Actual Loops": 1
                                }
                            ],
                            "Plans": [
                                {
                                    "Node Type": "Bitmap Heap Scan",
                                    "Parent Relationship": "Outer",
                                    "Parallel Aware": true,
                                    "Relation Name": "movie_keyword",
                                    "Schema": "public",
                                    "Alias": "mk",
                                    "Startup Cost": 3245.43,
                                    "Total Cost": 28315.98,
                                    "Plan Rows": 49324,
                                    "Plan Width": 0,
                                    "Actual Startup Time": 15.222,
                                    "Actual Total Time": 64.487,
                                    "Actual Rows": 36268,
                                    "Actual Loops": 4,
                                    "Recheck Cond": "(mk.keyword_id > 74366)",
                                    "Rows Removed by Index Recheck": 0,
                                    "Exact Heap Blocks": 9930,
                                    "Lossy Heap Blocks": 0,
                                    "Workers": [
                                        {
                                            "Worker Number": 0,
                                            "Actual Startup Time": 12.348,
                                            "Actual Total Time": 62.23,
                                            "Actual Rows": 24945,
                                            "Actual Loops": 1
                                        },
                                        {
                                            "Worker Number": 1,
                                            "Actual Startup Time": 12.422,
                                            "Actual Total Time": 62.102,
                                            "Actual Rows": 20713,
                                            "Actual Loops": 1
                                        },
                                        {
                                            "Worker Number": 2,
                                            "Actual Startup Time": 12.898,
                                            "Actual Total Time": 62.791,
                                            "Actual Rows": 24017,
                                            "Actual Loops": 1
                                        }
                                    ],
                                    "Plans": [
                                        {
                                            "Node Type": "Bitmap Index Scan",
                                            "Parent Relationship": "Outer",
                                            "Parallel Aware": false,
                                            "Index Name": "keyword_id_movie_keyword",
                                            "Startup Cost": 0.0,
                                            "Total Cost": 3207.2,
                                            "Plan Rows": 152903,
                                            "Plan Width": 0,
                                            "Actual Startup Time": 18.385,
                                            "Actual Total Time": 18.385,
                                            "Actual Rows": 145074,
                                            "Actual Loops": 1,
                                            "Index Cond": "(mk.keyword_id > 74366)"
                                        }
                                    ]
                                }
                            ]
                        }
                    ]
                }
            ]
        },
        "Planning Time": 279.285,
        "Triggers": [],
        "Execution Time": 82.33
    }
]