[
  {
    "Plan": {
      "Node Type": "Aggregate",
      "Strategy": "Plain",
      "Partial Mode": "Finalize",
      "Parallel Aware": false,
      "Startup Cost": 334005.32,
      "Total Cost": 334005.33,
      "Plan Rows": 1,
      "Plan Width": 8,
      "Actual Startup Time": 685.399,
      "Actual Total Time": 746.56,
      "Actual Rows": 1,
      "Actual Loops": 1,
      "Plans": [
        {
          "Node Type": "Gather",
          "Parent Relationship": "Outer",
          "Parallel Aware": false,
          "Startup Cost": 334004.7,
          "Total Cost": 334005.31,
          "Plan Rows": 6,
          "Plan Width": 8,
          "Actual Startup Time": 684.993,
          "Actual Total Time": 746.539,
          "Actual Rows": 7,
          "Actual Loops": 1,
          "Workers Planned": 6,
          "Workers Launched": 6,
          "Single Copy": false,
          "Plans": [
            {
              "Node Type": "Aggregate",
              "Strategy": "Plain",
              "Partial Mode": "Partial",
              "Parent Relationship": "Outer",
              "Parallel Aware": false,
              "Startup Cost": 333004.7,
              "Total Cost": 333004.71,
              "Plan Rows": 1,
              "Plan Width": 8,
              "Actual Startup Time": 676.928,
              "Actual Total Time": 676.93,
              "Actual Rows": 1,
              "Actual Loops": 7,
              "Plans": [
                {
                  "Node Type": "Seq Scan",
                  "Parent Relationship": "Outer",
                  "Parallel Aware": true,
                  "Relation Name": "cast_info",
                  "Alias": "ci",
                  "Startup Cost": 0.0,
                  "Total Cost": 328211.39,
                  "Plan Rows": 1917322,
                  "Plan Width": 0,
                  "Actual Startup Time": 0.044,
                  "Actual Total Time": 596.935,
                  "Actual Rows": 1654368,
                  "Actual Loops": 7,
                  "Filter": "(person_id < 1139340)",
                  "Rows Removed by Filter": 3523395
                }
              ]
            }
          ]
        }
      ]
    },
    "Planning Time": 0.174,
    "Triggers": [],
    "Execution Time": 746.627
  }
]