[
  {
    "Plan": {
      "Node Type": "Aggregate",
      "Strategy": "Plain",
      "Partial Mode": "Finalize",
      "Parallel Aware": false,
      "Startup Cost": 91583.93,
      "Total Cost": 91583.94,
      "Plan Rows": 1,
      "Plan Width": 8,
      "Actual Startup Time": 574.218,
      "Actual Total Time": 596.237,
      "Actual Rows": 1,
      "Actual Loops": 1,
      "Plans": [
        {
          "Node Type": "Gather",
          "Parent Relationship": "Outer",
          "Parallel Aware": false,
          "Startup Cost": 91583.61,
          "Total Cost": 91583.92,
          "Plan Rows": 3,
          "Plan Width": 8,
          "Actual Startup Time": 568.054,
          "Actual Total Time": 596.226,
          "Actual Rows": 4,
          "Actual Loops": 1,
          "Workers Planned": 3,
          "Workers Launched": 3,
          "Single Copy": false,
          "Plans": [
            {
              "Node Type": "Aggregate",
              "Strategy": "Plain",
              "Partial Mode": "Partial",
              "Parent Relationship": "Outer",
              "Parallel Aware": false,
              "Startup Cost": 90583.61,
              "Total Cost": 90583.62,
              "Plan Rows": 1,
              "Plan Width": 8,
              "Actual Startup Time": 548.997,
              "Actual Total Time": 549.001,
              "Actual Rows": 1,
              "Actual Loops": 4,
              "Plans": [
                {
                  "Node Type": "Nested Loop",
                  "Parent Relationship": "Outer",
                  "Parallel Aware": false,
                  "Join Type": "Inner",
                  "Startup Cost": 51720.91,
                  "Total Cost": 90533.95,
                  "Plan Rows": 19863,
                  "Plan Width": 0,
                  "Actual Startup Time": 388.36,
                  "Actual Total Time": 539.378,
                  "Actual Rows": 172204,
                  "Actual Loops": 4,
                  "Inner Unique": false,
                  "Plans": [
                    {
                      "Node Type": "Hash Join",
                      "Parent Relationship": "Outer",
                      "Parallel Aware": true,
                      "Join Type": "Inner",
                      "Startup Cost": 51720.48,
                      "Total Cost": 76519.27,
                      "Plan Rows": 22796,
                      "Plan Width": 8,
                      "Actual Startup Time": 388.274,
                      "Actual Total Time": 419.647,
                      "Actual Rows": 17735,
                      "Actual Loops": 4,
                      "Inner Unique": true,
                      "Hash Cond": "(mk.movie_id = t.id)",
                      "Plans": [
                        {
                          "Node Type": "Bitmap Heap Scan",
                          "Parent Relationship": "Outer",
                          "Parallel Aware": true,
                          "Relation Name": "movie_keyword",
                          "Alias": "mk",
                          "Startup Cost": 1500.1,
                          "Total Cost": 26239.05,
                          "Plan Rows": 22796,
                          "Plan Width": 4,
                          "Actual Startup Time": 7.845,
                          "Actual Total Time": 28.74,
                          "Actual Rows": 17735,
                          "Actual Loops": 4,
                          "Recheck Cond": "(keyword_id > 90875)",
                          "Rows Removed by Index Recheck": 0,
                          "Exact Heap Blocks": 3786,
                          "Lossy Heap Blocks": 0,
                          "Plans": [
                            {
                              "Node Type": "Bitmap Index Scan",
                              "Parent Relationship": "Outer",
                              "Parallel Aware": false,
                              "Index Name": "keyword_id_movie_keyword",
                              "Startup Cost": 0.0,
                              "Total Cost": 1482.43,
                              "Plan Rows": 70667,
                              "Plan Width": 0,
                              "Actual Startup Time": 5.618,
                              "Actual Total Time": 5.619,
                              "Actual Rows": 70940,
                              "Actual Loops": 1,
                              "Index Cond": "(keyword_id > 90875)"
                            }
                          ]
                        },
                        {
                          "Node Type": "Hash",
                          "Parent Relationship": "Inner",
                          "Parallel Aware": true,
                          "Startup Cost": 42319.06,
                          "Total Cost": 42319.06,
                          "Plan Rows": 632106,
                          "Plan Width": 4,
                          "Actual Startup Time": 369.415,
                          "Actual Total Time": 369.415,
                          "Actual Rows": 632078,
                          "Actual Loops": 4,
                          "Hash Buckets": 4194304,
                          "Original Hash Buckets": 4194304,
                          "Hash Batches": 1,
                          "Original Hash Batches": 1,
                          "Peak Memory Usage": 131744,
                          "Plans": [
                            {
                              "Node Type": "Seq Scan",
                              "Parent Relationship": "Outer",
                              "Parallel Aware": true,
                              "Relation Name": "title",
                              "Alias": "t",
                              "Startup Cost": 0.0,
                              "Total Cost": 42319.06,
                              "Plan Rows": 632106,
                              "Plan Width": 4,
                              "Actual Startup Time": 0.047,
                              "Actual Total Time": 111.117,
                              "Actual Rows": 632078,
                              "Actual Loops": 4
                            }
                          ]
                        }
                      ]
                    },
                    {
                      "Node Type": "Index Scan",
                      "Parent Relationship": "Inner",
                      "Parallel Aware": false,
                      "Scan Direction": "Forward",
                      "Index Name": "movie_id_movie_companies",
                      "Relation Name": "movie_companies",
                      "Alias": "mc",
                      "Startup Cost": 0.43,
                      "Total Cost": 0.57,
                      "Plan Rows": 4,
                      "Plan Width": 4,
                      "Actual Startup Time": 0.003,
                      "Actual Total Time": 0.006,
                      "Actual Rows": 10,
                      "Actual Loops": 70940,
                      "Index Cond": "(movie_id = t.id)",
                      "Rows Removed by Index Recheck": 0,
                      "Filter": "(company_id > 253)",
                      "Rows Removed by Filter": 1
                    }
                  ]
                }
              ]
            }
          ]
        }
      ]
    },
    "Planning Time": 0.905,
    "Triggers": [],
    "Execution Time": 596.314
  }
]