[
  {
    "Plan": {
      "Node Type": "Aggregate",
      "Strategy": "Plain",
      "Partial Mode": "Finalize",
      "Parallel Aware": false,
      "Startup Cost": 91911.13,
      "Total Cost": 91911.14,
      "Plan Rows": 1,
      "Plan Width": 8,
      "Actual Startup Time": 509.282,
      "Actual Total Time": 524.978,
      "Actual Rows": 1,
      "Actual Loops": 1,
      "Plans": [
        {
          "Node Type": "Gather",
          "Parent Relationship": "Outer",
          "Parallel Aware": false,
          "Startup Cost": 91910.81,
          "Total Cost": 91911.12,
          "Plan Rows": 3,
          "Plan Width": 8,
          "Actual Startup Time": 500.371,
          "Actual Total Time": 524.97,
          "Actual Rows": 4,
          "Actual Loops": 1,
          "Workers Planned": 3,
          "Workers Launched": 3,
          "Single Copy": false,
          "Plans": [
            {
              "Node Type": "Aggregate",
              "Strategy": "Plain",
              "Partial Mode": "Partial",
              "Parent Relationship": "Outer",
              "Parallel Aware": false,
              "Startup Cost": 90910.81,
              "Total Cost": 90910.82,
              "Plan Rows": 1,
              "Plan Width": 8,
              "Actual Startup Time": 480.912,
              "Actual Total Time": 480.915,
              "Actual Rows": 1,
              "Actual Loops": 4,
              "Plans": [
                {
                  "Node Type": "Nested Loop",
                  "Parent Relationship": "Outer",
                  "Parallel Aware": false,
                  "Join Type": "Inner",
                  "Startup Cost": 51731.49,
                  "Total Cost": 90860.85,
                  "Plan Rows": 19985,
                  "Plan Width": 0,
                  "Actual Startup Time": 342.662,
                  "Actual Total Time": 472.877,
                  "Actual Rows": 172204,
                  "Actual Loops": 4,
                  "Inner Unique": false,
                  "Plans": [
                    {
                      "Node Type": "Hash Join",
                      "Parent Relationship": "Outer",
                      "Parallel Aware": true,
                      "Join Type": "Inner",
                      "Startup Cost": 51731.06,
                      "Total Cost": 76531.94,
                      "Plan Rows": 22934,
                      "Plan Width": 8,
                      "Actual Startup Time": 342.584,
                      "Actual Total Time": 371.204,
                      "Actual Rows": 17735,
                      "Actual Loops": 4,
                      "Inner Unique": true,
                      "Hash Cond": "(mk.movie_id = t.id)",
                      "Plans": [
                        {
                          "Node Type": "Bitmap Heap Scan",
                          "Parent Relationship": "Outer",
                          "Parallel Aware": true,
                          "Relation Name": "movie_keyword",
                          "Alias": "mk",
                          "Startup Cost": 1511.42,
                          "Total Cost": 26252.09,
                          "Plan Rows": 22934,
                          "Plan Width": 4,
                          "Actual Startup Time": 7.876,
                          "Actual Total Time": 27.226,
                          "Actual Rows": 17735,
                          "Actual Loops": 4,
                          "Recheck Cond": "(keyword_id > 90875)",
                          "Rows Removed by Index Recheck": 0,
                          "Exact Heap Blocks": 4543,
                          "Lossy Heap Blocks": 0,
                          "Plans": [
                            {
                              "Node Type": "Bitmap Index Scan",
                              "Parent Relationship": "Outer",
                              "Parallel Aware": false,
                              "Index Name": "keyword_id_movie_keyword",
                              "Startup Cost": 0.0,
                              "Total Cost": 1493.64,
                              "Plan Rows": 71095,
                              "Plan Width": 0,
                              "Actual Startup Time": 5.594,
                              "Actual Total Time": 5.595,
                              "Actual Rows": 70940,
                              "Actual Loops": 1,
                              "Index Cond": "(keyword_id > 90875)"
                            }
                          ]
                        },
                        {
                          "Node Type": "Hash",
                          "Parent Relationship": "Inner",
                          "Parallel Aware": true,
                          "Startup Cost": 42318.73,
                          "Total Cost": 42318.73,
                          "Plan Rows": 632073,
                          "Plan Width": 4,
                          "Actual Startup Time": 323.626,
                          "Actual Total Time": 323.626,
                          "Actual Rows": 632078,
                          "Actual Loops": 4,
                          "Hash Buckets": 4194304,
                          "Original Hash Buckets": 4194304,
                          "Hash Batches": 1,
                          "Original Hash Batches": 1,
                          "Peak Memory Usage": 131744,
                          "Plans": [
                            {
                              "Node Type": "Seq Scan",
                              "Parent Relationship": "Outer",
                              "Parallel Aware": true,
                              "Relation Name": "title",
                              "Alias": "t",
                              "Startup Cost": 0.0,
                              "Total Cost": 42318.73,
                              "Plan Rows": 632073,
                              "Plan Width": 4,
                              "Actual Startup Time": 0.036,
                              "Actual Total Time": 95.041,
                              "Actual Rows": 632078,
                              "Actual Loops": 4
                            }
                          ]
                        }
                      ]
                    },
                    {
                      "Node Type": "Index Scan",
                      "Parent Relationship": "Inner",
                      "Parallel Aware": false,
                      "Scan Direction": "Forward",
                      "Index Name": "movie_id_movie_companies",
                      "Relation Name": "movie_companies",
                      "Alias": "mc",
                      "Startup Cost": 0.43,
                      "Total Cost": 0.57,
                      "Plan Rows": 5,
                      "Plan Width": 4,
                      "Actual Startup Time": 0.003,
                      "Actual Total Time": 0.005,
                      "Actual Rows": 10,
                      "Actual Loops": 70940,
                      "Index Cond": "(movie_id = t.id)",
                      "Rows Removed by Index Recheck": 0,
                      "Filter": "(company_id > 253)",
                      "Rows Removed by Filter": 1
                    }
                  ]
                }
              ]
            }
          ]
        }
      ]
    },
    "Planning Time": 1.556,
    "Triggers": [],
    "Execution Time": 525.116
  }
]