[
  {
    "Plan": {
      "Node Type": "Aggregate",
      "Strategy": "Plain",
      "Partial Mode": "Finalize",
      "Parallel Aware": false,
      "Startup Cost": 236936.12,
      "Total Cost": 236936.13,
      "Plan Rows": 1,
      "Plan Width": 8,
      "Actual Startup Time": 223.089,
      "Actual Total Time": 253.81,
      "Actual Rows": 1,
      "Actual Loops": 1,
      "Plans": [
        {
          "Node Type": "Gather",
          "Parent Relationship": "Outer",
          "Parallel Aware": false,
          "Startup Cost": 236935.7,
          "Total Cost": 236936.11,
          "Plan Rows": 4,
          "Plan Width": 8,
          "Actual Startup Time": 222.953,
          "Actual Total Time": 253.8,
          "Actual Rows": 5,
          "Actual Loops": 1,
          "Workers Planned": 4,
          "Workers Launched": 4,
          "Single Copy": false,
          "Plans": [
            {
              "Node Type": "Aggregate",
              "Strategy": "Plain",
              "Partial Mode": "Partial",
              "Parent Relationship": "Outer",
              "Parallel Aware": false,
              "Startup Cost": 235935.7,
              "Total Cost": 235935.71,
              "Plan Rows": 1,
              "Plan Width": 8,
              "Actual Startup Time": 213.833,
              "Actual Total Time": 213.835,
              "Actual Rows": 1,
              "Actual Loops": 5,
              "Plans": [
                {
                  "Node Type": "Nested Loop",
                  "Parent Relationship": "Outer",
                  "Parallel Aware": false,
                  "Join Type": "Inner",
                  "Startup Cost": 0.43,
                  "Total Cost": 235896.25,
                  "Plan Rows": 15778,
                  "Plan Width": 0,
                  "Actual Startup Time": 58.66,
                  "Actual Total Time": 211.722,
                  "Actual Rows": 23423,
                  "Actual Loops": 5,
                  "Inner Unique": false,
                  "Plans": [
                    {
                      "Node Type": "Seq Scan",
                      "Parent Relationship": "Outer",
                      "Parallel Aware": true,
                      "Relation Name": "title",
                      "Alias": "t",
                      "Startup Cost": 0.0,
                      "Total Cost": 45479.59,
                      "Plan Rows": 6475,
                      "Plan Width": 4,
                      "Actual Startup Time": 58.56,
                      "Actual Total Time": 93.275,
                      "Actual Rows": 3091,
                      "Actual Loops": 5,
                      "Filter": "((kind_id < 2) AND (production_year = 2005))",
                      "Rows Removed by Filter": 502571
                    },
                    {
                      "Node Type": "Index Scan",
                      "Parent Relationship": "Inner",
                      "Parallel Aware": false,
                      "Scan Direction": "Forward",
                      "Index Name": "movie_id_movie_info",
                      "Relation Name": "movie_info",
                      "Alias": "mi",
                      "Startup Cost": 0.43,
                      "Total Cost": 29.24,
                      "Plan Rows": 17,
                      "Plan Width": 4,
                      "Actual Startup Time": 0.021,
                      "Actual Total Time": 0.037,
                      "Actual Rows": 8,
                      "Actual Loops": 15457,
                      "Index Cond": "(movie_id = t.id)",
                      "Rows Removed by Index Recheck": 0,
                      "Filter": "(info_type_id > 8)",
                      "Rows Removed by Filter": 8
                    }
                  ]
                }
              ]
            }
          ]
        }
      ]
    },
    "Planning Time": 0.494,
    "Triggers": [],
    "Execution Time": 253.869
  }
]