[
  {
    "Plan": {
      "Node Type": "Aggregate",
      "Strategy": "Plain",
      "Partial Mode": "Finalize",
      "Parallel Aware": false,
      "Startup Cost": 79700.95,
      "Total Cost": 79700.96,
      "Plan Rows": 1,
      "Plan Width": 8,
      "Actual Startup Time": 359.18,
      "Actual Total Time": 374.209,
      "Actual Rows": 1,
      "Actual Loops": 1,
      "Plans": [
        {
          "Node Type": "Gather",
          "Parent Relationship": "Outer",
          "Parallel Aware": false,
          "Startup Cost": 79700.53,
          "Total Cost": 79700.94,
          "Plan Rows": 4,
          "Plan Width": 8,
          "Actual Startup Time": 353.599,
          "Actual Total Time": 374.199,
          "Actual Rows": 5,
          "Actual Loops": 1,
          "Workers Planned": 4,
          "Workers Launched": 4,
          "Single Copy": false,
          "Plans": [
            {
              "Node Type": "Aggregate",
              "Strategy": "Plain",
              "Partial Mode": "Partial",
              "Parent Relationship": "Outer",
              "Parallel Aware": false,
              "Startup Cost": 78700.53,
              "Total Cost": 78700.54,
              "Plan Rows": 1,
              "Plan Width": 8,
              "Actual Startup Time": 344.033,
              "Actual Total Time": 344.036,
              "Actual Rows": 1,
              "Actual Loops": 5,
              "Plans": [
                {
                  "Node Type": "Hash Join",
                  "Parent Relationship": "Outer",
                  "Parallel Aware": true,
                  "Join Type": "Inner",
                  "Startup Cost": 32196.84,
                  "Total Cost": 78253.17,
                  "Plan Rows": 178942,
                  "Plan Width": 0,
                  "Actual Startup Time": 127.54,
                  "Actual Total Time": 337.2,
                  "Actual Rows": 146151,
                  "Actual Loops": 5,
                  "Inner Unique": false,
                  "Hash Cond": "(t.id = mc.movie_id)",
                  "Plans": [
                    {
                      "Node Type": "Seq Scan",
                      "Parent Relationship": "Outer",
                      "Parallel Aware": true,
                      "Relation Name": "title",
                      "Alias": "t",
                      "Startup Cost": 0.0,
                      "Total Cost": 42318.73,
                      "Plan Rows": 632073,
                      "Plan Width": 4,
                      "Actual Startup Time": 0.01,
                      "Actual Total Time": 65.537,
                      "Actual Rows": 505662,
                      "Actual Loops": 5
                    },
                    {
                      "Node Type": "Hash",
                      "Parent Relationship": "Inner",
                      "Parallel Aware": true,
                      "Startup Cost": 29310.68,
                      "Total Cost": 29310.68,
                      "Plan Rows": 230893,
                      "Plan Width": 4,
                      "Actual Startup Time": 123.309,
                      "Actual Total Time": 123.31,
                      "Actual Rows": 146151,
                      "Actual Loops": 5,
                      "Hash Buckets": 1048576,
                      "Original Hash Buckets": 1048576,
                      "Hash Batches": 1,
                      "Original Hash Batches": 1,
                      "Peak Memory Usage": 36864,
                      "Plans": [
                        {
                          "Node Type": "Seq Scan",
                          "Parent Relationship": "Outer",
                          "Parallel Aware": true,
                          "Relation Name": "movie_companies",
                          "Alias": "mc",
                          "Startup Cost": 0.0,
                          "Total Cost": 29310.68,
                          "Plan Rows": 230893,
                          "Plan Width": 4,
                          "Actual Startup Time": 27.767,
                          "Actual Total Time": 71.065,
                          "Actual Rows": 146151,
                          "Actual Loops": 5,
                          "Filter": "(company_id > 40511)",
                          "Rows Removed by Filter": 375675
                        }
                      ]
                    }
                  ]
                }
              ]
            }
          ]
        }
      ]
    },
    "Planning Time": 0.63,
    "Triggers": [],
    "Execution Time": 374.279
  }
]