{
  "Plan": {
    "Node Type": "Aggregate",
    "Strategy": "Plain",
    "Partial Mode": "Simple",
    "Parallel Aware": false,
    "Startup Cost": 500866.15,
    "Total Cost": 500866.16,
    "Plan Rows": 1,
    "Plan Width": 8,
    "Actual Startup Time": 4672.376,
    "Actual Total Time": 4672.38,
    "Actual Rows": 1,
    "Actual Loops": 1,
    "Plans": [
      {
        "Node Type": "Hash Join",
        "Parent Relationship": "Outer",
        "Parallel Aware": false,
        "Join Type": "Inner",
        "Startup Cost": 499799.11,
        "Total Cost": 500864.96,
        "Plan Rows": 477,
        "Plan Width": 0,
        "Actual Startup Time": 4672.222,
        "Actual Total Time": 4672.358,
        "Actual Rows": 353,
        "Actual Loops": 1,
        "Inner Unique": false,
        "Hash Cond": "(ci.movie_id = t.id)",
        "Plans": [
          {
            "Node Type": "Index Scan",
            "Parent Relationship": "Outer",
            "Parallel Aware": false,
            "Scan Direction": "Forward",
            "Index Name": "person_id_cast_info",
            "Relation Name": "cast_info",
            "Alias": "ci",
            "Startup Cost": 0.56,
            "Total Cost": 1059.67,
            "Plan Rows": 225,
            "Plan Width": 4,
            "Actual Startup Time": 0.266,
            "Actual Total Time": 0.302,
            "Actual Rows": 130,
            "Actual Loops": 1,
            "Index Cond": "(person_id = 2708576)",
            "Rows Removed by Index Recheck": 0,
            "Filter": "(role_id > 2)",
            "Rows Removed by Filter": 0
          },
          {
            "Node Type": "Hash",
            "Parent Relationship": "Inner",
            "Parallel Aware": false,
            "Startup Cost": 432865.51,
            "Total Cost": 432865.51,
            "Plan Rows": 5354643,
            "Plan Width": 8,
            "Actual Startup Time": 4621.359,
            "Actual Total Time": 4621.361,
            "Actual Rows": 5410520,
            "Actual Loops": 1,
            "Hash Buckets": 8388608,
            "Original Hash Buckets": 8388608,
            "Hash Batches": 1,
            "Original Hash Batches": 1,
            "Peak Memory Usage": 276885,
            "Plans": [
              {
                "Node Type": "Hash Join",
                "Parent Relationship": "Outer",
                "Parallel Aware": false,
                "Join Type": "Inner",
                "Startup Cost": 189883.51,
                "Total Cost": 432865.51,
                "Plan Rows": 5354643,
                "Plan Width": 8,
                "Actual Startup Time": 996.557,
                "Actual Total Time": 3350.116,
                "Actual Rows": 5410520,
                "Actual Loops": 1,
                "Inner Unique": true,
                "Hash Cond": "(mi.movie_id = t.id)",
                "Plans": [
                  {
                    "Node Type": "Bitmap Heap Scan",
                    "Parent Relationship": "Outer",
                    "Parallel Aware": false,
                    "Relation Name": "movie_info",
                    "Alias": "mi",
                    "Startup Cost": 96998.92,
                    "Total Cost": 325924.96,
                    "Plan Rows": 5354643,
                    "Plan Width": 4,
                    "Actual Startup Time": 153.019,
                    "Actual Total Time": 601.805,
                    "Actual Rows": 5410520,
                    "Actual Loops": 1,
                    "Recheck Cond": "(info_type_id < 6)",
                    "Rows Removed by Index Recheck": 0,
                    "Exact Heap Blocks": 36749,
                    "Lossy Heap Blocks": 0,
                    "Plans": [
                      {
                        "Node Type": "Bitmap Index Scan",
                        "Parent Relationship": "Outer",
                        "Parallel Aware": false,
                        "Index Name": "info_type_id_movie_info",
                        "Startup Cost": 0.0,
                        "Total Cost": 95660.26,
                        "Plan Rows": 5354643,
                        "Plan Width": 0,
                        "Actual Startup Time": 148.114,
                        "Actual Total Time": 148.114,
                        "Actual Rows": 5410520,
                        "Actual Loops": 1,
                        "Index Cond": "(info_type_id < 6)"
                      }
                    ]
                  },
                  {
                    "Node Type": "Hash",
                    "Parent Relationship": "Inner",
                    "Parallel Aware": false,
                    "Startup Cost": 61280.93,
                    "Total Cost": 61280.93,
                    "Plan Rows": 2528293,
                    "Plan Width": 4,
                    "Actual Startup Time": 828.77,
                    "Actual Total Time": 828.771,
                    "Actual Rows": 2528312,
                    "Actual Loops": 1,
                    "Hash Buckets": 4194304,
                    "Original Hash Buckets": 4194304,
                    "Hash Batches": 1,
                    "Original Hash Batches": 1,
                    "Peak Memory Usage": 121654,
                    "Plans": [
                      {
                        "Node Type": "Seq Scan",
                        "Parent Relationship": "Outer",
                        "Parallel Aware": false,
                        "Relation Name": "title",
                        "Alias": "t",
                        "Startup Cost": 0.0,
                        "Total Cost": 61280.93,
                        "Plan Rows": 2528293,
                        "Plan Width": 4,
                        "Actual Startup Time": 0.02,
                        "Actual Total Time": 279.327,
                        "Actual Rows": 2528312,
                        "Actual Loops": 1
                      }
                    ]
                  }
                ]
              }
            ]
          }
        ]
      }
    ]
  },
  "Planning Time": 0.892,
  "Triggers": [],
  "Execution Time": 4691.622
}