[
  {
    "Plan": {
      "Node Type": "Aggregate",
      "Strategy": "Plain",
      "Partial Mode": "Finalize",
      "Parallel Aware": false,
      "Startup Cost": 52611.76,
      "Total Cost": 52611.77,
      "Plan Rows": 1,
      "Plan Width": 8,
      "Actual Startup Time": 94.696,
      "Actual Total Time": 106.882,
      "Actual Rows": 1,
      "Actual Loops": 1,
      "Plans": [
        {
          "Node Type": "Gather",
          "Parent Relationship": "Outer",
          "Parallel Aware": false,
          "Startup Cost": 52611.34,
          "Total Cost": 52611.75,
          "Plan Rows": 4,
          "Plan Width": 8,
          "Actual Startup Time": 94.581,
          "Actual Total Time": 106.875,
          "Actual Rows": 5,
          "Actual Loops": 1,
          "Workers Planned": 4,
          "Workers Launched": 4,
          "Single Copy": false,
          "Plans": [
            {
              "Node Type": "Aggregate",
              "Strategy": "Plain",
              "Partial Mode": "Partial",
              "Parent Relationship": "Outer",
              "Parallel Aware": false,
              "Startup Cost": 51611.34,
              "Total Cost": 51611.35,
              "Plan Rows": 1,
              "Plan Width": 8,
              "Actual Startup Time": 86.355,
              "Actual Total Time": 86.357,
              "Actual Rows": 1,
              "Actual Loops": 5,
              "Plans": [
                {
                  "Node Type": "Nested Loop",
                  "Parent Relationship": "Outer",
                  "Parallel Aware": false,
                  "Join Type": "Inner",
                  "Startup Cost": 0.43,
                  "Total Cost": 51607.57,
                  "Plan Rows": 1508,
                  "Plan Width": 0,
                  "Actual Startup Time": 57.645,
                  "Actual Total Time": 86.334,
                  "Actual Rows": 128,
                  "Actual Loops": 5,
                  "Inner Unique": false,
                  "Plans": [
                    {
                      "Node Type": "Seq Scan",
                      "Parent Relationship": "Outer",
                      "Parallel Aware": true,
                      "Relation Name": "title",
                      "Alias": "t",
                      "Startup Cost": 0.0,
                      "Total Cost": 43898.92,
                      "Plan Rows": 843,
                      "Plan Width": 4,
                      "Actual Startup Time": 57.184,
                      "Actual Total Time": 80.193,
                      "Actual Rows": 683,
                      "Actual Loops": 5,
                      "Filter": "(production_year = 1909)",
                      "Rows Removed by Filter": 504979
                    },
                    {
                      "Node Type": "Index Only Scan",
                      "Parent Relationship": "Inner",
                      "Parallel Aware": false,
                      "Scan Direction": "Forward",
                      "Index Name": "movie_id_movie_keyword",
                      "Relation Name": "movie_keyword",
                      "Alias": "mk",
                      "Startup Cost": 0.43,
                      "Total Cost": 8.69,
                      "Plan Rows": 45,
                      "Plan Width": 4,
                      "Actual Startup Time": 0.008,
                      "Actual Total Time": 0.009,
                      "Actual Rows": 0,
                      "Actual Loops": 3417,
                      "Index Cond": "(movie_id = t.id)",
                      "Rows Removed by Index Recheck": 0,
                      "Heap Fetches": 642
                    }
                  ]
                }
              ]
            }
          ]
        }
      ]
    },
    "Planning Time": 0.549,
    "Triggers": [],
    "Execution Time": 106.951
  }
]