[
    {
        "Bao": {
            "Bao prediction": "NaN",
            "Bao recommended hint": "(no hint)"
        }
    },
    {
        "Plan": {
            "Node Type": "Aggregate",
            "Strategy": "Plain",
            "Partial Mode": "Finalize",
            "Parallel Aware": false,
            "Startup Cost": 285032.28,
            "Total Cost": 285032.29,
            "Plan Rows": 1,
            "Plan Width": 8,
            "Actual Startup Time": 131.592,
            "Actual Total Time": 137.388,
            "Actual Rows": 1,
            "Actual Loops": 1,
            "Output": [
                "count(*)"
            ],
            "Plans": [
                {
                    "Node Type": "Gather",
                    "Parent Relationship": "Outer",
                    "Parallel Aware": false,
                    "Startup Cost": 285031.66,
                    "Total Cost": 285032.27,
                    "Plan Rows": 6,
                    "Plan Width": 8,
                    "Actual Startup Time": 130.944,
                    "Actual Total Time": 137.38,
                    "Actual Rows": 7,
                    "Actual Loops": 1,
                    "Output": [
                        "(PARTIAL count(*))"
                    ],
                    "Workers Planned": 6,
                    "Workers Launched": 6,
                    "Single Copy": false,
                    "Plans": [
                        {
                            "Node Type": "Aggregate",
                            "Strategy": "Plain",
                            "Partial Mode": "Partial",
                            "Parent Relationship": "Outer",
                            "Parallel Aware": false,
                            "Startup Cost": 284031.66,
                            "Total Cost": 284031.67,
                            "Plan Rows": 1,
                            "Plan Width": 8,
                            "Actual Startup Time": 120.53,
                            "Actual Total Time": 120.531,
                            "Actual Rows": 1,
                            "Actual Loops": 7,
                            "Output": [
                                "PARTIAL count(*)"
                            ],
                            "Workers": [
                                {
                                    "Worker Number": 0,
                                    "Actual Startup Time": 117.948,
                                    "Actual Total Time": 117.949,
                                    "Actual Rows": 1,
                                    "Actual Loops": 1
                                },
                                {
                                    "Worker Number": 1,
                                    "Actual Startup Time": 118.403,
                                    "Actual Total Time": 118.404,
                                    "Actual Rows": 1,
                                    "Actual Loops": 1
                                },
                                {
                                    "Worker Number": 2,
                                    "Actual Startup Time": 118.854,
                                    "Actual Total Time": 118.855,
                                    "Actual Rows": 1,
                                    "Actual Loops": 1
                                },
                                {
                                    "Worker Number": 3,
                                    "Actual Startup Time": 118.937,
                                    "Actual Total Time": 118.938,
                                    "Actual Rows": 1,
                                    "Actual Loops": 1
                                },
                                {
                                    "Worker Number": 4,
                                    "Actual Startup Time": 119.476,
                                    "Actual Total Time": 119.477,
                                    "Actual Rows": 1,
                                    "Actual Loops": 1
                                },
                                {
                                    "Worker Number": 5,
                                    "Actual Startup Time": 119.825,
                                    "Actual Total Time": 119.826,
                                    "Actual Rows": 1,
                                    "Actual Loops": 1
                                }
                            ],
                            "Plans": [
                                {
                                    "Node Type": "Bitmap Heap Scan",
                                    "Parent Relationship": "Outer",
                                    "Parallel Aware": true,
                                    "Relation Name": "cast_info",
                                    "Schema": "public",
                                    "Alias": "ci",
                                    "Startup Cost": 28156.34,
                                    "Total Cost": 283500.27,
                                    "Plan Rows": 212554,
                                    "Plan Width": 0,
                                    "Actual Startup Time": 39.633,
                                    "Actual Total Time": 107.583,
                                    "Actual Rows": 195477,
                                    "Actual Loops": 7,
                                    "Recheck Cond": "(ci.person_id > 3796148)",
                                    "Rows Removed by Index Recheck": 0,
                                    "Exact Heap Blocks": 5872,
                                    "Lossy Heap Blocks": 0,
                                    "Workers": [
                                        {
                                            "Worker Number": 0,
                                            "Actual Startup Time": 36.936,
                                            "Actual Total Time": 105.224,
                                            "Actual Rows": 152117,
                                            "Actual Loops": 1
                                        },
                                        {
                                            "Worker Number": 1,
                                            "Actual Startup Time": 37.825,
                                            "Actual Total Time": 105.882,
                                            "Actual Rows": 150146,
                                            "Actual Loops": 1
                                        },
                                        {
                                            "Worker Number": 2,
                                            "Actual Startup Time": 37.867,
                                            "Actual Total Time": 106.409,
                                            "Actual Rows": 208631,
                                            "Actual Loops": 1
                                        },
                                        {
                                            "Worker Number": 3,
                                            "Actual Startup Time": 38.014,
                                            "Actual Total Time": 106.511,
                                            "Actual Rows": 149676,
                                            "Actual Loops": 1
                                        },
                                        {
                                            "Worker Number": 4,
                                            "Actual Startup Time": 39.168,
                                            "Actual Total Time": 106.81,
                                            "Actual Rows": 153753,
                                            "Actual Loops": 1
                                        },
                                        {
                                            "Worker Number": 5,
                                            "Actual Startup Time": 38.783,
                                            "Actual Total Time": 107.222,
                                            "Actual Rows": 152283,
                                            "Actual Loops": 1
                                        }
                                    ],
                                    "Plans": [
                                        {
                                            "Node Type": "Bitmap Index Scan",
                                            "Parent Relationship": "Outer",
                                            "Parallel Aware": false,
                                            "Index Name": "person_id_cast_info",
                                            "Startup Cost": 0.0,
                                            "Total Cost": 27837.51,
                                            "Plan Rows": 1275326,
                                            "Plan Width": 0,
                                            "Actual Startup Time": 45.984,
                                            "Actual Total Time": 45.985,
                                            "Actual Rows": 1368336,
                                            "Actual Loops": 1,
                                            "Index Cond": "(ci.person_id > 3796148)"
                                        }
                                    ]
                                }
                            ]
                        }
                    ]
                }
            ]
        },
        "Planning Time": 180.683,
        "Triggers": [],
        "Execution Time": 137.511
    }
]