{
    "Plan": {
        "Node Type": "Aggregate",
        "Strategy": "Plain",
        "Partial Mode": "Simple",
        "Parallel Aware": false,
        "Startup Cost": 90010059829.22,
        "Total Cost": 90010059829.23,
        "Plan Rows": 1,
        "Plan Width": 96,
        "Actual Startup Time": 4740.9,
        "Actual Total Time": 4741.057,
        "Actual Rows": 1,
        "Actual Loops": 1,
        "Output": [
            "min(cn.name)",
            "min(mi_idx.info)",
            "min(t.title)"
        ],
        "Plans": [
            {
                "Node Type": "Nested Loop",
                "Parent Relationship": "Outer",
                "Parallel Aware": false,
                "Join Type": "Inner",
                "Startup Cost": 90010059819.08,
                "Total Cost": 90010059829.21,
                "Plan Rows": 1,
                "Plan Width": 41,
                "Actual Startup Time": 4710.284,
                "Actual Total Time": 4741.034,
                "Actual Rows": 38,
                "Actual Loops": 1,
                "Output": [
                    "cn.name",
                    "mi_idx.info",
                    "t.title"
                ],
                "Inner Unique": true,
                "Plans": [
                    {
                        "Node Type": "Merge Join",
                        "Parent Relationship": "Outer",
                        "Parallel Aware": false,
                        "Join Type": "Inner",
                        "Startup Cost": 80010059818.65,
                        "Total Cost": 80010059818.72,
                        "Plan Rows": 2,
                        "Plan Width": 45,
                        "Actual Startup Time": 4704.722,
                        "Actual Total Time": 4707.658,
                        "Actual Rows": 7176,
                        "Actual Loops": 1,
                        "Output": [
                            "cn.name",
                            "mi_idx.info",
                            "mk.keyword_id",
                            "t.title"
                        ],
                        "Inner Unique": false,
                        "Merge Cond": "(kt.id = t.kind_id)",
                        "Plans": [
                            {
                                "Node Type": "Sort",
                                "Parent Relationship": "Outer",
                                "Parallel Aware": false,
                                "Startup Cost": 10000000001.1,
                                "Total Cost": 10000000001.1,
                                "Plan Rows": 2,
                                "Plan Width": 4,
                                "Actual Startup Time": 0.026,
                                "Actual Total Time": 0.029,
                                "Actual Rows": 2,
                                "Actual Loops": 1,
                                "Output": [
                                    "kt.id"
                                ],
                                "Sort Key": [
                                    "kt.id"
                                ],
                                "Sort Method": "quicksort",
                                "Sort Space Used": 25,
                                "Sort Space Type": "Memory",
                                "Plans": [
                                    {
                                        "Node Type": "Seq Scan",
                                        "Parent Relationship": "Outer",
                                        "Parallel Aware": false,
                                        "Relation Name": "kind_type",
                                        "Schema": "public",
                                        "Alias": "kt",
                                        "Startup Cost": 10000000000.0,
                                        "Total Cost": 10000000001.09,
                                        "Plan Rows": 2,
                                        "Plan Width": 4,
                                        "Actual Startup Time": 0.017,
                                        "Actual Total Time": 0.02,
                                        "Actual Rows": 2,
                                        "Actual Loops": 1,
                                        "Output": [
                                            "kt.id"
                                        ],
                                        "Filter": "((kt.kind)::text = ANY ('{movie,episode}'::text[]))",
                                        "Rows Removed by Filter": 5
                                    }
                                ]
                            },
                            {
                                "Node Type": "Sort",
                                "Parent Relationship": "Inner",
                                "Parallel Aware": false,
                                "Startup Cost": 70010059817.55,
                                "Total Cost": 70010059817.57,
                                "Plan Rows": 7,
                                "Plan Width": 49,
                                "Actual Startup Time": 4704.69,
                                "Actual Total Time": 4706.052,
                                "Actual Rows": 11535,
                                "Actual Loops": 1,
                                "Output": [
                                    "cn.name",
                                    "mi_idx.info",
                                    "mk.keyword_id",
                                    "t.title",
                                    "t.kind_id"
                                ],
                                "Sort Key": [
                                    "t.kind_id"
                                ],
                                "Sort Method": "quicksort",
                                "Sort Space Used": 1868,
                                "Sort Space Type": "Memory",
                                "Plans": [
                                    {
                                        "Node Type": "Hash Join",
                                        "Parent Relationship": "Outer",
                                        "Parallel Aware": false,
                                        "Join Type": "Inner",
                                        "Startup Cost": 70000572019.0,
                                        "Total Cost": 70010059817.45,
                                        "Plan Rows": 7,
                                        "Plan Width": 49,
                                        "Actual Startup Time": 4162.6,
                                        "Actual Total Time": 4702.784,
                                        "Actual Rows": 11535,
                                        "Actual Loops": 1,
                                        "Output": [
                                            "cn.name",
                                            "mi_idx.info",
                                            "mk.keyword_id",
                                            "t.title",
                                            "t.kind_id"
                                        ],
                                        "Inner Unique": false,
                                        "Hash Cond": "(t.id = mi_idx.movie_id)",
                                        "Plans": [
                                            {
                                                "Node Type": "Nested Loop",
                                                "Parent Relationship": "Outer",
                                                "Parallel Aware": false,
                                                "Join Type": "Inner",
                                                "Startup Cost": 30000494447.06,
                                                "Total Cost": 30009982237.42,
                                                "Plan Rows": 2157,
                                                "Plan Width": 37,
                                                "Actual Startup Time": 3539.755,
                                                "Actual Total Time": 4131.145,
                                                "Actual Rows": 55435,
                                                "Actual Loops": 1,
                                                "Output": [
                                                    "mi.movie_id",
                                                    "mk.movie_id",
                                                    "mk.keyword_id",
                                                    "t.title",
                                                    "t.kind_id",
                                                    "t.id"
                                                ],
                                                "Inner Unique": false,
                                                "Plans": [
                                                    {
                                                        "Node Type": "Nested Loop",
                                                        "Parent Relationship": "Outer",
                                                        "Parallel Aware": false,
                                                        "Join Type": "Inner",
                                                        "Startup Cost": 20000494446.21,
                                                        "Total Cost": 20009981183.92,
                                                        "Plan Rows": 179,
                                                        "Plan Width": 29,
                                                        "Actual Startup Time": 3539.678,
                                                        "Actual Total Time": 4051.679,
                                                        "Actual Rows": 11715,
                                                        "Actual Loops": 1,
                                                        "Output": [
                                                            "mi.movie_id",
                                                            "t.title",
                                                            "t.kind_id",
                                                            "t.id"
                                                        ],
                                                        "Inner Unique": true,
                                                        "Plans": [
                                                            {
                                                                "Node Type": "Hash Join",
                                                                "Parent Relationship": "Outer",
                                                                "Parallel Aware": false,
                                                                "Join Type": "Inner",
                                                                "Startup Cost": 10000494446.06,
                                                                "Total Cost": 10009896914.76,
                                                                "Plan Rows": 20230,
                                                                "Plan Width": 33,
                                                                "Actual Startup Time": 3539.646,
                                                                "Actual Total Time": 3965.116,
                                                                "Actual Rows": 21535,
                                                                "Actual Loops": 1,
                                                                "Output": [
                                                                    "mi.movie_id",
                                                                    "mi.info_type_id",
                                                                    "t.title",
                                                                    "t.kind_id",
                                                                    "t.id"
                                                                ],
                                                                "Inner Unique": false,
                                                                "Hash Cond": "(t.id = mi.movie_id)",
                                                                "Plans": [
                                                                    {
                                                                        "Node Type": "Seq Scan",
                                                                        "Parent Relationship": "Outer",
                                                                        "Parallel Aware": false,
                                                                        "Relation Name": "title",
                                                                        "Schema": "public",
                                                                        "Alias": "t",
                                                                        "Startup Cost": 0.0,
                                                                        "Total Cost": 67602.02,
                                                                        "Plan Rows": 1379592,
                                                                        "Plan Width": 25,
                                                                        "Actual Startup Time": 0.011,
                                                                        "Actual Total Time": 267.468,
                                                                        "Actual Rows": 1381453,
                                                                        "Actual Loops": 1,
                                                                        "Output": [
                                                                            "t.id",
                                                                            "t.title",
                                                                            "t.imdb_index",
                                                                            "t.kind_id",
                                                                            "t.production_year",
                                                                            "t.imdb_id",
                                                                            "t.phonetic_code",
                                                                            "t.episode_of_id",
                                                                            "t.season_nr",
                                                                            "t.episode_nr",
                                                                            "t.series_years",
                                                                            "t.md5sum"
                                                                        ],
                                                                        "Filter": "(t.production_year > 2000)",
                                                                        "Rows Removed by Filter": 1146859
                                                                    },
                                                                    {
                                                                        "Node Type": "Hash",
                                                                        "Parent Relationship": "Inner",
                                                                        "Parallel Aware": false,
                                                                        "Startup Cost": 10000493982.64,
                                                                        "Total Cost": 10000493982.64,
                                                                        "Plan Rows": 37074,
                                                                        "Plan Width": 8,
                                                                        "Actual Startup Time": 3539.379,
                                                                        "Actual Total Time": 3539.38,
                                                                        "Actual Rows": 49161,
                                                                        "Actual Loops": 1,
                                                                        "Output": [
                                                                            "mi.movie_id",
                                                                            "mi.info_type_id"
                                                                        ],
                                                                        "Hash Buckets": 65536,
                                                                        "Original Hash Buckets": 65536,
                                                                        "Hash Batches": 1,
                                                                        "Original Hash Batches": 1,
                                                                        "Peak Memory Usage": 2433,
                                                                        "Plans": [
                                                                            {
                                                                                "Node Type": "Seq Scan",
                                                                                "Parent Relationship": "Outer",
                                                                                "Parallel Aware": false,
                                                                                "Relation Name": "movie_info",
                                                                                "Schema": "public",
                                                                                "Alias": "mi",
                                                                                "Startup Cost": 10000000000.0,
                                                                                "Total Cost": 10000493982.64,
                                                                                "Plan Rows": 37074,
                                                                                "Plan Width": 8,
                                                                                "Actual Startup Time": 1.858,
                                                                                "Actual Total Time": 3528.461,
                                                                                "Actual Rows": 49161,
                                                                                "Actual Loops": 1,
                                                                                "Output": [
                                                                                    "mi.movie_id",
                                                                                    "mi.info_type_id"
                                                                                ],
                                                                                "Filter": "(mi.info = ANY ('{American,America,Bulgaria,Denmark,Denish,Norway,Norwegian,Danish,Swedish,Sweden}'::text[]))",
                                                                                "Rows Removed by Filter": 14786559
                                                                            }
                                                                        ]
                                                                    }
                                                                ]
                                                            },
                                                            {
                                                                "Node Type": "Bitmap Heap Scan",
                                                                "Parent Relationship": "Inner",
                                                                "Parallel Aware": false,
                                                                "Relation Name": "info_type",
                                                                "Schema": "public",
                                                                "Alias": "it1",
                                                                "Startup Cost": 0.15,
                                                                "Total Cost": 4.17,
                                                                "Plan Rows": 1,
                                                                "Plan Width": 4,
                                                                "Actual Startup Time": 0.002,
                                                                "Actual Total Time": 0.002,
                                                                "Actual Rows": 1,
                                                                "Actual Loops": 21535,
                                                                "Output": [
                                                                    "it1.id",
                                                                    "it1.info"
                                                                ],
                                                                "Recheck Cond": "(it1.id = mi.info_type_id)",
                                                                "Rows Removed by Index Recheck": 0,
                                                                "Filter": "((it1.info)::text = 'countries'::text)",
                                                                "Rows Removed by Filter": 0,
                                                                "Exact Heap Blocks": 21535,
                                                                "Lossy Heap Blocks": 0,
                                                                "Plans": [
                                                                    {
                                                                        "Node Type": "Bitmap Index Scan",
                                                                        "Parent Relationship": "Outer",
                                                                        "Parallel Aware": false,
                                                                        "Index Name": "info_type_pkey",
                                                                        "Startup Cost": 0.0,
                                                                        "Total Cost": 0.15,
                                                                        "Plan Rows": 1,
                                                                        "Plan Width": 0,
                                                                        "Actual Startup Time": 0.001,
                                                                        "Actual Total Time": 0.001,
                                                                        "Actual Rows": 1,
                                                                        "Actual Loops": 21535,
                                                                        "Index Cond": "(it1.id = mi.info_type_id)"
                                                                    }
                                                                ]
                                                            }
                                                        ]
                                                    },
                                                    {
                                                        "Node Type": "Bitmap Heap Scan",
                                                        "Parent Relationship": "Inner",
                                                        "Parallel Aware": false,
                                                        "Relation Name": "movie_keyword",
                                                        "Schema": "public",
                                                        "Alias": "mk",
                                                        "Startup Cost": 0.85,
                                                        "Total Cost": 5.43,
                                                        "Plan Rows": 46,
                                                        "Plan Width": 8,
                                                        "Actual Startup Time": 0.004,
                                                        "Actual Total Time": 0.005,
                                                        "Actual Rows": 5,
                                                        "Actual Loops": 11715,
                                                        "Output": [
                                                            "mk.id",
                                                            "mk.movie_id",
                                                            "mk.keyword_id"
                                                        ],
                                                        "Recheck Cond": "(mk.movie_id = t.id)",
                                                        "Rows Removed by Index Recheck": 0,
                                                        "Exact Heap Blocks": 5395,
                                                        "Lossy Heap Blocks": 0,
                                                        "Plans": [
                                                            {
                                                                "Node Type": "Bitmap Index Scan",
                                                                "Parent Relationship": "Outer",
                                                                "Parallel Aware": false,
                                                                "Index Name": "movie_id_movie_keyword",
                                                                "Startup Cost": 0.0,
                                                                "Total Cost": 0.84,
                                                                "Plan Rows": 46,
                                                                "Plan Width": 0,
                                                                "Actual Startup Time": 0.003,
                                                                "Actual Total Time": 0.003,
                                                                "Actual Rows": 5,
                                                                "Actual Loops": 11715,
                                                                "Index Cond": "(mk.movie_id = t.id)"
                                                            }
                                                        ]
                                                    }
                                                ]
                                            },
                                            {
                                                "Node Type": "Hash",
                                                "Parent Relationship": "Inner",
                                                "Parallel Aware": false,
                                                "Startup Cost": 40000077570.66,
                                                "Total Cost": 40000077570.66,
                                                "Plan Rows": 102,
                                                "Plan Width": 36,
                                                "Actual Startup Time": 565.329,
                                                "Actual Total Time": 565.478,
                                                "Actual Rows": 17096,
                                                "Actual Loops": 1,
                                                "Output": [
                                                    "cc.movie_id",
                                                    "mc.movie_id",
                                                    "cn.name",
                                                    "mi_idx.info",
                                                    "mi_idx.movie_id"
                                                ],
                                                "Hash Buckets": 32768,
                                                "Original Hash Buckets": 1024,
                                                "Hash Batches": 1,
                                                "Original Hash Batches": 1,
                                                "Peak Memory Usage": 1389,
                                                "Plans": [
                                                    {
                                                        "Node Type": "Hash Join",
                                                        "Parent Relationship": "Outer",
                                                        "Parallel Aware": false,
                                                        "Join Type": "Inner",
                                                        "Startup Cost": 40000077561.68,
                                                        "Total Cost": 40000077570.66,
                                                        "Plan Rows": 102,
                                                        "Plan Width": 36,
                                                        "Actual Startup Time": 550.557,
                                                        "Actual Total Time": 562.812,
                                                        "Actual Rows": 17096,
                                                        "Actual Loops": 1,
                                                        "Output": [
                                                            "cc.movie_id",
                                                            "mc.movie_id",
                                                            "cn.name",
                                                            "mi_idx.info",
                                                            "mi_idx.movie_id"
                                                        ],
                                                        "Inner Unique": true,
                                                        "Hash Cond": "(cc.subject_id = cct1.id)",
                                                        "Plans": [
                                                            {
                                                                "Node Type": "Merge Join",
                                                                "Parent Relationship": "Outer",
                                                                "Parallel Aware": false,
                                                                "Join Type": "Inner",
                                                                "Startup Cost": 40000077549.47,
                                                                "Total Cost": 40000077556.25,
                                                                "Plan Rows": 406,
                                                                "Plan Width": 40,
                                                                "Actual Startup Time": 550.514,
                                                                "Actual Total Time": 558.605,
                                                                "Actual Rows": 51861,
                                                                "Actual Loops": 1,
                                                                "Output": [
                                                                    "cc.movie_id",
                                                                    "cc.subject_id",
                                                                    "mc.movie_id",
                                                                    "cn.name",
                                                                    "mi_idx.info",
                                                                    "mi_idx.movie_id"
                                                                ],
                                                                "Inner Unique": false,
                                                                "Merge Cond": "(cct2.id = cc.status_id)",
                                                                "Plans": [
                                                                    {
                                                                        "Node Type": "Sort",
                                                                        "Parent Relationship": "Outer",
                                                                        "Parallel Aware": false,
                                                                        "Startup Cost": 10000000001.07,
                                                                        "Total Cost": 10000000001.08,
                                                                        "Plan Rows": 3,
                                                                        "Plan Width": 4,
                                                                        "Actual Startup Time": 0.011,
                                                                        "Actual Total Time": 0.014,
                                                                        "Actual Rows": 3,
                                                                        "Actual Loops": 1,
                                                                        "Output": [
                                                                            "cct2.id"
                                                                        ],
                                                                        "Sort Key": [
                                                                            "cct2.id"
                                                                        ],
                                                                        "Sort Method": "quicksort",
                                                                        "Sort Space Used": 25,
                                                                        "Sort Space Type": "Memory",
                                                                        "Plans": [
                                                                            {
                                                                                "Node Type": "Seq Scan",
                                                                                "Parent Relationship": "Outer",
                                                                                "Parallel Aware": false,
                                                                                "Relation Name": "comp_cast_type",
                                                                                "Schema": "public",
                                                                                "Alias": "cct2",
                                                                                "Startup Cost": 10000000000.0,
                                                                                "Total Cost": 10000000001.05,
                                                                                "Plan Rows": 3,
                                                                                "Plan Width": 4,
                                                                                "Actual Startup Time": 0.005,
                                                                                "Actual Total Time": 0.006,
                                                                                "Actual Rows": 3,
                                                                                "Actual Loops": 1,
                                                                                "Output": [
                                                                                    "cct2.id"
                                                                                ],
                                                                                "Filter": "((cct2.kind)::text <> 'complete+verified'::text)",
                                                                                "Rows Removed by Filter": 1
                                                                            }
                                                                        ]
                                                                    },
                                                                    {
                                                                        "Node Type": "Sort",
                                                                        "Parent Relationship": "Inner",
                                                                        "Parallel Aware": false,
                                                                        "Startup Cost": 30000077548.39,
                                                                        "Total Cost": 30000077549.75,
                                                                        "Plan Rows": 542,
                                                                        "Plan Width": 44,
                                                                        "Actual Startup Time": 550.494,
                                                                        "Actual Total Time": 552.56,
                                                                        "Actual Rows": 51862,
                                                                        "Actual Loops": 1,
                                                                        "Output": [
                                                                            "cc.movie_id",
                                                                            "cc.subject_id",
                                                                            "cc.status_id",
                                                                            "mc.movie_id",
                                                                            "cn.name",
                                                                            "mi_idx.info",
                                                                            "mi_idx.movie_id"
                                                                        ],
                                                                        "Sort Key": [
                                                                            "cc.status_id"
                                                                        ],
                                                                        "Sort Method": "quicksort",
                                                                        "Sort Space Used": 11724,
                                                                        "Sort Space Type": "Memory",
                                                                        "Plans": [
                                                                            {
                                                                                "Node Type": "Hash Join",
                                                                                "Parent Relationship": "Outer",
                                                                                "Parallel Aware": false,
                                                                                "Join Type": "Inner",
                                                                                "Startup Cost": 30000061013.45,
                                                                                "Total Cost": 30000077523.78,
                                                                                "Plan Rows": 542,
                                                                                "Plan Width": 44,
                                                                                "Actual Startup Time": 376.568,
                                                                                "Actual Total Time": 535.796,
                                                                                "Actual Rows": 88675,
                                                                                "Actual Loops": 1,
                                                                                "Output": [
                                                                                    "cc.movie_id",
                                                                                    "cc.subject_id",
                                                                                    "cc.status_id",
                                                                                    "mc.movie_id",
                                                                                    "cn.name",
                                                                                    "mi_idx.info",
                                                                                    "mi_idx.movie_id"
                                                                                ],
                                                                                "Inner Unique": false,
                                                                                "Hash Cond": "(mi_idx.movie_id = mc.movie_id)",
                                                                                "Plans": [
                                                                                    {
                                                                                        "Node Type": "Nested Loop",
                                                                                        "Parent Relationship": "Outer",
                                                                                        "Parallel Aware": false,
                                                                                        "Join Type": "Inner",
                                                                                        "Startup Cost": 20000006239.69,
                                                                                        "Total Cost": 20000022700.16,
                                                                                        "Plan Rows": 11851,
                                                                                        "Plan Width": 9,
                                                                                        "Actual Startup Time": 23.649,
                                                                                        "Actual Total Time": 125.763,
                                                                                        "Actual Rows": 454230,
                                                                                        "Actual Loops": 1,
                                                                                        "Output": [
                                                                                            "mi_idx.info",
                                                                                            "mi_idx.movie_id"
                                                                                        ],
                                                                                        "Inner Unique": false,
                                                                                        "Plans": [
                                                                                            {
                                                                                                "Node Type": "Seq Scan",
                                                                                                "Parent Relationship": "Outer",
                                                                                                "Parallel Aware": false,
                                                                                                "Relation Name": "info_type",
                                                                                                "Schema": "public",
                                                                                                "Alias": "it2",
                                                                                                "Startup Cost": 10000000000.0,
                                                                                                "Total Cost": 10000000002.41,
                                                                                                "Plan Rows": 1,
                                                                                                "Plan Width": 4,
                                                                                                "Actual Startup Time": 0.028,
                                                                                                "Actual Total Time": 0.033,
                                                                                                "Actual Rows": 1,
                                                                                                "Actual Loops": 1,
                                                                                                "Output": [
                                                                                                    "it2.id",
                                                                                                    "it2.info"
                                                                                                ],
                                                                                                "Filter": "((it2.info)::text = 'rating'::text)",
                                                                                                "Rows Removed by Filter": 112
                                                                                            },
                                                                                            {
                                                                                                "Node Type": "Bitmap Heap Scan",
                                                                                                "Parent Relationship": "Inner",
                                                                                                "Parallel Aware": false,
                                                                                                "Relation Name": "movie_info_idx",
                                                                                                "Schema": "public",
                                                                                                "Alias": "mi_idx",
                                                                                                "Startup Cost": 6239.69,
                                                                                                "Total Cost": 19349.83,
                                                                                                "Plan Rows": 334792,
                                                                                                "Plan Width": 13,
                                                                                                "Actual Startup Time": 23.614,
                                                                                                "Actual Total Time": 94.616,
                                                                                                "Actual Rows": 454230,
                                                                                                "Actual Loops": 1,
                                                                                                "Output": [
                                                                                                    "mi_idx.id",
                                                                                                    "mi_idx.movie_id",
                                                                                                    "mi_idx.info_type_id",
                                                                                                    "mi_idx.info",
                                                                                                    "mi_idx.note"
                                                                                                ],
                                                                                                "Recheck Cond": "(mi_idx.info_type_id = it2.id)",
                                                                                                "Rows Removed by Index Recheck": 0,
                                                                                                "Filter": "(mi_idx.info < '8.5'::text)",
                                                                                                "Rows Removed by Filter": 5695,
                                                                                                "Exact Heap Blocks": 7934,
                                                                                                "Lossy Heap Blocks": 0,
                                                                                                "Plans": [
                                                                                                    {
                                                                                                        "Node Type": "Bitmap Index Scan",
                                                                                                        "Parent Relationship": "Outer",
                                                                                                        "Parallel Aware": false,
                                                                                                        "Index Name": "info_type_id_movie_info_idx",
                                                                                                        "Startup Cost": 0.0,
                                                                                                        "Total Cost": 6155.99,
                                                                                                        "Plan Rows": 345009,
                                                                                                        "Plan Width": 0,
                                                                                                        "Actual Startup Time": 22.679,
                                                                                                        "Actual Total Time": 22.68,
                                                                                                        "Actual Rows": 459925,
                                                                                                        "Actual Loops": 1,
                                                                                                        "Index Cond": "(mi_idx.info_type_id = it2.id)"
                                                                                                    }
                                                                                                ]
                                                                                            }
                                                                                        ]
                                                                                    },
                                                                                    {
                                                                                        "Node Type": "Hash",
                                                                                        "Parent Relationship": "Inner",
                                                                                        "Parallel Aware": false,
                                                                                        "Startup Cost": 10000054495.09,
                                                                                        "Total Cost": 10000054495.09,
                                                                                        "Plan Rows": 22293,
                                                                                        "Plan Width": 35,
                                                                                        "Actual Startup Time": 352.806,
                                                                                        "Actual Total Time": 352.946,
                                                                                        "Actual Rows": 94816,
                                                                                        "Actual Loops": 1,
                                                                                        "Output": [
                                                                                            "cc.movie_id",
                                                                                            "cc.subject_id",
                                                                                            "cc.status_id",
                                                                                            "mc.movie_id",
                                                                                            "cn.name"
                                                                                        ],
                                                                                        "Hash Buckets": 131072,
                                                                                        "Original Hash Buckets": 32768,
                                                                                        "Hash Batches": 1,
                                                                                        "Original Hash Batches": 1,
                                                                                        "Peak Memory Usage": 7296,
                                                                                        "Plans": [
                                                                                            {
                                                                                                "Node Type": "Hash Join",
                                                                                                "Parent Relationship": "Outer",
                                                                                                "Parallel Aware": false,
                                                                                                "Join Type": "Inner",
                                                                                                "Startup Cost": 10000053493.21,
                                                                                                "Total Cost": 10000054495.09,
                                                                                                "Plan Rows": 22293,
                                                                                                "Plan Width": 35,
                                                                                                "Actual Startup Time": 302.925,
                                                                                                "Actual Total Time": 336.778,
                                                                                                "Actual Rows": 94816,
                                                                                                "Actual Loops": 1,
                                                                                                "Output": [
                                                                                                    "cc.movie_id",
                                                                                                    "cc.subject_id",
                                                                                                    "cc.status_id",
                                                                                                    "mc.movie_id",
                                                                                                    "cn.name"
                                                                                                ],
                                                                                                "Inner Unique": false,
                                                                                                "Hash Cond": "(mc.company_id = cn.id)",
                                                                                                "Plans": [
                                                                                                    {
                                                                                                        "Node Type": "Merge Join",
                                                                                                        "Parent Relationship": "Outer",
                                                                                                        "Parallel Aware": false,
                                                                                                        "Join Type": "Inner",
                                                                                                        "Startup Cost": 10000045984.41,
                                                                                                        "Total Cost": 10000046607.58,
                                                                                                        "Plan Rows": 41543,
                                                                                                        "Plan Width": 20,
                                                                                                        "Actual Startup Time": 256.068,
                                                                                                        "Actual Total Time": 272.377,
                                                                                                        "Actual Rows": 103121,
                                                                                                        "Actual Loops": 1,
                                                                                                        "Output": [
                                                                                                            "cc.movie_id",
                                                                                                            "cc.subject_id",
                                                                                                            "cc.status_id",
                                                                                                            "mc.movie_id",
                                                                                                            "mc.company_id"
                                                                                                        ],
                                                                                                        "Inner Unique": false,
                                                                                                        "Merge Cond": "(ct.id = mc.company_type_id)",
                                                                                                        "Plans": [
                                                                                                            {
                                                                                                                "Node Type": "Sort",
                                                                                                                "Parent Relationship": "Outer",
                                                                                                                "Parallel Aware": false,
                                                                                                                "Startup Cost": 10000000001.08,
                                                                                                                "Total Cost": 10000000001.09,
                                                                                                                "Plan Rows": 4,
                                                                                                                "Plan Width": 4,
                                                                                                                "Actual Startup Time": 0.027,
                                                                                                                "Actual Total Time": 0.028,
                                                                                                                "Actual Rows": 3,
                                                                                                                "Actual Loops": 1,
                                                                                                                "Output": [
                                                                                                                    "ct.id"
                                                                                                                ],
                                                                                                                "Sort Key": [
                                                                                                                    "ct.id"
                                                                                                                ],
                                                                                                                "Sort Method": "quicksort",
                                                                                                                "Sort Space Used": 25,
                                                                                                                "Sort Space Type": "Memory",
                                                                                                                "Plans": [
                                                                                                                    {
                                                                                                                        "Node Type": "Seq Scan",
                                                                                                                        "Parent Relationship": "Outer",
                                                                                                                        "Parallel Aware": false,
                                                                                                                        "Relation Name": "company_type",
                                                                                                                        "Schema": "public",
                                                                                                                        "Alias": "ct",
                                                                                                                        "Startup Cost": 10000000000.0,
                                                                                                                        "Total Cost": 10000000001.04,
                                                                                                                        "Plan Rows": 4,
                                                                                                                        "Plan Width": 4,
                                                                                                                        "Actual Startup Time": 0.01,
                                                                                                                        "Actual Total Time": 0.01,
                                                                                                                        "Actual Rows": 4,
                                                                                                                        "Actual Loops": 1,
                                                                                                                        "Output": [
                                                                                                                            "ct.id"
                                                                                                                        ]
                                                                                                                    }
                                                                                                                ]
                                                                                                            },
                                                                                                            {
                                                                                                                "Node Type": "Sort",
                                                                                                                "Parent Relationship": "Inner",
                                                                                                                "Parallel Aware": false,
                                                                                                                "Startup Cost": 45983.33,
                                                                                                                "Total Cost": 46087.19,
                                                                                                                "Plan Rows": 41543,
                                                                                                                "Plan Width": 24,
                                                                                                                "Actual Startup Time": 256.035,
                                                                                                                "Actual Total Time": 259.79,
                                                                                                                "Actual Rows": 103121,
                                                                                                                "Actual Loops": 1,
                                                                                                                "Output": [
                                                                                                                    "cc.movie_id",
                                                                                                                    "cc.subject_id",
                                                                                                                    "cc.status_id",
                                                                                                                    "mc.movie_id",
                                                                                                                    "mc.company_type_id",
                                                                                                                    "mc.company_id"
                                                                                                                ],
                                                                                                                "Sort Key": [
                                                                                                                    "mc.company_type_id"
                                                                                                                ],
                                                                                                                "Sort Method": "quicksort",
                                                                                                                "Sort Space Used": 11129,
                                                                                                                "Sort Space Type": "Memory",
                                                                                                                "Plans": [
                                                                                                                    {
                                                                                                                        "Node Type": "Gather",
                                                                                                                        "Parent Relationship": "Outer",
                                                                                                                        "Parallel Aware": false,
                                                                                                                        "Startup Cost": 6853.29,
                                                                                                                        "Total Cost": 42796.5,
                                                                                                                        "Plan Rows": 41543,
                                                                                                                        "Plan Width": 24,
                                                                                                                        "Actual Startup Time": 45.689,
                                                                                                                        "Actual Total Time": 245.806,
                                                                                                                        "Actual Rows": 103121,
                                                                                                                        "Actual Loops": 1,
                                                                                                                        "Output": [
                                                                                                                            "cc.movie_id",
                                                                                                                            "cc.subject_id",
                                                                                                                            "cc.status_id",
                                                                                                                            "mc.movie_id",
                                                                                                                            "mc.company_type_id",
                                                                                                                            "mc.company_id"
                                                                                                                        ],
                                                                                                                        "Workers Planned": 3,
                                                                                                                        "Workers Launched": 3,
                                                                                                                        "Single Copy": false,
                                                                                                                        "Plans": [
                                                                                                                            {
                                                                                                                                "Node Type": "Hash Join",
                                                                                                                                "Parent Relationship": "Outer",
                                                                                                                                "Parallel Aware": false,
                                                                                                                                "Join Type": "Inner",
                                                                                                                                "Startup Cost": 5853.29,
                                                                                                                                "Total Cost": 37642.2,
                                                                                                                                "Plan Rows": 13401,
                                                                                                                                "Plan Width": 24,
                                                                                                                                "Actual Startup Time": 84.481,
                                                                                                                                "Actual Total Time": 231.902,
                                                                                                                                "Actual Rows": 25780,
                                                                                                                                "Actual Loops": 4,
                                                                                                                                "Output": [
                                                                                                                                    "cc.movie_id",
                                                                                                                                    "cc.subject_id",
                                                                                                                                    "cc.status_id",
                                                                                                                                    "mc.movie_id",
                                                                                                                                    "mc.company_type_id",
                                                                                                                                    "mc.company_id"
                                                                                                                                ],
                                                                                                                                "Inner Unique": false,
                                                                                                                                "Hash Cond": "(mc.movie_id = cc.movie_id)",
                                                                                                                                "Workers": [
                                                                                                                                    {
                                                                                                                                        "Worker Number": 0,
                                                                                                                                        "Actual Startup Time": 97.069,
                                                                                                                                        "Actual Total Time": 230.699,
                                                                                                                                        "Actual Rows": 18347,
                                                                                                                                        "Actual Loops": 1
                                                                                                                                    },
                                                                                                                                    {
                                                                                                                                        "Worker Number": 1,
                                                                                                                                        "Actual Startup Time": 97.706,
                                                                                                                                        "Actual Total Time": 234.565,
                                                                                                                                        "Actual Rows": 19311,
                                                                                                                                        "Actual Loops": 1
                                                                                                                                    },
                                                                                                                                    {
                                                                                                                                        "Worker Number": 2,
                                                                                                                                        "Actual Startup Time": 97.811,
                                                                                                                                        "Actual Total Time": 234.544,
                                                                                                                                        "Actual Rows": 19664,
                                                                                                                                        "Actual Loops": 1
                                                                                                                                    }
                                                                                                                                ],
                                                                                                                                "Plans": [
                                                                                                                                    {
                                                                                                                                        "Node Type": "Seq Scan",
                                                                                                                                        "Parent Relationship": "Outer",
                                                                                                                                        "Parallel Aware": true,
                                                                                                                                        "Relation Name": "movie_companies",
                                                                                                                                        "Schema": "public",
                                                                                                                                        "Alias": "mc",
                                                                                                                                        "Startup Cost": 0.0,
                                                                                                                                        "Total Cost": 31414.82,
                                                                                                                                        "Plan Rows": 48018,
                                                                                                                                        "Plan Width": 12,
                                                                                                                                        "Actual Startup Time": 0.082,
                                                                                                                                        "Actual Total Time": 128.828,
                                                                                                                                        "Actual Rows": 75818,
                                                                                                                                        "Actual Loops": 4,
                                                                                                                                        "Output": [
                                                                                                                                            "mc.id",
                                                                                                                                            "mc.movie_id",
                                                                                                                                            "mc.company_id",
                                                                                                                                            "mc.company_type_id",
                                                                                                                                            "mc.note"
                                                                                                                                        ],
                                                                                                                                        "Filter": "((mc.note !~~ '%(USA)%'::text) AND (mc.note ~~ '%(200%)%'::text))",
                                                                                                                                        "Rows Removed by Filter": 576464,
                                                                                                                                        "Workers": [
                                                                                                                                            {
                                                                                                                                                "Worker Number": 0,
                                                                                                                                                "Actual Startup Time": 0.127,
                                                                                                                                                "Actual Total Time": 118.832,
                                                                                                                                                "Actual Rows": 48587,
                                                                                                                                                "Actual Loops": 1
                                                                                                                                            },
                                                                                                                                            {
                                                                                                                                                "Worker Number": 1,
                                                                                                                                                "Actual Startup Time": 0.094,
                                                                                                                                                "Actual Total Time": 121.177,
                                                                                                                                                "Actual Rows": 50914,
                                                                                                                                                "Actual Loops": 1
                                                                                                                                            },
                                                                                                                                            {
                                                                                                                                                "Worker Number": 2,
                                                                                                                                                "Actual Startup Time": 0.1,
                                                                                                                                                "Actual Total Time": 121.531,
                                                                                                                                                "Actual Rows": 50511,
                                                                                                                                                "Actual Loops": 1
                                                                                                                                            }
                                                                                                                                        ]
                                                                                                                                    },
                                                                                                                                    {
                                                                                                                                        "Node Type": "Hash",
                                                                                                                                        "Parent Relationship": "Inner",
                                                                                                                                        "Parallel Aware": false,
                                                                                                                                        "Startup Cost": 4164.71,
                                                                                                                                        "Total Cost": 4164.71,
                                                                                                                                        "Plan Rows": 135086,
                                                                                                                                        "Plan Width": 12,
                                                                                                                                        "Actual Startup Time": 81.053,
                                                                                                                                        "Actual Total Time": 81.055,
                                                                                                                                        "Actual Rows": 135086,
                                                                                                                                        "Actual Loops": 4,
                                                                                                                                        "Output": [
                                                                                                                                            "cc.movie_id",
                                                                                                                                            "cc.subject_id",
                                                                                                                                            "cc.status_id"
                                                                                                                                        ],
                                                                                                                                        "Hash Buckets": 262144,
                                                                                                                                        "Original Hash Buckets": 262144,
                                                                                                                                        "Hash Batches": 1,
                                                                                                                                        "Original Hash Batches": 1,
                                                                                                                                        "Peak Memory Usage": 7853,
                                                                                                                                        "Workers": [
                                                                                                                                            {
                                                                                                                                                "Worker Number": 0,
                                                                                                                                                "Actual Startup Time": 92.876,
                                                                                                                                                "Actual Total Time": 92.878,
                                                                                                                                                "Actual Rows": 135086,
                                                                                                                                                "Actual Loops": 1
                                                                                                                                            },
                                                                                                                                            {
                                                                                                                                                "Worker Number": 1,
                                                                                                                                                "Actual Startup Time": 93.414,
                                                                                                                                                "Actual Total Time": 93.416,
                                                                                                                                                "Actual Rows": 135086,
                                                                                                                                                "Actual Loops": 1
                                                                                                                                            },
                                                                                                                                            {
                                                                                                                                                "Worker Number": 2,
                                                                                                                                                "Actual Startup Time": 93.001,
                                                                                                                                                "Actual Total Time": 93.002,
                                                                                                                                                "Actual Rows": 135086,
                                                                                                                                                "Actual Loops": 1
                                                                                                                                            }
                                                                                                                                        ],
                                                                                                                                        "Plans": [
                                                                                                                                            {
                                                                                                                                                "Node Type": "Index Scan",
                                                                                                                                                "Parent Relationship": "Outer",
                                                                                                                                                "Parallel Aware": false,
                                                                                                                                                "Scan Direction": "Forward",
                                                                                                                                                "Index Name": "subject_id_complete_cast",
                                                                                                                                                "Relation Name": "complete_cast",
                                                                                                                                                "Schema": "public",
                                                                                                                                                "Alias": "cc",
                                                                                                                                                "Startup Cost": 0.42,
                                                                                                                                                "Total Cost": 4164.71,
                                                                                                                                                "Plan Rows": 135086,
                                                                                                                                                "Plan Width": 12,
                                                                                                                                                "Actual Startup Time": 0.193,
                                                                                                                                                "Actual Total Time": 45.944,
                                                                                                                                                "Actual Rows": 135086,
                                                                                                                                                "Actual Loops": 4,
                                                                                                                                                "Output": [
                                                                                                                                                    "cc.movie_id",
                                                                                                                                                    "cc.subject_id",
                                                                                                                                                    "cc.status_id"
                                                                                                                                                ],
                                                                                                                                                "Workers": [
                                                                                                                                                    {
                                                                                                                                                        "Worker Number": 0,
                                                                                                                                                        "Actual Startup Time": 0.246,
                                                                                                                                                        "Actual Total Time": 52.23,
                                                                                                                                                        "Actual Rows": 135086,
                                                                                                                                                        "Actual Loops": 1
                                                                                                                                                    },
                                                                                                                                                    {
                                                                                                                                                        "Worker Number": 1,
                                                                                                                                                        "Actual Startup Time": 0.289,
                                                                                                                                                        "Actual Total Time": 52.166,
                                                                                                                                                        "Actual Rows": 135086,
                                                                                                                                                        "Actual Loops": 1
                                                                                                                                                    },
                                                                                                                                                    {
                                                                                                                                                        "Worker Number": 2,
                                                                                                                                                        "Actual Startup Time": 0.18,
                                                                                                                                                        "Actual Total Time": 52.31,
                                                                                                                                                        "Actual Rows": 135086,
                                                                                                                                                        "Actual Loops": 1
                                                                                                                                                    }
                                                                                                                                                ]
                                                                                                                                            }
                                                                                                                                        ]
                                                                                                                                    }
                                                                                                                                ]
                                                                                                                            }
                                                                                                                        ]
                                                                                                                    }
                                                                                                                ]
                                                                                                            }
                                                                                                        ]
                                                                                                    },
                                                                                                    {
                                                                                                        "Node Type": "Hash",
                                                                                                        "Parent Relationship": "Inner",
                                                                                                        "Parallel Aware": false,
                                                                                                        "Startup Cost": 5932.46,
                                                                                                        "Total Cost": 5932.46,
                                                                                                        "Plan Rows": 126107,
                                                                                                        "Plan Width": 23,
                                                                                                        "Actual Startup Time": 46.694,
                                                                                                        "Actual Total Time": 46.695,
                                                                                                        "Actual Rows": 126230,
                                                                                                        "Actual Loops": 1,
                                                                                                        "Output": [
                                                                                                            "cn.name",
                                                                                                            "cn.id"
                                                                                                        ],
                                                                                                        "Hash Buckets": 131072,
                                                                                                        "Original Hash Buckets": 131072,
                                                                                                        "Hash Batches": 1,
                                                                                                        "Original Hash Batches": 1,
                                                                                                        "Peak Memory Usage": 7968,
                                                                                                        "Plans": [
                                                                                                            {
                                                                                                                "Node Type": "Seq Scan",
                                                                                                                "Parent Relationship": "Outer",
                                                                                                                "Parallel Aware": false,
                                                                                                                "Relation Name": "company_name",
                                                                                                                "Schema": "public",
                                                                                                                "Alias": "cn",
                                                                                                                "Startup Cost": 0.0,
                                                                                                                "Total Cost": 5932.46,
                                                                                                                "Plan Rows": 126107,
                                                                                                                "Plan Width": 23,
                                                                                                                "Actual Startup Time": 0.009,
                                                                                                                "Actual Total Time": 28.135,
                                                                                                                "Actual Rows": 126230,
                                                                                                                "Actual Loops": 1,
                                                                                                                "Output": [
                                                                                                                    "cn.name",
                                                                                                                    "cn.id"
                                                                                                                ],
                                                                                                                "Filter": "((cn.country_code)::text <> '[us]'::text)",
                                                                                                                "Rows Removed by Filter": 108767
                                                                                                            }
                                                                                                        ]
                                                                                                    }
                                                                                                ]
                                                                                            }
                                                                                        ]
                                                                                    }
                                                                                ]
                                                                            }
                                                                        ]
                                                                    }
                                                                ]
                                                            },
                                                            {
                                                                "Node Type": "Hash",
                                                                "Parent Relationship": "Inner",
                                                                "Parallel Aware": false,
                                                                "Startup Cost": 12.2,
                                                                "Total Cost": 12.2,
                                                                "Plan Rows": 1,
                                                                "Plan Width": 4,
                                                                "Actual Startup Time": 0.03,
                                                                "Actual Total Time": 0.03,
                                                                "Actual Rows": 1,
                                                                "Actual Loops": 1,
                                                                "Output": [
                                                                    "cct1.id"
                                                                ],
                                                                "Hash Buckets": 1024,
                                                                "Original Hash Buckets": 1024,
                                                                "Hash Batches": 1,
                                                                "Original Hash Batches": 1,
                                                                "Peak Memory Usage": 9,
                                                                "Plans": [
                                                                    {
                                                                        "Node Type": "Index Scan",
                                                                        "Parent Relationship": "Outer",
                                                                        "Parallel Aware": false,
                                                                        "Scan Direction": "Forward",
                                                                        "Index Name": "comp_cast_type_pkey",
                                                                        "Relation Name": "comp_cast_type",
                                                                        "Schema": "public",
                                                                        "Alias": "cct1",
                                                                        "Startup Cost": 0.13,
                                                                        "Total Cost": 12.2,
                                                                        "Plan Rows": 1,
                                                                        "Plan Width": 4,
                                                                        "Actual Startup Time": 0.027,
                                                                        "Actual Total Time": 0.028,
                                                                        "Actual Rows": 1,
                                                                        "Actual Loops": 1,
                                                                        "Output": [
                                                                            "cct1.id"
                                                                        ],
                                                                        "Filter": "((cct1.kind)::text = 'crew'::text)",
                                                                        "Rows Removed by Filter": 3
                                                                    }
                                                                ]
                                                            }
                                                        ]
                                                    }
                                                ]
                                            }
                                        ]
                                    }
                                ]
                            }
                        ]
                    },
                    {
                        "Node Type": "Bitmap Heap Scan",
                        "Parent Relationship": "Inner",
                        "Parallel Aware": false,
                        "Relation Name": "keyword",
                        "Schema": "public",
                        "Alias": "k",
                        "Startup Cost": 0.43,
                        "Total Cost": 4.45,
                        "Plan Rows": 1,
                        "Plan Width": 4,
                        "Actual Startup Time": 0.003,
                        "Actual Total Time": 0.003,
                        "Actual Rows": 0,
                        "Actual Loops": 7176,
                        "Output": [
                            "k.id",
                            "k.keyword",
                            "k.phonetic_code"
                        ],
                        "Recheck Cond": "(k.id = mk.keyword_id)",
                        "Rows Removed by Index Recheck": 0,
                        "Filter": "(k.keyword = ANY ('{murder,murder-in-title,blood,violence}'::text[]))",
                        "Rows Removed by Filter": 1,
                        "Exact Heap Blocks": 7176,
                        "Lossy Heap Blocks": 0,
                        "Plans": [
                            {
                                "Node Type": "Bitmap Index Scan",
                                "Parent Relationship": "Outer",
                                "Parallel Aware": false,
                                "Index Name": "keyword_pkey",
                                "Startup Cost": 0.0,
                                "Total Cost": 0.43,
                                "Plan Rows": 1,
                                "Plan Width": 0,
                                "Actual Startup Time": 0.002,
                                "Actual Total Time": 0.002,
                                "Actual Rows": 1,
                                "Actual Loops": 7176,
                                "Index Cond": "(k.id = mk.keyword_id)"
                            }
                        ]
                    }
                ]
            }
        ]
    },
    "Planning Time": 135.939,
    "Triggers": [],
    "Execution Time": 4741.464
}