[
  {
    "Plan": {
      "Node Type": "Aggregate",
      "Strategy": "Plain",
      "Partial Mode": "Finalize",
      "Parallel Aware": false,
      "Startup Cost": 262855.21,
      "Total Cost": 262855.22,
      "Plan Rows": 1,
      "Plan Width": 8,
      "Actual Startup Time": 224.558,
      "Actual Total Time": 239.764,
      "Actual Rows": 1,
      "Actual Loops": 1,
      "Plans": [
        {
          "Node Type": "Gather",
          "Parent Relationship": "Outer",
          "Parallel Aware": false,
          "Startup Cost": 262854.69,
          "Total Cost": 262855.2,
          "Plan Rows": 5,
          "Plan Width": 8,
          "Actual Startup Time": 221.044,
          "Actual Total Time": 239.756,
          "Actual Rows": 6,
          "Actual Loops": 1,
          "Workers Planned": 5,
          "Workers Launched": 5,
          "Single Copy": false,
          "Plans": [
            {
              "Node Type": "Aggregate",
              "Strategy": "Plain",
              "Partial Mode": "Partial",
              "Parent Relationship": "Outer",
              "Parallel Aware": false,
              "Startup Cost": 261854.69,
              "Total Cost": 261854.7,
              "Plan Rows": 1,
              "Plan Width": 8,
              "Actual Startup Time": 210.212,
              "Actual Total Time": 210.216,
              "Actual Rows": 1,
              "Actual Loops": 6,
              "Plans": [
                {
                  "Node Type": "Nested Loop",
                  "Parent Relationship": "Outer",
                  "Parallel Aware": false,
                  "Join Type": "Inner",
                  "Startup Cost": 60809.21,
                  "Total Cost": 261773.39,
                  "Plan Rows": 32519,
                  "Plan Width": 0,
                  "Actual Startup Time": 128.814,
                  "Actual Total Time": 209.643,
                  "Actual Rows": 9225,
                  "Actual Loops": 6,
                  "Inner Unique": false,
                  "Join Filter": "(t.id = mk.movie_id)",
                  "Rows Removed by Join Filter": 0,
                  "Plans": [
                    {
                      "Node Type": "Hash Join",
                      "Parent Relationship": "Outer",
                      "Parallel Aware": true,
                      "Join Type": "Inner",
                      "Startup Cost": 60808.77,
                      "Total Cost": 225210.72,
                      "Plan Rows": 18174,
                      "Plan Width": 8,
                      "Actual Startup Time": 128.358,
                      "Actual Total Time": 177.836,
                      "Actual Rows": 5829,
                      "Actual Loops": 6,
                      "Inner Unique": true,
                      "Hash Cond": "(mi.movie_id = t.id)",
                      "Plans": [
                        {
                          "Node Type": "Bitmap Heap Scan",
                          "Parent Relationship": "Outer",
                          "Parallel Aware": true,
                          "Relation Name": "movie_info",
                          "Alias": "mi",
                          "Startup Cost": 14428.12,
                          "Total Cost": 178411.99,
                          "Plan Rows": 159269,
                          "Plan Width": 4,
                          "Actual Startup Time": 25.11,
                          "Actual Total Time": 43.703,
                          "Actual Rows": 133690,
                          "Actual Loops": 6,
                          "Recheck Cond": "(info_type_id = 1)",
                          "Rows Removed by Index Recheck": 0,
                          "Exact Heap Blocks": 1089,
                          "Lossy Heap Blocks": 0,
                          "Plans": [
                            {
                              "Node Type": "Bitmap Index Scan",
                              "Parent Relationship": "Outer",
                              "Parallel Aware": false,
                              "Index Name": "info_type_id_movie_info",
                              "Startup Cost": 0.0,
                              "Total Cost": 14229.04,
                              "Plan Rows": 796347,
                              "Plan Width": 0,
                              "Actual Startup Time": 24.272,
                              "Actual Total Time": 24.273,
                              "Actual Rows": 802140,
                              "Actual Loops": 1,
                              "Index Cond": "(info_type_id = 1)"
                            }
                          ]
                        },
                        {
                          "Node Type": "Hash",
                          "Parent Relationship": "Inner",
                          "Parallel Aware": true,
                          "Startup Cost": 45479.1,
                          "Total Cost": 45479.1,
                          "Plan Rows": 72124,
                          "Plan Width": 4,
                          "Actual Startup Time": 100.742,
                          "Actual Total Time": 100.743,
                          "Actual Rows": 48779,
                          "Actual Loops": 6,
                          "Hash Buckets": 524288,
                          "Original Hash Buckets": 524288,
                          "Hash Batches": 1,
                          "Original Hash Batches": 1,
                          "Peak Memory Usage": 15648,
                          "Plans": [
                            {
                              "Node Type": "Seq Scan",
                              "Parent Relationship": "Outer",
                              "Parallel Aware": true,
                              "Relation Name": "title",
                              "Alias": "t",
                              "Startup Cost": 0.0,
                              "Total Cost": 45479.1,
                              "Plan Rows": 72124,
                              "Plan Width": 4,
                              "Actual Startup Time": 0.036,
                              "Actual Total Time": 80.116,
                              "Actual Rows": 48779,
                              "Actual Loops": 6,
                              "Filter": "((kind_id > 1) AND (production_year > 2010))",
                              "Rows Removed by Filter": 372606
                            }
                          ]
                        }
                      ]
                    },
                    {
                      "Node Type": "Index Only Scan",
                      "Parent Relationship": "Inner",
                      "Parallel Aware": false,
                      "Scan Direction": "Forward",
                      "Index Name": "movie_id_movie_keyword",
                      "Relation Name": "movie_keyword",
                      "Alias": "mk",
                      "Startup Cost": 0.43,
                      "Total Cost": 1.45,
                      "Plan Rows": 45,
                      "Plan Width": 4,
                      "Actual Startup Time": 0.005,
                      "Actual Total Time": 0.005,
                      "Actual Rows": 2,
                      "Actual Loops": 34973,
                      "Index Cond": "(movie_id = mi.movie_id)",
                      "Rows Removed by Index Recheck": 0,
                      "Heap Fetches": 55350
                    }
                  ]
                }
              ]
            }
          ]
        }
      ]
    },
    "Planning Time": 1.444,
    "Triggers": [],
    "Execution Time": 239.883
  }
]