[
  {
    "Plan": {
      "Node Type": "Aggregate",
      "Strategy": "Plain",
      "Partial Mode": "Finalize",
      "Parallel Aware": false,
      "Startup Cost": 33194.5,
      "Total Cost": 33194.51,
      "Plan Rows": 1,
      "Plan Width": 8,
      "Actual Startup Time": 102.787,
      "Actual Total Time": 113.831,
      "Actual Rows": 1,
      "Actual Loops": 1,
      "Plans": [
        {
          "Node Type": "Gather",
          "Parent Relationship": "Outer",
          "Parallel Aware": false,
          "Startup Cost": 33194.18,
          "Total Cost": 33194.49,
          "Plan Rows": 3,
          "Plan Width": 8,
          "Actual Startup Time": 102.62,
          "Actual Total Time": 113.822,
          "Actual Rows": 4,
          "Actual Loops": 1,
          "Workers Planned": 3,
          "Workers Launched": 3,
          "Single Copy": false,
          "Plans": [
            {
              "Node Type": "Aggregate",
              "Strategy": "Plain",
              "Partial Mode": "Partial",
              "Parent Relationship": "Outer",
              "Parallel Aware": false,
              "Startup Cost": 32194.18,
              "Total Cost": 32194.19,
              "Plan Rows": 1,
              "Plan Width": 8,
              "Actual Startup Time": 98.597,
              "Actual Total Time": 98.598,
              "Actual Rows": 1,
              "Actual Loops": 4,
              "Plans": [
                {
                  "Node Type": "Seq Scan",
                  "Parent Relationship": "Outer",
                  "Parallel Aware": true,
                  "Relation Name": "movie_companies",
                  "Alias": "mc",
                  "Startup Cost": 0.0,
                  "Total Cost": 31414.82,
                  "Plan Rows": 311745,
                  "Plan Width": 0,
                  "Actual Startup Time": 0.186,
                  "Actual Total Time": 86.758,
                  "Actual Rows": 205946,
                  "Actual Loops": 4,
                  "Filter": "((company_id > 802) AND (company_type_id < 2))",
                  "Rows Removed by Filter": 446337
                }
              ]
            }
          ]
        }
      ]
    },
    "Planning Time": 0.108,
    "Triggers": [],
    "Execution Time": 113.862
  }
]