[
  {
    "Plan": {
      "Node Type": "Aggregate",
      "Strategy": "Plain",
      "Partial Mode": "Finalize",
      "Parallel Aware": false,
      "Startup Cost": 349245.08,
      "Total Cost": 349245.09,
      "Plan Rows": 1,
      "Plan Width": 8,
      "Actual Startup Time": 779.094,
      "Actual Total Time": 826.788,
      "Actual Rows": 1,
      "Actual Loops": 1,
      "Plans": [
        {
          "Node Type": "Gather",
          "Parent Relationship": "Outer",
          "Parallel Aware": false,
          "Startup Cost": 349244.45,
          "Total Cost": 349245.06,
          "Plan Rows": 6,
          "Plan Width": 8,
          "Actual Startup Time": 778.878,
          "Actual Total Time": 826.775,
          "Actual Rows": 7,
          "Actual Loops": 1,
          "Workers Planned": 6,
          "Workers Launched": 6,
          "Single Copy": false,
          "Plans": [
            {
              "Node Type": "Aggregate",
              "Strategy": "Plain",
              "Partial Mode": "Partial",
              "Parent Relationship": "Outer",
              "Parallel Aware": false,
              "Startup Cost": 348244.45,
              "Total Cost": 348244.46,
              "Plan Rows": 1,
              "Plan Width": 8,
              "Actual Startup Time": 771.911,
              "Actual Total Time": 771.912,
              "Actual Rows": 1,
              "Actual Loops": 7,
              "Plans": [
                {
                  "Node Type": "Seq Scan",
                  "Parent Relationship": "Outer",
                  "Parallel Aware": true,
                  "Relation Name": "cast_info",
                  "Alias": "ci",
                  "Startup Cost": 0.0,
                  "Total Cost": 343316.27,
                  "Plan Rows": 1971272,
                  "Plan Width": 0,
                  "Actual Startup Time": 351.809,
                  "Actual Total Time": 678.266,
                  "Actual Rows": 1918236,
                  "Actual Loops": 7,
                  "Filter": "((person_id > 942724) AND (role_id > 2))",
                  "Rows Removed by Filter": 3259528
                }
              ]
            }
          ]
        }
      ]
    },
    "Planning Time": 0.231,
    "Triggers": [],
    "Execution Time": 826.857
  }
]