[
  {
    "Plan": {
      "Node Type": "Aggregate",
      "Strategy": "Plain",
      "Partial Mode": "Finalize",
      "Parallel Aware": false,
      "Startup Cost": 57875.74,
      "Total Cost": 57875.75,
      "Plan Rows": 1,
      "Plan Width": 8,
      "Actual Startup Time": 165.261,
      "Actual Total Time": 179.461,
      "Actual Rows": 1,
      "Actual Loops": 1,
      "Plans": [
        {
          "Node Type": "Gather",
          "Parent Relationship": "Outer",
          "Parallel Aware": false,
          "Startup Cost": 57875.42,
          "Total Cost": 57875.73,
          "Plan Rows": 3,
          "Plan Width": 8,
          "Actual Startup Time": 165.027,
          "Actual Total Time": 179.452,
          "Actual Rows": 4,
          "Actual Loops": 1,
          "Workers Planned": 3,
          "Workers Launched": 3,
          "Single Copy": false,
          "Plans": [
            {
              "Node Type": "Aggregate",
              "Strategy": "Plain",
              "Partial Mode": "Partial",
              "Parent Relationship": "Outer",
              "Parallel Aware": false,
              "Startup Cost": 56875.42,
              "Total Cost": 56875.43,
              "Plan Rows": 1,
              "Plan Width": 8,
              "Actual Startup Time": 155.214,
              "Actual Total Time": 155.217,
              "Actual Rows": 1,
              "Actual Loops": 4,
              "Plans": [
                {
                  "Node Type": "Nested Loop",
                  "Parent Relationship": "Outer",
                  "Parallel Aware": false,
                  "Join Type": "Inner",
                  "Startup Cost": 724.82,
                  "Total Cost": 56845.07,
                  "Plan Rows": 12142,
                  "Plan Width": 0,
                  "Actual Startup Time": 2.482,
                  "Actual Total Time": 147.745,
                  "Actual Rows": 144705,
                  "Actual Loops": 4,
                  "Inner Unique": false,
                  "Plans": [
                    {
                      "Node Type": "Nested Loop",
                      "Parent Relationship": "Outer",
                      "Parallel Aware": false,
                      "Join Type": "Inner",
                      "Startup Cost": 724.39,
                      "Total Cost": 51667.67,
                      "Plan Rows": 2076,
                      "Plan Width": 8,
                      "Actual Startup Time": 2.291,
                      "Actual Total Time": 32.731,
                      "Actual Rows": 7705,
                      "Actual Loops": 4,
                      "Inner Unique": true,
                      "Plans": [
                        {
                          "Node Type": "Bitmap Heap Scan",
                          "Parent Relationship": "Outer",
                          "Parallel Aware": true,
                          "Relation Name": "movie_companies",
                          "Alias": "mc",
                          "Startup Cost": 723.96,
                          "Total Cost": 20144.44,
                          "Plan Rows": 5487,
                          "Plan Width": 4,
                          "Actual Startup Time": 2.114,
                          "Actual Total Time": 5.548,
                          "Actual Rows": 7795,
                          "Actual Loops": 4,
                          "Recheck Cond": "(company_id > 206726)",
                          "Rows Removed by Index Recheck": 0,
                          "Filter": "(company_type_id > 1)",
                          "Rows Removed by Filter": 0,
                          "Exact Heap Blocks": 424,
                          "Lossy Heap Blocks": 0,
                          "Plans": [
                            {
                              "Node Type": "Bitmap Index Scan",
                              "Parent Relationship": "Outer",
                              "Parallel Aware": false,
                              "Index Name": "company_id_movie_companies",
                              "Startup Cost": 0.0,
                              "Total Cost": 719.7,
                              "Plan Rows": 33503,
                              "Plan Width": 0,
                              "Actual Startup Time": 7.283,
                              "Actual Total Time": 7.284,
                              "Actual Rows": 31180,
                              "Actual Loops": 1,
                              "Index Cond": "(company_id > 206726)"
                            }
                          ]
                        },
                        {
                          "Node Type": "Index Scan",
                          "Parent Relationship": "Inner",
                          "Parallel Aware": false,
                          "Scan Direction": "Forward",
                          "Index Name": "title_pkey",
                          "Relation Name": "title",
                          "Alias": "t",
                          "Startup Cost": 0.43,
                          "Total Cost": 5.75,
                          "Plan Rows": 1,
                          "Plan Width": 4,
                          "Actual Startup Time": 0.003,
                          "Actual Total Time": 0.003,
                          "Actual Rows": 1,
                          "Actual Loops": 31180,
                          "Index Cond": "(id = mc.movie_id)",
                          "Rows Removed by Index Recheck": 0,
                          "Filter": "((kind_id < 7) AND (production_year > 1908))",
                          "Rows Removed by Filter": 0
                        }
                      ]
                    },
                    {
                      "Node Type": "Index Only Scan",
                      "Parent Relationship": "Inner",
                      "Parallel Aware": false,
                      "Scan Direction": "Forward",
                      "Index Name": "movie_id_movie_info",
                      "Relation Name": "movie_info",
                      "Alias": "mi",
                      "Startup Cost": 0.43,
                      "Total Cost": 2.07,
                      "Plan Rows": 42,
                      "Plan Width": 4,
                      "Actual Startup Time": 0.004,
                      "Actual Total Time": 0.013,
                      "Actual Rows": 19,
                      "Actual Loops": 30821,
                      "Index Cond": "(movie_id = t.id)",
                      "Rows Removed by Index Recheck": 0,
                      "Heap Fetches": 578821
                    }
                  ]
                }
              ]
            }
          ]
        }
      ]
    },
    "Planning Time": 1.671,
    "Triggers": [],
    "Execution Time": 179.566
  }
]