[
  {
    "Plan": {
      "Node Type": "Aggregate",
      "Strategy": "Plain",
      "Partial Mode": "Simple",
      "Parallel Aware": false,
      "Startup Cost": 11269.03,
      "Total Cost": 11269.04,
      "Plan Rows": 1,
      "Plan Width": 128,
      "Actual Startup Time": 3489.8,
      "Actual Total Time": 3489.806,
      "Actual Rows": 1,
      "Actual Loops": 1,
      "Plans": [
        {
          "Node Type": "Nested Loop",
          "Parent Relationship": "Outer",
          "Parallel Aware": false,
          "Join Type": "Inner",
          "Startup Cost": 13.08,
          "Total Cost": 11269.02,
          "Plan Rows": 1,
          "Plan Width": 80,
          "Actual Startup Time": 11.792,
          "Actual Total Time": 3486.134,
          "Actual Rows": 8046,
          "Actual Loops": 1,
          "Inner Unique": true,
          "Join Filter": "(mi.movie_id = t.id)",
          "Rows Removed by Join Filter": 0,
          "Plans": [
            {
              "Node Type": "Nested Loop",
              "Parent Relationship": "Outer",
              "Parallel Aware": false,
              "Join Type": "Inner",
              "Startup Cost": 12.65,
              "Total Cost": 11268.52,
              "Plan Rows": 1,
              "Plan Width": 79,
              "Actual Startup Time": 11.734,
              "Actual Total Time": 3438.936,
              "Actual Rows": 8046,
              "Actual Loops": 1,
              "Inner Unique": true,
              "Plans": [
                {
                  "Node Type": "Nested Loop",
                  "Parent Relationship": "Outer",
                  "Parallel Aware": false,
                  "Join Type": "Inner",
                  "Startup Cost": 12.22,
                  "Total Cost": 11267.83,
                  "Plan Rows": 1,
                  "Plan Width": 68,
                  "Actual Startup Time": 7.038,
                  "Actual Total Time": 3322.278,
                  "Actual Rows": 14343,
                  "Actual Loops": 1,
                  "Inner Unique": false,
                  "Join Filter": "(mi.movie_id = ci.movie_id)",
                  "Rows Removed by Join Filter": 0,
                  "Plans": [
                    {
                      "Node Type": "Nested Loop",
                      "Parent Relationship": "Outer",
                      "Parallel Aware": false,
                      "Join Type": "Inner",
                      "Startup Cost": 11.66,
                      "Total Cost": 11266.09,
                      "Plan Rows": 1,
                      "Plan Width": 60,
                      "Actual Startup Time": 1.462,
                      "Actual Total Time": 1470.018,
                      "Actual Rows": 23316,
                      "Actual Loops": 1,
                      "Inner Unique": false,
                      "Join Filter": "(mi.info_type_id = it1.id)",
                      "Rows Removed by Join Filter": 811,
                      "Plans": [
                        {
                          "Node Type": "Seq Scan",
                          "Parent Relationship": "Outer",
                          "Parallel Aware": false,
                          "Relation Name": "info_type",
                          "Alias": "it1",
                          "Startup Cost": 0.0,
                          "Total Cost": 2.41,
                          "Plan Rows": 1,
                          "Plan Width": 4,
                          "Actual Startup Time": 0.011,
                          "Actual Total Time": 0.019,
                          "Actual Rows": 1,
                          "Actual Loops": 1,
                          "Filter": "((info)::text = 'genres'::text)",
                          "Rows Removed by Filter": 112
                        },
                        {
                          "Node Type": "Nested Loop",
                          "Parent Relationship": "Inner",
                          "Parallel Aware": false,
                          "Join Type": "Inner",
                          "Startup Cost": 11.66,
                          "Total Cost": 11263.61,
                          "Plan Rows": 5,
                          "Plan Width": 64,
                          "Actual Startup Time": 1.449,
                          "Actual Total Time": 1465.411,
                          "Actual Rows": 24127,
                          "Actual Loops": 1,
                          "Inner Unique": false,
                          "Join Filter": "(mi_idx.movie_id = mi.movie_id)",
                          "Rows Removed by Join Filter": 0,
                          "Plans": [
                            {
                              "Node Type": "Nested Loop",
                              "Parent Relationship": "Outer",
                              "Parallel Aware": false,
                              "Join Type": "Inner",
                              "Startup Cost": 11.22,
                              "Total Cost": 11253.63,
                              "Plan Rows": 6,
                              "Plan Width": 13,
                              "Actual Startup Time": 0.876,
                              "Actual Total Time": 311.767,
                              "Actual Rows": 31564,
                              "Actual Loops": 1,
                              "Inner Unique": false,
                              "Join Filter": "(mi_idx.info_type_id = it2.id)",
                              "Rows Removed by Join Filter": 63346,
                              "Plans": [
                                {
                                  "Node Type": "Seq Scan",
                                  "Parent Relationship": "Outer",
                                  "Parallel Aware": false,
                                  "Relation Name": "info_type",
                                  "Alias": "it2",
                                  "Startup Cost": 0.0,
                                  "Total Cost": 2.41,
                                  "Plan Rows": 1,
                                  "Plan Width": 4,
                                  "Actual Startup Time": 0.012,
                                  "Actual Total Time": 0.016,
                                  "Actual Rows": 1,
                                  "Actual Loops": 1,
                                  "Filter": "((info)::text = 'votes'::text)",
                                  "Rows Removed by Filter": 112
                                },
                                {
                                  "Node Type": "Nested Loop",
                                  "Parent Relationship": "Inner",
                                  "Parallel Aware": false,
                                  "Join Type": "Inner",
                                  "Startup Cost": 11.22,
                                  "Total Cost": 11242.1,
                                  "Plan Rows": 729,
                                  "Plan Width": 17,
                                  "Actual Startup Time": 0.862,
                                  "Actual Total Time": 300.102,
                                  "Actual Rows": 94910,
                                  "Actual Loops": 1,
                                  "Inner Unique": false,
                                  "Plans": [
                                    {
                                      "Node Type": "Nested Loop",
                                      "Parent Relationship": "Outer",
                                      "Parallel Aware": false,
                                      "Join Type": "Inner",
                                      "Startup Cost": 10.8,
                                      "Total Cost": 11118.79,
                                      "Plan Rows": 236,
                                      "Plan Width": 4,
                                      "Actual Startup Time": 0.821,
                                      "Actual Total Time": 111.806,
                                      "Actual Rows": 40788,
                                      "Actual Loops": 1,
                                      "Inner Unique": false,
                                      "Plans": [
                                        {
                                          "Node Type": "Seq Scan",
                                          "Parent Relationship": "Outer",
                                          "Parallel Aware": false,
                                          "Relation Name": "keyword",
                                          "Alias": "k",
                                          "Startup Cost": 0.0,
                                          "Total Cost": 3464.69,
                                          "Plan Rows": 7,
                                          "Plan Width": 4,
                                          "Actual Startup Time": 0.116,
                                          "Actual Total Time": 19.294,
                                          "Actual Rows": 6,
                                          "Actual Loops": 1,
                                          "Filter": "(keyword = ANY ('{marvel-comics,fight,murder,based-on-comic,based-on-comic,sequel,archive-footage}'::text[]))",
                                          "Rows Removed by Filter": 134164
                                        },
                                        {
                                          "Node Type": "Bitmap Heap Scan",
                                          "Parent Relationship": "Inner",
                                          "Parallel Aware": false,
                                          "Relation Name": "movie_keyword",
                                          "Alias": "mk",
                                          "Startup Cost": 10.8,
                                          "Total Cost": 1090.39,
                                          "Plan Rows": 305,
                                          "Plan Width": 8,
                                          "Actual Startup Time": 1.91,
                                          "Actual Total Time": 14.19,
                                          "Actual Rows": 6798,
                                          "Actual Loops": 6,
                                          "Recheck Cond": "(keyword_id = k.id)",
                                          "Rows Removed by Index Recheck": 0,
                                          "Exact Heap Blocks": 26627,
                                          "Lossy Heap Blocks": 0,
                                          "Plans": [
                                            {
                                              "Node Type": "Bitmap Index Scan",
                                              "Parent Relationship": "Outer",
                                              "Parallel Aware": false,
                                              "Index Name": "keyword_id_movie_keyword",
                                              "Startup Cost": 0.0,
                                              "Total Cost": 10.72,
                                              "Plan Rows": 305,
                                              "Plan Width": 0,
                                              "Actual Startup Time": 1.149,
                                              "Actual Total Time": 1.149,
                                              "Actual Rows": 6798,
                                              "Actual Loops": 6,
                                              "Index Cond": "(keyword_id = k.id)"
                                            }
                                          ]
                                        }
                                      ]
                                    },
                                    {
                                      "Node Type": "Index Scan",
                                      "Parent Relationship": "Inner",
                                      "Parallel Aware": false,
                                      "Scan Direction": "Forward",
                                      "Index Name": "movie_id_movie_info_idx",
                                      "Relation Name": "movie_info_idx",
                                      "Alias": "mi_idx",
                                      "Startup Cost": 0.43,
                                      "Total Cost": 0.49,
                                      "Plan Rows": 3,
                                      "Plan Width": 13,
                                      "Actual Startup Time": 0.003,
                                      "Actual Total Time": 0.004,
                                      "Actual Rows": 2,
                                      "Actual Loops": 40788,
                                      "Index Cond": "(movie_id = mk.movie_id)",
                                      "Rows Removed by Index Recheck": 0
                                    }
                                  ]
                                }
                              ]
                            },
                            {
                              "Node Type": "Index Scan",
                              "Parent Relationship": "Inner",
                              "Parallel Aware": false,
                              "Scan Direction": "Forward",
                              "Index Name": "movie_id_movie_info",
                              "Relation Name": "movie_info",
                              "Alias": "mi",
                              "Startup Cost": 0.43,
                              "Total Cost": 1.65,
                              "Plan Rows": 1,
                              "Plan Width": 51,
                              "Actual Startup Time": 0.035,
                              "Actual Total Time": 0.036,
                              "Actual Rows": 1,
                              "Actual Loops": 31564,
                              "Index Cond": "(movie_id = mk.movie_id)",
                              "Rows Removed by Index Recheck": 0,
                              "Filter": "(info = ANY ('{Horror,Crime,War,Thriller,Western,Documentary}'::text[]))",
                              "Rows Removed by Filter": 51
                            }
                          ]
                        }
                      ]
                    },
                    {
                      "Node Type": "Index Scan",
                      "Parent Relationship": "Inner",
                      "Parallel Aware": false,
                      "Scan Direction": "Forward",
                      "Index Name": "movie_id_cast_info",
                      "Relation Name": "cast_info",
                      "Alias": "ci",
                      "Startup Cost": 0.56,
                      "Total Cost": 1.73,
                      "Plan Rows": 1,
                      "Plan Width": 8,
                      "Actual Startup Time": 0.065,
                      "Actual Total Time": 0.079,
                      "Actual Rows": 1,
                      "Actual Loops": 23316,
                      "Index Cond": "(movie_id = mk.movie_id)",
                      "Rows Removed by Index Recheck": 0,
                      "Filter": "(note = ANY ('{(writer),\"(head writer)\",\"(written by)\",(story),\"(story editor)\"}'::text[]))",
                      "Rows Removed by Filter": 56
                    }
                  ]
                },
                {
                  "Node Type": "Index Scan",
                  "Parent Relationship": "Inner",
                  "Parallel Aware": false,
                  "Scan Direction": "Forward",
                  "Index Name": "name_pkey",
                  "Relation Name": "name",
                  "Alias": "n",
                  "Startup Cost": 0.43,
                  "Total Cost": 0.69,
                  "Plan Rows": 1,
                  "Plan Width": 19,
                  "Actual Startup Time": 0.008,
                  "Actual Total Time": 0.008,
                  "Actual Rows": 1,
                  "Actual Loops": 14343,
                  "Index Cond": "(id = ci.person_id)",
                  "Rows Removed by Index Recheck": 0,
                  "Filter": "((gender)::text = 'm'::text)",
                  "Rows Removed by Filter": 0
                }
              ]
            },
            {
              "Node Type": "Index Scan",
              "Parent Relationship": "Inner",
              "Parallel Aware": false,
              "Scan Direction": "Forward",
              "Index Name": "title_pkey",
              "Relation Name": "title",
              "Alias": "t",
              "Startup Cost": 0.43,
              "Total Cost": 0.49,
              "Plan Rows": 1,
              "Plan Width": 21,
              "Actual Startup Time": 0.005,
              "Actual Total Time": 0.005,
              "Actual Rows": 1,
              "Actual Loops": 8046,
              "Index Cond": "(id = mk.movie_id)",
              "Rows Removed by Index Recheck": 0
            }
          ]
        }
      ]
    },
    "Planning Time": 28.673,
    "Triggers": [],
    "Execution Time": 3490.136
  }
]