{
  "Plan": {
    "Node Type": "Aggregate",
    "Strategy": "Plain",
    "Partial Mode": "Finalize",
    "Parallel Aware": false,
    "Startup Cost": 167773.32,
    "Total Cost": 167773.33,
    "Plan Rows": 1,
    "Plan Width": 8,
    "Actual Startup Time": 496.784,
    "Actual Total Time": 552.512,
    "Actual Rows": 1,
    "Actual Loops": 1,
    "Plans": [
      {
        "Node Type": "Gather",
        "Parent Relationship": "Outer",
        "Parallel Aware": false,
        "Startup Cost": 167773.21,
        "Total Cost": 167773.32,
        "Plan Rows": 1,
        "Plan Width": 8,
        "Actual Startup Time": 495.992,
        "Actual Total Time": 552.503,
        "Actual Rows": 2,
        "Actual Loops": 1,
        "Workers Planned": 1,
        "Workers Launched": 1,
        "Single Copy": false,
        "Plans": [
          {
            "Node Type": "Aggregate",
            "Strategy": "Plain",
            "Partial Mode": "Partial",
            "Parent Relationship": "Outer",
            "Parallel Aware": false,
            "Startup Cost": 166773.21,
            "Total Cost": 166773.22,
            "Plan Rows": 1,
            "Plan Width": 8,
            "Actual Startup Time": 490.288,
            "Actual Total Time": 490.292,
            "Actual Rows": 1,
            "Actual Loops": 2,
            "Plans": [
              {
                "Node Type": "Nested Loop",
                "Parent Relationship": "Outer",
                "Parallel Aware": false,
                "Join Type": "Inner",
                "Startup Cost": 62352.17,
                "Total Cost": 166357.2,
                "Plan Rows": 166402,
                "Plan Width": 0,
                "Actual Startup Time": 182.659,
                "Actual Total Time": 478.291,
                "Actual Rows": 263168,
                "Actual Loops": 2,
                "Inner Unique": false,
                "Join Filter": "(t.id = ci.movie_id)",
                "Rows Removed by Join Filter": 0,
                "Plans": [
                  {
                    "Node Type": "Hash Join",
                    "Parent Relationship": "Outer",
                    "Parallel Aware": true,
                    "Join Type": "Inner",
                    "Startup Cost": 62351.61,
                    "Total Cost": 89564.5,
                    "Plan Rows": 11613,
                    "Plan Width": 8,
                    "Actual Startup Time": 182.587,
                    "Actual Total Time": 251.33,
                    "Actual Rows": 4430,
                    "Actual Loops": 2,
                    "Inner Unique": true,
                    "Hash Cond": "(mk.movie_id = t.id)",
                    "Plans": [
                      {
                        "Node Type": "Bitmap Heap Scan",
                        "Parent Relationship": "Outer",
                        "Parallel Aware": true,
                        "Relation Name": "movie_keyword",
                        "Alias": "mk",
                        "Startup Cost": 6579.63,
                        "Total Cost": 33313.7,
                        "Plan Rows": 182406,
                        "Plan Width": 4,
                        "Actual Startup Time": 23.183,
                        "Actual Total Time": 69.4,
                        "Actual Rows": 151961,
                        "Actual Loops": 2,
                        "Recheck Cond": "(keyword_id > 53275)",
                        "Rows Removed by Index Recheck": 0,
                        "Exact Heap Blocks": 15127,
                        "Lossy Heap Blocks": 0,
                        "Plans": [
                          {
                            "Node Type": "Bitmap Index Scan",
                            "Parent Relationship": "Outer",
                            "Parallel Aware": false,
                            "Index Name": "keyword_id_movie_keyword",
                            "Startup Cost": 0.0,
                            "Total Cost": 6502.11,
                            "Plan Rows": 310090,
                            "Plan Width": 0,
                            "Actual Startup Time": 19.932,
                            "Actual Total Time": 19.933,
                            "Actual Rows": 303922,
                            "Actual Loops": 1,
                            "Index Cond": "(keyword_id > 53275)"
                          }
                        ]
                      },
                      {
                        "Node Type": "Hash",
                        "Parent Relationship": "Inner",
                        "Parallel Aware": true,
                        "Startup Cost": 54588.39,
                        "Total Cost": 54588.39,
                        "Plan Rows": 94687,
                        "Plan Width": 4,
                        "Actual Startup Time": 156.074,
                        "Actual Total Time": 156.074,
                        "Actual Rows": 82154,
                        "Actual Loops": 2,
                        "Hash Buckets": 262144,
                        "Original Hash Buckets": 262144,
                        "Hash Batches": 1,
                        "Original Hash Batches": 1,
                        "Peak Memory Usage": 8480,
                        "Plans": [
                          {
                            "Node Type": "Seq Scan",
                            "Parent Relationship": "Outer",
                            "Parallel Aware": true,
                            "Relation Name": "title",
                            "Alias": "t",
                            "Startup Cost": 0.0,
                            "Total Cost": 54588.39,
                            "Plan Rows": 94687,
                            "Plan Width": 4,
                            "Actual Startup Time": 0.047,
                            "Actual Total Time": 135.082,
                            "Actual Rows": 82154,
                            "Actual Loops": 2,
                            "Filter": "(production_year = 2012)",
                            "Rows Removed by Filter": 1182002
                          }
                        ]
                      }
                    ]
                  },
                  {
                    "Node Type": "Index Only Scan",
                    "Parent Relationship": "Inner",
                    "Parallel Aware": false,
                    "Scan Direction": "Forward",
                    "Index Name": "movie_id_cast_info",
                    "Relation Name": "cast_info",
                    "Alias": "ci",
                    "Startup Cost": 0.56,
                    "Total Cost": 6.15,
                    "Plan Rows": 37,
                    "Plan Width": 4,
                    "Actual Startup Time": 0.006,
                    "Actual Total Time": 0.046,
                    "Actual Rows": 59,
                    "Actual Loops": 8860,
                    "Index Cond": "(movie_id = mk.movie_id)",
                    "Rows Removed by Index Recheck": 0,
                    "Heap Fetches": 526336
                  }
                ]
              }
            ]
          }
        ]
      }
    ]
  },
  "Planning Time": 0.936,
  "Triggers": [],
  "Execution Time": 552.637
}