{
    "Plan": {
        "Node Type": "Aggregate",
        "Strategy": "Plain",
        "Partial Mode": "Finalize",
        "Parallel Aware": false,
        "Startup Cost": 154682.8,
        "Total Cost": 154682.81,
        "Plan Rows": 1,
        "Plan Width": 8,
        "Actual Startup Time": 728.969,
        "Actual Total Time": 753.366,
        "Actual Rows": 1,
        "Actual Loops": 1,
        "Output": [
            "count(*)"
        ],
        "Plans": [
            {
                "Node Type": "Gather",
                "Parent Relationship": "Outer",
                "Parallel Aware": false,
                "Startup Cost": 154682.38,
                "Total Cost": 154682.79,
                "Plan Rows": 4,
                "Plan Width": 8,
                "Actual Startup Time": 725.412,
                "Actual Total Time": 753.356,
                "Actual Rows": 5,
                "Actual Loops": 1,
                "Output": [
                    "(PARTIAL count(*))"
                ],
                "Workers Planned": 4,
                "Workers Launched": 4,
                "Single Copy": false,
                "Plans": [
                    {
                        "Node Type": "Aggregate",
                        "Strategy": "Plain",
                        "Partial Mode": "Partial",
                        "Parent Relationship": "Outer",
                        "Parallel Aware": false,
                        "Startup Cost": 153682.38,
                        "Total Cost": 153682.39,
                        "Plan Rows": 1,
                        "Plan Width": 8,
                        "Actual Startup Time": 701.85,
                        "Actual Total Time": 701.855,
                        "Actual Rows": 1,
                        "Actual Loops": 5,
                        "Output": [
                            "PARTIAL count(*)"
                        ],
                        "Workers": [
                            {
                                "Worker Number": 0,
                                "Actual Startup Time": 696.291,
                                "Actual Total Time": 696.295,
                                "Actual Rows": 1,
                                "Actual Loops": 1
                            },
                            {
                                "Worker Number": 1,
                                "Actual Startup Time": 696.283,
                                "Actual Total Time": 696.287,
                                "Actual Rows": 1,
                                "Actual Loops": 1
                            },
                            {
                                "Worker Number": 2,
                                "Actual Startup Time": 696.317,
                                "Actual Total Time": 696.321,
                                "Actual Rows": 1,
                                "Actual Loops": 1
                            },
                            {
                                "Worker Number": 3,
                                "Actual Startup Time": 696.263,
                                "Actual Total Time": 696.267,
                                "Actual Rows": 1,
                                "Actual Loops": 1
                            }
                        ],
                        "Plans": [
                            {
                                "Node Type": "Hash Join",
                                "Parent Relationship": "Outer",
                                "Parallel Aware": true,
                                "Join Type": "Inner",
                                "Startup Cost": 115098.01,
                                "Total Cost": 153682.01,
                                "Plan Rows": 148,
                                "Plan Width": 0,
                                "Actual Startup Time": 645.547,
                                "Actual Total Time": 701.751,
                                "Actual Rows": 685,
                                "Actual Loops": 5,
                                "Inner Unique": false,
                                "Hash Cond": "(t.id = mk.movie_id)",
                                "Workers": [
                                    {
                                        "Worker Number": 0,
                                        "Actual Startup Time": 641.292,
                                        "Actual Total Time": 696.171,
                                        "Actual Rows": 830,
                                        "Actual Loops": 1
                                    },
                                    {
                                        "Worker Number": 1,
                                        "Actual Startup Time": 642.34,
                                        "Actual Total Time": 696.202,
                                        "Actual Rows": 629,
                                        "Actual Loops": 1
                                    },
                                    {
                                        "Worker Number": 2,
                                        "Actual Startup Time": 640.898,
                                        "Actual Total Time": 696.21,
                                        "Actual Rows": 736,
                                        "Actual Loops": 1
                                    },
                                    {
                                        "Worker Number": 3,
                                        "Actual Startup Time": 640.798,
                                        "Actual Total Time": 696.179,
                                        "Actual Rows": 493,
                                        "Actual Loops": 1
                                    }
                                ],
                                "Plans": [
                                    {
                                        "Node Type": "Bitmap Heap Scan",
                                        "Parent Relationship": "Outer",
                                        "Parallel Aware": true,
                                        "Relation Name": "title",
                                        "Schema": "public",
                                        "Alias": "t",
                                        "Startup Cost": 11967.72,
                                        "Total Cost": 50483.3,
                                        "Plan Rows": 139,
                                        "Plan Width": 4,
                                        "Actual Startup Time": 35.995,
                                        "Actual Total Time": 89.84,
                                        "Actual Rows": 643,
                                        "Actual Loops": 5,
                                        "Output": [
                                            "t.id",
                                            "t.title",
                                            "t.imdb_index",
                                            "t.kind_id",
                                            "t.production_year",
                                            "t.imdb_id",
                                            "t.phonetic_code",
                                            "t.episode_of_id",
                                            "t.season_nr",
                                            "t.episode_nr",
                                            "t.series_years",
                                            "t.md5sum"
                                        ],
                                        "Recheck Cond": "(t.kind_id = 1)",
                                        "Rows Removed by Index Recheck": 0,
                                        "Filter": "(t.production_year > 2013)",
                                        "Rows Removed by Filter": 131922,
                                        "Exact Heap Blocks": 2415,
                                        "Lossy Heap Blocks": 0,
                                        "Workers": [
                                            {
                                                "Worker Number": 0,
                                                "Actual Startup Time": 36.343,
                                                "Actual Total Time": 89.76,
                                                "Actual Rows": 624,
                                                "Actual Loops": 1
                                            },
                                            {
                                                "Worker Number": 1,
                                                "Actual Startup Time": 36.295,
                                                "Actual Total Time": 89.958,
                                                "Actual Rows": 709,
                                                "Actual Loops": 1
                                            },
                                            {
                                                "Worker Number": 2,
                                                "Actual Startup Time": 36.293,
                                                "Actual Total Time": 89.737,
                                                "Actual Rows": 635,
                                                "Actual Loops": 1
                                            },
                                            {
                                                "Worker Number": 3,
                                                "Actual Startup Time": 35.354,
                                                "Actual Total Time": 89.948,
                                                "Actual Rows": 619,
                                                "Actual Loops": 1
                                            }
                                        ],
                                        "Plans": [
                                            {
                                                "Node Type": "Bitmap Index Scan",
                                                "Parent Relationship": "Outer",
                                                "Parallel Aware": false,
                                                "Index Name": "kind_id_title",
                                                "Startup Cost": 0.0,
                                                "Total Cost": 11967.58,
                                                "Plan Rows": 671354,
                                                "Plan Width": 0,
                                                "Actual Startup Time": 32.266,
                                                "Actual Total Time": 32.267,
                                                "Actual Rows": 662825,
                                                "Actual Loops": 1,
                                                "Index Cond": "(t.kind_id = 1)",
                                                "Workers": [
                                                    {
                                                        "Worker Number": 1,
                                                        "Actual Startup Time": 32.266,
                                                        "Actual Total Time": 32.267,
                                                        "Actual Rows": 662825,
                                                        "Actual Loops": 1
                                                    }
                                                ]
                                            }
                                        ]
                                    },
                                    {
                                        "Node Type": "Hash",
                                        "Parent Relationship": "Inner",
                                        "Parallel Aware": true,
                                        "Startup Cost": 92294.01,
                                        "Total Cost": 92294.01,
                                        "Plan Rows": 866902,
                                        "Plan Width": 4,
                                        "Actual Startup Time": 600.137,
                                        "Actual Total Time": 600.138,
                                        "Actual Rows": 543011,
                                        "Actual Loops": 5,
                                        "Output": [
                                            "mk.movie_id"
                                        ],
                                        "Hash Buckets": 4194304,
                                        "Original Hash Buckets": 4194304,
                                        "Hash Batches": 1,
                                        "Original Hash Batches": 1,
                                        "Peak Memory Usage": 139072,
                                        "Workers": [
                                            {
                                                "Worker Number": 0,
                                                "Actual Startup Time": 604.178,
                                                "Actual Total Time": 604.18,
                                                "Actual Rows": 535041,
                                                "Actual Loops": 1
                                            },
                                            {
                                                "Worker Number": 1,
                                                "Actual Startup Time": 604.178,
                                                "Actual Total Time": 604.18,
                                                "Actual Rows": 540769,
                                                "Actual Loops": 1
                                            },
                                            {
                                                "Worker Number": 2,
                                                "Actual Startup Time": 604.21,
                                                "Actual Total Time": 604.212,
                                                "Actual Rows": 521312,
                                                "Actual Loops": 1
                                            },
                                            {
                                                "Worker Number": 3,
                                                "Actual Startup Time": 604.154,
                                                "Actual Total Time": 604.155,
                                                "Actual Rows": 536592,
                                                "Actual Loops": 1
                                            }
                                        ],
                                        "Plans": [
                                            {
                                                "Node Type": "Bitmap Heap Scan",
                                                "Parent Relationship": "Outer",
                                                "Parallel Aware": true,
                                                "Relation Name": "movie_keyword",
                                                "Schema": "public",
                                                "Alias": "mk",
                                                "Startup Cost": 57003.74,
                                                "Total Cost": 92294.01,
                                                "Plan Rows": 866902,
                                                "Plan Width": 4,
                                                "Actual Startup Time": 248.533,
                                                "Actual Total Time": 406.672,
                                                "Actual Rows": 543011,
                                                "Actual Loops": 5,
                                                "Output": [
                                                    "mk.movie_id"
                                                ],
                                                "Recheck Cond": "(mk.keyword_id < 7677)",
                                                "Rows Removed by Index Recheck": 0,
                                                "Exact Heap Blocks": 5216,
                                                "Lossy Heap Blocks": 0,
                                                "Workers": [
                                                    {
                                                        "Worker Number": 0,
                                                        "Actual Startup Time": 248.491,
                                                        "Actual Total Time": 406.709,
                                                        "Actual Rows": 535041,
                                                        "Actual Loops": 1
                                                    },
                                                    {
                                                        "Worker Number": 1,
                                                        "Actual Startup Time": 248.719,
                                                        "Actual Total Time": 406.965,
                                                        "Actual Rows": 540769,
                                                        "Actual Loops": 1
                                                    },
                                                    {
                                                        "Worker Number": 2,
                                                        "Actual Startup Time": 248.514,
                                                        "Actual Total Time": 408.6,
                                                        "Actual Rows": 521312,
                                                        "Actual Loops": 1
                                                    },
                                                    {
                                                        "Worker Number": 3,
                                                        "Actual Startup Time": 248.775,
                                                        "Actual Total Time": 406.109,
                                                        "Actual Rows": 536592,
                                                        "Actual Loops": 1
                                                    }
                                                ],
                                                "Plans": [
                                                    {
                                                        "Node Type": "Bitmap Index Scan",
                                                        "Parent Relationship": "Outer",
                                                        "Parallel Aware": false,
                                                        "Index Name": "keyword_id_movie_keyword",
                                                        "Startup Cost": 0.0,
                                                        "Total Cost": 56331.89,
                                                        "Plan Rows": 2687395,
                                                        "Plan Width": 0,
                                                        "Actual Startup Time": 242.374,
                                                        "Actual Total Time": 242.374,
                                                        "Actual Rows": 2715053,
                                                        "Actual Loops": 1,
                                                        "Index Cond": "(mk.keyword_id < 7677)"
                                                    }
                                                ]
                                            }
                                        ]
                                    }
                                ]
                            }
                        ]
                    }
                ]
            }
        ]
    },
    "Planning Time": 2.874,
    "Triggers": [],
    "Execution Time": 753.875
}