[
  {
    "Plan": {
      "Node Type": "Aggregate",
      "Strategy": "Plain",
      "Partial Mode": "Finalize",
      "Parallel Aware": false,
      "Startup Cost": 44948.2,
      "Total Cost": 44948.21,
      "Plan Rows": 1,
      "Plan Width": 8,
      "Actual Startup Time": 131.817,
      "Actual Total Time": 141.522,
      "Actual Rows": 1,
      "Actual Loops": 1,
      "Plans": [
        {
          "Node Type": "Gather",
          "Parent Relationship": "Outer",
          "Parallel Aware": false,
          "Startup Cost": 44947.88,
          "Total Cost": 44948.19,
          "Plan Rows": 3,
          "Plan Width": 8,
          "Actual Startup Time": 131.695,
          "Actual Total Time": 141.513,
          "Actual Rows": 4,
          "Actual Loops": 1,
          "Workers Planned": 3,
          "Workers Launched": 3,
          "Single Copy": false,
          "Plans": [
            {
              "Node Type": "Aggregate",
              "Strategy": "Plain",
              "Partial Mode": "Partial",
              "Parent Relationship": "Outer",
              "Parallel Aware": false,
              "Startup Cost": 43947.88,
              "Total Cost": 43947.89,
              "Plan Rows": 1,
              "Plan Width": 8,
              "Actual Startup Time": 126.11,
              "Actual Total Time": 126.111,
              "Actual Rows": 1,
              "Actual Loops": 4,
              "Plans": [
                {
                  "Node Type": "Seq Scan",
                  "Parent Relationship": "Outer",
                  "Parallel Aware": true,
                  "Relation Name": "movie_keyword",
                  "Alias": "mk",
                  "Startup Cost": 0.0,
                  "Total Cost": 42695.65,
                  "Plan Rows": 500892,
                  "Plan Width": 0,
                  "Actual Startup Time": 0.051,
                  "Actual Total Time": 107.493,
                  "Actual Rows": 391772,
                  "Actual Loops": 4,
                  "Filter": "(keyword_id < 2359)",
                  "Rows Removed by Filter": 739211
                }
              ]
            }
          ]
        }
      ]
    },
    "Planning Time": 0.223,
    "Triggers": [],
    "Execution Time": 141.573
  }
]