[
    {
        "Bao": {
            "Bao prediction": "NaN",
            "Bao recommended hint": "(no hint)"
        }
    },
    {
        "Plan": {
            "Node Type": "Aggregate",
            "Strategy": "Plain",
            "Partial Mode": "Finalize",
            "Parallel Aware": false,
            "Startup Cost": 31942.82,
            "Total Cost": 31942.83,
            "Plan Rows": 1,
            "Plan Width": 8,
            "Actual Startup Time": 76.806,
            "Actual Total Time": 80.661,
            "Actual Rows": 1,
            "Actual Loops": 1,
            "Output": [
                "count(*)"
            ],
            "Plans": [
                {
                    "Node Type": "Gather",
                    "Parent Relationship": "Outer",
                    "Parallel Aware": false,
                    "Startup Cost": 31942.5,
                    "Total Cost": 31942.81,
                    "Plan Rows": 3,
                    "Plan Width": 8,
                    "Actual Startup Time": 76.658,
                    "Actual Total Time": 80.655,
                    "Actual Rows": 4,
                    "Actual Loops": 1,
                    "Output": [
                        "(PARTIAL count(*))"
                    ],
                    "Workers Planned": 3,
                    "Workers Launched": 3,
                    "Single Copy": false,
                    "Plans": [
                        {
                            "Node Type": "Aggregate",
                            "Strategy": "Plain",
                            "Partial Mode": "Partial",
                            "Parent Relationship": "Outer",
                            "Parallel Aware": false,
                            "Startup Cost": 30942.5,
                            "Total Cost": 30942.51,
                            "Plan Rows": 1,
                            "Plan Width": 8,
                            "Actual Startup Time": 68.018,
                            "Actual Total Time": 68.019,
                            "Actual Rows": 1,
                            "Actual Loops": 4,
                            "Output": [
                                "PARTIAL count(*)"
                            ],
                            "Workers": [
                                {
                                    "Worker Number": 0,
                                    "Actual Startup Time": 65.07,
                                    "Actual Total Time": 65.071,
                                    "Actual Rows": 1,
                                    "Actual Loops": 1
                                },
                                {
                                    "Worker Number": 1,
                                    "Actual Startup Time": 65.249,
                                    "Actual Total Time": 65.25,
                                    "Actual Rows": 1,
                                    "Actual Loops": 1
                                },
                                {
                                    "Worker Number": 2,
                                    "Actual Startup Time": 65.376,
                                    "Actual Total Time": 65.377,
                                    "Actual Rows": 1,
                                    "Actual Loops": 1
                                }
                            ],
                            "Plans": [
                                {
                                    "Node Type": "Bitmap Heap Scan",
                                    "Parent Relationship": "Outer",
                                    "Parallel Aware": true,
                                    "Relation Name": "movie_companies",
                                    "Schema": "public",
                                    "Alias": "mc",
                                    "Startup Cost": 9771.6,
                                    "Total Cost": 30756.04,
                                    "Plan Rows": 74586,
                                    "Plan Width": 0,
                                    "Actual Startup Time": 20.421,
                                    "Actual Total Time": 60.869,
                                    "Actual Rows": 114103,
                                    "Actual Loops": 4,
                                    "Recheck Cond": "(mc.company_id > 76833)",
                                    "Rows Removed by Index Recheck": 0,
                                    "Filter": "(mc.company_type_id = 2)",
                                    "Rows Removed by Filter": 0,
                                    "Exact Heap Blocks": 3630,
                                    "Lossy Heap Blocks": 0,
                                    "Workers": [
                                        {
                                            "Worker Number": 0,
                                            "Actual Startup Time": 17.621,
                                            "Actual Total Time": 58.467,
                                            "Actual Rows": 75645,
                                            "Actual Loops": 1
                                        },
                                        {
                                            "Worker Number": 1,
                                            "Actual Startup Time": 17.697,
                                            "Actual Total Time": 58.625,
                                            "Actual Rows": 76416,
                                            "Actual Loops": 1
                                        },
                                        {
                                            "Worker Number": 2,
                                            "Actual Startup Time": 17.789,
                                            "Actual Total Time": 58.977,
                                            "Actual Rows": 77164,
                                            "Actual Loops": 1
                                        }
                                    ],
                                    "Plans": [
                                        {
                                            "Node Type": "Bitmap Index Scan",
                                            "Parent Relationship": "Outer",
                                            "Parallel Aware": false,
                                            "Index Name": "company_id_movie_companies",
                                            "Startup Cost": 0.0,
                                            "Total Cost": 9713.8,
                                            "Plan Rows": 453516,
                                            "Plan Width": 0,
                                            "Actual Startup Time": 27.672,
                                            "Actual Total Time": 27.673,
                                            "Actual Rows": 456412,
                                            "Actual Loops": 1,
                                            "Index Cond": "(mc.company_id > 76833)"
                                        }
                                    ]
                                }
                            ]
                        }
                    ]
                }
            ]
        },
        "Planning Time": 195.977,
        "Triggers": [],
        "Execution Time": 80.713
    }
]