[
  {
    "Plan": {
      "Node Type": "Aggregate",
      "Strategy": "Plain",
      "Partial Mode": "Finalize",
      "Parallel Aware": false,
      "Startup Cost": 96889.14,
      "Total Cost": 96889.15,
      "Plan Rows": 1,
      "Plan Width": 8,
      "Actual Startup Time": 1241.268,
      "Actual Total Time": 1291.679,
      "Actual Rows": 1,
      "Actual Loops": 1,
      "Plans": [
        {
          "Node Type": "Gather",
          "Parent Relationship": "Outer",
          "Parallel Aware": false,
          "Startup Cost": 96888.72,
          "Total Cost": 96889.13,
          "Plan Rows": 4,
          "Plan Width": 8,
          "Actual Startup Time": 1240.167,
          "Actual Total Time": 1291.669,
          "Actual Rows": 5,
          "Actual Loops": 1,
          "Workers Planned": 4,
          "Workers Launched": 4,
          "Single Copy": false,
          "Plans": [
            {
              "Node Type": "Aggregate",
              "Strategy": "Plain",
              "Partial Mode": "Partial",
              "Parent Relationship": "Outer",
              "Parallel Aware": false,
              "Startup Cost": 95888.72,
              "Total Cost": 95888.73,
              "Plan Rows": 1,
              "Plan Width": 8,
              "Actual Startup Time": 1236.483,
              "Actual Total Time": 1236.534,
              "Actual Rows": 1,
              "Actual Loops": 5,
              "Plans": [
                {
                  "Node Type": "Nested Loop",
                  "Parent Relationship": "Outer",
                  "Parallel Aware": false,
                  "Join Type": "Inner",
                  "Startup Cost": 24700.24,
                  "Total Cost": 95799.97,
                  "Plan Rows": 35499,
                  "Plan Width": 0,
                  "Actual Startup Time": 109.76,
                  "Actual Total Time": 1218.783,
                  "Actual Rows": 341023,
                  "Actual Loops": 5,
                  "Inner Unique": false,
                  "Plans": [
                    {
                      "Node Type": "Hash Join",
                      "Parent Relationship": "Outer",
                      "Parallel Aware": true,
                      "Join Type": "Inner",
                      "Startup Cost": 24699.68,
                      "Total Cost": 69460.55,
                      "Plan Rows": 7032,
                      "Plan Width": 8,
                      "Actual Startup Time": 109.692,
                      "Actual Total Time": 185.79,
                      "Actual Rows": 35769,
                      "Actual Loops": 5,
                      "Inner Unique": false,
                      "Hash Cond": "(t.id = mc.movie_id)",
                      "Plans": [
                        {
                          "Node Type": "Seq Scan",
                          "Parent Relationship": "Outer",
                          "Parallel Aware": true,
                          "Relation Name": "title",
                          "Alias": "t",
                          "Startup Cost": 0.0,
                          "Total Cost": 43899.01,
                          "Plan Rows": 167838,
                          "Plan Width": 4,
                          "Actual Startup Time": 27.239,
                          "Actual Total Time": 64.676,
                          "Actual Rows": 132565,
                          "Actual Loops": 5,
                          "Filter": "(kind_id = 1)",
                          "Rows Removed by Filter": 373097
                        },
                        {
                          "Node Type": "Hash",
                          "Parent Relationship": "Inner",
                          "Parallel Aware": true,
                          "Startup Cost": 24272.54,
                          "Total Cost": 24272.54,
                          "Plan Rows": 34171,
                          "Plan Width": 4,
                          "Actual Startup Time": 66.518,
                          "Actual Total Time": 66.52,
                          "Actual Rows": 42311,
                          "Actual Loops": 5,
                          "Hash Buckets": 262144,
                          "Original Hash Buckets": 131072,
                          "Hash Batches": 1,
                          "Original Hash Batches": 1,
                          "Peak Memory Usage": 11392,
                          "Plans": [
                            {
                              "Node Type": "Bitmap Heap Scan",
                              "Parent Relationship": "Outer",
                              "Parallel Aware": true,
                              "Relation Name": "movie_companies",
                              "Alias": "mc",
                              "Startup Cost": 4477.19,
                              "Total Cost": 24272.54,
                              "Plan Rows": 34171,
                              "Plan Width": 4,
                              "Actual Startup Time": 23.095,
                              "Actual Total Time": 45.594,
                              "Actual Rows": 42311,
                              "Actual Loops": 5,
                              "Recheck Cond": "(company_id > 110115)",
                              "Rows Removed by Index Recheck": 0,
                              "Filter": "(company_type_id = 2)",
                              "Rows Removed by Filter": 0,
                              "Exact Heap Blocks": 1419,
                              "Lossy Heap Blocks": 0,
                              "Plans": [
                                {
                                  "Node Type": "Bitmap Index Scan",
                                  "Parent Relationship": "Outer",
                                  "Parallel Aware": false,
                                  "Index Name": "company_id_movie_companies",
                                  "Startup Cost": 0.0,
                                  "Total Cost": 4450.71,
                                  "Plan Rows": 207771,
                                  "Plan Width": 0,
                                  "Actual Startup Time": 21.892,
                                  "Actual Total Time": 21.892,
                                  "Actual Rows": 211553,
                                  "Actual Loops": 1,
                                  "Index Cond": "(company_id > 110115)"
                                }
                              ]
                            }
                          ]
                        }
                      ]
                    },
                    {
                      "Node Type": "Index Scan",
                      "Parent Relationship": "Inner",
                      "Parallel Aware": false,
                      "Scan Direction": "Forward",
                      "Index Name": "movie_id_cast_info",
                      "Relation Name": "cast_info",
                      "Alias": "ci",
                      "Startup Cost": 0.56,
                      "Total Cost": 3.61,
                      "Plan Rows": 14,
                      "Plan Width": 4,
                      "Actual Startup Time": 0.007,
                      "Actual Total Time": 0.028,
                      "Actual Rows": 10,
                      "Actual Loops": 178844,
                      "Index Cond": "(movie_id = t.id)",
                      "Rows Removed by Index Recheck": 0,
                      "Filter": "(role_id = 1)",
                      "Rows Removed by Filter": 17
                    }
                  ]
                }
              ]
            }
          ]
        }
      ]
    },
    "Planning Time": 1.198,
    "Triggers": [],
    "Execution Time": 1291.785
  }
]