{
    "Plan": {
        "Node Type": "Aggregate",
        "Strategy": "Plain",
        "Partial Mode": "Finalize",
        "Parallel Aware": false,
        "Startup Cost": 91063.33,
        "Total Cost": 91063.34,
        "Plan Rows": 1,
        "Plan Width": 8,
        "Actual Startup Time": 269.963,
        "Actual Total Time": 295.011,
        "Actual Rows": 1,
        "Actual Loops": 1,
        "Output": [
            "count(*)"
        ],
        "Plans": [
            {
                "Node Type": "Gather",
                "Parent Relationship": "Outer",
                "Parallel Aware": false,
                "Startup Cost": 91063.02,
                "Total Cost": 91063.33,
                "Plan Rows": 3,
                "Plan Width": 8,
                "Actual Startup Time": 269.601,
                "Actual Total Time": 294.994,
                "Actual Rows": 4,
                "Actual Loops": 1,
                "Output": [
                    "(PARTIAL count(*))"
                ],
                "Workers Planned": 3,
                "Workers Launched": 3,
                "Single Copy": false,
                "Plans": [
                    {
                        "Node Type": "Aggregate",
                        "Strategy": "Plain",
                        "Partial Mode": "Partial",
                        "Parent Relationship": "Outer",
                        "Parallel Aware": false,
                        "Startup Cost": 90063.02,
                        "Total Cost": 90063.03,
                        "Plan Rows": 1,
                        "Plan Width": 8,
                        "Actual Startup Time": 260.851,
                        "Actual Total Time": 260.854,
                        "Actual Rows": 1,
                        "Actual Loops": 4,
                        "Output": [
                            "PARTIAL count(*)"
                        ],
                        "Workers": [
                            {
                                "Worker Number": 0,
                                "Actual Startup Time": 257.752,
                                "Actual Total Time": 257.755,
                                "Actual Rows": 1,
                                "Actual Loops": 1
                            },
                            {
                                "Worker Number": 1,
                                "Actual Startup Time": 258.01,
                                "Actual Total Time": 258.012,
                                "Actual Rows": 1,
                                "Actual Loops": 1
                            },
                            {
                                "Worker Number": 2,
                                "Actual Startup Time": 258.505,
                                "Actual Total Time": 258.508,
                                "Actual Rows": 1,
                                "Actual Loops": 1
                            }
                        ],
                        "Plans": [
                            {
                                "Node Type": "Hash Join",
                                "Parent Relationship": "Outer",
                                "Parallel Aware": true,
                                "Join Type": "Inner",
                                "Startup Cost": 45656.12,
                                "Total Cost": 90027.29,
                                "Plan Rows": 14292,
                                "Plan Width": 0,
                                "Actual Startup Time": 105.296,
                                "Actual Total Time": 260.712,
                                "Actual Rows": 3011,
                                "Actual Loops": 4,
                                "Inner Unique": true,
                                "Hash Cond": "(mk.movie_id = t.id)",
                                "Workers": [
                                    {
                                        "Worker Number": 0,
                                        "Actual Startup Time": 102.005,
                                        "Actual Total Time": 257.619,
                                        "Actual Rows": 2857,
                                        "Actual Loops": 1
                                    },
                                    {
                                        "Worker Number": 1,
                                        "Actual Startup Time": 102.325,
                                        "Actual Total Time": 257.87,
                                        "Actual Rows": 2968,
                                        "Actual Loops": 1
                                    },
                                    {
                                        "Worker Number": 2,
                                        "Actual Startup Time": 103.114,
                                        "Actual Total Time": 258.375,
                                        "Actual Rows": 2788,
                                        "Actual Loops": 1
                                    }
                                ],
                                "Plans": [
                                    {
                                        "Node Type": "Seq Scan",
                                        "Parent Relationship": "Outer",
                                        "Parallel Aware": true,
                                        "Relation Name": "movie_keyword",
                                        "Schema": "public",
                                        "Alias": "mk",
                                        "Startup Cost": 0.0,
                                        "Total Cost": 42695.65,
                                        "Plan Rows": 638291,
                                        "Plan Width": 4,
                                        "Actual Startup Time": 0.369,
                                        "Actual Total Time": 117.386,
                                        "Actual Rows": 489840,
                                        "Actual Loops": 4,
                                        "Output": [
                                            "mk.id",
                                            "mk.movie_id",
                                            "mk.keyword_id"
                                        ],
                                        "Filter": "(mk.keyword_id > 6507)",
                                        "Rows Removed by Filter": 641142,
                                        "Workers": [
                                            {
                                                "Worker Number": 0,
                                                "Actual Startup Time": 0.319,
                                                "Actual Total Time": 119.32,
                                                "Actual Rows": 457263,
                                                "Actual Loops": 1
                                            },
                                            {
                                                "Worker Number": 1,
                                                "Actual Startup Time": 0.32,
                                                "Actual Total Time": 117.242,
                                                "Actual Rows": 467186,
                                                "Actual Loops": 1
                                            },
                                            {
                                                "Worker Number": 2,
                                                "Actual Startup Time": 0.395,
                                                "Actual Total Time": 119.403,
                                                "Actual Rows": 456269,
                                                "Actual Loops": 1
                                            }
                                        ]
                                    },
                                    {
                                        "Node Type": "Hash",
                                        "Parent Relationship": "Inner",
                                        "Parallel Aware": true,
                                        "Startup Cost": 45479.21,
                                        "Total Cost": 45479.21,
                                        "Plan Rows": 14153,
                                        "Plan Width": 4,
                                        "Actual Startup Time": 103.72,
                                        "Actual Total Time": 103.721,
                                        "Actual Rows": 15688,
                                        "Actual Loops": 4,
                                        "Output": [
                                            "t.id"
                                        ],
                                        "Hash Buckets": 65536,
                                        "Original Hash Buckets": 65536,
                                        "Hash Batches": 1,
                                        "Original Hash Batches": 1,
                                        "Peak Memory Usage": 3040,
                                        "Workers": [
                                            {
                                                "Worker Number": 0,
                                                "Actual Startup Time": 100.66,
                                                "Actual Total Time": 100.661,
                                                "Actual Rows": 13110,
                                                "Actual Loops": 1
                                            },
                                            {
                                                "Worker Number": 1,
                                                "Actual Startup Time": 100.967,
                                                "Actual Total Time": 100.968,
                                                "Actual Rows": 13565,
                                                "Actual Loops": 1
                                            },
                                            {
                                                "Worker Number": 2,
                                                "Actual Startup Time": 101.505,
                                                "Actual Total Time": 101.506,
                                                "Actual Rows": 13175,
                                                "Actual Loops": 1
                                            }
                                        ],
                                        "Plans": [
                                            {
                                                "Node Type": "Seq Scan",
                                                "Parent Relationship": "Outer",
                                                "Parallel Aware": true,
                                                "Relation Name": "title",
                                                "Schema": "public",
                                                "Alias": "t",
                                                "Startup Cost": 0.0,
                                                "Total Cost": 45479.21,
                                                "Plan Rows": 14153,
                                                "Plan Width": 4,
                                                "Actual Startup Time": 0.057,
                                                "Actual Total Time": 97.211,
                                                "Actual Rows": 15688,
                                                "Actual Loops": 4,
                                                "Output": [
                                                    "t.id"
                                                ],
                                                "Filter": "((t.kind_id = 7) AND (t.production_year = 2005))",
                                                "Rows Removed by Filter": 616390,
                                                "Workers": [
                                                    {
                                                        "Worker Number": 0,
                                                        "Actual Startup Time": 0.083,
                                                        "Actual Total Time": 94.573,
                                                        "Actual Rows": 13110,
                                                        "Actual Loops": 1
                                                    },
                                                    {
                                                        "Worker Number": 1,
                                                        "Actual Startup Time": 0.068,
                                                        "Actual Total Time": 94.517,
                                                        "Actual Rows": 13565,
                                                        "Actual Loops": 1
                                                    },
                                                    {
                                                        "Worker Number": 2,
                                                        "Actual Startup Time": 0.056,
                                                        "Actual Total Time": 95.742,
                                                        "Actual Rows": 13175,
                                                        "Actual Loops": 1
                                                    }
                                                ]
                                            }
                                        ]
                                    }
                                ]
                            }
                        ]
                    }
                ]
            }
        ]
    },
    "Planning Time": 0.477,
    "Triggers": [],
    "Execution Time": 295.092
}