{
  "Plan": {
    "Node Type": "Aggregate",
    "Strategy": "Plain",
    "Partial Mode": "Finalize",
    "Parallel Aware": false,
    "Startup Cost": 211238.28,
    "Total Cost": 211238.29,
    "Plan Rows": 1,
    "Plan Width": 8,
    "Actual Startup Time": 1193.383,
    "Actual Total Time": 1229.422,
    "Actual Rows": 1,
    "Actual Loops": 1,
    "Plans": [
      {
        "Node Type": "Gather",
        "Parent Relationship": "Outer",
        "Parallel Aware": false,
        "Startup Cost": 211238.16,
        "Total Cost": 211238.27,
        "Plan Rows": 1,
        "Plan Width": 8,
        "Actual Startup Time": 1193.223,
        "Actual Total Time": 1229.415,
        "Actual Rows": 2,
        "Actual Loops": 1,
        "Workers Planned": 1,
        "Workers Launched": 1,
        "Single Copy": false,
        "Plans": [
          {
            "Node Type": "Aggregate",
            "Strategy": "Plain",
            "Partial Mode": "Partial",
            "Parent Relationship": "Outer",
            "Parallel Aware": false,
            "Startup Cost": 210238.16,
            "Total Cost": 210238.17,
            "Plan Rows": 1,
            "Plan Width": 8,
            "Actual Startup Time": 1187.423,
            "Actual Total Time": 1187.429,
            "Actual Rows": 1,
            "Actual Loops": 2,
            "Plans": [
              {
                "Node Type": "Nested Loop",
                "Parent Relationship": "Outer",
                "Parallel Aware": false,
                "Join Type": "Inner",
                "Startup Cost": 55080.85,
                "Total Cost": 210148.76,
                "Plan Rows": 35762,
                "Plan Width": 0,
                "Actual Startup Time": 139.044,
                "Actual Total Time": 1181.022,
                "Actual Rows": 118026,
                "Actual Loops": 2,
                "Inner Unique": false,
                "Join Filter": "(t.id = mi.movie_id)",
                "Rows Removed by Join Filter": 0,
                "Plans": [
                  {
                    "Node Type": "Hash Join",
                    "Parent Relationship": "Outer",
                    "Parallel Aware": true,
                    "Join Type": "Inner",
                    "Startup Cost": 55080.41,
                    "Total Cost": 118640.69,
                    "Plan Rows": 58902,
                    "Plan Width": 8,
                    "Actual Startup Time": 138.966,
                    "Actual Total Time": 457.381,
                    "Actual Rows": 59508,
                    "Actual Loops": 2,
                    "Inner Unique": true,
                    "Hash Cond": "(mk.movie_id = t.id)",
                    "Plans": [
                      {
                        "Node Type": "Seq Scan",
                        "Parent Relationship": "Outer",
                        "Parallel Aware": true,
                        "Relation Name": "movie_keyword",
                        "Alias": "mk",
                        "Startup Cost": 0.0,
                        "Total Cost": 57718.19,
                        "Plan Rows": 2225551,
                        "Plan Width": 4,
                        "Actual Startup Time": 0.049,
                        "Actual Total Time": 186.914,
                        "Actual Rows": 1884170,
                        "Actual Loops": 2,
                        "Filter": "(keyword_id > 687)",
                        "Rows Removed by Filter": 377796
                      },
                      {
                        "Node Type": "Hash",
                        "Parent Relationship": "Inner",
                        "Parallel Aware": true,
                        "Startup Cost": 54588.39,
                        "Total Cost": 54588.39,
                        "Plan Rows": 39362,
                        "Plan Width": 4,
                        "Actual Startup Time": 137.366,
                        "Actual Total Time": 137.367,
                        "Actual Rows": 33888,
                        "Actual Loops": 2,
                        "Hash Buckets": 131072,
                        "Original Hash Buckets": 131072,
                        "Hash Batches": 1,
                        "Original Hash Batches": 1,
                        "Peak Memory Usage": 3712,
                        "Plans": [
                          {
                            "Node Type": "Seq Scan",
                            "Parent Relationship": "Outer",
                            "Parallel Aware": true,
                            "Relation Name": "title",
                            "Alias": "t",
                            "Startup Cost": 0.0,
                            "Total Cost": 54588.39,
                            "Plan Rows": 39362,
                            "Plan Width": 4,
                            "Actual Startup Time": 0.034,
                            "Actual Total Time": 126.883,
                            "Actual Rows": 33888,
                            "Actual Loops": 2,
                            "Filter": "(production_year = 2003)",
                            "Rows Removed by Filter": 1230268
                          }
                        ]
                      }
                    ]
                  },
                  {
                    "Node Type": "Index Scan",
                    "Parent Relationship": "Inner",
                    "Parallel Aware": false,
                    "Scan Direction": "Forward",
                    "Index Name": "movie_id_movie_info",
                    "Relation Name": "movie_info",
                    "Alias": "mi",
                    "Startup Cost": 0.43,
                    "Total Cost": 1.5,
                    "Plan Rows": 4,
                    "Plan Width": 4,
                    "Actual Startup Time": 0.012,
                    "Actual Total Time": 0.012,
                    "Actual Rows": 2,
                    "Actual Loops": 119015,
                    "Index Cond": "(movie_id = mk.movie_id)",
                    "Rows Removed by Index Recheck": 0,
                    "Filter": "(info_type_id = 3)",
                    "Rows Removed by Filter": 73
                  }
                ]
              }
            ]
          }
        ]
      }
    ]
  },
  "Planning Time": 0.622,
  "Triggers": [],
  "Execution Time": 1229.491
}