{
  "Plan": {
    "Node Type": "Aggregate",
    "Strategy": "Plain",
    "Partial Mode": "Finalize",
    "Parallel Aware": false,
    "Startup Cost": 95293.58,
    "Total Cost": 95293.59,
    "Plan Rows": 1,
    "Plan Width": 8,
    "Actual Startup Time": 321.053,
    "Actual Total Time": 333.588,
    "Actual Rows": 1,
    "Actual Loops": 1,
    "Plans": [
      {
        "Node Type": "Gather",
        "Parent Relationship": "Outer",
        "Parallel Aware": false,
        "Startup Cost": 95293.46,
        "Total Cost": 95293.57,
        "Plan Rows": 1,
        "Plan Width": 8,
        "Actual Startup Time": 320.648,
        "Actual Total Time": 333.578,
        "Actual Rows": 2,
        "Actual Loops": 1,
        "Workers Planned": 1,
        "Workers Launched": 1,
        "Single Copy": false,
        "Plans": [
          {
            "Node Type": "Aggregate",
            "Strategy": "Plain",
            "Partial Mode": "Partial",
            "Parent Relationship": "Outer",
            "Parallel Aware": false,
            "Startup Cost": 94293.46,
            "Total Cost": 94293.47,
            "Plan Rows": 1,
            "Plan Width": 8,
            "Actual Startup Time": 314.525,
            "Actual Total Time": 314.529,
            "Actual Rows": 1,
            "Actual Loops": 2,
            "Plans": [
              {
                "Node Type": "Hash Join",
                "Parent Relationship": "Outer",
                "Parallel Aware": true,
                "Join Type": "Inner",
                "Startup Cost": 69261.19,
                "Total Cost": 94274.84,
                "Plan Rows": 7449,
                "Plan Width": 0,
                "Actual Startup Time": 273.17,
                "Actual Total Time": 314.293,
                "Actual Rows": 2732,
                "Actual Loops": 2,
                "Inner Unique": true,
                "Hash Cond": "(mc.movie_id = t.id)",
                "Plans": [
                  {
                    "Node Type": "Bitmap Heap Scan",
                    "Parent Relationship": "Outer",
                    "Parallel Aware": true,
                    "Relation Name": "movie_companies",
                    "Alias": "mc",
                    "Startup Cost": 13957.07,
                    "Total Cost": 38462.86,
                    "Plan Rows": 193473,
                    "Plan Width": 4,
                    "Actual Startup Time": 119.841,
                    "Actual Total Time": 144.535,
                    "Actual Rows": 90996,
                    "Actual Loops": 2,
                    "Recheck Cond": "(company_id < 859)",
                    "Rows Removed by Index Recheck": 0,
                    "Filter": "(company_type_id > 1)",
                    "Rows Removed by Filter": 230644,
                    "Exact Heap Blocks": 10065,
                    "Lossy Heap Blocks": 0,
                    "Plans": [
                      {
                        "Node Type": "Bitmap Index Scan",
                        "Parent Relationship": "Outer",
                        "Parallel Aware": false,
                        "Index Name": "company_id_movie_companies",
                        "Startup Cost": 0.0,
                        "Total Cost": 13874.85,
                        "Plan Rows": 647789,
                        "Plan Width": 0,
                        "Actual Startup Time": 64.142,
                        "Actual Total Time": 64.143,
                        "Actual Rows": 643278,
                        "Actual Loops": 1,
                        "Index Cond": "(company_id < 859)"
                      }
                    ]
                  },
                  {
                    "Node Type": "Hash",
                    "Parent Relationship": "Inner",
                    "Parallel Aware": true,
                    "Startup Cost": 54588.39,
                    "Total Cost": 54588.39,
                    "Plan Rows": 57258,
                    "Plan Width": 4,
                    "Actual Startup Time": 151.231,
                    "Actual Total Time": 151.231,
                    "Actual Rows": 47502,
                    "Actual Loops": 2,
                    "Hash Buckets": 131072,
                    "Original Hash Buckets": 131072,
                    "Hash Batches": 1,
                    "Original Hash Batches": 1,
                    "Peak Memory Usage": 4768,
                    "Plans": [
                      {
                        "Node Type": "Seq Scan",
                        "Parent Relationship": "Outer",
                        "Parallel Aware": true,
                        "Relation Name": "title",
                        "Alias": "t",
                        "Startup Cost": 0.0,
                        "Total Cost": 54588.39,
                        "Plan Rows": 57258,
                        "Plan Width": 4,
                        "Actual Startup Time": 0.036,
                        "Actual Total Time": 136.743,
                        "Actual Rows": 47502,
                        "Actual Loops": 2,
                        "Filter": "(production_year = 2005)",
                        "Rows Removed by Filter": 1216654
                      }
                    ]
                  }
                ]
              }
            ]
          }
        ]
      }
    ]
  },
  "Planning Time": 0.488,
  "Triggers": [],
  "Execution Time": 333.697
}