{
  "Plan": {
    "Node Type": "Aggregate",
    "Strategy": "Plain",
    "Partial Mode": "Finalize",
    "Parallel Aware": false,
    "Startup Cost": 477452.63,
    "Total Cost": 477452.64,
    "Plan Rows": 1,
    "Plan Width": 8,
    "Actual Startup Time": 1227.051,
    "Actual Total Time": 1265.826,
    "Actual Rows": 1,
    "Actual Loops": 1,
    "Plans": [
      {
        "Node Type": "Gather",
        "Parent Relationship": "Outer",
        "Parallel Aware": false,
        "Startup Cost": 477452.52,
        "Total Cost": 477452.63,
        "Plan Rows": 1,
        "Plan Width": 8,
        "Actual Startup Time": 1226.325,
        "Actual Total Time": 1265.818,
        "Actual Rows": 2,
        "Actual Loops": 1,
        "Workers Planned": 1,
        "Workers Launched": 1,
        "Single Copy": false,
        "Plans": [
          {
            "Node Type": "Aggregate",
            "Strategy": "Plain",
            "Partial Mode": "Partial",
            "Parent Relationship": "Outer",
            "Parallel Aware": false,
            "Startup Cost": 476452.52,
            "Total Cost": 476452.53,
            "Plan Rows": 1,
            "Plan Width": 8,
            "Actual Startup Time": 1222.57,
            "Actual Total Time": 1222.573,
            "Actual Rows": 1,
            "Actual Loops": 2,
            "Plans": [
              {
                "Node Type": "Hash Join",
                "Parent Relationship": "Outer",
                "Parallel Aware": true,
                "Join Type": "Inner",
                "Startup Cost": 61502.15,
                "Total Cost": 474487.04,
                "Plan Rows": 786193,
                "Plan Width": 0,
                "Actual Startup Time": 771.674,
                "Actual Total Time": 1215.686,
                "Actual Rows": 159306,
                "Actual Loops": 2,
                "Inner Unique": true,
                "Hash Cond": "(ci.movie_id = t.id)",
                "Plans": [
                  {
                    "Node Type": "Index Scan",
                    "Parent Relationship": "Outer",
                    "Parallel Aware": true,
                    "Scan Direction": "Forward",
                    "Index Name": "role_id_cast_info",
                    "Relation Name": "cast_info",
                    "Alias": "ci",
                    "Startup Cost": 0.56,
                    "Total Cost": 400977.7,
                    "Plan Rows": 4574375,
                    "Plan Width": 4,
                    "Actual Startup Time": 580.076,
                    "Actual Total Time": 800.469,
                    "Actual Rows": 1397374,
                    "Actual Loops": 2,
                    "Index Cond": "(role_id < 2)",
                    "Rows Removed by Index Recheck": 0,
                    "Filter": "(person_id > 1345878)",
                    "Rows Removed by Filter": 4937970
                  },
                  {
                    "Node Type": "Hash",
                    "Parent Relationship": "Inner",
                    "Parallel Aware": true,
                    "Startup Cost": 58306.47,
                    "Total Cost": 58306.47,
                    "Plan Rows": 255609,
                    "Plan Width": 4,
                    "Actual Startup Time": 185.837,
                    "Actual Total Time": 185.838,
                    "Actual Rows": 148086,
                    "Actual Loops": 2,
                    "Hash Buckets": 524288,
                    "Original Hash Buckets": 524288,
                    "Hash Batches": 1,
                    "Original Hash Batches": 1,
                    "Peak Memory Usage": 15712,
                    "Plans": [
                      {
                        "Node Type": "Seq Scan",
                        "Parent Relationship": "Outer",
                        "Parallel Aware": true,
                        "Relation Name": "title",
                        "Alias": "t",
                        "Startup Cost": 0.0,
                        "Total Cost": 58306.47,
                        "Plan Rows": 255609,
                        "Plan Width": 4,
                        "Actual Startup Time": 0.026,
                        "Actual Total Time": 144.973,
                        "Actual Rows": 148086,
                        "Actual Loops": 2,
                        "Filter": "((kind_id > 3) AND (production_year < 1989))",
                        "Rows Removed by Filter": 1116070
                      }
                    ]
                  }
                ]
              }
            ]
          }
        ]
      }
    ]
  },
  "Planning Time": 0.642,
  "Triggers": [],
  "Execution Time": 1265.912
}