[
  {
    "Plan": {
      "Node Type": "Aggregate",
      "Strategy": "Plain",
      "Partial Mode": "Finalize",
      "Parallel Aware": false,
      "Startup Cost": 46122.58,
      "Total Cost": 46122.59,
      "Plan Rows": 1,
      "Plan Width": 8,
      "Actual Startup Time": 166.191,
      "Actual Total Time": 175.536,
      "Actual Rows": 1,
      "Actual Loops": 1,
      "Plans": [
        {
          "Node Type": "Gather",
          "Parent Relationship": "Outer",
          "Parallel Aware": false,
          "Startup Cost": 46122.26,
          "Total Cost": 46122.57,
          "Plan Rows": 3,
          "Plan Width": 8,
          "Actual Startup Time": 166.07,
          "Actual Total Time": 175.526,
          "Actual Rows": 4,
          "Actual Loops": 1,
          "Workers Planned": 3,
          "Workers Launched": 3,
          "Single Copy": false,
          "Plans": [
            {
              "Node Type": "Aggregate",
              "Strategy": "Plain",
              "Partial Mode": "Partial",
              "Parent Relationship": "Outer",
              "Parallel Aware": false,
              "Startup Cost": 45122.26,
              "Total Cost": 45122.27,
              "Plan Rows": 1,
              "Plan Width": 8,
              "Actual Startup Time": 160.986,
              "Actual Total Time": 160.987,
              "Actual Rows": 1,
              "Actual Loops": 4,
              "Plans": [
                {
                  "Node Type": "Seq Scan",
                  "Parent Relationship": "Outer",
                  "Parallel Aware": true,
                  "Relation Name": "movie_keyword",
                  "Alias": "mk",
                  "Startup Cost": 0.0,
                  "Total Cost": 42695.65,
                  "Plan Rows": 970644,
                  "Plan Width": 0,
                  "Actual Startup Time": 0.039,
                  "Actual Total Time": 124.868,
                  "Actual Rows": 750318,
                  "Actual Loops": 4,
                  "Filter": "(keyword_id < 10563)",
                  "Rows Removed by Filter": 380664
                }
              ]
            }
          ]
        }
      ]
    },
    "Planning Time": 0.181,
    "Triggers": [],
    "Execution Time": 175.593
  }
]