[
  {
    "Plan": {
      "Node Type": "Aggregate",
      "Strategy": "Plain",
      "Partial Mode": "Finalize",
      "Parallel Aware": false,
      "Startup Cost": 63927.25,
      "Total Cost": 63927.26,
      "Plan Rows": 1,
      "Plan Width": 8,
      "Actual Startup Time": 274.567,
      "Actual Total Time": 290.939,
      "Actual Rows": 1,
      "Actual Loops": 1,
      "Plans": [
        {
          "Node Type": "Gather",
          "Parent Relationship": "Outer",
          "Parallel Aware": false,
          "Startup Cost": 63927.03,
          "Total Cost": 63927.24,
          "Plan Rows": 2,
          "Plan Width": 8,
          "Actual Startup Time": 273.125,
          "Actual Total Time": 290.93,
          "Actual Rows": 3,
          "Actual Loops": 1,
          "Workers Planned": 2,
          "Workers Launched": 2,
          "Single Copy": false,
          "Plans": [
            {
              "Node Type": "Aggregate",
              "Strategy": "Plain",
              "Partial Mode": "Partial",
              "Parent Relationship": "Outer",
              "Parallel Aware": false,
              "Startup Cost": 62927.03,
              "Total Cost": 62927.04,
              "Plan Rows": 1,
              "Plan Width": 8,
              "Actual Startup Time": 268.91,
              "Actual Total Time": 268.913,
              "Actual Rows": 1,
              "Actual Loops": 3,
              "Plans": [
                {
                  "Node Type": "Hash Join",
                  "Parent Relationship": "Outer",
                  "Parallel Aware": true,
                  "Join Type": "Inner",
                  "Startup Cost": 47196.49,
                  "Total Cost": 62822.81,
                  "Plan Rows": 41690,
                  "Plan Width": 0,
                  "Actual Startup Time": 208.632,
                  "Actual Total Time": 266.28,
                  "Actual Rows": 52107,
                  "Actual Loops": 3,
                  "Inner Unique": true,
                  "Hash Cond": "(mi_idx.movie_id = t.id)",
                  "Plans": [
                    {
                      "Node Type": "Seq Scan",
                      "Parent Relationship": "Outer",
                      "Parallel Aware": true,
                      "Relation Name": "movie_info_idx",
                      "Alias": "mi_idx",
                      "Startup Cost": 0.0,
                      "Total Cost": 15122.68,
                      "Plan Rows": 191863,
                      "Plan Width": 4,
                      "Actual Startup Time": 0.012,
                      "Actual Total Time": 48.647,
                      "Actual Rows": 153308,
                      "Actual Loops": 3,
                      "Filter": "(info_type_id = 100)",
                      "Rows Removed by Filter": 306703
                    },
                    {
                      "Node Type": "Hash",
                      "Parent Relationship": "Inner",
                      "Parallel Aware": true,
                      "Startup Cost": 45479.59,
                      "Total Cost": 45479.59,
                      "Plan Rows": 137352,
                      "Plan Width": 4,
                      "Actual Startup Time": 173.743,
                      "Actual Total Time": 173.744,
                      "Actual Rows": 143285,
                      "Actual Loops": 3,
                      "Hash Buckets": 1048576,
                      "Original Hash Buckets": 1048576,
                      "Hash Batches": 1,
                      "Original Hash Batches": 1,
                      "Peak Memory Usage": 25056,
                      "Plans": [
                        {
                          "Node Type": "Seq Scan",
                          "Parent Relationship": "Outer",
                          "Parallel Aware": true,
                          "Relation Name": "title",
                          "Alias": "t",
                          "Startup Cost": 0.0,
                          "Total Cost": 45479.59,
                          "Plan Rows": 137352,
                          "Plan Width": 4,
                          "Actual Startup Time": 47.602,
                          "Actual Total Time": 128.345,
                          "Actual Rows": 143285,
                          "Actual Loops": 3,
                          "Filter": "((production_year > 1969) AND (kind_id = 1))",
                          "Rows Removed by Filter": 699486
                        }
                      ]
                    }
                  ]
                }
              ]
            }
          ]
        }
      ]
    },
    "Planning Time": 0.332,
    "Triggers": [],
    "Execution Time": 290.993
  }
]