[
  {
    "Plan": {
      "Node Type": "Aggregate",
      "Strategy": "Plain",
      "Partial Mode": "Finalize",
      "Parallel Aware": false,
      "Startup Cost": 46085.43,
      "Total Cost": 46085.44,
      "Plan Rows": 1,
      "Plan Width": 8,
      "Actual Startup Time": 160.492,
      "Actual Total Time": 170.501,
      "Actual Rows": 1,
      "Actual Loops": 1,
      "Plans": [
        {
          "Node Type": "Gather",
          "Parent Relationship": "Outer",
          "Parallel Aware": false,
          "Startup Cost": 46085.11,
          "Total Cost": 46085.42,
          "Plan Rows": 3,
          "Plan Width": 8,
          "Actual Startup Time": 160.385,
          "Actual Total Time": 170.492,
          "Actual Rows": 4,
          "Actual Loops": 1,
          "Workers Planned": 3,
          "Workers Launched": 3,
          "Single Copy": false,
          "Plans": [
            {
              "Node Type": "Aggregate",
              "Strategy": "Plain",
              "Partial Mode": "Partial",
              "Parent Relationship": "Outer",
              "Parallel Aware": false,
              "Startup Cost": 45085.11,
              "Total Cost": 45085.12,
              "Plan Rows": 1,
              "Plan Width": 8,
              "Actual Startup Time": 152.057,
              "Actual Total Time": 152.058,
              "Actual Rows": 1,
              "Actual Loops": 4,
              "Plans": [
                {
                  "Node Type": "Seq Scan",
                  "Parent Relationship": "Outer",
                  "Parallel Aware": true,
                  "Relation Name": "movie_keyword",
                  "Alias": "mk",
                  "Startup Cost": 0.0,
                  "Total Cost": 42695.65,
                  "Plan Rows": 955784,
                  "Plan Width": 0,
                  "Actual Startup Time": 0.37,
                  "Actual Total Time": 119.279,
                  "Actual Rows": 736710,
                  "Actual Loops": 4,
                  "Filter": "(keyword_id > 2387)",
                  "Rows Removed by Filter": 394272
                }
              ]
            }
          ]
        }
      ]
    },
    "Planning Time": 0.181,
    "Triggers": [],
    "Execution Time": 170.556
  }
]