[
  {
    "Plan": {
      "Node Type": "Aggregate",
      "Strategy": "Plain",
      "Partial Mode": "Finalize",
      "Parallel Aware": false,
      "Startup Cost": 232853.39,
      "Total Cost": 232853.4,
      "Plan Rows": 1,
      "Plan Width": 8,
      "Actual Startup Time": 434.941,
      "Actual Total Time": 453.204,
      "Actual Rows": 1,
      "Actual Loops": 1,
      "Plans": [
        {
          "Node Type": "Gather",
          "Parent Relationship": "Outer",
          "Parallel Aware": false,
          "Startup Cost": 232852.86,
          "Total Cost": 232853.37,
          "Plan Rows": 5,
          "Plan Width": 8,
          "Actual Startup Time": 426.344,
          "Actual Total Time": 453.193,
          "Actual Rows": 6,
          "Actual Loops": 1,
          "Workers Planned": 5,
          "Workers Launched": 5,
          "Single Copy": false,
          "Plans": [
            {
              "Node Type": "Aggregate",
              "Strategy": "Plain",
              "Partial Mode": "Partial",
              "Parent Relationship": "Outer",
              "Parallel Aware": false,
              "Startup Cost": 231852.86,
              "Total Cost": 231852.87,
              "Plan Rows": 1,
              "Plan Width": 8,
              "Actual Startup Time": 414.111,
              "Actual Total Time": 414.115,
              "Actual Rows": 1,
              "Actual Loops": 6,
              "Plans": [
                {
                  "Node Type": "Hash Join",
                  "Parent Relationship": "Outer",
                  "Parallel Aware": true,
                  "Join Type": "Inner",
                  "Startup Cost": 66481.35,
                  "Total Cost": 231596.11,
                  "Plan Rows": 102703,
                  "Plan Width": 0,
                  "Actual Startup Time": 270.802,
                  "Actual Total Time": 407.504,
                  "Actual Rows": 90315,
                  "Actual Loops": 6,
                  "Inner Unique": true,
                  "Hash Cond": "(mi.movie_id = t.id)",
                  "Plans": [
                    {
                      "Node Type": "Bitmap Heap Scan",
                      "Parent Relationship": "Outer",
                      "Parallel Aware": true,
                      "Relation Name": "movie_info",
                      "Alias": "mi",
                      "Startup Cost": 18650.33,
                      "Total Cost": 183223.29,
                      "Plan Rows": 206397,
                      "Plan Width": 4,
                      "Actual Startup Time": 55.188,
                      "Actual Total Time": 127.513,
                      "Actual Rows": 172132,
                      "Actual Loops": 6,
                      "Recheck Cond": "(info_type_id > 82)",
                      "Rows Removed by Index Recheck": 0,
                      "Exact Heap Blocks": 8945,
                      "Lossy Heap Blocks": 0,
                      "Plans": [
                        {
                          "Node Type": "Bitmap Index Scan",
                          "Parent Relationship": "Outer",
                          "Parallel Aware": false,
                          "Index Name": "info_type_id_movie_info",
                          "Startup Cost": 0.0,
                          "Total Cost": 18392.33,
                          "Plan Rows": 1031986,
                          "Plan Width": 0,
                          "Actual Startup Time": 49.608,
                          "Actual Total Time": 49.608,
                          "Actual Rows": 1032791,
                          "Actual Loops": 1,
                          "Index Cond": "(info_type_id > 82)"
                        }
                      ]
                    },
                    {
                      "Node Type": "Hash",
                      "Parent Relationship": "Inner",
                      "Parallel Aware": true,
                      "Startup Cost": 43899.32,
                      "Total Cost": 43899.32,
                      "Plan Rows": 314536,
                      "Plan Width": 4,
                      "Actual Startup Time": 211.585,
                      "Actual Total Time": 211.587,
                      "Actual Rows": 210617,
                      "Actual Loops": 6,
                      "Hash Buckets": 2097152,
                      "Original Hash Buckets": 2097152,
                      "Hash Batches": 1,
                      "Original Hash Batches": 1,
                      "Peak Memory Usage": 65920,
                      "Plans": [
                        {
                          "Node Type": "Seq Scan",
                          "Parent Relationship": "Outer",
                          "Parallel Aware": true,
                          "Relation Name": "title",
                          "Alias": "t",
                          "Startup Cost": 0.0,
                          "Total Cost": 43899.32,
                          "Plan Rows": 314536,
                          "Plan Width": 4,
                          "Actual Startup Time": 0.039,
                          "Actual Total Time": 102.311,
                          "Actual Rows": 210617,
                          "Actual Loops": 6,
                          "Filter": "(production_year < 2004)",
                          "Rows Removed by Filter": 210769
                        }
                      ]
                    }
                  ]
                }
              ]
            }
          ]
        }
      ]
    },
    "Planning Time": 0.266,
    "Triggers": [],
    "Execution Time": 453.252
  }
]