{
  "Plan": {
    "Node Type": "Aggregate",
    "Strategy": "Plain",
    "Partial Mode": "Finalize",
    "Parallel Aware": false,
    "Startup Cost": 868881.11,
    "Total Cost": 868881.12,
    "Plan Rows": 1,
    "Plan Width": 8,
    "Actual Startup Time": 6649.162,
    "Actual Total Time": 6726.694,
    "Actual Rows": 1,
    "Actual Loops": 1,
    "Plans": [
      {
        "Node Type": "Gather",
        "Parent Relationship": "Outer",
        "Parallel Aware": false,
        "Startup Cost": 868880.99,
        "Total Cost": 868881.1,
        "Plan Rows": 1,
        "Plan Width": 8,
        "Actual Startup Time": 6646.181,
        "Actual Total Time": 6726.685,
        "Actual Rows": 2,
        "Actual Loops": 1,
        "Workers Planned": 1,
        "Workers Launched": 1,
        "Single Copy": false,
        "Plans": [
          {
            "Node Type": "Aggregate",
            "Strategy": "Plain",
            "Partial Mode": "Partial",
            "Parent Relationship": "Outer",
            "Parallel Aware": false,
            "Startup Cost": 867880.99,
            "Total Cost": 867881.0,
            "Plan Rows": 1,
            "Plan Width": 8,
            "Actual Startup Time": 6639.596,
            "Actual Total Time": 6639.64,
            "Actual Rows": 1,
            "Actual Loops": 2,
            "Plans": [
              {
                "Node Type": "Hash Join",
                "Parent Relationship": "Outer",
                "Parallel Aware": true,
                "Join Type": "Inner",
                "Startup Cost": 279387.22,
                "Total Cost": 855120.22,
                "Plan Rows": 5104308,
                "Plan Width": 0,
                "Actual Startup Time": 768.364,
                "Actual Total Time": 6161.965,
                "Actual Rows": 11439222,
                "Actual Loops": 2,
                "Inner Unique": false,
                "Hash Cond": "(ci.movie_id = t.id)",
                "Plans": [
                  {
                    "Node Type": "Seq Scan",
                    "Parent Relationship": "Outer",
                    "Parallel Aware": true,
                    "Relation Name": "cast_info",
                    "Alias": "ci",
                    "Startup Cost": 0.0,
                    "Total Cost": 465792.95,
                    "Plan Rows": 21310595,
                    "Plan Width": 4,
                    "Actual Startup Time": 0.02,
                    "Actual Total Time": 1417.537,
                    "Actual Rows": 18122172,
                    "Actual Loops": 2
                  },
                  {
                    "Node Type": "Hash",
                    "Parent Relationship": "Inner",
                    "Parallel Aware": true,
                    "Startup Cost": 274934.46,
                    "Total Cost": 274934.46,
                    "Plan Rows": 356221,
                    "Plan Width": 8,
                    "Actual Startup Time": 759.459,
                    "Actual Total Time": 759.501,
                    "Actual Rows": 243816,
                    "Actual Loops": 2,
                    "Hash Buckets": 1048576,
                    "Original Hash Buckets": 1048576,
                    "Hash Batches": 1,
                    "Original Hash Batches": 1,
                    "Peak Memory Usage": 27296,
                    "Plans": [
                      {
                        "Node Type": "Hash Join",
                        "Parent Relationship": "Outer",
                        "Parallel Aware": true,
                        "Join Type": "Inner",
                        "Startup Cost": 95627.58,
                        "Total Cost": 274934.46,
                        "Plan Rows": 356221,
                        "Plan Width": 8,
                        "Actual Startup Time": 340.015,
                        "Actual Total Time": 694.185,
                        "Actual Rows": 243816,
                        "Actual Loops": 2,
                        "Inner Unique": true,
                        "Hash Cond": "(mi.movie_id = t.id)",
                        "Plans": [
                          {
                            "Node Type": "Bitmap Heap Scan",
                            "Parent Relationship": "Outer",
                            "Parallel Aware": true,
                            "Relation Name": "movie_info",
                            "Alias": "mi",
                            "Startup Cost": 35254.11,
                            "Total Cost": 211556.11,
                            "Plan Rows": 1144719,
                            "Plan Width": 4,
                            "Actual Startup Time": 68.516,
                            "Actual Total Time": 205.822,
                            "Actual Rows": 932816,
                            "Actual Loops": 2,
                            "Recheck Cond": "(info_type_id > 17)",
                            "Rows Removed by Index Recheck": 0,
                            "Exact Heap Blocks": 22274,
                            "Lossy Heap Blocks": 0,
                            "Plans": [
                              {
                                "Node Type": "Bitmap Index Scan",
                                "Parent Relationship": "Outer",
                                "Parallel Aware": false,
                                "Index Name": "info_type_id_movie_info",
                                "Startup Cost": 0.0,
                                "Total Cost": 34767.61,
                                "Plan Rows": 1946023,
                                "Plan Width": 0,
                                "Actual Startup Time": 61.879,
                                "Actual Total Time": 61.879,
                                "Actual Rows": 1865632,
                                "Actual Loops": 1,
                                "Index Cond": "(info_type_id > 17)"
                              }
                            ]
                          },
                          {
                            "Node Type": "Hash",
                            "Parent Relationship": "Inner",
                            "Parallel Aware": true,
                            "Startup Cost": 54588.39,
                            "Total Cost": 54588.39,
                            "Plan Rows": 462806,
                            "Plan Width": 4,
                            "Actual Startup Time": 265.858,
                            "Actual Total Time": 265.895,
                            "Actual Rows": 392463,
                            "Actual Loops": 2,
                            "Hash Buckets": 1048576,
                            "Original Hash Buckets": 1048576,
                            "Hash Batches": 1,
                            "Original Hash Batches": 1,
                            "Peak Memory Usage": 38944,
                            "Plans": [
                              {
                                "Node Type": "Seq Scan",
                                "Parent Relationship": "Outer",
                                "Parallel Aware": true,
                                "Relation Name": "title",
                                "Alias": "t",
                                "Startup Cost": 0.0,
                                "Total Cost": 54588.39,
                                "Plan Rows": 462806,
                                "Plan Width": 4,
                                "Actual Startup Time": 0.037,
                                "Actual Total Time": 158.456,
                                "Actual Rows": 392463,
                                "Actual Loops": 2,
                                "Filter": "(production_year > 2007)",
                                "Rows Removed by Filter": 871693
                              }
                            ]
                          }
                        ]
                      }
                    ]
                  }
                ]
              }
            ]
          }
        ]
      }
    ]
  },
  "Planning Time": 0.959,
  "Triggers": [],
  "Execution Time": 6726.822
}