{
    "Plan": {
        "Node Type": "Aggregate",
        "Strategy": "Plain",
        "Partial Mode": "Finalize",
        "Parallel Aware": false,
        "Startup Cost": 244636.95,
        "Total Cost": 244636.96,
        "Plan Rows": 1,
        "Plan Width": 8,
        "Actual Startup Time": 416.531,
        "Actual Total Time": 459.501,
        "Actual Rows": 1,
        "Actual Loops": 1,
        "Output": [
            "count(*)"
        ],
        "Plans": [
            {
                "Node Type": "Gather",
                "Parent Relationship": "Outer",
                "Parallel Aware": false,
                "Startup Cost": 244636.43,
                "Total Cost": 244636.94,
                "Plan Rows": 5,
                "Plan Width": 8,
                "Actual Startup Time": 415.498,
                "Actual Total Time": 459.491,
                "Actual Rows": 6,
                "Actual Loops": 1,
                "Output": [
                    "(PARTIAL count(*))"
                ],
                "Workers Planned": 5,
                "Workers Launched": 5,
                "Single Copy": false,
                "Plans": [
                    {
                        "Node Type": "Aggregate",
                        "Strategy": "Plain",
                        "Partial Mode": "Partial",
                        "Parent Relationship": "Outer",
                        "Parallel Aware": false,
                        "Startup Cost": 243636.43,
                        "Total Cost": 243636.44,
                        "Plan Rows": 1,
                        "Plan Width": 8,
                        "Actual Startup Time": 404.92,
                        "Actual Total Time": 404.924,
                        "Actual Rows": 1,
                        "Actual Loops": 6,
                        "Output": [
                            "PARTIAL count(*)"
                        ],
                        "Workers": [
                            {
                                "Worker Number": 0,
                                "Actual Startup Time": 402.499,
                                "Actual Total Time": 402.502,
                                "Actual Rows": 1,
                                "Actual Loops": 1
                            },
                            {
                                "Worker Number": 1,
                                "Actual Startup Time": 402.51,
                                "Actual Total Time": 402.513,
                                "Actual Rows": 1,
                                "Actual Loops": 1
                            },
                            {
                                "Worker Number": 2,
                                "Actual Startup Time": 402.973,
                                "Actual Total Time": 402.976,
                                "Actual Rows": 1,
                                "Actual Loops": 1
                            },
                            {
                                "Worker Number": 3,
                                "Actual Startup Time": 402.846,
                                "Actual Total Time": 402.849,
                                "Actual Rows": 1,
                                "Actual Loops": 1
                            },
                            {
                                "Worker Number": 4,
                                "Actual Startup Time": 404.048,
                                "Actual Total Time": 404.051,
                                "Actual Rows": 1,
                                "Actual Loops": 1
                            }
                        ],
                        "Plans": [
                            {
                                "Node Type": "Hash Join",
                                "Parent Relationship": "Outer",
                                "Parallel Aware": true,
                                "Join Type": "Inner",
                                "Startup Cost": 44341.46,
                                "Total Cost": 243615.46,
                                "Plan Rows": 8390,
                                "Plan Width": 0,
                                "Actual Startup Time": 115.13,
                                "Actual Total Time": 404.546,
                                "Actual Rows": 7816,
                                "Actual Loops": 6,
                                "Inner Unique": true,
                                "Hash Cond": "(mi.movie_id = t.id)",
                                "Workers": [
                                    {
                                        "Worker Number": 0,
                                        "Actual Startup Time": 112.758,
                                        "Actual Total Time": 402.123,
                                        "Actual Rows": 7678,
                                        "Actual Loops": 1
                                    },
                                    {
                                        "Worker Number": 1,
                                        "Actual Startup Time": 112.662,
                                        "Actual Total Time": 402.139,
                                        "Actual Rows": 7575,
                                        "Actual Loops": 1
                                    },
                                    {
                                        "Worker Number": 2,
                                        "Actual Startup Time": 113.1,
                                        "Actual Total Time": 402.61,
                                        "Actual Rows": 7531,
                                        "Actual Loops": 1
                                    },
                                    {
                                        "Worker Number": 3,
                                        "Actual Startup Time": 113.198,
                                        "Actual Total Time": 402.494,
                                        "Actual Rows": 7351,
                                        "Actual Loops": 1
                                    },
                                    {
                                        "Worker Number": 4,
                                        "Actual Startup Time": 114.231,
                                        "Actual Total Time": 403.683,
                                        "Actual Rows": 7434,
                                        "Actual Loops": 1
                                    }
                                ],
                                "Plans": [
                                    {
                                        "Node Type": "Seq Scan",
                                        "Parent Relationship": "Outer",
                                        "Parallel Aware": true,
                                        "Relation Name": "movie_info",
                                        "Schema": "public",
                                        "Alias": "mi",
                                        "Startup Cost": 0.0,
                                        "Total Cost": 198880.74,
                                        "Plan Rows": 149814,
                                        "Plan Width": 4,
                                        "Actual Startup Time": 28.372,
                                        "Actual Total Time": 299.067,
                                        "Actual Rows": 133690,
                                        "Actual Loops": 6,
                                        "Output": [
                                            "mi.id",
                                            "mi.movie_id",
                                            "mi.info_type_id",
                                            "mi.info",
                                            "mi.note"
                                        ],
                                        "Filter": "(mi.info_type_id < 2)",
                                        "Rows Removed by Filter": 2338930,
                                        "Workers": [
                                            {
                                                "Worker Number": 0,
                                                "Actual Startup Time": 28.385,
                                                "Actual Total Time": 299.493,
                                                "Actual Rows": 130510,
                                                "Actual Loops": 1
                                            },
                                            {
                                                "Worker Number": 1,
                                                "Actual Startup Time": 28.289,
                                                "Actual Total Time": 299.192,
                                                "Actual Rows": 128885,
                                                "Actual Loops": 1
                                            },
                                            {
                                                "Worker Number": 2,
                                                "Actual Startup Time": 28.38,
                                                "Actual Total Time": 298.642,
                                                "Actual Rows": 128896,
                                                "Actual Loops": 1
                                            },
                                            {
                                                "Worker Number": 3,
                                                "Actual Startup Time": 28.384,
                                                "Actual Total Time": 298.653,
                                                "Actual Rows": 128410,
                                                "Actual Loops": 1
                                            },
                                            {
                                                "Worker Number": 4,
                                                "Actual Startup Time": 28.381,
                                                "Actual Total Time": 299.413,
                                                "Actual Rows": 129340,
                                                "Actual Loops": 1
                                            }
                                        ]
                                    },
                                    {
                                        "Node Type": "Hash",
                                        "Parent Relationship": "Inner",
                                        "Parallel Aware": true,
                                        "Startup Cost": 43899.01,
                                        "Total Cost": 43899.01,
                                        "Plan Rows": 35396,
                                        "Plan Width": 4,
                                        "Actual Startup Time": 84.576,
                                        "Actual Total Time": 84.577,
                                        "Actual Rows": 23617,
                                        "Actual Loops": 6,
                                        "Output": [
                                            "t.id"
                                        ],
                                        "Hash Buckets": 262144,
                                        "Original Hash Buckets": 262144,
                                        "Hash Batches": 1,
                                        "Original Hash Batches": 1,
                                        "Peak Memory Usage": 7680,
                                        "Workers": [
                                            {
                                                "Worker Number": 0,
                                                "Actual Startup Time": 83.501,
                                                "Actual Total Time": 83.502,
                                                "Actual Rows": 21161,
                                                "Actual Loops": 1
                                            },
                                            {
                                                "Worker Number": 1,
                                                "Actual Startup Time": 83.458,
                                                "Actual Total Time": 83.459,
                                                "Actual Rows": 21036,
                                                "Actual Loops": 1
                                            },
                                            {
                                                "Worker Number": 2,
                                                "Actual Startup Time": 84.069,
                                                "Actual Total Time": 84.07,
                                                "Actual Rows": 22307,
                                                "Actual Loops": 1
                                            },
                                            {
                                                "Worker Number": 3,
                                                "Actual Startup Time": 83.871,
                                                "Actual Total Time": 83.872,
                                                "Actual Rows": 21355,
                                                "Actual Loops": 1
                                            },
                                            {
                                                "Worker Number": 4,
                                                "Actual Startup Time": 84.927,
                                                "Actual Total Time": 84.928,
                                                "Actual Rows": 21757,
                                                "Actual Loops": 1
                                            }
                                        ],
                                        "Plans": [
                                            {
                                                "Node Type": "Seq Scan",
                                                "Parent Relationship": "Outer",
                                                "Parallel Aware": true,
                                                "Relation Name": "title",
                                                "Schema": "public",
                                                "Alias": "t",
                                                "Startup Cost": 0.0,
                                                "Total Cost": 43899.01,
                                                "Plan Rows": 35396,
                                                "Plan Width": 4,
                                                "Actual Startup Time": 0.062,
                                                "Actual Total Time": 74.468,
                                                "Actual Rows": 23617,
                                                "Actual Loops": 6,
                                                "Output": [
                                                    "t.id"
                                                ],
                                                "Filter": "(t.production_year = 2010)",
                                                "Rows Removed by Filter": 397768,
                                                "Workers": [
                                                    {
                                                        "Worker Number": 0,
                                                        "Actual Startup Time": 0.068,
                                                        "Actual Total Time": 73.837,
                                                        "Actual Rows": 21161,
                                                        "Actual Loops": 1
                                                    },
                                                    {
                                                        "Worker Number": 1,
                                                        "Actual Startup Time": 0.084,
                                                        "Actual Total Time": 73.749,
                                                        "Actual Rows": 21036,
                                                        "Actual Loops": 1
                                                    },
                                                    {
                                                        "Worker Number": 2,
                                                        "Actual Startup Time": 0.056,
                                                        "Actual Total Time": 73.643,
                                                        "Actual Rows": 22307,
                                                        "Actual Loops": 1
                                                    },
                                                    {
                                                        "Worker Number": 3,
                                                        "Actual Startup Time": 0.065,
                                                        "Actual Total Time": 73.986,
                                                        "Actual Rows": 21355,
                                                        "Actual Loops": 1
                                                    },
                                                    {
                                                        "Worker Number": 4,
                                                        "Actual Startup Time": 0.071,
                                                        "Actual Total Time": 75.242,
                                                        "Actual Rows": 21757,
                                                        "Actual Loops": 1
                                                    }
                                                ]
                                            }
                                        ]
                                    }
                                ]
                            }
                        ]
                    }
                ]
            }
        ]
    },
    "Planning Time": 0.825,
    "Triggers": [],
    "Execution Time": 459.595
}