[
  {
    "Plan": {
      "Node Type": "Aggregate",
      "Strategy": "Plain",
      "Partial Mode": "Finalize",
      "Parallel Aware": false,
      "Startup Cost": 76992.02,
      "Total Cost": 76992.03,
      "Plan Rows": 1,
      "Plan Width": 8,
      "Actual Startup Time": 172.783,
      "Actual Total Time": 189.426,
      "Actual Rows": 1,
      "Actual Loops": 1,
      "Plans": [
        {
          "Node Type": "Gather",
          "Parent Relationship": "Outer",
          "Parallel Aware": false,
          "Startup Cost": 76991.7,
          "Total Cost": 76992.01,
          "Plan Rows": 3,
          "Plan Width": 8,
          "Actual Startup Time": 172.415,
          "Actual Total Time": 189.418,
          "Actual Rows": 4,
          "Actual Loops": 1,
          "Workers Planned": 3,
          "Workers Launched": 3,
          "Single Copy": false,
          "Plans": [
            {
              "Node Type": "Aggregate",
              "Strategy": "Plain",
              "Partial Mode": "Partial",
              "Parent Relationship": "Outer",
              "Parallel Aware": false,
              "Startup Cost": 75991.7,
              "Total Cost": 75991.71,
              "Plan Rows": 1,
              "Plan Width": 8,
              "Actual Startup Time": 164.841,
              "Actual Total Time": 164.843,
              "Actual Rows": 1,
              "Actual Loops": 4,
              "Plans": [
                {
                  "Node Type": "Hash Join",
                  "Parent Relationship": "Outer",
                  "Parallel Aware": true,
                  "Join Type": "Inner",
                  "Startup Cost": 44203.1,
                  "Total Cost": 75978.48,
                  "Plan Rows": 5288,
                  "Plan Width": 0,
                  "Actual Startup Time": 128.238,
                  "Actual Total Time": 164.729,
                  "Actual Rows": 1762,
                  "Actual Loops": 4,
                  "Inner Unique": true,
                  "Hash Cond": "(mc.movie_id = t.id)",
                  "Plans": [
                    {
                      "Node Type": "Seq Scan",
                      "Parent Relationship": "Outer",
                      "Parallel Aware": true,
                      "Relation Name": "movie_companies",
                      "Alias": "mc",
                      "Startup Cost": 0.0,
                      "Total Cost": 31414.82,
                      "Plan Rows": 137356,
                      "Plan Width": 4,
                      "Actual Startup Time": 28.266,
                      "Actual Total Time": 55.417,
                      "Actual Rows": 61096,
                      "Actual Loops": 4,
                      "Filter": "((company_id < 2106) AND (company_type_id > 1))",
                      "Rows Removed by Filter": 591186
                    },
                    {
                      "Node Type": "Hash",
                      "Parent Relationship": "Inner",
                      "Parallel Aware": true,
                      "Startup Cost": 43898.92,
                      "Total Cost": 43898.92,
                      "Plan Rows": 24335,
                      "Plan Width": 4,
                      "Actual Startup Time": 98.475,
                      "Actual Total Time": 98.476,
                      "Actual Rows": 23751,
                      "Actual Loops": 4,
                      "Hash Buckets": 131072,
                      "Original Hash Buckets": 131072,
                      "Hash Batches": 1,
                      "Original Hash Batches": 1,
                      "Peak Memory Usage": 4800,
                      "Plans": [
                        {
                          "Node Type": "Seq Scan",
                          "Parent Relationship": "Outer",
                          "Parallel Aware": true,
                          "Relation Name": "title",
                          "Alias": "t",
                          "Startup Cost": 0.0,
                          "Total Cost": 43898.92,
                          "Plan Rows": 24335,
                          "Plan Width": 4,
                          "Actual Startup Time": 0.036,
                          "Actual Total Time": 89.881,
                          "Actual Rows": 23751,
                          "Actual Loops": 4,
                          "Filter": "(production_year = 2005)",
                          "Rows Removed by Filter": 608327
                        }
                      ]
                    }
                  ]
                }
              ]
            }
          ]
        }
      ]
    },
    "Planning Time": 0.409,
    "Triggers": [],
    "Execution Time": 189.475
  }
]