[
  {
    "Plan": {
      "Node Type": "Aggregate",
      "Strategy": "Plain",
      "Partial Mode": "Simple",
      "Parallel Aware": false,
      "Startup Cost": 26814.03,
      "Total Cost": 26814.04,
      "Plan Rows": 1,
      "Plan Width": 8,
      "Actual Startup Time": 20.533,
      "Actual Total Time": 20.534,
      "Actual Rows": 1,
      "Actual Loops": 1,
      "Plans": [
        {
          "Node Type": "Bitmap Heap Scan",
          "Parent Relationship": "Outer",
          "Parallel Aware": false,
          "Relation Name": "movie_keyword",
          "Alias": "mk",
          "Startup Cost": 863.81,
          "Total Cost": 26712.29,
          "Plan Rows": 40694,
          "Plan Width": 0,
          "Actual Startup Time": 3.249,
          "Actual Total Time": 19.133,
          "Actual Rows": 28021,
          "Actual Loops": 1,
          "Recheck Cond": "(keyword_id < 36)",
          "Rows Removed by Index Recheck": 0,
          "Exact Heap Blocks": 9883,
          "Lossy Heap Blocks": 0,
          "Plans": [
            {
              "Node Type": "Bitmap Index Scan",
              "Parent Relationship": "Outer",
              "Parallel Aware": false,
              "Index Name": "keyword_id_movie_keyword",
              "Startup Cost": 0.0,
              "Total Cost": 853.64,
              "Plan Rows": 40694,
              "Plan Width": 0,
              "Actual Startup Time": 1.889,
              "Actual Total Time": 1.889,
              "Actual Rows": 28021,
              "Actual Loops": 1,
              "Index Cond": "(keyword_id < 36)"
            }
          ]
        }
      ]
    },
    "Planning Time": 0.108,
    "Triggers": [],
    "Execution Time": 20.558
  }
]