[
  {
    "Plan": {
      "Node Type": "Aggregate",
      "Strategy": "Plain",
      "Partial Mode": "Finalize",
      "Parallel Aware": false,
      "Startup Cost": 45784.89,
      "Total Cost": 45784.9,
      "Plan Rows": 1,
      "Plan Width": 8,
      "Actual Startup Time": 187.323,
      "Actual Total Time": 197.874,
      "Actual Rows": 1,
      "Actual Loops": 1,
      "Plans": [
        {
          "Node Type": "Gather",
          "Parent Relationship": "Outer",
          "Parallel Aware": false,
          "Startup Cost": 45784.58,
          "Total Cost": 45784.89,
          "Plan Rows": 3,
          "Plan Width": 8,
          "Actual Startup Time": 187.079,
          "Actual Total Time": 197.865,
          "Actual Rows": 4,
          "Actual Loops": 1,
          "Workers Planned": 3,
          "Workers Launched": 3,
          "Single Copy": false,
          "Plans": [
            {
              "Node Type": "Aggregate",
              "Strategy": "Plain",
              "Partial Mode": "Partial",
              "Parent Relationship": "Outer",
              "Parallel Aware": false,
              "Startup Cost": 44784.58,
              "Total Cost": 44784.59,
              "Plan Rows": 1,
              "Plan Width": 8,
              "Actual Startup Time": 179.314,
              "Actual Total Time": 179.315,
              "Actual Rows": 1,
              "Actual Loops": 4,
              "Plans": [
                {
                  "Node Type": "Seq Scan",
                  "Parent Relationship": "Outer",
                  "Parallel Aware": true,
                  "Relation Name": "movie_keyword",
                  "Alias": "mk",
                  "Startup Cost": 0.0,
                  "Total Cost": 42695.65,
                  "Plan Rows": 835569,
                  "Plan Width": 0,
                  "Actual Startup Time": 0.425,
                  "Actual Total Time": 141.617,
                  "Actual Rows": 646071,
                  "Actual Loops": 4,
                  "Filter": "(keyword_id > 3337)",
                  "Rows Removed by Filter": 484912
                }
              ]
            }
          ]
        }
      ]
    },
    "Planning Time": 0.15,
    "Triggers": [],
    "Execution Time": 197.921
  }
]