[
  {
    "Plan": {
      "Node Type": "Aggregate",
      "Strategy": "Plain",
      "Partial Mode": "Finalize",
      "Parallel Aware": false,
      "Startup Cost": 63988.47,
      "Total Cost": 63988.48,
      "Plan Rows": 1,
      "Plan Width": 8,
      "Actual Startup Time": 186.909,
      "Actual Total Time": 197.536,
      "Actual Rows": 1,
      "Actual Loops": 1,
      "Plans": [
        {
          "Node Type": "Gather",
          "Parent Relationship": "Outer",
          "Parallel Aware": false,
          "Startup Cost": 63988.26,
          "Total Cost": 63988.47,
          "Plan Rows": 2,
          "Plan Width": 8,
          "Actual Startup Time": 186.304,
          "Actual Total Time": 197.528,
          "Actual Rows": 3,
          "Actual Loops": 1,
          "Workers Planned": 2,
          "Workers Launched": 2,
          "Single Copy": false,
          "Plans": [
            {
              "Node Type": "Aggregate",
              "Strategy": "Plain",
              "Partial Mode": "Partial",
              "Parent Relationship": "Outer",
              "Parallel Aware": false,
              "Startup Cost": 62988.26,
              "Total Cost": 62988.27,
              "Plan Rows": 1,
              "Plan Width": 8,
              "Actual Startup Time": 181.454,
              "Actual Total Time": 181.457,
              "Actual Rows": 1,
              "Actual Loops": 3,
              "Plans": [
                {
                  "Node Type": "Nested Loop",
                  "Parent Relationship": "Outer",
                  "Parallel Aware": false,
                  "Join Type": "Inner",
                  "Startup Cost": 38355.3,
                  "Total Cost": 62957.16,
                  "Plan Rows": 12440,
                  "Plan Width": 0,
                  "Actual Startup Time": 66.962,
                  "Actual Total Time": 178.493,
                  "Actual Rows": 63457,
                  "Actual Loops": 3,
                  "Inner Unique": false,
                  "Join Filter": "(t.id = mc.movie_id)",
                  "Rows Removed by Join Filter": 0,
                  "Plans": [
                    {
                      "Node Type": "Hash Join",
                      "Parent Relationship": "Outer",
                      "Parallel Aware": true,
                      "Join Type": "Inner",
                      "Startup Cost": 38354.87,
                      "Total Cost": 54488.86,
                      "Plan Rows": 12055,
                      "Plan Width": 8,
                      "Actual Startup Time": 66.916,
                      "Actual Total Time": 111.598,
                      "Actual Rows": 23084,
                      "Actual Loops": 3,
                      "Inner Unique": true,
                      "Hash Cond": "(mi_idx.movie_id = t.id)",
                      "Plans": [
                        {
                          "Node Type": "Seq Scan",
                          "Parent Relationship": "Outer",
                          "Parallel Aware": true,
                          "Relation Name": "movie_info_idx",
                          "Alias": "mi_idx",
                          "Startup Cost": 0.0,
                          "Total Cost": 15122.68,
                          "Plan Rows": 385260,
                          "Plan Width": 4,
                          "Actual Startup Time": 0.011,
                          "Actual Total Time": 40.852,
                          "Actual Rows": 306703,
                          "Actual Loops": 3,
                          "Filter": "(info_type_id > 99)",
                          "Rows Removed by Filter": 153308
                        },
                        {
                          "Node Type": "Hash",
                          "Parent Relationship": "Inner",
                          "Parallel Aware": true,
                          "Startup Cost": 38107.65,
                          "Total Cost": 38107.65,
                          "Plan Rows": 19778,
                          "Plan Width": 4,
                          "Actual Startup Time": 38.979,
                          "Actual Total Time": 38.98,
                          "Actual Rows": 30727,
                          "Actual Loops": 3,
                          "Hash Buckets": 131072,
                          "Original Hash Buckets": 131072,
                          "Hash Batches": 1,
                          "Original Hash Batches": 1,
                          "Peak Memory Usage": 4704,
                          "Plans": [
                            {
                              "Node Type": "Bitmap Heap Scan",
                              "Parent Relationship": "Outer",
                              "Parallel Aware": true,
                              "Relation Name": "title",
                              "Alias": "t",
                              "Startup Cost": 1746.5,
                              "Total Cost": 38107.65,
                              "Plan Rows": 19778,
                              "Plan Width": 4,
                              "Actual Startup Time": 5.547,
                              "Actual Total Time": 31.298,
                              "Actual Rows": 30727,
                              "Actual Loops": 3,
                              "Recheck Cond": "(kind_id = 3)",
                              "Rows Removed by Index Recheck": 0,
                              "Filter": "(production_year < 2011)",
                              "Rows Removed by Filter": 2785,
                              "Exact Heap Blocks": 7208,
                              "Lossy Heap Blocks": 0,
                              "Plans": [
                                {
                                  "Node Type": "Bitmap Index Scan",
                                  "Parent Relationship": "Outer",
                                  "Parallel Aware": false,
                                  "Index Name": "kind_id_title",
                                  "Startup Cost": 0.0,
                                  "Total Cost": 1726.72,
                                  "Plan Rows": 96839,
                                  "Plan Width": 0,
                                  "Actual Startup Time": 6.856,
                                  "Actual Total Time": 6.856,
                                  "Actual Rows": 100537,
                                  "Actual Loops": 1,
                                  "Index Cond": "(kind_id = 3)"
                                }
                              ]
                            }
                          ]
                        }
                      ]
                    },
                    {
                      "Node Type": "Index Only Scan",
                      "Parent Relationship": "Inner",
                      "Parallel Aware": false,
                      "Scan Direction": "Forward",
                      "Index Name": "movie_id_movie_companies",
                      "Relation Name": "movie_companies",
                      "Alias": "mc",
                      "Startup Cost": 0.43,
                      "Total Cost": 0.64,
                      "Plan Rows": 5,
                      "Plan Width": 4,
                      "Actual Startup Time": 0.002,
                      "Actual Total Time": 0.003,
                      "Actual Rows": 3,
                      "Actual Loops": 69252,
                      "Index Cond": "(movie_id = mi_idx.movie_id)",
                      "Rows Removed by Index Recheck": 0,
                      "Heap Fetches": 190372
                    }
                  ]
                }
              ]
            }
          ]
        }
      ]
    },
    "Planning Time": 0.669,
    "Triggers": [],
    "Execution Time": 197.584
  }
]