{
  "Plan": {
    "Node Type": "Aggregate",
    "Strategy": "Plain",
    "Partial Mode": "Finalize",
    "Parallel Aware": false,
    "Startup Cost": 352164.95,
    "Total Cost": 352164.96,
    "Plan Rows": 1,
    "Plan Width": 8,
    "Actual Startup Time": 1760.719,
    "Actual Total Time": 1811.505,
    "Actual Rows": 1,
    "Actual Loops": 1,
    "Plans": [
      {
        "Node Type": "Gather",
        "Parent Relationship": "Outer",
        "Parallel Aware": false,
        "Startup Cost": 352164.84,
        "Total Cost": 352164.95,
        "Plan Rows": 1,
        "Plan Width": 8,
        "Actual Startup Time": 1759.048,
        "Actual Total Time": 1811.497,
        "Actual Rows": 2,
        "Actual Loops": 1,
        "Workers Planned": 1,
        "Workers Launched": 1,
        "Single Copy": false,
        "Plans": [
          {
            "Node Type": "Aggregate",
            "Strategy": "Plain",
            "Partial Mode": "Partial",
            "Parent Relationship": "Outer",
            "Parallel Aware": false,
            "Startup Cost": 351164.84,
            "Total Cost": 351164.85,
            "Plan Rows": 1,
            "Plan Width": 8,
            "Actual Startup Time": 1753.289,
            "Actual Total Time": 1753.292,
            "Actual Rows": 1,
            "Actual Loops": 2,
            "Plans": [
              {
                "Node Type": "Hash Join",
                "Parent Relationship": "Outer",
                "Parallel Aware": true,
                "Join Type": "Inner",
                "Startup Cost": 63281.16,
                "Total Cost": 347674.23,
                "Plan Rows": 1396244,
                "Plan Width": 0,
                "Actual Startup Time": 266.662,
                "Actual Total Time": 1737.171,
                "Actual Rows": 387319,
                "Actual Loops": 2,
                "Inner Unique": true,
                "Hash Cond": "(mi.movie_id = t.id)",
                "Plans": [
                  {
                    "Node Type": "Seq Scan",
                    "Parent Relationship": "Outer",
                    "Parallel Aware": true,
                    "Relation Name": "movie_info",
                    "Alias": "mi",
                    "Startup Cost": 0.0,
                    "Total Cost": 270696.42,
                    "Plan Rows": 5217764,
                    "Plan Width": 4,
                    "Actual Startup Time": 0.01,
                    "Actual Total Time": 689.585,
                    "Actual Rows": 4483347,
                    "Actual Loops": 2,
                    "Filter": "(info_type_id < 15)",
                    "Rows Removed by Filter": 2934513
                  },
                  {
                    "Node Type": "Hash",
                    "Parent Relationship": "Inner",
                    "Parallel Aware": true,
                    "Startup Cost": 58306.47,
                    "Total Cost": 58306.47,
                    "Plan Rows": 397975,
                    "Plan Width": 4,
                    "Actual Startup Time": 255.631,
                    "Actual Total Time": 255.632,
                    "Actual Rows": 367886,
                    "Actual Loops": 2,
                    "Hash Buckets": 1048576,
                    "Original Hash Buckets": 1048576,
                    "Hash Batches": 1,
                    "Original Hash Batches": 1,
                    "Peak Memory Usage": 37024,
                    "Plans": [
                      {
                        "Node Type": "Seq Scan",
                        "Parent Relationship": "Outer",
                        "Parallel Aware": true,
                        "Relation Name": "title",
                        "Alias": "t",
                        "Startup Cost": 0.0,
                        "Total Cost": 58306.47,
                        "Plan Rows": 397975,
                        "Plan Width": 4,
                        "Actual Startup Time": 0.033,
                        "Actual Total Time": 158.118,
                        "Actual Rows": 367886,
                        "Actual Loops": 2,
                        "Filter": "((kind_id > 3) AND (production_year > 2005))",
                        "Rows Removed by Filter": 896270
                      }
                    ]
                  }
                ]
              }
            ]
          }
        ]
      }
    ]
  },
  "Planning Time": 0.569,
  "Triggers": [],
  "Execution Time": 1811.631
}