{
  "Plan": {
    "Node Type": "Aggregate",
    "Strategy": "Plain",
    "Partial Mode": "Finalize",
    "Parallel Aware": false,
    "Startup Cost": 67777.53,
    "Total Cost": 67777.54,
    "Plan Rows": 1,
    "Plan Width": 8,
    "Actual Startup Time": 143.774,
    "Actual Total Time": 155.357,
    "Actual Rows": 1,
    "Actual Loops": 1,
    "Plans": [
      {
        "Node Type": "Gather",
        "Parent Relationship": "Outer",
        "Parallel Aware": false,
        "Startup Cost": 67777.41,
        "Total Cost": 67777.52,
        "Plan Rows": 1,
        "Plan Width": 8,
        "Actual Startup Time": 143.664,
        "Actual Total Time": 155.349,
        "Actual Rows": 2,
        "Actual Loops": 1,
        "Workers Planned": 1,
        "Workers Launched": 1,
        "Single Copy": false,
        "Plans": [
          {
            "Node Type": "Aggregate",
            "Strategy": "Plain",
            "Partial Mode": "Partial",
            "Parent Relationship": "Outer",
            "Parallel Aware": false,
            "Startup Cost": 66777.41,
            "Total Cost": 66777.42,
            "Plan Rows": 1,
            "Plan Width": 8,
            "Actual Startup Time": 137.455,
            "Actual Total Time": 137.458,
            "Actual Rows": 1,
            "Actual Loops": 2,
            "Plans": [
              {
                "Node Type": "Nested Loop",
                "Parent Relationship": "Outer",
                "Parallel Aware": false,
                "Join Type": "Inner",
                "Startup Cost": 1.0,
                "Total Cost": 66750.22,
                "Plan Rows": 10876,
                "Plan Width": 0,
                "Actual Startup Time": 112.989,
                "Actual Total Time": 137.451,
                "Actual Rows": 4,
                "Actual Loops": 2,
                "Inner Unique": false,
                "Join Filter": "(t.id = ci.movie_id)",
                "Rows Removed by Join Filter": 0,
                "Plans": [
                  {
                    "Node Type": "Nested Loop",
                    "Parent Relationship": "Outer",
                    "Parallel Aware": false,
                    "Join Type": "Inner",
                    "Startup Cost": 0.43,
                    "Total Cost": 64499.71,
                    "Plan Rows": 1158,
                    "Plan Width": 8,
                    "Actual Startup Time": 112.888,
                    "Actual Total Time": 137.314,
                    "Actual Rows": 1,
                    "Actual Loops": 2,
                    "Inner Unique": false,
                    "Plans": [
                      {
                        "Node Type": "Seq Scan",
                        "Parent Relationship": "Outer",
                        "Parallel Aware": true,
                        "Relation Name": "title",
                        "Alias": "t",
                        "Startup Cost": 0.0,
                        "Total Cost": 58306.47,
                        "Plan Rows": 647,
                        "Plan Width": 4,
                        "Actual Startup Time": 69.54,
                        "Actual Total Time": 137.199,
                        "Actual Rows": 4,
                        "Actual Loops": 2,
                        "Filter": "((kind_id = 7) AND (production_year = 1937))",
                        "Rows Removed by Filter": 1264152
                      },
                      {
                        "Node Type": "Index Only Scan",
                        "Parent Relationship": "Inner",
                        "Parallel Aware": false,
                        "Scan Direction": "Forward",
                        "Index Name": "movie_id_movie_keyword",
                        "Relation Name": "movie_keyword",
                        "Alias": "mk",
                        "Startup Cost": 0.43,
                        "Total Cost": 9.12,
                        "Plan Rows": 45,
                        "Plan Width": 4,
                        "Actual Startup Time": 0.029,
                        "Actual Total Time": 0.029,
                        "Actual Rows": 0,
                        "Actual Loops": 7,
                        "Index Cond": "(movie_id = t.id)",
                        "Rows Removed by Index Recheck": 0,
                        "Heap Fetches": 2
                      }
                    ]
                  },
                  {
                    "Node Type": "Index Scan",
                    "Parent Relationship": "Inner",
                    "Parallel Aware": false,
                    "Scan Direction": "Forward",
                    "Index Name": "movie_id_cast_info",
                    "Relation Name": "cast_info",
                    "Alias": "ci",
                    "Startup Cost": 0.56,
                    "Total Cost": 1.64,
                    "Plan Rows": 24,
                    "Plan Width": 4,
                    "Actual Startup Time": 0.102,
                    "Actual Total Time": 0.133,
                    "Actual Rows": 4,
                    "Actual Loops": 2,
                    "Index Cond": "(movie_id = mk.movie_id)",
                    "Rows Removed by Index Recheck": 0,
                    "Filter": "(role_id > 1)",
                    "Rows Removed by Filter": 3
                  }
                ]
              }
            ]
          }
        ]
      }
    ]
  },
  "Planning Time": 0.958,
  "Triggers": [],
  "Execution Time": 155.438
}