[
  {
    "Plan": {
      "Node Type": "Aggregate",
      "Strategy": "Plain",
      "Partial Mode": "Finalize",
      "Parallel Aware": false,
      "Startup Cost": 79197.62,
      "Total Cost": 79197.63,
      "Plan Rows": 1,
      "Plan Width": 8,
      "Actual Startup Time": 277.149,
      "Actual Total Time": 292.518,
      "Actual Rows": 1,
      "Actual Loops": 1,
      "Plans": [
        {
          "Node Type": "Gather",
          "Parent Relationship": "Outer",
          "Parallel Aware": false,
          "Startup Cost": 79197.31,
          "Total Cost": 79197.62,
          "Plan Rows": 3,
          "Plan Width": 8,
          "Actual Startup Time": 271.208,
          "Actual Total Time": 292.51,
          "Actual Rows": 4,
          "Actual Loops": 1,
          "Workers Planned": 3,
          "Workers Launched": 3,
          "Single Copy": false,
          "Plans": [
            {
              "Node Type": "Aggregate",
              "Strategy": "Plain",
              "Partial Mode": "Partial",
              "Parent Relationship": "Outer",
              "Parallel Aware": false,
              "Startup Cost": 78197.31,
              "Total Cost": 78197.32,
              "Plan Rows": 1,
              "Plan Width": 8,
              "Actual Startup Time": 264.831,
              "Actual Total Time": 264.836,
              "Actual Rows": 1,
              "Actual Loops": 4,
              "Plans": [
                {
                  "Node Type": "Hash Join",
                  "Parent Relationship": "Outer",
                  "Parallel Aware": true,
                  "Join Type": "Inner",
                  "Startup Cost": 52414.07,
                  "Total Cost": 78116.78,
                  "Plan Rows": 32212,
                  "Plan Width": 0,
                  "Actual Startup Time": 193.184,
                  "Actual Total Time": 262.234,
                  "Actual Rows": 52748,
                  "Actual Loops": 4,
                  "Inner Unique": true,
                  "Hash Cond": "(mk.movie_id = t.id)",
                  "Plans": [
                    {
                      "Node Type": "Bitmap Heap Scan",
                      "Parent Relationship": "Outer",
                      "Parallel Aware": true,
                      "Relation Name": "movie_keyword",
                      "Alias": "mk",
                      "Startup Cost": 5431.92,
                      "Total Cost": 30917.91,
                      "Plan Rows": 82559,
                      "Plan Width": 4,
                      "Actual Startup Time": 18.269,
                      "Actual Total Time": 60.639,
                      "Actual Rows": 61621,
                      "Actual Loops": 4,
                      "Recheck Cond": "(keyword_id < 213)",
                      "Rows Removed by Index Recheck": 0,
                      "Exact Heap Blocks": 7551,
                      "Lossy Heap Blocks": 0,
                      "Plans": [
                        {
                          "Node Type": "Bitmap Index Scan",
                          "Parent Relationship": "Outer",
                          "Parallel Aware": false,
                          "Index Name": "keyword_id_movie_keyword",
                          "Startup Cost": 0.0,
                          "Total Cost": 5367.94,
                          "Plan Rows": 255934,
                          "Plan Width": 0,
                          "Actual Startup Time": 14.715,
                          "Actual Total Time": 14.715,
                          "Actual Rows": 246484,
                          "Actual Loops": 1,
                          "Index Cond": "(keyword_id < 213)"
                        }
                      ]
                    },
                    {
                      "Node Type": "Hash",
                      "Parent Relationship": "Inner",
                      "Parallel Aware": true,
                      "Startup Cost": 43899.32,
                      "Total Cost": 43899.32,
                      "Plan Rows": 246626,
                      "Plan Width": 4,
                      "Actual Startup Time": 172.195,
                      "Actual Total Time": 172.197,
                      "Actual Rows": 246262,
                      "Actual Loops": 4,
                      "Hash Buckets": 1048576,
                      "Original Hash Buckets": 1048576,
                      "Hash Batches": 1,
                      "Original Hash Batches": 1,
                      "Peak Memory Usage": 46816,
                      "Plans": [
                        {
                          "Node Type": "Seq Scan",
                          "Parent Relationship": "Outer",
                          "Parallel Aware": true,
                          "Relation Name": "title",
                          "Alias": "t",
                          "Startup Cost": 0.0,
                          "Total Cost": 43899.32,
                          "Plan Rows": 246626,
                          "Plan Width": 4,
                          "Actual Startup Time": 0.028,
                          "Actual Total Time": 95.734,
                          "Actual Rows": 246262,
                          "Actual Loops": 4,
                          "Filter": "(kind_id < 7)",
                          "Rows Removed by Filter": 385816
                        }
                      ]
                    }
                  ]
                }
              ]
            }
          ]
        }
      ]
    },
    "Planning Time": 0.188,
    "Triggers": [],
    "Execution Time": 292.561
  }
]