[
  {
    "Plan": {
      "Node Type": "Aggregate",
      "Strategy": "Plain",
      "Partial Mode": "Finalize",
      "Parallel Aware": false,
      "Startup Cost": 356431.95,
      "Total Cost": 356431.96,
      "Plan Rows": 1,
      "Plan Width": 8,
      "Actual Startup Time": 344.565,
      "Actual Total Time": 359.875,
      "Actual Rows": 1,
      "Actual Loops": 1,
      "Plans": [
        {
          "Node Type": "Gather",
          "Parent Relationship": "Outer",
          "Parallel Aware": false,
          "Startup Cost": 356431.32,
          "Total Cost": 356431.93,
          "Plan Rows": 6,
          "Plan Width": 8,
          "Actual Startup Time": 339.512,
          "Actual Total Time": 359.865,
          "Actual Rows": 7,
          "Actual Loops": 1,
          "Workers Planned": 6,
          "Workers Launched": 6,
          "Single Copy": false,
          "Plans": [
            {
              "Node Type": "Aggregate",
              "Strategy": "Plain",
              "Partial Mode": "Partial",
              "Parent Relationship": "Outer",
              "Parallel Aware": false,
              "Startup Cost": 355431.32,
              "Total Cost": 355431.33,
              "Plan Rows": 1,
              "Plan Width": 8,
              "Actual Startup Time": 332.519,
              "Actual Total Time": 332.525,
              "Actual Rows": 1,
              "Actual Loops": 7,
              "Plans": [
                {
                  "Node Type": "Hash Join",
                  "Parent Relationship": "Outer",
                  "Parallel Aware": true,
                  "Join Type": "Inner",
                  "Startup Cost": 96104.68,
                  "Total Cost": 355390.31,
                  "Plan Rows": 16404,
                  "Plan Width": 0,
                  "Actual Startup Time": 164.991,
                  "Actual Total Time": 331.743,
                  "Actual Rows": 8676,
                  "Actual Loops": 7,
                  "Inner Unique": true,
                  "Hash Cond": "(ci.movie_id = t.id)",
                  "Plans": [
                    {
                      "Node Type": "Bitmap Heap Scan",
                      "Parent Relationship": "Outer",
                      "Parallel Aware": true,
                      "Relation Name": "cast_info",
                      "Alias": "ci",
                      "Startup Cost": 57791.28,
                      "Total Cost": 315931.7,
                      "Plan Rows": 436274,
                      "Plan Width": 4,
                      "Actual Startup Time": 102.984,
                      "Actual Total Time": 199.928,
                      "Actual Rows": 388134,
                      "Actual Loops": 7,
                      "Recheck Cond": "(person_id < 260636)",
                      "Rows Removed by Index Recheck": 0,
                      "Exact Heap Blocks": 5679,
                      "Lossy Heap Blocks": 0,
                      "Plans": [
                        {
                          "Node Type": "Bitmap Index Scan",
                          "Parent Relationship": "Outer",
                          "Parallel Aware": false,
                          "Index Name": "person_id_cast_info",
                          "Startup Cost": 0.0,
                          "Total Cost": 57136.87,
                          "Plan Rows": 2617641,
                          "Plan Width": 0,
                          "Actual Startup Time": 98.179,
                          "Actual Total Time": 98.18,
                          "Actual Rows": 2716938,
                          "Actual Loops": 1,
                          "Index Cond": "(person_id < 260636)"
                        }
                      ]
                    },
                    {
                      "Node Type": "Hash",
                      "Parent Relationship": "Inner",
                      "Parallel Aware": true,
                      "Startup Cost": 38016.31,
                      "Total Cost": 38016.31,
                      "Plan Rows": 23767,
                      "Plan Width": 4,
                      "Actual Startup Time": 61.126,
                      "Actual Total Time": 61.128,
                      "Actual Rows": 12979,
                      "Actual Loops": 7,
                      "Hash Buckets": 131072,
                      "Original Hash Buckets": 131072,
                      "Hash Batches": 1,
                      "Original Hash Batches": 1,
                      "Peak Memory Usage": 4704,
                      "Plans": [
                        {
                          "Node Type": "Bitmap Heap Scan",
                          "Parent Relationship": "Outer",
                          "Parallel Aware": true,
                          "Relation Name": "title",
                          "Alias": "t",
                          "Startup Cost": 1721.21,
                          "Total Cost": 38016.31,
                          "Plan Rows": 23767,
                          "Plan Width": 4,
                          "Actual Startup Time": 11.202,
                          "Actual Total Time": 54.829,
                          "Actual Rows": 12979,
                          "Actual Loops": 7,
                          "Recheck Cond": "(kind_id = 2)",
                          "Rows Removed by Index Recheck": 0,
                          "Exact Heap Blocks": 8690,
                          "Lossy Heap Blocks": 0,
                          "Plans": [
                            {
                              "Node Type": "Bitmap Index Scan",
                              "Parent Relationship": "Outer",
                              "Parallel Aware": false,
                              "Index Name": "kind_id_title",
                              "Startup Cost": 0.0,
                              "Total Cost": 1697.45,
                              "Plan Rows": 95069,
                              "Plan Width": 0,
                              "Actual Startup Time": 10.748,
                              "Actual Total Time": 10.75,
                              "Actual Rows": 90852,
                              "Actual Loops": 1,
                              "Index Cond": "(kind_id = 2)"
                            }
                          ]
                        }
                      ]
                    }
                  ]
                }
              ]
            }
          ]
        }
      ]
    },
    "Planning Time": 0.35,
    "Triggers": [],
    "Execution Time": 359.938
  }
]