[
  {
    "Plan": {
      "Node Type": "Aggregate",
      "Strategy": "Plain",
      "Partial Mode": "Finalize",
      "Parallel Aware": false,
      "Startup Cost": 40167.63,
      "Total Cost": 40167.64,
      "Plan Rows": 1,
      "Plan Width": 8,
      "Actual Startup Time": 203.22,
      "Actual Total Time": 217.993,
      "Actual Rows": 1,
      "Actual Loops": 1,
      "Plans": [
        {
          "Node Type": "Gather",
          "Parent Relationship": "Outer",
          "Parallel Aware": false,
          "Startup Cost": 40167.31,
          "Total Cost": 40167.62,
          "Plan Rows": 3,
          "Plan Width": 8,
          "Actual Startup Time": 202.047,
          "Actual Total Time": 217.976,
          "Actual Rows": 4,
          "Actual Loops": 1,
          "Workers Planned": 3,
          "Workers Launched": 3,
          "Single Copy": false,
          "Plans": [
            {
              "Node Type": "Aggregate",
              "Strategy": "Plain",
              "Partial Mode": "Partial",
              "Parent Relationship": "Outer",
              "Parallel Aware": false,
              "Startup Cost": 39167.31,
              "Total Cost": 39167.32,
              "Plan Rows": 1,
              "Plan Width": 8,
              "Actual Startup Time": 194.304,
              "Actual Total Time": 194.306,
              "Actual Rows": 1,
              "Actual Loops": 4,
              "Plans": [
                {
                  "Node Type": "Bitmap Heap Scan",
                  "Parent Relationship": "Outer",
                  "Parallel Aware": true,
                  "Relation Name": "movie_keyword",
                  "Alias": "mk",
                  "Startup Cost": 11980.88,
                  "Total Cost": 38711.91,
                  "Plan Rows": 182162,
                  "Plan Width": 0,
                  "Actual Startup Time": 65.479,
                  "Actual Total Time": 183.268,
                  "Actual Rows": 140805,
                  "Actual Loops": 4,
                  "Recheck Cond": "(keyword_id > 32590)",
                  "Rows Removed by Index Recheck": 0,
                  "Exact Heap Blocks": 8400,
                  "Lossy Heap Blocks": 0,
                  "Plans": [
                    {
                      "Node Type": "Bitmap Index Scan",
                      "Parent Relationship": "Outer",
                      "Parallel Aware": false,
                      "Index Name": "keyword_id_movie_keyword",
                      "Startup Cost": 0.0,
                      "Total Cost": 11839.7,
                      "Plan Rows": 564703,
                      "Plan Width": 0,
                      "Actual Startup Time": 66.692,
                      "Actual Total Time": 66.693,
                      "Actual Rows": 563220,
                      "Actual Loops": 1,
                      "Index Cond": "(keyword_id > 32590)"
                    }
                  ]
                }
              ]
            }
          ]
        }
      ]
    },
    "Planning Time": 0.154,
    "Triggers": [],
    "Execution Time": 218.074
  }
]