{
  "Plan": {
    "Node Type": "Aggregate",
    "Strategy": "Plain",
    "Partial Mode": "Finalize",
    "Parallel Aware": false,
    "Startup Cost": 613088.44,
    "Total Cost": 613088.45,
    "Plan Rows": 1,
    "Plan Width": 8,
    "Actual Startup Time": 1085.474,
    "Actual Total Time": 1131.991,
    "Actual Rows": 1,
    "Actual Loops": 1,
    "Plans": [
      {
        "Node Type": "Gather",
        "Parent Relationship": "Outer",
        "Parallel Aware": false,
        "Startup Cost": 613088.33,
        "Total Cost": 613088.44,
        "Plan Rows": 1,
        "Plan Width": 8,
        "Actual Startup Time": 1084.0,
        "Actual Total Time": 1131.984,
        "Actual Rows": 2,
        "Actual Loops": 1,
        "Workers Planned": 1,
        "Workers Launched": 1,
        "Single Copy": false,
        "Plans": [
          {
            "Node Type": "Aggregate",
            "Strategy": "Plain",
            "Partial Mode": "Partial",
            "Parent Relationship": "Outer",
            "Parallel Aware": false,
            "Startup Cost": 612088.33,
            "Total Cost": 612088.34,
            "Plan Rows": 1,
            "Plan Width": 8,
            "Actual Startup Time": 1078.02,
            "Actual Total Time": 1078.024,
            "Actual Rows": 1,
            "Actual Loops": 2,
            "Plans": [
              {
                "Node Type": "Nested Loop",
                "Parent Relationship": "Outer",
                "Parallel Aware": false,
                "Join Type": "Inner",
                "Startup Cost": 63506.07,
                "Total Cost": 608769.53,
                "Plan Rows": 1327518,
                "Plan Width": 0,
                "Actual Startup Time": 238.893,
                "Actual Total Time": 1027.887,
                "Actual Rows": 1122882,
                "Actual Loops": 2,
                "Inner Unique": false,
                "Join Filter": "(t.id = mi.movie_id)",
                "Rows Removed by Join Filter": 0,
                "Plans": [
                  {
                    "Node Type": "Hash Join",
                    "Parent Relationship": "Outer",
                    "Parallel Aware": true,
                    "Join Type": "Inner",
                    "Startup Cost": 63505.63,
                    "Total Cost": 81689.42,
                    "Plan Rows": 227031,
                    "Plan Width": 8,
                    "Actual Startup Time": 238.821,
                    "Actual Total Time": 398.841,
                    "Actual Rows": 118730,
                    "Actual Loops": 2,
                    "Inner Unique": true,
                    "Hash Cond": "(mi_idx.movie_id = t.id)",
                    "Plans": [
                      {
                        "Node Type": "Seq Scan",
                        "Parent Relationship": "Outer",
                        "Parallel Aware": true,
                        "Relation Name": "movie_info_idx",
                        "Alias": "mi_idx",
                        "Startup Cost": 0.0,
                        "Total Cost": 16052.85,
                        "Plan Rows": 811785,
                        "Plan Width": 4,
                        "Actual Startup Time": 0.019,
                        "Actual Total Time": 47.843,
                        "Actual Rows": 690018,
                        "Actual Loops": 2
                      },
                      {
                        "Node Type": "Hash",
                        "Parent Relationship": "Inner",
                        "Parallel Aware": true,
                        "Startup Cost": 58306.47,
                        "Total Cost": 58306.47,
                        "Plan Rows": 415933,
                        "Plan Width": 4,
                        "Actual Startup Time": 229.862,
                        "Actual Total Time": 229.864,
                        "Actual Rows": 297214,
                        "Actual Loops": 2,
                        "Hash Buckets": 1048576,
                        "Original Hash Buckets": 1048576,
                        "Hash Batches": 1,
                        "Original Hash Batches": 1,
                        "Peak Memory Usage": 31488,
                        "Plans": [
                          {
                            "Node Type": "Seq Scan",
                            "Parent Relationship": "Outer",
                            "Parallel Aware": true,
                            "Relation Name": "title",
                            "Alias": "t",
                            "Startup Cost": 0.0,
                            "Total Cost": 58306.47,
                            "Plan Rows": 415933,
                            "Plan Width": 4,
                            "Actual Startup Time": 0.031,
                            "Actual Total Time": 152.617,
                            "Actual Rows": 297214,
                            "Actual Loops": 2,
                            "Filter": "((kind_id > 3) AND (production_year < 2001))",
                            "Rows Removed by Filter": 966942
                          }
                        ]
                      }
                    ]
                  },
                  {
                    "Node Type": "Index Only Scan",
                    "Parent Relationship": "Inner",
                    "Parallel Aware": false,
                    "Scan Direction": "Forward",
                    "Index Name": "movie_id_movie_info",
                    "Relation Name": "movie_info",
                    "Alias": "mi",
                    "Startup Cost": 0.43,
                    "Total Cost": 1.8,
                    "Plan Rows": 42,
                    "Plan Width": 4,
                    "Actual Startup Time": 0.002,
                    "Actual Total Time": 0.004,
                    "Actual Rows": 9,
                    "Actual Loops": 237459,
                    "Index Cond": "(movie_id = mi_idx.movie_id)",
                    "Rows Removed by Index Recheck": 0,
                    "Heap Fetches": 2245764
                  }
                ]
              }
            ]
          }
        ]
      }
    ]
  },
  "Planning Time": 0.99,
  "Triggers": [],
  "Execution Time": 1132.083
}