{
  "Plan": {
    "Node Type": "Aggregate",
    "Strategy": "Plain",
    "Partial Mode": "Finalize",
    "Parallel Aware": false,
    "Startup Cost": 983674.95,
    "Total Cost": 983674.96,
    "Plan Rows": 1,
    "Plan Width": 128,
    "Actual Startup Time": 3405.169,
    "Actual Total Time": 3486.831,
    "Actual Rows": 1,
    "Actual Loops": 1,
    "Plans": [
      {
        "Node Type": "Gather",
        "Parent Relationship": "Outer",
        "Parallel Aware": false,
        "Startup Cost": 983674.83,
        "Total Cost": 983674.94,
        "Plan Rows": 1,
        "Plan Width": 128,
        "Actual Startup Time": 3350.105,
        "Actual Total Time": 3486.809,
        "Actual Rows": 2,
        "Actual Loops": 1,
        "Workers Planned": 1,
        "Workers Launched": 1,
        "Single Copy": false,
        "Plans": [
          {
            "Node Type": "Aggregate",
            "Strategy": "Plain",
            "Partial Mode": "Partial",
            "Parent Relationship": "Outer",
            "Parallel Aware": false,
            "Startup Cost": 982674.83,
            "Total Cost": 982674.84,
            "Plan Rows": 1,
            "Plan Width": 128,
            "Actual Startup Time": 3366.493,
            "Actual Total Time": 3366.503,
            "Actual Rows": 1,
            "Actual Loops": 2,
            "Plans": [
              {
                "Node Type": "Nested Loop",
                "Parent Relationship": "Outer",
                "Parallel Aware": false,
                "Join Type": "Inner",
                "Startup Cost": 929103.21,
                "Total Cost": 982673.09,
                "Plan Rows": 174,
                "Plan Width": 64,
                "Actual Startup Time": 3161.374,
                "Actual Total Time": 3364.536,
                "Actual Rows": 10951,
                "Actual Loops": 2,
                "Inner Unique": true,
                "Plans": [
                  {
                    "Node Type": "Nested Loop",
                    "Parent Relationship": "Outer",
                    "Parallel Aware": false,
                    "Join Type": "Inner",
                    "Startup Cost": 929102.78,
                    "Total Cost": 982586.46,
                    "Plan Rows": 174,
                    "Plan Width": 52,
                    "Actual Startup Time": 3161.335,
                    "Actual Total Time": 3345.281,
                    "Actual Rows": 11720,
                    "Actual Loops": 2,
                    "Inner Unique": false,
                    "Join Filter": "(n.id = an.person_id)",
                    "Rows Removed by Join Filter": 0,
                    "Plans": [
                      {
                        "Node Type": "Nested Loop",
                        "Parent Relationship": "Outer",
                        "Parallel Aware": false,
                        "Join Type": "Inner",
                        "Startup Cost": 929102.36,
                        "Total Cost": 982185.1,
                        "Plan Rows": 802,
                        "Plan Width": 44,
                        "Actual Startup Time": 3158.276,
                        "Actual Total Time": 3328.853,
                        "Actual Rows": 9348,
                        "Actual Loops": 2,
                        "Inner Unique": true,
                        "Plans": [
                          {
                            "Node Type": "Nested Loop",
                            "Parent Relationship": "Outer",
                            "Parallel Aware": false,
                            "Join Type": "Inner",
                            "Startup Cost": 929102.22,
                            "Total Cost": 980684.07,
                            "Plan Rows": 9632,
                            "Plan Width": 48,
                            "Actual Startup Time": 3158.262,
                            "Actual Total Time": 3318.933,
                            "Actual Rows": 11288,
                            "Actual Loops": 2,
                            "Inner Unique": true,
                            "Plans": [
                              {
                                "Node Type": "Nested Loop",
                                "Parent Relationship": "Outer",
                                "Parallel Aware": false,
                                "Join Type": "Inner",
                                "Startup Cost": 929101.8,
                                "Total Cost": 968842.0,
                                "Plan Rows": 26555,
                                "Plan Width": 52,
                                "Actual Startup Time": 3158.13,
                                "Actual Total Time": 3269.463,
                                "Actual Rows": 24950,
                                "Actual Loops": 2,
                                "Inner Unique": false,
                                "Plans": [
                                  {
                                    "Node Type": "Nested Loop",
                                    "Parent Relationship": "Outer",
                                    "Parallel Aware": false,
                                    "Join Type": "Inner",
                                    "Startup Cost": 929101.37,
                                    "Total Cost": 953469.67,
                                    "Plan Rows": 25732,
                                    "Plan Width": 56,
                                    "Actual Startup Time": 3158.039,
                                    "Actual Total Time": 3231.889,
                                    "Actual Rows": 7446,
                                    "Actual Loops": 2,
                                    "Inner Unique": true,
                                    "Plans": [
                                      {
                                        "Node Type": "Merge Join",
                                        "Parent Relationship": "Outer",
                                        "Parallel Aware": false,
                                        "Join Type": "Inner",
                                        "Startup Cost": 929100.94,
                                        "Total Cost": 940731.55,
                                        "Plan Rows": 25732,
                                        "Plan Width": 35,
                                        "Actual Startup Time": 3157.976,
                                        "Actual Total Time": 3194.333,
                                        "Actual Rows": 7446,
                                        "Actual Loops": 2,
                                        "Inner Unique": true,
                                        "Merge Cond": "(ci.person_id = n.id)",
                                        "Plans": [
                                          {
                                            "Node Type": "Sort",
                                            "Parent Relationship": "Outer",
                                            "Parallel Aware": false,
                                            "Startup Cost": 807235.93,
                                            "Total Cost": 812805.24,
                                            "Plan Rows": 2227725,
                                            "Plan Width": 16,
                                            "Actual Startup Time": 2535.818,
                                            "Actual Total Time": 2590.679,
                                            "Actual Rows": 1250378,
                                            "Actual Loops": 2,
                                            "Sort Key": [
                                              "ci.person_id"
                                            ],
                                            "Sort Method": "quicksort",
                                            "Sort Space Used": 212006,
                                            "Sort Space Type": "Memory",
                                            "Workers": [
                                              {
                                                "Worker Number": 0,
                                                "Sort Method": "quicksort",
                                                "Sort Space Used": 111927,
                                                "Sort Space Type": "Memory"
                                              }
                                            ],
                                            "Plans": [
                                              {
                                                "Node Type": "Seq Scan",
                                                "Parent Relationship": "Outer",
                                                "Parallel Aware": true,
                                                "Relation Name": "cast_info",
                                                "Alias": "ci",
                                                "Startup Cost": 0.0,
                                                "Total Cost": 572354.19,
                                                "Plan Rows": 2227725,
                                                "Plan Width": 16,
                                                "Actual Startup Time": 0.054,
                                                "Actual Total Time": 2077.695,
                                                "Actual Rows": 1882410,
                                                "Actual Loops": 2,
                                                "Filter": "(note = ANY ('{\"(executive producer)\",(voice),(uncredited),(producer)}'::text[]))",
                                                "Rows Removed by Filter": 16239762
                                              }
                                            ]
                                          },
                                          {
                                            "Node Type": "Sort",
                                            "Parent Relationship": "Inner",
                                            "Parallel Aware": false,
                                            "Startup Cost": 121864.97,
                                            "Total Cost": 121985.31,
                                            "Plan Rows": 48134,
                                            "Plan Width": 19,
                                            "Actual Startup Time": 534.36,
                                            "Actual Total Time": 537.247,
                                            "Actual Rows": 24353,
                                            "Actual Loops": 2,
                                            "Sort Key": [
                                              "n.id"
                                            ],
                                            "Sort Method": "quicksort",
                                            "Sort Space Used": 2628,
                                            "Sort Space Type": "Memory",
                                            "Workers": [
                                              {
                                                "Worker Number": 0,
                                                "Sort Method": "quicksort",
                                                "Sort Space Used": 2628,
                                                "Sort Space Type": "Memory"
                                              }
                                            ],
                                            "Plans": [
                                              {
                                                "Node Type": "Seq Scan",
                                                "Parent Relationship": "Outer",
                                                "Parallel Aware": false,
                                                "Relation Name": "name",
                                                "Alias": "n",
                                                "Startup Cost": 0.0,
                                                "Total Cost": 118121.4,
                                                "Plan Rows": 48134,
                                                "Plan Width": 19,
                                                "Actual Startup Time": 247.537,
                                                "Actual Total Time": 527.915,
                                                "Actual Rows": 24353,
                                                "Actual Loops": 2,
                                                "Filter": "((name ~~ '%Br%'::text) AND ((gender)::text = 'f'::text))",
                                                "Rows Removed by Filter": 4143138
                                              }
                                            ]
                                          }
                                        ]
                                      },
                                      {
                                        "Node Type": "Index Scan",
                                        "Parent Relationship": "Inner",
                                        "Parallel Aware": false,
                                        "Scan Direction": "Forward",
                                        "Index Name": "title_pkey",
                                        "Relation Name": "title",
                                        "Alias": "t",
                                        "Startup Cost": 0.43,
                                        "Total Cost": 0.5,
                                        "Plan Rows": 1,
                                        "Plan Width": 21,
                                        "Actual Startup Time": 0.005,
                                        "Actual Total Time": 0.005,
                                        "Actual Rows": 1,
                                        "Actual Loops": 14891,
                                        "Index Cond": "(id = ci.movie_id)",
                                        "Rows Removed by Index Recheck": 0
                                      }
                                    ]
                                  },
                                  {
                                    "Node Type": "Index Scan",
                                    "Parent Relationship": "Inner",
                                    "Parallel Aware": false,
                                    "Scan Direction": "Forward",
                                    "Index Name": "movie_id_movie_companies",
                                    "Relation Name": "movie_companies",
                                    "Alias": "mc",
                                    "Startup Cost": 0.43,
                                    "Total Cost": 0.55,
                                    "Plan Rows": 5,
                                    "Plan Width": 8,
                                    "Actual Startup Time": 0.003,
                                    "Actual Total Time": 0.004,
                                    "Actual Rows": 3,
                                    "Actual Loops": 14891,
                                    "Index Cond": "(movie_id = ci.movie_id)",
                                    "Rows Removed by Index Recheck": 0
                                  }
                                ]
                              },
                              {
                                "Node Type": "Index Scan",
                                "Parent Relationship": "Inner",
                                "Parallel Aware": false,
                                "Scan Direction": "Forward",
                                "Index Name": "company_name_pkey",
                                "Relation Name": "company_name",
                                "Alias": "cn",
                                "Startup Cost": 0.42,
                                "Total Cost": 0.45,
                                "Plan Rows": 1,
                                "Plan Width": 4,
                                "Actual Startup Time": 0.002,
                                "Actual Total Time": 0.002,
                                "Actual Rows": 0,
                                "Actual Loops": 49901,
                                "Index Cond": "(id = mc.company_id)",
                                "Rows Removed by Index Recheck": 0,
                                "Filter": "((country_code)::text = '[us]'::text)",
                                "Rows Removed by Filter": 1
                              }
                            ]
                          },
                          {
                            "Node Type": "Index Scan",
                            "Parent Relationship": "Inner",
                            "Parallel Aware": false,
                            "Scan Direction": "Forward",
                            "Index Name": "role_type_pkey",
                            "Relation Name": "role_type",
                            "Alias": "rt",
                            "Startup Cost": 0.14,
                            "Total Cost": 0.16,
                            "Plan Rows": 1,
                            "Plan Width": 4,
                            "Actual Startup Time": 0.001,
                            "Actual Total Time": 0.001,
                            "Actual Rows": 1,
                            "Actual Loops": 22575,
                            "Index Cond": "(id = ci.role_id)",
                            "Rows Removed by Index Recheck": 0,
                            "Filter": "((role)::text = 'actress'::text)",
                            "Rows Removed by Filter": 0
                          }
                        ]
                      },
                      {
                        "Node Type": "Index Scan",
                        "Parent Relationship": "Inner",
                        "Parallel Aware": false,
                        "Scan Direction": "Forward",
                        "Index Name": "person_id_aka_name",
                        "Relation Name": "aka_name",
                        "Alias": "an",
                        "Startup Cost": 0.42,
                        "Total Cost": 0.48,
                        "Plan Rows": 2,
                        "Plan Width": 20,
                        "Actual Startup Time": 0.001,
                        "Actual Total Time": 0.001,
                        "Actual Rows": 1,
                        "Actual Loops": 18697,
                        "Index Cond": "(person_id = ci.person_id)",
                        "Rows Removed by Index Recheck": 0
                      }
                    ]
                  },
                  {
                    "Node Type": "Index Scan",
                    "Parent Relationship": "Inner",
                    "Parallel Aware": false,
                    "Scan Direction": "Forward",
                    "Index Name": "char_name_pkey",
                    "Relation Name": "char_name",
                    "Alias": "chn",
                    "Startup Cost": 0.43,
                    "Total Cost": 0.5,
                    "Plan Rows": 1,
                    "Plan Width": 20,
                    "Actual Startup Time": 0.001,
                    "Actual Total Time": 0.001,
                    "Actual Rows": 1,
                    "Actual Loops": 23441,
                    "Index Cond": "(id = ci.person_role_id)",
                    "Rows Removed by Index Recheck": 0
                  }
                ]
              }
            ]
          }
        ]
      }
    ]
  },
  "Planning Time": 2.498,
  "Triggers": [],
  "Execution Time": 3487.092
}