[
  {
    "Plan": {
      "Node Type": "Aggregate",
      "Strategy": "Plain",
      "Partial Mode": "Finalize",
      "Parallel Aware": false,
      "Startup Cost": 44886.12,
      "Total Cost": 44886.13,
      "Plan Rows": 1,
      "Plan Width": 8,
      "Actual Startup Time": 149.174,
      "Actual Total Time": 160.215,
      "Actual Rows": 1,
      "Actual Loops": 1,
      "Plans": [
        {
          "Node Type": "Gather",
          "Parent Relationship": "Outer",
          "Parallel Aware": false,
          "Startup Cost": 44885.8,
          "Total Cost": 44886.11,
          "Plan Rows": 3,
          "Plan Width": 8,
          "Actual Startup Time": 149.069,
          "Actual Total Time": 160.206,
          "Actual Rows": 4,
          "Actual Loops": 1,
          "Workers Planned": 3,
          "Workers Launched": 3,
          "Single Copy": false,
          "Plans": [
            {
              "Node Type": "Aggregate",
              "Strategy": "Plain",
              "Partial Mode": "Partial",
              "Parent Relationship": "Outer",
              "Parallel Aware": false,
              "Startup Cost": 43885.8,
              "Total Cost": 43885.81,
              "Plan Rows": 1,
              "Plan Width": 8,
              "Actual Startup Time": 143.691,
              "Actual Total Time": 143.692,
              "Actual Rows": 1,
              "Actual Loops": 4,
              "Plans": [
                {
                  "Node Type": "Seq Scan",
                  "Parent Relationship": "Outer",
                  "Parallel Aware": true,
                  "Relation Name": "movie_keyword",
                  "Alias": "mk",
                  "Startup Cost": 0.0,
                  "Total Cost": 42695.65,
                  "Plan Rows": 476058,
                  "Plan Width": 0,
                  "Actual Startup Time": 0.046,
                  "Actual Total Time": 122.684,
                  "Actual Rows": 373384,
                  "Actual Loops": 4,
                  "Filter": "(keyword_id < 2138)",
                  "Rows Removed by Filter": 757598
                }
              ]
            }
          ]
        }
      ]
    },
    "Planning Time": 0.218,
    "Triggers": [],
    "Execution Time": 160.269
  }
]