[
  {
    "Plan": {
      "Node Type": "Aggregate",
      "Strategy": "Plain",
      "Partial Mode": "Finalize",
      "Parallel Aware": false,
      "Startup Cost": 290471.2,
      "Total Cost": 290471.21,
      "Plan Rows": 1,
      "Plan Width": 8,
      "Actual Startup Time": 1631.213,
      "Actual Total Time": 1688.793,
      "Actual Rows": 1,
      "Actual Loops": 1,
      "Plans": [
        {
          "Node Type": "Gather",
          "Parent Relationship": "Outer",
          "Parallel Aware": false,
          "Startup Cost": 290470.68,
          "Total Cost": 290471.19,
          "Plan Rows": 5,
          "Plan Width": 8,
          "Actual Startup Time": 1620.522,
          "Actual Total Time": 1688.782,
          "Actual Rows": 6,
          "Actual Loops": 1,
          "Workers Planned": 5,
          "Workers Launched": 5,
          "Single Copy": false,
          "Plans": [
            {
              "Node Type": "Aggregate",
              "Strategy": "Plain",
              "Partial Mode": "Partial",
              "Parent Relationship": "Outer",
              "Parallel Aware": false,
              "Startup Cost": 289470.68,
              "Total Cost": 289470.69,
              "Plan Rows": 1,
              "Plan Width": 8,
              "Actual Startup Time": 1609.61,
              "Actual Total Time": 1609.894,
              "Actual Rows": 1,
              "Actual Loops": 6,
              "Plans": [
                {
                  "Node Type": "Hash Join",
                  "Parent Relationship": "Outer",
                  "Parallel Aware": true,
                  "Join Type": "Inner",
                  "Startup Cost": 83271.0,
                  "Total Cost": 287694.87,
                  "Plan Rows": 710322,
                  "Plan Width": 0,
                  "Actual Startup Time": 424.78,
                  "Actual Total Time": 1502.049,
                  "Actual Rows": 2131864,
                  "Actual Loops": 6,
                  "Inner Unique": false,
                  "Hash Cond": "(mi.movie_id = t.id)",
                  "Plans": [
                    {
                      "Node Type": "Seq Scan",
                      "Parent Relationship": "Outer",
                      "Parallel Aware": true,
                      "Relation Name": "movie_info",
                      "Alias": "mi",
                      "Startup Cost": 0.0,
                      "Total Cost": 191560.33,
                      "Plan Rows": 2956733,
                      "Plan Width": 4,
                      "Actual Startup Time": 0.032,
                      "Actual Total Time": 338.12,
                      "Actual Rows": 2472620,
                      "Actual Loops": 6
                    },
                    {
                      "Node Type": "Hash",
                      "Parent Relationship": "Inner",
                      "Parallel Aware": true,
                      "Startup Cost": 81372.9,
                      "Total Cost": 81372.9,
                      "Plan Rows": 151848,
                      "Plan Width": 8,
                      "Actual Startup Time": 419.249,
                      "Actual Total Time": 419.531,
                      "Actual Rows": 132593,
                      "Actual Loops": 6,
                      "Hash Buckets": 1048576,
                      "Original Hash Buckets": 1048576,
                      "Hash Batches": 1,
                      "Original Hash Batches": 1,
                      "Peak Memory Usage": 39392,
                      "Plans": [
                        {
                          "Node Type": "Hash Join",
                          "Parent Relationship": "Outer",
                          "Parallel Aware": true,
                          "Join Type": "Inner",
                          "Startup Cost": 34080.73,
                          "Total Cost": 81372.9,
                          "Plan Rows": 151848,
                          "Plan Width": 8,
                          "Actual Startup Time": 139.971,
                          "Actual Total Time": 364.703,
                          "Actual Rows": 132593,
                          "Actual Loops": 6,
                          "Inner Unique": false,
                          "Hash Cond": "(t.id = mc.movie_id)",
                          "Plans": [
                            {
                              "Node Type": "Seq Scan",
                              "Parent Relationship": "Outer",
                              "Parallel Aware": true,
                              "Relation Name": "title",
                              "Alias": "t",
                              "Startup Cost": 0.0,
                              "Total Cost": 43898.92,
                              "Plan Rows": 580684,
                              "Plan Width": 4,
                              "Actual Startup Time": 0.022,
                              "Actual Total Time": 85.853,
                              "Actual Rows": 386717,
                              "Actual Loops": 6,
                              "Filter": "(production_year > 1937)",
                              "Rows Removed by Filter": 34669
                            },
                            {
                              "Node Type": "Hash",
                              "Parent Relationship": "Inner",
                              "Parallel Aware": true,
                              "Startup Cost": 31414.82,
                              "Total Cost": 31414.82,
                              "Plan Rows": 213273,
                              "Plan Width": 4,
                              "Actual Startup Time": 138.079,
                              "Actual Total Time": 138.08,
                              "Actual Rows": 151503,
                              "Actual Loops": 6,
                              "Hash Buckets": 1048576,
                              "Original Hash Buckets": 1048576,
                              "Hash Batches": 1,
                              "Original Hash Batches": 1,
                              "Peak Memory Usage": 43872,
                              "Plans": [
                                {
                                  "Node Type": "Seq Scan",
                                  "Parent Relationship": "Outer",
                                  "Parallel Aware": true,
                                  "Relation Name": "movie_companies",
                                  "Alias": "mc",
                                  "Startup Cost": 0.0,
                                  "Total Cost": 31414.82,
                                  "Plan Rows": 213273,
                                  "Plan Width": 4,
                                  "Actual Startup Time": 41.731,
                                  "Actual Total Time": 75.308,
                                  "Actual Rows": 151503,
                                  "Actual Loops": 6,
                                  "Filter": "((company_id > 11299) AND (company_type_id = 2))",
                                  "Rows Removed by Filter": 283352
                                }
                              ]
                            }
                          ]
                        }
                      ]
                    }
                  ]
                }
              ]
            }
          ]
        }
      ]
    },
    "Planning Time": 1.593,
    "Triggers": [],
    "Execution Time": 1688.897
  }
]