{
    "Plan": {
        "Node Type": "Aggregate",
        "Strategy": "Plain",
        "Partial Mode": "Finalize",
        "Parallel Aware": false,
        "Startup Cost": 476784.43,
        "Total Cost": 476784.44,
        "Plan Rows": 1,
        "Plan Width": 8,
        "Actual Startup Time": 6335.015,
        "Actual Total Time": 6396.248,
        "Actual Rows": 1,
        "Actual Loops": 1,
        "Output": [
            "count(*)"
        ],
        "Plans": [
            {
                "Node Type": "Gather",
                "Parent Relationship": "Outer",
                "Parallel Aware": false,
                "Startup Cost": 476783.81,
                "Total Cost": 476784.42,
                "Plan Rows": 6,
                "Plan Width": 8,
                "Actual Startup Time": 6309.171,
                "Actual Total Time": 6396.221,
                "Actual Rows": 7,
                "Actual Loops": 1,
                "Output": [
                    "(PARTIAL count(*))"
                ],
                "Workers Planned": 6,
                "Workers Launched": 6,
                "Single Copy": false,
                "Plans": [
                    {
                        "Node Type": "Aggregate",
                        "Strategy": "Plain",
                        "Partial Mode": "Partial",
                        "Parent Relationship": "Outer",
                        "Parallel Aware": false,
                        "Startup Cost": 475783.81,
                        "Total Cost": 475783.82,
                        "Plan Rows": 1,
                        "Plan Width": 8,
                        "Actual Startup Time": 6280.082,
                        "Actual Total Time": 6280.481,
                        "Actual Rows": 1,
                        "Actual Loops": 7,
                        "Output": [
                            "PARTIAL count(*)"
                        ],
                        "Workers": [
                            {
                                "Worker Number": 0,
                                "Actual Startup Time": 6274.975,
                                "Actual Total Time": 6274.983,
                                "Actual Rows": 1,
                                "Actual Loops": 1
                            },
                            {
                                "Worker Number": 1,
                                "Actual Startup Time": 6277.708,
                                "Actual Total Time": 6277.716,
                                "Actual Rows": 1,
                                "Actual Loops": 1
                            },
                            {
                                "Worker Number": 2,
                                "Actual Startup Time": 6275.05,
                                "Actual Total Time": 6275.061,
                                "Actual Rows": 1,
                                "Actual Loops": 1
                            },
                            {
                                "Worker Number": 3,
                                "Actual Startup Time": 6274.97,
                                "Actual Total Time": 6274.98,
                                "Actual Rows": 1,
                                "Actual Loops": 1
                            },
                            {
                                "Worker Number": 4,
                                "Actual Startup Time": 6274.956,
                                "Actual Total Time": 6274.964,
                                "Actual Rows": 1,
                                "Actual Loops": 1
                            },
                            {
                                "Worker Number": 5,
                                "Actual Startup Time": 6275.006,
                                "Actual Total Time": 6275.014,
                                "Actual Rows": 1,
                                "Actual Loops": 1
                            }
                        ],
                        "Plans": [
                            {
                                "Node Type": "Hash Join",
                                "Parent Relationship": "Outer",
                                "Parallel Aware": true,
                                "Join Type": "Inner",
                                "Startup Cost": 105363.81,
                                "Total Cost": 460653.31,
                                "Plan Rows": 6052199,
                                "Plan Width": 0,
                                "Actual Startup Time": 697.39,
                                "Actual Total Time": 5423.643,
                                "Actual Rows": 18421250,
                                "Actual Loops": 7,
                                "Inner Unique": false,
                                "Hash Cond": "(ci.movie_id = t.id)",
                                "Workers": [
                                    {
                                        "Worker Number": 0,
                                        "Actual Startup Time": 692.729,
                                        "Actual Total Time": 5372.632,
                                        "Actual Rows": 18346371,
                                        "Actual Loops": 1
                                    },
                                    {
                                        "Worker Number": 1,
                                        "Actual Startup Time": 692.402,
                                        "Actual Total Time": 5508.764,
                                        "Actual Rows": 16644848,
                                        "Actual Loops": 1
                                    },
                                    {
                                        "Worker Number": 2,
                                        "Actual Startup Time": 692.773,
                                        "Actual Total Time": 5371.216,
                                        "Actual Rows": 18425283,
                                        "Actual Loops": 1
                                    },
                                    {
                                        "Worker Number": 3,
                                        "Actual Startup Time": 692.738,
                                        "Actual Total Time": 5365.143,
                                        "Actual Rows": 18209804,
                                        "Actual Loops": 1
                                    },
                                    {
                                        "Worker Number": 4,
                                        "Actual Startup Time": 692.791,
                                        "Actual Total Time": 5400.217,
                                        "Actual Rows": 19665984,
                                        "Actual Loops": 1
                                    },
                                    {
                                        "Worker Number": 5,
                                        "Actual Startup Time": 692.719,
                                        "Actual Total Time": 5404.326,
                                        "Actual Rows": 19560990,
                                        "Actual Loops": 1
                                    }
                                ],
                                "Plans": [
                                    {
                                        "Node Type": "Seq Scan",
                                        "Parent Relationship": "Outer",
                                        "Parallel Aware": true,
                                        "Relation Name": "cast_info",
                                        "Schema": "public",
                                        "Alias": "ci",
                                        "Startup Cost": 0.0,
                                        "Total Cost": 313108.29,
                                        "Plan Rows": 6042129,
                                        "Plan Width": 4,
                                        "Actual Startup Time": 0.036,
                                        "Actual Total Time": 728.132,
                                        "Actual Rows": 5177763,
                                        "Actual Loops": 7,
                                        "Output": [
                                            "ci.id",
                                            "ci.person_id",
                                            "ci.movie_id",
                                            "ci.person_role_id",
                                            "ci.note",
                                            "ci.nr_order",
                                            "ci.role_id"
                                        ],
                                        "Workers": [
                                            {
                                                "Worker Number": 0,
                                                "Actual Startup Time": 0.041,
                                                "Actual Total Time": 751.224,
                                                "Actual Rows": 5162327,
                                                "Actual Loops": 1
                                            },
                                            {
                                                "Worker Number": 1,
                                                "Actual Startup Time": 0.058,
                                                "Actual Total Time": 754.0,
                                                "Actual Rows": 4515828,
                                                "Actual Loops": 1
                                            },
                                            {
                                                "Worker Number": 2,
                                                "Actual Startup Time": 0.032,
                                                "Actual Total Time": 752.322,
                                                "Actual Rows": 5209727,
                                                "Actual Loops": 1
                                            },
                                            {
                                                "Worker Number": 3,
                                                "Actual Startup Time": 0.029,
                                                "Actual Total Time": 755.779,
                                                "Actual Rows": 5128775,
                                                "Actual Loops": 1
                                            },
                                            {
                                                "Worker Number": 4,
                                                "Actual Startup Time": 0.03,
                                                "Actual Total Time": 747.427,
                                                "Actual Rows": 5568965,
                                                "Actual Loops": 1
                                            },
                                            {
                                                "Worker Number": 5,
                                                "Actual Startup Time": 0.041,
                                                "Actual Total Time": 756.52,
                                                "Actual Rows": 5570064,
                                                "Actual Loops": 1
                                            }
                                        ]
                                    },
                                    {
                                        "Node Type": "Hash",
                                        "Parent Relationship": "Inner",
                                        "Parallel Aware": true,
                                        "Startup Cost": 95151.97,
                                        "Total Cost": 95151.97,
                                        "Plan Rows": 816947,
                                        "Plan Width": 8,
                                        "Actual Startup Time": 688.639,
                                        "Actual Total Time": 689.035,
                                        "Actual Rows": 318224,
                                        "Actual Loops": 7,
                                        "Output": [
                                            "t.id",
                                            "mk.movie_id"
                                        ],
                                        "Hash Buckets": 4194304,
                                        "Original Hash Buckets": 4194304,
                                        "Hash Batches": 1,
                                        "Original Hash Batches": 1,
                                        "Peak Memory Usage": 120032,
                                        "Workers": [
                                            {
                                                "Worker Number": 0,
                                                "Actual Startup Time": 691.819,
                                                "Actual Total Time": 691.825,
                                                "Actual Rows": 290844,
                                                "Actual Loops": 1
                                            },
                                            {
                                                "Worker Number": 1,
                                                "Actual Startup Time": 691.483,
                                                "Actual Total Time": 691.488,
                                                "Actual Rows": 243980,
                                                "Actual Loops": 1
                                            },
                                            {
                                                "Worker Number": 2,
                                                "Actual Startup Time": 691.744,
                                                "Actual Total Time": 691.752,
                                                "Actual Rows": 290315,
                                                "Actual Loops": 1
                                            },
                                            {
                                                "Worker Number": 3,
                                                "Actual Startup Time": 691.809,
                                                "Actual Total Time": 691.816,
                                                "Actual Rows": 294148,
                                                "Actual Loops": 1
                                            },
                                            {
                                                "Worker Number": 4,
                                                "Actual Startup Time": 691.675,
                                                "Actual Total Time": 691.681,
                                                "Actual Rows": 367516,
                                                "Actual Loops": 1
                                            },
                                            {
                                                "Worker Number": 5,
                                                "Actual Startup Time": 691.707,
                                                "Actual Total Time": 691.713,
                                                "Actual Rows": 363646,
                                                "Actual Loops": 1
                                            }
                                        ],
                                        "Plans": [
                                            {
                                                "Node Type": "Hash Join",
                                                "Parent Relationship": "Outer",
                                                "Parallel Aware": true,
                                                "Join Type": "Inner",
                                                "Startup Cost": 49345.27,
                                                "Total Cost": 95151.97,
                                                "Plan Rows": 816947,
                                                "Plan Width": 8,
                                                "Actual Startup Time": 297.219,
                                                "Actual Total Time": 536.349,
                                                "Actual Rows": 318224,
                                                "Actual Loops": 7,
                                                "Output": [
                                                    "t.id",
                                                    "mk.movie_id"
                                                ],
                                                "Inner Unique": true,
                                                "Hash Cond": "(mk.movie_id = t.id)",
                                                "Workers": [
                                                    {
                                                        "Worker Number": 0,
                                                        "Actual Startup Time": 297.154,
                                                        "Actual Total Time": 537.709,
                                                        "Actual Rows": 290844,
                                                        "Actual Loops": 1
                                                    },
                                                    {
                                                        "Worker Number": 1,
                                                        "Actual Startup Time": 297.126,
                                                        "Actual Total Time": 535.451,
                                                        "Actual Rows": 243980,
                                                        "Actual Loops": 1
                                                    },
                                                    {
                                                        "Worker Number": 2,
                                                        "Actual Startup Time": 297.387,
                                                        "Actual Total Time": 537.783,
                                                        "Actual Rows": 290315,
                                                        "Actual Loops": 1
                                                    },
                                                    {
                                                        "Worker Number": 3,
                                                        "Actual Startup Time": 297.14,
                                                        "Actual Total Time": 536.539,
                                                        "Actual Rows": 294148,
                                                        "Actual Loops": 1
                                                    },
                                                    {
                                                        "Worker Number": 4,
                                                        "Actual Startup Time": 297.318,
                                                        "Actual Total Time": 538.983,
                                                        "Actual Rows": 367516,
                                                        "Actual Loops": 1
                                                    },
                                                    {
                                                        "Worker Number": 5,
                                                        "Actual Startup Time": 297.11,
                                                        "Actual Total Time": 536.878,
                                                        "Actual Rows": 363646,
                                                        "Actual Loops": 1
                                                    }
                                                ],
                                                "Plans": [
                                                    {
                                                        "Node Type": "Seq Scan",
                                                        "Parent Relationship": "Outer",
                                                        "Parallel Aware": true,
                                                        "Relation Name": "movie_keyword",
                                                        "Schema": "public",
                                                        "Alias": "mk",
                                                        "Startup Cost": 0.0,
                                                        "Total Cost": 42695.65,
                                                        "Plan Rows": 1185163,
                                                        "Plan Width": 4,
                                                        "Actual Startup Time": 0.05,
                                                        "Actual Total Time": 113.065,
                                                        "Actual Rows": 525002,
                                                        "Actual Loops": 7,
                                                        "Output": [
                                                            "mk.id",
                                                            "mk.movie_id",
                                                            "mk.keyword_id"
                                                        ],
                                                        "Filter": "(mk.keyword_id > 810)",
                                                        "Rows Removed by Filter": 121273,
                                                        "Workers": [
                                                            {
                                                                "Worker Number": 0,
                                                                "Actual Startup Time": 0.048,
                                                                "Actual Total Time": 117.279,
                                                                "Actual Rows": 482047,
                                                                "Actual Loops": 1
                                                            },
                                                            {
                                                                "Worker Number": 1,
                                                                "Actual Startup Time": 0.064,
                                                                "Actual Total Time": 115.901,
                                                                "Actual Rows": 402920,
                                                                "Actual Loops": 1
                                                            },
                                                            {
                                                                "Worker Number": 2,
                                                                "Actual Startup Time": 0.035,
                                                                "Actual Total Time": 117.098,
                                                                "Actual Rows": 482255,
                                                                "Actual Loops": 1
                                                            },
                                                            {
                                                                "Worker Number": 3,
                                                                "Actual Startup Time": 0.082,
                                                                "Actual Total Time": 116.63,
                                                                "Actual Rows": 481364,
                                                                "Actual Loops": 1
                                                            },
                                                            {
                                                                "Worker Number": 4,
                                                                "Actual Startup Time": 0.037,
                                                                "Actual Total Time": 115.544,
                                                                "Actual Rows": 599623,
                                                                "Actual Loops": 1
                                                            },
                                                            {
                                                                "Worker Number": 5,
                                                                "Actual Startup Time": 0.068,
                                                                "Actual Total Time": 115.68,
                                                                "Actual Rows": 601547,
                                                                "Actual Loops": 1
                                                            }
                                                        ]
                                                    },
                                                    {
                                                        "Node Type": "Hash",
                                                        "Parent Relationship": "Inner",
                                                        "Parallel Aware": true,
                                                        "Startup Cost": 43899.01,
                                                        "Total Cost": 43899.01,
                                                        "Plan Rows": 435701,
                                                        "Plan Width": 4,
                                                        "Actual Startup Time": 294.043,
                                                        "Actual Total Time": 294.045,
                                                        "Actual Rows": 249862,
                                                        "Actual Loops": 7,
                                                        "Output": [
                                                            "t.id"
                                                        ],
                                                        "Hash Buckets": 2097152,
                                                        "Original Hash Buckets": 2097152,
                                                        "Hash Batches": 1,
                                                        "Original Hash Batches": 1,
                                                        "Peak Memory Usage": 84928,
                                                        "Workers": [
                                                            {
                                                                "Worker Number": 0,
                                                                "Actual Startup Time": 296.92,
                                                                "Actual Total Time": 296.922,
                                                                "Actual Rows": 233631,
                                                                "Actual Loops": 1
                                                            },
                                                            {
                                                                "Worker Number": 1,
                                                                "Actual Startup Time": 296.935,
                                                                "Actual Total Time": 296.937,
                                                                "Actual Rows": 182098,
                                                                "Actual Loops": 1
                                                            },
                                                            {
                                                                "Worker Number": 2,
                                                                "Actual Startup Time": 296.917,
                                                                "Actual Total Time": 296.92,
                                                                "Actual Rows": 239824,
                                                                "Actual Loops": 1
                                                            },
                                                            {
                                                                "Worker Number": 3,
                                                                "Actual Startup Time": 296.968,
                                                                "Actual Total Time": 296.97,
                                                                "Actual Rows": 242670,
                                                                "Actual Loops": 1
                                                            },
                                                            {
                                                                "Worker Number": 4,
                                                                "Actual Startup Time": 296.902,
                                                                "Actual Total Time": 296.905,
                                                                "Actual Rows": 285958,
                                                                "Actual Loops": 1
                                                            },
                                                            {
                                                                "Worker Number": 5,
                                                                "Actual Startup Time": 296.954,
                                                                "Actual Total Time": 296.955,
                                                                "Actual Rows": 275965,
                                                                "Actual Loops": 1
                                                            }
                                                        ],
                                                        "Plans": [
                                                            {
                                                                "Node Type": "Seq Scan",
                                                                "Parent Relationship": "Outer",
                                                                "Parallel Aware": true,
                                                                "Relation Name": "title",
                                                                "Schema": "public",
                                                                "Alias": "t",
                                                                "Startup Cost": 0.0,
                                                                "Total Cost": 43899.01,
                                                                "Plan Rows": 435701,
                                                                "Plan Width": 4,
                                                                "Actual Startup Time": 0.094,
                                                                "Actual Total Time": 111.004,
                                                                "Actual Rows": 249862,
                                                                "Actual Loops": 7,
                                                                "Output": [
                                                                    "t.id"
                                                                ],
                                                                "Filter": "(t.production_year > 1990)",
                                                                "Rows Removed by Filter": 111326,
                                                                "Workers": [
                                                                    {
                                                                        "Worker Number": 0,
                                                                        "Actual Startup Time": 0.101,
                                                                        "Actual Total Time": 121.062,
                                                                        "Actual Rows": 233631,
                                                                        "Actual Loops": 1
                                                                    },
                                                                    {
                                                                        "Worker Number": 1,
                                                                        "Actual Startup Time": 0.135,
                                                                        "Actual Total Time": 107.743,
                                                                        "Actual Rows": 182098,
                                                                        "Actual Loops": 1
                                                                    },
                                                                    {
                                                                        "Worker Number": 2,
                                                                        "Actual Startup Time": 0.103,
                                                                        "Actual Total Time": 120.591,
                                                                        "Actual Rows": 239824,
                                                                        "Actual Loops": 1
                                                                    },
                                                                    {
                                                                        "Worker Number": 3,
                                                                        "Actual Startup Time": 0.097,
                                                                        "Actual Total Time": 118.262,
                                                                        "Actual Rows": 242670,
                                                                        "Actual Loops": 1
                                                                    },
                                                                    {
                                                                        "Worker Number": 4,
                                                                        "Actual Startup Time": 0.088,
                                                                        "Actual Total Time": 109.997,
                                                                        "Actual Rows": 285958,
                                                                        "Actual Loops": 1
                                                                    },
                                                                    {
                                                                        "Worker Number": 5,
                                                                        "Actual Startup Time": 0.1,
                                                                        "Actual Total Time": 116.602,
                                                                        "Actual Rows": 275965,
                                                                        "Actual Loops": 1
                                                                    }
                                                                ]
                                                            }
                                                        ]
                                                    }
                                                ]
                                            }
                                        ]
                                    }
                                ]
                            }
                        ]
                    }
                ]
            }
        ]
    },
    "Planning Time": 1.704,
    "Triggers": [],
    "Execution Time": 6396.415
}