[
  {
    "Plan": {
      "Node Type": "Aggregate",
      "Strategy": "Plain",
      "Partial Mode": "Finalize",
      "Parallel Aware": false,
      "Startup Cost": 77391.46,
      "Total Cost": 77391.47,
      "Plan Rows": 1,
      "Plan Width": 8,
      "Actual Startup Time": 211.216,
      "Actual Total Time": 226.017,
      "Actual Rows": 1,
      "Actual Loops": 1,
      "Plans": [
        {
          "Node Type": "Gather",
          "Parent Relationship": "Outer",
          "Parallel Aware": false,
          "Startup Cost": 77391.15,
          "Total Cost": 77391.46,
          "Plan Rows": 3,
          "Plan Width": 8,
          "Actual Startup Time": 210.735,
          "Actual Total Time": 226.009,
          "Actual Rows": 4,
          "Actual Loops": 1,
          "Workers Planned": 3,
          "Workers Launched": 3,
          "Single Copy": false,
          "Plans": [
            {
              "Node Type": "Aggregate",
              "Strategy": "Plain",
              "Partial Mode": "Partial",
              "Parent Relationship": "Outer",
              "Parallel Aware": false,
              "Startup Cost": 76391.15,
              "Total Cost": 76391.16,
              "Plan Rows": 1,
              "Plan Width": 8,
              "Actual Startup Time": 202.212,
              "Actual Total Time": 202.214,
              "Actual Rows": 1,
              "Actual Loops": 4,
              "Plans": [
                {
                  "Node Type": "Hash Join",
                  "Parent Relationship": "Outer",
                  "Parallel Aware": true,
                  "Join Type": "Inner",
                  "Startup Cost": 45892.97,
                  "Total Cost": 76334.72,
                  "Plan Rows": 22571,
                  "Plan Width": 0,
                  "Actual Startup Time": 103.321,
                  "Actual Total Time": 201.5,
                  "Actual Rows": 14242,
                  "Actual Loops": 4,
                  "Inner Unique": true,
                  "Hash Cond": "(mc.movie_id = t.id)",
                  "Plans": [
                    {
                      "Node Type": "Seq Scan",
                      "Parent Relationship": "Outer",
                      "Parallel Aware": true,
                      "Relation Name": "movie_companies",
                      "Alias": "mc",
                      "Startup Cost": 0.0,
                      "Total Cost": 29310.68,
                      "Plan Rows": 430881,
                      "Plan Width": 4,
                      "Actual Startup Time": 0.017,
                      "Actual Total Time": 62.856,
                      "Actual Rows": 333630,
                      "Actual Loops": 4,
                      "Filter": "(company_id < 11416)",
                      "Rows Removed by Filter": 318652
                    },
                    {
                      "Node Type": "Hash",
                      "Parent Relationship": "Inner",
                      "Parallel Aware": true,
                      "Startup Cost": 45479.1,
                      "Total Cost": 45479.1,
                      "Plan Rows": 33110,
                      "Plan Width": 4,
                      "Actual Startup Time": 100.827,
                      "Actual Total Time": 100.828,
                      "Actual Rows": 30118,
                      "Actual Loops": 4,
                      "Hash Buckets": 262144,
                      "Original Hash Buckets": 262144,
                      "Hash Batches": 1,
                      "Original Hash Batches": 1,
                      "Peak Memory Usage": 6816,
                      "Plans": [
                        {
                          "Node Type": "Seq Scan",
                          "Parent Relationship": "Outer",
                          "Parallel Aware": true,
                          "Relation Name": "title",
                          "Alias": "t",
                          "Startup Cost": 0.0,
                          "Total Cost": 45479.1,
                          "Plan Rows": 33110,
                          "Plan Width": 4,
                          "Actual Startup Time": 0.147,
                          "Actual Total Time": 91.513,
                          "Actual Rows": 30118,
                          "Actual Loops": 4,
                          "Filter": "((kind_id < 4) AND (production_year > 2010))",
                          "Rows Removed by Filter": 601960
                        }
                      ]
                    }
                  ]
                }
              ]
            }
          ]
        }
      ]
    },
    "Planning Time": 0.699,
    "Triggers": [],
    "Execution Time": 226.094
  }
]