[
  {
    "Plan": {
      "Node Type": "Aggregate",
      "Strategy": "Plain",
      "Partial Mode": "Finalize",
      "Parallel Aware": false,
      "Startup Cost": 31129.9,
      "Total Cost": 31129.91,
      "Plan Rows": 1,
      "Plan Width": 8,
      "Actual Startup Time": 96.363,
      "Actual Total Time": 103.841,
      "Actual Rows": 1,
      "Actual Loops": 1,
      "Plans": [
        {
          "Node Type": "Gather",
          "Parent Relationship": "Outer",
          "Parallel Aware": false,
          "Startup Cost": 31129.58,
          "Total Cost": 31129.89,
          "Plan Rows": 3,
          "Plan Width": 8,
          "Actual Startup Time": 96.248,
          "Actual Total Time": 103.833,
          "Actual Rows": 4,
          "Actual Loops": 1,
          "Workers Planned": 3,
          "Workers Launched": 3,
          "Single Copy": false,
          "Plans": [
            {
              "Node Type": "Aggregate",
              "Strategy": "Plain",
              "Partial Mode": "Partial",
              "Parent Relationship": "Outer",
              "Parallel Aware": false,
              "Startup Cost": 30129.58,
              "Total Cost": 30129.59,
              "Plan Rows": 1,
              "Plan Width": 8,
              "Actual Startup Time": 91.012,
              "Actual Total Time": 91.013,
              "Actual Rows": 1,
              "Actual Loops": 4,
              "Plans": [
                {
                  "Node Type": "Seq Scan",
                  "Parent Relationship": "Outer",
                  "Parallel Aware": true,
                  "Relation Name": "movie_companies",
                  "Alias": "mc",
                  "Startup Cost": 0.0,
                  "Total Cost": 29310.68,
                  "Plan Rows": 327560,
                  "Plan Width": 0,
                  "Actual Startup Time": 0.031,
                  "Actual Total Time": 75.952,
                  "Actual Rows": 253276,
                  "Actual Loops": 4,
                  "Filter": "(company_id < 5144)",
                  "Rows Removed by Filter": 399006
                }
              ]
            }
          ]
        }
      ]
    },
    "Planning Time": 0.118,
    "Triggers": [],
    "Execution Time": 103.878
  }
]