[
    {
        "Bao": {
            "Bao prediction": "NaN",
            "Bao recommended hint": "(no hint)"
        }
    },
    {
        "Plan": {
            "Node Type": "Aggregate",
            "Strategy": "Plain",
            "Partial Mode": "Finalize",
            "Parallel Aware": false,
            "Startup Cost": 73901.25,
            "Total Cost": 73901.26,
            "Plan Rows": 1,
            "Plan Width": 8,
            "Actual Startup Time": 252.867,
            "Actual Total Time": 265.547,
            "Actual Rows": 1,
            "Actual Loops": 1,
            "Output": [
                "count(*)"
            ],
            "Plans": [
                {
                    "Node Type": "Gather",
                    "Parent Relationship": "Outer",
                    "Parallel Aware": false,
                    "Startup Cost": 73900.93,
                    "Total Cost": 73901.24,
                    "Plan Rows": 3,
                    "Plan Width": 8,
                    "Actual Startup Time": 249.142,
                    "Actual Total Time": 265.529,
                    "Actual Rows": 4,
                    "Actual Loops": 1,
                    "Output": [
                        "(PARTIAL count(*))"
                    ],
                    "Workers Planned": 3,
                    "Workers Launched": 3,
                    "Single Copy": false,
                    "Plans": [
                        {
                            "Node Type": "Aggregate",
                            "Strategy": "Plain",
                            "Partial Mode": "Partial",
                            "Parent Relationship": "Outer",
                            "Parallel Aware": false,
                            "Startup Cost": 72900.93,
                            "Total Cost": 72900.94,
                            "Plan Rows": 1,
                            "Plan Width": 8,
                            "Actual Startup Time": 239.653,
                            "Actual Total Time": 239.656,
                            "Actual Rows": 1,
                            "Actual Loops": 4,
                            "Output": [
                                "PARTIAL count(*)"
                            ],
                            "Workers": [
                                {
                                    "Worker Number": 0,
                                    "Actual Startup Time": 236.49,
                                    "Actual Total Time": 236.493,
                                    "Actual Rows": 1,
                                    "Actual Loops": 1
                                },
                                {
                                    "Worker Number": 1,
                                    "Actual Startup Time": 236.461,
                                    "Actual Total Time": 236.464,
                                    "Actual Rows": 1,
                                    "Actual Loops": 1
                                },
                                {
                                    "Worker Number": 2,
                                    "Actual Startup Time": 237.028,
                                    "Actual Total Time": 237.031,
                                    "Actual Rows": 1,
                                    "Actual Loops": 1
                                }
                            ],
                            "Plans": [
                                {
                                    "Node Type": "Hash Join",
                                    "Parent Relationship": "Outer",
                                    "Parallel Aware": true,
                                    "Join Type": "Inner",
                                    "Startup Cost": 47005.34,
                                    "Total Cost": 72892.58,
                                    "Plan Rows": 3342,
                                    "Plan Width": 0,
                                    "Actual Startup Time": 210.213,
                                    "Actual Total Time": 239.23,
                                    "Actual Rows": 3614,
                                    "Actual Loops": 4,
                                    "Inner Unique": true,
                                    "Hash Cond": "(mk.movie_id = t.id)",
                                    "Workers": [
                                        {
                                            "Worker Number": 0,
                                            "Actual Startup Time": 206.826,
                                            "Actual Total Time": 236.09,
                                            "Actual Rows": 2455,
                                            "Actual Loops": 1
                                        },
                                        {
                                            "Worker Number": 1,
                                            "Actual Startup Time": 207.044,
                                            "Actual Total Time": 236.116,
                                            "Actual Rows": 3572,
                                            "Actual Loops": 1
                                        },
                                        {
                                            "Worker Number": 2,
                                            "Actual Startup Time": 207.89,
                                            "Actual Total Time": 236.62,
                                            "Actual Rows": 2521,
                                            "Actual Loops": 1
                                        }
                                    ],
                                    "Plans": [
                                        {
                                            "Node Type": "Bitmap Heap Scan",
                                            "Parent Relationship": "Outer",
                                            "Parallel Aware": true,
                                            "Relation Name": "movie_keyword",
                                            "Schema": "public",
                                            "Alias": "mk",
                                            "Startup Cost": 736.06,
                                            "Total Cost": 26594.05,
                                            "Plan Rows": 11140,
                                            "Plan Width": 4,
                                            "Actual Startup Time": 8.847,
                                            "Actual Total Time": 31.125,
                                            "Actual Rows": 8678,
                                            "Actual Loops": 4,
                                            "Output": [
                                                "mk.id",
                                                "mk.movie_id",
                                                "mk.keyword_id"
                                            ],
                                            "Recheck Cond": "(mk.keyword_id = 2488)",
                                            "Rows Removed by Index Recheck": 0,
                                            "Exact Heap Blocks": 5900,
                                            "Lossy Heap Blocks": 0,
                                            "Workers": [
                                                {
                                                    "Worker Number": 0,
                                                    "Actual Startup Time": 9.001,
                                                    "Actual Total Time": 31.914,
                                                    "Actual Rows": 5985,
                                                    "Actual Loops": 1
                                                },
                                                {
                                                    "Worker Number": 1,
                                                    "Actual Startup Time": 8.735,
                                                    "Actual Total Time": 31.93,
                                                    "Actual Rows": 8564,
                                                    "Actual Loops": 1
                                                },
                                                {
                                                    "Worker Number": 2,
                                                    "Actual Startup Time": 8.915,
                                                    "Actual Total Time": 31.855,
                                                    "Actual Rows": 5948,
                                                    "Actual Loops": 1
                                                }
                                            ],
                                            "Plans": [
                                                {
                                                    "Node Type": "Bitmap Index Scan",
                                                    "Parent Relationship": "Outer",
                                                    "Parallel Aware": false,
                                                    "Index Name": "keyword_id_movie_keyword",
                                                    "Startup Cost": 0.0,
                                                    "Total Cost": 727.43,
                                                    "Plan Rows": 34533,
                                                    "Plan Width": 0,
                                                    "Actual Startup Time": 5.376,
                                                    "Actual Total Time": 5.377,
                                                    "Actual Rows": 34710,
                                                    "Actual Loops": 1,
                                                    "Index Cond": "(mk.keyword_id = 2488)"
                                                }
                                            ]
                                        },
                                        {
                                            "Node Type": "Hash",
                                            "Parent Relationship": "Inner",
                                            "Parallel Aware": true,
                                            "Startup Cost": 43899.01,
                                            "Total Cost": 43899.01,
                                            "Plan Rows": 189622,
                                            "Plan Width": 4,
                                            "Actual Startup Time": 197.657,
                                            "Actual Total Time": 197.658,
                                            "Actual Rows": 188976,
                                            "Actual Loops": 4,
                                            "Output": [
                                                "t.id"
                                            ],
                                            "Hash Buckets": 1048576,
                                            "Original Hash Buckets": 1048576,
                                            "Hash Batches": 1,
                                            "Original Hash Batches": 1,
                                            "Peak Memory Usage": 37824,
                                            "Workers": [
                                                {
                                                    "Worker Number": 0,
                                                    "Actual Startup Time": 197.177,
                                                    "Actual Total Time": 197.177,
                                                    "Actual Rows": 154461,
                                                    "Actual Loops": 1
                                                },
                                                {
                                                    "Worker Number": 1,
                                                    "Actual Startup Time": 197.78,
                                                    "Actual Total Time": 197.781,
                                                    "Actual Rows": 230961,
                                                    "Actual Loops": 1
                                                },
                                                {
                                                    "Worker Number": 2,
                                                    "Actual Startup Time": 198.27,
                                                    "Actual Total Time": 198.271,
                                                    "Actual Rows": 159214,
                                                    "Actual Loops": 1
                                                }
                                            ],
                                            "Plans": [
                                                {
                                                    "Node Type": "Seq Scan",
                                                    "Parent Relationship": "Outer",
                                                    "Parallel Aware": true,
                                                    "Relation Name": "title",
                                                    "Schema": "public",
                                                    "Alias": "t",
                                                    "Startup Cost": 0.0,
                                                    "Total Cost": 43899.01,
                                                    "Plan Rows": 189622,
                                                    "Plan Width": 4,
                                                    "Actual Startup Time": 0.045,
                                                    "Actual Total Time": 117.342,
                                                    "Actual Rows": 188976,
                                                    "Actual Loops": 4,
                                                    "Output": [
                                                        "t.id"
                                                    ],
                                                    "Filter": "(t.production_year < 1993)",
                                                    "Rows Removed by Filter": 443102,
                                                    "Workers": [
                                                        {
                                                            "Worker Number": 0,
                                                            "Actual Startup Time": 0.048,
                                                            "Actual Total Time": 120.295,
                                                            "Actual Rows": 154461,
                                                            "Actual Loops": 1
                                                        },
                                                        {
                                                            "Worker Number": 1,
                                                            "Actual Startup Time": 0.05,
                                                            "Actual Total Time": 117.229,
                                                            "Actual Rows": 230961,
                                                            "Actual Loops": 1
                                                        },
                                                        {
                                                            "Worker Number": 2,
                                                            "Actual Startup Time": 0.062,
                                                            "Actual Total Time": 119.48,
                                                            "Actual Rows": 159214,
                                                            "Actual Loops": 1
                                                        }
                                                    ]
                                                }
                                            ]
                                        }
                                    ]
                                }
                            ]
                        }
                    ]
                }
            ]
        },
        "Planning Time": 289.834,
        "Triggers": [],
        "Execution Time": 265.642
    }
]