[
    {
        "Bao": {
            "Bao prediction": 611.665,
            "Bao recommended hint": "SET enable_mergejoin TO off; SET enable_indexscan TO off; "
        }
    },
    {
        "Plan": {
            "Node Type": "Aggregate",
            "Strategy": "Plain",
            "Partial Mode": "Simple",
            "Parallel Aware": false,
            "Startup Cost": 8068.66,
            "Total Cost": 8068.67,
            "Plan Rows": 1,
            "Plan Width": 96,
            "Actual Startup Time": 1162.336,
            "Actual Total Time": 1162.347,
            "Actual Rows": 1,
            "Actual Loops": 1,
            "Output": [
                "min(cn.name)",
                "min(mi_idx.info)",
                "min(t.title)"
            ],
            "Plans": [
                {
                    "Node Type": "Nested Loop",
                    "Parent Relationship": "Outer",
                    "Parallel Aware": false,
                    "Join Type": "Inner",
                    "Startup Cost": 13.86,
                    "Total Cost": 8068.65,
                    "Plan Rows": 1,
                    "Plan Width": 41,
                    "Actual Startup Time": 20.603,
                    "Actual Total Time": 1160.536,
                    "Actual Rows": 5551,
                    "Actual Loops": 1,
                    "Output": [
                        "cn.name",
                        "mi_idx.info",
                        "t.title"
                    ],
                    "Inner Unique": true,
                    "Join Filter": "(mi.info_type_id = it1.id)",
                    "Rows Removed by Join Filter": 707,
                    "Plans": [
                        {
                            "Node Type": "Nested Loop",
                            "Parent Relationship": "Outer",
                            "Parallel Aware": false,
                            "Join Type": "Inner",
                            "Startup Cost": 13.86,
                            "Total Cost": 8066.23,
                            "Plan Rows": 1,
                            "Plan Width": 45,
                            "Actual Startup Time": 20.587,
                            "Actual Total Time": 1131.587,
                            "Actual Rows": 6258,
                            "Actual Loops": 1,
                            "Output": [
                                "cn.name",
                                "mi.info_type_id",
                                "mi_idx.info",
                                "t.title"
                            ],
                            "Inner Unique": false,
                            "Join Filter": "(t.id = mi.movie_id)",
                            "Rows Removed by Join Filter": 0,
                            "Plans": [
                                {
                                    "Node Type": "Nested Loop",
                                    "Parent Relationship": "Outer",
                                    "Parallel Aware": false,
                                    "Join Type": "Inner",
                                    "Startup Cost": 13.06,
                                    "Total Cost": 8060.38,
                                    "Plan Rows": 1,
                                    "Plan Width": 61,
                                    "Actual Startup Time": 20.344,
                                    "Actual Total Time": 743.249,
                                    "Actual Rows": 5164,
                                    "Actual Loops": 1,
                                    "Output": [
                                        "cc.movie_id",
                                        "mc.movie_id",
                                        "cn.name",
                                        "mi_idx.info",
                                        "mi_idx.movie_id",
                                        "mk.movie_id",
                                        "t.title",
                                        "t.id"
                                    ],
                                    "Inner Unique": true,
                                    "Join Filter": "(mc.company_type_id = ct.id)",
                                    "Rows Removed by Join Filter": 0,
                                    "Plans": [
                                        {
                                            "Node Type": "Nested Loop",
                                            "Parent Relationship": "Outer",
                                            "Parallel Aware": false,
                                            "Join Type": "Inner",
                                            "Startup Cost": 13.06,
                                            "Total Cost": 8059.29,
                                            "Plan Rows": 1,
                                            "Plan Width": 65,
                                            "Actual Startup Time": 20.333,
                                            "Actual Total Time": 730.01,
                                            "Actual Rows": 5164,
                                            "Actual Loops": 1,
                                            "Output": [
                                                "cc.movie_id",
                                                "mc.movie_id",
                                                "mc.company_type_id",
                                                "cn.name",
                                                "mi_idx.info",
                                                "mi_idx.movie_id",
                                                "mk.movie_id",
                                                "t.title",
                                                "t.id"
                                            ],
                                            "Inner Unique": true,
                                            "Plans": [
                                                {
                                                    "Node Type": "Nested Loop",
                                                    "Parent Relationship": "Outer",
                                                    "Parallel Aware": false,
                                                    "Join Type": "Inner",
                                                    "Startup Cost": 12.61,
                                                    "Total Cost": 8054.83,
                                                    "Plan Rows": 1,
                                                    "Plan Width": 50,
                                                    "Actual Startup Time": 20.276,
                                                    "Actual Total Time": 694.02,
                                                    "Actual Rows": 5319,
                                                    "Actual Loops": 1,
                                                    "Output": [
                                                        "cc.movie_id",
                                                        "mc.movie_id",
                                                        "mc.company_type_id",
                                                        "mc.company_id",
                                                        "mi_idx.info",
                                                        "mi_idx.movie_id",
                                                        "mk.movie_id",
                                                        "t.title",
                                                        "t.id"
                                                    ],
                                                    "Inner Unique": false,
                                                    "Join Filter": "(t.id = mc.movie_id)",
                                                    "Rows Removed by Join Filter": 0,
                                                    "Plans": [
                                                        {
                                                            "Node Type": "Nested Loop",
                                                            "Parent Relationship": "Outer",
                                                            "Parallel Aware": false,
                                                            "Join Type": "Inner",
                                                            "Startup Cost": 12.13,
                                                            "Total Cost": 8050.25,
                                                            "Plan Rows": 1,
                                                            "Plan Width": 38,
                                                            "Actual Startup Time": 20.169,
                                                            "Actual Total Time": 676.024,
                                                            "Actual Rows": 574,
                                                            "Actual Loops": 1,
                                                            "Output": [
                                                                "cc.movie_id",
                                                                "mi_idx.info",
                                                                "mi_idx.movie_id",
                                                                "mk.movie_id",
                                                                "t.title",
                                                                "t.id"
                                                            ],
                                                            "Inner Unique": true,
                                                            "Join Filter": "(cc.status_id = cct2.id)",
                                                            "Rows Removed by Join Filter": 1532,
                                                            "Plans": [
                                                                {
                                                                    "Node Type": "Nested Loop",
                                                                    "Parent Relationship": "Outer",
                                                                    "Parallel Aware": false,
                                                                    "Join Type": "Inner",
                                                                    "Startup Cost": 12.13,
                                                                    "Total Cost": 8049.16,
                                                                    "Plan Rows": 1,
                                                                    "Plan Width": 42,
                                                                    "Actual Startup Time": 20.159,
                                                                    "Actual Total Time": 674.146,
                                                                    "Actual Rows": 702,
                                                                    "Actual Loops": 1,
                                                                    "Output": [
                                                                        "cc.movie_id",
                                                                        "cc.status_id",
                                                                        "mi_idx.info",
                                                                        "mi_idx.movie_id",
                                                                        "mk.movie_id",
                                                                        "t.title",
                                                                        "t.id"
                                                                    ],
                                                                    "Inner Unique": true,
                                                                    "Join Filter": "(cc.subject_id = cct1.id)",
                                                                    "Rows Removed by Join Filter": 2930,
                                                                    "Plans": [
                                                                        {
                                                                            "Node Type": "Nested Loop",
                                                                            "Parent Relationship": "Outer",
                                                                            "Parallel Aware": false,
                                                                            "Join Type": "Inner",
                                                                            "Startup Cost": 12.13,
                                                                            "Total Cost": 8048.1,
                                                                            "Plan Rows": 1,
                                                                            "Plan Width": 46,
                                                                            "Actual Startup Time": 20.076,
                                                                            "Actual Total Time": 663.951,
                                                                            "Actual Rows": 3632,
                                                                            "Actual Loops": 1,
                                                                            "Output": [
                                                                                "cc.movie_id",
                                                                                "cc.subject_id",
                                                                                "cc.status_id",
                                                                                "mi_idx.info",
                                                                                "mi_idx.movie_id",
                                                                                "mk.movie_id",
                                                                                "t.title",
                                                                                "t.id"
                                                                            ],
                                                                            "Inner Unique": false,
                                                                            "Plans": [
                                                                                {
                                                                                    "Node Type": "Nested Loop",
                                                                                    "Parent Relationship": "Outer",
                                                                                    "Parallel Aware": false,
                                                                                    "Join Type": "Inner",
                                                                                    "Startup Cost": 11.7,
                                                                                    "Total Cost": 8043.62,
                                                                                    "Plan Rows": 1,
                                                                                    "Plan Width": 34,
                                                                                    "Actual Startup Time": 13.923,
                                                                                    "Actual Total Time": 607.1,
                                                                                    "Actual Rows": 10436,
                                                                                    "Actual Loops": 1,
                                                                                    "Output": [
                                                                                        "mi_idx.info",
                                                                                        "mi_idx.movie_id",
                                                                                        "mk.movie_id",
                                                                                        "t.title",
                                                                                        "t.id"
                                                                                    ],
                                                                                    "Inner Unique": true,
                                                                                    "Join Filter": "(t.kind_id = kt.id)",
                                                                                    "Rows Removed by Join Filter": 6927,
                                                                                    "Plans": [
                                                                                        {
                                                                                            "Node Type": "Nested Loop",
                                                                                            "Parent Relationship": "Outer",
                                                                                            "Parallel Aware": false,
                                                                                            "Join Type": "Inner",
                                                                                            "Startup Cost": 11.7,
                                                                                            "Total Cost": 8042.47,
                                                                                            "Plan Rows": 2,
                                                                                            "Plan Width": 38,
                                                                                            "Actual Startup Time": 13.524,
                                                                                            "Actual Total Time": 601.631,
                                                                                            "Actual Rows": 13455,
                                                                                            "Actual Loops": 1,
                                                                                            "Output": [
                                                                                                "mi_idx.info",
                                                                                                "mi_idx.movie_id",
                                                                                                "mk.movie_id",
                                                                                                "t.title",
                                                                                                "t.kind_id",
                                                                                                "t.id"
                                                                                            ],
                                                                                            "Inner Unique": true,
                                                                                            "Plans": [
                                                                                                {
                                                                                                    "Node Type": "Nested Loop",
                                                                                                    "Parent Relationship": "Outer",
                                                                                                    "Parallel Aware": false,
                                                                                                    "Join Type": "Inner",
                                                                                                    "Startup Cost": 11.25,
                                                                                                    "Total Cost": 8024.62,
                                                                                                    "Plan Rows": 4,
                                                                                                    "Plan Width": 13,
                                                                                                    "Actual Startup Time": 13.383,
                                                                                                    "Actual Total Time": 377.201,
                                                                                                    "Actual Rows": 31800,
                                                                                                    "Actual Loops": 1,
                                                                                                    "Output": [
                                                                                                        "mi_idx.info",
                                                                                                        "mi_idx.movie_id",
                                                                                                        "mk.movie_id"
                                                                                                    ],
                                                                                                    "Inner Unique": false,
                                                                                                    "Join Filter": "(mi_idx.info_type_id = it2.id)",
                                                                                                    "Rows Removed by Join Filter": 62093,
                                                                                                    "Plans": [
                                                                                                        {
                                                                                                            "Node Type": "Seq Scan",
                                                                                                            "Parent Relationship": "Outer",
                                                                                                            "Parallel Aware": false,
                                                                                                            "Relation Name": "info_type",
                                                                                                            "Schema": "public",
                                                                                                            "Alias": "it2",
                                                                                                            "Startup Cost": 0.0,
                                                                                                            "Total Cost": 2.41,
                                                                                                            "Plan Rows": 1,
                                                                                                            "Plan Width": 4,
                                                                                                            "Actual Startup Time": 0.048,
                                                                                                            "Actual Total Time": 0.05,
                                                                                                            "Actual Rows": 1,
                                                                                                            "Actual Loops": 1,
                                                                                                            "Output": [
                                                                                                                "it2.id",
                                                                                                                "it2.info"
                                                                                                            ],
                                                                                                            "Filter": "((it2.info)::text = 'rating'::text)",
                                                                                                            "Rows Removed by Filter": 112
                                                                                                        },
                                                                                                        {
                                                                                                            "Node Type": "Nested Loop",
                                                                                                            "Parent Relationship": "Inner",
                                                                                                            "Parallel Aware": false,
                                                                                                            "Join Type": "Inner",
                                                                                                            "Startup Cost": 11.25,
                                                                                                            "Total Cost": 8017.15,
                                                                                                            "Plan Rows": 405,
                                                                                                            "Plan Width": 17,
                                                                                                            "Actual Startup Time": 13.324,
                                                                                                            "Actual Total Time": 367.819,
                                                                                                            "Actual Rows": 93893,
                                                                                                            "Actual Loops": 1,
                                                                                                            "Output": [
                                                                                                                "mk.movie_id",
                                                                                                                "mi_idx.info",
                                                                                                                "mi_idx.movie_id",
                                                                                                                "mi_idx.info_type_id"
                                                                                                            ],
                                                                                                            "Inner Unique": false,
                                                                                                            "Plans": [
                                                                                                                {
                                                                                                                    "Node Type": "Nested Loop",
                                                                                                                    "Parent Relationship": "Outer",
                                                                                                                    "Parallel Aware": false,
                                                                                                                    "Join Type": "Inner",
                                                                                                                    "Startup Cost": 10.8,
                                                                                                                    "Total Cost": 7405.43,
                                                                                                                    "Plan Rows": 135,
                                                                                                                    "Plan Width": 4,
                                                                                                                    "Actual Startup Time": 13.216,
                                                                                                                    "Actual Total Time": 108.441,
                                                                                                                    "Actual Rows": 37091,
                                                                                                                    "Actual Loops": 1,
                                                                                                                    "Output": [
                                                                                                                        "mk.movie_id"
                                                                                                                    ],
                                                                                                                    "Inner Unique": false,
                                                                                                                    "Plans": [
                                                                                                                        {
                                                                                                                            "Node Type": "Seq Scan",
                                                                                                                            "Parent Relationship": "Outer",
                                                                                                                            "Parallel Aware": false,
                                                                                                                            "Relation Name": "keyword",
                                                                                                                            "Schema": "public",
                                                                                                                            "Alias": "k",
                                                                                                                            "Startup Cost": 0.0,
                                                                                                                            "Total Cost": 2961.55,
                                                                                                                            "Plan Rows": 4,
                                                                                                                            "Plan Width": 4,
                                                                                                                            "Actual Startup Time": 3.257,
                                                                                                                            "Actual Total Time": 17.509,
                                                                                                                            "Actual Rows": 3,
                                                                                                                            "Actual Loops": 1,
                                                                                                                            "Output": [
                                                                                                                                "k.id",
                                                                                                                                "k.keyword",
                                                                                                                                "k.phonetic_code"
                                                                                                                            ],
                                                                                                                            "Filter": "(k.keyword = ANY ('{murder,murder-in-title,blood,violence}'::text[]))",
                                                                                                                            "Rows Removed by Filter": 134167
                                                                                                                        },
                                                                                                                        {
                                                                                                                            "Node Type": "Bitmap Heap Scan",
                                                                                                                            "Parent Relationship": "Inner",
                                                                                                                            "Parallel Aware": false,
                                                                                                                            "Relation Name": "movie_keyword",
                                                                                                                            "Schema": "public",
                                                                                                                            "Alias": "mk",
                                                                                                                            "Startup Cost": 10.8,
                                                                                                                            "Total Cost": 1107.92,
                                                                                                                            "Plan Rows": 305,
                                                                                                                            "Plan Width": 8,
                                                                                                                            "Actual Startup Time": 4.976,
                                                                                                                            "Actual Total Time": 28.624,
                                                                                                                            "Actual Rows": 12364,
                                                                                                                            "Actual Loops": 3,
                                                                                                                            "Output": [
                                                                                                                                "mk.id",
                                                                                                                                "mk.movie_id",
                                                                                                                                "mk.keyword_id"
                                                                                                                            ],
                                                                                                                            "Recheck Cond": "(mk.keyword_id = k.id)",
                                                                                                                            "Rows Removed by Index Recheck": 0,
                                                                                                                            "Exact Heap Blocks": 26312,
                                                                                                                            "Lossy Heap Blocks": 0,
                                                                                                                            "Plans": [
                                                                                                                                {
                                                                                                                                    "Node Type": "Bitmap Index Scan",
                                                                                                                                    "Parent Relationship": "Outer",
                                                                                                                                    "Parallel Aware": false,
                                                                                                                                    "Index Name": "keyword_id_movie_keyword",
                                                                                                                                    "Startup Cost": 0.0,
                                                                                                                                    "Total Cost": 10.72,
                                                                                                                                    "Plan Rows": 305,
                                                                                                                                    "Plan Width": 0,
                                                                                                                                    "Actual Startup Time": 3.11,
                                                                                                                                    "Actual Total Time": 3.111,
                                                                                                                                    "Actual Rows": 12364,
                                                                                                                                    "Actual Loops": 3,
                                                                                                                                    "Index Cond": "(mk.keyword_id = k.id)"
                                                                                                                                }
                                                                                                                            ]
                                                                                                                        }
                                                                                                                    ]
                                                                                                                },
                                                                                                                {
                                                                                                                    "Node Type": "Bitmap Heap Scan",
                                                                                                                    "Parent Relationship": "Inner",
                                                                                                                    "Parallel Aware": false,
                                                                                                                    "Relation Name": "movie_info_idx",
                                                                                                                    "Schema": "public",
                                                                                                                    "Alias": "mi_idx",
                                                                                                                    "Startup Cost": 0.46,
                                                                                                                    "Total Cost": 4.5,
                                                                                                                    "Plan Rows": 3,
                                                                                                                    "Plan Width": 13,
                                                                                                                    "Actual Startup Time": 0.005,
                                                                                                                    "Actual Total Time": 0.005,
                                                                                                                    "Actual Rows": 3,
                                                                                                                    "Actual Loops": 37091,
                                                                                                                    "Output": [
                                                                                                                        "mi_idx.id",
                                                                                                                        "mi_idx.movie_id",
                                                                                                                        "mi_idx.info_type_id",
                                                                                                                        "mi_idx.info",
                                                                                                                        "mi_idx.note"
                                                                                                                    ],
                                                                                                                    "Recheck Cond": "(mi_idx.movie_id = mk.movie_id)",
                                                                                                                    "Rows Removed by Index Recheck": 0,
                                                                                                                    "Filter": "(mi_idx.info < '8.5'::text)",
                                                                                                                    "Rows Removed by Filter": 0,
                                                                                                                    "Exact Heap Blocks": 32895,
                                                                                                                    "Lossy Heap Blocks": 0,
                                                                                                                    "Plans": [
                                                                                                                        {
                                                                                                                            "Node Type": "Bitmap Index Scan",
                                                                                                                            "Parent Relationship": "Outer",
                                                                                                                            "Parallel Aware": false,
                                                                                                                            "Index Name": "movie_id_movie_info_idx",
                                                                                                                            "Startup Cost": 0.0,
                                                                                                                            "Total Cost": 0.46,
                                                                                                                            "Plan Rows": 3,
                                                                                                                            "Plan Width": 0,
                                                                                                                            "Actual Startup Time": 0.003,
                                                                                                                            "Actual Total Time": 0.003,
                                                                                                                            "Actual Rows": 3,
                                                                                                                            "Actual Loops": 37091,
                                                                                                                            "Index Cond": "(mi_idx.movie_id = mk.movie_id)"
                                                                                                                        }
                                                                                                                    ]
                                                                                                                }
                                                                                                            ]
                                                                                                        }
                                                                                                    ]
                                                                                                },
                                                                                                {
                                                                                                    "Node Type": "Bitmap Heap Scan",
                                                                                                    "Parent Relationship": "Inner",
                                                                                                    "Parallel Aware": false,
                                                                                                    "Relation Name": "title",
                                                                                                    "Schema": "public",
                                                                                                    "Alias": "t",
                                                                                                    "Startup Cost": 0.45,
                                                                                                    "Total Cost": 4.46,
                                                                                                    "Plan Rows": 1,
                                                                                                    "Plan Width": 25,
                                                                                                    "Actual Startup Time": 0.005,
                                                                                                    "Actual Total Time": 0.005,
                                                                                                    "Actual Rows": 0,
                                                                                                    "Actual Loops": 31800,
                                                                                                    "Output": [
                                                                                                        "t.id",
                                                                                                        "t.title",
                                                                                                        "t.imdb_index",
                                                                                                        "t.kind_id",
                                                                                                        "t.production_year",
                                                                                                        "t.imdb_id",
                                                                                                        "t.phonetic_code",
                                                                                                        "t.episode_of_id",
                                                                                                        "t.season_nr",
                                                                                                        "t.episode_nr",
                                                                                                        "t.series_years",
                                                                                                        "t.md5sum"
                                                                                                    ],
                                                                                                    "Recheck Cond": "(t.id = mk.movie_id)",
                                                                                                    "Rows Removed by Index Recheck": 0,
                                                                                                    "Filter": "(t.production_year > 1998)",
                                                                                                    "Rows Removed by Filter": 1,
                                                                                                    "Exact Heap Blocks": 31800,
                                                                                                    "Lossy Heap Blocks": 0,
                                                                                                    "Plans": [
                                                                                                        {
                                                                                                            "Node Type": "Bitmap Index Scan",
                                                                                                            "Parent Relationship": "Outer",
                                                                                                            "Parallel Aware": false,
                                                                                                            "Index Name": "title_pkey",
                                                                                                            "Startup Cost": 0.0,
                                                                                                            "Total Cost": 0.45,
                                                                                                            "Plan Rows": 1,
                                                                                                            "Plan Width": 0,
                                                                                                            "Actual Startup Time": 0.003,
                                                                                                            "Actual Total Time": 0.003,
                                                                                                            "Actual Rows": 1,
                                                                                                            "Actual Loops": 31800,
                                                                                                            "Index Cond": "(t.id = mk.movie_id)"
                                                                                                        }
                                                                                                    ]
                                                                                                }
                                                                                            ]
                                                                                        },
                                                                                        {
                                                                                            "Node Type": "Materialize",
                                                                                            "Parent Relationship": "Inner",
                                                                                            "Parallel Aware": false,
                                                                                            "Startup Cost": 0.0,
                                                                                            "Total Cost": 1.1,
                                                                                            "Plan Rows": 2,
                                                                                            "Plan Width": 4,
                                                                                            "Actual Startup Time": 0.0,
                                                                                            "Actual Total Time": 0.0,
                                                                                            "Actual Rows": 1,
                                                                                            "Actual Loops": 13455,
                                                                                            "Output": [
                                                                                                "kt.id"
                                                                                            ],
                                                                                            "Plans": [
                                                                                                {
                                                                                                    "Node Type": "Seq Scan",
                                                                                                    "Parent Relationship": "Outer",
                                                                                                    "Parallel Aware": false,
                                                                                                    "Relation Name": "kind_type",
                                                                                                    "Schema": "public",
                                                                                                    "Alias": "kt",
                                                                                                    "Startup Cost": 0.0,
                                                                                                    "Total Cost": 1.09,
                                                                                                    "Plan Rows": 2,
                                                                                                    "Plan Width": 4,
                                                                                                    "Actual Startup Time": 0.019,
                                                                                                    "Actual Total Time": 0.023,
                                                                                                    "Actual Rows": 2,
                                                                                                    "Actual Loops": 1,
                                                                                                    "Output": [
                                                                                                        "kt.id"
                                                                                                    ],
                                                                                                    "Filter": "((kt.kind)::text = ANY ('{movie,episode}'::text[]))",
                                                                                                    "Rows Removed by Filter": 5
                                                                                                }
                                                                                            ]
                                                                                        }
                                                                                    ]
                                                                                },
                                                                                {
                                                                                    "Node Type": "Bitmap Heap Scan",
                                                                                    "Parent Relationship": "Inner",
                                                                                    "Parallel Aware": false,
                                                                                    "Relation Name": "complete_cast",
                                                                                    "Schema": "public",
                                                                                    "Alias": "cc",
                                                                                    "Startup Cost": 0.44,
                                                                                    "Total Cost": 4.46,
                                                                                    "Plan Rows": 2,
                                                                                    "Plan Width": 12,
                                                                                    "Actual Startup Time": 0.003,
                                                                                    "Actual Total Time": 0.004,
                                                                                    "Actual Rows": 0,
                                                                                    "Actual Loops": 10436,
                                                                                    "Output": [
                                                                                        "cc.id",
                                                                                        "cc.movie_id",
                                                                                        "cc.subject_id",
                                                                                        "cc.status_id"
                                                                                    ],
                                                                                    "Recheck Cond": "(cc.movie_id = t.id)",
                                                                                    "Rows Removed by Index Recheck": 0,
                                                                                    "Exact Heap Blocks": 3632,
                                                                                    "Lossy Heap Blocks": 0,
                                                                                    "Plans": [
                                                                                        {
                                                                                            "Node Type": "Bitmap Index Scan",
                                                                                            "Parent Relationship": "Outer",
                                                                                            "Parallel Aware": false,
                                                                                            "Index Name": "movie_id_complete_cast",
                                                                                            "Startup Cost": 0.0,
                                                                                            "Total Cost": 0.44,
                                                                                            "Plan Rows": 2,
                                                                                            "Plan Width": 0,
                                                                                            "Actual Startup Time": 0.002,
                                                                                            "Actual Total Time": 0.002,
                                                                                            "Actual Rows": 0,
                                                                                            "Actual Loops": 10436,
                                                                                            "Index Cond": "(cc.movie_id = t.id)"
                                                                                        }
                                                                                    ]
                                                                                }
                                                                            ]
                                                                        },
                                                                        {
                                                                            "Node Type": "Seq Scan",
                                                                            "Parent Relationship": "Inner",
                                                                            "Parallel Aware": false,
                                                                            "Relation Name": "comp_cast_type",
                                                                            "Schema": "public",
                                                                            "Alias": "cct1",
                                                                            "Startup Cost": 0.0,
                                                                            "Total Cost": 1.05,
                                                                            "Plan Rows": 1,
                                                                            "Plan Width": 4,
                                                                            "Actual Startup Time": 0.001,
                                                                            "Actual Total Time": 0.001,
                                                                            "Actual Rows": 1,
                                                                            "Actual Loops": 3632,
                                                                            "Output": [
                                                                                "cct1.id",
                                                                                "cct1.kind"
                                                                            ],
                                                                            "Filter": "((cct1.kind)::text = 'crew'::text)",
                                                                            "Rows Removed by Filter": 3
                                                                        }
                                                                    ]
                                                                },
                                                                {
                                                                    "Node Type": "Seq Scan",
                                                                    "Parent Relationship": "Inner",
                                                                    "Parallel Aware": false,
                                                                    "Relation Name": "comp_cast_type",
                                                                    "Schema": "public",
                                                                    "Alias": "cct2",
                                                                    "Startup Cost": 0.0,
                                                                    "Total Cost": 1.05,
                                                                    "Plan Rows": 3,
                                                                    "Plan Width": 4,
                                                                    "Actual Startup Time": 0.001,
                                                                    "Actual Total Time": 0.001,
                                                                    "Actual Rows": 3,
                                                                    "Actual Loops": 702,
                                                                    "Output": [
                                                                        "cct2.id",
                                                                        "cct2.kind"
                                                                    ],
                                                                    "Filter": "((cct2.kind)::text <> 'complete+verified'::text)",
                                                                    "Rows Removed by Filter": 0
                                                                }
                                                            ]
                                                        },
                                                        {
                                                            "Node Type": "Bitmap Heap Scan",
                                                            "Parent Relationship": "Inner",
                                                            "Parallel Aware": false,
                                                            "Relation Name": "movie_companies",
                                                            "Schema": "public",
                                                            "Alias": "mc",
                                                            "Startup Cost": 0.48,
                                                            "Total Cost": 4.56,
                                                            "Plan Rows": 1,
                                                            "Plan Width": 12,
                                                            "Actual Startup Time": 0.018,
                                                            "Actual Total Time": 0.028,
                                                            "Actual Rows": 9,
                                                            "Actual Loops": 574,
                                                            "Output": [
                                                                "mc.id",
                                                                "mc.movie_id",
                                                                "mc.company_id",
                                                                "mc.company_type_id",
                                                                "mc.note"
                                                            ],
                                                            "Recheck Cond": "(mc.movie_id = mk.movie_id)",
                                                            "Rows Removed by Index Recheck": 0,
                                                            "Filter": "((mc.note !~~ '%(USA)%'::text) AND (mc.note ~~ '%(200%)%'::text))",
                                                            "Rows Removed by Filter": 10,
                                                            "Exact Heap Blocks": 1206,
                                                            "Lossy Heap Blocks": 0,
                                                            "Plans": [
                                                                {
                                                                    "Node Type": "Bitmap Index Scan",
                                                                    "Parent Relationship": "Outer",
                                                                    "Parallel Aware": false,
                                                                    "Index Name": "movie_id_movie_companies",
                                                                    "Startup Cost": 0.0,
                                                                    "Total Cost": 0.48,
                                                                    "Plan Rows": 5,
                                                                    "Plan Width": 0,
                                                                    "Actual Startup Time": 0.011,
                                                                    "Actual Total Time": 0.011,
                                                                    "Actual Rows": 19,
                                                                    "Actual Loops": 574,
                                                                    "Index Cond": "(mc.movie_id = mk.movie_id)"
                                                                }
                                                            ]
                                                        }
                                                    ]
                                                },
                                                {
                                                    "Node Type": "Bitmap Heap Scan",
                                                    "Parent Relationship": "Inner",
                                                    "Parallel Aware": false,
                                                    "Relation Name": "company_name",
                                                    "Schema": "public",
                                                    "Alias": "cn",
                                                    "Startup Cost": 0.45,
                                                    "Total Cost": 4.47,
                                                    "Plan Rows": 1,
                                                    "Plan Width": 23,
                                                    "Actual Startup Time": 0.005,
                                                    "Actual Total Time": 0.005,
                                                    "Actual Rows": 1,
                                                    "Actual Loops": 5319,
                                                    "Output": [
                                                        "cn.id",
                                                        "cn.name",
                                                        "cn.country_code",
                                                        "cn.imdb_id",
                                                        "cn.name_pcode_nf",
                                                        "cn.name_pcode_sf",
                                                        "cn.md5sum"
                                                    ],
                                                    "Recheck Cond": "(cn.id = mc.company_id)",
                                                    "Rows Removed by Index Recheck": 0,
                                                    "Filter": "((cn.country_code)::text <> '[us]'::text)",
                                                    "Rows Removed by Filter": 0,
                                                    "Exact Heap Blocks": 5319,
                                                    "Lossy Heap Blocks": 0,
                                                    "Plans": [
                                                        {
                                                            "Node Type": "Bitmap Index Scan",
                                                            "Parent Relationship": "Outer",
                                                            "Parallel Aware": false,
                                                            "Index Name": "company_name_pkey",
                                                            "Startup Cost": 0.0,
                                                            "Total Cost": 0.45,
                                                            "Plan Rows": 1,
                                                            "Plan Width": 0,
                                                            "Actual Startup Time": 0.003,
                                                            "Actual Total Time": 0.003,
                                                            "Actual Rows": 1,
                                                            "Actual Loops": 5319,
                                                            "Index Cond": "(cn.id = mc.company_id)"
                                                        }
                                                    ]
                                                }
                                            ]
                                        },
                                        {
                                            "Node Type": "Seq Scan",
                                            "Parent Relationship": "Inner",
                                            "Parallel Aware": false,
                                            "Relation Name": "company_type",
                                            "Schema": "public",
                                            "Alias": "ct",
                                            "Startup Cost": 0.0,
                                            "Total Cost": 1.04,
                                            "Plan Rows": 4,
                                            "Plan Width": 4,
                                            "Actual Startup Time": 0.001,
                                            "Actual Total Time": 0.001,
                                            "Actual Rows": 1,
                                            "Actual Loops": 5164,
                                            "Output": [
                                                "ct.id",
                                                "ct.kind"
                                            ]
                                        }
                                    ]
                                },
                                {
                                    "Node Type": "Bitmap Heap Scan",
                                    "Parent Relationship": "Inner",
                                    "Parallel Aware": false,
                                    "Relation Name": "movie_info",
                                    "Schema": "public",
                                    "Alias": "mi",
                                    "Startup Cost": 0.79,
                                    "Total Cost": 5.82,
                                    "Plan Rows": 2,
                                    "Plan Width": 8,
                                    "Actual Startup Time": 0.065,
                                    "Actual Total Time": 0.073,
                                    "Actual Rows": 1,
                                    "Actual Loops": 5164,
                                    "Output": [
                                        "mi.id",
                                        "mi.movie_id",
                                        "mi.info_type_id",
                                        "mi.info",
                                        "mi.note"
                                    ],
                                    "Recheck Cond": "(mi.movie_id = mk.movie_id)",
                                    "Rows Removed by Index Recheck": 0,
                                    "Filter": "(mi.info = ANY ('{Norwegian,German,Bulgaria,America,Swedish,Denish,USA,Denmark,Germany,Danish}'::text[]))",
                                    "Rows Removed by Filter": 247,
                                    "Exact Heap Blocks": 122946,
                                    "Lossy Heap Blocks": 0,
                                    "Plans": [
                                        {
                                            "Node Type": "Bitmap Index Scan",
                                            "Parent Relationship": "Outer",
                                            "Parallel Aware": false,
                                            "Index Name": "movie_id_movie_info",
                                            "Startup Cost": 0.0,
                                            "Total Cost": 0.79,
                                            "Plan Rows": 41,
                                            "Plan Width": 0,
                                            "Actual Startup Time": 0.009,
                                            "Actual Total Time": 0.009,
                                            "Actual Rows": 248,
                                            "Actual Loops": 5164,
                                            "Index Cond": "(mi.movie_id = mk.movie_id)"
                                        }
                                    ]
                                }
                            ]
                        },
                        {
                            "Node Type": "Seq Scan",
                            "Parent Relationship": "Inner",
                            "Parallel Aware": false,
                            "Relation Name": "info_type",
                            "Schema": "public",
                            "Alias": "it1",
                            "Startup Cost": 0.0,
                            "Total Cost": 2.41,
                            "Plan Rows": 1,
                            "Plan Width": 4,
                            "Actual Startup Time": 0.002,
                            "Actual Total Time": 0.003,
                            "Actual Rows": 1,
                            "Actual Loops": 6258,
                            "Output": [
                                "it1.id",
                                "it1.info"
                            ],
                            "Filter": "((it1.info)::text = 'countries'::text)",
                            "Rows Removed by Filter": 19
                        }
                    ]
                }
            ]
        },
        "Planning Time": 3015.287,
        "Triggers": [],
        "Execution Time": 1163.802
    }
]