[
  {
    "Plan": {
      "Node Type": "Aggregate",
      "Strategy": "Plain",
      "Partial Mode": "Finalize",
      "Parallel Aware": false,
      "Startup Cost": 33122.35,
      "Total Cost": 33122.36,
      "Plan Rows": 1,
      "Plan Width": 8,
      "Actual Startup Time": 98.866,
      "Actual Total Time": 104.771,
      "Actual Rows": 1,
      "Actual Loops": 1,
      "Plans": [
        {
          "Node Type": "Gather",
          "Parent Relationship": "Outer",
          "Parallel Aware": false,
          "Startup Cost": 33122.04,
          "Total Cost": 33122.35,
          "Plan Rows": 3,
          "Plan Width": 8,
          "Actual Startup Time": 98.758,
          "Actual Total Time": 104.763,
          "Actual Rows": 4,
          "Actual Loops": 1,
          "Workers Planned": 3,
          "Workers Launched": 3,
          "Single Copy": false,
          "Plans": [
            {
              "Node Type": "Aggregate",
              "Strategy": "Plain",
              "Partial Mode": "Partial",
              "Parent Relationship": "Outer",
              "Parallel Aware": false,
              "Startup Cost": 32122.04,
              "Total Cost": 32122.05,
              "Plan Rows": 1,
              "Plan Width": 8,
              "Actual Startup Time": 90.656,
              "Actual Total Time": 90.657,
              "Actual Rows": 1,
              "Actual Loops": 4,
              "Plans": [
                {
                  "Node Type": "Seq Scan",
                  "Parent Relationship": "Outer",
                  "Parallel Aware": true,
                  "Relation Name": "movie_companies",
                  "Alias": "mc",
                  "Startup Cost": 0.0,
                  "Total Cost": 31414.82,
                  "Plan Rows": 282887,
                  "Plan Width": 0,
                  "Actual Startup Time": 47.058,
                  "Actual Total Time": 80.514,
                  "Actual Rows": 269521,
                  "Actual Loops": 4,
                  "Filter": "((company_id > 2586) AND (company_type_id > 1))",
                  "Rows Removed by Filter": 382762
                }
              ]
            }
          ]
        }
      ]
    },
    "Planning Time": 0.194,
    "Triggers": [],
    "Execution Time": 104.822
  }
]