[
  {
    "Plan": {
      "Node Type": "Aggregate",
      "Strategy": "Plain",
      "Partial Mode": "Finalize",
      "Parallel Aware": false,
      "Startup Cost": 61939.09,
      "Total Cost": 61939.1,
      "Plan Rows": 1,
      "Plan Width": 8,
      "Actual Startup Time": 230.768,
      "Actual Total Time": 245.144,
      "Actual Rows": 1,
      "Actual Loops": 1,
      "Plans": [
        {
          "Node Type": "Gather",
          "Parent Relationship": "Outer",
          "Parallel Aware": false,
          "Startup Cost": 61938.87,
          "Total Cost": 61939.08,
          "Plan Rows": 2,
          "Plan Width": 8,
          "Actual Startup Time": 230.278,
          "Actual Total Time": 245.136,
          "Actual Rows": 3,
          "Actual Loops": 1,
          "Workers Planned": 2,
          "Workers Launched": 2,
          "Single Copy": false,
          "Plans": [
            {
              "Node Type": "Aggregate",
              "Strategy": "Plain",
              "Partial Mode": "Partial",
              "Parent Relationship": "Outer",
              "Parallel Aware": false,
              "Startup Cost": 60938.87,
              "Total Cost": 60938.88,
              "Plan Rows": 1,
              "Plan Width": 8,
              "Actual Startup Time": 222.726,
              "Actual Total Time": 222.73,
              "Actual Rows": 1,
              "Actual Loops": 3,
              "Plans": [
                {
                  "Node Type": "Hash Join",
                  "Parent Relationship": "Outer",
                  "Parallel Aware": true,
                  "Join Type": "Inner",
                  "Startup Cost": 45703.49,
                  "Total Cost": 60898.05,
                  "Plan Rows": 16330,
                  "Plan Width": 0,
                  "Actual Startup Time": 135.084,
                  "Actual Total Time": 222.104,
                  "Actual Rows": 12120,
                  "Actual Loops": 3,
                  "Inner Unique": true,
                  "Hash Cond": "(mi_idx.movie_id = t.id)",
                  "Plans": [
                    {
                      "Node Type": "Seq Scan",
                      "Parent Relationship": "Outer",
                      "Parallel Aware": true,
                      "Relation Name": "movie_info_idx",
                      "Alias": "mi_idx",
                      "Startup Cost": 0.0,
                      "Total Cost": 13685.15,
                      "Plan Rows": 575015,
                      "Plan Width": 4,
                      "Actual Startup Time": 0.025,
                      "Actual Total Time": 40.679,
                      "Actual Rows": 460012,
                      "Actual Loops": 3
                    },
                    {
                      "Node Type": "Hash",
                      "Parent Relationship": "Inner",
                      "Parallel Aware": true,
                      "Startup Cost": 45479.1,
                      "Total Cost": 45479.1,
                      "Plan Rows": 17951,
                      "Plan Width": 4,
                      "Actual Startup Time": 132.897,
                      "Actual Total Time": 132.898,
                      "Actual Rows": 26516,
                      "Actual Loops": 3,
                      "Hash Buckets": 131072,
                      "Original Hash Buckets": 131072,
                      "Hash Batches": 1,
                      "Original Hash Batches": 1,
                      "Peak Memory Usage": 4192,
                      "Plans": [
                        {
                          "Node Type": "Seq Scan",
                          "Parent Relationship": "Outer",
                          "Parallel Aware": true,
                          "Relation Name": "title",
                          "Alias": "t",
                          "Startup Cost": 0.0,
                          "Total Cost": 45479.1,
                          "Plan Rows": 17951,
                          "Plan Width": 4,
                          "Actual Startup Time": 0.055,
                          "Actual Total Time": 122.004,
                          "Actual Rows": 26516,
                          "Actual Loops": 3,
                          "Filter": "((kind_id > 1) AND (production_year = 2005))",
                          "Rows Removed by Filter": 816255
                        }
                      ]
                    }
                  ]
                }
              ]
            }
          ]
        }
      ]
    },
    "Planning Time": 0.531,
    "Triggers": [],
    "Execution Time": 245.208
  }
]