[
  {
    "Plan": {
      "Node Type": "Aggregate",
      "Strategy": "Plain",
      "Partial Mode": "Finalize",
      "Parallel Aware": false,
      "Startup Cost": 438469.57,
      "Total Cost": 438469.58,
      "Plan Rows": 1,
      "Plan Width": 8,
      "Actual Startup Time": 3159.883,
      "Actual Total Time": 3214.61,
      "Actual Rows": 1,
      "Actual Loops": 1,
      "Plans": [
        {
          "Node Type": "Gather",
          "Parent Relationship": "Outer",
          "Parallel Aware": false,
          "Startup Cost": 438468.95,
          "Total Cost": 438469.56,
          "Plan Rows": 6,
          "Plan Width": 8,
          "Actual Startup Time": 3145.204,
          "Actual Total Time": 3214.6,
          "Actual Rows": 7,
          "Actual Loops": 1,
          "Workers Planned": 6,
          "Workers Launched": 6,
          "Single Copy": false,
          "Plans": [
            {
              "Node Type": "Aggregate",
              "Strategy": "Plain",
              "Partial Mode": "Partial",
              "Parent Relationship": "Outer",
              "Parallel Aware": false,
              "Startup Cost": 437468.95,
              "Total Cost": 437468.96,
              "Plan Rows": 1,
              "Plan Width": 8,
              "Actual Startup Time": 3132.347,
              "Actual Total Time": 3132.354,
              "Actual Rows": 1,
              "Actual Loops": 7,
              "Plans": [
                {
                  "Node Type": "Hash Join",
                  "Parent Relationship": "Outer",
                  "Parallel Aware": true,
                  "Join Type": "Inner",
                  "Startup Cost": 82978.67,
                  "Total Cost": 429292.61,
                  "Plan Rows": 3270534,
                  "Plan Width": 0,
                  "Actual Startup Time": 423.748,
                  "Actual Total Time": 2860.242,
                  "Actual Rows": 6011017,
                  "Actual Loops": 7,
                  "Inner Unique": false,
                  "Hash Cond": "(ci.movie_id = t.id)",
                  "Plans": [
                    {
                      "Node Type": "Seq Scan",
                      "Parent Relationship": "Outer",
                      "Parallel Aware": true,
                      "Relation Name": "cast_info",
                      "Alias": "ci",
                      "Startup Cost": 0.0,
                      "Total Cost": 313106.51,
                      "Plan Rows": 6041951,
                      "Plan Width": 4,
                      "Actual Startup Time": 0.058,
                      "Actual Total Time": 570.169,
                      "Actual Rows": 5177763,
                      "Actual Loops": 7
                    },
                    {
                      "Node Type": "Hash",
                      "Parent Relationship": "Inner",
                      "Parallel Aware": true,
                      "Startup Cost": 77459.94,
                      "Total Cost": 77459.94,
                      "Plan Rows": 441499,
                      "Plan Width": 8,
                      "Actual Startup Time": 420.163,
                      "Actual Total Time": 420.169,
                      "Actual Rows": 159627,
                      "Actual Loops": 7,
                      "Hash Buckets": 2097152,
                      "Original Hash Buckets": 2097152,
                      "Hash Batches": 1,
                      "Original Hash Batches": 1,
                      "Peak Memory Usage": 60192,
                      "Plans": [
                        {
                          "Node Type": "Hash Join",
                          "Parent Relationship": "Outer",
                          "Parallel Aware": true,
                          "Join Type": "Inner",
                          "Startup Cost": 48044.05,
                          "Total Cost": 77459.94,
                          "Plan Rows": 441499,
                          "Plan Width": 8,
                          "Actual Startup Time": 191.996,
                          "Actual Total Time": 348.487,
                          "Actual Rows": 159627,
                          "Actual Loops": 7,
                          "Inner Unique": true,
                          "Hash Cond": "(mc.movie_id = t.id)",
                          "Plans": [
                            {
                              "Node Type": "Seq Scan",
                              "Parent Relationship": "Outer",
                              "Parallel Aware": true,
                              "Relation Name": "movie_companies",
                              "Alias": "mc",
                              "Startup Cost": 0.0,
                              "Total Cost": 27206.55,
                              "Plan Rows": 841655,
                              "Plan Width": 4,
                              "Actual Startup Time": 0.011,
                              "Actual Total Time": 42.549,
                              "Actual Rows": 372733,
                              "Actual Loops": 7
                            },
                            {
                              "Node Type": "Hash",
                              "Parent Relationship": "Inner",
                              "Parallel Aware": true,
                              "Startup Cost": 43899.32,
                              "Total Cost": 43899.32,
                              "Plan Rows": 331578,
                              "Plan Width": 4,
                              "Actual Startup Time": 189.783,
                              "Actual Total Time": 189.784,
                              "Actual Rows": 188980,
                              "Actual Loops": 7,
                              "Hash Buckets": 2097152,
                              "Original Hash Buckets": 2097152,
                              "Hash Batches": 1,
                              "Original Hash Batches": 1,
                              "Peak Memory Usage": 68256,
                              "Plans": [
                                {
                                  "Node Type": "Seq Scan",
                                  "Parent Relationship": "Outer",
                                  "Parallel Aware": true,
                                  "Relation Name": "title",
                                  "Alias": "t",
                                  "Startup Cost": 0.0,
                                  "Total Cost": 43899.32,
                                  "Plan Rows": 331578,
                                  "Plan Width": 4,
                                  "Actual Startup Time": 0.054,
                                  "Actual Total Time": 84.584,
                                  "Actual Rows": 188980,
                                  "Actual Loops": 7,
                                  "Filter": "(production_year > 2001)",
                                  "Rows Removed by Filter": 172207
                                }
                              ]
                            }
                          ]
                        }
                      ]
                    }
                  ]
                }
              ]
            }
          ]
        }
      ]
    },
    "Planning Time": 0.667,
    "Triggers": [],
    "Execution Time": 3214.669
  }
]