[
  {
    "Plan": {
      "Node Type": "Aggregate",
      "Strategy": "Plain",
      "Partial Mode": "Finalize",
      "Parallel Aware": false,
      "Startup Cost": 108565.06,
      "Total Cost": 108565.07,
      "Plan Rows": 1,
      "Plan Width": 8,
      "Actual Startup Time": 439.987,
      "Actual Total Time": 458.943,
      "Actual Rows": 1,
      "Actual Loops": 1,
      "Plans": [
        {
          "Node Type": "Gather",
          "Parent Relationship": "Outer",
          "Parallel Aware": false,
          "Startup Cost": 108564.74,
          "Total Cost": 108565.05,
          "Plan Rows": 3,
          "Plan Width": 8,
          "Actual Startup Time": 438.176,
          "Actual Total Time": 458.934,
          "Actual Rows": 4,
          "Actual Loops": 1,
          "Workers Planned": 3,
          "Workers Launched": 3,
          "Single Copy": false,
          "Plans": [
            {
              "Node Type": "Aggregate",
              "Strategy": "Plain",
              "Partial Mode": "Partial",
              "Parent Relationship": "Outer",
              "Parallel Aware": false,
              "Startup Cost": 107564.74,
              "Total Cost": 107564.75,
              "Plan Rows": 1,
              "Plan Width": 8,
              "Actual Startup Time": 427.819,
              "Actual Total Time": 427.882,
              "Actual Rows": 1,
              "Actual Loops": 4,
              "Plans": [
                {
                  "Node Type": "Hash Join",
                  "Parent Relationship": "Outer",
                  "Parallel Aware": true,
                  "Join Type": "Inner",
                  "Startup Cost": 62427.62,
                  "Total Cost": 107333.25,
                  "Plan Rows": 92596,
                  "Plan Width": 0,
                  "Actual Startup Time": 236.94,
                  "Actual Total Time": 408.435,
                  "Actual Rows": 473198,
                  "Actual Loops": 4,
                  "Inner Unique": false,
                  "Hash Cond": "(mk.movie_id = t.id)",
                  "Plans": [
                    {
                      "Node Type": "Seq Scan",
                      "Parent Relationship": "Outer",
                      "Parallel Aware": true,
                      "Relation Name": "movie_keyword",
                      "Alias": "mk",
                      "Startup Cost": 0.0,
                      "Total Cost": 39047.32,
                      "Plan Rows": 1459332,
                      "Plan Width": 4,
                      "Actual Startup Time": 0.026,
                      "Actual Total Time": 85.925,
                      "Actual Rows": 1130982,
                      "Actual Loops": 4
                    },
                    {
                      "Node Type": "Hash",
                      "Parent Relationship": "Inner",
                      "Parallel Aware": true,
                      "Startup Cost": 61592.1,
                      "Total Cost": 61592.1,
                      "Plan Rows": 66842,
                      "Plan Width": 8,
                      "Actual Startup Time": 201.089,
                      "Actual Total Time": 201.15,
                      "Actual Rows": 48907,
                      "Actual Loops": 4,
                      "Hash Buckets": 262144,
                      "Original Hash Buckets": 262144,
                      "Hash Batches": 1,
                      "Original Hash Batches": 1,
                      "Peak Memory Usage": 9792,
                      "Plans": [
                        {
                          "Node Type": "Hash Join",
                          "Parent Relationship": "Outer",
                          "Parallel Aware": true,
                          "Join Type": "Inner",
                          "Startup Cost": 46397.54,
                          "Total Cost": 61592.1,
                          "Plan Rows": 66842,
                          "Plan Width": 8,
                          "Actual Startup Time": 146.337,
                          "Actual Total Time": 190.958,
                          "Actual Rows": 48907,
                          "Actual Loops": 4,
                          "Inner Unique": true,
                          "Hash Cond": "(mi_idx.movie_id = t.id)",
                          "Plans": [
                            {
                              "Node Type": "Seq Scan",
                              "Parent Relationship": "Outer",
                              "Parallel Aware": true,
                              "Relation Name": "movie_info_idx",
                              "Alias": "mi_idx",
                              "Startup Cost": 0.0,
                              "Total Cost": 13685.15,
                              "Plan Rows": 575015,
                              "Plan Width": 4,
                              "Actual Startup Time": 0.023,
                              "Actual Total Time": 27.601,
                              "Actual Rows": 345009,
                              "Actual Loops": 4
                            },
                            {
                              "Node Type": "Hash",
                              "Parent Relationship": "Inner",
                              "Parallel Aware": true,
                              "Startup Cost": 45479.1,
                              "Total Cost": 45479.1,
                              "Plan Rows": 73475,
                              "Plan Width": 4,
                              "Actual Startup Time": 119.094,
                              "Actual Total Time": 119.095,
                              "Actual Rows": 57935,
                              "Actual Loops": 4,
                              "Hash Buckets": 524288,
                              "Original Hash Buckets": 524288,
                              "Hash Batches": 1,
                              "Original Hash Batches": 1,
                              "Peak Memory Usage": 13216,
                              "Plans": [
                                {
                                  "Node Type": "Seq Scan",
                                  "Parent Relationship": "Outer",
                                  "Parallel Aware": true,
                                  "Relation Name": "title",
                                  "Alias": "t",
                                  "Startup Cost": 0.0,
                                  "Total Cost": 45479.1,
                                  "Plan Rows": 73475,
                                  "Plan Width": 4,
                                  "Actual Startup Time": 47.663,
                                  "Actual Total Time": 98.974,
                                  "Actual Rows": 57935,
                                  "Actual Loops": 4,
                                  "Filter": "((production_year > 2004) AND (kind_id = 1))",
                                  "Rows Removed by Filter": 574143
                                }
                              ]
                            }
                          ]
                        }
                      ]
                    }
                  ]
                }
              ]
            }
          ]
        }
      ]
    },
    "Planning Time": 1.322,
    "Triggers": [],
    "Execution Time": 459.027
  }
]