{
  "Plan": {
    "Node Type": "Aggregate",
    "Strategy": "Plain",
    "Partial Mode": "Finalize",
    "Parallel Aware": false,
    "Startup Cost": 219320.15,
    "Total Cost": 219320.16,
    "Plan Rows": 1,
    "Plan Width": 8,
    "Actual Startup Time": 800.329,
    "Actual Total Time": 822.533,
    "Actual Rows": 1,
    "Actual Loops": 1,
    "Plans": [
      {
        "Node Type": "Gather",
        "Parent Relationship": "Outer",
        "Parallel Aware": false,
        "Startup Cost": 219320.04,
        "Total Cost": 219320.15,
        "Plan Rows": 1,
        "Plan Width": 8,
        "Actual Startup Time": 794.477,
        "Actual Total Time": 822.525,
        "Actual Rows": 2,
        "Actual Loops": 1,
        "Workers Planned": 1,
        "Workers Launched": 1,
        "Single Copy": false,
        "Plans": [
          {
            "Node Type": "Aggregate",
            "Strategy": "Plain",
            "Partial Mode": "Partial",
            "Parent Relationship": "Outer",
            "Parallel Aware": false,
            "Startup Cost": 218320.04,
            "Total Cost": 218320.05,
            "Plan Rows": 1,
            "Plan Width": 8,
            "Actual Startup Time": 784.016,
            "Actual Total Time": 784.023,
            "Actual Rows": 1,
            "Actual Loops": 2,
            "Plans": [
              {
                "Node Type": "Hash Join",
                "Parent Relationship": "Outer",
                "Parallel Aware": true,
                "Join Type": "Inner",
                "Startup Cost": 199158.5,
                "Total Cost": 218301.29,
                "Plan Rows": 7501,
                "Plan Width": 0,
                "Actual Startup Time": 689.662,
                "Actual Total Time": 782.448,
                "Actual Rows": 29835,
                "Actual Loops": 2,
                "Inner Unique": false,
                "Hash Cond": "(mi_idx.movie_id = t.id)",
                "Plans": [
                  {
                    "Node Type": "Seq Scan",
                    "Parent Relationship": "Outer",
                    "Parallel Aware": true,
                    "Relation Name": "movie_info_idx",
                    "Alias": "mi_idx",
                    "Startup Cost": 0.0,
                    "Total Cost": 18082.32,
                    "Plan Rows": 271028,
                    "Plan Width": 4,
                    "Actual Startup Time": 0.029,
                    "Actual Total Time": 60.818,
                    "Actual Rows": 229962,
                    "Actual Loops": 2,
                    "Filter": "(info_type_id = 101)",
                    "Rows Removed by Filter": 460055
                  },
                  {
                    "Node Type": "Hash",
                    "Parent Relationship": "Inner",
                    "Parallel Aware": true,
                    "Startup Cost": 198643.97,
                    "Total Cost": 198643.97,
                    "Plan Rows": 41162,
                    "Plan Width": 8,
                    "Actual Startup Time": 688.059,
                    "Actual Total Time": 688.064,
                    "Actual Rows": 34012,
                    "Actual Loops": 2,
                    "Hash Buckets": 131072,
                    "Original Hash Buckets": 131072,
                    "Hash Batches": 1,
                    "Original Hash Batches": 1,
                    "Peak Memory Usage": 3712,
                    "Plans": [
                      {
                        "Node Type": "Hash Join",
                        "Parent Relationship": "Outer",
                        "Parallel Aware": true,
                        "Join Type": "Inner",
                        "Startup Cost": 70731.45,
                        "Total Cost": 198643.97,
                        "Plan Rows": 41162,
                        "Plan Width": 8,
                        "Actual Startup Time": 655.237,
                        "Actual Total Time": 679.143,
                        "Actual Rows": 34012,
                        "Actual Loops": 2,
                        "Inner Unique": true,
                        "Hash Cond": "(mi.movie_id = t.id)",
                        "Plans": [
                          {
                            "Node Type": "Bitmap Heap Scan",
                            "Parent Relationship": "Outer",
                            "Parallel Aware": true,
                            "Relation Name": "movie_info",
                            "Alias": "mi",
                            "Startup Cost": 1270.75,
                            "Total Cost": 129075.22,
                            "Plan Rows": 41162,
                            "Plan Width": 4,
                            "Actual Startup Time": 4.941,
                            "Actual Total Time": 13.454,
                            "Actual Rows": 34012,
                            "Actual Loops": 2,
                            "Recheck Cond": "(info_type_id = 94)",
                            "Rows Removed by Index Recheck": 0,
                            "Exact Heap Blocks": 1410,
                            "Lossy Heap Blocks": 0,
                            "Plans": [
                              {
                                "Node Type": "Bitmap Index Scan",
                                "Parent Relationship": "Outer",
                                "Parallel Aware": false,
                                "Index Name": "info_type_id_movie_info",
                                "Startup Cost": 0.0,
                                "Total Cost": 1253.25,
                                "Plan Rows": 69976,
                                "Plan Width": 0,
                                "Actual Startup Time": 4.475,
                                "Actual Total Time": 4.476,
                                "Actual Rows": 68025,
                                "Actual Loops": 1,
                                "Index Cond": "(info_type_id = 94)"
                              }
                            ]
                          },
                          {
                            "Node Type": "Hash",
                            "Parent Relationship": "Inner",
                            "Parallel Aware": true,
                            "Startup Cost": 50870.31,
                            "Total Cost": 50870.31,
                            "Plan Rows": 1487231,
                            "Plan Width": 4,
                            "Actual Startup Time": 633.008,
                            "Actual Total Time": 633.009,
                            "Actual Rows": 1264156,
                            "Actual Loops": 2,
                            "Hash Buckets": 4194304,
                            "Original Hash Buckets": 4194304,
                            "Hash Batches": 1,
                            "Original Hash Batches": 1,
                            "Peak Memory Usage": 131680,
                            "Plans": [
                              {
                                "Node Type": "Seq Scan",
                                "Parent Relationship": "Outer",
                                "Parallel Aware": true,
                                "Relation Name": "title",
                                "Alias": "t",
                                "Startup Cost": 0.0,
                                "Total Cost": 50870.31,
                                "Plan Rows": 1487231,
                                "Plan Width": 4,
                                "Actual Startup Time": 0.039,
                                "Actual Total Time": 183.593,
                                "Actual Rows": 1264156,
                                "Actual Loops": 2
                              }
                            ]
                          }
                        ]
                      }
                    ]
                  }
                ]
              }
            ]
          }
        ]
      }
    ]
  },
  "Planning Time": 0.542,
  "Triggers": [],
  "Execution Time": 822.602
}