{
  "Plan": {
    "Node Type": "Aggregate",
    "Strategy": "Plain",
    "Partial Mode": "Finalize",
    "Parallel Aware": false,
    "Startup Cost": 560471.38,
    "Total Cost": 560471.39,
    "Plan Rows": 1,
    "Plan Width": 8,
    "Actual Startup Time": 2507.944,
    "Actual Total Time": 2537.605,
    "Actual Rows": 1,
    "Actual Loops": 1,
    "Plans": [
      {
        "Node Type": "Gather",
        "Parent Relationship": "Outer",
        "Parallel Aware": false,
        "Startup Cost": 560471.27,
        "Total Cost": 560471.38,
        "Plan Rows": 1,
        "Plan Width": 8,
        "Actual Startup Time": 2500.534,
        "Actual Total Time": 2537.595,
        "Actual Rows": 2,
        "Actual Loops": 1,
        "Workers Planned": 1,
        "Workers Launched": 1,
        "Single Copy": false,
        "Plans": [
          {
            "Node Type": "Aggregate",
            "Strategy": "Plain",
            "Partial Mode": "Partial",
            "Parent Relationship": "Outer",
            "Parallel Aware": false,
            "Startup Cost": 559471.27,
            "Total Cost": 559471.28,
            "Plan Rows": 1,
            "Plan Width": 8,
            "Actual Startup Time": 2490.861,
            "Actual Total Time": 2490.87,
            "Actual Rows": 1,
            "Actual Loops": 2,
            "Plans": [
              {
                "Node Type": "Hash Join",
                "Parent Relationship": "Outer",
                "Parallel Aware": true,
                "Join Type": "Inner",
                "Startup Cost": 225686.47,
                "Total Cost": 550400.41,
                "Plan Rows": 3628342,
                "Plan Width": 0,
                "Actual Startup Time": 894.552,
                "Actual Total Time": 2388.221,
                "Actual Rows": 1966501,
                "Actual Loops": 2,
                "Inner Unique": true,
                "Hash Cond": "(ci.movie_id = t.id)",
                "Plans": [
                  {
                    "Node Type": "Bitmap Heap Scan",
                    "Parent Relationship": "Outer",
                    "Parallel Aware": true,
                    "Relation Name": "cast_info",
                    "Alias": "ci",
                    "Startup Cost": 156225.77,
                    "Total Cost": 471415.31,
                    "Plan Rows": 3628342,
                    "Plan Width": 4,
                    "Actual Startup Time": 295.041,
                    "Actual Total Time": 828.508,
                    "Actual Rows": 1966501,
                    "Actual Loops": 2,
                    "Recheck Cond": "(person_id > 2969873)",
                    "Rows Removed by Index Recheck": 0,
                    "Filter": "(role_id < 10)",
                    "Rows Removed by Filter": 1507964,
                    "Exact Heap Blocks": 54326,
                    "Lossy Heap Blocks": 0,
                    "Plans": [
                      {
                        "Node Type": "Bitmap Index Scan",
                        "Parent Relationship": "Outer",
                        "Parallel Aware": false,
                        "Index Name": "person_id_cast_info",
                        "Startup Cost": 0.0,
                        "Total Cost": 154683.72,
                        "Plan Rows": 7083621,
                        "Plan Width": 0,
                        "Actual Startup Time": 279.972,
                        "Actual Total Time": 279.972,
                        "Actual Rows": 6948931,
                        "Actual Loops": 1,
                        "Index Cond": "(person_id > 2969873)"
                      }
                    ]
                  },
                  {
                    "Node Type": "Hash",
                    "Parent Relationship": "Inner",
                    "Parallel Aware": true,
                    "Startup Cost": 50870.31,
                    "Total Cost": 50870.31,
                    "Plan Rows": 1487231,
                    "Plan Width": 4,
                    "Actual Startup Time": 580.046,
                    "Actual Total Time": 580.047,
                    "Actual Rows": 1264156,
                    "Actual Loops": 2,
                    "Hash Buckets": 4194304,
                    "Original Hash Buckets": 4194304,
                    "Hash Batches": 1,
                    "Original Hash Batches": 1,
                    "Peak Memory Usage": 131712,
                    "Plans": [
                      {
                        "Node Type": "Seq Scan",
                        "Parent Relationship": "Outer",
                        "Parallel Aware": true,
                        "Relation Name": "title",
                        "Alias": "t",
                        "Startup Cost": 0.0,
                        "Total Cost": 50870.31,
                        "Plan Rows": 1487231,
                        "Plan Width": 4,
                        "Actual Startup Time": 0.018,
                        "Actual Total Time": 173.61,
                        "Actual Rows": 1264156,
                        "Actual Loops": 2
                      }
                    ]
                  }
                ]
              }
            ]
          }
        ]
      }
    ]
  },
  "Planning Time": 0.433,
  "Triggers": [],
  "Execution Time": 2537.686
}