[
  {
    "Plan": {
      "Node Type": "Aggregate",
      "Strategy": "Plain",
      "Partial Mode": "Finalize",
      "Parallel Aware": false,
      "Startup Cost": 82247.67,
      "Total Cost": 82247.68,
      "Plan Rows": 1,
      "Plan Width": 8,
      "Actual Startup Time": 261.956,
      "Actual Total Time": 276.263,
      "Actual Rows": 1,
      "Actual Loops": 1,
      "Plans": [
        {
          "Node Type": "Gather",
          "Parent Relationship": "Outer",
          "Parallel Aware": false,
          "Startup Cost": 82247.25,
          "Total Cost": 82247.66,
          "Plan Rows": 4,
          "Plan Width": 8,
          "Actual Startup Time": 259.418,
          "Actual Total Time": 276.254,
          "Actual Rows": 5,
          "Actual Loops": 1,
          "Workers Planned": 4,
          "Workers Launched": 4,
          "Single Copy": false,
          "Plans": [
            {
              "Node Type": "Aggregate",
              "Strategy": "Plain",
              "Partial Mode": "Partial",
              "Parent Relationship": "Outer",
              "Parallel Aware": false,
              "Startup Cost": 81247.25,
              "Total Cost": 81247.26,
              "Plan Rows": 1,
              "Plan Width": 8,
              "Actual Startup Time": 249.367,
              "Actual Total Time": 249.37,
              "Actual Rows": 1,
              "Actual Loops": 5,
              "Plans": [
                {
                  "Node Type": "Hash Join",
                  "Parent Relationship": "Outer",
                  "Parallel Aware": true,
                  "Join Type": "Inner",
                  "Startup Cost": 33669.54,
                  "Total Cost": 81062.08,
                  "Plan Rows": 74069,
                  "Plan Width": 0,
                  "Actual Startup Time": 107.871,
                  "Actual Total Time": 247.778,
                  "Actual Rows": 30833,
                  "Actual Loops": 5,
                  "Inner Unique": false,
                  "Hash Cond": "(t.id = mc.movie_id)",
                  "Plans": [
                    {
                      "Node Type": "Seq Scan",
                      "Parent Relationship": "Outer",
                      "Parallel Aware": true,
                      "Relation Name": "title",
                      "Alias": "t",
                      "Startup Cost": 0.0,
                      "Total Cost": 45479.1,
                      "Plan Rows": 334902,
                      "Plan Width": 4,
                      "Actual Startup Time": 0.016,
                      "Actual Total Time": 81.364,
                      "Actual Rows": 283656,
                      "Actual Loops": 5,
                      "Filter": "((production_year > 1961) AND (kind_id = 7))",
                      "Rows Removed by Filter": 222006
                    },
                    {
                      "Node Type": "Hash",
                      "Parent Relationship": "Inner",
                      "Parallel Aware": true,
                      "Startup Cost": 31414.82,
                      "Total Cost": 31414.82,
                      "Plan Rows": 180378,
                      "Plan Width": 4,
                      "Actual Startup Time": 103.429,
                      "Actual Total Time": 103.43,
                      "Actual Rows": 69290,
                      "Actual Loops": 5,
                      "Hash Buckets": 1048576,
                      "Original Hash Buckets": 1048576,
                      "Hash Batches": 1,
                      "Original Hash Batches": 1,
                      "Peak Memory Usage": 21824,
                      "Plans": [
                        {
                          "Node Type": "Seq Scan",
                          "Parent Relationship": "Outer",
                          "Parallel Aware": true,
                          "Relation Name": "movie_companies",
                          "Alias": "mc",
                          "Startup Cost": 0.0,
                          "Total Cost": 31414.82,
                          "Plan Rows": 180378,
                          "Plan Width": 4,
                          "Actual Startup Time": 47.938,
                          "Actual Total Time": 75.734,
                          "Actual Rows": 69290,
                          "Actual Loops": 5,
                          "Filter": "((company_id < 7500) AND (company_type_id = 2))",
                          "Rows Removed by Filter": 452536
                        }
                      ]
                    }
                  ]
                }
              ]
            }
          ]
        }
      ]
    },
    "Planning Time": 0.682,
    "Triggers": [],
    "Execution Time": 276.339
  }
]