[
    {
        "Bao": {
            "Bao prediction": 990.317,
            "Bao recommended hint": "SET enable_nestloop TO off; "
        }
    },
    {
        "Plan": {
            "Node Type": "Aggregate",
            "Strategy": "Plain",
            "Partial Mode": "Finalize",
            "Parallel Aware": false,
            "Startup Cost": 125535.92,
            "Total Cost": 125535.93,
            "Plan Rows": 1,
            "Plan Width": 32,
            "Actual Startup Time": 607.801,
            "Actual Total Time": 646.625,
            "Actual Rows": 1,
            "Actual Loops": 1,
            "Output": [
                "min(t.title)"
            ],
            "Plans": [
                {
                    "Node Type": "Gather",
                    "Parent Relationship": "Outer",
                    "Parallel Aware": false,
                    "Startup Cost": 125535.5,
                    "Total Cost": 125535.91,
                    "Plan Rows": 4,
                    "Plan Width": 32,
                    "Actual Startup Time": 606.918,
                    "Actual Total Time": 646.608,
                    "Actual Rows": 5,
                    "Actual Loops": 1,
                    "Output": [
                        "(PARTIAL min(t.title))"
                    ],
                    "Workers Planned": 4,
                    "Workers Launched": 4,
                    "Single Copy": false,
                    "Plans": [
                        {
                            "Node Type": "Aggregate",
                            "Strategy": "Plain",
                            "Partial Mode": "Partial",
                            "Parent Relationship": "Outer",
                            "Parallel Aware": false,
                            "Startup Cost": 124535.5,
                            "Total Cost": 124535.51,
                            "Plan Rows": 1,
                            "Plan Width": 32,
                            "Actual Startup Time": 595.373,
                            "Actual Total Time": 595.39,
                            "Actual Rows": 1,
                            "Actual Loops": 5,
                            "Output": [
                                "PARTIAL min(t.title)"
                            ],
                            "Workers": [
                                {
                                    "Worker Number": 0,
                                    "Actual Startup Time": 592.239,
                                    "Actual Total Time": 592.251,
                                    "Actual Rows": 1,
                                    "Actual Loops": 1
                                },
                                {
                                    "Worker Number": 1,
                                    "Actual Startup Time": 592.446,
                                    "Actual Total Time": 592.473,
                                    "Actual Rows": 1,
                                    "Actual Loops": 1
                                },
                                {
                                    "Worker Number": 2,
                                    "Actual Startup Time": 593.469,
                                    "Actual Total Time": 593.49,
                                    "Actual Rows": 1,
                                    "Actual Loops": 1
                                },
                                {
                                    "Worker Number": 3,
                                    "Actual Startup Time": 593.424,
                                    "Actual Total Time": 593.437,
                                    "Actual Rows": 1,
                                    "Actual Loops": 1
                                }
                            ],
                            "Plans": [
                                {
                                    "Node Type": "Hash Join",
                                    "Parent Relationship": "Outer",
                                    "Parallel Aware": true,
                                    "Join Type": "Inner",
                                    "Startup Cost": 79846.03,
                                    "Total Cost": 124535.5,
                                    "Plan Rows": 2,
                                    "Plan Width": 17,
                                    "Actual Startup Time": 414.809,
                                    "Actual Total Time": 595.145,
                                    "Actual Rows": 835,
                                    "Actual Loops": 5,
                                    "Output": [
                                        "t.title"
                                    ],
                                    "Inner Unique": false,
                                    "Hash Cond": "(t.id = mc.movie_id)",
                                    "Workers": [
                                        {
                                            "Worker Number": 0,
                                            "Actual Startup Time": 412.918,
                                            "Actual Total Time": 591.994,
                                            "Actual Rows": 845,
                                            "Actual Loops": 1
                                        },
                                        {
                                            "Worker Number": 1,
                                            "Actual Startup Time": 411.015,
                                            "Actual Total Time": 592.236,
                                            "Actual Rows": 746,
                                            "Actual Loops": 1
                                        },
                                        {
                                            "Worker Number": 2,
                                            "Actual Startup Time": 414.283,
                                            "Actual Total Time": 593.255,
                                            "Actual Rows": 703,
                                            "Actual Loops": 1
                                        },
                                        {
                                            "Worker Number": 3,
                                            "Actual Startup Time": 411.948,
                                            "Actual Total Time": 593.206,
                                            "Actual Rows": 782,
                                            "Actual Loops": 1
                                        }
                                    ],
                                    "Plans": [
                                        {
                                            "Node Type": "Seq Scan",
                                            "Parent Relationship": "Outer",
                                            "Parallel Aware": true,
                                            "Relation Name": "title",
                                            "Schema": "public",
                                            "Alias": "t",
                                            "Startup Cost": 0.0,
                                            "Total Cost": 42319.06,
                                            "Plan Rows": 632106,
                                            "Plan Width": 21,
                                            "Actual Startup Time": 0.037,
                                            "Actual Total Time": 92.146,
                                            "Actual Rows": 505662,
                                            "Actual Loops": 5,
                                            "Output": [
                                                "t.id",
                                                "t.title",
                                                "t.imdb_index",
                                                "t.kind_id",
                                                "t.production_year",
                                                "t.imdb_id",
                                                "t.phonetic_code",
                                                "t.episode_of_id",
                                                "t.season_nr",
                                                "t.episode_nr",
                                                "t.series_years",
                                                "t.md5sum"
                                            ],
                                            "Workers": [
                                                {
                                                    "Worker Number": 0,
                                                    "Actual Startup Time": 0.047,
                                                    "Actual Total Time": 92.101,
                                                    "Actual Rows": 477212,
                                                    "Actual Loops": 1
                                                },
                                                {
                                                    "Worker Number": 1,
                                                    "Actual Startup Time": 0.034,
                                                    "Actual Total Time": 93.597,
                                                    "Actual Rows": 467533,
                                                    "Actual Loops": 1
                                                },
                                                {
                                                    "Worker Number": 2,
                                                    "Actual Startup Time": 0.046,
                                                    "Actual Total Time": 91.678,
                                                    "Actual Rows": 478042,
                                                    "Actual Loops": 1
                                                },
                                                {
                                                    "Worker Number": 3,
                                                    "Actual Startup Time": 0.042,
                                                    "Actual Total Time": 91.576,
                                                    "Actual Rows": 478840,
                                                    "Actual Loops": 1
                                                }
                                            ]
                                        },
                                        {
                                            "Node Type": "Hash",
                                            "Parent Relationship": "Inner",
                                            "Parallel Aware": true,
                                            "Startup Cost": 79846.01,
                                            "Total Cost": 79846.01,
                                            "Plan Rows": 2,
                                            "Plan Width": 8,
                                            "Actual Startup Time": 412.046,
                                            "Actual Total Time": 412.061,
                                            "Actual Rows": 835,
                                            "Actual Loops": 5,
                                            "Output": [
                                                "mc.movie_id",
                                                "mk.movie_id"
                                            ],
                                            "Hash Buckets": 1024,
                                            "Original Hash Buckets": 1024,
                                            "Hash Batches": 1,
                                            "Original Hash Batches": 1,
                                            "Peak Memory Usage": 200,
                                            "Workers": [
                                                {
                                                    "Worker Number": 0,
                                                    "Actual Startup Time": 409.656,
                                                    "Actual Total Time": 409.666,
                                                    "Actual Rows": 725,
                                                    "Actual Loops": 1
                                                },
                                                {
                                                    "Worker Number": 1,
                                                    "Actual Startup Time": 409.679,
                                                    "Actual Total Time": 409.702,
                                                    "Actual Rows": 798,
                                                    "Actual Loops": 1
                                                },
                                                {
                                                    "Worker Number": 2,
                                                    "Actual Startup Time": 410.957,
                                                    "Actual Total Time": 410.975,
                                                    "Actual Rows": 735,
                                                    "Actual Loops": 1
                                                },
                                                {
                                                    "Worker Number": 3,
                                                    "Actual Startup Time": 410.898,
                                                    "Actual Total Time": 410.909,
                                                    "Actual Rows": 795,
                                                    "Actual Loops": 1
                                                }
                                            ],
                                            "Plans": [
                                                {
                                                    "Node Type": "Hash Join",
                                                    "Parent Relationship": "Outer",
                                                    "Parallel Aware": true,
                                                    "Join Type": "Inner",
                                                    "Startup Cost": 50299.09,
                                                    "Total Cost": 79846.01,
                                                    "Plan Rows": 2,
                                                    "Plan Width": 8,
                                                    "Actual Startup Time": 269.523,
                                                    "Actual Total Time": 411.328,
                                                    "Actual Rows": 835,
                                                    "Actual Loops": 5,
                                                    "Output": [
                                                        "mc.movie_id",
                                                        "mk.movie_id"
                                                    ],
                                                    "Inner Unique": false,
                                                    "Hash Cond": "(mc.movie_id = mk.movie_id)",
                                                    "Workers": [
                                                        {
                                                            "Worker Number": 0,
                                                            "Actual Startup Time": 266.898,
                                                            "Actual Total Time": 408.928,
                                                            "Actual Rows": 725,
                                                            "Actual Loops": 1
                                                        },
                                                        {
                                                            "Worker Number": 1,
                                                            "Actual Startup Time": 267.084,
                                                            "Actual Total Time": 409.132,
                                                            "Actual Rows": 798,
                                                            "Actual Loops": 1
                                                        },
                                                        {
                                                            "Worker Number": 2,
                                                            "Actual Startup Time": 268.019,
                                                            "Actual Total Time": 410.22,
                                                            "Actual Rows": 735,
                                                            "Actual Loops": 1
                                                        },
                                                        {
                                                            "Worker Number": 3,
                                                            "Actual Startup Time": 269.299,
                                                            "Actual Total Time": 410.106,
                                                            "Actual Rows": 795,
                                                            "Actual Loops": 1
                                                        }
                                                    ],
                                                    "Plans": [
                                                        {
                                                            "Node Type": "Hash Join",
                                                            "Parent Relationship": "Outer",
                                                            "Parallel Aware": true,
                                                            "Join Type": "Inner",
                                                            "Startup Cost": 4794.62,
                                                            "Total Cost": 34210.55,
                                                            "Plan Rows": 34927,
                                                            "Plan Width": 4,
                                                            "Actual Startup Time": 11.646,
                                                            "Actual Total Time": 149.142,
                                                            "Actual Rows": 16839,
                                                            "Actual Loops": 5,
                                                            "Output": [
                                                                "mc.movie_id"
                                                            ],
                                                            "Inner Unique": true,
                                                            "Hash Cond": "(mc.company_id = cn.id)",
                                                            "Workers": [
                                                                {
                                                                    "Worker Number": 0,
                                                                    "Actual Startup Time": 11.746,
                                                                    "Actual Total Time": 149.182,
                                                                    "Actual Rows": 16274,
                                                                    "Actual Loops": 1
                                                                },
                                                                {
                                                                    "Worker Number": 1,
                                                                    "Actual Startup Time": 11.658,
                                                                    "Actual Total Time": 149.275,
                                                                    "Actual Rows": 15020,
                                                                    "Actual Loops": 1
                                                                },
                                                                {
                                                                    "Worker Number": 2,
                                                                    "Actual Startup Time": 11.564,
                                                                    "Actual Total Time": 149.394,
                                                                    "Actual Rows": 15530,
                                                                    "Actual Loops": 1
                                                                },
                                                                {
                                                                    "Worker Number": 3,
                                                                    "Actual Startup Time": 11.681,
                                                                    "Actual Total Time": 149.344,
                                                                    "Actual Rows": 15899,
                                                                    "Actual Loops": 1
                                                                }
                                                            ],
                                                            "Plans": [
                                                                {
                                                                    "Node Type": "Seq Scan",
                                                                    "Parent Relationship": "Outer",
                                                                    "Parallel Aware": true,
                                                                    "Relation Name": "movie_companies",
                                                                    "Schema": "public",
                                                                    "Alias": "mc",
                                                                    "Startup Cost": 0.0,
                                                                    "Total Cost": 27206.55,
                                                                    "Plan Rows": 841655,
                                                                    "Plan Width": 8,
                                                                    "Actual Startup Time": 0.023,
                                                                    "Actual Total Time": 68.961,
                                                                    "Actual Rows": 521826,
                                                                    "Actual Loops": 5,
                                                                    "Output": [
                                                                        "mc.id",
                                                                        "mc.movie_id",
                                                                        "mc.company_id",
                                                                        "mc.company_type_id",
                                                                        "mc.note"
                                                                    ],
                                                                    "Workers": [
                                                                        {
                                                                            "Worker Number": 0,
                                                                            "Actual Startup Time": 0.024,
                                                                            "Actual Total Time": 68.77,
                                                                            "Actual Rows": 488490,
                                                                            "Actual Loops": 1
                                                                        },
                                                                        {
                                                                            "Worker Number": 1,
                                                                            "Actual Startup Time": 0.031,
                                                                            "Actual Total Time": 69.453,
                                                                            "Actual Rows": 486835,
                                                                            "Actual Loops": 1
                                                                        },
                                                                        {
                                                                            "Worker Number": 2,
                                                                            "Actual Startup Time": 0.025,
                                                                            "Actual Total Time": 69.101,
                                                                            "Actual Rows": 490135,
                                                                            "Actual Loops": 1
                                                                        },
                                                                        {
                                                                            "Worker Number": 3,
                                                                            "Actual Startup Time": 0.026,
                                                                            "Actual Total Time": 68.878,
                                                                            "Actual Rows": 489621,
                                                                            "Actual Loops": 1
                                                                        }
                                                                    ]
                                                                },
                                                                {
                                                                    "Node Type": "Hash",
                                                                    "Parent Relationship": "Inner",
                                                                    "Parallel Aware": true,
                                                                    "Startup Cost": 4722.92,
                                                                    "Total Cost": 4722.92,
                                                                    "Plan Rows": 5736,
                                                                    "Plan Width": 4,
                                                                    "Actual Startup Time": 11.459,
                                                                    "Actual Total Time": 11.461,
                                                                    "Actual Rows": 1962,
                                                                    "Actual Loops": 5,
                                                                    "Output": [
                                                                        "cn.id"
                                                                    ],
                                                                    "Hash Buckets": 16384,
                                                                    "Original Hash Buckets": 16384,
                                                                    "Hash Batches": 1,
                                                                    "Original Hash Batches": 1,
                                                                    "Peak Memory Usage": 640,
                                                                    "Workers": [
                                                                        {
                                                                            "Worker Number": 0,
                                                                            "Actual Startup Time": 11.496,
                                                                            "Actual Total Time": 11.498,
                                                                            "Actual Rows": 1820,
                                                                            "Actual Loops": 1
                                                                        },
                                                                        {
                                                                            "Worker Number": 1,
                                                                            "Actual Startup Time": 11.46,
                                                                            "Actual Total Time": 11.461,
                                                                            "Actual Rows": 1764,
                                                                            "Actual Loops": 1
                                                                        },
                                                                        {
                                                                            "Worker Number": 2,
                                                                            "Actual Startup Time": 11.464,
                                                                            "Actual Total Time": 11.466,
                                                                            "Actual Rows": 1789,
                                                                            "Actual Loops": 1
                                                                        },
                                                                        {
                                                                            "Worker Number": 3,
                                                                            "Actual Startup Time": 11.497,
                                                                            "Actual Total Time": 11.498,
                                                                            "Actual Rows": 1860,
                                                                            "Actual Loops": 1
                                                                        }
                                                                    ],
                                                                    "Plans": [
                                                                        {
                                                                            "Node Type": "Seq Scan",
                                                                            "Parent Relationship": "Outer",
                                                                            "Parallel Aware": true,
                                                                            "Relation Name": "company_name",
                                                                            "Schema": "public",
                                                                            "Alias": "cn",
                                                                            "Startup Cost": 0.0,
                                                                            "Total Cost": 4722.92,
                                                                            "Plan Rows": 5736,
                                                                            "Plan Width": 4,
                                                                            "Actual Startup Time": 0.035,
                                                                            "Actual Total Time": 9.353,
                                                                            "Actual Rows": 1962,
                                                                            "Actual Loops": 5,
                                                                            "Output": [
                                                                                "cn.id"
                                                                            ],
                                                                            "Filter": "((cn.country_code)::text = '[ca]'::text)",
                                                                            "Rows Removed by Filter": 45037,
                                                                            "Workers": [
                                                                                {
                                                                                    "Worker Number": 0,
                                                                                    "Actual Startup Time": 0.044,
                                                                                    "Actual Total Time": 9.048,
                                                                                    "Actual Rows": 1820,
                                                                                    "Actual Loops": 1
                                                                                },
                                                                                {
                                                                                    "Worker Number": 1,
                                                                                    "Actual Startup Time": 0.041,
                                                                                    "Actual Total Time": 9.285,
                                                                                    "Actual Rows": 1764,
                                                                                    "Actual Loops": 1
                                                                                },
                                                                                {
                                                                                    "Worker Number": 2,
                                                                                    "Actual Startup Time": 0.035,
                                                                                    "Actual Total Time": 8.983,
                                                                                    "Actual Rows": 1789,
                                                                                    "Actual Loops": 1
                                                                                },
                                                                                {
                                                                                    "Worker Number": 3,
                                                                                    "Actual Startup Time": 0.038,
                                                                                    "Actual Total Time": 9.019,
                                                                                    "Actual Rows": 1860,
                                                                                    "Actual Loops": 1
                                                                                }
                                                                            ]
                                                                        }
                                                                    ]
                                                                }
                                                            ]
                                                        },
                                                        {
                                                            "Node Type": "Hash",
                                                            "Parent Relationship": "Inner",
                                                            "Parallel Aware": true,
                                                            "Startup Cost": 45504.33,
                                                            "Total Cost": 45504.33,
                                                            "Plan Rows": 11,
                                                            "Plan Width": 4,
                                                            "Actual Startup Time": 256.9,
                                                            "Actual Total Time": 256.907,
                                                            "Actual Rows": 8368,
                                                            "Actual Loops": 5,
                                                            "Output": [
                                                                "mk.movie_id"
                                                            ],
                                                            "Hash Buckets": 65536,
                                                            "Original Hash Buckets": 1024,
                                                            "Hash Batches": 1,
                                                            "Original Hash Batches": 1,
                                                            "Peak Memory Usage": 2744,
                                                            "Workers": [
                                                                {
                                                                    "Worker Number": 0,
                                                                    "Actual Startup Time": 254.519,
                                                                    "Actual Total Time": 254.523,
                                                                    "Actual Rows": 7129,
                                                                    "Actual Loops": 1
                                                                },
                                                                {
                                                                    "Worker Number": 1,
                                                                    "Actual Startup Time": 254.653,
                                                                    "Actual Total Time": 254.669,
                                                                    "Actual Rows": 8398,
                                                                    "Actual Loops": 1
                                                                },
                                                                {
                                                                    "Worker Number": 2,
                                                                    "Actual Startup Time": 255.771,
                                                                    "Actual Total Time": 255.78,
                                                                    "Actual Rows": 8361,
                                                                    "Actual Loops": 1
                                                                },
                                                                {
                                                                    "Worker Number": 3,
                                                                    "Actual Startup Time": 255.701,
                                                                    "Actual Total Time": 255.704,
                                                                    "Actual Rows": 7531,
                                                                    "Actual Loops": 1
                                                                }
                                                            ],
                                                            "Plans": [
                                                                {
                                                                    "Node Type": "Hash Join",
                                                                    "Parent Relationship": "Outer",
                                                                    "Parallel Aware": false,
                                                                    "Join Type": "Inner",
                                                                    "Startup Cost": 2626.14,
                                                                    "Total Cost": 45504.33,
                                                                    "Plan Rows": 11,
                                                                    "Plan Width": 4,
                                                                    "Actual Startup Time": 25.78,
                                                                    "Actual Total Time": 221.664,
                                                                    "Actual Rows": 8368,
                                                                    "Actual Loops": 5,
                                                                    "Output": [
                                                                        "mk.movie_id"
                                                                    ],
                                                                    "Inner Unique": true,
                                                                    "Hash Cond": "(mk.keyword_id = k.id)",
                                                                    "Workers": [
                                                                        {
                                                                            "Worker Number": 0,
                                                                            "Actual Startup Time": 24.489,
                                                                            "Actual Total Time": 215.607,
                                                                            "Actual Rows": 7129,
                                                                            "Actual Loops": 1
                                                                        },
                                                                        {
                                                                            "Worker Number": 1,
                                                                            "Actual Startup Time": 25.806,
                                                                            "Actual Total Time": 227.718,
                                                                            "Actual Rows": 8398,
                                                                            "Actual Loops": 1
                                                                        },
                                                                        {
                                                                            "Worker Number": 2,
                                                                            "Actual Startup Time": 25.821,
                                                                            "Actual Total Time": 227.419,
                                                                            "Actual Rows": 8361,
                                                                            "Actual Loops": 1
                                                                        },
                                                                        {
                                                                            "Worker Number": 3,
                                                                            "Actual Startup Time": 25.629,
                                                                            "Actual Total Time": 224.214,
                                                                            "Actual Rows": 7531,
                                                                            "Actual Loops": 1
                                                                        }
                                                                    ],
                                                                    "Plans": [
                                                                        {
                                                                            "Node Type": "Seq Scan",
                                                                            "Parent Relationship": "Outer",
                                                                            "Parallel Aware": true,
                                                                            "Relation Name": "movie_keyword",
                                                                            "Schema": "public",
                                                                            "Alias": "mk",
                                                                            "Startup Cost": 0.0,
                                                                            "Total Cost": 39047.32,
                                                                            "Plan Rows": 1459332,
                                                                            "Plan Width": 8,
                                                                            "Actual Startup Time": 0.054,
                                                                            "Actual Total Time": 107.003,
                                                                            "Actual Rows": 904786,
                                                                            "Actual Loops": 5,
                                                                            "Output": [
                                                                                "mk.id",
                                                                                "mk.movie_id",
                                                                                "mk.keyword_id"
                                                                            ],
                                                                            "Workers": [
                                                                                {
                                                                                    "Worker Number": 0,
                                                                                    "Actual Startup Time": 0.062,
                                                                                    "Actual Total Time": 103.813,
                                                                                    "Actual Rows": 726680,
                                                                                    "Actual Loops": 1
                                                                                },
                                                                                {
                                                                                    "Worker Number": 1,
                                                                                    "Actual Startup Time": 0.065,
                                                                                    "Actual Total Time": 111.077,
                                                                                    "Actual Rows": 918710,
                                                                                    "Actual Loops": 1
                                                                                },
                                                                                {
                                                                                    "Worker Number": 2,
                                                                                    "Actual Startup Time": 0.061,
                                                                                    "Actual Total Time": 110.298,
                                                                                    "Actual Rows": 923335,
                                                                                    "Actual Loops": 1
                                                                                },
                                                                                {
                                                                                    "Worker Number": 3,
                                                                                    "Actual Startup Time": 0.062,
                                                                                    "Actual Total Time": 108.247,
                                                                                    "Actual Rows": 893550,
                                                                                    "Actual Loops": 1
                                                                                }
                                                                            ]
                                                                        },
                                                                        {
                                                                            "Node Type": "Hash",
                                                                            "Parent Relationship": "Inner",
                                                                            "Parallel Aware": false,
                                                                            "Startup Cost": 2626.12,
                                                                            "Total Cost": 2626.12,
                                                                            "Plan Rows": 1,
                                                                            "Plan Width": 4,
                                                                            "Actual Startup Time": 25.608,
                                                                            "Actual Total Time": 25.61,
                                                                            "Actual Rows": 1,
                                                                            "Actual Loops": 5,
                                                                            "Output": [
                                                                                "k.id"
                                                                            ],
                                                                            "Hash Buckets": 1024,
                                                                            "Original Hash Buckets": 1024,
                                                                            "Hash Batches": 1,
                                                                            "Original Hash Batches": 1,
                                                                            "Peak Memory Usage": 9,
                                                                            "Workers": [
                                                                                {
                                                                                    "Worker Number": 0,
                                                                                    "Actual Startup Time": 24.282,
                                                                                    "Actual Total Time": 24.284,
                                                                                    "Actual Rows": 1,
                                                                                    "Actual Loops": 1
                                                                                },
                                                                                {
                                                                                    "Worker Number": 1,
                                                                                    "Actual Startup Time": 25.666,
                                                                                    "Actual Total Time": 25.668,
                                                                                    "Actual Rows": 1,
                                                                                    "Actual Loops": 1
                                                                                },
                                                                                {
                                                                                    "Worker Number": 2,
                                                                                    "Actual Startup Time": 25.561,
                                                                                    "Actual Total Time": 25.566,
                                                                                    "Actual Rows": 1,
                                                                                    "Actual Loops": 1
                                                                                },
                                                                                {
                                                                                    "Worker Number": 3,
                                                                                    "Actual Startup Time": 25.489,
                                                                                    "Actual Total Time": 25.49,
                                                                                    "Actual Rows": 1,
                                                                                    "Actual Loops": 1
                                                                                }
                                                                            ],
                                                                            "Plans": [
                                                                                {
                                                                                    "Node Type": "Seq Scan",
                                                                                    "Parent Relationship": "Outer",
                                                                                    "Parallel Aware": false,
                                                                                    "Relation Name": "keyword",
                                                                                    "Schema": "public",
                                                                                    "Alias": "k",
                                                                                    "Startup Cost": 0.0,
                                                                                    "Total Cost": 2626.12,
                                                                                    "Plan Rows": 1,
                                                                                    "Plan Width": 4,
                                                                                    "Actual Startup Time": 2.098,
                                                                                    "Actual Total Time": 25.58,
                                                                                    "Actual Rows": 1,
                                                                                    "Actual Loops": 5,
                                                                                    "Output": [
                                                                                        "k.id"
                                                                                    ],
                                                                                    "Filter": "(k.keyword = 'character-name-in-title'::text)",
                                                                                    "Rows Removed by Filter": 134169,
                                                                                    "Workers": [
                                                                                        {
                                                                                            "Worker Number": 0,
                                                                                            "Actual Startup Time": 2.099,
                                                                                            "Actual Total Time": 24.251,
                                                                                            "Actual Rows": 1,
                                                                                            "Actual Loops": 1
                                                                                        },
                                                                                        {
                                                                                            "Worker Number": 1,
                                                                                            "Actual Startup Time": 2.165,
                                                                                            "Actual Total Time": 25.635,
                                                                                            "Actual Rows": 1,
                                                                                            "Actual Loops": 1
                                                                                        },
                                                                                        {
                                                                                            "Worker Number": 2,
                                                                                            "Actual Startup Time": 2.11,
                                                                                            "Actual Total Time": 25.53,
                                                                                            "Actual Rows": 1,
                                                                                            "Actual Loops": 1
                                                                                        },
                                                                                        {
                                                                                            "Worker Number": 3,
                                                                                            "Actual Startup Time": 2.076,
                                                                                            "Actual Total Time": 25.457,
                                                                                            "Actual Rows": 1,
                                                                                            "Actual Loops": 1
                                                                                        }
                                                                                    ]
                                                                                }
                                                                            ]
                                                                        }
                                                                    ]
                                                                }
                                                            ]
                                                        }
                                                    ]
                                                }
                                            ]
                                        }
                                    ]
                                }
                            ]
                        }
                    ]
                }
            ]
        },
        "Planning Time": 472.611,
        "Triggers": [],
        "Execution Time": 647.357
    }
]