[
  {
    "Plan": {
      "Node Type": "Aggregate",
      "Strategy": "Plain",
      "Partial Mode": "Finalize",
      "Parallel Aware": false,
      "Startup Cost": 383222.85,
      "Total Cost": 383222.86,
      "Plan Rows": 1,
      "Plan Width": 8,
      "Actual Startup Time": 679.724,
      "Actual Total Time": 696.891,
      "Actual Rows": 1,
      "Actual Loops": 1,
      "Plans": [
        {
          "Node Type": "Gather",
          "Parent Relationship": "Outer",
          "Parallel Aware": false,
          "Startup Cost": 383222.23,
          "Total Cost": 383222.84,
          "Plan Rows": 6,
          "Plan Width": 8,
          "Actual Startup Time": 669.322,
          "Actual Total Time": 696.88,
          "Actual Rows": 7,
          "Actual Loops": 1,
          "Workers Planned": 6,
          "Workers Launched": 6,
          "Single Copy": false,
          "Plans": [
            {
              "Node Type": "Aggregate",
              "Strategy": "Plain",
              "Partial Mode": "Partial",
              "Parent Relationship": "Outer",
              "Parallel Aware": false,
              "Startup Cost": 382222.23,
              "Total Cost": 382222.24,
              "Plan Rows": 1,
              "Plan Width": 8,
              "Actual Startup Time": 648.742,
              "Actual Total Time": 648.746,
              "Actual Rows": 1,
              "Actual Loops": 7,
              "Plans": [
                {
                  "Node Type": "Hash Join",
                  "Parent Relationship": "Outer",
                  "Parallel Aware": true,
                  "Join Type": "Inner",
                  "Startup Cost": 120685.29,
                  "Total Cost": 381823.46,
                  "Plan Rows": 159506,
                  "Plan Width": 0,
                  "Actual Startup Time": 374.064,
                  "Actual Total Time": 634.48,
                  "Actual Rows": 297960,
                  "Actual Loops": 7,
                  "Inner Unique": true,
                  "Hash Cond": "(ci.movie_id = t.id)",
                  "Plans": [
                    {
                      "Node Type": "Bitmap Heap Scan",
                      "Parent Relationship": "Outer",
                      "Parallel Aware": true,
                      "Relation Name": "cast_info",
                      "Alias": "ci",
                      "Startup Cost": 69899.52,
                      "Total Cost": 330557.34,
                      "Plan Rows": 182992,
                      "Plan Width": 4,
                      "Actual Startup Time": 137.916,
                      "Actual Total Time": 240.043,
                      "Actual Rows": 336363,
                      "Actual Loops": 7,
                      "Recheck Cond": "(person_id < 315735)",
                      "Rows Removed by Index Recheck": 0,
                      "Filter": "(role_id = 1)",
                      "Rows Removed by Filter": 131091,
                      "Exact Heap Blocks": 6986,
                      "Lossy Heap Blocks": 0,
                      "Plans": [
                        {
                          "Node Type": "Bitmap Index Scan",
                          "Parent Relationship": "Outer",
                          "Parallel Aware": false,
                          "Index Name": "person_id_cast_info",
                          "Startup Cost": 0.0,
                          "Total Cost": 69625.03,
                          "Plan Rows": 3188329,
                          "Plan Width": 0,
                          "Actual Startup Time": 131.949,
                          "Actual Total Time": 131.949,
                          "Actual Rows": 3272181,
                          "Actual Loops": 1,
                          "Index Cond": "(person_id < 315735)"
                        }
                      ]
                    },
                    {
                      "Node Type": "Hash",
                      "Parent Relationship": "Inner",
                      "Parallel Aware": true,
                      "Startup Cost": 43898.92,
                      "Total Cost": 43898.92,
                      "Plan Rows": 550948,
                      "Plan Width": 4,
                      "Actual Startup Time": 229.602,
                      "Actual Total Time": 229.603,
                      "Actual Rows": 313232,
                      "Actual Loops": 7,
                      "Hash Buckets": 4194304,
                      "Original Hash Buckets": 4194304,
                      "Hash Batches": 1,
                      "Original Hash Batches": 1,
                      "Peak Memory Usage": 118624,
                      "Plans": [
                        {
                          "Node Type": "Seq Scan",
                          "Parent Relationship": "Outer",
                          "Parallel Aware": true,
                          "Relation Name": "title",
                          "Alias": "t",
                          "Startup Cost": 0.0,
                          "Total Cost": 43898.92,
                          "Plan Rows": 550948,
                          "Plan Width": 4,
                          "Actual Startup Time": 0.039,
                          "Actual Total Time": 80.307,
                          "Actual Rows": 313232,
                          "Actual Loops": 7,
                          "Filter": "(production_year > 1961)",
                          "Rows Removed by Filter": 47955
                        }
                      ]
                    }
                  ]
                }
              ]
            }
          ]
        }
      ]
    },
    "Planning Time": 0.541,
    "Triggers": [],
    "Execution Time": 696.968
  }
]