[
  {
    "Plan": {
      "Node Type": "Aggregate",
      "Strategy": "Plain",
      "Partial Mode": "Finalize",
      "Parallel Aware": false,
      "Startup Cost": 74941.34,
      "Total Cost": 74941.35,
      "Plan Rows": 1,
      "Plan Width": 8,
      "Actual Startup Time": 212.609,
      "Actual Total Time": 229.231,
      "Actual Rows": 1,
      "Actual Loops": 1,
      "Plans": [
        {
          "Node Type": "Gather",
          "Parent Relationship": "Outer",
          "Parallel Aware": false,
          "Startup Cost": 74941.02,
          "Total Cost": 74941.33,
          "Plan Rows": 3,
          "Plan Width": 8,
          "Actual Startup Time": 209.747,
          "Actual Total Time": 229.224,
          "Actual Rows": 4,
          "Actual Loops": 1,
          "Workers Planned": 3,
          "Workers Launched": 3,
          "Single Copy": false,
          "Plans": [
            {
              "Node Type": "Aggregate",
              "Strategy": "Plain",
              "Partial Mode": "Partial",
              "Parent Relationship": "Outer",
              "Parallel Aware": false,
              "Startup Cost": 73941.02,
              "Total Cost": 73941.03,
              "Plan Rows": 1,
              "Plan Width": 8,
              "Actual Startup Time": 202.214,
              "Actual Total Time": 202.218,
              "Actual Rows": 1,
              "Actual Loops": 4,
              "Plans": [
                {
                  "Node Type": "Nested Loop",
                  "Parent Relationship": "Outer",
                  "Parallel Aware": false,
                  "Join Type": "Inner",
                  "Startup Cost": 48055.73,
                  "Total Cost": 73927.18,
                  "Plan Rows": 5538,
                  "Plan Width": 0,
                  "Actual Startup Time": 162.336,
                  "Actual Total Time": 200.894,
                  "Actual Rows": 23726,
                  "Actual Loops": 4,
                  "Inner Unique": false,
                  "Plans": [
                    {
                      "Node Type": "Hash Join",
                      "Parent Relationship": "Outer",
                      "Parallel Aware": true,
                      "Join Type": "Inner",
                      "Startup Cost": 48055.3,
                      "Total Cost": 67161.85,
                      "Plan Rows": 3095,
                      "Plan Width": 8,
                      "Actual Startup Time": 162.212,
                      "Actual Total Time": 178.652,
                      "Actual Rows": 1419,
                      "Actual Loops": 4,
                      "Inner Unique": true,
                      "Hash Cond": "(mc.movie_id = t.id)",
                      "Plans": [
                        {
                          "Node Type": "Bitmap Heap Scan",
                          "Parent Relationship": "Outer",
                          "Parallel Aware": true,
                          "Relation Name": "movie_companies",
                          "Alias": "mc",
                          "Startup Cost": 1407.25,
                          "Total Cost": 20458.86,
                          "Plan Rows": 20929,
                          "Plan Width": 4,
                          "Actual Startup Time": 4.396,
                          "Actual Total Time": 13.535,
                          "Actual Rows": 15519,
                          "Actual Loops": 4,
                          "Recheck Cond": "(company_id = 6)",
                          "Rows Removed by Index Recheck": 0,
                          "Exact Heap Blocks": 2190,
                          "Lossy Heap Blocks": 0,
                          "Plans": [
                            {
                              "Node Type": "Bitmap Index Scan",
                              "Parent Relationship": "Outer",
                              "Parallel Aware": false,
                              "Index Name": "company_id_movie_companies",
                              "Startup Cost": 0.0,
                              "Total Cost": 1391.03,
                              "Plan Rows": 64880,
                              "Plan Width": 0,
                              "Actual Startup Time": 3.504,
                              "Actual Total Time": 3.505,
                              "Actual Rows": 62075,
                              "Actual Loops": 1,
                              "Index Cond": "(company_id = 6)"
                            }
                          ]
                        },
                        {
                          "Node Type": "Hash",
                          "Parent Relationship": "Inner",
                          "Parallel Aware": true,
                          "Startup Cost": 45479.59,
                          "Total Cost": 45479.59,
                          "Plan Rows": 93477,
                          "Plan Width": 4,
                          "Actual Startup Time": 156.091,
                          "Actual Total Time": 156.092,
                          "Actual Rows": 121205,
                          "Actual Loops": 4,
                          "Hash Buckets": 524288,
                          "Original Hash Buckets": 524288,
                          "Hash Batches": 1,
                          "Original Hash Batches": 1,
                          "Peak Memory Usage": 23104,
                          "Plans": [
                            {
                              "Node Type": "Seq Scan",
                              "Parent Relationship": "Outer",
                              "Parallel Aware": true,
                              "Relation Name": "title",
                              "Alias": "t",
                              "Startup Cost": 0.0,
                              "Total Cost": 45479.59,
                              "Plan Rows": 93477,
                              "Plan Width": 4,
                              "Actual Startup Time": 0.063,
                              "Actual Total Time": 111.89,
                              "Actual Rows": 121205,
                              "Actual Loops": 4,
                              "Filter": "((kind_id < 7) AND (production_year < 1999))",
                              "Rows Removed by Filter": 510873
                            }
                          ]
                        }
                      ]
                    },
                    {
                      "Node Type": "Index Only Scan",
                      "Parent Relationship": "Inner",
                      "Parallel Aware": false,
                      "Scan Direction": "Forward",
                      "Index Name": "movie_id_movie_keyword",
                      "Relation Name": "movie_keyword",
                      "Alias": "mk",
                      "Startup Cost": 0.43,
                      "Total Cost": 1.73,
                      "Plan Rows": 46,
                      "Plan Width": 4,
                      "Actual Startup Time": 0.011,
                      "Actual Total Time": 0.014,
                      "Actual Rows": 17,
                      "Actual Loops": 5676,
                      "Index Cond": "(movie_id = t.id)",
                      "Rows Removed by Index Recheck": 0,
                      "Heap Fetches": 94902
                    }
                  ]
                }
              ]
            }
          ]
        }
      ]
    },
    "Planning Time": 0.471,
    "Triggers": [],
    "Execution Time": 229.297
  }
]