[
  {
    "Plan": {
      "Node Type": "Aggregate",
      "Strategy": "Plain",
      "Partial Mode": "Finalize",
      "Parallel Aware": false,
      "Startup Cost": 45209.94,
      "Total Cost": 45209.95,
      "Plan Rows": 1,
      "Plan Width": 8,
      "Actual Startup Time": 142.798,
      "Actual Total Time": 152.841,
      "Actual Rows": 1,
      "Actual Loops": 1,
      "Plans": [
        {
          "Node Type": "Gather",
          "Parent Relationship": "Outer",
          "Parallel Aware": false,
          "Startup Cost": 45209.62,
          "Total Cost": 45209.93,
          "Plan Rows": 3,
          "Plan Width": 8,
          "Actual Startup Time": 142.645,
          "Actual Total Time": 152.832,
          "Actual Rows": 4,
          "Actual Loops": 1,
          "Workers Planned": 3,
          "Workers Launched": 3,
          "Single Copy": false,
          "Plans": [
            {
              "Node Type": "Aggregate",
              "Strategy": "Plain",
              "Partial Mode": "Partial",
              "Parent Relationship": "Outer",
              "Parallel Aware": false,
              "Startup Cost": 44209.62,
              "Total Cost": 44209.63,
              "Plan Rows": 1,
              "Plan Width": 8,
              "Actual Startup Time": 139.138,
              "Actual Total Time": 139.139,
              "Actual Rows": 1,
              "Actual Loops": 4,
              "Plans": [
                {
                  "Node Type": "Seq Scan",
                  "Parent Relationship": "Outer",
                  "Parallel Aware": true,
                  "Relation Name": "movie_keyword",
                  "Alias": "mk",
                  "Startup Cost": 0.0,
                  "Total Cost": 42695.65,
                  "Plan Rows": 605587,
                  "Plan Width": 0,
                  "Actual Startup Time": 0.036,
                  "Actual Total Time": 114.892,
                  "Actual Rows": 469300,
                  "Actual Loops": 4,
                  "Filter": "(keyword_id < 3196)",
                  "Rows Removed by Filter": 661682
                }
              ]
            }
          ]
        }
      ]
    },
    "Planning Time": 0.187,
    "Triggers": [],
    "Execution Time": 152.902
  }
]