[
  {
    "Bao": {
      "Bao prediction": 585.923,
      "Bao recommended hint": "SET enable_hashjoin TO off; SET enable_mergejoin TO off; "
    }
  },
  {
    "Plan": {
      "Node Type": "Aggregate",
      "Strategy": "Plain",
      "Partial Mode": "Finalize",
      "Parallel Aware": false,
      "Startup Cost": 54022.47,
      "Total Cost": 54022.48,
      "Plan Rows": 1,
      "Plan Width": 64,
      "Actual Startup Time": 422.305,
      "Actual Total Time": 477.481,
      "Actual Rows": 1,
      "Actual Loops": 1,
      "Plans": [
        {
          "Node Type": "Gather",
          "Parent Relationship": "Outer",
          "Parallel Aware": false,
          "Startup Cost": 54022.36,
          "Total Cost": 54022.47,
          "Plan Rows": 1,
          "Plan Width": 64,
          "Actual Startup Time": 422.055,
          "Actual Total Time": 477.469,
          "Actual Rows": 2,
          "Actual Loops": 1,
          "Workers Planned": 1,
          "Workers Launched": 1,
          "Single Copy": false,
          "Plans": [
            {
              "Node Type": "Aggregate",
              "Strategy": "Plain",
              "Partial Mode": "Partial",
              "Parent Relationship": "Outer",
              "Parallel Aware": false,
              "Startup Cost": 53022.36,
              "Total Cost": 53022.37,
              "Plan Rows": 1,
              "Plan Width": 64,
              "Actual Startup Time": 414.216,
              "Actual Total Time": 414.22,
              "Actual Rows": 1,
              "Actual Loops": 2,
              "Plans": [
                {
                  "Node Type": "Nested Loop",
                  "Parent Relationship": "Outer",
                  "Parallel Aware": false,
                  "Join Type": "Inner",
                  "Startup Cost": 2.12,
                  "Total Cost": 53022.33,
                  "Plan Rows": 5,
                  "Plan Width": 33,
                  "Actual Startup Time": 26.823,
                  "Actual Total Time": 414.17,
                  "Actual Rows": 52,
                  "Actual Loops": 2,
                  "Inner Unique": true,
                  "Plans": [
                    {
                      "Node Type": "Nested Loop",
                      "Parent Relationship": "Outer",
                      "Parallel Aware": false,
                      "Join Type": "Inner",
                      "Startup Cost": 1.99,
                      "Total Cost": 53021.6,
                      "Plan Rows": 5,
                      "Plan Width": 37,
                      "Actual Startup Time": 26.789,
                      "Actual Total Time": 413.976,
                      "Actual Rows": 52,
                      "Actual Loops": 2,
                      "Inner Unique": true,
                      "Plans": [
                        {
                          "Node Type": "Nested Loop",
                          "Parent Relationship": "Outer",
                          "Parallel Aware": false,
                          "Join Type": "Inner",
                          "Startup Cost": 1.56,
                          "Total Cost": 52991.91,
                          "Plan Rows": 5,
                          "Plan Width": 25,
                          "Actual Startup Time": 26.729,
                          "Actual Total Time": 412.593,
                          "Actual Rows": 56,
                          "Actual Loops": 2,
                          "Inner Unique": true,
                          "Plans": [
                            {
                              "Node Type": "Nested Loop",
                              "Parent Relationship": "Outer",
                              "Parallel Aware": false,
                              "Join Type": "Inner",
                              "Startup Cost": 1.42,
                              "Total Cost": 52982.68,
                              "Plan Rows": 59,
                              "Plan Width": 29,
                              "Actual Startup Time": 26.698,
                              "Actual Total Time": 412.347,
                              "Actual Rows": 76,
                              "Actual Loops": 2,
                              "Inner Unique": false,
                              "Join Filter": "(t.id = ci.movie_id)",
                              "Rows Removed by Join Filter": 0,
                              "Plans": [
                                {
                                  "Node Type": "Nested Loop",
                                  "Parent Relationship": "Outer",
                                  "Parallel Aware": false,
                                  "Join Type": "Inner",
                                  "Startup Cost": 0.86,
                                  "Total Cost": 46028.29,
                                  "Plan Rows": 3563,
                                  "Plan Width": 29,
                                  "Actual Startup Time": 4.971,
                                  "Actual Total Time": 96.828,
                                  "Actual Rows": 2270,
                                  "Actual Loops": 2,
                                  "Inner Unique": true,
                                  "Plans": [
                                    {
                                      "Node Type": "Nested Loop",
                                      "Parent Relationship": "Outer",
                                      "Parallel Aware": false,
                                      "Join Type": "Inner",
                                      "Startup Cost": 0.43,
                                      "Total Cost": 41381.26,
                                      "Plan Rows": 8954,
                                      "Plan Width": 8,
                                      "Actual Startup Time": 0.357,
                                      "Actual Total Time": 46.215,
                                      "Actual Rows": 4395,
                                      "Actual Loops": 2,
                                      "Inner Unique": false,
                                      "Plans": [
                                        {
                                          "Node Type": "Seq Scan",
                                          "Parent Relationship": "Outer",
                                          "Parallel Aware": true,
                                          "Relation Name": "company_name",
                                          "Alias": "cn",
                                          "Startup Cost": 0.0,
                                          "Total Cost": 4722.92,
                                          "Plan Rows": 806,
                                          "Plan Width": 4,
                                          "Actual Startup Time": 0.146,
                                          "Actual Total Time": 16.892,
                                          "Actual Rows": 680,
                                          "Actual Loops": 2,
                                          "Filter": "((country_code)::text = '[ru]'::text)",
                                          "Rows Removed by Filter": 116818
                                        },
                                        {
                                          "Node Type": "Index Scan",
                                          "Parent Relationship": "Inner",
                                          "Parallel Aware": false,
                                          "Scan Direction": "Forward",
                                          "Index Name": "company_id_movie_companies",
                                          "Relation Name": "movie_companies",
                                          "Alias": "mc",
                                          "Startup Cost": 0.43,
                                          "Total Cost": 44.13,
                                          "Plan Rows": 135,
                                          "Plan Width": 12,
                                          "Actual Startup Time": 0.019,
                                          "Actual Total Time": 0.041,
                                          "Actual Rows": 6,
                                          "Actual Loops": 1361,
                                          "Index Cond": "(company_id = cn.id)",
                                          "Rows Removed by Index Recheck": 0
                                        }
                                      ]
                                    },
                                    {
                                      "Node Type": "Index Scan",
                                      "Parent Relationship": "Inner",
                                      "Parallel Aware": false,
                                      "Scan Direction": "Forward",
                                      "Index Name": "title_pkey",
                                      "Relation Name": "title",
                                      "Alias": "t",
                                      "Startup Cost": 0.43,
                                      "Total Cost": 0.52,
                                      "Plan Rows": 1,
                                      "Plan Width": 21,
                                      "Actual Startup Time": 0.011,
                                      "Actual Total Time": 0.011,
                                      "Actual Rows": 1,
                                      "Actual Loops": 8790,
                                      "Index Cond": "(id = mc.movie_id)",
                                      "Rows Removed by Index Recheck": 0,
                                      "Filter": "(production_year > 2005)",
                                      "Rows Removed by Filter": 0
                                    }
                                  ]
                                },
                                {
                                  "Node Type": "Index Scan",
                                  "Parent Relationship": "Inner",
                                  "Parallel Aware": false,
                                  "Scan Direction": "Forward",
                                  "Index Name": "movie_id_cast_info",
                                  "Relation Name": "cast_info",
                                  "Alias": "ci",
                                  "Startup Cost": 0.56,
                                  "Total Cost": 1.94,
                                  "Plan Rows": 1,
                                  "Plan Width": 12,
                                  "Actual Startup Time": 0.132,
                                  "Actual Total Time": 0.138,
                                  "Actual Rows": 0,
                                  "Actual Loops": 4539,
                                  "Index Cond": "(movie_id = mc.movie_id)",
                                  "Rows Removed by Index Recheck": 0,
                                  "Filter": "((note ~~ '%(voice)%'::text) AND (note ~~ '%(uncredited)%'::text))",
                                  "Rows Removed by Filter": 50
                                }
                              ]
                            },
                            {
                              "Node Type": "Index Scan",
                              "Parent Relationship": "Inner",
                              "Parallel Aware": false,
                              "Scan Direction": "Forward",
                              "Index Name": "role_type_pkey",
                              "Relation Name": "role_type",
                              "Alias": "rt",
                              "Startup Cost": 0.14,
                              "Total Cost": 0.16,
                              "Plan Rows": 1,
                              "Plan Width": 4,
                              "Actual Startup Time": 0.002,
                              "Actual Total Time": 0.002,
                              "Actual Rows": 1,
                              "Actual Loops": 151,
                              "Index Cond": "(id = ci.role_id)",
                              "Rows Removed by Index Recheck": 0,
                              "Filter": "((role)::text = 'actor'::text)",
                              "Rows Removed by Filter": 0
                            }
                          ]
                        },
                        {
                          "Node Type": "Index Scan",
                          "Parent Relationship": "Inner",
                          "Parallel Aware": false,
                          "Scan Direction": "Forward",
                          "Index Name": "char_name_pkey",
                          "Relation Name": "char_name",
                          "Alias": "chn",
                          "Startup Cost": 0.43,
                          "Total Cost": 5.94,
                          "Plan Rows": 1,
                          "Plan Width": 20,
                          "Actual Startup Time": 0.024,
                          "Actual Total Time": 0.024,
                          "Actual Rows": 1,
                          "Actual Loops": 112,
                          "Index Cond": "(id = ci.person_role_id)",
                          "Rows Removed by Index Recheck": 0
                        }
                      ]
                    },
                    {
                      "Node Type": "Index Only Scan",
                      "Parent Relationship": "Inner",
                      "Parallel Aware": false,
                      "Scan Direction": "Forward",
                      "Index Name": "company_type_pkey",
                      "Relation Name": "company_type",
                      "Alias": "ct",
                      "Startup Cost": 0.13,
                      "Total Cost": 0.15,
                      "Plan Rows": 1,
                      "Plan Width": 4,
                      "Actual Startup Time": 0.002,
                      "Actual Total Time": 0.002,
                      "Actual Rows": 1,
                      "Actual Loops": 104,
                      "Index Cond": "(id = mc.company_type_id)",
                      "Rows Removed by Index Recheck": 0,
                      "Heap Fetches": 104
                    }
                  ]
                }
              ]
            }
          ]
        }
      ]
    },
    "Planning Time": 515.376,
    "Triggers": [],
    "Execution Time": 477.969
  }
]