[
  {
    "Plan": {
      "Node Type": "Aggregate",
      "Strategy": "Plain",
      "Partial Mode": "Simple",
      "Parallel Aware": false,
      "Startup Cost": 28666.53,
      "Total Cost": 28666.54,
      "Plan Rows": 1,
      "Plan Width": 8,
      "Actual Startup Time": 58.732,
      "Actual Total Time": 58.734,
      "Actual Rows": 1,
      "Actual Loops": 1,
      "Plans": [
        {
          "Node Type": "Bitmap Heap Scan",
          "Parent Relationship": "Outer",
          "Parallel Aware": false,
          "Relation Name": "movie_keyword",
          "Alias": "mk",
          "Startup Cost": 2469.17,
          "Total Cost": 28375.97,
          "Plan Rows": 116224,
          "Plan Width": 0,
          "Actual Startup Time": 12.588,
          "Actual Total Time": 53.899,
          "Actual Rows": 115507,
          "Actual Loops": 1,
          "Recheck Cond": "(keyword_id > 78980)",
          "Rows Removed by Index Recheck": 0,
          "Exact Heap Blocks": 18059,
          "Lossy Heap Blocks": 0,
          "Plans": [
            {
              "Node Type": "Bitmap Index Scan",
              "Parent Relationship": "Outer",
              "Parallel Aware": false,
              "Index Name": "keyword_id_movie_keyword",
              "Startup Cost": 0.0,
              "Total Cost": 2440.11,
              "Plan Rows": 116224,
              "Plan Width": 0,
              "Actual Startup Time": 9.428,
              "Actual Total Time": 9.428,
              "Actual Rows": 115507,
              "Actual Loops": 1,
              "Index Cond": "(keyword_id > 78980)"
            }
          ]
        }
      ]
    },
    "Planning Time": 0.058,
    "Triggers": [],
    "Execution Time": 58.76
  }
]