[
  {
    "Plan": {
      "Node Type": "Aggregate",
      "Strategy": "Plain",
      "Partial Mode": "Simple",
      "Parallel Aware": false,
      "Startup Cost": 28693.57,
      "Total Cost": 28693.58,
      "Plan Rows": 1,
      "Plan Width": 8,
      "Actual Startup Time": 77.066,
      "Actual Total Time": 77.068,
      "Actual Rows": 1,
      "Actual Loops": 1,
      "Plans": [
        {
          "Node Type": "Bitmap Heap Scan",
          "Parent Relationship": "Outer",
          "Parallel Aware": false,
          "Relation Name": "movie_keyword",
          "Alias": "mk",
          "Startup Cost": 2483.66,
          "Total Cost": 28400.92,
          "Plan Rows": 117061,
          "Plan Width": 0,
          "Actual Startup Time": 17.248,
          "Actual Total Time": 69.931,
          "Actual Rows": 115507,
          "Actual Loops": 1,
          "Recheck Cond": "(keyword_id > 78980)",
          "Rows Removed by Index Recheck": 0,
          "Exact Heap Blocks": 18059,
          "Lossy Heap Blocks": 0,
          "Plans": [
            {
              "Node Type": "Bitmap Index Scan",
              "Parent Relationship": "Outer",
              "Parallel Aware": false,
              "Index Name": "keyword_id_movie_keyword",
              "Startup Cost": 0.0,
              "Total Cost": 2454.39,
              "Plan Rows": 117061,
              "Plan Width": 0,
              "Actual Startup Time": 12.537,
              "Actual Total Time": 12.538,
              "Actual Rows": 115507,
              "Actual Loops": 1,
              "Index Cond": "(keyword_id > 78980)"
            }
          ]
        }
      ]
    },
    "Planning Time": 0.114,
    "Triggers": [],
    "Execution Time": 77.112
  }
]