[
  {
    "Plan": {
      "Node Type": "Aggregate",
      "Strategy": "Plain",
      "Partial Mode": "Finalize",
      "Parallel Aware": false,
      "Startup Cost": 32038.56,
      "Total Cost": 32038.57,
      "Plan Rows": 1,
      "Plan Width": 8,
      "Actual Startup Time": 117.511,
      "Actual Total Time": 125.369,
      "Actual Rows": 1,
      "Actual Loops": 1,
      "Plans": [
        {
          "Node Type": "Gather",
          "Parent Relationship": "Outer",
          "Parallel Aware": false,
          "Startup Cost": 32038.24,
          "Total Cost": 32038.55,
          "Plan Rows": 3,
          "Plan Width": 8,
          "Actual Startup Time": 117.426,
          "Actual Total Time": 125.36,
          "Actual Rows": 4,
          "Actual Loops": 1,
          "Workers Planned": 3,
          "Workers Launched": 3,
          "Single Copy": false,
          "Plans": [
            {
              "Node Type": "Aggregate",
              "Strategy": "Plain",
              "Partial Mode": "Partial",
              "Parent Relationship": "Outer",
              "Parallel Aware": false,
              "Startup Cost": 31038.24,
              "Total Cost": 31038.25,
              "Plan Rows": 1,
              "Plan Width": 8,
              "Actual Startup Time": 110.768,
              "Actual Total Time": 110.769,
              "Actual Rows": 1,
              "Actual Loops": 4,
              "Plans": [
                {
                  "Node Type": "Seq Scan",
                  "Parent Relationship": "Outer",
                  "Parallel Aware": true,
                  "Relation Name": "movie_companies",
                  "Alias": "mc",
                  "Startup Cost": 0.0,
                  "Total Cost": 29310.68,
                  "Plan Rows": 691025,
                  "Plan Width": 0,
                  "Actual Startup Time": 0.186,
                  "Actual Total Time": 85.957,
                  "Actual Rows": 536581,
                  "Actual Loops": 4,
                  "Filter": "(company_id > 394)",
                  "Rows Removed by Filter": 115702
                }
              ]
            }
          ]
        }
      ]
    },
    "Planning Time": 0.191,
    "Triggers": [],
    "Execution Time": 125.478
  }
]