[
  {
    "Plan": {
      "Node Type": "Aggregate",
      "Strategy": "Plain",
      "Partial Mode": "Finalize",
      "Parallel Aware": false,
      "Startup Cost": 33211.53,
      "Total Cost": 33211.54,
      "Plan Rows": 1,
      "Plan Width": 8,
      "Actual Startup Time": 101.317,
      "Actual Total Time": 108.19,
      "Actual Rows": 1,
      "Actual Loops": 1,
      "Plans": [
        {
          "Node Type": "Gather",
          "Parent Relationship": "Outer",
          "Parallel Aware": false,
          "Startup Cost": 33211.21,
          "Total Cost": 33211.52,
          "Plan Rows": 3,
          "Plan Width": 8,
          "Actual Startup Time": 101.168,
          "Actual Total Time": 108.18,
          "Actual Rows": 4,
          "Actual Loops": 1,
          "Workers Planned": 3,
          "Workers Launched": 3,
          "Single Copy": false,
          "Plans": [
            {
              "Node Type": "Aggregate",
              "Strategy": "Plain",
              "Partial Mode": "Partial",
              "Parent Relationship": "Outer",
              "Parallel Aware": false,
              "Startup Cost": 32211.21,
              "Total Cost": 32211.22,
              "Plan Rows": 1,
              "Plan Width": 8,
              "Actual Startup Time": 97.512,
              "Actual Total Time": 97.514,
              "Actual Rows": 1,
              "Actual Loops": 4,
              "Plans": [
                {
                  "Node Type": "Seq Scan",
                  "Parent Relationship": "Outer",
                  "Parallel Aware": true,
                  "Relation Name": "movie_companies",
                  "Alias": "mc",
                  "Startup Cost": 0.0,
                  "Total Cost": 31414.82,
                  "Plan Rows": 318558,
                  "Plan Width": 0,
                  "Actual Startup Time": 0.135,
                  "Actual Total Time": 84.978,
                  "Actual Rows": 213341,
                  "Actual Loops": 4,
                  "Filter": "((company_id > 654) AND (company_type_id = 1))",
                  "Rows Removed by Filter": 438942
                }
              ]
            }
          ]
        }
      ]
    },
    "Planning Time": 0.114,
    "Triggers": [],
    "Execution Time": 108.222
  }
]