[
  {
    "Plan": {
      "Node Type": "Aggregate",
      "Strategy": "Plain",
      "Partial Mode": "Finalize",
      "Parallel Aware": false,
      "Startup Cost": 46523.86,
      "Total Cost": 46523.87,
      "Plan Rows": 1,
      "Plan Width": 8,
      "Actual Startup Time": 175.567,
      "Actual Total Time": 185.952,
      "Actual Rows": 1,
      "Actual Loops": 1,
      "Plans": [
        {
          "Node Type": "Gather",
          "Parent Relationship": "Outer",
          "Parallel Aware": false,
          "Startup Cost": 46523.54,
          "Total Cost": 46523.85,
          "Plan Rows": 3,
          "Plan Width": 8,
          "Actual Startup Time": 175.276,
          "Actual Total Time": 185.941,
          "Actual Rows": 4,
          "Actual Loops": 1,
          "Workers Planned": 3,
          "Workers Launched": 3,
          "Single Copy": false,
          "Plans": [
            {
              "Node Type": "Aggregate",
              "Strategy": "Plain",
              "Partial Mode": "Partial",
              "Parent Relationship": "Outer",
              "Parallel Aware": false,
              "Startup Cost": 45523.54,
              "Total Cost": 45523.55,
              "Plan Rows": 1,
              "Plan Width": 8,
              "Actual Startup Time": 168.087,
              "Actual Total Time": 168.088,
              "Actual Rows": 1,
              "Actual Loops": 4,
              "Plans": [
                {
                  "Node Type": "Seq Scan",
                  "Parent Relationship": "Outer",
                  "Parallel Aware": true,
                  "Relation Name": "movie_keyword",
                  "Alias": "mk",
                  "Startup Cost": 0.0,
                  "Total Cost": 42695.65,
                  "Plan Rows": 1131155,
                  "Plan Width": 0,
                  "Actual Startup Time": 0.053,
                  "Actual Total Time": 126.813,
                  "Actual Rows": 876889,
                  "Actual Loops": 4,
                  "Filter": "(keyword_id < 17758)",
                  "Rows Removed by Filter": 254094
                }
              ]
            }
          ]
        }
      ]
    },
    "Planning Time": 0.093,
    "Triggers": [],
    "Execution Time": 185.984
  }
]