[
  {
    "Plan": {
      "Node Type": "Aggregate",
      "Strategy": "Plain",
      "Partial Mode": "Finalize",
      "Parallel Aware": false,
      "Startup Cost": 435090.52,
      "Total Cost": 435090.53,
      "Plan Rows": 1,
      "Plan Width": 8,
      "Actual Startup Time": 1487.391,
      "Actual Total Time": 1562.867,
      "Actual Rows": 1,
      "Actual Loops": 1,
      "Plans": [
        {
          "Node Type": "Gather",
          "Parent Relationship": "Outer",
          "Parallel Aware": false,
          "Startup Cost": 435089.89,
          "Total Cost": 435090.5,
          "Plan Rows": 6,
          "Plan Width": 8,
          "Actual Startup Time": 1467.891,
          "Actual Total Time": 1562.85,
          "Actual Rows": 7,
          "Actual Loops": 1,
          "Workers Planned": 6,
          "Workers Launched": 6,
          "Single Copy": false,
          "Plans": [
            {
              "Node Type": "Aggregate",
              "Strategy": "Plain",
              "Partial Mode": "Partial",
              "Parent Relationship": "Outer",
              "Parallel Aware": false,
              "Startup Cost": 434089.89,
              "Total Cost": 434089.9,
              "Plan Rows": 1,
              "Plan Width": 8,
              "Actual Startup Time": 1458.915,
              "Actual Total Time": 1459.299,
              "Actual Rows": 1,
              "Actual Loops": 7,
              "Plans": [
                {
                  "Node Type": "Hash Join",
                  "Parent Relationship": "Outer",
                  "Parallel Aware": true,
                  "Join Type": "Inner",
                  "Startup Cost": 84571.89,
                  "Total Cost": 433368.04,
                  "Plan Rows": 288741,
                  "Plan Width": 0,
                  "Actual Startup Time": 894.579,
                  "Actual Total Time": 1445.881,
                  "Actual Rows": 196297,
                  "Actual Loops": 7,
                  "Inner Unique": false,
                  "Hash Cond": "(ci.movie_id = t.id)",
                  "Plans": [
                    {
                      "Node Type": "Seq Scan",
                      "Parent Relationship": "Outer",
                      "Parallel Aware": true,
                      "Relation Name": "cast_info",
                      "Alias": "ci",
                      "Startup Cost": 0.0,
                      "Total Cost": 343316.27,
                      "Plan Rows": 1212924,
                      "Plan Width": 4,
                      "Actual Startup Time": 424.718,
                      "Actual Total Time": 787.188,
                      "Actual Rows": 661049,
                      "Actual Loops": 7,
                      "Filter": "((person_id < 1646744) AND (role_id > 2))",
                      "Rows Removed by Filter": 4516715
                    },
                    {
                      "Node Type": "Hash",
                      "Parent Relationship": "Inner",
                      "Parallel Aware": true,
                      "Startup Cost": 82144.87,
                      "Total Cost": 82144.87,
                      "Plan Rows": 194161,
                      "Plan Width": 8,
                      "Actual Startup Time": 467.223,
                      "Actual Total Time": 467.605,
                      "Actual Rows": 56135,
                      "Actual Loops": 7,
                      "Hash Buckets": 1048576,
                      "Original Hash Buckets": 1048576,
                      "Hash Batches": 1,
                      "Original Hash Batches": 1,
                      "Peak Memory Usage": 23712,
                      "Plans": [
                        {
                          "Node Type": "Hash Join",
                          "Parent Relationship": "Outer",
                          "Parallel Aware": true,
                          "Join Type": "Inner",
                          "Startup Cost": 50220.38,
                          "Total Cost": 82144.87,
                          "Plan Rows": 194161,
                          "Plan Width": 8,
                          "Actual Startup Time": 362.949,
                          "Actual Total Time": 432.704,
                          "Actual Rows": 56135,
                          "Actual Loops": 7,
                          "Inner Unique": true,
                          "Hash Cond": "(mc.movie_id = t.id)",
                          "Plans": [
                            {
                              "Node Type": "Seq Scan",
                              "Parent Relationship": "Outer",
                              "Parallel Aware": true,
                              "Relation Name": "movie_companies",
                              "Alias": "mc",
                              "Startup Cost": 0.0,
                              "Total Cost": 31414.82,
                              "Plan Rows": 194161,
                              "Plan Width": 4,
                              "Actual Startup Time": 31.31,
                              "Actual Total Time": 59.576,
                              "Actual Rows": 56135,
                              "Actual Loops": 7,
                              "Filter": "((company_id < 10455) AND (company_type_id > 1))",
                              "Rows Removed by Filter": 316597
                            },
                            {
                              "Node Type": "Hash",
                              "Parent Relationship": "Inner",
                              "Parallel Aware": true,
                              "Startup Cost": 42319.06,
                              "Total Cost": 42319.06,
                              "Plan Rows": 632106,
                              "Plan Width": 4,
                              "Actual Startup Time": 325.889,
                              "Actual Total Time": 325.89,
                              "Actual Rows": 361187,
                              "Actual Loops": 7,
                              "Hash Buckets": 4194304,
                              "Original Hash Buckets": 4194304,
                              "Hash Batches": 1,
                              "Original Hash Batches": 1,
                              "Peak Memory Usage": 131808,
                              "Plans": [
                                {
                                  "Node Type": "Seq Scan",
                                  "Parent Relationship": "Outer",
                                  "Parallel Aware": true,
                                  "Relation Name": "title",
                                  "Alias": "t",
                                  "Startup Cost": 0.0,
                                  "Total Cost": 42319.06,
                                  "Plan Rows": 632106,
                                  "Plan Width": 4,
                                  "Actual Startup Time": 0.041,
                                  "Actual Total Time": 92.929,
                                  "Actual Rows": 361187,
                                  "Actual Loops": 7
                                }
                              ]
                            }
                          ]
                        }
                      ]
                    }
                  ]
                }
              ]
            }
          ]
        }
      ]
    },
    "Planning Time": 0.896,
    "Triggers": [],
    "Execution Time": 1562.947
  }
]