[
  {
    "Plan": {
      "Node Type": "Aggregate",
      "Strategy": "Plain",
      "Partial Mode": "Finalize",
      "Parallel Aware": false,
      "Startup Cost": 333037.9,
      "Total Cost": 333037.91,
      "Plan Rows": 1,
      "Plan Width": 8,
      "Actual Startup Time": 614.75,
      "Actual Total Time": 664.078,
      "Actual Rows": 1,
      "Actual Loops": 1,
      "Plans": [
        {
          "Node Type": "Gather",
          "Parent Relationship": "Outer",
          "Parallel Aware": false,
          "Startup Cost": 333037.27,
          "Total Cost": 333037.88,
          "Plan Rows": 6,
          "Plan Width": 8,
          "Actual Startup Time": 614.582,
          "Actual Total Time": 664.068,
          "Actual Rows": 7,
          "Actual Loops": 1,
          "Workers Planned": 6,
          "Workers Launched": 6,
          "Single Copy": false,
          "Plans": [
            {
              "Node Type": "Aggregate",
              "Strategy": "Plain",
              "Partial Mode": "Partial",
              "Parent Relationship": "Outer",
              "Parallel Aware": false,
              "Startup Cost": 332037.27,
              "Total Cost": 332037.28,
              "Plan Rows": 1,
              "Plan Width": 8,
              "Actual Startup Time": 606.676,
              "Actual Total Time": 606.677,
              "Actual Rows": 1,
              "Actual Loops": 7,
              "Plans": [
                {
                  "Node Type": "Seq Scan",
                  "Parent Relationship": "Outer",
                  "Parallel Aware": true,
                  "Relation Name": "cast_info",
                  "Alias": "ci",
                  "Startup Cost": 0.0,
                  "Total Cost": 328211.39,
                  "Plan Rows": 1530352,
                  "Plan Width": 0,
                  "Actual Startup Time": 301.446,
                  "Actual Total Time": 548.017,
                  "Actual Rows": 1295022,
                  "Actual Loops": 7,
                  "Filter": "(person_id > 2790811)",
                  "Rows Removed by Filter": 3882741
                }
              ]
            }
          ]
        }
      ]
    },
    "Planning Time": 0.09,
    "Triggers": [],
    "Execution Time": 664.12
  }
]