[
  {
    "Plan": {
      "Node Type": "Aggregate",
      "Strategy": "Plain",
      "Partial Mode": "Finalize",
      "Parallel Aware": false,
      "Startup Cost": 46313.59,
      "Total Cost": 46313.6,
      "Plan Rows": 1,
      "Plan Width": 8,
      "Actual Startup Time": 155.057,
      "Actual Total Time": 163.069,
      "Actual Rows": 1,
      "Actual Loops": 1,
      "Plans": [
        {
          "Node Type": "Gather",
          "Parent Relationship": "Outer",
          "Parallel Aware": false,
          "Startup Cost": 46313.27,
          "Total Cost": 46313.58,
          "Plan Rows": 3,
          "Plan Width": 8,
          "Actual Startup Time": 154.956,
          "Actual Total Time": 163.059,
          "Actual Rows": 4,
          "Actual Loops": 1,
          "Workers Planned": 3,
          "Workers Launched": 3,
          "Single Copy": false,
          "Plans": [
            {
              "Node Type": "Aggregate",
              "Strategy": "Plain",
              "Partial Mode": "Partial",
              "Parent Relationship": "Outer",
              "Parallel Aware": false,
              "Startup Cost": 45313.27,
              "Total Cost": 45313.28,
              "Plan Rows": 1,
              "Plan Width": 8,
              "Actual Startup Time": 149.93,
              "Actual Total Time": 149.931,
              "Actual Rows": 1,
              "Actual Loops": 4,
              "Plans": [
                {
                  "Node Type": "Seq Scan",
                  "Parent Relationship": "Outer",
                  "Parallel Aware": true,
                  "Relation Name": "movie_keyword",
                  "Alias": "mk",
                  "Startup Cost": 0.0,
                  "Total Cost": 42695.65,
                  "Plan Rows": 1047047,
                  "Plan Width": 0,
                  "Actual Startup Time": 0.196,
                  "Actual Total Time": 114.628,
                  "Actual Rows": 809406,
                  "Actual Loops": 4,
                  "Filter": "(keyword_id > 1661)",
                  "Rows Removed by Filter": 321576
                }
              ]
            }
          ]
        }
      ]
    },
    "Planning Time": 0.165,
    "Triggers": [],
    "Execution Time": 163.12
  }
]