[
  {
    "Plan": {
      "Node Type": "Aggregate",
      "Strategy": "Plain",
      "Partial Mode": "Finalize",
      "Parallel Aware": false,
      "Startup Cost": 367819.99,
      "Total Cost": 367820.0,
      "Plan Rows": 1,
      "Plan Width": 8,
      "Actual Startup Time": 1624.923,
      "Actual Total Time": 1702.52,
      "Actual Rows": 1,
      "Actual Loops": 1,
      "Plans": [
        {
          "Node Type": "Gather",
          "Parent Relationship": "Outer",
          "Parallel Aware": false,
          "Startup Cost": 367819.57,
          "Total Cost": 367819.98,
          "Plan Rows": 4,
          "Plan Width": 8,
          "Actual Startup Time": 1515.503,
          "Actual Total Time": 1702.484,
          "Actual Rows": 5,
          "Actual Loops": 1,
          "Workers Planned": 4,
          "Workers Launched": 4,
          "Single Copy": false,
          "Plans": [
            {
              "Node Type": "Aggregate",
              "Strategy": "Plain",
              "Partial Mode": "Partial",
              "Parent Relationship": "Outer",
              "Parallel Aware": false,
              "Startup Cost": 366819.57,
              "Total Cost": 366819.58,
              "Plan Rows": 1,
              "Plan Width": 8,
              "Actual Startup Time": 1459.035,
              "Actual Total Time": 1459.039,
              "Actual Rows": 1,
              "Actual Loops": 5,
              "Plans": [
                {
                  "Node Type": "Nested Loop",
                  "Parent Relationship": "Outer",
                  "Parallel Aware": false,
                  "Join Type": "Inner",
                  "Startup Cost": 13.12,
                  "Total Cost": 364962.66,
                  "Plan Rows": 742766,
                  "Plan Width": 0,
                  "Actual Startup Time": 6.311,
                  "Actual Total Time": 1422.6,
                  "Actual Rows": 679561,
                  "Actual Loops": 5,
                  "Inner Unique": false,
                  "Join Filter": "(t.id = ci.movie_id)",
                  "Rows Removed by Join Filter": 0,
                  "Plans": [
                    {
                      "Node Type": "Merge Join",
                      "Parent Relationship": "Outer",
                      "Parallel Aware": false,
                      "Join Type": "Inner",
                      "Startup Cost": 12.55,
                      "Total Cost": 152682.9,
                      "Plan Rows": 79745,
                      "Plan Width": 8,
                      "Actual Startup Time": 6.002,
                      "Actual Total Time": 629.22,
                      "Actual Rows": 35446,
                      "Actual Loops": 5,
                      "Inner Unique": false,
                      "Merge Cond": "(t.id = mi_idx.movie_id)",
                      "Plans": [
                        {
                          "Node Type": "Index Scan",
                          "Parent Relationship": "Outer",
                          "Parallel Aware": true,
                          "Scan Direction": "Forward",
                          "Index Name": "title_pkey",
                          "Relation Name": "title",
                          "Alias": "t",
                          "Startup Cost": 0.43,
                          "Total Cost": 94549.76,
                          "Plan Rows": 146105,
                          "Plan Width": 4,
                          "Actual Startup Time": 1.517,
                          "Actual Total Time": 345.96,
                          "Actual Rows": 97273,
                          "Actual Loops": 5,
                          "Filter": "((production_year < 1999) AND (kind_id = 7))",
                          "Rows Removed by Filter": 408262
                        },
                        {
                          "Node Type": "Index Only Scan",
                          "Parent Relationship": "Inner",
                          "Parallel Aware": false,
                          "Scan Direction": "Forward",
                          "Index Name": "movie_id_movie_info_idx",
                          "Relation Name": "movie_info_idx",
                          "Alias": "mi_idx",
                          "Startup Cost": 0.43,
                          "Total Cost": 53621.69,
                          "Plan Rows": 1380035,
                          "Plan Width": 4,
                          "Actual Startup Time": 0.125,
                          "Actual Total Time": 216.417,
                          "Actual Rows": 1043328,
                          "Actual Loops": 5,
                          "Heap Fetches": 5216639
                        }
                      ]
                    },
                    {
                      "Node Type": "Index Scan",
                      "Parent Relationship": "Inner",
                      "Parallel Aware": false,
                      "Scan Direction": "Forward",
                      "Index Name": "movie_id_cast_info",
                      "Relation Name": "cast_info",
                      "Alias": "ci",
                      "Startup Cost": 0.56,
                      "Total Cost": 2.37,
                      "Plan Rows": 23,
                      "Plan Width": 4,
                      "Actual Startup Time": 0.01,
                      "Actual Total Time": 0.02,
                      "Actual Rows": 19,
                      "Actual Loops": 177228,
                      "Index Cond": "(movie_id = mi_idx.movie_id)",
                      "Rows Removed by Index Recheck": 0,
                      "Filter": "(role_id > 1)",
                      "Rows Removed by Filter": 10
                    }
                  ]
                }
              ]
            }
          ]
        }
      ]
    },
    "Planning Time": 0.827,
    "Triggers": [],
    "Execution Time": 1702.609
  }
]