[
  {
    "Plan": {
      "Node Type": "Aggregate",
      "Strategy": "Plain",
      "Partial Mode": "Finalize",
      "Parallel Aware": false,
      "Startup Cost": 124697.23,
      "Total Cost": 124697.24,
      "Plan Rows": 1,
      "Plan Width": 8,
      "Actual Startup Time": 216.19,
      "Actual Total Time": 233.578,
      "Actual Rows": 1,
      "Actual Loops": 1,
      "Plans": [
        {
          "Node Type": "Gather",
          "Parent Relationship": "Outer",
          "Parallel Aware": false,
          "Startup Cost": 124696.71,
          "Total Cost": 124697.22,
          "Plan Rows": 5,
          "Plan Width": 8,
          "Actual Startup Time": 215.949,
          "Actual Total Time": 233.565,
          "Actual Rows": 6,
          "Actual Loops": 1,
          "Workers Planned": 5,
          "Workers Launched": 5,
          "Single Copy": false,
          "Plans": [
            {
              "Node Type": "Aggregate",
              "Strategy": "Plain",
              "Partial Mode": "Partial",
              "Parent Relationship": "Outer",
              "Parallel Aware": false,
              "Startup Cost": 123696.71,
              "Total Cost": 123696.72,
              "Plan Rows": 1,
              "Plan Width": 8,
              "Actual Startup Time": 205.709,
              "Actual Total Time": 205.712,
              "Actual Rows": 1,
              "Actual Loops": 6,
              "Plans": [
                {
                  "Node Type": "Hash Join",
                  "Parent Relationship": "Outer",
                  "Parallel Aware": true,
                  "Join Type": "Inner",
                  "Startup Cost": 45500.31,
                  "Total Cost": 123695.57,
                  "Plan Rows": 453,
                  "Plan Width": 0,
                  "Actual Startup Time": 85.867,
                  "Actual Total Time": 205.65,
                  "Actual Rows": 560,
                  "Actual Loops": 6,
                  "Inner Unique": true,
                  "Hash Cond": "(ci.movie_id = t.id)",
                  "Plans": [
                    {
                      "Node Type": "Index Scan",
                      "Parent Relationship": "Outer",
                      "Parallel Aware": true,
                      "Scan Direction": "Forward",
                      "Index Name": "role_id_cast_info",
                      "Relation Name": "cast_info",
                      "Alias": "ci",
                      "Startup Cost": 0.56,
                      "Total Cost": 77740.85,
                      "Plan Rows": 173322,
                      "Plan Width": 4,
                      "Actual Startup Time": 0.108,
                      "Actual Total Time": 95.801,
                      "Actual Rows": 218100,
                      "Actual Loops": 6,
                      "Index Cond": "(role_id = 4)",
                      "Rows Removed by Index Recheck": 0,
                      "Filter": "(person_id > 2613493)",
                      "Rows Removed by Filter": 236724
                    },
                    {
                      "Node Type": "Hash",
                      "Parent Relationship": "Inner",
                      "Parallel Aware": true,
                      "Startup Cost": 45479.1,
                      "Total Cost": 45479.1,
                      "Plan Rows": 1652,
                      "Plan Width": 4,
                      "Actual Startup Time": 83.849,
                      "Actual Total Time": 83.85,
                      "Actual Rows": 1076,
                      "Actual Loops": 6,
                      "Hash Buckets": 8192,
                      "Original Hash Buckets": 8192,
                      "Hash Batches": 1,
                      "Original Hash Batches": 1,
                      "Peak Memory Usage": 384,
                      "Plans": [
                        {
                          "Node Type": "Seq Scan",
                          "Parent Relationship": "Outer",
                          "Parallel Aware": true,
                          "Relation Name": "title",
                          "Alias": "t",
                          "Startup Cost": 0.0,
                          "Total Cost": 45479.1,
                          "Plan Rows": 1652,
                          "Plan Width": 4,
                          "Actual Startup Time": 0.426,
                          "Actual Total Time": 82.91,
                          "Actual Rows": 1076,
                          "Actual Loops": 6,
                          "Filter": "((kind_id = 7) AND (production_year = 1964))",
                          "Rows Removed by Filter": 420310
                        }
                      ]
                    }
                  ]
                }
              ]
            }
          ]
        }
      ]
    },
    "Planning Time": 0.748,
    "Triggers": [],
    "Execution Time": 233.663
  }
]