{
  "Plan": {
    "Node Type": "Aggregate",
    "Strategy": "Plain",
    "Partial Mode": "Finalize",
    "Parallel Aware": false,
    "Startup Cost": 221174.24,
    "Total Cost": 221174.25,
    "Plan Rows": 1,
    "Plan Width": 8,
    "Actual Startup Time": 1089.253,
    "Actual Total Time": 1106.609,
    "Actual Rows": 1,
    "Actual Loops": 1,
    "Plans": [
      {
        "Node Type": "Gather",
        "Parent Relationship": "Outer",
        "Parallel Aware": false,
        "Startup Cost": 221174.12,
        "Total Cost": 221174.23,
        "Plan Rows": 1,
        "Plan Width": 8,
        "Actual Startup Time": 1086.013,
        "Actual Total Time": 1106.603,
        "Actual Rows": 2,
        "Actual Loops": 1,
        "Workers Planned": 1,
        "Workers Launched": 1,
        "Single Copy": false,
        "Plans": [
          {
            "Node Type": "Aggregate",
            "Strategy": "Plain",
            "Partial Mode": "Partial",
            "Parent Relationship": "Outer",
            "Parallel Aware": false,
            "Startup Cost": 220174.12,
            "Total Cost": 220174.13,
            "Plan Rows": 1,
            "Plan Width": 8,
            "Actual Startup Time": 1076.747,
            "Actual Total Time": 1076.752,
            "Actual Rows": 1,
            "Actual Loops": 2,
            "Plans": [
              {
                "Node Type": "Hash Join",
                "Parent Relationship": "Outer",
                "Parallel Aware": false,
                "Join Type": "Inner",
                "Startup Cost": 70522.51,
                "Total Cost": 220173.8,
                "Plan Rows": 131,
                "Plan Width": 0,
                "Actual Startup Time": 537.328,
                "Actual Total Time": 1076.737,
                "Actual Rows": 55,
                "Actual Loops": 2,
                "Inner Unique": false,
                "Hash Cond": "(t.id = ci.movie_id)",
                "Plans": [
                  {
                    "Node Type": "Hash Join",
                    "Parent Relationship": "Outer",
                    "Parallel Aware": true,
                    "Join Type": "Inner",
                    "Startup Cost": 69460.7,
                    "Total Cost": 132246.01,
                    "Plan Rows": 1930326,
                    "Plan Width": 8,
                    "Actual Startup Time": 519.24,
                    "Actual Total Time": 986.309,
                    "Actual Rows": 1636826,
                    "Actual Loops": 2,
                    "Inner Unique": true,
                    "Hash Cond": "(mk.movie_id = t.id)",
                    "Plans": [
                      {
                        "Node Type": "Seq Scan",
                        "Parent Relationship": "Outer",
                        "Parallel Aware": true,
                        "Relation Name": "movie_keyword",
                        "Alias": "mk",
                        "Startup Cost": 0.0,
                        "Total Cost": 57718.19,
                        "Plan Rows": 1930326,
                        "Plan Width": 4,
                        "Actual Startup Time": 0.012,
                        "Actual Total Time": 194.748,
                        "Actual Rows": 1636826,
                        "Actual Loops": 2,
                        "Filter": "(keyword_id < 14422)",
                        "Rows Removed by Filter": 625138
                      },
                      {
                        "Node Type": "Hash",
                        "Parent Relationship": "Inner",
                        "Parallel Aware": true,
                        "Startup Cost": 50870.31,
                        "Total Cost": 50870.31,
                        "Plan Rows": 1487231,
                        "Plan Width": 4,
                        "Actual Startup Time": 502.378,
                        "Actual Total Time": 502.379,
                        "Actual Rows": 1264156,
                        "Actual Loops": 2,
                        "Hash Buckets": 4194304,
                        "Original Hash Buckets": 4194304,
                        "Hash Batches": 1,
                        "Original Hash Batches": 1,
                        "Peak Memory Usage": 131712,
                        "Plans": [
                          {
                            "Node Type": "Seq Scan",
                            "Parent Relationship": "Outer",
                            "Parallel Aware": true,
                            "Relation Name": "title",
                            "Alias": "t",
                            "Startup Cost": 0.0,
                            "Total Cost": 50870.31,
                            "Plan Rows": 1487231,
                            "Plan Width": 4,
                            "Actual Startup Time": 0.023,
                            "Actual Total Time": 144.09,
                            "Actual Rows": 1264156,
                            "Actual Loops": 2
                          }
                        ]
                      }
                    ]
                  },
                  {
                    "Node Type": "Hash",
                    "Parent Relationship": "Inner",
                    "Parallel Aware": false,
                    "Startup Cost": 1059.67,
                    "Total Cost": 1059.67,
                    "Plan Rows": 171,
                    "Plan Width": 4,
                    "Actual Startup Time": 0.98,
                    "Actual Total Time": 0.981,
                    "Actual Rows": 997,
                    "Actual Loops": 2,
                    "Hash Buckets": 1024,
                    "Original Hash Buckets": 1024,
                    "Hash Batches": 1,
                    "Original Hash Batches": 1,
                    "Peak Memory Usage": 44,
                    "Plans": [
                      {
                        "Node Type": "Index Scan",
                        "Parent Relationship": "Outer",
                        "Parallel Aware": false,
                        "Scan Direction": "Forward",
                        "Index Name": "person_id_cast_info",
                        "Relation Name": "cast_info",
                        "Alias": "ci",
                        "Startup Cost": 0.56,
                        "Total Cost": 1059.67,
                        "Plan Rows": 171,
                        "Plan Width": 4,
                        "Actual Startup Time": 0.151,
                        "Actual Total Time": 0.702,
                        "Actual Rows": 997,
                        "Actual Loops": 2,
                        "Index Cond": "(person_id = 1230072)",
                        "Rows Removed by Index Recheck": 0,
                        "Filter": "(role_id < 2)",
                        "Rows Removed by Filter": 0
                      }
                    ]
                  }
                ]
              }
            ]
          }
        ]
      }
    ]
  },
  "Planning Time": 0.587,
  "Triggers": [],
  "Execution Time": 1106.669
}