[
  {
    "Plan": {
      "Node Type": "Aggregate",
      "Strategy": "Plain",
      "Partial Mode": "Finalize",
      "Parallel Aware": false,
      "Startup Cost": 225563.89,
      "Total Cost": 225563.9,
      "Plan Rows": 1,
      "Plan Width": 8,
      "Actual Startup Time": 332.465,
      "Actual Total Time": 348.983,
      "Actual Rows": 1,
      "Actual Loops": 1,
      "Plans": [
        {
          "Node Type": "Gather",
          "Parent Relationship": "Outer",
          "Parallel Aware": false,
          "Startup Cost": 225563.37,
          "Total Cost": 225563.88,
          "Plan Rows": 5,
          "Plan Width": 8,
          "Actual Startup Time": 326.128,
          "Actual Total Time": 348.971,
          "Actual Rows": 6,
          "Actual Loops": 1,
          "Workers Planned": 5,
          "Workers Launched": 5,
          "Single Copy": false,
          "Plans": [
            {
              "Node Type": "Aggregate",
              "Strategy": "Plain",
              "Partial Mode": "Partial",
              "Parent Relationship": "Outer",
              "Parallel Aware": false,
              "Startup Cost": 224563.37,
              "Total Cost": 224563.38,
              "Plan Rows": 1,
              "Plan Width": 8,
              "Actual Startup Time": 312.555,
              "Actual Total Time": 312.559,
              "Actual Rows": 1,
              "Actual Loops": 6,
              "Plans": [
                {
                  "Node Type": "Hash Join",
                  "Parent Relationship": "Outer",
                  "Parallel Aware": true,
                  "Join Type": "Inner",
                  "Startup Cost": 60556.85,
                  "Total Cost": 224410.22,
                  "Plan Rows": 61260,
                  "Plan Width": 0,
                  "Actual Startup Time": 241.682,
                  "Actual Total Time": 310.363,
                  "Actual Rows": 35182,
                  "Actual Loops": 6,
                  "Inner Unique": true,
                  "Hash Cond": "(mi.movie_id = t.id)",
                  "Plans": [
                    {
                      "Node Type": "Bitmap Heap Scan",
                      "Parent Relationship": "Outer",
                      "Parallel Aware": true,
                      "Relation Name": "movie_info",
                      "Alias": "mi",
                      "Startup Cost": 11142.68,
                      "Total Cost": 174673.18,
                      "Plan Rows": 123000,
                      "Plan Width": 4,
                      "Actual Startup Time": 24.246,
                      "Actual Total Time": 68.533,
                      "Actual Rows": 99743,
                      "Actual Loops": 6,
                      "Recheck Cond": "(info_type_id = 15)",
                      "Rows Removed by Index Recheck": 0,
                      "Exact Heap Blocks": 4279,
                      "Lossy Heap Blocks": 0,
                      "Plans": [
                        {
                          "Node Type": "Bitmap Index Scan",
                          "Parent Relationship": "Outer",
                          "Parallel Aware": false,
                          "Index Name": "info_type_id_movie_info",
                          "Startup Cost": 0.0,
                          "Total Cost": 10988.93,
                          "Plan Rows": 615000,
                          "Plan Width": 0,
                          "Actual Startup Time": 20.885,
                          "Actual Total Time": 20.885,
                          "Actual Rows": 598457,
                          "Actual Loops": 1,
                          "Index Cond": "(info_type_id = 15)"
                        }
                      ]
                    },
                    {
                      "Node Type": "Hash",
                      "Parent Relationship": "Inner",
                      "Parallel Aware": true,
                      "Startup Cost": 45479.1,
                      "Total Cost": 45479.1,
                      "Plan Rows": 314805,
                      "Plan Width": 4,
                      "Actual Startup Time": 212.042,
                      "Actual Total Time": 212.043,
                      "Actual Rows": 223436,
                      "Actual Loops": 6,
                      "Hash Buckets": 2097152,
                      "Original Hash Buckets": 2097152,
                      "Hash Batches": 1,
                      "Original Hash Batches": 1,
                      "Peak Memory Usage": 68896,
                      "Plans": [
                        {
                          "Node Type": "Seq Scan",
                          "Parent Relationship": "Outer",
                          "Parallel Aware": true,
                          "Relation Name": "title",
                          "Alias": "t",
                          "Startup Cost": 0.0,
                          "Total Cost": 45479.1,
                          "Plan Rows": 314805,
                          "Plan Width": 4,
                          "Actual Startup Time": 0.043,
                          "Actual Total Time": 99.956,
                          "Actual Rows": 223436,
                          "Actual Loops": 6,
                          "Filter": "((production_year > 1971) AND (kind_id = 7))",
                          "Rows Removed by Filter": 197949
                        }
                      ]
                    }
                  ]
                }
              ]
            }
          ]
        }
      ]
    },
    "Planning Time": 0.679,
    "Triggers": [],
    "Execution Time": 349.079
  }
]