{
  "Plan": {
    "Node Type": "Aggregate",
    "Strategy": "Plain",
    "Partial Mode": "Finalize",
    "Parallel Aware": false,
    "Startup Cost": 541997.96,
    "Total Cost": 541997.97,
    "Plan Rows": 1,
    "Plan Width": 8,
    "Actual Startup Time": 3115.222,
    "Actual Total Time": 3144.234,
    "Actual Rows": 1,
    "Actual Loops": 1,
    "Plans": [
      {
        "Node Type": "Gather",
        "Parent Relationship": "Outer",
        "Parallel Aware": false,
        "Startup Cost": 541997.85,
        "Total Cost": 541997.96,
        "Plan Rows": 1,
        "Plan Width": 8,
        "Actual Startup Time": 3108.57,
        "Actual Total Time": 3144.226,
        "Actual Rows": 2,
        "Actual Loops": 1,
        "Workers Planned": 1,
        "Workers Launched": 1,
        "Single Copy": false,
        "Plans": [
          {
            "Node Type": "Aggregate",
            "Strategy": "Plain",
            "Partial Mode": "Partial",
            "Parent Relationship": "Outer",
            "Parallel Aware": false,
            "Startup Cost": 540997.85,
            "Total Cost": 540997.86,
            "Plan Rows": 1,
            "Plan Width": 8,
            "Actual Startup Time": 3095.9,
            "Actual Total Time": 3095.904,
            "Actual Rows": 1,
            "Actual Loops": 2,
            "Plans": [
              {
                "Node Type": "Hash Join",
                "Parent Relationship": "Outer",
                "Parallel Aware": true,
                "Join Type": "Inner",
                "Startup Cost": 218398.2,
                "Total Cost": 531081.16,
                "Plan Rows": 3966674,
                "Plan Width": 0,
                "Actual Startup Time": 871.363,
                "Actual Total Time": 2931.692,
                "Actual Rows": 3291647,
                "Actual Loops": 2,
                "Inner Unique": true,
                "Hash Cond": "(ci.movie_id = t.id)",
                "Plans": [
                  {
                    "Node Type": "Bitmap Heap Scan",
                    "Parent Relationship": "Outer",
                    "Parallel Aware": true,
                    "Relation Name": "cast_info",
                    "Alias": "ci",
                    "Startup Cost": 148937.5,
                    "Total Cost": 451207.92,
                    "Plan Rows": 3966674,
                    "Plan Width": 4,
                    "Actual Startup Time": 222.047,
                    "Actual Total Time": 681.313,
                    "Actual Rows": 3291647,
                    "Actual Loops": 2,
                    "Recheck Cond": "(person_id > 3000333)",
                    "Rows Removed by Index Recheck": 0,
                    "Exact Heap Blocks": 50912,
                    "Lossy Heap Blocks": 0,
                    "Plans": [
                      {
                        "Node Type": "Bitmap Index Scan",
                        "Parent Relationship": "Outer",
                        "Parallel Aware": false,
                        "Index Name": "person_id_cast_info",
                        "Startup Cost": 0.0,
                        "Total Cost": 147251.66,
                        "Plan Rows": 6743346,
                        "Plan Width": 0,
                        "Actual Startup Time": 207.356,
                        "Actual Total Time": 207.357,
                        "Actual Rows": 6583294,
                        "Actual Loops": 1,
                        "Index Cond": "(person_id > 3000333)"
                      }
                    ]
                  },
                  {
                    "Node Type": "Hash",
                    "Parent Relationship": "Inner",
                    "Parallel Aware": true,
                    "Startup Cost": 50870.31,
                    "Total Cost": 50870.31,
                    "Plan Rows": 1487231,
                    "Plan Width": 4,
                    "Actual Startup Time": 627.519,
                    "Actual Total Time": 627.519,
                    "Actual Rows": 1264156,
                    "Actual Loops": 2,
                    "Hash Buckets": 4194304,
                    "Original Hash Buckets": 4194304,
                    "Hash Batches": 1,
                    "Original Hash Batches": 1,
                    "Peak Memory Usage": 131712,
                    "Plans": [
                      {
                        "Node Type": "Seq Scan",
                        "Parent Relationship": "Outer",
                        "Parallel Aware": true,
                        "Relation Name": "title",
                        "Alias": "t",
                        "Startup Cost": 0.0,
                        "Total Cost": 50870.31,
                        "Plan Rows": 1487231,
                        "Plan Width": 4,
                        "Actual Startup Time": 0.041,
                        "Actual Total Time": 182.423,
                        "Actual Rows": 1264156,
                        "Actual Loops": 2
                      }
                    ]
                  }
                ]
              }
            ]
          }
        ]
      }
    ]
  },
  "Planning Time": 0.748,
  "Triggers": [],
  "Execution Time": 3144.347
}