[
  {
    "Plan": {
      "Node Type": "Aggregate",
      "Strategy": "Plain",
      "Partial Mode": "Finalize",
      "Parallel Aware": false,
      "Startup Cost": 254218.71,
      "Total Cost": 254218.72,
      "Plan Rows": 1,
      "Plan Width": 8,
      "Actual Startup Time": 692.105,
      "Actual Total Time": 734.842,
      "Actual Rows": 1,
      "Actual Loops": 1,
      "Plans": [
        {
          "Node Type": "Gather",
          "Parent Relationship": "Outer",
          "Parallel Aware": false,
          "Startup Cost": 254218.18,
          "Total Cost": 254218.69,
          "Plan Rows": 5,
          "Plan Width": 8,
          "Actual Startup Time": 691.104,
          "Actual Total Time": 734.83,
          "Actual Rows": 6,
          "Actual Loops": 1,
          "Workers Planned": 5,
          "Workers Launched": 5,
          "Single Copy": false,
          "Plans": [
            {
              "Node Type": "Aggregate",
              "Strategy": "Plain",
              "Partial Mode": "Partial",
              "Parent Relationship": "Outer",
              "Parallel Aware": false,
              "Startup Cost": 253218.18,
              "Total Cost": 253218.19,
              "Plan Rows": 1,
              "Plan Width": 8,
              "Actual Startup Time": 681.035,
              "Actual Total Time": 681.038,
              "Actual Rows": 1,
              "Actual Loops": 6,
              "Plans": [
                {
                  "Node Type": "Hash Join",
                  "Parent Relationship": "Outer",
                  "Parallel Aware": true,
                  "Join Type": "Inner",
                  "Startup Cost": 46217.21,
                  "Total Cost": 252573.75,
                  "Plan Rows": 257773,
                  "Plan Width": 0,
                  "Actual Startup Time": 93.115,
                  "Actual Total Time": 675.91,
                  "Actual Rows": 108273,
                  "Actual Loops": 6,
                  "Inner Unique": true,
                  "Hash Cond": "(mi.movie_id = t.id)",
                  "Plans": [
                    {
                      "Node Type": "Seq Scan",
                      "Parent Relationship": "Outer",
                      "Parallel Aware": true,
                      "Relation Name": "movie_info",
                      "Alias": "mi",
                      "Startup Cost": 0.0,
                      "Total Cost": 199108.24,
                      "Plan Rows": 2761252,
                      "Plan Width": 4,
                      "Actual Startup Time": 0.03,
                      "Actual Total Time": 348.552,
                      "Actual Rows": 2299306,
                      "Actual Loops": 6,
                      "Filter": "(info_type_id < 81)",
                      "Rows Removed by Filter": 173314
                    },
                    {
                      "Node Type": "Hash",
                      "Parent Relationship": "Inner",
                      "Parallel Aware": true,
                      "Startup Cost": 45479.59,
                      "Total Cost": 45479.59,
                      "Plan Rows": 59010,
                      "Plan Width": 4,
                      "Actual Startup Time": 90.198,
                      "Actual Total Time": 90.199,
                      "Actual Rows": 20450,
                      "Actual Loops": 6,
                      "Hash Buckets": 262144,
                      "Original Hash Buckets": 262144,
                      "Hash Batches": 1,
                      "Original Hash Batches": 1,
                      "Peak Memory Usage": 6944,
                      "Plans": [
                        {
                          "Node Type": "Seq Scan",
                          "Parent Relationship": "Outer",
                          "Parallel Aware": true,
                          "Relation Name": "title",
                          "Alias": "t",
                          "Startup Cost": 0.0,
                          "Total Cost": 45479.59,
                          "Plan Rows": 59010,
                          "Plan Width": 4,
                          "Actual Startup Time": 0.047,
                          "Actual Total Time": 80.282,
                          "Actual Rows": 20450,
                          "Actual Loops": 6,
                          "Filter": "((kind_id > 2) AND (production_year < 1969))",
                          "Rows Removed by Filter": 400935
                        }
                      ]
                    }
                  ]
                }
              ]
            }
          ]
        }
      ]
    },
    "Planning Time": 0.62,
    "Triggers": [],
    "Execution Time": 734.919
  }
]