[
  {
    "Plan": {
      "Node Type": "Aggregate",
      "Strategy": "Plain",
      "Partial Mode": "Finalize",
      "Parallel Aware": false,
      "Startup Cost": 391549.47,
      "Total Cost": 391549.48,
      "Plan Rows": 1,
      "Plan Width": 8,
      "Actual Startup Time": 683.093,
      "Actual Total Time": 721.235,
      "Actual Rows": 1,
      "Actual Loops": 1,
      "Plans": [
        {
          "Node Type": "Gather",
          "Parent Relationship": "Outer",
          "Parallel Aware": false,
          "Startup Cost": 391548.85,
          "Total Cost": 391549.46,
          "Plan Rows": 6,
          "Plan Width": 8,
          "Actual Startup Time": 681.124,
          "Actual Total Time": 721.222,
          "Actual Rows": 7,
          "Actual Loops": 1,
          "Workers Planned": 6,
          "Workers Launched": 6,
          "Single Copy": false,
          "Plans": [
            {
              "Node Type": "Aggregate",
              "Strategy": "Plain",
              "Partial Mode": "Partial",
              "Parent Relationship": "Outer",
              "Parallel Aware": false,
              "Startup Cost": 390548.85,
              "Total Cost": 390548.86,
              "Plan Rows": 1,
              "Plan Width": 8,
              "Actual Startup Time": 673.119,
              "Actual Total Time": 673.122,
              "Actual Rows": 1,
              "Actual Loops": 7,
              "Plans": [
                {
                  "Node Type": "Hash Join",
                  "Parent Relationship": "Outer",
                  "Parallel Aware": true,
                  "Join Type": "Inner",
                  "Startup Cost": 44383.86,
                  "Total Cost": 390272.68,
                  "Plan Rows": 110466,
                  "Plan Width": 0,
                  "Actual Startup Time": 204.617,
                  "Actual Total Time": 669.516,
                  "Actual Rows": 69248,
                  "Actual Loops": 7,
                  "Inner Unique": true,
                  "Hash Cond": "(ci.movie_id = t.id)",
                  "Plans": [
                    {
                      "Node Type": "Index Scan",
                      "Parent Relationship": "Outer",
                      "Parallel Aware": true,
                      "Scan Direction": "Forward",
                      "Index Name": "role_id_cast_info",
                      "Relation Name": "cast_info",
                      "Alias": "ci",
                      "Startup Cost": 0.56,
                      "Total Cost": 341155.22,
                      "Plan Rows": 1803488,
                      "Plan Width": 4,
                      "Actual Startup Time": 119.075,
                      "Actual Total Time": 396.946,
                      "Actual Rows": 1238763,
                      "Actual Loops": 7,
                      "Index Cond": "(role_id < 2)",
                      "Rows Removed by Index Recheck": 0,
                      "Filter": "(person_id > 534239)",
                      "Rows Removed by Filter": 571336
                    },
                    {
                      "Node Type": "Hash",
                      "Parent Relationship": "Inner",
                      "Parallel Aware": true,
                      "Startup Cost": 43899.32,
                      "Total Cost": 43899.32,
                      "Plan Rows": 38718,
                      "Plan Width": 4,
                      "Actual Startup Time": 83.724,
                      "Actual Total Time": 83.726,
                      "Actual Rows": 24135,
                      "Actual Loops": 7,
                      "Hash Buckets": 262144,
                      "Original Hash Buckets": 262144,
                      "Hash Batches": 1,
                      "Original Hash Batches": 1,
                      "Peak Memory Usage": 8800,
                      "Plans": [
                        {
                          "Node Type": "Seq Scan",
                          "Parent Relationship": "Outer",
                          "Parallel Aware": true,
                          "Relation Name": "title",
                          "Alias": "t",
                          "Startup Cost": 0.0,
                          "Total Cost": 43899.32,
                          "Plan Rows": 38718,
                          "Plan Width": 4,
                          "Actual Startup Time": 0.209,
                          "Actual Total Time": 71.477,
                          "Actual Rows": 24135,
                          "Actual Loops": 7,
                          "Filter": "(production_year < 1951)",
                          "Rows Removed by Filter": 337052
                        }
                      ]
                    }
                  ]
                }
              ]
            }
          ]
        }
      ]
    },
    "Planning Time": 0.698,
    "Triggers": [],
    "Execution Time": 721.325
  }
]