[
    {
        "Bao": {
            "Bao prediction": "NaN",
            "Bao recommended hint": "(no hint)"
        }
    },
    {
        "Plan": {
            "Node Type": "Aggregate",
            "Strategy": "Plain",
            "Partial Mode": "Finalize",
            "Parallel Aware": false,
            "Startup Cost": 88617.01,
            "Total Cost": 88617.02,
            "Plan Rows": 1,
            "Plan Width": 8,
            "Actual Startup Time": 295.867,
            "Actual Total Time": 309.036,
            "Actual Rows": 1,
            "Actual Loops": 1,
            "Output": [
                "count(*)"
            ],
            "Plans": [
                {
                    "Node Type": "Gather",
                    "Parent Relationship": "Outer",
                    "Parallel Aware": false,
                    "Startup Cost": 88616.69,
                    "Total Cost": 88617.0,
                    "Plan Rows": 3,
                    "Plan Width": 8,
                    "Actual Startup Time": 294.6,
                    "Actual Total Time": 309.025,
                    "Actual Rows": 4,
                    "Actual Loops": 1,
                    "Output": [
                        "(PARTIAL count(*))"
                    ],
                    "Workers Planned": 3,
                    "Workers Launched": 3,
                    "Single Copy": false,
                    "Plans": [
                        {
                            "Node Type": "Aggregate",
                            "Strategy": "Plain",
                            "Partial Mode": "Partial",
                            "Parent Relationship": "Outer",
                            "Parallel Aware": false,
                            "Startup Cost": 87616.69,
                            "Total Cost": 87616.7,
                            "Plan Rows": 1,
                            "Plan Width": 8,
                            "Actual Startup Time": 285.744,
                            "Actual Total Time": 285.828,
                            "Actual Rows": 1,
                            "Actual Loops": 4,
                            "Output": [
                                "PARTIAL count(*)"
                            ],
                            "Workers": [
                                {
                                    "Worker Number": 0,
                                    "Actual Startup Time": 282.479,
                                    "Actual Total Time": 282.482,
                                    "Actual Rows": 1,
                                    "Actual Loops": 1
                                },
                                {
                                    "Worker Number": 1,
                                    "Actual Startup Time": 283.181,
                                    "Actual Total Time": 283.185,
                                    "Actual Rows": 1,
                                    "Actual Loops": 1
                                },
                                {
                                    "Worker Number": 2,
                                    "Actual Startup Time": 283.191,
                                    "Actual Total Time": 283.194,
                                    "Actual Rows": 1,
                                    "Actual Loops": 1
                                }
                            ],
                            "Plans": [
                                {
                                    "Node Type": "Hash Join",
                                    "Parent Relationship": "Outer",
                                    "Parallel Aware": true,
                                    "Join Type": "Inner",
                                    "Startup Cost": 59909.43,
                                    "Total Cost": 87589.61,
                                    "Plan Rows": 10832,
                                    "Plan Width": 0,
                                    "Actual Startup Time": 176.726,
                                    "Actual Total Time": 283.919,
                                    "Actual Rows": 27662,
                                    "Actual Loops": 4,
                                    "Inner Unique": true,
                                    "Hash Cond": "(mk.movie_id = t.id)",
                                    "Workers": [
                                        {
                                            "Worker Number": 0,
                                            "Actual Startup Time": 173.174,
                                            "Actual Total Time": 280.722,
                                            "Actual Rows": 34174,
                                            "Actual Loops": 1
                                        },
                                        {
                                            "Worker Number": 1,
                                            "Actual Startup Time": 174.318,
                                            "Actual Total Time": 281.152,
                                            "Actual Rows": 21657,
                                            "Actual Loops": 1
                                        },
                                        {
                                            "Worker Number": 2,
                                            "Actual Startup Time": 174.126,
                                            "Actual Total Time": 281.519,
                                            "Actual Rows": 27121,
                                            "Actual Loops": 1
                                        }
                                    ],
                                    "Plans": [
                                        {
                                            "Node Type": "Bitmap Heap Scan",
                                            "Parent Relationship": "Outer",
                                            "Parallel Aware": true,
                                            "Relation Name": "movie_keyword",
                                            "Schema": "public",
                                            "Alias": "mk",
                                            "Startup Cost": 14029.0,
                                            "Total Cost": 41149.26,
                                            "Plan Rows": 213301,
                                            "Plan Width": 4,
                                            "Actual Startup Time": 51.345,
                                            "Actual Total Time": 121.854,
                                            "Actual Rows": 165687,
                                            "Actual Loops": 4,
                                            "Output": [
                                                "mk.id",
                                                "mk.movie_id",
                                                "mk.keyword_id"
                                            ],
                                            "Recheck Cond": "(mk.keyword_id < 518)",
                                            "Rows Removed by Index Recheck": 0,
                                            "Exact Heap Blocks": 5925,
                                            "Lossy Heap Blocks": 0,
                                            "Workers": [
                                                {
                                                    "Worker Number": 0,
                                                    "Actual Startup Time": 51.135,
                                                    "Actual Total Time": 122.146,
                                                    "Actual Rows": 221098,
                                                    "Actual Loops": 1
                                                },
                                                {
                                                    "Worker Number": 1,
                                                    "Actual Startup Time": 51.399,
                                                    "Actual Total Time": 124.717,
                                                    "Actual Rows": 126916,
                                                    "Actual Loops": 1
                                                },
                                                {
                                                    "Worker Number": 2,
                                                    "Actual Startup Time": 51.475,
                                                    "Actual Total Time": 123.593,
                                                    "Actual Rows": 153349,
                                                    "Actual Loops": 1
                                                }
                                            ],
                                            "Plans": [
                                                {
                                                    "Node Type": "Bitmap Index Scan",
                                                    "Parent Relationship": "Outer",
                                                    "Parallel Aware": false,
                                                    "Index Name": "keyword_id_movie_keyword",
                                                    "Startup Cost": 0.0,
                                                    "Total Cost": 13863.69,
                                                    "Plan Rows": 661234,
                                                    "Plan Width": 0,
                                                    "Actual Startup Time": 47.592,
                                                    "Actual Total Time": 47.593,
                                                    "Actual Rows": 662748,
                                                    "Actual Loops": 1,
                                                    "Index Cond": "(mk.keyword_id < 518)",
                                                    "Workers": [
                                                        {
                                                            "Worker Number": 0,
                                                            "Actual Startup Time": 47.592,
                                                            "Actual Total Time": 47.593,
                                                            "Actual Rows": 662748,
                                                            "Actual Loops": 1
                                                        }
                                                    ]
                                                }
                                            ]
                                        },
                                        {
                                            "Node Type": "Hash",
                                            "Parent Relationship": "Inner",
                                            "Parallel Aware": true,
                                            "Startup Cost": 45479.21,
                                            "Total Cost": 45479.21,
                                            "Plan Rows": 32098,
                                            "Plan Width": 4,
                                            "Actual Startup Time": 124.063,
                                            "Actual Total Time": 124.064,
                                            "Actual Rows": 56977,
                                            "Actual Loops": 4,
                                            "Output": [
                                                "t.id"
                                            ],
                                            "Hash Buckets": 262144,
                                            "Original Hash Buckets": 131072,
                                            "Hash Batches": 1,
                                            "Original Hash Batches": 1,
                                            "Peak Memory Usage": 12032,
                                            "Workers": [
                                                {
                                                    "Worker Number": 0,
                                                    "Actual Startup Time": 121.478,
                                                    "Actual Total Time": 121.479,
                                                    "Actual Rows": 66784,
                                                    "Actual Loops": 1
                                                },
                                                {
                                                    "Worker Number": 1,
                                                    "Actual Startup Time": 121.798,
                                                    "Actual Total Time": 121.799,
                                                    "Actual Rows": 44455,
                                                    "Actual Loops": 1
                                                },
                                                {
                                                    "Worker Number": 2,
                                                    "Actual Startup Time": 122.198,
                                                    "Actual Total Time": 122.199,
                                                    "Actual Rows": 59692,
                                                    "Actual Loops": 1
                                                }
                                            ],
                                            "Plans": [
                                                {
                                                    "Node Type": "Seq Scan",
                                                    "Parent Relationship": "Outer",
                                                    "Parallel Aware": true,
                                                    "Relation Name": "title",
                                                    "Schema": "public",
                                                    "Alias": "t",
                                                    "Startup Cost": 0.0,
                                                    "Total Cost": 45479.21,
                                                    "Plan Rows": 32098,
                                                    "Plan Width": 4,
                                                    "Actual Startup Time": 0.184,
                                                    "Actual Total Time": 100.738,
                                                    "Actual Rows": 56977,
                                                    "Actual Loops": 4,
                                                    "Output": [
                                                        "t.id"
                                                    ],
                                                    "Filter": "((t.kind_id < 7) AND (t.production_year < 1967))",
                                                    "Rows Removed by Filter": 575101,
                                                    "Workers": [
                                                        {
                                                            "Worker Number": 0,
                                                            "Actual Startup Time": 0.063,
                                                            "Actual Total Time": 99.078,
                                                            "Actual Rows": 66784,
                                                            "Actual Loops": 1
                                                        },
                                                        {
                                                            "Worker Number": 1,
                                                            "Actual Startup Time": 0.046,
                                                            "Actual Total Time": 99.901,
                                                            "Actual Rows": 44455,
                                                            "Actual Loops": 1
                                                        },
                                                        {
                                                            "Worker Number": 2,
                                                            "Actual Startup Time": 0.459,
                                                            "Actual Total Time": 97.375,
                                                            "Actual Rows": 59692,
                                                            "Actual Loops": 1
                                                        }
                                                    ]
                                                }
                                            ]
                                        }
                                    ]
                                }
                            ]
                        }
                    ]
                }
            ]
        },
        "Planning Time": 287.827,
        "Triggers": [],
        "Execution Time": 309.135
    }
]