[
  {
    "Plan": {
      "Node Type": "Aggregate",
      "Strategy": "Plain",
      "Partial Mode": "Finalize",
      "Parallel Aware": false,
      "Startup Cost": 251299.05,
      "Total Cost": 251299.06,
      "Plan Rows": 1,
      "Plan Width": 8,
      "Actual Startup Time": 784.571,
      "Actual Total Time": 831.044,
      "Actual Rows": 1,
      "Actual Loops": 1,
      "Plans": [
        {
          "Node Type": "Gather",
          "Parent Relationship": "Outer",
          "Parallel Aware": false,
          "Startup Cost": 251298.53,
          "Total Cost": 251299.04,
          "Plan Rows": 5,
          "Plan Width": 8,
          "Actual Startup Time": 781.668,
          "Actual Total Time": 831.033,
          "Actual Rows": 6,
          "Actual Loops": 1,
          "Workers Planned": 5,
          "Workers Launched": 5,
          "Single Copy": false,
          "Plans": [
            {
              "Node Type": "Aggregate",
              "Strategy": "Plain",
              "Partial Mode": "Partial",
              "Parent Relationship": "Outer",
              "Parallel Aware": false,
              "Startup Cost": 250298.53,
              "Total Cost": 250298.54,
              "Plan Rows": 1,
              "Plan Width": 8,
              "Actual Startup Time": 772.193,
              "Actual Total Time": 772.24,
              "Actual Rows": 1,
              "Actual Loops": 6,
              "Plans": [
                {
                  "Node Type": "Hash Join",
                  "Parent Relationship": "Outer",
                  "Parallel Aware": true,
                  "Join Type": "Inner",
                  "Startup Cost": 46053.42,
                  "Total Cost": 249955.83,
                  "Plan Rows": 137079,
                  "Plan Width": 0,
                  "Actual Startup Time": 148.993,
                  "Actual Total Time": 751.756,
                  "Actual Rows": 413911,
                  "Actual Loops": 6,
                  "Inner Unique": true,
                  "Hash Cond": "(mi.movie_id = t.id)",
                  "Plans": [
                    {
                      "Node Type": "Seq Scan",
                      "Parent Relationship": "Outer",
                      "Parallel Aware": true,
                      "Relation Name": "movie_info",
                      "Alias": "mi",
                      "Startup Cost": 0.0,
                      "Total Cost": 198952.16,
                      "Plan Rows": 1885804,
                      "Plan Width": 4,
                      "Actual Startup Time": 18.033,
                      "Actual Total Time": 369.738,
                      "Actual Rows": 1570867,
                      "Actual Loops": 6,
                      "Filter": "(info_type_id > 5)",
                      "Rows Removed by Filter": 901753
                    },
                    {
                      "Node Type": "Hash",
                      "Parent Relationship": "Inner",
                      "Parallel Aware": true,
                      "Startup Cost": 45479.1,
                      "Total Cost": 45479.1,
                      "Plan Rows": 45946,
                      "Plan Width": 4,
                      "Actual Startup Time": 114.436,
                      "Actual Total Time": 114.437,
                      "Actual Rows": 53504,
                      "Actual Loops": 6,
                      "Hash Buckets": 524288,
                      "Original Hash Buckets": 262144,
                      "Hash Batches": 1,
                      "Original Hash Batches": 1,
                      "Peak Memory Usage": 18784,
                      "Plans": [
                        {
                          "Node Type": "Seq Scan",
                          "Parent Relationship": "Outer",
                          "Parallel Aware": true,
                          "Relation Name": "title",
                          "Alias": "t",
                          "Startup Cost": 0.0,
                          "Total Cost": 45479.1,
                          "Plan Rows": 45946,
                          "Plan Width": 4,
                          "Actual Startup Time": 52.103,
                          "Actual Total Time": 86.557,
                          "Actual Rows": 53504,
                          "Actual Loops": 6,
                          "Filter": "((production_year < 1991) AND (kind_id = 1))",
                          "Rows Removed by Filter": 367881
                        }
                      ]
                    }
                  ]
                }
              ]
            }
          ]
        }
      ]
    },
    "Planning Time": 0.548,
    "Triggers": [],
    "Execution Time": 831.112
  }
]