{
  "Plan": {
    "Node Type": "Aggregate",
    "Strategy": "Plain",
    "Partial Mode": "Simple",
    "Parallel Aware": false,
    "Startup Cost": 390459.65,
    "Total Cost": 390459.66,
    "Plan Rows": 1,
    "Plan Width": 96,
    "Actual Startup Time": 1543.587,
    "Actual Total Time": 1590.09,
    "Actual Rows": 1,
    "Actual Loops": 1,
    "Plans": [
      {
        "Node Type": "Hash Join",
        "Parent Relationship": "Outer",
        "Parallel Aware": false,
        "Join Type": "Inner",
        "Startup Cost": 390454.07,
        "Total Cost": 390459.64,
        "Plan Rows": 1,
        "Plan Width": 42,
        "Actual Startup Time": 1543.282,
        "Actual Total Time": 1590.034,
        "Actual Rows": 397,
        "Actual Loops": 1,
        "Inner Unique": true,
        "Hash Cond": "(mi_idx.info_type_id = it2.id)",
        "Plans": [
          {
            "Node Type": "Hash Join",
            "Parent Relationship": "Outer",
            "Parallel Aware": false,
            "Join Type": "Inner",
            "Startup Cost": 390451.64,
            "Total Cost": 390457.16,
            "Plan Rows": 20,
            "Plan Width": 46,
            "Actual Startup Time": 1543.145,
            "Actual Total Time": 1589.796,
            "Actual Rows": 1428,
            "Actual Loops": 1,
            "Inner Unique": false,
            "Hash Cond": "(it1.id = mi.info_type_id)",
            "Plans": [
              {
                "Node Type": "Seq Scan",
                "Parent Relationship": "Outer",
                "Parallel Aware": false,
                "Relation Name": "info_type",
                "Alias": "it1",
                "Startup Cost": 0.0,
                "Total Cost": 2.41,
                "Plan Rows": 1,
                "Plan Width": 4,
                "Actual Startup Time": 0.01,
                "Actual Total Time": 0.018,
                "Actual Rows": 1,
                "Actual Loops": 1,
                "Filter": "((info)::text = 'genres'::text)",
                "Rows Removed by Filter": 112
              },
              {
                "Node Type": "Hash",
                "Parent Relationship": "Inner",
                "Parallel Aware": false,
                "Startup Cost": 390422.68,
                "Total Cost": 390422.68,
                "Plan Rows": 2317,
                "Plan Width": 50,
                "Actual Startup Time": 1543.074,
                "Actual Total Time": 1589.573,
                "Actual Rows": 1428,
                "Actual Loops": 1,
                "Hash Buckets": 4096,
                "Original Hash Buckets": 4096,
                "Hash Batches": 1,
                "Original Hash Batches": 1,
                "Peak Memory Usage": 147,
                "Plans": [
                  {
                    "Node Type": "Hash Join",
                    "Parent Relationship": "Outer",
                    "Parallel Aware": false,
                    "Join Type": "Inner",
                    "Startup Cost": 343051.54,
                    "Total Cost": 390422.68,
                    "Plan Rows": 2317,
                    "Plan Width": 50,
                    "Actual Startup Time": 1536.2,
                    "Actual Total Time": 1589.086,
                    "Actual Rows": 1428,
                    "Actual Loops": 1,
                    "Inner Unique": true,
                    "Hash Cond": "(mc.company_id = cn.id)",
                    "Plans": [
                      {
                        "Node Type": "Hash Join",
                        "Parent Relationship": "Outer",
                        "Parallel Aware": false,
                        "Join Type": "Inner",
                        "Startup Cost": 336044.94,
                        "Total Cost": 383399.44,
                        "Plan Rows": 6337,
                        "Plan Width": 35,
                        "Actual Startup Time": 1475.25,
                        "Actual Total Time": 1526.719,
                        "Actual Rows": 3808,
                        "Actual Loops": 1,
                        "Inner Unique": false,
                        "Hash Cond": "(t.id = mi.movie_id)",
                        "Plans": [
                          {
                            "Node Type": "Hash Join",
                            "Parent Relationship": "Outer",
                            "Parallel Aware": false,
                            "Join Type": "Inner",
                            "Startup Cost": 106329.51,
                            "Total Cost": 106467.12,
                            "Plan Rows": 10880,
                            "Plan Width": 43,
                            "Actual Startup Time": 887.774,
                            "Actual Total Time": 915.705,
                            "Actual Rows": 15644,
                            "Actual Loops": 1,
                            "Inner Unique": false,
                            "Hash Cond": "(ct.id = mc.company_type_id)",
                            "Plans": [
                              {
                                "Node Type": "Seq Scan",
                                "Parent Relationship": "Outer",
                                "Parallel Aware": false,
                                "Relation Name": "company_type",
                                "Alias": "ct",
                                "Startup Cost": 0.0,
                                "Total Cost": 1.05,
                                "Plan Rows": 1,
                                "Plan Width": 4,
                                "Actual Startup Time": 0.02,
                                "Actual Total Time": 0.024,
                                "Actual Rows": 1,
                                "Actual Loops": 1,
                                "Filter": "((kind)::text = 'production companies'::text)",
                                "Rows Removed by Filter": 3
                              },
                              {
                                "Node Type": "Hash",
                                "Parent Relationship": "Inner",
                                "Parallel Aware": false,
                                "Startup Cost": 105785.54,
                                "Total Cost": 105785.54,
                                "Plan Rows": 43518,
                                "Plan Width": 47,
                                "Actual Startup Time": 887.456,
                                "Actual Total Time": 913.008,
                                "Actual Rows": 38393,
                                "Actual Loops": 1,
                                "Hash Buckets": 65536,
                                "Original Hash Buckets": 65536,
                                "Hash Batches": 1,
                                "Original Hash Batches": 1,
                                "Peak Memory Usage": 3484,
                                "Plans": [
                                  {
                                    "Node Type": "Gather",
                                    "Parent Relationship": "Outer",
                                    "Parallel Aware": false,
                                    "Startup Cost": 85612.82,
                                    "Total Cost": 105785.54,
                                    "Plan Rows": 43518,
                                    "Plan Width": 47,
                                    "Actual Startup Time": 759.483,
                                    "Actual Total Time": 905.547,
                                    "Actual Rows": 38393,
                                    "Actual Loops": 1,
                                    "Workers Planned": 2,
                                    "Workers Launched": 2,
                                    "Single Copy": false,
                                    "Plans": [
                                      {
                                        "Node Type": "Hash Join",
                                        "Parent Relationship": "Outer",
                                        "Parallel Aware": true,
                                        "Join Type": "Inner",
                                        "Startup Cost": 84612.82,
                                        "Total Cost": 100433.74,
                                        "Plan Rows": 18132,
                                        "Plan Width": 47,
                                        "Actual Startup Time": 751.561,
                                        "Actual Total Time": 852.114,
                                        "Actual Rows": 12798,
                                        "Actual Loops": 3,
                                        "Inner Unique": true,
                                        "Hash Cond": "(mi_idx.movie_id = t.id)",
                                        "Plans": [
                                          {
                                            "Node Type": "Hash Join",
                                            "Parent Relationship": "Outer",
                                            "Parallel Aware": true,
                                            "Join Type": "Inner",
                                            "Startup Cost": 37727.23,
                                            "Total Cost": 53280.59,
                                            "Plan Rows": 101928,
                                            "Plan Width": 26,
                                            "Actual Startup Time": 494.308,
                                            "Actual Total Time": 580.33,
                                            "Actual Rows": 60279,
                                            "Actual Loops": 3,
                                            "Inner Unique": false,
                                            "Hash Cond": "(mi_idx.movie_id = mc.movie_id)",
                                            "Plans": [
                                              {
                                                "Node Type": "Seq Scan",
                                                "Parent Relationship": "Outer",
                                                "Parallel Aware": true,
                                                "Relation Name": "movie_info_idx",
                                                "Alias": "mi_idx",
                                                "Startup Cost": 0.0,
                                                "Total Cost": 15122.68,
                                                "Plan Rows": 20378,
                                                "Plan Width": 14,
                                                "Actual Startup Time": 0.043,
                                                "Actual Total Time": 57.694,
                                                "Actual Rows": 17543,
                                                "Actual Loops": 3,
                                                "Filter": "(info > '8.0'::text)",
                                                "Rows Removed by Filter": 442469
                                              },
                                              {
                                                "Node Type": "Hash",
                                                "Parent Relationship": "Inner",
                                                "Parallel Aware": true,
                                                "Startup Cost": 27206.55,
                                                "Total Cost": 27206.55,
                                                "Plan Rows": 841655,
                                                "Plan Width": 12,
                                                "Actual Startup Time": 481.865,
                                                "Actual Total Time": 481.866,
                                                "Actual Rows": 869710,
                                                "Actual Loops": 3,
                                                "Hash Buckets": 4194304,
                                                "Original Hash Buckets": 4194304,
                                                "Hash Batches": 1,
                                                "Original Hash Batches": 1,
                                                "Peak Memory Usage": 155232,
                                                "Plans": [
                                                  {
                                                    "Node Type": "Seq Scan",
                                                    "Parent Relationship": "Outer",
                                                    "Parallel Aware": true,
                                                    "Relation Name": "movie_companies",
                                                    "Alias": "mc",
                                                    "Startup Cost": 0.0,
                                                    "Total Cost": 27206.55,
                                                    "Plan Rows": 841655,
                                                    "Plan Width": 12,
                                                    "Actual Startup Time": 0.06,
                                                    "Actual Total Time": 148.93,
                                                    "Actual Rows": 869710,
                                                    "Actual Loops": 3
                                                  }
                                                ]
                                              }
                                            ]
                                          },
                                          {
                                            "Node Type": "Hash",
                                            "Parent Relationship": "Inner",
                                            "Parallel Aware": true,
                                            "Startup Cost": 45479.91,
                                            "Total Cost": 45479.91,
                                            "Plan Rows": 112454,
                                            "Plan Width": 21,
                                            "Actual Startup Time": 254.834,
                                            "Actual Total Time": 254.835,
                                            "Actual Rows": 148620,
                                            "Actual Loops": 3,
                                            "Hash Buckets": 524288,
                                            "Original Hash Buckets": 524288,
                                            "Hash Batches": 1,
                                            "Original Hash Batches": 1,
                                            "Peak Memory Usage": 29024,
                                            "Plans": [
                                              {
                                                "Node Type": "Seq Scan",
                                                "Parent Relationship": "Outer",
                                                "Parallel Aware": true,
                                                "Relation Name": "title",
                                                "Alias": "t",
                                                "Startup Cost": 0.0,
                                                "Total Cost": 45479.91,
                                                "Plan Rows": 112454,
                                                "Plan Width": 21,
                                                "Actual Startup Time": 0.051,
                                                "Actual Total Time": 185.443,
                                                "Actual Rows": 148620,
                                                "Actual Loops": 3,
                                                "Filter": "((production_year >= 2005) AND (production_year <= 2008))",
                                                "Rows Removed by Filter": 694151
                                              }
                                            ]
                                          }
                                        ]
                                      }
                                    ]
                                  }
                                ]
                              }
                            ]
                          },
                          {
                            "Node Type": "Hash",
                            "Parent Relationship": "Inner",
                            "Parallel Aware": false,
                            "Startup Cost": 226431.97,
                            "Total Cost": 226431.97,
                            "Plan Rows": 262677,
                            "Plan Width": 8,
                            "Actual Startup Time": 584.107,
                            "Actual Total Time": 605.048,
                            "Actual Rows": 274644,
                            "Actual Loops": 1,
                            "Hash Buckets": 524288,
                            "Original Hash Buckets": 524288,
                            "Hash Batches": 1,
                            "Original Hash Batches": 1,
                            "Peak Memory Usage": 14825,
                            "Plans": [
                              {
                                "Node Type": "Gather",
                                "Parent Relationship": "Outer",
                                "Parallel Aware": false,
                                "Startup Cost": 1000.0,
                                "Total Cost": 226431.97,
                                "Plan Rows": 262677,
                                "Plan Width": 8,
                                "Actual Startup Time": 355.143,
                                "Actual Total Time": 560.373,
                                "Actual Rows": 274644,
                                "Actual Loops": 1,
                                "Workers Planned": 5,
                                "Workers Launched": 5,
                                "Single Copy": false,
                                "Plans": [
                                  {
                                    "Node Type": "Seq Scan",
                                    "Parent Relationship": "Outer",
                                    "Parallel Aware": true,
                                    "Relation Name": "movie_info",
                                    "Alias": "mi",
                                    "Startup Cost": 0.0,
                                    "Total Cost": 199164.27,
                                    "Plan Rows": 52535,
                                    "Plan Width": 8,
                                    "Actual Startup Time": 345.559,
                                    "Actual Total Time": 548.008,
                                    "Actual Rows": 45774,
                                    "Actual Loops": 6,
                                    "Filter": "(info = ANY ('{Drama,Horror}'::text[]))",
                                    "Rows Removed by Filter": 2426846
                                  }
                                ]
                              }
                            ]
                          }
                        ]
                      },
                      {
                        "Node Type": "Hash",
                        "Parent Relationship": "Inner",
                        "Parallel Aware": false,
                        "Startup Cost": 5932.46,
                        "Total Cost": 5932.46,
                        "Plan Rows": 85931,
                        "Plan Width": 23,
                        "Actual Startup Time": 59.657,
                        "Actual Total Time": 59.658,
                        "Actual Rows": 84843,
                        "Actual Loops": 1,
                        "Hash Buckets": 131072,
                        "Original Hash Buckets": 131072,
                        "Hash Batches": 1,
                        "Original Hash Batches": 1,
                        "Peak Memory Usage": 5810,
                        "Plans": [
                          {
                            "Node Type": "Seq Scan",
                            "Parent Relationship": "Outer",
                            "Parallel Aware": false,
                            "Relation Name": "company_name",
                            "Alias": "cn",
                            "Startup Cost": 0.0,
                            "Total Cost": 5932.46,
                            "Plan Rows": 85931,
                            "Plan Width": 23,
                            "Actual Startup Time": 0.072,
                            "Actual Total Time": 38.535,
                            "Actual Rows": 84843,
                            "Actual Loops": 1,
                            "Filter": "((country_code)::text = '[us]'::text)",
                            "Rows Removed by Filter": 150154
                          }
                        ]
                      }
                    ]
                  }
                ]
              }
            ]
          },
          {
            "Node Type": "Hash",
            "Parent Relationship": "Inner",
            "Parallel Aware": false,
            "Startup Cost": 2.41,
            "Total Cost": 2.41,
            "Plan Rows": 1,
            "Plan Width": 4,
            "Actual Startup Time": 0.068,
            "Actual Total Time": 0.069,
            "Actual Rows": 1,
            "Actual Loops": 1,
            "Hash Buckets": 1024,
            "Original Hash Buckets": 1024,
            "Hash Batches": 1,
            "Original Hash Batches": 1,
            "Peak Memory Usage": 9,
            "Plans": [
              {
                "Node Type": "Seq Scan",
                "Parent Relationship": "Outer",
                "Parallel Aware": false,
                "Relation Name": "info_type",
                "Alias": "it2",
                "Startup Cost": 0.0,
                "Total Cost": 2.41,
                "Plan Rows": 1,
                "Plan Width": 4,
                "Actual Startup Time": 0.053,
                "Actual Total Time": 0.057,
                "Actual Rows": 1,
                "Actual Loops": 1,
                "Filter": "((info)::text = 'rating'::text)",
                "Rows Removed by Filter": 112
              }
            ]
          }
        ]
      }
    ]
  },
  "Planning Time": 14.592,
  "Triggers": [],
  "Execution Time": 1591.665
}