[
  {
    "Plan": {
      "Node Type": "Aggregate",
      "Strategy": "Plain",
      "Partial Mode": "Finalize",
      "Parallel Aware": false,
      "Startup Cost": 36475.08,
      "Total Cost": 36475.09,
      "Plan Rows": 1,
      "Plan Width": 8,
      "Actual Startup Time": 124.431,
      "Actual Total Time": 133.044,
      "Actual Rows": 1,
      "Actual Loops": 1,
      "Plans": [
        {
          "Node Type": "Gather",
          "Parent Relationship": "Outer",
          "Parallel Aware": false,
          "Startup Cost": 36474.76,
          "Total Cost": 36475.07,
          "Plan Rows": 3,
          "Plan Width": 8,
          "Actual Startup Time": 124.194,
          "Actual Total Time": 133.036,
          "Actual Rows": 4,
          "Actual Loops": 1,
          "Workers Planned": 3,
          "Workers Launched": 3,
          "Single Copy": false,
          "Plans": [
            {
              "Node Type": "Aggregate",
              "Strategy": "Plain",
              "Partial Mode": "Partial",
              "Parent Relationship": "Outer",
              "Parallel Aware": false,
              "Startup Cost": 35474.76,
              "Total Cost": 35474.77,
              "Plan Rows": 1,
              "Plan Width": 8,
              "Actual Startup Time": 114.849,
              "Actual Total Time": 114.851,
              "Actual Rows": 1,
              "Actual Loops": 4,
              "Plans": [
                {
                  "Node Type": "Bitmap Heap Scan",
                  "Parent Relationship": "Outer",
                  "Parallel Aware": true,
                  "Relation Name": "movie_keyword",
                  "Alias": "mk",
                  "Startup Cost": 8974.26,
                  "Total Cost": 35133.68,
                  "Plan Rows": 136434,
                  "Plan Width": 0,
                  "Actual Startup Time": 40.804,
                  "Actual Total Time": 108.687,
                  "Actual Rows": 109650,
                  "Actual Loops": 4,
                  "Recheck Cond": "(keyword_id < 339)",
                  "Rows Removed by Index Recheck": 0,
                  "Exact Heap Blocks": 11390,
                  "Lossy Heap Blocks": 0,
                  "Plans": [
                    {
                      "Node Type": "Bitmap Index Scan",
                      "Parent Relationship": "Outer",
                      "Parallel Aware": false,
                      "Index Name": "keyword_id_movie_keyword",
                      "Startup Cost": 0.0,
                      "Total Cost": 8868.52,
                      "Plan Rows": 422945,
                      "Plan Width": 0,
                      "Actual Startup Time": 45.685,
                      "Actual Total Time": 45.686,
                      "Actual Rows": 438602,
                      "Actual Loops": 1,
                      "Index Cond": "(keyword_id < 339)"
                    }
                  ]
                }
              ]
            }
          ]
        }
      ]
    },
    "Planning Time": 0.2,
    "Triggers": [],
    "Execution Time": 133.11
  }
]