[
    {
        "Bao": {
            "Bao prediction": "NaN",
            "Bao recommended hint": "(no hint)"
        }
    },
    {
        "Plan": {
            "Node Type": "Aggregate",
            "Strategy": "Plain",
            "Partial Mode": "Finalize",
            "Parallel Aware": false,
            "Startup Cost": 40143.95,
            "Total Cost": 40143.96,
            "Plan Rows": 1,
            "Plan Width": 8,
            "Actual Startup Time": 128.413,
            "Actual Total Time": 133.972,
            "Actual Rows": 1,
            "Actual Loops": 1,
            "Output": [
                "count(*)"
            ],
            "Plans": [
                {
                    "Node Type": "Gather",
                    "Parent Relationship": "Outer",
                    "Parallel Aware": false,
                    "Startup Cost": 40143.63,
                    "Total Cost": 40143.94,
                    "Plan Rows": 3,
                    "Plan Width": 8,
                    "Actual Startup Time": 128.161,
                    "Actual Total Time": 133.964,
                    "Actual Rows": 4,
                    "Actual Loops": 1,
                    "Output": [
                        "(PARTIAL count(*))"
                    ],
                    "Workers Planned": 3,
                    "Workers Launched": 3,
                    "Single Copy": false,
                    "Plans": [
                        {
                            "Node Type": "Aggregate",
                            "Strategy": "Plain",
                            "Partial Mode": "Partial",
                            "Parent Relationship": "Outer",
                            "Parallel Aware": false,
                            "Startup Cost": 39143.63,
                            "Total Cost": 39143.64,
                            "Plan Rows": 1,
                            "Plan Width": 8,
                            "Actual Startup Time": 119.645,
                            "Actual Total Time": 119.646,
                            "Actual Rows": 1,
                            "Actual Loops": 4,
                            "Output": [
                                "PARTIAL count(*)"
                            ],
                            "Workers": [
                                {
                                    "Worker Number": 0,
                                    "Actual Startup Time": 116.545,
                                    "Actual Total Time": 116.546,
                                    "Actual Rows": 1,
                                    "Actual Loops": 1
                                },
                                {
                                    "Worker Number": 1,
                                    "Actual Startup Time": 116.863,
                                    "Actual Total Time": 116.865,
                                    "Actual Rows": 1,
                                    "Actual Loops": 1
                                },
                                {
                                    "Worker Number": 2,
                                    "Actual Startup Time": 117.39,
                                    "Actual Total Time": 117.391,
                                    "Actual Rows": 1,
                                    "Actual Loops": 1
                                }
                            ],
                            "Plans": [
                                {
                                    "Node Type": "Bitmap Heap Scan",
                                    "Parent Relationship": "Outer",
                                    "Parallel Aware": true,
                                    "Relation Name": "movie_keyword",
                                    "Schema": "public",
                                    "Alias": "mk",
                                    "Startup Cost": 11961.69,
                                    "Total Cost": 38688.98,
                                    "Plan Rows": 181863,
                                    "Plan Width": 0,
                                    "Actual Startup Time": 41.892,
                                    "Actual Total Time": 112.029,
                                    "Actual Rows": 139888,
                                    "Actual Loops": 4,
                                    "Recheck Cond": "(mk.keyword_id > 32885)",
                                    "Rows Removed by Index Recheck": 0,
                                    "Exact Heap Blocks": 9972,
                                    "Lossy Heap Blocks": 0,
                                    "Workers": [
                                        {
                                            "Worker Number": 0,
                                            "Actual Startup Time": 38.846,
                                            "Actual Total Time": 109.656,
                                            "Actual Rows": 109630,
                                            "Actual Loops": 1
                                        },
                                        {
                                            "Worker Number": 1,
                                            "Actual Startup Time": 39.361,
                                            "Actual Total Time": 110.031,
                                            "Actual Rows": 103560,
                                            "Actual Loops": 1
                                        },
                                        {
                                            "Worker Number": 2,
                                            "Actual Startup Time": 39.679,
                                            "Actual Total Time": 110.462,
                                            "Actual Rows": 107300,
                                            "Actual Loops": 1
                                        }
                                    ],
                                    "Plans": [
                                        {
                                            "Node Type": "Bitmap Index Scan",
                                            "Parent Relationship": "Outer",
                                            "Parallel Aware": false,
                                            "Index Name": "keyword_id_movie_keyword",
                                            "Startup Cost": 0.0,
                                            "Total Cost": 11820.75,
                                            "Plan Rows": 563775,
                                            "Plan Width": 0,
                                            "Actual Startup Time": 46.306,
                                            "Actual Total Time": 46.306,
                                            "Actual Rows": 559550,
                                            "Actual Loops": 1,
                                            "Index Cond": "(mk.keyword_id > 32885)"
                                        }
                                    ]
                                }
                            ]
                        }
                    ]
                }
            ]
        },
        "Planning Time": 209.041,
        "Triggers": [],
        "Execution Time": 134.044
    }
]