[
    {
        "Bao": {
            "Bao prediction": 2633.294,
            "Bao recommended hint": "SET enable_nestloop TO off; "
        }
    },
    {
        "Plan": {
            "Node Type": "Aggregate",
            "Strategy": "Plain",
            "Partial Mode": "Finalize",
            "Parallel Aware": false,
            "Startup Cost": 767795.19,
            "Total Cost": 767795.2,
            "Plan Rows": 1,
            "Plan Width": 64,
            "Actual Startup Time": 4291.722,
            "Actual Total Time": 4425.919,
            "Actual Rows": 1,
            "Actual Loops": 1,
            "Output": [
                "min(n.name)",
                "min(t.title)"
            ],
            "Plans": [
                {
                    "Node Type": "Gather",
                    "Parent Relationship": "Outer",
                    "Parallel Aware": false,
                    "Startup Cost": 767794.87,
                    "Total Cost": 767795.18,
                    "Plan Rows": 3,
                    "Plan Width": 64,
                    "Actual Startup Time": 4256.297,
                    "Actual Total Time": 4425.902,
                    "Actual Rows": 4,
                    "Actual Loops": 1,
                    "Output": [
                        "(PARTIAL min(n.name))",
                        "(PARTIAL min(t.title))"
                    ],
                    "Workers Planned": 3,
                    "Workers Launched": 3,
                    "Single Copy": false,
                    "Plans": [
                        {
                            "Node Type": "Aggregate",
                            "Strategy": "Plain",
                            "Partial Mode": "Partial",
                            "Parent Relationship": "Outer",
                            "Parallel Aware": false,
                            "Startup Cost": 766794.87,
                            "Total Cost": 766794.88,
                            "Plan Rows": 1,
                            "Plan Width": 64,
                            "Actual Startup Time": 4244.292,
                            "Actual Total Time": 4246.473,
                            "Actual Rows": 1,
                            "Actual Loops": 4,
                            "Output": [
                                "PARTIAL min(n.name)",
                                "PARTIAL min(t.title)"
                            ],
                            "Workers": [
                                {
                                    "Worker Number": 0,
                                    "Actual Startup Time": 4240.197,
                                    "Actual Total Time": 4240.224,
                                    "Actual Rows": 1,
                                    "Actual Loops": 1
                                },
                                {
                                    "Worker Number": 1,
                                    "Actual Startup Time": 4240.374,
                                    "Actual Total Time": 4240.397,
                                    "Actual Rows": 1,
                                    "Actual Loops": 1
                                },
                                {
                                    "Worker Number": 2,
                                    "Actual Startup Time": 4242.68,
                                    "Actual Total Time": 4242.703,
                                    "Actual Rows": 1,
                                    "Actual Loops": 1
                                }
                            ],
                            "Plans": [
                                {
                                    "Node Type": "Hash Join",
                                    "Parent Relationship": "Outer",
                                    "Parallel Aware": true,
                                    "Join Type": "Inner",
                                    "Startup Cost": 751379.28,
                                    "Total Cost": 766774.36,
                                    "Plan Rows": 4101,
                                    "Plan Width": 32,
                                    "Actual Startup Time": 4126.616,
                                    "Actual Total Time": 4222.818,
                                    "Actual Rows": 305439,
                                    "Actual Loops": 4,
                                    "Output": [
                                        "n.name",
                                        "t.title"
                                    ],
                                    "Inner Unique": false,
                                    "Hash Cond": "(an.person_id = n.id)",
                                    "Workers": [
                                        {
                                            "Worker Number": 0,
                                            "Actual Startup Time": 4122.967,
                                            "Actual Total Time": 4215.75,
                                            "Actual Rows": 282033,
                                            "Actual Loops": 1
                                        },
                                        {
                                            "Worker Number": 1,
                                            "Actual Startup Time": 4123.248,
                                            "Actual Total Time": 4222.991,
                                            "Actual Rows": 242915,
                                            "Actual Loops": 1
                                        },
                                        {
                                            "Worker Number": 2,
                                            "Actual Startup Time": 4123.266,
                                            "Actual Total Time": 4218.284,
                                            "Actual Rows": 352388,
                                            "Actual Loops": 1
                                        }
                                    ],
                                    "Plans": [
                                        {
                                            "Node Type": "Seq Scan",
                                            "Parent Relationship": "Outer",
                                            "Parallel Aware": true,
                                            "Relation Name": "aka_name",
                                            "Schema": "public",
                                            "Alias": "an",
                                            "Startup Cost": 0.0,
                                            "Total Cost": 14303.56,
                                            "Plan Rows": 290756,
                                            "Plan Width": 4,
                                            "Actual Startup Time": 0.028,
                                            "Actual Total Time": 24.912,
                                            "Actual Rows": 225336,
                                            "Actual Loops": 4,
                                            "Output": [
                                                "an.id",
                                                "an.person_id",
                                                "an.name",
                                                "an.imdb_index",
                                                "an.name_pcode_cf",
                                                "an.name_pcode_nf",
                                                "an.surname_pcode",
                                                "an.md5sum"
                                            ],
                                            "Workers": [
                                                {
                                                    "Worker Number": 0,
                                                    "Actual Startup Time": 0.033,
                                                    "Actual Total Time": 25.517,
                                                    "Actual Rows": 226614,
                                                    "Actual Loops": 1
                                                },
                                                {
                                                    "Worker Number": 1,
                                                    "Actual Startup Time": 0.033,
                                                    "Actual Total Time": 29.675,
                                                    "Actual Rows": 270993,
                                                    "Actual Loops": 1
                                                },
                                                {
                                                    "Worker Number": 2,
                                                    "Actual Startup Time": 0.028,
                                                    "Actual Total Time": 23.254,
                                                    "Actual Rows": 211360,
                                                    "Actual Loops": 1
                                                }
                                            ]
                                        },
                                        {
                                            "Node Type": "Hash",
                                            "Parent Relationship": "Inner",
                                            "Parallel Aware": true,
                                            "Startup Cost": 751357.92,
                                            "Total Cost": 751357.92,
                                            "Plan Rows": 1709,
                                            "Plan Width": 40,
                                            "Actual Startup Time": 4124.964,
                                            "Actual Total Time": 4127.144,
                                            "Actual Rows": 135349,
                                            "Actual Loops": 4,
                                            "Output": [
                                                "ci.person_id",
                                                "n.name",
                                                "n.id",
                                                "t.title"
                                            ],
                                            "Hash Buckets": 1048576,
                                            "Original Hash Buckets": 8192,
                                            "Hash Batches": 1,
                                            "Original Hash Batches": 1,
                                            "Peak Memory Usage": 58176,
                                            "Workers": [
                                                {
                                                    "Worker Number": 0,
                                                    "Actual Startup Time": 4122.177,
                                                    "Actual Total Time": 4122.203,
                                                    "Actual Rows": 126302,
                                                    "Actual Loops": 1
                                                },
                                                {
                                                    "Worker Number": 1,
                                                    "Actual Startup Time": 4122.436,
                                                    "Actual Total Time": 4122.458,
                                                    "Actual Rows": 132920,
                                                    "Actual Loops": 1
                                                },
                                                {
                                                    "Worker Number": 2,
                                                    "Actual Startup Time": 4122.378,
                                                    "Actual Total Time": 4122.4,
                                                    "Actual Rows": 158444,
                                                    "Actual Loops": 1
                                                }
                                            ],
                                            "Plans": [
                                                {
                                                    "Node Type": "Hash Join",
                                                    "Parent Relationship": "Outer",
                                                    "Parallel Aware": true,
                                                    "Join Type": "Inner",
                                                    "Startup Cost": 720980.46,
                                                    "Total Cost": 751357.92,
                                                    "Plan Rows": 1709,
                                                    "Plan Width": 40,
                                                    "Actual Startup Time": 3821.002,
                                                    "Actual Total Time": 4043.249,
                                                    "Actual Rows": 135349,
                                                    "Actual Loops": 4,
                                                    "Output": [
                                                        "ci.person_id",
                                                        "n.name",
                                                        "n.id",
                                                        "t.title"
                                                    ],
                                                    "Inner Unique": true,
                                                    "Hash Cond": "(mc.company_id = cn.id)",
                                                    "Workers": [
                                                        {
                                                            "Worker Number": 0,
                                                            "Actual Startup Time": 3818.207,
                                                            "Actual Total Time": 4041.903,
                                                            "Actual Rows": 126302,
                                                            "Actual Loops": 1
                                                        },
                                                        {
                                                            "Worker Number": 1,
                                                            "Actual Startup Time": 3821.815,
                                                            "Actual Total Time": 4041.175,
                                                            "Actual Rows": 132920,
                                                            "Actual Loops": 1
                                                        },
                                                        {
                                                            "Worker Number": 2,
                                                            "Actual Startup Time": 3817.636,
                                                            "Actual Total Time": 4029.268,
                                                            "Actual Rows": 158444,
                                                            "Actual Loops": 1
                                                        }
                                                    ],
                                                    "Plans": [
                                                        {
                                                            "Node Type": "Hash Join",
                                                            "Parent Relationship": "Outer",
                                                            "Parallel Aware": true,
                                                            "Join Type": "Inner",
                                                            "Startup Cost": 715629.44,
                                                            "Total Cost": 745994.56,
                                                            "Plan Rows": 4702,
                                                            "Plan Width": 44,
                                                            "Actual Startup Time": 3789.599,
                                                            "Actual Total Time": 3971.486,
                                                            "Actual Rows": 535159,
                                                            "Actual Loops": 4,
                                                            "Output": [
                                                                "ci.person_id",
                                                                "mc.company_id",
                                                                "n.name",
                                                                "n.id",
                                                                "t.title"
                                                            ],
                                                            "Inner Unique": false,
                                                            "Hash Cond": "(mc.movie_id = t.id)",
                                                            "Workers": [
                                                                {
                                                                    "Worker Number": 0,
                                                                    "Actual Startup Time": 3789.68,
                                                                    "Actual Total Time": 3973.112,
                                                                    "Actual Rows": 546248,
                                                                    "Actual Loops": 1
                                                                },
                                                                {
                                                                    "Worker Number": 1,
                                                                    "Actual Startup Time": 3793.013,
                                                                    "Actual Total Time": 3972.481,
                                                                    "Actual Rows": 529500,
                                                                    "Actual Loops": 1
                                                                },
                                                                {
                                                                    "Worker Number": 2,
                                                                    "Actual Startup Time": 3788.735,
                                                                    "Actual Total Time": 3957.732,
                                                                    "Actual Rows": 553739,
                                                                    "Actual Loops": 1
                                                                }
                                                            ],
                                                            "Plans": [
                                                                {
                                                                    "Node Type": "Seq Scan",
                                                                    "Parent Relationship": "Outer",
                                                                    "Parallel Aware": true,
                                                                    "Relation Name": "movie_companies",
                                                                    "Schema": "public",
                                                                    "Alias": "mc",
                                                                    "Startup Cost": 0.0,
                                                                    "Total Cost": 27206.55,
                                                                    "Plan Rows": 841655,
                                                                    "Plan Width": 8,
                                                                    "Actual Startup Time": 0.023,
                                                                    "Actual Total Time": 55.088,
                                                                    "Actual Rows": 652282,
                                                                    "Actual Loops": 4,
                                                                    "Output": [
                                                                        "mc.id",
                                                                        "mc.movie_id",
                                                                        "mc.company_id",
                                                                        "mc.company_type_id",
                                                                        "mc.note"
                                                                    ],
                                                                    "Workers": [
                                                                        {
                                                                            "Worker Number": 0,
                                                                            "Actual Startup Time": 0.027,
                                                                            "Actual Total Time": 56.564,
                                                                            "Actual Rows": 661740,
                                                                            "Actual Loops": 1
                                                                        },
                                                                        {
                                                                            "Worker Number": 1,
                                                                            "Actual Startup Time": 0.027,
                                                                            "Actual Total Time": 55.311,
                                                                            "Actual Rows": 661452,
                                                                            "Actual Loops": 1
                                                                        },
                                                                        {
                                                                            "Worker Number": 2,
                                                                            "Actual Startup Time": 0.026,
                                                                            "Actual Total Time": 49.631,
                                                                            "Actual Rows": 595178,
                                                                            "Actual Loops": 1
                                                                        }
                                                                    ]
                                                                },
                                                                {
                                                                    "Node Type": "Hash",
                                                                    "Parent Relationship": "Inner",
                                                                    "Parallel Aware": true,
                                                                    "Startup Cost": 715620.57,
                                                                    "Total Cost": 715620.57,
                                                                    "Plan Rows": 710,
                                                                    "Plan Width": 52,
                                                                    "Actual Startup Time": 3786.743,
                                                                    "Actual Total Time": 3788.917,
                                                                    "Actual Rows": 55233,
                                                                    "Actual Loops": 4,
                                                                    "Output": [
                                                                        "ci.movie_id",
                                                                        "ci.person_id",
                                                                        "mi.movie_id",
                                                                        "n.name",
                                                                        "n.id",
                                                                        "t.title",
                                                                        "t.id"
                                                                    ],
                                                                    "Hash Buckets": 262144,
                                                                    "Original Hash Buckets": 4096,
                                                                    "Hash Batches": 1,
                                                                    "Original Hash Batches": 1,
                                                                    "Peak Memory Usage": 24320,
                                                                    "Workers": [
                                                                        {
                                                                            "Worker Number": 0,
                                                                            "Actual Startup Time": 3786.69,
                                                                            "Actual Total Time": 3786.712,
                                                                            "Actual Rows": 50903,
                                                                            "Actual Loops": 1
                                                                        },
                                                                        {
                                                                            "Worker Number": 1,
                                                                            "Actual Startup Time": 3786.782,
                                                                            "Actual Total Time": 3786.799,
                                                                            "Actual Rows": 56095,
                                                                            "Actual Loops": 1
                                                                        },
                                                                        {
                                                                            "Worker Number": 2,
                                                                            "Actual Startup Time": 3786.809,
                                                                            "Actual Total Time": 3786.826,
                                                                            "Actual Rows": 57000,
                                                                            "Actual Loops": 1
                                                                        }
                                                                    ],
                                                                    "Plans": [
                                                                        {
                                                                            "Node Type": "Hash Join",
                                                                            "Parent Relationship": "Outer",
                                                                            "Parallel Aware": true,
                                                                            "Join Type": "Inner",
                                                                            "Startup Cost": 670770.62,
                                                                            "Total Cost": 715620.57,
                                                                            "Plan Rows": 710,
                                                                            "Plan Width": 52,
                                                                            "Actual Startup Time": 3541.738,
                                                                            "Actual Total Time": 3734.294,
                                                                            "Actual Rows": 55233,
                                                                            "Actual Loops": 4,
                                                                            "Output": [
                                                                                "ci.movie_id",
                                                                                "ci.person_id",
                                                                                "mi.movie_id",
                                                                                "n.name",
                                                                                "n.id",
                                                                                "t.title",
                                                                                "t.id"
                                                                            ],
                                                                            "Inner Unique": true,
                                                                            "Hash Cond": "(ci.person_role_id = chn.id)",
                                                                            "Workers": [
                                                                                {
                                                                                    "Worker Number": 0,
                                                                                    "Actual Startup Time": 3541.696,
                                                                                    "Actual Total Time": 3733.939,
                                                                                    "Actual Rows": 50903,
                                                                                    "Actual Loops": 1
                                                                                },
                                                                                {
                                                                                    "Worker Number": 1,
                                                                                    "Actual Startup Time": 3541.678,
                                                                                    "Actual Total Time": 3730.699,
                                                                                    "Actual Rows": 56095,
                                                                                    "Actual Loops": 1
                                                                                },
                                                                                {
                                                                                    "Worker Number": 2,
                                                                                    "Actual Startup Time": 3541.74,
                                                                                    "Actual Total Time": 3729.891,
                                                                                    "Actual Rows": 57000,
                                                                                    "Actual Loops": 1
                                                                                }
                                                                            ],
                                                                            "Plans": [
                                                                                {
                                                                                    "Node Type": "Hash Join",
                                                                                    "Parent Relationship": "Outer",
                                                                                    "Parallel Aware": true,
                                                                                    "Join Type": "Inner",
                                                                                    "Startup Cost": 616657.74,
                                                                                    "Total Cost": 661505.83,
                                                                                    "Plan Rows": 710,
                                                                                    "Plan Width": 56,
                                                                                    "Actual Startup Time": 2978.211,
                                                                                    "Actual Total Time": 3145.715,
                                                                                    "Actual Rows": 63102,
                                                                                    "Actual Loops": 4,
                                                                                    "Output": [
                                                                                        "ci.movie_id",
                                                                                        "ci.person_id",
                                                                                        "ci.person_role_id",
                                                                                        "mi.movie_id",
                                                                                        "n.name",
                                                                                        "n.id",
                                                                                        "t.title",
                                                                                        "t.id"
                                                                                    ],
                                                                                    "Inner Unique": false,
                                                                                    "Hash Cond": "(t.id = mi.movie_id)",
                                                                                    "Workers": [
                                                                                        {
                                                                                            "Worker Number": 0,
                                                                                            "Actual Startup Time": 2978.213,
                                                                                            "Actual Total Time": 3145.796,
                                                                                            "Actual Rows": 56868,
                                                                                            "Actual Loops": 1
                                                                                        },
                                                                                        {
                                                                                            "Worker Number": 1,
                                                                                            "Actual Startup Time": 2978.199,
                                                                                            "Actual Total Time": 3142.984,
                                                                                            "Actual Rows": 64529,
                                                                                            "Actual Loops": 1
                                                                                        },
                                                                                        {
                                                                                            "Worker Number": 2,
                                                                                            "Actual Startup Time": 2978.129,
                                                                                            "Actual Total Time": 3142.468,
                                                                                            "Actual Rows": 64876,
                                                                                            "Actual Loops": 1
                                                                                        }
                                                                                    ],
                                                                                    "Plans": [
                                                                                        {
                                                                                            "Node Type": "Seq Scan",
                                                                                            "Parent Relationship": "Outer",
                                                                                            "Parallel Aware": true,
                                                                                            "Relation Name": "title",
                                                                                            "Schema": "public",
                                                                                            "Alias": "t",
                                                                                            "Startup Cost": 0.0,
                                                                                            "Total Cost": 43899.32,
                                                                                            "Plan Rows": 252626,
                                                                                            "Plan Width": 21,
                                                                                            "Actual Startup Time": 0.038,
                                                                                            "Actual Total Time": 97.25,
                                                                                            "Actual Rows": 253230,
                                                                                            "Actual Loops": 4,
                                                                                            "Output": [
                                                                                                "t.id",
                                                                                                "t.title",
                                                                                                "t.imdb_index",
                                                                                                "t.kind_id",
                                                                                                "t.production_year",
                                                                                                "t.imdb_id",
                                                                                                "t.phonetic_code",
                                                                                                "t.episode_of_id",
                                                                                                "t.season_nr",
                                                                                                "t.episode_nr",
                                                                                                "t.series_years",
                                                                                                "t.md5sum"
                                                                                            ],
                                                                                            "Filter": "(t.production_year > 2005)",
                                                                                            "Rows Removed by Filter": 378848,
                                                                                            "Workers": [
                                                                                                {
                                                                                                    "Worker Number": 0,
                                                                                                    "Actual Startup Time": 0.038,
                                                                                                    "Actual Total Time": 100.055,
                                                                                                    "Actual Rows": 246094,
                                                                                                    "Actual Loops": 1
                                                                                                },
                                                                                                {
                                                                                                    "Worker Number": 1,
                                                                                                    "Actual Startup Time": 0.038,
                                                                                                    "Actual Total Time": 97.025,
                                                                                                    "Actual Rows": 259258,
                                                                                                    "Actual Loops": 1
                                                                                                },
                                                                                                {
                                                                                                    "Worker Number": 2,
                                                                                                    "Actual Startup Time": 0.042,
                                                                                                    "Actual Total Time": 96.791,
                                                                                                    "Actual Rows": 263891,
                                                                                                    "Actual Loops": 1
                                                                                                }
                                                                                            ]
                                                                                        },
                                                                                        {
                                                                                            "Node Type": "Hash",
                                                                                            "Parent Relationship": "Inner",
                                                                                            "Parallel Aware": true,
                                                                                            "Startup Cost": 616639.97,
                                                                                            "Total Cost": 616639.97,
                                                                                            "Plan Rows": 1421,
                                                                                            "Plan Width": 35,
                                                                                            "Actual Startup Time": 2978.002,
                                                                                            "Actual Total Time": 2980.17,
                                                                                            "Actual Rows": 128707,
                                                                                            "Actual Loops": 4,
                                                                                            "Output": [
                                                                                                "ci.movie_id",
                                                                                                "ci.person_id",
                                                                                                "ci.person_role_id",
                                                                                                "mi.movie_id",
                                                                                                "n.name",
                                                                                                "n.id"
                                                                                            ],
                                                                                            "Hash Buckets": 524288,
                                                                                            "Original Hash Buckets": 8192,
                                                                                            "Hash Batches": 1,
                                                                                            "Original Hash Batches": 1,
                                                                                            "Peak Memory Usage": 43808,
                                                                                            "Workers": [
                                                                                                {
                                                                                                    "Worker Number": 0,
                                                                                                    "Actual Startup Time": 2977.929,
                                                                                                    "Actual Total Time": 2977.946,
                                                                                                    "Actual Rows": 122326,
                                                                                                    "Actual Loops": 1
                                                                                                },
                                                                                                {
                                                                                                    "Worker Number": 1,
                                                                                                    "Actual Startup Time": 2978.072,
                                                                                                    "Actual Total Time": 2978.084,
                                                                                                    "Actual Rows": 131596,
                                                                                                    "Actual Loops": 1
                                                                                                },
                                                                                                {
                                                                                                    "Worker Number": 2,
                                                                                                    "Actual Startup Time": 2977.961,
                                                                                                    "Actual Total Time": 2977.973,
                                                                                                    "Actual Rows": 131662,
                                                                                                    "Actual Loops": 1
                                                                                                }
                                                                                            ],
                                                                                            "Plans": [
                                                                                                {
                                                                                                    "Node Type": "Hash Join",
                                                                                                    "Parent Relationship": "Outer",
                                                                                                    "Parallel Aware": true,
                                                                                                    "Join Type": "Inner",
                                                                                                    "Startup Cost": 416767.35,
                                                                                                    "Total Cost": 616639.97,
                                                                                                    "Plan Rows": 1421,
                                                                                                    "Plan Width": 35,
                                                                                                    "Actual Startup Time": 2198.72,
                                                                                                    "Actual Total Time": 2920.613,
                                                                                                    "Actual Rows": 128707,
                                                                                                    "Actual Loops": 4,
                                                                                                    "Output": [
                                                                                                        "ci.movie_id",
                                                                                                        "ci.person_id",
                                                                                                        "ci.person_role_id",
                                                                                                        "mi.movie_id",
                                                                                                        "n.name",
                                                                                                        "n.id"
                                                                                                    ],
                                                                                                    "Inner Unique": false,
                                                                                                    "Hash Cond": "(mi.movie_id = ci.movie_id)",
                                                                                                    "Workers": [
                                                                                                        {
                                                                                                            "Worker Number": 0,
                                                                                                            "Actual Startup Time": 2198.802,
                                                                                                            "Actual Total Time": 2919.348,
                                                                                                            "Actual Rows": 122326,
                                                                                                            "Actual Loops": 1
                                                                                                        },
                                                                                                        {
                                                                                                            "Worker Number": 1,
                                                                                                            "Actual Startup Time": 2198.811,
                                                                                                            "Actual Total Time": 2916.179,
                                                                                                            "Actual Rows": 131596,
                                                                                                            "Actual Loops": 1
                                                                                                        },
                                                                                                        {
                                                                                                            "Worker Number": 2,
                                                                                                            "Actual Startup Time": 2198.532,
                                                                                                            "Actual Total Time": 2918.556,
                                                                                                            "Actual Rows": 131662,
                                                                                                            "Actual Loops": 1
                                                                                                        }
                                                                                                    ],
                                                                                                    "Plans": [
                                                                                                        {
                                                                                                            "Node Type": "Hash Join",
                                                                                                            "Parent Relationship": "Outer",
                                                                                                            "Parallel Aware": false,
                                                                                                            "Join Type": "Inner",
                                                                                                            "Startup Cost": 2.43,
                                                                                                            "Total Cost": 199774.14,
                                                                                                            "Plan Rows": 26276,
                                                                                                            "Plan Width": 4,
                                                                                                            "Actual Startup Time": 227.226,
                                                                                                            "Actual Total Time": 830.393,
                                                                                                            "Actual Rows": 759180,
                                                                                                            "Actual Loops": 4,
                                                                                                            "Output": [
                                                                                                                "mi.movie_id"
                                                                                                            ],
                                                                                                            "Inner Unique": true,
                                                                                                            "Hash Cond": "(mi.info_type_id = it.id)",
                                                                                                            "Workers": [
                                                                                                                {
                                                                                                                    "Worker Number": 0,
                                                                                                                    "Actual Startup Time": 227.24,
                                                                                                                    "Actual Total Time": 831.201,
                                                                                                                    "Actual Rows": 767649,
                                                                                                                    "Actual Loops": 1
                                                                                                                },
                                                                                                                {
                                                                                                                    "Worker Number": 1,
                                                                                                                    "Actual Startup Time": 227.258,
                                                                                                                    "Actual Total Time": 828.565,
                                                                                                                    "Actual Rows": 758671,
                                                                                                                    "Actual Loops": 1
                                                                                                                },
                                                                                                                {
                                                                                                                    "Worker Number": 2,
                                                                                                                    "Actual Startup Time": 227.151,
                                                                                                                    "Actual Total Time": 830.865,
                                                                                                                    "Actual Rows": 761360,
                                                                                                                    "Actual Loops": 1
                                                                                                                }
                                                                                                            ],
                                                                                                            "Plans": [
                                                                                                                {
                                                                                                                    "Node Type": "Seq Scan",
                                                                                                                    "Parent Relationship": "Outer",
                                                                                                                    "Parallel Aware": true,
                                                                                                                    "Relation Name": "movie_info",
                                                                                                                    "Schema": "public",
                                                                                                                    "Alias": "mi",
                                                                                                                    "Startup Cost": 0.0,
                                                                                                                    "Total Cost": 191685.19,
                                                                                                                    "Plan Rows": 2969219,
                                                                                                                    "Plan Width": 8,
                                                                                                                    "Actual Startup Time": 0.072,
                                                                                                                    "Actual Total Time": 527.347,
                                                                                                                    "Actual Rows": 3708930,
                                                                                                                    "Actual Loops": 4,
                                                                                                                    "Output": [
                                                                                                                        "mi.id",
                                                                                                                        "mi.movie_id",
                                                                                                                        "mi.info_type_id",
                                                                                                                        "mi.info",
                                                                                                                        "mi.note"
                                                                                                                    ],
                                                                                                                    "Workers": [
                                                                                                                        {
                                                                                                                            "Worker Number": 0,
                                                                                                                            "Actual Startup Time": 0.099,
                                                                                                                            "Actual Total Time": 523.973,
                                                                                                                            "Actual Rows": 3458624,
                                                                                                                            "Actual Loops": 1
                                                                                                                        },
                                                                                                                        {
                                                                                                                            "Worker Number": 1,
                                                                                                                            "Actual Startup Time": 0.091,
                                                                                                                            "Actual Total Time": 526.679,
                                                                                                                            "Actual Rows": 3926009,
                                                                                                                            "Actual Loops": 1
                                                                                                                        },
                                                                                                                        {
                                                                                                                            "Worker Number": 2,
                                                                                                                            "Actual Startup Time": 0.064,
                                                                                                                            "Actual Total Time": 526.765,
                                                                                                                            "Actual Rows": 3886904,
                                                                                                                            "Actual Loops": 1
                                                                                                                        }
                                                                                                                    ]
                                                                                                                },
                                                                                                                {
                                                                                                                    "Node Type": "Hash",
                                                                                                                    "Parent Relationship": "Inner",
                                                                                                                    "Parallel Aware": false,
                                                                                                                    "Startup Cost": 2.41,
                                                                                                                    "Total Cost": 2.41,
                                                                                                                    "Plan Rows": 1,
                                                                                                                    "Plan Width": 4,
                                                                                                                    "Actual Startup Time": 0.054,
                                                                                                                    "Actual Total Time": 0.056,
                                                                                                                    "Actual Rows": 1,
                                                                                                                    "Actual Loops": 4,
                                                                                                                    "Output": [
                                                                                                                        "it.id"
                                                                                                                    ],
                                                                                                                    "Hash Buckets": 1024,
                                                                                                                    "Original Hash Buckets": 1024,
                                                                                                                    "Hash Batches": 1,
                                                                                                                    "Original Hash Batches": 1,
                                                                                                                    "Peak Memory Usage": 9,
                                                                                                                    "Workers": [
                                                                                                                        {
                                                                                                                            "Worker Number": 0,
                                                                                                                            "Actual Startup Time": 0.065,
                                                                                                                            "Actual Total Time": 0.067,
                                                                                                                            "Actual Rows": 1,
                                                                                                                            "Actual Loops": 1
                                                                                                                        },
                                                                                                                        {
                                                                                                                            "Worker Number": 1,
                                                                                                                            "Actual Startup Time": 0.056,
                                                                                                                            "Actual Total Time": 0.058,
                                                                                                                            "Actual Rows": 1,
                                                                                                                            "Actual Loops": 1
                                                                                                                        },
                                                                                                                        {
                                                                                                                            "Worker Number": 2,
                                                                                                                            "Actual Startup Time": 0.056,
                                                                                                                            "Actual Total Time": 0.058,
                                                                                                                            "Actual Rows": 1,
                                                                                                                            "Actual Loops": 1
                                                                                                                        }
                                                                                                                    ],
                                                                                                                    "Plans": [
                                                                                                                        {
                                                                                                                            "Node Type": "Seq Scan",
                                                                                                                            "Parent Relationship": "Outer",
                                                                                                                            "Parallel Aware": false,
                                                                                                                            "Relation Name": "info_type",
                                                                                                                            "Schema": "public",
                                                                                                                            "Alias": "it",
                                                                                                                            "Startup Cost": 0.0,
                                                                                                                            "Total Cost": 2.41,
                                                                                                                            "Plan Rows": 1,
                                                                                                                            "Plan Width": 4,
                                                                                                                            "Actual Startup Time": 0.039,
                                                                                                                            "Actual Total Time": 0.045,
                                                                                                                            "Actual Rows": 1,
                                                                                                                            "Actual Loops": 4,
                                                                                                                            "Output": [
                                                                                                                                "it.id"
                                                                                                                            ],
                                                                                                                            "Filter": "((it.info)::text = 'release dates'::text)",
                                                                                                                            "Rows Removed by Filter": 112,
                                                                                                                            "Workers": [
                                                                                                                                {
                                                                                                                                    "Worker Number": 0,
                                                                                                                                    "Actual Startup Time": 0.049,
                                                                                                                                    "Actual Total Time": 0.058,
                                                                                                                                    "Actual Rows": 1,
                                                                                                                                    "Actual Loops": 1
                                                                                                                                },
                                                                                                                                {
                                                                                                                                    "Worker Number": 1,
                                                                                                                                    "Actual Startup Time": 0.045,
                                                                                                                                    "Actual Total Time": 0.051,
                                                                                                                                    "Actual Rows": 1,
                                                                                                                                    "Actual Loops": 1
                                                                                                                                },
                                                                                                                                {
                                                                                                                                    "Worker Number": 2,
                                                                                                                                    "Actual Startup Time": 0.041,
                                                                                                                                    "Actual Total Time": 0.049,
                                                                                                                                    "Actual Rows": 1,
                                                                                                                                    "Actual Loops": 1
                                                                                                                                }
                                                                                                                            ]
                                                                                                                        }
                                                                                                                    ]
                                                                                                                }
                                                                                                            ]
                                                                                                        },
                                                                                                        {
                                                                                                            "Node Type": "Hash",
                                                                                                            "Parent Relationship": "Inner",
                                                                                                            "Parallel Aware": true,
                                                                                                            "Startup Cost": 416648.02,
                                                                                                            "Total Cost": 416648.02,
                                                                                                            "Plan Rows": 9353,
                                                                                                            "Plan Width": 31,
                                                                                                            "Actual Startup Time": 1971.115,
                                                                                                            "Actual Total Time": 1973.276,
                                                                                                            "Actual Rows": 70922,
                                                                                                            "Actual Loops": 4,
                                                                                                            "Output": [
                                                                                                                "ci.movie_id",
                                                                                                                "ci.person_id",
                                                                                                                "ci.person_role_id",
                                                                                                                "n.name",
                                                                                                                "n.id"
                                                                                                            ],
                                                                                                            "Hash Buckets": 524288,
                                                                                                            "Original Hash Buckets": 65536,
                                                                                                            "Hash Batches": 1,
                                                                                                            "Original Hash Batches": 1,
                                                                                                            "Peak Memory Usage": 25952,
                                                                                                            "Workers": [
                                                                                                                {
                                                                                                                    "Worker Number": 0,
                                                                                                                    "Actual Startup Time": 1970.897,
                                                                                                                    "Actual Total Time": 1970.908,
                                                                                                                    "Actual Rows": 70480,
                                                                                                                    "Actual Loops": 1
                                                                                                                },
                                                                                                                {
                                                                                                                    "Worker Number": 1,
                                                                                                                    "Actual Startup Time": 1971.21,
                                                                                                                    "Actual Total Time": 1971.217,
                                                                                                                    "Actual Rows": 71853,
                                                                                                                    "Actual Loops": 1
                                                                                                                },
                                                                                                                {
                                                                                                                    "Worker Number": 2,
                                                                                                                    "Actual Startup Time": 1971.094,
                                                                                                                    "Actual Total Time": 1971.099,
                                                                                                                    "Actual Rows": 72316,
                                                                                                                    "Actual Loops": 1
                                                                                                                }
                                                                                                            ],
                                                                                                            "Plans": [
                                                                                                                {
                                                                                                                    "Node Type": "Hash Join",
                                                                                                                    "Parent Relationship": "Outer",
                                                                                                                    "Parallel Aware": false,
                                                                                                                    "Join Type": "Inner",
                                                                                                                    "Startup Cost": 71665.84,
                                                                                                                    "Total Cost": 416648.02,
                                                                                                                    "Plan Rows": 9353,
                                                                                                                    "Plan Width": 31,
                                                                                                                    "Actual Startup Time": 825.575,
                                                                                                                    "Actual Total Time": 1921.956,
                                                                                                                    "Actual Rows": 70922,
                                                                                                                    "Actual Loops": 4,
                                                                                                                    "Output": [
                                                                                                                        "ci.movie_id",
                                                                                                                        "ci.person_id",
                                                                                                                        "ci.person_role_id",
                                                                                                                        "n.name",
                                                                                                                        "n.id"
                                                                                                                    ],
                                                                                                                    "Inner Unique": true,
                                                                                                                    "Hash Cond": "(ci.role_id = rt.id)",
                                                                                                                    "Workers": [
                                                                                                                        {
                                                                                                                            "Worker Number": 0,
                                                                                                                            "Actual Startup Time": 825.644,
                                                                                                                            "Actual Total Time": 1921.731,
                                                                                                                            "Actual Rows": 70480,
                                                                                                                            "Actual Loops": 1
                                                                                                                        },
                                                                                                                        {
                                                                                                                            "Worker Number": 1,
                                                                                                                            "Actual Startup Time": 825.509,
                                                                                                                            "Actual Total Time": 1919.454,
                                                                                                                            "Actual Rows": 71853,
                                                                                                                            "Actual Loops": 1
                                                                                                                        },
                                                                                                                        {
                                                                                                                            "Worker Number": 2,
                                                                                                                            "Actual Startup Time": 825.62,
                                                                                                                            "Actual Total Time": 1921.183,
                                                                                                                            "Actual Rows": 72316,
                                                                                                                            "Actual Loops": 1
                                                                                                                        }
                                                                                                                    ],
                                                                                                                    "Plans": [
                                                                                                                        {
                                                                                                                            "Node Type": "Hash Join",
                                                                                                                            "Parent Relationship": "Outer",
                                                                                                                            "Parallel Aware": true,
                                                                                                                            "Join Type": "Inner",
                                                                                                                            "Startup Cost": 71664.68,
                                                                                                                            "Total Cost": 416248.17,
                                                                                                                            "Plan Rows": 112240,
                                                                                                                            "Plan Width": 35,
                                                                                                                            "Actual Startup Time": 825.471,
                                                                                                                            "Actual Total Time": 1901.537,
                                                                                                                            "Actual Rows": 111532,
                                                                                                                            "Actual Loops": 4,
                                                                                                                            "Output": [
                                                                                                                                "ci.movie_id",
                                                                                                                                "ci.person_id",
                                                                                                                                "ci.role_id",
                                                                                                                                "ci.person_role_id",
                                                                                                                                "n.name",
                                                                                                                                "n.id"
                                                                                                                            ],
                                                                                                                            "Inner Unique": true,
                                                                                                                            "Hash Cond": "(ci.person_id = n.id)",
                                                                                                                            "Workers": [
                                                                                                                                {
                                                                                                                                    "Worker Number": 0,
                                                                                                                                    "Actual Startup Time": 825.546,
                                                                                                                                    "Actual Total Time": 1901.353,
                                                                                                                                    "Actual Rows": 111708,
                                                                                                                                    "Actual Loops": 1
                                                                                                                                },
                                                                                                                                {
                                                                                                                                    "Worker Number": 1,
                                                                                                                                    "Actual Startup Time": 825.399,
                                                                                                                                    "Actual Total Time": 1898.855,
                                                                                                                                    "Actual Rows": 112679,
                                                                                                                                    "Actual Loops": 1
                                                                                                                                },
                                                                                                                                {
                                                                                                                                    "Worker Number": 2,
                                                                                                                                    "Actual Startup Time": 825.496,
                                                                                                                                    "Actual Total Time": 1900.464,
                                                                                                                                    "Actual Rows": 112721,
                                                                                                                                    "Actual Loops": 1
                                                                                                                                }
                                                                                                                            ],
                                                                                                                            "Plans": [
                                                                                                                                {
                                                                                                                                    "Node Type": "Seq Scan",
                                                                                                                                    "Parent Relationship": "Outer",
                                                                                                                                    "Parallel Aware": true,
                                                                                                                                    "Relation Name": "cast_info",
                                                                                                                                    "Schema": "public",
                                                                                                                                    "Alias": "ci",
                                                                                                                                    "Startup Cost": 0.0,
                                                                                                                                    "Total Cost": 343316.27,
                                                                                                                                    "Plan Rows": 482752,
                                                                                                                                    "Plan Width": 16,
                                                                                                                                    "Actual Startup Time": 0.021,
                                                                                                                                    "Actual Total Time": 1395.392,
                                                                                                                                    "Actual Rows": 747288,
                                                                                                                                    "Actual Loops": 4,
                                                                                                                                    "Output": [
                                                                                                                                        "ci.id",
                                                                                                                                        "ci.person_id",
                                                                                                                                        "ci.movie_id",
                                                                                                                                        "ci.person_role_id",
                                                                                                                                        "ci.note",
                                                                                                                                        "ci.nr_order",
                                                                                                                                        "ci.role_id"
                                                                                                                                    ],
                                                                                                                                    "Filter": "(ci.note = ANY ('{(writer),(producer),(voice),\"(archive footage)\"}'::text[]))",
                                                                                                                                    "Rows Removed by Filter": 8313798,
                                                                                                                                    "Workers": [
                                                                                                                                        {
                                                                                                                                            "Worker Number": 0,
                                                                                                                                            "Actual Startup Time": 0.017,
                                                                                                                                            "Actual Total Time": 1397.243,
                                                                                                                                            "Actual Rows": 747756,
                                                                                                                                            "Actual Loops": 1
                                                                                                                                        },
                                                                                                                                        {
                                                                                                                                            "Worker Number": 1,
                                                                                                                                            "Actual Startup Time": 0.019,
                                                                                                                                            "Actual Total Time": 1394.397,
                                                                                                                                            "Actual Rows": 746685,
                                                                                                                                            "Actual Loops": 1
                                                                                                                                        },
                                                                                                                                        {
                                                                                                                                            "Worker Number": 2,
                                                                                                                                            "Actual Startup Time": 0.019,
                                                                                                                                            "Actual Total Time": 1395.533,
                                                                                                                                            "Actual Rows": 751382,
                                                                                                                                            "Actual Loops": 1
                                                                                                                                        }
                                                                                                                                    ]
                                                                                                                                },
                                                                                                                                {
                                                                                                                                    "Node Type": "Hash",
                                                                                                                                    "Parent Relationship": "Inner",
                                                                                                                                    "Parallel Aware": true,
                                                                                                                                    "Startup Cost": 68636.68,
                                                                                                                                    "Total Cost": 68636.68,
                                                                                                                                    "Plan Rows": 242240,
                                                                                                                                    "Plan Width": 19,
                                                                                                                                    "Actual Startup Time": 340.217,
                                                                                                                                    "Actual Total Time": 340.218,
                                                                                                                                    "Actual Rows": 240389,
                                                                                                                                    "Actual Loops": 4,
                                                                                                                                    "Output": [
                                                                                                                                        "n.name",
                                                                                                                                        "n.id"
                                                                                                                                    ],
                                                                                                                                    "Hash Buckets": 1048576,
                                                                                                                                    "Original Hash Buckets": 1048576,
                                                                                                                                    "Hash Batches": 1,
                                                                                                                                    "Original Hash Batches": 1,
                                                                                                                                    "Peak Memory Usage": 60576,
                                                                                                                                    "Workers": [
                                                                                                                                        {
                                                                                                                                            "Worker Number": 0,
                                                                                                                                            "Actual Startup Time": 336.063,
                                                                                                                                            "Actual Total Time": 336.064,
                                                                                                                                            "Actual Rows": 241778,
                                                                                                                                            "Actual Loops": 1
                                                                                                                                        },
                                                                                                                                        {
                                                                                                                                            "Worker Number": 1,
                                                                                                                                            "Actual Startup Time": 341.564,
                                                                                                                                            "Actual Total Time": 341.565,
                                                                                                                                            "Actual Rows": 239904,
                                                                                                                                            "Actual Loops": 1
                                                                                                                                        },
                                                                                                                                        {
                                                                                                                                            "Worker Number": 2,
                                                                                                                                            "Actual Startup Time": 341.668,
                                                                                                                                            "Actual Total Time": 341.668,
                                                                                                                                            "Actual Rows": 240452,
                                                                                                                                            "Actual Loops": 1
                                                                                                                                        }
                                                                                                                                    ],
                                                                                                                                    "Plans": [
                                                                                                                                        {
                                                                                                                                            "Node Type": "Seq Scan",
                                                                                                                                            "Parent Relationship": "Outer",
                                                                                                                                            "Parallel Aware": true,
                                                                                                                                            "Relation Name": "name",
                                                                                                                                            "Schema": "public",
                                                                                                                                            "Alias": "n",
                                                                                                                                            "Startup Cost": 0.0,
                                                                                                                                            "Total Cost": 68636.68,
                                                                                                                                            "Plan Rows": 242240,
                                                                                                                                            "Plan Width": 19,
                                                                                                                                            "Actual Startup Time": 86.949,
                                                                                                                                            "Actual Total Time": 217.281,
                                                                                                                                            "Actual Rows": 240389,
                                                                                                                                            "Actual Loops": 4,
                                                                                                                                            "Output": [
                                                                                                                                                "n.name",
                                                                                                                                                "n.id"
                                                                                                                                            ],
                                                                                                                                            "Filter": "((n.gender)::text = 'f'::text)",
                                                                                                                                            "Rows Removed by Filter": 801484,
                                                                                                                                            "Workers": [
                                                                                                                                                {
                                                                                                                                                    "Worker Number": 0,
                                                                                                                                                    "Actual Startup Time": 87.021,
                                                                                                                                                    "Actual Total Time": 211.313,
                                                                                                                                                    "Actual Rows": 241778,
                                                                                                                                                    "Actual Loops": 1
                                                                                                                                                },
                                                                                                                                                {
                                                                                                                                                    "Worker Number": 1,
                                                                                                                                                    "Actual Startup Time": 86.899,
                                                                                                                                                    "Actual Total Time": 223.692,
                                                                                                                                                    "Actual Rows": 239904,
                                                                                                                                                    "Actual Loops": 1
                                                                                                                                                },
                                                                                                                                                {
                                                                                                                                                    "Worker Number": 2,
                                                                                                                                                    "Actual Startup Time": 86.92,
                                                                                                                                                    "Actual Total Time": 224.438,
                                                                                                                                                    "Actual Rows": 240452,
                                                                                                                                                    "Actual Loops": 1
                                                                                                                                                }
                                                                                                                                            ]
                                                                                                                                        }
                                                                                                                                    ]
                                                                                                                                }
                                                                                                                            ]
                                                                                                                        },
                                                                                                                        {
                                                                                                                            "Node Type": "Hash",
                                                                                                                            "Parent Relationship": "Inner",
                                                                                                                            "Parallel Aware": false,
                                                                                                                            "Startup Cost": 1.15,
                                                                                                                            "Total Cost": 1.15,
                                                                                                                            "Plan Rows": 1,
                                                                                                                            "Plan Width": 4,
                                                                                                                            "Actual Startup Time": 0.067,
                                                                                                                            "Actual Total Time": 0.068,
                                                                                                                            "Actual Rows": 1,
                                                                                                                            "Actual Loops": 4,
                                                                                                                            "Output": [
                                                                                                                                "rt.id"
                                                                                                                            ],
                                                                                                                            "Hash Buckets": 1024,
                                                                                                                            "Original Hash Buckets": 1024,
                                                                                                                            "Hash Batches": 1,
                                                                                                                            "Original Hash Batches": 1,
                                                                                                                            "Peak Memory Usage": 9,
                                                                                                                            "Workers": [
                                                                                                                                {
                                                                                                                                    "Worker Number": 0,
                                                                                                                                    "Actual Startup Time": 0.072,
                                                                                                                                    "Actual Total Time": 0.073,
                                                                                                                                    "Actual Rows": 1,
                                                                                                                                    "Actual Loops": 1
                                                                                                                                },
                                                                                                                                {
                                                                                                                                    "Worker Number": 1,
                                                                                                                                    "Actual Startup Time": 0.071,
                                                                                                                                    "Actual Total Time": 0.072,
                                                                                                                                    "Actual Rows": 1,
                                                                                                                                    "Actual Loops": 1
                                                                                                                                },
                                                                                                                                {
                                                                                                                                    "Worker Number": 2,
                                                                                                                                    "Actual Startup Time": 0.096,
                                                                                                                                    "Actual Total Time": 0.097,
                                                                                                                                    "Actual Rows": 1,
                                                                                                                                    "Actual Loops": 1
                                                                                                                                }
                                                                                                                            ],
                                                                                                                            "Plans": [
                                                                                                                                {
                                                                                                                                    "Node Type": "Seq Scan",
                                                                                                                                    "Parent Relationship": "Outer",
                                                                                                                                    "Parallel Aware": false,
                                                                                                                                    "Relation Name": "role_type",
                                                                                                                                    "Schema": "public",
                                                                                                                                    "Alias": "rt",
                                                                                                                                    "Startup Cost": 0.0,
                                                                                                                                    "Total Cost": 1.15,
                                                                                                                                    "Plan Rows": 1,
                                                                                                                                    "Plan Width": 4,
                                                                                                                                    "Actual Startup Time": 0.053,
                                                                                                                                    "Actual Total Time": 0.056,
                                                                                                                                    "Actual Rows": 1,
                                                                                                                                    "Actual Loops": 4,
                                                                                                                                    "Output": [
                                                                                                                                        "rt.id"
                                                                                                                                    ],
                                                                                                                                    "Filter": "((rt.role)::text = 'actress'::text)",
                                                                                                                                    "Rows Removed by Filter": 11,
                                                                                                                                    "Workers": [
                                                                                                                                        {
                                                                                                                                            "Worker Number": 0,
                                                                                                                                            "Actual Startup Time": 0.059,
                                                                                                                                            "Actual Total Time": 0.061,
                                                                                                                                            "Actual Rows": 1,
                                                                                                                                            "Actual Loops": 1
                                                                                                                                        },
                                                                                                                                        {
                                                                                                                                            "Worker Number": 1,
                                                                                                                                            "Actual Startup Time": 0.055,
                                                                                                                                            "Actual Total Time": 0.058,
                                                                                                                                            "Actual Rows": 1,
                                                                                                                                            "Actual Loops": 1
                                                                                                                                        },
                                                                                                                                        {
                                                                                                                                            "Worker Number": 2,
                                                                                                                                            "Actual Startup Time": 0.08,
                                                                                                                                            "Actual Total Time": 0.083,
                                                                                                                                            "Actual Rows": 1,
                                                                                                                                            "Actual Loops": 1
                                                                                                                                        }
                                                                                                                                    ]
                                                                                                                                }
                                                                                                                            ]
                                                                                                                        }
                                                                                                                    ]
                                                                                                                }
                                                                                                            ]
                                                                                                        }
                                                                                                    ]
                                                                                                }
                                                                                            ]
                                                                                        }
                                                                                    ]
                                                                                },
                                                                                {
                                                                                    "Node Type": "Hash",
                                                                                    "Parent Relationship": "Inner",
                                                                                    "Parallel Aware": true,
                                                                                    "Startup Cost": 44299.06,
                                                                                    "Total Cost": 44299.06,
                                                                                    "Plan Rows": 785106,
                                                                                    "Plan Width": 4,
                                                                                    "Actual Startup Time": 554.113,
                                                                                    "Actual Total Time": 554.114,
                                                                                    "Actual Rows": 785085,
                                                                                    "Actual Loops": 4,
                                                                                    "Output": [
                                                                                        "chn.id"
                                                                                    ],
                                                                                    "Hash Buckets": 4194304,
                                                                                    "Original Hash Buckets": 4194304,
                                                                                    "Hash Batches": 1,
                                                                                    "Original Hash Batches": 1,
                                                                                    "Peak Memory Usage": 155648,
                                                                                    "Workers": [
                                                                                        {
                                                                                            "Worker Number": 0,
                                                                                            "Actual Startup Time": 563.416,
                                                                                            "Actual Total Time": 563.417,
                                                                                            "Actual Rows": 780898,
                                                                                            "Actual Loops": 1
                                                                                        },
                                                                                        {
                                                                                            "Worker Number": 1,
                                                                                            "Actual Startup Time": 563.366,
                                                                                            "Actual Total Time": 563.367,
                                                                                            "Actual Rows": 774534,
                                                                                            "Actual Loops": 1
                                                                                        },
                                                                                        {
                                                                                            "Worker Number": 2,
                                                                                            "Actual Startup Time": 563.377,
                                                                                            "Actual Total Time": 563.378,
                                                                                            "Actual Rows": 779194,
                                                                                            "Actual Loops": 1
                                                                                        }
                                                                                    ],
                                                                                    "Plans": [
                                                                                        {
                                                                                            "Node Type": "Seq Scan",
                                                                                            "Parent Relationship": "Outer",
                                                                                            "Parallel Aware": true,
                                                                                            "Relation Name": "char_name",
                                                                                            "Schema": "public",
                                                                                            "Alias": "chn",
                                                                                            "Startup Cost": 0.0,
                                                                                            "Total Cost": 44299.06,
                                                                                            "Plan Rows": 785106,
                                                                                            "Plan Width": 4,
                                                                                            "Actual Startup Time": 0.059,
                                                                                            "Actual Total Time": 181.108,
                                                                                            "Actual Rows": 785085,
                                                                                            "Actual Loops": 4,
                                                                                            "Output": [
                                                                                                "chn.id"
                                                                                            ],
                                                                                            "Workers": [
                                                                                                {
                                                                                                    "Worker Number": 0,
                                                                                                    "Actual Startup Time": 0.07,
                                                                                                    "Actual Total Time": 181.957,
                                                                                                    "Actual Rows": 780898,
                                                                                                    "Actual Loops": 1
                                                                                                },
                                                                                                {
                                                                                                    "Worker Number": 1,
                                                                                                    "Actual Startup Time": 0.065,
                                                                                                    "Actual Total Time": 181.174,
                                                                                                    "Actual Rows": 774534,
                                                                                                    "Actual Loops": 1
                                                                                                },
                                                                                                {
                                                                                                    "Worker Number": 2,
                                                                                                    "Actual Startup Time": 0.072,
                                                                                                    "Actual Total Time": 181.832,
                                                                                                    "Actual Rows": 779194,
                                                                                                    "Actual Loops": 1
                                                                                                }
                                                                                            ]
                                                                                        }
                                                                                    ]
                                                                                }
                                                                            ]
                                                                        }
                                                                    ]
                                                                }
                                                            ]
                                                        },
                                                        {
                                                            "Node Type": "Hash",
                                                            "Parent Relationship": "Inner",
                                                            "Parallel Aware": true,
                                                            "Startup Cost": 4722.92,
                                                            "Total Cost": 4722.92,
                                                            "Plan Rows": 50248,
                                                            "Plan Width": 4,
                                                            "Actual Startup Time": 30.671,
                                                            "Actual Total Time": 30.672,
                                                            "Actual Rows": 21211,
                                                            "Actual Loops": 4,
                                                            "Output": [
                                                                "cn.id"
                                                            ],
                                                            "Hash Buckets": 131072,
                                                            "Original Hash Buckets": 131072,
                                                            "Hash Batches": 1,
                                                            "Original Hash Batches": 1,
                                                            "Peak Memory Usage": 4448,
                                                            "Workers": [
                                                                {
                                                                    "Worker Number": 0,
                                                                    "Actual Startup Time": 28.47,
                                                                    "Actual Total Time": 28.47,
                                                                    "Actual Rows": 19186,
                                                                    "Actual Loops": 1
                                                                },
                                                                {
                                                                    "Worker Number": 1,
                                                                    "Actual Startup Time": 28.699,
                                                                    "Actual Total Time": 28.7,
                                                                    "Actual Rows": 19737,
                                                                    "Actual Loops": 1
                                                                },
                                                                {
                                                                    "Worker Number": 2,
                                                                    "Actual Startup Time": 28.685,
                                                                    "Actual Total Time": 28.686,
                                                                    "Actual Rows": 19673,
                                                                    "Actual Loops": 1
                                                                }
                                                            ],
                                                            "Plans": [
                                                                {
                                                                    "Node Type": "Seq Scan",
                                                                    "Parent Relationship": "Outer",
                                                                    "Parallel Aware": true,
                                                                    "Relation Name": "company_name",
                                                                    "Schema": "public",
                                                                    "Alias": "cn",
                                                                    "Startup Cost": 0.0,
                                                                    "Total Cost": 4722.92,
                                                                    "Plan Rows": 50248,
                                                                    "Plan Width": 4,
                                                                    "Actual Startup Time": 0.06,
                                                                    "Actual Total Time": 20.008,
                                                                    "Actual Rows": 21211,
                                                                    "Actual Loops": 4,
                                                                    "Output": [
                                                                        "cn.id"
                                                                    ],
                                                                    "Filter": "((cn.country_code)::text = '[us]'::text)",
                                                                    "Rows Removed by Filter": 37538,
                                                                    "Workers": [
                                                                        {
                                                                            "Worker Number": 0,
                                                                            "Actual Startup Time": 0.063,
                                                                            "Actual Total Time": 18.165,
                                                                            "Actual Rows": 19186,
                                                                            "Actual Loops": 1
                                                                        },
                                                                        {
                                                                            "Worker Number": 1,
                                                                            "Actual Startup Time": 0.065,
                                                                            "Actual Total Time": 18.917,
                                                                            "Actual Rows": 19737,
                                                                            "Actual Loops": 1
                                                                        },
                                                                        {
                                                                            "Worker Number": 2,
                                                                            "Actual Startup Time": 0.068,
                                                                            "Actual Total Time": 18.73,
                                                                            "Actual Rows": 19673,
                                                                            "Actual Loops": 1
                                                                        }
                                                                    ]
                                                                }
                                                            ]
                                                        }
                                                    ]
                                                }
                                            ]
                                        }
                                    ]
                                }
                            ]
                        }
                    ]
                }
            ]
        },
        "Planning Time": 1559.404,
        "Triggers": [],
        "Execution Time": 4427.099
    }
]