[
  {
    "Plan": {
      "Node Type": "Aggregate",
      "Strategy": "Plain",
      "Partial Mode": "Finalize",
      "Parallel Aware": false,
      "Startup Cost": 264059.98,
      "Total Cost": 264059.99,
      "Plan Rows": 1,
      "Plan Width": 8,
      "Actual Startup Time": 686.369,
      "Actual Total Time": 705.026,
      "Actual Rows": 1,
      "Actual Loops": 1,
      "Plans": [
        {
          "Node Type": "Gather",
          "Parent Relationship": "Outer",
          "Parallel Aware": false,
          "Startup Cost": 264059.66,
          "Total Cost": 264059.97,
          "Plan Rows": 3,
          "Plan Width": 8,
          "Actual Startup Time": 679.112,
          "Actual Total Time": 705.016,
          "Actual Rows": 4,
          "Actual Loops": 1,
          "Workers Planned": 3,
          "Workers Launched": 3,
          "Single Copy": false,
          "Plans": [
            {
              "Node Type": "Aggregate",
              "Strategy": "Plain",
              "Partial Mode": "Partial",
              "Parent Relationship": "Outer",
              "Parallel Aware": false,
              "Startup Cost": 263059.66,
              "Total Cost": 263059.67,
              "Plan Rows": 1,
              "Plan Width": 8,
              "Actual Startup Time": 665.424,
              "Actual Total Time": 665.431,
              "Actual Rows": 1,
              "Actual Loops": 4,
              "Plans": [
                {
                  "Node Type": "Hash Join",
                  "Parent Relationship": "Outer",
                  "Parallel Aware": true,
                  "Join Type": "Inner",
                  "Startup Cost": 218992.24,
                  "Total Cost": 263000.58,
                  "Plan Rows": 23632,
                  "Plan Width": 0,
                  "Actual Startup Time": 335.886,
                  "Actual Total Time": 595.828,
                  "Actual Rows": 1402718,
                  "Actual Loops": 4,
                  "Inner Unique": false,
                  "Hash Cond": "(mk.movie_id = t.id)",
                  "Plans": [
                    {
                      "Node Type": "Seq Scan",
                      "Parent Relationship": "Outer",
                      "Parallel Aware": true,
                      "Relation Name": "movie_keyword",
                      "Alias": "mk",
                      "Startup Cost": 0.0,
                      "Total Cost": 42695.65,
                      "Plan Rows": 337448,
                      "Plan Width": 4,
                      "Actual Startup Time": 0.038,
                      "Actual Total Time": 105.532,
                      "Actual Rows": 261888,
                      "Actual Loops": 4,
                      "Filter": "(keyword_id < 1044)",
                      "Rows Removed by Filter": 869094
                    },
                    {
                      "Node Type": "Hash",
                      "Parent Relationship": "Inner",
                      "Parallel Aware": true,
                      "Startup Cost": 218549.57,
                      "Total Cost": 218549.57,
                      "Plan Rows": 35414,
                      "Plan Width": 8,
                      "Actual Startup Time": 333.292,
                      "Actual Total Time": 333.297,
                      "Actual Rows": 115024,
                      "Actual Loops": 4,
                      "Hash Buckets": 524288,
                      "Original Hash Buckets": 262144,
                      "Hash Batches": 1,
                      "Original Hash Batches": 1,
                      "Peak Memory Usage": 24192,
                      "Plans": [
                        {
                          "Node Type": "Hash Join",
                          "Parent Relationship": "Outer",
                          "Parallel Aware": true,
                          "Join Type": "Inner",
                          "Startup Cost": 55183.74,
                          "Total Cost": 218549.57,
                          "Plan Rows": 35414,
                          "Plan Width": 8,
                          "Actual Startup Time": 228.744,
                          "Actual Total Time": 290.425,
                          "Actual Rows": 115024,
                          "Actual Loops": 4,
                          "Inner Unique": true,
                          "Hash Cond": "(mi.movie_id = t.id)",
                          "Plans": [
                            {
                              "Node Type": "Bitmap Heap Scan",
                              "Parent Relationship": "Outer",
                              "Parallel Aware": true,
                              "Relation Name": "movie_info",
                              "Alias": "mi",
                              "Startup Cost": 8201.59,
                              "Total Cost": 171329.16,
                              "Plan Rows": 90765,
                              "Plan Width": 4,
                              "Actual Startup Time": 16.114,
                              "Actual Total Time": 36.573,
                              "Actual Rows": 116409,
                              "Actual Loops": 4,
                              "Recheck Cond": "(info_type_id > 103)",
                              "Rows Removed by Index Recheck": 0,
                              "Exact Heap Blocks": 1930,
                              "Lossy Heap Blocks": 0,
                              "Plans": [
                                {
                                  "Node Type": "Bitmap Index Scan",
                                  "Parent Relationship": "Outer",
                                  "Parallel Aware": false,
                                  "Index Name": "info_type_id_movie_info",
                                  "Startup Cost": 0.0,
                                  "Total Cost": 8088.14,
                                  "Plan Rows": 453827,
                                  "Plan Width": 0,
                                  "Actual Startup Time": 15.251,
                                  "Actual Total Time": 15.252,
                                  "Actual Rows": 465636,
                                  "Actual Loops": 1,
                                  "Index Cond": "(info_type_id > 103)"
                                }
                              ]
                            },
                            {
                              "Node Type": "Hash",
                              "Parent Relationship": "Inner",
                              "Parallel Aware": true,
                              "Startup Cost": 43899.32,
                              "Total Cost": 43899.32,
                              "Plan Rows": 246626,
                              "Plan Width": 4,
                              "Actual Startup Time": 208.946,
                              "Actual Total Time": 208.947,
                              "Actual Rows": 246262,
                              "Actual Loops": 4,
                              "Hash Buckets": 1048576,
                              "Original Hash Buckets": 1048576,
                              "Hash Batches": 1,
                              "Original Hash Batches": 1,
                              "Peak Memory Usage": 46784,
                              "Plans": [
                                {
                                  "Node Type": "Seq Scan",
                                  "Parent Relationship": "Outer",
                                  "Parallel Aware": true,
                                  "Relation Name": "title",
                                  "Alias": "t",
                                  "Startup Cost": 0.0,
                                  "Total Cost": 43899.32,
                                  "Plan Rows": 246626,
                                  "Plan Width": 4,
                                  "Actual Startup Time": 0.047,
                                  "Actual Total Time": 116.881,
                                  "Actual Rows": 246262,
                                  "Actual Loops": 4,
                                  "Filter": "(kind_id < 7)",
                                  "Rows Removed by Filter": 385816
                                }
                              ]
                            }
                          ]
                        }
                      ]
                    }
                  ]
                }
              ]
            }
          ]
        }
      ]
    },
    "Planning Time": 1.566,
    "Triggers": [],
    "Execution Time": 705.141
  }
]