[
  {
    "Plan": {
      "Node Type": "Aggregate",
      "Strategy": "Plain",
      "Partial Mode": "Finalize",
      "Parallel Aware": false,
      "Startup Cost": 341705.77,
      "Total Cost": 341705.78,
      "Plan Rows": 1,
      "Plan Width": 8,
      "Actual Startup Time": 1028.47,
      "Actual Total Time": 1079.429,
      "Actual Rows": 1,
      "Actual Loops": 1,
      "Plans": [
        {
          "Node Type": "Gather",
          "Parent Relationship": "Outer",
          "Parallel Aware": false,
          "Startup Cost": 341705.14,
          "Total Cost": 341705.75,
          "Plan Rows": 6,
          "Plan Width": 8,
          "Actual Startup Time": 1028.182,
          "Actual Total Time": 1079.408,
          "Actual Rows": 7,
          "Actual Loops": 1,
          "Workers Planned": 6,
          "Workers Launched": 6,
          "Single Copy": false,
          "Plans": [
            {
              "Node Type": "Aggregate",
              "Strategy": "Plain",
              "Partial Mode": "Partial",
              "Parent Relationship": "Outer",
              "Parallel Aware": false,
              "Startup Cost": 340705.14,
              "Total Cost": 340705.15,
              "Plan Rows": 1,
              "Plan Width": 8,
              "Actual Startup Time": 1017.728,
              "Actual Total Time": 1017.73,
              "Actual Rows": 1,
              "Actual Loops": 7,
              "Plans": [
                {
                  "Node Type": "Seq Scan",
                  "Parent Relationship": "Outer",
                  "Parallel Aware": true,
                  "Relation Name": "cast_info",
                  "Alias": "ci",
                  "Startup Cost": 0.0,
                  "Total Cost": 328211.39,
                  "Plan Rows": 4997501,
                  "Plan Width": 0,
                  "Actual Startup Time": 0.063,
                  "Actual Total Time": 761.662,
                  "Actual Rows": 4291356,
                  "Actual Loops": 7,
                  "Filter": "(person_id < 3030609)",
                  "Rows Removed by Filter": 886407
                }
              ]
            }
          ]
        }
      ]
    },
    "Planning Time": 0.261,
    "Triggers": [],
    "Execution Time": 1079.484
  }
]