{
  "Plan": {
    "Node Type": "Aggregate",
    "Strategy": "Plain",
    "Partial Mode": "Finalize",
    "Parallel Aware": false,
    "Startup Cost": 441674.39,
    "Total Cost": 441674.4,
    "Plan Rows": 1,
    "Plan Width": 8,
    "Actual Startup Time": 736.821,
    "Actual Total Time": 753.601,
    "Actual Rows": 1,
    "Actual Loops": 1,
    "Plans": [
      {
        "Node Type": "Gather",
        "Parent Relationship": "Outer",
        "Parallel Aware": false,
        "Startup Cost": 441674.27,
        "Total Cost": 441674.38,
        "Plan Rows": 1,
        "Plan Width": 8,
        "Actual Startup Time": 736.525,
        "Actual Total Time": 753.593,
        "Actual Rows": 2,
        "Actual Loops": 1,
        "Workers Planned": 1,
        "Workers Launched": 1,
        "Single Copy": false,
        "Plans": [
          {
            "Node Type": "Aggregate",
            "Strategy": "Plain",
            "Partial Mode": "Partial",
            "Parent Relationship": "Outer",
            "Parallel Aware": false,
            "Startup Cost": 440674.27,
            "Total Cost": 440674.28,
            "Plan Rows": 1,
            "Plan Width": 8,
            "Actual Startup Time": 730.844,
            "Actual Total Time": 730.848,
            "Actual Rows": 1,
            "Actual Loops": 2,
            "Plans": [
              {
                "Node Type": "Hash Join",
                "Parent Relationship": "Outer",
                "Parallel Aware": true,
                "Join Type": "Inner",
                "Startup Cost": 150757.41,
                "Total Cost": 440620.24,
                "Plan Rows": 21614,
                "Plan Width": 0,
                "Actual Startup Time": 303.508,
                "Actual Total Time": 729.677,
                "Actual Rows": 21534,
                "Actual Loops": 2,
                "Inner Unique": true,
                "Hash Cond": "(ci.movie_id = t.id)",
                "Plans": [
                  {
                    "Node Type": "Bitmap Heap Scan",
                    "Parent Relationship": "Outer",
                    "Parallel Aware": true,
                    "Relation Name": "cast_info",
                    "Alias": "ci",
                    "Startup Cost": 92287.47,
                    "Total Cost": 375698.28,
                    "Plan Rows": 2457905,
                    "Plan Width": 4,
                    "Actual Startup Time": 173.533,
                    "Actual Total Time": 387.007,
                    "Actual Rows": 2146611,
                    "Actual Loops": 2,
                    "Recheck Cond": "(person_id < 413770)",
                    "Rows Removed by Index Recheck": 0,
                    "Exact Heap Blocks": 24694,
                    "Lossy Heap Blocks": 0,
                    "Plans": [
                      {
                        "Node Type": "Bitmap Index Scan",
                        "Parent Relationship": "Outer",
                        "Parallel Aware": false,
                        "Index Name": "person_id_cast_info",
                        "Startup Cost": 0.0,
                        "Total Cost": 91242.86,
                        "Plan Rows": 4178439,
                        "Plan Width": 0,
                        "Actual Startup Time": 166.25,
                        "Actual Total Time": 166.25,
                        "Actual Rows": 4293222,
                        "Actual Loops": 1,
                        "Index Cond": "(person_id < 413770)"
                      }
                    ]
                  },
                  {
                    "Node Type": "Hash",
                    "Parent Relationship": "Inner",
                    "Parallel Aware": true,
                    "Startup Cost": 58306.47,
                    "Total Cost": 58306.47,
                    "Plan Rows": 13078,
                    "Plan Width": 4,
                    "Actual Startup Time": 129.0,
                    "Actual Total Time": 129.001,
                    "Actual Rows": 12150,
                    "Actual Loops": 2,
                    "Hash Buckets": 32768,
                    "Original Hash Buckets": 32768,
                    "Hash Batches": 1,
                    "Original Hash Batches": 1,
                    "Peak Memory Usage": 1216,
                    "Plans": [
                      {
                        "Node Type": "Seq Scan",
                        "Parent Relationship": "Outer",
                        "Parallel Aware": true,
                        "Relation Name": "title",
                        "Alias": "t",
                        "Startup Cost": 0.0,
                        "Total Cost": 58306.47,
                        "Plan Rows": 13078,
                        "Plan Width": 4,
                        "Actual Startup Time": 0.037,
                        "Actual Total Time": 125.25,
                        "Actual Rows": 12150,
                        "Actual Loops": 2,
                        "Filter": "((kind_id = 7) AND (production_year = 1996))",
                        "Rows Removed by Filter": 1252006
                      }
                    ]
                  }
                ]
              }
            ]
          }
        ]
      }
    ]
  },
  "Planning Time": 0.186,
  "Triggers": [],
  "Execution Time": 753.647
}