[
    {
        "Bao": {
            "Bao prediction": "NaN",
            "Bao recommended hint": "(no hint)"
        }
    },
    {
        "Plan": {
            "Node Type": "Aggregate",
            "Strategy": "Plain",
            "Partial Mode": "Finalize",
            "Parallel Aware": false,
            "Startup Cost": 187732.67,
            "Total Cost": 187732.68,
            "Plan Rows": 1,
            "Plan Width": 8,
            "Actual Startup Time": 139.848,
            "Actual Total Time": 145.643,
            "Actual Rows": 1,
            "Actual Loops": 1,
            "Output": [
                "count(*)"
            ],
            "Plans": [
                {
                    "Node Type": "Gather",
                    "Parent Relationship": "Outer",
                    "Parallel Aware": false,
                    "Startup Cost": 187732.15,
                    "Total Cost": 187732.66,
                    "Plan Rows": 5,
                    "Plan Width": 8,
                    "Actual Startup Time": 139.083,
                    "Actual Total Time": 145.635,
                    "Actual Rows": 6,
                    "Actual Loops": 1,
                    "Output": [
                        "(PARTIAL count(*))"
                    ],
                    "Workers Planned": 5,
                    "Workers Launched": 5,
                    "Single Copy": false,
                    "Plans": [
                        {
                            "Node Type": "Aggregate",
                            "Strategy": "Plain",
                            "Partial Mode": "Partial",
                            "Parent Relationship": "Outer",
                            "Parallel Aware": false,
                            "Startup Cost": 186732.15,
                            "Total Cost": 186732.16,
                            "Plan Rows": 1,
                            "Plan Width": 8,
                            "Actual Startup Time": 128.96,
                            "Actual Total Time": 128.961,
                            "Actual Rows": 1,
                            "Actual Loops": 6,
                            "Output": [
                                "PARTIAL count(*)"
                            ],
                            "Workers": [
                                {
                                    "Worker Number": 0,
                                    "Actual Startup Time": 126.186,
                                    "Actual Total Time": 126.188,
                                    "Actual Rows": 1,
                                    "Actual Loops": 1
                                },
                                {
                                    "Worker Number": 1,
                                    "Actual Startup Time": 126.88,
                                    "Actual Total Time": 126.882,
                                    "Actual Rows": 1,
                                    "Actual Loops": 1
                                },
                                {
                                    "Worker Number": 2,
                                    "Actual Startup Time": 127.167,
                                    "Actual Total Time": 127.169,
                                    "Actual Rows": 1,
                                    "Actual Loops": 1
                                },
                                {
                                    "Worker Number": 3,
                                    "Actual Startup Time": 127.165,
                                    "Actual Total Time": 127.167,
                                    "Actual Rows": 1,
                                    "Actual Loops": 1
                                },
                                {
                                    "Worker Number": 4,
                                    "Actual Startup Time": 127.648,
                                    "Actual Total Time": 127.65,
                                    "Actual Rows": 1,
                                    "Actual Loops": 1
                                }
                            ],
                            "Plans": [
                                {
                                    "Node Type": "Bitmap Heap Scan",
                                    "Parent Relationship": "Outer",
                                    "Parallel Aware": true,
                                    "Relation Name": "movie_info",
                                    "Schema": "public",
                                    "Alias": "mi",
                                    "Startup Cost": 21227.69,
                                    "Total Cost": 186146.91,
                                    "Plan Rows": 234097,
                                    "Plan Width": 0,
                                    "Actual Startup Time": 40.67,
                                    "Actual Total Time": 116.813,
                                    "Actual Rows": 195438,
                                    "Actual Loops": 6,
                                    "Recheck Cond": "(mi.info_type_id > 45)",
                                    "Rows Removed by Index Recheck": 0,
                                    "Exact Heap Blocks": 11113,
                                    "Lossy Heap Blocks": 0,
                                    "Workers": [
                                        {
                                            "Worker Number": 0,
                                            "Actual Startup Time": 37.836,
                                            "Actual Total Time": 114.398,
                                            "Actual Rows": 133765,
                                            "Actual Loops": 1
                                        },
                                        {
                                            "Worker Number": 1,
                                            "Actual Startup Time": 38.51,
                                            "Actual Total Time": 115.884,
                                            "Actual Rows": 159469,
                                            "Actual Loops": 1
                                        },
                                        {
                                            "Worker Number": 2,
                                            "Actual Startup Time": 38.923,
                                            "Actual Total Time": 116.146,
                                            "Actual Rows": 159059,
                                            "Actual Loops": 1
                                        },
                                        {
                                            "Worker Number": 3,
                                            "Actual Startup Time": 39.275,
                                            "Actual Total Time": 116.084,
                                            "Actual Rows": 160138,
                                            "Actual Loops": 1
                                        },
                                        {
                                            "Worker Number": 4,
                                            "Actual Startup Time": 39.428,
                                            "Actual Total Time": 116.183,
                                            "Actual Rows": 164379,
                                            "Actual Loops": 1
                                        }
                                    ],
                                    "Plans": [
                                        {
                                            "Node Type": "Bitmap Index Scan",
                                            "Parent Relationship": "Outer",
                                            "Parallel Aware": false,
                                            "Index Name": "info_type_id_movie_info",
                                            "Startup Cost": 0.0,
                                            "Total Cost": 20935.07,
                                            "Plan Rows": 1170485,
                                            "Plan Width": 0,
                                            "Actual Startup Time": 44.625,
                                            "Actual Total Time": 44.626,
                                            "Actual Rows": 1172630,
                                            "Actual Loops": 1,
                                            "Index Cond": "(mi.info_type_id > 45)"
                                        }
                                    ]
                                }
                            ]
                        }
                    ]
                }
            ]
        },
        "Planning Time": 190.128,
        "Triggers": [],
        "Execution Time": 145.705
    }
]