[
  {
    "Plan": {
      "Node Type": "Aggregate",
      "Strategy": "Plain",
      "Partial Mode": "Finalize",
      "Parallel Aware": false,
      "Startup Cost": 91689.59,
      "Total Cost": 91689.6,
      "Plan Rows": 1,
      "Plan Width": 8,
      "Actual Startup Time": 637.353,
      "Actual Total Time": 658.024,
      "Actual Rows": 1,
      "Actual Loops": 1,
      "Plans": [
        {
          "Node Type": "Gather",
          "Parent Relationship": "Outer",
          "Parallel Aware": false,
          "Startup Cost": 91689.38,
          "Total Cost": 91689.59,
          "Plan Rows": 2,
          "Plan Width": 8,
          "Actual Startup Time": 628.816,
          "Actual Total Time": 658.019,
          "Actual Rows": 3,
          "Actual Loops": 1,
          "Workers Planned": 2,
          "Workers Launched": 2,
          "Single Copy": false,
          "Plans": [
            {
              "Node Type": "Aggregate",
              "Strategy": "Plain",
              "Partial Mode": "Partial",
              "Parent Relationship": "Outer",
              "Parallel Aware": false,
              "Startup Cost": 90689.38,
              "Total Cost": 90689.39,
              "Plan Rows": 1,
              "Plan Width": 8,
              "Actual Startup Time": 615.423,
              "Actual Total Time": 615.429,
              "Actual Rows": 1,
              "Actual Loops": 3,
              "Plans": [
                {
                  "Node Type": "Hash Join",
                  "Parent Relationship": "Outer",
                  "Parallel Aware": true,
                  "Join Type": "Inner",
                  "Startup Cost": 74721.56,
                  "Total Cost": 90634.2,
                  "Plan Rows": 22070,
                  "Plan Width": 0,
                  "Actual Startup Time": 524.369,
                  "Actual Total Time": 612.354,
                  "Actual Rows": 74476,
                  "Actual Loops": 3,
                  "Inner Unique": false,
                  "Hash Cond": "(mi_idx.movie_id = t.id)",
                  "Plans": [
                    {
                      "Node Type": "Seq Scan",
                      "Parent Relationship": "Outer",
                      "Parallel Aware": true,
                      "Relation Name": "movie_info_idx",
                      "Alias": "mi_idx",
                      "Startup Cost": 0.0,
                      "Total Cost": 13685.15,
                      "Plan Rows": 575015,
                      "Plan Width": 4,
                      "Actual Startup Time": 0.02,
                      "Actual Total Time": 37.786,
                      "Actual Rows": 460012,
                      "Actual Loops": 3
                    },
                    {
                      "Node Type": "Hash",
                      "Parent Relationship": "Inner",
                      "Parallel Aware": true,
                      "Startup Cost": 74330.25,
                      "Total Cost": 74330.25,
                      "Plan Rows": 31305,
                      "Plan Width": 8,
                      "Actual Startup Time": 523.222,
                      "Actual Total Time": 523.227,
                      "Actual Rows": 50971,
                      "Actual Loops": 3,
                      "Hash Buckets": 262144,
                      "Original Hash Buckets": 131072,
                      "Hash Batches": 1,
                      "Original Hash Batches": 1,
                      "Peak Memory Usage": 9088,
                      "Plans": [
                        {
                          "Node Type": "Hash Join",
                          "Parent Relationship": "Outer",
                          "Parallel Aware": true,
                          "Join Type": "Inner",
                          "Startup Cost": 54497.68,
                          "Total Cost": 74330.25,
                          "Plan Rows": 31305,
                          "Plan Width": 8,
                          "Actual Startup Time": 437.972,
                          "Actual Total Time": 500.25,
                          "Actual Rows": 50971,
                          "Actual Loops": 3,
                          "Inner Unique": true,
                          "Hash Cond": "(mc.movie_id = t.id)",
                          "Plans": [
                            {
                              "Node Type": "Bitmap Heap Scan",
                              "Parent Relationship": "Outer",
                              "Parallel Aware": true,
                              "Relation Name": "movie_companies",
                              "Alias": "mc",
                              "Startup Cost": 4277.3,
                              "Total Cost": 24027.69,
                              "Plan Rows": 31305,
                              "Plan Width": 4,
                              "Actual Startup Time": 11.131,
                              "Actual Total Time": 39.82,
                              "Actual Rows": 50971,
                              "Actual Loops": 3,
                              "Recheck Cond": "(company_id < 52)",
                              "Rows Removed by Index Recheck": 0,
                              "Filter": "(company_type_id < 2)",
                              "Rows Removed by Filter": 13041,
                              "Exact Heap Blocks": 6584,
                              "Lossy Heap Blocks": 0,
                              "Plans": [
                                {
                                  "Node Type": "Bitmap Index Scan",
                                  "Parent Relationship": "Outer",
                                  "Parallel Aware": false,
                                  "Index Name": "company_id_movie_companies",
                                  "Startup Cost": 0.0,
                                  "Total Cost": 4253.04,
                                  "Plan Rows": 198481,
                                  "Plan Width": 0,
                                  "Actual Startup Time": 9.01,
                                  "Actual Total Time": 9.011,
                                  "Actual Rows": 192038,
                                  "Actual Loops": 1,
                                  "Index Cond": "(company_id < 52)"
                                }
                              ]
                            },
                            {
                              "Node Type": "Hash",
                              "Parent Relationship": "Inner",
                              "Parallel Aware": true,
                              "Startup Cost": 42319.06,
                              "Total Cost": 42319.06,
                              "Plan Rows": 632106,
                              "Plan Width": 4,
                              "Actual Startup Time": 415.753,
                              "Actual Total Time": 415.754,
                              "Actual Rows": 842771,
                              "Actual Loops": 3,
                              "Hash Buckets": 4194304,
                              "Original Hash Buckets": 4194304,
                              "Hash Batches": 1,
                              "Original Hash Batches": 1,
                              "Peak Memory Usage": 131712,
                              "Plans": [
                                {
                                  "Node Type": "Seq Scan",
                                  "Parent Relationship": "Outer",
                                  "Parallel Aware": true,
                                  "Relation Name": "title",
                                  "Alias": "t",
                                  "Startup Cost": 0.0,
                                  "Total Cost": 42319.06,
                                  "Plan Rows": 632106,
                                  "Plan Width": 4,
                                  "Actual Startup Time": 0.049,
                                  "Actual Total Time": 116.003,
                                  "Actual Rows": 842771,
                                  "Actual Loops": 3
                                }
                              ]
                            }
                          ]
                        }
                      ]
                    }
                  ]
                }
              ]
            }
          ]
        }
      ]
    },
    "Planning Time": 0.716,
    "Triggers": [],
    "Execution Time": 658.08
  }
]