[
  {
    "Plan": {
      "Node Type": "Aggregate",
      "Strategy": "Plain",
      "Partial Mode": "Finalize",
      "Parallel Aware": false,
      "Startup Cost": 83585.32,
      "Total Cost": 83585.33,
      "Plan Rows": 1,
      "Plan Width": 8,
      "Actual Startup Time": 346.018,
      "Actual Total Time": 362.899,
      "Actual Rows": 1,
      "Actual Loops": 1,
      "Plans": [
        {
          "Node Type": "Gather",
          "Parent Relationship": "Outer",
          "Parallel Aware": false,
          "Startup Cost": 83584.9,
          "Total Cost": 83585.31,
          "Plan Rows": 4,
          "Plan Width": 8,
          "Actual Startup Time": 343.936,
          "Actual Total Time": 362.891,
          "Actual Rows": 5,
          "Actual Loops": 1,
          "Workers Planned": 4,
          "Workers Launched": 4,
          "Single Copy": false,
          "Plans": [
            {
              "Node Type": "Aggregate",
              "Strategy": "Plain",
              "Partial Mode": "Partial",
              "Parent Relationship": "Outer",
              "Parallel Aware": false,
              "Startup Cost": 82584.9,
              "Total Cost": 82584.91,
              "Plan Rows": 1,
              "Plan Width": 8,
              "Actual Startup Time": 333.499,
              "Actual Total Time": 333.504,
              "Actual Rows": 1,
              "Actual Loops": 5,
              "Plans": [
                {
                  "Node Type": "Nested Loop",
                  "Parent Relationship": "Outer",
                  "Parallel Aware": false,
                  "Join Type": "Inner",
                  "Startup Cost": 24291.95,
                  "Total Cost": 82552.34,
                  "Plan Rows": 13024,
                  "Plan Width": 0,
                  "Actual Startup Time": 82.844,
                  "Actual Total Time": 330.923,
                  "Actual Rows": 44686,
                  "Actual Loops": 5,
                  "Inner Unique": false,
                  "Plans": [
                    {
                      "Node Type": "Hash Join",
                      "Parent Relationship": "Outer",
                      "Parallel Aware": true,
                      "Join Type": "Inner",
                      "Startup Cost": 24291.52,
                      "Total Cost": 69847.59,
                      "Plan Rows": 23862,
                      "Plan Width": 8,
                      "Actual Startup Time": 82.727,
                      "Actual Total Time": 235.366,
                      "Actual Rows": 30583,
                      "Actual Loops": 5,
                      "Inner Unique": false,
                      "Hash Cond": "(t.id = mc.movie_id)",
                      "Plans": [
                        {
                          "Node Type": "Seq Scan",
                          "Parent Relationship": "Outer",
                          "Parallel Aware": true,
                          "Relation Name": "title",
                          "Alias": "t",
                          "Startup Cost": 0.0,
                          "Total Cost": 42318.73,
                          "Plan Rows": 632073,
                          "Plan Width": 4,
                          "Actual Startup Time": 0.01,
                          "Actual Total Time": 68.314,
                          "Actual Rows": 505662,
                          "Actual Loops": 5
                        },
                        {
                          "Node Type": "Hash",
                          "Parent Relationship": "Inner",
                          "Parallel Aware": true,
                          "Startup Cost": 23906.66,
                          "Total Cost": 23906.66,
                          "Plan Rows": 30789,
                          "Plan Width": 4,
                          "Actual Startup Time": 81.224,
                          "Actual Total Time": 81.226,
                          "Actual Rows": 30583,
                          "Actual Loops": 5,
                          "Hash Buckets": 262144,
                          "Original Hash Buckets": 131072,
                          "Hash Batches": 1,
                          "Original Hash Batches": 1,
                          "Peak Memory Usage": 9152,
                          "Plans": [
                            {
                              "Node Type": "Bitmap Heap Scan",
                              "Parent Relationship": "Outer",
                              "Parallel Aware": true,
                              "Relation Name": "movie_companies",
                              "Alias": "mc",
                              "Startup Cost": 4178.47,
                              "Total Cost": 23906.66,
                              "Plan Rows": 30789,
                              "Plan Width": 4,
                              "Actual Startup Time": 22.58,
                              "Actual Total Time": 61.791,
                              "Actual Rows": 30583,
                              "Actual Loops": 5,
                              "Recheck Cond": "(company_id < 52)",
                              "Rows Removed by Index Recheck": 0,
                              "Filter": "(company_type_id < 2)",
                              "Rows Removed by Filter": 7825,
                              "Exact Heap Blocks": 5356,
                              "Lossy Heap Blocks": 0,
                              "Plans": [
                                {
                                  "Node Type": "Bitmap Index Scan",
                                  "Parent Relationship": "Outer",
                                  "Parallel Aware": false,
                                  "Index Name": "company_id_movie_companies",
                                  "Startup Cost": 0.0,
                                  "Total Cost": 4154.61,
                                  "Plan Rows": 193891,
                                  "Plan Width": 0,
                                  "Actual Startup Time": 23.512,
                                  "Actual Total Time": 23.513,
                                  "Actual Rows": 192038,
                                  "Actual Loops": 1,
                                  "Index Cond": "(company_id < 52)"
                                }
                              ]
                            }
                          ]
                        }
                      ]
                    },
                    {
                      "Node Type": "Index Only Scan",
                      "Parent Relationship": "Inner",
                      "Parallel Aware": false,
                      "Scan Direction": "Forward",
                      "Index Name": "movie_id_movie_info_idx",
                      "Relation Name": "movie_info_idx",
                      "Alias": "mi_idx",
                      "Startup Cost": 0.43,
                      "Total Cost": 0.5,
                      "Plan Rows": 3,
                      "Plan Width": 4,
                      "Actual Startup Time": 0.003,
                      "Actual Total Time": 0.003,
                      "Actual Rows": 1,
                      "Actual Loops": 152914,
                      "Index Cond": "(movie_id = t.id)",
                      "Rows Removed by Index Recheck": 0,
                      "Heap Fetches": 223428
                    }
                  ]
                }
              ]
            }
          ]
        }
      ]
    },
    "Planning Time": 1.404,
    "Triggers": [],
    "Execution Time": 363.021
  }
]