[
    {
        "Bao": {
            "Bao prediction": "NaN",
            "Bao recommended hint": "(no hint)"
        }
    },
    {
        "Plan": {
            "Node Type": "Aggregate",
            "Strategy": "Plain",
            "Partial Mode": "Finalize",
            "Parallel Aware": false,
            "Startup Cost": 216280.86,
            "Total Cost": 216280.87,
            "Plan Rows": 1,
            "Plan Width": 8,
            "Actual Startup Time": 219.964,
            "Actual Total Time": 229.9,
            "Actual Rows": 1,
            "Actual Loops": 1,
            "Output": [
                "count(*)"
            ],
            "Plans": [
                {
                    "Node Type": "Gather",
                    "Parent Relationship": "Outer",
                    "Parallel Aware": false,
                    "Startup Cost": 216280.34,
                    "Total Cost": 216280.85,
                    "Plan Rows": 5,
                    "Plan Width": 8,
                    "Actual Startup Time": 212.168,
                    "Actual Total Time": 229.891,
                    "Actual Rows": 6,
                    "Actual Loops": 1,
                    "Output": [
                        "(PARTIAL count(*))"
                    ],
                    "Workers Planned": 5,
                    "Workers Launched": 5,
                    "Single Copy": false,
                    "Plans": [
                        {
                            "Node Type": "Aggregate",
                            "Strategy": "Plain",
                            "Partial Mode": "Partial",
                            "Parent Relationship": "Outer",
                            "Parallel Aware": false,
                            "Startup Cost": 215280.34,
                            "Total Cost": 215280.35,
                            "Plan Rows": 1,
                            "Plan Width": 8,
                            "Actual Startup Time": 202.17,
                            "Actual Total Time": 202.173,
                            "Actual Rows": 1,
                            "Actual Loops": 6,
                            "Output": [
                                "PARTIAL count(*)"
                            ],
                            "Workers": [
                                {
                                    "Worker Number": 0,
                                    "Actual Startup Time": 199.843,
                                    "Actual Total Time": 199.847,
                                    "Actual Rows": 1,
                                    "Actual Loops": 1
                                },
                                {
                                    "Worker Number": 1,
                                    "Actual Startup Time": 199.921,
                                    "Actual Total Time": 199.925,
                                    "Actual Rows": 1,
                                    "Actual Loops": 1
                                },
                                {
                                    "Worker Number": 2,
                                    "Actual Startup Time": 199.978,
                                    "Actual Total Time": 199.981,
                                    "Actual Rows": 1,
                                    "Actual Loops": 1
                                },
                                {
                                    "Worker Number": 3,
                                    "Actual Startup Time": 200.576,
                                    "Actual Total Time": 200.58,
                                    "Actual Rows": 1,
                                    "Actual Loops": 1
                                },
                                {
                                    "Worker Number": 4,
                                    "Actual Startup Time": 200.843,
                                    "Actual Total Time": 200.847,
                                    "Actual Rows": 1,
                                    "Actual Loops": 1
                                }
                            ],
                            "Plans": [
                                {
                                    "Node Type": "Hash Join",
                                    "Parent Relationship": "Outer",
                                    "Parallel Aware": true,
                                    "Join Type": "Inner",
                                    "Startup Cost": 52206.38,
                                    "Total Cost": 215234.89,
                                    "Plan Rows": 18179,
                                    "Plan Width": 0,
                                    "Actual Startup Time": 163.474,
                                    "Actual Total Time": 200.519,
                                    "Actual Rows": 28247,
                                    "Actual Loops": 6,
                                    "Inner Unique": true,
                                    "Hash Cond": "(mi.movie_id = t.id)",
                                    "Workers": [
                                        {
                                            "Worker Number": 0,
                                            "Actual Startup Time": 161.721,
                                            "Actual Total Time": 197.999,
                                            "Actual Rows": 21482,
                                            "Actual Loops": 1
                                        },
                                        {
                                            "Worker Number": 1,
                                            "Actual Startup Time": 160.159,
                                            "Actual Total Time": 198.124,
                                            "Actual Rows": 20750,
                                            "Actual Loops": 1
                                        },
                                        {
                                            "Worker Number": 2,
                                            "Actual Startup Time": 164.372,
                                            "Actual Total Time": 198.476,
                                            "Actual Rows": 28278,
                                            "Actual Loops": 1
                                        },
                                        {
                                            "Worker Number": 3,
                                            "Actual Startup Time": 160.96,
                                            "Actual Total Time": 199.005,
                                            "Actual Rows": 30325,
                                            "Actual Loops": 1
                                        },
                                        {
                                            "Worker Number": 4,
                                            "Actual Startup Time": 161.418,
                                            "Actual Total Time": 199.232,
                                            "Actual Rows": 28966,
                                            "Actual Loops": 1
                                        }
                                    ],
                                    "Plans": [
                                        {
                                            "Node Type": "Bitmap Heap Scan",
                                            "Parent Relationship": "Outer",
                                            "Parallel Aware": true,
                                            "Relation Name": "movie_info",
                                            "Schema": "public",
                                            "Alias": "mi",
                                            "Startup Cost": 6209.4,
                                            "Total Cost": 169058.19,
                                            "Plan Rows": 68464,
                                            "Plan Width": 4,
                                            "Actual Startup Time": 22.96,
                                            "Actual Total Time": 60.095,
                                            "Actual Rows": 54810,
                                            "Actual Loops": 6,
                                            "Output": [
                                                "mi.id",
                                                "mi.movie_id",
                                                "mi.info_type_id",
                                                "mi.info",
                                                "mi.note"
                                            ],
                                            "Recheck Cond": "(mi.info_type_id = 98)",
                                            "Rows Removed by Index Recheck": 0,
                                            "Exact Heap Blocks": 5713,
                                            "Lossy Heap Blocks": 0,
                                            "Workers": [
                                                {
                                                    "Worker Number": 0,
                                                    "Actual Startup Time": 22.828,
                                                    "Actual Total Time": 61.7,
                                                    "Actual Rows": 43264,
                                                    "Actual Loops": 1
                                                },
                                                {
                                                    "Worker Number": 1,
                                                    "Actual Startup Time": 23.112,
                                                    "Actual Total Time": 62.019,
                                                    "Actual Rows": 41929,
                                                    "Actual Loops": 1
                                                },
                                                {
                                                    "Worker Number": 2,
                                                    "Actual Startup Time": 23.05,
                                                    "Actual Total Time": 61.529,
                                                    "Actual Rows": 51185,
                                                    "Actual Loops": 1
                                                },
                                                {
                                                    "Worker Number": 3,
                                                    "Actual Startup Time": 22.902,
                                                    "Actual Total Time": 60.332,
                                                    "Actual Rows": 65560,
                                                    "Actual Loops": 1
                                                },
                                                {
                                                    "Worker Number": 4,
                                                    "Actual Startup Time": 22.938,
                                                    "Actual Total Time": 61.111,
                                                    "Actual Rows": 50649,
                                                    "Actual Loops": 1
                                                }
                                            ],
                                            "Plans": [
                                                {
                                                    "Node Type": "Bitmap Index Scan",
                                                    "Parent Relationship": "Outer",
                                                    "Parallel Aware": false,
                                                    "Index Name": "info_type_id_movie_info",
                                                    "Startup Cost": 0.0,
                                                    "Total Cost": 6123.82,
                                                    "Plan Rows": 342318,
                                                    "Plan Width": 0,
                                                    "Actual Startup Time": 19.305,
                                                    "Actual Total Time": 19.305,
                                                    "Actual Rows": 328857,
                                                    "Actual Loops": 1,
                                                    "Index Cond": "(mi.info_type_id = 98)",
                                                    "Workers": [
                                                        {
                                                            "Worker Number": 3,
                                                            "Actual Startup Time": 19.305,
                                                            "Actual Total Time": 19.305,
                                                            "Actual Rows": 328857,
                                                            "Actual Loops": 1
                                                        }
                                                    ]
                                                }
                                            ]
                                        },
                                        {
                                            "Node Type": "Hash",
                                            "Parent Relationship": "Inner",
                                            "Parallel Aware": true,
                                            "Startup Cost": 43899.01,
                                            "Total Cost": 43899.01,
                                            "Plan Rows": 167838,
                                            "Plan Width": 4,
                                            "Actual Startup Time": 115.457,
                                            "Actual Total Time": 115.458,
                                            "Actual Rows": 110471,
                                            "Actual Loops": 6,
                                            "Output": [
                                                "t.id"
                                            ],
                                            "Hash Buckets": 1048576,
                                            "Original Hash Buckets": 1048576,
                                            "Hash Batches": 1,
                                            "Original Hash Batches": 1,
                                            "Peak Memory Usage": 34208,
                                            "Workers": [
                                                {
                                                    "Worker Number": 0,
                                                    "Actual Startup Time": 114.276,
                                                    "Actual Total Time": 114.277,
                                                    "Actual Rows": 84421,
                                                    "Actual Loops": 1
                                                },
                                                {
                                                    "Worker Number": 1,
                                                    "Actual Startup Time": 114.921,
                                                    "Actual Total Time": 114.922,
                                                    "Actual Rows": 83769,
                                                    "Actual Loops": 1
                                                },
                                                {
                                                    "Worker Number": 2,
                                                    "Actual Startup Time": 114.952,
                                                    "Actual Total Time": 114.952,
                                                    "Actual Rows": 118961,
                                                    "Actual Loops": 1
                                                },
                                                {
                                                    "Worker Number": 3,
                                                    "Actual Startup Time": 115.601,
                                                    "Actual Total Time": 115.603,
                                                    "Actual Rows": 119391,
                                                    "Actual Loops": 1
                                                },
                                                {
                                                    "Worker Number": 4,
                                                    "Actual Startup Time": 115.809,
                                                    "Actual Total Time": 115.81,
                                                    "Actual Rows": 119277,
                                                    "Actual Loops": 1
                                                }
                                            ],
                                            "Plans": [
                                                {
                                                    "Node Type": "Seq Scan",
                                                    "Parent Relationship": "Outer",
                                                    "Parallel Aware": true,
                                                    "Relation Name": "title",
                                                    "Schema": "public",
                                                    "Alias": "t",
                                                    "Startup Cost": 0.0,
                                                    "Total Cost": 43899.01,
                                                    "Plan Rows": 167838,
                                                    "Plan Width": 4,
                                                    "Actual Startup Time": 39.217,
                                                    "Actual Total Time": 77.954,
                                                    "Actual Rows": 110471,
                                                    "Actual Loops": 6,
                                                    "Output": [
                                                        "t.id"
                                                    ],
                                                    "Filter": "(t.kind_id = 1)",
                                                    "Rows Removed by Filter": 310914,
                                                    "Workers": [
                                                        {
                                                            "Worker Number": 0,
                                                            "Actual Startup Time": 45.261,
                                                            "Actual Total Time": 78.797,
                                                            "Actual Rows": 84421,
                                                            "Actual Loops": 1
                                                        },
                                                        {
                                                            "Worker Number": 1,
                                                            "Actual Startup Time": 45.937,
                                                            "Actual Total Time": 79.947,
                                                            "Actual Rows": 83769,
                                                            "Actual Loops": 1
                                                        },
                                                        {
                                                            "Worker Number": 2,
                                                            "Actual Startup Time": 45.771,
                                                            "Actual Total Time": 77.574,
                                                            "Actual Rows": 118961,
                                                            "Actual Loops": 1
                                                        },
                                                        {
                                                            "Worker Number": 3,
                                                            "Actual Startup Time": 46.343,
                                                            "Actual Total Time": 77.66,
                                                            "Actual Rows": 119391,
                                                            "Actual Loops": 1
                                                        },
                                                        {
                                                            "Worker Number": 4,
                                                            "Actual Startup Time": 46.619,
                                                            "Actual Total Time": 78.125,
                                                            "Actual Rows": 119277,
                                                            "Actual Loops": 1
                                                        }
                                                    ]
                                                }
                                            ]
                                        }
                                    ]
                                }
                            ]
                        }
                    ]
                }
            ]
        },
        "Planning Time": 192.167,
        "Triggers": [],
        "Execution Time": 229.954
    }
]