[
  {
    "Plan": {
      "Node Type": "Aggregate",
      "Strategy": "Plain",
      "Partial Mode": "Finalize",
      "Parallel Aware": false,
      "Startup Cost": 46533.19,
      "Total Cost": 46533.2,
      "Plan Rows": 1,
      "Plan Width": 8,
      "Actual Startup Time": 91.391,
      "Actual Total Time": 104.392,
      "Actual Rows": 1,
      "Actual Loops": 1,
      "Plans": [
        {
          "Node Type": "Gather",
          "Parent Relationship": "Outer",
          "Parallel Aware": false,
          "Startup Cost": 46532.77,
          "Total Cost": 46533.18,
          "Plan Rows": 4,
          "Plan Width": 8,
          "Actual Startup Time": 91.068,
          "Actual Total Time": 104.384,
          "Actual Rows": 5,
          "Actual Loops": 1,
          "Workers Planned": 4,
          "Workers Launched": 4,
          "Single Copy": false,
          "Plans": [
            {
              "Node Type": "Aggregate",
              "Strategy": "Plain",
              "Partial Mode": "Partial",
              "Parent Relationship": "Outer",
              "Parallel Aware": false,
              "Startup Cost": 45532.77,
              "Total Cost": 45532.78,
              "Plan Rows": 1,
              "Plan Width": 8,
              "Actual Startup Time": 84.805,
              "Actual Total Time": 84.806,
              "Actual Rows": 1,
              "Actual Loops": 5,
              "Plans": [
                {
                  "Node Type": "Seq Scan",
                  "Parent Relationship": "Outer",
                  "Parallel Aware": true,
                  "Relation Name": "title",
                  "Alias": "t",
                  "Startup Cost": 0.0,
                  "Total Cost": 45479.1,
                  "Plan Rows": 21470,
                  "Plan Width": 0,
                  "Actual Startup Time": 0.028,
                  "Actual Total Time": 83.274,
                  "Actual Rows": 19344,
                  "Actual Loops": 5,
                  "Filter": "((kind_id > 2) AND (production_year = 2008))",
                  "Rows Removed by Filter": 486318
                }
              ]
            }
          ]
        }
      ]
    },
    "Planning Time": 0.189,
    "Triggers": [],
    "Execution Time": 104.452
  }
]