[
  {
    "Plan": {
      "Node Type": "Aggregate",
      "Strategy": "Plain",
      "Partial Mode": "Finalize",
      "Parallel Aware": false,
      "Startup Cost": 45678.66,
      "Total Cost": 45678.67,
      "Plan Rows": 1,
      "Plan Width": 8,
      "Actual Startup Time": 151.19,
      "Actual Total Time": 160.361,
      "Actual Rows": 1,
      "Actual Loops": 1,
      "Plans": [
        {
          "Node Type": "Gather",
          "Parent Relationship": "Outer",
          "Parallel Aware": false,
          "Startup Cost": 45678.34,
          "Total Cost": 45678.65,
          "Plan Rows": 3,
          "Plan Width": 8,
          "Actual Startup Time": 151.069,
          "Actual Total Time": 160.352,
          "Actual Rows": 4,
          "Actual Loops": 1,
          "Workers Planned": 3,
          "Workers Launched": 3,
          "Single Copy": false,
          "Plans": [
            {
              "Node Type": "Aggregate",
              "Strategy": "Plain",
              "Partial Mode": "Partial",
              "Parent Relationship": "Outer",
              "Parallel Aware": false,
              "Startup Cost": 44678.34,
              "Total Cost": 44678.35,
              "Plan Rows": 1,
              "Plan Width": 8,
              "Actual Startup Time": 144.393,
              "Actual Total Time": 144.394,
              "Actual Rows": 1,
              "Actual Loops": 4,
              "Plans": [
                {
                  "Node Type": "Seq Scan",
                  "Parent Relationship": "Outer",
                  "Parallel Aware": true,
                  "Relation Name": "movie_keyword",
                  "Alias": "mk",
                  "Startup Cost": 0.0,
                  "Total Cost": 42695.65,
                  "Plan Rows": 793076,
                  "Plan Width": 0,
                  "Actual Startup Time": 0.174,
                  "Actual Total Time": 115.334,
                  "Actual Rows": 611042,
                  "Actual Loops": 4,
                  "Filter": "(keyword_id > 3678)",
                  "Rows Removed by Filter": 519940
                }
              ]
            }
          ]
        }
      ]
    },
    "Planning Time": 0.164,
    "Triggers": [],
    "Execution Time": 160.41
  }
]