[
  {
    "Plan": {
      "Node Type": "Aggregate",
      "Strategy": "Plain",
      "Partial Mode": "Finalize",
      "Parallel Aware": false,
      "Startup Cost": 124845.19,
      "Total Cost": 124845.2,
      "Plan Rows": 1,
      "Plan Width": 8,
      "Actual Startup Time": 524.174,
      "Actual Total Time": 542.66,
      "Actual Rows": 1,
      "Actual Loops": 1,
      "Plans": [
        {
          "Node Type": "Gather",
          "Parent Relationship": "Outer",
          "Parallel Aware": false,
          "Startup Cost": 124844.87,
          "Total Cost": 124845.18,
          "Plan Rows": 3,
          "Plan Width": 8,
          "Actual Startup Time": 519.066,
          "Actual Total Time": 542.652,
          "Actual Rows": 4,
          "Actual Loops": 1,
          "Workers Planned": 3,
          "Workers Launched": 3,
          "Single Copy": false,
          "Plans": [
            {
              "Node Type": "Aggregate",
              "Strategy": "Plain",
              "Partial Mode": "Partial",
              "Parent Relationship": "Outer",
              "Parallel Aware": false,
              "Startup Cost": 123844.87,
              "Total Cost": 123844.88,
              "Plan Rows": 1,
              "Plan Width": 8,
              "Actual Startup Time": 509.613,
              "Actual Total Time": 509.618,
              "Actual Rows": 1,
              "Actual Loops": 4,
              "Plans": [
                {
                  "Node Type": "Hash Join",
                  "Parent Relationship": "Outer",
                  "Parallel Aware": true,
                  "Join Type": "Inner",
                  "Startup Cost": 79149.84,
                  "Total Cost": 123702.03,
                  "Plan Rows": 57136,
                  "Plan Width": 0,
                  "Actual Startup Time": 336.213,
                  "Actual Total Time": 495.269,
                  "Actual Rows": 361306,
                  "Actual Loops": 4,
                  "Inner Unique": false,
                  "Hash Cond": "(mk.movie_id = t.id)",
                  "Plans": [
                    {
                      "Node Type": "Seq Scan",
                      "Parent Relationship": "Outer",
                      "Parallel Aware": true,
                      "Relation Name": "movie_keyword",
                      "Alias": "mk",
                      "Startup Cost": 0.0,
                      "Total Cost": 42695.65,
                      "Plan Rows": 445929,
                      "Plan Width": 4,
                      "Actual Startup Time": 0.966,
                      "Actual Total Time": 92.887,
                      "Actual Rows": 346981,
                      "Actual Loops": 4,
                      "Filter": "(keyword_id > 12015)",
                      "Rows Removed by Filter": 784002
                    },
                    {
                      "Node Type": "Hash",
                      "Parent Relationship": "Inner",
                      "Parallel Aware": true,
                      "Startup Cost": 77843.6,
                      "Total Cost": 77843.6,
                      "Plan Rows": 104499,
                      "Plan Width": 8,
                      "Actual Startup Time": 331.628,
                      "Actual Total Time": 331.632,
                      "Actual Rows": 123260,
                      "Actual Loops": 4,
                      "Hash Buckets": 524288,
                      "Original Hash Buckets": 524288,
                      "Hash Batches": 1,
                      "Original Hash Batches": 1,
                      "Peak Memory Usage": 23456,
                      "Plans": [
                        {
                          "Node Type": "Hash Join",
                          "Parent Relationship": "Outer",
                          "Parallel Aware": true,
                          "Join Type": "Inner",
                          "Startup Cost": 47411.16,
                          "Total Cost": 77843.6,
                          "Plan Rows": 104499,
                          "Plan Width": 8,
                          "Actual Startup Time": 188.175,
                          "Actual Total Time": 297.905,
                          "Actual Rows": 123260,
                          "Actual Loops": 4,
                          "Inner Unique": true,
                          "Hash Cond": "(mc.movie_id = t.id)",
                          "Plans": [
                            {
                              "Node Type": "Seq Scan",
                              "Parent Relationship": "Outer",
                              "Parallel Aware": true,
                              "Relation Name": "movie_companies",
                              "Alias": "mc",
                              "Startup Cost": 0.0,
                              "Total Cost": 29310.68,
                              "Plan Rows": 427336,
                              "Plan Width": 4,
                              "Actual Startup Time": 28.672,
                              "Actual Total Time": 65.695,
                              "Actual Rows": 333721,
                              "Actual Loops": 4,
                              "Filter": "(company_type_id = 2)",
                              "Rows Removed by Filter": 318562
                            },
                            {
                              "Node Type": "Hash",
                              "Parent Relationship": "Inner",
                              "Parallel Aware": true,
                              "Startup Cost": 45479.1,
                              "Total Cost": 45479.1,
                              "Plan Rows": 154565,
                              "Plan Width": 4,
                              "Actual Startup Time": 156.331,
                              "Actual Total Time": 156.332,
                              "Actual Rows": 130094,
                              "Actual Loops": 4,
                              "Hash Buckets": 1048576,
                              "Original Hash Buckets": 1048576,
                              "Hash Batches": 1,
                              "Original Hash Batches": 1,
                              "Peak Memory Usage": 28608,
                              "Plans": [
                                {
                                  "Node Type": "Seq Scan",
                                  "Parent Relationship": "Outer",
                                  "Parallel Aware": true,
                                  "Relation Name": "title",
                                  "Alias": "t",
                                  "Startup Cost": 0.0,
                                  "Total Cost": 45479.1,
                                  "Plan Rows": 154565,
                                  "Plan Width": 4,
                                  "Actual Startup Time": 0.065,
                                  "Actual Total Time": 101.551,
                                  "Actual Rows": 130094,
                                  "Actual Loops": 4,
                                  "Filter": "((kind_id < 7) AND (production_year > 1996))",
                                  "Rows Removed by Filter": 501984
                                }
                              ]
                            }
                          ]
                        }
                      ]
                    }
                  ]
                }
              ]
            }
          ]
        }
      ]
    },
    "Planning Time": 1.434,
    "Triggers": [],
    "Execution Time": 542.797
  }
]