[
    {
        "Bao": {
            "Bao prediction": "NaN",
            "Bao recommended hint": "(no hint)"
        }
    },
    {
        "Plan": {
            "Node Type": "Aggregate",
            "Strategy": "Plain",
            "Partial Mode": "Finalize",
            "Parallel Aware": false,
            "Startup Cost": 272213.83,
            "Total Cost": 272213.84,
            "Plan Rows": 1,
            "Plan Width": 8,
            "Actual Startup Time": 98.767,
            "Actual Total Time": 102.973,
            "Actual Rows": 1,
            "Actual Loops": 1,
            "Output": [
                "count(*)"
            ],
            "Plans": [
                {
                    "Node Type": "Gather",
                    "Parent Relationship": "Outer",
                    "Parallel Aware": false,
                    "Startup Cost": 272213.2,
                    "Total Cost": 272213.81,
                    "Plan Rows": 6,
                    "Plan Width": 8,
                    "Actual Startup Time": 98.461,
                    "Actual Total Time": 102.966,
                    "Actual Rows": 7,
                    "Actual Loops": 1,
                    "Output": [
                        "(PARTIAL count(*))"
                    ],
                    "Workers Planned": 6,
                    "Workers Launched": 6,
                    "Single Copy": false,
                    "Plans": [
                        {
                            "Node Type": "Aggregate",
                            "Strategy": "Plain",
                            "Partial Mode": "Partial",
                            "Parent Relationship": "Outer",
                            "Parallel Aware": false,
                            "Startup Cost": 271213.2,
                            "Total Cost": 271213.21,
                            "Plan Rows": 1,
                            "Plan Width": 8,
                            "Actual Startup Time": 88.15,
                            "Actual Total Time": 88.151,
                            "Actual Rows": 1,
                            "Actual Loops": 7,
                            "Output": [
                                "PARTIAL count(*)"
                            ],
                            "Workers": [
                                {
                                    "Worker Number": 0,
                                    "Actual Startup Time": 86.058,
                                    "Actual Total Time": 86.06,
                                    "Actual Rows": 1,
                                    "Actual Loops": 1
                                },
                                {
                                    "Worker Number": 1,
                                    "Actual Startup Time": 86.211,
                                    "Actual Total Time": 86.212,
                                    "Actual Rows": 1,
                                    "Actual Loops": 1
                                },
                                {
                                    "Worker Number": 2,
                                    "Actual Startup Time": 86.395,
                                    "Actual Total Time": 86.396,
                                    "Actual Rows": 1,
                                    "Actual Loops": 1
                                },
                                {
                                    "Worker Number": 3,
                                    "Actual Startup Time": 86.562,
                                    "Actual Total Time": 86.564,
                                    "Actual Rows": 1,
                                    "Actual Loops": 1
                                },
                                {
                                    "Worker Number": 4,
                                    "Actual Startup Time": 86.577,
                                    "Actual Total Time": 86.578,
                                    "Actual Rows": 1,
                                    "Actual Loops": 1
                                },
                                {
                                    "Worker Number": 5,
                                    "Actual Startup Time": 87.196,
                                    "Actual Total Time": 87.197,
                                    "Actual Rows": 1,
                                    "Actual Loops": 1
                                }
                            ],
                            "Plans": [
                                {
                                    "Node Type": "Bitmap Heap Scan",
                                    "Parent Relationship": "Outer",
                                    "Parallel Aware": true,
                                    "Relation Name": "cast_info",
                                    "Schema": "public",
                                    "Alias": "ci",
                                    "Startup Cost": 16641.9,
                                    "Total Cost": 270899.15,
                                    "Plan Rows": 125620,
                                    "Plan Width": 0,
                                    "Actual Startup Time": 32.666,
                                    "Actual Total Time": 78.761,
                                    "Actual Rows": 117760,
                                    "Actual Loops": 7,
                                    "Recheck Cond": "(ci.person_id > 3903785)",
                                    "Rows Removed by Index Recheck": 0,
                                    "Exact Heap Blocks": 2930,
                                    "Lossy Heap Blocks": 0,
                                    "Workers": [
                                        {
                                            "Worker Number": 0,
                                            "Actual Startup Time": 30.573,
                                            "Actual Total Time": 77.042,
                                            "Actual Rows": 112409,
                                            "Actual Loops": 1
                                        },
                                        {
                                            "Worker Number": 1,
                                            "Actual Startup Time": 30.624,
                                            "Actual Total Time": 77.258,
                                            "Actual Rows": 93360,
                                            "Actual Loops": 1
                                        },
                                        {
                                            "Worker Number": 2,
                                            "Actual Startup Time": 31.299,
                                            "Actual Total Time": 77.724,
                                            "Actual Rows": 105194,
                                            "Actual Loops": 1
                                        },
                                        {
                                            "Worker Number": 3,
                                            "Actual Startup Time": 31.006,
                                            "Actual Total Time": 77.551,
                                            "Actual Rows": 93731,
                                            "Actual Loops": 1
                                        },
                                        {
                                            "Worker Number": 4,
                                            "Actual Startup Time": 31.25,
                                            "Actual Total Time": 77.707,
                                            "Actual Rows": 110629,
                                            "Actual Loops": 1
                                        },
                                        {
                                            "Worker Number": 5,
                                            "Actual Startup Time": 31.744,
                                            "Actual Total Time": 78.691,
                                            "Actual Rows": 105572,
                                            "Actual Loops": 1
                                        }
                                    ],
                                    "Plans": [
                                        {
                                            "Node Type": "Bitmap Index Scan",
                                            "Parent Relationship": "Outer",
                                            "Parallel Aware": false,
                                            "Index Name": "person_id_cast_info",
                                            "Startup Cost": 0.0,
                                            "Total Cost": 16453.47,
                                            "Plan Rows": 753721,
                                            "Plan Width": 0,
                                            "Actual Startup Time": 39.588,
                                            "Actual Total Time": 39.588,
                                            "Actual Rows": 824317,
                                            "Actual Loops": 1,
                                            "Index Cond": "(ci.person_id > 3903785)"
                                        }
                                    ]
                                }
                            ]
                        }
                    ]
                }
            ]
        },
        "Planning Time": 294.871,
        "Triggers": [],
        "Execution Time": 103.037
    }
]