[
  {
    "Plan": {
      "Node Type": "Aggregate",
      "Strategy": "Plain",
      "Partial Mode": "Finalize",
      "Parallel Aware": false,
      "Startup Cost": 122861.3,
      "Total Cost": 122861.31,
      "Plan Rows": 1,
      "Plan Width": 8,
      "Actual Startup Time": 1464.324,
      "Actual Total Time": 1534.783,
      "Actual Rows": 1,
      "Actual Loops": 1,
      "Plans": [
        {
          "Node Type": "Gather",
          "Parent Relationship": "Outer",
          "Parallel Aware": false,
          "Startup Cost": 122860.98,
          "Total Cost": 122861.29,
          "Plan Rows": 3,
          "Plan Width": 8,
          "Actual Startup Time": 1463.101,
          "Actual Total Time": 1534.773,
          "Actual Rows": 4,
          "Actual Loops": 1,
          "Workers Planned": 3,
          "Workers Launched": 3,
          "Single Copy": false,
          "Plans": [
            {
              "Node Type": "Aggregate",
              "Strategy": "Plain",
              "Partial Mode": "Partial",
              "Parent Relationship": "Outer",
              "Parallel Aware": false,
              "Startup Cost": 121860.98,
              "Total Cost": 121860.99,
              "Plan Rows": 1,
              "Plan Width": 8,
              "Actual Startup Time": 1453.442,
              "Actual Total Time": 1453.445,
              "Actual Rows": 1,
              "Actual Loops": 4,
              "Plans": [
                {
                  "Node Type": "Nested Loop",
                  "Parent Relationship": "Outer",
                  "Parallel Aware": false,
                  "Join Type": "Inner",
                  "Startup Cost": 45582.2,
                  "Total Cost": 121744.34,
                  "Plan Rows": 46655,
                  "Plan Width": 0,
                  "Actual Startup Time": 145.451,
                  "Actual Total Time": 1413.394,
                  "Actual Rows": 779427,
                  "Actual Loops": 4,
                  "Inner Unique": false,
                  "Join Filter": "(t.id = ci.movie_id)",
                  "Rows Removed by Join Filter": 0,
                  "Plans": [
                    {
                      "Node Type": "Hash Join",
                      "Parent Relationship": "Outer",
                      "Parallel Aware": true,
                      "Join Type": "Inner",
                      "Startup Cost": 45581.64,
                      "Total Cost": 88459.72,
                      "Plan Rows": 18848,
                      "Plan Width": 8,
                      "Actual Startup Time": 144.978,
                      "Actual Total Time": 293.594,
                      "Actual Rows": 27665,
                      "Actual Loops": 4,
                      "Inner Unique": true,
                      "Hash Cond": "(mk.movie_id = t.id)",
                      "Plans": [
                        {
                          "Node Type": "Seq Scan",
                          "Parent Relationship": "Outer",
                          "Parallel Aware": true,
                          "Relation Name": "movie_keyword",
                          "Alias": "mk",
                          "Startup Cost": 0.0,
                          "Total Cost": 39047.32,
                          "Plan Rows": 1459332,
                          "Plan Width": 4,
                          "Actual Startup Time": 0.014,
                          "Actual Total Time": 91.7,
                          "Actual Rows": 1130982,
                          "Actual Loops": 4
                        },
                        {
                          "Node Type": "Hash",
                          "Parent Relationship": "Inner",
                          "Parallel Aware": true,
                          "Startup Cost": 45479.59,
                          "Total Cost": 45479.59,
                          "Plan Rows": 8164,
                          "Plan Width": 4,
                          "Actual Startup Time": 106.066,
                          "Actual Total Time": 106.067,
                          "Actual Rows": 5527,
                          "Actual Loops": 4,
                          "Hash Buckets": 32768,
                          "Original Hash Buckets": 32768,
                          "Hash Batches": 1,
                          "Original Hash Batches": 1,
                          "Peak Memory Usage": 1184,
                          "Plans": [
                            {
                              "Node Type": "Seq Scan",
                              "Parent Relationship": "Outer",
                              "Parallel Aware": true,
                              "Relation Name": "title",
                              "Alias": "t",
                              "Startup Cost": 0.0,
                              "Total Cost": 45479.59,
                              "Plan Rows": 8164,
                              "Plan Width": 4,
                              "Actual Startup Time": 65.464,
                              "Actual Total Time": 103.716,
                              "Actual Rows": 5527,
                              "Actual Loops": 4,
                              "Filter": "((kind_id = 1) AND (production_year = 2008))",
                              "Rows Removed by Filter": 626551
                            }
                          ]
                        }
                      ]
                    },
                    {
                      "Node Type": "Index Scan",
                      "Parent Relationship": "Inner",
                      "Parallel Aware": false,
                      "Scan Direction": "Forward",
                      "Index Name": "movie_id_cast_info",
                      "Relation Name": "cast_info",
                      "Alias": "ci",
                      "Startup Cost": 0.56,
                      "Total Cost": 1.69,
                      "Plan Rows": 6,
                      "Plan Width": 4,
                      "Actual Startup Time": 0.022,
                      "Actual Total Time": 0.038,
                      "Actual Rows": 28,
                      "Actual Loops": 110659,
                      "Index Cond": "(movie_id = mk.movie_id)",
                      "Rows Removed by Index Recheck": 0,
                      "Filter": "((person_id > 1745600) AND (role_id > 3))",
                      "Rows Removed by Filter": 50
                    }
                  ]
                }
              ]
            }
          ]
        }
      ]
    },
    "Planning Time": 1.244,
    "Triggers": [],
    "Execution Time": 1534.89
  }
]