[
  {
    "Plan": {
      "Node Type": "Aggregate",
      "Strategy": "Plain",
      "Partial Mode": "Finalize",
      "Parallel Aware": false,
      "Startup Cost": 123129.28,
      "Total Cost": 123129.29,
      "Plan Rows": 1,
      "Plan Width": 8,
      "Actual Startup Time": 1415.577,
      "Actual Total Time": 1476.368,
      "Actual Rows": 1,
      "Actual Loops": 1,
      "Plans": [
        {
          "Node Type": "Gather",
          "Parent Relationship": "Outer",
          "Parallel Aware": false,
          "Startup Cost": 123128.96,
          "Total Cost": 123129.27,
          "Plan Rows": 3,
          "Plan Width": 8,
          "Actual Startup Time": 1415.568,
          "Actual Total Time": 1476.36,
          "Actual Rows": 4,
          "Actual Loops": 1,
          "Workers Planned": 3,
          "Workers Launched": 3,
          "Single Copy": false,
          "Plans": [
            {
              "Node Type": "Aggregate",
              "Strategy": "Plain",
              "Partial Mode": "Partial",
              "Parent Relationship": "Outer",
              "Parallel Aware": false,
              "Startup Cost": 122128.96,
              "Total Cost": 122128.97,
              "Plan Rows": 1,
              "Plan Width": 8,
              "Actual Startup Time": 1405.335,
              "Actual Total Time": 1405.338,
              "Actual Rows": 1,
              "Actual Loops": 4,
              "Plans": [
                {
                  "Node Type": "Nested Loop",
                  "Parent Relationship": "Outer",
                  "Parallel Aware": false,
                  "Join Type": "Inner",
                  "Startup Cost": 45579.99,
                  "Total Cost": 122012.6,
                  "Plan Rows": 46545,
                  "Plan Width": 0,
                  "Actual Startup Time": 130.984,
                  "Actual Total Time": 1366.903,
                  "Actual Rows": 779427,
                  "Actual Loops": 4,
                  "Inner Unique": false,
                  "Join Filter": "(t.id = ci.movie_id)",
                  "Rows Removed by Join Filter": 0,
                  "Plans": [
                    {
                      "Node Type": "Hash Join",
                      "Parent Relationship": "Outer",
                      "Parallel Aware": true,
                      "Join Type": "Inner",
                      "Startup Cost": 45579.42,
                      "Total Cost": 88457.5,
                      "Plan Rows": 18529,
                      "Plan Width": 8,
                      "Actual Startup Time": 130.745,
                      "Actual Total Time": 271.513,
                      "Actual Rows": 27665,
                      "Actual Loops": 4,
                      "Inner Unique": true,
                      "Hash Cond": "(mk.movie_id = t.id)",
                      "Plans": [
                        {
                          "Node Type": "Seq Scan",
                          "Parent Relationship": "Outer",
                          "Parallel Aware": true,
                          "Relation Name": "movie_keyword",
                          "Alias": "mk",
                          "Startup Cost": 0.0,
                          "Total Cost": 39047.32,
                          "Plan Rows": 1459332,
                          "Plan Width": 4,
                          "Actual Startup Time": 0.024,
                          "Actual Total Time": 85.948,
                          "Actual Rows": 1130982,
                          "Actual Loops": 4
                        },
                        {
                          "Node Type": "Hash",
                          "Parent Relationship": "Inner",
                          "Parallel Aware": true,
                          "Startup Cost": 45479.1,
                          "Total Cost": 45479.1,
                          "Plan Rows": 8026,
                          "Plan Width": 4,
                          "Actual Startup Time": 96.145,
                          "Actual Total Time": 96.146,
                          "Actual Rows": 5527,
                          "Actual Loops": 4,
                          "Hash Buckets": 32768,
                          "Original Hash Buckets": 32768,
                          "Hash Batches": 1,
                          "Original Hash Batches": 1,
                          "Peak Memory Usage": 1184,
                          "Plans": [
                            {
                              "Node Type": "Seq Scan",
                              "Parent Relationship": "Outer",
                              "Parallel Aware": true,
                              "Relation Name": "title",
                              "Alias": "t",
                              "Startup Cost": 0.0,
                              "Total Cost": 45479.1,
                              "Plan Rows": 8026,
                              "Plan Width": 4,
                              "Actual Startup Time": 59.408,
                              "Actual Total Time": 94.061,
                              "Actual Rows": 5527,
                              "Actual Loops": 4,
                              "Filter": "((kind_id = 1) AND (production_year = 2008))",
                              "Rows Removed by Filter": 626551
                            }
                          ]
                        }
                      ]
                    },
                    {
                      "Node Type": "Index Scan",
                      "Parent Relationship": "Inner",
                      "Parallel Aware": false,
                      "Scan Direction": "Forward",
                      "Index Name": "movie_id_cast_info",
                      "Relation Name": "cast_info",
                      "Alias": "ci",
                      "Startup Cost": 0.56,
                      "Total Cost": 1.74,
                      "Plan Rows": 6,
                      "Plan Width": 4,
                      "Actual Startup Time": 0.022,
                      "Actual Total Time": 0.037,
                      "Actual Rows": 28,
                      "Actual Loops": 110659,
                      "Index Cond": "(movie_id = mk.movie_id)",
                      "Rows Removed by Index Recheck": 0,
                      "Filter": "((person_id > 1745600) AND (role_id > 3))",
                      "Rows Removed by Filter": 50
                    }
                  ]
                }
              ]
            }
          ]
        }
      ]
    },
    "Planning Time": 1.248,
    "Triggers": [],
    "Execution Time": 1476.472
  }
]