[
  {
    "Plan": {
      "Node Type": "Aggregate",
      "Strategy": "Plain",
      "Partial Mode": "Finalize",
      "Parallel Aware": false,
      "Startup Cost": 352151.3,
      "Total Cost": 352151.31,
      "Plan Rows": 1,
      "Plan Width": 8,
      "Actual Startup Time": 397.772,
      "Actual Total Time": 418.577,
      "Actual Rows": 1,
      "Actual Loops": 1,
      "Plans": [
        {
          "Node Type": "Gather",
          "Parent Relationship": "Outer",
          "Parallel Aware": false,
          "Startup Cost": 352150.99,
          "Total Cost": 352151.3,
          "Plan Rows": 3,
          "Plan Width": 8,
          "Actual Startup Time": 396.89,
          "Actual Total Time": 418.569,
          "Actual Rows": 4,
          "Actual Loops": 1,
          "Workers Planned": 3,
          "Workers Launched": 3,
          "Single Copy": false,
          "Plans": [
            {
              "Node Type": "Aggregate",
              "Strategy": "Plain",
              "Partial Mode": "Partial",
              "Parent Relationship": "Outer",
              "Parallel Aware": false,
              "Startup Cost": 351150.99,
              "Total Cost": 351151.0,
              "Plan Rows": 1,
              "Plan Width": 8,
              "Actual Startup Time": 387.098,
              "Actual Total Time": 387.102,
              "Actual Rows": 1,
              "Actual Loops": 4,
              "Plans": [
                {
                  "Node Type": "Nested Loop",
                  "Parent Relationship": "Outer",
                  "Parallel Aware": false,
                  "Join Type": "Inner",
                  "Startup Cost": 275172.96,
                  "Total Cost": 351087.02,
                  "Plan Rows": 25585,
                  "Plan Width": 0,
                  "Actual Startup Time": 129.576,
                  "Actual Total Time": 383.994,
                  "Actual Rows": 49310,
                  "Actual Loops": 4,
                  "Inner Unique": true,
                  "Plans": [
                    {
                      "Node Type": "Hash Join",
                      "Parent Relationship": "Outer",
                      "Parallel Aware": true,
                      "Join Type": "Inner",
                      "Startup Cost": 275172.53,
                      "Total Cost": 310527.86,
                      "Plan Rows": 65526,
                      "Plan Width": 8,
                      "Actual Startup Time": 129.493,
                      "Actual Total Time": 232.764,
                      "Actual Rows": 49310,
                      "Actual Loops": 4,
                      "Inner Unique": false,
                      "Hash Cond": "(mc.movie_id = ci.movie_id)",
                      "Plans": [
                        {
                          "Node Type": "Seq Scan",
                          "Parent Relationship": "Outer",
                          "Parallel Aware": true,
                          "Relation Name": "movie_companies",
                          "Alias": "mc",
                          "Startup Cost": 0.0,
                          "Total Cost": 31414.82,
                          "Plan Rows": 338619,
                          "Plan Width": 4,
                          "Actual Startup Time": 33.616,
                          "Actual Total Time": 75.74,
                          "Actual Rows": 298467,
                          "Actual Loops": 4,
                          "Filter": "((company_id > 521) AND (company_type_id = 2))",
                          "Rows Removed by Filter": 353815
                        },
                        {
                          "Node Type": "Hash",
                          "Parent Relationship": "Inner",
                          "Parallel Aware": true,
                          "Startup Cost": 274694.96,
                          "Total Cost": 274694.96,
                          "Plan Rows": 38206,
                          "Plan Width": 4,
                          "Actual Startup Time": 93.441,
                          "Actual Total Time": 93.442,
                          "Actual Rows": 64517,
                          "Actual Loops": 4,
                          "Hash Buckets": 262144,
                          "Original Hash Buckets": 262144,
                          "Hash Batches": 1,
                          "Original Hash Batches": 1,
                          "Peak Memory Usage": 12192,
                          "Plans": [
                            {
                              "Node Type": "Bitmap Heap Scan",
                              "Parent Relationship": "Outer",
                              "Parallel Aware": true,
                              "Relation Name": "cast_info",
                              "Alias": "ci",
                              "Startup Cost": 7668.56,
                              "Total Cost": 274694.96,
                              "Plan Rows": 38206,
                              "Plan Width": 4,
                              "Actual Startup Time": 34.701,
                              "Actual Total Time": 62.866,
                              "Actual Rows": 64517,
                              "Actual Loops": 4,
                              "Recheck Cond": "(person_id < 40321)",
                              "Rows Removed by Index Recheck": 0,
                              "Filter": "(role_id < 3)",
                              "Rows Removed by Filter": 22048,
                              "Exact Heap Blocks": 1317,
                              "Lossy Heap Blocks": 0,
                              "Plans": [
                                {
                                  "Node Type": "Bitmap Index Scan",
                                  "Parent Relationship": "Outer",
                                  "Parallel Aware": false,
                                  "Index Name": "person_id_cast_info",
                                  "Startup Cost": 0.0,
                                  "Total Cost": 7620.8,
                                  "Plan Rows": 348832,
                                  "Plan Width": 0,
                                  "Actual Startup Time": 36.96,
                                  "Actual Total Time": 36.961,
                                  "Actual Rows": 346258,
                                  "Actual Loops": 1,
                                  "Index Cond": "(person_id < 40321)"
                                }
                              ]
                            }
                          ]
                        }
                      ]
                    },
                    {
                      "Node Type": "Index Only Scan",
                      "Parent Relationship": "Inner",
                      "Parallel Aware": false,
                      "Scan Direction": "Forward",
                      "Index Name": "title_pkey",
                      "Relation Name": "title",
                      "Alias": "t",
                      "Startup Cost": 0.43,
                      "Total Cost": 0.62,
                      "Plan Rows": 1,
                      "Plan Width": 4,
                      "Actual Startup Time": 0.003,
                      "Actual Total Time": 0.003,
                      "Actual Rows": 1,
                      "Actual Loops": 197241,
                      "Index Cond": "(id = mc.movie_id)",
                      "Rows Removed by Index Recheck": 0,
                      "Heap Fetches": 197241
                    }
                  ]
                }
              ]
            }
          ]
        }
      ]
    },
    "Planning Time": 1.546,
    "Triggers": [],
    "Execution Time": 418.687
  }
]