[
  {
    "Plan": {
      "Node Type": "Aggregate",
      "Strategy": "Plain",
      "Partial Mode": "Finalize",
      "Parallel Aware": false,
      "Startup Cost": 73980.84,
      "Total Cost": 73980.85,
      "Plan Rows": 1,
      "Plan Width": 8,
      "Actual Startup Time": 142.023,
      "Actual Total Time": 162.484,
      "Actual Rows": 1,
      "Actual Loops": 1,
      "Plans": [
        {
          "Node Type": "Gather",
          "Parent Relationship": "Outer",
          "Parallel Aware": false,
          "Startup Cost": 73980.42,
          "Total Cost": 73980.83,
          "Plan Rows": 4,
          "Plan Width": 8,
          "Actual Startup Time": 141.885,
          "Actual Total Time": 162.476,
          "Actual Rows": 5,
          "Actual Loops": 1,
          "Workers Planned": 4,
          "Workers Launched": 4,
          "Single Copy": false,
          "Plans": [
            {
              "Node Type": "Aggregate",
              "Strategy": "Plain",
              "Partial Mode": "Partial",
              "Parent Relationship": "Outer",
              "Parallel Aware": false,
              "Startup Cost": 72980.42,
              "Total Cost": 72980.43,
              "Plan Rows": 1,
              "Plan Width": 8,
              "Actual Startup Time": 131.461,
              "Actual Total Time": 131.462,
              "Actual Rows": 1,
              "Actual Loops": 5,
              "Plans": [
                {
                  "Node Type": "Nested Loop",
                  "Parent Relationship": "Outer",
                  "Parallel Aware": false,
                  "Join Type": "Inner",
                  "Startup Cost": 0.86,
                  "Total Cost": 72977.42,
                  "Plan Rows": 1201,
                  "Plan Width": 0,
                  "Actual Startup Time": 0.552,
                  "Actual Total Time": 131.201,
                  "Actual Rows": 2776,
                  "Actual Loops": 5,
                  "Inner Unique": false,
                  "Join Filter": "(t.id = mi.movie_id)",
                  "Rows Removed by Join Filter": 0,
                  "Plans": [
                    {
                      "Node Type": "Nested Loop",
                      "Parent Relationship": "Outer",
                      "Parallel Aware": false,
                      "Join Type": "Inner",
                      "Startup Cost": 0.43,
                      "Total Cost": 69918.19,
                      "Plan Rows": 1476,
                      "Plan Width": 8,
                      "Actual Startup Time": 0.313,
                      "Actual Total Time": 93.852,
                      "Actual Rows": 1327,
                      "Actual Loops": 5,
                      "Inner Unique": false,
                      "Plans": [
                        {
                          "Node Type": "Seq Scan",
                          "Parent Relationship": "Outer",
                          "Parallel Aware": true,
                          "Relation Name": "title",
                          "Alias": "t",
                          "Startup Cost": 0.0,
                          "Total Cost": 43898.92,
                          "Plan Rows": 3118,
                          "Plan Width": 4,
                          "Actual Startup Time": 0.076,
                          "Actual Total Time": 70.449,
                          "Actual Rows": 2742,
                          "Actual Loops": 5,
                          "Filter": "(production_year = 1966)",
                          "Rows Removed by Filter": 502920
                        },
                        {
                          "Node Type": "Index Scan",
                          "Parent Relationship": "Inner",
                          "Parallel Aware": false,
                          "Scan Direction": "Forward",
                          "Index Name": "movie_id_movie_companies",
                          "Relation Name": "movie_companies",
                          "Alias": "mc",
                          "Startup Cost": 0.43,
                          "Total Cost": 8.32,
                          "Plan Rows": 2,
                          "Plan Width": 4,
                          "Actual Startup Time": 0.007,
                          "Actual Total Time": 0.008,
                          "Actual Rows": 0,
                          "Actual Loops": 13711,
                          "Index Cond": "(movie_id = t.id)",
                          "Rows Removed by Index Recheck": 0,
                          "Filter": "((company_id > 34) AND (company_type_id < 2))",
                          "Rows Removed by Filter": 1
                        }
                      ]
                    },
                    {
                      "Node Type": "Index Scan",
                      "Parent Relationship": "Inner",
                      "Parallel Aware": false,
                      "Scan Direction": "Forward",
                      "Index Name": "movie_id_movie_info",
                      "Relation Name": "movie_info",
                      "Alias": "mi",
                      "Startup Cost": 0.43,
                      "Total Cost": 2.0,
                      "Plan Rows": 6,
                      "Plan Width": 4,
                      "Actual Startup Time": 0.012,
                      "Actual Total Time": 0.028,
                      "Actual Rows": 2,
                      "Actual Loops": 6634,
                      "Index Cond": "(movie_id = mc.movie_id)",
                      "Rows Removed by Index Recheck": 0,
                      "Filter": "(info_type_id < 3)",
                      "Rows Removed by Filter": 32
                    }
                  ]
                }
              ]
            }
          ]
        }
      ]
    },
    "Planning Time": 1.514,
    "Triggers": [],
    "Execution Time": 162.577
  }
]