[
  {
    "Plan": {
      "Node Type": "Aggregate",
      "Strategy": "Plain",
      "Partial Mode": "Finalize",
      "Parallel Aware": false,
      "Startup Cost": 25152.85,
      "Total Cost": 25152.86,
      "Plan Rows": 1,
      "Plan Width": 8,
      "Actual Startup Time": 73.501,
      "Actual Total Time": 79.15,
      "Actual Rows": 1,
      "Actual Loops": 1,
      "Plans": [
        {
          "Node Type": "Gather",
          "Parent Relationship": "Outer",
          "Parallel Aware": false,
          "Startup Cost": 25152.53,
          "Total Cost": 25152.84,
          "Plan Rows": 3,
          "Plan Width": 8,
          "Actual Startup Time": 73.189,
          "Actual Total Time": 79.141,
          "Actual Rows": 4,
          "Actual Loops": 1,
          "Workers Planned": 3,
          "Workers Launched": 3,
          "Single Copy": false,
          "Plans": [
            {
              "Node Type": "Aggregate",
              "Strategy": "Plain",
              "Partial Mode": "Partial",
              "Parent Relationship": "Outer",
              "Parallel Aware": false,
              "Startup Cost": 24152.53,
              "Total Cost": 24152.54,
              "Plan Rows": 1,
              "Plan Width": 8,
              "Actual Startup Time": 65.807,
              "Actual Total Time": 65.808,
              "Actual Rows": 1,
              "Actual Loops": 4,
              "Plans": [
                {
                  "Node Type": "Bitmap Heap Scan",
                  "Parent Relationship": "Outer",
                  "Parallel Aware": true,
                  "Relation Name": "movie_companies",
                  "Alias": "mc",
                  "Startup Cost": 4383.89,
                  "Total Cost": 23989.43,
                  "Plan Rows": 65243,
                  "Plan Width": 0,
                  "Actual Startup Time": 24.343,
                  "Actual Total Time": 61.914,
                  "Actual Rows": 50085,
                  "Actual Loops": 4,
                  "Recheck Cond": "(company_id < 63)",
                  "Rows Removed by Index Recheck": 0,
                  "Exact Heap Blocks": 10216,
                  "Lossy Heap Blocks": 0,
                  "Plans": [
                    {
                      "Node Type": "Bitmap Index Scan",
                      "Parent Relationship": "Outer",
                      "Parallel Aware": false,
                      "Index Name": "company_id_movie_companies",
                      "Startup Cost": 0.0,
                      "Total Cost": 4333.33,
                      "Plan Rows": 202253,
                      "Plan Width": 0,
                      "Actual Startup Time": 26.136,
                      "Actual Total Time": 26.136,
                      "Actual Rows": 200341,
                      "Actual Loops": 1,
                      "Index Cond": "(company_id < 63)"
                    }
                  ]
                }
              ]
            }
          ]
        }
      ]
    },
    "Planning Time": 0.17,
    "Triggers": [],
    "Execution Time": 79.219
  }
]