[
  {
    "Plan": {
      "Node Type": "Aggregate",
      "Strategy": "Plain",
      "Partial Mode": "Finalize",
      "Parallel Aware": false,
      "Startup Cost": 24398.16,
      "Total Cost": 24398.17,
      "Plan Rows": 1,
      "Plan Width": 8,
      "Actual Startup Time": 43.299,
      "Actual Total Time": 47.392,
      "Actual Rows": 1,
      "Actual Loops": 1,
      "Plans": [
        {
          "Node Type": "Gather",
          "Parent Relationship": "Outer",
          "Parallel Aware": false,
          "Startup Cost": 24397.85,
          "Total Cost": 24398.16,
          "Plan Rows": 3,
          "Plan Width": 8,
          "Actual Startup Time": 43.14,
          "Actual Total Time": 47.385,
          "Actual Rows": 4,
          "Actual Loops": 1,
          "Workers Planned": 3,
          "Workers Launched": 3,
          "Single Copy": false,
          "Plans": [
            {
              "Node Type": "Aggregate",
              "Strategy": "Plain",
              "Partial Mode": "Partial",
              "Parent Relationship": "Outer",
              "Parallel Aware": false,
              "Startup Cost": 23397.85,
              "Total Cost": 23397.86,
              "Plan Rows": 1,
              "Plan Width": 8,
              "Actual Startup Time": 35.479,
              "Actual Total Time": 35.481,
              "Actual Rows": 1,
              "Actual Loops": 4,
              "Plans": [
                {
                  "Node Type": "Bitmap Heap Scan",
                  "Parent Relationship": "Outer",
                  "Parallel Aware": true,
                  "Relation Name": "movie_companies",
                  "Alias": "mc",
                  "Startup Cost": 3767.07,
                  "Total Cost": 23257.72,
                  "Plan Rows": 56052,
                  "Plan Width": 0,
                  "Actual Startup Time": 6.001,
                  "Actual Total Time": 31.357,
                  "Actual Rows": 44135,
                  "Actual Loops": 4,
                  "Recheck Cond": "(company_id > 121530)",
                  "Rows Removed by Index Recheck": 0,
                  "Exact Heap Blocks": 2248,
                  "Lossy Heap Blocks": 0,
                  "Plans": [
                    {
                      "Node Type": "Bitmap Index Scan",
                      "Parent Relationship": "Outer",
                      "Parallel Aware": false,
                      "Index Name": "company_id_movie_companies",
                      "Startup Cost": 0.0,
                      "Total Cost": 3723.63,
                      "Plan Rows": 173760,
                      "Plan Width": 0,
                      "Actual Startup Time": 11.974,
                      "Actual Total Time": 11.975,
                      "Actual Rows": 176539,
                      "Actual Loops": 1,
                      "Index Cond": "(company_id > 121530)"
                    }
                  ]
                }
              ]
            }
          ]
        }
      ]
    },
    "Planning Time": 0.074,
    "Triggers": [],
    "Execution Time": 47.425
  }
]