[
  {
    "Plan": {
      "Node Type": "Aggregate",
      "Strategy": "Plain",
      "Partial Mode": "Finalize",
      "Parallel Aware": false,
      "Startup Cost": 24581.4,
      "Total Cost": 24581.41,
      "Plan Rows": 1,
      "Plan Width": 8,
      "Actual Startup Time": 55.908,
      "Actual Total Time": 59.866,
      "Actual Rows": 1,
      "Actual Loops": 1,
      "Plans": [
        {
          "Node Type": "Gather",
          "Parent Relationship": "Outer",
          "Parallel Aware": false,
          "Startup Cost": 24581.08,
          "Total Cost": 24581.39,
          "Plan Rows": 3,
          "Plan Width": 8,
          "Actual Startup Time": 55.722,
          "Actual Total Time": 59.858,
          "Actual Rows": 4,
          "Actual Loops": 1,
          "Workers Planned": 3,
          "Workers Launched": 3,
          "Single Copy": false,
          "Plans": [
            {
              "Node Type": "Aggregate",
              "Strategy": "Plain",
              "Partial Mode": "Partial",
              "Parent Relationship": "Outer",
              "Parallel Aware": false,
              "Startup Cost": 23581.08,
              "Total Cost": 23581.09,
              "Plan Rows": 1,
              "Plan Width": 8,
              "Actual Startup Time": 46.922,
              "Actual Total Time": 46.924,
              "Actual Rows": 1,
              "Actual Loops": 4,
              "Plans": [
                {
                  "Node Type": "Bitmap Heap Scan",
                  "Parent Relationship": "Outer",
                  "Parallel Aware": true,
                  "Relation Name": "movie_companies",
                  "Alias": "mc",
                  "Startup Cost": 3916.78,
                  "Total Cost": 23435.37,
                  "Plan Rows": 58287,
                  "Plan Width": 0,
                  "Actual Startup Time": 17.06,
                  "Actual Total Time": 43.011,
                  "Actual Rows": 44135,
                  "Actual Loops": 4,
                  "Recheck Cond": "(company_id > 121530)",
                  "Rows Removed by Index Recheck": 0,
                  "Exact Heap Blocks": 2408,
                  "Lossy Heap Blocks": 0,
                  "Plans": [
                    {
                      "Node Type": "Bitmap Index Scan",
                      "Parent Relationship": "Outer",
                      "Parallel Aware": false,
                      "Index Name": "company_id_movie_companies",
                      "Startup Cost": 0.0,
                      "Total Cost": 3871.61,
                      "Plan Rows": 180690,
                      "Plan Width": 0,
                      "Actual Startup Time": 23.547,
                      "Actual Total Time": 23.547,
                      "Actual Rows": 176539,
                      "Actual Loops": 1,
                      "Index Cond": "(company_id > 121530)"
                    }
                  ]
                }
              ]
            }
          ]
        }
      ]
    },
    "Planning Time": 0.186,
    "Triggers": [],
    "Execution Time": 59.936
  }
]