[
  {
    "Plan": {
      "Node Type": "Aggregate",
      "Strategy": "Plain",
      "Partial Mode": "Finalize",
      "Parallel Aware": false,
      "Startup Cost": 77119.25,
      "Total Cost": 77119.26,
      "Plan Rows": 1,
      "Plan Width": 8,
      "Actual Startup Time": 228.447,
      "Actual Total Time": 242.669,
      "Actual Rows": 1,
      "Actual Loops": 1,
      "Plans": [
        {
          "Node Type": "Gather",
          "Parent Relationship": "Outer",
          "Parallel Aware": false,
          "Startup Cost": 77118.93,
          "Total Cost": 77119.24,
          "Plan Rows": 3,
          "Plan Width": 8,
          "Actual Startup Time": 228.167,
          "Actual Total Time": 242.662,
          "Actual Rows": 4,
          "Actual Loops": 1,
          "Workers Planned": 3,
          "Workers Launched": 3,
          "Single Copy": false,
          "Plans": [
            {
              "Node Type": "Aggregate",
              "Strategy": "Plain",
              "Partial Mode": "Partial",
              "Parent Relationship": "Outer",
              "Parallel Aware": false,
              "Startup Cost": 76118.93,
              "Total Cost": 76118.94,
              "Plan Rows": 1,
              "Plan Width": 8,
              "Actual Startup Time": 220.669,
              "Actual Total Time": 220.672,
              "Actual Rows": 1,
              "Actual Loops": 4,
              "Plans": [
                {
                  "Node Type": "Hash Join",
                  "Parent Relationship": "Outer",
                  "Parallel Aware": true,
                  "Join Type": "Inner",
                  "Startup Cost": 45609.29,
                  "Total Cost": 76100.48,
                  "Plan Rows": 7382,
                  "Plan Width": 0,
                  "Actual Startup Time": 116.71,
                  "Actual Total Time": 220.033,
                  "Actual Rows": 9738,
                  "Actual Loops": 4,
                  "Inner Unique": true,
                  "Hash Cond": "(mc.movie_id = t.id)",
                  "Plans": [
                    {
                      "Node Type": "Seq Scan",
                      "Parent Relationship": "Outer",
                      "Parallel Aware": true,
                      "Relation Name": "movie_companies",
                      "Alias": "mc",
                      "Startup Cost": 0.0,
                      "Total Cost": 29310.68,
                      "Plan Rows": 449718,
                      "Plan Width": 4,
                      "Actual Startup Time": 10.263,
                      "Actual Total Time": 75.483,
                      "Actual Rows": 346444,
                      "Actual Loops": 4,
                      "Filter": "(company_id > 11138)",
                      "Rows Removed by Filter": 305839
                    },
                    {
                      "Node Type": "Hash",
                      "Parent Relationship": "Inner",
                      "Parallel Aware": true,
                      "Startup Cost": 45479.59,
                      "Total Cost": 45479.59,
                      "Plan Rows": 10376,
                      "Plan Width": 4,
                      "Actual Startup Time": 104.897,
                      "Actual Total Time": 104.898,
                      "Actual Rows": 9353,
                      "Actual Loops": 4,
                      "Hash Buckets": 65536,
                      "Original Hash Buckets": 65536,
                      "Hash Batches": 1,
                      "Original Hash Batches": 1,
                      "Peak Memory Usage": 2080,
                      "Plans": [
                        {
                          "Node Type": "Seq Scan",
                          "Parent Relationship": "Outer",
                          "Parallel Aware": true,
                          "Relation Name": "title",
                          "Alias": "t",
                          "Startup Cost": 0.0,
                          "Total Cost": 45479.59,
                          "Plan Rows": 10376,
                          "Plan Width": 4,
                          "Actual Startup Time": 63.575,
                          "Actual Total Time": 100.935,
                          "Actual Rows": 9353,
                          "Actual Loops": 4,
                          "Filter": "((kind_id = 1) AND (production_year = 2011))",
                          "Rows Removed by Filter": 622725
                        }
                      ]
                    }
                  ]
                }
              ]
            }
          ]
        }
      ]
    },
    "Planning Time": 0.493,
    "Triggers": [],
    "Execution Time": 242.724
  }
]