[
  {
    "Plan": {
      "Node Type": "Aggregate",
      "Strategy": "Plain",
      "Partial Mode": "Finalize",
      "Parallel Aware": false,
      "Startup Cost": 25517.52,
      "Total Cost": 25517.53,
      "Plan Rows": 1,
      "Plan Width": 8,
      "Actual Startup Time": 44.123,
      "Actual Total Time": 48.017,
      "Actual Rows": 1,
      "Actual Loops": 1,
      "Plans": [
        {
          "Node Type": "Gather",
          "Parent Relationship": "Outer",
          "Parallel Aware": false,
          "Startup Cost": 25517.2,
          "Total Cost": 25517.51,
          "Plan Rows": 3,
          "Plan Width": 8,
          "Actual Startup Time": 43.936,
          "Actual Total Time": 48.011,
          "Actual Rows": 4,
          "Actual Loops": 1,
          "Workers Planned": 3,
          "Workers Launched": 3,
          "Single Copy": false,
          "Plans": [
            {
              "Node Type": "Aggregate",
              "Strategy": "Plain",
              "Partial Mode": "Partial",
              "Parent Relationship": "Outer",
              "Parallel Aware": false,
              "Startup Cost": 24517.2,
              "Total Cost": 24517.21,
              "Plan Rows": 1,
              "Plan Width": 8,
              "Actual Startup Time": 38.612,
              "Actual Total Time": 38.613,
              "Actual Rows": 1,
              "Actual Loops": 4,
              "Plans": [
                {
                  "Node Type": "Bitmap Heap Scan",
                  "Parent Relationship": "Outer",
                  "Parallel Aware": true,
                  "Relation Name": "movie_companies",
                  "Alias": "mc",
                  "Startup Cost": 4682.19,
                  "Total Cost": 24343.03,
                  "Plan Rows": 69667,
                  "Plan Width": 0,
                  "Actual Startup Time": 11.764,
                  "Actual Total Time": 35.086,
                  "Actual Rows": 53304,
                  "Actual Loops": 4,
                  "Recheck Cond": "(company_id > 109754)",
                  "Rows Removed by Index Recheck": 0,
                  "Exact Heap Blocks": 2100,
                  "Lossy Heap Blocks": 0,
                  "Plans": [
                    {
                      "Node Type": "Bitmap Index Scan",
                      "Parent Relationship": "Outer",
                      "Parallel Aware": false,
                      "Index Name": "company_id_movie_companies",
                      "Startup Cost": 0.0,
                      "Total Cost": 4628.2,
                      "Plan Rows": 215969,
                      "Plan Width": 0,
                      "Actual Startup Time": 15.789,
                      "Actual Total Time": 15.789,
                      "Actual Rows": 213214,
                      "Actual Loops": 1,
                      "Index Cond": "(company_id > 109754)"
                    }
                  ]
                }
              ]
            }
          ]
        }
      ]
    },
    "Planning Time": 0.099,
    "Triggers": [],
    "Execution Time": 48.053
  }
]