[
  {
    "Plan": {
      "Node Type": "Aggregate",
      "Strategy": "Plain",
      "Partial Mode": "Finalize",
      "Parallel Aware": false,
      "Startup Cost": 32776.0,
      "Total Cost": 32776.01,
      "Plan Rows": 1,
      "Plan Width": 8,
      "Actual Startup Time": 109.496,
      "Actual Total Time": 117.135,
      "Actual Rows": 1,
      "Actual Loops": 1,
      "Plans": [
        {
          "Node Type": "Gather",
          "Parent Relationship": "Outer",
          "Parallel Aware": false,
          "Startup Cost": 32775.68,
          "Total Cost": 32775.99,
          "Plan Rows": 3,
          "Plan Width": 8,
          "Actual Startup Time": 109.369,
          "Actual Total Time": 117.126,
          "Actual Rows": 4,
          "Actual Loops": 1,
          "Workers Planned": 3,
          "Workers Launched": 3,
          "Single Copy": false,
          "Plans": [
            {
              "Node Type": "Aggregate",
              "Strategy": "Plain",
              "Partial Mode": "Partial",
              "Parent Relationship": "Outer",
              "Parallel Aware": false,
              "Startup Cost": 31775.68,
              "Total Cost": 31775.69,
              "Plan Rows": 1,
              "Plan Width": 8,
              "Actual Startup Time": 100.246,
              "Actual Total Time": 100.247,
              "Actual Rows": 1,
              "Actual Loops": 4,
              "Plans": [
                {
                  "Node Type": "Seq Scan",
                  "Parent Relationship": "Outer",
                  "Parallel Aware": true,
                  "Relation Name": "movie_companies",
                  "Alias": "mc",
                  "Startup Cost": 0.0,
                  "Total Cost": 31414.82,
                  "Plan Rows": 144345,
                  "Plan Width": 0,
                  "Actual Startup Time": 51.352,
                  "Actual Total Time": 90.517,
                  "Actual Rows": 190804,
                  "Actual Loops": 4,
                  "Filter": "((company_id > 23900) AND (company_type_id = 2))",
                  "Rows Removed by Filter": 461478
                }
              ]
            }
          ]
        }
      ]
    },
    "Planning Time": 0.22,
    "Triggers": [],
    "Execution Time": 117.193
  }
]