[
  {
    "Plan": {
      "Node Type": "Aggregate",
      "Strategy": "Plain",
      "Partial Mode": "Finalize",
      "Parallel Aware": false,
      "Startup Cost": 378221.11,
      "Total Cost": 378221.12,
      "Plan Rows": 1,
      "Plan Width": 8,
      "Actual Startup Time": 1578.549,
      "Actual Total Time": 1642.751,
      "Actual Rows": 1,
      "Actual Loops": 1,
      "Plans": [
        {
          "Node Type": "Gather",
          "Parent Relationship": "Outer",
          "Parallel Aware": false,
          "Startup Cost": 378220.49,
          "Total Cost": 378221.1,
          "Plan Rows": 6,
          "Plan Width": 8,
          "Actual Startup Time": 1575.859,
          "Actual Total Time": 1642.743,
          "Actual Rows": 7,
          "Actual Loops": 1,
          "Workers Planned": 6,
          "Workers Launched": 6,
          "Single Copy": false,
          "Plans": [
            {
              "Node Type": "Aggregate",
              "Strategy": "Plain",
              "Partial Mode": "Partial",
              "Parent Relationship": "Outer",
              "Parallel Aware": false,
              "Startup Cost": 377220.49,
              "Total Cost": 377220.5,
              "Plan Rows": 1,
              "Plan Width": 8,
              "Actual Startup Time": 1565.179,
              "Actual Total Time": 1565.182,
              "Actual Rows": 1,
              "Actual Loops": 7,
              "Plans": [
                {
                  "Node Type": "Hash Join",
                  "Parent Relationship": "Outer",
                  "Parallel Aware": true,
                  "Join Type": "Inner",
                  "Startup Cost": 46449.57,
                  "Total Cost": 375366.37,
                  "Plan Rows": 741647,
                  "Plan Width": 0,
                  "Actual Startup Time": 100.093,
                  "Actual Total Time": 1526.823,
                  "Actual Rows": 831072,
                  "Actual Loops": 7,
                  "Inner Unique": true,
                  "Hash Cond": "(ci.movie_id = t.id)",
                  "Plans": [
                    {
                      "Node Type": "Seq Scan",
                      "Parent Relationship": "Outer",
                      "Parallel Aware": true,
                      "Relation Name": "cast_info",
                      "Alias": "ci",
                      "Startup Cost": 0.0,
                      "Total Cost": 313067.02,
                      "Plan Rows": 6038002,
                      "Plan Width": 4,
                      "Actual Startup Time": 0.017,
                      "Actual Total Time": 512.23,
                      "Actual Rows": 5177763,
                      "Actual Loops": 7
                    },
                    {
                      "Node Type": "Hash",
                      "Parent Relationship": "Inner",
                      "Parallel Aware": true,
                      "Startup Cost": 45479.1,
                      "Total Cost": 45479.1,
                      "Plan Rows": 77638,
                      "Plan Width": 4,
                      "Actual Startup Time": 97.65,
                      "Actual Total Time": 97.651,
                      "Actual Rows": 57249,
                      "Actual Loops": 7,
                      "Hash Buckets": 524288,
                      "Original Hash Buckets": 524288,
                      "Hash Batches": 1,
                      "Original Hash Batches": 1,
                      "Peak Memory Usage": 19904,
                      "Plans": [
                        {
                          "Node Type": "Seq Scan",
                          "Parent Relationship": "Outer",
                          "Parallel Aware": true,
                          "Relation Name": "title",
                          "Alias": "t",
                          "Startup Cost": 0.0,
                          "Total Cost": 45479.1,
                          "Plan Rows": 77638,
                          "Plan Width": 4,
                          "Actual Startup Time": 48.668,
                          "Actual Total Time": 76.547,
                          "Actual Rows": 57249,
                          "Actual Loops": 7,
                          "Filter": "((production_year < 2003) AND (kind_id = 1))",
                          "Rows Removed by Filter": 303939
                        }
                      ]
                    }
                  ]
                }
              ]
            }
          ]
        }
      ]
    },
    "Planning Time": 0.607,
    "Triggers": [],
    "Execution Time": 1642.838
  }
]