[
  {
    "Plan": {
      "Node Type": "Aggregate",
      "Strategy": "Plain",
      "Partial Mode": "Finalize",
      "Parallel Aware": false,
      "Startup Cost": 249520.56,
      "Total Cost": 249520.57,
      "Plan Rows": 1,
      "Plan Width": 8,
      "Actual Startup Time": 476.432,
      "Actual Total Time": 501.039,
      "Actual Rows": 1,
      "Actual Loops": 1,
      "Plans": [
        {
          "Node Type": "Gather",
          "Parent Relationship": "Outer",
          "Parallel Aware": false,
          "Startup Cost": 249520.04,
          "Total Cost": 249520.55,
          "Plan Rows": 5,
          "Plan Width": 8,
          "Actual Startup Time": 470.286,
          "Actual Total Time": 501.026,
          "Actual Rows": 6,
          "Actual Loops": 1,
          "Workers Planned": 5,
          "Workers Launched": 5,
          "Single Copy": false,
          "Plans": [
            {
              "Node Type": "Aggregate",
              "Strategy": "Plain",
              "Partial Mode": "Partial",
              "Parent Relationship": "Outer",
              "Parallel Aware": false,
              "Startup Cost": 248520.04,
              "Total Cost": 248520.05,
              "Plan Rows": 1,
              "Plan Width": 8,
              "Actual Startup Time": 461.272,
              "Actual Total Time": 461.279,
              "Actual Rows": 1,
              "Actual Loops": 6,
              "Plans": [
                {
                  "Node Type": "Nested Loop",
                  "Parent Relationship": "Outer",
                  "Parallel Aware": false,
                  "Join Type": "Inner",
                  "Startup Cost": 53528.75,
                  "Total Cost": 248449.15,
                  "Plan Rows": 28355,
                  "Plan Width": 0,
                  "Actual Startup Time": 178.65,
                  "Actual Total Time": 437.229,
                  "Actual Rows": 521808,
                  "Actual Loops": 6,
                  "Inner Unique": false,
                  "Plans": [
                    {
                      "Node Type": "Hash Join",
                      "Parent Relationship": "Outer",
                      "Parallel Aware": true,
                      "Join Type": "Inner",
                      "Startup Cost": 53528.32,
                      "Total Cost": 216564.72,
                      "Plan Rows": 15848,
                      "Plan Width": 8,
                      "Actual Startup Time": 177.91,
                      "Actual Total Time": 216.568,
                      "Actual Rows": 24526,
                      "Actual Loops": 6,
                      "Inner Unique": true,
                      "Hash Cond": "(mi.movie_id = t.id)",
                      "Plans": [
                        {
                          "Node Type": "Bitmap Heap Scan",
                          "Parent Relationship": "Outer",
                          "Parallel Aware": true,
                          "Relation Name": "movie_info",
                          "Alias": "mi",
                          "Startup Cost": 6233.6,
                          "Total Cost": 169088.91,
                          "Plan Rows": 68985,
                          "Plan Width": 4,
                          "Actual Startup Time": 22.488,
                          "Actual Total Time": 57.642,
                          "Actual Rows": 54810,
                          "Actual Loops": 6,
                          "Recheck Cond": "(info_type_id = 98)",
                          "Rows Removed by Index Recheck": 0,
                          "Exact Heap Blocks": 4960,
                          "Lossy Heap Blocks": 0,
                          "Plans": [
                            {
                              "Node Type": "Bitmap Index Scan",
                              "Parent Relationship": "Outer",
                              "Parallel Aware": false,
                              "Index Name": "info_type_id_movie_info",
                              "Startup Cost": 0.0,
                              "Total Cost": 6147.37,
                              "Plan Rows": 344924,
                              "Plan Width": 0,
                              "Actual Startup Time": 18.768,
                              "Actual Total Time": 18.771,
                              "Actual Rows": 328857,
                              "Actual Loops": 1,
                              "Index Cond": "(info_type_id = 98)"
                            }
                          ]
                        },
                        {
                          "Node Type": "Hash",
                          "Parent Relationship": "Inner",
                          "Parallel Aware": true,
                          "Startup Cost": 45479.59,
                          "Total Cost": 45479.59,
                          "Plan Rows": 145211,
                          "Plan Width": 4,
                          "Actual Startup Time": 129.8,
                          "Actual Total Time": 129.801,
                          "Actual Rows": 99122,
                          "Actual Loops": 6,
                          "Hash Buckets": 1048576,
                          "Original Hash Buckets": 1048576,
                          "Hash Batches": 1,
                          "Original Hash Batches": 1,
                          "Peak Memory Usage": 31616,
                          "Plans": [
                            {
                              "Node Type": "Seq Scan",
                              "Parent Relationship": "Outer",
                              "Parallel Aware": true,
                              "Relation Name": "title",
                              "Alias": "t",
                              "Startup Cost": 0.0,
                              "Total Cost": 45479.59,
                              "Plan Rows": 145211,
                              "Plan Width": 4,
                              "Actual Startup Time": 49.464,
                              "Actual Total Time": 85.334,
                              "Actual Rows": 99122,
                              "Actual Loops": 6,
                              "Filter": "((production_year < 2012) AND (kind_id = 1))",
                              "Rows Removed by Filter": 322264
                            }
                          ]
                        }
                      ]
                    },
                    {
                      "Node Type": "Index Only Scan",
                      "Parent Relationship": "Inner",
                      "Parallel Aware": false,
                      "Scan Direction": "Forward",
                      "Index Name": "movie_id_movie_keyword",
                      "Relation Name": "movie_keyword",
                      "Alias": "mk",
                      "Startup Cost": 0.43,
                      "Total Cost": 1.55,
                      "Plan Rows": 46,
                      "Plan Width": 4,
                      "Actual Startup Time": 0.004,
                      "Actual Total Time": 0.007,
                      "Actual Rows": 21,
                      "Actual Loops": 147158,
                      "Index Cond": "(movie_id = t.id)",
                      "Rows Removed by Index Recheck": 0,
                      "Heap Fetches": 3130846
                    }
                  ]
                }
              ]
            }
          ]
        }
      ]
    },
    "Planning Time": 0.99,
    "Triggers": [],
    "Execution Time": 501.138
  }
]