{
  "Plan": {
    "Node Type": "Aggregate",
    "Strategy": "Plain",
    "Partial Mode": "Finalize",
    "Parallel Aware": false,
    "Startup Cost": 979237.33,
    "Total Cost": 979237.34,
    "Plan Rows": 1,
    "Plan Width": 8,
    "Actual Startup Time": 10560.385,
    "Actual Total Time": 10643.074,
    "Actual Rows": 1,
    "Actual Loops": 1,
    "Plans": [
      {
        "Node Type": "Gather",
        "Parent Relationship": "Outer",
        "Parallel Aware": false,
        "Startup Cost": 979237.22,
        "Total Cost": 979237.33,
        "Plan Rows": 1,
        "Plan Width": 8,
        "Actual Startup Time": 10543.119,
        "Actual Total Time": 10643.065,
        "Actual Rows": 2,
        "Actual Loops": 1,
        "Workers Planned": 1,
        "Workers Launched": 1,
        "Single Copy": false,
        "Plans": [
          {
            "Node Type": "Aggregate",
            "Strategy": "Plain",
            "Partial Mode": "Partial",
            "Parent Relationship": "Outer",
            "Parallel Aware": false,
            "Startup Cost": 978237.22,
            "Total Cost": 978237.23,
            "Plan Rows": 1,
            "Plan Width": 8,
            "Actual Startup Time": 10518.121,
            "Actual Total Time": 10520.876,
            "Actual Rows": 1,
            "Actual Loops": 2,
            "Plans": [
              {
                "Node Type": "Hash Join",
                "Parent Relationship": "Outer",
                "Parallel Aware": true,
                "Join Type": "Inner",
                "Startup Cost": 738002.67,
                "Total Cost": 964044.55,
                "Plan Rows": 5677068,
                "Plan Width": 0,
                "Actual Startup Time": 7407.129,
                "Actual Total Time": 9780.614,
                "Actual Rows": 19228575,
                "Actual Loops": 2,
                "Inner Unique": false,
                "Hash Cond": "(mi.movie_id = t.id)",
                "Plans": [
                  {
                    "Node Type": "Bitmap Heap Scan",
                    "Parent Relationship": "Outer",
                    "Parallel Aware": true,
                    "Relation Name": "movie_info",
                    "Alias": "mi",
                    "Startup Cost": 41958.26,
                    "Total Cost": 220981.46,
                    "Plan Rows": 1362416,
                    "Plan Width": 4,
                    "Actual Startup Time": 82.936,
                    "Actual Total Time": 269.872,
                    "Actual Rows": 1116925,
                    "Actual Loops": 2,
                    "Recheck Cond": "(info_type_id > 16)",
                    "Rows Removed by Index Recheck": 0,
                    "Exact Heap Blocks": 25775,
                    "Lossy Heap Blocks": 0,
                    "Plans": [
                      {
                        "Node Type": "Bitmap Index Scan",
                        "Parent Relationship": "Outer",
                        "Parallel Aware": false,
                        "Index Name": "info_type_id_movie_info",
                        "Startup Cost": 0.0,
                        "Total Cost": 41379.24,
                        "Plan Rows": 2316107,
                        "Plan Width": 0,
                        "Actual Startup Time": 74.948,
                        "Actual Total Time": 74.949,
                        "Actual Rows": 2233850,
                        "Actual Loops": 1,
                        "Index Cond": "(info_type_id > 16)"
                      }
                    ]
                  },
                  {
                    "Node Type": "Hash",
                    "Parent Relationship": "Inner",
                    "Parallel Aware": true,
                    "Startup Cost": 618579.88,
                    "Total Cost": 618579.88,
                    "Plan Rows": 6197162,
                    "Plan Width": 8,
                    "Actual Startup Time": 7269.129,
                    "Actual Total Time": 7271.881,
                    "Actual Rows": 4578518,
                    "Actual Loops": 2,
                    "Hash Buckets": 16777216,
                    "Original Hash Buckets": 16777216,
                    "Hash Batches": 1,
                    "Original Hash Batches": 1,
                    "Peak Memory Usage": 489344,
                    "Plans": [
                      {
                        "Node Type": "Hash Join",
                        "Parent Relationship": "Outer",
                        "Parallel Aware": true,
                        "Join Type": "Inner",
                        "Startup Cost": 62834.04,
                        "Total Cost": 618579.88,
                        "Plan Rows": 6197162,
                        "Plan Width": 8,
                        "Actual Startup Time": 865.613,
                        "Actual Total Time": 5635.585,
                        "Actual Rows": 4578518,
                        "Actual Loops": 2,
                        "Inner Unique": true,
                        "Hash Cond": "(ci.movie_id = t.id)",
                        "Plans": [
                          {
                            "Node Type": "Seq Scan",
                            "Parent Relationship": "Outer",
                            "Parallel Aware": true,
                            "Relation Name": "cast_info",
                            "Alias": "ci",
                            "Startup Cost": 0.0,
                            "Total Cost": 519069.44,
                            "Plan Rows": 13971936,
                            "Plan Width": 4,
                            "Actual Startup Time": 522.272,
                            "Actual Total Time": 1899.099,
                            "Actual Rows": 11786828,
                            "Actual Loops": 2,
                            "Filter": "(role_id > 1)",
                            "Rows Removed by Filter": 6335344
                          },
                          {
                            "Node Type": "Hash",
                            "Parent Relationship": "Inner",
                            "Parallel Aware": true,
                            "Startup Cost": 54588.39,
                            "Total Cost": 54588.39,
                            "Plan Rows": 659652,
                            "Plan Width": 4,
                            "Actual Startup Time": 337.567,
                            "Actual Total Time": 337.568,
                            "Actual Rows": 566678,
                            "Actual Loops": 2,
                            "Hash Buckets": 2097152,
                            "Original Hash Buckets": 2097152,
                            "Hash Batches": 1,
                            "Original Hash Batches": 1,
                            "Peak Memory Usage": 60768,
                            "Plans": [
                              {
                                "Node Type": "Seq Scan",
                                "Parent Relationship": "Outer",
                                "Parallel Aware": true,
                                "Relation Name": "title",
                                "Alias": "t",
                                "Startup Cost": 0.0,
                                "Total Cost": 54588.39,
                                "Plan Rows": 659652,
                                "Plan Width": 4,
                                "Actual Startup Time": 0.037,
                                "Actual Total Time": 165.297,
                                "Actual Rows": 566678,
                                "Actual Loops": 2,
                                "Filter": "(production_year < 2002)",
                                "Rows Removed by Filter": 697478
                              }
                            ]
                          }
                        ]
                      }
                    ]
                  }
                ]
              }
            ]
          }
        ]
      }
    ]
  },
  "Planning Time": 1.021,
  "Triggers": [],
  "Execution Time": 10643.182
}