{
  "Plan": {
    "Node Type": "Aggregate",
    "Strategy": "Plain",
    "Partial Mode": "Finalize",
    "Parallel Aware": false,
    "Startup Cost": 655323.25,
    "Total Cost": 655323.26,
    "Plan Rows": 1,
    "Plan Width": 8,
    "Actual Startup Time": 18023.652,
    "Actual Total Time": 18154.355,
    "Actual Rows": 1,
    "Actual Loops": 1,
    "Plans": [
      {
        "Node Type": "Gather",
        "Parent Relationship": "Outer",
        "Parallel Aware": false,
        "Startup Cost": 655323.13,
        "Total Cost": 655323.24,
        "Plan Rows": 1,
        "Plan Width": 8,
        "Actual Startup Time": 17993.565,
        "Actual Total Time": 18154.346,
        "Actual Rows": 2,
        "Actual Loops": 1,
        "Workers Planned": 1,
        "Workers Launched": 1,
        "Single Copy": false,
        "Plans": [
          {
            "Node Type": "Aggregate",
            "Strategy": "Plain",
            "Partial Mode": "Partial",
            "Parent Relationship": "Outer",
            "Parallel Aware": false,
            "Startup Cost": 654323.13,
            "Total Cost": 654323.14,
            "Plan Rows": 1,
            "Plan Width": 8,
            "Actual Startup Time": 17966.014,
            "Actual Total Time": 17969.916,
            "Actual Rows": 1,
            "Actual Loops": 2,
            "Plans": [
              {
                "Node Type": "Hash Join",
                "Parent Relationship": "Outer",
                "Parallel Aware": true,
                "Join Type": "Inner",
                "Startup Cost": 449947.61,
                "Total Cost": 620165.52,
                "Plan Rows": 13663045,
                "Plan Width": 0,
                "Actual Startup Time": 5970.101,
                "Actual Total Time": 13578.584,
                "Actual Rows": 106904304,
                "Actual Loops": 2,
                "Inner Unique": false,
                "Hash Cond": "(mk.movie_id = t.id)",
                "Plans": [
                  {
                    "Node Type": "Seq Scan",
                    "Parent Relationship": "Outer",
                    "Parallel Aware": true,
                    "Relation Name": "movie_keyword",
                    "Alias": "mk",
                    "Startup Cost": 0.0,
                    "Total Cost": 57718.19,
                    "Plan Rows": 2336645,
                    "Plan Width": 4,
                    "Actual Startup Time": 0.045,
                    "Actual Total Time": 205.209,
                    "Actual Rows": 1978830,
                    "Actual Loops": 2,
                    "Filter": "(keyword_id > 398)",
                    "Rows Removed by Filter": 283135
                  },
                  {
                    "Node Type": "Hash",
                    "Parent Relationship": "Inner",
                    "Parallel Aware": true,
                    "Startup Cost": 341244.19,
                    "Total Cost": 341244.19,
                    "Plan Rows": 8696274,
                    "Plan Width": 8,
                    "Actual Startup Time": 5895.118,
                    "Actual Total Time": 5899.016,
                    "Actual Rows": 7417860,
                    "Actual Loops": 2,
                    "Hash Buckets": 16777216,
                    "Original Hash Buckets": 16777216,
                    "Hash Batches": 1,
                    "Original Hash Batches": 1,
                    "Peak Memory Usage": 711456,
                    "Plans": [
                      {
                        "Node Type": "Hash Join",
                        "Parent Relationship": "Outer",
                        "Parallel Aware": true,
                        "Join Type": "Inner",
                        "Startup Cost": 69460.7,
                        "Total Cost": 341244.19,
                        "Plan Rows": 8696274,
                        "Plan Width": 8,
                        "Actual Startup Time": 602.884,
                        "Actual Total Time": 3782.987,
                        "Actual Rows": 7417860,
                        "Actual Loops": 2,
                        "Inner Unique": true,
                        "Hash Cond": "(mi.movie_id = t.id)",
                        "Plans": [
                          {
                            "Node Type": "Seq Scan",
                            "Parent Relationship": "Outer",
                            "Parallel Aware": true,
                            "Relation Name": "movie_info",
                            "Alias": "mi",
                            "Startup Cost": 0.0,
                            "Total Cost": 248955.74,
                            "Plan Rows": 8696274,
                            "Plan Width": 4,
                            "Actual Startup Time": 0.013,
                            "Actual Total Time": 675.323,
                            "Actual Rows": 7417860,
                            "Actual Loops": 2
                          },
                          {
                            "Node Type": "Hash",
                            "Parent Relationship": "Inner",
                            "Parallel Aware": true,
                            "Startup Cost": 50870.31,
                            "Total Cost": 50870.31,
                            "Plan Rows": 1487231,
                            "Plan Width": 4,
                            "Actual Startup Time": 585.434,
                            "Actual Total Time": 585.435,
                            "Actual Rows": 1264156,
                            "Actual Loops": 2,
                            "Hash Buckets": 4194304,
                            "Original Hash Buckets": 4194304,
                            "Hash Batches": 1,
                            "Original Hash Batches": 1,
                            "Peak Memory Usage": 131712,
                            "Plans": [
                              {
                                "Node Type": "Seq Scan",
                                "Parent Relationship": "Outer",
                                "Parallel Aware": true,
                                "Relation Name": "title",
                                "Alias": "t",
                                "Startup Cost": 0.0,
                                "Total Cost": 50870.31,
                                "Plan Rows": 1487231,
                                "Plan Width": 4,
                                "Actual Startup Time": 0.048,
                                "Actual Total Time": 179.472,
                                "Actual Rows": 1264156,
                                "Actual Loops": 2
                              }
                            ]
                          }
                        ]
                      }
                    ]
                  }
                ]
              }
            ]
          }
        ]
      }
    ]
  },
  "Planning Time": 0.867,
  "Triggers": [],
  "Execution Time": 18154.443
}