[
  {
    "Plan": {
      "Node Type": "Aggregate",
      "Strategy": "Plain",
      "Partial Mode": "Finalize",
      "Parallel Aware": false,
      "Startup Cost": 32704.51,
      "Total Cost": 32704.52,
      "Plan Rows": 1,
      "Plan Width": 8,
      "Actual Startup Time": 62.826,
      "Actual Total Time": 68.87,
      "Actual Rows": 1,
      "Actual Loops": 1,
      "Plans": [
        {
          "Node Type": "Gather",
          "Parent Relationship": "Outer",
          "Parallel Aware": false,
          "Startup Cost": 32704.19,
          "Total Cost": 32704.5,
          "Plan Rows": 3,
          "Plan Width": 8,
          "Actual Startup Time": 62.706,
          "Actual Total Time": 68.862,
          "Actual Rows": 4,
          "Actual Loops": 1,
          "Workers Planned": 3,
          "Workers Launched": 3,
          "Single Copy": false,
          "Plans": [
            {
              "Node Type": "Aggregate",
              "Strategy": "Plain",
              "Partial Mode": "Partial",
              "Parent Relationship": "Outer",
              "Parallel Aware": false,
              "Startup Cost": 31704.19,
              "Total Cost": 31704.2,
              "Plan Rows": 1,
              "Plan Width": 8,
              "Actual Startup Time": 59.359,
              "Actual Total Time": 59.36,
              "Actual Rows": 1,
              "Actual Loops": 4,
              "Plans": [
                {
                  "Node Type": "Seq Scan",
                  "Parent Relationship": "Outer",
                  "Parallel Aware": true,
                  "Relation Name": "movie_companies",
                  "Alias": "mc",
                  "Startup Cost": 0.0,
                  "Total Cost": 31414.82,
                  "Plan Rows": 115748,
                  "Plan Width": 0,
                  "Actual Startup Time": 16.066,
                  "Actual Total Time": 58.792,
                  "Actual Rows": 10734,
                  "Actual Loops": 4,
                  "Filter": "((company_id > 40969) AND (company_type_id = 1))",
                  "Rows Removed by Filter": 641549
                }
              ]
            }
          ]
        }
      ]
    },
    "Planning Time": 0.214,
    "Triggers": [],
    "Execution Time": 68.928
  }
]