[
  {
    "Plan": {
      "Node Type": "Aggregate",
      "Strategy": "Plain",
      "Partial Mode": "Finalize",
      "Parallel Aware": false,
      "Startup Cost": 32698.27,
      "Total Cost": 32698.28,
      "Plan Rows": 1,
      "Plan Width": 8,
      "Actual Startup Time": 82.406,
      "Actual Total Time": 90.481,
      "Actual Rows": 1,
      "Actual Loops": 1,
      "Plans": [
        {
          "Node Type": "Gather",
          "Parent Relationship": "Outer",
          "Parallel Aware": false,
          "Startup Cost": 32697.96,
          "Total Cost": 32698.27,
          "Plan Rows": 3,
          "Plan Width": 8,
          "Actual Startup Time": 82.277,
          "Actual Total Time": 90.471,
          "Actual Rows": 4,
          "Actual Loops": 1,
          "Workers Planned": 3,
          "Workers Launched": 3,
          "Single Copy": false,
          "Plans": [
            {
              "Node Type": "Aggregate",
              "Strategy": "Plain",
              "Partial Mode": "Partial",
              "Parent Relationship": "Outer",
              "Parallel Aware": false,
              "Startup Cost": 31697.96,
              "Total Cost": 31697.97,
              "Plan Rows": 1,
              "Plan Width": 8,
              "Actual Startup Time": 74.063,
              "Actual Total Time": 74.063,
              "Actual Rows": 1,
              "Actual Loops": 4,
              "Plans": [
                {
                  "Node Type": "Seq Scan",
                  "Parent Relationship": "Outer",
                  "Parallel Aware": true,
                  "Relation Name": "movie_companies",
                  "Alias": "mc",
                  "Startup Cost": 0.0,
                  "Total Cost": 31414.82,
                  "Plan Rows": 113255,
                  "Plan Width": 0,
                  "Actual Startup Time": 31.2,
                  "Actual Total Time": 73.5,
                  "Actual Rows": 10734,
                  "Actual Loops": 4,
                  "Filter": "((company_id > 40969) AND (company_type_id = 1))",
                  "Rows Removed by Filter": 641549
                }
              ]
            }
          ]
        }
      ]
    },
    "Planning Time": 0.196,
    "Triggers": [],
    "Execution Time": 90.534
  }
]