[
  {
    "Plan": {
      "Node Type": "Aggregate",
      "Strategy": "Plain",
      "Partial Mode": "Finalize",
      "Parallel Aware": false,
      "Startup Cost": 92901.52,
      "Total Cost": 92901.53,
      "Plan Rows": 1,
      "Plan Width": 8,
      "Actual Startup Time": 346.711,
      "Actual Total Time": 362.554,
      "Actual Rows": 1,
      "Actual Loops": 1,
      "Plans": [
        {
          "Node Type": "Gather",
          "Parent Relationship": "Outer",
          "Parallel Aware": false,
          "Startup Cost": 92901.2,
          "Total Cost": 92901.51,
          "Plan Rows": 3,
          "Plan Width": 8,
          "Actual Startup Time": 344.357,
          "Actual Total Time": 362.535,
          "Actual Rows": 4,
          "Actual Loops": 1,
          "Workers Planned": 3,
          "Workers Launched": 3,
          "Single Copy": false,
          "Plans": [
            {
              "Node Type": "Aggregate",
              "Strategy": "Plain",
              "Partial Mode": "Partial",
              "Parent Relationship": "Outer",
              "Parallel Aware": false,
              "Startup Cost": 91901.2,
              "Total Cost": 91901.21,
              "Plan Rows": 1,
              "Plan Width": 8,
              "Actual Startup Time": 335.704,
              "Actual Total Time": 335.708,
              "Actual Rows": 1,
              "Actual Loops": 4,
              "Plans": [
                {
                  "Node Type": "Hash Join",
                  "Parent Relationship": "Outer",
                  "Parallel Aware": true,
                  "Join Type": "Inner",
                  "Startup Cost": 47192.45,
                  "Total Cost": 91556.61,
                  "Plan Rows": 137838,
                  "Plan Width": 0,
                  "Actual Startup Time": 157.585,
                  "Actual Total Time": 327.661,
                  "Actual Rows": 181053,
                  "Actual Loops": 4,
                  "Inner Unique": true,
                  "Hash Cond": "(mk.movie_id = t.id)",
                  "Plans": [
                    {
                      "Node Type": "Seq Scan",
                      "Parent Relationship": "Outer",
                      "Parallel Aware": true,
                      "Relation Name": "movie_keyword",
                      "Alias": "mk",
                      "Startup Cost": 0.0,
                      "Total Cost": 42695.65,
                      "Plan Rows": 635621,
                      "Plan Width": 4,
                      "Actual Startup Time": 0.427,
                      "Actual Total Time": 106.759,
                      "Actual Rows": 493486,
                      "Actual Loops": 4,
                      "Filter": "(keyword_id > 6425)",
                      "Rows Removed by Filter": 637497
                    },
                    {
                      "Node Type": "Hash",
                      "Parent Relationship": "Inner",
                      "Parallel Aware": true,
                      "Startup Cost": 45479.1,
                      "Total Cost": 45479.1,
                      "Plan Rows": 137068,
                      "Plan Width": 4,
                      "Actual Startup Time": 151.765,
                      "Actual Total Time": 151.766,
                      "Actual Rows": 106406,
                      "Actual Loops": 4,
                      "Hash Buckets": 1048576,
                      "Original Hash Buckets": 1048576,
                      "Hash Batches": 1,
                      "Original Hash Batches": 1,
                      "Peak Memory Usage": 24928,
                      "Plans": [
                        {
                          "Node Type": "Seq Scan",
                          "Parent Relationship": "Outer",
                          "Parallel Aware": true,
                          "Relation Name": "title",
                          "Alias": "t",
                          "Startup Cost": 0.0,
                          "Total Cost": 45479.1,
                          "Plan Rows": 137068,
                          "Plan Width": 4,
                          "Actual Startup Time": 0.039,
                          "Actual Total Time": 106.088,
                          "Actual Rows": 106406,
                          "Actual Loops": 4,
                          "Filter": "((kind_id < 3) AND (production_year > 1986))",
                          "Rows Removed by Filter": 525672
                        }
                      ]
                    }
                  ]
                }
              ]
            }
          ]
        }
      ]
    },
    "Planning Time": 0.664,
    "Triggers": [],
    "Execution Time": 362.621
  }
]