{
  "Plan": {
    "Node Type": "Aggregate",
    "Strategy": "Plain",
    "Partial Mode": "Finalize",
    "Parallel Aware": false,
    "Startup Cost": 104815.69,
    "Total Cost": 104815.7,
    "Plan Rows": 1,
    "Plan Width": 8,
    "Actual Startup Time": 192.26,
    "Actual Total Time": 203.195,
    "Actual Rows": 1,
    "Actual Loops": 1,
    "Plans": [
      {
        "Node Type": "Gather",
        "Parent Relationship": "Outer",
        "Parallel Aware": false,
        "Startup Cost": 104815.57,
        "Total Cost": 104815.68,
        "Plan Rows": 1,
        "Plan Width": 8,
        "Actual Startup Time": 192.092,
        "Actual Total Time": 203.189,
        "Actual Rows": 2,
        "Actual Loops": 1,
        "Workers Planned": 1,
        "Workers Launched": 1,
        "Single Copy": false,
        "Plans": [
          {
            "Node Type": "Aggregate",
            "Strategy": "Plain",
            "Partial Mode": "Partial",
            "Parent Relationship": "Outer",
            "Parallel Aware": false,
            "Startup Cost": 103815.57,
            "Total Cost": 103815.58,
            "Plan Rows": 1,
            "Plan Width": 8,
            "Actual Startup Time": 186.673,
            "Actual Total Time": 186.677,
            "Actual Rows": 1,
            "Actual Loops": 2,
            "Plans": [
              {
                "Node Type": "Hash Join",
                "Parent Relationship": "Outer",
                "Parallel Aware": true,
                "Join Type": "Inner",
                "Startup Cost": 84669.42,
                "Total Cost": 103800.93,
                "Plan Rows": 5859,
                "Plan Width": 0,
                "Actual Startup Time": 82.789,
                "Actual Total Time": 185.66,
                "Actual Rows": 22516,
                "Actual Loops": 2,
                "Inner Unique": false,
                "Hash Cond": "(mi_idx.movie_id = t.id)",
                "Plans": [
                  {
                    "Node Type": "Seq Scan",
                    "Parent Relationship": "Outer",
                    "Parallel Aware": true,
                    "Relation Name": "movie_info_idx",
                    "Alias": "mi_idx",
                    "Startup Cost": 0.0,
                    "Total Cost": 16052.85,
                    "Plan Rows": 811785,
                    "Plan Width": 4,
                    "Actual Startup Time": 0.017,
                    "Actual Total Time": 49.551,
                    "Actual Rows": 690018,
                    "Actual Loops": 2
                  },
                  {
                    "Node Type": "Hash",
                    "Parent Relationship": "Inner",
                    "Parallel Aware": true,
                    "Startup Cost": 84535.24,
                    "Total Cost": 84535.24,
                    "Plan Rows": 10734,
                    "Plan Width": 8,
                    "Actual Startup Time": 81.529,
                    "Actual Total Time": 81.531,
                    "Actual Rows": 10261,
                    "Actual Loops": 2,
                    "Hash Buckets": 32768,
                    "Original Hash Buckets": 32768,
                    "Hash Batches": 1,
                    "Original Hash Batches": 1,
                    "Peak Memory Usage": 1088,
                    "Plans": [
                      {
                        "Node Type": "Nested Loop",
                        "Parent Relationship": "Outer",
                        "Parallel Aware": false,
                        "Join Type": "Inner",
                        "Startup Cost": 390.28,
                        "Total Cost": 84535.24,
                        "Plan Rows": 10734,
                        "Plan Width": 8,
                        "Actual Startup Time": 9.021,
                        "Actual Total Time": 77.756,
                        "Actual Rows": 10261,
                        "Actual Loops": 2,
                        "Inner Unique": true,
                        "Plans": [
                          {
                            "Node Type": "Bitmap Heap Scan",
                            "Parent Relationship": "Outer",
                            "Parallel Aware": true,
                            "Relation Name": "movie_keyword",
                            "Alias": "mk",
                            "Startup Cost": 389.85,
                            "Total Cost": 24291.7,
                            "Plan Rows": 10734,
                            "Plan Width": 4,
                            "Actual Startup Time": 8.914,
                            "Actual Total Time": 28.663,
                            "Actual Rows": 10261,
                            "Actual Loops": 2,
                            "Recheck Cond": "(keyword_id = 382)",
                            "Rows Removed by Index Recheck": 0,
                            "Exact Heap Blocks": 8115,
                            "Lossy Heap Blocks": 0,
                            "Plans": [
                              {
                                "Node Type": "Bitmap Index Scan",
                                "Parent Relationship": "Outer",
                                "Parallel Aware": false,
                                "Index Name": "keyword_id_movie_keyword",
                                "Startup Cost": 0.0,
                                "Total Cost": 385.28,
                                "Plan Rows": 18247,
                                "Plan Width": 0,
                                "Actual Startup Time": 8.328,
                                "Actual Total Time": 8.328,
                                "Actual Rows": 20522,
                                "Actual Loops": 1,
                                "Index Cond": "(keyword_id = 382)"
                              }
                            ]
                          },
                          {
                            "Node Type": "Index Only Scan",
                            "Parent Relationship": "Inner",
                            "Parallel Aware": false,
                            "Scan Direction": "Forward",
                            "Index Name": "title_pkey",
                            "Relation Name": "title",
                            "Alias": "t",
                            "Startup Cost": 0.43,
                            "Total Cost": 5.61,
                            "Plan Rows": 1,
                            "Plan Width": 4,
                            "Actual Startup Time": 0.004,
                            "Actual Total Time": 0.004,
                            "Actual Rows": 1,
                            "Actual Loops": 20522,
                            "Index Cond": "(id = mk.movie_id)",
                            "Rows Removed by Index Recheck": 0,
                            "Heap Fetches": 20522
                          }
                        ]
                      }
                    ]
                  }
                ]
              }
            ]
          }
        ]
      }
    ]
  },
  "Planning Time": 0.884,
  "Triggers": [],
  "Execution Time": 203.299
}