[
  {
    "Plan": {
      "Node Type": "Aggregate",
      "Strategy": "Plain",
      "Partial Mode": "Finalize",
      "Parallel Aware": false,
      "Startup Cost": 436140.51,
      "Total Cost": 436140.52,
      "Plan Rows": 1,
      "Plan Width": 8,
      "Actual Startup Time": 6342.045,
      "Actual Total Time": 6427.45,
      "Actual Rows": 1,
      "Actual Loops": 1,
      "Plans": [
        {
          "Node Type": "Gather",
          "Parent Relationship": "Outer",
          "Parallel Aware": false,
          "Startup Cost": 436140.19,
          "Total Cost": 436140.5,
          "Plan Rows": 3,
          "Plan Width": 8,
          "Actual Startup Time": 6337.164,
          "Actual Total Time": 6427.432,
          "Actual Rows": 4,
          "Actual Loops": 1,
          "Workers Planned": 3,
          "Workers Launched": 3,
          "Single Copy": false,
          "Plans": [
            {
              "Node Type": "Aggregate",
              "Strategy": "Plain",
              "Partial Mode": "Partial",
              "Parent Relationship": "Outer",
              "Parallel Aware": false,
              "Startup Cost": 435140.19,
              "Total Cost": 435140.2,
              "Plan Rows": 1,
              "Plan Width": 8,
              "Actual Startup Time": 6331.663,
              "Actual Total Time": 6331.667,
              "Actual Rows": 1,
              "Actual Loops": 4,
              "Plans": [
                {
                  "Node Type": "Nested Loop",
                  "Parent Relationship": "Outer",
                  "Parallel Aware": false,
                  "Join Type": "Inner",
                  "Startup Cost": 48009.3,
                  "Total Cost": 431114.26,
                  "Plan Rows": 1610370,
                  "Plan Width": 0,
                  "Actual Startup Time": 156.322,
                  "Actual Total Time": 5897.007,
                  "Actual Rows": 9813502,
                  "Actual Loops": 4,
                  "Inner Unique": false,
                  "Join Filter": "(t.id = ci.movie_id)",
                  "Rows Removed by Join Filter": 0,
                  "Plans": [
                    {
                      "Node Type": "Hash Join",
                      "Parent Relationship": "Outer",
                      "Parallel Aware": true,
                      "Join Type": "Inner",
                      "Startup Cost": 48008.74,
                      "Total Cost": 91625.48,
                      "Plan Rows": 112317,
                      "Plan Width": 8,
                      "Actual Startup Time": 156.172,
                      "Actual Total Time": 322.352,
                      "Actual Rows": 169550,
                      "Actual Loops": 4,
                      "Inner Unique": true,
                      "Hash Cond": "(mk.movie_id = t.id)",
                      "Plans": [
                        {
                          "Node Type": "Seq Scan",
                          "Parent Relationship": "Outer",
                          "Parallel Aware": true,
                          "Relation Name": "movie_keyword",
                          "Alias": "mk",
                          "Startup Cost": 0.0,
                          "Total Cost": 42695.65,
                          "Plan Rows": 350890,
                          "Plan Width": 4,
                          "Actual Startup Time": 1.171,
                          "Actual Total Time": 101.389,
                          "Actual Rows": 272059,
                          "Actual Loops": 4,
                          "Filter": "(keyword_id > 16264)",
                          "Rows Removed by Filter": 858923
                        },
                        {
                          "Node Type": "Hash",
                          "Parent Relationship": "Inner",
                          "Parallel Aware": true,
                          "Startup Cost": 45479.59,
                          "Total Cost": 45479.59,
                          "Plan Rows": 202332,
                          "Plan Width": 4,
                          "Actual Startup Time": 152.479,
                          "Actual Total Time": 152.48,
                          "Actual Rows": 179932,
                          "Actual Loops": 4,
                          "Hash Buckets": 1048576,
                          "Original Hash Buckets": 1048576,
                          "Hash Batches": 1,
                          "Original Hash Batches": 1,
                          "Peak Memory Usage": 36416,
                          "Plans": [
                            {
                              "Node Type": "Seq Scan",
                              "Parent Relationship": "Outer",
                              "Parallel Aware": true,
                              "Relation Name": "title",
                              "Alias": "t",
                              "Startup Cost": 0.0,
                              "Total Cost": 45479.59,
                              "Plan Rows": 202332,
                              "Plan Width": 4,
                              "Actual Startup Time": 0.013,
                              "Actual Total Time": 92.474,
                              "Actual Rows": 179932,
                              "Actual Loops": 4,
                              "Filter": "((kind_id < 7) AND (production_year > 1971))",
                              "Rows Removed by Filter": 452146
                            }
                          ]
                        }
                      ]
                    },
                    {
                      "Node Type": "Index Only Scan",
                      "Parent Relationship": "Inner",
                      "Parallel Aware": false,
                      "Scan Direction": "Forward",
                      "Index Name": "movie_id_cast_info",
                      "Relation Name": "cast_info",
                      "Alias": "ci",
                      "Startup Cost": 0.56,
                      "Total Cost": 2.59,
                      "Plan Rows": 35,
                      "Plan Width": 4,
                      "Actual Startup Time": 0.004,
                      "Actual Total Time": 0.028,
                      "Actual Rows": 58,
                      "Actual Loops": 678201,
                      "Index Cond": "(movie_id = mk.movie_id)",
                      "Rows Removed by Index Recheck": 0,
                      "Heap Fetches": 39254007
                    }
                  ]
                }
              ]
            }
          ]
        }
      ]
    },
    "Planning Time": 0.368,
    "Triggers": [],
    "Execution Time": 6427.508
  }
]