[
  {
    "Plan": {
      "Node Type": "Aggregate",
      "Strategy": "Plain",
      "Partial Mode": "Finalize",
      "Parallel Aware": false,
      "Startup Cost": 118584.3,
      "Total Cost": 118584.31,
      "Plan Rows": 1,
      "Plan Width": 8,
      "Actual Startup Time": 773.264,
      "Actual Total Time": 788.52,
      "Actual Rows": 1,
      "Actual Loops": 1,
      "Plans": [
        {
          "Node Type": "Gather",
          "Parent Relationship": "Outer",
          "Parallel Aware": false,
          "Startup Cost": 118583.98,
          "Total Cost": 118584.29,
          "Plan Rows": 3,
          "Plan Width": 8,
          "Actual Startup Time": 762.718,
          "Actual Total Time": 788.512,
          "Actual Rows": 4,
          "Actual Loops": 1,
          "Workers Planned": 3,
          "Workers Launched": 3,
          "Single Copy": false,
          "Plans": [
            {
              "Node Type": "Aggregate",
              "Strategy": "Plain",
              "Partial Mode": "Partial",
              "Parent Relationship": "Outer",
              "Parallel Aware": false,
              "Startup Cost": 117583.98,
              "Total Cost": 117583.99,
              "Plan Rows": 1,
              "Plan Width": 8,
              "Actual Startup Time": 755.903,
              "Actual Total Time": 756.157,
              "Actual Rows": 1,
              "Actual Loops": 4,
              "Plans": [
                {
                  "Node Type": "Hash Join",
                  "Parent Relationship": "Outer",
                  "Parallel Aware": true,
                  "Join Type": "Inner",
                  "Startup Cost": 69115.41,
                  "Total Cost": 116898.38,
                  "Plan Rows": 274239,
                  "Plan Width": 0,
                  "Actual Startup Time": 450.369,
                  "Actual Total Time": 717.018,
                  "Actual Rows": 800098,
                  "Actual Loops": 4,
                  "Inner Unique": false,
                  "Hash Cond": "(mk.movie_id = t.id)",
                  "Plans": [
                    {
                      "Node Type": "Seq Scan",
                      "Parent Relationship": "Outer",
                      "Parallel Aware": true,
                      "Relation Name": "movie_keyword",
                      "Alias": "mk",
                      "Startup Cost": 0.0,
                      "Total Cost": 42695.65,
                      "Plan Rows": 1051909,
                      "Plan Width": 4,
                      "Actual Startup Time": 0.014,
                      "Actual Total Time": 121.442,
                      "Actual Rows": 821546,
                      "Actual Loops": 4,
                      "Filter": "(keyword_id < 14622)",
                      "Rows Removed by Filter": 309436
                    },
                    {
                      "Node Type": "Hash",
                      "Parent Relationship": "Inner",
                      "Parallel Aware": true,
                      "Startup Cost": 65682.35,
                      "Total Cost": 65682.35,
                      "Plan Rows": 274645,
                      "Plan Width": 8,
                      "Actual Startup Time": 446.022,
                      "Actual Total Time": 446.275,
                      "Actual Rows": 159972,
                      "Actual Loops": 4,
                      "Hash Buckets": 1048576,
                      "Original Hash Buckets": 1048576,
                      "Hash Batches": 1,
                      "Original Hash Batches": 1,
                      "Peak Memory Usage": 33280,
                      "Plans": [
                        {
                          "Node Type": "Hash Join",
                          "Parent Relationship": "Outer",
                          "Parallel Aware": true,
                          "Join Type": "Inner",
                          "Startup Cost": 49552.03,
                          "Total Cost": 65682.35,
                          "Plan Rows": 274645,
                          "Plan Width": 8,
                          "Actual Startup Time": 281.33,
                          "Actual Total Time": 394.391,
                          "Actual Rows": 159972,
                          "Actual Loops": 4,
                          "Inner Unique": true,
                          "Hash Cond": "(mi_idx.movie_id = t.id)",
                          "Plans": [
                            {
                              "Node Type": "Seq Scan",
                              "Parent Relationship": "Outer",
                              "Parallel Aware": true,
                              "Relation Name": "movie_info_idx",
                              "Alias": "mi_idx",
                              "Startup Cost": 0.0,
                              "Total Cost": 15122.68,
                              "Plan Rows": 383860,
                              "Plan Width": 4,
                              "Actual Startup Time": 0.029,
                              "Actual Total Time": 42.752,
                              "Actual Rows": 230028,
                              "Actual Loops": 4,
                              "Filter": "(info_type_id > 99)",
                              "Rows Removed by Filter": 114981
                            },
                            {
                              "Node Type": "Hash",
                              "Parent Relationship": "Inner",
                              "Parallel Aware": true,
                              "Startup Cost": 43899.01,
                              "Total Cost": 43899.01,
                              "Plan Rows": 452242,
                              "Plan Width": 4,
                              "Actual Startup Time": 276.769,
                              "Actual Total Time": 276.77,
                              "Actual Rows": 453311,
                              "Actual Loops": 4,
                              "Hash Buckets": 2097152,
                              "Original Hash Buckets": 2097152,
                              "Hash Batches": 1,
                              "Original Hash Batches": 1,
                              "Peak Memory Usage": 87392,
                              "Plans": [
                                {
                                  "Node Type": "Seq Scan",
                                  "Parent Relationship": "Outer",
                                  "Parallel Aware": true,
                                  "Relation Name": "title",
                                  "Alias": "t",
                                  "Startup Cost": 0.0,
                                  "Total Cost": 43899.01,
                                  "Plan Rows": 452242,
                                  "Plan Width": 4,
                                  "Actual Startup Time": 0.033,
                                  "Actual Total Time": 115.525,
                                  "Actual Rows": 453311,
                                  "Actual Loops": 4,
                                  "Filter": "(production_year > 1987)",
                                  "Rows Removed by Filter": 178767
                                }
                              ]
                            }
                          ]
                        }
                      ]
                    }
                  ]
                }
              ]
            }
          ]
        }
      ]
    },
    "Planning Time": 0.792,
    "Triggers": [],
    "Execution Time": 788.575
  }
]