[
  {
    "Plan": {
      "Node Type": "Aggregate",
      "Strategy": "Plain",
      "Partial Mode": "Finalize",
      "Parallel Aware": false,
      "Startup Cost": 346594.94,
      "Total Cost": 346594.95,
      "Plan Rows": 1,
      "Plan Width": 8,
      "Actual Startup Time": 794.283,
      "Actual Total Time": 870.224,
      "Actual Rows": 1,
      "Actual Loops": 1,
      "Plans": [
        {
          "Node Type": "Gather",
          "Parent Relationship": "Outer",
          "Parallel Aware": false,
          "Startup Cost": 346594.32,
          "Total Cost": 346594.93,
          "Plan Rows": 6,
          "Plan Width": 8,
          "Actual Startup Time": 794.161,
          "Actual Total Time": 870.215,
          "Actual Rows": 7,
          "Actual Loops": 1,
          "Workers Planned": 6,
          "Workers Launched": 6,
          "Single Copy": false,
          "Plans": [
            {
              "Node Type": "Aggregate",
              "Strategy": "Plain",
              "Partial Mode": "Partial",
              "Parent Relationship": "Outer",
              "Parallel Aware": false,
              "Startup Cost": 345594.32,
              "Total Cost": 345594.33,
              "Plan Rows": 1,
              "Plan Width": 8,
              "Actual Startup Time": 784.382,
              "Actual Total Time": 784.383,
              "Actual Rows": 1,
              "Actual Loops": 7,
              "Plans": [
                {
                  "Node Type": "Seq Scan",
                  "Parent Relationship": "Outer",
                  "Parallel Aware": true,
                  "Relation Name": "cast_info",
                  "Alias": "ci",
                  "Startup Cost": 0.0,
                  "Total Cost": 343257.03,
                  "Plan Rows": 934915,
                  "Plan Width": 0,
                  "Actual Startup Time": 420.208,
                  "Actual Total Time": 755.598,
                  "Actual Rows": 489878,
                  "Actual Loops": 7,
                  "Filter": "((person_id < 1220056) AND (role_id > 2))",
                  "Rows Removed by Filter": 4687885
                }
              ]
            }
          ]
        }
      ]
    },
    "Planning Time": 0.225,
    "Triggers": [],
    "Execution Time": 870.297
  }
]