[
    {
        "Bao": {
            "Bao prediction": "NaN",
            "Bao recommended hint": "(no hint)"
        }
    },
    {
        "Plan": {
            "Node Type": "Aggregate",
            "Strategy": "Plain",
            "Partial Mode": "Finalize",
            "Parallel Aware": false,
            "Startup Cost": 393649.38,
            "Total Cost": 393649.39,
            "Plan Rows": 1,
            "Plan Width": 8,
            "Actual Startup Time": 815.485,
            "Actual Total Time": 853.101,
            "Actual Rows": 1,
            "Actual Loops": 1,
            "Output": [
                "count(*)"
            ],
            "Plans": [
                {
                    "Node Type": "Gather",
                    "Parent Relationship": "Outer",
                    "Parallel Aware": false,
                    "Startup Cost": 393648.75,
                    "Total Cost": 393649.36,
                    "Plan Rows": 6,
                    "Plan Width": 8,
                    "Actual Startup Time": 809.645,
                    "Actual Total Time": 853.092,
                    "Actual Rows": 7,
                    "Actual Loops": 1,
                    "Output": [
                        "(PARTIAL count(*))"
                    ],
                    "Workers Planned": 6,
                    "Workers Launched": 6,
                    "Single Copy": false,
                    "Plans": [
                        {
                            "Node Type": "Aggregate",
                            "Strategy": "Plain",
                            "Partial Mode": "Partial",
                            "Parent Relationship": "Outer",
                            "Parallel Aware": false,
                            "Startup Cost": 392648.75,
                            "Total Cost": 392648.76,
                            "Plan Rows": 1,
                            "Plan Width": 8,
                            "Actual Startup Time": 799.701,
                            "Actual Total Time": 799.704,
                            "Actual Rows": 1,
                            "Actual Loops": 7,
                            "Output": [
                                "PARTIAL count(*)"
                            ],
                            "Workers": [
                                {
                                    "Worker Number": 0,
                                    "Actual Startup Time": 797.21,
                                    "Actual Total Time": 797.213,
                                    "Actual Rows": 1,
                                    "Actual Loops": 1
                                },
                                {
                                    "Worker Number": 1,
                                    "Actual Startup Time": 797.841,
                                    "Actual Total Time": 797.843,
                                    "Actual Rows": 1,
                                    "Actual Loops": 1
                                },
                                {
                                    "Worker Number": 2,
                                    "Actual Startup Time": 797.938,
                                    "Actual Total Time": 797.941,
                                    "Actual Rows": 1,
                                    "Actual Loops": 1
                                },
                                {
                                    "Worker Number": 3,
                                    "Actual Startup Time": 798.383,
                                    "Actual Total Time": 798.385,
                                    "Actual Rows": 1,
                                    "Actual Loops": 1
                                },
                                {
                                    "Worker Number": 4,
                                    "Actual Startup Time": 798.497,
                                    "Actual Total Time": 798.501,
                                    "Actual Rows": 1,
                                    "Actual Loops": 1
                                },
                                {
                                    "Worker Number": 5,
                                    "Actual Startup Time": 798.801,
                                    "Actual Total Time": 798.804,
                                    "Actual Rows": 1,
                                    "Actual Loops": 1
                                }
                            ],
                            "Plans": [
                                {
                                    "Node Type": "Hash Join",
                                    "Parent Relationship": "Outer",
                                    "Parallel Aware": true,
                                    "Join Type": "Inner",
                                    "Startup Cost": 47190.28,
                                    "Total Cost": 392282.92,
                                    "Plan Rows": 146332,
                                    "Plan Width": 0,
                                    "Actual Startup Time": 425.971,
                                    "Actual Total Time": 794.396,
                                    "Actual Rows": 94738,
                                    "Actual Loops": 7,
                                    "Inner Unique": true,
                                    "Hash Cond": "(ci.movie_id = t.id)",
                                    "Workers": [
                                        {
                                            "Worker Number": 0,
                                            "Actual Startup Time": 423.094,
                                            "Actual Total Time": 791.504,
                                            "Actual Rows": 74165,
                                            "Actual Loops": 1
                                        },
                                        {
                                            "Worker Number": 1,
                                            "Actual Startup Time": 424.169,
                                            "Actual Total Time": 792.977,
                                            "Actual Rows": 103293,
                                            "Actual Loops": 1
                                        },
                                        {
                                            "Worker Number": 2,
                                            "Actual Startup Time": 424.265,
                                            "Actual Total Time": 793.091,
                                            "Actual Rows": 102391,
                                            "Actual Loops": 1
                                        },
                                        {
                                            "Worker Number": 3,
                                            "Actual Startup Time": 424.714,
                                            "Actual Total Time": 793.229,
                                            "Actual Rows": 108422,
                                            "Actual Loops": 1
                                        },
                                        {
                                            "Worker Number": 4,
                                            "Actual Startup Time": 424.847,
                                            "Actual Total Time": 792.775,
                                            "Actual Rows": 74295,
                                            "Actual Loops": 1
                                        },
                                        {
                                            "Worker Number": 5,
                                            "Actual Startup Time": 425.137,
                                            "Actual Total Time": 793.252,
                                            "Actual Rows": 72606,
                                            "Actual Loops": 1
                                        }
                                    ],
                                    "Plans": [
                                        {
                                            "Node Type": "Seq Scan",
                                            "Parent Relationship": "Outer",
                                            "Parallel Aware": true,
                                            "Relation Name": "cast_info",
                                            "Schema": "public",
                                            "Alias": "ci",
                                            "Startup Cost": 0.0,
                                            "Total Cost": 343318.94,
                                            "Plan Rows": 675695,
                                            "Plan Width": 4,
                                            "Actual Startup Time": 317.475,
                                            "Actual Total Time": 585.479,
                                            "Actual Rows": 370514,
                                            "Actual Loops": 7,
                                            "Output": [
                                                "ci.id",
                                                "ci.person_id",
                                                "ci.movie_id",
                                                "ci.person_role_id",
                                                "ci.note",
                                                "ci.nr_order",
                                                "ci.role_id"
                                            ],
                                            "Filter": "((ci.person_id < 908788) AND (ci.role_id > 2))",
                                            "Rows Removed by Filter": 4807250,
                                            "Workers": [
                                                {
                                                    "Worker Number": 0,
                                                    "Actual Startup Time": 317.507,
                                                    "Actual Total Time": 592.192,
                                                    "Actual Rows": 290123,
                                                    "Actual Loops": 1
                                                },
                                                {
                                                    "Worker Number": 1,
                                                    "Actual Startup Time": 317.499,
                                                    "Actual Total Time": 585.022,
                                                    "Actual Rows": 401434,
                                                    "Actual Loops": 1
                                                },
                                                {
                                                    "Worker Number": 2,
                                                    "Actual Startup Time": 317.41,
                                                    "Actual Total Time": 584.041,
                                                    "Actual Rows": 401671,
                                                    "Actual Loops": 1
                                                },
                                                {
                                                    "Worker Number": 3,
                                                    "Actual Startup Time": 317.493,
                                                    "Actual Total Time": 582.882,
                                                    "Actual Rows": 425782,
                                                    "Actual Loops": 1
                                                },
                                                {
                                                    "Worker Number": 4,
                                                    "Actual Startup Time": 317.478,
                                                    "Actual Total Time": 591.918,
                                                    "Actual Rows": 294299,
                                                    "Actual Loops": 1
                                                },
                                                {
                                                    "Worker Number": 5,
                                                    "Actual Startup Time": 317.475,
                                                    "Actual Total Time": 591.472,
                                                    "Actual Rows": 286201,
                                                    "Actual Loops": 1
                                                }
                                            ]
                                        },
                                        {
                                            "Node Type": "Hash",
                                            "Parent Relationship": "Inner",
                                            "Parallel Aware": true,
                                            "Startup Cost": 45479.21,
                                            "Total Cost": 45479.21,
                                            "Plan Rows": 136886,
                                            "Plan Width": 4,
                                            "Actual Startup Time": 106.23,
                                            "Actual Total Time": 106.232,
                                            "Actual Rows": 79617,
                                            "Actual Loops": 7,
                                            "Output": [
                                                "t.id"
                                            ],
                                            "Hash Buckets": 1048576,
                                            "Original Hash Buckets": 1048576,
                                            "Hash Batches": 1,
                                            "Original Hash Batches": 1,
                                            "Peak Memory Usage": 30112,
                                            "Workers": [
                                                {
                                                    "Worker Number": 0,
                                                    "Actual Startup Time": 104.845,
                                                    "Actual Total Time": 104.846,
                                                    "Actual Rows": 62040,
                                                    "Actual Loops": 1
                                                },
                                                {
                                                    "Worker Number": 1,
                                                    "Actual Startup Time": 105.976,
                                                    "Actual Total Time": 105.977,
                                                    "Actual Rows": 86533,
                                                    "Actual Loops": 1
                                                },
                                                {
                                                    "Worker Number": 2,
                                                    "Actual Startup Time": 106.075,
                                                    "Actual Total Time": 106.076,
                                                    "Actual Rows": 87100,
                                                    "Actual Loops": 1
                                                },
                                                {
                                                    "Worker Number": 3,
                                                    "Actual Startup Time": 106.452,
                                                    "Actual Total Time": 106.452,
                                                    "Actual Rows": 89376,
                                                    "Actual Loops": 1
                                                },
                                                {
                                                    "Worker Number": 4,
                                                    "Actual Startup Time": 106.554,
                                                    "Actual Total Time": 106.556,
                                                    "Actual Rows": 62199,
                                                    "Actual Loops": 1
                                                },
                                                {
                                                    "Worker Number": 5,
                                                    "Actual Startup Time": 106.805,
                                                    "Actual Total Time": 106.806,
                                                    "Actual Rows": 60722,
                                                    "Actual Loops": 1
                                                }
                                            ],
                                            "Plans": [
                                                {
                                                    "Node Type": "Seq Scan",
                                                    "Parent Relationship": "Outer",
                                                    "Parallel Aware": true,
                                                    "Relation Name": "title",
                                                    "Schema": "public",
                                                    "Alias": "t",
                                                    "Startup Cost": 0.0,
                                                    "Total Cost": 45479.21,
                                                    "Plan Rows": 136886,
                                                    "Plan Width": 4,
                                                    "Actual Startup Time": 46.093,
                                                    "Actual Total Time": 77.149,
                                                    "Actual Rows": 79617,
                                                    "Actual Loops": 7,
                                                    "Output": [
                                                        "t.id"
                                                    ],
                                                    "Filter": "((t.production_year < 2011) AND (t.kind_id = 1))",
                                                    "Rows Removed by Filter": 281570,
                                                    "Workers": [
                                                        {
                                                            "Worker Number": 0,
                                                            "Actual Startup Time": 44.535,
                                                            "Actual Total Time": 77.256,
                                                            "Actual Rows": 62040,
                                                            "Actual Loops": 1
                                                        },
                                                        {
                                                            "Worker Number": 1,
                                                            "Actual Startup Time": 46.034,
                                                            "Actual Total Time": 76.428,
                                                            "Actual Rows": 86533,
                                                            "Actual Loops": 1
                                                        },
                                                        {
                                                            "Worker Number": 2,
                                                            "Actual Startup Time": 46.101,
                                                            "Actual Total Time": 76.838,
                                                            "Actual Rows": 87100,
                                                            "Actual Loops": 1
                                                        },
                                                        {
                                                            "Worker Number": 3,
                                                            "Actual Startup Time": 46.291,
                                                            "Actual Total Time": 77.291,
                                                            "Actual Rows": 89376,
                                                            "Actual Loops": 1
                                                        },
                                                        {
                                                            "Worker Number": 4,
                                                            "Actual Startup Time": 46.291,
                                                            "Actual Total Time": 79.204,
                                                            "Actual Rows": 62199,
                                                            "Actual Loops": 1
                                                        },
                                                        {
                                                            "Worker Number": 5,
                                                            "Actual Startup Time": 46.702,
                                                            "Actual Total Time": 78.991,
                                                            "Actual Rows": 60722,
                                                            "Actual Loops": 1
                                                        }
                                                    ]
                                                }
                                            ]
                                        }
                                    ]
                                }
                            ]
                        }
                    ]
                }
            ]
        },
        "Planning Time": 220.931,
        "Triggers": [],
        "Execution Time": 853.166
    }
]