[
  {
    "Plan": {
      "Node Type": "Aggregate",
      "Strategy": "Plain",
      "Partial Mode": "Finalize",
      "Parallel Aware": false,
      "Startup Cost": 217561.8,
      "Total Cost": 217561.81,
      "Plan Rows": 1,
      "Plan Width": 8,
      "Actual Startup Time": 143.958,
      "Actual Total Time": 168.877,
      "Actual Rows": 1,
      "Actual Loops": 1,
      "Plans": [
        {
          "Node Type": "Gather",
          "Parent Relationship": "Outer",
          "Parallel Aware": false,
          "Startup Cost": 217561.38,
          "Total Cost": 217561.79,
          "Plan Rows": 4,
          "Plan Width": 8,
          "Actual Startup Time": 143.629,
          "Actual Total Time": 168.864,
          "Actual Rows": 5,
          "Actual Loops": 1,
          "Workers Planned": 4,
          "Workers Launched": 4,
          "Single Copy": false,
          "Plans": [
            {
              "Node Type": "Aggregate",
              "Strategy": "Plain",
              "Partial Mode": "Partial",
              "Parent Relationship": "Outer",
              "Parallel Aware": false,
              "Startup Cost": 216561.38,
              "Total Cost": 216561.39,
              "Plan Rows": 1,
              "Plan Width": 8,
              "Actual Startup Time": 138.057,
              "Actual Total Time": 138.061,
              "Actual Rows": 1,
              "Actual Loops": 5,
              "Plans": [
                {
                  "Node Type": "Nested Loop",
                  "Parent Relationship": "Outer",
                  "Parallel Aware": false,
                  "Join Type": "Inner",
                  "Startup Cost": 0.43,
                  "Total Cost": 216530.97,
                  "Plan Rows": 12165,
                  "Plan Width": 0,
                  "Actual Startup Time": 0.611,
                  "Actual Total Time": 136.428,
                  "Actual Rows": 18581,
                  "Actual Loops": 5,
                  "Inner Unique": false,
                  "Plans": [
                    {
                      "Node Type": "Seq Scan",
                      "Parent Relationship": "Outer",
                      "Parallel Aware": true,
                      "Relation Name": "title",
                      "Alias": "t",
                      "Startup Cost": 0.0,
                      "Total Cost": 45479.59,
                      "Plan Rows": 2072,
                      "Plan Width": 4,
                      "Actual Startup Time": 0.486,
                      "Actual Total Time": 77.168,
                      "Actual Rows": 1664,
                      "Actual Loops": 5,
                      "Filter": "((kind_id < 7) AND (production_year = 1988))",
                      "Rows Removed by Filter": 503999
                    },
                    {
                      "Node Type": "Index Only Scan",
                      "Parent Relationship": "Inner",
                      "Parallel Aware": false,
                      "Scan Direction": "Forward",
                      "Index Name": "movie_id_movie_info",
                      "Relation Name": "movie_info",
                      "Alias": "mi",
                      "Startup Cost": 0.43,
                      "Total Cost": 82.14,
                      "Plan Rows": 41,
                      "Plan Width": 4,
                      "Actual Startup Time": 0.012,
                      "Actual Total Time": 0.034,
                      "Actual Rows": 11,
                      "Actual Loops": 8319,
                      "Index Cond": "(movie_id = t.id)",
                      "Rows Removed by Index Recheck": 0,
                      "Heap Fetches": 92907
                    }
                  ]
                }
              ]
            }
          ]
        }
      ]
    },
    "Planning Time": 0.546,
    "Triggers": [],
    "Execution Time": 168.939
  }
]