[
  {
    "Plan": {
      "Node Type": "Aggregate",
      "Strategy": "Plain",
      "Partial Mode": "Finalize",
      "Parallel Aware": false,
      "Startup Cost": 45917.54,
      "Total Cost": 45917.55,
      "Plan Rows": 1,
      "Plan Width": 8,
      "Actual Startup Time": 181.897,
      "Actual Total Time": 193.715,
      "Actual Rows": 1,
      "Actual Loops": 1,
      "Plans": [
        {
          "Node Type": "Gather",
          "Parent Relationship": "Outer",
          "Parallel Aware": false,
          "Startup Cost": 45917.22,
          "Total Cost": 45917.53,
          "Plan Rows": 3,
          "Plan Width": 8,
          "Actual Startup Time": 181.781,
          "Actual Total Time": 193.706,
          "Actual Rows": 4,
          "Actual Loops": 1,
          "Workers Planned": 3,
          "Workers Launched": 3,
          "Single Copy": false,
          "Plans": [
            {
              "Node Type": "Aggregate",
              "Strategy": "Plain",
              "Partial Mode": "Partial",
              "Parent Relationship": "Outer",
              "Parallel Aware": false,
              "Startup Cost": 44917.22,
              "Total Cost": 44917.23,
              "Plan Rows": 1,
              "Plan Width": 8,
              "Actual Startup Time": 174.328,
              "Actual Total Time": 174.329,
              "Actual Rows": 1,
              "Actual Loops": 4,
              "Plans": [
                {
                  "Node Type": "Seq Scan",
                  "Parent Relationship": "Outer",
                  "Parallel Aware": true,
                  "Relation Name": "movie_keyword",
                  "Alias": "mk",
                  "Startup Cost": 0.0,
                  "Total Cost": 42695.65,
                  "Plan Rows": 888628,
                  "Plan Width": 0,
                  "Actual Startup Time": 0.061,
                  "Actual Total Time": 137.522,
                  "Actual Rows": 687319,
                  "Actual Loops": 4,
                  "Filter": "(keyword_id < 7809)",
                  "Rows Removed by Filter": 443663
                }
              ]
            }
          ]
        }
      ]
    },
    "Planning Time": 0.118,
    "Triggers": [],
    "Execution Time": 193.752
  }
]