[
  {
    "Plan": {
      "Node Type": "Aggregate",
      "Strategy": "Plain",
      "Partial Mode": "Finalize",
      "Parallel Aware": false,
      "Startup Cost": 75040.07,
      "Total Cost": 75040.08,
      "Plan Rows": 1,
      "Plan Width": 8,
      "Actual Startup Time": 483.553,
      "Actual Total Time": 506.528,
      "Actual Rows": 1,
      "Actual Loops": 1,
      "Plans": [
        {
          "Node Type": "Gather",
          "Parent Relationship": "Outer",
          "Parallel Aware": false,
          "Startup Cost": 75039.75,
          "Total Cost": 75040.06,
          "Plan Rows": 3,
          "Plan Width": 8,
          "Actual Startup Time": 462.442,
          "Actual Total Time": 506.518,
          "Actual Rows": 4,
          "Actual Loops": 1,
          "Workers Planned": 3,
          "Workers Launched": 3,
          "Single Copy": false,
          "Plans": [
            {
              "Node Type": "Aggregate",
              "Strategy": "Plain",
              "Partial Mode": "Partial",
              "Parent Relationship": "Outer",
              "Parallel Aware": false,
              "Startup Cost": 74039.75,
              "Total Cost": 74039.76,
              "Plan Rows": 1,
              "Plan Width": 8,
              "Actual Startup Time": 448.659,
              "Actual Total Time": 448.665,
              "Actual Rows": 1,
              "Actual Loops": 4,
              "Plans": [
                {
                  "Node Type": "Hash Join",
                  "Parent Relationship": "Outer",
                  "Parallel Aware": true,
                  "Join Type": "Inner",
                  "Startup Cost": 54205.85,
                  "Total Cost": 73966.86,
                  "Plan Rows": 29156,
                  "Plan Width": 0,
                  "Actual Startup Time": 394.167,
                  "Actual Total Time": 446.71,
                  "Actual Rows": 35738,
                  "Actual Loops": 4,
                  "Inner Unique": true,
                  "Hash Cond": "(mc.movie_id = t.id)",
                  "Plans": [
                    {
                      "Node Type": "Bitmap Heap Scan",
                      "Parent Relationship": "Outer",
                      "Parallel Aware": true,
                      "Relation Name": "movie_companies",
                      "Alias": "mc",
                      "Startup Cost": 3985.47,
                      "Total Cost": 23669.95,
                      "Plan Rows": 29156,
                      "Plan Width": 4,
                      "Actual Startup Time": 10.746,
                      "Actual Total Time": 36.785,
                      "Actual Rows": 35738,
                      "Actual Loops": 4,
                      "Recheck Cond": "(company_id < 41)",
                      "Rows Removed by Index Recheck": 0,
                      "Filter": "(company_type_id = 1)",
                      "Rows Removed by Filter": 9648,
                      "Exact Heap Blocks": 5559,
                      "Lossy Heap Blocks": 0,
                      "Plans": [
                        {
                          "Node Type": "Bitmap Index Scan",
                          "Parent Relationship": "Outer",
                          "Parallel Aware": false,
                          "Index Name": "company_id_movie_companies",
                          "Startup Cost": 0.0,
                          "Total Cost": 3962.87,
                          "Plan Rows": 184859,
                          "Plan Width": 0,
                          "Actual Startup Time": 8.832,
                          "Actual Total Time": 8.833,
                          "Actual Rows": 181543,
                          "Actual Loops": 1,
                          "Index Cond": "(company_id < 41)"
                        }
                      ]
                    },
                    {
                      "Node Type": "Hash",
                      "Parent Relationship": "Inner",
                      "Parallel Aware": true,
                      "Startup Cost": 42319.06,
                      "Total Cost": 42319.06,
                      "Plan Rows": 632106,
                      "Plan Width": 4,
                      "Actual Startup Time": 374.562,
                      "Actual Total Time": 374.565,
                      "Actual Rows": 632078,
                      "Actual Loops": 4,
                      "Hash Buckets": 4194304,
                      "Original Hash Buckets": 4194304,
                      "Hash Batches": 1,
                      "Original Hash Batches": 1,
                      "Peak Memory Usage": 131712,
                      "Plans": [
                        {
                          "Node Type": "Seq Scan",
                          "Parent Relationship": "Outer",
                          "Parallel Aware": true,
                          "Relation Name": "title",
                          "Alias": "t",
                          "Startup Cost": 0.0,
                          "Total Cost": 42319.06,
                          "Plan Rows": 632106,
                          "Plan Width": 4,
                          "Actual Startup Time": 0.022,
                          "Actual Total Time": 109.474,
                          "Actual Rows": 632078,
                          "Actual Loops": 4
                        }
                      ]
                    }
                  ]
                }
              ]
            }
          ]
        }
      ]
    },
    "Planning Time": 0.369,
    "Triggers": [],
    "Execution Time": 506.583
  }
]