[
  {
    "Plan": {
      "Node Type": "Aggregate",
      "Strategy": "Plain",
      "Partial Mode": "Finalize",
      "Parallel Aware": false,
      "Startup Cost": 70530.8,
      "Total Cost": 70530.81,
      "Plan Rows": 1,
      "Plan Width": 8,
      "Actual Startup Time": 232.857,
      "Actual Total Time": 247.564,
      "Actual Rows": 1,
      "Actual Loops": 1,
      "Plans": [
        {
          "Node Type": "Gather",
          "Parent Relationship": "Outer",
          "Parallel Aware": false,
          "Startup Cost": 70530.38,
          "Total Cost": 70530.79,
          "Plan Rows": 4,
          "Plan Width": 8,
          "Actual Startup Time": 231.949,
          "Actual Total Time": 247.533,
          "Actual Rows": 5,
          "Actual Loops": 1,
          "Workers Planned": 4,
          "Workers Launched": 4,
          "Single Copy": false,
          "Plans": [
            {
              "Node Type": "Aggregate",
              "Strategy": "Plain",
              "Partial Mode": "Partial",
              "Parent Relationship": "Outer",
              "Parallel Aware": false,
              "Startup Cost": 69530.38,
              "Total Cost": 69530.39,
              "Plan Rows": 1,
              "Plan Width": 8,
              "Actual Startup Time": 222.268,
              "Actual Total Time": 222.272,
              "Actual Rows": 1,
              "Actual Loops": 5,
              "Plans": [
                {
                  "Node Type": "Hash Join",
                  "Parent Relationship": "Outer",
                  "Parallel Aware": true,
                  "Join Type": "Inner",
                  "Startup Cost": 23923.82,
                  "Total Cost": 69474.72,
                  "Plan Rows": 22262,
                  "Plan Width": 0,
                  "Actual Startup Time": 77.48,
                  "Actual Total Time": 220.651,
                  "Actual Rows": 28591,
                  "Actual Loops": 5,
                  "Inner Unique": false,
                  "Hash Cond": "(t.id = mc.movie_id)",
                  "Plans": [
                    {
                      "Node Type": "Seq Scan",
                      "Parent Relationship": "Outer",
                      "Parallel Aware": true,
                      "Relation Name": "title",
                      "Alias": "t",
                      "Startup Cost": 0.0,
                      "Total Cost": 42318.73,
                      "Plan Rows": 632073,
                      "Plan Width": 4,
                      "Actual Startup Time": 0.011,
                      "Actual Total Time": 67.648,
                      "Actual Rows": 505662,
                      "Actual Loops": 5
                    },
                    {
                      "Node Type": "Hash",
                      "Parent Relationship": "Inner",
                      "Parallel Aware": true,
                      "Startup Cost": 23564.74,
                      "Total Cost": 23564.74,
                      "Plan Rows": 28726,
                      "Plan Width": 4,
                      "Actual Startup Time": 75.978,
                      "Actual Total Time": 75.98,
                      "Actual Rows": 28591,
                      "Actual Loops": 5,
                      "Hash Buckets": 262144,
                      "Original Hash Buckets": 131072,
                      "Hash Batches": 1,
                      "Original Hash Batches": 1,
                      "Peak Memory Usage": 8704,
                      "Plans": [
                        {
                          "Node Type": "Bitmap Heap Scan",
                          "Parent Relationship": "Outer",
                          "Parallel Aware": true,
                          "Relation Name": "movie_companies",
                          "Alias": "mc",
                          "Startup Cost": 3899.43,
                          "Total Cost": 23564.74,
                          "Plan Rows": 28726,
                          "Plan Width": 4,
                          "Actual Startup Time": 19.801,
                          "Actual Total Time": 57.398,
                          "Actual Rows": 28591,
                          "Actual Loops": 5,
                          "Recheck Cond": "(company_id < 41)",
                          "Rows Removed by Index Recheck": 0,
                          "Filter": "(company_type_id = 1)",
                          "Rows Removed by Filter": 7718,
                          "Exact Heap Blocks": 5572,
                          "Lossy Heap Blocks": 0,
                          "Plans": [
                            {
                              "Node Type": "Bitmap Index Scan",
                              "Parent Relationship": "Outer",
                              "Parallel Aware": false,
                              "Index Name": "company_id_movie_companies",
                              "Startup Cost": 0.0,
                              "Total Cost": 3877.16,
                              "Plan Rows": 180898,
                              "Plan Width": 0,
                              "Actual Startup Time": 20.322,
                              "Actual Total Time": 20.322,
                              "Actual Rows": 181543,
                              "Actual Loops": 1,
                              "Index Cond": "(company_id < 41)"
                            }
                          ]
                        }
                      ]
                    }
                  ]
                }
              ]
            }
          ]
        }
      ]
    },
    "Planning Time": 0.697,
    "Triggers": [],
    "Execution Time": 247.659
  }
]