[
  {
    "Plan": {
      "Node Type": "Aggregate",
      "Strategy": "Plain",
      "Partial Mode": "Finalize",
      "Parallel Aware": false,
      "Startup Cost": 46749.33,
      "Total Cost": 46749.34,
      "Plan Rows": 1,
      "Plan Width": 8,
      "Actual Startup Time": 89.071,
      "Actual Total Time": 100.055,
      "Actual Rows": 1,
      "Actual Loops": 1,
      "Plans": [
        {
          "Node Type": "Gather",
          "Parent Relationship": "Outer",
          "Parallel Aware": false,
          "Startup Cost": 46748.91,
          "Total Cost": 46749.32,
          "Plan Rows": 4,
          "Plan Width": 8,
          "Actual Startup Time": 88.915,
          "Actual Total Time": 100.047,
          "Actual Rows": 5,
          "Actual Loops": 1,
          "Workers Planned": 4,
          "Workers Launched": 4,
          "Single Copy": false,
          "Plans": [
            {
              "Node Type": "Aggregate",
              "Strategy": "Plain",
              "Partial Mode": "Partial",
              "Parent Relationship": "Outer",
              "Parallel Aware": false,
              "Startup Cost": 45748.91,
              "Total Cost": 45748.92,
              "Plan Rows": 1,
              "Plan Width": 8,
              "Actual Startup Time": 83.987,
              "Actual Total Time": 83.988,
              "Actual Rows": 1,
              "Actual Loops": 5,
              "Plans": [
                {
                  "Node Type": "Seq Scan",
                  "Parent Relationship": "Outer",
                  "Parallel Aware": true,
                  "Relation Name": "title",
                  "Alias": "t",
                  "Startup Cost": 0.0,
                  "Total Cost": 45479.59,
                  "Plan Rows": 107731,
                  "Plan Width": 0,
                  "Actual Startup Time": 0.028,
                  "Actual Total Time": 80.696,
                  "Actual Rows": 66729,
                  "Actual Loops": 5,
                  "Filter": "((kind_id < 3) AND (production_year > 1999))",
                  "Rows Removed by Filter": 438933
                }
              ]
            }
          ]
        }
      ]
    },
    "Planning Time": 0.094,
    "Triggers": [],
    "Execution Time": 100.116
  }
]