[
  {
    "Plan": {
      "Node Type": "Aggregate",
      "Strategy": "Plain",
      "Partial Mode": "Finalize",
      "Parallel Aware": false,
      "Startup Cost": 337417.58,
      "Total Cost": 337417.59,
      "Plan Rows": 1,
      "Plan Width": 8,
      "Actual Startup Time": 719.588,
      "Actual Total Time": 770.849,
      "Actual Rows": 1,
      "Actual Loops": 1,
      "Plans": [
        {
          "Node Type": "Gather",
          "Parent Relationship": "Outer",
          "Parallel Aware": false,
          "Startup Cost": 337416.95,
          "Total Cost": 337417.56,
          "Plan Rows": 6,
          "Plan Width": 8,
          "Actual Startup Time": 719.449,
          "Actual Total Time": 770.838,
          "Actual Rows": 7,
          "Actual Loops": 1,
          "Workers Planned": 6,
          "Workers Launched": 6,
          "Single Copy": false,
          "Plans": [
            {
              "Node Type": "Aggregate",
              "Strategy": "Plain",
              "Partial Mode": "Partial",
              "Parent Relationship": "Outer",
              "Parallel Aware": false,
              "Startup Cost": 336416.95,
              "Total Cost": 336416.96,
              "Plan Rows": 1,
              "Plan Width": 8,
              "Actual Startup Time": 710.122,
              "Actual Total Time": 710.124,
              "Actual Rows": 1,
              "Actual Loops": 7,
              "Plans": [
                {
                  "Node Type": "Seq Scan",
                  "Parent Relationship": "Outer",
                  "Parallel Aware": true,
                  "Relation Name": "cast_info",
                  "Alias": "ci",
                  "Startup Cost": 0.0,
                  "Total Cost": 328162.03,
                  "Plan Rows": 3301970,
                  "Plan Width": 0,
                  "Actual Startup Time": 180.188,
                  "Actual Total Time": 594.112,
                  "Actual Rows": 2832079,
                  "Actual Loops": 7,
                  "Filter": "(person_id > 1625987)",
                  "Rows Removed by Filter": 2345684
                }
              ]
            }
          ]
        }
      ]
    },
    "Planning Time": 0.232,
    "Triggers": [],
    "Execution Time": 770.921
  }
]