{
  "Plan": {
    "Node Type": "Aggregate",
    "Strategy": "Plain",
    "Partial Mode": "Finalize",
    "Parallel Aware": false,
    "Startup Cost": 350371.01,
    "Total Cost": 350371.02,
    "Plan Rows": 1,
    "Plan Width": 8,
    "Actual Startup Time": 2179.731,
    "Actual Total Time": 2217.682,
    "Actual Rows": 1,
    "Actual Loops": 1,
    "Plans": [
      {
        "Node Type": "Gather",
        "Parent Relationship": "Outer",
        "Parallel Aware": false,
        "Startup Cost": 350370.9,
        "Total Cost": 350371.01,
        "Plan Rows": 1,
        "Plan Width": 8,
        "Actual Startup Time": 2171.146,
        "Actual Total Time": 2217.673,
        "Actual Rows": 2,
        "Actual Loops": 1,
        "Workers Planned": 1,
        "Workers Launched": 1,
        "Single Copy": false,
        "Plans": [
          {
            "Node Type": "Aggregate",
            "Strategy": "Plain",
            "Partial Mode": "Partial",
            "Parent Relationship": "Outer",
            "Parallel Aware": false,
            "Startup Cost": 349370.9,
            "Total Cost": 349370.91,
            "Plan Rows": 1,
            "Plan Width": 8,
            "Actual Startup Time": 2164.057,
            "Actual Total Time": 2166.101,
            "Actual Rows": 1,
            "Actual Loops": 2,
            "Plans": [
              {
                "Node Type": "Hash Join",
                "Parent Relationship": "Outer",
                "Parallel Aware": true,
                "Join Type": "Inner",
                "Startup Cost": 221264.26,
                "Total Cost": 349326.82,
                "Plan Rows": 17633,
                "Plan Width": 0,
                "Actual Startup Time": 2069.665,
                "Actual Total Time": 2143.368,
                "Actual Rows": 544487,
                "Actual Loops": 2,
                "Inner Unique": false,
                "Hash Cond": "(mi.movie_id = t.id)",
                "Plans": [
                  {
                    "Node Type": "Bitmap Heap Scan",
                    "Parent Relationship": "Outer",
                    "Parallel Aware": true,
                    "Relation Name": "movie_info",
                    "Alias": "mi",
                    "Startup Cost": 1270.75,
                    "Total Cost": 129075.22,
                    "Plan Rows": 41162,
                    "Plan Width": 4,
                    "Actual Startup Time": 2.776,
                    "Actual Total Time": 9.5,
                    "Actual Rows": 34012,
                    "Actual Loops": 2,
                    "Recheck Cond": "(info_type_id = 94)",
                    "Rows Removed by Index Recheck": 0,
                    "Exact Heap Blocks": 1101,
                    "Lossy Heap Blocks": 0,
                    "Plans": [
                      {
                        "Node Type": "Bitmap Index Scan",
                        "Parent Relationship": "Outer",
                        "Parallel Aware": false,
                        "Index Name": "info_type_id_movie_info",
                        "Startup Cost": 0.0,
                        "Total Cost": 1253.25,
                        "Plan Rows": 69976,
                        "Plan Width": 0,
                        "Actual Startup Time": 2.514,
                        "Actual Total Time": 2.514,
                        "Actual Rows": 68025,
                        "Actual Loops": 1,
                        "Index Cond": "(info_type_id = 94)"
                      }
                    ]
                  },
                  {
                    "Node Type": "Hash",
                    "Parent Relationship": "Inner",
                    "Parallel Aware": true,
                    "Startup Cost": 212029.83,
                    "Total Cost": 212029.83,
                    "Plan Rows": 637095,
                    "Plan Width": 8,
                    "Actual Startup Time": 2052.573,
                    "Actual Total Time": 2054.614,
                    "Actual Rows": 1556377,
                    "Actual Loops": 2,
                    "Hash Buckets": 4194304,
                    "Original Hash Buckets": 2097152,
                    "Hash Batches": 1,
                    "Original Hash Batches": 1,
                    "Peak Memory Usage": 170976,
                    "Plans": [
                      {
                        "Node Type": "Hash Join",
                        "Parent Relationship": "Outer",
                        "Parallel Aware": true,
                        "Join Type": "Inner",
                        "Startup Cost": 69461.26,
                        "Total Cost": 212029.83,
                        "Plan Rows": 637095,
                        "Plan Width": 8,
                        "Actual Startup Time": 522.424,
                        "Actual Total Time": 1592.49,
                        "Actual Rows": 1556377,
                        "Actual Loops": 2,
                        "Inner Unique": true,
                        "Hash Cond": "(ci.movie_id = t.id)",
                        "Plans": [
                          {
                            "Node Type": "Index Scan",
                            "Parent Relationship": "Outer",
                            "Parallel Aware": true,
                            "Scan Direction": "Forward",
                            "Index Name": "role_id_cast_info",
                            "Relation Name": "cast_info",
                            "Alias": "ci",
                            "Startup Cost": 0.56,
                            "Total Cost": 140896.75,
                            "Plan Rows": 637095,
                            "Plan Width": 4,
                            "Actual Startup Time": 0.048,
                            "Actual Total Time": 356.127,
                            "Actual Rows": 1556377,
                            "Actual Loops": 2,
                            "Index Cond": "(role_id = 10)",
                            "Rows Removed by Index Recheck": 0,
                            "Filter": "(person_id > 2805325)",
                            "Rows Removed by Filter": 605132
                          },
                          {
                            "Node Type": "Hash",
                            "Parent Relationship": "Inner",
                            "Parallel Aware": true,
                            "Startup Cost": 50870.31,
                            "Total Cost": 50870.31,
                            "Plan Rows": 1487231,
                            "Plan Width": 4,
                            "Actual Startup Time": 509.69,
                            "Actual Total Time": 509.691,
                            "Actual Rows": 1264156,
                            "Actual Loops": 2,
                            "Hash Buckets": 4194304,
                            "Original Hash Buckets": 4194304,
                            "Hash Batches": 1,
                            "Original Hash Batches": 1,
                            "Peak Memory Usage": 131712,
                            "Plans": [
                              {
                                "Node Type": "Seq Scan",
                                "Parent Relationship": "Outer",
                                "Parallel Aware": true,
                                "Relation Name": "title",
                                "Alias": "t",
                                "Startup Cost": 0.0,
                                "Total Cost": 50870.31,
                                "Plan Rows": 1487231,
                                "Plan Width": 4,
                                "Actual Startup Time": 0.028,
                                "Actual Total Time": 149.366,
                                "Actual Rows": 1264156,
                                "Actual Loops": 2
                              }
                            ]
                          }
                        ]
                      }
                    ]
                  }
                ]
              }
            ]
          }
        ]
      }
    ]
  },
  "Planning Time": 0.995,
  "Triggers": [],
  "Execution Time": 2217.788
}