[
  {
    "Plan": {
      "Node Type": "Aggregate",
      "Strategy": "Plain",
      "Partial Mode": "Finalize",
      "Parallel Aware": false,
      "Startup Cost": 60447.0,
      "Total Cost": 60447.01,
      "Plan Rows": 1,
      "Plan Width": 8,
      "Actual Startup Time": 203.773,
      "Actual Total Time": 217.437,
      "Actual Rows": 1,
      "Actual Loops": 1,
      "Plans": [
        {
          "Node Type": "Gather",
          "Parent Relationship": "Outer",
          "Parallel Aware": false,
          "Startup Cost": 60446.79,
          "Total Cost": 60447.0,
          "Plan Rows": 2,
          "Plan Width": 8,
          "Actual Startup Time": 203.478,
          "Actual Total Time": 217.43,
          "Actual Rows": 3,
          "Actual Loops": 1,
          "Workers Planned": 2,
          "Workers Launched": 2,
          "Single Copy": false,
          "Plans": [
            {
              "Node Type": "Aggregate",
              "Strategy": "Plain",
              "Partial Mode": "Partial",
              "Parent Relationship": "Outer",
              "Parallel Aware": false,
              "Startup Cost": 59446.79,
              "Total Cost": 59446.8,
              "Plan Rows": 1,
              "Plan Width": 8,
              "Actual Startup Time": 195.967,
              "Actual Total Time": 195.97,
              "Actual Rows": 1,
              "Actual Loops": 3,
              "Plans": [
                {
                  "Node Type": "Hash Join",
                  "Parent Relationship": "Outer",
                  "Parallel Aware": true,
                  "Join Type": "Inner",
                  "Startup Cost": 44197.84,
                  "Total Cost": 59392.4,
                  "Plan Rows": 21755,
                  "Plan Width": 0,
                  "Actual Startup Time": 146.753,
                  "Actual Total Time": 195.646,
                  "Actual Rows": 6361,
                  "Actual Loops": 3,
                  "Inner Unique": true,
                  "Hash Cond": "(mi_idx.movie_id = t.id)",
                  "Plans": [
                    {
                      "Node Type": "Seq Scan",
                      "Parent Relationship": "Outer",
                      "Parallel Aware": true,
                      "Relation Name": "movie_info_idx",
                      "Alias": "mi_idx",
                      "Startup Cost": 0.0,
                      "Total Cost": 13685.15,
                      "Plan Rows": 575015,
                      "Plan Width": 4,
                      "Actual Startup Time": 0.022,
                      "Actual Total Time": 36.987,
                      "Actual Rows": 460012,
                      "Actual Loops": 3
                    },
                    {
                      "Node Type": "Hash",
                      "Parent Relationship": "Inner",
                      "Parallel Aware": true,
                      "Startup Cost": 43898.92,
                      "Total Cost": 43898.92,
                      "Plan Rows": 23914,
                      "Plan Width": 4,
                      "Actual Startup Time": 114.107,
                      "Actual Total Time": 114.107,
                      "Actual Rows": 32860,
                      "Actual Loops": 3,
                      "Hash Buckets": 131072,
                      "Original Hash Buckets": 131072,
                      "Hash Batches": 1,
                      "Original Hash Batches": 1,
                      "Peak Memory Usage": 4928,
                      "Plans": [
                        {
                          "Node Type": "Seq Scan",
                          "Parent Relationship": "Outer",
                          "Parallel Aware": true,
                          "Relation Name": "title",
                          "Alias": "t",
                          "Startup Cost": 0.0,
                          "Total Cost": 43898.92,
                          "Plan Rows": 23914,
                          "Plan Width": 4,
                          "Actual Startup Time": 55.464,
                          "Actual Total Time": 106.562,
                          "Actual Rows": 32860,
                          "Actual Loops": 3,
                          "Filter": "(production_year < 1924)",
                          "Rows Removed by Filter": 809911
                        }
                      ]
                    }
                  ]
                }
              ]
            }
          ]
        }
      ]
    },
    "Planning Time": 0.525,
    "Triggers": [],
    "Execution Time": 217.553
  }
]