[
  {
    "Plan": {
      "Node Type": "Aggregate",
      "Strategy": "Plain",
      "Partial Mode": "Finalize",
      "Parallel Aware": false,
      "Startup Cost": 311179.82,
      "Total Cost": 311179.83,
      "Plan Rows": 1,
      "Plan Width": 8,
      "Actual Startup Time": 240.503,
      "Actual Total Time": 250.032,
      "Actual Rows": 1,
      "Actual Loops": 1,
      "Plans": [
        {
          "Node Type": "Gather",
          "Parent Relationship": "Outer",
          "Parallel Aware": false,
          "Startup Cost": 311179.19,
          "Total Cost": 311179.8,
          "Plan Rows": 6,
          "Plan Width": 8,
          "Actual Startup Time": 239.794,
          "Actual Total Time": 250.018,
          "Actual Rows": 7,
          "Actual Loops": 1,
          "Workers Planned": 6,
          "Workers Launched": 6,
          "Single Copy": false,
          "Plans": [
            {
              "Node Type": "Aggregate",
              "Strategy": "Plain",
              "Partial Mode": "Partial",
              "Parent Relationship": "Outer",
              "Parallel Aware": false,
              "Startup Cost": 310179.19,
              "Total Cost": 310179.2,
              "Plan Rows": 1,
              "Plan Width": 8,
              "Actual Startup Time": 231.993,
              "Actual Total Time": 231.995,
              "Actual Rows": 1,
              "Actual Loops": 7,
              "Plans": [
                {
                  "Node Type": "Bitmap Heap Scan",
                  "Parent Relationship": "Outer",
                  "Parallel Aware": true,
                  "Relation Name": "cast_info",
                  "Alias": "ci",
                  "Startup Cost": 51646.43,
                  "Total Cost": 309204.9,
                  "Plan Rows": 389718,
                  "Plan Width": 0,
                  "Actual Startup Time": 123.987,
                  "Actual Total Time": 214.913,
                  "Actual Rows": 320578,
                  "Actual Loops": 7,
                  "Recheck Cond": "(person_id > 3623408)",
                  "Rows Removed by Index Recheck": 0,
                  "Exact Heap Blocks": 8150,
                  "Lossy Heap Blocks": 0,
                  "Plans": [
                    {
                      "Node Type": "Bitmap Index Scan",
                      "Parent Relationship": "Outer",
                      "Parallel Aware": false,
                      "Index Name": "person_id_cast_info",
                      "Startup Cost": 0.0,
                      "Total Cost": 51061.85,
                      "Plan Rows": 2338305,
                      "Plan Width": 0,
                      "Actual Startup Time": 125.392,
                      "Actual Total Time": 125.393,
                      "Actual Rows": 2244046,
                      "Actual Loops": 1,
                      "Index Cond": "(person_id > 3623408)"
                    }
                  ]
                }
              ]
            }
          ]
        }
      ]
    },
    "Planning Time": 0.198,
    "Triggers": [],
    "Execution Time": 250.108
  }
]