[
  {
    "Plan": {
      "Node Type": "Aggregate",
      "Strategy": "Plain",
      "Partial Mode": "Finalize",
      "Parallel Aware": false,
      "Startup Cost": 42016.5,
      "Total Cost": 42016.51,
      "Plan Rows": 1,
      "Plan Width": 8,
      "Actual Startup Time": 132.305,
      "Actual Total Time": 160.121,
      "Actual Rows": 1,
      "Actual Loops": 1,
      "Plans": [
        {
          "Node Type": "Gather",
          "Parent Relationship": "Outer",
          "Parallel Aware": false,
          "Startup Cost": 42016.29,
          "Total Cost": 42016.5,
          "Plan Rows": 2,
          "Plan Width": 8,
          "Actual Startup Time": 131.589,
          "Actual Total Time": 160.11,
          "Actual Rows": 3,
          "Actual Loops": 1,
          "Workers Planned": 2,
          "Workers Launched": 2,
          "Single Copy": false,
          "Plans": [
            {
              "Node Type": "Aggregate",
              "Strategy": "Plain",
              "Partial Mode": "Partial",
              "Parent Relationship": "Outer",
              "Parallel Aware": false,
              "Startup Cost": 41016.29,
              "Total Cost": 41016.3,
              "Plan Rows": 1,
              "Plan Width": 8,
              "Actual Startup Time": 126.993,
              "Actual Total Time": 126.995,
              "Actual Rows": 1,
              "Actual Loops": 3,
              "Plans": [
                {
                  "Node Type": "Nested Loop",
                  "Parent Relationship": "Outer",
                  "Parallel Aware": false,
                  "Join Type": "Inner",
                  "Startup Cost": 110.78,
                  "Total Cost": 40966.42,
                  "Plan Rows": 19948,
                  "Plan Width": 0,
                  "Actual Startup Time": 1.691,
                  "Actual Total Time": 123.409,
                  "Actual Rows": 48270,
                  "Actual Loops": 3,
                  "Inner Unique": false,
                  "Plans": [
                    {
                      "Node Type": "Nested Loop",
                      "Parent Relationship": "Outer",
                      "Parallel Aware": false,
                      "Join Type": "Inner",
                      "Startup Cost": 110.22,
                      "Total Cost": 37365.37,
                      "Plan Rows": 1391,
                      "Plan Width": 8,
                      "Actual Startup Time": 1.552,
                      "Actual Total Time": 13.606,
                      "Actual Rows": 996,
                      "Actual Loops": 3,
                      "Inner Unique": true,
                      "Plans": [
                        {
                          "Node Type": "Bitmap Heap Scan",
                          "Parent Relationship": "Outer",
                          "Parallel Aware": true,
                          "Relation Name": "movie_info",
                          "Alias": "mi",
                          "Startup Cost": 109.79,
                          "Total Cost": 19887.18,
                          "Plan Rows": 2438,
                          "Plan Width": 4,
                          "Actual Startup Time": 1.42,
                          "Actual Total Time": 3.606,
                          "Actual Rows": 1446,
                          "Actual Loops": 3,
                          "Recheck Cond": "(info_type_id = 35)",
                          "Rows Removed by Index Recheck": 0,
                          "Exact Heap Blocks": 989,
                          "Lossy Heap Blocks": 0,
                          "Plans": [
                            {
                              "Node Type": "Bitmap Index Scan",
                              "Parent Relationship": "Outer",
                              "Parallel Aware": false,
                              "Index Name": "info_type_id_movie_info",
                              "Startup Cost": 0.0,
                              "Total Cost": 108.33,
                              "Plan Rows": 5852,
                              "Plan Width": 0,
                              "Actual Startup Time": 3.332,
                              "Actual Total Time": 3.333,
                              "Actual Rows": 4339,
                              "Actual Loops": 1,
                              "Index Cond": "(info_type_id = 35)"
                            }
                          ]
                        },
                        {
                          "Node Type": "Index Scan",
                          "Parent Relationship": "Inner",
                          "Parallel Aware": false,
                          "Scan Direction": "Forward",
                          "Index Name": "title_pkey",
                          "Relation Name": "title",
                          "Alias": "t",
                          "Startup Cost": 0.43,
                          "Total Cost": 7.17,
                          "Plan Rows": 1,
                          "Plan Width": 4,
                          "Actual Startup Time": 0.006,
                          "Actual Total Time": 0.006,
                          "Actual Rows": 1,
                          "Actual Loops": 4339,
                          "Index Cond": "(id = mi.movie_id)",
                          "Rows Removed by Index Recheck": 0,
                          "Filter": "(production_year > 1999)",
                          "Rows Removed by Filter": 0
                        }
                      ]
                    },
                    {
                      "Node Type": "Index Only Scan",
                      "Parent Relationship": "Inner",
                      "Parallel Aware": false,
                      "Scan Direction": "Forward",
                      "Index Name": "movie_id_cast_info",
                      "Relation Name": "cast_info",
                      "Alias": "ci",
                      "Startup Cost": 0.56,
                      "Total Cost": 2.24,
                      "Plan Rows": 35,
                      "Plan Width": 4,
                      "Actual Startup Time": 0.011,
                      "Actual Total Time": 0.105,
                      "Actual Rows": 48,
                      "Actual Loops": 2988,
                      "Index Cond": "(movie_id = t.id)",
                      "Rows Removed by Index Recheck": 0,
                      "Heap Fetches": 144809
                    }
                  ]
                }
              ]
            }
          ]
        }
      ]
    },
    "Planning Time": 1.276,
    "Triggers": [],
    "Execution Time": 160.282
  }
]