[
    {
        "Bao": {
            "Bao prediction": "NaN",
            "Bao recommended hint": "(no hint)"
        }
    },
    {
        "Plan": {
            "Node Type": "Aggregate",
            "Strategy": "Plain",
            "Partial Mode": "Simple",
            "Parallel Aware": false,
            "Startup Cost": 26797.74,
            "Total Cost": 26797.75,
            "Plan Rows": 1,
            "Plan Width": 8,
            "Actual Startup Time": 34.272,
            "Actual Total Time": 34.273,
            "Actual Rows": 1,
            "Actual Loops": 1,
            "Output": [
                "count(*)"
            ],
            "Plans": [
                {
                    "Node Type": "Bitmap Heap Scan",
                    "Parent Relationship": "Outer",
                    "Parallel Aware": false,
                    "Relation Name": "movie_keyword",
                    "Schema": "public",
                    "Alias": "mk",
                    "Startup Cost": 1373.65,
                    "Total Cost": 26636.06,
                    "Plan Rows": 64673,
                    "Plan Width": 0,
                    "Actual Startup Time": 8.415,
                    "Actual Total Time": 31.537,
                    "Actual Rows": 60049,
                    "Actual Loops": 1,
                    "Recheck Cond": "(mk.keyword_id > 95195)",
                    "Rows Removed by Index Recheck": 0,
                    "Exact Heap Blocks": 13691,
                    "Lossy Heap Blocks": 0,
                    "Plans": [
                        {
                            "Node Type": "Bitmap Index Scan",
                            "Parent Relationship": "Outer",
                            "Parallel Aware": false,
                            "Index Name": "keyword_id_movie_keyword",
                            "Startup Cost": 0.0,
                            "Total Cost": 1357.48,
                            "Plan Rows": 64673,
                            "Plan Width": 0,
                            "Actual Startup Time": 6.137,
                            "Actual Total Time": 6.138,
                            "Actual Rows": 60049,
                            "Actual Loops": 1,
                            "Index Cond": "(mk.keyword_id > 95195)"
                        }
                    ]
                }
            ]
        },
        "Planning Time": 220.274,
        "Triggers": [],
        "Execution Time": 34.311
    }
]