[
  {
    "Plan": {
      "Node Type": "Aggregate",
      "Strategy": "Plain",
      "Partial Mode": "Finalize",
      "Parallel Aware": false,
      "Startup Cost": 46315.84,
      "Total Cost": 46315.85,
      "Plan Rows": 1,
      "Plan Width": 8,
      "Actual Startup Time": 154.436,
      "Actual Total Time": 164.094,
      "Actual Rows": 1,
      "Actual Loops": 1,
      "Plans": [
        {
          "Node Type": "Gather",
          "Parent Relationship": "Outer",
          "Parallel Aware": false,
          "Startup Cost": 46315.52,
          "Total Cost": 46315.83,
          "Plan Rows": 3,
          "Plan Width": 8,
          "Actual Startup Time": 154.327,
          "Actual Total Time": 164.085,
          "Actual Rows": 4,
          "Actual Loops": 1,
          "Workers Planned": 3,
          "Workers Launched": 3,
          "Single Copy": false,
          "Plans": [
            {
              "Node Type": "Aggregate",
              "Strategy": "Plain",
              "Partial Mode": "Partial",
              "Parent Relationship": "Outer",
              "Parallel Aware": false,
              "Startup Cost": 45315.52,
              "Total Cost": 45315.53,
              "Plan Rows": 1,
              "Plan Width": 8,
              "Actual Startup Time": 148.989,
              "Actual Total Time": 148.991,
              "Actual Rows": 1,
              "Actual Loops": 4,
              "Plans": [
                {
                  "Node Type": "Seq Scan",
                  "Parent Relationship": "Outer",
                  "Parallel Aware": true,
                  "Relation Name": "movie_keyword",
                  "Alias": "mk",
                  "Startup Cost": 0.0,
                  "Total Cost": 42695.65,
                  "Plan Rows": 1047948,
                  "Plan Width": 0,
                  "Actual Startup Time": 0.039,
                  "Actual Total Time": 114.32,
                  "Actual Rows": 812481,
                  "Actual Loops": 4,
                  "Filter": "(keyword_id < 13967)",
                  "Rows Removed by Filter": 318502
                }
              ]
            }
          ]
        }
      ]
    },
    "Planning Time": 0.089,
    "Triggers": [],
    "Execution Time": 164.122
  }
]