[
    {
        "Bao": {
            "Bao prediction": 485.724,
            "Bao recommended hint": "(no hint)"
        }
    },
    {
        "Plan": {
            "Node Type": "Aggregate",
            "Strategy": "Plain",
            "Partial Mode": "Finalize",
            "Parallel Aware": false,
            "Startup Cost": 333731.59,
            "Total Cost": 333731.6,
            "Plan Rows": 1,
            "Plan Width": 8,
            "Actual Startup Time": 784.333,
            "Actual Total Time": 815.374,
            "Actual Rows": 1,
            "Actual Loops": 1,
            "Output": [
                "count(*)"
            ],
            "Plans": [
                {
                    "Node Type": "Gather",
                    "Parent Relationship": "Outer",
                    "Parallel Aware": false,
                    "Startup Cost": 333730.97,
                    "Total Cost": 333731.58,
                    "Plan Rows": 6,
                    "Plan Width": 8,
                    "Actual Startup Time": 784.22,
                    "Actual Total Time": 815.367,
                    "Actual Rows": 7,
                    "Actual Loops": 1,
                    "Output": [
                        "(PARTIAL count(*))"
                    ],
                    "Workers Planned": 6,
                    "Workers Launched": 6,
                    "Single Copy": false,
                    "Plans": [
                        {
                            "Node Type": "Aggregate",
                            "Strategy": "Plain",
                            "Partial Mode": "Partial",
                            "Parent Relationship": "Outer",
                            "Parallel Aware": false,
                            "Startup Cost": 332730.97,
                            "Total Cost": 332730.98,
                            "Plan Rows": 1,
                            "Plan Width": 8,
                            "Actual Startup Time": 774.98,
                            "Actual Total Time": 774.981,
                            "Actual Rows": 1,
                            "Actual Loops": 7,
                            "Output": [
                                "PARTIAL count(*)"
                            ],
                            "Workers": [
                                {
                                    "Worker Number": 0,
                                    "Actual Startup Time": 773.063,
                                    "Actual Total Time": 773.065,
                                    "Actual Rows": 1,
                                    "Actual Loops": 1
                                },
                                {
                                    "Worker Number": 1,
                                    "Actual Startup Time": 773.057,
                                    "Actual Total Time": 773.059,
                                    "Actual Rows": 1,
                                    "Actual Loops": 1
                                },
                                {
                                    "Worker Number": 2,
                                    "Actual Startup Time": 773.735,
                                    "Actual Total Time": 773.736,
                                    "Actual Rows": 1,
                                    "Actual Loops": 1
                                },
                                {
                                    "Worker Number": 3,
                                    "Actual Startup Time": 773.754,
                                    "Actual Total Time": 773.755,
                                    "Actual Rows": 1,
                                    "Actual Loops": 1
                                },
                                {
                                    "Worker Number": 4,
                                    "Actual Startup Time": 773.828,
                                    "Actual Total Time": 773.829,
                                    "Actual Rows": 1,
                                    "Actual Loops": 1
                                },
                                {
                                    "Worker Number": 5,
                                    "Actual Startup Time": 774.018,
                                    "Actual Total Time": 774.019,
                                    "Actual Rows": 1,
                                    "Actual Loops": 1
                                }
                            ],
                            "Plans": [
                                {
                                    "Node Type": "Seq Scan",
                                    "Parent Relationship": "Outer",
                                    "Parallel Aware": true,
                                    "Relation Name": "cast_info",
                                    "Schema": "public",
                                    "Alias": "ci",
                                    "Startup Cost": 0.0,
                                    "Total Cost": 328213.62,
                                    "Plan Rows": 1806940,
                                    "Plan Width": 0,
                                    "Actual Startup Time": 344.823,
                                    "Actual Total Time": 683.058,
                                    "Actual Rows": 1557379,
                                    "Actual Loops": 7,
                                    "Output": [
                                        "id",
                                        "person_id",
                                        "movie_id",
                                        "person_role_id",
                                        "note",
                                        "nr_order",
                                        "role_id"
                                    ],
                                    "Filter": "(ci.person_id > 2616441)",
                                    "Rows Removed by Filter": 3620385,
                                    "Workers": [
                                        {
                                            "Worker Number": 0,
                                            "Actual Startup Time": 342.918,
                                            "Actual Total Time": 682.27,
                                            "Actual Rows": 1367771,
                                            "Actual Loops": 1
                                        },
                                        {
                                            "Worker Number": 1,
                                            "Actual Startup Time": 342.918,
                                            "Actual Total Time": 682.466,
                                            "Actual Rows": 1361713,
                                            "Actual Loops": 1
                                        },
                                        {
                                            "Worker Number": 2,
                                            "Actual Startup Time": 343.576,
                                            "Actual Total Time": 683.745,
                                            "Actual Rows": 1356447,
                                            "Actual Loops": 1
                                        },
                                        {
                                            "Worker Number": 3,
                                            "Actual Startup Time": 343.581,
                                            "Actual Total Time": 683.846,
                                            "Actual Rows": 1354986,
                                            "Actual Loops": 1
                                        },
                                        {
                                            "Worker Number": 4,
                                            "Actual Startup Time": 343.67,
                                            "Actual Total Time": 684.155,
                                            "Actual Rows": 1351259,
                                            "Actual Loops": 1
                                        },
                                        {
                                            "Worker Number": 5,
                                            "Actual Startup Time": 343.85,
                                            "Actual Total Time": 683.374,
                                            "Actual Rows": 1366688,
                                            "Actual Loops": 1
                                        }
                                    ]
                                }
                            ]
                        }
                    ]
                }
            ]
        },
        "Planning Time": 1624.039,
        "Triggers": [],
        "Execution Time": 815.462
    }
]