{
  "Plan": {
    "Node Type": "Aggregate",
    "Strategy": "Plain",
    "Partial Mode": "Finalize",
    "Parallel Aware": false,
    "Startup Cost": 393382.05,
    "Total Cost": 393382.06,
    "Plan Rows": 1,
    "Plan Width": 8,
    "Actual Startup Time": 225.497,
    "Actual Total Time": 255.704,
    "Actual Rows": 1,
    "Actual Loops": 1,
    "Plans": [
      {
        "Node Type": "Gather",
        "Parent Relationship": "Outer",
        "Parallel Aware": false,
        "Startup Cost": 393381.94,
        "Total Cost": 393382.05,
        "Plan Rows": 1,
        "Plan Width": 8,
        "Actual Startup Time": 225.397,
        "Actual Total Time": 255.696,
        "Actual Rows": 2,
        "Actual Loops": 1,
        "Workers Planned": 1,
        "Workers Launched": 1,
        "Single Copy": false,
        "Plans": [
          {
            "Node Type": "Aggregate",
            "Strategy": "Plain",
            "Partial Mode": "Partial",
            "Parent Relationship": "Outer",
            "Parallel Aware": false,
            "Startup Cost": 392381.94,
            "Total Cost": 392381.95,
            "Plan Rows": 1,
            "Plan Width": 8,
            "Actual Startup Time": 219.467,
            "Actual Total Time": 219.468,
            "Actual Rows": 1,
            "Actual Loops": 2,
            "Plans": [
              {
                "Node Type": "Nested Loop",
                "Parent Relationship": "Outer",
                "Parallel Aware": false,
                "Join Type": "Inner",
                "Startup Cost": 0.56,
                "Total Cost": 392300.42,
                "Plan Rows": 32608,
                "Plan Width": 0,
                "Actual Startup Time": 0.305,
                "Actual Total Time": 217.192,
                "Actual Rows": 34402,
                "Actual Loops": 2,
                "Inner Unique": false,
                "Plans": [
                  {
                    "Node Type": "Seq Scan",
                    "Parent Relationship": "Outer",
                    "Parallel Aware": true,
                    "Relation Name": "title",
                    "Alias": "t",
                    "Startup Cost": 0.0,
                    "Total Cost": 54588.39,
                    "Plan Rows": 2975,
                    "Plan Width": 4,
                    "Actual Startup Time": 0.143,
                    "Actual Total Time": 118.676,
                    "Actual Rows": 3417,
                    "Actual Loops": 2,
                    "Filter": "(production_year = 1953)",
                    "Rows Removed by Filter": 1260739
                  },
                  {
                    "Node Type": "Index Scan",
                    "Parent Relationship": "Inner",
                    "Parallel Aware": false,
                    "Scan Direction": "Forward",
                    "Index Name": "movie_id_cast_info",
                    "Relation Name": "cast_info",
                    "Alias": "ci",
                    "Startup Cost": 0.56,
                    "Total Cost": 113.24,
                    "Plan Rows": 28,
                    "Plan Width": 4,
                    "Actual Startup Time": 0.007,
                    "Actual Total Time": 0.028,
                    "Actual Rows": 10,
                    "Actual Loops": 6834,
                    "Index Cond": "(movie_id = t.id)",
                    "Rows Removed by Index Recheck": 0,
                    "Filter": "(person_id < 2842294)",
                    "Rows Removed by Filter": 2
                  }
                ]
              }
            ]
          }
        ]
      }
    ]
  },
  "Planning Time": 0.456,
  "Triggers": [],
  "Execution Time": 255.78
}