{
  "Plan": {
    "Node Type": "Aggregate",
    "Strategy": "Plain",
    "Partial Mode": "Finalize",
    "Parallel Aware": false,
    "Startup Cost": 678638.55,
    "Total Cost": 678638.56,
    "Plan Rows": 1,
    "Plan Width": 8,
    "Actual Startup Time": 5249.671,
    "Actual Total Time": 5317.842,
    "Actual Rows": 1,
    "Actual Loops": 1,
    "Plans": [
      {
        "Node Type": "Gather",
        "Parent Relationship": "Outer",
        "Parallel Aware": false,
        "Startup Cost": 678638.43,
        "Total Cost": 678638.54,
        "Plan Rows": 1,
        "Plan Width": 8,
        "Actual Startup Time": 5245.057,
        "Actual Total Time": 5317.823,
        "Actual Rows": 2,
        "Actual Loops": 1,
        "Workers Planned": 1,
        "Workers Launched": 1,
        "Single Copy": false,
        "Plans": [
          {
            "Node Type": "Aggregate",
            "Strategy": "Plain",
            "Partial Mode": "Partial",
            "Parent Relationship": "Outer",
            "Parallel Aware": false,
            "Startup Cost": 677638.43,
            "Total Cost": 677638.44,
            "Plan Rows": 1,
            "Plan Width": 8,
            "Actual Startup Time": 5239.591,
            "Actual Total Time": 5240.564,
            "Actual Rows": 1,
            "Actual Loops": 2,
            "Plans": [
              {
                "Node Type": "Hash Join",
                "Parent Relationship": "Outer",
                "Parallel Aware": true,
                "Join Type": "Inner",
                "Startup Cost": 85696.01,
                "Total Cost": 671530.9,
                "Plan Rows": 2443015,
                "Plan Width": 0,
                "Actual Startup Time": 1114.47,
                "Actual Total Time": 4953.377,
                "Actual Rows": 7088413,
                "Actual Loops": 2,
                "Inner Unique": false,
                "Hash Cond": "(ci.movie_id = t.id)",
                "Plans": [
                  {
                    "Node Type": "Seq Scan",
                    "Parent Relationship": "Outer",
                    "Parallel Aware": true,
                    "Relation Name": "cast_info",
                    "Alias": "ci",
                    "Startup Cost": 0.0,
                    "Total Cost": 519069.44,
                    "Plan Rows": 13971936,
                    "Plan Width": 4,
                    "Actual Startup Time": 508.883,
                    "Actual Total Time": 1808.038,
                    "Actual Rows": 11786828,
                    "Actual Loops": 2,
                    "Filter": "(role_id > 1)",
                    "Rows Removed by Filter": 6335344
                  },
                  {
                    "Node Type": "Hash",
                    "Parent Relationship": "Inner",
                    "Parallel Aware": true,
                    "Startup Cost": 82445.44,
                    "Total Cost": 82445.44,
                    "Plan Rows": 260045,
                    "Plan Width": 8,
                    "Actual Startup Time": 599.431,
                    "Actual Total Time": 600.401,
                    "Actual Rows": 438853,
                    "Actual Loops": 2,
                    "Hash Buckets": 1048576,
                    "Original Hash Buckets": 524288,
                    "Hash Batches": 1,
                    "Original Hash Batches": 1,
                    "Peak Memory Usage": 46656,
                    "Plans": [
                      {
                        "Node Type": "Hash Join",
                        "Parent Relationship": "Outer",
                        "Parallel Aware": true,
                        "Join Type": "Inner",
                        "Startup Cost": 64261.66,
                        "Total Cost": 82445.44,
                        "Plan Rows": 260045,
                        "Plan Width": 8,
                        "Actual Startup Time": 299.589,
                        "Actual Total Time": 497.189,
                        "Actual Rows": 438853,
                        "Actual Loops": 2,
                        "Inner Unique": true,
                        "Hash Cond": "(mi_idx.movie_id = t.id)",
                        "Plans": [
                          {
                            "Node Type": "Seq Scan",
                            "Parent Relationship": "Outer",
                            "Parallel Aware": true,
                            "Relation Name": "movie_info_idx",
                            "Alias": "mi_idx",
                            "Startup Cost": 0.0,
                            "Total Cost": 16052.85,
                            "Plan Rows": 811785,
                            "Plan Width": 4,
                            "Actual Startup Time": 0.02,
                            "Actual Total Time": 52.303,
                            "Actual Rows": 690018,
                            "Actual Loops": 2
                          },
                          {
                            "Node Type": "Hash",
                            "Parent Relationship": "Inner",
                            "Parallel Aware": true,
                            "Startup Cost": 58306.47,
                            "Total Cost": 58306.47,
                            "Plan Rows": 476415,
                            "Plan Width": 4,
                            "Actual Startup Time": 292.288,
                            "Actual Total Time": 292.289,
                            "Actual Rows": 421509,
                            "Actual Loops": 2,
                            "Hash Buckets": 1048576,
                            "Original Hash Buckets": 1048576,
                            "Hash Batches": 1,
                            "Original Hash Batches": 1,
                            "Peak Memory Usage": 41216,
                            "Plans": [
                              {
                                "Node Type": "Seq Scan",
                                "Parent Relationship": "Outer",
                                "Parallel Aware": true,
                                "Relation Name": "title",
                                "Alias": "t",
                                "Startup Cost": 0.0,
                                "Total Cost": 58306.47,
                                "Plan Rows": 476415,
                                "Plan Width": 4,
                                "Actual Startup Time": 0.039,
                                "Actual Total Time": 164.845,
                                "Actual Rows": 421509,
                                "Actual Loops": 2,
                                "Filter": "((kind_id < 7) AND (production_year < 2011))",
                                "Rows Removed by Filter": 842647
                              }
                            ]
                          }
                        ]
                      }
                    ]
                  }
                ]
              }
            ]
          }
        ]
      }
    ]
  },
  "Planning Time": 0.984,
  "Triggers": [],
  "Execution Time": 5317.951
}