[
  {
    "Plan": {
      "Node Type": "Aggregate",
      "Strategy": "Plain",
      "Partial Mode": "Finalize",
      "Parallel Aware": false,
      "Startup Cost": 125169.08,
      "Total Cost": 125169.09,
      "Plan Rows": 1,
      "Plan Width": 8,
      "Actual Startup Time": 717.221,
      "Actual Total Time": 739.613,
      "Actual Rows": 1,
      "Actual Loops": 1,
      "Plans": [
        {
          "Node Type": "Gather",
          "Parent Relationship": "Outer",
          "Parallel Aware": false,
          "Startup Cost": 125168.77,
          "Total Cost": 125169.08,
          "Plan Rows": 3,
          "Plan Width": 8,
          "Actual Startup Time": 710.329,
          "Actual Total Time": 739.604,
          "Actual Rows": 4,
          "Actual Loops": 1,
          "Workers Planned": 3,
          "Workers Launched": 3,
          "Single Copy": false,
          "Plans": [
            {
              "Node Type": "Aggregate",
              "Strategy": "Plain",
              "Partial Mode": "Partial",
              "Parent Relationship": "Outer",
              "Parallel Aware": false,
              "Startup Cost": 124168.77,
              "Total Cost": 124168.78,
              "Plan Rows": 1,
              "Plan Width": 8,
              "Actual Startup Time": 699.744,
              "Actual Total Time": 699.854,
              "Actual Rows": 1,
              "Actual Loops": 4,
              "Plans": [
                {
                  "Node Type": "Hash Join",
                  "Parent Relationship": "Outer",
                  "Parallel Aware": true,
                  "Join Type": "Inner",
                  "Startup Cost": 78720.32,
                  "Total Cost": 123763.31,
                  "Plan Rows": 162182,
                  "Plan Width": 0,
                  "Actual Startup Time": 377.479,
                  "Actual Total Time": 642.14,
                  "Actual Rows": 1319668,
                  "Actual Loops": 4,
                  "Inner Unique": false,
                  "Hash Cond": "(mk.movie_id = t.id)",
                  "Plans": [
                    {
                      "Node Type": "Seq Scan",
                      "Parent Relationship": "Outer",
                      "Parallel Aware": true,
                      "Relation Name": "movie_keyword",
                      "Alias": "mk",
                      "Startup Cost": 0.0,
                      "Total Cost": 39047.32,
                      "Plan Rows": 1459332,
                      "Plan Width": 4,
                      "Actual Startup Time": 0.043,
                      "Actual Total Time": 97.244,
                      "Actual Rows": 1130982,
                      "Actual Loops": 4
                    },
                    {
                      "Node Type": "Hash",
                      "Parent Relationship": "Inner",
                      "Parallel Aware": true,
                      "Startup Cost": 77587.34,
                      "Total Cost": 77587.34,
                      "Plan Rows": 90639,
                      "Plan Width": 8,
                      "Actual Startup Time": 334.129,
                      "Actual Total Time": 334.237,
                      "Actual Rows": 100002,
                      "Actual Loops": 4,
                      "Hash Buckets": 524288,
                      "Original Hash Buckets": 524288,
                      "Hash Batches": 1,
                      "Original Hash Batches": 1,
                      "Peak Memory Usage": 19808,
                      "Plans": [
                        {
                          "Node Type": "Hash Join",
                          "Parent Relationship": "Outer",
                          "Parallel Aware": true,
                          "Join Type": "Inner",
                          "Startup Cost": 47154.9,
                          "Total Cost": 77587.34,
                          "Plan Rows": 90639,
                          "Plan Width": 8,
                          "Actual Startup Time": 231.809,
                          "Actual Total Time": 307.028,
                          "Actual Rows": 100002,
                          "Actual Loops": 4,
                          "Inner Unique": true,
                          "Hash Cond": "(mc.movie_id = t.id)",
                          "Plans": [
                            {
                              "Node Type": "Seq Scan",
                              "Parent Relationship": "Outer",
                              "Parallel Aware": true,
                              "Relation Name": "movie_companies",
                              "Alias": "mc",
                              "Startup Cost": 0.0,
                              "Total Cost": 29310.68,
                              "Plan Rows": 427336,
                              "Plan Width": 4,
                              "Actual Startup Time": 32.248,
                              "Actual Total Time": 75.722,
                              "Actual Rows": 333721,
                              "Actual Loops": 4,
                              "Filter": "(company_type_id > 1)",
                              "Rows Removed by Filter": 318562
                            },
                            {
                              "Node Type": "Hash",
                              "Parent Relationship": "Inner",
                              "Parallel Aware": true,
                              "Startup Cost": 45479.1,
                              "Total Cost": 45479.1,
                              "Plan Rows": 134064,
                              "Plan Width": 4,
                              "Actual Startup Time": 159.692,
                              "Actual Total Time": 159.693,
                              "Actual Rows": 103068,
                              "Actual Loops": 4,
                              "Hash Buckets": 1048576,
                              "Original Hash Buckets": 1048576,
                              "Hash Batches": 1,
                              "Original Hash Batches": 1,
                              "Peak Memory Usage": 24384,
                              "Plans": [
                                {
                                  "Node Type": "Seq Scan",
                                  "Parent Relationship": "Outer",
                                  "Parallel Aware": true,
                                  "Relation Name": "title",
                                  "Alias": "t",
                                  "Startup Cost": 0.0,
                                  "Total Cost": 45479.1,
                                  "Plan Rows": 134064,
                                  "Plan Width": 4,
                                  "Actual Startup Time": 52.075,
                                  "Actual Total Time": 118.379,
                                  "Actual Rows": 103068,
                                  "Actual Loops": 4,
                                  "Filter": "((production_year > 1973) AND (kind_id = 1))",
                                  "Rows Removed by Filter": 529010
                                }
                              ]
                            }
                          ]
                        }
                      ]
                    }
                  ]
                }
              ]
            }
          ]
        }
      ]
    },
    "Planning Time": 1.584,
    "Triggers": [],
    "Execution Time": 739.709
  }
]