{
    "Plan": {
        "Node Type": "Aggregate",
        "Strategy": "Plain",
        "Partial Mode": "Simple",
        "Parallel Aware": false,
        "Startup Cost": 10099208076.13,
        "Total Cost": 10099208076.14,
        "Plan Rows": 1,
        "Plan Width": 8,
        "Actual Startup Time": 36559.519,
        "Actual Total Time": 36559.524,
        "Actual Rows": 1,
        "Actual Loops": 1,
        "Output": [
            "count(*)"
        ],
        "Plans": [
            {
                "Node Type": "Hash Join",
                "Parent Relationship": "Outer",
                "Parallel Aware": false,
                "Join Type": "Inner",
                "Startup Cost": 10000329637.18,
                "Total Cost": 10099179031.54,
                "Plan Rows": 11617833,
                "Plan Width": 0,
                "Actual Startup Time": 1460.8,
                "Actual Total Time": 35449.861,
                "Actual Rows": 27237673,
                "Actual Loops": 1,
                "Inner Unique": false,
                "Hash Cond": "(t.id = mi.movie_id)",
                "Plans": [
                    {
                        "Node Type": "Hash Join",
                        "Parent Relationship": "Outer",
                        "Parallel Aware": false,
                        "Join Type": "Inner",
                        "Startup Cost": 10000078877.13,
                        "Total Cost": 10002248949.94,
                        "Plan Rows": 14273931,
                        "Plan Width": 8,
                        "Actual Startup Time": 442.636,
                        "Actual Total Time": 31333.654,
                        "Actual Rows": 14824459,
                        "Actual Loops": 1,
                        "Output": [
                            "t.id",
                            "ci.movie_id"
                        ],
                        "Inner Unique": true,
                        "Hash Cond": "(ci.movie_id = t.id)",
                        "Plans": [
                            {
                                "Node Type": "Index Scan",
                                "Parent Relationship": "Outer",
                                "Parallel Aware": false,
                                "Scan Direction": "Forward",
                                "Index Name": "movie_id_cast_info",
                                "Relation Name": "cast_info",
                                "Schema": "public",
                                "Alias": "ci",
                                "Startup Cost": 10000000000.57,
                                "Total Cost": 10002074909.69,
                                "Plan Rows": 36252776,
                                "Plan Width": 4,
                                "Actual Startup Time": 0.028,
                                "Actual Total Time": 26224.711,
                                "Actual Rows": 36244344,
                                "Actual Loops": 1,
                                "Output": [
                                    "ci.id",
                                    "ci.person_id",
                                    "ci.movie_id",
                                    "ci.person_role_id",
                                    "ci.note",
                                    "ci.nr_order",
                                    "ci.role_id"
                                ]
                            },
                            {
                                "Node Type": "Hash",
                                "Parent Relationship": "Inner",
                                "Parallel Aware": false,
                                "Startup Cost": 66433.0,
                                "Total Cost": 66433.0,
                                "Plan Rows": 995485,
                                "Plan Width": 4,
                                "Actual Startup Time": 438.965,
                                "Actual Total Time": 438.966,
                                "Actual Rows": 985048,
                                "Actual Loops": 1,
                                "Output": [
                                    "t.id"
                                ],
                                "Hash Buckets": 1048576,
                                "Original Hash Buckets": 1048576,
                                "Hash Batches": 1,
                                "Original Hash Batches": 1,
                                "Peak Memory Usage": 42823,
                                "Plans": [
                                    {
                                        "Node Type": "Bitmap Heap Scan",
                                        "Parent Relationship": "Outer",
                                        "Parallel Aware": false,
                                        "Relation Name": "title",
                                        "Schema": "public",
                                        "Alias": "t",
                                        "Startup Cost": 17991.44,
                                        "Total Cost": 66433.0,
                                        "Plan Rows": 995485,
                                        "Plan Width": 4,
                                        "Actual Startup Time": 39.704,
                                        "Actual Total Time": 257.534,
                                        "Actual Rows": 985048,
                                        "Actual Loops": 1,
                                        "Output": [
                                            "t.id"
                                        ],
                                        "Recheck Cond": "(t.kind_id < 7)",
                                        "Rows Removed by Index Recheck": 0,
                                        "Exact Heap Blocks": 35472,
                                        "Lossy Heap Blocks": 0,
                                        "Plans": [
                                            {
                                                "Node Type": "Bitmap Index Scan",
                                                "Parent Relationship": "Outer",
                                                "Parallel Aware": false,
                                                "Index Name": "kind_id_title",
                                                "Startup Cost": 0.0,
                                                "Total Cost": 17742.57,
                                                "Plan Rows": 995485,
                                                "Plan Width": 0,
                                                "Actual Startup Time": 34.838,
                                                "Actual Total Time": 34.838,
                                                "Actual Rows": 985048,
                                                "Actual Loops": 1,
                                                "Index Cond": "(t.kind_id < 7)"
                                            }
                                        ]
                                    }
                                ]
                            }
                        ]
                    },
                    {
                        "Node Type": "Hash",
                        "Parent Relationship": "Inner",
                        "Parallel Aware": false,
                        "Startup Cost": 225036.92,
                        "Total Cost": 225036.92,
                        "Plan Rows": 2057851,
                        "Plan Width": 4,
                        "Actual Startup Time": 1000.888,
                        "Actual Total Time": 1000.889,
                        "Actual Rows": 2091068,
                        "Actual Loops": 1,
                        "Output": [
                            "mi.movie_id"
                        ],
                        "Hash Buckets": 2097152,
                        "Original Hash Buckets": 2097152,
                        "Hash Batches": 1,
                        "Original Hash Batches": 1,
                        "Peak Memory Usage": 89899,
                        "Plans": [
                            {
                                "Node Type": "Bitmap Heap Scan",
                                "Parent Relationship": "Outer",
                                "Parallel Aware": false,
                                "Relation Name": "movie_info",
                                "Schema": "public",
                                "Alias": "mi",
                                "Startup Cost": 37320.78,
                                "Total Cost": 225036.92,
                                "Plan Rows": 2057851,
                                "Plan Width": 4,
                                "Actual Startup Time": 108.519,
                                "Actual Total Time": 473.574,
                                "Actual Rows": 2091068,
                                "Actual Loops": 1,
                                "Output": [
                                    "mi.movie_id"
                                ],
                                "Recheck Cond": "(mi.info_type_id < 3)",
                                "Rows Removed by Index Recheck": 0,
                                "Exact Heap Blocks": 13453,
                                "Lossy Heap Blocks": 0,
                                "Plans": [
                                    {
                                        "Node Type": "Bitmap Index Scan",
                                        "Parent Relationship": "Outer",
                                        "Parallel Aware": false,
                                        "Index Name": "info_type_id_movie_info",
                                        "Startup Cost": 0.0,
                                        "Total Cost": 36806.32,
                                        "Plan Rows": 2057851,
                                        "Plan Width": 0,
                                        "Actual Startup Time": 106.067,
                                        "Actual Total Time": 106.067,
                                        "Actual Rows": 2091068,
                                        "Actual Loops": 1,
                                        "Index Cond": "(mi.info_type_id < 3)"
                                    }
                                ]
                            }
                        ]
                    }
                ]
            }
        ]
    },
    "Planning Time": 2.474,
    "Triggers": [],
    "Execution Time": 36562.447
}