[
  {
    "Plan": {
      "Node Type": "Aggregate",
      "Strategy": "Plain",
      "Partial Mode": "Finalize",
      "Parallel Aware": false,
      "Startup Cost": 52827.06,
      "Total Cost": 52827.07,
      "Plan Rows": 1,
      "Plan Width": 8,
      "Actual Startup Time": 96.451,
      "Actual Total Time": 108.769,
      "Actual Rows": 1,
      "Actual Loops": 1,
      "Plans": [
        {
          "Node Type": "Gather",
          "Parent Relationship": "Outer",
          "Parallel Aware": false,
          "Startup Cost": 52826.64,
          "Total Cost": 52827.05,
          "Plan Rows": 4,
          "Plan Width": 8,
          "Actual Startup Time": 96.359,
          "Actual Total Time": 108.763,
          "Actual Rows": 5,
          "Actual Loops": 1,
          "Workers Planned": 4,
          "Workers Launched": 4,
          "Single Copy": false,
          "Plans": [
            {
              "Node Type": "Aggregate",
              "Strategy": "Plain",
              "Partial Mode": "Partial",
              "Parent Relationship": "Outer",
              "Parallel Aware": false,
              "Startup Cost": 51826.64,
              "Total Cost": 51826.65,
              "Plan Rows": 1,
              "Plan Width": 8,
              "Actual Startup Time": 87.637,
              "Actual Total Time": 87.638,
              "Actual Rows": 1,
              "Actual Loops": 5,
              "Plans": [
                {
                  "Node Type": "Nested Loop",
                  "Parent Relationship": "Outer",
                  "Parallel Aware": false,
                  "Join Type": "Inner",
                  "Startup Cost": 0.43,
                  "Total Cost": 51825.38,
                  "Plan Rows": 507,
                  "Plan Width": 0,
                  "Actual Startup Time": 56.695,
                  "Actual Total Time": 87.553,
                  "Actual Rows": 1061,
                  "Actual Loops": 5,
                  "Inner Unique": false,
                  "Plans": [
                    {
                      "Node Type": "Seq Scan",
                      "Parent Relationship": "Outer",
                      "Parallel Aware": true,
                      "Relation Name": "title",
                      "Alias": "t",
                      "Startup Cost": 0.0,
                      "Total Cost": 45479.1,
                      "Plan Rows": 928,
                      "Plan Width": 4,
                      "Actual Startup Time": 55.641,
                      "Actual Total Time": 81.107,
                      "Actual Rows": 860,
                      "Actual Loops": 5,
                      "Filter": "((kind_id = 1) AND (production_year = 1969))",
                      "Rows Removed by Filter": 504802
                    },
                    {
                      "Node Type": "Index Only Scan",
                      "Parent Relationship": "Inner",
                      "Parallel Aware": false,
                      "Scan Direction": "Forward",
                      "Index Name": "movie_id_movie_info_idx",
                      "Relation Name": "movie_info_idx",
                      "Alias": "mi_idx",
                      "Startup Cost": 0.43,
                      "Total Cost": 6.81,
                      "Plan Rows": 3,
                      "Plan Width": 4,
                      "Actual Startup Time": 0.007,
                      "Actual Total Time": 0.007,
                      "Actual Rows": 1,
                      "Actual Loops": 4302,
                      "Index Cond": "(movie_id = t.id)",
                      "Rows Removed by Index Recheck": 0,
                      "Heap Fetches": 5303
                    }
                  ]
                }
              ]
            }
          ]
        }
      ]
    },
    "Planning Time": 0.514,
    "Triggers": [],
    "Execution Time": 108.829
  }
]