[
  {
    "Plan": {
      "Node Type": "Aggregate",
      "Strategy": "Plain",
      "Partial Mode": "Finalize",
      "Parallel Aware": false,
      "Startup Cost": 31734.67,
      "Total Cost": 31734.68,
      "Plan Rows": 1,
      "Plan Width": 8,
      "Actual Startup Time": 109.638,
      "Actual Total Time": 117.581,
      "Actual Rows": 1,
      "Actual Loops": 1,
      "Plans": [
        {
          "Node Type": "Gather",
          "Parent Relationship": "Outer",
          "Parallel Aware": false,
          "Startup Cost": 31734.35,
          "Total Cost": 31734.66,
          "Plan Rows": 3,
          "Plan Width": 8,
          "Actual Startup Time": 109.537,
          "Actual Total Time": 117.575,
          "Actual Rows": 4,
          "Actual Loops": 1,
          "Workers Planned": 3,
          "Workers Launched": 3,
          "Single Copy": false,
          "Plans": [
            {
              "Node Type": "Aggregate",
              "Strategy": "Plain",
              "Partial Mode": "Partial",
              "Parent Relationship": "Outer",
              "Parallel Aware": false,
              "Startup Cost": 30734.35,
              "Total Cost": 30734.36,
              "Plan Rows": 1,
              "Plan Width": 8,
              "Actual Startup Time": 103.846,
              "Actual Total Time": 103.847,
              "Actual Rows": 1,
              "Actual Loops": 4,
              "Plans": [
                {
                  "Node Type": "Seq Scan",
                  "Parent Relationship": "Outer",
                  "Parallel Aware": true,
                  "Relation Name": "movie_companies",
                  "Alias": "mc",
                  "Startup Cost": 0.0,
                  "Total Cost": 29310.68,
                  "Plan Rows": 569467,
                  "Plan Width": 0,
                  "Actual Startup Time": 1.269,
                  "Actual Total Time": 83.065,
                  "Actual Rows": 441535,
                  "Actual Loops": 4,
                  "Filter": "(company_id > 2248)",
                  "Rows Removed by Filter": 210748
                }
              ]
            }
          ]
        }
      ]
    },
    "Planning Time": 0.131,
    "Triggers": [],
    "Execution Time": 117.62
  }
]