[
  {
    "Plan": {
      "Node Type": "Aggregate",
      "Strategy": "Plain",
      "Partial Mode": "Finalize",
      "Parallel Aware": false,
      "Startup Cost": 62023.2,
      "Total Cost": 62023.21,
      "Plan Rows": 1,
      "Plan Width": 8,
      "Actual Startup Time": 198.832,
      "Actual Total Time": 216.69,
      "Actual Rows": 1,
      "Actual Loops": 1,
      "Plans": [
        {
          "Node Type": "Gather",
          "Parent Relationship": "Outer",
          "Parallel Aware": false,
          "Startup Cost": 62022.98,
          "Total Cost": 62023.19,
          "Plan Rows": 2,
          "Plan Width": 8,
          "Actual Startup Time": 198.502,
          "Actual Total Time": 216.678,
          "Actual Rows": 3,
          "Actual Loops": 1,
          "Workers Planned": 2,
          "Workers Launched": 2,
          "Single Copy": false,
          "Plans": [
            {
              "Node Type": "Aggregate",
              "Strategy": "Plain",
              "Partial Mode": "Partial",
              "Parent Relationship": "Outer",
              "Parallel Aware": false,
              "Startup Cost": 61022.98,
              "Total Cost": 61022.99,
              "Plan Rows": 1,
              "Plan Width": 8,
              "Actual Startup Time": 195.375,
              "Actual Total Time": 195.379,
              "Actual Rows": 1,
              "Actual Loops": 3,
              "Plans": [
                {
                  "Node Type": "Hash Join",
                  "Parent Relationship": "Outer",
                  "Parallel Aware": true,
                  "Join Type": "Inner",
                  "Startup Cost": 45774.72,
                  "Total Cost": 60969.28,
                  "Plan Rows": 21479,
                  "Plan Width": 0,
                  "Actual Startup Time": 120.898,
                  "Actual Total Time": 195.35,
                  "Actual Rows": 223,
                  "Actual Loops": 3,
                  "Inner Unique": true,
                  "Hash Cond": "(mi_idx.movie_id = t.id)",
                  "Plans": [
                    {
                      "Node Type": "Seq Scan",
                      "Parent Relationship": "Outer",
                      "Parallel Aware": true,
                      "Relation Name": "movie_info_idx",
                      "Alias": "mi_idx",
                      "Startup Cost": 0.0,
                      "Total Cost": 13685.15,
                      "Plan Rows": 575015,
                      "Plan Width": 4,
                      "Actual Startup Time": 0.009,
                      "Actual Total Time": 40.178,
                      "Actual Rows": 460012,
                      "Actual Loops": 3
                    },
                    {
                      "Node Type": "Hash",
                      "Parent Relationship": "Inner",
                      "Parallel Aware": true,
                      "Startup Cost": 45479.59,
                      "Total Cost": 45479.59,
                      "Plan Rows": 23611,
                      "Plan Width": 4,
                      "Actual Startup Time": 116.544,
                      "Actual Total Time": 116.545,
                      "Actual Rows": 1338,
                      "Actual Loops": 3,
                      "Hash Buckets": 131072,
                      "Original Hash Buckets": 131072,
                      "Hash Batches": 1,
                      "Original Hash Batches": 1,
                      "Peak Memory Usage": 1216,
                      "Plans": [
                        {
                          "Node Type": "Seq Scan",
                          "Parent Relationship": "Outer",
                          "Parallel Aware": true,
                          "Relation Name": "title",
                          "Alias": "t",
                          "Startup Cost": 0.0,
                          "Total Cost": 45479.59,
                          "Plan Rows": 23611,
                          "Plan Width": 4,
                          "Actual Startup Time": 0.213,
                          "Actual Total Time": 115.649,
                          "Actual Rows": 1338,
                          "Actual Loops": 3,
                          "Filter": "((production_year < 1951) AND (kind_id = 7))",
                          "Rows Removed by Filter": 841432
                        }
                      ]
                    }
                  ]
                }
              ]
            }
          ]
        }
      ]
    },
    "Planning Time": 0.279,
    "Triggers": [],
    "Execution Time": 216.733
  }
]