{
  "Plan": {
    "Node Type": "Aggregate",
    "Strategy": "Plain",
    "Partial Mode": "Finalize",
    "Parallel Aware": false,
    "Startup Cost": 151826.88,
    "Total Cost": 151826.89,
    "Plan Rows": 1,
    "Plan Width": 8,
    "Actual Startup Time": 1034.46,
    "Actual Total Time": 1048.86,
    "Actual Rows": 1,
    "Actual Loops": 1,
    "Plans": [
      {
        "Node Type": "Gather",
        "Parent Relationship": "Outer",
        "Parallel Aware": false,
        "Startup Cost": 151826.77,
        "Total Cost": 151826.88,
        "Plan Rows": 1,
        "Plan Width": 8,
        "Actual Startup Time": 1031.38,
        "Actual Total Time": 1048.853,
        "Actual Rows": 2,
        "Actual Loops": 1,
        "Workers Planned": 1,
        "Workers Launched": 1,
        "Single Copy": false,
        "Plans": [
          {
            "Node Type": "Aggregate",
            "Strategy": "Plain",
            "Partial Mode": "Partial",
            "Parent Relationship": "Outer",
            "Parallel Aware": false,
            "Startup Cost": 150826.77,
            "Total Cost": 150826.78,
            "Plan Rows": 1,
            "Plan Width": 8,
            "Actual Startup Time": 1026.27,
            "Actual Total Time": 1026.277,
            "Actual Rows": 1,
            "Actual Loops": 2,
            "Plans": [
              {
                "Node Type": "Hash Join",
                "Parent Relationship": "Outer",
                "Parallel Aware": true,
                "Join Type": "Inner",
                "Startup Cost": 85919.52,
                "Total Cost": 150213.8,
                "Plan Rows": 245187,
                "Plan Width": 0,
                "Actual Startup Time": 518.136,
                "Actual Total Time": 947.756,
                "Actual Rows": 1895986,
                "Actual Loops": 2,
                "Inner Unique": false,
                "Hash Cond": "(mk.movie_id = t.id)",
                "Plans": [
                  {
                    "Node Type": "Seq Scan",
                    "Parent Relationship": "Outer",
                    "Parallel Aware": true,
                    "Relation Name": "movie_keyword",
                    "Alias": "mk",
                    "Startup Cost": 0.0,
                    "Total Cost": 57718.19,
                    "Plan Rows": 1369016,
                    "Plan Width": 4,
                    "Actual Startup Time": 0.02,
                    "Actual Total Time": 179.353,
                    "Actual Rows": 1164286,
                    "Actual Loops": 2,
                    "Filter": "(keyword_id < 5113)",
                    "Rows Removed by Filter": 1097679
                  },
                  {
                    "Node Type": "Hash",
                    "Parent Relationship": "Inner",
                    "Parallel Aware": true,
                    "Startup Cost": 82590.03,
                    "Total Cost": 82590.03,
                    "Plan Rows": 266359,
                    "Plan Width": 8,
                    "Actual Startup Time": 512.559,
                    "Actual Total Time": 512.564,
                    "Actual Rows": 392795,
                    "Actual Loops": 2,
                    "Hash Buckets": 1048576,
                    "Original Hash Buckets": 524288,
                    "Hash Batches": 1,
                    "Original Hash Batches": 1,
                    "Peak Memory Usage": 43040,
                    "Plans": [
                      {
                        "Node Type": "Hash Join",
                        "Parent Relationship": "Outer",
                        "Parallel Aware": true,
                        "Join Type": "Inner",
                        "Startup Cost": 64406.24,
                        "Total Cost": 82590.03,
                        "Plan Rows": 266359,
                        "Plan Width": 8,
                        "Actual Startup Time": 250.18,
                        "Actual Total Time": 429.839,
                        "Actual Rows": 392795,
                        "Actual Loops": 2,
                        "Inner Unique": true,
                        "Hash Cond": "(mi_idx.movie_id = t.id)",
                        "Plans": [
                          {
                            "Node Type": "Seq Scan",
                            "Parent Relationship": "Outer",
                            "Parallel Aware": true,
                            "Relation Name": "movie_info_idx",
                            "Alias": "mi_idx",
                            "Startup Cost": 0.0,
                            "Total Cost": 16052.85,
                            "Plan Rows": 811785,
                            "Plan Width": 4,
                            "Actual Startup Time": 0.019,
                            "Actual Total Time": 47.883,
                            "Actual Rows": 690018,
                            "Actual Loops": 2
                          },
                          {
                            "Node Type": "Hash",
                            "Parent Relationship": "Inner",
                            "Parallel Aware": true,
                            "Startup Cost": 58306.47,
                            "Total Cost": 58306.47,
                            "Plan Rows": 487982,
                            "Plan Width": 4,
                            "Actual Startup Time": 243.692,
                            "Actual Total Time": 243.693,
                            "Actual Rows": 368998,
                            "Actual Loops": 2,
                            "Hash Buckets": 1048576,
                            "Original Hash Buckets": 1048576,
                            "Hash Batches": 1,
                            "Original Hash Batches": 1,
                            "Peak Memory Usage": 37088,
                            "Plans": [
                              {
                                "Node Type": "Seq Scan",
                                "Parent Relationship": "Outer",
                                "Parallel Aware": true,
                                "Relation Name": "title",
                                "Alias": "t",
                                "Startup Cost": 0.0,
                                "Total Cost": 58306.47,
                                "Plan Rows": 487982,
                                "Plan Width": 4,
                                "Actual Startup Time": 0.029,
                                "Actual Total Time": 149.597,
                                "Actual Rows": 368998,
                                "Actual Loops": 2,
                                "Filter": "((kind_id < 7) AND (production_year > 1968))",
                                "Rows Removed by Filter": 895158
                              }
                            ]
                          }
                        ]
                      }
                    ]
                  }
                ]
              }
            ]
          }
        ]
      }
    ]
  },
  "Planning Time": 0.865,
  "Triggers": [],
  "Execution Time": 1048.93
}