[
  {
    "Plan": {
      "Node Type": "Aggregate",
      "Strategy": "Plain",
      "Partial Mode": "Finalize",
      "Parallel Aware": false,
      "Startup Cost": 30556.26,
      "Total Cost": 30556.27,
      "Plan Rows": 1,
      "Plan Width": 8,
      "Actual Startup Time": 63.897,
      "Actual Total Time": 67.909,
      "Actual Rows": 1,
      "Actual Loops": 1,
      "Plans": [
        {
          "Node Type": "Gather",
          "Parent Relationship": "Outer",
          "Parallel Aware": false,
          "Startup Cost": 30555.94,
          "Total Cost": 30556.25,
          "Plan Rows": 3,
          "Plan Width": 8,
          "Actual Startup Time": 63.752,
          "Actual Total Time": 67.901,
          "Actual Rows": 4,
          "Actual Loops": 1,
          "Workers Planned": 3,
          "Workers Launched": 3,
          "Single Copy": false,
          "Plans": [
            {
              "Node Type": "Aggregate",
              "Strategy": "Plain",
              "Partial Mode": "Partial",
              "Parent Relationship": "Outer",
              "Parallel Aware": false,
              "Startup Cost": 29555.94,
              "Total Cost": 29555.95,
              "Plan Rows": 1,
              "Plan Width": 8,
              "Actual Startup Time": 60.249,
              "Actual Total Time": 60.253,
              "Actual Rows": 1,
              "Actual Loops": 4,
              "Plans": [
                {
                  "Node Type": "Bitmap Heap Scan",
                  "Parent Relationship": "Outer",
                  "Parallel Aware": true,
                  "Relation Name": "movie_companies",
                  "Alias": "mc",
                  "Startup Cost": 8800.46,
                  "Total Cost": 29228.36,
                  "Plan Rows": 131032,
                  "Plan Width": 0,
                  "Actual Startup Time": 25.347,
                  "Actual Total Time": 54.372,
                  "Actual Rows": 101024,
                  "Actual Loops": 4,
                  "Recheck Cond": "(company_id > 81747)",
                  "Rows Removed by Index Recheck": 0,
                  "Exact Heap Blocks": 3038,
                  "Lossy Heap Blocks": 0,
                  "Plans": [
                    {
                      "Node Type": "Bitmap Index Scan",
                      "Parent Relationship": "Outer",
                      "Parallel Aware": false,
                      "Index Name": "company_id_movie_companies",
                      "Startup Cost": 0.0,
                      "Total Cost": 8698.92,
                      "Plan Rows": 406198,
                      "Plan Width": 0,
                      "Actual Startup Time": 27.636,
                      "Actual Total Time": 27.648,
                      "Actual Rows": 404095,
                      "Actual Loops": 1,
                      "Index Cond": "(company_id > 81747)"
                    }
                  ]
                }
              ]
            }
          ]
        }
      ]
    },
    "Planning Time": 0.266,
    "Triggers": [],
    "Execution Time": 67.981
  }
]