[
  {
    "Plan": {
      "Node Type": "Aggregate",
      "Strategy": "Plain",
      "Partial Mode": "Finalize",
      "Parallel Aware": false,
      "Startup Cost": 343300.58,
      "Total Cost": 343300.59,
      "Plan Rows": 1,
      "Plan Width": 8,
      "Actual Startup Time": 454.523,
      "Actual Total Time": 468.733,
      "Actual Rows": 1,
      "Actual Loops": 1,
      "Plans": [
        {
          "Node Type": "Gather",
          "Parent Relationship": "Outer",
          "Parallel Aware": false,
          "Startup Cost": 343299.96,
          "Total Cost": 343300.57,
          "Plan Rows": 6,
          "Plan Width": 8,
          "Actual Startup Time": 452.662,
          "Actual Total Time": 468.721,
          "Actual Rows": 7,
          "Actual Loops": 1,
          "Workers Planned": 6,
          "Workers Launched": 6,
          "Single Copy": false,
          "Plans": [
            {
              "Node Type": "Aggregate",
              "Strategy": "Plain",
              "Partial Mode": "Partial",
              "Parent Relationship": "Outer",
              "Parallel Aware": false,
              "Startup Cost": 342299.96,
              "Total Cost": 342299.97,
              "Plan Rows": 1,
              "Plan Width": 8,
              "Actual Startup Time": 442.601,
              "Actual Total Time": 442.602,
              "Actual Rows": 1,
              "Actual Loops": 7,
              "Plans": [
                {
                  "Node Type": "Bitmap Heap Scan",
                  "Parent Relationship": "Outer",
                  "Parallel Aware": true,
                  "Relation Name": "cast_info",
                  "Alias": "ci",
                  "Startup Cost": 79581.98,
                  "Total Cost": 341311.82,
                  "Plan Rows": 395253,
                  "Plan Width": 0,
                  "Actual Startup Time": 221.824,
                  "Actual Total Time": 414.1,
                  "Actual Rows": 494422,
                  "Actual Loops": 7,
                  "Recheck Cond": "(person_id > 3429908)",
                  "Rows Removed by Index Recheck": 0,
                  "Filter": "(role_id > 1)",
                  "Rows Removed by Filter": 0,
                  "Exact Heap Blocks": 9256,
                  "Lossy Heap Blocks": 0,
                  "Plans": [
                    {
                      "Node Type": "Bitmap Index Scan",
                      "Parent Relationship": "Outer",
                      "Parallel Aware": false,
                      "Index Name": "person_id_cast_info",
                      "Startup Cost": 0.0,
                      "Total Cost": 78989.1,
                      "Plan Rows": 3617138,
                      "Plan Width": 0,
                      "Actual Startup Time": 216.468,
                      "Actual Total Time": 216.469,
                      "Actual Rows": 3460955,
                      "Actual Loops": 1,
                      "Index Cond": "(person_id > 3429908)"
                    }
                  ]
                }
              ]
            }
          ]
        }
      ]
    },
    "Planning Time": 0.228,
    "Triggers": [],
    "Execution Time": 468.871
  }
]