[
  {
    "Plan": {
      "Node Type": "Aggregate",
      "Strategy": "Plain",
      "Partial Mode": "Simple",
      "Parallel Aware": false,
      "Startup Cost": 110728.34,
      "Total Cost": 110728.35,
      "Plan Rows": 1,
      "Plan Width": 64,
      "Actual Startup Time": 9253.956,
      "Actual Total Time": 9254.075,
      "Actual Rows": 1,
      "Actual Loops": 1,
      "Output": [
        "min((kt.kind)::text)",
        "min(t.title)"
      ],
      "Plans": [
        {
          "Node Type": "Nested Loop",
          "Parent Relationship": "Outer",
          "Parallel Aware": false,
          "Join Type": "Inner",
          "Startup Cost": 3775.06,
          "Total Cost": 110728.32,
          "Plan Rows": 5,
          "Plan Width": 27,
          "Actual Startup Time": 4673.25,
          "Actual Total Time": 9253.68,
          "Actual Rows": 628,
          "Actual Loops": 1,
          "Output": [
            "kt.kind",
            "t.title"
          ],
          "Inner Unique": true,
          "Plans": [
            {
              "Node Type": "Nested Loop",
              "Parent Relationship": "Outer",
              "Parallel Aware": false,
              "Join Type": "Inner",
              "Startup Cost": 3774.64,
              "Total Cost": 110726.13,
              "Plan Rows": 5,
              "Plan Width": 31,
              "Actual Startup Time": 4672.967,
              "Actual Total Time": 9238.314,
              "Actual Rows": 628,
              "Actual Loops": 1,
              "Output": [
                "mk.keyword_id",
                "t.title",
                "kt.kind"
              ],
              "Inner Unique": false,
              "Plans": [
                {
                  "Node Type": "Nested Loop",
                  "Parent Relationship": "Outer",
                  "Parallel Aware": false,
                  "Join Type": "Inner",
                  "Startup Cost": 3774.21,
                  "Total Cost": 110724.32,
                  "Plan Rows": 1,
                  "Plan Width": 43,
                  "Actual Startup Time": 4672.393,
                  "Actual Total Time": 9236.402,
                  "Actual Rows": 7,
                  "Actual Loops": 1,
                  "Output": [
                    "cc.movie_id",
                    "mc.movie_id",
                    "mi.movie_id",
                    "t.title",
                    "t.id",
                    "kt.kind"
                  ],
                  "Inner Unique": true,
                  "Plans": [
                    {
                      "Node Type": "Nested Loop",
                      "Parent Relationship": "Outer",
                      "Parallel Aware": false,
                      "Join Type": "Inner",
                      "Startup Cost": 3774.08,
                      "Total Cost": 110724.17,
                      "Plan Rows": 1,
                      "Plan Width": 47,
                      "Actual Startup Time": 4672.269,
                      "Actual Total Time": 9236.0,
                      "Actual Rows": 7,
                      "Actual Loops": 1,
                      "Output": [
                        "cc.movie_id",
                        "mc.movie_id",
                        "mc.company_type_id",
                        "mi.movie_id",
                        "t.title",
                        "t.id",
                        "kt.kind"
                      ],
                      "Inner Unique": true,
                      "Plans": [
                        {
                          "Node Type": "Nested Loop",
                          "Parent Relationship": "Outer",
                          "Parallel Aware": false,
                          "Join Type": "Inner",
                          "Startup Cost": 3773.66,
                          "Total Cost": 110723.72,
                          "Plan Rows": 1,
                          "Plan Width": 51,
                          "Actual Startup Time": 4671.617,
                          "Actual Total Time": 9233.892,
                          "Actual Rows": 7,
                          "Actual Loops": 1,
                          "Output": [
                            "cc.movie_id",
                            "mc.movie_id",
                            "mc.company_id",
                            "mc.company_type_id",
                            "mi.movie_id",
                            "t.title",
                            "t.id",
                            "kt.kind"
                          ],
                          "Inner Unique": false,
                          "Plans": [
                            {
                              "Node Type": "Nested Loop",
                              "Parent Relationship": "Outer",
                              "Parallel Aware": false,
                              "Join Type": "Inner",
                              "Startup Cost": 3773.23,
                              "Total Cost": 110723.09,
                              "Plan Rows": 1,
                              "Plan Width": 39,
                              "Actual Startup Time": 4671.44,
                              "Actual Total Time": 9232.483,
                              "Actual Rows": 6,
                              "Actual Loops": 1,
                              "Output": [
                                "cc.movie_id",
                                "mi.movie_id",
                                "t.title",
                                "t.id",
                                "kt.kind"
                              ],
                              "Inner Unique": true,
                              "Plans": [
                                {
                                  "Node Type": "Nested Loop",
                                  "Parent Relationship": "Outer",
                                  "Parallel Aware": false,
                                  "Join Type": "Inner",
                                  "Startup Cost": 3773.09,
                                  "Total Cost": 110720.84,
                                  "Plan Rows": 11,
                                  "Plan Width": 43,
                                  "Actual Startup Time": 4671.255,
                                  "Actual Total Time": 9231.978,
                                  "Actual Rows": 6,
                                  "Actual Loops": 1,
                                  "Output": [
                                    "cc.movie_id",
                                    "mi.movie_id",
                                    "mi.info_type_id",
                                    "t.title",
                                    "t.id",
                                    "kt.kind"
                                  ],
                                  "Inner Unique": false,
                                  "Plans": [
                                    {
                                      "Node Type": "Hash Join",
                                      "Parent Relationship": "Outer",
                                      "Parallel Aware": false,
                                      "Join Type": "Inner",
                                      "Startup Cost": 3772.65,
                                      "Total Cost": 85231.69,
                                      "Plan Rows": 13302,
                                      "Plan Width": 35,
                                      "Actual Startup Time": 3183.527,
                                      "Actual Total Time": 5722.171,
                                      "Actual Rows": 5053,
                                      "Actual Loops": 1,
                                      "Output": [
                                        "cc.movie_id",
                                        "t.title",
                                        "t.id",
                                        "kt.kind"
                                      ],
                                      "Inner Unique": true,
                                      "Hash Cond": "(cc.status_id = cct1.id)",
                                      "Plans": [
                                        {
                                          "Node Type": "Hash Join",
                                          "Parent Relationship": "Outer",
                                          "Parallel Aware": false,
                                          "Join Type": "Inner",
                                          "Startup Cost": 3771.59,
                                          "Total Cost": 84942.97,
                                          "Plan Rows": 53209,
                                          "Plan Width": 39,
                                          "Actual Startup Time": 3166.587,
                                          "Actual Total Time": 5711.826,
                                          "Actual Rows": 22214,
                                          "Actual Loops": 1,
                                          "Output": [
                                            "cc.movie_id",
                                            "cc.status_id",
                                            "t.title",
                                            "t.id",
                                            "kt.kind"
                                          ],
                                          "Inner Unique": true,
                                          "Hash Cond": "(t.kind_id = kt.id)",
                                          "Plans": [
                                            {
                                              "Node Type": "Hash Join",
                                              "Parent Relationship": "Outer",
                                              "Parallel Aware": false,
                                              "Join Type": "Inner",
                                              "Startup Cost": 3770.44,
                                              "Total Cost": 81017.64,
                                              "Plan Rows": 931160,
                                              "Plan Width": 33,
                                              "Actual Startup Time": 216.071,
                                              "Actual Total Time": 5689.65,
                                              "Actual Rows": 61320,
                                              "Actual Loops": 1,
                                              "Output": [
                                                "cc.movie_id",
                                                "cc.status_id",
                                                "t.title",
                                                "t.kind_id",
                                                "t.id"
                                              ],
                                              "Inner Unique": false,
                                              "Hash Cond": "(t.id = cc.movie_id)",
                                              "Plans": [
                                                {
                                                  "Node Type": "Seq Scan",
                                                  "Parent Relationship": "Outer",
                                                  "Parallel Aware": false,
                                                  "Relation Name": "title",
                                                  "Schema": "public",
                                                  "Alias": "t",
                                                  "Startup Cost": 0.0,
                                                  "Total Cost": 67602.02,
                                                  "Plan Rows": 1742803,
                                                  "Plan Width": 25,
                                                  "Actual Startup Time": 0.831,
                                                  "Actual Total Time": 3044.017,
                                                  "Actual Rows": 1749032,
                                                  "Actual Loops": 1,
                                                  "Output": [
                                                    "t.id",
                                                    "t.title",
                                                    "t.imdb_index",
                                                    "t.kind_id",
                                                    "t.production_year",
                                                    "t.imdb_id",
                                                    "t.phonetic_code",
                                                    "t.episode_of_id",
                                                    "t.season_nr",
                                                    "t.episode_nr",
                                                    "t.series_years",
                                                    "t.md5sum"
                                                  ],
                                                  "Filter": "(t.production_year > 1990)",
                                                  "Rows Removed by Filter": 779280
                                                },
                                                {
                                                  "Node Type": "Hash",
                                                  "Parent Relationship": "Inner",
                                                  "Parallel Aware": false,
                                                  "Startup Cost": 2081.86,
                                                  "Total Cost": 2081.86,
                                                  "Plan Rows": 135086,
                                                  "Plan Width": 8,
                                                  "Actual Startup Time": 205.082,
                                                  "Actual Total Time": 205.088,
                                                  "Actual Rows": 135086,
                                                  "Actual Loops": 1,
                                                  "Output": [
                                                    "cc.movie_id",
                                                    "cc.status_id"
                                                  ],
                                                  "Hash Buckets": 262144,
                                                  "Original Hash Buckets": 262144,
                                                  "Hash Batches": 1,
                                                  "Original Hash Batches": 1,
                                                  "Peak Memory Usage": 7325,
                                                  "Plans": [
                                                    {
                                                      "Node Type": "Seq Scan",
                                                      "Parent Relationship": "Outer",
                                                      "Parallel Aware": false,
                                                      "Relation Name": "complete_cast",
                                                      "Schema": "public",
                                                      "Alias": "cc",
                                                      "Startup Cost": 0.0,
                                                      "Total Cost": 2081.86,
                                                      "Plan Rows": 135086,
                                                      "Plan Width": 8,
                                                      "Actual Startup Time": 1.222,
                                                      "Actual Total Time": 106.533,
                                                      "Actual Rows": 135086,
                                                      "Actual Loops": 1,
                                                      "Output": [
                                                        "cc.movie_id",
                                                        "cc.status_id"
                                                      ]
                                                    }
                                                  ]
                                                }
                                              ]
                                            },
                                            {
                                              "Node Type": "Hash",
                                              "Parent Relationship": "Inner",
                                              "Parallel Aware": false,
                                              "Startup Cost": 1.1,
                                              "Total Cost": 1.1,
                                              "Plan Rows": 4,
                                              "Plan Width": 14,
                                              "Actual Startup Time": 0.185,
                                              "Actual Total Time": 0.185,
                                              "Actual Rows": 4,
                                              "Actual Loops": 1,
                                              "Output": [
                                                "kt.kind",
                                                "kt.id"
                                              ],
                                              "Hash Buckets": 1024,
                                              "Original Hash Buckets": 1024,
                                              "Hash Batches": 1,
                                              "Original Hash Batches": 1,
                                              "Peak Memory Usage": 9,
                                              "Plans": [
                                                {
                                                  "Node Type": "Seq Scan",
                                                  "Parent Relationship": "Outer",
                                                  "Parallel Aware": false,
                                                  "Relation Name": "kind_type",
                                                  "Schema": "public",
                                                  "Alias": "kt",
                                                  "Startup Cost": 0.0,
                                                  "Total Cost": 1.1,
                                                  "Plan Rows": 4,
                                                  "Plan Width": 14,
                                                  "Actual Startup Time": 0.133,
                                                  "Actual Total Time": 0.136,
                                                  "Actual Rows": 4,
                                                  "Actual Loops": 1,
                                                  "Output": [
                                                    "kt.kind",
                                                    "kt.id"
                                                  ],
                                                  "Filter": "((kt.kind)::text = ANY ('{movie,\"tv movie\",\"video movie\",\"video game\"}'::text[]))",
                                                  "Rows Removed by Filter": 3
                                                }
                                              ]
                                            }
                                          ]
                                        },
                                        {
                                          "Node Type": "Hash",
                                          "Parent Relationship": "Inner",
                                          "Parallel Aware": false,
                                          "Startup Cost": 1.05,
                                          "Total Cost": 1.05,
                                          "Plan Rows": 1,
                                          "Plan Width": 4,
                                          "Actual Startup Time": 0.603,
                                          "Actual Total Time": 0.604,
                                          "Actual Rows": 1,
                                          "Actual Loops": 1,
                                          "Output": [
                                            "cct1.id"
                                          ],
                                          "Hash Buckets": 1024,
                                          "Original Hash Buckets": 1024,
                                          "Hash Batches": 1,
                                          "Original Hash Batches": 1,
                                          "Peak Memory Usage": 9,
                                          "Plans": [
                                            {
                                              "Node Type": "Seq Scan",
                                              "Parent Relationship": "Outer",
                                              "Parallel Aware": false,
                                              "Relation Name": "comp_cast_type",
                                              "Schema": "public",
                                              "Alias": "cct1",
                                              "Startup Cost": 0.0,
                                              "Total Cost": 1.05,
                                              "Plan Rows": 1,
                                              "Plan Width": 4,
                                              "Actual Startup Time": 0.18,
                                              "Actual Total Time": 0.181,
                                              "Actual Rows": 1,
                                              "Actual Loops": 1,
                                              "Output": [
                                                "cct1.id"
                                              ],
                                              "Filter": "((cct1.kind)::text = 'complete+verified'::text)",
                                              "Rows Removed by Filter": 3
                                            }
                                          ]
                                        }
                                      ]
                                    },
                                    {
                                      "Node Type": "Index Scan",
                                      "Parent Relationship": "Inner",
                                      "Parallel Aware": false,
                                      "Scan Direction": "Forward",
                                      "Index Name": "movie_id_movie_info",
                                      "Relation Name": "movie_info",
                                      "Schema": "public",
                                      "Alias": "mi",
                                      "Startup Cost": 0.43,
                                      "Total Cost": 1.91,
                                      "Plan Rows": 1,
                                      "Plan Width": 8,
                                      "Actual Startup Time": 0.69,
                                      "Actual Total Time": 0.69,
                                      "Actual Rows": 0,
                                      "Actual Loops": 5053,
                                      "Output": [
                                        "mi.id",
                                        "mi.movie_id",
                                        "mi.info_type_id",
                                        "mi.info",
                                        "mi.note"
                                      ],
                                      "Index Cond": "(mi.movie_id = t.id)",
                                      "Rows Removed by Index Recheck": 0,
                                      "Filter": "((mi.info IS NOT NULL) AND (mi.note ~~ '%internet%'::text) AND ((mi.info ~~ 'USA:% 199%'::text) OR (mi.info ~~ 'USA:% 200%'::text)))",
                                      "Rows Removed by Filter": 123
                                    }
                                  ]
                                },
                                {
                                  "Node Type": "Index Scan",
                                  "Parent Relationship": "Inner",
                                  "Parallel Aware": false,
                                  "Scan Direction": "Forward",
                                  "Index Name": "info_type_pkey",
                                  "Relation Name": "info_type",
                                  "Schema": "public",
                                  "Alias": "it1",
                                  "Startup Cost": 0.14,
                                  "Total Cost": 0.2,
                                  "Plan Rows": 1,
                                  "Plan Width": 4,
                                  "Actual Startup Time": 0.048,
                                  "Actual Total Time": 0.049,
                                  "Actual Rows": 1,
                                  "Actual Loops": 6,
                                  "Output": [
                                    "it1.id",
                                    "it1.info"
                                  ],
                                  "Index Cond": "(it1.id = mi.info_type_id)",
                                  "Rows Removed by Index Recheck": 0,
                                  "Filter": "((it1.info)::text = 'release dates'::text)",
                                  "Rows Removed by Filter": 0
                                }
                              ]
                            },
                            {
                              "Node Type": "Index Scan",
                              "Parent Relationship": "Inner",
                              "Parallel Aware": false,
                              "Scan Direction": "Forward",
                              "Index Name": "movie_id_movie_companies",
                              "Relation Name": "movie_companies",
                              "Schema": "public",
                              "Alias": "mc",
                              "Startup Cost": 0.43,
                              "Total Cost": 0.58,
                              "Plan Rows": 5,
                              "Plan Width": 12,
                              "Actual Startup Time": 0.082,
                              "Actual Total Time": 0.087,
                              "Actual Rows": 1,
                              "Actual Loops": 6,
                              "Output": [
                                "mc.id",
                                "mc.movie_id",
                                "mc.company_id",
                                "mc.company_type_id",
                                "mc.note"
                              ],
                              "Index Cond": "(mc.movie_id = t.id)",
                              "Rows Removed by Index Recheck": 0
                            }
                          ]
                        },
                        {
                          "Node Type": "Index Scan",
                          "Parent Relationship": "Inner",
                          "Parallel Aware": false,
                          "Scan Direction": "Forward",
                          "Index Name": "company_name_pkey",
                          "Relation Name": "company_name",
                          "Schema": "public",
                          "Alias": "cn",
                          "Startup Cost": 0.42,
                          "Total Cost": 0.45,
                          "Plan Rows": 1,
                          "Plan Width": 4,
                          "Actual Startup Time": 0.277,
                          "Actual Total Time": 0.278,
                          "Actual Rows": 1,
                          "Actual Loops": 7,
                          "Output": [
                            "cn.id",
                            "cn.name",
                            "cn.country_code",
                            "cn.imdb_id",
                            "cn.name_pcode_nf",
                            "cn.name_pcode_sf",
                            "cn.md5sum"
                          ],
                          "Index Cond": "(cn.id = mc.company_id)",
                          "Rows Removed by Index Recheck": 0,
                          "Filter": "((cn.country_code)::text = '[us]'::text)",
                          "Rows Removed by Filter": 0
                        }
                      ]
                    },
                    {
                      "Node Type": "Index Only Scan",
                      "Parent Relationship": "Inner",
                      "Parallel Aware": false,
                      "Scan Direction": "Forward",
                      "Index Name": "company_type_pkey",
                      "Relation Name": "company_type",
                      "Schema": "public",
                      "Alias": "ct",
                      "Startup Cost": 0.13,
                      "Total Cost": 0.15,
                      "Plan Rows": 1,
                      "Plan Width": 4,
                      "Actual Startup Time": 0.026,
                      "Actual Total Time": 0.027,
                      "Actual Rows": 1,
                      "Actual Loops": 7,
                      "Output": [
                        "ct.id"
                      ],
                      "Index Cond": "(ct.id = mc.company_type_id)",
                      "Rows Removed by Index Recheck": 0,
                      "Heap Fetches": 7
                    }
                  ]
                },
                {
                  "Node Type": "Index Scan",
                  "Parent Relationship": "Inner",
                  "Parallel Aware": false,
                  "Scan Direction": "Forward",
                  "Index Name": "movie_id_movie_keyword",
                  "Relation Name": "movie_keyword",
                  "Schema": "public",
                  "Alias": "mk",
                  "Startup Cost": 0.43,
                  "Total Cost": 1.34,
                  "Plan Rows": 46,
                  "Plan Width": 8,
                  "Actual Startup Time": 0.207,
                  "Actual Total Time": 0.242,
                  "Actual Rows": 90,
                  "Actual Loops": 7,
                  "Output": [
                    "mk.id",
                    "mk.movie_id",
                    "mk.keyword_id"
                  ],
                  "Index Cond": "(mk.movie_id = t.id)",
                  "Rows Removed by Index Recheck": 0
                }
              ]
            },
            {
              "Node Type": "Index Only Scan",
              "Parent Relationship": "Inner",
              "Parallel Aware": false,
              "Scan Direction": "Forward",
              "Index Name": "keyword_pkey",
              "Relation Name": "keyword",
              "Schema": "public",
              "Alias": "k",
              "Startup Cost": 0.42,
              "Total Cost": 0.44,
              "Plan Rows": 1,
              "Plan Width": 4,
              "Actual Startup Time": 0.024,
              "Actual Total Time": 0.024,
              "Actual Rows": 1,
              "Actual Loops": 628,
              "Output": [
                "k.id"
              ],
              "Index Cond": "(k.id = mk.keyword_id)",
              "Rows Removed by Index Recheck": 0,
              "Heap Fetches": 628
            }
          ]
        }
      ]
    },
    "Planning Time": 19736.592,
    "Triggers": [],
    "Execution Time": 9259.733
  }
]