[
  {
    "Plan": {
      "Node Type": "Aggregate",
      "Strategy": "Plain",
      "Partial Mode": "Simple",
      "Parallel Aware": false,
      "Startup Cost": 88609.46,
      "Total Cost": 88609.47,
      "Plan Rows": 1,
      "Plan Width": 64,
      "Actual Startup Time": 4534.64,
      "Actual Total Time": 4534.698,
      "Actual Rows": 1,
      "Actual Loops": 1,
      "Output": [
        "min((kt.kind)::text)",
        "min(t.title)"
      ],
      "Plans": [
        {
          "Node Type": "Nested Loop",
          "Parent Relationship": "Outer",
          "Parallel Aware": false,
          "Join Type": "Inner",
          "Startup Cost": 4.79,
          "Total Cost": 88609.43,
          "Plan Rows": 5,
          "Plan Width": 27,
          "Actual Startup Time": 1079.032,
          "Actual Total Time": 4534.306,
          "Actual Rows": 628,
          "Actual Loops": 1,
          "Output": [
            "kt.kind",
            "t.title"
          ],
          "Inner Unique": true,
          "Plans": [
            {
              "Node Type": "Nested Loop",
              "Parent Relationship": "Outer",
              "Parallel Aware": false,
              "Join Type": "Inner",
              "Startup Cost": 4.37,
              "Total Cost": 88607.24,
              "Plan Rows": 5,
              "Plan Width": 31,
              "Actual Startup Time": 1077.742,
              "Actual Total Time": 4506.967,
              "Actual Rows": 628,
              "Actual Loops": 1,
              "Output": [
                "mk.keyword_id",
                "t.title",
                "kt.kind"
              ],
              "Inner Unique": false,
              "Plans": [
                {
                  "Node Type": "Nested Loop",
                  "Parent Relationship": "Outer",
                  "Parallel Aware": false,
                  "Join Type": "Inner",
                  "Startup Cost": 3.93,
                  "Total Cost": 88605.43,
                  "Plan Rows": 1,
                  "Plan Width": 43,
                  "Actual Startup Time": 1077.488,
                  "Actual Total Time": 4505.182,
                  "Actual Rows": 7,
                  "Actual Loops": 1,
                  "Output": [
                    "cc.movie_id",
                    "mc.movie_id",
                    "mi.movie_id",
                    "t.title",
                    "t.id",
                    "kt.kind"
                  ],
                  "Inner Unique": true,
                  "Join Filter": "(mc.company_type_id = ct.id)",
                  "Rows Removed by Join Filter": 5,
                  "Plans": [
                    {
                      "Node Type": "Nested Loop",
                      "Parent Relationship": "Outer",
                      "Parallel Aware": false,
                      "Join Type": "Inner",
                      "Startup Cost": 3.93,
                      "Total Cost": 88604.34,
                      "Plan Rows": 1,
                      "Plan Width": 47,
                      "Actual Startup Time": 1077.367,
                      "Actual Total Time": 4504.814,
                      "Actual Rows": 7,
                      "Actual Loops": 1,
                      "Output": [
                        "cc.movie_id",
                        "mc.movie_id",
                        "mc.company_type_id",
                        "mi.movie_id",
                        "t.title",
                        "t.id",
                        "kt.kind"
                      ],
                      "Inner Unique": true,
                      "Plans": [
                        {
                          "Node Type": "Nested Loop",
                          "Parent Relationship": "Outer",
                          "Parallel Aware": false,
                          "Join Type": "Inner",
                          "Startup Cost": 3.51,
                          "Total Cost": 88603.9,
                          "Plan Rows": 1,
                          "Plan Width": 51,
                          "Actual Startup Time": 1076.489,
                          "Actual Total Time": 4502.866,
                          "Actual Rows": 7,
                          "Actual Loops": 1,
                          "Output": [
                            "cc.movie_id",
                            "mc.movie_id",
                            "mc.company_id",
                            "mc.company_type_id",
                            "mi.movie_id",
                            "t.title",
                            "t.id",
                            "kt.kind"
                          ],
                          "Inner Unique": false,
                          "Plans": [
                            {
                              "Node Type": "Nested Loop",
                              "Parent Relationship": "Outer",
                              "Parallel Aware": false,
                              "Join Type": "Inner",
                              "Startup Cost": 3.08,
                              "Total Cost": 88603.27,
                              "Plan Rows": 1,
                              "Plan Width": 39,
                              "Actual Startup Time": 1075.989,
                              "Actual Total Time": 4501.872,
                              "Actual Rows": 6,
                              "Actual Loops": 1,
                              "Output": [
                                "cc.movie_id",
                                "mi.movie_id",
                                "t.title",
                                "t.id",
                                "kt.kind"
                              ],
                              "Inner Unique": false,
                              "Join Filter": "(mi.info_type_id = it1.id)",
                              "Rows Removed by Join Filter": 0,
                              "Plans": [
                                {
                                  "Node Type": "Seq Scan",
                                  "Parent Relationship": "Outer",
                                  "Parallel Aware": false,
                                  "Relation Name": "info_type",
                                  "Schema": "public",
                                  "Alias": "it1",
                                  "Startup Cost": 0.0,
                                  "Total Cost": 2.41,
                                  "Plan Rows": 1,
                                  "Plan Width": 4,
                                  "Actual Startup Time": 0.524,
                                  "Actual Total Time": 0.612,
                                  "Actual Rows": 1,
                                  "Actual Loops": 1,
                                  "Output": [
                                    "it1.id",
                                    "it1.info"
                                  ],
                                  "Filter": "((it1.info)::text = 'release dates'::text)",
                                  "Rows Removed by Filter": 112
                                },
                                {
                                  "Node Type": "Nested Loop",
                                  "Parent Relationship": "Inner",
                                  "Parallel Aware": false,
                                  "Join Type": "Inner",
                                  "Startup Cost": 3.08,
                                  "Total Cost": 88600.72,
                                  "Plan Rows": 11,
                                  "Plan Width": 43,
                                  "Actual Startup Time": 1075.417,
                                  "Actual Total Time": 4501.154,
                                  "Actual Rows": 6,
                                  "Actual Loops": 1,
                                  "Output": [
                                    "cc.movie_id",
                                    "mi.movie_id",
                                    "mi.info_type_id",
                                    "t.title",
                                    "t.id",
                                    "kt.kind"
                                  ],
                                  "Inner Unique": false,
                                  "Plans": [
                                    {
                                      "Node Type": "Hash Join",
                                      "Parent Relationship": "Outer",
                                      "Parallel Aware": false,
                                      "Join Type": "Inner",
                                      "Startup Cost": 2.65,
                                      "Total Cost": 63111.57,
                                      "Plan Rows": 13302,
                                      "Plan Width": 35,
                                      "Actual Startup Time": 2.181,
                                      "Actual Total Time": 1599.286,
                                      "Actual Rows": 5053,
                                      "Actual Loops": 1,
                                      "Output": [
                                        "cc.movie_id",
                                        "t.title",
                                        "t.id",
                                        "kt.kind"
                                      ],
                                      "Inner Unique": true,
                                      "Hash Cond": "(t.kind_id = kt.id)",
                                      "Plans": [
                                        {
                                          "Node Type": "Nested Loop",
                                          "Parent Relationship": "Outer",
                                          "Parallel Aware": false,
                                          "Join Type": "Inner",
                                          "Startup Cost": 1.49,
                                          "Total Cost": 63012.3,
                                          "Plan Rows": 23279,
                                          "Plan Width": 29,
                                          "Actual Startup Time": 1.764,
                                          "Actual Total Time": 1590.216,
                                          "Actual Rows": 6424,
                                          "Actual Loops": 1,
                                          "Output": [
                                            "cc.movie_id",
                                            "t.title",
                                            "t.kind_id",
                                            "t.id"
                                          ],
                                          "Inner Unique": true,
                                          "Plans": [
                                            {
                                              "Node Type": "Hash Join",
                                              "Parent Relationship": "Outer",
                                              "Parallel Aware": false,
                                              "Join Type": "Inner",
                                              "Startup Cost": 1.06,
                                              "Total Cost": 2813.24,
                                              "Plan Rows": 33772,
                                              "Plan Width": 4,
                                              "Actual Startup Time": 0.404,
                                              "Actual Total Time": 116.293,
                                              "Actual Rows": 24592,
                                              "Actual Loops": 1,
                                              "Output": [
                                                "cc.movie_id"
                                              ],
                                              "Inner Unique": true,
                                              "Hash Cond": "(cc.status_id = cct1.id)",
                                              "Plans": [
                                                {
                                                  "Node Type": "Seq Scan",
                                                  "Parent Relationship": "Outer",
                                                  "Parallel Aware": false,
                                                  "Relation Name": "complete_cast",
                                                  "Schema": "public",
                                                  "Alias": "cc",
                                                  "Startup Cost": 0.0,
                                                  "Total Cost": 2081.86,
                                                  "Plan Rows": 135086,
                                                  "Plan Width": 8,
                                                  "Actual Startup Time": 0.308,
                                                  "Actual Total Time": 90.64,
                                                  "Actual Rows": 135086,
                                                  "Actual Loops": 1,
                                                  "Output": [
                                                    "cc.id",
                                                    "cc.movie_id",
                                                    "cc.subject_id",
                                                    "cc.status_id"
                                                  ]
                                                },
                                                {
                                                  "Node Type": "Hash",
                                                  "Parent Relationship": "Inner",
                                                  "Parallel Aware": false,
                                                  "Startup Cost": 1.05,
                                                  "Total Cost": 1.05,
                                                  "Plan Rows": 1,
                                                  "Plan Width": 4,
                                                  "Actual Startup Time": 0.042,
                                                  "Actual Total Time": 0.051,
                                                  "Actual Rows": 1,
                                                  "Actual Loops": 1,
                                                  "Output": [
                                                    "cct1.id"
                                                  ],
                                                  "Hash Buckets": 1024,
                                                  "Original Hash Buckets": 1024,
                                                  "Hash Batches": 1,
                                                  "Original Hash Batches": 1,
                                                  "Peak Memory Usage": 9,
                                                  "Plans": [
                                                    {
                                                      "Node Type": "Seq Scan",
                                                      "Parent Relationship": "Outer",
                                                      "Parallel Aware": false,
                                                      "Relation Name": "comp_cast_type",
                                                      "Schema": "public",
                                                      "Alias": "cct1",
                                                      "Startup Cost": 0.0,
                                                      "Total Cost": 1.05,
                                                      "Plan Rows": 1,
                                                      "Plan Width": 4,
                                                      "Actual Startup Time": 0.028,
                                                      "Actual Total Time": 0.029,
                                                      "Actual Rows": 1,
                                                      "Actual Loops": 1,
                                                      "Output": [
                                                        "cct1.id"
                                                      ],
                                                      "Filter": "((cct1.kind)::text = 'complete+verified'::text)",
                                                      "Rows Removed by Filter": 3
                                                    }
                                                  ]
                                                }
                                              ]
                                            },
                                            {
                                              "Node Type": "Index Scan",
                                              "Parent Relationship": "Inner",
                                              "Parallel Aware": false,
                                              "Scan Direction": "Forward",
                                              "Index Name": "title_pkey",
                                              "Relation Name": "title",
                                              "Schema": "public",
                                              "Alias": "t",
                                              "Startup Cost": 0.43,
                                              "Total Cost": 1.78,
                                              "Plan Rows": 1,
                                              "Plan Width": 25,
                                              "Actual Startup Time": 0.059,
                                              "Actual Total Time": 0.059,
                                              "Actual Rows": 0,
                                              "Actual Loops": 24592,
                                              "Output": [
                                                "t.id",
                                                "t.title",
                                                "t.imdb_index",
                                                "t.kind_id",
                                                "t.production_year",
                                                "t.imdb_id",
                                                "t.phonetic_code",
                                                "t.episode_of_id",
                                                "t.season_nr",
                                                "t.episode_nr",
                                                "t.series_years",
                                                "t.md5sum"
                                              ],
                                              "Index Cond": "(t.id = cc.movie_id)",
                                              "Rows Removed by Index Recheck": 0,
                                              "Filter": "(t.production_year > 1990)",
                                              "Rows Removed by Filter": 1
                                            }
                                          ]
                                        },
                                        {
                                          "Node Type": "Hash",
                                          "Parent Relationship": "Inner",
                                          "Parallel Aware": false,
                                          "Startup Cost": 1.1,
                                          "Total Cost": 1.1,
                                          "Plan Rows": 4,
                                          "Plan Width": 14,
                                          "Actual Startup Time": 0.105,
                                          "Actual Total Time": 0.105,
                                          "Actual Rows": 4,
                                          "Actual Loops": 1,
                                          "Output": [
                                            "kt.kind",
                                            "kt.id"
                                          ],
                                          "Hash Buckets": 1024,
                                          "Original Hash Buckets": 1024,
                                          "Hash Batches": 1,
                                          "Original Hash Batches": 1,
                                          "Peak Memory Usage": 9,
                                          "Plans": [
                                            {
                                              "Node Type": "Seq Scan",
                                              "Parent Relationship": "Outer",
                                              "Parallel Aware": false,
                                              "Relation Name": "kind_type",
                                              "Schema": "public",
                                              "Alias": "kt",
                                              "Startup Cost": 0.0,
                                              "Total Cost": 1.1,
                                              "Plan Rows": 4,
                                              "Plan Width": 14,
                                              "Actual Startup Time": 0.074,
                                              "Actual Total Time": 0.078,
                                              "Actual Rows": 4,
                                              "Actual Loops": 1,
                                              "Output": [
                                                "kt.kind",
                                                "kt.id"
                                              ],
                                              "Filter": "((kt.kind)::text = ANY ('{movie,\"tv movie\",\"video movie\",\"video game\"}'::text[]))",
                                              "Rows Removed by Filter": 3
                                            }
                                          ]
                                        }
                                      ]
                                    },
                                    {
                                      "Node Type": "Index Scan",
                                      "Parent Relationship": "Inner",
                                      "Parallel Aware": false,
                                      "Scan Direction": "Forward",
                                      "Index Name": "movie_id_movie_info",
                                      "Relation Name": "movie_info",
                                      "Schema": "public",
                                      "Alias": "mi",
                                      "Startup Cost": 0.43,
                                      "Total Cost": 1.91,
                                      "Plan Rows": 1,
                                      "Plan Width": 8,
                                      "Actual Startup Time": 0.572,
                                      "Actual Total Time": 0.572,
                                      "Actual Rows": 0,
                                      "Actual Loops": 5053,
                                      "Output": [
                                        "mi.id",
                                        "mi.movie_id",
                                        "mi.info_type_id",
                                        "mi.info",
                                        "mi.note"
                                      ],
                                      "Index Cond": "(mi.movie_id = t.id)",
                                      "Rows Removed by Index Recheck": 0,
                                      "Filter": "((mi.info IS NOT NULL) AND (mi.note ~~ '%internet%'::text) AND ((mi.info ~~ 'USA:% 199%'::text) OR (mi.info ~~ 'USA:% 200%'::text)))",
                                      "Rows Removed by Filter": 123
                                    }
                                  ]
                                }
                              ]
                            },
                            {
                              "Node Type": "Index Scan",
                              "Parent Relationship": "Inner",
                              "Parallel Aware": false,
                              "Scan Direction": "Forward",
                              "Index Name": "movie_id_movie_companies",
                              "Relation Name": "movie_companies",
                              "Schema": "public",
                              "Alias": "mc",
                              "Startup Cost": 0.43,
                              "Total Cost": 0.58,
                              "Plan Rows": 5,
                              "Plan Width": 12,
                              "Actual Startup Time": 0.122,
                              "Actual Total Time": 0.126,
                              "Actual Rows": 1,
                              "Actual Loops": 6,
                              "Output": [
                                "mc.id",
                                "mc.movie_id",
                                "mc.company_id",
                                "mc.company_type_id",
                                "mc.note"
                              ],
                              "Index Cond": "(mc.movie_id = t.id)",
                              "Rows Removed by Index Recheck": 0
                            }
                          ]
                        },
                        {
                          "Node Type": "Index Scan",
                          "Parent Relationship": "Inner",
                          "Parallel Aware": false,
                          "Scan Direction": "Forward",
                          "Index Name": "company_name_pkey",
                          "Relation Name": "company_name",
                          "Schema": "public",
                          "Alias": "cn",
                          "Startup Cost": 0.42,
                          "Total Cost": 0.45,
                          "Plan Rows": 1,
                          "Plan Width": 4,
                          "Actual Startup Time": 0.249,
                          "Actual Total Time": 0.249,
                          "Actual Rows": 1,
                          "Actual Loops": 7,
                          "Output": [
                            "cn.id",
                            "cn.name",
                            "cn.country_code",
                            "cn.imdb_id",
                            "cn.name_pcode_nf",
                            "cn.name_pcode_sf",
                            "cn.md5sum"
                          ],
                          "Index Cond": "(cn.id = mc.company_id)",
                          "Rows Removed by Index Recheck": 0,
                          "Filter": "((cn.country_code)::text = '[us]'::text)",
                          "Rows Removed by Filter": 0
                        }
                      ]
                    },
                    {
                      "Node Type": "Seq Scan",
                      "Parent Relationship": "Inner",
                      "Parallel Aware": false,
                      "Relation Name": "company_type",
                      "Schema": "public",
                      "Alias": "ct",
                      "Startup Cost": 0.0,
                      "Total Cost": 1.04,
                      "Plan Rows": 4,
                      "Plan Width": 4,
                      "Actual Startup Time": 0.02,
                      "Actual Total Time": 0.02,
                      "Actual Rows": 2,
                      "Actual Loops": 7,
                      "Output": [
                        "ct.id",
                        "ct.kind"
                      ]
                    }
                  ]
                },
                {
                  "Node Type": "Index Scan",
                  "Parent Relationship": "Inner",
                  "Parallel Aware": false,
                  "Scan Direction": "Forward",
                  "Index Name": "movie_id_movie_keyword",
                  "Relation Name": "movie_keyword",
                  "Schema": "public",
                  "Alias": "mk",
                  "Startup Cost": 0.43,
                  "Total Cost": 1.34,
                  "Plan Rows": 46,
                  "Plan Width": 8,
                  "Actual Startup Time": 0.192,
                  "Actual Total Time": 0.224,
                  "Actual Rows": 90,
                  "Actual Loops": 7,
                  "Output": [
                    "mk.id",
                    "mk.movie_id",
                    "mk.keyword_id"
                  ],
                  "Index Cond": "(mk.movie_id = t.id)",
                  "Rows Removed by Index Recheck": 0
                }
              ]
            },
            {
              "Node Type": "Index Only Scan",
              "Parent Relationship": "Inner",
              "Parallel Aware": false,
              "Scan Direction": "Forward",
              "Index Name": "keyword_pkey",
              "Relation Name": "keyword",
              "Schema": "public",
              "Alias": "k",
              "Startup Cost": 0.42,
              "Total Cost": 0.44,
              "Plan Rows": 1,
              "Plan Width": 4,
              "Actual Startup Time": 0.042,
              "Actual Total Time": 0.042,
              "Actual Rows": 1,
              "Actual Loops": 628,
              "Output": [
                "k.id"
              ],
              "Index Cond": "(k.id = mk.keyword_id)",
              "Rows Removed by Index Recheck": 0,
              "Heap Fetches": 628
            }
          ]
        }
      ]
    },
    "Planning Time": 99.569,
    "Triggers": [],
    "Execution Time": 4538.097
  }
]