[
  {
    "Plan": {
      "Node Type": "Aggregate",
      "Strategy": "Plain",
      "Partial Mode": "Finalize",
      "Parallel Aware": false,
      "Startup Cost": 107906.5,
      "Total Cost": 107906.51,
      "Plan Rows": 1,
      "Plan Width": 8,
      "Actual Startup Time": 485.592,
      "Actual Total Time": 506.655,
      "Actual Rows": 1,
      "Actual Loops": 1,
      "Plans": [
        {
          "Node Type": "Gather",
          "Parent Relationship": "Outer",
          "Parallel Aware": false,
          "Startup Cost": 107906.29,
          "Total Cost": 107906.5,
          "Plan Rows": 2,
          "Plan Width": 8,
          "Actual Startup Time": 484.799,
          "Actual Total Time": 506.647,
          "Actual Rows": 3,
          "Actual Loops": 1,
          "Workers Planned": 2,
          "Workers Launched": 2,
          "Single Copy": false,
          "Plans": [
            {
              "Node Type": "Aggregate",
              "Strategy": "Plain",
              "Partial Mode": "Partial",
              "Parent Relationship": "Outer",
              "Parallel Aware": false,
              "Startup Cost": 106906.29,
              "Total Cost": 106906.3,
              "Plan Rows": 1,
              "Plan Width": 8,
              "Actual Startup Time": 481.028,
              "Actual Total Time": 481.034,
              "Actual Rows": 1,
              "Actual Loops": 3,
              "Plans": [
                {
                  "Node Type": "Hash Join",
                  "Parent Relationship": "Outer",
                  "Parallel Aware": true,
                  "Join Type": "Inner",
                  "Startup Cost": 90851.0,
                  "Total Cost": 106812.92,
                  "Plan Rows": 37346,
                  "Plan Width": 0,
                  "Actual Startup Time": 386.366,
                  "Actual Total Time": 475.62,
                  "Actual Rows": 116480,
                  "Actual Loops": 3,
                  "Inner Unique": false,
                  "Hash Cond": "(mi_idx.movie_id = t.id)",
                  "Plans": [
                    {
                      "Node Type": "Seq Scan",
                      "Parent Relationship": "Outer",
                      "Parallel Aware": true,
                      "Relation Name": "movie_info_idx",
                      "Alias": "mi_idx",
                      "Startup Cost": 0.0,
                      "Total Cost": 13685.15,
                      "Plan Rows": 575015,
                      "Plan Width": 4,
                      "Actual Startup Time": 0.016,
                      "Actual Total Time": 39.696,
                      "Actual Rows": 460012,
                      "Actual Loops": 3
                    },
                    {
                      "Node Type": "Hash",
                      "Parent Relationship": "Inner",
                      "Parallel Aware": true,
                      "Startup Cost": 90188.85,
                      "Total Cost": 90188.85,
                      "Plan Rows": 52972,
                      "Plan Width": 8,
                      "Actual Startup Time": 383.588,
                      "Actual Total Time": 383.592,
                      "Actual Rows": 51508,
                      "Actual Loops": 3,
                      "Hash Buckets": 262144,
                      "Original Hash Buckets": 262144,
                      "Hash Batches": 1,
                      "Original Hash Batches": 1,
                      "Peak Memory Usage": 8128,
                      "Plans": [
                        {
                          "Node Type": "Hash Join",
                          "Parent Relationship": "Outer",
                          "Parallel Aware": true,
                          "Join Type": "Inner",
                          "Startup Cost": 44236.71,
                          "Total Cost": 90188.85,
                          "Plan Rows": 52972,
                          "Plan Width": 8,
                          "Actual Startup Time": 116.657,
                          "Actual Total Time": 370.316,
                          "Actual Rows": 51508,
                          "Actual Loops": 3,
                          "Inner Unique": true,
                          "Hash Cond": "(mk.movie_id = t.id)",
                          "Plans": [
                            {
                              "Node Type": "Seq Scan",
                              "Parent Relationship": "Outer",
                              "Parallel Aware": true,
                              "Relation Name": "movie_keyword",
                              "Alias": "mk",
                              "Startup Cost": 0.0,
                              "Total Cost": 42695.65,
                              "Plan Rows": 1240567,
                              "Plan Width": 4,
                              "Actual Startup Time": 0.053,
                              "Actual Total Time": 151.669,
                              "Actual Rows": 1280759,
                              "Actual Loops": 3,
                              "Filter": "(keyword_id > 561)",
                              "Rows Removed by Filter": 227218
                            },
                            {
                              "Node Type": "Hash",
                              "Parent Relationship": "Inner",
                              "Parallel Aware": true,
                              "Startup Cost": 43899.32,
                              "Total Cost": 43899.32,
                              "Plan Rows": 26991,
                              "Plan Width": 4,
                              "Actual Startup Time": 115.67,
                              "Actual Total Time": 115.672,
                              "Actual Rows": 36143,
                              "Actual Loops": 3,
                              "Hash Buckets": 131072,
                              "Original Hash Buckets": 131072,
                              "Hash Batches": 1,
                              "Original Hash Batches": 1,
                              "Peak Memory Usage": 5344,
                              "Plans": [
                                {
                                  "Node Type": "Seq Scan",
                                  "Parent Relationship": "Outer",
                                  "Parallel Aware": true,
                                  "Relation Name": "title",
                                  "Alias": "t",
                                  "Startup Cost": 0.0,
                                  "Total Cost": 43899.32,
                                  "Plan Rows": 26991,
                                  "Plan Width": 4,
                                  "Actual Startup Time": 0.023,
                                  "Actual Total Time": 103.131,
                                  "Actual Rows": 36143,
                                  "Actual Loops": 3,
                                  "Filter": "(production_year = 2006)",
                                  "Rows Removed by Filter": 806628
                                }
                              ]
                            }
                          ]
                        }
                      ]
                    }
                  ]
                }
              ]
            }
          ]
        }
      ]
    },
    "Planning Time": 1.094,
    "Triggers": [],
    "Execution Time": 506.728
  }
]