{
  "Plan": {
    "Node Type": "Aggregate",
    "Strategy": "Plain",
    "Partial Mode": "Finalize",
    "Parallel Aware": false,
    "Startup Cost": 131362.53,
    "Total Cost": 131362.54,
    "Plan Rows": 1,
    "Plan Width": 8,
    "Actual Startup Time": 829.597,
    "Actual Total Time": 846.29,
    "Actual Rows": 1,
    "Actual Loops": 1,
    "Plans": [
      {
        "Node Type": "Gather",
        "Parent Relationship": "Outer",
        "Parallel Aware": false,
        "Startup Cost": 131362.42,
        "Total Cost": 131362.53,
        "Plan Rows": 1,
        "Plan Width": 8,
        "Actual Startup Time": 828.086,
        "Actual Total Time": 846.281,
        "Actual Rows": 2,
        "Actual Loops": 1,
        "Workers Planned": 1,
        "Workers Launched": 1,
        "Single Copy": false,
        "Plans": [
          {
            "Node Type": "Aggregate",
            "Strategy": "Plain",
            "Partial Mode": "Partial",
            "Parent Relationship": "Outer",
            "Parallel Aware": false,
            "Startup Cost": 130362.42,
            "Total Cost": 130362.43,
            "Plan Rows": 1,
            "Plan Width": 8,
            "Actual Startup Time": 822.191,
            "Actual Total Time": 822.194,
            "Actual Rows": 1,
            "Actual Loops": 2,
            "Plans": [
              {
                "Node Type": "Hash Join",
                "Parent Relationship": "Outer",
                "Parallel Aware": true,
                "Join Type": "Inner",
                "Startup Cost": 65035.89,
                "Total Cost": 128411.9,
                "Plan Rows": 780205,
                "Plan Width": 0,
                "Actual Startup Time": 299.572,
                "Actual Total Time": 763.762,
                "Actual Rows": 1510404,
                "Actual Loops": 2,
                "Inner Unique": true,
                "Hash Cond": "(mk.movie_id = t.id)",
                "Plans": [
                  {
                    "Node Type": "Seq Scan",
                    "Parent Relationship": "Outer",
                    "Parallel Aware": true,
                    "Relation Name": "movie_keyword",
                    "Alias": "mk",
                    "Startup Cost": 0.0,
                    "Total Cost": 57718.19,
                    "Plan Rows": 2155356,
                    "Plan Width": 4,
                    "Actual Startup Time": 0.015,
                    "Actual Total Time": 202.0,
                    "Actual Rows": 1835465,
                    "Actual Loops": 2,
                    "Filter": "(keyword_id < 21539)",
                    "Rows Removed by Filter": 426500
                  },
                  {
                    "Node Type": "Hash",
                    "Parent Relationship": "Inner",
                    "Parallel Aware": true,
                    "Startup Cost": 58306.47,
                    "Total Cost": 58306.47,
                    "Plan Rows": 538354,
                    "Plan Width": 4,
                    "Actual Startup Time": 290.259,
                    "Actual Total Time": 290.26,
                    "Actual Rows": 426208,
                    "Actual Loops": 2,
                    "Hash Buckets": 1048576,
                    "Original Hash Buckets": 1048576,
                    "Hash Batches": 1,
                    "Original Hash Batches": 1,
                    "Peak Memory Usage": 41568,
                    "Plans": [
                      {
                        "Node Type": "Seq Scan",
                        "Parent Relationship": "Outer",
                        "Parallel Aware": true,
                        "Relation Name": "title",
                        "Alias": "t",
                        "Startup Cost": 0.0,
                        "Total Cost": 58306.47,
                        "Plan Rows": 538354,
                        "Plan Width": 4,
                        "Actual Startup Time": 0.039,
                        "Actual Total Time": 165.921,
                        "Actual Rows": 426208,
                        "Actual Loops": 2,
                        "Filter": "((kind_id < 7) AND (production_year > 1933))",
                        "Rows Removed by Filter": 837948
                      }
                    ]
                  }
                ]
              }
            ]
          }
        ]
      }
    ]
  },
  "Planning Time": 0.722,
  "Triggers": [],
  "Execution Time": 846.377
}