[
  {
    "Plan": {
      "Node Type": "Aggregate",
      "Strategy": "Plain",
      "Partial Mode": "Finalize",
      "Parallel Aware": false,
      "Startup Cost": 46425.46,
      "Total Cost": 46425.47,
      "Plan Rows": 1,
      "Plan Width": 8,
      "Actual Startup Time": 207.211,
      "Actual Total Time": 216.232,
      "Actual Rows": 1,
      "Actual Loops": 1,
      "Plans": [
        {
          "Node Type": "Gather",
          "Parent Relationship": "Outer",
          "Parallel Aware": false,
          "Startup Cost": 46425.15,
          "Total Cost": 46425.46,
          "Plan Rows": 3,
          "Plan Width": 8,
          "Actual Startup Time": 207.088,
          "Actual Total Time": 216.223,
          "Actual Rows": 4,
          "Actual Loops": 1,
          "Workers Planned": 3,
          "Workers Launched": 3,
          "Single Copy": false,
          "Plans": [
            {
              "Node Type": "Aggregate",
              "Strategy": "Plain",
              "Partial Mode": "Partial",
              "Parent Relationship": "Outer",
              "Parallel Aware": false,
              "Startup Cost": 45425.15,
              "Total Cost": 45425.16,
              "Plan Rows": 1,
              "Plan Width": 8,
              "Actual Startup Time": 202.219,
              "Actual Total Time": 202.22,
              "Actual Rows": 1,
              "Actual Loops": 4,
              "Plans": [
                {
                  "Node Type": "Seq Scan",
                  "Parent Relationship": "Outer",
                  "Parallel Aware": true,
                  "Relation Name": "movie_keyword",
                  "Alias": "mk",
                  "Startup Cost": 0.0,
                  "Total Cost": 42695.65,
                  "Plan Rows": 1091797,
                  "Plan Width": 0,
                  "Actual Startup Time": 0.076,
                  "Actual Total Time": 153.189,
                  "Actual Rows": 844408,
                  "Actual Loops": 4,
                  "Filter": "(keyword_id > 1308)",
                  "Rows Removed by Filter": 286574
                }
              ]
            }
          ]
        }
      ]
    },
    "Planning Time": 0.085,
    "Triggers": [],
    "Execution Time": 216.262
  }
]