[
  {
    "Plan": {
      "Node Type": "Aggregate",
      "Strategy": "Plain",
      "Partial Mode": "Finalize",
      "Parallel Aware": false,
      "Startup Cost": 46428.17,
      "Total Cost": 46428.18,
      "Plan Rows": 1,
      "Plan Width": 8,
      "Actual Startup Time": 178.161,
      "Actual Total Time": 187.641,
      "Actual Rows": 1,
      "Actual Loops": 1,
      "Plans": [
        {
          "Node Type": "Gather",
          "Parent Relationship": "Outer",
          "Parallel Aware": false,
          "Startup Cost": 46427.86,
          "Total Cost": 46428.17,
          "Plan Rows": 3,
          "Plan Width": 8,
          "Actual Startup Time": 177.956,
          "Actual Total Time": 187.633,
          "Actual Rows": 4,
          "Actual Loops": 1,
          "Workers Planned": 3,
          "Workers Launched": 3,
          "Single Copy": false,
          "Plans": [
            {
              "Node Type": "Aggregate",
              "Strategy": "Plain",
              "Partial Mode": "Partial",
              "Parent Relationship": "Outer",
              "Parallel Aware": false,
              "Startup Cost": 45427.86,
              "Total Cost": 45427.87,
              "Plan Rows": 1,
              "Plan Width": 8,
              "Actual Startup Time": 169.3,
              "Actual Total Time": 169.301,
              "Actual Rows": 1,
              "Actual Loops": 4,
              "Plans": [
                {
                  "Node Type": "Seq Scan",
                  "Parent Relationship": "Outer",
                  "Parallel Aware": true,
                  "Relation Name": "movie_keyword",
                  "Alias": "mk",
                  "Startup Cost": 0.0,
                  "Total Cost": 42695.65,
                  "Plan Rows": 1092881,
                  "Plan Width": 0,
                  "Actual Startup Time": 0.141,
                  "Actual Total Time": 128.877,
                  "Actual Rows": 844408,
                  "Actual Loops": 4,
                  "Filter": "(keyword_id > 1308)",
                  "Rows Removed by Filter": 286574
                }
              ]
            }
          ]
        }
      ]
    },
    "Planning Time": 0.1,
    "Triggers": [],
    "Execution Time": 187.674
  }
]