[
  {
    "Plan": {
      "Node Type": "Aggregate",
      "Strategy": "Plain",
      "Partial Mode": "Finalize",
      "Parallel Aware": false,
      "Startup Cost": 29403.66,
      "Total Cost": 29403.67,
      "Plan Rows": 1,
      "Plan Width": 8,
      "Actual Startup Time": 73.484,
      "Actual Total Time": 77.489,
      "Actual Rows": 1,
      "Actual Loops": 1,
      "Plans": [
        {
          "Node Type": "Gather",
          "Parent Relationship": "Outer",
          "Parallel Aware": false,
          "Startup Cost": 29403.35,
          "Total Cost": 29403.66,
          "Plan Rows": 3,
          "Plan Width": 8,
          "Actual Startup Time": 73.302,
          "Actual Total Time": 77.482,
          "Actual Rows": 4,
          "Actual Loops": 1,
          "Workers Planned": 3,
          "Workers Launched": 3,
          "Single Copy": false,
          "Plans": [
            {
              "Node Type": "Aggregate",
              "Strategy": "Plain",
              "Partial Mode": "Partial",
              "Parent Relationship": "Outer",
              "Parallel Aware": false,
              "Startup Cost": 28403.35,
              "Total Cost": 28403.36,
              "Plan Rows": 1,
              "Plan Width": 8,
              "Actual Startup Time": 68.042,
              "Actual Total Time": 68.043,
              "Actual Rows": 1,
              "Actual Loops": 4,
              "Plans": [
                {
                  "Node Type": "Bitmap Heap Scan",
                  "Parent Relationship": "Outer",
                  "Parallel Aware": true,
                  "Relation Name": "movie_companies",
                  "Alias": "mc",
                  "Startup Cost": 7858.73,
                  "Total Cost": 28110.91,
                  "Plan Rows": 116974,
                  "Plan Width": 0,
                  "Actual Startup Time": 20.475,
                  "Actual Total Time": 62.121,
                  "Actual Rows": 89516,
                  "Actual Loops": 4,
                  "Recheck Cond": "(company_id < 181)",
                  "Rows Removed by Index Recheck": 0,
                  "Exact Heap Blocks": 9359,
                  "Lossy Heap Blocks": 0,
                  "Plans": [
                    {
                      "Node Type": "Bitmap Index Scan",
                      "Parent Relationship": "Outer",
                      "Parallel Aware": false,
                      "Index Name": "company_id_movie_companies",
                      "Startup Cost": 0.0,
                      "Total Cost": 7768.08,
                      "Plan Rows": 362620,
                      "Plan Width": 0,
                      "Actual Startup Time": 22.083,
                      "Actual Total Time": 22.084,
                      "Actual Rows": 358065,
                      "Actual Loops": 1,
                      "Index Cond": "(company_id < 181)"
                    }
                  ]
                }
              ]
            }
          ]
        }
      ]
    },
    "Planning Time": 0.106,
    "Triggers": [],
    "Execution Time": 77.532
  }
]