[
  {
    "Plan": {
      "Node Type": "Aggregate",
      "Strategy": "Plain",
      "Partial Mode": "Finalize",
      "Parallel Aware": false,
      "Startup Cost": 29433.05,
      "Total Cost": 29433.06,
      "Plan Rows": 1,
      "Plan Width": 8,
      "Actual Startup Time": 95.169,
      "Actual Total Time": 101.603,
      "Actual Rows": 1,
      "Actual Loops": 1,
      "Plans": [
        {
          "Node Type": "Gather",
          "Parent Relationship": "Outer",
          "Parallel Aware": false,
          "Startup Cost": 29432.73,
          "Total Cost": 29433.04,
          "Plan Rows": 3,
          "Plan Width": 8,
          "Actual Startup Time": 94.916,
          "Actual Total Time": 101.596,
          "Actual Rows": 4,
          "Actual Loops": 1,
          "Workers Planned": 3,
          "Workers Launched": 3,
          "Single Copy": false,
          "Plans": [
            {
              "Node Type": "Aggregate",
              "Strategy": "Plain",
              "Partial Mode": "Partial",
              "Parent Relationship": "Outer",
              "Parallel Aware": false,
              "Startup Cost": 28432.73,
              "Total Cost": 28432.74,
              "Plan Rows": 1,
              "Plan Width": 8,
              "Actual Startup Time": 86.064,
              "Actual Total Time": 86.066,
              "Actual Rows": 1,
              "Actual Loops": 4,
              "Plans": [
                {
                  "Node Type": "Bitmap Heap Scan",
                  "Parent Relationship": "Outer",
                  "Parallel Aware": true,
                  "Relation Name": "movie_companies",
                  "Alias": "mc",
                  "Startup Cost": 7882.97,
                  "Total Cost": 28139.44,
                  "Plan Rows": 117317,
                  "Plan Width": 0,
                  "Actual Startup Time": 32.049,
                  "Actual Total Time": 80.021,
                  "Actual Rows": 89516,
                  "Actual Loops": 4,
                  "Recheck Cond": "(company_id < 181)",
                  "Rows Removed by Index Recheck": 0,
                  "Exact Heap Blocks": 10022,
                  "Lossy Heap Blocks": 0,
                  "Plans": [
                    {
                      "Node Type": "Bitmap Index Scan",
                      "Parent Relationship": "Outer",
                      "Parallel Aware": false,
                      "Index Name": "company_id_movie_companies",
                      "Startup Cost": 0.0,
                      "Total Cost": 7792.05,
                      "Plan Rows": 363683,
                      "Plan Width": 0,
                      "Actual Startup Time": 36.27,
                      "Actual Total Time": 36.27,
                      "Actual Rows": 358065,
                      "Actual Loops": 1,
                      "Index Cond": "(company_id < 181)"
                    }
                  ]
                }
              ]
            }
          ]
        }
      ]
    },
    "Planning Time": 0.178,
    "Triggers": [],
    "Execution Time": 101.674
  }
]