[
  {
    "Plan": {
      "Node Type": "Aggregate",
      "Strategy": "Plain",
      "Partial Mode": "Finalize",
      "Parallel Aware": false,
      "Startup Cost": 44525.97,
      "Total Cost": 44525.98,
      "Plan Rows": 1,
      "Plan Width": 8,
      "Actual Startup Time": 112.099,
      "Actual Total Time": 118.711,
      "Actual Rows": 1,
      "Actual Loops": 1,
      "Plans": [
        {
          "Node Type": "Gather",
          "Parent Relationship": "Outer",
          "Parallel Aware": false,
          "Startup Cost": 44525.65,
          "Total Cost": 44525.96,
          "Plan Rows": 3,
          "Plan Width": 8,
          "Actual Startup Time": 111.865,
          "Actual Total Time": 118.705,
          "Actual Rows": 4,
          "Actual Loops": 1,
          "Workers Planned": 3,
          "Workers Launched": 3,
          "Single Copy": false,
          "Plans": [
            {
              "Node Type": "Aggregate",
              "Strategy": "Plain",
              "Partial Mode": "Partial",
              "Parent Relationship": "Outer",
              "Parallel Aware": false,
              "Startup Cost": 43525.65,
              "Total Cost": 43525.66,
              "Plan Rows": 1,
              "Plan Width": 8,
              "Actual Startup Time": 106.975,
              "Actual Total Time": 106.976,
              "Actual Rows": 1,
              "Actual Loops": 4,
              "Plans": [
                {
                  "Node Type": "Seq Scan",
                  "Parent Relationship": "Outer",
                  "Parallel Aware": true,
                  "Relation Name": "movie_keyword",
                  "Alias": "mk",
                  "Startup Cost": 0.0,
                  "Total Cost": 42695.65,
                  "Plan Rows": 331998,
                  "Plan Width": 0,
                  "Actual Startup Time": 1.037,
                  "Actual Total Time": 94.866,
                  "Actual Rows": 256508,
                  "Actual Loops": 4,
                  "Filter": "(keyword_id > 17438)",
                  "Rows Removed by Filter": 874475
                }
              ]
            }
          ]
        }
      ]
    },
    "Planning Time": 0.077,
    "Triggers": [],
    "Execution Time": 118.733
  }
]