[
  {
    "Plan": {
      "Node Type": "Aggregate",
      "Strategy": "Plain",
      "Partial Mode": "Finalize",
      "Parallel Aware": false,
      "Startup Cost": 268470.53,
      "Total Cost": 268470.54,
      "Plan Rows": 1,
      "Plan Width": 8,
      "Actual Startup Time": 655.818,
      "Actual Total Time": 677.884,
      "Actual Rows": 1,
      "Actual Loops": 1,
      "Plans": [
        {
          "Node Type": "Gather",
          "Parent Relationship": "Outer",
          "Parallel Aware": false,
          "Startup Cost": 268470.01,
          "Total Cost": 268470.52,
          "Plan Rows": 5,
          "Plan Width": 8,
          "Actual Startup Time": 646.53,
          "Actual Total Time": 677.874,
          "Actual Rows": 6,
          "Actual Loops": 1,
          "Workers Planned": 5,
          "Workers Launched": 5,
          "Single Copy": false,
          "Plans": [
            {
              "Node Type": "Aggregate",
              "Strategy": "Plain",
              "Partial Mode": "Partial",
              "Parent Relationship": "Outer",
              "Parallel Aware": false,
              "Startup Cost": 267470.01,
              "Total Cost": 267470.02,
              "Plan Rows": 1,
              "Plan Width": 8,
              "Actual Startup Time": 635.553,
              "Actual Total Time": 635.748,
              "Actual Rows": 1,
              "Actual Loops": 6,
              "Plans": [
                {
                  "Node Type": "Hash Join",
                  "Parent Relationship": "Outer",
                  "Parallel Aware": true,
                  "Join Type": "Inner",
                  "Startup Cost": 102021.2,
                  "Total Cost": 267282.81,
                  "Plan Rows": 74880,
                  "Plan Width": 0,
                  "Actual Startup Time": 411.088,
                  "Actual Total Time": 586.276,
                  "Actual Rows": 962711,
                  "Actual Loops": 6,
                  "Inner Unique": false,
                  "Hash Cond": "(mi.movie_id = t.id)",
                  "Plans": [
                    {
                      "Node Type": "Bitmap Heap Scan",
                      "Parent Relationship": "Outer",
                      "Parallel Aware": true,
                      "Relation Name": "movie_info",
                      "Alias": "mi",
                      "Startup Cost": 17176.41,
                      "Total Cost": 181539.73,
                      "Plan Rows": 189625,
                      "Plan Width": 4,
                      "Actual Startup Time": 43.501,
                      "Actual Total Time": 97.355,
                      "Actual Rows": 150057,
                      "Actual Loops": 6,
                      "Recheck Cond": "(info_type_id > 94)",
                      "Rows Removed by Index Recheck": 0,
                      "Exact Heap Blocks": 8331,
                      "Lossy Heap Blocks": 0,
                      "Plans": [
                        {
                          "Node Type": "Bitmap Index Scan",
                          "Parent Relationship": "Outer",
                          "Parallel Aware": false,
                          "Index Name": "info_type_id_movie_info",
                          "Startup Cost": 0.0,
                          "Total Cost": 16939.38,
                          "Plan Rows": 948126,
                          "Plan Width": 0,
                          "Actual Startup Time": 37.954,
                          "Actual Total Time": 37.955,
                          "Actual Rows": 900340,
                          "Actual Loops": 1,
                          "Index Cond": "(info_type_id > 94)"
                        }
                      ]
                    },
                    {
                      "Node Type": "Hash",
                      "Parent Relationship": "Inner",
                      "Parallel Aware": true,
                      "Startup Cost": 81724.83,
                      "Total Cost": 81724.83,
                      "Plan Rows": 249597,
                      "Plan Width": 8,
                      "Actual Startup Time": 364.071,
                      "Actual Total Time": 364.264,
                      "Actual Rows": 142710,
                      "Actual Loops": 6,
                      "Hash Buckets": 1048576,
                      "Original Hash Buckets": 1048576,
                      "Hash Batches": 1,
                      "Original Hash Batches": 1,
                      "Peak Memory Usage": 41792,
                      "Plans": [
                        {
                          "Node Type": "Hash Join",
                          "Parent Relationship": "Outer",
                          "Parallel Aware": true,
                          "Join Type": "Inner",
                          "Startup Cost": 35440.58,
                          "Total Cost": 81724.83,
                          "Plan Rows": 249597,
                          "Plan Width": 8,
                          "Actual Startup Time": 124.356,
                          "Actual Total Time": 313.193,
                          "Actual Rows": 142710,
                          "Actual Loops": 6,
                          "Inner Unique": false,
                          "Hash Cond": "(t.id = mc.movie_id)",
                          "Plans": [
                            {
                              "Node Type": "Seq Scan",
                              "Parent Relationship": "Outer",
                              "Parallel Aware": true,
                              "Relation Name": "title",
                              "Alias": "t",
                              "Startup Cost": 0.0,
                              "Total Cost": 42318.73,
                              "Plan Rows": 632073,
                              "Plan Width": 4,
                              "Actual Startup Time": 0.014,
                              "Actual Total Time": 61.483,
                              "Actual Rows": 421385,
                              "Actual Loops": 6
                            },
                            {
                              "Node Type": "Hash",
                              "Parent Relationship": "Inner",
                              "Parallel Aware": true,
                              "Startup Cost": 31414.82,
                              "Total Cost": 31414.82,
                              "Plan Rows": 322061,
                              "Plan Width": 4,
                              "Actual Startup Time": 122.421,
                              "Actual Total Time": 122.423,
                              "Actual Rows": 142710,
                              "Actual Loops": 6,
                              "Hash Buckets": 1048576,
                              "Original Hash Buckets": 1048576,
                              "Hash Batches": 1,
                              "Original Hash Batches": 1,
                              "Peak Memory Usage": 41824,
                              "Plans": [
                                {
                                  "Node Type": "Seq Scan",
                                  "Parent Relationship": "Outer",
                                  "Parallel Aware": true,
                                  "Relation Name": "movie_companies",
                                  "Alias": "mc",
                                  "Startup Cost": 0.0,
                                  "Total Cost": 31414.82,
                                  "Plan Rows": 322061,
                                  "Plan Width": 4,
                                  "Actual Startup Time": 0.354,
                                  "Actual Total Time": 65.165,
                                  "Actual Rows": 142710,
                                  "Actual Loops": 6,
                                  "Filter": "((company_id > 624) AND (company_type_id = 1))",
                                  "Rows Removed by Filter": 292144
                                }
                              ]
                            }
                          ]
                        }
                      ]
                    }
                  ]
                }
              ]
            }
          ]
        }
      ]
    },
    "Planning Time": 1.467,
    "Triggers": [],
    "Execution Time": 677.994
  }
]