[
  {
    "Plan": {
      "Node Type": "Aggregate",
      "Strategy": "Plain",
      "Partial Mode": "Finalize",
      "Parallel Aware": false,
      "Startup Cost": 261043.64,
      "Total Cost": 261043.65,
      "Plan Rows": 1,
      "Plan Width": 8,
      "Actual Startup Time": 366.445,
      "Actual Total Time": 375.435,
      "Actual Rows": 1,
      "Actual Loops": 1,
      "Plans": [
        {
          "Node Type": "Gather",
          "Parent Relationship": "Outer",
          "Parallel Aware": false,
          "Startup Cost": 261043.11,
          "Total Cost": 261043.62,
          "Plan Rows": 5,
          "Plan Width": 8,
          "Actual Startup Time": 361.532,
          "Actual Total Time": 375.429,
          "Actual Rows": 6,
          "Actual Loops": 1,
          "Workers Planned": 5,
          "Workers Launched": 5,
          "Single Copy": false,
          "Plans": [
            {
              "Node Type": "Aggregate",
              "Strategy": "Plain",
              "Partial Mode": "Partial",
              "Parent Relationship": "Outer",
              "Parallel Aware": false,
              "Startup Cost": 260043.11,
              "Total Cost": 260043.12,
              "Plan Rows": 1,
              "Plan Width": 8,
              "Actual Startup Time": 352.407,
              "Actual Total Time": 352.411,
              "Actual Rows": 1,
              "Actual Loops": 6,
              "Plans": [
                {
                  "Node Type": "Hash Join",
                  "Parent Relationship": "Outer",
                  "Parallel Aware": true,
                  "Join Type": "Inner",
                  "Startup Cost": 95431.43,
                  "Total Cost": 259951.01,
                  "Plan Rows": 36843,
                  "Plan Width": 0,
                  "Actual Startup Time": 297.348,
                  "Actual Total Time": 349.714,
                  "Actual Rows": 42680,
                  "Actual Loops": 6,
                  "Inner Unique": false,
                  "Hash Cond": "(mi.movie_id = t.id)",
                  "Plans": [
                    {
                      "Node Type": "Bitmap Heap Scan",
                      "Parent Relationship": "Outer",
                      "Parallel Aware": true,
                      "Relation Name": "movie_info",
                      "Alias": "mi",
                      "Startup Cost": 13585.7,
                      "Total Cost": 177451.37,
                      "Plan Rows": 149813,
                      "Plan Width": 4,
                      "Actual Startup Time": 22.984,
                      "Actual Total Time": 40.64,
                      "Actual Rows": 133690,
                      "Actual Loops": 6,
                      "Recheck Cond": "(info_type_id = 1)",
                      "Rows Removed by Index Recheck": 0,
                      "Exact Heap Blocks": 907,
                      "Lossy Heap Blocks": 0,
                      "Plans": [
                        {
                          "Node Type": "Bitmap Index Scan",
                          "Parent Relationship": "Outer",
                          "Parallel Aware": false,
                          "Index Name": "info_type_id_movie_info",
                          "Startup Cost": 0.0,
                          "Total Cost": 13398.44,
                          "Plan Rows": 749067,
                          "Plan Width": 0,
                          "Actual Startup Time": 22.223,
                          "Actual Total Time": 22.223,
                          "Actual Rows": 802140,
                          "Actual Loops": 1,
                          "Index Cond": "(info_type_id = 1)"
                        }
                      ]
                    },
                    {
                      "Node Type": "Hash",
                      "Parent Relationship": "Inner",
                      "Parallel Aware": true,
                      "Startup Cost": 79902.65,
                      "Total Cost": 79902.65,
                      "Plan Rows": 155446,
                      "Plan Width": 8,
                      "Actual Startup Time": 271.515,
                      "Actual Total Time": 271.518,
                      "Actual Rows": 66549,
                      "Actual Loops": 6,
                      "Hash Buckets": 1048576,
                      "Original Hash Buckets": 1048576,
                      "Hash Batches": 1,
                      "Original Hash Batches": 1,
                      "Peak Memory Usage": 23904,
                      "Plans": [
                        {
                          "Node Type": "Hash Join",
                          "Parent Relationship": "Outer",
                          "Parallel Aware": true,
                          "Join Type": "Inner",
                          "Startup Cost": 33922.01,
                          "Total Cost": 79902.65,
                          "Plan Rows": 155446,
                          "Plan Width": 8,
                          "Actual Startup Time": 95.569,
                          "Actual Total Time": 242.675,
                          "Actual Rows": 66549,
                          "Actual Loops": 6,
                          "Inner Unique": false,
                          "Hash Cond": "(t.id = mc.movie_id)",
                          "Plans": [
                            {
                              "Node Type": "Seq Scan",
                              "Parent Relationship": "Outer",
                              "Parallel Aware": true,
                              "Relation Name": "title",
                              "Alias": "t",
                              "Startup Cost": 0.0,
                              "Total Cost": 42318.81,
                              "Plan Rows": 632080,
                              "Plan Width": 4,
                              "Actual Startup Time": 0.011,
                              "Actual Total Time": 55.071,
                              "Actual Rows": 421385,
                              "Actual Loops": 6
                            },
                            {
                              "Node Type": "Hash",
                              "Parent Relationship": "Inner",
                              "Parallel Aware": true,
                              "Startup Cost": 31414.82,
                              "Total Cost": 31414.82,
                              "Plan Rows": 200575,
                              "Plan Width": 4,
                              "Actual Startup Time": 93.908,
                              "Actual Total Time": 93.909,
                              "Actual Rows": 66549,
                              "Actual Loops": 6,
                              "Hash Buckets": 1048576,
                              "Original Hash Buckets": 1048576,
                              "Hash Batches": 1,
                              "Original Hash Batches": 1,
                              "Peak Memory Usage": 23904,
                              "Plans": [
                                {
                                  "Node Type": "Seq Scan",
                                  "Parent Relationship": "Outer",
                                  "Parallel Aware": true,
                                  "Relation Name": "movie_companies",
                                  "Alias": "mc",
                                  "Startup Cost": 0.0,
                                  "Total Cost": 31414.82,
                                  "Plan Rows": 200575,
                                  "Plan Width": 4,
                                  "Actual Startup Time": 38.556,
                                  "Actual Total Time": 64.438,
                                  "Actual Rows": 66549,
                                  "Actual Loops": 6,
                                  "Filter": "((company_id < 11137) AND (company_type_id > 1))",
                                  "Rows Removed by Filter": 368306
                                }
                              ]
                            }
                          ]
                        }
                      ]
                    }
                  ]
                }
              ]
            }
          ]
        }
      ]
    },
    "Planning Time": 0.878,
    "Triggers": [],
    "Execution Time": 375.5
  }
]