[
    {
        "Bao": {
            "Bao prediction": "NaN",
            "Bao recommended hint": "(no hint)"
        }
    },
    {
        "Plan": {
            "Node Type": "Aggregate",
            "Strategy": "Plain",
            "Partial Mode": "Finalize",
            "Parallel Aware": false,
            "Startup Cost": 270274.23,
            "Total Cost": 270274.24,
            "Plan Rows": 1,
            "Plan Width": 8,
            "Actual Startup Time": 96.503,
            "Actual Total Time": 99.514,
            "Actual Rows": 1,
            "Actual Loops": 1,
            "Output": [
                "count(*)"
            ],
            "Plans": [
                {
                    "Node Type": "Gather",
                    "Parent Relationship": "Outer",
                    "Parallel Aware": false,
                    "Startup Cost": 270273.6,
                    "Total Cost": 270274.21,
                    "Plan Rows": 6,
                    "Plan Width": 8,
                    "Actual Startup Time": 96.247,
                    "Actual Total Time": 99.505,
                    "Actual Rows": 7,
                    "Actual Loops": 1,
                    "Output": [
                        "(PARTIAL count(*))"
                    ],
                    "Workers Planned": 6,
                    "Workers Launched": 6,
                    "Single Copy": false,
                    "Plans": [
                        {
                            "Node Type": "Aggregate",
                            "Strategy": "Plain",
                            "Partial Mode": "Partial",
                            "Parent Relationship": "Outer",
                            "Parallel Aware": false,
                            "Startup Cost": 269273.6,
                            "Total Cost": 269273.61,
                            "Plan Rows": 1,
                            "Plan Width": 8,
                            "Actual Startup Time": 85.544,
                            "Actual Total Time": 85.545,
                            "Actual Rows": 1,
                            "Actual Loops": 7,
                            "Output": [
                                "PARTIAL count(*)"
                            ],
                            "Workers": [
                                {
                                    "Worker Number": 0,
                                    "Actual Startup Time": 83.341,
                                    "Actual Total Time": 83.343,
                                    "Actual Rows": 1,
                                    "Actual Loops": 1
                                },
                                {
                                    "Worker Number": 1,
                                    "Actual Startup Time": 83.655,
                                    "Actual Total Time": 83.656,
                                    "Actual Rows": 1,
                                    "Actual Loops": 1
                                },
                                {
                                    "Worker Number": 2,
                                    "Actual Startup Time": 83.881,
                                    "Actual Total Time": 83.882,
                                    "Actual Rows": 1,
                                    "Actual Loops": 1
                                },
                                {
                                    "Worker Number": 3,
                                    "Actual Startup Time": 83.892,
                                    "Actual Total Time": 83.894,
                                    "Actual Rows": 1,
                                    "Actual Loops": 1
                                },
                                {
                                    "Worker Number": 4,
                                    "Actual Startup Time": 83.975,
                                    "Actual Total Time": 83.976,
                                    "Actual Rows": 1,
                                    "Actual Loops": 1
                                },
                                {
                                    "Worker Number": 5,
                                    "Actual Startup Time": 84.507,
                                    "Actual Total Time": 84.508,
                                    "Actual Rows": 1,
                                    "Actual Loops": 1
                                }
                            ],
                            "Plans": [
                                {
                                    "Node Type": "Bitmap Heap Scan",
                                    "Parent Relationship": "Outer",
                                    "Parallel Aware": true,
                                    "Relation Name": "cast_info",
                                    "Schema": "public",
                                    "Alias": "ci",
                                    "Startup Cost": 14799.67,
                                    "Total Cost": 269174.56,
                                    "Plan Rows": 39617,
                                    "Plan Width": 0,
                                    "Actual Startup Time": 40.811,
                                    "Actual Total Time": 79.028,
                                    "Actual Rows": 73283,
                                    "Actual Loops": 7,
                                    "Recheck Cond": "(ci.person_id < 73791)",
                                    "Rows Removed by Index Recheck": 0,
                                    "Filter": "(ci.role_id < 2)",
                                    "Rows Removed by Filter": 25380,
                                    "Exact Heap Blocks": 2277,
                                    "Lossy Heap Blocks": 0,
                                    "Workers": [
                                        {
                                            "Worker Number": 0,
                                            "Actual Startup Time": 38.849,
                                            "Actual Total Time": 77.032,
                                            "Actual Rows": 53519,
                                            "Actual Loops": 1
                                        },
                                        {
                                            "Worker Number": 1,
                                            "Actual Startup Time": 38.984,
                                            "Actual Total Time": 77.182,
                                            "Actual Rows": 56327,
                                            "Actual Loops": 1
                                        },
                                        {
                                            "Worker Number": 2,
                                            "Actual Startup Time": 39.149,
                                            "Actual Total Time": 77.418,
                                            "Actual Rows": 55982,
                                            "Actual Loops": 1
                                        },
                                        {
                                            "Worker Number": 3,
                                            "Actual Startup Time": 39.296,
                                            "Actual Total Time": 77.528,
                                            "Actual Rows": 52616,
                                            "Actual Loops": 1
                                        },
                                        {
                                            "Worker Number": 4,
                                            "Actual Startup Time": 39.218,
                                            "Actual Total Time": 77.811,
                                            "Actual Rows": 51807,
                                            "Actual Loops": 1
                                        },
                                        {
                                            "Worker Number": 5,
                                            "Actual Startup Time": 39.718,
                                            "Actual Total Time": 78.138,
                                            "Actual Rows": 55961,
                                            "Actual Loops": 1
                                        }
                                    ],
                                    "Plans": [
                                        {
                                            "Node Type": "Bitmap Index Scan",
                                            "Parent Relationship": "Outer",
                                            "Parallel Aware": false,
                                            "Index Name": "person_id_cast_info",
                                            "Startup Cost": 0.0,
                                            "Total Cost": 14740.24,
                                            "Plan Rows": 675157,
                                            "Plan Width": 0,
                                            "Actual Startup Time": 49.413,
                                            "Actual Total Time": 49.413,
                                            "Actual Rows": 690637,
                                            "Actual Loops": 1,
                                            "Index Cond": "(ci.person_id < 73791)"
                                        }
                                    ]
                                }
                            ]
                        }
                    ]
                }
            ]
        },
        "Planning Time": 193.176,
        "Triggers": [],
        "Execution Time": 99.629
    }
]