{
  "Plan": {
    "Node Type": "Aggregate",
    "Strategy": "Plain",
    "Partial Mode": "Finalize",
    "Parallel Aware": false,
    "Startup Cost": 426586.15,
    "Total Cost": 426586.16,
    "Plan Rows": 1,
    "Plan Width": 8,
    "Actual Startup Time": 1448.336,
    "Actual Total Time": 1468.481,
    "Actual Rows": 1,
    "Actual Loops": 1,
    "Plans": [
      {
        "Node Type": "Gather",
        "Parent Relationship": "Outer",
        "Parallel Aware": false,
        "Startup Cost": 426586.04,
        "Total Cost": 426586.15,
        "Plan Rows": 1,
        "Plan Width": 8,
        "Actual Startup Time": 1443.773,
        "Actual Total Time": 1468.474,
        "Actual Rows": 2,
        "Actual Loops": 1,
        "Workers Planned": 1,
        "Workers Launched": 1,
        "Single Copy": false,
        "Plans": [
          {
            "Node Type": "Aggregate",
            "Strategy": "Plain",
            "Partial Mode": "Partial",
            "Parent Relationship": "Outer",
            "Parallel Aware": false,
            "Startup Cost": 425586.04,
            "Total Cost": 425586.05,
            "Plan Rows": 1,
            "Plan Width": 8,
            "Actual Startup Time": 1430.69,
            "Actual Total Time": 1430.694,
            "Actual Rows": 1,
            "Actual Loops": 2,
            "Plans": [
              {
                "Node Type": "Hash Join",
                "Parent Relationship": "Outer",
                "Parallel Aware": true,
                "Join Type": "Inner",
                "Startup Cost": 140805.31,
                "Total Cost": 423937.95,
                "Plan Rows": 659236,
                "Plan Width": 0,
                "Actual Startup Time": 644.533,
                "Actual Total Time": 1380.469,
                "Actual Rows": 1206996,
                "Actual Loops": 2,
                "Inner Unique": true,
                "Hash Cond": "(ci.movie_id = t.id)",
                "Plans": [
                  {
                    "Node Type": "Bitmap Heap Scan",
                    "Parent Relationship": "Outer",
                    "Parallel Aware": true,
                    "Relation Name": "cast_info",
                    "Alias": "ci",
                    "Startup Cost": 71344.61,
                    "Total Cost": 352746.76,
                    "Plan Rows": 659236,
                    "Plan Width": 4,
                    "Actual Startup Time": 108.155,
                    "Actual Total Time": 322.609,
                    "Actual Rows": 1206996,
                    "Actual Loops": 2,
                    "Recheck Cond": "(person_id < 322321)",
                    "Rows Removed by Index Recheck": 0,
                    "Filter": "(role_id = 1)",
                    "Rows Removed by Filter": 467910,
                    "Exact Heap Blocks": 19600,
                    "Lossy Heap Blocks": 0,
                    "Plans": [
                      {
                        "Node Type": "Bitmap Index Scan",
                        "Parent Relationship": "Outer",
                        "Parallel Aware": false,
                        "Index Name": "person_id_cast_info",
                        "Startup Cost": 0.0,
                        "Total Cost": 71064.44,
                        "Plan Rows": 3254383,
                        "Plan Width": 0,
                        "Actual Startup Time": 102.41,
                        "Actual Total Time": 102.411,
                        "Actual Rows": 3349812,
                        "Actual Loops": 1,
                        "Index Cond": "(person_id < 322321)"
                      }
                    ]
                  },
                  {
                    "Node Type": "Hash",
                    "Parent Relationship": "Inner",
                    "Parallel Aware": true,
                    "Startup Cost": 50870.31,
                    "Total Cost": 50870.31,
                    "Plan Rows": 1487231,
                    "Plan Width": 4,
                    "Actual Startup Time": 514.487,
                    "Actual Total Time": 514.488,
                    "Actual Rows": 1264156,
                    "Actual Loops": 2,
                    "Hash Buckets": 4194304,
                    "Original Hash Buckets": 4194304,
                    "Hash Batches": 1,
                    "Original Hash Batches": 1,
                    "Peak Memory Usage": 131712,
                    "Plans": [
                      {
                        "Node Type": "Seq Scan",
                        "Parent Relationship": "Outer",
                        "Parallel Aware": true,
                        "Relation Name": "title",
                        "Alias": "t",
                        "Startup Cost": 0.0,
                        "Total Cost": 50870.31,
                        "Plan Rows": 1487231,
                        "Plan Width": 4,
                        "Actual Startup Time": 0.025,
                        "Actual Total Time": 152.434,
                        "Actual Rows": 1264156,
                        "Actual Loops": 2
                      }
                    ]
                  }
                ]
              }
            ]
          }
        ]
      }
    ]
  },
  "Planning Time": 0.69,
  "Triggers": [],
  "Execution Time": 1468.571
}