[
  {
    "Plan": {
      "Node Type": "Aggregate",
      "Strategy": "Plain",
      "Partial Mode": "Finalize",
      "Parallel Aware": false,
      "Startup Cost": 89527.76,
      "Total Cost": 89527.77,
      "Plan Rows": 1,
      "Plan Width": 8,
      "Actual Startup Time": 313.731,
      "Actual Total Time": 331.036,
      "Actual Rows": 1,
      "Actual Loops": 1,
      "Plans": [
        {
          "Node Type": "Gather",
          "Parent Relationship": "Outer",
          "Parallel Aware": false,
          "Startup Cost": 89527.45,
          "Total Cost": 89527.76,
          "Plan Rows": 3,
          "Plan Width": 8,
          "Actual Startup Time": 313.296,
          "Actual Total Time": 331.023,
          "Actual Rows": 4,
          "Actual Loops": 1,
          "Workers Planned": 3,
          "Workers Launched": 3,
          "Single Copy": false,
          "Plans": [
            {
              "Node Type": "Aggregate",
              "Strategy": "Plain",
              "Partial Mode": "Partial",
              "Parent Relationship": "Outer",
              "Parallel Aware": false,
              "Startup Cost": 88527.45,
              "Total Cost": 88527.46,
              "Plan Rows": 1,
              "Plan Width": 8,
              "Actual Startup Time": 305.446,
              "Actual Total Time": 305.45,
              "Actual Rows": 1,
              "Actual Loops": 4,
              "Plans": [
                {
                  "Node Type": "Hash Join",
                  "Parent Relationship": "Outer",
                  "Parallel Aware": true,
                  "Join Type": "Inner",
                  "Startup Cost": 45595.74,
                  "Total Cost": 88473.82,
                  "Plan Rows": 21452,
                  "Plan Width": 0,
                  "Actual Startup Time": 146.736,
                  "Actual Total Time": 304.154,
                  "Actual Rows": 23570,
                  "Actual Loops": 4,
                  "Inner Unique": true,
                  "Hash Cond": "(mk.movie_id = t.id)",
                  "Plans": [
                    {
                      "Node Type": "Seq Scan",
                      "Parent Relationship": "Outer",
                      "Parallel Aware": true,
                      "Relation Name": "movie_keyword",
                      "Alias": "mk",
                      "Startup Cost": 0.0,
                      "Total Cost": 39047.32,
                      "Plan Rows": 1459332,
                      "Plan Width": 4,
                      "Actual Startup Time": 0.033,
                      "Actual Total Time": 99.37,
                      "Actual Rows": 1130982,
                      "Actual Loops": 4
                    },
                    {
                      "Node Type": "Hash",
                      "Parent Relationship": "Inner",
                      "Parallel Aware": true,
                      "Startup Cost": 45479.59,
                      "Total Cost": 45479.59,
                      "Plan Rows": 9292,
                      "Plan Width": 4,
                      "Actual Startup Time": 108.145,
                      "Actual Total Time": 108.146,
                      "Actual Rows": 8298,
                      "Actual Loops": 4,
                      "Hash Buckets": 65536,
                      "Original Hash Buckets": 65536,
                      "Hash Batches": 1,
                      "Original Hash Batches": 1,
                      "Peak Memory Usage": 1856,
                      "Plans": [
                        {
                          "Node Type": "Seq Scan",
                          "Parent Relationship": "Outer",
                          "Parallel Aware": true,
                          "Relation Name": "title",
                          "Alias": "t",
                          "Startup Cost": 0.0,
                          "Total Cost": 45479.59,
                          "Plan Rows": 9292,
                          "Plan Width": 4,
                          "Actual Startup Time": 65.07,
                          "Actual Total Time": 104.658,
                          "Actual Rows": 8298,
                          "Actual Loops": 4,
                          "Filter": "((kind_id < 2) AND (production_year = 2010))",
                          "Rows Removed by Filter": 623780
                        }
                      ]
                    }
                  ]
                }
              ]
            }
          ]
        }
      ]
    },
    "Planning Time": 0.367,
    "Triggers": [],
    "Execution Time": 331.087
  }
]