[
  {
    "Plan": {
      "Node Type": "Aggregate",
      "Strategy": "Plain",
      "Partial Mode": "Finalize",
      "Parallel Aware": false,
      "Startup Cost": 45088.29,
      "Total Cost": 45088.3,
      "Plan Rows": 1,
      "Plan Width": 8,
      "Actual Startup Time": 149.027,
      "Actual Total Time": 159.241,
      "Actual Rows": 1,
      "Actual Loops": 1,
      "Plans": [
        {
          "Node Type": "Gather",
          "Parent Relationship": "Outer",
          "Parallel Aware": false,
          "Startup Cost": 45087.97,
          "Total Cost": 45088.28,
          "Plan Rows": 3,
          "Plan Width": 8,
          "Actual Startup Time": 148.909,
          "Actual Total Time": 159.232,
          "Actual Rows": 4,
          "Actual Loops": 1,
          "Workers Planned": 3,
          "Workers Launched": 3,
          "Single Copy": false,
          "Plans": [
            {
              "Node Type": "Aggregate",
              "Strategy": "Plain",
              "Partial Mode": "Partial",
              "Parent Relationship": "Outer",
              "Parallel Aware": false,
              "Startup Cost": 44087.97,
              "Total Cost": 44087.98,
              "Plan Rows": 1,
              "Plan Width": 8,
              "Actual Startup Time": 142.538,
              "Actual Total Time": 142.539,
              "Actual Rows": 1,
              "Actual Loops": 4,
              "Plans": [
                {
                  "Node Type": "Seq Scan",
                  "Parent Relationship": "Outer",
                  "Parallel Aware": true,
                  "Relation Name": "movie_keyword",
                  "Alias": "mk",
                  "Startup Cost": 0.0,
                  "Total Cost": 42695.65,
                  "Plan Rows": 556927,
                  "Plan Width": 0,
                  "Actual Startup Time": 1.208,
                  "Actual Total Time": 119.882,
                  "Actual Rows": 433703,
                  "Actual Loops": 4,
                  "Filter": "(keyword_id > 8131)",
                  "Rows Removed by Filter": 697280
                }
              ]
            }
          ]
        }
      ]
    },
    "Planning Time": 0.207,
    "Triggers": [],
    "Execution Time": 159.296
  }
]