[
  {
    "Plan": {
      "Node Type": "Aggregate",
      "Strategy": "Plain",
      "Partial Mode": "Finalize",
      "Parallel Aware": false,
      "Startup Cost": 32108.03,
      "Total Cost": 32108.04,
      "Plan Rows": 1,
      "Plan Width": 8,
      "Actual Startup Time": 121.273,
      "Actual Total Time": 128.626,
      "Actual Rows": 1,
      "Actual Loops": 1,
      "Plans": [
        {
          "Node Type": "Gather",
          "Parent Relationship": "Outer",
          "Parallel Aware": false,
          "Startup Cost": 32107.71,
          "Total Cost": 32108.02,
          "Plan Rows": 3,
          "Plan Width": 8,
          "Actual Startup Time": 121.164,
          "Actual Total Time": 128.617,
          "Actual Rows": 4,
          "Actual Loops": 1,
          "Workers Planned": 3,
          "Workers Launched": 3,
          "Single Copy": false,
          "Plans": [
            {
              "Node Type": "Aggregate",
              "Strategy": "Plain",
              "Partial Mode": "Partial",
              "Parent Relationship": "Outer",
              "Parallel Aware": false,
              "Startup Cost": 31107.71,
              "Total Cost": 31107.72,
              "Plan Rows": 1,
              "Plan Width": 8,
              "Actual Startup Time": 112.8,
              "Actual Total Time": 112.801,
              "Actual Rows": 1,
              "Actual Loops": 4,
              "Plans": [
                {
                  "Node Type": "Seq Scan",
                  "Parent Relationship": "Outer",
                  "Parallel Aware": true,
                  "Relation Name": "movie_companies",
                  "Alias": "mc",
                  "Startup Cost": 0.0,
                  "Total Cost": 29310.68,
                  "Plan Rows": 718811,
                  "Plan Width": 0,
                  "Actual Startup Time": 0.047,
                  "Actual Total Time": 84.339,
                  "Actual Rows": 555406,
                  "Actual Loops": 4,
                  "Filter": "(company_id < 83503)",
                  "Rows Removed by Filter": 96876
                }
              ]
            }
          ]
        }
      ]
    },
    "Planning Time": 0.129,
    "Triggers": [],
    "Execution Time": 128.666
  }
]