[
  {
    "Plan": {
      "Node Type": "Aggregate",
      "Strategy": "Plain",
      "Partial Mode": "Finalize",
      "Parallel Aware": false,
      "Startup Cost": 341165.14,
      "Total Cost": 341165.15,
      "Plan Rows": 1,
      "Plan Width": 8,
      "Actual Startup Time": 437.099,
      "Actual Total Time": 461.029,
      "Actual Rows": 1,
      "Actual Loops": 1,
      "Plans": [
        {
          "Node Type": "Gather",
          "Parent Relationship": "Outer",
          "Parallel Aware": false,
          "Startup Cost": 341164.51,
          "Total Cost": 341165.12,
          "Plan Rows": 6,
          "Plan Width": 8,
          "Actual Startup Time": 437.011,
          "Actual Total Time": 461.021,
          "Actual Rows": 7,
          "Actual Loops": 1,
          "Workers Planned": 6,
          "Workers Launched": 6,
          "Single Copy": false,
          "Plans": [
            {
              "Node Type": "Aggregate",
              "Strategy": "Plain",
              "Partial Mode": "Partial",
              "Parent Relationship": "Outer",
              "Parallel Aware": false,
              "Startup Cost": 340164.51,
              "Total Cost": 340164.52,
              "Plan Rows": 1,
              "Plan Width": 8,
              "Actual Startup Time": 426.539,
              "Actual Total Time": 426.54,
              "Actual Rows": 1,
              "Actual Loops": 7,
              "Plans": [
                {
                  "Node Type": "Index Scan",
                  "Parent Relationship": "Outer",
                  "Parallel Aware": true,
                  "Scan Direction": "Forward",
                  "Index Name": "role_id_cast_info",
                  "Relation Name": "cast_info",
                  "Alias": "ci",
                  "Startup Cost": 0.56,
                  "Total Cost": 335235.55,
                  "Plan Rows": 1971585,
                  "Plan Width": 0,
                  "Actual Startup Time": 55.89,
                  "Actual Total Time": 360.347,
                  "Actual Rows": 1615671,
                  "Actual Loops": 7,
                  "Index Cond": "(role_id = 1)",
                  "Rows Removed by Index Recheck": 0,
                  "Filter": "(person_id > 186641)",
                  "Rows Removed by Filter": 194427
                }
              ]
            }
          ]
        }
      ]
    },
    "Planning Time": 0.202,
    "Triggers": [],
    "Execution Time": 461.097
  }
]