[
    {
        "Bao": {
            "Bao prediction": "NaN",
            "Bao recommended hint": "(no hint)"
        }
    },
    {
        "Plan": {
            "Node Type": "Aggregate",
            "Strategy": "Plain",
            "Partial Mode": "Finalize",
            "Parallel Aware": false,
            "Startup Cost": 138594.97,
            "Total Cost": 138594.98,
            "Plan Rows": 1,
            "Plan Width": 8,
            "Actual Startup Time": 684.976,
            "Actual Total Time": 717.49,
            "Actual Rows": 1,
            "Actual Loops": 1,
            "Output": [
                "count(*)"
            ],
            "Plans": [
                {
                    "Node Type": "Gather",
                    "Parent Relationship": "Outer",
                    "Parallel Aware": false,
                    "Startup Cost": 138594.65,
                    "Total Cost": 138594.96,
                    "Plan Rows": 3,
                    "Plan Width": 8,
                    "Actual Startup Time": 684.926,
                    "Actual Total Time": 717.484,
                    "Actual Rows": 4,
                    "Actual Loops": 1,
                    "Output": [
                        "(PARTIAL count(*))"
                    ],
                    "Workers Planned": 3,
                    "Workers Launched": 3,
                    "Single Copy": false,
                    "Plans": [
                        {
                            "Node Type": "Aggregate",
                            "Strategy": "Plain",
                            "Partial Mode": "Partial",
                            "Parent Relationship": "Outer",
                            "Parallel Aware": false,
                            "Startup Cost": 137594.65,
                            "Total Cost": 137594.66,
                            "Plan Rows": 1,
                            "Plan Width": 8,
                            "Actual Startup Time": 675.602,
                            "Actual Total Time": 675.605,
                            "Actual Rows": 1,
                            "Actual Loops": 4,
                            "Output": [
                                "PARTIAL count(*)"
                            ],
                            "Workers": [
                                {
                                    "Worker Number": 0,
                                    "Actual Startup Time": 672.092,
                                    "Actual Total Time": 672.096,
                                    "Actual Rows": 1,
                                    "Actual Loops": 1
                                },
                                {
                                    "Worker Number": 1,
                                    "Actual Startup Time": 672.487,
                                    "Actual Total Time": 672.49,
                                    "Actual Rows": 1,
                                    "Actual Loops": 1
                                },
                                {
                                    "Worker Number": 2,
                                    "Actual Startup Time": 673.198,
                                    "Actual Total Time": 673.2,
                                    "Actual Rows": 1,
                                    "Actual Loops": 1
                                }
                            ],
                            "Plans": [
                                {
                                    "Node Type": "Nested Loop",
                                    "Parent Relationship": "Outer",
                                    "Parallel Aware": false,
                                    "Join Type": "Inner",
                                    "Startup Cost": 44278.3,
                                    "Total Cost": 137056.7,
                                    "Plan Rows": 215183,
                                    "Plan Width": 0,
                                    "Actual Startup Time": 94.634,
                                    "Actual Total Time": 646.942,
                                    "Actual Rows": 644978,
                                    "Actual Loops": 4,
                                    "Inner Unique": false,
                                    "Join Filter": "(t.id = ci.movie_id)",
                                    "Rows Removed by Join Filter": 0,
                                    "Workers": [
                                        {
                                            "Worker Number": 0,
                                            "Actual Startup Time": 91.53,
                                            "Actual Total Time": 643.505,
                                            "Actual Rows": 615753,
                                            "Actual Loops": 1
                                        },
                                        {
                                            "Worker Number": 1,
                                            "Actual Startup Time": 91.679,
                                            "Actual Total Time": 645.681,
                                            "Actual Rows": 594192,
                                            "Actual Loops": 1
                                        },
                                        {
                                            "Worker Number": 2,
                                            "Actual Startup Time": 92.1,
                                            "Actual Total Time": 646.333,
                                            "Actual Rows": 589748,
                                            "Actual Loops": 1
                                        }
                                    ],
                                    "Plans": [
                                        {
                                            "Node Type": "Hash Join",
                                            "Parent Relationship": "Outer",
                                            "Parallel Aware": true,
                                            "Join Type": "Inner",
                                            "Startup Cost": 44277.73,
                                            "Total Cost": 87795.23,
                                            "Plan Rows": 15007,
                                            "Plan Width": 8,
                                            "Actual Startup Time": 94.546,
                                            "Actual Total Time": 203.933,
                                            "Actual Rows": 10785,
                                            "Actual Loops": 4,
                                            "Output": [
                                                "t.id",
                                                "mk.movie_id"
                                            ],
                                            "Inner Unique": true,
                                            "Hash Cond": "(mk.movie_id = t.id)",
                                            "Workers": [
                                                {
                                                    "Worker Number": 0,
                                                    "Actual Startup Time": 91.435,
                                                    "Actual Total Time": 186.383,
                                                    "Actual Rows": 9095,
                                                    "Actual Loops": 1
                                                },
                                                {
                                                    "Worker Number": 1,
                                                    "Actual Startup Time": 91.566,
                                                    "Actual Total Time": 199.708,
                                                    "Actual Rows": 10383,
                                                    "Actual Loops": 1
                                                },
                                                {
                                                    "Worker Number": 2,
                                                    "Actual Startup Time": 91.989,
                                                    "Actual Total Time": 202.51,
                                                    "Actual Rows": 10528,
                                                    "Actual Loops": 1
                                                }
                                            ],
                                            "Plans": [
                                                {
                                                    "Node Type": "Seq Scan",
                                                    "Parent Relationship": "Outer",
                                                    "Parallel Aware": true,
                                                    "Relation Name": "movie_keyword",
                                                    "Schema": "public",
                                                    "Alias": "mk",
                                                    "Startup Cost": 0.0,
                                                    "Total Cost": 42695.65,
                                                    "Plan Rows": 313084,
                                                    "Plan Width": 4,
                                                    "Actual Startup Time": 1.235,
                                                    "Actual Total Time": 80.072,
                                                    "Actual Rows": 237960,
                                                    "Actual Loops": 4,
                                                    "Output": [
                                                        "mk.id",
                                                        "mk.movie_id",
                                                        "mk.keyword_id"
                                                    ],
                                                    "Filter": "(mk.keyword_id > 19955)",
                                                    "Rows Removed by Filter": 893022,
                                                    "Workers": [
                                                        {
                                                            "Worker Number": 0,
                                                            "Actual Startup Time": 1.222,
                                                            "Actual Total Time": 69.791,
                                                            "Actual Rows": 190535,
                                                            "Actual Loops": 1
                                                        },
                                                        {
                                                            "Worker Number": 1,
                                                            "Actual Startup Time": 1.223,
                                                            "Actual Total Time": 80.136,
                                                            "Actual Rows": 230979,
                                                            "Actual Loops": 1
                                                        },
                                                        {
                                                            "Worker Number": 2,
                                                            "Actual Startup Time": 1.224,
                                                            "Actual Total Time": 81.185,
                                                            "Actual Rows": 231891,
                                                            "Actual Loops": 1
                                                        }
                                                    ]
                                                },
                                                {
                                                    "Node Type": "Hash",
                                                    "Parent Relationship": "Inner",
                                                    "Parallel Aware": true,
                                                    "Startup Cost": 43899.01,
                                                    "Total Cost": 43899.01,
                                                    "Plan Rows": 30298,
                                                    "Plan Width": 4,
                                                    "Actual Startup Time": 92.504,
                                                    "Actual Total Time": 92.505,
                                                    "Actual Rows": 30715,
                                                    "Actual Loops": 4,
                                                    "Output": [
                                                        "t.id"
                                                    ],
                                                    "Hash Buckets": 131072,
                                                    "Original Hash Buckets": 131072,
                                                    "Hash Batches": 1,
                                                    "Original Hash Batches": 1,
                                                    "Peak Memory Usage": 5888,
                                                    "Workers": [
                                                        {
                                                            "Worker Number": 0,
                                                            "Actual Startup Time": 89.381,
                                                            "Actual Total Time": 89.382,
                                                            "Actual Rows": 22724,
                                                            "Actual Loops": 1
                                                        },
                                                        {
                                                            "Worker Number": 1,
                                                            "Actual Startup Time": 89.793,
                                                            "Actual Total Time": 89.794,
                                                            "Actual Rows": 24186,
                                                            "Actual Loops": 1
                                                        },
                                                        {
                                                            "Worker Number": 2,
                                                            "Actual Startup Time": 90.137,
                                                            "Actual Total Time": 90.138,
                                                            "Actual Rows": 23273,
                                                            "Actual Loops": 1
                                                        }
                                                    ],
                                                    "Plans": [
                                                        {
                                                            "Node Type": "Seq Scan",
                                                            "Parent Relationship": "Outer",
                                                            "Parallel Aware": true,
                                                            "Relation Name": "title",
                                                            "Schema": "public",
                                                            "Alias": "t",
                                                            "Startup Cost": 0.0,
                                                            "Total Cost": 43899.01,
                                                            "Plan Rows": 30298,
                                                            "Plan Width": 4,
                                                            "Actual Startup Time": 0.041,
                                                            "Actual Total Time": 81.628,
                                                            "Actual Rows": 30715,
                                                            "Actual Loops": 4,
                                                            "Output": [
                                                                "t.id"
                                                            ],
                                                            "Filter": "(t.production_year = 2008)",
                                                            "Rows Removed by Filter": 601363,
                                                            "Workers": [
                                                                {
                                                                    "Worker Number": 0,
                                                                    "Actual Startup Time": 0.049,
                                                                    "Actual Total Time": 79.737,
                                                                    "Actual Rows": 22724,
                                                                    "Actual Loops": 1
                                                                },
                                                                {
                                                                    "Worker Number": 1,
                                                                    "Actual Startup Time": 0.047,
                                                                    "Actual Total Time": 79.726,
                                                                    "Actual Rows": 24186,
                                                                    "Actual Loops": 1
                                                                },
                                                                {
                                                                    "Worker Number": 2,
                                                                    "Actual Startup Time": 0.059,
                                                                    "Actual Total Time": 80.327,
                                                                    "Actual Rows": 23273,
                                                                    "Actual Loops": 1
                                                                }
                                                            ]
                                                        }
                                                    ]
                                                }
                                            ]
                                        },
                                        {
                                            "Node Type": "Index Only Scan",
                                            "Parent Relationship": "Inner",
                                            "Parallel Aware": false,
                                            "Scan Direction": "Forward",
                                            "Index Name": "movie_id_cast_info",
                                            "Relation Name": "cast_info",
                                            "Schema": "public",
                                            "Alias": "ci",
                                            "Startup Cost": 0.56,
                                            "Total Cost": 2.81,
                                            "Plan Rows": 38,
                                            "Plan Width": 4,
                                            "Actual Startup Time": 0.006,
                                            "Actual Total Time": 0.036,
                                            "Actual Rows": 60,
                                            "Actual Loops": 43139,
                                            "Output": [
                                                "ci.movie_id"
                                            ],
                                            "Index Cond": "(ci.movie_id = mk.movie_id)",
                                            "Rows Removed by Index Recheck": 0,
                                            "Heap Fetches": 2579911,
                                            "Workers": [
                                                {
                                                    "Worker Number": 0,
                                                    "Actual Startup Time": 0.007,
                                                    "Actual Total Time": 0.044,
                                                    "Actual Rows": 68,
                                                    "Actual Loops": 9095
                                                },
                                                {
                                                    "Worker Number": 1,
                                                    "Actual Startup Time": 0.006,
                                                    "Actual Total Time": 0.038,
                                                    "Actual Rows": 57,
                                                    "Actual Loops": 10383
                                                },
                                                {
                                                    "Worker Number": 2,
                                                    "Actual Startup Time": 0.006,
                                                    "Actual Total Time": 0.037,
                                                    "Actual Rows": 56,
                                                    "Actual Loops": 10528
                                                }
                                            ]
                                        }
                                    ]
                                }
                            ]
                        }
                    ]
                }
            ]
        },
        "Planning Time": 212.163,
        "Triggers": [],
        "Execution Time": 717.564
    }
]