[
  {
    "Plan": {
      "Node Type": "Aggregate",
      "Strategy": "Plain",
      "Partial Mode": "Finalize",
      "Parallel Aware": false,
      "Startup Cost": 81959.6,
      "Total Cost": 81959.61,
      "Plan Rows": 1,
      "Plan Width": 8,
      "Actual Startup Time": 339.823,
      "Actual Total Time": 353.865,
      "Actual Rows": 1,
      "Actual Loops": 1,
      "Plans": [
        {
          "Node Type": "Gather",
          "Parent Relationship": "Outer",
          "Parallel Aware": false,
          "Startup Cost": 81959.28,
          "Total Cost": 81959.59,
          "Plan Rows": 3,
          "Plan Width": 8,
          "Actual Startup Time": 334.248,
          "Actual Total Time": 353.857,
          "Actual Rows": 4,
          "Actual Loops": 1,
          "Workers Planned": 3,
          "Workers Launched": 3,
          "Single Copy": false,
          "Plans": [
            {
              "Node Type": "Aggregate",
              "Strategy": "Plain",
              "Partial Mode": "Partial",
              "Parent Relationship": "Outer",
              "Parallel Aware": false,
              "Startup Cost": 80959.28,
              "Total Cost": 80959.29,
              "Plan Rows": 1,
              "Plan Width": 8,
              "Actual Startup Time": 328.333,
              "Actual Total Time": 328.338,
              "Actual Rows": 1,
              "Actual Loops": 4,
              "Plans": [
                {
                  "Node Type": "Hash Join",
                  "Parent Relationship": "Outer",
                  "Parallel Aware": true,
                  "Join Type": "Inner",
                  "Startup Cost": 48329.82,
                  "Total Cost": 80648.69,
                  "Plan Rows": 124235,
                  "Plan Width": 0,
                  "Actual Startup Time": 199.718,
                  "Actual Total Time": 327.451,
                  "Actual Rows": 18498,
                  "Actual Loops": 4,
                  "Inner Unique": true,
                  "Hash Cond": "(mc.movie_id = t.id)",
                  "Plans": [
                    {
                      "Node Type": "Seq Scan",
                      "Parent Relationship": "Outer",
                      "Parallel Aware": true,
                      "Relation Name": "movie_companies",
                      "Alias": "mc",
                      "Startup Cost": 0.0,
                      "Total Cost": 31414.82,
                      "Plan Rows": 344400,
                      "Plan Width": 4,
                      "Actual Startup Time": 0.064,
                      "Actual Total Time": 71.303,
                      "Actual Rows": 238285,
                      "Actual Loops": 4,
                      "Filter": "((company_id > 292) AND (company_type_id < 2))",
                      "Rows Removed by Filter": 413997
                    },
                    {
                      "Node Type": "Hash",
                      "Parent Relationship": "Inner",
                      "Parallel Aware": true,
                      "Startup Cost": 45479.59,
                      "Total Cost": 45479.59,
                      "Plan Rows": 228019,
                      "Plan Width": 4,
                      "Actual Startup Time": 196.61,
                      "Actual Total Time": 196.611,
                      "Actual Rows": 248018,
                      "Actual Loops": 4,
                      "Hash Buckets": 1048576,
                      "Original Hash Buckets": 1048576,
                      "Hash Batches": 1,
                      "Original Hash Batches": 1,
                      "Peak Memory Usage": 47072,
                      "Plans": [
                        {
                          "Node Type": "Seq Scan",
                          "Parent Relationship": "Outer",
                          "Parallel Aware": true,
                          "Relation Name": "title",
                          "Alias": "t",
                          "Startup Cost": 0.0,
                          "Total Cost": 45479.59,
                          "Plan Rows": 228019,
                          "Plan Width": 4,
                          "Actual Startup Time": 0.04,
                          "Actual Total Time": 108.05,
                          "Actual Rows": 248018,
                          "Actual Loops": 4,
                          "Filter": "((production_year > 1998) AND (kind_id = 7))",
                          "Rows Removed by Filter": 384060
                        }
                      ]
                    }
                  ]
                }
              ]
            }
          ]
        }
      ]
    },
    "Planning Time": 0.297,
    "Triggers": [],
    "Execution Time": 353.902
  }
]