[
  {
    "Plan": {
      "Node Type": "Aggregate",
      "Strategy": "Plain",
      "Partial Mode": "Finalize",
      "Parallel Aware": false,
      "Startup Cost": 83338.92,
      "Total Cost": 83338.93,
      "Plan Rows": 1,
      "Plan Width": 8,
      "Actual Startup Time": 468.687,
      "Actual Total Time": 488.795,
      "Actual Rows": 1,
      "Actual Loops": 1,
      "Plans": [
        {
          "Node Type": "Gather",
          "Parent Relationship": "Outer",
          "Parallel Aware": false,
          "Startup Cost": 83338.6,
          "Total Cost": 83338.91,
          "Plan Rows": 3,
          "Plan Width": 8,
          "Actual Startup Time": 454.269,
          "Actual Total Time": 488.783,
          "Actual Rows": 4,
          "Actual Loops": 1,
          "Workers Planned": 3,
          "Workers Launched": 3,
          "Single Copy": false,
          "Plans": [
            {
              "Node Type": "Aggregate",
              "Strategy": "Plain",
              "Partial Mode": "Partial",
              "Parent Relationship": "Outer",
              "Parallel Aware": false,
              "Startup Cost": 82338.6,
              "Total Cost": 82338.61,
              "Plan Rows": 1,
              "Plan Width": 8,
              "Actual Startup Time": 444.164,
              "Actual Total Time": 444.168,
              "Actual Rows": 1,
              "Actual Loops": 4,
              "Plans": [
                {
                  "Node Type": "Hash Join",
                  "Parent Relationship": "Outer",
                  "Parallel Aware": true,
                  "Join Type": "Inner",
                  "Startup Cost": 56264.8,
                  "Total Cost": 82108.84,
                  "Plan Rows": 91904,
                  "Plan Width": 0,
                  "Actual Startup Time": 369.467,
                  "Actual Total Time": 440.348,
                  "Actual Rows": 72576,
                  "Actual Loops": 4,
                  "Inner Unique": true,
                  "Hash Cond": "(mk.movie_id = t.id)",
                  "Plans": [
                    {
                      "Node Type": "Bitmap Heap Scan",
                      "Parent Relationship": "Outer",
                      "Parallel Aware": true,
                      "Relation Name": "movie_keyword",
                      "Alias": "mk",
                      "Startup Cost": 6044.42,
                      "Total Cost": 31647.21,
                      "Plan Rows": 91904,
                      "Plan Width": 4,
                      "Actual Startup Time": 20.321,
                      "Actual Total Time": 64.505,
                      "Actual Rows": 72576,
                      "Actual Loops": 4,
                      "Recheck Cond": "(keyword_id > 55388)",
                      "Rows Removed by Index Recheck": 0,
                      "Exact Heap Blocks": 7157,
                      "Lossy Heap Blocks": 0,
                      "Plans": [
                        {
                          "Node Type": "Bitmap Index Scan",
                          "Parent Relationship": "Outer",
                          "Parallel Aware": false,
                          "Index Name": "keyword_id_movie_keyword",
                          "Startup Cost": 0.0,
                          "Total Cost": 5973.19,
                          "Plan Rows": 284901,
                          "Plan Width": 0,
                          "Actual Startup Time": 17.205,
                          "Actual Total Time": 17.206,
                          "Actual Rows": 290304,
                          "Actual Loops": 1,
                          "Index Cond": "(keyword_id > 55388)"
                        }
                      ]
                    },
                    {
                      "Node Type": "Hash",
                      "Parent Relationship": "Inner",
                      "Parallel Aware": true,
                      "Startup Cost": 42319.06,
                      "Total Cost": 42319.06,
                      "Plan Rows": 632106,
                      "Plan Width": 4,
                      "Actual Startup Time": 342.0,
                      "Actual Total Time": 342.002,
                      "Actual Rows": 632078,
                      "Actual Loops": 4,
                      "Hash Buckets": 4194304,
                      "Original Hash Buckets": 4194304,
                      "Hash Batches": 1,
                      "Original Hash Batches": 1,
                      "Peak Memory Usage": 131712,
                      "Plans": [
                        {
                          "Node Type": "Seq Scan",
                          "Parent Relationship": "Outer",
                          "Parallel Aware": true,
                          "Relation Name": "title",
                          "Alias": "t",
                          "Startup Cost": 0.0,
                          "Total Cost": 42319.06,
                          "Plan Rows": 632106,
                          "Plan Width": 4,
                          "Actual Startup Time": 0.026,
                          "Actual Total Time": 101.84,
                          "Actual Rows": 632078,
                          "Actual Loops": 4
                        }
                      ]
                    }
                  ]
                }
              ]
            }
          ]
        }
      ]
    },
    "Planning Time": 0.248,
    "Triggers": [],
    "Execution Time": 488.839
  }
]