[
    {
        "Bao": {
            "Bao prediction": "NaN",
            "Bao recommended hint": "(no hint)"
        }
    },
    {
        "Plan": {
            "Node Type": "Aggregate",
            "Strategy": "Plain",
            "Partial Mode": "Simple",
            "Parallel Aware": false,
            "Startup Cost": 3144.12,
            "Total Cost": 3144.13,
            "Plan Rows": 1,
            "Plan Width": 8,
            "Actual Startup Time": 55.044,
            "Actual Total Time": 55.048,
            "Actual Rows": 1,
            "Actual Loops": 1,
            "Output": [
                "count(*)"
            ],
            "Plans": [
                {
                    "Node Type": "Nested Loop",
                    "Parent Relationship": "Outer",
                    "Parallel Aware": false,
                    "Join Type": "Inner",
                    "Startup Cost": 7.19,
                    "Total Cost": 3143.3,
                    "Plan Rows": 325,
                    "Plan Width": 0,
                    "Actual Startup Time": 0.699,
                    "Actual Total Time": 50.834,
                    "Actual Rows": 95428,
                    "Actual Loops": 1,
                    "Inner Unique": false,
                    "Plans": [
                        {
                            "Node Type": "Nested Loop",
                            "Parent Relationship": "Outer",
                            "Parallel Aware": false,
                            "Join Type": "Inner",
                            "Startup Cost": 6.75,
                            "Total Cost": 2958.5,
                            "Plan Rows": 65,
                            "Plan Width": 8,
                            "Actual Startup Time": 0.681,
                            "Actual Total Time": 6.135,
                            "Actual Rows": 939,
                            "Actual Loops": 1,
                            "Output": [
                                "t.id",
                                "mk.movie_id"
                            ],
                            "Inner Unique": true,
                            "Plans": [
                                {
                                    "Node Type": "Bitmap Heap Scan",
                                    "Parent Relationship": "Outer",
                                    "Parallel Aware": false,
                                    "Relation Name": "movie_keyword",
                                    "Schema": "public",
                                    "Alias": "mk",
                                    "Startup Cost": 6.32,
                                    "Total Cost": 908.7,
                                    "Plan Rows": 244,
                                    "Plan Width": 4,
                                    "Actual Startup Time": 0.279,
                                    "Actual Total Time": 1.773,
                                    "Actual Rows": 1030,
                                    "Actual Loops": 1,
                                    "Output": [
                                        "mk.id",
                                        "mk.movie_id",
                                        "mk.keyword_id"
                                    ],
                                    "Recheck Cond": "(mk.keyword_id = 4608)",
                                    "Rows Removed by Index Recheck": 0,
                                    "Exact Heap Blocks": 1023,
                                    "Lossy Heap Blocks": 0,
                                    "Plans": [
                                        {
                                            "Node Type": "Bitmap Index Scan",
                                            "Parent Relationship": "Outer",
                                            "Parallel Aware": false,
                                            "Index Name": "keyword_id_movie_keyword",
                                            "Startup Cost": 0.0,
                                            "Total Cost": 6.26,
                                            "Plan Rows": 244,
                                            "Plan Width": 0,
                                            "Actual Startup Time": 0.182,
                                            "Actual Total Time": 0.183,
                                            "Actual Rows": 1030,
                                            "Actual Loops": 1,
                                            "Index Cond": "(mk.keyword_id = 4608)"
                                        }
                                    ]
                                },
                                {
                                    "Node Type": "Index Scan",
                                    "Parent Relationship": "Inner",
                                    "Parallel Aware": false,
                                    "Scan Direction": "Forward",
                                    "Index Name": "title_pkey",
                                    "Relation Name": "title",
                                    "Schema": "public",
                                    "Alias": "t",
                                    "Startup Cost": 0.43,
                                    "Total Cost": 8.4,
                                    "Plan Rows": 1,
                                    "Plan Width": 4,
                                    "Actual Startup Time": 0.004,
                                    "Actual Total Time": 0.004,
                                    "Actual Rows": 1,
                                    "Actual Loops": 1030,
                                    "Output": [
                                        "t.id",
                                        "t.title",
                                        "t.imdb_index",
                                        "t.kind_id",
                                        "t.production_year",
                                        "t.imdb_id",
                                        "t.phonetic_code",
                                        "t.episode_of_id",
                                        "t.season_nr",
                                        "t.episode_nr",
                                        "t.series_years",
                                        "t.md5sum"
                                    ],
                                    "Index Cond": "(t.id = mk.movie_id)",
                                    "Rows Removed by Index Recheck": 0,
                                    "Filter": "(t.kind_id < 2)",
                                    "Rows Removed by Filter": 0
                                }
                            ]
                        },
                        {
                            "Node Type": "Index Scan",
                            "Parent Relationship": "Inner",
                            "Parallel Aware": false,
                            "Scan Direction": "Forward",
                            "Index Name": "movie_id_movie_info",
                            "Relation Name": "movie_info",
                            "Schema": "public",
                            "Alias": "mi",
                            "Startup Cost": 0.43,
                            "Total Cost": 2.5,
                            "Plan Rows": 34,
                            "Plan Width": 4,
                            "Actual Startup Time": 0.006,
                            "Actual Total Time": 0.041,
                            "Actual Rows": 102,
                            "Actual Loops": 939,
                            "Output": [
                                "mi.id",
                                "mi.movie_id",
                                "mi.info_type_id",
                                "mi.info",
                                "mi.note"
                            ],
                            "Index Cond": "(mi.movie_id = t.id)",
                            "Rows Removed by Index Recheck": 0,
                            "Filter": "(mi.info_type_id > 2)",
                            "Rows Removed by Filter": 2
                        }
                    ]
                }
            ]
        },
        "Planning Time": 212.162,
        "Triggers": [],
        "Execution Time": 55.104
    }
]