{
  "Plan": {
    "Node Type": "Aggregate",
    "Strategy": "Plain",
    "Partial Mode": "Finalize",
    "Parallel Aware": false,
    "Startup Cost": 628591.08,
    "Total Cost": 628591.09,
    "Plan Rows": 1,
    "Plan Width": 8,
    "Actual Startup Time": 2719.693,
    "Actual Total Time": 2774.602,
    "Actual Rows": 1,
    "Actual Loops": 1,
    "Plans": [
      {
        "Node Type": "Gather",
        "Parent Relationship": "Outer",
        "Parallel Aware": false,
        "Startup Cost": 628590.97,
        "Total Cost": 628591.08,
        "Plan Rows": 1,
        "Plan Width": 8,
        "Actual Startup Time": 2719.5,
        "Actual Total Time": 2774.593,
        "Actual Rows": 2,
        "Actual Loops": 1,
        "Workers Planned": 1,
        "Workers Launched": 1,
        "Single Copy": false,
        "Plans": [
          {
            "Node Type": "Aggregate",
            "Strategy": "Plain",
            "Partial Mode": "Partial",
            "Parent Relationship": "Outer",
            "Parallel Aware": false,
            "Startup Cost": 627590.97,
            "Total Cost": 627590.98,
            "Plan Rows": 1,
            "Plan Width": 8,
            "Actual Startup Time": 2713.325,
            "Actual Total Time": 2713.331,
            "Actual Rows": 1,
            "Actual Loops": 2,
            "Plans": [
              {
                "Node Type": "Hash Join",
                "Parent Relationship": "Outer",
                "Parallel Aware": true,
                "Join Type": "Inner",
                "Startup Cost": 80491.81,
                "Total Cost": 627175.97,
                "Plan Rows": 165998,
                "Plan Width": 0,
                "Actual Startup Time": 227.59,
                "Actual Total Time": 2712.584,
                "Actual Rows": 7770,
                "Actual Loops": 2,
                "Inner Unique": false,
                "Hash Cond": "(ci.movie_id = t.id)",
                "Plans": [
                  {
                    "Node Type": "Seq Scan",
                    "Parent Relationship": "Outer",
                    "Parallel Aware": true,
                    "Relation Name": "cast_info",
                    "Alias": "ci",
                    "Startup Cost": 0.0,
                    "Total Cost": 465792.95,
                    "Plan Rows": 21310595,
                    "Plan Width": 4,
                    "Actual Startup Time": 0.011,
                    "Actual Total Time": 1332.321,
                    "Actual Rows": 18122172,
                    "Actual Loops": 2
                  },
                  {
                    "Node Type": "Hash",
                    "Parent Relationship": "Inner",
                    "Parallel Aware": true,
                    "Startup Cost": 80346.99,
                    "Total Cost": 80346.99,
                    "Plan Rows": 11585,
                    "Plan Width": 8,
                    "Actual Startup Time": 226.244,
                    "Actual Total Time": 226.248,
                    "Actual Rows": 310,
                    "Actual Loops": 2,
                    "Hash Buckets": 32768,
                    "Original Hash Buckets": 32768,
                    "Hash Batches": 1,
                    "Original Hash Batches": 1,
                    "Peak Memory Usage": 320,
                    "Plans": [
                      {
                        "Node Type": "Hash Join",
                        "Parent Relationship": "Outer",
                        "Parallel Aware": true,
                        "Join Type": "Inner",
                        "Startup Cost": 20113.34,
                        "Total Cost": 80346.99,
                        "Plan Rows": 11585,
                        "Plan Width": 8,
                        "Actual Startup Time": 21.823,
                        "Actual Total Time": 225.999,
                        "Actual Rows": 310,
                        "Actual Loops": 2,
                        "Inner Unique": false,
                        "Hash Cond": "(t.id = mc.movie_id)",
                        "Plans": [
                          {
                            "Node Type": "Seq Scan",
                            "Parent Relationship": "Outer",
                            "Parallel Aware": true,
                            "Relation Name": "title",
                            "Alias": "t",
                            "Startup Cost": 0.0,
                            "Total Cost": 50870.31,
                            "Plan Rows": 1487231,
                            "Plan Width": 4,
                            "Actual Startup Time": 0.011,
                            "Actual Total Time": 122.039,
                            "Actual Rows": 1264156,
                            "Actual Loops": 2
                          },
                          {
                            "Node Type": "Hash",
                            "Parent Relationship": "Inner",
                            "Parallel Aware": true,
                            "Startup Cost": 19968.53,
                            "Total Cost": 19968.53,
                            "Plan Rows": 11585,
                            "Plan Width": 4,
                            "Actual Startup Time": 20.73,
                            "Actual Total Time": 20.731,
                            "Actual Rows": 310,
                            "Actual Loops": 2,
                            "Hash Buckets": 32768,
                            "Original Hash Buckets": 32768,
                            "Hash Batches": 1,
                            "Original Hash Batches": 1,
                            "Peak Memory Usage": 320,
                            "Plans": [
                              {
                                "Node Type": "Bitmap Heap Scan",
                                "Parent Relationship": "Outer",
                                "Parallel Aware": true,
                                "Relation Name": "movie_companies",
                                "Alias": "mc",
                                "Startup Cost": 836.27,
                                "Total Cost": 19968.53,
                                "Plan Rows": 11585,
                                "Plan Width": 4,
                                "Actual Startup Time": 19.514,
                                "Actual Total Time": 20.548,
                                "Actual Rows": 310,
                                "Actual Loops": 2,
                                "Recheck Cond": "(company_id = 160)",
                                "Rows Removed by Index Recheck": 0,
                                "Filter": "(company_type_id > 1)",
                                "Rows Removed by Filter": 17758,
                                "Exact Heap Blocks": 3824,
                                "Lossy Heap Blocks": 0,
                                "Plans": [
                                  {
                                    "Node Type": "Bitmap Index Scan",
                                    "Parent Relationship": "Outer",
                                    "Parallel Aware": false,
                                    "Index Name": "company_id_movie_companies",
                                    "Startup Cost": 0.0,
                                    "Total Cost": 831.35,
                                    "Plan Rows": 38789,
                                    "Plan Width": 0,
                                    "Actual Startup Time": 7.005,
                                    "Actual Total Time": 7.006,
                                    "Actual Rows": 36136,
                                    "Actual Loops": 1,
                                    "Index Cond": "(company_id = 160)"
                                  }
                                ]
                              }
                            ]
                          }
                        ]
                      }
                    ]
                  }
                ]
              }
            ]
          }
        ]
      }
    ]
  },
  "Planning Time": 0.944,
  "Triggers": [],
  "Execution Time": 2774.726
}