[
  {
    "Plan": {
      "Node Type": "Aggregate",
      "Strategy": "Plain",
      "Partial Mode": "Finalize",
      "Parallel Aware": false,
      "Startup Cost": 319090.95,
      "Total Cost": 319090.96,
      "Plan Rows": 1,
      "Plan Width": 8,
      "Actual Startup Time": 278.576,
      "Actual Total Time": 295.91,
      "Actual Rows": 1,
      "Actual Loops": 1,
      "Plans": [
        {
          "Node Type": "Gather",
          "Parent Relationship": "Outer",
          "Parallel Aware": false,
          "Startup Cost": 319090.53,
          "Total Cost": 319090.94,
          "Plan Rows": 4,
          "Plan Width": 8,
          "Actual Startup Time": 276.506,
          "Actual Total Time": 295.897,
          "Actual Rows": 5,
          "Actual Loops": 1,
          "Workers Planned": 4,
          "Workers Launched": 4,
          "Single Copy": false,
          "Plans": [
            {
              "Node Type": "Aggregate",
              "Strategy": "Plain",
              "Partial Mode": "Partial",
              "Parent Relationship": "Outer",
              "Parallel Aware": false,
              "Startup Cost": 318090.53,
              "Total Cost": 318090.54,
              "Plan Rows": 1,
              "Plan Width": 8,
              "Actual Startup Time": 266.061,
              "Actual Total Time": 266.065,
              "Actual Rows": 1,
              "Actual Loops": 5,
              "Plans": [
                {
                  "Node Type": "Hash Join",
                  "Parent Relationship": "Outer",
                  "Parallel Aware": true,
                  "Join Type": "Inner",
                  "Startup Cost": 268373.81,
                  "Total Cost": 317931.38,
                  "Plan Rows": 63661,
                  "Plan Width": 0,
                  "Actual Startup Time": 79.779,
                  "Actual Total Time": 262.839,
                  "Actual Rows": 53093,
                  "Actual Loops": 5,
                  "Inner Unique": false,
                  "Hash Cond": "(t.id = ci.movie_id)",
                  "Plans": [
                    {
                      "Node Type": "Seq Scan",
                      "Parent Relationship": "Outer",
                      "Parallel Aware": true,
                      "Relation Name": "title",
                      "Alias": "t",
                      "Startup Cost": 0.0,
                      "Total Cost": 42319.06,
                      "Plan Rows": 632106,
                      "Plan Width": 4,
                      "Actual Startup Time": 0.026,
                      "Actual Total Time": 79.271,
                      "Actual Rows": 505662,
                      "Actual Loops": 5
                    },
                    {
                      "Node Type": "Hash",
                      "Parent Relationship": "Inner",
                      "Parallel Aware": true,
                      "Startup Cost": 267737.19,
                      "Total Cost": 267737.19,
                      "Plan Rows": 50929,
                      "Plan Width": 4,
                      "Actual Startup Time": 77.641,
                      "Actual Total Time": 77.643,
                      "Actual Rows": 53093,
                      "Actual Loops": 5,
                      "Hash Buckets": 524288,
                      "Original Hash Buckets": 262144,
                      "Hash Batches": 1,
                      "Original Hash Batches": 1,
                      "Peak Memory Usage": 16640,
                      "Plans": [
                        {
                          "Node Type": "Bitmap Heap Scan",
                          "Parent Relationship": "Outer",
                          "Parallel Aware": true,
                          "Relation Name": "cast_info",
                          "Alias": "ci",
                          "Startup Cost": 5626.06,
                          "Total Cost": 267737.19,
                          "Plan Rows": 50929,
                          "Plan Width": 4,
                          "Actual Startup Time": 20.019,
                          "Actual Total Time": 41.358,
                          "Actual Rows": 53093,
                          "Actual Loops": 5,
                          "Recheck Cond": "(person_id < 31084)",
                          "Rows Removed by Index Recheck": 0,
                          "Exact Heap Blocks": 877,
                          "Lossy Heap Blocks": 0,
                          "Plans": [
                            {
                              "Node Type": "Bitmap Index Scan",
                              "Parent Relationship": "Outer",
                              "Parallel Aware": false,
                              "Index Name": "person_id_cast_info",
                              "Startup Cost": 0.0,
                              "Total Cost": 5562.4,
                              "Plan Rows": 254645,
                              "Plan Width": 0,
                              "Actual Startup Time": 22.486,
                              "Actual Total Time": 22.486,
                              "Actual Rows": 265466,
                              "Actual Loops": 1,
                              "Index Cond": "(person_id < 31084)"
                            }
                          ]
                        }
                      ]
                    }
                  ]
                }
              ]
            }
          ]
        }
      ]
    },
    "Planning Time": 0.666,
    "Triggers": [],
    "Execution Time": 296.009
  }
]