[
  {
    "Plan": {
      "Node Type": "Aggregate",
      "Strategy": "Plain",
      "Partial Mode": "Finalize",
      "Parallel Aware": false,
      "Startup Cost": 45327.24,
      "Total Cost": 45327.25,
      "Plan Rows": 1,
      "Plan Width": 8,
      "Actual Startup Time": 147.295,
      "Actual Total Time": 156.583,
      "Actual Rows": 1,
      "Actual Loops": 1,
      "Plans": [
        {
          "Node Type": "Gather",
          "Parent Relationship": "Outer",
          "Parallel Aware": false,
          "Startup Cost": 45326.92,
          "Total Cost": 45327.23,
          "Plan Rows": 3,
          "Plan Width": 8,
          "Actual Startup Time": 147.153,
          "Actual Total Time": 156.573,
          "Actual Rows": 4,
          "Actual Loops": 1,
          "Workers Planned": 3,
          "Workers Launched": 3,
          "Single Copy": false,
          "Plans": [
            {
              "Node Type": "Aggregate",
              "Strategy": "Plain",
              "Partial Mode": "Partial",
              "Parent Relationship": "Outer",
              "Parallel Aware": false,
              "Startup Cost": 44326.92,
              "Total Cost": 44326.93,
              "Plan Rows": 1,
              "Plan Width": 8,
              "Actual Startup Time": 138.637,
              "Actual Total Time": 138.638,
              "Actual Rows": 1,
              "Actual Loops": 4,
              "Plans": [
                {
                  "Node Type": "Seq Scan",
                  "Parent Relationship": "Outer",
                  "Parallel Aware": true,
                  "Relation Name": "movie_keyword",
                  "Alias": "mk",
                  "Startup Cost": 0.0,
                  "Total Cost": 42695.65,
                  "Plan Rows": 652506,
                  "Plan Width": 0,
                  "Actual Startup Time": 0.924,
                  "Actual Total Time": 114.996,
                  "Actual Rows": 504748,
                  "Actual Loops": 4,
                  "Filter": "(keyword_id > 6139)",
                  "Rows Removed by Filter": 626234
                }
              ]
            }
          ]
        }
      ]
    },
    "Planning Time": 0.189,
    "Triggers": [],
    "Execution Time": 156.644
  }
]