{
  "Plan": {
    "Node Type": "Aggregate",
    "Strategy": "Plain",
    "Partial Mode": "Finalize",
    "Parallel Aware": false,
    "Startup Cost": 257075.72,
    "Total Cost": 257075.73,
    "Plan Rows": 1,
    "Plan Width": 8,
    "Actual Startup Time": 1445.044,
    "Actual Total Time": 1466.068,
    "Actual Rows": 1,
    "Actual Loops": 1,
    "Plans": [
      {
        "Node Type": "Gather",
        "Parent Relationship": "Outer",
        "Parallel Aware": false,
        "Startup Cost": 257075.61,
        "Total Cost": 257075.72,
        "Plan Rows": 1,
        "Plan Width": 8,
        "Actual Startup Time": 1444.906,
        "Actual Total Time": 1466.061,
        "Actual Rows": 2,
        "Actual Loops": 1,
        "Workers Planned": 1,
        "Workers Launched": 1,
        "Single Copy": false,
        "Plans": [
          {
            "Node Type": "Aggregate",
            "Strategy": "Plain",
            "Partial Mode": "Partial",
            "Parent Relationship": "Outer",
            "Parallel Aware": false,
            "Startup Cost": 256075.61,
            "Total Cost": 256075.62,
            "Plan Rows": 1,
            "Plan Width": 8,
            "Actual Startup Time": 1441.89,
            "Actual Total Time": 1441.891,
            "Actual Rows": 1,
            "Actual Loops": 2,
            "Plans": [
              {
                "Node Type": "Merge Join",
                "Parent Relationship": "Outer",
                "Parallel Aware": false,
                "Join Type": "Inner",
                "Startup Cost": 3.03,
                "Total Cost": 255078.5,
                "Plan Rows": 398843,
                "Plan Width": 0,
                "Actual Startup Time": 1.782,
                "Actual Total Time": 1419.599,
                "Actual Rows": 513644,
                "Actual Loops": 2,
                "Inner Unique": false,
                "Merge Cond": "(t.id = mc.movie_id)",
                "Plans": [
                  {
                    "Node Type": "Index Scan",
                    "Parent Relationship": "Outer",
                    "Parallel Aware": true,
                    "Scan Direction": "Forward",
                    "Index Name": "title_pkey",
                    "Relation Name": "title",
                    "Alias": "t",
                    "Startup Cost": 0.43,
                    "Total Cost": 103647.43,
                    "Plan Rows": 386486,
                    "Plan Width": 4,
                    "Actual Startup Time": 0.75,
                    "Actual Total Time": 621.138,
                    "Actual Rows": 331144,
                    "Actual Loops": 2,
                    "Filter": "(production_year < 1989)",
                    "Rows Removed by Filter": 931801
                  },
                  {
                    "Node Type": "Index Only Scan",
                    "Parent Relationship": "Inner",
                    "Parallel Aware": false,
                    "Scan Direction": "Forward",
                    "Index Name": "movie_id_movie_companies",
                    "Relation Name": "movie_companies",
                    "Alias": "mc",
                    "Startup Cost": 0.43,
                    "Total Cost": 140059.44,
                    "Plan Rows": 2609129,
                    "Plan Width": 4,
                    "Actual Startup Time": 0.085,
                    "Actual Total Time": 630.321,
                    "Actual Rows": 2609129,
                    "Actual Loops": 2,
                    "Heap Fetches": 5218258
                  }
                ]
              }
            ]
          }
        ]
      }
    ]
  },
  "Planning Time": 0.401,
  "Triggers": [],
  "Execution Time": 1466.122
}