[
  {
    "Plan": {
      "Node Type": "Aggregate",
      "Strategy": "Plain",
      "Partial Mode": "Finalize",
      "Parallel Aware": false,
      "Startup Cost": 46501.51,
      "Total Cost": 46501.52,
      "Plan Rows": 1,
      "Plan Width": 8,
      "Actual Startup Time": 164.347,
      "Actual Total Time": 174.281,
      "Actual Rows": 1,
      "Actual Loops": 1,
      "Plans": [
        {
          "Node Type": "Gather",
          "Parent Relationship": "Outer",
          "Parallel Aware": false,
          "Startup Cost": 46501.2,
          "Total Cost": 46501.51,
          "Plan Rows": 3,
          "Plan Width": 8,
          "Actual Startup Time": 164.204,
          "Actual Total Time": 174.27,
          "Actual Rows": 4,
          "Actual Loops": 1,
          "Workers Planned": 3,
          "Workers Launched": 3,
          "Single Copy": false,
          "Plans": [
            {
              "Node Type": "Aggregate",
              "Strategy": "Plain",
              "Partial Mode": "Partial",
              "Parent Relationship": "Outer",
              "Parallel Aware": false,
              "Startup Cost": 45501.2,
              "Total Cost": 45501.21,
              "Plan Rows": 1,
              "Plan Width": 8,
              "Actual Startup Time": 158.852,
              "Actual Total Time": 158.853,
              "Actual Rows": 1,
              "Actual Loops": 4,
              "Plans": [
                {
                  "Node Type": "Seq Scan",
                  "Parent Relationship": "Outer",
                  "Parallel Aware": true,
                  "Relation Name": "movie_keyword",
                  "Alias": "mk",
                  "Startup Cost": 0.0,
                  "Total Cost": 42695.65,
                  "Plan Rows": 1122217,
                  "Plan Width": 0,
                  "Actual Startup Time": 0.078,
                  "Actual Total Time": 119.377,
                  "Actual Rows": 869607,
                  "Actual Loops": 4,
                  "Filter": "(keyword_id > 1041)",
                  "Rows Removed by Filter": 261376
                }
              ]
            }
          ]
        }
      ]
    },
    "Planning Time": 0.11,
    "Triggers": [],
    "Execution Time": 174.324
  }
]