[
  {
    "Plan": {
      "Node Type": "Aggregate",
      "Strategy": "Plain",
      "Partial Mode": "Finalize",
      "Parallel Aware": false,
      "Startup Cost": 46485.7,
      "Total Cost": 46485.71,
      "Plan Rows": 1,
      "Plan Width": 8,
      "Actual Startup Time": 108.552,
      "Actual Total Time": 122.272,
      "Actual Rows": 1,
      "Actual Loops": 1,
      "Plans": [
        {
          "Node Type": "Gather",
          "Parent Relationship": "Outer",
          "Parallel Aware": false,
          "Startup Cost": 46485.28,
          "Total Cost": 46485.69,
          "Plan Rows": 4,
          "Plan Width": 8,
          "Actual Startup Time": 108.355,
          "Actual Total Time": 122.251,
          "Actual Rows": 5,
          "Actual Loops": 1,
          "Workers Planned": 4,
          "Workers Launched": 4,
          "Single Copy": false,
          "Plans": [
            {
              "Node Type": "Aggregate",
              "Strategy": "Plain",
              "Partial Mode": "Partial",
              "Parent Relationship": "Outer",
              "Parallel Aware": false,
              "Startup Cost": 45485.28,
              "Total Cost": 45485.29,
              "Plan Rows": 1,
              "Plan Width": 8,
              "Actual Startup Time": 99.694,
              "Actual Total Time": 99.696,
              "Actual Rows": 1,
              "Actual Loops": 5,
              "Plans": [
                {
                  "Node Type": "Seq Scan",
                  "Parent Relationship": "Outer",
                  "Parallel Aware": true,
                  "Relation Name": "title",
                  "Alias": "t",
                  "Startup Cost": 0.0,
                  "Total Cost": 45479.59,
                  "Plan Rows": 2278,
                  "Plan Width": 0,
                  "Actual Startup Time": 59.353,
                  "Actual Total Time": 99.526,
                  "Actual Rows": 1172,
                  "Actual Loops": 5,
                  "Filter": "((kind_id = 1) AND (production_year = 1996))",
                  "Rows Removed by Filter": 504490
                }
              ]
            }
          ]
        }
      ]
    },
    "Planning Time": 0.119,
    "Triggers": [],
    "Execution Time": 122.321
  }
]