[
  {
    "Plan": {
      "Node Type": "Aggregate",
      "Strategy": "Plain",
      "Partial Mode": "Finalize",
      "Parallel Aware": false,
      "Startup Cost": 30997.65,
      "Total Cost": 30997.66,
      "Plan Rows": 1,
      "Plan Width": 8,
      "Actual Startup Time": 98.139,
      "Actual Total Time": 105.987,
      "Actual Rows": 1,
      "Actual Loops": 1,
      "Plans": [
        {
          "Node Type": "Gather",
          "Parent Relationship": "Outer",
          "Parallel Aware": false,
          "Startup Cost": 30997.34,
          "Total Cost": 30997.65,
          "Plan Rows": 3,
          "Plan Width": 8,
          "Actual Startup Time": 98.021,
          "Actual Total Time": 105.976,
          "Actual Rows": 4,
          "Actual Loops": 1,
          "Workers Planned": 3,
          "Workers Launched": 3,
          "Single Copy": false,
          "Plans": [
            {
              "Node Type": "Aggregate",
              "Strategy": "Plain",
              "Partial Mode": "Partial",
              "Parent Relationship": "Outer",
              "Parallel Aware": false,
              "Startup Cost": 29997.34,
              "Total Cost": 29997.35,
              "Plan Rows": 1,
              "Plan Width": 8,
              "Actual Startup Time": 89.101,
              "Actual Total Time": 89.102,
              "Actual Rows": 1,
              "Actual Loops": 4,
              "Plans": [
                {
                  "Node Type": "Seq Scan",
                  "Parent Relationship": "Outer",
                  "Parallel Aware": true,
                  "Relation Name": "movie_companies",
                  "Alias": "mc",
                  "Startup Cost": 0.0,
                  "Total Cost": 29310.68,
                  "Plan Rows": 274662,
                  "Plan Width": 0,
                  "Actual Startup Time": 0.051,
                  "Actual Total Time": 75.649,
                  "Actual Rows": 211771,
                  "Actual Loops": 4,
                  "Filter": "(company_id < 2296)",
                  "Rows Removed by Filter": 440511
                }
              ]
            }
          ]
        }
      ]
    },
    "Planning Time": 0.255,
    "Triggers": [],
    "Execution Time": 106.068
  }
]