{
  "Plan": {
    "Node Type": "Aggregate",
    "Strategy": "Plain",
    "Partial Mode": "Finalize",
    "Parallel Aware": false,
    "Startup Cost": 96345.38,
    "Total Cost": 96345.39,
    "Plan Rows": 1,
    "Plan Width": 8,
    "Actual Startup Time": 338.832,
    "Actual Total Time": 354.426,
    "Actual Rows": 1,
    "Actual Loops": 1,
    "Plans": [
      {
        "Node Type": "Gather",
        "Parent Relationship": "Outer",
        "Parallel Aware": false,
        "Startup Cost": 96345.27,
        "Total Cost": 96345.38,
        "Plan Rows": 1,
        "Plan Width": 8,
        "Actual Startup Time": 338.446,
        "Actual Total Time": 354.419,
        "Actual Rows": 2,
        "Actual Loops": 1,
        "Workers Planned": 1,
        "Workers Launched": 1,
        "Single Copy": false,
        "Plans": [
          {
            "Node Type": "Aggregate",
            "Strategy": "Plain",
            "Partial Mode": "Partial",
            "Parent Relationship": "Outer",
            "Parallel Aware": false,
            "Startup Cost": 95345.27,
            "Total Cost": 95345.28,
            "Plan Rows": 1,
            "Plan Width": 8,
            "Actual Startup Time": 332.705,
            "Actual Total Time": 332.708,
            "Actual Rows": 1,
            "Actual Loops": 2,
            "Plans": [
              {
                "Node Type": "Hash Join",
                "Parent Relationship": "Outer",
                "Parallel Aware": true,
                "Join Type": "Inner",
                "Startup Cost": 55216.13,
                "Total Cost": 95278.15,
                "Plan Rows": 26849,
                "Plan Width": 0,
                "Actual Startup Time": 152.841,
                "Actual Total Time": 331.823,
                "Actual Rows": 18351,
                "Actual Loops": 2,
                "Inner Unique": true,
                "Hash Cond": "(mc.movie_id = t.id)",
                "Plans": [
                  {
                    "Node Type": "Seq Scan",
                    "Parent Relationship": "Outer",
                    "Parallel Aware": true,
                    "Relation Name": "movie_companies",
                    "Alias": "mc",
                    "Startup Cost": 0.0,
                    "Total Cost": 37974.77,
                    "Plan Rows": 795142,
                    "Plan Width": 4,
                    "Actual Startup Time": 0.014,
                    "Actual Total Time": 111.503,
                    "Actual Rows": 672936,
                    "Actual Loops": 2,
                    "Filter": "(company_id < 11538)",
                    "Rows Removed by Filter": 631628
                  },
                  {
                    "Node Type": "Hash",
                    "Parent Relationship": "Inner",
                    "Parallel Aware": true,
                    "Startup Cost": 54588.39,
                    "Total Cost": 54588.39,
                    "Plan Rows": 50219,
                    "Plan Width": 4,
                    "Actual Startup Time": 150.181,
                    "Actual Total Time": 150.182,
                    "Actual Rows": 42296,
                    "Actual Loops": 2,
                    "Hash Buckets": 131072,
                    "Original Hash Buckets": 131072,
                    "Hash Batches": 1,
                    "Original Hash Batches": 1,
                    "Peak Memory Usage": 4352,
                    "Plans": [
                      {
                        "Node Type": "Seq Scan",
                        "Parent Relationship": "Outer",
                        "Parallel Aware": true,
                        "Relation Name": "title",
                        "Alias": "t",
                        "Startup Cost": 0.0,
                        "Total Cost": 54588.39,
                        "Plan Rows": 50219,
                        "Plan Width": 4,
                        "Actual Startup Time": 0.041,
                        "Actual Total Time": 137.094,
                        "Actual Rows": 42296,
                        "Actual Loops": 2,
                        "Filter": "(production_year = 2004)",
                        "Rows Removed by Filter": 1221860
                      }
                    ]
                  }
                ]
              }
            ]
          }
        ]
      }
    ]
  },
  "Planning Time": 0.452,
  "Triggers": [],
  "Execution Time": 354.501
}