{
  "Plan": {
    "Node Type": "Aggregate",
    "Strategy": "Plain",
    "Partial Mode": "Finalize",
    "Parallel Aware": false,
    "Startup Cost": 304777.46,
    "Total Cost": 304777.47,
    "Plan Rows": 1,
    "Plan Width": 8,
    "Actual Startup Time": 975.706,
    "Actual Total Time": 993.753,
    "Actual Rows": 1,
    "Actual Loops": 1,
    "Plans": [
      {
        "Node Type": "Gather",
        "Parent Relationship": "Outer",
        "Parallel Aware": false,
        "Startup Cost": 304777.34,
        "Total Cost": 304777.45,
        "Plan Rows": 1,
        "Plan Width": 8,
        "Actual Startup Time": 972.353,
        "Actual Total Time": 993.744,
        "Actual Rows": 2,
        "Actual Loops": 1,
        "Workers Planned": 1,
        "Workers Launched": 1,
        "Single Copy": false,
        "Plans": [
          {
            "Node Type": "Aggregate",
            "Strategy": "Plain",
            "Partial Mode": "Partial",
            "Parent Relationship": "Outer",
            "Parallel Aware": false,
            "Startup Cost": 303777.34,
            "Total Cost": 303777.35,
            "Plan Rows": 1,
            "Plan Width": 8,
            "Actual Startup Time": 964.926,
            "Actual Total Time": 965.525,
            "Actual Rows": 1,
            "Actual Loops": 2,
            "Plans": [
              {
                "Node Type": "Hash Join",
                "Parent Relationship": "Outer",
                "Parallel Aware": true,
                "Join Type": "Inner",
                "Startup Cost": 241193.53,
                "Total Cost": 303318.28,
                "Plan Rows": 183625,
                "Plan Width": 0,
                "Actual Startup Time": 452.545,
                "Actual Total Time": 903.766,
                "Actual Rows": 1620442,
                "Actual Loops": 2,
                "Inner Unique": false,
                "Hash Cond": "(mk.movie_id = t.id)",
                "Plans": [
                  {
                    "Node Type": "Seq Scan",
                    "Parent Relationship": "Outer",
                    "Parallel Aware": true,
                    "Relation Name": "movie_keyword",
                    "Alias": "mk",
                    "Startup Cost": 0.0,
                    "Total Cost": 51065.35,
                    "Plan Rows": 2661135,
                    "Plan Width": 4,
                    "Actual Startup Time": 0.016,
                    "Actual Total Time": 152.638,
                    "Actual Rows": 2261965,
                    "Actual Loops": 2
                  },
                  {
                    "Node Type": "Hash",
                    "Parent Relationship": "Inner",
                    "Parallel Aware": true,
                    "Startup Cost": 239910.76,
                    "Total Cost": 239910.76,
                    "Plan Rows": 102622,
                    "Plan Width": 8,
                    "Actual Startup Time": 449.06,
                    "Actual Total Time": 449.656,
                    "Actual Rows": 172296,
                    "Actual Loops": 2,
                    "Hash Buckets": 524288,
                    "Original Hash Buckets": 262144,
                    "Hash Batches": 1,
                    "Original Hash Batches": 1,
                    "Peak Memory Usage": 19648,
                    "Plans": [
                      {
                        "Node Type": "Hash Join",
                        "Parent Relationship": "Outer",
                        "Parallel Aware": true,
                        "Join Type": "Inner",
                        "Startup Cost": 73726.3,
                        "Total Cost": 239910.76,
                        "Plan Rows": 102622,
                        "Plan Width": 8,
                        "Actual Startup Time": 298.9,
                        "Actual Total Time": 409.379,
                        "Actual Rows": 172296,
                        "Actual Loops": 2,
                        "Inner Unique": true,
                        "Hash Cond": "(mi.movie_id = t.id)",
                        "Plans": [
                          {
                            "Node Type": "Bitmap Heap Scan",
                            "Parent Relationship": "Outer",
                            "Parallel Aware": true,
                            "Relation Name": "movie_info",
                            "Alias": "mi",
                            "Startup Cost": 8535.51,
                            "Total Cost": 173992.52,
                            "Plan Rows": 277121,
                            "Plan Width": 4,
                            "Actual Startup Time": 21.044,
                            "Actual Total Time": 42.941,
                            "Actual Rows": 237222,
                            "Actual Loops": 2,
                            "Recheck Cond": "(info_type_id = 6)",
                            "Rows Removed by Index Recheck": 0,
                            "Exact Heap Blocks": 1678,
                            "Lossy Heap Blocks": 0,
                            "Plans": [
                              {
                                "Node Type": "Bitmap Index Scan",
                                "Parent Relationship": "Outer",
                                "Parallel Aware": false,
                                "Index Name": "info_type_id_movie_info",
                                "Startup Cost": 0.0,
                                "Total Cost": 8417.73,
                                "Plan Rows": 471106,
                                "Plan Width": 0,
                                "Actual Startup Time": 20.599,
                                "Actual Total Time": 20.6,
                                "Actual Rows": 474443,
                                "Actual Loops": 1,
                                "Index Cond": "(info_type_id = 6)"
                              }
                            ]
                          },
                          {
                            "Node Type": "Hash",
                            "Parent Relationship": "Inner",
                            "Parallel Aware": true,
                            "Startup Cost": 58306.47,
                            "Total Cost": 58306.47,
                            "Plan Rows": 550746,
                            "Plan Width": 4,
                            "Actual Startup Time": 270.576,
                            "Actual Total Time": 270.577,
                            "Actual Rows": 475346,
                            "Actual Loops": 2,
                            "Hash Buckets": 1048576,
                            "Original Hash Buckets": 1048576,
                            "Hash Batches": 1,
                            "Original Hash Batches": 1,
                            "Peak Memory Usage": 45408,
                            "Plans": [
                              {
                                "Node Type": "Seq Scan",
                                "Parent Relationship": "Outer",
                                "Parallel Aware": true,
                                "Relation Name": "title",
                                "Alias": "t",
                                "Startup Cost": 0.0,
                                "Total Cost": 58306.47,
                                "Plan Rows": 550746,
                                "Plan Width": 4,
                                "Actual Startup Time": 0.034,
                                "Actual Total Time": 159.066,
                                "Actual Rows": 475346,
                                "Actual Loops": 2,
                                "Filter": "((kind_id < 7) AND (production_year < 2013))",
                                "Rows Removed by Filter": 788810
                              }
                            ]
                          }
                        ]
                      }
                    ]
                  }
                ]
              }
            ]
          }
        ]
      }
    ]
  },
  "Planning Time": 1.123,
  "Triggers": [],
  "Execution Time": 993.856
}