[
  {
    "Plan": {
      "Node Type": "Aggregate",
      "Strategy": "Plain",
      "Partial Mode": "Simple",
      "Parallel Aware": false,
      "Startup Cost": 1737.74,
      "Total Cost": 1737.75,
      "Plan Rows": 1,
      "Plan Width": 8,
      "Actual Startup Time": 3.54,
      "Actual Total Time": 3.546,
      "Actual Rows": 1,
      "Actual Loops": 1,
      "Plans": [
        {
          "Node Type": "Nested Loop",
          "Parent Relationship": "Outer",
          "Parallel Aware": false,
          "Join Type": "Inner",
          "Startup Cost": 811.56,
          "Total Cost": 1737.73,
          "Plan Rows": 1,
          "Plan Width": 0,
          "Actual Startup Time": 1.982,
          "Actual Total Time": 3.537,
          "Actual Rows": 1,
          "Actual Loops": 1,
          "Inner Unique": true,
          "Join Filter": "(mi_idx.movie_id = t.id)",
          "Rows Removed by Join Filter": 0,
          "Plans": [
            {
              "Node Type": "Hash Join",
              "Parent Relationship": "Outer",
              "Parallel Aware": false,
              "Join Type": "Inner",
              "Startup Cost": 811.13,
              "Total Cost": 1729.32,
              "Plan Rows": 1,
              "Plan Width": 8,
              "Actual Startup Time": 1.299,
              "Actual Total Time": 3.384,
              "Actual Rows": 8,
              "Actual Loops": 1,
              "Inner Unique": false,
              "Hash Cond": "(mk.movie_id = mi_idx.movie_id)",
              "Plans": [
                {
                  "Node Type": "Bitmap Heap Scan",
                  "Parent Relationship": "Outer",
                  "Parallel Aware": false,
                  "Relation Name": "movie_keyword",
                  "Alias": "mk",
                  "Startup Cost": 6.35,
                  "Total Cost": 922.98,
                  "Plan Rows": 248,
                  "Plan Width": 4,
                  "Actual Startup Time": 0.746,
                  "Actual Total Time": 2.859,
                  "Actual Rows": 838,
                  "Actual Loops": 1,
                  "Recheck Cond": "(keyword_id = 12346)",
                  "Rows Removed by Index Recheck": 0,
                  "Exact Heap Blocks": 777,
                  "Lossy Heap Blocks": 0,
                  "Plans": [
                    {
                      "Node Type": "Bitmap Index Scan",
                      "Parent Relationship": "Outer",
                      "Parallel Aware": false,
                      "Index Name": "keyword_id_movie_keyword",
                      "Startup Cost": 0.0,
                      "Total Cost": 6.29,
                      "Plan Rows": 248,
                      "Plan Width": 0,
                      "Actual Startup Time": 0.424,
                      "Actual Total Time": 0.425,
                      "Actual Rows": 838,
                      "Actual Loops": 1,
                      "Index Cond": "(keyword_id = 12346)"
                    }
                  ]
                },
                {
                  "Node Type": "Hash",
                  "Parent Relationship": "Inner",
                  "Parallel Aware": false,
                  "Startup Cost": 801.9,
                  "Total Cost": 801.9,
                  "Plan Rows": 230,
                  "Plan Width": 4,
                  "Actual Startup Time": 0.245,
                  "Actual Total Time": 0.246,
                  "Actual Rows": 260,
                  "Actual Loops": 1,
                  "Hash Buckets": 1024,
                  "Original Hash Buckets": 1024,
                  "Hash Batches": 1,
                  "Original Hash Batches": 1,
                  "Peak Memory Usage": 18,
                  "Plans": [
                    {
                      "Node Type": "Bitmap Heap Scan",
                      "Parent Relationship": "Outer",
                      "Parallel Aware": false,
                      "Relation Name": "movie_info_idx",
                      "Alias": "mi_idx",
                      "Startup Cost": 6.21,
                      "Total Cost": 801.9,
                      "Plan Rows": 230,
                      "Plan Width": 4,
                      "Actual Startup Time": 0.062,
                      "Actual Total Time": 0.146,
                      "Actual Rows": 260,
                      "Actual Loops": 1,
                      "Recheck Cond": "(info_type_id > 101)",
                      "Rows Removed by Index Recheck": 0,
                      "Exact Heap Blocks": 2,
                      "Lossy Heap Blocks": 0,
                      "Plans": [
                        {
                          "Node Type": "Bitmap Index Scan",
                          "Parent Relationship": "Outer",
                          "Parallel Aware": false,
                          "Index Name": "info_type_id_movie_info_idx",
                          "Startup Cost": 0.0,
                          "Total Cost": 6.15,
                          "Plan Rows": 230,
                          "Plan Width": 0,
                          "Actual Startup Time": 0.039,
                          "Actual Total Time": 0.039,
                          "Actual Rows": 260,
                          "Actual Loops": 1,
                          "Index Cond": "(info_type_id > 101)"
                        }
                      ]
                    }
                  ]
                }
              ]
            },
            {
              "Node Type": "Index Scan",
              "Parent Relationship": "Inner",
              "Parallel Aware": false,
              "Scan Direction": "Forward",
              "Index Name": "title_pkey",
              "Relation Name": "title",
              "Alias": "t",
              "Startup Cost": 0.43,
              "Total Cost": 8.4,
              "Plan Rows": 1,
              "Plan Width": 4,
              "Actual Startup Time": 0.017,
              "Actual Total Time": 0.017,
              "Actual Rows": 0,
              "Actual Loops": 8,
              "Index Cond": "(id = mk.movie_id)",
              "Rows Removed by Index Recheck": 0,
              "Filter": "(production_year > 2007)",
              "Rows Removed by Filter": 1
            }
          ]
        }
      ]
    },
    "Planning Time": 1.311,
    "Triggers": [],
    "Execution Time": 3.659
  }
]