[
  {
    "Plan": {
      "Node Type": "Aggregate",
      "Strategy": "Plain",
      "Partial Mode": "Finalize",
      "Parallel Aware": false,
      "Startup Cost": 45339.54,
      "Total Cost": 45339.55,
      "Plan Rows": 1,
      "Plan Width": 8,
      "Actual Startup Time": 145.772,
      "Actual Total Time": 156.78,
      "Actual Rows": 1,
      "Actual Loops": 1,
      "Plans": [
        {
          "Node Type": "Gather",
          "Parent Relationship": "Outer",
          "Parallel Aware": false,
          "Startup Cost": 45339.22,
          "Total Cost": 45339.53,
          "Plan Rows": 3,
          "Plan Width": 8,
          "Actual Startup Time": 145.637,
          "Actual Total Time": 156.771,
          "Actual Rows": 4,
          "Actual Loops": 1,
          "Workers Planned": 3,
          "Workers Launched": 3,
          "Single Copy": false,
          "Plans": [
            {
              "Node Type": "Aggregate",
              "Strategy": "Plain",
              "Partial Mode": "Partial",
              "Parent Relationship": "Outer",
              "Parallel Aware": false,
              "Startup Cost": 44339.22,
              "Total Cost": 44339.23,
              "Plan Rows": 1,
              "Plan Width": 8,
              "Actual Startup Time": 140.227,
              "Actual Total Time": 140.228,
              "Actual Rows": 1,
              "Actual Loops": 4,
              "Plans": [
                {
                  "Node Type": "Seq Scan",
                  "Parent Relationship": "Outer",
                  "Parallel Aware": true,
                  "Relation Name": "movie_keyword",
                  "Alias": "mk",
                  "Startup Cost": 0.0,
                  "Total Cost": 42695.65,
                  "Plan Rows": 657426,
                  "Plan Width": 0,
                  "Actual Startup Time": 0.495,
                  "Actual Total Time": 115.484,
                  "Actual Rows": 509207,
                  "Actual Loops": 4,
                  "Filter": "(keyword_id > 6045)",
                  "Rows Removed by Filter": 621776
                }
              ]
            }
          ]
        }
      ]
    },
    "Planning Time": 0.106,
    "Triggers": [],
    "Execution Time": 156.823
  }
]