[
  {
    "Plan": {
      "Node Type": "Aggregate",
      "Strategy": "Plain",
      "Partial Mode": "Finalize",
      "Parallel Aware": false,
      "Startup Cost": 331464.94,
      "Total Cost": 331464.95,
      "Plan Rows": 1,
      "Plan Width": 8,
      "Actual Startup Time": 471.997,
      "Actual Total Time": 551.557,
      "Actual Rows": 1,
      "Actual Loops": 1,
      "Plans": [
        {
          "Node Type": "Gather",
          "Parent Relationship": "Outer",
          "Parallel Aware": false,
          "Startup Cost": 331464.52,
          "Total Cost": 331464.93,
          "Plan Rows": 4,
          "Plan Width": 8,
          "Actual Startup Time": 471.283,
          "Actual Total Time": 551.545,
          "Actual Rows": 5,
          "Actual Loops": 1,
          "Workers Planned": 4,
          "Workers Launched": 4,
          "Single Copy": false,
          "Plans": [
            {
              "Node Type": "Aggregate",
              "Strategy": "Plain",
              "Partial Mode": "Partial",
              "Parent Relationship": "Outer",
              "Parallel Aware": false,
              "Startup Cost": 330464.52,
              "Total Cost": 330464.53,
              "Plan Rows": 1,
              "Plan Width": 8,
              "Actual Startup Time": 460.912,
              "Actual Total Time": 460.913,
              "Actual Rows": 1,
              "Actual Loops": 5,
              "Plans": [
                {
                  "Node Type": "Nested Loop",
                  "Parent Relationship": "Outer",
                  "Parallel Aware": false,
                  "Join Type": "Inner",
                  "Startup Cost": 0.56,
                  "Total Cost": 330383.99,
                  "Plan Rows": 32212,
                  "Plan Width": 0,
                  "Actual Startup Time": 0.692,
                  "Actual Total Time": 457.5,
                  "Actual Rows": 27412,
                  "Actual Loops": 5,
                  "Inner Unique": false,
                  "Plans": [
                    {
                      "Node Type": "Seq Scan",
                      "Parent Relationship": "Outer",
                      "Parallel Aware": true,
                      "Relation Name": "title",
                      "Alias": "t",
                      "Startup Cost": 0.0,
                      "Total Cost": 45479.59,
                      "Plan Rows": 6412,
                      "Plan Width": 4,
                      "Actual Startup Time": 0.451,
                      "Actual Total Time": 93.612,
                      "Actual Rows": 4741,
                      "Actual Loops": 5,
                      "Filter": "((kind_id < 7) AND (production_year = 2013))",
                      "Rows Removed by Filter": 500921
                    },
                    {
                      "Node Type": "Index Scan",
                      "Parent Relationship": "Inner",
                      "Parallel Aware": false,
                      "Scan Direction": "Forward",
                      "Index Name": "movie_id_cast_info",
                      "Relation Name": "cast_info",
                      "Alias": "ci",
                      "Startup Cost": 0.56,
                      "Total Cost": 44.31,
                      "Plan Rows": 12,
                      "Plan Width": 4,
                      "Actual Startup Time": 0.018,
                      "Actual Total Time": 0.075,
                      "Actual Rows": 6,
                      "Actual Loops": 23707,
                      "Index Cond": "(movie_id = t.id)",
                      "Rows Removed by Index Recheck": 0,
                      "Filter": "(role_id = 1)",
                      "Rows Removed by Filter": 13
                    }
                  ]
                }
              ]
            }
          ]
        }
      ]
    },
    "Planning Time": 0.573,
    "Triggers": [],
    "Execution Time": 551.643
  }
]