[
  {
    "Plan": {
      "Node Type": "Aggregate",
      "Strategy": "Plain",
      "Partial Mode": "Finalize",
      "Parallel Aware": false,
      "Startup Cost": 129708.23,
      "Total Cost": 129708.24,
      "Plan Rows": 1,
      "Plan Width": 8,
      "Actual Startup Time": 599.786,
      "Actual Total Time": 630.451,
      "Actual Rows": 1,
      "Actual Loops": 1,
      "Plans": [
        {
          "Node Type": "Gather",
          "Parent Relationship": "Outer",
          "Parallel Aware": false,
          "Startup Cost": 129707.91,
          "Total Cost": 129708.22,
          "Plan Rows": 3,
          "Plan Width": 8,
          "Actual Startup Time": 595.151,
          "Actual Total Time": 630.422,
          "Actual Rows": 4,
          "Actual Loops": 1,
          "Workers Planned": 3,
          "Workers Launched": 3,
          "Single Copy": false,
          "Plans": [
            {
              "Node Type": "Aggregate",
              "Strategy": "Plain",
              "Partial Mode": "Partial",
              "Parent Relationship": "Outer",
              "Parallel Aware": false,
              "Startup Cost": 128707.91,
              "Total Cost": 128707.92,
              "Plan Rows": 1,
              "Plan Width": 8,
              "Actual Startup Time": 590.557,
              "Actual Total Time": 590.562,
              "Actual Rows": 1,
              "Actual Loops": 4,
              "Plans": [
                {
                  "Node Type": "Hash Join",
                  "Parent Relationship": "Outer",
                  "Parallel Aware": true,
                  "Join Type": "Inner",
                  "Startup Cost": 80135.28,
                  "Total Cost": 128160.67,
                  "Plan Rows": 218897,
                  "Plan Width": 0,
                  "Actual Startup Time": 382.689,
                  "Actual Total Time": 587.561,
                  "Actual Rows": 58898,
                  "Actual Loops": 4,
                  "Inner Unique": false,
                  "Hash Cond": "(mk.movie_id = t.id)",
                  "Plans": [
                    {
                      "Node Type": "Seq Scan",
                      "Parent Relationship": "Outer",
                      "Parallel Aware": true,
                      "Relation Name": "movie_keyword",
                      "Alias": "mk",
                      "Startup Cost": 0.0,
                      "Total Cost": 42695.65,
                      "Plan Rows": 1232964,
                      "Plan Width": 4,
                      "Actual Startup Time": 0.054,
                      "Actual Total Time": 125.998,
                      "Actual Rows": 956106,
                      "Actual Loops": 4,
                      "Filter": "(keyword_id < 26978)",
                      "Rows Removed by Filter": 174876
                    },
                    {
                      "Node Type": "Hash",
                      "Parent Relationship": "Inner",
                      "Parallel Aware": true,
                      "Startup Cost": 78325.24,
                      "Total Cost": 78325.24,
                      "Plan Rows": 144803,
                      "Plan Width": 8,
                      "Actual Startup Time": 379.729,
                      "Actual Total Time": 379.733,
                      "Actual Rows": 29235,
                      "Actual Loops": 4,
                      "Hash Buckets": 524288,
                      "Original Hash Buckets": 524288,
                      "Hash Batches": 1,
                      "Original Hash Batches": 1,
                      "Peak Memory Usage": 8736,
                      "Plans": [
                        {
                          "Node Type": "Hash Join",
                          "Parent Relationship": "Outer",
                          "Parallel Aware": true,
                          "Join Type": "Inner",
                          "Startup Cost": 47594.42,
                          "Total Cost": 78325.24,
                          "Plan Rows": 144803,
                          "Plan Width": 8,
                          "Actual Startup Time": 191.813,
                          "Actual Total Time": 364.755,
                          "Actual Rows": 29235,
                          "Actual Loops": 4,
                          "Inner Unique": true,
                          "Hash Cond": "(mc.movie_id = t.id)",
                          "Plans": [
                            {
                              "Node Type": "Seq Scan",
                              "Parent Relationship": "Outer",
                              "Parallel Aware": true,
                              "Relation Name": "movie_companies",
                              "Alias": "mc",
                              "Startup Cost": 0.0,
                              "Total Cost": 29310.68,
                              "Plan Rows": 541005,
                              "Plan Width": 4,
                              "Actual Startup Time": 1.354,
                              "Actual Total Time": 79.899,
                              "Actual Rows": 419207,
                              "Actual Loops": 4,
                              "Filter": "(company_id > 3352)",
                              "Rows Removed by Filter": 233075
                            },
                            {
                              "Node Type": "Hash",
                              "Parent Relationship": "Inner",
                              "Parallel Aware": true,
                              "Startup Cost": 45479.59,
                              "Total Cost": 45479.59,
                              "Plan Rows": 169187,
                              "Plan Width": 4,
                              "Actual Startup Time": 187.507,
                              "Actual Total Time": 187.508,
                              "Actual Rows": 184920,
                              "Actual Loops": 4,
                              "Hash Buckets": 1048576,
                              "Original Hash Buckets": 1048576,
                              "Hash Batches": 1,
                              "Original Hash Batches": 1,
                              "Peak Memory Usage": 37216,
                              "Plans": [
                                {
                                  "Node Type": "Seq Scan",
                                  "Parent Relationship": "Outer",
                                  "Parallel Aware": true,
                                  "Relation Name": "title",
                                  "Alias": "t",
                                  "Startup Cost": 0.0,
                                  "Total Cost": 45479.59,
                                  "Plan Rows": 169187,
                                  "Plan Width": 4,
                                  "Actual Startup Time": 0.039,
                                  "Actual Total Time": 112.083,
                                  "Actual Rows": 184920,
                                  "Actual Loops": 4,
                                  "Filter": "((production_year > 2004) AND (kind_id = 7))",
                                  "Rows Removed by Filter": 447158
                                }
                              ]
                            }
                          ]
                        }
                      ]
                    }
                  ]
                }
              ]
            }
          ]
        }
      ]
    },
    "Planning Time": 0.863,
    "Triggers": [],
    "Execution Time": 630.512
  }
]