[
  {
    "Plan": {
      "Node Type": "Aggregate",
      "Strategy": "Plain",
      "Partial Mode": "Finalize",
      "Parallel Aware": false,
      "Startup Cost": 46496.19,
      "Total Cost": 46496.2,
      "Plan Rows": 1,
      "Plan Width": 8,
      "Actual Startup Time": 92.074,
      "Actual Total Time": 104.393,
      "Actual Rows": 1,
      "Actual Loops": 1,
      "Plans": [
        {
          "Node Type": "Gather",
          "Parent Relationship": "Outer",
          "Parallel Aware": false,
          "Startup Cost": 46495.77,
          "Total Cost": 46496.18,
          "Plan Rows": 4,
          "Plan Width": 8,
          "Actual Startup Time": 91.766,
          "Actual Total Time": 104.381,
          "Actual Rows": 5,
          "Actual Loops": 1,
          "Workers Planned": 4,
          "Workers Launched": 4,
          "Single Copy": false,
          "Plans": [
            {
              "Node Type": "Aggregate",
              "Strategy": "Plain",
              "Partial Mode": "Partial",
              "Parent Relationship": "Outer",
              "Parallel Aware": false,
              "Startup Cost": 45495.77,
              "Total Cost": 45495.78,
              "Plan Rows": 1,
              "Plan Width": 8,
              "Actual Startup Time": 85.765,
              "Actual Total Time": 85.766,
              "Actual Rows": 1,
              "Actual Loops": 5,
              "Plans": [
                {
                  "Node Type": "Seq Scan",
                  "Parent Relationship": "Outer",
                  "Parallel Aware": true,
                  "Relation Name": "title",
                  "Alias": "t",
                  "Startup Cost": 0.0,
                  "Total Cost": 45479.59,
                  "Plan Rows": 6475,
                  "Plan Width": 0,
                  "Actual Startup Time": 53.793,
                  "Actual Total Time": 85.48,
                  "Actual Rows": 3091,
                  "Actual Loops": 5,
                  "Filter": "((kind_id = 1) AND (production_year = 2005))",
                  "Rows Removed by Filter": 502571
                }
              ]
            }
          ]
        }
      ]
    },
    "Planning Time": 0.198,
    "Triggers": [],
    "Execution Time": 104.452
  }
]