[
  {
    "Plan": {
      "Node Type": "Aggregate",
      "Strategy": "Plain",
      "Partial Mode": "Finalize",
      "Parallel Aware": false,
      "Startup Cost": 46495.48,
      "Total Cost": 46495.49,
      "Plan Rows": 1,
      "Plan Width": 8,
      "Actual Startup Time": 93.43,
      "Actual Total Time": 105.78,
      "Actual Rows": 1,
      "Actual Loops": 1,
      "Plans": [
        {
          "Node Type": "Gather",
          "Parent Relationship": "Outer",
          "Parallel Aware": false,
          "Startup Cost": 46495.06,
          "Total Cost": 46495.47,
          "Plan Rows": 4,
          "Plan Width": 8,
          "Actual Startup Time": 93.3,
          "Actual Total Time": 105.772,
          "Actual Rows": 5,
          "Actual Loops": 1,
          "Workers Planned": 4,
          "Workers Launched": 4,
          "Single Copy": false,
          "Plans": [
            {
              "Node Type": "Aggregate",
              "Strategy": "Plain",
              "Partial Mode": "Partial",
              "Parent Relationship": "Outer",
              "Parallel Aware": false,
              "Startup Cost": 45495.06,
              "Total Cost": 45495.07,
              "Plan Rows": 1,
              "Plan Width": 8,
              "Actual Startup Time": 86.278,
              "Actual Total Time": 86.28,
              "Actual Rows": 1,
              "Actual Loops": 5,
              "Plans": [
                {
                  "Node Type": "Seq Scan",
                  "Parent Relationship": "Outer",
                  "Parallel Aware": true,
                  "Relation Name": "title",
                  "Alias": "t",
                  "Startup Cost": 0.0,
                  "Total Cost": 45479.1,
                  "Plan Rows": 6384,
                  "Plan Width": 0,
                  "Actual Startup Time": 55.008,
                  "Actual Total Time": 85.995,
                  "Actual Rows": 3091,
                  "Actual Loops": 5,
                  "Filter": "((kind_id = 1) AND (production_year = 2005))",
                  "Rows Removed by Filter": 502571
                }
              ]
            }
          ]
        }
      ]
    },
    "Planning Time": 0.254,
    "Triggers": [],
    "Execution Time": 105.846
  }
]