[
  {
    "Plan": {
      "Node Type": "Aggregate",
      "Strategy": "Plain",
      "Partial Mode": "Finalize",
      "Parallel Aware": false,
      "Startup Cost": 25897.05,
      "Total Cost": 25897.06,
      "Plan Rows": 1,
      "Plan Width": 8,
      "Actual Startup Time": 62.937,
      "Actual Total Time": 65.809,
      "Actual Rows": 1,
      "Actual Loops": 1,
      "Plans": [
        {
          "Node Type": "Gather",
          "Parent Relationship": "Outer",
          "Parallel Aware": false,
          "Startup Cost": 25896.73,
          "Total Cost": 25897.04,
          "Plan Rows": 3,
          "Plan Width": 8,
          "Actual Startup Time": 62.791,
          "Actual Total Time": 65.803,
          "Actual Rows": 4,
          "Actual Loops": 1,
          "Workers Planned": 3,
          "Workers Launched": 3,
          "Single Copy": false,
          "Plans": [
            {
              "Node Type": "Aggregate",
              "Strategy": "Plain",
              "Partial Mode": "Partial",
              "Parent Relationship": "Outer",
              "Parallel Aware": false,
              "Startup Cost": 24896.73,
              "Total Cost": 24896.74,
              "Plan Rows": 1,
              "Plan Width": 8,
              "Actual Startup Time": 53.669,
              "Actual Total Time": 53.67,
              "Actual Rows": 1,
              "Actual Loops": 4,
              "Plans": [
                {
                  "Node Type": "Bitmap Heap Scan",
                  "Parent Relationship": "Outer",
                  "Parallel Aware": true,
                  "Relation Name": "movie_companies",
                  "Alias": "mc",
                  "Startup Cost": 4910.36,
                  "Total Cost": 24802.83,
                  "Plan Rows": 37562,
                  "Plan Width": 0,
                  "Actual Startup Time": 19.129,
                  "Actual Total Time": 49.099,
                  "Actual Rows": 56274,
                  "Actual Loops": 4,
                  "Recheck Cond": "(company_id > 106630)",
                  "Rows Removed by Index Recheck": 0,
                  "Filter": "(company_type_id = 2)",
                  "Rows Removed by Filter": 0,
                  "Exact Heap Blocks": 2443,
                  "Lossy Heap Blocks": 0,
                  "Plans": [
                    {
                      "Node Type": "Bitmap Index Scan",
                      "Parent Relationship": "Outer",
                      "Parallel Aware": false,
                      "Index Name": "company_id_movie_companies",
                      "Startup Cost": 0.0,
                      "Total Cost": 4881.25,
                      "Plan Rows": 227843,
                      "Plan Width": 0,
                      "Actual Startup Time": 26.05,
                      "Actual Total Time": 26.05,
                      "Actual Rows": 225098,
                      "Actual Loops": 1,
                      "Index Cond": "(company_id > 106630)"
                    }
                  ]
                }
              ]
            }
          ]
        }
      ]
    },
    "Planning Time": 0.229,
    "Triggers": [],
    "Execution Time": 65.88
  }
]