[
  {
    "Plan": {
      "Node Type": "Aggregate",
      "Strategy": "Plain",
      "Partial Mode": "Finalize",
      "Parallel Aware": false,
      "Startup Cost": 337147.47,
      "Total Cost": 337147.48,
      "Plan Rows": 1,
      "Plan Width": 8,
      "Actual Startup Time": 821.254,
      "Actual Total Time": 866.951,
      "Actual Rows": 1,
      "Actual Loops": 1,
      "Plans": [
        {
          "Node Type": "Gather",
          "Parent Relationship": "Outer",
          "Parallel Aware": false,
          "Startup Cost": 337146.84,
          "Total Cost": 337147.45,
          "Plan Rows": 6,
          "Plan Width": 8,
          "Actual Startup Time": 821.082,
          "Actual Total Time": 866.937,
          "Actual Rows": 7,
          "Actual Loops": 1,
          "Workers Planned": 6,
          "Workers Launched": 6,
          "Single Copy": false,
          "Plans": [
            {
              "Node Type": "Aggregate",
              "Strategy": "Plain",
              "Partial Mode": "Partial",
              "Parent Relationship": "Outer",
              "Parallel Aware": false,
              "Startup Cost": 336146.84,
              "Total Cost": 336146.85,
              "Plan Rows": 1,
              "Plan Width": 8,
              "Actual Startup Time": 811.206,
              "Actual Total Time": 811.207,
              "Actual Rows": 1,
              "Actual Loops": 7,
              "Plans": [
                {
                  "Node Type": "Seq Scan",
                  "Parent Relationship": "Outer",
                  "Parallel Aware": true,
                  "Relation Name": "cast_info",
                  "Alias": "ci",
                  "Startup Cost": 0.0,
                  "Total Cost": 328211.39,
                  "Plan Rows": 3174180,
                  "Plan Width": 0,
                  "Actual Startup Time": 0.06,
                  "Actual Total Time": 661.218,
                  "Actual Rows": 2749188,
                  "Actual Loops": 7,
                  "Filter": "(person_id < 1923168)",
                  "Rows Removed by Filter": 2428576
                }
              ]
            }
          ]
        }
      ]
    },
    "Planning Time": 0.088,
    "Triggers": [],
    "Execution Time": 866.994
  }
]