{
  "Plan": {
    "Node Type": "Aggregate",
    "Strategy": "Plain",
    "Partial Mode": "Finalize",
    "Parallel Aware": false,
    "Startup Cost": 105445.9,
    "Total Cost": 105445.91,
    "Plan Rows": 1,
    "Plan Width": 8,
    "Actual Startup Time": 599.519,
    "Actual Total Time": 612.271,
    "Actual Rows": 1,
    "Actual Loops": 1,
    "Plans": [
      {
        "Node Type": "Gather",
        "Parent Relationship": "Outer",
        "Parallel Aware": false,
        "Startup Cost": 105445.79,
        "Total Cost": 105445.9,
        "Plan Rows": 1,
        "Plan Width": 8,
        "Actual Startup Time": 598.034,
        "Actual Total Time": 612.261,
        "Actual Rows": 2,
        "Actual Loops": 1,
        "Workers Planned": 1,
        "Workers Launched": 1,
        "Single Copy": false,
        "Plans": [
          {
            "Node Type": "Aggregate",
            "Strategy": "Plain",
            "Partial Mode": "Partial",
            "Parent Relationship": "Outer",
            "Parallel Aware": false,
            "Startup Cost": 104445.79,
            "Total Cost": 104445.8,
            "Plan Rows": 1,
            "Plan Width": 8,
            "Actual Startup Time": 592.21,
            "Actual Total Time": 592.213,
            "Actual Rows": 1,
            "Actual Loops": 2,
            "Plans": [
              {
                "Node Type": "Hash Join",
                "Parent Relationship": "Outer",
                "Parallel Aware": true,
                "Join Type": "Inner",
                "Startup Cost": 41237.21,
                "Total Cost": 103538.21,
                "Plan Rows": 363033,
                "Plan Width": 0,
                "Actual Startup Time": 180.811,
                "Actual Total Time": 579.56,
                "Actual Rows": 306288,
                "Actual Loops": 2,
                "Inner Unique": false,
                "Hash Cond": "(t.id = mc.movie_id)",
                "Plans": [
                  {
                    "Node Type": "Seq Scan",
                    "Parent Relationship": "Outer",
                    "Parallel Aware": true,
                    "Relation Name": "title",
                    "Alias": "t",
                    "Startup Cost": 0.0,
                    "Total Cost": 50870.31,
                    "Plan Rows": 1487231,
                    "Plan Width": 4,
                    "Actual Startup Time": 0.011,
                    "Actual Total Time": 112.61,
                    "Actual Rows": 1264156,
                    "Actual Loops": 2
                  },
                  {
                    "Node Type": "Hash",
                    "Parent Relationship": "Inner",
                    "Parallel Aware": true,
                    "Startup Cost": 36699.3,
                    "Total Cost": 36699.3,
                    "Plan Rows": 363033,
                    "Plan Width": 4,
                    "Actual Startup Time": 171.991,
                    "Actual Total Time": 171.993,
                    "Actual Rows": 306288,
                    "Actual Loops": 2,
                    "Hash Buckets": 1048576,
                    "Original Hash Buckets": 1048576,
                    "Hash Batches": 1,
                    "Original Hash Batches": 1,
                    "Peak Memory Usage": 32192,
                    "Plans": [
                      {
                        "Node Type": "Bitmap Heap Scan",
                        "Parent Relationship": "Outer",
                        "Parallel Aware": true,
                        "Relation Name": "movie_companies",
                        "Alias": "mc",
                        "Startup Cost": 13371.39,
                        "Total Cost": 36699.3,
                        "Plan Rows": 363033,
                        "Plan Width": 4,
                        "Actual Startup Time": 36.296,
                        "Actual Total Time": 102.762,
                        "Actual Rows": 306288,
                        "Actual Loops": 2,
                        "Recheck Cond": "(company_id < 737)",
                        "Rows Removed by Index Recheck": 0,
                        "Exact Heap Blocks": 10759,
                        "Lossy Heap Blocks": 0,
                        "Plans": [
                          {
                            "Node Type": "Bitmap Index Scan",
                            "Parent Relationship": "Outer",
                            "Parallel Aware": false,
                            "Index Name": "company_id_movie_companies",
                            "Startup Cost": 0.0,
                            "Total Cost": 13217.1,
                            "Plan Rows": 617156,
                            "Plan Width": 0,
                            "Actual Startup Time": 33.494,
                            "Actual Total Time": 33.494,
                            "Actual Rows": 612577,
                            "Actual Loops": 1,
                            "Index Cond": "(company_id < 737)"
                          }
                        ]
                      }
                    ]
                  }
                ]
              }
            ]
          }
        ]
      }
    ]
  },
  "Planning Time": 0.636,
  "Triggers": [],
  "Execution Time": 612.357
}