[
  {
    "Bao": {
      "Bao prediction": 1647.435,
      "Bao recommended hint": "SET enable_nestloop TO off; SET enable_mergejoin TO off; SET enable_indexscan TO off; "
    }
  },
  {
    "Plan": {
      "Node Type": "Aggregate",
      "Strategy": "Plain",
      "Partial Mode": "Finalize",
      "Parallel Aware": false,
      "Startup Cost": 543615.44,
      "Total Cost": 543615.45,
      "Plan Rows": 1,
      "Plan Width": 32,
      "Actual Startup Time": 2117.808,
      "Actual Total Time": 2217.865,
      "Actual Rows": 1,
      "Actual Loops": 1,
      "Plans": [
        {
          "Node Type": "Gather",
          "Parent Relationship": "Outer",
          "Parallel Aware": false,
          "Startup Cost": 543615.02,
          "Total Cost": 543615.43,
          "Plan Rows": 4,
          "Plan Width": 32,
          "Actual Startup Time": 2117.372,
          "Actual Total Time": 2217.822,
          "Actual Rows": 5,
          "Actual Loops": 1,
          "Workers Planned": 4,
          "Workers Launched": 4,
          "Single Copy": false,
          "Plans": [
            {
              "Node Type": "Aggregate",
              "Strategy": "Plain",
              "Partial Mode": "Partial",
              "Parent Relationship": "Outer",
              "Parallel Aware": false,
              "Startup Cost": 542615.02,
              "Total Cost": 542615.03,
              "Plan Rows": 1,
              "Plan Width": 32,
              "Actual Startup Time": 2104.059,
              "Actual Total Time": 2104.098,
              "Actual Rows": 1,
              "Actual Loops": 5,
              "Plans": [
                {
                  "Node Type": "Hash Join",
                  "Parent Relationship": "Outer",
                  "Parallel Aware": false,
                  "Join Type": "Inner",
                  "Startup Cost": 497427.53,
                  "Total Cost": 542615.02,
                  "Plan Rows": 1,
                  "Plan Width": 17,
                  "Actual Startup Time": 2093.153,
                  "Actual Total Time": 2104.083,
                  "Actual Rows": 3,
                  "Actual Loops": 5,
                  "Inner Unique": true,
                  "Hash Cond": "(t.kind_id = kt.id)",
                  "Plans": [
                    {
                      "Node Type": "Hash Join",
                      "Parent Relationship": "Outer",
                      "Parallel Aware": true,
                      "Join Type": "Inner",
                      "Startup Cost": 497426.43,
                      "Total Cost": 542613.91,
                      "Plan Rows": 1,
                      "Plan Width": 21,
                      "Actual Startup Time": 2092.364,
                      "Actual Total Time": 2103.292,
                      "Actual Rows": 3,
                      "Actual Loops": 5,
                      "Inner Unique": false,
                      "Hash Cond": "(t.id = mk.movie_id)",
                      "Plans": [
                        {
                          "Node Type": "Seq Scan",
                          "Parent Relationship": "Outer",
                          "Parallel Aware": true,
                          "Relation Name": "title",
                          "Alias": "t",
                          "Startup Cost": 0.0,
                          "Total Cost": 43897.41,
                          "Plan Rows": 344017,
                          "Plan Width": 25,
                          "Actual Startup Time": 0.017,
                          "Actual Total Time": 89.38,
                          "Actual Rows": 276291,
                          "Actual Loops": 5,
                          "Filter": "(production_year > 2000)",
                          "Rows Removed by Filter": 229372
                        },
                        {
                          "Node Type": "Hash",
                          "Parent Relationship": "Inner",
                          "Parallel Aware": true,
                          "Startup Cost": 497426.42,
                          "Total Cost": 497426.42,
                          "Plan Rows": 1,
                          "Plan Width": 12,
                          "Actual Startup Time": 1995.37,
                          "Actual Total Time": 1995.404,
                          "Actual Rows": 3,
                          "Actual Loops": 5,
                          "Hash Buckets": 1024,
                          "Original Hash Buckets": 1024,
                          "Hash Batches": 1,
                          "Original Hash Batches": 1,
                          "Peak Memory Usage": 40,
                          "Plans": [
                            {
                              "Node Type": "Hash Join",
                              "Parent Relationship": "Outer",
                              "Parallel Aware": true,
                              "Join Type": "Inner",
                              "Startup Cost": 447238.86,
                              "Total Cost": 497426.42,
                              "Plan Rows": 1,
                              "Plan Width": 12,
                              "Actual Startup Time": 1962.215,
                              "Actual Total Time": 1995.247,
                              "Actual Rows": 3,
                              "Actual Loops": 5,
                              "Inner Unique": false,
                              "Hash Cond": "(chn.id = ci.person_role_id)",
                              "Plans": [
                                {
                                  "Node Type": "Seq Scan",
                                  "Parent Relationship": "Outer",
                                  "Parallel Aware": true,
                                  "Relation Name": "char_name",
                                  "Alias": "chn",
                                  "Startup Cost": 0.0,
                                  "Total Cost": 50186.96,
                                  "Plan Rows": 157,
                                  "Plan Width": 4,
                                  "Actual Startup Time": 32.812,
                                  "Actual Total Time": 170.932,
                                  "Actual Rows": 6,
                                  "Actual Loops": 5,
                                  "Filter": "((name !~~ '%Sherlock%'::text) AND ((name ~~ '%Tony%Stark%'::text) OR (name ~~ '%Iron%Man%'::text)))",
                                  "Rows Removed by Filter": 628062
                                },
                                {
                                  "Node Type": "Hash",
                                  "Parent Relationship": "Inner",
                                  "Parallel Aware": true,
                                  "Startup Cost": 447238.85,
                                  "Total Cost": 447238.85,
                                  "Plan Rows": 1,
                                  "Plan Width": 16,
                                  "Actual Startup Time": 1824.122,
                                  "Actual Total Time": 1824.15,
                                  "Actual Rows": 8,
                                  "Actual Loops": 5,
                                  "Hash Buckets": 1024,
                                  "Original Hash Buckets": 1024,
                                  "Hash Batches": 1,
                                  "Original Hash Batches": 1,
                                  "Peak Memory Usage": 168,
                                  "Plans": [
                                    {
                                      "Node Type": "Hash Join",
                                      "Parent Relationship": "Outer",
                                      "Parallel Aware": true,
                                      "Join Type": "Inner",
                                      "Startup Cost": 404360.32,
                                      "Total Cost": 447238.85,
                                      "Plan Rows": 1,
                                      "Plan Width": 16,
                                      "Actual Startup Time": 1727.023,
                                      "Actual Total Time": 1823.928,
                                      "Actual Rows": 8,
                                      "Actual Loops": 5,
                                      "Inner Unique": false,
                                      "Hash Cond": "(mk.movie_id = ci.movie_id)",
                                      "Plans": [
                                        {
                                          "Node Type": "Hash Join",
                                          "Parent Relationship": "Outer",
                                          "Parallel Aware": false,
                                          "Join Type": "Inner",
                                          "Startup Cost": 3632.5,
                                          "Total Cost": 46510.69,
                                          "Plan Rows": 87,
                                          "Plan Width": 4,
                                          "Actual Startup Time": 29.679,
                                          "Actual Total Time": 187.076,
                                          "Actual Rows": 7110,
                                          "Actual Loops": 5,
                                          "Inner Unique": true,
                                          "Hash Cond": "(mk.keyword_id = k.id)",
                                          "Plans": [
                                            {
                                              "Node Type": "Seq Scan",
                                              "Parent Relationship": "Outer",
                                              "Parallel Aware": true,
                                              "Relation Name": "movie_keyword",
                                              "Alias": "mk",
                                              "Startup Cost": 0.0,
                                              "Total Cost": 39047.32,
                                              "Plan Rows": 1459332,
                                              "Plan Width": 8,
                                              "Actual Startup Time": 0.02,
                                              "Actual Total Time": 86.761,
                                              "Actual Rows": 904786,
                                              "Actual Loops": 5
                                            },
                                            {
                                              "Node Type": "Hash",
                                              "Parent Relationship": "Inner",
                                              "Parallel Aware": false,
                                              "Startup Cost": 3632.4,
                                              "Total Cost": 3632.4,
                                              "Plan Rows": 8,
                                              "Plan Width": 4,
                                              "Actual Startup Time": 29.41,
                                              "Actual Total Time": 29.412,
                                              "Actual Rows": 8,
                                              "Actual Loops": 5,
                                              "Hash Buckets": 1024,
                                              "Original Hash Buckets": 1024,
                                              "Hash Batches": 1,
                                              "Original Hash Batches": 1,
                                              "Peak Memory Usage": 9,
                                              "Plans": [
                                                {
                                                  "Node Type": "Seq Scan",
                                                  "Parent Relationship": "Outer",
                                                  "Parallel Aware": false,
                                                  "Relation Name": "keyword",
                                                  "Alias": "k",
                                                  "Startup Cost": 0.0,
                                                  "Total Cost": 3632.4,
                                                  "Plan Rows": 8,
                                                  "Plan Width": 4,
                                                  "Actual Startup Time": 0.143,
                                                  "Actual Total Time": 29.4,
                                                  "Actual Rows": 8,
                                                  "Actual Loops": 5,
                                                  "Filter": "(keyword = ANY ('{superhero,sequel,second-part,marvel-comics,based-on-comic,tv-special,fight,violence}'::text[]))",
                                                  "Rows Removed by Filter": 134162
                                                }
                                              ]
                                            }
                                          ]
                                        },
                                        {
                                          "Node Type": "Hash",
                                          "Parent Relationship": "Inner",
                                          "Parallel Aware": true,
                                          "Startup Cost": 400727.76,
                                          "Total Cost": 400727.76,
                                          "Plan Rows": 5,
                                          "Plan Width": 12,
                                          "Actual Startup Time": 1635.751,
                                          "Actual Total Time": 1635.771,
                                          "Actual Rows": 14,
                                          "Actual Loops": 5,
                                          "Hash Buckets": 1024,
                                          "Original Hash Buckets": 1024,
                                          "Hash Batches": 1,
                                          "Original Hash Batches": 1,
                                          "Peak Memory Usage": 136,
                                          "Plans": [
                                            {
                                              "Node Type": "Hash Join",
                                              "Parent Relationship": "Outer",
                                              "Parallel Aware": false,
                                              "Join Type": "Inner",
                                              "Startup Cost": 71739.84,
                                              "Total Cost": 400727.76,
                                              "Plan Rows": 5,
                                              "Plan Width": 12,
                                              "Actual Startup Time": 785.785,
                                              "Actual Total Time": 1635.602,
                                              "Actual Rows": 14,
                                              "Actual Loops": 5,
                                              "Inner Unique": false,
                                              "Hash Cond": "(ci.movie_id = cc.movie_id)",
                                              "Plans": [
                                                {
                                                  "Node Type": "Hash Join",
                                                  "Parent Relationship": "Outer",
                                                  "Parallel Aware": true,
                                                  "Join Type": "Inner",
                                                  "Startup Cost": 68637.43,
                                                  "Total Cost": 397623.02,
                                                  "Plan Rows": 605,
                                                  "Plan Width": 8,
                                                  "Actual Startup Time": 450.509,
                                                  "Actual Total Time": 1553.862,
                                                  "Actual Rows": 97,
                                                  "Actual Loops": 5,
                                                  "Inner Unique": true,
                                                  "Hash Cond": "(ci.person_id = n.id)",
                                                  "Plans": [
                                                    {
                                                      "Node Type": "Seq Scan",
                                                      "Parent Relationship": "Outer",
                                                      "Parallel Aware": true,
                                                      "Relation Name": "cast_info",
                                                      "Alias": "ci",
                                                      "Startup Cost": 0.0,
                                                      "Total Cost": 313121.52,
                                                      "Plan Rows": 6043452,
                                                      "Plan Width": 12,
                                                      "Actual Startup Time": 0.013,
                                                      "Actual Total Time": 807.256,
                                                      "Actual Rows": 7248869,
                                                      "Actual Loops": 5
                                                    },
                                                    {
                                                      "Node Type": "Hash",
                                                      "Parent Relationship": "Inner",
                                                      "Parallel Aware": true,
                                                      "Startup Cost": 68636.13,
                                                      "Total Cost": 68636.13,
                                                      "Plan Rows": 104,
                                                      "Plan Width": 4,
                                                      "Actual Startup Time": 168.293,
                                                      "Actual Total Time": 168.295,
                                                      "Actual Rows": 0,
                                                      "Actual Loops": 5,
                                                      "Hash Buckets": 1024,
                                                      "Original Hash Buckets": 1024,
                                                      "Hash Batches": 1,
                                                      "Original Hash Batches": 1,
                                                      "Peak Memory Usage": 72,
                                                      "Plans": [
                                                        {
                                                          "Node Type": "Seq Scan",
                                                          "Parent Relationship": "Outer",
                                                          "Parallel Aware": true,
                                                          "Relation Name": "name",
                                                          "Alias": "n",
                                                          "Startup Cost": 0.0,
                                                          "Total Cost": 68636.13,
                                                          "Plan Rows": 104,
                                                          "Plan Width": 4,
                                                          "Actual Startup Time": 107.804,
                                                          "Actual Total Time": 168.248,
                                                          "Actual Rows": 0,
                                                          "Actual Loops": 5,
                                                          "Filter": "(name ~~ '%Downey%Robert%'::text)",
                                                          "Rows Removed by Filter": 833498
                                                        }
                                                      ]
                                                    }
                                                  ]
                                                },
                                                {
                                                  "Node Type": "Hash",
                                                  "Parent Relationship": "Inner",
                                                  "Parallel Aware": false,
                                                  "Startup Cost": 2996.88,
                                                  "Total Cost": 2996.88,
                                                  "Plan Rows": 8443,
                                                  "Plan Width": 4,
                                                  "Actual Startup Time": 81.372,
                                                  "Actual Total Time": 81.384,
                                                  "Actual Rows": 85941,
                                                  "Actual Loops": 5,
                                                  "Hash Buckets": 131072,
                                                  "Original Hash Buckets": 16384,
                                                  "Hash Batches": 1,
                                                  "Original Hash Batches": 1,
                                                  "Peak Memory Usage": 4046,
                                                  "Plans": [
                                                    {
                                                      "Node Type": "Hash Join",
                                                      "Parent Relationship": "Outer",
                                                      "Parallel Aware": false,
                                                      "Join Type": "Inner",
                                                      "Startup Cost": 2.12,
                                                      "Total Cost": 2996.88,
                                                      "Plan Rows": 8443,
                                                      "Plan Width": 4,
                                                      "Actual Startup Time": 0.245,
                                                      "Actual Total Time": 61.499,
                                                      "Actual Rows": 85941,
                                                      "Actual Loops": 5,
                                                      "Inner Unique": true,
                                                      "Hash Cond": "(cc.status_id = cct2.id)",
                                                      "Plans": [
                                                        {
                                                          "Node Type": "Hash Join",
                                                          "Parent Relationship": "Outer",
                                                          "Parallel Aware": false,
                                                          "Join Type": "Inner",
                                                          "Startup Cost": 1.06,
                                                          "Total Cost": 2813.24,
                                                          "Plan Rows": 33772,
                                                          "Plan Width": 8,
                                                          "Actual Startup Time": 0.147,
                                                          "Actual Total Time": 45.311,
                                                          "Actual Rows": 85941,
                                                          "Actual Loops": 5,
                                                          "Inner Unique": true,
                                                          "Hash Cond": "(cc.subject_id = cct1.id)",
                                                          "Plans": [
                                                            {
                                                              "Node Type": "Seq Scan",
                                                              "Parent Relationship": "Outer",
                                                              "Parallel Aware": false,
                                                              "Relation Name": "complete_cast",
                                                              "Alias": "cc",
                                                              "Startup Cost": 0.0,
                                                              "Total Cost": 2081.86,
                                                              "Plan Rows": 135086,
                                                              "Plan Width": 12,
                                                              "Actual Startup Time": 0.062,
                                                              "Actual Total Time": 20.612,
                                                              "Actual Rows": 135086,
                                                              "Actual Loops": 5
                                                            },
                                                            {
                                                              "Node Type": "Hash",
                                                              "Parent Relationship": "Inner",
                                                              "Parallel Aware": false,
                                                              "Startup Cost": 1.05,
                                                              "Total Cost": 1.05,
                                                              "Plan Rows": 1,
                                                              "Plan Width": 4,
                                                              "Actual Startup Time": 0.028,
                                                              "Actual Total Time": 0.029,
                                                              "Actual Rows": 1,
                                                              "Actual Loops": 5,
                                                              "Hash Buckets": 1024,
                                                              "Original Hash Buckets": 1024,
                                                              "Hash Batches": 1,
                                                              "Original Hash Batches": 1,
                                                              "Peak Memory Usage": 9,
                                                              "Plans": [
                                                                {
                                                                  "Node Type": "Seq Scan",
                                                                  "Parent Relationship": "Outer",
                                                                  "Parallel Aware": false,
                                                                  "Relation Name": "comp_cast_type",
                                                                  "Alias": "cct1",
                                                                  "Startup Cost": 0.0,
                                                                  "Total Cost": 1.05,
                                                                  "Plan Rows": 1,
                                                                  "Plan Width": 4,
                                                                  "Actual Startup Time": 0.01,
                                                                  "Actual Total Time": 0.014,
                                                                  "Actual Rows": 1,
                                                                  "Actual Loops": 5,
                                                                  "Filter": "((kind)::text = 'cast'::text)",
                                                                  "Rows Removed by Filter": 3
                                                                }
                                                              ]
                                                            }
                                                          ]
                                                        },
                                                        {
                                                          "Node Type": "Hash",
                                                          "Parent Relationship": "Inner",
                                                          "Parallel Aware": false,
                                                          "Startup Cost": 1.05,
                                                          "Total Cost": 1.05,
                                                          "Plan Rows": 1,
                                                          "Plan Width": 4,
                                                          "Actual Startup Time": 0.055,
                                                          "Actual Total Time": 0.056,
                                                          "Actual Rows": 2,
                                                          "Actual Loops": 5,
                                                          "Hash Buckets": 1024,
                                                          "Original Hash Buckets": 1024,
                                                          "Hash Batches": 1,
                                                          "Original Hash Batches": 1,
                                                          "Peak Memory Usage": 9,
                                                          "Plans": [
                                                            {
                                                              "Node Type": "Seq Scan",
                                                              "Parent Relationship": "Outer",
                                                              "Parallel Aware": false,
                                                              "Relation Name": "comp_cast_type",
                                                              "Alias": "cct2",
                                                              "Startup Cost": 0.0,
                                                              "Total Cost": 1.05,
                                                              "Plan Rows": 1,
                                                              "Plan Width": 4,
                                                              "Actual Startup Time": 0.04,
                                                              "Actual Total Time": 0.043,
                                                              "Actual Rows": 2,
                                                              "Actual Loops": 5,
                                                              "Filter": "((kind)::text ~~ '%complete%'::text)",
                                                              "Rows Removed by Filter": 2
                                                            }
                                                          ]
                                                        }
                                                      ]
                                                    }
                                                  ]
                                                }
                                              ]
                                            }
                                          ]
                                        }
                                      ]
                                    }
                                  ]
                                }
                              ]
                            }
                          ]
                        }
                      ]
                    },
                    {
                      "Node Type": "Hash",
                      "Parent Relationship": "Inner",
                      "Parallel Aware": false,
                      "Startup Cost": 1.09,
                      "Total Cost": 1.09,
                      "Plan Rows": 1,
                      "Plan Width": 4,
                      "Actual Startup Time": 0.077,
                      "Actual Total Time": 0.078,
                      "Actual Rows": 1,
                      "Actual Loops": 5,
                      "Hash Buckets": 1024,
                      "Original Hash Buckets": 1024,
                      "Hash Batches": 1,
                      "Original Hash Batches": 1,
                      "Peak Memory Usage": 9,
                      "Plans": [
                        {
                          "Node Type": "Seq Scan",
                          "Parent Relationship": "Outer",
                          "Parallel Aware": false,
                          "Relation Name": "kind_type",
                          "Alias": "kt",
                          "Startup Cost": 0.0,
                          "Total Cost": 1.09,
                          "Plan Rows": 1,
                          "Plan Width": 4,
                          "Actual Startup Time": 0.057,
                          "Actual Total Time": 0.062,
                          "Actual Rows": 1,
                          "Actual Loops": 5,
                          "Filter": "((kind)::text = 'movie'::text)",
                          "Rows Removed by Filter": 6
                        }
                      ]
                    }
                  ]
                }
              ]
            }
          ]
        }
      ]
    },
    "Planning Time": 824.721,
    "Triggers": [],
    "Execution Time": 2218.89
  }
]