[
    {
        "Bao": {
            "Bao prediction": 442.418,
            "Bao recommended hint": "SET enable_mergejoin TO off; "
        }
    },
    {
        "Plan": {
            "Node Type": "Aggregate",
            "Strategy": "Plain",
            "Partial Mode": "Finalize",
            "Parallel Aware": false,
            "Startup Cost": 32886.9,
            "Total Cost": 32886.91,
            "Plan Rows": 1,
            "Plan Width": 8,
            "Actual Startup Time": 106.3,
            "Actual Total Time": 111.146,
            "Actual Rows": 1,
            "Actual Loops": 1,
            "Output": [
                "count(*)"
            ],
            "Plans": [
                {
                    "Node Type": "Gather",
                    "Parent Relationship": "Outer",
                    "Parallel Aware": false,
                    "Startup Cost": 32886.58,
                    "Total Cost": 32886.89,
                    "Plan Rows": 3,
                    "Plan Width": 8,
                    "Actual Startup Time": 106.203,
                    "Actual Total Time": 111.138,
                    "Actual Rows": 4,
                    "Actual Loops": 1,
                    "Output": [
                        "(PARTIAL count(*))"
                    ],
                    "Workers Planned": 3,
                    "Workers Launched": 3,
                    "Single Copy": false,
                    "Plans": [
                        {
                            "Node Type": "Aggregate",
                            "Strategy": "Plain",
                            "Partial Mode": "Partial",
                            "Parent Relationship": "Outer",
                            "Parallel Aware": false,
                            "Startup Cost": 31886.58,
                            "Total Cost": 31886.59,
                            "Plan Rows": 1,
                            "Plan Width": 8,
                            "Actual Startup Time": 98.53,
                            "Actual Total Time": 98.531,
                            "Actual Rows": 1,
                            "Actual Loops": 4,
                            "Output": [
                                "PARTIAL count(*)"
                            ],
                            "Workers": [
                                {
                                    "Worker Number": 0,
                                    "Actual Startup Time": 96.091,
                                    "Actual Total Time": 96.092,
                                    "Actual Rows": 1,
                                    "Actual Loops": 1
                                },
                                {
                                    "Worker Number": 1,
                                    "Actual Startup Time": 96.185,
                                    "Actual Total Time": 96.186,
                                    "Actual Rows": 1,
                                    "Actual Loops": 1
                                },
                                {
                                    "Worker Number": 2,
                                    "Actual Startup Time": 96.309,
                                    "Actual Total Time": 96.31,
                                    "Actual Rows": 1,
                                    "Actual Loops": 1
                                }
                            ],
                            "Plans": [
                                {
                                    "Node Type": "Seq Scan",
                                    "Parent Relationship": "Outer",
                                    "Parallel Aware": true,
                                    "Relation Name": "movie_companies",
                                    "Schema": "public",
                                    "Alias": "mc",
                                    "Startup Cost": 0.0,
                                    "Total Cost": 31414.82,
                                    "Plan Rows": 188705,
                                    "Plan Width": 0,
                                    "Actual Startup Time": 22.954,
                                    "Actual Total Time": 92.967,
                                    "Actual Rows": 79230,
                                    "Actual Loops": 4,
                                    "Output": [
                                        "id",
                                        "movie_id",
                                        "company_id",
                                        "company_type_id",
                                        "note"
                                    ],
                                    "Filter": "((mc.company_id > 12323) AND (mc.company_type_id = 1))",
                                    "Rows Removed by Filter": 573052,
                                    "Workers": [
                                        {
                                            "Worker Number": 0,
                                            "Actual Startup Time": 20.529,
                                            "Actual Total Time": 90.69,
                                            "Actual Rows": 75171,
                                            "Actual Loops": 1
                                        },
                                        {
                                            "Worker Number": 1,
                                            "Actual Startup Time": 20.598,
                                            "Actual Total Time": 90.816,
                                            "Actual Rows": 74608,
                                            "Actual Loops": 1
                                        },
                                        {
                                            "Worker Number": 2,
                                            "Actual Startup Time": 20.738,
                                            "Actual Total Time": 90.952,
                                            "Actual Rows": 74412,
                                            "Actual Loops": 1
                                        }
                                    ]
                                }
                            ]
                        }
                    ]
                }
            ]
        },
        "Planning Time": 859.623,
        "Triggers": [],
        "Execution Time": 111.237
    }
]