[
  {
    "Bao": {
      "Bao prediction": 649.319,
      "Bao recommended hint": "SET enable_nestloop TO off; SET enable_mergejoin TO off; SET enable_indexscan TO off; "
    }
  },
  {
    "Plan": {
      "Node Type": "Aggregate",
      "Strategy": "Plain",
      "Partial Mode": "Finalize",
      "Parallel Aware": false,
      "Startup Cost": 136724.75,
      "Total Cost": 136724.76,
      "Plan Rows": 1,
      "Plan Width": 96,
      "Actual Startup Time": 1194.688,
      "Actual Total Time": 1213.647,
      "Actual Rows": 1,
      "Actual Loops": 1,
      "Plans": [
        {
          "Node Type": "Gather",
          "Parent Relationship": "Outer",
          "Parallel Aware": false,
          "Startup Cost": 136724.31,
          "Total Cost": 136724.72,
          "Plan Rows": 4,
          "Plan Width": 96,
          "Actual Startup Time": 1194.034,
          "Actual Total Time": 1213.626,
          "Actual Rows": 5,
          "Actual Loops": 1,
          "Workers Planned": 4,
          "Workers Launched": 4,
          "Single Copy": false,
          "Plans": [
            {
              "Node Type": "Aggregate",
              "Strategy": "Plain",
              "Partial Mode": "Partial",
              "Parent Relationship": "Outer",
              "Parallel Aware": false,
              "Startup Cost": 135724.31,
              "Total Cost": 135724.32,
              "Plan Rows": 1,
              "Plan Width": 96,
              "Actual Startup Time": 1183.04,
              "Actual Total Time": 1183.058,
              "Actual Rows": 1,
              "Actual Loops": 5,
              "Plans": [
                {
                  "Node Type": "Hash Join",
                  "Parent Relationship": "Outer",
                  "Parallel Aware": true,
                  "Join Type": "Inner",
                  "Startup Cost": 91036.94,
                  "Total Cost": 135724.3,
                  "Plan Rows": 2,
                  "Plan Width": 46,
                  "Actual Startup Time": 1036.082,
                  "Actual Total Time": 1182.695,
                  "Actual Rows": 878,
                  "Actual Loops": 5,
                  "Inner Unique": false,
                  "Hash Cond": "(t2.id = ml.linked_movie_id)",
                  "Plans": [
                    {
                      "Node Type": "Seq Scan",
                      "Parent Relationship": "Outer",
                      "Parallel Aware": true,
                      "Relation Name": "title",
                      "Alias": "t2",
                      "Startup Cost": 0.0,
                      "Total Cost": 42317.53,
                      "Plan Rows": 631953,
                      "Plan Width": 21,
                      "Actual Startup Time": 0.017,
                      "Actual Total Time": 78.526,
                      "Actual Rows": 505662,
                      "Actual Loops": 5
                    },
                    {
                      "Node Type": "Hash",
                      "Parent Relationship": "Inner",
                      "Parallel Aware": true,
                      "Startup Cost": 91036.91,
                      "Total Cost": 91036.91,
                      "Plan Rows": 2,
                      "Plan Width": 33,
                      "Actual Startup Time": 1033.765,
                      "Actual Total Time": 1033.781,
                      "Actual Rows": 878,
                      "Actual Loops": 5,
                      "Hash Buckets": 4096,
                      "Original Hash Buckets": 1024,
                      "Hash Batches": 1,
                      "Original Hash Batches": 1,
                      "Peak Memory Usage": 472,
                      "Plans": [
                        {
                          "Node Type": "Hash Join",
                          "Parent Relationship": "Outer",
                          "Parallel Aware": false,
                          "Join Type": "Inner",
                          "Startup Cost": 46343.8,
                          "Total Cost": 91036.91,
                          "Plan Rows": 2,
                          "Plan Width": 33,
                          "Actual Startup Time": 273.438,
                          "Actual Total Time": 434.288,
                          "Actual Rows": 878,
                          "Actual Loops": 5,
                          "Inner Unique": true,
                          "Hash Cond": "(ml.link_type_id = lt.id)",
                          "Plans": [
                            {
                              "Node Type": "Hash Join",
                              "Parent Relationship": "Outer",
                              "Parallel Aware": false,
                              "Join Type": "Inner",
                              "Startup Cost": 46342.4,
                              "Total Cost": 91035.5,
                              "Plan Rows": 2,
                              "Plan Width": 25,
                              "Actual Startup Time": 273.32,
                              "Actual Total Time": 433.952,
                              "Actual Rows": 878,
                              "Actual Loops": 5,
                              "Inner Unique": false,
                              "Hash Cond": "(t1.id = ml.movie_id)",
                              "Plans": [
                                {
                                  "Node Type": "Hash Join",
                                  "Parent Relationship": "Outer",
                                  "Parallel Aware": true,
                                  "Join Type": "Inner",
                                  "Startup Cost": 45504.47,
                                  "Total Cost": 90191.85,
                                  "Plan Rows": 8,
                                  "Plan Width": 25,
                                  "Actual Startup Time": 255.039,
                                  "Actual Total Time": 412.669,
                                  "Actual Rows": 8368,
                                  "Actual Loops": 5,
                                  "Inner Unique": false,
                                  "Hash Cond": "(t1.id = mk.movie_id)",
                                  "Plans": [
                                    {
                                      "Node Type": "Seq Scan",
                                      "Parent Relationship": "Outer",
                                      "Parallel Aware": true,
                                      "Relation Name": "title",
                                      "Alias": "t1",
                                      "Startup Cost": 0.0,
                                      "Total Cost": 42317.53,
                                      "Plan Rows": 631953,
                                      "Plan Width": 21,
                                      "Actual Startup Time": 0.012,
                                      "Actual Total Time": 69.501,
                                      "Actual Rows": 505662,
                                      "Actual Loops": 5
                                    },
                                    {
                                      "Node Type": "Hash",
                                      "Parent Relationship": "Inner",
                                      "Parallel Aware": true,
                                      "Startup Cost": 45504.33,
                                      "Total Cost": 45504.33,
                                      "Plan Rows": 11,
                                      "Plan Width": 4,
                                      "Actual Startup Time": 254.866,
                                      "Actual Total Time": 254.87,
                                      "Actual Rows": 8368,
                                      "Actual Loops": 5,
                                      "Hash Buckets": 65536,
                                      "Original Hash Buckets": 1024,
                                      "Hash Batches": 1,
                                      "Original Hash Batches": 1,
                                      "Peak Memory Usage": 2744,
                                      "Plans": [
                                        {
                                          "Node Type": "Hash Join",
                                          "Parent Relationship": "Outer",
                                          "Parallel Aware": false,
                                          "Join Type": "Inner",
                                          "Startup Cost": 2626.14,
                                          "Total Cost": 45504.33,
                                          "Plan Rows": 11,
                                          "Plan Width": 4,
                                          "Actual Startup Time": 17.224,
                                          "Actual Total Time": 198.937,
                                          "Actual Rows": 8368,
                                          "Actual Loops": 5,
                                          "Inner Unique": true,
                                          "Hash Cond": "(mk.keyword_id = k.id)",
                                          "Plans": [
                                            {
                                              "Node Type": "Seq Scan",
                                              "Parent Relationship": "Outer",
                                              "Parallel Aware": true,
                                              "Relation Name": "movie_keyword",
                                              "Alias": "mk",
                                              "Startup Cost": 0.0,
                                              "Total Cost": 39047.32,
                                              "Plan Rows": 1459332,
                                              "Plan Width": 8,
                                              "Actual Startup Time": 0.026,
                                              "Actual Total Time": 100.067,
                                              "Actual Rows": 904786,
                                              "Actual Loops": 5
                                            },
                                            {
                                              "Node Type": "Hash",
                                              "Parent Relationship": "Inner",
                                              "Parallel Aware": false,
                                              "Startup Cost": 2626.12,
                                              "Total Cost": 2626.12,
                                              "Plan Rows": 1,
                                              "Plan Width": 4,
                                              "Actual Startup Time": 17.135,
                                              "Actual Total Time": 17.136,
                                              "Actual Rows": 1,
                                              "Actual Loops": 5,
                                              "Hash Buckets": 1024,
                                              "Original Hash Buckets": 1024,
                                              "Hash Batches": 1,
                                              "Original Hash Batches": 1,
                                              "Peak Memory Usage": 9,
                                              "Plans": [
                                                {
                                                  "Node Type": "Seq Scan",
                                                  "Parent Relationship": "Outer",
                                                  "Parallel Aware": false,
                                                  "Relation Name": "keyword",
                                                  "Alias": "k",
                                                  "Startup Cost": 0.0,
                                                  "Total Cost": 2626.12,
                                                  "Plan Rows": 1,
                                                  "Plan Width": 4,
                                                  "Actual Startup Time": 1.004,
                                                  "Actual Total Time": 17.129,
                                                  "Actual Rows": 1,
                                                  "Actual Loops": 5,
                                                  "Filter": "(keyword = 'character-name-in-title'::text)",
                                                  "Rows Removed by Filter": 134169
                                                }
                                              ]
                                            }
                                          ]
                                        }
                                      ]
                                    }
                                  ]
                                },
                                {
                                  "Node Type": "Hash",
                                  "Parent Relationship": "Inner",
                                  "Parallel Aware": false,
                                  "Startup Cost": 462.97,
                                  "Total Cost": 462.97,
                                  "Plan Rows": 29997,
                                  "Plan Width": 12,
                                  "Actual Startup Time": 17.823,
                                  "Actual Total Time": 17.824,
                                  "Actual Rows": 29997,
                                  "Actual Loops": 5,
                                  "Hash Buckets": 32768,
                                  "Original Hash Buckets": 32768,
                                  "Hash Batches": 1,
                                  "Original Hash Batches": 1,
                                  "Peak Memory Usage": 1545,
                                  "Plans": [
                                    {
                                      "Node Type": "Seq Scan",
                                      "Parent Relationship": "Outer",
                                      "Parallel Aware": false,
                                      "Relation Name": "movie_link",
                                      "Alias": "ml",
                                      "Startup Cost": 0.0,
                                      "Total Cost": 462.97,
                                      "Plan Rows": 29997,
                                      "Plan Width": 12,
                                      "Actual Startup Time": 0.067,
                                      "Actual Total Time": 8.37,
                                      "Actual Rows": 29997,
                                      "Actual Loops": 5
                                    }
                                  ]
                                }
                              ]
                            },
                            {
                              "Node Type": "Hash",
                              "Parent Relationship": "Inner",
                              "Parallel Aware": false,
                              "Startup Cost": 1.18,
                              "Total Cost": 1.18,
                              "Plan Rows": 18,
                              "Plan Width": 16,
                              "Actual Startup Time": 0.078,
                              "Actual Total Time": 0.078,
                              "Actual Rows": 18,
                              "Actual Loops": 5,
                              "Hash Buckets": 1024,
                              "Original Hash Buckets": 1024,
                              "Hash Batches": 1,
                              "Original Hash Batches": 1,
                              "Peak Memory Usage": 9,
                              "Plans": [
                                {
                                  "Node Type": "Seq Scan",
                                  "Parent Relationship": "Outer",
                                  "Parallel Aware": false,
                                  "Relation Name": "link_type",
                                  "Alias": "lt",
                                  "Startup Cost": 0.0,
                                  "Total Cost": 1.18,
                                  "Plan Rows": 18,
                                  "Plan Width": 16,
                                  "Actual Startup Time": 0.046,
                                  "Actual Total Time": 0.053,
                                  "Actual Rows": 18,
                                  "Actual Loops": 5
                                }
                              ]
                            }
                          ]
                        }
                      ]
                    }
                  ]
                }
              ]
            }
          ]
        }
      ]
    },
    "Planning Time": 299.118,
    "Triggers": [],
    "Execution Time": 1214.159
  }
]