[
  {
    "Plan": {
      "Node Type": "Aggregate",
      "Strategy": "Plain",
      "Partial Mode": "Finalize",
      "Parallel Aware": false,
      "Startup Cost": 73628.67,
      "Total Cost": 73628.68,
      "Plan Rows": 1,
      "Plan Width": 8,
      "Actual Startup Time": 186.816,
      "Actual Total Time": 198.375,
      "Actual Rows": 1,
      "Actual Loops": 1,
      "Plans": [
        {
          "Node Type": "Gather",
          "Parent Relationship": "Outer",
          "Parallel Aware": false,
          "Startup Cost": 73628.35,
          "Total Cost": 73628.66,
          "Plan Rows": 3,
          "Plan Width": 8,
          "Actual Startup Time": 185.24,
          "Actual Total Time": 198.367,
          "Actual Rows": 4,
          "Actual Loops": 1,
          "Workers Planned": 3,
          "Workers Launched": 3,
          "Single Copy": false,
          "Plans": [
            {
              "Node Type": "Aggregate",
              "Strategy": "Plain",
              "Partial Mode": "Partial",
              "Parent Relationship": "Outer",
              "Parallel Aware": false,
              "Startup Cost": 72628.35,
              "Total Cost": 72628.36,
              "Plan Rows": 1,
              "Plan Width": 8,
              "Actual Startup Time": 176.296,
              "Actual Total Time": 176.353,
              "Actual Rows": 1,
              "Actual Loops": 4,
              "Plans": [
                {
                  "Node Type": "Hash Join",
                  "Parent Relationship": "Outer",
                  "Parallel Aware": true,
                  "Join Type": "Inner",
                  "Startup Cost": 47816.18,
                  "Total Cost": 72622.42,
                  "Plan Rows": 2373,
                  "Plan Width": 0,
                  "Actual Startup Time": 145.955,
                  "Actual Total Time": 175.769,
                  "Actual Rows": 6506,
                  "Actual Loops": 4,
                  "Inner Unique": true,
                  "Hash Cond": "(mk.movie_id = t.id)",
                  "Plans": [
                    {
                      "Node Type": "Bitmap Heap Scan",
                      "Parent Relationship": "Outer",
                      "Parallel Aware": true,
                      "Relation Name": "movie_keyword",
                      "Alias": "mk",
                      "Startup Cost": 1531.95,
                      "Total Cost": 26277.06,
                      "Plan Rows": 23289,
                      "Plan Width": 4,
                      "Actual Startup Time": 11.795,
                      "Actual Total Time": 35.418,
                      "Actual Rows": 18042,
                      "Actual Loops": 4,
                      "Recheck Cond": "(keyword_id > 90396)",
                      "Rows Removed by Index Recheck": 0,
                      "Exact Heap Blocks": 6105,
                      "Lossy Heap Blocks": 0,
                      "Plans": [
                        {
                          "Node Type": "Bitmap Index Scan",
                          "Parent Relationship": "Outer",
                          "Parallel Aware": false,
                          "Index Name": "keyword_id_movie_keyword",
                          "Startup Cost": 0.0,
                          "Total Cost": 1513.9,
                          "Plan Rows": 72196,
                          "Plan Width": 0,
                          "Actual Startup Time": 8.025,
                          "Actual Total Time": 8.026,
                          "Actual Rows": 72167,
                          "Actual Loops": 1,
                          "Index Cond": "(keyword_id > 90396)"
                        }
                      ]
                    },
                    {
                      "Node Type": "Hash",
                      "Parent Relationship": "Inner",
                      "Parallel Aware": true,
                      "Startup Cost": 45479.1,
                      "Total Cost": 45479.1,
                      "Plan Rows": 64410,
                      "Plan Width": 4,
                      "Actual Startup Time": 131.929,
                      "Actual Total Time": 131.93,
                      "Actual Rows": 93486,
                      "Actual Loops": 4,
                      "Hash Buckets": 524288,
                      "Original Hash Buckets": 262144,
                      "Hash Batches": 1,
                      "Original Hash Batches": 1,
                      "Peak Memory Usage": 20864,
                      "Plans": [
                        {
                          "Node Type": "Seq Scan",
                          "Parent Relationship": "Outer",
                          "Parallel Aware": true,
                          "Relation Name": "title",
                          "Alias": "t",
                          "Startup Cost": 0.0,
                          "Total Cost": 45479.1,
                          "Plan Rows": 64410,
                          "Plan Width": 4,
                          "Actual Startup Time": 0.079,
                          "Actual Total Time": 99.005,
                          "Actual Rows": 93486,
                          "Actual Loops": 4,
                          "Filter": "((kind_id < 7) AND (production_year < 1989))",
                          "Rows Removed by Filter": 538592
                        }
                      ]
                    }
                  ]
                }
              ]
            }
          ]
        }
      ]
    },
    "Planning Time": 0.641,
    "Triggers": [],
    "Execution Time": 198.461
  }
]