[
  {
    "Plan": {
      "Node Type": "Aggregate",
      "Strategy": "Plain",
      "Partial Mode": "Finalize",
      "Parallel Aware": false,
      "Startup Cost": 40333.27,
      "Total Cost": 40333.28,
      "Plan Rows": 1,
      "Plan Width": 8,
      "Actual Startup Time": 166.402,
      "Actual Total Time": 193.984,
      "Actual Rows": 1,
      "Actual Loops": 1,
      "Plans": [
        {
          "Node Type": "Gather",
          "Parent Relationship": "Outer",
          "Parallel Aware": false,
          "Startup Cost": 40333.06,
          "Total Cost": 40333.27,
          "Plan Rows": 2,
          "Plan Width": 8,
          "Actual Startup Time": 166.171,
          "Actual Total Time": 193.974,
          "Actual Rows": 3,
          "Actual Loops": 1,
          "Workers Planned": 2,
          "Workers Launched": 2,
          "Single Copy": false,
          "Plans": [
            {
              "Node Type": "Aggregate",
              "Strategy": "Plain",
              "Partial Mode": "Partial",
              "Parent Relationship": "Outer",
              "Parallel Aware": false,
              "Startup Cost": 39333.06,
              "Total Cost": 39333.07,
              "Plan Rows": 1,
              "Plan Width": 8,
              "Actual Startup Time": 157.708,
              "Actual Total Time": 157.711,
              "Actual Rows": 1,
              "Actual Loops": 3,
              "Plans": [
                {
                  "Node Type": "Nested Loop",
                  "Parent Relationship": "Outer",
                  "Parallel Aware": false,
                  "Join Type": "Inner",
                  "Startup Cost": 144.72,
                  "Total Cost": 39316.22,
                  "Plan Rows": 6736,
                  "Plan Width": 0,
                  "Actual Startup Time": 3.039,
                  "Actual Total Time": 152.161,
                  "Actual Rows": 77808,
                  "Actual Loops": 3,
                  "Inner Unique": false,
                  "Plans": [
                    {
                      "Node Type": "Nested Loop",
                      "Parent Relationship": "Outer",
                      "Parallel Aware": false,
                      "Join Type": "Inner",
                      "Startup Cost": 144.28,
                      "Total Cost": 34430.42,
                      "Plan Rows": 2765,
                      "Plan Width": 8,
                      "Actual Startup Time": 2.834,
                      "Actual Total Time": 34.768,
                      "Actual Rows": 2498,
                      "Actual Loops": 3,
                      "Inner Unique": true,
                      "Plans": [
                        {
                          "Node Type": "Bitmap Heap Scan",
                          "Parent Relationship": "Outer",
                          "Parallel Aware": true,
                          "Relation Name": "movie_keyword",
                          "Alias": "mk",
                          "Startup Cost": 143.85,
                          "Total Cost": 14982.0,
                          "Plan Rows": 2765,
                          "Plan Width": 4,
                          "Actual Startup Time": 2.652,
                          "Actual Total Time": 10.893,
                          "Actual Rows": 2498,
                          "Actual Loops": 3,
                          "Recheck Cond": "(keyword_id = 889)",
                          "Rows Removed by Index Recheck": 0,
                          "Exact Heap Blocks": 2393,
                          "Lossy Heap Blocks": 0,
                          "Plans": [
                            {
                              "Node Type": "Bitmap Index Scan",
                              "Parent Relationship": "Outer",
                              "Parallel Aware": false,
                              "Index Name": "keyword_id_movie_keyword",
                              "Startup Cost": 0.0,
                              "Total Cost": 142.19,
                              "Plan Rows": 6635,
                              "Plan Width": 0,
                              "Actual Startup Time": 5.423,
                              "Actual Total Time": 5.424,
                              "Actual Rows": 7495,
                              "Actual Loops": 1,
                              "Index Cond": "(keyword_id = 889)"
                            }
                          ]
                        },
                        {
                          "Node Type": "Index Only Scan",
                          "Parent Relationship": "Inner",
                          "Parallel Aware": false,
                          "Scan Direction": "Forward",
                          "Index Name": "title_pkey",
                          "Relation Name": "title",
                          "Alias": "t",
                          "Startup Cost": 0.43,
                          "Total Cost": 7.03,
                          "Plan Rows": 1,
                          "Plan Width": 4,
                          "Actual Startup Time": 0.009,
                          "Actual Total Time": 0.009,
                          "Actual Rows": 1,
                          "Actual Loops": 7495,
                          "Index Cond": "(id = mk.movie_id)",
                          "Rows Removed by Index Recheck": 0,
                          "Heap Fetches": 7495
                        }
                      ]
                    },
                    {
                      "Node Type": "Index Scan",
                      "Parent Relationship": "Inner",
                      "Parallel Aware": false,
                      "Scan Direction": "Forward",
                      "Index Name": "movie_id_movie_info",
                      "Relation Name": "movie_info",
                      "Alias": "mi",
                      "Startup Cost": 0.43,
                      "Total Cost": 1.6,
                      "Plan Rows": 17,
                      "Plan Width": 4,
                      "Actual Startup Time": 0.013,
                      "Actual Total Time": 0.043,
                      "Actual Rows": 31,
                      "Actual Loops": 7495,
                      "Index Cond": "(movie_id = t.id)",
                      "Rows Removed by Index Recheck": 0,
                      "Filter": "(info_type_id > 8)",
                      "Rows Removed by Filter": 11
                    }
                  ]
                }
              ]
            }
          ]
        }
      ]
    },
    "Planning Time": 1.459,
    "Triggers": [],
    "Execution Time": 194.098
  }
]