{
  "Plan": {
    "Node Type": "Aggregate",
    "Strategy": "Plain",
    "Partial Mode": "Finalize",
    "Parallel Aware": false,
    "Startup Cost": 474258.33,
    "Total Cost": 474258.34,
    "Plan Rows": 1,
    "Plan Width": 8,
    "Actual Startup Time": 2347.376,
    "Actual Total Time": 2386.415,
    "Actual Rows": 1,
    "Actual Loops": 1,
    "Plans": [
      {
        "Node Type": "Gather",
        "Parent Relationship": "Outer",
        "Parallel Aware": false,
        "Startup Cost": 474258.22,
        "Total Cost": 474258.33,
        "Plan Rows": 1,
        "Plan Width": 8,
        "Actual Startup Time": 2346.4,
        "Actual Total Time": 2386.408,
        "Actual Rows": 2,
        "Actual Loops": 1,
        "Workers Planned": 1,
        "Workers Launched": 1,
        "Single Copy": false,
        "Plans": [
          {
            "Node Type": "Aggregate",
            "Strategy": "Plain",
            "Partial Mode": "Partial",
            "Parent Relationship": "Outer",
            "Parallel Aware": false,
            "Startup Cost": 473258.22,
            "Total Cost": 473258.23,
            "Plan Rows": 1,
            "Plan Width": 8,
            "Actual Startup Time": 2340.144,
            "Actual Total Time": 2340.148,
            "Actual Rows": 1,
            "Actual Loops": 2,
            "Plans": [
              {
                "Node Type": "Hash Join",
                "Parent Relationship": "Outer",
                "Parallel Aware": true,
                "Join Type": "Inner",
                "Startup Cost": 61783.57,
                "Total Cost": 471671.24,
                "Plan Rows": 634793,
                "Plan Width": 0,
                "Actual Startup Time": 205.072,
                "Actual Total Time": 2299.11,
                "Actual Rows": 960544,
                "Actual Loops": 2,
                "Inner Unique": true,
                "Hash Cond": "(ci.movie_id = t.id)",
                "Plans": [
                  {
                    "Node Type": "Index Scan",
                    "Parent Relationship": "Outer",
                    "Parallel Aware": true,
                    "Scan Direction": "Forward",
                    "Index Name": "role_id_cast_info",
                    "Relation Name": "cast_info",
                    "Alias": "ci",
                    "Startup Cost": 0.56,
                    "Total Cost": 400977.7,
                    "Plan Rows": 3394484,
                    "Plan Width": 4,
                    "Actual Startup Time": 0.165,
                    "Actual Total Time": 1013.797,
                    "Actual Rows": 6047680,
                    "Actual Loops": 2,
                    "Index Cond": "(role_id = 1)",
                    "Rows Removed by Index Recheck": 0,
                    "Filter": "(person_id < 1659495)",
                    "Rows Removed by Filter": 287664
                  },
                  {
                    "Node Type": "Hash",
                    "Parent Relationship": "Inner",
                    "Parallel Aware": true,
                    "Startup Cost": 58306.47,
                    "Total Cost": 58306.47,
                    "Plan Rows": 278123,
                    "Plan Width": 4,
                    "Actual Startup Time": 199.331,
                    "Actual Total Time": 199.332,
                    "Actual Rows": 198180,
                    "Actual Loops": 2,
                    "Hash Buckets": 524288,
                    "Original Hash Buckets": 524288,
                    "Hash Batches": 1,
                    "Original Hash Batches": 1,
                    "Peak Memory Usage": 19648,
                    "Plans": [
                      {
                        "Node Type": "Seq Scan",
                        "Parent Relationship": "Outer",
                        "Parallel Aware": true,
                        "Relation Name": "title",
                        "Alias": "t",
                        "Startup Cost": 0.0,
                        "Total Cost": 58306.47,
                        "Plan Rows": 278123,
                        "Plan Width": 4,
                        "Actual Startup Time": 0.037,
                        "Actual Total Time": 154.11,
                        "Actual Rows": 198180,
                        "Actual Loops": 2,
                        "Filter": "((kind_id < 7) AND (production_year > 2003))",
                        "Rows Removed by Filter": 1065976
                      }
                    ]
                  }
                ]
              }
            ]
          }
        ]
      }
    ]
  },
  "Planning Time": 0.75,
  "Triggers": [],
  "Execution Time": 2386.523
}