[
  {
    "Plan": {
      "Node Type": "Aggregate",
      "Strategy": "Plain",
      "Partial Mode": "Finalize",
      "Parallel Aware": false,
      "Startup Cost": 249558.2,
      "Total Cost": 249558.21,
      "Plan Rows": 1,
      "Plan Width": 8,
      "Actual Startup Time": 1273.283,
      "Actual Total Time": 1323.792,
      "Actual Rows": 1,
      "Actual Loops": 1,
      "Plans": [
        {
          "Node Type": "Gather",
          "Parent Relationship": "Outer",
          "Parallel Aware": false,
          "Startup Cost": 249557.67,
          "Total Cost": 249558.18,
          "Plan Rows": 5,
          "Plan Width": 8,
          "Actual Startup Time": 1270.235,
          "Actual Total Time": 1323.781,
          "Actual Rows": 6,
          "Actual Loops": 1,
          "Workers Planned": 5,
          "Workers Launched": 5,
          "Single Copy": false,
          "Plans": [
            {
              "Node Type": "Aggregate",
              "Strategy": "Plain",
              "Partial Mode": "Partial",
              "Parent Relationship": "Outer",
              "Parallel Aware": false,
              "Startup Cost": 248557.67,
              "Total Cost": 248557.68,
              "Plan Rows": 1,
              "Plan Width": 8,
              "Actual Startup Time": 1259.783,
              "Actual Total Time": 1259.787,
              "Actual Rows": 1,
              "Actual Loops": 6,
              "Plans": [
                {
                  "Node Type": "Hash Join",
                  "Parent Relationship": "Outer",
                  "Parallel Aware": true,
                  "Join Type": "Inner",
                  "Startup Cost": 47420.04,
                  "Total Cost": 246741.8,
                  "Plan Rows": 726349,
                  "Plan Width": 0,
                  "Actual Startup Time": 167.495,
                  "Actual Total Time": 1185.607,
                  "Actual Rows": 1211589,
                  "Actual Loops": 6,
                  "Inner Unique": true,
                  "Hash Cond": "(mi.movie_id = t.id)",
                  "Plans": [
                    {
                      "Node Type": "Seq Scan",
                      "Parent Relationship": "Outer",
                      "Parallel Aware": true,
                      "Relation Name": "movie_info",
                      "Alias": "mi",
                      "Startup Cost": 0.0,
                      "Total Cost": 191560.33,
                      "Plan Rows": 2956733,
                      "Plan Width": 4,
                      "Actual Startup Time": 0.04,
                      "Actual Total Time": 382.048,
                      "Actual Rows": 2472620,
                      "Actual Loops": 6
                    },
                    {
                      "Node Type": "Hash",
                      "Parent Relationship": "Inner",
                      "Parallel Aware": true,
                      "Startup Cost": 45479.1,
                      "Total Cost": 45479.1,
                      "Plan Rows": 155275,
                      "Plan Width": 4,
                      "Actual Startup Time": 147.736,
                      "Actual Total Time": 147.737,
                      "Actual Rows": 93902,
                      "Actual Loops": 6,
                      "Hash Buckets": 1048576,
                      "Original Hash Buckets": 1048576,
                      "Hash Batches": 1,
                      "Original Hash Batches": 1,
                      "Peak Memory Usage": 30336,
                      "Plans": [
                        {
                          "Node Type": "Seq Scan",
                          "Parent Relationship": "Outer",
                          "Parallel Aware": true,
                          "Relation Name": "title",
                          "Alias": "t",
                          "Startup Cost": 0.0,
                          "Total Cost": 45479.1,
                          "Plan Rows": 155275,
                          "Plan Width": 4,
                          "Actual Startup Time": 49.95,
                          "Actual Total Time": 100.769,
                          "Actual Rows": 93902,
                          "Actual Loops": 6,
                          "Filter": "((production_year > 1921) AND (kind_id = 1))",
                          "Rows Removed by Filter": 327483
                        }
                      ]
                    }
                  ]
                }
              ]
            }
          ]
        }
      ]
    },
    "Planning Time": 0.697,
    "Triggers": [],
    "Execution Time": 1323.872
  }
]