[
  {
    "Plan": {
      "Node Type": "Aggregate",
      "Strategy": "Plain",
      "Partial Mode": "Simple",
      "Parallel Aware": false,
      "Startup Cost": 3083.34,
      "Total Cost": 3083.35,
      "Plan Rows": 1,
      "Plan Width": 8,
      "Actual Startup Time": 30.685,
      "Actual Total Time": 30.687,
      "Actual Rows": 1,
      "Actual Loops": 1,
      "Plans": [
        {
          "Node Type": "Nested Loop",
          "Parent Relationship": "Outer",
          "Parallel Aware": false,
          "Join Type": "Inner",
          "Startup Cost": 7.22,
          "Total Cost": 3083.33,
          "Plan Rows": 6,
          "Plan Width": 0,
          "Actual Startup Time": 1.18,
          "Actual Total Time": 30.653,
          "Actual Rows": 61,
          "Actual Loops": 1,
          "Inner Unique": false,
          "Plans": [
            {
              "Node Type": "Nested Loop",
              "Parent Relationship": "Outer",
              "Parallel Aware": false,
              "Join Type": "Inner",
              "Startup Cost": 6.79,
              "Total Cost": 3018.6,
              "Plan Rows": 97,
              "Plan Width": 8,
              "Actual Startup Time": 1.067,
              "Actual Total Time": 16.469,
              "Actual Rows": 1136,
              "Actual Loops": 1,
              "Inner Unique": true,
              "Plans": [
                {
                  "Node Type": "Bitmap Heap Scan",
                  "Parent Relationship": "Outer",
                  "Parallel Aware": false,
                  "Relation Name": "movie_keyword",
                  "Alias": "mk",
                  "Startup Cost": 6.36,
                  "Total Cost": 926.55,
                  "Plan Rows": 249,
                  "Plan Width": 4,
                  "Actual Startup Time": 1.038,
                  "Actual Total Time": 4.219,
                  "Actual Rows": 1257,
                  "Actual Loops": 1,
                  "Recheck Cond": "(keyword_id = 3323)",
                  "Rows Removed by Index Recheck": 0,
                  "Exact Heap Blocks": 1170,
                  "Lossy Heap Blocks": 0,
                  "Plans": [
                    {
                      "Node Type": "Bitmap Index Scan",
                      "Parent Relationship": "Outer",
                      "Parallel Aware": false,
                      "Index Name": "keyword_id_movie_keyword",
                      "Startup Cost": 0.0,
                      "Total Cost": 6.3,
                      "Plan Rows": 249,
                      "Plan Width": 0,
                      "Actual Startup Time": 0.586,
                      "Actual Total Time": 0.587,
                      "Actual Rows": 1257,
                      "Actual Loops": 1,
                      "Index Cond": "(keyword_id = 3323)"
                    }
                  ]
                },
                {
                  "Node Type": "Index Scan",
                  "Parent Relationship": "Inner",
                  "Parallel Aware": false,
                  "Scan Direction": "Forward",
                  "Index Name": "title_pkey",
                  "Relation Name": "title",
                  "Alias": "t",
                  "Startup Cost": 0.43,
                  "Total Cost": 8.4,
                  "Plan Rows": 1,
                  "Plan Width": 4,
                  "Actual Startup Time": 0.009,
                  "Actual Total Time": 0.009,
                  "Actual Rows": 1,
                  "Actual Loops": 1257,
                  "Index Cond": "(id = mk.movie_id)",
                  "Rows Removed by Index Recheck": 0,
                  "Filter": "(kind_id < 7)",
                  "Rows Removed by Filter": 0
                }
              ]
            },
            {
              "Node Type": "Index Scan",
              "Parent Relationship": "Inner",
              "Parallel Aware": false,
              "Scan Direction": "Forward",
              "Index Name": "movie_id_movie_companies",
              "Relation Name": "movie_companies",
              "Alias": "mc",
              "Startup Cost": 0.43,
              "Total Cost": 0.66,
              "Plan Rows": 1,
              "Plan Width": 4,
              "Actual Startup Time": 0.012,
              "Actual Total Time": 0.012,
              "Actual Rows": 0,
              "Actual Loops": 1136,
              "Index Cond": "(movie_id = t.id)",
              "Rows Removed by Index Recheck": 0,
              "Filter": "((company_id < 150) AND (company_type_id > 1))",
              "Rows Removed by Filter": 11
            }
          ]
        }
      ]
    },
    "Planning Time": 1.491,
    "Triggers": [],
    "Execution Time": 30.775
  }
]