{
  "Plan": {
    "Node Type": "Aggregate",
    "Strategy": "Plain",
    "Partial Mode": "Finalize",
    "Parallel Aware": false,
    "Startup Cost": 72600.94,
    "Total Cost": 72600.95,
    "Plan Rows": 1,
    "Plan Width": 8,
    "Actual Startup Time": 369.748,
    "Actual Total Time": 381.968,
    "Actual Rows": 1,
    "Actual Loops": 1,
    "Plans": [
      {
        "Node Type": "Gather",
        "Parent Relationship": "Outer",
        "Parallel Aware": false,
        "Startup Cost": 72600.83,
        "Total Cost": 72600.94,
        "Plan Rows": 1,
        "Plan Width": 8,
        "Actual Startup Time": 369.496,
        "Actual Total Time": 381.96,
        "Actual Rows": 2,
        "Actual Loops": 1,
        "Workers Planned": 1,
        "Workers Launched": 1,
        "Single Copy": false,
        "Plans": [
          {
            "Node Type": "Aggregate",
            "Strategy": "Plain",
            "Partial Mode": "Partial",
            "Parent Relationship": "Outer",
            "Parallel Aware": false,
            "Startup Cost": 71600.83,
            "Total Cost": 71600.84,
            "Plan Rows": 1,
            "Plan Width": 8,
            "Actual Startup Time": 363.335,
            "Actual Total Time": 363.339,
            "Actual Rows": 1,
            "Actual Loops": 2,
            "Plans": [
              {
                "Node Type": "Hash Join",
                "Parent Relationship": "Outer",
                "Parallel Aware": true,
                "Join Type": "Inner",
                "Startup Cost": 10547.58,
                "Total Cost": 71598.25,
                "Plan Rows": 1031,
                "Plan Width": 0,
                "Actual Startup Time": 47.693,
                "Actual Total Time": 362.935,
                "Actual Rows": 7408,
                "Actual Loops": 2,
                "Inner Unique": false,
                "Hash Cond": "(mk.movie_id = t.id)",
                "Plans": [
                  {
                    "Node Type": "Seq Scan",
                    "Parent Relationship": "Outer",
                    "Parallel Aware": true,
                    "Relation Name": "movie_keyword",
                    "Alias": "mk",
                    "Startup Cost": 0.0,
                    "Total Cost": 51065.35,
                    "Plan Rows": 2661135,
                    "Plan Width": 4,
                    "Actual Startup Time": 0.015,
                    "Actual Total Time": 159.383,
                    "Actual Rows": 2261965,
                    "Actual Loops": 2
                  },
                  {
                    "Node Type": "Hash",
                    "Parent Relationship": "Inner",
                    "Parallel Aware": true,
                    "Startup Cost": 10540.38,
                    "Total Cost": 10540.38,
                    "Plan Rows": 576,
                    "Plan Width": 8,
                    "Actual Startup Time": 46.631,
                    "Actual Total Time": 46.633,
                    "Actual Rows": 1984,
                    "Actual Loops": 2,
                    "Hash Buckets": 4096,
                    "Original Hash Buckets": 1024,
                    "Hash Batches": 1,
                    "Original Hash Batches": 1,
                    "Peak Memory Usage": 248,
                    "Plans": [
                      {
                        "Node Type": "Nested Loop",
                        "Parent Relationship": "Outer",
                        "Parallel Aware": false,
                        "Join Type": "Inner",
                        "Startup Cost": 44.02,
                        "Total Cost": 10540.38,
                        "Plan Rows": 576,
                        "Plan Width": 8,
                        "Actual Startup Time": 1.284,
                        "Actual Total Time": 30.114,
                        "Actual Rows": 1984,
                        "Actual Loops": 2,
                        "Inner Unique": true,
                        "Plans": [
                          {
                            "Node Type": "Bitmap Heap Scan",
                            "Parent Relationship": "Outer",
                            "Parallel Aware": true,
                            "Relation Name": "movie_companies",
                            "Alias": "mc",
                            "Startup Cost": 43.59,
                            "Total Cost": 5822.89,
                            "Plan Rows": 576,
                            "Plan Width": 4,
                            "Actual Startup Time": 1.134,
                            "Actual Total Time": 6.913,
                            "Actual Rows": 1984,
                            "Actual Loops": 2,
                            "Recheck Cond": "(company_id < 6)",
                            "Rows Removed by Index Recheck": 0,
                            "Filter": "(company_type_id < 2)",
                            "Rows Removed by Filter": 372,
                            "Exact Heap Blocks": 1430,
                            "Lossy Heap Blocks": 0,
                            "Plans": [
                              {
                                "Node Type": "Bitmap Index Scan",
                                "Parent Relationship": "Outer",
                                "Parallel Aware": false,
                                "Index Name": "company_id_movie_companies",
                                "Startup Cost": 0.0,
                                "Total Cost": 43.35,
                                "Plan Rows": 1989,
                                "Plan Width": 0,
                                "Actual Startup Time": 1.295,
                                "Actual Total Time": 1.296,
                                "Actual Rows": 4712,
                                "Actual Loops": 1,
                                "Index Cond": "(company_id < 6)"
                              }
                            ]
                          },
                          {
                            "Node Type": "Index Only Scan",
                            "Parent Relationship": "Inner",
                            "Parallel Aware": false,
                            "Scan Direction": "Forward",
                            "Index Name": "title_pkey",
                            "Relation Name": "title",
                            "Alias": "t",
                            "Startup Cost": 0.43,
                            "Total Cost": 8.19,
                            "Plan Rows": 1,
                            "Plan Width": 4,
                            "Actual Startup Time": 0.011,
                            "Actual Total Time": 0.011,
                            "Actual Rows": 1,
                            "Actual Loops": 3969,
                            "Index Cond": "(id = mc.movie_id)",
                            "Rows Removed by Index Recheck": 0,
                            "Heap Fetches": 3969
                          }
                        ]
                      }
                    ]
                  }
                ]
              }
            ]
          }
        ]
      }
    ]
  },
  "Planning Time": 1.135,
  "Triggers": [],
  "Execution Time": 382.095
}