{
  "Plan": {
    "Node Type": "Aggregate",
    "Strategy": "Plain",
    "Partial Mode": "Finalize",
    "Parallel Aware": false,
    "Startup Cost": 739874.76,
    "Total Cost": 739874.77,
    "Plan Rows": 1,
    "Plan Width": 8,
    "Actual Startup Time": 4585.844,
    "Actual Total Time": 4667.714,
    "Actual Rows": 1,
    "Actual Loops": 1,
    "Plans": [
      {
        "Node Type": "Gather",
        "Parent Relationship": "Outer",
        "Parallel Aware": false,
        "Startup Cost": 739874.65,
        "Total Cost": 739874.76,
        "Plan Rows": 1,
        "Plan Width": 8,
        "Actual Startup Time": 4585.543,
        "Actual Total Time": 4667.706,
        "Actual Rows": 2,
        "Actual Loops": 1,
        "Workers Planned": 1,
        "Workers Launched": 1,
        "Single Copy": false,
        "Plans": [
          {
            "Node Type": "Aggregate",
            "Strategy": "Plain",
            "Partial Mode": "Partial",
            "Parent Relationship": "Outer",
            "Parallel Aware": false,
            "Startup Cost": 738874.65,
            "Total Cost": 738874.66,
            "Plan Rows": 1,
            "Plan Width": 8,
            "Actual Startup Time": 4579.599,
            "Actual Total Time": 4579.603,
            "Actual Rows": 1,
            "Actual Loops": 2,
            "Plans": [
              {
                "Node Type": "Nested Loop",
                "Parent Relationship": "Outer",
                "Parallel Aware": false,
                "Join Type": "Inner",
                "Startup Cost": 26274.29,
                "Total Cost": 737265.1,
                "Plan Rows": 643821,
                "Plan Width": 0,
                "Actual Startup Time": 22.634,
                "Actual Total Time": 4474.773,
                "Actual Rows": 2546192,
                "Actual Loops": 2,
                "Inner Unique": false,
                "Join Filter": "(t.id = mi.movie_id)",
                "Rows Removed by Join Filter": 0,
                "Plans": [
                  {
                    "Node Type": "Hash Join",
                    "Parent Relationship": "Outer",
                    "Parallel Aware": true,
                    "Join Type": "Inner",
                    "Startup Cost": 26273.85,
                    "Total Cost": 548007.21,
                    "Plan Rows": 110106,
                    "Plan Width": 8,
                    "Actual Startup Time": 22.546,
                    "Actual Total Time": 2996.994,
                    "Actual Rows": 105284,
                    "Actual Loops": 2,
                    "Inner Unique": true,
                    "Hash Cond": "(ci.movie_id = t.id)",
                    "Plans": [
                      {
                        "Node Type": "Seq Scan",
                        "Parent Relationship": "Outer",
                        "Parallel Aware": true,
                        "Relation Name": "cast_info",
                        "Alias": "ci",
                        "Startup Cost": 0.0,
                        "Total Cost": 465792.95,
                        "Plan Rows": 21310595,
                        "Plan Width": 4,
                        "Actual Startup Time": 0.02,
                        "Actual Total Time": 1366.435,
                        "Actual Rows": 18122172,
                        "Actual Loops": 2
                      },
                      {
                        "Node Type": "Hash",
                        "Parent Relationship": "Inner",
                        "Parallel Aware": true,
                        "Startup Cost": 26177.8,
                        "Total Cost": 26177.8,
                        "Plan Rows": 7684,
                        "Plan Width": 4,
                        "Actual Startup Time": 21.751,
                        "Actual Total Time": 21.752,
                        "Actual Rows": 6300,
                        "Actual Loops": 2,
                        "Hash Buckets": 16384,
                        "Original Hash Buckets": 16384,
                        "Hash Batches": 1,
                        "Original Hash Batches": 1,
                        "Peak Memory Usage": 672,
                        "Plans": [
                          {
                            "Node Type": "Bitmap Heap Scan",
                            "Parent Relationship": "Outer",
                            "Parallel Aware": true,
                            "Relation Name": "title",
                            "Alias": "t",
                            "Startup Cost": 237.67,
                            "Total Cost": 26177.8,
                            "Plan Rows": 7684,
                            "Plan Width": 4,
                            "Actual Startup Time": 3.465,
                            "Actual Total Time": 19.65,
                            "Actual Rows": 6300,
                            "Actual Loops": 2,
                            "Recheck Cond": "(kind_id = 6)",
                            "Rows Removed by Index Recheck": 0,
                            "Exact Heap Blocks": 7265,
                            "Lossy Heap Blocks": 0,
                            "Plans": [
                              {
                                "Node Type": "Bitmap Index Scan",
                                "Parent Relationship": "Outer",
                                "Parallel Aware": false,
                                "Index Name": "kind_id_title",
                                "Startup Cost": 0.0,
                                "Total Cost": 234.4,
                                "Plan Rows": 13063,
                                "Plan Width": 0,
                                "Actual Startup Time": 4.189,
                                "Actual Total Time": 4.189,
                                "Actual Rows": 12600,
                                "Actual Loops": 1,
                                "Index Cond": "(kind_id = 6)"
                              }
                            ]
                          }
                        ]
                      }
                    ]
                  },
                  {
                    "Node Type": "Index Only Scan",
                    "Parent Relationship": "Inner",
                    "Parallel Aware": false,
                    "Scan Direction": "Forward",
                    "Index Name": "movie_id_movie_info",
                    "Relation Name": "movie_info",
                    "Alias": "mi",
                    "Startup Cost": 0.43,
                    "Total Cost": 1.19,
                    "Plan Rows": 42,
                    "Plan Width": 4,
                    "Actual Startup Time": 0.004,
                    "Actual Total Time": 0.012,
                    "Actual Rows": 24,
                    "Actual Loops": 210569,
                    "Index Cond": "(movie_id = ci.movie_id)",
                    "Rows Removed by Index Recheck": 0,
                    "Heap Fetches": 5092385
                  }
                ]
              }
            ]
          }
        ]
      }
    ]
  },
  "Planning Time": 0.567,
  "Triggers": [],
  "Execution Time": 4667.808
}