[
  {
    "Plan": {
      "Node Type": "Aggregate",
      "Strategy": "Plain",
      "Partial Mode": "Finalize",
      "Parallel Aware": false,
      "Startup Cost": 33891.99,
      "Total Cost": 33892.0,
      "Plan Rows": 1,
      "Plan Width": 8,
      "Actual Startup Time": 87.277,
      "Actual Total Time": 95.3,
      "Actual Rows": 1,
      "Actual Loops": 1,
      "Plans": [
        {
          "Node Type": "Gather",
          "Parent Relationship": "Outer",
          "Parallel Aware": false,
          "Startup Cost": 33891.68,
          "Total Cost": 33891.99,
          "Plan Rows": 3,
          "Plan Width": 8,
          "Actual Startup Time": 87.01,
          "Actual Total Time": 95.288,
          "Actual Rows": 4,
          "Actual Loops": 1,
          "Workers Planned": 3,
          "Workers Launched": 3,
          "Single Copy": false,
          "Plans": [
            {
              "Node Type": "Aggregate",
              "Strategy": "Plain",
              "Partial Mode": "Partial",
              "Parent Relationship": "Outer",
              "Parallel Aware": false,
              "Startup Cost": 32891.68,
              "Total Cost": 32891.69,
              "Plan Rows": 1,
              "Plan Width": 8,
              "Actual Startup Time": 82.637,
              "Actual Total Time": 82.638,
              "Actual Rows": 1,
              "Actual Loops": 4,
              "Plans": [
                {
                  "Node Type": "Bitmap Heap Scan",
                  "Parent Relationship": "Outer",
                  "Parallel Aware": true,
                  "Relation Name": "movie_keyword",
                  "Alias": "mk",
                  "Startup Cost": 6870.51,
                  "Total Cost": 32630.48,
                  "Plan Rows": 104478,
                  "Plan Width": 0,
                  "Actual Startup Time": 19.418,
                  "Actual Total Time": 77.886,
                  "Actual Rows": 80058,
                  "Actual Loops": 4,
                  "Recheck Cond": "(keyword_id < 256)",
                  "Rows Removed by Index Recheck": 0,
                  "Exact Heap Blocks": 10895,
                  "Lossy Heap Blocks": 0,
                  "Plans": [
                    {
                      "Node Type": "Bitmap Index Scan",
                      "Parent Relationship": "Outer",
                      "Parallel Aware": false,
                      "Index Name": "keyword_id_movie_keyword",
                      "Startup Cost": 0.0,
                      "Total Cost": 6789.54,
                      "Plan Rows": 323881,
                      "Plan Width": 0,
                      "Actual Startup Time": 19.75,
                      "Actual Total Time": 19.751,
                      "Actual Rows": 320234,
                      "Actual Loops": 1,
                      "Index Cond": "(keyword_id < 256)"
                    }
                  ]
                }
              ]
            }
          ]
        }
      ]
    },
    "Planning Time": 0.088,
    "Triggers": [],
    "Execution Time": 95.337
  }
]