[
    {
        "Bao": {
            "Bao prediction": "NaN",
            "Bao recommended hint": "(no hint)"
        }
    },
    {
        "Plan": {
            "Node Type": "Aggregate",
            "Strategy": "Plain",
            "Partial Mode": "Finalize",
            "Parallel Aware": false,
            "Startup Cost": 266834.95,
            "Total Cost": 266834.96,
            "Plan Rows": 1,
            "Plan Width": 8,
            "Actual Startup Time": 907.89,
            "Actual Total Time": 920.866,
            "Actual Rows": 1,
            "Actual Loops": 1,
            "Output": [
                "count(*)"
            ],
            "Plans": [
                {
                    "Node Type": "Gather",
                    "Parent Relationship": "Outer",
                    "Parallel Aware": false,
                    "Startup Cost": 266834.63,
                    "Total Cost": 266834.94,
                    "Plan Rows": 3,
                    "Plan Width": 8,
                    "Actual Startup Time": 901.647,
                    "Actual Total Time": 920.857,
                    "Actual Rows": 4,
                    "Actual Loops": 1,
                    "Output": [
                        "(PARTIAL count(*))"
                    ],
                    "Workers Planned": 3,
                    "Workers Launched": 3,
                    "Single Copy": false,
                    "Plans": [
                        {
                            "Node Type": "Aggregate",
                            "Strategy": "Plain",
                            "Partial Mode": "Partial",
                            "Parent Relationship": "Outer",
                            "Parallel Aware": false,
                            "Startup Cost": 265834.63,
                            "Total Cost": 265834.64,
                            "Plan Rows": 1,
                            "Plan Width": 8,
                            "Actual Startup Time": 892.575,
                            "Actual Total Time": 892.58,
                            "Actual Rows": 1,
                            "Actual Loops": 4,
                            "Output": [
                                "PARTIAL count(*)"
                            ],
                            "Workers": [
                                {
                                    "Worker Number": 0,
                                    "Actual Startup Time": 889.311,
                                    "Actual Total Time": 889.317,
                                    "Actual Rows": 1,
                                    "Actual Loops": 1
                                },
                                {
                                    "Worker Number": 1,
                                    "Actual Startup Time": 889.54,
                                    "Actual Total Time": 889.545,
                                    "Actual Rows": 1,
                                    "Actual Loops": 1
                                },
                                {
                                    "Worker Number": 2,
                                    "Actual Startup Time": 890.196,
                                    "Actual Total Time": 890.201,
                                    "Actual Rows": 1,
                                    "Actual Loops": 1
                                }
                            ],
                            "Plans": [
                                {
                                    "Node Type": "Hash Join",
                                    "Parent Relationship": "Outer",
                                    "Parallel Aware": true,
                                    "Join Type": "Inner",
                                    "Startup Cost": 235093.41,
                                    "Total Cost": 265624.37,
                                    "Plan Rows": 84104,
                                    "Plan Width": 0,
                                    "Actual Startup Time": 429.233,
                                    "Actual Total Time": 767.109,
                                    "Actual Rows": 2756232,
                                    "Actual Loops": 4,
                                    "Inner Unique": false,
                                    "Hash Cond": "(mc.movie_id = t.id)",
                                    "Workers": [
                                        {
                                            "Worker Number": 0,
                                            "Actual Startup Time": 426.067,
                                            "Actual Total Time": 762.908,
                                            "Actual Rows": 1895839,
                                            "Actual Loops": 1
                                        },
                                        {
                                            "Worker Number": 1,
                                            "Actual Startup Time": 426.301,
                                            "Actual Total Time": 768.064,
                                            "Actual Rows": 2960815,
                                            "Actual Loops": 1
                                        },
                                        {
                                            "Worker Number": 2,
                                            "Actual Startup Time": 426.972,
                                            "Actual Total Time": 767.27,
                                            "Actual Rows": 3064659,
                                            "Actual Loops": 1
                                        }
                                    ],
                                    "Plans": [
                                        {
                                            "Node Type": "Seq Scan",
                                            "Parent Relationship": "Outer",
                                            "Parallel Aware": true,
                                            "Relation Name": "movie_companies",
                                            "Schema": "public",
                                            "Alias": "mc",
                                            "Startup Cost": 0.0,
                                            "Total Cost": 27206.55,
                                            "Plan Rows": 841655,
                                            "Plan Width": 4,
                                            "Actual Startup Time": 0.023,
                                            "Actual Total Time": 57.812,
                                            "Actual Rows": 652282,
                                            "Actual Loops": 4,
                                            "Output": [
                                                "mc.id",
                                                "mc.movie_id",
                                                "mc.company_id",
                                                "mc.company_type_id",
                                                "mc.note"
                                            ],
                                            "Workers": [
                                                {
                                                    "Worker Number": 0,
                                                    "Actual Startup Time": 0.031,
                                                    "Actual Total Time": 59.314,
                                                    "Actual Rows": 441311,
                                                    "Actual Loops": 1
                                                },
                                                {
                                                    "Worker Number": 1,
                                                    "Actual Startup Time": 0.025,
                                                    "Actual Total Time": 58.293,
                                                    "Actual Rows": 693884,
                                                    "Actual Loops": 1
                                                },
                                                {
                                                    "Worker Number": 2,
                                                    "Actual Startup Time": 0.028,
                                                    "Actual Total Time": 62.059,
                                                    "Actual Rows": 735330,
                                                    "Actual Loops": 1
                                                }
                                            ]
                                        },
                                        {
                                            "Node Type": "Hash",
                                            "Parent Relationship": "Inner",
                                            "Parallel Aware": true,
                                            "Startup Cost": 234461.79,
                                            "Total Cost": 234461.79,
                                            "Plan Rows": 50530,
                                            "Plan Width": 8,
                                            "Actual Startup Time": 399.833,
                                            "Actual Total Time": 399.837,
                                            "Actual Rows": 186835,
                                            "Actual Loops": 4,
                                            "Output": [
                                                "t.id",
                                                "mi.movie_id"
                                            ],
                                            "Hash Buckets": 1048576,
                                            "Original Hash Buckets": 262144,
                                            "Hash Batches": 1,
                                            "Original Hash Batches": 1,
                                            "Peak Memory Usage": 43648,
                                            "Workers": [
                                                {
                                                    "Worker Number": 0,
                                                    "Actual Startup Time": 397.592,
                                                    "Actual Total Time": 397.596,
                                                    "Actual Rows": 139390,
                                                    "Actual Loops": 1
                                                },
                                                {
                                                    "Worker Number": 1,
                                                    "Actual Startup Time": 397.73,
                                                    "Actual Total Time": 397.733,
                                                    "Actual Rows": 186610,
                                                    "Actual Loops": 1
                                                },
                                                {
                                                    "Worker Number": 2,
                                                    "Actual Startup Time": 398.527,
                                                    "Actual Total Time": 398.53,
                                                    "Actual Rows": 187937,
                                                    "Actual Loops": 1
                                                }
                                            ],
                                            "Plans": [
                                                {
                                                    "Node Type": "Hash Join",
                                                    "Parent Relationship": "Outer",
                                                    "Parallel Aware": true,
                                                    "Join Type": "Inner",
                                                    "Startup Cost": 68849.21,
                                                    "Total Cost": 234461.79,
                                                    "Plan Rows": 50530,
                                                    "Plan Width": 8,
                                                    "Actual Startup Time": 181.344,
                                                    "Actual Total Time": 328.154,
                                                    "Actual Rows": 186835,
                                                    "Actual Loops": 4,
                                                    "Output": [
                                                        "t.id",
                                                        "mi.movie_id"
                                                    ],
                                                    "Inner Unique": true,
                                                    "Hash Cond": "(mi.movie_id = t.id)",
                                                    "Workers": [
                                                        {
                                                            "Worker Number": 0,
                                                            "Actual Startup Time": 179.732,
                                                            "Actual Total Time": 326.687,
                                                            "Actual Rows": 139390,
                                                            "Actual Loops": 1
                                                        },
                                                        {
                                                            "Worker Number": 1,
                                                            "Actual Startup Time": 180.004,
                                                            "Actual Total Time": 326.472,
                                                            "Actual Rows": 186610,
                                                            "Actual Loops": 1
                                                        },
                                                        {
                                                            "Worker Number": 2,
                                                            "Actual Startup Time": 180.728,
                                                            "Actual Total Time": 326.909,
                                                            "Actual Rows": 187937,
                                                            "Actual Loops": 1
                                                        }
                                                    ],
                                                    "Plans": [
                                                        {
                                                            "Node Type": "Bitmap Heap Scan",
                                                            "Parent Relationship": "Outer",
                                                            "Parallel Aware": true,
                                                            "Relation Name": "movie_info",
                                                            "Schema": "public",
                                                            "Alias": "mi",
                                                            "Startup Cost": 21701.74,
                                                            "Total Cost": 186686.12,
                                                            "Plan Rows": 239311,
                                                            "Plan Width": 4,
                                                            "Actual Startup Time": 47.225,
                                                            "Actual Total Time": 121.319,
                                                            "Actual Rows": 301177,
                                                            "Actual Loops": 4,
                                                            "Output": [
                                                                "mi.id",
                                                                "mi.movie_id",
                                                                "mi.info_type_id",
                                                                "mi.info",
                                                                "mi.note"
                                                            ],
                                                            "Recheck Cond": "(mi.info_type_id > 18)",
                                                            "Rows Removed by Index Recheck": 0,
                                                            "Exact Heap Blocks": 11035,
                                                            "Lossy Heap Blocks": 0,
                                                            "Workers": [
                                                                {
                                                                    "Worker Number": 0,
                                                                    "Actual Startup Time": 47.23,
                                                                    "Actual Total Time": 124.669,
                                                                    "Actual Rows": 219721,
                                                                    "Actual Loops": 1
                                                                },
                                                                {
                                                                    "Worker Number": 1,
                                                                    "Actual Startup Time": 47.297,
                                                                    "Actual Total Time": 121.59,
                                                                    "Actual Rows": 301023,
                                                                    "Actual Loops": 1
                                                                },
                                                                {
                                                                    "Worker Number": 2,
                                                                    "Actual Startup Time": 47.363,
                                                                    "Actual Total Time": 123.622,
                                                                    "Actual Rows": 303390,
                                                                    "Actual Loops": 1
                                                                }
                                                            ],
                                                            "Plans": [
                                                                {
                                                                    "Node Type": "Bitmap Index Scan",
                                                                    "Parent Relationship": "Outer",
                                                                    "Parallel Aware": false,
                                                                    "Index Name": "info_type_id_movie_info",
                                                                    "Startup Cost": 0.0,
                                                                    "Total Cost": 21402.6,
                                                                    "Plan Rows": 1196555,
                                                                    "Plan Width": 0,
                                                                    "Actual Startup Time": 41.667,
                                                                    "Actual Total Time": 41.667,
                                                                    "Actual Rows": 1204709,
                                                                    "Actual Loops": 1,
                                                                    "Index Cond": "(mi.info_type_id > 18)"
                                                                }
                                                            ]
                                                        },
                                                        {
                                                            "Node Type": "Hash",
                                                            "Parent Relationship": "Inner",
                                                            "Parallel Aware": true,
                                                            "Startup Cost": 45479.21,
                                                            "Total Cost": 45479.21,
                                                            "Plan Rows": 133461,
                                                            "Plan Width": 4,
                                                            "Actual Startup Time": 129.168,
                                                            "Actual Total Time": 129.169,
                                                            "Actual Rows": 102025,
                                                            "Actual Loops": 4,
                                                            "Output": [
                                                                "t.id"
                                                            ],
                                                            "Hash Buckets": 1048576,
                                                            "Original Hash Buckets": 1048576,
                                                            "Hash Batches": 1,
                                                            "Original Hash Batches": 1,
                                                            "Peak Memory Usage": 24256,
                                                            "Workers": [
                                                                {
                                                                    "Worker Number": 0,
                                                                    "Actual Startup Time": 128.637,
                                                                    "Actual Total Time": 128.638,
                                                                    "Actual Rows": 74443,
                                                                    "Actual Loops": 1
                                                                },
                                                                {
                                                                    "Worker Number": 1,
                                                                    "Actual Startup Time": 128.776,
                                                                    "Actual Total Time": 128.776,
                                                                    "Actual Rows": 108835,
                                                                    "Actual Loops": 1
                                                                },
                                                                {
                                                                    "Worker Number": 2,
                                                                    "Actual Startup Time": 129.574,
                                                                    "Actual Total Time": 129.575,
                                                                    "Actual Rows": 103719,
                                                                    "Actual Loops": 1
                                                                }
                                                            ],
                                                            "Plans": [
                                                                {
                                                                    "Node Type": "Seq Scan",
                                                                    "Parent Relationship": "Outer",
                                                                    "Parallel Aware": true,
                                                                    "Relation Name": "title",
                                                                    "Schema": "public",
                                                                    "Alias": "t",
                                                                    "Startup Cost": 0.0,
                                                                    "Total Cost": 45479.21,
                                                                    "Plan Rows": 133461,
                                                                    "Plan Width": 4,
                                                                    "Actual Startup Time": 41.183,
                                                                    "Actual Total Time": 94.527,
                                                                    "Actual Rows": 102025,
                                                                    "Actual Loops": 4,
                                                                    "Output": [
                                                                        "t.id"
                                                                    ],
                                                                    "Filter": "((t.production_year > 1974) AND (t.kind_id = 1))",
                                                                    "Rows Removed by Filter": 530053,
                                                                    "Workers": [
                                                                        {
                                                                            "Worker Number": 0,
                                                                            "Actual Startup Time": 52.637,
                                                                            "Actual Total Time": 95.898,
                                                                            "Actual Rows": 74443,
                                                                            "Actual Loops": 1
                                                                        },
                                                                        {
                                                                            "Worker Number": 1,
                                                                            "Actual Startup Time": 52.884,
                                                                            "Actual Total Time": 93.971,
                                                                            "Actual Rows": 108835,
                                                                            "Actual Loops": 1
                                                                        },
                                                                        {
                                                                            "Worker Number": 2,
                                                                            "Actual Startup Time": 53.707,
                                                                            "Actual Total Time": 95.577,
                                                                            "Actual Rows": 103719,
                                                                            "Actual Loops": 1
                                                                        }
                                                                    ]
                                                                }
                                                            ]
                                                        }
                                                    ]
                                                }
                                            ]
                                        }
                                    ]
                                }
                            ]
                        }
                    ]
                }
            ]
        },
        "Planning Time": 176.829,
        "Triggers": [],
        "Execution Time": 920.998
    }
]