[
  {
    "Plan": {
      "Node Type": "Aggregate",
      "Strategy": "Plain",
      "Partial Mode": "Finalize",
      "Parallel Aware": false,
      "Startup Cost": 45582.24,
      "Total Cost": 45582.25,
      "Plan Rows": 1,
      "Plan Width": 8,
      "Actual Startup Time": 173.921,
      "Actual Total Time": 186.233,
      "Actual Rows": 1,
      "Actual Loops": 1,
      "Plans": [
        {
          "Node Type": "Gather",
          "Parent Relationship": "Outer",
          "Parallel Aware": false,
          "Startup Cost": 45581.92,
          "Total Cost": 45582.23,
          "Plan Rows": 3,
          "Plan Width": 8,
          "Actual Startup Time": 173.839,
          "Actual Total Time": 186.225,
          "Actual Rows": 4,
          "Actual Loops": 1,
          "Workers Planned": 3,
          "Workers Launched": 3,
          "Single Copy": false,
          "Plans": [
            {
              "Node Type": "Aggregate",
              "Strategy": "Plain",
              "Partial Mode": "Partial",
              "Parent Relationship": "Outer",
              "Parallel Aware": false,
              "Startup Cost": 44581.92,
              "Total Cost": 44581.93,
              "Plan Rows": 1,
              "Plan Width": 8,
              "Actual Startup Time": 165.251,
              "Actual Total Time": 165.252,
              "Actual Rows": 1,
              "Actual Loops": 4,
              "Plans": [
                {
                  "Node Type": "Seq Scan",
                  "Parent Relationship": "Outer",
                  "Parallel Aware": true,
                  "Relation Name": "movie_keyword",
                  "Alias": "mk",
                  "Startup Cost": 0.0,
                  "Total Cost": 42695.65,
                  "Plan Rows": 754507,
                  "Plan Width": 0,
                  "Actual Startup Time": 0.055,
                  "Actual Total Time": 133.475,
                  "Actual Rows": 585009,
                  "Actual Loops": 4,
                  "Filter": "(keyword_id < 5185)",
                  "Rows Removed by Filter": 545973
                }
              ]
            }
          ]
        }
      ]
    },
    "Planning Time": 0.128,
    "Triggers": [],
    "Execution Time": 186.3
  }
]