[
  {
    "Plan": {
      "Node Type": "Aggregate",
      "Strategy": "Plain",
      "Partial Mode": "Finalize",
      "Parallel Aware": false,
      "Startup Cost": 45822.82,
      "Total Cost": 45822.83,
      "Plan Rows": 1,
      "Plan Width": 8,
      "Actual Startup Time": 173.937,
      "Actual Total Time": 186.574,
      "Actual Rows": 1,
      "Actual Loops": 1,
      "Plans": [
        {
          "Node Type": "Gather",
          "Parent Relationship": "Outer",
          "Parallel Aware": false,
          "Startup Cost": 45822.5,
          "Total Cost": 45822.81,
          "Plan Rows": 3,
          "Plan Width": 8,
          "Actual Startup Time": 173.516,
          "Actual Total Time": 186.559,
          "Actual Rows": 4,
          "Actual Loops": 1,
          "Workers Planned": 3,
          "Workers Launched": 3,
          "Single Copy": false,
          "Plans": [
            {
              "Node Type": "Aggregate",
              "Strategy": "Plain",
              "Partial Mode": "Partial",
              "Parent Relationship": "Outer",
              "Parallel Aware": false,
              "Startup Cost": 44822.5,
              "Total Cost": 44822.51,
              "Plan Rows": 1,
              "Plan Width": 8,
              "Actual Startup Time": 168.044,
              "Actual Total Time": 168.046,
              "Actual Rows": 1,
              "Actual Loops": 4,
              "Plans": [
                {
                  "Node Type": "Seq Scan",
                  "Parent Relationship": "Outer",
                  "Parallel Aware": true,
                  "Relation Name": "movie_keyword",
                  "Alias": "mk",
                  "Startup Cost": 0.0,
                  "Total Cost": 42695.65,
                  "Plan Rows": 850739,
                  "Plan Width": 0,
                  "Actual Startup Time": 0.042,
                  "Actual Total Time": 132.984,
                  "Actual Rows": 662735,
                  "Actual Loops": 4,
                  "Filter": "(keyword_id < 7341)",
                  "Rows Removed by Filter": 468248
                }
              ]
            }
          ]
        }
      ]
    },
    "Planning Time": 0.107,
    "Triggers": [],
    "Execution Time": 186.608
  }
]