[
  {
    "Plan": {
      "Node Type": "Aggregate",
      "Strategy": "Plain",
      "Partial Mode": "Finalize",
      "Parallel Aware": false,
      "Startup Cost": 45836.14,
      "Total Cost": 45836.15,
      "Plan Rows": 1,
      "Plan Width": 8,
      "Actual Startup Time": 152.06,
      "Actual Total Time": 162.118,
      "Actual Rows": 1,
      "Actual Loops": 1,
      "Plans": [
        {
          "Node Type": "Gather",
          "Parent Relationship": "Outer",
          "Parallel Aware": false,
          "Startup Cost": 45835.82,
          "Total Cost": 45836.13,
          "Plan Rows": 3,
          "Plan Width": 8,
          "Actual Startup Time": 151.941,
          "Actual Total Time": 162.109,
          "Actual Rows": 4,
          "Actual Loops": 1,
          "Workers Planned": 3,
          "Workers Launched": 3,
          "Single Copy": false,
          "Plans": [
            {
              "Node Type": "Aggregate",
              "Strategy": "Plain",
              "Partial Mode": "Partial",
              "Parent Relationship": "Outer",
              "Parallel Aware": false,
              "Startup Cost": 44835.82,
              "Total Cost": 44835.83,
              "Plan Rows": 1,
              "Plan Width": 8,
              "Actual Startup Time": 146.962,
              "Actual Total Time": 146.963,
              "Actual Rows": 1,
              "Actual Loops": 4,
              "Plans": [
                {
                  "Node Type": "Seq Scan",
                  "Parent Relationship": "Outer",
                  "Parallel Aware": true,
                  "Relation Name": "movie_keyword",
                  "Alias": "mk",
                  "Startup Cost": 0.0,
                  "Total Cost": 42695.65,
                  "Plan Rows": 856066,
                  "Plan Width": 0,
                  "Actual Startup Time": 0.041,
                  "Actual Total Time": 117.624,
                  "Actual Rows": 662735,
                  "Actual Loops": 4,
                  "Filter": "(keyword_id < 7341)",
                  "Rows Removed by Filter": 468248
                }
              ]
            }
          ]
        }
      ]
    },
    "Planning Time": 0.118,
    "Triggers": [],
    "Execution Time": 162.166
  }
]