{
  "Plan": {
    "Node Type": "Aggregate",
    "Strategy": "Plain",
    "Partial Mode": "Finalize",
    "Parallel Aware": false,
    "Startup Cost": 208082.22,
    "Total Cost": 208082.23,
    "Plan Rows": 1,
    "Plan Width": 8,
    "Actual Startup Time": 985.376,
    "Actual Total Time": 1029.405,
    "Actual Rows": 1,
    "Actual Loops": 1,
    "Plans": [
      {
        "Node Type": "Gather",
        "Parent Relationship": "Outer",
        "Parallel Aware": false,
        "Startup Cost": 208082.11,
        "Total Cost": 208082.22,
        "Plan Rows": 1,
        "Plan Width": 8,
        "Actual Startup Time": 985.024,
        "Actual Total Time": 1029.396,
        "Actual Rows": 2,
        "Actual Loops": 1,
        "Workers Planned": 1,
        "Workers Launched": 1,
        "Single Copy": false,
        "Plans": [
          {
            "Node Type": "Aggregate",
            "Strategy": "Plain",
            "Partial Mode": "Partial",
            "Parent Relationship": "Outer",
            "Parallel Aware": false,
            "Startup Cost": 207082.11,
            "Total Cost": 207082.12,
            "Plan Rows": 1,
            "Plan Width": 8,
            "Actual Startup Time": 978.879,
            "Actual Total Time": 978.882,
            "Actual Rows": 1,
            "Actual Loops": 2,
            "Plans": [
              {
                "Node Type": "Nested Loop",
                "Parent Relationship": "Outer",
                "Parallel Aware": false,
                "Join Type": "Inner",
                "Startup Cost": 58879.22,
                "Total Cost": 206472.71,
                "Plan Rows": 243760,
                "Plan Width": 0,
                "Actual Startup Time": 151.064,
                "Actual Total Time": 915.002,
                "Actual Rows": 1462958,
                "Actual Loops": 2,
                "Inner Unique": false,
                "Join Filter": "(t.id = mi.movie_id)",
                "Rows Removed by Join Filter": 0,
                "Plans": [
                  {
                    "Node Type": "Hash Join",
                    "Parent Relationship": "Outer",
                    "Parallel Aware": true,
                    "Join Type": "Inner",
                    "Startup Cost": 58878.78,
                    "Total Cost": 120151.64,
                    "Plan Rows": 41688,
                    "Plan Width": 8,
                    "Actual Startup Time": 151.004,
                    "Actual Total Time": 414.5,
                    "Actual Rows": 25824,
                    "Actual Loops": 2,
                    "Inner Unique": true,
                    "Hash Cond": "(mk.movie_id = t.id)",
                    "Plans": [
                      {
                        "Node Type": "Seq Scan",
                        "Parent Relationship": "Outer",
                        "Parallel Aware": true,
                        "Relation Name": "movie_keyword",
                        "Alias": "mk",
                        "Startup Cost": 0.0,
                        "Total Cost": 57718.19,
                        "Plan Rows": 1354155,
                        "Plan Width": 4,
                        "Actual Startup Time": 0.398,
                        "Actual Total Time": 177.995,
                        "Actual Rows": 1149604,
                        "Actual Loops": 2,
                        "Filter": "(keyword_id > 4560)",
                        "Rows Removed by Filter": 1112362
                      },
                      {
                        "Node Type": "Hash",
                        "Parent Relationship": "Inner",
                        "Parallel Aware": true,
                        "Startup Cost": 58306.47,
                        "Total Cost": 58306.47,
                        "Plan Rows": 45785,
                        "Plan Width": 4,
                        "Actual Startup Time": 148.023,
                        "Actual Total Time": 148.024,
                        "Actual Rows": 37064,
                        "Actual Loops": 2,
                        "Hash Buckets": 131072,
                        "Original Hash Buckets": 131072,
                        "Hash Batches": 1,
                        "Original Hash Batches": 1,
                        "Peak Memory Usage": 3936,
                        "Plans": [
                          {
                            "Node Type": "Seq Scan",
                            "Parent Relationship": "Outer",
                            "Parallel Aware": true,
                            "Relation Name": "title",
                            "Alias": "t",
                            "Startup Cost": 0.0,
                            "Total Cost": 58306.47,
                            "Plan Rows": 45785,
                            "Plan Width": 4,
                            "Actual Startup Time": 0.123,
                            "Actual Total Time": 138.796,
                            "Actual Rows": 37064,
                            "Actual Loops": 2,
                            "Filter": "((kind_id < 4) AND (production_year > 2011))",
                            "Rows Removed by Filter": 1227092
                          }
                        ]
                      }
                    ]
                  },
                  {
                    "Node Type": "Index Only Scan",
                    "Parent Relationship": "Inner",
                    "Parallel Aware": false,
                    "Scan Direction": "Forward",
                    "Index Name": "movie_id_movie_info",
                    "Relation Name": "movie_info",
                    "Alias": "mi",
                    "Startup Cost": 0.43,
                    "Total Cost": 1.55,
                    "Plan Rows": 42,
                    "Plan Width": 4,
                    "Actual Startup Time": 0.004,
                    "Actual Total Time": 0.015,
                    "Actual Rows": 57,
                    "Actual Loops": 51649,
                    "Index Cond": "(movie_id = mk.movie_id)",
                    "Rows Removed by Index Recheck": 0,
                    "Heap Fetches": 2925917
                  }
                ]
              }
            ]
          }
        ]
      }
    ]
  },
  "Planning Time": 1.0,
  "Triggers": [],
  "Execution Time": 1029.502
}