[
  {
    "Plan": {
      "Node Type": "Aggregate",
      "Strategy": "Plain",
      "Partial Mode": "Finalize",
      "Parallel Aware": false,
      "Startup Cost": 261486.31,
      "Total Cost": 261486.32,
      "Plan Rows": 1,
      "Plan Width": 8,
      "Actual Startup Time": 164.062,
      "Actual Total Time": 190.558,
      "Actual Rows": 1,
      "Actual Loops": 1,
      "Plans": [
        {
          "Node Type": "Gather",
          "Parent Relationship": "Outer",
          "Parallel Aware": false,
          "Startup Cost": 261485.89,
          "Total Cost": 261486.3,
          "Plan Rows": 4,
          "Plan Width": 8,
          "Actual Startup Time": 163.882,
          "Actual Total Time": 190.549,
          "Actual Rows": 5,
          "Actual Loops": 1,
          "Workers Planned": 4,
          "Workers Launched": 4,
          "Single Copy": false,
          "Plans": [
            {
              "Node Type": "Aggregate",
              "Strategy": "Plain",
              "Partial Mode": "Partial",
              "Parent Relationship": "Outer",
              "Parallel Aware": false,
              "Startup Cost": 260485.89,
              "Total Cost": 260485.9,
              "Plan Rows": 1,
              "Plan Width": 8,
              "Actual Startup Time": 154.423,
              "Actual Total Time": 154.425,
              "Actual Rows": 1,
              "Actual Loops": 5,
              "Plans": [
                {
                  "Node Type": "Nested Loop",
                  "Parent Relationship": "Outer",
                  "Parallel Aware": false,
                  "Join Type": "Inner",
                  "Startup Cost": 0.56,
                  "Total Cost": 260399.76,
                  "Plan Rows": 34450,
                  "Plan Width": 0,
                  "Actual Startup Time": 0.567,
                  "Actual Total Time": 152.414,
                  "Actual Rows": 20708,
                  "Actual Loops": 5,
                  "Inner Unique": false,
                  "Plans": [
                    {
                      "Node Type": "Seq Scan",
                      "Parent Relationship": "Outer",
                      "Parallel Aware": true,
                      "Relation Name": "title",
                      "Alias": "t",
                      "Startup Cost": 0.0,
                      "Total Cost": 45479.59,
                      "Plan Rows": 2403,
                      "Plan Width": 4,
                      "Actual Startup Time": 0.272,
                      "Actual Total Time": 68.386,
                      "Actual Rows": 1606,
                      "Actual Loops": 5,
                      "Filter": "((kind_id > 3) AND (production_year = 1975))",
                      "Rows Removed by Filter": 504056
                    },
                    {
                      "Node Type": "Index Only Scan",
                      "Parent Relationship": "Inner",
                      "Parallel Aware": false,
                      "Scan Direction": "Forward",
                      "Index Name": "movie_id_cast_info",
                      "Relation Name": "cast_info",
                      "Alias": "ci",
                      "Startup Cost": 0.56,
                      "Total Cost": 89.09,
                      "Plan Rows": 35,
                      "Plan Width": 4,
                      "Actual Startup Time": 0.012,
                      "Actual Total Time": 0.05,
                      "Actual Rows": 13,
                      "Actual Loops": 8030,
                      "Index Cond": "(movie_id = t.id)",
                      "Rows Removed by Index Recheck": 0,
                      "Heap Fetches": 103540
                    }
                  ]
                }
              ]
            }
          ]
        }
      ]
    },
    "Planning Time": 0.247,
    "Triggers": [],
    "Execution Time": 190.601
  }
]