{
  "Plan": {
    "Node Type": "Aggregate",
    "Strategy": "Plain",
    "Partial Mode": "Finalize",
    "Parallel Aware": false,
    "Startup Cost": 148371.17,
    "Total Cost": 148371.18,
    "Plan Rows": 1,
    "Plan Width": 8,
    "Actual Startup Time": 555.78,
    "Actual Total Time": 570.426,
    "Actual Rows": 1,
    "Actual Loops": 1,
    "Plans": [
      {
        "Node Type": "Gather",
        "Parent Relationship": "Outer",
        "Parallel Aware": false,
        "Startup Cost": 148371.06,
        "Total Cost": 148371.17,
        "Plan Rows": 1,
        "Plan Width": 8,
        "Actual Startup Time": 555.502,
        "Actual Total Time": 570.416,
        "Actual Rows": 2,
        "Actual Loops": 1,
        "Workers Planned": 1,
        "Workers Launched": 1,
        "Single Copy": false,
        "Plans": [
          {
            "Node Type": "Aggregate",
            "Strategy": "Plain",
            "Partial Mode": "Partial",
            "Parent Relationship": "Outer",
            "Parallel Aware": false,
            "Startup Cost": 147371.06,
            "Total Cost": 147371.07,
            "Plan Rows": 1,
            "Plan Width": 8,
            "Actual Startup Time": 549.329,
            "Actual Total Time": 549.333,
            "Actual Rows": 1,
            "Actual Loops": 2,
            "Plans": [
              {
                "Node Type": "Hash Join",
                "Parent Relationship": "Outer",
                "Parallel Aware": true,
                "Join Type": "Inner",
                "Startup Cost": 55411.27,
                "Total Cost": 147185.75,
                "Plan Rows": 74123,
                "Plan Width": 0,
                "Actual Startup Time": 164.237,
                "Actual Total Time": 546.629,
                "Actual Rows": 58386,
                "Actual Loops": 2,
                "Inner Unique": true,
                "Hash Cond": "(ci.movie_id = t.id)",
                "Plans": [
                  {
                    "Node Type": "Index Scan",
                    "Parent Relationship": "Outer",
                    "Parallel Aware": true,
                    "Scan Direction": "Forward",
                    "Index Name": "role_id_cast_info",
                    "Relation Name": "cast_info",
                    "Alias": "ci",
                    "Startup Cost": 0.56,
                    "Total Cost": 87376.26,
                    "Plan Rows": 1675723,
                    "Plan Width": 4,
                    "Actual Startup Time": 0.068,
                    "Actual Total Time": 193.048,
                    "Actual Rows": 1364472,
                    "Actual Loops": 2,
                    "Index Cond": "(role_id = 4)",
                    "Rows Removed by Index Recheck": 0
                  },
                  {
                    "Node Type": "Hash",
                    "Parent Relationship": "Inner",
                    "Parallel Aware": true,
                    "Startup Cost": 54588.39,
                    "Total Cost": 54588.39,
                    "Plan Rows": 65785,
                    "Plan Width": 4,
                    "Actual Startup Time": 162.265,
                    "Actual Total Time": 162.266,
                    "Actual Rows": 54214,
                    "Actual Loops": 2,
                    "Hash Buckets": 131072,
                    "Original Hash Buckets": 131072,
                    "Hash Batches": 1,
                    "Original Hash Batches": 1,
                    "Peak Memory Usage": 5312,
                    "Plans": [
                      {
                        "Node Type": "Seq Scan",
                        "Parent Relationship": "Outer",
                        "Parallel Aware": true,
                        "Relation Name": "title",
                        "Alias": "t",
                        "Startup Cost": 0.0,
                        "Total Cost": 54588.39,
                        "Plan Rows": 65785,
                        "Plan Width": 4,
                        "Actual Startup Time": 0.034,
                        "Actual Total Time": 143.291,
                        "Actual Rows": 54214,
                        "Actual Loops": 2,
                        "Filter": "(production_year = 2006)",
                        "Rows Removed by Filter": 1209942
                      }
                    ]
                  }
                ]
              }
            ]
          }
        ]
      }
    ]
  },
  "Planning Time": 0.609,
  "Triggers": [],
  "Execution Time": 570.505
}