[
  {
    "Plan": {
      "Node Type": "Aggregate",
      "Strategy": "Plain",
      "Partial Mode": "Finalize",
      "Parallel Aware": false,
      "Startup Cost": 79591.79,
      "Total Cost": 79591.8,
      "Plan Rows": 1,
      "Plan Width": 8,
      "Actual Startup Time": 176.738,
      "Actual Total Time": 190.139,
      "Actual Rows": 1,
      "Actual Loops": 1,
      "Plans": [
        {
          "Node Type": "Gather",
          "Parent Relationship": "Outer",
          "Parallel Aware": false,
          "Startup Cost": 79591.48,
          "Total Cost": 79591.79,
          "Plan Rows": 3,
          "Plan Width": 8,
          "Actual Startup Time": 175.32,
          "Actual Total Time": 190.129,
          "Actual Rows": 4,
          "Actual Loops": 1,
          "Workers Planned": 3,
          "Workers Launched": 3,
          "Single Copy": false,
          "Plans": [
            {
              "Node Type": "Aggregate",
              "Strategy": "Plain",
              "Partial Mode": "Partial",
              "Parent Relationship": "Outer",
              "Parallel Aware": false,
              "Startup Cost": 78591.48,
              "Total Cost": 78591.49,
              "Plan Rows": 1,
              "Plan Width": 8,
              "Actual Startup Time": 166.89,
              "Actual Total Time": 166.895,
              "Actual Rows": 1,
              "Actual Loops": 4,
              "Plans": [
                {
                  "Node Type": "Nested Loop",
                  "Parent Relationship": "Outer",
                  "Parallel Aware": false,
                  "Join Type": "Inner",
                  "Startup Cost": 26970.41,
                  "Total Cost": 78583.33,
                  "Plan Rows": 3258,
                  "Plan Width": 0,
                  "Actual Startup Time": 97.292,
                  "Actual Total Time": 166.425,
                  "Actual Rows": 4814,
                  "Actual Loops": 4,
                  "Inner Unique": true,
                  "Plans": [
                    {
                      "Node Type": "Hash Join",
                      "Parent Relationship": "Outer",
                      "Parallel Aware": true,
                      "Join Type": "Inner",
                      "Startup Cost": 26969.98,
                      "Total Cost": 52358.55,
                      "Plan Rows": 16962,
                      "Plan Width": 8,
                      "Actual Startup Time": 97.154,
                      "Actual Total Time": 143.728,
                      "Actual Rows": 4814,
                      "Actual Loops": 4,
                      "Inner Unique": false,
                      "Hash Cond": "(mk.movie_id = mc.movie_id)",
                      "Plans": [
                        {
                          "Node Type": "Bitmap Heap Scan",
                          "Parent Relationship": "Outer",
                          "Parallel Aware": true,
                          "Relation Name": "movie_keyword",
                          "Alias": "mk",
                          "Startup Cost": 3308.34,
                          "Total Cost": 28390.8,
                          "Plan Rows": 50277,
                          "Plan Width": 4,
                          "Actual Startup Time": 19.985,
                          "Actual Total Time": 56.594,
                          "Actual Rows": 37849,
                          "Actual Loops": 4,
                          "Recheck Cond": "(keyword_id > 73731)",
                          "Rows Removed by Index Recheck": 0,
                          "Exact Heap Blocks": 6593,
                          "Lossy Heap Blocks": 0,
                          "Plans": [
                            {
                              "Node Type": "Bitmap Index Scan",
                              "Parent Relationship": "Outer",
                              "Parallel Aware": false,
                              "Index Name": "keyword_id_movie_keyword",
                              "Startup Cost": 0.0,
                              "Total Cost": 3269.38,
                              "Plan Rows": 155859,
                              "Plan Width": 0,
                              "Actual Startup Time": 15.336,
                              "Actual Total Time": 15.336,
                              "Actual Rows": 151397,
                              "Actual Loops": 1,
                              "Index Cond": "(keyword_id > 73731)"
                            }
                          ]
                        },
                        {
                          "Node Type": "Hash",
                          "Parent Relationship": "Inner",
                          "Parallel Aware": true,
                          "Startup Cost": 23000.95,
                          "Total Cost": 23000.95,
                          "Plan Rows": 52855,
                          "Plan Width": 4,
                          "Actual Startup Time": 74.882,
                          "Actual Total Time": 74.883,
                          "Actual Rows": 41927,
                          "Actual Loops": 4,
                          "Hash Buckets": 262144,
                          "Original Hash Buckets": 262144,
                          "Hash Batches": 1,
                          "Original Hash Batches": 1,
                          "Peak Memory Usage": 8672,
                          "Plans": [
                            {
                              "Node Type": "Bitmap Heap Scan",
                              "Parent Relationship": "Outer",
                              "Parallel Aware": true,
                              "Relation Name": "movie_companies",
                              "Alias": "mc",
                              "Startup Cost": 3550.27,
                              "Total Cost": 23000.95,
                              "Plan Rows": 52855,
                              "Plan Width": 4,
                              "Actual Startup Time": 18.465,
                              "Actual Total Time": 55.966,
                              "Actual Rows": 41927,
                              "Actual Loops": 4,
                              "Recheck Cond": "(company_id < 34)",
                              "Rows Removed by Index Recheck": 0,
                              "Exact Heap Blocks": 6448,
                              "Lossy Heap Blocks": 0,
                              "Plans": [
                                {
                                  "Node Type": "Bitmap Index Scan",
                                  "Parent Relationship": "Outer",
                                  "Parallel Aware": false,
                                  "Index Name": "company_id_movie_companies",
                                  "Startup Cost": 0.0,
                                  "Total Cost": 3509.3,
                                  "Plan Rows": 163850,
                                  "Plan Width": 0,
                                  "Actual Startup Time": 17.118,
                                  "Actual Total Time": 17.118,
                                  "Actual Rows": 167708,
                                  "Actual Loops": 1,
                                  "Index Cond": "(company_id < 34)"
                                }
                              ]
                            }
                          ]
                        }
                      ]
                    },
                    {
                      "Node Type": "Index Only Scan",
                      "Parent Relationship": "Inner",
                      "Parallel Aware": false,
                      "Scan Direction": "Forward",
                      "Index Name": "title_pkey",
                      "Relation Name": "title",
                      "Alias": "t",
                      "Startup Cost": 0.43,
                      "Total Cost": 1.55,
                      "Plan Rows": 1,
                      "Plan Width": 4,
                      "Actual Startup Time": 0.004,
                      "Actual Total Time": 0.004,
                      "Actual Rows": 1,
                      "Actual Loops": 19254,
                      "Index Cond": "(id = mc.movie_id)",
                      "Rows Removed by Index Recheck": 0,
                      "Heap Fetches": 19254
                    }
                  ]
                }
              ]
            }
          ]
        }
      ]
    },
    "Planning Time": 1.498,
    "Triggers": [],
    "Execution Time": 190.258
  }
]