[
  {
    "Plan": {
      "Node Type": "Aggregate",
      "Strategy": "Plain",
      "Partial Mode": "Simple",
      "Parallel Aware": false,
      "Startup Cost": 10407.44,
      "Total Cost": 10407.45,
      "Plan Rows": 1,
      "Plan Width": 128,
      "Actual Startup Time": 400.808,
      "Actual Total Time": 400.922,
      "Actual Rows": 1,
      "Actual Loops": 1,
      "Plans": [
        {
          "Node Type": "Nested Loop",
          "Parent Relationship": "Outer",
          "Parallel Aware": false,
          "Join Type": "Inner",
          "Startup Cost": 1006.14,
          "Total Cost": 10407.43,
          "Plan Rows": 1,
          "Plan Width": 80,
          "Actual Startup Time": 4.309,
          "Actual Total Time": 400.136,
          "Actual Rows": 1852,
          "Actual Loops": 1,
          "Inner Unique": true,
          "Plans": [
            {
              "Node Type": "Nested Loop",
              "Parent Relationship": "Outer",
              "Parallel Aware": false,
              "Join Type": "Inner",
              "Startup Cost": 1005.71,
              "Total Cost": 10406.75,
              "Plan Rows": 1,
              "Plan Width": 69,
              "Actual Startup Time": 4.223,
              "Actual Total Time": 389.593,
              "Actual Rows": 1852,
              "Actual Loops": 1,
              "Inner Unique": false,
              "Join Filter": "(t.id = ci.movie_id)",
              "Rows Removed by Join Filter": 0,
              "Plans": [
                {
                  "Node Type": "Gather",
                  "Parent Relationship": "Outer",
                  "Parallel Aware": false,
                  "Startup Cost": 1005.14,
                  "Total Cost": 10405.0,
                  "Plan Rows": 1,
                  "Plan Width": 85,
                  "Actual Startup Time": 3.521,
                  "Actual Total Time": 119.249,
                  "Actual Rows": 1928,
                  "Actual Loops": 1,
                  "Workers Planned": 1,
                  "Workers Launched": 1,
                  "Single Copy": false,
                  "Plans": [
                    {
                      "Node Type": "Nested Loop",
                      "Parent Relationship": "Outer",
                      "Parallel Aware": false,
                      "Join Type": "Inner",
                      "Startup Cost": 5.14,
                      "Total Cost": 9404.9,
                      "Plan Rows": 1,
                      "Plan Width": 85,
                      "Actual Startup Time": 5.656,
                      "Actual Total Time": 227.412,
                      "Actual Rows": 964,
                      "Actual Loops": 2,
                      "Inner Unique": true,
                      "Plans": [
                        {
                          "Node Type": "Nested Loop",
                          "Parent Relationship": "Outer",
                          "Parallel Aware": false,
                          "Join Type": "Inner",
                          "Startup Cost": 4.72,
                          "Total Cost": 9401.32,
                          "Plan Rows": 8,
                          "Plan Width": 89,
                          "Actual Startup Time": 2.995,
                          "Actual Total Time": 121.339,
                          "Actual Rows": 37732,
                          "Actual Loops": 2,
                          "Inner Unique": false,
                          "Plans": [
                            {
                              "Node Type": "Nested Loop",
                              "Parent Relationship": "Outer",
                              "Parallel Aware": false,
                              "Join Type": "Inner",
                              "Startup Cost": 4.29,
                              "Total Cost": 9399.55,
                              "Plan Rows": 1,
                              "Plan Width": 81,
                              "Actual Startup Time": 2.831,
                              "Actual Total Time": 100.988,
                              "Actual Rows": 439,
                              "Actual Loops": 2,
                              "Inner Unique": true,
                              "Join Filter": "(mi.movie_id = t.id)",
                              "Rows Removed by Join Filter": 0,
                              "Plans": [
                                {
                                  "Node Type": "Nested Loop",
                                  "Parent Relationship": "Outer",
                                  "Parallel Aware": false,
                                  "Join Type": "Inner",
                                  "Startup Cost": 3.86,
                                  "Total Cost": 9399.02,
                                  "Plan Rows": 1,
                                  "Plan Width": 60,
                                  "Actual Startup Time": 2.697,
                                  "Actual Total Time": 95.454,
                                  "Actual Rows": 439,
                                  "Actual Loops": 2,
                                  "Inner Unique": true,
                                  "Plans": [
                                    {
                                      "Node Type": "Nested Loop",
                                      "Parent Relationship": "Outer",
                                      "Parallel Aware": false,
                                      "Join Type": "Inner",
                                      "Startup Cost": 3.72,
                                      "Total Cost": 9398.67,
                                      "Plan Rows": 2,
                                      "Plan Width": 64,
                                      "Actual Startup Time": 2.65,
                                      "Actual Total Time": 94.179,
                                      "Actual Rows": 466,
                                      "Actual Loops": 2,
                                      "Inner Unique": false,
                                      "Join Filter": "(mi_idx.movie_id = mi.movie_id)",
                                      "Rows Removed by Join Filter": 0,
                                      "Plans": [
                                        {
                                          "Node Type": "Hash Join",
                                          "Parent Relationship": "Outer",
                                          "Parallel Aware": false,
                                          "Join Type": "Inner",
                                          "Startup Cost": 3.28,
                                          "Total Cost": 9391.46,
                                          "Plan Rows": 4,
                                          "Plan Width": 13,
                                          "Actual Startup Time": 1.536,
                                          "Actual Total Time": 29.15,
                                          "Actual Rows": 724,
                                          "Actual Loops": 2,
                                          "Inner Unique": true,
                                          "Hash Cond": "(mi_idx.info_type_id = it2.id)",
                                          "Plans": [
                                            {
                                              "Node Type": "Nested Loop",
                                              "Parent Relationship": "Outer",
                                              "Parallel Aware": false,
                                              "Join Type": "Inner",
                                              "Startup Cost": 0.86,
                                              "Total Cost": 9387.92,
                                              "Plan Rows": 407,
                                              "Plan Width": 17,
                                              "Actual Startup Time": 1.194,
                                              "Actual Total Time": 28.112,
                                              "Actual Rows": 2185,
                                              "Actual Loops": 2,
                                              "Inner Unique": false,
                                              "Plans": [
                                                {
                                                  "Node Type": "Nested Loop",
                                                  "Parent Relationship": "Outer",
                                                  "Parallel Aware": false,
                                                  "Join Type": "Inner",
                                                  "Startup Cost": 0.43,
                                                  "Total Cost": 9308.16,
                                                  "Plan Rows": 150,
                                                  "Plan Width": 4,
                                                  "Actual Startup Time": 1.007,
                                                  "Actual Total Time": 19.503,
                                                  "Actual Rows": 907,
                                                  "Actual Loops": 2,
                                                  "Inner Unique": false,
                                                  "Plans": [
                                                    {
                                                      "Node Type": "Seq Scan",
                                                      "Parent Relationship": "Outer",
                                                      "Parallel Aware": true,
                                                      "Relation Name": "company_name",
                                                      "Alias": "cn",
                                                      "Startup Cost": 0.0,
                                                      "Total Cost": 4722.92,
                                                      "Plan Rows": 14,
                                                      "Plan Width": 4,
                                                      "Actual Startup Time": 0.842,
                                                      "Actual Total Time": 14.926,
                                                      "Actual Rows": 5,
                                                      "Actual Loops": 2,
                                                      "Filter": "(name ~~ 'Lionsgate%'::text)",
                                                      "Rows Removed by Filter": 117494
                                                    },
                                                    {
                                                      "Node Type": "Index Scan",
                                                      "Parent Relationship": "Inner",
                                                      "Parallel Aware": false,
                                                      "Scan Direction": "Forward",
                                                      "Index Name": "company_id_movie_companies",
                                                      "Relation Name": "movie_companies",
                                                      "Alias": "mc",
                                                      "Startup Cost": 0.43,
                                                      "Total Cost": 326.2,
                                                      "Plan Rows": 132,
                                                      "Plan Width": 8,
                                                      "Actual Startup Time": 0.047,
                                                      "Actual Total Time": 0.86,
                                                      "Actual Rows": 181,
                                                      "Actual Loops": 10,
                                                      "Index Cond": "(company_id = cn.id)",
                                                      "Rows Removed by Index Recheck": 0
                                                    }
                                                  ]
                                                },
                                                {
                                                  "Node Type": "Index Scan",
                                                  "Parent Relationship": "Inner",
                                                  "Parallel Aware": false,
                                                  "Scan Direction": "Forward",
                                                  "Index Name": "movie_id_movie_info_idx",
                                                  "Relation Name": "movie_info_idx",
                                                  "Alias": "mi_idx",
                                                  "Startup Cost": 0.43,
                                                  "Total Cost": 0.5,
                                                  "Plan Rows": 3,
                                                  "Plan Width": 13,
                                                  "Actual Startup Time": 0.008,
                                                  "Actual Total Time": 0.008,
                                                  "Actual Rows": 2,
                                                  "Actual Loops": 1814,
                                                  "Index Cond": "(movie_id = mc.movie_id)",
                                                  "Rows Removed by Index Recheck": 0
                                                }
                                              ]
                                            },
                                            {
                                              "Node Type": "Hash",
                                              "Parent Relationship": "Inner",
                                              "Parallel Aware": false,
                                              "Startup Cost": 2.41,
                                              "Total Cost": 2.41,
                                              "Plan Rows": 1,
                                              "Plan Width": 4,
                                              "Actual Startup Time": 0.059,
                                              "Actual Total Time": 0.06,
                                              "Actual Rows": 1,
                                              "Actual Loops": 2,
                                              "Hash Buckets": 1024,
                                              "Original Hash Buckets": 1024,
                                              "Hash Batches": 1,
                                              "Original Hash Batches": 1,
                                              "Peak Memory Usage": 9,
                                              "Plans": [
                                                {
                                                  "Node Type": "Seq Scan",
                                                  "Parent Relationship": "Outer",
                                                  "Parallel Aware": false,
                                                  "Relation Name": "info_type",
                                                  "Alias": "it2",
                                                  "Startup Cost": 0.0,
                                                  "Total Cost": 2.41,
                                                  "Plan Rows": 1,
                                                  "Plan Width": 4,
                                                  "Actual Startup Time": 0.042,
                                                  "Actual Total Time": 0.045,
                                                  "Actual Rows": 1,
                                                  "Actual Loops": 2,
                                                  "Filter": "((info)::text = 'votes'::text)",
                                                  "Rows Removed by Filter": 112
                                                }
                                              ]
                                            }
                                          ]
                                        },
                                        {
                                          "Node Type": "Index Scan",
                                          "Parent Relationship": "Inner",
                                          "Parallel Aware": false,
                                          "Scan Direction": "Forward",
                                          "Index Name": "movie_id_movie_info",
                                          "Relation Name": "movie_info",
                                          "Alias": "mi",
                                          "Startup Cost": 0.43,
                                          "Total Cost": 1.79,
                                          "Plan Rows": 1,
                                          "Plan Width": 51,
                                          "Actual Startup Time": 0.088,
                                          "Actual Total Time": 0.089,
                                          "Actual Rows": 1,
                                          "Actual Loops": 1449,
                                          "Index Cond": "(movie_id = mc.movie_id)",
                                          "Rows Removed by Index Recheck": 0,
                                          "Filter": "(info = ANY ('{Action,Horror,Sci-Fi,Western,Family,Crime}'::text[]))",
                                          "Rows Removed by Filter": 75
                                        }
                                      ]
                                    },
                                    {
                                      "Node Type": "Index Scan",
                                      "Parent Relationship": "Inner",
                                      "Parallel Aware": false,
                                      "Scan Direction": "Forward",
                                      "Index Name": "info_type_pkey",
                                      "Relation Name": "info_type",
                                      "Alias": "it1",
                                      "Startup Cost": 0.14,
                                      "Total Cost": 0.16,
                                      "Plan Rows": 1,
                                      "Plan Width": 4,
                                      "Actual Startup Time": 0.002,
                                      "Actual Total Time": 0.002,
                                      "Actual Rows": 1,
                                      "Actual Loops": 932,
                                      "Index Cond": "(id = mi.info_type_id)",
                                      "Rows Removed by Index Recheck": 0,
                                      "Filter": "((info)::text = 'genres'::text)",
                                      "Rows Removed by Filter": 0
                                    }
                                  ]
                                },
                                {
                                  "Node Type": "Index Scan",
                                  "Parent Relationship": "Inner",
                                  "Parallel Aware": false,
                                  "Scan Direction": "Forward",
                                  "Index Name": "title_pkey",
                                  "Relation Name": "title",
                                  "Alias": "t",
                                  "Startup Cost": 0.43,
                                  "Total Cost": 0.52,
                                  "Plan Rows": 1,
                                  "Plan Width": 21,
                                  "Actual Startup Time": 0.012,
                                  "Actual Total Time": 0.012,
                                  "Actual Rows": 1,
                                  "Actual Loops": 878,
                                  "Index Cond": "(id = mc.movie_id)",
                                  "Rows Removed by Index Recheck": 0
                                }
                              ]
                            },
                            {
                              "Node Type": "Index Scan",
                              "Parent Relationship": "Inner",
                              "Parallel Aware": false,
                              "Scan Direction": "Forward",
                              "Index Name": "movie_id_movie_keyword",
                              "Relation Name": "movie_keyword",
                              "Alias": "mk",
                              "Startup Cost": 0.43,
                              "Total Cost": 1.31,
                              "Plan Rows": 46,
                              "Plan Width": 8,
                              "Actual Startup Time": 0.013,
                              "Actual Total Time": 0.032,
                              "Actual Rows": 86,
                              "Actual Loops": 878,
                              "Index Cond": "(movie_id = t.id)",
                              "Rows Removed by Index Recheck": 0
                            }
                          ]
                        },
                        {
                          "Node Type": "Index Scan",
                          "Parent Relationship": "Inner",
                          "Parallel Aware": false,
                          "Scan Direction": "Forward",
                          "Index Name": "keyword_pkey",
                          "Relation Name": "keyword",
                          "Alias": "k",
                          "Startup Cost": 0.42,
                          "Total Cost": 0.45,
                          "Plan Rows": 1,
                          "Plan Width": 4,
                          "Actual Startup Time": 0.003,
                          "Actual Total Time": 0.003,
                          "Actual Rows": 0,
                          "Actual Loops": 75464,
                          "Index Cond": "(id = mk.keyword_id)",
                          "Rows Removed by Index Recheck": 0,
                          "Filter": "(keyword = ANY ('{murder,violence,blood,gore,death,female-nudity,hospital}'::text[]))",
                          "Rows Removed by Filter": 1
                        }
                      ]
                    }
                  ]
                },
                {
                  "Node Type": "Index Scan",
                  "Parent Relationship": "Inner",
                  "Parallel Aware": false,
                  "Scan Direction": "Forward",
                  "Index Name": "movie_id_cast_info",
                  "Relation Name": "cast_info",
                  "Alias": "ci",
                  "Startup Cost": 0.56,
                  "Total Cost": 1.73,
                  "Plan Rows": 1,
                  "Plan Width": 8,
                  "Actual Startup Time": 0.103,
                  "Actual Total Time": 0.14,
                  "Actual Rows": 1,
                  "Actual Loops": 1928,
                  "Index Cond": "(movie_id = mk.movie_id)",
                  "Rows Removed by Index Recheck": 0,
                  "Filter": "(note = ANY ('{(writer),\"(head writer)\",\"(written by)\",(story),\"(story editor)\"}'::text[]))",
                  "Rows Removed by Filter": 127
                }
              ]
            },
            {
              "Node Type": "Index Scan",
              "Parent Relationship": "Inner",
              "Parallel Aware": false,
              "Scan Direction": "Forward",
              "Index Name": "name_pkey",
              "Relation Name": "name",
              "Alias": "n",
              "Startup Cost": 0.43,
              "Total Cost": 0.68,
              "Plan Rows": 1,
              "Plan Width": 19,
              "Actual Startup Time": 0.005,
              "Actual Total Time": 0.005,
              "Actual Rows": 1,
              "Actual Loops": 1852,
              "Index Cond": "(id = ci.person_id)",
              "Rows Removed by Index Recheck": 0
            }
          ]
        }
      ]
    },
    "Planning Time": 83.624,
    "Triggers": [],
    "Execution Time": 401.38
  }
]