[
  {
    "Plan": {
      "Node Type": "Aggregate",
      "Strategy": "Plain",
      "Partial Mode": "Simple",
      "Parallel Aware": false,
      "Startup Cost": 26277.44,
      "Total Cost": 26277.45,
      "Plan Rows": 1,
      "Plan Width": 8,
      "Actual Startup Time": 48.417,
      "Actual Total Time": 48.418,
      "Actual Rows": 1,
      "Actual Loops": 1,
      "Plans": [
        {
          "Node Type": "Bitmap Heap Scan",
          "Parent Relationship": "Outer",
          "Parallel Aware": false,
          "Relation Name": "movie_keyword",
          "Alias": "mk",
          "Startup Cost": 1069.81,
          "Total Cost": 26151.83,
          "Plan Rows": 50242,
          "Plan Width": 0,
          "Actual Startup Time": 16.938,
          "Actual Total Time": 44.635,
          "Actual Rows": 50399,
          "Actual Loops": 1,
          "Recheck Cond": "(keyword_id > 99351)",
          "Rows Removed by Index Recheck": 0,
          "Exact Heap Blocks": 12300,
          "Lossy Heap Blocks": 0,
          "Plans": [
            {
              "Node Type": "Bitmap Index Scan",
              "Parent Relationship": "Outer",
              "Parallel Aware": false,
              "Index Name": "keyword_id_movie_keyword",
              "Startup Cost": 0.0,
              "Total Cost": 1057.25,
              "Plan Rows": 50242,
              "Plan Width": 0,
              "Actual Startup Time": 11.796,
              "Actual Total Time": 11.797,
              "Actual Rows": 50399,
              "Actual Loops": 1,
              "Index Cond": "(keyword_id > 99351)"
            }
          ]
        }
      ]
    },
    "Planning Time": 0.307,
    "Triggers": [],
    "Execution Time": 48.529
  }
]