[
  {
    "Plan": {
      "Node Type": "Aggregate",
      "Strategy": "Plain",
      "Partial Mode": "Simple",
      "Parallel Aware": false,
      "Startup Cost": 26324.63,
      "Total Cost": 26324.64,
      "Plan Rows": 1,
      "Plan Width": 8,
      "Actual Startup Time": 46.57,
      "Actual Total Time": 46.571,
      "Actual Rows": 1,
      "Actual Loops": 1,
      "Plans": [
        {
          "Node Type": "Bitmap Heap Scan",
          "Parent Relationship": "Outer",
          "Parallel Aware": false,
          "Relation Name": "movie_keyword",
          "Alias": "mk",
          "Startup Cost": 1096.43,
          "Total Cost": 26195.6,
          "Plan Rows": 51613,
          "Plan Width": 0,
          "Actual Startup Time": 13.85,
          "Actual Total Time": 42.972,
          "Actual Rows": 50399,
          "Actual Loops": 1,
          "Recheck Cond": "(keyword_id > 99351)",
          "Rows Removed by Index Recheck": 0,
          "Exact Heap Blocks": 12300,
          "Lossy Heap Blocks": 0,
          "Plans": [
            {
              "Node Type": "Bitmap Index Scan",
              "Parent Relationship": "Outer",
              "Parallel Aware": false,
              "Index Name": "keyword_id_movie_keyword",
              "Startup Cost": 0.0,
              "Total Cost": 1083.53,
              "Plan Rows": 51613,
              "Plan Width": 0,
              "Actual Startup Time": 8.602,
              "Actual Total Time": 8.602,
              "Actual Rows": 50399,
              "Actual Loops": 1,
              "Index Cond": "(keyword_id > 99351)"
            }
          ]
        }
      ]
    },
    "Planning Time": 0.237,
    "Triggers": [],
    "Execution Time": 46.62
  }
]