[
  {
    "Plan": {
      "Node Type": "Aggregate",
      "Strategy": "Plain",
      "Partial Mode": "Finalize",
      "Parallel Aware": false,
      "Startup Cost": 303753.21,
      "Total Cost": 303753.22,
      "Plan Rows": 1,
      "Plan Width": 8,
      "Actual Startup Time": 1923.147,
      "Actual Total Time": 1976.862,
      "Actual Rows": 1,
      "Actual Loops": 1,
      "Plans": [
        {
          "Node Type": "Gather",
          "Parent Relationship": "Outer",
          "Parallel Aware": false,
          "Startup Cost": 303752.69,
          "Total Cost": 303753.2,
          "Plan Rows": 5,
          "Plan Width": 8,
          "Actual Startup Time": 1898.712,
          "Actual Total Time": 1976.851,
          "Actual Rows": 6,
          "Actual Loops": 1,
          "Workers Planned": 5,
          "Workers Launched": 5,
          "Single Copy": false,
          "Plans": [
            {
              "Node Type": "Aggregate",
              "Strategy": "Plain",
              "Partial Mode": "Partial",
              "Parent Relationship": "Outer",
              "Parallel Aware": false,
              "Startup Cost": 302752.69,
              "Total Cost": 302752.7,
              "Plan Rows": 1,
              "Plan Width": 8,
              "Actual Startup Time": 1887.271,
              "Actual Total Time": 1887.281,
              "Actual Rows": 1,
              "Actual Loops": 6,
              "Plans": [
                {
                  "Node Type": "Hash Join",
                  "Parent Relationship": "Outer",
                  "Parallel Aware": true,
                  "Join Type": "Inner",
                  "Startup Cost": 95323.75,
                  "Total Cost": 300740.24,
                  "Plan Rows": 804981,
                  "Plan Width": 0,
                  "Actual Startup Time": 518.536,
                  "Actual Total Time": 1658.725,
                  "Actual Rows": 4494956,
                  "Actual Loops": 6,
                  "Inner Unique": false,
                  "Hash Cond": "(mi.movie_id = t.id)",
                  "Plans": [
                    {
                      "Node Type": "Seq Scan",
                      "Parent Relationship": "Outer",
                      "Parallel Aware": true,
                      "Relation Name": "movie_info",
                      "Alias": "mi",
                      "Startup Cost": 0.0,
                      "Total Cost": 191685.19,
                      "Plan Rows": 2969219,
                      "Plan Width": 4,
                      "Actual Startup Time": 0.042,
                      "Actual Total Time": 312.121,
                      "Actual Rows": 2472620,
                      "Actual Loops": 6
                    },
                    {
                      "Node Type": "Hash",
                      "Parent Relationship": "Inner",
                      "Parallel Aware": true,
                      "Startup Cost": 92559.73,
                      "Total Cost": 92559.73,
                      "Plan Rows": 221122,
                      "Plan Width": 8,
                      "Actual Startup Time": 514.628,
                      "Actual Total Time": 514.635,
                      "Actual Rows": 114860,
                      "Actual Loops": 6,
                      "Hash Buckets": 1048576,
                      "Original Hash Buckets": 1048576,
                      "Hash Batches": 1,
                      "Original Hash Batches": 1,
                      "Peak Memory Usage": 35232,
                      "Plans": [
                        {
                          "Node Type": "Hash Join",
                          "Parent Relationship": "Outer",
                          "Parallel Aware": true,
                          "Join Type": "Inner",
                          "Startup Cost": 64761.26,
                          "Total Cost": 92559.73,
                          "Plan Rows": 221122,
                          "Plan Width": 8,
                          "Actual Startup Time": 354.249,
                          "Actual Total Time": 460.638,
                          "Actual Rows": 114860,
                          "Actual Loops": 6,
                          "Inner Unique": true,
                          "Hash Cond": "(mk.movie_id = t.id)",
                          "Plans": [
                            {
                              "Node Type": "Bitmap Heap Scan",
                              "Parent Relationship": "Outer",
                              "Parallel Aware": true,
                              "Relation Name": "movie_keyword",
                              "Alias": "mk",
                              "Startup Cost": 14540.88,
                              "Total Cost": 41758.9,
                              "Plan Rows": 221122,
                              "Plan Width": 4,
                              "Actual Startup Time": 42.146,
                              "Actual Total Time": 94.664,
                              "Actual Rows": 114860,
                              "Actual Loops": 6,
                              "Recheck Cond": "(keyword_id < 571)",
                              "Rows Removed by Index Recheck": 0,
                              "Exact Heap Blocks": 4501,
                              "Lossy Heap Blocks": 0,
                              "Plans": [
                                {
                                  "Node Type": "Bitmap Index Scan",
                                  "Parent Relationship": "Outer",
                                  "Parallel Aware": false,
                                  "Index Name": "keyword_id_movie_keyword",
                                  "Startup Cost": 0.0,
                                  "Total Cost": 14369.51,
                                  "Plan Rows": 685477,
                                  "Plan Width": 0,
                                  "Actual Startup Time": 38.548,
                                  "Actual Total Time": 38.55,
                                  "Actual Rows": 689160,
                                  "Actual Loops": 1,
                                  "Index Cond": "(keyword_id < 571)"
                                }
                              ]
                            },
                            {
                              "Node Type": "Hash",
                              "Parent Relationship": "Inner",
                              "Parallel Aware": true,
                              "Startup Cost": 42319.06,
                              "Total Cost": 42319.06,
                              "Plan Rows": 632106,
                              "Plan Width": 4,
                              "Actual Startup Time": 306.441,
                              "Actual Total Time": 306.443,
                              "Actual Rows": 421385,
                              "Actual Loops": 6,
                              "Hash Buckets": 4194304,
                              "Original Hash Buckets": 4194304,
                              "Hash Batches": 1,
                              "Original Hash Batches": 1,
                              "Peak Memory Usage": 131776,
                              "Plans": [
                                {
                                  "Node Type": "Seq Scan",
                                  "Parent Relationship": "Outer",
                                  "Parallel Aware": true,
                                  "Relation Name": "title",
                                  "Alias": "t",
                                  "Startup Cost": 0.0,
                                  "Total Cost": 42319.06,
                                  "Plan Rows": 632106,
                                  "Plan Width": 4,
                                  "Actual Startup Time": 0.067,
                                  "Actual Total Time": 87.34,
                                  "Actual Rows": 421385,
                                  "Actual Loops": 6
                                }
                              ]
                            }
                          ]
                        }
                      ]
                    }
                  ]
                }
              ]
            }
          ]
        }
      ]
    },
    "Planning Time": 0.501,
    "Triggers": [],
    "Execution Time": 1976.932
  }
]