[
  {
    "Plan": {
      "Node Type": "Aggregate",
      "Strategy": "Plain",
      "Partial Mode": "Finalize",
      "Parallel Aware": false,
      "Startup Cost": 349240.59,
      "Total Cost": 349240.6,
      "Plan Rows": 1,
      "Plan Width": 8,
      "Actual Startup Time": 872.107,
      "Actual Total Time": 916.217,
      "Actual Rows": 1,
      "Actual Loops": 1,
      "Plans": [
        {
          "Node Type": "Gather",
          "Parent Relationship": "Outer",
          "Parallel Aware": false,
          "Startup Cost": 349239.96,
          "Total Cost": 349240.57,
          "Plan Rows": 6,
          "Plan Width": 8,
          "Actual Startup Time": 871.915,
          "Actual Total Time": 916.198,
          "Actual Rows": 7,
          "Actual Loops": 1,
          "Workers Planned": 6,
          "Workers Launched": 6,
          "Single Copy": false,
          "Plans": [
            {
              "Node Type": "Aggregate",
              "Strategy": "Plain",
              "Partial Mode": "Partial",
              "Parent Relationship": "Outer",
              "Parallel Aware": false,
              "Startup Cost": 348239.96,
              "Total Cost": 348239.97,
              "Plan Rows": 1,
              "Plan Width": 8,
              "Actual Startup Time": 862.468,
              "Actual Total Time": 862.469,
              "Actual Rows": 1,
              "Actual Loops": 7,
              "Plans": [
                {
                  "Node Type": "Seq Scan",
                  "Parent Relationship": "Outer",
                  "Parallel Aware": true,
                  "Relation Name": "cast_info",
                  "Alias": "ci",
                  "Startup Cost": 0.0,
                  "Total Cost": 343316.27,
                  "Plan Rows": 1969476,
                  "Plan Width": 0,
                  "Actual Startup Time": 0.064,
                  "Actual Total Time": 737.591,
                  "Actual Rows": 2294492,
                  "Actual Loops": 7,
                  "Filter": "((person_id < 2174886) AND (role_id < 3))",
                  "Rows Removed by Filter": 2883271
                }
              ]
            }
          ]
        }
      ]
    },
    "Planning Time": 0.141,
    "Triggers": [],
    "Execution Time": 916.262
  }
]