{
  "Plan": {
    "Node Type": "Aggregate",
    "Strategy": "Plain",
    "Partial Mode": "Finalize",
    "Parallel Aware": false,
    "Startup Cost": 481659.08,
    "Total Cost": 481659.09,
    "Plan Rows": 1,
    "Plan Width": 8,
    "Actual Startup Time": 1205.932,
    "Actual Total Time": 1244.207,
    "Actual Rows": 1,
    "Actual Loops": 1,
    "Plans": [
      {
        "Node Type": "Gather",
        "Parent Relationship": "Outer",
        "Parallel Aware": false,
        "Startup Cost": 481658.97,
        "Total Cost": 481659.08,
        "Plan Rows": 1,
        "Plan Width": 8,
        "Actual Startup Time": 1203.999,
        "Actual Total Time": 1244.2,
        "Actual Rows": 2,
        "Actual Loops": 1,
        "Workers Planned": 1,
        "Workers Launched": 1,
        "Single Copy": false,
        "Plans": [
          {
            "Node Type": "Aggregate",
            "Strategy": "Plain",
            "Partial Mode": "Partial",
            "Parent Relationship": "Outer",
            "Parallel Aware": false,
            "Startup Cost": 480658.97,
            "Total Cost": 480658.98,
            "Plan Rows": 1,
            "Plan Width": 8,
            "Actual Startup Time": 1198.063,
            "Actual Total Time": 1198.066,
            "Actual Rows": 1,
            "Actual Loops": 2,
            "Plans": [
              {
                "Node Type": "Hash Join",
                "Parent Relationship": "Outer",
                "Parallel Aware": true,
                "Join Type": "Inner",
                "Startup Cost": 65214.23,
                "Total Cost": 476877.61,
                "Plan Rows": 1512544,
                "Plan Width": 0,
                "Actual Startup Time": 968.997,
                "Actual Total Time": 1190.252,
                "Actual Rows": 183252,
                "Actual Loops": 2,
                "Inner Unique": true,
                "Hash Cond": "(ci.movie_id = t.id)",
                "Plans": [
                  {
                    "Node Type": "Index Scan",
                    "Parent Relationship": "Outer",
                    "Parallel Aware": true,
                    "Scan Direction": "Forward",
                    "Index Name": "role_id_cast_info",
                    "Relation Name": "cast_info",
                    "Alias": "ci",
                    "Startup Cost": 0.56,
                    "Total Cost": 400977.7,
                    "Plan Rows": 4070939,
                    "Plan Width": 4,
                    "Actual Startup Time": 699.629,
                    "Actual Total Time": 783.484,
                    "Actual Rows": 526368,
                    "Actual Loops": 2,
                    "Index Cond": "(role_id < 2)",
                    "Rows Removed by Index Recheck": 0,
                    "Filter": "(person_id > 1596163)",
                    "Rows Removed by Filter": 5808976
                  },
                  {
                    "Node Type": "Hash",
                    "Parent Relationship": "Inner",
                    "Parallel Aware": true,
                    "Startup Cost": 58306.47,
                    "Total Cost": 58306.47,
                    "Plan Rows": 552576,
                    "Plan Width": 4,
                    "Actual Startup Time": 260.19,
                    "Actual Total Time": 260.191,
                    "Actual Rows": 438018,
                    "Actual Loops": 2,
                    "Hash Buckets": 1048576,
                    "Original Hash Buckets": 1048576,
                    "Hash Batches": 1,
                    "Original Hash Batches": 1,
                    "Peak Memory Usage": 42496,
                    "Plans": [
                      {
                        "Node Type": "Seq Scan",
                        "Parent Relationship": "Outer",
                        "Parallel Aware": true,
                        "Relation Name": "title",
                        "Alias": "t",
                        "Startup Cost": 0.0,
                        "Total Cost": 58306.47,
                        "Plan Rows": 552576,
                        "Plan Width": 4,
                        "Actual Startup Time": 0.033,
                        "Actual Total Time": 158.528,
                        "Actual Rows": 438018,
                        "Actual Loops": 2,
                        "Filter": "((production_year < 2007) AND (kind_id = 7))",
                        "Rows Removed by Filter": 826138
                      }
                    ]
                  }
                ]
              }
            ]
          }
        ]
      }
    ]
  },
  "Planning Time": 0.707,
  "Triggers": [],
  "Execution Time": 1244.288
}