{
  "Plan": {
    "Node Type": "Aggregate",
    "Strategy": "Plain",
    "Partial Mode": "Finalize",
    "Parallel Aware": false,
    "Startup Cost": 370726.34,
    "Total Cost": 370726.35,
    "Plan Rows": 1,
    "Plan Width": 8,
    "Actual Startup Time": 3225.265,
    "Actual Total Time": 3275.237,
    "Actual Rows": 1,
    "Actual Loops": 1,
    "Plans": [
      {
        "Node Type": "Gather",
        "Parent Relationship": "Outer",
        "Parallel Aware": false,
        "Startup Cost": 370726.23,
        "Total Cost": 370726.34,
        "Plan Rows": 1,
        "Plan Width": 8,
        "Actual Startup Time": 3221.244,
        "Actual Total Time": 3275.228,
        "Actual Rows": 2,
        "Actual Loops": 1,
        "Workers Planned": 1,
        "Workers Launched": 1,
        "Single Copy": false,
        "Plans": [
          {
            "Node Type": "Aggregate",
            "Strategy": "Plain",
            "Partial Mode": "Partial",
            "Parent Relationship": "Outer",
            "Parallel Aware": false,
            "Startup Cost": 369726.23,
            "Total Cost": 369726.24,
            "Plan Rows": 1,
            "Plan Width": 8,
            "Actual Startup Time": 3213.217,
            "Actual Total Time": 3213.22,
            "Actual Rows": 1,
            "Actual Loops": 2,
            "Plans": [
              {
                "Node Type": "Hash Join",
                "Parent Relationship": "Outer",
                "Parallel Aware": true,
                "Join Type": "Inner",
                "Startup Cost": 65568.81,
                "Total Cost": 357679.95,
                "Plan Rows": 4818513,
                "Plan Width": 0,
                "Actual Startup Time": 441.789,
                "Actual Total Time": 3049.551,
                "Actual Rows": 3481851,
                "Actual Loops": 2,
                "Inner Unique": true,
                "Hash Cond": "(mi.movie_id = t.id)",
                "Plans": [
                  {
                    "Node Type": "Seq Scan",
                    "Parent Relationship": "Outer",
                    "Parallel Aware": true,
                    "Relation Name": "movie_info",
                    "Alias": "mi",
                    "Startup Cost": 0.0,
                    "Total Cost": 270696.42,
                    "Plan Rows": 8157974,
                    "Plan Width": 4,
                    "Actual Startup Time": 0.012,
                    "Actual Total Time": 896.886,
                    "Actual Rows": 6981748,
                    "Actual Loops": 2,
                    "Filter": "(info_type_id < 98)",
                    "Rows Removed by Filter": 436112
                  },
                  {
                    "Node Type": "Hash",
                    "Parent Relationship": "Inner",
                    "Parallel Aware": true,
                    "Startup Cost": 54588.39,
                    "Total Cost": 54588.39,
                    "Plan Rows": 878434,
                    "Plan Width": 4,
                    "Actual Startup Time": 425.352,
                    "Actual Total Time": 425.353,
                    "Actual Rows": 742515,
                    "Actual Loops": 2,
                    "Hash Buckets": 2097152,
                    "Original Hash Buckets": 2097152,
                    "Hash Batches": 1,
                    "Original Hash Batches": 1,
                    "Peak Memory Usage": 74496,
                    "Plans": [
                      {
                        "Node Type": "Seq Scan",
                        "Parent Relationship": "Outer",
                        "Parallel Aware": true,
                        "Relation Name": "title",
                        "Alias": "t",
                        "Startup Cost": 0.0,
                        "Total Cost": 54588.39,
                        "Plan Rows": 878434,
                        "Plan Width": 4,
                        "Actual Startup Time": 0.044,
                        "Actual Total Time": 199.385,
                        "Actual Rows": 742515,
                        "Actual Loops": 2,
                        "Filter": "(production_year > 1998)",
                        "Rows Removed by Filter": 521641
                      }
                    ]
                  }
                ]
              }
            ]
          }
        ]
      }
    ]
  },
  "Planning Time": 0.621,
  "Triggers": [],
  "Execution Time": 3275.311
}