[
    {
        "Bao": {
            "Bao prediction": "NaN",
            "Bao recommended hint": "(no hint)"
        }
    },
    {
        "Plan": {
            "Node Type": "Aggregate",
            "Strategy": "Plain",
            "Partial Mode": "Finalize",
            "Parallel Aware": false,
            "Startup Cost": 80723.15,
            "Total Cost": 80723.16,
            "Plan Rows": 1,
            "Plan Width": 8,
            "Actual Startup Time": 331.505,
            "Actual Total Time": 340.28,
            "Actual Rows": 1,
            "Actual Loops": 1,
            "Output": [
                "count(*)"
            ],
            "Plans": [
                {
                    "Node Type": "Gather",
                    "Parent Relationship": "Outer",
                    "Parallel Aware": false,
                    "Startup Cost": 80722.73,
                    "Total Cost": 80723.14,
                    "Plan Rows": 4,
                    "Plan Width": 8,
                    "Actual Startup Time": 328.517,
                    "Actual Total Time": 340.27,
                    "Actual Rows": 5,
                    "Actual Loops": 1,
                    "Output": [
                        "(PARTIAL count(*))"
                    ],
                    "Workers Planned": 4,
                    "Workers Launched": 4,
                    "Single Copy": false,
                    "Plans": [
                        {
                            "Node Type": "Aggregate",
                            "Strategy": "Plain",
                            "Partial Mode": "Partial",
                            "Parent Relationship": "Outer",
                            "Parallel Aware": false,
                            "Startup Cost": 79722.73,
                            "Total Cost": 79722.74,
                            "Plan Rows": 1,
                            "Plan Width": 8,
                            "Actual Startup Time": 319.626,
                            "Actual Total Time": 319.629,
                            "Actual Rows": 1,
                            "Actual Loops": 5,
                            "Output": [
                                "PARTIAL count(*)"
                            ],
                            "Workers": [
                                {
                                    "Worker Number": 0,
                                    "Actual Startup Time": 317.515,
                                    "Actual Total Time": 317.518,
                                    "Actual Rows": 1,
                                    "Actual Loops": 1
                                },
                                {
                                    "Worker Number": 1,
                                    "Actual Startup Time": 317.214,
                                    "Actual Total Time": 317.217,
                                    "Actual Rows": 1,
                                    "Actual Loops": 1
                                },
                                {
                                    "Worker Number": 2,
                                    "Actual Startup Time": 317.604,
                                    "Actual Total Time": 317.607,
                                    "Actual Rows": 1,
                                    "Actual Loops": 1
                                },
                                {
                                    "Worker Number": 3,
                                    "Actual Startup Time": 317.764,
                                    "Actual Total Time": 317.767,
                                    "Actual Rows": 1,
                                    "Actual Loops": 1
                                }
                            ],
                            "Plans": [
                                {
                                    "Node Type": "Hash Join",
                                    "Parent Relationship": "Outer",
                                    "Parallel Aware": true,
                                    "Join Type": "Inner",
                                    "Startup Cost": 32951.16,
                                    "Total Cost": 79158.45,
                                    "Plan Rows": 225710,
                                    "Plan Width": 0,
                                    "Actual Startup Time": 117.91,
                                    "Actual Total Time": 311.585,
                                    "Actual Rows": 180061,
                                    "Actual Loops": 5,
                                    "Inner Unique": false,
                                    "Hash Cond": "(t.id = mc.movie_id)",
                                    "Workers": [
                                        {
                                            "Worker Number": 0,
                                            "Actual Startup Time": 115.387,
                                            "Actual Total Time": 309.425,
                                            "Actual Rows": 176351,
                                            "Actual Loops": 1
                                        },
                                        {
                                            "Worker Number": 1,
                                            "Actual Startup Time": 115.634,
                                            "Actual Total Time": 309.154,
                                            "Actual Rows": 176182,
                                            "Actual Loops": 1
                                        },
                                        {
                                            "Worker Number": 2,
                                            "Actual Startup Time": 115.978,
                                            "Actual Total Time": 309.591,
                                            "Actual Rows": 172983,
                                            "Actual Loops": 1
                                        },
                                        {
                                            "Worker Number": 3,
                                            "Actual Startup Time": 116.152,
                                            "Actual Total Time": 309.763,
                                            "Actual Rows": 173312,
                                            "Actual Loops": 1
                                        }
                                    ],
                                    "Plans": [
                                        {
                                            "Node Type": "Seq Scan",
                                            "Parent Relationship": "Outer",
                                            "Parallel Aware": true,
                                            "Relation Name": "title",
                                            "Schema": "public",
                                            "Alias": "t",
                                            "Startup Cost": 0.0,
                                            "Total Cost": 42318.81,
                                            "Plan Rows": 632080,
                                            "Plan Width": 4,
                                            "Actual Startup Time": 0.01,
                                            "Actual Total Time": 56.162,
                                            "Actual Rows": 505662,
                                            "Actual Loops": 5,
                                            "Output": [
                                                "t.id",
                                                "t.title",
                                                "t.imdb_index",
                                                "t.kind_id",
                                                "t.production_year",
                                                "t.imdb_id",
                                                "t.phonetic_code",
                                                "t.episode_of_id",
                                                "t.season_nr",
                                                "t.episode_nr",
                                                "t.series_years",
                                                "t.md5sum"
                                            ],
                                            "Workers": [
                                                {
                                                    "Worker Number": 0,
                                                    "Actual Startup Time": 0.012,
                                                    "Actual Total Time": 59.116,
                                                    "Actual Rows": 494475,
                                                    "Actual Loops": 1
                                                },
                                                {
                                                    "Worker Number": 1,
                                                    "Actual Startup Time": 0.014,
                                                    "Actual Total Time": 59.123,
                                                    "Actual Rows": 494893,
                                                    "Actual Loops": 1
                                                },
                                                {
                                                    "Worker Number": 2,
                                                    "Actual Startup Time": 0.009,
                                                    "Actual Total Time": 57.935,
                                                    "Actual Rows": 486209,
                                                    "Actual Loops": 1
                                                },
                                                {
                                                    "Worker Number": 3,
                                                    "Actual Startup Time": 0.011,
                                                    "Actual Total Time": 57.737,
                                                    "Actual Rows": 484304,
                                                    "Actual Loops": 1
                                                }
                                            ]
                                        },
                                        {
                                            "Node Type": "Hash",
                                            "Parent Relationship": "Inner",
                                            "Parallel Aware": true,
                                            "Startup Cost": 29310.68,
                                            "Total Cost": 29310.68,
                                            "Plan Rows": 291238,
                                            "Plan Width": 4,
                                            "Actual Startup Time": 115.31,
                                            "Actual Total Time": 115.311,
                                            "Actual Rows": 180061,
                                            "Actual Loops": 5,
                                            "Output": [
                                                "mc.movie_id"
                                            ],
                                            "Hash Buckets": 1048576,
                                            "Original Hash Buckets": 1048576,
                                            "Hash Batches": 1,
                                            "Original Hash Batches": 1,
                                            "Peak Memory Usage": 43520,
                                            "Workers": [
                                                {
                                                    "Worker Number": 0,
                                                    "Actual Startup Time": 114.65,
                                                    "Actual Total Time": 114.651,
                                                    "Actual Rows": 162892,
                                                    "Actual Loops": 1
                                                },
                                                {
                                                    "Worker Number": 1,
                                                    "Actual Startup Time": 114.838,
                                                    "Actual Total Time": 114.839,
                                                    "Actual Rows": 168250,
                                                    "Actual Loops": 1
                                                },
                                                {
                                                    "Worker Number": 2,
                                                    "Actual Startup Time": 115.234,
                                                    "Actual Total Time": 115.235,
                                                    "Actual Rows": 155504,
                                                    "Actual Loops": 1
                                                },
                                                {
                                                    "Worker Number": 3,
                                                    "Actual Startup Time": 115.389,
                                                    "Actual Total Time": 115.391,
                                                    "Actual Rows": 160070,
                                                    "Actual Loops": 1
                                                }
                                            ],
                                            "Plans": [
                                                {
                                                    "Node Type": "Seq Scan",
                                                    "Parent Relationship": "Outer",
                                                    "Parallel Aware": true,
                                                    "Relation Name": "movie_companies",
                                                    "Schema": "public",
                                                    "Alias": "mc",
                                                    "Startup Cost": 0.0,
                                                    "Total Cost": 29310.68,
                                                    "Plan Rows": 291238,
                                                    "Plan Width": 4,
                                                    "Actual Startup Time": 0.051,
                                                    "Actual Total Time": 59.376,
                                                    "Actual Rows": 180061,
                                                    "Actual Loops": 5,
                                                    "Output": [
                                                        "mc.movie_id"
                                                    ],
                                                    "Filter": "(mc.company_id < 2879)",
                                                    "Rows Removed by Filter": 341765,
                                                    "Workers": [
                                                        {
                                                            "Worker Number": 0,
                                                            "Actual Startup Time": 0.06,
                                                            "Actual Total Time": 60.674,
                                                            "Actual Rows": 162892,
                                                            "Actual Loops": 1
                                                        },
                                                        {
                                                            "Worker Number": 1,
                                                            "Actual Startup Time": 0.059,
                                                            "Actual Total Time": 61.313,
                                                            "Actual Rows": 168250,
                                                            "Actual Loops": 1
                                                        },
                                                        {
                                                            "Worker Number": 2,
                                                            "Actual Startup Time": 0.062,
                                                            "Actual Total Time": 59.4,
                                                            "Actual Rows": 155504,
                                                            "Actual Loops": 1
                                                        },
                                                        {
                                                            "Worker Number": 3,
                                                            "Actual Startup Time": 0.061,
                                                            "Actual Total Time": 59.78,
                                                            "Actual Rows": 160070,
                                                            "Actual Loops": 1
                                                        }
                                                    ]
                                                }
                                            ]
                                        }
                                    ]
                                }
                            ]
                        }
                    ]
                }
            ]
        },
        "Planning Time": 195.431,
        "Triggers": [],
        "Execution Time": 340.376
    }
]