{
  "Plan": {
    "Node Type": "Aggregate",
    "Strategy": "Plain",
    "Partial Mode": "Finalize",
    "Parallel Aware": false,
    "Startup Cost": 186114.21,
    "Total Cost": 186114.22,
    "Plan Rows": 1,
    "Plan Width": 8,
    "Actual Startup Time": 849.006,
    "Actual Total Time": 867.336,
    "Actual Rows": 1,
    "Actual Loops": 1,
    "Plans": [
      {
        "Node Type": "Gather",
        "Parent Relationship": "Outer",
        "Parallel Aware": false,
        "Startup Cost": 186114.09,
        "Total Cost": 186114.2,
        "Plan Rows": 1,
        "Plan Width": 8,
        "Actual Startup Time": 847.946,
        "Actual Total Time": 867.326,
        "Actual Rows": 2,
        "Actual Loops": 1,
        "Workers Planned": 1,
        "Workers Launched": 1,
        "Single Copy": false,
        "Plans": [
          {
            "Node Type": "Aggregate",
            "Strategy": "Plain",
            "Partial Mode": "Partial",
            "Parent Relationship": "Outer",
            "Parallel Aware": false,
            "Startup Cost": 185114.09,
            "Total Cost": 185114.1,
            "Plan Rows": 1,
            "Plan Width": 8,
            "Actual Startup Time": 842.316,
            "Actual Total Time": 842.48,
            "Actual Rows": 1,
            "Actual Loops": 2,
            "Plans": [
              {
                "Node Type": "Hash Join",
                "Parent Relationship": "Outer",
                "Parallel Aware": true,
                "Join Type": "Inner",
                "Startup Cost": 54496.01,
                "Total Cost": 184859.51,
                "Plan Rows": 101833,
                "Plan Width": 0,
                "Actual Startup Time": 133.517,
                "Actual Total Time": 838.708,
                "Actual Rows": 65614,
                "Actual Loops": 2,
                "Inner Unique": true,
                "Hash Cond": "(ci.movie_id = t.id)",
                "Plans": [
                  {
                    "Node Type": "Index Scan",
                    "Parent Relationship": "Outer",
                    "Parallel Aware": true,
                    "Scan Direction": "Forward",
                    "Index Name": "role_id_cast_info",
                    "Relation Name": "cast_info",
                    "Alias": "ci",
                    "Startup Cost": 0.56,
                    "Total Cost": 124115.52,
                    "Plan Rows": 2380394,
                    "Plan Width": 4,
                    "Actual Startup Time": 0.195,
                    "Actual Total Time": 323.945,
                    "Actual Rows": 2004018,
                    "Actual Loops": 2,
                    "Index Cond": "(role_id = 3)",
                    "Rows Removed by Index Recheck": 0
                  },
                  {
                    "Node Type": "Hash",
                    "Parent Relationship": "Inner",
                    "Parallel Aware": true,
                    "Startup Cost": 53700.15,
                    "Total Cost": 53700.15,
                    "Plan Rows": 63624,
                    "Plan Width": 4,
                    "Actual Startup Time": 131.083,
                    "Actual Total Time": 131.085,
                    "Actual Rows": 122020,
                    "Actual Loops": 2,
                    "Hash Buckets": 262144,
                    "Original Hash Buckets": 131072,
                    "Hash Batches": 1,
                    "Original Hash Batches": 1,
                    "Peak Memory Usage": 12672,
                    "Plans": [
                      {
                        "Node Type": "Bitmap Heap Scan",
                        "Parent Relationship": "Outer",
                        "Parallel Aware": true,
                        "Relation Name": "title",
                        "Alias": "t",
                        "Startup Cost": 11849.89,
                        "Total Cost": 53700.15,
                        "Plan Rows": 63624,
                        "Plan Width": 4,
                        "Actual Startup Time": 31.218,
                        "Actual Total Time": 99.741,
                        "Actual Rows": 122020,
                        "Actual Loops": 2,
                        "Recheck Cond": "(kind_id = 1)",
                        "Rows Removed by Index Recheck": 0,
                        "Filter": "(production_year < 1974)",
                        "Rows Removed by Filter": 209392,
                        "Exact Heap Blocks": 9229,
                        "Lossy Heap Blocks": 0,
                        "Plans": [
                          {
                            "Node Type": "Bitmap Index Scan",
                            "Parent Relationship": "Outer",
                            "Parallel Aware": false,
                            "Index Name": "kind_id_title",
                            "Startup Cost": 0.0,
                            "Total Cost": 11822.85,
                            "Plan Rows": 663256,
                            "Plan Width": 0,
                            "Actual Startup Time": 32.937,
                            "Actual Total Time": 32.937,
                            "Actual Rows": 662825,
                            "Actual Loops": 1,
                            "Index Cond": "(kind_id = 1)"
                          }
                        ]
                      }
                    ]
                  }
                ]
              }
            ]
          }
        ]
      }
    ]
  },
  "Planning Time": 0.397,
  "Triggers": [],
  "Execution Time": 867.415
}