[
  {
    "Plan": {
      "Node Type": "Aggregate",
      "Strategy": "Plain",
      "Partial Mode": "Simple",
      "Parallel Aware": false,
      "Startup Cost": 28217.98,
      "Total Cost": 28217.99,
      "Plan Rows": 1,
      "Plan Width": 8,
      "Actual Startup Time": 70.221,
      "Actual Total Time": 70.223,
      "Actual Rows": 1,
      "Actual Loops": 1,
      "Plans": [
        {
          "Node Type": "Bitmap Heap Scan",
          "Parent Relationship": "Outer",
          "Parallel Aware": false,
          "Relation Name": "movie_keyword",
          "Alias": "mk",
          "Startup Cost": 2205.6,
          "Total Cost": 27958.25,
          "Plan Rows": 103892,
          "Plan Width": 0,
          "Actual Startup Time": 23.277,
          "Actual Total Time": 65.284,
          "Actual Rows": 102543,
          "Actual Loops": 1,
          "Recheck Cond": "(keyword_id > 81685)",
          "Rows Removed by Index Recheck": 0,
          "Exact Heap Blocks": 17466,
          "Lossy Heap Blocks": 0,
          "Plans": [
            {
              "Node Type": "Bitmap Index Scan",
              "Parent Relationship": "Outer",
              "Parallel Aware": false,
              "Index Name": "keyword_id_movie_keyword",
              "Startup Cost": 0.0,
              "Total Cost": 2179.62,
              "Plan Rows": 103892,
              "Plan Width": 0,
              "Actual Startup Time": 17.687,
              "Actual Total Time": 17.687,
              "Actual Rows": 102543,
              "Actual Loops": 1,
              "Index Cond": "(keyword_id > 81685)"
            }
          ]
        }
      ]
    },
    "Planning Time": 0.174,
    "Triggers": [],
    "Execution Time": 70.285
  }
]