[
    {
        "Bao": {
            "Bao prediction": 2220.995,
            "Bao recommended hint": "SET enable_nestloop TO off; "
        }
    },
    {
        "Plan": {
            "Node Type": "Aggregate",
            "Strategy": "Plain",
            "Partial Mode": "Finalize",
            "Parallel Aware": false,
            "Startup Cost": 525953.44,
            "Total Cost": 525953.45,
            "Plan Rows": 1,
            "Plan Width": 64,
            "Actual Startup Time": 3578.811,
            "Actual Total Time": 3703.333,
            "Actual Rows": 1,
            "Actual Loops": 1,
            "Output": [
                "min(n.name)",
                "min(n.name)"
            ],
            "Plans": [
                {
                    "Node Type": "Gather",
                    "Parent Relationship": "Outer",
                    "Parallel Aware": false,
                    "Startup Cost": 525953.11,
                    "Total Cost": 525953.42,
                    "Plan Rows": 3,
                    "Plan Width": 32,
                    "Actual Startup Time": 3576.059,
                    "Actual Total Time": 3703.304,
                    "Actual Rows": 4,
                    "Actual Loops": 1,
                    "Output": [
                        "(PARTIAL min(n.name))"
                    ],
                    "Workers Planned": 3,
                    "Workers Launched": 3,
                    "Single Copy": false,
                    "Plans": [
                        {
                            "Node Type": "Aggregate",
                            "Strategy": "Plain",
                            "Partial Mode": "Partial",
                            "Parent Relationship": "Outer",
                            "Parallel Aware": false,
                            "Startup Cost": 524953.11,
                            "Total Cost": 524953.12,
                            "Plan Rows": 1,
                            "Plan Width": 32,
                            "Actual Startup Time": 3564.898,
                            "Actual Total Time": 3564.912,
                            "Actual Rows": 1,
                            "Actual Loops": 4,
                            "Output": [
                                "PARTIAL min(n.name)"
                            ],
                            "Workers": [
                                {
                                    "Worker Number": 0,
                                    "Actual Startup Time": 3561.595,
                                    "Actual Total Time": 3561.609,
                                    "Actual Rows": 1,
                                    "Actual Loops": 1
                                },
                                {
                                    "Worker Number": 1,
                                    "Actual Startup Time": 3561.638,
                                    "Actual Total Time": 3561.653,
                                    "Actual Rows": 1,
                                    "Actual Loops": 1
                                },
                                {
                                    "Worker Number": 2,
                                    "Actual Startup Time": 3562.009,
                                    "Actual Total Time": 3562.02,
                                    "Actual Rows": 1,
                                    "Actual Loops": 1
                                }
                            ],
                            "Plans": [
                                {
                                    "Node Type": "Hash Join",
                                    "Parent Relationship": "Outer",
                                    "Parallel Aware": true,
                                    "Join Type": "Inner",
                                    "Startup Cost": 494590.16,
                                    "Total Cost": 524953.08,
                                    "Plan Rows": 14,
                                    "Plan Width": 15,
                                    "Actual Startup Time": 3371.302,
                                    "Actual Total Time": 3561.421,
                                    "Actual Rows": 36941,
                                    "Actual Loops": 4,
                                    "Output": [
                                        "n.name"
                                    ],
                                    "Inner Unique": true,
                                    "Hash Cond": "(mc.company_id = cn.id)",
                                    "Workers": [
                                        {
                                            "Worker Number": 0,
                                            "Actual Startup Time": 3367.903,
                                            "Actual Total Time": 3558.347,
                                            "Actual Rows": 40231,
                                            "Actual Loops": 1
                                        },
                                        {
                                            "Worker Number": 1,
                                            "Actual Startup Time": 3367.868,
                                            "Actual Total Time": 3558.314,
                                            "Actual Rows": 31642,
                                            "Actual Loops": 1
                                        },
                                        {
                                            "Worker Number": 2,
                                            "Actual Startup Time": 3368.343,
                                            "Actual Total Time": 3558.548,
                                            "Actual Rows": 37665,
                                            "Actual Loops": 1
                                        }
                                    ],
                                    "Plans": [
                                        {
                                            "Node Type": "Hash Join",
                                            "Parent Relationship": "Outer",
                                            "Parallel Aware": true,
                                            "Join Type": "Inner",
                                            "Startup Cost": 489239.14,
                                            "Total Cost": 519601.96,
                                            "Plan Rows": 39,
                                            "Plan Width": 19,
                                            "Actual Startup Time": 3337.797,
                                            "Actual Total Time": 3512.965,
                                            "Actual Rows": 93291,
                                            "Actual Loops": 4,
                                            "Output": [
                                                "mc.company_id",
                                                "n.name"
                                            ],
                                            "Inner Unique": false,
                                            "Hash Cond": "(mc.movie_id = ci.movie_id)",
                                            "Workers": [
                                                {
                                                    "Worker Number": 0,
                                                    "Actual Startup Time": 3337.88,
                                                    "Actual Total Time": 3512.763,
                                                    "Actual Rows": 109199,
                                                    "Actual Loops": 1
                                                },
                                                {
                                                    "Worker Number": 1,
                                                    "Actual Startup Time": 3337.745,
                                                    "Actual Total Time": 3513.268,
                                                    "Actual Rows": 81859,
                                                    "Actual Loops": 1
                                                },
                                                {
                                                    "Worker Number": 2,
                                                    "Actual Startup Time": 3337.882,
                                                    "Actual Total Time": 3513.209,
                                                    "Actual Rows": 93271,
                                                    "Actual Loops": 1
                                                }
                                            ],
                                            "Plans": [
                                                {
                                                    "Node Type": "Seq Scan",
                                                    "Parent Relationship": "Outer",
                                                    "Parallel Aware": true,
                                                    "Relation Name": "movie_companies",
                                                    "Schema": "public",
                                                    "Alias": "mc",
                                                    "Startup Cost": 0.0,
                                                    "Total Cost": 27206.55,
                                                    "Plan Rows": 841655,
                                                    "Plan Width": 8,
                                                    "Actual Startup Time": 0.032,
                                                    "Actual Total Time": 73.506,
                                                    "Actual Rows": 652282,
                                                    "Actual Loops": 4,
                                                    "Output": [
                                                        "mc.id",
                                                        "mc.movie_id",
                                                        "mc.company_id",
                                                        "mc.company_type_id",
                                                        "mc.note"
                                                    ],
                                                    "Workers": [
                                                        {
                                                            "Worker Number": 0,
                                                            "Actual Startup Time": 0.038,
                                                            "Actual Total Time": 74.165,
                                                            "Actual Rows": 659516,
                                                            "Actual Loops": 1
                                                        },
                                                        {
                                                            "Worker Number": 1,
                                                            "Actual Startup Time": 0.031,
                                                            "Actual Total Time": 73.435,
                                                            "Actual Rows": 543297,
                                                            "Actual Loops": 1
                                                        },
                                                        {
                                                            "Worker Number": 2,
                                                            "Actual Startup Time": 0.036,
                                                            "Actual Total Time": 73.71,
                                                            "Actual Rows": 721016,
                                                            "Actual Loops": 1
                                                        }
                                                    ]
                                                },
                                                {
                                                    "Node Type": "Hash",
                                                    "Parent Relationship": "Inner",
                                                    "Parallel Aware": true,
                                                    "Startup Cost": 489239.04,
                                                    "Total Cost": 489239.04,
                                                    "Plan Rows": 8,
                                                    "Plan Width": 27,
                                                    "Actual Startup Time": 3337.29,
                                                    "Actual Total Time": 3337.301,
                                                    "Actual Rows": 11922,
                                                    "Actual Loops": 4,
                                                    "Output": [
                                                        "ci.movie_id",
                                                        "mk.movie_id",
                                                        "n.name",
                                                        "t.id"
                                                    ],
                                                    "Hash Buckets": 65536,
                                                    "Original Hash Buckets": 1024,
                                                    "Hash Batches": 1,
                                                    "Original Hash Batches": 1,
                                                    "Peak Memory Usage": 4024,
                                                    "Workers": [
                                                        {
                                                            "Worker Number": 0,
                                                            "Actual Startup Time": 3337.316,
                                                            "Actual Total Time": 3337.327,
                                                            "Actual Rows": 10837,
                                                            "Actual Loops": 1
                                                        },
                                                        {
                                                            "Worker Number": 1,
                                                            "Actual Startup Time": 3337.366,
                                                            "Actual Total Time": 3337.377,
                                                            "Actual Rows": 13003,
                                                            "Actual Loops": 1
                                                        },
                                                        {
                                                            "Worker Number": 2,
                                                            "Actual Startup Time": 3337.266,
                                                            "Actual Total Time": 3337.274,
                                                            "Actual Rows": 11686,
                                                            "Actual Loops": 1
                                                        }
                                                    ],
                                                    "Plans": [
                                                        {
                                                            "Node Type": "Hash Join",
                                                            "Parent Relationship": "Outer",
                                                            "Parallel Aware": true,
                                                            "Join Type": "Inner",
                                                            "Startup Cost": 159356.94,
                                                            "Total Cost": 489239.04,
                                                            "Plan Rows": 8,
                                                            "Plan Width": 27,
                                                            "Actual Startup Time": 1603.733,
                                                            "Actual Total Time": 3300.872,
                                                            "Actual Rows": 11922,
                                                            "Actual Loops": 4,
                                                            "Output": [
                                                                "ci.movie_id",
                                                                "mk.movie_id",
                                                                "n.name",
                                                                "t.id"
                                                            ],
                                                            "Inner Unique": false,
                                                            "Hash Cond": "(ci.movie_id = t.id)",
                                                            "Workers": [
                                                                {
                                                                    "Worker Number": 0,
                                                                    "Actual Startup Time": 1603.611,
                                                                    "Actual Total Time": 3294.892,
                                                                    "Actual Rows": 10837,
                                                                    "Actual Loops": 1
                                                                },
                                                                {
                                                                    "Worker Number": 1,
                                                                    "Actual Startup Time": 1603.716,
                                                                    "Actual Total Time": 3323.541,
                                                                    "Actual Rows": 13003,
                                                                    "Actual Loops": 1
                                                                },
                                                                {
                                                                    "Worker Number": 2,
                                                                    "Actual Startup Time": 1603.842,
                                                                    "Actual Total Time": 3289.764,
                                                                    "Actual Rows": 11686,
                                                                    "Actual Loops": 1
                                                                }
                                                            ],
                                                            "Plans": [
                                                                {
                                                                    "Node Type": "Hash Join",
                                                                    "Parent Relationship": "Outer",
                                                                    "Parallel Aware": true,
                                                                    "Join Type": "Inner",
                                                                    "Startup Cost": 69162.89,
                                                                    "Total Cost": 398129.54,
                                                                    "Plan Rows": 244119,
                                                                    "Plan Width": 19,
                                                                    "Actual Startup Time": 993.366,
                                                                    "Actual Total Time": 2615.155,
                                                                    "Actual Rows": 380337,
                                                                    "Actual Loops": 4,
                                                                    "Output": [
                                                                        "ci.movie_id",
                                                                        "n.name"
                                                                    ],
                                                                    "Inner Unique": true,
                                                                    "Hash Cond": "(ci.person_id = n.id)",
                                                                    "Workers": [
                                                                        {
                                                                            "Worker Number": 0,
                                                                            "Actual Startup Time": 993.36,
                                                                            "Actual Total Time": 2609.616,
                                                                            "Actual Rows": 353505,
                                                                            "Actual Loops": 1
                                                                        },
                                                                        {
                                                                            "Worker Number": 1,
                                                                            "Actual Startup Time": 993.36,
                                                                            "Actual Total Time": 2631.024,
                                                                            "Actual Rows": 414295,
                                                                            "Actual Loops": 1
                                                                        },
                                                                        {
                                                                            "Worker Number": 2,
                                                                            "Actual Startup Time": 993.373,
                                                                            "Actual Total Time": 2607.85,
                                                                            "Actual Rows": 370127,
                                                                            "Actual Loops": 1
                                                                        }
                                                                    ],
                                                                    "Plans": [
                                                                        {
                                                                            "Node Type": "Seq Scan",
                                                                            "Parent Relationship": "Outer",
                                                                            "Parallel Aware": true,
                                                                            "Relation Name": "cast_info",
                                                                            "Schema": "public",
                                                                            "Alias": "ci",
                                                                            "Startup Cost": 0.0,
                                                                            "Total Cost": 313106.51,
                                                                            "Plan Rows": 6041951,
                                                                            "Plan Width": 8,
                                                                            "Actual Startup Time": 0.011,
                                                                            "Actual Total Time": 1172.448,
                                                                            "Actual Rows": 9061086,
                                                                            "Actual Loops": 4,
                                                                            "Output": [
                                                                                "ci.id",
                                                                                "ci.person_id",
                                                                                "ci.movie_id",
                                                                                "ci.person_role_id",
                                                                                "ci.note",
                                                                                "ci.nr_order",
                                                                                "ci.role_id"
                                                                            ],
                                                                            "Workers": [
                                                                                {
                                                                                    "Worker Number": 0,
                                                                                    "Actual Startup Time": 0.01,
                                                                                    "Actual Total Time": 1170.415,
                                                                                    "Actual Rows": 8621982,
                                                                                    "Actual Loops": 1
                                                                                },
                                                                                {
                                                                                    "Worker Number": 1,
                                                                                    "Actual Startup Time": 0.011,
                                                                                    "Actual Total Time": 1175.053,
                                                                                    "Actual Rows": 9049059,
                                                                                    "Actual Loops": 1
                                                                                },
                                                                                {
                                                                                    "Worker Number": 2,
                                                                                    "Actual Startup Time": 0.009,
                                                                                    "Actual Total Time": 1168.889,
                                                                                    "Actual Rows": 9324450,
                                                                                    "Actual Loops": 1
                                                                                }
                                                                            ]
                                                                        },
                                                                        {
                                                                            "Node Type": "Hash",
                                                                            "Parent Relationship": "Inner",
                                                                            "Parallel Aware": true,
                                                                            "Startup Cost": 68636.68,
                                                                            "Total Cost": 68636.68,
                                                                            "Plan Rows": 42097,
                                                                            "Plan Width": 19,
                                                                            "Actual Startup Time": 225.309,
                                                                            "Actual Total Time": 225.311,
                                                                            "Actual Rows": 41395,
                                                                            "Actual Loops": 4,
                                                                            "Output": [
                                                                                "n.name",
                                                                                "n.id"
                                                                            ],
                                                                            "Hash Buckets": 262144,
                                                                            "Original Hash Buckets": 262144,
                                                                            "Hash Batches": 1,
                                                                            "Original Hash Batches": 1,
                                                                            "Peak Memory Usage": 11072,
                                                                            "Workers": [
                                                                                {
                                                                                    "Worker Number": 0,
                                                                                    "Actual Startup Time": 225.881,
                                                                                    "Actual Total Time": 225.882,
                                                                                    "Actual Rows": 41173,
                                                                                    "Actual Loops": 1
                                                                                },
                                                                                {
                                                                                    "Worker Number": 1,
                                                                                    "Actual Startup Time": 225.89,
                                                                                    "Actual Total Time": 225.891,
                                                                                    "Actual Rows": 40980,
                                                                                    "Actual Loops": 1
                                                                                },
                                                                                {
                                                                                    "Worker Number": 2,
                                                                                    "Actual Startup Time": 225.858,
                                                                                    "Actual Total Time": 225.86,
                                                                                    "Actual Rows": 41536,
                                                                                    "Actual Loops": 1
                                                                                }
                                                                            ],
                                                                            "Plans": [
                                                                                {
                                                                                    "Node Type": "Seq Scan",
                                                                                    "Parent Relationship": "Outer",
                                                                                    "Parallel Aware": true,
                                                                                    "Relation Name": "name",
                                                                                    "Schema": "public",
                                                                                    "Alias": "n",
                                                                                    "Startup Cost": 0.0,
                                                                                    "Total Cost": 68636.68,
                                                                                    "Plan Rows": 42097,
                                                                                    "Plan Width": 19,
                                                                                    "Actual Startup Time": 77.684,
                                                                                    "Actual Total Time": 199.725,
                                                                                    "Actual Rows": 41395,
                                                                                    "Actual Loops": 4,
                                                                                    "Output": [
                                                                                        "n.name",
                                                                                        "n.id"
                                                                                    ],
                                                                                    "Filter": "(n.name ~~ 'W%'::text)",
                                                                                    "Rows Removed by Filter": 1000478,
                                                                                    "Workers": [
                                                                                        {
                                                                                            "Worker Number": 0,
                                                                                            "Actual Startup Time": 77.44,
                                                                                            "Actual Total Time": 200.139,
                                                                                            "Actual Rows": 41173,
                                                                                            "Actual Loops": 1
                                                                                        },
                                                                                        {
                                                                                            "Worker Number": 1,
                                                                                            "Actual Startup Time": 77.785,
                                                                                            "Actual Total Time": 198.927,
                                                                                            "Actual Rows": 40980,
                                                                                            "Actual Loops": 1
                                                                                        },
                                                                                        {
                                                                                            "Worker Number": 2,
                                                                                            "Actual Startup Time": 77.759,
                                                                                            "Actual Total Time": 198.992,
                                                                                            "Actual Rows": 41536,
                                                                                            "Actual Loops": 1
                                                                                        }
                                                                                    ]
                                                                                }
                                                                            ]
                                                                        }
                                                                    ]
                                                                },
                                                                {
                                                                    "Node Type": "Hash",
                                                                    "Parent Relationship": "Inner",
                                                                    "Parallel Aware": true,
                                                                    "Startup Cost": 90193.95,
                                                                    "Total Cost": 90193.95,
                                                                    "Plan Rows": 8,
                                                                    "Plan Width": 8,
                                                                    "Actual Startup Time": 610.145,
                                                                    "Actual Total Time": 610.151,
                                                                    "Actual Rows": 10460,
                                                                    "Actual Loops": 4,
                                                                    "Output": [
                                                                        "mk.movie_id",
                                                                        "t.id"
                                                                    ],
                                                                    "Hash Buckets": 65536,
                                                                    "Original Hash Buckets": 1024,
                                                                    "Hash Batches": 1,
                                                                    "Original Hash Batches": 1,
                                                                    "Peak Memory Usage": 2680,
                                                                    "Workers": [
                                                                        {
                                                                            "Worker Number": 0,
                                                                            "Actual Startup Time": 609.975,
                                                                            "Actual Total Time": 609.981,
                                                                            "Actual Rows": 9638,
                                                                            "Actual Loops": 1
                                                                        },
                                                                        {
                                                                            "Worker Number": 1,
                                                                            "Actual Startup Time": 610.194,
                                                                            "Actual Total Time": 610.199,
                                                                            "Actual Rows": 9641,
                                                                            "Actual Loops": 1
                                                                        },
                                                                        {
                                                                            "Worker Number": 2,
                                                                            "Actual Startup Time": 610.226,
                                                                            "Actual Total Time": 610.23,
                                                                            "Actual Rows": 11313,
                                                                            "Actual Loops": 1
                                                                        }
                                                                    ],
                                                                    "Plans": [
                                                                        {
                                                                            "Node Type": "Hash Join",
                                                                            "Parent Relationship": "Outer",
                                                                            "Parallel Aware": true,
                                                                            "Join Type": "Inner",
                                                                            "Startup Cost": 45504.47,
                                                                            "Total Cost": 90193.95,
                                                                            "Plan Rows": 8,
                                                                            "Plan Width": 8,
                                                                            "Actual Startup Time": 300.621,
                                                                            "Actual Total Time": 538.658,
                                                                            "Actual Rows": 10460,
                                                                            "Actual Loops": 4,
                                                                            "Output": [
                                                                                "mk.movie_id",
                                                                                "t.id"
                                                                            ],
                                                                            "Inner Unique": false,
                                                                            "Hash Cond": "(t.id = mk.movie_id)",
                                                                            "Workers": [
                                                                                {
                                                                                    "Worker Number": 0,
                                                                                    "Actual Startup Time": 300.531,
                                                                                    "Actual Total Time": 538.066,
                                                                                    "Actual Rows": 9638,
                                                                                    "Actual Loops": 1
                                                                                },
                                                                                {
                                                                                    "Worker Number": 1,
                                                                                    "Actual Startup Time": 300.632,
                                                                                    "Actual Total Time": 523.63,
                                                                                    "Actual Rows": 9641,
                                                                                    "Actual Loops": 1
                                                                                },
                                                                                {
                                                                                    "Worker Number": 2,
                                                                                    "Actual Startup Time": 300.796,
                                                                                    "Actual Total Time": 554.52,
                                                                                    "Actual Rows": 11313,
                                                                                    "Actual Loops": 1
                                                                                }
                                                                            ],
                                                                            "Plans": [
                                                                                {
                                                                                    "Node Type": "Seq Scan",
                                                                                    "Parent Relationship": "Outer",
                                                                                    "Parallel Aware": true,
                                                                                    "Relation Name": "title",
                                                                                    "Schema": "public",
                                                                                    "Alias": "t",
                                                                                    "Startup Cost": 0.0,
                                                                                    "Total Cost": 42319.06,
                                                                                    "Plan Rows": 632106,
                                                                                    "Plan Width": 4,
                                                                                    "Actual Startup Time": 0.026,
                                                                                    "Actual Total Time": 116.748,
                                                                                    "Actual Rows": 632078,
                                                                                    "Actual Loops": 4,
                                                                                    "Output": [
                                                                                        "t.id",
                                                                                        "t.title",
                                                                                        "t.imdb_index",
                                                                                        "t.kind_id",
                                                                                        "t.production_year",
                                                                                        "t.imdb_id",
                                                                                        "t.phonetic_code",
                                                                                        "t.episode_of_id",
                                                                                        "t.season_nr",
                                                                                        "t.episode_nr",
                                                                                        "t.series_years",
                                                                                        "t.md5sum"
                                                                                    ],
                                                                                    "Workers": [
                                                                                        {
                                                                                            "Worker Number": 0,
                                                                                            "Actual Startup Time": 0.029,
                                                                                            "Actual Total Time": 118.242,
                                                                                            "Actual Rows": 584661,
                                                                                            "Actual Loops": 1
                                                                                        },
                                                                                        {
                                                                                            "Worker Number": 1,
                                                                                            "Actual Startup Time": 0.03,
                                                                                            "Actual Total Time": 111.158,
                                                                                            "Actual Rows": 570961,
                                                                                            "Actual Loops": 1
                                                                                        },
                                                                                        {
                                                                                            "Worker Number": 2,
                                                                                            "Actual Startup Time": 0.04,
                                                                                            "Actual Total Time": 122.503,
                                                                                            "Actual Rows": 725678,
                                                                                            "Actual Loops": 1
                                                                                        }
                                                                                    ]
                                                                                },
                                                                                {
                                                                                    "Node Type": "Hash",
                                                                                    "Parent Relationship": "Inner",
                                                                                    "Parallel Aware": true,
                                                                                    "Startup Cost": 45504.33,
                                                                                    "Total Cost": 45504.33,
                                                                                    "Plan Rows": 11,
                                                                                    "Plan Width": 4,
                                                                                    "Actual Startup Time": 300.373,
                                                                                    "Actual Total Time": 300.376,
                                                                                    "Actual Rows": 10460,
                                                                                    "Actual Loops": 4,
                                                                                    "Output": [
                                                                                        "mk.movie_id"
                                                                                    ],
                                                                                    "Hash Buckets": 65536,
                                                                                    "Original Hash Buckets": 1024,
                                                                                    "Hash Batches": 1,
                                                                                    "Original Hash Batches": 1,
                                                                                    "Peak Memory Usage": 2680,
                                                                                    "Workers": [
                                                                                        {
                                                                                            "Worker Number": 0,
                                                                                            "Actual Startup Time": 300.358,
                                                                                            "Actual Total Time": 300.361,
                                                                                            "Actual Rows": 10374,
                                                                                            "Actual Loops": 1
                                                                                        },
                                                                                        {
                                                                                            "Worker Number": 1,
                                                                                            "Actual Startup Time": 300.411,
                                                                                            "Actual Total Time": 300.414,
                                                                                            "Actual Rows": 10480,
                                                                                            "Actual Loops": 1
                                                                                        },
                                                                                        {
                                                                                            "Worker Number": 2,
                                                                                            "Actual Startup Time": 300.386,
                                                                                            "Actual Total Time": 300.389,
                                                                                            "Actual Rows": 9683,
                                                                                            "Actual Loops": 1
                                                                                        }
                                                                                    ],
                                                                                    "Plans": [
                                                                                        {
                                                                                            "Node Type": "Hash Join",
                                                                                            "Parent Relationship": "Outer",
                                                                                            "Parallel Aware": false,
                                                                                            "Join Type": "Inner",
                                                                                            "Startup Cost": 2626.14,
                                                                                            "Total Cost": 45504.33,
                                                                                            "Plan Rows": 11,
                                                                                            "Plan Width": 4,
                                                                                            "Actual Startup Time": 14.849,
                                                                                            "Actual Total Time": 263.154,
                                                                                            "Actual Rows": 10460,
                                                                                            "Actual Loops": 4,
                                                                                            "Output": [
                                                                                                "mk.movie_id"
                                                                                            ],
                                                                                            "Inner Unique": true,
                                                                                            "Hash Cond": "(mk.keyword_id = k.id)",
                                                                                            "Workers": [
                                                                                                {
                                                                                                    "Worker Number": 0,
                                                                                                    "Actual Startup Time": 15.025,
                                                                                                    "Actual Total Time": 266.194,
                                                                                                    "Actual Rows": 10374,
                                                                                                    "Actual Loops": 1
                                                                                                },
                                                                                                {
                                                                                                    "Worker Number": 1,
                                                                                                    "Actual Startup Time": 15.134,
                                                                                                    "Actual Total Time": 271.467,
                                                                                                    "Actual Rows": 10480,
                                                                                                    "Actual Loops": 1
                                                                                                },
                                                                                                {
                                                                                                    "Worker Number": 2,
                                                                                                    "Actual Startup Time": 14.65,
                                                                                                    "Actual Total Time": 245.105,
                                                                                                    "Actual Rows": 9683,
                                                                                                    "Actual Loops": 1
                                                                                                }
                                                                                            ],
                                                                                            "Plans": [
                                                                                                {
                                                                                                    "Node Type": "Seq Scan",
                                                                                                    "Parent Relationship": "Outer",
                                                                                                    "Parallel Aware": true,
                                                                                                    "Relation Name": "movie_keyword",
                                                                                                    "Schema": "public",
                                                                                                    "Alias": "mk",
                                                                                                    "Startup Cost": 0.0,
                                                                                                    "Total Cost": 39047.32,
                                                                                                    "Plan Rows": 1459332,
                                                                                                    "Plan Width": 8,
                                                                                                    "Actual Startup Time": 0.028,
                                                                                                    "Actual Total Time": 133.207,
                                                                                                    "Actual Rows": 1130982,
                                                                                                    "Actual Loops": 4,
                                                                                                    "Output": [
                                                                                                        "mk.id",
                                                                                                        "mk.movie_id",
                                                                                                        "mk.keyword_id"
                                                                                                    ],
                                                                                                    "Workers": [
                                                                                                        {
                                                                                                            "Worker Number": 0,
                                                                                                            "Actual Startup Time": 0.027,
                                                                                                            "Actual Total Time": 133.625,
                                                                                                            "Actual Rows": 1109445,
                                                                                                            "Actual Loops": 1
                                                                                                        },
                                                                                                        {
                                                                                                            "Worker Number": 1,
                                                                                                            "Actual Startup Time": 0.037,
                                                                                                            "Actual Total Time": 137.386,
                                                                                                            "Actual Rows": 1176355,
                                                                                                            "Actual Loops": 1
                                                                                                        },
                                                                                                        {
                                                                                                            "Worker Number": 2,
                                                                                                            "Actual Startup Time": 0.033,
                                                                                                            "Actual Total Time": 123.903,
                                                                                                            "Actual Rows": 1041365,
                                                                                                            "Actual Loops": 1
                                                                                                        }
                                                                                                    ]
                                                                                                },
                                                                                                {
                                                                                                    "Node Type": "Hash",
                                                                                                    "Parent Relationship": "Inner",
                                                                                                    "Parallel Aware": false,
                                                                                                    "Startup Cost": 2626.12,
                                                                                                    "Total Cost": 2626.12,
                                                                                                    "Plan Rows": 1,
                                                                                                    "Plan Width": 4,
                                                                                                    "Actual Startup Time": 14.768,
                                                                                                    "Actual Total Time": 14.769,
                                                                                                    "Actual Rows": 1,
                                                                                                    "Actual Loops": 4,
                                                                                                    "Output": [
                                                                                                        "k.id"
                                                                                                    ],
                                                                                                    "Hash Buckets": 1024,
                                                                                                    "Original Hash Buckets": 1024,
                                                                                                    "Hash Batches": 1,
                                                                                                    "Original Hash Batches": 1,
                                                                                                    "Peak Memory Usage": 9,
                                                                                                    "Workers": [
                                                                                                        {
                                                                                                            "Worker Number": 0,
                                                                                                            "Actual Startup Time": 14.957,
                                                                                                            "Actual Total Time": 14.957,
                                                                                                            "Actual Rows": 1,
                                                                                                            "Actual Loops": 1
                                                                                                        },
                                                                                                        {
                                                                                                            "Worker Number": 1,
                                                                                                            "Actual Startup Time": 15.018,
                                                                                                            "Actual Total Time": 15.019,
                                                                                                            "Actual Rows": 1,
                                                                                                            "Actual Loops": 1
                                                                                                        },
                                                                                                        {
                                                                                                            "Worker Number": 2,
                                                                                                            "Actual Startup Time": 14.564,
                                                                                                            "Actual Total Time": 14.565,
                                                                                                            "Actual Rows": 1,
                                                                                                            "Actual Loops": 1
                                                                                                        }
                                                                                                    ],
                                                                                                    "Plans": [
                                                                                                        {
                                                                                                            "Node Type": "Seq Scan",
                                                                                                            "Parent Relationship": "Outer",
                                                                                                            "Parallel Aware": false,
                                                                                                            "Relation Name": "keyword",
                                                                                                            "Schema": "public",
                                                                                                            "Alias": "k",
                                                                                                            "Startup Cost": 0.0,
                                                                                                            "Total Cost": 2626.12,
                                                                                                            "Plan Rows": 1,
                                                                                                            "Plan Width": 4,
                                                                                                            "Actual Startup Time": 0.793,
                                                                                                            "Actual Total Time": 14.759,
                                                                                                            "Actual Rows": 1,
                                                                                                            "Actual Loops": 4,
                                                                                                            "Output": [
                                                                                                                "k.id"
                                                                                                            ],
                                                                                                            "Filter": "(k.keyword = 'character-name-in-title'::text)",
                                                                                                            "Rows Removed by Filter": 134169,
                                                                                                            "Workers": [
                                                                                                                {
                                                                                                                    "Worker Number": 0,
                                                                                                                    "Actual Startup Time": 0.805,
                                                                                                                    "Actual Total Time": 14.946,
                                                                                                                    "Actual Rows": 1,
                                                                                                                    "Actual Loops": 1
                                                                                                                },
                                                                                                                {
                                                                                                                    "Worker Number": 1,
                                                                                                                    "Actual Startup Time": 0.855,
                                                                                                                    "Actual Total Time": 15.008,
                                                                                                                    "Actual Rows": 1,
                                                                                                                    "Actual Loops": 1
                                                                                                                },
                                                                                                                {
                                                                                                                    "Worker Number": 2,
                                                                                                                    "Actual Startup Time": 0.783,
                                                                                                                    "Actual Total Time": 14.553,
                                                                                                                    "Actual Rows": 1,
                                                                                                                    "Actual Loops": 1
                                                                                                                }
                                                                                                            ]
                                                                                                        }
                                                                                                    ]
                                                                                                }
                                                                                            ]
                                                                                        }
                                                                                    ]
                                                                                }
                                                                            ]
                                                                        }
                                                                    ]
                                                                }
                                                            ]
                                                        }
                                                    ]
                                                }
                                            ]
                                        },
                                        {
                                            "Node Type": "Hash",
                                            "Parent Relationship": "Inner",
                                            "Parallel Aware": true,
                                            "Startup Cost": 4722.92,
                                            "Total Cost": 4722.92,
                                            "Plan Rows": 50248,
                                            "Plan Width": 4,
                                            "Actual Startup Time": 31.267,
                                            "Actual Total Time": 31.268,
                                            "Actual Rows": 21211,
                                            "Actual Loops": 4,
                                            "Output": [
                                                "cn.id"
                                            ],
                                            "Hash Buckets": 131072,
                                            "Original Hash Buckets": 131072,
                                            "Hash Batches": 1,
                                            "Original Hash Batches": 1,
                                            "Peak Memory Usage": 4416,
                                            "Workers": [
                                                {
                                                    "Worker Number": 0,
                                                    "Actual Startup Time": 29.268,
                                                    "Actual Total Time": 29.269,
                                                    "Actual Rows": 19034,
                                                    "Actual Loops": 1
                                                },
                                                {
                                                    "Worker Number": 1,
                                                    "Actual Startup Time": 29.399,
                                                    "Actual Total Time": 29.401,
                                                    "Actual Rows": 19550,
                                                    "Actual Loops": 1
                                                },
                                                {
                                                    "Worker Number": 2,
                                                    "Actual Startup Time": 29.776,
                                                    "Actual Total Time": 29.777,
                                                    "Actual Rows": 19200,
                                                    "Actual Loops": 1
                                                }
                                            ],
                                            "Plans": [
                                                {
                                                    "Node Type": "Seq Scan",
                                                    "Parent Relationship": "Outer",
                                                    "Parallel Aware": true,
                                                    "Relation Name": "company_name",
                                                    "Schema": "public",
                                                    "Alias": "cn",
                                                    "Startup Cost": 0.0,
                                                    "Total Cost": 4722.92,
                                                    "Plan Rows": 50248,
                                                    "Plan Width": 4,
                                                    "Actual Startup Time": 0.07,
                                                    "Actual Total Time": 20.661,
                                                    "Actual Rows": 21211,
                                                    "Actual Loops": 4,
                                                    "Output": [
                                                        "cn.id"
                                                    ],
                                                    "Filter": "((cn.country_code)::text = '[us]'::text)",
                                                    "Rows Removed by Filter": 37538,
                                                    "Workers": [
                                                        {
                                                            "Worker Number": 0,
                                                            "Actual Startup Time": 0.081,
                                                            "Actual Total Time": 18.955,
                                                            "Actual Rows": 19034,
                                                            "Actual Loops": 1
                                                        },
                                                        {
                                                            "Worker Number": 1,
                                                            "Actual Startup Time": 0.079,
                                                            "Actual Total Time": 19.377,
                                                            "Actual Rows": 19550,
                                                            "Actual Loops": 1
                                                        },
                                                        {
                                                            "Worker Number": 2,
                                                            "Actual Startup Time": 0.08,
                                                            "Actual Total Time": 19.983,
                                                            "Actual Rows": 19200,
                                                            "Actual Loops": 1
                                                        }
                                                    ]
                                                }
                                            ]
                                        }
                                    ]
                                }
                            ]
                        }
                    ]
                }
            ]
        },
        "Planning Time": 1378.568,
        "Triggers": [],
        "Execution Time": 3704.235
    }
]