[
    {
        "Bao": {
            "Bao prediction": "NaN",
            "Bao recommended hint": "(no hint)"
        }
    },
    {
        "Plan": {
            "Node Type": "Aggregate",
            "Strategy": "Plain",
            "Partial Mode": "Finalize",
            "Parallel Aware": false,
            "Startup Cost": 29633.48,
            "Total Cost": 29633.49,
            "Plan Rows": 1,
            "Plan Width": 8,
            "Actual Startup Time": 90.575,
            "Actual Total Time": 95.054,
            "Actual Rows": 1,
            "Actual Loops": 1,
            "Output": [
                "count(*)"
            ],
            "Plans": [
                {
                    "Node Type": "Gather",
                    "Parent Relationship": "Outer",
                    "Parallel Aware": false,
                    "Startup Cost": 29633.16,
                    "Total Cost": 29633.47,
                    "Plan Rows": 3,
                    "Plan Width": 8,
                    "Actual Startup Time": 90.211,
                    "Actual Total Time": 95.045,
                    "Actual Rows": 4,
                    "Actual Loops": 1,
                    "Output": [
                        "(PARTIAL count(*))"
                    ],
                    "Workers Planned": 3,
                    "Workers Launched": 3,
                    "Single Copy": false,
                    "Plans": [
                        {
                            "Node Type": "Aggregate",
                            "Strategy": "Plain",
                            "Partial Mode": "Partial",
                            "Parent Relationship": "Outer",
                            "Parallel Aware": false,
                            "Startup Cost": 28633.16,
                            "Total Cost": 28633.17,
                            "Plan Rows": 1,
                            "Plan Width": 8,
                            "Actual Startup Time": 81.474,
                            "Actual Total Time": 81.475,
                            "Actual Rows": 1,
                            "Actual Loops": 4,
                            "Output": [
                                "PARTIAL count(*)"
                            ],
                            "Workers": [
                                {
                                    "Worker Number": 0,
                                    "Actual Startup Time": 78.227,
                                    "Actual Total Time": 78.228,
                                    "Actual Rows": 1,
                                    "Actual Loops": 1
                                },
                                {
                                    "Worker Number": 1,
                                    "Actual Startup Time": 78.981,
                                    "Actual Total Time": 78.982,
                                    "Actual Rows": 1,
                                    "Actual Loops": 1
                                },
                                {
                                    "Worker Number": 2,
                                    "Actual Startup Time": 79.094,
                                    "Actual Total Time": 79.095,
                                    "Actual Rows": 1,
                                    "Actual Loops": 1
                                }
                            ],
                            "Plans": [
                                {
                                    "Node Type": "Bitmap Heap Scan",
                                    "Parent Relationship": "Outer",
                                    "Parallel Aware": true,
                                    "Relation Name": "movie_companies",
                                    "Schema": "public",
                                    "Alias": "mc",
                                    "Startup Cost": 7914.52,
                                    "Total Cost": 28482.11,
                                    "Plan Rows": 60418,
                                    "Plan Width": 0,
                                    "Actual Startup Time": 66.511,
                                    "Actual Total Time": 80.317,
                                    "Actual Rows": 20544,
                                    "Actual Loops": 4,
                                    "Recheck Cond": "(mc.company_id < 182)",
                                    "Rows Removed by Index Recheck": 0,
                                    "Filter": "(mc.company_type_id = 2)",
                                    "Rows Removed by Filter": 69818,
                                    "Exact Heap Blocks": 7949,
                                    "Lossy Heap Blocks": 0,
                                    "Workers": [
                                        {
                                            "Worker Number": 0,
                                            "Actual Startup Time": 63.265,
                                            "Actual Total Time": 77.182,
                                            "Actual Rows": 19228,
                                            "Actual Loops": 1
                                        },
                                        {
                                            "Worker Number": 1,
                                            "Actual Startup Time": 64.018,
                                            "Actual Total Time": 77.943,
                                            "Actual Rows": 20053,
                                            "Actual Loops": 1
                                        },
                                        {
                                            "Worker Number": 2,
                                            "Actual Startup Time": 64.126,
                                            "Actual Total Time": 78.05,
                                            "Actual Rows": 20132,
                                            "Actual Loops": 1
                                        }
                                    ],
                                    "Plans": [
                                        {
                                            "Node Type": "Bitmap Index Scan",
                                            "Parent Relationship": "Outer",
                                            "Parallel Aware": false,
                                            "Index Name": "company_id_movie_companies",
                                            "Startup Cost": 0.0,
                                            "Total Cost": 7867.7,
                                            "Plan Rows": 367369,
                                            "Plan Width": 0,
                                            "Actual Startup Time": 31.252,
                                            "Actual Total Time": 31.252,
                                            "Actual Rows": 361445,
                                            "Actual Loops": 1,
                                            "Index Cond": "(mc.company_id < 182)"
                                        }
                                    ]
                                }
                            ]
                        }
                    ]
                }
            ]
        },
        "Planning Time": 283.524,
        "Triggers": [],
        "Execution Time": 95.204
    }
]