[
  {
    "Plan": {
      "Node Type": "Aggregate",
      "Strategy": "Plain",
      "Partial Mode": "Simple",
      "Parallel Aware": false,
      "Startup Cost": 21762.17,
      "Total Cost": 21762.18,
      "Plan Rows": 1,
      "Plan Width": 8,
      "Actual Startup Time": 32.922,
      "Actual Total Time": 32.922,
      "Actual Rows": 1,
      "Actual Loops": 1,
      "Plans": [
        {
          "Node Type": "Bitmap Heap Scan",
          "Parent Relationship": "Outer",
          "Parallel Aware": false,
          "Relation Name": "movie_companies",
          "Alias": "mc",
          "Startup Cost": 1695.97,
          "Total Cost": 21665.78,
          "Plan Rows": 38553,
          "Plan Width": 0,
          "Actual Startup Time": 7.614,
          "Actual Total Time": 28.952,
          "Actual Rows": 66520,
          "Actual Loops": 1,
          "Recheck Cond": "(company_id < 19)",
          "Rows Removed by Index Recheck": 0,
          "Filter": "(company_type_id = 1)",
          "Rows Removed by Filter": 17551,
          "Exact Heap Blocks": 7968,
          "Lossy Heap Blocks": 0,
          "Plans": [
            {
              "Node Type": "Bitmap Index Scan",
              "Parent Relationship": "Outer",
              "Parallel Aware": false,
              "Index Name": "company_id_movie_companies",
              "Startup Cost": 0.0,
              "Total Cost": 1686.34,
              "Plan Rows": 78654,
              "Plan Width": 0,
              "Actual Startup Time": 5.897,
              "Actual Total Time": 5.897,
              "Actual Rows": 84071,
              "Actual Loops": 1,
              "Index Cond": "(company_id < 19)"
            }
          ]
        }
      ]
    },
    "Planning Time": 0.089,
    "Triggers": [],
    "Execution Time": 32.942
  }
]