[
  {
    "Plan": {
      "Node Type": "Aggregate",
      "Strategy": "Plain",
      "Partial Mode": "Finalize",
      "Parallel Aware": false,
      "Startup Cost": 333019.48,
      "Total Cost": 333019.49,
      "Plan Rows": 1,
      "Plan Width": 8,
      "Actual Startup Time": 636.133,
      "Actual Total Time": 691.113,
      "Actual Rows": 1,
      "Actual Loops": 1,
      "Plans": [
        {
          "Node Type": "Gather",
          "Parent Relationship": "Outer",
          "Parallel Aware": false,
          "Startup Cost": 333018.85,
          "Total Cost": 333019.46,
          "Plan Rows": 6,
          "Plan Width": 8,
          "Actual Startup Time": 635.982,
          "Actual Total Time": 691.103,
          "Actual Rows": 7,
          "Actual Loops": 1,
          "Workers Planned": 6,
          "Workers Launched": 6,
          "Single Copy": false,
          "Plans": [
            {
              "Node Type": "Aggregate",
              "Strategy": "Plain",
              "Partial Mode": "Partial",
              "Parent Relationship": "Outer",
              "Parallel Aware": false,
              "Startup Cost": 332018.85,
              "Total Cost": 332018.86,
              "Plan Rows": 1,
              "Plan Width": 8,
              "Actual Startup Time": 627.055,
              "Actual Total Time": 627.056,
              "Actual Rows": 1,
              "Actual Loops": 7,
              "Plans": [
                {
                  "Node Type": "Seq Scan",
                  "Parent Relationship": "Outer",
                  "Parallel Aware": true,
                  "Relation Name": "cast_info",
                  "Alias": "ci",
                  "Startup Cost": 0.0,
                  "Total Cost": 328162.03,
                  "Plan Rows": 1542731,
                  "Plan Width": 0,
                  "Actual Startup Time": 0.05,
                  "Actual Total Time": 565.12,
                  "Actual Rows": 1339742,
                  "Actual Loops": 7,
                  "Filter": "(person_id < 923181)",
                  "Rows Removed by Filter": 3838021
                }
              ]
            }
          ]
        }
      ]
    },
    "Planning Time": 0.138,
    "Triggers": [],
    "Execution Time": 691.174
  }
]