[
  {
    "Plan": {
      "Node Type": "Aggregate",
      "Strategy": "Plain",
      "Partial Mode": "Finalize",
      "Parallel Aware": false,
      "Startup Cost": 345470.54,
      "Total Cost": 345470.55,
      "Plan Rows": 1,
      "Plan Width": 8,
      "Actual Startup Time": 434.586,
      "Actual Total Time": 454.72,
      "Actual Rows": 1,
      "Actual Loops": 1,
      "Plans": [
        {
          "Node Type": "Gather",
          "Parent Relationship": "Outer",
          "Parallel Aware": false,
          "Startup Cost": 345469.92,
          "Total Cost": 345470.53,
          "Plan Rows": 6,
          "Plan Width": 8,
          "Actual Startup Time": 434.523,
          "Actual Total Time": 454.712,
          "Actual Rows": 7,
          "Actual Loops": 1,
          "Workers Planned": 6,
          "Workers Launched": 6,
          "Single Copy": false,
          "Plans": [
            {
              "Node Type": "Aggregate",
              "Strategy": "Plain",
              "Partial Mode": "Partial",
              "Parent Relationship": "Outer",
              "Parallel Aware": false,
              "Startup Cost": 344469.92,
              "Total Cost": 344469.93,
              "Plan Rows": 1,
              "Plan Width": 8,
              "Actual Startup Time": 428.34,
              "Actual Total Time": 428.341,
              "Actual Rows": 1,
              "Actual Loops": 7,
              "Plans": [
                {
                  "Node Type": "Index Scan",
                  "Parent Relationship": "Outer",
                  "Parallel Aware": true,
                  "Scan Direction": "Forward",
                  "Index Name": "role_id_cast_info",
                  "Relation Name": "cast_info",
                  "Alias": "ci",
                  "Startup Cost": 0.56,
                  "Total Cost": 342814.42,
                  "Plan Rows": 662198,
                  "Plan Width": 0,
                  "Actual Startup Time": 0.102,
                  "Actual Total Time": 374.358,
                  "Actual Rows": 1165972,
                  "Actual Loops": 7,
                  "Index Cond": "(role_id = 1)",
                  "Rows Removed by Index Recheck": 0,
                  "Filter": "(person_id < 1112100)",
                  "Rows Removed by Filter": 644126
                }
              ]
            }
          ]
        }
      ]
    },
    "Planning Time": 0.106,
    "Triggers": [],
    "Execution Time": 454.759
  }
]