[
  {
    "Plan": {
      "Node Type": "Aggregate",
      "Strategy": "Plain",
      "Partial Mode": "Finalize",
      "Parallel Aware": false,
      "Startup Cost": 81681.77,
      "Total Cost": 81681.78,
      "Plan Rows": 1,
      "Plan Width": 8,
      "Actual Startup Time": 207.324,
      "Actual Total Time": 221.62,
      "Actual Rows": 1,
      "Actual Loops": 1,
      "Plans": [
        {
          "Node Type": "Gather",
          "Parent Relationship": "Outer",
          "Parallel Aware": false,
          "Startup Cost": 81681.35,
          "Total Cost": 81681.76,
          "Plan Rows": 4,
          "Plan Width": 8,
          "Actual Startup Time": 206.369,
          "Actual Total Time": 221.611,
          "Actual Rows": 5,
          "Actual Loops": 1,
          "Workers Planned": 4,
          "Workers Launched": 4,
          "Single Copy": false,
          "Plans": [
            {
              "Node Type": "Aggregate",
              "Strategy": "Plain",
              "Partial Mode": "Partial",
              "Parent Relationship": "Outer",
              "Parallel Aware": false,
              "Startup Cost": 80681.35,
              "Total Cost": 80681.36,
              "Plan Rows": 1,
              "Plan Width": 8,
              "Actual Startup Time": 196.27,
              "Actual Total Time": 196.274,
              "Actual Rows": 1,
              "Actual Loops": 5,
              "Plans": [
                {
                  "Node Type": "Nested Loop",
                  "Parent Relationship": "Outer",
                  "Parallel Aware": false,
                  "Join Type": "Inner",
                  "Startup Cost": 30816.94,
                  "Total Cost": 80670.02,
                  "Plan Rows": 4533,
                  "Plan Width": 0,
                  "Actual Startup Time": 94.107,
                  "Actual Total Time": 196.096,
                  "Actual Rows": 1911,
                  "Actual Loops": 5,
                  "Inner Unique": false,
                  "Plans": [
                    {
                      "Node Type": "Hash Join",
                      "Parent Relationship": "Outer",
                      "Parallel Aware": true,
                      "Join Type": "Inner",
                      "Startup Cost": 30816.51,
                      "Total Cost": 75231.09,
                      "Plan Rows": 8304,
                      "Plan Width": 8,
                      "Actual Startup Time": 93.525,
                      "Actual Total Time": 183.361,
                      "Actual Rows": 2521,
                      "Actual Loops": 5,
                      "Inner Unique": false,
                      "Hash Cond": "(t.id = mc.movie_id)",
                      "Plans": [
                        {
                          "Node Type": "Seq Scan",
                          "Parent Relationship": "Outer",
                          "Parallel Aware": true,
                          "Relation Name": "title",
                          "Alias": "t",
                          "Startup Cost": 0.0,
                          "Total Cost": 43898.92,
                          "Plan Rows": 97774,
                          "Plan Width": 4,
                          "Actual Startup Time": 0.012,
                          "Actual Total Time": 72.085,
                          "Actual Rows": 78333,
                          "Actual Loops": 5,
                          "Filter": "(production_year > 2010)",
                          "Rows Removed by Filter": 427329
                        },
                        {
                          "Node Type": "Hash",
                          "Parent Relationship": "Inner",
                          "Parallel Aware": true,
                          "Startup Cost": 29950.62,
                          "Total Cost": 29950.62,
                          "Plan Rows": 69271,
                          "Plan Width": 4,
                          "Actual Startup Time": 91.565,
                          "Actual Total Time": 91.566,
                          "Actual Rows": 19766,
                          "Actual Loops": 5,
                          "Hash Buckets": 262144,
                          "Original Hash Buckets": 262144,
                          "Hash Batches": 1,
                          "Original Hash Batches": 1,
                          "Peak Memory Usage": 6016,
                          "Plans": [
                            {
                              "Node Type": "Bitmap Heap Scan",
                              "Parent Relationship": "Outer",
                              "Parallel Aware": true,
                              "Relation Name": "movie_companies",
                              "Alias": "mc",
                              "Startup Cost": 9114.15,
                              "Total Cost": 29950.62,
                              "Plan Rows": 69271,
                              "Plan Width": 4,
                              "Actual Startup Time": 70.756,
                              "Actual Total Time": 84.63,
                              "Actual Rows": 19766,
                              "Actual Loops": 5,
                              "Recheck Cond": "(company_id < 302)",
                              "Rows Removed by Index Recheck": 0,
                              "Filter": "(company_type_id > 1)",
                              "Rows Removed by Filter": 64641,
                              "Exact Heap Blocks": 7536,
                              "Lossy Heap Blocks": 0,
                              "Plans": [
                                {
                                  "Node Type": "Bitmap Index Scan",
                                  "Parent Relationship": "Outer",
                                  "Parallel Aware": false,
                                  "Index Name": "company_id_movie_companies",
                                  "Startup Cost": 0.0,
                                  "Total Cost": 9060.47,
                                  "Plan Rows": 422938,
                                  "Plan Width": 0,
                                  "Actual Startup Time": 31.344,
                                  "Actual Total Time": 31.345,
                                  "Actual Rows": 422035,
                                  "Actual Loops": 1,
                                  "Index Cond": "(company_id < 302)"
                                }
                              ]
                            }
                          ]
                        }
                      ]
                    },
                    {
                      "Node Type": "Index Only Scan",
                      "Parent Relationship": "Inner",
                      "Parallel Aware": false,
                      "Scan Direction": "Forward",
                      "Index Name": "movie_id_movie_info_idx",
                      "Relation Name": "movie_info_idx",
                      "Alias": "mi_idx",
                      "Startup Cost": 0.43,
                      "Total Cost": 0.62,
                      "Plan Rows": 3,
                      "Plan Width": 4,
                      "Actual Startup Time": 0.004,
                      "Actual Total Time": 0.005,
                      "Actual Rows": 1,
                      "Actual Loops": 12603,
                      "Index Cond": "(movie_id = t.id)",
                      "Rows Removed by Index Recheck": 0,
                      "Heap Fetches": 9556
                    }
                  ]
                }
              ]
            }
          ]
        }
      ]
    },
    "Planning Time": 1.487,
    "Triggers": [],
    "Execution Time": 221.749
  }
]