[
  {
    "Plan": {
      "Node Type": "Aggregate",
      "Strategy": "Plain",
      "Partial Mode": "Finalize",
      "Parallel Aware": false,
      "Startup Cost": 54275.17,
      "Total Cost": 54275.18,
      "Plan Rows": 1,
      "Plan Width": 8,
      "Actual Startup Time": 100.919,
      "Actual Total Time": 113.876,
      "Actual Rows": 1,
      "Actual Loops": 1,
      "Plans": [
        {
          "Node Type": "Gather",
          "Parent Relationship": "Outer",
          "Parallel Aware": false,
          "Startup Cost": 54274.75,
          "Total Cost": 54275.16,
          "Plan Rows": 4,
          "Plan Width": 8,
          "Actual Startup Time": 100.8,
          "Actual Total Time": 113.868,
          "Actual Rows": 5,
          "Actual Loops": 1,
          "Workers Planned": 4,
          "Workers Launched": 4,
          "Single Copy": false,
          "Plans": [
            {
              "Node Type": "Aggregate",
              "Strategy": "Plain",
              "Partial Mode": "Partial",
              "Parent Relationship": "Outer",
              "Parallel Aware": false,
              "Startup Cost": 53274.75,
              "Total Cost": 53274.76,
              "Plan Rows": 1,
              "Plan Width": 8,
              "Actual Startup Time": 91.448,
              "Actual Total Time": 91.449,
              "Actual Rows": 1,
              "Actual Loops": 5,
              "Plans": [
                {
                  "Node Type": "Nested Loop",
                  "Parent Relationship": "Outer",
                  "Parallel Aware": false,
                  "Join Type": "Inner",
                  "Startup Cost": 0.43,
                  "Total Cost": 53273.11,
                  "Plan Rows": 658,
                  "Plan Width": 0,
                  "Actual Startup Time": 57.675,
                  "Actual Total Time": 91.344,
                  "Actual Rows": 1359,
                  "Actual Loops": 5,
                  "Inner Unique": false,
                  "Plans": [
                    {
                      "Node Type": "Seq Scan",
                      "Parent Relationship": "Outer",
                      "Parallel Aware": true,
                      "Relation Name": "title",
                      "Alias": "t",
                      "Startup Cost": 0.0,
                      "Total Cost": 45479.1,
                      "Plan Rows": 1205,
                      "Plan Width": 4,
                      "Actual Startup Time": 57.513,
                      "Actual Total Time": 82.661,
                      "Actual Rows": 936,
                      "Actual Loops": 5,
                      "Filter": "((kind_id < 2) AND (production_year = 1987))",
                      "Rows Removed by Filter": 504726
                    },
                    {
                      "Node Type": "Index Only Scan",
                      "Parent Relationship": "Inner",
                      "Parallel Aware": false,
                      "Scan Direction": "Forward",
                      "Index Name": "movie_id_movie_info_idx",
                      "Relation Name": "movie_info_idx",
                      "Alias": "mi_idx",
                      "Startup Cost": 0.43,
                      "Total Cost": 6.44,
                      "Plan Rows": 3,
                      "Plan Width": 4,
                      "Actual Startup Time": 0.008,
                      "Actual Total Time": 0.009,
                      "Actual Rows": 1,
                      "Actual Loops": 4682,
                      "Index Cond": "(movie_id = t.id)",
                      "Rows Removed by Index Recheck": 0,
                      "Heap Fetches": 6795
                    }
                  ]
                }
              ]
            }
          ]
        }
      ]
    },
    "Planning Time": 0.544,
    "Triggers": [],
    "Execution Time": 113.942
  }
]