[
  {
    "Plan": {
      "Node Type": "Aggregate",
      "Strategy": "Plain",
      "Partial Mode": "Finalize",
      "Parallel Aware": false,
      "Startup Cost": 359945.73,
      "Total Cost": 359945.74,
      "Plan Rows": 1,
      "Plan Width": 8,
      "Actual Startup Time": 529.62,
      "Actual Total Time": 609.496,
      "Actual Rows": 1,
      "Actual Loops": 1,
      "Plans": [
        {
          "Node Type": "Gather",
          "Parent Relationship": "Outer",
          "Parallel Aware": false,
          "Startup Cost": 359945.31,
          "Total Cost": 359945.72,
          "Plan Rows": 4,
          "Plan Width": 8,
          "Actual Startup Time": 529.305,
          "Actual Total Time": 609.481,
          "Actual Rows": 5,
          "Actual Loops": 1,
          "Workers Planned": 4,
          "Workers Launched": 4,
          "Single Copy": false,
          "Plans": [
            {
              "Node Type": "Aggregate",
              "Strategy": "Plain",
              "Partial Mode": "Partial",
              "Parent Relationship": "Outer",
              "Parallel Aware": false,
              "Startup Cost": 358945.31,
              "Total Cost": 358945.32,
              "Plan Rows": 1,
              "Plan Width": 8,
              "Actual Startup Time": 521.928,
              "Actual Total Time": 521.93,
              "Actual Rows": 1,
              "Actual Loops": 5,
              "Plans": [
                {
                  "Node Type": "Nested Loop",
                  "Parent Relationship": "Outer",
                  "Parallel Aware": false,
                  "Join Type": "Inner",
                  "Startup Cost": 0.56,
                  "Total Cost": 358646.51,
                  "Plan Rows": 119518,
                  "Plan Width": 0,
                  "Actual Startup Time": 0.402,
                  "Actual Total Time": 513.959,
                  "Actual Rows": 85358,
                  "Actual Loops": 5,
                  "Inner Unique": false,
                  "Plans": [
                    {
                      "Node Type": "Seq Scan",
                      "Parent Relationship": "Outer",
                      "Parallel Aware": true,
                      "Relation Name": "title",
                      "Alias": "t",
                      "Startup Cost": 0.0,
                      "Total Cost": 43899.32,
                      "Plan Rows": 12832,
                      "Plan Width": 4,
                      "Actual Startup Time": 0.036,
                      "Actual Total Time": 78.885,
                      "Actual Rows": 9317,
                      "Actual Loops": 5,
                      "Filter": "(production_year = 1998)",
                      "Rows Removed by Filter": 496346
                    },
                    {
                      "Node Type": "Index Scan",
                      "Parent Relationship": "Inner",
                      "Parallel Aware": false,
                      "Scan Direction": "Forward",
                      "Index Name": "movie_id_cast_info",
                      "Relation Name": "cast_info",
                      "Alias": "ci",
                      "Startup Cost": 0.56,
                      "Total Cost": 24.3,
                      "Plan Rows": 23,
                      "Plan Width": 4,
                      "Actual Startup Time": 0.023,
                      "Actual Total Time": 0.045,
                      "Actual Rows": 9,
                      "Actual Loops": 46583,
                      "Index Cond": "(movie_id = t.id)",
                      "Rows Removed by Index Recheck": 0,
                      "Filter": "(role_id > 1)",
                      "Rows Removed by Filter": 5
                    }
                  ]
                }
              ]
            }
          ]
        }
      ]
    },
    "Planning Time": 0.328,
    "Triggers": [],
    "Execution Time": 609.568
  }
]