[
    {
        "Bao": {
            "Bao prediction": "NaN",
            "Bao recommended hint": "(no hint)"
        }
    },
    {
        "Plan": {
            "Node Type": "Aggregate",
            "Strategy": "Plain",
            "Partial Mode": "Finalize",
            "Parallel Aware": false,
            "Startup Cost": 33164.84,
            "Total Cost": 33164.85,
            "Plan Rows": 1,
            "Plan Width": 8,
            "Actual Startup Time": 95.392,
            "Actual Total Time": 100.533,
            "Actual Rows": 1,
            "Actual Loops": 1,
            "Output": [
                "count(*)"
            ],
            "Plans": [
                {
                    "Node Type": "Gather",
                    "Parent Relationship": "Outer",
                    "Parallel Aware": false,
                    "Startup Cost": 33164.52,
                    "Total Cost": 33164.83,
                    "Plan Rows": 3,
                    "Plan Width": 8,
                    "Actual Startup Time": 95.297,
                    "Actual Total Time": 100.527,
                    "Actual Rows": 4,
                    "Actual Loops": 1,
                    "Output": [
                        "(PARTIAL count(*))"
                    ],
                    "Workers Planned": 3,
                    "Workers Launched": 3,
                    "Single Copy": false,
                    "Plans": [
                        {
                            "Node Type": "Aggregate",
                            "Strategy": "Plain",
                            "Partial Mode": "Partial",
                            "Parent Relationship": "Outer",
                            "Parallel Aware": false,
                            "Startup Cost": 32164.52,
                            "Total Cost": 32164.53,
                            "Plan Rows": 1,
                            "Plan Width": 8,
                            "Actual Startup Time": 86.717,
                            "Actual Total Time": 86.718,
                            "Actual Rows": 1,
                            "Actual Loops": 4,
                            "Output": [
                                "PARTIAL count(*)"
                            ],
                            "Workers": [
                                {
                                    "Worker Number": 0,
                                    "Actual Startup Time": 83.911,
                                    "Actual Total Time": 83.913,
                                    "Actual Rows": 1,
                                    "Actual Loops": 1
                                },
                                {
                                    "Worker Number": 1,
                                    "Actual Startup Time": 84.089,
                                    "Actual Total Time": 84.09,
                                    "Actual Rows": 1,
                                    "Actual Loops": 1
                                },
                                {
                                    "Worker Number": 2,
                                    "Actual Startup Time": 84.026,
                                    "Actual Total Time": 84.028,
                                    "Actual Rows": 1,
                                    "Actual Loops": 1
                                }
                            ],
                            "Plans": [
                                {
                                    "Node Type": "Seq Scan",
                                    "Parent Relationship": "Outer",
                                    "Parallel Aware": true,
                                    "Relation Name": "movie_companies",
                                    "Schema": "public",
                                    "Alias": "mc",
                                    "Startup Cost": 0.0,
                                    "Total Cost": 31414.82,
                                    "Plan Rows": 299880,
                                    "Plan Width": 0,
                                    "Actual Startup Time": 44.261,
                                    "Actual Total Time": 79.396,
                                    "Actual Rows": 153629,
                                    "Actual Loops": 4,
                                    "Output": [
                                        "id",
                                        "movie_id",
                                        "company_id",
                                        "company_type_id",
                                        "note"
                                    ],
                                    "Filter": "((mc.company_id < 31773) AND (mc.company_type_id = 2))",
                                    "Rows Removed by Filter": 498653,
                                    "Workers": [
                                        {
                                            "Worker Number": 0,
                                            "Actual Startup Time": 41.458,
                                            "Actual Total Time": 76.874,
                                            "Actual Rows": 105041,
                                            "Actual Loops": 1
                                        },
                                        {
                                            "Worker Number": 1,
                                            "Actual Startup Time": 41.639,
                                            "Actual Total Time": 77.152,
                                            "Actual Rows": 133899,
                                            "Actual Loops": 1
                                        },
                                        {
                                            "Worker Number": 2,
                                            "Actual Startup Time": 41.57,
                                            "Actual Total Time": 77.003,
                                            "Actual Rows": 170071,
                                            "Actual Loops": 1
                                        }
                                    ]
                                }
                            ]
                        }
                    ]
                }
            ]
        },
        "Planning Time": 205.129,
        "Triggers": [],
        "Execution Time": 100.608
    }
]