[
    {
        "Bao": {
            "Bao prediction": "NaN",
            "Bao recommended hint": "(no hint)"
        }
    },
    {
        "Plan": {
            "Node Type": "Aggregate",
            "Strategy": "Plain",
            "Partial Mode": "Finalize",
            "Parallel Aware": false,
            "Startup Cost": 23753.85,
            "Total Cost": 23753.86,
            "Plan Rows": 1,
            "Plan Width": 8,
            "Actual Startup Time": 51.944,
            "Actual Total Time": 55.044,
            "Actual Rows": 1,
            "Actual Loops": 1,
            "Output": [
                "count(*)"
            ],
            "Plans": [
                {
                    "Node Type": "Gather",
                    "Parent Relationship": "Outer",
                    "Parallel Aware": false,
                    "Startup Cost": 23753.53,
                    "Total Cost": 23753.84,
                    "Plan Rows": 3,
                    "Plan Width": 8,
                    "Actual Startup Time": 51.647,
                    "Actual Total Time": 55.033,
                    "Actual Rows": 4,
                    "Actual Loops": 1,
                    "Output": [
                        "(PARTIAL count(*))"
                    ],
                    "Workers Planned": 3,
                    "Workers Launched": 3,
                    "Single Copy": false,
                    "Plans": [
                        {
                            "Node Type": "Aggregate",
                            "Strategy": "Plain",
                            "Partial Mode": "Partial",
                            "Parent Relationship": "Outer",
                            "Parallel Aware": false,
                            "Startup Cost": 22753.53,
                            "Total Cost": 22753.54,
                            "Plan Rows": 1,
                            "Plan Width": 8,
                            "Actual Startup Time": 42.192,
                            "Actual Total Time": 42.194,
                            "Actual Rows": 1,
                            "Actual Loops": 4,
                            "Output": [
                                "PARTIAL count(*)"
                            ],
                            "Workers": [
                                {
                                    "Worker Number": 0,
                                    "Actual Startup Time": 39.646,
                                    "Actual Total Time": 39.648,
                                    "Actual Rows": 1,
                                    "Actual Loops": 1
                                },
                                {
                                    "Worker Number": 1,
                                    "Actual Startup Time": 39.579,
                                    "Actual Total Time": 39.581,
                                    "Actual Rows": 1,
                                    "Actual Loops": 1
                                },
                                {
                                    "Worker Number": 2,
                                    "Actual Startup Time": 39.563,
                                    "Actual Total Time": 39.564,
                                    "Actual Rows": 1,
                                    "Actual Loops": 1
                                }
                            ],
                            "Plans": [
                                {
                                    "Node Type": "Bitmap Heap Scan",
                                    "Parent Relationship": "Outer",
                                    "Parallel Aware": true,
                                    "Relation Name": "movie_companies",
                                    "Schema": "public",
                                    "Alias": "mc",
                                    "Startup Cost": 3187.67,
                                    "Total Cost": 22692.77,
                                    "Plan Rows": 24305,
                                    "Plan Width": 0,
                                    "Actual Startup Time": 9.565,
                                    "Actual Total Time": 38.61,
                                    "Actual Rows": 37618,
                                    "Actual Loops": 4,
                                    "Recheck Cond": "(mc.company_id > 131884)",
                                    "Rows Removed by Index Recheck": 0,
                                    "Filter": "(mc.company_type_id = 2)",
                                    "Rows Removed by Filter": 0,
                                    "Exact Heap Blocks": 1959,
                                    "Lossy Heap Blocks": 0,
                                    "Workers": [
                                        {
                                            "Worker Number": 0,
                                            "Actual Startup Time": 7.083,
                                            "Actual Total Time": 36.509,
                                            "Actual Rows": 25502,
                                            "Actual Loops": 1
                                        },
                                        {
                                            "Worker Number": 1,
                                            "Actual Startup Time": 7.035,
                                            "Actual Total Time": 36.443,
                                            "Actual Rows": 24337,
                                            "Actual Loops": 1
                                        },
                                        {
                                            "Worker Number": 2,
                                            "Actual Startup Time": 7.096,
                                            "Actual Total Time": 36.303,
                                            "Actual Rows": 25518,
                                            "Actual Loops": 1
                                        }
                                    ],
                                    "Plans": [
                                        {
                                            "Node Type": "Bitmap Index Scan",
                                            "Parent Relationship": "Outer",
                                            "Parallel Aware": false,
                                            "Index Name": "company_id_movie_companies",
                                            "Startup Cost": 0.0,
                                            "Total Cost": 3168.83,
                                            "Plan Rows": 147787,
                                            "Plan Width": 0,
                                            "Actual Startup Time": 15.946,
                                            "Actual Total Time": 15.946,
                                            "Actual Rows": 150471,
                                            "Actual Loops": 1,
                                            "Index Cond": "(mc.company_id > 131884)"
                                        }
                                    ]
                                }
                            ]
                        }
                    ]
                }
            ]
        },
        "Planning Time": 271.759,
        "Triggers": [],
        "Execution Time": 55.167
    }
]