[
  {
    "Plan": {
      "Node Type": "Aggregate",
      "Strategy": "Plain",
      "Partial Mode": "Finalize",
      "Parallel Aware": false,
      "Startup Cost": 125986.82,
      "Total Cost": 125986.83,
      "Plan Rows": 1,
      "Plan Width": 8,
      "Actual Startup Time": 1225.314,
      "Actual Total Time": 1244.486,
      "Actual Rows": 1,
      "Actual Loops": 1,
      "Plans": [
        {
          "Node Type": "Gather",
          "Parent Relationship": "Outer",
          "Parallel Aware": false,
          "Startup Cost": 125986.5,
          "Total Cost": 125986.81,
          "Plan Rows": 3,
          "Plan Width": 8,
          "Actual Startup Time": 1220.016,
          "Actual Total Time": 1244.473,
          "Actual Rows": 4,
          "Actual Loops": 1,
          "Workers Planned": 3,
          "Workers Launched": 3,
          "Single Copy": false,
          "Plans": [
            {
              "Node Type": "Aggregate",
              "Strategy": "Plain",
              "Partial Mode": "Partial",
              "Parent Relationship": "Outer",
              "Parallel Aware": false,
              "Startup Cost": 124986.5,
              "Total Cost": 124986.51,
              "Plan Rows": 1,
              "Plan Width": 8,
              "Actual Startup Time": 1210.933,
              "Actual Total Time": 1211.343,
              "Actual Rows": 1,
              "Actual Loops": 4,
              "Plans": [
                {
                  "Node Type": "Hash Join",
                  "Parent Relationship": "Outer",
                  "Parallel Aware": true,
                  "Join Type": "Inner",
                  "Startup Cost": 79324.02,
                  "Total Cost": 124487.59,
                  "Plan Rows": 199564,
                  "Plan Width": 0,
                  "Actual Startup Time": 487.312,
                  "Actual Total Time": 1031.885,
                  "Actual Rows": 3757634,
                  "Actual Loops": 4,
                  "Inner Unique": false,
                  "Hash Cond": "(mk.movie_id = t.id)",
                  "Plans": [
                    {
                      "Node Type": "Seq Scan",
                      "Parent Relationship": "Outer",
                      "Parallel Aware": true,
                      "Relation Name": "movie_keyword",
                      "Alias": "mk",
                      "Startup Cost": 0.0,
                      "Total Cost": 39047.32,
                      "Plan Rows": 1459332,
                      "Plan Width": 4,
                      "Actual Startup Time": 0.052,
                      "Actual Total Time": 105.881,
                      "Actual Rows": 1130982,
                      "Actual Loops": 4
                    },
                    {
                      "Node Type": "Hash",
                      "Parent Relationship": "Inner",
                      "Parallel Aware": true,
                      "Startup Cost": 77929.9,
                      "Total Cost": 77929.9,
                      "Plan Rows": 111530,
                      "Plan Width": 8,
                      "Actual Startup Time": 483.732,
                      "Actual Total Time": 484.141,
                      "Actual Rows": 231396,
                      "Actual Loops": 4,
                      "Hash Buckets": 1048576,
                      "Original Hash Buckets": 524288,
                      "Hash Batches": 1,
                      "Original Hash Batches": 1,
                      "Peak Memory Usage": 48544,
                      "Plans": [
                        {
                          "Node Type": "Hash Join",
                          "Parent Relationship": "Outer",
                          "Parallel Aware": true,
                          "Join Type": "Inner",
                          "Startup Cost": 46659.35,
                          "Total Cost": 77929.9,
                          "Plan Rows": 111530,
                          "Plan Width": 8,
                          "Actual Startup Time": 164.128,
                          "Actual Total Time": 396.046,
                          "Actual Rows": 231396,
                          "Actual Loops": 4,
                          "Inner Unique": true,
                          "Hash Cond": "(mc.movie_id = t.id)",
                          "Plans": [
                            {
                              "Node Type": "Seq Scan",
                              "Parent Relationship": "Outer",
                              "Parallel Aware": true,
                              "Relation Name": "movie_companies",
                              "Alias": "mc",
                              "Startup Cost": 0.0,
                              "Total Cost": 29310.68,
                              "Plan Rows": 746616,
                              "Plan Width": 4,
                              "Actual Startup Time": 0.053,
                              "Actual Total Time": 88.651,
                              "Actual Rows": 579063,
                              "Actual Loops": 4,
                              "Filter": "(company_id > 159)",
                              "Rows Removed by Filter": 73219
                            },
                            {
                              "Node Type": "Hash",
                              "Parent Relationship": "Inner",
                              "Parallel Aware": true,
                              "Startup Cost": 45479.1,
                              "Total Cost": 45479.1,
                              "Plan Rows": 94420,
                              "Plan Width": 4,
                              "Actual Startup Time": 162.099,
                              "Actual Total Time": 162.1,
                              "Actual Rows": 121205,
                              "Actual Loops": 4,
                              "Hash Buckets": 524288,
                              "Original Hash Buckets": 524288,
                              "Hash Batches": 1,
                              "Original Hash Batches": 1,
                              "Peak Memory Usage": 23136,
                              "Plans": [
                                {
                                  "Node Type": "Seq Scan",
                                  "Parent Relationship": "Outer",
                                  "Parallel Aware": true,
                                  "Relation Name": "title",
                                  "Alias": "t",
                                  "Startup Cost": 0.0,
                                  "Total Cost": 45479.1,
                                  "Plan Rows": 94420,
                                  "Plan Width": 4,
                                  "Actual Startup Time": 0.056,
                                  "Actual Total Time": 114.271,
                                  "Actual Rows": 121205,
                                  "Actual Loops": 4,
                                  "Filter": "((kind_id < 7) AND (production_year < 1999))",
                                  "Rows Removed by Filter": 510873
                                }
                              ]
                            }
                          ]
                        }
                      ]
                    }
                  ]
                }
              ]
            }
          ]
        }
      ]
    },
    "Planning Time": 1.483,
    "Triggers": [],
    "Execution Time": 1244.573
  }
]