[
  {
    "Plan": {
      "Node Type": "Aggregate",
      "Strategy": "Plain",
      "Partial Mode": "Finalize",
      "Parallel Aware": false,
      "Startup Cost": 57914.48,
      "Total Cost": 57914.49,
      "Plan Rows": 1,
      "Plan Width": 8,
      "Actual Startup Time": 226.135,
      "Actual Total Time": 252.301,
      "Actual Rows": 1,
      "Actual Loops": 1,
      "Plans": [
        {
          "Node Type": "Gather",
          "Parent Relationship": "Outer",
          "Parallel Aware": false,
          "Startup Cost": 57914.06,
          "Total Cost": 57914.47,
          "Plan Rows": 4,
          "Plan Width": 8,
          "Actual Startup Time": 225.736,
          "Actual Total Time": 252.293,
          "Actual Rows": 5,
          "Actual Loops": 1,
          "Workers Planned": 4,
          "Workers Launched": 4,
          "Single Copy": false,
          "Plans": [
            {
              "Node Type": "Aggregate",
              "Strategy": "Plain",
              "Partial Mode": "Partial",
              "Parent Relationship": "Outer",
              "Parallel Aware": false,
              "Startup Cost": 56914.06,
              "Total Cost": 56914.07,
              "Plan Rows": 1,
              "Plan Width": 8,
              "Actual Startup Time": 215.981,
              "Actual Total Time": 215.983,
              "Actual Rows": 1,
              "Actual Loops": 5,
              "Plans": [
                {
                  "Node Type": "Nested Loop",
                  "Parent Relationship": "Outer",
                  "Parallel Aware": false,
                  "Join Type": "Inner",
                  "Startup Cost": 1.0,
                  "Total Cost": 56894.53,
                  "Plan Rows": 7814,
                  "Plan Width": 0,
                  "Actual Startup Time": 57.597,
                  "Actual Total Time": 211.804,
                  "Actual Rows": 78470,
                  "Actual Loops": 5,
                  "Inner Unique": false,
                  "Join Filter": "(t.id = ci.movie_id)",
                  "Rows Removed by Join Filter": 0,
                  "Plans": [
                    {
                      "Node Type": "Nested Loop",
                      "Parent Relationship": "Outer",
                      "Parallel Aware": false,
                      "Join Type": "Inner",
                      "Startup Cost": 0.43,
                      "Total Cost": 53913.82,
                      "Plan Rows": 1662,
                      "Plan Width": 8,
                      "Actual Startup Time": 57.466,
                      "Actual Total Time": 90.007,
                      "Actual Rows": 4463,
                      "Actual Loops": 5,
                      "Inner Unique": false,
                      "Plans": [
                        {
                          "Node Type": "Seq Scan",
                          "Parent Relationship": "Outer",
                          "Parallel Aware": true,
                          "Relation Name": "title",
                          "Alias": "t",
                          "Startup Cost": 0.0,
                          "Total Cost": 45479.1,
                          "Plan Rows": 928,
                          "Plan Width": 4,
                          "Actual Startup Time": 56.672,
                          "Actual Total Time": 79.41,
                          "Actual Rows": 876,
                          "Actual Loops": 5,
                          "Filter": "((kind_id < 2) AND (production_year = 1979))",
                          "Rows Removed by Filter": 504786
                        },
                        {
                          "Node Type": "Index Only Scan",
                          "Parent Relationship": "Inner",
                          "Parallel Aware": false,
                          "Scan Direction": "Forward",
                          "Index Name": "movie_id_movie_keyword",
                          "Relation Name": "movie_keyword",
                          "Alias": "mk",
                          "Startup Cost": 0.43,
                          "Total Cost": 8.64,
                          "Plan Rows": 45,
                          "Plan Width": 4,
                          "Actual Startup Time": 0.01,
                          "Actual Total Time": 0.011,
                          "Actual Rows": 5,
                          "Actual Loops": 4382,
                          "Index Cond": "(movie_id = t.id)",
                          "Rows Removed by Index Recheck": 0,
                          "Heap Fetches": 22317
                        }
                      ]
                    },
                    {
                      "Node Type": "Index Scan",
                      "Parent Relationship": "Inner",
                      "Parallel Aware": false,
                      "Scan Direction": "Forward",
                      "Index Name": "movie_id_cast_info",
                      "Relation Name": "cast_info",
                      "Alias": "ci",
                      "Startup Cost": 0.56,
                      "Total Cost": 1.64,
                      "Plan Rows": 12,
                      "Plan Width": 4,
                      "Actual Startup Time": 0.004,
                      "Actual Total Time": 0.025,
                      "Actual Rows": 18,
                      "Actual Loops": 22317,
                      "Index Cond": "(movie_id = mk.movie_id)",
                      "Rows Removed by Index Recheck": 0,
                      "Filter": "(person_id < 1168834)",
                      "Rows Removed by Filter": 26
                    }
                  ]
                }
              ]
            }
          ]
        }
      ]
    },
    "Planning Time": 1.365,
    "Triggers": [],
    "Execution Time": 252.391
  }
]