[
  {
    "Plan": {
      "Node Type": "Aggregate",
      "Strategy": "Plain",
      "Partial Mode": "Finalize",
      "Parallel Aware": false,
      "Startup Cost": 89228.49,
      "Total Cost": 89228.5,
      "Plan Rows": 1,
      "Plan Width": 8,
      "Actual Startup Time": 275.054,
      "Actual Total Time": 293.684,
      "Actual Rows": 1,
      "Actual Loops": 1,
      "Plans": [
        {
          "Node Type": "Gather",
          "Parent Relationship": "Outer",
          "Parallel Aware": false,
          "Startup Cost": 89228.17,
          "Total Cost": 89228.48,
          "Plan Rows": 3,
          "Plan Width": 8,
          "Actual Startup Time": 274.798,
          "Actual Total Time": 293.675,
          "Actual Rows": 4,
          "Actual Loops": 1,
          "Workers Planned": 3,
          "Workers Launched": 3,
          "Single Copy": false,
          "Plans": [
            {
              "Node Type": "Aggregate",
              "Strategy": "Plain",
              "Partial Mode": "Partial",
              "Parent Relationship": "Outer",
              "Parallel Aware": false,
              "Startup Cost": 88228.17,
              "Total Cost": 88228.18,
              "Plan Rows": 1,
              "Plan Width": 8,
              "Actual Startup Time": 266.113,
              "Actual Total Time": 266.117,
              "Actual Rows": 1,
              "Actual Loops": 4,
              "Plans": [
                {
                  "Node Type": "Hash Join",
                  "Parent Relationship": "Outer",
                  "Parallel Aware": true,
                  "Join Type": "Inner",
                  "Startup Cost": 43988.47,
                  "Total Cost": 88211.68,
                  "Plan Rows": 6595,
                  "Plan Width": 0,
                  "Actual Startup Time": 108.51,
                  "Actual Total Time": 265.711,
                  "Actual Rows": 6287,
                  "Actual Loops": 4,
                  "Inner Unique": true,
                  "Hash Cond": "(mk.movie_id = t.id)",
                  "Plans": [
                    {
                      "Node Type": "Seq Scan",
                      "Parent Relationship": "Outer",
                      "Parallel Aware": true,
                      "Relation Name": "movie_keyword",
                      "Alias": "mk",
                      "Startup Cost": 0.0,
                      "Total Cost": 42695.65,
                      "Plan Rows": 581929,
                      "Plan Width": 4,
                      "Actual Startup Time": 0.556,
                      "Actual Total Time": 118.019,
                      "Actual Rows": 452486,
                      "Actual Loops": 4,
                      "Filter": "(keyword_id > 7666)",
                      "Rows Removed by Filter": 678497
                    },
                    {
                      "Node Type": "Hash",
                      "Parent Relationship": "Inner",
                      "Parallel Aware": true,
                      "Startup Cost": 43898.92,
                      "Total Cost": 43898.92,
                      "Plan Rows": 7164,
                      "Plan Width": 4,
                      "Actual Startup Time": 106.255,
                      "Actual Total Time": 106.256,
                      "Actual Rows": 7507,
                      "Actual Loops": 4,
                      "Hash Buckets": 32768,
                      "Original Hash Buckets": 32768,
                      "Hash Batches": 1,
                      "Original Hash Batches": 1,
                      "Peak Memory Usage": 1504,
                      "Plans": [
                        {
                          "Node Type": "Seq Scan",
                          "Parent Relationship": "Outer",
                          "Parallel Aware": true,
                          "Relation Name": "title",
                          "Alias": "t",
                          "Startup Cost": 0.0,
                          "Total Cost": 43898.92,
                          "Plan Rows": 7164,
                          "Plan Width": 4,
                          "Actual Startup Time": 0.056,
                          "Actual Total Time": 101.968,
                          "Actual Rows": 7507,
                          "Actual Loops": 4,
                          "Filter": "(production_year = 1994)",
                          "Rows Removed by Filter": 624571
                        }
                      ]
                    }
                  ]
                }
              ]
            }
          ]
        }
      ]
    },
    "Planning Time": 0.612,
    "Triggers": [],
    "Execution Time": 293.758
  }
]