[
  {
    "Plan": {
      "Node Type": "Aggregate",
      "Strategy": "Plain",
      "Partial Mode": "Finalize",
      "Parallel Aware": false,
      "Startup Cost": 250911.26,
      "Total Cost": 250911.27,
      "Plan Rows": 1,
      "Plan Width": 8,
      "Actual Startup Time": 686.474,
      "Actual Total Time": 731.268,
      "Actual Rows": 1,
      "Actual Loops": 1,
      "Plans": [
        {
          "Node Type": "Gather",
          "Parent Relationship": "Outer",
          "Parallel Aware": false,
          "Startup Cost": 250910.74,
          "Total Cost": 250911.25,
          "Plan Rows": 5,
          "Plan Width": 8,
          "Actual Startup Time": 683.086,
          "Actual Total Time": 731.257,
          "Actual Rows": 6,
          "Actual Loops": 1,
          "Workers Planned": 5,
          "Workers Launched": 5,
          "Single Copy": false,
          "Plans": [
            {
              "Node Type": "Aggregate",
              "Strategy": "Plain",
              "Partial Mode": "Partial",
              "Parent Relationship": "Outer",
              "Parallel Aware": false,
              "Startup Cost": 249910.74,
              "Total Cost": 249910.75,
              "Plan Rows": 1,
              "Plan Width": 8,
              "Actual Startup Time": 676.397,
              "Actual Total Time": 676.4,
              "Actual Rows": 1,
              "Actual Loops": 6,
              "Plans": [
                {
                  "Node Type": "Hash Join",
                  "Parent Relationship": "Outer",
                  "Parallel Aware": true,
                  "Join Type": "Inner",
                  "Startup Cost": 47066.71,
                  "Total Cost": 249310.83,
                  "Plan Rows": 239962,
                  "Plan Width": 0,
                  "Actual Startup Time": 125.956,
                  "Actual Total Time": 660.062,
                  "Actual Rows": 346846,
                  "Actual Loops": 6,
                  "Inner Unique": true,
                  "Hash Cond": "(mi.movie_id = t.id)",
                  "Plans": [
                    {
                      "Node Type": "Seq Scan",
                      "Parent Relationship": "Outer",
                      "Parallel Aware": true,
                      "Relation Name": "movie_info",
                      "Alias": "mi",
                      "Startup Cost": 0.0,
                      "Total Cost": 199108.24,
                      "Plan Rows": 1194621,
                      "Plan Width": 4,
                      "Actual Startup Time": 0.034,
                      "Actual Total Time": 363.279,
                      "Actual Rows": 980827,
                      "Actual Loops": 6,
                      "Filter": "(info_type_id < 7)",
                      "Rows Removed by Filter": 1491793
                    },
                    {
                      "Node Type": "Hash",
                      "Parent Relationship": "Inner",
                      "Parallel Aware": true,
                      "Startup Cost": 45479.59,
                      "Total Cost": 45479.59,
                      "Plan Rows": 126970,
                      "Plan Width": 4,
                      "Actual Startup Time": 110.667,
                      "Actual Total Time": 110.668,
                      "Actual Rows": 63685,
                      "Actual Loops": 6,
                      "Hash Buckets": 524288,
                      "Original Hash Buckets": 524288,
                      "Hash Batches": 1,
                      "Original Hash Batches": 1,
                      "Peak Memory Usage": 19168,
                      "Plans": [
                        {
                          "Node Type": "Seq Scan",
                          "Parent Relationship": "Outer",
                          "Parallel Aware": true,
                          "Relation Name": "title",
                          "Alias": "t",
                          "Startup Cost": 0.0,
                          "Total Cost": 45479.59,
                          "Plan Rows": 126970,
                          "Plan Width": 4,
                          "Actual Startup Time": 39.391,
                          "Actual Total Time": 82.295,
                          "Actual Rows": 63685,
                          "Actual Loops": 6,
                          "Filter": "((production_year > 1980) AND (kind_id = 1))",
                          "Rows Removed by Filter": 357700
                        }
                      ]
                    }
                  ]
                }
              ]
            }
          ]
        }
      ]
    },
    "Planning Time": 0.563,
    "Triggers": [],
    "Execution Time": 731.321
  }
]