[
  {
    "Plan": {
      "Node Type": "Aggregate",
      "Strategy": "Plain",
      "Partial Mode": "Finalize",
      "Parallel Aware": false,
      "Startup Cost": 52429.44,
      "Total Cost": 52429.45,
      "Plan Rows": 1,
      "Plan Width": 8,
      "Actual Startup Time": 122.296,
      "Actual Total Time": 142.112,
      "Actual Rows": 1,
      "Actual Loops": 1,
      "Plans": [
        {
          "Node Type": "Gather",
          "Parent Relationship": "Outer",
          "Parallel Aware": false,
          "Startup Cost": 52429.02,
          "Total Cost": 52429.43,
          "Plan Rows": 4,
          "Plan Width": 8,
          "Actual Startup Time": 122.088,
          "Actual Total Time": 142.099,
          "Actual Rows": 5,
          "Actual Loops": 1,
          "Workers Planned": 4,
          "Workers Launched": 4,
          "Single Copy": false,
          "Plans": [
            {
              "Node Type": "Aggregate",
              "Strategy": "Plain",
              "Partial Mode": "Partial",
              "Parent Relationship": "Outer",
              "Parallel Aware": false,
              "Startup Cost": 51429.02,
              "Total Cost": 51429.03,
              "Plan Rows": 1,
              "Plan Width": 8,
              "Actual Startup Time": 113.96,
              "Actual Total Time": 113.962,
              "Actual Rows": 1,
              "Actual Loops": 5,
              "Plans": [
                {
                  "Node Type": "Nested Loop",
                  "Parent Relationship": "Outer",
                  "Parallel Aware": false,
                  "Join Type": "Inner",
                  "Startup Cost": 0.99,
                  "Total Cost": 51427.77,
                  "Plan Rows": 501,
                  "Plan Width": 0,
                  "Actual Startup Time": 55.726,
                  "Actual Total Time": 113.873,
                  "Actual Rows": 810,
                  "Actual Loops": 5,
                  "Inner Unique": false,
                  "Join Filter": "(t.id = ci.movie_id)",
                  "Rows Removed by Join Filter": 0,
                  "Plans": [
                    {
                      "Node Type": "Nested Loop",
                      "Parent Relationship": "Outer",
                      "Parallel Aware": false,
                      "Join Type": "Inner",
                      "Startup Cost": 0.43,
                      "Total Cost": 51045.55,
                      "Plan Rows": 149,
                      "Plan Width": 8,
                      "Actual Startup Time": 55.395,
                      "Actual Total Time": 88.261,
                      "Actual Rows": 589,
                      "Actual Loops": 5,
                      "Inner Unique": false,
                      "Plans": [
                        {
                          "Node Type": "Seq Scan",
                          "Parent Relationship": "Outer",
                          "Parallel Aware": true,
                          "Relation Name": "title",
                          "Alias": "t",
                          "Startup Cost": 0.0,
                          "Total Cost": 45479.59,
                          "Plan Rows": 296,
                          "Plan Width": 4,
                          "Actual Startup Time": 55.262,
                          "Actual Total Time": 77.94,
                          "Actual Rows": 725,
                          "Actual Loops": 5,
                          "Filter": "((kind_id < 7) AND (production_year = 1921))",
                          "Rows Removed by Filter": 504937
                        },
                        {
                          "Node Type": "Index Scan",
                          "Parent Relationship": "Inner",
                          "Parallel Aware": false,
                          "Scan Direction": "Forward",
                          "Index Name": "movie_id_movie_companies",
                          "Relation Name": "movie_companies",
                          "Alias": "mc",
                          "Startup Cost": 0.43,
                          "Total Cost": 18.77,
                          "Plan Rows": 3,
                          "Plan Width": 4,
                          "Actual Startup Time": 0.011,
                          "Actual Total Time": 0.014,
                          "Actual Rows": 1,
                          "Actual Loops": 3627,
                          "Index Cond": "(movie_id = t.id)",
                          "Rows Removed by Index Recheck": 0,
                          "Filter": "(company_type_id < 2)",
                          "Rows Removed by Filter": 1
                        }
                      ]
                    },
                    {
                      "Node Type": "Index Scan",
                      "Parent Relationship": "Inner",
                      "Parallel Aware": false,
                      "Scan Direction": "Forward",
                      "Index Name": "movie_id_cast_info",
                      "Relation Name": "cast_info",
                      "Alias": "ci",
                      "Startup Cost": 0.56,
                      "Total Cost": 2.47,
                      "Plan Rows": 8,
                      "Plan Width": 4,
                      "Actual Startup Time": 0.042,
                      "Actual Total Time": 0.043,
                      "Actual Rows": 1,
                      "Actual Loops": 2944,
                      "Index Cond": "(movie_id = mc.movie_id)",
                      "Rows Removed by Index Recheck": 0,
                      "Filter": "(role_id > 5)",
                      "Rows Removed by Filter": 10
                    }
                  ]
                }
              ]
            }
          ]
        }
      ]
    },
    "Planning Time": 0.997,
    "Triggers": [],
    "Execution Time": 142.184
  }
]