[
  {
    "Plan": {
      "Node Type": "Aggregate",
      "Strategy": "Plain",
      "Partial Mode": "Finalize",
      "Parallel Aware": false,
      "Startup Cost": 49140.13,
      "Total Cost": 49140.14,
      "Plan Rows": 1,
      "Plan Width": 8,
      "Actual Startup Time": 98.214,
      "Actual Total Time": 111.125,
      "Actual Rows": 1,
      "Actual Loops": 1,
      "Plans": [
        {
          "Node Type": "Gather",
          "Parent Relationship": "Outer",
          "Parallel Aware": false,
          "Startup Cost": 49139.71,
          "Total Cost": 49140.12,
          "Plan Rows": 4,
          "Plan Width": 8,
          "Actual Startup Time": 98.067,
          "Actual Total Time": 111.117,
          "Actual Rows": 5,
          "Actual Loops": 1,
          "Workers Planned": 4,
          "Workers Launched": 4,
          "Single Copy": false,
          "Plans": [
            {
              "Node Type": "Aggregate",
              "Strategy": "Plain",
              "Partial Mode": "Partial",
              "Parent Relationship": "Outer",
              "Parallel Aware": false,
              "Startup Cost": 48139.71,
              "Total Cost": 48139.72,
              "Plan Rows": 1,
              "Plan Width": 8,
              "Actual Startup Time": 88.543,
              "Actual Total Time": 88.544,
              "Actual Rows": 1,
              "Actual Loops": 5,
              "Plans": [
                {
                  "Node Type": "Nested Loop",
                  "Parent Relationship": "Outer",
                  "Parallel Aware": false,
                  "Join Type": "Inner",
                  "Startup Cost": 0.43,
                  "Total Cost": 48138.36,
                  "Plan Rows": 541,
                  "Plan Width": 0,
                  "Actual Startup Time": 58.635,
                  "Actual Total Time": 88.405,
                  "Actual Rows": 2615,
                  "Actual Loops": 5,
                  "Inner Unique": false,
                  "Plans": [
                    {
                      "Node Type": "Seq Scan",
                      "Parent Relationship": "Outer",
                      "Parallel Aware": true,
                      "Relation Name": "title",
                      "Alias": "t",
                      "Startup Cost": 0.0,
                      "Total Cost": 43898.92,
                      "Plan Rows": 452,
                      "Plan Width": 4,
                      "Actual Startup Time": 44.837,
                      "Actual Total Time": 82.331,
                      "Actual Rows": 366,
                      "Actual Loops": 5,
                      "Filter": "(production_year = 1944)",
                      "Rows Removed by Filter": 505296
                    },
                    {
                      "Node Type": "Index Scan",
                      "Parent Relationship": "Inner",
                      "Parallel Aware": false,
                      "Scan Direction": "Forward",
                      "Index Name": "movie_id_movie_keyword",
                      "Relation Name": "movie_keyword",
                      "Alias": "mk",
                      "Startup Cost": 0.43,
                      "Total Cost": 9.08,
                      "Plan Rows": 30,
                      "Plan Width": 4,
                      "Actual Startup Time": 0.014,
                      "Actual Total Time": 0.016,
                      "Actual Rows": 7,
                      "Actual Loops": 1831,
                      "Index Cond": "(movie_id = t.id)",
                      "Rows Removed by Index Recheck": 0,
                      "Filter": "(keyword_id > 2194)",
                      "Rows Removed by Filter": 3
                    }
                  ]
                }
              ]
            }
          ]
        }
      ]
    },
    "Planning Time": 0.656,
    "Triggers": [],
    "Execution Time": 111.196
  }
]