{
  "Plan": {
    "Node Type": "Aggregate",
    "Strategy": "Plain",
    "Partial Mode": "Finalize",
    "Parallel Aware": false,
    "Startup Cost": 127723.56,
    "Total Cost": 127723.57,
    "Plan Rows": 1,
    "Plan Width": 8,
    "Actual Startup Time": 281.394,
    "Actual Total Time": 310.172,
    "Actual Rows": 1,
    "Actual Loops": 1,
    "Plans": [
      {
        "Node Type": "Gather",
        "Parent Relationship": "Outer",
        "Parallel Aware": false,
        "Startup Cost": 127723.45,
        "Total Cost": 127723.56,
        "Plan Rows": 1,
        "Plan Width": 8,
        "Actual Startup Time": 280.705,
        "Actual Total Time": 310.162,
        "Actual Rows": 2,
        "Actual Loops": 1,
        "Workers Planned": 1,
        "Workers Launched": 1,
        "Single Copy": false,
        "Plans": [
          {
            "Node Type": "Aggregate",
            "Strategy": "Plain",
            "Partial Mode": "Partial",
            "Parent Relationship": "Outer",
            "Parallel Aware": false,
            "Startup Cost": 126723.45,
            "Total Cost": 126723.46,
            "Plan Rows": 1,
            "Plan Width": 8,
            "Actual Startup Time": 275.986,
            "Actual Total Time": 275.991,
            "Actual Rows": 1,
            "Actual Loops": 2,
            "Plans": [
              {
                "Node Type": "Nested Loop",
                "Parent Relationship": "Outer",
                "Parallel Aware": false,
                "Join Type": "Inner",
                "Startup Cost": 59489.54,
                "Total Cost": 126708.43,
                "Plan Rows": 6006,
                "Plan Width": 0,
                "Actual Startup Time": 173.297,
                "Actual Total Time": 275.198,
                "Actual Rows": 15206,
                "Actual Loops": 2,
                "Inner Unique": false,
                "Join Filter": "(t.id = mi.movie_id)",
                "Rows Removed by Join Filter": 0,
                "Plans": [
                  {
                    "Node Type": "Hash Join",
                    "Parent Relationship": "Outer",
                    "Parallel Aware": true,
                    "Join Type": "Inner",
                    "Startup Cost": 59489.1,
                    "Total Cost": 85500.59,
                    "Plan Rows": 6556,
                    "Plan Width": 8,
                    "Actual Startup Time": 173.048,
                    "Actual Total Time": 232.87,
                    "Actual Rows": 1541,
                    "Actual Loops": 2,
                    "Inner Unique": true,
                    "Hash Cond": "(mk.movie_id = t.id)",
                    "Plans": [
                      {
                        "Node Type": "Bitmap Heap Scan",
                        "Parent Relationship": "Outer",
                        "Parallel Aware": true,
                        "Relation Name": "movie_keyword",
                        "Alias": "mk",
                        "Startup Cost": 3717.12,
                        "Total Cost": 29458.31,
                        "Plan Rows": 102975,
                        "Plan Width": 4,
                        "Actual Startup Time": 16.011,
                        "Actual Total Time": 56.416,
                        "Actual Rows": 94388,
                        "Actual Loops": 2,
                        "Recheck Cond": "(keyword_id < 137)",
                        "Rows Removed by Index Recheck": 0,
                        "Exact Heap Blocks": 15586,
                        "Lossy Heap Blocks": 0,
                        "Plans": [
                          {
                            "Node Type": "Bitmap Index Scan",
                            "Parent Relationship": "Outer",
                            "Parallel Aware": false,
                            "Index Name": "keyword_id_movie_keyword",
                            "Startup Cost": 0.0,
                            "Total Cost": 3673.36,
                            "Plan Rows": 175057,
                            "Plan Width": 0,
                            "Actual Startup Time": 12.531,
                            "Actual Total Time": 12.532,
                            "Actual Rows": 188777,
                            "Actual Loops": 1,
                            "Index Cond": "(keyword_id < 137)"
                          }
                        ]
                      },
                      {
                        "Node Type": "Hash",
                        "Parent Relationship": "Inner",
                        "Parallel Aware": true,
                        "Startup Cost": 54588.39,
                        "Total Cost": 54588.39,
                        "Plan Rows": 94687,
                        "Plan Width": 4,
                        "Actual Startup Time": 154.754,
                        "Actual Total Time": 154.755,
                        "Actual Rows": 82154,
                        "Actual Loops": 2,
                        "Hash Buckets": 262144,
                        "Original Hash Buckets": 262144,
                        "Hash Batches": 1,
                        "Original Hash Batches": 1,
                        "Peak Memory Usage": 8512,
                        "Plans": [
                          {
                            "Node Type": "Seq Scan",
                            "Parent Relationship": "Outer",
                            "Parallel Aware": true,
                            "Relation Name": "title",
                            "Alias": "t",
                            "Startup Cost": 0.0,
                            "Total Cost": 54588.39,
                            "Plan Rows": 94687,
                            "Plan Width": 4,
                            "Actual Startup Time": 0.03,
                            "Actual Total Time": 133.426,
                            "Actual Rows": 82154,
                            "Actual Loops": 2,
                            "Filter": "(production_year = 2012)",
                            "Rows Removed by Filter": 1182002
                          }
                        ]
                      }
                    ]
                  },
                  {
                    "Node Type": "Index Scan",
                    "Parent Relationship": "Inner",
                    "Parallel Aware": false,
                    "Scan Direction": "Forward",
                    "Index Name": "movie_id_movie_info",
                    "Relation Name": "movie_info",
                    "Alias": "mi",
                    "Startup Cost": 0.43,
                    "Total Cost": 6.2,
                    "Plan Rows": 7,
                    "Plan Width": 4,
                    "Actual Startup Time": 0.013,
                    "Actual Total Time": 0.026,
                    "Actual Rows": 10,
                    "Actual Loops": 3082,
                    "Index Cond": "(movie_id = mk.movie_id)",
                    "Rows Removed by Index Recheck": 0,
                    "Filter": "(info_type_id > 16)",
                    "Rows Removed by Filter": 22
                  }
                ]
              }
            ]
          }
        ]
      }
    ]
  },
  "Planning Time": 0.594,
  "Triggers": [],
  "Execution Time": 310.253
}