[
    {
        "Bao": {
            "Bao prediction": "NaN",
            "Bao recommended hint": "(no hint)"
        }
    },
    {
        "Plan": {
            "Node Type": "Aggregate",
            "Strategy": "Plain",
            "Partial Mode": "Finalize",
            "Parallel Aware": false,
            "Startup Cost": 332307.8,
            "Total Cost": 332307.81,
            "Plan Rows": 1,
            "Plan Width": 8,
            "Actual Startup Time": 357.851,
            "Actual Total Time": 366.314,
            "Actual Rows": 1,
            "Actual Loops": 1,
            "Output": [
                "count(*)"
            ],
            "Plans": [
                {
                    "Node Type": "Gather",
                    "Parent Relationship": "Outer",
                    "Parallel Aware": false,
                    "Startup Cost": 332307.18,
                    "Total Cost": 332307.79,
                    "Plan Rows": 6,
                    "Plan Width": 8,
                    "Actual Startup Time": 356.837,
                    "Actual Total Time": 366.307,
                    "Actual Rows": 7,
                    "Actual Loops": 1,
                    "Output": [
                        "(PARTIAL count(*))"
                    ],
                    "Workers Planned": 6,
                    "Workers Launched": 6,
                    "Single Copy": false,
                    "Plans": [
                        {
                            "Node Type": "Aggregate",
                            "Strategy": "Plain",
                            "Partial Mode": "Partial",
                            "Parent Relationship": "Outer",
                            "Parallel Aware": false,
                            "Startup Cost": 331307.18,
                            "Total Cost": 331307.19,
                            "Plan Rows": 1,
                            "Plan Width": 8,
                            "Actual Startup Time": 346.353,
                            "Actual Total Time": 346.354,
                            "Actual Rows": 1,
                            "Actual Loops": 7,
                            "Output": [
                                "PARTIAL count(*)"
                            ],
                            "Workers": [
                                {
                                    "Worker Number": 0,
                                    "Actual Startup Time": 343.924,
                                    "Actual Total Time": 343.925,
                                    "Actual Rows": 1,
                                    "Actual Loops": 1
                                },
                                {
                                    "Worker Number": 1,
                                    "Actual Startup Time": 344.425,
                                    "Actual Total Time": 344.426,
                                    "Actual Rows": 1,
                                    "Actual Loops": 1
                                },
                                {
                                    "Worker Number": 2,
                                    "Actual Startup Time": 344.73,
                                    "Actual Total Time": 344.732,
                                    "Actual Rows": 1,
                                    "Actual Loops": 1
                                },
                                {
                                    "Worker Number": 3,
                                    "Actual Startup Time": 344.598,
                                    "Actual Total Time": 344.599,
                                    "Actual Rows": 1,
                                    "Actual Loops": 1
                                },
                                {
                                    "Worker Number": 4,
                                    "Actual Startup Time": 345.066,
                                    "Actual Total Time": 345.068,
                                    "Actual Rows": 1,
                                    "Actual Loops": 1
                                },
                                {
                                    "Worker Number": 5,
                                    "Actual Startup Time": 345.553,
                                    "Actual Total Time": 345.554,
                                    "Actual Rows": 1,
                                    "Actual Loops": 1
                                }
                            ],
                            "Plans": [
                                {
                                    "Node Type": "Bitmap Heap Scan",
                                    "Parent Relationship": "Outer",
                                    "Parallel Aware": true,
                                    "Relation Name": "cast_info",
                                    "Schema": "public",
                                    "Alias": "ci",
                                    "Startup Cost": 70148.55,
                                    "Total Cost": 330837.63,
                                    "Plan Rows": 187818,
                                    "Plan Width": 0,
                                    "Actual Startup Time": 201.733,
                                    "Actual Total Time": 326.981,
                                    "Actual Rows": 333257,
                                    "Actual Loops": 7,
                                    "Recheck Cond": "(ci.person_id < 313397)",
                                    "Rows Removed by Index Recheck": 0,
                                    "Filter": "(ci.role_id = 1)",
                                    "Rows Removed by Filter": 129769,
                                    "Exact Heap Blocks": 8015,
                                    "Lossy Heap Blocks": 0,
                                    "Workers": [
                                        {
                                            "Worker Number": 0,
                                            "Actual Startup Time": 199.439,
                                            "Actual Total Time": 324.558,
                                            "Actual Rows": 247362,
                                            "Actual Loops": 1
                                        },
                                        {
                                            "Worker Number": 1,
                                            "Actual Startup Time": 200.094,
                                            "Actual Total Time": 325.526,
                                            "Actual Rows": 355643,
                                            "Actual Loops": 1
                                        },
                                        {
                                            "Worker Number": 2,
                                            "Actual Startup Time": 200.018,
                                            "Actual Total Time": 325.507,
                                            "Actual Rows": 247957,
                                            "Actual Loops": 1
                                        },
                                        {
                                            "Worker Number": 3,
                                            "Actual Startup Time": 200.194,
                                            "Actual Total Time": 325.308,
                                            "Actual Rows": 246071,
                                            "Actual Loops": 1
                                        },
                                        {
                                            "Worker Number": 4,
                                            "Actual Startup Time": 200.347,
                                            "Actual Total Time": 326.186,
                                            "Actual Rows": 342083,
                                            "Actual Loops": 1
                                        },
                                        {
                                            "Worker Number": 5,
                                            "Actual Startup Time": 200.979,
                                            "Actual Total Time": 326.262,
                                            "Actual Rows": 339217,
                                            "Actual Loops": 1
                                        }
                                    ],
                                    "Plans": [
                                        {
                                            "Node Type": "Bitmap Index Scan",
                                            "Parent Relationship": "Outer",
                                            "Parallel Aware": false,
                                            "Index Name": "person_id_cast_info",
                                            "Startup Cost": 0.0,
                                            "Total Cost": 69866.82,
                                            "Plan Rows": 3200834,
                                            "Plan Width": 0,
                                            "Actual Startup Time": 205.666,
                                            "Actual Total Time": 205.667,
                                            "Actual Rows": 3241185,
                                            "Actual Loops": 1,
                                            "Index Cond": "(ci.person_id < 313397)"
                                        }
                                    ]
                                }
                            ]
                        }
                    ]
                }
            ]
        },
        "Planning Time": 182.72,
        "Triggers": [],
        "Execution Time": 366.413
    }
]