{
  "Plan": {
    "Node Type": "Aggregate",
    "Strategy": "Plain",
    "Partial Mode": "Finalize",
    "Parallel Aware": false,
    "Startup Cost": 98583.11,
    "Total Cost": 98583.12,
    "Plan Rows": 1,
    "Plan Width": 8,
    "Actual Startup Time": 570.464,
    "Actual Total Time": 582.932,
    "Actual Rows": 1,
    "Actual Loops": 1,
    "Plans": [
      {
        "Node Type": "Gather",
        "Parent Relationship": "Outer",
        "Parallel Aware": false,
        "Startup Cost": 98583.0,
        "Total Cost": 98583.11,
        "Plan Rows": 1,
        "Plan Width": 8,
        "Actual Startup Time": 570.439,
        "Actual Total Time": 582.922,
        "Actual Rows": 2,
        "Actual Loops": 1,
        "Workers Planned": 1,
        "Workers Launched": 1,
        "Single Copy": false,
        "Plans": [
          {
            "Node Type": "Aggregate",
            "Strategy": "Plain",
            "Partial Mode": "Partial",
            "Parent Relationship": "Outer",
            "Parallel Aware": false,
            "Startup Cost": 97583.0,
            "Total Cost": 97583.01,
            "Plan Rows": 1,
            "Plan Width": 8,
            "Actual Startup Time": 561.627,
            "Actual Total Time": 561.631,
            "Actual Rows": 1,
            "Actual Loops": 2,
            "Plans": [
              {
                "Node Type": "Hash Join",
                "Parent Relationship": "Outer",
                "Parallel Aware": true,
                "Join Type": "Inner",
                "Startup Cost": 59226.48,
                "Total Cost": 97393.11,
                "Plan Rows": 75954,
                "Plan Width": 0,
                "Actual Startup Time": 194.477,
                "Actual Total Time": 548.024,
                "Actual Rows": 262180,
                "Actual Loops": 2,
                "Inner Unique": true,
                "Hash Cond": "(mc.movie_id = t.id)",
                "Plans": [
                  {
                    "Node Type": "Seq Scan",
                    "Parent Relationship": "Outer",
                    "Parallel Aware": true,
                    "Relation Name": "movie_companies",
                    "Alias": "mc",
                    "Startup Cost": 0.0,
                    "Total Cost": 34137.82,
                    "Plan Rows": 1534782,
                    "Plan Width": 4,
                    "Actual Startup Time": 0.012,
                    "Actual Total Time": 120.845,
                    "Actual Rows": 1304564,
                    "Actual Loops": 2
                  },
                  {
                    "Node Type": "Hash",
                    "Parent Relationship": "Inner",
                    "Parallel Aware": true,
                    "Startup Cost": 58306.47,
                    "Total Cost": 58306.47,
                    "Plan Rows": 73601,
                    "Plan Width": 4,
                    "Actual Startup Time": 192.447,
                    "Actual Total Time": 192.448,
                    "Actual Rows": 125928,
                    "Actual Loops": 2,
                    "Hash Buckets": 262144,
                    "Original Hash Buckets": 131072,
                    "Hash Batches": 1,
                    "Original Hash Batches": 1,
                    "Peak Memory Usage": 12960,
                    "Plans": [
                      {
                        "Node Type": "Seq Scan",
                        "Parent Relationship": "Outer",
                        "Parallel Aware": true,
                        "Relation Name": "title",
                        "Alias": "t",
                        "Startup Cost": 0.0,
                        "Total Cost": 58306.47,
                        "Plan Rows": 73601,
                        "Plan Width": 4,
                        "Actual Startup Time": 0.245,
                        "Actual Total Time": 157.973,
                        "Actual Rows": 125928,
                        "Actual Loops": 2,
                        "Filter": "((kind_id < 4) AND (production_year < 1971))",
                        "Rows Removed by Filter": 1138228
                      }
                    ]
                  }
                ]
              }
            ]
          }
        ]
      }
    ]
  },
  "Planning Time": 0.645,
  "Triggers": [],
  "Execution Time": 583.017
}