[
  {
    "Plan": {
      "Node Type": "Aggregate",
      "Strategy": "Plain",
      "Partial Mode": "Finalize",
      "Parallel Aware": false,
      "Startup Cost": 306838.63,
      "Total Cost": 306838.64,
      "Plan Rows": 1,
      "Plan Width": 8,
      "Actual Startup Time": 220.729,
      "Actual Total Time": 231.905,
      "Actual Rows": 1,
      "Actual Loops": 1,
      "Plans": [
        {
          "Node Type": "Gather",
          "Parent Relationship": "Outer",
          "Parallel Aware": false,
          "Startup Cost": 306838.01,
          "Total Cost": 306838.62,
          "Plan Rows": 6,
          "Plan Width": 8,
          "Actual Startup Time": 220.359,
          "Actual Total Time": 231.887,
          "Actual Rows": 7,
          "Actual Loops": 1,
          "Workers Planned": 6,
          "Workers Launched": 6,
          "Single Copy": false,
          "Plans": [
            {
              "Node Type": "Aggregate",
              "Strategy": "Plain",
              "Partial Mode": "Partial",
              "Parent Relationship": "Outer",
              "Parallel Aware": false,
              "Startup Cost": 305838.01,
              "Total Cost": 305838.02,
              "Plan Rows": 1,
              "Plan Width": 8,
              "Actual Startup Time": 210.71,
              "Actual Total Time": 210.711,
              "Actual Rows": 1,
              "Actual Loops": 7,
              "Plans": [
                {
                  "Node Type": "Bitmap Heap Scan",
                  "Parent Relationship": "Outer",
                  "Parallel Aware": true,
                  "Relation Name": "cast_info",
                  "Alias": "ci",
                  "Startup Cost": 47118.72,
                  "Total Cost": 305155.21,
                  "Plan Rows": 273121,
                  "Plan Width": 0,
                  "Actual Startup Time": 90.208,
                  "Actual Total Time": 193.57,
                  "Actual Rows": 277629,
                  "Actual Loops": 7,
                  "Recheck Cond": "(person_id < 214967)",
                  "Rows Removed by Index Recheck": 0,
                  "Filter": "(role_id < 6)",
                  "Rows Removed by Filter": 37489,
                  "Exact Heap Blocks": 5877,
                  "Lossy Heap Blocks": 0,
                  "Plans": [
                    {
                      "Node Type": "Bitmap Index Scan",
                      "Parent Relationship": "Outer",
                      "Parallel Aware": false,
                      "Index Name": "person_id_cast_info",
                      "Startup Cost": 0.0,
                      "Total Cost": 46709.04,
                      "Plan Rows": 2139796,
                      "Plan Width": 0,
                      "Actual Startup Time": 95.668,
                      "Actual Total Time": 95.668,
                      "Actual Rows": 2205829,
                      "Actual Loops": 1,
                      "Index Cond": "(person_id < 214967)"
                    }
                  ]
                }
              ]
            }
          ]
        }
      ]
    },
    "Planning Time": 0.265,
    "Triggers": [],
    "Execution Time": 231.983
  }
]