{
  "Plan": {
    "Node Type": "Aggregate",
    "Strategy": "Plain",
    "Partial Mode": "Finalize",
    "Parallel Aware": false,
    "Startup Cost": 164534.87,
    "Total Cost": 164534.88,
    "Plan Rows": 1,
    "Plan Width": 8,
    "Actual Startup Time": 1124.85,
    "Actual Total Time": 1146.551,
    "Actual Rows": 1,
    "Actual Loops": 1,
    "Plans": [
      {
        "Node Type": "Gather",
        "Parent Relationship": "Outer",
        "Parallel Aware": false,
        "Startup Cost": 164534.76,
        "Total Cost": 164534.87,
        "Plan Rows": 1,
        "Plan Width": 8,
        "Actual Startup Time": 1119.576,
        "Actual Total Time": 1146.541,
        "Actual Rows": 2,
        "Actual Loops": 1,
        "Workers Planned": 1,
        "Workers Launched": 1,
        "Single Copy": false,
        "Plans": [
          {
            "Node Type": "Aggregate",
            "Strategy": "Plain",
            "Partial Mode": "Partial",
            "Parent Relationship": "Outer",
            "Parallel Aware": false,
            "Startup Cost": 163534.76,
            "Total Cost": 163534.77,
            "Plan Rows": 1,
            "Plan Width": 8,
            "Actual Startup Time": 1114.137,
            "Actual Total Time": 1115.186,
            "Actual Rows": 1,
            "Actual Loops": 2,
            "Plans": [
              {
                "Node Type": "Hash Join",
                "Parent Relationship": "Outer",
                "Parallel Aware": true,
                "Join Type": "Inner",
                "Startup Cost": 90511.41,
                "Total Cost": 161831.42,
                "Plan Rows": 681335,
                "Plan Width": 0,
                "Actual Startup Time": 642.473,
                "Actual Total Time": 1092.428,
                "Actual Rows": 462336,
                "Actual Loops": 2,
                "Inner Unique": false,
                "Hash Cond": "(mk.movie_id = t.id)",
                "Plans": [
                  {
                    "Node Type": "Seq Scan",
                    "Parent Relationship": "Outer",
                    "Parallel Aware": true,
                    "Relation Name": "movie_keyword",
                    "Alias": "mk",
                    "Startup Cost": 0.0,
                    "Total Cost": 57718.19,
                    "Plan Rows": 2558391,
                    "Plan Width": 4,
                    "Actual Startup Time": 0.023,
                    "Actual Total Time": 237.205,
                    "Actual Rows": 2167600,
                    "Actual Loops": 2,
                    "Filter": "(keyword_id > 135)",
                    "Rows Removed by Filter": 94364
                  },
                  {
                    "Node Type": "Hash",
                    "Parent Relationship": "Inner",
                    "Parallel Aware": true,
                    "Startup Cost": 85560.52,
                    "Total Cost": 85560.52,
                    "Plan Rows": 396071,
                    "Plan Width": 8,
                    "Actual Startup Time": 632.892,
                    "Actual Total Time": 633.939,
                    "Actual Rows": 184870,
                    "Actual Loops": 2,
                    "Hash Buckets": 1048576,
                    "Original Hash Buckets": 1048576,
                    "Hash Batches": 1,
                    "Original Hash Batches": 1,
                    "Peak Memory Usage": 22688,
                    "Plans": [
                      {
                        "Node Type": "Hash Join",
                        "Parent Relationship": "Outer",
                        "Parallel Aware": true,
                        "Join Type": "Inner",
                        "Startup Cost": 67376.73,
                        "Total Cost": 85560.52,
                        "Plan Rows": 396071,
                        "Plan Width": 8,
                        "Actual Startup Time": 389.819,
                        "Actual Total Time": 587.725,
                        "Actual Rows": 184870,
                        "Actual Loops": 2,
                        "Inner Unique": true,
                        "Hash Cond": "(mi_idx.movie_id = t.id)",
                        "Plans": [
                          {
                            "Node Type": "Seq Scan",
                            "Parent Relationship": "Outer",
                            "Parallel Aware": true,
                            "Relation Name": "movie_info_idx",
                            "Alias": "mi_idx",
                            "Startup Cost": 0.0,
                            "Total Cost": 16052.85,
                            "Plan Rows": 811785,
                            "Plan Width": 4,
                            "Actual Startup Time": 0.022,
                            "Actual Total Time": 59.961,
                            "Actual Rows": 690018,
                            "Actual Loops": 2
                          },
                          {
                            "Node Type": "Hash",
                            "Parent Relationship": "Inner",
                            "Parallel Aware": true,
                            "Startup Cost": 58306.47,
                            "Total Cost": 58306.47,
                            "Plan Rows": 725621,
                            "Plan Width": 4,
                            "Actual Startup Time": 380.051,
                            "Actual Total Time": 380.054,
                            "Actual Rows": 658377,
                            "Actual Loops": 2,
                            "Hash Buckets": 2097152,
                            "Original Hash Buckets": 2097152,
                            "Hash Batches": 1,
                            "Original Hash Batches": 1,
                            "Peak Memory Usage": 67936,
                            "Plans": [
                              {
                                "Node Type": "Seq Scan",
                                "Parent Relationship": "Outer",
                                "Parallel Aware": true,
                                "Relation Name": "title",
                                "Alias": "t",
                                "Startup Cost": 0.0,
                                "Total Cost": 58306.47,
                                "Plan Rows": 725621,
                                "Plan Width": 4,
                                "Actual Startup Time": 0.037,
                                "Actual Total Time": 190.103,
                                "Actual Rows": 658377,
                                "Actual Loops": 2,
                                "Filter": "((production_year > 1974) AND (kind_id = 7))",
                                "Rows Removed by Filter": 605779
                              }
                            ]
                          }
                        ]
                      }
                    ]
                  }
                ]
              }
            ]
          }
        ]
      }
    ]
  },
  "Planning Time": 0.957,
  "Triggers": [],
  "Execution Time": 1146.631
}