{
  "Plan": {
    "Node Type": "Aggregate",
    "Strategy": "Plain",
    "Partial Mode": "Finalize",
    "Parallel Aware": false,
    "Startup Cost": 44761.41,
    "Total Cost": 44761.42,
    "Plan Rows": 1,
    "Plan Width": 8,
    "Actual Startup Time": 43.432,
    "Actual Total Time": 49.177,
    "Actual Rows": 1,
    "Actual Loops": 1,
    "Plans": [
      {
        "Node Type": "Gather",
        "Parent Relationship": "Outer",
        "Parallel Aware": false,
        "Startup Cost": 44761.3,
        "Total Cost": 44761.41,
        "Plan Rows": 1,
        "Plan Width": 8,
        "Actual Startup Time": 43.27,
        "Actual Total Time": 49.17,
        "Actual Rows": 2,
        "Actual Loops": 1,
        "Workers Planned": 1,
        "Workers Launched": 1,
        "Single Copy": false,
        "Plans": [
          {
            "Node Type": "Aggregate",
            "Strategy": "Plain",
            "Partial Mode": "Partial",
            "Parent Relationship": "Outer",
            "Parallel Aware": false,
            "Startup Cost": 43761.3,
            "Total Cost": 43761.31,
            "Plan Rows": 1,
            "Plan Width": 8,
            "Actual Startup Time": 36.969,
            "Actual Total Time": 36.972,
            "Actual Rows": 1,
            "Actual Loops": 2,
            "Plans": [
              {
                "Node Type": "Nested Loop",
                "Parent Relationship": "Outer",
                "Parallel Aware": false,
                "Join Type": "Inner",
                "Startup Cost": 161.24,
                "Total Cost": 43761.21,
                "Plan Rows": 35,
                "Plan Width": 0,
                "Actual Startup Time": 27.495,
                "Actual Total Time": 36.965,
                "Actual Rows": 2,
                "Actual Loops": 2,
                "Inner Unique": false,
                "Plans": [
                  {
                    "Node Type": "Nested Loop",
                    "Parent Relationship": "Outer",
                    "Parallel Aware": false,
                    "Join Type": "Inner",
                    "Startup Cost": 160.81,
                    "Total Cost": 43608.55,
                    "Plan Rows": 19,
                    "Plan Width": 8,
                    "Actual Startup Time": 13.538,
                    "Actual Total Time": 36.826,
                    "Actual Rows": 21,
                    "Actual Loops": 2,
                    "Inner Unique": true,
                    "Plans": [
                      {
                        "Node Type": "Bitmap Heap Scan",
                        "Parent Relationship": "Outer",
                        "Parallel Aware": true,
                        "Relation Name": "movie_companies",
                        "Alias": "mc",
                        "Startup Cost": 160.38,
                        "Total Cost": 14123.23,
                        "Plan Rows": 4246,
                        "Plan Width": 4,
                        "Actual Startup Time": 1.714,
                        "Actual Total Time": 4.697,
                        "Actual Rows": 4118,
                        "Actual Loops": 2,
                        "Recheck Cond": "(company_id = 424)",
                        "Rows Removed by Index Recheck": 0,
                        "Exact Heap Blocks": 860,
                        "Lossy Heap Blocks": 0,
                        "Plans": [
                          {
                            "Node Type": "Bitmap Index Scan",
                            "Parent Relationship": "Outer",
                            "Parallel Aware": false,
                            "Index Name": "company_id_movie_companies",
                            "Startup Cost": 0.0,
                            "Total Cost": 158.57,
                            "Plan Rows": 7219,
                            "Plan Width": 0,
                            "Actual Startup Time": 2.84,
                            "Actual Total Time": 2.841,
                            "Actual Rows": 8235,
                            "Actual Loops": 1,
                            "Index Cond": "(company_id = 424)"
                          }
                        ]
                      },
                      {
                        "Node Type": "Index Scan",
                        "Parent Relationship": "Inner",
                        "Parallel Aware": false,
                        "Scan Direction": "Forward",
                        "Index Name": "title_pkey",
                        "Relation Name": "title",
                        "Alias": "t",
                        "Startup Cost": 0.43,
                        "Total Cost": 6.94,
                        "Plan Rows": 1,
                        "Plan Width": 4,
                        "Actual Startup Time": 0.007,
                        "Actual Total Time": 0.007,
                        "Actual Rows": 0,
                        "Actual Loops": 8235,
                        "Index Cond": "(id = mc.movie_id)",
                        "Rows Removed by Index Recheck": 0,
                        "Filter": "((kind_id = 7) AND (production_year = 1985))",
                        "Rows Removed by Filter": 1
                      }
                    ]
                  },
                  {
                    "Node Type": "Index Only Scan",
                    "Parent Relationship": "Inner",
                    "Parallel Aware": false,
                    "Scan Direction": "Forward",
                    "Index Name": "movie_id_movie_keyword",
                    "Relation Name": "movie_keyword",
                    "Alias": "mk",
                    "Startup Cost": 0.43,
                    "Total Cost": 7.58,
                    "Plan Rows": 45,
                    "Plan Width": 4,
                    "Actual Startup Time": 0.006,
                    "Actual Total Time": 0.006,
                    "Actual Rows": 0,
                    "Actual Loops": 42,
                    "Index Cond": "(movie_id = t.id)",
                    "Rows Removed by Index Recheck": 0,
                    "Heap Fetches": 3
                  }
                ]
              }
            ]
          }
        ]
      }
    ]
  },
  "Planning Time": 0.985,
  "Triggers": [],
  "Execution Time": 49.276
}