[
  {
    "Plan": {
      "Node Type": "Aggregate",
      "Strategy": "Plain",
      "Partial Mode": "Finalize",
      "Parallel Aware": false,
      "Startup Cost": 46499.72,
      "Total Cost": 46499.73,
      "Plan Rows": 1,
      "Plan Width": 8,
      "Actual Startup Time": 103.47,
      "Actual Total Time": 116.663,
      "Actual Rows": 1,
      "Actual Loops": 1,
      "Plans": [
        {
          "Node Type": "Gather",
          "Parent Relationship": "Outer",
          "Parallel Aware": false,
          "Startup Cost": 46499.3,
          "Total Cost": 46499.71,
          "Plan Rows": 4,
          "Plan Width": 8,
          "Actual Startup Time": 103.326,
          "Actual Total Time": 116.654,
          "Actual Rows": 5,
          "Actual Loops": 1,
          "Workers Planned": 4,
          "Workers Launched": 4,
          "Single Copy": false,
          "Plans": [
            {
              "Node Type": "Aggregate",
              "Strategy": "Plain",
              "Partial Mode": "Partial",
              "Parent Relationship": "Outer",
              "Parallel Aware": false,
              "Startup Cost": 45499.3,
              "Total Cost": 45499.31,
              "Plan Rows": 1,
              "Plan Width": 8,
              "Actual Startup Time": 93.879,
              "Actual Total Time": 93.881,
              "Actual Rows": 1,
              "Actual Loops": 5,
              "Plans": [
                {
                  "Node Type": "Nested Loop",
                  "Parent Relationship": "Outer",
                  "Parallel Aware": false,
                  "Join Type": "Inner",
                  "Startup Cost": 0.43,
                  "Total Cost": 45499.29,
                  "Plan Rows": 4,
                  "Plan Width": 0,
                  "Actual Startup Time": 60.201,
                  "Actual Total Time": 93.853,
                  "Actual Rows": 211,
                  "Actual Loops": 5,
                  "Inner Unique": false,
                  "Plans": [
                    {
                      "Node Type": "Seq Scan",
                      "Parent Relationship": "Outer",
                      "Parallel Aware": true,
                      "Relation Name": "title",
                      "Alias": "t",
                      "Startup Cost": 0.0,
                      "Total Cost": 45479.59,
                      "Plan Rows": 2,
                      "Plan Width": 4,
                      "Actual Startup Time": 49.072,
                      "Actual Total Time": 91.226,
                      "Actual Rows": 88,
                      "Actual Loops": 5,
                      "Filter": "((kind_id < 7) AND (production_year > 2014))",
                      "Rows Removed by Filter": 505575
                    },
                    {
                      "Node Type": "Index Only Scan",
                      "Parent Relationship": "Inner",
                      "Parallel Aware": false,
                      "Scan Direction": "Forward",
                      "Index Name": "movie_id_movie_keyword",
                      "Relation Name": "movie_keyword",
                      "Alias": "mk",
                      "Startup Cost": 0.43,
                      "Total Cost": 9.39,
                      "Plan Rows": 46,
                      "Plan Width": 4,
                      "Actual Startup Time": 0.028,
                      "Actual Total Time": 0.029,
                      "Actual Rows": 2,
                      "Actual Loops": 438,
                      "Index Cond": "(movie_id = t.id)",
                      "Rows Removed by Index Recheck": 0,
                      "Heap Fetches": 1054
                    }
                  ]
                }
              ]
            }
          ]
        }
      ]
    },
    "Planning Time": 0.681,
    "Triggers": [],
    "Execution Time": 116.738
  }
]