[
  {
    "Plan": {
      "Node Type": "Aggregate",
      "Strategy": "Plain",
      "Partial Mode": "Finalize",
      "Parallel Aware": false,
      "Startup Cost": 32822.11,
      "Total Cost": 32822.12,
      "Plan Rows": 1,
      "Plan Width": 8,
      "Actual Startup Time": 98.262,
      "Actual Total Time": 106.388,
      "Actual Rows": 1,
      "Actual Loops": 1,
      "Plans": [
        {
          "Node Type": "Gather",
          "Parent Relationship": "Outer",
          "Parallel Aware": false,
          "Startup Cost": 32821.8,
          "Total Cost": 32822.11,
          "Plan Rows": 3,
          "Plan Width": 8,
          "Actual Startup Time": 98.124,
          "Actual Total Time": 106.379,
          "Actual Rows": 4,
          "Actual Loops": 1,
          "Workers Planned": 3,
          "Workers Launched": 3,
          "Single Copy": false,
          "Plans": [
            {
              "Node Type": "Aggregate",
              "Strategy": "Plain",
              "Partial Mode": "Partial",
              "Parent Relationship": "Outer",
              "Parallel Aware": false,
              "Startup Cost": 31821.8,
              "Total Cost": 31821.81,
              "Plan Rows": 1,
              "Plan Width": 8,
              "Actual Startup Time": 89.508,
              "Actual Total Time": 89.509,
              "Actual Rows": 1,
              "Actual Loops": 4,
              "Plans": [
                {
                  "Node Type": "Seq Scan",
                  "Parent Relationship": "Outer",
                  "Parallel Aware": true,
                  "Relation Name": "movie_companies",
                  "Alias": "mc",
                  "Startup Cost": 0.0,
                  "Total Cost": 31414.82,
                  "Plan Rows": 162791,
                  "Plan Width": 0,
                  "Actual Startup Time": 0.049,
                  "Actual Total Time": 77.643,
                  "Actual Rows": 178168,
                  "Actual Loops": 4,
                  "Filter": "((company_id < 5499) AND (company_type_id = 1))",
                  "Rows Removed by Filter": 474114
                }
              ]
            }
          ]
        }
      ]
    },
    "Planning Time": 0.198,
    "Triggers": [],
    "Execution Time": 106.444
  }
]