[
    {
        "Bao": {
            "Bao prediction": "NaN",
            "Bao recommended hint": "(no hint)"
        }
    },
    {
        "Plan": {
            "Node Type": "Aggregate",
            "Strategy": "Plain",
            "Partial Mode": "Finalize",
            "Parallel Aware": false,
            "Startup Cost": 406792.87,
            "Total Cost": 406792.88,
            "Plan Rows": 1,
            "Plan Width": 8,
            "Actual Startup Time": 2057.123,
            "Actual Total Time": 2087.683,
            "Actual Rows": 1,
            "Actual Loops": 1,
            "Output": [
                "count(*)"
            ],
            "Plans": [
                {
                    "Node Type": "Gather",
                    "Parent Relationship": "Outer",
                    "Parallel Aware": false,
                    "Startup Cost": 406792.25,
                    "Total Cost": 406792.86,
                    "Plan Rows": 6,
                    "Plan Width": 8,
                    "Actual Startup Time": 2044.138,
                    "Actual Total Time": 2087.671,
                    "Actual Rows": 7,
                    "Actual Loops": 1,
                    "Output": [
                        "(PARTIAL count(*))"
                    ],
                    "Workers Planned": 6,
                    "Workers Launched": 6,
                    "Single Copy": false,
                    "Plans": [
                        {
                            "Node Type": "Aggregate",
                            "Strategy": "Plain",
                            "Partial Mode": "Partial",
                            "Parent Relationship": "Outer",
                            "Parallel Aware": false,
                            "Startup Cost": 405792.25,
                            "Total Cost": 405792.26,
                            "Plan Rows": 1,
                            "Plan Width": 8,
                            "Actual Startup Time": 2031.764,
                            "Actual Total Time": 2031.767,
                            "Actual Rows": 1,
                            "Actual Loops": 7,
                            "Output": [
                                "PARTIAL count(*)"
                            ],
                            "Workers": [
                                {
                                    "Worker Number": 0,
                                    "Actual Startup Time": 2029.852,
                                    "Actual Total Time": 2029.855,
                                    "Actual Rows": 1,
                                    "Actual Loops": 1
                                },
                                {
                                    "Worker Number": 1,
                                    "Actual Startup Time": 2029.701,
                                    "Actual Total Time": 2029.704,
                                    "Actual Rows": 1,
                                    "Actual Loops": 1
                                },
                                {
                                    "Worker Number": 2,
                                    "Actual Startup Time": 2029.684,
                                    "Actual Total Time": 2029.687,
                                    "Actual Rows": 1,
                                    "Actual Loops": 1
                                },
                                {
                                    "Worker Number": 3,
                                    "Actual Startup Time": 2029.789,
                                    "Actual Total Time": 2029.791,
                                    "Actual Rows": 1,
                                    "Actual Loops": 1
                                },
                                {
                                    "Worker Number": 4,
                                    "Actual Startup Time": 2029.827,
                                    "Actual Total Time": 2029.83,
                                    "Actual Rows": 1,
                                    "Actual Loops": 1
                                },
                                {
                                    "Worker Number": 5,
                                    "Actual Startup Time": 2029.922,
                                    "Actual Total Time": 2029.925,
                                    "Actual Rows": 1,
                                    "Actual Loops": 1
                                }
                            ],
                            "Plans": [
                                {
                                    "Node Type": "Hash Join",
                                    "Parent Relationship": "Outer",
                                    "Parallel Aware": true,
                                    "Join Type": "Inner",
                                    "Startup Cost": 48689.12,
                                    "Total Cost": 400746.63,
                                    "Plan Rows": 2018247,
                                    "Plan Width": 0,
                                    "Actual Startup Time": 338.141,
                                    "Actual Total Time": 1934.235,
                                    "Actual Rows": 1588743,
                                    "Actual Loops": 7,
                                    "Inner Unique": true,
                                    "Hash Cond": "(ci.movie_id = t.id)",
                                    "Workers": [
                                        {
                                            "Worker Number": 0,
                                            "Actual Startup Time": 336.735,
                                            "Actual Total Time": 1940.423,
                                            "Actual Rows": 2016932,
                                            "Actual Loops": 1
                                        },
                                        {
                                            "Worker Number": 1,
                                            "Actual Startup Time": 336.202,
                                            "Actual Total Time": 1944.241,
                                            "Actual Rows": 1859934,
                                            "Actual Loops": 1
                                        },
                                        {
                                            "Worker Number": 2,
                                            "Actual Startup Time": 336.193,
                                            "Actual Total Time": 1925.912,
                                            "Actual Rows": 1433687,
                                            "Actual Loops": 1
                                        },
                                        {
                                            "Worker Number": 3,
                                            "Actual Startup Time": 336.317,
                                            "Actual Total Time": 1925.424,
                                            "Actual Rows": 1441203,
                                            "Actual Loops": 1
                                        },
                                        {
                                            "Worker Number": 4,
                                            "Actual Startup Time": 336.351,
                                            "Actual Total Time": 1926.38,
                                            "Actual Rows": 1431822,
                                            "Actual Loops": 1
                                        },
                                        {
                                            "Worker Number": 5,
                                            "Actual Startup Time": 336.435,
                                            "Actual Total Time": 1930.393,
                                            "Actual Rows": 1377576,
                                            "Actual Loops": 1
                                        }
                                    ],
                                    "Plans": [
                                        {
                                            "Node Type": "Seq Scan",
                                            "Parent Relationship": "Outer",
                                            "Parallel Aware": true,
                                            "Relation Name": "cast_info",
                                            "Schema": "public",
                                            "Alias": "ci",
                                            "Startup Cost": 0.0,
                                            "Total Cost": 343318.94,
                                            "Plan Rows": 3328976,
                                            "Plan Width": 4,
                                            "Actual Startup Time": 138.953,
                                            "Actual Total Time": 776.223,
                                            "Actual Rows": 2665090,
                                            "Actual Loops": 7,
                                            "Output": [
                                                "ci.id",
                                                "ci.person_id",
                                                "ci.movie_id",
                                                "ci.person_role_id",
                                                "ci.note",
                                                "ci.nr_order",
                                                "ci.role_id"
                                            ],
                                            "Filter": "((ci.person_id > 1079898) AND (ci.role_id < 7))",
                                            "Rows Removed by Filter": 2512673,
                                            "Workers": [
                                                {
                                                    "Worker Number": 0,
                                                    "Actual Startup Time": 138.937,
                                                    "Actual Total Time": 748.625,
                                                    "Actual Rows": 3394700,
                                                    "Actual Loops": 1
                                                },
                                                {
                                                    "Worker Number": 1,
                                                    "Actual Startup Time": 139.04,
                                                    "Actual Total Time": 726.597,
                                                    "Actual Rows": 3132898,
                                                    "Actual Loops": 1
                                                },
                                                {
                                                    "Worker Number": 2,
                                                    "Actual Startup Time": 138.923,
                                                    "Actual Total Time": 805.815,
                                                    "Actual Rows": 2399527,
                                                    "Actual Loops": 1
                                                },
                                                {
                                                    "Worker Number": 3,
                                                    "Actual Startup Time": 138.948,
                                                    "Actual Total Time": 806.438,
                                                    "Actual Rows": 2414909,
                                                    "Actual Loops": 1
                                                },
                                                {
                                                    "Worker Number": 4,
                                                    "Actual Startup Time": 138.928,
                                                    "Actual Total Time": 803.959,
                                                    "Actual Rows": 2387251,
                                                    "Actual Loops": 1
                                                },
                                                {
                                                    "Worker Number": 5,
                                                    "Actual Startup Time": 138.959,
                                                    "Actual Total Time": 783.075,
                                                    "Actual Rows": 2296550,
                                                    "Actual Loops": 1
                                                }
                                            ]
                                        },
                                        {
                                            "Node Type": "Hash",
                                            "Parent Relationship": "Inner",
                                            "Parallel Aware": true,
                                            "Startup Cost": 43899.01,
                                            "Total Cost": 43899.01,
                                            "Plan Rows": 383209,
                                            "Plan Width": 4,
                                            "Actual Startup Time": 195.115,
                                            "Actual Total Time": 195.116,
                                            "Actual Rows": 220466,
                                            "Actual Loops": 7,
                                            "Output": [
                                                "t.id"
                                            ],
                                            "Hash Buckets": 2097152,
                                            "Original Hash Buckets": 2097152,
                                            "Hash Batches": 1,
                                            "Original Hash Batches": 1,
                                            "Peak Memory Usage": 76864,
                                            "Workers": [
                                                {
                                                    "Worker Number": 0,
                                                    "Actual Startup Time": 196.468,
                                                    "Actual Total Time": 196.469,
                                                    "Actual Rows": 265517,
                                                    "Actual Loops": 1
                                                },
                                                {
                                                    "Worker Number": 1,
                                                    "Actual Startup Time": 196.404,
                                                    "Actual Total Time": 196.405,
                                                    "Actual Rows": 227240,
                                                    "Actual Loops": 1
                                                },
                                                {
                                                    "Worker Number": 2,
                                                    "Actual Startup Time": 196.3,
                                                    "Actual Total Time": 196.301,
                                                    "Actual Rows": 194956,
                                                    "Actual Loops": 1
                                                },
                                                {
                                                    "Worker Number": 3,
                                                    "Actual Startup Time": 196.444,
                                                    "Actual Total Time": 196.444,
                                                    "Actual Rows": 199632,
                                                    "Actual Loops": 1
                                                },
                                                {
                                                    "Worker Number": 4,
                                                    "Actual Startup Time": 196.477,
                                                    "Actual Total Time": 196.478,
                                                    "Actual Rows": 194321,
                                                    "Actual Loops": 1
                                                },
                                                {
                                                    "Worker Number": 5,
                                                    "Actual Startup Time": 196.58,
                                                    "Actual Total Time": 196.58,
                                                    "Actual Rows": 185400,
                                                    "Actual Loops": 1
                                                }
                                            ],
                                            "Plans": [
                                                {
                                                    "Node Type": "Seq Scan",
                                                    "Parent Relationship": "Outer",
                                                    "Parallel Aware": true,
                                                    "Relation Name": "title",
                                                    "Schema": "public",
                                                    "Alias": "t",
                                                    "Startup Cost": 0.0,
                                                    "Total Cost": 43899.01,
                                                    "Plan Rows": 383209,
                                                    "Plan Width": 4,
                                                    "Actual Startup Time": 0.047,
                                                    "Actual Total Time": 83.491,
                                                    "Actual Rows": 220466,
                                                    "Actual Loops": 7,
                                                    "Output": [
                                                        "t.id"
                                                    ],
                                                    "Filter": "(t.kind_id = 7)",
                                                    "Rows Removed by Filter": 140721,
                                                    "Workers": [
                                                        {
                                                            "Worker Number": 0,
                                                            "Actual Startup Time": 0.058,
                                                            "Actual Total Time": 82.931,
                                                            "Actual Rows": 265517,
                                                            "Actual Loops": 1
                                                        },
                                                        {
                                                            "Worker Number": 1,
                                                            "Actual Startup Time": 0.04,
                                                            "Actual Total Time": 81.542,
                                                            "Actual Rows": 227240,
                                                            "Actual Loops": 1
                                                        },
                                                        {
                                                            "Worker Number": 2,
                                                            "Actual Startup Time": 0.057,
                                                            "Actual Total Time": 86.755,
                                                            "Actual Rows": 194956,
                                                            "Actual Loops": 1
                                                        },
                                                        {
                                                            "Worker Number": 3,
                                                            "Actual Startup Time": 0.052,
                                                            "Actual Total Time": 86.578,
                                                            "Actual Rows": 199632,
                                                            "Actual Loops": 1
                                                        },
                                                        {
                                                            "Worker Number": 4,
                                                            "Actual Startup Time": 0.053,
                                                            "Actual Total Time": 86.938,
                                                            "Actual Rows": 194321,
                                                            "Actual Loops": 1
                                                        },
                                                        {
                                                            "Worker Number": 5,
                                                            "Actual Startup Time": 0.053,
                                                            "Actual Total Time": 83.794,
                                                            "Actual Rows": 185400,
                                                            "Actual Loops": 1
                                                        }
                                                    ]
                                                }
                                            ]
                                        }
                                    ]
                                }
                            ]
                        }
                    ]
                }
            ]
        },
        "Planning Time": 289.032,
        "Triggers": [],
        "Execution Time": 2087.754
    }
]