[
  {
    "Plan": {
      "Node Type": "Aggregate",
      "Strategy": "Plain",
      "Partial Mode": "Finalize",
      "Parallel Aware": false,
      "Startup Cost": 33236.33,
      "Total Cost": 33236.34,
      "Plan Rows": 1,
      "Plan Width": 8,
      "Actual Startup Time": 92.86,
      "Actual Total Time": 100.372,
      "Actual Rows": 1,
      "Actual Loops": 1,
      "Plans": [
        {
          "Node Type": "Gather",
          "Parent Relationship": "Outer",
          "Parallel Aware": false,
          "Startup Cost": 33236.01,
          "Total Cost": 33236.32,
          "Plan Rows": 3,
          "Plan Width": 8,
          "Actual Startup Time": 92.779,
          "Actual Total Time": 100.365,
          "Actual Rows": 4,
          "Actual Loops": 1,
          "Workers Planned": 3,
          "Workers Launched": 3,
          "Single Copy": false,
          "Plans": [
            {
              "Node Type": "Aggregate",
              "Strategy": "Plain",
              "Partial Mode": "Partial",
              "Parent Relationship": "Outer",
              "Parallel Aware": false,
              "Startup Cost": 32236.01,
              "Total Cost": 32236.02,
              "Plan Rows": 1,
              "Plan Width": 8,
              "Actual Startup Time": 86.134,
              "Actual Total Time": 86.135,
              "Actual Rows": 1,
              "Actual Loops": 4,
              "Plans": [
                {
                  "Node Type": "Seq Scan",
                  "Parent Relationship": "Outer",
                  "Parallel Aware": true,
                  "Relation Name": "movie_companies",
                  "Alias": "mc",
                  "Startup Cost": 0.0,
                  "Total Cost": 31414.82,
                  "Plan Rows": 328478,
                  "Plan Width": 0,
                  "Actual Startup Time": 46.658,
                  "Actual Total Time": 79.11,
                  "Actual Rows": 181612,
                  "Actual Loops": 4,
                  "Filter": "((company_id < 62967) AND (company_type_id = 2))",
                  "Rows Removed by Filter": 470670
                }
              ]
            }
          ]
        }
      ]
    },
    "Planning Time": 0.184,
    "Triggers": [],
    "Execution Time": 100.419
  }
]