{
  "Plan": {
    "Node Type": "Aggregate",
    "Strategy": "Plain",
    "Partial Mode": "Finalize",
    "Parallel Aware": false,
    "Startup Cost": 117688.47,
    "Total Cost": 117688.48,
    "Plan Rows": 1,
    "Plan Width": 8,
    "Actual Startup Time": 423.481,
    "Actual Total Time": 439.838,
    "Actual Rows": 1,
    "Actual Loops": 1,
    "Plans": [
      {
        "Node Type": "Gather",
        "Parent Relationship": "Outer",
        "Parallel Aware": false,
        "Startup Cost": 117688.36,
        "Total Cost": 117688.47,
        "Plan Rows": 1,
        "Plan Width": 8,
        "Actual Startup Time": 423.219,
        "Actual Total Time": 439.821,
        "Actual Rows": 2,
        "Actual Loops": 1,
        "Workers Planned": 1,
        "Workers Launched": 1,
        "Single Copy": false,
        "Plans": [
          {
            "Node Type": "Aggregate",
            "Strategy": "Plain",
            "Partial Mode": "Partial",
            "Parent Relationship": "Outer",
            "Parallel Aware": false,
            "Startup Cost": 116688.36,
            "Total Cost": 116688.37,
            "Plan Rows": 1,
            "Plan Width": 8,
            "Actual Startup Time": 419.46,
            "Actual Total Time": 419.463,
            "Actual Rows": 1,
            "Actual Loops": 2,
            "Plans": [
              {
                "Node Type": "Hash Join",
                "Parent Relationship": "Outer",
                "Parallel Aware": true,
                "Join Type": "Inner",
                "Startup Cost": 54701.79,
                "Total Cost": 116663.7,
                "Plan Rows": 9862,
                "Plan Width": 0,
                "Actual Startup Time": 144.238,
                "Actual Total Time": 418.981,
                "Actual Rows": 10370,
                "Actual Loops": 2,
                "Inner Unique": true,
                "Hash Cond": "(mk.movie_id = t.id)",
                "Plans": [
                  {
                    "Node Type": "Seq Scan",
                    "Parent Relationship": "Outer",
                    "Parallel Aware": true,
                    "Relation Name": "movie_keyword",
                    "Alias": "mk",
                    "Startup Cost": 0.0,
                    "Total Cost": 57718.19,
                    "Plan Rows": 1616652,
                    "Plan Width": 4,
                    "Actual Startup Time": 0.02,
                    "Actual Total Time": 190.468,
                    "Actual Rows": 1367409,
                    "Actual Loops": 2,
                    "Filter": "(keyword_id < 7771)",
                    "Rows Removed by Filter": 894556
                  },
                  {
                    "Node Type": "Hash",
                    "Parent Relationship": "Inner",
                    "Parallel Aware": true,
                    "Startup Cost": 54588.39,
                    "Total Cost": 54588.39,
                    "Plan Rows": 9072,
                    "Plan Width": 4,
                    "Actual Startup Time": 143.333,
                    "Actual Total Time": 143.334,
                    "Actual Rows": 7221,
                    "Actual Loops": 2,
                    "Hash Buckets": 16384,
                    "Original Hash Buckets": 16384,
                    "Hash Batches": 1,
                    "Original Hash Batches": 1,
                    "Peak Memory Usage": 736,
                    "Plans": [
                      {
                        "Node Type": "Seq Scan",
                        "Parent Relationship": "Outer",
                        "Parallel Aware": true,
                        "Relation Name": "title",
                        "Alias": "t",
                        "Startup Cost": 0.0,
                        "Total Cost": 54588.39,
                        "Plan Rows": 9072,
                        "Plan Width": 4,
                        "Actual Startup Time": 0.048,
                        "Actual Total Time": 140.252,
                        "Actual Rows": 7221,
                        "Actual Loops": 2,
                        "Filter": "(production_year = 1971)",
                        "Rows Removed by Filter": 1256935
                      }
                    ]
                  }
                ]
              }
            ]
          }
        ]
      }
    ]
  },
  "Planning Time": 0.305,
  "Triggers": [],
  "Execution Time": 439.888
}