[
  {
    "Plan": {
      "Node Type": "Aggregate",
      "Strategy": "Plain",
      "Partial Mode": "Finalize",
      "Parallel Aware": false,
      "Startup Cost": 71141.07,
      "Total Cost": 71141.08,
      "Plan Rows": 1,
      "Plan Width": 8,
      "Actual Startup Time": 233.05,
      "Actual Total Time": 243.883,
      "Actual Rows": 1,
      "Actual Loops": 1,
      "Plans": [
        {
          "Node Type": "Gather",
          "Parent Relationship": "Outer",
          "Parallel Aware": false,
          "Startup Cost": 71140.65,
          "Total Cost": 71141.06,
          "Plan Rows": 4,
          "Plan Width": 8,
          "Actual Startup Time": 231.174,
          "Actual Total Time": 243.875,
          "Actual Rows": 5,
          "Actual Loops": 1,
          "Workers Planned": 4,
          "Workers Launched": 4,
          "Single Copy": false,
          "Plans": [
            {
              "Node Type": "Aggregate",
              "Strategy": "Plain",
              "Partial Mode": "Partial",
              "Parent Relationship": "Outer",
              "Parallel Aware": false,
              "Startup Cost": 70140.65,
              "Total Cost": 70140.66,
              "Plan Rows": 1,
              "Plan Width": 8,
              "Actual Startup Time": 225.004,
              "Actual Total Time": 225.008,
              "Actual Rows": 1,
              "Actual Loops": 5,
              "Plans": [
                {
                  "Node Type": "Hash Join",
                  "Parent Relationship": "Outer",
                  "Parallel Aware": true,
                  "Join Type": "Inner",
                  "Startup Cost": 24519.68,
                  "Total Cost": 70078.75,
                  "Plan Rows": 24760,
                  "Plan Width": 0,
                  "Actual Startup Time": 82.066,
                  "Actual Total Time": 223.026,
                  "Actual Rows": 32255,
                  "Actual Loops": 5,
                  "Inner Unique": false,
                  "Hash Cond": "(t.id = mc.movie_id)",
                  "Plans": [
                    {
                      "Node Type": "Seq Scan",
                      "Parent Relationship": "Outer",
                      "Parallel Aware": true,
                      "Relation Name": "title",
                      "Alias": "t",
                      "Startup Cost": 0.0,
                      "Total Cost": 42318.81,
                      "Plan Rows": 632080,
                      "Plan Width": 4,
                      "Actual Startup Time": 0.008,
                      "Actual Total Time": 64.597,
                      "Actual Rows": 505662,
                      "Actual Loops": 5
                    },
                    {
                      "Node Type": "Hash",
                      "Parent Relationship": "Inner",
                      "Parallel Aware": true,
                      "Startup Cost": 24120.31,
                      "Total Cost": 24120.31,
                      "Plan Rows": 31949,
                      "Plan Width": 4,
                      "Actual Startup Time": 80.934,
                      "Actual Total Time": 80.935,
                      "Actual Rows": 32255,
                      "Actual Loops": 5,
                      "Hash Buckets": 262144,
                      "Original Hash Buckets": 131072,
                      "Hash Batches": 1,
                      "Original Hash Batches": 1,
                      "Peak Memory Usage": 9536,
                      "Plans": [
                        {
                          "Node Type": "Bitmap Heap Scan",
                          "Parent Relationship": "Outer",
                          "Parallel Aware": true,
                          "Relation Name": "movie_companies",
                          "Alias": "mc",
                          "Startup Cost": 4352.62,
                          "Total Cost": 24120.31,
                          "Plan Rows": 31949,
                          "Plan Width": 4,
                          "Actual Startup Time": 26.322,
                          "Actual Total Time": 62.234,
                          "Actual Rows": 32255,
                          "Actual Loops": 5,
                          "Recheck Cond": "(company_id < 67)",
                          "Rows Removed by Index Recheck": 0,
                          "Filter": "(company_type_id < 2)",
                          "Rows Removed by Filter": 8403,
                          "Exact Heap Blocks": 6653,
                          "Lossy Heap Blocks": 0,
                          "Plans": [
                            {
                              "Node Type": "Bitmap Index Scan",
                              "Parent Relationship": "Outer",
                              "Parallel Aware": false,
                              "Index Name": "company_id_movie_companies",
                              "Startup Cost": 0.0,
                              "Total Cost": 4327.86,
                              "Plan Rows": 202057,
                              "Plan Width": 0,
                              "Actual Startup Time": 24.223,
                              "Actual Total Time": 24.224,
                              "Actual Rows": 203291,
                              "Actual Loops": 1,
                              "Index Cond": "(company_id < 67)"
                            }
                          ]
                        }
                      ]
                    }
                  ]
                }
              ]
            }
          ]
        }
      ]
    },
    "Planning Time": 0.548,
    "Triggers": [],
    "Execution Time": 243.958
  }
]