[
  {
    "Plan": {
      "Node Type": "Aggregate",
      "Strategy": "Plain",
      "Partial Mode": "Finalize",
      "Parallel Aware": false,
      "Startup Cost": 51833.9,
      "Total Cost": 51833.91,
      "Plan Rows": 1,
      "Plan Width": 8,
      "Actual Startup Time": 90.689,
      "Actual Total Time": 104.41,
      "Actual Rows": 1,
      "Actual Loops": 1,
      "Plans": [
        {
          "Node Type": "Gather",
          "Parent Relationship": "Outer",
          "Parallel Aware": false,
          "Startup Cost": 51833.48,
          "Total Cost": 51833.89,
          "Plan Rows": 4,
          "Plan Width": 8,
          "Actual Startup Time": 90.51,
          "Actual Total Time": 104.402,
          "Actual Rows": 5,
          "Actual Loops": 1,
          "Workers Planned": 4,
          "Workers Launched": 4,
          "Single Copy": false,
          "Plans": [
            {
              "Node Type": "Aggregate",
              "Strategy": "Plain",
              "Partial Mode": "Partial",
              "Parent Relationship": "Outer",
              "Parallel Aware": false,
              "Startup Cost": 50833.48,
              "Total Cost": 50833.49,
              "Plan Rows": 1,
              "Plan Width": 8,
              "Actual Startup Time": 86.371,
              "Actual Total Time": 86.373,
              "Actual Rows": 1,
              "Actual Loops": 5,
              "Plans": [
                {
                  "Node Type": "Nested Loop",
                  "Parent Relationship": "Outer",
                  "Parallel Aware": false,
                  "Join Type": "Inner",
                  "Startup Cost": 0.43,
                  "Total Cost": 50833.14,
                  "Plan Rows": 136,
                  "Plan Width": 0,
                  "Actual Startup Time": 53.125,
                  "Actual Total Time": 86.353,
                  "Actual Rows": 56,
                  "Actual Loops": 5,
                  "Inner Unique": false,
                  "Plans": [
                    {
                      "Node Type": "Seq Scan",
                      "Parent Relationship": "Outer",
                      "Parallel Aware": true,
                      "Relation Name": "title",
                      "Alias": "t",
                      "Startup Cost": 0.0,
                      "Total Cost": 45479.59,
                      "Plan Rows": 756,
                      "Plan Width": 4,
                      "Actual Startup Time": 51.81,
                      "Actual Total Time": 78.349,
                      "Actual Rows": 1554,
                      "Actual Loops": 5,
                      "Filter": "((kind_id < 7) AND (production_year = 1912))",
                      "Rows Removed by Filter": 504108
                    },
                    {
                      "Node Type": "Index Scan",
                      "Parent Relationship": "Inner",
                      "Parallel Aware": false,
                      "Scan Direction": "Forward",
                      "Index Name": "movie_id_movie_info_idx",
                      "Relation Name": "movie_info_idx",
                      "Alias": "mi_idx",
                      "Startup Cost": 0.43,
                      "Total Cost": 7.07,
                      "Plan Rows": 1,
                      "Plan Width": 4,
                      "Actual Startup Time": 0.005,
                      "Actual Total Time": 0.005,
                      "Actual Rows": 0,
                      "Actual Loops": 7770,
                      "Index Cond": "(movie_id = t.id)",
                      "Rows Removed by Index Recheck": 0,
                      "Filter": "(info_type_id = 99)",
                      "Rows Removed by Filter": 0
                    }
                  ]
                }
              ]
            }
          ]
        }
      ]
    },
    "Planning Time": 0.633,
    "Triggers": [],
    "Execution Time": 104.459
  }
]