[
  {
    "Plan": {
      "Node Type": "Aggregate",
      "Strategy": "Plain",
      "Partial Mode": "Finalize",
      "Parallel Aware": false,
      "Startup Cost": 93552.08,
      "Total Cost": 93552.09,
      "Plan Rows": 1,
      "Plan Width": 8,
      "Actual Startup Time": 234.826,
      "Actual Total Time": 256.075,
      "Actual Rows": 1,
      "Actual Loops": 1,
      "Plans": [
        {
          "Node Type": "Gather",
          "Parent Relationship": "Outer",
          "Parallel Aware": false,
          "Startup Cost": 93551.76,
          "Total Cost": 93552.07,
          "Plan Rows": 3,
          "Plan Width": 8,
          "Actual Startup Time": 234.204,
          "Actual Total Time": 256.066,
          "Actual Rows": 4,
          "Actual Loops": 1,
          "Workers Planned": 3,
          "Workers Launched": 3,
          "Single Copy": false,
          "Plans": [
            {
              "Node Type": "Aggregate",
              "Strategy": "Plain",
              "Partial Mode": "Partial",
              "Parent Relationship": "Outer",
              "Parallel Aware": false,
              "Startup Cost": 92551.76,
              "Total Cost": 92551.77,
              "Plan Rows": 1,
              "Plan Width": 8,
              "Actual Startup Time": 224.487,
              "Actual Total Time": 224.492,
              "Actual Rows": 1,
              "Actual Loops": 4,
              "Plans": [
                {
                  "Node Type": "Nested Loop",
                  "Parent Relationship": "Outer",
                  "Parallel Aware": false,
                  "Join Type": "Inner",
                  "Startup Cost": 45269.33,
                  "Total Cost": 92484.15,
                  "Plan Rows": 27047,
                  "Plan Width": 0,
                  "Actual Startup Time": 101.544,
                  "Actual Total Time": 221.282,
                  "Actual Rows": 60700,
                  "Actual Loops": 4,
                  "Inner Unique": false,
                  "Join Filter": "(t.id = mi.movie_id)",
                  "Rows Removed by Join Filter": 0,
                  "Plans": [
                    {
                      "Node Type": "Hash Join",
                      "Parent Relationship": "Outer",
                      "Parallel Aware": true,
                      "Join Type": "Inner",
                      "Startup Cost": 45268.9,
                      "Total Cost": 71170.38,
                      "Plan Rows": 4625,
                      "Plan Width": 8,
                      "Actual Startup Time": 101.458,
                      "Actual Total Time": 138.919,
                      "Actual Rows": 5434,
                      "Actual Loops": 4,
                      "Inner Unique": true,
                      "Hash Cond": "(mk.movie_id = t.id)",
                      "Plans": [
                        {
                          "Node Type": "Bitmap Heap Scan",
                          "Parent Relationship": "Outer",
                          "Parallel Aware": true,
                          "Relation Name": "movie_keyword",
                          "Alias": "mk",
                          "Startup Cost": 6295.66,
                          "Total Cost": 31945.92,
                          "Plan Rows": 95701,
                          "Plan Width": 4,
                          "Actual Startup Time": 24.662,
                          "Actual Total Time": 61.987,
                          "Actual Rows": 77872,
                          "Actual Loops": 4,
                          "Recheck Cond": "(keyword_id < 249)",
                          "Rows Removed by Index Recheck": 0,
                          "Exact Heap Blocks": 9033,
                          "Lossy Heap Blocks": 0,
                          "Plans": [
                            {
                              "Node Type": "Bitmap Index Scan",
                              "Parent Relationship": "Outer",
                              "Parallel Aware": false,
                              "Index Name": "keyword_id_movie_keyword",
                              "Startup Cost": 0.0,
                              "Total Cost": 6221.49,
                              "Plan Rows": 296674,
                              "Plan Width": 0,
                              "Actual Startup Time": 20.985,
                              "Actual Total Time": 20.985,
                              "Actual Rows": 311486,
                              "Actual Loops": 1,
                              "Index Cond": "(keyword_id < 249)"
                            }
                          ]
                        },
                        {
                          "Node Type": "Hash",
                          "Parent Relationship": "Inner",
                          "Parallel Aware": true,
                          "Startup Cost": 38591.37,
                          "Total Cost": 38591.37,
                          "Plan Rows": 30550,
                          "Plan Width": 4,
                          "Actual Startup Time": 59.544,
                          "Actual Total Time": 59.546,
                          "Actual Rows": 29558,
                          "Actual Loops": 4,
                          "Hash Buckets": 131072,
                          "Original Hash Buckets": 131072,
                          "Hash Batches": 1,
                          "Original Hash Batches": 1,
                          "Peak Memory Usage": 5728,
                          "Plans": [
                            {
                              "Node Type": "Bitmap Heap Scan",
                              "Parent Relationship": "Outer",
                              "Parallel Aware": true,
                              "Relation Name": "title",
                              "Alias": "t",
                              "Startup Cost": 2211.49,
                              "Total Cost": 38591.37,
                              "Plan Rows": 30550,
                              "Plan Width": 4,
                              "Actual Startup Time": 14.624,
                              "Actual Total Time": 48.82,
                              "Actual Rows": 29558,
                              "Actual Loops": 4,
                              "Recheck Cond": "(kind_id = 4)",
                              "Rows Removed by Index Recheck": 0,
                              "Exact Heap Blocks": 7611,
                              "Lossy Heap Blocks": 0,
                              "Plans": [
                                {
                                  "Node Type": "Bitmap Index Scan",
                                  "Parent Relationship": "Outer",
                                  "Parallel Aware": false,
                                  "Index Name": "kind_id_title",
                                  "Startup Cost": 0.0,
                                  "Total Cost": 2180.94,
                                  "Plan Rows": 122201,
                                  "Plan Width": 0,
                                  "Actual Startup Time": 14.872,
                                  "Actual Total Time": 14.872,
                                  "Actual Rows": 118234,
                                  "Actual Loops": 1,
                                  "Index Cond": "(kind_id = 4)"
                                }
                              ]
                            }
                          ]
                        }
                      ]
                    },
                    {
                      "Node Type": "Index Only Scan",
                      "Parent Relationship": "Inner",
                      "Parallel Aware": false,
                      "Scan Direction": "Forward",
                      "Index Name": "movie_id_movie_info",
                      "Relation Name": "movie_info",
                      "Alias": "mi",
                      "Startup Cost": 0.43,
                      "Total Cost": 4.08,
                      "Plan Rows": 42,
                      "Plan Width": 4,
                      "Actual Startup Time": 0.005,
                      "Actual Total Time": 0.014,
                      "Actual Rows": 11,
                      "Actual Loops": 21736,
                      "Index Cond": "(movie_id = mk.movie_id)",
                      "Rows Removed by Index Recheck": 0,
                      "Heap Fetches": 242799
                    }
                  ]
                }
              ]
            }
          ]
        }
      ]
    },
    "Planning Time": 1.391,
    "Triggers": [],
    "Execution Time": 256.202
  }
]