{
    "Plan": {
        "Node Type": "Aggregate",
        "Strategy": "Plain",
        "Partial Mode": "Finalize",
        "Parallel Aware": false,
        "Startup Cost": 47324.93,
        "Total Cost": 47324.94,
        "Plan Rows": 1,
        "Plan Width": 8,
        "Actual Startup Time": 266.618,
        "Actual Total Time": 277.815,
        "Actual Rows": 1,
        "Actual Loops": 1,
        "Output": [
            "count(*)"
        ],
        "Plans": [
            {
                "Node Type": "Gather",
                "Parent Relationship": "Outer",
                "Parallel Aware": false,
                "Startup Cost": 47324.61,
                "Total Cost": 47324.92,
                "Plan Rows": 3,
                "Plan Width": 8,
                "Actual Startup Time": 266.51,
                "Actual Total Time": 277.803,
                "Actual Rows": 4,
                "Actual Loops": 1,
                "Output": [
                    "(PARTIAL count(*))"
                ],
                "Workers Planned": 3,
                "Workers Launched": 3,
                "Single Copy": false,
                "Plans": [
                    {
                        "Node Type": "Aggregate",
                        "Strategy": "Plain",
                        "Partial Mode": "Partial",
                        "Parent Relationship": "Outer",
                        "Parallel Aware": false,
                        "Startup Cost": 46324.61,
                        "Total Cost": 46324.62,
                        "Plan Rows": 1,
                        "Plan Width": 8,
                        "Actual Startup Time": 258.892,
                        "Actual Total Time": 258.893,
                        "Actual Rows": 1,
                        "Actual Loops": 4,
                        "Output": [
                            "PARTIAL count(*)"
                        ],
                        "Workers": [
                            {
                                "Worker Number": 0,
                                "Actual Startup Time": 255.003,
                                "Actual Total Time": 255.004,
                                "Actual Rows": 1,
                                "Actual Loops": 1
                            },
                            {
                                "Worker Number": 1,
                                "Actual Startup Time": 257.656,
                                "Actual Total Time": 257.657,
                                "Actual Rows": 1,
                                "Actual Loops": 1
                            },
                            {
                                "Worker Number": 2,
                                "Actual Startup Time": 257.804,
                                "Actual Total Time": 257.805,
                                "Actual Rows": 1,
                                "Actual Loops": 1
                            }
                        ],
                        "Plans": [
                            {
                                "Node Type": "Seq Scan",
                                "Parent Relationship": "Outer",
                                "Parallel Aware": true,
                                "Relation Name": "movie_keyword",
                                "Schema": "public",
                                "Alias": "mk",
                                "Startup Cost": 0.0,
                                "Total Cost": 42695.65,
                                "Plan Rows": 1451583,
                                "Plan Width": 0,
                                "Actual Startup Time": 0.066,
                                "Actual Total Time": 187.672,
                                "Actual Rows": 1125922,
                                "Actual Loops": 4,
                                "Output": [
                                    "id",
                                    "movie_id",
                                    "keyword_id"
                                ],
                                "Filter": "(mk.keyword_id < 117174)",
                                "Rows Removed by Filter": 5060,
                                "Workers": [
                                    {
                                        "Worker Number": 0,
                                        "Actual Startup Time": 0.082,
                                        "Actual Total Time": 185.092,
                                        "Actual Rows": 1107755,
                                        "Actual Loops": 1
                                    },
                                    {
                                        "Worker Number": 1,
                                        "Actual Startup Time": 0.075,
                                        "Actual Total Time": 186.477,
                                        "Actual Rows": 1125298,
                                        "Actual Loops": 1
                                    },
                                    {
                                        "Worker Number": 2,
                                        "Actual Startup Time": 0.073,
                                        "Actual Total Time": 187.075,
                                        "Actual Rows": 1133243,
                                        "Actual Loops": 1
                                    }
                                ]
                            }
                        ]
                    }
                ]
            }
        ]
    },
    "Planning Time": 2.209,
    "Triggers": [],
    "Execution Time": 278.14
}