[
  {
    "Plan": {
      "Node Type": "Aggregate",
      "Strategy": "Plain",
      "Partial Mode": "Finalize",
      "Parallel Aware": false,
      "Startup Cost": 347480.89,
      "Total Cost": 347480.9,
      "Plan Rows": 1,
      "Plan Width": 8,
      "Actual Startup Time": 554.69,
      "Actual Total Time": 575.665,
      "Actual Rows": 1,
      "Actual Loops": 1,
      "Plans": [
        {
          "Node Type": "Gather",
          "Parent Relationship": "Outer",
          "Parallel Aware": false,
          "Startup Cost": 347480.26,
          "Total Cost": 347480.87,
          "Plan Rows": 6,
          "Plan Width": 8,
          "Actual Startup Time": 545.638,
          "Actual Total Time": 575.639,
          "Actual Rows": 7,
          "Actual Loops": 1,
          "Workers Planned": 6,
          "Workers Launched": 6,
          "Single Copy": false,
          "Plans": [
            {
              "Node Type": "Aggregate",
              "Strategy": "Plain",
              "Partial Mode": "Partial",
              "Parent Relationship": "Outer",
              "Parallel Aware": false,
              "Startup Cost": 346480.26,
              "Total Cost": 346480.27,
              "Plan Rows": 1,
              "Plan Width": 8,
              "Actual Startup Time": 532.912,
              "Actual Total Time": 532.931,
              "Actual Rows": 1,
              "Actual Loops": 7,
              "Plans": [
                {
                  "Node Type": "Hash Join",
                  "Parent Relationship": "Outer",
                  "Parallel Aware": true,
                  "Join Type": "Inner",
                  "Startup Cost": 88809.67,
                  "Total Cost": 345887.36,
                  "Plan Rows": 237160,
                  "Plan Width": 0,
                  "Actual Startup Time": 311.577,
                  "Actual Total Time": 520.858,
                  "Actual Rows": 215823,
                  "Actual Loops": 7,
                  "Inner Unique": true,
                  "Hash Cond": "(ci.movie_id = t.id)",
                  "Plans": [
                    {
                      "Node Type": "Bitmap Heap Scan",
                      "Parent Relationship": "Outer",
                      "Parallel Aware": true,
                      "Relation Name": "cast_info",
                      "Alias": "ci",
                      "Startup Cost": 38455.24,
                      "Total Cost": 294770.92,
                      "Plan Rows": 290294,
                      "Plan Width": 4,
                      "Actual Startup Time": 73.982,
                      "Actual Total Time": 132.98,
                      "Actual Rows": 255825,
                      "Actual Loops": 7,
                      "Recheck Cond": "(person_id < 177783)",
                      "Rows Removed by Index Recheck": 0,
                      "Exact Heap Blocks": 3150,
                      "Lossy Heap Blocks": 0,
                      "Plans": [
                        {
                          "Node Type": "Bitmap Index Scan",
                          "Parent Relationship": "Outer",
                          "Parallel Aware": false,
                          "Index Name": "person_id_cast_info",
                          "Startup Cost": 0.0,
                          "Total Cost": 38019.8,
                          "Plan Rows": 1741765,
                          "Plan Width": 0,
                          "Actual Startup Time": 70.842,
                          "Actual Total Time": 70.843,
                          "Actual Rows": 1790776,
                          "Actual Loops": 1,
                          "Index Cond": "(person_id < 177783)"
                        }
                      ]
                    },
                    {
                      "Node Type": "Hash",
                      "Parent Relationship": "Inner",
                      "Parallel Aware": true,
                      "Startup Cost": 43899.32,
                      "Total Cost": 43899.32,
                      "Plan Rows": 516408,
                      "Plan Width": 4,
                      "Actual Startup Time": 232.903,
                      "Actual Total Time": 232.916,
                      "Actual Rows": 294936,
                      "Actual Loops": 7,
                      "Hash Buckets": 2097152,
                      "Original Hash Buckets": 2097152,
                      "Hash Batches": 1,
                      "Original Hash Batches": 1,
                      "Peak Memory Usage": 97248,
                      "Plans": [
                        {
                          "Node Type": "Seq Scan",
                          "Parent Relationship": "Outer",
                          "Parallel Aware": true,
                          "Relation Name": "title",
                          "Alias": "t",
                          "Startup Cost": 0.0,
                          "Total Cost": 43899.32,
                          "Plan Rows": 516408,
                          "Plan Width": 4,
                          "Actual Startup Time": 0.043,
                          "Actual Total Time": 85.399,
                          "Actual Rows": 294936,
                          "Actual Loops": 7,
                          "Filter": "(production_year < 2011)",
                          "Rows Removed by Filter": 66251
                        }
                      ]
                    }
                  ]
                }
              ]
            }
          ]
        }
      ]
    },
    "Planning Time": 0.484,
    "Triggers": [],
    "Execution Time": 575.753
  }
]