[
  {
    "Plan": {
      "Node Type": "Aggregate",
      "Strategy": "Plain",
      "Partial Mode": "Finalize",
      "Parallel Aware": false,
      "Startup Cost": 46092.43,
      "Total Cost": 46092.44,
      "Plan Rows": 1,
      "Plan Width": 8,
      "Actual Startup Time": 152.529,
      "Actual Total Time": 161.952,
      "Actual Rows": 1,
      "Actual Loops": 1,
      "Plans": [
        {
          "Node Type": "Gather",
          "Parent Relationship": "Outer",
          "Parallel Aware": false,
          "Startup Cost": 46092.11,
          "Total Cost": 46092.42,
          "Plan Rows": 3,
          "Plan Width": 8,
          "Actual Startup Time": 152.383,
          "Actual Total Time": 161.94,
          "Actual Rows": 4,
          "Actual Loops": 1,
          "Workers Planned": 3,
          "Workers Launched": 3,
          "Single Copy": false,
          "Plans": [
            {
              "Node Type": "Aggregate",
              "Strategy": "Plain",
              "Partial Mode": "Partial",
              "Parent Relationship": "Outer",
              "Parallel Aware": false,
              "Startup Cost": 45092.11,
              "Total Cost": 45092.12,
              "Plan Rows": 1,
              "Plan Width": 8,
              "Actual Startup Time": 148.487,
              "Actual Total Time": 148.488,
              "Actual Rows": 1,
              "Actual Loops": 4,
              "Plans": [
                {
                  "Node Type": "Seq Scan",
                  "Parent Relationship": "Outer",
                  "Parallel Aware": true,
                  "Relation Name": "movie_keyword",
                  "Alias": "mk",
                  "Startup Cost": 0.0,
                  "Total Cost": 42695.65,
                  "Plan Rows": 958583,
                  "Plan Width": 0,
                  "Actual Startup Time": 0.031,
                  "Actual Total Time": 115.304,
                  "Actual Rows": 745848,
                  "Actual Loops": 4,
                  "Filter": "(keyword_id < 10290)",
                  "Rows Removed by Filter": 385135
                }
              ]
            }
          ]
        }
      ]
    },
    "Planning Time": 0.085,
    "Triggers": [],
    "Execution Time": 161.981
  }
]