[
  {
    "Plan": {
      "Node Type": "Aggregate",
      "Strategy": "Plain",
      "Partial Mode": "Finalize",
      "Parallel Aware": false,
      "Startup Cost": 32648.23,
      "Total Cost": 32648.24,
      "Plan Rows": 1,
      "Plan Width": 8,
      "Actual Startup Time": 89.299,
      "Actual Total Time": 95.169,
      "Actual Rows": 1,
      "Actual Loops": 1,
      "Plans": [
        {
          "Node Type": "Gather",
          "Parent Relationship": "Outer",
          "Parallel Aware": false,
          "Startup Cost": 32647.91,
          "Total Cost": 32648.22,
          "Plan Rows": 3,
          "Plan Width": 8,
          "Actual Startup Time": 89.152,
          "Actual Total Time": 95.162,
          "Actual Rows": 4,
          "Actual Loops": 1,
          "Workers Planned": 3,
          "Workers Launched": 3,
          "Single Copy": false,
          "Plans": [
            {
              "Node Type": "Aggregate",
              "Strategy": "Plain",
              "Partial Mode": "Partial",
              "Parent Relationship": "Outer",
              "Parallel Aware": false,
              "Startup Cost": 31647.91,
              "Total Cost": 31647.92,
              "Plan Rows": 1,
              "Plan Width": 8,
              "Actual Startup Time": 81.233,
              "Actual Total Time": 81.234,
              "Actual Rows": 1,
              "Actual Loops": 4,
              "Plans": [
                {
                  "Node Type": "Seq Scan",
                  "Parent Relationship": "Outer",
                  "Parallel Aware": true,
                  "Relation Name": "movie_companies",
                  "Alias": "mc",
                  "Startup Cost": 0.0,
                  "Total Cost": 31414.82,
                  "Plan Rows": 93238,
                  "Plan Width": 0,
                  "Actual Startup Time": 45.678,
                  "Actual Total Time": 75.525,
                  "Actual Rows": 140317,
                  "Actual Loops": 4,
                  "Filter": "((company_id > 71609) AND (company_type_id > 1))",
                  "Rows Removed by Filter": 511965
                }
              ]
            }
          ]
        }
      ]
    },
    "Planning Time": 0.219,
    "Triggers": [],
    "Execution Time": 95.226
  }
]