{
  "Plan": {
    "Node Type": "Aggregate",
    "Strategy": "Plain",
    "Partial Mode": "Finalize",
    "Parallel Aware": false,
    "Startup Cost": 448024.66,
    "Total Cost": 448024.67,
    "Plan Rows": 1,
    "Plan Width": 8,
    "Actual Startup Time": 2261.194,
    "Actual Total Time": 2317.323,
    "Actual Rows": 1,
    "Actual Loops": 1,
    "Plans": [
      {
        "Node Type": "Gather",
        "Parent Relationship": "Outer",
        "Parallel Aware": false,
        "Startup Cost": 448024.55,
        "Total Cost": 448024.66,
        "Plan Rows": 1,
        "Plan Width": 8,
        "Actual Startup Time": 2258.132,
        "Actual Total Time": 2317.315,
        "Actual Rows": 2,
        "Actual Loops": 1,
        "Workers Planned": 1,
        "Workers Launched": 1,
        "Single Copy": false,
        "Plans": [
          {
            "Node Type": "Aggregate",
            "Strategy": "Plain",
            "Partial Mode": "Partial",
            "Parent Relationship": "Outer",
            "Parallel Aware": false,
            "Startup Cost": 447024.55,
            "Total Cost": 447024.56,
            "Plan Rows": 1,
            "Plan Width": 8,
            "Actual Startup Time": 2249.879,
            "Actual Total Time": 2249.885,
            "Actual Rows": 1,
            "Actual Loops": 2,
            "Plans": [
              {
                "Node Type": "Hash Join",
                "Parent Relationship": "Outer",
                "Parallel Aware": true,
                "Join Type": "Inner",
                "Startup Cost": 130324.71,
                "Total Cost": 436546.26,
                "Plan Rows": 4191314,
                "Plan Width": 0,
                "Actual Startup Time": 651.856,
                "Actual Total Time": 2186.174,
                "Actual Rows": 1595982,
                "Actual Loops": 2,
                "Inner Unique": false,
                "Hash Cond": "(mi.movie_id = t.id)",
                "Plans": [
                  {
                    "Node Type": "Seq Scan",
                    "Parent Relationship": "Outer",
                    "Parallel Aware": true,
                    "Relation Name": "movie_info",
                    "Alias": "mi",
                    "Startup Cost": 0.0,
                    "Total Cost": 248955.74,
                    "Plan Rows": 8696274,
                    "Plan Width": 4,
                    "Actual Startup Time": 0.016,
                    "Actual Total Time": 617.036,
                    "Actual Rows": 7417860,
                    "Actual Loops": 2
                  },
                  {
                    "Node Type": "Hash",
                    "Parent Relationship": "Inner",
                    "Parallel Aware": true,
                    "Startup Cost": 121364.76,
                    "Total Cost": 121364.76,
                    "Plan Rows": 716796,
                    "Plan Width": 8,
                    "Actual Startup Time": 636.364,
                    "Actual Total Time": 636.368,
                    "Actual Rows": 154592,
                    "Actual Loops": 2,
                    "Hash Buckets": 2097152,
                    "Original Hash Buckets": 2097152,
                    "Hash Batches": 1,
                    "Original Hash Batches": 1,
                    "Peak Memory Usage": 28512,
                    "Plans": [
                      {
                        "Node Type": "Hash Join",
                        "Parent Relationship": "Outer",
                        "Parallel Aware": true,
                        "Join Type": "Inner",
                        "Startup Cost": 63313.92,
                        "Total Cost": 121364.76,
                        "Plan Rows": 716796,
                        "Plan Width": 8,
                        "Actual Startup Time": 247.523,
                        "Actual Total Time": 603.803,
                        "Actual Rows": 154592,
                        "Actual Loops": 2,
                        "Inner Unique": true,
                        "Hash Cond": "(mk.movie_id = t.id)",
                        "Plans": [
                          {
                            "Node Type": "Seq Scan",
                            "Parent Relationship": "Outer",
                            "Parallel Aware": true,
                            "Relation Name": "movie_keyword",
                            "Alias": "mk",
                            "Startup Cost": 0.0,
                            "Total Cost": 51065.35,
                            "Plan Rows": 2661135,
                            "Plan Width": 4,
                            "Actual Startup Time": 0.014,
                            "Actual Total Time": 149.74,
                            "Actual Rows": 2261965,
                            "Actual Loops": 2
                          },
                          {
                            "Node Type": "Hash",
                            "Parent Relationship": "Inner",
                            "Parallel Aware": true,
                            "Startup Cost": 58306.47,
                            "Total Cost": 58306.47,
                            "Plan Rows": 400596,
                            "Plan Width": 4,
                            "Actual Startup Time": 243.285,
                            "Actual Total Time": 243.287,
                            "Actual Rows": 369840,
                            "Actual Loops": 2,
                            "Hash Buckets": 1048576,
                            "Original Hash Buckets": 1048576,
                            "Hash Batches": 1,
                            "Original Hash Batches": 1,
                            "Peak Memory Usage": 37152,
                            "Plans": [
                              {
                                "Node Type": "Seq Scan",
                                "Parent Relationship": "Outer",
                                "Parallel Aware": true,
                                "Relation Name": "title",
                                "Alias": "t",
                                "Startup Cost": 0.0,
                                "Total Cost": 58306.47,
                                "Plan Rows": 400596,
                                "Plan Width": 4,
                                "Actual Startup Time": 0.029,
                                "Actual Total Time": 153.653,
                                "Actual Rows": 369840,
                                "Actual Loops": 2,
                                "Filter": "((production_year > 2004) AND (kind_id = 7))",
                                "Rows Removed by Filter": 894316
                              }
                            ]
                          }
                        ]
                      }
                    ]
                  }
                ]
              }
            ]
          }
        ]
      }
    ]
  },
  "Planning Time": 0.907,
  "Triggers": [],
  "Execution Time": 2317.411
}