[
    {
        "Bao": {
            "Bao prediction": "NaN",
            "Bao recommended hint": "(no hint)"
        }
    },
    {
        "Plan": {
            "Node Type": "Aggregate",
            "Strategy": "Plain",
            "Partial Mode": "Finalize",
            "Parallel Aware": false,
            "Startup Cost": 32844.97,
            "Total Cost": 32844.98,
            "Plan Rows": 1,
            "Plan Width": 8,
            "Actual Startup Time": 94.889,
            "Actual Total Time": 102.929,
            "Actual Rows": 1,
            "Actual Loops": 1,
            "Output": [
                "count(*)"
            ],
            "Plans": [
                {
                    "Node Type": "Gather",
                    "Parent Relationship": "Outer",
                    "Parallel Aware": false,
                    "Startup Cost": 32844.66,
                    "Total Cost": 32844.97,
                    "Plan Rows": 3,
                    "Plan Width": 8,
                    "Actual Startup Time": 94.744,
                    "Actual Total Time": 102.922,
                    "Actual Rows": 4,
                    "Actual Loops": 1,
                    "Output": [
                        "(PARTIAL count(*))"
                    ],
                    "Workers Planned": 3,
                    "Workers Launched": 3,
                    "Single Copy": false,
                    "Plans": [
                        {
                            "Node Type": "Aggregate",
                            "Strategy": "Plain",
                            "Partial Mode": "Partial",
                            "Parent Relationship": "Outer",
                            "Parallel Aware": false,
                            "Startup Cost": 31844.66,
                            "Total Cost": 31844.67,
                            "Plan Rows": 1,
                            "Plan Width": 8,
                            "Actual Startup Time": 86.746,
                            "Actual Total Time": 86.748,
                            "Actual Rows": 1,
                            "Actual Loops": 4,
                            "Output": [
                                "PARTIAL count(*)"
                            ],
                            "Workers": [
                                {
                                    "Worker Number": 0,
                                    "Actual Startup Time": 83.738,
                                    "Actual Total Time": 83.739,
                                    "Actual Rows": 1,
                                    "Actual Loops": 1
                                },
                                {
                                    "Worker Number": 1,
                                    "Actual Startup Time": 84.324,
                                    "Actual Total Time": 84.326,
                                    "Actual Rows": 1,
                                    "Actual Loops": 1
                                },
                                {
                                    "Worker Number": 2,
                                    "Actual Startup Time": 84.448,
                                    "Actual Total Time": 84.45,
                                    "Actual Rows": 1,
                                    "Actual Loops": 1
                                }
                            ],
                            "Plans": [
                                {
                                    "Node Type": "Seq Scan",
                                    "Parent Relationship": "Outer",
                                    "Parallel Aware": true,
                                    "Relation Name": "movie_companies",
                                    "Schema": "public",
                                    "Alias": "mc",
                                    "Startup Cost": 0.0,
                                    "Total Cost": 31414.82,
                                    "Plan Rows": 171935,
                                    "Plan Width": 0,
                                    "Actual Startup Time": 13.311,
                                    "Actual Total Time": 82.725,
                                    "Actual Rows": 60686,
                                    "Actual Loops": 4,
                                    "Output": [
                                        "id",
                                        "movie_id",
                                        "company_id",
                                        "company_type_id",
                                        "note"
                                    ],
                                    "Filter": "((mc.company_id > 14206) AND (mc.company_type_id < 2))",
                                    "Rows Removed by Filter": 591596,
                                    "Workers": [
                                        {
                                            "Worker Number": 0,
                                            "Actual Startup Time": 10.309,
                                            "Actual Total Time": 79.927,
                                            "Actual Rows": 45779,
                                            "Actual Loops": 1
                                        },
                                        {
                                            "Worker Number": 1,
                                            "Actual Startup Time": 10.893,
                                            "Actual Total Time": 80.522,
                                            "Actual Rows": 46132,
                                            "Actual Loops": 1
                                        },
                                        {
                                            "Worker Number": 2,
                                            "Actual Startup Time": 11.023,
                                            "Actual Total Time": 80.605,
                                            "Actual Rows": 47272,
                                            "Actual Loops": 1
                                        }
                                    ]
                                }
                            ]
                        }
                    ]
                }
            ]
        },
        "Planning Time": 195.453,
        "Triggers": [],
        "Execution Time": 102.967
    }
]