[
  {
    "Plan": {
      "Node Type": "Aggregate",
      "Strategy": "Plain",
      "Partial Mode": "Finalize",
      "Parallel Aware": false,
      "Startup Cost": 341635.34,
      "Total Cost": 341635.35,
      "Plan Rows": 1,
      "Plan Width": 8,
      "Actual Startup Time": 874.982,
      "Actual Total Time": 922.999,
      "Actual Rows": 1,
      "Actual Loops": 1,
      "Plans": [
        {
          "Node Type": "Gather",
          "Parent Relationship": "Outer",
          "Parallel Aware": false,
          "Startup Cost": 341634.71,
          "Total Cost": 341635.32,
          "Plan Rows": 6,
          "Plan Width": 8,
          "Actual Startup Time": 874.788,
          "Actual Total Time": 922.986,
          "Actual Rows": 7,
          "Actual Loops": 1,
          "Workers Planned": 6,
          "Workers Launched": 6,
          "Single Copy": false,
          "Plans": [
            {
              "Node Type": "Aggregate",
              "Strategy": "Plain",
              "Partial Mode": "Partial",
              "Parent Relationship": "Outer",
              "Parallel Aware": false,
              "Startup Cost": 340634.71,
              "Total Cost": 340634.72,
              "Plan Rows": 1,
              "Plan Width": 8,
              "Actual Startup Time": 867.975,
              "Actual Total Time": 867.976,
              "Actual Rows": 1,
              "Actual Loops": 7,
              "Plans": [
                {
                  "Node Type": "Seq Scan",
                  "Parent Relationship": "Outer",
                  "Parallel Aware": true,
                  "Relation Name": "cast_info",
                  "Alias": "ci",
                  "Startup Cost": 0.0,
                  "Total Cost": 328211.39,
                  "Plan Rows": 4969328,
                  "Plan Width": 0,
                  "Actual Startup Time": 0.039,
                  "Actual Total Time": 652.81,
                  "Actual Rows": 4268992,
                  "Actual Loops": 7,
                  "Filter": "(person_id < 3017742)",
                  "Rows Removed by Filter": 908772
                }
              ]
            }
          ]
        }
      ]
    },
    "Planning Time": 0.176,
    "Triggers": [],
    "Execution Time": 923.054
  }
]