{
  "Plan": {
    "Node Type": "Aggregate",
    "Strategy": "Plain",
    "Partial Mode": "Finalize",
    "Parallel Aware": false,
    "Startup Cost": 124603.07,
    "Total Cost": 124603.08,
    "Plan Rows": 1,
    "Plan Width": 8,
    "Actual Startup Time": 586.445,
    "Actual Total Time": 601.896,
    "Actual Rows": 1,
    "Actual Loops": 1,
    "Plans": [
      {
        "Node Type": "Gather",
        "Parent Relationship": "Outer",
        "Parallel Aware": false,
        "Startup Cost": 124602.96,
        "Total Cost": 124603.07,
        "Plan Rows": 1,
        "Plan Width": 8,
        "Actual Startup Time": 585.593,
        "Actual Total Time": 601.886,
        "Actual Rows": 2,
        "Actual Loops": 1,
        "Workers Planned": 1,
        "Workers Launched": 1,
        "Single Copy": false,
        "Plans": [
          {
            "Node Type": "Aggregate",
            "Strategy": "Plain",
            "Partial Mode": "Partial",
            "Parent Relationship": "Outer",
            "Parallel Aware": false,
            "Startup Cost": 123602.96,
            "Total Cost": 123602.97,
            "Plan Rows": 1,
            "Plan Width": 8,
            "Actual Startup Time": 579.106,
            "Actual Total Time": 579.113,
            "Actual Rows": 1,
            "Actual Loops": 2,
            "Plans": [
              {
                "Node Type": "Hash Join",
                "Parent Relationship": "Outer",
                "Parallel Aware": true,
                "Join Type": "Inner",
                "Startup Cost": 58052.8,
                "Total Cost": 123496.82,
                "Plan Rows": 42456,
                "Plan Width": 0,
                "Actual Startup Time": 255.883,
                "Actual Total Time": 568.391,
                "Actual Rows": 217498,
                "Actual Loops": 2,
                "Inner Unique": false,
                "Hash Cond": "(mk.movie_id = t.id)",
                "Plans": [
                  {
                    "Node Type": "Seq Scan",
                    "Parent Relationship": "Outer",
                    "Parallel Aware": true,
                    "Relation Name": "movie_keyword",
                    "Alias": "mk",
                    "Startup Cost": 0.0,
                    "Total Cost": 57718.19,
                    "Plan Rows": 1993624,
                    "Plan Width": 4,
                    "Actual Startup Time": 0.08,
                    "Actual Total Time": 226.057,
                    "Actual Rows": 1689432,
                    "Actual Loops": 2,
                    "Filter": "(keyword_id > 1302)",
                    "Rows Removed by Filter": 572532
                  },
                  {
                    "Node Type": "Hash",
                    "Parent Relationship": "Inner",
                    "Parallel Aware": true,
                    "Startup Cost": 57656.9,
                    "Total Cost": 57656.9,
                    "Plan Rows": 31672,
                    "Plan Width": 8,
                    "Actual Startup Time": 196.96,
                    "Actual Total Time": 196.965,
                    "Actual Rows": 55574,
                    "Actual Loops": 2,
                    "Hash Buckets": 131072,
                    "Original Hash Buckets": 65536,
                    "Hash Batches": 1,
                    "Original Hash Batches": 1,
                    "Peak Memory Usage": 5888,
                    "Plans": [
                      {
                        "Node Type": "Hash Join",
                        "Parent Relationship": "Outer",
                        "Parallel Aware": true,
                        "Join Type": "Inner",
                        "Startup Cost": 39473.11,
                        "Total Cost": 57656.9,
                        "Plan Rows": 31672,
                        "Plan Width": 8,
                        "Actual Startup Time": 113.239,
                        "Actual Total Time": 184.952,
                        "Actual Rows": 55574,
                        "Actual Loops": 2,
                        "Inner Unique": true,
                        "Hash Cond": "(mi_idx.movie_id = t.id)",
                        "Plans": [
                          {
                            "Node Type": "Seq Scan",
                            "Parent Relationship": "Outer",
                            "Parallel Aware": true,
                            "Relation Name": "movie_info_idx",
                            "Alias": "mi_idx",
                            "Startup Cost": 0.0,
                            "Total Cost": 16052.85,
                            "Plan Rows": 811785,
                            "Plan Width": 4,
                            "Actual Startup Time": 0.027,
                            "Actual Total Time": 51.345,
                            "Actual Rows": 690018,
                            "Actual Loops": 2
                          },
                          {
                            "Node Type": "Hash",
                            "Parent Relationship": "Inner",
                            "Parallel Aware": true,
                            "Startup Cost": 38747.8,
                            "Total Cost": 38747.8,
                            "Plan Rows": 58025,
                            "Plan Width": 4,
                            "Actual Startup Time": 64.377,
                            "Actual Total Time": 64.378,
                            "Actual Rows": 50229,
                            "Actual Loops": 2,
                            "Hash Buckets": 131072,
                            "Original Hash Buckets": 131072,
                            "Hash Batches": 1,
                            "Original Hash Batches": 1,
                            "Peak Memory Usage": 4992,
                            "Plans": [
                              {
                                "Node Type": "Bitmap Heap Scan",
                                "Parent Relationship": "Outer",
                                "Parallel Aware": true,
                                "Relation Name": "title",
                                "Alias": "t",
                                "Startup Cost": 1847.79,
                                "Total Cost": 38747.8,
                                "Plan Rows": 58025,
                                "Plan Width": 4,
                                "Actual Startup Time": 15.653,
                                "Actual Total Time": 52.594,
                                "Actual Rows": 50229,
                                "Actual Loops": 2,
                                "Recheck Cond": "(kind_id = 3)",
                                "Rows Removed by Index Recheck": 0,
                                "Filter": "(production_year > 1908)",
                                "Rows Removed by Filter": 40,
                                "Exact Heap Blocks": 10089,
                                "Lossy Heap Blocks": 0,
                                "Plans": [
                                  {
                                    "Node Type": "Bitmap Index Scan",
                                    "Parent Relationship": "Outer",
                                    "Parallel Aware": false,
                                    "Index Name": "kind_id_title",
                                    "Startup Cost": 0.0,
                                    "Total Cost": 1823.13,
                                    "Plan Rows": 102227,
                                    "Plan Width": 0,
                                    "Actual Startup Time": 14.997,
                                    "Actual Total Time": 14.998,
                                    "Actual Rows": 100537,
                                    "Actual Loops": 1,
                                    "Index Cond": "(kind_id = 3)"
                                  }
                                ]
                              }
                            ]
                          }
                        ]
                      }
                    ]
                  }
                ]
              }
            ]
          }
        ]
      }
    ]
  },
  "Planning Time": 1.058,
  "Triggers": [],
  "Execution Time": 601.999
}