[
  {
    "Plan": {
      "Node Type": "Aggregate",
      "Strategy": "Plain",
      "Partial Mode": "Simple",
      "Parallel Aware": false,
      "Startup Cost": 18609.69,
      "Total Cost": 18609.7,
      "Plan Rows": 1,
      "Plan Width": 8,
      "Actual Startup Time": 9.632,
      "Actual Total Time": 9.634,
      "Actual Rows": 1,
      "Actual Loops": 1,
      "Plans": [
        {
          "Node Type": "Bitmap Heap Scan",
          "Parent Relationship": "Outer",
          "Parallel Aware": false,
          "Relation Name": "movie_info",
          "Alias": "mi",
          "Startup Cost": 102.45,
          "Total Cost": 18596.14,
          "Plan Rows": 5421,
          "Plan Width": 0,
          "Actual Startup Time": 1.701,
          "Actual Total Time": 8.538,
          "Actual Rows": 6160,
          "Actual Loops": 1,
          "Recheck Cond": "(info_type_id = 87)",
          "Rows Removed by Index Recheck": 0,
          "Exact Heap Blocks": 1314,
          "Lossy Heap Blocks": 0,
          "Plans": [
            {
              "Node Type": "Bitmap Index Scan",
              "Parent Relationship": "Outer",
              "Parallel Aware": false,
              "Index Name": "info_type_id_movie_info",
              "Startup Cost": 0.0,
              "Total Cost": 101.09,
              "Plan Rows": 5421,
              "Plan Width": 0,
              "Actual Startup Time": 1.171,
              "Actual Total Time": 1.172,
              "Actual Rows": 6160,
              "Actual Loops": 1,
              "Index Cond": "(info_type_id = 87)"
            }
          ]
        }
      ]
    },
    "Planning Time": 0.173,
    "Triggers": [],
    "Execution Time": 9.738
  }
]