[
    {
        "Bao": {
            "Bao prediction": "NaN",
            "Bao recommended hint": "(no hint)"
        }
    },
    {
        "Plan": {
            "Node Type": "Aggregate",
            "Strategy": "Plain",
            "Partial Mode": "Finalize",
            "Parallel Aware": false,
            "Startup Cost": 224846.65,
            "Total Cost": 224846.66,
            "Plan Rows": 1,
            "Plan Width": 8,
            "Actual Startup Time": 154.146,
            "Actual Total Time": 166.226,
            "Actual Rows": 1,
            "Actual Loops": 1,
            "Output": [
                "count(*)"
            ],
            "Plans": [
                {
                    "Node Type": "Gather",
                    "Parent Relationship": "Outer",
                    "Parallel Aware": false,
                    "Startup Cost": 224846.13,
                    "Total Cost": 224846.64,
                    "Plan Rows": 5,
                    "Plan Width": 8,
                    "Actual Startup Time": 153.783,
                    "Actual Total Time": 166.218,
                    "Actual Rows": 6,
                    "Actual Loops": 1,
                    "Output": [
                        "(PARTIAL count(*))"
                    ],
                    "Workers Planned": 5,
                    "Workers Launched": 5,
                    "Single Copy": false,
                    "Plans": [
                        {
                            "Node Type": "Aggregate",
                            "Strategy": "Plain",
                            "Partial Mode": "Partial",
                            "Parent Relationship": "Outer",
                            "Parallel Aware": false,
                            "Startup Cost": 223846.13,
                            "Total Cost": 223846.14,
                            "Plan Rows": 1,
                            "Plan Width": 8,
                            "Actual Startup Time": 143.237,
                            "Actual Total Time": 143.241,
                            "Actual Rows": 1,
                            "Actual Loops": 6,
                            "Output": [
                                "PARTIAL count(*)"
                            ],
                            "Workers": [
                                {
                                    "Worker Number": 0,
                                    "Actual Startup Time": 140.812,
                                    "Actual Total Time": 140.816,
                                    "Actual Rows": 1,
                                    "Actual Loops": 1
                                },
                                {
                                    "Worker Number": 1,
                                    "Actual Startup Time": 140.959,
                                    "Actual Total Time": 140.963,
                                    "Actual Rows": 1,
                                    "Actual Loops": 1
                                },
                                {
                                    "Worker Number": 2,
                                    "Actual Startup Time": 141.418,
                                    "Actual Total Time": 141.421,
                                    "Actual Rows": 1,
                                    "Actual Loops": 1
                                },
                                {
                                    "Worker Number": 3,
                                    "Actual Startup Time": 141.43,
                                    "Actual Total Time": 141.432,
                                    "Actual Rows": 1,
                                    "Actual Loops": 1
                                },
                                {
                                    "Worker Number": 4,
                                    "Actual Startup Time": 141.409,
                                    "Actual Total Time": 141.413,
                                    "Actual Rows": 1,
                                    "Actual Loops": 1
                                }
                            ],
                            "Plans": [
                                {
                                    "Node Type": "Nested Loop",
                                    "Parent Relationship": "Outer",
                                    "Parallel Aware": false,
                                    "Join Type": "Inner",
                                    "Startup Cost": 55010.82,
                                    "Total Cost": 223828.15,
                                    "Plan Rows": 7191,
                                    "Plan Width": 0,
                                    "Actual Startup Time": 103.497,
                                    "Actual Total Time": 142.949,
                                    "Actual Rows": 2991,
                                    "Actual Loops": 6,
                                    "Inner Unique": false,
                                    "Join Filter": "(t.id = ci.movie_id)",
                                    "Rows Removed by Join Filter": 0,
                                    "Workers": [
                                        {
                                            "Worker Number": 0,
                                            "Actual Startup Time": 101.157,
                                            "Actual Total Time": 140.57,
                                            "Actual Rows": 1722,
                                            "Actual Loops": 1
                                        },
                                        {
                                            "Worker Number": 1,
                                            "Actual Startup Time": 101.611,
                                            "Actual Total Time": 140.592,
                                            "Actual Rows": 3085,
                                            "Actual Loops": 1
                                        },
                                        {
                                            "Worker Number": 2,
                                            "Actual Startup Time": 101.8,
                                            "Actual Total Time": 141.138,
                                            "Actual Rows": 3023,
                                            "Actual Loops": 1
                                        },
                                        {
                                            "Worker Number": 3,
                                            "Actual Startup Time": 101.429,
                                            "Actual Total Time": 141.152,
                                            "Actual Rows": 1696,
                                            "Actual Loops": 1
                                        },
                                        {
                                            "Worker Number": 4,
                                            "Actual Startup Time": 101.865,
                                            "Actual Total Time": 141.158,
                                            "Actual Rows": 1596,
                                            "Actual Loops": 1
                                        }
                                    ],
                                    "Plans": [
                                        {
                                            "Node Type": "Hash Join",
                                            "Parent Relationship": "Outer",
                                            "Parallel Aware": true,
                                            "Join Type": "Inner",
                                            "Startup Cost": 55010.25,
                                            "Total Cost": 218578.4,
                                            "Plan Rows": 1148,
                                            "Plan Width": 8,
                                            "Actual Startup Time": 103.029,
                                            "Actual Total Time": 124.121,
                                            "Actual Rows": 174,
                                            "Actual Loops": 6,
                                            "Output": [
                                                "t.id",
                                                "mi.movie_id"
                                            ],
                                            "Inner Unique": true,
                                            "Hash Cond": "(mi.movie_id = t.id)",
                                            "Workers": [
                                                {
                                                    "Worker Number": 0,
                                                    "Actual Startup Time": 100.639,
                                                    "Actual Total Time": 121.097,
                                                    "Actual Rows": 128,
                                                    "Actual Loops": 1
                                                },
                                                {
                                                    "Worker Number": 1,
                                                    "Actual Startup Time": 100.982,
                                                    "Actual Total Time": 118.297,
                                                    "Actual Rows": 182,
                                                    "Actual Loops": 1
                                                },
                                                {
                                                    "Worker Number": 2,
                                                    "Actual Startup Time": 101.34,
                                                    "Actual Total Time": 121.756,
                                                    "Actual Rows": 132,
                                                    "Actual Loops": 1
                                                },
                                                {
                                                    "Worker Number": 3,
                                                    "Actual Startup Time": 100.858,
                                                    "Actual Total Time": 120.808,
                                                    "Actual Rows": 110,
                                                    "Actual Loops": 1
                                                },
                                                {
                                                    "Worker Number": 4,
                                                    "Actual Startup Time": 101.307,
                                                    "Actual Total Time": 123.621,
                                                    "Actual Rows": 109,
                                                    "Actual Loops": 1
                                                }
                                            ],
                                            "Plans": [
                                                {
                                                    "Node Type": "Bitmap Heap Scan",
                                                    "Parent Relationship": "Outer",
                                                    "Parallel Aware": true,
                                                    "Relation Name": "movie_info",
                                                    "Schema": "public",
                                                    "Alias": "mi",
                                                    "Startup Cost": 9443.95,
                                                    "Total Cost": 172738.72,
                                                    "Plan Rows": 104142,
                                                    "Plan Width": 4,
                                                    "Actual Startup Time": 17.87,
                                                    "Actual Total Time": 33.404,
                                                    "Actual Rows": 90561,
                                                    "Actual Loops": 6,
                                                    "Output": [
                                                        "mi.id",
                                                        "mi.movie_id",
                                                        "mi.info_type_id",
                                                        "mi.info",
                                                        "mi.note"
                                                    ],
                                                    "Recheck Cond": "(mi.info_type_id > 98)",
                                                    "Rows Removed by Index Recheck": 0,
                                                    "Exact Heap Blocks": 1862,
                                                    "Lossy Heap Blocks": 0,
                                                    "Workers": [
                                                        {
                                                            "Worker Number": 0,
                                                            "Actual Startup Time": 18.133,
                                                            "Actual Total Time": 33.374,
                                                            "Actual Rows": 71601,
                                                            "Actual Loops": 1
                                                        },
                                                        {
                                                            "Worker Number": 1,
                                                            "Actual Startup Time": 17.832,
                                                            "Actual Total Time": 31.624,
                                                            "Actual Rows": 61620,
                                                            "Actual Loops": 1
                                                        },
                                                        {
                                                            "Worker Number": 2,
                                                            "Actual Startup Time": 17.958,
                                                            "Actual Total Time": 33.251,
                                                            "Actual Rows": 100694,
                                                            "Actual Loops": 1
                                                        },
                                                        {
                                                            "Worker Number": 3,
                                                            "Actual Startup Time": 17.775,
                                                            "Actual Total Time": 32.596,
                                                            "Actual Rows": 69057,
                                                            "Actual Loops": 1
                                                        },
                                                        {
                                                            "Worker Number": 4,
                                                            "Actual Startup Time": 17.847,
                                                            "Actual Total Time": 34.441,
                                                            "Actual Rows": 78334,
                                                            "Actual Loops": 1
                                                        }
                                                    ],
                                                    "Plans": [
                                                        {
                                                            "Node Type": "Bitmap Index Scan",
                                                            "Parent Relationship": "Outer",
                                                            "Parallel Aware": false,
                                                            "Index Name": "info_type_id_movie_info",
                                                            "Startup Cost": 0.0,
                                                            "Total Cost": 9313.77,
                                                            "Plan Rows": 520711,
                                                            "Plan Width": 0,
                                                            "Actual Startup Time": 16.92,
                                                            "Actual Total Time": 16.921,
                                                            "Actual Rows": 543367,
                                                            "Actual Loops": 1,
                                                            "Index Cond": "(mi.info_type_id > 98)"
                                                        }
                                                    ]
                                                },
                                                {
                                                    "Node Type": "Hash",
                                                    "Parent Relationship": "Inner",
                                                    "Parallel Aware": true,
                                                    "Startup Cost": 45479.21,
                                                    "Total Cost": 45479.21,
                                                    "Plan Rows": 6968,
                                                    "Plan Width": 4,
                                                    "Actual Startup Time": 79.09,
                                                    "Actual Total Time": 79.091,
                                                    "Actual Rows": 4874,
                                                    "Actual Loops": 6,
                                                    "Output": [
                                                        "t.id"
                                                    ],
                                                    "Hash Buckets": 32768,
                                                    "Original Hash Buckets": 32768,
                                                    "Hash Batches": 1,
                                                    "Original Hash Batches": 1,
                                                    "Peak Memory Usage": 1536,
                                                    "Workers": [
                                                        {
                                                            "Worker Number": 0,
                                                            "Actual Startup Time": 76.713,
                                                            "Actual Total Time": 76.714,
                                                            "Actual Rows": 3368,
                                                            "Actual Loops": 1
                                                        },
                                                        {
                                                            "Worker Number": 1,
                                                            "Actual Startup Time": 76.855,
                                                            "Actual Total Time": 76.856,
                                                            "Actual Rows": 2937,
                                                            "Actual Loops": 1
                                                        },
                                                        {
                                                            "Worker Number": 2,
                                                            "Actual Startup Time": 77.238,
                                                            "Actual Total Time": 77.239,
                                                            "Actual Rows": 4648,
                                                            "Actual Loops": 1
                                                        },
                                                        {
                                                            "Worker Number": 3,
                                                            "Actual Startup Time": 77.245,
                                                            "Actual Total Time": 77.246,
                                                            "Actual Rows": 3327,
                                                            "Actual Loops": 1
                                                        },
                                                        {
                                                            "Worker Number": 4,
                                                            "Actual Startup Time": 77.255,
                                                            "Actual Total Time": 77.256,
                                                            "Actual Rows": 3304,
                                                            "Actual Loops": 1
                                                        }
                                                    ],
                                                    "Plans": [
                                                        {
                                                            "Node Type": "Seq Scan",
                                                            "Parent Relationship": "Outer",
                                                            "Parallel Aware": true,
                                                            "Relation Name": "title",
                                                            "Schema": "public",
                                                            "Alias": "t",
                                                            "Startup Cost": 0.0,
                                                            "Total Cost": 45479.21,
                                                            "Plan Rows": 6968,
                                                            "Plan Width": 4,
                                                            "Actual Startup Time": 0.094,
                                                            "Actual Total Time": 76.239,
                                                            "Actual Rows": 4874,
                                                            "Actual Loops": 6,
                                                            "Output": [
                                                                "t.id"
                                                            ],
                                                            "Filter": "((t.kind_id > 2) AND (t.production_year = 1995))",
                                                            "Rows Removed by Filter": 416511,
                                                            "Workers": [
                                                                {
                                                                    "Worker Number": 0,
                                                                    "Actual Startup Time": 0.057,
                                                                    "Actual Total Time": 73.935,
                                                                    "Actual Rows": 3368,
                                                                    "Actual Loops": 1
                                                                },
                                                                {
                                                                    "Worker Number": 1,
                                                                    "Actual Startup Time": 0.082,
                                                                    "Actual Total Time": 74.331,
                                                                    "Actual Rows": 2937,
                                                                    "Actual Loops": 1
                                                                },
                                                                {
                                                                    "Worker Number": 2,
                                                                    "Actual Startup Time": 0.135,
                                                                    "Actual Total Time": 74.471,
                                                                    "Actual Rows": 4648,
                                                                    "Actual Loops": 1
                                                                },
                                                                {
                                                                    "Worker Number": 3,
                                                                    "Actual Startup Time": 0.197,
                                                                    "Actual Total Time": 74.205,
                                                                    "Actual Rows": 3327,
                                                                    "Actual Loops": 1
                                                                },
                                                                {
                                                                    "Worker Number": 4,
                                                                    "Actual Startup Time": 0.079,
                                                                    "Actual Total Time": 74.613,
                                                                    "Actual Rows": 3304,
                                                                    "Actual Loops": 1
                                                                }
                                                            ]
                                                        }
                                                    ]
                                                }
                                            ]
                                        },
                                        {
                                            "Node Type": "Index Scan",
                                            "Parent Relationship": "Inner",
                                            "Parallel Aware": false,
                                            "Scan Direction": "Forward",
                                            "Index Name": "movie_id_cast_info",
                                            "Relation Name": "cast_info",
                                            "Schema": "public",
                                            "Alias": "ci",
                                            "Startup Cost": 0.56,
                                            "Total Cost": 4.36,
                                            "Plan Rows": 17,
                                            "Plan Width": 4,
                                            "Actual Startup Time": 0.063,
                                            "Actual Total Time": 0.105,
                                            "Actual Rows": 17,
                                            "Actual Loops": 1043,
                                            "Output": [
                                                "ci.id",
                                                "ci.person_id",
                                                "ci.movie_id",
                                                "ci.person_role_id",
                                                "ci.note",
                                                "ci.nr_order",
                                                "ci.role_id"
                                            ],
                                            "Index Cond": "(ci.movie_id = mi.movie_id)",
                                            "Rows Removed by Index Recheck": 0,
                                            "Filter": "((ci.person_id < 3982943) AND (ci.role_id > 2))",
                                            "Rows Removed by Filter": 15,
                                            "Workers": [
                                                {
                                                    "Worker Number": 0,
                                                    "Actual Startup Time": 0.097,
                                                    "Actual Total Time": 0.149,
                                                    "Actual Rows": 13,
                                                    "Actual Loops": 128
                                                },
                                                {
                                                    "Worker Number": 1,
                                                    "Actual Startup Time": 0.073,
                                                    "Actual Total Time": 0.119,
                                                    "Actual Rows": 17,
                                                    "Actual Loops": 182
                                                },
                                                {
                                                    "Worker Number": 2,
                                                    "Actual Startup Time": 0.08,
                                                    "Actual Total Time": 0.143,
                                                    "Actual Rows": 23,
                                                    "Actual Loops": 132
                                                },
                                                {
                                                    "Worker Number": 3,
                                                    "Actual Startup Time": 0.107,
                                                    "Actual Total Time": 0.181,
                                                    "Actual Rows": 15,
                                                    "Actual Loops": 110
                                                },
                                                {
                                                    "Worker Number": 4,
                                                    "Actual Startup Time": 0.093,
                                                    "Actual Total Time": 0.157,
                                                    "Actual Rows": 15,
                                                    "Actual Loops": 109
                                                }
                                            ]
                                        }
                                    ]
                                }
                            ]
                        }
                    ]
                }
            ]
        },
        "Planning Time": 177.962,
        "Triggers": [],
        "Execution Time": 166.323
    }
]