[
  {
    "Plan": {
      "Node Type": "Aggregate",
      "Strategy": "Plain",
      "Partial Mode": "Finalize",
      "Parallel Aware": false,
      "Startup Cost": 49433.79,
      "Total Cost": 49433.8,
      "Plan Rows": 1,
      "Plan Width": 8,
      "Actual Startup Time": 113.733,
      "Actual Total Time": 128.531,
      "Actual Rows": 1,
      "Actual Loops": 1,
      "Plans": [
        {
          "Node Type": "Gather",
          "Parent Relationship": "Outer",
          "Parallel Aware": false,
          "Startup Cost": 49433.37,
          "Total Cost": 49433.78,
          "Plan Rows": 4,
          "Plan Width": 8,
          "Actual Startup Time": 113.556,
          "Actual Total Time": 128.522,
          "Actual Rows": 5,
          "Actual Loops": 1,
          "Workers Planned": 4,
          "Workers Launched": 4,
          "Single Copy": false,
          "Plans": [
            {
              "Node Type": "Aggregate",
              "Strategy": "Plain",
              "Partial Mode": "Partial",
              "Parent Relationship": "Outer",
              "Parallel Aware": false,
              "Startup Cost": 48433.37,
              "Total Cost": 48433.38,
              "Plan Rows": 1,
              "Plan Width": 8,
              "Actual Startup Time": 104.942,
              "Actual Total Time": 104.944,
              "Actual Rows": 1,
              "Actual Loops": 5,
              "Plans": [
                {
                  "Node Type": "Nested Loop",
                  "Parent Relationship": "Outer",
                  "Parallel Aware": false,
                  "Join Type": "Inner",
                  "Startup Cost": 0.86,
                  "Total Cost": 48433.08,
                  "Plan Rows": 119,
                  "Plan Width": 0,
                  "Actual Startup Time": 66.532,
                  "Actual Total Time": 104.909,
                  "Actual Rows": 241,
                  "Actual Loops": 5,
                  "Inner Unique": false,
                  "Join Filter": "(t.id = mk.movie_id)",
                  "Rows Removed by Join Filter": 0,
                  "Plans": [
                    {
                      "Node Type": "Nested Loop",
                      "Parent Relationship": "Outer",
                      "Parallel Aware": false,
                      "Join Type": "Inner",
                      "Startup Cost": 0.43,
                      "Total Cost": 48287.48,
                      "Plan Rows": 66,
                      "Plan Width": 8,
                      "Actual Startup Time": 66.185,
                      "Actual Total Time": 103.267,
                      "Actual Rows": 40,
                      "Actual Loops": 5,
                      "Inner Unique": false,
                      "Plans": [
                        {
                          "Node Type": "Seq Scan",
                          "Parent Relationship": "Outer",
                          "Parallel Aware": true,
                          "Relation Name": "title",
                          "Alias": "t",
                          "Startup Cost": 0.0,
                          "Total Cost": 45479.59,
                          "Plan Rows": 362,
                          "Plan Width": 4,
                          "Actual Startup Time": 64.937,
                          "Actual Total Time": 95.63,
                          "Actual Rows": 723,
                          "Actual Loops": 5,
                          "Filter": "((kind_id < 7) AND (production_year = 1919))",
                          "Rows Removed by Filter": 504940
                        },
                        {
                          "Node Type": "Index Scan",
                          "Parent Relationship": "Inner",
                          "Parallel Aware": false,
                          "Scan Direction": "Forward",
                          "Index Name": "movie_id_movie_info_idx",
                          "Relation Name": "movie_info_idx",
                          "Alias": "mi_idx",
                          "Startup Cost": 0.43,
                          "Total Cost": 7.75,
                          "Plan Rows": 1,
                          "Plan Width": 4,
                          "Actual Startup Time": 0.01,
                          "Actual Total Time": 0.01,
                          "Actual Rows": 0,
                          "Actual Loops": 3613,
                          "Index Cond": "(movie_id = t.id)",
                          "Rows Removed by Index Recheck": 0,
                          "Filter": "(info_type_id > 100)",
                          "Rows Removed by Filter": 0
                        }
                      ]
                    },
                    {
                      "Node Type": "Index Only Scan",
                      "Parent Relationship": "Inner",
                      "Parallel Aware": false,
                      "Scan Direction": "Forward",
                      "Index Name": "movie_id_movie_keyword",
                      "Relation Name": "movie_keyword",
                      "Alias": "mk",
                      "Startup Cost": 0.43,
                      "Total Cost": 1.63,
                      "Plan Rows": 46,
                      "Plan Width": 4,
                      "Actual Startup Time": 0.038,
                      "Actual Total Time": 0.039,
                      "Actual Rows": 6,
                      "Actual Loops": 201,
                      "Index Cond": "(movie_id = mi_idx.movie_id)",
                      "Rows Removed by Index Recheck": 0,
                      "Heap Fetches": 1205
                    }
                  ]
                }
              ]
            }
          ]
        }
      ]
    },
    "Planning Time": 1.254,
    "Triggers": [],
    "Execution Time": 128.623
  }
]