[
  {
    "Plan": {
      "Node Type": "Aggregate",
      "Strategy": "Plain",
      "Partial Mode": "Finalize",
      "Parallel Aware": false,
      "Startup Cost": 129271.71,
      "Total Cost": 129271.72,
      "Plan Rows": 1,
      "Plan Width": 8,
      "Actual Startup Time": 288.843,
      "Actual Total Time": 307.456,
      "Actual Rows": 1,
      "Actual Loops": 1,
      "Plans": [
        {
          "Node Type": "Gather",
          "Parent Relationship": "Outer",
          "Parallel Aware": false,
          "Startup Cost": 129271.18,
          "Total Cost": 129271.69,
          "Plan Rows": 5,
          "Plan Width": 8,
          "Actual Startup Time": 288.626,
          "Actual Total Time": 307.435,
          "Actual Rows": 6,
          "Actual Loops": 1,
          "Workers Planned": 5,
          "Workers Launched": 5,
          "Single Copy": false,
          "Plans": [
            {
              "Node Type": "Aggregate",
              "Strategy": "Plain",
              "Partial Mode": "Partial",
              "Parent Relationship": "Outer",
              "Parallel Aware": false,
              "Startup Cost": 128271.18,
              "Total Cost": 128271.19,
              "Plan Rows": 1,
              "Plan Width": 8,
              "Actual Startup Time": 278.241,
              "Actual Total Time": 278.242,
              "Actual Rows": 1,
              "Actual Loops": 6,
              "Plans": [
                {
                  "Node Type": "Index Scan",
                  "Parent Relationship": "Outer",
                  "Parallel Aware": true,
                  "Scan Direction": "Forward",
                  "Index Name": "role_id_cast_info",
                  "Relation Name": "cast_info",
                  "Alias": "ci",
                  "Startup Cost": 0.56,
                  "Total Cost": 126672.01,
                  "Plan Rows": 639672,
                  "Plan Width": 0,
                  "Actual Startup Time": 0.188,
                  "Actual Total Time": 232.122,
                  "Actual Rows": 692222,
                  "Actual Loops": 6,
                  "Index Cond": "(role_id > 9)",
                  "Rows Removed by Index Recheck": 0,
                  "Filter": "(person_id > 1117276)",
                  "Rows Removed by Filter": 80967
                }
              ]
            }
          ]
        }
      ]
    },
    "Planning Time": 0.471,
    "Triggers": [],
    "Execution Time": 307.536
  }
]