[
  {
    "Plan": {
      "Node Type": "Aggregate",
      "Strategy": "Plain",
      "Partial Mode": "Finalize",
      "Parallel Aware": false,
      "Startup Cost": 130368.99,
      "Total Cost": 130369.0,
      "Plan Rows": 1,
      "Plan Width": 8,
      "Actual Startup Time": 204.991,
      "Actual Total Time": 216.761,
      "Actual Rows": 1,
      "Actual Loops": 1,
      "Plans": [
        {
          "Node Type": "Gather",
          "Parent Relationship": "Outer",
          "Parallel Aware": false,
          "Startup Cost": 130368.47,
          "Total Cost": 130368.98,
          "Plan Rows": 5,
          "Plan Width": 8,
          "Actual Startup Time": 204.904,
          "Actual Total Time": 216.754,
          "Actual Rows": 6,
          "Actual Loops": 1,
          "Workers Planned": 5,
          "Workers Launched": 5,
          "Single Copy": false,
          "Plans": [
            {
              "Node Type": "Aggregate",
              "Strategy": "Plain",
              "Partial Mode": "Partial",
              "Parent Relationship": "Outer",
              "Parallel Aware": false,
              "Startup Cost": 129368.47,
              "Total Cost": 129368.48,
              "Plan Rows": 1,
              "Plan Width": 8,
              "Actual Startup Time": 196.46,
              "Actual Total Time": 196.461,
              "Actual Rows": 1,
              "Actual Loops": 6,
              "Plans": [
                {
                  "Node Type": "Index Scan",
                  "Parent Relationship": "Outer",
                  "Parallel Aware": true,
                  "Scan Direction": "Forward",
                  "Index Name": "role_id_cast_info",
                  "Relation Name": "cast_info",
                  "Alias": "ci",
                  "Startup Cost": 0.56,
                  "Total Cost": 127762.24,
                  "Plan Rows": 642494,
                  "Plan Width": 0,
                  "Actual Startup Time": 0.157,
                  "Actual Total Time": 164.781,
                  "Actual Rows": 692222,
                  "Actual Loops": 6,
                  "Index Cond": "(role_id > 9)",
                  "Rows Removed by Index Recheck": 0,
                  "Filter": "(person_id > 1117276)",
                  "Rows Removed by Filter": 80967
                }
              ]
            }
          ]
        }
      ]
    },
    "Planning Time": 0.189,
    "Triggers": [],
    "Execution Time": 216.853
  }
]