{
  "Plan": {
    "Node Type": "Aggregate",
    "Strategy": "Plain",
    "Partial Mode": "Finalize",
    "Parallel Aware": false,
    "Startup Cost": 258969.0,
    "Total Cost": 258969.01,
    "Plan Rows": 1,
    "Plan Width": 8,
    "Actual Startup Time": 333.773,
    "Actual Total Time": 353.714,
    "Actual Rows": 1,
    "Actual Loops": 1,
    "Plans": [
      {
        "Node Type": "Gather",
        "Parent Relationship": "Outer",
        "Parallel Aware": false,
        "Startup Cost": 258968.89,
        "Total Cost": 258969.0,
        "Plan Rows": 1,
        "Plan Width": 8,
        "Actual Startup Time": 333.537,
        "Actual Total Time": 353.707,
        "Actual Rows": 2,
        "Actual Loops": 1,
        "Workers Planned": 1,
        "Workers Launched": 1,
        "Single Copy": false,
        "Plans": [
          {
            "Node Type": "Aggregate",
            "Strategy": "Plain",
            "Partial Mode": "Partial",
            "Parent Relationship": "Outer",
            "Parallel Aware": false,
            "Startup Cost": 257968.89,
            "Total Cost": 257968.9,
            "Plan Rows": 1,
            "Plan Width": 8,
            "Actual Startup Time": 327.321,
            "Actual Total Time": 327.325,
            "Actual Rows": 1,
            "Actual Loops": 2,
            "Plans": [
              {
                "Node Type": "Nested Loop",
                "Parent Relationship": "Outer",
                "Parallel Aware": false,
                "Join Type": "Inner",
                "Startup Cost": 82358.91,
                "Total Cost": 257961.8,
                "Plan Rows": 2836,
                "Plan Width": 0,
                "Actual Startup Time": 181.344,
                "Actual Total Time": 326.631,
                "Actual Rows": 11426,
                "Actual Loops": 2,
                "Inner Unique": false,
                "Join Filter": "(t.id = mc.movie_id)",
                "Rows Removed by Join Filter": 0,
                "Plans": [
                  {
                    "Node Type": "Hash Join",
                    "Parent Relationship": "Outer",
                    "Parallel Aware": true,
                    "Join Type": "Inner",
                    "Startup Cost": 82358.48,
                    "Total Cost": 256132.28,
                    "Plan Rows": 2749,
                    "Plan Width": 8,
                    "Actual Startup Time": 181.27,
                    "Actual Total Time": 294.333,
                    "Actual Rows": 5012,
                    "Actual Loops": 2,
                    "Inner Unique": true,
                    "Hash Cond": "(mi.movie_id = t.id)",
                    "Plans": [
                      {
                        "Node Type": "Bitmap Heap Scan",
                        "Parent Relationship": "Outer",
                        "Parallel Aware": true,
                        "Relation Name": "movie_info",
                        "Alias": "mi",
                        "Startup Cost": 23986.4,
                        "Total Cost": 195715.6,
                        "Plan Rows": 778896,
                        "Plan Width": 4,
                        "Actual Startup Time": 42.224,
                        "Actual Total Time": 97.888,
                        "Actual Rows": 662680,
                        "Actual Loops": 2,
                        "Recheck Cond": "(info_type_id = 8)",
                        "Rows Removed by Index Recheck": 0,
                        "Exact Heap Blocks": 4057,
                        "Lossy Heap Blocks": 0,
                        "Plans": [
                          {
                            "Node Type": "Bitmap Index Scan",
                            "Parent Relationship": "Outer",
                            "Parallel Aware": false,
                            "Index Name": "info_type_id_movie_info",
                            "Startup Cost": 0.0,
                            "Total Cost": 23655.37,
                            "Plan Rows": 1324124,
                            "Plan Width": 0,
                            "Actual Startup Time": 41.022,
                            "Actual Total Time": 41.022,
                            "Actual Rows": 1325361,
                            "Actual Loops": 1,
                            "Index Cond": "(info_type_id = 8)"
                          }
                        ]
                      },
                      {
                        "Node Type": "Hash",
                        "Parent Relationship": "Inner",
                        "Parallel Aware": true,
                        "Startup Cost": 58306.47,
                        "Total Cost": 58306.47,
                        "Plan Rows": 5249,
                        "Plan Width": 4,
                        "Actual Startup Time": 137.867,
                        "Actual Total Time": 137.867,
                        "Actual Rows": 4704,
                        "Actual Loops": 2,
                        "Hash Buckets": 16384,
                        "Original Hash Buckets": 16384,
                        "Hash Batches": 1,
                        "Original Hash Batches": 1,
                        "Peak Memory Usage": 544,
                        "Plans": [
                          {
                            "Node Type": "Seq Scan",
                            "Parent Relationship": "Outer",
                            "Parallel Aware": true,
                            "Relation Name": "title",
                            "Alias": "t",
                            "Startup Cost": 0.0,
                            "Total Cost": 58306.47,
                            "Plan Rows": 5249,
                            "Plan Width": 4,
                            "Actual Startup Time": 0.826,
                            "Actual Total Time": 136.293,
                            "Actual Rows": 4704,
                            "Actual Loops": 2,
                            "Filter": "((kind_id < 7) AND (production_year = 1990))",
                            "Rows Removed by Filter": 1259452
                          }
                        ]
                      }
                    ]
                  },
                  {
                    "Node Type": "Index Only Scan",
                    "Parent Relationship": "Inner",
                    "Parallel Aware": false,
                    "Scan Direction": "Forward",
                    "Index Name": "movie_id_movie_companies",
                    "Relation Name": "movie_companies",
                    "Alias": "mc",
                    "Startup Cost": 0.43,
                    "Total Cost": 0.6,
                    "Plan Rows": 5,
                    "Plan Width": 4,
                    "Actual Startup Time": 0.005,
                    "Actual Total Time": 0.006,
                    "Actual Rows": 2,
                    "Actual Loops": 10023,
                    "Index Cond": "(movie_id = mi.movie_id)",
                    "Rows Removed by Index Recheck": 0,
                    "Heap Fetches": 22851
                  }
                ]
              }
            ]
          }
        ]
      }
    ]
  },
  "Planning Time": 0.984,
  "Triggers": [],
  "Execution Time": 353.815
}