[
  {
    "Plan": {
      "Node Type": "Aggregate",
      "Strategy": "Plain",
      "Partial Mode": "Finalize",
      "Parallel Aware": false,
      "Startup Cost": 26729.23,
      "Total Cost": 26729.24,
      "Plan Rows": 1,
      "Plan Width": 8,
      "Actual Startup Time": 59.165,
      "Actual Total Time": 63.631,
      "Actual Rows": 1,
      "Actual Loops": 1,
      "Plans": [
        {
          "Node Type": "Gather",
          "Parent Relationship": "Outer",
          "Parallel Aware": false,
          "Startup Cost": 26728.81,
          "Total Cost": 26729.22,
          "Plan Rows": 4,
          "Plan Width": 8,
          "Actual Startup Time": 59.013,
          "Actual Total Time": 63.625,
          "Actual Rows": 5,
          "Actual Loops": 1,
          "Workers Planned": 4,
          "Workers Launched": 4,
          "Single Copy": false,
          "Plans": [
            {
              "Node Type": "Aggregate",
              "Strategy": "Plain",
              "Partial Mode": "Partial",
              "Parent Relationship": "Outer",
              "Parallel Aware": false,
              "Startup Cost": 25728.81,
              "Total Cost": 25728.82,
              "Plan Rows": 1,
              "Plan Width": 8,
              "Actual Startup Time": 50.838,
              "Actual Total Time": 50.838,
              "Actual Rows": 1,
              "Actual Loops": 5,
              "Plans": [
                {
                  "Node Type": "Index Scan",
                  "Parent Relationship": "Outer",
                  "Parallel Aware": true,
                  "Scan Direction": "Forward",
                  "Index Name": "role_id_cast_info",
                  "Relation Name": "cast_info",
                  "Alias": "ci",
                  "Startup Cost": 0.56,
                  "Total Cost": 25284.63,
                  "Plan Rows": 177673,
                  "Plan Width": 0,
                  "Actual Startup Time": 0.154,
                  "Actual Total Time": 46.487,
                  "Actual Rows": 66128,
                  "Actual Loops": 5,
                  "Index Cond": "(role_id = 5)",
                  "Rows Removed by Index Recheck": 0,
                  "Filter": "(person_id < 2903680)",
                  "Rows Removed by Filter": 113549
                }
              ]
            }
          ]
        }
      ]
    },
    "Planning Time": 0.195,
    "Triggers": [],
    "Execution Time": 63.693
  }
]