{
  "Plan": {
    "Node Type": "Aggregate",
    "Strategy": "Plain",
    "Partial Mode": "Finalize",
    "Parallel Aware": false,
    "Startup Cost": 82696.94,
    "Total Cost": 82696.95,
    "Plan Rows": 1,
    "Plan Width": 8,
    "Actual Startup Time": 219.417,
    "Actual Total Time": 237.546,
    "Actual Rows": 1,
    "Actual Loops": 1,
    "Plans": [
      {
        "Node Type": "Gather",
        "Parent Relationship": "Outer",
        "Parallel Aware": false,
        "Startup Cost": 82696.82,
        "Total Cost": 82696.93,
        "Plan Rows": 1,
        "Plan Width": 8,
        "Actual Startup Time": 218.904,
        "Actual Total Time": 237.538,
        "Actual Rows": 2,
        "Actual Loops": 1,
        "Workers Planned": 1,
        "Workers Launched": 1,
        "Single Copy": false,
        "Plans": [
          {
            "Node Type": "Aggregate",
            "Strategy": "Plain",
            "Partial Mode": "Partial",
            "Parent Relationship": "Outer",
            "Parallel Aware": false,
            "Startup Cost": 81696.82,
            "Total Cost": 81696.83,
            "Plan Rows": 1,
            "Plan Width": 8,
            "Actual Startup Time": 213.124,
            "Actual Total Time": 213.128,
            "Actual Rows": 1,
            "Actual Loops": 2,
            "Plans": [
              {
                "Node Type": "Hash Join",
                "Parent Relationship": "Outer",
                "Parallel Aware": true,
                "Join Type": "Inner",
                "Startup Cost": 56722.36,
                "Total Cost": 81692.69,
                "Plan Rows": 1652,
                "Plan Width": 0,
                "Actual Startup Time": 180.725,
                "Actual Total Time": 213.033,
                "Actual Rows": 1068,
                "Actual Loops": 2,
                "Inner Unique": true,
                "Hash Cond": "(mk.movie_id = t.id)",
                "Plans": [
                  {
                    "Node Type": "Bitmap Heap Scan",
                    "Parent Relationship": "Outer",
                    "Parallel Aware": true,
                    "Relation Name": "movie_keyword",
                    "Alias": "mk",
                    "Startup Cost": 1234.2,
                    "Total Cost": 26114.92,
                    "Plan Rows": 34138,
                    "Plan Width": 4,
                    "Actual Startup Time": 7.592,
                    "Actual Total Time": 32.858,
                    "Actual Rows": 27413,
                    "Actual Loops": 2,
                    "Recheck Cond": "(keyword_id < 55)",
                    "Rows Removed by Index Recheck": 0,
                    "Exact Heap Blocks": 13412,
                    "Lossy Heap Blocks": 0,
                    "Plans": [
                      {
                        "Node Type": "Bitmap Index Scan",
                        "Parent Relationship": "Outer",
                        "Parallel Aware": false,
                        "Index Name": "keyword_id_movie_keyword",
                        "Startup Cost": 0.0,
                        "Total Cost": 1219.69,
                        "Plan Rows": 58034,
                        "Plan Width": 0,
                        "Actual Startup Time": 5.173,
                        "Actual Total Time": 5.173,
                        "Actual Rows": 54826,
                        "Actual Loops": 1,
                        "Index Cond": "(keyword_id < 55)"
                      }
                    ]
                  },
                  {
                    "Node Type": "Hash",
                    "Parent Relationship": "Inner",
                    "Parallel Aware": true,
                    "Startup Cost": 54588.39,
                    "Total Cost": 54588.39,
                    "Plan Rows": 71982,
                    "Plan Width": 4,
                    "Actual Startup Time": 170.76,
                    "Actual Total Time": 170.76,
                    "Actual Rows": 61430,
                    "Actual Loops": 2,
                    "Hash Buckets": 131072,
                    "Original Hash Buckets": 131072,
                    "Hash Batches": 1,
                    "Original Hash Batches": 1,
                    "Peak Memory Usage": 5888,
                    "Plans": [
                      {
                        "Node Type": "Seq Scan",
                        "Parent Relationship": "Outer",
                        "Parallel Aware": true,
                        "Relation Name": "title",
                        "Alias": "t",
                        "Startup Cost": 0.0,
                        "Total Cost": 54588.39,
                        "Plan Rows": 71982,
                        "Plan Width": 4,
                        "Actual Startup Time": 0.038,
                        "Actual Total Time": 152.454,
                        "Actual Rows": 61430,
                        "Actual Loops": 2,
                        "Filter": "(production_year = 2008)",
                        "Rows Removed by Filter": 1202726
                      }
                    ]
                  }
                ]
              }
            ]
          }
        ]
      }
    ]
  },
  "Planning Time": 0.578,
  "Triggers": [],
  "Execution Time": 237.636
}