{
  "Plan": {
    "Node Type": "Aggregate",
    "Strategy": "Plain",
    "Partial Mode": "Finalize",
    "Parallel Aware": false,
    "Startup Cost": 78136.97,
    "Total Cost": 78136.98,
    "Plan Rows": 1,
    "Plan Width": 8,
    "Actual Startup Time": 210.036,
    "Actual Total Time": 222.779,
    "Actual Rows": 1,
    "Actual Loops": 1,
    "Plans": [
      {
        "Node Type": "Gather",
        "Parent Relationship": "Outer",
        "Parallel Aware": false,
        "Startup Cost": 78136.86,
        "Total Cost": 78136.97,
        "Plan Rows": 1,
        "Plan Width": 8,
        "Actual Startup Time": 209.786,
        "Actual Total Time": 222.771,
        "Actual Rows": 2,
        "Actual Loops": 1,
        "Workers Planned": 1,
        "Workers Launched": 1,
        "Single Copy": false,
        "Plans": [
          {
            "Node Type": "Aggregate",
            "Strategy": "Plain",
            "Partial Mode": "Partial",
            "Parent Relationship": "Outer",
            "Parallel Aware": false,
            "Startup Cost": 77136.86,
            "Total Cost": 77136.87,
            "Plan Rows": 1,
            "Plan Width": 8,
            "Actual Startup Time": 204.199,
            "Actual Total Time": 204.202,
            "Actual Rows": 1,
            "Actual Loops": 2,
            "Plans": [
              {
                "Node Type": "Hash Join",
                "Parent Relationship": "Outer",
                "Parallel Aware": true,
                "Join Type": "Inner",
                "Startup Cost": 58350.94,
                "Total Cost": 77135.26,
                "Plan Rows": 640,
                "Plan Width": 0,
                "Actual Startup Time": 138.314,
                "Actual Total Time": 204.108,
                "Actual Rows": 1152,
                "Actual Loops": 2,
                "Inner Unique": true,
                "Hash Cond": "(mi_idx.movie_id = t.id)",
                "Plans": [
                  {
                    "Node Type": "Seq Scan",
                    "Parent Relationship": "Outer",
                    "Parallel Aware": true,
                    "Relation Name": "movie_info_idx",
                    "Alias": "mi_idx",
                    "Startup Cost": 0.0,
                    "Total Cost": 18082.32,
                    "Plan Rows": 267429,
                    "Plan Width": 4,
                    "Actual Startup Time": 0.023,
                    "Actual Total Time": 48.595,
                    "Actual Rows": 229962,
                    "Actual Loops": 2,
                    "Filter": "(info_type_id < 100)",
                    "Rows Removed by Filter": 460055
                  },
                  {
                    "Node Type": "Hash",
                    "Parent Relationship": "Inner",
                    "Parallel Aware": true,
                    "Startup Cost": 58306.47,
                    "Total Cost": 58306.47,
                    "Plan Rows": 3558,
                    "Plan Width": 4,
                    "Actual Startup Time": 137.061,
                    "Actual Total Time": 137.062,
                    "Actual Rows": 3086,
                    "Actual Loops": 2,
                    "Hash Buckets": 8192,
                    "Original Hash Buckets": 8192,
                    "Hash Batches": 1,
                    "Original Hash Batches": 1,
                    "Peak Memory Usage": 352,
                    "Plans": [
                      {
                        "Node Type": "Seq Scan",
                        "Parent Relationship": "Outer",
                        "Parallel Aware": true,
                        "Relation Name": "title",
                        "Alias": "t",
                        "Startup Cost": 0.0,
                        "Total Cost": 58306.47,
                        "Plan Rows": 3558,
                        "Plan Width": 4,
                        "Actual Startup Time": 0.622,
                        "Actual Total Time": 135.967,
                        "Actual Rows": 3086,
                        "Actual Loops": 2,
                        "Filter": "((kind_id < 7) AND (production_year = 1971))",
                        "Rows Removed by Filter": 1261070
                      }
                    ]
                  }
                ]
              }
            ]
          }
        ]
      }
    ]
  },
  "Planning Time": 0.541,
  "Triggers": [],
  "Execution Time": 222.848
}