[
  {
    "Plan": {
      "Node Type": "Aggregate",
      "Strategy": "Plain",
      "Partial Mode": "Simple",
      "Parallel Aware": false,
      "Startup Cost": 21440.16,
      "Total Cost": 21440.17,
      "Plan Rows": 1,
      "Plan Width": 8,
      "Actual Startup Time": 37.924,
      "Actual Total Time": 37.925,
      "Actual Rows": 1,
      "Actual Loops": 1,
      "Plans": [
        {
          "Node Type": "Bitmap Heap Scan",
          "Parent Relationship": "Outer",
          "Parallel Aware": false,
          "Relation Name": "movie_companies",
          "Alias": "mc",
          "Startup Cost": 1567.7,
          "Total Cost": 21259.75,
          "Plan Rows": 72164,
          "Plan Width": 0,
          "Actual Startup Time": 10.142,
          "Actual Total Time": 31.464,
          "Actual Rows": 71471,
          "Actual Loops": 1,
          "Recheck Cond": "(company_id > 175702)",
          "Rows Removed by Index Recheck": 0,
          "Exact Heap Blocks": 2465,
          "Lossy Heap Blocks": 0,
          "Plans": [
            {
              "Node Type": "Bitmap Index Scan",
              "Parent Relationship": "Outer",
              "Parallel Aware": false,
              "Index Name": "company_id_movie_companies",
              "Startup Cost": 0.0,
              "Total Cost": 1549.66,
              "Plan Rows": 72164,
              "Plan Width": 0,
              "Actual Startup Time": 9.116,
              "Actual Total Time": 9.117,
              "Actual Rows": 71471,
              "Actual Loops": 1,
              "Index Cond": "(company_id > 175702)"
            }
          ]
        }
      ]
    },
    "Planning Time": 0.154,
    "Triggers": [],
    "Execution Time": 37.981
  }
]