[
  {
    "Plan": {
      "Node Type": "Aggregate",
      "Strategy": "Plain",
      "Partial Mode": "Finalize",
      "Parallel Aware": false,
      "Startup Cost": 45865.09,
      "Total Cost": 45865.1,
      "Plan Rows": 1,
      "Plan Width": 8,
      "Actual Startup Time": 167.556,
      "Actual Total Time": 176.688,
      "Actual Rows": 1,
      "Actual Loops": 1,
      "Plans": [
        {
          "Node Type": "Gather",
          "Parent Relationship": "Outer",
          "Parallel Aware": false,
          "Startup Cost": 45864.77,
          "Total Cost": 45865.08,
          "Plan Rows": 3,
          "Plan Width": 8,
          "Actual Startup Time": 167.434,
          "Actual Total Time": 176.68,
          "Actual Rows": 4,
          "Actual Loops": 1,
          "Workers Planned": 3,
          "Workers Launched": 3,
          "Single Copy": false,
          "Plans": [
            {
              "Node Type": "Aggregate",
              "Strategy": "Plain",
              "Partial Mode": "Partial",
              "Parent Relationship": "Outer",
              "Parallel Aware": false,
              "Startup Cost": 44864.77,
              "Total Cost": 44864.78,
              "Plan Rows": 1,
              "Plan Width": 8,
              "Actual Startup Time": 158.841,
              "Actual Total Time": 158.842,
              "Actual Rows": 1,
              "Actual Loops": 4,
              "Plans": [
                {
                  "Node Type": "Seq Scan",
                  "Parent Relationship": "Outer",
                  "Parallel Aware": true,
                  "Relation Name": "movie_keyword",
                  "Alias": "mk",
                  "Startup Cost": 0.0,
                  "Total Cost": 42695.65,
                  "Plan Rows": 867646,
                  "Plan Width": 0,
                  "Actual Startup Time": 0.478,
                  "Actual Total Time": 125.725,
                  "Actual Rows": 670153,
                  "Actual Loops": 4,
                  "Filter": "(keyword_id > 3052)",
                  "Rows Removed by Filter": 460829
                }
              ]
            }
          ]
        }
      ]
    },
    "Planning Time": 0.159,
    "Triggers": [],
    "Execution Time": 176.738
  }
]