[
  {
    "Plan": {
      "Node Type": "Aggregate",
      "Strategy": "Plain",
      "Partial Mode": "Simple",
      "Parallel Aware": false,
      "Startup Cost": 14629.08,
      "Total Cost": 14629.09,
      "Plan Rows": 1,
      "Plan Width": 8,
      "Actual Startup Time": 17.101,
      "Actual Total Time": 17.102,
      "Actual Rows": 1,
      "Actual Loops": 1,
      "Plans": [
        {
          "Node Type": "Bitmap Heap Scan",
          "Parent Relationship": "Outer",
          "Parallel Aware": false,
          "Relation Name": "movie_companies",
          "Alias": "mc",
          "Startup Cost": 166.77,
          "Total Cost": 14619.66,
          "Plan Rows": 3768,
          "Plan Width": 0,
          "Actual Startup Time": 3.682,
          "Actual Total Time": 16.375,
          "Actual Rows": 3978,
          "Actual Loops": 1,
          "Recheck Cond": "(company_id = 302)",
          "Rows Removed by Index Recheck": 0,
          "Filter": "(company_type_id = 1)",
          "Rows Removed by Filter": 2708,
          "Exact Heap Blocks": 3557,
          "Lossy Heap Blocks": 0,
          "Plans": [
            {
              "Node Type": "Bitmap Index Scan",
              "Parent Relationship": "Outer",
              "Parallel Aware": false,
              "Index Name": "company_id_movie_companies",
              "Startup Cost": 0.0,
              "Total Cost": 165.83,
              "Plan Rows": 7653,
              "Plan Width": 0,
              "Actual Startup Time": 2.038,
              "Actual Total Time": 2.038,
              "Actual Rows": 6686,
              "Actual Loops": 1,
              "Index Cond": "(company_id = 302)"
            }
          ]
        }
      ]
    },
    "Planning Time": 0.267,
    "Triggers": [],
    "Execution Time": 17.172
  }
]