[
  {
    "Plan": {
      "Node Type": "Aggregate",
      "Strategy": "Plain",
      "Partial Mode": "Finalize",
      "Parallel Aware": false,
      "Startup Cost": 125987.25,
      "Total Cost": 125987.26,
      "Plan Rows": 1,
      "Plan Width": 8,
      "Actual Startup Time": 912.253,
      "Actual Total Time": 932.097,
      "Actual Rows": 1,
      "Actual Loops": 1,
      "Plans": [
        {
          "Node Type": "Gather",
          "Parent Relationship": "Outer",
          "Parallel Aware": false,
          "Startup Cost": 125986.93,
          "Total Cost": 125987.24,
          "Plan Rows": 3,
          "Plan Width": 8,
          "Actual Startup Time": 901.482,
          "Actual Total Time": 932.087,
          "Actual Rows": 4,
          "Actual Loops": 1,
          "Workers Planned": 3,
          "Workers Launched": 3,
          "Single Copy": false,
          "Plans": [
            {
              "Node Type": "Aggregate",
              "Strategy": "Plain",
              "Partial Mode": "Partial",
              "Parent Relationship": "Outer",
              "Parallel Aware": false,
              "Startup Cost": 124986.93,
              "Total Cost": 124986.94,
              "Plan Rows": 1,
              "Plan Width": 8,
              "Actual Startup Time": 892.503,
              "Actual Total Time": 892.622,
              "Actual Rows": 1,
              "Actual Loops": 4,
              "Plans": [
                {
                  "Node Type": "Hash Join",
                  "Parent Relationship": "Outer",
                  "Parallel Aware": true,
                  "Join Type": "Inner",
                  "Startup Cost": 93729.4,
                  "Total Cost": 124596.25,
                  "Plan Rows": 156272,
                  "Plan Width": 0,
                  "Actual Startup Time": 441.367,
                  "Actual Total Time": 782.578,
                  "Actual Rows": 2817947,
                  "Actual Loops": 4,
                  "Inner Unique": false,
                  "Hash Cond": "(mc.movie_id = t.id)",
                  "Plans": [
                    {
                      "Node Type": "Seq Scan",
                      "Parent Relationship": "Outer",
                      "Parallel Aware": true,
                      "Relation Name": "movie_companies",
                      "Alias": "mc",
                      "Startup Cost": 0.0,
                      "Total Cost": 27206.55,
                      "Plan Rows": 841655,
                      "Plan Width": 4,
                      "Actual Startup Time": 0.019,
                      "Actual Total Time": 54.933,
                      "Actual Rows": 652282,
                      "Actual Loops": 4
                    },
                    {
                      "Node Type": "Hash",
                      "Parent Relationship": "Inner",
                      "Parallel Aware": true,
                      "Startup Cost": 91836.53,
                      "Total Cost": 91836.53,
                      "Plan Rows": 151430,
                      "Plan Width": 8,
                      "Actual Startup Time": 436.65,
                      "Actual Total Time": 436.768,
                      "Actual Rows": 264087,
                      "Actual Loops": 4,
                      "Hash Buckets": 2097152,
                      "Original Hash Buckets": 524288,
                      "Hash Batches": 1,
                      "Original Hash Batches": 1,
                      "Peak Memory Usage": 70048,
                      "Plans": [
                        {
                          "Node Type": "Hash Join",
                          "Parent Relationship": "Outer",
                          "Parallel Aware": true,
                          "Join Type": "Inner",
                          "Startup Cost": 47769.87,
                          "Total Cost": 91836.53,
                          "Plan Rows": 151430,
                          "Plan Width": 8,
                          "Actual Startup Time": 176.183,
                          "Actual Total Time": 346.017,
                          "Actual Rows": 264087,
                          "Actual Loops": 4,
                          "Inner Unique": true,
                          "Hash Cond": "(mk.movie_id = t.id)",
                          "Plans": [
                            {
                              "Node Type": "Seq Scan",
                              "Parent Relationship": "Outer",
                              "Parallel Aware": true,
                              "Relation Name": "movie_keyword",
                              "Alias": "mk",
                              "Startup Cost": 0.0,
                              "Total Cost": 42695.65,
                              "Plan Rows": 522286,
                              "Plan Width": 4,
                              "Actual Startup Time": 0.598,
                              "Actual Total Time": 100.499,
                              "Actual Rows": 406153,
                              "Actual Loops": 4,
                              "Filter": "(keyword_id > 9224)",
                              "Rows Removed by Filter": 724830
                            },
                            {
                              "Node Type": "Hash",
                              "Parent Relationship": "Inner",
                              "Parallel Aware": true,
                              "Startup Cost": 45479.1,
                              "Total Cost": 45479.1,
                              "Plan Rows": 183262,
                              "Plan Width": 4,
                              "Actual Startup Time": 172.236,
                              "Actual Total Time": 172.237,
                              "Actual Rows": 186742,
                              "Actual Loops": 4,
                              "Hash Buckets": 1048576,
                              "Original Hash Buckets": 1048576,
                              "Hash Batches": 1,
                              "Original Hash Batches": 1,
                              "Peak Memory Usage": 37472,
                              "Plans": [
                                {
                                  "Node Type": "Seq Scan",
                                  "Parent Relationship": "Outer",
                                  "Parallel Aware": true,
                                  "Relation Name": "title",
                                  "Alias": "t",
                                  "Startup Cost": 0.0,
                                  "Total Cost": 45479.1,
                                  "Plan Rows": 183262,
                                  "Plan Width": 4,
                                  "Actual Startup Time": 0.042,
                                  "Actual Total Time": 103.165,
                                  "Actual Rows": 186742,
                                  "Actual Loops": 4,
                                  "Filter": "((kind_id < 3) AND (production_year > 0))",
                                  "Rows Removed by Filter": 445336
                                }
                              ]
                            }
                          ]
                        }
                      ]
                    }
                  ]
                }
              ]
            }
          ]
        }
      ]
    },
    "Planning Time": 1.383,
    "Triggers": [],
    "Execution Time": 932.182
  }
]