[
  {
    "Plan": {
      "Node Type": "Aggregate",
      "Strategy": "Plain",
      "Partial Mode": "Finalize",
      "Parallel Aware": false,
      "Startup Cost": 101591.81,
      "Total Cost": 101591.82,
      "Plan Rows": 1,
      "Plan Width": 8,
      "Actual Startup Time": 372.226,
      "Actual Total Time": 410.49,
      "Actual Rows": 1,
      "Actual Loops": 1,
      "Plans": [
        {
          "Node Type": "Gather",
          "Parent Relationship": "Outer",
          "Parallel Aware": false,
          "Startup Cost": 101591.59,
          "Total Cost": 101591.8,
          "Plan Rows": 2,
          "Plan Width": 8,
          "Actual Startup Time": 371.941,
          "Actual Total Time": 410.48,
          "Actual Rows": 3,
          "Actual Loops": 1,
          "Workers Planned": 2,
          "Workers Launched": 2,
          "Single Copy": false,
          "Plans": [
            {
              "Node Type": "Aggregate",
              "Strategy": "Plain",
              "Partial Mode": "Partial",
              "Parent Relationship": "Outer",
              "Parallel Aware": false,
              "Startup Cost": 100591.59,
              "Total Cost": 100591.6,
              "Plan Rows": 1,
              "Plan Width": 8,
              "Actual Startup Time": 367.573,
              "Actual Total Time": 367.577,
              "Actual Rows": 1,
              "Actual Loops": 3,
              "Plans": [
                {
                  "Node Type": "Nested Loop",
                  "Parent Relationship": "Outer",
                  "Parallel Aware": false,
                  "Join Type": "Inner",
                  "Startup Cost": 44396.48,
                  "Total Cost": 100519.79,
                  "Plan Rows": 28722,
                  "Plan Width": 0,
                  "Actual Startup Time": 137.749,
                  "Actual Total Time": 364.917,
                  "Actual Rows": 28892,
                  "Actual Loops": 3,
                  "Inner Unique": false,
                  "Join Filter": "(t.id = mi.movie_id)",
                  "Rows Removed by Join Filter": 0,
                  "Plans": [
                    {
                      "Node Type": "Hash Join",
                      "Parent Relationship": "Outer",
                      "Parallel Aware": true,
                      "Join Type": "Inner",
                      "Startup Cost": 44396.05,
                      "Total Cost": 60026.4,
                      "Plan Rows": 12158,
                      "Plan Width": 8,
                      "Actual Startup Time": 137.652,
                      "Actual Total Time": 226.279,
                      "Actual Rows": 6896,
                      "Actual Loops": 3,
                      "Inner Unique": true,
                      "Hash Cond": "(mi_idx.movie_id = t.id)",
                      "Plans": [
                        {
                          "Node Type": "Seq Scan",
                          "Parent Relationship": "Outer",
                          "Parallel Aware": true,
                          "Relation Name": "movie_info_idx",
                          "Alias": "mi_idx",
                          "Startup Cost": 0.0,
                          "Total Cost": 15122.68,
                          "Plan Rows": 193397,
                          "Plan Width": 4,
                          "Actual Startup Time": 0.012,
                          "Actual Total Time": 49.951,
                          "Actual Rows": 153395,
                          "Actual Loops": 3,
                          "Filter": "(info_type_id > 100)",
                          "Rows Removed by Filter": 306617
                        },
                        {
                          "Node Type": "Hash",
                          "Parent Relationship": "Inner",
                          "Parallel Aware": true,
                          "Startup Cost": 43899.32,
                          "Total Cost": 43899.32,
                          "Plan Rows": 39738,
                          "Plan Width": 4,
                          "Actual Startup Time": 135.683,
                          "Actual Total Time": 135.684,
                          "Actual Rows": 53339,
                          "Actual Loops": 3,
                          "Hash Buckets": 262144,
                          "Original Hash Buckets": 262144,
                          "Hash Batches": 1,
                          "Original Hash Batches": 1,
                          "Peak Memory Usage": 8384,
                          "Plans": [
                            {
                              "Node Type": "Seq Scan",
                              "Parent Relationship": "Outer",
                              "Parallel Aware": true,
                              "Relation Name": "title",
                              "Alias": "t",
                              "Startup Cost": 0.0,
                              "Total Cost": 43899.32,
                              "Plan Rows": 39738,
                              "Plan Width": 4,
                              "Actual Startup Time": 0.022,
                              "Actual Total Time": 115.48,
                              "Actual Rows": 53339,
                              "Actual Loops": 3,
                              "Filter": "(production_year = 2011)",
                              "Rows Removed by Filter": 789432
                            }
                          ]
                        }
                      ]
                    },
                    {
                      "Node Type": "Index Scan",
                      "Parent Relationship": "Inner",
                      "Parallel Aware": false,
                      "Scan Direction": "Forward",
                      "Index Name": "movie_id_movie_info",
                      "Relation Name": "movie_info",
                      "Alias": "mi",
                      "Startup Cost": 0.43,
                      "Total Cost": 3.12,
                      "Plan Rows": 17,
                      "Plan Width": 4,
                      "Actual Startup Time": 0.007,
                      "Actual Total Time": 0.019,
                      "Actual Rows": 4,
                      "Actual Loops": 20689,
                      "Index Cond": "(movie_id = mi_idx.movie_id)",
                      "Rows Removed by Index Recheck": 0,
                      "Filter": "(info_type_id < 7)",
                      "Rows Removed by Filter": 8
                    }
                  ]
                }
              ]
            }
          ]
        }
      ]
    },
    "Planning Time": 0.954,
    "Triggers": [],
    "Execution Time": 410.566
  }
]