[
  {
    "Plan": {
      "Node Type": "Aggregate",
      "Strategy": "Plain",
      "Partial Mode": "Finalize",
      "Parallel Aware": false,
      "Startup Cost": 76673.54,
      "Total Cost": 76673.55,
      "Plan Rows": 1,
      "Plan Width": 8,
      "Actual Startup Time": 191.635,
      "Actual Total Time": 208.899,
      "Actual Rows": 1,
      "Actual Loops": 1,
      "Plans": [
        {
          "Node Type": "Gather",
          "Parent Relationship": "Outer",
          "Parallel Aware": false,
          "Startup Cost": 76673.22,
          "Total Cost": 76673.53,
          "Plan Rows": 3,
          "Plan Width": 8,
          "Actual Startup Time": 190.853,
          "Actual Total Time": 208.891,
          "Actual Rows": 4,
          "Actual Loops": 1,
          "Workers Planned": 3,
          "Workers Launched": 3,
          "Single Copy": false,
          "Plans": [
            {
              "Node Type": "Aggregate",
              "Strategy": "Plain",
              "Partial Mode": "Partial",
              "Parent Relationship": "Outer",
              "Parallel Aware": false,
              "Startup Cost": 75673.22,
              "Total Cost": 75673.23,
              "Plan Rows": 1,
              "Plan Width": 8,
              "Actual Startup Time": 187.047,
              "Actual Total Time": 187.05,
              "Actual Rows": 1,
              "Actual Loops": 4,
              "Plans": [
                {
                  "Node Type": "Hash Join",
                  "Parent Relationship": "Outer",
                  "Parallel Aware": true,
                  "Join Type": "Inner",
                  "Startup Cost": 45981.82,
                  "Total Cost": 75651.49,
                  "Plan Rows": 8693,
                  "Plan Width": 0,
                  "Actual Startup Time": 144.966,
                  "Actual Total Time": 186.943,
                  "Actual Rows": 1565,
                  "Actual Loops": 4,
                  "Inner Unique": true,
                  "Hash Cond": "(mc.movie_id = t.id)",
                  "Plans": [
                    {
                      "Node Type": "Seq Scan",
                      "Parent Relationship": "Outer",
                      "Parallel Aware": true,
                      "Relation Name": "movie_companies",
                      "Alias": "mc",
                      "Startup Cost": 0.0,
                      "Total Cost": 29310.68,
                      "Plan Rows": 136755,
                      "Plan Width": 4,
                      "Actual Startup Time": 36.653,
                      "Actual Total Time": 65.58,
                      "Actual Rows": 105087,
                      "Actual Loops": 4,
                      "Filter": "(company_id > 80010)",
                      "Rows Removed by Filter": 547196
                    },
                    {
                      "Node Type": "Hash",
                      "Parent Relationship": "Inner",
                      "Parallel Aware": true,
                      "Startup Cost": 45479.59,
                      "Total Cost": 45479.59,
                      "Plan Rows": 40179,
                      "Plan Width": 4,
                      "Actual Startup Time": 106.356,
                      "Actual Total Time": 106.357,
                      "Actual Rows": 11168,
                      "Actual Loops": 4,
                      "Hash Buckets": 262144,
                      "Original Hash Buckets": 262144,
                      "Hash Batches": 1,
                      "Original Hash Batches": 1,
                      "Peak Memory Usage": 3840,
                      "Plans": [
                        {
                          "Node Type": "Seq Scan",
                          "Parent Relationship": "Outer",
                          "Parallel Aware": true,
                          "Relation Name": "title",
                          "Alias": "t",
                          "Startup Cost": 0.0,
                          "Total Cost": 45479.59,
                          "Plan Rows": 40179,
                          "Plan Width": 4,
                          "Actual Startup Time": 0.065,
                          "Actual Total Time": 100.653,
                          "Actual Rows": 11168,
                          "Actual Loops": 4,
                          "Filter": "((kind_id > 1) AND (production_year < 1959))",
                          "Rows Removed by Filter": 620910
                        }
                      ]
                    }
                  ]
                }
              ]
            }
          ]
        }
      ]
    },
    "Planning Time": 0.415,
    "Triggers": [],
    "Execution Time": 208.95
  }
]