[
  {
    "Plan": {
      "Node Type": "Aggregate",
      "Strategy": "Plain",
      "Partial Mode": "Finalize",
      "Parallel Aware": false,
      "Startup Cost": 76671.47,
      "Total Cost": 76671.48,
      "Plan Rows": 1,
      "Plan Width": 8,
      "Actual Startup Time": 174.593,
      "Actual Total Time": 189.618,
      "Actual Rows": 1,
      "Actual Loops": 1,
      "Plans": [
        {
          "Node Type": "Gather",
          "Parent Relationship": "Outer",
          "Parallel Aware": false,
          "Startup Cost": 76671.15,
          "Total Cost": 76671.46,
          "Plan Rows": 3,
          "Plan Width": 8,
          "Actual Startup Time": 174.24,
          "Actual Total Time": 189.611,
          "Actual Rows": 4,
          "Actual Loops": 1,
          "Workers Planned": 3,
          "Workers Launched": 3,
          "Single Copy": false,
          "Plans": [
            {
              "Node Type": "Aggregate",
              "Strategy": "Plain",
              "Partial Mode": "Partial",
              "Parent Relationship": "Outer",
              "Parallel Aware": false,
              "Startup Cost": 75671.15,
              "Total Cost": 75671.16,
              "Plan Rows": 1,
              "Plan Width": 8,
              "Actual Startup Time": 165.518,
              "Actual Total Time": 165.521,
              "Actual Rows": 1,
              "Actual Loops": 4,
              "Plans": [
                {
                  "Node Type": "Hash Join",
                  "Parent Relationship": "Outer",
                  "Parallel Aware": true,
                  "Join Type": "Inner",
                  "Startup Cost": 45987.39,
                  "Total Cost": 75649.61,
                  "Plan Rows": 8615,
                  "Plan Width": 0,
                  "Actual Startup Time": 129.268,
                  "Actual Total Time": 165.444,
                  "Actual Rows": 1565,
                  "Actual Loops": 4,
                  "Inner Unique": true,
                  "Hash Cond": "(mc.movie_id = t.id)",
                  "Plans": [
                    {
                      "Node Type": "Seq Scan",
                      "Parent Relationship": "Outer",
                      "Parallel Aware": true,
                      "Relation Name": "movie_companies",
                      "Alias": "mc",
                      "Startup Cost": 0.0,
                      "Total Cost": 29310.68,
                      "Plan Rows": 133922,
                      "Plan Width": 4,
                      "Actual Startup Time": 29.15,
                      "Actual Total Time": 54.139,
                      "Actual Rows": 105087,
                      "Actual Loops": 4,
                      "Filter": "(company_id > 80010)",
                      "Rows Removed by Filter": 547196
                    },
                    {
                      "Node Type": "Hash",
                      "Parent Relationship": "Inner",
                      "Parallel Aware": true,
                      "Startup Cost": 45479.1,
                      "Total Cost": 45479.1,
                      "Plan Rows": 40663,
                      "Plan Width": 4,
                      "Actual Startup Time": 97.261,
                      "Actual Total Time": 97.261,
                      "Actual Rows": 11168,
                      "Actual Loops": 4,
                      "Hash Buckets": 262144,
                      "Original Hash Buckets": 262144,
                      "Hash Batches": 1,
                      "Original Hash Batches": 1,
                      "Peak Memory Usage": 3872,
                      "Plans": [
                        {
                          "Node Type": "Seq Scan",
                          "Parent Relationship": "Outer",
                          "Parallel Aware": true,
                          "Relation Name": "title",
                          "Alias": "t",
                          "Startup Cost": 0.0,
                          "Total Cost": 45479.1,
                          "Plan Rows": 40663,
                          "Plan Width": 4,
                          "Actual Startup Time": 0.046,
                          "Actual Total Time": 91.87,
                          "Actual Rows": 11168,
                          "Actual Loops": 4,
                          "Filter": "((kind_id > 1) AND (production_year < 1959))",
                          "Rows Removed by Filter": 620910
                        }
                      ]
                    }
                  ]
                }
              ]
            }
          ]
        }
      ]
    },
    "Planning Time": 0.655,
    "Triggers": [],
    "Execution Time": 189.687
  }
]