{
  "Plan": {
    "Node Type": "Aggregate",
    "Strategy": "Plain",
    "Partial Mode": "Finalize",
    "Parallel Aware": false,
    "Startup Cost": 77533.76,
    "Total Cost": 77533.77,
    "Plan Rows": 1,
    "Plan Width": 8,
    "Actual Startup Time": 271.675,
    "Actual Total Time": 286.882,
    "Actual Rows": 1,
    "Actual Loops": 1,
    "Plans": [
      {
        "Node Type": "Gather",
        "Parent Relationship": "Outer",
        "Parallel Aware": false,
        "Startup Cost": 77533.65,
        "Total Cost": 77533.76,
        "Plan Rows": 1,
        "Plan Width": 8,
        "Actual Startup Time": 271.509,
        "Actual Total Time": 286.875,
        "Actual Rows": 2,
        "Actual Loops": 1,
        "Workers Planned": 1,
        "Workers Launched": 1,
        "Single Copy": false,
        "Plans": [
          {
            "Node Type": "Aggregate",
            "Strategy": "Plain",
            "Partial Mode": "Partial",
            "Parent Relationship": "Outer",
            "Parallel Aware": false,
            "Startup Cost": 76533.65,
            "Total Cost": 76533.66,
            "Plan Rows": 1,
            "Plan Width": 8,
            "Actual Startup Time": 265.816,
            "Actual Total Time": 265.819,
            "Actual Rows": 1,
            "Actual Loops": 2,
            "Plans": [
              {
                "Node Type": "Hash Join",
                "Parent Relationship": "Outer",
                "Parallel Aware": true,
                "Join Type": "Inner",
                "Startup Cost": 58345.59,
                "Total Cost": 76529.38,
                "Plan Rows": 1708,
                "Plan Width": 0,
                "Actual Startup Time": 152.608,
                "Actual Total Time": 265.578,
                "Actual Rows": 3714,
                "Actual Loops": 2,
                "Inner Unique": true,
                "Hash Cond": "(mi_idx.movie_id = t.id)",
                "Plans": [
                  {
                    "Node Type": "Seq Scan",
                    "Parent Relationship": "Outer",
                    "Parallel Aware": true,
                    "Relation Name": "movie_info_idx",
                    "Alias": "mi_idx",
                    "Startup Cost": 0.0,
                    "Total Cost": 16052.85,
                    "Plan Rows": 811785,
                    "Plan Width": 4,
                    "Actual Startup Time": 0.021,
                    "Actual Total Time": 55.597,
                    "Actual Rows": 690018,
                    "Actual Loops": 2
                  },
                  {
                    "Node Type": "Hash",
                    "Parent Relationship": "Inner",
                    "Parallel Aware": true,
                    "Startup Cost": 58306.47,
                    "Total Cost": 58306.47,
                    "Plan Rows": 3130,
                    "Plan Width": 4,
                    "Actual Startup Time": 151.108,
                    "Actual Total Time": 151.109,
                    "Actual Rows": 3165,
                    "Actual Loops": 2,
                    "Hash Buckets": 8192,
                    "Original Hash Buckets": 8192,
                    "Hash Batches": 1,
                    "Original Hash Batches": 1,
                    "Peak Memory Usage": 352,
                    "Plans": [
                      {
                        "Node Type": "Seq Scan",
                        "Parent Relationship": "Outer",
                        "Parallel Aware": true,
                        "Relation Name": "title",
                        "Alias": "t",
                        "Startup Cost": 0.0,
                        "Total Cost": 58306.47,
                        "Plan Rows": 3130,
                        "Plan Width": 4,
                        "Actual Startup Time": 0.547,
                        "Actual Total Time": 149.797,
                        "Actual Rows": 3165,
                        "Actual Loops": 2,
                        "Filter": "((kind_id < 7) AND (production_year = 1978))",
                        "Rows Removed by Filter": 1260991
                      }
                    ]
                  }
                ]
              }
            ]
          }
        ]
      }
    ]
  },
  "Planning Time": 0.43,
  "Triggers": [],
  "Execution Time": 286.978
}