[
  {
    "Plan": {
      "Node Type": "Aggregate",
      "Strategy": "Plain",
      "Partial Mode": "Finalize",
      "Parallel Aware": false,
      "Startup Cost": 55250.73,
      "Total Cost": 55250.74,
      "Plan Rows": 1,
      "Plan Width": 8,
      "Actual Startup Time": 91.183,
      "Actual Total Time": 105.228,
      "Actual Rows": 1,
      "Actual Loops": 1,
      "Plans": [
        {
          "Node Type": "Gather",
          "Parent Relationship": "Outer",
          "Parallel Aware": false,
          "Startup Cost": 55250.31,
          "Total Cost": 55250.72,
          "Plan Rows": 4,
          "Plan Width": 8,
          "Actual Startup Time": 90.882,
          "Actual Total Time": 105.221,
          "Actual Rows": 5,
          "Actual Loops": 1,
          "Workers Planned": 4,
          "Workers Launched": 4,
          "Single Copy": false,
          "Plans": [
            {
              "Node Type": "Aggregate",
              "Strategy": "Plain",
              "Partial Mode": "Partial",
              "Parent Relationship": "Outer",
              "Parallel Aware": false,
              "Startup Cost": 54250.31,
              "Total Cost": 54250.32,
              "Plan Rows": 1,
              "Plan Width": 8,
              "Actual Startup Time": 85.71,
              "Actual Total Time": 85.711,
              "Actual Rows": 1,
              "Actual Loops": 5,
              "Plans": [
                {
                  "Node Type": "Nested Loop",
                  "Parent Relationship": "Outer",
                  "Parallel Aware": false,
                  "Join Type": "Inner",
                  "Startup Cost": 0.43,
                  "Total Cost": 54248.19,
                  "Plan Rows": 850,
                  "Plan Width": 0,
                  "Actual Startup Time": 49.098,
                  "Actual Total Time": 85.552,
                  "Actual Rows": 2639,
                  "Actual Loops": 5,
                  "Inner Unique": false,
                  "Plans": [
                    {
                      "Node Type": "Seq Scan",
                      "Parent Relationship": "Outer",
                      "Parallel Aware": true,
                      "Relation Name": "title",
                      "Alias": "t",
                      "Startup Cost": 0.0,
                      "Total Cost": 45479.59,
                      "Plan Rows": 979,
                      "Plan Width": 4,
                      "Actual Startup Time": 46.589,
                      "Actual Total Time": 74.932,
                      "Actual Rows": 891,
                      "Actual Loops": 5,
                      "Filter": "((kind_id = 1) AND (production_year = 1983))",
                      "Rows Removed by Filter": 504771
                    },
                    {
                      "Node Type": "Index Scan",
                      "Parent Relationship": "Inner",
                      "Parallel Aware": false,
                      "Scan Direction": "Forward",
                      "Index Name": "movie_id_movie_keyword",
                      "Relation Name": "movie_keyword",
                      "Alias": "mk",
                      "Startup Cost": 0.43,
                      "Total Cost": 8.74,
                      "Plan Rows": 22,
                      "Plan Width": 4,
                      "Actual Startup Time": 0.01,
                      "Actual Total Time": 0.011,
                      "Actual Rows": 3,
                      "Actual Loops": 4455,
                      "Index Cond": "(movie_id = t.id)",
                      "Rows Removed by Index Recheck": 0,
                      "Filter": "(keyword_id < 4456)",
                      "Rows Removed by Filter": 3
                    }
                  ]
                }
              ]
            }
          ]
        }
      ]
    },
    "Planning Time": 0.237,
    "Triggers": [],
    "Execution Time": 105.26
  }
]