[
  {
    "Plan": {
      "Node Type": "Aggregate",
      "Strategy": "Plain",
      "Partial Mode": "Finalize",
      "Parallel Aware": false,
      "Startup Cost": 57089.61,
      "Total Cost": 57089.62,
      "Plan Rows": 1,
      "Plan Width": 8,
      "Actual Startup Time": 105.589,
      "Actual Total Time": 119.761,
      "Actual Rows": 1,
      "Actual Loops": 1,
      "Plans": [
        {
          "Node Type": "Gather",
          "Parent Relationship": "Outer",
          "Parallel Aware": false,
          "Startup Cost": 57089.19,
          "Total Cost": 57089.6,
          "Plan Rows": 4,
          "Plan Width": 8,
          "Actual Startup Time": 105.479,
          "Actual Total Time": 119.754,
          "Actual Rows": 5,
          "Actual Loops": 1,
          "Workers Planned": 4,
          "Workers Launched": 4,
          "Single Copy": false,
          "Plans": [
            {
              "Node Type": "Aggregate",
              "Strategy": "Plain",
              "Partial Mode": "Partial",
              "Parent Relationship": "Outer",
              "Parallel Aware": false,
              "Startup Cost": 56089.19,
              "Total Cost": 56089.2,
              "Plan Rows": 1,
              "Plan Width": 8,
              "Actual Startup Time": 95.412,
              "Actual Total Time": 95.413,
              "Actual Rows": 1,
              "Actual Loops": 5,
              "Plans": [
                {
                  "Node Type": "Nested Loop",
                  "Parent Relationship": "Outer",
                  "Parallel Aware": false,
                  "Join Type": "Inner",
                  "Startup Cost": 0.43,
                  "Total Cost": 56086.56,
                  "Plan Rows": 1052,
                  "Plan Width": 0,
                  "Actual Startup Time": 60.041,
                  "Actual Total Time": 95.271,
                  "Actual Rows": 2639,
                  "Actual Loops": 5,
                  "Inner Unique": false,
                  "Plans": [
                    {
                      "Node Type": "Seq Scan",
                      "Parent Relationship": "Outer",
                      "Parallel Aware": true,
                      "Relation Name": "title",
                      "Alias": "t",
                      "Startup Cost": 0.0,
                      "Total Cost": 45479.1,
                      "Plan Rows": 1205,
                      "Plan Width": 4,
                      "Actual Startup Time": 57.817,
                      "Actual Total Time": 83.802,
                      "Actual Rows": 891,
                      "Actual Loops": 5,
                      "Filter": "((kind_id = 1) AND (production_year = 1983))",
                      "Rows Removed by Filter": 504771
                    },
                    {
                      "Node Type": "Index Scan",
                      "Parent Relationship": "Inner",
                      "Parallel Aware": false,
                      "Scan Direction": "Forward",
                      "Index Name": "movie_id_movie_keyword",
                      "Relation Name": "movie_keyword",
                      "Alias": "mk",
                      "Startup Cost": 0.43,
                      "Total Cost": 8.58,
                      "Plan Rows": 22,
                      "Plan Width": 4,
                      "Actual Startup Time": 0.011,
                      "Actual Total Time": 0.012,
                      "Actual Rows": 3,
                      "Actual Loops": 4455,
                      "Index Cond": "(movie_id = t.id)",
                      "Rows Removed by Index Recheck": 0,
                      "Filter": "(keyword_id < 4456)",
                      "Rows Removed by Filter": 3
                    }
                  ]
                }
              ]
            }
          ]
        }
      ]
    },
    "Planning Time": 0.584,
    "Triggers": [],
    "Execution Time": 119.83
  }
]