[
  {
    "Plan": {
      "Node Type": "Aggregate",
      "Strategy": "Plain",
      "Partial Mode": "Finalize",
      "Parallel Aware": false,
      "Startup Cost": 222733.29,
      "Total Cost": 222733.3,
      "Plan Rows": 1,
      "Plan Width": 8,
      "Actual Startup Time": 200.969,
      "Actual Total Time": 213.173,
      "Actual Rows": 1,
      "Actual Loops": 1,
      "Plans": [
        {
          "Node Type": "Gather",
          "Parent Relationship": "Outer",
          "Parallel Aware": false,
          "Startup Cost": 222732.77,
          "Total Cost": 222733.28,
          "Plan Rows": 5,
          "Plan Width": 8,
          "Actual Startup Time": 192.954,
          "Actual Total Time": 213.159,
          "Actual Rows": 6,
          "Actual Loops": 1,
          "Workers Planned": 5,
          "Workers Launched": 5,
          "Single Copy": false,
          "Plans": [
            {
              "Node Type": "Aggregate",
              "Strategy": "Plain",
              "Partial Mode": "Partial",
              "Parent Relationship": "Outer",
              "Parallel Aware": false,
              "Startup Cost": 221732.77,
              "Total Cost": 221732.78,
              "Plan Rows": 1,
              "Plan Width": 8,
              "Actual Startup Time": 182.203,
              "Actual Total Time": 182.206,
              "Actual Rows": 1,
              "Actual Loops": 6,
              "Plans": [
                {
                  "Node Type": "Hash Join",
                  "Parent Relationship": "Outer",
                  "Parallel Aware": true,
                  "Join Type": "Inner",
                  "Startup Cost": 50604.49,
                  "Total Cost": 221693.73,
                  "Plan Rows": 15614,
                  "Plan Width": 0,
                  "Actual Startup Time": 159.674,
                  "Actual Total Time": 181.036,
                  "Actual Rows": 23715,
                  "Actual Loops": 6,
                  "Inner Unique": true,
                  "Hash Cond": "(mi.movie_id = t.id)",
                  "Plans": [
                    {
                      "Node Type": "Bitmap Heap Scan",
                      "Parent Relationship": "Outer",
                      "Parallel Aware": true,
                      "Relation Name": "movie_info",
                      "Alias": "mi",
                      "Startup Cost": 3607.36,
                      "Total Cost": 174592.08,
                      "Plan Rows": 39817,
                      "Plan Width": 4,
                      "Actual Startup Time": 11.001,
                      "Actual Total Time": 22.686,
                      "Actual Rows": 30019,
                      "Actual Loops": 6,
                      "Recheck Cond": "(info_type_id = 13)",
                      "Rows Removed by Index Recheck": 0,
                      "Exact Heap Blocks": 1203,
                      "Lossy Heap Blocks": 0,
                      "Plans": [
                        {
                          "Node Type": "Bitmap Index Scan",
                          "Parent Relationship": "Outer",
                          "Parallel Aware": false,
                          "Index Name": "info_type_id_movie_info",
                          "Startup Cost": 0.0,
                          "Total Cost": 3557.59,
                          "Plan Rows": 199087,
                          "Plan Width": 0,
                          "Actual Startup Time": 10.149,
                          "Actual Total Time": 10.15,
                          "Actual Rows": 180112,
                          "Actual Loops": 1,
                          "Index Cond": "(info_type_id = 13)"
                        }
                      ]
                    },
                    {
                      "Node Type": "Hash",
                      "Parent Relationship": "Inner",
                      "Parallel Aware": true,
                      "Startup Cost": 43898.92,
                      "Total Cost": 43898.92,
                      "Plan Rows": 247857,
                      "Plan Width": 4,
                      "Actual Startup Time": 145.394,
                      "Actual Total Time": 145.395,
                      "Actual Rows": 164175,
                      "Actual Loops": 6,
                      "Hash Buckets": 1048576,
                      "Original Hash Buckets": 1048576,
                      "Hash Batches": 1,
                      "Original Hash Batches": 1,
                      "Peak Memory Usage": 46816,
                      "Plans": [
                        {
                          "Node Type": "Seq Scan",
                          "Parent Relationship": "Outer",
                          "Parallel Aware": true,
                          "Relation Name": "title",
                          "Alias": "t",
                          "Startup Cost": 0.0,
                          "Total Cost": 43898.92,
                          "Plan Rows": 247857,
                          "Plan Width": 4,
                          "Actual Startup Time": 0.048,
                          "Actual Total Time": 81.406,
                          "Actual Rows": 164175,
                          "Actual Loops": 6,
                          "Filter": "(kind_id < 7)",
                          "Rows Removed by Filter": 257211
                        }
                      ]
                    }
                  ]
                }
              ]
            }
          ]
        }
      ]
    },
    "Planning Time": 0.523,
    "Triggers": [],
    "Execution Time": 213.281
  }
]