[
  {
    "Plan": {
      "Node Type": "Aggregate",
      "Strategy": "Plain",
      "Partial Mode": "Finalize",
      "Parallel Aware": false,
      "Startup Cost": 46040.78,
      "Total Cost": 46040.79,
      "Plan Rows": 1,
      "Plan Width": 8,
      "Actual Startup Time": 127.249,
      "Actual Total Time": 141.045,
      "Actual Rows": 1,
      "Actual Loops": 1,
      "Plans": [
        {
          "Node Type": "Gather",
          "Parent Relationship": "Outer",
          "Parallel Aware": false,
          "Startup Cost": 46040.36,
          "Total Cost": 46040.77,
          "Plan Rows": 4,
          "Plan Width": 8,
          "Actual Startup Time": 127.07,
          "Actual Total Time": 141.034,
          "Actual Rows": 5,
          "Actual Loops": 1,
          "Workers Planned": 4,
          "Workers Launched": 4,
          "Single Copy": false,
          "Plans": [
            {
              "Node Type": "Aggregate",
              "Strategy": "Plain",
              "Partial Mode": "Partial",
              "Parent Relationship": "Outer",
              "Parallel Aware": false,
              "Startup Cost": 45040.36,
              "Total Cost": 45040.37,
              "Plan Rows": 1,
              "Plan Width": 8,
              "Actual Startup Time": 121.06,
              "Actual Total Time": 121.062,
              "Actual Rows": 1,
              "Actual Loops": 5,
              "Plans": [
                {
                  "Node Type": "Seq Scan",
                  "Parent Relationship": "Outer",
                  "Parallel Aware": true,
                  "Relation Name": "title",
                  "Alias": "t",
                  "Startup Cost": 0.0,
                  "Total Cost": 43899.32,
                  "Plan Rows": 456415,
                  "Plan Width": 0,
                  "Actual Startup Time": 0.029,
                  "Actual Total Time": 100.339,
                  "Actual Rows": 362649,
                  "Actual Loops": 5,
                  "Filter": "(production_year > 1987)",
                  "Rows Removed by Filter": 143013
                }
              ]
            }
          ]
        }
      ]
    },
    "Planning Time": 0.156,
    "Triggers": [],
    "Execution Time": 141.103
  }
]